<?xml version="1.0" encoding="UTF-8" ?>
<testsuite tests="5" failures="0" name="org.activiti.examples.bpmn.authorization.StartAuthorizationTest" time="0.113" errors="5" skipped="0">
  <properties>
    <property name="idea.version" value="2022.3.1"/>
    <property name="java.runtime.name" value="Java(TM) SE Runtime Environment"/>
    <property name="sun.boot.library.path" value="C:\Program Files\Java\jdk1.8.0_351\jre\bin"/>
    <property name="java.vm.version" value="25.351-b10"/>
    <property name="java.vm.vendor" value="Oracle Corporation"/>
    <property name="java.vendor.url" value="http://java.oracle.com/"/>
    <property name="path.separator" value=";"/>
    <property name="java.vm.name" value="Java HotSpot(TM) 64-Bit Server VM"/>
    <property name="file.encoding.pkg" value="sun.io"/>
    <property name="user.script" value=""/>
    <property name="user.country" value="CN"/>
    <property name="sun.java.launcher" value="SUN_STANDARD"/>
    <property name="sun.os.patch.level" value=""/>
    <property name="java.vm.specification.name" value="Java Virtual Machine Specification"/>
    <property name="user.dir" value="D:\xinchuang\activiti-engine-5.19.0.2"/>
    <property name="java.runtime.version" value="1.8.0_351-b10"/>
    <property name="java.awt.graphicsenv" value="sun.awt.Win32GraphicsEnvironment"/>
    <property name="basedir" value="D:\xinchuang\activiti-engine-5.19.0.2"/>
    <property name="java.endorsed.dirs" value="C:\Program Files\Java\jdk1.8.0_351\jre\lib\endorsed"/>
    <property name="os.arch" value="amd64"/>
    <property name="surefire.real.class.path" value="D:\xinchuang\activiti-engine-5.19.0.2\target\surefire\surefirebooter2972839343429811619.jar"/>
    <property name="java.io.tmpdir" value="C:\Users\ryan\AppData\Local\Temp\"/>
    <property name="line.separator" value="
"/>
    <property name="java.vm.specification.vendor" value="Oracle Corporation"/>
    <property name="user.variant" value=""/>
    <property name="os.name" value="Windows 11"/>
    <property name="sun.jnu.encoding" value="GBK"/>
    <property name="java.library.path" value="C:\Program Files\Java\jdk1.8.0_351\jre\bin;C:\WINDOWS\Sun\Java\bin;C:\WINDOWS\system32;C:\WINDOWS;C:\Program Files (x86)\Common Files\Oracle\Java\javapath;D:\Program Files (x86)\VMware\VMware Workstation\bin\;C:\ProgramData\Oracle\Java\javapath;C:\WINDOWS\system32;C:\WINDOWS;C:\WINDOWS\System32\Wbem;C:\WINDOWS\System32\WindowsPowerShell\v1.0\;C:\WINDOWS\System32\OpenSSH\;d:\Program Files\Git\cmd;D:\Program Files\apache-maven-3.6.1\bin;C:\Program Files\Java\jdk1.8.0_351\bin;D:\Program Files\nodejs\;C:\Program Files\Bandizip\;D:\Program Files (x86)\NetSarang\Xshell 7\;D:\Program Files (x86)\NetSarang\Xftp 7\;D:\Program Files\cmder;;C:\Program Files (x86)\Tencent\微信web开发者工具\dll;C:\Users\ryan\.app\;C:\Users\ryan\AppData\Local\Programs\Python\Python38\Scripts\;C:\Users\ryan\AppData\Local\Programs\Python\Python38\;C:\Users\ryan\AppData\Local\Microsoft\WindowsApps;D:\Program Files\Microsoft VS Code\bin;C:\Users\ryan\AppData\Roaming\npm;d:\Program Files\JetBrains\IntelliJ IDEA 2020.3\bin;;d:\Program Files\JetBrains\DataGrip 2021.1.3\bin;;;."/>
    <property name="surefire.test.class.path" value="D:\xinchuang\activiti-engine-5.19.0.2\target\test-classes;D:\xinchuang\activiti-engine-5.19.0.2\target\classes;D:\Program Files\apache-maven-3.6.1\shanxi\org\activiti\activiti-bpmn-converter\5.19.0.2\activiti-bpmn-converter-5.19.0.2.jar;D:\Program Files\apache-maven-3.6.1\shanxi\org\activiti\activiti-bpmn-model\5.19.0.2\activiti-bpmn-model-5.19.0.2.jar;D:\Program Files\apache-maven-3.6.1\shanxi\com\fasterxml\jackson\core\jackson-core\2.2.3\jackson-core-2.2.3.jar;D:\Program Files\apache-maven-3.6.1\shanxi\com\fasterxml\jackson\core\jackson-databind\2.2.3\jackson-databind-2.2.3.jar;D:\Program Files\apache-maven-3.6.1\shanxi\com\fasterxml\jackson\core\jackson-annotations\2.2.3\jackson-annotations-2.2.3.jar;D:\Program Files\apache-maven-3.6.1\shanxi\org\activiti\activiti-process-validation\5.19.0.2\activiti-process-validation-5.19.0.2.jar;D:\Program Files\apache-maven-3.6.1\shanxi\org\activiti\activiti-image-generator\5.19.0.2\activiti-image-generator-5.19.0.2.jar;D:\Program Files\apache-maven-3.6.1\shanxi\org\apache\commons\commons-email\1.4\commons-email-1.4.jar;D:\Program Files\apache-maven-3.6.1\shanxi\com\sun\mail\javax.mail\1.5.2\javax.mail-1.5.2.jar;D:\Program Files\apache-maven-3.6.1\shanxi\javax\activation\activation\1.1.1\activation-1.1.1.jar;D:\Program Files\apache-maven-3.6.1\shanxi\org\apache\commons\commons-lang3\3.3.2\commons-lang3-3.3.2.jar;D:\Program Files\apache-maven-3.6.1\shanxi\org\mybatis\mybatis\3.3.0\mybatis-3.3.0.jar;D:\Program Files\apache-maven-3.6.1\shanxi\org\springframework\spring-beans\4.1.5.RELEASE\spring-beans-4.1.5.RELEASE.jar;D:\Program Files\apache-maven-3.6.1\shanxi\org\springframework\spring-core\4.1.5.RELEASE\spring-core-4.1.5.RELEASE.jar;D:\Program Files\apache-maven-3.6.1\shanxi\junit\junit\4.11\junit-4.11.jar;D:\Program Files\apache-maven-3.6.1\shanxi\org\hamcrest\hamcrest-core\1.3\hamcrest-core-1.3.jar;D:\Program Files\apache-maven-3.6.1\shanxi\org\codehaus\groovy\groovy-all\2.4.3\groovy-all-2.4.3.jar;D:\Program Files\apache-maven-3.6.1\shanxi\org\drools\drools-core\5.5.0.Final\drools-core-5.5.0.Final.jar;D:\Program Files\apache-maven-3.6.1\shanxi\org\mvel\mvel2\2.1.3.Final\mvel2-2.1.3.Final.jar;D:\Program Files\apache-maven-3.6.1\shanxi\org\drools\knowledge-api\5.5.0.Final\knowledge-api-5.5.0.Final.jar;D:\Program Files\apache-maven-3.6.1\shanxi\org\drools\knowledge-internal-api\5.5.0.Final\knowledge-internal-api-5.5.0.Final.jar;D:\Program Files\apache-maven-3.6.1\shanxi\org\drools\drools-compiler\5.5.0.Final\drools-compiler-5.5.0.Final.jar;D:\Program Files\apache-maven-3.6.1\shanxi\org\antlr\antlr-runtime\3.3\antlr-runtime-3.3.jar;D:\Program Files\apache-maven-3.6.1\shanxi\org\antlr\antlr\3.3\antlr-3.3.jar;D:\Program Files\apache-maven-3.6.1\shanxi\org\antlr\stringtemplate\3.2.1\stringtemplate-3.2.1.jar;D:\Program Files\apache-maven-3.6.1\shanxi\antlr\antlr\2.7.7\antlr-2.7.7.jar;D:\Program Files\apache-maven-3.6.1\shanxi\org\eclipse\jdt\core\compiler\ecj\3.5.1\ecj-3.5.1.jar;D:\Program Files\apache-maven-3.6.1\shanxi\com\thoughtworks\xstream\xstream\1.4.1\xstream-1.4.1.jar;D:\Program Files\apache-maven-3.6.1\shanxi\xmlpull\xmlpull\1.1.3.1\xmlpull-1.1.3.1.jar;D:\Program Files\apache-maven-3.6.1\shanxi\xpp3\xpp3_min\1.1.4c\xpp3_min-1.1.4c.jar;D:\Program Files\apache-maven-3.6.1\shanxi\javax\persistence\persistence-api\1.0\persistence-api-1.0.jar;D:\Program Files\apache-maven-3.6.1\shanxi\org\apache\geronimo\specs\geronimo-jta_1.1_spec\1.1.1\geronimo-jta_1.1_spec-1.1.1.jar;D:\Program Files\apache-maven-3.6.1\shanxi\javax\enterprise\concurrent\javax.enterprise.concurrent-api\1.0\javax.enterprise.concurrent-api-1.0.jar;D:\Program Files\apache-maven-3.6.1\shanxi\com\h2database\h2\1.3.176\h2-1.3.176.jar;D:\Program Files\apache-maven-3.6.1\shanxi\org\mockito\mockito-core\1.8.2\mockito-core-1.8.2.jar;D:\Program Files\apache-maven-3.6.1\shanxi\org\objenesis\objenesis\1.0\objenesis-1.0.jar;D:\Program Files\apache-maven-3.6.1\shanxi\org\apache\openjpa\openjpa\1.2.2\openjpa-1.2.2.jar;D:\Program Files\apache-maven-3.6.1\shanxi\net\sourceforge\serp\serp\1.13.1\serp-1.13.1.jar;D:\Program Files\apache-maven-3.6.1\shanxi\commons-lang\commons-lang\2.1\commons-lang-2.1.jar;D:\Program Files\apache-maven-3.6.1\shanxi\commons-collections\commons-collections\3.2\commons-collections-3.2.jar;D:\Program Files\apache-maven-3.6.1\shanxi\commons-pool\commons-pool\1.3\commons-pool-1.3.jar;D:\Program Files\apache-maven-3.6.1\shanxi\org\apache\geronimo\specs\geronimo-jms_1.1_spec\1.0.1\geronimo-jms_1.1_spec-1.0.1.jar;D:\Program Files\apache-maven-3.6.1\shanxi\org\apache\geronimo\specs\geronimo-jpa_3.0_spec\1.0\geronimo-jpa_3.0_spec-1.0.jar;D:\Program Files\apache-maven-3.6.1\shanxi\org\subethamail\subethasmtp-wiser\1.2\subethasmtp-wiser-1.2.jar;D:\Program Files\apache-maven-3.6.1\shanxi\org\subethamail\subethasmtp-smtp\1.2\subethasmtp-smtp-1.2.jar;D:\Program Files\apache-maven-3.6.1\shanxi\javax\mail\mail\1.4.1\mail-1.4.1.jar;D:\Program Files\apache-maven-3.6.1\shanxi\mysql\mysql-connector-java\5.1.27\mysql-connector-java-5.1.27.jar;D:\Program Files\apache-maven-3.6.1\shanxi\org\postgresql\postgresql\9.4-1201-jdbc4\postgresql-9.4-1201-jdbc4.jar;D:\Program Files\apache-maven-3.6.1\shanxi\net\sourceforge\jtds\jtds\1.3.0\jtds-1.3.0.jar;D:\Program Files\apache-maven-3.6.1\shanxi\com\fasterxml\uuid\java-uuid-generator\3.1.3\java-uuid-generator-3.1.3.jar;D:\Program Files\apache-maven-3.6.1\shanxi\log4j\log4j\1.2.13\log4j-1.2.13.jar;D:\Program Files\apache-maven-3.6.1\shanxi\commons-io\commons-io\2.0.1\commons-io-2.0.1.jar;D:\Program Files\apache-maven-3.6.1\shanxi\joda-time\joda-time\2.6\joda-time-2.6.jar;D:\Program Files\apache-maven-3.6.1\shanxi\org\slf4j\slf4j-api\1.7.6\slf4j-api-1.7.6.jar;D:\Program Files\apache-maven-3.6.1\shanxi\org\slf4j\jcl-over-slf4j\1.7.6\jcl-over-slf4j-1.7.6.jar;D:\Program Files\apache-maven-3.6.1\shanxi\org\slf4j\slf4j-log4j12\1.7.6\slf4j-log4j12-1.7.6.jar;D:\Program Files\apache-maven-3.6.1\shanxi\com\googlecode\catch-exception\catch-exception\1.2.0\catch-exception-1.2.0.jar;D:\Program Files\apache-maven-3.6.1\shanxi\org\codehaus\btm\btm\2.1.3\btm-2.1.3.jar;D:\Program Files\apache-maven-3.6.1\shanxi\javax\transaction\jta\1.1\jta-1.1.jar;"/>
    <property name="sun.awt.enableExtraMouseButtons" value="true"/>
    <property name="java.specification.name" value="Java Platform API Specification"/>
    <property name="java.class.version" value="52.0"/>
    <property name="sun.management.compiler" value="HotSpot 64-Bit Tiered Compilers"/>
    <property name="maven.repo.local" value="D:\Program Files\apache-maven-3.6.1\shanxi"/>
    <property name="os.version" value="10.0"/>
    <property name="user.home" value="C:\Users\ryan"/>
    <property name="user.timezone" value="Asia/Shanghai"/>
    <property name="java.awt.printerjob" value="sun.awt.windows.WPrinterJob"/>
    <property name="java.specification.version" value="1.8"/>
    <property name="file.encoding" value="GBK"/>
    <property name="user.name" value="ryan"/>
    <property name="java.class.path" value="D:\xinchuang\activiti-engine-5.19.0.2\target\test-classes;D:\xinchuang\activiti-engine-5.19.0.2\target\classes;D:\Program Files\apache-maven-3.6.1\shanxi\org\activiti\activiti-bpmn-converter\5.19.0.2\activiti-bpmn-converter-5.19.0.2.jar;D:\Program Files\apache-maven-3.6.1\shanxi\org\activiti\activiti-bpmn-model\5.19.0.2\activiti-bpmn-model-5.19.0.2.jar;D:\Program Files\apache-maven-3.6.1\shanxi\com\fasterxml\jackson\core\jackson-core\2.2.3\jackson-core-2.2.3.jar;D:\Program Files\apache-maven-3.6.1\shanxi\com\fasterxml\jackson\core\jackson-databind\2.2.3\jackson-databind-2.2.3.jar;D:\Program Files\apache-maven-3.6.1\shanxi\com\fasterxml\jackson\core\jackson-annotations\2.2.3\jackson-annotations-2.2.3.jar;D:\Program Files\apache-maven-3.6.1\shanxi\org\activiti\activiti-process-validation\5.19.0.2\activiti-process-validation-5.19.0.2.jar;D:\Program Files\apache-maven-3.6.1\shanxi\org\activiti\activiti-image-generator\5.19.0.2\activiti-image-generator-5.19.0.2.jar;D:\Program Files\apache-maven-3.6.1\shanxi\org\apache\commons\commons-email\1.4\commons-email-1.4.jar;D:\Program Files\apache-maven-3.6.1\shanxi\com\sun\mail\javax.mail\1.5.2\javax.mail-1.5.2.jar;D:\Program Files\apache-maven-3.6.1\shanxi\javax\activation\activation\1.1.1\activation-1.1.1.jar;D:\Program Files\apache-maven-3.6.1\shanxi\org\apache\commons\commons-lang3\3.3.2\commons-lang3-3.3.2.jar;D:\Program Files\apache-maven-3.6.1\shanxi\org\mybatis\mybatis\3.3.0\mybatis-3.3.0.jar;D:\Program Files\apache-maven-3.6.1\shanxi\org\springframework\spring-beans\4.1.5.RELEASE\spring-beans-4.1.5.RELEASE.jar;D:\Program Files\apache-maven-3.6.1\shanxi\org\springframework\spring-core\4.1.5.RELEASE\spring-core-4.1.5.RELEASE.jar;D:\Program Files\apache-maven-3.6.1\shanxi\junit\junit\4.11\junit-4.11.jar;D:\Program Files\apache-maven-3.6.1\shanxi\org\hamcrest\hamcrest-core\1.3\hamcrest-core-1.3.jar;D:\Program Files\apache-maven-3.6.1\shanxi\org\codehaus\groovy\groovy-all\2.4.3\groovy-all-2.4.3.jar;D:\Program Files\apache-maven-3.6.1\shanxi\org\drools\drools-core\5.5.0.Final\drools-core-5.5.0.Final.jar;D:\Program Files\apache-maven-3.6.1\shanxi\org\mvel\mvel2\2.1.3.Final\mvel2-2.1.3.Final.jar;D:\Program Files\apache-maven-3.6.1\shanxi\org\drools\knowledge-api\5.5.0.Final\knowledge-api-5.5.0.Final.jar;D:\Program Files\apache-maven-3.6.1\shanxi\org\drools\knowledge-internal-api\5.5.0.Final\knowledge-internal-api-5.5.0.Final.jar;D:\Program Files\apache-maven-3.6.1\shanxi\org\drools\drools-compiler\5.5.0.Final\drools-compiler-5.5.0.Final.jar;D:\Program Files\apache-maven-3.6.1\shanxi\org\antlr\antlr-runtime\3.3\antlr-runtime-3.3.jar;D:\Program Files\apache-maven-3.6.1\shanxi\org\antlr\antlr\3.3\antlr-3.3.jar;D:\Program Files\apache-maven-3.6.1\shanxi\org\antlr\stringtemplate\3.2.1\stringtemplate-3.2.1.jar;D:\Program Files\apache-maven-3.6.1\shanxi\antlr\antlr\2.7.7\antlr-2.7.7.jar;D:\Program Files\apache-maven-3.6.1\shanxi\org\eclipse\jdt\core\compiler\ecj\3.5.1\ecj-3.5.1.jar;D:\Program Files\apache-maven-3.6.1\shanxi\com\thoughtworks\xstream\xstream\1.4.1\xstream-1.4.1.jar;D:\Program Files\apache-maven-3.6.1\shanxi\xmlpull\xmlpull\1.1.3.1\xmlpull-1.1.3.1.jar;D:\Program Files\apache-maven-3.6.1\shanxi\xpp3\xpp3_min\1.1.4c\xpp3_min-1.1.4c.jar;D:\Program Files\apache-maven-3.6.1\shanxi\javax\persistence\persistence-api\1.0\persistence-api-1.0.jar;D:\Program Files\apache-maven-3.6.1\shanxi\org\apache\geronimo\specs\geronimo-jta_1.1_spec\1.1.1\geronimo-jta_1.1_spec-1.1.1.jar;D:\Program Files\apache-maven-3.6.1\shanxi\javax\enterprise\concurrent\javax.enterprise.concurrent-api\1.0\javax.enterprise.concurrent-api-1.0.jar;D:\Program Files\apache-maven-3.6.1\shanxi\com\h2database\h2\1.3.176\h2-1.3.176.jar;D:\Program Files\apache-maven-3.6.1\shanxi\org\mockito\mockito-core\1.8.2\mockito-core-1.8.2.jar;D:\Program Files\apache-maven-3.6.1\shanxi\org\objenesis\objenesis\1.0\objenesis-1.0.jar;D:\Program Files\apache-maven-3.6.1\shanxi\org\apache\openjpa\openjpa\1.2.2\openjpa-1.2.2.jar;D:\Program Files\apache-maven-3.6.1\shanxi\net\sourceforge\serp\serp\1.13.1\serp-1.13.1.jar;D:\Program Files\apache-maven-3.6.1\shanxi\commons-lang\commons-lang\2.1\commons-lang-2.1.jar;D:\Program Files\apache-maven-3.6.1\shanxi\commons-collections\commons-collections\3.2\commons-collections-3.2.jar;D:\Program Files\apache-maven-3.6.1\shanxi\commons-pool\commons-pool\1.3\commons-pool-1.3.jar;D:\Program Files\apache-maven-3.6.1\shanxi\org\apache\geronimo\specs\geronimo-jms_1.1_spec\1.0.1\geronimo-jms_1.1_spec-1.0.1.jar;D:\Program Files\apache-maven-3.6.1\shanxi\org\apache\geronimo\specs\geronimo-jpa_3.0_spec\1.0\geronimo-jpa_3.0_spec-1.0.jar;D:\Program Files\apache-maven-3.6.1\shanxi\org\subethamail\subethasmtp-wiser\1.2\subethasmtp-wiser-1.2.jar;D:\Program Files\apache-maven-3.6.1\shanxi\org\subethamail\subethasmtp-smtp\1.2\subethasmtp-smtp-1.2.jar;D:\Program Files\apache-maven-3.6.1\shanxi\javax\mail\mail\1.4.1\mail-1.4.1.jar;D:\Program Files\apache-maven-3.6.1\shanxi\mysql\mysql-connector-java\5.1.27\mysql-connector-java-5.1.27.jar;D:\Program Files\apache-maven-3.6.1\shanxi\org\postgresql\postgresql\9.4-1201-jdbc4\postgresql-9.4-1201-jdbc4.jar;D:\Program Files\apache-maven-3.6.1\shanxi\net\sourceforge\jtds\jtds\1.3.0\jtds-1.3.0.jar;D:\Program Files\apache-maven-3.6.1\shanxi\com\fasterxml\uuid\java-uuid-generator\3.1.3\java-uuid-generator-3.1.3.jar;D:\Program Files\apache-maven-3.6.1\shanxi\log4j\log4j\1.2.13\log4j-1.2.13.jar;D:\Program Files\apache-maven-3.6.1\shanxi\commons-io\commons-io\2.0.1\commons-io-2.0.1.jar;D:\Program Files\apache-maven-3.6.1\shanxi\joda-time\joda-time\2.6\joda-time-2.6.jar;D:\Program Files\apache-maven-3.6.1\shanxi\org\slf4j\slf4j-api\1.7.6\slf4j-api-1.7.6.jar;D:\Program Files\apache-maven-3.6.1\shanxi\org\slf4j\jcl-over-slf4j\1.7.6\jcl-over-slf4j-1.7.6.jar;D:\Program Files\apache-maven-3.6.1\shanxi\org\slf4j\slf4j-log4j12\1.7.6\slf4j-log4j12-1.7.6.jar;D:\Program Files\apache-maven-3.6.1\shanxi\com\googlecode\catch-exception\catch-exception\1.2.0\catch-exception-1.2.0.jar;D:\Program Files\apache-maven-3.6.1\shanxi\org\codehaus\btm\btm\2.1.3\btm-2.1.3.jar;D:\Program Files\apache-maven-3.6.1\shanxi\javax\transaction\jta\1.1\jta-1.1.jar;"/>
    <property name="java.vm.specification.version" value="1.8"/>
    <property name="sun.arch.data.model" value="64"/>
    <property name="java.home" value="C:\Program Files\Java\jdk1.8.0_351\jre"/>
    <property name="sun.java.command" value="D:\xinchuang\activiti-engine-5.19.0.2\target\surefire\surefirebooter2972839343429811619.jar D:\xinchuang\activiti-engine-5.19.0.2\target\surefire\surefire1197127065150889766tmp D:\xinchuang\activiti-engine-5.19.0.2\target\surefire\surefire3285776718944652178tmp"/>
    <property name="java.specification.vendor" value="Oracle Corporation"/>
    <property name="user.language" value="en"/>
    <property name="awt.toolkit" value="sun.awt.windows.WToolkit"/>
    <property name="java.vm.info" value="mixed mode"/>
    <property name="java.version" value="1.8.0_351"/>
    <property name="java.ext.dirs" value="C:\Program Files\Java\jdk1.8.0_351\jre\lib\ext;C:\WINDOWS\Sun\Java\lib\ext"/>
    <property name="sun.boot.class.path" value="C:\Program Files\Java\jdk1.8.0_351\jre\lib\resources.jar;C:\Program Files\Java\jdk1.8.0_351\jre\lib\rt.jar;C:\Program Files\Java\jdk1.8.0_351\jre\lib\jsse.jar;C:\Program Files\Java\jdk1.8.0_351\jre\lib\jce.jar;C:\Program Files\Java\jdk1.8.0_351\jre\lib\charsets.jar;C:\Program Files\Java\jdk1.8.0_351\jre\lib\jfr.jar;C:\Program Files\Java\jdk1.8.0_351\jre\classes"/>
    <property name="java.vendor" value="Oracle Corporation"/>
    <property name="java.specification.maintenance.version" value="4"/>
    <property name="localRepository" value="D:\Program Files\apache-maven-3.6.1\shanxi"/>
    <property name="file.separator" value="\"/>
    <property name="java.vendor.url.bug" value="http://bugreport.sun.com/bugreport/"/>
    <property name="sun.cpu.endian" value="little"/>
    <property name="sun.io.unicode.encoding" value="UnicodeLittle"/>
    <property name="sun.desktop" value="windows"/>
    <property name="sun.cpu.isalist" value="amd64"/>
  </properties>
  <testcase classname="org.activiti.examples.bpmn.authorization.StartAuthorizationTest" name="testIdentityLinks" time="0.03">
    <error message="
### Error querying database.  Cause: org.h2.jdbc.JdbcSQLException: Syntax error in SQL statement &quot;SELECT RES.* 
       
    FROM ACT_RE_PROCDEF RES
     
     WHERE  RES.DEPLOYMENT_ID_ = ? 
   
     ORDER BY  ORDER[*] BY RES.ID_ ASC  
    LIMIT ? OFFSET ? &quot;; expected &quot;=, NOT, EXISTS, INTERSECTS, SELECT, FROM&quot;; SQL statement:
select RES.* 
       
    from ACT_RE_PROCDEF RES
     
     WHERE  RES.DEPLOYMENT_ID_ = ? 
   
     order by  order by RES.ID_ asc  
    LIMIT ? OFFSET ? [42001-176]
### The error may exist in org/activiti/db/mapping/entity/ProcessDefinition.xml
### The error may involve org.activiti.engine.impl.persistence.entity.ProcessDefinitionEntity.selectProcessDefinitionsByQueryCriteria
### The error occurred while executing a query
### SQL: select RES.*              from ACT_RE_PROCDEF RES            WHERE  RES.DEPLOYMENT_ID_ = ?           order by  order by RES.ID_ asc       LIMIT ? OFFSET ?
### Cause: org.h2.jdbc.JdbcSQLException: Syntax error in SQL statement &quot;SELECT RES.* 
       
    FROM ACT_RE_PROCDEF RES
     
     WHERE  RES.DEPLOYMENT_ID_ = ? 
   
     ORDER BY  ORDER[*] BY RES.ID_ ASC  
    LIMIT ? OFFSET ? &quot;; expected &quot;=, NOT, EXISTS, INTERSECTS, SELECT, FROM&quot;; SQL statement:
select RES.* 
       
    from ACT_RE_PROCDEF RES
     
     WHERE  RES.DEPLOYMENT_ID_ = ? 
   
     order by  order by RES.ID_ asc  
    LIMIT ? OFFSET ? [42001-176]" type="org.apache.ibatis.exceptions.PersistenceException">org.apache.ibatis.exceptions.PersistenceException: 
### Error querying database.  Cause: org.h2.jdbc.JdbcSQLException: Syntax error in SQL statement &quot;SELECT RES.* 
       
    FROM ACT_RE_PROCDEF RES
     
     WHERE  RES.DEPLOYMENT_ID_ = ? 
   
     ORDER BY  ORDER[*] BY RES.ID_ ASC  
    LIMIT ? OFFSET ? &quot;; expected &quot;=, NOT, EXISTS, INTERSECTS, SELECT, FROM&quot;; SQL statement:
select RES.* 
       
    from ACT_RE_PROCDEF RES
     
     WHERE  RES.DEPLOYMENT_ID_ = ? 
   
     order by  order by RES.ID_ asc  
    LIMIT ? OFFSET ? [42001-176]
### The error may exist in org/activiti/db/mapping/entity/ProcessDefinition.xml
### The error may involve org.activiti.engine.impl.persistence.entity.ProcessDefinitionEntity.selectProcessDefinitionsByQueryCriteria
### The error occurred while executing a query
### SQL: select RES.*              from ACT_RE_PROCDEF RES            WHERE  RES.DEPLOYMENT_ID_ = ?           order by  order by RES.ID_ asc       LIMIT ? OFFSET ?
### Cause: org.h2.jdbc.JdbcSQLException: Syntax error in SQL statement &quot;SELECT RES.* 
       
    FROM ACT_RE_PROCDEF RES
     
     WHERE  RES.DEPLOYMENT_ID_ = ? 
   
     ORDER BY  ORDER[*] BY RES.ID_ ASC  
    LIMIT ? OFFSET ? &quot;; expected &quot;=, NOT, EXISTS, INTERSECTS, SELECT, FROM&quot;; SQL statement:
select RES.* 
       
    from ACT_RE_PROCDEF RES
     
     WHERE  RES.DEPLOYMENT_ID_ = ? 
   
     order by  order by RES.ID_ asc  
    LIMIT ? OFFSET ? [42001-176]
	at org.apache.ibatis.exceptions.ExceptionFactory.wrapException(ExceptionFactory.java:30)
	at org.apache.ibatis.session.defaults.DefaultSqlSession.selectList(DefaultSqlSession.java:122)
	at org.apache.ibatis.session.defaults.DefaultSqlSession.selectList(DefaultSqlSession.java:113)
	at org.activiti.engine.impl.db.DbSqlSession.selectListWithRawParameter(DbSqlSession.java:438)
	at org.activiti.engine.impl.db.DbSqlSession.selectList(DbSqlSession.java:429)
	at org.activiti.engine.impl.db.DbSqlSession.selectList(DbSqlSession.java:419)
	at org.activiti.engine.impl.persistence.entity.ProcessDefinitionEntityManager.findProcessDefinitionsByQueryCriteria(ProcessDefinitionEntityManager.java:57)
	at org.activiti.engine.impl.ProcessDefinitionQueryImpl.executeList(ProcessDefinitionQueryImpl.java:307)
	at org.activiti.engine.impl.AbstractQuery.list(AbstractQuery.java:140)
	at org.activiti.engine.impl.persistence.deploy.DeploymentManager.removeDeployment(DeploymentManager.java:187)
	at org.activiti.engine.impl.cmd.DeleteDeploymentCmd.execute(DeleteDeploymentCmd.java:44)
	at org.activiti.engine.impl.cmd.DeleteDeploymentCmd.execute(DeleteDeploymentCmd.java:24)
	at org.activiti.engine.impl.interceptor.CommandInvoker.execute(CommandInvoker.java:24)
	at org.activiti.engine.impl.interceptor.CommandContextInterceptor.execute(CommandContextInterceptor.java:57)
	at org.activiti.engine.impl.interceptor.LogInterceptor.execute(LogInterceptor.java:37)
	at org.activiti.engine.impl.cfg.CommandExecutorImpl.execute(CommandExecutorImpl.java:40)
	at org.activiti.engine.impl.cfg.CommandExecutorImpl.execute(CommandExecutorImpl.java:35)
	at org.activiti.engine.impl.RepositoryServiceImpl.deleteDeployment(RepositoryServiceImpl.java:90)
	at org.activiti.engine.impl.test.TestHelper.annotationDeploymentTearDown(TestHelper.java:116)
	at org.activiti.engine.impl.test.AbstractActivitiTestCase.runBare(AbstractActivitiTestCase.java:116)
	at junit.framework.TestResult$1.protect(TestResult.java:122)
	at junit.framework.TestResult.runProtected(TestResult.java:142)
	at junit.framework.TestResult.run(TestResult.java:125)
	at junit.framework.TestCase.run(TestCase.java:129)
	at junit.framework.TestSuite.runTest(TestSuite.java:255)
	at junit.framework.TestSuite.run(TestSuite.java:250)
	at org.junit.internal.runners.JUnit38ClassRunner.run(JUnit38ClassRunner.java:84)
	at org.apache.maven.surefire.junit4.JUnit4TestSet.execute(JUnit4TestSet.java:35)
	at org.apache.maven.surefire.junit4.JUnit4Provider.executeTestSet(JUnit4Provider.java:146)
	at org.apache.maven.surefire.junit4.JUnit4Provider.invoke(JUnit4Provider.java:97)
	at sun.reflect.NativeMethodAccessorImpl.invoke0(Native Method)
	at sun.reflect.NativeMethodAccessorImpl.invoke(NativeMethodAccessorImpl.java:62)
	at sun.reflect.DelegatingMethodAccessorImpl.invoke(DelegatingMethodAccessorImpl.java:43)
	at java.lang.reflect.Method.invoke(Method.java:498)
	at org.apache.maven.surefire.booter.ProviderFactory$ClassLoaderProxy.invoke(ProviderFactory.java:103)
	at com.sun.proxy.$Proxy0.invoke(Unknown Source)
	at org.apache.maven.surefire.booter.SurefireStarter.invokeProvider(SurefireStarter.java:145)
	at org.apache.maven.surefire.booter.SurefireStarter.runSuitesInProcess(SurefireStarter.java:87)
	at org.apache.maven.surefire.booter.ForkedBooter.main(ForkedBooter.java:69)
Caused by: org.h2.jdbc.JdbcSQLException: Syntax error in SQL statement &quot;SELECT RES.* 
       
    FROM ACT_RE_PROCDEF RES
     
     WHERE  RES.DEPLOYMENT_ID_ = ? 
   
     ORDER BY  ORDER[*] BY RES.ID_ ASC  
    LIMIT ? OFFSET ? &quot;; expected &quot;=, NOT, EXISTS, INTERSECTS, SELECT, FROM&quot;; SQL statement:
select RES.* 
       
    from ACT_RE_PROCDEF RES
     
     WHERE  RES.DEPLOYMENT_ID_ = ? 
   
     order by  order by RES.ID_ asc  
    LIMIT ? OFFSET ? [42001-176]
	at org.h2.message.DbException.getJdbcSQLException(DbException.java:344)
	at org.h2.message.DbException.getSyntaxError(DbException.java:204)
	at org.h2.command.Parser.getSyntaxError(Parser.java:524)
	at org.h2.command.Parser.readTerm(Parser.java:2688)
	at org.h2.command.Parser.readFactor(Parser.java:2244)
	at org.h2.command.Parser.readSum(Parser.java:2231)
	at org.h2.command.Parser.readConcat(Parser.java:2201)
	at org.h2.command.Parser.readCondition(Parser.java:2051)
	at org.h2.command.Parser.readAnd(Parser.java:2023)
	at org.h2.command.Parser.readExpression(Parser.java:2015)
	at org.h2.command.Parser.parseEndOfQuery(Parser.java:1726)
	at org.h2.command.Parser.parseSelectUnionExtension(Parser.java:1706)
	at org.h2.command.Parser.parseSelectUnion(Parser.java:1675)
	at org.h2.command.Parser.parseSelect(Parser.java:1662)
	at org.h2.command.Parser.parsePrepared(Parser.java:434)
	at org.h2.command.Parser.parse(Parser.java:306)
	at org.h2.command.Parser.parse(Parser.java:282)
	at org.h2.command.Parser.prepareCommand(Parser.java:243)
	at org.h2.engine.Session.prepareLocal(Session.java:442)
	at org.h2.engine.Session.prepareCommand(Session.java:384)
	at org.h2.jdbc.JdbcConnection.prepareCommand(JdbcConnection.java:1188)
	at org.h2.jdbc.JdbcPreparedStatement.&lt;init&gt;(JdbcPreparedStatement.java:73)
	at org.h2.jdbc.JdbcConnection.prepareStatement(JdbcConnection.java:276)
	at sun.reflect.GeneratedMethodAccessor6.invoke(Unknown Source)
	at sun.reflect.DelegatingMethodAccessorImpl.invoke(DelegatingMethodAccessorImpl.java:43)
	at java.lang.reflect.Method.invoke(Method.java:498)
	at org.apache.ibatis.datasource.pooled.PooledConnection.invoke(PooledConnection.java:245)
	at com.sun.proxy.$Proxy12.prepareStatement(Unknown Source)
	at sun.reflect.GeneratedMethodAccessor6.invoke(Unknown Source)
	at sun.reflect.DelegatingMethodAccessorImpl.invoke(DelegatingMethodAccessorImpl.java:43)
	at java.lang.reflect.Method.invoke(Method.java:498)
	at org.apache.ibatis.logging.jdbc.ConnectionLogger.invoke(ConnectionLogger.java:55)
	at com.sun.proxy.$Proxy12.prepareStatement(Unknown Source)
	at org.apache.ibatis.executor.statement.PreparedStatementHandler.instantiateStatement(PreparedStatementHandler.java:79)
	at org.apache.ibatis.executor.statement.BaseStatementHandler.prepare(BaseStatementHandler.java:88)
	at org.apache.ibatis.executor.statement.RoutingStatementHandler.prepare(RoutingStatementHandler.java:58)
	at org.apache.ibatis.executor.SimpleExecutor.prepareStatement(SimpleExecutor.java:76)
	at org.apache.ibatis.executor.SimpleExecutor.doQuery(SimpleExecutor.java:61)
	at org.apache.ibatis.executor.BaseExecutor.queryFromDatabase(BaseExecutor.java:303)
	at org.apache.ibatis.executor.BaseExecutor.query(BaseExecutor.java:154)
	at org.apache.ibatis.executor.CachingExecutor.query(CachingExecutor.java:102)
	at org.apache.ibatis.executor.CachingExecutor.query(CachingExecutor.java:82)
	at org.apache.ibatis.session.defaults.DefaultSqlSession.selectList(DefaultSqlSession.java:120)
	... 37 more
</error>
    <system-out>10:47:59,213 [Thread-112] DEBUG org.activiti.engine.impl.persistence.entity.JobEntity.selectAsyncJobsDueToExecute  - ==&gt;  Preparing: select RES.* from ACT_RU_JOB RES LEFT OUTER JOIN ACT_RU_EXECUTION PI ON PI.ID_ = RES.PROCESS_INSTANCE_ID_ where RES.RETRIES_ &gt; 0 and RES.DUEDATE_ is not null and RES.DUEDATE_ &lt;= ? and (RES.LOCK_EXP_TIME_ is null or RES.LOCK_EXP_TIME_ &lt;= ?) and TYPE_ = &apos;message&apos; and ( (RES.EXECUTION_ID_ is null) or (PI.SUSPENSION_STATE_ = 1) ) LIMIT ? OFFSET ? 
@SLTests run: 2, Failures: 0, Errors: 2, Skipped: 0, Time elapsed: 0.026 sec &lt;&lt;&lt; FAILURE!
10:47:59,213 [Thread-112] DEBUG org.activiti.engine.impl.persistence.entity.JobEntity.selectAsyncJobsDueToExecute  - ==&gt; Parameters: 2023-03-20 10:48:50.669(Timestamp), 2023-03-20 10:48:50.669(Timestamp), 1(Integer), 0(Integer)
10:47:59,213 [Thread-112] DEBUG org.activiti.engine.impl.persistence.entity.JobEntity.selectAsyncJobsDueToExecute  - &lt;==      Total: 0
10:47:59,213 [Thread-112] DEBUG org.activiti.engine.impl.db.DbSqlSession  - flush summary: 0 insert, 0 update, 0 delete.
10:47:59,213 [Thread-112] DEBUG org.activiti.engine.impl.db.DbSqlSession  - now executing flush...
10:47:59,213 [Thread-112] DEBUG org.activiti.engine.impl.cfg.standalone.StandaloneMybatisTransactionContext  - firing event committing...
10:47:59,213 [Thread-112] DEBUG org.activiti.engine.impl.cfg.standalone.StandaloneMybatisTransactionContext  - committing the ibatis sql session...
10:47:59,213 [Thread-112] DEBUG org.activiti.engine.impl.cfg.standalone.StandaloneMybatisTransactionContext  - firing event committed...
10:47:59,213 [Thread-112] DEBUG org.apache.ibatis.transaction.jdbc.JdbcTransaction  - Resetting autocommit to true on JDBC Connection [conn68: url=jdbc:h2:mem:activiti-AsyncExecutorTest user=SA]
10:47:59,213 [Thread-112] DEBUG org.apache.ibatis.transaction.jdbc.JdbcTransaction  - Closing JDBC Connection [conn68: url=jdbc:h2:mem:activiti-AsyncExecutorTest user=SA]
10:47:59,213 [Thread-112] DEBUG org.apache.ibatis.datasource.pooled.PooledDataSource  - Returned connection 58501658 to pool.
10:47:59,213 [Thread-112] DEBUG org.activiti.engine.impl.interceptor.LogInterceptor  - --- AcquireAsyncJobsDueCmd finished --------------------------------------------------------
10:47:59,213 [Thread-112] DEBUG org.activiti.engine.impl.interceptor.LogInterceptor  - 

10:47:59,213 [Thread-112] DEBUG org.activiti.engine.impl.asyncexecutor.AcquireAsyncJobsDueRunnable  - async job acquisition thread sleeping for 50 millis
@SLRunning org.activiti.examples.bpmn.authorization.StartAuthorizationTest
10:47:59,216 [main] DEBUG org.activiti.engine.impl.test.TestHelper  - annotation @Deployment creates deployment for StartAuthorizationTest.testIdentityLinks
10:47:59,217 [main] DEBUG org.activiti.engine.impl.interceptor.LogInterceptor  - 

10:47:59,217 [main] DEBUG org.activiti.engine.impl.interceptor.LogInterceptor  - --- starting DeployCmd --------------------------------------------------------
10:47:59,217 [main] DEBUG org.activiti.engine.impl.bpmn.deployer.BpmnDeployer  - Processing deployment StartAuthorizationTest.testIdentityLinks
10:47:59,217 [main] INFO  org.activiti.engine.impl.bpmn.deployer.BpmnDeployer  - Processing resource org/activiti/examples/bpmn/authorization/StartAuthorizationTest.testIdentityLinks.bpmn20.xml
10:47:59,221 [main] DEBUG org.activiti.engine.impl.bpmn.parser.handler.ProcessParseHandler  - Parsing process process1
10:47:59,221 [main] DEBUG org.activiti.engine.impl.bpmn.parser.handler.AbstractBpmnParseHandler  - Parsing activity start1
10:47:59,221 [main] DEBUG org.activiti.engine.impl.bpmn.parser.handler.AbstractBpmnParseHandler  - Parsing activity end1
10:47:59,221 [main] DEBUG org.activiti.engine.impl.bpmn.parser.handler.ProcessParseHandler  - Parsing process process2
10:47:59,221 [main] DEBUG org.activiti.engine.impl.bpmn.parser.handler.AbstractBpmnParseHandler  - Parsing activity start2
10:47:59,221 [main] DEBUG org.activiti.engine.impl.bpmn.parser.handler.AbstractBpmnParseHandler  - Parsing activity end2
10:47:59,222 [main] DEBUG org.activiti.engine.impl.bpmn.parser.handler.ProcessParseHandler  - Parsing process process3
10:47:59,222 [main] DEBUG org.activiti.engine.impl.bpmn.parser.handler.AbstractBpmnParseHandler  - Parsing activity start3
10:47:59,222 [main] DEBUG org.activiti.engine.impl.bpmn.parser.handler.AbstractBpmnParseHandler  - Parsing activity end3
10:47:59,222 [main] DEBUG org.activiti.engine.impl.bpmn.parser.handler.ProcessParseHandler  - Parsing process process4
10:47:59,222 [main] DEBUG org.activiti.engine.impl.bpmn.parser.handler.AbstractBpmnParseHandler  - Parsing activity start4
10:47:59,222 [main] DEBUG org.activiti.engine.impl.bpmn.parser.handler.AbstractBpmnParseHandler  - Parsing activity end4
10:47:59,222 [main] DEBUG org.apache.ibatis.transaction.jdbc.JdbcTransaction  - Opening JDBC Connection
10:47:59,222 [main] DEBUG org.apache.ibatis.datasource.pooled.PooledDataSource  - Checked out connection 180014677 from pool.
10:47:59,222 [main] DEBUG org.apache.ibatis.transaction.jdbc.JdbcTransaction  - Setting autocommit to false on JDBC Connection [conn3: url=jdbc:h2:mem:activiti user=SA]
10:47:59,222 [main] DEBUG org.activiti.engine.impl.persistence.entity.ProcessDefinitionEntity.selectLatestProcessDefinitionByKey  - ==&gt;  Preparing: select * from ACT_RE_PROCDEF where KEY_ = ? and (TENANT_ID_ = &apos;&apos; or TENANT_ID_ is null) and VERSION_ = (select max(VERSION_) from ACT_RE_PROCDEF where KEY_ = ? and (TENANT_ID_ = &apos;&apos; or TENANT_ID_ is null)) 
10:47:59,222 [main] DEBUG org.activiti.engine.impl.persistence.entity.ProcessDefinitionEntity.selectLatestProcessDefinitionByKey  - ==&gt; Parameters: process1(String), process1(String)
10:47:59,222 [main] DEBUG org.activiti.engine.impl.persistence.entity.ProcessDefinitionEntity.selectLatestProcessDefinitionByKey  - &lt;==      Total: 0
10:47:59,222 [main] DEBUG org.activiti.engine.impl.persistence.entity.JobEntity.selectJobByTypeAndProcessDefinitionKeyNoTenantId  - ==&gt;  Preparing: select J.* from ACT_RU_JOB J inner join ACT_RE_PROCDEF P on J.PROC_DEF_ID_ = P.ID_ where J.HANDLER_TYPE_ = ? and P.KEY_ = ? and (P.TENANT_ID_ = &apos;&apos; or P.TENANT_ID_ is null) 
10:47:59,222 [main] DEBUG org.activiti.engine.impl.persistence.entity.JobEntity.selectJobByTypeAndProcessDefinitionKeyNoTenantId  - ==&gt; Parameters: timer-start-event(String), process1(String)
10:47:59,222 [main] DEBUG org.activiti.engine.impl.persistence.entity.JobEntity.selectJobByTypeAndProcessDefinitionKeyNoTenantId  - &lt;==      Total: 0
10:47:59,222 [main] DEBUG org.activiti.engine.impl.persistence.entity.ProcessDefinitionInfoEntity.selectProcessDefinitionInfoByProcessDefinitionId  - ==&gt;  Preparing: select * from ACT_PROCDEF_INFO where PROC_DEF_ID_ = ? 
10:47:59,222 [main] DEBUG org.activiti.engine.impl.persistence.entity.ProcessDefinitionInfoEntity.selectProcessDefinitionInfoByProcessDefinitionId  - ==&gt; Parameters: process1:1:1331(String)
10:47:59,222 [main] DEBUG org.activiti.engine.impl.persistence.entity.ProcessDefinitionInfoEntity.selectProcessDefinitionInfoByProcessDefinitionId  - &lt;==      Total: 0
10:47:59,222 [main] DEBUG org.activiti.engine.impl.interceptor.LogInterceptor  - 

10:47:59,222 [main] DEBUG org.activiti.engine.impl.interceptor.LogInterceptor  - --- starting GetProcessDefinitionInfoCmd --------------------------------------------------------
10:47:59,222 [main] DEBUG org.activiti.engine.impl.interceptor.CommandContextInterceptor  - Valid context found. Reusing it for the current command &apos;org.activiti.engine.impl.cmd.GetProcessDefinitionInfoCmd&apos;
10:47:59,222 [main] DEBUG org.activiti.engine.impl.interceptor.LogInterceptor  - 

10:47:59,222 [main] DEBUG org.activiti.engine.impl.interceptor.LogInterceptor  - --- starting  --------------------------------------------------------
10:47:59,222 [main] DEBUG org.activiti.engine.impl.interceptor.CommandContextInterceptor  - Valid context found. Reusing it for the current command &apos;null&apos;
10:47:59,222 [main] DEBUG org.activiti.engine.impl.interceptor.LogInterceptor  - ---  finished --------------------------------------------------------
10:47:59,222 [main] DEBUG org.activiti.engine.impl.interceptor.LogInterceptor  - 

10:47:59,222 [main] DEBUG org.activiti.engine.impl.interceptor.LogInterceptor  - --- GetProcessDefinitionInfoCmd finished --------------------------------------------------------
10:47:59,222 [main] DEBUG org.activiti.engine.impl.interceptor.LogInterceptor  - 

10:47:59,222 [main] DEBUG org.activiti.engine.impl.persistence.entity.ProcessDefinitionEntity.selectLatestProcessDefinitionByKey  - ==&gt;  Preparing: select * from ACT_RE_PROCDEF where KEY_ = ? and (TENANT_ID_ = &apos;&apos; or TENANT_ID_ is null) and VERSION_ = (select max(VERSION_) from ACT_RE_PROCDEF where KEY_ = ? and (TENANT_ID_ = &apos;&apos; or TENANT_ID_ is null)) 
10:47:59,222 [main] DEBUG org.activiti.engine.impl.persistence.entity.ProcessDefinitionEntity.selectLatestProcessDefinitionByKey  - ==&gt; Parameters: process2(String), process2(String)
10:47:59,222 [main] DEBUG org.activiti.engine.impl.persistence.entity.ProcessDefinitionEntity.selectLatestProcessDefinitionByKey  - &lt;==      Total: 0
10:47:59,222 [main] DEBUG org.activiti.engine.impl.persistence.entity.JobEntity.selectJobByTypeAndProcessDefinitionKeyNoTenantId  - ==&gt;  Preparing: select J.* from ACT_RU_JOB J inner join ACT_RE_PROCDEF P on J.PROC_DEF_ID_ = P.ID_ where J.HANDLER_TYPE_ = ? and P.KEY_ = ? and (P.TENANT_ID_ = &apos;&apos; or P.TENANT_ID_ is null) 
10:47:59,222 [main] DEBUG org.activiti.engine.impl.persistence.entity.JobEntity.selectJobByTypeAndProcessDefinitionKeyNoTenantId  - ==&gt; Parameters: timer-start-event(String), process2(String)
10:47:59,223 [main] DEBUG org.activiti.engine.impl.persistence.entity.JobEntity.selectJobByTypeAndProcessDefinitionKeyNoTenantId  - &lt;==      Total: 0
10:47:59,223 [main] DEBUG org.activiti.engine.impl.history.DefaultHistoryManager  - Current history level: FULL, level required: AUDIT
10:47:59,223 [main] DEBUG org.activiti.engine.impl.history.DefaultHistoryManager  - Current history level: FULL, level required: AUDIT
10:47:59,223 [main] DEBUG org.activiti.engine.impl.persistence.entity.ProcessDefinitionInfoEntity.selectProcessDefinitionInfoByProcessDefinitionId  - ==&gt;  Preparing: select * from ACT_PROCDEF_INFO where PROC_DEF_ID_ = ? 
10:47:59,223 [main] DEBUG org.activiti.engine.impl.persistence.entity.ProcessDefinitionInfoEntity.selectProcessDefinitionInfoByProcessDefinitionId  - ==&gt; Parameters: process2:1:1332(String)
10:47:59,223 [main] DEBUG org.activiti.engine.impl.persistence.entity.ProcessDefinitionInfoEntity.selectProcessDefinitionInfoByProcessDefinitionId  - &lt;==      Total: 0
10:47:59,223 [main] DEBUG org.activiti.engine.impl.interceptor.LogInterceptor  - 

10:47:59,223 [main] DEBUG org.activiti.engine.impl.interceptor.LogInterceptor  - --- starting GetProcessDefinitionInfoCmd --------------------------------------------------------
10:47:59,223 [main] DEBUG org.activiti.engine.impl.interceptor.CommandContextInterceptor  - Valid context found. Reusing it for the current command &apos;org.activiti.engine.impl.cmd.GetProcessDefinitionInfoCmd&apos;
10:47:59,223 [main] DEBUG org.activiti.engine.impl.interceptor.LogInterceptor  - 

10:47:59,223 [main] DEBUG org.activiti.engine.impl.interceptor.LogInterceptor  - --- starting  --------------------------------------------------------
10:47:59,223 [main] DEBUG org.activiti.engine.impl.interceptor.CommandContextInterceptor  - Valid context found. Reusing it for the current command &apos;null&apos;
10:47:59,223 [main] DEBUG org.activiti.engine.impl.interceptor.LogInterceptor  - ---  finished --------------------------------------------------------
10:47:59,223 [main] DEBUG org.activiti.engine.impl.interceptor.LogInterceptor  - 

10:47:59,223 [main] DEBUG org.activiti.engine.impl.interceptor.LogInterceptor  - --- GetProcessDefinitionInfoCmd finished --------------------------------------------------------
10:47:59,223 [main] DEBUG org.activiti.engine.impl.interceptor.LogInterceptor  - 

10:47:59,223 [main] DEBUG org.activiti.engine.impl.persistence.entity.ProcessDefinitionEntity.selectLatestProcessDefinitionByKey  - ==&gt;  Preparing: select * from ACT_RE_PROCDEF where KEY_ = ? and (TENANT_ID_ = &apos;&apos; or TENANT_ID_ is null) and VERSION_ = (select max(VERSION_) from ACT_RE_PROCDEF where KEY_ = ? and (TENANT_ID_ = &apos;&apos; or TENANT_ID_ is null)) 
10:47:59,223 [main] DEBUG org.activiti.engine.impl.persistence.entity.ProcessDefinitionEntity.selectLatestProcessDefinitionByKey  - ==&gt; Parameters: process3(String), process3(String)
10:47:59,223 [main] DEBUG org.activiti.engine.impl.persistence.entity.ProcessDefinitionEntity.selectLatestProcessDefinitionByKey  - &lt;==      Total: 0
10:47:59,223 [main] DEBUG org.activiti.engine.impl.persistence.entity.JobEntity.selectJobByTypeAndProcessDefinitionKeyNoTenantId  - ==&gt;  Preparing: select J.* from ACT_RU_JOB J inner join ACT_RE_PROCDEF P on J.PROC_DEF_ID_ = P.ID_ where J.HANDLER_TYPE_ = ? and P.KEY_ = ? and (P.TENANT_ID_ = &apos;&apos; or P.TENANT_ID_ is null) 
10:47:59,223 [main] DEBUG org.activiti.engine.impl.persistence.entity.JobEntity.selectJobByTypeAndProcessDefinitionKeyNoTenantId  - ==&gt; Parameters: timer-start-event(String), process3(String)
10:47:59,223 [main] DEBUG org.activiti.engine.impl.persistence.entity.JobEntity.selectJobByTypeAndProcessDefinitionKeyNoTenantId  - &lt;==      Total: 0
10:47:59,223 [main] DEBUG org.activiti.engine.impl.history.DefaultHistoryManager  - Current history level: FULL, level required: AUDIT
10:47:59,223 [main] DEBUG org.activiti.engine.impl.persistence.entity.ProcessDefinitionInfoEntity.selectProcessDefinitionInfoByProcessDefinitionId  - ==&gt;  Preparing: select * from ACT_PROCDEF_INFO where PROC_DEF_ID_ = ? 
10:47:59,223 [main] DEBUG org.activiti.engine.impl.persistence.entity.ProcessDefinitionInfoEntity.selectProcessDefinitionInfoByProcessDefinitionId  - ==&gt; Parameters: process3:1:1335(String)
10:47:59,223 [main] DEBUG org.activiti.engine.impl.persistence.entity.ProcessDefinitionInfoEntity.selectProcessDefinitionInfoByProcessDefinitionId  - &lt;==      Total: 0
10:47:59,223 [main] DEBUG org.activiti.engine.impl.interceptor.LogInterceptor  - 

10:47:59,223 [main] DEBUG org.activiti.engine.impl.interceptor.LogInterceptor  - --- starting GetProcessDefinitionInfoCmd --------------------------------------------------------
10:47:59,223 [main] DEBUG org.activiti.engine.impl.interceptor.CommandContextInterceptor  - Valid context found. Reusing it for the current command &apos;org.activiti.engine.impl.cmd.GetProcessDefinitionInfoCmd&apos;
10:47:59,223 [main] DEBUG org.activiti.engine.impl.interceptor.LogInterceptor  - 

10:47:59,223 [main] DEBUG org.activiti.engine.impl.interceptor.LogInterceptor  - --- starting  --------------------------------------------------------
10:47:59,223 [main] DEBUG org.activiti.engine.impl.interceptor.CommandContextInterceptor  - Valid context found. Reusing it for the current command &apos;null&apos;
10:47:59,223 [main] DEBUG org.activiti.engine.impl.interceptor.LogInterceptor  - ---  finished --------------------------------------------------------
10:47:59,223 [main] DEBUG org.activiti.engine.impl.interceptor.LogInterceptor  - 

10:47:59,223 [main] DEBUG org.activiti.engine.impl.interceptor.LogInterceptor  - --- GetProcessDefinitionInfoCmd finished --------------------------------------------------------
10:47:59,223 [main] DEBUG org.activiti.engine.impl.interceptor.LogInterceptor  - 

10:47:59,223 [main] DEBUG org.activiti.engine.impl.persistence.entity.ProcessDefinitionEntity.selectLatestProcessDefinitionByKey  - ==&gt;  Preparing: select * from ACT_RE_PROCDEF where KEY_ = ? and (TENANT_ID_ = &apos;&apos; or TENANT_ID_ is null) and VERSION_ = (select max(VERSION_) from ACT_RE_PROCDEF where KEY_ = ? and (TENANT_ID_ = &apos;&apos; or TENANT_ID_ is null)) 
10:47:59,223 [main] DEBUG org.activiti.engine.impl.persistence.entity.ProcessDefinitionEntity.selectLatestProcessDefinitionByKey  - ==&gt; Parameters: process4(String), process4(String)
10:47:59,224 [main] DEBUG org.activiti.engine.impl.persistence.entity.ProcessDefinitionEntity.selectLatestProcessDefinitionByKey  - &lt;==      Total: 0
10:47:59,224 [main] DEBUG org.activiti.engine.impl.persistence.entity.JobEntity.selectJobByTypeAndProcessDefinitionKeyNoTenantId  - ==&gt;  Preparing: select J.* from ACT_RU_JOB J inner join ACT_RE_PROCDEF P on J.PROC_DEF_ID_ = P.ID_ where J.HANDLER_TYPE_ = ? and P.KEY_ = ? and (P.TENANT_ID_ = &apos;&apos; or P.TENANT_ID_ is null) 
10:47:59,224 [main] DEBUG org.activiti.engine.impl.persistence.entity.JobEntity.selectJobByTypeAndProcessDefinitionKeyNoTenantId  - ==&gt; Parameters: timer-start-event(String), process4(String)
10:47:59,224 [main] DEBUG org.activiti.engine.impl.persistence.entity.JobEntity.selectJobByTypeAndProcessDefinitionKeyNoTenantId  - &lt;==      Total: 0
10:47:59,224 [main] DEBUG org.activiti.engine.impl.history.DefaultHistoryManager  - Current history level: FULL, level required: AUDIT
10:47:59,224 [main] DEBUG org.activiti.engine.impl.history.DefaultHistoryManager  - Current history level: FULL, level required: AUDIT
10:47:59,224 [main] DEBUG org.activiti.engine.impl.history.DefaultHistoryManager  - Current history level: FULL, level required: AUDIT
10:47:59,224 [main] DEBUG org.activiti.engine.impl.history.DefaultHistoryManager  - Current history level: FULL, level required: AUDIT
10:47:59,224 [main] DEBUG org.activiti.engine.impl.persistence.entity.ProcessDefinitionInfoEntity.selectProcessDefinitionInfoByProcessDefinitionId  - ==&gt;  Preparing: select * from ACT_PROCDEF_INFO where PROC_DEF_ID_ = ? 
10:47:59,224 [main] DEBUG org.activiti.engine.impl.persistence.entity.ProcessDefinitionInfoEntity.selectProcessDefinitionInfoByProcessDefinitionId  - ==&gt; Parameters: process4:1:1337(String)
10:47:59,224 [main] DEBUG org.activiti.engine.impl.persistence.entity.ProcessDefinitionInfoEntity.selectProcessDefinitionInfoByProcessDefinitionId  - &lt;==      Total: 0
10:47:59,224 [main] DEBUG org.activiti.engine.impl.interceptor.LogInterceptor  - 

10:47:59,224 [main] DEBUG org.activiti.engine.impl.interceptor.LogInterceptor  - --- starting GetProcessDefinitionInfoCmd --------------------------------------------------------
10:47:59,224 [main] DEBUG org.activiti.engine.impl.interceptor.CommandContextInterceptor  - Valid context found. Reusing it for the current command &apos;org.activiti.engine.impl.cmd.GetProcessDefinitionInfoCmd&apos;
10:47:59,224 [main] DEBUG org.activiti.engine.impl.interceptor.LogInterceptor  - 

10:47:59,224 [main] DEBUG org.activiti.engine.impl.interceptor.LogInterceptor  - --- starting  --------------------------------------------------------
10:47:59,224 [main] DEBUG org.activiti.engine.impl.interceptor.CommandContextInterceptor  - Valid context found. Reusing it for the current command &apos;null&apos;
10:47:59,224 [main] DEBUG org.activiti.engine.impl.interceptor.LogInterceptor  - ---  finished --------------------------------------------------------
10:47:59,224 [main] DEBUG org.activiti.engine.impl.interceptor.LogInterceptor  - 

10:47:59,224 [main] DEBUG org.activiti.engine.impl.interceptor.LogInterceptor  - --- GetProcessDefinitionInfoCmd finished --------------------------------------------------------
10:47:59,224 [main] DEBUG org.activiti.engine.impl.interceptor.LogInterceptor  - 

10:47:59,224 [main] DEBUG org.activiti.engine.impl.db.DbSqlSession  -   insert ResourceEntity[id=1330, name=org/activiti/examples/bpmn/authorization/StartAuthorizationTest.testIdentityLinks.bpmn20.xml]
10:47:59,224 [main] DEBUG org.activiti.engine.impl.db.DbSqlSession  -   insert DeploymentEntity[id=1329, name=StartAuthorizationTest.testIdentityLinks]
10:47:59,224 [main] DEBUG org.activiti.engine.impl.db.DbSqlSession  -   insert IdentityLinkEntity[id=1333, type=candidate, userId=user1, processDefId=process2:1:1332]
10:47:59,224 [main] DEBUG org.activiti.engine.impl.db.DbSqlSession  -   insert IdentityLinkEntity[id=1334, type=candidate, userId=user2, processDefId=process2:1:1332]
10:47:59,224 [main] DEBUG org.activiti.engine.impl.db.DbSqlSession  -   insert IdentityLinkEntity[id=1336, type=candidate, userId=user1, processDefId=process3:1:1335]
10:47:59,224 [main] DEBUG org.activiti.engine.impl.db.DbSqlSession  -   insert IdentityLinkEntity[id=1338, type=candidate, userId=userInGroup2, processDefId=process4:1:1337]
10:47:59,224 [main] DEBUG org.activiti.engine.impl.db.DbSqlSession  -   insert IdentityLinkEntity[id=1339, type=candidate, groupId=group3, processDefId=process4:1:1337]
10:47:59,224 [main] DEBUG org.activiti.engine.impl.db.DbSqlSession  -   insert IdentityLinkEntity[id=1340, type=candidate, groupId=group2, processDefId=process4:1:1337]
10:47:59,224 [main] DEBUG org.activiti.engine.impl.db.DbSqlSession  -   insert IdentityLinkEntity[id=1341, type=candidate, groupId=group1, processDefId=process4:1:1337]
10:47:59,224 [main] DEBUG org.activiti.engine.impl.db.DbSqlSession  -   insert ProcessDefinitionEntity[process1:1:1331]
10:47:59,224 [main] DEBUG org.activiti.engine.impl.db.DbSqlSession  -   insert ProcessDefinitionEntity[process2:1:1332]
10:47:59,224 [main] DEBUG org.activiti.engine.impl.db.DbSqlSession  -   insert ProcessDefinitionEntity[process3:1:1335]
10:47:59,224 [main] DEBUG org.activiti.engine.impl.db.DbSqlSession  -   insert ProcessDefinitionEntity[process4:1:1337]
10:47:59,224 [main] DEBUG org.activiti.engine.impl.db.DbSqlSession  - flush summary: 13 insert, 0 update, 0 delete.
10:47:59,224 [main] DEBUG org.activiti.engine.impl.db.DbSqlSession  - now executing flush...
10:47:59,224 [main] DEBUG org.activiti.engine.impl.persistence.entity.ProcessDefinitionEntity.bulkInsertProcessDefinition  - ==&gt;  Preparing: INSERT INTO ACT_RE_PROCDEF(ID_, REV_, CATEGORY_, NAME_, KEY_, VERSION_, DEPLOYMENT_ID_, RESOURCE_NAME_, DGRM_RESOURCE_NAME_, DESCRIPTION_, HAS_START_FORM_KEY_, HAS_GRAPHICAL_NOTATION_ , SUSPENSION_STATE_, TENANT_ID_) VALUES (?, 1, ?, ?, ?, ?, ?, ?, ?, ?, ?, ?, ?, ?) , (?, 1, ?, ?, ?, ?, ?, ?, ?, ?, ?, ?, ?, ?) , (?, 1, ?, ?, ?, ?, ?, ?, ?, ?, ?, ?, ?, ?) , (?, 1, ?, ?, ?, ?, ?, ?, ?, ?, ?, ?, ?, ?) 
10:47:59,225 [main] DEBUG org.activiti.engine.impl.persistence.entity.ProcessDefinitionEntity.bulkInsertProcessDefinition  - ==&gt; Parameters: process1:1:1331(String), Examples(String), Process1(String), process1(String), 1(Integer), 1329(String), org/activiti/examples/bpmn/authorization/StartAuthorizationTest.testIdentityLinks.bpmn20.xml(String), null, null, false(Boolean), false(Boolean), 1(Integer), (String), process2:1:1332(String), Examples(String), Process2(String), process2(String), 1(Integer), 1329(String), org/activiti/examples/bpmn/authorization/StartAuthorizationTest.testIdentityLinks.bpmn20.xml(String), null, null, false(Boolean), false(Boolean), 1(Integer), (String), process3:1:1335(String), Examples(String), Process3(String), process3(String), 1(Integer), 1329(String), org/activiti/examples/bpmn/authorization/StartAuthorizationTest.testIdentityLinks.bpmn20.xml(String), null, null, false(Boolean), false(Boolean), 1(Integer), (String), process4:1:1337(String), Examples(String), Process4(String), process4(String), 1(Integer), 1329(String), org/activiti/examples/bpmn/authorization/StartAuthorizationTest.testIdentityLinks.bpmn20.xml(String), null, null, false(Boolean), false(Boolean), 1(Integer), (String)
10:47:59,225 [main] DEBUG org.activiti.engine.impl.persistence.entity.ProcessDefinitionEntity.bulkInsertProcessDefinition  - &lt;==    Updates: 4
10:47:59,225 [main] DEBUG org.activiti.engine.impl.persistence.entity.IdentityLinkEntity.bulkInsertIdentityLink  - ==&gt;  Preparing: insert into ACT_RU_IDENTITYLINK (ID_, REV_, TYPE_, USER_ID_, GROUP_ID_, TASK_ID_, PROC_INST_ID_, PROC_DEF_ID_) values (?, 1, ?, ?, ?, ?, ?, ?) , (?, 1, ?, ?, ?, ?, ?, ?) , (?, 1, ?, ?, ?, ?, ?, ?) , (?, 1, ?, ?, ?, ?, ?, ?) , (?, 1, ?, ?, ?, ?, ?, ?) , (?, 1, ?, ?, ?, ?, ?, ?) , (?, 1, ?, ?, ?, ?, ?, ?) 
10:47:59,225 [main] DEBUG org.activiti.engine.impl.persistence.entity.IdentityLinkEntity.bulkInsertIdentityLink  - ==&gt; Parameters: 1333(String), candidate(String), user1(String), null, null, null, process2:1:1332(String), 1334(String), candidate(String), user2(String), null, null, null, process2:1:1332(String), 1336(String), candidate(String), user1(String), null, null, null, process3:1:1335(String), 1338(String), candidate(String), userInGroup2(String), null, null, null, process4:1:1337(String), 1339(String), candidate(String), null, group3(String), null, null, process4:1:1337(String), 1340(String), candidate(String), null, group2(String), null, null, process4:1:1337(String), 1341(String), candidate(String), null, group1(String), null, null, process4:1:1337(String)
10:47:59,225 [main] DEBUG org.activiti.engine.impl.persistence.entity.IdentityLinkEntity.bulkInsertIdentityLink  - &lt;==    Updates: 7
10:47:59,225 [main] DEBUG org.activiti.engine.impl.db.DbSqlSession  - inserting: DeploymentEntity[id=1329, name=StartAuthorizationTest.testIdentityLinks]
10:47:59,225 [main] DEBUG org.activiti.engine.impl.persistence.entity.DeploymentEntity.insertDeployment  - ==&gt;  Preparing: insert into ACT_RE_DEPLOYMENT(ID_, NAME_, CATEGORY_, TENANT_ID_, DEPLOY_TIME_) values(?, ?, ?, ?, ?) 
10:47:59,225 [main] DEBUG org.activiti.engine.impl.persistence.entity.DeploymentEntity.insertDeployment  - ==&gt; Parameters: 1329(String), StartAuthorizationTest.testIdentityLinks(String), null, (String), 2023-03-20 10:48:50.669(Timestamp)
10:47:59,225 [main] DEBUG org.activiti.engine.impl.persistence.entity.DeploymentEntity.insertDeployment  - &lt;==    Updates: 1
10:47:59,225 [main] DEBUG org.activiti.engine.impl.db.DbSqlSession  - inserting: ResourceEntity[id=1330, name=org/activiti/examples/bpmn/authorization/StartAuthorizationTest.testIdentityLinks.bpmn20.xml]
10:47:59,225 [main] DEBUG org.activiti.engine.impl.persistence.entity.ResourceEntity.insertResource  - ==&gt;  Preparing: insert into ACT_GE_BYTEARRAY(ID_, REV_, NAME_, BYTES_, DEPLOYMENT_ID_, GENERATED_) values (?, 1, ?, ?, ?, ?) 
10:47:59,225 [main] DEBUG org.activiti.engine.impl.persistence.entity.ResourceEntity.insertResource  - ==&gt; Parameters: 1330(String), org/activiti/examples/bpmn/authorization/StartAuthorizationTest.testIdentityLinks.bpmn20.xml(String), java.io.ByteArrayInputStream@33f3c818(ByteArrayInputStream), 1329(String), false(Boolean)
10:47:59,225 [main] DEBUG org.activiti.engine.impl.persistence.entity.ResourceEntity.insertResource  - &lt;==    Updates: 1
10:47:59,225 [main] DEBUG org.activiti.engine.impl.cfg.standalone.StandaloneMybatisTransactionContext  - firing event committing...
10:47:59,225 [main] DEBUG org.activiti.engine.impl.cfg.standalone.StandaloneMybatisTransactionContext  - committing the ibatis sql session...
10:47:59,225 [main] DEBUG org.apache.ibatis.transaction.jdbc.JdbcTransaction  - Committing JDBC Connection [conn3: url=jdbc:h2:mem:activiti user=SA]
10:47:59,225 [main] DEBUG org.activiti.engine.impl.cfg.standalone.StandaloneMybatisTransactionContext  - firing event committed...
10:47:59,225 [main] DEBUG org.apache.ibatis.transaction.jdbc.JdbcTransaction  - Resetting autocommit to true on JDBC Connection [conn3: url=jdbc:h2:mem:activiti user=SA]
10:47:59,225 [main] DEBUG org.apache.ibatis.transaction.jdbc.JdbcTransaction  - Closing JDBC Connection [conn3: url=jdbc:h2:mem:activiti user=SA]
10:47:59,225 [main] DEBUG org.apache.ibatis.datasource.pooled.PooledDataSource  - Returned connection 180014677 to pool.
10:47:59,225 [main] DEBUG org.activiti.engine.impl.interceptor.LogInterceptor  - --- DeployCmd finished --------------------------------------------------------
10:47:59,225 [main] DEBUG org.activiti.engine.impl.interceptor.LogInterceptor  - 

10:47:59,225 [main] DEBUG org.activiti.engine.impl.test.PvmTestCase  - 

10:47:59,225 [main] DEBUG org.activiti.engine.impl.test.PvmTestCase  - #### START StartAuthorizationTest.testIdentityLinks ###########################################################
10:47:59,225 [main] DEBUG org.activiti.engine.impl.interceptor.LogInterceptor  - 

10:47:59,225 [main] DEBUG org.activiti.engine.impl.interceptor.LogInterceptor  - --- starting CreateUserCmd --------------------------------------------------------
10:47:59,226 [main] DEBUG org.activiti.engine.impl.cfg.standalone.StandaloneMybatisTransactionContext  - firing event committing...
10:47:59,226 [main] DEBUG org.activiti.engine.impl.cfg.standalone.StandaloneMybatisTransactionContext  - committing the ibatis sql session...
10:47:59,226 [main] DEBUG org.activiti.engine.impl.cfg.standalone.StandaloneMybatisTransactionContext  - firing event committed...
10:47:59,226 [main] DEBUG org.activiti.engine.impl.interceptor.LogInterceptor  - --- CreateUserCmd finished --------------------------------------------------------
10:47:59,226 [main] DEBUG org.activiti.engine.impl.interceptor.LogInterceptor  - 

10:47:59,226 [main] DEBUG org.activiti.engine.impl.interceptor.LogInterceptor  - 

10:47:59,226 [main] DEBUG org.activiti.engine.impl.interceptor.LogInterceptor  - --- starting SaveUserCmd --------------------------------------------------------
10:47:59,226 [main] DEBUG org.activiti.engine.impl.db.DbSqlSession  -   insert org.activiti.engine.impl.persistence.entity.UserEntity@6c8f48b5
10:47:59,226 [main] DEBUG org.activiti.engine.impl.db.DbSqlSession  - flush summary: 1 insert, 0 update, 0 delete.
10:47:59,226 [main] DEBUG org.activiti.engine.impl.db.DbSqlSession  - now executing flush...
10:47:59,226 [main] DEBUG org.activiti.engine.impl.db.DbSqlSession  - inserting: org.activiti.engine.impl.persistence.entity.UserEntity@6c8f48b5
10:47:59,226 [main] DEBUG org.apache.ibatis.transaction.jdbc.JdbcTransaction  - Opening JDBC Connection
10:47:59,226 [main] DEBUG org.apache.ibatis.datasource.pooled.PooledDataSource  - Checked out connection 297240765 from pool.
10:47:59,226 [main] DEBUG org.apache.ibatis.transaction.jdbc.JdbcTransaction  - Setting autocommit to false on JDBC Connection [conn4: url=jdbc:h2:mem:activiti user=SA]
10:47:59,226 [main] DEBUG org.activiti.engine.impl.persistence.entity.UserEntity.insertUser  - ==&gt;  Preparing: insert into ACT_ID_USER (ID_, REV_, FIRST_, LAST_, EMAIL_, PWD_) values ( ?, 1, ?, ?, ?, ? ) 
10:47:59,226 [main] DEBUG org.activiti.engine.impl.persistence.entity.UserEntity.insertUser  - ==&gt; Parameters: user1(String), null, null, null, null
10:47:59,226 [main] DEBUG org.activiti.engine.impl.persistence.entity.UserEntity.insertUser  - &lt;==    Updates: 1
10:47:59,226 [main] DEBUG org.activiti.engine.impl.cfg.standalone.StandaloneMybatisTransactionContext  - firing event committing...
10:47:59,226 [main] DEBUG org.activiti.engine.impl.cfg.standalone.StandaloneMybatisTransactionContext  - committing the ibatis sql session...
10:47:59,226 [main] DEBUG org.apache.ibatis.transaction.jdbc.JdbcTransaction  - Committing JDBC Connection [conn4: url=jdbc:h2:mem:activiti user=SA]
10:47:59,226 [main] DEBUG org.activiti.engine.impl.cfg.standalone.StandaloneMybatisTransactionContext  - firing event committed...
10:47:59,226 [main] DEBUG org.apache.ibatis.transaction.jdbc.JdbcTransaction  - Resetting autocommit to true on JDBC Connection [conn4: url=jdbc:h2:mem:activiti user=SA]
10:47:59,226 [main] DEBUG org.apache.ibatis.transaction.jdbc.JdbcTransaction  - Closing JDBC Connection [conn4: url=jdbc:h2:mem:activiti user=SA]
10:47:59,226 [main] DEBUG org.apache.ibatis.datasource.pooled.PooledDataSource  - Returned connection 297240765 to pool.
10:47:59,226 [main] DEBUG org.activiti.engine.impl.interceptor.LogInterceptor  - --- SaveUserCmd finished --------------------------------------------------------
10:47:59,226 [main] DEBUG org.activiti.engine.impl.interceptor.LogInterceptor  - 

10:47:59,226 [main] DEBUG org.activiti.engine.impl.interceptor.LogInterceptor  - 

10:47:59,226 [main] DEBUG org.activiti.engine.impl.interceptor.LogInterceptor  - --- starting CreateUserCmd --------------------------------------------------------
10:47:59,226 [main] DEBUG org.activiti.engine.impl.cfg.standalone.StandaloneMybatisTransactionContext  - firing event committing...
10:47:59,226 [main] DEBUG org.activiti.engine.impl.cfg.standalone.StandaloneMybatisTransactionContext  - committing the ibatis sql session...
10:47:59,226 [main] DEBUG org.activiti.engine.impl.cfg.standalone.StandaloneMybatisTransactionContext  - firing event committed...
10:47:59,226 [main] DEBUG org.activiti.engine.impl.interceptor.LogInterceptor  - --- CreateUserCmd finished --------------------------------------------------------
10:47:59,226 [main] DEBUG org.activiti.engine.impl.interceptor.LogInterceptor  - 

10:47:59,226 [main] DEBUG org.activiti.engine.impl.interceptor.LogInterceptor  - 

10:47:59,226 [main] DEBUG org.activiti.engine.impl.interceptor.LogInterceptor  - --- starting SaveUserCmd --------------------------------------------------------
10:47:59,226 [main] DEBUG org.activiti.engine.impl.db.DbSqlSession  -   insert org.activiti.engine.impl.persistence.entity.UserEntity@5d9d66fa
10:47:59,226 [main] DEBUG org.activiti.engine.impl.db.DbSqlSession  - flush summary: 1 insert, 0 update, 0 delete.
10:47:59,226 [main] DEBUG org.activiti.engine.impl.db.DbSqlSession  - now executing flush...
10:47:59,226 [main] DEBUG org.activiti.engine.impl.db.DbSqlSession  - inserting: org.activiti.engine.impl.persistence.entity.UserEntity@5d9d66fa
10:47:59,226 [main] DEBUG org.apache.ibatis.transaction.jdbc.JdbcTransaction  - Opening JDBC Connection
10:47:59,226 [main] DEBUG org.apache.ibatis.datasource.pooled.PooledDataSource  - Checked out connection 486346394 from pool.
10:47:59,226 [main] DEBUG org.apache.ibatis.transaction.jdbc.JdbcTransaction  - Setting autocommit to false on JDBC Connection [conn6: url=jdbc:h2:mem:activiti user=SA]
10:47:59,226 [main] DEBUG org.activiti.engine.impl.persistence.entity.UserEntity.insertUser  - ==&gt;  Preparing: insert into ACT_ID_USER (ID_, REV_, FIRST_, LAST_, EMAIL_, PWD_) values ( ?, 1, ?, ?, ?, ? ) 
10:47:59,226 [main] DEBUG org.activiti.engine.impl.persistence.entity.UserEntity.insertUser  - ==&gt; Parameters: user2(String), null, null, null, null
10:47:59,226 [main] DEBUG org.activiti.engine.impl.persistence.entity.UserEntity.insertUser  - &lt;==    Updates: 1
10:47:59,226 [main] DEBUG org.activiti.engine.impl.cfg.standalone.StandaloneMybatisTransactionContext  - firing event committing...
10:47:59,226 [main] DEBUG org.activiti.engine.impl.cfg.standalone.StandaloneMybatisTransactionContext  - committing the ibatis sql session...
10:47:59,227 [main] DEBUG org.apache.ibatis.transaction.jdbc.JdbcTransaction  - Committing JDBC Connection [conn6: url=jdbc:h2:mem:activiti user=SA]
10:47:59,227 [main] DEBUG org.activiti.engine.impl.cfg.standalone.StandaloneMybatisTransactionContext  - firing event committed...
10:47:59,227 [main] DEBUG org.apache.ibatis.transaction.jdbc.JdbcTransaction  - Resetting autocommit to true on JDBC Connection [conn6: url=jdbc:h2:mem:activiti user=SA]
10:47:59,227 [main] DEBUG org.apache.ibatis.transaction.jdbc.JdbcTransaction  - Closing JDBC Connection [conn6: url=jdbc:h2:mem:activiti user=SA]
10:47:59,227 [main] DEBUG org.apache.ibatis.datasource.pooled.PooledDataSource  - Returned connection 486346394 to pool.
10:47:59,227 [main] DEBUG org.activiti.engine.impl.interceptor.LogInterceptor  - --- SaveUserCmd finished --------------------------------------------------------
10:47:59,227 [main] DEBUG org.activiti.engine.impl.interceptor.LogInterceptor  - 

10:47:59,227 [main] DEBUG org.activiti.engine.impl.interceptor.LogInterceptor  - 

10:47:59,227 [main] DEBUG org.activiti.engine.impl.interceptor.LogInterceptor  - --- starting CreateUserCmd --------------------------------------------------------
10:47:59,227 [main] DEBUG org.activiti.engine.impl.cfg.standalone.StandaloneMybatisTransactionContext  - firing event committing...
10:47:59,227 [main] DEBUG org.activiti.engine.impl.cfg.standalone.StandaloneMybatisTransactionContext  - committing the ibatis sql session...
10:47:59,227 [main] DEBUG org.activiti.engine.impl.cfg.standalone.StandaloneMybatisTransactionContext  - firing event committed...
10:47:59,227 [main] DEBUG org.activiti.engine.impl.interceptor.LogInterceptor  - --- CreateUserCmd finished --------------------------------------------------------
10:47:59,227 [main] DEBUG org.activiti.engine.impl.interceptor.LogInterceptor  - 

10:47:59,227 [main] DEBUG org.activiti.engine.impl.interceptor.LogInterceptor  - 

10:47:59,227 [main] DEBUG org.activiti.engine.impl.interceptor.LogInterceptor  - --- starting SaveUserCmd --------------------------------------------------------
10:47:59,227 [main] DEBUG org.activiti.engine.impl.db.DbSqlSession  -   insert org.activiti.engine.impl.persistence.entity.UserEntity@17691c4f
10:47:59,227 [main] DEBUG org.activiti.engine.impl.db.DbSqlSession  - flush summary: 1 insert, 0 update, 0 delete.
10:47:59,227 [main] DEBUG org.activiti.engine.impl.db.DbSqlSession  - now executing flush...
10:47:59,227 [main] DEBUG org.activiti.engine.impl.db.DbSqlSession  - inserting: org.activiti.engine.impl.persistence.entity.UserEntity@17691c4f
10:47:59,227 [main] DEBUG org.apache.ibatis.transaction.jdbc.JdbcTransaction  - Opening JDBC Connection
10:47:59,227 [main] DEBUG org.apache.ibatis.datasource.pooled.PooledDataSource  - Checked out connection 363509958 from pool.
10:47:59,227 [main] DEBUG org.apache.ibatis.transaction.jdbc.JdbcTransaction  - Setting autocommit to false on JDBC Connection [conn2: url=jdbc:h2:mem:activiti user=SA]
10:47:59,227 [main] DEBUG org.activiti.engine.impl.persistence.entity.UserEntity.insertUser  - ==&gt;  Preparing: insert into ACT_ID_USER (ID_, REV_, FIRST_, LAST_, EMAIL_, PWD_) values ( ?, 1, ?, ?, ?, ? ) 
10:47:59,227 [main] DEBUG org.activiti.engine.impl.persistence.entity.UserEntity.insertUser  - ==&gt; Parameters: user3(String), null, null, null, null
10:47:59,227 [main] DEBUG org.activiti.engine.impl.persistence.entity.UserEntity.insertUser  - &lt;==    Updates: 1
10:47:59,227 [main] DEBUG org.activiti.engine.impl.cfg.standalone.StandaloneMybatisTransactionContext  - firing event committing...
10:47:59,227 [main] DEBUG org.activiti.engine.impl.cfg.standalone.StandaloneMybatisTransactionContext  - committing the ibatis sql session...
10:47:59,227 [main] DEBUG org.apache.ibatis.transaction.jdbc.JdbcTransaction  - Committing JDBC Connection [conn2: url=jdbc:h2:mem:activiti user=SA]
10:47:59,227 [main] DEBUG org.activiti.engine.impl.cfg.standalone.StandaloneMybatisTransactionContext  - firing event committed...
10:47:59,227 [main] DEBUG org.apache.ibatis.transaction.jdbc.JdbcTransaction  - Resetting autocommit to true on JDBC Connection [conn2: url=jdbc:h2:mem:activiti user=SA]
10:47:59,227 [main] DEBUG org.apache.ibatis.transaction.jdbc.JdbcTransaction  - Closing JDBC Connection [conn2: url=jdbc:h2:mem:activiti user=SA]
10:47:59,227 [main] DEBUG org.apache.ibatis.datasource.pooled.PooledDataSource  - Returned connection 363509958 to pool.
10:47:59,227 [main] DEBUG org.activiti.engine.impl.interceptor.LogInterceptor  - --- SaveUserCmd finished --------------------------------------------------------
10:47:59,227 [main] DEBUG org.activiti.engine.impl.interceptor.LogInterceptor  - 

10:47:59,227 [main] DEBUG org.activiti.engine.impl.interceptor.LogInterceptor  - 

10:47:59,227 [main] DEBUG org.activiti.engine.impl.interceptor.LogInterceptor  - --- starting CreateUserCmd --------------------------------------------------------
10:47:59,227 [main] DEBUG org.activiti.engine.impl.cfg.standalone.StandaloneMybatisTransactionContext  - firing event committing...
10:47:59,227 [main] DEBUG org.activiti.engine.impl.cfg.standalone.StandaloneMybatisTransactionContext  - committing the ibatis sql session...
10:47:59,227 [main] DEBUG org.activiti.engine.impl.cfg.standalone.StandaloneMybatisTransactionContext  - firing event committed...
10:47:59,227 [main] DEBUG org.activiti.engine.impl.interceptor.LogInterceptor  - --- CreateUserCmd finished --------------------------------------------------------
10:47:59,227 [main] DEBUG org.activiti.engine.impl.interceptor.LogInterceptor  - 

10:47:59,227 [main] DEBUG org.activiti.engine.impl.interceptor.LogInterceptor  - 

10:47:59,227 [main] DEBUG org.activiti.engine.impl.interceptor.LogInterceptor  - --- starting SaveUserCmd --------------------------------------------------------
10:47:59,227 [main] DEBUG org.activiti.engine.impl.db.DbSqlSession  -   insert org.activiti.engine.impl.persistence.entity.UserEntity@3a77a5b2
10:47:59,227 [main] DEBUG org.activiti.engine.impl.db.DbSqlSession  - flush summary: 1 insert, 0 update, 0 delete.
10:47:59,227 [main] DEBUG org.activiti.engine.impl.db.DbSqlSession  - now executing flush...
10:47:59,227 [main] DEBUG org.activiti.engine.impl.db.DbSqlSession  - inserting: org.activiti.engine.impl.persistence.entity.UserEntity@3a77a5b2
10:47:59,227 [main] DEBUG org.apache.ibatis.transaction.jdbc.JdbcTransaction  - Opening JDBC Connection
10:47:59,227 [main] DEBUG org.apache.ibatis.datasource.pooled.PooledDataSource  - Checked out connection 180014677 from pool.
10:47:59,227 [main] DEBUG org.apache.ibatis.transaction.jdbc.JdbcTransaction  - Setting autocommit to false on JDBC Connection [conn3: url=jdbc:h2:mem:activiti user=SA]
10:47:59,227 [main] DEBUG org.activiti.engine.impl.persistence.entity.UserEntity.insertUser  - ==&gt;  Preparing: insert into ACT_ID_USER (ID_, REV_, FIRST_, LAST_, EMAIL_, PWD_) values ( ?, 1, ?, ?, ?, ? ) 
10:47:59,227 [main] DEBUG org.activiti.engine.impl.persistence.entity.UserEntity.insertUser  - ==&gt; Parameters: userInGroup1(String), null, null, null, null
10:47:59,228 [main] DEBUG org.activiti.engine.impl.persistence.entity.UserEntity.insertUser  - &lt;==    Updates: 1
10:47:59,228 [main] DEBUG org.activiti.engine.impl.cfg.standalone.StandaloneMybatisTransactionContext  - firing event committing...
10:47:59,228 [main] DEBUG org.activiti.engine.impl.cfg.standalone.StandaloneMybatisTransactionContext  - committing the ibatis sql session...
10:47:59,228 [Thread-106] DEBUG org.activiti.engine.impl.asyncexecutor.AcquireAsyncJobsDueRunnable  - async job acquisition thread woke up
10:47:59,228 [Thread-106] DEBUG org.activiti.engine.impl.interceptor.LogInterceptor  - 

10:47:59,228 [Thread-106] DEBUG org.activiti.engine.impl.interceptor.LogInterceptor  - --- starting AcquireAsyncJobsDueCmd --------------------------------------------------------
10:47:59,228 [Thread-105] DEBUG org.activiti.engine.impl.asyncexecutor.AcquireTimerJobsRunnable  - timer job acquisition thread woke up
10:47:59,228 [Thread-105] DEBUG org.activiti.engine.impl.interceptor.LogInterceptor  - 

10:47:59,228 [Thread-105] DEBUG org.activiti.engine.impl.interceptor.LogInterceptor  - --- starting AcquireTimerJobsCmd --------------------------------------------------------
10:47:59,228 [Thread-111] DEBUG org.activiti.engine.impl.asyncexecutor.AcquireTimerJobsRunnable  - timer job acquisition thread woke up
10:47:59,228 [Thread-111] DEBUG org.activiti.engine.impl.interceptor.LogInterceptor  - 

10:47:59,228 [Thread-111] DEBUG org.activiti.engine.impl.interceptor.LogInterceptor  - --- starting AcquireTimerJobsCmd --------------------------------------------------------
10:47:59,228 [main] DEBUG org.apache.ibatis.transaction.jdbc.JdbcTransaction  - Committing JDBC Connection [conn3: url=jdbc:h2:mem:activiti user=SA]
10:47:59,228 [main] DEBUG org.activiti.engine.impl.cfg.standalone.StandaloneMybatisTransactionContext  - firing event committed...
10:47:59,228 [main] DEBUG org.apache.ibatis.transaction.jdbc.JdbcTransaction  - Resetting autocommit to true on JDBC Connection [conn3: url=jdbc:h2:mem:activiti user=SA]
10:47:59,228 [main] DEBUG org.apache.ibatis.transaction.jdbc.JdbcTransaction  - Closing JDBC Connection [conn3: url=jdbc:h2:mem:activiti user=SA]
10:47:59,228 [main] DEBUG org.apache.ibatis.datasource.pooled.PooledDataSource  - Returned connection 180014677 to pool.
10:47:59,228 [main] DEBUG org.activiti.engine.impl.interceptor.LogInterceptor  - --- SaveUserCmd finished --------------------------------------------------------
10:47:59,228 [main] DEBUG org.activiti.engine.impl.interceptor.LogInterceptor  - 

10:47:59,228 [main] DEBUG org.activiti.engine.impl.interceptor.LogInterceptor  - 

10:47:59,228 [main] DEBUG org.activiti.engine.impl.interceptor.LogInterceptor  - --- starting CreateUserCmd --------------------------------------------------------
10:47:59,228 [main] DEBUG org.activiti.engine.impl.cfg.standalone.StandaloneMybatisTransactionContext  - firing event committing...
10:47:59,228 [main] DEBUG org.activiti.engine.impl.cfg.standalone.StandaloneMybatisTransactionContext  - committing the ibatis sql session...
10:47:59,228 [main] DEBUG org.activiti.engine.impl.cfg.standalone.StandaloneMybatisTransactionContext  - firing event committed...
10:47:59,228 [main] DEBUG org.activiti.engine.impl.interceptor.LogInterceptor  - --- CreateUserCmd finished --------------------------------------------------------
10:47:59,228 [main] DEBUG org.activiti.engine.impl.interceptor.LogInterceptor  - 

10:47:59,228 [main] DEBUG org.activiti.engine.impl.interceptor.LogInterceptor  - 

10:47:59,228 [main] DEBUG org.activiti.engine.impl.interceptor.LogInterceptor  - --- starting SaveUserCmd --------------------------------------------------------
10:47:59,228 [Thread-102] DEBUG org.activiti.engine.impl.asyncexecutor.AcquireTimerJobsRunnable  - timer job acquisition thread woke up
10:47:59,228 [Thread-102] DEBUG org.activiti.engine.impl.interceptor.LogInterceptor  - 

10:47:59,229 [Thread-102] DEBUG org.activiti.engine.impl.interceptor.LogInterceptor  - --- starting AcquireTimerJobsCmd --------------------------------------------------------
10:47:59,229 [Thread-102] DEBUG org.apache.ibatis.transaction.jdbc.JdbcTransaction  - Opening JDBC Connection
10:47:59,229 [Thread-102] DEBUG org.apache.ibatis.datasource.pooled.PooledDataSource  - Checked out connection 33534803 from pool.
10:47:59,229 [Thread-102] DEBUG org.apache.ibatis.transaction.jdbc.JdbcTransaction  - Setting autocommit to false on JDBC Connection [conn60: url=jdbc:h2:mem:activiti-AsyncExecutorTest user=SA]
10:47:59,228 [Thread-103] DEBUG org.activiti.engine.impl.asyncexecutor.AcquireAsyncJobsDueRunnable  - async job acquisition thread woke up
10:47:59,229 [Thread-103] DEBUG org.activiti.engine.impl.interceptor.LogInterceptor  - 

10:47:59,229 [Thread-103] DEBUG org.activiti.engine.impl.interceptor.LogInterceptor  - --- starting AcquireAsyncJobsDueCmd --------------------------------------------------------
10:47:59,229 [Thread-103] DEBUG org.apache.ibatis.transaction.jdbc.JdbcTransaction  - Opening JDBC Connection
10:47:59,229 [Thread-103] DEBUG org.apache.ibatis.datasource.pooled.PooledDataSource  - Checked out connection 720039383 from pool.
10:47:59,229 [Thread-103] DEBUG org.apache.ibatis.transaction.jdbc.JdbcTransaction  - Setting autocommit to false on JDBC Connection [conn59: url=jdbc:h2:mem:activiti-AsyncExecutorTest user=SA]
10:47:59,229 [Thread-102] DEBUG org.activiti.engine.impl.persistence.entity.JobEntity.selectNextTimerJobsToExecute  - ==&gt;  Preparing: select RES.* from ACT_RU_JOB RES LEFT OUTER JOIN ACT_RU_EXECUTION PI ON PI.ID_ = RES.PROCESS_INSTANCE_ID_ where (RES.RETRIES_ &gt; 0) and (RES.DUEDATE_ is null or RES.DUEDATE_ &lt;= ?) and (RES.LOCK_OWNER_ is null or RES.LOCK_EXP_TIME_ &lt;= ?) and TYPE_ = &apos;timer&apos; and ( (RES.EXECUTION_ID_ is null) or (PI.SUSPENSION_STATE_ = 1) ) LIMIT ? OFFSET ? 
10:47:59,228 [main] DEBUG org.activiti.engine.impl.db.DbSqlSession  -   insert org.activiti.engine.impl.persistence.entity.UserEntity@2cab98a9
10:47:59,229 [main] DEBUG org.activiti.engine.impl.db.DbSqlSession  - flush summary: 1 insert, 0 update, 0 delete.
10:47:59,229 [main] DEBUG org.activiti.engine.impl.db.DbSqlSession  - now executing flush...
10:47:59,229 [main] DEBUG org.activiti.engine.impl.db.DbSqlSession  - inserting: org.activiti.engine.impl.persistence.entity.UserEntity@2cab98a9
10:47:59,229 [main] DEBUG org.apache.ibatis.transaction.jdbc.JdbcTransaction  - Opening JDBC Connection
10:47:59,229 [main] DEBUG org.apache.ibatis.datasource.pooled.PooledDataSource  - Checked out connection 297240765 from pool.
10:47:59,229 [main] DEBUG org.apache.ibatis.transaction.jdbc.JdbcTransaction  - Setting autocommit to false on JDBC Connection [conn4: url=jdbc:h2:mem:activiti user=SA]
10:47:59,229 [main] DEBUG org.activiti.engine.impl.persistence.entity.UserEntity.insertUser  - ==&gt;  Preparing: insert into ACT_ID_USER (ID_, REV_, FIRST_, LAST_, EMAIL_, PWD_) values ( ?, 1, ?, ?, ?, ? ) 
10:47:59,228 [Thread-111] DEBUG org.apache.ibatis.transaction.jdbc.JdbcTransaction  - Opening JDBC Connection
10:47:59,228 [Thread-105] DEBUG org.apache.ibatis.transaction.jdbc.JdbcTransaction  - Opening JDBC Connection
10:47:59,229 [Thread-105] DEBUG org.apache.ibatis.datasource.pooled.PooledDataSource  - Checked out connection 1970103261 from pool.
10:47:59,229 [Thread-105] DEBUG org.apache.ibatis.transaction.jdbc.JdbcTransaction  - Setting autocommit to false on JDBC Connection [conn63: url=jdbc:h2:mem:activiti-AsyncExecutorTest user=SA]
10:47:59,228 [Thread-106] DEBUG org.apache.ibatis.transaction.jdbc.JdbcTransaction  - Opening JDBC Connection
10:47:59,229 [Thread-106] DEBUG org.apache.ibatis.datasource.pooled.PooledDataSource  - Checked out connection 54468349 from pool.
10:47:59,229 [Thread-106] DEBUG org.apache.ibatis.transaction.jdbc.JdbcTransaction  - Setting autocommit to false on JDBC Connection [conn64: url=jdbc:h2:mem:activiti-AsyncExecutorTest user=SA]
10:47:59,229 [Thread-105] DEBUG org.activiti.engine.impl.persistence.entity.JobEntity.selectNextTimerJobsToExecute  - ==&gt;  Preparing: select RES.* from ACT_RU_JOB RES LEFT OUTER JOIN ACT_RU_EXECUTION PI ON PI.ID_ = RES.PROCESS_INSTANCE_ID_ where (RES.RETRIES_ &gt; 0) and (RES.DUEDATE_ is null or RES.DUEDATE_ &lt;= ?) and (RES.LOCK_OWNER_ is null or RES.LOCK_EXP_TIME_ &lt;= ?) and TYPE_ = &apos;timer&apos; and ( (RES.EXECUTION_ID_ is null) or (PI.SUSPENSION_STATE_ = 1) ) LIMIT ? OFFSET ? 
10:47:59,229 [Thread-111] DEBUG org.apache.ibatis.datasource.pooled.PooledDataSource  - Checked out connection 1863805930 from pool.
10:47:59,230 [Thread-111] DEBUG org.apache.ibatis.transaction.jdbc.JdbcTransaction  - Setting autocommit to false on JDBC Connection [conn69: url=jdbc:h2:mem:activiti-AsyncExecutorTest user=SA]
10:47:59,229 [main] DEBUG org.activiti.engine.impl.persistence.entity.UserEntity.insertUser  - ==&gt; Parameters: userInGroup2(String), null, null, null, null
10:47:59,229 [Thread-102] DEBUG org.activiti.engine.impl.persistence.entity.JobEntity.selectNextTimerJobsToExecute  - ==&gt; Parameters: 2023-03-20 10:48:50.669(Timestamp), 2023-03-20 10:48:50.669(Timestamp), 1(Integer), 0(Integer)
10:47:59,229 [Thread-103] DEBUG org.activiti.engine.impl.persistence.entity.JobEntity.selectAsyncJobsDueToExecute  - ==&gt;  Preparing: select RES.* from ACT_RU_JOB RES LEFT OUTER JOIN ACT_RU_EXECUTION PI ON PI.ID_ = RES.PROCESS_INSTANCE_ID_ where RES.RETRIES_ &gt; 0 and RES.DUEDATE_ is not null and RES.DUEDATE_ &lt;= ? and (RES.LOCK_EXP_TIME_ is null or RES.LOCK_EXP_TIME_ &lt;= ?) and TYPE_ = &apos;message&apos; and ( (RES.EXECUTION_ID_ is null) or (PI.SUSPENSION_STATE_ = 1) ) LIMIT ? OFFSET ? 
10:47:59,230 [Thread-102] DEBUG org.activiti.engine.impl.persistence.entity.JobEntity.selectNextTimerJobsToExecute  - &lt;==      Total: 0
10:47:59,230 [main] DEBUG org.activiti.engine.impl.persistence.entity.UserEntity.insertUser  - &lt;==    Updates: 1
10:47:59,230 [main] DEBUG org.activiti.engine.impl.cfg.standalone.StandaloneMybatisTransactionContext  - firing event committing...
10:47:59,230 [main] DEBUG org.activiti.engine.impl.cfg.standalone.StandaloneMybatisTransactionContext  - committing the ibatis sql session...
10:47:59,230 [main] DEBUG org.apache.ibatis.transaction.jdbc.JdbcTransaction  - Committing JDBC Connection [conn4: url=jdbc:h2:mem:activiti user=SA]
10:47:59,230 [main] DEBUG org.activiti.engine.impl.cfg.standalone.StandaloneMybatisTransactionContext  - firing event committed...
10:47:59,230 [main] DEBUG org.apache.ibatis.transaction.jdbc.JdbcTransaction  - Resetting autocommit to true on JDBC Connection [conn4: url=jdbc:h2:mem:activiti user=SA]
10:47:59,230 [main] DEBUG org.apache.ibatis.transaction.jdbc.JdbcTransaction  - Closing JDBC Connection [conn4: url=jdbc:h2:mem:activiti user=SA]
10:47:59,230 [main] DEBUG org.apache.ibatis.datasource.pooled.PooledDataSource  - Returned connection 297240765 to pool.
10:47:59,230 [main] DEBUG org.activiti.engine.impl.interceptor.LogInterceptor  - --- SaveUserCmd finished --------------------------------------------------------
10:47:59,230 [main] DEBUG org.activiti.engine.impl.interceptor.LogInterceptor  - 

10:47:59,230 [main] DEBUG org.activiti.engine.impl.interceptor.LogInterceptor  - 

10:47:59,230 [main] DEBUG org.activiti.engine.impl.interceptor.LogInterceptor  - --- starting CreateUserCmd --------------------------------------------------------
10:47:59,230 [main] DEBUG org.activiti.engine.impl.cfg.standalone.StandaloneMybatisTransactionContext  - firing event committing...
10:47:59,230 [main] DEBUG org.activiti.engine.impl.cfg.standalone.StandaloneMybatisTransactionContext  - committing the ibatis sql session...
10:47:59,230 [main] DEBUG org.activiti.engine.impl.cfg.standalone.StandaloneMybatisTransactionContext  - firing event committed...
10:47:59,230 [main] DEBUG org.activiti.engine.impl.interceptor.LogInterceptor  - --- CreateUserCmd finished --------------------------------------------------------
10:47:59,230 [main] DEBUG org.activiti.engine.impl.interceptor.LogInterceptor  - 

10:47:59,230 [main] DEBUG org.activiti.engine.impl.interceptor.LogInterceptor  - 

10:47:59,230 [main] DEBUG org.activiti.engine.impl.interceptor.LogInterceptor  - --- starting SaveUserCmd --------------------------------------------------------
10:47:59,230 [Thread-111] DEBUG org.activiti.engine.impl.persistence.entity.JobEntity.selectNextTimerJobsToExecute  - ==&gt;  Preparing: select RES.* from ACT_RU_JOB RES LEFT OUTER JOIN ACT_RU_EXECUTION PI ON PI.ID_ = RES.PROCESS_INSTANCE_ID_ where (RES.RETRIES_ &gt; 0) and (RES.DUEDATE_ is null or RES.DUEDATE_ &lt;= ?) and (RES.LOCK_OWNER_ is null or RES.LOCK_EXP_TIME_ &lt;= ?) and TYPE_ = &apos;timer&apos; and ( (RES.EXECUTION_ID_ is null) or (PI.SUSPENSION_STATE_ = 1) ) LIMIT ? OFFSET ? 
10:47:59,229 [Thread-105] DEBUG org.activiti.engine.impl.persistence.entity.JobEntity.selectNextTimerJobsToExecute  - ==&gt; Parameters: 2023-03-20 10:48:50.669(Timestamp), 2023-03-20 10:48:50.669(Timestamp), 1(Integer), 0(Integer)
10:47:59,229 [Thread-106] DEBUG org.activiti.engine.impl.persistence.entity.JobEntity.selectAsyncJobsDueToExecute  - ==&gt;  Preparing: select RES.* from ACT_RU_JOB RES LEFT OUTER JOIN ACT_RU_EXECUTION PI ON PI.ID_ = RES.PROCESS_INSTANCE_ID_ where RES.RETRIES_ &gt; 0 and RES.DUEDATE_ is not null and RES.DUEDATE_ &lt;= ? and (RES.LOCK_EXP_TIME_ is null or RES.LOCK_EXP_TIME_ &lt;= ?) and TYPE_ = &apos;message&apos; and ( (RES.EXECUTION_ID_ is null) or (PI.SUSPENSION_STATE_ = 1) ) LIMIT ? OFFSET ? 
10:47:59,230 [Thread-105] DEBUG org.activiti.engine.impl.persistence.entity.JobEntity.selectNextTimerJobsToExecute  - &lt;==      Total: 0
10:47:59,230 [Thread-105] DEBUG org.activiti.engine.impl.db.DbSqlSession  - flush summary: 0 insert, 0 update, 0 delete.
10:47:59,230 [Thread-105] DEBUG org.activiti.engine.impl.db.DbSqlSession  - now executing flush...
10:47:59,230 [Thread-105] DEBUG org.activiti.engine.impl.cfg.standalone.StandaloneMybatisTransactionContext  - firing event committing...
10:47:59,230 [Thread-105] DEBUG org.activiti.engine.impl.cfg.standalone.StandaloneMybatisTransactionContext  - committing the ibatis sql session...
10:47:59,231 [Thread-105] DEBUG org.activiti.engine.impl.cfg.standalone.StandaloneMybatisTransactionContext  - firing event committed...
10:47:59,230 [Thread-111] DEBUG org.activiti.engine.impl.persistence.entity.JobEntity.selectNextTimerJobsToExecute  - ==&gt; Parameters: 2023-03-20 10:48:50.669(Timestamp), 2023-03-20 10:48:50.669(Timestamp), 1(Integer), 0(Integer)
10:47:59,230 [main] DEBUG org.activiti.engine.impl.db.DbSqlSession  -   insert org.activiti.engine.impl.persistence.entity.UserEntity@1ab79170
10:47:59,231 [main] DEBUG org.activiti.engine.impl.db.DbSqlSession  - flush summary: 1 insert, 0 update, 0 delete.
10:47:59,231 [main] DEBUG org.activiti.engine.impl.db.DbSqlSession  - now executing flush...
10:47:59,231 [main] DEBUG org.activiti.engine.impl.db.DbSqlSession  - inserting: org.activiti.engine.impl.persistence.entity.UserEntity@1ab79170
10:47:59,231 [main] DEBUG org.apache.ibatis.transaction.jdbc.JdbcTransaction  - Opening JDBC Connection
10:47:59,231 [main] DEBUG org.apache.ibatis.datasource.pooled.PooledDataSource  - Checked out connection 486346394 from pool.
10:47:59,231 [main] DEBUG org.apache.ibatis.transaction.jdbc.JdbcTransaction  - Setting autocommit to false on JDBC Connection [conn6: url=jdbc:h2:mem:activiti user=SA]
10:47:59,231 [main] DEBUG org.activiti.engine.impl.persistence.entity.UserEntity.insertUser  - ==&gt;  Preparing: insert into ACT_ID_USER (ID_, REV_, FIRST_, LAST_, EMAIL_, PWD_) values ( ?, 1, ?, ?, ?, ? ) 
10:47:59,230 [Thread-102] DEBUG org.activiti.engine.impl.db.DbSqlSession  - flush summary: 0 insert, 0 update, 0 delete.
10:47:59,231 [Thread-102] DEBUG org.activiti.engine.impl.db.DbSqlSession  - now executing flush...
10:47:59,231 [Thread-102] DEBUG org.activiti.engine.impl.cfg.standalone.StandaloneMybatisTransactionContext  - firing event committing...
10:47:59,231 [Thread-102] DEBUG org.activiti.engine.impl.cfg.standalone.StandaloneMybatisTransactionContext  - committing the ibatis sql session...
10:47:59,231 [Thread-102] DEBUG org.activiti.engine.impl.cfg.standalone.StandaloneMybatisTransactionContext  - firing event committed...
10:47:59,231 [Thread-102] DEBUG org.apache.ibatis.transaction.jdbc.JdbcTransaction  - Resetting autocommit to true on JDBC Connection [conn60: url=jdbc:h2:mem:activiti-AsyncExecutorTest user=SA]
10:47:59,231 [Thread-102] DEBUG org.apache.ibatis.transaction.jdbc.JdbcTransaction  - Closing JDBC Connection [conn60: url=jdbc:h2:mem:activiti-AsyncExecutorTest user=SA]
10:47:59,231 [Thread-102] DEBUG org.apache.ibatis.datasource.pooled.PooledDataSource  - Returned connection 33534803 to pool.
10:47:59,231 [Thread-102] DEBUG org.activiti.engine.impl.interceptor.LogInterceptor  - --- AcquireTimerJobsCmd finished --------------------------------------------------------
10:47:59,231 [Thread-102] DEBUG org.activiti.engine.impl.interceptor.LogInterceptor  - 

10:47:59,230 [Thread-103] DEBUG org.activiti.engine.impl.persistence.entity.JobEntity.selectAsyncJobsDueToExecute  - ==&gt; Parameters: 2023-03-20 10:48:50.669(Timestamp), 2023-03-20 10:48:50.669(Timestamp), 1(Integer), 0(Integer)
10:47:59,231 [Thread-102] DEBUG org.activiti.engine.impl.asyncexecutor.AcquireTimerJobsRunnable  - timer job acquisition thread sleeping for 50 millis
10:47:59,231 [main] DEBUG org.activiti.engine.impl.persistence.entity.UserEntity.insertUser  - ==&gt; Parameters: userInGroup3(String), null, null, null, null
10:47:59,231 [main] DEBUG org.activiti.engine.impl.persistence.entity.UserEntity.insertUser  - &lt;==    Updates: 1
10:47:59,231 [main] DEBUG org.activiti.engine.impl.cfg.standalone.StandaloneMybatisTransactionContext  - firing event committing...
10:47:59,231 [main] DEBUG org.activiti.engine.impl.cfg.standalone.StandaloneMybatisTransactionContext  - committing the ibatis sql session...
10:47:59,231 [main] DEBUG org.apache.ibatis.transaction.jdbc.JdbcTransaction  - Committing JDBC Connection [conn6: url=jdbc:h2:mem:activiti user=SA]
10:47:59,232 [main] DEBUG org.activiti.engine.impl.cfg.standalone.StandaloneMybatisTransactionContext  - firing event committed...
10:47:59,232 [main] DEBUG org.apache.ibatis.transaction.jdbc.JdbcTransaction  - Resetting autocommit to true on JDBC Connection [conn6: url=jdbc:h2:mem:activiti user=SA]
10:47:59,232 [main] DEBUG org.apache.ibatis.transaction.jdbc.JdbcTransaction  - Closing JDBC Connection [conn6: url=jdbc:h2:mem:activiti user=SA]
10:47:59,232 [main] DEBUG org.apache.ibatis.datasource.pooled.PooledDataSource  - Returned connection 486346394 to pool.
10:47:59,232 [main] DEBUG org.activiti.engine.impl.interceptor.LogInterceptor  - --- SaveUserCmd finished --------------------------------------------------------
10:47:59,232 [main] DEBUG org.activiti.engine.impl.interceptor.LogInterceptor  - 

10:47:59,232 [main] DEBUG org.activiti.engine.impl.interceptor.LogInterceptor  - 

10:47:59,232 [main] DEBUG org.activiti.engine.impl.interceptor.LogInterceptor  - --- starting CreateGroupCmd --------------------------------------------------------
10:47:59,232 [main] DEBUG org.activiti.engine.impl.cfg.standalone.StandaloneMybatisTransactionContext  - firing event committing...
10:47:59,232 [main] DEBUG org.activiti.engine.impl.cfg.standalone.StandaloneMybatisTransactionContext  - committing the ibatis sql session...
10:47:59,232 [main] DEBUG org.activiti.engine.impl.cfg.standalone.StandaloneMybatisTransactionContext  - firing event committed...
10:47:59,232 [main] DEBUG org.activiti.engine.impl.interceptor.LogInterceptor  - --- CreateGroupCmd finished --------------------------------------------------------
10:47:59,232 [main] DEBUG org.activiti.engine.impl.interceptor.LogInterceptor  - 

10:47:59,231 [Thread-111] DEBUG org.activiti.engine.impl.persistence.entity.JobEntity.selectNextTimerJobsToExecute  - &lt;==      Total: 0
10:47:59,232 [Thread-111] DEBUG org.activiti.engine.impl.db.DbSqlSession  - flush summary: 0 insert, 0 update, 0 delete.
10:47:59,232 [Thread-111] DEBUG org.activiti.engine.impl.db.DbSqlSession  - now executing flush...
10:47:59,232 [Thread-111] DEBUG org.activiti.engine.impl.cfg.standalone.StandaloneMybatisTransactionContext  - firing event committing...
10:47:59,232 [Thread-111] DEBUG org.activiti.engine.impl.cfg.standalone.StandaloneMybatisTransactionContext  - committing the ibatis sql session...
10:47:59,232 [Thread-111] DEBUG org.activiti.engine.impl.cfg.standalone.StandaloneMybatisTransactionContext  - firing event committed...
10:47:59,232 [Thread-111] DEBUG org.apache.ibatis.transaction.jdbc.JdbcTransaction  - Resetting autocommit to true on JDBC Connection [conn69: url=jdbc:h2:mem:activiti-AsyncExecutorTest user=SA]
10:47:59,232 [Thread-111] DEBUG org.apache.ibatis.transaction.jdbc.JdbcTransaction  - Closing JDBC Connection [conn69: url=jdbc:h2:mem:activiti-AsyncExecutorTest user=SA]
10:47:59,232 [Thread-111] DEBUG org.apache.ibatis.datasource.pooled.PooledDataSource  - Returned connection 1863805930 to pool.
10:47:59,232 [Thread-111] DEBUG org.activiti.engine.impl.interceptor.LogInterceptor  - --- AcquireTimerJobsCmd finished --------------------------------------------------------
10:47:59,232 [Thread-111] DEBUG org.activiti.engine.impl.interceptor.LogInterceptor  - 

10:47:59,231 [Thread-105] DEBUG org.apache.ibatis.transaction.jdbc.JdbcTransaction  - Resetting autocommit to true on JDBC Connection [conn63: url=jdbc:h2:mem:activiti-AsyncExecutorTest user=SA]
10:47:59,230 [Thread-106] DEBUG org.activiti.engine.impl.persistence.entity.JobEntity.selectAsyncJobsDueToExecute  - ==&gt; Parameters: 2023-03-20 10:48:50.669(Timestamp), 2023-03-20 10:48:50.669(Timestamp), 1(Integer), 0(Integer)
10:47:59,232 [Thread-105] DEBUG org.apache.ibatis.transaction.jdbc.JdbcTransaction  - Closing JDBC Connection [conn63: url=jdbc:h2:mem:activiti-AsyncExecutorTest user=SA]
10:47:59,232 [Thread-105] DEBUG org.apache.ibatis.datasource.pooled.PooledDataSource  - Returned connection 1970103261 to pool.
10:47:59,232 [Thread-105] DEBUG org.activiti.engine.impl.interceptor.LogInterceptor  - --- AcquireTimerJobsCmd finished --------------------------------------------------------
10:47:59,232 [Thread-105] DEBUG org.activiti.engine.impl.interceptor.LogInterceptor  - 

10:47:59,233 [Thread-105] DEBUG org.activiti.engine.impl.asyncexecutor.AcquireTimerJobsRunnable  - timer job acquisition thread sleeping for 50 millis
10:47:59,232 [Thread-111] DEBUG org.activiti.engine.impl.asyncexecutor.AcquireTimerJobsRunnable  - timer job acquisition thread sleeping for 50 millis
10:47:59,232 [main] DEBUG org.activiti.engine.impl.interceptor.LogInterceptor  - 

10:47:59,233 [main] DEBUG org.activiti.engine.impl.interceptor.LogInterceptor  - --- starting SaveGroupCmd --------------------------------------------------------
10:47:59,231 [Thread-103] DEBUG org.activiti.engine.impl.persistence.entity.JobEntity.selectAsyncJobsDueToExecute  - &lt;==      Total: 0
10:47:59,233 [Thread-103] DEBUG org.activiti.engine.impl.db.DbSqlSession  - flush summary: 0 insert, 0 update, 0 delete.
10:47:59,233 [Thread-103] DEBUG org.activiti.engine.impl.db.DbSqlSession  - now executing flush...
10:47:59,233 [Thread-103] DEBUG org.activiti.engine.impl.cfg.standalone.StandaloneMybatisTransactionContext  - firing event committing...
10:47:59,233 [Thread-103] DEBUG org.activiti.engine.impl.cfg.standalone.StandaloneMybatisTransactionContext  - committing the ibatis sql session...
10:47:59,233 [Thread-103] DEBUG org.activiti.engine.impl.cfg.standalone.StandaloneMybatisTransactionContext  - firing event committed...
10:47:59,233 [Thread-103] DEBUG org.apache.ibatis.transaction.jdbc.JdbcTransaction  - Resetting autocommit to true on JDBC Connection [conn59: url=jdbc:h2:mem:activiti-AsyncExecutorTest user=SA]
10:47:59,233 [Thread-103] DEBUG org.apache.ibatis.transaction.jdbc.JdbcTransaction  - Closing JDBC Connection [conn59: url=jdbc:h2:mem:activiti-AsyncExecutorTest user=SA]
10:47:59,233 [Thread-103] DEBUG org.apache.ibatis.datasource.pooled.PooledDataSource  - Returned connection 720039383 to pool.
10:47:59,233 [Thread-103] DEBUG org.activiti.engine.impl.interceptor.LogInterceptor  - --- AcquireAsyncJobsDueCmd finished --------------------------------------------------------
10:47:59,233 [Thread-103] DEBUG org.activiti.engine.impl.interceptor.LogInterceptor  - 

10:47:59,233 [Thread-103] DEBUG org.activiti.engine.impl.asyncexecutor.AcquireAsyncJobsDueRunnable  - async job acquisition thread sleeping for 50 millis
10:47:59,233 [main] DEBUG org.activiti.engine.impl.db.DbSqlSession  -   insert org.activiti.engine.impl.persistence.entity.GroupEntity@45637d0d
10:47:59,233 [main] DEBUG org.activiti.engine.impl.db.DbSqlSession  - flush summary: 1 insert, 0 update, 0 delete.
10:47:59,233 [main] DEBUG org.activiti.engine.impl.db.DbSqlSession  - now executing flush...
10:47:59,233 [main] DEBUG org.activiti.engine.impl.db.DbSqlSession  - inserting: org.activiti.engine.impl.persistence.entity.GroupEntity@45637d0d
10:47:59,233 [main] DEBUG org.apache.ibatis.transaction.jdbc.JdbcTransaction  - Opening JDBC Connection
10:47:59,233 [main] DEBUG org.apache.ibatis.datasource.pooled.PooledDataSource  - Checked out connection 363509958 from pool.
10:47:59,233 [main] DEBUG org.apache.ibatis.transaction.jdbc.JdbcTransaction  - Setting autocommit to false on JDBC Connection [conn2: url=jdbc:h2:mem:activiti user=SA]
10:47:59,232 [Thread-106] DEBUG org.activiti.engine.impl.persistence.entity.JobEntity.selectAsyncJobsDueToExecute  - &lt;==      Total: 0
10:47:59,233 [Thread-106] DEBUG org.activiti.engine.impl.db.DbSqlSession  - flush summary: 0 insert, 0 update, 0 delete.
10:47:59,233 [Thread-106] DEBUG org.activiti.engine.impl.db.DbSqlSession  - now executing flush...
10:47:59,233 [Thread-106] DEBUG org.activiti.engine.impl.cfg.standalone.StandaloneMybatisTransactionContext  - firing event committing...
10:47:59,233 [Thread-106] DEBUG org.activiti.engine.impl.cfg.standalone.StandaloneMybatisTransactionContext  - committing the ibatis sql session...
10:47:59,233 [Thread-106] DEBUG org.activiti.engine.impl.cfg.standalone.StandaloneMybatisTransactionContext  - firing event committed...
10:47:59,233 [Thread-106] DEBUG org.apache.ibatis.transaction.jdbc.JdbcTransaction  - Resetting autocommit to true on JDBC Connection [conn64: url=jdbc:h2:mem:activiti-AsyncExecutorTest user=SA]
10:47:59,233 [Thread-106] DEBUG org.apache.ibatis.transaction.jdbc.JdbcTransaction  - Closing JDBC Connection [conn64: url=jdbc:h2:mem:activiti-AsyncExecutorTest user=SA]
10:47:59,233 [Thread-106] DEBUG org.apache.ibatis.datasource.pooled.PooledDataSource  - Returned connection 54468349 to pool.
10:47:59,233 [Thread-106] DEBUG org.activiti.engine.impl.interceptor.LogInterceptor  - --- AcquireAsyncJobsDueCmd finished --------------------------------------------------------
10:47:59,233 [Thread-106] DEBUG org.activiti.engine.impl.interceptor.LogInterceptor  - 

10:47:59,233 [main] DEBUG org.activiti.engine.impl.persistence.entity.GroupEntity.insertGroup  - ==&gt;  Preparing: insert into ACT_ID_GROUP (ID_, REV_, NAME_, TYPE_) values ( ?, 1, ?, ? ) 
10:47:59,233 [Thread-106] DEBUG org.activiti.engine.impl.asyncexecutor.AcquireAsyncJobsDueRunnable  - async job acquisition thread sleeping for 50 millis
10:47:59,233 [main] DEBUG org.activiti.engine.impl.persistence.entity.GroupEntity.insertGroup  - ==&gt; Parameters: group1(String), null, null
10:47:59,233 [main] DEBUG org.activiti.engine.impl.persistence.entity.GroupEntity.insertGroup  - &lt;==    Updates: 1
10:47:59,233 [main] DEBUG org.activiti.engine.impl.cfg.standalone.StandaloneMybatisTransactionContext  - firing event committing...
10:47:59,234 [main] DEBUG org.activiti.engine.impl.cfg.standalone.StandaloneMybatisTransactionContext  - committing the ibatis sql session...
10:47:59,234 [main] DEBUG org.apache.ibatis.transaction.jdbc.JdbcTransaction  - Committing JDBC Connection [conn2: url=jdbc:h2:mem:activiti user=SA]
10:47:59,234 [main] DEBUG org.activiti.engine.impl.cfg.standalone.StandaloneMybatisTransactionContext  - firing event committed...
10:47:59,234 [main] DEBUG org.apache.ibatis.transaction.jdbc.JdbcTransaction  - Resetting autocommit to true on JDBC Connection [conn2: url=jdbc:h2:mem:activiti user=SA]
10:47:59,234 [main] DEBUG org.apache.ibatis.transaction.jdbc.JdbcTransaction  - Closing JDBC Connection [conn2: url=jdbc:h2:mem:activiti user=SA]
10:47:59,234 [main] DEBUG org.apache.ibatis.datasource.pooled.PooledDataSource  - Returned connection 363509958 to pool.
10:47:59,234 [main] DEBUG org.activiti.engine.impl.interceptor.LogInterceptor  - --- SaveGroupCmd finished --------------------------------------------------------
10:47:59,234 [main] DEBUG org.activiti.engine.impl.interceptor.LogInterceptor  - 

10:47:59,234 [main] DEBUG org.activiti.engine.impl.interceptor.LogInterceptor  - 

10:47:59,234 [main] DEBUG org.activiti.engine.impl.interceptor.LogInterceptor  - --- starting CreateGroupCmd --------------------------------------------------------
10:47:59,234 [main] DEBUG org.activiti.engine.impl.cfg.standalone.StandaloneMybatisTransactionContext  - firing event committing...
10:47:59,234 [main] DEBUG org.activiti.engine.impl.cfg.standalone.StandaloneMybatisTransactionContext  - committing the ibatis sql session...
10:47:59,234 [main] DEBUG org.activiti.engine.impl.cfg.standalone.StandaloneMybatisTransactionContext  - firing event committed...
10:47:59,234 [main] DEBUG org.activiti.engine.impl.interceptor.LogInterceptor  - --- CreateGroupCmd finished --------------------------------------------------------
10:47:59,234 [main] DEBUG org.activiti.engine.impl.interceptor.LogInterceptor  - 

10:47:59,234 [main] DEBUG org.activiti.engine.impl.interceptor.LogInterceptor  - 

10:47:59,234 [main] DEBUG org.activiti.engine.impl.interceptor.LogInterceptor  - --- starting SaveGroupCmd --------------------------------------------------------
10:47:59,234 [main] DEBUG org.activiti.engine.impl.db.DbSqlSession  -   insert org.activiti.engine.impl.persistence.entity.GroupEntity@423e1a26
10:47:59,234 [main] DEBUG org.activiti.engine.impl.db.DbSqlSession  - flush summary: 1 insert, 0 update, 0 delete.
10:47:59,234 [main] DEBUG org.activiti.engine.impl.db.DbSqlSession  - now executing flush...
10:47:59,234 [main] DEBUG org.activiti.engine.impl.db.DbSqlSession  - inserting: org.activiti.engine.impl.persistence.entity.GroupEntity@423e1a26
10:47:59,234 [main] DEBUG org.apache.ibatis.transaction.jdbc.JdbcTransaction  - Opening JDBC Connection
10:47:59,234 [main] DEBUG org.apache.ibatis.datasource.pooled.PooledDataSource  - Checked out connection 180014677 from pool.
10:47:59,234 [main] DEBUG org.apache.ibatis.transaction.jdbc.JdbcTransaction  - Setting autocommit to false on JDBC Connection [conn3: url=jdbc:h2:mem:activiti user=SA]
10:47:59,234 [main] DEBUG org.activiti.engine.impl.persistence.entity.GroupEntity.insertGroup  - ==&gt;  Preparing: insert into ACT_ID_GROUP (ID_, REV_, NAME_, TYPE_) values ( ?, 1, ?, ? ) 
10:47:59,234 [main] DEBUG org.activiti.engine.impl.persistence.entity.GroupEntity.insertGroup  - ==&gt; Parameters: group2(String), null, null
10:47:59,234 [main] DEBUG org.activiti.engine.impl.persistence.entity.GroupEntity.insertGroup  - &lt;==    Updates: 1
10:47:59,234 [main] DEBUG org.activiti.engine.impl.cfg.standalone.StandaloneMybatisTransactionContext  - firing event committing...
10:47:59,234 [main] DEBUG org.activiti.engine.impl.cfg.standalone.StandaloneMybatisTransactionContext  - committing the ibatis sql session...
10:47:59,234 [main] DEBUG org.apache.ibatis.transaction.jdbc.JdbcTransaction  - Committing JDBC Connection [conn3: url=jdbc:h2:mem:activiti user=SA]
10:47:59,234 [main] DEBUG org.activiti.engine.impl.cfg.standalone.StandaloneMybatisTransactionContext  - firing event committed...
10:47:59,234 [main] DEBUG org.apache.ibatis.transaction.jdbc.JdbcTransaction  - Resetting autocommit to true on JDBC Connection [conn3: url=jdbc:h2:mem:activiti user=SA]
10:47:59,234 [main] DEBUG org.apache.ibatis.transaction.jdbc.JdbcTransaction  - Closing JDBC Connection [conn3: url=jdbc:h2:mem:activiti user=SA]
10:47:59,234 [main] DEBUG org.apache.ibatis.datasource.pooled.PooledDataSource  - Returned connection 180014677 to pool.
10:47:59,234 [main] DEBUG org.activiti.engine.impl.interceptor.LogInterceptor  - --- SaveGroupCmd finished --------------------------------------------------------
10:47:59,234 [main] DEBUG org.activiti.engine.impl.interceptor.LogInterceptor  - 

10:47:59,234 [main] DEBUG org.activiti.engine.impl.interceptor.LogInterceptor  - 

10:47:59,234 [main] DEBUG org.activiti.engine.impl.interceptor.LogInterceptor  - --- starting CreateGroupCmd --------------------------------------------------------
10:47:59,234 [main] DEBUG org.activiti.engine.impl.cfg.standalone.StandaloneMybatisTransactionContext  - firing event committing...
10:47:59,234 [main] DEBUG org.activiti.engine.impl.cfg.standalone.StandaloneMybatisTransactionContext  - committing the ibatis sql session...
10:47:59,234 [main] DEBUG org.activiti.engine.impl.cfg.standalone.StandaloneMybatisTransactionContext  - firing event committed...
10:47:59,234 [main] DEBUG org.activiti.engine.impl.interceptor.LogInterceptor  - --- CreateGroupCmd finished --------------------------------------------------------
10:47:59,234 [main] DEBUG org.activiti.engine.impl.interceptor.LogInterceptor  - 

10:47:59,234 [main] DEBUG org.activiti.engine.impl.interceptor.LogInterceptor  - 

10:47:59,234 [main] DEBUG org.activiti.engine.impl.interceptor.LogInterceptor  - --- starting SaveGroupCmd --------------------------------------------------------
10:47:59,234 [main] DEBUG org.activiti.engine.impl.db.DbSqlSession  -   insert org.activiti.engine.impl.persistence.entity.GroupEntity@32a0ac18
10:47:59,234 [main] DEBUG org.activiti.engine.impl.db.DbSqlSession  - flush summary: 1 insert, 0 update, 0 delete.
10:47:59,234 [main] DEBUG org.activiti.engine.impl.db.DbSqlSession  - now executing flush...
10:47:59,234 [main] DEBUG org.activiti.engine.impl.db.DbSqlSession  - inserting: org.activiti.engine.impl.persistence.entity.GroupEntity@32a0ac18
10:47:59,235 [main] DEBUG org.apache.ibatis.transaction.jdbc.JdbcTransaction  - Opening JDBC Connection
10:47:59,235 [main] DEBUG org.apache.ibatis.datasource.pooled.PooledDataSource  - Checked out connection 297240765 from pool.
10:47:59,235 [main] DEBUG org.apache.ibatis.transaction.jdbc.JdbcTransaction  - Setting autocommit to false on JDBC Connection [conn4: url=jdbc:h2:mem:activiti user=SA]
10:47:59,235 [main] DEBUG org.activiti.engine.impl.persistence.entity.GroupEntity.insertGroup  - ==&gt;  Preparing: insert into ACT_ID_GROUP (ID_, REV_, NAME_, TYPE_) values ( ?, 1, ?, ? ) 
10:47:59,235 [main] DEBUG org.activiti.engine.impl.persistence.entity.GroupEntity.insertGroup  - ==&gt; Parameters: group3(String), null, null
10:47:59,235 [main] DEBUG org.activiti.engine.impl.persistence.entity.GroupEntity.insertGroup  - &lt;==    Updates: 1
10:47:59,235 [main] DEBUG org.activiti.engine.impl.cfg.standalone.StandaloneMybatisTransactionContext  - firing event committing...
10:47:59,235 [main] DEBUG org.activiti.engine.impl.cfg.standalone.StandaloneMybatisTransactionContext  - committing the ibatis sql session...
10:47:59,235 [main] DEBUG org.apache.ibatis.transaction.jdbc.JdbcTransaction  - Committing JDBC Connection [conn4: url=jdbc:h2:mem:activiti user=SA]
10:47:59,235 [main] DEBUG org.activiti.engine.impl.cfg.standalone.StandaloneMybatisTransactionContext  - firing event committed...
10:47:59,235 [main] DEBUG org.apache.ibatis.transaction.jdbc.JdbcTransaction  - Resetting autocommit to true on JDBC Connection [conn4: url=jdbc:h2:mem:activiti user=SA]
10:47:59,235 [main] DEBUG org.apache.ibatis.transaction.jdbc.JdbcTransaction  - Closing JDBC Connection [conn4: url=jdbc:h2:mem:activiti user=SA]
10:47:59,235 [main] DEBUG org.apache.ibatis.datasource.pooled.PooledDataSource  - Returned connection 297240765 to pool.
10:47:59,235 [main] DEBUG org.activiti.engine.impl.interceptor.LogInterceptor  - --- SaveGroupCmd finished --------------------------------------------------------
10:47:59,235 [main] DEBUG org.activiti.engine.impl.interceptor.LogInterceptor  - 

10:47:59,235 [main] DEBUG org.activiti.engine.impl.interceptor.LogInterceptor  - 

10:47:59,235 [main] DEBUG org.activiti.engine.impl.interceptor.LogInterceptor  - --- starting CreateMembershipCmd --------------------------------------------------------
10:47:59,235 [main] DEBUG org.activiti.engine.impl.db.DbSqlSession  -   insert org.activiti.engine.impl.persistence.entity.MembershipEntity@143a972d
10:47:59,235 [main] DEBUG org.activiti.engine.impl.db.DbSqlSession  - flush summary: 1 insert, 0 update, 0 delete.
10:47:59,235 [main] DEBUG org.activiti.engine.impl.db.DbSqlSession  - now executing flush...
10:47:59,235 [main] DEBUG org.activiti.engine.impl.db.DbSqlSession  - inserting: org.activiti.engine.impl.persistence.entity.MembershipEntity@143a972d
10:47:59,235 [main] DEBUG org.apache.ibatis.transaction.jdbc.JdbcTransaction  - Opening JDBC Connection
10:47:59,235 [main] DEBUG org.apache.ibatis.datasource.pooled.PooledDataSource  - Checked out connection 486346394 from pool.
10:47:59,235 [main] DEBUG org.apache.ibatis.transaction.jdbc.JdbcTransaction  - Setting autocommit to false on JDBC Connection [conn6: url=jdbc:h2:mem:activiti user=SA]
10:47:59,235 [main] DEBUG org.activiti.engine.impl.persistence.entity.MembershipRelation.insertMembership  - ==&gt;  Preparing: insert into ACT_ID_MEMBERSHIP (USER_ID_, GROUP_ID_) values ( ?, ? ) 
10:47:59,235 [main] DEBUG org.activiti.engine.impl.persistence.entity.MembershipRelation.insertMembership  - ==&gt; Parameters: userInGroup1(String), group1(String)
10:47:59,235 [main] DEBUG org.activiti.engine.impl.persistence.entity.MembershipRelation.insertMembership  - &lt;==    Updates: 1
10:47:59,235 [main] DEBUG org.activiti.engine.impl.cfg.standalone.StandaloneMybatisTransactionContext  - firing event committing...
10:47:59,235 [main] DEBUG org.activiti.engine.impl.cfg.standalone.StandaloneMybatisTransactionContext  - committing the ibatis sql session...
10:47:59,235 [main] DEBUG org.apache.ibatis.transaction.jdbc.JdbcTransaction  - Committing JDBC Connection [conn6: url=jdbc:h2:mem:activiti user=SA]
10:47:59,235 [main] DEBUG org.activiti.engine.impl.cfg.standalone.StandaloneMybatisTransactionContext  - firing event committed...
10:47:59,235 [main] DEBUG org.apache.ibatis.transaction.jdbc.JdbcTransaction  - Resetting autocommit to true on JDBC Connection [conn6: url=jdbc:h2:mem:activiti user=SA]
10:47:59,235 [main] DEBUG org.apache.ibatis.transaction.jdbc.JdbcTransaction  - Closing JDBC Connection [conn6: url=jdbc:h2:mem:activiti user=SA]
10:47:59,235 [main] DEBUG org.apache.ibatis.datasource.pooled.PooledDataSource  - Returned connection 486346394 to pool.
10:47:59,235 [main] DEBUG org.activiti.engine.impl.interceptor.LogInterceptor  - --- CreateMembershipCmd finished --------------------------------------------------------
10:47:59,235 [main] DEBUG org.activiti.engine.impl.interceptor.LogInterceptor  - 

10:47:59,235 [main] DEBUG org.activiti.engine.impl.interceptor.LogInterceptor  - 

10:47:59,235 [main] DEBUG org.activiti.engine.impl.interceptor.LogInterceptor  - --- starting CreateMembershipCmd --------------------------------------------------------
10:47:59,235 [main] DEBUG org.activiti.engine.impl.db.DbSqlSession  -   insert org.activiti.engine.impl.persistence.entity.MembershipEntity@4aef0bb2
10:47:59,235 [main] DEBUG org.activiti.engine.impl.db.DbSqlSession  - flush summary: 1 insert, 0 update, 0 delete.
10:47:59,235 [main] DEBUG org.activiti.engine.impl.db.DbSqlSession  - now executing flush...
10:47:59,235 [main] DEBUG org.activiti.engine.impl.db.DbSqlSession  - inserting: org.activiti.engine.impl.persistence.entity.MembershipEntity@4aef0bb2
10:47:59,235 [main] DEBUG org.apache.ibatis.transaction.jdbc.JdbcTransaction  - Opening JDBC Connection
10:47:59,235 [main] DEBUG org.apache.ibatis.datasource.pooled.PooledDataSource  - Checked out connection 363509958 from pool.
10:47:59,235 [main] DEBUG org.apache.ibatis.transaction.jdbc.JdbcTransaction  - Setting autocommit to false on JDBC Connection [conn2: url=jdbc:h2:mem:activiti user=SA]
10:47:59,235 [main] DEBUG org.activiti.engine.impl.persistence.entity.MembershipRelation.insertMembership  - ==&gt;  Preparing: insert into ACT_ID_MEMBERSHIP (USER_ID_, GROUP_ID_) values ( ?, ? ) 
10:47:59,236 [main] DEBUG org.activiti.engine.impl.persistence.entity.MembershipRelation.insertMembership  - ==&gt; Parameters: userInGroup2(String), group2(String)
10:47:59,236 [main] DEBUG org.activiti.engine.impl.persistence.entity.MembershipRelation.insertMembership  - &lt;==    Updates: 1
10:47:59,236 [main] DEBUG org.activiti.engine.impl.cfg.standalone.StandaloneMybatisTransactionContext  - firing event committing...
10:47:59,236 [main] DEBUG org.activiti.engine.impl.cfg.standalone.StandaloneMybatisTransactionContext  - committing the ibatis sql session...
10:47:59,236 [main] DEBUG org.apache.ibatis.transaction.jdbc.JdbcTransaction  - Committing JDBC Connection [conn2: url=jdbc:h2:mem:activiti user=SA]
10:47:59,236 [main] DEBUG org.activiti.engine.impl.cfg.standalone.StandaloneMybatisTransactionContext  - firing event committed...
10:47:59,236 [main] DEBUG org.apache.ibatis.transaction.jdbc.JdbcTransaction  - Resetting autocommit to true on JDBC Connection [conn2: url=jdbc:h2:mem:activiti user=SA]
10:47:59,236 [main] DEBUG org.apache.ibatis.transaction.jdbc.JdbcTransaction  - Closing JDBC Connection [conn2: url=jdbc:h2:mem:activiti user=SA]
10:47:59,236 [main] DEBUG org.apache.ibatis.datasource.pooled.PooledDataSource  - Returned connection 363509958 to pool.
10:47:59,236 [main] DEBUG org.activiti.engine.impl.interceptor.LogInterceptor  - --- CreateMembershipCmd finished --------------------------------------------------------
10:47:59,236 [main] DEBUG org.activiti.engine.impl.interceptor.LogInterceptor  - 

10:47:59,236 [main] DEBUG org.activiti.engine.impl.interceptor.LogInterceptor  - 

10:47:59,236 [main] DEBUG org.activiti.engine.impl.interceptor.LogInterceptor  - --- starting CreateMembershipCmd --------------------------------------------------------
10:47:59,236 [main] DEBUG org.activiti.engine.impl.db.DbSqlSession  -   insert org.activiti.engine.impl.persistence.entity.MembershipEntity@78b2c7e3
10:47:59,236 [main] DEBUG org.activiti.engine.impl.db.DbSqlSession  - flush summary: 1 insert, 0 update, 0 delete.
10:47:59,236 [main] DEBUG org.activiti.engine.impl.db.DbSqlSession  - now executing flush...
10:47:59,236 [main] DEBUG org.activiti.engine.impl.db.DbSqlSession  - inserting: org.activiti.engine.impl.persistence.entity.MembershipEntity@78b2c7e3
10:47:59,236 [main] DEBUG org.apache.ibatis.transaction.jdbc.JdbcTransaction  - Opening JDBC Connection
10:47:59,236 [main] DEBUG org.apache.ibatis.datasource.pooled.PooledDataSource  - Checked out connection 180014677 from pool.
10:47:59,236 [main] DEBUG org.apache.ibatis.transaction.jdbc.JdbcTransaction  - Setting autocommit to false on JDBC Connection [conn3: url=jdbc:h2:mem:activiti user=SA]
10:47:59,236 [main] DEBUG org.activiti.engine.impl.persistence.entity.MembershipRelation.insertMembership  - ==&gt;  Preparing: insert into ACT_ID_MEMBERSHIP (USER_ID_, GROUP_ID_) values ( ?, ? ) 
10:47:59,236 [main] DEBUG org.activiti.engine.impl.persistence.entity.MembershipRelation.insertMembership  - ==&gt; Parameters: userInGroup3(String), group3(String)
10:47:59,236 [main] DEBUG org.activiti.engine.impl.persistence.entity.MembershipRelation.insertMembership  - &lt;==    Updates: 1
10:47:59,236 [main] DEBUG org.activiti.engine.impl.cfg.standalone.StandaloneMybatisTransactionContext  - firing event committing...
10:47:59,236 [main] DEBUG org.activiti.engine.impl.cfg.standalone.StandaloneMybatisTransactionContext  - committing the ibatis sql session...
10:47:59,236 [main] DEBUG org.apache.ibatis.transaction.jdbc.JdbcTransaction  - Committing JDBC Connection [conn3: url=jdbc:h2:mem:activiti user=SA]
10:47:59,236 [main] DEBUG org.activiti.engine.impl.cfg.standalone.StandaloneMybatisTransactionContext  - firing event committed...
10:47:59,236 [main] DEBUG org.apache.ibatis.transaction.jdbc.JdbcTransaction  - Resetting autocommit to true on JDBC Connection [conn3: url=jdbc:h2:mem:activiti user=SA]
10:47:59,236 [main] DEBUG org.apache.ibatis.transaction.jdbc.JdbcTransaction  - Closing JDBC Connection [conn3: url=jdbc:h2:mem:activiti user=SA]
10:47:59,236 [main] DEBUG org.apache.ibatis.datasource.pooled.PooledDataSource  - Returned connection 180014677 to pool.
10:47:59,236 [main] DEBUG org.activiti.engine.impl.interceptor.LogInterceptor  - --- CreateMembershipCmd finished --------------------------------------------------------
10:47:59,236 [main] DEBUG org.activiti.engine.impl.interceptor.LogInterceptor  - 

10:47:59,236 [main] DEBUG org.activiti.engine.impl.interceptor.LogInterceptor  - 

10:47:59,236 [main] DEBUG org.activiti.engine.impl.interceptor.LogInterceptor  - --- starting ProcessDefinitionQueryImpl --------------------------------------------------------
10:47:59,236 [main] DEBUG org.apache.ibatis.transaction.jdbc.JdbcTransaction  - Opening JDBC Connection
10:47:59,236 [main] DEBUG org.apache.ibatis.datasource.pooled.PooledDataSource  - Checked out connection 297240765 from pool.
10:47:59,236 [main] DEBUG org.apache.ibatis.transaction.jdbc.JdbcTransaction  - Setting autocommit to false on JDBC Connection [conn4: url=jdbc:h2:mem:activiti user=SA]
10:47:59,237 [main] DEBUG org.activiti.engine.impl.persistence.entity.ProcessDefinitionEntity.selectProcessDefinitionsByQueryCriteria  - ==&gt;  Preparing: select RES.* from ACT_RE_PROCDEF RES WHERE RES.KEY_ = ? order by order by RES.ID_ asc LIMIT ? OFFSET ? 
10:47:59,237 [main] DEBUG org.activiti.engine.impl.interceptor.CommandContext  - Error while closing command context
org.apache.ibatis.exceptions.PersistenceException: 
### Error querying database.  Cause: org.h2.jdbc.JdbcSQLException: Syntax error in SQL statement &quot;SELECT RES.* 
       
    FROM ACT_RE_PROCDEF RES
     
     WHERE  RES.KEY_ = ? 
   
     ORDER BY  ORDER[*] BY RES.ID_ ASC  
    LIMIT ? OFFSET ? &quot;; expected &quot;=, NOT, EXISTS, INTERSECTS, SELECT, FROM&quot;; SQL statement:
select RES.* 
       
    from ACT_RE_PROCDEF RES
     
     WHERE  RES.KEY_ = ? 
   
     order by  order by RES.ID_ asc  
    LIMIT ? OFFSET ? [42001-176]
### The error may exist in org/activiti/db/mapping/entity/ProcessDefinition.xml
### The error may involve org.activiti.engine.impl.persistence.entity.ProcessDefinitionEntity.selectProcessDefinitionsByQueryCriteria
### The error occurred while executing a query
### SQL: select RES.*              from ACT_RE_PROCDEF RES            WHERE  RES.KEY_ = ?           order by  order by RES.ID_ asc       LIMIT ? OFFSET ?
### Cause: org.h2.jdbc.JdbcSQLException: Syntax error in SQL statement &quot;SELECT RES.* 
       
    FROM ACT_RE_PROCDEF RES
     
     WHERE  RES.KEY_ = ? 
   
     ORDER BY  ORDER[*] BY RES.ID_ ASC  
    LIMIT ? OFFSET ? &quot;; expected &quot;=, NOT, EXISTS, INTERSECTS, SELECT, FROM&quot;; SQL statement:
select RES.* 
       
    from ACT_RE_PROCDEF RES
     
     WHERE  RES.KEY_ = ? 
   
     order by  order by RES.ID_ asc  
    LIMIT ? OFFSET ? [42001-176]
	at org.apache.ibatis.exceptions.ExceptionFactory.wrapException(ExceptionFactory.java:30)
	at org.apache.ibatis.session.defaults.DefaultSqlSession.selectList(DefaultSqlSession.java:122)
	at org.apache.ibatis.session.defaults.DefaultSqlSession.selectList(DefaultSqlSession.java:113)
	at org.activiti.engine.impl.db.DbSqlSession.selectListWithRawParameter(DbSqlSession.java:438)
	at org.activiti.engine.impl.db.DbSqlSession.selectList(DbSqlSession.java:429)
	at org.activiti.engine.impl.db.DbSqlSession.selectList(DbSqlSession.java:419)
	at org.activiti.engine.impl.persistence.entity.ProcessDefinitionEntityManager.findProcessDefinitionsByQueryCriteria(ProcessDefinitionEntityManager.java:57)
	at org.activiti.engine.impl.ProcessDefinitionQueryImpl.executeList(ProcessDefinitionQueryImpl.java:307)
	at org.activiti.engine.impl.AbstractQuery.executeSingleResult(AbstractQuery.java:183)
	at org.activiti.engine.impl.AbstractQuery.execute(AbstractQuery.java:166)
	at org.activiti.engine.impl.interceptor.CommandInvoker.execute(CommandInvoker.java:24)
	at org.activiti.engine.impl.interceptor.CommandContextInterceptor.execute(CommandContextInterceptor.java:57)
	at org.activiti.engine.impl.interceptor.LogInterceptor.execute(LogInterceptor.java:37)
	at org.activiti.engine.impl.cfg.CommandExecutorImpl.execute(CommandExecutorImpl.java:40)
	at org.activiti.engine.impl.cfg.CommandExecutorImpl.execute(CommandExecutorImpl.java:35)
	at org.activiti.engine.impl.AbstractQuery.singleResult(AbstractQuery.java:129)
	at org.activiti.examples.bpmn.authorization.StartAuthorizationTest.testIdentityLinks(StartAuthorizationTest.java:105)
	at sun.reflect.NativeMethodAccessorImpl.invoke0(Native Method)
	at sun.reflect.NativeMethodAccessorImpl.invoke(NativeMethodAccessorImpl.java:62)
	at sun.reflect.DelegatingMethodAccessorImpl.invoke(DelegatingMethodAccessorImpl.java:43)
	at java.lang.reflect.Method.invoke(Method.java:498)
	at junit.framework.TestCase.runTest(TestCase.java:176)
	at org.activiti.engine.impl.test.PvmTestCase.runTest(PvmTestCase.java:65)
	at junit.framework.TestCase.runBare(TestCase.java:141)
	at org.activiti.engine.impl.test.AbstractActivitiTestCase.runBare(AbstractActivitiTestCase.java:100)
	at junit.framework.TestResult$1.protect(TestResult.java:122)
	at junit.framework.TestResult.runProtected(TestResult.java:142)
	at junit.framework.TestResult.run(TestResult.java:125)
	at junit.framework.TestCase.run(TestCase.java:129)
	at junit.framework.TestSuite.runTest(TestSuite.java:255)
	at junit.framework.TestSuite.run(TestSuite.java:250)
	at org.junit.internal.runners.JUnit38ClassRunner.run(JUnit38ClassRunner.java:84)
	at org.apache.maven.surefire.junit4.JUnit4TestSet.execute(JUnit4TestSet.java:35)
	at org.apache.maven.surefire.junit4.JUnit4Provider.executeTestSet(JUnit4Provider.java:146)
	at org.apache.maven.surefire.junit4.JUnit4Provider.invoke(JUnit4Provider.java:97)
	at sun.reflect.NativeMethodAccessorImpl.invoke0(Native Method)
	at sun.reflect.NativeMethodAccessorImpl.invoke(NativeMethodAccessorImpl.java:62)
	at sun.reflect.DelegatingMethodAccessorImpl.invoke(DelegatingMethodAccessorImpl.java:43)
	at java.lang.reflect.Method.invoke(Method.java:498)
	at org.apache.maven.surefire.booter.ProviderFactory$ClassLoaderProxy.invoke(ProviderFactory.java:103)
	at com.sun.proxy.$Proxy0.invoke(Unknown Source)
	at org.apache.maven.surefire.booter.SurefireStarter.invokeProvider(SurefireStarter.java:145)
	at org.apache.maven.surefire.booter.SurefireStarter.runSuitesInProcess(SurefireStarter.java:87)
	at org.apache.maven.surefire.booter.ForkedBooter.main(ForkedBooter.java:69)
Caused by: org.h2.jdbc.JdbcSQLException: Syntax error in SQL statement &quot;SELECT RES.* 
       
    FROM ACT_RE_PROCDEF RES
     
     WHERE  RES.KEY_ = ? 
   
     ORDER BY  ORDER[*] BY RES.ID_ ASC  
    LIMIT ? OFFSET ? &quot;; expected &quot;=, NOT, EXISTS, INTERSECTS, SELECT, FROM&quot;; SQL statement:
select RES.* 
       
    from ACT_RE_PROCDEF RES
     
     WHERE  RES.KEY_ = ? 
   
     order by  order by RES.ID_ asc  
    LIMIT ? OFFSET ? [42001-176]
	at org.h2.message.DbException.getJdbcSQLException(DbException.java:344)
	at org.h2.message.DbException.getSyntaxError(DbException.java:204)
	at org.h2.command.Parser.getSyntaxError(Parser.java:524)
	at org.h2.command.Parser.readTerm(Parser.java:2688)
	at org.h2.command.Parser.readFactor(Parser.java:2244)
	at org.h2.command.Parser.readSum(Parser.java:2231)
	at org.h2.command.Parser.readConcat(Parser.java:2201)
	at org.h2.command.Parser.readCondition(Parser.java:2051)
	at org.h2.command.Parser.readAnd(Parser.java:2023)
	at org.h2.command.Parser.readExpression(Parser.java:2015)
	at org.h2.command.Parser.parseEndOfQuery(Parser.java:1726)
	at org.h2.command.Parser.parseSelectUnionExtension(Parser.java:1706)
	at org.h2.command.Parser.parseSelectUnion(Parser.java:1675)
	at org.h2.command.Parser.parseSelect(Parser.java:1662)
	at org.h2.command.Parser.parsePrepared(Parser.java:434)
	at org.h2.command.Parser.parse(Parser.java:306)
	at org.h2.command.Parser.parse(Parser.java:282)
	at org.h2.command.Parser.prepareCommand(Parser.java:243)
	at org.h2.engine.Session.prepareLocal(Session.java:442)
	at org.h2.engine.Session.prepareCommand(Session.java:384)
	at org.h2.jdbc.JdbcConnection.prepareCommand(JdbcConnection.java:1188)
	at org.h2.jdbc.JdbcPreparedStatement.&lt;init&gt;(JdbcPreparedStatement.java:73)
	at org.h2.jdbc.JdbcConnection.prepareStatement(JdbcConnection.java:276)
	at sun.reflect.GeneratedMethodAccessor6.invoke(Unknown Source)
	at sun.reflect.DelegatingMethodAccessorImpl.invoke(DelegatingMethodAccessorImpl.java:43)
	at java.lang.reflect.Method.invoke(Method.java:498)
	at org.apache.ibatis.datasource.pooled.PooledConnection.invoke(PooledConnection.java:245)
	at com.sun.proxy.$Proxy12.prepareStatement(Unknown Source)
	at sun.reflect.GeneratedMethodAccessor6.invoke(Unknown Source)
	at sun.reflect.DelegatingMethodAccessorImpl.invoke(DelegatingMethodAccessorImpl.java:43)
	at java.lang.reflect.Method.invoke(Method.java:498)
	at org.apache.ibatis.logging.jdbc.ConnectionLogger.invoke(ConnectionLogger.java:55)
	at com.sun.proxy.$Proxy12.prepareStatement(Unknown Source)
	at org.apache.ibatis.executor.statement.PreparedStatementHandler.instantiateStatement(PreparedStatementHandler.java:79)
	at org.apache.ibatis.executor.statement.BaseStatementHandler.prepare(BaseStatementHandler.java:88)
	at org.apache.ibatis.executor.statement.RoutingStatementHandler.prepare(RoutingStatementHandler.java:58)
	at org.apache.ibatis.executor.SimpleExecutor.prepareStatement(SimpleExecutor.java:76)
	at org.apache.ibatis.executor.SimpleExecutor.doQuery(SimpleExecutor.java:61)
	at org.apache.ibatis.executor.BaseExecutor.queryFromDatabase(BaseExecutor.java:303)
	at org.apache.ibatis.executor.BaseExecutor.query(BaseExecutor.java:154)
	at org.apache.ibatis.executor.CachingExecutor.query(CachingExecutor.java:102)
	at org.apache.ibatis.executor.CachingExecutor.query(CachingExecutor.java:82)
	at org.apache.ibatis.session.defaults.DefaultSqlSession.selectList(DefaultSqlSession.java:120)
	... 42 more
10:47:59,237 [main] DEBUG org.activiti.engine.impl.cfg.standalone.StandaloneMybatisTransactionContext  - firing event rolling back...
10:47:59,237 [main] DEBUG org.activiti.engine.impl.cfg.standalone.StandaloneMybatisTransactionContext  - rolling back ibatis sql session...
10:47:59,237 [main] DEBUG org.activiti.engine.impl.cfg.standalone.StandaloneMybatisTransactionContext  - firing event rolled back...
10:47:59,237 [main] DEBUG org.apache.ibatis.transaction.jdbc.JdbcTransaction  - Resetting autocommit to true on JDBC Connection [conn4: url=jdbc:h2:mem:activiti user=SA]
10:47:59,237 [main] DEBUG org.apache.ibatis.transaction.jdbc.JdbcTransaction  - Closing JDBC Connection [conn4: url=jdbc:h2:mem:activiti user=SA]
10:47:59,237 [main] DEBUG org.apache.ibatis.datasource.pooled.PooledDataSource  - Returned connection 297240765 to pool.
10:47:59,237 [main] DEBUG org.activiti.engine.impl.interceptor.LogInterceptor  - --- ProcessDefinitionQueryImpl finished --------------------------------------------------------
10:47:59,237 [main] DEBUG org.activiti.engine.impl.interceptor.LogInterceptor  - 

10:47:59,237 [main] DEBUG org.activiti.engine.impl.interceptor.LogInterceptor  - 

10:47:59,237 [main] DEBUG org.activiti.engine.impl.interceptor.LogInterceptor  - --- starting DeleteMembershipCmd --------------------------------------------------------
10:47:59,237 [main] DEBUG org.activiti.engine.impl.db.DbSqlSession  -   bulk delete: deleteMembership({groupId=group1, userId=userInGroup1})
10:47:59,237 [main] DEBUG org.activiti.engine.impl.db.DbSqlSession  - flush summary: 0 insert, 0 update, 1 delete.
10:47:59,237 [main] DEBUG org.activiti.engine.impl.db.DbSqlSession  - now executing flush...
10:47:59,237 [main] DEBUG org.activiti.engine.impl.db.DbSqlSession  - executing: bulk delete: deleteMembership({groupId=group1, userId=userInGroup1})
10:47:59,237 [main] DEBUG org.apache.ibatis.transaction.jdbc.JdbcTransaction  - Opening JDBC Connection
10:47:59,237 [main] DEBUG org.apache.ibatis.datasource.pooled.PooledDataSource  - Checked out connection 486346394 from pool.
10:47:59,237 [main] DEBUG org.apache.ibatis.transaction.jdbc.JdbcTransaction  - Setting autocommit to false on JDBC Connection [conn6: url=jdbc:h2:mem:activiti user=SA]
10:47:59,237 [main] DEBUG org.activiti.engine.impl.persistence.entity.MembershipRelation.deleteMembership  - ==&gt;  Preparing: delete from ACT_ID_MEMBERSHIP where USER_ID_ = ? and GROUP_ID_ = ? 
10:47:59,237 [main] DEBUG org.activiti.engine.impl.persistence.entity.MembershipRelation.deleteMembership  - ==&gt; Parameters: userInGroup1(String), group1(String)
10:47:59,237 [main] DEBUG org.activiti.engine.impl.persistence.entity.MembershipRelation.deleteMembership  - &lt;==    Updates: 1
10:47:59,237 [main] DEBUG org.activiti.engine.impl.cfg.standalone.StandaloneMybatisTransactionContext  - firing event committing...
10:47:59,237 [main] DEBUG org.activiti.engine.impl.cfg.standalone.StandaloneMybatisTransactionContext  - committing the ibatis sql session...
10:47:59,237 [main] DEBUG org.apache.ibatis.transaction.jdbc.JdbcTransaction  - Committing JDBC Connection [conn6: url=jdbc:h2:mem:activiti user=SA]
10:47:59,237 [main] DEBUG org.activiti.engine.impl.cfg.standalone.StandaloneMybatisTransactionContext  - firing event committed...
10:47:59,237 [main] DEBUG org.apache.ibatis.transaction.jdbc.JdbcTransaction  - Resetting autocommit to true on JDBC Connection [conn6: url=jdbc:h2:mem:activiti user=SA]
10:47:59,237 [main] DEBUG org.apache.ibatis.transaction.jdbc.JdbcTransaction  - Closing JDBC Connection [conn6: url=jdbc:h2:mem:activiti user=SA]
10:47:59,238 [main] DEBUG org.apache.ibatis.datasource.pooled.PooledDataSource  - Returned connection 486346394 to pool.
10:47:59,238 [main] DEBUG org.activiti.engine.impl.interceptor.LogInterceptor  - --- DeleteMembershipCmd finished --------------------------------------------------------
10:47:59,238 [main] DEBUG org.activiti.engine.impl.interceptor.LogInterceptor  - 

10:47:59,238 [main] DEBUG org.activiti.engine.impl.interceptor.LogInterceptor  - 

10:47:59,238 [main] DEBUG org.activiti.engine.impl.interceptor.LogInterceptor  - --- starting DeleteMembershipCmd --------------------------------------------------------
10:47:59,238 [main] DEBUG org.activiti.engine.impl.db.DbSqlSession  -   bulk delete: deleteMembership({groupId=group2, userId=userInGroup2})
10:47:59,238 [main] DEBUG org.activiti.engine.impl.db.DbSqlSession  - flush summary: 0 insert, 0 update, 1 delete.
10:47:59,238 [main] DEBUG org.activiti.engine.impl.db.DbSqlSession  - now executing flush...
10:47:59,238 [main] DEBUG org.activiti.engine.impl.db.DbSqlSession  - executing: bulk delete: deleteMembership({groupId=group2, userId=userInGroup2})
10:47:59,238 [main] DEBUG org.apache.ibatis.transaction.jdbc.JdbcTransaction  - Opening JDBC Connection
10:47:59,238 [main] DEBUG org.apache.ibatis.datasource.pooled.PooledDataSource  - Checked out connection 363509958 from pool.
10:47:59,238 [main] DEBUG org.apache.ibatis.transaction.jdbc.JdbcTransaction  - Setting autocommit to false on JDBC Connection [conn2: url=jdbc:h2:mem:activiti user=SA]
10:47:59,238 [main] DEBUG org.activiti.engine.impl.persistence.entity.MembershipRelation.deleteMembership  - ==&gt;  Preparing: delete from ACT_ID_MEMBERSHIP where USER_ID_ = ? and GROUP_ID_ = ? 
10:47:59,238 [main] DEBUG org.activiti.engine.impl.persistence.entity.MembershipRelation.deleteMembership  - ==&gt; Parameters: userInGroup2(String), group2(String)
10:47:59,238 [main] DEBUG org.activiti.engine.impl.persistence.entity.MembershipRelation.deleteMembership  - &lt;==    Updates: 1
10:47:59,238 [main] DEBUG org.activiti.engine.impl.cfg.standalone.StandaloneMybatisTransactionContext  - firing event committing...
10:47:59,238 [main] DEBUG org.activiti.engine.impl.cfg.standalone.StandaloneMybatisTransactionContext  - committing the ibatis sql session...
10:47:59,238 [main] DEBUG org.apache.ibatis.transaction.jdbc.JdbcTransaction  - Committing JDBC Connection [conn2: url=jdbc:h2:mem:activiti user=SA]
10:47:59,238 [main] DEBUG org.activiti.engine.impl.cfg.standalone.StandaloneMybatisTransactionContext  - firing event committed...
10:47:59,238 [main] DEBUG org.apache.ibatis.transaction.jdbc.JdbcTransaction  - Resetting autocommit to true on JDBC Connection [conn2: url=jdbc:h2:mem:activiti user=SA]
10:47:59,238 [main] DEBUG org.apache.ibatis.transaction.jdbc.JdbcTransaction  - Closing JDBC Connection [conn2: url=jdbc:h2:mem:activiti user=SA]
10:47:59,238 [main] DEBUG org.apache.ibatis.datasource.pooled.PooledDataSource  - Returned connection 363509958 to pool.
10:47:59,238 [main] DEBUG org.activiti.engine.impl.interceptor.LogInterceptor  - --- DeleteMembershipCmd finished --------------------------------------------------------
10:47:59,238 [main] DEBUG org.activiti.engine.impl.interceptor.LogInterceptor  - 

10:47:59,238 [main] DEBUG org.activiti.engine.impl.interceptor.LogInterceptor  - 

10:47:59,238 [main] DEBUG org.activiti.engine.impl.interceptor.LogInterceptor  - --- starting DeleteMembershipCmd --------------------------------------------------------
10:47:59,238 [main] DEBUG org.activiti.engine.impl.db.DbSqlSession  -   bulk delete: deleteMembership({groupId=group3, userId=userInGroup3})
10:47:59,238 [main] DEBUG org.activiti.engine.impl.db.DbSqlSession  - flush summary: 0 insert, 0 update, 1 delete.
10:47:59,238 [main] DEBUG org.activiti.engine.impl.db.DbSqlSession  - now executing flush...
10:47:59,238 [main] DEBUG org.activiti.engine.impl.db.DbSqlSession  - executing: bulk delete: deleteMembership({groupId=group3, userId=userInGroup3})
10:47:59,238 [main] DEBUG org.apache.ibatis.transaction.jdbc.JdbcTransaction  - Opening JDBC Connection
10:47:59,238 [main] DEBUG org.apache.ibatis.datasource.pooled.PooledDataSource  - Checked out connection 180014677 from pool.
10:47:59,238 [main] DEBUG org.apache.ibatis.transaction.jdbc.JdbcTransaction  - Setting autocommit to false on JDBC Connection [conn3: url=jdbc:h2:mem:activiti user=SA]
10:47:59,238 [main] DEBUG org.activiti.engine.impl.persistence.entity.MembershipRelation.deleteMembership  - ==&gt;  Preparing: delete from ACT_ID_MEMBERSHIP where USER_ID_ = ? and GROUP_ID_ = ? 
10:47:59,238 [main] DEBUG org.activiti.engine.impl.persistence.entity.MembershipRelation.deleteMembership  - ==&gt; Parameters: userInGroup3(String), group3(String)
10:47:59,238 [main] DEBUG org.activiti.engine.impl.persistence.entity.MembershipRelation.deleteMembership  - &lt;==    Updates: 1
10:47:59,238 [main] DEBUG org.activiti.engine.impl.cfg.standalone.StandaloneMybatisTransactionContext  - firing event committing...
10:47:59,238 [main] DEBUG org.activiti.engine.impl.cfg.standalone.StandaloneMybatisTransactionContext  - committing the ibatis sql session...
10:47:59,238 [main] DEBUG org.apache.ibatis.transaction.jdbc.JdbcTransaction  - Committing JDBC Connection [conn3: url=jdbc:h2:mem:activiti user=SA]
10:47:59,238 [main] DEBUG org.activiti.engine.impl.cfg.standalone.StandaloneMybatisTransactionContext  - firing event committed...
10:47:59,238 [main] DEBUG org.apache.ibatis.transaction.jdbc.JdbcTransaction  - Resetting autocommit to true on JDBC Connection [conn3: url=jdbc:h2:mem:activiti user=SA]
10:47:59,238 [main] DEBUG org.apache.ibatis.transaction.jdbc.JdbcTransaction  - Closing JDBC Connection [conn3: url=jdbc:h2:mem:activiti user=SA]
10:47:59,238 [main] DEBUG org.apache.ibatis.datasource.pooled.PooledDataSource  - Returned connection 180014677 to pool.
10:47:59,238 [main] DEBUG org.activiti.engine.impl.interceptor.LogInterceptor  - --- DeleteMembershipCmd finished --------------------------------------------------------
10:47:59,238 [main] DEBUG org.activiti.engine.impl.interceptor.LogInterceptor  - 

10:47:59,238 [main] DEBUG org.activiti.engine.impl.interceptor.LogInterceptor  - 

10:47:59,238 [main] DEBUG org.activiti.engine.impl.interceptor.LogInterceptor  - --- starting DeleteGroupCmd --------------------------------------------------------
10:47:59,238 [main] DEBUG org.apache.ibatis.transaction.jdbc.JdbcTransaction  - Opening JDBC Connection
10:47:59,238 [main] DEBUG org.apache.ibatis.datasource.pooled.PooledDataSource  - Checked out connection 297240765 from pool.
10:47:59,238 [main] DEBUG org.apache.ibatis.transaction.jdbc.JdbcTransaction  - Setting autocommit to false on JDBC Connection [conn4: url=jdbc:h2:mem:activiti user=SA]
10:47:59,238 [main] DEBUG org.activiti.engine.impl.persistence.entity.GroupEntity.selectGroup  - ==&gt;  Preparing: select * from ACT_ID_GROUP where ID_ = ? 
10:47:59,238 [main] DEBUG org.activiti.engine.impl.persistence.entity.GroupEntity.selectGroup  - ==&gt; Parameters: group1(String)
10:47:59,238 [main] DEBUG org.activiti.engine.impl.persistence.entity.GroupEntity.selectGroup  - &lt;==      Total: 1
10:47:59,239 [main] DEBUG org.activiti.engine.impl.db.DbSqlSession  -   bulk delete: deleteMembershipsByGroupId(group1)
10:47:59,239 [main] DEBUG org.activiti.engine.impl.db.DbSqlSession  -   delete org.activiti.engine.impl.persistence.entity.GroupEntity@3d063972
10:47:59,239 [main] DEBUG org.activiti.engine.impl.db.DbSqlSession  - flush summary: 0 insert, 0 update, 2 delete.
10:47:59,239 [main] DEBUG org.activiti.engine.impl.db.DbSqlSession  - now executing flush...
10:47:59,239 [main] DEBUG org.activiti.engine.impl.db.DbSqlSession  - executing: bulk delete: deleteMembershipsByGroupId(group1)
10:47:59,239 [main] DEBUG org.activiti.engine.impl.persistence.entity.MembershipRelation.deleteMembershipsByGroupId  - ==&gt;  Preparing: delete from ACT_ID_MEMBERSHIP where GROUP_ID_ = ? 
10:47:59,239 [main] DEBUG org.activiti.engine.impl.persistence.entity.MembershipRelation.deleteMembershipsByGroupId  - ==&gt; Parameters: group1(String)
10:47:59,239 [main] DEBUG org.activiti.engine.impl.persistence.entity.MembershipRelation.deleteMembershipsByGroupId  - &lt;==    Updates: 0
10:47:59,239 [main] DEBUG org.activiti.engine.impl.db.DbSqlSession  - executing: delete org.activiti.engine.impl.persistence.entity.GroupEntity@3d063972
10:47:59,239 [main] DEBUG org.activiti.engine.impl.persistence.entity.GroupEntity.deleteGroup  - ==&gt;  Preparing: delete from ACT_ID_GROUP where ID_ = ? and REV_ = ? 
10:47:59,239 [main] DEBUG org.activiti.engine.impl.persistence.entity.GroupEntity.deleteGroup  - ==&gt; Parameters: group1(String), 1(Integer)
10:47:59,239 [main] DEBUG org.activiti.engine.impl.persistence.entity.GroupEntity.deleteGroup  - &lt;==    Updates: 1
10:47:59,239 [main] DEBUG org.activiti.engine.impl.cfg.standalone.StandaloneMybatisTransactionContext  - firing event committing...
10:47:59,239 [main] DEBUG org.activiti.engine.impl.cfg.standalone.StandaloneMybatisTransactionContext  - committing the ibatis sql session...
10:47:59,239 [main] DEBUG org.apache.ibatis.transaction.jdbc.JdbcTransaction  - Committing JDBC Connection [conn4: url=jdbc:h2:mem:activiti user=SA]
10:47:59,239 [main] DEBUG org.activiti.engine.impl.cfg.standalone.StandaloneMybatisTransactionContext  - firing event committed...
10:47:59,239 [main] DEBUG org.apache.ibatis.transaction.jdbc.JdbcTransaction  - Resetting autocommit to true on JDBC Connection [conn4: url=jdbc:h2:mem:activiti user=SA]
10:47:59,239 [main] DEBUG org.apache.ibatis.transaction.jdbc.JdbcTransaction  - Closing JDBC Connection [conn4: url=jdbc:h2:mem:activiti user=SA]
10:47:59,239 [main] DEBUG org.apache.ibatis.datasource.pooled.PooledDataSource  - Returned connection 297240765 to pool.
10:47:59,239 [main] DEBUG org.activiti.engine.impl.interceptor.LogInterceptor  - --- DeleteGroupCmd finished --------------------------------------------------------
10:47:59,239 [main] DEBUG org.activiti.engine.impl.interceptor.LogInterceptor  - 

10:47:59,239 [main] DEBUG org.activiti.engine.impl.interceptor.LogInterceptor  - 

10:47:59,239 [main] DEBUG org.activiti.engine.impl.interceptor.LogInterceptor  - --- starting DeleteGroupCmd --------------------------------------------------------
10:47:59,239 [main] DEBUG org.apache.ibatis.transaction.jdbc.JdbcTransaction  - Opening JDBC Connection
10:47:59,239 [main] DEBUG org.apache.ibatis.datasource.pooled.PooledDataSource  - Checked out connection 486346394 from pool.
10:47:59,239 [main] DEBUG org.apache.ibatis.transaction.jdbc.JdbcTransaction  - Setting autocommit to false on JDBC Connection [conn6: url=jdbc:h2:mem:activiti user=SA]
10:47:59,239 [main] DEBUG org.activiti.engine.impl.persistence.entity.GroupEntity.selectGroup  - ==&gt;  Preparing: select * from ACT_ID_GROUP where ID_ = ? 
10:47:59,239 [main] DEBUG org.activiti.engine.impl.persistence.entity.GroupEntity.selectGroup  - ==&gt; Parameters: group2(String)
10:47:59,239 [main] DEBUG org.activiti.engine.impl.persistence.entity.GroupEntity.selectGroup  - &lt;==      Total: 1
10:47:59,239 [main] DEBUG org.activiti.engine.impl.db.DbSqlSession  -   bulk delete: deleteMembershipsByGroupId(group2)
10:47:59,239 [main] DEBUG org.activiti.engine.impl.db.DbSqlSession  -   delete org.activiti.engine.impl.persistence.entity.GroupEntity@53e57cee
10:47:59,239 [main] DEBUG org.activiti.engine.impl.db.DbSqlSession  - flush summary: 0 insert, 0 update, 2 delete.
10:47:59,239 [main] DEBUG org.activiti.engine.impl.db.DbSqlSession  - now executing flush...
10:47:59,239 [main] DEBUG org.activiti.engine.impl.db.DbSqlSession  - executing: bulk delete: deleteMembershipsByGroupId(group2)
10:47:59,239 [main] DEBUG org.activiti.engine.impl.persistence.entity.MembershipRelation.deleteMembershipsByGroupId  - ==&gt;  Preparing: delete from ACT_ID_MEMBERSHIP where GROUP_ID_ = ? 
10:47:59,239 [main] DEBUG org.activiti.engine.impl.persistence.entity.MembershipRelation.deleteMembershipsByGroupId  - ==&gt; Parameters: group2(String)
10:47:59,239 [main] DEBUG org.activiti.engine.impl.persistence.entity.MembershipRelation.deleteMembershipsByGroupId  - &lt;==    Updates: 0
10:47:59,239 [main] DEBUG org.activiti.engine.impl.db.DbSqlSession  - executing: delete org.activiti.engine.impl.persistence.entity.GroupEntity@53e57cee
10:47:59,239 [main] DEBUG org.activiti.engine.impl.persistence.entity.GroupEntity.deleteGroup  - ==&gt;  Preparing: delete from ACT_ID_GROUP where ID_ = ? and REV_ = ? 
10:47:59,239 [main] DEBUG org.activiti.engine.impl.persistence.entity.GroupEntity.deleteGroup  - ==&gt; Parameters: group2(String), 1(Integer)
10:47:59,239 [main] DEBUG org.activiti.engine.impl.persistence.entity.GroupEntity.deleteGroup  - &lt;==    Updates: 1
10:47:59,239 [main] DEBUG org.activiti.engine.impl.cfg.standalone.StandaloneMybatisTransactionContext  - firing event committing...
10:47:59,239 [main] DEBUG org.activiti.engine.impl.cfg.standalone.StandaloneMybatisTransactionContext  - committing the ibatis sql session...
10:47:59,239 [main] DEBUG org.apache.ibatis.transaction.jdbc.JdbcTransaction  - Committing JDBC Connection [conn6: url=jdbc:h2:mem:activiti user=SA]
10:47:59,239 [main] DEBUG org.activiti.engine.impl.cfg.standalone.StandaloneMybatisTransactionContext  - firing event committed...
10:47:59,239 [main] DEBUG org.apache.ibatis.transaction.jdbc.JdbcTransaction  - Resetting autocommit to true on JDBC Connection [conn6: url=jdbc:h2:mem:activiti user=SA]
10:47:59,239 [main] DEBUG org.apache.ibatis.transaction.jdbc.JdbcTransaction  - Closing JDBC Connection [conn6: url=jdbc:h2:mem:activiti user=SA]
10:47:59,239 [main] DEBUG org.apache.ibatis.datasource.pooled.PooledDataSource  - Returned connection 486346394 to pool.
10:47:59,239 [main] DEBUG org.activiti.engine.impl.interceptor.LogInterceptor  - --- DeleteGroupCmd finished --------------------------------------------------------
10:47:59,239 [main] DEBUG org.activiti.engine.impl.interceptor.LogInterceptor  - 

10:47:59,239 [main] DEBUG org.activiti.engine.impl.interceptor.LogInterceptor  - 

10:47:59,239 [main] DEBUG org.activiti.engine.impl.interceptor.LogInterceptor  - --- starting DeleteGroupCmd --------------------------------------------------------
10:47:59,240 [main] DEBUG org.apache.ibatis.transaction.jdbc.JdbcTransaction  - Opening JDBC Connection
10:47:59,240 [main] DEBUG org.apache.ibatis.datasource.pooled.PooledDataSource  - Checked out connection 363509958 from pool.
10:47:59,240 [main] DEBUG org.apache.ibatis.transaction.jdbc.JdbcTransaction  - Setting autocommit to false on JDBC Connection [conn2: url=jdbc:h2:mem:activiti user=SA]
10:47:59,240 [main] DEBUG org.activiti.engine.impl.persistence.entity.GroupEntity.selectGroup  - ==&gt;  Preparing: select * from ACT_ID_GROUP where ID_ = ? 
10:47:59,240 [main] DEBUG org.activiti.engine.impl.persistence.entity.GroupEntity.selectGroup  - ==&gt; Parameters: group3(String)
10:47:59,240 [main] DEBUG org.activiti.engine.impl.persistence.entity.GroupEntity.selectGroup  - &lt;==      Total: 1
10:47:59,240 [main] DEBUG org.activiti.engine.impl.db.DbSqlSession  -   bulk delete: deleteMembershipsByGroupId(group3)
10:47:59,240 [main] DEBUG org.activiti.engine.impl.db.DbSqlSession  -   delete org.activiti.engine.impl.persistence.entity.GroupEntity@37e07b6f
10:47:59,240 [main] DEBUG org.activiti.engine.impl.db.DbSqlSession  - flush summary: 0 insert, 0 update, 2 delete.
10:47:59,240 [main] DEBUG org.activiti.engine.impl.db.DbSqlSession  - now executing flush...
10:47:59,240 [main] DEBUG org.activiti.engine.impl.db.DbSqlSession  - executing: bulk delete: deleteMembershipsByGroupId(group3)
10:47:59,240 [main] DEBUG org.activiti.engine.impl.persistence.entity.MembershipRelation.deleteMembershipsByGroupId  - ==&gt;  Preparing: delete from ACT_ID_MEMBERSHIP where GROUP_ID_ = ? 
10:47:59,240 [main] DEBUG org.activiti.engine.impl.persistence.entity.MembershipRelation.deleteMembershipsByGroupId  - ==&gt; Parameters: group3(String)
10:47:59,240 [main] DEBUG org.activiti.engine.impl.persistence.entity.MembershipRelation.deleteMembershipsByGroupId  - &lt;==    Updates: 0
10:47:59,240 [main] DEBUG org.activiti.engine.impl.db.DbSqlSession  - executing: delete org.activiti.engine.impl.persistence.entity.GroupEntity@37e07b6f
10:47:59,240 [main] DEBUG org.activiti.engine.impl.persistence.entity.GroupEntity.deleteGroup  - ==&gt;  Preparing: delete from ACT_ID_GROUP where ID_ = ? and REV_ = ? 
10:47:59,240 [main] DEBUG org.activiti.engine.impl.persistence.entity.GroupEntity.deleteGroup  - ==&gt; Parameters: group3(String), 1(Integer)
10:47:59,240 [main] DEBUG org.activiti.engine.impl.persistence.entity.GroupEntity.deleteGroup  - &lt;==    Updates: 1
10:47:59,240 [main] DEBUG org.activiti.engine.impl.cfg.standalone.StandaloneMybatisTransactionContext  - firing event committing...
10:47:59,240 [main] DEBUG org.activiti.engine.impl.cfg.standalone.StandaloneMybatisTransactionContext  - committing the ibatis sql session...
10:47:59,240 [main] DEBUG org.apache.ibatis.transaction.jdbc.JdbcTransaction  - Committing JDBC Connection [conn2: url=jdbc:h2:mem:activiti user=SA]
10:47:59,240 [main] DEBUG org.activiti.engine.impl.cfg.standalone.StandaloneMybatisTransactionContext  - firing event committed...
10:47:59,240 [main] DEBUG org.apache.ibatis.transaction.jdbc.JdbcTransaction  - Resetting autocommit to true on JDBC Connection [conn2: url=jdbc:h2:mem:activiti user=SA]
10:47:59,240 [main] DEBUG org.apache.ibatis.transaction.jdbc.JdbcTransaction  - Closing JDBC Connection [conn2: url=jdbc:h2:mem:activiti user=SA]
10:47:59,240 [main] DEBUG org.apache.ibatis.datasource.pooled.PooledDataSource  - Returned connection 363509958 to pool.
10:47:59,240 [main] DEBUG org.activiti.engine.impl.interceptor.LogInterceptor  - --- DeleteGroupCmd finished --------------------------------------------------------
10:47:59,240 [main] DEBUG org.activiti.engine.impl.interceptor.LogInterceptor  - 

10:47:59,240 [main] DEBUG org.activiti.engine.impl.interceptor.LogInterceptor  - 

10:47:59,240 [main] DEBUG org.activiti.engine.impl.interceptor.LogInterceptor  - --- starting DeleteUserCmd --------------------------------------------------------
10:47:59,240 [main] DEBUG org.apache.ibatis.transaction.jdbc.JdbcTransaction  - Opening JDBC Connection
10:47:59,240 [main] DEBUG org.apache.ibatis.datasource.pooled.PooledDataSource  - Checked out connection 180014677 from pool.
10:47:59,240 [main] DEBUG org.apache.ibatis.transaction.jdbc.JdbcTransaction  - Setting autocommit to false on JDBC Connection [conn3: url=jdbc:h2:mem:activiti user=SA]
10:47:59,240 [main] DEBUG org.activiti.engine.impl.persistence.entity.UserEntity.selectUserById  - ==&gt;  Preparing: select * from ACT_ID_USER where ID_ = ? 
10:47:59,240 [main] DEBUG org.activiti.engine.impl.persistence.entity.UserEntity.selectUserById  - ==&gt; Parameters: userInGroup1(String)
10:47:59,240 [main] DEBUG org.activiti.engine.impl.persistence.entity.UserEntity.selectUserById  - &lt;==      Total: 1
10:47:59,240 [main] DEBUG org.activiti.engine.impl.persistence.entity.IdentityInfoEntity.selectIdentityInfoByUserId  - ==&gt;  Preparing: select * from ACT_ID_INFO where USER_ID_ = ? 
10:47:59,240 [main] DEBUG org.activiti.engine.impl.persistence.entity.IdentityInfoEntity.selectIdentityInfoByUserId  - ==&gt; Parameters: userInGroup1(String)
10:47:59,240 [main] DEBUG org.activiti.engine.impl.persistence.entity.IdentityInfoEntity.selectIdentityInfoByUserId  - &lt;==      Total: 0
10:47:59,240 [main] DEBUG org.activiti.engine.impl.db.DbSqlSession  -   bulk delete: deleteMembershipsByUserId(userInGroup1)
10:47:59,240 [main] DEBUG org.activiti.engine.impl.db.DbSqlSession  -   delete org.activiti.engine.impl.persistence.entity.UserEntity@8d4bf61
10:47:59,240 [main] DEBUG org.activiti.engine.impl.db.DbSqlSession  - flush summary: 0 insert, 0 update, 2 delete.
10:47:59,240 [main] DEBUG org.activiti.engine.impl.db.DbSqlSession  - now executing flush...
10:47:59,240 [main] DEBUG org.activiti.engine.impl.db.DbSqlSession  - executing: bulk delete: deleteMembershipsByUserId(userInGroup1)
10:47:59,240 [main] DEBUG org.activiti.engine.impl.persistence.entity.MembershipRelation.deleteMembershipsByUserId  - ==&gt;  Preparing: delete from ACT_ID_MEMBERSHIP where USER_ID_ = ? 
10:47:59,240 [main] DEBUG org.activiti.engine.impl.persistence.entity.MembershipRelation.deleteMembershipsByUserId  - ==&gt; Parameters: userInGroup1(String)
10:47:59,240 [main] DEBUG org.activiti.engine.impl.persistence.entity.MembershipRelation.deleteMembershipsByUserId  - &lt;==    Updates: 0
10:47:59,240 [main] DEBUG org.activiti.engine.impl.db.DbSqlSession  - executing: delete org.activiti.engine.impl.persistence.entity.UserEntity@8d4bf61
10:47:59,240 [main] DEBUG org.activiti.engine.impl.persistence.entity.UserEntity.deleteUser  - ==&gt;  Preparing: delete from ACT_ID_USER where ID_ = ? and REV_ = ? 
10:47:59,240 [main] DEBUG org.activiti.engine.impl.persistence.entity.UserEntity.deleteUser  - ==&gt; Parameters: userInGroup1(String), 1(Integer)
10:47:59,240 [main] DEBUG org.activiti.engine.impl.persistence.entity.UserEntity.deleteUser  - &lt;==    Updates: 1
10:47:59,240 [main] DEBUG org.activiti.engine.impl.cfg.standalone.StandaloneMybatisTransactionContext  - firing event committing...
10:47:59,241 [main] DEBUG org.activiti.engine.impl.cfg.standalone.StandaloneMybatisTransactionContext  - committing the ibatis sql session...
10:47:59,241 [main] DEBUG org.apache.ibatis.transaction.jdbc.JdbcTransaction  - Committing JDBC Connection [conn3: url=jdbc:h2:mem:activiti user=SA]
10:47:59,241 [main] DEBUG org.activiti.engine.impl.cfg.standalone.StandaloneMybatisTransactionContext  - firing event committed...
10:47:59,241 [main] DEBUG org.apache.ibatis.transaction.jdbc.JdbcTransaction  - Resetting autocommit to true on JDBC Connection [conn3: url=jdbc:h2:mem:activiti user=SA]
10:47:59,241 [main] DEBUG org.apache.ibatis.transaction.jdbc.JdbcTransaction  - Closing JDBC Connection [conn3: url=jdbc:h2:mem:activiti user=SA]
10:47:59,241 [main] DEBUG org.apache.ibatis.datasource.pooled.PooledDataSource  - Returned connection 180014677 to pool.
10:47:59,241 [main] DEBUG org.activiti.engine.impl.interceptor.LogInterceptor  - --- DeleteUserCmd finished --------------------------------------------------------
10:47:59,241 [main] DEBUG org.activiti.engine.impl.interceptor.LogInterceptor  - 

10:47:59,241 [main] DEBUG org.activiti.engine.impl.interceptor.LogInterceptor  - 

10:47:59,241 [main] DEBUG org.activiti.engine.impl.interceptor.LogInterceptor  - --- starting DeleteUserCmd --------------------------------------------------------
10:47:59,241 [main] DEBUG org.apache.ibatis.transaction.jdbc.JdbcTransaction  - Opening JDBC Connection
10:47:59,241 [main] DEBUG org.apache.ibatis.datasource.pooled.PooledDataSource  - Checked out connection 297240765 from pool.
10:47:59,241 [main] DEBUG org.apache.ibatis.transaction.jdbc.JdbcTransaction  - Setting autocommit to false on JDBC Connection [conn4: url=jdbc:h2:mem:activiti user=SA]
10:47:59,241 [main] DEBUG org.activiti.engine.impl.persistence.entity.UserEntity.selectUserById  - ==&gt;  Preparing: select * from ACT_ID_USER where ID_ = ? 
10:47:59,241 [main] DEBUG org.activiti.engine.impl.persistence.entity.UserEntity.selectUserById  - ==&gt; Parameters: userInGroup2(String)
10:47:59,241 [main] DEBUG org.activiti.engine.impl.persistence.entity.UserEntity.selectUserById  - &lt;==      Total: 1
10:47:59,241 [main] DEBUG org.activiti.engine.impl.persistence.entity.IdentityInfoEntity.selectIdentityInfoByUserId  - ==&gt;  Preparing: select * from ACT_ID_INFO where USER_ID_ = ? 
10:47:59,241 [main] DEBUG org.activiti.engine.impl.persistence.entity.IdentityInfoEntity.selectIdentityInfoByUserId  - ==&gt; Parameters: userInGroup2(String)
10:47:59,241 [main] DEBUG org.activiti.engine.impl.persistence.entity.IdentityInfoEntity.selectIdentityInfoByUserId  - &lt;==      Total: 0
10:47:59,241 [main] DEBUG org.activiti.engine.impl.db.DbSqlSession  -   bulk delete: deleteMembershipsByUserId(userInGroup2)
10:47:59,241 [main] DEBUG org.activiti.engine.impl.db.DbSqlSession  -   delete org.activiti.engine.impl.persistence.entity.UserEntity@495daa0
10:47:59,241 [main] DEBUG org.activiti.engine.impl.db.DbSqlSession  - flush summary: 0 insert, 0 update, 2 delete.
10:47:59,241 [main] DEBUG org.activiti.engine.impl.db.DbSqlSession  - now executing flush...
10:47:59,241 [main] DEBUG org.activiti.engine.impl.db.DbSqlSession  - executing: bulk delete: deleteMembershipsByUserId(userInGroup2)
10:47:59,241 [main] DEBUG org.activiti.engine.impl.persistence.entity.MembershipRelation.deleteMembershipsByUserId  - ==&gt;  Preparing: delete from ACT_ID_MEMBERSHIP where USER_ID_ = ? 
10:47:59,241 [main] DEBUG org.activiti.engine.impl.persistence.entity.MembershipRelation.deleteMembershipsByUserId  - ==&gt; Parameters: userInGroup2(String)
10:47:59,241 [main] DEBUG org.activiti.engine.impl.persistence.entity.MembershipRelation.deleteMembershipsByUserId  - &lt;==    Updates: 0
10:47:59,241 [main] DEBUG org.activiti.engine.impl.db.DbSqlSession  - executing: delete org.activiti.engine.impl.persistence.entity.UserEntity@495daa0
10:47:59,241 [main] DEBUG org.activiti.engine.impl.persistence.entity.UserEntity.deleteUser  - ==&gt;  Preparing: delete from ACT_ID_USER where ID_ = ? and REV_ = ? 
10:47:59,241 [main] DEBUG org.activiti.engine.impl.persistence.entity.UserEntity.deleteUser  - ==&gt; Parameters: userInGroup2(String), 1(Integer)
10:47:59,241 [main] DEBUG org.activiti.engine.impl.persistence.entity.UserEntity.deleteUser  - &lt;==    Updates: 1
10:47:59,241 [main] DEBUG org.activiti.engine.impl.cfg.standalone.StandaloneMybatisTransactionContext  - firing event committing...
10:47:59,241 [main] DEBUG org.activiti.engine.impl.cfg.standalone.StandaloneMybatisTransactionContext  - committing the ibatis sql session...
10:47:59,241 [main] DEBUG org.apache.ibatis.transaction.jdbc.JdbcTransaction  - Committing JDBC Connection [conn4: url=jdbc:h2:mem:activiti user=SA]
10:47:59,241 [main] DEBUG org.activiti.engine.impl.cfg.standalone.StandaloneMybatisTransactionContext  - firing event committed...
10:47:59,241 [main] DEBUG org.apache.ibatis.transaction.jdbc.JdbcTransaction  - Resetting autocommit to true on JDBC Connection [conn4: url=jdbc:h2:mem:activiti user=SA]
10:47:59,241 [main] DEBUG org.apache.ibatis.transaction.jdbc.JdbcTransaction  - Closing JDBC Connection [conn4: url=jdbc:h2:mem:activiti user=SA]
10:47:59,241 [main] DEBUG org.apache.ibatis.datasource.pooled.PooledDataSource  - Returned connection 297240765 to pool.
10:47:59,241 [main] DEBUG org.activiti.engine.impl.interceptor.LogInterceptor  - --- DeleteUserCmd finished --------------------------------------------------------
10:47:59,241 [main] DEBUG org.activiti.engine.impl.interceptor.LogInterceptor  - 

10:47:59,241 [main] DEBUG org.activiti.engine.impl.interceptor.LogInterceptor  - 

10:47:59,241 [main] DEBUG org.activiti.engine.impl.interceptor.LogInterceptor  - --- starting DeleteUserCmd --------------------------------------------------------
10:47:59,241 [main] DEBUG org.apache.ibatis.transaction.jdbc.JdbcTransaction  - Opening JDBC Connection
10:47:59,241 [main] DEBUG org.apache.ibatis.datasource.pooled.PooledDataSource  - Checked out connection 486346394 from pool.
10:47:59,241 [main] DEBUG org.apache.ibatis.transaction.jdbc.JdbcTransaction  - Setting autocommit to false on JDBC Connection [conn6: url=jdbc:h2:mem:activiti user=SA]
10:47:59,241 [main] DEBUG org.activiti.engine.impl.persistence.entity.UserEntity.selectUserById  - ==&gt;  Preparing: select * from ACT_ID_USER where ID_ = ? 
10:47:59,241 [main] DEBUG org.activiti.engine.impl.persistence.entity.UserEntity.selectUserById  - ==&gt; Parameters: userInGroup3(String)
10:47:59,241 [main] DEBUG org.activiti.engine.impl.persistence.entity.UserEntity.selectUserById  - &lt;==      Total: 1
10:47:59,241 [main] DEBUG org.activiti.engine.impl.persistence.entity.IdentityInfoEntity.selectIdentityInfoByUserId  - ==&gt;  Preparing: select * from ACT_ID_INFO where USER_ID_ = ? 
10:47:59,241 [main] DEBUG org.activiti.engine.impl.persistence.entity.IdentityInfoEntity.selectIdentityInfoByUserId  - ==&gt; Parameters: userInGroup3(String)
10:47:59,241 [main] DEBUG org.activiti.engine.impl.persistence.entity.IdentityInfoEntity.selectIdentityInfoByUserId  - &lt;==      Total: 0
10:47:59,241 [main] DEBUG org.activiti.engine.impl.db.DbSqlSession  -   bulk delete: deleteMembershipsByUserId(userInGroup3)
10:47:59,242 [main] DEBUG org.activiti.engine.impl.db.DbSqlSession  -   delete org.activiti.engine.impl.persistence.entity.UserEntity@7c6fc4d0
10:47:59,242 [main] DEBUG org.activiti.engine.impl.db.DbSqlSession  - flush summary: 0 insert, 0 update, 2 delete.
10:47:59,242 [main] DEBUG org.activiti.engine.impl.db.DbSqlSession  - now executing flush...
10:47:59,242 [main] DEBUG org.activiti.engine.impl.db.DbSqlSession  - executing: bulk delete: deleteMembershipsByUserId(userInGroup3)
10:47:59,242 [main] DEBUG org.activiti.engine.impl.persistence.entity.MembershipRelation.deleteMembershipsByUserId  - ==&gt;  Preparing: delete from ACT_ID_MEMBERSHIP where USER_ID_ = ? 
10:47:59,242 [main] DEBUG org.activiti.engine.impl.persistence.entity.MembershipRelation.deleteMembershipsByUserId  - ==&gt; Parameters: userInGroup3(String)
10:47:59,242 [main] DEBUG org.activiti.engine.impl.persistence.entity.MembershipRelation.deleteMembershipsByUserId  - &lt;==    Updates: 0
10:47:59,242 [main] DEBUG org.activiti.engine.impl.db.DbSqlSession  - executing: delete org.activiti.engine.impl.persistence.entity.UserEntity@7c6fc4d0
10:47:59,242 [main] DEBUG org.activiti.engine.impl.persistence.entity.UserEntity.deleteUser  - ==&gt;  Preparing: delete from ACT_ID_USER where ID_ = ? and REV_ = ? 
10:47:59,242 [main] DEBUG org.activiti.engine.impl.persistence.entity.UserEntity.deleteUser  - ==&gt; Parameters: userInGroup3(String), 1(Integer)
10:47:59,242 [main] DEBUG org.activiti.engine.impl.persistence.entity.UserEntity.deleteUser  - &lt;==    Updates: 1
10:47:59,242 [main] DEBUG org.activiti.engine.impl.cfg.standalone.StandaloneMybatisTransactionContext  - firing event committing...
10:47:59,242 [main] DEBUG org.activiti.engine.impl.cfg.standalone.StandaloneMybatisTransactionContext  - committing the ibatis sql session...
10:47:59,242 [main] DEBUG org.apache.ibatis.transaction.jdbc.JdbcTransaction  - Committing JDBC Connection [conn6: url=jdbc:h2:mem:activiti user=SA]
10:47:59,242 [main] DEBUG org.activiti.engine.impl.cfg.standalone.StandaloneMybatisTransactionContext  - firing event committed...
10:47:59,242 [main] DEBUG org.apache.ibatis.transaction.jdbc.JdbcTransaction  - Resetting autocommit to true on JDBC Connection [conn6: url=jdbc:h2:mem:activiti user=SA]
10:47:59,242 [main] DEBUG org.apache.ibatis.transaction.jdbc.JdbcTransaction  - Closing JDBC Connection [conn6: url=jdbc:h2:mem:activiti user=SA]
10:47:59,242 [main] DEBUG org.apache.ibatis.datasource.pooled.PooledDataSource  - Returned connection 486346394 to pool.
10:47:59,242 [main] DEBUG org.activiti.engine.impl.interceptor.LogInterceptor  - --- DeleteUserCmd finished --------------------------------------------------------
10:47:59,242 [main] DEBUG org.activiti.engine.impl.interceptor.LogInterceptor  - 

10:47:59,242 [main] DEBUG org.activiti.engine.impl.interceptor.LogInterceptor  - 

10:47:59,242 [main] DEBUG org.activiti.engine.impl.interceptor.LogInterceptor  - --- starting DeleteUserCmd --------------------------------------------------------
10:47:59,242 [main] DEBUG org.apache.ibatis.transaction.jdbc.JdbcTransaction  - Opening JDBC Connection
10:47:59,242 [main] DEBUG org.apache.ibatis.datasource.pooled.PooledDataSource  - Checked out connection 363509958 from pool.
10:47:59,242 [main] DEBUG org.apache.ibatis.transaction.jdbc.JdbcTransaction  - Setting autocommit to false on JDBC Connection [conn2: url=jdbc:h2:mem:activiti user=SA]
10:47:59,242 [main] DEBUG org.activiti.engine.impl.persistence.entity.UserEntity.selectUserById  - ==&gt;  Preparing: select * from ACT_ID_USER where ID_ = ? 
10:47:59,242 [main] DEBUG org.activiti.engine.impl.persistence.entity.UserEntity.selectUserById  - ==&gt; Parameters: user1(String)
10:47:59,242 [main] DEBUG org.activiti.engine.impl.persistence.entity.UserEntity.selectUserById  - &lt;==      Total: 1
10:47:59,242 [main] DEBUG org.activiti.engine.impl.persistence.entity.IdentityInfoEntity.selectIdentityInfoByUserId  - ==&gt;  Preparing: select * from ACT_ID_INFO where USER_ID_ = ? 
10:47:59,242 [main] DEBUG org.activiti.engine.impl.persistence.entity.IdentityInfoEntity.selectIdentityInfoByUserId  - ==&gt; Parameters: user1(String)
10:47:59,242 [main] DEBUG org.activiti.engine.impl.persistence.entity.IdentityInfoEntity.selectIdentityInfoByUserId  - &lt;==      Total: 0
10:47:59,242 [main] DEBUG org.activiti.engine.impl.db.DbSqlSession  -   bulk delete: deleteMembershipsByUserId(user1)
10:47:59,242 [main] DEBUG org.activiti.engine.impl.db.DbSqlSession  -   delete org.activiti.engine.impl.persistence.entity.UserEntity@48e0f331
10:47:59,242 [main] DEBUG org.activiti.engine.impl.db.DbSqlSession  - flush summary: 0 insert, 0 update, 2 delete.
10:47:59,242 [main] DEBUG org.activiti.engine.impl.db.DbSqlSession  - now executing flush...
10:47:59,242 [main] DEBUG org.activiti.engine.impl.db.DbSqlSession  - executing: bulk delete: deleteMembershipsByUserId(user1)
10:47:59,242 [main] DEBUG org.activiti.engine.impl.persistence.entity.MembershipRelation.deleteMembershipsByUserId  - ==&gt;  Preparing: delete from ACT_ID_MEMBERSHIP where USER_ID_ = ? 
10:47:59,242 [main] DEBUG org.activiti.engine.impl.persistence.entity.MembershipRelation.deleteMembershipsByUserId  - ==&gt; Parameters: user1(String)
10:47:59,242 [main] DEBUG org.activiti.engine.impl.persistence.entity.MembershipRelation.deleteMembershipsByUserId  - &lt;==    Updates: 0
10:47:59,242 [main] DEBUG org.activiti.engine.impl.db.DbSqlSession  - executing: delete org.activiti.engine.impl.persistence.entity.UserEntity@48e0f331
10:47:59,242 [main] DEBUG org.activiti.engine.impl.persistence.entity.UserEntity.deleteUser  - ==&gt;  Preparing: delete from ACT_ID_USER where ID_ = ? and REV_ = ? 
10:47:59,242 [main] DEBUG org.activiti.engine.impl.persistence.entity.UserEntity.deleteUser  - ==&gt; Parameters: user1(String), 1(Integer)
10:47:59,242 [main] DEBUG org.activiti.engine.impl.persistence.entity.UserEntity.deleteUser  - &lt;==    Updates: 1
10:47:59,242 [main] DEBUG org.activiti.engine.impl.cfg.standalone.StandaloneMybatisTransactionContext  - firing event committing...
10:47:59,242 [main] DEBUG org.activiti.engine.impl.cfg.standalone.StandaloneMybatisTransactionContext  - committing the ibatis sql session...
10:47:59,242 [main] DEBUG org.apache.ibatis.transaction.jdbc.JdbcTransaction  - Committing JDBC Connection [conn2: url=jdbc:h2:mem:activiti user=SA]
10:47:59,242 [main] DEBUG org.activiti.engine.impl.cfg.standalone.StandaloneMybatisTransactionContext  - firing event committed...
10:47:59,242 [main] DEBUG org.apache.ibatis.transaction.jdbc.JdbcTransaction  - Resetting autocommit to true on JDBC Connection [conn2: url=jdbc:h2:mem:activiti user=SA]
10:47:59,242 [main] DEBUG org.apache.ibatis.transaction.jdbc.JdbcTransaction  - Closing JDBC Connection [conn2: url=jdbc:h2:mem:activiti user=SA]
10:47:59,242 [main] DEBUG org.apache.ibatis.datasource.pooled.PooledDataSource  - Returned connection 363509958 to pool.
10:47:59,242 [main] DEBUG org.activiti.engine.impl.interceptor.LogInterceptor  - --- DeleteUserCmd finished --------------------------------------------------------
10:47:59,242 [main] DEBUG org.activiti.engine.impl.interceptor.LogInterceptor  - 

10:47:59,242 [main] DEBUG org.activiti.engine.impl.interceptor.LogInterceptor  - 

10:47:59,242 [main] DEBUG org.activiti.engine.impl.interceptor.LogInterceptor  - --- starting DeleteUserCmd --------------------------------------------------------
10:47:59,242 [main] DEBUG org.apache.ibatis.transaction.jdbc.JdbcTransaction  - Opening JDBC Connection
10:47:59,242 [main] DEBUG org.apache.ibatis.datasource.pooled.PooledDataSource  - Checked out connection 180014677 from pool.
10:47:59,243 [main] DEBUG org.apache.ibatis.transaction.jdbc.JdbcTransaction  - Setting autocommit to false on JDBC Connection [conn3: url=jdbc:h2:mem:activiti user=SA]
10:47:59,243 [main] DEBUG org.activiti.engine.impl.persistence.entity.UserEntity.selectUserById  - ==&gt;  Preparing: select * from ACT_ID_USER where ID_ = ? 
10:47:59,243 [main] DEBUG org.activiti.engine.impl.persistence.entity.UserEntity.selectUserById  - ==&gt; Parameters: user2(String)
10:47:59,243 [main] DEBUG org.activiti.engine.impl.persistence.entity.UserEntity.selectUserById  - &lt;==      Total: 1
10:47:59,243 [main] DEBUG org.activiti.engine.impl.persistence.entity.IdentityInfoEntity.selectIdentityInfoByUserId  - ==&gt;  Preparing: select * from ACT_ID_INFO where USER_ID_ = ? 
10:47:59,243 [main] DEBUG org.activiti.engine.impl.persistence.entity.IdentityInfoEntity.selectIdentityInfoByUserId  - ==&gt; Parameters: user2(String)
10:47:59,243 [main] DEBUG org.activiti.engine.impl.persistence.entity.IdentityInfoEntity.selectIdentityInfoByUserId  - &lt;==      Total: 0
10:47:59,243 [main] DEBUG org.activiti.engine.impl.db.DbSqlSession  -   bulk delete: deleteMembershipsByUserId(user2)
10:47:59,243 [main] DEBUG org.activiti.engine.impl.db.DbSqlSession  -   delete org.activiti.engine.impl.persistence.entity.UserEntity@656272fb
10:47:59,243 [main] DEBUG org.activiti.engine.impl.db.DbSqlSession  - flush summary: 0 insert, 0 update, 2 delete.
10:47:59,243 [main] DEBUG org.activiti.engine.impl.db.DbSqlSession  - now executing flush...
10:47:59,243 [main] DEBUG org.activiti.engine.impl.db.DbSqlSession  - executing: bulk delete: deleteMembershipsByUserId(user2)
10:47:59,243 [main] DEBUG org.activiti.engine.impl.persistence.entity.MembershipRelation.deleteMembershipsByUserId  - ==&gt;  Preparing: delete from ACT_ID_MEMBERSHIP where USER_ID_ = ? 
10:47:59,243 [main] DEBUG org.activiti.engine.impl.persistence.entity.MembershipRelation.deleteMembershipsByUserId  - ==&gt; Parameters: user2(String)
10:47:59,243 [main] DEBUG org.activiti.engine.impl.persistence.entity.MembershipRelation.deleteMembershipsByUserId  - &lt;==    Updates: 0
10:47:59,243 [main] DEBUG org.activiti.engine.impl.db.DbSqlSession  - executing: delete org.activiti.engine.impl.persistence.entity.UserEntity@656272fb
10:47:59,243 [main] DEBUG org.activiti.engine.impl.persistence.entity.UserEntity.deleteUser  - ==&gt;  Preparing: delete from ACT_ID_USER where ID_ = ? and REV_ = ? 
10:47:59,243 [main] DEBUG org.activiti.engine.impl.persistence.entity.UserEntity.deleteUser  - ==&gt; Parameters: user2(String), 1(Integer)
10:47:59,243 [main] DEBUG org.activiti.engine.impl.persistence.entity.UserEntity.deleteUser  - &lt;==    Updates: 1
10:47:59,243 [main] DEBUG org.activiti.engine.impl.cfg.standalone.StandaloneMybatisTransactionContext  - firing event committing...
10:47:59,243 [main] DEBUG org.activiti.engine.impl.cfg.standalone.StandaloneMybatisTransactionContext  - committing the ibatis sql session...
10:47:59,243 [main] DEBUG org.apache.ibatis.transaction.jdbc.JdbcTransaction  - Committing JDBC Connection [conn3: url=jdbc:h2:mem:activiti user=SA]
10:47:59,243 [main] DEBUG org.activiti.engine.impl.cfg.standalone.StandaloneMybatisTransactionContext  - firing event committed...
10:47:59,243 [main] DEBUG org.apache.ibatis.transaction.jdbc.JdbcTransaction  - Resetting autocommit to true on JDBC Connection [conn3: url=jdbc:h2:mem:activiti user=SA]
10:47:59,243 [main] DEBUG org.apache.ibatis.transaction.jdbc.JdbcTransaction  - Closing JDBC Connection [conn3: url=jdbc:h2:mem:activiti user=SA]
10:47:59,243 [main] DEBUG org.apache.ibatis.datasource.pooled.PooledDataSource  - Returned connection 180014677 to pool.
10:47:59,243 [main] DEBUG org.activiti.engine.impl.interceptor.LogInterceptor  - --- DeleteUserCmd finished --------------------------------------------------------
10:47:59,243 [main] DEBUG org.activiti.engine.impl.interceptor.LogInterceptor  - 

10:47:59,243 [main] DEBUG org.activiti.engine.impl.interceptor.LogInterceptor  - 

10:47:59,243 [main] DEBUG org.activiti.engine.impl.interceptor.LogInterceptor  - --- starting DeleteUserCmd --------------------------------------------------------
10:47:59,243 [main] DEBUG org.apache.ibatis.transaction.jdbc.JdbcTransaction  - Opening JDBC Connection
10:47:59,243 [main] DEBUG org.apache.ibatis.datasource.pooled.PooledDataSource  - Checked out connection 297240765 from pool.
10:47:59,243 [main] DEBUG org.apache.ibatis.transaction.jdbc.JdbcTransaction  - Setting autocommit to false on JDBC Connection [conn4: url=jdbc:h2:mem:activiti user=SA]
10:47:59,243 [main] DEBUG org.activiti.engine.impl.persistence.entity.UserEntity.selectUserById  - ==&gt;  Preparing: select * from ACT_ID_USER where ID_ = ? 
10:47:59,243 [main] DEBUG org.activiti.engine.impl.persistence.entity.UserEntity.selectUserById  - ==&gt; Parameters: user3(String)
10:47:59,243 [main] DEBUG org.activiti.engine.impl.persistence.entity.UserEntity.selectUserById  - &lt;==      Total: 1
10:47:59,243 [main] DEBUG org.activiti.engine.impl.persistence.entity.IdentityInfoEntity.selectIdentityInfoByUserId  - ==&gt;  Preparing: select * from ACT_ID_INFO where USER_ID_ = ? 
10:47:59,243 [main] DEBUG org.activiti.engine.impl.persistence.entity.IdentityInfoEntity.selectIdentityInfoByUserId  - ==&gt; Parameters: user3(String)
10:47:59,243 [main] DEBUG org.activiti.engine.impl.persistence.entity.IdentityInfoEntity.selectIdentityInfoByUserId  - &lt;==      Total: 0
10:47:59,243 [main] DEBUG org.activiti.engine.impl.db.DbSqlSession  -   bulk delete: deleteMembershipsByUserId(user3)
10:47:59,243 [main] DEBUG org.activiti.engine.impl.db.DbSqlSession  -   delete org.activiti.engine.impl.persistence.entity.UserEntity@4f08e42d
10:47:59,243 [main] DEBUG org.activiti.engine.impl.db.DbSqlSession  - flush summary: 0 insert, 0 update, 2 delete.
10:47:59,243 [main] DEBUG org.activiti.engine.impl.db.DbSqlSession  - now executing flush...
10:47:59,243 [main] DEBUG org.activiti.engine.impl.db.DbSqlSession  - executing: bulk delete: deleteMembershipsByUserId(user3)
10:47:59,243 [main] DEBUG org.activiti.engine.impl.persistence.entity.MembershipRelation.deleteMembershipsByUserId  - ==&gt;  Preparing: delete from ACT_ID_MEMBERSHIP where USER_ID_ = ? 
10:47:59,243 [main] DEBUG org.activiti.engine.impl.persistence.entity.MembershipRelation.deleteMembershipsByUserId  - ==&gt; Parameters: user3(String)
10:47:59,243 [main] DEBUG org.activiti.engine.impl.persistence.entity.MembershipRelation.deleteMembershipsByUserId  - &lt;==    Updates: 0
10:47:59,243 [main] DEBUG org.activiti.engine.impl.db.DbSqlSession  - executing: delete org.activiti.engine.impl.persistence.entity.UserEntity@4f08e42d
10:47:59,243 [main] DEBUG org.activiti.engine.impl.persistence.entity.UserEntity.deleteUser  - ==&gt;  Preparing: delete from ACT_ID_USER where ID_ = ? and REV_ = ? 
10:47:59,243 [main] DEBUG org.activiti.engine.impl.persistence.entity.UserEntity.deleteUser  - ==&gt; Parameters: user3(String), 1(Integer)
10:47:59,243 [main] DEBUG org.activiti.engine.impl.persistence.entity.UserEntity.deleteUser  - &lt;==    Updates: 1
10:47:59,243 [main] DEBUG org.activiti.engine.impl.cfg.standalone.StandaloneMybatisTransactionContext  - firing event committing...
10:47:59,243 [main] DEBUG org.activiti.engine.impl.cfg.standalone.StandaloneMybatisTransactionContext  - committing the ibatis sql session...
10:47:59,243 [main] DEBUG org.apache.ibatis.transaction.jdbc.JdbcTransaction  - Committing JDBC Connection [conn4: url=jdbc:h2:mem:activiti user=SA]
10:47:59,244 [main] DEBUG org.activiti.engine.impl.cfg.standalone.StandaloneMybatisTransactionContext  - firing event committed...
10:47:59,244 [main] DEBUG org.apache.ibatis.transaction.jdbc.JdbcTransaction  - Resetting autocommit to true on JDBC Connection [conn4: url=jdbc:h2:mem:activiti user=SA]
10:47:59,244 [main] DEBUG org.apache.ibatis.transaction.jdbc.JdbcTransaction  - Closing JDBC Connection [conn4: url=jdbc:h2:mem:activiti user=SA]
10:47:59,244 [main] DEBUG org.apache.ibatis.datasource.pooled.PooledDataSource  - Returned connection 297240765 to pool.
10:47:59,244 [main] DEBUG org.activiti.engine.impl.interceptor.LogInterceptor  - --- DeleteUserCmd finished --------------------------------------------------------
10:47:59,244 [main] DEBUG org.activiti.engine.impl.interceptor.LogInterceptor  - 

10:47:59,244 [main] ERROR org.activiti.engine.impl.test.PvmTestCase  - 

10:47:59,244 [main] ERROR org.activiti.engine.impl.test.PvmTestCase  - EXCEPTION: org.apache.ibatis.exceptions.PersistenceException: 
### Error querying database.  Cause: org.h2.jdbc.JdbcSQLException: Syntax error in SQL statement &quot;SELECT RES.* 
       
    FROM ACT_RE_PROCDEF RES
     
     WHERE  RES.KEY_ = ? 
   
     ORDER BY  ORDER[*] BY RES.ID_ ASC  
    LIMIT ? OFFSET ? &quot;; expected &quot;=, NOT, EXISTS, INTERSECTS, SELECT, FROM&quot;; SQL statement:
select RES.* 
       
    from ACT_RE_PROCDEF RES
     
     WHERE  RES.KEY_ = ? 
   
     order by  order by RES.ID_ asc  
    LIMIT ? OFFSET ? [42001-176]
### The error may exist in org/activiti/db/mapping/entity/ProcessDefinition.xml
### The error may involve org.activiti.engine.impl.persistence.entity.ProcessDefinitionEntity.selectProcessDefinitionsByQueryCriteria
### The error occurred while executing a query
### SQL: select RES.*              from ACT_RE_PROCDEF RES            WHERE  RES.KEY_ = ?           order by  order by RES.ID_ asc       LIMIT ? OFFSET ?
### Cause: org.h2.jdbc.JdbcSQLException: Syntax error in SQL statement &quot;SELECT RES.* 
       
    FROM ACT_RE_PROCDEF RES
     
     WHERE  RES.KEY_ = ? 
   
     ORDER BY  ORDER[*] BY RES.ID_ ASC  
    LIMIT ? OFFSET ? &quot;; expected &quot;=, NOT, EXISTS, INTERSECTS, SELECT, FROM&quot;; SQL statement:
select RES.* 
       
    from ACT_RE_PROCDEF RES
     
     WHERE  RES.KEY_ = ? 
   
     order by  order by RES.ID_ asc  
    LIMIT ? OFFSET ? [42001-176]
org.apache.ibatis.exceptions.PersistenceException: 
### Error querying database.  Cause: org.h2.jdbc.JdbcSQLException: Syntax error in SQL statement &quot;SELECT RES.* 
       
    FROM ACT_RE_PROCDEF RES
     
     WHERE  RES.KEY_ = ? 
   
     ORDER BY  ORDER[*] BY RES.ID_ ASC  
    LIMIT ? OFFSET ? &quot;; expected &quot;=, NOT, EXISTS, INTERSECTS, SELECT, FROM&quot;; SQL statement:
select RES.* 
       
    from ACT_RE_PROCDEF RES
     
     WHERE  RES.KEY_ = ? 
   
     order by  order by RES.ID_ asc  
    LIMIT ? OFFSET ? [42001-176]
### The error may exist in org/activiti/db/mapping/entity/ProcessDefinition.xml
### The error may involve org.activiti.engine.impl.persistence.entity.ProcessDefinitionEntity.selectProcessDefinitionsByQueryCriteria
### The error occurred while executing a query
### SQL: select RES.*              from ACT_RE_PROCDEF RES            WHERE  RES.KEY_ = ?           order by  order by RES.ID_ asc       LIMIT ? OFFSET ?
### Cause: org.h2.jdbc.JdbcSQLException: Syntax error in SQL statement &quot;SELECT RES.* 
       
    FROM ACT_RE_PROCDEF RES
     
     WHERE  RES.KEY_ = ? 
   
     ORDER BY  ORDER[*] BY RES.ID_ ASC  
    LIMIT ? OFFSET ? &quot;; expected &quot;=, NOT, EXISTS, INTERSECTS, SELECT, FROM&quot;; SQL statement:
select RES.* 
       
    from ACT_RE_PROCDEF RES
     
     WHERE  RES.KEY_ = ? 
   
     order by  order by RES.ID_ asc  
    LIMIT ? OFFSET ? [42001-176]
	at org.apache.ibatis.exceptions.ExceptionFactory.wrapException(ExceptionFactory.java:30)
	at org.apache.ibatis.session.defaults.DefaultSqlSession.selectList(DefaultSqlSession.java:122)
	at org.apache.ibatis.session.defaults.DefaultSqlSession.selectList(DefaultSqlSession.java:113)
	at org.activiti.engine.impl.db.DbSqlSession.selectListWithRawParameter(DbSqlSession.java:438)
	at org.activiti.engine.impl.db.DbSqlSession.selectList(DbSqlSession.java:429)
	at org.activiti.engine.impl.db.DbSqlSession.selectList(DbSqlSession.java:419)
	at org.activiti.engine.impl.persistence.entity.ProcessDefinitionEntityManager.findProcessDefinitionsByQueryCriteria(ProcessDefinitionEntityManager.java:57)
	at org.activiti.engine.impl.ProcessDefinitionQueryImpl.executeList(ProcessDefinitionQueryImpl.java:307)
	at org.activiti.engine.impl.AbstractQuery.executeSingleResult(AbstractQuery.java:183)
	at org.activiti.engine.impl.AbstractQuery.execute(AbstractQuery.java:166)
	at org.activiti.engine.impl.interceptor.CommandInvoker.execute(CommandInvoker.java:24)
	at org.activiti.engine.impl.interceptor.CommandContextInterceptor.execute(CommandContextInterceptor.java:57)
	at org.activiti.engine.impl.interceptor.LogInterceptor.execute(LogInterceptor.java:37)
	at org.activiti.engine.impl.cfg.CommandExecutorImpl.execute(CommandExecutorImpl.java:40)
	at org.activiti.engine.impl.cfg.CommandExecutorImpl.execute(CommandExecutorImpl.java:35)
	at org.activiti.engine.impl.AbstractQuery.singleResult(AbstractQuery.java:129)
	at org.activiti.examples.bpmn.authorization.StartAuthorizationTest.testIdentityLinks(StartAuthorizationTest.java:105)
	at sun.reflect.NativeMethodAccessorImpl.invoke0(Native Method)
	at sun.reflect.NativeMethodAccessorImpl.invoke(NativeMethodAccessorImpl.java:62)
	at sun.reflect.DelegatingMethodAccessorImpl.invoke(DelegatingMethodAccessorImpl.java:43)
	at java.lang.reflect.Method.invoke(Method.java:498)
	at junit.framework.TestCase.runTest(TestCase.java:176)
	at org.activiti.engine.impl.test.PvmTestCase.runTest(PvmTestCase.java:65)
	at junit.framework.TestCase.runBare(TestCase.java:141)
	at org.activiti.engine.impl.test.AbstractActivitiTestCase.runBare(AbstractActivitiTestCase.java:100)
	at junit.framework.TestResult$1.protect(TestResult.java:122)
	at junit.framework.TestResult.runProtected(TestResult.java:142)
	at junit.framework.TestResult.run(TestResult.java:125)
	at junit.framework.TestCase.run(TestCase.java:129)
	at junit.framework.TestSuite.runTest(TestSuite.java:255)
	at junit.framework.TestSuite.run(TestSuite.java:250)
	at org.junit.internal.runners.JUnit38ClassRunner.run(JUnit38ClassRunner.java:84)
	at org.apache.maven.surefire.junit4.JUnit4TestSet.execute(JUnit4TestSet.java:35)
	at org.apache.maven.surefire.junit4.JUnit4Provider.executeTestSet(JUnit4Provider.java:146)
	at org.apache.maven.surefire.junit4.JUnit4Provider.invoke(JUnit4Provider.java:97)
	at sun.reflect.NativeMethodAccessorImpl.invoke0(Native Method)
	at sun.reflect.NativeMethodAccessorImpl.invoke(NativeMethodAccessorImpl.java:62)
	at sun.reflect.DelegatingMethodAccessorImpl.invoke(DelegatingMethodAccessorImpl.java:43)
	at java.lang.reflect.Method.invoke(Method.java:498)
	at org.apache.maven.surefire.booter.ProviderFactory$ClassLoaderProxy.invoke(ProviderFactory.java:103)
	at com.sun.proxy.$Proxy0.invoke(Unknown Source)
	at org.apache.maven.surefire.booter.SurefireStarter.invokeProvider(SurefireStarter.java:145)
	at org.apache.maven.surefire.booter.SurefireStarter.runSuitesInProcess(SurefireStarter.java:87)
	at org.apache.maven.surefire.booter.ForkedBooter.main(ForkedBooter.java:69)
Caused by: org.h2.jdbc.JdbcSQLException: Syntax error in SQL statement &quot;SELECT RES.* 
       
    FROM ACT_RE_PROCDEF RES
     
     WHERE  RES.KEY_ = ? 
   
     ORDER BY  ORDER[*] BY RES.ID_ ASC  
    LIMIT ? OFFSET ? &quot;; expected &quot;=, NOT, EXISTS, INTERSECTS, SELECT, FROM&quot;; SQL statement:
select RES.* 
       
    from ACT_RE_PROCDEF RES
     
     WHERE  RES.KEY_ = ? 
   
     order by  order by RES.ID_ asc  
    LIMIT ? OFFSET ? [42001-176]
	at org.h2.message.DbException.getJdbcSQLException(DbException.java:344)
	at org.h2.message.DbException.getSyntaxError(DbException.java:204)
	at org.h2.command.Parser.getSyntaxError(Parser.java:524)
	at org.h2.command.Parser.readTerm(Parser.java:2688)
	at org.h2.command.Parser.readFactor(Parser.java:2244)
	at org.h2.command.Parser.readSum(Parser.java:2231)
	at org.h2.command.Parser.readConcat(Parser.java:2201)
	at org.h2.command.Parser.readCondition(Parser.java:2051)
	at org.h2.command.Parser.readAnd(Parser.java:2023)
	at org.h2.command.Parser.readExpression(Parser.java:2015)
	at org.h2.command.Parser.parseEndOfQuery(Parser.java:1726)
	at org.h2.command.Parser.parseSelectUnionExtension(Parser.java:1706)
	at org.h2.command.Parser.parseSelectUnion(Parser.java:1675)
	at org.h2.command.Parser.parseSelect(Parser.java:1662)
	at org.h2.command.Parser.parsePrepared(Parser.java:434)
	at org.h2.command.Parser.parse(Parser.java:306)
	at org.h2.command.Parser.parse(Parser.java:282)
	at org.h2.command.Parser.prepareCommand(Parser.java:243)
	at org.h2.engine.Session.prepareLocal(Session.java:442)
	at org.h2.engine.Session.prepareCommand(Session.java:384)
	at org.h2.jdbc.JdbcConnection.prepareCommand(JdbcConnection.java:1188)
	at org.h2.jdbc.JdbcPreparedStatement.&lt;init&gt;(JdbcPreparedStatement.java:73)
	at org.h2.jdbc.JdbcConnection.prepareStatement(JdbcConnection.java:276)
	at sun.reflect.GeneratedMethodAccessor6.invoke(Unknown Source)
	at sun.reflect.DelegatingMethodAccessorImpl.invoke(DelegatingMethodAccessorImpl.java:43)
	at java.lang.reflect.Method.invoke(Method.java:498)
	at org.apache.ibatis.datasource.pooled.PooledConnection.invoke(PooledConnection.java:245)
	at com.sun.proxy.$Proxy12.prepareStatement(Unknown Source)
	at sun.reflect.GeneratedMethodAccessor6.invoke(Unknown Source)
	at sun.reflect.DelegatingMethodAccessorImpl.invoke(DelegatingMethodAccessorImpl.java:43)
	at java.lang.reflect.Method.invoke(Method.java:498)
	at org.apache.ibatis.logging.jdbc.ConnectionLogger.invoke(ConnectionLogger.java:55)
	at com.sun.proxy.$Proxy12.prepareStatement(Unknown Source)
	at org.apache.ibatis.executor.statement.PreparedStatementHandler.instantiateStatement(PreparedStatementHandler.java:79)
	at org.apache.ibatis.executor.statement.BaseStatementHandler.prepare(BaseStatementHandler.java:88)
	at org.apache.ibatis.executor.statement.RoutingStatementHandler.prepare(RoutingStatementHandler.java:58)
	at org.apache.ibatis.executor.SimpleExecutor.prepareStatement(SimpleExecutor.java:76)
	at org.apache.ibatis.executor.SimpleExecutor.doQuery(SimpleExecutor.java:61)
	at org.apache.ibatis.executor.BaseExecutor.queryFromDatabase(BaseExecutor.java:303)
	at org.apache.ibatis.executor.BaseExecutor.query(BaseExecutor.java:154)
	at org.apache.ibatis.executor.CachingExecutor.query(CachingExecutor.java:102)
	at org.apache.ibatis.executor.CachingExecutor.query(CachingExecutor.java:82)
	at org.apache.ibatis.session.defaults.DefaultSqlSession.selectList(DefaultSqlSession.java:120)
	... 42 more
10:47:59,244 [main] DEBUG org.activiti.engine.impl.test.PvmTestCase  - #### END StartAuthorizationTest.testIdentityLinks #############################################################
10:47:59,244 [main] ERROR org.activiti.engine.impl.test.PvmTestCase  - 

10:47:59,244 [main] ERROR org.activiti.engine.impl.test.PvmTestCase  - EXCEPTION: org.apache.ibatis.exceptions.PersistenceException: 
### Error querying database.  Cause: org.h2.jdbc.JdbcSQLException: Syntax error in SQL statement &quot;SELECT RES.* 
       
    FROM ACT_RE_PROCDEF RES
     
     WHERE  RES.KEY_ = ? 
   
     ORDER BY  ORDER[*] BY RES.ID_ ASC  
    LIMIT ? OFFSET ? &quot;; expected &quot;=, NOT, EXISTS, INTERSECTS, SELECT, FROM&quot;; SQL statement:
select RES.* 
       
    from ACT_RE_PROCDEF RES
     
     WHERE  RES.KEY_ = ? 
   
     order by  order by RES.ID_ asc  
    LIMIT ? OFFSET ? [42001-176]
### The error may exist in org/activiti/db/mapping/entity/ProcessDefinition.xml
### The error may involve org.activiti.engine.impl.persistence.entity.ProcessDefinitionEntity.selectProcessDefinitionsByQueryCriteria
### The error occurred while executing a query
### SQL: select RES.*              from ACT_RE_PROCDEF RES            WHERE  RES.KEY_ = ?           order by  order by RES.ID_ asc       LIMIT ? OFFSET ?
### Cause: org.h2.jdbc.JdbcSQLException: Syntax error in SQL statement &quot;SELECT RES.* 
       
    FROM ACT_RE_PROCDEF RES
     
     WHERE  RES.KEY_ = ? 
   
     ORDER BY  ORDER[*] BY RES.ID_ ASC  
    LIMIT ? OFFSET ? &quot;; expected &quot;=, NOT, EXISTS, INTERSECTS, SELECT, FROM&quot;; SQL statement:
select RES.* 
       
    from ACT_RE_PROCDEF RES
     
     WHERE  RES.KEY_ = ? 
   
     order by  order by RES.ID_ asc  
    LIMIT ? OFFSET ? [42001-176]
org.apache.ibatis.exceptions.PersistenceException: 
### Error querying database.  Cause: org.h2.jdbc.JdbcSQLException: Syntax error in SQL statement &quot;SELECT RES.* 
       
    FROM ACT_RE_PROCDEF RES
     
     WHERE  RES.KEY_ = ? 
   
     ORDER BY  ORDER[*] BY RES.ID_ ASC  
    LIMIT ? OFFSET ? &quot;; expected &quot;=, NOT, EXISTS, INTERSECTS, SELECT, FROM&quot;; SQL statement:
select RES.* 
       
    from ACT_RE_PROCDEF RES
     
     WHERE  RES.KEY_ = ? 
   
     order by  order by RES.ID_ asc  
    LIMIT ? OFFSET ? [42001-176]
### The error may exist in org/activiti/db/mapping/entity/ProcessDefinition.xml
### The error may involve org.activiti.engine.impl.persistence.entity.ProcessDefinitionEntity.selectProcessDefinitionsByQueryCriteria
### The error occurred while executing a query
### SQL: select RES.*              from ACT_RE_PROCDEF RES            WHERE  RES.KEY_ = ?           order by  order by RES.ID_ asc       LIMIT ? OFFSET ?
### Cause: org.h2.jdbc.JdbcSQLException: Syntax error in SQL statement &quot;SELECT RES.* 
       
    FROM ACT_RE_PROCDEF RES
     
     WHERE  RES.KEY_ = ? 
   
     ORDER BY  ORDER[*] BY RES.ID_ ASC  
    LIMIT ? OFFSET ? &quot;; expected &quot;=, NOT, EXISTS, INTERSECTS, SELECT, FROM&quot;; SQL statement:
select RES.* 
       
    from ACT_RE_PROCDEF RES
     
     WHERE  RES.KEY_ = ? 
   
     order by  order by RES.ID_ asc  
    LIMIT ? OFFSET ? [42001-176]
	at org.apache.ibatis.exceptions.ExceptionFactory.wrapException(ExceptionFactory.java:30)
	at org.apache.ibatis.session.defaults.DefaultSqlSession.selectList(DefaultSqlSession.java:122)
	at org.apache.ibatis.session.defaults.DefaultSqlSession.selectList(DefaultSqlSession.java:113)
	at org.activiti.engine.impl.db.DbSqlSession.selectListWithRawParameter(DbSqlSession.java:438)
	at org.activiti.engine.impl.db.DbSqlSession.selectList(DbSqlSession.java:429)
	at org.activiti.engine.impl.db.DbSqlSession.selectList(DbSqlSession.java:419)
	at org.activiti.engine.impl.persistence.entity.ProcessDefinitionEntityManager.findProcessDefinitionsByQueryCriteria(ProcessDefinitionEntityManager.java:57)
	at org.activiti.engine.impl.ProcessDefinitionQueryImpl.executeList(ProcessDefinitionQueryImpl.java:307)
	at org.activiti.engine.impl.AbstractQuery.executeSingleResult(AbstractQuery.java:183)
	at org.activiti.engine.impl.AbstractQuery.execute(AbstractQuery.java:166)
	at org.activiti.engine.impl.interceptor.CommandInvoker.execute(CommandInvoker.java:24)
	at org.activiti.engine.impl.interceptor.CommandContextInterceptor.execute(CommandContextInterceptor.java:57)
	at org.activiti.engine.impl.interceptor.LogInterceptor.execute(LogInterceptor.java:37)
	at org.activiti.engine.impl.cfg.CommandExecutorImpl.execute(CommandExecutorImpl.java:40)
	at org.activiti.engine.impl.cfg.CommandExecutorImpl.execute(CommandExecutorImpl.java:35)
	at org.activiti.engine.impl.AbstractQuery.singleResult(AbstractQuery.java:129)
	at org.activiti.examples.bpmn.authorization.StartAuthorizationTest.testIdentityLinks(StartAuthorizationTest.java:105)
	at sun.reflect.NativeMethodAccessorImpl.invoke0(Native Method)
	at sun.reflect.NativeMethodAccessorImpl.invoke(NativeMethodAccessorImpl.java:62)
	at sun.reflect.DelegatingMethodAccessorImpl.invoke(DelegatingMethodAccessorImpl.java:43)
	at java.lang.reflect.Method.invoke(Method.java:498)
	at junit.framework.TestCase.runTest(TestCase.java:176)
	at org.activiti.engine.impl.test.PvmTestCase.runTest(PvmTestCase.java:65)
	at junit.framework.TestCase.runBare(TestCase.java:141)
	at org.activiti.engine.impl.test.AbstractActivitiTestCase.runBare(AbstractActivitiTestCase.java:100)
	at junit.framework.TestResult$1.protect(TestResult.java:122)
	at junit.framework.TestResult.runProtected(TestResult.java:142)
	at junit.framework.TestResult.run(TestResult.java:125)
	at junit.framework.TestCase.run(TestCase.java:129)
	at junit.framework.TestSuite.runTest(TestSuite.java:255)
	at junit.framework.TestSuite.run(TestSuite.java:250)
	at org.junit.internal.runners.JUnit38ClassRunner.run(JUnit38ClassRunner.java:84)
	at org.apache.maven.surefire.junit4.JUnit4TestSet.execute(JUnit4TestSet.java:35)
	at org.apache.maven.surefire.junit4.JUnit4Provider.executeTestSet(JUnit4Provider.java:146)
	at org.apache.maven.surefire.junit4.JUnit4Provider.invoke(JUnit4Provider.java:97)
	at sun.reflect.NativeMethodAccessorImpl.invoke0(Native Method)
	at sun.reflect.NativeMethodAccessorImpl.invoke(NativeMethodAccessorImpl.java:62)
	at sun.reflect.DelegatingMethodAccessorImpl.invoke(DelegatingMethodAccessorImpl.java:43)
	at java.lang.reflect.Method.invoke(Method.java:498)
	at org.apache.maven.surefire.booter.ProviderFactory$ClassLoaderProxy.invoke(ProviderFactory.java:103)
	at com.sun.proxy.$Proxy0.invoke(Unknown Source)
	at org.apache.maven.surefire.booter.SurefireStarter.invokeProvider(SurefireStarter.java:145)
	at org.apache.maven.surefire.booter.SurefireStarter.runSuitesInProcess(SurefireStarter.java:87)
	at org.apache.maven.surefire.booter.ForkedBooter.main(ForkedBooter.java:69)
Caused by: org.h2.jdbc.JdbcSQLException: Syntax error in SQL statement &quot;SELECT RES.* 
       
    FROM ACT_RE_PROCDEF RES
     
     WHERE  RES.KEY_ = ? 
   
     ORDER BY  ORDER[*] BY RES.ID_ ASC  
    LIMIT ? OFFSET ? &quot;; expected &quot;=, NOT, EXISTS, INTERSECTS, SELECT, FROM&quot;; SQL statement:
select RES.* 
       
    from ACT_RE_PROCDEF RES
     
     WHERE  RES.KEY_ = ? 
   
     order by  order by RES.ID_ asc  
    LIMIT ? OFFSET ? [42001-176]
	at org.h2.message.DbException.getJdbcSQLException(DbException.java:344)
	at org.h2.message.DbException.getSyntaxError(DbException.java:204)
	at org.h2.command.Parser.getSyntaxError(Parser.java:524)
	at org.h2.command.Parser.readTerm(Parser.java:2688)
	at org.h2.command.Parser.readFactor(Parser.java:2244)
	at org.h2.command.Parser.readSum(Parser.java:2231)
	at org.h2.command.Parser.readConcat(Parser.java:2201)
	at org.h2.command.Parser.readCondition(Parser.java:2051)
	at org.h2.command.Parser.readAnd(Parser.java:2023)
	at org.h2.command.Parser.readExpression(Parser.java:2015)
	at org.h2.command.Parser.parseEndOfQuery(Parser.java:1726)
	at org.h2.command.Parser.parseSelectUnionExtension(Parser.java:1706)
	at org.h2.command.Parser.parseSelectUnion(Parser.java:1675)
	at org.h2.command.Parser.parseSelect(Parser.java:1662)
	at org.h2.command.Parser.parsePrepared(Parser.java:434)
	at org.h2.command.Parser.parse(Parser.java:306)
	at org.h2.command.Parser.parse(Parser.java:282)
	at org.h2.command.Parser.prepareCommand(Parser.java:243)
	at org.h2.engine.Session.prepareLocal(Session.java:442)
	at org.h2.engine.Session.prepareCommand(Session.java:384)
	at org.h2.jdbc.JdbcConnection.prepareCommand(JdbcConnection.java:1188)
	at org.h2.jdbc.JdbcPreparedStatement.&lt;init&gt;(JdbcPreparedStatement.java:73)
	at org.h2.jdbc.JdbcConnection.prepareStatement(JdbcConnection.java:276)
	at sun.reflect.GeneratedMethodAccessor6.invoke(Unknown Source)
	at sun.reflect.DelegatingMethodAccessorImpl.invoke(DelegatingMethodAccessorImpl.java:43)
	at java.lang.reflect.Method.invoke(Method.java:498)
	at org.apache.ibatis.datasource.pooled.PooledConnection.invoke(PooledConnection.java:245)
	at com.sun.proxy.$Proxy12.prepareStatement(Unknown Source)
	at sun.reflect.GeneratedMethodAccessor6.invoke(Unknown Source)
	at sun.reflect.DelegatingMethodAccessorImpl.invoke(DelegatingMethodAccessorImpl.java:43)
	at java.lang.reflect.Method.invoke(Method.java:498)
	at org.apache.ibatis.logging.jdbc.ConnectionLogger.invoke(ConnectionLogger.java:55)
	at com.sun.proxy.$Proxy12.prepareStatement(Unknown Source)
	at org.apache.ibatis.executor.statement.PreparedStatementHandler.instantiateStatement(PreparedStatementHandler.java:79)
	at org.apache.ibatis.executor.statement.BaseStatementHandler.prepare(BaseStatementHandler.java:88)
	at org.apache.ibatis.executor.statement.RoutingStatementHandler.prepare(RoutingStatementHandler.java:58)
	at org.apache.ibatis.executor.SimpleExecutor.prepareStatement(SimpleExecutor.java:76)
	at org.apache.ibatis.executor.SimpleExecutor.doQuery(SimpleExecutor.java:61)
	at org.apache.ibatis.executor.BaseExecutor.queryFromDatabase(BaseExecutor.java:303)
	at org.apache.ibatis.executor.BaseExecutor.query(BaseExecutor.java:154)
	at org.apache.ibatis.executor.CachingExecutor.query(CachingExecutor.java:102)
	at org.apache.ibatis.executor.CachingExecutor.query(CachingExecutor.java:82)
	at org.apache.ibatis.session.defaults.DefaultSqlSession.selectList(DefaultSqlSession.java:120)
	... 42 more
10:47:59,244 [main] DEBUG org.activiti.engine.impl.test.TestHelper  - annotation @Deployment deletes deployment for StartAuthorizationTest.testIdentityLinks
10:47:59,244 [main] DEBUG org.activiti.engine.impl.interceptor.LogInterceptor  - 

10:47:59,244 [main] DEBUG org.activiti.engine.impl.interceptor.LogInterceptor  - --- starting DeleteDeploymentCmd --------------------------------------------------------
10:47:59,244 [main] DEBUG org.apache.ibatis.transaction.jdbc.JdbcTransaction  - Opening JDBC Connection
10:47:59,244 [main] DEBUG org.apache.ibatis.datasource.pooled.PooledDataSource  - Checked out connection 486346394 from pool.
10:47:59,245 [main] DEBUG org.apache.ibatis.transaction.jdbc.JdbcTransaction  - Setting autocommit to false on JDBC Connection [conn6: url=jdbc:h2:mem:activiti user=SA]
10:47:59,245 [main] DEBUG org.activiti.engine.impl.persistence.entity.DeploymentEntity.selectDeploymentById  - ==&gt;  Preparing: select * from ACT_RE_DEPLOYMENT where ID_ = ? 
10:47:59,245 [main] DEBUG org.activiti.engine.impl.persistence.entity.DeploymentEntity.selectDeploymentById  - ==&gt; Parameters: 1329(String)
10:47:59,245 [main] DEBUG org.activiti.engine.impl.persistence.entity.DeploymentEntity.selectDeploymentById  - &lt;==      Total: 1
10:47:59,245 [main] DEBUG org.activiti.engine.impl.persistence.entity.ProcessDefinitionEntity.selectProcessDefinitionsByQueryCriteria  - ==&gt;  Preparing: select RES.* from ACT_RE_PROCDEF RES WHERE RES.DEPLOYMENT_ID_ = ? order by order by RES.ID_ asc LIMIT ? OFFSET ? 
10:47:59,245 [main] DEBUG org.activiti.engine.impl.interceptor.CommandContext  - Error while closing command context
org.apache.ibatis.exceptions.PersistenceException: 
### Error querying database.  Cause: org.h2.jdbc.JdbcSQLException: Syntax error in SQL statement &quot;SELECT RES.* 
       
    FROM ACT_RE_PROCDEF RES
     
     WHERE  RES.DEPLOYMENT_ID_ = ? 
   
     ORDER BY  ORDER[*] BY RES.ID_ ASC  
    LIMIT ? OFFSET ? &quot;; expected &quot;=, NOT, EXISTS, INTERSECTS, SELECT, FROM&quot;; SQL statement:
select RES.* 
       
    from ACT_RE_PROCDEF RES
     
     WHERE  RES.DEPLOYMENT_ID_ = ? 
   
     order by  order by RES.ID_ asc  
    LIMIT ? OFFSET ? [42001-176]
### The error may exist in org/activiti/db/mapping/entity/ProcessDefinition.xml
### The error may involve org.activiti.engine.impl.persistence.entity.ProcessDefinitionEntity.selectProcessDefinitionsByQueryCriteria
### The error occurred while executing a query
### SQL: select RES.*              from ACT_RE_PROCDEF RES            WHERE  RES.DEPLOYMENT_ID_ = ?           order by  order by RES.ID_ asc       LIMIT ? OFFSET ?
### Cause: org.h2.jdbc.JdbcSQLException: Syntax error in SQL statement &quot;SELECT RES.* 
       
    FROM ACT_RE_PROCDEF RES
     
     WHERE  RES.DEPLOYMENT_ID_ = ? 
   
     ORDER BY  ORDER[*] BY RES.ID_ ASC  
    LIMIT ? OFFSET ? &quot;; expected &quot;=, NOT, EXISTS, INTERSECTS, SELECT, FROM&quot;; SQL statement:
select RES.* 
       
    from ACT_RE_PROCDEF RES
     
     WHERE  RES.DEPLOYMENT_ID_ = ? 
   
     order by  order by RES.ID_ asc  
    LIMIT ? OFFSET ? [42001-176]
	at org.apache.ibatis.exceptions.ExceptionFactory.wrapException(ExceptionFactory.java:30)
	at org.apache.ibatis.session.defaults.DefaultSqlSession.selectList(DefaultSqlSession.java:122)
	at org.apache.ibatis.session.defaults.DefaultSqlSession.selectList(DefaultSqlSession.java:113)
	at org.activiti.engine.impl.db.DbSqlSession.selectListWithRawParameter(DbSqlSession.java:438)
	at org.activiti.engine.impl.db.DbSqlSession.selectList(DbSqlSession.java:429)
	at org.activiti.engine.impl.db.DbSqlSession.selectList(DbSqlSession.java:419)
	at org.activiti.engine.impl.persistence.entity.ProcessDefinitionEntityManager.findProcessDefinitionsByQueryCriteria(ProcessDefinitionEntityManager.java:57)
	at org.activiti.engine.impl.ProcessDefinitionQueryImpl.executeList(ProcessDefinitionQueryImpl.java:307)
	at org.activiti.engine.impl.AbstractQuery.list(AbstractQuery.java:140)
	at org.activiti.engine.impl.persistence.deploy.DeploymentManager.removeDeployment(DeploymentManager.java:187)
	at org.activiti.engine.impl.cmd.DeleteDeploymentCmd.execute(DeleteDeploymentCmd.java:44)
	at org.activiti.engine.impl.cmd.DeleteDeploymentCmd.execute(DeleteDeploymentCmd.java:24)
	at org.activiti.engine.impl.interceptor.CommandInvoker.execute(CommandInvoker.java:24)
	at org.activiti.engine.impl.interceptor.CommandContextInterceptor.execute(CommandContextInterceptor.java:57)
	at org.activiti.engine.impl.interceptor.LogInterceptor.execute(LogInterceptor.java:37)
	at org.activiti.engine.impl.cfg.CommandExecutorImpl.execute(CommandExecutorImpl.java:40)
	at org.activiti.engine.impl.cfg.CommandExecutorImpl.execute(CommandExecutorImpl.java:35)
	at org.activiti.engine.impl.RepositoryServiceImpl.deleteDeployment(RepositoryServiceImpl.java:90)
	at org.activiti.engine.impl.test.TestHelper.annotationDeploymentTearDown(TestHelper.java:116)
	at org.activiti.engine.impl.test.AbstractActivitiTestCase.runBare(AbstractActivitiTestCase.java:116)
	at junit.framework.TestResult$1.protect(TestResult.java:122)
	at junit.framework.TestResult.runProtected(TestResult.java:142)
	at junit.framework.TestResult.run(TestResult.java:125)
	at junit.framework.TestCase.run(TestCase.java:129)
	at junit.framework.TestSuite.runTest(TestSuite.java:255)
	at junit.framework.TestSuite.run(TestSuite.java:250)
	at org.junit.internal.runners.JUnit38ClassRunner.run(JUnit38ClassRunner.java:84)
	at org.apache.maven.surefire.junit4.JUnit4TestSet.execute(JUnit4TestSet.java:35)
	at org.apache.maven.surefire.junit4.JUnit4Provider.executeTestSet(JUnit4Provider.java:146)
	at org.apache.maven.surefire.junit4.JUnit4Provider.invoke(JUnit4Provider.java:97)
	at sun.reflect.NativeMethodAccessorImpl.invoke0(Native Method)
	at sun.reflect.NativeMethodAccessorImpl.invoke(NativeMethodAccessorImpl.java:62)
	at sun.reflect.DelegatingMethodAccessorImpl.invoke(DelegatingMethodAccessorImpl.java:43)
	at java.lang.reflect.Method.invoke(Method.java:498)
	at org.apache.maven.surefire.booter.ProviderFactory$ClassLoaderProxy.invoke(ProviderFactory.java:103)
	at com.sun.proxy.$Proxy0.invoke(Unknown Source)
	at org.apache.maven.surefire.booter.SurefireStarter.invokeProvider(SurefireStarter.java:145)
	at org.apache.maven.surefire.booter.SurefireStarter.runSuitesInProcess(SurefireStarter.java:87)
	at org.apache.maven.surefire.booter.ForkedBooter.main(ForkedBooter.java:69)
Caused by: org.h2.jdbc.JdbcSQLException: Syntax error in SQL statement &quot;SELECT RES.* 
       
    FROM ACT_RE_PROCDEF RES
     
     WHERE  RES.DEPLOYMENT_ID_ = ? 
   
     ORDER BY  ORDER[*] BY RES.ID_ ASC  
    LIMIT ? OFFSET ? &quot;; expected &quot;=, NOT, EXISTS, INTERSECTS, SELECT, FROM&quot;; SQL statement:
select RES.* 
       
    from ACT_RE_PROCDEF RES
     
     WHERE  RES.DEPLOYMENT_ID_ = ? 
   
     order by  order by RES.ID_ asc  
    LIMIT ? OFFSET ? [42001-176]
	at org.h2.message.DbException.getJdbcSQLException(DbException.java:344)
	at org.h2.message.DbException.getSyntaxError(DbException.java:204)
	at org.h2.command.Parser.getSyntaxError(Parser.java:524)
	at org.h2.command.Parser.readTerm(Parser.java:2688)
	at org.h2.command.Parser.readFactor(Parser.java:2244)
	at org.h2.command.Parser.readSum(Parser.java:2231)
	at org.h2.command.Parser.readConcat(Parser.java:2201)
	at org.h2.command.Parser.readCondition(Parser.java:2051)
	at org.h2.command.Parser.readAnd(Parser.java:2023)
	at org.h2.command.Parser.readExpression(Parser.java:2015)
	at org.h2.command.Parser.parseEndOfQuery(Parser.java:1726)
	at org.h2.command.Parser.parseSelectUnionExtension(Parser.java:1706)
	at org.h2.command.Parser.parseSelectUnion(Parser.java:1675)
	at org.h2.command.Parser.parseSelect(Parser.java:1662)
	at org.h2.command.Parser.parsePrepared(Parser.java:434)
	at org.h2.command.Parser.parse(Parser.java:306)
	at org.h2.command.Parser.parse(Parser.java:282)
	at org.h2.command.Parser.prepareCommand(Parser.java:243)
	at org.h2.engine.Session.prepareLocal(Session.java:442)
	at org.h2.engine.Session.prepareCommand(Session.java:384)
	at org.h2.jdbc.JdbcConnection.prepareCommand(JdbcConnection.java:1188)
	at org.h2.jdbc.JdbcPreparedStatement.&lt;init&gt;(JdbcPreparedStatement.java:73)
	at org.h2.jdbc.JdbcConnection.prepareStatement(JdbcConnection.java:276)
	at sun.reflect.GeneratedMethodAccessor6.invoke(Unknown Source)
	at sun.reflect.DelegatingMethodAccessorImpl.invoke(DelegatingMethodAccessorImpl.java:43)
	at java.lang.reflect.Method.invoke(Method.java:498)
	at org.apache.ibatis.datasource.pooled.PooledConnection.invoke(PooledConnection.java:245)
	at com.sun.proxy.$Proxy12.prepareStatement(Unknown Source)
	at sun.reflect.GeneratedMethodAccessor6.invoke(Unknown Source)
	at sun.reflect.DelegatingMethodAccessorImpl.invoke(DelegatingMethodAccessorImpl.java:43)
	at java.lang.reflect.Method.invoke(Method.java:498)
	at org.apache.ibatis.logging.jdbc.ConnectionLogger.invoke(ConnectionLogger.java:55)
	at com.sun.proxy.$Proxy12.prepareStatement(Unknown Source)
	at org.apache.ibatis.executor.statement.PreparedStatementHandler.instantiateStatement(PreparedStatementHandler.java:79)
	at org.apache.ibatis.executor.statement.BaseStatementHandler.prepare(BaseStatementHandler.java:88)
	at org.apache.ibatis.executor.statement.RoutingStatementHandler.prepare(RoutingStatementHandler.java:58)
	at org.apache.ibatis.executor.SimpleExecutor.prepareStatement(SimpleExecutor.java:76)
	at org.apache.ibatis.executor.SimpleExecutor.doQuery(SimpleExecutor.java:61)
	at org.apache.ibatis.executor.BaseExecutor.queryFromDatabase(BaseExecutor.java:303)
	at org.apache.ibatis.executor.BaseExecutor.query(BaseExecutor.java:154)
	at org.apache.ibatis.executor.CachingExecutor.query(CachingExecutor.java:102)
	at org.apache.ibatis.executor.CachingExecutor.query(CachingExecutor.java:82)
	at org.apache.ibatis.session.defaults.DefaultSqlSession.selectList(DefaultSqlSession.java:120)
	... 37 more
10:47:59,245 [main] DEBUG org.activiti.engine.impl.cfg.standalone.StandaloneMybatisTransactionContext  - firing event rolling back...
10:47:59,245 [main] DEBUG org.activiti.engine.impl.cfg.standalone.StandaloneMybatisTransactionContext  - rolling back ibatis sql session...
10:47:59,245 [main] DEBUG org.activiti.engine.impl.cfg.standalone.StandaloneMybatisTransactionContext  - firing event rolled back...
10:47:59,245 [main] DEBUG org.apache.ibatis.transaction.jdbc.JdbcTransaction  - Resetting autocommit to true on JDBC Connection [conn6: url=jdbc:h2:mem:activiti user=SA]
10:47:59,245 [main] DEBUG org.apache.ibatis.transaction.jdbc.JdbcTransaction  - Closing JDBC Connection [conn6: url=jdbc:h2:mem:activiti user=SA]
10:47:59,245 [main] DEBUG org.apache.ibatis.datasource.pooled.PooledDataSource  - Returned connection 486346394 to pool.
10:47:59,246 [main] DEBUG org.activiti.engine.impl.interceptor.LogInterceptor  - --- DeleteDeploymentCmd finished --------------------------------------------------------
10:47:59,246 [main] DEBUG org.activiti.engine.impl.interceptor.LogInterceptor  - 

</system-out>
  </testcase>
  <testcase classname="org.activiti.examples.bpmn.authorization.StartAuthorizationTest" name="testPotentialStarterNoDefinition" time="0.01">
    <error message="
### Error querying database.  Cause: org.h2.jdbc.JdbcSQLException: Syntax error in SQL statement &quot;SELECT RES.* 
       
    FROM ACT_RE_PROCDEF RES
     
     WHERE  RES.DEPLOYMENT_ID_ = ? 
   
     ORDER BY  ORDER[*] BY RES.ID_ ASC  
    LIMIT ? OFFSET ? &quot;; expected &quot;=, NOT, EXISTS, INTERSECTS, SELECT, FROM&quot;; SQL statement:
select RES.* 
       
    from ACT_RE_PROCDEF RES
     
     WHERE  RES.DEPLOYMENT_ID_ = ? 
   
     order by  order by RES.ID_ asc  
    LIMIT ? OFFSET ? [42001-176]
### The error may exist in org/activiti/db/mapping/entity/ProcessDefinition.xml
### The error may involve org.activiti.engine.impl.persistence.entity.ProcessDefinitionEntity.selectProcessDefinitionsByQueryCriteria
### The error occurred while executing a query
### SQL: select RES.*              from ACT_RE_PROCDEF RES            WHERE  RES.DEPLOYMENT_ID_ = ?           order by  order by RES.ID_ asc       LIMIT ? OFFSET ?
### Cause: org.h2.jdbc.JdbcSQLException: Syntax error in SQL statement &quot;SELECT RES.* 
       
    FROM ACT_RE_PROCDEF RES
     
     WHERE  RES.DEPLOYMENT_ID_ = ? 
   
     ORDER BY  ORDER[*] BY RES.ID_ ASC  
    LIMIT ? OFFSET ? &quot;; expected &quot;=, NOT, EXISTS, INTERSECTS, SELECT, FROM&quot;; SQL statement:
select RES.* 
       
    from ACT_RE_PROCDEF RES
     
     WHERE  RES.DEPLOYMENT_ID_ = ? 
   
     order by  order by RES.ID_ asc  
    LIMIT ? OFFSET ? [42001-176]" type="org.apache.ibatis.exceptions.PersistenceException">org.apache.ibatis.exceptions.PersistenceException: 
### Error querying database.  Cause: org.h2.jdbc.JdbcSQLException: Syntax error in SQL statement &quot;SELECT RES.* 
       
    FROM ACT_RE_PROCDEF RES
     
     WHERE  RES.DEPLOYMENT_ID_ = ? 
   
     ORDER BY  ORDER[*] BY RES.ID_ ASC  
    LIMIT ? OFFSET ? &quot;; expected &quot;=, NOT, EXISTS, INTERSECTS, SELECT, FROM&quot;; SQL statement:
select RES.* 
       
    from ACT_RE_PROCDEF RES
     
     WHERE  RES.DEPLOYMENT_ID_ = ? 
   
     order by  order by RES.ID_ asc  
    LIMIT ? OFFSET ? [42001-176]
### The error may exist in org/activiti/db/mapping/entity/ProcessDefinition.xml
### The error may involve org.activiti.engine.impl.persistence.entity.ProcessDefinitionEntity.selectProcessDefinitionsByQueryCriteria
### The error occurred while executing a query
### SQL: select RES.*              from ACT_RE_PROCDEF RES            WHERE  RES.DEPLOYMENT_ID_ = ?           order by  order by RES.ID_ asc       LIMIT ? OFFSET ?
### Cause: org.h2.jdbc.JdbcSQLException: Syntax error in SQL statement &quot;SELECT RES.* 
       
    FROM ACT_RE_PROCDEF RES
     
     WHERE  RES.DEPLOYMENT_ID_ = ? 
   
     ORDER BY  ORDER[*] BY RES.ID_ ASC  
    LIMIT ? OFFSET ? &quot;; expected &quot;=, NOT, EXISTS, INTERSECTS, SELECT, FROM&quot;; SQL statement:
select RES.* 
       
    from ACT_RE_PROCDEF RES
     
     WHERE  RES.DEPLOYMENT_ID_ = ? 
   
     order by  order by RES.ID_ asc  
    LIMIT ? OFFSET ? [42001-176]
	at org.apache.ibatis.exceptions.ExceptionFactory.wrapException(ExceptionFactory.java:30)
	at org.apache.ibatis.session.defaults.DefaultSqlSession.selectList(DefaultSqlSession.java:122)
	at org.apache.ibatis.session.defaults.DefaultSqlSession.selectList(DefaultSqlSession.java:113)
	at org.activiti.engine.impl.db.DbSqlSession.selectListWithRawParameter(DbSqlSession.java:438)
	at org.activiti.engine.impl.db.DbSqlSession.selectList(DbSqlSession.java:429)
	at org.activiti.engine.impl.db.DbSqlSession.selectList(DbSqlSession.java:419)
	at org.activiti.engine.impl.persistence.entity.ProcessDefinitionEntityManager.findProcessDefinitionsByQueryCriteria(ProcessDefinitionEntityManager.java:57)
	at org.activiti.engine.impl.ProcessDefinitionQueryImpl.executeList(ProcessDefinitionQueryImpl.java:307)
	at org.activiti.engine.impl.AbstractQuery.list(AbstractQuery.java:140)
	at org.activiti.engine.impl.persistence.deploy.DeploymentManager.removeDeployment(DeploymentManager.java:187)
	at org.activiti.engine.impl.cmd.DeleteDeploymentCmd.execute(DeleteDeploymentCmd.java:44)
	at org.activiti.engine.impl.cmd.DeleteDeploymentCmd.execute(DeleteDeploymentCmd.java:24)
	at org.activiti.engine.impl.interceptor.CommandInvoker.execute(CommandInvoker.java:24)
	at org.activiti.engine.impl.interceptor.CommandContextInterceptor.execute(CommandContextInterceptor.java:57)
	at org.activiti.engine.impl.interceptor.LogInterceptor.execute(LogInterceptor.java:37)
	at org.activiti.engine.impl.cfg.CommandExecutorImpl.execute(CommandExecutorImpl.java:40)
	at org.activiti.engine.impl.cfg.CommandExecutorImpl.execute(CommandExecutorImpl.java:35)
	at org.activiti.engine.impl.RepositoryServiceImpl.deleteDeployment(RepositoryServiceImpl.java:90)
	at org.activiti.engine.impl.test.TestHelper.annotationDeploymentTearDown(TestHelper.java:116)
	at org.activiti.engine.impl.test.AbstractActivitiTestCase.runBare(AbstractActivitiTestCase.java:116)
	at junit.framework.TestResult$1.protect(TestResult.java:122)
	at junit.framework.TestResult.runProtected(TestResult.java:142)
	at junit.framework.TestResult.run(TestResult.java:125)
	at junit.framework.TestCase.run(TestCase.java:129)
	at junit.framework.TestSuite.runTest(TestSuite.java:255)
	at junit.framework.TestSuite.run(TestSuite.java:250)
	at org.junit.internal.runners.JUnit38ClassRunner.run(JUnit38ClassRunner.java:84)
	at org.apache.maven.surefire.junit4.JUnit4TestSet.execute(JUnit4TestSet.java:35)
	at org.apache.maven.surefire.junit4.JUnit4Provider.executeTestSet(JUnit4Provider.java:146)
	at org.apache.maven.surefire.junit4.JUnit4Provider.invoke(JUnit4Provider.java:97)
	at sun.reflect.NativeMethodAccessorImpl.invoke0(Native Method)
	at sun.reflect.NativeMethodAccessorImpl.invoke(NativeMethodAccessorImpl.java:62)
	at sun.reflect.DelegatingMethodAccessorImpl.invoke(DelegatingMethodAccessorImpl.java:43)
	at java.lang.reflect.Method.invoke(Method.java:498)
	at org.apache.maven.surefire.booter.ProviderFactory$ClassLoaderProxy.invoke(ProviderFactory.java:103)
	at com.sun.proxy.$Proxy0.invoke(Unknown Source)
	at org.apache.maven.surefire.booter.SurefireStarter.invokeProvider(SurefireStarter.java:145)
	at org.apache.maven.surefire.booter.SurefireStarter.runSuitesInProcess(SurefireStarter.java:87)
	at org.apache.maven.surefire.booter.ForkedBooter.main(ForkedBooter.java:69)
Caused by: org.h2.jdbc.JdbcSQLException: Syntax error in SQL statement &quot;SELECT RES.* 
       
    FROM ACT_RE_PROCDEF RES
     
     WHERE  RES.DEPLOYMENT_ID_ = ? 
   
     ORDER BY  ORDER[*] BY RES.ID_ ASC  
    LIMIT ? OFFSET ? &quot;; expected &quot;=, NOT, EXISTS, INTERSECTS, SELECT, FROM&quot;; SQL statement:
select RES.* 
       
    from ACT_RE_PROCDEF RES
     
     WHERE  RES.DEPLOYMENT_ID_ = ? 
   
     order by  order by RES.ID_ asc  
    LIMIT ? OFFSET ? [42001-176]
	at org.h2.message.DbException.getJdbcSQLException(DbException.java:344)
	at org.h2.message.DbException.getSyntaxError(DbException.java:204)
	at org.h2.command.Parser.getSyntaxError(Parser.java:524)
	at org.h2.command.Parser.readTerm(Parser.java:2688)
	at org.h2.command.Parser.readFactor(Parser.java:2244)
	at org.h2.command.Parser.readSum(Parser.java:2231)
	at org.h2.command.Parser.readConcat(Parser.java:2201)
	at org.h2.command.Parser.readCondition(Parser.java:2051)
	at org.h2.command.Parser.readAnd(Parser.java:2023)
	at org.h2.command.Parser.readExpression(Parser.java:2015)
	at org.h2.command.Parser.parseEndOfQuery(Parser.java:1726)
	at org.h2.command.Parser.parseSelectUnionExtension(Parser.java:1706)
	at org.h2.command.Parser.parseSelectUnion(Parser.java:1675)
	at org.h2.command.Parser.parseSelect(Parser.java:1662)
	at org.h2.command.Parser.parsePrepared(Parser.java:434)
	at org.h2.command.Parser.parse(Parser.java:306)
	at org.h2.command.Parser.parse(Parser.java:282)
	at org.h2.command.Parser.prepareCommand(Parser.java:243)
	at org.h2.engine.Session.prepareLocal(Session.java:442)
	at org.h2.engine.Session.prepareCommand(Session.java:384)
	at org.h2.jdbc.JdbcConnection.prepareCommand(JdbcConnection.java:1188)
	at org.h2.jdbc.JdbcPreparedStatement.&lt;init&gt;(JdbcPreparedStatement.java:73)
	at org.h2.jdbc.JdbcConnection.prepareStatement(JdbcConnection.java:276)
	at sun.reflect.GeneratedMethodAccessor6.invoke(Unknown Source)
	at sun.reflect.DelegatingMethodAccessorImpl.invoke(DelegatingMethodAccessorImpl.java:43)
	at java.lang.reflect.Method.invoke(Method.java:498)
	at org.apache.ibatis.datasource.pooled.PooledConnection.invoke(PooledConnection.java:245)
	at com.sun.proxy.$Proxy12.prepareStatement(Unknown Source)
	at sun.reflect.GeneratedMethodAccessor6.invoke(Unknown Source)
	at sun.reflect.DelegatingMethodAccessorImpl.invoke(DelegatingMethodAccessorImpl.java:43)
	at java.lang.reflect.Method.invoke(Method.java:498)
	at org.apache.ibatis.logging.jdbc.ConnectionLogger.invoke(ConnectionLogger.java:55)
	at com.sun.proxy.$Proxy12.prepareStatement(Unknown Source)
	at org.apache.ibatis.executor.statement.PreparedStatementHandler.instantiateStatement(PreparedStatementHandler.java:79)
	at org.apache.ibatis.executor.statement.BaseStatementHandler.prepare(BaseStatementHandler.java:88)
	at org.apache.ibatis.executor.statement.RoutingStatementHandler.prepare(RoutingStatementHandler.java:58)
	at org.apache.ibatis.executor.SimpleExecutor.prepareStatement(SimpleExecutor.java:76)
	at org.apache.ibatis.executor.SimpleExecutor.doQuery(SimpleExecutor.java:61)
	at org.apache.ibatis.executor.BaseExecutor.queryFromDatabase(BaseExecutor.java:303)
	at org.apache.ibatis.executor.BaseExecutor.query(BaseExecutor.java:154)
	at org.apache.ibatis.executor.CachingExecutor.query(CachingExecutor.java:102)
	at org.apache.ibatis.executor.CachingExecutor.query(CachingExecutor.java:82)
	at org.apache.ibatis.session.defaults.DefaultSqlSession.selectList(DefaultSqlSession.java:120)
	... 37 more
</error>
    <system-out>10:47:59,246 [main] DEBUG org.activiti.engine.impl.test.TestHelper  - annotation @Deployment creates deployment for StartAuthorizationTest.testPotentialStarterNoDefinition
10:47:59,247 [main] DEBUG org.activiti.engine.impl.interceptor.LogInterceptor  - 

10:47:59,247 [main] DEBUG org.activiti.engine.impl.interceptor.LogInterceptor  - --- starting DeployCmd --------------------------------------------------------
10:47:59,247 [main] DEBUG org.activiti.engine.impl.bpmn.deployer.BpmnDeployer  - Processing deployment StartAuthorizationTest.testPotentialStarterNoDefinition
10:47:59,247 [main] INFO  org.activiti.engine.impl.bpmn.deployer.BpmnDeployer  - Processing resource org/activiti/examples/bpmn/authorization/StartAuthorizationTest.testPotentialStarterNoDefinition.bpmn20.xml
10:47:59,251 [main] DEBUG org.activiti.engine.impl.bpmn.parser.handler.ProcessParseHandler  - Parsing process potentialStarterNoDefinition
10:47:59,251 [main] DEBUG org.activiti.engine.impl.bpmn.parser.handler.AbstractBpmnParseHandler  - Parsing activity theStart
10:47:59,251 [main] DEBUG org.activiti.engine.impl.bpmn.parser.handler.AbstractBpmnParseHandler  - Parsing activity theEnd
10:47:59,251 [main] DEBUG org.apache.ibatis.transaction.jdbc.JdbcTransaction  - Opening JDBC Connection
10:47:59,251 [main] DEBUG org.apache.ibatis.datasource.pooled.PooledDataSource  - Checked out connection 363509958 from pool.
10:47:59,251 [main] DEBUG org.apache.ibatis.transaction.jdbc.JdbcTransaction  - Setting autocommit to false on JDBC Connection [conn2: url=jdbc:h2:mem:activiti user=SA]
10:47:59,251 [main] DEBUG org.activiti.engine.impl.persistence.entity.ProcessDefinitionEntity.selectLatestProcessDefinitionByKey  - ==&gt;  Preparing: select * from ACT_RE_PROCDEF where KEY_ = ? and (TENANT_ID_ = &apos;&apos; or TENANT_ID_ is null) and VERSION_ = (select max(VERSION_) from ACT_RE_PROCDEF where KEY_ = ? and (TENANT_ID_ = &apos;&apos; or TENANT_ID_ is null)) 
10:47:59,251 [main] DEBUG org.activiti.engine.impl.persistence.entity.ProcessDefinitionEntity.selectLatestProcessDefinitionByKey  - ==&gt; Parameters: potentialStarterNoDefinition(String), potentialStarterNoDefinition(String)
10:47:59,251 [main] DEBUG org.activiti.engine.impl.persistence.entity.ProcessDefinitionEntity.selectLatestProcessDefinitionByKey  - &lt;==      Total: 0
10:47:59,251 [main] DEBUG org.activiti.engine.impl.persistence.entity.JobEntity.selectJobByTypeAndProcessDefinitionKeyNoTenantId  - ==&gt;  Preparing: select J.* from ACT_RU_JOB J inner join ACT_RE_PROCDEF P on J.PROC_DEF_ID_ = P.ID_ where J.HANDLER_TYPE_ = ? and P.KEY_ = ? and (P.TENANT_ID_ = &apos;&apos; or P.TENANT_ID_ is null) 
10:47:59,251 [main] DEBUG org.activiti.engine.impl.persistence.entity.JobEntity.selectJobByTypeAndProcessDefinitionKeyNoTenantId  - ==&gt; Parameters: timer-start-event(String), potentialStarterNoDefinition(String)
10:47:59,251 [main] DEBUG org.activiti.engine.impl.persistence.entity.JobEntity.selectJobByTypeAndProcessDefinitionKeyNoTenantId  - &lt;==      Total: 0
10:47:59,251 [main] DEBUG org.activiti.engine.impl.persistence.entity.ProcessDefinitionInfoEntity.selectProcessDefinitionInfoByProcessDefinitionId  - ==&gt;  Preparing: select * from ACT_PROCDEF_INFO where PROC_DEF_ID_ = ? 
10:47:59,251 [main] DEBUG org.activiti.engine.impl.persistence.entity.ProcessDefinitionInfoEntity.selectProcessDefinitionInfoByProcessDefinitionId  - ==&gt; Parameters: potentialStarterNoDefinition:1:1347(String)
10:47:59,251 [main] DEBUG org.activiti.engine.impl.persistence.entity.ProcessDefinitionInfoEntity.selectProcessDefinitionInfoByProcessDefinitionId  - &lt;==      Total: 0
10:47:59,251 [main] DEBUG org.activiti.engine.impl.interceptor.LogInterceptor  - 

10:47:59,252 [main] DEBUG org.activiti.engine.impl.interceptor.LogInterceptor  - --- starting GetProcessDefinitionInfoCmd --------------------------------------------------------
10:47:59,252 [main] DEBUG org.activiti.engine.impl.interceptor.CommandContextInterceptor  - Valid context found. Reusing it for the current command &apos;org.activiti.engine.impl.cmd.GetProcessDefinitionInfoCmd&apos;
10:47:59,252 [main] DEBUG org.activiti.engine.impl.interceptor.LogInterceptor  - 

10:47:59,252 [main] DEBUG org.activiti.engine.impl.interceptor.LogInterceptor  - --- starting  --------------------------------------------------------
10:47:59,252 [main] DEBUG org.activiti.engine.impl.interceptor.CommandContextInterceptor  - Valid context found. Reusing it for the current command &apos;null&apos;
10:47:59,252 [main] DEBUG org.activiti.engine.impl.interceptor.LogInterceptor  - ---  finished --------------------------------------------------------
10:47:59,252 [main] DEBUG org.activiti.engine.impl.interceptor.LogInterceptor  - 

10:47:59,252 [main] DEBUG org.activiti.engine.impl.interceptor.LogInterceptor  - --- GetProcessDefinitionInfoCmd finished --------------------------------------------------------
10:47:59,252 [main] DEBUG org.activiti.engine.impl.interceptor.LogInterceptor  - 

10:47:59,252 [main] DEBUG org.activiti.engine.impl.db.DbSqlSession  -   insert ResourceEntity[id=1346, name=org/activiti/examples/bpmn/authorization/StartAuthorizationTest.testPotentialStarterNoDefinition.bpmn20.xml]
10:47:59,252 [main] DEBUG org.activiti.engine.impl.db.DbSqlSession  -   insert DeploymentEntity[id=1345, name=StartAuthorizationTest.testPotentialStarterNoDefinition]
10:47:59,252 [main] DEBUG org.activiti.engine.impl.db.DbSqlSession  -   insert ProcessDefinitionEntity[potentialStarterNoDefinition:1:1347]
10:47:59,252 [main] DEBUG org.activiti.engine.impl.db.DbSqlSession  - flush summary: 3 insert, 0 update, 0 delete.
10:47:59,252 [main] DEBUG org.activiti.engine.impl.db.DbSqlSession  - now executing flush...
10:47:59,252 [main] DEBUG org.activiti.engine.impl.db.DbSqlSession  - inserting: ProcessDefinitionEntity[potentialStarterNoDefinition:1:1347]
10:47:59,252 [main] DEBUG org.activiti.engine.impl.persistence.entity.ProcessDefinitionEntity.insertProcessDefinition  - ==&gt;  Preparing: insert into ACT_RE_PROCDEF(ID_, REV_, CATEGORY_, NAME_, KEY_, VERSION_, DEPLOYMENT_ID_, RESOURCE_NAME_, DGRM_RESOURCE_NAME_, DESCRIPTION_, HAS_START_FORM_KEY_, HAS_GRAPHICAL_NOTATION_ , SUSPENSION_STATE_, TENANT_ID_) values (?, 1, ?, ?, ?, ?, ?, ?, ?, ?, ?, ?, ?, ?) 
10:47:59,252 [main] DEBUG org.activiti.engine.impl.persistence.entity.ProcessDefinitionEntity.insertProcessDefinition  - ==&gt; Parameters: potentialStarterNoDefinition:1:1347(String), Examples(String), null, potentialStarterNoDefinition(String), 1(Integer), 1345(String), org/activiti/examples/bpmn/authorization/StartAuthorizationTest.testPotentialStarterNoDefinition.bpmn20.xml(String), null, null, false(Boolean), false(Boolean), 1(Integer), (String)
10:47:59,252 [main] DEBUG org.activiti.engine.impl.persistence.entity.ProcessDefinitionEntity.insertProcessDefinition  - &lt;==    Updates: 1
10:47:59,252 [main] DEBUG org.activiti.engine.impl.db.DbSqlSession  - inserting: DeploymentEntity[id=1345, name=StartAuthorizationTest.testPotentialStarterNoDefinition]
10:47:59,252 [main] DEBUG org.activiti.engine.impl.persistence.entity.DeploymentEntity.insertDeployment  - ==&gt;  Preparing: insert into ACT_RE_DEPLOYMENT(ID_, NAME_, CATEGORY_, TENANT_ID_, DEPLOY_TIME_) values(?, ?, ?, ?, ?) 
10:47:59,252 [main] DEBUG org.activiti.engine.impl.persistence.entity.DeploymentEntity.insertDeployment  - ==&gt; Parameters: 1345(String), StartAuthorizationTest.testPotentialStarterNoDefinition(String), null, (String), 2023-03-20 10:48:50.669(Timestamp)
10:47:59,252 [main] DEBUG org.activiti.engine.impl.persistence.entity.DeploymentEntity.insertDeployment  - &lt;==    Updates: 1
10:47:59,252 [main] DEBUG org.activiti.engine.impl.db.DbSqlSession  - inserting: ResourceEntity[id=1346, name=org/activiti/examples/bpmn/authorization/StartAuthorizationTest.testPotentialStarterNoDefinition.bpmn20.xml]
10:47:59,252 [main] DEBUG org.activiti.engine.impl.persistence.entity.ResourceEntity.insertResource  - ==&gt;  Preparing: insert into ACT_GE_BYTEARRAY(ID_, REV_, NAME_, BYTES_, DEPLOYMENT_ID_, GENERATED_) values (?, 1, ?, ?, ?, ?) 
10:47:59,252 [main] DEBUG org.activiti.engine.impl.persistence.entity.ResourceEntity.insertResource  - ==&gt; Parameters: 1346(String), org/activiti/examples/bpmn/authorization/StartAuthorizationTest.testPotentialStarterNoDefinition.bpmn20.xml(String), java.io.ByteArrayInputStream@64a23d65(ByteArrayInputStream), 1345(String), false(Boolean)
10:47:59,252 [main] DEBUG org.activiti.engine.impl.persistence.entity.ResourceEntity.insertResource  - &lt;==    Updates: 1
10:47:59,252 [main] DEBUG org.activiti.engine.impl.cfg.standalone.StandaloneMybatisTransactionContext  - firing event committing...
10:47:59,252 [main] DEBUG org.activiti.engine.impl.cfg.standalone.StandaloneMybatisTransactionContext  - committing the ibatis sql session...
10:47:59,252 [main] DEBUG org.apache.ibatis.transaction.jdbc.JdbcTransaction  - Committing JDBC Connection [conn2: url=jdbc:h2:mem:activiti user=SA]
10:47:59,252 [main] DEBUG org.activiti.engine.impl.cfg.standalone.StandaloneMybatisTransactionContext  - firing event committed...
10:47:59,252 [main] DEBUG org.apache.ibatis.transaction.jdbc.JdbcTransaction  - Resetting autocommit to true on JDBC Connection [conn2: url=jdbc:h2:mem:activiti user=SA]
10:47:59,252 [main] DEBUG org.apache.ibatis.transaction.jdbc.JdbcTransaction  - Closing JDBC Connection [conn2: url=jdbc:h2:mem:activiti user=SA]
10:47:59,252 [main] DEBUG org.apache.ibatis.datasource.pooled.PooledDataSource  - Returned connection 363509958 to pool.
10:47:59,252 [main] DEBUG org.activiti.engine.impl.interceptor.LogInterceptor  - --- DeployCmd finished --------------------------------------------------------
10:47:59,252 [main] DEBUG org.activiti.engine.impl.interceptor.LogInterceptor  - 

10:47:59,252 [main] DEBUG org.activiti.engine.impl.test.PvmTestCase  - 

10:47:59,252 [main] DEBUG org.activiti.engine.impl.test.PvmTestCase  - #### START StartAuthorizationTest.testPotentialStarterNoDefinition ###########################################################
10:47:59,252 [main] DEBUG org.activiti.engine.impl.interceptor.LogInterceptor  - 

10:47:59,252 [main] DEBUG org.activiti.engine.impl.interceptor.LogInterceptor  - --- starting StartProcessInstanceCmd --------------------------------------------------------
10:47:59,252 [main] DEBUG org.apache.ibatis.transaction.jdbc.JdbcTransaction  - Opening JDBC Connection
10:47:59,252 [main] DEBUG org.apache.ibatis.datasource.pooled.PooledDataSource  - Checked out connection 180014677 from pool.
10:47:59,252 [main] DEBUG org.apache.ibatis.transaction.jdbc.JdbcTransaction  - Setting autocommit to false on JDBC Connection [conn3: url=jdbc:h2:mem:activiti user=SA]
10:47:59,253 [main] DEBUG org.activiti.engine.impl.persistence.entity.ProcessDefinitionEntity.selectLatestProcessDefinitionByKey  - ==&gt;  Preparing: select * from ACT_RE_PROCDEF where KEY_ = ? and (TENANT_ID_ = &apos;&apos; or TENANT_ID_ is null) and VERSION_ = (select max(VERSION_) from ACT_RE_PROCDEF where KEY_ = ? and (TENANT_ID_ = &apos;&apos; or TENANT_ID_ is null)) 
10:47:59,253 [main] DEBUG org.activiti.engine.impl.persistence.entity.ProcessDefinitionEntity.selectLatestProcessDefinitionByKey  - ==&gt; Parameters: potentialStarterNoDefinition(String), potentialStarterNoDefinition(String)
10:47:59,253 [main] DEBUG org.activiti.engine.impl.persistence.entity.ProcessDefinitionEntity.selectLatestProcessDefinitionByKey  - &lt;==      Total: 1
10:47:59,253 [main] DEBUG org.activiti.engine.impl.persistence.entity.ExecutionEntity  - initializing ProcessInstance[1348]
10:47:59,253 [main] DEBUG org.activiti.engine.impl.persistence.entity.IdentityLinkEntity.selectIdentityLinksByProcessInstance  - ==&gt;  Preparing: select * from ACT_RU_IDENTITYLINK where PROC_INST_ID_ = ? 
10:47:59,253 [main] DEBUG org.activiti.engine.impl.persistence.entity.IdentityLinkEntity.selectIdentityLinksByProcessInstance  - ==&gt; Parameters: 1348(String)
10:47:59,253 [main] DEBUG org.activiti.engine.impl.persistence.entity.IdentityLinkEntity.selectIdentityLinksByProcessInstance  - &lt;==      Total: 0
10:47:59,253 [main] DEBUG org.activiti.engine.impl.history.DefaultHistoryManager  - Current history level: FULL, level required: AUDIT
10:47:59,253 [main] DEBUG org.activiti.engine.impl.history.DefaultHistoryManager  - Current history level: FULL, level required: ACTIVITY
10:47:59,253 [main] DEBUG org.activiti.engine.impl.pvm.runtime.AtomicOperationActivityExecute  - ProcessInstance[1348] executes Activity(theStart): org.activiti.engine.impl.bpmn.behavior.NoneStartEventActivityBehavior
10:47:59,253 [main] DEBUG org.activiti.engine.impl.persistence.entity.JobEntity.selectJobsByExecutionId  - ==&gt;  Preparing: select * from ACT_RU_JOB J where J.EXECUTION_ID_ = ? 
10:47:59,253 [main] DEBUG org.activiti.engine.impl.persistence.entity.JobEntity.selectJobsByExecutionId  - ==&gt; Parameters: 1348(String)
10:47:59,253 [main] DEBUG org.activiti.engine.impl.persistence.entity.JobEntity.selectJobsByExecutionId  - &lt;==      Total: 0
10:47:59,253 [main] DEBUG org.activiti.engine.impl.bpmn.behavior.BpmnActivityBehavior  - Leaving activity &apos;theStart&apos;
10:47:59,253 [main] DEBUG org.activiti.engine.impl.history.DefaultHistoryManager  - Current history level: FULL, level required: ACTIVITY
10:47:59,253 [main] DEBUG org.activiti.engine.impl.pvm.runtime.AtomicOperationTransitionNotifyListenerTake  - ProcessInstance[1348] takes transition (theStart)--flow1--&gt;(theEnd)
10:47:59,253 [main] DEBUG org.activiti.engine.impl.history.DefaultHistoryManager  - Current history level: FULL, level required: ACTIVITY
10:47:59,253 [main] DEBUG org.activiti.engine.impl.pvm.runtime.AtomicOperationActivityExecute  - ProcessInstance[1348] executes Activity(theEnd): org.activiti.engine.impl.bpmn.behavior.NoneEndEventActivityBehavior
10:47:59,253 [main] DEBUG org.activiti.engine.impl.history.DefaultHistoryManager  - Current history level: FULL, level required: ACTIVITY
10:47:59,253 [main] DEBUG org.activiti.engine.impl.history.DefaultHistoryManager  - Current history level: FULL, level required: ACTIVITY
10:47:59,253 [main] DEBUG org.activiti.engine.impl.history.DefaultHistoryManager  - Current history level: FULL
10:47:59,253 [main] DEBUG org.activiti.engine.impl.persistence.entity.ExecutionEntity  - destroying ProcessInstance[1348]
10:47:59,253 [main] DEBUG org.activiti.engine.impl.persistence.entity.TaskEntity.selectTasksByExecutionId  - ==&gt;  Preparing: select distinct T.* from ACT_RU_TASK T where T.EXECUTION_ID_ = ? 
10:47:59,253 [main] DEBUG org.activiti.engine.impl.persistence.entity.TaskEntity.selectTasksByExecutionId  - ==&gt; Parameters: 1348(String)
10:47:59,253 [main] DEBUG org.activiti.engine.impl.persistence.entity.TaskEntity.selectTasksByExecutionId  - &lt;==      Total: 0
10:47:59,253 [main] DEBUG org.activiti.engine.impl.db.DbSqlSession  -   insert HistoricProcessInstanceEntity[superProcessInstanceId=null]
10:47:59,253 [main] DEBUG org.activiti.engine.impl.db.DbSqlSession  -   insert org.activiti.engine.impl.persistence.entity.HistoricIdentityLinkEntity@7a8d1f43
10:47:59,253 [main] DEBUG org.activiti.engine.impl.db.DbSqlSession  -   insert HistoricActivityInstanceEntity[activityId=theStart, activityName=null]
10:47:59,253 [main] DEBUG org.activiti.engine.impl.db.DbSqlSession  -   insert HistoricActivityInstanceEntity[activityId=theEnd, activityName=null]
10:47:59,253 [main] DEBUG org.activiti.engine.impl.db.DbSqlSession  - flush summary: 4 insert, 0 update, 0 delete.
10:47:59,253 [main] DEBUG org.activiti.engine.impl.db.DbSqlSession  - now executing flush...
10:47:59,254 [main] DEBUG org.activiti.engine.impl.db.DbSqlSession  - inserting: HistoricProcessInstanceEntity[superProcessInstanceId=null]
10:47:59,254 [main] DEBUG org.activiti.engine.impl.persistence.entity.HistoricProcessInstanceEntity.insertHistoricProcessInstance  - ==&gt;  Preparing: insert into ACT_HI_PROCINST ( ID_, PROC_INST_ID_, BUSINESS_KEY_, PROC_DEF_ID_, START_TIME_, END_TIME_, DURATION_, START_USER_ID_, START_ACT_ID_, END_ACT_ID_, SUPER_PROCESS_INSTANCE_ID_, DELETE_REASON_, TENANT_ID_, NAME_ ) values ( ?, ?, ?, ?, ?, ?, ?, ?, ?, ?, ?, ?, ?, ? ) 
10:47:59,254 [main] DEBUG org.activiti.engine.impl.persistence.entity.HistoricProcessInstanceEntity.insertHistoricProcessInstance  - ==&gt; Parameters: 1348(String), 1348(String), null, potentialStarterNoDefinition:1:1347(String), 2023-03-20 10:48:50.669(Timestamp), 2023-03-20 10:48:50.669(Timestamp), 0(Long), someOneFromMars(String), theStart(String), theEnd(String), null, null, (String), null
10:47:59,254 [main] DEBUG org.activiti.engine.impl.persistence.entity.HistoricProcessInstanceEntity.insertHistoricProcessInstance  - &lt;==    Updates: 1
10:47:59,254 [main] DEBUG org.activiti.engine.impl.persistence.entity.HistoricActivityInstanceEntity.bulkInsertHistoricActivityInstance  - ==&gt;  Preparing: insert into ACT_HI_ACTINST ( ID_, PROC_DEF_ID_, PROC_INST_ID_, EXECUTION_ID_, ACT_ID_, TASK_ID_, CALL_PROC_INST_ID_, ACT_NAME_, ACT_TYPE_, ASSIGNEE_, START_TIME_, END_TIME_, DURATION_, TENANT_ID_ ) values (?, ?, ?, ?, ?, ?, ?, ?, ?, ?, ?, ?, ?, ?) , (?, ?, ?, ?, ?, ?, ?, ?, ?, ?, ?, ?, ?, ?) 
10:47:59,254 [main] DEBUG org.activiti.engine.impl.persistence.entity.HistoricActivityInstanceEntity.bulkInsertHistoricActivityInstance  - ==&gt; Parameters: 1350(String), potentialStarterNoDefinition:1:1347(String), 1348(String), 1348(String), theStart(String), null, null, null, startEvent(String), null, 2023-03-20 10:48:50.669(Timestamp), 2023-03-20 10:48:50.669(Timestamp), 0(Long), (String), 1351(String), potentialStarterNoDefinition:1:1347(String), 1348(String), 1348(String), theEnd(String), null, null, null, endEvent(String), null, 2023-03-20 10:48:50.669(Timestamp), 2023-03-20 10:48:50.669(Timestamp), 0(Long), (String)
10:47:59,254 [main] DEBUG org.activiti.engine.impl.persistence.entity.HistoricActivityInstanceEntity.bulkInsertHistoricActivityInstance  - &lt;==    Updates: 2
10:47:59,254 [main] DEBUG org.activiti.engine.impl.db.DbSqlSession  - inserting: org.activiti.engine.impl.persistence.entity.HistoricIdentityLinkEntity@7a8d1f43
10:47:59,254 [main] DEBUG org.activiti.engine.impl.persistence.entity.HistoricIdentityLinkEntity.insertHistoricIdentityLink  - ==&gt;  Preparing: insert into ACT_HI_IDENTITYLINK (ID_, TYPE_, USER_ID_, GROUP_ID_, TASK_ID_, PROC_INST_ID_) values (?, ?, ?, ?, ?, ?) 
10:47:59,254 [main] DEBUG org.activiti.engine.impl.persistence.entity.HistoricIdentityLinkEntity.insertHistoricIdentityLink  - ==&gt; Parameters: 1349(String), starter(String), someOneFromMars(String), null, null, 1348(String)
10:47:59,254 [main] DEBUG org.activiti.engine.impl.persistence.entity.HistoricIdentityLinkEntity.insertHistoricIdentityLink  - &lt;==    Updates: 1
10:47:59,254 [main] DEBUG org.activiti.engine.impl.cfg.standalone.StandaloneMybatisTransactionContext  - firing event committing...
10:47:59,254 [main] DEBUG org.activiti.engine.impl.cfg.standalone.StandaloneMybatisTransactionContext  - committing the ibatis sql session...
10:47:59,254 [main] DEBUG org.apache.ibatis.transaction.jdbc.JdbcTransaction  - Committing JDBC Connection [conn3: url=jdbc:h2:mem:activiti user=SA]
10:47:59,254 [main] DEBUG org.activiti.engine.impl.cfg.standalone.StandaloneMybatisTransactionContext  - firing event committed...
10:47:59,254 [main] DEBUG org.apache.ibatis.transaction.jdbc.JdbcTransaction  - Resetting autocommit to true on JDBC Connection [conn3: url=jdbc:h2:mem:activiti user=SA]
10:47:59,254 [main] DEBUG org.apache.ibatis.transaction.jdbc.JdbcTransaction  - Closing JDBC Connection [conn3: url=jdbc:h2:mem:activiti user=SA]
10:47:59,254 [main] DEBUG org.apache.ibatis.datasource.pooled.PooledDataSource  - Returned connection 180014677 to pool.
10:47:59,254 [main] DEBUG org.activiti.engine.impl.interceptor.LogInterceptor  - --- StartProcessInstanceCmd finished --------------------------------------------------------
10:47:59,254 [main] DEBUG org.activiti.engine.impl.interceptor.LogInterceptor  - 

10:47:59,254 [main] DEBUG org.activiti.engine.impl.interceptor.LogInterceptor  - 

10:47:59,254 [main] DEBUG org.activiti.engine.impl.interceptor.LogInterceptor  - --- starting ProcessInstanceQueryImpl --------------------------------------------------------
10:47:59,254 [main] DEBUG org.apache.ibatis.transaction.jdbc.JdbcTransaction  - Opening JDBC Connection
10:47:59,254 [main] DEBUG org.apache.ibatis.datasource.pooled.PooledDataSource  - Checked out connection 297240765 from pool.
10:47:59,254 [main] DEBUG org.apache.ibatis.transaction.jdbc.JdbcTransaction  - Setting autocommit to false on JDBC Connection [conn4: url=jdbc:h2:mem:activiti user=SA]
10:47:59,254 [main] DEBUG org.activiti.engine.impl.persistence.entity.ExecutionEntity.selectProcessInstanceByQueryCriteria  - ==&gt;  Preparing: select distinct RES.* , P.KEY_ as ProcessDefinitionKey, P.ID_ as ProcessDefinitionId, P.NAME_ as ProcessDefinitionName, P.VERSION_ as ProcessDefinitionVersion, P.DEPLOYMENT_ID_ as DeploymentId from ACT_RU_EXECUTION RES inner join ACT_RE_PROCDEF P on RES.PROC_DEF_ID_ = P.ID_ WHERE RES.PARENT_ID_ is null and RES.ID_ = ? and RES.PROC_INST_ID_ = ? order by order by RES.ID_ asc LIMIT ? OFFSET ? 
10:47:59,254 [main] DEBUG org.activiti.engine.impl.interceptor.CommandContext  - Error while closing command context
org.apache.ibatis.exceptions.PersistenceException: 
### Error querying database.  Cause: org.h2.jdbc.JdbcSQLException: Syntax error in SQL statement &quot;SELECT DISTINCT RES.* , P.KEY_ AS PROCESSDEFINITIONKEY, P.ID_ AS PROCESSDEFINITIONID, P.NAME_ AS PROCESSDEFINITIONNAME, P.VERSION_ AS PROCESSDEFINITIONVERSION, P.DEPLOYMENT_ID_ AS DEPLOYMENTID
       
    FROM ACT_RU_EXECUTION RES
    INNER JOIN ACT_RE_PROCDEF P ON RES.PROC_DEF_ID_ = P.ID_
     
     
     
     
     
     
     WHERE RES.PARENT_ID_ IS NULL
      
      
      
      
      
      
      
        AND RES.ID_ = ?
      
      
        AND RES.PROC_INST_ID_ = ? 
   
   
     ORDER BY  ORDER[*] BY RES.ID_ ASC  
    LIMIT ? OFFSET ? &quot;; expected &quot;=, NOT, EXISTS, INTERSECTS, SELECT, FROM&quot;; SQL statement:
select distinct RES.* , P.KEY_ as ProcessDefinitionKey, P.ID_ as ProcessDefinitionId, P.NAME_ as ProcessDefinitionName, P.VERSION_ as ProcessDefinitionVersion, P.DEPLOYMENT_ID_ as DeploymentId
       
    from ACT_RU_EXECUTION RES
    inner join ACT_RE_PROCDEF P on RES.PROC_DEF_ID_ = P.ID_
     
     
     
     
     
     
     WHERE RES.PARENT_ID_ is null
      
      
      
      
      
      
      
        and RES.ID_ = ?
      
      
        and RES.PROC_INST_ID_ = ? 
   
   
     order by  order by RES.ID_ asc  
    LIMIT ? OFFSET ? [42001-176]
### The error may exist in org/activiti/db/mapping/entity/Execution.xml
### The error may involve org.activiti.engine.impl.persistence.entity.ExecutionEntity.selectProcessInstanceByQueryCriteria
### The error occurred while executing a query
### SQL: select distinct RES.* , P.KEY_ as ProcessDefinitionKey, P.ID_ as ProcessDefinitionId, P.NAME_ as ProcessDefinitionName, P.VERSION_ as ProcessDefinitionVersion, P.DEPLOYMENT_ID_ as DeploymentId             from ACT_RU_EXECUTION RES     inner join ACT_RE_PROCDEF P on RES.PROC_DEF_ID_ = P.ID_                                          WHERE RES.PARENT_ID_ is null                                                          and RES.ID_ = ?                       and RES.PROC_INST_ID_ = ?               order by  order by RES.ID_ asc       LIMIT ? OFFSET ?
### Cause: org.h2.jdbc.JdbcSQLException: Syntax error in SQL statement &quot;SELECT DISTINCT RES.* , P.KEY_ AS PROCESSDEFINITIONKEY, P.ID_ AS PROCESSDEFINITIONID, P.NAME_ AS PROCESSDEFINITIONNAME, P.VERSION_ AS PROCESSDEFINITIONVERSION, P.DEPLOYMENT_ID_ AS DEPLOYMENTID
       
    FROM ACT_RU_EXECUTION RES
    INNER JOIN ACT_RE_PROCDEF P ON RES.PROC_DEF_ID_ = P.ID_
     
     
     
     
     
     
     WHERE RES.PARENT_ID_ IS NULL
      
      
      
      
      
      
      
        AND RES.ID_ = ?
      
      
        AND RES.PROC_INST_ID_ = ? 
   
   
     ORDER BY  ORDER[*] BY RES.ID_ ASC  
    LIMIT ? OFFSET ? &quot;; expected &quot;=, NOT, EXISTS, INTERSECTS, SELECT, FROM&quot;; SQL statement:
select distinct RES.* , P.KEY_ as ProcessDefinitionKey, P.ID_ as ProcessDefinitionId, P.NAME_ as ProcessDefinitionName, P.VERSION_ as ProcessDefinitionVersion, P.DEPLOYMENT_ID_ as DeploymentId
       
    from ACT_RU_EXECUTION RES
    inner join ACT_RE_PROCDEF P on RES.PROC_DEF_ID_ = P.ID_
     
     
     
     
     
     
     WHERE RES.PARENT_ID_ is null
      
      
      
      
      
      
      
        and RES.ID_ = ?
      
      
        and RES.PROC_INST_ID_ = ? 
   
   
     order by  order by RES.ID_ asc  
    LIMIT ? OFFSET ? [42001-176]
	at org.apache.ibatis.exceptions.ExceptionFactory.wrapException(ExceptionFactory.java:30)
	at org.apache.ibatis.session.defaults.DefaultSqlSession.selectList(DefaultSqlSession.java:122)
	at org.apache.ibatis.session.defaults.DefaultSqlSession.selectList(DefaultSqlSession.java:113)
	at org.activiti.engine.impl.db.DbSqlSession.selectListWithRawParameter(DbSqlSession.java:438)
	at org.activiti.engine.impl.db.DbSqlSession.selectList(DbSqlSession.java:429)
	at org.activiti.engine.impl.persistence.entity.ExecutionEntityManager.findProcessInstanceByQueryCriteria(ExecutionEntityManager.java:127)
	at org.activiti.engine.impl.ProcessInstanceQueryImpl.executeList(ProcessInstanceQueryImpl.java:541)
	at org.activiti.engine.impl.AbstractQuery.executeSingleResult(AbstractQuery.java:183)
	at org.activiti.engine.impl.AbstractQuery.execute(AbstractQuery.java:166)
	at org.activiti.engine.impl.interceptor.CommandInvoker.execute(CommandInvoker.java:24)
	at org.activiti.engine.impl.interceptor.CommandContextInterceptor.execute(CommandContextInterceptor.java:57)
	at org.activiti.engine.impl.interceptor.LogInterceptor.execute(LogInterceptor.java:37)
	at org.activiti.engine.impl.cfg.CommandExecutorImpl.execute(CommandExecutorImpl.java:40)
	at org.activiti.engine.impl.cfg.CommandExecutorImpl.execute(CommandExecutorImpl.java:35)
	at org.activiti.engine.impl.AbstractQuery.singleResult(AbstractQuery.java:129)
	at org.activiti.engine.impl.test.AbstractActivitiTestCase.assertProcessEnded(AbstractActivitiTestCase.java:196)
	at org.activiti.examples.bpmn.authorization.StartAuthorizationTest.testPotentialStarterNoDefinition(StartAuthorizationTest.java:251)
	at sun.reflect.NativeMethodAccessorImpl.invoke0(Native Method)
	at sun.reflect.NativeMethodAccessorImpl.invoke(NativeMethodAccessorImpl.java:62)
	at sun.reflect.DelegatingMethodAccessorImpl.invoke(DelegatingMethodAccessorImpl.java:43)
	at java.lang.reflect.Method.invoke(Method.java:498)
	at junit.framework.TestCase.runTest(TestCase.java:176)
	at org.activiti.engine.impl.test.PvmTestCase.runTest(PvmTestCase.java:65)
	at junit.framework.TestCase.runBare(TestCase.java:141)
	at org.activiti.engine.impl.test.AbstractActivitiTestCase.runBare(AbstractActivitiTestCase.java:100)
	at junit.framework.TestResult$1.protect(TestResult.java:122)
	at junit.framework.TestResult.runProtected(TestResult.java:142)
	at junit.framework.TestResult.run(TestResult.java:125)
	at junit.framework.TestCase.run(TestCase.java:129)
	at junit.framework.TestSuite.runTest(TestSuite.java:255)
	at junit.framework.TestSuite.run(TestSuite.java:250)
	at org.junit.internal.runners.JUnit38ClassRunner.run(JUnit38ClassRunner.java:84)
	at org.apache.maven.surefire.junit4.JUnit4TestSet.execute(JUnit4TestSet.java:35)
	at org.apache.maven.surefire.junit4.JUnit4Provider.executeTestSet(JUnit4Provider.java:146)
	at org.apache.maven.surefire.junit4.JUnit4Provider.invoke(JUnit4Provider.java:97)
	at sun.reflect.NativeMethodAccessorImpl.invoke0(Native Method)
	at sun.reflect.NativeMethodAccessorImpl.invoke(NativeMethodAccessorImpl.java:62)
	at sun.reflect.DelegatingMethodAccessorImpl.invoke(DelegatingMethodAccessorImpl.java:43)
	at java.lang.reflect.Method.invoke(Method.java:498)
	at org.apache.maven.surefire.booter.ProviderFactory$ClassLoaderProxy.invoke(ProviderFactory.java:103)
	at com.sun.proxy.$Proxy0.invoke(Unknown Source)
	at org.apache.maven.surefire.booter.SurefireStarter.invokeProvider(SurefireStarter.java:145)
	at org.apache.maven.surefire.booter.SurefireStarter.runSuitesInProcess(SurefireStarter.java:87)
	at org.apache.maven.surefire.booter.ForkedBooter.main(ForkedBooter.java:69)
Caused by: org.h2.jdbc.JdbcSQLException: Syntax error in SQL statement &quot;SELECT DISTINCT RES.* , P.KEY_ AS PROCESSDEFINITIONKEY, P.ID_ AS PROCESSDEFINITIONID, P.NAME_ AS PROCESSDEFINITIONNAME, P.VERSION_ AS PROCESSDEFINITIONVERSION, P.DEPLOYMENT_ID_ AS DEPLOYMENTID
       
    FROM ACT_RU_EXECUTION RES
    INNER JOIN ACT_RE_PROCDEF P ON RES.PROC_DEF_ID_ = P.ID_
     
     
     
     
     
     
     WHERE RES.PARENT_ID_ IS NULL
      
      
      
      
      
      
      
        AND RES.ID_ = ?
      
      
        AND RES.PROC_INST_ID_ = ? 
   
   
     ORDER BY  ORDER[*] BY RES.ID_ ASC  
    LIMIT ? OFFSET ? &quot;; expected &quot;=, NOT, EXISTS, INTERSECTS, SELECT, FROM&quot;; SQL statement:
select distinct RES.* , P.KEY_ as ProcessDefinitionKey, P.ID_ as ProcessDefinitionId, P.NAME_ as ProcessDefinitionName, P.VERSION_ as ProcessDefinitionVersion, P.DEPLOYMENT_ID_ as DeploymentId
       
    from ACT_RU_EXECUTION RES
    inner join ACT_RE_PROCDEF P on RES.PROC_DEF_ID_ = P.ID_
     
     
     
     
     
     
     WHERE RES.PARENT_ID_ is null
      
      
      
      
      
      
      
        and RES.ID_ = ?
      
      
        and RES.PROC_INST_ID_ = ? 
   
   
     order by  order by RES.ID_ asc  
    LIMIT ? OFFSET ? [42001-176]
	at org.h2.message.DbException.getJdbcSQLException(DbException.java:344)
	at org.h2.message.DbException.getSyntaxError(DbException.java:204)
	at org.h2.command.Parser.getSyntaxError(Parser.java:524)
	at org.h2.command.Parser.readTerm(Parser.java:2688)
	at org.h2.command.Parser.readFactor(Parser.java:2244)
	at org.h2.command.Parser.readSum(Parser.java:2231)
	at org.h2.command.Parser.readConcat(Parser.java:2201)
	at org.h2.command.Parser.readCondition(Parser.java:2051)
	at org.h2.command.Parser.readAnd(Parser.java:2023)
	at org.h2.command.Parser.readExpression(Parser.java:2015)
	at org.h2.command.Parser.parseEndOfQuery(Parser.java:1726)
	at org.h2.command.Parser.parseSelectUnionExtension(Parser.java:1706)
	at org.h2.command.Parser.parseSelectUnion(Parser.java:1675)
	at org.h2.command.Parser.parseSelect(Parser.java:1662)
	at org.h2.command.Parser.parsePrepared(Parser.java:434)
	at org.h2.command.Parser.parse(Parser.java:306)
	at org.h2.command.Parser.parse(Parser.java:282)
	at org.h2.command.Parser.prepareCommand(Parser.java:243)
	at org.h2.engine.Session.prepareLocal(Session.java:442)
	at org.h2.engine.Session.prepareCommand(Session.java:384)
	at org.h2.jdbc.JdbcConnection.prepareCommand(JdbcConnection.java:1188)
	at org.h2.jdbc.JdbcPreparedStatement.&lt;init&gt;(JdbcPreparedStatement.java:73)
	at org.h2.jdbc.JdbcConnection.prepareStatement(JdbcConnection.java:276)
	at sun.reflect.GeneratedMethodAccessor6.invoke(Unknown Source)
	at sun.reflect.DelegatingMethodAccessorImpl.invoke(DelegatingMethodAccessorImpl.java:43)
	at java.lang.reflect.Method.invoke(Method.java:498)
	at org.apache.ibatis.datasource.pooled.PooledConnection.invoke(PooledConnection.java:245)
	at com.sun.proxy.$Proxy12.prepareStatement(Unknown Source)
	at sun.reflect.GeneratedMethodAccessor6.invoke(Unknown Source)
	at sun.reflect.DelegatingMethodAccessorImpl.invoke(DelegatingMethodAccessorImpl.java:43)
	at java.lang.reflect.Method.invoke(Method.java:498)
	at org.apache.ibatis.logging.jdbc.ConnectionLogger.invoke(ConnectionLogger.java:55)
	at com.sun.proxy.$Proxy12.prepareStatement(Unknown Source)
	at org.apache.ibatis.executor.statement.PreparedStatementHandler.instantiateStatement(PreparedStatementHandler.java:79)
	at org.apache.ibatis.executor.statement.BaseStatementHandler.prepare(BaseStatementHandler.java:88)
	at org.apache.ibatis.executor.statement.RoutingStatementHandler.prepare(RoutingStatementHandler.java:58)
	at org.apache.ibatis.executor.SimpleExecutor.prepareStatement(SimpleExecutor.java:76)
	at org.apache.ibatis.executor.SimpleExecutor.doQuery(SimpleExecutor.java:61)
	at org.apache.ibatis.executor.BaseExecutor.queryFromDatabase(BaseExecutor.java:303)
	at org.apache.ibatis.executor.BaseExecutor.query(BaseExecutor.java:154)
	at org.apache.ibatis.executor.CachingExecutor.query(CachingExecutor.java:102)
	at org.apache.ibatis.executor.CachingExecutor.query(CachingExecutor.java:82)
	at org.apache.ibatis.session.defaults.DefaultSqlSession.selectList(DefaultSqlSession.java:120)
	... 42 more
10:47:59,255 [main] DEBUG org.activiti.engine.impl.cfg.standalone.StandaloneMybatisTransactionContext  - firing event rolling back...
10:47:59,255 [main] DEBUG org.activiti.engine.impl.cfg.standalone.StandaloneMybatisTransactionContext  - rolling back ibatis sql session...
10:47:59,255 [main] DEBUG org.activiti.engine.impl.cfg.standalone.StandaloneMybatisTransactionContext  - firing event rolled back...
10:47:59,255 [main] DEBUG org.apache.ibatis.transaction.jdbc.JdbcTransaction  - Resetting autocommit to true on JDBC Connection [conn4: url=jdbc:h2:mem:activiti user=SA]
10:47:59,255 [main] DEBUG org.apache.ibatis.transaction.jdbc.JdbcTransaction  - Closing JDBC Connection [conn4: url=jdbc:h2:mem:activiti user=SA]
10:47:59,255 [main] DEBUG org.apache.ibatis.datasource.pooled.PooledDataSource  - Returned connection 297240765 to pool.
10:47:59,255 [main] DEBUG org.activiti.engine.impl.interceptor.LogInterceptor  - --- ProcessInstanceQueryImpl finished --------------------------------------------------------
10:47:59,255 [main] DEBUG org.activiti.engine.impl.interceptor.LogInterceptor  - 

10:47:59,255 [main] ERROR org.activiti.engine.impl.test.PvmTestCase  - 

10:47:59,255 [main] ERROR org.activiti.engine.impl.test.PvmTestCase  - EXCEPTION: org.apache.ibatis.exceptions.PersistenceException: 
### Error querying database.  Cause: org.h2.jdbc.JdbcSQLException: Syntax error in SQL statement &quot;SELECT DISTINCT RES.* , P.KEY_ AS PROCESSDEFINITIONKEY, P.ID_ AS PROCESSDEFINITIONID, P.NAME_ AS PROCESSDEFINITIONNAME, P.VERSION_ AS PROCESSDEFINITIONVERSION, P.DEPLOYMENT_ID_ AS DEPLOYMENTID
       
    FROM ACT_RU_EXECUTION RES
    INNER JOIN ACT_RE_PROCDEF P ON RES.PROC_DEF_ID_ = P.ID_
     
     
     
     
     
     
     WHERE RES.PARENT_ID_ IS NULL
      
      
      
      
      
      
      
        AND RES.ID_ = ?
      
      
        AND RES.PROC_INST_ID_ = ? 
   
   
     ORDER BY  ORDER[*] BY RES.ID_ ASC  
    LIMIT ? OFFSET ? &quot;; expected &quot;=, NOT, EXISTS, INTERSECTS, SELECT, FROM&quot;; SQL statement:
select distinct RES.* , P.KEY_ as ProcessDefinitionKey, P.ID_ as ProcessDefinitionId, P.NAME_ as ProcessDefinitionName, P.VERSION_ as ProcessDefinitionVersion, P.DEPLOYMENT_ID_ as DeploymentId
       
    from ACT_RU_EXECUTION RES
    inner join ACT_RE_PROCDEF P on RES.PROC_DEF_ID_ = P.ID_
     
     
     
     
     
     
     WHERE RES.PARENT_ID_ is null
      
      
      
      
      
      
      
        and RES.ID_ = ?
      
      
        and RES.PROC_INST_ID_ = ? 
   
   
     order by  order by RES.ID_ asc  
    LIMIT ? OFFSET ? [42001-176]
### The error may exist in org/activiti/db/mapping/entity/Execution.xml
### The error may involve org.activiti.engine.impl.persistence.entity.ExecutionEntity.selectProcessInstanceByQueryCriteria
### The error occurred while executing a query
### SQL: select distinct RES.* , P.KEY_ as ProcessDefinitionKey, P.ID_ as ProcessDefinitionId, P.NAME_ as ProcessDefinitionName, P.VERSION_ as ProcessDefinitionVersion, P.DEPLOYMENT_ID_ as DeploymentId             from ACT_RU_EXECUTION RES     inner join ACT_RE_PROCDEF P on RES.PROC_DEF_ID_ = P.ID_                                          WHERE RES.PARENT_ID_ is null                                                          and RES.ID_ = ?                       and RES.PROC_INST_ID_ = ?               order by  order by RES.ID_ asc       LIMIT ? OFFSET ?
### Cause: org.h2.jdbc.JdbcSQLException: Syntax error in SQL statement &quot;SELECT DISTINCT RES.* , P.KEY_ AS PROCESSDEFINITIONKEY, P.ID_ AS PROCESSDEFINITIONID, P.NAME_ AS PROCESSDEFINITIONNAME, P.VERSION_ AS PROCESSDEFINITIONVERSION, P.DEPLOYMENT_ID_ AS DEPLOYMENTID
       
    FROM ACT_RU_EXECUTION RES
    INNER JOIN ACT_RE_PROCDEF P ON RES.PROC_DEF_ID_ = P.ID_
     
     
     
     
     
     
     WHERE RES.PARENT_ID_ IS NULL
      
      
      
      
      
      
      
        AND RES.ID_ = ?
      
      
        AND RES.PROC_INST_ID_ = ? 
   
   
     ORDER BY  ORDER[*] BY RES.ID_ ASC  
    LIMIT ? OFFSET ? &quot;; expected &quot;=, NOT, EXISTS, INTERSECTS, SELECT, FROM&quot;; SQL statement:
select distinct RES.* , P.KEY_ as ProcessDefinitionKey, P.ID_ as ProcessDefinitionId, P.NAME_ as ProcessDefinitionName, P.VERSION_ as ProcessDefinitionVersion, P.DEPLOYMENT_ID_ as DeploymentId
       
    from ACT_RU_EXECUTION RES
    inner join ACT_RE_PROCDEF P on RES.PROC_DEF_ID_ = P.ID_
     
     
     
     
     
     
     WHERE RES.PARENT_ID_ is null
      
      
      
      
      
      
      
        and RES.ID_ = ?
      
      
        and RES.PROC_INST_ID_ = ? 
   
   
     order by  order by RES.ID_ asc  
    LIMIT ? OFFSET ? [42001-176]
org.apache.ibatis.exceptions.PersistenceException: 
### Error querying database.  Cause: org.h2.jdbc.JdbcSQLException: Syntax error in SQL statement &quot;SELECT DISTINCT RES.* , P.KEY_ AS PROCESSDEFINITIONKEY, P.ID_ AS PROCESSDEFINITIONID, P.NAME_ AS PROCESSDEFINITIONNAME, P.VERSION_ AS PROCESSDEFINITIONVERSION, P.DEPLOYMENT_ID_ AS DEPLOYMENTID
       
    FROM ACT_RU_EXECUTION RES
    INNER JOIN ACT_RE_PROCDEF P ON RES.PROC_DEF_ID_ = P.ID_
     
     
     
     
     
     
     WHERE RES.PARENT_ID_ IS NULL
      
      
      
      
      
      
      
        AND RES.ID_ = ?
      
      
        AND RES.PROC_INST_ID_ = ? 
   
   
     ORDER BY  ORDER[*] BY RES.ID_ ASC  
    LIMIT ? OFFSET ? &quot;; expected &quot;=, NOT, EXISTS, INTERSECTS, SELECT, FROM&quot;; SQL statement:
select distinct RES.* , P.KEY_ as ProcessDefinitionKey, P.ID_ as ProcessDefinitionId, P.NAME_ as ProcessDefinitionName, P.VERSION_ as ProcessDefinitionVersion, P.DEPLOYMENT_ID_ as DeploymentId
       
    from ACT_RU_EXECUTION RES
    inner join ACT_RE_PROCDEF P on RES.PROC_DEF_ID_ = P.ID_
     
     
     
     
     
     
     WHERE RES.PARENT_ID_ is null
      
      
      
      
      
      
      
        and RES.ID_ = ?
      
      
        and RES.PROC_INST_ID_ = ? 
   
   
     order by  order by RES.ID_ asc  
    LIMIT ? OFFSET ? [42001-176]
### The error may exist in org/activiti/db/mapping/entity/Execution.xml
### The error may involve org.activiti.engine.impl.persistence.entity.ExecutionEntity.selectProcessInstanceByQueryCriteria
### The error occurred while executing a query
### SQL: select distinct RES.* , P.KEY_ as ProcessDefinitionKey, P.ID_ as ProcessDefinitionId, P.NAME_ as ProcessDefinitionName, P.VERSION_ as ProcessDefinitionVersion, P.DEPLOYMENT_ID_ as DeploymentId             from ACT_RU_EXECUTION RES     inner join ACT_RE_PROCDEF P on RES.PROC_DEF_ID_ = P.ID_                                          WHERE RES.PARENT_ID_ is null                                                          and RES.ID_ = ?                       and RES.PROC_INST_ID_ = ?               order by  order by RES.ID_ asc       LIMIT ? OFFSET ?
### Cause: org.h2.jdbc.JdbcSQLException: Syntax error in SQL statement &quot;SELECT DISTINCT RES.* , P.KEY_ AS PROCESSDEFINITIONKEY, P.ID_ AS PROCESSDEFINITIONID, P.NAME_ AS PROCESSDEFINITIONNAME, P.VERSION_ AS PROCESSDEFINITIONVERSION, P.DEPLOYMENT_ID_ AS DEPLOYMENTID
       
    FROM ACT_RU_EXECUTION RES
    INNER JOIN ACT_RE_PROCDEF P ON RES.PROC_DEF_ID_ = P.ID_
     
     
     
     
     
     
     WHERE RES.PARENT_ID_ IS NULL
      
      
      
      
      
      
      
        AND RES.ID_ = ?
      
      
        AND RES.PROC_INST_ID_ = ? 
   
   
     ORDER BY  ORDER[*] BY RES.ID_ ASC  
    LIMIT ? OFFSET ? &quot;; expected &quot;=, NOT, EXISTS, INTERSECTS, SELECT, FROM&quot;; SQL statement:
select distinct RES.* , P.KEY_ as ProcessDefinitionKey, P.ID_ as ProcessDefinitionId, P.NAME_ as ProcessDefinitionName, P.VERSION_ as ProcessDefinitionVersion, P.DEPLOYMENT_ID_ as DeploymentId
       
    from ACT_RU_EXECUTION RES
    inner join ACT_RE_PROCDEF P on RES.PROC_DEF_ID_ = P.ID_
     
     
     
     
     
     
     WHERE RES.PARENT_ID_ is null
      
      
      
      
      
      
      
        and RES.ID_ = ?
      
      
        and RES.PROC_INST_ID_ = ? 
   
   
     order by  order by RES.ID_ asc  
    LIMIT ? OFFSET ? [42001-176]
	at org.apache.ibatis.exceptions.ExceptionFactory.wrapException(ExceptionFactory.java:30)
	at org.apache.ibatis.session.defaults.DefaultSqlSession.selectList(DefaultSqlSession.java:122)
	at org.apache.ibatis.session.defaults.DefaultSqlSession.selectList(DefaultSqlSession.java:113)
	at org.activiti.engine.impl.db.DbSqlSession.selectListWithRawParameter(DbSqlSession.java:438)
	at org.activiti.engine.impl.db.DbSqlSession.selectList(DbSqlSession.java:429)
	at org.activiti.engine.impl.persistence.entity.ExecutionEntityManager.findProcessInstanceByQueryCriteria(ExecutionEntityManager.java:127)
	at org.activiti.engine.impl.ProcessInstanceQueryImpl.executeList(ProcessInstanceQueryImpl.java:541)
	at org.activiti.engine.impl.AbstractQuery.executeSingleResult(AbstractQuery.java:183)
	at org.activiti.engine.impl.AbstractQuery.execute(AbstractQuery.java:166)
	at org.activiti.engine.impl.interceptor.CommandInvoker.execute(CommandInvoker.java:24)
	at org.activiti.engine.impl.interceptor.CommandContextInterceptor.execute(CommandContextInterceptor.java:57)
	at org.activiti.engine.impl.interceptor.LogInterceptor.execute(LogInterceptor.java:37)
	at org.activiti.engine.impl.cfg.CommandExecutorImpl.execute(CommandExecutorImpl.java:40)
	at org.activiti.engine.impl.cfg.CommandExecutorImpl.execute(CommandExecutorImpl.java:35)
	at org.activiti.engine.impl.AbstractQuery.singleResult(AbstractQuery.java:129)
	at org.activiti.engine.impl.test.AbstractActivitiTestCase.assertProcessEnded(AbstractActivitiTestCase.java:196)
	at org.activiti.examples.bpmn.authorization.StartAuthorizationTest.testPotentialStarterNoDefinition(StartAuthorizationTest.java:251)
	at sun.reflect.NativeMethodAccessorImpl.invoke0(Native Method)
	at sun.reflect.NativeMethodAccessorImpl.invoke(NativeMethodAccessorImpl.java:62)
	at sun.reflect.DelegatingMethodAccessorImpl.invoke(DelegatingMethodAccessorImpl.java:43)
	at java.lang.reflect.Method.invoke(Method.java:498)
	at junit.framework.TestCase.runTest(TestCase.java:176)
	at org.activiti.engine.impl.test.PvmTestCase.runTest(PvmTestCase.java:65)
	at junit.framework.TestCase.runBare(TestCase.java:141)
	at org.activiti.engine.impl.test.AbstractActivitiTestCase.runBare(AbstractActivitiTestCase.java:100)
	at junit.framework.TestResult$1.protect(TestResult.java:122)
	at junit.framework.TestResult.runProtected(TestResult.java:142)
	at junit.framework.TestResult.run(TestResult.java:125)
	at junit.framework.TestCase.run(TestCase.java:129)
	at junit.framework.TestSuite.runTest(TestSuite.java:255)
	at junit.framework.TestSuite.run(TestSuite.java:250)
	at org.junit.internal.runners.JUnit38ClassRunner.run(JUnit38ClassRunner.java:84)
	at org.apache.maven.surefire.junit4.JUnit4TestSet.execute(JUnit4TestSet.java:35)
	at org.apache.maven.surefire.junit4.JUnit4Provider.executeTestSet(JUnit4Provider.java:146)
	at org.apache.maven.surefire.junit4.JUnit4Provider.invoke(JUnit4Provider.java:97)
	at sun.reflect.NativeMethodAccessorImpl.invoke0(Native Method)
	at sun.reflect.NativeMethodAccessorImpl.invoke(NativeMethodAccessorImpl.java:62)
	at sun.reflect.DelegatingMethodAccessorImpl.invoke(DelegatingMethodAccessorImpl.java:43)
	at java.lang.reflect.Method.invoke(Method.java:498)
	at org.apache.maven.surefire.booter.ProviderFactory$ClassLoaderProxy.invoke(ProviderFactory.java:103)
	at com.sun.proxy.$Proxy0.invoke(Unknown Source)
	at org.apache.maven.surefire.booter.SurefireStarter.invokeProvider(SurefireStarter.java:145)
	at org.apache.maven.surefire.booter.SurefireStarter.runSuitesInProcess(SurefireStarter.java:87)
	at org.apache.maven.surefire.booter.ForkedBooter.main(ForkedBooter.java:69)
Caused by: org.h2.jdbc.JdbcSQLException: Syntax error in SQL statement &quot;SELECT DISTINCT RES.* , P.KEY_ AS PROCESSDEFINITIONKEY, P.ID_ AS PROCESSDEFINITIONID, P.NAME_ AS PROCESSDEFINITIONNAME, P.VERSION_ AS PROCESSDEFINITIONVERSION, P.DEPLOYMENT_ID_ AS DEPLOYMENTID
       
    FROM ACT_RU_EXECUTION RES
    INNER JOIN ACT_RE_PROCDEF P ON RES.PROC_DEF_ID_ = P.ID_
     
     
     
     
     
     
     WHERE RES.PARENT_ID_ IS NULL
      
      
      
      
      
      
      
        AND RES.ID_ = ?
      
      
        AND RES.PROC_INST_ID_ = ? 
   
   
     ORDER BY  ORDER[*] BY RES.ID_ ASC  
    LIMIT ? OFFSET ? &quot;; expected &quot;=, NOT, EXISTS, INTERSECTS, SELECT, FROM&quot;; SQL statement:
select distinct RES.* , P.KEY_ as ProcessDefinitionKey, P.ID_ as ProcessDefinitionId, P.NAME_ as ProcessDefinitionName, P.VERSION_ as ProcessDefinitionVersion, P.DEPLOYMENT_ID_ as DeploymentId
       
    from ACT_RU_EXECUTION RES
    inner join ACT_RE_PROCDEF P on RES.PROC_DEF_ID_ = P.ID_
     
     
     
     
     
     
     WHERE RES.PARENT_ID_ is null
      
      
      
      
      
      
      
        and RES.ID_ = ?
      
      
        and RES.PROC_INST_ID_ = ? 
   
   
     order by  order by RES.ID_ asc  
    LIMIT ? OFFSET ? [42001-176]
	at org.h2.message.DbException.getJdbcSQLException(DbException.java:344)
	at org.h2.message.DbException.getSyntaxError(DbException.java:204)
	at org.h2.command.Parser.getSyntaxError(Parser.java:524)
	at org.h2.command.Parser.readTerm(Parser.java:2688)
	at org.h2.command.Parser.readFactor(Parser.java:2244)
	at org.h2.command.Parser.readSum(Parser.java:2231)
	at org.h2.command.Parser.readConcat(Parser.java:2201)
	at org.h2.command.Parser.readCondition(Parser.java:2051)
	at org.h2.command.Parser.readAnd(Parser.java:2023)
	at org.h2.command.Parser.readExpression(Parser.java:2015)
	at org.h2.command.Parser.parseEndOfQuery(Parser.java:1726)
	at org.h2.command.Parser.parseSelectUnionExtension(Parser.java:1706)
	at org.h2.command.Parser.parseSelectUnion(Parser.java:1675)
	at org.h2.command.Parser.parseSelect(Parser.java:1662)
	at org.h2.command.Parser.parsePrepared(Parser.java:434)
	at org.h2.command.Parser.parse(Parser.java:306)
	at org.h2.command.Parser.parse(Parser.java:282)
	at org.h2.command.Parser.prepareCommand(Parser.java:243)
	at org.h2.engine.Session.prepareLocal(Session.java:442)
	at org.h2.engine.Session.prepareCommand(Session.java:384)
	at org.h2.jdbc.JdbcConnection.prepareCommand(JdbcConnection.java:1188)
	at org.h2.jdbc.JdbcPreparedStatement.&lt;init&gt;(JdbcPreparedStatement.java:73)
	at org.h2.jdbc.JdbcConnection.prepareStatement(JdbcConnection.java:276)
	at sun.reflect.GeneratedMethodAccessor6.invoke(Unknown Source)
	at sun.reflect.DelegatingMethodAccessorImpl.invoke(DelegatingMethodAccessorImpl.java:43)
	at java.lang.reflect.Method.invoke(Method.java:498)
	at org.apache.ibatis.datasource.pooled.PooledConnection.invoke(PooledConnection.java:245)
	at com.sun.proxy.$Proxy12.prepareStatement(Unknown Source)
	at sun.reflect.GeneratedMethodAccessor6.invoke(Unknown Source)
	at sun.reflect.DelegatingMethodAccessorImpl.invoke(DelegatingMethodAccessorImpl.java:43)
	at java.lang.reflect.Method.invoke(Method.java:498)
	at org.apache.ibatis.logging.jdbc.ConnectionLogger.invoke(ConnectionLogger.java:55)
	at com.sun.proxy.$Proxy12.prepareStatement(Unknown Source)
	at org.apache.ibatis.executor.statement.PreparedStatementHandler.instantiateStatement(PreparedStatementHandler.java:79)
	at org.apache.ibatis.executor.statement.BaseStatementHandler.prepare(BaseStatementHandler.java:88)
	at org.apache.ibatis.executor.statement.RoutingStatementHandler.prepare(RoutingStatementHandler.java:58)
	at org.apache.ibatis.executor.SimpleExecutor.prepareStatement(SimpleExecutor.java:76)
	at org.apache.ibatis.executor.SimpleExecutor.doQuery(SimpleExecutor.java:61)
	at org.apache.ibatis.executor.BaseExecutor.queryFromDatabase(BaseExecutor.java:303)
	at org.apache.ibatis.executor.BaseExecutor.query(BaseExecutor.java:154)
	at org.apache.ibatis.executor.CachingExecutor.query(CachingExecutor.java:102)
	at org.apache.ibatis.executor.CachingExecutor.query(CachingExecutor.java:82)
	at org.apache.ibatis.session.defaults.DefaultSqlSession.selectList(DefaultSqlSession.java:120)
	... 42 more
10:47:59,255 [main] DEBUG org.activiti.engine.impl.test.PvmTestCase  - #### END StartAuthorizationTest.testPotentialStarterNoDefinition #############################################################
10:47:59,255 [main] ERROR org.activiti.engine.impl.test.PvmTestCase  - 

10:47:59,255 [main] ERROR org.activiti.engine.impl.test.PvmTestCase  - EXCEPTION: org.apache.ibatis.exceptions.PersistenceException: 
### Error querying database.  Cause: org.h2.jdbc.JdbcSQLException: Syntax error in SQL statement &quot;SELECT DISTINCT RES.* , P.KEY_ AS PROCESSDEFINITIONKEY, P.ID_ AS PROCESSDEFINITIONID, P.NAME_ AS PROCESSDEFINITIONNAME, P.VERSION_ AS PROCESSDEFINITIONVERSION, P.DEPLOYMENT_ID_ AS DEPLOYMENTID
       
    FROM ACT_RU_EXECUTION RES
    INNER JOIN ACT_RE_PROCDEF P ON RES.PROC_DEF_ID_ = P.ID_
     
     
     
     
     
     
     WHERE RES.PARENT_ID_ IS NULL
      
      
      
      
      
      
      
        AND RES.ID_ = ?
      
      
        AND RES.PROC_INST_ID_ = ? 
   
   
     ORDER BY  ORDER[*] BY RES.ID_ ASC  
    LIMIT ? OFFSET ? &quot;; expected &quot;=, NOT, EXISTS, INTERSECTS, SELECT, FROM&quot;; SQL statement:
select distinct RES.* , P.KEY_ as ProcessDefinitionKey, P.ID_ as ProcessDefinitionId, P.NAME_ as ProcessDefinitionName, P.VERSION_ as ProcessDefinitionVersion, P.DEPLOYMENT_ID_ as DeploymentId
       
    from ACT_RU_EXECUTION RES
    inner join ACT_RE_PROCDEF P on RES.PROC_DEF_ID_ = P.ID_
     
     
     
     
     
     
     WHERE RES.PARENT_ID_ is null
      
      
      
      
      
      
      
        and RES.ID_ = ?
      
      
        and RES.PROC_INST_ID_ = ? 
   
   
     order by  order by RES.ID_ asc  
    LIMIT ? OFFSET ? [42001-176]
### The error may exist in org/activiti/db/mapping/entity/Execution.xml
### The error may involve org.activiti.engine.impl.persistence.entity.ExecutionEntity.selectProcessInstanceByQueryCriteria
### The error occurred while executing a query
### SQL: select distinct RES.* , P.KEY_ as ProcessDefinitionKey, P.ID_ as ProcessDefinitionId, P.NAME_ as ProcessDefinitionName, P.VERSION_ as ProcessDefinitionVersion, P.DEPLOYMENT_ID_ as DeploymentId             from ACT_RU_EXECUTION RES     inner join ACT_RE_PROCDEF P on RES.PROC_DEF_ID_ = P.ID_                                          WHERE RES.PARENT_ID_ is null                                                          and RES.ID_ = ?                       and RES.PROC_INST_ID_ = ?               order by  order by RES.ID_ asc       LIMIT ? OFFSET ?
### Cause: org.h2.jdbc.JdbcSQLException: Syntax error in SQL statement &quot;SELECT DISTINCT RES.* , P.KEY_ AS PROCESSDEFINITIONKEY, P.ID_ AS PROCESSDEFINITIONID, P.NAME_ AS PROCESSDEFINITIONNAME, P.VERSION_ AS PROCESSDEFINITIONVERSION, P.DEPLOYMENT_ID_ AS DEPLOYMENTID
       
    FROM ACT_RU_EXECUTION RES
    INNER JOIN ACT_RE_PROCDEF P ON RES.PROC_DEF_ID_ = P.ID_
     
     
     
     
     
     
     WHERE RES.PARENT_ID_ IS NULL
      
      
      
      
      
      
      
        AND RES.ID_ = ?
      
      
        AND RES.PROC_INST_ID_ = ? 
   
   
     ORDER BY  ORDER[*] BY RES.ID_ ASC  
    LIMIT ? OFFSET ? &quot;; expected &quot;=, NOT, EXISTS, INTERSECTS, SELECT, FROM&quot;; SQL statement:
select distinct RES.* , P.KEY_ as ProcessDefinitionKey, P.ID_ as ProcessDefinitionId, P.NAME_ as ProcessDefinitionName, P.VERSION_ as ProcessDefinitionVersion, P.DEPLOYMENT_ID_ as DeploymentId
       
    from ACT_RU_EXECUTION RES
    inner join ACT_RE_PROCDEF P on RES.PROC_DEF_ID_ = P.ID_
     
     
     
     
     
     
     WHERE RES.PARENT_ID_ is null
      
      
      
      
      
      
      
        and RES.ID_ = ?
      
      
        and RES.PROC_INST_ID_ = ? 
   
   
     order by  order by RES.ID_ asc  
    LIMIT ? OFFSET ? [42001-176]
org.apache.ibatis.exceptions.PersistenceException: 
### Error querying database.  Cause: org.h2.jdbc.JdbcSQLException: Syntax error in SQL statement &quot;SELECT DISTINCT RES.* , P.KEY_ AS PROCESSDEFINITIONKEY, P.ID_ AS PROCESSDEFINITIONID, P.NAME_ AS PROCESSDEFINITIONNAME, P.VERSION_ AS PROCESSDEFINITIONVERSION, P.DEPLOYMENT_ID_ AS DEPLOYMENTID
       
    FROM ACT_RU_EXECUTION RES
    INNER JOIN ACT_RE_PROCDEF P ON RES.PROC_DEF_ID_ = P.ID_
     
     
     
     
     
     
     WHERE RES.PARENT_ID_ IS NULL
      
      
      
      
      
      
      
        AND RES.ID_ = ?
      
      
        AND RES.PROC_INST_ID_ = ? 
   
   
     ORDER BY  ORDER[*] BY RES.ID_ ASC  
    LIMIT ? OFFSET ? &quot;; expected &quot;=, NOT, EXISTS, INTERSECTS, SELECT, FROM&quot;; SQL statement:
select distinct RES.* , P.KEY_ as ProcessDefinitionKey, P.ID_ as ProcessDefinitionId, P.NAME_ as ProcessDefinitionName, P.VERSION_ as ProcessDefinitionVersion, P.DEPLOYMENT_ID_ as DeploymentId
       
    from ACT_RU_EXECUTION RES
    inner join ACT_RE_PROCDEF P on RES.PROC_DEF_ID_ = P.ID_
     
     
     
     
     
     
     WHERE RES.PARENT_ID_ is null
      
      
      
      
      
      
      
        and RES.ID_ = ?
      
      
        and RES.PROC_INST_ID_ = ? 
   
   
     order by  order by RES.ID_ asc  
    LIMIT ? OFFSET ? [42001-176]
### The error may exist in org/activiti/db/mapping/entity/Execution.xml
### The error may involve org.activiti.engine.impl.persistence.entity.ExecutionEntity.selectProcessInstanceByQueryCriteria
### The error occurred while executing a query
### SQL: select distinct RES.* , P.KEY_ as ProcessDefinitionKey, P.ID_ as ProcessDefinitionId, P.NAME_ as ProcessDefinitionName, P.VERSION_ as ProcessDefinitionVersion, P.DEPLOYMENT_ID_ as DeploymentId             from ACT_RU_EXECUTION RES     inner join ACT_RE_PROCDEF P on RES.PROC_DEF_ID_ = P.ID_                                          WHERE RES.PARENT_ID_ is null                                                          and RES.ID_ = ?                       and RES.PROC_INST_ID_ = ?               order by  order by RES.ID_ asc       LIMIT ? OFFSET ?
### Cause: org.h2.jdbc.JdbcSQLException: Syntax error in SQL statement &quot;SELECT DISTINCT RES.* , P.KEY_ AS PROCESSDEFINITIONKEY, P.ID_ AS PROCESSDEFINITIONID, P.NAME_ AS PROCESSDEFINITIONNAME, P.VERSION_ AS PROCESSDEFINITIONVERSION, P.DEPLOYMENT_ID_ AS DEPLOYMENTID
       
    FROM ACT_RU_EXECUTION RES
    INNER JOIN ACT_RE_PROCDEF P ON RES.PROC_DEF_ID_ = P.ID_
     
     
     
     
     
     
     WHERE RES.PARENT_ID_ IS NULL
      
      
      
      
      
      
      
        AND RES.ID_ = ?
      
      
        AND RES.PROC_INST_ID_ = ? 
   
   
     ORDER BY  ORDER[*] BY RES.ID_ ASC  
    LIMIT ? OFFSET ? &quot;; expected &quot;=, NOT, EXISTS, INTERSECTS, SELECT, FROM&quot;; SQL statement:
select distinct RES.* , P.KEY_ as ProcessDefinitionKey, P.ID_ as ProcessDefinitionId, P.NAME_ as ProcessDefinitionName, P.VERSION_ as ProcessDefinitionVersion, P.DEPLOYMENT_ID_ as DeploymentId
       
    from ACT_RU_EXECUTION RES
    inner join ACT_RE_PROCDEF P on RES.PROC_DEF_ID_ = P.ID_
     
     
     
     
     
     
     WHERE RES.PARENT_ID_ is null
      
      
      
      
      
      
      
        and RES.ID_ = ?
      
      
        and RES.PROC_INST_ID_ = ? 
   
   
     order by  order by RES.ID_ asc  
    LIMIT ? OFFSET ? [42001-176]
	at org.apache.ibatis.exceptions.ExceptionFactory.wrapException(ExceptionFactory.java:30)
	at org.apache.ibatis.session.defaults.DefaultSqlSession.selectList(DefaultSqlSession.java:122)
	at org.apache.ibatis.session.defaults.DefaultSqlSession.selectList(DefaultSqlSession.java:113)
	at org.activiti.engine.impl.db.DbSqlSession.selectListWithRawParameter(DbSqlSession.java:438)
	at org.activiti.engine.impl.db.DbSqlSession.selectList(DbSqlSession.java:429)
	at org.activiti.engine.impl.persistence.entity.ExecutionEntityManager.findProcessInstanceByQueryCriteria(ExecutionEntityManager.java:127)
	at org.activiti.engine.impl.ProcessInstanceQueryImpl.executeList(ProcessInstanceQueryImpl.java:541)
	at org.activiti.engine.impl.AbstractQuery.executeSingleResult(AbstractQuery.java:183)
	at org.activiti.engine.impl.AbstractQuery.execute(AbstractQuery.java:166)
	at org.activiti.engine.impl.interceptor.CommandInvoker.execute(CommandInvoker.java:24)
	at org.activiti.engine.impl.interceptor.CommandContextInterceptor.execute(CommandContextInterceptor.java:57)
	at org.activiti.engine.impl.interceptor.LogInterceptor.execute(LogInterceptor.java:37)
	at org.activiti.engine.impl.cfg.CommandExecutorImpl.execute(CommandExecutorImpl.java:40)
	at org.activiti.engine.impl.cfg.CommandExecutorImpl.execute(CommandExecutorImpl.java:35)
	at org.activiti.engine.impl.AbstractQuery.singleResult(AbstractQuery.java:129)
	at org.activiti.engine.impl.test.AbstractActivitiTestCase.assertProcessEnded(AbstractActivitiTestCase.java:196)
	at org.activiti.examples.bpmn.authorization.StartAuthorizationTest.testPotentialStarterNoDefinition(StartAuthorizationTest.java:251)
	at sun.reflect.NativeMethodAccessorImpl.invoke0(Native Method)
	at sun.reflect.NativeMethodAccessorImpl.invoke(NativeMethodAccessorImpl.java:62)
	at sun.reflect.DelegatingMethodAccessorImpl.invoke(DelegatingMethodAccessorImpl.java:43)
	at java.lang.reflect.Method.invoke(Method.java:498)
	at junit.framework.TestCase.runTest(TestCase.java:176)
	at org.activiti.engine.impl.test.PvmTestCase.runTest(PvmTestCase.java:65)
	at junit.framework.TestCase.runBare(TestCase.java:141)
	at org.activiti.engine.impl.test.AbstractActivitiTestCase.runBare(AbstractActivitiTestCase.java:100)
	at junit.framework.TestResult$1.protect(TestResult.java:122)
	at junit.framework.TestResult.runProtected(TestResult.java:142)
	at junit.framework.TestResult.run(TestResult.java:125)
	at junit.framework.TestCase.run(TestCase.java:129)
	at junit.framework.TestSuite.runTest(TestSuite.java:255)
	at junit.framework.TestSuite.run(TestSuite.java:250)
	at org.junit.internal.runners.JUnit38ClassRunner.run(JUnit38ClassRunner.java:84)
	at org.apache.maven.surefire.junit4.JUnit4TestSet.execute(JUnit4TestSet.java:35)
	at org.apache.maven.surefire.junit4.JUnit4Provider.executeTestSet(JUnit4Provider.java:146)
	at org.apache.maven.surefire.junit4.JUnit4Provider.invoke(JUnit4Provider.java:97)
	at sun.reflect.NativeMethodAccessorImpl.invoke0(Native Method)
	at sun.reflect.NativeMethodAccessorImpl.invoke(NativeMethodAccessorImpl.java:62)
	at sun.reflect.DelegatingMethodAccessorImpl.invoke(DelegatingMethodAccessorImpl.java:43)
	at java.lang.reflect.Method.invoke(Method.java:498)
	at org.apache.maven.surefire.booter.ProviderFactory$ClassLoaderProxy.invoke(ProviderFactory.java:103)
	at com.sun.proxy.$Proxy0.invoke(Unknown Source)
	at org.apache.maven.surefire.booter.SurefireStarter.invokeProvider(SurefireStarter.java:145)
	at org.apache.maven.surefire.booter.SurefireStarter.runSuitesInProcess(SurefireStarter.java:87)
	at org.apache.maven.surefire.booter.ForkedBooter.main(ForkedBooter.java:69)
Caused by: org.h2.jdbc.JdbcSQLException: Syntax error in SQL statement &quot;SELECT DISTINCT RES.* , P.KEY_ AS PROCESSDEFINITIONKEY, P.ID_ AS PROCESSDEFINITIONID, P.NAME_ AS PROCESSDEFINITIONNAME, P.VERSION_ AS PROCESSDEFINITIONVERSION, P.DEPLOYMENT_ID_ AS DEPLOYMENTID
       
    FROM ACT_RU_EXECUTION RES
    INNER JOIN ACT_RE_PROCDEF P ON RES.PROC_DEF_ID_ = P.ID_
     
     
     
     
     
     
     WHERE RES.PARENT_ID_ IS NULL
      
      
      
      
      
      
      
        AND RES.ID_ = ?
      
      
        AND RES.PROC_INST_ID_ = ? 
   
   
     ORDER BY  ORDER[*] BY RES.ID_ ASC  
    LIMIT ? OFFSET ? &quot;; expected &quot;=, NOT, EXISTS, INTERSECTS, SELECT, FROM&quot;; SQL statement:
select distinct RES.* , P.KEY_ as ProcessDefinitionKey, P.ID_ as ProcessDefinitionId, P.NAME_ as ProcessDefinitionName, P.VERSION_ as ProcessDefinitionVersion, P.DEPLOYMENT_ID_ as DeploymentId
       
    from ACT_RU_EXECUTION RES
    inner join ACT_RE_PROCDEF P on RES.PROC_DEF_ID_ = P.ID_
     
     
     
     
     
     
     WHERE RES.PARENT_ID_ is null
      
      
      
      
      
      
      
        and RES.ID_ = ?
      
      
        and RES.PROC_INST_ID_ = ? 
   
   
     order by  order by RES.ID_ asc  
    LIMIT ? OFFSET ? [42001-176]
	at org.h2.message.DbException.getJdbcSQLException(DbException.java:344)
	at org.h2.message.DbException.getSyntaxError(DbException.java:204)
	at org.h2.command.Parser.getSyntaxError(Parser.java:524)
	at org.h2.command.Parser.readTerm(Parser.java:2688)
	at org.h2.command.Parser.readFactor(Parser.java:2244)
	at org.h2.command.Parser.readSum(Parser.java:2231)
	at org.h2.command.Parser.readConcat(Parser.java:2201)
	at org.h2.command.Parser.readCondition(Parser.java:2051)
	at org.h2.command.Parser.readAnd(Parser.java:2023)
	at org.h2.command.Parser.readExpression(Parser.java:2015)
	at org.h2.command.Parser.parseEndOfQuery(Parser.java:1726)
	at org.h2.command.Parser.parseSelectUnionExtension(Parser.java:1706)
	at org.h2.command.Parser.parseSelectUnion(Parser.java:1675)
	at org.h2.command.Parser.parseSelect(Parser.java:1662)
	at org.h2.command.Parser.parsePrepared(Parser.java:434)
	at org.h2.command.Parser.parse(Parser.java:306)
	at org.h2.command.Parser.parse(Parser.java:282)
	at org.h2.command.Parser.prepareCommand(Parser.java:243)
	at org.h2.engine.Session.prepareLocal(Session.java:442)
	at org.h2.engine.Session.prepareCommand(Session.java:384)
	at org.h2.jdbc.JdbcConnection.prepareCommand(JdbcConnection.java:1188)
	at org.h2.jdbc.JdbcPreparedStatement.&lt;init&gt;(JdbcPreparedStatement.java:73)
	at org.h2.jdbc.JdbcConnection.prepareStatement(JdbcConnection.java:276)
	at sun.reflect.GeneratedMethodAccessor6.invoke(Unknown Source)
	at sun.reflect.DelegatingMethodAccessorImpl.invoke(DelegatingMethodAccessorImpl.java:43)
	at java.lang.reflect.Method.invoke(Method.java:498)
	at org.apache.ibatis.datasource.pooled.PooledConnection.invoke(PooledConnection.java:245)
	at com.sun.proxy.$Proxy12.prepareStatement(Unknown Source)
	at sun.reflect.GeneratedMethodAccessor6.invoke(Unknown Source)
	at sun.reflect.DelegatingMethodAccessorImpl.invoke(DelegatingMethodAccessorImpl.java:43)
	at java.lang.reflect.Method.invoke(Method.java:498)
	at org.apache.ibatis.logging.jdbc.ConnectionLogger.invoke(ConnectionLogger.java:55)
	at com.sun.proxy.$Proxy12.prepareStatement(Unknown Source)
	at org.apache.ibatis.executor.statement.PreparedStatementHandler.instantiateStatement(PreparedStatementHandler.java:79)
	at org.apache.ibatis.executor.statement.BaseStatementHandler.prepare(BaseStatementHandler.java:88)
	at org.apache.ibatis.executor.statement.RoutingStatementHandler.prepare(RoutingStatementHandler.java:58)
	at org.apache.ibatis.executor.SimpleExecutor.prepareStatement(SimpleExecutor.java:76)
	at org.apache.ibatis.executor.SimpleExecutor.doQuery(SimpleExecutor.java:61)
	at org.apache.ibatis.executor.BaseExecutor.queryFromDatabase(BaseExecutor.java:303)
	at org.apache.ibatis.executor.BaseExecutor.query(BaseExecutor.java:154)
	at org.apache.ibatis.executor.CachingExecutor.query(CachingExecutor.java:102)
	at org.apache.ibatis.executor.CachingExecutor.query(CachingExecutor.java:82)
	at org.apache.ibatis.session.defaults.DefaultSqlSession.selectList(DefaultSqlSession.java:120)
	... 42 more
10:47:59,255 [main] DEBUG org.activiti.engine.impl.test.TestHelper  - annotation @Deployment deletes deployment for StartAuthorizationTest.testPotentialStarterNoDefinition
10:47:59,255 [main] DEBUG org.activiti.engine.impl.interceptor.LogInterceptor  - 

10:47:59,255 [main] DEBUG org.activiti.engine.impl.interceptor.LogInterceptor  - --- starting DeleteDeploymentCmd --------------------------------------------------------
10:47:59,255 [main] DEBUG org.apache.ibatis.transaction.jdbc.JdbcTransaction  - Opening JDBC Connection
10:47:59,255 [main] DEBUG org.apache.ibatis.datasource.pooled.PooledDataSource  - Checked out connection 486346394 from pool.
10:47:59,255 [main] DEBUG org.apache.ibatis.transaction.jdbc.JdbcTransaction  - Setting autocommit to false on JDBC Connection [conn6: url=jdbc:h2:mem:activiti user=SA]
10:47:59,255 [main] DEBUG org.activiti.engine.impl.persistence.entity.DeploymentEntity.selectDeploymentById  - ==&gt;  Preparing: select * from ACT_RE_DEPLOYMENT where ID_ = ? 
10:47:59,255 [main] DEBUG org.activiti.engine.impl.persistence.entity.DeploymentEntity.selectDeploymentById  - ==&gt; Parameters: 1345(String)
10:47:59,255 [main] DEBUG org.activiti.engine.impl.persistence.entity.DeploymentEntity.selectDeploymentById  - &lt;==      Total: 1
10:47:59,255 [main] DEBUG org.activiti.engine.impl.persistence.entity.ProcessDefinitionEntity.selectProcessDefinitionsByQueryCriteria  - ==&gt;  Preparing: select RES.* from ACT_RE_PROCDEF RES WHERE RES.DEPLOYMENT_ID_ = ? order by order by RES.ID_ asc LIMIT ? OFFSET ? 
10:47:59,255 [main] DEBUG org.activiti.engine.impl.interceptor.CommandContext  - Error while closing command context
org.apache.ibatis.exceptions.PersistenceException: 
### Error querying database.  Cause: org.h2.jdbc.JdbcSQLException: Syntax error in SQL statement &quot;SELECT RES.* 
       
    FROM ACT_RE_PROCDEF RES
     
     WHERE  RES.DEPLOYMENT_ID_ = ? 
   
     ORDER BY  ORDER[*] BY RES.ID_ ASC  
    LIMIT ? OFFSET ? &quot;; expected &quot;=, NOT, EXISTS, INTERSECTS, SELECT, FROM&quot;; SQL statement:
select RES.* 
       
    from ACT_RE_PROCDEF RES
     
     WHERE  RES.DEPLOYMENT_ID_ = ? 
   
     order by  order by RES.ID_ asc  
    LIMIT ? OFFSET ? [42001-176]
### The error may exist in org/activiti/db/mapping/entity/ProcessDefinition.xml
### The error may involve org.activiti.engine.impl.persistence.entity.ProcessDefinitionEntity.selectProcessDefinitionsByQueryCriteria
### The error occurred while executing a query
### SQL: select RES.*              from ACT_RE_PROCDEF RES            WHERE  RES.DEPLOYMENT_ID_ = ?           order by  order by RES.ID_ asc       LIMIT ? OFFSET ?
### Cause: org.h2.jdbc.JdbcSQLException: Syntax error in SQL statement &quot;SELECT RES.* 
       
    FROM ACT_RE_PROCDEF RES
     
     WHERE  RES.DEPLOYMENT_ID_ = ? 
   
     ORDER BY  ORDER[*] BY RES.ID_ ASC  
    LIMIT ? OFFSET ? &quot;; expected &quot;=, NOT, EXISTS, INTERSECTS, SELECT, FROM&quot;; SQL statement:
select RES.* 
       
    from ACT_RE_PROCDEF RES
     
     WHERE  RES.DEPLOYMENT_ID_ = ? 
   
     order by  order by RES.ID_ asc  
    LIMIT ? OFFSET ? [42001-176]
	at org.apache.ibatis.exceptions.ExceptionFactory.wrapException(ExceptionFactory.java:30)
	at org.apache.ibatis.session.defaults.DefaultSqlSession.selectList(DefaultSqlSession.java:122)
	at org.apache.ibatis.session.defaults.DefaultSqlSession.selectList(DefaultSqlSession.java:113)
	at org.activiti.engine.impl.db.DbSqlSession.selectListWithRawParameter(DbSqlSession.java:438)
	at org.activiti.engine.impl.db.DbSqlSession.selectList(DbSqlSession.java:429)
	at org.activiti.engine.impl.db.DbSqlSession.selectList(DbSqlSession.java:419)
	at org.activiti.engine.impl.persistence.entity.ProcessDefinitionEntityManager.findProcessDefinitionsByQueryCriteria(ProcessDefinitionEntityManager.java:57)
	at org.activiti.engine.impl.ProcessDefinitionQueryImpl.executeList(ProcessDefinitionQueryImpl.java:307)
	at org.activiti.engine.impl.AbstractQuery.list(AbstractQuery.java:140)
	at org.activiti.engine.impl.persistence.deploy.DeploymentManager.removeDeployment(DeploymentManager.java:187)
	at org.activiti.engine.impl.cmd.DeleteDeploymentCmd.execute(DeleteDeploymentCmd.java:44)
	at org.activiti.engine.impl.cmd.DeleteDeploymentCmd.execute(DeleteDeploymentCmd.java:24)
	at org.activiti.engine.impl.interceptor.CommandInvoker.execute(CommandInvoker.java:24)
	at org.activiti.engine.impl.interceptor.CommandContextInterceptor.execute(CommandContextInterceptor.java:57)
	at org.activiti.engine.impl.interceptor.LogInterceptor.execute(LogInterceptor.java:37)
	at org.activiti.engine.impl.cfg.CommandExecutorImpl.execute(CommandExecutorImpl.java:40)
	at org.activiti.engine.impl.cfg.CommandExecutorImpl.execute(CommandExecutorImpl.java:35)
	at org.activiti.engine.impl.RepositoryServiceImpl.deleteDeployment(RepositoryServiceImpl.java:90)
	at org.activiti.engine.impl.test.TestHelper.annotationDeploymentTearDown(TestHelper.java:116)
	at org.activiti.engine.impl.test.AbstractActivitiTestCase.runBare(AbstractActivitiTestCase.java:116)
	at junit.framework.TestResult$1.protect(TestResult.java:122)
	at junit.framework.TestResult.runProtected(TestResult.java:142)
	at junit.framework.TestResult.run(TestResult.java:125)
	at junit.framework.TestCase.run(TestCase.java:129)
	at junit.framework.TestSuite.runTest(TestSuite.java:255)
	at junit.framework.TestSuite.run(TestSuite.java:250)
	at org.junit.internal.runners.JUnit38ClassRunner.run(JUnit38ClassRunner.java:84)
	at org.apache.maven.surefire.junit4.JUnit4TestSet.execute(JUnit4TestSet.java:35)
	at org.apache.maven.surefire.junit4.JUnit4Provider.executeTestSet(JUnit4Provider.java:146)
	at org.apache.maven.surefire.junit4.JUnit4Provider.invoke(JUnit4Provider.java:97)
	at sun.reflect.NativeMethodAccessorImpl.invoke0(Native Method)
	at sun.reflect.NativeMethodAccessorImpl.invoke(NativeMethodAccessorImpl.java:62)
	at sun.reflect.DelegatingMethodAccessorImpl.invoke(DelegatingMethodAccessorImpl.java:43)
	at java.lang.reflect.Method.invoke(Method.java:498)
	at org.apache.maven.surefire.booter.ProviderFactory$ClassLoaderProxy.invoke(ProviderFactory.java:103)
	at com.sun.proxy.$Proxy0.invoke(Unknown Source)
	at org.apache.maven.surefire.booter.SurefireStarter.invokeProvider(SurefireStarter.java:145)
	at org.apache.maven.surefire.booter.SurefireStarter.runSuitesInProcess(SurefireStarter.java:87)
	at org.apache.maven.surefire.booter.ForkedBooter.main(ForkedBooter.java:69)
Caused by: org.h2.jdbc.JdbcSQLException: Syntax error in SQL statement &quot;SELECT RES.* 
       
    FROM ACT_RE_PROCDEF RES
     
     WHERE  RES.DEPLOYMENT_ID_ = ? 
   
     ORDER BY  ORDER[*] BY RES.ID_ ASC  
    LIMIT ? OFFSET ? &quot;; expected &quot;=, NOT, EXISTS, INTERSECTS, SELECT, FROM&quot;; SQL statement:
select RES.* 
       
    from ACT_RE_PROCDEF RES
     
     WHERE  RES.DEPLOYMENT_ID_ = ? 
   
     order by  order by RES.ID_ asc  
    LIMIT ? OFFSET ? [42001-176]
	at org.h2.message.DbException.getJdbcSQLException(DbException.java:344)
	at org.h2.message.DbException.getSyntaxError(DbException.java:204)
	at org.h2.command.Parser.getSyntaxError(Parser.java:524)
	at org.h2.command.Parser.readTerm(Parser.java:2688)
	at org.h2.command.Parser.readFactor(Parser.java:2244)
	at org.h2.command.Parser.readSum(Parser.java:2231)
	at org.h2.command.Parser.readConcat(Parser.java:2201)
	at org.h2.command.Parser.readCondition(Parser.java:2051)
	at org.h2.command.Parser.readAnd(Parser.java:2023)
	at org.h2.command.Parser.readExpression(Parser.java:2015)
	at org.h2.command.Parser.parseEndOfQuery(Parser.java:1726)
	at org.h2.command.Parser.parseSelectUnionExtension(Parser.java:1706)
	at org.h2.command.Parser.parseSelectUnion(Parser.java:1675)
	at org.h2.command.Parser.parseSelect(Parser.java:1662)
	at org.h2.command.Parser.parsePrepared(Parser.java:434)
	at org.h2.command.Parser.parse(Parser.java:306)
	at org.h2.command.Parser.parse(Parser.java:282)
	at org.h2.command.Parser.prepareCommand(Parser.java:243)
	at org.h2.engine.Session.prepareLocal(Session.java:442)
	at org.h2.engine.Session.prepareCommand(Session.java:384)
	at org.h2.jdbc.JdbcConnection.prepareCommand(JdbcConnection.java:1188)
	at org.h2.jdbc.JdbcPreparedStatement.&lt;init&gt;(JdbcPreparedStatement.java:73)
	at org.h2.jdbc.JdbcConnection.prepareStatement(JdbcConnection.java:276)
	at sun.reflect.GeneratedMethodAccessor6.invoke(Unknown Source)
	at sun.reflect.DelegatingMethodAccessorImpl.invoke(DelegatingMethodAccessorImpl.java:43)
	at java.lang.reflect.Method.invoke(Method.java:498)
	at org.apache.ibatis.datasource.pooled.PooledConnection.invoke(PooledConnection.java:245)
	at com.sun.proxy.$Proxy12.prepareStatement(Unknown Source)
	at sun.reflect.GeneratedMethodAccessor6.invoke(Unknown Source)
	at sun.reflect.DelegatingMethodAccessorImpl.invoke(DelegatingMethodAccessorImpl.java:43)
	at java.lang.reflect.Method.invoke(Method.java:498)
	at org.apache.ibatis.logging.jdbc.ConnectionLogger.invoke(ConnectionLogger.java:55)
	at com.sun.proxy.$Proxy12.prepareStatement(Unknown Source)
	at org.apache.ibatis.executor.statement.PreparedStatementHandler.instantiateStatement(PreparedStatementHandler.java:79)
	at org.apache.ibatis.executor.statement.BaseStatementHandler.prepare(BaseStatementHandler.java:88)
	at org.apache.ibatis.executor.statement.RoutingStatementHandler.prepare(RoutingStatementHandler.java:58)
	at org.apache.ibatis.executor.SimpleExecutor.prepareStatement(SimpleExecutor.java:76)
	at org.apache.ibatis.executor.SimpleExecutor.doQuery(SimpleExecutor.java:61)
	at org.apache.ibatis.executor.BaseExecutor.queryFromDatabase(BaseExecutor.java:303)
	at org.apache.ibatis.executor.BaseExecutor.query(BaseExecutor.java:154)
	at org.apache.ibatis.executor.CachingExecutor.query(CachingExecutor.java:102)
	at org.apache.ibatis.executor.CachingExecutor.query(CachingExecutor.java:82)
	at org.apache.ibatis.session.defaults.DefaultSqlSession.selectList(DefaultSqlSession.java:120)
	... 37 more
10:47:59,256 [main] DEBUG org.activiti.engine.impl.cfg.standalone.StandaloneMybatisTransactionContext  - firing event rolling back...
10:47:59,256 [main] DEBUG org.activiti.engine.impl.cfg.standalone.StandaloneMybatisTransactionContext  - rolling back ibatis sql session...
10:47:59,256 [main] DEBUG org.activiti.engine.impl.cfg.standalone.StandaloneMybatisTransactionContext  - firing event rolled back...
10:47:59,256 [main] DEBUG org.apache.ibatis.transaction.jdbc.JdbcTransaction  - Resetting autocommit to true on JDBC Connection [conn6: url=jdbc:h2:mem:activiti user=SA]
10:47:59,256 [main] DEBUG org.apache.ibatis.transaction.jdbc.JdbcTransaction  - Closing JDBC Connection [conn6: url=jdbc:h2:mem:activiti user=SA]
10:47:59,256 [main] DEBUG org.apache.ibatis.datasource.pooled.PooledDataSource  - Returned connection 486346394 to pool.
10:47:59,256 [main] DEBUG org.activiti.engine.impl.interceptor.LogInterceptor  - --- DeleteDeploymentCmd finished --------------------------------------------------------
10:47:59,256 [main] DEBUG org.activiti.engine.impl.interceptor.LogInterceptor  - 

</system-out>
  </testcase>
  <testcase classname="org.activiti.examples.bpmn.authorization.StartAuthorizationTest" name="testPotentialStarter" time="0.024">
    <error message="
### Error querying database.  Cause: org.h2.jdbc.JdbcSQLException: Syntax error in SQL statement &quot;SELECT RES.* 
       
    FROM ACT_RE_PROCDEF RES
     
     WHERE  RES.DEPLOYMENT_ID_ = ? 
   
     ORDER BY  ORDER[*] BY RES.ID_ ASC  
    LIMIT ? OFFSET ? &quot;; expected &quot;=, NOT, EXISTS, INTERSECTS, SELECT, FROM&quot;; SQL statement:
select RES.* 
       
    from ACT_RE_PROCDEF RES
     
     WHERE  RES.DEPLOYMENT_ID_ = ? 
   
     order by  order by RES.ID_ asc  
    LIMIT ? OFFSET ? [42001-176]
### The error may exist in org/activiti/db/mapping/entity/ProcessDefinition.xml
### The error may involve org.activiti.engine.impl.persistence.entity.ProcessDefinitionEntity.selectProcessDefinitionsByQueryCriteria
### The error occurred while executing a query
### SQL: select RES.*              from ACT_RE_PROCDEF RES            WHERE  RES.DEPLOYMENT_ID_ = ?           order by  order by RES.ID_ asc       LIMIT ? OFFSET ?
### Cause: org.h2.jdbc.JdbcSQLException: Syntax error in SQL statement &quot;SELECT RES.* 
       
    FROM ACT_RE_PROCDEF RES
     
     WHERE  RES.DEPLOYMENT_ID_ = ? 
   
     ORDER BY  ORDER[*] BY RES.ID_ ASC  
    LIMIT ? OFFSET ? &quot;; expected &quot;=, NOT, EXISTS, INTERSECTS, SELECT, FROM&quot;; SQL statement:
select RES.* 
       
    from ACT_RE_PROCDEF RES
     
     WHERE  RES.DEPLOYMENT_ID_ = ? 
   
     order by  order by RES.ID_ asc  
    LIMIT ? OFFSET ? [42001-176]" type="org.apache.ibatis.exceptions.PersistenceException">org.apache.ibatis.exceptions.PersistenceException: 
### Error querying database.  Cause: org.h2.jdbc.JdbcSQLException: Syntax error in SQL statement &quot;SELECT RES.* 
       
    FROM ACT_RE_PROCDEF RES
     
     WHERE  RES.DEPLOYMENT_ID_ = ? 
   
     ORDER BY  ORDER[*] BY RES.ID_ ASC  
    LIMIT ? OFFSET ? &quot;; expected &quot;=, NOT, EXISTS, INTERSECTS, SELECT, FROM&quot;; SQL statement:
select RES.* 
       
    from ACT_RE_PROCDEF RES
     
     WHERE  RES.DEPLOYMENT_ID_ = ? 
   
     order by  order by RES.ID_ asc  
    LIMIT ? OFFSET ? [42001-176]
### The error may exist in org/activiti/db/mapping/entity/ProcessDefinition.xml
### The error may involve org.activiti.engine.impl.persistence.entity.ProcessDefinitionEntity.selectProcessDefinitionsByQueryCriteria
### The error occurred while executing a query
### SQL: select RES.*              from ACT_RE_PROCDEF RES            WHERE  RES.DEPLOYMENT_ID_ = ?           order by  order by RES.ID_ asc       LIMIT ? OFFSET ?
### Cause: org.h2.jdbc.JdbcSQLException: Syntax error in SQL statement &quot;SELECT RES.* 
       
    FROM ACT_RE_PROCDEF RES
     
     WHERE  RES.DEPLOYMENT_ID_ = ? 
   
     ORDER BY  ORDER[*] BY RES.ID_ ASC  
    LIMIT ? OFFSET ? &quot;; expected &quot;=, NOT, EXISTS, INTERSECTS, SELECT, FROM&quot;; SQL statement:
select RES.* 
       
    from ACT_RE_PROCDEF RES
     
     WHERE  RES.DEPLOYMENT_ID_ = ? 
   
     order by  order by RES.ID_ asc  
    LIMIT ? OFFSET ? [42001-176]
	at org.apache.ibatis.exceptions.ExceptionFactory.wrapException(ExceptionFactory.java:30)
	at org.apache.ibatis.session.defaults.DefaultSqlSession.selectList(DefaultSqlSession.java:122)
	at org.apache.ibatis.session.defaults.DefaultSqlSession.selectList(DefaultSqlSession.java:113)
	at org.activiti.engine.impl.db.DbSqlSession.selectListWithRawParameter(DbSqlSession.java:438)
	at org.activiti.engine.impl.db.DbSqlSession.selectList(DbSqlSession.java:429)
	at org.activiti.engine.impl.db.DbSqlSession.selectList(DbSqlSession.java:419)
	at org.activiti.engine.impl.persistence.entity.ProcessDefinitionEntityManager.findProcessDefinitionsByQueryCriteria(ProcessDefinitionEntityManager.java:57)
	at org.activiti.engine.impl.ProcessDefinitionQueryImpl.executeList(ProcessDefinitionQueryImpl.java:307)
	at org.activiti.engine.impl.AbstractQuery.list(AbstractQuery.java:140)
	at org.activiti.engine.impl.persistence.deploy.DeploymentManager.removeDeployment(DeploymentManager.java:187)
	at org.activiti.engine.impl.cmd.DeleteDeploymentCmd.execute(DeleteDeploymentCmd.java:44)
	at org.activiti.engine.impl.cmd.DeleteDeploymentCmd.execute(DeleteDeploymentCmd.java:24)
	at org.activiti.engine.impl.interceptor.CommandInvoker.execute(CommandInvoker.java:24)
	at org.activiti.engine.impl.interceptor.CommandContextInterceptor.execute(CommandContextInterceptor.java:57)
	at org.activiti.engine.impl.interceptor.LogInterceptor.execute(LogInterceptor.java:37)
	at org.activiti.engine.impl.cfg.CommandExecutorImpl.execute(CommandExecutorImpl.java:40)
	at org.activiti.engine.impl.cfg.CommandExecutorImpl.execute(CommandExecutorImpl.java:35)
	at org.activiti.engine.impl.RepositoryServiceImpl.deleteDeployment(RepositoryServiceImpl.java:90)
	at org.activiti.engine.impl.test.TestHelper.annotationDeploymentTearDown(TestHelper.java:116)
	at org.activiti.engine.impl.test.AbstractActivitiTestCase.runBare(AbstractActivitiTestCase.java:116)
	at junit.framework.TestResult$1.protect(TestResult.java:122)
	at junit.framework.TestResult.runProtected(TestResult.java:142)
	at junit.framework.TestResult.run(TestResult.java:125)
	at junit.framework.TestCase.run(TestCase.java:129)
	at junit.framework.TestSuite.runTest(TestSuite.java:255)
	at junit.framework.TestSuite.run(TestSuite.java:250)
	at org.junit.internal.runners.JUnit38ClassRunner.run(JUnit38ClassRunner.java:84)
	at org.apache.maven.surefire.junit4.JUnit4TestSet.execute(JUnit4TestSet.java:35)
	at org.apache.maven.surefire.junit4.JUnit4Provider.executeTestSet(JUnit4Provider.java:146)
	at org.apache.maven.surefire.junit4.JUnit4Provider.invoke(JUnit4Provider.java:97)
	at sun.reflect.NativeMethodAccessorImpl.invoke0(Native Method)
	at sun.reflect.NativeMethodAccessorImpl.invoke(NativeMethodAccessorImpl.java:62)
	at sun.reflect.DelegatingMethodAccessorImpl.invoke(DelegatingMethodAccessorImpl.java:43)
	at java.lang.reflect.Method.invoke(Method.java:498)
	at org.apache.maven.surefire.booter.ProviderFactory$ClassLoaderProxy.invoke(ProviderFactory.java:103)
	at com.sun.proxy.$Proxy0.invoke(Unknown Source)
	at org.apache.maven.surefire.booter.SurefireStarter.invokeProvider(SurefireStarter.java:145)
	at org.apache.maven.surefire.booter.SurefireStarter.runSuitesInProcess(SurefireStarter.java:87)
	at org.apache.maven.surefire.booter.ForkedBooter.main(ForkedBooter.java:69)
Caused by: org.h2.jdbc.JdbcSQLException: Syntax error in SQL statement &quot;SELECT RES.* 
       
    FROM ACT_RE_PROCDEF RES
     
     WHERE  RES.DEPLOYMENT_ID_ = ? 
   
     ORDER BY  ORDER[*] BY RES.ID_ ASC  
    LIMIT ? OFFSET ? &quot;; expected &quot;=, NOT, EXISTS, INTERSECTS, SELECT, FROM&quot;; SQL statement:
select RES.* 
       
    from ACT_RE_PROCDEF RES
     
     WHERE  RES.DEPLOYMENT_ID_ = ? 
   
     order by  order by RES.ID_ asc  
    LIMIT ? OFFSET ? [42001-176]
	at org.h2.message.DbException.getJdbcSQLException(DbException.java:344)
	at org.h2.message.DbException.getSyntaxError(DbException.java:204)
	at org.h2.command.Parser.getSyntaxError(Parser.java:524)
	at org.h2.command.Parser.readTerm(Parser.java:2688)
	at org.h2.command.Parser.readFactor(Parser.java:2244)
	at org.h2.command.Parser.readSum(Parser.java:2231)
	at org.h2.command.Parser.readConcat(Parser.java:2201)
	at org.h2.command.Parser.readCondition(Parser.java:2051)
	at org.h2.command.Parser.readAnd(Parser.java:2023)
	at org.h2.command.Parser.readExpression(Parser.java:2015)
	at org.h2.command.Parser.parseEndOfQuery(Parser.java:1726)
	at org.h2.command.Parser.parseSelectUnionExtension(Parser.java:1706)
	at org.h2.command.Parser.parseSelectUnion(Parser.java:1675)
	at org.h2.command.Parser.parseSelect(Parser.java:1662)
	at org.h2.command.Parser.parsePrepared(Parser.java:434)
	at org.h2.command.Parser.parse(Parser.java:306)
	at org.h2.command.Parser.parse(Parser.java:282)
	at org.h2.command.Parser.prepareCommand(Parser.java:243)
	at org.h2.engine.Session.prepareLocal(Session.java:442)
	at org.h2.engine.Session.prepareCommand(Session.java:384)
	at org.h2.jdbc.JdbcConnection.prepareCommand(JdbcConnection.java:1188)
	at org.h2.jdbc.JdbcPreparedStatement.&lt;init&gt;(JdbcPreparedStatement.java:73)
	at org.h2.jdbc.JdbcConnection.prepareStatement(JdbcConnection.java:276)
	at sun.reflect.GeneratedMethodAccessor6.invoke(Unknown Source)
	at sun.reflect.DelegatingMethodAccessorImpl.invoke(DelegatingMethodAccessorImpl.java:43)
	at java.lang.reflect.Method.invoke(Method.java:498)
	at org.apache.ibatis.datasource.pooled.PooledConnection.invoke(PooledConnection.java:245)
	at com.sun.proxy.$Proxy12.prepareStatement(Unknown Source)
	at sun.reflect.GeneratedMethodAccessor6.invoke(Unknown Source)
	at sun.reflect.DelegatingMethodAccessorImpl.invoke(DelegatingMethodAccessorImpl.java:43)
	at java.lang.reflect.Method.invoke(Method.java:498)
	at org.apache.ibatis.logging.jdbc.ConnectionLogger.invoke(ConnectionLogger.java:55)
	at com.sun.proxy.$Proxy12.prepareStatement(Unknown Source)
	at org.apache.ibatis.executor.statement.PreparedStatementHandler.instantiateStatement(PreparedStatementHandler.java:79)
	at org.apache.ibatis.executor.statement.BaseStatementHandler.prepare(BaseStatementHandler.java:88)
	at org.apache.ibatis.executor.statement.RoutingStatementHandler.prepare(RoutingStatementHandler.java:58)
	at org.apache.ibatis.executor.SimpleExecutor.prepareStatement(SimpleExecutor.java:76)
	at org.apache.ibatis.executor.SimpleExecutor.doQuery(SimpleExecutor.java:61)
	at org.apache.ibatis.executor.BaseExecutor.queryFromDatabase(BaseExecutor.java:303)
	at org.apache.ibatis.executor.BaseExecutor.query(BaseExecutor.java:154)
	at org.apache.ibatis.executor.CachingExecutor.query(CachingExecutor.java:102)
	at org.apache.ibatis.executor.CachingExecutor.query(CachingExecutor.java:82)
	at org.apache.ibatis.session.defaults.DefaultSqlSession.selectList(DefaultSqlSession.java:120)
	... 37 more
</error>
    <system-out>10:47:59,256 [main] DEBUG org.activiti.engine.impl.test.TestHelper  - annotation @Deployment creates deployment for StartAuthorizationTest.testPotentialStarter
10:47:59,257 [main] DEBUG org.activiti.engine.impl.interceptor.LogInterceptor  - 

10:47:59,257 [main] DEBUG org.activiti.engine.impl.interceptor.LogInterceptor  - --- starting DeployCmd --------------------------------------------------------
10:47:59,257 [main] DEBUG org.activiti.engine.impl.bpmn.deployer.BpmnDeployer  - Processing deployment StartAuthorizationTest.testPotentialStarter
10:47:59,257 [main] INFO  org.activiti.engine.impl.bpmn.deployer.BpmnDeployer  - Processing resource org/activiti/examples/bpmn/authorization/StartAuthorizationTest.testPotentialStarter.bpmn20.xml
10:47:59,261 [main] DEBUG org.activiti.engine.impl.bpmn.parser.handler.ProcessParseHandler  - Parsing process potentialStarter
10:47:59,261 [main] DEBUG org.activiti.engine.impl.bpmn.parser.handler.AbstractBpmnParseHandler  - Parsing activity theStart
10:47:59,261 [main] DEBUG org.activiti.engine.impl.bpmn.parser.handler.AbstractBpmnParseHandler  - Parsing activity theEnd
10:47:59,261 [main] DEBUG org.apache.ibatis.transaction.jdbc.JdbcTransaction  - Opening JDBC Connection
10:47:59,261 [main] DEBUG org.apache.ibatis.datasource.pooled.PooledDataSource  - Checked out connection 363509958 from pool.
10:47:59,261 [main] DEBUG org.apache.ibatis.transaction.jdbc.JdbcTransaction  - Setting autocommit to false on JDBC Connection [conn2: url=jdbc:h2:mem:activiti user=SA]
10:47:59,261 [main] DEBUG org.activiti.engine.impl.persistence.entity.ProcessDefinitionEntity.selectLatestProcessDefinitionByKey  - ==&gt;  Preparing: select * from ACT_RE_PROCDEF where KEY_ = ? and (TENANT_ID_ = &apos;&apos; or TENANT_ID_ is null) and VERSION_ = (select max(VERSION_) from ACT_RE_PROCDEF where KEY_ = ? and (TENANT_ID_ = &apos;&apos; or TENANT_ID_ is null)) 
10:47:59,261 [main] DEBUG org.activiti.engine.impl.persistence.entity.ProcessDefinitionEntity.selectLatestProcessDefinitionByKey  - ==&gt; Parameters: potentialStarter(String), potentialStarter(String)
10:47:59,261 [main] DEBUG org.activiti.engine.impl.persistence.entity.ProcessDefinitionEntity.selectLatestProcessDefinitionByKey  - &lt;==      Total: 0
10:47:59,261 [main] DEBUG org.activiti.engine.impl.persistence.entity.JobEntity.selectJobByTypeAndProcessDefinitionKeyNoTenantId  - ==&gt;  Preparing: select J.* from ACT_RU_JOB J inner join ACT_RE_PROCDEF P on J.PROC_DEF_ID_ = P.ID_ where J.HANDLER_TYPE_ = ? and P.KEY_ = ? and (P.TENANT_ID_ = &apos;&apos; or P.TENANT_ID_ is null) 
10:47:59,261 [main] DEBUG org.activiti.engine.impl.persistence.entity.JobEntity.selectJobByTypeAndProcessDefinitionKeyNoTenantId  - ==&gt; Parameters: timer-start-event(String), potentialStarter(String)
10:47:59,261 [main] DEBUG org.activiti.engine.impl.persistence.entity.JobEntity.selectJobByTypeAndProcessDefinitionKeyNoTenantId  - &lt;==      Total: 0
10:47:59,261 [main] DEBUG org.activiti.engine.impl.history.DefaultHistoryManager  - Current history level: FULL, level required: AUDIT
10:47:59,261 [main] DEBUG org.activiti.engine.impl.history.DefaultHistoryManager  - Current history level: FULL, level required: AUDIT
10:47:59,261 [main] DEBUG org.activiti.engine.impl.history.DefaultHistoryManager  - Current history level: FULL, level required: AUDIT
10:47:59,261 [main] DEBUG org.activiti.engine.impl.history.DefaultHistoryManager  - Current history level: FULL, level required: AUDIT
10:47:59,261 [main] DEBUG org.activiti.engine.impl.history.DefaultHistoryManager  - Current history level: FULL, level required: AUDIT
10:47:59,261 [main] DEBUG org.activiti.engine.impl.history.DefaultHistoryManager  - Current history level: FULL, level required: AUDIT
10:47:59,261 [main] DEBUG org.activiti.engine.impl.persistence.entity.ProcessDefinitionInfoEntity.selectProcessDefinitionInfoByProcessDefinitionId  - ==&gt;  Preparing: select * from ACT_PROCDEF_INFO where PROC_DEF_ID_ = ? 
10:47:59,261 [main] DEBUG org.activiti.engine.impl.persistence.entity.ProcessDefinitionInfoEntity.selectProcessDefinitionInfoByProcessDefinitionId  - ==&gt; Parameters: potentialStarter:1:1354(String)
10:47:59,261 [main] DEBUG org.activiti.engine.impl.persistence.entity.ProcessDefinitionInfoEntity.selectProcessDefinitionInfoByProcessDefinitionId  - &lt;==      Total: 0
10:47:59,261 [main] DEBUG org.activiti.engine.impl.interceptor.LogInterceptor  - 

10:47:59,261 [main] DEBUG org.activiti.engine.impl.interceptor.LogInterceptor  - --- starting GetProcessDefinitionInfoCmd --------------------------------------------------------
10:47:59,261 [main] DEBUG org.activiti.engine.impl.interceptor.CommandContextInterceptor  - Valid context found. Reusing it for the current command &apos;org.activiti.engine.impl.cmd.GetProcessDefinitionInfoCmd&apos;
10:47:59,261 [main] DEBUG org.activiti.engine.impl.interceptor.LogInterceptor  - 

10:47:59,261 [main] DEBUG org.activiti.engine.impl.interceptor.LogInterceptor  - --- starting  --------------------------------------------------------
10:47:59,261 [main] DEBUG org.activiti.engine.impl.interceptor.CommandContextInterceptor  - Valid context found. Reusing it for the current command &apos;null&apos;
10:47:59,261 [main] DEBUG org.activiti.engine.impl.interceptor.LogInterceptor  - ---  finished --------------------------------------------------------
10:47:59,261 [main] DEBUG org.activiti.engine.impl.interceptor.LogInterceptor  - 

10:47:59,261 [main] DEBUG org.activiti.engine.impl.interceptor.LogInterceptor  - --- GetProcessDefinitionInfoCmd finished --------------------------------------------------------
10:47:59,261 [main] DEBUG org.activiti.engine.impl.interceptor.LogInterceptor  - 

10:47:59,262 [main] DEBUG org.activiti.engine.impl.db.DbSqlSession  -   insert ResourceEntity[id=1353, name=org/activiti/examples/bpmn/authorization/StartAuthorizationTest.testPotentialStarter.bpmn20.xml]
10:47:59,262 [main] DEBUG org.activiti.engine.impl.db.DbSqlSession  -   insert DeploymentEntity[id=1352, name=StartAuthorizationTest.testPotentialStarter]
10:47:59,262 [main] DEBUG org.activiti.engine.impl.db.DbSqlSession  -   insert IdentityLinkEntity[id=1355, type=candidate, userId=user1, processDefId=potentialStarter:1:1354]
10:47:59,262 [main] DEBUG org.activiti.engine.impl.db.DbSqlSession  -   insert IdentityLinkEntity[id=1356, type=candidate, userId=user2, processDefId=potentialStarter:1:1354]
10:47:59,262 [main] DEBUG org.activiti.engine.impl.db.DbSqlSession  -   insert IdentityLinkEntity[id=1357, type=candidate, userId=user3, processDefId=potentialStarter:1:1354]
10:47:59,262 [main] DEBUG org.activiti.engine.impl.db.DbSqlSession  -   insert IdentityLinkEntity[id=1358, type=candidate, groupId=group1, processDefId=potentialStarter:1:1354]
10:47:59,262 [main] DEBUG org.activiti.engine.impl.db.DbSqlSession  -   insert IdentityLinkEntity[id=1359, type=candidate, groupId=group3, processDefId=potentialStarter:1:1354]
10:47:59,262 [main] DEBUG org.activiti.engine.impl.db.DbSqlSession  -   insert IdentityLinkEntity[id=1360, type=candidate, groupId=group2, processDefId=potentialStarter:1:1354]
10:47:59,262 [main] DEBUG org.activiti.engine.impl.db.DbSqlSession  -   insert ProcessDefinitionEntity[potentialStarter:1:1354]
10:47:59,262 [main] DEBUG org.activiti.engine.impl.db.DbSqlSession  - flush summary: 9 insert, 0 update, 0 delete.
10:47:59,262 [main] DEBUG org.activiti.engine.impl.db.DbSqlSession  - now executing flush...
10:47:59,262 [main] DEBUG org.activiti.engine.impl.db.DbSqlSession  - inserting: ProcessDefinitionEntity[potentialStarter:1:1354]
10:47:59,262 [main] DEBUG org.activiti.engine.impl.persistence.entity.ProcessDefinitionEntity.insertProcessDefinition  - ==&gt;  Preparing: insert into ACT_RE_PROCDEF(ID_, REV_, CATEGORY_, NAME_, KEY_, VERSION_, DEPLOYMENT_ID_, RESOURCE_NAME_, DGRM_RESOURCE_NAME_, DESCRIPTION_, HAS_START_FORM_KEY_, HAS_GRAPHICAL_NOTATION_ , SUSPENSION_STATE_, TENANT_ID_) values (?, 1, ?, ?, ?, ?, ?, ?, ?, ?, ?, ?, ?, ?) 
10:47:59,262 [main] DEBUG org.activiti.engine.impl.persistence.entity.ProcessDefinitionEntity.insertProcessDefinition  - ==&gt; Parameters: potentialStarter:1:1354(String), Examples(String), null, potentialStarter(String), 1(Integer), 1352(String), org/activiti/examples/bpmn/authorization/StartAuthorizationTest.testPotentialStarter.bpmn20.xml(String), null, null, false(Boolean), false(Boolean), 1(Integer), (String)
10:47:59,262 [main] DEBUG org.activiti.engine.impl.persistence.entity.ProcessDefinitionEntity.insertProcessDefinition  - &lt;==    Updates: 1
10:47:59,262 [main] DEBUG org.activiti.engine.impl.persistence.entity.IdentityLinkEntity.bulkInsertIdentityLink  - ==&gt;  Preparing: insert into ACT_RU_IDENTITYLINK (ID_, REV_, TYPE_, USER_ID_, GROUP_ID_, TASK_ID_, PROC_INST_ID_, PROC_DEF_ID_) values (?, 1, ?, ?, ?, ?, ?, ?) , (?, 1, ?, ?, ?, ?, ?, ?) , (?, 1, ?, ?, ?, ?, ?, ?) , (?, 1, ?, ?, ?, ?, ?, ?) , (?, 1, ?, ?, ?, ?, ?, ?) , (?, 1, ?, ?, ?, ?, ?, ?) 
10:47:59,262 [main] DEBUG org.activiti.engine.impl.persistence.entity.IdentityLinkEntity.bulkInsertIdentityLink  - ==&gt; Parameters: 1355(String), candidate(String), user1(String), null, null, null, potentialStarter:1:1354(String), 1356(String), candidate(String), user2(String), null, null, null, potentialStarter:1:1354(String), 1357(String), candidate(String), user3(String), null, null, null, potentialStarter:1:1354(String), 1358(String), candidate(String), null, group1(String), null, null, potentialStarter:1:1354(String), 1359(String), candidate(String), null, group3(String), null, null, potentialStarter:1:1354(String), 1360(String), candidate(String), null, group2(String), null, null, potentialStarter:1:1354(String)
10:47:59,262 [main] DEBUG org.activiti.engine.impl.persistence.entity.IdentityLinkEntity.bulkInsertIdentityLink  - &lt;==    Updates: 6
10:47:59,262 [main] DEBUG org.activiti.engine.impl.db.DbSqlSession  - inserting: DeploymentEntity[id=1352, name=StartAuthorizationTest.testPotentialStarter]
10:47:59,262 [main] DEBUG org.activiti.engine.impl.persistence.entity.DeploymentEntity.insertDeployment  - ==&gt;  Preparing: insert into ACT_RE_DEPLOYMENT(ID_, NAME_, CATEGORY_, TENANT_ID_, DEPLOY_TIME_) values(?, ?, ?, ?, ?) 
10:47:59,262 [main] DEBUG org.activiti.engine.impl.persistence.entity.DeploymentEntity.insertDeployment  - ==&gt; Parameters: 1352(String), StartAuthorizationTest.testPotentialStarter(String), null, (String), 2023-03-20 10:48:50.669(Timestamp)
10:47:59,262 [main] DEBUG org.activiti.engine.impl.persistence.entity.DeploymentEntity.insertDeployment  - &lt;==    Updates: 1
10:47:59,262 [main] DEBUG org.activiti.engine.impl.db.DbSqlSession  - inserting: ResourceEntity[id=1353, name=org/activiti/examples/bpmn/authorization/StartAuthorizationTest.testPotentialStarter.bpmn20.xml]
10:47:59,262 [main] DEBUG org.activiti.engine.impl.persistence.entity.ResourceEntity.insertResource  - ==&gt;  Preparing: insert into ACT_GE_BYTEARRAY(ID_, REV_, NAME_, BYTES_, DEPLOYMENT_ID_, GENERATED_) values (?, 1, ?, ?, ?, ?) 
10:47:59,262 [main] DEBUG org.activiti.engine.impl.persistence.entity.ResourceEntity.insertResource  - ==&gt; Parameters: 1353(String), org/activiti/examples/bpmn/authorization/StartAuthorizationTest.testPotentialStarter.bpmn20.xml(String), java.io.ByteArrayInputStream@a592615(ByteArrayInputStream), 1352(String), false(Boolean)
10:47:59,262 [main] DEBUG org.activiti.engine.impl.persistence.entity.ResourceEntity.insertResource  - &lt;==    Updates: 1
10:47:59,262 [main] DEBUG org.activiti.engine.impl.cfg.standalone.StandaloneMybatisTransactionContext  - firing event committing...
10:47:59,262 [main] DEBUG org.activiti.engine.impl.cfg.standalone.StandaloneMybatisTransactionContext  - committing the ibatis sql session...
10:47:59,262 [main] DEBUG org.apache.ibatis.transaction.jdbc.JdbcTransaction  - Committing JDBC Connection [conn2: url=jdbc:h2:mem:activiti user=SA]
10:47:59,262 [main] DEBUG org.activiti.engine.impl.cfg.standalone.StandaloneMybatisTransactionContext  - firing event committed...
10:47:59,262 [main] DEBUG org.apache.ibatis.transaction.jdbc.JdbcTransaction  - Resetting autocommit to true on JDBC Connection [conn2: url=jdbc:h2:mem:activiti user=SA]
10:47:59,262 [main] DEBUG org.apache.ibatis.transaction.jdbc.JdbcTransaction  - Closing JDBC Connection [conn2: url=jdbc:h2:mem:activiti user=SA]
10:47:59,262 [main] DEBUG org.apache.ibatis.datasource.pooled.PooledDataSource  - Returned connection 363509958 to pool.
10:47:59,262 [main] DEBUG org.activiti.engine.impl.interceptor.LogInterceptor  - --- DeployCmd finished --------------------------------------------------------
10:47:59,262 [main] DEBUG org.activiti.engine.impl.interceptor.LogInterceptor  - 

10:47:59,262 [main] DEBUG org.activiti.engine.impl.test.PvmTestCase  - 

10:47:59,262 [main] DEBUG org.activiti.engine.impl.test.PvmTestCase  - #### START StartAuthorizationTest.testPotentialStarter ###########################################################
10:47:59,262 [main] DEBUG org.activiti.engine.impl.interceptor.LogInterceptor  - 

10:47:59,262 [main] DEBUG org.activiti.engine.impl.interceptor.LogInterceptor  - --- starting CreateUserCmd --------------------------------------------------------
10:47:59,262 [main] DEBUG org.activiti.engine.impl.cfg.standalone.StandaloneMybatisTransactionContext  - firing event committing...
10:47:59,262 [main] DEBUG org.activiti.engine.impl.cfg.standalone.StandaloneMybatisTransactionContext  - committing the ibatis sql session...
10:47:59,262 [main] DEBUG org.activiti.engine.impl.cfg.standalone.StandaloneMybatisTransactionContext  - firing event committed...
10:47:59,262 [main] DEBUG org.activiti.engine.impl.interceptor.LogInterceptor  - --- CreateUserCmd finished --------------------------------------------------------
10:47:59,262 [main] DEBUG org.activiti.engine.impl.interceptor.LogInterceptor  - 

10:47:59,262 [main] DEBUG org.activiti.engine.impl.interceptor.LogInterceptor  - 

10:47:59,262 [main] DEBUG org.activiti.engine.impl.interceptor.LogInterceptor  - --- starting SaveUserCmd --------------------------------------------------------
10:47:59,262 [main] DEBUG org.activiti.engine.impl.db.DbSqlSession  -   insert org.activiti.engine.impl.persistence.entity.UserEntity@1257c828
10:47:59,262 [main] DEBUG org.activiti.engine.impl.db.DbSqlSession  - flush summary: 1 insert, 0 update, 0 delete.
10:47:59,262 [main] DEBUG org.activiti.engine.impl.db.DbSqlSession  - now executing flush...
10:47:59,262 [main] DEBUG org.activiti.engine.impl.db.DbSqlSession  - inserting: org.activiti.engine.impl.persistence.entity.UserEntity@1257c828
10:47:59,262 [main] DEBUG org.apache.ibatis.transaction.jdbc.JdbcTransaction  - Opening JDBC Connection
10:47:59,262 [main] DEBUG org.apache.ibatis.datasource.pooled.PooledDataSource  - Checked out connection 180014677 from pool.
10:47:59,262 [main] DEBUG org.apache.ibatis.transaction.jdbc.JdbcTransaction  - Setting autocommit to false on JDBC Connection [conn3: url=jdbc:h2:mem:activiti user=SA]
10:47:59,262 [main] DEBUG org.activiti.engine.impl.persistence.entity.UserEntity.insertUser  - ==&gt;  Preparing: insert into ACT_ID_USER (ID_, REV_, FIRST_, LAST_, EMAIL_, PWD_) values ( ?, 1, ?, ?, ?, ? ) 
10:47:59,262 [main] DEBUG org.activiti.engine.impl.persistence.entity.UserEntity.insertUser  - ==&gt; Parameters: user1(String), null, null, null, null
10:47:59,262 [main] DEBUG org.activiti.engine.impl.persistence.entity.UserEntity.insertUser  - &lt;==    Updates: 1
10:47:59,262 [main] DEBUG org.activiti.engine.impl.cfg.standalone.StandaloneMybatisTransactionContext  - firing event committing...
10:47:59,262 [main] DEBUG org.activiti.engine.impl.cfg.standalone.StandaloneMybatisTransactionContext  - committing the ibatis sql session...
10:47:59,262 [main] DEBUG org.apache.ibatis.transaction.jdbc.JdbcTransaction  - Committing JDBC Connection [conn3: url=jdbc:h2:mem:activiti user=SA]
10:47:59,262 [main] DEBUG org.activiti.engine.impl.cfg.standalone.StandaloneMybatisTransactionContext  - firing event committed...
10:47:59,262 [main] DEBUG org.apache.ibatis.transaction.jdbc.JdbcTransaction  - Resetting autocommit to true on JDBC Connection [conn3: url=jdbc:h2:mem:activiti user=SA]
10:47:59,262 [main] DEBUG org.apache.ibatis.transaction.jdbc.JdbcTransaction  - Closing JDBC Connection [conn3: url=jdbc:h2:mem:activiti user=SA]
10:47:59,262 [main] DEBUG org.apache.ibatis.datasource.pooled.PooledDataSource  - Returned connection 180014677 to pool.
10:47:59,262 [main] DEBUG org.activiti.engine.impl.interceptor.LogInterceptor  - --- SaveUserCmd finished --------------------------------------------------------
10:47:59,262 [main] DEBUG org.activiti.engine.impl.interceptor.LogInterceptor  - 

10:47:59,262 [main] DEBUG org.activiti.engine.impl.interceptor.LogInterceptor  - 

10:47:59,262 [main] DEBUG org.activiti.engine.impl.interceptor.LogInterceptor  - --- starting CreateUserCmd --------------------------------------------------------
10:47:59,262 [main] DEBUG org.activiti.engine.impl.cfg.standalone.StandaloneMybatisTransactionContext  - firing event committing...
10:47:59,262 [main] DEBUG org.activiti.engine.impl.cfg.standalone.StandaloneMybatisTransactionContext  - committing the ibatis sql session...
10:47:59,263 [main] DEBUG org.activiti.engine.impl.cfg.standalone.StandaloneMybatisTransactionContext  - firing event committed...
10:47:59,263 [main] DEBUG org.activiti.engine.impl.interceptor.LogInterceptor  - --- CreateUserCmd finished --------------------------------------------------------
10:47:59,263 [main] DEBUG org.activiti.engine.impl.interceptor.LogInterceptor  - 

10:47:59,263 [main] DEBUG org.activiti.engine.impl.interceptor.LogInterceptor  - 

10:47:59,263 [main] DEBUG org.activiti.engine.impl.interceptor.LogInterceptor  - --- starting SaveUserCmd --------------------------------------------------------
10:47:59,263 [main] DEBUG org.activiti.engine.impl.db.DbSqlSession  -   insert org.activiti.engine.impl.persistence.entity.UserEntity@315b098c
10:47:59,263 [main] DEBUG org.activiti.engine.impl.db.DbSqlSession  - flush summary: 1 insert, 0 update, 0 delete.
10:47:59,263 [main] DEBUG org.activiti.engine.impl.db.DbSqlSession  - now executing flush...
10:47:59,263 [main] DEBUG org.activiti.engine.impl.db.DbSqlSession  - inserting: org.activiti.engine.impl.persistence.entity.UserEntity@315b098c
10:47:59,263 [main] DEBUG org.apache.ibatis.transaction.jdbc.JdbcTransaction  - Opening JDBC Connection
10:47:59,263 [main] DEBUG org.apache.ibatis.datasource.pooled.PooledDataSource  - Checked out connection 297240765 from pool.
10:47:59,263 [main] DEBUG org.apache.ibatis.transaction.jdbc.JdbcTransaction  - Setting autocommit to false on JDBC Connection [conn4: url=jdbc:h2:mem:activiti user=SA]
10:47:59,263 [main] DEBUG org.activiti.engine.impl.persistence.entity.UserEntity.insertUser  - ==&gt;  Preparing: insert into ACT_ID_USER (ID_, REV_, FIRST_, LAST_, EMAIL_, PWD_) values ( ?, 1, ?, ?, ?, ? ) 
10:47:59,263 [main] DEBUG org.activiti.engine.impl.persistence.entity.UserEntity.insertUser  - ==&gt; Parameters: user2(String), null, null, null, null
10:47:59,263 [main] DEBUG org.activiti.engine.impl.persistence.entity.UserEntity.insertUser  - &lt;==    Updates: 1
10:47:59,263 [main] DEBUG org.activiti.engine.impl.cfg.standalone.StandaloneMybatisTransactionContext  - firing event committing...
10:47:59,263 [main] DEBUG org.activiti.engine.impl.cfg.standalone.StandaloneMybatisTransactionContext  - committing the ibatis sql session...
10:47:59,263 [main] DEBUG org.apache.ibatis.transaction.jdbc.JdbcTransaction  - Committing JDBC Connection [conn4: url=jdbc:h2:mem:activiti user=SA]
10:47:59,263 [main] DEBUG org.activiti.engine.impl.cfg.standalone.StandaloneMybatisTransactionContext  - firing event committed...
10:47:59,263 [main] DEBUG org.apache.ibatis.transaction.jdbc.JdbcTransaction  - Resetting autocommit to true on JDBC Connection [conn4: url=jdbc:h2:mem:activiti user=SA]
10:47:59,263 [main] DEBUG org.apache.ibatis.transaction.jdbc.JdbcTransaction  - Closing JDBC Connection [conn4: url=jdbc:h2:mem:activiti user=SA]
10:47:59,263 [main] DEBUG org.apache.ibatis.datasource.pooled.PooledDataSource  - Returned connection 297240765 to pool.
10:47:59,263 [main] DEBUG org.activiti.engine.impl.interceptor.LogInterceptor  - --- SaveUserCmd finished --------------------------------------------------------
10:47:59,263 [main] DEBUG org.activiti.engine.impl.interceptor.LogInterceptor  - 

10:47:59,263 [main] DEBUG org.activiti.engine.impl.interceptor.LogInterceptor  - 

10:47:59,263 [main] DEBUG org.activiti.engine.impl.interceptor.LogInterceptor  - --- starting CreateUserCmd --------------------------------------------------------
10:47:59,263 [main] DEBUG org.activiti.engine.impl.cfg.standalone.StandaloneMybatisTransactionContext  - firing event committing...
10:47:59,263 [main] DEBUG org.activiti.engine.impl.cfg.standalone.StandaloneMybatisTransactionContext  - committing the ibatis sql session...
10:47:59,263 [main] DEBUG org.activiti.engine.impl.cfg.standalone.StandaloneMybatisTransactionContext  - firing event committed...
10:47:59,263 [main] DEBUG org.activiti.engine.impl.interceptor.LogInterceptor  - --- CreateUserCmd finished --------------------------------------------------------
10:47:59,263 [main] DEBUG org.activiti.engine.impl.interceptor.LogInterceptor  - 

10:47:59,263 [main] DEBUG org.activiti.engine.impl.interceptor.LogInterceptor  - 

10:47:59,263 [main] DEBUG org.activiti.engine.impl.interceptor.LogInterceptor  - --- starting SaveUserCmd --------------------------------------------------------
10:47:59,263 [main] DEBUG org.activiti.engine.impl.db.DbSqlSession  -   insert org.activiti.engine.impl.persistence.entity.UserEntity@1ff67f85
10:47:59,263 [main] DEBUG org.activiti.engine.impl.db.DbSqlSession  - flush summary: 1 insert, 0 update, 0 delete.
10:47:59,263 [main] DEBUG org.activiti.engine.impl.db.DbSqlSession  - now executing flush...
10:47:59,263 [main] DEBUG org.activiti.engine.impl.db.DbSqlSession  - inserting: org.activiti.engine.impl.persistence.entity.UserEntity@1ff67f85
10:47:59,263 [main] DEBUG org.apache.ibatis.transaction.jdbc.JdbcTransaction  - Opening JDBC Connection
10:47:59,263 [main] DEBUG org.apache.ibatis.datasource.pooled.PooledDataSource  - Checked out connection 486346394 from pool.
10:47:59,263 [main] DEBUG org.apache.ibatis.transaction.jdbc.JdbcTransaction  - Setting autocommit to false on JDBC Connection [conn6: url=jdbc:h2:mem:activiti user=SA]
10:47:59,263 [main] DEBUG org.activiti.engine.impl.persistence.entity.UserEntity.insertUser  - ==&gt;  Preparing: insert into ACT_ID_USER (ID_, REV_, FIRST_, LAST_, EMAIL_, PWD_) values ( ?, 1, ?, ?, ?, ? ) 
10:47:59,263 [main] DEBUG org.activiti.engine.impl.persistence.entity.UserEntity.insertUser  - ==&gt; Parameters: user3(String), null, null, null, null
10:47:59,263 [main] DEBUG org.activiti.engine.impl.persistence.entity.UserEntity.insertUser  - &lt;==    Updates: 1
10:47:59,263 [main] DEBUG org.activiti.engine.impl.cfg.standalone.StandaloneMybatisTransactionContext  - firing event committing...
10:47:59,263 [main] DEBUG org.activiti.engine.impl.cfg.standalone.StandaloneMybatisTransactionContext  - committing the ibatis sql session...
10:47:59,263 [main] DEBUG org.apache.ibatis.transaction.jdbc.JdbcTransaction  - Committing JDBC Connection [conn6: url=jdbc:h2:mem:activiti user=SA]
10:47:59,263 [main] DEBUG org.activiti.engine.impl.cfg.standalone.StandaloneMybatisTransactionContext  - firing event committed...
10:47:59,263 [main] DEBUG org.apache.ibatis.transaction.jdbc.JdbcTransaction  - Resetting autocommit to true on JDBC Connection [conn6: url=jdbc:h2:mem:activiti user=SA]
10:47:59,263 [main] DEBUG org.apache.ibatis.transaction.jdbc.JdbcTransaction  - Closing JDBC Connection [conn6: url=jdbc:h2:mem:activiti user=SA]
10:47:59,263 [main] DEBUG org.apache.ibatis.datasource.pooled.PooledDataSource  - Returned connection 486346394 to pool.
10:47:59,263 [main] DEBUG org.activiti.engine.impl.interceptor.LogInterceptor  - --- SaveUserCmd finished --------------------------------------------------------
10:47:59,263 [main] DEBUG org.activiti.engine.impl.interceptor.LogInterceptor  - 

10:47:59,263 [main] DEBUG org.activiti.engine.impl.interceptor.LogInterceptor  - 

10:47:59,263 [main] DEBUG org.activiti.engine.impl.interceptor.LogInterceptor  - --- starting CreateUserCmd --------------------------------------------------------
10:47:59,263 [main] DEBUG org.activiti.engine.impl.cfg.standalone.StandaloneMybatisTransactionContext  - firing event committing...
10:47:59,263 [main] DEBUG org.activiti.engine.impl.cfg.standalone.StandaloneMybatisTransactionContext  - committing the ibatis sql session...
10:47:59,263 [main] DEBUG org.activiti.engine.impl.cfg.standalone.StandaloneMybatisTransactionContext  - firing event committed...
10:47:59,263 [main] DEBUG org.activiti.engine.impl.interceptor.LogInterceptor  - --- CreateUserCmd finished --------------------------------------------------------
10:47:59,263 [main] DEBUG org.activiti.engine.impl.interceptor.LogInterceptor  - 

10:47:59,263 [main] DEBUG org.activiti.engine.impl.interceptor.LogInterceptor  - 

10:47:59,264 [main] DEBUG org.activiti.engine.impl.interceptor.LogInterceptor  - --- starting SaveUserCmd --------------------------------------------------------
10:47:59,264 [main] DEBUG org.activiti.engine.impl.db.DbSqlSession  -   insert org.activiti.engine.impl.persistence.entity.UserEntity@5c5c9be0
10:47:59,264 [main] DEBUG org.activiti.engine.impl.db.DbSqlSession  - flush summary: 1 insert, 0 update, 0 delete.
10:47:59,264 [main] DEBUG org.activiti.engine.impl.db.DbSqlSession  - now executing flush...
10:47:59,264 [main] DEBUG org.activiti.engine.impl.db.DbSqlSession  - inserting: org.activiti.engine.impl.persistence.entity.UserEntity@5c5c9be0
10:47:59,264 [main] DEBUG org.apache.ibatis.transaction.jdbc.JdbcTransaction  - Opening JDBC Connection
10:47:59,264 [main] DEBUG org.apache.ibatis.datasource.pooled.PooledDataSource  - Checked out connection 363509958 from pool.
10:47:59,264 [main] DEBUG org.apache.ibatis.transaction.jdbc.JdbcTransaction  - Setting autocommit to false on JDBC Connection [conn2: url=jdbc:h2:mem:activiti user=SA]
10:47:59,264 [main] DEBUG org.activiti.engine.impl.persistence.entity.UserEntity.insertUser  - ==&gt;  Preparing: insert into ACT_ID_USER (ID_, REV_, FIRST_, LAST_, EMAIL_, PWD_) values ( ?, 1, ?, ?, ?, ? ) 
10:47:59,264 [main] DEBUG org.activiti.engine.impl.persistence.entity.UserEntity.insertUser  - ==&gt; Parameters: userInGroup1(String), null, null, null, null
10:47:59,264 [main] DEBUG org.activiti.engine.impl.persistence.entity.UserEntity.insertUser  - &lt;==    Updates: 1
10:47:59,264 [main] DEBUG org.activiti.engine.impl.cfg.standalone.StandaloneMybatisTransactionContext  - firing event committing...
10:47:59,264 [main] DEBUG org.activiti.engine.impl.cfg.standalone.StandaloneMybatisTransactionContext  - committing the ibatis sql session...
10:47:59,264 [main] DEBUG org.apache.ibatis.transaction.jdbc.JdbcTransaction  - Committing JDBC Connection [conn2: url=jdbc:h2:mem:activiti user=SA]
10:47:59,264 [main] DEBUG org.activiti.engine.impl.cfg.standalone.StandaloneMybatisTransactionContext  - firing event committed...
10:47:59,264 [main] DEBUG org.apache.ibatis.transaction.jdbc.JdbcTransaction  - Resetting autocommit to true on JDBC Connection [conn2: url=jdbc:h2:mem:activiti user=SA]
10:47:59,264 [main] DEBUG org.apache.ibatis.transaction.jdbc.JdbcTransaction  - Closing JDBC Connection [conn2: url=jdbc:h2:mem:activiti user=SA]
10:47:59,264 [main] DEBUG org.apache.ibatis.datasource.pooled.PooledDataSource  - Returned connection 363509958 to pool.
10:47:59,264 [main] DEBUG org.activiti.engine.impl.interceptor.LogInterceptor  - --- SaveUserCmd finished --------------------------------------------------------
10:47:59,264 [main] DEBUG org.activiti.engine.impl.interceptor.LogInterceptor  - 

10:47:59,264 [main] DEBUG org.activiti.engine.impl.interceptor.LogInterceptor  - 

10:47:59,264 [main] DEBUG org.activiti.engine.impl.interceptor.LogInterceptor  - --- starting CreateUserCmd --------------------------------------------------------
10:47:59,264 [main] DEBUG org.activiti.engine.impl.cfg.standalone.StandaloneMybatisTransactionContext  - firing event committing...
10:47:59,264 [main] DEBUG org.activiti.engine.impl.cfg.standalone.StandaloneMybatisTransactionContext  - committing the ibatis sql session...
10:47:59,264 [main] DEBUG org.activiti.engine.impl.cfg.standalone.StandaloneMybatisTransactionContext  - firing event committed...
10:47:59,264 [main] DEBUG org.activiti.engine.impl.interceptor.LogInterceptor  - --- CreateUserCmd finished --------------------------------------------------------
10:47:59,264 [main] DEBUG org.activiti.engine.impl.interceptor.LogInterceptor  - 

10:47:59,264 [main] DEBUG org.activiti.engine.impl.interceptor.LogInterceptor  - 

10:47:59,264 [main] DEBUG org.activiti.engine.impl.interceptor.LogInterceptor  - --- starting SaveUserCmd --------------------------------------------------------
10:47:59,264 [main] DEBUG org.activiti.engine.impl.db.DbSqlSession  -   insert org.activiti.engine.impl.persistence.entity.UserEntity@70e61ecb
10:47:59,264 [main] DEBUG org.activiti.engine.impl.db.DbSqlSession  - flush summary: 1 insert, 0 update, 0 delete.
10:47:59,264 [main] DEBUG org.activiti.engine.impl.db.DbSqlSession  - now executing flush...
10:47:59,264 [main] DEBUG org.activiti.engine.impl.db.DbSqlSession  - inserting: org.activiti.engine.impl.persistence.entity.UserEntity@70e61ecb
10:47:59,264 [main] DEBUG org.apache.ibatis.transaction.jdbc.JdbcTransaction  - Opening JDBC Connection
10:47:59,264 [main] DEBUG org.apache.ibatis.datasource.pooled.PooledDataSource  - Checked out connection 180014677 from pool.
10:47:59,264 [main] DEBUG org.apache.ibatis.transaction.jdbc.JdbcTransaction  - Setting autocommit to false on JDBC Connection [conn3: url=jdbc:h2:mem:activiti user=SA]
10:47:59,264 [main] DEBUG org.activiti.engine.impl.persistence.entity.UserEntity.insertUser  - ==&gt;  Preparing: insert into ACT_ID_USER (ID_, REV_, FIRST_, LAST_, EMAIL_, PWD_) values ( ?, 1, ?, ?, ?, ? ) 
10:47:59,264 [main] DEBUG org.activiti.engine.impl.persistence.entity.UserEntity.insertUser  - ==&gt; Parameters: userInGroup2(String), null, null, null, null
10:47:59,264 [main] DEBUG org.activiti.engine.impl.persistence.entity.UserEntity.insertUser  - &lt;==    Updates: 1
10:47:59,264 [main] DEBUG org.activiti.engine.impl.cfg.standalone.StandaloneMybatisTransactionContext  - firing event committing...
10:47:59,264 [main] DEBUG org.activiti.engine.impl.cfg.standalone.StandaloneMybatisTransactionContext  - committing the ibatis sql session...
10:47:59,264 [main] DEBUG org.apache.ibatis.transaction.jdbc.JdbcTransaction  - Committing JDBC Connection [conn3: url=jdbc:h2:mem:activiti user=SA]
10:47:59,264 [main] DEBUG org.activiti.engine.impl.cfg.standalone.StandaloneMybatisTransactionContext  - firing event committed...
10:47:59,264 [main] DEBUG org.apache.ibatis.transaction.jdbc.JdbcTransaction  - Resetting autocommit to true on JDBC Connection [conn3: url=jdbc:h2:mem:activiti user=SA]
10:47:59,264 [main] DEBUG org.apache.ibatis.transaction.jdbc.JdbcTransaction  - Closing JDBC Connection [conn3: url=jdbc:h2:mem:activiti user=SA]
10:47:59,264 [main] DEBUG org.apache.ibatis.datasource.pooled.PooledDataSource  - Returned connection 180014677 to pool.
10:47:59,264 [main] DEBUG org.activiti.engine.impl.interceptor.LogInterceptor  - --- SaveUserCmd finished --------------------------------------------------------
10:47:59,264 [main] DEBUG org.activiti.engine.impl.interceptor.LogInterceptor  - 

10:47:59,264 [main] DEBUG org.activiti.engine.impl.interceptor.LogInterceptor  - 

10:47:59,264 [main] DEBUG org.activiti.engine.impl.interceptor.LogInterceptor  - --- starting CreateUserCmd --------------------------------------------------------
10:47:59,264 [main] DEBUG org.activiti.engine.impl.cfg.standalone.StandaloneMybatisTransactionContext  - firing event committing...
10:47:59,264 [main] DEBUG org.activiti.engine.impl.cfg.standalone.StandaloneMybatisTransactionContext  - committing the ibatis sql session...
10:47:59,264 [main] DEBUG org.activiti.engine.impl.cfg.standalone.StandaloneMybatisTransactionContext  - firing event committed...
10:47:59,264 [main] DEBUG org.activiti.engine.impl.interceptor.LogInterceptor  - --- CreateUserCmd finished --------------------------------------------------------
10:47:59,264 [main] DEBUG org.activiti.engine.impl.interceptor.LogInterceptor  - 

10:47:59,264 [main] DEBUG org.activiti.engine.impl.interceptor.LogInterceptor  - 

10:47:59,264 [main] DEBUG org.activiti.engine.impl.interceptor.LogInterceptor  - --- starting SaveUserCmd --------------------------------------------------------
10:47:59,264 [main] DEBUG org.activiti.engine.impl.db.DbSqlSession  -   insert org.activiti.engine.impl.persistence.entity.UserEntity@19186e32
10:47:59,264 [main] DEBUG org.activiti.engine.impl.db.DbSqlSession  - flush summary: 1 insert, 0 update, 0 delete.
10:47:59,265 [main] DEBUG org.activiti.engine.impl.db.DbSqlSession  - now executing flush...
10:47:59,265 [main] DEBUG org.activiti.engine.impl.db.DbSqlSession  - inserting: org.activiti.engine.impl.persistence.entity.UserEntity@19186e32
10:47:59,265 [main] DEBUG org.apache.ibatis.transaction.jdbc.JdbcTransaction  - Opening JDBC Connection
10:47:59,265 [main] DEBUG org.apache.ibatis.datasource.pooled.PooledDataSource  - Checked out connection 297240765 from pool.
10:47:59,265 [main] DEBUG org.apache.ibatis.transaction.jdbc.JdbcTransaction  - Setting autocommit to false on JDBC Connection [conn4: url=jdbc:h2:mem:activiti user=SA]
10:47:59,265 [main] DEBUG org.activiti.engine.impl.persistence.entity.UserEntity.insertUser  - ==&gt;  Preparing: insert into ACT_ID_USER (ID_, REV_, FIRST_, LAST_, EMAIL_, PWD_) values ( ?, 1, ?, ?, ?, ? ) 
10:47:59,265 [main] DEBUG org.activiti.engine.impl.persistence.entity.UserEntity.insertUser  - ==&gt; Parameters: userInGroup3(String), null, null, null, null
10:47:59,265 [main] DEBUG org.activiti.engine.impl.persistence.entity.UserEntity.insertUser  - &lt;==    Updates: 1
10:47:59,265 [main] DEBUG org.activiti.engine.impl.cfg.standalone.StandaloneMybatisTransactionContext  - firing event committing...
10:47:59,265 [main] DEBUG org.activiti.engine.impl.cfg.standalone.StandaloneMybatisTransactionContext  - committing the ibatis sql session...
10:47:59,265 [main] DEBUG org.apache.ibatis.transaction.jdbc.JdbcTransaction  - Committing JDBC Connection [conn4: url=jdbc:h2:mem:activiti user=SA]
10:47:59,265 [main] DEBUG org.activiti.engine.impl.cfg.standalone.StandaloneMybatisTransactionContext  - firing event committed...
10:47:59,265 [main] DEBUG org.apache.ibatis.transaction.jdbc.JdbcTransaction  - Resetting autocommit to true on JDBC Connection [conn4: url=jdbc:h2:mem:activiti user=SA]
10:47:59,265 [main] DEBUG org.apache.ibatis.transaction.jdbc.JdbcTransaction  - Closing JDBC Connection [conn4: url=jdbc:h2:mem:activiti user=SA]
10:47:59,265 [main] DEBUG org.apache.ibatis.datasource.pooled.PooledDataSource  - Returned connection 297240765 to pool.
10:47:59,265 [main] DEBUG org.activiti.engine.impl.interceptor.LogInterceptor  - --- SaveUserCmd finished --------------------------------------------------------
10:47:59,265 [main] DEBUG org.activiti.engine.impl.interceptor.LogInterceptor  - 

10:47:59,265 [main] DEBUG org.activiti.engine.impl.interceptor.LogInterceptor  - 

10:47:59,265 [main] DEBUG org.activiti.engine.impl.interceptor.LogInterceptor  - --- starting CreateGroupCmd --------------------------------------------------------
10:47:59,265 [main] DEBUG org.activiti.engine.impl.cfg.standalone.StandaloneMybatisTransactionContext  - firing event committing...
10:47:59,265 [main] DEBUG org.activiti.engine.impl.cfg.standalone.StandaloneMybatisTransactionContext  - committing the ibatis sql session...
10:47:59,265 [main] DEBUG org.activiti.engine.impl.cfg.standalone.StandaloneMybatisTransactionContext  - firing event committed...
10:47:59,265 [main] DEBUG org.activiti.engine.impl.interceptor.LogInterceptor  - --- CreateGroupCmd finished --------------------------------------------------------
10:47:59,265 [main] DEBUG org.activiti.engine.impl.interceptor.LogInterceptor  - 

10:47:59,265 [main] DEBUG org.activiti.engine.impl.interceptor.LogInterceptor  - 

10:47:59,265 [main] DEBUG org.activiti.engine.impl.interceptor.LogInterceptor  - --- starting SaveGroupCmd --------------------------------------------------------
10:47:59,265 [main] DEBUG org.activiti.engine.impl.db.DbSqlSession  -   insert org.activiti.engine.impl.persistence.entity.GroupEntity@35be20c3
10:47:59,265 [main] DEBUG org.activiti.engine.impl.db.DbSqlSession  - flush summary: 1 insert, 0 update, 0 delete.
10:47:59,265 [main] DEBUG org.activiti.engine.impl.db.DbSqlSession  - now executing flush...
10:47:59,265 [main] DEBUG org.activiti.engine.impl.db.DbSqlSession  - inserting: org.activiti.engine.impl.persistence.entity.GroupEntity@35be20c3
10:47:59,265 [main] DEBUG org.apache.ibatis.transaction.jdbc.JdbcTransaction  - Opening JDBC Connection
10:47:59,265 [main] DEBUG org.apache.ibatis.datasource.pooled.PooledDataSource  - Checked out connection 486346394 from pool.
10:47:59,265 [main] DEBUG org.apache.ibatis.transaction.jdbc.JdbcTransaction  - Setting autocommit to false on JDBC Connection [conn6: url=jdbc:h2:mem:activiti user=SA]
10:47:59,265 [main] DEBUG org.activiti.engine.impl.persistence.entity.GroupEntity.insertGroup  - ==&gt;  Preparing: insert into ACT_ID_GROUP (ID_, REV_, NAME_, TYPE_) values ( ?, 1, ?, ? ) 
10:47:59,265 [main] DEBUG org.activiti.engine.impl.persistence.entity.GroupEntity.insertGroup  - ==&gt; Parameters: group1(String), null, null
10:47:59,265 [main] DEBUG org.activiti.engine.impl.persistence.entity.GroupEntity.insertGroup  - &lt;==    Updates: 1
10:47:59,265 [main] DEBUG org.activiti.engine.impl.cfg.standalone.StandaloneMybatisTransactionContext  - firing event committing...
10:47:59,265 [main] DEBUG org.activiti.engine.impl.cfg.standalone.StandaloneMybatisTransactionContext  - committing the ibatis sql session...
10:47:59,265 [main] DEBUG org.apache.ibatis.transaction.jdbc.JdbcTransaction  - Committing JDBC Connection [conn6: url=jdbc:h2:mem:activiti user=SA]
10:47:59,265 [main] DEBUG org.activiti.engine.impl.cfg.standalone.StandaloneMybatisTransactionContext  - firing event committed...
10:47:59,265 [main] DEBUG org.apache.ibatis.transaction.jdbc.JdbcTransaction  - Resetting autocommit to true on JDBC Connection [conn6: url=jdbc:h2:mem:activiti user=SA]
10:47:59,265 [main] DEBUG org.apache.ibatis.transaction.jdbc.JdbcTransaction  - Closing JDBC Connection [conn6: url=jdbc:h2:mem:activiti user=SA]
10:47:59,265 [main] DEBUG org.apache.ibatis.datasource.pooled.PooledDataSource  - Returned connection 486346394 to pool.
10:47:59,265 [main] DEBUG org.activiti.engine.impl.interceptor.LogInterceptor  - --- SaveGroupCmd finished --------------------------------------------------------
10:47:59,265 [main] DEBUG org.activiti.engine.impl.interceptor.LogInterceptor  - 

10:47:59,265 [main] DEBUG org.activiti.engine.impl.interceptor.LogInterceptor  - 

10:47:59,265 [main] DEBUG org.activiti.engine.impl.interceptor.LogInterceptor  - --- starting CreateGroupCmd --------------------------------------------------------
10:47:59,265 [main] DEBUG org.activiti.engine.impl.cfg.standalone.StandaloneMybatisTransactionContext  - firing event committing...
10:47:59,265 [main] DEBUG org.activiti.engine.impl.cfg.standalone.StandaloneMybatisTransactionContext  - committing the ibatis sql session...
10:47:59,265 [main] DEBUG org.activiti.engine.impl.cfg.standalone.StandaloneMybatisTransactionContext  - firing event committed...
10:47:59,265 [main] DEBUG org.activiti.engine.impl.interceptor.LogInterceptor  - --- CreateGroupCmd finished --------------------------------------------------------
10:47:59,265 [main] DEBUG org.activiti.engine.impl.interceptor.LogInterceptor  - 

10:47:59,265 [main] DEBUG org.activiti.engine.impl.interceptor.LogInterceptor  - 

10:47:59,265 [main] DEBUG org.activiti.engine.impl.interceptor.LogInterceptor  - --- starting SaveGroupCmd --------------------------------------------------------
10:47:59,265 [main] DEBUG org.activiti.engine.impl.db.DbSqlSession  -   insert org.activiti.engine.impl.persistence.entity.GroupEntity@d053e0f
10:47:59,265 [main] DEBUG org.activiti.engine.impl.db.DbSqlSession  - flush summary: 1 insert, 0 update, 0 delete.
10:47:59,265 [main] DEBUG org.activiti.engine.impl.db.DbSqlSession  - now executing flush...
10:47:59,265 [main] DEBUG org.activiti.engine.impl.db.DbSqlSession  - inserting: org.activiti.engine.impl.persistence.entity.GroupEntity@d053e0f
10:47:59,265 [main] DEBUG org.apache.ibatis.transaction.jdbc.JdbcTransaction  - Opening JDBC Connection
10:47:59,265 [main] DEBUG org.apache.ibatis.datasource.pooled.PooledDataSource  - Checked out connection 363509958 from pool.
10:47:59,265 [main] DEBUG org.apache.ibatis.transaction.jdbc.JdbcTransaction  - Setting autocommit to false on JDBC Connection [conn2: url=jdbc:h2:mem:activiti user=SA]
10:47:59,266 [main] DEBUG org.activiti.engine.impl.persistence.entity.GroupEntity.insertGroup  - ==&gt;  Preparing: insert into ACT_ID_GROUP (ID_, REV_, NAME_, TYPE_) values ( ?, 1, ?, ? ) 
10:47:59,266 [main] DEBUG org.activiti.engine.impl.persistence.entity.GroupEntity.insertGroup  - ==&gt; Parameters: group2(String), null, null
10:47:59,266 [main] DEBUG org.activiti.engine.impl.persistence.entity.GroupEntity.insertGroup  - &lt;==    Updates: 1
10:47:59,266 [main] DEBUG org.activiti.engine.impl.cfg.standalone.StandaloneMybatisTransactionContext  - firing event committing...
10:47:59,266 [main] DEBUG org.activiti.engine.impl.cfg.standalone.StandaloneMybatisTransactionContext  - committing the ibatis sql session...
10:47:59,266 [main] DEBUG org.apache.ibatis.transaction.jdbc.JdbcTransaction  - Committing JDBC Connection [conn2: url=jdbc:h2:mem:activiti user=SA]
10:47:59,266 [main] DEBUG org.activiti.engine.impl.cfg.standalone.StandaloneMybatisTransactionContext  - firing event committed...
10:47:59,266 [main] DEBUG org.apache.ibatis.transaction.jdbc.JdbcTransaction  - Resetting autocommit to true on JDBC Connection [conn2: url=jdbc:h2:mem:activiti user=SA]
10:47:59,266 [main] DEBUG org.apache.ibatis.transaction.jdbc.JdbcTransaction  - Closing JDBC Connection [conn2: url=jdbc:h2:mem:activiti user=SA]
10:47:59,266 [main] DEBUG org.apache.ibatis.datasource.pooled.PooledDataSource  - Returned connection 363509958 to pool.
10:47:59,266 [main] DEBUG org.activiti.engine.impl.interceptor.LogInterceptor  - --- SaveGroupCmd finished --------------------------------------------------------
10:47:59,266 [main] DEBUG org.activiti.engine.impl.interceptor.LogInterceptor  - 

10:47:59,266 [main] DEBUG org.activiti.engine.impl.interceptor.LogInterceptor  - 

10:47:59,266 [main] DEBUG org.activiti.engine.impl.interceptor.LogInterceptor  - --- starting CreateGroupCmd --------------------------------------------------------
10:47:59,266 [main] DEBUG org.activiti.engine.impl.cfg.standalone.StandaloneMybatisTransactionContext  - firing event committing...
10:47:59,266 [main] DEBUG org.activiti.engine.impl.cfg.standalone.StandaloneMybatisTransactionContext  - committing the ibatis sql session...
10:47:59,266 [main] DEBUG org.activiti.engine.impl.cfg.standalone.StandaloneMybatisTransactionContext  - firing event committed...
10:47:59,266 [main] DEBUG org.activiti.engine.impl.interceptor.LogInterceptor  - --- CreateGroupCmd finished --------------------------------------------------------
10:47:59,266 [main] DEBUG org.activiti.engine.impl.interceptor.LogInterceptor  - 

10:47:59,266 [main] DEBUG org.activiti.engine.impl.interceptor.LogInterceptor  - 

10:47:59,266 [main] DEBUG org.activiti.engine.impl.interceptor.LogInterceptor  - --- starting SaveGroupCmd --------------------------------------------------------
10:47:59,266 [main] DEBUG org.activiti.engine.impl.db.DbSqlSession  -   insert org.activiti.engine.impl.persistence.entity.GroupEntity@4d556922
10:47:59,266 [main] DEBUG org.activiti.engine.impl.db.DbSqlSession  - flush summary: 1 insert, 0 update, 0 delete.
10:47:59,266 [main] DEBUG org.activiti.engine.impl.db.DbSqlSession  - now executing flush...
10:47:59,266 [main] DEBUG org.activiti.engine.impl.db.DbSqlSession  - inserting: org.activiti.engine.impl.persistence.entity.GroupEntity@4d556922
10:47:59,266 [main] DEBUG org.apache.ibatis.transaction.jdbc.JdbcTransaction  - Opening JDBC Connection
10:47:59,266 [main] DEBUG org.apache.ibatis.datasource.pooled.PooledDataSource  - Checked out connection 180014677 from pool.
10:47:59,266 [main] DEBUG org.apache.ibatis.transaction.jdbc.JdbcTransaction  - Setting autocommit to false on JDBC Connection [conn3: url=jdbc:h2:mem:activiti user=SA]
10:47:59,266 [main] DEBUG org.activiti.engine.impl.persistence.entity.GroupEntity.insertGroup  - ==&gt;  Preparing: insert into ACT_ID_GROUP (ID_, REV_, NAME_, TYPE_) values ( ?, 1, ?, ? ) 
10:47:59,266 [main] DEBUG org.activiti.engine.impl.persistence.entity.GroupEntity.insertGroup  - ==&gt; Parameters: group3(String), null, null
10:47:59,266 [main] DEBUG org.activiti.engine.impl.persistence.entity.GroupEntity.insertGroup  - &lt;==    Updates: 1
10:47:59,266 [main] DEBUG org.activiti.engine.impl.cfg.standalone.StandaloneMybatisTransactionContext  - firing event committing...
10:47:59,266 [main] DEBUG org.activiti.engine.impl.cfg.standalone.StandaloneMybatisTransactionContext  - committing the ibatis sql session...
10:47:59,266 [main] DEBUG org.apache.ibatis.transaction.jdbc.JdbcTransaction  - Committing JDBC Connection [conn3: url=jdbc:h2:mem:activiti user=SA]
10:47:59,266 [main] DEBUG org.activiti.engine.impl.cfg.standalone.StandaloneMybatisTransactionContext  - firing event committed...
10:47:59,266 [main] DEBUG org.apache.ibatis.transaction.jdbc.JdbcTransaction  - Resetting autocommit to true on JDBC Connection [conn3: url=jdbc:h2:mem:activiti user=SA]
10:47:59,266 [main] DEBUG org.apache.ibatis.transaction.jdbc.JdbcTransaction  - Closing JDBC Connection [conn3: url=jdbc:h2:mem:activiti user=SA]
10:47:59,266 [main] DEBUG org.apache.ibatis.datasource.pooled.PooledDataSource  - Returned connection 180014677 to pool.
10:47:59,266 [main] DEBUG org.activiti.engine.impl.interceptor.LogInterceptor  - --- SaveGroupCmd finished --------------------------------------------------------
10:47:59,266 [main] DEBUG org.activiti.engine.impl.interceptor.LogInterceptor  - 

10:47:59,266 [main] DEBUG org.activiti.engine.impl.interceptor.LogInterceptor  - 

10:47:59,266 [main] DEBUG org.activiti.engine.impl.interceptor.LogInterceptor  - --- starting CreateMembershipCmd --------------------------------------------------------
10:47:59,266 [main] DEBUG org.activiti.engine.impl.db.DbSqlSession  -   insert org.activiti.engine.impl.persistence.entity.MembershipEntity@1766f744
10:47:59,266 [main] DEBUG org.activiti.engine.impl.db.DbSqlSession  - flush summary: 1 insert, 0 update, 0 delete.
10:47:59,266 [main] DEBUG org.activiti.engine.impl.db.DbSqlSession  - now executing flush...
10:47:59,266 [main] DEBUG org.activiti.engine.impl.db.DbSqlSession  - inserting: org.activiti.engine.impl.persistence.entity.MembershipEntity@1766f744
10:47:59,266 [main] DEBUG org.apache.ibatis.transaction.jdbc.JdbcTransaction  - Opening JDBC Connection
10:47:59,266 [main] DEBUG org.apache.ibatis.datasource.pooled.PooledDataSource  - Checked out connection 297240765 from pool.
10:47:59,266 [main] DEBUG org.apache.ibatis.transaction.jdbc.JdbcTransaction  - Setting autocommit to false on JDBC Connection [conn4: url=jdbc:h2:mem:activiti user=SA]
10:47:59,266 [main] DEBUG org.activiti.engine.impl.persistence.entity.MembershipRelation.insertMembership  - ==&gt;  Preparing: insert into ACT_ID_MEMBERSHIP (USER_ID_, GROUP_ID_) values ( ?, ? ) 
10:47:59,266 [main] DEBUG org.activiti.engine.impl.persistence.entity.MembershipRelation.insertMembership  - ==&gt; Parameters: userInGroup1(String), group1(String)
10:47:59,266 [main] DEBUG org.activiti.engine.impl.persistence.entity.MembershipRelation.insertMembership  - &lt;==    Updates: 1
10:47:59,266 [main] DEBUG org.activiti.engine.impl.cfg.standalone.StandaloneMybatisTransactionContext  - firing event committing...
10:47:59,266 [main] DEBUG org.activiti.engine.impl.cfg.standalone.StandaloneMybatisTransactionContext  - committing the ibatis sql session...
10:47:59,266 [main] DEBUG org.apache.ibatis.transaction.jdbc.JdbcTransaction  - Committing JDBC Connection [conn4: url=jdbc:h2:mem:activiti user=SA]
10:47:59,266 [main] DEBUG org.activiti.engine.impl.cfg.standalone.StandaloneMybatisTransactionContext  - firing event committed...
10:47:59,266 [main] DEBUG org.apache.ibatis.transaction.jdbc.JdbcTransaction  - Resetting autocommit to true on JDBC Connection [conn4: url=jdbc:h2:mem:activiti user=SA]
10:47:59,266 [main] DEBUG org.apache.ibatis.transaction.jdbc.JdbcTransaction  - Closing JDBC Connection [conn4: url=jdbc:h2:mem:activiti user=SA]
10:47:59,266 [main] DEBUG org.apache.ibatis.datasource.pooled.PooledDataSource  - Returned connection 297240765 to pool.
10:47:59,266 [main] DEBUG org.activiti.engine.impl.interceptor.LogInterceptor  - --- CreateMembershipCmd finished --------------------------------------------------------
10:47:59,267 [main] DEBUG org.activiti.engine.impl.interceptor.LogInterceptor  - 

10:47:59,267 [main] DEBUG org.activiti.engine.impl.interceptor.LogInterceptor  - 

10:47:59,267 [main] DEBUG org.activiti.engine.impl.interceptor.LogInterceptor  - --- starting CreateMembershipCmd --------------------------------------------------------
10:47:59,267 [main] DEBUG org.activiti.engine.impl.db.DbSqlSession  -   insert org.activiti.engine.impl.persistence.entity.MembershipEntity@531a7553
10:47:59,267 [main] DEBUG org.activiti.engine.impl.db.DbSqlSession  - flush summary: 1 insert, 0 update, 0 delete.
10:47:59,267 [main] DEBUG org.activiti.engine.impl.db.DbSqlSession  - now executing flush...
10:47:59,267 [main] DEBUG org.activiti.engine.impl.db.DbSqlSession  - inserting: org.activiti.engine.impl.persistence.entity.MembershipEntity@531a7553
10:47:59,267 [main] DEBUG org.apache.ibatis.transaction.jdbc.JdbcTransaction  - Opening JDBC Connection
10:47:59,267 [main] DEBUG org.apache.ibatis.datasource.pooled.PooledDataSource  - Checked out connection 486346394 from pool.
10:47:59,267 [main] DEBUG org.apache.ibatis.transaction.jdbc.JdbcTransaction  - Setting autocommit to false on JDBC Connection [conn6: url=jdbc:h2:mem:activiti user=SA]
10:47:59,267 [main] DEBUG org.activiti.engine.impl.persistence.entity.MembershipRelation.insertMembership  - ==&gt;  Preparing: insert into ACT_ID_MEMBERSHIP (USER_ID_, GROUP_ID_) values ( ?, ? ) 
10:47:59,267 [main] DEBUG org.activiti.engine.impl.persistence.entity.MembershipRelation.insertMembership  - ==&gt; Parameters: userInGroup2(String), group2(String)
10:47:59,267 [main] DEBUG org.activiti.engine.impl.persistence.entity.MembershipRelation.insertMembership  - &lt;==    Updates: 1
10:47:59,267 [main] DEBUG org.activiti.engine.impl.cfg.standalone.StandaloneMybatisTransactionContext  - firing event committing...
10:47:59,267 [main] DEBUG org.activiti.engine.impl.cfg.standalone.StandaloneMybatisTransactionContext  - committing the ibatis sql session...
10:47:59,267 [main] DEBUG org.apache.ibatis.transaction.jdbc.JdbcTransaction  - Committing JDBC Connection [conn6: url=jdbc:h2:mem:activiti user=SA]
10:47:59,267 [main] DEBUG org.activiti.engine.impl.cfg.standalone.StandaloneMybatisTransactionContext  - firing event committed...
10:47:59,267 [main] DEBUG org.apache.ibatis.transaction.jdbc.JdbcTransaction  - Resetting autocommit to true on JDBC Connection [conn6: url=jdbc:h2:mem:activiti user=SA]
10:47:59,267 [main] DEBUG org.apache.ibatis.transaction.jdbc.JdbcTransaction  - Closing JDBC Connection [conn6: url=jdbc:h2:mem:activiti user=SA]
10:47:59,267 [main] DEBUG org.apache.ibatis.datasource.pooled.PooledDataSource  - Returned connection 486346394 to pool.
10:47:59,267 [main] DEBUG org.activiti.engine.impl.interceptor.LogInterceptor  - --- CreateMembershipCmd finished --------------------------------------------------------
10:47:59,267 [main] DEBUG org.activiti.engine.impl.interceptor.LogInterceptor  - 

10:47:59,267 [main] DEBUG org.activiti.engine.impl.interceptor.LogInterceptor  - 

10:47:59,267 [main] DEBUG org.activiti.engine.impl.interceptor.LogInterceptor  - --- starting CreateMembershipCmd --------------------------------------------------------
10:47:59,267 [main] DEBUG org.activiti.engine.impl.db.DbSqlSession  -   insert org.activiti.engine.impl.persistence.entity.MembershipEntity@77cbdc79
10:47:59,267 [main] DEBUG org.activiti.engine.impl.db.DbSqlSession  - flush summary: 1 insert, 0 update, 0 delete.
10:47:59,267 [main] DEBUG org.activiti.engine.impl.db.DbSqlSession  - now executing flush...
10:47:59,267 [main] DEBUG org.activiti.engine.impl.db.DbSqlSession  - inserting: org.activiti.engine.impl.persistence.entity.MembershipEntity@77cbdc79
10:47:59,267 [main] DEBUG org.apache.ibatis.transaction.jdbc.JdbcTransaction  - Opening JDBC Connection
10:47:59,267 [main] DEBUG org.apache.ibatis.datasource.pooled.PooledDataSource  - Checked out connection 363509958 from pool.
10:47:59,267 [main] DEBUG org.apache.ibatis.transaction.jdbc.JdbcTransaction  - Setting autocommit to false on JDBC Connection [conn2: url=jdbc:h2:mem:activiti user=SA]
10:47:59,267 [main] DEBUG org.activiti.engine.impl.persistence.entity.MembershipRelation.insertMembership  - ==&gt;  Preparing: insert into ACT_ID_MEMBERSHIP (USER_ID_, GROUP_ID_) values ( ?, ? ) 
10:47:59,267 [main] DEBUG org.activiti.engine.impl.persistence.entity.MembershipRelation.insertMembership  - ==&gt; Parameters: userInGroup3(String), group3(String)
10:47:59,267 [main] DEBUG org.activiti.engine.impl.persistence.entity.MembershipRelation.insertMembership  - &lt;==    Updates: 1
10:47:59,267 [main] DEBUG org.activiti.engine.impl.cfg.standalone.StandaloneMybatisTransactionContext  - firing event committing...
10:47:59,267 [main] DEBUG org.activiti.engine.impl.cfg.standalone.StandaloneMybatisTransactionContext  - committing the ibatis sql session...
10:47:59,267 [main] DEBUG org.apache.ibatis.transaction.jdbc.JdbcTransaction  - Committing JDBC Connection [conn2: url=jdbc:h2:mem:activiti user=SA]
10:47:59,267 [main] DEBUG org.activiti.engine.impl.cfg.standalone.StandaloneMybatisTransactionContext  - firing event committed...
10:47:59,267 [main] DEBUG org.apache.ibatis.transaction.jdbc.JdbcTransaction  - Resetting autocommit to true on JDBC Connection [conn2: url=jdbc:h2:mem:activiti user=SA]
10:47:59,267 [main] DEBUG org.apache.ibatis.transaction.jdbc.JdbcTransaction  - Closing JDBC Connection [conn2: url=jdbc:h2:mem:activiti user=SA]
10:47:59,267 [main] DEBUG org.apache.ibatis.datasource.pooled.PooledDataSource  - Returned connection 363509958 to pool.
10:47:59,267 [main] DEBUG org.activiti.engine.impl.interceptor.LogInterceptor  - --- CreateMembershipCmd finished --------------------------------------------------------
10:47:59,267 [main] DEBUG org.activiti.engine.impl.interceptor.LogInterceptor  - 

10:47:59,267 [main] DEBUG org.activiti.engine.impl.interceptor.LogInterceptor  - 

10:47:59,267 [main] DEBUG org.activiti.engine.impl.interceptor.LogInterceptor  - --- starting StartProcessInstanceCmd --------------------------------------------------------
10:47:59,267 [main] DEBUG org.apache.ibatis.transaction.jdbc.JdbcTransaction  - Opening JDBC Connection
10:47:59,267 [main] DEBUG org.apache.ibatis.datasource.pooled.PooledDataSource  - Checked out connection 180014677 from pool.
10:47:59,267 [main] DEBUG org.apache.ibatis.transaction.jdbc.JdbcTransaction  - Setting autocommit to false on JDBC Connection [conn3: url=jdbc:h2:mem:activiti user=SA]
10:47:59,267 [main] DEBUG org.activiti.engine.impl.persistence.entity.ProcessDefinitionEntity.selectLatestProcessDefinitionByKey  - ==&gt;  Preparing: select * from ACT_RE_PROCDEF where KEY_ = ? and (TENANT_ID_ = &apos;&apos; or TENANT_ID_ is null) and VERSION_ = (select max(VERSION_) from ACT_RE_PROCDEF where KEY_ = ? and (TENANT_ID_ = &apos;&apos; or TENANT_ID_ is null)) 
10:47:59,267 [main] DEBUG org.activiti.engine.impl.persistence.entity.ProcessDefinitionEntity.selectLatestProcessDefinitionByKey  - ==&gt; Parameters: potentialStarter(String), potentialStarter(String)
10:47:59,267 [main] DEBUG org.activiti.engine.impl.persistence.entity.ProcessDefinitionEntity.selectLatestProcessDefinitionByKey  - &lt;==      Total: 1
10:47:59,267 [main] DEBUG org.activiti.engine.impl.persistence.entity.ExecutionEntity  - initializing ProcessInstance[1364]
10:47:59,268 [main] DEBUG org.activiti.engine.impl.persistence.entity.IdentityLinkEntity.selectIdentityLinksByProcessInstance  - ==&gt;  Preparing: select * from ACT_RU_IDENTITYLINK where PROC_INST_ID_ = ? 
10:47:59,268 [main] DEBUG org.activiti.engine.impl.persistence.entity.IdentityLinkEntity.selectIdentityLinksByProcessInstance  - ==&gt; Parameters: 1364(String)
10:47:59,268 [main] DEBUG org.activiti.engine.impl.persistence.entity.IdentityLinkEntity.selectIdentityLinksByProcessInstance  - &lt;==      Total: 0
10:47:59,268 [main] DEBUG org.activiti.engine.impl.history.DefaultHistoryManager  - Current history level: FULL, level required: AUDIT
10:47:59,268 [main] DEBUG org.activiti.engine.impl.history.DefaultHistoryManager  - Current history level: FULL, level required: ACTIVITY
10:47:59,268 [main] DEBUG org.activiti.engine.impl.pvm.runtime.AtomicOperationActivityExecute  - ProcessInstance[1364] executes Activity(theStart): org.activiti.engine.impl.bpmn.behavior.NoneStartEventActivityBehavior
10:47:59,268 [main] DEBUG org.activiti.engine.impl.persistence.entity.JobEntity.selectJobsByExecutionId  - ==&gt;  Preparing: select * from ACT_RU_JOB J where J.EXECUTION_ID_ = ? 
10:47:59,268 [main] DEBUG org.activiti.engine.impl.persistence.entity.JobEntity.selectJobsByExecutionId  - ==&gt; Parameters: 1364(String)
10:47:59,268 [main] DEBUG org.activiti.engine.impl.persistence.entity.JobEntity.selectJobsByExecutionId  - &lt;==      Total: 0
10:47:59,268 [main] DEBUG org.activiti.engine.impl.bpmn.behavior.BpmnActivityBehavior  - Leaving activity &apos;theStart&apos;
10:47:59,268 [main] DEBUG org.activiti.engine.impl.history.DefaultHistoryManager  - Current history level: FULL, level required: ACTIVITY
10:47:59,268 [main] DEBUG org.activiti.engine.impl.pvm.runtime.AtomicOperationTransitionNotifyListenerTake  - ProcessInstance[1364] takes transition (theStart)--flow1--&gt;(theEnd)
10:47:59,268 [main] DEBUG org.activiti.engine.impl.history.DefaultHistoryManager  - Current history level: FULL, level required: ACTIVITY
10:47:59,268 [main] DEBUG org.activiti.engine.impl.pvm.runtime.AtomicOperationActivityExecute  - ProcessInstance[1364] executes Activity(theEnd): org.activiti.engine.impl.bpmn.behavior.NoneEndEventActivityBehavior
10:47:59,268 [main] DEBUG org.activiti.engine.impl.history.DefaultHistoryManager  - Current history level: FULL, level required: ACTIVITY
10:47:59,268 [main] DEBUG org.activiti.engine.impl.history.DefaultHistoryManager  - Current history level: FULL, level required: ACTIVITY
10:47:59,268 [main] DEBUG org.activiti.engine.impl.history.DefaultHistoryManager  - Current history level: FULL
10:47:59,268 [main] DEBUG org.activiti.engine.impl.persistence.entity.ExecutionEntity  - destroying ProcessInstance[1364]
10:47:59,268 [main] DEBUG org.activiti.engine.impl.persistence.entity.TaskEntity.selectTasksByExecutionId  - ==&gt;  Preparing: select distinct T.* from ACT_RU_TASK T where T.EXECUTION_ID_ = ? 
10:47:59,268 [main] DEBUG org.activiti.engine.impl.persistence.entity.TaskEntity.selectTasksByExecutionId  - ==&gt; Parameters: 1364(String)
10:47:59,268 [main] DEBUG org.activiti.engine.impl.persistence.entity.TaskEntity.selectTasksByExecutionId  - &lt;==      Total: 0
10:47:59,268 [main] DEBUG org.activiti.engine.impl.db.DbSqlSession  -   insert HistoricProcessInstanceEntity[superProcessInstanceId=null]
10:47:59,268 [main] DEBUG org.activiti.engine.impl.db.DbSqlSession  -   insert org.activiti.engine.impl.persistence.entity.HistoricIdentityLinkEntity@18fccfab
10:47:59,268 [main] DEBUG org.activiti.engine.impl.db.DbSqlSession  -   insert HistoricActivityInstanceEntity[activityId=theStart, activityName=null]
10:47:59,268 [main] DEBUG org.activiti.engine.impl.db.DbSqlSession  -   insert HistoricActivityInstanceEntity[activityId=theEnd, activityName=null]
10:47:59,268 [main] DEBUG org.activiti.engine.impl.db.DbSqlSession  - flush summary: 4 insert, 0 update, 0 delete.
10:47:59,268 [main] DEBUG org.activiti.engine.impl.db.DbSqlSession  - now executing flush...
10:47:59,268 [main] DEBUG org.activiti.engine.impl.db.DbSqlSession  - inserting: HistoricProcessInstanceEntity[superProcessInstanceId=null]
10:47:59,268 [main] DEBUG org.activiti.engine.impl.persistence.entity.HistoricProcessInstanceEntity.insertHistoricProcessInstance  - ==&gt;  Preparing: insert into ACT_HI_PROCINST ( ID_, PROC_INST_ID_, BUSINESS_KEY_, PROC_DEF_ID_, START_TIME_, END_TIME_, DURATION_, START_USER_ID_, START_ACT_ID_, END_ACT_ID_, SUPER_PROCESS_INSTANCE_ID_, DELETE_REASON_, TENANT_ID_, NAME_ ) values ( ?, ?, ?, ?, ?, ?, ?, ?, ?, ?, ?, ?, ?, ? ) 
10:47:59,268 [main] DEBUG org.activiti.engine.impl.persistence.entity.HistoricProcessInstanceEntity.insertHistoricProcessInstance  - ==&gt; Parameters: 1364(String), 1364(String), null, potentialStarter:1:1354(String), 2023-03-20 10:48:50.669(Timestamp), 2023-03-20 10:48:50.669(Timestamp), 0(Long), unauthorizedUser(String), theStart(String), theEnd(String), null, null, (String), null
10:47:59,268 [main] DEBUG org.activiti.engine.impl.persistence.entity.HistoricProcessInstanceEntity.insertHistoricProcessInstance  - &lt;==    Updates: 1
10:47:59,268 [main] DEBUG org.activiti.engine.impl.persistence.entity.HistoricActivityInstanceEntity.bulkInsertHistoricActivityInstance  - ==&gt;  Preparing: insert into ACT_HI_ACTINST ( ID_, PROC_DEF_ID_, PROC_INST_ID_, EXECUTION_ID_, ACT_ID_, TASK_ID_, CALL_PROC_INST_ID_, ACT_NAME_, ACT_TYPE_, ASSIGNEE_, START_TIME_, END_TIME_, DURATION_, TENANT_ID_ ) values (?, ?, ?, ?, ?, ?, ?, ?, ?, ?, ?, ?, ?, ?) , (?, ?, ?, ?, ?, ?, ?, ?, ?, ?, ?, ?, ?, ?) 
10:47:59,269 [main] DEBUG org.activiti.engine.impl.persistence.entity.HistoricActivityInstanceEntity.bulkInsertHistoricActivityInstance  - ==&gt; Parameters: 1366(String), potentialStarter:1:1354(String), 1364(String), 1364(String), theStart(String), null, null, null, startEvent(String), null, 2023-03-20 10:48:50.669(Timestamp), 2023-03-20 10:48:50.669(Timestamp), 0(Long), (String), 1367(String), potentialStarter:1:1354(String), 1364(String), 1364(String), theEnd(String), null, null, null, endEvent(String), null, 2023-03-20 10:48:50.669(Timestamp), 2023-03-20 10:48:50.669(Timestamp), 0(Long), (String)
10:47:59,269 [main] DEBUG org.activiti.engine.impl.persistence.entity.HistoricActivityInstanceEntity.bulkInsertHistoricActivityInstance  - &lt;==    Updates: 2
10:47:59,269 [main] DEBUG org.activiti.engine.impl.db.DbSqlSession  - inserting: org.activiti.engine.impl.persistence.entity.HistoricIdentityLinkEntity@18fccfab
10:47:59,269 [main] DEBUG org.activiti.engine.impl.persistence.entity.HistoricIdentityLinkEntity.insertHistoricIdentityLink  - ==&gt;  Preparing: insert into ACT_HI_IDENTITYLINK (ID_, TYPE_, USER_ID_, GROUP_ID_, TASK_ID_, PROC_INST_ID_) values (?, ?, ?, ?, ?, ?) 
10:47:59,269 [main] DEBUG org.activiti.engine.impl.persistence.entity.HistoricIdentityLinkEntity.insertHistoricIdentityLink  - ==&gt; Parameters: 1365(String), starter(String), unauthorizedUser(String), null, null, 1364(String)
10:47:59,269 [main] DEBUG org.activiti.engine.impl.persistence.entity.HistoricIdentityLinkEntity.insertHistoricIdentityLink  - &lt;==    Updates: 1
10:47:59,269 [main] DEBUG org.activiti.engine.impl.cfg.standalone.StandaloneMybatisTransactionContext  - firing event committing...
10:47:59,269 [main] DEBUG org.activiti.engine.impl.cfg.standalone.StandaloneMybatisTransactionContext  - committing the ibatis sql session...
10:47:59,269 [main] DEBUG org.apache.ibatis.transaction.jdbc.JdbcTransaction  - Committing JDBC Connection [conn3: url=jdbc:h2:mem:activiti user=SA]
10:47:59,269 [main] DEBUG org.activiti.engine.impl.cfg.standalone.StandaloneMybatisTransactionContext  - firing event committed...
10:47:59,269 [main] DEBUG org.apache.ibatis.transaction.jdbc.JdbcTransaction  - Resetting autocommit to true on JDBC Connection [conn3: url=jdbc:h2:mem:activiti user=SA]
10:47:59,269 [main] DEBUG org.apache.ibatis.transaction.jdbc.JdbcTransaction  - Closing JDBC Connection [conn3: url=jdbc:h2:mem:activiti user=SA]
10:47:59,269 [main] DEBUG org.apache.ibatis.datasource.pooled.PooledDataSource  - Returned connection 180014677 to pool.
10:47:59,269 [main] DEBUG org.activiti.engine.impl.interceptor.LogInterceptor  - --- StartProcessInstanceCmd finished --------------------------------------------------------
10:47:59,269 [main] DEBUG org.activiti.engine.impl.interceptor.LogInterceptor  - 

10:47:59,269 [main] DEBUG org.activiti.engine.impl.interceptor.LogInterceptor  - 

10:47:59,269 [main] DEBUG org.activiti.engine.impl.interceptor.LogInterceptor  - --- starting StartProcessInstanceCmd --------------------------------------------------------
10:47:59,269 [main] DEBUG org.apache.ibatis.transaction.jdbc.JdbcTransaction  - Opening JDBC Connection
10:47:59,269 [main] DEBUG org.apache.ibatis.datasource.pooled.PooledDataSource  - Checked out connection 297240765 from pool.
10:47:59,269 [main] DEBUG org.apache.ibatis.transaction.jdbc.JdbcTransaction  - Setting autocommit to false on JDBC Connection [conn4: url=jdbc:h2:mem:activiti user=SA]
10:47:59,269 [main] DEBUG org.activiti.engine.impl.persistence.entity.ProcessDefinitionEntity.selectLatestProcessDefinitionByKey  - ==&gt;  Preparing: select * from ACT_RE_PROCDEF where KEY_ = ? and (TENANT_ID_ = &apos;&apos; or TENANT_ID_ is null) and VERSION_ = (select max(VERSION_) from ACT_RE_PROCDEF where KEY_ = ? and (TENANT_ID_ = &apos;&apos; or TENANT_ID_ is null)) 
10:47:59,269 [main] DEBUG org.activiti.engine.impl.persistence.entity.ProcessDefinitionEntity.selectLatestProcessDefinitionByKey  - ==&gt; Parameters: potentialStarter(String), potentialStarter(String)
10:47:59,269 [main] DEBUG org.activiti.engine.impl.persistence.entity.ProcessDefinitionEntity.selectLatestProcessDefinitionByKey  - &lt;==      Total: 1
10:47:59,269 [main] DEBUG org.activiti.engine.impl.persistence.entity.ExecutionEntity  - initializing ProcessInstance[1368]
10:47:59,269 [main] DEBUG org.activiti.engine.impl.persistence.entity.IdentityLinkEntity.selectIdentityLinksByProcessInstance  - ==&gt;  Preparing: select * from ACT_RU_IDENTITYLINK where PROC_INST_ID_ = ? 
10:47:59,269 [main] DEBUG org.activiti.engine.impl.persistence.entity.IdentityLinkEntity.selectIdentityLinksByProcessInstance  - ==&gt; Parameters: 1368(String)
10:47:59,269 [main] DEBUG org.activiti.engine.impl.persistence.entity.IdentityLinkEntity.selectIdentityLinksByProcessInstance  - &lt;==      Total: 0
10:47:59,269 [main] DEBUG org.activiti.engine.impl.history.DefaultHistoryManager  - Current history level: FULL, level required: AUDIT
10:47:59,269 [main] DEBUG org.activiti.engine.impl.history.DefaultHistoryManager  - Current history level: FULL, level required: ACTIVITY
10:47:59,269 [main] DEBUG org.activiti.engine.impl.pvm.runtime.AtomicOperationActivityExecute  - ProcessInstance[1368] executes Activity(theStart): org.activiti.engine.impl.bpmn.behavior.NoneStartEventActivityBehavior
10:47:59,269 [main] DEBUG org.activiti.engine.impl.persistence.entity.JobEntity.selectJobsByExecutionId  - ==&gt;  Preparing: select * from ACT_RU_JOB J where J.EXECUTION_ID_ = ? 
10:47:59,269 [main] DEBUG org.activiti.engine.impl.persistence.entity.JobEntity.selectJobsByExecutionId  - ==&gt; Parameters: 1368(String)
10:47:59,269 [main] DEBUG org.activiti.engine.impl.persistence.entity.JobEntity.selectJobsByExecutionId  - &lt;==      Total: 0
10:47:59,269 [main] DEBUG org.activiti.engine.impl.bpmn.behavior.BpmnActivityBehavior  - Leaving activity &apos;theStart&apos;
10:47:59,269 [main] DEBUG org.activiti.engine.impl.history.DefaultHistoryManager  - Current history level: FULL, level required: ACTIVITY
10:47:59,269 [main] DEBUG org.activiti.engine.impl.pvm.runtime.AtomicOperationTransitionNotifyListenerTake  - ProcessInstance[1368] takes transition (theStart)--flow1--&gt;(theEnd)
10:47:59,269 [main] DEBUG org.activiti.engine.impl.history.DefaultHistoryManager  - Current history level: FULL, level required: ACTIVITY
10:47:59,269 [main] DEBUG org.activiti.engine.impl.pvm.runtime.AtomicOperationActivityExecute  - ProcessInstance[1368] executes Activity(theEnd): org.activiti.engine.impl.bpmn.behavior.NoneEndEventActivityBehavior
10:47:59,269 [main] DEBUG org.activiti.engine.impl.history.DefaultHistoryManager  - Current history level: FULL, level required: ACTIVITY
10:47:59,270 [main] DEBUG org.activiti.engine.impl.history.DefaultHistoryManager  - Current history level: FULL, level required: ACTIVITY
10:47:59,270 [main] DEBUG org.activiti.engine.impl.history.DefaultHistoryManager  - Current history level: FULL
10:47:59,270 [main] DEBUG org.activiti.engine.impl.persistence.entity.ExecutionEntity  - destroying ProcessInstance[1368]
10:47:59,270 [main] DEBUG org.activiti.engine.impl.persistence.entity.TaskEntity.selectTasksByExecutionId  - ==&gt;  Preparing: select distinct T.* from ACT_RU_TASK T where T.EXECUTION_ID_ = ? 
10:47:59,270 [main] DEBUG org.activiti.engine.impl.persistence.entity.TaskEntity.selectTasksByExecutionId  - ==&gt; Parameters: 1368(String)
10:47:59,270 [main] DEBUG org.activiti.engine.impl.persistence.entity.TaskEntity.selectTasksByExecutionId  - &lt;==      Total: 0
10:47:59,270 [main] DEBUG org.activiti.engine.impl.db.DbSqlSession  -   insert HistoricProcessInstanceEntity[superProcessInstanceId=null]
10:47:59,270 [main] DEBUG org.activiti.engine.impl.db.DbSqlSession  -   insert org.activiti.engine.impl.persistence.entity.HistoricIdentityLinkEntity@681a868
10:47:59,270 [main] DEBUG org.activiti.engine.impl.db.DbSqlSession  -   insert HistoricActivityInstanceEntity[activityId=theStart, activityName=null]
10:47:59,270 [main] DEBUG org.activiti.engine.impl.db.DbSqlSession  -   insert HistoricActivityInstanceEntity[activityId=theEnd, activityName=null]
10:47:59,270 [main] DEBUG org.activiti.engine.impl.db.DbSqlSession  - flush summary: 4 insert, 0 update, 0 delete.
10:47:59,270 [main] DEBUG org.activiti.engine.impl.db.DbSqlSession  - now executing flush...
10:47:59,270 [main] DEBUG org.activiti.engine.impl.db.DbSqlSession  - inserting: HistoricProcessInstanceEntity[superProcessInstanceId=null]
10:47:59,270 [main] DEBUG org.activiti.engine.impl.persistence.entity.HistoricProcessInstanceEntity.insertHistoricProcessInstance  - ==&gt;  Preparing: insert into ACT_HI_PROCINST ( ID_, PROC_INST_ID_, BUSINESS_KEY_, PROC_DEF_ID_, START_TIME_, END_TIME_, DURATION_, START_USER_ID_, START_ACT_ID_, END_ACT_ID_, SUPER_PROCESS_INSTANCE_ID_, DELETE_REASON_, TENANT_ID_, NAME_ ) values ( ?, ?, ?, ?, ?, ?, ?, ?, ?, ?, ?, ?, ?, ? ) 
10:47:59,270 [main] DEBUG org.activiti.engine.impl.persistence.entity.HistoricProcessInstanceEntity.insertHistoricProcessInstance  - ==&gt; Parameters: 1368(String), 1368(String), null, potentialStarter:1:1354(String), 2023-03-20 10:48:50.669(Timestamp), 2023-03-20 10:48:50.669(Timestamp), 0(Long), user1(String), theStart(String), theEnd(String), null, null, (String), null
10:47:59,270 [main] DEBUG org.activiti.engine.impl.persistence.entity.HistoricProcessInstanceEntity.insertHistoricProcessInstance  - &lt;==    Updates: 1
10:47:59,270 [main] DEBUG org.activiti.engine.impl.persistence.entity.HistoricActivityInstanceEntity.bulkInsertHistoricActivityInstance  - ==&gt;  Preparing: insert into ACT_HI_ACTINST ( ID_, PROC_DEF_ID_, PROC_INST_ID_, EXECUTION_ID_, ACT_ID_, TASK_ID_, CALL_PROC_INST_ID_, ACT_NAME_, ACT_TYPE_, ASSIGNEE_, START_TIME_, END_TIME_, DURATION_, TENANT_ID_ ) values (?, ?, ?, ?, ?, ?, ?, ?, ?, ?, ?, ?, ?, ?) , (?, ?, ?, ?, ?, ?, ?, ?, ?, ?, ?, ?, ?, ?) 
10:47:59,270 [main] DEBUG org.activiti.engine.impl.persistence.entity.HistoricActivityInstanceEntity.bulkInsertHistoricActivityInstance  - ==&gt; Parameters: 1370(String), potentialStarter:1:1354(String), 1368(String), 1368(String), theStart(String), null, null, null, startEvent(String), null, 2023-03-20 10:48:50.669(Timestamp), 2023-03-20 10:48:50.669(Timestamp), 0(Long), (String), 1371(String), potentialStarter:1:1354(String), 1368(String), 1368(String), theEnd(String), null, null, null, endEvent(String), null, 2023-03-20 10:48:50.669(Timestamp), 2023-03-20 10:48:50.669(Timestamp), 0(Long), (String)
10:47:59,270 [main] DEBUG org.activiti.engine.impl.persistence.entity.HistoricActivityInstanceEntity.bulkInsertHistoricActivityInstance  - &lt;==    Updates: 2
10:47:59,270 [main] DEBUG org.activiti.engine.impl.db.DbSqlSession  - inserting: org.activiti.engine.impl.persistence.entity.HistoricIdentityLinkEntity@681a868
10:47:59,270 [main] DEBUG org.activiti.engine.impl.persistence.entity.HistoricIdentityLinkEntity.insertHistoricIdentityLink  - ==&gt;  Preparing: insert into ACT_HI_IDENTITYLINK (ID_, TYPE_, USER_ID_, GROUP_ID_, TASK_ID_, PROC_INST_ID_) values (?, ?, ?, ?, ?, ?) 
10:47:59,270 [main] DEBUG org.activiti.engine.impl.persistence.entity.HistoricIdentityLinkEntity.insertHistoricIdentityLink  - ==&gt; Parameters: 1369(String), starter(String), user1(String), null, null, 1368(String)
10:47:59,270 [main] DEBUG org.activiti.engine.impl.persistence.entity.HistoricIdentityLinkEntity.insertHistoricIdentityLink  - &lt;==    Updates: 1
10:47:59,270 [main] DEBUG org.activiti.engine.impl.cfg.standalone.StandaloneMybatisTransactionContext  - firing event committing...
10:47:59,270 [main] DEBUG org.activiti.engine.impl.cfg.standalone.StandaloneMybatisTransactionContext  - committing the ibatis sql session...
10:47:59,270 [main] DEBUG org.apache.ibatis.transaction.jdbc.JdbcTransaction  - Committing JDBC Connection [conn4: url=jdbc:h2:mem:activiti user=SA]
10:47:59,270 [main] DEBUG org.activiti.engine.impl.cfg.standalone.StandaloneMybatisTransactionContext  - firing event committed...
10:47:59,270 [main] DEBUG org.apache.ibatis.transaction.jdbc.JdbcTransaction  - Resetting autocommit to true on JDBC Connection [conn4: url=jdbc:h2:mem:activiti user=SA]
10:47:59,270 [main] DEBUG org.apache.ibatis.transaction.jdbc.JdbcTransaction  - Closing JDBC Connection [conn4: url=jdbc:h2:mem:activiti user=SA]
10:47:59,270 [main] DEBUG org.apache.ibatis.datasource.pooled.PooledDataSource  - Returned connection 297240765 to pool.
10:47:59,270 [main] DEBUG org.activiti.engine.impl.interceptor.LogInterceptor  - --- StartProcessInstanceCmd finished --------------------------------------------------------
10:47:59,270 [main] DEBUG org.activiti.engine.impl.interceptor.LogInterceptor  - 

10:47:59,270 [main] DEBUG org.activiti.engine.impl.interceptor.LogInterceptor  - 

10:47:59,270 [main] DEBUG org.activiti.engine.impl.interceptor.LogInterceptor  - --- starting ProcessInstanceQueryImpl --------------------------------------------------------
10:47:59,271 [main] DEBUG org.apache.ibatis.transaction.jdbc.JdbcTransaction  - Opening JDBC Connection
10:47:59,271 [main] DEBUG org.apache.ibatis.datasource.pooled.PooledDataSource  - Checked out connection 486346394 from pool.
10:47:59,271 [main] DEBUG org.apache.ibatis.transaction.jdbc.JdbcTransaction  - Setting autocommit to false on JDBC Connection [conn6: url=jdbc:h2:mem:activiti user=SA]
10:47:59,271 [main] DEBUG org.activiti.engine.impl.persistence.entity.ExecutionEntity.selectProcessInstanceByQueryCriteria  - ==&gt;  Preparing: select distinct RES.* , P.KEY_ as ProcessDefinitionKey, P.ID_ as ProcessDefinitionId, P.NAME_ as ProcessDefinitionName, P.VERSION_ as ProcessDefinitionVersion, P.DEPLOYMENT_ID_ as DeploymentId from ACT_RU_EXECUTION RES inner join ACT_RE_PROCDEF P on RES.PROC_DEF_ID_ = P.ID_ WHERE RES.PARENT_ID_ is null and RES.ID_ = ? and RES.PROC_INST_ID_ = ? order by order by RES.ID_ asc LIMIT ? OFFSET ? 
10:47:59,271 [main] DEBUG org.activiti.engine.impl.interceptor.CommandContext  - Error while closing command context
org.apache.ibatis.exceptions.PersistenceException: 
### Error querying database.  Cause: org.h2.jdbc.JdbcSQLException: Syntax error in SQL statement &quot;SELECT DISTINCT RES.* , P.KEY_ AS PROCESSDEFINITIONKEY, P.ID_ AS PROCESSDEFINITIONID, P.NAME_ AS PROCESSDEFINITIONNAME, P.VERSION_ AS PROCESSDEFINITIONVERSION, P.DEPLOYMENT_ID_ AS DEPLOYMENTID
       
    FROM ACT_RU_EXECUTION RES
    INNER JOIN ACT_RE_PROCDEF P ON RES.PROC_DEF_ID_ = P.ID_
     
     
     
     
     
     
     WHERE RES.PARENT_ID_ IS NULL
      
      
      
      
      
      
      
        AND RES.ID_ = ?
      
      
        AND RES.PROC_INST_ID_ = ? 
   
   
     ORDER BY  ORDER[*] BY RES.ID_ ASC  
    LIMIT ? OFFSET ? &quot;; expected &quot;=, NOT, EXISTS, INTERSECTS, SELECT, FROM&quot;; SQL statement:
select distinct RES.* , P.KEY_ as ProcessDefinitionKey, P.ID_ as ProcessDefinitionId, P.NAME_ as ProcessDefinitionName, P.VERSION_ as ProcessDefinitionVersion, P.DEPLOYMENT_ID_ as DeploymentId
       
    from ACT_RU_EXECUTION RES
    inner join ACT_RE_PROCDEF P on RES.PROC_DEF_ID_ = P.ID_
     
     
     
     
     
     
     WHERE RES.PARENT_ID_ is null
      
      
      
      
      
      
      
        and RES.ID_ = ?
      
      
        and RES.PROC_INST_ID_ = ? 
   
   
     order by  order by RES.ID_ asc  
    LIMIT ? OFFSET ? [42001-176]
### The error may exist in org/activiti/db/mapping/entity/Execution.xml
### The error may involve org.activiti.engine.impl.persistence.entity.ExecutionEntity.selectProcessInstanceByQueryCriteria
### The error occurred while executing a query
### SQL: select distinct RES.* , P.KEY_ as ProcessDefinitionKey, P.ID_ as ProcessDefinitionId, P.NAME_ as ProcessDefinitionName, P.VERSION_ as ProcessDefinitionVersion, P.DEPLOYMENT_ID_ as DeploymentId             from ACT_RU_EXECUTION RES     inner join ACT_RE_PROCDEF P on RES.PROC_DEF_ID_ = P.ID_                                          WHERE RES.PARENT_ID_ is null                                                          and RES.ID_ = ?                       and RES.PROC_INST_ID_ = ?               order by  order by RES.ID_ asc       LIMIT ? OFFSET ?
### Cause: org.h2.jdbc.JdbcSQLException: Syntax error in SQL statement &quot;SELECT DISTINCT RES.* , P.KEY_ AS PROCESSDEFINITIONKEY, P.ID_ AS PROCESSDEFINITIONID, P.NAME_ AS PROCESSDEFINITIONNAME, P.VERSION_ AS PROCESSDEFINITIONVERSION, P.DEPLOYMENT_ID_ AS DEPLOYMENTID
       
    FROM ACT_RU_EXECUTION RES
    INNER JOIN ACT_RE_PROCDEF P ON RES.PROC_DEF_ID_ = P.ID_
     
     
     
     
     
     
     WHERE RES.PARENT_ID_ IS NULL
      
      
      
      
      
      
      
        AND RES.ID_ = ?
      
      
        AND RES.PROC_INST_ID_ = ? 
   
   
     ORDER BY  ORDER[*] BY RES.ID_ ASC  
    LIMIT ? OFFSET ? &quot;; expected &quot;=, NOT, EXISTS, INTERSECTS, SELECT, FROM&quot;; SQL statement:
select distinct RES.* , P.KEY_ as ProcessDefinitionKey, P.ID_ as ProcessDefinitionId, P.NAME_ as ProcessDefinitionName, P.VERSION_ as ProcessDefinitionVersion, P.DEPLOYMENT_ID_ as DeploymentId
       
    from ACT_RU_EXECUTION RES
    inner join ACT_RE_PROCDEF P on RES.PROC_DEF_ID_ = P.ID_
     
     
     
     
     
     
     WHERE RES.PARENT_ID_ is null
      
      
      
      
      
      
      
        and RES.ID_ = ?
      
      
        and RES.PROC_INST_ID_ = ? 
   
   
     order by  order by RES.ID_ asc  
    LIMIT ? OFFSET ? [42001-176]
	at org.apache.ibatis.exceptions.ExceptionFactory.wrapException(ExceptionFactory.java:30)
	at org.apache.ibatis.session.defaults.DefaultSqlSession.selectList(DefaultSqlSession.java:122)
	at org.apache.ibatis.session.defaults.DefaultSqlSession.selectList(DefaultSqlSession.java:113)
	at org.activiti.engine.impl.db.DbSqlSession.selectListWithRawParameter(DbSqlSession.java:438)
	at org.activiti.engine.impl.db.DbSqlSession.selectList(DbSqlSession.java:429)
	at org.activiti.engine.impl.persistence.entity.ExecutionEntityManager.findProcessInstanceByQueryCriteria(ExecutionEntityManager.java:127)
	at org.activiti.engine.impl.ProcessInstanceQueryImpl.executeList(ProcessInstanceQueryImpl.java:541)
	at org.activiti.engine.impl.AbstractQuery.executeSingleResult(AbstractQuery.java:183)
	at org.activiti.engine.impl.AbstractQuery.execute(AbstractQuery.java:166)
	at org.activiti.engine.impl.interceptor.CommandInvoker.execute(CommandInvoker.java:24)
	at org.activiti.engine.impl.interceptor.CommandContextInterceptor.execute(CommandContextInterceptor.java:57)
	at org.activiti.engine.impl.interceptor.LogInterceptor.execute(LogInterceptor.java:37)
	at org.activiti.engine.impl.cfg.CommandExecutorImpl.execute(CommandExecutorImpl.java:40)
	at org.activiti.engine.impl.cfg.CommandExecutorImpl.execute(CommandExecutorImpl.java:35)
	at org.activiti.engine.impl.AbstractQuery.singleResult(AbstractQuery.java:129)
	at org.activiti.engine.impl.test.AbstractActivitiTestCase.assertProcessEnded(AbstractActivitiTestCase.java:196)
	at org.activiti.examples.bpmn.authorization.StartAuthorizationTest.testPotentialStarter(StartAuthorizationTest.java:219)
	at sun.reflect.NativeMethodAccessorImpl.invoke0(Native Method)
	at sun.reflect.NativeMethodAccessorImpl.invoke(NativeMethodAccessorImpl.java:62)
	at sun.reflect.DelegatingMethodAccessorImpl.invoke(DelegatingMethodAccessorImpl.java:43)
	at java.lang.reflect.Method.invoke(Method.java:498)
	at junit.framework.TestCase.runTest(TestCase.java:176)
	at org.activiti.engine.impl.test.PvmTestCase.runTest(PvmTestCase.java:65)
	at junit.framework.TestCase.runBare(TestCase.java:141)
	at org.activiti.engine.impl.test.AbstractActivitiTestCase.runBare(AbstractActivitiTestCase.java:100)
	at junit.framework.TestResult$1.protect(TestResult.java:122)
	at junit.framework.TestResult.runProtected(TestResult.java:142)
	at junit.framework.TestResult.run(TestResult.java:125)
	at junit.framework.TestCase.run(TestCase.java:129)
	at junit.framework.TestSuite.runTest(TestSuite.java:255)
	at junit.framework.TestSuite.run(TestSuite.java:250)
	at org.junit.internal.runners.JUnit38ClassRunner.run(JUnit38ClassRunner.java:84)
	at org.apache.maven.surefire.junit4.JUnit4TestSet.execute(JUnit4TestSet.java:35)
	at org.apache.maven.surefire.junit4.JUnit4Provider.executeTestSet(JUnit4Provider.java:146)
	at org.apache.maven.surefire.junit4.JUnit4Provider.invoke(JUnit4Provider.java:97)
	at sun.reflect.NativeMethodAccessorImpl.invoke0(Native Method)
	at sun.reflect.NativeMethodAccessorImpl.invoke(NativeMethodAccessorImpl.java:62)
	at sun.reflect.DelegatingMethodAccessorImpl.invoke(DelegatingMethodAccessorImpl.java:43)
	at java.lang.reflect.Method.invoke(Method.java:498)
	at org.apache.maven.surefire.booter.ProviderFactory$ClassLoaderProxy.invoke(ProviderFactory.java:103)
	at com.sun.proxy.$Proxy0.invoke(Unknown Source)
	at org.apache.maven.surefire.booter.SurefireStarter.invokeProvider(SurefireStarter.java:145)
	at org.apache.maven.surefire.booter.SurefireStarter.runSuitesInProcess(SurefireStarter.java:87)
	at org.apache.maven.surefire.booter.ForkedBooter.main(ForkedBooter.java:69)
Caused by: org.h2.jdbc.JdbcSQLException: Syntax error in SQL statement &quot;SELECT DISTINCT RES.* , P.KEY_ AS PROCESSDEFINITIONKEY, P.ID_ AS PROCESSDEFINITIONID, P.NAME_ AS PROCESSDEFINITIONNAME, P.VERSION_ AS PROCESSDEFINITIONVERSION, P.DEPLOYMENT_ID_ AS DEPLOYMENTID
       
    FROM ACT_RU_EXECUTION RES
    INNER JOIN ACT_RE_PROCDEF P ON RES.PROC_DEF_ID_ = P.ID_
     
     
     
     
     
     
     WHERE RES.PARENT_ID_ IS NULL
      
      
      
      
      
      
      
        AND RES.ID_ = ?
      
      
        AND RES.PROC_INST_ID_ = ? 
   
   
     ORDER BY  ORDER[*] BY RES.ID_ ASC  
    LIMIT ? OFFSET ? &quot;; expected &quot;=, NOT, EXISTS, INTERSECTS, SELECT, FROM&quot;; SQL statement:
select distinct RES.* , P.KEY_ as ProcessDefinitionKey, P.ID_ as ProcessDefinitionId, P.NAME_ as ProcessDefinitionName, P.VERSION_ as ProcessDefinitionVersion, P.DEPLOYMENT_ID_ as DeploymentId
       
    from ACT_RU_EXECUTION RES
    inner join ACT_RE_PROCDEF P on RES.PROC_DEF_ID_ = P.ID_
     
     
     
     
     
     
     WHERE RES.PARENT_ID_ is null
      
      
      
      
      
      
      
        and RES.ID_ = ?
      
      
        and RES.PROC_INST_ID_ = ? 
   
   
     order by  order by RES.ID_ asc  
    LIMIT ? OFFSET ? [42001-176]
	at org.h2.message.DbException.getJdbcSQLException(DbException.java:344)
	at org.h2.message.DbException.getSyntaxError(DbException.java:204)
	at org.h2.command.Parser.getSyntaxError(Parser.java:524)
	at org.h2.command.Parser.readTerm(Parser.java:2688)
	at org.h2.command.Parser.readFactor(Parser.java:2244)
	at org.h2.command.Parser.readSum(Parser.java:2231)
	at org.h2.command.Parser.readConcat(Parser.java:2201)
	at org.h2.command.Parser.readCondition(Parser.java:2051)
	at org.h2.command.Parser.readAnd(Parser.java:2023)
	at org.h2.command.Parser.readExpression(Parser.java:2015)
	at org.h2.command.Parser.parseEndOfQuery(Parser.java:1726)
	at org.h2.command.Parser.parseSelectUnionExtension(Parser.java:1706)
	at org.h2.command.Parser.parseSelectUnion(Parser.java:1675)
	at org.h2.command.Parser.parseSelect(Parser.java:1662)
	at org.h2.command.Parser.parsePrepared(Parser.java:434)
	at org.h2.command.Parser.parse(Parser.java:306)
	at org.h2.command.Parser.parse(Parser.java:282)
	at org.h2.command.Parser.prepareCommand(Parser.java:243)
	at org.h2.engine.Session.prepareLocal(Session.java:442)
	at org.h2.engine.Session.prepareCommand(Session.java:384)
	at org.h2.jdbc.JdbcConnection.prepareCommand(JdbcConnection.java:1188)
	at org.h2.jdbc.JdbcPreparedStatement.&lt;init&gt;(JdbcPreparedStatement.java:73)
	at org.h2.jdbc.JdbcConnection.prepareStatement(JdbcConnection.java:276)
	at sun.reflect.GeneratedMethodAccessor6.invoke(Unknown Source)
	at sun.reflect.DelegatingMethodAccessorImpl.invoke(DelegatingMethodAccessorImpl.java:43)
	at java.lang.reflect.Method.invoke(Method.java:498)
	at org.apache.ibatis.datasource.pooled.PooledConnection.invoke(PooledConnection.java:245)
	at com.sun.proxy.$Proxy12.prepareStatement(Unknown Source)
	at sun.reflect.GeneratedMethodAccessor6.invoke(Unknown Source)
	at sun.reflect.DelegatingMethodAccessorImpl.invoke(DelegatingMethodAccessorImpl.java:43)
	at java.lang.reflect.Method.invoke(Method.java:498)
	at org.apache.ibatis.logging.jdbc.ConnectionLogger.invoke(ConnectionLogger.java:55)
	at com.sun.proxy.$Proxy12.prepareStatement(Unknown Source)
	at org.apache.ibatis.executor.statement.PreparedStatementHandler.instantiateStatement(PreparedStatementHandler.java:79)
	at org.apache.ibatis.executor.statement.BaseStatementHandler.prepare(BaseStatementHandler.java:88)
	at org.apache.ibatis.executor.statement.RoutingStatementHandler.prepare(RoutingStatementHandler.java:58)
	at org.apache.ibatis.executor.SimpleExecutor.prepareStatement(SimpleExecutor.java:76)
	at org.apache.ibatis.executor.SimpleExecutor.doQuery(SimpleExecutor.java:61)
	at org.apache.ibatis.executor.BaseExecutor.queryFromDatabase(BaseExecutor.java:303)
	at org.apache.ibatis.executor.BaseExecutor.query(BaseExecutor.java:154)
	at org.apache.ibatis.executor.CachingExecutor.query(CachingExecutor.java:102)
	at org.apache.ibatis.executor.CachingExecutor.query(CachingExecutor.java:82)
	at org.apache.ibatis.session.defaults.DefaultSqlSession.selectList(DefaultSqlSession.java:120)
	... 42 more
10:47:59,271 [main] DEBUG org.activiti.engine.impl.cfg.standalone.StandaloneMybatisTransactionContext  - firing event rolling back...
10:47:59,271 [main] DEBUG org.activiti.engine.impl.cfg.standalone.StandaloneMybatisTransactionContext  - rolling back ibatis sql session...
10:47:59,271 [main] DEBUG org.activiti.engine.impl.cfg.standalone.StandaloneMybatisTransactionContext  - firing event rolled back...
10:47:59,271 [main] DEBUG org.apache.ibatis.transaction.jdbc.JdbcTransaction  - Resetting autocommit to true on JDBC Connection [conn6: url=jdbc:h2:mem:activiti user=SA]
10:47:59,271 [main] DEBUG org.apache.ibatis.transaction.jdbc.JdbcTransaction  - Closing JDBC Connection [conn6: url=jdbc:h2:mem:activiti user=SA]
10:47:59,271 [main] DEBUG org.apache.ibatis.datasource.pooled.PooledDataSource  - Returned connection 486346394 to pool.
10:47:59,271 [main] DEBUG org.activiti.engine.impl.interceptor.LogInterceptor  - --- ProcessInstanceQueryImpl finished --------------------------------------------------------
10:47:59,271 [main] DEBUG org.activiti.engine.impl.interceptor.LogInterceptor  - 

10:47:59,271 [main] DEBUG org.activiti.engine.impl.interceptor.LogInterceptor  - 

10:47:59,271 [main] DEBUG org.activiti.engine.impl.interceptor.LogInterceptor  - --- starting DeleteMembershipCmd --------------------------------------------------------
10:47:59,271 [main] DEBUG org.activiti.engine.impl.db.DbSqlSession  -   bulk delete: deleteMembership({groupId=group1, userId=userInGroup1})
10:47:59,271 [main] DEBUG org.activiti.engine.impl.db.DbSqlSession  - flush summary: 0 insert, 0 update, 1 delete.
10:47:59,271 [main] DEBUG org.activiti.engine.impl.db.DbSqlSession  - now executing flush...
10:47:59,271 [main] DEBUG org.activiti.engine.impl.db.DbSqlSession  - executing: bulk delete: deleteMembership({groupId=group1, userId=userInGroup1})
10:47:59,271 [main] DEBUG org.apache.ibatis.transaction.jdbc.JdbcTransaction  - Opening JDBC Connection
10:47:59,271 [main] DEBUG org.apache.ibatis.datasource.pooled.PooledDataSource  - Checked out connection 363509958 from pool.
10:47:59,271 [main] DEBUG org.apache.ibatis.transaction.jdbc.JdbcTransaction  - Setting autocommit to false on JDBC Connection [conn2: url=jdbc:h2:mem:activiti user=SA]
10:47:59,271 [main] DEBUG org.activiti.engine.impl.persistence.entity.MembershipRelation.deleteMembership  - ==&gt;  Preparing: delete from ACT_ID_MEMBERSHIP where USER_ID_ = ? and GROUP_ID_ = ? 
10:47:59,271 [main] DEBUG org.activiti.engine.impl.persistence.entity.MembershipRelation.deleteMembership  - ==&gt; Parameters: userInGroup1(String), group1(String)
10:47:59,271 [main] DEBUG org.activiti.engine.impl.persistence.entity.MembershipRelation.deleteMembership  - &lt;==    Updates: 1
10:47:59,271 [main] DEBUG org.activiti.engine.impl.cfg.standalone.StandaloneMybatisTransactionContext  - firing event committing...
10:47:59,271 [main] DEBUG org.activiti.engine.impl.cfg.standalone.StandaloneMybatisTransactionContext  - committing the ibatis sql session...
10:47:59,271 [main] DEBUG org.apache.ibatis.transaction.jdbc.JdbcTransaction  - Committing JDBC Connection [conn2: url=jdbc:h2:mem:activiti user=SA]
10:47:59,271 [main] DEBUG org.activiti.engine.impl.cfg.standalone.StandaloneMybatisTransactionContext  - firing event committed...
10:47:59,271 [main] DEBUG org.apache.ibatis.transaction.jdbc.JdbcTransaction  - Resetting autocommit to true on JDBC Connection [conn2: url=jdbc:h2:mem:activiti user=SA]
10:47:59,271 [main] DEBUG org.apache.ibatis.transaction.jdbc.JdbcTransaction  - Closing JDBC Connection [conn2: url=jdbc:h2:mem:activiti user=SA]
10:47:59,271 [main] DEBUG org.apache.ibatis.datasource.pooled.PooledDataSource  - Returned connection 363509958 to pool.
10:47:59,271 [main] DEBUG org.activiti.engine.impl.interceptor.LogInterceptor  - --- DeleteMembershipCmd finished --------------------------------------------------------
10:47:59,272 [main] DEBUG org.activiti.engine.impl.interceptor.LogInterceptor  - 

10:47:59,272 [main] DEBUG org.activiti.engine.impl.interceptor.LogInterceptor  - 

10:47:59,272 [main] DEBUG org.activiti.engine.impl.interceptor.LogInterceptor  - --- starting DeleteMembershipCmd --------------------------------------------------------
10:47:59,272 [main] DEBUG org.activiti.engine.impl.db.DbSqlSession  -   bulk delete: deleteMembership({groupId=group2, userId=userInGroup2})
10:47:59,272 [main] DEBUG org.activiti.engine.impl.db.DbSqlSession  - flush summary: 0 insert, 0 update, 1 delete.
10:47:59,272 [main] DEBUG org.activiti.engine.impl.db.DbSqlSession  - now executing flush...
10:47:59,272 [main] DEBUG org.activiti.engine.impl.db.DbSqlSession  - executing: bulk delete: deleteMembership({groupId=group2, userId=userInGroup2})
10:47:59,272 [main] DEBUG org.apache.ibatis.transaction.jdbc.JdbcTransaction  - Opening JDBC Connection
10:47:59,272 [main] DEBUG org.apache.ibatis.datasource.pooled.PooledDataSource  - Checked out connection 180014677 from pool.
10:47:59,272 [main] DEBUG org.apache.ibatis.transaction.jdbc.JdbcTransaction  - Setting autocommit to false on JDBC Connection [conn3: url=jdbc:h2:mem:activiti user=SA]
10:47:59,272 [main] DEBUG org.activiti.engine.impl.persistence.entity.MembershipRelation.deleteMembership  - ==&gt;  Preparing: delete from ACT_ID_MEMBERSHIP where USER_ID_ = ? and GROUP_ID_ = ? 
10:47:59,272 [main] DEBUG org.activiti.engine.impl.persistence.entity.MembershipRelation.deleteMembership  - ==&gt; Parameters: userInGroup2(String), group2(String)
10:47:59,272 [main] DEBUG org.activiti.engine.impl.persistence.entity.MembershipRelation.deleteMembership  - &lt;==    Updates: 1
10:47:59,272 [main] DEBUG org.activiti.engine.impl.cfg.standalone.StandaloneMybatisTransactionContext  - firing event committing...
10:47:59,272 [main] DEBUG org.activiti.engine.impl.cfg.standalone.StandaloneMybatisTransactionContext  - committing the ibatis sql session...
10:47:59,272 [main] DEBUG org.apache.ibatis.transaction.jdbc.JdbcTransaction  - Committing JDBC Connection [conn3: url=jdbc:h2:mem:activiti user=SA]
10:47:59,272 [main] DEBUG org.activiti.engine.impl.cfg.standalone.StandaloneMybatisTransactionContext  - firing event committed...
10:47:59,272 [main] DEBUG org.apache.ibatis.transaction.jdbc.JdbcTransaction  - Resetting autocommit to true on JDBC Connection [conn3: url=jdbc:h2:mem:activiti user=SA]
10:47:59,272 [main] DEBUG org.apache.ibatis.transaction.jdbc.JdbcTransaction  - Closing JDBC Connection [conn3: url=jdbc:h2:mem:activiti user=SA]
10:47:59,272 [main] DEBUG org.apache.ibatis.datasource.pooled.PooledDataSource  - Returned connection 180014677 to pool.
10:47:59,272 [main] DEBUG org.activiti.engine.impl.interceptor.LogInterceptor  - --- DeleteMembershipCmd finished --------------------------------------------------------
10:47:59,272 [main] DEBUG org.activiti.engine.impl.interceptor.LogInterceptor  - 

10:47:59,272 [main] DEBUG org.activiti.engine.impl.interceptor.LogInterceptor  - 

10:47:59,272 [main] DEBUG org.activiti.engine.impl.interceptor.LogInterceptor  - --- starting DeleteMembershipCmd --------------------------------------------------------
10:47:59,272 [main] DEBUG org.activiti.engine.impl.db.DbSqlSession  -   bulk delete: deleteMembership({groupId=group3, userId=userInGroup3})
10:47:59,272 [main] DEBUG org.activiti.engine.impl.db.DbSqlSession  - flush summary: 0 insert, 0 update, 1 delete.
10:47:59,272 [main] DEBUG org.activiti.engine.impl.db.DbSqlSession  - now executing flush...
10:47:59,272 [main] DEBUG org.activiti.engine.impl.db.DbSqlSession  - executing: bulk delete: deleteMembership({groupId=group3, userId=userInGroup3})
10:47:59,272 [main] DEBUG org.apache.ibatis.transaction.jdbc.JdbcTransaction  - Opening JDBC Connection
10:47:59,272 [main] DEBUG org.apache.ibatis.datasource.pooled.PooledDataSource  - Checked out connection 297240765 from pool.
10:47:59,272 [main] DEBUG org.apache.ibatis.transaction.jdbc.JdbcTransaction  - Setting autocommit to false on JDBC Connection [conn4: url=jdbc:h2:mem:activiti user=SA]
10:47:59,272 [main] DEBUG org.activiti.engine.impl.persistence.entity.MembershipRelation.deleteMembership  - ==&gt;  Preparing: delete from ACT_ID_MEMBERSHIP where USER_ID_ = ? and GROUP_ID_ = ? 
10:47:59,272 [main] DEBUG org.activiti.engine.impl.persistence.entity.MembershipRelation.deleteMembership  - ==&gt; Parameters: userInGroup3(String), group3(String)
10:47:59,272 [main] DEBUG org.activiti.engine.impl.persistence.entity.MembershipRelation.deleteMembership  - &lt;==    Updates: 1
10:47:59,272 [main] DEBUG org.activiti.engine.impl.cfg.standalone.StandaloneMybatisTransactionContext  - firing event committing...
10:47:59,272 [main] DEBUG org.activiti.engine.impl.cfg.standalone.StandaloneMybatisTransactionContext  - committing the ibatis sql session...
10:47:59,272 [main] DEBUG org.apache.ibatis.transaction.jdbc.JdbcTransaction  - Committing JDBC Connection [conn4: url=jdbc:h2:mem:activiti user=SA]
10:47:59,272 [main] DEBUG org.activiti.engine.impl.cfg.standalone.StandaloneMybatisTransactionContext  - firing event committed...
10:47:59,272 [main] DEBUG org.apache.ibatis.transaction.jdbc.JdbcTransaction  - Resetting autocommit to true on JDBC Connection [conn4: url=jdbc:h2:mem:activiti user=SA]
10:47:59,272 [main] DEBUG org.apache.ibatis.transaction.jdbc.JdbcTransaction  - Closing JDBC Connection [conn4: url=jdbc:h2:mem:activiti user=SA]
10:47:59,272 [main] DEBUG org.apache.ibatis.datasource.pooled.PooledDataSource  - Returned connection 297240765 to pool.
10:47:59,272 [main] DEBUG org.activiti.engine.impl.interceptor.LogInterceptor  - --- DeleteMembershipCmd finished --------------------------------------------------------
10:47:59,272 [main] DEBUG org.activiti.engine.impl.interceptor.LogInterceptor  - 

10:47:59,272 [main] DEBUG org.activiti.engine.impl.interceptor.LogInterceptor  - 

10:47:59,272 [main] DEBUG org.activiti.engine.impl.interceptor.LogInterceptor  - --- starting DeleteGroupCmd --------------------------------------------------------
10:47:59,272 [main] DEBUG org.apache.ibatis.transaction.jdbc.JdbcTransaction  - Opening JDBC Connection
10:47:59,272 [main] DEBUG org.apache.ibatis.datasource.pooled.PooledDataSource  - Checked out connection 486346394 from pool.
10:47:59,272 [main] DEBUG org.apache.ibatis.transaction.jdbc.JdbcTransaction  - Setting autocommit to false on JDBC Connection [conn6: url=jdbc:h2:mem:activiti user=SA]
10:47:59,272 [main] DEBUG org.activiti.engine.impl.persistence.entity.GroupEntity.selectGroup  - ==&gt;  Preparing: select * from ACT_ID_GROUP where ID_ = ? 
10:47:59,272 [main] DEBUG org.activiti.engine.impl.persistence.entity.GroupEntity.selectGroup  - ==&gt; Parameters: group1(String)
10:47:59,272 [main] DEBUG org.activiti.engine.impl.persistence.entity.GroupEntity.selectGroup  - &lt;==      Total: 1
10:47:59,272 [main] DEBUG org.activiti.engine.impl.db.DbSqlSession  -   bulk delete: deleteMembershipsByGroupId(group1)
10:47:59,272 [main] DEBUG org.activiti.engine.impl.db.DbSqlSession  -   delete org.activiti.engine.impl.persistence.entity.GroupEntity@37d2ca1f
10:47:59,272 [main] DEBUG org.activiti.engine.impl.db.DbSqlSession  - flush summary: 0 insert, 0 update, 2 delete.
10:47:59,272 [main] DEBUG org.activiti.engine.impl.db.DbSqlSession  - now executing flush...
10:47:59,272 [main] DEBUG org.activiti.engine.impl.db.DbSqlSession  - executing: bulk delete: deleteMembershipsByGroupId(group1)
10:47:59,272 [main] DEBUG org.activiti.engine.impl.persistence.entity.MembershipRelation.deleteMembershipsByGroupId  - ==&gt;  Preparing: delete from ACT_ID_MEMBERSHIP where GROUP_ID_ = ? 
10:47:59,273 [main] DEBUG org.activiti.engine.impl.persistence.entity.MembershipRelation.deleteMembershipsByGroupId  - ==&gt; Parameters: group1(String)
10:47:59,273 [main] DEBUG org.activiti.engine.impl.persistence.entity.MembershipRelation.deleteMembershipsByGroupId  - &lt;==    Updates: 0
10:47:59,273 [main] DEBUG org.activiti.engine.impl.db.DbSqlSession  - executing: delete org.activiti.engine.impl.persistence.entity.GroupEntity@37d2ca1f
10:47:59,273 [main] DEBUG org.activiti.engine.impl.persistence.entity.GroupEntity.deleteGroup  - ==&gt;  Preparing: delete from ACT_ID_GROUP where ID_ = ? and REV_ = ? 
10:47:59,273 [main] DEBUG org.activiti.engine.impl.persistence.entity.GroupEntity.deleteGroup  - ==&gt; Parameters: group1(String), 1(Integer)
10:47:59,273 [main] DEBUG org.activiti.engine.impl.persistence.entity.GroupEntity.deleteGroup  - &lt;==    Updates: 1
10:47:59,273 [main] DEBUG org.activiti.engine.impl.cfg.standalone.StandaloneMybatisTransactionContext  - firing event committing...
10:47:59,273 [main] DEBUG org.activiti.engine.impl.cfg.standalone.StandaloneMybatisTransactionContext  - committing the ibatis sql session...
10:47:59,273 [main] DEBUG org.apache.ibatis.transaction.jdbc.JdbcTransaction  - Committing JDBC Connection [conn6: url=jdbc:h2:mem:activiti user=SA]
10:47:59,273 [main] DEBUG org.activiti.engine.impl.cfg.standalone.StandaloneMybatisTransactionContext  - firing event committed...
10:47:59,273 [main] DEBUG org.apache.ibatis.transaction.jdbc.JdbcTransaction  - Resetting autocommit to true on JDBC Connection [conn6: url=jdbc:h2:mem:activiti user=SA]
10:47:59,273 [main] DEBUG org.apache.ibatis.transaction.jdbc.JdbcTransaction  - Closing JDBC Connection [conn6: url=jdbc:h2:mem:activiti user=SA]
10:47:59,273 [main] DEBUG org.apache.ibatis.datasource.pooled.PooledDataSource  - Returned connection 486346394 to pool.
10:47:59,273 [main] DEBUG org.activiti.engine.impl.interceptor.LogInterceptor  - --- DeleteGroupCmd finished --------------------------------------------------------
10:47:59,273 [main] DEBUG org.activiti.engine.impl.interceptor.LogInterceptor  - 

10:47:59,273 [main] DEBUG org.activiti.engine.impl.interceptor.LogInterceptor  - 

10:47:59,273 [main] DEBUG org.activiti.engine.impl.interceptor.LogInterceptor  - --- starting DeleteGroupCmd --------------------------------------------------------
10:47:59,273 [main] DEBUG org.apache.ibatis.transaction.jdbc.JdbcTransaction  - Opening JDBC Connection
10:47:59,273 [main] DEBUG org.apache.ibatis.datasource.pooled.PooledDataSource  - Checked out connection 363509958 from pool.
10:47:59,273 [main] DEBUG org.apache.ibatis.transaction.jdbc.JdbcTransaction  - Setting autocommit to false on JDBC Connection [conn2: url=jdbc:h2:mem:activiti user=SA]
10:47:59,273 [main] DEBUG org.activiti.engine.impl.persistence.entity.GroupEntity.selectGroup  - ==&gt;  Preparing: select * from ACT_ID_GROUP where ID_ = ? 
10:47:59,273 [main] DEBUG org.activiti.engine.impl.persistence.entity.GroupEntity.selectGroup  - ==&gt; Parameters: group2(String)
10:47:59,273 [main] DEBUG org.activiti.engine.impl.persistence.entity.GroupEntity.selectGroup  - &lt;==      Total: 1
10:47:59,273 [main] DEBUG org.activiti.engine.impl.db.DbSqlSession  -   bulk delete: deleteMembershipsByGroupId(group2)
10:47:59,273 [main] DEBUG org.activiti.engine.impl.db.DbSqlSession  -   delete org.activiti.engine.impl.persistence.entity.GroupEntity@3c9bf665
10:47:59,273 [main] DEBUG org.activiti.engine.impl.db.DbSqlSession  - flush summary: 0 insert, 0 update, 2 delete.
10:47:59,273 [main] DEBUG org.activiti.engine.impl.db.DbSqlSession  - now executing flush...
10:47:59,273 [main] DEBUG org.activiti.engine.impl.db.DbSqlSession  - executing: bulk delete: deleteMembershipsByGroupId(group2)
10:47:59,273 [main] DEBUG org.activiti.engine.impl.persistence.entity.MembershipRelation.deleteMembershipsByGroupId  - ==&gt;  Preparing: delete from ACT_ID_MEMBERSHIP where GROUP_ID_ = ? 
10:47:59,273 [main] DEBUG org.activiti.engine.impl.persistence.entity.MembershipRelation.deleteMembershipsByGroupId  - ==&gt; Parameters: group2(String)
10:47:59,273 [main] DEBUG org.activiti.engine.impl.persistence.entity.MembershipRelation.deleteMembershipsByGroupId  - &lt;==    Updates: 0
10:47:59,273 [main] DEBUG org.activiti.engine.impl.db.DbSqlSession  - executing: delete org.activiti.engine.impl.persistence.entity.GroupEntity@3c9bf665
10:47:59,273 [main] DEBUG org.activiti.engine.impl.persistence.entity.GroupEntity.deleteGroup  - ==&gt;  Preparing: delete from ACT_ID_GROUP where ID_ = ? and REV_ = ? 
10:47:59,273 [main] DEBUG org.activiti.engine.impl.persistence.entity.GroupEntity.deleteGroup  - ==&gt; Parameters: group2(String), 1(Integer)
10:47:59,273 [main] DEBUG org.activiti.engine.impl.persistence.entity.GroupEntity.deleteGroup  - &lt;==    Updates: 1
10:47:59,273 [main] DEBUG org.activiti.engine.impl.cfg.standalone.StandaloneMybatisTransactionContext  - firing event committing...
10:47:59,273 [main] DEBUG org.activiti.engine.impl.cfg.standalone.StandaloneMybatisTransactionContext  - committing the ibatis sql session...
10:47:59,273 [main] DEBUG org.apache.ibatis.transaction.jdbc.JdbcTransaction  - Committing JDBC Connection [conn2: url=jdbc:h2:mem:activiti user=SA]
10:47:59,273 [main] DEBUG org.activiti.engine.impl.cfg.standalone.StandaloneMybatisTransactionContext  - firing event committed...
10:47:59,273 [main] DEBUG org.apache.ibatis.transaction.jdbc.JdbcTransaction  - Resetting autocommit to true on JDBC Connection [conn2: url=jdbc:h2:mem:activiti user=SA]
10:47:59,273 [main] DEBUG org.apache.ibatis.transaction.jdbc.JdbcTransaction  - Closing JDBC Connection [conn2: url=jdbc:h2:mem:activiti user=SA]
10:47:59,273 [main] DEBUG org.apache.ibatis.datasource.pooled.PooledDataSource  - Returned connection 363509958 to pool.
10:47:59,273 [main] DEBUG org.activiti.engine.impl.interceptor.LogInterceptor  - --- DeleteGroupCmd finished --------------------------------------------------------
10:47:59,273 [main] DEBUG org.activiti.engine.impl.interceptor.LogInterceptor  - 

10:47:59,273 [main] DEBUG org.activiti.engine.impl.interceptor.LogInterceptor  - 

10:47:59,273 [main] DEBUG org.activiti.engine.impl.interceptor.LogInterceptor  - --- starting DeleteGroupCmd --------------------------------------------------------
10:47:59,273 [main] DEBUG org.apache.ibatis.transaction.jdbc.JdbcTransaction  - Opening JDBC Connection
10:47:59,273 [main] DEBUG org.apache.ibatis.datasource.pooled.PooledDataSource  - Checked out connection 180014677 from pool.
10:47:59,273 [main] DEBUG org.apache.ibatis.transaction.jdbc.JdbcTransaction  - Setting autocommit to false on JDBC Connection [conn3: url=jdbc:h2:mem:activiti user=SA]
10:47:59,273 [main] DEBUG org.activiti.engine.impl.persistence.entity.GroupEntity.selectGroup  - ==&gt;  Preparing: select * from ACT_ID_GROUP where ID_ = ? 
10:47:59,273 [main] DEBUG org.activiti.engine.impl.persistence.entity.GroupEntity.selectGroup  - ==&gt; Parameters: group3(String)
10:47:59,273 [main] DEBUG org.activiti.engine.impl.persistence.entity.GroupEntity.selectGroup  - &lt;==      Total: 1
10:47:59,273 [main] DEBUG org.activiti.engine.impl.db.DbSqlSession  -   bulk delete: deleteMembershipsByGroupId(group3)
10:47:59,273 [main] DEBUG org.activiti.engine.impl.db.DbSqlSession  -   delete org.activiti.engine.impl.persistence.entity.GroupEntity@319c75fc
10:47:59,273 [main] DEBUG org.activiti.engine.impl.db.DbSqlSession  - flush summary: 0 insert, 0 update, 2 delete.
10:47:59,273 [main] DEBUG org.activiti.engine.impl.db.DbSqlSession  - now executing flush...
10:47:59,274 [main] DEBUG org.activiti.engine.impl.db.DbSqlSession  - executing: bulk delete: deleteMembershipsByGroupId(group3)
10:47:59,274 [main] DEBUG org.activiti.engine.impl.persistence.entity.MembershipRelation.deleteMembershipsByGroupId  - ==&gt;  Preparing: delete from ACT_ID_MEMBERSHIP where GROUP_ID_ = ? 
10:47:59,274 [main] DEBUG org.activiti.engine.impl.persistence.entity.MembershipRelation.deleteMembershipsByGroupId  - ==&gt; Parameters: group3(String)
10:47:59,274 [main] DEBUG org.activiti.engine.impl.persistence.entity.MembershipRelation.deleteMembershipsByGroupId  - &lt;==    Updates: 0
10:47:59,274 [main] DEBUG org.activiti.engine.impl.db.DbSqlSession  - executing: delete org.activiti.engine.impl.persistence.entity.GroupEntity@319c75fc
10:47:59,274 [main] DEBUG org.activiti.engine.impl.persistence.entity.GroupEntity.deleteGroup  - ==&gt;  Preparing: delete from ACT_ID_GROUP where ID_ = ? and REV_ = ? 
10:47:59,274 [main] DEBUG org.activiti.engine.impl.persistence.entity.GroupEntity.deleteGroup  - ==&gt; Parameters: group3(String), 1(Integer)
10:47:59,274 [main] DEBUG org.activiti.engine.impl.persistence.entity.GroupEntity.deleteGroup  - &lt;==    Updates: 1
10:47:59,274 [main] DEBUG org.activiti.engine.impl.cfg.standalone.StandaloneMybatisTransactionContext  - firing event committing...
10:47:59,274 [main] DEBUG org.activiti.engine.impl.cfg.standalone.StandaloneMybatisTransactionContext  - committing the ibatis sql session...
10:47:59,274 [main] DEBUG org.apache.ibatis.transaction.jdbc.JdbcTransaction  - Committing JDBC Connection [conn3: url=jdbc:h2:mem:activiti user=SA]
10:47:59,274 [Thread-112] DEBUG org.activiti.engine.impl.asyncexecutor.AcquireAsyncJobsDueRunnable  - async job acquisition thread woke up
10:47:59,274 [Thread-112] DEBUG org.activiti.engine.impl.interceptor.LogInterceptor  - 

10:47:59,274 [Thread-112] DEBUG org.activiti.engine.impl.interceptor.LogInterceptor  - --- starting AcquireAsyncJobsDueCmd --------------------------------------------------------
10:47:59,274 [main] DEBUG org.activiti.engine.impl.cfg.standalone.StandaloneMybatisTransactionContext  - firing event committed...
10:47:59,274 [main] DEBUG org.apache.ibatis.transaction.jdbc.JdbcTransaction  - Resetting autocommit to true on JDBC Connection [conn3: url=jdbc:h2:mem:activiti user=SA]
10:47:59,274 [main] DEBUG org.apache.ibatis.transaction.jdbc.JdbcTransaction  - Closing JDBC Connection [conn3: url=jdbc:h2:mem:activiti user=SA]
10:47:59,274 [main] DEBUG org.apache.ibatis.datasource.pooled.PooledDataSource  - Returned connection 180014677 to pool.
10:47:59,274 [main] DEBUG org.activiti.engine.impl.interceptor.LogInterceptor  - --- DeleteGroupCmd finished --------------------------------------------------------
10:47:59,274 [main] DEBUG org.activiti.engine.impl.interceptor.LogInterceptor  - 

10:47:59,274 [main] DEBUG org.activiti.engine.impl.interceptor.LogInterceptor  - 

10:47:59,274 [main] DEBUG org.activiti.engine.impl.interceptor.LogInterceptor  - --- starting DeleteUserCmd --------------------------------------------------------
10:47:59,274 [main] DEBUG org.apache.ibatis.transaction.jdbc.JdbcTransaction  - Opening JDBC Connection
10:47:59,274 [main] DEBUG org.apache.ibatis.datasource.pooled.PooledDataSource  - Checked out connection 297240765 from pool.
10:47:59,274 [main] DEBUG org.apache.ibatis.transaction.jdbc.JdbcTransaction  - Setting autocommit to false on JDBC Connection [conn4: url=jdbc:h2:mem:activiti user=SA]
10:47:59,274 [main] DEBUG org.activiti.engine.impl.persistence.entity.UserEntity.selectUserById  - ==&gt;  Preparing: select * from ACT_ID_USER where ID_ = ? 
10:47:59,274 [Thread-112] DEBUG org.apache.ibatis.transaction.jdbc.JdbcTransaction  - Opening JDBC Connection
10:47:59,274 [Thread-112] DEBUG org.apache.ibatis.datasource.pooled.PooledDataSource  - Checked out connection 604408605 from pool.
10:47:59,274 [Thread-112] DEBUG org.apache.ibatis.transaction.jdbc.JdbcTransaction  - Setting autocommit to false on JDBC Connection [conn70: url=jdbc:h2:mem:activiti-AsyncExecutorTest user=SA]
10:47:59,274 [main] DEBUG org.activiti.engine.impl.persistence.entity.UserEntity.selectUserById  - ==&gt; Parameters: userInGroup1(String)
10:47:59,275 [Thread-112] DEBUG org.activiti.engine.impl.persistence.entity.JobEntity.selectAsyncJobsDueToExecute  - ==&gt;  Preparing: select RES.* from ACT_RU_JOB RES LEFT OUTER JOIN ACT_RU_EXECUTION PI ON PI.ID_ = RES.PROCESS_INSTANCE_ID_ where RES.RETRIES_ &gt; 0 and RES.DUEDATE_ is not null and RES.DUEDATE_ &lt;= ? and (RES.LOCK_EXP_TIME_ is null or RES.LOCK_EXP_TIME_ &lt;= ?) and TYPE_ = &apos;message&apos; and ( (RES.EXECUTION_ID_ is null) or (PI.SUSPENSION_STATE_ = 1) ) LIMIT ? OFFSET ? 
10:47:59,275 [Thread-112] DEBUG org.activiti.engine.impl.persistence.entity.JobEntity.selectAsyncJobsDueToExecute  - ==&gt; Parameters: 2023-03-20 10:48:50.669(Timestamp), 2023-03-20 10:48:50.669(Timestamp), 1(Integer), 0(Integer)
10:47:59,275 [main] DEBUG org.activiti.engine.impl.persistence.entity.UserEntity.selectUserById  - &lt;==      Total: 1
10:47:59,275 [main] DEBUG org.activiti.engine.impl.persistence.entity.IdentityInfoEntity.selectIdentityInfoByUserId  - ==&gt;  Preparing: select * from ACT_ID_INFO where USER_ID_ = ? 
10:47:59,275 [Thread-112] DEBUG org.activiti.engine.impl.persistence.entity.JobEntity.selectAsyncJobsDueToExecute  - &lt;==      Total: 0
10:47:59,275 [Thread-112] DEBUG org.activiti.engine.impl.db.DbSqlSession  - flush summary: 0 insert, 0 update, 0 delete.
10:47:59,275 [Thread-112] DEBUG org.activiti.engine.impl.db.DbSqlSession  - now executing flush...
10:47:59,275 [Thread-112] DEBUG org.activiti.engine.impl.cfg.standalone.StandaloneMybatisTransactionContext  - firing event committing...
10:47:59,275 [Thread-112] DEBUG org.activiti.engine.impl.cfg.standalone.StandaloneMybatisTransactionContext  - committing the ibatis sql session...
10:47:59,275 [Thread-112] DEBUG org.activiti.engine.impl.cfg.standalone.StandaloneMybatisTransactionContext  - firing event committed...
10:47:59,275 [Thread-112] DEBUG org.apache.ibatis.transaction.jdbc.JdbcTransaction  - Resetting autocommit to true on JDBC Connection [conn70: url=jdbc:h2:mem:activiti-AsyncExecutorTest user=SA]
10:47:59,275 [Thread-112] DEBUG org.apache.ibatis.transaction.jdbc.JdbcTransaction  - Closing JDBC Connection [conn70: url=jdbc:h2:mem:activiti-AsyncExecutorTest user=SA]
10:47:59,275 [Thread-112] DEBUG org.apache.ibatis.datasource.pooled.PooledDataSource  - Returned connection 604408605 to pool.
10:47:59,275 [Thread-112] DEBUG org.activiti.engine.impl.interceptor.LogInterceptor  - --- AcquireAsyncJobsDueCmd finished --------------------------------------------------------
10:47:59,275 [Thread-112] DEBUG org.activiti.engine.impl.interceptor.LogInterceptor  - 

10:47:59,275 [main] DEBUG org.activiti.engine.impl.persistence.entity.IdentityInfoEntity.selectIdentityInfoByUserId  - ==&gt; Parameters: userInGroup1(String)
10:47:59,275 [main] DEBUG org.activiti.engine.impl.persistence.entity.IdentityInfoEntity.selectIdentityInfoByUserId  - &lt;==      Total: 0
10:47:59,275 [Thread-112] DEBUG org.activiti.engine.impl.asyncexecutor.AcquireAsyncJobsDueRunnable  - async job acquisition thread sleeping for 50 millis
10:47:59,275 [main] DEBUG org.activiti.engine.impl.db.DbSqlSession  -   bulk delete: deleteMembershipsByUserId(userInGroup1)
10:47:59,275 [main] DEBUG org.activiti.engine.impl.db.DbSqlSession  -   delete org.activiti.engine.impl.persistence.entity.UserEntity@74c4c452
10:47:59,275 [main] DEBUG org.activiti.engine.impl.db.DbSqlSession  - flush summary: 0 insert, 0 update, 2 delete.
10:47:59,275 [main] DEBUG org.activiti.engine.impl.db.DbSqlSession  - now executing flush...
10:47:59,275 [main] DEBUG org.activiti.engine.impl.db.DbSqlSession  - executing: bulk delete: deleteMembershipsByUserId(userInGroup1)
10:47:59,275 [main] DEBUG org.activiti.engine.impl.persistence.entity.MembershipRelation.deleteMembershipsByUserId  - ==&gt;  Preparing: delete from ACT_ID_MEMBERSHIP where USER_ID_ = ? 
10:47:59,275 [main] DEBUG org.activiti.engine.impl.persistence.entity.MembershipRelation.deleteMembershipsByUserId  - ==&gt; Parameters: userInGroup1(String)
10:47:59,275 [main] DEBUG org.activiti.engine.impl.persistence.entity.MembershipRelation.deleteMembershipsByUserId  - &lt;==    Updates: 0
10:47:59,276 [main] DEBUG org.activiti.engine.impl.db.DbSqlSession  - executing: delete org.activiti.engine.impl.persistence.entity.UserEntity@74c4c452
10:47:59,276 [main] DEBUG org.activiti.engine.impl.persistence.entity.UserEntity.deleteUser  - ==&gt;  Preparing: delete from ACT_ID_USER where ID_ = ? and REV_ = ? 
10:47:59,276 [main] DEBUG org.activiti.engine.impl.persistence.entity.UserEntity.deleteUser  - ==&gt; Parameters: userInGroup1(String), 1(Integer)
10:47:59,276 [main] DEBUG org.activiti.engine.impl.persistence.entity.UserEntity.deleteUser  - &lt;==    Updates: 1
10:47:59,276 [main] DEBUG org.activiti.engine.impl.cfg.standalone.StandaloneMybatisTransactionContext  - firing event committing...
10:47:59,276 [main] DEBUG org.activiti.engine.impl.cfg.standalone.StandaloneMybatisTransactionContext  - committing the ibatis sql session...
10:47:59,276 [main] DEBUG org.apache.ibatis.transaction.jdbc.JdbcTransaction  - Committing JDBC Connection [conn4: url=jdbc:h2:mem:activiti user=SA]
10:47:59,276 [main] DEBUG org.activiti.engine.impl.cfg.standalone.StandaloneMybatisTransactionContext  - firing event committed...
10:47:59,276 [main] DEBUG org.apache.ibatis.transaction.jdbc.JdbcTransaction  - Resetting autocommit to true on JDBC Connection [conn4: url=jdbc:h2:mem:activiti user=SA]
10:47:59,276 [main] DEBUG org.apache.ibatis.transaction.jdbc.JdbcTransaction  - Closing JDBC Connection [conn4: url=jdbc:h2:mem:activiti user=SA]
10:47:59,276 [main] DEBUG org.apache.ibatis.datasource.pooled.PooledDataSource  - Returned connection 297240765 to pool.
10:47:59,276 [main] DEBUG org.activiti.engine.impl.interceptor.LogInterceptor  - --- DeleteUserCmd finished --------------------------------------------------------
10:47:59,276 [main] DEBUG org.activiti.engine.impl.interceptor.LogInterceptor  - 

10:47:59,276 [main] DEBUG org.activiti.engine.impl.interceptor.LogInterceptor  - 

10:47:59,276 [main] DEBUG org.activiti.engine.impl.interceptor.LogInterceptor  - --- starting DeleteUserCmd --------------------------------------------------------
10:47:59,276 [main] DEBUG org.apache.ibatis.transaction.jdbc.JdbcTransaction  - Opening JDBC Connection
10:47:59,276 [main] DEBUG org.apache.ibatis.datasource.pooled.PooledDataSource  - Checked out connection 486346394 from pool.
10:47:59,276 [main] DEBUG org.apache.ibatis.transaction.jdbc.JdbcTransaction  - Setting autocommit to false on JDBC Connection [conn6: url=jdbc:h2:mem:activiti user=SA]
10:47:59,276 [main] DEBUG org.activiti.engine.impl.persistence.entity.UserEntity.selectUserById  - ==&gt;  Preparing: select * from ACT_ID_USER where ID_ = ? 
10:47:59,276 [main] DEBUG org.activiti.engine.impl.persistence.entity.UserEntity.selectUserById  - ==&gt; Parameters: userInGroup2(String)
10:47:59,276 [main] DEBUG org.activiti.engine.impl.persistence.entity.UserEntity.selectUserById  - &lt;==      Total: 1
10:47:59,276 [main] DEBUG org.activiti.engine.impl.persistence.entity.IdentityInfoEntity.selectIdentityInfoByUserId  - ==&gt;  Preparing: select * from ACT_ID_INFO where USER_ID_ = ? 
10:47:59,276 [main] DEBUG org.activiti.engine.impl.persistence.entity.IdentityInfoEntity.selectIdentityInfoByUserId  - ==&gt; Parameters: userInGroup2(String)
10:47:59,276 [main] DEBUG org.activiti.engine.impl.persistence.entity.IdentityInfoEntity.selectIdentityInfoByUserId  - &lt;==      Total: 0
10:47:59,276 [main] DEBUG org.activiti.engine.impl.db.DbSqlSession  -   bulk delete: deleteMembershipsByUserId(userInGroup2)
10:47:59,276 [main] DEBUG org.activiti.engine.impl.db.DbSqlSession  -   delete org.activiti.engine.impl.persistence.entity.UserEntity@55676ae7
10:47:59,276 [main] DEBUG org.activiti.engine.impl.db.DbSqlSession  - flush summary: 0 insert, 0 update, 2 delete.
10:47:59,276 [main] DEBUG org.activiti.engine.impl.db.DbSqlSession  - now executing flush...
10:47:59,276 [main] DEBUG org.activiti.engine.impl.db.DbSqlSession  - executing: bulk delete: deleteMembershipsByUserId(userInGroup2)
10:47:59,276 [main] DEBUG org.activiti.engine.impl.persistence.entity.MembershipRelation.deleteMembershipsByUserId  - ==&gt;  Preparing: delete from ACT_ID_MEMBERSHIP where USER_ID_ = ? 
10:47:59,276 [main] DEBUG org.activiti.engine.impl.persistence.entity.MembershipRelation.deleteMembershipsByUserId  - ==&gt; Parameters: userInGroup2(String)
10:47:59,276 [main] DEBUG org.activiti.engine.impl.persistence.entity.MembershipRelation.deleteMembershipsByUserId  - &lt;==    Updates: 0
10:47:59,276 [main] DEBUG org.activiti.engine.impl.db.DbSqlSession  - executing: delete org.activiti.engine.impl.persistence.entity.UserEntity@55676ae7
10:47:59,276 [main] DEBUG org.activiti.engine.impl.persistence.entity.UserEntity.deleteUser  - ==&gt;  Preparing: delete from ACT_ID_USER where ID_ = ? and REV_ = ? 
10:47:59,276 [main] DEBUG org.activiti.engine.impl.persistence.entity.UserEntity.deleteUser  - ==&gt; Parameters: userInGroup2(String), 1(Integer)
10:47:59,276 [main] DEBUG org.activiti.engine.impl.persistence.entity.UserEntity.deleteUser  - &lt;==    Updates: 1
10:47:59,276 [main] DEBUG org.activiti.engine.impl.cfg.standalone.StandaloneMybatisTransactionContext  - firing event committing...
10:47:59,276 [main] DEBUG org.activiti.engine.impl.cfg.standalone.StandaloneMybatisTransactionContext  - committing the ibatis sql session...
10:47:59,276 [main] DEBUG org.apache.ibatis.transaction.jdbc.JdbcTransaction  - Committing JDBC Connection [conn6: url=jdbc:h2:mem:activiti user=SA]
10:47:59,276 [main] DEBUG org.activiti.engine.impl.cfg.standalone.StandaloneMybatisTransactionContext  - firing event committed...
10:47:59,276 [main] DEBUG org.apache.ibatis.transaction.jdbc.JdbcTransaction  - Resetting autocommit to true on JDBC Connection [conn6: url=jdbc:h2:mem:activiti user=SA]
10:47:59,276 [main] DEBUG org.apache.ibatis.transaction.jdbc.JdbcTransaction  - Closing JDBC Connection [conn6: url=jdbc:h2:mem:activiti user=SA]
10:47:59,277 [main] DEBUG org.apache.ibatis.datasource.pooled.PooledDataSource  - Returned connection 486346394 to pool.
10:47:59,277 [main] DEBUG org.activiti.engine.impl.interceptor.LogInterceptor  - --- DeleteUserCmd finished --------------------------------------------------------
10:47:59,277 [main] DEBUG org.activiti.engine.impl.interceptor.LogInterceptor  - 

10:47:59,277 [main] DEBUG org.activiti.engine.impl.interceptor.LogInterceptor  - 

10:47:59,277 [main] DEBUG org.activiti.engine.impl.interceptor.LogInterceptor  - --- starting DeleteUserCmd --------------------------------------------------------
10:47:59,277 [main] DEBUG org.apache.ibatis.transaction.jdbc.JdbcTransaction  - Opening JDBC Connection
10:47:59,277 [main] DEBUG org.apache.ibatis.datasource.pooled.PooledDataSource  - Checked out connection 363509958 from pool.
10:47:59,277 [main] DEBUG org.apache.ibatis.transaction.jdbc.JdbcTransaction  - Setting autocommit to false on JDBC Connection [conn2: url=jdbc:h2:mem:activiti user=SA]
10:47:59,277 [main] DEBUG org.activiti.engine.impl.persistence.entity.UserEntity.selectUserById  - ==&gt;  Preparing: select * from ACT_ID_USER where ID_ = ? 
10:47:59,277 [main] DEBUG org.activiti.engine.impl.persistence.entity.UserEntity.selectUserById  - ==&gt; Parameters: userInGroup3(String)
10:47:59,277 [main] DEBUG org.activiti.engine.impl.persistence.entity.UserEntity.selectUserById  - &lt;==      Total: 1
10:47:59,277 [main] DEBUG org.activiti.engine.impl.persistence.entity.IdentityInfoEntity.selectIdentityInfoByUserId  - ==&gt;  Preparing: select * from ACT_ID_INFO where USER_ID_ = ? 
10:47:59,277 [main] DEBUG org.activiti.engine.impl.persistence.entity.IdentityInfoEntity.selectIdentityInfoByUserId  - ==&gt; Parameters: userInGroup3(String)
10:47:59,277 [main] DEBUG org.activiti.engine.impl.persistence.entity.IdentityInfoEntity.selectIdentityInfoByUserId  - &lt;==      Total: 0
10:47:59,277 [main] DEBUG org.activiti.engine.impl.db.DbSqlSession  -   bulk delete: deleteMembershipsByUserId(userInGroup3)
10:47:59,277 [main] DEBUG org.activiti.engine.impl.db.DbSqlSession  -   delete org.activiti.engine.impl.persistence.entity.UserEntity@36ac86f0
10:47:59,277 [main] DEBUG org.activiti.engine.impl.db.DbSqlSession  - flush summary: 0 insert, 0 update, 2 delete.
10:47:59,277 [main] DEBUG org.activiti.engine.impl.db.DbSqlSession  - now executing flush...
10:47:59,277 [main] DEBUG org.activiti.engine.impl.db.DbSqlSession  - executing: bulk delete: deleteMembershipsByUserId(userInGroup3)
10:47:59,277 [main] DEBUG org.activiti.engine.impl.persistence.entity.MembershipRelation.deleteMembershipsByUserId  - ==&gt;  Preparing: delete from ACT_ID_MEMBERSHIP where USER_ID_ = ? 
10:47:59,277 [main] DEBUG org.activiti.engine.impl.persistence.entity.MembershipRelation.deleteMembershipsByUserId  - ==&gt; Parameters: userInGroup3(String)
10:47:59,277 [main] DEBUG org.activiti.engine.impl.persistence.entity.MembershipRelation.deleteMembershipsByUserId  - &lt;==    Updates: 0
10:47:59,277 [main] DEBUG org.activiti.engine.impl.db.DbSqlSession  - executing: delete org.activiti.engine.impl.persistence.entity.UserEntity@36ac86f0
10:47:59,277 [main] DEBUG org.activiti.engine.impl.persistence.entity.UserEntity.deleteUser  - ==&gt;  Preparing: delete from ACT_ID_USER where ID_ = ? and REV_ = ? 
10:47:59,277 [main] DEBUG org.activiti.engine.impl.persistence.entity.UserEntity.deleteUser  - ==&gt; Parameters: userInGroup3(String), 1(Integer)
10:47:59,277 [main] DEBUG org.activiti.engine.impl.persistence.entity.UserEntity.deleteUser  - &lt;==    Updates: 1
10:47:59,277 [main] DEBUG org.activiti.engine.impl.cfg.standalone.StandaloneMybatisTransactionContext  - firing event committing...
10:47:59,277 [main] DEBUG org.activiti.engine.impl.cfg.standalone.StandaloneMybatisTransactionContext  - committing the ibatis sql session...
10:47:59,277 [main] DEBUG org.apache.ibatis.transaction.jdbc.JdbcTransaction  - Committing JDBC Connection [conn2: url=jdbc:h2:mem:activiti user=SA]
10:47:59,277 [main] DEBUG org.activiti.engine.impl.cfg.standalone.StandaloneMybatisTransactionContext  - firing event committed...
10:47:59,277 [main] DEBUG org.apache.ibatis.transaction.jdbc.JdbcTransaction  - Resetting autocommit to true on JDBC Connection [conn2: url=jdbc:h2:mem:activiti user=SA]
10:47:59,277 [main] DEBUG org.apache.ibatis.transaction.jdbc.JdbcTransaction  - Closing JDBC Connection [conn2: url=jdbc:h2:mem:activiti user=SA]
10:47:59,277 [main] DEBUG org.apache.ibatis.datasource.pooled.PooledDataSource  - Returned connection 363509958 to pool.
10:47:59,277 [main] DEBUG org.activiti.engine.impl.interceptor.LogInterceptor  - --- DeleteUserCmd finished --------------------------------------------------------
10:47:59,277 [main] DEBUG org.activiti.engine.impl.interceptor.LogInterceptor  - 

10:47:59,277 [main] DEBUG org.activiti.engine.impl.interceptor.LogInterceptor  - 

10:47:59,277 [main] DEBUG org.activiti.engine.impl.interceptor.LogInterceptor  - --- starting DeleteUserCmd --------------------------------------------------------
10:47:59,277 [main] DEBUG org.apache.ibatis.transaction.jdbc.JdbcTransaction  - Opening JDBC Connection
10:47:59,277 [main] DEBUG org.apache.ibatis.datasource.pooled.PooledDataSource  - Checked out connection 180014677 from pool.
10:47:59,277 [main] DEBUG org.apache.ibatis.transaction.jdbc.JdbcTransaction  - Setting autocommit to false on JDBC Connection [conn3: url=jdbc:h2:mem:activiti user=SA]
10:47:59,277 [main] DEBUG org.activiti.engine.impl.persistence.entity.UserEntity.selectUserById  - ==&gt;  Preparing: select * from ACT_ID_USER where ID_ = ? 
10:47:59,277 [main] DEBUG org.activiti.engine.impl.persistence.entity.UserEntity.selectUserById  - ==&gt; Parameters: user1(String)
10:47:59,277 [main] DEBUG org.activiti.engine.impl.persistence.entity.UserEntity.selectUserById  - &lt;==      Total: 1
10:47:59,277 [main] DEBUG org.activiti.engine.impl.persistence.entity.IdentityInfoEntity.selectIdentityInfoByUserId  - ==&gt;  Preparing: select * from ACT_ID_INFO where USER_ID_ = ? 
10:47:59,277 [main] DEBUG org.activiti.engine.impl.persistence.entity.IdentityInfoEntity.selectIdentityInfoByUserId  - ==&gt; Parameters: user1(String)
10:47:59,277 [main] DEBUG org.activiti.engine.impl.persistence.entity.IdentityInfoEntity.selectIdentityInfoByUserId  - &lt;==      Total: 0
10:47:59,277 [main] DEBUG org.activiti.engine.impl.db.DbSqlSession  -   bulk delete: deleteMembershipsByUserId(user1)
10:47:59,278 [main] DEBUG org.activiti.engine.impl.db.DbSqlSession  -   delete org.activiti.engine.impl.persistence.entity.UserEntity@644d264c
10:47:59,278 [main] DEBUG org.activiti.engine.impl.db.DbSqlSession  - flush summary: 0 insert, 0 update, 2 delete.
10:47:59,278 [main] DEBUG org.activiti.engine.impl.db.DbSqlSession  - now executing flush...
10:47:59,278 [main] DEBUG org.activiti.engine.impl.db.DbSqlSession  - executing: bulk delete: deleteMembershipsByUserId(user1)
10:47:59,278 [main] DEBUG org.activiti.engine.impl.persistence.entity.MembershipRelation.deleteMembershipsByUserId  - ==&gt;  Preparing: delete from ACT_ID_MEMBERSHIP where USER_ID_ = ? 
10:47:59,278 [main] DEBUG org.activiti.engine.impl.persistence.entity.MembershipRelation.deleteMembershipsByUserId  - ==&gt; Parameters: user1(String)
10:47:59,278 [main] DEBUG org.activiti.engine.impl.persistence.entity.MembershipRelation.deleteMembershipsByUserId  - &lt;==    Updates: 0
10:47:59,278 [main] DEBUG org.activiti.engine.impl.db.DbSqlSession  - executing: delete org.activiti.engine.impl.persistence.entity.UserEntity@644d264c
10:47:59,278 [main] DEBUG org.activiti.engine.impl.persistence.entity.UserEntity.deleteUser  - ==&gt;  Preparing: delete from ACT_ID_USER where ID_ = ? and REV_ = ? 
10:47:59,278 [main] DEBUG org.activiti.engine.impl.persistence.entity.UserEntity.deleteUser  - ==&gt; Parameters: user1(String), 1(Integer)
10:47:59,278 [main] DEBUG org.activiti.engine.impl.persistence.entity.UserEntity.deleteUser  - &lt;==    Updates: 1
10:47:59,278 [main] DEBUG org.activiti.engine.impl.cfg.standalone.StandaloneMybatisTransactionContext  - firing event committing...
10:47:59,278 [main] DEBUG org.activiti.engine.impl.cfg.standalone.StandaloneMybatisTransactionContext  - committing the ibatis sql session...
10:47:59,278 [main] DEBUG org.apache.ibatis.transaction.jdbc.JdbcTransaction  - Committing JDBC Connection [conn3: url=jdbc:h2:mem:activiti user=SA]
10:47:59,278 [main] DEBUG org.activiti.engine.impl.cfg.standalone.StandaloneMybatisTransactionContext  - firing event committed...
10:47:59,278 [main] DEBUG org.apache.ibatis.transaction.jdbc.JdbcTransaction  - Resetting autocommit to true on JDBC Connection [conn3: url=jdbc:h2:mem:activiti user=SA]
10:47:59,278 [main] DEBUG org.apache.ibatis.transaction.jdbc.JdbcTransaction  - Closing JDBC Connection [conn3: url=jdbc:h2:mem:activiti user=SA]
10:47:59,278 [main] DEBUG org.apache.ibatis.datasource.pooled.PooledDataSource  - Returned connection 180014677 to pool.
10:47:59,278 [main] DEBUG org.activiti.engine.impl.interceptor.LogInterceptor  - --- DeleteUserCmd finished --------------------------------------------------------
10:47:59,278 [main] DEBUG org.activiti.engine.impl.interceptor.LogInterceptor  - 

10:47:59,278 [main] DEBUG org.activiti.engine.impl.interceptor.LogInterceptor  - 

10:47:59,278 [main] DEBUG org.activiti.engine.impl.interceptor.LogInterceptor  - --- starting DeleteUserCmd --------------------------------------------------------
10:47:59,278 [main] DEBUG org.apache.ibatis.transaction.jdbc.JdbcTransaction  - Opening JDBC Connection
10:47:59,278 [main] DEBUG org.apache.ibatis.datasource.pooled.PooledDataSource  - Checked out connection 297240765 from pool.
10:47:59,278 [main] DEBUG org.apache.ibatis.transaction.jdbc.JdbcTransaction  - Setting autocommit to false on JDBC Connection [conn4: url=jdbc:h2:mem:activiti user=SA]
10:47:59,278 [main] DEBUG org.activiti.engine.impl.persistence.entity.UserEntity.selectUserById  - ==&gt;  Preparing: select * from ACT_ID_USER where ID_ = ? 
10:47:59,278 [main] DEBUG org.activiti.engine.impl.persistence.entity.UserEntity.selectUserById  - ==&gt; Parameters: user2(String)
10:47:59,278 [main] DEBUG org.activiti.engine.impl.persistence.entity.UserEntity.selectUserById  - &lt;==      Total: 1
10:47:59,278 [main] DEBUG org.activiti.engine.impl.persistence.entity.IdentityInfoEntity.selectIdentityInfoByUserId  - ==&gt;  Preparing: select * from ACT_ID_INFO where USER_ID_ = ? 
10:47:59,278 [main] DEBUG org.activiti.engine.impl.persistence.entity.IdentityInfoEntity.selectIdentityInfoByUserId  - ==&gt; Parameters: user2(String)
10:47:59,278 [main] DEBUG org.activiti.engine.impl.persistence.entity.IdentityInfoEntity.selectIdentityInfoByUserId  - &lt;==      Total: 0
10:47:59,278 [main] DEBUG org.activiti.engine.impl.db.DbSqlSession  -   bulk delete: deleteMembershipsByUserId(user2)
10:47:59,278 [main] DEBUG org.activiti.engine.impl.db.DbSqlSession  -   delete org.activiti.engine.impl.persistence.entity.UserEntity@367988c3
10:47:59,278 [main] DEBUG org.activiti.engine.impl.db.DbSqlSession  - flush summary: 0 insert, 0 update, 2 delete.
10:47:59,278 [main] DEBUG org.activiti.engine.impl.db.DbSqlSession  - now executing flush...
10:47:59,278 [main] DEBUG org.activiti.engine.impl.db.DbSqlSession  - executing: bulk delete: deleteMembershipsByUserId(user2)
10:47:59,278 [main] DEBUG org.activiti.engine.impl.persistence.entity.MembershipRelation.deleteMembershipsByUserId  - ==&gt;  Preparing: delete from ACT_ID_MEMBERSHIP where USER_ID_ = ? 
10:47:59,278 [main] DEBUG org.activiti.engine.impl.persistence.entity.MembershipRelation.deleteMembershipsByUserId  - ==&gt; Parameters: user2(String)
10:47:59,278 [main] DEBUG org.activiti.engine.impl.persistence.entity.MembershipRelation.deleteMembershipsByUserId  - &lt;==    Updates: 0
10:47:59,278 [main] DEBUG org.activiti.engine.impl.db.DbSqlSession  - executing: delete org.activiti.engine.impl.persistence.entity.UserEntity@367988c3
10:47:59,278 [main] DEBUG org.activiti.engine.impl.persistence.entity.UserEntity.deleteUser  - ==&gt;  Preparing: delete from ACT_ID_USER where ID_ = ? and REV_ = ? 
10:47:59,278 [main] DEBUG org.activiti.engine.impl.persistence.entity.UserEntity.deleteUser  - ==&gt; Parameters: user2(String), 1(Integer)
10:47:59,278 [main] DEBUG org.activiti.engine.impl.persistence.entity.UserEntity.deleteUser  - &lt;==    Updates: 1
10:47:59,278 [main] DEBUG org.activiti.engine.impl.cfg.standalone.StandaloneMybatisTransactionContext  - firing event committing...
10:47:59,278 [main] DEBUG org.activiti.engine.impl.cfg.standalone.StandaloneMybatisTransactionContext  - committing the ibatis sql session...
10:47:59,278 [main] DEBUG org.apache.ibatis.transaction.jdbc.JdbcTransaction  - Committing JDBC Connection [conn4: url=jdbc:h2:mem:activiti user=SA]
10:47:59,278 [main] DEBUG org.activiti.engine.impl.cfg.standalone.StandaloneMybatisTransactionContext  - firing event committed...
10:47:59,278 [main] DEBUG org.apache.ibatis.transaction.jdbc.JdbcTransaction  - Resetting autocommit to true on JDBC Connection [conn4: url=jdbc:h2:mem:activiti user=SA]
10:47:59,278 [main] DEBUG org.apache.ibatis.transaction.jdbc.JdbcTransaction  - Closing JDBC Connection [conn4: url=jdbc:h2:mem:activiti user=SA]
10:47:59,278 [main] DEBUG org.apache.ibatis.datasource.pooled.PooledDataSource  - Returned connection 297240765 to pool.
10:47:59,278 [main] DEBUG org.activiti.engine.impl.interceptor.LogInterceptor  - --- DeleteUserCmd finished --------------------------------------------------------
10:47:59,279 [main] DEBUG org.activiti.engine.impl.interceptor.LogInterceptor  - 

10:47:59,279 [main] DEBUG org.activiti.engine.impl.interceptor.LogInterceptor  - 

10:47:59,279 [main] DEBUG org.activiti.engine.impl.interceptor.LogInterceptor  - --- starting DeleteUserCmd --------------------------------------------------------
10:47:59,279 [main] DEBUG org.apache.ibatis.transaction.jdbc.JdbcTransaction  - Opening JDBC Connection
10:47:59,279 [main] DEBUG org.apache.ibatis.datasource.pooled.PooledDataSource  - Checked out connection 486346394 from pool.
10:47:59,279 [main] DEBUG org.apache.ibatis.transaction.jdbc.JdbcTransaction  - Setting autocommit to false on JDBC Connection [conn6: url=jdbc:h2:mem:activiti user=SA]
10:47:59,279 [main] DEBUG org.activiti.engine.impl.persistence.entity.UserEntity.selectUserById  - ==&gt;  Preparing: select * from ACT_ID_USER where ID_ = ? 
10:47:59,279 [main] DEBUG org.activiti.engine.impl.persistence.entity.UserEntity.selectUserById  - ==&gt; Parameters: user3(String)
10:47:59,279 [main] DEBUG org.activiti.engine.impl.persistence.entity.UserEntity.selectUserById  - &lt;==      Total: 1
10:47:59,279 [main] DEBUG org.activiti.engine.impl.persistence.entity.IdentityInfoEntity.selectIdentityInfoByUserId  - ==&gt;  Preparing: select * from ACT_ID_INFO where USER_ID_ = ? 
10:47:59,279 [main] DEBUG org.activiti.engine.impl.persistence.entity.IdentityInfoEntity.selectIdentityInfoByUserId  - ==&gt; Parameters: user3(String)
10:47:59,279 [main] DEBUG org.activiti.engine.impl.persistence.entity.IdentityInfoEntity.selectIdentityInfoByUserId  - &lt;==      Total: 0
10:47:59,279 [main] DEBUG org.activiti.engine.impl.db.DbSqlSession  -   bulk delete: deleteMembershipsByUserId(user3)
10:47:59,279 [main] DEBUG org.activiti.engine.impl.db.DbSqlSession  -   delete org.activiti.engine.impl.persistence.entity.UserEntity@58a7ecb9
10:47:59,279 [main] DEBUG org.activiti.engine.impl.db.DbSqlSession  - flush summary: 0 insert, 0 update, 2 delete.
10:47:59,279 [main] DEBUG org.activiti.engine.impl.db.DbSqlSession  - now executing flush...
10:47:59,279 [main] DEBUG org.activiti.engine.impl.db.DbSqlSession  - executing: bulk delete: deleteMembershipsByUserId(user3)
10:47:59,279 [main] DEBUG org.activiti.engine.impl.persistence.entity.MembershipRelation.deleteMembershipsByUserId  - ==&gt;  Preparing: delete from ACT_ID_MEMBERSHIP where USER_ID_ = ? 
10:47:59,279 [main] DEBUG org.activiti.engine.impl.persistence.entity.MembershipRelation.deleteMembershipsByUserId  - ==&gt; Parameters: user3(String)
10:47:59,279 [main] DEBUG org.activiti.engine.impl.persistence.entity.MembershipRelation.deleteMembershipsByUserId  - &lt;==    Updates: 0
10:47:59,279 [main] DEBUG org.activiti.engine.impl.db.DbSqlSession  - executing: delete org.activiti.engine.impl.persistence.entity.UserEntity@58a7ecb9
10:47:59,279 [main] DEBUG org.activiti.engine.impl.persistence.entity.UserEntity.deleteUser  - ==&gt;  Preparing: delete from ACT_ID_USER where ID_ = ? and REV_ = ? 
10:47:59,279 [main] DEBUG org.activiti.engine.impl.persistence.entity.UserEntity.deleteUser  - ==&gt; Parameters: user3(String), 1(Integer)
10:47:59,279 [main] DEBUG org.activiti.engine.impl.persistence.entity.UserEntity.deleteUser  - &lt;==    Updates: 1
10:47:59,279 [main] DEBUG org.activiti.engine.impl.cfg.standalone.StandaloneMybatisTransactionContext  - firing event committing...
10:47:59,279 [main] DEBUG org.activiti.engine.impl.cfg.standalone.StandaloneMybatisTransactionContext  - committing the ibatis sql session...
10:47:59,279 [main] DEBUG org.apache.ibatis.transaction.jdbc.JdbcTransaction  - Committing JDBC Connection [conn6: url=jdbc:h2:mem:activiti user=SA]
10:47:59,279 [main] DEBUG org.activiti.engine.impl.cfg.standalone.StandaloneMybatisTransactionContext  - firing event committed...
10:47:59,279 [main] DEBUG org.apache.ibatis.transaction.jdbc.JdbcTransaction  - Resetting autocommit to true on JDBC Connection [conn6: url=jdbc:h2:mem:activiti user=SA]
10:47:59,279 [main] DEBUG org.apache.ibatis.transaction.jdbc.JdbcTransaction  - Closing JDBC Connection [conn6: url=jdbc:h2:mem:activiti user=SA]
10:47:59,279 [main] DEBUG org.apache.ibatis.datasource.pooled.PooledDataSource  - Returned connection 486346394 to pool.
10:47:59,279 [main] DEBUG org.activiti.engine.impl.interceptor.LogInterceptor  - --- DeleteUserCmd finished --------------------------------------------------------
10:47:59,279 [main] DEBUG org.activiti.engine.impl.interceptor.LogInterceptor  - 

10:47:59,279 [main] ERROR org.activiti.engine.impl.test.PvmTestCase  - 

10:47:59,279 [main] ERROR org.activiti.engine.impl.test.PvmTestCase  - EXCEPTION: org.apache.ibatis.exceptions.PersistenceException: 
### Error querying database.  Cause: org.h2.jdbc.JdbcSQLException: Syntax error in SQL statement &quot;SELECT DISTINCT RES.* , P.KEY_ AS PROCESSDEFINITIONKEY, P.ID_ AS PROCESSDEFINITIONID, P.NAME_ AS PROCESSDEFINITIONNAME, P.VERSION_ AS PROCESSDEFINITIONVERSION, P.DEPLOYMENT_ID_ AS DEPLOYMENTID
       
    FROM ACT_RU_EXECUTION RES
    INNER JOIN ACT_RE_PROCDEF P ON RES.PROC_DEF_ID_ = P.ID_
     
     
     
     
     
     
     WHERE RES.PARENT_ID_ IS NULL
      
      
      
      
      
      
      
        AND RES.ID_ = ?
      
      
        AND RES.PROC_INST_ID_ = ? 
   
   
     ORDER BY  ORDER[*] BY RES.ID_ ASC  
    LIMIT ? OFFSET ? &quot;; expected &quot;=, NOT, EXISTS, INTERSECTS, SELECT, FROM&quot;; SQL statement:
select distinct RES.* , P.KEY_ as ProcessDefinitionKey, P.ID_ as ProcessDefinitionId, P.NAME_ as ProcessDefinitionName, P.VERSION_ as ProcessDefinitionVersion, P.DEPLOYMENT_ID_ as DeploymentId
       
    from ACT_RU_EXECUTION RES
    inner join ACT_RE_PROCDEF P on RES.PROC_DEF_ID_ = P.ID_
     
     
     
     
     
     
     WHERE RES.PARENT_ID_ is null
      
      
      
      
      
      
      
        and RES.ID_ = ?
      
      
        and RES.PROC_INST_ID_ = ? 
   
   
     order by  order by RES.ID_ asc  
    LIMIT ? OFFSET ? [42001-176]
### The error may exist in org/activiti/db/mapping/entity/Execution.xml
### The error may involve org.activiti.engine.impl.persistence.entity.ExecutionEntity.selectProcessInstanceByQueryCriteria
### The error occurred while executing a query
### SQL: select distinct RES.* , P.KEY_ as ProcessDefinitionKey, P.ID_ as ProcessDefinitionId, P.NAME_ as ProcessDefinitionName, P.VERSION_ as ProcessDefinitionVersion, P.DEPLOYMENT_ID_ as DeploymentId             from ACT_RU_EXECUTION RES     inner join ACT_RE_PROCDEF P on RES.PROC_DEF_ID_ = P.ID_                                          WHERE RES.PARENT_ID_ is null                                                          and RES.ID_ = ?                       and RES.PROC_INST_ID_ = ?               order by  order by RES.ID_ asc       LIMIT ? OFFSET ?
### Cause: org.h2.jdbc.JdbcSQLException: Syntax error in SQL statement &quot;SELECT DISTINCT RES.* , P.KEY_ AS PROCESSDEFINITIONKEY, P.ID_ AS PROCESSDEFINITIONID, P.NAME_ AS PROCESSDEFINITIONNAME, P.VERSION_ AS PROCESSDEFINITIONVERSION, P.DEPLOYMENT_ID_ AS DEPLOYMENTID
       
    FROM ACT_RU_EXECUTION RES
    INNER JOIN ACT_RE_PROCDEF P ON RES.PROC_DEF_ID_ = P.ID_
     
     
     
     
     
     
     WHERE RES.PARENT_ID_ IS NULL
      
      
      
      
      
      
      
        AND RES.ID_ = ?
      
      
        AND RES.PROC_INST_ID_ = ? 
   
   
     ORDER BY  ORDER[*] BY RES.ID_ ASC  
    LIMIT ? OFFSET ? &quot;; expected &quot;=, NOT, EXISTS, INTERSECTS, SELECT, FROM&quot;; SQL statement:
select distinct RES.* , P.KEY_ as ProcessDefinitionKey, P.ID_ as ProcessDefinitionId, P.NAME_ as ProcessDefinitionName, P.VERSION_ as ProcessDefinitionVersion, P.DEPLOYMENT_ID_ as DeploymentId
       
    from ACT_RU_EXECUTION RES
    inner join ACT_RE_PROCDEF P on RES.PROC_DEF_ID_ = P.ID_
     
     
     
     
     
     
     WHERE RES.PARENT_ID_ is null
      
      
      
      
      
      
      
        and RES.ID_ = ?
      
      
        and RES.PROC_INST_ID_ = ? 
   
   
     order by  order by RES.ID_ asc  
    LIMIT ? OFFSET ? [42001-176]
org.apache.ibatis.exceptions.PersistenceException: 
### Error querying database.  Cause: org.h2.jdbc.JdbcSQLException: Syntax error in SQL statement &quot;SELECT DISTINCT RES.* , P.KEY_ AS PROCESSDEFINITIONKEY, P.ID_ AS PROCESSDEFINITIONID, P.NAME_ AS PROCESSDEFINITIONNAME, P.VERSION_ AS PROCESSDEFINITIONVERSION, P.DEPLOYMENT_ID_ AS DEPLOYMENTID
       
    FROM ACT_RU_EXECUTION RES
    INNER JOIN ACT_RE_PROCDEF P ON RES.PROC_DEF_ID_ = P.ID_
     
     
     
     
     
     
     WHERE RES.PARENT_ID_ IS NULL
      
      
      
      
      
      
      
        AND RES.ID_ = ?
      
      
        AND RES.PROC_INST_ID_ = ? 
   
   
     ORDER BY  ORDER[*] BY RES.ID_ ASC  
    LIMIT ? OFFSET ? &quot;; expected &quot;=, NOT, EXISTS, INTERSECTS, SELECT, FROM&quot;; SQL statement:
select distinct RES.* , P.KEY_ as ProcessDefinitionKey, P.ID_ as ProcessDefinitionId, P.NAME_ as ProcessDefinitionName, P.VERSION_ as ProcessDefinitionVersion, P.DEPLOYMENT_ID_ as DeploymentId
       
    from ACT_RU_EXECUTION RES
    inner join ACT_RE_PROCDEF P on RES.PROC_DEF_ID_ = P.ID_
     
     
     
     
     
     
     WHERE RES.PARENT_ID_ is null
      
      
      
      
      
      
      
        and RES.ID_ = ?
      
      
        and RES.PROC_INST_ID_ = ? 
   
   
     order by  order by RES.ID_ asc  
    LIMIT ? OFFSET ? [42001-176]
### The error may exist in org/activiti/db/mapping/entity/Execution.xml
### The error may involve org.activiti.engine.impl.persistence.entity.ExecutionEntity.selectProcessInstanceByQueryCriteria
### The error occurred while executing a query
### SQL: select distinct RES.* , P.KEY_ as ProcessDefinitionKey, P.ID_ as ProcessDefinitionId, P.NAME_ as ProcessDefinitionName, P.VERSION_ as ProcessDefinitionVersion, P.DEPLOYMENT_ID_ as DeploymentId             from ACT_RU_EXECUTION RES     inner join ACT_RE_PROCDEF P on RES.PROC_DEF_ID_ = P.ID_                                          WHERE RES.PARENT_ID_ is null                                                          and RES.ID_ = ?                       and RES.PROC_INST_ID_ = ?               order by  order by RES.ID_ asc       LIMIT ? OFFSET ?
### Cause: org.h2.jdbc.JdbcSQLException: Syntax error in SQL statement &quot;SELECT DISTINCT RES.* , P.KEY_ AS PROCESSDEFINITIONKEY, P.ID_ AS PROCESSDEFINITIONID, P.NAME_ AS PROCESSDEFINITIONNAME, P.VERSION_ AS PROCESSDEFINITIONVERSION, P.DEPLOYMENT_ID_ AS DEPLOYMENTID
       
    FROM ACT_RU_EXECUTION RES
    INNER JOIN ACT_RE_PROCDEF P ON RES.PROC_DEF_ID_ = P.ID_
     
     
     
     
     
     
     WHERE RES.PARENT_ID_ IS NULL
      
      
      
      
      
      
      
        AND RES.ID_ = ?
      
      
        AND RES.PROC_INST_ID_ = ? 
   
   
     ORDER BY  ORDER[*] BY RES.ID_ ASC  
    LIMIT ? OFFSET ? &quot;; expected &quot;=, NOT, EXISTS, INTERSECTS, SELECT, FROM&quot;; SQL statement:
select distinct RES.* , P.KEY_ as ProcessDefinitionKey, P.ID_ as ProcessDefinitionId, P.NAME_ as ProcessDefinitionName, P.VERSION_ as ProcessDefinitionVersion, P.DEPLOYMENT_ID_ as DeploymentId
       
    from ACT_RU_EXECUTION RES
    inner join ACT_RE_PROCDEF P on RES.PROC_DEF_ID_ = P.ID_
     
     
     
     
     
     
     WHERE RES.PARENT_ID_ is null
      
      
      
      
      
      
      
        and RES.ID_ = ?
      
      
        and RES.PROC_INST_ID_ = ? 
   
   
     order by  order by RES.ID_ asc  
    LIMIT ? OFFSET ? [42001-176]
	at org.apache.ibatis.exceptions.ExceptionFactory.wrapException(ExceptionFactory.java:30)
	at org.apache.ibatis.session.defaults.DefaultSqlSession.selectList(DefaultSqlSession.java:122)
	at org.apache.ibatis.session.defaults.DefaultSqlSession.selectList(DefaultSqlSession.java:113)
	at org.activiti.engine.impl.db.DbSqlSession.selectListWithRawParameter(DbSqlSession.java:438)
	at org.activiti.engine.impl.db.DbSqlSession.selectList(DbSqlSession.java:429)
	at org.activiti.engine.impl.persistence.entity.ExecutionEntityManager.findProcessInstanceByQueryCriteria(ExecutionEntityManager.java:127)
	at org.activiti.engine.impl.ProcessInstanceQueryImpl.executeList(ProcessInstanceQueryImpl.java:541)
	at org.activiti.engine.impl.AbstractQuery.executeSingleResult(AbstractQuery.java:183)
	at org.activiti.engine.impl.AbstractQuery.execute(AbstractQuery.java:166)
	at org.activiti.engine.impl.interceptor.CommandInvoker.execute(CommandInvoker.java:24)
	at org.activiti.engine.impl.interceptor.CommandContextInterceptor.execute(CommandContextInterceptor.java:57)
	at org.activiti.engine.impl.interceptor.LogInterceptor.execute(LogInterceptor.java:37)
	at org.activiti.engine.impl.cfg.CommandExecutorImpl.execute(CommandExecutorImpl.java:40)
	at org.activiti.engine.impl.cfg.CommandExecutorImpl.execute(CommandExecutorImpl.java:35)
	at org.activiti.engine.impl.AbstractQuery.singleResult(AbstractQuery.java:129)
	at org.activiti.engine.impl.test.AbstractActivitiTestCase.assertProcessEnded(AbstractActivitiTestCase.java:196)
	at org.activiti.examples.bpmn.authorization.StartAuthorizationTest.testPotentialStarter(StartAuthorizationTest.java:219)
	at sun.reflect.NativeMethodAccessorImpl.invoke0(Native Method)
	at sun.reflect.NativeMethodAccessorImpl.invoke(NativeMethodAccessorImpl.java:62)
	at sun.reflect.DelegatingMethodAccessorImpl.invoke(DelegatingMethodAccessorImpl.java:43)
	at java.lang.reflect.Method.invoke(Method.java:498)
	at junit.framework.TestCase.runTest(TestCase.java:176)
	at org.activiti.engine.impl.test.PvmTestCase.runTest(PvmTestCase.java:65)
	at junit.framework.TestCase.runBare(TestCase.java:141)
	at org.activiti.engine.impl.test.AbstractActivitiTestCase.runBare(AbstractActivitiTestCase.java:100)
	at junit.framework.TestResult$1.protect(TestResult.java:122)
	at junit.framework.TestResult.runProtected(TestResult.java:142)
	at junit.framework.TestResult.run(TestResult.java:125)
	at junit.framework.TestCase.run(TestCase.java:129)
	at junit.framework.TestSuite.runTest(TestSuite.java:255)
	at junit.framework.TestSuite.run(TestSuite.java:250)
	at org.junit.internal.runners.JUnit38ClassRunner.run(JUnit38ClassRunner.java:84)
	at org.apache.maven.surefire.junit4.JUnit4TestSet.execute(JUnit4TestSet.java:35)
	at org.apache.maven.surefire.junit4.JUnit4Provider.executeTestSet(JUnit4Provider.java:146)
	at org.apache.maven.surefire.junit4.JUnit4Provider.invoke(JUnit4Provider.java:97)
	at sun.reflect.NativeMethodAccessorImpl.invoke0(Native Method)
	at sun.reflect.NativeMethodAccessorImpl.invoke(NativeMethodAccessorImpl.java:62)
	at sun.reflect.DelegatingMethodAccessorImpl.invoke(DelegatingMethodAccessorImpl.java:43)
	at java.lang.reflect.Method.invoke(Method.java:498)
	at org.apache.maven.surefire.booter.ProviderFactory$ClassLoaderProxy.invoke(ProviderFactory.java:103)
	at com.sun.proxy.$Proxy0.invoke(Unknown Source)
	at org.apache.maven.surefire.booter.SurefireStarter.invokeProvider(SurefireStarter.java:145)
	at org.apache.maven.surefire.booter.SurefireStarter.runSuitesInProcess(SurefireStarter.java:87)
	at org.apache.maven.surefire.booter.ForkedBooter.main(ForkedBooter.java:69)
Caused by: org.h2.jdbc.JdbcSQLException: Syntax error in SQL statement &quot;SELECT DISTINCT RES.* , P.KEY_ AS PROCESSDEFINITIONKEY, P.ID_ AS PROCESSDEFINITIONID, P.NAME_ AS PROCESSDEFINITIONNAME, P.VERSION_ AS PROCESSDEFINITIONVERSION, P.DEPLOYMENT_ID_ AS DEPLOYMENTID
       
    FROM ACT_RU_EXECUTION RES
    INNER JOIN ACT_RE_PROCDEF P ON RES.PROC_DEF_ID_ = P.ID_
     
     
     
     
     
     
     WHERE RES.PARENT_ID_ IS NULL
      
      
      
      
      
      
      
        AND RES.ID_ = ?
      
      
        AND RES.PROC_INST_ID_ = ? 
   
   
     ORDER BY  ORDER[*] BY RES.ID_ ASC  
    LIMIT ? OFFSET ? &quot;; expected &quot;=, NOT, EXISTS, INTERSECTS, SELECT, FROM&quot;; SQL statement:
select distinct RES.* , P.KEY_ as ProcessDefinitionKey, P.ID_ as ProcessDefinitionId, P.NAME_ as ProcessDefinitionName, P.VERSION_ as ProcessDefinitionVersion, P.DEPLOYMENT_ID_ as DeploymentId
       
    from ACT_RU_EXECUTION RES
    inner join ACT_RE_PROCDEF P on RES.PROC_DEF_ID_ = P.ID_
     
     
     
     
     
     
     WHERE RES.PARENT_ID_ is null
      
      
      
      
      
      
      
        and RES.ID_ = ?
      
      
        and RES.PROC_INST_ID_ = ? 
   
   
     order by  order by RES.ID_ asc  
    LIMIT ? OFFSET ? [42001-176]
	at org.h2.message.DbException.getJdbcSQLException(DbException.java:344)
	at org.h2.message.DbException.getSyntaxError(DbException.java:204)
	at org.h2.command.Parser.getSyntaxError(Parser.java:524)
	at org.h2.command.Parser.readTerm(Parser.java:2688)
	at org.h2.command.Parser.readFactor(Parser.java:2244)
	at org.h2.command.Parser.readSum(Parser.java:2231)
	at org.h2.command.Parser.readConcat(Parser.java:2201)
	at org.h2.command.Parser.readCondition(Parser.java:2051)
	at org.h2.command.Parser.readAnd(Parser.java:2023)
	at org.h2.command.Parser.readExpression(Parser.java:2015)
	at org.h2.command.Parser.parseEndOfQuery(Parser.java:1726)
	at org.h2.command.Parser.parseSelectUnionExtension(Parser.java:1706)
	at org.h2.command.Parser.parseSelectUnion(Parser.java:1675)
	at org.h2.command.Parser.parseSelect(Parser.java:1662)
	at org.h2.command.Parser.parsePrepared(Parser.java:434)
	at org.h2.command.Parser.parse(Parser.java:306)
	at org.h2.command.Parser.parse(Parser.java:282)
	at org.h2.command.Parser.prepareCommand(Parser.java:243)
	at org.h2.engine.Session.prepareLocal(Session.java:442)
	at org.h2.engine.Session.prepareCommand(Session.java:384)
	at org.h2.jdbc.JdbcConnection.prepareCommand(JdbcConnection.java:1188)
	at org.h2.jdbc.JdbcPreparedStatement.&lt;init&gt;(JdbcPreparedStatement.java:73)
	at org.h2.jdbc.JdbcConnection.prepareStatement(JdbcConnection.java:276)
	at sun.reflect.GeneratedMethodAccessor6.invoke(Unknown Source)
	at sun.reflect.DelegatingMethodAccessorImpl.invoke(DelegatingMethodAccessorImpl.java:43)
	at java.lang.reflect.Method.invoke(Method.java:498)
	at org.apache.ibatis.datasource.pooled.PooledConnection.invoke(PooledConnection.java:245)
	at com.sun.proxy.$Proxy12.prepareStatement(Unknown Source)
	at sun.reflect.GeneratedMethodAccessor6.invoke(Unknown Source)
	at sun.reflect.DelegatingMethodAccessorImpl.invoke(DelegatingMethodAccessorImpl.java:43)
	at java.lang.reflect.Method.invoke(Method.java:498)
	at org.apache.ibatis.logging.jdbc.ConnectionLogger.invoke(ConnectionLogger.java:55)
	at com.sun.proxy.$Proxy12.prepareStatement(Unknown Source)
	at org.apache.ibatis.executor.statement.PreparedStatementHandler.instantiateStatement(PreparedStatementHandler.java:79)
	at org.apache.ibatis.executor.statement.BaseStatementHandler.prepare(BaseStatementHandler.java:88)
	at org.apache.ibatis.executor.statement.RoutingStatementHandler.prepare(RoutingStatementHandler.java:58)
	at org.apache.ibatis.executor.SimpleExecutor.prepareStatement(SimpleExecutor.java:76)
	at org.apache.ibatis.executor.SimpleExecutor.doQuery(SimpleExecutor.java:61)
	at org.apache.ibatis.executor.BaseExecutor.queryFromDatabase(BaseExecutor.java:303)
	at org.apache.ibatis.executor.BaseExecutor.query(BaseExecutor.java:154)
	at org.apache.ibatis.executor.CachingExecutor.query(CachingExecutor.java:102)
	at org.apache.ibatis.executor.CachingExecutor.query(CachingExecutor.java:82)
	at org.apache.ibatis.session.defaults.DefaultSqlSession.selectList(DefaultSqlSession.java:120)
	... 42 more
10:47:59,279 [main] DEBUG org.activiti.engine.impl.test.PvmTestCase  - #### END StartAuthorizationTest.testPotentialStarter #############################################################
10:47:59,279 [main] ERROR org.activiti.engine.impl.test.PvmTestCase  - 

10:47:59,279 [main] ERROR org.activiti.engine.impl.test.PvmTestCase  - EXCEPTION: org.apache.ibatis.exceptions.PersistenceException: 
### Error querying database.  Cause: org.h2.jdbc.JdbcSQLException: Syntax error in SQL statement &quot;SELECT DISTINCT RES.* , P.KEY_ AS PROCESSDEFINITIONKEY, P.ID_ AS PROCESSDEFINITIONID, P.NAME_ AS PROCESSDEFINITIONNAME, P.VERSION_ AS PROCESSDEFINITIONVERSION, P.DEPLOYMENT_ID_ AS DEPLOYMENTID
       
    FROM ACT_RU_EXECUTION RES
    INNER JOIN ACT_RE_PROCDEF P ON RES.PROC_DEF_ID_ = P.ID_
     
     
     
     
     
     
     WHERE RES.PARENT_ID_ IS NULL
      
      
      
      
      
      
      
        AND RES.ID_ = ?
      
      
        AND RES.PROC_INST_ID_ = ? 
   
   
     ORDER BY  ORDER[*] BY RES.ID_ ASC  
    LIMIT ? OFFSET ? &quot;; expected &quot;=, NOT, EXISTS, INTERSECTS, SELECT, FROM&quot;; SQL statement:
select distinct RES.* , P.KEY_ as ProcessDefinitionKey, P.ID_ as ProcessDefinitionId, P.NAME_ as ProcessDefinitionName, P.VERSION_ as ProcessDefinitionVersion, P.DEPLOYMENT_ID_ as DeploymentId
       
    from ACT_RU_EXECUTION RES
    inner join ACT_RE_PROCDEF P on RES.PROC_DEF_ID_ = P.ID_
     
     
     
     
     
     
     WHERE RES.PARENT_ID_ is null
      
      
      
      
      
      
      
        and RES.ID_ = ?
      
      
        and RES.PROC_INST_ID_ = ? 
   
   
     order by  order by RES.ID_ asc  
    LIMIT ? OFFSET ? [42001-176]
### The error may exist in org/activiti/db/mapping/entity/Execution.xml
### The error may involve org.activiti.engine.impl.persistence.entity.ExecutionEntity.selectProcessInstanceByQueryCriteria
### The error occurred while executing a query
### SQL: select distinct RES.* , P.KEY_ as ProcessDefinitionKey, P.ID_ as ProcessDefinitionId, P.NAME_ as ProcessDefinitionName, P.VERSION_ as ProcessDefinitionVersion, P.DEPLOYMENT_ID_ as DeploymentId             from ACT_RU_EXECUTION RES     inner join ACT_RE_PROCDEF P on RES.PROC_DEF_ID_ = P.ID_                                          WHERE RES.PARENT_ID_ is null                                                          and RES.ID_ = ?                       and RES.PROC_INST_ID_ = ?               order by  order by RES.ID_ asc       LIMIT ? OFFSET ?
### Cause: org.h2.jdbc.JdbcSQLException: Syntax error in SQL statement &quot;SELECT DISTINCT RES.* , P.KEY_ AS PROCESSDEFINITIONKEY, P.ID_ AS PROCESSDEFINITIONID, P.NAME_ AS PROCESSDEFINITIONNAME, P.VERSION_ AS PROCESSDEFINITIONVERSION, P.DEPLOYMENT_ID_ AS DEPLOYMENTID
       
    FROM ACT_RU_EXECUTION RES
    INNER JOIN ACT_RE_PROCDEF P ON RES.PROC_DEF_ID_ = P.ID_
     
     
     
     
     
     
     WHERE RES.PARENT_ID_ IS NULL
      
      
      
      
      
      
      
        AND RES.ID_ = ?
      
      
        AND RES.PROC_INST_ID_ = ? 
   
   
     ORDER BY  ORDER[*] BY RES.ID_ ASC  
    LIMIT ? OFFSET ? &quot;; expected &quot;=, NOT, EXISTS, INTERSECTS, SELECT, FROM&quot;; SQL statement:
select distinct RES.* , P.KEY_ as ProcessDefinitionKey, P.ID_ as ProcessDefinitionId, P.NAME_ as ProcessDefinitionName, P.VERSION_ as ProcessDefinitionVersion, P.DEPLOYMENT_ID_ as DeploymentId
       
    from ACT_RU_EXECUTION RES
    inner join ACT_RE_PROCDEF P on RES.PROC_DEF_ID_ = P.ID_
     
     
     
     
     
     
     WHERE RES.PARENT_ID_ is null
      
      
      
      
      
      
      
        and RES.ID_ = ?
      
      
        and RES.PROC_INST_ID_ = ? 
   
   
     order by  order by RES.ID_ asc  
    LIMIT ? OFFSET ? [42001-176]
org.apache.ibatis.exceptions.PersistenceException: 
### Error querying database.  Cause: org.h2.jdbc.JdbcSQLException: Syntax error in SQL statement &quot;SELECT DISTINCT RES.* , P.KEY_ AS PROCESSDEFINITIONKEY, P.ID_ AS PROCESSDEFINITIONID, P.NAME_ AS PROCESSDEFINITIONNAME, P.VERSION_ AS PROCESSDEFINITIONVERSION, P.DEPLOYMENT_ID_ AS DEPLOYMENTID
       
    FROM ACT_RU_EXECUTION RES
    INNER JOIN ACT_RE_PROCDEF P ON RES.PROC_DEF_ID_ = P.ID_
     
     
     
     
     
     
     WHERE RES.PARENT_ID_ IS NULL
      
      
      
      
      
      
      
        AND RES.ID_ = ?
      
      
        AND RES.PROC_INST_ID_ = ? 
   
   
     ORDER BY  ORDER[*] BY RES.ID_ ASC  
    LIMIT ? OFFSET ? &quot;; expected &quot;=, NOT, EXISTS, INTERSECTS, SELECT, FROM&quot;; SQL statement:
select distinct RES.* , P.KEY_ as ProcessDefinitionKey, P.ID_ as ProcessDefinitionId, P.NAME_ as ProcessDefinitionName, P.VERSION_ as ProcessDefinitionVersion, P.DEPLOYMENT_ID_ as DeploymentId
       
    from ACT_RU_EXECUTION RES
    inner join ACT_RE_PROCDEF P on RES.PROC_DEF_ID_ = P.ID_
     
     
     
     
     
     
     WHERE RES.PARENT_ID_ is null
      
      
      
      
      
      
      
        and RES.ID_ = ?
      
      
        and RES.PROC_INST_ID_ = ? 
   
   
     order by  order by RES.ID_ asc  
    LIMIT ? OFFSET ? [42001-176]
### The error may exist in org/activiti/db/mapping/entity/Execution.xml
### The error may involve org.activiti.engine.impl.persistence.entity.ExecutionEntity.selectProcessInstanceByQueryCriteria
### The error occurred while executing a query
### SQL: select distinct RES.* , P.KEY_ as ProcessDefinitionKey, P.ID_ as ProcessDefinitionId, P.NAME_ as ProcessDefinitionName, P.VERSION_ as ProcessDefinitionVersion, P.DEPLOYMENT_ID_ as DeploymentId             from ACT_RU_EXECUTION RES     inner join ACT_RE_PROCDEF P on RES.PROC_DEF_ID_ = P.ID_                                          WHERE RES.PARENT_ID_ is null                                                          and RES.ID_ = ?                       and RES.PROC_INST_ID_ = ?               order by  order by RES.ID_ asc       LIMIT ? OFFSET ?
### Cause: org.h2.jdbc.JdbcSQLException: Syntax error in SQL statement &quot;SELECT DISTINCT RES.* , P.KEY_ AS PROCESSDEFINITIONKEY, P.ID_ AS PROCESSDEFINITIONID, P.NAME_ AS PROCESSDEFINITIONNAME, P.VERSION_ AS PROCESSDEFINITIONVERSION, P.DEPLOYMENT_ID_ AS DEPLOYMENTID
       
    FROM ACT_RU_EXECUTION RES
    INNER JOIN ACT_RE_PROCDEF P ON RES.PROC_DEF_ID_ = P.ID_
     
     
     
     
     
     
     WHERE RES.PARENT_ID_ IS NULL
      
      
      
      
      
      
      
        AND RES.ID_ = ?
      
      
        AND RES.PROC_INST_ID_ = ? 
   
   
     ORDER BY  ORDER[*] BY RES.ID_ ASC  
    LIMIT ? OFFSET ? &quot;; expected &quot;=, NOT, EXISTS, INTERSECTS, SELECT, FROM&quot;; SQL statement:
select distinct RES.* , P.KEY_ as ProcessDefinitionKey, P.ID_ as ProcessDefinitionId, P.NAME_ as ProcessDefinitionName, P.VERSION_ as ProcessDefinitionVersion, P.DEPLOYMENT_ID_ as DeploymentId
       
    from ACT_RU_EXECUTION RES
    inner join ACT_RE_PROCDEF P on RES.PROC_DEF_ID_ = P.ID_
     
     
     
     
     
     
     WHERE RES.PARENT_ID_ is null
      
      
      
      
      
      
      
        and RES.ID_ = ?
      
      
        and RES.PROC_INST_ID_ = ? 
   
   
     order by  order by RES.ID_ asc  
    LIMIT ? OFFSET ? [42001-176]
	at org.apache.ibatis.exceptions.ExceptionFactory.wrapException(ExceptionFactory.java:30)
	at org.apache.ibatis.session.defaults.DefaultSqlSession.selectList(DefaultSqlSession.java:122)
	at org.apache.ibatis.session.defaults.DefaultSqlSession.selectList(DefaultSqlSession.java:113)
	at org.activiti.engine.impl.db.DbSqlSession.selectListWithRawParameter(DbSqlSession.java:438)
	at org.activiti.engine.impl.db.DbSqlSession.selectList(DbSqlSession.java:429)
	at org.activiti.engine.impl.persistence.entity.ExecutionEntityManager.findProcessInstanceByQueryCriteria(ExecutionEntityManager.java:127)
	at org.activiti.engine.impl.ProcessInstanceQueryImpl.executeList(ProcessInstanceQueryImpl.java:541)
	at org.activiti.engine.impl.AbstractQuery.executeSingleResult(AbstractQuery.java:183)
	at org.activiti.engine.impl.AbstractQuery.execute(AbstractQuery.java:166)
	at org.activiti.engine.impl.interceptor.CommandInvoker.execute(CommandInvoker.java:24)
	at org.activiti.engine.impl.interceptor.CommandContextInterceptor.execute(CommandContextInterceptor.java:57)
	at org.activiti.engine.impl.interceptor.LogInterceptor.execute(LogInterceptor.java:37)
	at org.activiti.engine.impl.cfg.CommandExecutorImpl.execute(CommandExecutorImpl.java:40)
	at org.activiti.engine.impl.cfg.CommandExecutorImpl.execute(CommandExecutorImpl.java:35)
	at org.activiti.engine.impl.AbstractQuery.singleResult(AbstractQuery.java:129)
	at org.activiti.engine.impl.test.AbstractActivitiTestCase.assertProcessEnded(AbstractActivitiTestCase.java:196)
	at org.activiti.examples.bpmn.authorization.StartAuthorizationTest.testPotentialStarter(StartAuthorizationTest.java:219)
	at sun.reflect.NativeMethodAccessorImpl.invoke0(Native Method)
	at sun.reflect.NativeMethodAccessorImpl.invoke(NativeMethodAccessorImpl.java:62)
	at sun.reflect.DelegatingMethodAccessorImpl.invoke(DelegatingMethodAccessorImpl.java:43)
	at java.lang.reflect.Method.invoke(Method.java:498)
	at junit.framework.TestCase.runTest(TestCase.java:176)
	at org.activiti.engine.impl.test.PvmTestCase.runTest(PvmTestCase.java:65)
	at junit.framework.TestCase.runBare(TestCase.java:141)
	at org.activiti.engine.impl.test.AbstractActivitiTestCase.runBare(AbstractActivitiTestCase.java:100)
	at junit.framework.TestResult$1.protect(TestResult.java:122)
	at junit.framework.TestResult.runProtected(TestResult.java:142)
	at junit.framework.TestResult.run(TestResult.java:125)
	at junit.framework.TestCase.run(TestCase.java:129)
	at junit.framework.TestSuite.runTest(TestSuite.java:255)
	at junit.framework.TestSuite.run(TestSuite.java:250)
	at org.junit.internal.runners.JUnit38ClassRunner.run(JUnit38ClassRunner.java:84)
	at org.apache.maven.surefire.junit4.JUnit4TestSet.execute(JUnit4TestSet.java:35)
	at org.apache.maven.surefire.junit4.JUnit4Provider.executeTestSet(JUnit4Provider.java:146)
	at org.apache.maven.surefire.junit4.JUnit4Provider.invoke(JUnit4Provider.java:97)
	at sun.reflect.NativeMethodAccessorImpl.invoke0(Native Method)
	at sun.reflect.NativeMethodAccessorImpl.invoke(NativeMethodAccessorImpl.java:62)
	at sun.reflect.DelegatingMethodAccessorImpl.invoke(DelegatingMethodAccessorImpl.java:43)
	at java.lang.reflect.Method.invoke(Method.java:498)
	at org.apache.maven.surefire.booter.ProviderFactory$ClassLoaderProxy.invoke(ProviderFactory.java:103)
	at com.sun.proxy.$Proxy0.invoke(Unknown Source)
	at org.apache.maven.surefire.booter.SurefireStarter.invokeProvider(SurefireStarter.java:145)
	at org.apache.maven.surefire.booter.SurefireStarter.runSuitesInProcess(SurefireStarter.java:87)
	at org.apache.maven.surefire.booter.ForkedBooter.main(ForkedBooter.java:69)
Caused by: org.h2.jdbc.JdbcSQLException: Syntax error in SQL statement &quot;SELECT DISTINCT RES.* , P.KEY_ AS PROCESSDEFINITIONKEY, P.ID_ AS PROCESSDEFINITIONID, P.NAME_ AS PROCESSDEFINITIONNAME, P.VERSION_ AS PROCESSDEFINITIONVERSION, P.DEPLOYMENT_ID_ AS DEPLOYMENTID
       
    FROM ACT_RU_EXECUTION RES
    INNER JOIN ACT_RE_PROCDEF P ON RES.PROC_DEF_ID_ = P.ID_
     
     
     
     
     
     
     WHERE RES.PARENT_ID_ IS NULL
      
      
      
      
      
      
      
        AND RES.ID_ = ?
      
      
        AND RES.PROC_INST_ID_ = ? 
   
   
     ORDER BY  ORDER[*] BY RES.ID_ ASC  
    LIMIT ? OFFSET ? &quot;; expected &quot;=, NOT, EXISTS, INTERSECTS, SELECT, FROM&quot;; SQL statement:
select distinct RES.* , P.KEY_ as ProcessDefinitionKey, P.ID_ as ProcessDefinitionId, P.NAME_ as ProcessDefinitionName, P.VERSION_ as ProcessDefinitionVersion, P.DEPLOYMENT_ID_ as DeploymentId
       
    from ACT_RU_EXECUTION RES
    inner join ACT_RE_PROCDEF P on RES.PROC_DEF_ID_ = P.ID_
     
     
     
     
     
     
     WHERE RES.PARENT_ID_ is null
      
      
      
      
      
      
      
        and RES.ID_ = ?
      
      
        and RES.PROC_INST_ID_ = ? 
   
   
     order by  order by RES.ID_ asc  
    LIMIT ? OFFSET ? [42001-176]
	at org.h2.message.DbException.getJdbcSQLException(DbException.java:344)
	at org.h2.message.DbException.getSyntaxError(DbException.java:204)
	at org.h2.command.Parser.getSyntaxError(Parser.java:524)
	at org.h2.command.Parser.readTerm(Parser.java:2688)
	at org.h2.command.Parser.readFactor(Parser.java:2244)
	at org.h2.command.Parser.readSum(Parser.java:2231)
	at org.h2.command.Parser.readConcat(Parser.java:2201)
	at org.h2.command.Parser.readCondition(Parser.java:2051)
	at org.h2.command.Parser.readAnd(Parser.java:2023)
	at org.h2.command.Parser.readExpression(Parser.java:2015)
	at org.h2.command.Parser.parseEndOfQuery(Parser.java:1726)
	at org.h2.command.Parser.parseSelectUnionExtension(Parser.java:1706)
	at org.h2.command.Parser.parseSelectUnion(Parser.java:1675)
	at org.h2.command.Parser.parseSelect(Parser.java:1662)
	at org.h2.command.Parser.parsePrepared(Parser.java:434)
	at org.h2.command.Parser.parse(Parser.java:306)
	at org.h2.command.Parser.parse(Parser.java:282)
	at org.h2.command.Parser.prepareCommand(Parser.java:243)
	at org.h2.engine.Session.prepareLocal(Session.java:442)
	at org.h2.engine.Session.prepareCommand(Session.java:384)
	at org.h2.jdbc.JdbcConnection.prepareCommand(JdbcConnection.java:1188)
	at org.h2.jdbc.JdbcPreparedStatement.&lt;init&gt;(JdbcPreparedStatement.java:73)
	at org.h2.jdbc.JdbcConnection.prepareStatement(JdbcConnection.java:276)
	at sun.reflect.GeneratedMethodAccessor6.invoke(Unknown Source)
	at sun.reflect.DelegatingMethodAccessorImpl.invoke(DelegatingMethodAccessorImpl.java:43)
	at java.lang.reflect.Method.invoke(Method.java:498)
	at org.apache.ibatis.datasource.pooled.PooledConnection.invoke(PooledConnection.java:245)
	at com.sun.proxy.$Proxy12.prepareStatement(Unknown Source)
	at sun.reflect.GeneratedMethodAccessor6.invoke(Unknown Source)
	at sun.reflect.DelegatingMethodAccessorImpl.invoke(DelegatingMethodAccessorImpl.java:43)
	at java.lang.reflect.Method.invoke(Method.java:498)
	at org.apache.ibatis.logging.jdbc.ConnectionLogger.invoke(ConnectionLogger.java:55)
	at com.sun.proxy.$Proxy12.prepareStatement(Unknown Source)
	at org.apache.ibatis.executor.statement.PreparedStatementHandler.instantiateStatement(PreparedStatementHandler.java:79)
	at org.apache.ibatis.executor.statement.BaseStatementHandler.prepare(BaseStatementHandler.java:88)
	at org.apache.ibatis.executor.statement.RoutingStatementHandler.prepare(RoutingStatementHandler.java:58)
	at org.apache.ibatis.executor.SimpleExecutor.prepareStatement(SimpleExecutor.java:76)
	at org.apache.ibatis.executor.SimpleExecutor.doQuery(SimpleExecutor.java:61)
	at org.apache.ibatis.executor.BaseExecutor.queryFromDatabase(BaseExecutor.java:303)
	at org.apache.ibatis.executor.BaseExecutor.query(BaseExecutor.java:154)
	at org.apache.ibatis.executor.CachingExecutor.query(CachingExecutor.java:102)
	at org.apache.ibatis.executor.CachingExecutor.query(CachingExecutor.java:82)
	at org.apache.ibatis.session.defaults.DefaultSqlSession.selectList(DefaultSqlSession.java:120)
	... 42 more
10:47:59,279 [main] DEBUG org.activiti.engine.impl.test.TestHelper  - annotation @Deployment deletes deployment for StartAuthorizationTest.testPotentialStarter
10:47:59,279 [main] DEBUG org.activiti.engine.impl.interceptor.LogInterceptor  - 

10:47:59,279 [main] DEBUG org.activiti.engine.impl.interceptor.LogInterceptor  - --- starting DeleteDeploymentCmd --------------------------------------------------------
10:47:59,279 [main] DEBUG org.apache.ibatis.transaction.jdbc.JdbcTransaction  - Opening JDBC Connection
10:47:59,279 [main] DEBUG org.apache.ibatis.datasource.pooled.PooledDataSource  - Checked out connection 363509958 from pool.
10:47:59,279 [main] DEBUG org.apache.ibatis.transaction.jdbc.JdbcTransaction  - Setting autocommit to false on JDBC Connection [conn2: url=jdbc:h2:mem:activiti user=SA]
10:47:59,280 [main] DEBUG org.activiti.engine.impl.persistence.entity.DeploymentEntity.selectDeploymentById  - ==&gt;  Preparing: select * from ACT_RE_DEPLOYMENT where ID_ = ? 
10:47:59,280 [main] DEBUG org.activiti.engine.impl.persistence.entity.DeploymentEntity.selectDeploymentById  - ==&gt; Parameters: 1352(String)
10:47:59,280 [main] DEBUG org.activiti.engine.impl.persistence.entity.DeploymentEntity.selectDeploymentById  - &lt;==      Total: 1
10:47:59,280 [main] DEBUG org.activiti.engine.impl.persistence.entity.ProcessDefinitionEntity.selectProcessDefinitionsByQueryCriteria  - ==&gt;  Preparing: select RES.* from ACT_RE_PROCDEF RES WHERE RES.DEPLOYMENT_ID_ = ? order by order by RES.ID_ asc LIMIT ? OFFSET ? 
10:47:59,280 [main] DEBUG org.activiti.engine.impl.interceptor.CommandContext  - Error while closing command context
org.apache.ibatis.exceptions.PersistenceException: 
### Error querying database.  Cause: org.h2.jdbc.JdbcSQLException: Syntax error in SQL statement &quot;SELECT RES.* 
       
    FROM ACT_RE_PROCDEF RES
     
     WHERE  RES.DEPLOYMENT_ID_ = ? 
   
     ORDER BY  ORDER[*] BY RES.ID_ ASC  
    LIMIT ? OFFSET ? &quot;; expected &quot;=, NOT, EXISTS, INTERSECTS, SELECT, FROM&quot;; SQL statement:
select RES.* 
       
    from ACT_RE_PROCDEF RES
     
     WHERE  RES.DEPLOYMENT_ID_ = ? 
   
     order by  order by RES.ID_ asc  
    LIMIT ? OFFSET ? [42001-176]
### The error may exist in org/activiti/db/mapping/entity/ProcessDefinition.xml
### The error may involve org.activiti.engine.impl.persistence.entity.ProcessDefinitionEntity.selectProcessDefinitionsByQueryCriteria
### The error occurred while executing a query
### SQL: select RES.*              from ACT_RE_PROCDEF RES            WHERE  RES.DEPLOYMENT_ID_ = ?           order by  order by RES.ID_ asc       LIMIT ? OFFSET ?
### Cause: org.h2.jdbc.JdbcSQLException: Syntax error in SQL statement &quot;SELECT RES.* 
       
    FROM ACT_RE_PROCDEF RES
     
     WHERE  RES.DEPLOYMENT_ID_ = ? 
   
     ORDER BY  ORDER[*] BY RES.ID_ ASC  
    LIMIT ? OFFSET ? &quot;; expected &quot;=, NOT, EXISTS, INTERSECTS, SELECT, FROM&quot;; SQL statement:
select RES.* 
       
    from ACT_RE_PROCDEF RES
     
     WHERE  RES.DEPLOYMENT_ID_ = ? 
   
     order by  order by RES.ID_ asc  
    LIMIT ? OFFSET ? [42001-176]
	at org.apache.ibatis.exceptions.ExceptionFactory.wrapException(ExceptionFactory.java:30)
	at org.apache.ibatis.session.defaults.DefaultSqlSession.selectList(DefaultSqlSession.java:122)
	at org.apache.ibatis.session.defaults.DefaultSqlSession.selectList(DefaultSqlSession.java:113)
	at org.activiti.engine.impl.db.DbSqlSession.selectListWithRawParameter(DbSqlSession.java:438)
	at org.activiti.engine.impl.db.DbSqlSession.selectList(DbSqlSession.java:429)
	at org.activiti.engine.impl.db.DbSqlSession.selectList(DbSqlSession.java:419)
	at org.activiti.engine.impl.persistence.entity.ProcessDefinitionEntityManager.findProcessDefinitionsByQueryCriteria(ProcessDefinitionEntityManager.java:57)
	at org.activiti.engine.impl.ProcessDefinitionQueryImpl.executeList(ProcessDefinitionQueryImpl.java:307)
	at org.activiti.engine.impl.AbstractQuery.list(AbstractQuery.java:140)
	at org.activiti.engine.impl.persistence.deploy.DeploymentManager.removeDeployment(DeploymentManager.java:187)
	at org.activiti.engine.impl.cmd.DeleteDeploymentCmd.execute(DeleteDeploymentCmd.java:44)
	at org.activiti.engine.impl.cmd.DeleteDeploymentCmd.execute(DeleteDeploymentCmd.java:24)
	at org.activiti.engine.impl.interceptor.CommandInvoker.execute(CommandInvoker.java:24)
	at org.activiti.engine.impl.interceptor.CommandContextInterceptor.execute(CommandContextInterceptor.java:57)
	at org.activiti.engine.impl.interceptor.LogInterceptor.execute(LogInterceptor.java:37)
	at org.activiti.engine.impl.cfg.CommandExecutorImpl.execute(CommandExecutorImpl.java:40)
	at org.activiti.engine.impl.cfg.CommandExecutorImpl.execute(CommandExecutorImpl.java:35)
	at org.activiti.engine.impl.RepositoryServiceImpl.deleteDeployment(RepositoryServiceImpl.java:90)
	at org.activiti.engine.impl.test.TestHelper.annotationDeploymentTearDown(TestHelper.java:116)
	at org.activiti.engine.impl.test.AbstractActivitiTestCase.runBare(AbstractActivitiTestCase.java:116)
	at junit.framework.TestResult$1.protect(TestResult.java:122)
	at junit.framework.TestResult.runProtected(TestResult.java:142)
	at junit.framework.TestResult.run(TestResult.java:125)
	at junit.framework.TestCase.run(TestCase.java:129)
	at junit.framework.TestSuite.runTest(TestSuite.java:255)
	at junit.framework.TestSuite.run(TestSuite.java:250)
	at org.junit.internal.runners.JUnit38ClassRunner.run(JUnit38ClassRunner.java:84)
	at org.apache.maven.surefire.junit4.JUnit4TestSet.execute(JUnit4TestSet.java:35)
	at org.apache.maven.surefire.junit4.JUnit4Provider.executeTestSet(JUnit4Provider.java:146)
	at org.apache.maven.surefire.junit4.JUnit4Provider.invoke(JUnit4Provider.java:97)
	at sun.reflect.NativeMethodAccessorImpl.invoke0(Native Method)
	at sun.reflect.NativeMethodAccessorImpl.invoke(NativeMethodAccessorImpl.java:62)
	at sun.reflect.DelegatingMethodAccessorImpl.invoke(DelegatingMethodAccessorImpl.java:43)
	at java.lang.reflect.Method.invoke(Method.java:498)
	at org.apache.maven.surefire.booter.ProviderFactory$ClassLoaderProxy.invoke(ProviderFactory.java:103)
	at com.sun.proxy.$Proxy0.invoke(Unknown Source)
	at org.apache.maven.surefire.booter.SurefireStarter.invokeProvider(SurefireStarter.java:145)
	at org.apache.maven.surefire.booter.SurefireStarter.runSuitesInProcess(SurefireStarter.java:87)
	at org.apache.maven.surefire.booter.ForkedBooter.main(ForkedBooter.java:69)
Caused by: org.h2.jdbc.JdbcSQLException: Syntax error in SQL statement &quot;SELECT RES.* 
       
    FROM ACT_RE_PROCDEF RES
     
     WHERE  RES.DEPLOYMENT_ID_ = ? 
   
     ORDER BY  ORDER[*] BY RES.ID_ ASC  
    LIMIT ? OFFSET ? &quot;; expected &quot;=, NOT, EXISTS, INTERSECTS, SELECT, FROM&quot;; SQL statement:
select RES.* 
       
    from ACT_RE_PROCDEF RES
     
     WHERE  RES.DEPLOYMENT_ID_ = ? 
   
     order by  order by RES.ID_ asc  
    LIMIT ? OFFSET ? [42001-176]
	at org.h2.message.DbException.getJdbcSQLException(DbException.java:344)
	at org.h2.message.DbException.getSyntaxError(DbException.java:204)
	at org.h2.command.Parser.getSyntaxError(Parser.java:524)
	at org.h2.command.Parser.readTerm(Parser.java:2688)
	at org.h2.command.Parser.readFactor(Parser.java:2244)
	at org.h2.command.Parser.readSum(Parser.java:2231)
	at org.h2.command.Parser.readConcat(Parser.java:2201)
	at org.h2.command.Parser.readCondition(Parser.java:2051)
	at org.h2.command.Parser.readAnd(Parser.java:2023)
	at org.h2.command.Parser.readExpression(Parser.java:2015)
	at org.h2.command.Parser.parseEndOfQuery(Parser.java:1726)
	at org.h2.command.Parser.parseSelectUnionExtension(Parser.java:1706)
	at org.h2.command.Parser.parseSelectUnion(Parser.java:1675)
	at org.h2.command.Parser.parseSelect(Parser.java:1662)
	at org.h2.command.Parser.parsePrepared(Parser.java:434)
	at org.h2.command.Parser.parse(Parser.java:306)
	at org.h2.command.Parser.parse(Parser.java:282)
	at org.h2.command.Parser.prepareCommand(Parser.java:243)
	at org.h2.engine.Session.prepareLocal(Session.java:442)
	at org.h2.engine.Session.prepareCommand(Session.java:384)
	at org.h2.jdbc.JdbcConnection.prepareCommand(JdbcConnection.java:1188)
	at org.h2.jdbc.JdbcPreparedStatement.&lt;init&gt;(JdbcPreparedStatement.java:73)
	at org.h2.jdbc.JdbcConnection.prepareStatement(JdbcConnection.java:276)
	at sun.reflect.GeneratedMethodAccessor6.invoke(Unknown Source)
	at sun.reflect.DelegatingMethodAccessorImpl.invoke(DelegatingMethodAccessorImpl.java:43)
	at java.lang.reflect.Method.invoke(Method.java:498)
	at org.apache.ibatis.datasource.pooled.PooledConnection.invoke(PooledConnection.java:245)
	at com.sun.proxy.$Proxy12.prepareStatement(Unknown Source)
	at sun.reflect.GeneratedMethodAccessor6.invoke(Unknown Source)
	at sun.reflect.DelegatingMethodAccessorImpl.invoke(DelegatingMethodAccessorImpl.java:43)
	at java.lang.reflect.Method.invoke(Method.java:498)
	at org.apache.ibatis.logging.jdbc.ConnectionLogger.invoke(ConnectionLogger.java:55)
	at com.sun.proxy.$Proxy12.prepareStatement(Unknown Source)
	at org.apache.ibatis.executor.statement.PreparedStatementHandler.instantiateStatement(PreparedStatementHandler.java:79)
	at org.apache.ibatis.executor.statement.BaseStatementHandler.prepare(BaseStatementHandler.java:88)
	at org.apache.ibatis.executor.statement.RoutingStatementHandler.prepare(RoutingStatementHandler.java:58)
	at org.apache.ibatis.executor.SimpleExecutor.prepareStatement(SimpleExecutor.java:76)
	at org.apache.ibatis.executor.SimpleExecutor.doQuery(SimpleExecutor.java:61)
	at org.apache.ibatis.executor.BaseExecutor.queryFromDatabase(BaseExecutor.java:303)
	at org.apache.ibatis.executor.BaseExecutor.query(BaseExecutor.java:154)
	at org.apache.ibatis.executor.CachingExecutor.query(CachingExecutor.java:102)
	at org.apache.ibatis.executor.CachingExecutor.query(CachingExecutor.java:82)
	at org.apache.ibatis.session.defaults.DefaultSqlSession.selectList(DefaultSqlSession.java:120)
	... 37 more
10:47:59,280 [main] DEBUG org.activiti.engine.impl.cfg.standalone.StandaloneMybatisTransactionContext  - firing event rolling back...
10:47:59,280 [main] DEBUG org.activiti.engine.impl.cfg.standalone.StandaloneMybatisTransactionContext  - rolling back ibatis sql session...
10:47:59,280 [main] DEBUG org.activiti.engine.impl.cfg.standalone.StandaloneMybatisTransactionContext  - firing event rolled back...
10:47:59,280 [main] DEBUG org.apache.ibatis.transaction.jdbc.JdbcTransaction  - Resetting autocommit to true on JDBC Connection [conn2: url=jdbc:h2:mem:activiti user=SA]
10:47:59,280 [main] DEBUG org.apache.ibatis.transaction.jdbc.JdbcTransaction  - Closing JDBC Connection [conn2: url=jdbc:h2:mem:activiti user=SA]
10:47:59,280 [main] DEBUG org.apache.ibatis.datasource.pooled.PooledDataSource  - Returned connection 363509958 to pool.
10:47:59,280 [main] DEBUG org.activiti.engine.impl.interceptor.LogInterceptor  - --- DeleteDeploymentCmd finished --------------------------------------------------------
10:47:59,280 [main] DEBUG org.activiti.engine.impl.interceptor.LogInterceptor  - 

</system-out>
  </testcase>
  <testcase classname="org.activiti.examples.bpmn.authorization.StartAuthorizationTest" name="testAddAndRemoveIdentityLinks" time="0.025">
    <error message="
### Error querying database.  Cause: org.h2.jdbc.JdbcSQLException: Syntax error in SQL statement &quot;SELECT RES.* 
       
    FROM ACT_RE_PROCDEF RES
     
     WHERE  RES.DEPLOYMENT_ID_ = ? 
   
     ORDER BY  ORDER[*] BY RES.ID_ ASC  
    LIMIT ? OFFSET ? &quot;; expected &quot;=, NOT, EXISTS, INTERSECTS, SELECT, FROM&quot;; SQL statement:
select RES.* 
       
    from ACT_RE_PROCDEF RES
     
     WHERE  RES.DEPLOYMENT_ID_ = ? 
   
     order by  order by RES.ID_ asc  
    LIMIT ? OFFSET ? [42001-176]
### The error may exist in org/activiti/db/mapping/entity/ProcessDefinition.xml
### The error may involve org.activiti.engine.impl.persistence.entity.ProcessDefinitionEntity.selectProcessDefinitionsByQueryCriteria
### The error occurred while executing a query
### SQL: select RES.*              from ACT_RE_PROCDEF RES            WHERE  RES.DEPLOYMENT_ID_ = ?           order by  order by RES.ID_ asc       LIMIT ? OFFSET ?
### Cause: org.h2.jdbc.JdbcSQLException: Syntax error in SQL statement &quot;SELECT RES.* 
       
    FROM ACT_RE_PROCDEF RES
     
     WHERE  RES.DEPLOYMENT_ID_ = ? 
   
     ORDER BY  ORDER[*] BY RES.ID_ ASC  
    LIMIT ? OFFSET ? &quot;; expected &quot;=, NOT, EXISTS, INTERSECTS, SELECT, FROM&quot;; SQL statement:
select RES.* 
       
    from ACT_RE_PROCDEF RES
     
     WHERE  RES.DEPLOYMENT_ID_ = ? 
   
     order by  order by RES.ID_ asc  
    LIMIT ? OFFSET ? [42001-176]" type="org.apache.ibatis.exceptions.PersistenceException">org.apache.ibatis.exceptions.PersistenceException: 
### Error querying database.  Cause: org.h2.jdbc.JdbcSQLException: Syntax error in SQL statement &quot;SELECT RES.* 
       
    FROM ACT_RE_PROCDEF RES
     
     WHERE  RES.DEPLOYMENT_ID_ = ? 
   
     ORDER BY  ORDER[*] BY RES.ID_ ASC  
    LIMIT ? OFFSET ? &quot;; expected &quot;=, NOT, EXISTS, INTERSECTS, SELECT, FROM&quot;; SQL statement:
select RES.* 
       
    from ACT_RE_PROCDEF RES
     
     WHERE  RES.DEPLOYMENT_ID_ = ? 
   
     order by  order by RES.ID_ asc  
    LIMIT ? OFFSET ? [42001-176]
### The error may exist in org/activiti/db/mapping/entity/ProcessDefinition.xml
### The error may involve org.activiti.engine.impl.persistence.entity.ProcessDefinitionEntity.selectProcessDefinitionsByQueryCriteria
### The error occurred while executing a query
### SQL: select RES.*              from ACT_RE_PROCDEF RES            WHERE  RES.DEPLOYMENT_ID_ = ?           order by  order by RES.ID_ asc       LIMIT ? OFFSET ?
### Cause: org.h2.jdbc.JdbcSQLException: Syntax error in SQL statement &quot;SELECT RES.* 
       
    FROM ACT_RE_PROCDEF RES
     
     WHERE  RES.DEPLOYMENT_ID_ = ? 
   
     ORDER BY  ORDER[*] BY RES.ID_ ASC  
    LIMIT ? OFFSET ? &quot;; expected &quot;=, NOT, EXISTS, INTERSECTS, SELECT, FROM&quot;; SQL statement:
select RES.* 
       
    from ACT_RE_PROCDEF RES
     
     WHERE  RES.DEPLOYMENT_ID_ = ? 
   
     order by  order by RES.ID_ asc  
    LIMIT ? OFFSET ? [42001-176]
	at org.apache.ibatis.exceptions.ExceptionFactory.wrapException(ExceptionFactory.java:30)
	at org.apache.ibatis.session.defaults.DefaultSqlSession.selectList(DefaultSqlSession.java:122)
	at org.apache.ibatis.session.defaults.DefaultSqlSession.selectList(DefaultSqlSession.java:113)
	at org.activiti.engine.impl.db.DbSqlSession.selectListWithRawParameter(DbSqlSession.java:438)
	at org.activiti.engine.impl.db.DbSqlSession.selectList(DbSqlSession.java:429)
	at org.activiti.engine.impl.db.DbSqlSession.selectList(DbSqlSession.java:419)
	at org.activiti.engine.impl.persistence.entity.ProcessDefinitionEntityManager.findProcessDefinitionsByQueryCriteria(ProcessDefinitionEntityManager.java:57)
	at org.activiti.engine.impl.ProcessDefinitionQueryImpl.executeList(ProcessDefinitionQueryImpl.java:307)
	at org.activiti.engine.impl.AbstractQuery.list(AbstractQuery.java:140)
	at org.activiti.engine.impl.persistence.deploy.DeploymentManager.removeDeployment(DeploymentManager.java:187)
	at org.activiti.engine.impl.cmd.DeleteDeploymentCmd.execute(DeleteDeploymentCmd.java:44)
	at org.activiti.engine.impl.cmd.DeleteDeploymentCmd.execute(DeleteDeploymentCmd.java:24)
	at org.activiti.engine.impl.interceptor.CommandInvoker.execute(CommandInvoker.java:24)
	at org.activiti.engine.impl.interceptor.CommandContextInterceptor.execute(CommandContextInterceptor.java:57)
	at org.activiti.engine.impl.interceptor.LogInterceptor.execute(LogInterceptor.java:37)
	at org.activiti.engine.impl.cfg.CommandExecutorImpl.execute(CommandExecutorImpl.java:40)
	at org.activiti.engine.impl.cfg.CommandExecutorImpl.execute(CommandExecutorImpl.java:35)
	at org.activiti.engine.impl.RepositoryServiceImpl.deleteDeployment(RepositoryServiceImpl.java:90)
	at org.activiti.engine.impl.test.TestHelper.annotationDeploymentTearDown(TestHelper.java:116)
	at org.activiti.engine.impl.test.AbstractActivitiTestCase.runBare(AbstractActivitiTestCase.java:116)
	at junit.framework.TestResult$1.protect(TestResult.java:122)
	at junit.framework.TestResult.runProtected(TestResult.java:142)
	at junit.framework.TestResult.run(TestResult.java:125)
	at junit.framework.TestCase.run(TestCase.java:129)
	at junit.framework.TestSuite.runTest(TestSuite.java:255)
	at junit.framework.TestSuite.run(TestSuite.java:250)
	at org.junit.internal.runners.JUnit38ClassRunner.run(JUnit38ClassRunner.java:84)
	at org.apache.maven.surefire.junit4.JUnit4TestSet.execute(JUnit4TestSet.java:35)
	at org.apache.maven.surefire.junit4.JUnit4Provider.executeTestSet(JUnit4Provider.java:146)
	at org.apache.maven.surefire.junit4.JUnit4Provider.invoke(JUnit4Provider.java:97)
	at sun.reflect.NativeMethodAccessorImpl.invoke0(Native Method)
	at sun.reflect.NativeMethodAccessorImpl.invoke(NativeMethodAccessorImpl.java:62)
	at sun.reflect.DelegatingMethodAccessorImpl.invoke(DelegatingMethodAccessorImpl.java:43)
	at java.lang.reflect.Method.invoke(Method.java:498)
	at org.apache.maven.surefire.booter.ProviderFactory$ClassLoaderProxy.invoke(ProviderFactory.java:103)
	at com.sun.proxy.$Proxy0.invoke(Unknown Source)
	at org.apache.maven.surefire.booter.SurefireStarter.invokeProvider(SurefireStarter.java:145)
	at org.apache.maven.surefire.booter.SurefireStarter.runSuitesInProcess(SurefireStarter.java:87)
	at org.apache.maven.surefire.booter.ForkedBooter.main(ForkedBooter.java:69)
Caused by: org.h2.jdbc.JdbcSQLException: Syntax error in SQL statement &quot;SELECT RES.* 
       
    FROM ACT_RE_PROCDEF RES
     
     WHERE  RES.DEPLOYMENT_ID_ = ? 
   
     ORDER BY  ORDER[*] BY RES.ID_ ASC  
    LIMIT ? OFFSET ? &quot;; expected &quot;=, NOT, EXISTS, INTERSECTS, SELECT, FROM&quot;; SQL statement:
select RES.* 
       
    from ACT_RE_PROCDEF RES
     
     WHERE  RES.DEPLOYMENT_ID_ = ? 
   
     order by  order by RES.ID_ asc  
    LIMIT ? OFFSET ? [42001-176]
	at org.h2.message.DbException.getJdbcSQLException(DbException.java:344)
	at org.h2.message.DbException.getSyntaxError(DbException.java:204)
	at org.h2.command.Parser.getSyntaxError(Parser.java:524)
	at org.h2.command.Parser.readTerm(Parser.java:2688)
	at org.h2.command.Parser.readFactor(Parser.java:2244)
	at org.h2.command.Parser.readSum(Parser.java:2231)
	at org.h2.command.Parser.readConcat(Parser.java:2201)
	at org.h2.command.Parser.readCondition(Parser.java:2051)
	at org.h2.command.Parser.readAnd(Parser.java:2023)
	at org.h2.command.Parser.readExpression(Parser.java:2015)
	at org.h2.command.Parser.parseEndOfQuery(Parser.java:1726)
	at org.h2.command.Parser.parseSelectUnionExtension(Parser.java:1706)
	at org.h2.command.Parser.parseSelectUnion(Parser.java:1675)
	at org.h2.command.Parser.parseSelect(Parser.java:1662)
	at org.h2.command.Parser.parsePrepared(Parser.java:434)
	at org.h2.command.Parser.parse(Parser.java:306)
	at org.h2.command.Parser.parse(Parser.java:282)
	at org.h2.command.Parser.prepareCommand(Parser.java:243)
	at org.h2.engine.Session.prepareLocal(Session.java:442)
	at org.h2.engine.Session.prepareCommand(Session.java:384)
	at org.h2.jdbc.JdbcConnection.prepareCommand(JdbcConnection.java:1188)
	at org.h2.jdbc.JdbcPreparedStatement.&lt;init&gt;(JdbcPreparedStatement.java:73)
	at org.h2.jdbc.JdbcConnection.prepareStatement(JdbcConnection.java:276)
	at sun.reflect.GeneratedMethodAccessor6.invoke(Unknown Source)
	at sun.reflect.DelegatingMethodAccessorImpl.invoke(DelegatingMethodAccessorImpl.java:43)
	at java.lang.reflect.Method.invoke(Method.java:498)
	at org.apache.ibatis.datasource.pooled.PooledConnection.invoke(PooledConnection.java:245)
	at com.sun.proxy.$Proxy12.prepareStatement(Unknown Source)
	at sun.reflect.GeneratedMethodAccessor6.invoke(Unknown Source)
	at sun.reflect.DelegatingMethodAccessorImpl.invoke(DelegatingMethodAccessorImpl.java:43)
	at java.lang.reflect.Method.invoke(Method.java:498)
	at org.apache.ibatis.logging.jdbc.ConnectionLogger.invoke(ConnectionLogger.java:55)
	at com.sun.proxy.$Proxy12.prepareStatement(Unknown Source)
	at org.apache.ibatis.executor.statement.PreparedStatementHandler.instantiateStatement(PreparedStatementHandler.java:79)
	at org.apache.ibatis.executor.statement.BaseStatementHandler.prepare(BaseStatementHandler.java:88)
	at org.apache.ibatis.executor.statement.RoutingStatementHandler.prepare(RoutingStatementHandler.java:58)
	at org.apache.ibatis.executor.SimpleExecutor.prepareStatement(SimpleExecutor.java:76)
	at org.apache.ibatis.executor.SimpleExecutor.doQuery(SimpleExecutor.java:61)
	at org.apache.ibatis.executor.BaseExecutor.queryFromDatabase(BaseExecutor.java:303)
	at org.apache.ibatis.executor.BaseExecutor.query(BaseExecutor.java:154)
	at org.apache.ibatis.executor.CachingExecutor.query(CachingExecutor.java:102)
	at org.apache.ibatis.executor.CachingExecutor.query(CachingExecutor.java:82)
	at org.apache.ibatis.session.defaults.DefaultSqlSession.selectList(DefaultSqlSession.java:120)
	... 37 more
</error>
    <system-out>10:47:59,281 [main] DEBUG org.activiti.engine.impl.test.TestHelper  - annotation @Deployment creates deployment for StartAuthorizationTest.testAddAndRemoveIdentityLinks
10:47:59,281 [main] DEBUG org.activiti.engine.impl.interceptor.LogInterceptor  - 

10:47:59,281 [main] DEBUG org.activiti.engine.impl.interceptor.LogInterceptor  - --- starting DeployCmd --------------------------------------------------------
10:47:59,281 [main] DEBUG org.activiti.engine.impl.bpmn.deployer.BpmnDeployer  - Processing deployment StartAuthorizationTest.testAddAndRemoveIdentityLinks
10:47:59,281 [main] INFO  org.activiti.engine.impl.bpmn.deployer.BpmnDeployer  - Processing resource org/activiti/examples/bpmn/authorization/StartAuthorizationTest.testAddAndRemoveIdentityLinks.bpmn20.xml
10:47:59,285 [main] DEBUG org.activiti.engine.impl.bpmn.parser.handler.ProcessParseHandler  - Parsing process potentialStarterNoDefinition
10:47:59,285 [main] DEBUG org.activiti.engine.impl.bpmn.parser.handler.AbstractBpmnParseHandler  - Parsing activity theStart
10:47:59,285 [main] DEBUG org.activiti.engine.impl.bpmn.parser.handler.AbstractBpmnParseHandler  - Parsing activity theEnd
10:47:59,285 [main] DEBUG org.apache.ibatis.transaction.jdbc.JdbcTransaction  - Opening JDBC Connection
10:47:59,285 [main] DEBUG org.apache.ibatis.datasource.pooled.PooledDataSource  - Checked out connection 180014677 from pool.
10:47:59,285 [main] DEBUG org.apache.ibatis.transaction.jdbc.JdbcTransaction  - Setting autocommit to false on JDBC Connection [conn3: url=jdbc:h2:mem:activiti user=SA]
10:47:59,285 [main] DEBUG org.activiti.engine.impl.persistence.entity.ProcessDefinitionEntity.selectLatestProcessDefinitionByKey  - ==&gt;  Preparing: select * from ACT_RE_PROCDEF where KEY_ = ? and (TENANT_ID_ = &apos;&apos; or TENANT_ID_ is null) and VERSION_ = (select max(VERSION_) from ACT_RE_PROCDEF where KEY_ = ? and (TENANT_ID_ = &apos;&apos; or TENANT_ID_ is null)) 
10:47:59,285 [main] DEBUG org.activiti.engine.impl.persistence.entity.ProcessDefinitionEntity.selectLatestProcessDefinitionByKey  - ==&gt; Parameters: potentialStarterNoDefinition(String), potentialStarterNoDefinition(String)
10:47:59,285 [main] DEBUG org.activiti.engine.impl.persistence.entity.ProcessDefinitionEntity.selectLatestProcessDefinitionByKey  - &lt;==      Total: 1
10:47:59,285 [main] DEBUG org.activiti.engine.impl.persistence.entity.JobEntity.selectJobByTypeAndProcessDefinitionKeyNoTenantId  - ==&gt;  Preparing: select J.* from ACT_RU_JOB J inner join ACT_RE_PROCDEF P on J.PROC_DEF_ID_ = P.ID_ where J.HANDLER_TYPE_ = ? and P.KEY_ = ? and (P.TENANT_ID_ = &apos;&apos; or P.TENANT_ID_ is null) 
10:47:59,285 [main] DEBUG org.activiti.engine.impl.persistence.entity.JobEntity.selectJobByTypeAndProcessDefinitionKeyNoTenantId  - ==&gt; Parameters: timer-start-event(String), potentialStarterNoDefinition(String)
10:47:59,285 [main] DEBUG org.activiti.engine.impl.persistence.entity.JobEntity.selectJobByTypeAndProcessDefinitionKeyNoTenantId  - &lt;==      Total: 0
10:47:59,286 [main] DEBUG org.activiti.engine.impl.persistence.entity.EventSubscriptionEntity.selectEventSubscriptionsByConfiguration  - ==&gt;  Preparing: select * from ACT_RU_EVENT_SUBSCR where (EVENT_TYPE_ = ?) and ( (CONFIGURATION_ = ?) or (PROC_DEF_ID_ = ?) ) and (TENANT_ID_ = &apos;&apos; or TENANT_ID_ is null) 
10:47:59,286 [main] DEBUG org.activiti.engine.impl.persistence.entity.EventSubscriptionEntity.selectEventSubscriptionsByConfiguration  - ==&gt; Parameters: message(String), potentialStarterNoDefinition:1:1347(String), potentialStarterNoDefinition:1:1347(String)
10:47:59,286 [main] DEBUG org.activiti.engine.impl.persistence.entity.EventSubscriptionEntity.selectEventSubscriptionsByConfiguration  - &lt;==      Total: 0
10:47:59,286 [main] DEBUG org.activiti.engine.impl.persistence.entity.EventSubscriptionEntity.selectEventSubscriptionsByConfiguration  - ==&gt;  Preparing: select * from ACT_RU_EVENT_SUBSCR where (EVENT_TYPE_ = ?) and ( (CONFIGURATION_ = ?) or (PROC_DEF_ID_ = ?) ) and (TENANT_ID_ = &apos;&apos; or TENANT_ID_ is null) 
10:47:59,286 [main] DEBUG org.activiti.engine.impl.persistence.entity.EventSubscriptionEntity.selectEventSubscriptionsByConfiguration  - ==&gt; Parameters: signal(String), potentialStarterNoDefinition:1:1347(String), potentialStarterNoDefinition:1:1347(String)
10:47:59,286 [main] DEBUG org.activiti.engine.impl.persistence.entity.EventSubscriptionEntity.selectEventSubscriptionsByConfiguration  - &lt;==      Total: 0
10:47:59,286 [main] DEBUG org.activiti.engine.impl.persistence.entity.ProcessDefinitionInfoEntity.selectProcessDefinitionInfoByProcessDefinitionId  - ==&gt;  Preparing: select * from ACT_PROCDEF_INFO where PROC_DEF_ID_ = ? 
10:47:59,286 [main] DEBUG org.activiti.engine.impl.persistence.entity.ProcessDefinitionInfoEntity.selectProcessDefinitionInfoByProcessDefinitionId  - ==&gt; Parameters: potentialStarterNoDefinition:2:1374(String)
10:47:59,286 [main] DEBUG org.activiti.engine.impl.persistence.entity.ProcessDefinitionInfoEntity.selectProcessDefinitionInfoByProcessDefinitionId  - &lt;==      Total: 0
10:47:59,286 [main] DEBUG org.activiti.engine.impl.interceptor.LogInterceptor  - 

10:47:59,286 [main] DEBUG org.activiti.engine.impl.interceptor.LogInterceptor  - --- starting GetProcessDefinitionInfoCmd --------------------------------------------------------
10:47:59,286 [main] DEBUG org.activiti.engine.impl.interceptor.CommandContextInterceptor  - Valid context found. Reusing it for the current command &apos;org.activiti.engine.impl.cmd.GetProcessDefinitionInfoCmd&apos;
10:47:59,286 [main] DEBUG org.activiti.engine.impl.interceptor.LogInterceptor  - 

10:47:59,286 [main] DEBUG org.activiti.engine.impl.interceptor.LogInterceptor  - --- starting  --------------------------------------------------------
10:47:59,286 [main] DEBUG org.activiti.engine.impl.interceptor.CommandContextInterceptor  - Valid context found. Reusing it for the current command &apos;null&apos;
10:47:59,286 [main] DEBUG org.activiti.engine.impl.interceptor.LogInterceptor  - ---  finished --------------------------------------------------------
10:47:59,286 [main] DEBUG org.activiti.engine.impl.interceptor.LogInterceptor  - 

10:47:59,286 [main] DEBUG org.activiti.engine.impl.interceptor.LogInterceptor  - --- GetProcessDefinitionInfoCmd finished --------------------------------------------------------
10:47:59,286 [main] DEBUG org.activiti.engine.impl.interceptor.LogInterceptor  - 

10:47:59,286 [main] DEBUG org.activiti.engine.impl.db.DbSqlSession  -   insert ResourceEntity[id=1373, name=org/activiti/examples/bpmn/authorization/StartAuthorizationTest.testAddAndRemoveIdentityLinks.bpmn20.xml]
10:47:59,286 [main] DEBUG org.activiti.engine.impl.db.DbSqlSession  -   insert DeploymentEntity[id=1372, name=StartAuthorizationTest.testAddAndRemoveIdentityLinks]
10:47:59,286 [main] DEBUG org.activiti.engine.impl.db.DbSqlSession  -   insert ProcessDefinitionEntity[potentialStarterNoDefinition:2:1374]
10:47:59,286 [main] DEBUG org.activiti.engine.impl.db.DbSqlSession  - flush summary: 3 insert, 0 update, 0 delete.
10:47:59,286 [main] DEBUG org.activiti.engine.impl.db.DbSqlSession  - now executing flush...
10:47:59,286 [main] DEBUG org.activiti.engine.impl.db.DbSqlSession  - inserting: ProcessDefinitionEntity[potentialStarterNoDefinition:2:1374]
10:47:59,286 [main] DEBUG org.activiti.engine.impl.persistence.entity.ProcessDefinitionEntity.insertProcessDefinition  - ==&gt;  Preparing: insert into ACT_RE_PROCDEF(ID_, REV_, CATEGORY_, NAME_, KEY_, VERSION_, DEPLOYMENT_ID_, RESOURCE_NAME_, DGRM_RESOURCE_NAME_, DESCRIPTION_, HAS_START_FORM_KEY_, HAS_GRAPHICAL_NOTATION_ , SUSPENSION_STATE_, TENANT_ID_) values (?, 1, ?, ?, ?, ?, ?, ?, ?, ?, ?, ?, ?, ?) 
10:47:59,286 [main] DEBUG org.activiti.engine.impl.persistence.entity.ProcessDefinitionEntity.insertProcessDefinition  - ==&gt; Parameters: potentialStarterNoDefinition:2:1374(String), Examples(String), null, potentialStarterNoDefinition(String), 2(Integer), 1372(String), org/activiti/examples/bpmn/authorization/StartAuthorizationTest.testAddAndRemoveIdentityLinks.bpmn20.xml(String), null, null, false(Boolean), false(Boolean), 1(Integer), (String)
10:47:59,286 [main] DEBUG org.activiti.engine.impl.persistence.entity.ProcessDefinitionEntity.insertProcessDefinition  - &lt;==    Updates: 1
10:47:59,286 [main] DEBUG org.activiti.engine.impl.db.DbSqlSession  - inserting: DeploymentEntity[id=1372, name=StartAuthorizationTest.testAddAndRemoveIdentityLinks]
10:47:59,286 [main] DEBUG org.activiti.engine.impl.persistence.entity.DeploymentEntity.insertDeployment  - ==&gt;  Preparing: insert into ACT_RE_DEPLOYMENT(ID_, NAME_, CATEGORY_, TENANT_ID_, DEPLOY_TIME_) values(?, ?, ?, ?, ?) 
10:47:59,286 [main] DEBUG org.activiti.engine.impl.persistence.entity.DeploymentEntity.insertDeployment  - ==&gt; Parameters: 1372(String), StartAuthorizationTest.testAddAndRemoveIdentityLinks(String), null, (String), 2023-03-20 10:48:50.669(Timestamp)
10:47:59,286 [main] DEBUG org.activiti.engine.impl.persistence.entity.DeploymentEntity.insertDeployment  - &lt;==    Updates: 1
10:47:59,286 [main] DEBUG org.activiti.engine.impl.db.DbSqlSession  - inserting: ResourceEntity[id=1373, name=org/activiti/examples/bpmn/authorization/StartAuthorizationTest.testAddAndRemoveIdentityLinks.bpmn20.xml]
10:47:59,286 [main] DEBUG org.activiti.engine.impl.persistence.entity.ResourceEntity.insertResource  - ==&gt;  Preparing: insert into ACT_GE_BYTEARRAY(ID_, REV_, NAME_, BYTES_, DEPLOYMENT_ID_, GENERATED_) values (?, 1, ?, ?, ?, ?) 
10:47:59,286 [main] DEBUG org.activiti.engine.impl.persistence.entity.ResourceEntity.insertResource  - ==&gt; Parameters: 1373(String), org/activiti/examples/bpmn/authorization/StartAuthorizationTest.testAddAndRemoveIdentityLinks.bpmn20.xml(String), java.io.ByteArrayInputStream@5240ea03(ByteArrayInputStream), 1372(String), false(Boolean)
10:47:59,286 [main] DEBUG org.activiti.engine.impl.persistence.entity.ResourceEntity.insertResource  - &lt;==    Updates: 1
10:47:59,286 [main] DEBUG org.activiti.engine.impl.cfg.standalone.StandaloneMybatisTransactionContext  - firing event committing...
10:47:59,286 [main] DEBUG org.activiti.engine.impl.cfg.standalone.StandaloneMybatisTransactionContext  - committing the ibatis sql session...
10:47:59,286 [main] DEBUG org.apache.ibatis.transaction.jdbc.JdbcTransaction  - Committing JDBC Connection [conn3: url=jdbc:h2:mem:activiti user=SA]
10:47:59,286 [main] DEBUG org.activiti.engine.impl.cfg.standalone.StandaloneMybatisTransactionContext  - firing event committed...
10:47:59,286 [main] DEBUG org.apache.ibatis.transaction.jdbc.JdbcTransaction  - Resetting autocommit to true on JDBC Connection [conn3: url=jdbc:h2:mem:activiti user=SA]
10:47:59,286 [main] DEBUG org.apache.ibatis.transaction.jdbc.JdbcTransaction  - Closing JDBC Connection [conn3: url=jdbc:h2:mem:activiti user=SA]
10:47:59,286 [main] DEBUG org.apache.ibatis.datasource.pooled.PooledDataSource  - Returned connection 180014677 to pool.
10:47:59,287 [main] DEBUG org.activiti.engine.impl.interceptor.LogInterceptor  - --- DeployCmd finished --------------------------------------------------------
10:47:59,287 [main] DEBUG org.activiti.engine.impl.interceptor.LogInterceptor  - 

10:47:59,287 [main] DEBUG org.activiti.engine.impl.test.PvmTestCase  - 

10:47:59,287 [main] DEBUG org.activiti.engine.impl.test.PvmTestCase  - #### START StartAuthorizationTest.testAddAndRemoveIdentityLinks ###########################################################
10:47:59,287 [main] DEBUG org.activiti.engine.impl.interceptor.LogInterceptor  - 

10:47:59,287 [main] DEBUG org.activiti.engine.impl.interceptor.LogInterceptor  - --- starting CreateUserCmd --------------------------------------------------------
10:47:59,287 [main] DEBUG org.activiti.engine.impl.cfg.standalone.StandaloneMybatisTransactionContext  - firing event committing...
10:47:59,287 [main] DEBUG org.activiti.engine.impl.cfg.standalone.StandaloneMybatisTransactionContext  - committing the ibatis sql session...
10:47:59,287 [main] DEBUG org.activiti.engine.impl.cfg.standalone.StandaloneMybatisTransactionContext  - firing event committed...
10:47:59,287 [main] DEBUG org.activiti.engine.impl.interceptor.LogInterceptor  - --- CreateUserCmd finished --------------------------------------------------------
10:47:59,287 [main] DEBUG org.activiti.engine.impl.interceptor.LogInterceptor  - 

10:47:59,287 [main] DEBUG org.activiti.engine.impl.interceptor.LogInterceptor  - 

10:47:59,287 [main] DEBUG org.activiti.engine.impl.interceptor.LogInterceptor  - --- starting SaveUserCmd --------------------------------------------------------
10:47:59,287 [main] DEBUG org.activiti.engine.impl.db.DbSqlSession  -   insert org.activiti.engine.impl.persistence.entity.UserEntity@2bc1ca3b
10:47:59,287 [main] DEBUG org.activiti.engine.impl.db.DbSqlSession  - flush summary: 1 insert, 0 update, 0 delete.
10:47:59,287 [main] DEBUG org.activiti.engine.impl.db.DbSqlSession  - now executing flush...
10:47:59,287 [main] DEBUG org.activiti.engine.impl.db.DbSqlSession  - inserting: org.activiti.engine.impl.persistence.entity.UserEntity@2bc1ca3b
10:47:59,287 [main] DEBUG org.apache.ibatis.transaction.jdbc.JdbcTransaction  - Opening JDBC Connection
10:47:59,287 [main] DEBUG org.apache.ibatis.datasource.pooled.PooledDataSource  - Checked out connection 297240765 from pool.
10:47:59,287 [main] DEBUG org.apache.ibatis.transaction.jdbc.JdbcTransaction  - Setting autocommit to false on JDBC Connection [conn4: url=jdbc:h2:mem:activiti user=SA]
10:47:59,287 [main] DEBUG org.activiti.engine.impl.persistence.entity.UserEntity.insertUser  - ==&gt;  Preparing: insert into ACT_ID_USER (ID_, REV_, FIRST_, LAST_, EMAIL_, PWD_) values ( ?, 1, ?, ?, ?, ? ) 
10:47:59,287 [main] DEBUG org.activiti.engine.impl.persistence.entity.UserEntity.insertUser  - ==&gt; Parameters: user1(String), null, null, null, null
10:47:59,287 [main] DEBUG org.activiti.engine.impl.persistence.entity.UserEntity.insertUser  - &lt;==    Updates: 1
10:47:59,287 [main] DEBUG org.activiti.engine.impl.cfg.standalone.StandaloneMybatisTransactionContext  - firing event committing...
10:47:59,287 [main] DEBUG org.activiti.engine.impl.cfg.standalone.StandaloneMybatisTransactionContext  - committing the ibatis sql session...
10:47:59,287 [main] DEBUG org.apache.ibatis.transaction.jdbc.JdbcTransaction  - Committing JDBC Connection [conn4: url=jdbc:h2:mem:activiti user=SA]
10:47:59,287 [main] DEBUG org.activiti.engine.impl.cfg.standalone.StandaloneMybatisTransactionContext  - firing event committed...
10:47:59,287 [main] DEBUG org.apache.ibatis.transaction.jdbc.JdbcTransaction  - Resetting autocommit to true on JDBC Connection [conn4: url=jdbc:h2:mem:activiti user=SA]
10:47:59,287 [main] DEBUG org.apache.ibatis.transaction.jdbc.JdbcTransaction  - Closing JDBC Connection [conn4: url=jdbc:h2:mem:activiti user=SA]
10:47:59,287 [main] DEBUG org.apache.ibatis.datasource.pooled.PooledDataSource  - Returned connection 297240765 to pool.
10:47:59,287 [main] DEBUG org.activiti.engine.impl.interceptor.LogInterceptor  - --- SaveUserCmd finished --------------------------------------------------------
10:47:59,287 [main] DEBUG org.activiti.engine.impl.interceptor.LogInterceptor  - 

10:47:59,287 [main] DEBUG org.activiti.engine.impl.interceptor.LogInterceptor  - 

10:47:59,287 [main] DEBUG org.activiti.engine.impl.interceptor.LogInterceptor  - --- starting CreateUserCmd --------------------------------------------------------
10:47:59,287 [main] DEBUG org.activiti.engine.impl.cfg.standalone.StandaloneMybatisTransactionContext  - firing event committing...
10:47:59,287 [main] DEBUG org.activiti.engine.impl.cfg.standalone.StandaloneMybatisTransactionContext  - committing the ibatis sql session...
10:47:59,287 [main] DEBUG org.activiti.engine.impl.cfg.standalone.StandaloneMybatisTransactionContext  - firing event committed...
10:47:59,287 [main] DEBUG org.activiti.engine.impl.interceptor.LogInterceptor  - --- CreateUserCmd finished --------------------------------------------------------
10:47:59,287 [main] DEBUG org.activiti.engine.impl.interceptor.LogInterceptor  - 

10:47:59,287 [main] DEBUG org.activiti.engine.impl.interceptor.LogInterceptor  - 

10:47:59,287 [main] DEBUG org.activiti.engine.impl.interceptor.LogInterceptor  - --- starting SaveUserCmd --------------------------------------------------------
10:47:59,287 [main] DEBUG org.activiti.engine.impl.db.DbSqlSession  -   insert org.activiti.engine.impl.persistence.entity.UserEntity@2b3a6eb6
10:47:59,287 [main] DEBUG org.activiti.engine.impl.db.DbSqlSession  - flush summary: 1 insert, 0 update, 0 delete.
10:47:59,287 [main] DEBUG org.activiti.engine.impl.db.DbSqlSession  - now executing flush...
10:47:59,287 [main] DEBUG org.activiti.engine.impl.db.DbSqlSession  - inserting: org.activiti.engine.impl.persistence.entity.UserEntity@2b3a6eb6
10:47:59,287 [main] DEBUG org.apache.ibatis.transaction.jdbc.JdbcTransaction  - Opening JDBC Connection
10:47:59,287 [main] DEBUG org.apache.ibatis.datasource.pooled.PooledDataSource  - Checked out connection 486346394 from pool.
10:47:59,287 [main] DEBUG org.apache.ibatis.transaction.jdbc.JdbcTransaction  - Setting autocommit to false on JDBC Connection [conn6: url=jdbc:h2:mem:activiti user=SA]
10:47:59,287 [main] DEBUG org.activiti.engine.impl.persistence.entity.UserEntity.insertUser  - ==&gt;  Preparing: insert into ACT_ID_USER (ID_, REV_, FIRST_, LAST_, EMAIL_, PWD_) values ( ?, 1, ?, ?, ?, ? ) 
10:47:59,287 [main] DEBUG org.activiti.engine.impl.persistence.entity.UserEntity.insertUser  - ==&gt; Parameters: user2(String), null, null, null, null
10:47:59,287 [main] DEBUG org.activiti.engine.impl.persistence.entity.UserEntity.insertUser  - &lt;==    Updates: 1
10:47:59,287 [main] DEBUG org.activiti.engine.impl.cfg.standalone.StandaloneMybatisTransactionContext  - firing event committing...
10:47:59,288 [main] DEBUG org.activiti.engine.impl.cfg.standalone.StandaloneMybatisTransactionContext  - committing the ibatis sql session...
10:47:59,288 [main] DEBUG org.apache.ibatis.transaction.jdbc.JdbcTransaction  - Committing JDBC Connection [conn6: url=jdbc:h2:mem:activiti user=SA]
10:47:59,288 [main] DEBUG org.activiti.engine.impl.cfg.standalone.StandaloneMybatisTransactionContext  - firing event committed...
10:47:59,288 [main] DEBUG org.apache.ibatis.transaction.jdbc.JdbcTransaction  - Resetting autocommit to true on JDBC Connection [conn6: url=jdbc:h2:mem:activiti user=SA]
10:47:59,288 [main] DEBUG org.apache.ibatis.transaction.jdbc.JdbcTransaction  - Closing JDBC Connection [conn6: url=jdbc:h2:mem:activiti user=SA]
10:47:59,288 [main] DEBUG org.apache.ibatis.datasource.pooled.PooledDataSource  - Returned connection 486346394 to pool.
10:47:59,288 [main] DEBUG org.activiti.engine.impl.interceptor.LogInterceptor  - --- SaveUserCmd finished --------------------------------------------------------
10:47:59,288 [main] DEBUG org.activiti.engine.impl.interceptor.LogInterceptor  - 

10:47:59,288 [main] DEBUG org.activiti.engine.impl.interceptor.LogInterceptor  - 

10:47:59,288 [main] DEBUG org.activiti.engine.impl.interceptor.LogInterceptor  - --- starting CreateUserCmd --------------------------------------------------------
10:47:59,288 [main] DEBUG org.activiti.engine.impl.cfg.standalone.StandaloneMybatisTransactionContext  - firing event committing...
10:47:59,288 [main] DEBUG org.activiti.engine.impl.cfg.standalone.StandaloneMybatisTransactionContext  - committing the ibatis sql session...
10:47:59,288 [main] DEBUG org.activiti.engine.impl.cfg.standalone.StandaloneMybatisTransactionContext  - firing event committed...
10:47:59,288 [main] DEBUG org.activiti.engine.impl.interceptor.LogInterceptor  - --- CreateUserCmd finished --------------------------------------------------------
10:47:59,288 [main] DEBUG org.activiti.engine.impl.interceptor.LogInterceptor  - 

10:47:59,288 [main] DEBUG org.activiti.engine.impl.interceptor.LogInterceptor  - 

10:47:59,288 [main] DEBUG org.activiti.engine.impl.interceptor.LogInterceptor  - --- starting SaveUserCmd --------------------------------------------------------
10:47:59,288 [main] DEBUG org.activiti.engine.impl.db.DbSqlSession  -   insert org.activiti.engine.impl.persistence.entity.UserEntity@61985f61
10:47:59,288 [main] DEBUG org.activiti.engine.impl.db.DbSqlSession  - flush summary: 1 insert, 0 update, 0 delete.
10:47:59,288 [main] DEBUG org.activiti.engine.impl.db.DbSqlSession  - now executing flush...
10:47:59,288 [main] DEBUG org.activiti.engine.impl.db.DbSqlSession  - inserting: org.activiti.engine.impl.persistence.entity.UserEntity@61985f61
10:47:59,288 [main] DEBUG org.apache.ibatis.transaction.jdbc.JdbcTransaction  - Opening JDBC Connection
10:47:59,288 [main] DEBUG org.apache.ibatis.datasource.pooled.PooledDataSource  - Checked out connection 363509958 from pool.
10:47:59,288 [main] DEBUG org.apache.ibatis.transaction.jdbc.JdbcTransaction  - Setting autocommit to false on JDBC Connection [conn2: url=jdbc:h2:mem:activiti user=SA]
10:47:59,288 [main] DEBUG org.activiti.engine.impl.persistence.entity.UserEntity.insertUser  - ==&gt;  Preparing: insert into ACT_ID_USER (ID_, REV_, FIRST_, LAST_, EMAIL_, PWD_) values ( ?, 1, ?, ?, ?, ? ) 
10:47:59,288 [main] DEBUG org.activiti.engine.impl.persistence.entity.UserEntity.insertUser  - ==&gt; Parameters: user3(String), null, null, null, null
10:47:59,288 [main] DEBUG org.activiti.engine.impl.persistence.entity.UserEntity.insertUser  - &lt;==    Updates: 1
10:47:59,288 [main] DEBUG org.activiti.engine.impl.cfg.standalone.StandaloneMybatisTransactionContext  - firing event committing...
10:47:59,288 [main] DEBUG org.activiti.engine.impl.cfg.standalone.StandaloneMybatisTransactionContext  - committing the ibatis sql session...
10:47:59,288 [main] DEBUG org.apache.ibatis.transaction.jdbc.JdbcTransaction  - Committing JDBC Connection [conn2: url=jdbc:h2:mem:activiti user=SA]
10:47:59,288 [main] DEBUG org.activiti.engine.impl.cfg.standalone.StandaloneMybatisTransactionContext  - firing event committed...
10:47:59,288 [main] DEBUG org.apache.ibatis.transaction.jdbc.JdbcTransaction  - Resetting autocommit to true on JDBC Connection [conn2: url=jdbc:h2:mem:activiti user=SA]
10:47:59,288 [main] DEBUG org.apache.ibatis.transaction.jdbc.JdbcTransaction  - Closing JDBC Connection [conn2: url=jdbc:h2:mem:activiti user=SA]
10:47:59,288 [main] DEBUG org.apache.ibatis.datasource.pooled.PooledDataSource  - Returned connection 363509958 to pool.
10:47:59,288 [main] DEBUG org.activiti.engine.impl.interceptor.LogInterceptor  - --- SaveUserCmd finished --------------------------------------------------------
10:47:59,288 [main] DEBUG org.activiti.engine.impl.interceptor.LogInterceptor  - 

10:47:59,288 [main] DEBUG org.activiti.engine.impl.interceptor.LogInterceptor  - 

10:47:59,288 [main] DEBUG org.activiti.engine.impl.interceptor.LogInterceptor  - --- starting CreateUserCmd --------------------------------------------------------
10:47:59,288 [main] DEBUG org.activiti.engine.impl.cfg.standalone.StandaloneMybatisTransactionContext  - firing event committing...
10:47:59,288 [main] DEBUG org.activiti.engine.impl.cfg.standalone.StandaloneMybatisTransactionContext  - committing the ibatis sql session...
10:47:59,288 [main] DEBUG org.activiti.engine.impl.cfg.standalone.StandaloneMybatisTransactionContext  - firing event committed...
10:47:59,288 [main] DEBUG org.activiti.engine.impl.interceptor.LogInterceptor  - --- CreateUserCmd finished --------------------------------------------------------
10:47:59,288 [main] DEBUG org.activiti.engine.impl.interceptor.LogInterceptor  - 

10:47:59,288 [main] DEBUG org.activiti.engine.impl.interceptor.LogInterceptor  - 

10:47:59,288 [main] DEBUG org.activiti.engine.impl.interceptor.LogInterceptor  - --- starting SaveUserCmd --------------------------------------------------------
10:47:59,288 [main] DEBUG org.activiti.engine.impl.db.DbSqlSession  -   insert org.activiti.engine.impl.persistence.entity.UserEntity@345da1a3
10:47:59,288 [main] DEBUG org.activiti.engine.impl.db.DbSqlSession  - flush summary: 1 insert, 0 update, 0 delete.
10:47:59,288 [main] DEBUG org.activiti.engine.impl.db.DbSqlSession  - now executing flush...
10:47:59,288 [main] DEBUG org.activiti.engine.impl.db.DbSqlSession  - inserting: org.activiti.engine.impl.persistence.entity.UserEntity@345da1a3
10:47:59,288 [main] DEBUG org.apache.ibatis.transaction.jdbc.JdbcTransaction  - Opening JDBC Connection
10:47:59,288 [main] DEBUG org.apache.ibatis.datasource.pooled.PooledDataSource  - Checked out connection 180014677 from pool.
10:47:59,288 [main] DEBUG org.apache.ibatis.transaction.jdbc.JdbcTransaction  - Setting autocommit to false on JDBC Connection [conn3: url=jdbc:h2:mem:activiti user=SA]
10:47:59,288 [main] DEBUG org.activiti.engine.impl.persistence.entity.UserEntity.insertUser  - ==&gt;  Preparing: insert into ACT_ID_USER (ID_, REV_, FIRST_, LAST_, EMAIL_, PWD_) values ( ?, 1, ?, ?, ?, ? ) 
10:47:59,288 [main] DEBUG org.activiti.engine.impl.persistence.entity.UserEntity.insertUser  - ==&gt; Parameters: userInGroup1(String), null, null, null, null
10:47:59,288 [main] DEBUG org.activiti.engine.impl.persistence.entity.UserEntity.insertUser  - &lt;==    Updates: 1
10:47:59,289 [main] DEBUG org.activiti.engine.impl.cfg.standalone.StandaloneMybatisTransactionContext  - firing event committing...
10:47:59,289 [main] DEBUG org.activiti.engine.impl.cfg.standalone.StandaloneMybatisTransactionContext  - committing the ibatis sql session...
10:47:59,289 [main] DEBUG org.apache.ibatis.transaction.jdbc.JdbcTransaction  - Committing JDBC Connection [conn3: url=jdbc:h2:mem:activiti user=SA]
10:47:59,289 [main] DEBUG org.activiti.engine.impl.cfg.standalone.StandaloneMybatisTransactionContext  - firing event committed...
10:47:59,289 [main] DEBUG org.apache.ibatis.transaction.jdbc.JdbcTransaction  - Resetting autocommit to true on JDBC Connection [conn3: url=jdbc:h2:mem:activiti user=SA]
10:47:59,289 [main] DEBUG org.apache.ibatis.transaction.jdbc.JdbcTransaction  - Closing JDBC Connection [conn3: url=jdbc:h2:mem:activiti user=SA]
10:47:59,289 [main] DEBUG org.apache.ibatis.datasource.pooled.PooledDataSource  - Returned connection 180014677 to pool.
10:47:59,289 [main] DEBUG org.activiti.engine.impl.interceptor.LogInterceptor  - --- SaveUserCmd finished --------------------------------------------------------
10:47:59,289 [main] DEBUG org.activiti.engine.impl.interceptor.LogInterceptor  - 

10:47:59,289 [main] DEBUG org.activiti.engine.impl.interceptor.LogInterceptor  - 

10:47:59,289 [main] DEBUG org.activiti.engine.impl.interceptor.LogInterceptor  - --- starting CreateUserCmd --------------------------------------------------------
10:47:59,289 [main] DEBUG org.activiti.engine.impl.cfg.standalone.StandaloneMybatisTransactionContext  - firing event committing...
10:47:59,289 [main] DEBUG org.activiti.engine.impl.cfg.standalone.StandaloneMybatisTransactionContext  - committing the ibatis sql session...
10:47:59,289 [main] DEBUG org.activiti.engine.impl.cfg.standalone.StandaloneMybatisTransactionContext  - firing event committed...
10:47:59,289 [main] DEBUG org.activiti.engine.impl.interceptor.LogInterceptor  - --- CreateUserCmd finished --------------------------------------------------------
10:47:59,289 [main] DEBUG org.activiti.engine.impl.interceptor.LogInterceptor  - 

10:47:59,289 [main] DEBUG org.activiti.engine.impl.interceptor.LogInterceptor  - 

10:47:59,289 [main] DEBUG org.activiti.engine.impl.interceptor.LogInterceptor  - --- starting SaveUserCmd --------------------------------------------------------
10:47:59,289 [main] DEBUG org.activiti.engine.impl.db.DbSqlSession  -   insert org.activiti.engine.impl.persistence.entity.UserEntity@11682501
10:47:59,289 [main] DEBUG org.activiti.engine.impl.db.DbSqlSession  - flush summary: 1 insert, 0 update, 0 delete.
10:47:59,289 [main] DEBUG org.activiti.engine.impl.db.DbSqlSession  - now executing flush...
10:47:59,289 [main] DEBUG org.activiti.engine.impl.db.DbSqlSession  - inserting: org.activiti.engine.impl.persistence.entity.UserEntity@11682501
10:47:59,289 [main] DEBUG org.apache.ibatis.transaction.jdbc.JdbcTransaction  - Opening JDBC Connection
10:47:59,289 [main] DEBUG org.apache.ibatis.datasource.pooled.PooledDataSource  - Checked out connection 297240765 from pool.
10:47:59,289 [main] DEBUG org.apache.ibatis.transaction.jdbc.JdbcTransaction  - Setting autocommit to false on JDBC Connection [conn4: url=jdbc:h2:mem:activiti user=SA]
10:47:59,289 [main] DEBUG org.activiti.engine.impl.persistence.entity.UserEntity.insertUser  - ==&gt;  Preparing: insert into ACT_ID_USER (ID_, REV_, FIRST_, LAST_, EMAIL_, PWD_) values ( ?, 1, ?, ?, ?, ? ) 
10:47:59,289 [main] DEBUG org.activiti.engine.impl.persistence.entity.UserEntity.insertUser  - ==&gt; Parameters: userInGroup2(String), null, null, null, null
10:47:59,289 [main] DEBUG org.activiti.engine.impl.persistence.entity.UserEntity.insertUser  - &lt;==    Updates: 1
10:47:59,289 [main] DEBUG org.activiti.engine.impl.cfg.standalone.StandaloneMybatisTransactionContext  - firing event committing...
10:47:59,289 [main] DEBUG org.activiti.engine.impl.cfg.standalone.StandaloneMybatisTransactionContext  - committing the ibatis sql session...
10:47:59,289 [main] DEBUG org.apache.ibatis.transaction.jdbc.JdbcTransaction  - Committing JDBC Connection [conn4: url=jdbc:h2:mem:activiti user=SA]
10:47:59,289 [main] DEBUG org.activiti.engine.impl.cfg.standalone.StandaloneMybatisTransactionContext  - firing event committed...
10:47:59,289 [main] DEBUG org.apache.ibatis.transaction.jdbc.JdbcTransaction  - Resetting autocommit to true on JDBC Connection [conn4: url=jdbc:h2:mem:activiti user=SA]
10:47:59,289 [main] DEBUG org.apache.ibatis.transaction.jdbc.JdbcTransaction  - Closing JDBC Connection [conn4: url=jdbc:h2:mem:activiti user=SA]
10:47:59,289 [main] DEBUG org.apache.ibatis.datasource.pooled.PooledDataSource  - Returned connection 297240765 to pool.
10:47:59,289 [main] DEBUG org.activiti.engine.impl.interceptor.LogInterceptor  - --- SaveUserCmd finished --------------------------------------------------------
10:47:59,289 [main] DEBUG org.activiti.engine.impl.interceptor.LogInterceptor  - 

10:47:59,289 [main] DEBUG org.activiti.engine.impl.interceptor.LogInterceptor  - 

10:47:59,289 [main] DEBUG org.activiti.engine.impl.interceptor.LogInterceptor  - --- starting CreateUserCmd --------------------------------------------------------
10:47:59,289 [main] DEBUG org.activiti.engine.impl.cfg.standalone.StandaloneMybatisTransactionContext  - firing event committing...
10:47:59,289 [main] DEBUG org.activiti.engine.impl.cfg.standalone.StandaloneMybatisTransactionContext  - committing the ibatis sql session...
10:47:59,289 [main] DEBUG org.activiti.engine.impl.cfg.standalone.StandaloneMybatisTransactionContext  - firing event committed...
10:47:59,289 [main] DEBUG org.activiti.engine.impl.interceptor.LogInterceptor  - --- CreateUserCmd finished --------------------------------------------------------
10:47:59,289 [main] DEBUG org.activiti.engine.impl.interceptor.LogInterceptor  - 

10:47:59,289 [main] DEBUG org.activiti.engine.impl.interceptor.LogInterceptor  - 

10:47:59,289 [main] DEBUG org.activiti.engine.impl.interceptor.LogInterceptor  - --- starting SaveUserCmd --------------------------------------------------------
10:47:59,289 [main] DEBUG org.activiti.engine.impl.db.DbSqlSession  -   insert org.activiti.engine.impl.persistence.entity.UserEntity@695fa644
10:47:59,289 [main] DEBUG org.activiti.engine.impl.db.DbSqlSession  - flush summary: 1 insert, 0 update, 0 delete.
10:47:59,289 [main] DEBUG org.activiti.engine.impl.db.DbSqlSession  - now executing flush...
10:47:59,289 [main] DEBUG org.activiti.engine.impl.db.DbSqlSession  - inserting: org.activiti.engine.impl.persistence.entity.UserEntity@695fa644
10:47:59,289 [main] DEBUG org.apache.ibatis.transaction.jdbc.JdbcTransaction  - Opening JDBC Connection
10:47:59,289 [main] DEBUG org.apache.ibatis.datasource.pooled.PooledDataSource  - Checked out connection 486346394 from pool.
10:47:59,289 [main] DEBUG org.apache.ibatis.transaction.jdbc.JdbcTransaction  - Setting autocommit to false on JDBC Connection [conn6: url=jdbc:h2:mem:activiti user=SA]
10:47:59,289 [main] DEBUG org.activiti.engine.impl.persistence.entity.UserEntity.insertUser  - ==&gt;  Preparing: insert into ACT_ID_USER (ID_, REV_, FIRST_, LAST_, EMAIL_, PWD_) values ( ?, 1, ?, ?, ?, ? ) 
10:47:59,289 [main] DEBUG org.activiti.engine.impl.persistence.entity.UserEntity.insertUser  - ==&gt; Parameters: userInGroup3(String), null, null, null, null
10:47:59,289 [main] DEBUG org.activiti.engine.impl.persistence.entity.UserEntity.insertUser  - &lt;==    Updates: 1
10:47:59,290 [main] DEBUG org.activiti.engine.impl.cfg.standalone.StandaloneMybatisTransactionContext  - firing event committing...
10:47:59,290 [main] DEBUG org.activiti.engine.impl.cfg.standalone.StandaloneMybatisTransactionContext  - committing the ibatis sql session...
10:47:59,290 [main] DEBUG org.apache.ibatis.transaction.jdbc.JdbcTransaction  - Committing JDBC Connection [conn6: url=jdbc:h2:mem:activiti user=SA]
10:47:59,290 [main] DEBUG org.activiti.engine.impl.cfg.standalone.StandaloneMybatisTransactionContext  - firing event committed...
10:47:59,290 [main] DEBUG org.apache.ibatis.transaction.jdbc.JdbcTransaction  - Resetting autocommit to true on JDBC Connection [conn6: url=jdbc:h2:mem:activiti user=SA]
10:47:59,290 [main] DEBUG org.apache.ibatis.transaction.jdbc.JdbcTransaction  - Closing JDBC Connection [conn6: url=jdbc:h2:mem:activiti user=SA]
10:47:59,290 [Thread-111] DEBUG org.activiti.engine.impl.asyncexecutor.AcquireTimerJobsRunnable  - timer job acquisition thread woke up
10:47:59,290 [Thread-111] DEBUG org.activiti.engine.impl.interceptor.LogInterceptor  - 

10:47:59,290 [Thread-111] DEBUG org.activiti.engine.impl.interceptor.LogInterceptor  - --- starting AcquireTimerJobsCmd --------------------------------------------------------
10:47:59,290 [Thread-111] DEBUG org.apache.ibatis.transaction.jdbc.JdbcTransaction  - Opening JDBC Connection
10:47:59,290 [Thread-111] DEBUG org.apache.ibatis.datasource.pooled.PooledDataSource  - Checked out connection 58501658 from pool.
10:47:59,290 [Thread-111] DEBUG org.apache.ibatis.transaction.jdbc.JdbcTransaction  - Setting autocommit to false on JDBC Connection [conn68: url=jdbc:h2:mem:activiti-AsyncExecutorTest user=SA]
10:47:59,290 [Thread-111] DEBUG org.activiti.engine.impl.persistence.entity.JobEntity.selectNextTimerJobsToExecute  - ==&gt;  Preparing: select RES.* from ACT_RU_JOB RES LEFT OUTER JOIN ACT_RU_EXECUTION PI ON PI.ID_ = RES.PROCESS_INSTANCE_ID_ where (RES.RETRIES_ &gt; 0) and (RES.DUEDATE_ is null or RES.DUEDATE_ &lt;= ?) and (RES.LOCK_OWNER_ is null or RES.LOCK_EXP_TIME_ &lt;= ?) and TYPE_ = &apos;timer&apos; and ( (RES.EXECUTION_ID_ is null) or (PI.SUSPENSION_STATE_ = 1) ) LIMIT ? OFFSET ? 
10:47:59,290 [Thread-111] DEBUG org.activiti.engine.impl.persistence.entity.JobEntity.selectNextTimerJobsToExecute  - ==&gt; Parameters: 2023-03-20 10:48:50.669(Timestamp), 2023-03-20 10:48:50.669(Timestamp), 1(Integer), 0(Integer)
10:47:59,290 [Thread-111] DEBUG org.activiti.engine.impl.persistence.entity.JobEntity.selectNextTimerJobsToExecute  - &lt;==      Total: 0
10:47:59,290 [Thread-111] DEBUG org.activiti.engine.impl.db.DbSqlSession  - flush summary: 0 insert, 0 update, 0 delete.
10:47:59,290 [Thread-111] DEBUG org.activiti.engine.impl.db.DbSqlSession  - now executing flush...
10:47:59,290 [Thread-111] DEBUG org.activiti.engine.impl.cfg.standalone.StandaloneMybatisTransactionContext  - firing event committing...
10:47:59,290 [Thread-111] DEBUG org.activiti.engine.impl.cfg.standalone.StandaloneMybatisTransactionContext  - committing the ibatis sql session...
10:47:59,290 [Thread-111] DEBUG org.activiti.engine.impl.cfg.standalone.StandaloneMybatisTransactionContext  - firing event committed...
10:47:59,290 [Thread-106] DEBUG org.activiti.engine.impl.asyncexecutor.AcquireAsyncJobsDueRunnable  - async job acquisition thread woke up
10:47:59,290 [Thread-106] DEBUG org.activiti.engine.impl.interceptor.LogInterceptor  - 

10:47:59,290 [Thread-106] DEBUG org.activiti.engine.impl.interceptor.LogInterceptor  - --- starting AcquireAsyncJobsDueCmd --------------------------------------------------------
10:47:59,290 [Thread-102] DEBUG org.activiti.engine.impl.asyncexecutor.AcquireTimerJobsRunnable  - timer job acquisition thread woke up
10:47:59,290 [Thread-102] DEBUG org.activiti.engine.impl.interceptor.LogInterceptor  - 

10:47:59,290 [Thread-102] DEBUG org.activiti.engine.impl.interceptor.LogInterceptor  - --- starting AcquireTimerJobsCmd --------------------------------------------------------
10:47:59,290 [Thread-102] DEBUG org.apache.ibatis.transaction.jdbc.JdbcTransaction  - Opening JDBC Connection
10:47:59,291 [Thread-102] DEBUG org.apache.ibatis.datasource.pooled.PooledDataSource  - Checked out connection 157985567 from pool.
10:47:59,291 [Thread-102] DEBUG org.apache.ibatis.transaction.jdbc.JdbcTransaction  - Setting autocommit to false on JDBC Connection [conn61: url=jdbc:h2:mem:activiti-AsyncExecutorTest user=SA]
10:47:59,291 [Thread-102] DEBUG org.activiti.engine.impl.persistence.entity.JobEntity.selectNextTimerJobsToExecute  - ==&gt;  Preparing: select RES.* from ACT_RU_JOB RES LEFT OUTER JOIN ACT_RU_EXECUTION PI ON PI.ID_ = RES.PROCESS_INSTANCE_ID_ where (RES.RETRIES_ &gt; 0) and (RES.DUEDATE_ is null or RES.DUEDATE_ &lt;= ?) and (RES.LOCK_OWNER_ is null or RES.LOCK_EXP_TIME_ &lt;= ?) and TYPE_ = &apos;timer&apos; and ( (RES.EXECUTION_ID_ is null) or (PI.SUSPENSION_STATE_ = 1) ) LIMIT ? OFFSET ? 
10:47:59,290 [Thread-105] DEBUG org.activiti.engine.impl.asyncexecutor.AcquireTimerJobsRunnable  - timer job acquisition thread woke up
10:47:59,291 [Thread-105] DEBUG org.activiti.engine.impl.interceptor.LogInterceptor  - 

10:47:59,291 [Thread-105] DEBUG org.activiti.engine.impl.interceptor.LogInterceptor  - --- starting AcquireTimerJobsCmd --------------------------------------------------------
10:47:59,290 [Thread-103] DEBUG org.activiti.engine.impl.asyncexecutor.AcquireAsyncJobsDueRunnable  - async job acquisition thread woke up
10:47:59,291 [Thread-103] DEBUG org.activiti.engine.impl.interceptor.LogInterceptor  - 

10:47:59,291 [Thread-103] DEBUG org.activiti.engine.impl.interceptor.LogInterceptor  - --- starting AcquireAsyncJobsDueCmd --------------------------------------------------------
10:47:59,291 [Thread-103] DEBUG org.apache.ibatis.transaction.jdbc.JdbcTransaction  - Opening JDBC Connection
10:47:59,291 [Thread-103] DEBUG org.apache.ibatis.datasource.pooled.PooledDataSource  - Checked out connection 33534803 from pool.
10:47:59,291 [Thread-103] DEBUG org.apache.ibatis.transaction.jdbc.JdbcTransaction  - Setting autocommit to false on JDBC Connection [conn60: url=jdbc:h2:mem:activiti-AsyncExecutorTest user=SA]
10:47:59,291 [Thread-103] DEBUG org.activiti.engine.impl.persistence.entity.JobEntity.selectAsyncJobsDueToExecute  - ==&gt;  Preparing: select RES.* from ACT_RU_JOB RES LEFT OUTER JOIN ACT_RU_EXECUTION PI ON PI.ID_ = RES.PROCESS_INSTANCE_ID_ where RES.RETRIES_ &gt; 0 and RES.DUEDATE_ is not null and RES.DUEDATE_ &lt;= ? and (RES.LOCK_EXP_TIME_ is null or RES.LOCK_EXP_TIME_ &lt;= ?) and TYPE_ = &apos;message&apos; and ( (RES.EXECUTION_ID_ is null) or (PI.SUSPENSION_STATE_ = 1) ) LIMIT ? OFFSET ? 
10:47:59,291 [Thread-103] DEBUG org.activiti.engine.impl.persistence.entity.JobEntity.selectAsyncJobsDueToExecute  - ==&gt; Parameters: 2023-03-20 10:48:50.669(Timestamp), 2023-03-20 10:48:50.669(Timestamp), 1(Integer), 0(Integer)
10:47:59,291 [Thread-103] DEBUG org.activiti.engine.impl.persistence.entity.JobEntity.selectAsyncJobsDueToExecute  - &lt;==      Total: 0
10:47:59,291 [Thread-103] DEBUG org.activiti.engine.impl.db.DbSqlSession  - flush summary: 0 insert, 0 update, 0 delete.
10:47:59,291 [Thread-103] DEBUG org.activiti.engine.impl.db.DbSqlSession  - now executing flush...
10:47:59,291 [Thread-103] DEBUG org.activiti.engine.impl.cfg.standalone.StandaloneMybatisTransactionContext  - firing event committing...
10:47:59,291 [Thread-103] DEBUG org.activiti.engine.impl.cfg.standalone.StandaloneMybatisTransactionContext  - committing the ibatis sql session...
10:47:59,291 [Thread-103] DEBUG org.activiti.engine.impl.cfg.standalone.StandaloneMybatisTransactionContext  - firing event committed...
10:47:59,291 [Thread-103] DEBUG org.apache.ibatis.transaction.jdbc.JdbcTransaction  - Resetting autocommit to true on JDBC Connection [conn60: url=jdbc:h2:mem:activiti-AsyncExecutorTest user=SA]
10:47:59,291 [Thread-105] DEBUG org.apache.ibatis.transaction.jdbc.JdbcTransaction  - Opening JDBC Connection
10:47:59,291 [Thread-105] DEBUG org.apache.ibatis.datasource.pooled.PooledDataSource  - Checked out connection 996762054 from pool.
10:47:59,291 [Thread-105] DEBUG org.apache.ibatis.transaction.jdbc.JdbcTransaction  - Setting autocommit to false on JDBC Connection [conn65: url=jdbc:h2:mem:activiti-AsyncExecutorTest user=SA]
10:47:59,291 [Thread-102] DEBUG org.activiti.engine.impl.persistence.entity.JobEntity.selectNextTimerJobsToExecute  - ==&gt; Parameters: 2023-03-20 10:48:50.669(Timestamp), 2023-03-20 10:48:50.669(Timestamp), 1(Integer), 0(Integer)
10:47:59,291 [Thread-102] DEBUG org.activiti.engine.impl.persistence.entity.JobEntity.selectNextTimerJobsToExecute  - &lt;==      Total: 0
10:47:59,291 [Thread-102] DEBUG org.activiti.engine.impl.db.DbSqlSession  - flush summary: 0 insert, 0 update, 0 delete.
10:47:59,291 [Thread-102] DEBUG org.activiti.engine.impl.db.DbSqlSession  - now executing flush...
10:47:59,291 [Thread-102] DEBUG org.activiti.engine.impl.cfg.standalone.StandaloneMybatisTransactionContext  - firing event committing...
10:47:59,291 [Thread-102] DEBUG org.activiti.engine.impl.cfg.standalone.StandaloneMybatisTransactionContext  - committing the ibatis sql session...
10:47:59,291 [Thread-102] DEBUG org.activiti.engine.impl.cfg.standalone.StandaloneMybatisTransactionContext  - firing event committed...
10:47:59,291 [Thread-102] DEBUG org.apache.ibatis.transaction.jdbc.JdbcTransaction  - Resetting autocommit to true on JDBC Connection [conn61: url=jdbc:h2:mem:activiti-AsyncExecutorTest user=SA]
10:47:59,291 [Thread-102] DEBUG org.apache.ibatis.transaction.jdbc.JdbcTransaction  - Closing JDBC Connection [conn61: url=jdbc:h2:mem:activiti-AsyncExecutorTest user=SA]
10:47:59,291 [Thread-102] DEBUG org.apache.ibatis.datasource.pooled.PooledDataSource  - Returned connection 157985567 to pool.
10:47:59,291 [Thread-102] DEBUG org.activiti.engine.impl.interceptor.LogInterceptor  - --- AcquireTimerJobsCmd finished --------------------------------------------------------
10:47:59,291 [Thread-102] DEBUG org.activiti.engine.impl.interceptor.LogInterceptor  - 

10:47:59,291 [Thread-102] DEBUG org.activiti.engine.impl.asyncexecutor.AcquireTimerJobsRunnable  - timer job acquisition thread sleeping for 50 millis
10:47:59,290 [Thread-106] DEBUG org.apache.ibatis.transaction.jdbc.JdbcTransaction  - Opening JDBC Connection
10:47:59,291 [Thread-106] DEBUG org.apache.ibatis.datasource.pooled.PooledDataSource  - Checked out connection 1970103261 from pool.
10:47:59,291 [Thread-106] DEBUG org.apache.ibatis.transaction.jdbc.JdbcTransaction  - Setting autocommit to false on JDBC Connection [conn63: url=jdbc:h2:mem:activiti-AsyncExecutorTest user=SA]
10:47:59,292 [Thread-106] DEBUG org.activiti.engine.impl.persistence.entity.JobEntity.selectAsyncJobsDueToExecute  - ==&gt;  Preparing: select RES.* from ACT_RU_JOB RES LEFT OUTER JOIN ACT_RU_EXECUTION PI ON PI.ID_ = RES.PROCESS_INSTANCE_ID_ where RES.RETRIES_ &gt; 0 and RES.DUEDATE_ is not null and RES.DUEDATE_ &lt;= ? and (RES.LOCK_EXP_TIME_ is null or RES.LOCK_EXP_TIME_ &lt;= ?) and TYPE_ = &apos;message&apos; and ( (RES.EXECUTION_ID_ is null) or (PI.SUSPENSION_STATE_ = 1) ) LIMIT ? OFFSET ? 
10:47:59,290 [Thread-111] DEBUG org.apache.ibatis.transaction.jdbc.JdbcTransaction  - Resetting autocommit to true on JDBC Connection [conn68: url=jdbc:h2:mem:activiti-AsyncExecutorTest user=SA]
10:47:59,292 [Thread-111] DEBUG org.apache.ibatis.transaction.jdbc.JdbcTransaction  - Closing JDBC Connection [conn68: url=jdbc:h2:mem:activiti-AsyncExecutorTest user=SA]
10:47:59,292 [Thread-111] DEBUG org.apache.ibatis.datasource.pooled.PooledDataSource  - Returned connection 58501658 to pool.
10:47:59,292 [Thread-111] DEBUG org.activiti.engine.impl.interceptor.LogInterceptor  - --- AcquireTimerJobsCmd finished --------------------------------------------------------
10:47:59,292 [Thread-111] DEBUG org.activiti.engine.impl.interceptor.LogInterceptor  - 

10:47:59,292 [Thread-111] DEBUG org.activiti.engine.impl.asyncexecutor.AcquireTimerJobsRunnable  - timer job acquisition thread sleeping for 50 millis
10:47:59,290 [main] DEBUG org.apache.ibatis.datasource.pooled.PooledDataSource  - Returned connection 486346394 to pool.
10:47:59,292 [main] DEBUG org.activiti.engine.impl.interceptor.LogInterceptor  - --- SaveUserCmd finished --------------------------------------------------------
10:47:59,292 [main] DEBUG org.activiti.engine.impl.interceptor.LogInterceptor  - 

10:47:59,292 [main] DEBUG org.activiti.engine.impl.interceptor.LogInterceptor  - 

10:47:59,292 [main] DEBUG org.activiti.engine.impl.interceptor.LogInterceptor  - --- starting CreateGroupCmd --------------------------------------------------------
10:47:59,292 [Thread-106] DEBUG org.activiti.engine.impl.persistence.entity.JobEntity.selectAsyncJobsDueToExecute  - ==&gt; Parameters: 2023-03-20 10:48:50.669(Timestamp), 2023-03-20 10:48:50.669(Timestamp), 1(Integer), 0(Integer)
10:47:59,292 [Thread-106] DEBUG org.activiti.engine.impl.persistence.entity.JobEntity.selectAsyncJobsDueToExecute  - &lt;==      Total: 0
10:47:59,292 [Thread-106] DEBUG org.activiti.engine.impl.db.DbSqlSession  - flush summary: 0 insert, 0 update, 0 delete.
10:47:59,292 [Thread-106] DEBUG org.activiti.engine.impl.db.DbSqlSession  - now executing flush...
10:47:59,292 [Thread-106] DEBUG org.activiti.engine.impl.cfg.standalone.StandaloneMybatisTransactionContext  - firing event committing...
10:47:59,292 [Thread-106] DEBUG org.activiti.engine.impl.cfg.standalone.StandaloneMybatisTransactionContext  - committing the ibatis sql session...
10:47:59,291 [Thread-105] DEBUG org.activiti.engine.impl.persistence.entity.JobEntity.selectNextTimerJobsToExecute  - ==&gt;  Preparing: select RES.* from ACT_RU_JOB RES LEFT OUTER JOIN ACT_RU_EXECUTION PI ON PI.ID_ = RES.PROCESS_INSTANCE_ID_ where (RES.RETRIES_ &gt; 0) and (RES.DUEDATE_ is null or RES.DUEDATE_ &lt;= ?) and (RES.LOCK_OWNER_ is null or RES.LOCK_EXP_TIME_ &lt;= ?) and TYPE_ = &apos;timer&apos; and ( (RES.EXECUTION_ID_ is null) or (PI.SUSPENSION_STATE_ = 1) ) LIMIT ? OFFSET ? 
10:47:59,292 [Thread-105] DEBUG org.activiti.engine.impl.persistence.entity.JobEntity.selectNextTimerJobsToExecute  - ==&gt; Parameters: 2023-03-20 10:48:50.669(Timestamp), 2023-03-20 10:48:50.669(Timestamp), 1(Integer), 0(Integer)
10:47:59,291 [Thread-103] DEBUG org.apache.ibatis.transaction.jdbc.JdbcTransaction  - Closing JDBC Connection [conn60: url=jdbc:h2:mem:activiti-AsyncExecutorTest user=SA]
10:47:59,292 [Thread-103] DEBUG org.apache.ibatis.datasource.pooled.PooledDataSource  - Returned connection 33534803 to pool.
10:47:59,292 [Thread-103] DEBUG org.activiti.engine.impl.interceptor.LogInterceptor  - --- AcquireAsyncJobsDueCmd finished --------------------------------------------------------
10:47:59,292 [Thread-103] DEBUG org.activiti.engine.impl.interceptor.LogInterceptor  - 

10:47:59,292 [Thread-103] DEBUG org.activiti.engine.impl.asyncexecutor.AcquireAsyncJobsDueRunnable  - async job acquisition thread sleeping for 50 millis
10:47:59,292 [Thread-105] DEBUG org.activiti.engine.impl.persistence.entity.JobEntity.selectNextTimerJobsToExecute  - &lt;==      Total: 0
10:47:59,292 [Thread-105] DEBUG org.activiti.engine.impl.db.DbSqlSession  - flush summary: 0 insert, 0 update, 0 delete.
10:47:59,292 [Thread-105] DEBUG org.activiti.engine.impl.db.DbSqlSession  - now executing flush...
10:47:59,292 [Thread-106] DEBUG org.activiti.engine.impl.cfg.standalone.StandaloneMybatisTransactionContext  - firing event committed...
10:47:59,292 [Thread-106] DEBUG org.apache.ibatis.transaction.jdbc.JdbcTransaction  - Resetting autocommit to true on JDBC Connection [conn63: url=jdbc:h2:mem:activiti-AsyncExecutorTest user=SA]
10:47:59,292 [Thread-106] DEBUG org.apache.ibatis.transaction.jdbc.JdbcTransaction  - Closing JDBC Connection [conn63: url=jdbc:h2:mem:activiti-AsyncExecutorTest user=SA]
10:47:59,292 [Thread-106] DEBUG org.apache.ibatis.datasource.pooled.PooledDataSource  - Returned connection 1970103261 to pool.
10:47:59,293 [Thread-106] DEBUG org.activiti.engine.impl.interceptor.LogInterceptor  - --- AcquireAsyncJobsDueCmd finished --------------------------------------------------------
10:47:59,293 [Thread-106] DEBUG org.activiti.engine.impl.interceptor.LogInterceptor  - 

10:47:59,292 [main] DEBUG org.activiti.engine.impl.cfg.standalone.StandaloneMybatisTransactionContext  - firing event committing...
10:47:59,293 [main] DEBUG org.activiti.engine.impl.cfg.standalone.StandaloneMybatisTransactionContext  - committing the ibatis sql session...
10:47:59,293 [main] DEBUG org.activiti.engine.impl.cfg.standalone.StandaloneMybatisTransactionContext  - firing event committed...
10:47:59,293 [main] DEBUG org.activiti.engine.impl.interceptor.LogInterceptor  - --- CreateGroupCmd finished --------------------------------------------------------
10:47:59,293 [main] DEBUG org.activiti.engine.impl.interceptor.LogInterceptor  - 

10:47:59,293 [main] DEBUG org.activiti.engine.impl.interceptor.LogInterceptor  - 

10:47:59,293 [main] DEBUG org.activiti.engine.impl.interceptor.LogInterceptor  - --- starting SaveGroupCmd --------------------------------------------------------
10:47:59,293 [Thread-106] DEBUG org.activiti.engine.impl.asyncexecutor.AcquireAsyncJobsDueRunnable  - async job acquisition thread sleeping for 50 millis
10:47:59,292 [Thread-105] DEBUG org.activiti.engine.impl.cfg.standalone.StandaloneMybatisTransactionContext  - firing event committing...
10:47:59,293 [Thread-105] DEBUG org.activiti.engine.impl.cfg.standalone.StandaloneMybatisTransactionContext  - committing the ibatis sql session...
10:47:59,293 [Thread-105] DEBUG org.activiti.engine.impl.cfg.standalone.StandaloneMybatisTransactionContext  - firing event committed...
10:47:59,293 [Thread-105] DEBUG org.apache.ibatis.transaction.jdbc.JdbcTransaction  - Resetting autocommit to true on JDBC Connection [conn65: url=jdbc:h2:mem:activiti-AsyncExecutorTest user=SA]
10:47:59,293 [Thread-105] DEBUG org.apache.ibatis.transaction.jdbc.JdbcTransaction  - Closing JDBC Connection [conn65: url=jdbc:h2:mem:activiti-AsyncExecutorTest user=SA]
10:47:59,293 [main] DEBUG org.activiti.engine.impl.db.DbSqlSession  -   insert org.activiti.engine.impl.persistence.entity.GroupEntity@4a1f8f59
10:47:59,293 [main] DEBUG org.activiti.engine.impl.db.DbSqlSession  - flush summary: 1 insert, 0 update, 0 delete.
10:47:59,293 [main] DEBUG org.activiti.engine.impl.db.DbSqlSession  - now executing flush...
10:47:59,293 [main] DEBUG org.activiti.engine.impl.db.DbSqlSession  - inserting: org.activiti.engine.impl.persistence.entity.GroupEntity@4a1f8f59
10:47:59,293 [main] DEBUG org.apache.ibatis.transaction.jdbc.JdbcTransaction  - Opening JDBC Connection
10:47:59,293 [main] DEBUG org.apache.ibatis.datasource.pooled.PooledDataSource  - Checked out connection 363509958 from pool.
10:47:59,293 [main] DEBUG org.apache.ibatis.transaction.jdbc.JdbcTransaction  - Setting autocommit to false on JDBC Connection [conn2: url=jdbc:h2:mem:activiti user=SA]
10:47:59,293 [main] DEBUG org.activiti.engine.impl.persistence.entity.GroupEntity.insertGroup  - ==&gt;  Preparing: insert into ACT_ID_GROUP (ID_, REV_, NAME_, TYPE_) values ( ?, 1, ?, ? ) 
10:47:59,293 [main] DEBUG org.activiti.engine.impl.persistence.entity.GroupEntity.insertGroup  - ==&gt; Parameters: group1(String), null, null
10:47:59,293 [Thread-105] DEBUG org.apache.ibatis.datasource.pooled.PooledDataSource  - Returned connection 996762054 to pool.
10:47:59,293 [main] DEBUG org.activiti.engine.impl.persistence.entity.GroupEntity.insertGroup  - &lt;==    Updates: 1
10:47:59,293 [main] DEBUG org.activiti.engine.impl.cfg.standalone.StandaloneMybatisTransactionContext  - firing event committing...
10:47:59,293 [main] DEBUG org.activiti.engine.impl.cfg.standalone.StandaloneMybatisTransactionContext  - committing the ibatis sql session...
10:47:59,293 [Thread-105] DEBUG org.activiti.engine.impl.interceptor.LogInterceptor  - --- AcquireTimerJobsCmd finished --------------------------------------------------------
10:47:59,293 [Thread-105] DEBUG org.activiti.engine.impl.interceptor.LogInterceptor  - 

10:47:59,293 [main] DEBUG org.apache.ibatis.transaction.jdbc.JdbcTransaction  - Committing JDBC Connection [conn2: url=jdbc:h2:mem:activiti user=SA]
10:47:59,293 [main] DEBUG org.activiti.engine.impl.cfg.standalone.StandaloneMybatisTransactionContext  - firing event committed...
10:47:59,293 [main] DEBUG org.apache.ibatis.transaction.jdbc.JdbcTransaction  - Resetting autocommit to true on JDBC Connection [conn2: url=jdbc:h2:mem:activiti user=SA]
10:47:59,293 [main] DEBUG org.apache.ibatis.transaction.jdbc.JdbcTransaction  - Closing JDBC Connection [conn2: url=jdbc:h2:mem:activiti user=SA]
10:47:59,293 [main] DEBUG org.apache.ibatis.datasource.pooled.PooledDataSource  - Returned connection 363509958 to pool.
10:47:59,293 [main] DEBUG org.activiti.engine.impl.interceptor.LogInterceptor  - --- SaveGroupCmd finished --------------------------------------------------------
10:47:59,293 [main] DEBUG org.activiti.engine.impl.interceptor.LogInterceptor  - 

10:47:59,293 [Thread-105] DEBUG org.activiti.engine.impl.asyncexecutor.AcquireTimerJobsRunnable  - timer job acquisition thread sleeping for 50 millis
10:47:59,293 [main] DEBUG org.activiti.engine.impl.interceptor.LogInterceptor  - 

10:47:59,293 [main] DEBUG org.activiti.engine.impl.interceptor.LogInterceptor  - --- starting CreateGroupCmd --------------------------------------------------------
10:47:59,293 [main] DEBUG org.activiti.engine.impl.cfg.standalone.StandaloneMybatisTransactionContext  - firing event committing...
10:47:59,293 [main] DEBUG org.activiti.engine.impl.cfg.standalone.StandaloneMybatisTransactionContext  - committing the ibatis sql session...
10:47:59,293 [main] DEBUG org.activiti.engine.impl.cfg.standalone.StandaloneMybatisTransactionContext  - firing event committed...
10:47:59,293 [main] DEBUG org.activiti.engine.impl.interceptor.LogInterceptor  - --- CreateGroupCmd finished --------------------------------------------------------
10:47:59,293 [main] DEBUG org.activiti.engine.impl.interceptor.LogInterceptor  - 

10:47:59,293 [main] DEBUG org.activiti.engine.impl.interceptor.LogInterceptor  - 

10:47:59,293 [main] DEBUG org.activiti.engine.impl.interceptor.LogInterceptor  - --- starting SaveGroupCmd --------------------------------------------------------
10:47:59,293 [main] DEBUG org.activiti.engine.impl.db.DbSqlSession  -   insert org.activiti.engine.impl.persistence.entity.GroupEntity@13967f00
10:47:59,293 [main] DEBUG org.activiti.engine.impl.db.DbSqlSession  - flush summary: 1 insert, 0 update, 0 delete.
10:47:59,293 [main] DEBUG org.activiti.engine.impl.db.DbSqlSession  - now executing flush...
10:47:59,293 [main] DEBUG org.activiti.engine.impl.db.DbSqlSession  - inserting: org.activiti.engine.impl.persistence.entity.GroupEntity@13967f00
10:47:59,293 [main] DEBUG org.apache.ibatis.transaction.jdbc.JdbcTransaction  - Opening JDBC Connection
10:47:59,293 [main] DEBUG org.apache.ibatis.datasource.pooled.PooledDataSource  - Checked out connection 180014677 from pool.
10:47:59,293 [main] DEBUG org.apache.ibatis.transaction.jdbc.JdbcTransaction  - Setting autocommit to false on JDBC Connection [conn3: url=jdbc:h2:mem:activiti user=SA]
10:47:59,293 [main] DEBUG org.activiti.engine.impl.persistence.entity.GroupEntity.insertGroup  - ==&gt;  Preparing: insert into ACT_ID_GROUP (ID_, REV_, NAME_, TYPE_) values ( ?, 1, ?, ? ) 
10:47:59,293 [main] DEBUG org.activiti.engine.impl.persistence.entity.GroupEntity.insertGroup  - ==&gt; Parameters: group2(String), null, null
10:47:59,293 [main] DEBUG org.activiti.engine.impl.persistence.entity.GroupEntity.insertGroup  - &lt;==    Updates: 1
10:47:59,293 [main] DEBUG org.activiti.engine.impl.cfg.standalone.StandaloneMybatisTransactionContext  - firing event committing...
10:47:59,293 [main] DEBUG org.activiti.engine.impl.cfg.standalone.StandaloneMybatisTransactionContext  - committing the ibatis sql session...
10:47:59,295 [main] DEBUG org.apache.ibatis.transaction.jdbc.JdbcTransaction  - Committing JDBC Connection [conn3: url=jdbc:h2:mem:activiti user=SA]
10:47:59,295 [main] DEBUG org.activiti.engine.impl.cfg.standalone.StandaloneMybatisTransactionContext  - firing event committed...
10:47:59,295 [main] DEBUG org.apache.ibatis.transaction.jdbc.JdbcTransaction  - Resetting autocommit to true on JDBC Connection [conn3: url=jdbc:h2:mem:activiti user=SA]
10:47:59,295 [main] DEBUG org.apache.ibatis.transaction.jdbc.JdbcTransaction  - Closing JDBC Connection [conn3: url=jdbc:h2:mem:activiti user=SA]
10:47:59,295 [main] DEBUG org.apache.ibatis.datasource.pooled.PooledDataSource  - Returned connection 180014677 to pool.
10:47:59,295 [main] DEBUG org.activiti.engine.impl.interceptor.LogInterceptor  - --- SaveGroupCmd finished --------------------------------------------------------
10:47:59,295 [main] DEBUG org.activiti.engine.impl.interceptor.LogInterceptor  - 

10:47:59,295 [main] DEBUG org.activiti.engine.impl.interceptor.LogInterceptor  - 

10:47:59,295 [main] DEBUG org.activiti.engine.impl.interceptor.LogInterceptor  - --- starting CreateGroupCmd --------------------------------------------------------
10:47:59,295 [main] DEBUG org.activiti.engine.impl.cfg.standalone.StandaloneMybatisTransactionContext  - firing event committing...
10:47:59,295 [main] DEBUG org.activiti.engine.impl.cfg.standalone.StandaloneMybatisTransactionContext  - committing the ibatis sql session...
10:47:59,295 [main] DEBUG org.activiti.engine.impl.cfg.standalone.StandaloneMybatisTransactionContext  - firing event committed...
10:47:59,295 [main] DEBUG org.activiti.engine.impl.interceptor.LogInterceptor  - --- CreateGroupCmd finished --------------------------------------------------------
10:47:59,295 [main] DEBUG org.activiti.engine.impl.interceptor.LogInterceptor  - 

10:47:59,295 [main] DEBUG org.activiti.engine.impl.interceptor.LogInterceptor  - 

10:47:59,295 [main] DEBUG org.activiti.engine.impl.interceptor.LogInterceptor  - --- starting SaveGroupCmd --------------------------------------------------------
10:47:59,295 [main] DEBUG org.activiti.engine.impl.db.DbSqlSession  -   insert org.activiti.engine.impl.persistence.entity.GroupEntity@4306105e
10:47:59,295 [main] DEBUG org.activiti.engine.impl.db.DbSqlSession  - flush summary: 1 insert, 0 update, 0 delete.
10:47:59,295 [main] DEBUG org.activiti.engine.impl.db.DbSqlSession  - now executing flush...
10:47:59,295 [main] DEBUG org.activiti.engine.impl.db.DbSqlSession  - inserting: org.activiti.engine.impl.persistence.entity.GroupEntity@4306105e
10:47:59,295 [main] DEBUG org.apache.ibatis.transaction.jdbc.JdbcTransaction  - Opening JDBC Connection
10:47:59,295 [main] DEBUG org.apache.ibatis.datasource.pooled.PooledDataSource  - Checked out connection 297240765 from pool.
10:47:59,295 [main] DEBUG org.apache.ibatis.transaction.jdbc.JdbcTransaction  - Setting autocommit to false on JDBC Connection [conn4: url=jdbc:h2:mem:activiti user=SA]
10:47:59,295 [main] DEBUG org.activiti.engine.impl.persistence.entity.GroupEntity.insertGroup  - ==&gt;  Preparing: insert into ACT_ID_GROUP (ID_, REV_, NAME_, TYPE_) values ( ?, 1, ?, ? ) 
10:47:59,295 [main] DEBUG org.activiti.engine.impl.persistence.entity.GroupEntity.insertGroup  - ==&gt; Parameters: group3(String), null, null
10:47:59,295 [main] DEBUG org.activiti.engine.impl.persistence.entity.GroupEntity.insertGroup  - &lt;==    Updates: 1
10:47:59,295 [main] DEBUG org.activiti.engine.impl.cfg.standalone.StandaloneMybatisTransactionContext  - firing event committing...
10:47:59,295 [main] DEBUG org.activiti.engine.impl.cfg.standalone.StandaloneMybatisTransactionContext  - committing the ibatis sql session...
10:47:59,295 [main] DEBUG org.apache.ibatis.transaction.jdbc.JdbcTransaction  - Committing JDBC Connection [conn4: url=jdbc:h2:mem:activiti user=SA]
10:47:59,295 [main] DEBUG org.activiti.engine.impl.cfg.standalone.StandaloneMybatisTransactionContext  - firing event committed...
10:47:59,295 [main] DEBUG org.apache.ibatis.transaction.jdbc.JdbcTransaction  - Resetting autocommit to true on JDBC Connection [conn4: url=jdbc:h2:mem:activiti user=SA]
10:47:59,295 [main] DEBUG org.apache.ibatis.transaction.jdbc.JdbcTransaction  - Closing JDBC Connection [conn4: url=jdbc:h2:mem:activiti user=SA]
10:47:59,295 [main] DEBUG org.apache.ibatis.datasource.pooled.PooledDataSource  - Returned connection 297240765 to pool.
10:47:59,295 [main] DEBUG org.activiti.engine.impl.interceptor.LogInterceptor  - --- SaveGroupCmd finished --------------------------------------------------------
10:47:59,295 [main] DEBUG org.activiti.engine.impl.interceptor.LogInterceptor  - 

10:47:59,295 [main] DEBUG org.activiti.engine.impl.interceptor.LogInterceptor  - 

10:47:59,295 [main] DEBUG org.activiti.engine.impl.interceptor.LogInterceptor  - --- starting CreateMembershipCmd --------------------------------------------------------
10:47:59,295 [main] DEBUG org.activiti.engine.impl.db.DbSqlSession  -   insert org.activiti.engine.impl.persistence.entity.MembershipEntity@577fe3fc
10:47:59,295 [main] DEBUG org.activiti.engine.impl.db.DbSqlSession  - flush summary: 1 insert, 0 update, 0 delete.
10:47:59,295 [main] DEBUG org.activiti.engine.impl.db.DbSqlSession  - now executing flush...
10:47:59,295 [main] DEBUG org.activiti.engine.impl.db.DbSqlSession  - inserting: org.activiti.engine.impl.persistence.entity.MembershipEntity@577fe3fc
10:47:59,295 [main] DEBUG org.apache.ibatis.transaction.jdbc.JdbcTransaction  - Opening JDBC Connection
10:47:59,295 [main] DEBUG org.apache.ibatis.datasource.pooled.PooledDataSource  - Checked out connection 486346394 from pool.
10:47:59,295 [main] DEBUG org.apache.ibatis.transaction.jdbc.JdbcTransaction  - Setting autocommit to false on JDBC Connection [conn6: url=jdbc:h2:mem:activiti user=SA]
10:47:59,295 [main] DEBUG org.activiti.engine.impl.persistence.entity.MembershipRelation.insertMembership  - ==&gt;  Preparing: insert into ACT_ID_MEMBERSHIP (USER_ID_, GROUP_ID_) values ( ?, ? ) 
10:47:59,296 [main] DEBUG org.activiti.engine.impl.persistence.entity.MembershipRelation.insertMembership  - ==&gt; Parameters: userInGroup1(String), group1(String)
10:47:59,296 [main] DEBUG org.activiti.engine.impl.persistence.entity.MembershipRelation.insertMembership  - &lt;==    Updates: 1
10:47:59,296 [main] DEBUG org.activiti.engine.impl.cfg.standalone.StandaloneMybatisTransactionContext  - firing event committing...
10:47:59,296 [main] DEBUG org.activiti.engine.impl.cfg.standalone.StandaloneMybatisTransactionContext  - committing the ibatis sql session...
10:47:59,296 [main] DEBUG org.apache.ibatis.transaction.jdbc.JdbcTransaction  - Committing JDBC Connection [conn6: url=jdbc:h2:mem:activiti user=SA]
10:47:59,296 [main] DEBUG org.activiti.engine.impl.cfg.standalone.StandaloneMybatisTransactionContext  - firing event committed...
10:47:59,296 [main] DEBUG org.apache.ibatis.transaction.jdbc.JdbcTransaction  - Resetting autocommit to true on JDBC Connection [conn6: url=jdbc:h2:mem:activiti user=SA]
10:47:59,296 [main] DEBUG org.apache.ibatis.transaction.jdbc.JdbcTransaction  - Closing JDBC Connection [conn6: url=jdbc:h2:mem:activiti user=SA]
10:47:59,296 [main] DEBUG org.apache.ibatis.datasource.pooled.PooledDataSource  - Returned connection 486346394 to pool.
10:47:59,296 [main] DEBUG org.activiti.engine.impl.interceptor.LogInterceptor  - --- CreateMembershipCmd finished --------------------------------------------------------
10:47:59,296 [main] DEBUG org.activiti.engine.impl.interceptor.LogInterceptor  - 

10:47:59,296 [main] DEBUG org.activiti.engine.impl.interceptor.LogInterceptor  - 

10:47:59,296 [main] DEBUG org.activiti.engine.impl.interceptor.LogInterceptor  - --- starting CreateMembershipCmd --------------------------------------------------------
10:47:59,296 [main] DEBUG org.activiti.engine.impl.db.DbSqlSession  -   insert org.activiti.engine.impl.persistence.entity.MembershipEntity@612cdb0d
10:47:59,296 [main] DEBUG org.activiti.engine.impl.db.DbSqlSession  - flush summary: 1 insert, 0 update, 0 delete.
10:47:59,296 [main] DEBUG org.activiti.engine.impl.db.DbSqlSession  - now executing flush...
10:47:59,296 [main] DEBUG org.activiti.engine.impl.db.DbSqlSession  - inserting: org.activiti.engine.impl.persistence.entity.MembershipEntity@612cdb0d
10:47:59,296 [main] DEBUG org.apache.ibatis.transaction.jdbc.JdbcTransaction  - Opening JDBC Connection
10:47:59,296 [main] DEBUG org.apache.ibatis.datasource.pooled.PooledDataSource  - Checked out connection 363509958 from pool.
10:47:59,296 [main] DEBUG org.apache.ibatis.transaction.jdbc.JdbcTransaction  - Setting autocommit to false on JDBC Connection [conn2: url=jdbc:h2:mem:activiti user=SA]
10:47:59,296 [main] DEBUG org.activiti.engine.impl.persistence.entity.MembershipRelation.insertMembership  - ==&gt;  Preparing: insert into ACT_ID_MEMBERSHIP (USER_ID_, GROUP_ID_) values ( ?, ? ) 
10:47:59,296 [main] DEBUG org.activiti.engine.impl.persistence.entity.MembershipRelation.insertMembership  - ==&gt; Parameters: userInGroup2(String), group2(String)
10:47:59,296 [main] DEBUG org.activiti.engine.impl.persistence.entity.MembershipRelation.insertMembership  - &lt;==    Updates: 1
10:47:59,296 [main] DEBUG org.activiti.engine.impl.cfg.standalone.StandaloneMybatisTransactionContext  - firing event committing...
10:47:59,296 [main] DEBUG org.activiti.engine.impl.cfg.standalone.StandaloneMybatisTransactionContext  - committing the ibatis sql session...
10:47:59,296 [main] DEBUG org.apache.ibatis.transaction.jdbc.JdbcTransaction  - Committing JDBC Connection [conn2: url=jdbc:h2:mem:activiti user=SA]
10:47:59,296 [main] DEBUG org.activiti.engine.impl.cfg.standalone.StandaloneMybatisTransactionContext  - firing event committed...
10:47:59,296 [main] DEBUG org.apache.ibatis.transaction.jdbc.JdbcTransaction  - Resetting autocommit to true on JDBC Connection [conn2: url=jdbc:h2:mem:activiti user=SA]
10:47:59,296 [main] DEBUG org.apache.ibatis.transaction.jdbc.JdbcTransaction  - Closing JDBC Connection [conn2: url=jdbc:h2:mem:activiti user=SA]
10:47:59,296 [main] DEBUG org.apache.ibatis.datasource.pooled.PooledDataSource  - Returned connection 363509958 to pool.
10:47:59,296 [main] DEBUG org.activiti.engine.impl.interceptor.LogInterceptor  - --- CreateMembershipCmd finished --------------------------------------------------------
10:47:59,296 [main] DEBUG org.activiti.engine.impl.interceptor.LogInterceptor  - 

10:47:59,296 [main] DEBUG org.activiti.engine.impl.interceptor.LogInterceptor  - 

10:47:59,296 [main] DEBUG org.activiti.engine.impl.interceptor.LogInterceptor  - --- starting CreateMembershipCmd --------------------------------------------------------
10:47:59,296 [main] DEBUG org.activiti.engine.impl.db.DbSqlSession  -   insert org.activiti.engine.impl.persistence.entity.MembershipEntity@41e2d657
10:47:59,296 [main] DEBUG org.activiti.engine.impl.db.DbSqlSession  - flush summary: 1 insert, 0 update, 0 delete.
10:47:59,296 [main] DEBUG org.activiti.engine.impl.db.DbSqlSession  - now executing flush...
10:47:59,296 [main] DEBUG org.activiti.engine.impl.db.DbSqlSession  - inserting: org.activiti.engine.impl.persistence.entity.MembershipEntity@41e2d657
10:47:59,296 [main] DEBUG org.apache.ibatis.transaction.jdbc.JdbcTransaction  - Opening JDBC Connection
10:47:59,296 [main] DEBUG org.apache.ibatis.datasource.pooled.PooledDataSource  - Checked out connection 180014677 from pool.
10:47:59,296 [main] DEBUG org.apache.ibatis.transaction.jdbc.JdbcTransaction  - Setting autocommit to false on JDBC Connection [conn3: url=jdbc:h2:mem:activiti user=SA]
10:47:59,296 [main] DEBUG org.activiti.engine.impl.persistence.entity.MembershipRelation.insertMembership  - ==&gt;  Preparing: insert into ACT_ID_MEMBERSHIP (USER_ID_, GROUP_ID_) values ( ?, ? ) 
10:47:59,296 [main] DEBUG org.activiti.engine.impl.persistence.entity.MembershipRelation.insertMembership  - ==&gt; Parameters: userInGroup3(String), group3(String)
10:47:59,296 [main] DEBUG org.activiti.engine.impl.persistence.entity.MembershipRelation.insertMembership  - &lt;==    Updates: 1
10:47:59,296 [main] DEBUG org.activiti.engine.impl.cfg.standalone.StandaloneMybatisTransactionContext  - firing event committing...
10:47:59,296 [main] DEBUG org.activiti.engine.impl.cfg.standalone.StandaloneMybatisTransactionContext  - committing the ibatis sql session...
10:47:59,296 [main] DEBUG org.apache.ibatis.transaction.jdbc.JdbcTransaction  - Committing JDBC Connection [conn3: url=jdbc:h2:mem:activiti user=SA]
10:47:59,296 [main] DEBUG org.activiti.engine.impl.cfg.standalone.StandaloneMybatisTransactionContext  - firing event committed...
10:47:59,296 [main] DEBUG org.apache.ibatis.transaction.jdbc.JdbcTransaction  - Resetting autocommit to true on JDBC Connection [conn3: url=jdbc:h2:mem:activiti user=SA]
10:47:59,296 [main] DEBUG org.apache.ibatis.transaction.jdbc.JdbcTransaction  - Closing JDBC Connection [conn3: url=jdbc:h2:mem:activiti user=SA]
10:47:59,296 [main] DEBUG org.apache.ibatis.datasource.pooled.PooledDataSource  - Returned connection 180014677 to pool.
10:47:59,297 [main] DEBUG org.activiti.engine.impl.interceptor.LogInterceptor  - --- CreateMembershipCmd finished --------------------------------------------------------
10:47:59,297 [main] DEBUG org.activiti.engine.impl.interceptor.LogInterceptor  - 

10:47:59,297 [main] DEBUG org.activiti.engine.impl.interceptor.LogInterceptor  - 

10:47:59,297 [main] DEBUG org.activiti.engine.impl.interceptor.LogInterceptor  - --- starting ProcessDefinitionQueryImpl --------------------------------------------------------
10:47:59,297 [main] DEBUG org.apache.ibatis.transaction.jdbc.JdbcTransaction  - Opening JDBC Connection
10:47:59,297 [main] DEBUG org.apache.ibatis.datasource.pooled.PooledDataSource  - Checked out connection 297240765 from pool.
10:47:59,297 [main] DEBUG org.apache.ibatis.transaction.jdbc.JdbcTransaction  - Setting autocommit to false on JDBC Connection [conn4: url=jdbc:h2:mem:activiti user=SA]
10:47:59,297 [main] DEBUG org.activiti.engine.impl.persistence.entity.ProcessDefinitionEntity.selectProcessDefinitionsByQueryCriteria  - ==&gt;  Preparing: select RES.* from ACT_RE_PROCDEF RES WHERE RES.KEY_ = ? order by order by RES.ID_ asc LIMIT ? OFFSET ? 
10:47:59,297 [main] DEBUG org.activiti.engine.impl.interceptor.CommandContext  - Error while closing command context
org.apache.ibatis.exceptions.PersistenceException: 
### Error querying database.  Cause: org.h2.jdbc.JdbcSQLException: Syntax error in SQL statement &quot;SELECT RES.* 
       
    FROM ACT_RE_PROCDEF RES
     
     WHERE  RES.KEY_ = ? 
   
     ORDER BY  ORDER[*] BY RES.ID_ ASC  
    LIMIT ? OFFSET ? &quot;; expected &quot;=, NOT, EXISTS, INTERSECTS, SELECT, FROM&quot;; SQL statement:
select RES.* 
       
    from ACT_RE_PROCDEF RES
     
     WHERE  RES.KEY_ = ? 
   
     order by  order by RES.ID_ asc  
    LIMIT ? OFFSET ? [42001-176]
### The error may exist in org/activiti/db/mapping/entity/ProcessDefinition.xml
### The error may involve org.activiti.engine.impl.persistence.entity.ProcessDefinitionEntity.selectProcessDefinitionsByQueryCriteria
### The error occurred while executing a query
### SQL: select RES.*              from ACT_RE_PROCDEF RES            WHERE  RES.KEY_ = ?           order by  order by RES.ID_ asc       LIMIT ? OFFSET ?
### Cause: org.h2.jdbc.JdbcSQLException: Syntax error in SQL statement &quot;SELECT RES.* 
       
    FROM ACT_RE_PROCDEF RES
     
     WHERE  RES.KEY_ = ? 
   
     ORDER BY  ORDER[*] BY RES.ID_ ASC  
    LIMIT ? OFFSET ? &quot;; expected &quot;=, NOT, EXISTS, INTERSECTS, SELECT, FROM&quot;; SQL statement:
select RES.* 
       
    from ACT_RE_PROCDEF RES
     
     WHERE  RES.KEY_ = ? 
   
     order by  order by RES.ID_ asc  
    LIMIT ? OFFSET ? [42001-176]
	at org.apache.ibatis.exceptions.ExceptionFactory.wrapException(ExceptionFactory.java:30)
	at org.apache.ibatis.session.defaults.DefaultSqlSession.selectList(DefaultSqlSession.java:122)
	at org.apache.ibatis.session.defaults.DefaultSqlSession.selectList(DefaultSqlSession.java:113)
	at org.activiti.engine.impl.db.DbSqlSession.selectListWithRawParameter(DbSqlSession.java:438)
	at org.activiti.engine.impl.db.DbSqlSession.selectList(DbSqlSession.java:429)
	at org.activiti.engine.impl.db.DbSqlSession.selectList(DbSqlSession.java:419)
	at org.activiti.engine.impl.persistence.entity.ProcessDefinitionEntityManager.findProcessDefinitionsByQueryCriteria(ProcessDefinitionEntityManager.java:57)
	at org.activiti.engine.impl.ProcessDefinitionQueryImpl.executeList(ProcessDefinitionQueryImpl.java:307)
	at org.activiti.engine.impl.AbstractQuery.executeSingleResult(AbstractQuery.java:183)
	at org.activiti.engine.impl.AbstractQuery.execute(AbstractQuery.java:166)
	at org.activiti.engine.impl.interceptor.CommandInvoker.execute(CommandInvoker.java:24)
	at org.activiti.engine.impl.interceptor.CommandContextInterceptor.execute(CommandContextInterceptor.java:57)
	at org.activiti.engine.impl.interceptor.LogInterceptor.execute(LogInterceptor.java:37)
	at org.activiti.engine.impl.cfg.CommandExecutorImpl.execute(CommandExecutorImpl.java:40)
	at org.activiti.engine.impl.cfg.CommandExecutorImpl.execute(CommandExecutorImpl.java:35)
	at org.activiti.engine.impl.AbstractQuery.singleResult(AbstractQuery.java:129)
	at org.activiti.examples.bpmn.authorization.StartAuthorizationTest.testAddAndRemoveIdentityLinks(StartAuthorizationTest.java:151)
	at sun.reflect.NativeMethodAccessorImpl.invoke0(Native Method)
	at sun.reflect.NativeMethodAccessorImpl.invoke(NativeMethodAccessorImpl.java:62)
	at sun.reflect.DelegatingMethodAccessorImpl.invoke(DelegatingMethodAccessorImpl.java:43)
	at java.lang.reflect.Method.invoke(Method.java:498)
	at junit.framework.TestCase.runTest(TestCase.java:176)
	at org.activiti.engine.impl.test.PvmTestCase.runTest(PvmTestCase.java:65)
	at junit.framework.TestCase.runBare(TestCase.java:141)
	at org.activiti.engine.impl.test.AbstractActivitiTestCase.runBare(AbstractActivitiTestCase.java:100)
	at junit.framework.TestResult$1.protect(TestResult.java:122)
	at junit.framework.TestResult.runProtected(TestResult.java:142)
	at junit.framework.TestResult.run(TestResult.java:125)
	at junit.framework.TestCase.run(TestCase.java:129)
	at junit.framework.TestSuite.runTest(TestSuite.java:255)
	at junit.framework.TestSuite.run(TestSuite.java:250)
	at org.junit.internal.runners.JUnit38ClassRunner.run(JUnit38ClassRunner.java:84)
	at org.apache.maven.surefire.junit4.JUnit4TestSet.execute(JUnit4TestSet.java:35)
	at org.apache.maven.surefire.junit4.JUnit4Provider.executeTestSet(JUnit4Provider.java:146)
	at org.apache.maven.surefire.junit4.JUnit4Provider.invoke(JUnit4Provider.java:97)
	at sun.reflect.NativeMethodAccessorImpl.invoke0(Native Method)
	at sun.reflect.NativeMethodAccessorImpl.invoke(NativeMethodAccessorImpl.java:62)
	at sun.reflect.DelegatingMethodAccessorImpl.invoke(DelegatingMethodAccessorImpl.java:43)
	at java.lang.reflect.Method.invoke(Method.java:498)
	at org.apache.maven.surefire.booter.ProviderFactory$ClassLoaderProxy.invoke(ProviderFactory.java:103)
	at com.sun.proxy.$Proxy0.invoke(Unknown Source)
	at org.apache.maven.surefire.booter.SurefireStarter.invokeProvider(SurefireStarter.java:145)
	at org.apache.maven.surefire.booter.SurefireStarter.runSuitesInProcess(SurefireStarter.java:87)
	at org.apache.maven.surefire.booter.ForkedBooter.main(ForkedBooter.java:69)
Caused by: org.h2.jdbc.JdbcSQLException: Syntax error in SQL statement &quot;SELECT RES.* 
       
    FROM ACT_RE_PROCDEF RES
     
     WHERE  RES.KEY_ = ? 
   
     ORDER BY  ORDER[*] BY RES.ID_ ASC  
    LIMIT ? OFFSET ? &quot;; expected &quot;=, NOT, EXISTS, INTERSECTS, SELECT, FROM&quot;; SQL statement:
select RES.* 
       
    from ACT_RE_PROCDEF RES
     
     WHERE  RES.KEY_ = ? 
   
     order by  order by RES.ID_ asc  
    LIMIT ? OFFSET ? [42001-176]
	at org.h2.message.DbException.getJdbcSQLException(DbException.java:344)
	at org.h2.message.DbException.getSyntaxError(DbException.java:204)
	at org.h2.command.Parser.getSyntaxError(Parser.java:524)
	at org.h2.command.Parser.readTerm(Parser.java:2688)
	at org.h2.command.Parser.readFactor(Parser.java:2244)
	at org.h2.command.Parser.readSum(Parser.java:2231)
	at org.h2.command.Parser.readConcat(Parser.java:2201)
	at org.h2.command.Parser.readCondition(Parser.java:2051)
	at org.h2.command.Parser.readAnd(Parser.java:2023)
	at org.h2.command.Parser.readExpression(Parser.java:2015)
	at org.h2.command.Parser.parseEndOfQuery(Parser.java:1726)
	at org.h2.command.Parser.parseSelectUnionExtension(Parser.java:1706)
	at org.h2.command.Parser.parseSelectUnion(Parser.java:1675)
	at org.h2.command.Parser.parseSelect(Parser.java:1662)
	at org.h2.command.Parser.parsePrepared(Parser.java:434)
	at org.h2.command.Parser.parse(Parser.java:306)
	at org.h2.command.Parser.parse(Parser.java:282)
	at org.h2.command.Parser.prepareCommand(Parser.java:243)
	at org.h2.engine.Session.prepareLocal(Session.java:442)
	at org.h2.engine.Session.prepareCommand(Session.java:384)
	at org.h2.jdbc.JdbcConnection.prepareCommand(JdbcConnection.java:1188)
	at org.h2.jdbc.JdbcPreparedStatement.&lt;init&gt;(JdbcPreparedStatement.java:73)
	at org.h2.jdbc.JdbcConnection.prepareStatement(JdbcConnection.java:276)
	at sun.reflect.GeneratedMethodAccessor6.invoke(Unknown Source)
	at sun.reflect.DelegatingMethodAccessorImpl.invoke(DelegatingMethodAccessorImpl.java:43)
	at java.lang.reflect.Method.invoke(Method.java:498)
	at org.apache.ibatis.datasource.pooled.PooledConnection.invoke(PooledConnection.java:245)
	at com.sun.proxy.$Proxy12.prepareStatement(Unknown Source)
	at sun.reflect.GeneratedMethodAccessor6.invoke(Unknown Source)
	at sun.reflect.DelegatingMethodAccessorImpl.invoke(DelegatingMethodAccessorImpl.java:43)
	at java.lang.reflect.Method.invoke(Method.java:498)
	at org.apache.ibatis.logging.jdbc.ConnectionLogger.invoke(ConnectionLogger.java:55)
	at com.sun.proxy.$Proxy12.prepareStatement(Unknown Source)
	at org.apache.ibatis.executor.statement.PreparedStatementHandler.instantiateStatement(PreparedStatementHandler.java:79)
	at org.apache.ibatis.executor.statement.BaseStatementHandler.prepare(BaseStatementHandler.java:88)
	at org.apache.ibatis.executor.statement.RoutingStatementHandler.prepare(RoutingStatementHandler.java:58)
	at org.apache.ibatis.executor.SimpleExecutor.prepareStatement(SimpleExecutor.java:76)
	at org.apache.ibatis.executor.SimpleExecutor.doQuery(SimpleExecutor.java:61)
	at org.apache.ibatis.executor.BaseExecutor.queryFromDatabase(BaseExecutor.java:303)
	at org.apache.ibatis.executor.BaseExecutor.query(BaseExecutor.java:154)
	at org.apache.ibatis.executor.CachingExecutor.query(CachingExecutor.java:102)
	at org.apache.ibatis.executor.CachingExecutor.query(CachingExecutor.java:82)
	at org.apache.ibatis.session.defaults.DefaultSqlSession.selectList(DefaultSqlSession.java:120)
	... 42 more
10:47:59,297 [main] DEBUG org.activiti.engine.impl.cfg.standalone.StandaloneMybatisTransactionContext  - firing event rolling back...
10:47:59,297 [main] DEBUG org.activiti.engine.impl.cfg.standalone.StandaloneMybatisTransactionContext  - rolling back ibatis sql session...
10:47:59,297 [main] DEBUG org.activiti.engine.impl.cfg.standalone.StandaloneMybatisTransactionContext  - firing event rolled back...
10:47:59,297 [main] DEBUG org.apache.ibatis.transaction.jdbc.JdbcTransaction  - Resetting autocommit to true on JDBC Connection [conn4: url=jdbc:h2:mem:activiti user=SA]
10:47:59,297 [main] DEBUG org.apache.ibatis.transaction.jdbc.JdbcTransaction  - Closing JDBC Connection [conn4: url=jdbc:h2:mem:activiti user=SA]
10:47:59,297 [main] DEBUG org.apache.ibatis.datasource.pooled.PooledDataSource  - Returned connection 297240765 to pool.
10:47:59,297 [main] DEBUG org.activiti.engine.impl.interceptor.LogInterceptor  - --- ProcessDefinitionQueryImpl finished --------------------------------------------------------
10:47:59,297 [main] DEBUG org.activiti.engine.impl.interceptor.LogInterceptor  - 

10:47:59,297 [main] DEBUG org.activiti.engine.impl.interceptor.LogInterceptor  - 

10:47:59,297 [main] DEBUG org.activiti.engine.impl.interceptor.LogInterceptor  - --- starting DeleteMembershipCmd --------------------------------------------------------
10:47:59,297 [main] DEBUG org.activiti.engine.impl.db.DbSqlSession  -   bulk delete: deleteMembership({groupId=group1, userId=userInGroup1})
10:47:59,297 [main] DEBUG org.activiti.engine.impl.db.DbSqlSession  - flush summary: 0 insert, 0 update, 1 delete.
10:47:59,297 [main] DEBUG org.activiti.engine.impl.db.DbSqlSession  - now executing flush...
10:47:59,297 [main] DEBUG org.activiti.engine.impl.db.DbSqlSession  - executing: bulk delete: deleteMembership({groupId=group1, userId=userInGroup1})
10:47:59,297 [main] DEBUG org.apache.ibatis.transaction.jdbc.JdbcTransaction  - Opening JDBC Connection
10:47:59,297 [main] DEBUG org.apache.ibatis.datasource.pooled.PooledDataSource  - Checked out connection 486346394 from pool.
10:47:59,297 [main] DEBUG org.apache.ibatis.transaction.jdbc.JdbcTransaction  - Setting autocommit to false on JDBC Connection [conn6: url=jdbc:h2:mem:activiti user=SA]
10:47:59,297 [main] DEBUG org.activiti.engine.impl.persistence.entity.MembershipRelation.deleteMembership  - ==&gt;  Preparing: delete from ACT_ID_MEMBERSHIP where USER_ID_ = ? and GROUP_ID_ = ? 
10:47:59,297 [main] DEBUG org.activiti.engine.impl.persistence.entity.MembershipRelation.deleteMembership  - ==&gt; Parameters: userInGroup1(String), group1(String)
10:47:59,297 [main] DEBUG org.activiti.engine.impl.persistence.entity.MembershipRelation.deleteMembership  - &lt;==    Updates: 1
10:47:59,297 [main] DEBUG org.activiti.engine.impl.cfg.standalone.StandaloneMybatisTransactionContext  - firing event committing...
10:47:59,297 [main] DEBUG org.activiti.engine.impl.cfg.standalone.StandaloneMybatisTransactionContext  - committing the ibatis sql session...
10:47:59,297 [main] DEBUG org.apache.ibatis.transaction.jdbc.JdbcTransaction  - Committing JDBC Connection [conn6: url=jdbc:h2:mem:activiti user=SA]
10:47:59,297 [main] DEBUG org.activiti.engine.impl.cfg.standalone.StandaloneMybatisTransactionContext  - firing event committed...
10:47:59,297 [main] DEBUG org.apache.ibatis.transaction.jdbc.JdbcTransaction  - Resetting autocommit to true on JDBC Connection [conn6: url=jdbc:h2:mem:activiti user=SA]
10:47:59,298 [main] DEBUG org.apache.ibatis.transaction.jdbc.JdbcTransaction  - Closing JDBC Connection [conn6: url=jdbc:h2:mem:activiti user=SA]
10:47:59,298 [main] DEBUG org.apache.ibatis.datasource.pooled.PooledDataSource  - Returned connection 486346394 to pool.
10:47:59,298 [main] DEBUG org.activiti.engine.impl.interceptor.LogInterceptor  - --- DeleteMembershipCmd finished --------------------------------------------------------
10:47:59,298 [main] DEBUG org.activiti.engine.impl.interceptor.LogInterceptor  - 

10:47:59,298 [main] DEBUG org.activiti.engine.impl.interceptor.LogInterceptor  - 

10:47:59,298 [main] DEBUG org.activiti.engine.impl.interceptor.LogInterceptor  - --- starting DeleteMembershipCmd --------------------------------------------------------
10:47:59,298 [main] DEBUG org.activiti.engine.impl.db.DbSqlSession  -   bulk delete: deleteMembership({groupId=group2, userId=userInGroup2})
10:47:59,298 [main] DEBUG org.activiti.engine.impl.db.DbSqlSession  - flush summary: 0 insert, 0 update, 1 delete.
10:47:59,298 [main] DEBUG org.activiti.engine.impl.db.DbSqlSession  - now executing flush...
10:47:59,298 [main] DEBUG org.activiti.engine.impl.db.DbSqlSession  - executing: bulk delete: deleteMembership({groupId=group2, userId=userInGroup2})
10:47:59,298 [main] DEBUG org.apache.ibatis.transaction.jdbc.JdbcTransaction  - Opening JDBC Connection
10:47:59,298 [main] DEBUG org.apache.ibatis.datasource.pooled.PooledDataSource  - Checked out connection 363509958 from pool.
10:47:59,298 [main] DEBUG org.apache.ibatis.transaction.jdbc.JdbcTransaction  - Setting autocommit to false on JDBC Connection [conn2: url=jdbc:h2:mem:activiti user=SA]
10:47:59,298 [main] DEBUG org.activiti.engine.impl.persistence.entity.MembershipRelation.deleteMembership  - ==&gt;  Preparing: delete from ACT_ID_MEMBERSHIP where USER_ID_ = ? and GROUP_ID_ = ? 
10:47:59,298 [main] DEBUG org.activiti.engine.impl.persistence.entity.MembershipRelation.deleteMembership  - ==&gt; Parameters: userInGroup2(String), group2(String)
10:47:59,298 [main] DEBUG org.activiti.engine.impl.persistence.entity.MembershipRelation.deleteMembership  - &lt;==    Updates: 1
10:47:59,298 [main] DEBUG org.activiti.engine.impl.cfg.standalone.StandaloneMybatisTransactionContext  - firing event committing...
10:47:59,298 [main] DEBUG org.activiti.engine.impl.cfg.standalone.StandaloneMybatisTransactionContext  - committing the ibatis sql session...
10:47:59,298 [main] DEBUG org.apache.ibatis.transaction.jdbc.JdbcTransaction  - Committing JDBC Connection [conn2: url=jdbc:h2:mem:activiti user=SA]
10:47:59,298 [main] DEBUG org.activiti.engine.impl.cfg.standalone.StandaloneMybatisTransactionContext  - firing event committed...
10:47:59,298 [main] DEBUG org.apache.ibatis.transaction.jdbc.JdbcTransaction  - Resetting autocommit to true on JDBC Connection [conn2: url=jdbc:h2:mem:activiti user=SA]
10:47:59,298 [main] DEBUG org.apache.ibatis.transaction.jdbc.JdbcTransaction  - Closing JDBC Connection [conn2: url=jdbc:h2:mem:activiti user=SA]
10:47:59,298 [main] DEBUG org.apache.ibatis.datasource.pooled.PooledDataSource  - Returned connection 363509958 to pool.
10:47:59,298 [main] DEBUG org.activiti.engine.impl.interceptor.LogInterceptor  - --- DeleteMembershipCmd finished --------------------------------------------------------
10:47:59,298 [main] DEBUG org.activiti.engine.impl.interceptor.LogInterceptor  - 

10:47:59,298 [main] DEBUG org.activiti.engine.impl.interceptor.LogInterceptor  - 

10:47:59,298 [main] DEBUG org.activiti.engine.impl.interceptor.LogInterceptor  - --- starting DeleteMembershipCmd --------------------------------------------------------
10:47:59,298 [main] DEBUG org.activiti.engine.impl.db.DbSqlSession  -   bulk delete: deleteMembership({groupId=group3, userId=userInGroup3})
10:47:59,298 [main] DEBUG org.activiti.engine.impl.db.DbSqlSession  - flush summary: 0 insert, 0 update, 1 delete.
10:47:59,298 [main] DEBUG org.activiti.engine.impl.db.DbSqlSession  - now executing flush...
10:47:59,298 [main] DEBUG org.activiti.engine.impl.db.DbSqlSession  - executing: bulk delete: deleteMembership({groupId=group3, userId=userInGroup3})
10:47:59,298 [main] DEBUG org.apache.ibatis.transaction.jdbc.JdbcTransaction  - Opening JDBC Connection
10:47:59,298 [main] DEBUG org.apache.ibatis.datasource.pooled.PooledDataSource  - Checked out connection 180014677 from pool.
10:47:59,298 [main] DEBUG org.apache.ibatis.transaction.jdbc.JdbcTransaction  - Setting autocommit to false on JDBC Connection [conn3: url=jdbc:h2:mem:activiti user=SA]
10:47:59,298 [main] DEBUG org.activiti.engine.impl.persistence.entity.MembershipRelation.deleteMembership  - ==&gt;  Preparing: delete from ACT_ID_MEMBERSHIP where USER_ID_ = ? and GROUP_ID_ = ? 
10:47:59,298 [main] DEBUG org.activiti.engine.impl.persistence.entity.MembershipRelation.deleteMembership  - ==&gt; Parameters: userInGroup3(String), group3(String)
10:47:59,298 [main] DEBUG org.activiti.engine.impl.persistence.entity.MembershipRelation.deleteMembership  - &lt;==    Updates: 1
10:47:59,298 [main] DEBUG org.activiti.engine.impl.cfg.standalone.StandaloneMybatisTransactionContext  - firing event committing...
10:47:59,298 [main] DEBUG org.activiti.engine.impl.cfg.standalone.StandaloneMybatisTransactionContext  - committing the ibatis sql session...
10:47:59,298 [main] DEBUG org.apache.ibatis.transaction.jdbc.JdbcTransaction  - Committing JDBC Connection [conn3: url=jdbc:h2:mem:activiti user=SA]
10:47:59,298 [main] DEBUG org.activiti.engine.impl.cfg.standalone.StandaloneMybatisTransactionContext  - firing event committed...
10:47:59,298 [main] DEBUG org.apache.ibatis.transaction.jdbc.JdbcTransaction  - Resetting autocommit to true on JDBC Connection [conn3: url=jdbc:h2:mem:activiti user=SA]
10:47:59,298 [main] DEBUG org.apache.ibatis.transaction.jdbc.JdbcTransaction  - Closing JDBC Connection [conn3: url=jdbc:h2:mem:activiti user=SA]
10:47:59,298 [main] DEBUG org.apache.ibatis.datasource.pooled.PooledDataSource  - Returned connection 180014677 to pool.
10:47:59,298 [main] DEBUG org.activiti.engine.impl.interceptor.LogInterceptor  - --- DeleteMembershipCmd finished --------------------------------------------------------
10:47:59,298 [main] DEBUG org.activiti.engine.impl.interceptor.LogInterceptor  - 

10:47:59,298 [main] DEBUG org.activiti.engine.impl.interceptor.LogInterceptor  - 

10:47:59,298 [main] DEBUG org.activiti.engine.impl.interceptor.LogInterceptor  - --- starting DeleteGroupCmd --------------------------------------------------------
10:47:59,298 [main] DEBUG org.apache.ibatis.transaction.jdbc.JdbcTransaction  - Opening JDBC Connection
10:47:59,298 [main] DEBUG org.apache.ibatis.datasource.pooled.PooledDataSource  - Checked out connection 297240765 from pool.
10:47:59,298 [main] DEBUG org.apache.ibatis.transaction.jdbc.JdbcTransaction  - Setting autocommit to false on JDBC Connection [conn4: url=jdbc:h2:mem:activiti user=SA]
10:47:59,299 [main] DEBUG org.activiti.engine.impl.persistence.entity.GroupEntity.selectGroup  - ==&gt;  Preparing: select * from ACT_ID_GROUP where ID_ = ? 
10:47:59,299 [main] DEBUG org.activiti.engine.impl.persistence.entity.GroupEntity.selectGroup  - ==&gt; Parameters: group1(String)
10:47:59,299 [main] DEBUG org.activiti.engine.impl.persistence.entity.GroupEntity.selectGroup  - &lt;==      Total: 1
10:47:59,299 [main] DEBUG org.activiti.engine.impl.db.DbSqlSession  -   bulk delete: deleteMembershipsByGroupId(group1)
10:47:59,299 [main] DEBUG org.activiti.engine.impl.db.DbSqlSession  -   delete org.activiti.engine.impl.persistence.entity.GroupEntity@1dae9b9d
10:47:59,299 [main] DEBUG org.activiti.engine.impl.db.DbSqlSession  - flush summary: 0 insert, 0 update, 2 delete.
10:47:59,299 [main] DEBUG org.activiti.engine.impl.db.DbSqlSession  - now executing flush...
10:47:59,299 [main] DEBUG org.activiti.engine.impl.db.DbSqlSession  - executing: bulk delete: deleteMembershipsByGroupId(group1)
10:47:59,299 [main] DEBUG org.activiti.engine.impl.persistence.entity.MembershipRelation.deleteMembershipsByGroupId  - ==&gt;  Preparing: delete from ACT_ID_MEMBERSHIP where GROUP_ID_ = ? 
10:47:59,299 [main] DEBUG org.activiti.engine.impl.persistence.entity.MembershipRelation.deleteMembershipsByGroupId  - ==&gt; Parameters: group1(String)
10:47:59,299 [main] DEBUG org.activiti.engine.impl.persistence.entity.MembershipRelation.deleteMembershipsByGroupId  - &lt;==    Updates: 0
10:47:59,299 [main] DEBUG org.activiti.engine.impl.db.DbSqlSession  - executing: delete org.activiti.engine.impl.persistence.entity.GroupEntity@1dae9b9d
10:47:59,299 [main] DEBUG org.activiti.engine.impl.persistence.entity.GroupEntity.deleteGroup  - ==&gt;  Preparing: delete from ACT_ID_GROUP where ID_ = ? and REV_ = ? 
10:47:59,299 [main] DEBUG org.activiti.engine.impl.persistence.entity.GroupEntity.deleteGroup  - ==&gt; Parameters: group1(String), 1(Integer)
10:47:59,299 [main] DEBUG org.activiti.engine.impl.persistence.entity.GroupEntity.deleteGroup  - &lt;==    Updates: 1
10:47:59,299 [main] DEBUG org.activiti.engine.impl.cfg.standalone.StandaloneMybatisTransactionContext  - firing event committing...
10:47:59,299 [main] DEBUG org.activiti.engine.impl.cfg.standalone.StandaloneMybatisTransactionContext  - committing the ibatis sql session...
10:47:59,299 [main] DEBUG org.apache.ibatis.transaction.jdbc.JdbcTransaction  - Committing JDBC Connection [conn4: url=jdbc:h2:mem:activiti user=SA]
10:47:59,299 [main] DEBUG org.activiti.engine.impl.cfg.standalone.StandaloneMybatisTransactionContext  - firing event committed...
10:47:59,299 [main] DEBUG org.apache.ibatis.transaction.jdbc.JdbcTransaction  - Resetting autocommit to true on JDBC Connection [conn4: url=jdbc:h2:mem:activiti user=SA]
10:47:59,299 [main] DEBUG org.apache.ibatis.transaction.jdbc.JdbcTransaction  - Closing JDBC Connection [conn4: url=jdbc:h2:mem:activiti user=SA]
10:47:59,299 [main] DEBUG org.apache.ibatis.datasource.pooled.PooledDataSource  - Returned connection 297240765 to pool.
10:47:59,299 [main] DEBUG org.activiti.engine.impl.interceptor.LogInterceptor  - --- DeleteGroupCmd finished --------------------------------------------------------
10:47:59,299 [main] DEBUG org.activiti.engine.impl.interceptor.LogInterceptor  - 

10:47:59,299 [main] DEBUG org.activiti.engine.impl.interceptor.LogInterceptor  - 

10:47:59,299 [main] DEBUG org.activiti.engine.impl.interceptor.LogInterceptor  - --- starting DeleteGroupCmd --------------------------------------------------------
10:47:59,299 [main] DEBUG org.apache.ibatis.transaction.jdbc.JdbcTransaction  - Opening JDBC Connection
10:47:59,299 [main] DEBUG org.apache.ibatis.datasource.pooled.PooledDataSource  - Checked out connection 486346394 from pool.
10:47:59,299 [main] DEBUG org.apache.ibatis.transaction.jdbc.JdbcTransaction  - Setting autocommit to false on JDBC Connection [conn6: url=jdbc:h2:mem:activiti user=SA]
10:47:59,299 [main] DEBUG org.activiti.engine.impl.persistence.entity.GroupEntity.selectGroup  - ==&gt;  Preparing: select * from ACT_ID_GROUP where ID_ = ? 
10:47:59,299 [main] DEBUG org.activiti.engine.impl.persistence.entity.GroupEntity.selectGroup  - ==&gt; Parameters: group2(String)
10:47:59,299 [main] DEBUG org.activiti.engine.impl.persistence.entity.GroupEntity.selectGroup  - &lt;==      Total: 1
10:47:59,299 [main] DEBUG org.activiti.engine.impl.db.DbSqlSession  -   bulk delete: deleteMembershipsByGroupId(group2)
10:47:59,299 [main] DEBUG org.activiti.engine.impl.db.DbSqlSession  -   delete org.activiti.engine.impl.persistence.entity.GroupEntity@4aa9a611
10:47:59,299 [main] DEBUG org.activiti.engine.impl.db.DbSqlSession  - flush summary: 0 insert, 0 update, 2 delete.
10:47:59,299 [main] DEBUG org.activiti.engine.impl.db.DbSqlSession  - now executing flush...
10:47:59,299 [main] DEBUG org.activiti.engine.impl.db.DbSqlSession  - executing: bulk delete: deleteMembershipsByGroupId(group2)
10:47:59,299 [main] DEBUG org.activiti.engine.impl.persistence.entity.MembershipRelation.deleteMembershipsByGroupId  - ==&gt;  Preparing: delete from ACT_ID_MEMBERSHIP where GROUP_ID_ = ? 
10:47:59,299 [main] DEBUG org.activiti.engine.impl.persistence.entity.MembershipRelation.deleteMembershipsByGroupId  - ==&gt; Parameters: group2(String)
10:47:59,299 [main] DEBUG org.activiti.engine.impl.persistence.entity.MembershipRelation.deleteMembershipsByGroupId  - &lt;==    Updates: 0
10:47:59,299 [main] DEBUG org.activiti.engine.impl.db.DbSqlSession  - executing: delete org.activiti.engine.impl.persistence.entity.GroupEntity@4aa9a611
10:47:59,299 [main] DEBUG org.activiti.engine.impl.persistence.entity.GroupEntity.deleteGroup  - ==&gt;  Preparing: delete from ACT_ID_GROUP where ID_ = ? and REV_ = ? 
10:47:59,299 [main] DEBUG org.activiti.engine.impl.persistence.entity.GroupEntity.deleteGroup  - ==&gt; Parameters: group2(String), 1(Integer)
10:47:59,299 [main] DEBUG org.activiti.engine.impl.persistence.entity.GroupEntity.deleteGroup  - &lt;==    Updates: 1
10:47:59,299 [main] DEBUG org.activiti.engine.impl.cfg.standalone.StandaloneMybatisTransactionContext  - firing event committing...
10:47:59,299 [main] DEBUG org.activiti.engine.impl.cfg.standalone.StandaloneMybatisTransactionContext  - committing the ibatis sql session...
10:47:59,299 [main] DEBUG org.apache.ibatis.transaction.jdbc.JdbcTransaction  - Committing JDBC Connection [conn6: url=jdbc:h2:mem:activiti user=SA]
10:47:59,299 [main] DEBUG org.activiti.engine.impl.cfg.standalone.StandaloneMybatisTransactionContext  - firing event committed...
10:47:59,299 [main] DEBUG org.apache.ibatis.transaction.jdbc.JdbcTransaction  - Resetting autocommit to true on JDBC Connection [conn6: url=jdbc:h2:mem:activiti user=SA]
10:47:59,300 [main] DEBUG org.apache.ibatis.transaction.jdbc.JdbcTransaction  - Closing JDBC Connection [conn6: url=jdbc:h2:mem:activiti user=SA]
10:47:59,300 [main] DEBUG org.apache.ibatis.datasource.pooled.PooledDataSource  - Returned connection 486346394 to pool.
10:47:59,300 [main] DEBUG org.activiti.engine.impl.interceptor.LogInterceptor  - --- DeleteGroupCmd finished --------------------------------------------------------
10:47:59,300 [main] DEBUG org.activiti.engine.impl.interceptor.LogInterceptor  - 

10:47:59,300 [main] DEBUG org.activiti.engine.impl.interceptor.LogInterceptor  - 

10:47:59,300 [main] DEBUG org.activiti.engine.impl.interceptor.LogInterceptor  - --- starting DeleteGroupCmd --------------------------------------------------------
10:47:59,300 [main] DEBUG org.apache.ibatis.transaction.jdbc.JdbcTransaction  - Opening JDBC Connection
10:47:59,300 [main] DEBUG org.apache.ibatis.datasource.pooled.PooledDataSource  - Checked out connection 363509958 from pool.
10:47:59,300 [main] DEBUG org.apache.ibatis.transaction.jdbc.JdbcTransaction  - Setting autocommit to false on JDBC Connection [conn2: url=jdbc:h2:mem:activiti user=SA]
10:47:59,300 [main] DEBUG org.activiti.engine.impl.persistence.entity.GroupEntity.selectGroup  - ==&gt;  Preparing: select * from ACT_ID_GROUP where ID_ = ? 
10:47:59,300 [main] DEBUG org.activiti.engine.impl.persistence.entity.GroupEntity.selectGroup  - ==&gt; Parameters: group3(String)
10:47:59,300 [main] DEBUG org.activiti.engine.impl.persistence.entity.GroupEntity.selectGroup  - &lt;==      Total: 1
10:47:59,300 [main] DEBUG org.activiti.engine.impl.db.DbSqlSession  -   bulk delete: deleteMembershipsByGroupId(group3)
10:47:59,300 [main] DEBUG org.activiti.engine.impl.db.DbSqlSession  -   delete org.activiti.engine.impl.persistence.entity.GroupEntity@55f5fe83
10:47:59,300 [main] DEBUG org.activiti.engine.impl.db.DbSqlSession  - flush summary: 0 insert, 0 update, 2 delete.
10:47:59,300 [main] DEBUG org.activiti.engine.impl.db.DbSqlSession  - now executing flush...
10:47:59,300 [main] DEBUG org.activiti.engine.impl.db.DbSqlSession  - executing: bulk delete: deleteMembershipsByGroupId(group3)
10:47:59,300 [main] DEBUG org.activiti.engine.impl.persistence.entity.MembershipRelation.deleteMembershipsByGroupId  - ==&gt;  Preparing: delete from ACT_ID_MEMBERSHIP where GROUP_ID_ = ? 
10:47:59,300 [main] DEBUG org.activiti.engine.impl.persistence.entity.MembershipRelation.deleteMembershipsByGroupId  - ==&gt; Parameters: group3(String)
10:47:59,300 [main] DEBUG org.activiti.engine.impl.persistence.entity.MembershipRelation.deleteMembershipsByGroupId  - &lt;==    Updates: 0
10:47:59,300 [main] DEBUG org.activiti.engine.impl.db.DbSqlSession  - executing: delete org.activiti.engine.impl.persistence.entity.GroupEntity@55f5fe83
10:47:59,300 [main] DEBUG org.activiti.engine.impl.persistence.entity.GroupEntity.deleteGroup  - ==&gt;  Preparing: delete from ACT_ID_GROUP where ID_ = ? and REV_ = ? 
10:47:59,300 [main] DEBUG org.activiti.engine.impl.persistence.entity.GroupEntity.deleteGroup  - ==&gt; Parameters: group3(String), 1(Integer)
10:47:59,300 [main] DEBUG org.activiti.engine.impl.persistence.entity.GroupEntity.deleteGroup  - &lt;==    Updates: 1
10:47:59,300 [main] DEBUG org.activiti.engine.impl.cfg.standalone.StandaloneMybatisTransactionContext  - firing event committing...
10:47:59,300 [main] DEBUG org.activiti.engine.impl.cfg.standalone.StandaloneMybatisTransactionContext  - committing the ibatis sql session...
10:47:59,300 [main] DEBUG org.apache.ibatis.transaction.jdbc.JdbcTransaction  - Committing JDBC Connection [conn2: url=jdbc:h2:mem:activiti user=SA]
10:47:59,300 [main] DEBUG org.activiti.engine.impl.cfg.standalone.StandaloneMybatisTransactionContext  - firing event committed...
10:47:59,300 [main] DEBUG org.apache.ibatis.transaction.jdbc.JdbcTransaction  - Resetting autocommit to true on JDBC Connection [conn2: url=jdbc:h2:mem:activiti user=SA]
10:47:59,300 [main] DEBUG org.apache.ibatis.transaction.jdbc.JdbcTransaction  - Closing JDBC Connection [conn2: url=jdbc:h2:mem:activiti user=SA]
10:47:59,300 [main] DEBUG org.apache.ibatis.datasource.pooled.PooledDataSource  - Returned connection 363509958 to pool.
10:47:59,300 [main] DEBUG org.activiti.engine.impl.interceptor.LogInterceptor  - --- DeleteGroupCmd finished --------------------------------------------------------
10:47:59,300 [main] DEBUG org.activiti.engine.impl.interceptor.LogInterceptor  - 

10:47:59,300 [main] DEBUG org.activiti.engine.impl.interceptor.LogInterceptor  - 

10:47:59,300 [main] DEBUG org.activiti.engine.impl.interceptor.LogInterceptor  - --- starting DeleteUserCmd --------------------------------------------------------
10:47:59,300 [main] DEBUG org.apache.ibatis.transaction.jdbc.JdbcTransaction  - Opening JDBC Connection
10:47:59,300 [main] DEBUG org.apache.ibatis.datasource.pooled.PooledDataSource  - Checked out connection 180014677 from pool.
10:47:59,300 [main] DEBUG org.apache.ibatis.transaction.jdbc.JdbcTransaction  - Setting autocommit to false on JDBC Connection [conn3: url=jdbc:h2:mem:activiti user=SA]
10:47:59,300 [main] DEBUG org.activiti.engine.impl.persistence.entity.UserEntity.selectUserById  - ==&gt;  Preparing: select * from ACT_ID_USER where ID_ = ? 
10:47:59,300 [main] DEBUG org.activiti.engine.impl.persistence.entity.UserEntity.selectUserById  - ==&gt; Parameters: userInGroup1(String)
10:47:59,300 [main] DEBUG org.activiti.engine.impl.persistence.entity.UserEntity.selectUserById  - &lt;==      Total: 1
10:47:59,300 [main] DEBUG org.activiti.engine.impl.persistence.entity.IdentityInfoEntity.selectIdentityInfoByUserId  - ==&gt;  Preparing: select * from ACT_ID_INFO where USER_ID_ = ? 
10:47:59,300 [main] DEBUG org.activiti.engine.impl.persistence.entity.IdentityInfoEntity.selectIdentityInfoByUserId  - ==&gt; Parameters: userInGroup1(String)
10:47:59,300 [main] DEBUG org.activiti.engine.impl.persistence.entity.IdentityInfoEntity.selectIdentityInfoByUserId  - &lt;==      Total: 0
10:47:59,300 [main] DEBUG org.activiti.engine.impl.db.DbSqlSession  -   bulk delete: deleteMembershipsByUserId(userInGroup1)
10:47:59,300 [main] DEBUG org.activiti.engine.impl.db.DbSqlSession  -   delete org.activiti.engine.impl.persistence.entity.UserEntity@21275d4a
10:47:59,300 [main] DEBUG org.activiti.engine.impl.db.DbSqlSession  - flush summary: 0 insert, 0 update, 2 delete.
10:47:59,300 [main] DEBUG org.activiti.engine.impl.db.DbSqlSession  - now executing flush...
10:47:59,300 [main] DEBUG org.activiti.engine.impl.db.DbSqlSession  - executing: bulk delete: deleteMembershipsByUserId(userInGroup1)
10:47:59,300 [main] DEBUG org.activiti.engine.impl.persistence.entity.MembershipRelation.deleteMembershipsByUserId  - ==&gt;  Preparing: delete from ACT_ID_MEMBERSHIP where USER_ID_ = ? 
10:47:59,300 [main] DEBUG org.activiti.engine.impl.persistence.entity.MembershipRelation.deleteMembershipsByUserId  - ==&gt; Parameters: userInGroup1(String)
10:47:59,300 [main] DEBUG org.activiti.engine.impl.persistence.entity.MembershipRelation.deleteMembershipsByUserId  - &lt;==    Updates: 0
10:47:59,300 [main] DEBUG org.activiti.engine.impl.db.DbSqlSession  - executing: delete org.activiti.engine.impl.persistence.entity.UserEntity@21275d4a
10:47:59,300 [main] DEBUG org.activiti.engine.impl.persistence.entity.UserEntity.deleteUser  - ==&gt;  Preparing: delete from ACT_ID_USER where ID_ = ? and REV_ = ? 
10:47:59,300 [main] DEBUG org.activiti.engine.impl.persistence.entity.UserEntity.deleteUser  - ==&gt; Parameters: userInGroup1(String), 1(Integer)
10:47:59,301 [main] DEBUG org.activiti.engine.impl.persistence.entity.UserEntity.deleteUser  - &lt;==    Updates: 1
10:47:59,301 [main] DEBUG org.activiti.engine.impl.cfg.standalone.StandaloneMybatisTransactionContext  - firing event committing...
10:47:59,301 [main] DEBUG org.activiti.engine.impl.cfg.standalone.StandaloneMybatisTransactionContext  - committing the ibatis sql session...
10:47:59,301 [main] DEBUG org.apache.ibatis.transaction.jdbc.JdbcTransaction  - Committing JDBC Connection [conn3: url=jdbc:h2:mem:activiti user=SA]
10:47:59,301 [main] DEBUG org.activiti.engine.impl.cfg.standalone.StandaloneMybatisTransactionContext  - firing event committed...
10:47:59,301 [main] DEBUG org.apache.ibatis.transaction.jdbc.JdbcTransaction  - Resetting autocommit to true on JDBC Connection [conn3: url=jdbc:h2:mem:activiti user=SA]
10:47:59,301 [main] DEBUG org.apache.ibatis.transaction.jdbc.JdbcTransaction  - Closing JDBC Connection [conn3: url=jdbc:h2:mem:activiti user=SA]
10:47:59,301 [main] DEBUG org.apache.ibatis.datasource.pooled.PooledDataSource  - Returned connection 180014677 to pool.
10:47:59,301 [main] DEBUG org.activiti.engine.impl.interceptor.LogInterceptor  - --- DeleteUserCmd finished --------------------------------------------------------
10:47:59,301 [main] DEBUG org.activiti.engine.impl.interceptor.LogInterceptor  - 

10:47:59,301 [main] DEBUG org.activiti.engine.impl.interceptor.LogInterceptor  - 

10:47:59,301 [main] DEBUG org.activiti.engine.impl.interceptor.LogInterceptor  - --- starting DeleteUserCmd --------------------------------------------------------
10:47:59,301 [main] DEBUG org.apache.ibatis.transaction.jdbc.JdbcTransaction  - Opening JDBC Connection
10:47:59,301 [main] DEBUG org.apache.ibatis.datasource.pooled.PooledDataSource  - Checked out connection 297240765 from pool.
10:47:59,301 [main] DEBUG org.apache.ibatis.transaction.jdbc.JdbcTransaction  - Setting autocommit to false on JDBC Connection [conn4: url=jdbc:h2:mem:activiti user=SA]
10:47:59,301 [main] DEBUG org.activiti.engine.impl.persistence.entity.UserEntity.selectUserById  - ==&gt;  Preparing: select * from ACT_ID_USER where ID_ = ? 
10:47:59,301 [main] DEBUG org.activiti.engine.impl.persistence.entity.UserEntity.selectUserById  - ==&gt; Parameters: userInGroup2(String)
10:47:59,301 [main] DEBUG org.activiti.engine.impl.persistence.entity.UserEntity.selectUserById  - &lt;==      Total: 1
10:47:59,301 [main] DEBUG org.activiti.engine.impl.persistence.entity.IdentityInfoEntity.selectIdentityInfoByUserId  - ==&gt;  Preparing: select * from ACT_ID_INFO where USER_ID_ = ? 
10:47:59,301 [main] DEBUG org.activiti.engine.impl.persistence.entity.IdentityInfoEntity.selectIdentityInfoByUserId  - ==&gt; Parameters: userInGroup2(String)
10:47:59,301 [main] DEBUG org.activiti.engine.impl.persistence.entity.IdentityInfoEntity.selectIdentityInfoByUserId  - &lt;==      Total: 0
10:47:59,301 [main] DEBUG org.activiti.engine.impl.db.DbSqlSession  -   bulk delete: deleteMembershipsByUserId(userInGroup2)
10:47:59,301 [main] DEBUG org.activiti.engine.impl.db.DbSqlSession  -   delete org.activiti.engine.impl.persistence.entity.UserEntity@483c5880
10:47:59,301 [main] DEBUG org.activiti.engine.impl.db.DbSqlSession  - flush summary: 0 insert, 0 update, 2 delete.
10:47:59,301 [main] DEBUG org.activiti.engine.impl.db.DbSqlSession  - now executing flush...
10:47:59,301 [main] DEBUG org.activiti.engine.impl.db.DbSqlSession  - executing: bulk delete: deleteMembershipsByUserId(userInGroup2)
10:47:59,301 [main] DEBUG org.activiti.engine.impl.persistence.entity.MembershipRelation.deleteMembershipsByUserId  - ==&gt;  Preparing: delete from ACT_ID_MEMBERSHIP where USER_ID_ = ? 
10:47:59,301 [main] DEBUG org.activiti.engine.impl.persistence.entity.MembershipRelation.deleteMembershipsByUserId  - ==&gt; Parameters: userInGroup2(String)
10:47:59,301 [main] DEBUG org.activiti.engine.impl.persistence.entity.MembershipRelation.deleteMembershipsByUserId  - &lt;==    Updates: 0
10:47:59,301 [main] DEBUG org.activiti.engine.impl.db.DbSqlSession  - executing: delete org.activiti.engine.impl.persistence.entity.UserEntity@483c5880
10:47:59,301 [main] DEBUG org.activiti.engine.impl.persistence.entity.UserEntity.deleteUser  - ==&gt;  Preparing: delete from ACT_ID_USER where ID_ = ? and REV_ = ? 
10:47:59,301 [main] DEBUG org.activiti.engine.impl.persistence.entity.UserEntity.deleteUser  - ==&gt; Parameters: userInGroup2(String), 1(Integer)
10:47:59,301 [main] DEBUG org.activiti.engine.impl.persistence.entity.UserEntity.deleteUser  - &lt;==    Updates: 1
10:47:59,301 [main] DEBUG org.activiti.engine.impl.cfg.standalone.StandaloneMybatisTransactionContext  - firing event committing...
10:47:59,301 [main] DEBUG org.activiti.engine.impl.cfg.standalone.StandaloneMybatisTransactionContext  - committing the ibatis sql session...
10:47:59,301 [main] DEBUG org.apache.ibatis.transaction.jdbc.JdbcTransaction  - Committing JDBC Connection [conn4: url=jdbc:h2:mem:activiti user=SA]
10:47:59,301 [main] DEBUG org.activiti.engine.impl.cfg.standalone.StandaloneMybatisTransactionContext  - firing event committed...
10:47:59,301 [main] DEBUG org.apache.ibatis.transaction.jdbc.JdbcTransaction  - Resetting autocommit to true on JDBC Connection [conn4: url=jdbc:h2:mem:activiti user=SA]
10:47:59,301 [main] DEBUG org.apache.ibatis.transaction.jdbc.JdbcTransaction  - Closing JDBC Connection [conn4: url=jdbc:h2:mem:activiti user=SA]
10:47:59,301 [main] DEBUG org.apache.ibatis.datasource.pooled.PooledDataSource  - Returned connection 297240765 to pool.
10:47:59,301 [main] DEBUG org.activiti.engine.impl.interceptor.LogInterceptor  - --- DeleteUserCmd finished --------------------------------------------------------
10:47:59,301 [main] DEBUG org.activiti.engine.impl.interceptor.LogInterceptor  - 

10:47:59,301 [main] DEBUG org.activiti.engine.impl.interceptor.LogInterceptor  - 

10:47:59,301 [main] DEBUG org.activiti.engine.impl.interceptor.LogInterceptor  - --- starting DeleteUserCmd --------------------------------------------------------
10:47:59,301 [main] DEBUG org.apache.ibatis.transaction.jdbc.JdbcTransaction  - Opening JDBC Connection
10:47:59,301 [main] DEBUG org.apache.ibatis.datasource.pooled.PooledDataSource  - Checked out connection 486346394 from pool.
10:47:59,301 [main] DEBUG org.apache.ibatis.transaction.jdbc.JdbcTransaction  - Setting autocommit to false on JDBC Connection [conn6: url=jdbc:h2:mem:activiti user=SA]
10:47:59,301 [main] DEBUG org.activiti.engine.impl.persistence.entity.UserEntity.selectUserById  - ==&gt;  Preparing: select * from ACT_ID_USER where ID_ = ? 
10:47:59,301 [main] DEBUG org.activiti.engine.impl.persistence.entity.UserEntity.selectUserById  - ==&gt; Parameters: userInGroup3(String)
10:47:59,301 [main] DEBUG org.activiti.engine.impl.persistence.entity.UserEntity.selectUserById  - &lt;==      Total: 1
10:47:59,301 [main] DEBUG org.activiti.engine.impl.persistence.entity.IdentityInfoEntity.selectIdentityInfoByUserId  - ==&gt;  Preparing: select * from ACT_ID_INFO where USER_ID_ = ? 
10:47:59,301 [main] DEBUG org.activiti.engine.impl.persistence.entity.IdentityInfoEntity.selectIdentityInfoByUserId  - ==&gt; Parameters: userInGroup3(String)
10:47:59,301 [main] DEBUG org.activiti.engine.impl.persistence.entity.IdentityInfoEntity.selectIdentityInfoByUserId  - &lt;==      Total: 0
10:47:59,301 [main] DEBUG org.activiti.engine.impl.db.DbSqlSession  -   bulk delete: deleteMembershipsByUserId(userInGroup3)
10:47:59,302 [main] DEBUG org.activiti.engine.impl.db.DbSqlSession  -   delete org.activiti.engine.impl.persistence.entity.UserEntity@4fa2e6b8
10:47:59,302 [main] DEBUG org.activiti.engine.impl.db.DbSqlSession  - flush summary: 0 insert, 0 update, 2 delete.
10:47:59,302 [main] DEBUG org.activiti.engine.impl.db.DbSqlSession  - now executing flush...
10:47:59,302 [main] DEBUG org.activiti.engine.impl.db.DbSqlSession  - executing: bulk delete: deleteMembershipsByUserId(userInGroup3)
10:47:59,302 [main] DEBUG org.activiti.engine.impl.persistence.entity.MembershipRelation.deleteMembershipsByUserId  - ==&gt;  Preparing: delete from ACT_ID_MEMBERSHIP where USER_ID_ = ? 
10:47:59,302 [main] DEBUG org.activiti.engine.impl.persistence.entity.MembershipRelation.deleteMembershipsByUserId  - ==&gt; Parameters: userInGroup3(String)
10:47:59,302 [main] DEBUG org.activiti.engine.impl.persistence.entity.MembershipRelation.deleteMembershipsByUserId  - &lt;==    Updates: 0
10:47:59,302 [main] DEBUG org.activiti.engine.impl.db.DbSqlSession  - executing: delete org.activiti.engine.impl.persistence.entity.UserEntity@4fa2e6b8
10:47:59,302 [main] DEBUG org.activiti.engine.impl.persistence.entity.UserEntity.deleteUser  - ==&gt;  Preparing: delete from ACT_ID_USER where ID_ = ? and REV_ = ? 
10:47:59,302 [main] DEBUG org.activiti.engine.impl.persistence.entity.UserEntity.deleteUser  - ==&gt; Parameters: userInGroup3(String), 1(Integer)
10:47:59,302 [main] DEBUG org.activiti.engine.impl.persistence.entity.UserEntity.deleteUser  - &lt;==    Updates: 1
10:47:59,302 [main] DEBUG org.activiti.engine.impl.cfg.standalone.StandaloneMybatisTransactionContext  - firing event committing...
10:47:59,302 [main] DEBUG org.activiti.engine.impl.cfg.standalone.StandaloneMybatisTransactionContext  - committing the ibatis sql session...
10:47:59,302 [main] DEBUG org.apache.ibatis.transaction.jdbc.JdbcTransaction  - Committing JDBC Connection [conn6: url=jdbc:h2:mem:activiti user=SA]
10:47:59,302 [main] DEBUG org.activiti.engine.impl.cfg.standalone.StandaloneMybatisTransactionContext  - firing event committed...
10:47:59,302 [main] DEBUG org.apache.ibatis.transaction.jdbc.JdbcTransaction  - Resetting autocommit to true on JDBC Connection [conn6: url=jdbc:h2:mem:activiti user=SA]
10:47:59,302 [main] DEBUG org.apache.ibatis.transaction.jdbc.JdbcTransaction  - Closing JDBC Connection [conn6: url=jdbc:h2:mem:activiti user=SA]
10:47:59,302 [main] DEBUG org.apache.ibatis.datasource.pooled.PooledDataSource  - Returned connection 486346394 to pool.
10:47:59,302 [main] DEBUG org.activiti.engine.impl.interceptor.LogInterceptor  - --- DeleteUserCmd finished --------------------------------------------------------
10:47:59,302 [main] DEBUG org.activiti.engine.impl.interceptor.LogInterceptor  - 

10:47:59,302 [main] DEBUG org.activiti.engine.impl.interceptor.LogInterceptor  - 

10:47:59,302 [main] DEBUG org.activiti.engine.impl.interceptor.LogInterceptor  - --- starting DeleteUserCmd --------------------------------------------------------
10:47:59,302 [main] DEBUG org.apache.ibatis.transaction.jdbc.JdbcTransaction  - Opening JDBC Connection
10:47:59,302 [main] DEBUG org.apache.ibatis.datasource.pooled.PooledDataSource  - Checked out connection 363509958 from pool.
10:47:59,302 [main] DEBUG org.apache.ibatis.transaction.jdbc.JdbcTransaction  - Setting autocommit to false on JDBC Connection [conn2: url=jdbc:h2:mem:activiti user=SA]
10:47:59,302 [main] DEBUG org.activiti.engine.impl.persistence.entity.UserEntity.selectUserById  - ==&gt;  Preparing: select * from ACT_ID_USER where ID_ = ? 
10:47:59,302 [main] DEBUG org.activiti.engine.impl.persistence.entity.UserEntity.selectUserById  - ==&gt; Parameters: user1(String)
10:47:59,302 [main] DEBUG org.activiti.engine.impl.persistence.entity.UserEntity.selectUserById  - &lt;==      Total: 1
10:47:59,302 [main] DEBUG org.activiti.engine.impl.persistence.entity.IdentityInfoEntity.selectIdentityInfoByUserId  - ==&gt;  Preparing: select * from ACT_ID_INFO where USER_ID_ = ? 
10:47:59,302 [main] DEBUG org.activiti.engine.impl.persistence.entity.IdentityInfoEntity.selectIdentityInfoByUserId  - ==&gt; Parameters: user1(String)
10:47:59,302 [main] DEBUG org.activiti.engine.impl.persistence.entity.IdentityInfoEntity.selectIdentityInfoByUserId  - &lt;==      Total: 0
10:47:59,302 [main] DEBUG org.activiti.engine.impl.db.DbSqlSession  -   bulk delete: deleteMembershipsByUserId(user1)
10:47:59,302 [main] DEBUG org.activiti.engine.impl.db.DbSqlSession  -   delete org.activiti.engine.impl.persistence.entity.UserEntity@35590829
10:47:59,302 [main] DEBUG org.activiti.engine.impl.db.DbSqlSession  - flush summary: 0 insert, 0 update, 2 delete.
10:47:59,302 [main] DEBUG org.activiti.engine.impl.db.DbSqlSession  - now executing flush...
10:47:59,302 [main] DEBUG org.activiti.engine.impl.db.DbSqlSession  - executing: bulk delete: deleteMembershipsByUserId(user1)
10:47:59,302 [main] DEBUG org.activiti.engine.impl.persistence.entity.MembershipRelation.deleteMembershipsByUserId  - ==&gt;  Preparing: delete from ACT_ID_MEMBERSHIP where USER_ID_ = ? 
10:47:59,302 [main] DEBUG org.activiti.engine.impl.persistence.entity.MembershipRelation.deleteMembershipsByUserId  - ==&gt; Parameters: user1(String)
10:47:59,302 [main] DEBUG org.activiti.engine.impl.persistence.entity.MembershipRelation.deleteMembershipsByUserId  - &lt;==    Updates: 0
10:47:59,302 [main] DEBUG org.activiti.engine.impl.db.DbSqlSession  - executing: delete org.activiti.engine.impl.persistence.entity.UserEntity@35590829
10:47:59,302 [main] DEBUG org.activiti.engine.impl.persistence.entity.UserEntity.deleteUser  - ==&gt;  Preparing: delete from ACT_ID_USER where ID_ = ? and REV_ = ? 
10:47:59,302 [main] DEBUG org.activiti.engine.impl.persistence.entity.UserEntity.deleteUser  - ==&gt; Parameters: user1(String), 1(Integer)
10:47:59,302 [main] DEBUG org.activiti.engine.impl.persistence.entity.UserEntity.deleteUser  - &lt;==    Updates: 1
10:47:59,302 [main] DEBUG org.activiti.engine.impl.cfg.standalone.StandaloneMybatisTransactionContext  - firing event committing...
10:47:59,302 [main] DEBUG org.activiti.engine.impl.cfg.standalone.StandaloneMybatisTransactionContext  - committing the ibatis sql session...
10:47:59,302 [main] DEBUG org.apache.ibatis.transaction.jdbc.JdbcTransaction  - Committing JDBC Connection [conn2: url=jdbc:h2:mem:activiti user=SA]
10:47:59,302 [main] DEBUG org.activiti.engine.impl.cfg.standalone.StandaloneMybatisTransactionContext  - firing event committed...
10:47:59,302 [main] DEBUG org.apache.ibatis.transaction.jdbc.JdbcTransaction  - Resetting autocommit to true on JDBC Connection [conn2: url=jdbc:h2:mem:activiti user=SA]
10:47:59,302 [main] DEBUG org.apache.ibatis.transaction.jdbc.JdbcTransaction  - Closing JDBC Connection [conn2: url=jdbc:h2:mem:activiti user=SA]
10:47:59,302 [main] DEBUG org.apache.ibatis.datasource.pooled.PooledDataSource  - Returned connection 363509958 to pool.
10:47:59,302 [main] DEBUG org.activiti.engine.impl.interceptor.LogInterceptor  - --- DeleteUserCmd finished --------------------------------------------------------
10:47:59,302 [main] DEBUG org.activiti.engine.impl.interceptor.LogInterceptor  - 

10:47:59,302 [main] DEBUG org.activiti.engine.impl.interceptor.LogInterceptor  - 

10:47:59,302 [main] DEBUG org.activiti.engine.impl.interceptor.LogInterceptor  - --- starting DeleteUserCmd --------------------------------------------------------
10:47:59,302 [main] DEBUG org.apache.ibatis.transaction.jdbc.JdbcTransaction  - Opening JDBC Connection
10:47:59,302 [main] DEBUG org.apache.ibatis.datasource.pooled.PooledDataSource  - Checked out connection 180014677 from pool.
10:47:59,303 [main] DEBUG org.apache.ibatis.transaction.jdbc.JdbcTransaction  - Setting autocommit to false on JDBC Connection [conn3: url=jdbc:h2:mem:activiti user=SA]
10:47:59,303 [main] DEBUG org.activiti.engine.impl.persistence.entity.UserEntity.selectUserById  - ==&gt;  Preparing: select * from ACT_ID_USER where ID_ = ? 
10:47:59,303 [main] DEBUG org.activiti.engine.impl.persistence.entity.UserEntity.selectUserById  - ==&gt; Parameters: user2(String)
10:47:59,303 [main] DEBUG org.activiti.engine.impl.persistence.entity.UserEntity.selectUserById  - &lt;==      Total: 1
10:47:59,303 [main] DEBUG org.activiti.engine.impl.persistence.entity.IdentityInfoEntity.selectIdentityInfoByUserId  - ==&gt;  Preparing: select * from ACT_ID_INFO where USER_ID_ = ? 
10:47:59,303 [main] DEBUG org.activiti.engine.impl.persistence.entity.IdentityInfoEntity.selectIdentityInfoByUserId  - ==&gt; Parameters: user2(String)
10:47:59,303 [main] DEBUG org.activiti.engine.impl.persistence.entity.IdentityInfoEntity.selectIdentityInfoByUserId  - &lt;==      Total: 0
10:47:59,303 [main] DEBUG org.activiti.engine.impl.db.DbSqlSession  -   bulk delete: deleteMembershipsByUserId(user2)
10:47:59,303 [main] DEBUG org.activiti.engine.impl.db.DbSqlSession  -   delete org.activiti.engine.impl.persistence.entity.UserEntity@2e8fdec5
10:47:59,303 [main] DEBUG org.activiti.engine.impl.db.DbSqlSession  - flush summary: 0 insert, 0 update, 2 delete.
10:47:59,303 [main] DEBUG org.activiti.engine.impl.db.DbSqlSession  - now executing flush...
10:47:59,303 [main] DEBUG org.activiti.engine.impl.db.DbSqlSession  - executing: bulk delete: deleteMembershipsByUserId(user2)
10:47:59,303 [main] DEBUG org.activiti.engine.impl.persistence.entity.MembershipRelation.deleteMembershipsByUserId  - ==&gt;  Preparing: delete from ACT_ID_MEMBERSHIP where USER_ID_ = ? 
10:47:59,303 [main] DEBUG org.activiti.engine.impl.persistence.entity.MembershipRelation.deleteMembershipsByUserId  - ==&gt; Parameters: user2(String)
10:47:59,303 [main] DEBUG org.activiti.engine.impl.persistence.entity.MembershipRelation.deleteMembershipsByUserId  - &lt;==    Updates: 0
10:47:59,303 [main] DEBUG org.activiti.engine.impl.db.DbSqlSession  - executing: delete org.activiti.engine.impl.persistence.entity.UserEntity@2e8fdec5
10:47:59,303 [main] DEBUG org.activiti.engine.impl.persistence.entity.UserEntity.deleteUser  - ==&gt;  Preparing: delete from ACT_ID_USER where ID_ = ? and REV_ = ? 
10:47:59,303 [main] DEBUG org.activiti.engine.impl.persistence.entity.UserEntity.deleteUser  - ==&gt; Parameters: user2(String), 1(Integer)
10:47:59,303 [main] DEBUG org.activiti.engine.impl.persistence.entity.UserEntity.deleteUser  - &lt;==    Updates: 1
10:47:59,303 [main] DEBUG org.activiti.engine.impl.cfg.standalone.StandaloneMybatisTransactionContext  - firing event committing...
10:47:59,303 [main] DEBUG org.activiti.engine.impl.cfg.standalone.StandaloneMybatisTransactionContext  - committing the ibatis sql session...
10:47:59,303 [main] DEBUG org.apache.ibatis.transaction.jdbc.JdbcTransaction  - Committing JDBC Connection [conn3: url=jdbc:h2:mem:activiti user=SA]
10:47:59,303 [main] DEBUG org.activiti.engine.impl.cfg.standalone.StandaloneMybatisTransactionContext  - firing event committed...
10:47:59,303 [main] DEBUG org.apache.ibatis.transaction.jdbc.JdbcTransaction  - Resetting autocommit to true on JDBC Connection [conn3: url=jdbc:h2:mem:activiti user=SA]
10:47:59,303 [main] DEBUG org.apache.ibatis.transaction.jdbc.JdbcTransaction  - Closing JDBC Connection [conn3: url=jdbc:h2:mem:activiti user=SA]
10:47:59,303 [main] DEBUG org.apache.ibatis.datasource.pooled.PooledDataSource  - Returned connection 180014677 to pool.
10:47:59,303 [main] DEBUG org.activiti.engine.impl.interceptor.LogInterceptor  - --- DeleteUserCmd finished --------------------------------------------------------
10:47:59,303 [main] DEBUG org.activiti.engine.impl.interceptor.LogInterceptor  - 

10:47:59,303 [main] DEBUG org.activiti.engine.impl.interceptor.LogInterceptor  - 

10:47:59,303 [main] DEBUG org.activiti.engine.impl.interceptor.LogInterceptor  - --- starting DeleteUserCmd --------------------------------------------------------
10:47:59,303 [main] DEBUG org.apache.ibatis.transaction.jdbc.JdbcTransaction  - Opening JDBC Connection
10:47:59,303 [main] DEBUG org.apache.ibatis.datasource.pooled.PooledDataSource  - Checked out connection 297240765 from pool.
10:47:59,303 [main] DEBUG org.apache.ibatis.transaction.jdbc.JdbcTransaction  - Setting autocommit to false on JDBC Connection [conn4: url=jdbc:h2:mem:activiti user=SA]
10:47:59,303 [main] DEBUG org.activiti.engine.impl.persistence.entity.UserEntity.selectUserById  - ==&gt;  Preparing: select * from ACT_ID_USER where ID_ = ? 
10:47:59,303 [main] DEBUG org.activiti.engine.impl.persistence.entity.UserEntity.selectUserById  - ==&gt; Parameters: user3(String)
10:47:59,303 [main] DEBUG org.activiti.engine.impl.persistence.entity.UserEntity.selectUserById  - &lt;==      Total: 1
10:47:59,303 [main] DEBUG org.activiti.engine.impl.persistence.entity.IdentityInfoEntity.selectIdentityInfoByUserId  - ==&gt;  Preparing: select * from ACT_ID_INFO where USER_ID_ = ? 
10:47:59,303 [main] DEBUG org.activiti.engine.impl.persistence.entity.IdentityInfoEntity.selectIdentityInfoByUserId  - ==&gt; Parameters: user3(String)
10:47:59,303 [main] DEBUG org.activiti.engine.impl.persistence.entity.IdentityInfoEntity.selectIdentityInfoByUserId  - &lt;==      Total: 0
10:47:59,303 [main] DEBUG org.activiti.engine.impl.db.DbSqlSession  -   bulk delete: deleteMembershipsByUserId(user3)
10:47:59,303 [main] DEBUG org.activiti.engine.impl.db.DbSqlSession  -   delete org.activiti.engine.impl.persistence.entity.UserEntity@4dd6bcc
10:47:59,303 [main] DEBUG org.activiti.engine.impl.db.DbSqlSession  - flush summary: 0 insert, 0 update, 2 delete.
10:47:59,303 [main] DEBUG org.activiti.engine.impl.db.DbSqlSession  - now executing flush...
10:47:59,303 [main] DEBUG org.activiti.engine.impl.db.DbSqlSession  - executing: bulk delete: deleteMembershipsByUserId(user3)
10:47:59,303 [main] DEBUG org.activiti.engine.impl.persistence.entity.MembershipRelation.deleteMembershipsByUserId  - ==&gt;  Preparing: delete from ACT_ID_MEMBERSHIP where USER_ID_ = ? 
10:47:59,303 [main] DEBUG org.activiti.engine.impl.persistence.entity.MembershipRelation.deleteMembershipsByUserId  - ==&gt; Parameters: user3(String)
10:47:59,303 [main] DEBUG org.activiti.engine.impl.persistence.entity.MembershipRelation.deleteMembershipsByUserId  - &lt;==    Updates: 0
10:47:59,303 [main] DEBUG org.activiti.engine.impl.db.DbSqlSession  - executing: delete org.activiti.engine.impl.persistence.entity.UserEntity@4dd6bcc
10:47:59,303 [main] DEBUG org.activiti.engine.impl.persistence.entity.UserEntity.deleteUser  - ==&gt;  Preparing: delete from ACT_ID_USER where ID_ = ? and REV_ = ? 
10:47:59,303 [main] DEBUG org.activiti.engine.impl.persistence.entity.UserEntity.deleteUser  - ==&gt; Parameters: user3(String), 1(Integer)
10:47:59,303 [main] DEBUG org.activiti.engine.impl.persistence.entity.UserEntity.deleteUser  - &lt;==    Updates: 1
10:47:59,303 [main] DEBUG org.activiti.engine.impl.cfg.standalone.StandaloneMybatisTransactionContext  - firing event committing...
10:47:59,303 [main] DEBUG org.activiti.engine.impl.cfg.standalone.StandaloneMybatisTransactionContext  - committing the ibatis sql session...
10:47:59,303 [main] DEBUG org.apache.ibatis.transaction.jdbc.JdbcTransaction  - Committing JDBC Connection [conn4: url=jdbc:h2:mem:activiti user=SA]
10:47:59,304 [main] DEBUG org.activiti.engine.impl.cfg.standalone.StandaloneMybatisTransactionContext  - firing event committed...
10:47:59,304 [main] DEBUG org.apache.ibatis.transaction.jdbc.JdbcTransaction  - Resetting autocommit to true on JDBC Connection [conn4: url=jdbc:h2:mem:activiti user=SA]
10:47:59,304 [main] DEBUG org.apache.ibatis.transaction.jdbc.JdbcTransaction  - Closing JDBC Connection [conn4: url=jdbc:h2:mem:activiti user=SA]
10:47:59,304 [main] DEBUG org.apache.ibatis.datasource.pooled.PooledDataSource  - Returned connection 297240765 to pool.
10:47:59,304 [main] DEBUG org.activiti.engine.impl.interceptor.LogInterceptor  - --- DeleteUserCmd finished --------------------------------------------------------
10:47:59,304 [main] DEBUG org.activiti.engine.impl.interceptor.LogInterceptor  - 

10:47:59,304 [main] ERROR org.activiti.engine.impl.test.PvmTestCase  - 

10:47:59,304 [main] ERROR org.activiti.engine.impl.test.PvmTestCase  - EXCEPTION: org.apache.ibatis.exceptions.PersistenceException: 
### Error querying database.  Cause: org.h2.jdbc.JdbcSQLException: Syntax error in SQL statement &quot;SELECT RES.* 
       
    FROM ACT_RE_PROCDEF RES
     
     WHERE  RES.KEY_ = ? 
   
     ORDER BY  ORDER[*] BY RES.ID_ ASC  
    LIMIT ? OFFSET ? &quot;; expected &quot;=, NOT, EXISTS, INTERSECTS, SELECT, FROM&quot;; SQL statement:
select RES.* 
       
    from ACT_RE_PROCDEF RES
     
     WHERE  RES.KEY_ = ? 
   
     order by  order by RES.ID_ asc  
    LIMIT ? OFFSET ? [42001-176]
### The error may exist in org/activiti/db/mapping/entity/ProcessDefinition.xml
### The error may involve org.activiti.engine.impl.persistence.entity.ProcessDefinitionEntity.selectProcessDefinitionsByQueryCriteria
### The error occurred while executing a query
### SQL: select RES.*              from ACT_RE_PROCDEF RES            WHERE  RES.KEY_ = ?           order by  order by RES.ID_ asc       LIMIT ? OFFSET ?
### Cause: org.h2.jdbc.JdbcSQLException: Syntax error in SQL statement &quot;SELECT RES.* 
       
    FROM ACT_RE_PROCDEF RES
     
     WHERE  RES.KEY_ = ? 
   
     ORDER BY  ORDER[*] BY RES.ID_ ASC  
    LIMIT ? OFFSET ? &quot;; expected &quot;=, NOT, EXISTS, INTERSECTS, SELECT, FROM&quot;; SQL statement:
select RES.* 
       
    from ACT_RE_PROCDEF RES
     
     WHERE  RES.KEY_ = ? 
   
     order by  order by RES.ID_ asc  
    LIMIT ? OFFSET ? [42001-176]
org.apache.ibatis.exceptions.PersistenceException: 
### Error querying database.  Cause: org.h2.jdbc.JdbcSQLException: Syntax error in SQL statement &quot;SELECT RES.* 
       
    FROM ACT_RE_PROCDEF RES
     
     WHERE  RES.KEY_ = ? 
   
     ORDER BY  ORDER[*] BY RES.ID_ ASC  
    LIMIT ? OFFSET ? &quot;; expected &quot;=, NOT, EXISTS, INTERSECTS, SELECT, FROM&quot;; SQL statement:
select RES.* 
       
    from ACT_RE_PROCDEF RES
     
     WHERE  RES.KEY_ = ? 
   
     order by  order by RES.ID_ asc  
    LIMIT ? OFFSET ? [42001-176]
### The error may exist in org/activiti/db/mapping/entity/ProcessDefinition.xml
### The error may involve org.activiti.engine.impl.persistence.entity.ProcessDefinitionEntity.selectProcessDefinitionsByQueryCriteria
### The error occurred while executing a query
### SQL: select RES.*              from ACT_RE_PROCDEF RES            WHERE  RES.KEY_ = ?           order by  order by RES.ID_ asc       LIMIT ? OFFSET ?
### Cause: org.h2.jdbc.JdbcSQLException: Syntax error in SQL statement &quot;SELECT RES.* 
       
    FROM ACT_RE_PROCDEF RES
     
     WHERE  RES.KEY_ = ? 
   
     ORDER BY  ORDER[*] BY RES.ID_ ASC  
    LIMIT ? OFFSET ? &quot;; expected &quot;=, NOT, EXISTS, INTERSECTS, SELECT, FROM&quot;; SQL statement:
select RES.* 
       
    from ACT_RE_PROCDEF RES
     
     WHERE  RES.KEY_ = ? 
   
     order by  order by RES.ID_ asc  
    LIMIT ? OFFSET ? [42001-176]
	at org.apache.ibatis.exceptions.ExceptionFactory.wrapException(ExceptionFactory.java:30)
	at org.apache.ibatis.session.defaults.DefaultSqlSession.selectList(DefaultSqlSession.java:122)
	at org.apache.ibatis.session.defaults.DefaultSqlSession.selectList(DefaultSqlSession.java:113)
	at org.activiti.engine.impl.db.DbSqlSession.selectListWithRawParameter(DbSqlSession.java:438)
	at org.activiti.engine.impl.db.DbSqlSession.selectList(DbSqlSession.java:429)
	at org.activiti.engine.impl.db.DbSqlSession.selectList(DbSqlSession.java:419)
	at org.activiti.engine.impl.persistence.entity.ProcessDefinitionEntityManager.findProcessDefinitionsByQueryCriteria(ProcessDefinitionEntityManager.java:57)
	at org.activiti.engine.impl.ProcessDefinitionQueryImpl.executeList(ProcessDefinitionQueryImpl.java:307)
	at org.activiti.engine.impl.AbstractQuery.executeSingleResult(AbstractQuery.java:183)
	at org.activiti.engine.impl.AbstractQuery.execute(AbstractQuery.java:166)
	at org.activiti.engine.impl.interceptor.CommandInvoker.execute(CommandInvoker.java:24)
	at org.activiti.engine.impl.interceptor.CommandContextInterceptor.execute(CommandContextInterceptor.java:57)
	at org.activiti.engine.impl.interceptor.LogInterceptor.execute(LogInterceptor.java:37)
	at org.activiti.engine.impl.cfg.CommandExecutorImpl.execute(CommandExecutorImpl.java:40)
	at org.activiti.engine.impl.cfg.CommandExecutorImpl.execute(CommandExecutorImpl.java:35)
	at org.activiti.engine.impl.AbstractQuery.singleResult(AbstractQuery.java:129)
	at org.activiti.examples.bpmn.authorization.StartAuthorizationTest.testAddAndRemoveIdentityLinks(StartAuthorizationTest.java:151)
	at sun.reflect.NativeMethodAccessorImpl.invoke0(Native Method)
	at sun.reflect.NativeMethodAccessorImpl.invoke(NativeMethodAccessorImpl.java:62)
	at sun.reflect.DelegatingMethodAccessorImpl.invoke(DelegatingMethodAccessorImpl.java:43)
	at java.lang.reflect.Method.invoke(Method.java:498)
	at junit.framework.TestCase.runTest(TestCase.java:176)
	at org.activiti.engine.impl.test.PvmTestCase.runTest(PvmTestCase.java:65)
	at junit.framework.TestCase.runBare(TestCase.java:141)
	at org.activiti.engine.impl.test.AbstractActivitiTestCase.runBare(AbstractActivitiTestCase.java:100)
	at junit.framework.TestResult$1.protect(TestResult.java:122)
	at junit.framework.TestResult.runProtected(TestResult.java:142)
	at junit.framework.TestResult.run(TestResult.java:125)
	at junit.framework.TestCase.run(TestCase.java:129)
	at junit.framework.TestSuite.runTest(TestSuite.java:255)
	at junit.framework.TestSuite.run(TestSuite.java:250)
	at org.junit.internal.runners.JUnit38ClassRunner.run(JUnit38ClassRunner.java:84)
	at org.apache.maven.surefire.junit4.JUnit4TestSet.execute(JUnit4TestSet.java:35)
	at org.apache.maven.surefire.junit4.JUnit4Provider.executeTestSet(JUnit4Provider.java:146)
	at org.apache.maven.surefire.junit4.JUnit4Provider.invoke(JUnit4Provider.java:97)
	at sun.reflect.NativeMethodAccessorImpl.invoke0(Native Method)
	at sun.reflect.NativeMethodAccessorImpl.invoke(NativeMethodAccessorImpl.java:62)
	at sun.reflect.DelegatingMethodAccessorImpl.invoke(DelegatingMethodAccessorImpl.java:43)
	at java.lang.reflect.Method.invoke(Method.java:498)
	at org.apache.maven.surefire.booter.ProviderFactory$ClassLoaderProxy.invoke(ProviderFactory.java:103)
	at com.sun.proxy.$Proxy0.invoke(Unknown Source)
	at org.apache.maven.surefire.booter.SurefireStarter.invokeProvider(SurefireStarter.java:145)
	at org.apache.maven.surefire.booter.SurefireStarter.runSuitesInProcess(SurefireStarter.java:87)
	at org.apache.maven.surefire.booter.ForkedBooter.main(ForkedBooter.java:69)
Caused by: org.h2.jdbc.JdbcSQLException: Syntax error in SQL statement &quot;SELECT RES.* 
       
    FROM ACT_RE_PROCDEF RES
     
     WHERE  RES.KEY_ = ? 
   
     ORDER BY  ORDER[*] BY RES.ID_ ASC  
    LIMIT ? OFFSET ? &quot;; expected &quot;=, NOT, EXISTS, INTERSECTS, SELECT, FROM&quot;; SQL statement:
select RES.* 
       
    from ACT_RE_PROCDEF RES
     
     WHERE  RES.KEY_ = ? 
   
     order by  order by RES.ID_ asc  
    LIMIT ? OFFSET ? [42001-176]
	at org.h2.message.DbException.getJdbcSQLException(DbException.java:344)
	at org.h2.message.DbException.getSyntaxError(DbException.java:204)
	at org.h2.command.Parser.getSyntaxError(Parser.java:524)
	at org.h2.command.Parser.readTerm(Parser.java:2688)
	at org.h2.command.Parser.readFactor(Parser.java:2244)
	at org.h2.command.Parser.readSum(Parser.java:2231)
	at org.h2.command.Parser.readConcat(Parser.java:2201)
	at org.h2.command.Parser.readCondition(Parser.java:2051)
	at org.h2.command.Parser.readAnd(Parser.java:2023)
	at org.h2.command.Parser.readExpression(Parser.java:2015)
	at org.h2.command.Parser.parseEndOfQuery(Parser.java:1726)
	at org.h2.command.Parser.parseSelectUnionExtension(Parser.java:1706)
	at org.h2.command.Parser.parseSelectUnion(Parser.java:1675)
	at org.h2.command.Parser.parseSelect(Parser.java:1662)
	at org.h2.command.Parser.parsePrepared(Parser.java:434)
	at org.h2.command.Parser.parse(Parser.java:306)
	at org.h2.command.Parser.parse(Parser.java:282)
	at org.h2.command.Parser.prepareCommand(Parser.java:243)
	at org.h2.engine.Session.prepareLocal(Session.java:442)
	at org.h2.engine.Session.prepareCommand(Session.java:384)
	at org.h2.jdbc.JdbcConnection.prepareCommand(JdbcConnection.java:1188)
	at org.h2.jdbc.JdbcPreparedStatement.&lt;init&gt;(JdbcPreparedStatement.java:73)
	at org.h2.jdbc.JdbcConnection.prepareStatement(JdbcConnection.java:276)
	at sun.reflect.GeneratedMethodAccessor6.invoke(Unknown Source)
	at sun.reflect.DelegatingMethodAccessorImpl.invoke(DelegatingMethodAccessorImpl.java:43)
	at java.lang.reflect.Method.invoke(Method.java:498)
	at org.apache.ibatis.datasource.pooled.PooledConnection.invoke(PooledConnection.java:245)
	at com.sun.proxy.$Proxy12.prepareStatement(Unknown Source)
	at sun.reflect.GeneratedMethodAccessor6.invoke(Unknown Source)
	at sun.reflect.DelegatingMethodAccessorImpl.invoke(DelegatingMethodAccessorImpl.java:43)
	at java.lang.reflect.Method.invoke(Method.java:498)
	at org.apache.ibatis.logging.jdbc.ConnectionLogger.invoke(ConnectionLogger.java:55)
	at com.sun.proxy.$Proxy12.prepareStatement(Unknown Source)
	at org.apache.ibatis.executor.statement.PreparedStatementHandler.instantiateStatement(PreparedStatementHandler.java:79)
	at org.apache.ibatis.executor.statement.BaseStatementHandler.prepare(BaseStatementHandler.java:88)
	at org.apache.ibatis.executor.statement.RoutingStatementHandler.prepare(RoutingStatementHandler.java:58)
	at org.apache.ibatis.executor.SimpleExecutor.prepareStatement(SimpleExecutor.java:76)
	at org.apache.ibatis.executor.SimpleExecutor.doQuery(SimpleExecutor.java:61)
	at org.apache.ibatis.executor.BaseExecutor.queryFromDatabase(BaseExecutor.java:303)
	at org.apache.ibatis.executor.BaseExecutor.query(BaseExecutor.java:154)
	at org.apache.ibatis.executor.CachingExecutor.query(CachingExecutor.java:102)
	at org.apache.ibatis.executor.CachingExecutor.query(CachingExecutor.java:82)
	at org.apache.ibatis.session.defaults.DefaultSqlSession.selectList(DefaultSqlSession.java:120)
	... 42 more
10:47:59,304 [main] DEBUG org.activiti.engine.impl.test.PvmTestCase  - #### END StartAuthorizationTest.testAddAndRemoveIdentityLinks #############################################################
10:47:59,304 [main] ERROR org.activiti.engine.impl.test.PvmTestCase  - 

10:47:59,304 [main] ERROR org.activiti.engine.impl.test.PvmTestCase  - EXCEPTION: org.apache.ibatis.exceptions.PersistenceException: 
### Error querying database.  Cause: org.h2.jdbc.JdbcSQLException: Syntax error in SQL statement &quot;SELECT RES.* 
       
    FROM ACT_RE_PROCDEF RES
     
     WHERE  RES.KEY_ = ? 
   
     ORDER BY  ORDER[*] BY RES.ID_ ASC  
    LIMIT ? OFFSET ? &quot;; expected &quot;=, NOT, EXISTS, INTERSECTS, SELECT, FROM&quot;; SQL statement:
select RES.* 
       
    from ACT_RE_PROCDEF RES
     
     WHERE  RES.KEY_ = ? 
   
     order by  order by RES.ID_ asc  
    LIMIT ? OFFSET ? [42001-176]
### The error may exist in org/activiti/db/mapping/entity/ProcessDefinition.xml
### The error may involve org.activiti.engine.impl.persistence.entity.ProcessDefinitionEntity.selectProcessDefinitionsByQueryCriteria
### The error occurred while executing a query
### SQL: select RES.*              from ACT_RE_PROCDEF RES            WHERE  RES.KEY_ = ?           order by  order by RES.ID_ asc       LIMIT ? OFFSET ?
### Cause: org.h2.jdbc.JdbcSQLException: Syntax error in SQL statement &quot;SELECT RES.* 
       
    FROM ACT_RE_PROCDEF RES
     
     WHERE  RES.KEY_ = ? 
   
     ORDER BY  ORDER[*] BY RES.ID_ ASC  
    LIMIT ? OFFSET ? &quot;; expected &quot;=, NOT, EXISTS, INTERSECTS, SELECT, FROM&quot;; SQL statement:
select RES.* 
       
    from ACT_RE_PROCDEF RES
     
     WHERE  RES.KEY_ = ? 
   
     order by  order by RES.ID_ asc  
    LIMIT ? OFFSET ? [42001-176]
org.apache.ibatis.exceptions.PersistenceException: 
### Error querying database.  Cause: org.h2.jdbc.JdbcSQLException: Syntax error in SQL statement &quot;SELECT RES.* 
       
    FROM ACT_RE_PROCDEF RES
     
     WHERE  RES.KEY_ = ? 
   
     ORDER BY  ORDER[*] BY RES.ID_ ASC  
    LIMIT ? OFFSET ? &quot;; expected &quot;=, NOT, EXISTS, INTERSECTS, SELECT, FROM&quot;; SQL statement:
select RES.* 
       
    from ACT_RE_PROCDEF RES
     
     WHERE  RES.KEY_ = ? 
   
     order by  order by RES.ID_ asc  
    LIMIT ? OFFSET ? [42001-176]
### The error may exist in org/activiti/db/mapping/entity/ProcessDefinition.xml
### The error may involve org.activiti.engine.impl.persistence.entity.ProcessDefinitionEntity.selectProcessDefinitionsByQueryCriteria
### The error occurred while executing a query
### SQL: select RES.*              from ACT_RE_PROCDEF RES            WHERE  RES.KEY_ = ?           order by  order by RES.ID_ asc       LIMIT ? OFFSET ?
### Cause: org.h2.jdbc.JdbcSQLException: Syntax error in SQL statement &quot;SELECT RES.* 
       
    FROM ACT_RE_PROCDEF RES
     
     WHERE  RES.KEY_ = ? 
   
     ORDER BY  ORDER[*] BY RES.ID_ ASC  
    LIMIT ? OFFSET ? &quot;; expected &quot;=, NOT, EXISTS, INTERSECTS, SELECT, FROM&quot;; SQL statement:
select RES.* 
       
    from ACT_RE_PROCDEF RES
     
     WHERE  RES.KEY_ = ? 
   
     order by  order by RES.ID_ asc  
    LIMIT ? OFFSET ? [42001-176]
	at org.apache.ibatis.exceptions.ExceptionFactory.wrapException(ExceptionFactory.java:30)
	at org.apache.ibatis.session.defaults.DefaultSqlSession.selectList(DefaultSqlSession.java:122)
	at org.apache.ibatis.session.defaults.DefaultSqlSession.selectList(DefaultSqlSession.java:113)
	at org.activiti.engine.impl.db.DbSqlSession.selectListWithRawParameter(DbSqlSession.java:438)
	at org.activiti.engine.impl.db.DbSqlSession.selectList(DbSqlSession.java:429)
	at org.activiti.engine.impl.db.DbSqlSession.selectList(DbSqlSession.java:419)
	at org.activiti.engine.impl.persistence.entity.ProcessDefinitionEntityManager.findProcessDefinitionsByQueryCriteria(ProcessDefinitionEntityManager.java:57)
	at org.activiti.engine.impl.ProcessDefinitionQueryImpl.executeList(ProcessDefinitionQueryImpl.java:307)
	at org.activiti.engine.impl.AbstractQuery.executeSingleResult(AbstractQuery.java:183)
	at org.activiti.engine.impl.AbstractQuery.execute(AbstractQuery.java:166)
	at org.activiti.engine.impl.interceptor.CommandInvoker.execute(CommandInvoker.java:24)
	at org.activiti.engine.impl.interceptor.CommandContextInterceptor.execute(CommandContextInterceptor.java:57)
	at org.activiti.engine.impl.interceptor.LogInterceptor.execute(LogInterceptor.java:37)
	at org.activiti.engine.impl.cfg.CommandExecutorImpl.execute(CommandExecutorImpl.java:40)
	at org.activiti.engine.impl.cfg.CommandExecutorImpl.execute(CommandExecutorImpl.java:35)
	at org.activiti.engine.impl.AbstractQuery.singleResult(AbstractQuery.java:129)
	at org.activiti.examples.bpmn.authorization.StartAuthorizationTest.testAddAndRemoveIdentityLinks(StartAuthorizationTest.java:151)
	at sun.reflect.NativeMethodAccessorImpl.invoke0(Native Method)
	at sun.reflect.NativeMethodAccessorImpl.invoke(NativeMethodAccessorImpl.java:62)
	at sun.reflect.DelegatingMethodAccessorImpl.invoke(DelegatingMethodAccessorImpl.java:43)
	at java.lang.reflect.Method.invoke(Method.java:498)
	at junit.framework.TestCase.runTest(TestCase.java:176)
	at org.activiti.engine.impl.test.PvmTestCase.runTest(PvmTestCase.java:65)
	at junit.framework.TestCase.runBare(TestCase.java:141)
	at org.activiti.engine.impl.test.AbstractActivitiTestCase.runBare(AbstractActivitiTestCase.java:100)
	at junit.framework.TestResult$1.protect(TestResult.java:122)
	at junit.framework.TestResult.runProtected(TestResult.java:142)
	at junit.framework.TestResult.run(TestResult.java:125)
	at junit.framework.TestCase.run(TestCase.java:129)
	at junit.framework.TestSuite.runTest(TestSuite.java:255)
	at junit.framework.TestSuite.run(TestSuite.java:250)
	at org.junit.internal.runners.JUnit38ClassRunner.run(JUnit38ClassRunner.java:84)
	at org.apache.maven.surefire.junit4.JUnit4TestSet.execute(JUnit4TestSet.java:35)
	at org.apache.maven.surefire.junit4.JUnit4Provider.executeTestSet(JUnit4Provider.java:146)
	at org.apache.maven.surefire.junit4.JUnit4Provider.invoke(JUnit4Provider.java:97)
	at sun.reflect.NativeMethodAccessorImpl.invoke0(Native Method)
	at sun.reflect.NativeMethodAccessorImpl.invoke(NativeMethodAccessorImpl.java:62)
	at sun.reflect.DelegatingMethodAccessorImpl.invoke(DelegatingMethodAccessorImpl.java:43)
	at java.lang.reflect.Method.invoke(Method.java:498)
	at org.apache.maven.surefire.booter.ProviderFactory$ClassLoaderProxy.invoke(ProviderFactory.java:103)
	at com.sun.proxy.$Proxy0.invoke(Unknown Source)
	at org.apache.maven.surefire.booter.SurefireStarter.invokeProvider(SurefireStarter.java:145)
	at org.apache.maven.surefire.booter.SurefireStarter.runSuitesInProcess(SurefireStarter.java:87)
	at org.apache.maven.surefire.booter.ForkedBooter.main(ForkedBooter.java:69)
Caused by: org.h2.jdbc.JdbcSQLException: Syntax error in SQL statement &quot;SELECT RES.* 
       
    FROM ACT_RE_PROCDEF RES
     
     WHERE  RES.KEY_ = ? 
   
     ORDER BY  ORDER[*] BY RES.ID_ ASC  
    LIMIT ? OFFSET ? &quot;; expected &quot;=, NOT, EXISTS, INTERSECTS, SELECT, FROM&quot;; SQL statement:
select RES.* 
       
    from ACT_RE_PROCDEF RES
     
     WHERE  RES.KEY_ = ? 
   
     order by  order by RES.ID_ asc  
    LIMIT ? OFFSET ? [42001-176]
	at org.h2.message.DbException.getJdbcSQLException(DbException.java:344)
	at org.h2.message.DbException.getSyntaxError(DbException.java:204)
	at org.h2.command.Parser.getSyntaxError(Parser.java:524)
	at org.h2.command.Parser.readTerm(Parser.java:2688)
	at org.h2.command.Parser.readFactor(Parser.java:2244)
	at org.h2.command.Parser.readSum(Parser.java:2231)
	at org.h2.command.Parser.readConcat(Parser.java:2201)
	at org.h2.command.Parser.readCondition(Parser.java:2051)
	at org.h2.command.Parser.readAnd(Parser.java:2023)
	at org.h2.command.Parser.readExpression(Parser.java:2015)
	at org.h2.command.Parser.parseEndOfQuery(Parser.java:1726)
	at org.h2.command.Parser.parseSelectUnionExtension(Parser.java:1706)
	at org.h2.command.Parser.parseSelectUnion(Parser.java:1675)
	at org.h2.command.Parser.parseSelect(Parser.java:1662)
	at org.h2.command.Parser.parsePrepared(Parser.java:434)
	at org.h2.command.Parser.parse(Parser.java:306)
	at org.h2.command.Parser.parse(Parser.java:282)
	at org.h2.command.Parser.prepareCommand(Parser.java:243)
	at org.h2.engine.Session.prepareLocal(Session.java:442)
	at org.h2.engine.Session.prepareCommand(Session.java:384)
	at org.h2.jdbc.JdbcConnection.prepareCommand(JdbcConnection.java:1188)
	at org.h2.jdbc.JdbcPreparedStatement.&lt;init&gt;(JdbcPreparedStatement.java:73)
	at org.h2.jdbc.JdbcConnection.prepareStatement(JdbcConnection.java:276)
	at sun.reflect.GeneratedMethodAccessor6.invoke(Unknown Source)
	at sun.reflect.DelegatingMethodAccessorImpl.invoke(DelegatingMethodAccessorImpl.java:43)
	at java.lang.reflect.Method.invoke(Method.java:498)
	at org.apache.ibatis.datasource.pooled.PooledConnection.invoke(PooledConnection.java:245)
	at com.sun.proxy.$Proxy12.prepareStatement(Unknown Source)
	at sun.reflect.GeneratedMethodAccessor6.invoke(Unknown Source)
	at sun.reflect.DelegatingMethodAccessorImpl.invoke(DelegatingMethodAccessorImpl.java:43)
	at java.lang.reflect.Method.invoke(Method.java:498)
	at org.apache.ibatis.logging.jdbc.ConnectionLogger.invoke(ConnectionLogger.java:55)
	at com.sun.proxy.$Proxy12.prepareStatement(Unknown Source)
	at org.apache.ibatis.executor.statement.PreparedStatementHandler.instantiateStatement(PreparedStatementHandler.java:79)
	at org.apache.ibatis.executor.statement.BaseStatementHandler.prepare(BaseStatementHandler.java:88)
	at org.apache.ibatis.executor.statement.RoutingStatementHandler.prepare(RoutingStatementHandler.java:58)
	at org.apache.ibatis.executor.SimpleExecutor.prepareStatement(SimpleExecutor.java:76)
	at org.apache.ibatis.executor.SimpleExecutor.doQuery(SimpleExecutor.java:61)
	at org.apache.ibatis.executor.BaseExecutor.queryFromDatabase(BaseExecutor.java:303)
	at org.apache.ibatis.executor.BaseExecutor.query(BaseExecutor.java:154)
	at org.apache.ibatis.executor.CachingExecutor.query(CachingExecutor.java:102)
	at org.apache.ibatis.executor.CachingExecutor.query(CachingExecutor.java:82)
	at org.apache.ibatis.session.defaults.DefaultSqlSession.selectList(DefaultSqlSession.java:120)
	... 42 more
10:47:59,304 [main] DEBUG org.activiti.engine.impl.test.TestHelper  - annotation @Deployment deletes deployment for StartAuthorizationTest.testAddAndRemoveIdentityLinks
10:47:59,304 [main] DEBUG org.activiti.engine.impl.interceptor.LogInterceptor  - 

10:47:59,304 [main] DEBUG org.activiti.engine.impl.interceptor.LogInterceptor  - --- starting DeleteDeploymentCmd --------------------------------------------------------
10:47:59,304 [main] DEBUG org.apache.ibatis.transaction.jdbc.JdbcTransaction  - Opening JDBC Connection
10:47:59,304 [main] DEBUG org.apache.ibatis.datasource.pooled.PooledDataSource  - Checked out connection 486346394 from pool.
10:47:59,304 [main] DEBUG org.apache.ibatis.transaction.jdbc.JdbcTransaction  - Setting autocommit to false on JDBC Connection [conn6: url=jdbc:h2:mem:activiti user=SA]
10:47:59,304 [main] DEBUG org.activiti.engine.impl.persistence.entity.DeploymentEntity.selectDeploymentById  - ==&gt;  Preparing: select * from ACT_RE_DEPLOYMENT where ID_ = ? 
10:47:59,304 [main] DEBUG org.activiti.engine.impl.persistence.entity.DeploymentEntity.selectDeploymentById  - ==&gt; Parameters: 1372(String)
10:47:59,304 [main] DEBUG org.activiti.engine.impl.persistence.entity.DeploymentEntity.selectDeploymentById  - &lt;==      Total: 1
10:47:59,304 [main] DEBUG org.activiti.engine.impl.persistence.entity.ProcessDefinitionEntity.selectProcessDefinitionsByQueryCriteria  - ==&gt;  Preparing: select RES.* from ACT_RE_PROCDEF RES WHERE RES.DEPLOYMENT_ID_ = ? order by order by RES.ID_ asc LIMIT ? OFFSET ? 
10:47:59,304 [main] DEBUG org.activiti.engine.impl.interceptor.CommandContext  - Error while closing command context
org.apache.ibatis.exceptions.PersistenceException: 
### Error querying database.  Cause: org.h2.jdbc.JdbcSQLException: Syntax error in SQL statement &quot;SELECT RES.* 
       
    FROM ACT_RE_PROCDEF RES
     
     WHERE  RES.DEPLOYMENT_ID_ = ? 
   
     ORDER BY  ORDER[*] BY RES.ID_ ASC  
    LIMIT ? OFFSET ? &quot;; expected &quot;=, NOT, EXISTS, INTERSECTS, SELECT, FROM&quot;; SQL statement:
select RES.* 
       
    from ACT_RE_PROCDEF RES
     
     WHERE  RES.DEPLOYMENT_ID_ = ? 
   
     order by  order by RES.ID_ asc  
    LIMIT ? OFFSET ? [42001-176]
### The error may exist in org/activiti/db/mapping/entity/ProcessDefinition.xml
### The error may involve org.activiti.engine.impl.persistence.entity.ProcessDefinitionEntity.selectProcessDefinitionsByQueryCriteria
### The error occurred while executing a query
### SQL: select RES.*              from ACT_RE_PROCDEF RES            WHERE  RES.DEPLOYMENT_ID_ = ?           order by  order by RES.ID_ asc       LIMIT ? OFFSET ?
### Cause: org.h2.jdbc.JdbcSQLException: Syntax error in SQL statement &quot;SELECT RES.* 
       
    FROM ACT_RE_PROCDEF RES
     
     WHERE  RES.DEPLOYMENT_ID_ = ? 
   
     ORDER BY  ORDER[*] BY RES.ID_ ASC  
    LIMIT ? OFFSET ? &quot;; expected &quot;=, NOT, EXISTS, INTERSECTS, SELECT, FROM&quot;; SQL statement:
select RES.* 
       
    from ACT_RE_PROCDEF RES
     
     WHERE  RES.DEPLOYMENT_ID_ = ? 
   
     order by  order by RES.ID_ asc  
    LIMIT ? OFFSET ? [42001-176]
	at org.apache.ibatis.exceptions.ExceptionFactory.wrapException(ExceptionFactory.java:30)
	at org.apache.ibatis.session.defaults.DefaultSqlSession.selectList(DefaultSqlSession.java:122)
	at org.apache.ibatis.session.defaults.DefaultSqlSession.selectList(DefaultSqlSession.java:113)
	at org.activiti.engine.impl.db.DbSqlSession.selectListWithRawParameter(DbSqlSession.java:438)
	at org.activiti.engine.impl.db.DbSqlSession.selectList(DbSqlSession.java:429)
	at org.activiti.engine.impl.db.DbSqlSession.selectList(DbSqlSession.java:419)
	at org.activiti.engine.impl.persistence.entity.ProcessDefinitionEntityManager.findProcessDefinitionsByQueryCriteria(ProcessDefinitionEntityManager.java:57)
	at org.activiti.engine.impl.ProcessDefinitionQueryImpl.executeList(ProcessDefinitionQueryImpl.java:307)
	at org.activiti.engine.impl.AbstractQuery.list(AbstractQuery.java:140)
	at org.activiti.engine.impl.persistence.deploy.DeploymentManager.removeDeployment(DeploymentManager.java:187)
	at org.activiti.engine.impl.cmd.DeleteDeploymentCmd.execute(DeleteDeploymentCmd.java:44)
	at org.activiti.engine.impl.cmd.DeleteDeploymentCmd.execute(DeleteDeploymentCmd.java:24)
	at org.activiti.engine.impl.interceptor.CommandInvoker.execute(CommandInvoker.java:24)
	at org.activiti.engine.impl.interceptor.CommandContextInterceptor.execute(CommandContextInterceptor.java:57)
	at org.activiti.engine.impl.interceptor.LogInterceptor.execute(LogInterceptor.java:37)
	at org.activiti.engine.impl.cfg.CommandExecutorImpl.execute(CommandExecutorImpl.java:40)
	at org.activiti.engine.impl.cfg.CommandExecutorImpl.execute(CommandExecutorImpl.java:35)
	at org.activiti.engine.impl.RepositoryServiceImpl.deleteDeployment(RepositoryServiceImpl.java:90)
	at org.activiti.engine.impl.test.TestHelper.annotationDeploymentTearDown(TestHelper.java:116)
	at org.activiti.engine.impl.test.AbstractActivitiTestCase.runBare(AbstractActivitiTestCase.java:116)
	at junit.framework.TestResult$1.protect(TestResult.java:122)
	at junit.framework.TestResult.runProtected(TestResult.java:142)
	at junit.framework.TestResult.run(TestResult.java:125)
	at junit.framework.TestCase.run(TestCase.java:129)
	at junit.framework.TestSuite.runTest(TestSuite.java:255)
	at junit.framework.TestSuite.run(TestSuite.java:250)
	at org.junit.internal.runners.JUnit38ClassRunner.run(JUnit38ClassRunner.java:84)
	at org.apache.maven.surefire.junit4.JUnit4TestSet.execute(JUnit4TestSet.java:35)
	at org.apache.maven.surefire.junit4.JUnit4Provider.executeTestSet(JUnit4Provider.java:146)
	at org.apache.maven.surefire.junit4.JUnit4Provider.invoke(JUnit4Provider.java:97)
	at sun.reflect.NativeMethodAccessorImpl.invoke0(Native Method)
	at sun.reflect.NativeMethodAccessorImpl.invoke(NativeMethodAccessorImpl.java:62)
	at sun.reflect.DelegatingMethodAccessorImpl.invoke(DelegatingMethodAccessorImpl.java:43)
	at java.lang.reflect.Method.invoke(Method.java:498)
	at org.apache.maven.surefire.booter.ProviderFactory$ClassLoaderProxy.invoke(ProviderFactory.java:103)
	at com.sun.proxy.$Proxy0.invoke(Unknown Source)
	at org.apache.maven.surefire.booter.SurefireStarter.invokeProvider(SurefireStarter.java:145)
	at org.apache.maven.surefire.booter.SurefireStarter.runSuitesInProcess(SurefireStarter.java:87)
	at org.apache.maven.surefire.booter.ForkedBooter.main(ForkedBooter.java:69)
Caused by: org.h2.jdbc.JdbcSQLException: Syntax error in SQL statement &quot;SELECT RES.* 
       
    FROM ACT_RE_PROCDEF RES
     
     WHERE  RES.DEPLOYMENT_ID_ = ? 
   
     ORDER BY  ORDER[*] BY RES.ID_ ASC  
    LIMIT ? OFFSET ? &quot;; expected &quot;=, NOT, EXISTS, INTERSECTS, SELECT, FROM&quot;; SQL statement:
select RES.* 
       
    from ACT_RE_PROCDEF RES
     
     WHERE  RES.DEPLOYMENT_ID_ = ? 
   
     order by  order by RES.ID_ asc  
    LIMIT ? OFFSET ? [42001-176]
	at org.h2.message.DbException.getJdbcSQLException(DbException.java:344)
	at org.h2.message.DbException.getSyntaxError(DbException.java:204)
	at org.h2.command.Parser.getSyntaxError(Parser.java:524)
	at org.h2.command.Parser.readTerm(Parser.java:2688)
	at org.h2.command.Parser.readFactor(Parser.java:2244)
	at org.h2.command.Parser.readSum(Parser.java:2231)
	at org.h2.command.Parser.readConcat(Parser.java:2201)
	at org.h2.command.Parser.readCondition(Parser.java:2051)
	at org.h2.command.Parser.readAnd(Parser.java:2023)
	at org.h2.command.Parser.readExpression(Parser.java:2015)
	at org.h2.command.Parser.parseEndOfQuery(Parser.java:1726)
	at org.h2.command.Parser.parseSelectUnionExtension(Parser.java:1706)
	at org.h2.command.Parser.parseSelectUnion(Parser.java:1675)
	at org.h2.command.Parser.parseSelect(Parser.java:1662)
	at org.h2.command.Parser.parsePrepared(Parser.java:434)
	at org.h2.command.Parser.parse(Parser.java:306)
	at org.h2.command.Parser.parse(Parser.java:282)
	at org.h2.command.Parser.prepareCommand(Parser.java:243)
	at org.h2.engine.Session.prepareLocal(Session.java:442)
	at org.h2.engine.Session.prepareCommand(Session.java:384)
	at org.h2.jdbc.JdbcConnection.prepareCommand(JdbcConnection.java:1188)
	at org.h2.jdbc.JdbcPreparedStatement.&lt;init&gt;(JdbcPreparedStatement.java:73)
	at org.h2.jdbc.JdbcConnection.prepareStatement(JdbcConnection.java:276)
	at sun.reflect.GeneratedMethodAccessor6.invoke(Unknown Source)
	at sun.reflect.DelegatingMethodAccessorImpl.invoke(DelegatingMethodAccessorImpl.java:43)
	at java.lang.reflect.Method.invoke(Method.java:498)
	at org.apache.ibatis.datasource.pooled.PooledConnection.invoke(PooledConnection.java:245)
	at com.sun.proxy.$Proxy12.prepareStatement(Unknown Source)
	at sun.reflect.GeneratedMethodAccessor6.invoke(Unknown Source)
	at sun.reflect.DelegatingMethodAccessorImpl.invoke(DelegatingMethodAccessorImpl.java:43)
	at java.lang.reflect.Method.invoke(Method.java:498)
	at org.apache.ibatis.logging.jdbc.ConnectionLogger.invoke(ConnectionLogger.java:55)
	at com.sun.proxy.$Proxy12.prepareStatement(Unknown Source)
	at org.apache.ibatis.executor.statement.PreparedStatementHandler.instantiateStatement(PreparedStatementHandler.java:79)
	at org.apache.ibatis.executor.statement.BaseStatementHandler.prepare(BaseStatementHandler.java:88)
	at org.apache.ibatis.executor.statement.RoutingStatementHandler.prepare(RoutingStatementHandler.java:58)
	at org.apache.ibatis.executor.SimpleExecutor.prepareStatement(SimpleExecutor.java:76)
	at org.apache.ibatis.executor.SimpleExecutor.doQuery(SimpleExecutor.java:61)
	at org.apache.ibatis.executor.BaseExecutor.queryFromDatabase(BaseExecutor.java:303)
	at org.apache.ibatis.executor.BaseExecutor.query(BaseExecutor.java:154)
	at org.apache.ibatis.executor.CachingExecutor.query(CachingExecutor.java:102)
	at org.apache.ibatis.executor.CachingExecutor.query(CachingExecutor.java:82)
	at org.apache.ibatis.session.defaults.DefaultSqlSession.selectList(DefaultSqlSession.java:120)
	... 37 more
10:47:59,304 [main] DEBUG org.activiti.engine.impl.cfg.standalone.StandaloneMybatisTransactionContext  - firing event rolling back...
10:47:59,304 [main] DEBUG org.activiti.engine.impl.cfg.standalone.StandaloneMybatisTransactionContext  - rolling back ibatis sql session...
10:47:59,304 [main] DEBUG org.activiti.engine.impl.cfg.standalone.StandaloneMybatisTransactionContext  - firing event rolled back...
10:47:59,304 [main] DEBUG org.apache.ibatis.transaction.jdbc.JdbcTransaction  - Resetting autocommit to true on JDBC Connection [conn6: url=jdbc:h2:mem:activiti user=SA]
10:47:59,304 [main] DEBUG org.apache.ibatis.transaction.jdbc.JdbcTransaction  - Closing JDBC Connection [conn6: url=jdbc:h2:mem:activiti user=SA]
10:47:59,304 [main] DEBUG org.apache.ibatis.datasource.pooled.PooledDataSource  - Returned connection 486346394 to pool.
10:47:59,304 [main] DEBUG org.activiti.engine.impl.interceptor.LogInterceptor  - --- DeleteDeploymentCmd finished --------------------------------------------------------
10:47:59,304 [main] DEBUG org.activiti.engine.impl.interceptor.LogInterceptor  - 

</system-out>
  </testcase>
  <testcase classname="org.activiti.examples.bpmn.authorization.StartAuthorizationTest" name="testProcessDefinitionList" time="0.023">
    <error message="
### Error querying database.  Cause: org.h2.jdbc.JdbcSQLException: Syntax error in SQL statement &quot;SELECT RES.* 
       
    FROM ACT_RE_PROCDEF RES
     
     WHERE  RES.DEPLOYMENT_ID_ = ? 
   
     ORDER BY  ORDER[*] BY RES.ID_ ASC  
    LIMIT ? OFFSET ? &quot;; expected &quot;=, NOT, EXISTS, INTERSECTS, SELECT, FROM&quot;; SQL statement:
select RES.* 
       
    from ACT_RE_PROCDEF RES
     
     WHERE  RES.DEPLOYMENT_ID_ = ? 
   
     order by  order by RES.ID_ asc  
    LIMIT ? OFFSET ? [42001-176]
### The error may exist in org/activiti/db/mapping/entity/ProcessDefinition.xml
### The error may involve org.activiti.engine.impl.persistence.entity.ProcessDefinitionEntity.selectProcessDefinitionsByQueryCriteria
### The error occurred while executing a query
### SQL: select RES.*              from ACT_RE_PROCDEF RES            WHERE  RES.DEPLOYMENT_ID_ = ?           order by  order by RES.ID_ asc       LIMIT ? OFFSET ?
### Cause: org.h2.jdbc.JdbcSQLException: Syntax error in SQL statement &quot;SELECT RES.* 
       
    FROM ACT_RE_PROCDEF RES
     
     WHERE  RES.DEPLOYMENT_ID_ = ? 
   
     ORDER BY  ORDER[*] BY RES.ID_ ASC  
    LIMIT ? OFFSET ? &quot;; expected &quot;=, NOT, EXISTS, INTERSECTS, SELECT, FROM&quot;; SQL statement:
select RES.* 
       
    from ACT_RE_PROCDEF RES
     
     WHERE  RES.DEPLOYMENT_ID_ = ? 
   
     order by  order by RES.ID_ asc  
    LIMIT ? OFFSET ? [42001-176]" type="org.apache.ibatis.exceptions.PersistenceException">org.apache.ibatis.exceptions.PersistenceException: 
### Error querying database.  Cause: org.h2.jdbc.JdbcSQLException: Syntax error in SQL statement &quot;SELECT RES.* 
       
    FROM ACT_RE_PROCDEF RES
     
     WHERE  RES.DEPLOYMENT_ID_ = ? 
   
     ORDER BY  ORDER[*] BY RES.ID_ ASC  
    LIMIT ? OFFSET ? &quot;; expected &quot;=, NOT, EXISTS, INTERSECTS, SELECT, FROM&quot;; SQL statement:
select RES.* 
       
    from ACT_RE_PROCDEF RES
     
     WHERE  RES.DEPLOYMENT_ID_ = ? 
   
     order by  order by RES.ID_ asc  
    LIMIT ? OFFSET ? [42001-176]
### The error may exist in org/activiti/db/mapping/entity/ProcessDefinition.xml
### The error may involve org.activiti.engine.impl.persistence.entity.ProcessDefinitionEntity.selectProcessDefinitionsByQueryCriteria
### The error occurred while executing a query
### SQL: select RES.*              from ACT_RE_PROCDEF RES            WHERE  RES.DEPLOYMENT_ID_ = ?           order by  order by RES.ID_ asc       LIMIT ? OFFSET ?
### Cause: org.h2.jdbc.JdbcSQLException: Syntax error in SQL statement &quot;SELECT RES.* 
       
    FROM ACT_RE_PROCDEF RES
     
     WHERE  RES.DEPLOYMENT_ID_ = ? 
   
     ORDER BY  ORDER[*] BY RES.ID_ ASC  
    LIMIT ? OFFSET ? &quot;; expected &quot;=, NOT, EXISTS, INTERSECTS, SELECT, FROM&quot;; SQL statement:
select RES.* 
       
    from ACT_RE_PROCDEF RES
     
     WHERE  RES.DEPLOYMENT_ID_ = ? 
   
     order by  order by RES.ID_ asc  
    LIMIT ? OFFSET ? [42001-176]
	at org.apache.ibatis.exceptions.ExceptionFactory.wrapException(ExceptionFactory.java:30)
	at org.apache.ibatis.session.defaults.DefaultSqlSession.selectList(DefaultSqlSession.java:122)
	at org.apache.ibatis.session.defaults.DefaultSqlSession.selectList(DefaultSqlSession.java:113)
	at org.activiti.engine.impl.db.DbSqlSession.selectListWithRawParameter(DbSqlSession.java:438)
	at org.activiti.engine.impl.db.DbSqlSession.selectList(DbSqlSession.java:429)
	at org.activiti.engine.impl.db.DbSqlSession.selectList(DbSqlSession.java:419)
	at org.activiti.engine.impl.persistence.entity.ProcessDefinitionEntityManager.findProcessDefinitionsByQueryCriteria(ProcessDefinitionEntityManager.java:57)
	at org.activiti.engine.impl.ProcessDefinitionQueryImpl.executeList(ProcessDefinitionQueryImpl.java:307)
	at org.activiti.engine.impl.AbstractQuery.list(AbstractQuery.java:140)
	at org.activiti.engine.impl.persistence.deploy.DeploymentManager.removeDeployment(DeploymentManager.java:187)
	at org.activiti.engine.impl.cmd.DeleteDeploymentCmd.execute(DeleteDeploymentCmd.java:44)
	at org.activiti.engine.impl.cmd.DeleteDeploymentCmd.execute(DeleteDeploymentCmd.java:24)
	at org.activiti.engine.impl.interceptor.CommandInvoker.execute(CommandInvoker.java:24)
	at org.activiti.engine.impl.interceptor.CommandContextInterceptor.execute(CommandContextInterceptor.java:57)
	at org.activiti.engine.impl.interceptor.LogInterceptor.execute(LogInterceptor.java:37)
	at org.activiti.engine.impl.cfg.CommandExecutorImpl.execute(CommandExecutorImpl.java:40)
	at org.activiti.engine.impl.cfg.CommandExecutorImpl.execute(CommandExecutorImpl.java:35)
	at org.activiti.engine.impl.RepositoryServiceImpl.deleteDeployment(RepositoryServiceImpl.java:90)
	at org.activiti.engine.impl.test.TestHelper.annotationDeploymentTearDown(TestHelper.java:116)
	at org.activiti.engine.impl.test.AbstractActivitiTestCase.runBare(AbstractActivitiTestCase.java:116)
	at junit.framework.TestResult$1.protect(TestResult.java:122)
	at junit.framework.TestResult.runProtected(TestResult.java:142)
	at junit.framework.TestResult.run(TestResult.java:125)
	at junit.framework.TestCase.run(TestCase.java:129)
	at junit.framework.TestSuite.runTest(TestSuite.java:255)
	at junit.framework.TestSuite.run(TestSuite.java:250)
	at org.junit.internal.runners.JUnit38ClassRunner.run(JUnit38ClassRunner.java:84)
	at org.apache.maven.surefire.junit4.JUnit4TestSet.execute(JUnit4TestSet.java:35)
	at org.apache.maven.surefire.junit4.JUnit4Provider.executeTestSet(JUnit4Provider.java:146)
	at org.apache.maven.surefire.junit4.JUnit4Provider.invoke(JUnit4Provider.java:97)
	at sun.reflect.NativeMethodAccessorImpl.invoke0(Native Method)
	at sun.reflect.NativeMethodAccessorImpl.invoke(NativeMethodAccessorImpl.java:62)
	at sun.reflect.DelegatingMethodAccessorImpl.invoke(DelegatingMethodAccessorImpl.java:43)
	at java.lang.reflect.Method.invoke(Method.java:498)
	at org.apache.maven.surefire.booter.ProviderFactory$ClassLoaderProxy.invoke(ProviderFactory.java:103)
	at com.sun.proxy.$Proxy0.invoke(Unknown Source)
	at org.apache.maven.surefire.booter.SurefireStarter.invokeProvider(SurefireStarter.java:145)
	at org.apache.maven.surefire.booter.SurefireStarter.runSuitesInProcess(SurefireStarter.java:87)
	at org.apache.maven.surefire.booter.ForkedBooter.main(ForkedBooter.java:69)
Caused by: org.h2.jdbc.JdbcSQLException: Syntax error in SQL statement &quot;SELECT RES.* 
       
    FROM ACT_RE_PROCDEF RES
     
     WHERE  RES.DEPLOYMENT_ID_ = ? 
   
     ORDER BY  ORDER[*] BY RES.ID_ ASC  
    LIMIT ? OFFSET ? &quot;; expected &quot;=, NOT, EXISTS, INTERSECTS, SELECT, FROM&quot;; SQL statement:
select RES.* 
       
    from ACT_RE_PROCDEF RES
     
     WHERE  RES.DEPLOYMENT_ID_ = ? 
   
     order by  order by RES.ID_ asc  
    LIMIT ? OFFSET ? [42001-176]
	at org.h2.message.DbException.getJdbcSQLException(DbException.java:344)
	at org.h2.message.DbException.getSyntaxError(DbException.java:204)
	at org.h2.command.Parser.getSyntaxError(Parser.java:524)
	at org.h2.command.Parser.readTerm(Parser.java:2688)
	at org.h2.command.Parser.readFactor(Parser.java:2244)
	at org.h2.command.Parser.readSum(Parser.java:2231)
	at org.h2.command.Parser.readConcat(Parser.java:2201)
	at org.h2.command.Parser.readCondition(Parser.java:2051)
	at org.h2.command.Parser.readAnd(Parser.java:2023)
	at org.h2.command.Parser.readExpression(Parser.java:2015)
	at org.h2.command.Parser.parseEndOfQuery(Parser.java:1726)
	at org.h2.command.Parser.parseSelectUnionExtension(Parser.java:1706)
	at org.h2.command.Parser.parseSelectUnion(Parser.java:1675)
	at org.h2.command.Parser.parseSelect(Parser.java:1662)
	at org.h2.command.Parser.parsePrepared(Parser.java:434)
	at org.h2.command.Parser.parse(Parser.java:306)
	at org.h2.command.Parser.parse(Parser.java:282)
	at org.h2.command.Parser.prepareCommand(Parser.java:243)
	at org.h2.engine.Session.prepareLocal(Session.java:442)
	at org.h2.engine.Session.prepareCommand(Session.java:384)
	at org.h2.jdbc.JdbcConnection.prepareCommand(JdbcConnection.java:1188)
	at org.h2.jdbc.JdbcPreparedStatement.&lt;init&gt;(JdbcPreparedStatement.java:73)
	at org.h2.jdbc.JdbcConnection.prepareStatement(JdbcConnection.java:276)
	at sun.reflect.GeneratedMethodAccessor6.invoke(Unknown Source)
	at sun.reflect.DelegatingMethodAccessorImpl.invoke(DelegatingMethodAccessorImpl.java:43)
	at java.lang.reflect.Method.invoke(Method.java:498)
	at org.apache.ibatis.datasource.pooled.PooledConnection.invoke(PooledConnection.java:245)
	at com.sun.proxy.$Proxy12.prepareStatement(Unknown Source)
	at sun.reflect.GeneratedMethodAccessor6.invoke(Unknown Source)
	at sun.reflect.DelegatingMethodAccessorImpl.invoke(DelegatingMethodAccessorImpl.java:43)
	at java.lang.reflect.Method.invoke(Method.java:498)
	at org.apache.ibatis.logging.jdbc.ConnectionLogger.invoke(ConnectionLogger.java:55)
	at com.sun.proxy.$Proxy12.prepareStatement(Unknown Source)
	at org.apache.ibatis.executor.statement.PreparedStatementHandler.instantiateStatement(PreparedStatementHandler.java:79)
	at org.apache.ibatis.executor.statement.BaseStatementHandler.prepare(BaseStatementHandler.java:88)
	at org.apache.ibatis.executor.statement.RoutingStatementHandler.prepare(RoutingStatementHandler.java:58)
	at org.apache.ibatis.executor.SimpleExecutor.prepareStatement(SimpleExecutor.java:76)
	at org.apache.ibatis.executor.SimpleExecutor.doQuery(SimpleExecutor.java:61)
	at org.apache.ibatis.executor.BaseExecutor.queryFromDatabase(BaseExecutor.java:303)
	at org.apache.ibatis.executor.BaseExecutor.query(BaseExecutor.java:154)
	at org.apache.ibatis.executor.CachingExecutor.query(CachingExecutor.java:102)
	at org.apache.ibatis.executor.CachingExecutor.query(CachingExecutor.java:82)
	at org.apache.ibatis.session.defaults.DefaultSqlSession.selectList(DefaultSqlSession.java:120)
	... 37 more
</error>
    <system-out>10:47:59,305 [main] DEBUG org.activiti.engine.impl.test.TestHelper  - annotation @Deployment creates deployment for StartAuthorizationTest.testProcessDefinitionList
10:47:59,307 [main] DEBUG org.activiti.engine.impl.interceptor.LogInterceptor  - 

10:47:59,307 [main] DEBUG org.activiti.engine.impl.interceptor.LogInterceptor  - --- starting DeployCmd --------------------------------------------------------
10:47:59,307 [main] DEBUG org.activiti.engine.impl.bpmn.deployer.BpmnDeployer  - Processing deployment StartAuthorizationTest.testProcessDefinitionList
10:47:59,307 [main] INFO  org.activiti.engine.impl.bpmn.deployer.BpmnDeployer  - Processing resource org/activiti/examples/bpmn/authorization/StartAuthorizationTest.testProcessDefinitionList.bpmn20.xml
10:47:59,310 [main] DEBUG org.activiti.engine.impl.bpmn.parser.handler.ProcessParseHandler  - Parsing process process1
10:47:59,310 [main] DEBUG org.activiti.engine.impl.bpmn.parser.handler.AbstractBpmnParseHandler  - Parsing activity start1
10:47:59,310 [main] DEBUG org.activiti.engine.impl.bpmn.parser.handler.AbstractBpmnParseHandler  - Parsing activity end1
10:47:59,310 [main] DEBUG org.activiti.engine.impl.bpmn.parser.handler.ProcessParseHandler  - Parsing process process2
10:47:59,310 [main] DEBUG org.activiti.engine.impl.bpmn.parser.handler.AbstractBpmnParseHandler  - Parsing activity start2
10:47:59,310 [main] DEBUG org.activiti.engine.impl.bpmn.parser.handler.AbstractBpmnParseHandler  - Parsing activity end2
10:47:59,310 [main] DEBUG org.activiti.engine.impl.bpmn.parser.handler.ProcessParseHandler  - Parsing process process3
10:47:59,310 [main] DEBUG org.activiti.engine.impl.bpmn.parser.handler.AbstractBpmnParseHandler  - Parsing activity start3
10:47:59,311 [main] DEBUG org.activiti.engine.impl.bpmn.parser.handler.AbstractBpmnParseHandler  - Parsing activity end3
10:47:59,311 [main] DEBUG org.activiti.engine.impl.bpmn.parser.handler.ProcessParseHandler  - Parsing process process4
10:47:59,311 [main] DEBUG org.activiti.engine.impl.bpmn.parser.handler.AbstractBpmnParseHandler  - Parsing activity start4
10:47:59,311 [main] DEBUG org.activiti.engine.impl.bpmn.parser.handler.AbstractBpmnParseHandler  - Parsing activity end4
10:47:59,311 [main] DEBUG org.apache.ibatis.transaction.jdbc.JdbcTransaction  - Opening JDBC Connection
10:47:59,311 [main] DEBUG org.apache.ibatis.datasource.pooled.PooledDataSource  - Checked out connection 363509958 from pool.
10:47:59,311 [main] DEBUG org.apache.ibatis.transaction.jdbc.JdbcTransaction  - Setting autocommit to false on JDBC Connection [conn2: url=jdbc:h2:mem:activiti user=SA]
10:47:59,311 [main] DEBUG org.activiti.engine.impl.persistence.entity.ProcessDefinitionEntity.selectLatestProcessDefinitionByKey  - ==&gt;  Preparing: select * from ACT_RE_PROCDEF where KEY_ = ? and (TENANT_ID_ = &apos;&apos; or TENANT_ID_ is null) and VERSION_ = (select max(VERSION_) from ACT_RE_PROCDEF where KEY_ = ? and (TENANT_ID_ = &apos;&apos; or TENANT_ID_ is null)) 
10:47:59,311 [main] DEBUG org.activiti.engine.impl.persistence.entity.ProcessDefinitionEntity.selectLatestProcessDefinitionByKey  - ==&gt; Parameters: process1(String), process1(String)
10:47:59,311 [main] DEBUG org.activiti.engine.impl.persistence.entity.ProcessDefinitionEntity.selectLatestProcessDefinitionByKey  - &lt;==      Total: 1
10:47:59,311 [main] DEBUG org.activiti.engine.impl.persistence.entity.JobEntity.selectJobByTypeAndProcessDefinitionKeyNoTenantId  - ==&gt;  Preparing: select J.* from ACT_RU_JOB J inner join ACT_RE_PROCDEF P on J.PROC_DEF_ID_ = P.ID_ where J.HANDLER_TYPE_ = ? and P.KEY_ = ? and (P.TENANT_ID_ = &apos;&apos; or P.TENANT_ID_ is null) 
10:47:59,311 [main] DEBUG org.activiti.engine.impl.persistence.entity.JobEntity.selectJobByTypeAndProcessDefinitionKeyNoTenantId  - ==&gt; Parameters: timer-start-event(String), process1(String)
10:47:59,311 [main] DEBUG org.activiti.engine.impl.persistence.entity.JobEntity.selectJobByTypeAndProcessDefinitionKeyNoTenantId  - &lt;==      Total: 0
10:47:59,311 [main] DEBUG org.activiti.engine.impl.persistence.entity.EventSubscriptionEntity.selectEventSubscriptionsByConfiguration  - ==&gt;  Preparing: select * from ACT_RU_EVENT_SUBSCR where (EVENT_TYPE_ = ?) and ( (CONFIGURATION_ = ?) or (PROC_DEF_ID_ = ?) ) and (TENANT_ID_ = &apos;&apos; or TENANT_ID_ is null) 
10:47:59,311 [main] DEBUG org.activiti.engine.impl.persistence.entity.EventSubscriptionEntity.selectEventSubscriptionsByConfiguration  - ==&gt; Parameters: message(String), process1:1:1331(String), process1:1:1331(String)
10:47:59,311 [main] DEBUG org.activiti.engine.impl.persistence.entity.EventSubscriptionEntity.selectEventSubscriptionsByConfiguration  - &lt;==      Total: 0
10:47:59,311 [main] DEBUG org.activiti.engine.impl.persistence.entity.EventSubscriptionEntity.selectEventSubscriptionsByConfiguration  - ==&gt;  Preparing: select * from ACT_RU_EVENT_SUBSCR where (EVENT_TYPE_ = ?) and ( (CONFIGURATION_ = ?) or (PROC_DEF_ID_ = ?) ) and (TENANT_ID_ = &apos;&apos; or TENANT_ID_ is null) 
10:47:59,311 [main] DEBUG org.activiti.engine.impl.persistence.entity.EventSubscriptionEntity.selectEventSubscriptionsByConfiguration  - ==&gt; Parameters: signal(String), process1:1:1331(String), process1:1:1331(String)
10:47:59,311 [main] DEBUG org.activiti.engine.impl.persistence.entity.EventSubscriptionEntity.selectEventSubscriptionsByConfiguration  - &lt;==      Total: 0
10:47:59,311 [main] DEBUG org.activiti.engine.impl.persistence.entity.ProcessDefinitionInfoEntity.selectProcessDefinitionInfoByProcessDefinitionId  - ==&gt;  Preparing: select * from ACT_PROCDEF_INFO where PROC_DEF_ID_ = ? 
10:47:59,311 [main] DEBUG org.activiti.engine.impl.persistence.entity.ProcessDefinitionInfoEntity.selectProcessDefinitionInfoByProcessDefinitionId  - ==&gt; Parameters: process1:2:1380(String)
10:47:59,311 [main] DEBUG org.activiti.engine.impl.persistence.entity.ProcessDefinitionInfoEntity.selectProcessDefinitionInfoByProcessDefinitionId  - &lt;==      Total: 0
10:47:59,311 [main] DEBUG org.activiti.engine.impl.interceptor.LogInterceptor  - 

10:47:59,311 [main] DEBUG org.activiti.engine.impl.interceptor.LogInterceptor  - --- starting GetProcessDefinitionInfoCmd --------------------------------------------------------
10:47:59,311 [main] DEBUG org.activiti.engine.impl.interceptor.CommandContextInterceptor  - Valid context found. Reusing it for the current command &apos;org.activiti.engine.impl.cmd.GetProcessDefinitionInfoCmd&apos;
10:47:59,311 [main] DEBUG org.activiti.engine.impl.interceptor.LogInterceptor  - 

10:47:59,311 [main] DEBUG org.activiti.engine.impl.interceptor.LogInterceptor  - --- starting  --------------------------------------------------------
10:47:59,311 [main] DEBUG org.activiti.engine.impl.interceptor.CommandContextInterceptor  - Valid context found. Reusing it for the current command &apos;null&apos;
10:47:59,311 [main] DEBUG org.activiti.engine.impl.interceptor.LogInterceptor  - ---  finished --------------------------------------------------------
10:47:59,311 [main] DEBUG org.activiti.engine.impl.interceptor.LogInterceptor  - 

10:47:59,311 [main] DEBUG org.activiti.engine.impl.interceptor.LogInterceptor  - --- GetProcessDefinitionInfoCmd finished --------------------------------------------------------
10:47:59,311 [main] DEBUG org.activiti.engine.impl.interceptor.LogInterceptor  - 

10:47:59,311 [main] DEBUG org.activiti.engine.impl.persistence.entity.ProcessDefinitionEntity.selectLatestProcessDefinitionByKey  - ==&gt;  Preparing: select * from ACT_RE_PROCDEF where KEY_ = ? and (TENANT_ID_ = &apos;&apos; or TENANT_ID_ is null) and VERSION_ = (select max(VERSION_) from ACT_RE_PROCDEF where KEY_ = ? and (TENANT_ID_ = &apos;&apos; or TENANT_ID_ is null)) 
10:47:59,312 [main] DEBUG org.activiti.engine.impl.persistence.entity.ProcessDefinitionEntity.selectLatestProcessDefinitionByKey  - ==&gt; Parameters: process2(String), process2(String)
10:47:59,312 [main] DEBUG org.activiti.engine.impl.persistence.entity.ProcessDefinitionEntity.selectLatestProcessDefinitionByKey  - &lt;==      Total: 1
10:47:59,312 [main] DEBUG org.activiti.engine.impl.persistence.entity.JobEntity.selectJobByTypeAndProcessDefinitionKeyNoTenantId  - ==&gt;  Preparing: select J.* from ACT_RU_JOB J inner join ACT_RE_PROCDEF P on J.PROC_DEF_ID_ = P.ID_ where J.HANDLER_TYPE_ = ? and P.KEY_ = ? and (P.TENANT_ID_ = &apos;&apos; or P.TENANT_ID_ is null) 
10:47:59,312 [main] DEBUG org.activiti.engine.impl.persistence.entity.JobEntity.selectJobByTypeAndProcessDefinitionKeyNoTenantId  - ==&gt; Parameters: timer-start-event(String), process2(String)
10:47:59,312 [main] DEBUG org.activiti.engine.impl.persistence.entity.JobEntity.selectJobByTypeAndProcessDefinitionKeyNoTenantId  - &lt;==      Total: 0
10:47:59,312 [main] DEBUG org.activiti.engine.impl.persistence.entity.EventSubscriptionEntity.selectEventSubscriptionsByConfiguration  - ==&gt;  Preparing: select * from ACT_RU_EVENT_SUBSCR where (EVENT_TYPE_ = ?) and ( (CONFIGURATION_ = ?) or (PROC_DEF_ID_ = ?) ) and (TENANT_ID_ = &apos;&apos; or TENANT_ID_ is null) 
10:47:59,312 [main] DEBUG org.activiti.engine.impl.persistence.entity.EventSubscriptionEntity.selectEventSubscriptionsByConfiguration  - ==&gt; Parameters: message(String), process2:1:1332(String), process2:1:1332(String)
10:47:59,312 [main] DEBUG org.activiti.engine.impl.persistence.entity.EventSubscriptionEntity.selectEventSubscriptionsByConfiguration  - &lt;==      Total: 0
10:47:59,312 [main] DEBUG org.activiti.engine.impl.persistence.entity.EventSubscriptionEntity.selectEventSubscriptionsByConfiguration  - ==&gt;  Preparing: select * from ACT_RU_EVENT_SUBSCR where (EVENT_TYPE_ = ?) and ( (CONFIGURATION_ = ?) or (PROC_DEF_ID_ = ?) ) and (TENANT_ID_ = &apos;&apos; or TENANT_ID_ is null) 
10:47:59,312 [main] DEBUG org.activiti.engine.impl.persistence.entity.EventSubscriptionEntity.selectEventSubscriptionsByConfiguration  - ==&gt; Parameters: signal(String), process2:1:1332(String), process2:1:1332(String)
10:47:59,312 [main] DEBUG org.activiti.engine.impl.persistence.entity.EventSubscriptionEntity.selectEventSubscriptionsByConfiguration  - &lt;==      Total: 0
10:47:59,312 [main] DEBUG org.activiti.engine.impl.history.DefaultHistoryManager  - Current history level: FULL, level required: AUDIT
10:47:59,312 [main] DEBUG org.activiti.engine.impl.history.DefaultHistoryManager  - Current history level: FULL, level required: AUDIT
10:47:59,312 [main] DEBUG org.activiti.engine.impl.persistence.entity.ProcessDefinitionInfoEntity.selectProcessDefinitionInfoByProcessDefinitionId  - ==&gt;  Preparing: select * from ACT_PROCDEF_INFO where PROC_DEF_ID_ = ? 
10:47:59,312 [main] DEBUG org.activiti.engine.impl.persistence.entity.ProcessDefinitionInfoEntity.selectProcessDefinitionInfoByProcessDefinitionId  - ==&gt; Parameters: process2:2:1381(String)
10:47:59,312 [main] DEBUG org.activiti.engine.impl.persistence.entity.ProcessDefinitionInfoEntity.selectProcessDefinitionInfoByProcessDefinitionId  - &lt;==      Total: 0
10:47:59,312 [main] DEBUG org.activiti.engine.impl.interceptor.LogInterceptor  - 

10:47:59,312 [main] DEBUG org.activiti.engine.impl.interceptor.LogInterceptor  - --- starting GetProcessDefinitionInfoCmd --------------------------------------------------------
10:47:59,312 [main] DEBUG org.activiti.engine.impl.interceptor.CommandContextInterceptor  - Valid context found. Reusing it for the current command &apos;org.activiti.engine.impl.cmd.GetProcessDefinitionInfoCmd&apos;
10:47:59,312 [main] DEBUG org.activiti.engine.impl.interceptor.LogInterceptor  - 

10:47:59,312 [main] DEBUG org.activiti.engine.impl.interceptor.LogInterceptor  - --- starting  --------------------------------------------------------
10:47:59,312 [main] DEBUG org.activiti.engine.impl.interceptor.CommandContextInterceptor  - Valid context found. Reusing it for the current command &apos;null&apos;
10:47:59,312 [main] DEBUG org.activiti.engine.impl.interceptor.LogInterceptor  - ---  finished --------------------------------------------------------
10:47:59,312 [main] DEBUG org.activiti.engine.impl.interceptor.LogInterceptor  - 

10:47:59,312 [main] DEBUG org.activiti.engine.impl.interceptor.LogInterceptor  - --- GetProcessDefinitionInfoCmd finished --------------------------------------------------------
10:47:59,312 [main] DEBUG org.activiti.engine.impl.interceptor.LogInterceptor  - 

10:47:59,312 [main] DEBUG org.activiti.engine.impl.persistence.entity.ProcessDefinitionEntity.selectLatestProcessDefinitionByKey  - ==&gt;  Preparing: select * from ACT_RE_PROCDEF where KEY_ = ? and (TENANT_ID_ = &apos;&apos; or TENANT_ID_ is null) and VERSION_ = (select max(VERSION_) from ACT_RE_PROCDEF where KEY_ = ? and (TENANT_ID_ = &apos;&apos; or TENANT_ID_ is null)) 
10:47:59,312 [main] DEBUG org.activiti.engine.impl.persistence.entity.ProcessDefinitionEntity.selectLatestProcessDefinitionByKey  - ==&gt; Parameters: process3(String), process3(String)
10:47:59,312 [main] DEBUG org.activiti.engine.impl.persistence.entity.ProcessDefinitionEntity.selectLatestProcessDefinitionByKey  - &lt;==      Total: 1
10:47:59,312 [main] DEBUG org.activiti.engine.impl.persistence.entity.JobEntity.selectJobByTypeAndProcessDefinitionKeyNoTenantId  - ==&gt;  Preparing: select J.* from ACT_RU_JOB J inner join ACT_RE_PROCDEF P on J.PROC_DEF_ID_ = P.ID_ where J.HANDLER_TYPE_ = ? and P.KEY_ = ? and (P.TENANT_ID_ = &apos;&apos; or P.TENANT_ID_ is null) 
10:47:59,312 [main] DEBUG org.activiti.engine.impl.persistence.entity.JobEntity.selectJobByTypeAndProcessDefinitionKeyNoTenantId  - ==&gt; Parameters: timer-start-event(String), process3(String)
10:47:59,312 [main] DEBUG org.activiti.engine.impl.persistence.entity.JobEntity.selectJobByTypeAndProcessDefinitionKeyNoTenantId  - &lt;==      Total: 0
10:47:59,312 [main] DEBUG org.activiti.engine.impl.persistence.entity.EventSubscriptionEntity.selectEventSubscriptionsByConfiguration  - ==&gt;  Preparing: select * from ACT_RU_EVENT_SUBSCR where (EVENT_TYPE_ = ?) and ( (CONFIGURATION_ = ?) or (PROC_DEF_ID_ = ?) ) and (TENANT_ID_ = &apos;&apos; or TENANT_ID_ is null) 
10:47:59,312 [main] DEBUG org.activiti.engine.impl.persistence.entity.EventSubscriptionEntity.selectEventSubscriptionsByConfiguration  - ==&gt; Parameters: message(String), process3:1:1335(String), process3:1:1335(String)
10:47:59,312 [main] DEBUG org.activiti.engine.impl.persistence.entity.EventSubscriptionEntity.selectEventSubscriptionsByConfiguration  - &lt;==      Total: 0
10:47:59,312 [main] DEBUG org.activiti.engine.impl.persistence.entity.EventSubscriptionEntity.selectEventSubscriptionsByConfiguration  - ==&gt;  Preparing: select * from ACT_RU_EVENT_SUBSCR where (EVENT_TYPE_ = ?) and ( (CONFIGURATION_ = ?) or (PROC_DEF_ID_ = ?) ) and (TENANT_ID_ = &apos;&apos; or TENANT_ID_ is null) 
10:47:59,312 [main] DEBUG org.activiti.engine.impl.persistence.entity.EventSubscriptionEntity.selectEventSubscriptionsByConfiguration  - ==&gt; Parameters: signal(String), process3:1:1335(String), process3:1:1335(String)
10:47:59,312 [main] DEBUG org.activiti.engine.impl.persistence.entity.EventSubscriptionEntity.selectEventSubscriptionsByConfiguration  - &lt;==      Total: 0
10:47:59,312 [main] DEBUG org.activiti.engine.impl.history.DefaultHistoryManager  - Current history level: FULL, level required: AUDIT
10:47:59,312 [main] DEBUG org.activiti.engine.impl.persistence.entity.ProcessDefinitionInfoEntity.selectProcessDefinitionInfoByProcessDefinitionId  - ==&gt;  Preparing: select * from ACT_PROCDEF_INFO where PROC_DEF_ID_ = ? 
10:47:59,312 [main] DEBUG org.activiti.engine.impl.persistence.entity.ProcessDefinitionInfoEntity.selectProcessDefinitionInfoByProcessDefinitionId  - ==&gt; Parameters: process3:2:1384(String)
10:47:59,312 [main] DEBUG org.activiti.engine.impl.persistence.entity.ProcessDefinitionInfoEntity.selectProcessDefinitionInfoByProcessDefinitionId  - &lt;==      Total: 0
10:47:59,312 [main] DEBUG org.activiti.engine.impl.interceptor.LogInterceptor  - 

10:47:59,312 [main] DEBUG org.activiti.engine.impl.interceptor.LogInterceptor  - --- starting GetProcessDefinitionInfoCmd --------------------------------------------------------
10:47:59,312 [main] DEBUG org.activiti.engine.impl.interceptor.CommandContextInterceptor  - Valid context found. Reusing it for the current command &apos;org.activiti.engine.impl.cmd.GetProcessDefinitionInfoCmd&apos;
10:47:59,313 [main] DEBUG org.activiti.engine.impl.interceptor.LogInterceptor  - 

10:47:59,313 [main] DEBUG org.activiti.engine.impl.interceptor.LogInterceptor  - --- starting  --------------------------------------------------------
10:47:59,313 [main] DEBUG org.activiti.engine.impl.interceptor.CommandContextInterceptor  - Valid context found. Reusing it for the current command &apos;null&apos;
10:47:59,313 [main] DEBUG org.activiti.engine.impl.interceptor.LogInterceptor  - ---  finished --------------------------------------------------------
10:47:59,313 [main] DEBUG org.activiti.engine.impl.interceptor.LogInterceptor  - 

10:47:59,313 [main] DEBUG org.activiti.engine.impl.interceptor.LogInterceptor  - --- GetProcessDefinitionInfoCmd finished --------------------------------------------------------
10:47:59,313 [main] DEBUG org.activiti.engine.impl.interceptor.LogInterceptor  - 

10:47:59,313 [main] DEBUG org.activiti.engine.impl.persistence.entity.ProcessDefinitionEntity.selectLatestProcessDefinitionByKey  - ==&gt;  Preparing: select * from ACT_RE_PROCDEF where KEY_ = ? and (TENANT_ID_ = &apos;&apos; or TENANT_ID_ is null) and VERSION_ = (select max(VERSION_) from ACT_RE_PROCDEF where KEY_ = ? and (TENANT_ID_ = &apos;&apos; or TENANT_ID_ is null)) 
10:47:59,313 [main] DEBUG org.activiti.engine.impl.persistence.entity.ProcessDefinitionEntity.selectLatestProcessDefinitionByKey  - ==&gt; Parameters: process4(String), process4(String)
10:47:59,313 [main] DEBUG org.activiti.engine.impl.persistence.entity.ProcessDefinitionEntity.selectLatestProcessDefinitionByKey  - &lt;==      Total: 1
10:47:59,313 [main] DEBUG org.activiti.engine.impl.persistence.entity.JobEntity.selectJobByTypeAndProcessDefinitionKeyNoTenantId  - ==&gt;  Preparing: select J.* from ACT_RU_JOB J inner join ACT_RE_PROCDEF P on J.PROC_DEF_ID_ = P.ID_ where J.HANDLER_TYPE_ = ? and P.KEY_ = ? and (P.TENANT_ID_ = &apos;&apos; or P.TENANT_ID_ is null) 
10:47:59,313 [main] DEBUG org.activiti.engine.impl.persistence.entity.JobEntity.selectJobByTypeAndProcessDefinitionKeyNoTenantId  - ==&gt; Parameters: timer-start-event(String), process4(String)
10:47:59,313 [main] DEBUG org.activiti.engine.impl.persistence.entity.JobEntity.selectJobByTypeAndProcessDefinitionKeyNoTenantId  - &lt;==      Total: 0
10:47:59,313 [main] DEBUG org.activiti.engine.impl.persistence.entity.EventSubscriptionEntity.selectEventSubscriptionsByConfiguration  - ==&gt;  Preparing: select * from ACT_RU_EVENT_SUBSCR where (EVENT_TYPE_ = ?) and ( (CONFIGURATION_ = ?) or (PROC_DEF_ID_ = ?) ) and (TENANT_ID_ = &apos;&apos; or TENANT_ID_ is null) 
10:47:59,313 [main] DEBUG org.activiti.engine.impl.persistence.entity.EventSubscriptionEntity.selectEventSubscriptionsByConfiguration  - ==&gt; Parameters: message(String), process4:1:1337(String), process4:1:1337(String)
10:47:59,313 [main] DEBUG org.activiti.engine.impl.persistence.entity.EventSubscriptionEntity.selectEventSubscriptionsByConfiguration  - &lt;==      Total: 0
10:47:59,313 [main] DEBUG org.activiti.engine.impl.persistence.entity.EventSubscriptionEntity.selectEventSubscriptionsByConfiguration  - ==&gt;  Preparing: select * from ACT_RU_EVENT_SUBSCR where (EVENT_TYPE_ = ?) and ( (CONFIGURATION_ = ?) or (PROC_DEF_ID_ = ?) ) and (TENANT_ID_ = &apos;&apos; or TENANT_ID_ is null) 
10:47:59,313 [main] DEBUG org.activiti.engine.impl.persistence.entity.EventSubscriptionEntity.selectEventSubscriptionsByConfiguration  - ==&gt; Parameters: signal(String), process4:1:1337(String), process4:1:1337(String)
10:47:59,313 [main] DEBUG org.activiti.engine.impl.persistence.entity.EventSubscriptionEntity.selectEventSubscriptionsByConfiguration  - &lt;==      Total: 0
10:47:59,313 [main] DEBUG org.activiti.engine.impl.history.DefaultHistoryManager  - Current history level: FULL, level required: AUDIT
10:47:59,313 [main] DEBUG org.activiti.engine.impl.history.DefaultHistoryManager  - Current history level: FULL, level required: AUDIT
10:47:59,313 [main] DEBUG org.activiti.engine.impl.history.DefaultHistoryManager  - Current history level: FULL, level required: AUDIT
10:47:59,313 [main] DEBUG org.activiti.engine.impl.history.DefaultHistoryManager  - Current history level: FULL, level required: AUDIT
10:47:59,313 [main] DEBUG org.activiti.engine.impl.persistence.entity.ProcessDefinitionInfoEntity.selectProcessDefinitionInfoByProcessDefinitionId  - ==&gt;  Preparing: select * from ACT_PROCDEF_INFO where PROC_DEF_ID_ = ? 
10:47:59,313 [main] DEBUG org.activiti.engine.impl.persistence.entity.ProcessDefinitionInfoEntity.selectProcessDefinitionInfoByProcessDefinitionId  - ==&gt; Parameters: process4:2:1386(String)
10:47:59,313 [main] DEBUG org.activiti.engine.impl.persistence.entity.ProcessDefinitionInfoEntity.selectProcessDefinitionInfoByProcessDefinitionId  - &lt;==      Total: 0
10:47:59,313 [main] DEBUG org.activiti.engine.impl.interceptor.LogInterceptor  - 

10:47:59,313 [main] DEBUG org.activiti.engine.impl.interceptor.LogInterceptor  - --- starting GetProcessDefinitionInfoCmd --------------------------------------------------------
10:47:59,313 [main] DEBUG org.activiti.engine.impl.interceptor.CommandContextInterceptor  - Valid context found. Reusing it for the current command &apos;org.activiti.engine.impl.cmd.GetProcessDefinitionInfoCmd&apos;
10:47:59,313 [main] DEBUG org.activiti.engine.impl.interceptor.LogInterceptor  - 

10:47:59,313 [main] DEBUG org.activiti.engine.impl.interceptor.LogInterceptor  - --- starting  --------------------------------------------------------
10:47:59,313 [main] DEBUG org.activiti.engine.impl.interceptor.CommandContextInterceptor  - Valid context found. Reusing it for the current command &apos;null&apos;
10:47:59,313 [main] DEBUG org.activiti.engine.impl.interceptor.LogInterceptor  - ---  finished --------------------------------------------------------
10:47:59,313 [main] DEBUG org.activiti.engine.impl.interceptor.LogInterceptor  - 

10:47:59,313 [main] DEBUG org.activiti.engine.impl.interceptor.LogInterceptor  - --- GetProcessDefinitionInfoCmd finished --------------------------------------------------------
10:47:59,313 [main] DEBUG org.activiti.engine.impl.interceptor.LogInterceptor  - 

10:47:59,313 [main] DEBUG org.activiti.engine.impl.db.DbSqlSession  -   insert ResourceEntity[id=1379, name=org/activiti/examples/bpmn/authorization/StartAuthorizationTest.testProcessDefinitionList.bpmn20.xml]
10:47:59,313 [main] DEBUG org.activiti.engine.impl.db.DbSqlSession  -   insert DeploymentEntity[id=1378, name=StartAuthorizationTest.testProcessDefinitionList]
10:47:59,313 [main] DEBUG org.activiti.engine.impl.db.DbSqlSession  -   insert IdentityLinkEntity[id=1382, type=candidate, userId=user2, processDefId=process2:2:1381]
10:47:59,313 [main] DEBUG org.activiti.engine.impl.db.DbSqlSession  -   insert IdentityLinkEntity[id=1383, type=candidate, userId=user1, processDefId=process2:2:1381]
10:47:59,313 [main] DEBUG org.activiti.engine.impl.db.DbSqlSession  -   insert IdentityLinkEntity[id=1385, type=candidate, userId=user1, processDefId=process3:2:1384]
10:47:59,313 [main] DEBUG org.activiti.engine.impl.db.DbSqlSession  -   insert IdentityLinkEntity[id=1387, type=candidate, userId=userInGroup2, processDefId=process4:2:1386]
10:47:59,313 [main] DEBUG org.activiti.engine.impl.db.DbSqlSession  -   insert IdentityLinkEntity[id=1388, type=candidate, groupId=group2, processDefId=process4:2:1386]
10:47:59,313 [main] DEBUG org.activiti.engine.impl.db.DbSqlSession  -   insert IdentityLinkEntity[id=1389, type=candidate, groupId=group3, processDefId=process4:2:1386]
10:47:59,313 [main] DEBUG org.activiti.engine.impl.db.DbSqlSession  -   insert IdentityLinkEntity[id=1390, type=candidate, groupId=group1, processDefId=process4:2:1386]
10:47:59,313 [main] DEBUG org.activiti.engine.impl.db.DbSqlSession  -   insert ProcessDefinitionEntity[process1:2:1380]
10:47:59,313 [main] DEBUG org.activiti.engine.impl.db.DbSqlSession  -   insert ProcessDefinitionEntity[process2:2:1381]
10:47:59,313 [main] DEBUG org.activiti.engine.impl.db.DbSqlSession  -   insert ProcessDefinitionEntity[process3:2:1384]
10:47:59,313 [main] DEBUG org.activiti.engine.impl.db.DbSqlSession  -   insert ProcessDefinitionEntity[process4:2:1386]
10:47:59,313 [main] DEBUG org.activiti.engine.impl.db.DbSqlSession  - flush summary: 13 insert, 0 update, 0 delete.
10:47:59,313 [main] DEBUG org.activiti.engine.impl.db.DbSqlSession  - now executing flush...
10:47:59,314 [main] DEBUG org.activiti.engine.impl.persistence.entity.ProcessDefinitionEntity.bulkInsertProcessDefinition  - ==&gt;  Preparing: INSERT INTO ACT_RE_PROCDEF(ID_, REV_, CATEGORY_, NAME_, KEY_, VERSION_, DEPLOYMENT_ID_, RESOURCE_NAME_, DGRM_RESOURCE_NAME_, DESCRIPTION_, HAS_START_FORM_KEY_, HAS_GRAPHICAL_NOTATION_ , SUSPENSION_STATE_, TENANT_ID_) VALUES (?, 1, ?, ?, ?, ?, ?, ?, ?, ?, ?, ?, ?, ?) , (?, 1, ?, ?, ?, ?, ?, ?, ?, ?, ?, ?, ?, ?) , (?, 1, ?, ?, ?, ?, ?, ?, ?, ?, ?, ?, ?, ?) , (?, 1, ?, ?, ?, ?, ?, ?, ?, ?, ?, ?, ?, ?) 
10:47:59,314 [main] DEBUG org.activiti.engine.impl.persistence.entity.ProcessDefinitionEntity.bulkInsertProcessDefinition  - ==&gt; Parameters: process1:2:1380(String), Examples(String), Process1(String), process1(String), 2(Integer), 1378(String), org/activiti/examples/bpmn/authorization/StartAuthorizationTest.testProcessDefinitionList.bpmn20.xml(String), null, null, false(Boolean), false(Boolean), 1(Integer), (String), process2:2:1381(String), Examples(String), Process2(String), process2(String), 2(Integer), 1378(String), org/activiti/examples/bpmn/authorization/StartAuthorizationTest.testProcessDefinitionList.bpmn20.xml(String), null, null, false(Boolean), false(Boolean), 1(Integer), (String), process3:2:1384(String), Examples(String), Process3(String), process3(String), 2(Integer), 1378(String), org/activiti/examples/bpmn/authorization/StartAuthorizationTest.testProcessDefinitionList.bpmn20.xml(String), null, null, false(Boolean), false(Boolean), 1(Integer), (String), process4:2:1386(String), Examples(String), Process4(String), process4(String), 2(Integer), 1378(String), org/activiti/examples/bpmn/authorization/StartAuthorizationTest.testProcessDefinitionList.bpmn20.xml(String), null, null, false(Boolean), false(Boolean), 1(Integer), (String)
10:47:59,314 [main] DEBUG org.activiti.engine.impl.persistence.entity.ProcessDefinitionEntity.bulkInsertProcessDefinition  - &lt;==    Updates: 4
10:47:59,314 [main] DEBUG org.activiti.engine.impl.persistence.entity.IdentityLinkEntity.bulkInsertIdentityLink  - ==&gt;  Preparing: insert into ACT_RU_IDENTITYLINK (ID_, REV_, TYPE_, USER_ID_, GROUP_ID_, TASK_ID_, PROC_INST_ID_, PROC_DEF_ID_) values (?, 1, ?, ?, ?, ?, ?, ?) , (?, 1, ?, ?, ?, ?, ?, ?) , (?, 1, ?, ?, ?, ?, ?, ?) , (?, 1, ?, ?, ?, ?, ?, ?) , (?, 1, ?, ?, ?, ?, ?, ?) , (?, 1, ?, ?, ?, ?, ?, ?) , (?, 1, ?, ?, ?, ?, ?, ?) 
10:47:59,314 [main] DEBUG org.activiti.engine.impl.persistence.entity.IdentityLinkEntity.bulkInsertIdentityLink  - ==&gt; Parameters: 1382(String), candidate(String), user2(String), null, null, null, process2:2:1381(String), 1383(String), candidate(String), user1(String), null, null, null, process2:2:1381(String), 1385(String), candidate(String), user1(String), null, null, null, process3:2:1384(String), 1387(String), candidate(String), userInGroup2(String), null, null, null, process4:2:1386(String), 1388(String), candidate(String), null, group2(String), null, null, process4:2:1386(String), 1389(String), candidate(String), null, group3(String), null, null, process4:2:1386(String), 1390(String), candidate(String), null, group1(String), null, null, process4:2:1386(String)
10:47:59,314 [main] DEBUG org.activiti.engine.impl.persistence.entity.IdentityLinkEntity.bulkInsertIdentityLink  - &lt;==    Updates: 7
10:47:59,314 [main] DEBUG org.activiti.engine.impl.db.DbSqlSession  - inserting: DeploymentEntity[id=1378, name=StartAuthorizationTest.testProcessDefinitionList]
10:47:59,314 [main] DEBUG org.activiti.engine.impl.persistence.entity.DeploymentEntity.insertDeployment  - ==&gt;  Preparing: insert into ACT_RE_DEPLOYMENT(ID_, NAME_, CATEGORY_, TENANT_ID_, DEPLOY_TIME_) values(?, ?, ?, ?, ?) 
10:47:59,314 [main] DEBUG org.activiti.engine.impl.persistence.entity.DeploymentEntity.insertDeployment  - ==&gt; Parameters: 1378(String), StartAuthorizationTest.testProcessDefinitionList(String), null, (String), 2023-03-20 10:48:50.669(Timestamp)
10:47:59,314 [main] DEBUG org.activiti.engine.impl.persistence.entity.DeploymentEntity.insertDeployment  - &lt;==    Updates: 1
10:47:59,314 [main] DEBUG org.activiti.engine.impl.db.DbSqlSession  - inserting: ResourceEntity[id=1379, name=org/activiti/examples/bpmn/authorization/StartAuthorizationTest.testProcessDefinitionList.bpmn20.xml]
10:47:59,314 [main] DEBUG org.activiti.engine.impl.persistence.entity.ResourceEntity.insertResource  - ==&gt;  Preparing: insert into ACT_GE_BYTEARRAY(ID_, REV_, NAME_, BYTES_, DEPLOYMENT_ID_, GENERATED_) values (?, 1, ?, ?, ?, ?) 
10:47:59,314 [main] DEBUG org.activiti.engine.impl.persistence.entity.ResourceEntity.insertResource  - ==&gt; Parameters: 1379(String), org/activiti/examples/bpmn/authorization/StartAuthorizationTest.testProcessDefinitionList.bpmn20.xml(String), java.io.ByteArrayInputStream@2c8f2a36(ByteArrayInputStream), 1378(String), false(Boolean)
10:47:59,314 [main] DEBUG org.activiti.engine.impl.persistence.entity.ResourceEntity.insertResource  - &lt;==    Updates: 1
10:47:59,314 [main] DEBUG org.activiti.engine.impl.cfg.standalone.StandaloneMybatisTransactionContext  - firing event committing...
10:47:59,314 [main] DEBUG org.activiti.engine.impl.cfg.standalone.StandaloneMybatisTransactionContext  - committing the ibatis sql session...
10:47:59,314 [main] DEBUG org.apache.ibatis.transaction.jdbc.JdbcTransaction  - Committing JDBC Connection [conn2: url=jdbc:h2:mem:activiti user=SA]
10:47:59,314 [main] DEBUG org.activiti.engine.impl.cfg.standalone.StandaloneMybatisTransactionContext  - firing event committed...
10:47:59,314 [main] DEBUG org.apache.ibatis.transaction.jdbc.JdbcTransaction  - Resetting autocommit to true on JDBC Connection [conn2: url=jdbc:h2:mem:activiti user=SA]
10:47:59,314 [main] DEBUG org.apache.ibatis.transaction.jdbc.JdbcTransaction  - Closing JDBC Connection [conn2: url=jdbc:h2:mem:activiti user=SA]
10:47:59,314 [main] DEBUG org.apache.ibatis.datasource.pooled.PooledDataSource  - Returned connection 363509958 to pool.
10:47:59,314 [main] DEBUG org.activiti.engine.impl.interceptor.LogInterceptor  - --- DeployCmd finished --------------------------------------------------------
10:47:59,314 [main] DEBUG org.activiti.engine.impl.interceptor.LogInterceptor  - 

10:47:59,314 [main] DEBUG org.activiti.engine.impl.test.PvmTestCase  - 

10:47:59,314 [main] DEBUG org.activiti.engine.impl.test.PvmTestCase  - #### START StartAuthorizationTest.testProcessDefinitionList ###########################################################
10:47:59,314 [main] DEBUG org.activiti.engine.impl.interceptor.LogInterceptor  - 

10:47:59,314 [main] DEBUG org.activiti.engine.impl.interceptor.LogInterceptor  - --- starting CreateUserCmd --------------------------------------------------------
10:47:59,314 [main] DEBUG org.activiti.engine.impl.cfg.standalone.StandaloneMybatisTransactionContext  - firing event committing...
10:47:59,314 [main] DEBUG org.activiti.engine.impl.cfg.standalone.StandaloneMybatisTransactionContext  - committing the ibatis sql session...
10:47:59,314 [main] DEBUG org.activiti.engine.impl.cfg.standalone.StandaloneMybatisTransactionContext  - firing event committed...
10:47:59,314 [main] DEBUG org.activiti.engine.impl.interceptor.LogInterceptor  - --- CreateUserCmd finished --------------------------------------------------------
10:47:59,314 [main] DEBUG org.activiti.engine.impl.interceptor.LogInterceptor  - 

10:47:59,314 [main] DEBUG org.activiti.engine.impl.interceptor.LogInterceptor  - 

10:47:59,314 [main] DEBUG org.activiti.engine.impl.interceptor.LogInterceptor  - --- starting SaveUserCmd --------------------------------------------------------
10:47:59,314 [main] DEBUG org.activiti.engine.impl.db.DbSqlSession  -   insert org.activiti.engine.impl.persistence.entity.UserEntity@390bd8f8
10:47:59,314 [main] DEBUG org.activiti.engine.impl.db.DbSqlSession  - flush summary: 1 insert, 0 update, 0 delete.
10:47:59,314 [main] DEBUG org.activiti.engine.impl.db.DbSqlSession  - now executing flush...
10:47:59,314 [main] DEBUG org.activiti.engine.impl.db.DbSqlSession  - inserting: org.activiti.engine.impl.persistence.entity.UserEntity@390bd8f8
10:47:59,314 [main] DEBUG org.apache.ibatis.transaction.jdbc.JdbcTransaction  - Opening JDBC Connection
10:47:59,315 [main] DEBUG org.apache.ibatis.datasource.pooled.PooledDataSource  - Checked out connection 180014677 from pool.
10:47:59,315 [main] DEBUG org.apache.ibatis.transaction.jdbc.JdbcTransaction  - Setting autocommit to false on JDBC Connection [conn3: url=jdbc:h2:mem:activiti user=SA]
10:47:59,315 [main] DEBUG org.activiti.engine.impl.persistence.entity.UserEntity.insertUser  - ==&gt;  Preparing: insert into ACT_ID_USER (ID_, REV_, FIRST_, LAST_, EMAIL_, PWD_) values ( ?, 1, ?, ?, ?, ? ) 
10:47:59,315 [main] DEBUG org.activiti.engine.impl.persistence.entity.UserEntity.insertUser  - ==&gt; Parameters: user1(String), null, null, null, null
10:47:59,315 [main] DEBUG org.activiti.engine.impl.persistence.entity.UserEntity.insertUser  - &lt;==    Updates: 1
10:47:59,315 [main] DEBUG org.activiti.engine.impl.cfg.standalone.StandaloneMybatisTransactionContext  - firing event committing...
10:47:59,315 [main] DEBUG org.activiti.engine.impl.cfg.standalone.StandaloneMybatisTransactionContext  - committing the ibatis sql session...
10:47:59,315 [main] DEBUG org.apache.ibatis.transaction.jdbc.JdbcTransaction  - Committing JDBC Connection [conn3: url=jdbc:h2:mem:activiti user=SA]
10:47:59,315 [main] DEBUG org.activiti.engine.impl.cfg.standalone.StandaloneMybatisTransactionContext  - firing event committed...
10:47:59,315 [main] DEBUG org.apache.ibatis.transaction.jdbc.JdbcTransaction  - Resetting autocommit to true on JDBC Connection [conn3: url=jdbc:h2:mem:activiti user=SA]
10:47:59,315 [main] DEBUG org.apache.ibatis.transaction.jdbc.JdbcTransaction  - Closing JDBC Connection [conn3: url=jdbc:h2:mem:activiti user=SA]
10:47:59,315 [main] DEBUG org.apache.ibatis.datasource.pooled.PooledDataSource  - Returned connection 180014677 to pool.
10:47:59,315 [main] DEBUG org.activiti.engine.impl.interceptor.LogInterceptor  - --- SaveUserCmd finished --------------------------------------------------------
10:47:59,315 [main] DEBUG org.activiti.engine.impl.interceptor.LogInterceptor  - 

10:47:59,315 [main] DEBUG org.activiti.engine.impl.interceptor.LogInterceptor  - 

10:47:59,315 [main] DEBUG org.activiti.engine.impl.interceptor.LogInterceptor  - --- starting CreateUserCmd --------------------------------------------------------
10:47:59,315 [main] DEBUG org.activiti.engine.impl.cfg.standalone.StandaloneMybatisTransactionContext  - firing event committing...
10:47:59,315 [main] DEBUG org.activiti.engine.impl.cfg.standalone.StandaloneMybatisTransactionContext  - committing the ibatis sql session...
10:47:59,315 [main] DEBUG org.activiti.engine.impl.cfg.standalone.StandaloneMybatisTransactionContext  - firing event committed...
10:47:59,315 [main] DEBUG org.activiti.engine.impl.interceptor.LogInterceptor  - --- CreateUserCmd finished --------------------------------------------------------
10:47:59,315 [main] DEBUG org.activiti.engine.impl.interceptor.LogInterceptor  - 

10:47:59,315 [main] DEBUG org.activiti.engine.impl.interceptor.LogInterceptor  - 

10:47:59,315 [main] DEBUG org.activiti.engine.impl.interceptor.LogInterceptor  - --- starting SaveUserCmd --------------------------------------------------------
10:47:59,315 [main] DEBUG org.activiti.engine.impl.db.DbSqlSession  -   insert org.activiti.engine.impl.persistence.entity.UserEntity@220673fd
10:47:59,315 [main] DEBUG org.activiti.engine.impl.db.DbSqlSession  - flush summary: 1 insert, 0 update, 0 delete.
10:47:59,315 [main] DEBUG org.activiti.engine.impl.db.DbSqlSession  - now executing flush...
10:47:59,315 [main] DEBUG org.activiti.engine.impl.db.DbSqlSession  - inserting: org.activiti.engine.impl.persistence.entity.UserEntity@220673fd
10:47:59,315 [main] DEBUG org.apache.ibatis.transaction.jdbc.JdbcTransaction  - Opening JDBC Connection
10:47:59,315 [main] DEBUG org.apache.ibatis.datasource.pooled.PooledDataSource  - Checked out connection 297240765 from pool.
10:47:59,315 [main] DEBUG org.apache.ibatis.transaction.jdbc.JdbcTransaction  - Setting autocommit to false on JDBC Connection [conn4: url=jdbc:h2:mem:activiti user=SA]
10:47:59,315 [main] DEBUG org.activiti.engine.impl.persistence.entity.UserEntity.insertUser  - ==&gt;  Preparing: insert into ACT_ID_USER (ID_, REV_, FIRST_, LAST_, EMAIL_, PWD_) values ( ?, 1, ?, ?, ?, ? ) 
10:47:59,315 [main] DEBUG org.activiti.engine.impl.persistence.entity.UserEntity.insertUser  - ==&gt; Parameters: user2(String), null, null, null, null
10:47:59,315 [main] DEBUG org.activiti.engine.impl.persistence.entity.UserEntity.insertUser  - &lt;==    Updates: 1
10:47:59,315 [main] DEBUG org.activiti.engine.impl.cfg.standalone.StandaloneMybatisTransactionContext  - firing event committing...
10:47:59,315 [main] DEBUG org.activiti.engine.impl.cfg.standalone.StandaloneMybatisTransactionContext  - committing the ibatis sql session...
10:47:59,315 [main] DEBUG org.apache.ibatis.transaction.jdbc.JdbcTransaction  - Committing JDBC Connection [conn4: url=jdbc:h2:mem:activiti user=SA]
10:47:59,315 [main] DEBUG org.activiti.engine.impl.cfg.standalone.StandaloneMybatisTransactionContext  - firing event committed...
10:47:59,315 [main] DEBUG org.apache.ibatis.transaction.jdbc.JdbcTransaction  - Resetting autocommit to true on JDBC Connection [conn4: url=jdbc:h2:mem:activiti user=SA]
10:47:59,315 [main] DEBUG org.apache.ibatis.transaction.jdbc.JdbcTransaction  - Closing JDBC Connection [conn4: url=jdbc:h2:mem:activiti user=SA]
10:47:59,315 [main] DEBUG org.apache.ibatis.datasource.pooled.PooledDataSource  - Returned connection 297240765 to pool.
10:47:59,315 [main] DEBUG org.activiti.engine.impl.interceptor.LogInterceptor  - --- SaveUserCmd finished --------------------------------------------------------
10:47:59,315 [main] DEBUG org.activiti.engine.impl.interceptor.LogInterceptor  - 

10:47:59,315 [main] DEBUG org.activiti.engine.impl.interceptor.LogInterceptor  - 

10:47:59,315 [main] DEBUG org.activiti.engine.impl.interceptor.LogInterceptor  - --- starting CreateUserCmd --------------------------------------------------------
10:47:59,315 [main] DEBUG org.activiti.engine.impl.cfg.standalone.StandaloneMybatisTransactionContext  - firing event committing...
10:47:59,315 [main] DEBUG org.activiti.engine.impl.cfg.standalone.StandaloneMybatisTransactionContext  - committing the ibatis sql session...
10:47:59,315 [main] DEBUG org.activiti.engine.impl.cfg.standalone.StandaloneMybatisTransactionContext  - firing event committed...
10:47:59,315 [main] DEBUG org.activiti.engine.impl.interceptor.LogInterceptor  - --- CreateUserCmd finished --------------------------------------------------------
10:47:59,315 [main] DEBUG org.activiti.engine.impl.interceptor.LogInterceptor  - 

10:47:59,315 [main] DEBUG org.activiti.engine.impl.interceptor.LogInterceptor  - 

10:47:59,315 [main] DEBUG org.activiti.engine.impl.interceptor.LogInterceptor  - --- starting SaveUserCmd --------------------------------------------------------
10:47:59,315 [main] DEBUG org.activiti.engine.impl.db.DbSqlSession  -   insert org.activiti.engine.impl.persistence.entity.UserEntity@7241e1
10:47:59,315 [main] DEBUG org.activiti.engine.impl.db.DbSqlSession  - flush summary: 1 insert, 0 update, 0 delete.
10:47:59,315 [main] DEBUG org.activiti.engine.impl.db.DbSqlSession  - now executing flush...
10:47:59,315 [main] DEBUG org.activiti.engine.impl.db.DbSqlSession  - inserting: org.activiti.engine.impl.persistence.entity.UserEntity@7241e1
10:47:59,316 [main] DEBUG org.apache.ibatis.transaction.jdbc.JdbcTransaction  - Opening JDBC Connection
10:47:59,316 [main] DEBUG org.apache.ibatis.datasource.pooled.PooledDataSource  - Checked out connection 486346394 from pool.
10:47:59,316 [main] DEBUG org.apache.ibatis.transaction.jdbc.JdbcTransaction  - Setting autocommit to false on JDBC Connection [conn6: url=jdbc:h2:mem:activiti user=SA]
10:47:59,316 [main] DEBUG org.activiti.engine.impl.persistence.entity.UserEntity.insertUser  - ==&gt;  Preparing: insert into ACT_ID_USER (ID_, REV_, FIRST_, LAST_, EMAIL_, PWD_) values ( ?, 1, ?, ?, ?, ? ) 
10:47:59,316 [main] DEBUG org.activiti.engine.impl.persistence.entity.UserEntity.insertUser  - ==&gt; Parameters: user3(String), null, null, null, null
10:47:59,316 [main] DEBUG org.activiti.engine.impl.persistence.entity.UserEntity.insertUser  - &lt;==    Updates: 1
10:47:59,316 [main] DEBUG org.activiti.engine.impl.cfg.standalone.StandaloneMybatisTransactionContext  - firing event committing...
10:47:59,316 [main] DEBUG org.activiti.engine.impl.cfg.standalone.StandaloneMybatisTransactionContext  - committing the ibatis sql session...
10:47:59,316 [main] DEBUG org.apache.ibatis.transaction.jdbc.JdbcTransaction  - Committing JDBC Connection [conn6: url=jdbc:h2:mem:activiti user=SA]
10:47:59,316 [main] DEBUG org.activiti.engine.impl.cfg.standalone.StandaloneMybatisTransactionContext  - firing event committed...
10:47:59,316 [main] DEBUG org.apache.ibatis.transaction.jdbc.JdbcTransaction  - Resetting autocommit to true on JDBC Connection [conn6: url=jdbc:h2:mem:activiti user=SA]
10:47:59,316 [main] DEBUG org.apache.ibatis.transaction.jdbc.JdbcTransaction  - Closing JDBC Connection [conn6: url=jdbc:h2:mem:activiti user=SA]
10:47:59,316 [main] DEBUG org.apache.ibatis.datasource.pooled.PooledDataSource  - Returned connection 486346394 to pool.
10:47:59,316 [main] DEBUG org.activiti.engine.impl.interceptor.LogInterceptor  - --- SaveUserCmd finished --------------------------------------------------------
10:47:59,316 [main] DEBUG org.activiti.engine.impl.interceptor.LogInterceptor  - 

10:47:59,316 [main] DEBUG org.activiti.engine.impl.interceptor.LogInterceptor  - 

10:47:59,316 [main] DEBUG org.activiti.engine.impl.interceptor.LogInterceptor  - --- starting CreateUserCmd --------------------------------------------------------
10:47:59,316 [main] DEBUG org.activiti.engine.impl.cfg.standalone.StandaloneMybatisTransactionContext  - firing event committing...
10:47:59,316 [main] DEBUG org.activiti.engine.impl.cfg.standalone.StandaloneMybatisTransactionContext  - committing the ibatis sql session...
10:47:59,316 [main] DEBUG org.activiti.engine.impl.cfg.standalone.StandaloneMybatisTransactionContext  - firing event committed...
10:47:59,316 [main] DEBUG org.activiti.engine.impl.interceptor.LogInterceptor  - --- CreateUserCmd finished --------------------------------------------------------
10:47:59,316 [main] DEBUG org.activiti.engine.impl.interceptor.LogInterceptor  - 

10:47:59,316 [main] DEBUG org.activiti.engine.impl.interceptor.LogInterceptor  - 

10:47:59,316 [main] DEBUG org.activiti.engine.impl.interceptor.LogInterceptor  - --- starting SaveUserCmd --------------------------------------------------------
10:47:59,316 [main] DEBUG org.activiti.engine.impl.db.DbSqlSession  -   insert org.activiti.engine.impl.persistence.entity.UserEntity@55791543
10:47:59,316 [main] DEBUG org.activiti.engine.impl.db.DbSqlSession  - flush summary: 1 insert, 0 update, 0 delete.
10:47:59,316 [main] DEBUG org.activiti.engine.impl.db.DbSqlSession  - now executing flush...
10:47:59,316 [main] DEBUG org.activiti.engine.impl.db.DbSqlSession  - inserting: org.activiti.engine.impl.persistence.entity.UserEntity@55791543
10:47:59,316 [main] DEBUG org.apache.ibatis.transaction.jdbc.JdbcTransaction  - Opening JDBC Connection
10:47:59,316 [main] DEBUG org.apache.ibatis.datasource.pooled.PooledDataSource  - Checked out connection 363509958 from pool.
10:47:59,316 [main] DEBUG org.apache.ibatis.transaction.jdbc.JdbcTransaction  - Setting autocommit to false on JDBC Connection [conn2: url=jdbc:h2:mem:activiti user=SA]
10:47:59,316 [main] DEBUG org.activiti.engine.impl.persistence.entity.UserEntity.insertUser  - ==&gt;  Preparing: insert into ACT_ID_USER (ID_, REV_, FIRST_, LAST_, EMAIL_, PWD_) values ( ?, 1, ?, ?, ?, ? ) 
10:47:59,316 [main] DEBUG org.activiti.engine.impl.persistence.entity.UserEntity.insertUser  - ==&gt; Parameters: userInGroup1(String), null, null, null, null
10:47:59,316 [main] DEBUG org.activiti.engine.impl.persistence.entity.UserEntity.insertUser  - &lt;==    Updates: 1
10:47:59,316 [main] DEBUG org.activiti.engine.impl.cfg.standalone.StandaloneMybatisTransactionContext  - firing event committing...
10:47:59,316 [main] DEBUG org.activiti.engine.impl.cfg.standalone.StandaloneMybatisTransactionContext  - committing the ibatis sql session...
10:47:59,316 [main] DEBUG org.apache.ibatis.transaction.jdbc.JdbcTransaction  - Committing JDBC Connection [conn2: url=jdbc:h2:mem:activiti user=SA]
10:47:59,316 [main] DEBUG org.activiti.engine.impl.cfg.standalone.StandaloneMybatisTransactionContext  - firing event committed...
10:47:59,316 [main] DEBUG org.apache.ibatis.transaction.jdbc.JdbcTransaction  - Resetting autocommit to true on JDBC Connection [conn2: url=jdbc:h2:mem:activiti user=SA]
10:47:59,316 [main] DEBUG org.apache.ibatis.transaction.jdbc.JdbcTransaction  - Closing JDBC Connection [conn2: url=jdbc:h2:mem:activiti user=SA]
10:47:59,316 [main] DEBUG org.apache.ibatis.datasource.pooled.PooledDataSource  - Returned connection 363509958 to pool.
10:47:59,316 [main] DEBUG org.activiti.engine.impl.interceptor.LogInterceptor  - --- SaveUserCmd finished --------------------------------------------------------
10:47:59,316 [main] DEBUG org.activiti.engine.impl.interceptor.LogInterceptor  - 

10:47:59,316 [main] DEBUG org.activiti.engine.impl.interceptor.LogInterceptor  - 

10:47:59,316 [main] DEBUG org.activiti.engine.impl.interceptor.LogInterceptor  - --- starting CreateUserCmd --------------------------------------------------------
10:47:59,316 [main] DEBUG org.activiti.engine.impl.cfg.standalone.StandaloneMybatisTransactionContext  - firing event committing...
10:47:59,316 [main] DEBUG org.activiti.engine.impl.cfg.standalone.StandaloneMybatisTransactionContext  - committing the ibatis sql session...
10:47:59,316 [main] DEBUG org.activiti.engine.impl.cfg.standalone.StandaloneMybatisTransactionContext  - firing event committed...
10:47:59,316 [main] DEBUG org.activiti.engine.impl.interceptor.LogInterceptor  - --- CreateUserCmd finished --------------------------------------------------------
10:47:59,316 [main] DEBUG org.activiti.engine.impl.interceptor.LogInterceptor  - 

10:47:59,316 [main] DEBUG org.activiti.engine.impl.interceptor.LogInterceptor  - 

10:47:59,316 [main] DEBUG org.activiti.engine.impl.interceptor.LogInterceptor  - --- starting SaveUserCmd --------------------------------------------------------
10:47:59,316 [main] DEBUG org.activiti.engine.impl.db.DbSqlSession  -   insert org.activiti.engine.impl.persistence.entity.UserEntity@32d2cb0c
10:47:59,316 [main] DEBUG org.activiti.engine.impl.db.DbSqlSession  - flush summary: 1 insert, 0 update, 0 delete.
10:47:59,316 [main] DEBUG org.activiti.engine.impl.db.DbSqlSession  - now executing flush...
10:47:59,316 [main] DEBUG org.activiti.engine.impl.db.DbSqlSession  - inserting: org.activiti.engine.impl.persistence.entity.UserEntity@32d2cb0c
10:47:59,316 [main] DEBUG org.apache.ibatis.transaction.jdbc.JdbcTransaction  - Opening JDBC Connection
10:47:59,316 [main] DEBUG org.apache.ibatis.datasource.pooled.PooledDataSource  - Checked out connection 180014677 from pool.
10:47:59,317 [main] DEBUG org.apache.ibatis.transaction.jdbc.JdbcTransaction  - Setting autocommit to false on JDBC Connection [conn3: url=jdbc:h2:mem:activiti user=SA]
10:47:59,317 [main] DEBUG org.activiti.engine.impl.persistence.entity.UserEntity.insertUser  - ==&gt;  Preparing: insert into ACT_ID_USER (ID_, REV_, FIRST_, LAST_, EMAIL_, PWD_) values ( ?, 1, ?, ?, ?, ? ) 
10:47:59,317 [main] DEBUG org.activiti.engine.impl.persistence.entity.UserEntity.insertUser  - ==&gt; Parameters: userInGroup2(String), null, null, null, null
10:47:59,317 [main] DEBUG org.activiti.engine.impl.persistence.entity.UserEntity.insertUser  - &lt;==    Updates: 1
10:47:59,317 [main] DEBUG org.activiti.engine.impl.cfg.standalone.StandaloneMybatisTransactionContext  - firing event committing...
10:47:59,317 [main] DEBUG org.activiti.engine.impl.cfg.standalone.StandaloneMybatisTransactionContext  - committing the ibatis sql session...
10:47:59,317 [main] DEBUG org.apache.ibatis.transaction.jdbc.JdbcTransaction  - Committing JDBC Connection [conn3: url=jdbc:h2:mem:activiti user=SA]
10:47:59,317 [main] DEBUG org.activiti.engine.impl.cfg.standalone.StandaloneMybatisTransactionContext  - firing event committed...
10:47:59,317 [main] DEBUG org.apache.ibatis.transaction.jdbc.JdbcTransaction  - Resetting autocommit to true on JDBC Connection [conn3: url=jdbc:h2:mem:activiti user=SA]
10:47:59,317 [main] DEBUG org.apache.ibatis.transaction.jdbc.JdbcTransaction  - Closing JDBC Connection [conn3: url=jdbc:h2:mem:activiti user=SA]
10:47:59,317 [main] DEBUG org.apache.ibatis.datasource.pooled.PooledDataSource  - Returned connection 180014677 to pool.
10:47:59,317 [main] DEBUG org.activiti.engine.impl.interceptor.LogInterceptor  - --- SaveUserCmd finished --------------------------------------------------------
10:47:59,317 [main] DEBUG org.activiti.engine.impl.interceptor.LogInterceptor  - 

10:47:59,317 [main] DEBUG org.activiti.engine.impl.interceptor.LogInterceptor  - 

10:47:59,317 [main] DEBUG org.activiti.engine.impl.interceptor.LogInterceptor  - --- starting CreateUserCmd --------------------------------------------------------
10:47:59,317 [main] DEBUG org.activiti.engine.impl.cfg.standalone.StandaloneMybatisTransactionContext  - firing event committing...
10:47:59,317 [main] DEBUG org.activiti.engine.impl.cfg.standalone.StandaloneMybatisTransactionContext  - committing the ibatis sql session...
10:47:59,317 [main] DEBUG org.activiti.engine.impl.cfg.standalone.StandaloneMybatisTransactionContext  - firing event committed...
10:47:59,317 [main] DEBUG org.activiti.engine.impl.interceptor.LogInterceptor  - --- CreateUserCmd finished --------------------------------------------------------
10:47:59,317 [main] DEBUG org.activiti.engine.impl.interceptor.LogInterceptor  - 

10:47:59,317 [main] DEBUG org.activiti.engine.impl.interceptor.LogInterceptor  - 

10:47:59,317 [main] DEBUG org.activiti.engine.impl.interceptor.LogInterceptor  - --- starting SaveUserCmd --------------------------------------------------------
10:47:59,317 [main] DEBUG org.activiti.engine.impl.db.DbSqlSession  -   insert org.activiti.engine.impl.persistence.entity.UserEntity@235acf30
10:47:59,317 [main] DEBUG org.activiti.engine.impl.db.DbSqlSession  - flush summary: 1 insert, 0 update, 0 delete.
10:47:59,317 [main] DEBUG org.activiti.engine.impl.db.DbSqlSession  - now executing flush...
10:47:59,317 [main] DEBUG org.activiti.engine.impl.db.DbSqlSession  - inserting: org.activiti.engine.impl.persistence.entity.UserEntity@235acf30
10:47:59,317 [main] DEBUG org.apache.ibatis.transaction.jdbc.JdbcTransaction  - Opening JDBC Connection
10:47:59,317 [main] DEBUG org.apache.ibatis.datasource.pooled.PooledDataSource  - Checked out connection 297240765 from pool.
10:47:59,317 [main] DEBUG org.apache.ibatis.transaction.jdbc.JdbcTransaction  - Setting autocommit to false on JDBC Connection [conn4: url=jdbc:h2:mem:activiti user=SA]
10:47:59,317 [main] DEBUG org.activiti.engine.impl.persistence.entity.UserEntity.insertUser  - ==&gt;  Preparing: insert into ACT_ID_USER (ID_, REV_, FIRST_, LAST_, EMAIL_, PWD_) values ( ?, 1, ?, ?, ?, ? ) 
10:47:59,317 [main] DEBUG org.activiti.engine.impl.persistence.entity.UserEntity.insertUser  - ==&gt; Parameters: userInGroup3(String), null, null, null, null
10:47:59,317 [main] DEBUG org.activiti.engine.impl.persistence.entity.UserEntity.insertUser  - &lt;==    Updates: 1
10:47:59,317 [main] DEBUG org.activiti.engine.impl.cfg.standalone.StandaloneMybatisTransactionContext  - firing event committing...
10:47:59,317 [main] DEBUG org.activiti.engine.impl.cfg.standalone.StandaloneMybatisTransactionContext  - committing the ibatis sql session...
10:47:59,317 [main] DEBUG org.apache.ibatis.transaction.jdbc.JdbcTransaction  - Committing JDBC Connection [conn4: url=jdbc:h2:mem:activiti user=SA]
10:47:59,317 [main] DEBUG org.activiti.engine.impl.cfg.standalone.StandaloneMybatisTransactionContext  - firing event committed...
10:47:59,317 [main] DEBUG org.apache.ibatis.transaction.jdbc.JdbcTransaction  - Resetting autocommit to true on JDBC Connection [conn4: url=jdbc:h2:mem:activiti user=SA]
10:47:59,317 [main] DEBUG org.apache.ibatis.transaction.jdbc.JdbcTransaction  - Closing JDBC Connection [conn4: url=jdbc:h2:mem:activiti user=SA]
10:47:59,317 [main] DEBUG org.apache.ibatis.datasource.pooled.PooledDataSource  - Returned connection 297240765 to pool.
10:47:59,317 [main] DEBUG org.activiti.engine.impl.interceptor.LogInterceptor  - --- SaveUserCmd finished --------------------------------------------------------
10:47:59,317 [main] DEBUG org.activiti.engine.impl.interceptor.LogInterceptor  - 

10:47:59,317 [main] DEBUG org.activiti.engine.impl.interceptor.LogInterceptor  - 

10:47:59,317 [main] DEBUG org.activiti.engine.impl.interceptor.LogInterceptor  - --- starting CreateGroupCmd --------------------------------------------------------
10:47:59,317 [main] DEBUG org.activiti.engine.impl.cfg.standalone.StandaloneMybatisTransactionContext  - firing event committing...
10:47:59,317 [main] DEBUG org.activiti.engine.impl.cfg.standalone.StandaloneMybatisTransactionContext  - committing the ibatis sql session...
10:47:59,317 [main] DEBUG org.activiti.engine.impl.cfg.standalone.StandaloneMybatisTransactionContext  - firing event committed...
10:47:59,317 [main] DEBUG org.activiti.engine.impl.interceptor.LogInterceptor  - --- CreateGroupCmd finished --------------------------------------------------------
10:47:59,317 [main] DEBUG org.activiti.engine.impl.interceptor.LogInterceptor  - 

10:47:59,317 [main] DEBUG org.activiti.engine.impl.interceptor.LogInterceptor  - 

10:47:59,317 [main] DEBUG org.activiti.engine.impl.interceptor.LogInterceptor  - --- starting SaveGroupCmd --------------------------------------------------------
10:47:59,317 [main] DEBUG org.activiti.engine.impl.db.DbSqlSession  -   insert org.activiti.engine.impl.persistence.entity.GroupEntity@3135fff3
10:47:59,317 [main] DEBUG org.activiti.engine.impl.db.DbSqlSession  - flush summary: 1 insert, 0 update, 0 delete.
10:47:59,317 [main] DEBUG org.activiti.engine.impl.db.DbSqlSession  - now executing flush...
10:47:59,317 [main] DEBUG org.activiti.engine.impl.db.DbSqlSession  - inserting: org.activiti.engine.impl.persistence.entity.GroupEntity@3135fff3
10:47:59,317 [main] DEBUG org.apache.ibatis.transaction.jdbc.JdbcTransaction  - Opening JDBC Connection
10:47:59,317 [main] DEBUG org.apache.ibatis.datasource.pooled.PooledDataSource  - Checked out connection 486346394 from pool.
10:47:59,317 [main] DEBUG org.apache.ibatis.transaction.jdbc.JdbcTransaction  - Setting autocommit to false on JDBC Connection [conn6: url=jdbc:h2:mem:activiti user=SA]
10:47:59,317 [main] DEBUG org.activiti.engine.impl.persistence.entity.GroupEntity.insertGroup  - ==&gt;  Preparing: insert into ACT_ID_GROUP (ID_, REV_, NAME_, TYPE_) values ( ?, 1, ?, ? ) 
10:47:59,317 [main] DEBUG org.activiti.engine.impl.persistence.entity.GroupEntity.insertGroup  - ==&gt; Parameters: group1(String), null, null
10:47:59,317 [main] DEBUG org.activiti.engine.impl.persistence.entity.GroupEntity.insertGroup  - &lt;==    Updates: 1
10:47:59,317 [main] DEBUG org.activiti.engine.impl.cfg.standalone.StandaloneMybatisTransactionContext  - firing event committing...
10:47:59,317 [main] DEBUG org.activiti.engine.impl.cfg.standalone.StandaloneMybatisTransactionContext  - committing the ibatis sql session...
10:47:59,318 [main] DEBUG org.apache.ibatis.transaction.jdbc.JdbcTransaction  - Committing JDBC Connection [conn6: url=jdbc:h2:mem:activiti user=SA]
10:47:59,318 [main] DEBUG org.activiti.engine.impl.cfg.standalone.StandaloneMybatisTransactionContext  - firing event committed...
10:47:59,318 [main] DEBUG org.apache.ibatis.transaction.jdbc.JdbcTransaction  - Resetting autocommit to true on JDBC Connection [conn6: url=jdbc:h2:mem:activiti user=SA]
10:47:59,318 [main] DEBUG org.apache.ibatis.transaction.jdbc.JdbcTransaction  - Closing JDBC Connection [conn6: url=jdbc:h2:mem:activiti user=SA]
10:47:59,318 [main] DEBUG org.apache.ibatis.datasource.pooled.PooledDataSource  - Returned connection 486346394 to pool.
10:47:59,318 [main] DEBUG org.activiti.engine.impl.interceptor.LogInterceptor  - --- SaveGroupCmd finished --------------------------------------------------------
10:47:59,318 [main] DEBUG org.activiti.engine.impl.interceptor.LogInterceptor  - 

10:47:59,318 [main] DEBUG org.activiti.engine.impl.interceptor.LogInterceptor  - 

10:47:59,318 [main] DEBUG org.activiti.engine.impl.interceptor.LogInterceptor  - --- starting CreateGroupCmd --------------------------------------------------------
10:47:59,318 [main] DEBUG org.activiti.engine.impl.cfg.standalone.StandaloneMybatisTransactionContext  - firing event committing...
10:47:59,318 [main] DEBUG org.activiti.engine.impl.cfg.standalone.StandaloneMybatisTransactionContext  - committing the ibatis sql session...
10:47:59,318 [main] DEBUG org.activiti.engine.impl.cfg.standalone.StandaloneMybatisTransactionContext  - firing event committed...
10:47:59,318 [main] DEBUG org.activiti.engine.impl.interceptor.LogInterceptor  - --- CreateGroupCmd finished --------------------------------------------------------
10:47:59,318 [main] DEBUG org.activiti.engine.impl.interceptor.LogInterceptor  - 

10:47:59,318 [main] DEBUG org.activiti.engine.impl.interceptor.LogInterceptor  - 

10:47:59,318 [main] DEBUG org.activiti.engine.impl.interceptor.LogInterceptor  - --- starting SaveGroupCmd --------------------------------------------------------
10:47:59,318 [main] DEBUG org.activiti.engine.impl.db.DbSqlSession  -   insert org.activiti.engine.impl.persistence.entity.GroupEntity@2c7b279b
10:47:59,318 [main] DEBUG org.activiti.engine.impl.db.DbSqlSession  - flush summary: 1 insert, 0 update, 0 delete.
10:47:59,318 [main] DEBUG org.activiti.engine.impl.db.DbSqlSession  - now executing flush...
10:47:59,318 [main] DEBUG org.activiti.engine.impl.db.DbSqlSession  - inserting: org.activiti.engine.impl.persistence.entity.GroupEntity@2c7b279b
10:47:59,318 [main] DEBUG org.apache.ibatis.transaction.jdbc.JdbcTransaction  - Opening JDBC Connection
10:47:59,318 [main] DEBUG org.apache.ibatis.datasource.pooled.PooledDataSource  - Checked out connection 363509958 from pool.
10:47:59,318 [main] DEBUG org.apache.ibatis.transaction.jdbc.JdbcTransaction  - Setting autocommit to false on JDBC Connection [conn2: url=jdbc:h2:mem:activiti user=SA]
10:47:59,318 [main] DEBUG org.activiti.engine.impl.persistence.entity.GroupEntity.insertGroup  - ==&gt;  Preparing: insert into ACT_ID_GROUP (ID_, REV_, NAME_, TYPE_) values ( ?, 1, ?, ? ) 
10:47:59,318 [main] DEBUG org.activiti.engine.impl.persistence.entity.GroupEntity.insertGroup  - ==&gt; Parameters: group2(String), null, null
10:47:59,318 [main] DEBUG org.activiti.engine.impl.persistence.entity.GroupEntity.insertGroup  - &lt;==    Updates: 1
10:47:59,318 [main] DEBUG org.activiti.engine.impl.cfg.standalone.StandaloneMybatisTransactionContext  - firing event committing...
10:47:59,318 [main] DEBUG org.activiti.engine.impl.cfg.standalone.StandaloneMybatisTransactionContext  - committing the ibatis sql session...
10:47:59,318 [main] DEBUG org.apache.ibatis.transaction.jdbc.JdbcTransaction  - Committing JDBC Connection [conn2: url=jdbc:h2:mem:activiti user=SA]
10:47:59,318 [main] DEBUG org.activiti.engine.impl.cfg.standalone.StandaloneMybatisTransactionContext  - firing event committed...
10:47:59,318 [main] DEBUG org.apache.ibatis.transaction.jdbc.JdbcTransaction  - Resetting autocommit to true on JDBC Connection [conn2: url=jdbc:h2:mem:activiti user=SA]
10:47:59,318 [main] DEBUG org.apache.ibatis.transaction.jdbc.JdbcTransaction  - Closing JDBC Connection [conn2: url=jdbc:h2:mem:activiti user=SA]
10:47:59,318 [main] DEBUG org.apache.ibatis.datasource.pooled.PooledDataSource  - Returned connection 363509958 to pool.
10:47:59,318 [main] DEBUG org.activiti.engine.impl.interceptor.LogInterceptor  - --- SaveGroupCmd finished --------------------------------------------------------
10:47:59,318 [main] DEBUG org.activiti.engine.impl.interceptor.LogInterceptor  - 

10:47:59,318 [main] DEBUG org.activiti.engine.impl.interceptor.LogInterceptor  - 

10:47:59,318 [main] DEBUG org.activiti.engine.impl.interceptor.LogInterceptor  - --- starting CreateGroupCmd --------------------------------------------------------
10:47:59,318 [main] DEBUG org.activiti.engine.impl.cfg.standalone.StandaloneMybatisTransactionContext  - firing event committing...
10:47:59,318 [main] DEBUG org.activiti.engine.impl.cfg.standalone.StandaloneMybatisTransactionContext  - committing the ibatis sql session...
10:47:59,318 [main] DEBUG org.activiti.engine.impl.cfg.standalone.StandaloneMybatisTransactionContext  - firing event committed...
10:47:59,318 [main] DEBUG org.activiti.engine.impl.interceptor.LogInterceptor  - --- CreateGroupCmd finished --------------------------------------------------------
10:47:59,318 [main] DEBUG org.activiti.engine.impl.interceptor.LogInterceptor  - 

10:47:59,318 [main] DEBUG org.activiti.engine.impl.interceptor.LogInterceptor  - 

10:47:59,318 [main] DEBUG org.activiti.engine.impl.interceptor.LogInterceptor  - --- starting SaveGroupCmd --------------------------------------------------------
10:47:59,318 [main] DEBUG org.activiti.engine.impl.db.DbSqlSession  -   insert org.activiti.engine.impl.persistence.entity.GroupEntity@85513b3
10:47:59,318 [main] DEBUG org.activiti.engine.impl.db.DbSqlSession  - flush summary: 1 insert, 0 update, 0 delete.
10:47:59,318 [main] DEBUG org.activiti.engine.impl.db.DbSqlSession  - now executing flush...
10:47:59,318 [main] DEBUG org.activiti.engine.impl.db.DbSqlSession  - inserting: org.activiti.engine.impl.persistence.entity.GroupEntity@85513b3
10:47:59,318 [main] DEBUG org.apache.ibatis.transaction.jdbc.JdbcTransaction  - Opening JDBC Connection
10:47:59,318 [main] DEBUG org.apache.ibatis.datasource.pooled.PooledDataSource  - Checked out connection 180014677 from pool.
10:47:59,318 [main] DEBUG org.apache.ibatis.transaction.jdbc.JdbcTransaction  - Setting autocommit to false on JDBC Connection [conn3: url=jdbc:h2:mem:activiti user=SA]
10:47:59,318 [main] DEBUG org.activiti.engine.impl.persistence.entity.GroupEntity.insertGroup  - ==&gt;  Preparing: insert into ACT_ID_GROUP (ID_, REV_, NAME_, TYPE_) values ( ?, 1, ?, ? ) 
10:47:59,318 [main] DEBUG org.activiti.engine.impl.persistence.entity.GroupEntity.insertGroup  - ==&gt; Parameters: group3(String), null, null
10:47:59,318 [main] DEBUG org.activiti.engine.impl.persistence.entity.GroupEntity.insertGroup  - &lt;==    Updates: 1
10:47:59,318 [main] DEBUG org.activiti.engine.impl.cfg.standalone.StandaloneMybatisTransactionContext  - firing event committing...
10:47:59,318 [main] DEBUG org.activiti.engine.impl.cfg.standalone.StandaloneMybatisTransactionContext  - committing the ibatis sql session...
10:47:59,318 [main] DEBUG org.apache.ibatis.transaction.jdbc.JdbcTransaction  - Committing JDBC Connection [conn3: url=jdbc:h2:mem:activiti user=SA]
10:47:59,318 [main] DEBUG org.activiti.engine.impl.cfg.standalone.StandaloneMybatisTransactionContext  - firing event committed...
10:47:59,318 [main] DEBUG org.apache.ibatis.transaction.jdbc.JdbcTransaction  - Resetting autocommit to true on JDBC Connection [conn3: url=jdbc:h2:mem:activiti user=SA]
10:47:59,318 [main] DEBUG org.apache.ibatis.transaction.jdbc.JdbcTransaction  - Closing JDBC Connection [conn3: url=jdbc:h2:mem:activiti user=SA]
10:47:59,319 [main] DEBUG org.apache.ibatis.datasource.pooled.PooledDataSource  - Returned connection 180014677 to pool.
10:47:59,319 [main] DEBUG org.activiti.engine.impl.interceptor.LogInterceptor  - --- SaveGroupCmd finished --------------------------------------------------------
10:47:59,319 [main] DEBUG org.activiti.engine.impl.interceptor.LogInterceptor  - 

10:47:59,319 [main] DEBUG org.activiti.engine.impl.interceptor.LogInterceptor  - 

10:47:59,319 [main] DEBUG org.activiti.engine.impl.interceptor.LogInterceptor  - --- starting CreateMembershipCmd --------------------------------------------------------
10:47:59,319 [main] DEBUG org.activiti.engine.impl.db.DbSqlSession  -   insert org.activiti.engine.impl.persistence.entity.MembershipEntity@7d837ec6
10:47:59,319 [main] DEBUG org.activiti.engine.impl.db.DbSqlSession  - flush summary: 1 insert, 0 update, 0 delete.
10:47:59,319 [main] DEBUG org.activiti.engine.impl.db.DbSqlSession  - now executing flush...
10:47:59,319 [main] DEBUG org.activiti.engine.impl.db.DbSqlSession  - inserting: org.activiti.engine.impl.persistence.entity.MembershipEntity@7d837ec6
10:47:59,319 [main] DEBUG org.apache.ibatis.transaction.jdbc.JdbcTransaction  - Opening JDBC Connection
10:47:59,319 [main] DEBUG org.apache.ibatis.datasource.pooled.PooledDataSource  - Checked out connection 297240765 from pool.
10:47:59,319 [main] DEBUG org.apache.ibatis.transaction.jdbc.JdbcTransaction  - Setting autocommit to false on JDBC Connection [conn4: url=jdbc:h2:mem:activiti user=SA]
10:47:59,319 [main] DEBUG org.activiti.engine.impl.persistence.entity.MembershipRelation.insertMembership  - ==&gt;  Preparing: insert into ACT_ID_MEMBERSHIP (USER_ID_, GROUP_ID_) values ( ?, ? ) 
10:47:59,319 [main] DEBUG org.activiti.engine.impl.persistence.entity.MembershipRelation.insertMembership  - ==&gt; Parameters: userInGroup1(String), group1(String)
10:47:59,319 [main] DEBUG org.activiti.engine.impl.persistence.entity.MembershipRelation.insertMembership  - &lt;==    Updates: 1
10:47:59,319 [main] DEBUG org.activiti.engine.impl.cfg.standalone.StandaloneMybatisTransactionContext  - firing event committing...
10:47:59,319 [main] DEBUG org.activiti.engine.impl.cfg.standalone.StandaloneMybatisTransactionContext  - committing the ibatis sql session...
10:47:59,319 [main] DEBUG org.apache.ibatis.transaction.jdbc.JdbcTransaction  - Committing JDBC Connection [conn4: url=jdbc:h2:mem:activiti user=SA]
10:47:59,319 [main] DEBUG org.activiti.engine.impl.cfg.standalone.StandaloneMybatisTransactionContext  - firing event committed...
10:47:59,319 [main] DEBUG org.apache.ibatis.transaction.jdbc.JdbcTransaction  - Resetting autocommit to true on JDBC Connection [conn4: url=jdbc:h2:mem:activiti user=SA]
10:47:59,319 [main] DEBUG org.apache.ibatis.transaction.jdbc.JdbcTransaction  - Closing JDBC Connection [conn4: url=jdbc:h2:mem:activiti user=SA]
10:47:59,319 [main] DEBUG org.apache.ibatis.datasource.pooled.PooledDataSource  - Returned connection 297240765 to pool.
10:47:59,319 [main] DEBUG org.activiti.engine.impl.interceptor.LogInterceptor  - --- CreateMembershipCmd finished --------------------------------------------------------
10:47:59,319 [main] DEBUG org.activiti.engine.impl.interceptor.LogInterceptor  - 

10:47:59,319 [main] DEBUG org.activiti.engine.impl.interceptor.LogInterceptor  - 

10:47:59,319 [main] DEBUG org.activiti.engine.impl.interceptor.LogInterceptor  - --- starting CreateMembershipCmd --------------------------------------------------------
10:47:59,319 [main] DEBUG org.activiti.engine.impl.db.DbSqlSession  -   insert org.activiti.engine.impl.persistence.entity.MembershipEntity@63d7cce2
10:47:59,319 [main] DEBUG org.activiti.engine.impl.db.DbSqlSession  - flush summary: 1 insert, 0 update, 0 delete.
10:47:59,319 [main] DEBUG org.activiti.engine.impl.db.DbSqlSession  - now executing flush...
10:47:59,319 [main] DEBUG org.activiti.engine.impl.db.DbSqlSession  - inserting: org.activiti.engine.impl.persistence.entity.MembershipEntity@63d7cce2
10:47:59,319 [main] DEBUG org.apache.ibatis.transaction.jdbc.JdbcTransaction  - Opening JDBC Connection
10:47:59,319 [main] DEBUG org.apache.ibatis.datasource.pooled.PooledDataSource  - Checked out connection 486346394 from pool.
10:47:59,319 [main] DEBUG org.apache.ibatis.transaction.jdbc.JdbcTransaction  - Setting autocommit to false on JDBC Connection [conn6: url=jdbc:h2:mem:activiti user=SA]
10:47:59,319 [main] DEBUG org.activiti.engine.impl.persistence.entity.MembershipRelation.insertMembership  - ==&gt;  Preparing: insert into ACT_ID_MEMBERSHIP (USER_ID_, GROUP_ID_) values ( ?, ? ) 
10:47:59,319 [main] DEBUG org.activiti.engine.impl.persistence.entity.MembershipRelation.insertMembership  - ==&gt; Parameters: userInGroup2(String), group2(String)
10:47:59,319 [main] DEBUG org.activiti.engine.impl.persistence.entity.MembershipRelation.insertMembership  - &lt;==    Updates: 1
10:47:59,319 [main] DEBUG org.activiti.engine.impl.cfg.standalone.StandaloneMybatisTransactionContext  - firing event committing...
10:47:59,319 [main] DEBUG org.activiti.engine.impl.cfg.standalone.StandaloneMybatisTransactionContext  - committing the ibatis sql session...
10:47:59,319 [main] DEBUG org.apache.ibatis.transaction.jdbc.JdbcTransaction  - Committing JDBC Connection [conn6: url=jdbc:h2:mem:activiti user=SA]
10:47:59,319 [main] DEBUG org.activiti.engine.impl.cfg.standalone.StandaloneMybatisTransactionContext  - firing event committed...
10:47:59,319 [main] DEBUG org.apache.ibatis.transaction.jdbc.JdbcTransaction  - Resetting autocommit to true on JDBC Connection [conn6: url=jdbc:h2:mem:activiti user=SA]
10:47:59,319 [main] DEBUG org.apache.ibatis.transaction.jdbc.JdbcTransaction  - Closing JDBC Connection [conn6: url=jdbc:h2:mem:activiti user=SA]
10:47:59,319 [main] DEBUG org.apache.ibatis.datasource.pooled.PooledDataSource  - Returned connection 486346394 to pool.
10:47:59,319 [main] DEBUG org.activiti.engine.impl.interceptor.LogInterceptor  - --- CreateMembershipCmd finished --------------------------------------------------------
10:47:59,319 [main] DEBUG org.activiti.engine.impl.interceptor.LogInterceptor  - 

10:47:59,319 [main] DEBUG org.activiti.engine.impl.interceptor.LogInterceptor  - 

10:47:59,319 [main] DEBUG org.activiti.engine.impl.interceptor.LogInterceptor  - --- starting CreateMembershipCmd --------------------------------------------------------
10:47:59,319 [main] DEBUG org.activiti.engine.impl.db.DbSqlSession  -   insert org.activiti.engine.impl.persistence.entity.MembershipEntity@16e578fc
10:47:59,319 [main] DEBUG org.activiti.engine.impl.db.DbSqlSession  - flush summary: 1 insert, 0 update, 0 delete.
10:47:59,319 [main] DEBUG org.activiti.engine.impl.db.DbSqlSession  - now executing flush...
10:47:59,319 [main] DEBUG org.activiti.engine.impl.db.DbSqlSession  - inserting: org.activiti.engine.impl.persistence.entity.MembershipEntity@16e578fc
10:47:59,319 [main] DEBUG org.apache.ibatis.transaction.jdbc.JdbcTransaction  - Opening JDBC Connection
10:47:59,319 [main] DEBUG org.apache.ibatis.datasource.pooled.PooledDataSource  - Checked out connection 363509958 from pool.
10:47:59,319 [main] DEBUG org.apache.ibatis.transaction.jdbc.JdbcTransaction  - Setting autocommit to false on JDBC Connection [conn2: url=jdbc:h2:mem:activiti user=SA]
10:47:59,319 [main] DEBUG org.activiti.engine.impl.persistence.entity.MembershipRelation.insertMembership  - ==&gt;  Preparing: insert into ACT_ID_MEMBERSHIP (USER_ID_, GROUP_ID_) values ( ?, ? ) 
10:47:59,319 [main] DEBUG org.activiti.engine.impl.persistence.entity.MembershipRelation.insertMembership  - ==&gt; Parameters: userInGroup3(String), group3(String)
10:47:59,319 [main] DEBUG org.activiti.engine.impl.persistence.entity.MembershipRelation.insertMembership  - &lt;==    Updates: 1
10:47:59,319 [main] DEBUG org.activiti.engine.impl.cfg.standalone.StandaloneMybatisTransactionContext  - firing event committing...
10:47:59,319 [main] DEBUG org.activiti.engine.impl.cfg.standalone.StandaloneMybatisTransactionContext  - committing the ibatis sql session...
10:47:59,319 [main] DEBUG org.apache.ibatis.transaction.jdbc.JdbcTransaction  - Committing JDBC Connection [conn2: url=jdbc:h2:mem:activiti user=SA]
10:47:59,319 [main] DEBUG org.activiti.engine.impl.cfg.standalone.StandaloneMybatisTransactionContext  - firing event committed...
10:47:59,320 [main] DEBUG org.apache.ibatis.transaction.jdbc.JdbcTransaction  - Resetting autocommit to true on JDBC Connection [conn2: url=jdbc:h2:mem:activiti user=SA]
10:47:59,320 [main] DEBUG org.apache.ibatis.transaction.jdbc.JdbcTransaction  - Closing JDBC Connection [conn2: url=jdbc:h2:mem:activiti user=SA]
10:47:59,320 [main] DEBUG org.apache.ibatis.datasource.pooled.PooledDataSource  - Returned connection 363509958 to pool.
10:47:59,320 [main] DEBUG org.activiti.engine.impl.interceptor.LogInterceptor  - --- CreateMembershipCmd finished --------------------------------------------------------
10:47:59,320 [main] DEBUG org.activiti.engine.impl.interceptor.LogInterceptor  - 

10:47:59,320 [main] DEBUG org.activiti.engine.impl.interceptor.LogInterceptor  - 

10:47:59,320 [main] DEBUG org.activiti.engine.impl.interceptor.LogInterceptor  - --- starting ProcessDefinitionQueryImpl --------------------------------------------------------
10:47:59,320 [main] DEBUG org.apache.ibatis.transaction.jdbc.JdbcTransaction  - Opening JDBC Connection
10:47:59,320 [main] DEBUG org.apache.ibatis.datasource.pooled.PooledDataSource  - Checked out connection 180014677 from pool.
10:47:59,320 [main] DEBUG org.apache.ibatis.transaction.jdbc.JdbcTransaction  - Setting autocommit to false on JDBC Connection [conn3: url=jdbc:h2:mem:activiti user=SA]
10:47:59,320 [main] DEBUG org.activiti.engine.impl.persistence.entity.ProcessDefinitionEntity.selectProcessDefinitionsByQueryCriteria  - ==&gt;  Preparing: select RES.* from ACT_RE_PROCDEF RES WHERE RES.KEY_ = ? order by order by RES.ID_ asc LIMIT ? OFFSET ? 
10:47:59,320 [main] DEBUG org.activiti.engine.impl.interceptor.CommandContext  - Error while closing command context
org.apache.ibatis.exceptions.PersistenceException: 
### Error querying database.  Cause: org.h2.jdbc.JdbcSQLException: Syntax error in SQL statement &quot;SELECT RES.* 
       
    FROM ACT_RE_PROCDEF RES
     
     WHERE  RES.KEY_ = ? 
   
     ORDER BY  ORDER[*] BY RES.ID_ ASC  
    LIMIT ? OFFSET ? &quot;; expected &quot;=, NOT, EXISTS, INTERSECTS, SELECT, FROM&quot;; SQL statement:
select RES.* 
       
    from ACT_RE_PROCDEF RES
     
     WHERE  RES.KEY_ = ? 
   
     order by  order by RES.ID_ asc  
    LIMIT ? OFFSET ? [42001-176]
### The error may exist in org/activiti/db/mapping/entity/ProcessDefinition.xml
### The error may involve org.activiti.engine.impl.persistence.entity.ProcessDefinitionEntity.selectProcessDefinitionsByQueryCriteria
### The error occurred while executing a query
### SQL: select RES.*              from ACT_RE_PROCDEF RES            WHERE  RES.KEY_ = ?           order by  order by RES.ID_ asc       LIMIT ? OFFSET ?
### Cause: org.h2.jdbc.JdbcSQLException: Syntax error in SQL statement &quot;SELECT RES.* 
       
    FROM ACT_RE_PROCDEF RES
     
     WHERE  RES.KEY_ = ? 
   
     ORDER BY  ORDER[*] BY RES.ID_ ASC  
    LIMIT ? OFFSET ? &quot;; expected &quot;=, NOT, EXISTS, INTERSECTS, SELECT, FROM&quot;; SQL statement:
select RES.* 
       
    from ACT_RE_PROCDEF RES
     
     WHERE  RES.KEY_ = ? 
   
     order by  order by RES.ID_ asc  
    LIMIT ? OFFSET ? [42001-176]
	at org.apache.ibatis.exceptions.ExceptionFactory.wrapException(ExceptionFactory.java:30)
	at org.apache.ibatis.session.defaults.DefaultSqlSession.selectList(DefaultSqlSession.java:122)
	at org.apache.ibatis.session.defaults.DefaultSqlSession.selectList(DefaultSqlSession.java:113)
	at org.activiti.engine.impl.db.DbSqlSession.selectListWithRawParameter(DbSqlSession.java:438)
	at org.activiti.engine.impl.db.DbSqlSession.selectList(DbSqlSession.java:429)
	at org.activiti.engine.impl.db.DbSqlSession.selectList(DbSqlSession.java:419)
	at org.activiti.engine.impl.persistence.entity.ProcessDefinitionEntityManager.findProcessDefinitionsByQueryCriteria(ProcessDefinitionEntityManager.java:57)
	at org.activiti.engine.impl.ProcessDefinitionQueryImpl.executeList(ProcessDefinitionQueryImpl.java:307)
	at org.activiti.engine.impl.AbstractQuery.executeSingleResult(AbstractQuery.java:183)
	at org.activiti.engine.impl.AbstractQuery.execute(AbstractQuery.java:166)
	at org.activiti.engine.impl.interceptor.CommandInvoker.execute(CommandInvoker.java:24)
	at org.activiti.engine.impl.interceptor.CommandContextInterceptor.execute(CommandContextInterceptor.java:57)
	at org.activiti.engine.impl.interceptor.LogInterceptor.execute(LogInterceptor.java:37)
	at org.activiti.engine.impl.cfg.CommandExecutorImpl.execute(CommandExecutorImpl.java:40)
	at org.activiti.engine.impl.cfg.CommandExecutorImpl.execute(CommandExecutorImpl.java:35)
	at org.activiti.engine.impl.AbstractQuery.singleResult(AbstractQuery.java:129)
	at org.activiti.examples.bpmn.authorization.StartAuthorizationTest.testProcessDefinitionList(StartAuthorizationTest.java:265)
	at sun.reflect.NativeMethodAccessorImpl.invoke0(Native Method)
	at sun.reflect.NativeMethodAccessorImpl.invoke(NativeMethodAccessorImpl.java:62)
	at sun.reflect.DelegatingMethodAccessorImpl.invoke(DelegatingMethodAccessorImpl.java:43)
	at java.lang.reflect.Method.invoke(Method.java:498)
	at junit.framework.TestCase.runTest(TestCase.java:176)
	at org.activiti.engine.impl.test.PvmTestCase.runTest(PvmTestCase.java:65)
	at junit.framework.TestCase.runBare(TestCase.java:141)
	at org.activiti.engine.impl.test.AbstractActivitiTestCase.runBare(AbstractActivitiTestCase.java:100)
	at junit.framework.TestResult$1.protect(TestResult.java:122)
	at junit.framework.TestResult.runProtected(TestResult.java:142)
	at junit.framework.TestResult.run(TestResult.java:125)
	at junit.framework.TestCase.run(TestCase.java:129)
	at junit.framework.TestSuite.runTest(TestSuite.java:255)
	at junit.framework.TestSuite.run(TestSuite.java:250)
	at org.junit.internal.runners.JUnit38ClassRunner.run(JUnit38ClassRunner.java:84)
	at org.apache.maven.surefire.junit4.JUnit4TestSet.execute(JUnit4TestSet.java:35)
	at org.apache.maven.surefire.junit4.JUnit4Provider.executeTestSet(JUnit4Provider.java:146)
	at org.apache.maven.surefire.junit4.JUnit4Provider.invoke(JUnit4Provider.java:97)
	at sun.reflect.NativeMethodAccessorImpl.invoke0(Native Method)
	at sun.reflect.NativeMethodAccessorImpl.invoke(NativeMethodAccessorImpl.java:62)
	at sun.reflect.DelegatingMethodAccessorImpl.invoke(DelegatingMethodAccessorImpl.java:43)
	at java.lang.reflect.Method.invoke(Method.java:498)
	at org.apache.maven.surefire.booter.ProviderFactory$ClassLoaderProxy.invoke(ProviderFactory.java:103)
	at com.sun.proxy.$Proxy0.invoke(Unknown Source)
	at org.apache.maven.surefire.booter.SurefireStarter.invokeProvider(SurefireStarter.java:145)
	at org.apache.maven.surefire.booter.SurefireStarter.runSuitesInProcess(SurefireStarter.java:87)
	at org.apache.maven.surefire.booter.ForkedBooter.main(ForkedBooter.java:69)
Caused by: org.h2.jdbc.JdbcSQLException: Syntax error in SQL statement &quot;SELECT RES.* 
       
    FROM ACT_RE_PROCDEF RES
     
     WHERE  RES.KEY_ = ? 
   
     ORDER BY  ORDER[*] BY RES.ID_ ASC  
    LIMIT ? OFFSET ? &quot;; expected &quot;=, NOT, EXISTS, INTERSECTS, SELECT, FROM&quot;; SQL statement:
select RES.* 
       
    from ACT_RE_PROCDEF RES
     
     WHERE  RES.KEY_ = ? 
   
     order by  order by RES.ID_ asc  
    LIMIT ? OFFSET ? [42001-176]
	at org.h2.message.DbException.getJdbcSQLException(DbException.java:344)
	at org.h2.message.DbException.getSyntaxError(DbException.java:204)
	at org.h2.command.Parser.getSyntaxError(Parser.java:524)
	at org.h2.command.Parser.readTerm(Parser.java:2688)
	at org.h2.command.Parser.readFactor(Parser.java:2244)
	at org.h2.command.Parser.readSum(Parser.java:2231)
	at org.h2.command.Parser.readConcat(Parser.java:2201)
	at org.h2.command.Parser.readCondition(Parser.java:2051)
	at org.h2.command.Parser.readAnd(Parser.java:2023)
	at org.h2.command.Parser.readExpression(Parser.java:2015)
	at org.h2.command.Parser.parseEndOfQuery(Parser.java:1726)
	at org.h2.command.Parser.parseSelectUnionExtension(Parser.java:1706)
	at org.h2.command.Parser.parseSelectUnion(Parser.java:1675)
	at org.h2.command.Parser.parseSelect(Parser.java:1662)
	at org.h2.command.Parser.parsePrepared(Parser.java:434)
	at org.h2.command.Parser.parse(Parser.java:306)
	at org.h2.command.Parser.parse(Parser.java:282)
	at org.h2.command.Parser.prepareCommand(Parser.java:243)
	at org.h2.engine.Session.prepareLocal(Session.java:442)
	at org.h2.engine.Session.prepareCommand(Session.java:384)
	at org.h2.jdbc.JdbcConnection.prepareCommand(JdbcConnection.java:1188)
	at org.h2.jdbc.JdbcPreparedStatement.&lt;init&gt;(JdbcPreparedStatement.java:73)
	at org.h2.jdbc.JdbcConnection.prepareStatement(JdbcConnection.java:276)
	at sun.reflect.GeneratedMethodAccessor6.invoke(Unknown Source)
	at sun.reflect.DelegatingMethodAccessorImpl.invoke(DelegatingMethodAccessorImpl.java:43)
	at java.lang.reflect.Method.invoke(Method.java:498)
	at org.apache.ibatis.datasource.pooled.PooledConnection.invoke(PooledConnection.java:245)
	at com.sun.proxy.$Proxy12.prepareStatement(Unknown Source)
	at sun.reflect.GeneratedMethodAccessor6.invoke(Unknown Source)
	at sun.reflect.DelegatingMethodAccessorImpl.invoke(DelegatingMethodAccessorImpl.java:43)
	at java.lang.reflect.Method.invoke(Method.java:498)
	at org.apache.ibatis.logging.jdbc.ConnectionLogger.invoke(ConnectionLogger.java:55)
	at com.sun.proxy.$Proxy12.prepareStatement(Unknown Source)
	at org.apache.ibatis.executor.statement.PreparedStatementHandler.instantiateStatement(PreparedStatementHandler.java:79)
	at org.apache.ibatis.executor.statement.BaseStatementHandler.prepare(BaseStatementHandler.java:88)
	at org.apache.ibatis.executor.statement.RoutingStatementHandler.prepare(RoutingStatementHandler.java:58)
	at org.apache.ibatis.executor.SimpleExecutor.prepareStatement(SimpleExecutor.java:76)
	at org.apache.ibatis.executor.SimpleExecutor.doQuery(SimpleExecutor.java:61)
	at org.apache.ibatis.executor.BaseExecutor.queryFromDatabase(BaseExecutor.java:303)
	at org.apache.ibatis.executor.BaseExecutor.query(BaseExecutor.java:154)
	at org.apache.ibatis.executor.CachingExecutor.query(CachingExecutor.java:102)
	at org.apache.ibatis.executor.CachingExecutor.query(CachingExecutor.java:82)
	at org.apache.ibatis.session.defaults.DefaultSqlSession.selectList(DefaultSqlSession.java:120)
	... 42 more
10:47:59,320 [main] DEBUG org.activiti.engine.impl.cfg.standalone.StandaloneMybatisTransactionContext  - firing event rolling back...
10:47:59,320 [main] DEBUG org.activiti.engine.impl.cfg.standalone.StandaloneMybatisTransactionContext  - rolling back ibatis sql session...
10:47:59,320 [main] DEBUG org.activiti.engine.impl.cfg.standalone.StandaloneMybatisTransactionContext  - firing event rolled back...
10:47:59,320 [main] DEBUG org.apache.ibatis.transaction.jdbc.JdbcTransaction  - Resetting autocommit to true on JDBC Connection [conn3: url=jdbc:h2:mem:activiti user=SA]
10:47:59,320 [main] DEBUG org.apache.ibatis.transaction.jdbc.JdbcTransaction  - Closing JDBC Connection [conn3: url=jdbc:h2:mem:activiti user=SA]
10:47:59,320 [main] DEBUG org.apache.ibatis.datasource.pooled.PooledDataSource  - Returned connection 180014677 to pool.
10:47:59,320 [main] DEBUG org.activiti.engine.impl.interceptor.LogInterceptor  - --- ProcessDefinitionQueryImpl finished --------------------------------------------------------
10:47:59,320 [main] DEBUG org.activiti.engine.impl.interceptor.LogInterceptor  - 

10:47:59,320 [main] DEBUG org.activiti.engine.impl.interceptor.LogInterceptor  - 

10:47:59,320 [main] DEBUG org.activiti.engine.impl.interceptor.LogInterceptor  - --- starting DeleteMembershipCmd --------------------------------------------------------
10:47:59,320 [main] DEBUG org.activiti.engine.impl.db.DbSqlSession  -   bulk delete: deleteMembership({groupId=group1, userId=userInGroup1})
10:47:59,320 [main] DEBUG org.activiti.engine.impl.db.DbSqlSession  - flush summary: 0 insert, 0 update, 1 delete.
10:47:59,320 [main] DEBUG org.activiti.engine.impl.db.DbSqlSession  - now executing flush...
10:47:59,320 [main] DEBUG org.activiti.engine.impl.db.DbSqlSession  - executing: bulk delete: deleteMembership({groupId=group1, userId=userInGroup1})
10:47:59,320 [main] DEBUG org.apache.ibatis.transaction.jdbc.JdbcTransaction  - Opening JDBC Connection
10:47:59,320 [main] DEBUG org.apache.ibatis.datasource.pooled.PooledDataSource  - Checked out connection 297240765 from pool.
10:47:59,320 [main] DEBUG org.apache.ibatis.transaction.jdbc.JdbcTransaction  - Setting autocommit to false on JDBC Connection [conn4: url=jdbc:h2:mem:activiti user=SA]
10:47:59,320 [main] DEBUG org.activiti.engine.impl.persistence.entity.MembershipRelation.deleteMembership  - ==&gt;  Preparing: delete from ACT_ID_MEMBERSHIP where USER_ID_ = ? and GROUP_ID_ = ? 
10:47:59,320 [main] DEBUG org.activiti.engine.impl.persistence.entity.MembershipRelation.deleteMembership  - ==&gt; Parameters: userInGroup1(String), group1(String)
10:47:59,320 [main] DEBUG org.activiti.engine.impl.persistence.entity.MembershipRelation.deleteMembership  - &lt;==    Updates: 1
10:47:59,320 [main] DEBUG org.activiti.engine.impl.cfg.standalone.StandaloneMybatisTransactionContext  - firing event committing...
10:47:59,320 [main] DEBUG org.activiti.engine.impl.cfg.standalone.StandaloneMybatisTransactionContext  - committing the ibatis sql session...
10:47:59,320 [main] DEBUG org.apache.ibatis.transaction.jdbc.JdbcTransaction  - Committing JDBC Connection [conn4: url=jdbc:h2:mem:activiti user=SA]
10:47:59,320 [main] DEBUG org.activiti.engine.impl.cfg.standalone.StandaloneMybatisTransactionContext  - firing event committed...
10:47:59,320 [main] DEBUG org.apache.ibatis.transaction.jdbc.JdbcTransaction  - Resetting autocommit to true on JDBC Connection [conn4: url=jdbc:h2:mem:activiti user=SA]
10:47:59,321 [main] DEBUG org.apache.ibatis.transaction.jdbc.JdbcTransaction  - Closing JDBC Connection [conn4: url=jdbc:h2:mem:activiti user=SA]
10:47:59,321 [main] DEBUG org.apache.ibatis.datasource.pooled.PooledDataSource  - Returned connection 297240765 to pool.
10:47:59,321 [main] DEBUG org.activiti.engine.impl.interceptor.LogInterceptor  - --- DeleteMembershipCmd finished --------------------------------------------------------
10:47:59,321 [main] DEBUG org.activiti.engine.impl.interceptor.LogInterceptor  - 

10:47:59,321 [main] DEBUG org.activiti.engine.impl.interceptor.LogInterceptor  - 

10:47:59,321 [main] DEBUG org.activiti.engine.impl.interceptor.LogInterceptor  - --- starting DeleteMembershipCmd --------------------------------------------------------
10:47:59,321 [main] DEBUG org.activiti.engine.impl.db.DbSqlSession  -   bulk delete: deleteMembership({groupId=group2, userId=userInGroup2})
10:47:59,321 [main] DEBUG org.activiti.engine.impl.db.DbSqlSession  - flush summary: 0 insert, 0 update, 1 delete.
10:47:59,321 [main] DEBUG org.activiti.engine.impl.db.DbSqlSession  - now executing flush...
10:47:59,321 [main] DEBUG org.activiti.engine.impl.db.DbSqlSession  - executing: bulk delete: deleteMembership({groupId=group2, userId=userInGroup2})
10:47:59,321 [main] DEBUG org.apache.ibatis.transaction.jdbc.JdbcTransaction  - Opening JDBC Connection
10:47:59,321 [main] DEBUG org.apache.ibatis.datasource.pooled.PooledDataSource  - Checked out connection 486346394 from pool.
10:47:59,321 [main] DEBUG org.apache.ibatis.transaction.jdbc.JdbcTransaction  - Setting autocommit to false on JDBC Connection [conn6: url=jdbc:h2:mem:activiti user=SA]
10:47:59,321 [main] DEBUG org.activiti.engine.impl.persistence.entity.MembershipRelation.deleteMembership  - ==&gt;  Preparing: delete from ACT_ID_MEMBERSHIP where USER_ID_ = ? and GROUP_ID_ = ? 
10:47:59,321 [main] DEBUG org.activiti.engine.impl.persistence.entity.MembershipRelation.deleteMembership  - ==&gt; Parameters: userInGroup2(String), group2(String)
10:47:59,321 [main] DEBUG org.activiti.engine.impl.persistence.entity.MembershipRelation.deleteMembership  - &lt;==    Updates: 1
10:47:59,321 [main] DEBUG org.activiti.engine.impl.cfg.standalone.StandaloneMybatisTransactionContext  - firing event committing...
10:47:59,321 [main] DEBUG org.activiti.engine.impl.cfg.standalone.StandaloneMybatisTransactionContext  - committing the ibatis sql session...
10:47:59,321 [main] DEBUG org.apache.ibatis.transaction.jdbc.JdbcTransaction  - Committing JDBC Connection [conn6: url=jdbc:h2:mem:activiti user=SA]
10:47:59,321 [main] DEBUG org.activiti.engine.impl.cfg.standalone.StandaloneMybatisTransactionContext  - firing event committed...
10:47:59,321 [main] DEBUG org.apache.ibatis.transaction.jdbc.JdbcTransaction  - Resetting autocommit to true on JDBC Connection [conn6: url=jdbc:h2:mem:activiti user=SA]
10:47:59,321 [main] DEBUG org.apache.ibatis.transaction.jdbc.JdbcTransaction  - Closing JDBC Connection [conn6: url=jdbc:h2:mem:activiti user=SA]
10:47:59,321 [main] DEBUG org.apache.ibatis.datasource.pooled.PooledDataSource  - Returned connection 486346394 to pool.
10:47:59,321 [main] DEBUG org.activiti.engine.impl.interceptor.LogInterceptor  - --- DeleteMembershipCmd finished --------------------------------------------------------
10:47:59,321 [main] DEBUG org.activiti.engine.impl.interceptor.LogInterceptor  - 

10:47:59,321 [main] DEBUG org.activiti.engine.impl.interceptor.LogInterceptor  - 

10:47:59,321 [main] DEBUG org.activiti.engine.impl.interceptor.LogInterceptor  - --- starting DeleteMembershipCmd --------------------------------------------------------
10:47:59,321 [main] DEBUG org.activiti.engine.impl.db.DbSqlSession  -   bulk delete: deleteMembership({groupId=group3, userId=userInGroup3})
10:47:59,321 [main] DEBUG org.activiti.engine.impl.db.DbSqlSession  - flush summary: 0 insert, 0 update, 1 delete.
10:47:59,321 [main] DEBUG org.activiti.engine.impl.db.DbSqlSession  - now executing flush...
10:47:59,321 [main] DEBUG org.activiti.engine.impl.db.DbSqlSession  - executing: bulk delete: deleteMembership({groupId=group3, userId=userInGroup3})
10:47:59,321 [main] DEBUG org.apache.ibatis.transaction.jdbc.JdbcTransaction  - Opening JDBC Connection
10:47:59,321 [main] DEBUG org.apache.ibatis.datasource.pooled.PooledDataSource  - Checked out connection 363509958 from pool.
10:47:59,321 [main] DEBUG org.apache.ibatis.transaction.jdbc.JdbcTransaction  - Setting autocommit to false on JDBC Connection [conn2: url=jdbc:h2:mem:activiti user=SA]
10:47:59,321 [main] DEBUG org.activiti.engine.impl.persistence.entity.MembershipRelation.deleteMembership  - ==&gt;  Preparing: delete from ACT_ID_MEMBERSHIP where USER_ID_ = ? and GROUP_ID_ = ? 
10:47:59,321 [main] DEBUG org.activiti.engine.impl.persistence.entity.MembershipRelation.deleteMembership  - ==&gt; Parameters: userInGroup3(String), group3(String)
10:47:59,321 [main] DEBUG org.activiti.engine.impl.persistence.entity.MembershipRelation.deleteMembership  - &lt;==    Updates: 1
10:47:59,321 [main] DEBUG org.activiti.engine.impl.cfg.standalone.StandaloneMybatisTransactionContext  - firing event committing...
10:47:59,321 [main] DEBUG org.activiti.engine.impl.cfg.standalone.StandaloneMybatisTransactionContext  - committing the ibatis sql session...
10:47:59,321 [main] DEBUG org.apache.ibatis.transaction.jdbc.JdbcTransaction  - Committing JDBC Connection [conn2: url=jdbc:h2:mem:activiti user=SA]
10:47:59,321 [main] DEBUG org.activiti.engine.impl.cfg.standalone.StandaloneMybatisTransactionContext  - firing event committed...
10:47:59,321 [main] DEBUG org.apache.ibatis.transaction.jdbc.JdbcTransaction  - Resetting autocommit to true on JDBC Connection [conn2: url=jdbc:h2:mem:activiti user=SA]
10:47:59,321 [main] DEBUG org.apache.ibatis.transaction.jdbc.JdbcTransaction  - Closing JDBC Connection [conn2: url=jdbc:h2:mem:activiti user=SA]
10:47:59,321 [main] DEBUG org.apache.ibatis.datasource.pooled.PooledDataSource  - Returned connection 363509958 to pool.
10:47:59,321 [main] DEBUG org.activiti.engine.impl.interceptor.LogInterceptor  - --- DeleteMembershipCmd finished --------------------------------------------------------
10:47:59,321 [main] DEBUG org.activiti.engine.impl.interceptor.LogInterceptor  - 

10:47:59,321 [main] DEBUG org.activiti.engine.impl.interceptor.LogInterceptor  - 

10:47:59,321 [main] DEBUG org.activiti.engine.impl.interceptor.LogInterceptor  - --- starting DeleteGroupCmd --------------------------------------------------------
10:47:59,321 [main] DEBUG org.apache.ibatis.transaction.jdbc.JdbcTransaction  - Opening JDBC Connection
10:47:59,321 [main] DEBUG org.apache.ibatis.datasource.pooled.PooledDataSource  - Checked out connection 180014677 from pool.
10:47:59,321 [main] DEBUG org.apache.ibatis.transaction.jdbc.JdbcTransaction  - Setting autocommit to false on JDBC Connection [conn3: url=jdbc:h2:mem:activiti user=SA]
10:47:59,321 [main] DEBUG org.activiti.engine.impl.persistence.entity.GroupEntity.selectGroup  - ==&gt;  Preparing: select * from ACT_ID_GROUP where ID_ = ? 
10:47:59,321 [main] DEBUG org.activiti.engine.impl.persistence.entity.GroupEntity.selectGroup  - ==&gt; Parameters: group1(String)
10:47:59,321 [main] DEBUG org.activiti.engine.impl.persistence.entity.GroupEntity.selectGroup  - &lt;==      Total: 1
10:47:59,321 [main] DEBUG org.activiti.engine.impl.db.DbSqlSession  -   bulk delete: deleteMembershipsByGroupId(group1)
10:47:59,321 [main] DEBUG org.activiti.engine.impl.db.DbSqlSession  -   delete org.activiti.engine.impl.persistence.entity.GroupEntity@d73727c
10:47:59,321 [main] DEBUG org.activiti.engine.impl.db.DbSqlSession  - flush summary: 0 insert, 0 update, 2 delete.
10:47:59,322 [main] DEBUG org.activiti.engine.impl.db.DbSqlSession  - now executing flush...
10:47:59,322 [main] DEBUG org.activiti.engine.impl.db.DbSqlSession  - executing: bulk delete: deleteMembershipsByGroupId(group1)
10:47:59,322 [main] DEBUG org.activiti.engine.impl.persistence.entity.MembershipRelation.deleteMembershipsByGroupId  - ==&gt;  Preparing: delete from ACT_ID_MEMBERSHIP where GROUP_ID_ = ? 
10:47:59,322 [main] DEBUG org.activiti.engine.impl.persistence.entity.MembershipRelation.deleteMembershipsByGroupId  - ==&gt; Parameters: group1(String)
10:47:59,322 [main] DEBUG org.activiti.engine.impl.persistence.entity.MembershipRelation.deleteMembershipsByGroupId  - &lt;==    Updates: 0
10:47:59,322 [main] DEBUG org.activiti.engine.impl.db.DbSqlSession  - executing: delete org.activiti.engine.impl.persistence.entity.GroupEntity@d73727c
10:47:59,322 [main] DEBUG org.activiti.engine.impl.persistence.entity.GroupEntity.deleteGroup  - ==&gt;  Preparing: delete from ACT_ID_GROUP where ID_ = ? and REV_ = ? 
10:47:59,322 [main] DEBUG org.activiti.engine.impl.persistence.entity.GroupEntity.deleteGroup  - ==&gt; Parameters: group1(String), 1(Integer)
10:47:59,322 [main] DEBUG org.activiti.engine.impl.persistence.entity.GroupEntity.deleteGroup  - &lt;==    Updates: 1
10:47:59,322 [main] DEBUG org.activiti.engine.impl.cfg.standalone.StandaloneMybatisTransactionContext  - firing event committing...
10:47:59,322 [main] DEBUG org.activiti.engine.impl.cfg.standalone.StandaloneMybatisTransactionContext  - committing the ibatis sql session...
10:47:59,322 [main] DEBUG org.apache.ibatis.transaction.jdbc.JdbcTransaction  - Committing JDBC Connection [conn3: url=jdbc:h2:mem:activiti user=SA]
10:47:59,322 [main] DEBUG org.activiti.engine.impl.cfg.standalone.StandaloneMybatisTransactionContext  - firing event committed...
10:47:59,322 [main] DEBUG org.apache.ibatis.transaction.jdbc.JdbcTransaction  - Resetting autocommit to true on JDBC Connection [conn3: url=jdbc:h2:mem:activiti user=SA]
10:47:59,322 [main] DEBUG org.apache.ibatis.transaction.jdbc.JdbcTransaction  - Closing JDBC Connection [conn3: url=jdbc:h2:mem:activiti user=SA]
10:47:59,322 [main] DEBUG org.apache.ibatis.datasource.pooled.PooledDataSource  - Returned connection 180014677 to pool.
10:47:59,322 [main] DEBUG org.activiti.engine.impl.interceptor.LogInterceptor  - --- DeleteGroupCmd finished --------------------------------------------------------
10:47:59,322 [main] DEBUG org.activiti.engine.impl.interceptor.LogInterceptor  - 

10:47:59,322 [main] DEBUG org.activiti.engine.impl.interceptor.LogInterceptor  - 

10:47:59,322 [main] DEBUG org.activiti.engine.impl.interceptor.LogInterceptor  - --- starting DeleteGroupCmd --------------------------------------------------------
10:47:59,322 [main] DEBUG org.apache.ibatis.transaction.jdbc.JdbcTransaction  - Opening JDBC Connection
10:47:59,322 [main] DEBUG org.apache.ibatis.datasource.pooled.PooledDataSource  - Checked out connection 297240765 from pool.
10:47:59,322 [main] DEBUG org.apache.ibatis.transaction.jdbc.JdbcTransaction  - Setting autocommit to false on JDBC Connection [conn4: url=jdbc:h2:mem:activiti user=SA]
10:47:59,322 [main] DEBUG org.activiti.engine.impl.persistence.entity.GroupEntity.selectGroup  - ==&gt;  Preparing: select * from ACT_ID_GROUP where ID_ = ? 
10:47:59,322 [main] DEBUG org.activiti.engine.impl.persistence.entity.GroupEntity.selectGroup  - ==&gt; Parameters: group2(String)
10:47:59,322 [main] DEBUG org.activiti.engine.impl.persistence.entity.GroupEntity.selectGroup  - &lt;==      Total: 1
10:47:59,322 [main] DEBUG org.activiti.engine.impl.db.DbSqlSession  -   bulk delete: deleteMembershipsByGroupId(group2)
10:47:59,322 [main] DEBUG org.activiti.engine.impl.db.DbSqlSession  -   delete org.activiti.engine.impl.persistence.entity.GroupEntity@306cd9b6
10:47:59,322 [main] DEBUG org.activiti.engine.impl.db.DbSqlSession  - flush summary: 0 insert, 0 update, 2 delete.
10:47:59,322 [main] DEBUG org.activiti.engine.impl.db.DbSqlSession  - now executing flush...
10:47:59,322 [main] DEBUG org.activiti.engine.impl.db.DbSqlSession  - executing: bulk delete: deleteMembershipsByGroupId(group2)
10:47:59,322 [main] DEBUG org.activiti.engine.impl.persistence.entity.MembershipRelation.deleteMembershipsByGroupId  - ==&gt;  Preparing: delete from ACT_ID_MEMBERSHIP where GROUP_ID_ = ? 
10:47:59,322 [main] DEBUG org.activiti.engine.impl.persistence.entity.MembershipRelation.deleteMembershipsByGroupId  - ==&gt; Parameters: group2(String)
10:47:59,322 [main] DEBUG org.activiti.engine.impl.persistence.entity.MembershipRelation.deleteMembershipsByGroupId  - &lt;==    Updates: 0
10:47:59,322 [main] DEBUG org.activiti.engine.impl.db.DbSqlSession  - executing: delete org.activiti.engine.impl.persistence.entity.GroupEntity@306cd9b6
10:47:59,322 [main] DEBUG org.activiti.engine.impl.persistence.entity.GroupEntity.deleteGroup  - ==&gt;  Preparing: delete from ACT_ID_GROUP where ID_ = ? and REV_ = ? 
10:47:59,322 [main] DEBUG org.activiti.engine.impl.persistence.entity.GroupEntity.deleteGroup  - ==&gt; Parameters: group2(String), 1(Integer)
10:47:59,322 [main] DEBUG org.activiti.engine.impl.persistence.entity.GroupEntity.deleteGroup  - &lt;==    Updates: 1
10:47:59,322 [main] DEBUG org.activiti.engine.impl.cfg.standalone.StandaloneMybatisTransactionContext  - firing event committing...
10:47:59,322 [main] DEBUG org.activiti.engine.impl.cfg.standalone.StandaloneMybatisTransactionContext  - committing the ibatis sql session...
10:47:59,322 [main] DEBUG org.apache.ibatis.transaction.jdbc.JdbcTransaction  - Committing JDBC Connection [conn4: url=jdbc:h2:mem:activiti user=SA]
10:47:59,322 [main] DEBUG org.activiti.engine.impl.cfg.standalone.StandaloneMybatisTransactionContext  - firing event committed...
10:47:59,322 [main] DEBUG org.apache.ibatis.transaction.jdbc.JdbcTransaction  - Resetting autocommit to true on JDBC Connection [conn4: url=jdbc:h2:mem:activiti user=SA]
10:47:59,322 [main] DEBUG org.apache.ibatis.transaction.jdbc.JdbcTransaction  - Closing JDBC Connection [conn4: url=jdbc:h2:mem:activiti user=SA]
10:47:59,322 [main] DEBUG org.apache.ibatis.datasource.pooled.PooledDataSource  - Returned connection 297240765 to pool.
10:47:59,322 [main] DEBUG org.activiti.engine.impl.interceptor.LogInterceptor  - --- DeleteGroupCmd finished --------------------------------------------------------
10:47:59,323 [main] DEBUG org.activiti.engine.impl.interceptor.LogInterceptor  - 

10:47:59,323 [main] DEBUG org.activiti.engine.impl.interceptor.LogInterceptor  - 

10:47:59,323 [main] DEBUG org.activiti.engine.impl.interceptor.LogInterceptor  - --- starting DeleteGroupCmd --------------------------------------------------------
10:47:59,323 [main] DEBUG org.apache.ibatis.transaction.jdbc.JdbcTransaction  - Opening JDBC Connection
10:47:59,323 [main] DEBUG org.apache.ibatis.datasource.pooled.PooledDataSource  - Checked out connection 486346394 from pool.
10:47:59,323 [main] DEBUG org.apache.ibatis.transaction.jdbc.JdbcTransaction  - Setting autocommit to false on JDBC Connection [conn6: url=jdbc:h2:mem:activiti user=SA]
10:47:59,323 [main] DEBUG org.activiti.engine.impl.persistence.entity.GroupEntity.selectGroup  - ==&gt;  Preparing: select * from ACT_ID_GROUP where ID_ = ? 
10:47:59,323 [main] DEBUG org.activiti.engine.impl.persistence.entity.GroupEntity.selectGroup  - ==&gt; Parameters: group3(String)
10:47:59,323 [main] DEBUG org.activiti.engine.impl.persistence.entity.GroupEntity.selectGroup  - &lt;==      Total: 1
10:47:59,323 [main] DEBUG org.activiti.engine.impl.db.DbSqlSession  -   bulk delete: deleteMembershipsByGroupId(group3)
10:47:59,323 [main] DEBUG org.activiti.engine.impl.db.DbSqlSession  -   delete org.activiti.engine.impl.persistence.entity.GroupEntity@6ff6735a
10:47:59,323 [main] DEBUG org.activiti.engine.impl.db.DbSqlSession  - flush summary: 0 insert, 0 update, 2 delete.
10:47:59,323 [main] DEBUG org.activiti.engine.impl.db.DbSqlSession  - now executing flush...
10:47:59,323 [main] DEBUG org.activiti.engine.impl.db.DbSqlSession  - executing: bulk delete: deleteMembershipsByGroupId(group3)
10:47:59,323 [main] DEBUG org.activiti.engine.impl.persistence.entity.MembershipRelation.deleteMembershipsByGroupId  - ==&gt;  Preparing: delete from ACT_ID_MEMBERSHIP where GROUP_ID_ = ? 
10:47:59,323 [main] DEBUG org.activiti.engine.impl.persistence.entity.MembershipRelation.deleteMembershipsByGroupId  - ==&gt; Parameters: group3(String)
10:47:59,323 [main] DEBUG org.activiti.engine.impl.persistence.entity.MembershipRelation.deleteMembershipsByGroupId  - &lt;==    Updates: 0
10:47:59,323 [main] DEBUG org.activiti.engine.impl.db.DbSqlSession  - executing: delete org.activiti.engine.impl.persistence.entity.GroupEntity@6ff6735a
10:47:59,323 [main] DEBUG org.activiti.engine.impl.persistence.entity.GroupEntity.deleteGroup  - ==&gt;  Preparing: delete from ACT_ID_GROUP where ID_ = ? and REV_ = ? 
10:47:59,323 [main] DEBUG org.activiti.engine.impl.persistence.entity.GroupEntity.deleteGroup  - ==&gt; Parameters: group3(String), 1(Integer)
10:47:59,323 [main] DEBUG org.activiti.engine.impl.persistence.entity.GroupEntity.deleteGroup  - &lt;==    Updates: 1
10:47:59,323 [main] DEBUG org.activiti.engine.impl.cfg.standalone.StandaloneMybatisTransactionContext  - firing event committing...
10:47:59,323 [main] DEBUG org.activiti.engine.impl.cfg.standalone.StandaloneMybatisTransactionContext  - committing the ibatis sql session...
10:47:59,323 [main] DEBUG org.apache.ibatis.transaction.jdbc.JdbcTransaction  - Committing JDBC Connection [conn6: url=jdbc:h2:mem:activiti user=SA]
10:47:59,323 [main] DEBUG org.activiti.engine.impl.cfg.standalone.StandaloneMybatisTransactionContext  - firing event committed...
10:47:59,323 [main] DEBUG org.apache.ibatis.transaction.jdbc.JdbcTransaction  - Resetting autocommit to true on JDBC Connection [conn6: url=jdbc:h2:mem:activiti user=SA]
10:47:59,323 [main] DEBUG org.apache.ibatis.transaction.jdbc.JdbcTransaction  - Closing JDBC Connection [conn6: url=jdbc:h2:mem:activiti user=SA]
10:47:59,323 [main] DEBUG org.apache.ibatis.datasource.pooled.PooledDataSource  - Returned connection 486346394 to pool.
10:47:59,323 [main] DEBUG org.activiti.engine.impl.interceptor.LogInterceptor  - --- DeleteGroupCmd finished --------------------------------------------------------
10:47:59,323 [main] DEBUG org.activiti.engine.impl.interceptor.LogInterceptor  - 

10:47:59,323 [main] DEBUG org.activiti.engine.impl.interceptor.LogInterceptor  - 

10:47:59,323 [main] DEBUG org.activiti.engine.impl.interceptor.LogInterceptor  - --- starting DeleteUserCmd --------------------------------------------------------
10:47:59,323 [main] DEBUG org.apache.ibatis.transaction.jdbc.JdbcTransaction  - Opening JDBC Connection
10:47:59,323 [main] DEBUG org.apache.ibatis.datasource.pooled.PooledDataSource  - Checked out connection 363509958 from pool.
10:47:59,323 [main] DEBUG org.apache.ibatis.transaction.jdbc.JdbcTransaction  - Setting autocommit to false on JDBC Connection [conn2: url=jdbc:h2:mem:activiti user=SA]
10:47:59,323 [main] DEBUG org.activiti.engine.impl.persistence.entity.UserEntity.selectUserById  - ==&gt;  Preparing: select * from ACT_ID_USER where ID_ = ? 
10:47:59,323 [main] DEBUG org.activiti.engine.impl.persistence.entity.UserEntity.selectUserById  - ==&gt; Parameters: userInGroup1(String)
10:47:59,323 [main] DEBUG org.activiti.engine.impl.persistence.entity.UserEntity.selectUserById  - &lt;==      Total: 1
10:47:59,323 [main] DEBUG org.activiti.engine.impl.persistence.entity.IdentityInfoEntity.selectIdentityInfoByUserId  - ==&gt;  Preparing: select * from ACT_ID_INFO where USER_ID_ = ? 
10:47:59,323 [main] DEBUG org.activiti.engine.impl.persistence.entity.IdentityInfoEntity.selectIdentityInfoByUserId  - ==&gt; Parameters: userInGroup1(String)
10:47:59,323 [main] DEBUG org.activiti.engine.impl.persistence.entity.IdentityInfoEntity.selectIdentityInfoByUserId  - &lt;==      Total: 0
10:47:59,323 [main] DEBUG org.activiti.engine.impl.db.DbSqlSession  -   bulk delete: deleteMembershipsByUserId(userInGroup1)
10:47:59,323 [main] DEBUG org.activiti.engine.impl.db.DbSqlSession  -   delete org.activiti.engine.impl.persistence.entity.UserEntity@4feadef9
10:47:59,323 [main] DEBUG org.activiti.engine.impl.db.DbSqlSession  - flush summary: 0 insert, 0 update, 2 delete.
10:47:59,323 [main] DEBUG org.activiti.engine.impl.db.DbSqlSession  - now executing flush...
10:47:59,323 [main] DEBUG org.activiti.engine.impl.db.DbSqlSession  - executing: bulk delete: deleteMembershipsByUserId(userInGroup1)
10:47:59,323 [main] DEBUG org.activiti.engine.impl.persistence.entity.MembershipRelation.deleteMembershipsByUserId  - ==&gt;  Preparing: delete from ACT_ID_MEMBERSHIP where USER_ID_ = ? 
10:47:59,323 [main] DEBUG org.activiti.engine.impl.persistence.entity.MembershipRelation.deleteMembershipsByUserId  - ==&gt; Parameters: userInGroup1(String)
10:47:59,323 [main] DEBUG org.activiti.engine.impl.persistence.entity.MembershipRelation.deleteMembershipsByUserId  - &lt;==    Updates: 0
10:47:59,323 [main] DEBUG org.activiti.engine.impl.db.DbSqlSession  - executing: delete org.activiti.engine.impl.persistence.entity.UserEntity@4feadef9
10:47:59,323 [main] DEBUG org.activiti.engine.impl.persistence.entity.UserEntity.deleteUser  - ==&gt;  Preparing: delete from ACT_ID_USER where ID_ = ? and REV_ = ? 
10:47:59,323 [main] DEBUG org.activiti.engine.impl.persistence.entity.UserEntity.deleteUser  - ==&gt; Parameters: userInGroup1(String), 1(Integer)
10:47:59,323 [main] DEBUG org.activiti.engine.impl.persistence.entity.UserEntity.deleteUser  - &lt;==    Updates: 1
10:47:59,324 [main] DEBUG org.activiti.engine.impl.cfg.standalone.StandaloneMybatisTransactionContext  - firing event committing...
10:47:59,324 [main] DEBUG org.activiti.engine.impl.cfg.standalone.StandaloneMybatisTransactionContext  - committing the ibatis sql session...
10:47:59,324 [main] DEBUG org.apache.ibatis.transaction.jdbc.JdbcTransaction  - Committing JDBC Connection [conn2: url=jdbc:h2:mem:activiti user=SA]
10:47:59,324 [main] DEBUG org.activiti.engine.impl.cfg.standalone.StandaloneMybatisTransactionContext  - firing event committed...
10:47:59,324 [main] DEBUG org.apache.ibatis.transaction.jdbc.JdbcTransaction  - Resetting autocommit to true on JDBC Connection [conn2: url=jdbc:h2:mem:activiti user=SA]
10:47:59,324 [main] DEBUG org.apache.ibatis.transaction.jdbc.JdbcTransaction  - Closing JDBC Connection [conn2: url=jdbc:h2:mem:activiti user=SA]
10:47:59,324 [main] DEBUG org.apache.ibatis.datasource.pooled.PooledDataSource  - Returned connection 363509958 to pool.
10:47:59,324 [main] DEBUG org.activiti.engine.impl.interceptor.LogInterceptor  - --- DeleteUserCmd finished --------------------------------------------------------
10:47:59,324 [main] DEBUG org.activiti.engine.impl.interceptor.LogInterceptor  - 

10:47:59,324 [main] DEBUG org.activiti.engine.impl.interceptor.LogInterceptor  - 

10:47:59,324 [main] DEBUG org.activiti.engine.impl.interceptor.LogInterceptor  - --- starting DeleteUserCmd --------------------------------------------------------
10:47:59,324 [main] DEBUG org.apache.ibatis.transaction.jdbc.JdbcTransaction  - Opening JDBC Connection
10:47:59,324 [main] DEBUG org.apache.ibatis.datasource.pooled.PooledDataSource  - Checked out connection 180014677 from pool.
10:47:59,324 [main] DEBUG org.apache.ibatis.transaction.jdbc.JdbcTransaction  - Setting autocommit to false on JDBC Connection [conn3: url=jdbc:h2:mem:activiti user=SA]
10:47:59,324 [main] DEBUG org.activiti.engine.impl.persistence.entity.UserEntity.selectUserById  - ==&gt;  Preparing: select * from ACT_ID_USER where ID_ = ? 
10:47:59,324 [main] DEBUG org.activiti.engine.impl.persistence.entity.UserEntity.selectUserById  - ==&gt; Parameters: userInGroup2(String)
10:47:59,324 [main] DEBUG org.activiti.engine.impl.persistence.entity.UserEntity.selectUserById  - &lt;==      Total: 1
10:47:59,324 [main] DEBUG org.activiti.engine.impl.persistence.entity.IdentityInfoEntity.selectIdentityInfoByUserId  - ==&gt;  Preparing: select * from ACT_ID_INFO where USER_ID_ = ? 
10:47:59,324 [main] DEBUG org.activiti.engine.impl.persistence.entity.IdentityInfoEntity.selectIdentityInfoByUserId  - ==&gt; Parameters: userInGroup2(String)
10:47:59,324 [main] DEBUG org.activiti.engine.impl.persistence.entity.IdentityInfoEntity.selectIdentityInfoByUserId  - &lt;==      Total: 0
10:47:59,324 [main] DEBUG org.activiti.engine.impl.db.DbSqlSession  -   bulk delete: deleteMembershipsByUserId(userInGroup2)
10:47:59,324 [main] DEBUG org.activiti.engine.impl.db.DbSqlSession  -   delete org.activiti.engine.impl.persistence.entity.UserEntity@591cb5ea
10:47:59,324 [main] DEBUG org.activiti.engine.impl.db.DbSqlSession  - flush summary: 0 insert, 0 update, 2 delete.
10:47:59,324 [main] DEBUG org.activiti.engine.impl.db.DbSqlSession  - now executing flush...
10:47:59,324 [main] DEBUG org.activiti.engine.impl.db.DbSqlSession  - executing: bulk delete: deleteMembershipsByUserId(userInGroup2)
10:47:59,324 [main] DEBUG org.activiti.engine.impl.persistence.entity.MembershipRelation.deleteMembershipsByUserId  - ==&gt;  Preparing: delete from ACT_ID_MEMBERSHIP where USER_ID_ = ? 
10:47:59,324 [main] DEBUG org.activiti.engine.impl.persistence.entity.MembershipRelation.deleteMembershipsByUserId  - ==&gt; Parameters: userInGroup2(String)
10:47:59,324 [main] DEBUG org.activiti.engine.impl.persistence.entity.MembershipRelation.deleteMembershipsByUserId  - &lt;==    Updates: 0
10:47:59,324 [main] DEBUG org.activiti.engine.impl.db.DbSqlSession  - executing: delete org.activiti.engine.impl.persistence.entity.UserEntity@591cb5ea
10:47:59,324 [main] DEBUG org.activiti.engine.impl.persistence.entity.UserEntity.deleteUser  - ==&gt;  Preparing: delete from ACT_ID_USER where ID_ = ? and REV_ = ? 
10:47:59,324 [main] DEBUG org.activiti.engine.impl.persistence.entity.UserEntity.deleteUser  - ==&gt; Parameters: userInGroup2(String), 1(Integer)
10:47:59,324 [main] DEBUG org.activiti.engine.impl.persistence.entity.UserEntity.deleteUser  - &lt;==    Updates: 1
10:47:59,324 [main] DEBUG org.activiti.engine.impl.cfg.standalone.StandaloneMybatisTransactionContext  - firing event committing...
10:47:59,324 [main] DEBUG org.activiti.engine.impl.cfg.standalone.StandaloneMybatisTransactionContext  - committing the ibatis sql session...
10:47:59,324 [main] DEBUG org.apache.ibatis.transaction.jdbc.JdbcTransaction  - Committing JDBC Connection [conn3: url=jdbc:h2:mem:activiti user=SA]
10:47:59,324 [main] DEBUG org.activiti.engine.impl.cfg.standalone.StandaloneMybatisTransactionContext  - firing event committed...
10:47:59,324 [main] DEBUG org.apache.ibatis.transaction.jdbc.JdbcTransaction  - Resetting autocommit to true on JDBC Connection [conn3: url=jdbc:h2:mem:activiti user=SA]
10:47:59,324 [main] DEBUG org.apache.ibatis.transaction.jdbc.JdbcTransaction  - Closing JDBC Connection [conn3: url=jdbc:h2:mem:activiti user=SA]
10:47:59,324 [main] DEBUG org.apache.ibatis.datasource.pooled.PooledDataSource  - Returned connection 180014677 to pool.
10:47:59,324 [main] DEBUG org.activiti.engine.impl.interceptor.LogInterceptor  - --- DeleteUserCmd finished --------------------------------------------------------
10:47:59,324 [main] DEBUG org.activiti.engine.impl.interceptor.LogInterceptor  - 

10:47:59,324 [main] DEBUG org.activiti.engine.impl.interceptor.LogInterceptor  - 

10:47:59,324 [main] DEBUG org.activiti.engine.impl.interceptor.LogInterceptor  - --- starting DeleteUserCmd --------------------------------------------------------
10:47:59,324 [main] DEBUG org.apache.ibatis.transaction.jdbc.JdbcTransaction  - Opening JDBC Connection
10:47:59,324 [main] DEBUG org.apache.ibatis.datasource.pooled.PooledDataSource  - Checked out connection 297240765 from pool.
10:47:59,324 [main] DEBUG org.apache.ibatis.transaction.jdbc.JdbcTransaction  - Setting autocommit to false on JDBC Connection [conn4: url=jdbc:h2:mem:activiti user=SA]
10:47:59,324 [main] DEBUG org.activiti.engine.impl.persistence.entity.UserEntity.selectUserById  - ==&gt;  Preparing: select * from ACT_ID_USER where ID_ = ? 
10:47:59,324 [main] DEBUG org.activiti.engine.impl.persistence.entity.UserEntity.selectUserById  - ==&gt; Parameters: userInGroup3(String)
10:47:59,324 [main] DEBUG org.activiti.engine.impl.persistence.entity.UserEntity.selectUserById  - &lt;==      Total: 1
10:47:59,324 [main] DEBUG org.activiti.engine.impl.persistence.entity.IdentityInfoEntity.selectIdentityInfoByUserId  - ==&gt;  Preparing: select * from ACT_ID_INFO where USER_ID_ = ? 
10:47:59,324 [main] DEBUG org.activiti.engine.impl.persistence.entity.IdentityInfoEntity.selectIdentityInfoByUserId  - ==&gt; Parameters: userInGroup3(String)
10:47:59,324 [main] DEBUG org.activiti.engine.impl.persistence.entity.IdentityInfoEntity.selectIdentityInfoByUserId  - &lt;==      Total: 0
10:47:59,324 [main] DEBUG org.activiti.engine.impl.db.DbSqlSession  -   bulk delete: deleteMembershipsByUserId(userInGroup3)
10:47:59,324 [main] DEBUG org.activiti.engine.impl.db.DbSqlSession  -   delete org.activiti.engine.impl.persistence.entity.UserEntity@f6b6616
10:47:59,324 [main] DEBUG org.activiti.engine.impl.db.DbSqlSession  - flush summary: 0 insert, 0 update, 2 delete.
10:47:59,325 [main] DEBUG org.activiti.engine.impl.db.DbSqlSession  - now executing flush...
10:47:59,325 [main] DEBUG org.activiti.engine.impl.db.DbSqlSession  - executing: bulk delete: deleteMembershipsByUserId(userInGroup3)
10:47:59,325 [main] DEBUG org.activiti.engine.impl.persistence.entity.MembershipRelation.deleteMembershipsByUserId  - ==&gt;  Preparing: delete from ACT_ID_MEMBERSHIP where USER_ID_ = ? 
10:47:59,325 [main] DEBUG org.activiti.engine.impl.persistence.entity.MembershipRelation.deleteMembershipsByUserId  - ==&gt; Parameters: userInGroup3(String)
10:47:59,325 [main] DEBUG org.activiti.engine.impl.persistence.entity.MembershipRelation.deleteMembershipsByUserId  - &lt;==    Updates: 0
10:47:59,325 [main] DEBUG org.activiti.engine.impl.db.DbSqlSession  - executing: delete org.activiti.engine.impl.persistence.entity.UserEntity@f6b6616
10:47:59,325 [main] DEBUG org.activiti.engine.impl.persistence.entity.UserEntity.deleteUser  - ==&gt;  Preparing: delete from ACT_ID_USER where ID_ = ? and REV_ = ? 
10:47:59,325 [main] DEBUG org.activiti.engine.impl.persistence.entity.UserEntity.deleteUser  - ==&gt; Parameters: userInGroup3(String), 1(Integer)
10:47:59,325 [main] DEBUG org.activiti.engine.impl.persistence.entity.UserEntity.deleteUser  - &lt;==    Updates: 1
10:47:59,325 [main] DEBUG org.activiti.engine.impl.cfg.standalone.StandaloneMybatisTransactionContext  - firing event committing...
10:47:59,325 [main] DEBUG org.activiti.engine.impl.cfg.standalone.StandaloneMybatisTransactionContext  - committing the ibatis sql session...
10:47:59,325 [main] DEBUG org.apache.ibatis.transaction.jdbc.JdbcTransaction  - Committing JDBC Connection [conn4: url=jdbc:h2:mem:activiti user=SA]
10:47:59,325 [main] DEBUG org.activiti.engine.impl.cfg.standalone.StandaloneMybatisTransactionContext  - firing event committed...
10:47:59,325 [main] DEBUG org.apache.ibatis.transaction.jdbc.JdbcTransaction  - Resetting autocommit to true on JDBC Connection [conn4: url=jdbc:h2:mem:activiti user=SA]
10:47:59,325 [main] DEBUG org.apache.ibatis.transaction.jdbc.JdbcTransaction  - Closing JDBC Connection [conn4: url=jdbc:h2:mem:activiti user=SA]
10:47:59,325 [main] DEBUG org.apache.ibatis.datasource.pooled.PooledDataSource  - Returned connection 297240765 to pool.
10:47:59,325 [main] DEBUG org.activiti.engine.impl.interceptor.LogInterceptor  - --- DeleteUserCmd finished --------------------------------------------------------
10:47:59,325 [main] DEBUG org.activiti.engine.impl.interceptor.LogInterceptor  - 

10:47:59,325 [main] DEBUG org.activiti.engine.impl.interceptor.LogInterceptor  - 

10:47:59,325 [main] DEBUG org.activiti.engine.impl.interceptor.LogInterceptor  - --- starting DeleteUserCmd --------------------------------------------------------
10:47:59,325 [main] DEBUG org.apache.ibatis.transaction.jdbc.JdbcTransaction  - Opening JDBC Connection
10:47:59,325 [main] DEBUG org.apache.ibatis.datasource.pooled.PooledDataSource  - Checked out connection 486346394 from pool.
10:47:59,325 [main] DEBUG org.apache.ibatis.transaction.jdbc.JdbcTransaction  - Setting autocommit to false on JDBC Connection [conn6: url=jdbc:h2:mem:activiti user=SA]
10:47:59,325 [main] DEBUG org.activiti.engine.impl.persistence.entity.UserEntity.selectUserById  - ==&gt;  Preparing: select * from ACT_ID_USER where ID_ = ? 
10:47:59,325 [main] DEBUG org.activiti.engine.impl.persistence.entity.UserEntity.selectUserById  - ==&gt; Parameters: user1(String)
10:47:59,325 [main] DEBUG org.activiti.engine.impl.persistence.entity.UserEntity.selectUserById  - &lt;==      Total: 1
10:47:59,325 [main] DEBUG org.activiti.engine.impl.persistence.entity.IdentityInfoEntity.selectIdentityInfoByUserId  - ==&gt;  Preparing: select * from ACT_ID_INFO where USER_ID_ = ? 
10:47:59,325 [main] DEBUG org.activiti.engine.impl.persistence.entity.IdentityInfoEntity.selectIdentityInfoByUserId  - ==&gt; Parameters: user1(String)
10:47:59,325 [main] DEBUG org.activiti.engine.impl.persistence.entity.IdentityInfoEntity.selectIdentityInfoByUserId  - &lt;==      Total: 0
10:47:59,325 [main] DEBUG org.activiti.engine.impl.db.DbSqlSession  -   bulk delete: deleteMembershipsByUserId(user1)
10:47:59,325 [main] DEBUG org.activiti.engine.impl.db.DbSqlSession  -   delete org.activiti.engine.impl.persistence.entity.UserEntity@53dba802
10:47:59,325 [main] DEBUG org.activiti.engine.impl.db.DbSqlSession  - flush summary: 0 insert, 0 update, 2 delete.
10:47:59,325 [main] DEBUG org.activiti.engine.impl.db.DbSqlSession  - now executing flush...
10:47:59,325 [main] DEBUG org.activiti.engine.impl.db.DbSqlSession  - executing: bulk delete: deleteMembershipsByUserId(user1)
10:47:59,325 [main] DEBUG org.activiti.engine.impl.persistence.entity.MembershipRelation.deleteMembershipsByUserId  - ==&gt;  Preparing: delete from ACT_ID_MEMBERSHIP where USER_ID_ = ? 
10:47:59,325 [main] DEBUG org.activiti.engine.impl.persistence.entity.MembershipRelation.deleteMembershipsByUserId  - ==&gt; Parameters: user1(String)
10:47:59,325 [main] DEBUG org.activiti.engine.impl.persistence.entity.MembershipRelation.deleteMembershipsByUserId  - &lt;==    Updates: 0
10:47:59,325 [main] DEBUG org.activiti.engine.impl.db.DbSqlSession  - executing: delete org.activiti.engine.impl.persistence.entity.UserEntity@53dba802
10:47:59,325 [main] DEBUG org.activiti.engine.impl.persistence.entity.UserEntity.deleteUser  - ==&gt;  Preparing: delete from ACT_ID_USER where ID_ = ? and REV_ = ? 
10:47:59,325 [main] DEBUG org.activiti.engine.impl.persistence.entity.UserEntity.deleteUser  - ==&gt; Parameters: user1(String), 1(Integer)
10:47:59,325 [main] DEBUG org.activiti.engine.impl.persistence.entity.UserEntity.deleteUser  - &lt;==    Updates: 1
10:47:59,325 [main] DEBUG org.activiti.engine.impl.cfg.standalone.StandaloneMybatisTransactionContext  - firing event committing...
10:47:59,325 [main] DEBUG org.activiti.engine.impl.cfg.standalone.StandaloneMybatisTransactionContext  - committing the ibatis sql session...
10:47:59,325 [main] DEBUG org.apache.ibatis.transaction.jdbc.JdbcTransaction  - Committing JDBC Connection [conn6: url=jdbc:h2:mem:activiti user=SA]
10:47:59,325 [main] DEBUG org.activiti.engine.impl.cfg.standalone.StandaloneMybatisTransactionContext  - firing event committed...
10:47:59,325 [main] DEBUG org.apache.ibatis.transaction.jdbc.JdbcTransaction  - Resetting autocommit to true on JDBC Connection [conn6: url=jdbc:h2:mem:activiti user=SA]
10:47:59,325 [main] DEBUG org.apache.ibatis.transaction.jdbc.JdbcTransaction  - Closing JDBC Connection [conn6: url=jdbc:h2:mem:activiti user=SA]
10:47:59,325 [main] DEBUG org.apache.ibatis.datasource.pooled.PooledDataSource  - Returned connection 486346394 to pool.
10:47:59,325 [main] DEBUG org.activiti.engine.impl.interceptor.LogInterceptor  - --- DeleteUserCmd finished --------------------------------------------------------
10:47:59,325 [main] DEBUG org.activiti.engine.impl.interceptor.LogInterceptor  - 

10:47:59,325 [main] DEBUG org.activiti.engine.impl.interceptor.LogInterceptor  - 

10:47:59,325 [main] DEBUG org.activiti.engine.impl.interceptor.LogInterceptor  - --- starting DeleteUserCmd --------------------------------------------------------
10:47:59,325 [main] DEBUG org.apache.ibatis.transaction.jdbc.JdbcTransaction  - Opening JDBC Connection
10:47:59,325 [main] DEBUG org.apache.ibatis.datasource.pooled.PooledDataSource  - Checked out connection 363509958 from pool.
10:47:59,325 [main] DEBUG org.apache.ibatis.transaction.jdbc.JdbcTransaction  - Setting autocommit to false on JDBC Connection [conn2: url=jdbc:h2:mem:activiti user=SA]
10:47:59,325 [main] DEBUG org.activiti.engine.impl.persistence.entity.UserEntity.selectUserById  - ==&gt;  Preparing: select * from ACT_ID_USER where ID_ = ? 
10:47:59,325 [main] DEBUG org.activiti.engine.impl.persistence.entity.UserEntity.selectUserById  - ==&gt; Parameters: user2(String)
10:47:59,326 [main] DEBUG org.activiti.engine.impl.persistence.entity.UserEntity.selectUserById  - &lt;==      Total: 1
10:47:59,326 [main] DEBUG org.activiti.engine.impl.persistence.entity.IdentityInfoEntity.selectIdentityInfoByUserId  - ==&gt;  Preparing: select * from ACT_ID_INFO where USER_ID_ = ? 
10:47:59,326 [main] DEBUG org.activiti.engine.impl.persistence.entity.IdentityInfoEntity.selectIdentityInfoByUserId  - ==&gt; Parameters: user2(String)
10:47:59,326 [main] DEBUG org.activiti.engine.impl.persistence.entity.IdentityInfoEntity.selectIdentityInfoByUserId  - &lt;==      Total: 0
10:47:59,326 [main] DEBUG org.activiti.engine.impl.db.DbSqlSession  -   bulk delete: deleteMembershipsByUserId(user2)
10:47:59,326 [main] DEBUG org.activiti.engine.impl.db.DbSqlSession  -   delete org.activiti.engine.impl.persistence.entity.UserEntity@4a5fb996
10:47:59,326 [main] DEBUG org.activiti.engine.impl.db.DbSqlSession  - flush summary: 0 insert, 0 update, 2 delete.
10:47:59,326 [main] DEBUG org.activiti.engine.impl.db.DbSqlSession  - now executing flush...
10:47:59,326 [main] DEBUG org.activiti.engine.impl.db.DbSqlSession  - executing: bulk delete: deleteMembershipsByUserId(user2)
10:47:59,326 [main] DEBUG org.activiti.engine.impl.persistence.entity.MembershipRelation.deleteMembershipsByUserId  - ==&gt;  Preparing: delete from ACT_ID_MEMBERSHIP where USER_ID_ = ? 
10:47:59,326 [main] DEBUG org.activiti.engine.impl.persistence.entity.MembershipRelation.deleteMembershipsByUserId  - ==&gt; Parameters: user2(String)
10:47:59,326 [main] DEBUG org.activiti.engine.impl.persistence.entity.MembershipRelation.deleteMembershipsByUserId  - &lt;==    Updates: 0
10:47:59,326 [main] DEBUG org.activiti.engine.impl.db.DbSqlSession  - executing: delete org.activiti.engine.impl.persistence.entity.UserEntity@4a5fb996
10:47:59,326 [main] DEBUG org.activiti.engine.impl.persistence.entity.UserEntity.deleteUser  - ==&gt;  Preparing: delete from ACT_ID_USER where ID_ = ? and REV_ = ? 
10:47:59,326 [main] DEBUG org.activiti.engine.impl.persistence.entity.UserEntity.deleteUser  - ==&gt; Parameters: user2(String), 1(Integer)
10:47:59,326 [main] DEBUG org.activiti.engine.impl.persistence.entity.UserEntity.deleteUser  - &lt;==    Updates: 1
10:47:59,326 [main] DEBUG org.activiti.engine.impl.cfg.standalone.StandaloneMybatisTransactionContext  - firing event committing...
10:47:59,326 [main] DEBUG org.activiti.engine.impl.cfg.standalone.StandaloneMybatisTransactionContext  - committing the ibatis sql session...
10:47:59,326 [main] DEBUG org.apache.ibatis.transaction.jdbc.JdbcTransaction  - Committing JDBC Connection [conn2: url=jdbc:h2:mem:activiti user=SA]
10:47:59,326 [main] DEBUG org.activiti.engine.impl.cfg.standalone.StandaloneMybatisTransactionContext  - firing event committed...
10:47:59,326 [main] DEBUG org.apache.ibatis.transaction.jdbc.JdbcTransaction  - Resetting autocommit to true on JDBC Connection [conn2: url=jdbc:h2:mem:activiti user=SA]
10:47:59,326 [main] DEBUG org.apache.ibatis.transaction.jdbc.JdbcTransaction  - Closing JDBC Connection [conn2: url=jdbc:h2:mem:activiti user=SA]
10:47:59,326 [main] DEBUG org.apache.ibatis.datasource.pooled.PooledDataSource  - Returned connection 363509958 to pool.
10:47:59,326 [main] DEBUG org.activiti.engine.impl.interceptor.LogInterceptor  - --- DeleteUserCmd finished --------------------------------------------------------
10:47:59,326 [main] DEBUG org.activiti.engine.impl.interceptor.LogInterceptor  - 

10:47:59,326 [main] DEBUG org.activiti.engine.impl.interceptor.LogInterceptor  - 

10:47:59,326 [main] DEBUG org.activiti.engine.impl.interceptor.LogInterceptor  - --- starting DeleteUserCmd --------------------------------------------------------
10:47:59,326 [main] DEBUG org.apache.ibatis.transaction.jdbc.JdbcTransaction  - Opening JDBC Connection
10:47:59,326 [main] DEBUG org.apache.ibatis.datasource.pooled.PooledDataSource  - Checked out connection 180014677 from pool.
10:47:59,326 [main] DEBUG org.apache.ibatis.transaction.jdbc.JdbcTransaction  - Setting autocommit to false on JDBC Connection [conn3: url=jdbc:h2:mem:activiti user=SA]
10:47:59,326 [main] DEBUG org.activiti.engine.impl.persistence.entity.UserEntity.selectUserById  - ==&gt;  Preparing: select * from ACT_ID_USER where ID_ = ? 
10:47:59,326 [main] DEBUG org.activiti.engine.impl.persistence.entity.UserEntity.selectUserById  - ==&gt; Parameters: user3(String)
10:47:59,326 [main] DEBUG org.activiti.engine.impl.persistence.entity.UserEntity.selectUserById  - &lt;==      Total: 1
10:47:59,326 [main] DEBUG org.activiti.engine.impl.persistence.entity.IdentityInfoEntity.selectIdentityInfoByUserId  - ==&gt;  Preparing: select * from ACT_ID_INFO where USER_ID_ = ? 
10:47:59,326 [main] DEBUG org.activiti.engine.impl.persistence.entity.IdentityInfoEntity.selectIdentityInfoByUserId  - ==&gt; Parameters: user3(String)
10:47:59,326 [main] DEBUG org.activiti.engine.impl.persistence.entity.IdentityInfoEntity.selectIdentityInfoByUserId  - &lt;==      Total: 0
10:47:59,326 [main] DEBUG org.activiti.engine.impl.db.DbSqlSession  -   bulk delete: deleteMembershipsByUserId(user3)
10:47:59,326 [main] DEBUG org.activiti.engine.impl.db.DbSqlSession  -   delete org.activiti.engine.impl.persistence.entity.UserEntity@76d0e6d2
10:47:59,326 [main] DEBUG org.activiti.engine.impl.db.DbSqlSession  - flush summary: 0 insert, 0 update, 2 delete.
10:47:59,326 [main] DEBUG org.activiti.engine.impl.db.DbSqlSession  - now executing flush...
10:47:59,326 [main] DEBUG org.activiti.engine.impl.db.DbSqlSession  - executing: bulk delete: deleteMembershipsByUserId(user3)
10:47:59,326 [main] DEBUG org.activiti.engine.impl.persistence.entity.MembershipRelation.deleteMembershipsByUserId  - ==&gt;  Preparing: delete from ACT_ID_MEMBERSHIP where USER_ID_ = ? 
10:47:59,326 [main] DEBUG org.activiti.engine.impl.persistence.entity.MembershipRelation.deleteMembershipsByUserId  - ==&gt; Parameters: user3(String)
10:47:59,326 [main] DEBUG org.activiti.engine.impl.persistence.entity.MembershipRelation.deleteMembershipsByUserId  - &lt;==    Updates: 0
10:47:59,326 [main] DEBUG org.activiti.engine.impl.db.DbSqlSession  - executing: delete org.activiti.engine.impl.persistence.entity.UserEntity@76d0e6d2
10:47:59,326 [main] DEBUG org.activiti.engine.impl.persistence.entity.UserEntity.deleteUser  - ==&gt;  Preparing: delete from ACT_ID_USER where ID_ = ? and REV_ = ? 
10:47:59,326 [main] DEBUG org.activiti.engine.impl.persistence.entity.UserEntity.deleteUser  - ==&gt; Parameters: user3(String), 1(Integer)
10:47:59,326 [main] DEBUG org.activiti.engine.impl.persistence.entity.UserEntity.deleteUser  - &lt;==    Updates: 1
10:47:59,326 [main] DEBUG org.activiti.engine.impl.cfg.standalone.StandaloneMybatisTransactionContext  - firing event committing...
10:47:59,326 [main] DEBUG org.activiti.engine.impl.cfg.standalone.StandaloneMybatisTransactionContext  - committing the ibatis sql session...
10:47:59,326 [main] DEBUG org.apache.ibatis.transaction.jdbc.JdbcTransaction  - Committing JDBC Connection [conn3: url=jdbc:h2:mem:activiti user=SA]
10:47:59,326 [main] DEBUG org.activiti.engine.impl.cfg.standalone.StandaloneMybatisTransactionContext  - firing event committed...
10:47:59,326 [main] DEBUG org.apache.ibatis.transaction.jdbc.JdbcTransaction  - Resetting autocommit to true on JDBC Connection [conn3: url=jdbc:h2:mem:activiti user=SA]
10:47:59,326 [main] DEBUG org.apache.ibatis.transaction.jdbc.JdbcTransaction  - Closing JDBC Connection [conn3: url=jdbc:h2:mem:activiti user=SA]
10:47:59,327 [main] DEBUG org.apache.ibatis.datasource.pooled.PooledDataSource  - Returned connection 180014677 to pool.
10:47:59,327 [main] DEBUG org.activiti.engine.impl.interceptor.LogInterceptor  - --- DeleteUserCmd finished --------------------------------------------------------
10:47:59,327 [main] DEBUG org.activiti.engine.impl.interceptor.LogInterceptor  - 

10:47:59,327 [main] ERROR org.activiti.engine.impl.test.PvmTestCase  - 

10:47:59,327 [main] ERROR org.activiti.engine.impl.test.PvmTestCase  - EXCEPTION: org.apache.ibatis.exceptions.PersistenceException: 
### Error querying database.  Cause: org.h2.jdbc.JdbcSQLException: Syntax error in SQL statement &quot;SELECT RES.* 
       
    FROM ACT_RE_PROCDEF RES
     
     WHERE  RES.KEY_ = ? 
   
     ORDER BY  ORDER[*] BY RES.ID_ ASC  
    LIMIT ? OFFSET ? &quot;; expected &quot;=, NOT, EXISTS, INTERSECTS, SELECT, FROM&quot;; SQL statement:
select RES.* 
       
    from ACT_RE_PROCDEF RES
     
     WHERE  RES.KEY_ = ? 
   
     order by  order by RES.ID_ asc  
    LIMIT ? OFFSET ? [42001-176]
### The error may exist in org/activiti/db/mapping/entity/ProcessDefinition.xml
### The error may involve org.activiti.engine.impl.persistence.entity.ProcessDefinitionEntity.selectProcessDefinitionsByQueryCriteria
### The error occurred while executing a query
### SQL: select RES.*              from ACT_RE_PROCDEF RES            WHERE  RES.KEY_ = ?           order by  order by RES.ID_ asc       LIMIT ? OFFSET ?
### Cause: org.h2.jdbc.JdbcSQLException: Syntax error in SQL statement &quot;SELECT RES.* 
       
    FROM ACT_RE_PROCDEF RES
     
     WHERE  RES.KEY_ = ? 
   
     ORDER BY  ORDER[*] BY RES.ID_ ASC  
    LIMIT ? OFFSET ? &quot;; expected &quot;=, NOT, EXISTS, INTERSECTS, SELECT, FROM&quot;; SQL statement:
select RES.* 
       
    from ACT_RE_PROCDEF RES
     
     WHERE  RES.KEY_ = ? 
   
     order by  order by RES.ID_ asc  
    LIMIT ? OFFSET ? [42001-176]
org.apache.ibatis.exceptions.PersistenceException: 
### Error querying database.  Cause: org.h2.jdbc.JdbcSQLException: Syntax error in SQL statement &quot;SELECT RES.* 
       
    FROM ACT_RE_PROCDEF RES
     
     WHERE  RES.KEY_ = ? 
   
     ORDER BY  ORDER[*] BY RES.ID_ ASC  
    LIMIT ? OFFSET ? &quot;; expected &quot;=, NOT, EXISTS, INTERSECTS, SELECT, FROM&quot;; SQL statement:
select RES.* 
       
    from ACT_RE_PROCDEF RES
     
     WHERE  RES.KEY_ = ? 
   
     order by  order by RES.ID_ asc  
    LIMIT ? OFFSET ? [42001-176]
### The error may exist in org/activiti/db/mapping/entity/ProcessDefinition.xml
### The error may involve org.activiti.engine.impl.persistence.entity.ProcessDefinitionEntity.selectProcessDefinitionsByQueryCriteria
### The error occurred while executing a query
### SQL: select RES.*              from ACT_RE_PROCDEF RES            WHERE  RES.KEY_ = ?           order by  order by RES.ID_ asc       LIMIT ? OFFSET ?
### Cause: org.h2.jdbc.JdbcSQLException: Syntax error in SQL statement &quot;SELECT RES.* 
       
    FROM ACT_RE_PROCDEF RES
     
     WHERE  RES.KEY_ = ? 
   
     ORDER BY  ORDER[*] BY RES.ID_ ASC  
    LIMIT ? OFFSET ? &quot;; expected &quot;=, NOT, EXISTS, INTERSECTS, SELECT, FROM&quot;; SQL statement:
select RES.* 
       
    from ACT_RE_PROCDEF RES
     
     WHERE  RES.KEY_ = ? 
   
     order by  order by RES.ID_ asc  
    LIMIT ? OFFSET ? [42001-176]
	at org.apache.ibatis.exceptions.ExceptionFactory.wrapException(ExceptionFactory.java:30)
	at org.apache.ibatis.session.defaults.DefaultSqlSession.selectList(DefaultSqlSession.java:122)
	at org.apache.ibatis.session.defaults.DefaultSqlSession.selectList(DefaultSqlSession.java:113)
	at org.activiti.engine.impl.db.DbSqlSession.selectListWithRawParameter(DbSqlSession.java:438)
	at org.activiti.engine.impl.db.DbSqlSession.selectList(DbSqlSession.java:429)
	at org.activiti.engine.impl.db.DbSqlSession.selectList(DbSqlSession.java:419)
	at org.activiti.engine.impl.persistence.entity.ProcessDefinitionEntityManager.findProcessDefinitionsByQueryCriteria(ProcessDefinitionEntityManager.java:57)
	at org.activiti.engine.impl.ProcessDefinitionQueryImpl.executeList(ProcessDefinitionQueryImpl.java:307)
	at org.activiti.engine.impl.AbstractQuery.executeSingleResult(AbstractQuery.java:183)
	at org.activiti.engine.impl.AbstractQuery.execute(AbstractQuery.java:166)
	at org.activiti.engine.impl.interceptor.CommandInvoker.execute(CommandInvoker.java:24)
	at org.activiti.engine.impl.interceptor.CommandContextInterceptor.execute(CommandContextInterceptor.java:57)
	at org.activiti.engine.impl.interceptor.LogInterceptor.execute(LogInterceptor.java:37)
	at org.activiti.engine.impl.cfg.CommandExecutorImpl.execute(CommandExecutorImpl.java:40)
	at org.activiti.engine.impl.cfg.CommandExecutorImpl.execute(CommandExecutorImpl.java:35)
	at org.activiti.engine.impl.AbstractQuery.singleResult(AbstractQuery.java:129)
	at org.activiti.examples.bpmn.authorization.StartAuthorizationTest.testProcessDefinitionList(StartAuthorizationTest.java:265)
	at sun.reflect.NativeMethodAccessorImpl.invoke0(Native Method)
	at sun.reflect.NativeMethodAccessorImpl.invoke(NativeMethodAccessorImpl.java:62)
	at sun.reflect.DelegatingMethodAccessorImpl.invoke(DelegatingMethodAccessorImpl.java:43)
	at java.lang.reflect.Method.invoke(Method.java:498)
	at junit.framework.TestCase.runTest(TestCase.java:176)
	at org.activiti.engine.impl.test.PvmTestCase.runTest(PvmTestCase.java:65)
	at junit.framework.TestCase.runBare(TestCase.java:141)
	at org.activiti.engine.impl.test.AbstractActivitiTestCase.runBare(AbstractActivitiTestCase.java:100)
	at junit.framework.TestResult$1.protect(TestResult.java:122)
	at junit.framework.TestResult.runProtected(TestResult.java:142)
	at junit.framework.TestResult.run(TestResult.java:125)
	at junit.framework.TestCase.run(TestCase.java:129)
	at junit.framework.TestSuite.runTest(TestSuite.java:255)
	at junit.framework.TestSuite.run(TestSuite.java:250)
	at org.junit.internal.runners.JUnit38ClassRunner.run(JUnit38ClassRunner.java:84)
	at org.apache.maven.surefire.junit4.JUnit4TestSet.execute(JUnit4TestSet.java:35)
	at org.apache.maven.surefire.junit4.JUnit4Provider.executeTestSet(JUnit4Provider.java:146)
	at org.apache.maven.surefire.junit4.JUnit4Provider.invoke(JUnit4Provider.java:97)
	at sun.reflect.NativeMethodAccessorImpl.invoke0(Native Method)
	at sun.reflect.NativeMethodAccessorImpl.invoke(NativeMethodAccessorImpl.java:62)
	at sun.reflect.DelegatingMethodAccessorImpl.invoke(DelegatingMethodAccessorImpl.java:43)
	at java.lang.reflect.Method.invoke(Method.java:498)
	at org.apache.maven.surefire.booter.ProviderFactory$ClassLoaderProxy.invoke(ProviderFactory.java:103)
	at com.sun.proxy.$Proxy0.invoke(Unknown Source)
	at org.apache.maven.surefire.booter.SurefireStarter.invokeProvider(SurefireStarter.java:145)
	at org.apache.maven.surefire.booter.SurefireStarter.runSuitesInProcess(SurefireStarter.java:87)
	at org.apache.maven.surefire.booter.ForkedBooter.main(ForkedBooter.java:69)
Caused by: org.h2.jdbc.JdbcSQLException: Syntax error in SQL statement &quot;SELECT RES.* 
       
    FROM ACT_RE_PROCDEF RES
     
     WHERE  RES.KEY_ = ? 
   
     ORDER BY  ORDER[*] BY RES.ID_ ASC  
    LIMIT ? OFFSET ? &quot;; expected &quot;=, NOT, EXISTS, INTERSECTS, SELECT, FROM&quot;; SQL statement:
select RES.* 
       
    from ACT_RE_PROCDEF RES
     
     WHERE  RES.KEY_ = ? 
   
     order by  order by RES.ID_ asc  
    LIMIT ? OFFSET ? [42001-176]
	at org.h2.message.DbException.getJdbcSQLException(DbException.java:344)
	at org.h2.message.DbException.getSyntaxError(DbException.java:204)
	at org.h2.command.Parser.getSyntaxError(Parser.java:524)
	at org.h2.command.Parser.readTerm(Parser.java:2688)
	at org.h2.command.Parser.readFactor(Parser.java:2244)
	at org.h2.command.Parser.readSum(Parser.java:2231)
	at org.h2.command.Parser.readConcat(Parser.java:2201)
	at org.h2.command.Parser.readCondition(Parser.java:2051)
	at org.h2.command.Parser.readAnd(Parser.java:2023)
	at org.h2.command.Parser.readExpression(Parser.java:2015)
	at org.h2.command.Parser.parseEndOfQuery(Parser.java:1726)
	at org.h2.command.Parser.parseSelectUnionExtension(Parser.java:1706)
	at org.h2.command.Parser.parseSelectUnion(Parser.java:1675)
	at org.h2.command.Parser.parseSelect(Parser.java:1662)
	at org.h2.command.Parser.parsePrepared(Parser.java:434)
	at org.h2.command.Parser.parse(Parser.java:306)
	at org.h2.command.Parser.parse(Parser.java:282)
	at org.h2.command.Parser.prepareCommand(Parser.java:243)
	at org.h2.engine.Session.prepareLocal(Session.java:442)
	at org.h2.engine.Session.prepareCommand(Session.java:384)
	at org.h2.jdbc.JdbcConnection.prepareCommand(JdbcConnection.java:1188)
	at org.h2.jdbc.JdbcPreparedStatement.&lt;init&gt;(JdbcPreparedStatement.java:73)
	at org.h2.jdbc.JdbcConnection.prepareStatement(JdbcConnection.java:276)
	at sun.reflect.GeneratedMethodAccessor6.invoke(Unknown Source)
	at sun.reflect.DelegatingMethodAccessorImpl.invoke(DelegatingMethodAccessorImpl.java:43)
	at java.lang.reflect.Method.invoke(Method.java:498)
	at org.apache.ibatis.datasource.pooled.PooledConnection.invoke(PooledConnection.java:245)
	at com.sun.proxy.$Proxy12.prepareStatement(Unknown Source)
	at sun.reflect.GeneratedMethodAccessor6.invoke(Unknown Source)
	at sun.reflect.DelegatingMethodAccessorImpl.invoke(DelegatingMethodAccessorImpl.java:43)
	at java.lang.reflect.Method.invoke(Method.java:498)
	at org.apache.ibatis.logging.jdbc.ConnectionLogger.invoke(ConnectionLogger.java:55)
	at com.sun.proxy.$Proxy12.prepareStatement(Unknown Source)
	at org.apache.ibatis.executor.statement.PreparedStatementHandler.instantiateStatement(PreparedStatementHandler.java:79)
	at org.apache.ibatis.executor.statement.BaseStatementHandler.prepare(BaseStatementHandler.java:88)
	at org.apache.ibatis.executor.statement.RoutingStatementHandler.prepare(RoutingStatementHandler.java:58)
	at org.apache.ibatis.executor.SimpleExecutor.prepareStatement(SimpleExecutor.java:76)
	at org.apache.ibatis.executor.SimpleExecutor.doQuery(SimpleExecutor.java:61)
	at org.apache.ibatis.executor.BaseExecutor.queryFromDatabase(BaseExecutor.java:303)
	at org.apache.ibatis.executor.BaseExecutor.query(BaseExecutor.java:154)
	at org.apache.ibatis.executor.CachingExecutor.query(CachingExecutor.java:102)
	at org.apache.ibatis.executor.CachingExecutor.query(CachingExecutor.java:82)
	at org.apache.ibatis.session.defaults.DefaultSqlSession.selectList(DefaultSqlSession.java:120)
	... 42 more
10:47:59,327 [main] DEBUG org.activiti.engine.impl.test.PvmTestCase  - #### END StartAuthorizationTest.testProcessDefinitionList #############################################################
10:47:59,327 [main] ERROR org.activiti.engine.impl.test.PvmTestCase  - 

10:47:59,327 [main] ERROR org.activiti.engine.impl.test.PvmTestCase  - EXCEPTION: org.apache.ibatis.exceptions.PersistenceException: 
### Error querying database.  Cause: org.h2.jdbc.JdbcSQLException: Syntax error in SQL statement &quot;SELECT RES.* 
       
    FROM ACT_RE_PROCDEF RES
     
     WHERE  RES.KEY_ = ? 
   
     ORDER BY  ORDER[*] BY RES.ID_ ASC  
    LIMIT ? OFFSET ? &quot;; expected &quot;=, NOT, EXISTS, INTERSECTS, SELECT, FROM&quot;; SQL statement:
select RES.* 
       
    from ACT_RE_PROCDEF RES
     
     WHERE  RES.KEY_ = ? 
   
     order by  order by RES.ID_ asc  
    LIMIT ? OFFSET ? [42001-176]
### The error may exist in org/activiti/db/mapping/entity/ProcessDefinition.xml
### The error may involve org.activiti.engine.impl.persistence.entity.ProcessDefinitionEntity.selectProcessDefinitionsByQueryCriteria
### The error occurred while executing a query
### SQL: select RES.*              from ACT_RE_PROCDEF RES            WHERE  RES.KEY_ = ?           order by  order by RES.ID_ asc       LIMIT ? OFFSET ?
### Cause: org.h2.jdbc.JdbcSQLException: Syntax error in SQL statement &quot;SELECT RES.* 
       
    FROM ACT_RE_PROCDEF RES
     
     WHERE  RES.KEY_ = ? 
   
     ORDER BY  ORDER[*] BY RES.ID_ ASC  
    LIMIT ? OFFSET ? &quot;; expected &quot;=, NOT, EXISTS, INTERSECTS, SELECT, FROM&quot;; SQL statement:
select RES.* 
       
    from ACT_RE_PROCDEF RES
     
     WHERE  RES.KEY_ = ? 
   
     order by  order by RES.ID_ asc  
    LIMIT ? OFFSET ? [42001-176]
org.apache.ibatis.exceptions.PersistenceException: 
### Error querying database.  Cause: org.h2.jdbc.JdbcSQLException: Syntax error in SQL statement &quot;SELECT RES.* 
       
    FROM ACT_RE_PROCDEF RES
     
     WHERE  RES.KEY_ = ? 
   
     ORDER BY  ORDER[*] BY RES.ID_ ASC  
    LIMIT ? OFFSET ? &quot;; expected &quot;=, NOT, EXISTS, INTERSECTS, SELECT, FROM&quot;; SQL statement:
select RES.* 
       
    from ACT_RE_PROCDEF RES
     
     WHERE  RES.KEY_ = ? 
   
     order by  order by RES.ID_ asc  
    LIMIT ? OFFSET ? [42001-176]
### The error may exist in org/activiti/db/mapping/entity/ProcessDefinition.xml
### The error may involve org.activiti.engine.impl.persistence.entity.ProcessDefinitionEntity.selectProcessDefinitionsByQueryCriteria
### The error occurred while executing a query
### SQL: select RES.*              from ACT_RE_PROCDEF RES            WHERE  RES.KEY_ = ?           order by  order by RES.ID_ asc       LIMIT ? OFFSET ?
### Cause: org.h2.jdbc.JdbcSQLException: Syntax error in SQL statement &quot;SELECT RES.* 
       
    FROM ACT_RE_PROCDEF RES
     
     WHERE  RES.KEY_ = ? 
   
     ORDER BY  ORDER[*] BY RES.ID_ ASC  
    LIMIT ? OFFSET ? &quot;; expected &quot;=, NOT, EXISTS, INTERSECTS, SELECT, FROM&quot;; SQL statement:
select RES.* 
       
    from ACT_RE_PROCDEF RES
     
     WHERE  RES.KEY_ = ? 
   
     order by  order by RES.ID_ asc  
    LIMIT ? OFFSET ? [42001-176]
	at org.apache.ibatis.exceptions.ExceptionFactory.wrapException(ExceptionFactory.java:30)
	at org.apache.ibatis.session.defaults.DefaultSqlSession.selectList(DefaultSqlSession.java:122)
	at org.apache.ibatis.session.defaults.DefaultSqlSession.selectList(DefaultSqlSession.java:113)
	at org.activiti.engine.impl.db.DbSqlSession.selectListWithRawParameter(DbSqlSession.java:438)
	at org.activiti.engine.impl.db.DbSqlSession.selectList(DbSqlSession.java:429)
	at org.activiti.engine.impl.db.DbSqlSession.selectList(DbSqlSession.java:419)
	at org.activiti.engine.impl.persistence.entity.ProcessDefinitionEntityManager.findProcessDefinitionsByQueryCriteria(ProcessDefinitionEntityManager.java:57)
	at org.activiti.engine.impl.ProcessDefinitionQueryImpl.executeList(ProcessDefinitionQueryImpl.java:307)
	at org.activiti.engine.impl.AbstractQuery.executeSingleResult(AbstractQuery.java:183)
	at org.activiti.engine.impl.AbstractQuery.execute(AbstractQuery.java:166)
	at org.activiti.engine.impl.interceptor.CommandInvoker.execute(CommandInvoker.java:24)
	at org.activiti.engine.impl.interceptor.CommandContextInterceptor.execute(CommandContextInterceptor.java:57)
	at org.activiti.engine.impl.interceptor.LogInterceptor.execute(LogInterceptor.java:37)
	at org.activiti.engine.impl.cfg.CommandExecutorImpl.execute(CommandExecutorImpl.java:40)
	at org.activiti.engine.impl.cfg.CommandExecutorImpl.execute(CommandExecutorImpl.java:35)
	at org.activiti.engine.impl.AbstractQuery.singleResult(AbstractQuery.java:129)
	at org.activiti.examples.bpmn.authorization.StartAuthorizationTest.testProcessDefinitionList(StartAuthorizationTest.java:265)
	at sun.reflect.NativeMethodAccessorImpl.invoke0(Native Method)
	at sun.reflect.NativeMethodAccessorImpl.invoke(NativeMethodAccessorImpl.java:62)
	at sun.reflect.DelegatingMethodAccessorImpl.invoke(DelegatingMethodAccessorImpl.java:43)
	at java.lang.reflect.Method.invoke(Method.java:498)
	at junit.framework.TestCase.runTest(TestCase.java:176)
	at org.activiti.engine.impl.test.PvmTestCase.runTest(PvmTestCase.java:65)
	at junit.framework.TestCase.runBare(TestCase.java:141)
	at org.activiti.engine.impl.test.AbstractActivitiTestCase.runBare(AbstractActivitiTestCase.java:100)
	at junit.framework.TestResult$1.protect(TestResult.java:122)
	at junit.framework.TestResult.runProtected(TestResult.java:142)
	at junit.framework.TestResult.run(TestResult.java:125)
	at junit.framework.TestCase.run(TestCase.java:129)
	at junit.framework.TestSuite.runTest(TestSuite.java:255)
	at junit.framework.TestSuite.run(TestSuite.java:250)
	at org.junit.internal.runners.JUnit38ClassRunner.run(JUnit38ClassRunner.java:84)
	at org.apache.maven.surefire.junit4.JUnit4TestSet.execute(JUnit4TestSet.java:35)
	at org.apache.maven.surefire.junit4.JUnit4Provider.executeTestSet(JUnit4Provider.java:146)
	at org.apache.maven.surefire.junit4.JUnit4Provider.invoke(JUnit4Provider.java:97)
	at sun.reflect.NativeMethodAccessorImpl.invoke0(Native Method)
	at sun.reflect.NativeMethodAccessorImpl.invoke(NativeMethodAccessorImpl.java:62)
	at sun.reflect.DelegatingMethodAccessorImpl.invoke(DelegatingMethodAccessorImpl.java:43)
	at java.lang.reflect.Method.invoke(Method.java:498)
	at org.apache.maven.surefire.booter.ProviderFactory$ClassLoaderProxy.invoke(ProviderFactory.java:103)
	at com.sun.proxy.$Proxy0.invoke(Unknown Source)
	at org.apache.maven.surefire.booter.SurefireStarter.invokeProvider(SurefireStarter.java:145)
	at org.apache.maven.surefire.booter.SurefireStarter.runSuitesInProcess(SurefireStarter.java:87)
	at org.apache.maven.surefire.booter.ForkedBooter.main(ForkedBooter.java:69)
Caused by: org.h2.jdbc.JdbcSQLException: Syntax error in SQL statement &quot;SELECT RES.* 
       
    FROM ACT_RE_PROCDEF RES
     
     WHERE  RES.KEY_ = ? 
   
     ORDER BY  ORDER[*] BY RES.ID_ ASC  
    LIMIT ? OFFSET ? &quot;; expected &quot;=, NOT, EXISTS, INTERSECTS, SELECT, FROM&quot;; SQL statement:
select RES.* 
       
    from ACT_RE_PROCDEF RES
     
     WHERE  RES.KEY_ = ? 
   
     order by  order by RES.ID_ asc  
    LIMIT ? OFFSET ? [42001-176]
	at org.h2.message.DbException.getJdbcSQLException(DbException.java:344)
	at org.h2.message.DbException.getSyntaxError(DbException.java:204)
	at org.h2.command.Parser.getSyntaxError(Parser.java:524)
	at org.h2.command.Parser.readTerm(Parser.java:2688)
	at org.h2.command.Parser.readFactor(Parser.java:2244)
	at org.h2.command.Parser.readSum(Parser.java:2231)
	at org.h2.command.Parser.readConcat(Parser.java:2201)
	at org.h2.command.Parser.readCondition(Parser.java:2051)
	at org.h2.command.Parser.readAnd(Parser.java:2023)
	at org.h2.command.Parser.readExpression(Parser.java:2015)
	at org.h2.command.Parser.parseEndOfQuery(Parser.java:1726)
	at org.h2.command.Parser.parseSelectUnionExtension(Parser.java:1706)
	at org.h2.command.Parser.parseSelectUnion(Parser.java:1675)
	at org.h2.command.Parser.parseSelect(Parser.java:1662)
	at org.h2.command.Parser.parsePrepared(Parser.java:434)
	at org.h2.command.Parser.parse(Parser.java:306)
	at org.h2.command.Parser.parse(Parser.java:282)
	at org.h2.command.Parser.prepareCommand(Parser.java:243)
	at org.h2.engine.Session.prepareLocal(Session.java:442)
	at org.h2.engine.Session.prepareCommand(Session.java:384)
	at org.h2.jdbc.JdbcConnection.prepareCommand(JdbcConnection.java:1188)
	at org.h2.jdbc.JdbcPreparedStatement.&lt;init&gt;(JdbcPreparedStatement.java:73)
	at org.h2.jdbc.JdbcConnection.prepareStatement(JdbcConnection.java:276)
	at sun.reflect.GeneratedMethodAccessor6.invoke(Unknown Source)
	at sun.reflect.DelegatingMethodAccessorImpl.invoke(DelegatingMethodAccessorImpl.java:43)
	at java.lang.reflect.Method.invoke(Method.java:498)
	at org.apache.ibatis.datasource.pooled.PooledConnection.invoke(PooledConnection.java:245)
	at com.sun.proxy.$Proxy12.prepareStatement(Unknown Source)
	at sun.reflect.GeneratedMethodAccessor6.invoke(Unknown Source)
	at sun.reflect.DelegatingMethodAccessorImpl.invoke(DelegatingMethodAccessorImpl.java:43)
	at java.lang.reflect.Method.invoke(Method.java:498)
	at org.apache.ibatis.logging.jdbc.ConnectionLogger.invoke(ConnectionLogger.java:55)
	at com.sun.proxy.$Proxy12.prepareStatement(Unknown Source)
	at org.apache.ibatis.executor.statement.PreparedStatementHandler.instantiateStatement(PreparedStatementHandler.java:79)
	at org.apache.ibatis.executor.statement.BaseStatementHandler.prepare(BaseStatementHandler.java:88)
	at org.apache.ibatis.executor.statement.RoutingStatementHandler.prepare(RoutingStatementHandler.java:58)
	at org.apache.ibatis.executor.SimpleExecutor.prepareStatement(SimpleExecutor.java:76)
	at org.apache.ibatis.executor.SimpleExecutor.doQuery(SimpleExecutor.java:61)
	at org.apache.ibatis.executor.BaseExecutor.queryFromDatabase(BaseExecutor.java:303)
	at org.apache.ibatis.executor.BaseExecutor.query(BaseExecutor.java:154)
	at org.apache.ibatis.executor.CachingExecutor.query(CachingExecutor.java:102)
	at org.apache.ibatis.executor.CachingExecutor.query(CachingExecutor.java:82)
	at org.apache.ibatis.session.defaults.DefaultSqlSession.selectList(DefaultSqlSession.java:120)
	... 42 more
10:47:59,327 [main] DEBUG org.activiti.engine.impl.test.TestHelper  - annotation @Deployment deletes deployment for StartAuthorizationTest.testProcessDefinitionList
10:47:59,327 [main] DEBUG org.activiti.engine.impl.interceptor.LogInterceptor  - 

10:47:59,327 [main] DEBUG org.activiti.engine.impl.interceptor.LogInterceptor  - --- starting DeleteDeploymentCmd --------------------------------------------------------
10:47:59,327 [main] DEBUG org.apache.ibatis.transaction.jdbc.JdbcTransaction  - Opening JDBC Connection
10:47:59,327 [main] DEBUG org.apache.ibatis.datasource.pooled.PooledDataSource  - Checked out connection 297240765 from pool.
10:47:59,327 [main] DEBUG org.apache.ibatis.transaction.jdbc.JdbcTransaction  - Setting autocommit to false on JDBC Connection [conn4: url=jdbc:h2:mem:activiti user=SA]
10:47:59,327 [main] DEBUG org.activiti.engine.impl.persistence.entity.DeploymentEntity.selectDeploymentById  - ==&gt;  Preparing: select * from ACT_RE_DEPLOYMENT where ID_ = ? 
10:47:59,327 [main] DEBUG org.activiti.engine.impl.persistence.entity.DeploymentEntity.selectDeploymentById  - ==&gt; Parameters: 1378(String)
10:47:59,327 [main] DEBUG org.activiti.engine.impl.persistence.entity.DeploymentEntity.selectDeploymentById  - &lt;==      Total: 1
10:47:59,327 [main] DEBUG org.activiti.engine.impl.persistence.entity.ProcessDefinitionEntity.selectProcessDefinitionsByQueryCriteria  - ==&gt;  Preparing: select RES.* from ACT_RE_PROCDEF RES WHERE RES.DEPLOYMENT_ID_ = ? order by order by RES.ID_ asc LIMIT ? OFFSET ? 
10:47:59,327 [main] DEBUG org.activiti.engine.impl.interceptor.CommandContext  - Error while closing command context
org.apache.ibatis.exceptions.PersistenceException: 
### Error querying database.  Cause: org.h2.jdbc.JdbcSQLException: Syntax error in SQL statement &quot;SELECT RES.* 
       
    FROM ACT_RE_PROCDEF RES
     
     WHERE  RES.DEPLOYMENT_ID_ = ? 
   
     ORDER BY  ORDER[*] BY RES.ID_ ASC  
    LIMIT ? OFFSET ? &quot;; expected &quot;=, NOT, EXISTS, INTERSECTS, SELECT, FROM&quot;; SQL statement:
select RES.* 
       
    from ACT_RE_PROCDEF RES
     
     WHERE  RES.DEPLOYMENT_ID_ = ? 
   
     order by  order by RES.ID_ asc  
    LIMIT ? OFFSET ? [42001-176]
### The error may exist in org/activiti/db/mapping/entity/ProcessDefinition.xml
### The error may involve org.activiti.engine.impl.persistence.entity.ProcessDefinitionEntity.selectProcessDefinitionsByQueryCriteria
### The error occurred while executing a query
### SQL: select RES.*              from ACT_RE_PROCDEF RES            WHERE  RES.DEPLOYMENT_ID_ = ?           order by  order by RES.ID_ asc       LIMIT ? OFFSET ?
### Cause: org.h2.jdbc.JdbcSQLException: Syntax error in SQL statement &quot;SELECT RES.* 
       
    FROM ACT_RE_PROCDEF RES
     
     WHERE  RES.DEPLOYMENT_ID_ = ? 
   
     ORDER BY  ORDER[*] BY RES.ID_ ASC  
    LIMIT ? OFFSET ? &quot;; expected &quot;=, NOT, EXISTS, INTERSECTS, SELECT, FROM&quot;; SQL statement:
select RES.* 
       
    from ACT_RE_PROCDEF RES
     
     WHERE  RES.DEPLOYMENT_ID_ = ? 
   
     order by  order by RES.ID_ asc  
    LIMIT ? OFFSET ? [42001-176]
	at org.apache.ibatis.exceptions.ExceptionFactory.wrapException(ExceptionFactory.java:30)
	at org.apache.ibatis.session.defaults.DefaultSqlSession.selectList(DefaultSqlSession.java:122)
	at org.apache.ibatis.session.defaults.DefaultSqlSession.selectList(DefaultSqlSession.java:113)
	at org.activiti.engine.impl.db.DbSqlSession.selectListWithRawParameter(DbSqlSession.java:438)
	at org.activiti.engine.impl.db.DbSqlSession.selectList(DbSqlSession.java:429)
	at org.activiti.engine.impl.db.DbSqlSession.selectList(DbSqlSession.java:419)
	at org.activiti.engine.impl.persistence.entity.ProcessDefinitionEntityManager.findProcessDefinitionsByQueryCriteria(ProcessDefinitionEntityManager.java:57)
	at org.activiti.engine.impl.ProcessDefinitionQueryImpl.executeList(ProcessDefinitionQueryImpl.java:307)
	at org.activiti.engine.impl.AbstractQuery.list(AbstractQuery.java:140)
	at org.activiti.engine.impl.persistence.deploy.DeploymentManager.removeDeployment(DeploymentManager.java:187)
	at org.activiti.engine.impl.cmd.DeleteDeploymentCmd.execute(DeleteDeploymentCmd.java:44)
	at org.activiti.engine.impl.cmd.DeleteDeploymentCmd.execute(DeleteDeploymentCmd.java:24)
	at org.activiti.engine.impl.interceptor.CommandInvoker.execute(CommandInvoker.java:24)
	at org.activiti.engine.impl.interceptor.CommandContextInterceptor.execute(CommandContextInterceptor.java:57)
	at org.activiti.engine.impl.interceptor.LogInterceptor.execute(LogInterceptor.java:37)
	at org.activiti.engine.impl.cfg.CommandExecutorImpl.execute(CommandExecutorImpl.java:40)
	at org.activiti.engine.impl.cfg.CommandExecutorImpl.execute(CommandExecutorImpl.java:35)
	at org.activiti.engine.impl.RepositoryServiceImpl.deleteDeployment(RepositoryServiceImpl.java:90)
	at org.activiti.engine.impl.test.TestHelper.annotationDeploymentTearDown(TestHelper.java:116)
	at org.activiti.engine.impl.test.AbstractActivitiTestCase.runBare(AbstractActivitiTestCase.java:116)
	at junit.framework.TestResult$1.protect(TestResult.java:122)
	at junit.framework.TestResult.runProtected(TestResult.java:142)
	at junit.framework.TestResult.run(TestResult.java:125)
	at junit.framework.TestCase.run(TestCase.java:129)
	at junit.framework.TestSuite.runTest(TestSuite.java:255)
	at junit.framework.TestSuite.run(TestSuite.java:250)
	at org.junit.internal.runners.JUnit38ClassRunner.run(JUnit38ClassRunner.java:84)
	at org.apache.maven.surefire.junit4.JUnit4TestSet.execute(JUnit4TestSet.java:35)
	at org.apache.maven.surefire.junit4.JUnit4Provider.executeTestSet(JUnit4Provider.java:146)
	at org.apache.maven.surefire.junit4.JUnit4Provider.invoke(JUnit4Provider.java:97)
	at sun.reflect.NativeMethodAccessorImpl.invoke0(Native Method)
	at sun.reflect.NativeMethodAccessorImpl.invoke(NativeMethodAccessorImpl.java:62)
	at sun.reflect.DelegatingMethodAccessorImpl.invoke(DelegatingMethodAccessorImpl.java:43)
	at java.lang.reflect.Method.invoke(Method.java:498)
	at org.apache.maven.surefire.booter.ProviderFactory$ClassLoaderProxy.invoke(ProviderFactory.java:103)
	at com.sun.proxy.$Proxy0.invoke(Unknown Source)
	at org.apache.maven.surefire.booter.SurefireStarter.invokeProvider(SurefireStarter.java:145)
	at org.apache.maven.surefire.booter.SurefireStarter.runSuitesInProcess(SurefireStarter.java:87)
	at org.apache.maven.surefire.booter.ForkedBooter.main(ForkedBooter.java:69)
Caused by: org.h2.jdbc.JdbcSQLException: Syntax error in SQL statement &quot;SELECT RES.* 
       
    FROM ACT_RE_PROCDEF RES
     
     WHERE  RES.DEPLOYMENT_ID_ = ? 
   
     ORDER BY  ORDER[*] BY RES.ID_ ASC  
    LIMIT ? OFFSET ? &quot;; expected &quot;=, NOT, EXISTS, INTERSECTS, SELECT, FROM&quot;; SQL statement:
select RES.* 
       
    from ACT_RE_PROCDEF RES
     
     WHERE  RES.DEPLOYMENT_ID_ = ? 
   
     order by  order by RES.ID_ asc  
    LIMIT ? OFFSET ? [42001-176]
	at org.h2.message.DbException.getJdbcSQLException(DbException.java:344)
	at org.h2.message.DbException.getSyntaxError(DbException.java:204)
	at org.h2.command.Parser.getSyntaxError(Parser.java:524)
	at org.h2.command.Parser.readTerm(Parser.java:2688)
	at org.h2.command.Parser.readFactor(Parser.java:2244)
	at org.h2.command.Parser.readSum(Parser.java:2231)
	at org.h2.command.Parser.readConcat(Parser.java:2201)
	at org.h2.command.Parser.readCondition(Parser.java:2051)
	at org.h2.command.Parser.readAnd(Parser.java:2023)
	at org.h2.command.Parser.readExpression(Parser.java:2015)
	at org.h2.command.Parser.parseEndOfQuery(Parser.java:1726)
	at org.h2.command.Parser.parseSelectUnionExtension(Parser.java:1706)
	at org.h2.command.Parser.parseSelectUnion(Parser.java:1675)
	at org.h2.command.Parser.parseSelect(Parser.java:1662)
	at org.h2.command.Parser.parsePrepared(Parser.java:434)
	at org.h2.command.Parser.parse(Parser.java:306)
	at org.h2.command.Parser.parse(Parser.java:282)
	at org.h2.command.Parser.prepareCommand(Parser.java:243)
	at org.h2.engine.Session.prepareLocal(Session.java:442)
	at org.h2.engine.Session.prepareCommand(Session.java:384)
	at org.h2.jdbc.JdbcConnection.prepareCommand(JdbcConnection.java:1188)
	at org.h2.jdbc.JdbcPreparedStatement.&lt;init&gt;(JdbcPreparedStatement.java:73)
	at org.h2.jdbc.JdbcConnection.prepareStatement(JdbcConnection.java:276)
	at sun.reflect.GeneratedMethodAccessor6.invoke(Unknown Source)
	at sun.reflect.DelegatingMethodAccessorImpl.invoke(DelegatingMethodAccessorImpl.java:43)
	at java.lang.reflect.Method.invoke(Method.java:498)
	at org.apache.ibatis.datasource.pooled.PooledConnection.invoke(PooledConnection.java:245)
	at com.sun.proxy.$Proxy12.prepareStatement(Unknown Source)
	at sun.reflect.GeneratedMethodAccessor6.invoke(Unknown Source)
	at sun.reflect.DelegatingMethodAccessorImpl.invoke(DelegatingMethodAccessorImpl.java:43)
	at java.lang.reflect.Method.invoke(Method.java:498)
	at org.apache.ibatis.logging.jdbc.ConnectionLogger.invoke(ConnectionLogger.java:55)
	at com.sun.proxy.$Proxy12.prepareStatement(Unknown Source)
	at org.apache.ibatis.executor.statement.PreparedStatementHandler.instantiateStatement(PreparedStatementHandler.java:79)
	at org.apache.ibatis.executor.statement.BaseStatementHandler.prepare(BaseStatementHandler.java:88)
	at org.apache.ibatis.executor.statement.RoutingStatementHandler.prepare(RoutingStatementHandler.java:58)
	at org.apache.ibatis.executor.SimpleExecutor.prepareStatement(SimpleExecutor.java:76)
	at org.apache.ibatis.executor.SimpleExecutor.doQuery(SimpleExecutor.java:61)
	at org.apache.ibatis.executor.BaseExecutor.queryFromDatabase(BaseExecutor.java:303)
	at org.apache.ibatis.executor.BaseExecutor.query(BaseExecutor.java:154)
	at org.apache.ibatis.executor.CachingExecutor.query(CachingExecutor.java:102)
	at org.apache.ibatis.executor.CachingExecutor.query(CachingExecutor.java:82)
	at org.apache.ibatis.session.defaults.DefaultSqlSession.selectList(DefaultSqlSession.java:120)
	... 37 more
10:47:59,327 [main] DEBUG org.activiti.engine.impl.cfg.standalone.StandaloneMybatisTransactionContext  - firing event rolling back...
10:47:59,327 [main] DEBUG org.activiti.engine.impl.cfg.standalone.StandaloneMybatisTransactionContext  - rolling back ibatis sql session...
10:47:59,327 [main] DEBUG org.activiti.engine.impl.cfg.standalone.StandaloneMybatisTransactionContext  - firing event rolled back...
10:47:59,327 [main] DEBUG org.apache.ibatis.transaction.jdbc.JdbcTransaction  - Resetting autocommit to true on JDBC Connection [conn4: url=jdbc:h2:mem:activiti user=SA]
10:47:59,327 [main] DEBUG org.apache.ibatis.transaction.jdbc.JdbcTransaction  - Closing JDBC Connection [conn4: url=jdbc:h2:mem:activiti user=SA]
10:47:59,327 [main] DEBUG org.apache.ibatis.datasource.pooled.PooledDataSource  - Returned connection 297240765 to pool.
10:47:59,327 [main] DEBUG org.activiti.engine.impl.interceptor.LogInterceptor  - --- DeleteDeploymentCmd finished --------------------------------------------------------
10:47:59,327 [main] DEBUG org.activiti.engine.impl.interceptor.LogInterceptor  - 

</system-out>
  </testcase>
</testsuite>