<?xml version="1.0" encoding="UTF-8" ?>
<testsuite tests="1" failures="1" name="org.activiti.standalone.event.EngineEventsTest" time="0.248" errors="0" skipped="0">
  <properties>
    <property name="idea.version" value="2022.3.1"/>
    <property name="java.runtime.name" value="Java(TM) SE Runtime Environment"/>
    <property name="sun.boot.library.path" value="C:\Program Files\Java\jdk1.8.0_351\jre\bin"/>
    <property name="java.vm.version" value="25.351-b10"/>
    <property name="java.vm.vendor" value="Oracle Corporation"/>
    <property name="java.vendor.url" value="http://java.oracle.com/"/>
    <property name="path.separator" value=";"/>
    <property name="java.vm.name" value="Java HotSpot(TM) 64-Bit Server VM"/>
    <property name="file.encoding.pkg" value="sun.io"/>
    <property name="user.script" value=""/>
    <property name="user.country" value="CN"/>
    <property name="sun.java.launcher" value="SUN_STANDARD"/>
    <property name="sun.os.patch.level" value=""/>
    <property name="java.vm.specification.name" value="Java Virtual Machine Specification"/>
    <property name="user.dir" value="D:\xinchuang\activiti-engine-5.19.0.2"/>
    <property name="java.runtime.version" value="1.8.0_351-b10"/>
    <property name="java.awt.graphicsenv" value="sun.awt.Win32GraphicsEnvironment"/>
    <property name="basedir" value="D:\xinchuang\activiti-engine-5.19.0.2"/>
    <property name="java.endorsed.dirs" value="C:\Program Files\Java\jdk1.8.0_351\jre\lib\endorsed"/>
    <property name="os.arch" value="amd64"/>
    <property name="surefire.real.class.path" value="D:\xinchuang\activiti-engine-5.19.0.2\target\surefire\surefirebooter2972839343429811619.jar"/>
    <property name="java.io.tmpdir" value="C:\Users\ryan\AppData\Local\Temp\"/>
    <property name="line.separator" value="
"/>
    <property name="java.vm.specification.vendor" value="Oracle Corporation"/>
    <property name="user.variant" value=""/>
    <property name="os.name" value="Windows 11"/>
    <property name="sun.jnu.encoding" value="GBK"/>
    <property name="java.library.path" value="C:\Program Files\Java\jdk1.8.0_351\jre\bin;C:\WINDOWS\Sun\Java\bin;C:\WINDOWS\system32;C:\WINDOWS;C:\Program Files (x86)\Common Files\Oracle\Java\javapath;D:\Program Files (x86)\VMware\VMware Workstation\bin\;C:\ProgramData\Oracle\Java\javapath;C:\WINDOWS\system32;C:\WINDOWS;C:\WINDOWS\System32\Wbem;C:\WINDOWS\System32\WindowsPowerShell\v1.0\;C:\WINDOWS\System32\OpenSSH\;d:\Program Files\Git\cmd;D:\Program Files\apache-maven-3.6.1\bin;C:\Program Files\Java\jdk1.8.0_351\bin;D:\Program Files\nodejs\;C:\Program Files\Bandizip\;D:\Program Files (x86)\NetSarang\Xshell 7\;D:\Program Files (x86)\NetSarang\Xftp 7\;D:\Program Files\cmder;;C:\Program Files (x86)\Tencent\微信web开发者工具\dll;C:\Users\ryan\.app\;C:\Users\ryan\AppData\Local\Programs\Python\Python38\Scripts\;C:\Users\ryan\AppData\Local\Programs\Python\Python38\;C:\Users\ryan\AppData\Local\Microsoft\WindowsApps;D:\Program Files\Microsoft VS Code\bin;C:\Users\ryan\AppData\Roaming\npm;d:\Program Files\JetBrains\IntelliJ IDEA 2020.3\bin;;d:\Program Files\JetBrains\DataGrip 2021.1.3\bin;;;."/>
    <property name="surefire.test.class.path" value="D:\xinchuang\activiti-engine-5.19.0.2\target\test-classes;D:\xinchuang\activiti-engine-5.19.0.2\target\classes;D:\Program Files\apache-maven-3.6.1\shanxi\org\activiti\activiti-bpmn-converter\5.19.0.2\activiti-bpmn-converter-5.19.0.2.jar;D:\Program Files\apache-maven-3.6.1\shanxi\org\activiti\activiti-bpmn-model\5.19.0.2\activiti-bpmn-model-5.19.0.2.jar;D:\Program Files\apache-maven-3.6.1\shanxi\com\fasterxml\jackson\core\jackson-core\2.2.3\jackson-core-2.2.3.jar;D:\Program Files\apache-maven-3.6.1\shanxi\com\fasterxml\jackson\core\jackson-databind\2.2.3\jackson-databind-2.2.3.jar;D:\Program Files\apache-maven-3.6.1\shanxi\com\fasterxml\jackson\core\jackson-annotations\2.2.3\jackson-annotations-2.2.3.jar;D:\Program Files\apache-maven-3.6.1\shanxi\org\activiti\activiti-process-validation\5.19.0.2\activiti-process-validation-5.19.0.2.jar;D:\Program Files\apache-maven-3.6.1\shanxi\org\activiti\activiti-image-generator\5.19.0.2\activiti-image-generator-5.19.0.2.jar;D:\Program Files\apache-maven-3.6.1\shanxi\org\apache\commons\commons-email\1.4\commons-email-1.4.jar;D:\Program Files\apache-maven-3.6.1\shanxi\com\sun\mail\javax.mail\1.5.2\javax.mail-1.5.2.jar;D:\Program Files\apache-maven-3.6.1\shanxi\javax\activation\activation\1.1.1\activation-1.1.1.jar;D:\Program Files\apache-maven-3.6.1\shanxi\org\apache\commons\commons-lang3\3.3.2\commons-lang3-3.3.2.jar;D:\Program Files\apache-maven-3.6.1\shanxi\org\mybatis\mybatis\3.3.0\mybatis-3.3.0.jar;D:\Program Files\apache-maven-3.6.1\shanxi\org\springframework\spring-beans\4.1.5.RELEASE\spring-beans-4.1.5.RELEASE.jar;D:\Program Files\apache-maven-3.6.1\shanxi\org\springframework\spring-core\4.1.5.RELEASE\spring-core-4.1.5.RELEASE.jar;D:\Program Files\apache-maven-3.6.1\shanxi\junit\junit\4.11\junit-4.11.jar;D:\Program Files\apache-maven-3.6.1\shanxi\org\hamcrest\hamcrest-core\1.3\hamcrest-core-1.3.jar;D:\Program Files\apache-maven-3.6.1\shanxi\org\codehaus\groovy\groovy-all\2.4.3\groovy-all-2.4.3.jar;D:\Program Files\apache-maven-3.6.1\shanxi\org\drools\drools-core\5.5.0.Final\drools-core-5.5.0.Final.jar;D:\Program Files\apache-maven-3.6.1\shanxi\org\mvel\mvel2\2.1.3.Final\mvel2-2.1.3.Final.jar;D:\Program Files\apache-maven-3.6.1\shanxi\org\drools\knowledge-api\5.5.0.Final\knowledge-api-5.5.0.Final.jar;D:\Program Files\apache-maven-3.6.1\shanxi\org\drools\knowledge-internal-api\5.5.0.Final\knowledge-internal-api-5.5.0.Final.jar;D:\Program Files\apache-maven-3.6.1\shanxi\org\drools\drools-compiler\5.5.0.Final\drools-compiler-5.5.0.Final.jar;D:\Program Files\apache-maven-3.6.1\shanxi\org\antlr\antlr-runtime\3.3\antlr-runtime-3.3.jar;D:\Program Files\apache-maven-3.6.1\shanxi\org\antlr\antlr\3.3\antlr-3.3.jar;D:\Program Files\apache-maven-3.6.1\shanxi\org\antlr\stringtemplate\3.2.1\stringtemplate-3.2.1.jar;D:\Program Files\apache-maven-3.6.1\shanxi\antlr\antlr\2.7.7\antlr-2.7.7.jar;D:\Program Files\apache-maven-3.6.1\shanxi\org\eclipse\jdt\core\compiler\ecj\3.5.1\ecj-3.5.1.jar;D:\Program Files\apache-maven-3.6.1\shanxi\com\thoughtworks\xstream\xstream\1.4.1\xstream-1.4.1.jar;D:\Program Files\apache-maven-3.6.1\shanxi\xmlpull\xmlpull\1.1.3.1\xmlpull-1.1.3.1.jar;D:\Program Files\apache-maven-3.6.1\shanxi\xpp3\xpp3_min\1.1.4c\xpp3_min-1.1.4c.jar;D:\Program Files\apache-maven-3.6.1\shanxi\javax\persistence\persistence-api\1.0\persistence-api-1.0.jar;D:\Program Files\apache-maven-3.6.1\shanxi\org\apache\geronimo\specs\geronimo-jta_1.1_spec\1.1.1\geronimo-jta_1.1_spec-1.1.1.jar;D:\Program Files\apache-maven-3.6.1\shanxi\javax\enterprise\concurrent\javax.enterprise.concurrent-api\1.0\javax.enterprise.concurrent-api-1.0.jar;D:\Program Files\apache-maven-3.6.1\shanxi\com\h2database\h2\1.3.176\h2-1.3.176.jar;D:\Program Files\apache-maven-3.6.1\shanxi\org\mockito\mockito-core\1.8.2\mockito-core-1.8.2.jar;D:\Program Files\apache-maven-3.6.1\shanxi\org\objenesis\objenesis\1.0\objenesis-1.0.jar;D:\Program Files\apache-maven-3.6.1\shanxi\org\apache\openjpa\openjpa\1.2.2\openjpa-1.2.2.jar;D:\Program Files\apache-maven-3.6.1\shanxi\net\sourceforge\serp\serp\1.13.1\serp-1.13.1.jar;D:\Program Files\apache-maven-3.6.1\shanxi\commons-lang\commons-lang\2.1\commons-lang-2.1.jar;D:\Program Files\apache-maven-3.6.1\shanxi\commons-collections\commons-collections\3.2\commons-collections-3.2.jar;D:\Program Files\apache-maven-3.6.1\shanxi\commons-pool\commons-pool\1.3\commons-pool-1.3.jar;D:\Program Files\apache-maven-3.6.1\shanxi\org\apache\geronimo\specs\geronimo-jms_1.1_spec\1.0.1\geronimo-jms_1.1_spec-1.0.1.jar;D:\Program Files\apache-maven-3.6.1\shanxi\org\apache\geronimo\specs\geronimo-jpa_3.0_spec\1.0\geronimo-jpa_3.0_spec-1.0.jar;D:\Program Files\apache-maven-3.6.1\shanxi\org\subethamail\subethasmtp-wiser\1.2\subethasmtp-wiser-1.2.jar;D:\Program Files\apache-maven-3.6.1\shanxi\org\subethamail\subethasmtp-smtp\1.2\subethasmtp-smtp-1.2.jar;D:\Program Files\apache-maven-3.6.1\shanxi\javax\mail\mail\1.4.1\mail-1.4.1.jar;D:\Program Files\apache-maven-3.6.1\shanxi\mysql\mysql-connector-java\5.1.27\mysql-connector-java-5.1.27.jar;D:\Program Files\apache-maven-3.6.1\shanxi\org\postgresql\postgresql\9.4-1201-jdbc4\postgresql-9.4-1201-jdbc4.jar;D:\Program Files\apache-maven-3.6.1\shanxi\net\sourceforge\jtds\jtds\1.3.0\jtds-1.3.0.jar;D:\Program Files\apache-maven-3.6.1\shanxi\com\fasterxml\uuid\java-uuid-generator\3.1.3\java-uuid-generator-3.1.3.jar;D:\Program Files\apache-maven-3.6.1\shanxi\log4j\log4j\1.2.13\log4j-1.2.13.jar;D:\Program Files\apache-maven-3.6.1\shanxi\commons-io\commons-io\2.0.1\commons-io-2.0.1.jar;D:\Program Files\apache-maven-3.6.1\shanxi\joda-time\joda-time\2.6\joda-time-2.6.jar;D:\Program Files\apache-maven-3.6.1\shanxi\org\slf4j\slf4j-api\1.7.6\slf4j-api-1.7.6.jar;D:\Program Files\apache-maven-3.6.1\shanxi\org\slf4j\jcl-over-slf4j\1.7.6\jcl-over-slf4j-1.7.6.jar;D:\Program Files\apache-maven-3.6.1\shanxi\org\slf4j\slf4j-log4j12\1.7.6\slf4j-log4j12-1.7.6.jar;D:\Program Files\apache-maven-3.6.1\shanxi\com\googlecode\catch-exception\catch-exception\1.2.0\catch-exception-1.2.0.jar;D:\Program Files\apache-maven-3.6.1\shanxi\org\codehaus\btm\btm\2.1.3\btm-2.1.3.jar;D:\Program Files\apache-maven-3.6.1\shanxi\javax\transaction\jta\1.1\jta-1.1.jar;"/>
    <property name="sun.awt.enableExtraMouseButtons" value="true"/>
    <property name="java.specification.name" value="Java Platform API Specification"/>
    <property name="java.class.version" value="52.0"/>
    <property name="sun.management.compiler" value="HotSpot 64-Bit Tiered Compilers"/>
    <property name="maven.repo.local" value="D:\Program Files\apache-maven-3.6.1\shanxi"/>
    <property name="os.version" value="10.0"/>
    <property name="user.home" value="C:\Users\ryan"/>
    <property name="user.timezone" value="Asia/Shanghai"/>
    <property name="java.awt.printerjob" value="sun.awt.windows.WPrinterJob"/>
    <property name="java.specification.version" value="1.8"/>
    <property name="file.encoding" value="GBK"/>
    <property name="user.name" value="ryan"/>
    <property name="java.class.path" value="D:\xinchuang\activiti-engine-5.19.0.2\target\test-classes;D:\xinchuang\activiti-engine-5.19.0.2\target\classes;D:\Program Files\apache-maven-3.6.1\shanxi\org\activiti\activiti-bpmn-converter\5.19.0.2\activiti-bpmn-converter-5.19.0.2.jar;D:\Program Files\apache-maven-3.6.1\shanxi\org\activiti\activiti-bpmn-model\5.19.0.2\activiti-bpmn-model-5.19.0.2.jar;D:\Program Files\apache-maven-3.6.1\shanxi\com\fasterxml\jackson\core\jackson-core\2.2.3\jackson-core-2.2.3.jar;D:\Program Files\apache-maven-3.6.1\shanxi\com\fasterxml\jackson\core\jackson-databind\2.2.3\jackson-databind-2.2.3.jar;D:\Program Files\apache-maven-3.6.1\shanxi\com\fasterxml\jackson\core\jackson-annotations\2.2.3\jackson-annotations-2.2.3.jar;D:\Program Files\apache-maven-3.6.1\shanxi\org\activiti\activiti-process-validation\5.19.0.2\activiti-process-validation-5.19.0.2.jar;D:\Program Files\apache-maven-3.6.1\shanxi\org\activiti\activiti-image-generator\5.19.0.2\activiti-image-generator-5.19.0.2.jar;D:\Program Files\apache-maven-3.6.1\shanxi\org\apache\commons\commons-email\1.4\commons-email-1.4.jar;D:\Program Files\apache-maven-3.6.1\shanxi\com\sun\mail\javax.mail\1.5.2\javax.mail-1.5.2.jar;D:\Program Files\apache-maven-3.6.1\shanxi\javax\activation\activation\1.1.1\activation-1.1.1.jar;D:\Program Files\apache-maven-3.6.1\shanxi\org\apache\commons\commons-lang3\3.3.2\commons-lang3-3.3.2.jar;D:\Program Files\apache-maven-3.6.1\shanxi\org\mybatis\mybatis\3.3.0\mybatis-3.3.0.jar;D:\Program Files\apache-maven-3.6.1\shanxi\org\springframework\spring-beans\4.1.5.RELEASE\spring-beans-4.1.5.RELEASE.jar;D:\Program Files\apache-maven-3.6.1\shanxi\org\springframework\spring-core\4.1.5.RELEASE\spring-core-4.1.5.RELEASE.jar;D:\Program Files\apache-maven-3.6.1\shanxi\junit\junit\4.11\junit-4.11.jar;D:\Program Files\apache-maven-3.6.1\shanxi\org\hamcrest\hamcrest-core\1.3\hamcrest-core-1.3.jar;D:\Program Files\apache-maven-3.6.1\shanxi\org\codehaus\groovy\groovy-all\2.4.3\groovy-all-2.4.3.jar;D:\Program Files\apache-maven-3.6.1\shanxi\org\drools\drools-core\5.5.0.Final\drools-core-5.5.0.Final.jar;D:\Program Files\apache-maven-3.6.1\shanxi\org\mvel\mvel2\2.1.3.Final\mvel2-2.1.3.Final.jar;D:\Program Files\apache-maven-3.6.1\shanxi\org\drools\knowledge-api\5.5.0.Final\knowledge-api-5.5.0.Final.jar;D:\Program Files\apache-maven-3.6.1\shanxi\org\drools\knowledge-internal-api\5.5.0.Final\knowledge-internal-api-5.5.0.Final.jar;D:\Program Files\apache-maven-3.6.1\shanxi\org\drools\drools-compiler\5.5.0.Final\drools-compiler-5.5.0.Final.jar;D:\Program Files\apache-maven-3.6.1\shanxi\org\antlr\antlr-runtime\3.3\antlr-runtime-3.3.jar;D:\Program Files\apache-maven-3.6.1\shanxi\org\antlr\antlr\3.3\antlr-3.3.jar;D:\Program Files\apache-maven-3.6.1\shanxi\org\antlr\stringtemplate\3.2.1\stringtemplate-3.2.1.jar;D:\Program Files\apache-maven-3.6.1\shanxi\antlr\antlr\2.7.7\antlr-2.7.7.jar;D:\Program Files\apache-maven-3.6.1\shanxi\org\eclipse\jdt\core\compiler\ecj\3.5.1\ecj-3.5.1.jar;D:\Program Files\apache-maven-3.6.1\shanxi\com\thoughtworks\xstream\xstream\1.4.1\xstream-1.4.1.jar;D:\Program Files\apache-maven-3.6.1\shanxi\xmlpull\xmlpull\1.1.3.1\xmlpull-1.1.3.1.jar;D:\Program Files\apache-maven-3.6.1\shanxi\xpp3\xpp3_min\1.1.4c\xpp3_min-1.1.4c.jar;D:\Program Files\apache-maven-3.6.1\shanxi\javax\persistence\persistence-api\1.0\persistence-api-1.0.jar;D:\Program Files\apache-maven-3.6.1\shanxi\org\apache\geronimo\specs\geronimo-jta_1.1_spec\1.1.1\geronimo-jta_1.1_spec-1.1.1.jar;D:\Program Files\apache-maven-3.6.1\shanxi\javax\enterprise\concurrent\javax.enterprise.concurrent-api\1.0\javax.enterprise.concurrent-api-1.0.jar;D:\Program Files\apache-maven-3.6.1\shanxi\com\h2database\h2\1.3.176\h2-1.3.176.jar;D:\Program Files\apache-maven-3.6.1\shanxi\org\mockito\mockito-core\1.8.2\mockito-core-1.8.2.jar;D:\Program Files\apache-maven-3.6.1\shanxi\org\objenesis\objenesis\1.0\objenesis-1.0.jar;D:\Program Files\apache-maven-3.6.1\shanxi\org\apache\openjpa\openjpa\1.2.2\openjpa-1.2.2.jar;D:\Program Files\apache-maven-3.6.1\shanxi\net\sourceforge\serp\serp\1.13.1\serp-1.13.1.jar;D:\Program Files\apache-maven-3.6.1\shanxi\commons-lang\commons-lang\2.1\commons-lang-2.1.jar;D:\Program Files\apache-maven-3.6.1\shanxi\commons-collections\commons-collections\3.2\commons-collections-3.2.jar;D:\Program Files\apache-maven-3.6.1\shanxi\commons-pool\commons-pool\1.3\commons-pool-1.3.jar;D:\Program Files\apache-maven-3.6.1\shanxi\org\apache\geronimo\specs\geronimo-jms_1.1_spec\1.0.1\geronimo-jms_1.1_spec-1.0.1.jar;D:\Program Files\apache-maven-3.6.1\shanxi\org\apache\geronimo\specs\geronimo-jpa_3.0_spec\1.0\geronimo-jpa_3.0_spec-1.0.jar;D:\Program Files\apache-maven-3.6.1\shanxi\org\subethamail\subethasmtp-wiser\1.2\subethasmtp-wiser-1.2.jar;D:\Program Files\apache-maven-3.6.1\shanxi\org\subethamail\subethasmtp-smtp\1.2\subethasmtp-smtp-1.2.jar;D:\Program Files\apache-maven-3.6.1\shanxi\javax\mail\mail\1.4.1\mail-1.4.1.jar;D:\Program Files\apache-maven-3.6.1\shanxi\mysql\mysql-connector-java\5.1.27\mysql-connector-java-5.1.27.jar;D:\Program Files\apache-maven-3.6.1\shanxi\org\postgresql\postgresql\9.4-1201-jdbc4\postgresql-9.4-1201-jdbc4.jar;D:\Program Files\apache-maven-3.6.1\shanxi\net\sourceforge\jtds\jtds\1.3.0\jtds-1.3.0.jar;D:\Program Files\apache-maven-3.6.1\shanxi\com\fasterxml\uuid\java-uuid-generator\3.1.3\java-uuid-generator-3.1.3.jar;D:\Program Files\apache-maven-3.6.1\shanxi\log4j\log4j\1.2.13\log4j-1.2.13.jar;D:\Program Files\apache-maven-3.6.1\shanxi\commons-io\commons-io\2.0.1\commons-io-2.0.1.jar;D:\Program Files\apache-maven-3.6.1\shanxi\joda-time\joda-time\2.6\joda-time-2.6.jar;D:\Program Files\apache-maven-3.6.1\shanxi\org\slf4j\slf4j-api\1.7.6\slf4j-api-1.7.6.jar;D:\Program Files\apache-maven-3.6.1\shanxi\org\slf4j\jcl-over-slf4j\1.7.6\jcl-over-slf4j-1.7.6.jar;D:\Program Files\apache-maven-3.6.1\shanxi\org\slf4j\slf4j-log4j12\1.7.6\slf4j-log4j12-1.7.6.jar;D:\Program Files\apache-maven-3.6.1\shanxi\com\googlecode\catch-exception\catch-exception\1.2.0\catch-exception-1.2.0.jar;D:\Program Files\apache-maven-3.6.1\shanxi\org\codehaus\btm\btm\2.1.3\btm-2.1.3.jar;D:\Program Files\apache-maven-3.6.1\shanxi\javax\transaction\jta\1.1\jta-1.1.jar;"/>
    <property name="java.vm.specification.version" value="1.8"/>
    <property name="sun.arch.data.model" value="64"/>
    <property name="java.home" value="C:\Program Files\Java\jdk1.8.0_351\jre"/>
    <property name="sun.java.command" value="D:\xinchuang\activiti-engine-5.19.0.2\target\surefire\surefirebooter2972839343429811619.jar D:\xinchuang\activiti-engine-5.19.0.2\target\surefire\surefire1197127065150889766tmp D:\xinchuang\activiti-engine-5.19.0.2\target\surefire\surefire3285776718944652178tmp"/>
    <property name="java.specification.vendor" value="Oracle Corporation"/>
    <property name="user.language" value="en"/>
    <property name="awt.toolkit" value="sun.awt.windows.WToolkit"/>
    <property name="java.vm.info" value="mixed mode"/>
    <property name="java.version" value="1.8.0_351"/>
    <property name="java.ext.dirs" value="C:\Program Files\Java\jdk1.8.0_351\jre\lib\ext;C:\WINDOWS\Sun\Java\lib\ext"/>
    <property name="sun.boot.class.path" value="C:\Program Files\Java\jdk1.8.0_351\jre\lib\resources.jar;C:\Program Files\Java\jdk1.8.0_351\jre\lib\rt.jar;C:\Program Files\Java\jdk1.8.0_351\jre\lib\jsse.jar;C:\Program Files\Java\jdk1.8.0_351\jre\lib\jce.jar;C:\Program Files\Java\jdk1.8.0_351\jre\lib\charsets.jar;C:\Program Files\Java\jdk1.8.0_351\jre\lib\jfr.jar;C:\Program Files\Java\jdk1.8.0_351\jre\classes"/>
    <property name="java.vendor" value="Oracle Corporation"/>
    <property name="java.specification.maintenance.version" value="4"/>
    <property name="localRepository" value="D:\Program Files\apache-maven-3.6.1\shanxi"/>
    <property name="file.separator" value="\"/>
    <property name="java.vendor.url.bug" value="http://bugreport.sun.com/bugreport/"/>
    <property name="sun.cpu.endian" value="little"/>
    <property name="sun.io.unicode.encoding" value="UnicodeLittle"/>
    <property name="sun.desktop" value="windows"/>
    <property name="sun.cpu.isalist" value="amd64"/>
  </properties>
  <testcase classname="org.activiti.standalone.event.EngineEventsTest" name="testEngineEventsTest" time="0.246">
    <failure message="DB NOT CLEAN: 
  ACT_GE_BYTEARRAY: 1 record(s)   ACT_RU_VARIABLE: 1 record(s)   ACT_RE_DEPLOYMENT: 1 record(s)   ACT_RE_PROCDEF: 1 record(s)   ACT_HI_VARINST: 1 record(s)   ACT_HI_PROCINST: 1 record(s)   ACT_HI_ACTINST: 3 record(s)   ACT_RU_EXECUTION: 1 record(s) " type="java.lang.AssertionError">java.lang.AssertionError: DB NOT CLEAN: 
  ACT_GE_BYTEARRAY: 1 record(s)   ACT_RU_VARIABLE: 1 record(s)   ACT_RE_DEPLOYMENT: 1 record(s)   ACT_RE_PROCDEF: 1 record(s)   ACT_HI_VARINST: 1 record(s)   ACT_HI_PROCINST: 1 record(s)   ACT_HI_ACTINST: 3 record(s)   ACT_RU_EXECUTION: 1 record(s) 
	at org.junit.Assert.fail(Assert.java:88)
	at org.activiti.engine.impl.test.AbstractActivitiTestCase.assertAndEnsureCleanDb(AbstractActivitiTestCase.java:171)
	at org.activiti.engine.impl.test.AbstractActivitiTestCase.runBare(AbstractActivitiTestCase.java:125)
	at junit.framework.TestResult$1.protect(TestResult.java:122)
	at junit.framework.TestResult.runProtected(TestResult.java:142)
	at junit.framework.TestResult.run(TestResult.java:125)
	at junit.framework.TestCase.run(TestCase.java:129)
	at junit.framework.TestSuite.runTest(TestSuite.java:255)
	at junit.framework.TestSuite.run(TestSuite.java:250)
	at org.junit.internal.runners.JUnit38ClassRunner.run(JUnit38ClassRunner.java:84)
	at org.apache.maven.surefire.junit4.JUnit4TestSet.execute(JUnit4TestSet.java:35)
	at org.apache.maven.surefire.junit4.JUnit4Provider.executeTestSet(JUnit4Provider.java:146)
	at org.apache.maven.surefire.junit4.JUnit4Provider.invoke(JUnit4Provider.java:97)
	at sun.reflect.NativeMethodAccessorImpl.invoke0(Native Method)
	at sun.reflect.NativeMethodAccessorImpl.invoke(NativeMethodAccessorImpl.java:62)
	at sun.reflect.DelegatingMethodAccessorImpl.invoke(DelegatingMethodAccessorImpl.java:43)
	at java.lang.reflect.Method.invoke(Method.java:498)
	at org.apache.maven.surefire.booter.ProviderFactory$ClassLoaderProxy.invoke(ProviderFactory.java:103)
	at com.sun.proxy.$Proxy0.invoke(Unknown Source)
	at org.apache.maven.surefire.booter.SurefireStarter.invokeProvider(SurefireStarter.java:145)
	at org.apache.maven.surefire.booter.SurefireStarter.runSuitesInProcess(SurefireStarter.java:87)
	at org.apache.maven.surefire.booter.ForkedBooter.main(ForkedBooter.java:69)
</failure>
    <system-out>@SLTests run: 1, Failures: 0, Errors: 1, Skipped: 0, Time elapsed: 0.175 sec &lt;&lt;&lt; FAILURE!
@SLRunning org.activiti.standalone.event.EngineEventsTest
10:48:03,647 [main] DEBUG org.springframework.core.env.StandardEnvironment  - Adding [systemProperties] PropertySource with lowest search precedence
10:48:03,647 [main] DEBUG org.springframework.core.env.StandardEnvironment  - Adding [systemEnvironment] PropertySource with lowest search precedence
10:48:03,647 [main] DEBUG org.springframework.core.env.StandardEnvironment  - Initialized StandardEnvironment with PropertySources [systemProperties,systemEnvironment]
10:48:03,647 [main] INFO  org.springframework.beans.factory.xml.XmlBeanDefinitionReader  - Loading XML bean definitions from class path resource [org/activiti/standalone/event/activiti-eventlistener.cfg.xml]
10:48:03,648 [main] DEBUG org.springframework.beans.factory.xml.DefaultDocumentLoader  - Using JAXP provider [com.sun.org.apache.xerces.internal.jaxp.DocumentBuilderFactoryImpl]
10:48:03,648 [main] DEBUG org.springframework.beans.factory.xml.PluggableSchemaResolver  - Loading schema mappings from [META-INF/spring.schemas]
10:48:03,649 [Thread-105] DEBUG org.activiti.engine.impl.asyncexecutor.AcquireTimerJobsRunnable  - timer job acquisition thread woke up
10:48:03,649 [Thread-102] DEBUG org.activiti.engine.impl.asyncexecutor.AcquireTimerJobsRunnable  - timer job acquisition thread woke up
10:48:03,649 [Thread-102] DEBUG org.activiti.engine.impl.interceptor.LogInterceptor  - 

10:48:03,649 [Thread-105] DEBUG org.activiti.engine.impl.interceptor.LogInterceptor  - 

10:48:03,649 [Thread-105] DEBUG org.activiti.engine.impl.interceptor.LogInterceptor  - --- starting AcquireTimerJobsCmd --------------------------------------------------------
10:48:03,649 [Thread-111] DEBUG org.activiti.engine.impl.asyncexecutor.AcquireTimerJobsRunnable  - timer job acquisition thread woke up
10:48:03,649 [Thread-111] DEBUG org.activiti.engine.impl.interceptor.LogInterceptor  - 

10:48:03,649 [Thread-111] DEBUG org.activiti.engine.impl.interceptor.LogInterceptor  - --- starting AcquireTimerJobsCmd --------------------------------------------------------
10:48:03,649 [Thread-106] DEBUG org.activiti.engine.impl.asyncexecutor.AcquireAsyncJobsDueRunnable  - async job acquisition thread woke up
10:48:03,649 [Thread-106] DEBUG org.activiti.engine.impl.interceptor.LogInterceptor  - 

10:48:03,649 [Thread-106] DEBUG org.activiti.engine.impl.interceptor.LogInterceptor  - --- starting AcquireAsyncJobsDueCmd --------------------------------------------------------
10:48:03,649 [Thread-112] DEBUG org.activiti.engine.impl.asyncexecutor.AcquireAsyncJobsDueRunnable  - async job acquisition thread woke up
10:48:03,649 [Thread-112] DEBUG org.activiti.engine.impl.interceptor.LogInterceptor  - 

10:48:03,649 [Thread-112] DEBUG org.activiti.engine.impl.interceptor.LogInterceptor  - --- starting AcquireAsyncJobsDueCmd --------------------------------------------------------
10:48:03,649 [Thread-106] DEBUG org.apache.ibatis.transaction.jdbc.JdbcTransaction  - Opening JDBC Connection
10:48:03,649 [Thread-111] DEBUG org.apache.ibatis.transaction.jdbc.JdbcTransaction  - Opening JDBC Connection
10:48:03,649 [Thread-111] DEBUG org.apache.ibatis.datasource.pooled.PooledDataSource  - Checked out connection 58501658 from pool.
10:48:03,649 [main] DEBUG org.springframework.beans.factory.xml.PluggableSchemaResolver  - Loaded schema mappings: {http://www.springframework.org/schema/beans/spring-beans-3.2.xsd=org/springframework/beans/factory/xml/spring-beans-3.2.xsd, http://www.springframework.org/schema/util/spring-util-3.0.xsd=org/springframework/beans/factory/xml/spring-util-3.0.xsd, http://www.springframework.org/schema/util/spring-util-4.1.xsd=org/springframework/beans/factory/xml/spring-util-4.1.xsd, http://www.springframework.org/schema/util/spring-util-2.0.xsd=org/springframework/beans/factory/xml/spring-util-2.0.xsd, http://www.springframework.org/schema/util/spring-util-2.5.xsd=org/springframework/beans/factory/xml/spring-util-2.5.xsd, http://www.springframework.org/schema/tool/spring-tool-3.0.xsd=org/springframework/beans/factory/xml/spring-tool-3.0.xsd, http://www.springframework.org/schema/tool/spring-tool-4.1.xsd=org/springframework/beans/factory/xml/spring-tool-4.1.xsd, http://www.springframework.org/schema/tool/spring-tool-2.0.xsd=org/springframework/beans/factory/xml/spring-tool-2.0.xsd, http://www.springframework.org/schema/util/spring-util-3.2.xsd=org/springframework/beans/factory/xml/spring-util-3.2.xsd, http://www.springframework.org/schema/beans/spring-beans-4.1.xsd=org/springframework/beans/factory/xml/spring-beans-4.1.xsd, http://www.springframework.org/schema/beans/spring-beans-2.0.xsd=org/springframework/beans/factory/xml/spring-beans-2.0.xsd, http://www.springframework.org/schema/tool/spring-tool-2.5.xsd=org/springframework/beans/factory/xml/spring-tool-2.5.xsd, http://www.springframework.org/schema/beans/spring-beans-3.1.xsd=org/springframework/beans/factory/xml/spring-beans-3.1.xsd, http://www.springframework.org/schema/beans/spring-beans-2.5.xsd=org/springframework/beans/factory/xml/spring-beans-2.5.xsd, http://www.springframework.org/schema/beans/spring-beans.xsd=org/springframework/beans/factory/xml/spring-beans-4.1.xsd, http://www.springframework.org/schema/tool/spring-tool.xsd=org/springframework/beans/factory/xml/spring-tool-4.1.xsd, http://www.springframework.org/schema/tool/spring-tool-3.2.xsd=org/springframework/beans/factory/xml/spring-tool-3.2.xsd, http://www.springframework.org/schema/util/spring-util-4.0.xsd=org/springframework/beans/factory/xml/spring-util-4.0.xsd, http://www.springframework.org/schema/tool/spring-tool-4.0.xsd=org/springframework/beans/factory/xml/spring-tool-4.0.xsd, http://www.springframework.org/schema/util/spring-util-3.1.xsd=org/springframework/beans/factory/xml/spring-util-3.1.xsd, http://www.springframework.org/schema/beans/spring-beans-4.0.xsd=org/springframework/beans/factory/xml/spring-beans-4.0.xsd, http://www.springframework.org/schema/beans/spring-beans-3.0.xsd=org/springframework/beans/factory/xml/spring-beans-3.0.xsd, http://www.springframework.org/schema/tool/spring-tool-3.1.xsd=org/springframework/beans/factory/xml/spring-tool-3.1.xsd, http://www.springframework.org/schema/util/spring-util.xsd=org/springframework/beans/factory/xml/spring-util-4.1.xsd}
10:48:03,649 [Thread-105] DEBUG org.apache.ibatis.transaction.jdbc.JdbcTransaction  - Opening JDBC Connection
10:48:03,649 [Thread-102] DEBUG org.activiti.engine.impl.interceptor.LogInterceptor  - --- starting AcquireTimerJobsCmd --------------------------------------------------------
10:48:03,649 [Thread-111] DEBUG org.apache.ibatis.transaction.jdbc.JdbcTransaction  - Setting autocommit to false on JDBC Connection [conn68: url=jdbc:h2:mem:activiti-AsyncExecutorTest user=SA]
10:48:03,649 [Thread-106] DEBUG org.apache.ibatis.datasource.pooled.PooledDataSource  - Checked out connection 54468349 from pool.
10:48:03,649 [Thread-106] DEBUG org.apache.ibatis.transaction.jdbc.JdbcTransaction  - Setting autocommit to false on JDBC Connection [conn64: url=jdbc:h2:mem:activiti-AsyncExecutorTest user=SA]
10:48:03,649 [Thread-112] DEBUG org.apache.ibatis.transaction.jdbc.JdbcTransaction  - Opening JDBC Connection
10:48:03,649 [Thread-112] DEBUG org.apache.ibatis.datasource.pooled.PooledDataSource  - Checked out connection 1863805930 from pool.
10:48:03,649 [Thread-112] DEBUG org.apache.ibatis.transaction.jdbc.JdbcTransaction  - Setting autocommit to false on JDBC Connection [conn69: url=jdbc:h2:mem:activiti-AsyncExecutorTest user=SA]
10:48:03,649 [Thread-106] DEBUG org.activiti.engine.impl.persistence.entity.JobEntity.selectAsyncJobsDueToExecute  - ==&gt;  Preparing: select RES.* from ACT_RU_JOB RES LEFT OUTER JOIN ACT_RU_EXECUTION PI ON PI.ID_ = RES.PROCESS_INSTANCE_ID_ where RES.RETRIES_ &gt; 0 and RES.DUEDATE_ is not null and RES.DUEDATE_ &lt;= ? and (RES.LOCK_EXP_TIME_ is null or RES.LOCK_EXP_TIME_ &lt;= ?) and TYPE_ = &apos;message&apos; and ( (RES.EXECUTION_ID_ is null) or (PI.SUSPENSION_STATE_ = 1) ) LIMIT ? OFFSET ? 
10:48:03,649 [Thread-105] DEBUG org.apache.ibatis.datasource.pooled.PooledDataSource  - Checked out connection 1970103261 from pool.
10:48:03,650 [Thread-105] DEBUG org.apache.ibatis.transaction.jdbc.JdbcTransaction  - Setting autocommit to false on JDBC Connection [conn63: url=jdbc:h2:mem:activiti-AsyncExecutorTest user=SA]
10:48:03,649 [main] DEBUG org.springframework.beans.factory.xml.PluggableSchemaResolver  - Found XML schema [http://www.springframework.org/schema/beans/spring-beans.xsd] in classpath: org/springframework/beans/factory/xml/spring-beans-4.1.xsd
10:48:03,649 [Thread-111] DEBUG org.activiti.engine.impl.persistence.entity.JobEntity.selectNextTimerJobsToExecute  - ==&gt;  Preparing: select RES.* from ACT_RU_JOB RES LEFT OUTER JOIN ACT_RU_EXECUTION PI ON PI.ID_ = RES.PROCESS_INSTANCE_ID_ where (RES.RETRIES_ &gt; 0) and (RES.DUEDATE_ is null or RES.DUEDATE_ &lt;= ?) and (RES.LOCK_OWNER_ is null or RES.LOCK_EXP_TIME_ &lt;= ?) and TYPE_ = &apos;timer&apos; and ( (RES.EXECUTION_ID_ is null) or (PI.SUSPENSION_STATE_ = 1) ) LIMIT ? OFFSET ? 
10:48:03,649 [Thread-102] DEBUG org.apache.ibatis.transaction.jdbc.JdbcTransaction  - Opening JDBC Connection
10:48:03,650 [Thread-102] DEBUG org.apache.ibatis.datasource.pooled.PooledDataSource  - Checked out connection 33534803 from pool.
10:48:03,650 [Thread-102] DEBUG org.apache.ibatis.transaction.jdbc.JdbcTransaction  - Setting autocommit to false on JDBC Connection [conn60: url=jdbc:h2:mem:activiti-AsyncExecutorTest user=SA]
10:48:03,650 [Thread-111] DEBUG org.activiti.engine.impl.persistence.entity.JobEntity.selectNextTimerJobsToExecute  - ==&gt; Parameters: 2013-10-27 06:00:00.0(Timestamp), 2013-10-27 06:00:00.0(Timestamp), 1(Integer), 0(Integer)
10:48:03,650 [Thread-105] DEBUG org.activiti.engine.impl.persistence.entity.JobEntity.selectNextTimerJobsToExecute  - ==&gt;  Preparing: select RES.* from ACT_RU_JOB RES LEFT OUTER JOIN ACT_RU_EXECUTION PI ON PI.ID_ = RES.PROCESS_INSTANCE_ID_ where (RES.RETRIES_ &gt; 0) and (RES.DUEDATE_ is null or RES.DUEDATE_ &lt;= ?) and (RES.LOCK_OWNER_ is null or RES.LOCK_EXP_TIME_ &lt;= ?) and TYPE_ = &apos;timer&apos; and ( (RES.EXECUTION_ID_ is null) or (PI.SUSPENSION_STATE_ = 1) ) LIMIT ? OFFSET ? 
10:48:03,650 [Thread-106] DEBUG org.activiti.engine.impl.persistence.entity.JobEntity.selectAsyncJobsDueToExecute  - ==&gt; Parameters: 2013-10-27 06:00:00.0(Timestamp), 2013-10-27 06:00:00.0(Timestamp), 1(Integer), 0(Integer)
10:48:03,650 [Thread-106] DEBUG org.activiti.engine.impl.persistence.entity.JobEntity.selectAsyncJobsDueToExecute  - &lt;==      Total: 0
10:48:03,649 [Thread-112] DEBUG org.activiti.engine.impl.persistence.entity.JobEntity.selectAsyncJobsDueToExecute  - ==&gt;  Preparing: select RES.* from ACT_RU_JOB RES LEFT OUTER JOIN ACT_RU_EXECUTION PI ON PI.ID_ = RES.PROCESS_INSTANCE_ID_ where RES.RETRIES_ &gt; 0 and RES.DUEDATE_ is not null and RES.DUEDATE_ &lt;= ? and (RES.LOCK_EXP_TIME_ is null or RES.LOCK_EXP_TIME_ &lt;= ?) and TYPE_ = &apos;message&apos; and ( (RES.EXECUTION_ID_ is null) or (PI.SUSPENSION_STATE_ = 1) ) LIMIT ? OFFSET ? 
10:48:03,650 [Thread-106] DEBUG org.activiti.engine.impl.db.DbSqlSession  - flush summary: 0 insert, 0 update, 0 delete.
10:48:03,650 [Thread-106] DEBUG org.activiti.engine.impl.db.DbSqlSession  - now executing flush...
10:48:03,650 [Thread-106] DEBUG org.activiti.engine.impl.cfg.standalone.StandaloneMybatisTransactionContext  - firing event committing...
10:48:03,650 [Thread-106] DEBUG org.activiti.engine.impl.cfg.standalone.StandaloneMybatisTransactionContext  - committing the ibatis sql session...
10:48:03,650 [Thread-106] DEBUG org.activiti.engine.impl.cfg.standalone.StandaloneMybatisTransactionContext  - firing event committed...
10:48:03,650 [Thread-105] DEBUG org.activiti.engine.impl.persistence.entity.JobEntity.selectNextTimerJobsToExecute  - ==&gt; Parameters: 2013-10-27 06:00:00.0(Timestamp), 2013-10-27 06:00:00.0(Timestamp), 1(Integer), 0(Integer)
10:48:03,650 [Thread-111] DEBUG org.activiti.engine.impl.persistence.entity.JobEntity.selectNextTimerJobsToExecute  - &lt;==      Total: 0
10:48:03,650 [Thread-111] DEBUG org.activiti.engine.impl.db.DbSqlSession  - flush summary: 0 insert, 0 update, 0 delete.
10:48:03,650 [Thread-111] DEBUG org.activiti.engine.impl.db.DbSqlSession  - now executing flush...
10:48:03,650 [Thread-111] DEBUG org.activiti.engine.impl.cfg.standalone.StandaloneMybatisTransactionContext  - firing event committing...
10:48:03,650 [Thread-111] DEBUG org.activiti.engine.impl.cfg.standalone.StandaloneMybatisTransactionContext  - committing the ibatis sql session...
10:48:03,650 [Thread-111] DEBUG org.activiti.engine.impl.cfg.standalone.StandaloneMybatisTransactionContext  - firing event committed...
10:48:03,650 [Thread-111] DEBUG org.apache.ibatis.transaction.jdbc.JdbcTransaction  - Resetting autocommit to true on JDBC Connection [conn68: url=jdbc:h2:mem:activiti-AsyncExecutorTest user=SA]
10:48:03,650 [Thread-102] DEBUG org.activiti.engine.impl.persistence.entity.JobEntity.selectNextTimerJobsToExecute  - ==&gt;  Preparing: select RES.* from ACT_RU_JOB RES LEFT OUTER JOIN ACT_RU_EXECUTION PI ON PI.ID_ = RES.PROCESS_INSTANCE_ID_ where (RES.RETRIES_ &gt; 0) and (RES.DUEDATE_ is null or RES.DUEDATE_ &lt;= ?) and (RES.LOCK_OWNER_ is null or RES.LOCK_EXP_TIME_ &lt;= ?) and TYPE_ = &apos;timer&apos; and ( (RES.EXECUTION_ID_ is null) or (PI.SUSPENSION_STATE_ = 1) ) LIMIT ? OFFSET ? 
10:48:03,650 [Thread-111] DEBUG org.apache.ibatis.transaction.jdbc.JdbcTransaction  - Closing JDBC Connection [conn68: url=jdbc:h2:mem:activiti-AsyncExecutorTest user=SA]
10:48:03,650 [Thread-111] DEBUG org.apache.ibatis.datasource.pooled.PooledDataSource  - Returned connection 58501658 to pool.
10:48:03,650 [Thread-105] DEBUG org.activiti.engine.impl.persistence.entity.JobEntity.selectNextTimerJobsToExecute  - &lt;==      Total: 0
10:48:03,650 [Thread-105] DEBUG org.activiti.engine.impl.db.DbSqlSession  - flush summary: 0 insert, 0 update, 0 delete.
10:48:03,650 [Thread-105] DEBUG org.activiti.engine.impl.db.DbSqlSession  - now executing flush...
10:48:03,650 [Thread-105] DEBUG org.activiti.engine.impl.cfg.standalone.StandaloneMybatisTransactionContext  - firing event committing...
10:48:03,650 [Thread-105] DEBUG org.activiti.engine.impl.cfg.standalone.StandaloneMybatisTransactionContext  - committing the ibatis sql session...
10:48:03,650 [Thread-105] DEBUG org.activiti.engine.impl.cfg.standalone.StandaloneMybatisTransactionContext  - firing event committed...
10:48:03,650 [Thread-105] DEBUG org.apache.ibatis.transaction.jdbc.JdbcTransaction  - Resetting autocommit to true on JDBC Connection [conn63: url=jdbc:h2:mem:activiti-AsyncExecutorTest user=SA]
10:48:03,650 [Thread-105] DEBUG org.apache.ibatis.transaction.jdbc.JdbcTransaction  - Closing JDBC Connection [conn63: url=jdbc:h2:mem:activiti-AsyncExecutorTest user=SA]
10:48:03,650 [Thread-105] DEBUG org.apache.ibatis.datasource.pooled.PooledDataSource  - Returned connection 1970103261 to pool.
10:48:03,650 [Thread-105] DEBUG org.activiti.engine.impl.interceptor.LogInterceptor  - --- AcquireTimerJobsCmd finished --------------------------------------------------------
10:48:03,650 [Thread-105] DEBUG org.activiti.engine.impl.interceptor.LogInterceptor  - 

10:48:03,650 [Thread-106] DEBUG org.apache.ibatis.transaction.jdbc.JdbcTransaction  - Resetting autocommit to true on JDBC Connection [conn64: url=jdbc:h2:mem:activiti-AsyncExecutorTest user=SA]
10:48:03,651 [Thread-106] DEBUG org.apache.ibatis.transaction.jdbc.JdbcTransaction  - Closing JDBC Connection [conn64: url=jdbc:h2:mem:activiti-AsyncExecutorTest user=SA]
10:48:03,651 [Thread-106] DEBUG org.apache.ibatis.datasource.pooled.PooledDataSource  - Returned connection 54468349 to pool.
10:48:03,650 [Thread-112] DEBUG org.activiti.engine.impl.persistence.entity.JobEntity.selectAsyncJobsDueToExecute  - ==&gt; Parameters: 2013-10-27 06:00:00.0(Timestamp), 2013-10-27 06:00:00.0(Timestamp), 1(Integer), 0(Integer)
10:48:03,651 [main] DEBUG org.springframework.beans.factory.xml.DefaultBeanDefinitionDocumentReader  - Loading bean definitions
10:48:03,651 [Thread-106] DEBUG org.activiti.engine.impl.interceptor.LogInterceptor  - --- AcquireAsyncJobsDueCmd finished --------------------------------------------------------
10:48:03,651 [Thread-106] DEBUG org.activiti.engine.impl.interceptor.LogInterceptor  - 

10:48:03,650 [Thread-105] DEBUG org.activiti.engine.impl.asyncexecutor.AcquireTimerJobsRunnable  - timer job acquisition thread sleeping for 50 millis
10:48:03,650 [Thread-111] DEBUG org.activiti.engine.impl.interceptor.LogInterceptor  - --- AcquireTimerJobsCmd finished --------------------------------------------------------
10:48:03,651 [Thread-111] DEBUG org.activiti.engine.impl.interceptor.LogInterceptor  - 

10:48:03,651 [Thread-111] DEBUG org.activiti.engine.impl.asyncexecutor.AcquireTimerJobsRunnable  - timer job acquisition thread sleeping for 50 millis
10:48:03,650 [Thread-102] DEBUG org.activiti.engine.impl.persistence.entity.JobEntity.selectNextTimerJobsToExecute  - ==&gt; Parameters: 2013-10-27 06:00:00.0(Timestamp), 2013-10-27 06:00:00.0(Timestamp), 1(Integer), 0(Integer)
10:48:03,651 [Thread-106] DEBUG org.activiti.engine.impl.asyncexecutor.AcquireAsyncJobsDueRunnable  - async job acquisition thread sleeping for 50 millis
10:48:03,651 [Thread-112] DEBUG org.activiti.engine.impl.persistence.entity.JobEntity.selectAsyncJobsDueToExecute  - &lt;==      Total: 0
10:48:03,651 [Thread-102] DEBUG org.activiti.engine.impl.persistence.entity.JobEntity.selectNextTimerJobsToExecute  - &lt;==      Total: 0
10:48:03,651 [Thread-112] DEBUG org.activiti.engine.impl.db.DbSqlSession  - flush summary: 0 insert, 0 update, 0 delete.
10:48:03,651 [Thread-112] DEBUG org.activiti.engine.impl.db.DbSqlSession  - now executing flush...
10:48:03,651 [Thread-112] DEBUG org.activiti.engine.impl.cfg.standalone.StandaloneMybatisTransactionContext  - firing event committing...
10:48:03,651 [Thread-112] DEBUG org.activiti.engine.impl.cfg.standalone.StandaloneMybatisTransactionContext  - committing the ibatis sql session...
10:48:03,651 [Thread-112] DEBUG org.activiti.engine.impl.cfg.standalone.StandaloneMybatisTransactionContext  - firing event committed...
10:48:03,651 [Thread-112] DEBUG org.apache.ibatis.transaction.jdbc.JdbcTransaction  - Resetting autocommit to true on JDBC Connection [conn69: url=jdbc:h2:mem:activiti-AsyncExecutorTest user=SA]
10:48:03,651 [Thread-112] DEBUG org.apache.ibatis.transaction.jdbc.JdbcTransaction  - Closing JDBC Connection [conn69: url=jdbc:h2:mem:activiti-AsyncExecutorTest user=SA]
10:48:03,651 [Thread-112] DEBUG org.apache.ibatis.datasource.pooled.PooledDataSource  - Returned connection 1863805930 to pool.
10:48:03,651 [Thread-112] DEBUG org.activiti.engine.impl.interceptor.LogInterceptor  - --- AcquireAsyncJobsDueCmd finished --------------------------------------------------------
10:48:03,651 [Thread-112] DEBUG org.activiti.engine.impl.interceptor.LogInterceptor  - 

10:48:03,651 [Thread-102] DEBUG org.activiti.engine.impl.db.DbSqlSession  - flush summary: 0 insert, 0 update, 0 delete.
10:48:03,651 [Thread-102] DEBUG org.activiti.engine.impl.db.DbSqlSession  - now executing flush...
10:48:03,651 [Thread-102] DEBUG org.activiti.engine.impl.cfg.standalone.StandaloneMybatisTransactionContext  - firing event committing...
10:48:03,651 [Thread-102] DEBUG org.activiti.engine.impl.cfg.standalone.StandaloneMybatisTransactionContext  - committing the ibatis sql session...
10:48:03,651 [Thread-102] DEBUG org.activiti.engine.impl.cfg.standalone.StandaloneMybatisTransactionContext  - firing event committed...
10:48:03,651 [Thread-102] DEBUG org.apache.ibatis.transaction.jdbc.JdbcTransaction  - Resetting autocommit to true on JDBC Connection [conn60: url=jdbc:h2:mem:activiti-AsyncExecutorTest user=SA]
10:48:03,651 [Thread-102] DEBUG org.apache.ibatis.transaction.jdbc.JdbcTransaction  - Closing JDBC Connection [conn60: url=jdbc:h2:mem:activiti-AsyncExecutorTest user=SA]
10:48:03,651 [Thread-102] DEBUG org.apache.ibatis.datasource.pooled.PooledDataSource  - Returned connection 33534803 to pool.
10:48:03,651 [Thread-102] DEBUG org.activiti.engine.impl.interceptor.LogInterceptor  - --- AcquireTimerJobsCmd finished --------------------------------------------------------
10:48:03,651 [Thread-102] DEBUG org.activiti.engine.impl.interceptor.LogInterceptor  - 

10:48:03,651 [Thread-102] DEBUG org.activiti.engine.impl.asyncexecutor.AcquireTimerJobsRunnable  - timer job acquisition thread sleeping for 50 millis
10:48:03,651 [Thread-112] DEBUG org.activiti.engine.impl.asyncexecutor.AcquireAsyncJobsDueRunnable  - async job acquisition thread sleeping for 50 millis
10:48:03,651 [main] DEBUG org.springframework.beans.factory.support.DefaultListableBeanFactory  - Creating shared instance of singleton bean &apos;processEngineConfiguration&apos;
10:48:03,651 [main] DEBUG org.springframework.beans.factory.support.DefaultListableBeanFactory  - Creating instance of bean &apos;processEngineConfiguration&apos;
10:48:03,652 [main] DEBUG org.springframework.beans.factory.support.DefaultListableBeanFactory  - Eagerly caching bean &apos;processEngineConfiguration&apos; to allow for resolving potential circular references
10:48:03,652 [main] DEBUG org.springframework.beans.factory.support.DefaultListableBeanFactory  - Creating shared instance of singleton bean &apos;eventListener&apos;
10:48:03,652 [main] DEBUG org.springframework.beans.factory.support.DefaultListableBeanFactory  - Creating instance of bean &apos;eventListener&apos;
10:48:03,652 [main] DEBUG org.springframework.beans.factory.support.DefaultListableBeanFactory  - Eagerly caching bean &apos;eventListener&apos; to allow for resolving potential circular references
10:48:03,652 [main] DEBUG org.springframework.beans.factory.support.DefaultListableBeanFactory  - Finished creating instance of bean &apos;eventListener&apos;
10:48:03,652 [main] DEBUG org.springframework.beans.factory.support.DefaultListableBeanFactory  - Returning cached instance of singleton bean &apos;eventListener&apos;
10:48:03,652 [main] DEBUG org.springframework.beans.factory.support.DefaultListableBeanFactory  - Creating shared instance of singleton bean &apos;testEventListener&apos;
10:48:03,652 [main] DEBUG org.springframework.beans.factory.support.DefaultListableBeanFactory  - Creating instance of bean &apos;testEventListener&apos;
10:48:03,652 [main] DEBUG org.springframework.beans.factory.support.DefaultListableBeanFactory  - Eagerly caching bean &apos;testEventListener&apos; to allow for resolving potential circular references
10:48:03,652 [main] DEBUG org.springframework.beans.factory.support.DefaultListableBeanFactory  - Finished creating instance of bean &apos;testEventListener&apos;
10:48:03,652 [main] DEBUG org.springframework.beans.factory.support.DefaultListableBeanFactory  - Creating shared instance of singleton bean &apos;testAttachmentEventListener&apos;
10:48:03,652 [main] DEBUG org.springframework.beans.factory.support.DefaultListableBeanFactory  - Creating instance of bean &apos;testAttachmentEventListener&apos;
10:48:03,652 [main] DEBUG org.springframework.beans.factory.support.DefaultListableBeanFactory  - Eagerly caching bean &apos;testAttachmentEventListener&apos; to allow for resolving potential circular references
10:48:03,652 [main] DEBUG org.springframework.beans.factory.support.DefaultListableBeanFactory  - Finished creating instance of bean &apos;testAttachmentEventListener&apos;
10:48:03,652 [main] DEBUG org.springframework.beans.factory.support.DefaultListableBeanFactory  - Creating shared instance of singleton bean &apos;testCommentEventListener&apos;
10:48:03,652 [main] DEBUG org.springframework.beans.factory.support.DefaultListableBeanFactory  - Creating instance of bean &apos;testCommentEventListener&apos;
10:48:03,652 [main] DEBUG org.springframework.beans.factory.support.DefaultListableBeanFactory  - Eagerly caching bean &apos;testCommentEventListener&apos; to allow for resolving potential circular references
10:48:03,652 [main] DEBUG org.springframework.beans.factory.support.DefaultListableBeanFactory  - Finished creating instance of bean &apos;testCommentEventListener&apos;
10:48:03,652 [main] DEBUG org.springframework.beans.factory.support.DefaultListableBeanFactory  - Creating shared instance of singleton bean &apos;testExecutionEventListener&apos;
10:48:03,652 [main] DEBUG org.springframework.beans.factory.support.DefaultListableBeanFactory  - Creating instance of bean &apos;testExecutionEventListener&apos;
10:48:03,652 [main] DEBUG org.springframework.beans.factory.support.DefaultListableBeanFactory  - Eagerly caching bean &apos;testExecutionEventListener&apos; to allow for resolving potential circular references
10:48:03,652 [main] DEBUG org.springframework.beans.factory.support.DefaultListableBeanFactory  - Finished creating instance of bean &apos;testExecutionEventListener&apos;
10:48:03,653 [main] DEBUG org.springframework.beans.factory.support.DefaultListableBeanFactory  - Creating shared instance of singleton bean &apos;testIdentityLinkEventListener&apos;
10:48:03,653 [main] DEBUG org.springframework.beans.factory.support.DefaultListableBeanFactory  - Creating instance of bean &apos;testIdentityLinkEventListener&apos;
10:48:03,653 [main] DEBUG org.springframework.beans.factory.support.DefaultListableBeanFactory  - Eagerly caching bean &apos;testIdentityLinkEventListener&apos; to allow for resolving potential circular references
10:48:03,653 [main] DEBUG org.springframework.beans.factory.support.DefaultListableBeanFactory  - Finished creating instance of bean &apos;testIdentityLinkEventListener&apos;
10:48:03,653 [main] DEBUG org.springframework.beans.factory.support.DefaultListableBeanFactory  - Creating shared instance of singleton bean &apos;testJobEventListener&apos;
10:48:03,653 [main] DEBUG org.springframework.beans.factory.support.DefaultListableBeanFactory  - Creating instance of bean &apos;testJobEventListener&apos;
10:48:03,653 [main] DEBUG org.springframework.beans.factory.support.DefaultListableBeanFactory  - Eagerly caching bean &apos;testJobEventListener&apos; to allow for resolving potential circular references
10:48:03,653 [main] DEBUG org.springframework.beans.factory.support.DefaultListableBeanFactory  - Finished creating instance of bean &apos;testJobEventListener&apos;
10:48:03,653 [main] DEBUG org.springframework.beans.factory.support.DefaultListableBeanFactory  - Creating shared instance of singleton bean &apos;testProcessDefinitionEventListener&apos;
10:48:03,653 [main] DEBUG org.springframework.beans.factory.support.DefaultListableBeanFactory  - Creating instance of bean &apos;testProcessDefinitionEventListener&apos;
10:48:03,653 [main] DEBUG org.springframework.beans.factory.support.DefaultListableBeanFactory  - Eagerly caching bean &apos;testProcessDefinitionEventListener&apos; to allow for resolving potential circular references
10:48:03,653 [main] DEBUG org.springframework.beans.factory.support.DefaultListableBeanFactory  - Finished creating instance of bean &apos;testProcessDefinitionEventListener&apos;
10:48:03,653 [main] DEBUG org.springframework.beans.factory.support.DefaultListableBeanFactory  - Creating shared instance of singleton bean &apos;testProcessInstanceEventListener&apos;
10:48:03,653 [main] DEBUG org.springframework.beans.factory.support.DefaultListableBeanFactory  - Creating instance of bean &apos;testProcessInstanceEventListener&apos;
10:48:03,653 [main] DEBUG org.springframework.beans.factory.support.DefaultListableBeanFactory  - Eagerly caching bean &apos;testProcessInstanceEventListener&apos; to allow for resolving potential circular references
10:48:03,653 [main] DEBUG org.springframework.beans.factory.support.DefaultListableBeanFactory  - Finished creating instance of bean &apos;testProcessInstanceEventListener&apos;
10:48:03,653 [main] DEBUG org.springframework.beans.factory.support.DefaultListableBeanFactory  - Creating shared instance of singleton bean &apos;testTaskEventListener&apos;
10:48:03,653 [main] DEBUG org.springframework.beans.factory.support.DefaultListableBeanFactory  - Creating instance of bean &apos;testTaskEventListener&apos;
10:48:03,653 [main] DEBUG org.springframework.beans.factory.support.DefaultListableBeanFactory  - Eagerly caching bean &apos;testTaskEventListener&apos; to allow for resolving potential circular references
10:48:03,653 [main] DEBUG org.springframework.beans.factory.support.DefaultListableBeanFactory  - Finished creating instance of bean &apos;testTaskEventListener&apos;
10:48:03,653 [main] DEBUG org.springframework.beans.factory.support.DefaultListableBeanFactory  - Finished creating instance of bean &apos;processEngineConfiguration&apos;
10:48:03,653 [main] DEBUG org.activiti.engine.impl.cfg.ProcessEngineConfigurationImpl  - initializing datasource to db: jdbc:h2:mem:activiti;DB_CLOSE_DELAY=1000
10:48:03,653 [main] DEBUG org.apache.ibatis.datasource.pooled.PooledDataSource  - PooledDataSource forcefully closed/removed all connections.
10:48:03,654 [main] DEBUG org.apache.ibatis.datasource.pooled.PooledDataSource  - Created connection 1795131572.
10:48:03,654 [main] DEBUG org.activiti.engine.impl.cfg.ProcessEngineConfigurationImpl  - database product name: &apos;H2&apos;
10:48:03,654 [main] DEBUG org.activiti.engine.impl.cfg.ProcessEngineConfigurationImpl  - using database type: h2
10:48:03,654 [main] DEBUG org.apache.ibatis.datasource.pooled.PooledDataSource  - Returned connection 1795131572 to pool.
10:48:03,664 [Thread-103] DEBUG org.activiti.engine.impl.asyncexecutor.AcquireAsyncJobsDueRunnable  - async job acquisition thread woke up
10:48:03,664 [Thread-103] DEBUG org.activiti.engine.impl.interceptor.LogInterceptor  - 

10:48:03,664 [Thread-103] DEBUG org.activiti.engine.impl.interceptor.LogInterceptor  - --- starting AcquireAsyncJobsDueCmd --------------------------------------------------------
10:48:03,664 [Thread-103] DEBUG org.apache.ibatis.transaction.jdbc.JdbcTransaction  - Opening JDBC Connection
10:48:03,664 [Thread-103] DEBUG org.apache.ibatis.datasource.pooled.PooledDataSource  - Checked out connection 157985567 from pool.
10:48:03,664 [Thread-103] DEBUG org.apache.ibatis.transaction.jdbc.JdbcTransaction  - Setting autocommit to false on JDBC Connection [conn61: url=jdbc:h2:mem:activiti-AsyncExecutorTest user=SA]
10:48:03,664 [Thread-103] DEBUG org.activiti.engine.impl.persistence.entity.JobEntity.selectAsyncJobsDueToExecute  - ==&gt;  Preparing: select RES.* from ACT_RU_JOB RES LEFT OUTER JOIN ACT_RU_EXECUTION PI ON PI.ID_ = RES.PROCESS_INSTANCE_ID_ where RES.RETRIES_ &gt; 0 and RES.DUEDATE_ is not null and RES.DUEDATE_ &lt;= ? and (RES.LOCK_EXP_TIME_ is null or RES.LOCK_EXP_TIME_ &lt;= ?) and TYPE_ = &apos;message&apos; and ( (RES.EXECUTION_ID_ is null) or (PI.SUSPENSION_STATE_ = 1) ) LIMIT ? OFFSET ? 
10:48:03,664 [Thread-103] DEBUG org.activiti.engine.impl.persistence.entity.JobEntity.selectAsyncJobsDueToExecute  - ==&gt; Parameters: 2013-10-27 06:00:00.0(Timestamp), 2013-10-27 06:00:00.0(Timestamp), 1(Integer), 0(Integer)
10:48:03,664 [Thread-103] DEBUG org.activiti.engine.impl.persistence.entity.JobEntity.selectAsyncJobsDueToExecute  - &lt;==      Total: 0
10:48:03,664 [Thread-103] DEBUG org.activiti.engine.impl.db.DbSqlSession  - flush summary: 0 insert, 0 update, 0 delete.
10:48:03,664 [Thread-103] DEBUG org.activiti.engine.impl.db.DbSqlSession  - now executing flush...
10:48:03,664 [Thread-103] DEBUG org.activiti.engine.impl.cfg.standalone.StandaloneMybatisTransactionContext  - firing event committing...
10:48:03,664 [Thread-103] DEBUG org.activiti.engine.impl.cfg.standalone.StandaloneMybatisTransactionContext  - committing the ibatis sql session...
10:48:03,664 [Thread-103] DEBUG org.activiti.engine.impl.cfg.standalone.StandaloneMybatisTransactionContext  - firing event committed...
10:48:03,664 [Thread-103] DEBUG org.apache.ibatis.transaction.jdbc.JdbcTransaction  - Resetting autocommit to true on JDBC Connection [conn61: url=jdbc:h2:mem:activiti-AsyncExecutorTest user=SA]
10:48:03,664 [Thread-103] DEBUG org.apache.ibatis.transaction.jdbc.JdbcTransaction  - Closing JDBC Connection [conn61: url=jdbc:h2:mem:activiti-AsyncExecutorTest user=SA]
10:48:03,664 [Thread-103] DEBUG org.apache.ibatis.datasource.pooled.PooledDataSource  - Returned connection 157985567 to pool.
10:48:03,664 [Thread-103] DEBUG org.activiti.engine.impl.interceptor.LogInterceptor  - --- AcquireAsyncJobsDueCmd finished --------------------------------------------------------
10:48:03,664 [Thread-103] DEBUG org.activiti.engine.impl.interceptor.LogInterceptor  - 

10:48:03,664 [Thread-103] DEBUG org.activiti.engine.impl.asyncexecutor.AcquireAsyncJobsDueRunnable  - async job acquisition thread sleeping for 50 millis
10:48:03,710 [Thread-105] DEBUG org.activiti.engine.impl.asyncexecutor.AcquireTimerJobsRunnable  - timer job acquisition thread woke up
10:48:03,711 [Thread-105] DEBUG org.activiti.engine.impl.interceptor.LogInterceptor  - 

10:48:03,710 [Thread-102] DEBUG org.activiti.engine.impl.asyncexecutor.AcquireTimerJobsRunnable  - timer job acquisition thread woke up
10:48:03,711 [Thread-102] DEBUG org.activiti.engine.impl.interceptor.LogInterceptor  - 

10:48:03,711 [Thread-102] DEBUG org.activiti.engine.impl.interceptor.LogInterceptor  - --- starting AcquireTimerJobsCmd --------------------------------------------------------
10:48:03,711 [Thread-112] DEBUG org.activiti.engine.impl.asyncexecutor.AcquireAsyncJobsDueRunnable  - async job acquisition thread woke up
10:48:03,710 [Thread-111] DEBUG org.activiti.engine.impl.asyncexecutor.AcquireTimerJobsRunnable  - timer job acquisition thread woke up
10:48:03,711 [Thread-111] DEBUG org.activiti.engine.impl.interceptor.LogInterceptor  - 

10:48:03,711 [Thread-105] DEBUG org.activiti.engine.impl.interceptor.LogInterceptor  - --- starting AcquireTimerJobsCmd --------------------------------------------------------
10:48:03,711 [Thread-105] DEBUG org.apache.ibatis.transaction.jdbc.JdbcTransaction  - Opening JDBC Connection
10:48:03,711 [Thread-102] DEBUG org.apache.ibatis.transaction.jdbc.JdbcTransaction  - Opening JDBC Connection
10:48:03,711 [Thread-102] DEBUG org.apache.ibatis.datasource.pooled.PooledDataSource  - Checked out connection 720039383 from pool.
10:48:03,711 [Thread-102] DEBUG org.apache.ibatis.transaction.jdbc.JdbcTransaction  - Setting autocommit to false on JDBC Connection [conn59: url=jdbc:h2:mem:activiti-AsyncExecutorTest user=SA]
10:48:03,711 [Thread-102] DEBUG org.activiti.engine.impl.persistence.entity.JobEntity.selectNextTimerJobsToExecute  - ==&gt;  Preparing: select RES.* from ACT_RU_JOB RES LEFT OUTER JOIN ACT_RU_EXECUTION PI ON PI.ID_ = RES.PROCESS_INSTANCE_ID_ where (RES.RETRIES_ &gt; 0) and (RES.DUEDATE_ is null or RES.DUEDATE_ &lt;= ?) and (RES.LOCK_OWNER_ is null or RES.LOCK_EXP_TIME_ &lt;= ?) and TYPE_ = &apos;timer&apos; and ( (RES.EXECUTION_ID_ is null) or (PI.SUSPENSION_STATE_ = 1) ) LIMIT ? OFFSET ? 
10:48:03,711 [Thread-105] DEBUG org.apache.ibatis.datasource.pooled.PooledDataSource  - Checked out connection 996762054 from pool.
10:48:03,711 [Thread-111] DEBUG org.activiti.engine.impl.interceptor.LogInterceptor  - --- starting AcquireTimerJobsCmd --------------------------------------------------------
10:48:03,711 [Thread-106] DEBUG org.activiti.engine.impl.asyncexecutor.AcquireAsyncJobsDueRunnable  - async job acquisition thread woke up
10:48:03,712 [Thread-106] DEBUG org.activiti.engine.impl.interceptor.LogInterceptor  - 

10:48:03,712 [Thread-106] DEBUG org.activiti.engine.impl.interceptor.LogInterceptor  - --- starting AcquireAsyncJobsDueCmd --------------------------------------------------------
10:48:03,711 [Thread-112] DEBUG org.activiti.engine.impl.interceptor.LogInterceptor  - 

10:48:03,712 [Thread-112] DEBUG org.activiti.engine.impl.interceptor.LogInterceptor  - --- starting AcquireAsyncJobsDueCmd --------------------------------------------------------
10:48:03,712 [Thread-106] DEBUG org.apache.ibatis.transaction.jdbc.JdbcTransaction  - Opening JDBC Connection
10:48:03,712 [Thread-106] DEBUG org.apache.ibatis.datasource.pooled.PooledDataSource  - Checked out connection 1970103261 from pool.
10:48:03,712 [Thread-106] DEBUG org.apache.ibatis.transaction.jdbc.JdbcTransaction  - Setting autocommit to false on JDBC Connection [conn63: url=jdbc:h2:mem:activiti-AsyncExecutorTest user=SA]
10:48:03,712 [Thread-111] DEBUG org.apache.ibatis.transaction.jdbc.JdbcTransaction  - Opening JDBC Connection
10:48:03,712 [Thread-111] DEBUG org.apache.ibatis.datasource.pooled.PooledDataSource  - Checked out connection 604408605 from pool.
10:48:03,712 [Thread-105] DEBUG org.apache.ibatis.transaction.jdbc.JdbcTransaction  - Setting autocommit to false on JDBC Connection [conn65: url=jdbc:h2:mem:activiti-AsyncExecutorTest user=SA]
10:48:03,711 [Thread-102] DEBUG org.activiti.engine.impl.persistence.entity.JobEntity.selectNextTimerJobsToExecute  - ==&gt; Parameters: 2013-10-27 06:00:00.0(Timestamp), 2013-10-27 06:00:00.0(Timestamp), 1(Integer), 0(Integer)
10:48:03,712 [Thread-105] DEBUG org.activiti.engine.impl.persistence.entity.JobEntity.selectNextTimerJobsToExecute  - ==&gt;  Preparing: select RES.* from ACT_RU_JOB RES LEFT OUTER JOIN ACT_RU_EXECUTION PI ON PI.ID_ = RES.PROCESS_INSTANCE_ID_ where (RES.RETRIES_ &gt; 0) and (RES.DUEDATE_ is null or RES.DUEDATE_ &lt;= ?) and (RES.LOCK_OWNER_ is null or RES.LOCK_EXP_TIME_ &lt;= ?) and TYPE_ = &apos;timer&apos; and ( (RES.EXECUTION_ID_ is null) or (PI.SUSPENSION_STATE_ = 1) ) LIMIT ? OFFSET ? 
10:48:03,712 [Thread-111] DEBUG org.apache.ibatis.transaction.jdbc.JdbcTransaction  - Setting autocommit to false on JDBC Connection [conn70: url=jdbc:h2:mem:activiti-AsyncExecutorTest user=SA]
10:48:03,712 [Thread-106] DEBUG org.activiti.engine.impl.persistence.entity.JobEntity.selectAsyncJobsDueToExecute  - ==&gt;  Preparing: select RES.* from ACT_RU_JOB RES LEFT OUTER JOIN ACT_RU_EXECUTION PI ON PI.ID_ = RES.PROCESS_INSTANCE_ID_ where RES.RETRIES_ &gt; 0 and RES.DUEDATE_ is not null and RES.DUEDATE_ &lt;= ? and (RES.LOCK_EXP_TIME_ is null or RES.LOCK_EXP_TIME_ &lt;= ?) and TYPE_ = &apos;message&apos; and ( (RES.EXECUTION_ID_ is null) or (PI.SUSPENSION_STATE_ = 1) ) LIMIT ? OFFSET ? 
10:48:03,712 [Thread-112] DEBUG org.apache.ibatis.transaction.jdbc.JdbcTransaction  - Opening JDBC Connection
10:48:03,712 [Thread-112] DEBUG org.apache.ibatis.datasource.pooled.PooledDataSource  - Checked out connection 58501658 from pool.
10:48:03,712 [Thread-112] DEBUG org.apache.ibatis.transaction.jdbc.JdbcTransaction  - Setting autocommit to false on JDBC Connection [conn68: url=jdbc:h2:mem:activiti-AsyncExecutorTest user=SA]
10:48:03,712 [Thread-106] DEBUG org.activiti.engine.impl.persistence.entity.JobEntity.selectAsyncJobsDueToExecute  - ==&gt; Parameters: 2013-10-27 06:00:00.0(Timestamp), 2013-10-27 06:00:00.0(Timestamp), 1(Integer), 0(Integer)
10:48:03,712 [Thread-111] DEBUG org.activiti.engine.impl.persistence.entity.JobEntity.selectNextTimerJobsToExecute  - ==&gt;  Preparing: select RES.* from ACT_RU_JOB RES LEFT OUTER JOIN ACT_RU_EXECUTION PI ON PI.ID_ = RES.PROCESS_INSTANCE_ID_ where (RES.RETRIES_ &gt; 0) and (RES.DUEDATE_ is null or RES.DUEDATE_ &lt;= ?) and (RES.LOCK_OWNER_ is null or RES.LOCK_EXP_TIME_ &lt;= ?) and TYPE_ = &apos;timer&apos; and ( (RES.EXECUTION_ID_ is null) or (PI.SUSPENSION_STATE_ = 1) ) LIMIT ? OFFSET ? 
10:48:03,712 [Thread-105] DEBUG org.activiti.engine.impl.persistence.entity.JobEntity.selectNextTimerJobsToExecute  - ==&gt; Parameters: 2013-10-27 06:00:00.0(Timestamp), 2013-10-27 06:00:00.0(Timestamp), 1(Integer), 0(Integer)
10:48:03,712 [Thread-102] DEBUG org.activiti.engine.impl.persistence.entity.JobEntity.selectNextTimerJobsToExecute  - &lt;==      Total: 0
10:48:03,713 [Thread-105] DEBUG org.activiti.engine.impl.persistence.entity.JobEntity.selectNextTimerJobsToExecute  - &lt;==      Total: 0
10:48:03,713 [Thread-105] DEBUG org.activiti.engine.impl.db.DbSqlSession  - flush summary: 0 insert, 0 update, 0 delete.
10:48:03,713 [Thread-105] DEBUG org.activiti.engine.impl.db.DbSqlSession  - now executing flush...
10:48:03,713 [Thread-111] DEBUG org.activiti.engine.impl.persistence.entity.JobEntity.selectNextTimerJobsToExecute  - ==&gt; Parameters: 2013-10-27 06:00:00.0(Timestamp), 2013-10-27 06:00:00.0(Timestamp), 1(Integer), 0(Integer)
10:48:03,713 [Thread-106] DEBUG org.activiti.engine.impl.persistence.entity.JobEntity.selectAsyncJobsDueToExecute  - &lt;==      Total: 0
10:48:03,713 [Thread-106] DEBUG org.activiti.engine.impl.db.DbSqlSession  - flush summary: 0 insert, 0 update, 0 delete.
10:48:03,713 [Thread-106] DEBUG org.activiti.engine.impl.db.DbSqlSession  - now executing flush...
10:48:03,713 [Thread-106] DEBUG org.activiti.engine.impl.cfg.standalone.StandaloneMybatisTransactionContext  - firing event committing...
10:48:03,713 [Thread-106] DEBUG org.activiti.engine.impl.cfg.standalone.StandaloneMybatisTransactionContext  - committing the ibatis sql session...
10:48:03,713 [Thread-106] DEBUG org.activiti.engine.impl.cfg.standalone.StandaloneMybatisTransactionContext  - firing event committed...
10:48:03,712 [Thread-112] DEBUG org.activiti.engine.impl.persistence.entity.JobEntity.selectAsyncJobsDueToExecute  - ==&gt;  Preparing: select RES.* from ACT_RU_JOB RES LEFT OUTER JOIN ACT_RU_EXECUTION PI ON PI.ID_ = RES.PROCESS_INSTANCE_ID_ where RES.RETRIES_ &gt; 0 and RES.DUEDATE_ is not null and RES.DUEDATE_ &lt;= ? and (RES.LOCK_EXP_TIME_ is null or RES.LOCK_EXP_TIME_ &lt;= ?) and TYPE_ = &apos;message&apos; and ( (RES.EXECUTION_ID_ is null) or (PI.SUSPENSION_STATE_ = 1) ) LIMIT ? OFFSET ? 
10:48:03,713 [Thread-106] DEBUG org.apache.ibatis.transaction.jdbc.JdbcTransaction  - Resetting autocommit to true on JDBC Connection [conn63: url=jdbc:h2:mem:activiti-AsyncExecutorTest user=SA]
10:48:03,713 [Thread-111] DEBUG org.activiti.engine.impl.persistence.entity.JobEntity.selectNextTimerJobsToExecute  - &lt;==      Total: 0
10:48:03,713 [Thread-111] DEBUG org.activiti.engine.impl.db.DbSqlSession  - flush summary: 0 insert, 0 update, 0 delete.
10:48:03,713 [Thread-111] DEBUG org.activiti.engine.impl.db.DbSqlSession  - now executing flush...
10:48:03,713 [Thread-111] DEBUG org.activiti.engine.impl.cfg.standalone.StandaloneMybatisTransactionContext  - firing event committing...
10:48:03,713 [Thread-111] DEBUG org.activiti.engine.impl.cfg.standalone.StandaloneMybatisTransactionContext  - committing the ibatis sql session...
10:48:03,713 [Thread-111] DEBUG org.activiti.engine.impl.cfg.standalone.StandaloneMybatisTransactionContext  - firing event committed...
10:48:03,713 [Thread-105] DEBUG org.activiti.engine.impl.cfg.standalone.StandaloneMybatisTransactionContext  - firing event committing...
10:48:03,713 [Thread-105] DEBUG org.activiti.engine.impl.cfg.standalone.StandaloneMybatisTransactionContext  - committing the ibatis sql session...
10:48:03,713 [Thread-105] DEBUG org.activiti.engine.impl.cfg.standalone.StandaloneMybatisTransactionContext  - firing event committed...
10:48:03,713 [Thread-105] DEBUG org.apache.ibatis.transaction.jdbc.JdbcTransaction  - Resetting autocommit to true on JDBC Connection [conn65: url=jdbc:h2:mem:activiti-AsyncExecutorTest user=SA]
10:48:03,713 [Thread-105] DEBUG org.apache.ibatis.transaction.jdbc.JdbcTransaction  - Closing JDBC Connection [conn65: url=jdbc:h2:mem:activiti-AsyncExecutorTest user=SA]
10:48:03,713 [Thread-105] DEBUG org.apache.ibatis.datasource.pooled.PooledDataSource  - Returned connection 996762054 to pool.
10:48:03,713 [Thread-102] DEBUG org.activiti.engine.impl.db.DbSqlSession  - flush summary: 0 insert, 0 update, 0 delete.
10:48:03,713 [Thread-102] DEBUG org.activiti.engine.impl.db.DbSqlSession  - now executing flush...
10:48:03,713 [Thread-102] DEBUG org.activiti.engine.impl.cfg.standalone.StandaloneMybatisTransactionContext  - firing event committing...
10:48:03,713 [Thread-102] DEBUG org.activiti.engine.impl.cfg.standalone.StandaloneMybatisTransactionContext  - committing the ibatis sql session...
10:48:03,713 [Thread-102] DEBUG org.activiti.engine.impl.cfg.standalone.StandaloneMybatisTransactionContext  - firing event committed...
10:48:03,713 [Thread-102] DEBUG org.apache.ibatis.transaction.jdbc.JdbcTransaction  - Resetting autocommit to true on JDBC Connection [conn59: url=jdbc:h2:mem:activiti-AsyncExecutorTest user=SA]
10:48:03,714 [Thread-102] DEBUG org.apache.ibatis.transaction.jdbc.JdbcTransaction  - Closing JDBC Connection [conn59: url=jdbc:h2:mem:activiti-AsyncExecutorTest user=SA]
10:48:03,714 [Thread-102] DEBUG org.apache.ibatis.datasource.pooled.PooledDataSource  - Returned connection 720039383 to pool.
10:48:03,714 [Thread-102] DEBUG org.activiti.engine.impl.interceptor.LogInterceptor  - --- AcquireTimerJobsCmd finished --------------------------------------------------------
10:48:03,714 [Thread-102] DEBUG org.activiti.engine.impl.interceptor.LogInterceptor  - 

10:48:03,713 [Thread-105] DEBUG org.activiti.engine.impl.interceptor.LogInterceptor  - --- AcquireTimerJobsCmd finished --------------------------------------------------------
10:48:03,714 [Thread-105] DEBUG org.activiti.engine.impl.interceptor.LogInterceptor  - 

10:48:03,714 [Thread-105] DEBUG org.activiti.engine.impl.asyncexecutor.AcquireTimerJobsRunnable  - timer job acquisition thread sleeping for 50 millis
10:48:03,713 [Thread-111] DEBUG org.apache.ibatis.transaction.jdbc.JdbcTransaction  - Resetting autocommit to true on JDBC Connection [conn70: url=jdbc:h2:mem:activiti-AsyncExecutorTest user=SA]
10:48:03,714 [Thread-111] DEBUG org.apache.ibatis.transaction.jdbc.JdbcTransaction  - Closing JDBC Connection [conn70: url=jdbc:h2:mem:activiti-AsyncExecutorTest user=SA]
10:48:03,714 [Thread-111] DEBUG org.apache.ibatis.datasource.pooled.PooledDataSource  - Returned connection 604408605 to pool.
10:48:03,714 [Thread-111] DEBUG org.activiti.engine.impl.interceptor.LogInterceptor  - --- AcquireTimerJobsCmd finished --------------------------------------------------------
10:48:03,714 [Thread-111] DEBUG org.activiti.engine.impl.interceptor.LogInterceptor  - 

10:48:03,714 [Thread-111] DEBUG org.activiti.engine.impl.asyncexecutor.AcquireTimerJobsRunnable  - timer job acquisition thread sleeping for 50 millis
10:48:03,713 [Thread-106] DEBUG org.apache.ibatis.transaction.jdbc.JdbcTransaction  - Closing JDBC Connection [conn63: url=jdbc:h2:mem:activiti-AsyncExecutorTest user=SA]
10:48:03,713 [Thread-112] DEBUG org.activiti.engine.impl.persistence.entity.JobEntity.selectAsyncJobsDueToExecute  - ==&gt; Parameters: 2013-10-27 06:00:00.0(Timestamp), 2013-10-27 06:00:00.0(Timestamp), 1(Integer), 0(Integer)
10:48:03,714 [Thread-106] DEBUG org.apache.ibatis.datasource.pooled.PooledDataSource  - Returned connection 1970103261 to pool.
10:48:03,714 [Thread-106] DEBUG org.activiti.engine.impl.interceptor.LogInterceptor  - --- AcquireAsyncJobsDueCmd finished --------------------------------------------------------
10:48:03,714 [Thread-106] DEBUG org.activiti.engine.impl.interceptor.LogInterceptor  - 

10:48:03,714 [Thread-106] DEBUG org.activiti.engine.impl.asyncexecutor.AcquireAsyncJobsDueRunnable  - async job acquisition thread sleeping for 50 millis
10:48:03,714 [Thread-102] DEBUG org.activiti.engine.impl.asyncexecutor.AcquireTimerJobsRunnable  - timer job acquisition thread sleeping for 50 millis
10:48:03,714 [Thread-112] DEBUG org.activiti.engine.impl.persistence.entity.JobEntity.selectAsyncJobsDueToExecute  - &lt;==      Total: 0
10:48:03,714 [Thread-112] DEBUG org.activiti.engine.impl.db.DbSqlSession  - flush summary: 0 insert, 0 update, 0 delete.
10:48:03,714 [Thread-112] DEBUG org.activiti.engine.impl.db.DbSqlSession  - now executing flush...
10:48:03,714 [Thread-112] DEBUG org.activiti.engine.impl.cfg.standalone.StandaloneMybatisTransactionContext  - firing event committing...
10:48:03,714 [Thread-112] DEBUG org.activiti.engine.impl.cfg.standalone.StandaloneMybatisTransactionContext  - committing the ibatis sql session...
10:48:03,714 [Thread-112] DEBUG org.activiti.engine.impl.cfg.standalone.StandaloneMybatisTransactionContext  - firing event committed...
10:48:03,714 [Thread-112] DEBUG org.apache.ibatis.transaction.jdbc.JdbcTransaction  - Resetting autocommit to true on JDBC Connection [conn68: url=jdbc:h2:mem:activiti-AsyncExecutorTest user=SA]
10:48:03,714 [Thread-112] DEBUG org.apache.ibatis.transaction.jdbc.JdbcTransaction  - Closing JDBC Connection [conn68: url=jdbc:h2:mem:activiti-AsyncExecutorTest user=SA]
10:48:03,714 [Thread-112] DEBUG org.apache.ibatis.datasource.pooled.PooledDataSource  - Returned connection 58501658 to pool.
10:48:03,714 [Thread-112] DEBUG org.activiti.engine.impl.interceptor.LogInterceptor  - --- AcquireAsyncJobsDueCmd finished --------------------------------------------------------
10:48:03,714 [Thread-112] DEBUG org.activiti.engine.impl.interceptor.LogInterceptor  - 

10:48:03,714 [Thread-112] DEBUG org.activiti.engine.impl.asyncexecutor.AcquireAsyncJobsDueRunnable  - async job acquisition thread sleeping for 50 millis
10:48:03,782 [Thread-103] DEBUG org.activiti.engine.impl.asyncexecutor.AcquireAsyncJobsDueRunnable  - async job acquisition thread woke up
10:48:03,783 [Thread-103] DEBUG org.activiti.engine.impl.interceptor.LogInterceptor  - 

10:48:03,783 [Thread-103] DEBUG org.activiti.engine.impl.interceptor.LogInterceptor  - --- starting AcquireAsyncJobsDueCmd --------------------------------------------------------
10:48:03,783 [Thread-103] DEBUG org.apache.ibatis.transaction.jdbc.JdbcTransaction  - Opening JDBC Connection
10:48:03,783 [Thread-103] DEBUG org.apache.ibatis.datasource.pooled.PooledDataSource  - Checked out connection 33534803 from pool.
10:48:03,783 [Thread-103] DEBUG org.apache.ibatis.transaction.jdbc.JdbcTransaction  - Setting autocommit to false on JDBC Connection [conn60: url=jdbc:h2:mem:activiti-AsyncExecutorTest user=SA]
10:48:03,783 [Thread-103] DEBUG org.activiti.engine.impl.persistence.entity.JobEntity.selectAsyncJobsDueToExecute  - ==&gt;  Preparing: select RES.* from ACT_RU_JOB RES LEFT OUTER JOIN ACT_RU_EXECUTION PI ON PI.ID_ = RES.PROCESS_INSTANCE_ID_ where RES.RETRIES_ &gt; 0 and RES.DUEDATE_ is not null and RES.DUEDATE_ &lt;= ? and (RES.LOCK_EXP_TIME_ is null or RES.LOCK_EXP_TIME_ &lt;= ?) and TYPE_ = &apos;message&apos; and ( (RES.EXECUTION_ID_ is null) or (PI.SUSPENSION_STATE_ = 1) ) LIMIT ? OFFSET ? 
10:48:03,783 [Thread-103] DEBUG org.activiti.engine.impl.persistence.entity.JobEntity.selectAsyncJobsDueToExecute  - ==&gt; Parameters: 2013-10-27 06:00:00.0(Timestamp), 2013-10-27 06:00:00.0(Timestamp), 1(Integer), 0(Integer)
10:48:03,783 [Thread-103] DEBUG org.activiti.engine.impl.persistence.entity.JobEntity.selectAsyncJobsDueToExecute  - &lt;==      Total: 0
10:48:03,783 [Thread-103] DEBUG org.activiti.engine.impl.db.DbSqlSession  - flush summary: 0 insert, 0 update, 0 delete.
10:48:03,783 [Thread-103] DEBUG org.activiti.engine.impl.db.DbSqlSession  - now executing flush...
10:48:03,783 [Thread-103] DEBUG org.activiti.engine.impl.cfg.standalone.StandaloneMybatisTransactionContext  - firing event committing...
10:48:03,783 [Thread-103] DEBUG org.activiti.engine.impl.cfg.standalone.StandaloneMybatisTransactionContext  - committing the ibatis sql session...
10:48:03,783 [Thread-103] DEBUG org.activiti.engine.impl.cfg.standalone.StandaloneMybatisTransactionContext  - firing event committed...
10:48:03,783 [Thread-103] DEBUG org.apache.ibatis.transaction.jdbc.JdbcTransaction  - Resetting autocommit to true on JDBC Connection [conn60: url=jdbc:h2:mem:activiti-AsyncExecutorTest user=SA]
10:48:03,783 [Thread-103] DEBUG org.apache.ibatis.transaction.jdbc.JdbcTransaction  - Closing JDBC Connection [conn60: url=jdbc:h2:mem:activiti-AsyncExecutorTest user=SA]
10:48:03,783 [Thread-103] DEBUG org.apache.ibatis.datasource.pooled.PooledDataSource  - Returned connection 33534803 to pool.
10:48:03,783 [Thread-103] DEBUG org.activiti.engine.impl.interceptor.LogInterceptor  - --- AcquireAsyncJobsDueCmd finished --------------------------------------------------------
10:48:03,783 [Thread-103] DEBUG org.activiti.engine.impl.interceptor.LogInterceptor  - 

10:48:03,783 [Thread-103] DEBUG org.activiti.engine.impl.asyncexecutor.AcquireAsyncJobsDueRunnable  - async job acquisition thread sleeping for 50 millis
10:48:03,787 [Thread-102] DEBUG org.activiti.engine.impl.asyncexecutor.AcquireTimerJobsRunnable  - timer job acquisition thread woke up
10:48:03,787 [Thread-111] DEBUG org.activiti.engine.impl.asyncexecutor.AcquireTimerJobsRunnable  - timer job acquisition thread woke up
10:48:03,798 [Thread-111] DEBUG org.activiti.engine.impl.interceptor.LogInterceptor  - 

10:48:03,799 [Thread-111] DEBUG org.activiti.engine.impl.interceptor.LogInterceptor  - --- starting AcquireTimerJobsCmd --------------------------------------------------------
10:48:03,799 [Thread-111] DEBUG org.apache.ibatis.transaction.jdbc.JdbcTransaction  - Opening JDBC Connection
10:48:03,799 [Thread-111] DEBUG org.apache.ibatis.datasource.pooled.PooledDataSource  - Checked out connection 1863805930 from pool.
10:48:03,799 [Thread-111] DEBUG org.apache.ibatis.transaction.jdbc.JdbcTransaction  - Setting autocommit to false on JDBC Connection [conn69: url=jdbc:h2:mem:activiti-AsyncExecutorTest user=SA]
10:48:03,799 [Thread-111] DEBUG org.activiti.engine.impl.persistence.entity.JobEntity.selectNextTimerJobsToExecute  - ==&gt;  Preparing: select RES.* from ACT_RU_JOB RES LEFT OUTER JOIN ACT_RU_EXECUTION PI ON PI.ID_ = RES.PROCESS_INSTANCE_ID_ where (RES.RETRIES_ &gt; 0) and (RES.DUEDATE_ is null or RES.DUEDATE_ &lt;= ?) and (RES.LOCK_OWNER_ is null or RES.LOCK_EXP_TIME_ &lt;= ?) and TYPE_ = &apos;timer&apos; and ( (RES.EXECUTION_ID_ is null) or (PI.SUSPENSION_STATE_ = 1) ) LIMIT ? OFFSET ? 
10:48:03,799 [Thread-111] DEBUG org.activiti.engine.impl.persistence.entity.JobEntity.selectNextTimerJobsToExecute  - ==&gt; Parameters: 2013-10-27 06:00:00.0(Timestamp), 2013-10-27 06:00:00.0(Timestamp), 1(Integer), 0(Integer)
10:48:03,799 [Thread-111] DEBUG org.activiti.engine.impl.persistence.entity.JobEntity.selectNextTimerJobsToExecute  - &lt;==      Total: 0
10:48:03,799 [Thread-111] DEBUG org.activiti.engine.impl.db.DbSqlSession  - flush summary: 0 insert, 0 update, 0 delete.
10:48:03,799 [Thread-111] DEBUG org.activiti.engine.impl.db.DbSqlSession  - now executing flush...
10:48:03,799 [Thread-111] DEBUG org.activiti.engine.impl.cfg.standalone.StandaloneMybatisTransactionContext  - firing event committing...
10:48:03,799 [Thread-111] DEBUG org.activiti.engine.impl.cfg.standalone.StandaloneMybatisTransactionContext  - committing the ibatis sql session...
10:48:03,799 [Thread-111] DEBUG org.activiti.engine.impl.cfg.standalone.StandaloneMybatisTransactionContext  - firing event committed...
10:48:03,799 [Thread-111] DEBUG org.apache.ibatis.transaction.jdbc.JdbcTransaction  - Resetting autocommit to true on JDBC Connection [conn69: url=jdbc:h2:mem:activiti-AsyncExecutorTest user=SA]
10:48:03,799 [Thread-111] DEBUG org.apache.ibatis.transaction.jdbc.JdbcTransaction  - Closing JDBC Connection [conn69: url=jdbc:h2:mem:activiti-AsyncExecutorTest user=SA]
10:48:03,799 [Thread-111] DEBUG org.apache.ibatis.datasource.pooled.PooledDataSource  - Returned connection 1863805930 to pool.
10:48:03,799 [Thread-111] DEBUG org.activiti.engine.impl.interceptor.LogInterceptor  - --- AcquireTimerJobsCmd finished --------------------------------------------------------
10:48:03,799 [Thread-111] DEBUG org.activiti.engine.impl.interceptor.LogInterceptor  - 

10:48:03,800 [Thread-111] DEBUG org.activiti.engine.impl.asyncexecutor.AcquireTimerJobsRunnable  - timer job acquisition thread sleeping for 50 millis
10:48:03,800 [Thread-102] DEBUG org.activiti.engine.impl.interceptor.LogInterceptor  - 

10:48:03,800 [Thread-105] DEBUG org.activiti.engine.impl.asyncexecutor.AcquireTimerJobsRunnable  - timer job acquisition thread woke up
10:48:03,800 [Thread-105] DEBUG org.activiti.engine.impl.interceptor.LogInterceptor  - 

10:48:03,800 [Thread-105] DEBUG org.activiti.engine.impl.interceptor.LogInterceptor  - --- starting AcquireTimerJobsCmd --------------------------------------------------------
10:48:03,800 [Thread-105] DEBUG org.apache.ibatis.transaction.jdbc.JdbcTransaction  - Opening JDBC Connection
10:48:03,800 [Thread-105] DEBUG org.apache.ibatis.datasource.pooled.PooledDataSource  - Checked out connection 54468349 from pool.
10:48:03,800 [Thread-105] DEBUG org.apache.ibatis.transaction.jdbc.JdbcTransaction  - Setting autocommit to false on JDBC Connection [conn64: url=jdbc:h2:mem:activiti-AsyncExecutorTest user=SA]
10:48:03,800 [Thread-105] DEBUG org.activiti.engine.impl.persistence.entity.JobEntity.selectNextTimerJobsToExecute  - ==&gt;  Preparing: select RES.* from ACT_RU_JOB RES LEFT OUTER JOIN ACT_RU_EXECUTION PI ON PI.ID_ = RES.PROCESS_INSTANCE_ID_ where (RES.RETRIES_ &gt; 0) and (RES.DUEDATE_ is null or RES.DUEDATE_ &lt;= ?) and (RES.LOCK_OWNER_ is null or RES.LOCK_EXP_TIME_ &lt;= ?) and TYPE_ = &apos;timer&apos; and ( (RES.EXECUTION_ID_ is null) or (PI.SUSPENSION_STATE_ = 1) ) LIMIT ? OFFSET ? 
10:48:03,800 [Thread-105] DEBUG org.activiti.engine.impl.persistence.entity.JobEntity.selectNextTimerJobsToExecute  - ==&gt; Parameters: 2013-10-27 06:00:00.0(Timestamp), 2013-10-27 06:00:00.0(Timestamp), 1(Integer), 0(Integer)
10:48:03,800 [Thread-105] DEBUG org.activiti.engine.impl.persistence.entity.JobEntity.selectNextTimerJobsToExecute  - &lt;==      Total: 0
10:48:03,801 [Thread-105] DEBUG org.activiti.engine.impl.db.DbSqlSession  - flush summary: 0 insert, 0 update, 0 delete.
10:48:03,801 [Thread-105] DEBUG org.activiti.engine.impl.db.DbSqlSession  - now executing flush...
10:48:03,801 [Thread-105] DEBUG org.activiti.engine.impl.cfg.standalone.StandaloneMybatisTransactionContext  - firing event committing...
10:48:03,801 [Thread-105] DEBUG org.activiti.engine.impl.cfg.standalone.StandaloneMybatisTransactionContext  - committing the ibatis sql session...
10:48:03,801 [Thread-105] DEBUG org.activiti.engine.impl.cfg.standalone.StandaloneMybatisTransactionContext  - firing event committed...
10:48:03,801 [Thread-105] DEBUG org.apache.ibatis.transaction.jdbc.JdbcTransaction  - Resetting autocommit to true on JDBC Connection [conn64: url=jdbc:h2:mem:activiti-AsyncExecutorTest user=SA]
10:48:03,801 [Thread-102] DEBUG org.activiti.engine.impl.interceptor.LogInterceptor  - --- starting AcquireTimerJobsCmd --------------------------------------------------------
10:48:03,801 [Thread-105] DEBUG org.apache.ibatis.transaction.jdbc.JdbcTransaction  - Closing JDBC Connection [conn64: url=jdbc:h2:mem:activiti-AsyncExecutorTest user=SA]
10:48:03,801 [Thread-102] DEBUG org.apache.ibatis.transaction.jdbc.JdbcTransaction  - Opening JDBC Connection
10:48:03,801 [Thread-105] DEBUG org.apache.ibatis.datasource.pooled.PooledDataSource  - Returned connection 54468349 to pool.
10:48:03,801 [Thread-102] DEBUG org.apache.ibatis.datasource.pooled.PooledDataSource  - Checked out connection 157985567 from pool.
10:48:03,801 [Thread-102] DEBUG org.apache.ibatis.transaction.jdbc.JdbcTransaction  - Setting autocommit to false on JDBC Connection [conn61: url=jdbc:h2:mem:activiti-AsyncExecutorTest user=SA]
10:48:03,801 [Thread-102] DEBUG org.activiti.engine.impl.persistence.entity.JobEntity.selectNextTimerJobsToExecute  - ==&gt;  Preparing: select RES.* from ACT_RU_JOB RES LEFT OUTER JOIN ACT_RU_EXECUTION PI ON PI.ID_ = RES.PROCESS_INSTANCE_ID_ where (RES.RETRIES_ &gt; 0) and (RES.DUEDATE_ is null or RES.DUEDATE_ &lt;= ?) and (RES.LOCK_OWNER_ is null or RES.LOCK_EXP_TIME_ &lt;= ?) and TYPE_ = &apos;timer&apos; and ( (RES.EXECUTION_ID_ is null) or (PI.SUSPENSION_STATE_ = 1) ) LIMIT ? OFFSET ? 
10:48:03,801 [Thread-105] DEBUG org.activiti.engine.impl.interceptor.LogInterceptor  - --- AcquireTimerJobsCmd finished --------------------------------------------------------
10:48:03,801 [Thread-105] DEBUG org.activiti.engine.impl.interceptor.LogInterceptor  - 

10:48:03,801 [Thread-105] DEBUG org.activiti.engine.impl.asyncexecutor.AcquireTimerJobsRunnable  - timer job acquisition thread sleeping for 50 millis
10:48:03,801 [Thread-102] DEBUG org.activiti.engine.impl.persistence.entity.JobEntity.selectNextTimerJobsToExecute  - ==&gt; Parameters: 2013-10-27 06:00:00.0(Timestamp), 2013-10-27 06:00:00.0(Timestamp), 1(Integer), 0(Integer)
10:48:03,801 [Thread-102] DEBUG org.activiti.engine.impl.persistence.entity.JobEntity.selectNextTimerJobsToExecute  - &lt;==      Total: 0
10:48:03,801 [Thread-102] DEBUG org.activiti.engine.impl.db.DbSqlSession  - flush summary: 0 insert, 0 update, 0 delete.
10:48:03,801 [Thread-102] DEBUG org.activiti.engine.impl.db.DbSqlSession  - now executing flush...
10:48:03,801 [Thread-112] DEBUG org.activiti.engine.impl.asyncexecutor.AcquireAsyncJobsDueRunnable  - async job acquisition thread woke up
10:48:03,802 [Thread-112] DEBUG org.activiti.engine.impl.interceptor.LogInterceptor  - 

10:48:03,802 [Thread-112] DEBUG org.activiti.engine.impl.interceptor.LogInterceptor  - --- starting AcquireAsyncJobsDueCmd --------------------------------------------------------
10:48:03,802 [Thread-112] DEBUG org.apache.ibatis.transaction.jdbc.JdbcTransaction  - Opening JDBC Connection
10:48:03,802 [Thread-112] DEBUG org.apache.ibatis.datasource.pooled.PooledDataSource  - Checked out connection 604408605 from pool.
10:48:03,802 [Thread-112] DEBUG org.apache.ibatis.transaction.jdbc.JdbcTransaction  - Setting autocommit to false on JDBC Connection [conn70: url=jdbc:h2:mem:activiti-AsyncExecutorTest user=SA]
10:48:03,801 [Thread-106] DEBUG org.activiti.engine.impl.asyncexecutor.AcquireAsyncJobsDueRunnable  - async job acquisition thread woke up
10:48:03,802 [Thread-106] DEBUG org.activiti.engine.impl.interceptor.LogInterceptor  - 

10:48:03,802 [Thread-106] DEBUG org.activiti.engine.impl.interceptor.LogInterceptor  - --- starting AcquireAsyncJobsDueCmd --------------------------------------------------------
10:48:03,802 [Thread-112] DEBUG org.activiti.engine.impl.persistence.entity.JobEntity.selectAsyncJobsDueToExecute  - ==&gt;  Preparing: select RES.* from ACT_RU_JOB RES LEFT OUTER JOIN ACT_RU_EXECUTION PI ON PI.ID_ = RES.PROCESS_INSTANCE_ID_ where RES.RETRIES_ &gt; 0 and RES.DUEDATE_ is not null and RES.DUEDATE_ &lt;= ? and (RES.LOCK_EXP_TIME_ is null or RES.LOCK_EXP_TIME_ &lt;= ?) and TYPE_ = &apos;message&apos; and ( (RES.EXECUTION_ID_ is null) or (PI.SUSPENSION_STATE_ = 1) ) LIMIT ? OFFSET ? 
10:48:03,801 [Thread-102] DEBUG org.activiti.engine.impl.cfg.standalone.StandaloneMybatisTransactionContext  - firing event committing...
10:48:03,802 [Thread-102] DEBUG org.activiti.engine.impl.cfg.standalone.StandaloneMybatisTransactionContext  - committing the ibatis sql session...
10:48:03,802 [Thread-102] DEBUG org.activiti.engine.impl.cfg.standalone.StandaloneMybatisTransactionContext  - firing event committed...
10:48:03,802 [Thread-112] DEBUG org.activiti.engine.impl.persistence.entity.JobEntity.selectAsyncJobsDueToExecute  - ==&gt; Parameters: 2013-10-27 06:00:00.0(Timestamp), 2013-10-27 06:00:00.0(Timestamp), 1(Integer), 0(Integer)
10:48:03,802 [Thread-106] DEBUG org.apache.ibatis.transaction.jdbc.JdbcTransaction  - Opening JDBC Connection
10:48:03,802 [Thread-112] DEBUG org.activiti.engine.impl.persistence.entity.JobEntity.selectAsyncJobsDueToExecute  - &lt;==      Total: 0
10:48:03,802 [Thread-102] DEBUG org.apache.ibatis.transaction.jdbc.JdbcTransaction  - Resetting autocommit to true on JDBC Connection [conn61: url=jdbc:h2:mem:activiti-AsyncExecutorTest user=SA]
10:48:03,803 [Thread-102] DEBUG org.apache.ibatis.transaction.jdbc.JdbcTransaction  - Closing JDBC Connection [conn61: url=jdbc:h2:mem:activiti-AsyncExecutorTest user=SA]
10:48:03,803 [Thread-102] DEBUG org.apache.ibatis.datasource.pooled.PooledDataSource  - Returned connection 157985567 to pool.
10:48:03,802 [Thread-112] DEBUG org.activiti.engine.impl.db.DbSqlSession  - flush summary: 0 insert, 0 update, 0 delete.
10:48:03,803 [Thread-112] DEBUG org.activiti.engine.impl.db.DbSqlSession  - now executing flush...
10:48:03,802 [Thread-106] DEBUG org.apache.ibatis.datasource.pooled.PooledDataSource  - Checked out connection 996762054 from pool.
10:48:03,803 [Thread-112] DEBUG org.activiti.engine.impl.cfg.standalone.StandaloneMybatisTransactionContext  - firing event committing...
10:48:03,803 [Thread-112] DEBUG org.activiti.engine.impl.cfg.standalone.StandaloneMybatisTransactionContext  - committing the ibatis sql session...
10:48:03,803 [Thread-112] DEBUG org.activiti.engine.impl.cfg.standalone.StandaloneMybatisTransactionContext  - firing event committed...
10:48:03,803 [Thread-102] DEBUG org.activiti.engine.impl.interceptor.LogInterceptor  - --- AcquireTimerJobsCmd finished --------------------------------------------------------
10:48:03,803 [Thread-102] DEBUG org.activiti.engine.impl.interceptor.LogInterceptor  - 

10:48:03,803 [Thread-112] DEBUG org.apache.ibatis.transaction.jdbc.JdbcTransaction  - Resetting autocommit to true on JDBC Connection [conn70: url=jdbc:h2:mem:activiti-AsyncExecutorTest user=SA]
10:48:03,803 [Thread-106] DEBUG org.apache.ibatis.transaction.jdbc.JdbcTransaction  - Setting autocommit to false on JDBC Connection [conn65: url=jdbc:h2:mem:activiti-AsyncExecutorTest user=SA]
10:48:03,803 [Thread-112] DEBUG org.apache.ibatis.transaction.jdbc.JdbcTransaction  - Closing JDBC Connection [conn70: url=jdbc:h2:mem:activiti-AsyncExecutorTest user=SA]
10:48:03,803 [Thread-112] DEBUG org.apache.ibatis.datasource.pooled.PooledDataSource  - Returned connection 604408605 to pool.
10:48:03,803 [Thread-102] DEBUG org.activiti.engine.impl.asyncexecutor.AcquireTimerJobsRunnable  - timer job acquisition thread sleeping for 50 millis
10:48:03,803 [Thread-112] DEBUG org.activiti.engine.impl.interceptor.LogInterceptor  - --- AcquireAsyncJobsDueCmd finished --------------------------------------------------------
10:48:03,803 [Thread-112] DEBUG org.activiti.engine.impl.interceptor.LogInterceptor  - 

10:48:03,803 [Thread-106] DEBUG org.activiti.engine.impl.persistence.entity.JobEntity.selectAsyncJobsDueToExecute  - ==&gt;  Preparing: select RES.* from ACT_RU_JOB RES LEFT OUTER JOIN ACT_RU_EXECUTION PI ON PI.ID_ = RES.PROCESS_INSTANCE_ID_ where RES.RETRIES_ &gt; 0 and RES.DUEDATE_ is not null and RES.DUEDATE_ &lt;= ? and (RES.LOCK_EXP_TIME_ is null or RES.LOCK_EXP_TIME_ &lt;= ?) and TYPE_ = &apos;message&apos; and ( (RES.EXECUTION_ID_ is null) or (PI.SUSPENSION_STATE_ = 1) ) LIMIT ? OFFSET ? 
10:48:03,803 [Thread-112] DEBUG org.activiti.engine.impl.asyncexecutor.AcquireAsyncJobsDueRunnable  - async job acquisition thread sleeping for 50 millis
10:48:03,803 [Thread-106] DEBUG org.activiti.engine.impl.persistence.entity.JobEntity.selectAsyncJobsDueToExecute  - ==&gt; Parameters: 2013-10-27 06:00:00.0(Timestamp), 2013-10-27 06:00:00.0(Timestamp), 1(Integer), 0(Integer)
10:48:03,804 [Thread-106] DEBUG org.activiti.engine.impl.persistence.entity.JobEntity.selectAsyncJobsDueToExecute  - &lt;==      Total: 0
10:48:03,804 [Thread-106] DEBUG org.activiti.engine.impl.db.DbSqlSession  - flush summary: 0 insert, 0 update, 0 delete.
10:48:03,804 [Thread-106] DEBUG org.activiti.engine.impl.db.DbSqlSession  - now executing flush...
10:48:03,804 [Thread-106] DEBUG org.activiti.engine.impl.cfg.standalone.StandaloneMybatisTransactionContext  - firing event committing...
10:48:03,804 [Thread-106] DEBUG org.activiti.engine.impl.cfg.standalone.StandaloneMybatisTransactionContext  - committing the ibatis sql session...
10:48:03,804 [Thread-106] DEBUG org.activiti.engine.impl.cfg.standalone.StandaloneMybatisTransactionContext  - firing event committed...
10:48:03,804 [Thread-106] DEBUG org.apache.ibatis.transaction.jdbc.JdbcTransaction  - Resetting autocommit to true on JDBC Connection [conn65: url=jdbc:h2:mem:activiti-AsyncExecutorTest user=SA]
10:48:03,804 [Thread-106] DEBUG org.apache.ibatis.transaction.jdbc.JdbcTransaction  - Closing JDBC Connection [conn65: url=jdbc:h2:mem:activiti-AsyncExecutorTest user=SA]
10:48:03,804 [Thread-106] DEBUG org.apache.ibatis.datasource.pooled.PooledDataSource  - Returned connection 996762054 to pool.
10:48:03,804 [Thread-106] DEBUG org.activiti.engine.impl.interceptor.LogInterceptor  - --- AcquireAsyncJobsDueCmd finished --------------------------------------------------------
10:48:03,804 [Thread-106] DEBUG org.activiti.engine.impl.interceptor.LogInterceptor  - 

10:48:03,804 [Thread-106] DEBUG org.activiti.engine.impl.asyncexecutor.AcquireAsyncJobsDueRunnable  - async job acquisition thread sleeping for 50 millis
10:48:03,835 [Thread-103] DEBUG org.activiti.engine.impl.asyncexecutor.AcquireAsyncJobsDueRunnable  - async job acquisition thread woke up
10:48:03,835 [Thread-103] DEBUG org.activiti.engine.impl.interceptor.LogInterceptor  - 

10:48:03,835 [Thread-103] DEBUG org.activiti.engine.impl.interceptor.LogInterceptor  - --- starting AcquireAsyncJobsDueCmd --------------------------------------------------------
10:48:03,835 [Thread-103] DEBUG org.apache.ibatis.transaction.jdbc.JdbcTransaction  - Opening JDBC Connection
10:48:03,835 [Thread-103] DEBUG org.apache.ibatis.datasource.pooled.PooledDataSource  - Checked out connection 720039383 from pool.
10:48:03,835 [Thread-103] DEBUG org.apache.ibatis.transaction.jdbc.JdbcTransaction  - Setting autocommit to false on JDBC Connection [conn59: url=jdbc:h2:mem:activiti-AsyncExecutorTest user=SA]
10:48:03,835 [Thread-103] DEBUG org.activiti.engine.impl.persistence.entity.JobEntity.selectAsyncJobsDueToExecute  - ==&gt;  Preparing: select RES.* from ACT_RU_JOB RES LEFT OUTER JOIN ACT_RU_EXECUTION PI ON PI.ID_ = RES.PROCESS_INSTANCE_ID_ where RES.RETRIES_ &gt; 0 and RES.DUEDATE_ is not null and RES.DUEDATE_ &lt;= ? and (RES.LOCK_EXP_TIME_ is null or RES.LOCK_EXP_TIME_ &lt;= ?) and TYPE_ = &apos;message&apos; and ( (RES.EXECUTION_ID_ is null) or (PI.SUSPENSION_STATE_ = 1) ) LIMIT ? OFFSET ? 
10:48:03,835 [Thread-103] DEBUG org.activiti.engine.impl.persistence.entity.JobEntity.selectAsyncJobsDueToExecute  - ==&gt; Parameters: 2013-10-27 06:00:00.0(Timestamp), 2013-10-27 06:00:00.0(Timestamp), 1(Integer), 0(Integer)
10:48:03,835 [Thread-103] DEBUG org.activiti.engine.impl.persistence.entity.JobEntity.selectAsyncJobsDueToExecute  - &lt;==      Total: 0
10:48:03,835 [Thread-103] DEBUG org.activiti.engine.impl.db.DbSqlSession  - flush summary: 0 insert, 0 update, 0 delete.
10:48:03,835 [Thread-103] DEBUG org.activiti.engine.impl.db.DbSqlSession  - now executing flush...
10:48:03,835 [Thread-103] DEBUG org.activiti.engine.impl.cfg.standalone.StandaloneMybatisTransactionContext  - firing event committing...
10:48:03,835 [Thread-103] DEBUG org.activiti.engine.impl.cfg.standalone.StandaloneMybatisTransactionContext  - committing the ibatis sql session...
10:48:03,835 [Thread-103] DEBUG org.activiti.engine.impl.cfg.standalone.StandaloneMybatisTransactionContext  - firing event committed...
10:48:03,835 [Thread-103] DEBUG org.apache.ibatis.transaction.jdbc.JdbcTransaction  - Resetting autocommit to true on JDBC Connection [conn59: url=jdbc:h2:mem:activiti-AsyncExecutorTest user=SA]
10:48:03,835 [Thread-103] DEBUG org.apache.ibatis.transaction.jdbc.JdbcTransaction  - Closing JDBC Connection [conn59: url=jdbc:h2:mem:activiti-AsyncExecutorTest user=SA]
10:48:03,835 [Thread-103] DEBUG org.apache.ibatis.datasource.pooled.PooledDataSource  - Returned connection 720039383 to pool.
10:48:03,835 [Thread-103] DEBUG org.activiti.engine.impl.interceptor.LogInterceptor  - --- AcquireAsyncJobsDueCmd finished --------------------------------------------------------
10:48:03,835 [Thread-103] DEBUG org.activiti.engine.impl.interceptor.LogInterceptor  - 

10:48:03,835 [Thread-103] DEBUG org.activiti.engine.impl.asyncexecutor.AcquireAsyncJobsDueRunnable  - async job acquisition thread sleeping for 50 millis
10:48:03,850 [Thread-111] DEBUG org.activiti.engine.impl.asyncexecutor.AcquireTimerJobsRunnable  - timer job acquisition thread woke up
10:48:03,850 [Thread-111] DEBUG org.activiti.engine.impl.interceptor.LogInterceptor  - 

10:48:03,850 [Thread-111] DEBUG org.activiti.engine.impl.interceptor.LogInterceptor  - --- starting AcquireTimerJobsCmd --------------------------------------------------------
10:48:03,850 [Thread-111] DEBUG org.apache.ibatis.transaction.jdbc.JdbcTransaction  - Opening JDBC Connection
10:48:03,850 [Thread-111] DEBUG org.apache.ibatis.datasource.pooled.PooledDataSource  - Checked out connection 58501658 from pool.
10:48:03,850 [Thread-111] DEBUG org.apache.ibatis.transaction.jdbc.JdbcTransaction  - Setting autocommit to false on JDBC Connection [conn68: url=jdbc:h2:mem:activiti-AsyncExecutorTest user=SA]
10:48:03,850 [Thread-111] DEBUG org.activiti.engine.impl.persistence.entity.JobEntity.selectNextTimerJobsToExecute  - ==&gt;  Preparing: select RES.* from ACT_RU_JOB RES LEFT OUTER JOIN ACT_RU_EXECUTION PI ON PI.ID_ = RES.PROCESS_INSTANCE_ID_ where (RES.RETRIES_ &gt; 0) and (RES.DUEDATE_ is null or RES.DUEDATE_ &lt;= ?) and (RES.LOCK_OWNER_ is null or RES.LOCK_EXP_TIME_ &lt;= ?) and TYPE_ = &apos;timer&apos; and ( (RES.EXECUTION_ID_ is null) or (PI.SUSPENSION_STATE_ = 1) ) LIMIT ? OFFSET ? 
10:48:03,850 [Thread-111] DEBUG org.activiti.engine.impl.persistence.entity.JobEntity.selectNextTimerJobsToExecute  - ==&gt; Parameters: 2013-10-27 06:00:00.0(Timestamp), 2013-10-27 06:00:00.0(Timestamp), 1(Integer), 0(Integer)
10:48:03,850 [Thread-111] DEBUG org.activiti.engine.impl.persistence.entity.JobEntity.selectNextTimerJobsToExecute  - &lt;==      Total: 0
10:48:03,850 [Thread-111] DEBUG org.activiti.engine.impl.db.DbSqlSession  - flush summary: 0 insert, 0 update, 0 delete.
10:48:03,850 [Thread-111] DEBUG org.activiti.engine.impl.db.DbSqlSession  - now executing flush...
10:48:03,850 [Thread-111] DEBUG org.activiti.engine.impl.cfg.standalone.StandaloneMybatisTransactionContext  - firing event committing...
10:48:03,850 [Thread-111] DEBUG org.activiti.engine.impl.cfg.standalone.StandaloneMybatisTransactionContext  - committing the ibatis sql session...
10:48:03,850 [Thread-111] DEBUG org.activiti.engine.impl.cfg.standalone.StandaloneMybatisTransactionContext  - firing event committed...
10:48:03,850 [Thread-111] DEBUG org.apache.ibatis.transaction.jdbc.JdbcTransaction  - Resetting autocommit to true on JDBC Connection [conn68: url=jdbc:h2:mem:activiti-AsyncExecutorTest user=SA]
10:48:03,850 [Thread-111] DEBUG org.apache.ibatis.transaction.jdbc.JdbcTransaction  - Closing JDBC Connection [conn68: url=jdbc:h2:mem:activiti-AsyncExecutorTest user=SA]
10:48:03,850 [Thread-111] DEBUG org.apache.ibatis.datasource.pooled.PooledDataSource  - Returned connection 58501658 to pool.
10:48:03,850 [Thread-111] DEBUG org.activiti.engine.impl.interceptor.LogInterceptor  - --- AcquireTimerJobsCmd finished --------------------------------------------------------
10:48:03,850 [Thread-111] DEBUG org.activiti.engine.impl.interceptor.LogInterceptor  - 

10:48:03,850 [Thread-111] DEBUG org.activiti.engine.impl.asyncexecutor.AcquireTimerJobsRunnable  - timer job acquisition thread sleeping for 50 millis
10:48:03,861 [main] DEBUG org.activiti.engine.impl.interceptor.LogInterceptor  - 

10:48:03,861 [main] DEBUG org.activiti.engine.impl.interceptor.LogInterceptor  - --- starting SchemaOperationsProcessEngineBuild --------------------------------------------------------
10:48:03,861 [main] DEBUG org.apache.ibatis.transaction.jdbc.JdbcTransaction  - Opening JDBC Connection
10:48:03,861 [main] DEBUG org.apache.ibatis.datasource.pooled.PooledDataSource  - Checked out connection 1795131572 from pool.
10:48:03,861 [main] DEBUG org.apache.ibatis.transaction.jdbc.JdbcTransaction  - Setting autocommit to false on JDBC Connection [conn84: url=jdbc:h2:mem:activiti user=SA]
10:48:03,862 [main] DEBUG org.activiti.engine.impl.persistence.entity.PropertyEntity.selectProperty  - ==&gt;  Preparing: select * from ACT_GE_PROPERTY where NAME_ = ? 
10:48:03,862 [main] DEBUG org.activiti.engine.impl.persistence.entity.PropertyEntity.selectProperty  - ==&gt; Parameters: schema.version(String)
10:48:03,862 [main] DEBUG org.activiti.engine.impl.persistence.entity.PropertyEntity.selectProperty  - &lt;==      Total: 1
10:48:03,863 [main] DEBUG org.activiti.engine.impl.db.DbSqlSession  - flush summary: 0 insert, 0 update, 0 delete.
10:48:03,863 [main] DEBUG org.activiti.engine.impl.db.DbSqlSession  - now executing flush...
10:48:03,863 [main] DEBUG org.activiti.engine.impl.cfg.standalone.StandaloneMybatisTransactionContext  - firing event committing...
10:48:03,863 [main] DEBUG org.activiti.engine.impl.cfg.standalone.StandaloneMybatisTransactionContext  - committing the ibatis sql session...
10:48:03,863 [main] DEBUG org.activiti.engine.impl.cfg.standalone.StandaloneMybatisTransactionContext  - firing event committed...
10:48:03,863 [main] DEBUG org.apache.ibatis.transaction.jdbc.JdbcTransaction  - Resetting autocommit to true on JDBC Connection [conn84: url=jdbc:h2:mem:activiti user=SA]
10:48:03,863 [main] DEBUG org.apache.ibatis.transaction.jdbc.JdbcTransaction  - Closing JDBC Connection [conn84: url=jdbc:h2:mem:activiti user=SA]
10:48:03,863 [main] DEBUG org.apache.ibatis.datasource.pooled.PooledDataSource  - Returned connection 1795131572 to pool.
10:48:03,863 [main] DEBUG org.activiti.engine.impl.interceptor.LogInterceptor  - --- SchemaOperationsProcessEngineBuild finished --------------------------------------------------------
10:48:03,863 [main] DEBUG org.activiti.engine.impl.interceptor.LogInterceptor  - 

10:48:03,863 [main] INFO  org.activiti.engine.impl.ProcessEngineImpl  - ProcessEngine default created
10:48:03,863 [main] DEBUG org.activiti.engine.impl.test.PvmTestCase  - 

10:48:03,863 [main] DEBUG org.activiti.engine.impl.test.PvmTestCase  - #### START EngineEventsTest.testEngineEventsTest ###########################################################
10:48:03,864 [main] DEBUG org.springframework.beans.factory.support.DefaultListableBeanFactory  - Returning cached instance of singleton bean &apos;eventListener&apos;
10:48:03,864 [main] DEBUG org.activiti.engine.impl.interceptor.LogInterceptor  - 

10:48:03,864 [main] DEBUG org.activiti.engine.impl.interceptor.LogInterceptor  - --- starting SchemaOperationProcessEngineClose --------------------------------------------------------
10:48:03,864 [main] DEBUG org.activiti.engine.impl.db.DbSqlSession  - flush summary: 0 insert, 0 update, 0 delete.
10:48:03,864 [main] DEBUG org.activiti.engine.impl.db.DbSqlSession  - now executing flush...
10:48:03,864 [main] DEBUG org.activiti.engine.impl.cfg.standalone.StandaloneMybatisTransactionContext  - firing event committing...
10:48:03,864 [main] DEBUG org.activiti.engine.impl.cfg.standalone.StandaloneMybatisTransactionContext  - committing the ibatis sql session...
10:48:03,864 [main] DEBUG org.activiti.engine.impl.cfg.standalone.StandaloneMybatisTransactionContext  - firing event committed...
10:48:03,864 [main] DEBUG org.activiti.engine.impl.interceptor.LogInterceptor  - --- SchemaOperationProcessEngineClose finished --------------------------------------------------------
10:48:03,864 [main] DEBUG org.activiti.engine.impl.interceptor.LogInterceptor  - 

10:48:03,864 [main] DEBUG org.activiti.engine.impl.test.PvmTestCase  - #### END EngineEventsTest.testEngineEventsTest #############################################################
10:48:03,864 [main] DEBUG org.activiti.engine.impl.test.PvmTestCase  - verifying that db is clean after test
10:48:03,864 [main] DEBUG org.activiti.engine.impl.interceptor.LogInterceptor  - 

10:48:03,864 [main] DEBUG org.activiti.engine.impl.interceptor.LogInterceptor  - --- starting GetTableCountCmd --------------------------------------------------------
10:48:03,864 [main] DEBUG org.apache.ibatis.transaction.jdbc.JdbcTransaction  - Opening JDBC Connection
10:48:03,864 [main] DEBUG org.apache.ibatis.datasource.pooled.PooledDataSource  - Checked out connection 1795131572 from pool.
10:48:03,864 [main] DEBUG org.apache.ibatis.transaction.jdbc.JdbcTransaction  - Setting autocommit to false on JDBC Connection [conn84: url=jdbc:h2:mem:activiti user=SA]
10:48:03,864 [main] DEBUG org.activiti.engine.impl.persistence.entity.TableDataManager  - retrieving activiti tables from jdbc metadata
10:48:03,864 [main] DEBUG org.activiti.engine.impl.persistence.entity.TableDataManager  -   retrieved activiti table name ACT_EVT_LOG
10:48:03,864 [main] DEBUG org.activiti.engine.impl.persistence.entity.TableDataManager  -   retrieved activiti table name ACT_GE_BYTEARRAY
10:48:03,864 [main] DEBUG org.activiti.engine.impl.persistence.entity.TableDataManager  -   retrieved activiti table name ACT_GE_PROPERTY
10:48:03,864 [main] DEBUG org.activiti.engine.impl.persistence.entity.TableDataManager  -   retrieved activiti table name ACT_HI_ACTINST
10:48:03,864 [main] DEBUG org.activiti.engine.impl.persistence.entity.TableDataManager  -   retrieved activiti table name ACT_HI_ATTACHMENT
10:48:03,864 [main] DEBUG org.activiti.engine.impl.persistence.entity.TableDataManager  -   retrieved activiti table name ACT_HI_COMMENT
10:48:03,864 [main] DEBUG org.activiti.engine.impl.persistence.entity.TableDataManager  -   retrieved activiti table name ACT_HI_DETAIL
10:48:03,864 [main] DEBUG org.activiti.engine.impl.persistence.entity.TableDataManager  -   retrieved activiti table name ACT_HI_IDENTITYLINK
10:48:03,864 [main] DEBUG org.activiti.engine.impl.persistence.entity.TableDataManager  -   retrieved activiti table name ACT_HI_PROCINST
10:48:03,864 [main] DEBUG org.activiti.engine.impl.persistence.entity.TableDataManager  -   retrieved activiti table name ACT_HI_TASKINST
10:48:03,864 [main] DEBUG org.activiti.engine.impl.persistence.entity.TableDataManager  -   retrieved activiti table name ACT_HI_VARINST
10:48:03,864 [main] DEBUG org.activiti.engine.impl.persistence.entity.TableDataManager  -   retrieved activiti table name ACT_ID_GROUP
10:48:03,864 [main] DEBUG org.activiti.engine.impl.persistence.entity.TableDataManager  -   retrieved activiti table name ACT_ID_INFO
10:48:03,864 [main] DEBUG org.activiti.engine.impl.persistence.entity.TableDataManager  -   retrieved activiti table name ACT_ID_MEMBERSHIP
10:48:03,864 [main] DEBUG org.activiti.engine.impl.persistence.entity.TableDataManager  -   retrieved activiti table name ACT_ID_USER
10:48:03,864 [main] DEBUG org.activiti.engine.impl.persistence.entity.TableDataManager  -   retrieved activiti table name ACT_PROCDEF_INFO
10:48:03,865 [main] DEBUG org.activiti.engine.impl.persistence.entity.TableDataManager  -   retrieved activiti table name ACT_RE_DEPLOYMENT
10:48:03,865 [main] DEBUG org.activiti.engine.impl.persistence.entity.TableDataManager  -   retrieved activiti table name ACT_RE_MODEL
10:48:03,865 [main] DEBUG org.activiti.engine.impl.persistence.entity.TableDataManager  -   retrieved activiti table name ACT_RE_PROCDEF
10:48:03,865 [main] DEBUG org.activiti.engine.impl.persistence.entity.TableDataManager  -   retrieved activiti table name ACT_RU_EVENT_SUBSCR
10:48:03,865 [main] DEBUG org.activiti.engine.impl.persistence.entity.TableDataManager  -   retrieved activiti table name ACT_RU_EXECUTION
10:48:03,865 [main] DEBUG org.activiti.engine.impl.persistence.entity.TableDataManager  -   retrieved activiti table name ACT_RU_IDENTITYLINK
10:48:03,865 [main] DEBUG org.activiti.engine.impl.persistence.entity.TableDataManager  -   retrieved activiti table name ACT_RU_JOB
10:48:03,865 [main] DEBUG org.activiti.engine.impl.persistence.entity.TableDataManager  -   retrieved activiti table name ACT_RU_TASK
10:48:03,865 [main] DEBUG org.activiti.engine.impl.persistence.entity.TableDataManager  -   retrieved activiti table name ACT_RU_VARIABLE
10:48:03,865 [main] DEBUG org.activiti.engine.impl.persistence.entity.TableDataManager  - selecting table count for ACT_EVT_LOG
10:48:03,867 [main] DEBUG org.activiti.engine.impl.TablePageMap.selectTableCount  - ==&gt;  Preparing: select count(*) from ACT_EVT_LOG 
10:48:03,867 [main] DEBUG org.activiti.engine.impl.TablePageMap.selectTableCount  - ==&gt; Parameters: 
10:48:03,867 [main] DEBUG org.activiti.engine.impl.TablePageMap.selectTableCount  - &lt;==      Total: 1
10:48:03,867 [main] DEBUG org.activiti.engine.impl.persistence.entity.TableDataManager  - selecting table count for ACT_GE_BYTEARRAY
10:48:03,867 [main] DEBUG org.activiti.engine.impl.TablePageMap.selectTableCount  - ==&gt;  Preparing: select count(*) from ACT_GE_BYTEARRAY 
10:48:03,867 [main] DEBUG org.activiti.engine.impl.TablePageMap.selectTableCount  - ==&gt; Parameters: 
10:48:03,867 [main] DEBUG org.activiti.engine.impl.TablePageMap.selectTableCount  - &lt;==      Total: 1
10:48:03,867 [main] DEBUG org.activiti.engine.impl.persistence.entity.TableDataManager  - selecting table count for ACT_GE_PROPERTY
10:48:03,867 [main] DEBUG org.activiti.engine.impl.TablePageMap.selectTableCount  - ==&gt;  Preparing: select count(*) from ACT_GE_PROPERTY 
10:48:03,867 [main] DEBUG org.activiti.engine.impl.TablePageMap.selectTableCount  - ==&gt; Parameters: 
10:48:03,867 [main] DEBUG org.activiti.engine.impl.TablePageMap.selectTableCount  - &lt;==      Total: 1
10:48:03,867 [main] DEBUG org.activiti.engine.impl.persistence.entity.TableDataManager  - selecting table count for ACT_HI_ACTINST
10:48:03,867 [main] DEBUG org.activiti.engine.impl.TablePageMap.selectTableCount  - ==&gt;  Preparing: select count(*) from ACT_HI_ACTINST 
10:48:03,867 [main] DEBUG org.activiti.engine.impl.TablePageMap.selectTableCount  - ==&gt; Parameters: 
10:48:03,867 [main] DEBUG org.activiti.engine.impl.TablePageMap.selectTableCount  - &lt;==      Total: 1
10:48:03,867 [main] DEBUG org.activiti.engine.impl.persistence.entity.TableDataManager  - selecting table count for ACT_HI_ATTACHMENT
10:48:03,867 [main] DEBUG org.activiti.engine.impl.TablePageMap.selectTableCount  - ==&gt;  Preparing: select count(*) from ACT_HI_ATTACHMENT 
10:48:03,869 [main] DEBUG org.activiti.engine.impl.TablePageMap.selectTableCount  - ==&gt; Parameters: 
10:48:03,869 [main] DEBUG org.activiti.engine.impl.TablePageMap.selectTableCount  - &lt;==      Total: 1
10:48:03,869 [main] DEBUG org.activiti.engine.impl.persistence.entity.TableDataManager  - selecting table count for ACT_HI_COMMENT
10:48:03,867 [Thread-112] DEBUG org.activiti.engine.impl.asyncexecutor.AcquireAsyncJobsDueRunnable  - async job acquisition thread woke up
10:48:03,869 [Thread-112] DEBUG org.activiti.engine.impl.interceptor.LogInterceptor  - 

10:48:03,869 [Thread-112] DEBUG org.activiti.engine.impl.interceptor.LogInterceptor  - --- starting AcquireAsyncJobsDueCmd --------------------------------------------------------
10:48:03,869 [Thread-112] DEBUG org.apache.ibatis.transaction.jdbc.JdbcTransaction  - Opening JDBC Connection
10:48:03,869 [Thread-112] DEBUG org.apache.ibatis.datasource.pooled.PooledDataSource  - Checked out connection 1863805930 from pool.
10:48:03,870 [Thread-112] DEBUG org.apache.ibatis.transaction.jdbc.JdbcTransaction  - Setting autocommit to false on JDBC Connection [conn69: url=jdbc:h2:mem:activiti-AsyncExecutorTest user=SA]
10:48:03,870 [Thread-112] DEBUG org.activiti.engine.impl.persistence.entity.JobEntity.selectAsyncJobsDueToExecute  - ==&gt;  Preparing: select RES.* from ACT_RU_JOB RES LEFT OUTER JOIN ACT_RU_EXECUTION PI ON PI.ID_ = RES.PROCESS_INSTANCE_ID_ where RES.RETRIES_ &gt; 0 and RES.DUEDATE_ is not null and RES.DUEDATE_ &lt;= ? and (RES.LOCK_EXP_TIME_ is null or RES.LOCK_EXP_TIME_ &lt;= ?) and TYPE_ = &apos;message&apos; and ( (RES.EXECUTION_ID_ is null) or (PI.SUSPENSION_STATE_ = 1) ) LIMIT ? OFFSET ? 
10:48:03,869 [Thread-105] DEBUG org.activiti.engine.impl.asyncexecutor.AcquireTimerJobsRunnable  - timer job acquisition thread woke up
10:48:03,867 [Thread-106] DEBUG org.activiti.engine.impl.asyncexecutor.AcquireAsyncJobsDueRunnable  - async job acquisition thread woke up
10:48:03,872 [Thread-106] DEBUG org.activiti.engine.impl.interceptor.LogInterceptor  - 

10:48:03,872 [Thread-106] DEBUG org.activiti.engine.impl.interceptor.LogInterceptor  - --- starting AcquireAsyncJobsDueCmd --------------------------------------------------------
10:48:03,872 [Thread-106] DEBUG org.apache.ibatis.transaction.jdbc.JdbcTransaction  - Opening JDBC Connection
10:48:03,872 [Thread-106] DEBUG org.apache.ibatis.datasource.pooled.PooledDataSource  - Checked out connection 1970103261 from pool.
10:48:03,872 [Thread-106] DEBUG org.apache.ibatis.transaction.jdbc.JdbcTransaction  - Setting autocommit to false on JDBC Connection [conn63: url=jdbc:h2:mem:activiti-AsyncExecutorTest user=SA]
10:48:03,872 [Thread-106] DEBUG org.activiti.engine.impl.persistence.entity.JobEntity.selectAsyncJobsDueToExecute  - ==&gt;  Preparing: select RES.* from ACT_RU_JOB RES LEFT OUTER JOIN ACT_RU_EXECUTION PI ON PI.ID_ = RES.PROCESS_INSTANCE_ID_ where RES.RETRIES_ &gt; 0 and RES.DUEDATE_ is not null and RES.DUEDATE_ &lt;= ? and (RES.LOCK_EXP_TIME_ is null or RES.LOCK_EXP_TIME_ &lt;= ?) and TYPE_ = &apos;message&apos; and ( (RES.EXECUTION_ID_ is null) or (PI.SUSPENSION_STATE_ = 1) ) LIMIT ? OFFSET ? 
10:48:03,872 [Thread-106] DEBUG org.activiti.engine.impl.persistence.entity.JobEntity.selectAsyncJobsDueToExecute  - ==&gt; Parameters: 2013-10-27 06:00:00.0(Timestamp), 2013-10-27 06:00:00.0(Timestamp), 1(Integer), 0(Integer)
10:48:03,872 [Thread-106] DEBUG org.activiti.engine.impl.persistence.entity.JobEntity.selectAsyncJobsDueToExecute  - &lt;==      Total: 0
10:48:03,872 [Thread-106] DEBUG org.activiti.engine.impl.db.DbSqlSession  - flush summary: 0 insert, 0 update, 0 delete.
10:48:03,872 [Thread-106] DEBUG org.activiti.engine.impl.db.DbSqlSession  - now executing flush...
10:48:03,872 [Thread-106] DEBUG org.activiti.engine.impl.cfg.standalone.StandaloneMybatisTransactionContext  - firing event committing...
10:48:03,872 [Thread-106] DEBUG org.activiti.engine.impl.cfg.standalone.StandaloneMybatisTransactionContext  - committing the ibatis sql session...
10:48:03,872 [Thread-106] DEBUG org.activiti.engine.impl.cfg.standalone.StandaloneMybatisTransactionContext  - firing event committed...
10:48:03,872 [Thread-106] DEBUG org.apache.ibatis.transaction.jdbc.JdbcTransaction  - Resetting autocommit to true on JDBC Connection [conn63: url=jdbc:h2:mem:activiti-AsyncExecutorTest user=SA]
10:48:03,872 [Thread-106] DEBUG org.apache.ibatis.transaction.jdbc.JdbcTransaction  - Closing JDBC Connection [conn63: url=jdbc:h2:mem:activiti-AsyncExecutorTest user=SA]
10:48:03,872 [Thread-106] DEBUG org.apache.ibatis.datasource.pooled.PooledDataSource  - Returned connection 1970103261 to pool.
10:48:03,872 [Thread-106] DEBUG org.activiti.engine.impl.interceptor.LogInterceptor  - --- AcquireAsyncJobsDueCmd finished --------------------------------------------------------
10:48:03,872 [Thread-106] DEBUG org.activiti.engine.impl.interceptor.LogInterceptor  - 

10:48:03,872 [Thread-106] DEBUG org.activiti.engine.impl.asyncexecutor.AcquireAsyncJobsDueRunnable  - async job acquisition thread sleeping for 50 millis
10:48:03,871 [Thread-112] DEBUG org.activiti.engine.impl.persistence.entity.JobEntity.selectAsyncJobsDueToExecute  - ==&gt; Parameters: 2013-10-27 06:00:00.0(Timestamp), 2013-10-27 06:00:00.0(Timestamp), 1(Integer), 0(Integer)
10:48:03,872 [Thread-112] DEBUG org.activiti.engine.impl.persistence.entity.JobEntity.selectAsyncJobsDueToExecute  - &lt;==      Total: 0
10:48:03,873 [Thread-112] DEBUG org.activiti.engine.impl.db.DbSqlSession  - flush summary: 0 insert, 0 update, 0 delete.
10:48:03,873 [Thread-112] DEBUG org.activiti.engine.impl.db.DbSqlSession  - now executing flush...
10:48:03,873 [Thread-112] DEBUG org.activiti.engine.impl.cfg.standalone.StandaloneMybatisTransactionContext  - firing event committing...
10:48:03,873 [Thread-112] DEBUG org.activiti.engine.impl.cfg.standalone.StandaloneMybatisTransactionContext  - committing the ibatis sql session...
10:48:03,873 [Thread-112] DEBUG org.activiti.engine.impl.cfg.standalone.StandaloneMybatisTransactionContext  - firing event committed...
10:48:03,873 [Thread-112] DEBUG org.apache.ibatis.transaction.jdbc.JdbcTransaction  - Resetting autocommit to true on JDBC Connection [conn69: url=jdbc:h2:mem:activiti-AsyncExecutorTest user=SA]
10:48:03,873 [Thread-112] DEBUG org.apache.ibatis.transaction.jdbc.JdbcTransaction  - Closing JDBC Connection [conn69: url=jdbc:h2:mem:activiti-AsyncExecutorTest user=SA]
10:48:03,873 [Thread-112] DEBUG org.apache.ibatis.datasource.pooled.PooledDataSource  - Returned connection 1863805930 to pool.
10:48:03,873 [Thread-112] DEBUG org.activiti.engine.impl.interceptor.LogInterceptor  - --- AcquireAsyncJobsDueCmd finished --------------------------------------------------------
10:48:03,873 [Thread-112] DEBUG org.activiti.engine.impl.interceptor.LogInterceptor  - 

10:48:03,873 [Thread-112] DEBUG org.activiti.engine.impl.asyncexecutor.AcquireAsyncJobsDueRunnable  - async job acquisition thread sleeping for 50 millis
10:48:03,873 [Thread-105] DEBUG org.activiti.engine.impl.interceptor.LogInterceptor  - 

10:48:03,873 [Thread-105] DEBUG org.activiti.engine.impl.interceptor.LogInterceptor  - --- starting AcquireTimerJobsCmd --------------------------------------------------------
10:48:03,873 [Thread-105] DEBUG org.apache.ibatis.transaction.jdbc.JdbcTransaction  - Opening JDBC Connection
10:48:03,873 [Thread-105] DEBUG org.apache.ibatis.datasource.pooled.PooledDataSource  - Checked out connection 54468349 from pool.
10:48:03,873 [Thread-105] DEBUG org.apache.ibatis.transaction.jdbc.JdbcTransaction  - Setting autocommit to false on JDBC Connection [conn64: url=jdbc:h2:mem:activiti-AsyncExecutorTest user=SA]
10:48:03,873 [Thread-105] DEBUG org.activiti.engine.impl.persistence.entity.JobEntity.selectNextTimerJobsToExecute  - ==&gt;  Preparing: select RES.* from ACT_RU_JOB RES LEFT OUTER JOIN ACT_RU_EXECUTION PI ON PI.ID_ = RES.PROCESS_INSTANCE_ID_ where (RES.RETRIES_ &gt; 0) and (RES.DUEDATE_ is null or RES.DUEDATE_ &lt;= ?) and (RES.LOCK_OWNER_ is null or RES.LOCK_EXP_TIME_ &lt;= ?) and TYPE_ = &apos;timer&apos; and ( (RES.EXECUTION_ID_ is null) or (PI.SUSPENSION_STATE_ = 1) ) LIMIT ? OFFSET ? 
10:48:03,873 [Thread-105] DEBUG org.activiti.engine.impl.persistence.entity.JobEntity.selectNextTimerJobsToExecute  - ==&gt; Parameters: 2013-10-27 06:00:00.0(Timestamp), 2013-10-27 06:00:00.0(Timestamp), 1(Integer), 0(Integer)
10:48:03,873 [Thread-105] DEBUG org.activiti.engine.impl.persistence.entity.JobEntity.selectNextTimerJobsToExecute  - &lt;==      Total: 0
10:48:03,873 [Thread-105] DEBUG org.activiti.engine.impl.db.DbSqlSession  - flush summary: 0 insert, 0 update, 0 delete.
10:48:03,873 [Thread-105] DEBUG org.activiti.engine.impl.db.DbSqlSession  - now executing flush...
10:48:03,873 [Thread-105] DEBUG org.activiti.engine.impl.cfg.standalone.StandaloneMybatisTransactionContext  - firing event committing...
10:48:03,873 [Thread-105] DEBUG org.activiti.engine.impl.cfg.standalone.StandaloneMybatisTransactionContext  - committing the ibatis sql session...
10:48:03,873 [Thread-105] DEBUG org.activiti.engine.impl.cfg.standalone.StandaloneMybatisTransactionContext  - firing event committed...
10:48:03,873 [Thread-105] DEBUG org.apache.ibatis.transaction.jdbc.JdbcTransaction  - Resetting autocommit to true on JDBC Connection [conn64: url=jdbc:h2:mem:activiti-AsyncExecutorTest user=SA]
10:48:03,873 [Thread-105] DEBUG org.apache.ibatis.transaction.jdbc.JdbcTransaction  - Closing JDBC Connection [conn64: url=jdbc:h2:mem:activiti-AsyncExecutorTest user=SA]
10:48:03,873 [Thread-105] DEBUG org.apache.ibatis.datasource.pooled.PooledDataSource  - Returned connection 54468349 to pool.
10:48:03,873 [Thread-105] DEBUG org.activiti.engine.impl.interceptor.LogInterceptor  - --- AcquireTimerJobsCmd finished --------------------------------------------------------
10:48:03,873 [Thread-105] DEBUG org.activiti.engine.impl.interceptor.LogInterceptor  - 

10:48:03,873 [Thread-105] DEBUG org.activiti.engine.impl.asyncexecutor.AcquireTimerJobsRunnable  - timer job acquisition thread sleeping for 50 millis
10:48:03,869 [Thread-102] DEBUG org.activiti.engine.impl.asyncexecutor.AcquireTimerJobsRunnable  - timer job acquisition thread woke up
10:48:03,874 [Thread-102] DEBUG org.activiti.engine.impl.interceptor.LogInterceptor  - 

10:48:03,874 [Thread-102] DEBUG org.activiti.engine.impl.interceptor.LogInterceptor  - --- starting AcquireTimerJobsCmd --------------------------------------------------------
10:48:03,874 [Thread-102] DEBUG org.apache.ibatis.transaction.jdbc.JdbcTransaction  - Opening JDBC Connection
10:48:03,874 [Thread-102] DEBUG org.apache.ibatis.datasource.pooled.PooledDataSource  - Checked out connection 33534803 from pool.
10:48:03,874 [Thread-102] DEBUG org.apache.ibatis.transaction.jdbc.JdbcTransaction  - Setting autocommit to false on JDBC Connection [conn60: url=jdbc:h2:mem:activiti-AsyncExecutorTest user=SA]
10:48:03,874 [Thread-102] DEBUG org.activiti.engine.impl.persistence.entity.JobEntity.selectNextTimerJobsToExecute  - ==&gt;  Preparing: select RES.* from ACT_RU_JOB RES LEFT OUTER JOIN ACT_RU_EXECUTION PI ON PI.ID_ = RES.PROCESS_INSTANCE_ID_ where (RES.RETRIES_ &gt; 0) and (RES.DUEDATE_ is null or RES.DUEDATE_ &lt;= ?) and (RES.LOCK_OWNER_ is null or RES.LOCK_EXP_TIME_ &lt;= ?) and TYPE_ = &apos;timer&apos; and ( (RES.EXECUTION_ID_ is null) or (PI.SUSPENSION_STATE_ = 1) ) LIMIT ? OFFSET ? 
10:48:03,874 [Thread-102] DEBUG org.activiti.engine.impl.persistence.entity.JobEntity.selectNextTimerJobsToExecute  - ==&gt; Parameters: 2013-10-27 06:00:00.0(Timestamp), 2013-10-27 06:00:00.0(Timestamp), 1(Integer), 0(Integer)
10:48:03,875 [Thread-102] DEBUG org.activiti.engine.impl.persistence.entity.JobEntity.selectNextTimerJobsToExecute  - &lt;==      Total: 0
10:48:03,875 [Thread-102] DEBUG org.activiti.engine.impl.db.DbSqlSession  - flush summary: 0 insert, 0 update, 0 delete.
10:48:03,875 [Thread-102] DEBUG org.activiti.engine.impl.db.DbSqlSession  - now executing flush...
10:48:03,875 [Thread-102] DEBUG org.activiti.engine.impl.cfg.standalone.StandaloneMybatisTransactionContext  - firing event committing...
10:48:03,875 [Thread-102] DEBUG org.activiti.engine.impl.cfg.standalone.StandaloneMybatisTransactionContext  - committing the ibatis sql session...
10:48:03,875 [Thread-102] DEBUG org.activiti.engine.impl.cfg.standalone.StandaloneMybatisTransactionContext  - firing event committed...
10:48:03,875 [Thread-102] DEBUG org.apache.ibatis.transaction.jdbc.JdbcTransaction  - Resetting autocommit to true on JDBC Connection [conn60: url=jdbc:h2:mem:activiti-AsyncExecutorTest user=SA]
10:48:03,875 [Thread-102] DEBUG org.apache.ibatis.transaction.jdbc.JdbcTransaction  - Closing JDBC Connection [conn60: url=jdbc:h2:mem:activiti-AsyncExecutorTest user=SA]
10:48:03,875 [Thread-102] DEBUG org.apache.ibatis.datasource.pooled.PooledDataSource  - Returned connection 33534803 to pool.
10:48:03,875 [Thread-102] DEBUG org.activiti.engine.impl.interceptor.LogInterceptor  - --- AcquireTimerJobsCmd finished --------------------------------------------------------
10:48:03,875 [Thread-102] DEBUG org.activiti.engine.impl.interceptor.LogInterceptor  - 

10:48:03,875 [Thread-102] DEBUG org.activiti.engine.impl.asyncexecutor.AcquireTimerJobsRunnable  - timer job acquisition thread sleeping for 50 millis
10:48:03,869 [main] DEBUG org.activiti.engine.impl.TablePageMap.selectTableCount  - ==&gt;  Preparing: select count(*) from ACT_HI_COMMENT 
10:48:03,876 [main] DEBUG org.activiti.engine.impl.TablePageMap.selectTableCount  - ==&gt; Parameters: 
10:48:03,876 [main] DEBUG org.activiti.engine.impl.TablePageMap.selectTableCount  - &lt;==      Total: 1
10:48:03,876 [main] DEBUG org.activiti.engine.impl.persistence.entity.TableDataManager  - selecting table count for ACT_HI_DETAIL
10:48:03,876 [main] DEBUG org.activiti.engine.impl.TablePageMap.selectTableCount  - ==&gt;  Preparing: select count(*) from ACT_HI_DETAIL 
10:48:03,876 [main] DEBUG org.activiti.engine.impl.TablePageMap.selectTableCount  - ==&gt; Parameters: 
10:48:03,876 [main] DEBUG org.activiti.engine.impl.TablePageMap.selectTableCount  - &lt;==      Total: 1
10:48:03,876 [main] DEBUG org.activiti.engine.impl.persistence.entity.TableDataManager  - selecting table count for ACT_HI_IDENTITYLINK
10:48:03,876 [main] DEBUG org.activiti.engine.impl.TablePageMap.selectTableCount  - ==&gt;  Preparing: select count(*) from ACT_HI_IDENTITYLINK 
10:48:03,876 [main] DEBUG org.activiti.engine.impl.TablePageMap.selectTableCount  - ==&gt; Parameters: 
10:48:03,876 [main] DEBUG org.activiti.engine.impl.TablePageMap.selectTableCount  - &lt;==      Total: 1
10:48:03,876 [main] DEBUG org.activiti.engine.impl.persistence.entity.TableDataManager  - selecting table count for ACT_HI_PROCINST
10:48:03,876 [main] DEBUG org.activiti.engine.impl.TablePageMap.selectTableCount  - ==&gt;  Preparing: select count(*) from ACT_HI_PROCINST 
10:48:03,876 [main] DEBUG org.activiti.engine.impl.TablePageMap.selectTableCount  - ==&gt; Parameters: 
10:48:03,877 [main] DEBUG org.activiti.engine.impl.TablePageMap.selectTableCount  - &lt;==      Total: 1
10:48:03,877 [main] DEBUG org.activiti.engine.impl.persistence.entity.TableDataManager  - selecting table count for ACT_HI_TASKINST
10:48:03,877 [main] DEBUG org.activiti.engine.impl.TablePageMap.selectTableCount  - ==&gt;  Preparing: select count(*) from ACT_HI_TASKINST 
10:48:03,877 [main] DEBUG org.activiti.engine.impl.TablePageMap.selectTableCount  - ==&gt; Parameters: 
10:48:03,877 [main] DEBUG org.activiti.engine.impl.TablePageMap.selectTableCount  - &lt;==      Total: 1
10:48:03,877 [main] DEBUG org.activiti.engine.impl.persistence.entity.TableDataManager  - selecting table count for ACT_HI_VARINST
10:48:03,877 [main] DEBUG org.activiti.engine.impl.TablePageMap.selectTableCount  - ==&gt;  Preparing: select count(*) from ACT_HI_VARINST 
10:48:03,877 [main] DEBUG org.activiti.engine.impl.TablePageMap.selectTableCount  - ==&gt; Parameters: 
10:48:03,877 [main] DEBUG org.activiti.engine.impl.TablePageMap.selectTableCount  - &lt;==      Total: 1
10:48:03,877 [main] DEBUG org.activiti.engine.impl.persistence.entity.TableDataManager  - selecting table count for ACT_ID_GROUP
10:48:03,877 [main] DEBUG org.activiti.engine.impl.TablePageMap.selectTableCount  - ==&gt;  Preparing: select count(*) from ACT_ID_GROUP 
10:48:03,877 [main] DEBUG org.activiti.engine.impl.TablePageMap.selectTableCount  - ==&gt; Parameters: 
10:48:03,877 [main] DEBUG org.activiti.engine.impl.TablePageMap.selectTableCount  - &lt;==      Total: 1
10:48:03,877 [main] DEBUG org.activiti.engine.impl.persistence.entity.TableDataManager  - selecting table count for ACT_ID_INFO
10:48:03,877 [main] DEBUG org.activiti.engine.impl.TablePageMap.selectTableCount  - ==&gt;  Preparing: select count(*) from ACT_ID_INFO 
10:48:03,877 [main] DEBUG org.activiti.engine.impl.TablePageMap.selectTableCount  - ==&gt; Parameters: 
10:48:03,877 [main] DEBUG org.activiti.engine.impl.TablePageMap.selectTableCount  - &lt;==      Total: 1
10:48:03,877 [main] DEBUG org.activiti.engine.impl.persistence.entity.TableDataManager  - selecting table count for ACT_ID_MEMBERSHIP
10:48:03,877 [main] DEBUG org.activiti.engine.impl.TablePageMap.selectTableCount  - ==&gt;  Preparing: select count(*) from ACT_ID_MEMBERSHIP 
10:48:03,877 [main] DEBUG org.activiti.engine.impl.TablePageMap.selectTableCount  - ==&gt; Parameters: 
10:48:03,877 [main] DEBUG org.activiti.engine.impl.TablePageMap.selectTableCount  - &lt;==      Total: 1
10:48:03,877 [main] DEBUG org.activiti.engine.impl.persistence.entity.TableDataManager  - selecting table count for ACT_ID_USER
10:48:03,877 [main] DEBUG org.activiti.engine.impl.TablePageMap.selectTableCount  - ==&gt;  Preparing: select count(*) from ACT_ID_USER 
10:48:03,878 [main] DEBUG org.activiti.engine.impl.TablePageMap.selectTableCount  - ==&gt; Parameters: 
10:48:03,878 [main] DEBUG org.activiti.engine.impl.TablePageMap.selectTableCount  - &lt;==      Total: 1
10:48:03,878 [main] DEBUG org.activiti.engine.impl.persistence.entity.TableDataManager  - selecting table count for ACT_PROCDEF_INFO
10:48:03,878 [main] DEBUG org.activiti.engine.impl.TablePageMap.selectTableCount  - ==&gt;  Preparing: select count(*) from ACT_PROCDEF_INFO 
10:48:03,878 [main] DEBUG org.activiti.engine.impl.TablePageMap.selectTableCount  - ==&gt; Parameters: 
10:48:03,878 [main] DEBUG org.activiti.engine.impl.TablePageMap.selectTableCount  - &lt;==      Total: 1
10:48:03,878 [main] DEBUG org.activiti.engine.impl.persistence.entity.TableDataManager  - selecting table count for ACT_RE_DEPLOYMENT
10:48:03,878 [main] DEBUG org.activiti.engine.impl.TablePageMap.selectTableCount  - ==&gt;  Preparing: select count(*) from ACT_RE_DEPLOYMENT 
10:48:03,878 [main] DEBUG org.activiti.engine.impl.TablePageMap.selectTableCount  - ==&gt; Parameters: 
10:48:03,878 [main] DEBUG org.activiti.engine.impl.TablePageMap.selectTableCount  - &lt;==      Total: 1
10:48:03,878 [main] DEBUG org.activiti.engine.impl.persistence.entity.TableDataManager  - selecting table count for ACT_RE_MODEL
10:48:03,878 [main] DEBUG org.activiti.engine.impl.TablePageMap.selectTableCount  - ==&gt;  Preparing: select count(*) from ACT_RE_MODEL 
10:48:03,878 [main] DEBUG org.activiti.engine.impl.TablePageMap.selectTableCount  - ==&gt; Parameters: 
10:48:03,878 [main] DEBUG org.activiti.engine.impl.TablePageMap.selectTableCount  - &lt;==      Total: 1
10:48:03,879 [main] DEBUG org.activiti.engine.impl.persistence.entity.TableDataManager  - selecting table count for ACT_RE_PROCDEF
10:48:03,879 [main] DEBUG org.activiti.engine.impl.TablePageMap.selectTableCount  - ==&gt;  Preparing: select count(*) from ACT_RE_PROCDEF 
10:48:03,879 [main] DEBUG org.activiti.engine.impl.TablePageMap.selectTableCount  - ==&gt; Parameters: 
10:48:03,879 [main] DEBUG org.activiti.engine.impl.TablePageMap.selectTableCount  - &lt;==      Total: 1
10:48:03,879 [main] DEBUG org.activiti.engine.impl.persistence.entity.TableDataManager  - selecting table count for ACT_RU_EVENT_SUBSCR
10:48:03,879 [main] DEBUG org.activiti.engine.impl.TablePageMap.selectTableCount  - ==&gt;  Preparing: select count(*) from ACT_RU_EVENT_SUBSCR 
10:48:03,879 [main] DEBUG org.activiti.engine.impl.TablePageMap.selectTableCount  - ==&gt; Parameters: 
10:48:03,879 [main] DEBUG org.activiti.engine.impl.TablePageMap.selectTableCount  - &lt;==      Total: 1
10:48:03,879 [main] DEBUG org.activiti.engine.impl.persistence.entity.TableDataManager  - selecting table count for ACT_RU_EXECUTION
10:48:03,879 [main] DEBUG org.activiti.engine.impl.TablePageMap.selectTableCount  - ==&gt;  Preparing: select count(*) from ACT_RU_EXECUTION 
10:48:03,879 [main] DEBUG org.activiti.engine.impl.TablePageMap.selectTableCount  - ==&gt; Parameters: 
10:48:03,879 [main] DEBUG org.activiti.engine.impl.TablePageMap.selectTableCount  - &lt;==      Total: 1
10:48:03,879 [main] DEBUG org.activiti.engine.impl.persistence.entity.TableDataManager  - selecting table count for ACT_RU_IDENTITYLINK
10:48:03,879 [main] DEBUG org.activiti.engine.impl.TablePageMap.selectTableCount  - ==&gt;  Preparing: select count(*) from ACT_RU_IDENTITYLINK 
10:48:03,879 [main] DEBUG org.activiti.engine.impl.TablePageMap.selectTableCount  - ==&gt; Parameters: 
10:48:03,879 [main] DEBUG org.activiti.engine.impl.TablePageMap.selectTableCount  - &lt;==      Total: 1
10:48:03,879 [main] DEBUG org.activiti.engine.impl.persistence.entity.TableDataManager  - selecting table count for ACT_RU_JOB
10:48:03,879 [main] DEBUG org.activiti.engine.impl.TablePageMap.selectTableCount  - ==&gt;  Preparing: select count(*) from ACT_RU_JOB 
10:48:03,880 [main] DEBUG org.activiti.engine.impl.TablePageMap.selectTableCount  - ==&gt; Parameters: 
10:48:03,880 [main] DEBUG org.activiti.engine.impl.TablePageMap.selectTableCount  - &lt;==      Total: 1
10:48:03,880 [main] DEBUG org.activiti.engine.impl.persistence.entity.TableDataManager  - selecting table count for ACT_RU_TASK
10:48:03,880 [main] DEBUG org.activiti.engine.impl.TablePageMap.selectTableCount  - ==&gt;  Preparing: select count(*) from ACT_RU_TASK 
10:48:03,880 [main] DEBUG org.activiti.engine.impl.TablePageMap.selectTableCount  - ==&gt; Parameters: 
10:48:03,880 [main] DEBUG org.activiti.engine.impl.TablePageMap.selectTableCount  - &lt;==      Total: 1
10:48:03,880 [main] DEBUG org.activiti.engine.impl.persistence.entity.TableDataManager  - selecting table count for ACT_RU_VARIABLE
10:48:03,880 [main] DEBUG org.activiti.engine.impl.TablePageMap.selectTableCount  - ==&gt;  Preparing: select count(*) from ACT_RU_VARIABLE 
10:48:03,880 [main] DEBUG org.activiti.engine.impl.TablePageMap.selectTableCount  - ==&gt; Parameters: 
10:48:03,880 [main] DEBUG org.activiti.engine.impl.TablePageMap.selectTableCount  - &lt;==      Total: 1
10:48:03,880 [main] DEBUG org.activiti.engine.impl.persistence.entity.TableDataManager  - Number of rows per activiti table: {ACT_RU_EVENT_SUBSCR=0, ACT_ID_USER=0, ACT_HI_ATTACHMENT=0, ACT_GE_BYTEARRAY=1, ACT_RE_MODEL=0, ACT_RU_VARIABLE=1, ACT_RU_TASK=0, ACT_RE_DEPLOYMENT=1, ACT_RE_PROCDEF=1, ACT_ID_GROUP=0, ACT_HI_VARINST=1, ACT_HI_COMMENT=0, ACT_HI_PROCINST=1, ACT_ID_INFO=0, ACT_ID_MEMBERSHIP=0, ACT_RU_JOB=0, ACT_PROCDEF_INFO=0, ACT_HI_ACTINST=3, ACT_RU_EXECUTION=1, ACT_HI_TASKINST=0, ACT_HI_DETAIL=0, ACT_EVT_LOG=0, ACT_HI_IDENTITYLINK=0, ACT_RU_IDENTITYLINK=0, ACT_GE_PROPERTY=3}
10:48:03,880 [main] DEBUG org.activiti.engine.impl.db.DbSqlSession  - flush summary: 0 insert, 0 update, 0 delete.
10:48:03,880 [main] DEBUG org.activiti.engine.impl.db.DbSqlSession  - now executing flush...
10:48:03,880 [main] DEBUG org.activiti.engine.impl.cfg.standalone.StandaloneMybatisTransactionContext  - firing event committing...
10:48:03,880 [main] DEBUG org.activiti.engine.impl.cfg.standalone.StandaloneMybatisTransactionContext  - committing the ibatis sql session...
10:48:03,880 [main] DEBUG org.activiti.engine.impl.cfg.standalone.StandaloneMybatisTransactionContext  - firing event committed...
10:48:03,880 [main] DEBUG org.apache.ibatis.transaction.jdbc.JdbcTransaction  - Resetting autocommit to true on JDBC Connection [conn84: url=jdbc:h2:mem:activiti user=SA]
10:48:03,880 [main] DEBUG org.apache.ibatis.transaction.jdbc.JdbcTransaction  - Closing JDBC Connection [conn84: url=jdbc:h2:mem:activiti user=SA]
10:48:03,880 [main] DEBUG org.apache.ibatis.datasource.pooled.PooledDataSource  - Returned connection 1795131572 to pool.
10:48:03,880 [main] DEBUG org.activiti.engine.impl.interceptor.LogInterceptor  - --- GetTableCountCmd finished --------------------------------------------------------
10:48:03,880 [main] DEBUG org.activiti.engine.impl.interceptor.LogInterceptor  - 

10:48:03,880 [main] ERROR org.activiti.engine.impl.test.PvmTestCase  - 

10:48:03,881 [main] ERROR org.activiti.engine.impl.test.PvmTestCase  - DB NOT CLEAN: 
  ACT_GE_BYTEARRAY: 1 record(s)   ACT_RU_VARIABLE: 1 record(s)   ACT_RE_DEPLOYMENT: 1 record(s)   ACT_RE_PROCDEF: 1 record(s)   ACT_HI_VARINST: 1 record(s)   ACT_HI_PROCINST: 1 record(s)   ACT_HI_ACTINST: 3 record(s)   ACT_RU_EXECUTION: 1 record(s) 
10:48:03,881 [main] INFO  org.activiti.engine.impl.test.PvmTestCase  - dropping and recreating db
10:48:03,881 [main] DEBUG org.activiti.engine.impl.interceptor.LogInterceptor  - 

10:48:03,881 [main] DEBUG org.activiti.engine.impl.interceptor.LogInterceptor  - --- starting  --------------------------------------------------------
10:48:03,881 [main] INFO  org.activiti.engine.impl.db.DbSqlSession  - performing drop on engine with resource org/activiti/db/drop/activiti.h2.drop.engine.sql
10:48:03,881 [main] DEBUG org.apache.ibatis.transaction.jdbc.JdbcTransaction  - Opening JDBC Connection
10:48:03,881 [main] DEBUG org.apache.ibatis.datasource.pooled.PooledDataSource  - Checked out connection 1795131572 from pool.
10:48:03,881 [main] DEBUG org.apache.ibatis.transaction.jdbc.JdbcTransaction  - Setting autocommit to false on JDBC Connection [conn84: url=jdbc:h2:mem:activiti user=SA]
10:48:03,881 [main] DEBUG org.activiti.engine.impl.db.DbSqlSession  - SQL: drop table if exists ACT_GE_PROPERTY cascade constraints
10:48:03,881 [main] DEBUG org.activiti.engine.impl.db.DbSqlSession  - SQL: drop table if exists ACT_GE_BYTEARRAY cascade constraints
10:48:03,882 [main] DEBUG org.activiti.engine.impl.db.DbSqlSession  - SQL: drop table if exists ACT_RE_DEPLOYMENT cascade constraints
10:48:03,882 [main] DEBUG org.activiti.engine.impl.db.DbSqlSession  - SQL: drop table if exists ACT_RE_MODEL cascade constraints
10:48:03,882 [main] DEBUG org.activiti.engine.impl.db.DbSqlSession  - SQL: drop table if exists ACT_RU_EXECUTION cascade constraints
10:48:03,882 [main] DEBUG org.activiti.engine.impl.db.DbSqlSession  - SQL: drop table if exists ACT_RU_JOB cascade constraints
10:48:03,882 [main] DEBUG org.activiti.engine.impl.db.DbSqlSession  - SQL: drop table if exists ACT_RE_PROCDEF cascade constraints
10:48:03,882 [main] DEBUG org.activiti.engine.impl.db.DbSqlSession  - SQL: drop table if exists ACT_RU_TASK cascade constraints
10:48:03,882 [main] DEBUG org.activiti.engine.impl.db.DbSqlSession  - SQL: drop table if exists ACT_RU_IDENTITYLINK cascade constraints
10:48:03,882 [main] DEBUG org.activiti.engine.impl.db.DbSqlSession  - SQL: drop table if exists ACT_RU_VARIABLE cascade constraints
10:48:03,882 [main] DEBUG org.activiti.engine.impl.db.DbSqlSession  - SQL: drop table if exists ACT_RU_EVENT_SUBSCR cascade constraints
10:48:03,882 [main] DEBUG org.activiti.engine.impl.db.DbSqlSession  - SQL: drop table if exists ACT_EVT_LOG cascade constraints
10:48:03,882 [main] DEBUG org.activiti.engine.impl.db.DbSqlSession  - SQL: drop table if exists ACT_PROCDEF_INFO cascade constraints
10:48:03,882 [main] DEBUG org.activiti.engine.impl.db.DbSqlSession  - SQL: drop index if exists ACT_IDX_EXEC_BUSKEY
10:48:03,882 [main] DEBUG org.activiti.engine.impl.db.DbSqlSession  - SQL: drop index if exists ACT_IDX_TASK_CREATE
10:48:03,882 [main] DEBUG org.activiti.engine.impl.db.DbSqlSession  - SQL: drop index if exists ACT_IDX_IDENT_LNK_USER
10:48:03,883 [main] DEBUG org.activiti.engine.impl.db.DbSqlSession  - SQL: drop index if exists ACT_IDX_IDENT_LNK_GROUP
10:48:03,883 [main] DEBUG org.activiti.engine.impl.db.DbSqlSession  - SQL: drop index if exists ACT_IDX_VARIABLE_TASK_ID
10:48:03,883 [main] DEBUG org.activiti.engine.impl.db.DbSqlSession  - SQL: drop index if exists ACT_IDX_EVENT_SUBSCR_CONFIG_
10:48:03,883 [main] DEBUG org.activiti.engine.impl.db.DbSqlSession  - SQL: drop index if exists ACT_IDX_ATHRZ_PROCEDEF
10:48:03,883 [main] DEBUG org.activiti.engine.impl.db.DbSqlSession  - SQL: drop index if exists ACT_IDX_INFO_PROCDEF
10:48:03,883 [main] DEBUG org.activiti.engine.impl.db.DbSqlSession  - activiti db schema drop for component engine successful
10:48:03,883 [main] INFO  org.activiti.engine.impl.db.DbSqlSession  - performing drop on history with resource org/activiti/db/drop/activiti.h2.drop.history.sql
10:48:03,883 [main] DEBUG org.activiti.engine.impl.db.DbSqlSession  - SQL: drop table if exists ACT_HI_PROCINST cascade constraints
10:48:03,883 [main] DEBUG org.activiti.engine.impl.db.DbSqlSession  - SQL: drop table if exists ACT_HI_ACTINST cascade constraints
10:48:03,883 [main] DEBUG org.activiti.engine.impl.db.DbSqlSession  - SQL: drop table if exists ACT_HI_VARINST cascade constraints
10:48:03,883 [main] DEBUG org.activiti.engine.impl.db.DbSqlSession  - SQL: drop table if exists ACT_HI_TASKINST cascade constraints
10:48:03,883 [main] DEBUG org.activiti.engine.impl.db.DbSqlSession  - SQL: drop table if exists ACT_HI_DETAIL cascade constraints
10:48:03,883 [main] DEBUG org.activiti.engine.impl.db.DbSqlSession  - SQL: drop table if exists ACT_HI_COMMENT cascade constraints
10:48:03,883 [main] DEBUG org.activiti.engine.impl.db.DbSqlSession  - SQL: drop table if exists ACT_HI_ATTACHMENT cascade constraints
10:48:03,883 [main] DEBUG org.activiti.engine.impl.db.DbSqlSession  - SQL: drop table if exists ACT_HI_IDENTITYLINK cascade constraints
10:48:03,883 [main] DEBUG org.activiti.engine.impl.db.DbSqlSession  - SQL: drop index if exists ACT_IDX_HI_PRO_INST_END
10:48:03,883 [main] DEBUG org.activiti.engine.impl.db.DbSqlSession  - SQL: drop index if exists ACT_IDX_HI_PRO_I_BUSKEY
10:48:03,883 [main] DEBUG org.activiti.engine.impl.db.DbSqlSession  - SQL: drop index if exists ACT_IDX_HI_ACT_INST_START
10:48:03,883 [main] DEBUG org.activiti.engine.impl.db.DbSqlSession  - SQL: drop index if exists ACT_IDX_HI_ACT_INST_END
10:48:03,883 [main] DEBUG org.activiti.engine.impl.db.DbSqlSession  - SQL: drop index if exists ACT_IDX_HI_DETAIL_PROC_INST
10:48:03,884 [main] DEBUG org.activiti.engine.impl.db.DbSqlSession  - SQL: drop index if exists ACT_IDX_HI_DETAIL_ACT_INST
10:48:03,884 [main] DEBUG org.activiti.engine.impl.db.DbSqlSession  - SQL: drop index if exists ACT_IDX_HI_DETAIL_TIME
10:48:03,884 [main] DEBUG org.activiti.engine.impl.db.DbSqlSession  - SQL: drop index if exists ACT_IDX_HI_DETAIL_NAME
10:48:03,884 [main] DEBUG org.activiti.engine.impl.db.DbSqlSession  - SQL: drop index if exists ACT_IDX_HI_DETAIL_TASK_ID
10:48:03,884 [main] DEBUG org.activiti.engine.impl.db.DbSqlSession  - SQL: drop index if exists ACT_IDX_HI_PROCVAR_PROC_INST
10:48:03,884 [main] DEBUG org.activiti.engine.impl.db.DbSqlSession  - SQL: drop index if exists ACT_IDX_HI_PROCVAR_NAME_TYPE
10:48:03,884 [main] DEBUG org.activiti.engine.impl.db.DbSqlSession  - SQL: drop index if exists ACT_IDX_HI_ACT_INST_PROCINST
10:48:03,884 [main] DEBUG org.activiti.engine.impl.db.DbSqlSession  - SQL: drop index if exists ACT_IDX_HI_IDENT_LNK_USER
10:48:03,884 [main] DEBUG org.activiti.engine.impl.db.DbSqlSession  - SQL: drop index if exists ACT_IDX_HI_IDENT_LNK_TASK
10:48:03,884 [main] DEBUG org.activiti.engine.impl.db.DbSqlSession  - SQL: drop index if exists ACT_IDX_HI_IDENT_LNK_PROCINST
10:48:03,884 [main] DEBUG org.activiti.engine.impl.db.DbSqlSession  - SQL: drop index if exists ACT_IDX_HI_TASK_INST_PROCINST
10:48:03,884 [main] DEBUG org.activiti.engine.impl.db.DbSqlSession  - activiti db schema drop for component history successful
10:48:03,884 [main] INFO  org.activiti.engine.impl.db.DbSqlSession  - performing drop on identity with resource org/activiti/db/drop/activiti.h2.drop.identity.sql
10:48:03,884 [main] DEBUG org.activiti.engine.impl.db.DbSqlSession  - SQL: drop table if exists ACT_ID_INFO cascade constraints
10:48:03,884 [main] DEBUG org.activiti.engine.impl.db.DbSqlSession  - SQL: drop table if exists ACT_ID_GROUP cascade constraints
10:48:03,884 [main] DEBUG org.activiti.engine.impl.db.DbSqlSession  - SQL: drop table if exists ACT_ID_MEMBERSHIP cascade constraints
10:48:03,884 [main] DEBUG org.activiti.engine.impl.db.DbSqlSession  - SQL: drop table if exists ACT_ID_USER cascade constraints
10:48:03,885 [main] DEBUG org.activiti.engine.impl.db.DbSqlSession  - activiti db schema drop for component identity successful
10:48:03,885 [main] INFO  org.activiti.engine.impl.db.DbSqlSession  - performing create on engine with resource org/activiti/db/create/activiti.h2.create.engine.sql
10:48:03,885 [main] DEBUG org.activiti.engine.impl.db.DbSqlSession  - SQL: create table ACT_GE_PROPERTY ( 
NAME_ varchar(64), 
VALUE_ varchar(300), 
REV_ integer, 
primary key (NAME_) 
)
10:48:03,885 [main] DEBUG org.activiti.engine.impl.db.DbSqlSession  - SQL: insert into ACT_GE_PROPERTY 
values (&apos;schema.version&apos;, &apos;5.20.0.0&apos;, 1)
10:48:03,885 [main] DEBUG org.activiti.engine.impl.db.DbSqlSession  - SQL: insert into ACT_GE_PROPERTY 
values (&apos;schema.history&apos;, &apos;create(5.20.0.0)&apos;, 1)
10:48:03,885 [main] DEBUG org.activiti.engine.impl.db.DbSqlSession  - SQL: insert into ACT_GE_PROPERTY 
values (&apos;next.dbid&apos;, &apos;1&apos;, 1)
10:48:03,885 [main] DEBUG org.activiti.engine.impl.db.DbSqlSession  - SQL: create table ACT_GE_BYTEARRAY ( 
ID_ varchar(64), 
REV_ integer, 
NAME_ varchar(255), 
DEPLOYMENT_ID_ varchar(64), 
BYTES_ longvarbinary, 
GENERATED_ bit, 
primary key (ID_) 
)
10:48:03,885 [main] DEBUG org.activiti.engine.impl.db.DbSqlSession  - SQL: create table ACT_RE_DEPLOYMENT ( 
ID_ varchar(64), 
NAME_ varchar(255), 
CATEGORY_ varchar(255), 
TENANT_ID_ varchar(255) default &apos;&apos;, 
DEPLOY_TIME_ timestamp, 
primary key (ID_) 
)
10:48:03,885 [main] DEBUG org.activiti.engine.impl.db.DbSqlSession  - SQL: create table ACT_RE_MODEL ( 
ID_ varchar(64) not null, 
REV_ integer, 
NAME_ varchar(255), 
KEY_ varchar(255), 
CATEGORY_ varchar(255), 
CREATE_TIME_ timestamp, 
LAST_UPDATE_TIME_ timestamp, 
VERSION_ integer, 
META_INFO_ varchar(4000), 
DEPLOYMENT_ID_ varchar(64), 
EDITOR_SOURCE_VALUE_ID_ varchar(64), 
EDITOR_SOURCE_EXTRA_VALUE_ID_ varchar(64), 
TENANT_ID_ varchar(255) default &apos;&apos;, 
primary key (ID_) 
)
10:48:03,885 [main] DEBUG org.activiti.engine.impl.db.DbSqlSession  - SQL: create table ACT_RU_EXECUTION ( 
ID_ varchar(64), 
REV_ integer, 
PROC_INST_ID_ varchar(64), 
BUSINESS_KEY_ varchar(255), 
PARENT_ID_ varchar(64), 
PROC_DEF_ID_ varchar(64), 
SUPER_EXEC_ varchar(64), 
ACT_ID_ varchar(255), 
IS_ACTIVE_ bit, 
IS_CONCURRENT_ bit, 
IS_SCOPE_ bit, 
IS_EVENT_SCOPE_ bit, 
SUSPENSION_STATE_ integer, 
CACHED_ENT_STATE_ integer, 
TENANT_ID_ varchar(255) default &apos;&apos;, 
NAME_ varchar(255), 
LOCK_TIME_ timestamp, 
primary key (ID_) 
)
10:48:03,886 [main] DEBUG org.activiti.engine.impl.db.DbSqlSession  - SQL: create table ACT_RU_JOB ( 
ID_ varchar(64) NOT NULL, 
REV_ integer, 
TYPE_ varchar(255) NOT NULL, 
LOCK_EXP_TIME_ timestamp, 
LOCK_OWNER_ varchar(255), 
EXCLUSIVE_ boolean, 
EXECUTION_ID_ varchar(64), 
PROCESS_INSTANCE_ID_ varchar(64), 
PROC_DEF_ID_ varchar(64), 
RETRIES_ integer, 
EXCEPTION_STACK_ID_ varchar(64), 
EXCEPTION_MSG_ varchar(4000), 
DUEDATE_ timestamp, 
REPEAT_ varchar(255), 
HANDLER_TYPE_ varchar(255), 
HANDLER_CFG_ varchar(4000), 
TENANT_ID_ varchar(255) default &apos;&apos;, 
primary key (ID_) 
)
10:48:03,886 [main] DEBUG org.activiti.engine.impl.db.DbSqlSession  - SQL: create table ACT_RE_PROCDEF ( 
ID_ varchar(64) NOT NULL, 
REV_ integer, 
CATEGORY_ varchar(255), 
NAME_ varchar(255), 
KEY_ varchar(255) NOT NULL, 
VERSION_ integer NOT NULL, 
DEPLOYMENT_ID_ varchar(64), 
RESOURCE_NAME_ varchar(4000), 
DGRM_RESOURCE_NAME_ varchar(4000), 
DESCRIPTION_ varchar(4000), 
HAS_START_FORM_KEY_ bit, 
HAS_GRAPHICAL_NOTATION_ bit, 
SUSPENSION_STATE_ integer, 
TENANT_ID_ varchar(255) default &apos;&apos;, 
primary key (ID_) 
)
10:48:03,886 [main] DEBUG org.activiti.engine.impl.db.DbSqlSession  - SQL: create table ACT_RU_TASK ( 
ID_ varchar(64), 
REV_ integer, 
EXECUTION_ID_ varchar(64), 
PROC_INST_ID_ varchar(64), 
PROC_DEF_ID_ varchar(64), 
NAME_ varchar(255), 
PARENT_TASK_ID_ varchar(64), 
DESCRIPTION_ varchar(4000), 
TASK_DEF_KEY_ varchar(255), 
OWNER_ varchar(255), 
ASSIGNEE_ varchar(255), 
DELEGATION_ varchar(64), 
PRIORITY_ integer, 
CREATE_TIME_ timestamp, 
DUE_DATE_ timestamp, 
CATEGORY_ varchar(255), 
SUSPENSION_STATE_ integer, 
TENANT_ID_ varchar(255) default &apos;&apos;, 
FORM_KEY_ varchar(255), 
primary key (ID_) 
)
10:48:03,886 [main] DEBUG org.activiti.engine.impl.db.DbSqlSession  - SQL: create table ACT_RU_IDENTITYLINK ( 
ID_ varchar(64), 
REV_ integer, 
GROUP_ID_ varchar(255), 
TYPE_ varchar(255), 
USER_ID_ varchar(255), 
TASK_ID_ varchar(64), 
PROC_INST_ID_ varchar(64) null, 
PROC_DEF_ID_ varchar(64), 
primary key (ID_) 
)
10:48:03,886 [main] DEBUG org.activiti.engine.impl.db.DbSqlSession  - SQL: create table ACT_RU_VARIABLE ( 
ID_ varchar(64) not null, 
REV_ integer, 
TYPE_ varchar(255) not null, 
NAME_ varchar(255) not null, 
EXECUTION_ID_ varchar(64), 
PROC_INST_ID_ varchar(64), 
TASK_ID_ varchar(64), 
BYTEARRAY_ID_ varchar(64), 
DOUBLE_ double, 
LONG_ bigint, 
TEXT_ varchar(4000), 
TEXT2_ varchar(4000), 
primary key (ID_) 
)
10:48:03,886 [main] DEBUG org.activiti.engine.impl.db.DbSqlSession  - SQL: create table ACT_RU_EVENT_SUBSCR ( 
ID_ varchar(64) not null, 
REV_ integer, 
EVENT_TYPE_ varchar(255) not null, 
EVENT_NAME_ varchar(255), 
EXECUTION_ID_ varchar(64), 
PROC_INST_ID_ varchar(64), 
ACTIVITY_ID_ varchar(64), 
CONFIGURATION_ varchar(255), 
CREATED_ timestamp not null, 
PROC_DEF_ID_ varchar(64), 
TENANT_ID_ varchar(255) default &apos;&apos;, 
primary key (ID_) 
)
10:48:03,886 [main] DEBUG org.activiti.engine.impl.db.DbSqlSession  - SQL: create table ACT_EVT_LOG ( 
LOG_NR_ identity, 
TYPE_ varchar(64), 
PROC_DEF_ID_ varchar(64), 
PROC_INST_ID_ varchar(64), 
EXECUTION_ID_ varchar(64), 
TASK_ID_ varchar(64), 
TIME_STAMP_ timestamp not null, 
USER_ID_ varchar(255), 
DATA_ longvarbinary, 
LOCK_OWNER_ varchar(255), 
LOCK_TIME_ timestamp, 
IS_PROCESSED_ bit default 0 
)
10:48:03,886 [main] DEBUG org.activiti.engine.impl.db.DbSqlSession  - SQL: create table ACT_PROCDEF_INFO ( 
ID_ varchar(64) not null, 
PROC_DEF_ID_ varchar(64) not null, 
REV_ integer, 
INFO_JSON_ID_ varchar(64), 
primary key (ID_) 
)
10:48:03,886 [main] DEBUG org.activiti.engine.impl.db.DbSqlSession  - SQL: create index ACT_IDX_EXEC_BUSKEY on ACT_RU_EXECUTION(BUSINESS_KEY_)
10:48:03,886 [main] DEBUG org.activiti.engine.impl.db.DbSqlSession  - SQL: create index ACT_IDX_TASK_CREATE on ACT_RU_TASK(CREATE_TIME_)
10:48:03,886 [main] DEBUG org.activiti.engine.impl.db.DbSqlSession  - SQL: create index ACT_IDX_IDENT_LNK_USER on ACT_RU_IDENTITYLINK(USER_ID_)
10:48:03,886 [main] DEBUG org.activiti.engine.impl.db.DbSqlSession  - SQL: create index ACT_IDX_IDENT_LNK_GROUP on ACT_RU_IDENTITYLINK(GROUP_ID_)
10:48:03,886 [main] DEBUG org.activiti.engine.impl.db.DbSqlSession  - SQL: create index ACT_IDX_EVENT_SUBSCR_CONFIG_ on ACT_RU_EVENT_SUBSCR(CONFIGURATION_)
10:48:03,886 [main] DEBUG org.activiti.engine.impl.db.DbSqlSession  - SQL: create index ACT_IDX_VARIABLE_TASK_ID on ACT_RU_VARIABLE(TASK_ID_)
10:48:03,886 [main] DEBUG org.activiti.engine.impl.db.DbSqlSession  - SQL: create index ACT_IDX_ATHRZ_PROCEDEF on ACT_RU_IDENTITYLINK(PROC_DEF_ID_)
10:48:03,887 [main] DEBUG org.activiti.engine.impl.db.DbSqlSession  - SQL: create index ACT_IDX_INFO_PROCDEF on ACT_PROCDEF_INFO(PROC_DEF_ID_)
10:48:03,887 [main] DEBUG org.activiti.engine.impl.db.DbSqlSession  - SQL: alter table ACT_GE_BYTEARRAY 
add constraint ACT_FK_BYTEARR_DEPL 
foreign key (DEPLOYMENT_ID_) 
references ACT_RE_DEPLOYMENT
10:48:03,887 [main] DEBUG org.activiti.engine.impl.db.DbSqlSession  - SQL: alter table ACT_RE_PROCDEF 
add constraint ACT_UNIQ_PROCDEF 
unique (KEY_,VERSION_, TENANT_ID_)
10:48:03,887 [main] DEBUG org.activiti.engine.impl.db.DbSqlSession  - SQL: alter table ACT_RU_EXECUTION 
add constraint ACT_FK_EXE_PROCINST 
foreign key (PROC_INST_ID_) 
references ACT_RU_EXECUTION
10:48:03,887 [main] DEBUG org.activiti.engine.impl.db.DbSqlSession  - SQL: alter table ACT_RU_EXECUTION 
add constraint ACT_FK_EXE_PARENT 
foreign key (PARENT_ID_) 
references ACT_RU_EXECUTION
10:48:03,887 [main] DEBUG org.activiti.engine.impl.db.DbSqlSession  - SQL: alter table ACT_RU_EXECUTION 
add constraint ACT_FK_EXE_SUPER 
foreign key (SUPER_EXEC_) 
references ACT_RU_EXECUTION
10:48:03,887 [main] DEBUG org.activiti.engine.impl.db.DbSqlSession  - SQL: alter table ACT_RU_EXECUTION 
add constraint ACT_FK_EXE_PROCDEF 
foreign key (PROC_DEF_ID_) 
references ACT_RE_PROCDEF (ID_)
10:48:03,887 [main] DEBUG org.activiti.engine.impl.db.DbSqlSession  - SQL: alter table ACT_RU_IDENTITYLINK 
add constraint ACT_FK_TSKASS_TASK 
foreign key (TASK_ID_) 
references ACT_RU_TASK
10:48:03,887 [main] DEBUG org.activiti.engine.impl.db.DbSqlSession  - SQL: alter table ACT_RU_IDENTITYLINK 
add constraint ACT_FK_ATHRZ_PROCEDEF 
foreign key (PROC_DEF_ID_) 
references ACT_RE_PROCDEF
10:48:03,888 [main] DEBUG org.activiti.engine.impl.db.DbSqlSession  - SQL: alter table ACT_RU_IDENTITYLINK 
add constraint ACT_FK_IDL_PROCINST 
foreign key (PROC_INST_ID_) 
references ACT_RU_EXECUTION (ID_)
10:48:03,888 [main] DEBUG org.activiti.engine.impl.db.DbSqlSession  - SQL: alter table ACT_RU_TASK 
add constraint ACT_FK_TASK_EXE 
foreign key (EXECUTION_ID_) 
references ACT_RU_EXECUTION
10:48:03,888 [main] DEBUG org.activiti.engine.impl.db.DbSqlSession  - SQL: alter table ACT_RU_TASK 
add constraint ACT_FK_TASK_PROCINST 
foreign key (PROC_INST_ID_) 
references ACT_RU_EXECUTION
10:48:03,888 [main] DEBUG org.activiti.engine.impl.db.DbSqlSession  - SQL: alter table ACT_RU_TASK 
add constraint ACT_FK_TASK_PROCDEF 
foreign key (PROC_DEF_ID_) 
references ACT_RE_PROCDEF
10:48:03,888 [main] DEBUG org.activiti.engine.impl.db.DbSqlSession  - SQL: alter table ACT_RU_VARIABLE 
add constraint ACT_FK_VAR_EXE 
foreign key (EXECUTION_ID_) 
references ACT_RU_EXECUTION
10:48:03,888 [main] DEBUG org.activiti.engine.impl.db.DbSqlSession  - SQL: alter table ACT_RU_VARIABLE 
add constraint ACT_FK_VAR_PROCINST 
foreign key (PROC_INST_ID_) 
references ACT_RU_EXECUTION
10:48:03,888 [main] DEBUG org.activiti.engine.impl.db.DbSqlSession  - SQL: alter table ACT_RU_VARIABLE 
add constraint ACT_FK_VAR_BYTEARRAY 
foreign key (BYTEARRAY_ID_) 
references ACT_GE_BYTEARRAY
10:48:03,888 [main] DEBUG org.activiti.engine.impl.db.DbSqlSession  - SQL: alter table ACT_RU_JOB 
add constraint ACT_FK_JOB_EXCEPTION 
foreign key (EXCEPTION_STACK_ID_) 
references ACT_GE_BYTEARRAY
10:48:03,889 [main] DEBUG org.activiti.engine.impl.db.DbSqlSession  - SQL: alter table ACT_RU_EVENT_SUBSCR 
add constraint ACT_FK_EVENT_EXEC 
foreign key (EXECUTION_ID_) 
references ACT_RU_EXECUTION
10:48:03,889 [main] DEBUG org.activiti.engine.impl.db.DbSqlSession  - SQL: alter table ACT_RE_MODEL 
add constraint ACT_FK_MODEL_SOURCE 
foreign key (EDITOR_SOURCE_VALUE_ID_) 
references ACT_GE_BYTEARRAY (ID_)
10:48:03,889 [main] DEBUG org.activiti.engine.impl.db.DbSqlSession  - SQL: alter table ACT_RE_MODEL 
add constraint ACT_FK_MODEL_SOURCE_EXTRA 
foreign key (EDITOR_SOURCE_EXTRA_VALUE_ID_) 
references ACT_GE_BYTEARRAY (ID_)
10:48:03,889 [main] DEBUG org.activiti.engine.impl.db.DbSqlSession  - SQL: alter table ACT_RE_MODEL 
add constraint ACT_FK_MODEL_DEPLOYMENT 
foreign key (DEPLOYMENT_ID_) 
references ACT_RE_DEPLOYMENT (ID_)
10:48:03,889 [main] DEBUG org.activiti.engine.impl.db.DbSqlSession  - SQL: alter table ACT_PROCDEF_INFO 
add constraint ACT_FK_INFO_JSON_BA 
foreign key (INFO_JSON_ID_) 
references ACT_GE_BYTEARRAY (ID_)
10:48:03,889 [main] DEBUG org.activiti.engine.impl.db.DbSqlSession  - SQL: alter table ACT_PROCDEF_INFO 
add constraint ACT_FK_INFO_PROCDEF 
foreign key (PROC_DEF_ID_) 
references ACT_RE_PROCDEF (ID_)
10:48:03,889 [main] DEBUG org.activiti.engine.impl.db.DbSqlSession  - SQL: alter table ACT_PROCDEF_INFO 
add constraint ACT_UNIQ_INFO_PROCDEF 
unique (PROC_DEF_ID_)
10:48:03,889 [main] DEBUG org.activiti.engine.impl.db.DbSqlSession  - activiti db schema create for component engine successful
10:48:03,890 [main] INFO  org.activiti.engine.impl.db.DbSqlSession  - performing create on history with resource org/activiti/db/create/activiti.h2.create.history.sql
10:48:03,890 [main] DEBUG org.activiti.engine.impl.db.DbSqlSession  - SQL: create table ACT_HI_PROCINST ( 
ID_ varchar(64) not null, 
PROC_INST_ID_ varchar(64) not null, 
BUSINESS_KEY_ varchar(255), 
PROC_DEF_ID_ varchar(64) not null, 
START_TIME_ timestamp not null, 
END_TIME_ timestamp, 
DURATION_ bigint, 
START_USER_ID_ varchar(255), 
START_ACT_ID_ varchar(255), 
END_ACT_ID_ varchar(255), 
SUPER_PROCESS_INSTANCE_ID_ varchar(64), 
DELETE_REASON_ varchar(4000), 
TENANT_ID_ varchar(255) default &apos;&apos;, 
NAME_ varchar(255), 
primary key (ID_), 
unique (PROC_INST_ID_) 
)
10:48:03,890 [main] DEBUG org.activiti.engine.impl.db.DbSqlSession  - SQL: create table ACT_HI_ACTINST ( 
ID_ varchar(64) not null, 
PROC_DEF_ID_ varchar(64) not null, 
PROC_INST_ID_ varchar(64) not null, 
EXECUTION_ID_ varchar(64) not null, 
ACT_ID_ varchar(255) not null, 
TASK_ID_ varchar(64), 
CALL_PROC_INST_ID_ varchar(64), 
ACT_NAME_ varchar(255), 
ACT_TYPE_ varchar(255) not null, 
ASSIGNEE_ varchar(255), 
START_TIME_ timestamp not null, 
END_TIME_ timestamp, 
DURATION_ bigint, 
TENANT_ID_ varchar(255) default &apos;&apos;, 
primary key (ID_) 
)
10:48:03,890 [main] DEBUG org.activiti.engine.impl.db.DbSqlSession  - SQL: create table ACT_HI_TASKINST ( 
ID_ varchar(64) not null, 
PROC_DEF_ID_ varchar(64), 
TASK_DEF_KEY_ varchar(255), 
PROC_INST_ID_ varchar(64), 
EXECUTION_ID_ varchar(64), 
NAME_ varchar(255), 
PARENT_TASK_ID_ varchar(64), 
DESCRIPTION_ varchar(4000), 
OWNER_ varchar(255), 
ASSIGNEE_ varchar(255), 
START_TIME_ timestamp not null, 
CLAIM_TIME_ timestamp, 
END_TIME_ timestamp, 
DURATION_ bigint, 
DELETE_REASON_ varchar(4000), 
PRIORITY_ integer, 
DUE_DATE_ timestamp, 
FORM_KEY_ varchar(255), 
CATEGORY_ varchar(255), 
TENANT_ID_ varchar(255) default &apos;&apos;, 
primary key (ID_) 
)
10:48:03,890 [main] DEBUG org.activiti.engine.impl.db.DbSqlSession  - SQL: create table ACT_HI_VARINST ( 
ID_ varchar(64) not null, 
PROC_INST_ID_ varchar(64), 
EXECUTION_ID_ varchar(64), 
TASK_ID_ varchar(64), 
NAME_ varchar(255) not null, 
VAR_TYPE_ varchar(100), 
REV_ integer, 
BYTEARRAY_ID_ varchar(64), 
DOUBLE_ double, 
LONG_ bigint, 
TEXT_ varchar(4000), 
TEXT2_ varchar(4000), 
CREATE_TIME_ timestamp, 
LAST_UPDATED_TIME_ timestamp, 
primary key (ID_) 
)
10:48:03,890 [main] DEBUG org.activiti.engine.impl.db.DbSqlSession  - SQL: create table ACT_HI_DETAIL ( 
ID_ varchar(64) not null, 
TYPE_ varchar(255) not null, 
TIME_ timestamp not null, 
NAME_ varchar(255), 
PROC_INST_ID_ varchar(64), 
EXECUTION_ID_ varchar(64), 
TASK_ID_ varchar(64), 
ACT_INST_ID_ varchar(64), 
VAR_TYPE_ varchar(255), 
REV_ integer, 
BYTEARRAY_ID_ varchar(64), 
DOUBLE_ double, 
LONG_ bigint, 
TEXT_ varchar(4000), 
TEXT2_ varchar(4000), 
primary key (ID_) 
)
10:48:03,890 [main] DEBUG org.activiti.engine.impl.db.DbSqlSession  - SQL: create table ACT_HI_COMMENT ( 
ID_ varchar(64) not null, 
TYPE_ varchar(255), 
TIME_ timestamp not null, 
USER_ID_ varchar(255), 
TASK_ID_ varchar(64), 
PROC_INST_ID_ varchar(64), 
ACTION_ varchar(255), 
MESSAGE_ varchar(4000), 
FULL_MSG_ longvarbinary, 
primary key (ID_) 
)
10:48:03,890 [main] DEBUG org.activiti.engine.impl.db.DbSqlSession  - SQL: create table ACT_HI_ATTACHMENT ( 
ID_ varchar(64) not null, 
REV_ integer, 
USER_ID_ varchar(255), 
NAME_ varchar(255), 
DESCRIPTION_ varchar(4000), 
TYPE_ varchar(255), 
TASK_ID_ varchar(64), 
PROC_INST_ID_ varchar(64), 
URL_ varchar(4000), 
CONTENT_ID_ varchar(64), 
TIME_ timestamp, 
primary key (ID_) 
)
10:48:03,890 [main] DEBUG org.activiti.engine.impl.db.DbSqlSession  - SQL: create table ACT_HI_IDENTITYLINK ( 
ID_ varchar(64), 
GROUP_ID_ varchar(255), 
TYPE_ varchar(255), 
USER_ID_ varchar(255), 
TASK_ID_ varchar(64), 
PROC_INST_ID_ varchar(64) null, 
primary key (ID_) 
)
10:48:03,890 [main] DEBUG org.activiti.engine.impl.db.DbSqlSession  - SQL: create index ACT_IDX_HI_PRO_INST_END on ACT_HI_PROCINST(END_TIME_)
10:48:03,890 [main] DEBUG org.activiti.engine.impl.db.DbSqlSession  - SQL: create index ACT_IDX_HI_PRO_I_BUSKEY on ACT_HI_PROCINST(BUSINESS_KEY_)
10:48:03,891 [main] DEBUG org.activiti.engine.impl.db.DbSqlSession  - SQL: create index ACT_IDX_HI_ACT_INST_START on ACT_HI_ACTINST(START_TIME_)
10:48:03,891 [main] DEBUG org.activiti.engine.impl.db.DbSqlSession  - SQL: create index ACT_IDX_HI_ACT_INST_END on ACT_HI_ACTINST(END_TIME_)
10:48:03,891 [main] DEBUG org.activiti.engine.impl.db.DbSqlSession  - SQL: create index ACT_IDX_HI_DETAIL_PROC_INST on ACT_HI_DETAIL(PROC_INST_ID_)
10:48:03,891 [main] DEBUG org.activiti.engine.impl.db.DbSqlSession  - SQL: create index ACT_IDX_HI_DETAIL_ACT_INST on ACT_HI_DETAIL(ACT_INST_ID_)
10:48:03,891 [main] DEBUG org.activiti.engine.impl.db.DbSqlSession  - SQL: create index ACT_IDX_HI_DETAIL_TIME on ACT_HI_DETAIL(TIME_)
10:48:03,891 [main] DEBUG org.activiti.engine.impl.db.DbSqlSession  - SQL: create index ACT_IDX_HI_DETAIL_NAME on ACT_HI_DETAIL(NAME_)
10:48:03,891 [main] DEBUG org.activiti.engine.impl.db.DbSqlSession  - SQL: create index ACT_IDX_HI_DETAIL_TASK_ID on ACT_HI_DETAIL(TASK_ID_)
10:48:03,891 [main] DEBUG org.activiti.engine.impl.db.DbSqlSession  - SQL: create index ACT_IDX_HI_PROCVAR_PROC_INST on ACT_HI_VARINST(PROC_INST_ID_)
10:48:03,891 [main] DEBUG org.activiti.engine.impl.db.DbSqlSession  - SQL: create index ACT_IDX_HI_PROCVAR_NAME_TYPE on ACT_HI_VARINST(NAME_, VAR_TYPE_)
10:48:03,891 [main] DEBUG org.activiti.engine.impl.db.DbSqlSession  - SQL: create index ACT_IDX_HI_PROCVAR_TASK_ID on ACT_HI_VARINST(TASK_ID_)
10:48:03,891 [main] DEBUG org.activiti.engine.impl.db.DbSqlSession  - SQL: create index ACT_IDX_HI_ACT_INST_PROCINST on ACT_HI_ACTINST(PROC_INST_ID_, ACT_ID_)
10:48:03,891 [main] DEBUG org.activiti.engine.impl.db.DbSqlSession  - SQL: create index ACT_IDX_HI_IDENT_LNK_USER on ACT_HI_IDENTITYLINK(USER_ID_)
10:48:03,891 [main] DEBUG org.activiti.engine.impl.db.DbSqlSession  - SQL: create index ACT_IDX_HI_IDENT_LNK_TASK on ACT_HI_IDENTITYLINK(TASK_ID_)
10:48:03,891 [main] DEBUG org.activiti.engine.impl.db.DbSqlSession  - SQL: create index ACT_IDX_HI_IDENT_LNK_PROCINST on ACT_HI_IDENTITYLINK(PROC_INST_ID_)
10:48:03,891 [main] DEBUG org.activiti.engine.impl.db.DbSqlSession  - SQL: create index ACT_IDX_HI_ACT_INST_EXEC on ACT_HI_ACTINST(EXECUTION_ID_, ACT_ID_)
10:48:03,891 [main] DEBUG org.activiti.engine.impl.db.DbSqlSession  - SQL: create index ACT_IDX_HI_TASK_INST_PROCINST on ACT_HI_TASKINST(PROC_INST_ID_)
10:48:03,891 [main] DEBUG org.activiti.engine.impl.db.DbSqlSession  - activiti db schema create for component history successful
10:48:03,891 [main] INFO  org.activiti.engine.impl.db.DbSqlSession  - performing create on identity with resource org/activiti/db/create/activiti.h2.create.identity.sql
10:48:03,891 [main] DEBUG org.activiti.engine.impl.db.DbSqlSession  - SQL: create table ACT_ID_GROUP ( 
ID_ varchar(64), 
REV_ integer, 
NAME_ varchar(255), 
TYPE_ varchar(255), 
primary key (ID_) 
)
10:48:03,891 [main] DEBUG org.activiti.engine.impl.db.DbSqlSession  - SQL: create table ACT_ID_MEMBERSHIP ( 
USER_ID_ varchar(64), 
GROUP_ID_ varchar(64), 
primary key (USER_ID_, GROUP_ID_) 
)
10:48:03,891 [main] DEBUG org.activiti.engine.impl.db.DbSqlSession  - SQL: create table ACT_ID_USER ( 
ID_ varchar(64), 
REV_ integer, 
FIRST_ varchar(255), 
LAST_ varchar(255), 
EMAIL_ varchar(255), 
PWD_ varchar(255), 
PICTURE_ID_ varchar(64), 
primary key (ID_) 
)
10:48:03,892 [main] DEBUG org.activiti.engine.impl.db.DbSqlSession  - SQL: create table ACT_ID_INFO ( 
ID_ varchar(64), 
REV_ integer, 
USER_ID_ varchar(64), 
TYPE_ varchar(64), 
KEY_ varchar(255), 
VALUE_ varchar(255), 
PASSWORD_ longvarbinary, 
PARENT_ID_ varchar(255), 
primary key (ID_) 
)
10:48:03,892 [main] DEBUG org.activiti.engine.impl.db.DbSqlSession  - SQL: alter table ACT_ID_MEMBERSHIP 
add constraint ACT_FK_MEMB_GROUP 
foreign key (GROUP_ID_) 
references ACT_ID_GROUP
10:48:03,892 [main] DEBUG org.activiti.engine.impl.db.DbSqlSession  - SQL: alter table ACT_ID_MEMBERSHIP 
add constraint ACT_FK_MEMB_USER 
foreign key (USER_ID_) 
references ACT_ID_USER
10:48:03,892 [main] DEBUG org.activiti.engine.impl.db.DbSqlSession  - activiti db schema create for component identity successful
10:48:03,892 [main] DEBUG org.activiti.engine.impl.db.DbSqlSession  - flush summary: 0 insert, 0 update, 0 delete.
10:48:03,892 [main] DEBUG org.activiti.engine.impl.db.DbSqlSession  - now executing flush...
10:48:03,892 [main] DEBUG org.activiti.engine.impl.cfg.standalone.StandaloneMybatisTransactionContext  - firing event committing...
10:48:03,892 [main] DEBUG org.activiti.engine.impl.cfg.standalone.StandaloneMybatisTransactionContext  - committing the ibatis sql session...
10:48:03,892 [main] DEBUG org.activiti.engine.impl.cfg.standalone.StandaloneMybatisTransactionContext  - firing event committed...
10:48:03,892 [main] DEBUG org.apache.ibatis.transaction.jdbc.JdbcTransaction  - Resetting autocommit to true on JDBC Connection [conn84: url=jdbc:h2:mem:activiti user=SA]
10:48:03,892 [main] DEBUG org.apache.ibatis.transaction.jdbc.JdbcTransaction  - Closing JDBC Connection [conn84: url=jdbc:h2:mem:activiti user=SA]
10:48:03,892 [main] DEBUG org.apache.ibatis.datasource.pooled.PooledDataSource  - Returned connection 1795131572 to pool.
10:48:03,892 [main] DEBUG org.activiti.engine.impl.interceptor.LogInterceptor  - ---  finished --------------------------------------------------------
10:48:03,892 [main] DEBUG org.activiti.engine.impl.interceptor.LogInterceptor  - 

</system-out>
  </testcase>
</testsuite>