<?xml version="1.0" encoding="UTF-8" ?>
<testsuite tests="7" failures="0" name="org.activiti.engine.test.api.task.SubTaskQueryTest" time="0.138" errors="7" skipped="0">
  <properties>
    <property name="idea.version" value="2022.3.1"/>
    <property name="java.runtime.name" value="Java(TM) SE Runtime Environment"/>
    <property name="sun.boot.library.path" value="C:\Program Files\Java\jdk1.8.0_351\jre\bin"/>
    <property name="java.vm.version" value="25.351-b10"/>
    <property name="java.vm.vendor" value="Oracle Corporation"/>
    <property name="java.vendor.url" value="http://java.oracle.com/"/>
    <property name="path.separator" value=";"/>
    <property name="java.vm.name" value="Java HotSpot(TM) 64-Bit Server VM"/>
    <property name="file.encoding.pkg" value="sun.io"/>
    <property name="user.script" value=""/>
    <property name="user.country" value="CN"/>
    <property name="sun.java.launcher" value="SUN_STANDARD"/>
    <property name="sun.os.patch.level" value=""/>
    <property name="java.vm.specification.name" value="Java Virtual Machine Specification"/>
    <property name="user.dir" value="D:\xinchuang\activiti-engine-5.19.0.2"/>
    <property name="java.runtime.version" value="1.8.0_351-b10"/>
    <property name="java.awt.graphicsenv" value="sun.awt.Win32GraphicsEnvironment"/>
    <property name="basedir" value="D:\xinchuang\activiti-engine-5.19.0.2"/>
    <property name="java.endorsed.dirs" value="C:\Program Files\Java\jdk1.8.0_351\jre\lib\endorsed"/>
    <property name="os.arch" value="amd64"/>
    <property name="surefire.real.class.path" value="D:\xinchuang\activiti-engine-5.19.0.2\target\surefire\surefirebooter2972839343429811619.jar"/>
    <property name="java.io.tmpdir" value="C:\Users\ryan\AppData\Local\Temp\"/>
    <property name="line.separator" value="
"/>
    <property name="java.vm.specification.vendor" value="Oracle Corporation"/>
    <property name="user.variant" value=""/>
    <property name="os.name" value="Windows 11"/>
    <property name="sun.jnu.encoding" value="GBK"/>
    <property name="java.library.path" value="C:\Program Files\Java\jdk1.8.0_351\jre\bin;C:\WINDOWS\Sun\Java\bin;C:\WINDOWS\system32;C:\WINDOWS;C:\Program Files (x86)\Common Files\Oracle\Java\javapath;D:\Program Files (x86)\VMware\VMware Workstation\bin\;C:\ProgramData\Oracle\Java\javapath;C:\WINDOWS\system32;C:\WINDOWS;C:\WINDOWS\System32\Wbem;C:\WINDOWS\System32\WindowsPowerShell\v1.0\;C:\WINDOWS\System32\OpenSSH\;d:\Program Files\Git\cmd;D:\Program Files\apache-maven-3.6.1\bin;C:\Program Files\Java\jdk1.8.0_351\bin;D:\Program Files\nodejs\;C:\Program Files\Bandizip\;D:\Program Files (x86)\NetSarang\Xshell 7\;D:\Program Files (x86)\NetSarang\Xftp 7\;D:\Program Files\cmder;;C:\Program Files (x86)\Tencent\微信web开发者工具\dll;C:\Users\ryan\.app\;C:\Users\ryan\AppData\Local\Programs\Python\Python38\Scripts\;C:\Users\ryan\AppData\Local\Programs\Python\Python38\;C:\Users\ryan\AppData\Local\Microsoft\WindowsApps;D:\Program Files\Microsoft VS Code\bin;C:\Users\ryan\AppData\Roaming\npm;d:\Program Files\JetBrains\IntelliJ IDEA 2020.3\bin;;d:\Program Files\JetBrains\DataGrip 2021.1.3\bin;;;."/>
    <property name="surefire.test.class.path" value="D:\xinchuang\activiti-engine-5.19.0.2\target\test-classes;D:\xinchuang\activiti-engine-5.19.0.2\target\classes;D:\Program Files\apache-maven-3.6.1\shanxi\org\activiti\activiti-bpmn-converter\5.19.0.2\activiti-bpmn-converter-5.19.0.2.jar;D:\Program Files\apache-maven-3.6.1\shanxi\org\activiti\activiti-bpmn-model\5.19.0.2\activiti-bpmn-model-5.19.0.2.jar;D:\Program Files\apache-maven-3.6.1\shanxi\com\fasterxml\jackson\core\jackson-core\2.2.3\jackson-core-2.2.3.jar;D:\Program Files\apache-maven-3.6.1\shanxi\com\fasterxml\jackson\core\jackson-databind\2.2.3\jackson-databind-2.2.3.jar;D:\Program Files\apache-maven-3.6.1\shanxi\com\fasterxml\jackson\core\jackson-annotations\2.2.3\jackson-annotations-2.2.3.jar;D:\Program Files\apache-maven-3.6.1\shanxi\org\activiti\activiti-process-validation\5.19.0.2\activiti-process-validation-5.19.0.2.jar;D:\Program Files\apache-maven-3.6.1\shanxi\org\activiti\activiti-image-generator\5.19.0.2\activiti-image-generator-5.19.0.2.jar;D:\Program Files\apache-maven-3.6.1\shanxi\org\apache\commons\commons-email\1.4\commons-email-1.4.jar;D:\Program Files\apache-maven-3.6.1\shanxi\com\sun\mail\javax.mail\1.5.2\javax.mail-1.5.2.jar;D:\Program Files\apache-maven-3.6.1\shanxi\javax\activation\activation\1.1.1\activation-1.1.1.jar;D:\Program Files\apache-maven-3.6.1\shanxi\org\apache\commons\commons-lang3\3.3.2\commons-lang3-3.3.2.jar;D:\Program Files\apache-maven-3.6.1\shanxi\org\mybatis\mybatis\3.3.0\mybatis-3.3.0.jar;D:\Program Files\apache-maven-3.6.1\shanxi\org\springframework\spring-beans\4.1.5.RELEASE\spring-beans-4.1.5.RELEASE.jar;D:\Program Files\apache-maven-3.6.1\shanxi\org\springframework\spring-core\4.1.5.RELEASE\spring-core-4.1.5.RELEASE.jar;D:\Program Files\apache-maven-3.6.1\shanxi\junit\junit\4.11\junit-4.11.jar;D:\Program Files\apache-maven-3.6.1\shanxi\org\hamcrest\hamcrest-core\1.3\hamcrest-core-1.3.jar;D:\Program Files\apache-maven-3.6.1\shanxi\org\codehaus\groovy\groovy-all\2.4.3\groovy-all-2.4.3.jar;D:\Program Files\apache-maven-3.6.1\shanxi\org\drools\drools-core\5.5.0.Final\drools-core-5.5.0.Final.jar;D:\Program Files\apache-maven-3.6.1\shanxi\org\mvel\mvel2\2.1.3.Final\mvel2-2.1.3.Final.jar;D:\Program Files\apache-maven-3.6.1\shanxi\org\drools\knowledge-api\5.5.0.Final\knowledge-api-5.5.0.Final.jar;D:\Program Files\apache-maven-3.6.1\shanxi\org\drools\knowledge-internal-api\5.5.0.Final\knowledge-internal-api-5.5.0.Final.jar;D:\Program Files\apache-maven-3.6.1\shanxi\org\drools\drools-compiler\5.5.0.Final\drools-compiler-5.5.0.Final.jar;D:\Program Files\apache-maven-3.6.1\shanxi\org\antlr\antlr-runtime\3.3\antlr-runtime-3.3.jar;D:\Program Files\apache-maven-3.6.1\shanxi\org\antlr\antlr\3.3\antlr-3.3.jar;D:\Program Files\apache-maven-3.6.1\shanxi\org\antlr\stringtemplate\3.2.1\stringtemplate-3.2.1.jar;D:\Program Files\apache-maven-3.6.1\shanxi\antlr\antlr\2.7.7\antlr-2.7.7.jar;D:\Program Files\apache-maven-3.6.1\shanxi\org\eclipse\jdt\core\compiler\ecj\3.5.1\ecj-3.5.1.jar;D:\Program Files\apache-maven-3.6.1\shanxi\com\thoughtworks\xstream\xstream\1.4.1\xstream-1.4.1.jar;D:\Program Files\apache-maven-3.6.1\shanxi\xmlpull\xmlpull\1.1.3.1\xmlpull-1.1.3.1.jar;D:\Program Files\apache-maven-3.6.1\shanxi\xpp3\xpp3_min\1.1.4c\xpp3_min-1.1.4c.jar;D:\Program Files\apache-maven-3.6.1\shanxi\javax\persistence\persistence-api\1.0\persistence-api-1.0.jar;D:\Program Files\apache-maven-3.6.1\shanxi\org\apache\geronimo\specs\geronimo-jta_1.1_spec\1.1.1\geronimo-jta_1.1_spec-1.1.1.jar;D:\Program Files\apache-maven-3.6.1\shanxi\javax\enterprise\concurrent\javax.enterprise.concurrent-api\1.0\javax.enterprise.concurrent-api-1.0.jar;D:\Program Files\apache-maven-3.6.1\shanxi\com\h2database\h2\1.3.176\h2-1.3.176.jar;D:\Program Files\apache-maven-3.6.1\shanxi\org\mockito\mockito-core\1.8.2\mockito-core-1.8.2.jar;D:\Program Files\apache-maven-3.6.1\shanxi\org\objenesis\objenesis\1.0\objenesis-1.0.jar;D:\Program Files\apache-maven-3.6.1\shanxi\org\apache\openjpa\openjpa\1.2.2\openjpa-1.2.2.jar;D:\Program Files\apache-maven-3.6.1\shanxi\net\sourceforge\serp\serp\1.13.1\serp-1.13.1.jar;D:\Program Files\apache-maven-3.6.1\shanxi\commons-lang\commons-lang\2.1\commons-lang-2.1.jar;D:\Program Files\apache-maven-3.6.1\shanxi\commons-collections\commons-collections\3.2\commons-collections-3.2.jar;D:\Program Files\apache-maven-3.6.1\shanxi\commons-pool\commons-pool\1.3\commons-pool-1.3.jar;D:\Program Files\apache-maven-3.6.1\shanxi\org\apache\geronimo\specs\geronimo-jms_1.1_spec\1.0.1\geronimo-jms_1.1_spec-1.0.1.jar;D:\Program Files\apache-maven-3.6.1\shanxi\org\apache\geronimo\specs\geronimo-jpa_3.0_spec\1.0\geronimo-jpa_3.0_spec-1.0.jar;D:\Program Files\apache-maven-3.6.1\shanxi\org\subethamail\subethasmtp-wiser\1.2\subethasmtp-wiser-1.2.jar;D:\Program Files\apache-maven-3.6.1\shanxi\org\subethamail\subethasmtp-smtp\1.2\subethasmtp-smtp-1.2.jar;D:\Program Files\apache-maven-3.6.1\shanxi\javax\mail\mail\1.4.1\mail-1.4.1.jar;D:\Program Files\apache-maven-3.6.1\shanxi\mysql\mysql-connector-java\5.1.27\mysql-connector-java-5.1.27.jar;D:\Program Files\apache-maven-3.6.1\shanxi\org\postgresql\postgresql\9.4-1201-jdbc4\postgresql-9.4-1201-jdbc4.jar;D:\Program Files\apache-maven-3.6.1\shanxi\net\sourceforge\jtds\jtds\1.3.0\jtds-1.3.0.jar;D:\Program Files\apache-maven-3.6.1\shanxi\com\fasterxml\uuid\java-uuid-generator\3.1.3\java-uuid-generator-3.1.3.jar;D:\Program Files\apache-maven-3.6.1\shanxi\log4j\log4j\1.2.13\log4j-1.2.13.jar;D:\Program Files\apache-maven-3.6.1\shanxi\commons-io\commons-io\2.0.1\commons-io-2.0.1.jar;D:\Program Files\apache-maven-3.6.1\shanxi\joda-time\joda-time\2.6\joda-time-2.6.jar;D:\Program Files\apache-maven-3.6.1\shanxi\org\slf4j\slf4j-api\1.7.6\slf4j-api-1.7.6.jar;D:\Program Files\apache-maven-3.6.1\shanxi\org\slf4j\jcl-over-slf4j\1.7.6\jcl-over-slf4j-1.7.6.jar;D:\Program Files\apache-maven-3.6.1\shanxi\org\slf4j\slf4j-log4j12\1.7.6\slf4j-log4j12-1.7.6.jar;D:\Program Files\apache-maven-3.6.1\shanxi\com\googlecode\catch-exception\catch-exception\1.2.0\catch-exception-1.2.0.jar;D:\Program Files\apache-maven-3.6.1\shanxi\org\codehaus\btm\btm\2.1.3\btm-2.1.3.jar;D:\Program Files\apache-maven-3.6.1\shanxi\javax\transaction\jta\1.1\jta-1.1.jar;"/>
    <property name="sun.awt.enableExtraMouseButtons" value="true"/>
    <property name="java.specification.name" value="Java Platform API Specification"/>
    <property name="java.class.version" value="52.0"/>
    <property name="sun.management.compiler" value="HotSpot 64-Bit Tiered Compilers"/>
    <property name="maven.repo.local" value="D:\Program Files\apache-maven-3.6.1\shanxi"/>
    <property name="os.version" value="10.0"/>
    <property name="user.home" value="C:\Users\ryan"/>
    <property name="user.timezone" value="Asia/Shanghai"/>
    <property name="java.awt.printerjob" value="sun.awt.windows.WPrinterJob"/>
    <property name="java.specification.version" value="1.8"/>
    <property name="file.encoding" value="GBK"/>
    <property name="user.name" value="ryan"/>
    <property name="java.class.path" value="D:\xinchuang\activiti-engine-5.19.0.2\target\test-classes;D:\xinchuang\activiti-engine-5.19.0.2\target\classes;D:\Program Files\apache-maven-3.6.1\shanxi\org\activiti\activiti-bpmn-converter\5.19.0.2\activiti-bpmn-converter-5.19.0.2.jar;D:\Program Files\apache-maven-3.6.1\shanxi\org\activiti\activiti-bpmn-model\5.19.0.2\activiti-bpmn-model-5.19.0.2.jar;D:\Program Files\apache-maven-3.6.1\shanxi\com\fasterxml\jackson\core\jackson-core\2.2.3\jackson-core-2.2.3.jar;D:\Program Files\apache-maven-3.6.1\shanxi\com\fasterxml\jackson\core\jackson-databind\2.2.3\jackson-databind-2.2.3.jar;D:\Program Files\apache-maven-3.6.1\shanxi\com\fasterxml\jackson\core\jackson-annotations\2.2.3\jackson-annotations-2.2.3.jar;D:\Program Files\apache-maven-3.6.1\shanxi\org\activiti\activiti-process-validation\5.19.0.2\activiti-process-validation-5.19.0.2.jar;D:\Program Files\apache-maven-3.6.1\shanxi\org\activiti\activiti-image-generator\5.19.0.2\activiti-image-generator-5.19.0.2.jar;D:\Program Files\apache-maven-3.6.1\shanxi\org\apache\commons\commons-email\1.4\commons-email-1.4.jar;D:\Program Files\apache-maven-3.6.1\shanxi\com\sun\mail\javax.mail\1.5.2\javax.mail-1.5.2.jar;D:\Program Files\apache-maven-3.6.1\shanxi\javax\activation\activation\1.1.1\activation-1.1.1.jar;D:\Program Files\apache-maven-3.6.1\shanxi\org\apache\commons\commons-lang3\3.3.2\commons-lang3-3.3.2.jar;D:\Program Files\apache-maven-3.6.1\shanxi\org\mybatis\mybatis\3.3.0\mybatis-3.3.0.jar;D:\Program Files\apache-maven-3.6.1\shanxi\org\springframework\spring-beans\4.1.5.RELEASE\spring-beans-4.1.5.RELEASE.jar;D:\Program Files\apache-maven-3.6.1\shanxi\org\springframework\spring-core\4.1.5.RELEASE\spring-core-4.1.5.RELEASE.jar;D:\Program Files\apache-maven-3.6.1\shanxi\junit\junit\4.11\junit-4.11.jar;D:\Program Files\apache-maven-3.6.1\shanxi\org\hamcrest\hamcrest-core\1.3\hamcrest-core-1.3.jar;D:\Program Files\apache-maven-3.6.1\shanxi\org\codehaus\groovy\groovy-all\2.4.3\groovy-all-2.4.3.jar;D:\Program Files\apache-maven-3.6.1\shanxi\org\drools\drools-core\5.5.0.Final\drools-core-5.5.0.Final.jar;D:\Program Files\apache-maven-3.6.1\shanxi\org\mvel\mvel2\2.1.3.Final\mvel2-2.1.3.Final.jar;D:\Program Files\apache-maven-3.6.1\shanxi\org\drools\knowledge-api\5.5.0.Final\knowledge-api-5.5.0.Final.jar;D:\Program Files\apache-maven-3.6.1\shanxi\org\drools\knowledge-internal-api\5.5.0.Final\knowledge-internal-api-5.5.0.Final.jar;D:\Program Files\apache-maven-3.6.1\shanxi\org\drools\drools-compiler\5.5.0.Final\drools-compiler-5.5.0.Final.jar;D:\Program Files\apache-maven-3.6.1\shanxi\org\antlr\antlr-runtime\3.3\antlr-runtime-3.3.jar;D:\Program Files\apache-maven-3.6.1\shanxi\org\antlr\antlr\3.3\antlr-3.3.jar;D:\Program Files\apache-maven-3.6.1\shanxi\org\antlr\stringtemplate\3.2.1\stringtemplate-3.2.1.jar;D:\Program Files\apache-maven-3.6.1\shanxi\antlr\antlr\2.7.7\antlr-2.7.7.jar;D:\Program Files\apache-maven-3.6.1\shanxi\org\eclipse\jdt\core\compiler\ecj\3.5.1\ecj-3.5.1.jar;D:\Program Files\apache-maven-3.6.1\shanxi\com\thoughtworks\xstream\xstream\1.4.1\xstream-1.4.1.jar;D:\Program Files\apache-maven-3.6.1\shanxi\xmlpull\xmlpull\1.1.3.1\xmlpull-1.1.3.1.jar;D:\Program Files\apache-maven-3.6.1\shanxi\xpp3\xpp3_min\1.1.4c\xpp3_min-1.1.4c.jar;D:\Program Files\apache-maven-3.6.1\shanxi\javax\persistence\persistence-api\1.0\persistence-api-1.0.jar;D:\Program Files\apache-maven-3.6.1\shanxi\org\apache\geronimo\specs\geronimo-jta_1.1_spec\1.1.1\geronimo-jta_1.1_spec-1.1.1.jar;D:\Program Files\apache-maven-3.6.1\shanxi\javax\enterprise\concurrent\javax.enterprise.concurrent-api\1.0\javax.enterprise.concurrent-api-1.0.jar;D:\Program Files\apache-maven-3.6.1\shanxi\com\h2database\h2\1.3.176\h2-1.3.176.jar;D:\Program Files\apache-maven-3.6.1\shanxi\org\mockito\mockito-core\1.8.2\mockito-core-1.8.2.jar;D:\Program Files\apache-maven-3.6.1\shanxi\org\objenesis\objenesis\1.0\objenesis-1.0.jar;D:\Program Files\apache-maven-3.6.1\shanxi\org\apache\openjpa\openjpa\1.2.2\openjpa-1.2.2.jar;D:\Program Files\apache-maven-3.6.1\shanxi\net\sourceforge\serp\serp\1.13.1\serp-1.13.1.jar;D:\Program Files\apache-maven-3.6.1\shanxi\commons-lang\commons-lang\2.1\commons-lang-2.1.jar;D:\Program Files\apache-maven-3.6.1\shanxi\commons-collections\commons-collections\3.2\commons-collections-3.2.jar;D:\Program Files\apache-maven-3.6.1\shanxi\commons-pool\commons-pool\1.3\commons-pool-1.3.jar;D:\Program Files\apache-maven-3.6.1\shanxi\org\apache\geronimo\specs\geronimo-jms_1.1_spec\1.0.1\geronimo-jms_1.1_spec-1.0.1.jar;D:\Program Files\apache-maven-3.6.1\shanxi\org\apache\geronimo\specs\geronimo-jpa_3.0_spec\1.0\geronimo-jpa_3.0_spec-1.0.jar;D:\Program Files\apache-maven-3.6.1\shanxi\org\subethamail\subethasmtp-wiser\1.2\subethasmtp-wiser-1.2.jar;D:\Program Files\apache-maven-3.6.1\shanxi\org\subethamail\subethasmtp-smtp\1.2\subethasmtp-smtp-1.2.jar;D:\Program Files\apache-maven-3.6.1\shanxi\javax\mail\mail\1.4.1\mail-1.4.1.jar;D:\Program Files\apache-maven-3.6.1\shanxi\mysql\mysql-connector-java\5.1.27\mysql-connector-java-5.1.27.jar;D:\Program Files\apache-maven-3.6.1\shanxi\org\postgresql\postgresql\9.4-1201-jdbc4\postgresql-9.4-1201-jdbc4.jar;D:\Program Files\apache-maven-3.6.1\shanxi\net\sourceforge\jtds\jtds\1.3.0\jtds-1.3.0.jar;D:\Program Files\apache-maven-3.6.1\shanxi\com\fasterxml\uuid\java-uuid-generator\3.1.3\java-uuid-generator-3.1.3.jar;D:\Program Files\apache-maven-3.6.1\shanxi\log4j\log4j\1.2.13\log4j-1.2.13.jar;D:\Program Files\apache-maven-3.6.1\shanxi\commons-io\commons-io\2.0.1\commons-io-2.0.1.jar;D:\Program Files\apache-maven-3.6.1\shanxi\joda-time\joda-time\2.6\joda-time-2.6.jar;D:\Program Files\apache-maven-3.6.1\shanxi\org\slf4j\slf4j-api\1.7.6\slf4j-api-1.7.6.jar;D:\Program Files\apache-maven-3.6.1\shanxi\org\slf4j\jcl-over-slf4j\1.7.6\jcl-over-slf4j-1.7.6.jar;D:\Program Files\apache-maven-3.6.1\shanxi\org\slf4j\slf4j-log4j12\1.7.6\slf4j-log4j12-1.7.6.jar;D:\Program Files\apache-maven-3.6.1\shanxi\com\googlecode\catch-exception\catch-exception\1.2.0\catch-exception-1.2.0.jar;D:\Program Files\apache-maven-3.6.1\shanxi\org\codehaus\btm\btm\2.1.3\btm-2.1.3.jar;D:\Program Files\apache-maven-3.6.1\shanxi\javax\transaction\jta\1.1\jta-1.1.jar;"/>
    <property name="java.vm.specification.version" value="1.8"/>
    <property name="sun.arch.data.model" value="64"/>
    <property name="java.home" value="C:\Program Files\Java\jdk1.8.0_351\jre"/>
    <property name="sun.java.command" value="D:\xinchuang\activiti-engine-5.19.0.2\target\surefire\surefirebooter2972839343429811619.jar D:\xinchuang\activiti-engine-5.19.0.2\target\surefire\surefire1197127065150889766tmp D:\xinchuang\activiti-engine-5.19.0.2\target\surefire\surefire3285776718944652178tmp"/>
    <property name="java.specification.vendor" value="Oracle Corporation"/>
    <property name="user.language" value="en"/>
    <property name="awt.toolkit" value="sun.awt.windows.WToolkit"/>
    <property name="java.vm.info" value="mixed mode"/>
    <property name="java.version" value="1.8.0_351"/>
    <property name="java.ext.dirs" value="C:\Program Files\Java\jdk1.8.0_351\jre\lib\ext;C:\WINDOWS\Sun\Java\lib\ext"/>
    <property name="sun.boot.class.path" value="C:\Program Files\Java\jdk1.8.0_351\jre\lib\resources.jar;C:\Program Files\Java\jdk1.8.0_351\jre\lib\rt.jar;C:\Program Files\Java\jdk1.8.0_351\jre\lib\jsse.jar;C:\Program Files\Java\jdk1.8.0_351\jre\lib\jce.jar;C:\Program Files\Java\jdk1.8.0_351\jre\lib\charsets.jar;C:\Program Files\Java\jdk1.8.0_351\jre\lib\jfr.jar;C:\Program Files\Java\jdk1.8.0_351\jre\classes"/>
    <property name="java.vendor" value="Oracle Corporation"/>
    <property name="java.specification.maintenance.version" value="4"/>
    <property name="localRepository" value="D:\Program Files\apache-maven-3.6.1\shanxi"/>
    <property name="file.separator" value="\"/>
    <property name="java.vendor.url.bug" value="http://bugreport.sun.com/bugreport/"/>
    <property name="sun.cpu.endian" value="little"/>
    <property name="sun.io.unicode.encoding" value="UnicodeLittle"/>
    <property name="sun.desktop" value="windows"/>
    <property name="sun.cpu.isalist" value="amd64"/>
  </properties>
  <testcase classname="org.activiti.engine.test.api.task.SubTaskQueryTest" name="testQueryByAssigneeExcludeSubtasksOrdered" time="0.019">
    <error message="
### Error querying database.  Cause: org.h2.jdbc.JdbcSQLException: Syntax error in SQL statement &quot;SELECT DISTINCT RES.* 
       
    FROM ACT_RU_TASK RES
     
     
     
     
    
     
     
     
     WHERE  RES.ASSIGNEE_ = ? 
   
    
     ORDER BY  ORDER[*] BY RES.CREATE_TIME_ DESC  
    LIMIT ? OFFSET ? &quot;; expected &quot;=, NOT, EXISTS, INTERSECTS, SELECT, FROM&quot;; SQL statement:
select distinct RES.* 
       
    from ACT_RU_TASK RES
     
     
     
     
    
     
     
     
     WHERE  RES.ASSIGNEE_ = ? 
   
    
     order by  order by RES.CREATE_TIME_ desc  
    LIMIT ? OFFSET ? [42001-176]
### The error may exist in org/activiti/db/mapping/entity/Task.xml
### The error may involve org.activiti.engine.impl.persistence.entity.TaskEntity.selectTaskByQueryCriteria
### The error occurred while executing a query
### SQL: select distinct RES.*              from ACT_RU_TASK RES                                                     WHERE  RES.ASSIGNEE_ = ?                order by  order by RES.CREATE_TIME_ desc       LIMIT ? OFFSET ?
### Cause: org.h2.jdbc.JdbcSQLException: Syntax error in SQL statement &quot;SELECT DISTINCT RES.* 
       
    FROM ACT_RU_TASK RES
     
     
     
     
    
     
     
     
     WHERE  RES.ASSIGNEE_ = ? 
   
    
     ORDER BY  ORDER[*] BY RES.CREATE_TIME_ DESC  
    LIMIT ? OFFSET ? &quot;; expected &quot;=, NOT, EXISTS, INTERSECTS, SELECT, FROM&quot;; SQL statement:
select distinct RES.* 
       
    from ACT_RU_TASK RES
     
     
     
     
    
     
     
     
     WHERE  RES.ASSIGNEE_ = ? 
   
    
     order by  order by RES.CREATE_TIME_ desc  
    LIMIT ? OFFSET ? [42001-176]" type="org.apache.ibatis.exceptions.PersistenceException">org.apache.ibatis.exceptions.PersistenceException: 
### Error querying database.  Cause: org.h2.jdbc.JdbcSQLException: Syntax error in SQL statement &quot;SELECT DISTINCT RES.* 
       
    FROM ACT_RU_TASK RES
     
     
     
     
    
     
     
     
     WHERE  RES.ASSIGNEE_ = ? 
   
    
     ORDER BY  ORDER[*] BY RES.CREATE_TIME_ DESC  
    LIMIT ? OFFSET ? &quot;; expected &quot;=, NOT, EXISTS, INTERSECTS, SELECT, FROM&quot;; SQL statement:
select distinct RES.* 
       
    from ACT_RU_TASK RES
     
     
     
     
    
     
     
     
     WHERE  RES.ASSIGNEE_ = ? 
   
    
     order by  order by RES.CREATE_TIME_ desc  
    LIMIT ? OFFSET ? [42001-176]
### The error may exist in org/activiti/db/mapping/entity/Task.xml
### The error may involve org.activiti.engine.impl.persistence.entity.TaskEntity.selectTaskByQueryCriteria
### The error occurred while executing a query
### SQL: select distinct RES.*              from ACT_RU_TASK RES                                                     WHERE  RES.ASSIGNEE_ = ?                order by  order by RES.CREATE_TIME_ desc       LIMIT ? OFFSET ?
### Cause: org.h2.jdbc.JdbcSQLException: Syntax error in SQL statement &quot;SELECT DISTINCT RES.* 
       
    FROM ACT_RU_TASK RES
     
     
     
     
    
     
     
     
     WHERE  RES.ASSIGNEE_ = ? 
   
    
     ORDER BY  ORDER[*] BY RES.CREATE_TIME_ DESC  
    LIMIT ? OFFSET ? &quot;; expected &quot;=, NOT, EXISTS, INTERSECTS, SELECT, FROM&quot;; SQL statement:
select distinct RES.* 
       
    from ACT_RU_TASK RES
     
     
     
     
    
     
     
     
     WHERE  RES.ASSIGNEE_ = ? 
   
    
     order by  order by RES.CREATE_TIME_ desc  
    LIMIT ? OFFSET ? [42001-176]
	at org.apache.ibatis.exceptions.ExceptionFactory.wrapException(ExceptionFactory.java:30)
	at org.apache.ibatis.session.defaults.DefaultSqlSession.selectList(DefaultSqlSession.java:122)
	at org.apache.ibatis.session.defaults.DefaultSqlSession.selectList(DefaultSqlSession.java:113)
	at org.activiti.engine.impl.db.DbSqlSession.selectListWithRawParameter(DbSqlSession.java:438)
	at org.activiti.engine.impl.db.DbSqlSession.selectList(DbSqlSession.java:429)
	at org.activiti.engine.impl.persistence.entity.TaskEntityManager.findTasksByQueryCriteria(TaskEntityManager.java:135)
	at org.activiti.engine.impl.TaskQueryImpl.executeList(TaskQueryImpl.java:1256)
	at org.activiti.engine.impl.AbstractQuery.execute(AbstractQuery.java:164)
	at org.activiti.engine.impl.interceptor.CommandInvoker.execute(CommandInvoker.java:24)
	at org.activiti.engine.impl.interceptor.CommandContextInterceptor.execute(CommandContextInterceptor.java:57)
	at org.activiti.engine.impl.interceptor.LogInterceptor.execute(LogInterceptor.java:37)
	at org.activiti.engine.impl.cfg.CommandExecutorImpl.execute(CommandExecutorImpl.java:40)
	at org.activiti.engine.impl.cfg.CommandExecutorImpl.execute(CommandExecutorImpl.java:35)
	at org.activiti.engine.impl.AbstractQuery.list(AbstractQuery.java:138)
	at org.activiti.engine.test.api.task.SubTaskQueryTest.testQueryByAssigneeExcludeSubtasksOrdered(SubTaskQueryTest.java:160)
	at sun.reflect.NativeMethodAccessorImpl.invoke0(Native Method)
	at sun.reflect.NativeMethodAccessorImpl.invoke(NativeMethodAccessorImpl.java:62)
	at sun.reflect.DelegatingMethodAccessorImpl.invoke(DelegatingMethodAccessorImpl.java:43)
	at java.lang.reflect.Method.invoke(Method.java:498)
	at junit.framework.TestCase.runTest(TestCase.java:176)
	at org.activiti.engine.impl.test.PvmTestCase.runTest(PvmTestCase.java:65)
	at junit.framework.TestCase.runBare(TestCase.java:141)
	at org.activiti.engine.impl.test.AbstractActivitiTestCase.runBare(AbstractActivitiTestCase.java:100)
	at junit.framework.TestResult$1.protect(TestResult.java:122)
	at junit.framework.TestResult.runProtected(TestResult.java:142)
	at junit.framework.TestResult.run(TestResult.java:125)
	at junit.framework.TestCase.run(TestCase.java:129)
	at junit.framework.TestSuite.runTest(TestSuite.java:255)
	at junit.framework.TestSuite.run(TestSuite.java:250)
	at org.junit.internal.runners.JUnit38ClassRunner.run(JUnit38ClassRunner.java:84)
	at org.apache.maven.surefire.junit4.JUnit4TestSet.execute(JUnit4TestSet.java:35)
	at org.apache.maven.surefire.junit4.JUnit4Provider.executeTestSet(JUnit4Provider.java:146)
	at org.apache.maven.surefire.junit4.JUnit4Provider.invoke(JUnit4Provider.java:97)
	at sun.reflect.NativeMethodAccessorImpl.invoke0(Native Method)
	at sun.reflect.NativeMethodAccessorImpl.invoke(NativeMethodAccessorImpl.java:62)
	at sun.reflect.DelegatingMethodAccessorImpl.invoke(DelegatingMethodAccessorImpl.java:43)
	at java.lang.reflect.Method.invoke(Method.java:498)
	at org.apache.maven.surefire.booter.ProviderFactory$ClassLoaderProxy.invoke(ProviderFactory.java:103)
	at com.sun.proxy.$Proxy0.invoke(Unknown Source)
	at org.apache.maven.surefire.booter.SurefireStarter.invokeProvider(SurefireStarter.java:145)
	at org.apache.maven.surefire.booter.SurefireStarter.runSuitesInProcess(SurefireStarter.java:87)
	at org.apache.maven.surefire.booter.ForkedBooter.main(ForkedBooter.java:69)
Caused by: org.h2.jdbc.JdbcSQLException: Syntax error in SQL statement &quot;SELECT DISTINCT RES.* 
       
    FROM ACT_RU_TASK RES
     
     
     
     
    
     
     
     
     WHERE  RES.ASSIGNEE_ = ? 
   
    
     ORDER BY  ORDER[*] BY RES.CREATE_TIME_ DESC  
    LIMIT ? OFFSET ? &quot;; expected &quot;=, NOT, EXISTS, INTERSECTS, SELECT, FROM&quot;; SQL statement:
select distinct RES.* 
       
    from ACT_RU_TASK RES
     
     
     
     
    
     
     
     
     WHERE  RES.ASSIGNEE_ = ? 
   
    
     order by  order by RES.CREATE_TIME_ desc  
    LIMIT ? OFFSET ? [42001-176]
	at org.h2.message.DbException.getJdbcSQLException(DbException.java:344)
	at org.h2.message.DbException.getSyntaxError(DbException.java:204)
	at org.h2.command.Parser.getSyntaxError(Parser.java:524)
	at org.h2.command.Parser.readTerm(Parser.java:2688)
	at org.h2.command.Parser.readFactor(Parser.java:2244)
	at org.h2.command.Parser.readSum(Parser.java:2231)
	at org.h2.command.Parser.readConcat(Parser.java:2201)
	at org.h2.command.Parser.readCondition(Parser.java:2051)
	at org.h2.command.Parser.readAnd(Parser.java:2023)
	at org.h2.command.Parser.readExpression(Parser.java:2015)
	at org.h2.command.Parser.parseEndOfQuery(Parser.java:1726)
	at org.h2.command.Parser.parseSelectUnionExtension(Parser.java:1706)
	at org.h2.command.Parser.parseSelectUnion(Parser.java:1675)
	at org.h2.command.Parser.parseSelect(Parser.java:1662)
	at org.h2.command.Parser.parsePrepared(Parser.java:434)
	at org.h2.command.Parser.parse(Parser.java:306)
	at org.h2.command.Parser.parse(Parser.java:282)
	at org.h2.command.Parser.prepareCommand(Parser.java:243)
	at org.h2.engine.Session.prepareLocal(Session.java:442)
	at org.h2.engine.Session.prepareCommand(Session.java:384)
	at org.h2.jdbc.JdbcConnection.prepareCommand(JdbcConnection.java:1188)
	at org.h2.jdbc.JdbcPreparedStatement.&lt;init&gt;(JdbcPreparedStatement.java:73)
	at org.h2.jdbc.JdbcConnection.prepareStatement(JdbcConnection.java:276)
	at sun.reflect.GeneratedMethodAccessor6.invoke(Unknown Source)
	at sun.reflect.DelegatingMethodAccessorImpl.invoke(DelegatingMethodAccessorImpl.java:43)
	at java.lang.reflect.Method.invoke(Method.java:498)
	at org.apache.ibatis.datasource.pooled.PooledConnection.invoke(PooledConnection.java:245)
	at com.sun.proxy.$Proxy12.prepareStatement(Unknown Source)
	at sun.reflect.GeneratedMethodAccessor6.invoke(Unknown Source)
	at sun.reflect.DelegatingMethodAccessorImpl.invoke(DelegatingMethodAccessorImpl.java:43)
	at java.lang.reflect.Method.invoke(Method.java:498)
	at org.apache.ibatis.logging.jdbc.ConnectionLogger.invoke(ConnectionLogger.java:55)
	at com.sun.proxy.$Proxy12.prepareStatement(Unknown Source)
	at org.apache.ibatis.executor.statement.PreparedStatementHandler.instantiateStatement(PreparedStatementHandler.java:79)
	at org.apache.ibatis.executor.statement.BaseStatementHandler.prepare(BaseStatementHandler.java:88)
	at org.apache.ibatis.executor.statement.RoutingStatementHandler.prepare(RoutingStatementHandler.java:58)
	at org.apache.ibatis.executor.SimpleExecutor.prepareStatement(SimpleExecutor.java:76)
	at org.apache.ibatis.executor.SimpleExecutor.doQuery(SimpleExecutor.java:61)
	at org.apache.ibatis.executor.BaseExecutor.queryFromDatabase(BaseExecutor.java:303)
	at org.apache.ibatis.executor.BaseExecutor.query(BaseExecutor.java:154)
	at org.apache.ibatis.executor.CachingExecutor.query(CachingExecutor.java:102)
	at org.apache.ibatis.executor.CachingExecutor.query(CachingExecutor.java:82)
	at org.apache.ibatis.session.defaults.DefaultSqlSession.selectList(DefaultSqlSession.java:120)
	... 40 more
</error>
    <system-out>@SLTests run: 2, Failures: 0, Errors: 2, Skipped: 0, Time elapsed: 0.024 sec &lt;&lt;&lt; FAILURE!
@SLRunning org.activiti.engine.test.api.task.SubTaskQueryTest
10:45:10,840 [main] DEBUG org.activiti.engine.impl.interceptor.LogInterceptor  - 

10:45:10,840 [main] DEBUG org.activiti.engine.impl.interceptor.LogInterceptor  - --- starting CreateUserCmd --------------------------------------------------------
10:45:10,840 [main] DEBUG org.activiti.engine.impl.cfg.standalone.StandaloneMybatisTransactionContext  - firing event committing...
10:45:10,840 [main] DEBUG org.activiti.engine.impl.cfg.standalone.StandaloneMybatisTransactionContext  - committing the ibatis sql session...
10:45:10,840 [main] DEBUG org.activiti.engine.impl.cfg.standalone.StandaloneMybatisTransactionContext  - firing event committed...
10:45:10,840 [main] DEBUG org.activiti.engine.impl.interceptor.LogInterceptor  - --- CreateUserCmd finished --------------------------------------------------------
10:45:10,840 [main] DEBUG org.activiti.engine.impl.interceptor.LogInterceptor  - 

10:45:10,840 [main] DEBUG org.activiti.engine.impl.interceptor.LogInterceptor  - 

10:45:10,840 [main] DEBUG org.activiti.engine.impl.interceptor.LogInterceptor  - --- starting SaveUserCmd --------------------------------------------------------
10:45:10,840 [main] DEBUG org.activiti.engine.impl.db.DbSqlSession  -   insert org.activiti.engine.impl.persistence.entity.UserEntity@680408ac
10:45:10,840 [main] DEBUG org.activiti.engine.impl.db.DbSqlSession  - flush summary: 1 insert, 0 update, 0 delete.
10:45:10,840 [main] DEBUG org.activiti.engine.impl.db.DbSqlSession  - now executing flush...
10:45:10,840 [main] DEBUG org.activiti.engine.impl.db.DbSqlSession  - inserting: org.activiti.engine.impl.persistence.entity.UserEntity@680408ac
10:45:10,840 [main] DEBUG org.apache.ibatis.transaction.jdbc.JdbcTransaction  - Opening JDBC Connection
10:45:10,840 [main] DEBUG org.apache.ibatis.datasource.pooled.PooledDataSource  - Checked out connection 363509958 from pool.
10:45:10,840 [main] DEBUG org.apache.ibatis.transaction.jdbc.JdbcTransaction  - Setting autocommit to false on JDBC Connection [conn2: url=jdbc:h2:mem:activiti user=SA]
10:45:10,840 [main] DEBUG org.activiti.engine.impl.persistence.entity.UserEntity.insertUser  - ==&gt;  Preparing: insert into ACT_ID_USER (ID_, REV_, FIRST_, LAST_, EMAIL_, PWD_) values ( ?, 1, ?, ?, ?, ? ) 
10:45:10,840 [main] DEBUG org.activiti.engine.impl.persistence.entity.UserEntity.insertUser  - ==&gt; Parameters: kermit(String), null, null, null, null
10:45:10,840 [main] DEBUG org.activiti.engine.impl.persistence.entity.UserEntity.insertUser  - &lt;==    Updates: 1
10:45:10,841 [main] DEBUG org.activiti.engine.impl.cfg.standalone.StandaloneMybatisTransactionContext  - firing event committing...
10:45:10,841 [main] DEBUG org.activiti.engine.impl.cfg.standalone.StandaloneMybatisTransactionContext  - committing the ibatis sql session...
10:45:10,841 [main] DEBUG org.apache.ibatis.transaction.jdbc.JdbcTransaction  - Committing JDBC Connection [conn2: url=jdbc:h2:mem:activiti user=SA]
10:45:10,841 [main] DEBUG org.activiti.engine.impl.cfg.standalone.StandaloneMybatisTransactionContext  - firing event committed...
10:45:10,841 [main] DEBUG org.apache.ibatis.transaction.jdbc.JdbcTransaction  - Resetting autocommit to true on JDBC Connection [conn2: url=jdbc:h2:mem:activiti user=SA]
10:45:10,841 [main] DEBUG org.apache.ibatis.transaction.jdbc.JdbcTransaction  - Closing JDBC Connection [conn2: url=jdbc:h2:mem:activiti user=SA]
10:45:10,841 [main] DEBUG org.apache.ibatis.datasource.pooled.PooledDataSource  - Returned connection 363509958 to pool.
10:45:10,841 [main] DEBUG org.activiti.engine.impl.interceptor.LogInterceptor  - --- SaveUserCmd finished --------------------------------------------------------
10:45:10,841 [main] DEBUG org.activiti.engine.impl.interceptor.LogInterceptor  - 

10:45:10,841 [main] DEBUG org.activiti.engine.impl.interceptor.LogInterceptor  - 

10:45:10,841 [main] DEBUG org.activiti.engine.impl.interceptor.LogInterceptor  - --- starting CreateUserCmd --------------------------------------------------------
10:45:10,841 [main] DEBUG org.activiti.engine.impl.cfg.standalone.StandaloneMybatisTransactionContext  - firing event committing...
10:45:10,841 [main] DEBUG org.activiti.engine.impl.cfg.standalone.StandaloneMybatisTransactionContext  - committing the ibatis sql session...
10:45:10,841 [main] DEBUG org.activiti.engine.impl.cfg.standalone.StandaloneMybatisTransactionContext  - firing event committed...
10:45:10,841 [main] DEBUG org.activiti.engine.impl.interceptor.LogInterceptor  - --- CreateUserCmd finished --------------------------------------------------------
10:45:10,841 [main] DEBUG org.activiti.engine.impl.interceptor.LogInterceptor  - 

10:45:10,841 [main] DEBUG org.activiti.engine.impl.interceptor.LogInterceptor  - 

10:45:10,841 [main] DEBUG org.activiti.engine.impl.interceptor.LogInterceptor  - --- starting SaveUserCmd --------------------------------------------------------
10:45:10,841 [main] DEBUG org.activiti.engine.impl.db.DbSqlSession  -   insert org.activiti.engine.impl.persistence.entity.UserEntity@73cd3b8
10:45:10,841 [main] DEBUG org.activiti.engine.impl.db.DbSqlSession  - flush summary: 1 insert, 0 update, 0 delete.
10:45:10,841 [main] DEBUG org.activiti.engine.impl.db.DbSqlSession  - now executing flush...
10:45:10,841 [main] DEBUG org.activiti.engine.impl.db.DbSqlSession  - inserting: org.activiti.engine.impl.persistence.entity.UserEntity@73cd3b8
10:45:10,841 [main] DEBUG org.apache.ibatis.transaction.jdbc.JdbcTransaction  - Opening JDBC Connection
10:45:10,841 [main] DEBUG org.apache.ibatis.datasource.pooled.PooledDataSource  - Checked out connection 297240765 from pool.
10:45:10,841 [main] DEBUG org.apache.ibatis.transaction.jdbc.JdbcTransaction  - Setting autocommit to false on JDBC Connection [conn4: url=jdbc:h2:mem:activiti user=SA]
10:45:10,841 [main] DEBUG org.activiti.engine.impl.persistence.entity.UserEntity.insertUser  - ==&gt;  Preparing: insert into ACT_ID_USER (ID_, REV_, FIRST_, LAST_, EMAIL_, PWD_) values ( ?, 1, ?, ?, ?, ? ) 
10:45:10,841 [main] DEBUG org.activiti.engine.impl.persistence.entity.UserEntity.insertUser  - ==&gt; Parameters: gonzo(String), null, null, null, null
10:45:10,841 [main] DEBUG org.activiti.engine.impl.persistence.entity.UserEntity.insertUser  - &lt;==    Updates: 1
10:45:10,841 [main] DEBUG org.activiti.engine.impl.cfg.standalone.StandaloneMybatisTransactionContext  - firing event committing...
10:45:10,841 [main] DEBUG org.activiti.engine.impl.cfg.standalone.StandaloneMybatisTransactionContext  - committing the ibatis sql session...
10:45:10,841 [main] DEBUG org.apache.ibatis.transaction.jdbc.JdbcTransaction  - Committing JDBC Connection [conn4: url=jdbc:h2:mem:activiti user=SA]
10:45:10,841 [main] DEBUG org.activiti.engine.impl.cfg.standalone.StandaloneMybatisTransactionContext  - firing event committed...
10:45:10,841 [main] DEBUG org.apache.ibatis.transaction.jdbc.JdbcTransaction  - Resetting autocommit to true on JDBC Connection [conn4: url=jdbc:h2:mem:activiti user=SA]
10:45:10,841 [main] DEBUG org.apache.ibatis.transaction.jdbc.JdbcTransaction  - Closing JDBC Connection [conn4: url=jdbc:h2:mem:activiti user=SA]
10:45:10,841 [main] DEBUG org.apache.ibatis.datasource.pooled.PooledDataSource  - Returned connection 297240765 to pool.
10:45:10,841 [main] DEBUG org.activiti.engine.impl.interceptor.LogInterceptor  - --- SaveUserCmd finished --------------------------------------------------------
10:45:10,841 [main] DEBUG org.activiti.engine.impl.interceptor.LogInterceptor  - 

10:45:10,841 [main] DEBUG org.activiti.engine.impl.interceptor.LogInterceptor  - 

10:45:10,841 [main] DEBUG org.activiti.engine.impl.interceptor.LogInterceptor  - --- starting CreateGroupCmd --------------------------------------------------------
10:45:10,841 [main] DEBUG org.activiti.engine.impl.cfg.standalone.StandaloneMybatisTransactionContext  - firing event committing...
10:45:10,841 [main] DEBUG org.activiti.engine.impl.cfg.standalone.StandaloneMybatisTransactionContext  - committing the ibatis sql session...
10:45:10,841 [main] DEBUG org.activiti.engine.impl.cfg.standalone.StandaloneMybatisTransactionContext  - firing event committed...
10:45:10,841 [main] DEBUG org.activiti.engine.impl.interceptor.LogInterceptor  - --- CreateGroupCmd finished --------------------------------------------------------
10:45:10,841 [main] DEBUG org.activiti.engine.impl.interceptor.LogInterceptor  - 

10:45:10,841 [main] DEBUG org.activiti.engine.impl.interceptor.LogInterceptor  - 

10:45:10,841 [main] DEBUG org.activiti.engine.impl.interceptor.LogInterceptor  - --- starting SaveGroupCmd --------------------------------------------------------
10:45:10,841 [main] DEBUG org.activiti.engine.impl.db.DbSqlSession  -   insert org.activiti.engine.impl.persistence.entity.GroupEntity@6421d85c
10:45:10,841 [main] DEBUG org.activiti.engine.impl.db.DbSqlSession  - flush summary: 1 insert, 0 update, 0 delete.
10:45:10,841 [main] DEBUG org.activiti.engine.impl.db.DbSqlSession  - now executing flush...
10:45:10,841 [main] DEBUG org.activiti.engine.impl.db.DbSqlSession  - inserting: org.activiti.engine.impl.persistence.entity.GroupEntity@6421d85c
10:45:10,841 [main] DEBUG org.apache.ibatis.transaction.jdbc.JdbcTransaction  - Opening JDBC Connection
10:45:10,841 [main] DEBUG org.apache.ibatis.datasource.pooled.PooledDataSource  - Checked out connection 486346394 from pool.
10:45:10,841 [main] DEBUG org.apache.ibatis.transaction.jdbc.JdbcTransaction  - Setting autocommit to false on JDBC Connection [conn6: url=jdbc:h2:mem:activiti user=SA]
10:45:10,841 [main] DEBUG org.activiti.engine.impl.persistence.entity.GroupEntity.insertGroup  - ==&gt;  Preparing: insert into ACT_ID_GROUP (ID_, REV_, NAME_, TYPE_) values ( ?, 1, ?, ? ) 
10:45:10,841 [main] DEBUG org.activiti.engine.impl.persistence.entity.GroupEntity.insertGroup  - ==&gt; Parameters: management(String), null, null
10:45:10,841 [main] DEBUG org.activiti.engine.impl.persistence.entity.GroupEntity.insertGroup  - &lt;==    Updates: 1
10:45:10,841 [main] DEBUG org.activiti.engine.impl.cfg.standalone.StandaloneMybatisTransactionContext  - firing event committing...
10:45:10,841 [main] DEBUG org.activiti.engine.impl.cfg.standalone.StandaloneMybatisTransactionContext  - committing the ibatis sql session...
10:45:10,841 [main] DEBUG org.apache.ibatis.transaction.jdbc.JdbcTransaction  - Committing JDBC Connection [conn6: url=jdbc:h2:mem:activiti user=SA]
10:45:10,841 [main] DEBUG org.activiti.engine.impl.cfg.standalone.StandaloneMybatisTransactionContext  - firing event committed...
10:45:10,841 [main] DEBUG org.apache.ibatis.transaction.jdbc.JdbcTransaction  - Resetting autocommit to true on JDBC Connection [conn6: url=jdbc:h2:mem:activiti user=SA]
10:45:10,841 [main] DEBUG org.apache.ibatis.transaction.jdbc.JdbcTransaction  - Closing JDBC Connection [conn6: url=jdbc:h2:mem:activiti user=SA]
10:45:10,841 [main] DEBUG org.apache.ibatis.datasource.pooled.PooledDataSource  - Returned connection 486346394 to pool.
10:45:10,841 [main] DEBUG org.activiti.engine.impl.interceptor.LogInterceptor  - --- SaveGroupCmd finished --------------------------------------------------------
10:45:10,841 [main] DEBUG org.activiti.engine.impl.interceptor.LogInterceptor  - 

10:45:10,841 [main] DEBUG org.activiti.engine.impl.interceptor.LogInterceptor  - 

10:45:10,841 [main] DEBUG org.activiti.engine.impl.interceptor.LogInterceptor  - --- starting CreateGroupCmd --------------------------------------------------------
10:45:10,841 [main] DEBUG org.activiti.engine.impl.cfg.standalone.StandaloneMybatisTransactionContext  - firing event committing...
10:45:10,841 [main] DEBUG org.activiti.engine.impl.cfg.standalone.StandaloneMybatisTransactionContext  - committing the ibatis sql session...
10:45:10,841 [main] DEBUG org.activiti.engine.impl.cfg.standalone.StandaloneMybatisTransactionContext  - firing event committed...
10:45:10,841 [main] DEBUG org.activiti.engine.impl.interceptor.LogInterceptor  - --- CreateGroupCmd finished --------------------------------------------------------
10:45:10,841 [main] DEBUG org.activiti.engine.impl.interceptor.LogInterceptor  - 

10:45:10,841 [main] DEBUG org.activiti.engine.impl.interceptor.LogInterceptor  - 

10:45:10,841 [main] DEBUG org.activiti.engine.impl.interceptor.LogInterceptor  - --- starting SaveGroupCmd --------------------------------------------------------
10:45:10,841 [main] DEBUG org.activiti.engine.impl.db.DbSqlSession  -   insert org.activiti.engine.impl.persistence.entity.GroupEntity@5eb89000
10:45:10,841 [main] DEBUG org.activiti.engine.impl.db.DbSqlSession  - flush summary: 1 insert, 0 update, 0 delete.
10:45:10,841 [main] DEBUG org.activiti.engine.impl.db.DbSqlSession  - now executing flush...
10:45:10,841 [main] DEBUG org.activiti.engine.impl.db.DbSqlSession  - inserting: org.activiti.engine.impl.persistence.entity.GroupEntity@5eb89000
10:45:10,841 [main] DEBUG org.apache.ibatis.transaction.jdbc.JdbcTransaction  - Opening JDBC Connection
10:45:10,841 [main] DEBUG org.apache.ibatis.datasource.pooled.PooledDataSource  - Checked out connection 180014677 from pool.
10:45:10,841 [main] DEBUG org.apache.ibatis.transaction.jdbc.JdbcTransaction  - Setting autocommit to false on JDBC Connection [conn3: url=jdbc:h2:mem:activiti user=SA]
10:45:10,841 [main] DEBUG org.activiti.engine.impl.persistence.entity.GroupEntity.insertGroup  - ==&gt;  Preparing: insert into ACT_ID_GROUP (ID_, REV_, NAME_, TYPE_) values ( ?, 1, ?, ? ) 
10:45:10,841 [main] DEBUG org.activiti.engine.impl.persistence.entity.GroupEntity.insertGroup  - ==&gt; Parameters: accountancy(String), null, null
10:45:10,841 [main] DEBUG org.activiti.engine.impl.persistence.entity.GroupEntity.insertGroup  - &lt;==    Updates: 1
10:45:10,841 [main] DEBUG org.activiti.engine.impl.cfg.standalone.StandaloneMybatisTransactionContext  - firing event committing...
10:45:10,841 [main] DEBUG org.activiti.engine.impl.cfg.standalone.StandaloneMybatisTransactionContext  - committing the ibatis sql session...
10:45:10,841 [main] DEBUG org.apache.ibatis.transaction.jdbc.JdbcTransaction  - Committing JDBC Connection [conn3: url=jdbc:h2:mem:activiti user=SA]
10:45:10,841 [main] DEBUG org.activiti.engine.impl.cfg.standalone.StandaloneMybatisTransactionContext  - firing event committed...
10:45:10,841 [main] DEBUG org.apache.ibatis.transaction.jdbc.JdbcTransaction  - Resetting autocommit to true on JDBC Connection [conn3: url=jdbc:h2:mem:activiti user=SA]
10:45:10,841 [main] DEBUG org.apache.ibatis.transaction.jdbc.JdbcTransaction  - Closing JDBC Connection [conn3: url=jdbc:h2:mem:activiti user=SA]
10:45:10,841 [main] DEBUG org.apache.ibatis.datasource.pooled.PooledDataSource  - Returned connection 180014677 to pool.
10:45:10,841 [main] DEBUG org.activiti.engine.impl.interceptor.LogInterceptor  - --- SaveGroupCmd finished --------------------------------------------------------
10:45:10,841 [main] DEBUG org.activiti.engine.impl.interceptor.LogInterceptor  - 

10:45:10,841 [main] DEBUG org.activiti.engine.impl.interceptor.LogInterceptor  - 

10:45:10,841 [main] DEBUG org.activiti.engine.impl.interceptor.LogInterceptor  - --- starting CreateMembershipCmd --------------------------------------------------------
10:45:10,841 [main] DEBUG org.activiti.engine.impl.db.DbSqlSession  -   insert org.activiti.engine.impl.persistence.entity.MembershipEntity@16b1b213
10:45:10,841 [main] DEBUG org.activiti.engine.impl.db.DbSqlSession  - flush summary: 1 insert, 0 update, 0 delete.
10:45:10,841 [main] DEBUG org.activiti.engine.impl.db.DbSqlSession  - now executing flush...
10:45:10,841 [main] DEBUG org.activiti.engine.impl.db.DbSqlSession  - inserting: org.activiti.engine.impl.persistence.entity.MembershipEntity@16b1b213
10:45:10,841 [main] DEBUG org.apache.ibatis.transaction.jdbc.JdbcTransaction  - Opening JDBC Connection
10:45:10,841 [main] DEBUG org.apache.ibatis.datasource.pooled.PooledDataSource  - Checked out connection 363509958 from pool.
10:45:10,841 [main] DEBUG org.apache.ibatis.transaction.jdbc.JdbcTransaction  - Setting autocommit to false on JDBC Connection [conn2: url=jdbc:h2:mem:activiti user=SA]
10:45:10,841 [main] DEBUG org.activiti.engine.impl.persistence.entity.MembershipRelation.insertMembership  - ==&gt;  Preparing: insert into ACT_ID_MEMBERSHIP (USER_ID_, GROUP_ID_) values ( ?, ? ) 
10:45:10,841 [main] DEBUG org.activiti.engine.impl.persistence.entity.MembershipRelation.insertMembership  - ==&gt; Parameters: kermit(String), management(String)
10:45:10,841 [main] DEBUG org.activiti.engine.impl.persistence.entity.MembershipRelation.insertMembership  - &lt;==    Updates: 1
10:45:10,841 [main] DEBUG org.activiti.engine.impl.cfg.standalone.StandaloneMybatisTransactionContext  - firing event committing...
10:45:10,841 [main] DEBUG org.activiti.engine.impl.cfg.standalone.StandaloneMybatisTransactionContext  - committing the ibatis sql session...
10:45:10,841 [main] DEBUG org.apache.ibatis.transaction.jdbc.JdbcTransaction  - Committing JDBC Connection [conn2: url=jdbc:h2:mem:activiti user=SA]
10:45:10,841 [main] DEBUG org.activiti.engine.impl.cfg.standalone.StandaloneMybatisTransactionContext  - firing event committed...
10:45:10,841 [main] DEBUG org.apache.ibatis.transaction.jdbc.JdbcTransaction  - Resetting autocommit to true on JDBC Connection [conn2: url=jdbc:h2:mem:activiti user=SA]
10:45:10,841 [main] DEBUG org.apache.ibatis.transaction.jdbc.JdbcTransaction  - Closing JDBC Connection [conn2: url=jdbc:h2:mem:activiti user=SA]
10:45:10,841 [main] DEBUG org.apache.ibatis.datasource.pooled.PooledDataSource  - Returned connection 363509958 to pool.
10:45:10,841 [main] DEBUG org.activiti.engine.impl.interceptor.LogInterceptor  - --- CreateMembershipCmd finished --------------------------------------------------------
10:45:10,841 [main] DEBUG org.activiti.engine.impl.interceptor.LogInterceptor  - 

10:45:10,841 [main] DEBUG org.activiti.engine.impl.interceptor.LogInterceptor  - 

10:45:10,841 [main] DEBUG org.activiti.engine.impl.interceptor.LogInterceptor  - --- starting CreateMembershipCmd --------------------------------------------------------
10:45:10,841 [main] DEBUG org.activiti.engine.impl.db.DbSqlSession  -   insert org.activiti.engine.impl.persistence.entity.MembershipEntity@77f1026e
10:45:10,841 [main] DEBUG org.activiti.engine.impl.db.DbSqlSession  - flush summary: 1 insert, 0 update, 0 delete.
10:45:10,841 [main] DEBUG org.activiti.engine.impl.db.DbSqlSession  - now executing flush...
10:45:10,841 [main] DEBUG org.activiti.engine.impl.db.DbSqlSession  - inserting: org.activiti.engine.impl.persistence.entity.MembershipEntity@77f1026e
10:45:10,841 [main] DEBUG org.apache.ibatis.transaction.jdbc.JdbcTransaction  - Opening JDBC Connection
10:45:10,841 [main] DEBUG org.apache.ibatis.datasource.pooled.PooledDataSource  - Checked out connection 297240765 from pool.
10:45:10,841 [main] DEBUG org.apache.ibatis.transaction.jdbc.JdbcTransaction  - Setting autocommit to false on JDBC Connection [conn4: url=jdbc:h2:mem:activiti user=SA]
10:45:10,841 [main] DEBUG org.activiti.engine.impl.persistence.entity.MembershipRelation.insertMembership  - ==&gt;  Preparing: insert into ACT_ID_MEMBERSHIP (USER_ID_, GROUP_ID_) values ( ?, ? ) 
10:45:10,841 [main] DEBUG org.activiti.engine.impl.persistence.entity.MembershipRelation.insertMembership  - ==&gt; Parameters: kermit(String), accountancy(String)
10:45:10,841 [main] DEBUG org.activiti.engine.impl.persistence.entity.MembershipRelation.insertMembership  - &lt;==    Updates: 1
10:45:10,841 [main] DEBUG org.activiti.engine.impl.cfg.standalone.StandaloneMybatisTransactionContext  - firing event committing...
10:45:10,841 [main] DEBUG org.activiti.engine.impl.cfg.standalone.StandaloneMybatisTransactionContext  - committing the ibatis sql session...
10:45:10,841 [main] DEBUG org.apache.ibatis.transaction.jdbc.JdbcTransaction  - Committing JDBC Connection [conn4: url=jdbc:h2:mem:activiti user=SA]
10:45:10,841 [main] DEBUG org.activiti.engine.impl.cfg.standalone.StandaloneMybatisTransactionContext  - firing event committed...
10:45:10,841 [main] DEBUG org.apache.ibatis.transaction.jdbc.JdbcTransaction  - Resetting autocommit to true on JDBC Connection [conn4: url=jdbc:h2:mem:activiti user=SA]
10:45:10,841 [main] DEBUG org.apache.ibatis.transaction.jdbc.JdbcTransaction  - Closing JDBC Connection [conn4: url=jdbc:h2:mem:activiti user=SA]
10:45:10,841 [main] DEBUG org.apache.ibatis.datasource.pooled.PooledDataSource  - Returned connection 297240765 to pool.
10:45:10,841 [main] DEBUG org.activiti.engine.impl.interceptor.LogInterceptor  - --- CreateMembershipCmd finished --------------------------------------------------------
10:45:10,841 [main] DEBUG org.activiti.engine.impl.interceptor.LogInterceptor  - 

10:45:10,842 [main] DEBUG org.activiti.engine.impl.interceptor.LogInterceptor  - 

10:45:10,842 [main] DEBUG org.activiti.engine.impl.interceptor.LogInterceptor  - --- starting NewTaskCmd --------------------------------------------------------
10:45:10,842 [main] DEBUG org.activiti.engine.impl.cfg.standalone.StandaloneMybatisTransactionContext  - firing event committing...
10:45:10,842 [main] DEBUG org.activiti.engine.impl.cfg.standalone.StandaloneMybatisTransactionContext  - committing the ibatis sql session...
10:45:10,842 [main] DEBUG org.activiti.engine.impl.cfg.standalone.StandaloneMybatisTransactionContext  - firing event committed...
10:45:10,842 [main] DEBUG org.activiti.engine.impl.interceptor.LogInterceptor  - --- NewTaskCmd finished --------------------------------------------------------
10:45:10,842 [main] DEBUG org.activiti.engine.impl.interceptor.LogInterceptor  - 

10:45:10,842 [main] DEBUG org.activiti.engine.impl.interceptor.LogInterceptor  - 

10:45:10,842 [main] DEBUG org.activiti.engine.impl.interceptor.LogInterceptor  - --- starting SaveTaskCmd --------------------------------------------------------
10:45:10,842 [main] DEBUG org.activiti.engine.impl.history.DefaultHistoryManager  - Current history level: FULL, level required: AUDIT
10:45:10,842 [main] DEBUG org.activiti.engine.impl.db.DbSqlSession  -   insert Task[id=754, name=rootTestTask]
10:45:10,842 [main] DEBUG org.activiti.engine.impl.db.DbSqlSession  -   insert HistoricTaskInstanceEntity[id=754, name=rootTestTask]
10:45:10,842 [main] DEBUG org.activiti.engine.impl.db.DbSqlSession  - flush summary: 2 insert, 0 update, 0 delete.
10:45:10,842 [main] DEBUG org.activiti.engine.impl.db.DbSqlSession  - now executing flush...
10:45:10,842 [main] DEBUG org.activiti.engine.impl.db.DbSqlSession  - inserting: HistoricTaskInstanceEntity[id=754, name=rootTestTask]
10:45:10,842 [main] DEBUG org.apache.ibatis.transaction.jdbc.JdbcTransaction  - Opening JDBC Connection
10:45:10,842 [main] DEBUG org.apache.ibatis.datasource.pooled.PooledDataSource  - Checked out connection 486346394 from pool.
10:45:10,842 [main] DEBUG org.apache.ibatis.transaction.jdbc.JdbcTransaction  - Setting autocommit to false on JDBC Connection [conn6: url=jdbc:h2:mem:activiti user=SA]
10:45:10,842 [main] DEBUG org.activiti.engine.impl.persistence.entity.HistoricTaskInstanceEntity.insertHistoricTaskInstance  - ==&gt;  Preparing: insert into ACT_HI_TASKINST ( ID_, PROC_DEF_ID_, PROC_INST_ID_, EXECUTION_ID_, NAME_, PARENT_TASK_ID_, DESCRIPTION_, OWNER_, ASSIGNEE_, START_TIME_, CLAIM_TIME_, END_TIME_, DURATION_, DELETE_REASON_, TASK_DEF_KEY_, FORM_KEY_, PRIORITY_, DUE_DATE_, CATEGORY_, TENANT_ID_ ) values ( ?, ?, ?, ?, ?, ?, ?, ?, ?, ?, ?, ?, ?, ?, ?, ?, ?, ?, ?, ? ) 
10:45:10,842 [main] DEBUG org.activiti.engine.impl.persistence.entity.HistoricTaskInstanceEntity.insertHistoricTaskInstance  - ==&gt; Parameters: 754(String), null, null, null, rootTestTask(String), null, rootTestTask description(String), null, null, 2008-01-01 01:01:01.0(Timestamp), null, null, null, null, null, null, 50(Integer), null, null, (String)
10:45:10,842 [main] DEBUG org.activiti.engine.impl.persistence.entity.HistoricTaskInstanceEntity.insertHistoricTaskInstance  - &lt;==    Updates: 1
10:45:10,842 [main] DEBUG org.activiti.engine.impl.db.DbSqlSession  - inserting: Task[id=754, name=rootTestTask]
10:45:10,842 [main] DEBUG org.activiti.engine.impl.persistence.entity.TaskEntity.insertTask  - ==&gt;  Preparing: insert into ACT_RU_TASK (ID_, REV_, NAME_, PARENT_TASK_ID_, DESCRIPTION_, PRIORITY_, CREATE_TIME_, OWNER_, ASSIGNEE_, DELEGATION_, EXECUTION_ID_, PROC_INST_ID_, PROC_DEF_ID_, TASK_DEF_KEY_, DUE_DATE_, CATEGORY_, SUSPENSION_STATE_, TENANT_ID_, FORM_KEY_) values (?, 1, ?, ?, ?, ?, ?, ?, ?, ?, ?, ?, ?, ?, ?, ?, ?, ?, ? ) 
10:45:10,842 [main] DEBUG org.activiti.engine.impl.persistence.entity.TaskEntity.insertTask  - ==&gt; Parameters: 754(String), rootTestTask(String), null, rootTestTask description(String), 50(Integer), 2008-01-01 01:01:01.0(Timestamp), null, null, null, null, null, null, null, null, null, 1(Integer), (String), null
10:45:10,842 [main] DEBUG org.activiti.engine.impl.persistence.entity.TaskEntity.insertTask  - &lt;==    Updates: 1
10:45:10,842 [main] DEBUG org.activiti.engine.impl.cfg.standalone.StandaloneMybatisTransactionContext  - firing event committing...
10:45:10,842 [main] DEBUG org.activiti.engine.impl.cfg.standalone.StandaloneMybatisTransactionContext  - committing the ibatis sql session...
10:45:10,842 [main] DEBUG org.apache.ibatis.transaction.jdbc.JdbcTransaction  - Committing JDBC Connection [conn6: url=jdbc:h2:mem:activiti user=SA]
10:45:10,842 [main] DEBUG org.activiti.engine.impl.cfg.standalone.StandaloneMybatisTransactionContext  - firing event committed...
10:45:10,842 [main] DEBUG org.apache.ibatis.transaction.jdbc.JdbcTransaction  - Resetting autocommit to true on JDBC Connection [conn6: url=jdbc:h2:mem:activiti user=SA]
10:45:10,842 [main] DEBUG org.apache.ibatis.transaction.jdbc.JdbcTransaction  - Closing JDBC Connection [conn6: url=jdbc:h2:mem:activiti user=SA]
10:45:10,842 [main] DEBUG org.apache.ibatis.datasource.pooled.PooledDataSource  - Returned connection 486346394 to pool.
10:45:10,842 [main] DEBUG org.activiti.engine.impl.interceptor.LogInterceptor  - --- SaveTaskCmd finished --------------------------------------------------------
10:45:10,842 [main] DEBUG org.activiti.engine.impl.interceptor.LogInterceptor  - 

10:45:10,842 [main] DEBUG org.activiti.engine.impl.interceptor.LogInterceptor  - 

10:45:10,842 [main] DEBUG org.activiti.engine.impl.interceptor.LogInterceptor  - --- starting AddIdentityLinkCmd --------------------------------------------------------
10:45:10,842 [main] DEBUG org.apache.ibatis.transaction.jdbc.JdbcTransaction  - Opening JDBC Connection
10:45:10,842 [main] DEBUG org.apache.ibatis.datasource.pooled.PooledDataSource  - Checked out connection 180014677 from pool.
10:45:10,842 [main] DEBUG org.apache.ibatis.transaction.jdbc.JdbcTransaction  - Setting autocommit to false on JDBC Connection [conn3: url=jdbc:h2:mem:activiti user=SA]
10:45:10,842 [main] DEBUG org.activiti.engine.impl.persistence.entity.TaskEntity.selectTask  - ==&gt;  Preparing: select * from ACT_RU_TASK where ID_ = ? 
10:45:10,842 [main] DEBUG org.activiti.engine.impl.persistence.entity.TaskEntity.selectTask  - ==&gt; Parameters: 754(String)
10:45:10,842 [main] DEBUG org.activiti.engine.impl.persistence.entity.TaskEntity.selectTask  - &lt;==      Total: 1
10:45:10,842 [main] DEBUG org.activiti.engine.impl.persistence.entity.IdentityLinkEntity.selectIdentityLinksByTask  - ==&gt;  Preparing: select * from ACT_RU_IDENTITYLINK where TASK_ID_ = ? 
10:45:10,842 [main] DEBUG org.activiti.engine.impl.persistence.entity.IdentityLinkEntity.selectIdentityLinksByTask  - ==&gt; Parameters: 754(String)
10:45:10,842 [main] DEBUG org.activiti.engine.impl.persistence.entity.IdentityLinkEntity.selectIdentityLinksByTask  - &lt;==      Total: 0
10:45:10,842 [main] DEBUG org.activiti.engine.impl.history.DefaultHistoryManager  - Current history level: FULL, level required: AUDIT
10:45:10,842 [main] DEBUG org.activiti.engine.impl.history.DefaultHistoryManager  - Current history level: FULL
10:45:10,842 [main] DEBUG org.activiti.engine.impl.history.DefaultHistoryManager  - Current history level: FULL
10:45:10,842 [main] DEBUG org.activiti.engine.impl.db.DbSqlSession  -   insert org.activiti.engine.impl.persistence.entity.HistoricIdentityLinkEntity@1df8c7f4
10:45:10,842 [main] DEBUG org.activiti.engine.impl.db.DbSqlSession  -   insert IdentityLinkEntity[id=755, type=candidate, userId=kermit, taskId=754]
10:45:10,842 [main] DEBUG org.activiti.engine.impl.db.DbSqlSession  -   insert org.activiti.engine.impl.persistence.entity.CommentEntity@75a6cdb
10:45:10,842 [main] DEBUG org.activiti.engine.impl.db.DbSqlSession  - flush summary: 3 insert, 0 update, 0 delete.
10:45:10,842 [main] DEBUG org.activiti.engine.impl.db.DbSqlSession  - now executing flush...
10:45:10,842 [main] DEBUG org.activiti.engine.impl.db.DbSqlSession  - inserting: org.activiti.engine.impl.persistence.entity.HistoricIdentityLinkEntity@1df8c7f4
10:45:10,842 [main] DEBUG org.activiti.engine.impl.persistence.entity.HistoricIdentityLinkEntity.insertHistoricIdentityLink  - ==&gt;  Preparing: insert into ACT_HI_IDENTITYLINK (ID_, TYPE_, USER_ID_, GROUP_ID_, TASK_ID_, PROC_INST_ID_) values (?, ?, ?, ?, ?, ?) 
10:45:10,842 [main] DEBUG org.activiti.engine.impl.persistence.entity.HistoricIdentityLinkEntity.insertHistoricIdentityLink  - ==&gt; Parameters: 755(String), candidate(String), kermit(String), null, 754(String), null
10:45:10,842 [main] DEBUG org.activiti.engine.impl.persistence.entity.HistoricIdentityLinkEntity.insertHistoricIdentityLink  - &lt;==    Updates: 1
10:45:10,842 [main] DEBUG org.activiti.engine.impl.db.DbSqlSession  - inserting: IdentityLinkEntity[id=755, type=candidate, userId=kermit, taskId=754]
10:45:10,842 [main] DEBUG org.activiti.engine.impl.persistence.entity.IdentityLinkEntity.insertIdentityLink  - ==&gt;  Preparing: insert into ACT_RU_IDENTITYLINK (ID_, REV_, TYPE_, USER_ID_, GROUP_ID_, TASK_ID_, PROC_INST_ID_, PROC_DEF_ID_) values (?, 1, ?, ?, ?, ?, ?, ?) 
10:45:10,842 [main] DEBUG org.activiti.engine.impl.persistence.entity.IdentityLinkEntity.insertIdentityLink  - ==&gt; Parameters: 755(String), candidate(String), kermit(String), null, 754(String), null, null
10:45:10,842 [main] DEBUG org.activiti.engine.impl.persistence.entity.IdentityLinkEntity.insertIdentityLink  - &lt;==    Updates: 1
10:45:10,842 [main] DEBUG org.activiti.engine.impl.db.DbSqlSession  - inserting: org.activiti.engine.impl.persistence.entity.CommentEntity@75a6cdb
10:45:10,842 [main] DEBUG org.activiti.engine.impl.persistence.entity.CommentEntity.insertComment  - ==&gt;  Preparing: insert into ACT_HI_COMMENT (ID_, TYPE_, TIME_, USER_ID_, TASK_ID_, PROC_INST_ID_, ACTION_, MESSAGE_, FULL_MSG_) values (?, ?, ?, ?, ?, ?, ?, ?, ?) 
10:45:10,842 [main] DEBUG org.activiti.engine.impl.persistence.entity.CommentEntity.insertComment  - ==&gt; Parameters: 756(String), event(String), 2008-01-01 01:01:01.0(Timestamp), null, 754(String), null, AddUserLink(String), kermit_|_candidate(String), null
10:45:10,842 [main] DEBUG org.activiti.engine.impl.persistence.entity.CommentEntity.insertComment  - &lt;==    Updates: 1
10:45:10,842 [main] DEBUG org.activiti.engine.impl.cfg.standalone.StandaloneMybatisTransactionContext  - firing event committing...
10:45:10,842 [main] DEBUG org.activiti.engine.impl.cfg.standalone.StandaloneMybatisTransactionContext  - committing the ibatis sql session...
10:45:10,842 [main] DEBUG org.apache.ibatis.transaction.jdbc.JdbcTransaction  - Committing JDBC Connection [conn3: url=jdbc:h2:mem:activiti user=SA]
10:45:10,842 [main] DEBUG org.activiti.engine.impl.cfg.standalone.StandaloneMybatisTransactionContext  - firing event committed...
10:45:10,842 [main] DEBUG org.apache.ibatis.transaction.jdbc.JdbcTransaction  - Resetting autocommit to true on JDBC Connection [conn3: url=jdbc:h2:mem:activiti user=SA]
10:45:10,842 [main] DEBUG org.apache.ibatis.transaction.jdbc.JdbcTransaction  - Closing JDBC Connection [conn3: url=jdbc:h2:mem:activiti user=SA]
10:45:10,842 [main] DEBUG org.apache.ibatis.datasource.pooled.PooledDataSource  - Returned connection 180014677 to pool.
10:45:10,842 [main] DEBUG org.activiti.engine.impl.interceptor.LogInterceptor  - --- AddIdentityLinkCmd finished --------------------------------------------------------
10:45:10,842 [main] DEBUG org.activiti.engine.impl.interceptor.LogInterceptor  - 

10:45:10,843 [main] DEBUG org.activiti.engine.impl.interceptor.LogInterceptor  - 

10:45:10,843 [main] DEBUG org.activiti.engine.impl.interceptor.LogInterceptor  - --- starting NewTaskCmd --------------------------------------------------------
10:45:10,843 [main] DEBUG org.activiti.engine.impl.cfg.standalone.StandaloneMybatisTransactionContext  - firing event committing...
10:45:10,843 [main] DEBUG org.activiti.engine.impl.cfg.standalone.StandaloneMybatisTransactionContext  - committing the ibatis sql session...
10:45:10,843 [main] DEBUG org.activiti.engine.impl.cfg.standalone.StandaloneMybatisTransactionContext  - firing event committed...
10:45:10,843 [main] DEBUG org.activiti.engine.impl.interceptor.LogInterceptor  - --- NewTaskCmd finished --------------------------------------------------------
10:45:10,843 [main] DEBUG org.activiti.engine.impl.interceptor.LogInterceptor  - 

10:45:10,843 [main] DEBUG org.activiti.engine.impl.interceptor.LogInterceptor  - 

10:45:10,843 [main] DEBUG org.activiti.engine.impl.interceptor.LogInterceptor  - --- starting SaveTaskCmd --------------------------------------------------------
10:45:10,843 [main] DEBUG org.activiti.engine.impl.history.DefaultHistoryManager  - Current history level: FULL, level required: AUDIT
10:45:10,843 [main] DEBUG org.activiti.engine.impl.db.DbSqlSession  -   insert Task[id=757, name=kermitSubTask1]
10:45:10,843 [main] DEBUG org.activiti.engine.impl.db.DbSqlSession  -   insert HistoricTaskInstanceEntity[id=757, name=kermitSubTask1]
10:45:10,843 [main] DEBUG org.activiti.engine.impl.db.DbSqlSession  - flush summary: 2 insert, 0 update, 0 delete.
10:45:10,843 [main] DEBUG org.activiti.engine.impl.db.DbSqlSession  - now executing flush...
10:45:10,843 [main] DEBUG org.activiti.engine.impl.db.DbSqlSession  - inserting: HistoricTaskInstanceEntity[id=757, name=kermitSubTask1]
10:45:10,843 [main] DEBUG org.apache.ibatis.transaction.jdbc.JdbcTransaction  - Opening JDBC Connection
10:45:10,843 [main] DEBUG org.apache.ibatis.datasource.pooled.PooledDataSource  - Checked out connection 363509958 from pool.
10:45:10,843 [main] DEBUG org.apache.ibatis.transaction.jdbc.JdbcTransaction  - Setting autocommit to false on JDBC Connection [conn2: url=jdbc:h2:mem:activiti user=SA]
10:45:10,843 [main] DEBUG org.activiti.engine.impl.persistence.entity.HistoricTaskInstanceEntity.insertHistoricTaskInstance  - ==&gt;  Preparing: insert into ACT_HI_TASKINST ( ID_, PROC_DEF_ID_, PROC_INST_ID_, EXECUTION_ID_, NAME_, PARENT_TASK_ID_, DESCRIPTION_, OWNER_, ASSIGNEE_, START_TIME_, CLAIM_TIME_, END_TIME_, DURATION_, DELETE_REASON_, TASK_DEF_KEY_, FORM_KEY_, PRIORITY_, DUE_DATE_, CATEGORY_, TENANT_ID_ ) values ( ?, ?, ?, ?, ?, ?, ?, ?, ?, ?, ?, ?, ?, ?, ?, ?, ?, ?, ?, ? ) 
10:45:10,843 [main] DEBUG org.activiti.engine.impl.persistence.entity.HistoricTaskInstanceEntity.insertHistoricTaskInstance  - ==&gt; Parameters: 757(String), null, null, null, kermitSubTask1(String), 754(String), description for kermit sub-task1(String), null, null, 2009-01-01 01:01:01.0(Timestamp), null, null, null, null, null, null, 50(Integer), null, null, (String)
10:45:10,843 [main] DEBUG org.activiti.engine.impl.persistence.entity.HistoricTaskInstanceEntity.insertHistoricTaskInstance  - &lt;==    Updates: 1
10:45:10,843 [main] DEBUG org.activiti.engine.impl.db.DbSqlSession  - inserting: Task[id=757, name=kermitSubTask1]
10:45:10,843 [main] DEBUG org.activiti.engine.impl.persistence.entity.TaskEntity.insertTask  - ==&gt;  Preparing: insert into ACT_RU_TASK (ID_, REV_, NAME_, PARENT_TASK_ID_, DESCRIPTION_, PRIORITY_, CREATE_TIME_, OWNER_, ASSIGNEE_, DELEGATION_, EXECUTION_ID_, PROC_INST_ID_, PROC_DEF_ID_, TASK_DEF_KEY_, DUE_DATE_, CATEGORY_, SUSPENSION_STATE_, TENANT_ID_, FORM_KEY_) values (?, 1, ?, ?, ?, ?, ?, ?, ?, ?, ?, ?, ?, ?, ?, ?, ?, ?, ? ) 
10:45:10,843 [main] DEBUG org.activiti.engine.impl.persistence.entity.TaskEntity.insertTask  - ==&gt; Parameters: 757(String), kermitSubTask1(String), 754(String), description for kermit sub-task1(String), 50(Integer), 2009-01-01 01:01:01.0(Timestamp), null, null, null, null, null, null, null, null, null, 1(Integer), (String), null
10:45:10,843 [main] DEBUG org.activiti.engine.impl.persistence.entity.TaskEntity.insertTask  - &lt;==    Updates: 1
10:45:10,843 [main] DEBUG org.activiti.engine.impl.cfg.standalone.StandaloneMybatisTransactionContext  - firing event committing...
10:45:10,843 [main] DEBUG org.activiti.engine.impl.cfg.standalone.StandaloneMybatisTransactionContext  - committing the ibatis sql session...
10:45:10,843 [main] DEBUG org.apache.ibatis.transaction.jdbc.JdbcTransaction  - Committing JDBC Connection [conn2: url=jdbc:h2:mem:activiti user=SA]
10:45:10,843 [main] DEBUG org.activiti.engine.impl.cfg.standalone.StandaloneMybatisTransactionContext  - firing event committed...
10:45:10,843 [main] DEBUG org.apache.ibatis.transaction.jdbc.JdbcTransaction  - Resetting autocommit to true on JDBC Connection [conn2: url=jdbc:h2:mem:activiti user=SA]
10:45:10,843 [main] DEBUG org.apache.ibatis.transaction.jdbc.JdbcTransaction  - Closing JDBC Connection [conn2: url=jdbc:h2:mem:activiti user=SA]
10:45:10,843 [main] DEBUG org.apache.ibatis.datasource.pooled.PooledDataSource  - Returned connection 363509958 to pool.
10:45:10,843 [main] DEBUG org.activiti.engine.impl.interceptor.LogInterceptor  - --- SaveTaskCmd finished --------------------------------------------------------
10:45:10,843 [main] DEBUG org.activiti.engine.impl.interceptor.LogInterceptor  - 

10:45:10,843 [main] DEBUG org.activiti.engine.impl.interceptor.LogInterceptor  - 

10:45:10,843 [main] DEBUG org.activiti.engine.impl.interceptor.LogInterceptor  - --- starting AddIdentityLinkCmd --------------------------------------------------------
10:45:10,843 [main] DEBUG org.apache.ibatis.transaction.jdbc.JdbcTransaction  - Opening JDBC Connection
10:45:10,843 [main] DEBUG org.apache.ibatis.datasource.pooled.PooledDataSource  - Checked out connection 297240765 from pool.
10:45:10,843 [main] DEBUG org.apache.ibatis.transaction.jdbc.JdbcTransaction  - Setting autocommit to false on JDBC Connection [conn4: url=jdbc:h2:mem:activiti user=SA]
10:45:10,843 [main] DEBUG org.activiti.engine.impl.persistence.entity.TaskEntity.selectTask  - ==&gt;  Preparing: select * from ACT_RU_TASK where ID_ = ? 
10:45:10,843 [main] DEBUG org.activiti.engine.impl.persistence.entity.TaskEntity.selectTask  - ==&gt; Parameters: 757(String)
10:45:10,843 [main] DEBUG org.activiti.engine.impl.persistence.entity.TaskEntity.selectTask  - &lt;==      Total: 1
10:45:10,843 [main] DEBUG org.activiti.engine.impl.persistence.entity.IdentityLinkEntity.selectIdentityLinksByTask  - ==&gt;  Preparing: select * from ACT_RU_IDENTITYLINK where TASK_ID_ = ? 
10:45:10,843 [main] DEBUG org.activiti.engine.impl.persistence.entity.IdentityLinkEntity.selectIdentityLinksByTask  - ==&gt; Parameters: 757(String)
10:45:10,843 [main] DEBUG org.activiti.engine.impl.persistence.entity.IdentityLinkEntity.selectIdentityLinksByTask  - &lt;==      Total: 0
10:45:10,843 [main] DEBUG org.activiti.engine.impl.history.DefaultHistoryManager  - Current history level: FULL, level required: AUDIT
10:45:10,843 [main] DEBUG org.activiti.engine.impl.history.DefaultHistoryManager  - Current history level: FULL
10:45:10,843 [main] DEBUG org.activiti.engine.impl.history.DefaultHistoryManager  - Current history level: FULL
10:45:10,843 [main] DEBUG org.activiti.engine.impl.db.DbSqlSession  -   insert org.activiti.engine.impl.persistence.entity.HistoricIdentityLinkEntity@1ce07709
10:45:10,843 [main] DEBUG org.activiti.engine.impl.db.DbSqlSession  -   insert IdentityLinkEntity[id=758, type=candidate, userId=kermit, taskId=757]
10:45:10,843 [main] DEBUG org.activiti.engine.impl.db.DbSqlSession  -   insert org.activiti.engine.impl.persistence.entity.CommentEntity@637de489
10:45:10,843 [main] DEBUG org.activiti.engine.impl.db.DbSqlSession  - flush summary: 3 insert, 0 update, 0 delete.
10:45:10,843 [main] DEBUG org.activiti.engine.impl.db.DbSqlSession  - now executing flush...
10:45:10,843 [main] DEBUG org.activiti.engine.impl.db.DbSqlSession  - inserting: org.activiti.engine.impl.persistence.entity.HistoricIdentityLinkEntity@1ce07709
10:45:10,843 [main] DEBUG org.activiti.engine.impl.persistence.entity.HistoricIdentityLinkEntity.insertHistoricIdentityLink  - ==&gt;  Preparing: insert into ACT_HI_IDENTITYLINK (ID_, TYPE_, USER_ID_, GROUP_ID_, TASK_ID_, PROC_INST_ID_) values (?, ?, ?, ?, ?, ?) 
10:45:10,843 [main] DEBUG org.activiti.engine.impl.persistence.entity.HistoricIdentityLinkEntity.insertHistoricIdentityLink  - ==&gt; Parameters: 758(String), candidate(String), kermit(String), null, 757(String), null
10:45:10,843 [main] DEBUG org.activiti.engine.impl.persistence.entity.HistoricIdentityLinkEntity.insertHistoricIdentityLink  - &lt;==    Updates: 1
10:45:10,843 [main] DEBUG org.activiti.engine.impl.db.DbSqlSession  - inserting: IdentityLinkEntity[id=758, type=candidate, userId=kermit, taskId=757]
10:45:10,843 [main] DEBUG org.activiti.engine.impl.persistence.entity.IdentityLinkEntity.insertIdentityLink  - ==&gt;  Preparing: insert into ACT_RU_IDENTITYLINK (ID_, REV_, TYPE_, USER_ID_, GROUP_ID_, TASK_ID_, PROC_INST_ID_, PROC_DEF_ID_) values (?, 1, ?, ?, ?, ?, ?, ?) 
10:45:10,843 [main] DEBUG org.activiti.engine.impl.persistence.entity.IdentityLinkEntity.insertIdentityLink  - ==&gt; Parameters: 758(String), candidate(String), kermit(String), null, 757(String), null, null
10:45:10,843 [main] DEBUG org.activiti.engine.impl.persistence.entity.IdentityLinkEntity.insertIdentityLink  - &lt;==    Updates: 1
10:45:10,843 [main] DEBUG org.activiti.engine.impl.db.DbSqlSession  - inserting: org.activiti.engine.impl.persistence.entity.CommentEntity@637de489
10:45:10,843 [main] DEBUG org.activiti.engine.impl.persistence.entity.CommentEntity.insertComment  - ==&gt;  Preparing: insert into ACT_HI_COMMENT (ID_, TYPE_, TIME_, USER_ID_, TASK_ID_, PROC_INST_ID_, ACTION_, MESSAGE_, FULL_MSG_) values (?, ?, ?, ?, ?, ?, ?, ?, ?) 
10:45:10,843 [main] DEBUG org.activiti.engine.impl.persistence.entity.CommentEntity.insertComment  - ==&gt; Parameters: 759(String), event(String), 2009-01-01 01:01:01.0(Timestamp), null, 757(String), null, AddUserLink(String), kermit_|_candidate(String), null
10:45:10,843 [main] DEBUG org.activiti.engine.impl.persistence.entity.CommentEntity.insertComment  - &lt;==    Updates: 1
10:45:10,843 [main] DEBUG org.activiti.engine.impl.cfg.standalone.StandaloneMybatisTransactionContext  - firing event committing...
10:45:10,843 [main] DEBUG org.activiti.engine.impl.cfg.standalone.StandaloneMybatisTransactionContext  - committing the ibatis sql session...
10:45:10,843 [main] DEBUG org.apache.ibatis.transaction.jdbc.JdbcTransaction  - Committing JDBC Connection [conn4: url=jdbc:h2:mem:activiti user=SA]
10:45:10,843 [main] DEBUG org.activiti.engine.impl.cfg.standalone.StandaloneMybatisTransactionContext  - firing event committed...
10:45:10,843 [main] DEBUG org.apache.ibatis.transaction.jdbc.JdbcTransaction  - Resetting autocommit to true on JDBC Connection [conn4: url=jdbc:h2:mem:activiti user=SA]
10:45:10,843 [main] DEBUG org.apache.ibatis.transaction.jdbc.JdbcTransaction  - Closing JDBC Connection [conn4: url=jdbc:h2:mem:activiti user=SA]
10:45:10,843 [main] DEBUG org.apache.ibatis.datasource.pooled.PooledDataSource  - Returned connection 297240765 to pool.
10:45:10,843 [main] DEBUG org.activiti.engine.impl.interceptor.LogInterceptor  - --- AddIdentityLinkCmd finished --------------------------------------------------------
10:45:10,843 [main] DEBUG org.activiti.engine.impl.interceptor.LogInterceptor  - 

10:45:10,843 [main] DEBUG org.activiti.engine.impl.interceptor.LogInterceptor  - 

10:45:10,843 [main] DEBUG org.activiti.engine.impl.interceptor.LogInterceptor  - --- starting NewTaskCmd --------------------------------------------------------
10:45:10,843 [main] DEBUG org.activiti.engine.impl.cfg.standalone.StandaloneMybatisTransactionContext  - firing event committing...
10:45:10,843 [main] DEBUG org.activiti.engine.impl.cfg.standalone.StandaloneMybatisTransactionContext  - committing the ibatis sql session...
10:45:10,843 [main] DEBUG org.activiti.engine.impl.cfg.standalone.StandaloneMybatisTransactionContext  - firing event committed...
10:45:10,843 [main] DEBUG org.activiti.engine.impl.interceptor.LogInterceptor  - --- NewTaskCmd finished --------------------------------------------------------
10:45:10,843 [main] DEBUG org.activiti.engine.impl.interceptor.LogInterceptor  - 

10:45:10,843 [main] DEBUG org.activiti.engine.impl.interceptor.LogInterceptor  - 

10:45:10,843 [main] DEBUG org.activiti.engine.impl.interceptor.LogInterceptor  - --- starting SaveTaskCmd --------------------------------------------------------
10:45:10,843 [main] DEBUG org.activiti.engine.impl.history.DefaultHistoryManager  - Current history level: FULL, level required: AUDIT
10:45:10,843 [main] DEBUG org.activiti.engine.impl.db.DbSqlSession  -   insert Task[id=760, name=kermitSubTask2]
10:45:10,843 [main] DEBUG org.activiti.engine.impl.db.DbSqlSession  -   insert HistoricTaskInstanceEntity[id=760, name=kermitSubTask2]
10:45:10,843 [main] DEBUG org.activiti.engine.impl.db.DbSqlSession  - flush summary: 2 insert, 0 update, 0 delete.
10:45:10,843 [main] DEBUG org.activiti.engine.impl.db.DbSqlSession  - now executing flush...
10:45:10,843 [main] DEBUG org.activiti.engine.impl.db.DbSqlSession  - inserting: HistoricTaskInstanceEntity[id=760, name=kermitSubTask2]
10:45:10,843 [main] DEBUG org.apache.ibatis.transaction.jdbc.JdbcTransaction  - Opening JDBC Connection
10:45:10,843 [main] DEBUG org.apache.ibatis.datasource.pooled.PooledDataSource  - Checked out connection 486346394 from pool.
10:45:10,843 [main] DEBUG org.apache.ibatis.transaction.jdbc.JdbcTransaction  - Setting autocommit to false on JDBC Connection [conn6: url=jdbc:h2:mem:activiti user=SA]
10:45:10,843 [main] DEBUG org.activiti.engine.impl.persistence.entity.HistoricTaskInstanceEntity.insertHistoricTaskInstance  - ==&gt;  Preparing: insert into ACT_HI_TASKINST ( ID_, PROC_DEF_ID_, PROC_INST_ID_, EXECUTION_ID_, NAME_, PARENT_TASK_ID_, DESCRIPTION_, OWNER_, ASSIGNEE_, START_TIME_, CLAIM_TIME_, END_TIME_, DURATION_, DELETE_REASON_, TASK_DEF_KEY_, FORM_KEY_, PRIORITY_, DUE_DATE_, CATEGORY_, TENANT_ID_ ) values ( ?, ?, ?, ?, ?, ?, ?, ?, ?, ?, ?, ?, ?, ?, ?, ?, ?, ?, ?, ? ) 
10:45:10,843 [main] DEBUG org.activiti.engine.impl.persistence.entity.HistoricTaskInstanceEntity.insertHistoricTaskInstance  - ==&gt; Parameters: 760(String), null, null, null, kermitSubTask2(String), 754(String), description for kermit sub-task2(String), null, null, 2009-01-01 01:01:01.0(Timestamp), null, null, null, null, null, null, 50(Integer), null, null, (String)
10:45:10,844 [main] DEBUG org.activiti.engine.impl.persistence.entity.HistoricTaskInstanceEntity.insertHistoricTaskInstance  - &lt;==    Updates: 1
10:45:10,844 [main] DEBUG org.activiti.engine.impl.db.DbSqlSession  - inserting: Task[id=760, name=kermitSubTask2]
10:45:10,844 [main] DEBUG org.activiti.engine.impl.persistence.entity.TaskEntity.insertTask  - ==&gt;  Preparing: insert into ACT_RU_TASK (ID_, REV_, NAME_, PARENT_TASK_ID_, DESCRIPTION_, PRIORITY_, CREATE_TIME_, OWNER_, ASSIGNEE_, DELEGATION_, EXECUTION_ID_, PROC_INST_ID_, PROC_DEF_ID_, TASK_DEF_KEY_, DUE_DATE_, CATEGORY_, SUSPENSION_STATE_, TENANT_ID_, FORM_KEY_) values (?, 1, ?, ?, ?, ?, ?, ?, ?, ?, ?, ?, ?, ?, ?, ?, ?, ?, ? ) 
10:45:10,844 [main] DEBUG org.activiti.engine.impl.persistence.entity.TaskEntity.insertTask  - ==&gt; Parameters: 760(String), kermitSubTask2(String), 754(String), description for kermit sub-task2(String), 50(Integer), 2009-01-01 01:01:01.0(Timestamp), null, null, null, null, null, null, null, null, null, 1(Integer), (String), null
10:45:10,844 [main] DEBUG org.activiti.engine.impl.persistence.entity.TaskEntity.insertTask  - &lt;==    Updates: 1
10:45:10,844 [main] DEBUG org.activiti.engine.impl.cfg.standalone.StandaloneMybatisTransactionContext  - firing event committing...
10:45:10,844 [main] DEBUG org.activiti.engine.impl.cfg.standalone.StandaloneMybatisTransactionContext  - committing the ibatis sql session...
10:45:10,844 [main] DEBUG org.apache.ibatis.transaction.jdbc.JdbcTransaction  - Committing JDBC Connection [conn6: url=jdbc:h2:mem:activiti user=SA]
10:45:10,844 [main] DEBUG org.activiti.engine.impl.cfg.standalone.StandaloneMybatisTransactionContext  - firing event committed...
10:45:10,844 [main] DEBUG org.apache.ibatis.transaction.jdbc.JdbcTransaction  - Resetting autocommit to true on JDBC Connection [conn6: url=jdbc:h2:mem:activiti user=SA]
10:45:10,844 [main] DEBUG org.apache.ibatis.transaction.jdbc.JdbcTransaction  - Closing JDBC Connection [conn6: url=jdbc:h2:mem:activiti user=SA]
10:45:10,844 [main] DEBUG org.apache.ibatis.datasource.pooled.PooledDataSource  - Returned connection 486346394 to pool.
10:45:10,844 [main] DEBUG org.activiti.engine.impl.interceptor.LogInterceptor  - --- SaveTaskCmd finished --------------------------------------------------------
10:45:10,844 [main] DEBUG org.activiti.engine.impl.interceptor.LogInterceptor  - 

10:45:10,844 [main] DEBUG org.activiti.engine.impl.interceptor.LogInterceptor  - 

10:45:10,844 [main] DEBUG org.activiti.engine.impl.interceptor.LogInterceptor  - --- starting AddIdentityLinkCmd --------------------------------------------------------
10:45:10,844 [main] DEBUG org.apache.ibatis.transaction.jdbc.JdbcTransaction  - Opening JDBC Connection
10:45:10,844 [main] DEBUG org.apache.ibatis.datasource.pooled.PooledDataSource  - Checked out connection 180014677 from pool.
10:45:10,844 [main] DEBUG org.apache.ibatis.transaction.jdbc.JdbcTransaction  - Setting autocommit to false on JDBC Connection [conn3: url=jdbc:h2:mem:activiti user=SA]
10:45:10,844 [main] DEBUG org.activiti.engine.impl.persistence.entity.TaskEntity.selectTask  - ==&gt;  Preparing: select * from ACT_RU_TASK where ID_ = ? 
10:45:10,844 [main] DEBUG org.activiti.engine.impl.persistence.entity.TaskEntity.selectTask  - ==&gt; Parameters: 760(String)
10:45:10,844 [main] DEBUG org.activiti.engine.impl.persistence.entity.TaskEntity.selectTask  - &lt;==      Total: 1
10:45:10,844 [main] DEBUG org.activiti.engine.impl.persistence.entity.IdentityLinkEntity.selectIdentityLinksByTask  - ==&gt;  Preparing: select * from ACT_RU_IDENTITYLINK where TASK_ID_ = ? 
10:45:10,844 [main] DEBUG org.activiti.engine.impl.persistence.entity.IdentityLinkEntity.selectIdentityLinksByTask  - ==&gt; Parameters: 760(String)
10:45:10,844 [main] DEBUG org.activiti.engine.impl.persistence.entity.IdentityLinkEntity.selectIdentityLinksByTask  - &lt;==      Total: 0
10:45:10,844 [main] DEBUG org.activiti.engine.impl.history.DefaultHistoryManager  - Current history level: FULL, level required: AUDIT
10:45:10,844 [main] DEBUG org.activiti.engine.impl.history.DefaultHistoryManager  - Current history level: FULL
10:45:10,844 [main] DEBUG org.activiti.engine.impl.history.DefaultHistoryManager  - Current history level: FULL
10:45:10,844 [main] DEBUG org.activiti.engine.impl.db.DbSqlSession  -   insert org.activiti.engine.impl.persistence.entity.HistoricIdentityLinkEntity@38614875
10:45:10,844 [main] DEBUG org.activiti.engine.impl.db.DbSqlSession  -   insert IdentityLinkEntity[id=761, type=candidate, userId=kermit, taskId=760]
10:45:10,844 [main] DEBUG org.activiti.engine.impl.db.DbSqlSession  -   insert org.activiti.engine.impl.persistence.entity.CommentEntity@6c09d716
10:45:10,844 [main] DEBUG org.activiti.engine.impl.db.DbSqlSession  - flush summary: 3 insert, 0 update, 0 delete.
10:45:10,844 [main] DEBUG org.activiti.engine.impl.db.DbSqlSession  - now executing flush...
10:45:10,844 [main] DEBUG org.activiti.engine.impl.db.DbSqlSession  - inserting: org.activiti.engine.impl.persistence.entity.HistoricIdentityLinkEntity@38614875
10:45:10,844 [main] DEBUG org.activiti.engine.impl.persistence.entity.HistoricIdentityLinkEntity.insertHistoricIdentityLink  - ==&gt;  Preparing: insert into ACT_HI_IDENTITYLINK (ID_, TYPE_, USER_ID_, GROUP_ID_, TASK_ID_, PROC_INST_ID_) values (?, ?, ?, ?, ?, ?) 
10:45:10,844 [main] DEBUG org.activiti.engine.impl.persistence.entity.HistoricIdentityLinkEntity.insertHistoricIdentityLink  - ==&gt; Parameters: 761(String), candidate(String), kermit(String), null, 760(String), null
10:45:10,844 [main] DEBUG org.activiti.engine.impl.persistence.entity.HistoricIdentityLinkEntity.insertHistoricIdentityLink  - &lt;==    Updates: 1
10:45:10,844 [main] DEBUG org.activiti.engine.impl.db.DbSqlSession  - inserting: IdentityLinkEntity[id=761, type=candidate, userId=kermit, taskId=760]
10:45:10,844 [main] DEBUG org.activiti.engine.impl.persistence.entity.IdentityLinkEntity.insertIdentityLink  - ==&gt;  Preparing: insert into ACT_RU_IDENTITYLINK (ID_, REV_, TYPE_, USER_ID_, GROUP_ID_, TASK_ID_, PROC_INST_ID_, PROC_DEF_ID_) values (?, 1, ?, ?, ?, ?, ?, ?) 
10:45:10,844 [main] DEBUG org.activiti.engine.impl.persistence.entity.IdentityLinkEntity.insertIdentityLink  - ==&gt; Parameters: 761(String), candidate(String), kermit(String), null, 760(String), null, null
10:45:10,844 [main] DEBUG org.activiti.engine.impl.persistence.entity.IdentityLinkEntity.insertIdentityLink  - &lt;==    Updates: 1
10:45:10,844 [main] DEBUG org.activiti.engine.impl.db.DbSqlSession  - inserting: org.activiti.engine.impl.persistence.entity.CommentEntity@6c09d716
10:45:10,844 [main] DEBUG org.activiti.engine.impl.persistence.entity.CommentEntity.insertComment  - ==&gt;  Preparing: insert into ACT_HI_COMMENT (ID_, TYPE_, TIME_, USER_ID_, TASK_ID_, PROC_INST_ID_, ACTION_, MESSAGE_, FULL_MSG_) values (?, ?, ?, ?, ?, ?, ?, ?, ?) 
10:45:10,844 [main] DEBUG org.activiti.engine.impl.persistence.entity.CommentEntity.insertComment  - ==&gt; Parameters: 762(String), event(String), 2009-01-01 01:01:01.0(Timestamp), null, 760(String), null, AddUserLink(String), kermit_|_candidate(String), null
10:45:10,844 [main] DEBUG org.activiti.engine.impl.persistence.entity.CommentEntity.insertComment  - &lt;==    Updates: 1
10:45:10,844 [main] DEBUG org.activiti.engine.impl.cfg.standalone.StandaloneMybatisTransactionContext  - firing event committing...
10:45:10,844 [main] DEBUG org.activiti.engine.impl.cfg.standalone.StandaloneMybatisTransactionContext  - committing the ibatis sql session...
10:45:10,844 [main] DEBUG org.apache.ibatis.transaction.jdbc.JdbcTransaction  - Committing JDBC Connection [conn3: url=jdbc:h2:mem:activiti user=SA]
10:45:10,844 [main] DEBUG org.activiti.engine.impl.cfg.standalone.StandaloneMybatisTransactionContext  - firing event committed...
10:45:10,844 [main] DEBUG org.apache.ibatis.transaction.jdbc.JdbcTransaction  - Resetting autocommit to true on JDBC Connection [conn3: url=jdbc:h2:mem:activiti user=SA]
10:45:10,844 [main] DEBUG org.apache.ibatis.transaction.jdbc.JdbcTransaction  - Closing JDBC Connection [conn3: url=jdbc:h2:mem:activiti user=SA]
10:45:10,844 [main] DEBUG org.apache.ibatis.datasource.pooled.PooledDataSource  - Returned connection 180014677 to pool.
10:45:10,844 [main] DEBUG org.activiti.engine.impl.interceptor.LogInterceptor  - --- AddIdentityLinkCmd finished --------------------------------------------------------
10:45:10,844 [main] DEBUG org.activiti.engine.impl.interceptor.LogInterceptor  - 

10:45:10,844 [main] DEBUG org.activiti.engine.impl.interceptor.LogInterceptor  - 

10:45:10,844 [main] DEBUG org.activiti.engine.impl.interceptor.LogInterceptor  - --- starting NewTaskCmd --------------------------------------------------------
10:45:10,844 [main] DEBUG org.activiti.engine.impl.cfg.standalone.StandaloneMybatisTransactionContext  - firing event committing...
10:45:10,844 [main] DEBUG org.activiti.engine.impl.cfg.standalone.StandaloneMybatisTransactionContext  - committing the ibatis sql session...
10:45:10,844 [main] DEBUG org.activiti.engine.impl.cfg.standalone.StandaloneMybatisTransactionContext  - firing event committed...
10:45:10,844 [main] DEBUG org.activiti.engine.impl.interceptor.LogInterceptor  - --- NewTaskCmd finished --------------------------------------------------------
10:45:10,844 [main] DEBUG org.activiti.engine.impl.interceptor.LogInterceptor  - 

10:45:10,844 [main] DEBUG org.activiti.engine.impl.interceptor.LogInterceptor  - 

10:45:10,844 [main] DEBUG org.activiti.engine.impl.interceptor.LogInterceptor  - --- starting SaveTaskCmd --------------------------------------------------------
10:45:10,844 [main] DEBUG org.activiti.engine.impl.history.DefaultHistoryManager  - Current history level: FULL, level required: AUDIT
10:45:10,844 [main] DEBUG org.activiti.engine.impl.db.DbSqlSession  -   insert Task[id=763, name=gonzoRootTask1]
10:45:10,844 [main] DEBUG org.activiti.engine.impl.db.DbSqlSession  -   insert HistoricTaskInstanceEntity[id=763, name=gonzoRootTask1]
10:45:10,844 [main] DEBUG org.activiti.engine.impl.db.DbSqlSession  - flush summary: 2 insert, 0 update, 0 delete.
10:45:10,844 [main] DEBUG org.activiti.engine.impl.db.DbSqlSession  - now executing flush...
10:45:10,844 [main] DEBUG org.activiti.engine.impl.db.DbSqlSession  - inserting: HistoricTaskInstanceEntity[id=763, name=gonzoRootTask1]
10:45:10,844 [main] DEBUG org.apache.ibatis.transaction.jdbc.JdbcTransaction  - Opening JDBC Connection
10:45:10,844 [main] DEBUG org.apache.ibatis.datasource.pooled.PooledDataSource  - Checked out connection 363509958 from pool.
10:45:10,844 [main] DEBUG org.apache.ibatis.transaction.jdbc.JdbcTransaction  - Setting autocommit to false on JDBC Connection [conn2: url=jdbc:h2:mem:activiti user=SA]
10:45:10,844 [main] DEBUG org.activiti.engine.impl.persistence.entity.HistoricTaskInstanceEntity.insertHistoricTaskInstance  - ==&gt;  Preparing: insert into ACT_HI_TASKINST ( ID_, PROC_DEF_ID_, PROC_INST_ID_, EXECUTION_ID_, NAME_, PARENT_TASK_ID_, DESCRIPTION_, OWNER_, ASSIGNEE_, START_TIME_, CLAIM_TIME_, END_TIME_, DURATION_, DELETE_REASON_, TASK_DEF_KEY_, FORM_KEY_, PRIORITY_, DUE_DATE_, CATEGORY_, TENANT_ID_ ) values ( ?, ?, ?, ?, ?, ?, ?, ?, ?, ?, ?, ?, ?, ?, ?, ?, ?, ?, ?, ? ) 
10:45:10,844 [main] DEBUG org.activiti.engine.impl.persistence.entity.HistoricTaskInstanceEntity.insertHistoricTaskInstance  - ==&gt; Parameters: 763(String), null, null, null, gonzoRootTask1(String), null, gonzo Root task1 description(String), null, null, 2008-02-01 02:02:02.0(Timestamp), null, null, null, null, null, null, 50(Integer), null, null, (String)
10:45:10,844 [main] DEBUG org.activiti.engine.impl.persistence.entity.HistoricTaskInstanceEntity.insertHistoricTaskInstance  - &lt;==    Updates: 1
10:45:10,844 [main] DEBUG org.activiti.engine.impl.db.DbSqlSession  - inserting: Task[id=763, name=gonzoRootTask1]
10:45:10,844 [main] DEBUG org.activiti.engine.impl.persistence.entity.TaskEntity.insertTask  - ==&gt;  Preparing: insert into ACT_RU_TASK (ID_, REV_, NAME_, PARENT_TASK_ID_, DESCRIPTION_, PRIORITY_, CREATE_TIME_, OWNER_, ASSIGNEE_, DELEGATION_, EXECUTION_ID_, PROC_INST_ID_, PROC_DEF_ID_, TASK_DEF_KEY_, DUE_DATE_, CATEGORY_, SUSPENSION_STATE_, TENANT_ID_, FORM_KEY_) values (?, 1, ?, ?, ?, ?, ?, ?, ?, ?, ?, ?, ?, ?, ?, ?, ?, ?, ? ) 
10:45:10,844 [main] DEBUG org.activiti.engine.impl.persistence.entity.TaskEntity.insertTask  - ==&gt; Parameters: 763(String), gonzoRootTask1(String), null, gonzo Root task1 description(String), 50(Integer), 2008-02-01 02:02:02.0(Timestamp), null, null, null, null, null, null, null, null, null, 1(Integer), (String), null
10:45:10,844 [main] DEBUG org.activiti.engine.impl.persistence.entity.TaskEntity.insertTask  - &lt;==    Updates: 1
10:45:10,844 [main] DEBUG org.activiti.engine.impl.cfg.standalone.StandaloneMybatisTransactionContext  - firing event committing...
10:45:10,844 [main] DEBUG org.activiti.engine.impl.cfg.standalone.StandaloneMybatisTransactionContext  - committing the ibatis sql session...
10:45:10,844 [main] DEBUG org.apache.ibatis.transaction.jdbc.JdbcTransaction  - Committing JDBC Connection [conn2: url=jdbc:h2:mem:activiti user=SA]
10:45:10,844 [main] DEBUG org.activiti.engine.impl.cfg.standalone.StandaloneMybatisTransactionContext  - firing event committed...
10:45:10,844 [main] DEBUG org.apache.ibatis.transaction.jdbc.JdbcTransaction  - Resetting autocommit to true on JDBC Connection [conn2: url=jdbc:h2:mem:activiti user=SA]
10:45:10,844 [main] DEBUG org.apache.ibatis.transaction.jdbc.JdbcTransaction  - Closing JDBC Connection [conn2: url=jdbc:h2:mem:activiti user=SA]
10:45:10,844 [main] DEBUG org.apache.ibatis.datasource.pooled.PooledDataSource  - Returned connection 363509958 to pool.
10:45:10,844 [main] DEBUG org.activiti.engine.impl.interceptor.LogInterceptor  - --- SaveTaskCmd finished --------------------------------------------------------
10:45:10,844 [main] DEBUG org.activiti.engine.impl.interceptor.LogInterceptor  - 

10:45:10,844 [main] DEBUG org.activiti.engine.impl.interceptor.LogInterceptor  - 

10:45:10,844 [main] DEBUG org.activiti.engine.impl.interceptor.LogInterceptor  - --- starting AddIdentityLinkCmd --------------------------------------------------------
10:45:10,844 [main] DEBUG org.apache.ibatis.transaction.jdbc.JdbcTransaction  - Opening JDBC Connection
10:45:10,844 [main] DEBUG org.apache.ibatis.datasource.pooled.PooledDataSource  - Checked out connection 297240765 from pool.
10:45:10,844 [main] DEBUG org.apache.ibatis.transaction.jdbc.JdbcTransaction  - Setting autocommit to false on JDBC Connection [conn4: url=jdbc:h2:mem:activiti user=SA]
10:45:10,844 [main] DEBUG org.activiti.engine.impl.persistence.entity.TaskEntity.selectTask  - ==&gt;  Preparing: select * from ACT_RU_TASK where ID_ = ? 
10:45:10,844 [main] DEBUG org.activiti.engine.impl.persistence.entity.TaskEntity.selectTask  - ==&gt; Parameters: 763(String)
10:45:10,844 [main] DEBUG org.activiti.engine.impl.persistence.entity.TaskEntity.selectTask  - &lt;==      Total: 1
10:45:10,844 [main] DEBUG org.activiti.engine.impl.history.DefaultHistoryManager  - Current history level: FULL, level required: AUDIT
10:45:10,844 [main] DEBUG org.activiti.engine.impl.persistence.entity.HistoricTaskInstanceEntity.selectHistoricTaskInstance  - ==&gt;  Preparing: select * from ACT_HI_TASKINST where ID_ = ? 
10:45:10,844 [main] DEBUG org.activiti.engine.impl.persistence.entity.HistoricTaskInstanceEntity.selectHistoricTaskInstance  - ==&gt; Parameters: 763(String)
10:45:10,844 [main] DEBUG org.activiti.engine.impl.persistence.entity.HistoricTaskInstanceEntity.selectHistoricTaskInstance  - &lt;==      Total: 1
10:45:10,844 [main] DEBUG org.activiti.engine.impl.history.DefaultHistoryManager  - Current history level: FULL
10:45:10,844 [main] DEBUG org.activiti.engine.impl.history.DefaultHistoryManager  - Current history level: FULL
10:45:10,845 [main] DEBUG org.activiti.engine.impl.db.DbSqlSession  -   insert org.activiti.engine.impl.persistence.entity.CommentEntity@734eada1
10:45:10,845 [main] DEBUG org.activiti.engine.impl.db.DbSqlSession  -   update Task[id=763, name=gonzoRootTask1]
10:45:10,845 [main] DEBUG org.activiti.engine.impl.db.DbSqlSession  -   update HistoricTaskInstanceEntity[id=763, name=gonzoRootTask1]
10:45:10,845 [main] DEBUG org.activiti.engine.impl.db.DbSqlSession  - flush summary: 1 insert, 2 update, 0 delete.
10:45:10,845 [main] DEBUG org.activiti.engine.impl.db.DbSqlSession  - now executing flush...
10:45:10,845 [main] DEBUG org.activiti.engine.impl.db.DbSqlSession  - inserting: org.activiti.engine.impl.persistence.entity.CommentEntity@734eada1
10:45:10,845 [main] DEBUG org.activiti.engine.impl.persistence.entity.CommentEntity.insertComment  - ==&gt;  Preparing: insert into ACT_HI_COMMENT (ID_, TYPE_, TIME_, USER_ID_, TASK_ID_, PROC_INST_ID_, ACTION_, MESSAGE_, FULL_MSG_) values (?, ?, ?, ?, ?, ?, ?, ?, ?) 
10:45:10,845 [main] DEBUG org.activiti.engine.impl.persistence.entity.CommentEntity.insertComment  - ==&gt; Parameters: 764(String), event(String), 2008-02-01 02:02:02.0(Timestamp), null, 763(String), null, AddUserLink(String), gonzo_|_assignee(String), null
10:45:10,845 [main] DEBUG org.activiti.engine.impl.persistence.entity.CommentEntity.insertComment  - &lt;==    Updates: 1
10:45:10,845 [main] DEBUG org.activiti.engine.impl.db.DbSqlSession  - updating: Task[id=763, name=gonzoRootTask1]
10:45:10,845 [main] DEBUG org.activiti.engine.impl.persistence.entity.TaskEntity.updateTask  - ==&gt;  Preparing: update ACT_RU_TASK SET REV_ = ?, NAME_ = ?, PARENT_TASK_ID_ = ?, PRIORITY_ = ?, CREATE_TIME_ = ?, OWNER_ = ?, ASSIGNEE_ = ?, DELEGATION_ = ?, EXECUTION_ID_ = ?, PROC_DEF_ID_ = ?, DESCRIPTION_ = ?, DUE_DATE_ = ?, CATEGORY_ = ?, SUSPENSION_STATE_ = ?, FORM_KEY_ = ? where ID_= ? and REV_ = ? 
10:45:10,845 [main] DEBUG org.activiti.engine.impl.persistence.entity.TaskEntity.updateTask  - ==&gt; Parameters: 2(Integer), gonzoRootTask1(String), null, 50(Integer), 2008-02-01 02:02:02.0(Timestamp), null, gonzo(String), null, null, null, gonzo Root task1 description(String), null, null, 1(Integer), null, 763(String), 1(Integer)
10:45:10,845 [main] DEBUG org.activiti.engine.impl.persistence.entity.TaskEntity.updateTask  - &lt;==    Updates: 1
10:45:10,845 [main] DEBUG org.activiti.engine.impl.db.DbSqlSession  - updating: HistoricTaskInstanceEntity[id=763, name=gonzoRootTask1]
10:45:10,845 [main] DEBUG org.activiti.engine.impl.persistence.entity.HistoricTaskInstanceEntity.updateHistoricTaskInstance  - ==&gt;  Preparing: update ACT_HI_TASKINST set EXECUTION_ID_ = ?, NAME_ = ?, PARENT_TASK_ID_ = ?, DESCRIPTION_ = ?, OWNER_ = ?, ASSIGNEE_ = ?, CLAIM_TIME_ = ?, END_TIME_ = ?, DURATION_ = ?, DELETE_REASON_ = ?, TASK_DEF_KEY_ = ?, FORM_KEY_ = ?, PRIORITY_ = ?, DUE_DATE_ = ?, CATEGORY_ = ? where ID_ = ? 
10:45:10,845 [main] DEBUG org.activiti.engine.impl.persistence.entity.HistoricTaskInstanceEntity.updateHistoricTaskInstance  - ==&gt; Parameters: null, gonzoRootTask1(String), null, gonzo Root task1 description(String), null, gonzo(String), null, null, null, null, null, null, 50(Integer), null, null, 763(String)
10:45:10,845 [main] DEBUG org.activiti.engine.impl.persistence.entity.HistoricTaskInstanceEntity.updateHistoricTaskInstance  - &lt;==    Updates: 1
10:45:10,845 [main] DEBUG org.activiti.engine.impl.cfg.standalone.StandaloneMybatisTransactionContext  - firing event committing...
10:45:10,845 [main] DEBUG org.activiti.engine.impl.cfg.standalone.StandaloneMybatisTransactionContext  - committing the ibatis sql session...
10:45:10,845 [main] DEBUG org.apache.ibatis.transaction.jdbc.JdbcTransaction  - Committing JDBC Connection [conn4: url=jdbc:h2:mem:activiti user=SA]
10:45:10,845 [main] DEBUG org.activiti.engine.impl.cfg.standalone.StandaloneMybatisTransactionContext  - firing event committed...
10:45:10,845 [main] DEBUG org.apache.ibatis.transaction.jdbc.JdbcTransaction  - Resetting autocommit to true on JDBC Connection [conn4: url=jdbc:h2:mem:activiti user=SA]
10:45:10,845 [main] DEBUG org.apache.ibatis.transaction.jdbc.JdbcTransaction  - Closing JDBC Connection [conn4: url=jdbc:h2:mem:activiti user=SA]
10:45:10,845 [main] DEBUG org.apache.ibatis.datasource.pooled.PooledDataSource  - Returned connection 297240765 to pool.
10:45:10,845 [main] DEBUG org.activiti.engine.impl.interceptor.LogInterceptor  - --- AddIdentityLinkCmd finished --------------------------------------------------------
10:45:10,845 [main] DEBUG org.activiti.engine.impl.interceptor.LogInterceptor  - 

10:45:10,845 [main] DEBUG org.activiti.engine.impl.interceptor.LogInterceptor  - 

10:45:10,845 [main] DEBUG org.activiti.engine.impl.interceptor.LogInterceptor  - --- starting NewTaskCmd --------------------------------------------------------
10:45:10,845 [main] DEBUG org.activiti.engine.impl.cfg.standalone.StandaloneMybatisTransactionContext  - firing event committing...
10:45:10,845 [main] DEBUG org.activiti.engine.impl.cfg.standalone.StandaloneMybatisTransactionContext  - committing the ibatis sql session...
10:45:10,845 [main] DEBUG org.activiti.engine.impl.cfg.standalone.StandaloneMybatisTransactionContext  - firing event committed...
10:45:10,845 [main] DEBUG org.activiti.engine.impl.interceptor.LogInterceptor  - --- NewTaskCmd finished --------------------------------------------------------
10:45:10,845 [main] DEBUG org.activiti.engine.impl.interceptor.LogInterceptor  - 

10:45:10,845 [main] DEBUG org.activiti.engine.impl.interceptor.LogInterceptor  - 

10:45:10,845 [main] DEBUG org.activiti.engine.impl.interceptor.LogInterceptor  - --- starting SaveTaskCmd --------------------------------------------------------
10:45:10,845 [main] DEBUG org.activiti.engine.impl.history.DefaultHistoryManager  - Current history level: FULL, level required: AUDIT
10:45:10,845 [main] DEBUG org.activiti.engine.impl.db.DbSqlSession  -   insert Task[id=765, name=gonzoRootTask2]
10:45:10,845 [main] DEBUG org.activiti.engine.impl.db.DbSqlSession  -   insert HistoricTaskInstanceEntity[id=765, name=gonzoRootTask2]
10:45:10,845 [main] DEBUG org.activiti.engine.impl.db.DbSqlSession  - flush summary: 2 insert, 0 update, 0 delete.
10:45:10,845 [main] DEBUG org.activiti.engine.impl.db.DbSqlSession  - now executing flush...
10:45:10,845 [main] DEBUG org.activiti.engine.impl.db.DbSqlSession  - inserting: HistoricTaskInstanceEntity[id=765, name=gonzoRootTask2]
10:45:10,845 [main] DEBUG org.apache.ibatis.transaction.jdbc.JdbcTransaction  - Opening JDBC Connection
10:45:10,845 [main] DEBUG org.apache.ibatis.datasource.pooled.PooledDataSource  - Checked out connection 486346394 from pool.
10:45:10,845 [main] DEBUG org.apache.ibatis.transaction.jdbc.JdbcTransaction  - Setting autocommit to false on JDBC Connection [conn6: url=jdbc:h2:mem:activiti user=SA]
10:45:10,845 [main] DEBUG org.activiti.engine.impl.persistence.entity.HistoricTaskInstanceEntity.insertHistoricTaskInstance  - ==&gt;  Preparing: insert into ACT_HI_TASKINST ( ID_, PROC_DEF_ID_, PROC_INST_ID_, EXECUTION_ID_, NAME_, PARENT_TASK_ID_, DESCRIPTION_, OWNER_, ASSIGNEE_, START_TIME_, CLAIM_TIME_, END_TIME_, DURATION_, DELETE_REASON_, TASK_DEF_KEY_, FORM_KEY_, PRIORITY_, DUE_DATE_, CATEGORY_, TENANT_ID_ ) values ( ?, ?, ?, ?, ?, ?, ?, ?, ?, ?, ?, ?, ?, ?, ?, ?, ?, ?, ?, ? ) 
10:45:10,845 [main] DEBUG org.activiti.engine.impl.persistence.entity.HistoricTaskInstanceEntity.insertHistoricTaskInstance  - ==&gt; Parameters: 765(String), null, null, null, gonzoRootTask2(String), null, gonzo Root task2 description(String), null, null, 2008-02-05 02:02:02.0(Timestamp), null, null, null, null, null, null, 50(Integer), null, null, (String)
10:45:10,845 [main] DEBUG org.activiti.engine.impl.persistence.entity.HistoricTaskInstanceEntity.insertHistoricTaskInstance  - &lt;==    Updates: 1
10:45:10,845 [main] DEBUG org.activiti.engine.impl.db.DbSqlSession  - inserting: Task[id=765, name=gonzoRootTask2]
10:45:10,845 [main] DEBUG org.activiti.engine.impl.persistence.entity.TaskEntity.insertTask  - ==&gt;  Preparing: insert into ACT_RU_TASK (ID_, REV_, NAME_, PARENT_TASK_ID_, DESCRIPTION_, PRIORITY_, CREATE_TIME_, OWNER_, ASSIGNEE_, DELEGATION_, EXECUTION_ID_, PROC_INST_ID_, PROC_DEF_ID_, TASK_DEF_KEY_, DUE_DATE_, CATEGORY_, SUSPENSION_STATE_, TENANT_ID_, FORM_KEY_) values (?, 1, ?, ?, ?, ?, ?, ?, ?, ?, ?, ?, ?, ?, ?, ?, ?, ?, ? ) 
10:45:10,845 [main] DEBUG org.activiti.engine.impl.persistence.entity.TaskEntity.insertTask  - ==&gt; Parameters: 765(String), gonzoRootTask2(String), null, gonzo Root task2 description(String), 50(Integer), 2008-02-05 02:02:02.0(Timestamp), null, null, null, null, null, null, null, null, null, 1(Integer), (String), null
10:45:10,845 [main] DEBUG org.activiti.engine.impl.persistence.entity.TaskEntity.insertTask  - &lt;==    Updates: 1
10:45:10,845 [main] DEBUG org.activiti.engine.impl.cfg.standalone.StandaloneMybatisTransactionContext  - firing event committing...
10:45:10,845 [main] DEBUG org.activiti.engine.impl.cfg.standalone.StandaloneMybatisTransactionContext  - committing the ibatis sql session...
10:45:10,845 [main] DEBUG org.apache.ibatis.transaction.jdbc.JdbcTransaction  - Committing JDBC Connection [conn6: url=jdbc:h2:mem:activiti user=SA]
10:45:10,845 [main] DEBUG org.activiti.engine.impl.cfg.standalone.StandaloneMybatisTransactionContext  - firing event committed...
10:45:10,845 [main] DEBUG org.apache.ibatis.transaction.jdbc.JdbcTransaction  - Resetting autocommit to true on JDBC Connection [conn6: url=jdbc:h2:mem:activiti user=SA]
10:45:10,845 [main] DEBUG org.apache.ibatis.transaction.jdbc.JdbcTransaction  - Closing JDBC Connection [conn6: url=jdbc:h2:mem:activiti user=SA]
10:45:10,845 [main] DEBUG org.apache.ibatis.datasource.pooled.PooledDataSource  - Returned connection 486346394 to pool.
10:45:10,845 [main] DEBUG org.activiti.engine.impl.interceptor.LogInterceptor  - --- SaveTaskCmd finished --------------------------------------------------------
10:45:10,845 [main] DEBUG org.activiti.engine.impl.interceptor.LogInterceptor  - 

10:45:10,845 [main] DEBUG org.activiti.engine.impl.interceptor.LogInterceptor  - 

10:45:10,845 [main] DEBUG org.activiti.engine.impl.interceptor.LogInterceptor  - --- starting AddIdentityLinkCmd --------------------------------------------------------
10:45:10,845 [main] DEBUG org.apache.ibatis.transaction.jdbc.JdbcTransaction  - Opening JDBC Connection
10:45:10,845 [main] DEBUG org.apache.ibatis.datasource.pooled.PooledDataSource  - Checked out connection 180014677 from pool.
10:45:10,845 [main] DEBUG org.apache.ibatis.transaction.jdbc.JdbcTransaction  - Setting autocommit to false on JDBC Connection [conn3: url=jdbc:h2:mem:activiti user=SA]
10:45:10,845 [main] DEBUG org.activiti.engine.impl.persistence.entity.TaskEntity.selectTask  - ==&gt;  Preparing: select * from ACT_RU_TASK where ID_ = ? 
10:45:10,845 [main] DEBUG org.activiti.engine.impl.persistence.entity.TaskEntity.selectTask  - ==&gt; Parameters: 765(String)
10:45:10,845 [main] DEBUG org.activiti.engine.impl.persistence.entity.TaskEntity.selectTask  - &lt;==      Total: 1
10:45:10,845 [main] DEBUG org.activiti.engine.impl.history.DefaultHistoryManager  - Current history level: FULL, level required: AUDIT
10:45:10,845 [main] DEBUG org.activiti.engine.impl.persistence.entity.HistoricTaskInstanceEntity.selectHistoricTaskInstance  - ==&gt;  Preparing: select * from ACT_HI_TASKINST where ID_ = ? 
10:45:10,845 [main] DEBUG org.activiti.engine.impl.persistence.entity.HistoricTaskInstanceEntity.selectHistoricTaskInstance  - ==&gt; Parameters: 765(String)
10:45:10,845 [main] DEBUG org.activiti.engine.impl.persistence.entity.HistoricTaskInstanceEntity.selectHistoricTaskInstance  - &lt;==      Total: 1
10:45:10,845 [main] DEBUG org.activiti.engine.impl.history.DefaultHistoryManager  - Current history level: FULL
10:45:10,845 [main] DEBUG org.activiti.engine.impl.history.DefaultHistoryManager  - Current history level: FULL
10:45:10,845 [main] DEBUG org.activiti.engine.impl.db.DbSqlSession  -   insert org.activiti.engine.impl.persistence.entity.CommentEntity@7f9b46ed
10:45:10,845 [main] DEBUG org.activiti.engine.impl.db.DbSqlSession  -   update Task[id=765, name=gonzoRootTask2]
10:45:10,845 [main] DEBUG org.activiti.engine.impl.db.DbSqlSession  -   update HistoricTaskInstanceEntity[id=765, name=gonzoRootTask2]
10:45:10,845 [main] DEBUG org.activiti.engine.impl.db.DbSqlSession  - flush summary: 1 insert, 2 update, 0 delete.
10:45:10,845 [main] DEBUG org.activiti.engine.impl.db.DbSqlSession  - now executing flush...
10:45:10,845 [main] DEBUG org.activiti.engine.impl.db.DbSqlSession  - inserting: org.activiti.engine.impl.persistence.entity.CommentEntity@7f9b46ed
10:45:10,846 [main] DEBUG org.activiti.engine.impl.persistence.entity.CommentEntity.insertComment  - ==&gt;  Preparing: insert into ACT_HI_COMMENT (ID_, TYPE_, TIME_, USER_ID_, TASK_ID_, PROC_INST_ID_, ACTION_, MESSAGE_, FULL_MSG_) values (?, ?, ?, ?, ?, ?, ?, ?, ?) 
10:45:10,846 [main] DEBUG org.activiti.engine.impl.persistence.entity.CommentEntity.insertComment  - ==&gt; Parameters: 766(String), event(String), 2008-02-05 02:02:02.0(Timestamp), null, 765(String), null, AddUserLink(String), gonzo_|_assignee(String), null
10:45:10,846 [main] DEBUG org.activiti.engine.impl.persistence.entity.CommentEntity.insertComment  - &lt;==    Updates: 1
10:45:10,846 [main] DEBUG org.activiti.engine.impl.db.DbSqlSession  - updating: Task[id=765, name=gonzoRootTask2]
10:45:10,846 [main] DEBUG org.activiti.engine.impl.persistence.entity.TaskEntity.updateTask  - ==&gt;  Preparing: update ACT_RU_TASK SET REV_ = ?, NAME_ = ?, PARENT_TASK_ID_ = ?, PRIORITY_ = ?, CREATE_TIME_ = ?, OWNER_ = ?, ASSIGNEE_ = ?, DELEGATION_ = ?, EXECUTION_ID_ = ?, PROC_DEF_ID_ = ?, DESCRIPTION_ = ?, DUE_DATE_ = ?, CATEGORY_ = ?, SUSPENSION_STATE_ = ?, FORM_KEY_ = ? where ID_= ? and REV_ = ? 
10:45:10,846 [main] DEBUG org.activiti.engine.impl.persistence.entity.TaskEntity.updateTask  - ==&gt; Parameters: 2(Integer), gonzoRootTask2(String), null, 50(Integer), 2008-02-05 02:02:02.0(Timestamp), null, gonzo(String), null, null, null, gonzo Root task2 description(String), null, null, 1(Integer), null, 765(String), 1(Integer)
10:45:10,846 [main] DEBUG org.activiti.engine.impl.persistence.entity.TaskEntity.updateTask  - &lt;==    Updates: 1
10:45:10,846 [main] DEBUG org.activiti.engine.impl.db.DbSqlSession  - updating: HistoricTaskInstanceEntity[id=765, name=gonzoRootTask2]
10:45:10,846 [main] DEBUG org.activiti.engine.impl.persistence.entity.HistoricTaskInstanceEntity.updateHistoricTaskInstance  - ==&gt;  Preparing: update ACT_HI_TASKINST set EXECUTION_ID_ = ?, NAME_ = ?, PARENT_TASK_ID_ = ?, DESCRIPTION_ = ?, OWNER_ = ?, ASSIGNEE_ = ?, CLAIM_TIME_ = ?, END_TIME_ = ?, DURATION_ = ?, DELETE_REASON_ = ?, TASK_DEF_KEY_ = ?, FORM_KEY_ = ?, PRIORITY_ = ?, DUE_DATE_ = ?, CATEGORY_ = ? where ID_ = ? 
10:45:10,846 [main] DEBUG org.activiti.engine.impl.persistence.entity.HistoricTaskInstanceEntity.updateHistoricTaskInstance  - ==&gt; Parameters: null, gonzoRootTask2(String), null, gonzo Root task2 description(String), null, gonzo(String), null, null, null, null, null, null, 50(Integer), null, null, 765(String)
10:45:10,846 [main] DEBUG org.activiti.engine.impl.persistence.entity.HistoricTaskInstanceEntity.updateHistoricTaskInstance  - &lt;==    Updates: 1
10:45:10,846 [main] DEBUG org.activiti.engine.impl.cfg.standalone.StandaloneMybatisTransactionContext  - firing event committing...
10:45:10,846 [main] DEBUG org.activiti.engine.impl.cfg.standalone.StandaloneMybatisTransactionContext  - committing the ibatis sql session...
10:45:10,846 [main] DEBUG org.apache.ibatis.transaction.jdbc.JdbcTransaction  - Committing JDBC Connection [conn3: url=jdbc:h2:mem:activiti user=SA]
10:45:10,846 [main] DEBUG org.activiti.engine.impl.cfg.standalone.StandaloneMybatisTransactionContext  - firing event committed...
10:45:10,846 [main] DEBUG org.apache.ibatis.transaction.jdbc.JdbcTransaction  - Resetting autocommit to true on JDBC Connection [conn3: url=jdbc:h2:mem:activiti user=SA]
10:45:10,846 [main] DEBUG org.apache.ibatis.transaction.jdbc.JdbcTransaction  - Closing JDBC Connection [conn3: url=jdbc:h2:mem:activiti user=SA]
10:45:10,846 [main] DEBUG org.apache.ibatis.datasource.pooled.PooledDataSource  - Returned connection 180014677 to pool.
10:45:10,846 [main] DEBUG org.activiti.engine.impl.interceptor.LogInterceptor  - --- AddIdentityLinkCmd finished --------------------------------------------------------
10:45:10,846 [main] DEBUG org.activiti.engine.impl.interceptor.LogInterceptor  - 

10:45:10,846 [main] DEBUG org.activiti.engine.impl.interceptor.LogInterceptor  - 

10:45:10,846 [main] DEBUG org.activiti.engine.impl.interceptor.LogInterceptor  - --- starting NewTaskCmd --------------------------------------------------------
10:45:10,846 [main] DEBUG org.activiti.engine.impl.cfg.standalone.StandaloneMybatisTransactionContext  - firing event committing...
10:45:10,846 [main] DEBUG org.activiti.engine.impl.cfg.standalone.StandaloneMybatisTransactionContext  - committing the ibatis sql session...
10:45:10,846 [main] DEBUG org.activiti.engine.impl.cfg.standalone.StandaloneMybatisTransactionContext  - firing event committed...
10:45:10,846 [main] DEBUG org.activiti.engine.impl.interceptor.LogInterceptor  - --- NewTaskCmd finished --------------------------------------------------------
10:45:10,846 [main] DEBUG org.activiti.engine.impl.interceptor.LogInterceptor  - 

10:45:10,846 [main] DEBUG org.activiti.engine.impl.interceptor.LogInterceptor  - 

10:45:10,846 [main] DEBUG org.activiti.engine.impl.interceptor.LogInterceptor  - --- starting SaveTaskCmd --------------------------------------------------------
10:45:10,846 [main] DEBUG org.activiti.engine.impl.history.DefaultHistoryManager  - Current history level: FULL, level required: AUDIT
10:45:10,846 [main] DEBUG org.activiti.engine.impl.db.DbSqlSession  -   insert Task[id=767, name=gonzoSubTask1_1]
10:45:10,846 [main] DEBUG org.activiti.engine.impl.db.DbSqlSession  -   insert HistoricTaskInstanceEntity[id=767, name=gonzoSubTask1_1]
10:45:10,846 [main] DEBUG org.activiti.engine.impl.db.DbSqlSession  - flush summary: 2 insert, 0 update, 0 delete.
10:45:10,846 [main] DEBUG org.activiti.engine.impl.db.DbSqlSession  - now executing flush...
10:45:10,846 [main] DEBUG org.activiti.engine.impl.db.DbSqlSession  - inserting: HistoricTaskInstanceEntity[id=767, name=gonzoSubTask1_1]
10:45:10,846 [main] DEBUG org.apache.ibatis.transaction.jdbc.JdbcTransaction  - Opening JDBC Connection
10:45:10,846 [main] DEBUG org.apache.ibatis.datasource.pooled.PooledDataSource  - Checked out connection 363509958 from pool.
10:45:10,846 [main] DEBUG org.apache.ibatis.transaction.jdbc.JdbcTransaction  - Setting autocommit to false on JDBC Connection [conn2: url=jdbc:h2:mem:activiti user=SA]
10:45:10,846 [main] DEBUG org.activiti.engine.impl.persistence.entity.HistoricTaskInstanceEntity.insertHistoricTaskInstance  - ==&gt;  Preparing: insert into ACT_HI_TASKINST ( ID_, PROC_DEF_ID_, PROC_INST_ID_, EXECUTION_ID_, NAME_, PARENT_TASK_ID_, DESCRIPTION_, OWNER_, ASSIGNEE_, START_TIME_, CLAIM_TIME_, END_TIME_, DURATION_, DELETE_REASON_, TASK_DEF_KEY_, FORM_KEY_, PRIORITY_, DUE_DATE_, CATEGORY_, TENANT_ID_ ) values ( ?, ?, ?, ?, ?, ?, ?, ?, ?, ?, ?, ?, ?, ?, ?, ?, ?, ?, ?, ? ) 
10:45:10,846 [main] DEBUG org.activiti.engine.impl.persistence.entity.HistoricTaskInstanceEntity.insertHistoricTaskInstance  - ==&gt; Parameters: 767(String), null, null, null, gonzoSubTask1_1(String), 763(String), description for gonzo sub-task1_1(String), null, null, 2009-01-01 01:01:01.0(Timestamp), null, null, null, null, null, null, 50(Integer), null, null, (String)
10:45:10,846 [main] DEBUG org.activiti.engine.impl.persistence.entity.HistoricTaskInstanceEntity.insertHistoricTaskInstance  - &lt;==    Updates: 1
10:45:10,846 [main] DEBUG org.activiti.engine.impl.db.DbSqlSession  - inserting: Task[id=767, name=gonzoSubTask1_1]
10:45:10,846 [main] DEBUG org.activiti.engine.impl.persistence.entity.TaskEntity.insertTask  - ==&gt;  Preparing: insert into ACT_RU_TASK (ID_, REV_, NAME_, PARENT_TASK_ID_, DESCRIPTION_, PRIORITY_, CREATE_TIME_, OWNER_, ASSIGNEE_, DELEGATION_, EXECUTION_ID_, PROC_INST_ID_, PROC_DEF_ID_, TASK_DEF_KEY_, DUE_DATE_, CATEGORY_, SUSPENSION_STATE_, TENANT_ID_, FORM_KEY_) values (?, 1, ?, ?, ?, ?, ?, ?, ?, ?, ?, ?, ?, ?, ?, ?, ?, ?, ? ) 
10:45:10,846 [main] DEBUG org.activiti.engine.impl.persistence.entity.TaskEntity.insertTask  - ==&gt; Parameters: 767(String), gonzoSubTask1_1(String), 763(String), description for gonzo sub-task1_1(String), 50(Integer), 2009-01-01 01:01:01.0(Timestamp), null, null, null, null, null, null, null, null, null, 1(Integer), (String), null
10:45:10,846 [main] DEBUG org.activiti.engine.impl.persistence.entity.TaskEntity.insertTask  - &lt;==    Updates: 1
10:45:10,846 [main] DEBUG org.activiti.engine.impl.cfg.standalone.StandaloneMybatisTransactionContext  - firing event committing...
10:45:10,846 [main] DEBUG org.activiti.engine.impl.cfg.standalone.StandaloneMybatisTransactionContext  - committing the ibatis sql session...
10:45:10,846 [main] DEBUG org.apache.ibatis.transaction.jdbc.JdbcTransaction  - Committing JDBC Connection [conn2: url=jdbc:h2:mem:activiti user=SA]
10:45:10,846 [main] DEBUG org.activiti.engine.impl.cfg.standalone.StandaloneMybatisTransactionContext  - firing event committed...
10:45:10,846 [main] DEBUG org.apache.ibatis.transaction.jdbc.JdbcTransaction  - Resetting autocommit to true on JDBC Connection [conn2: url=jdbc:h2:mem:activiti user=SA]
10:45:10,846 [main] DEBUG org.apache.ibatis.transaction.jdbc.JdbcTransaction  - Closing JDBC Connection [conn2: url=jdbc:h2:mem:activiti user=SA]
10:45:10,846 [main] DEBUG org.apache.ibatis.datasource.pooled.PooledDataSource  - Returned connection 363509958 to pool.
10:45:10,846 [main] DEBUG org.activiti.engine.impl.interceptor.LogInterceptor  - --- SaveTaskCmd finished --------------------------------------------------------
10:45:10,846 [main] DEBUG org.activiti.engine.impl.interceptor.LogInterceptor  - 

10:45:10,846 [main] DEBUG org.activiti.engine.impl.interceptor.LogInterceptor  - 

10:45:10,846 [main] DEBUG org.activiti.engine.impl.interceptor.LogInterceptor  - --- starting AddIdentityLinkCmd --------------------------------------------------------
10:45:10,846 [main] DEBUG org.apache.ibatis.transaction.jdbc.JdbcTransaction  - Opening JDBC Connection
10:45:10,846 [main] DEBUG org.apache.ibatis.datasource.pooled.PooledDataSource  - Checked out connection 297240765 from pool.
10:45:10,846 [main] DEBUG org.apache.ibatis.transaction.jdbc.JdbcTransaction  - Setting autocommit to false on JDBC Connection [conn4: url=jdbc:h2:mem:activiti user=SA]
10:45:10,846 [main] DEBUG org.activiti.engine.impl.persistence.entity.TaskEntity.selectTask  - ==&gt;  Preparing: select * from ACT_RU_TASK where ID_ = ? 
10:45:10,846 [main] DEBUG org.activiti.engine.impl.persistence.entity.TaskEntity.selectTask  - ==&gt; Parameters: 767(String)
10:45:10,846 [main] DEBUG org.activiti.engine.impl.persistence.entity.TaskEntity.selectTask  - &lt;==      Total: 1
10:45:10,846 [main] DEBUG org.activiti.engine.impl.history.DefaultHistoryManager  - Current history level: FULL, level required: AUDIT
10:45:10,846 [main] DEBUG org.activiti.engine.impl.persistence.entity.HistoricTaskInstanceEntity.selectHistoricTaskInstance  - ==&gt;  Preparing: select * from ACT_HI_TASKINST where ID_ = ? 
10:45:10,846 [main] DEBUG org.activiti.engine.impl.persistence.entity.HistoricTaskInstanceEntity.selectHistoricTaskInstance  - ==&gt; Parameters: 767(String)
10:45:10,847 [main] DEBUG org.activiti.engine.impl.persistence.entity.HistoricTaskInstanceEntity.selectHistoricTaskInstance  - &lt;==      Total: 1
10:45:10,847 [main] DEBUG org.activiti.engine.impl.history.DefaultHistoryManager  - Current history level: FULL
10:45:10,847 [main] DEBUG org.activiti.engine.impl.history.DefaultHistoryManager  - Current history level: FULL
10:45:10,847 [main] DEBUG org.activiti.engine.impl.db.DbSqlSession  -   insert org.activiti.engine.impl.persistence.entity.CommentEntity@6f18445b
10:45:10,847 [main] DEBUG org.activiti.engine.impl.db.DbSqlSession  -   update Task[id=767, name=gonzoSubTask1_1]
10:45:10,847 [main] DEBUG org.activiti.engine.impl.db.DbSqlSession  -   update HistoricTaskInstanceEntity[id=767, name=gonzoSubTask1_1]
10:45:10,847 [main] DEBUG org.activiti.engine.impl.db.DbSqlSession  - flush summary: 1 insert, 2 update, 0 delete.
10:45:10,847 [main] DEBUG org.activiti.engine.impl.db.DbSqlSession  - now executing flush...
10:45:10,847 [main] DEBUG org.activiti.engine.impl.db.DbSqlSession  - inserting: org.activiti.engine.impl.persistence.entity.CommentEntity@6f18445b
10:45:10,847 [main] DEBUG org.activiti.engine.impl.persistence.entity.CommentEntity.insertComment  - ==&gt;  Preparing: insert into ACT_HI_COMMENT (ID_, TYPE_, TIME_, USER_ID_, TASK_ID_, PROC_INST_ID_, ACTION_, MESSAGE_, FULL_MSG_) values (?, ?, ?, ?, ?, ?, ?, ?, ?) 
10:45:10,847 [main] DEBUG org.activiti.engine.impl.persistence.entity.CommentEntity.insertComment  - ==&gt; Parameters: 768(String), event(String), 2009-01-01 01:01:01.0(Timestamp), null, 767(String), null, AddUserLink(String), gonzo_|_assignee(String), null
10:45:10,847 [main] DEBUG org.activiti.engine.impl.persistence.entity.CommentEntity.insertComment  - &lt;==    Updates: 1
10:45:10,847 [main] DEBUG org.activiti.engine.impl.db.DbSqlSession  - updating: Task[id=767, name=gonzoSubTask1_1]
10:45:10,847 [main] DEBUG org.activiti.engine.impl.persistence.entity.TaskEntity.updateTask  - ==&gt;  Preparing: update ACT_RU_TASK SET REV_ = ?, NAME_ = ?, PARENT_TASK_ID_ = ?, PRIORITY_ = ?, CREATE_TIME_ = ?, OWNER_ = ?, ASSIGNEE_ = ?, DELEGATION_ = ?, EXECUTION_ID_ = ?, PROC_DEF_ID_ = ?, DESCRIPTION_ = ?, DUE_DATE_ = ?, CATEGORY_ = ?, SUSPENSION_STATE_ = ?, FORM_KEY_ = ? where ID_= ? and REV_ = ? 
10:45:10,847 [main] DEBUG org.activiti.engine.impl.persistence.entity.TaskEntity.updateTask  - ==&gt; Parameters: 2(Integer), gonzoSubTask1_1(String), 763(String), 50(Integer), 2009-01-01 01:01:01.0(Timestamp), null, gonzo(String), null, null, null, description for gonzo sub-task1_1(String), null, null, 1(Integer), null, 767(String), 1(Integer)
10:45:10,847 [main] DEBUG org.activiti.engine.impl.persistence.entity.TaskEntity.updateTask  - &lt;==    Updates: 1
10:45:10,847 [main] DEBUG org.activiti.engine.impl.db.DbSqlSession  - updating: HistoricTaskInstanceEntity[id=767, name=gonzoSubTask1_1]
10:45:10,847 [main] DEBUG org.activiti.engine.impl.persistence.entity.HistoricTaskInstanceEntity.updateHistoricTaskInstance  - ==&gt;  Preparing: update ACT_HI_TASKINST set EXECUTION_ID_ = ?, NAME_ = ?, PARENT_TASK_ID_ = ?, DESCRIPTION_ = ?, OWNER_ = ?, ASSIGNEE_ = ?, CLAIM_TIME_ = ?, END_TIME_ = ?, DURATION_ = ?, DELETE_REASON_ = ?, TASK_DEF_KEY_ = ?, FORM_KEY_ = ?, PRIORITY_ = ?, DUE_DATE_ = ?, CATEGORY_ = ? where ID_ = ? 
10:45:10,847 [main] DEBUG org.activiti.engine.impl.persistence.entity.HistoricTaskInstanceEntity.updateHistoricTaskInstance  - ==&gt; Parameters: null, gonzoSubTask1_1(String), 763(String), description for gonzo sub-task1_1(String), null, gonzo(String), null, null, null, null, null, null, 50(Integer), null, null, 767(String)
10:45:10,847 [main] DEBUG org.activiti.engine.impl.persistence.entity.HistoricTaskInstanceEntity.updateHistoricTaskInstance  - &lt;==    Updates: 1
10:45:10,847 [main] DEBUG org.activiti.engine.impl.cfg.standalone.StandaloneMybatisTransactionContext  - firing event committing...
10:45:10,847 [main] DEBUG org.activiti.engine.impl.cfg.standalone.StandaloneMybatisTransactionContext  - committing the ibatis sql session...
10:45:10,847 [main] DEBUG org.apache.ibatis.transaction.jdbc.JdbcTransaction  - Committing JDBC Connection [conn4: url=jdbc:h2:mem:activiti user=SA]
10:45:10,847 [main] DEBUG org.activiti.engine.impl.cfg.standalone.StandaloneMybatisTransactionContext  - firing event committed...
10:45:10,847 [main] DEBUG org.apache.ibatis.transaction.jdbc.JdbcTransaction  - Resetting autocommit to true on JDBC Connection [conn4: url=jdbc:h2:mem:activiti user=SA]
10:45:10,847 [main] DEBUG org.apache.ibatis.transaction.jdbc.JdbcTransaction  - Closing JDBC Connection [conn4: url=jdbc:h2:mem:activiti user=SA]
10:45:10,847 [main] DEBUG org.apache.ibatis.datasource.pooled.PooledDataSource  - Returned connection 297240765 to pool.
10:45:10,847 [main] DEBUG org.activiti.engine.impl.interceptor.LogInterceptor  - --- AddIdentityLinkCmd finished --------------------------------------------------------
10:45:10,847 [main] DEBUG org.activiti.engine.impl.interceptor.LogInterceptor  - 

10:45:10,847 [main] DEBUG org.activiti.engine.impl.interceptor.LogInterceptor  - 

10:45:10,847 [main] DEBUG org.activiti.engine.impl.interceptor.LogInterceptor  - --- starting NewTaskCmd --------------------------------------------------------
10:45:10,847 [main] DEBUG org.activiti.engine.impl.cfg.standalone.StandaloneMybatisTransactionContext  - firing event committing...
10:45:10,847 [main] DEBUG org.activiti.engine.impl.cfg.standalone.StandaloneMybatisTransactionContext  - committing the ibatis sql session...
10:45:10,847 [main] DEBUG org.activiti.engine.impl.cfg.standalone.StandaloneMybatisTransactionContext  - firing event committed...
10:45:10,847 [main] DEBUG org.activiti.engine.impl.interceptor.LogInterceptor  - --- NewTaskCmd finished --------------------------------------------------------
10:45:10,847 [main] DEBUG org.activiti.engine.impl.interceptor.LogInterceptor  - 

10:45:10,847 [main] DEBUG org.activiti.engine.impl.interceptor.LogInterceptor  - 

10:45:10,847 [main] DEBUG org.activiti.engine.impl.interceptor.LogInterceptor  - --- starting SaveTaskCmd --------------------------------------------------------
10:45:10,847 [main] DEBUG org.activiti.engine.impl.history.DefaultHistoryManager  - Current history level: FULL, level required: AUDIT
10:45:10,847 [main] DEBUG org.activiti.engine.impl.db.DbSqlSession  -   insert Task[id=769, name=gonzoSubTask1_2]
10:45:10,847 [main] DEBUG org.activiti.engine.impl.db.DbSqlSession  -   insert HistoricTaskInstanceEntity[id=769, name=gonzoSubTask1_2]
10:45:10,847 [main] DEBUG org.activiti.engine.impl.db.DbSqlSession  - flush summary: 2 insert, 0 update, 0 delete.
10:45:10,847 [main] DEBUG org.activiti.engine.impl.db.DbSqlSession  - now executing flush...
10:45:10,847 [main] DEBUG org.activiti.engine.impl.db.DbSqlSession  - inserting: HistoricTaskInstanceEntity[id=769, name=gonzoSubTask1_2]
10:45:10,847 [main] DEBUG org.apache.ibatis.transaction.jdbc.JdbcTransaction  - Opening JDBC Connection
10:45:10,847 [main] DEBUG org.apache.ibatis.datasource.pooled.PooledDataSource  - Checked out connection 486346394 from pool.
10:45:10,847 [main] DEBUG org.apache.ibatis.transaction.jdbc.JdbcTransaction  - Setting autocommit to false on JDBC Connection [conn6: url=jdbc:h2:mem:activiti user=SA]
10:45:10,847 [main] DEBUG org.activiti.engine.impl.persistence.entity.HistoricTaskInstanceEntity.insertHistoricTaskInstance  - ==&gt;  Preparing: insert into ACT_HI_TASKINST ( ID_, PROC_DEF_ID_, PROC_INST_ID_, EXECUTION_ID_, NAME_, PARENT_TASK_ID_, DESCRIPTION_, OWNER_, ASSIGNEE_, START_TIME_, CLAIM_TIME_, END_TIME_, DURATION_, DELETE_REASON_, TASK_DEF_KEY_, FORM_KEY_, PRIORITY_, DUE_DATE_, CATEGORY_, TENANT_ID_ ) values ( ?, ?, ?, ?, ?, ?, ?, ?, ?, ?, ?, ?, ?, ?, ?, ?, ?, ?, ?, ? ) 
10:45:10,847 [main] DEBUG org.activiti.engine.impl.persistence.entity.HistoricTaskInstanceEntity.insertHistoricTaskInstance  - ==&gt; Parameters: 769(String), null, null, null, gonzoSubTask1_2(String), 763(String), description for gonzo sub-task1_2(String), null, null, 2009-01-01 01:01:01.0(Timestamp), null, null, null, null, null, null, 50(Integer), null, null, (String)
10:45:10,847 [main] DEBUG org.activiti.engine.impl.persistence.entity.HistoricTaskInstanceEntity.insertHistoricTaskInstance  - &lt;==    Updates: 1
10:45:10,847 [main] DEBUG org.activiti.engine.impl.db.DbSqlSession  - inserting: Task[id=769, name=gonzoSubTask1_2]
10:45:10,847 [main] DEBUG org.activiti.engine.impl.persistence.entity.TaskEntity.insertTask  - ==&gt;  Preparing: insert into ACT_RU_TASK (ID_, REV_, NAME_, PARENT_TASK_ID_, DESCRIPTION_, PRIORITY_, CREATE_TIME_, OWNER_, ASSIGNEE_, DELEGATION_, EXECUTION_ID_, PROC_INST_ID_, PROC_DEF_ID_, TASK_DEF_KEY_, DUE_DATE_, CATEGORY_, SUSPENSION_STATE_, TENANT_ID_, FORM_KEY_) values (?, 1, ?, ?, ?, ?, ?, ?, ?, ?, ?, ?, ?, ?, ?, ?, ?, ?, ? ) 
10:45:10,847 [main] DEBUG org.activiti.engine.impl.persistence.entity.TaskEntity.insertTask  - ==&gt; Parameters: 769(String), gonzoSubTask1_2(String), 763(String), description for gonzo sub-task1_2(String), 50(Integer), 2009-01-01 01:01:01.0(Timestamp), null, null, null, null, null, null, null, null, null, 1(Integer), (String), null
10:45:10,847 [main] DEBUG org.activiti.engine.impl.persistence.entity.TaskEntity.insertTask  - &lt;==    Updates: 1
10:45:10,847 [main] DEBUG org.activiti.engine.impl.cfg.standalone.StandaloneMybatisTransactionContext  - firing event committing...
10:45:10,847 [main] DEBUG org.activiti.engine.impl.cfg.standalone.StandaloneMybatisTransactionContext  - committing the ibatis sql session...
10:45:10,847 [main] DEBUG org.apache.ibatis.transaction.jdbc.JdbcTransaction  - Committing JDBC Connection [conn6: url=jdbc:h2:mem:activiti user=SA]
10:45:10,847 [main] DEBUG org.activiti.engine.impl.cfg.standalone.StandaloneMybatisTransactionContext  - firing event committed...
10:45:10,847 [main] DEBUG org.apache.ibatis.transaction.jdbc.JdbcTransaction  - Resetting autocommit to true on JDBC Connection [conn6: url=jdbc:h2:mem:activiti user=SA]
10:45:10,847 [main] DEBUG org.apache.ibatis.transaction.jdbc.JdbcTransaction  - Closing JDBC Connection [conn6: url=jdbc:h2:mem:activiti user=SA]
10:45:10,847 [main] DEBUG org.apache.ibatis.datasource.pooled.PooledDataSource  - Returned connection 486346394 to pool.
10:45:10,847 [main] DEBUG org.activiti.engine.impl.interceptor.LogInterceptor  - --- SaveTaskCmd finished --------------------------------------------------------
10:45:10,847 [main] DEBUG org.activiti.engine.impl.interceptor.LogInterceptor  - 

10:45:10,847 [main] DEBUG org.activiti.engine.impl.interceptor.LogInterceptor  - 

10:45:10,847 [main] DEBUG org.activiti.engine.impl.interceptor.LogInterceptor  - --- starting AddIdentityLinkCmd --------------------------------------------------------
10:45:10,847 [main] DEBUG org.apache.ibatis.transaction.jdbc.JdbcTransaction  - Opening JDBC Connection
10:45:10,847 [main] DEBUG org.apache.ibatis.datasource.pooled.PooledDataSource  - Checked out connection 180014677 from pool.
10:45:10,847 [main] DEBUG org.apache.ibatis.transaction.jdbc.JdbcTransaction  - Setting autocommit to false on JDBC Connection [conn3: url=jdbc:h2:mem:activiti user=SA]
10:45:10,847 [main] DEBUG org.activiti.engine.impl.persistence.entity.TaskEntity.selectTask  - ==&gt;  Preparing: select * from ACT_RU_TASK where ID_ = ? 
10:45:10,847 [main] DEBUG org.activiti.engine.impl.persistence.entity.TaskEntity.selectTask  - ==&gt; Parameters: 769(String)
10:45:10,847 [main] DEBUG org.activiti.engine.impl.persistence.entity.TaskEntity.selectTask  - &lt;==      Total: 1
10:45:10,847 [main] DEBUG org.activiti.engine.impl.history.DefaultHistoryManager  - Current history level: FULL, level required: AUDIT
10:45:10,847 [main] DEBUG org.activiti.engine.impl.persistence.entity.HistoricTaskInstanceEntity.selectHistoricTaskInstance  - ==&gt;  Preparing: select * from ACT_HI_TASKINST where ID_ = ? 
10:45:10,847 [main] DEBUG org.activiti.engine.impl.persistence.entity.HistoricTaskInstanceEntity.selectHistoricTaskInstance  - ==&gt; Parameters: 769(String)
10:45:10,847 [main] DEBUG org.activiti.engine.impl.persistence.entity.HistoricTaskInstanceEntity.selectHistoricTaskInstance  - &lt;==      Total: 1
10:45:10,847 [main] DEBUG org.activiti.engine.impl.history.DefaultHistoryManager  - Current history level: FULL
10:45:10,847 [main] DEBUG org.activiti.engine.impl.history.DefaultHistoryManager  - Current history level: FULL
10:45:10,847 [main] DEBUG org.activiti.engine.impl.db.DbSqlSession  -   insert org.activiti.engine.impl.persistence.entity.CommentEntity@69bdcfbc
10:45:10,847 [main] DEBUG org.activiti.engine.impl.db.DbSqlSession  -   update Task[id=769, name=gonzoSubTask1_2]
10:45:10,847 [main] DEBUG org.activiti.engine.impl.db.DbSqlSession  -   update HistoricTaskInstanceEntity[id=769, name=gonzoSubTask1_2]
10:45:10,847 [main] DEBUG org.activiti.engine.impl.db.DbSqlSession  - flush summary: 1 insert, 2 update, 0 delete.
10:45:10,847 [main] DEBUG org.activiti.engine.impl.db.DbSqlSession  - now executing flush...
10:45:10,847 [main] DEBUG org.activiti.engine.impl.db.DbSqlSession  - inserting: org.activiti.engine.impl.persistence.entity.CommentEntity@69bdcfbc
10:45:10,847 [main] DEBUG org.activiti.engine.impl.persistence.entity.CommentEntity.insertComment  - ==&gt;  Preparing: insert into ACT_HI_COMMENT (ID_, TYPE_, TIME_, USER_ID_, TASK_ID_, PROC_INST_ID_, ACTION_, MESSAGE_, FULL_MSG_) values (?, ?, ?, ?, ?, ?, ?, ?, ?) 
10:45:10,848 [main] DEBUG org.activiti.engine.impl.persistence.entity.CommentEntity.insertComment  - ==&gt; Parameters: 770(String), event(String), 2009-01-01 01:01:01.0(Timestamp), null, 769(String), null, AddUserLink(String), gonzo_|_assignee(String), null
10:45:10,848 [main] DEBUG org.activiti.engine.impl.persistence.entity.CommentEntity.insertComment  - &lt;==    Updates: 1
10:45:10,848 [main] DEBUG org.activiti.engine.impl.db.DbSqlSession  - updating: Task[id=769, name=gonzoSubTask1_2]
10:45:10,848 [main] DEBUG org.activiti.engine.impl.persistence.entity.TaskEntity.updateTask  - ==&gt;  Preparing: update ACT_RU_TASK SET REV_ = ?, NAME_ = ?, PARENT_TASK_ID_ = ?, PRIORITY_ = ?, CREATE_TIME_ = ?, OWNER_ = ?, ASSIGNEE_ = ?, DELEGATION_ = ?, EXECUTION_ID_ = ?, PROC_DEF_ID_ = ?, DESCRIPTION_ = ?, DUE_DATE_ = ?, CATEGORY_ = ?, SUSPENSION_STATE_ = ?, FORM_KEY_ = ? where ID_= ? and REV_ = ? 
10:45:10,848 [main] DEBUG org.activiti.engine.impl.persistence.entity.TaskEntity.updateTask  - ==&gt; Parameters: 2(Integer), gonzoSubTask1_2(String), 763(String), 50(Integer), 2009-01-01 01:01:01.0(Timestamp), null, gonzo(String), null, null, null, description for gonzo sub-task1_2(String), null, null, 1(Integer), null, 769(String), 1(Integer)
10:45:10,848 [main] DEBUG org.activiti.engine.impl.persistence.entity.TaskEntity.updateTask  - &lt;==    Updates: 1
10:45:10,848 [main] DEBUG org.activiti.engine.impl.db.DbSqlSession  - updating: HistoricTaskInstanceEntity[id=769, name=gonzoSubTask1_2]
10:45:10,848 [main] DEBUG org.activiti.engine.impl.persistence.entity.HistoricTaskInstanceEntity.updateHistoricTaskInstance  - ==&gt;  Preparing: update ACT_HI_TASKINST set EXECUTION_ID_ = ?, NAME_ = ?, PARENT_TASK_ID_ = ?, DESCRIPTION_ = ?, OWNER_ = ?, ASSIGNEE_ = ?, CLAIM_TIME_ = ?, END_TIME_ = ?, DURATION_ = ?, DELETE_REASON_ = ?, TASK_DEF_KEY_ = ?, FORM_KEY_ = ?, PRIORITY_ = ?, DUE_DATE_ = ?, CATEGORY_ = ? where ID_ = ? 
10:45:10,848 [main] DEBUG org.activiti.engine.impl.persistence.entity.HistoricTaskInstanceEntity.updateHistoricTaskInstance  - ==&gt; Parameters: null, gonzoSubTask1_2(String), 763(String), description for gonzo sub-task1_2(String), null, gonzo(String), null, null, null, null, null, null, 50(Integer), null, null, 769(String)
10:45:10,848 [main] DEBUG org.activiti.engine.impl.persistence.entity.HistoricTaskInstanceEntity.updateHistoricTaskInstance  - &lt;==    Updates: 1
10:45:10,848 [main] DEBUG org.activiti.engine.impl.cfg.standalone.StandaloneMybatisTransactionContext  - firing event committing...
10:45:10,848 [main] DEBUG org.activiti.engine.impl.cfg.standalone.StandaloneMybatisTransactionContext  - committing the ibatis sql session...
10:45:10,848 [main] DEBUG org.apache.ibatis.transaction.jdbc.JdbcTransaction  - Committing JDBC Connection [conn3: url=jdbc:h2:mem:activiti user=SA]
10:45:10,848 [main] DEBUG org.activiti.engine.impl.cfg.standalone.StandaloneMybatisTransactionContext  - firing event committed...
10:45:10,848 [main] DEBUG org.apache.ibatis.transaction.jdbc.JdbcTransaction  - Resetting autocommit to true on JDBC Connection [conn3: url=jdbc:h2:mem:activiti user=SA]
10:45:10,848 [main] DEBUG org.apache.ibatis.transaction.jdbc.JdbcTransaction  - Closing JDBC Connection [conn3: url=jdbc:h2:mem:activiti user=SA]
10:45:10,848 [main] DEBUG org.apache.ibatis.datasource.pooled.PooledDataSource  - Returned connection 180014677 to pool.
10:45:10,848 [main] DEBUG org.activiti.engine.impl.interceptor.LogInterceptor  - --- AddIdentityLinkCmd finished --------------------------------------------------------
10:45:10,848 [main] DEBUG org.activiti.engine.impl.interceptor.LogInterceptor  - 

10:45:10,848 [main] DEBUG org.activiti.engine.impl.interceptor.LogInterceptor  - 

10:45:10,848 [main] DEBUG org.activiti.engine.impl.interceptor.LogInterceptor  - --- starting NewTaskCmd --------------------------------------------------------
10:45:10,848 [main] DEBUG org.activiti.engine.impl.cfg.standalone.StandaloneMybatisTransactionContext  - firing event committing...
10:45:10,848 [main] DEBUG org.activiti.engine.impl.cfg.standalone.StandaloneMybatisTransactionContext  - committing the ibatis sql session...
10:45:10,848 [main] DEBUG org.activiti.engine.impl.cfg.standalone.StandaloneMybatisTransactionContext  - firing event committed...
10:45:10,848 [main] DEBUG org.activiti.engine.impl.interceptor.LogInterceptor  - --- NewTaskCmd finished --------------------------------------------------------
10:45:10,848 [main] DEBUG org.activiti.engine.impl.interceptor.LogInterceptor  - 

10:45:10,848 [main] DEBUG org.activiti.engine.impl.interceptor.LogInterceptor  - 

10:45:10,848 [main] DEBUG org.activiti.engine.impl.interceptor.LogInterceptor  - --- starting SaveTaskCmd --------------------------------------------------------
10:45:10,848 [main] DEBUG org.activiti.engine.impl.history.DefaultHistoryManager  - Current history level: FULL, level required: AUDIT
10:45:10,848 [main] DEBUG org.activiti.engine.impl.db.DbSqlSession  -   insert Task[id=771, name=gonzoSubTask1_3]
10:45:10,848 [main] DEBUG org.activiti.engine.impl.db.DbSqlSession  -   insert HistoricTaskInstanceEntity[id=771, name=gonzoSubTask1_3]
10:45:10,848 [main] DEBUG org.activiti.engine.impl.db.DbSqlSession  - flush summary: 2 insert, 0 update, 0 delete.
10:45:10,848 [main] DEBUG org.activiti.engine.impl.db.DbSqlSession  - now executing flush...
10:45:10,848 [main] DEBUG org.activiti.engine.impl.db.DbSqlSession  - inserting: HistoricTaskInstanceEntity[id=771, name=gonzoSubTask1_3]
10:45:10,848 [main] DEBUG org.apache.ibatis.transaction.jdbc.JdbcTransaction  - Opening JDBC Connection
10:45:10,848 [main] DEBUG org.apache.ibatis.datasource.pooled.PooledDataSource  - Checked out connection 363509958 from pool.
10:45:10,848 [main] DEBUG org.apache.ibatis.transaction.jdbc.JdbcTransaction  - Setting autocommit to false on JDBC Connection [conn2: url=jdbc:h2:mem:activiti user=SA]
10:45:10,848 [main] DEBUG org.activiti.engine.impl.persistence.entity.HistoricTaskInstanceEntity.insertHistoricTaskInstance  - ==&gt;  Preparing: insert into ACT_HI_TASKINST ( ID_, PROC_DEF_ID_, PROC_INST_ID_, EXECUTION_ID_, NAME_, PARENT_TASK_ID_, DESCRIPTION_, OWNER_, ASSIGNEE_, START_TIME_, CLAIM_TIME_, END_TIME_, DURATION_, DELETE_REASON_, TASK_DEF_KEY_, FORM_KEY_, PRIORITY_, DUE_DATE_, CATEGORY_, TENANT_ID_ ) values ( ?, ?, ?, ?, ?, ?, ?, ?, ?, ?, ?, ?, ?, ?, ?, ?, ?, ?, ?, ? ) 
10:45:10,848 [main] DEBUG org.activiti.engine.impl.persistence.entity.HistoricTaskInstanceEntity.insertHistoricTaskInstance  - ==&gt; Parameters: 771(String), null, null, null, gonzoSubTask1_3(String), 763(String), description for gonzo sub-task1_3(String), null, null, 2009-01-01 01:01:01.0(Timestamp), null, null, null, null, null, null, 50(Integer), null, null, (String)
10:45:10,848 [main] DEBUG org.activiti.engine.impl.persistence.entity.HistoricTaskInstanceEntity.insertHistoricTaskInstance  - &lt;==    Updates: 1
10:45:10,848 [main] DEBUG org.activiti.engine.impl.db.DbSqlSession  - inserting: Task[id=771, name=gonzoSubTask1_3]
10:45:10,848 [main] DEBUG org.activiti.engine.impl.persistence.entity.TaskEntity.insertTask  - ==&gt;  Preparing: insert into ACT_RU_TASK (ID_, REV_, NAME_, PARENT_TASK_ID_, DESCRIPTION_, PRIORITY_, CREATE_TIME_, OWNER_, ASSIGNEE_, DELEGATION_, EXECUTION_ID_, PROC_INST_ID_, PROC_DEF_ID_, TASK_DEF_KEY_, DUE_DATE_, CATEGORY_, SUSPENSION_STATE_, TENANT_ID_, FORM_KEY_) values (?, 1, ?, ?, ?, ?, ?, ?, ?, ?, ?, ?, ?, ?, ?, ?, ?, ?, ? ) 
10:45:10,848 [main] DEBUG org.activiti.engine.impl.persistence.entity.TaskEntity.insertTask  - ==&gt; Parameters: 771(String), gonzoSubTask1_3(String), 763(String), description for gonzo sub-task1_3(String), 50(Integer), 2009-01-01 01:01:01.0(Timestamp), null, null, null, null, null, null, null, null, null, 1(Integer), (String), null
10:45:10,848 [main] DEBUG org.activiti.engine.impl.persistence.entity.TaskEntity.insertTask  - &lt;==    Updates: 1
10:45:10,848 [main] DEBUG org.activiti.engine.impl.cfg.standalone.StandaloneMybatisTransactionContext  - firing event committing...
10:45:10,848 [main] DEBUG org.activiti.engine.impl.cfg.standalone.StandaloneMybatisTransactionContext  - committing the ibatis sql session...
10:45:10,848 [main] DEBUG org.apache.ibatis.transaction.jdbc.JdbcTransaction  - Committing JDBC Connection [conn2: url=jdbc:h2:mem:activiti user=SA]
10:45:10,848 [main] DEBUG org.activiti.engine.impl.cfg.standalone.StandaloneMybatisTransactionContext  - firing event committed...
10:45:10,848 [main] DEBUG org.apache.ibatis.transaction.jdbc.JdbcTransaction  - Resetting autocommit to true on JDBC Connection [conn2: url=jdbc:h2:mem:activiti user=SA]
10:45:10,848 [main] DEBUG org.apache.ibatis.transaction.jdbc.JdbcTransaction  - Closing JDBC Connection [conn2: url=jdbc:h2:mem:activiti user=SA]
10:45:10,848 [main] DEBUG org.apache.ibatis.datasource.pooled.PooledDataSource  - Returned connection 363509958 to pool.
10:45:10,848 [main] DEBUG org.activiti.engine.impl.interceptor.LogInterceptor  - --- SaveTaskCmd finished --------------------------------------------------------
10:45:10,848 [main] DEBUG org.activiti.engine.impl.interceptor.LogInterceptor  - 

10:45:10,848 [main] DEBUG org.activiti.engine.impl.interceptor.LogInterceptor  - 

10:45:10,848 [main] DEBUG org.activiti.engine.impl.interceptor.LogInterceptor  - --- starting AddIdentityLinkCmd --------------------------------------------------------
10:45:10,848 [main] DEBUG org.apache.ibatis.transaction.jdbc.JdbcTransaction  - Opening JDBC Connection
10:45:10,848 [main] DEBUG org.apache.ibatis.datasource.pooled.PooledDataSource  - Checked out connection 297240765 from pool.
10:45:10,848 [main] DEBUG org.apache.ibatis.transaction.jdbc.JdbcTransaction  - Setting autocommit to false on JDBC Connection [conn4: url=jdbc:h2:mem:activiti user=SA]
10:45:10,848 [main] DEBUG org.activiti.engine.impl.persistence.entity.TaskEntity.selectTask  - ==&gt;  Preparing: select * from ACT_RU_TASK where ID_ = ? 
10:45:10,848 [main] DEBUG org.activiti.engine.impl.persistence.entity.TaskEntity.selectTask  - ==&gt; Parameters: 771(String)
10:45:10,848 [main] DEBUG org.activiti.engine.impl.persistence.entity.TaskEntity.selectTask  - &lt;==      Total: 1
10:45:10,848 [main] DEBUG org.activiti.engine.impl.history.DefaultHistoryManager  - Current history level: FULL, level required: AUDIT
10:45:10,848 [main] DEBUG org.activiti.engine.impl.persistence.entity.HistoricTaskInstanceEntity.selectHistoricTaskInstance  - ==&gt;  Preparing: select * from ACT_HI_TASKINST where ID_ = ? 
10:45:10,848 [main] DEBUG org.activiti.engine.impl.persistence.entity.HistoricTaskInstanceEntity.selectHistoricTaskInstance  - ==&gt; Parameters: 771(String)
10:45:10,848 [main] DEBUG org.activiti.engine.impl.persistence.entity.HistoricTaskInstanceEntity.selectHistoricTaskInstance  - &lt;==      Total: 1
10:45:10,848 [main] DEBUG org.activiti.engine.impl.history.DefaultHistoryManager  - Current history level: FULL
10:45:10,848 [main] DEBUG org.activiti.engine.impl.history.DefaultHistoryManager  - Current history level: FULL
10:45:10,848 [main] DEBUG org.activiti.engine.impl.db.DbSqlSession  -   insert org.activiti.engine.impl.persistence.entity.CommentEntity@4cb45048
10:45:10,848 [main] DEBUG org.activiti.engine.impl.db.DbSqlSession  -   update Task[id=771, name=gonzoSubTask1_3]
10:45:10,848 [main] DEBUG org.activiti.engine.impl.db.DbSqlSession  -   update HistoricTaskInstanceEntity[id=771, name=gonzoSubTask1_3]
10:45:10,848 [main] DEBUG org.activiti.engine.impl.db.DbSqlSession  - flush summary: 1 insert, 2 update, 0 delete.
10:45:10,848 [main] DEBUG org.activiti.engine.impl.db.DbSqlSession  - now executing flush...
10:45:10,848 [main] DEBUG org.activiti.engine.impl.db.DbSqlSession  - inserting: org.activiti.engine.impl.persistence.entity.CommentEntity@4cb45048
10:45:10,848 [main] DEBUG org.activiti.engine.impl.persistence.entity.CommentEntity.insertComment  - ==&gt;  Preparing: insert into ACT_HI_COMMENT (ID_, TYPE_, TIME_, USER_ID_, TASK_ID_, PROC_INST_ID_, ACTION_, MESSAGE_, FULL_MSG_) values (?, ?, ?, ?, ?, ?, ?, ?, ?) 
10:45:10,848 [main] DEBUG org.activiti.engine.impl.persistence.entity.CommentEntity.insertComment  - ==&gt; Parameters: 772(String), event(String), 2009-01-01 01:01:01.0(Timestamp), null, 771(String), null, AddUserLink(String), gonzo_|_assignee(String), null
10:45:10,848 [main] DEBUG org.activiti.engine.impl.persistence.entity.CommentEntity.insertComment  - &lt;==    Updates: 1
10:45:10,848 [main] DEBUG org.activiti.engine.impl.db.DbSqlSession  - updating: Task[id=771, name=gonzoSubTask1_3]
10:45:10,848 [main] DEBUG org.activiti.engine.impl.persistence.entity.TaskEntity.updateTask  - ==&gt;  Preparing: update ACT_RU_TASK SET REV_ = ?, NAME_ = ?, PARENT_TASK_ID_ = ?, PRIORITY_ = ?, CREATE_TIME_ = ?, OWNER_ = ?, ASSIGNEE_ = ?, DELEGATION_ = ?, EXECUTION_ID_ = ?, PROC_DEF_ID_ = ?, DESCRIPTION_ = ?, DUE_DATE_ = ?, CATEGORY_ = ?, SUSPENSION_STATE_ = ?, FORM_KEY_ = ? where ID_= ? and REV_ = ? 
10:45:10,848 [main] DEBUG org.activiti.engine.impl.persistence.entity.TaskEntity.updateTask  - ==&gt; Parameters: 2(Integer), gonzoSubTask1_3(String), 763(String), 50(Integer), 2009-01-01 01:01:01.0(Timestamp), null, gonzo(String), null, null, null, description for gonzo sub-task1_3(String), null, null, 1(Integer), null, 771(String), 1(Integer)
10:45:10,848 [main] DEBUG org.activiti.engine.impl.persistence.entity.TaskEntity.updateTask  - &lt;==    Updates: 1
10:45:10,848 [main] DEBUG org.activiti.engine.impl.db.DbSqlSession  - updating: HistoricTaskInstanceEntity[id=771, name=gonzoSubTask1_3]
10:45:10,848 [main] DEBUG org.activiti.engine.impl.persistence.entity.HistoricTaskInstanceEntity.updateHistoricTaskInstance  - ==&gt;  Preparing: update ACT_HI_TASKINST set EXECUTION_ID_ = ?, NAME_ = ?, PARENT_TASK_ID_ = ?, DESCRIPTION_ = ?, OWNER_ = ?, ASSIGNEE_ = ?, CLAIM_TIME_ = ?, END_TIME_ = ?, DURATION_ = ?, DELETE_REASON_ = ?, TASK_DEF_KEY_ = ?, FORM_KEY_ = ?, PRIORITY_ = ?, DUE_DATE_ = ?, CATEGORY_ = ? where ID_ = ? 
10:45:10,848 [main] DEBUG org.activiti.engine.impl.persistence.entity.HistoricTaskInstanceEntity.updateHistoricTaskInstance  - ==&gt; Parameters: null, gonzoSubTask1_3(String), 763(String), description for gonzo sub-task1_3(String), null, gonzo(String), null, null, null, null, null, null, 50(Integer), null, null, 771(String)
10:45:10,848 [main] DEBUG org.activiti.engine.impl.persistence.entity.HistoricTaskInstanceEntity.updateHistoricTaskInstance  - &lt;==    Updates: 1
10:45:10,848 [main] DEBUG org.activiti.engine.impl.cfg.standalone.StandaloneMybatisTransactionContext  - firing event committing...
10:45:10,848 [main] DEBUG org.activiti.engine.impl.cfg.standalone.StandaloneMybatisTransactionContext  - committing the ibatis sql session...
10:45:10,848 [main] DEBUG org.apache.ibatis.transaction.jdbc.JdbcTransaction  - Committing JDBC Connection [conn4: url=jdbc:h2:mem:activiti user=SA]
10:45:10,848 [main] DEBUG org.activiti.engine.impl.cfg.standalone.StandaloneMybatisTransactionContext  - firing event committed...
10:45:10,848 [main] DEBUG org.apache.ibatis.transaction.jdbc.JdbcTransaction  - Resetting autocommit to true on JDBC Connection [conn4: url=jdbc:h2:mem:activiti user=SA]
10:45:10,848 [main] DEBUG org.apache.ibatis.transaction.jdbc.JdbcTransaction  - Closing JDBC Connection [conn4: url=jdbc:h2:mem:activiti user=SA]
10:45:10,848 [main] DEBUG org.apache.ibatis.datasource.pooled.PooledDataSource  - Returned connection 297240765 to pool.
10:45:10,848 [main] DEBUG org.activiti.engine.impl.interceptor.LogInterceptor  - --- AddIdentityLinkCmd finished --------------------------------------------------------
10:45:10,848 [main] DEBUG org.activiti.engine.impl.interceptor.LogInterceptor  - 

10:45:10,848 [main] DEBUG org.activiti.engine.impl.interceptor.LogInterceptor  - 

10:45:10,848 [main] DEBUG org.activiti.engine.impl.interceptor.LogInterceptor  - --- starting NewTaskCmd --------------------------------------------------------
10:45:10,848 [main] DEBUG org.activiti.engine.impl.cfg.standalone.StandaloneMybatisTransactionContext  - firing event committing...
10:45:10,848 [main] DEBUG org.activiti.engine.impl.cfg.standalone.StandaloneMybatisTransactionContext  - committing the ibatis sql session...
10:45:10,848 [main] DEBUG org.activiti.engine.impl.cfg.standalone.StandaloneMybatisTransactionContext  - firing event committed...
10:45:10,848 [main] DEBUG org.activiti.engine.impl.interceptor.LogInterceptor  - --- NewTaskCmd finished --------------------------------------------------------
10:45:10,848 [main] DEBUG org.activiti.engine.impl.interceptor.LogInterceptor  - 

10:45:10,848 [main] DEBUG org.activiti.engine.impl.interceptor.LogInterceptor  - 

10:45:10,848 [main] DEBUG org.activiti.engine.impl.interceptor.LogInterceptor  - --- starting SaveTaskCmd --------------------------------------------------------
10:45:10,848 [main] DEBUG org.activiti.engine.impl.history.DefaultHistoryManager  - Current history level: FULL, level required: AUDIT
10:45:10,848 [main] DEBUG org.activiti.engine.impl.db.DbSqlSession  -   insert Task[id=773, name=gonzoSubTask2_1]
10:45:10,848 [main] DEBUG org.activiti.engine.impl.db.DbSqlSession  -   insert HistoricTaskInstanceEntity[id=773, name=gonzoSubTask2_1]
10:45:10,848 [main] DEBUG org.activiti.engine.impl.db.DbSqlSession  - flush summary: 2 insert, 0 update, 0 delete.
10:45:10,848 [main] DEBUG org.activiti.engine.impl.db.DbSqlSession  - now executing flush...
10:45:10,848 [main] DEBUG org.activiti.engine.impl.db.DbSqlSession  - inserting: HistoricTaskInstanceEntity[id=773, name=gonzoSubTask2_1]
10:45:10,848 [main] DEBUG org.apache.ibatis.transaction.jdbc.JdbcTransaction  - Opening JDBC Connection
10:45:10,848 [main] DEBUG org.apache.ibatis.datasource.pooled.PooledDataSource  - Checked out connection 486346394 from pool.
10:45:10,848 [main] DEBUG org.apache.ibatis.transaction.jdbc.JdbcTransaction  - Setting autocommit to false on JDBC Connection [conn6: url=jdbc:h2:mem:activiti user=SA]
10:45:10,848 [main] DEBUG org.activiti.engine.impl.persistence.entity.HistoricTaskInstanceEntity.insertHistoricTaskInstance  - ==&gt;  Preparing: insert into ACT_HI_TASKINST ( ID_, PROC_DEF_ID_, PROC_INST_ID_, EXECUTION_ID_, NAME_, PARENT_TASK_ID_, DESCRIPTION_, OWNER_, ASSIGNEE_, START_TIME_, CLAIM_TIME_, END_TIME_, DURATION_, DELETE_REASON_, TASK_DEF_KEY_, FORM_KEY_, PRIORITY_, DUE_DATE_, CATEGORY_, TENANT_ID_ ) values ( ?, ?, ?, ?, ?, ?, ?, ?, ?, ?, ?, ?, ?, ?, ?, ?, ?, ?, ?, ? ) 
10:45:10,848 [main] DEBUG org.activiti.engine.impl.persistence.entity.HistoricTaskInstanceEntity.insertHistoricTaskInstance  - ==&gt; Parameters: 773(String), null, null, null, gonzoSubTask2_1(String), 765(String), description for gonzo sub-task2_1(String), null, null, 2009-01-02 01:01:01.0(Timestamp), null, null, null, null, null, null, 50(Integer), null, null, (String)
10:45:10,848 [main] DEBUG org.activiti.engine.impl.persistence.entity.HistoricTaskInstanceEntity.insertHistoricTaskInstance  - &lt;==    Updates: 1
10:45:10,848 [main] DEBUG org.activiti.engine.impl.db.DbSqlSession  - inserting: Task[id=773, name=gonzoSubTask2_1]
10:45:10,848 [main] DEBUG org.activiti.engine.impl.persistence.entity.TaskEntity.insertTask  - ==&gt;  Preparing: insert into ACT_RU_TASK (ID_, REV_, NAME_, PARENT_TASK_ID_, DESCRIPTION_, PRIORITY_, CREATE_TIME_, OWNER_, ASSIGNEE_, DELEGATION_, EXECUTION_ID_, PROC_INST_ID_, PROC_DEF_ID_, TASK_DEF_KEY_, DUE_DATE_, CATEGORY_, SUSPENSION_STATE_, TENANT_ID_, FORM_KEY_) values (?, 1, ?, ?, ?, ?, ?, ?, ?, ?, ?, ?, ?, ?, ?, ?, ?, ?, ? ) 
10:45:10,848 [main] DEBUG org.activiti.engine.impl.persistence.entity.TaskEntity.insertTask  - ==&gt; Parameters: 773(String), gonzoSubTask2_1(String), 765(String), description for gonzo sub-task2_1(String), 50(Integer), 2009-01-02 01:01:01.0(Timestamp), null, null, null, null, null, null, null, null, null, 1(Integer), (String), null
10:45:10,848 [main] DEBUG org.activiti.engine.impl.persistence.entity.TaskEntity.insertTask  - &lt;==    Updates: 1
10:45:10,848 [main] DEBUG org.activiti.engine.impl.cfg.standalone.StandaloneMybatisTransactionContext  - firing event committing...
10:45:10,848 [main] DEBUG org.activiti.engine.impl.cfg.standalone.StandaloneMybatisTransactionContext  - committing the ibatis sql session...
10:45:10,848 [main] DEBUG org.apache.ibatis.transaction.jdbc.JdbcTransaction  - Committing JDBC Connection [conn6: url=jdbc:h2:mem:activiti user=SA]
10:45:10,848 [main] DEBUG org.activiti.engine.impl.cfg.standalone.StandaloneMybatisTransactionContext  - firing event committed...
10:45:10,848 [main] DEBUG org.apache.ibatis.transaction.jdbc.JdbcTransaction  - Resetting autocommit to true on JDBC Connection [conn6: url=jdbc:h2:mem:activiti user=SA]
10:45:10,848 [main] DEBUG org.apache.ibatis.transaction.jdbc.JdbcTransaction  - Closing JDBC Connection [conn6: url=jdbc:h2:mem:activiti user=SA]
10:45:10,848 [main] DEBUG org.apache.ibatis.datasource.pooled.PooledDataSource  - Returned connection 486346394 to pool.
10:45:10,848 [main] DEBUG org.activiti.engine.impl.interceptor.LogInterceptor  - --- SaveTaskCmd finished --------------------------------------------------------
10:45:10,848 [main] DEBUG org.activiti.engine.impl.interceptor.LogInterceptor  - 

10:45:10,848 [main] DEBUG org.activiti.engine.impl.interceptor.LogInterceptor  - 

10:45:10,848 [main] DEBUG org.activiti.engine.impl.interceptor.LogInterceptor  - --- starting AddIdentityLinkCmd --------------------------------------------------------
10:45:10,848 [main] DEBUG org.apache.ibatis.transaction.jdbc.JdbcTransaction  - Opening JDBC Connection
10:45:10,848 [main] DEBUG org.apache.ibatis.datasource.pooled.PooledDataSource  - Checked out connection 180014677 from pool.
10:45:10,849 [main] DEBUG org.apache.ibatis.transaction.jdbc.JdbcTransaction  - Setting autocommit to false on JDBC Connection [conn3: url=jdbc:h2:mem:activiti user=SA]
10:45:10,849 [main] DEBUG org.activiti.engine.impl.persistence.entity.TaskEntity.selectTask  - ==&gt;  Preparing: select * from ACT_RU_TASK where ID_ = ? 
10:45:10,849 [main] DEBUG org.activiti.engine.impl.persistence.entity.TaskEntity.selectTask  - ==&gt; Parameters: 773(String)
10:45:10,849 [main] DEBUG org.activiti.engine.impl.persistence.entity.TaskEntity.selectTask  - &lt;==      Total: 1
10:45:10,849 [main] DEBUG org.activiti.engine.impl.history.DefaultHistoryManager  - Current history level: FULL, level required: AUDIT
10:45:10,849 [main] DEBUG org.activiti.engine.impl.persistence.entity.HistoricTaskInstanceEntity.selectHistoricTaskInstance  - ==&gt;  Preparing: select * from ACT_HI_TASKINST where ID_ = ? 
10:45:10,849 [main] DEBUG org.activiti.engine.impl.persistence.entity.HistoricTaskInstanceEntity.selectHistoricTaskInstance  - ==&gt; Parameters: 773(String)
10:45:10,849 [main] DEBUG org.activiti.engine.impl.persistence.entity.HistoricTaskInstanceEntity.selectHistoricTaskInstance  - &lt;==      Total: 1
10:45:10,849 [main] DEBUG org.activiti.engine.impl.history.DefaultHistoryManager  - Current history level: FULL
10:45:10,849 [main] DEBUG org.activiti.engine.impl.history.DefaultHistoryManager  - Current history level: FULL
10:45:10,849 [main] DEBUG org.activiti.engine.impl.db.DbSqlSession  -   insert org.activiti.engine.impl.persistence.entity.CommentEntity@70e560ef
10:45:10,849 [main] DEBUG org.activiti.engine.impl.db.DbSqlSession  -   update Task[id=773, name=gonzoSubTask2_1]
10:45:10,849 [main] DEBUG org.activiti.engine.impl.db.DbSqlSession  -   update HistoricTaskInstanceEntity[id=773, name=gonzoSubTask2_1]
10:45:10,849 [main] DEBUG org.activiti.engine.impl.db.DbSqlSession  - flush summary: 1 insert, 2 update, 0 delete.
10:45:10,849 [main] DEBUG org.activiti.engine.impl.db.DbSqlSession  - now executing flush...
10:45:10,849 [main] DEBUG org.activiti.engine.impl.db.DbSqlSession  - inserting: org.activiti.engine.impl.persistence.entity.CommentEntity@70e560ef
10:45:10,849 [main] DEBUG org.activiti.engine.impl.persistence.entity.CommentEntity.insertComment  - ==&gt;  Preparing: insert into ACT_HI_COMMENT (ID_, TYPE_, TIME_, USER_ID_, TASK_ID_, PROC_INST_ID_, ACTION_, MESSAGE_, FULL_MSG_) values (?, ?, ?, ?, ?, ?, ?, ?, ?) 
10:45:10,849 [main] DEBUG org.activiti.engine.impl.persistence.entity.CommentEntity.insertComment  - ==&gt; Parameters: 774(String), event(String), 2009-01-02 01:01:01.0(Timestamp), null, 773(String), null, AddUserLink(String), gonzo_|_assignee(String), null
10:45:10,849 [main] DEBUG org.activiti.engine.impl.persistence.entity.CommentEntity.insertComment  - &lt;==    Updates: 1
10:45:10,849 [main] DEBUG org.activiti.engine.impl.db.DbSqlSession  - updating: Task[id=773, name=gonzoSubTask2_1]
10:45:10,849 [main] DEBUG org.activiti.engine.impl.persistence.entity.TaskEntity.updateTask  - ==&gt;  Preparing: update ACT_RU_TASK SET REV_ = ?, NAME_ = ?, PARENT_TASK_ID_ = ?, PRIORITY_ = ?, CREATE_TIME_ = ?, OWNER_ = ?, ASSIGNEE_ = ?, DELEGATION_ = ?, EXECUTION_ID_ = ?, PROC_DEF_ID_ = ?, DESCRIPTION_ = ?, DUE_DATE_ = ?, CATEGORY_ = ?, SUSPENSION_STATE_ = ?, FORM_KEY_ = ? where ID_= ? and REV_ = ? 
10:45:10,849 [main] DEBUG org.activiti.engine.impl.persistence.entity.TaskEntity.updateTask  - ==&gt; Parameters: 2(Integer), gonzoSubTask2_1(String), 765(String), 50(Integer), 2009-01-02 01:01:01.0(Timestamp), null, gonzo(String), null, null, null, description for gonzo sub-task2_1(String), null, null, 1(Integer), null, 773(String), 1(Integer)
10:45:10,849 [main] DEBUG org.activiti.engine.impl.persistence.entity.TaskEntity.updateTask  - &lt;==    Updates: 1
10:45:10,849 [main] DEBUG org.activiti.engine.impl.db.DbSqlSession  - updating: HistoricTaskInstanceEntity[id=773, name=gonzoSubTask2_1]
10:45:10,849 [main] DEBUG org.activiti.engine.impl.persistence.entity.HistoricTaskInstanceEntity.updateHistoricTaskInstance  - ==&gt;  Preparing: update ACT_HI_TASKINST set EXECUTION_ID_ = ?, NAME_ = ?, PARENT_TASK_ID_ = ?, DESCRIPTION_ = ?, OWNER_ = ?, ASSIGNEE_ = ?, CLAIM_TIME_ = ?, END_TIME_ = ?, DURATION_ = ?, DELETE_REASON_ = ?, TASK_DEF_KEY_ = ?, FORM_KEY_ = ?, PRIORITY_ = ?, DUE_DATE_ = ?, CATEGORY_ = ? where ID_ = ? 
10:45:10,849 [main] DEBUG org.activiti.engine.impl.persistence.entity.HistoricTaskInstanceEntity.updateHistoricTaskInstance  - ==&gt; Parameters: null, gonzoSubTask2_1(String), 765(String), description for gonzo sub-task2_1(String), null, gonzo(String), null, null, null, null, null, null, 50(Integer), null, null, 773(String)
10:45:10,849 [main] DEBUG org.activiti.engine.impl.persistence.entity.HistoricTaskInstanceEntity.updateHistoricTaskInstance  - &lt;==    Updates: 1
10:45:10,849 [main] DEBUG org.activiti.engine.impl.cfg.standalone.StandaloneMybatisTransactionContext  - firing event committing...
10:45:10,849 [main] DEBUG org.activiti.engine.impl.cfg.standalone.StandaloneMybatisTransactionContext  - committing the ibatis sql session...
10:45:10,849 [main] DEBUG org.apache.ibatis.transaction.jdbc.JdbcTransaction  - Committing JDBC Connection [conn3: url=jdbc:h2:mem:activiti user=SA]
10:45:10,849 [main] DEBUG org.activiti.engine.impl.cfg.standalone.StandaloneMybatisTransactionContext  - firing event committed...
10:45:10,849 [main] DEBUG org.apache.ibatis.transaction.jdbc.JdbcTransaction  - Resetting autocommit to true on JDBC Connection [conn3: url=jdbc:h2:mem:activiti user=SA]
10:45:10,849 [main] DEBUG org.apache.ibatis.transaction.jdbc.JdbcTransaction  - Closing JDBC Connection [conn3: url=jdbc:h2:mem:activiti user=SA]
10:45:10,849 [main] DEBUG org.apache.ibatis.datasource.pooled.PooledDataSource  - Returned connection 180014677 to pool.
10:45:10,849 [main] DEBUG org.activiti.engine.impl.interceptor.LogInterceptor  - --- AddIdentityLinkCmd finished --------------------------------------------------------
10:45:10,849 [main] DEBUG org.activiti.engine.impl.interceptor.LogInterceptor  - 

10:45:10,849 [main] DEBUG org.activiti.engine.impl.interceptor.LogInterceptor  - 

10:45:10,849 [main] DEBUG org.activiti.engine.impl.interceptor.LogInterceptor  - --- starting NewTaskCmd --------------------------------------------------------
10:45:10,849 [main] DEBUG org.activiti.engine.impl.cfg.standalone.StandaloneMybatisTransactionContext  - firing event committing...
10:45:10,849 [main] DEBUG org.activiti.engine.impl.cfg.standalone.StandaloneMybatisTransactionContext  - committing the ibatis sql session...
10:45:10,849 [main] DEBUG org.activiti.engine.impl.cfg.standalone.StandaloneMybatisTransactionContext  - firing event committed...
10:45:10,849 [main] DEBUG org.activiti.engine.impl.interceptor.LogInterceptor  - --- NewTaskCmd finished --------------------------------------------------------
10:45:10,849 [main] DEBUG org.activiti.engine.impl.interceptor.LogInterceptor  - 

10:45:10,849 [main] DEBUG org.activiti.engine.impl.interceptor.LogInterceptor  - 

10:45:10,849 [main] DEBUG org.activiti.engine.impl.interceptor.LogInterceptor  - --- starting SaveTaskCmd --------------------------------------------------------
10:45:10,849 [main] DEBUG org.activiti.engine.impl.history.DefaultHistoryManager  - Current history level: FULL, level required: AUDIT
10:45:10,849 [main] DEBUG org.activiti.engine.impl.db.DbSqlSession  -   insert Task[id=775, name=gonzoSubTask2_2]
10:45:10,849 [main] DEBUG org.activiti.engine.impl.db.DbSqlSession  -   insert HistoricTaskInstanceEntity[id=775, name=gonzoSubTask2_2]
10:45:10,849 [main] DEBUG org.activiti.engine.impl.db.DbSqlSession  - flush summary: 2 insert, 0 update, 0 delete.
10:45:10,849 [main] DEBUG org.activiti.engine.impl.db.DbSqlSession  - now executing flush...
10:45:10,849 [main] DEBUG org.activiti.engine.impl.db.DbSqlSession  - inserting: HistoricTaskInstanceEntity[id=775, name=gonzoSubTask2_2]
10:45:10,849 [main] DEBUG org.apache.ibatis.transaction.jdbc.JdbcTransaction  - Opening JDBC Connection
10:45:10,849 [main] DEBUG org.apache.ibatis.datasource.pooled.PooledDataSource  - Checked out connection 363509958 from pool.
10:45:10,849 [main] DEBUG org.apache.ibatis.transaction.jdbc.JdbcTransaction  - Setting autocommit to false on JDBC Connection [conn2: url=jdbc:h2:mem:activiti user=SA]
10:45:10,849 [main] DEBUG org.activiti.engine.impl.persistence.entity.HistoricTaskInstanceEntity.insertHistoricTaskInstance  - ==&gt;  Preparing: insert into ACT_HI_TASKINST ( ID_, PROC_DEF_ID_, PROC_INST_ID_, EXECUTION_ID_, NAME_, PARENT_TASK_ID_, DESCRIPTION_, OWNER_, ASSIGNEE_, START_TIME_, CLAIM_TIME_, END_TIME_, DURATION_, DELETE_REASON_, TASK_DEF_KEY_, FORM_KEY_, PRIORITY_, DUE_DATE_, CATEGORY_, TENANT_ID_ ) values ( ?, ?, ?, ?, ?, ?, ?, ?, ?, ?, ?, ?, ?, ?, ?, ?, ?, ?, ?, ? ) 
10:45:10,849 [main] DEBUG org.activiti.engine.impl.persistence.entity.HistoricTaskInstanceEntity.insertHistoricTaskInstance  - ==&gt; Parameters: 775(String), null, null, null, gonzoSubTask2_2(String), 765(String), description for gonzo sub-task2_2(String), null, null, 2009-01-02 01:01:01.0(Timestamp), null, null, null, null, null, null, 50(Integer), null, null, (String)
10:45:10,849 [main] DEBUG org.activiti.engine.impl.persistence.entity.HistoricTaskInstanceEntity.insertHistoricTaskInstance  - &lt;==    Updates: 1
10:45:10,849 [main] DEBUG org.activiti.engine.impl.db.DbSqlSession  - inserting: Task[id=775, name=gonzoSubTask2_2]
10:45:10,849 [main] DEBUG org.activiti.engine.impl.persistence.entity.TaskEntity.insertTask  - ==&gt;  Preparing: insert into ACT_RU_TASK (ID_, REV_, NAME_, PARENT_TASK_ID_, DESCRIPTION_, PRIORITY_, CREATE_TIME_, OWNER_, ASSIGNEE_, DELEGATION_, EXECUTION_ID_, PROC_INST_ID_, PROC_DEF_ID_, TASK_DEF_KEY_, DUE_DATE_, CATEGORY_, SUSPENSION_STATE_, TENANT_ID_, FORM_KEY_) values (?, 1, ?, ?, ?, ?, ?, ?, ?, ?, ?, ?, ?, ?, ?, ?, ?, ?, ? ) 
10:45:10,849 [main] DEBUG org.activiti.engine.impl.persistence.entity.TaskEntity.insertTask  - ==&gt; Parameters: 775(String), gonzoSubTask2_2(String), 765(String), description for gonzo sub-task2_2(String), 50(Integer), 2009-01-02 01:01:01.0(Timestamp), null, null, null, null, null, null, null, null, null, 1(Integer), (String), null
10:45:10,849 [main] DEBUG org.activiti.engine.impl.persistence.entity.TaskEntity.insertTask  - &lt;==    Updates: 1
10:45:10,849 [main] DEBUG org.activiti.engine.impl.cfg.standalone.StandaloneMybatisTransactionContext  - firing event committing...
10:45:10,849 [main] DEBUG org.activiti.engine.impl.cfg.standalone.StandaloneMybatisTransactionContext  - committing the ibatis sql session...
10:45:10,849 [main] DEBUG org.apache.ibatis.transaction.jdbc.JdbcTransaction  - Committing JDBC Connection [conn2: url=jdbc:h2:mem:activiti user=SA]
10:45:10,849 [main] DEBUG org.activiti.engine.impl.cfg.standalone.StandaloneMybatisTransactionContext  - firing event committed...
10:45:10,849 [main] DEBUG org.apache.ibatis.transaction.jdbc.JdbcTransaction  - Resetting autocommit to true on JDBC Connection [conn2: url=jdbc:h2:mem:activiti user=SA]
10:45:10,849 [main] DEBUG org.apache.ibatis.transaction.jdbc.JdbcTransaction  - Closing JDBC Connection [conn2: url=jdbc:h2:mem:activiti user=SA]
10:45:10,849 [main] DEBUG org.apache.ibatis.datasource.pooled.PooledDataSource  - Returned connection 363509958 to pool.
10:45:10,849 [main] DEBUG org.activiti.engine.impl.interceptor.LogInterceptor  - --- SaveTaskCmd finished --------------------------------------------------------
10:45:10,849 [main] DEBUG org.activiti.engine.impl.interceptor.LogInterceptor  - 

10:45:10,849 [main] DEBUG org.activiti.engine.impl.interceptor.LogInterceptor  - 

10:45:10,849 [main] DEBUG org.activiti.engine.impl.interceptor.LogInterceptor  - --- starting AddIdentityLinkCmd --------------------------------------------------------
10:45:10,849 [main] DEBUG org.apache.ibatis.transaction.jdbc.JdbcTransaction  - Opening JDBC Connection
10:45:10,849 [main] DEBUG org.apache.ibatis.datasource.pooled.PooledDataSource  - Checked out connection 297240765 from pool.
10:45:10,849 [main] DEBUG org.apache.ibatis.transaction.jdbc.JdbcTransaction  - Setting autocommit to false on JDBC Connection [conn4: url=jdbc:h2:mem:activiti user=SA]
10:45:10,849 [main] DEBUG org.activiti.engine.impl.persistence.entity.TaskEntity.selectTask  - ==&gt;  Preparing: select * from ACT_RU_TASK where ID_ = ? 
10:45:10,849 [main] DEBUG org.activiti.engine.impl.persistence.entity.TaskEntity.selectTask  - ==&gt; Parameters: 775(String)
10:45:10,849 [main] DEBUG org.activiti.engine.impl.persistence.entity.TaskEntity.selectTask  - &lt;==      Total: 1
10:45:10,849 [main] DEBUG org.activiti.engine.impl.history.DefaultHistoryManager  - Current history level: FULL, level required: AUDIT
10:45:10,849 [main] DEBUG org.activiti.engine.impl.persistence.entity.HistoricTaskInstanceEntity.selectHistoricTaskInstance  - ==&gt;  Preparing: select * from ACT_HI_TASKINST where ID_ = ? 
10:45:10,849 [main] DEBUG org.activiti.engine.impl.persistence.entity.HistoricTaskInstanceEntity.selectHistoricTaskInstance  - ==&gt; Parameters: 775(String)
10:45:10,849 [main] DEBUG org.activiti.engine.impl.persistence.entity.HistoricTaskInstanceEntity.selectHistoricTaskInstance  - &lt;==      Total: 1
10:45:10,849 [main] DEBUG org.activiti.engine.impl.history.DefaultHistoryManager  - Current history level: FULL
10:45:10,849 [main] DEBUG org.activiti.engine.impl.history.DefaultHistoryManager  - Current history level: FULL
10:45:10,849 [main] DEBUG org.activiti.engine.impl.db.DbSqlSession  -   insert org.activiti.engine.impl.persistence.entity.CommentEntity@77228160
10:45:10,849 [main] DEBUG org.activiti.engine.impl.db.DbSqlSession  -   update Task[id=775, name=gonzoSubTask2_2]
10:45:10,849 [main] DEBUG org.activiti.engine.impl.db.DbSqlSession  -   update HistoricTaskInstanceEntity[id=775, name=gonzoSubTask2_2]
10:45:10,849 [main] DEBUG org.activiti.engine.impl.db.DbSqlSession  - flush summary: 1 insert, 2 update, 0 delete.
10:45:10,849 [main] DEBUG org.activiti.engine.impl.db.DbSqlSession  - now executing flush...
10:45:10,849 [main] DEBUG org.activiti.engine.impl.db.DbSqlSession  - inserting: org.activiti.engine.impl.persistence.entity.CommentEntity@77228160
10:45:10,849 [main] DEBUG org.activiti.engine.impl.persistence.entity.CommentEntity.insertComment  - ==&gt;  Preparing: insert into ACT_HI_COMMENT (ID_, TYPE_, TIME_, USER_ID_, TASK_ID_, PROC_INST_ID_, ACTION_, MESSAGE_, FULL_MSG_) values (?, ?, ?, ?, ?, ?, ?, ?, ?) 
10:45:10,849 [main] DEBUG org.activiti.engine.impl.persistence.entity.CommentEntity.insertComment  - ==&gt; Parameters: 776(String), event(String), 2009-01-02 01:01:01.0(Timestamp), null, 775(String), null, AddUserLink(String), gonzo_|_assignee(String), null
10:45:10,849 [main] DEBUG org.activiti.engine.impl.persistence.entity.CommentEntity.insertComment  - &lt;==    Updates: 1
10:45:10,849 [main] DEBUG org.activiti.engine.impl.db.DbSqlSession  - updating: Task[id=775, name=gonzoSubTask2_2]
10:45:10,849 [main] DEBUG org.activiti.engine.impl.persistence.entity.TaskEntity.updateTask  - ==&gt;  Preparing: update ACT_RU_TASK SET REV_ = ?, NAME_ = ?, PARENT_TASK_ID_ = ?, PRIORITY_ = ?, CREATE_TIME_ = ?, OWNER_ = ?, ASSIGNEE_ = ?, DELEGATION_ = ?, EXECUTION_ID_ = ?, PROC_DEF_ID_ = ?, DESCRIPTION_ = ?, DUE_DATE_ = ?, CATEGORY_ = ?, SUSPENSION_STATE_ = ?, FORM_KEY_ = ? where ID_= ? and REV_ = ? 
10:45:10,849 [main] DEBUG org.activiti.engine.impl.persistence.entity.TaskEntity.updateTask  - ==&gt; Parameters: 2(Integer), gonzoSubTask2_2(String), 765(String), 50(Integer), 2009-01-02 01:01:01.0(Timestamp), null, gonzo(String), null, null, null, description for gonzo sub-task2_2(String), null, null, 1(Integer), null, 775(String), 1(Integer)
10:45:10,849 [main] DEBUG org.activiti.engine.impl.persistence.entity.TaskEntity.updateTask  - &lt;==    Updates: 1
10:45:10,849 [main] DEBUG org.activiti.engine.impl.db.DbSqlSession  - updating: HistoricTaskInstanceEntity[id=775, name=gonzoSubTask2_2]
10:45:10,849 [main] DEBUG org.activiti.engine.impl.persistence.entity.HistoricTaskInstanceEntity.updateHistoricTaskInstance  - ==&gt;  Preparing: update ACT_HI_TASKINST set EXECUTION_ID_ = ?, NAME_ = ?, PARENT_TASK_ID_ = ?, DESCRIPTION_ = ?, OWNER_ = ?, ASSIGNEE_ = ?, CLAIM_TIME_ = ?, END_TIME_ = ?, DURATION_ = ?, DELETE_REASON_ = ?, TASK_DEF_KEY_ = ?, FORM_KEY_ = ?, PRIORITY_ = ?, DUE_DATE_ = ?, CATEGORY_ = ? where ID_ = ? 
10:45:10,849 [main] DEBUG org.activiti.engine.impl.persistence.entity.HistoricTaskInstanceEntity.updateHistoricTaskInstance  - ==&gt; Parameters: null, gonzoSubTask2_2(String), 765(String), description for gonzo sub-task2_2(String), null, gonzo(String), null, null, null, null, null, null, 50(Integer), null, null, 775(String)
10:45:10,849 [main] DEBUG org.activiti.engine.impl.persistence.entity.HistoricTaskInstanceEntity.updateHistoricTaskInstance  - &lt;==    Updates: 1
10:45:10,849 [main] DEBUG org.activiti.engine.impl.cfg.standalone.StandaloneMybatisTransactionContext  - firing event committing...
10:45:10,849 [main] DEBUG org.activiti.engine.impl.cfg.standalone.StandaloneMybatisTransactionContext  - committing the ibatis sql session...
10:45:10,849 [main] DEBUG org.apache.ibatis.transaction.jdbc.JdbcTransaction  - Committing JDBC Connection [conn4: url=jdbc:h2:mem:activiti user=SA]
10:45:10,849 [main] DEBUG org.activiti.engine.impl.cfg.standalone.StandaloneMybatisTransactionContext  - firing event committed...
10:45:10,849 [main] DEBUG org.apache.ibatis.transaction.jdbc.JdbcTransaction  - Resetting autocommit to true on JDBC Connection [conn4: url=jdbc:h2:mem:activiti user=SA]
10:45:10,849 [main] DEBUG org.apache.ibatis.transaction.jdbc.JdbcTransaction  - Closing JDBC Connection [conn4: url=jdbc:h2:mem:activiti user=SA]
10:45:10,849 [main] DEBUG org.apache.ibatis.datasource.pooled.PooledDataSource  - Returned connection 297240765 to pool.
10:45:10,849 [main] DEBUG org.activiti.engine.impl.interceptor.LogInterceptor  - --- AddIdentityLinkCmd finished --------------------------------------------------------
10:45:10,849 [main] DEBUG org.activiti.engine.impl.interceptor.LogInterceptor  - 

10:45:10,849 [main] DEBUG org.activiti.engine.impl.test.PvmTestCase  - 

10:45:10,849 [main] DEBUG org.activiti.engine.impl.test.PvmTestCase  - #### START SubTaskQueryTest.testQueryByAssigneeExcludeSubtasksOrdered ###########################################################
10:45:10,851 [main] DEBUG org.activiti.engine.impl.interceptor.LogInterceptor  - 

10:45:10,851 [main] DEBUG org.activiti.engine.impl.interceptor.LogInterceptor  - --- starting TaskQueryImpl --------------------------------------------------------
10:45:10,851 [main] DEBUG org.apache.ibatis.transaction.jdbc.JdbcTransaction  - Opening JDBC Connection
10:45:10,851 [main] DEBUG org.apache.ibatis.datasource.pooled.PooledDataSource  - Checked out connection 486346394 from pool.
10:45:10,851 [main] DEBUG org.apache.ibatis.transaction.jdbc.JdbcTransaction  - Setting autocommit to false on JDBC Connection [conn6: url=jdbc:h2:mem:activiti user=SA]
10:45:10,851 [main] DEBUG org.activiti.engine.impl.persistence.entity.TaskEntity.selectTaskCountByQueryCriteria  - ==&gt;  Preparing: select count(distinct RES.ID_) from ACT_RU_TASK RES WHERE RES.ASSIGNEE_ = ? 
10:45:10,851 [main] DEBUG org.activiti.engine.impl.persistence.entity.TaskEntity.selectTaskCountByQueryCriteria  - ==&gt; Parameters: gonzo(String)
10:45:10,851 [main] DEBUG org.activiti.engine.impl.persistence.entity.TaskEntity.selectTaskCountByQueryCriteria  - &lt;==      Total: 1
10:45:10,851 [main] DEBUG org.activiti.engine.impl.db.DbSqlSession  - flush summary: 0 insert, 0 update, 0 delete.
10:45:10,851 [main] DEBUG org.activiti.engine.impl.db.DbSqlSession  - now executing flush...
10:45:10,851 [main] DEBUG org.activiti.engine.impl.cfg.standalone.StandaloneMybatisTransactionContext  - firing event committing...
10:45:10,851 [main] DEBUG org.activiti.engine.impl.cfg.standalone.StandaloneMybatisTransactionContext  - committing the ibatis sql session...
10:45:10,851 [main] DEBUG org.activiti.engine.impl.cfg.standalone.StandaloneMybatisTransactionContext  - firing event committed...
10:45:10,851 [main] DEBUG org.apache.ibatis.transaction.jdbc.JdbcTransaction  - Resetting autocommit to true on JDBC Connection [conn6: url=jdbc:h2:mem:activiti user=SA]
10:45:10,851 [main] DEBUG org.apache.ibatis.transaction.jdbc.JdbcTransaction  - Closing JDBC Connection [conn6: url=jdbc:h2:mem:activiti user=SA]
10:45:10,851 [main] DEBUG org.apache.ibatis.datasource.pooled.PooledDataSource  - Returned connection 486346394 to pool.
10:45:10,851 [main] DEBUG org.activiti.engine.impl.interceptor.LogInterceptor  - --- TaskQueryImpl finished --------------------------------------------------------
10:45:10,851 [main] DEBUG org.activiti.engine.impl.interceptor.LogInterceptor  - 

10:45:10,851 [main] DEBUG org.activiti.engine.impl.interceptor.LogInterceptor  - 

10:45:10,851 [main] DEBUG org.activiti.engine.impl.interceptor.LogInterceptor  - --- starting TaskQueryImpl --------------------------------------------------------
10:45:10,851 [main] DEBUG org.apache.ibatis.transaction.jdbc.JdbcTransaction  - Opening JDBC Connection
10:45:10,851 [main] DEBUG org.apache.ibatis.datasource.pooled.PooledDataSource  - Checked out connection 180014677 from pool.
10:45:10,851 [main] DEBUG org.apache.ibatis.transaction.jdbc.JdbcTransaction  - Setting autocommit to false on JDBC Connection [conn3: url=jdbc:h2:mem:activiti user=SA]
10:45:10,851 [main] DEBUG org.activiti.engine.impl.persistence.entity.TaskEntity.selectTaskByQueryCriteria  - ==&gt;  Preparing: select distinct RES.* from ACT_RU_TASK RES WHERE RES.ASSIGNEE_ = ? order by order by RES.CREATE_TIME_ desc LIMIT ? OFFSET ? 
10:45:10,851 [main] DEBUG org.activiti.engine.impl.interceptor.CommandContext  - Error while closing command context
org.apache.ibatis.exceptions.PersistenceException: 
### Error querying database.  Cause: org.h2.jdbc.JdbcSQLException: Syntax error in SQL statement &quot;SELECT DISTINCT RES.* 
       
    FROM ACT_RU_TASK RES
     
     
     
     
    
     
     
     
     WHERE  RES.ASSIGNEE_ = ? 
   
    
     ORDER BY  ORDER[*] BY RES.CREATE_TIME_ DESC  
    LIMIT ? OFFSET ? &quot;; expected &quot;=, NOT, EXISTS, INTERSECTS, SELECT, FROM&quot;; SQL statement:
select distinct RES.* 
       
    from ACT_RU_TASK RES
     
     
     
     
    
     
     
     
     WHERE  RES.ASSIGNEE_ = ? 
   
    
     order by  order by RES.CREATE_TIME_ desc  
    LIMIT ? OFFSET ? [42001-176]
### The error may exist in org/activiti/db/mapping/entity/Task.xml
### The error may involve org.activiti.engine.impl.persistence.entity.TaskEntity.selectTaskByQueryCriteria
### The error occurred while executing a query
### SQL: select distinct RES.*              from ACT_RU_TASK RES                                                     WHERE  RES.ASSIGNEE_ = ?                order by  order by RES.CREATE_TIME_ desc       LIMIT ? OFFSET ?
### Cause: org.h2.jdbc.JdbcSQLException: Syntax error in SQL statement &quot;SELECT DISTINCT RES.* 
       
    FROM ACT_RU_TASK RES
     
     
     
     
    
     
     
     
     WHERE  RES.ASSIGNEE_ = ? 
   
    
     ORDER BY  ORDER[*] BY RES.CREATE_TIME_ DESC  
    LIMIT ? OFFSET ? &quot;; expected &quot;=, NOT, EXISTS, INTERSECTS, SELECT, FROM&quot;; SQL statement:
select distinct RES.* 
       
    from ACT_RU_TASK RES
     
     
     
     
    
     
     
     
     WHERE  RES.ASSIGNEE_ = ? 
   
    
     order by  order by RES.CREATE_TIME_ desc  
    LIMIT ? OFFSET ? [42001-176]
	at org.apache.ibatis.exceptions.ExceptionFactory.wrapException(ExceptionFactory.java:30)
	at org.apache.ibatis.session.defaults.DefaultSqlSession.selectList(DefaultSqlSession.java:122)
	at org.apache.ibatis.session.defaults.DefaultSqlSession.selectList(DefaultSqlSession.java:113)
	at org.activiti.engine.impl.db.DbSqlSession.selectListWithRawParameter(DbSqlSession.java:438)
	at org.activiti.engine.impl.db.DbSqlSession.selectList(DbSqlSession.java:429)
	at org.activiti.engine.impl.persistence.entity.TaskEntityManager.findTasksByQueryCriteria(TaskEntityManager.java:135)
	at org.activiti.engine.impl.TaskQueryImpl.executeList(TaskQueryImpl.java:1256)
	at org.activiti.engine.impl.AbstractQuery.execute(AbstractQuery.java:164)
	at org.activiti.engine.impl.interceptor.CommandInvoker.execute(CommandInvoker.java:24)
	at org.activiti.engine.impl.interceptor.CommandContextInterceptor.execute(CommandContextInterceptor.java:57)
	at org.activiti.engine.impl.interceptor.LogInterceptor.execute(LogInterceptor.java:37)
	at org.activiti.engine.impl.cfg.CommandExecutorImpl.execute(CommandExecutorImpl.java:40)
	at org.activiti.engine.impl.cfg.CommandExecutorImpl.execute(CommandExecutorImpl.java:35)
	at org.activiti.engine.impl.AbstractQuery.list(AbstractQuery.java:138)
	at org.activiti.engine.test.api.task.SubTaskQueryTest.testQueryByAssigneeExcludeSubtasksOrdered(SubTaskQueryTest.java:160)
	at sun.reflect.NativeMethodAccessorImpl.invoke0(Native Method)
	at sun.reflect.NativeMethodAccessorImpl.invoke(NativeMethodAccessorImpl.java:62)
	at sun.reflect.DelegatingMethodAccessorImpl.invoke(DelegatingMethodAccessorImpl.java:43)
	at java.lang.reflect.Method.invoke(Method.java:498)
	at junit.framework.TestCase.runTest(TestCase.java:176)
	at org.activiti.engine.impl.test.PvmTestCase.runTest(PvmTestCase.java:65)
	at junit.framework.TestCase.runBare(TestCase.java:141)
	at org.activiti.engine.impl.test.AbstractActivitiTestCase.runBare(AbstractActivitiTestCase.java:100)
	at junit.framework.TestResult$1.protect(TestResult.java:122)
	at junit.framework.TestResult.runProtected(TestResult.java:142)
	at junit.framework.TestResult.run(TestResult.java:125)
	at junit.framework.TestCase.run(TestCase.java:129)
	at junit.framework.TestSuite.runTest(TestSuite.java:255)
	at junit.framework.TestSuite.run(TestSuite.java:250)
	at org.junit.internal.runners.JUnit38ClassRunner.run(JUnit38ClassRunner.java:84)
	at org.apache.maven.surefire.junit4.JUnit4TestSet.execute(JUnit4TestSet.java:35)
	at org.apache.maven.surefire.junit4.JUnit4Provider.executeTestSet(JUnit4Provider.java:146)
	at org.apache.maven.surefire.junit4.JUnit4Provider.invoke(JUnit4Provider.java:97)
	at sun.reflect.NativeMethodAccessorImpl.invoke0(Native Method)
	at sun.reflect.NativeMethodAccessorImpl.invoke(NativeMethodAccessorImpl.java:62)
	at sun.reflect.DelegatingMethodAccessorImpl.invoke(DelegatingMethodAccessorImpl.java:43)
	at java.lang.reflect.Method.invoke(Method.java:498)
	at org.apache.maven.surefire.booter.ProviderFactory$ClassLoaderProxy.invoke(ProviderFactory.java:103)
	at com.sun.proxy.$Proxy0.invoke(Unknown Source)
	at org.apache.maven.surefire.booter.SurefireStarter.invokeProvider(SurefireStarter.java:145)
	at org.apache.maven.surefire.booter.SurefireStarter.runSuitesInProcess(SurefireStarter.java:87)
	at org.apache.maven.surefire.booter.ForkedBooter.main(ForkedBooter.java:69)
Caused by: org.h2.jdbc.JdbcSQLException: Syntax error in SQL statement &quot;SELECT DISTINCT RES.* 
       
    FROM ACT_RU_TASK RES
     
     
     
     
    
     
     
     
     WHERE  RES.ASSIGNEE_ = ? 
   
    
     ORDER BY  ORDER[*] BY RES.CREATE_TIME_ DESC  
    LIMIT ? OFFSET ? &quot;; expected &quot;=, NOT, EXISTS, INTERSECTS, SELECT, FROM&quot;; SQL statement:
select distinct RES.* 
       
    from ACT_RU_TASK RES
     
     
     
     
    
     
     
     
     WHERE  RES.ASSIGNEE_ = ? 
   
    
     order by  order by RES.CREATE_TIME_ desc  
    LIMIT ? OFFSET ? [42001-176]
	at org.h2.message.DbException.getJdbcSQLException(DbException.java:344)
	at org.h2.message.DbException.getSyntaxError(DbException.java:204)
	at org.h2.command.Parser.getSyntaxError(Parser.java:524)
	at org.h2.command.Parser.readTerm(Parser.java:2688)
	at org.h2.command.Parser.readFactor(Parser.java:2244)
	at org.h2.command.Parser.readSum(Parser.java:2231)
	at org.h2.command.Parser.readConcat(Parser.java:2201)
	at org.h2.command.Parser.readCondition(Parser.java:2051)
	at org.h2.command.Parser.readAnd(Parser.java:2023)
	at org.h2.command.Parser.readExpression(Parser.java:2015)
	at org.h2.command.Parser.parseEndOfQuery(Parser.java:1726)
	at org.h2.command.Parser.parseSelectUnionExtension(Parser.java:1706)
	at org.h2.command.Parser.parseSelectUnion(Parser.java:1675)
	at org.h2.command.Parser.parseSelect(Parser.java:1662)
	at org.h2.command.Parser.parsePrepared(Parser.java:434)
	at org.h2.command.Parser.parse(Parser.java:306)
	at org.h2.command.Parser.parse(Parser.java:282)
	at org.h2.command.Parser.prepareCommand(Parser.java:243)
	at org.h2.engine.Session.prepareLocal(Session.java:442)
	at org.h2.engine.Session.prepareCommand(Session.java:384)
	at org.h2.jdbc.JdbcConnection.prepareCommand(JdbcConnection.java:1188)
	at org.h2.jdbc.JdbcPreparedStatement.&lt;init&gt;(JdbcPreparedStatement.java:73)
	at org.h2.jdbc.JdbcConnection.prepareStatement(JdbcConnection.java:276)
	at sun.reflect.GeneratedMethodAccessor6.invoke(Unknown Source)
	at sun.reflect.DelegatingMethodAccessorImpl.invoke(DelegatingMethodAccessorImpl.java:43)
	at java.lang.reflect.Method.invoke(Method.java:498)
	at org.apache.ibatis.datasource.pooled.PooledConnection.invoke(PooledConnection.java:245)
	at com.sun.proxy.$Proxy12.prepareStatement(Unknown Source)
	at sun.reflect.GeneratedMethodAccessor6.invoke(Unknown Source)
	at sun.reflect.DelegatingMethodAccessorImpl.invoke(DelegatingMethodAccessorImpl.java:43)
	at java.lang.reflect.Method.invoke(Method.java:498)
	at org.apache.ibatis.logging.jdbc.ConnectionLogger.invoke(ConnectionLogger.java:55)
	at com.sun.proxy.$Proxy12.prepareStatement(Unknown Source)
	at org.apache.ibatis.executor.statement.PreparedStatementHandler.instantiateStatement(PreparedStatementHandler.java:79)
	at org.apache.ibatis.executor.statement.BaseStatementHandler.prepare(BaseStatementHandler.java:88)
	at org.apache.ibatis.executor.statement.RoutingStatementHandler.prepare(RoutingStatementHandler.java:58)
	at org.apache.ibatis.executor.SimpleExecutor.prepareStatement(SimpleExecutor.java:76)
	at org.apache.ibatis.executor.SimpleExecutor.doQuery(SimpleExecutor.java:61)
	at org.apache.ibatis.executor.BaseExecutor.queryFromDatabase(BaseExecutor.java:303)
	at org.apache.ibatis.executor.BaseExecutor.query(BaseExecutor.java:154)
	at org.apache.ibatis.executor.CachingExecutor.query(CachingExecutor.java:102)
	at org.apache.ibatis.executor.CachingExecutor.query(CachingExecutor.java:82)
	at org.apache.ibatis.session.defaults.DefaultSqlSession.selectList(DefaultSqlSession.java:120)
	... 40 more
10:45:10,852 [main] DEBUG org.activiti.engine.impl.cfg.standalone.StandaloneMybatisTransactionContext  - firing event rolling back...
10:45:10,852 [main] DEBUG org.activiti.engine.impl.cfg.standalone.StandaloneMybatisTransactionContext  - rolling back ibatis sql session...
10:45:10,852 [main] DEBUG org.activiti.engine.impl.cfg.standalone.StandaloneMybatisTransactionContext  - firing event rolled back...
10:45:10,852 [main] DEBUG org.apache.ibatis.transaction.jdbc.JdbcTransaction  - Resetting autocommit to true on JDBC Connection [conn3: url=jdbc:h2:mem:activiti user=SA]
10:45:10,852 [main] DEBUG org.apache.ibatis.transaction.jdbc.JdbcTransaction  - Closing JDBC Connection [conn3: url=jdbc:h2:mem:activiti user=SA]
10:45:10,852 [main] DEBUG org.apache.ibatis.datasource.pooled.PooledDataSource  - Returned connection 180014677 to pool.
10:45:10,852 [main] DEBUG org.activiti.engine.impl.interceptor.LogInterceptor  - --- TaskQueryImpl finished --------------------------------------------------------
10:45:10,852 [main] DEBUG org.activiti.engine.impl.interceptor.LogInterceptor  - 

10:45:10,852 [main] ERROR org.activiti.engine.impl.test.PvmTestCase  - 

10:45:10,852 [main] ERROR org.activiti.engine.impl.test.PvmTestCase  - EXCEPTION: org.apache.ibatis.exceptions.PersistenceException: 
### Error querying database.  Cause: org.h2.jdbc.JdbcSQLException: Syntax error in SQL statement &quot;SELECT DISTINCT RES.* 
       
    FROM ACT_RU_TASK RES
     
     
     
     
    
     
     
     
     WHERE  RES.ASSIGNEE_ = ? 
   
    
     ORDER BY  ORDER[*] BY RES.CREATE_TIME_ DESC  
    LIMIT ? OFFSET ? &quot;; expected &quot;=, NOT, EXISTS, INTERSECTS, SELECT, FROM&quot;; SQL statement:
select distinct RES.* 
       
    from ACT_RU_TASK RES
     
     
     
     
    
     
     
     
     WHERE  RES.ASSIGNEE_ = ? 
   
    
     order by  order by RES.CREATE_TIME_ desc  
    LIMIT ? OFFSET ? [42001-176]
### The error may exist in org/activiti/db/mapping/entity/Task.xml
### The error may involve org.activiti.engine.impl.persistence.entity.TaskEntity.selectTaskByQueryCriteria
### The error occurred while executing a query
### SQL: select distinct RES.*              from ACT_RU_TASK RES                                                     WHERE  RES.ASSIGNEE_ = ?                order by  order by RES.CREATE_TIME_ desc       LIMIT ? OFFSET ?
### Cause: org.h2.jdbc.JdbcSQLException: Syntax error in SQL statement &quot;SELECT DISTINCT RES.* 
       
    FROM ACT_RU_TASK RES
     
     
     
     
    
     
     
     
     WHERE  RES.ASSIGNEE_ = ? 
   
    
     ORDER BY  ORDER[*] BY RES.CREATE_TIME_ DESC  
    LIMIT ? OFFSET ? &quot;; expected &quot;=, NOT, EXISTS, INTERSECTS, SELECT, FROM&quot;; SQL statement:
select distinct RES.* 
       
    from ACT_RU_TASK RES
     
     
     
     
    
     
     
     
     WHERE  RES.ASSIGNEE_ = ? 
   
    
     order by  order by RES.CREATE_TIME_ desc  
    LIMIT ? OFFSET ? [42001-176]
org.apache.ibatis.exceptions.PersistenceException: 
### Error querying database.  Cause: org.h2.jdbc.JdbcSQLException: Syntax error in SQL statement &quot;SELECT DISTINCT RES.* 
       
    FROM ACT_RU_TASK RES
     
     
     
     
    
     
     
     
     WHERE  RES.ASSIGNEE_ = ? 
   
    
     ORDER BY  ORDER[*] BY RES.CREATE_TIME_ DESC  
    LIMIT ? OFFSET ? &quot;; expected &quot;=, NOT, EXISTS, INTERSECTS, SELECT, FROM&quot;; SQL statement:
select distinct RES.* 
       
    from ACT_RU_TASK RES
     
     
     
     
    
     
     
     
     WHERE  RES.ASSIGNEE_ = ? 
   
    
     order by  order by RES.CREATE_TIME_ desc  
    LIMIT ? OFFSET ? [42001-176]
### The error may exist in org/activiti/db/mapping/entity/Task.xml
### The error may involve org.activiti.engine.impl.persistence.entity.TaskEntity.selectTaskByQueryCriteria
### The error occurred while executing a query
### SQL: select distinct RES.*              from ACT_RU_TASK RES                                                     WHERE  RES.ASSIGNEE_ = ?                order by  order by RES.CREATE_TIME_ desc       LIMIT ? OFFSET ?
### Cause: org.h2.jdbc.JdbcSQLException: Syntax error in SQL statement &quot;SELECT DISTINCT RES.* 
       
    FROM ACT_RU_TASK RES
     
     
     
     
    
     
     
     
     WHERE  RES.ASSIGNEE_ = ? 
   
    
     ORDER BY  ORDER[*] BY RES.CREATE_TIME_ DESC  
    LIMIT ? OFFSET ? &quot;; expected &quot;=, NOT, EXISTS, INTERSECTS, SELECT, FROM&quot;; SQL statement:
select distinct RES.* 
       
    from ACT_RU_TASK RES
     
     
     
     
    
     
     
     
     WHERE  RES.ASSIGNEE_ = ? 
   
    
     order by  order by RES.CREATE_TIME_ desc  
    LIMIT ? OFFSET ? [42001-176]
	at org.apache.ibatis.exceptions.ExceptionFactory.wrapException(ExceptionFactory.java:30)
	at org.apache.ibatis.session.defaults.DefaultSqlSession.selectList(DefaultSqlSession.java:122)
	at org.apache.ibatis.session.defaults.DefaultSqlSession.selectList(DefaultSqlSession.java:113)
	at org.activiti.engine.impl.db.DbSqlSession.selectListWithRawParameter(DbSqlSession.java:438)
	at org.activiti.engine.impl.db.DbSqlSession.selectList(DbSqlSession.java:429)
	at org.activiti.engine.impl.persistence.entity.TaskEntityManager.findTasksByQueryCriteria(TaskEntityManager.java:135)
	at org.activiti.engine.impl.TaskQueryImpl.executeList(TaskQueryImpl.java:1256)
	at org.activiti.engine.impl.AbstractQuery.execute(AbstractQuery.java:164)
	at org.activiti.engine.impl.interceptor.CommandInvoker.execute(CommandInvoker.java:24)
	at org.activiti.engine.impl.interceptor.CommandContextInterceptor.execute(CommandContextInterceptor.java:57)
	at org.activiti.engine.impl.interceptor.LogInterceptor.execute(LogInterceptor.java:37)
	at org.activiti.engine.impl.cfg.CommandExecutorImpl.execute(CommandExecutorImpl.java:40)
	at org.activiti.engine.impl.cfg.CommandExecutorImpl.execute(CommandExecutorImpl.java:35)
	at org.activiti.engine.impl.AbstractQuery.list(AbstractQuery.java:138)
	at org.activiti.engine.test.api.task.SubTaskQueryTest.testQueryByAssigneeExcludeSubtasksOrdered(SubTaskQueryTest.java:160)
	at sun.reflect.NativeMethodAccessorImpl.invoke0(Native Method)
	at sun.reflect.NativeMethodAccessorImpl.invoke(NativeMethodAccessorImpl.java:62)
	at sun.reflect.DelegatingMethodAccessorImpl.invoke(DelegatingMethodAccessorImpl.java:43)
	at java.lang.reflect.Method.invoke(Method.java:498)
	at junit.framework.TestCase.runTest(TestCase.java:176)
	at org.activiti.engine.impl.test.PvmTestCase.runTest(PvmTestCase.java:65)
	at junit.framework.TestCase.runBare(TestCase.java:141)
	at org.activiti.engine.impl.test.AbstractActivitiTestCase.runBare(AbstractActivitiTestCase.java:100)
	at junit.framework.TestResult$1.protect(TestResult.java:122)
	at junit.framework.TestResult.runProtected(TestResult.java:142)
	at junit.framework.TestResult.run(TestResult.java:125)
	at junit.framework.TestCase.run(TestCase.java:129)
	at junit.framework.TestSuite.runTest(TestSuite.java:255)
	at junit.framework.TestSuite.run(TestSuite.java:250)
	at org.junit.internal.runners.JUnit38ClassRunner.run(JUnit38ClassRunner.java:84)
	at org.apache.maven.surefire.junit4.JUnit4TestSet.execute(JUnit4TestSet.java:35)
	at org.apache.maven.surefire.junit4.JUnit4Provider.executeTestSet(JUnit4Provider.java:146)
	at org.apache.maven.surefire.junit4.JUnit4Provider.invoke(JUnit4Provider.java:97)
	at sun.reflect.NativeMethodAccessorImpl.invoke0(Native Method)
	at sun.reflect.NativeMethodAccessorImpl.invoke(NativeMethodAccessorImpl.java:62)
	at sun.reflect.DelegatingMethodAccessorImpl.invoke(DelegatingMethodAccessorImpl.java:43)
	at java.lang.reflect.Method.invoke(Method.java:498)
	at org.apache.maven.surefire.booter.ProviderFactory$ClassLoaderProxy.invoke(ProviderFactory.java:103)
	at com.sun.proxy.$Proxy0.invoke(Unknown Source)
	at org.apache.maven.surefire.booter.SurefireStarter.invokeProvider(SurefireStarter.java:145)
	at org.apache.maven.surefire.booter.SurefireStarter.runSuitesInProcess(SurefireStarter.java:87)
	at org.apache.maven.surefire.booter.ForkedBooter.main(ForkedBooter.java:69)
Caused by: org.h2.jdbc.JdbcSQLException: Syntax error in SQL statement &quot;SELECT DISTINCT RES.* 
       
    FROM ACT_RU_TASK RES
     
     
     
     
    
     
     
     
     WHERE  RES.ASSIGNEE_ = ? 
   
    
     ORDER BY  ORDER[*] BY RES.CREATE_TIME_ DESC  
    LIMIT ? OFFSET ? &quot;; expected &quot;=, NOT, EXISTS, INTERSECTS, SELECT, FROM&quot;; SQL statement:
select distinct RES.* 
       
    from ACT_RU_TASK RES
     
     
     
     
    
     
     
     
     WHERE  RES.ASSIGNEE_ = ? 
   
    
     order by  order by RES.CREATE_TIME_ desc  
    LIMIT ? OFFSET ? [42001-176]
	at org.h2.message.DbException.getJdbcSQLException(DbException.java:344)
	at org.h2.message.DbException.getSyntaxError(DbException.java:204)
	at org.h2.command.Parser.getSyntaxError(Parser.java:524)
	at org.h2.command.Parser.readTerm(Parser.java:2688)
	at org.h2.command.Parser.readFactor(Parser.java:2244)
	at org.h2.command.Parser.readSum(Parser.java:2231)
	at org.h2.command.Parser.readConcat(Parser.java:2201)
	at org.h2.command.Parser.readCondition(Parser.java:2051)
	at org.h2.command.Parser.readAnd(Parser.java:2023)
	at org.h2.command.Parser.readExpression(Parser.java:2015)
	at org.h2.command.Parser.parseEndOfQuery(Parser.java:1726)
	at org.h2.command.Parser.parseSelectUnionExtension(Parser.java:1706)
	at org.h2.command.Parser.parseSelectUnion(Parser.java:1675)
	at org.h2.command.Parser.parseSelect(Parser.java:1662)
	at org.h2.command.Parser.parsePrepared(Parser.java:434)
	at org.h2.command.Parser.parse(Parser.java:306)
	at org.h2.command.Parser.parse(Parser.java:282)
	at org.h2.command.Parser.prepareCommand(Parser.java:243)
	at org.h2.engine.Session.prepareLocal(Session.java:442)
	at org.h2.engine.Session.prepareCommand(Session.java:384)
	at org.h2.jdbc.JdbcConnection.prepareCommand(JdbcConnection.java:1188)
	at org.h2.jdbc.JdbcPreparedStatement.&lt;init&gt;(JdbcPreparedStatement.java:73)
	at org.h2.jdbc.JdbcConnection.prepareStatement(JdbcConnection.java:276)
	at sun.reflect.GeneratedMethodAccessor6.invoke(Unknown Source)
	at sun.reflect.DelegatingMethodAccessorImpl.invoke(DelegatingMethodAccessorImpl.java:43)
	at java.lang.reflect.Method.invoke(Method.java:498)
	at org.apache.ibatis.datasource.pooled.PooledConnection.invoke(PooledConnection.java:245)
	at com.sun.proxy.$Proxy12.prepareStatement(Unknown Source)
	at sun.reflect.GeneratedMethodAccessor6.invoke(Unknown Source)
	at sun.reflect.DelegatingMethodAccessorImpl.invoke(DelegatingMethodAccessorImpl.java:43)
	at java.lang.reflect.Method.invoke(Method.java:498)
	at org.apache.ibatis.logging.jdbc.ConnectionLogger.invoke(ConnectionLogger.java:55)
	at com.sun.proxy.$Proxy12.prepareStatement(Unknown Source)
	at org.apache.ibatis.executor.statement.PreparedStatementHandler.instantiateStatement(PreparedStatementHandler.java:79)
	at org.apache.ibatis.executor.statement.BaseStatementHandler.prepare(BaseStatementHandler.java:88)
	at org.apache.ibatis.executor.statement.RoutingStatementHandler.prepare(RoutingStatementHandler.java:58)
	at org.apache.ibatis.executor.SimpleExecutor.prepareStatement(SimpleExecutor.java:76)
	at org.apache.ibatis.executor.SimpleExecutor.doQuery(SimpleExecutor.java:61)
	at org.apache.ibatis.executor.BaseExecutor.queryFromDatabase(BaseExecutor.java:303)
	at org.apache.ibatis.executor.BaseExecutor.query(BaseExecutor.java:154)
	at org.apache.ibatis.executor.CachingExecutor.query(CachingExecutor.java:102)
	at org.apache.ibatis.executor.CachingExecutor.query(CachingExecutor.java:82)
	at org.apache.ibatis.session.defaults.DefaultSqlSession.selectList(DefaultSqlSession.java:120)
	... 40 more
10:45:10,852 [main] DEBUG org.activiti.engine.impl.test.PvmTestCase  - #### END SubTaskQueryTest.testQueryByAssigneeExcludeSubtasksOrdered #############################################################
10:45:10,852 [main] DEBUG org.activiti.engine.impl.interceptor.LogInterceptor  - 

10:45:10,852 [main] DEBUG org.activiti.engine.impl.interceptor.LogInterceptor  - --- starting DeleteGroupCmd --------------------------------------------------------
10:45:10,852 [main] DEBUG org.apache.ibatis.transaction.jdbc.JdbcTransaction  - Opening JDBC Connection
10:45:10,852 [main] DEBUG org.apache.ibatis.datasource.pooled.PooledDataSource  - Checked out connection 363509958 from pool.
10:45:10,852 [main] DEBUG org.apache.ibatis.transaction.jdbc.JdbcTransaction  - Setting autocommit to false on JDBC Connection [conn2: url=jdbc:h2:mem:activiti user=SA]
10:45:10,852 [main] DEBUG org.activiti.engine.impl.persistence.entity.GroupEntity.selectGroup  - ==&gt;  Preparing: select * from ACT_ID_GROUP where ID_ = ? 
10:45:10,852 [main] DEBUG org.activiti.engine.impl.persistence.entity.GroupEntity.selectGroup  - ==&gt; Parameters: accountancy(String)
10:45:10,852 [main] DEBUG org.activiti.engine.impl.persistence.entity.GroupEntity.selectGroup  - &lt;==      Total: 1
10:45:10,852 [main] DEBUG org.activiti.engine.impl.db.DbSqlSession  -   bulk delete: deleteMembershipsByGroupId(accountancy)
10:45:10,852 [main] DEBUG org.activiti.engine.impl.db.DbSqlSession  -   delete org.activiti.engine.impl.persistence.entity.GroupEntity@aeb8ee2
10:45:10,852 [main] DEBUG org.activiti.engine.impl.db.DbSqlSession  - flush summary: 0 insert, 0 update, 2 delete.
10:45:10,852 [main] DEBUG org.activiti.engine.impl.db.DbSqlSession  - now executing flush...
10:45:10,852 [main] DEBUG org.activiti.engine.impl.db.DbSqlSession  - executing: bulk delete: deleteMembershipsByGroupId(accountancy)
10:45:10,852 [main] DEBUG org.activiti.engine.impl.persistence.entity.MembershipRelation.deleteMembershipsByGroupId  - ==&gt;  Preparing: delete from ACT_ID_MEMBERSHIP where GROUP_ID_ = ? 
10:45:10,852 [main] DEBUG org.activiti.engine.impl.persistence.entity.MembershipRelation.deleteMembershipsByGroupId  - ==&gt; Parameters: accountancy(String)
10:45:10,852 [main] DEBUG org.activiti.engine.impl.persistence.entity.MembershipRelation.deleteMembershipsByGroupId  - &lt;==    Updates: 1
10:45:10,852 [main] DEBUG org.activiti.engine.impl.db.DbSqlSession  - executing: delete org.activiti.engine.impl.persistence.entity.GroupEntity@aeb8ee2
10:45:10,852 [main] DEBUG org.activiti.engine.impl.persistence.entity.GroupEntity.deleteGroup  - ==&gt;  Preparing: delete from ACT_ID_GROUP where ID_ = ? and REV_ = ? 
10:45:10,852 [main] DEBUG org.activiti.engine.impl.persistence.entity.GroupEntity.deleteGroup  - ==&gt; Parameters: accountancy(String), 1(Integer)
10:45:10,852 [main] DEBUG org.activiti.engine.impl.persistence.entity.GroupEntity.deleteGroup  - &lt;==    Updates: 1
10:45:10,852 [main] DEBUG org.activiti.engine.impl.cfg.standalone.StandaloneMybatisTransactionContext  - firing event committing...
10:45:10,852 [main] DEBUG org.activiti.engine.impl.cfg.standalone.StandaloneMybatisTransactionContext  - committing the ibatis sql session...
10:45:10,852 [main] DEBUG org.apache.ibatis.transaction.jdbc.JdbcTransaction  - Committing JDBC Connection [conn2: url=jdbc:h2:mem:activiti user=SA]
10:45:10,852 [main] DEBUG org.activiti.engine.impl.cfg.standalone.StandaloneMybatisTransactionContext  - firing event committed...
10:45:10,852 [main] DEBUG org.apache.ibatis.transaction.jdbc.JdbcTransaction  - Resetting autocommit to true on JDBC Connection [conn2: url=jdbc:h2:mem:activiti user=SA]
10:45:10,852 [main] DEBUG org.apache.ibatis.transaction.jdbc.JdbcTransaction  - Closing JDBC Connection [conn2: url=jdbc:h2:mem:activiti user=SA]
10:45:10,852 [main] DEBUG org.apache.ibatis.datasource.pooled.PooledDataSource  - Returned connection 363509958 to pool.
10:45:10,852 [main] DEBUG org.activiti.engine.impl.interceptor.LogInterceptor  - --- DeleteGroupCmd finished --------------------------------------------------------
10:45:10,852 [main] DEBUG org.activiti.engine.impl.interceptor.LogInterceptor  - 

10:45:10,852 [main] DEBUG org.activiti.engine.impl.interceptor.LogInterceptor  - 

10:45:10,852 [main] DEBUG org.activiti.engine.impl.interceptor.LogInterceptor  - --- starting DeleteGroupCmd --------------------------------------------------------
10:45:10,852 [main] DEBUG org.apache.ibatis.transaction.jdbc.JdbcTransaction  - Opening JDBC Connection
10:45:10,852 [main] DEBUG org.apache.ibatis.datasource.pooled.PooledDataSource  - Checked out connection 297240765 from pool.
10:45:10,852 [main] DEBUG org.apache.ibatis.transaction.jdbc.JdbcTransaction  - Setting autocommit to false on JDBC Connection [conn4: url=jdbc:h2:mem:activiti user=SA]
10:45:10,852 [main] DEBUG org.activiti.engine.impl.persistence.entity.GroupEntity.selectGroup  - ==&gt;  Preparing: select * from ACT_ID_GROUP where ID_ = ? 
10:45:10,852 [main] DEBUG org.activiti.engine.impl.persistence.entity.GroupEntity.selectGroup  - ==&gt; Parameters: management(String)
10:45:10,852 [main] DEBUG org.activiti.engine.impl.persistence.entity.GroupEntity.selectGroup  - &lt;==      Total: 1
10:45:10,852 [main] DEBUG org.activiti.engine.impl.db.DbSqlSession  -   bulk delete: deleteMembershipsByGroupId(management)
10:45:10,852 [main] DEBUG org.activiti.engine.impl.db.DbSqlSession  -   delete org.activiti.engine.impl.persistence.entity.GroupEntity@320ca97c
10:45:10,852 [main] DEBUG org.activiti.engine.impl.db.DbSqlSession  - flush summary: 0 insert, 0 update, 2 delete.
10:45:10,852 [main] DEBUG org.activiti.engine.impl.db.DbSqlSession  - now executing flush...
10:45:10,852 [main] DEBUG org.activiti.engine.impl.db.DbSqlSession  - executing: bulk delete: deleteMembershipsByGroupId(management)
10:45:10,852 [main] DEBUG org.activiti.engine.impl.persistence.entity.MembershipRelation.deleteMembershipsByGroupId  - ==&gt;  Preparing: delete from ACT_ID_MEMBERSHIP where GROUP_ID_ = ? 
10:45:10,852 [main] DEBUG org.activiti.engine.impl.persistence.entity.MembershipRelation.deleteMembershipsByGroupId  - ==&gt; Parameters: management(String)
10:45:10,852 [main] DEBUG org.activiti.engine.impl.persistence.entity.MembershipRelation.deleteMembershipsByGroupId  - &lt;==    Updates: 1
10:45:10,852 [main] DEBUG org.activiti.engine.impl.db.DbSqlSession  - executing: delete org.activiti.engine.impl.persistence.entity.GroupEntity@320ca97c
10:45:10,852 [main] DEBUG org.activiti.engine.impl.persistence.entity.GroupEntity.deleteGroup  - ==&gt;  Preparing: delete from ACT_ID_GROUP where ID_ = ? and REV_ = ? 
10:45:10,852 [main] DEBUG org.activiti.engine.impl.persistence.entity.GroupEntity.deleteGroup  - ==&gt; Parameters: management(String), 1(Integer)
10:45:10,852 [main] DEBUG org.activiti.engine.impl.persistence.entity.GroupEntity.deleteGroup  - &lt;==    Updates: 1
10:45:10,852 [main] DEBUG org.activiti.engine.impl.cfg.standalone.StandaloneMybatisTransactionContext  - firing event committing...
10:45:10,852 [main] DEBUG org.activiti.engine.impl.cfg.standalone.StandaloneMybatisTransactionContext  - committing the ibatis sql session...
10:45:10,852 [main] DEBUG org.apache.ibatis.transaction.jdbc.JdbcTransaction  - Committing JDBC Connection [conn4: url=jdbc:h2:mem:activiti user=SA]
10:45:10,852 [main] DEBUG org.activiti.engine.impl.cfg.standalone.StandaloneMybatisTransactionContext  - firing event committed...
10:45:10,852 [main] DEBUG org.apache.ibatis.transaction.jdbc.JdbcTransaction  - Resetting autocommit to true on JDBC Connection [conn4: url=jdbc:h2:mem:activiti user=SA]
10:45:10,852 [main] DEBUG org.apache.ibatis.transaction.jdbc.JdbcTransaction  - Closing JDBC Connection [conn4: url=jdbc:h2:mem:activiti user=SA]
10:45:10,852 [main] DEBUG org.apache.ibatis.datasource.pooled.PooledDataSource  - Returned connection 297240765 to pool.
10:45:10,852 [main] DEBUG org.activiti.engine.impl.interceptor.LogInterceptor  - --- DeleteGroupCmd finished --------------------------------------------------------
10:45:10,852 [main] DEBUG org.activiti.engine.impl.interceptor.LogInterceptor  - 

10:45:10,852 [main] DEBUG org.activiti.engine.impl.interceptor.LogInterceptor  - 

10:45:10,852 [main] DEBUG org.activiti.engine.impl.interceptor.LogInterceptor  - --- starting DeleteUserCmd --------------------------------------------------------
10:45:10,852 [main] DEBUG org.apache.ibatis.transaction.jdbc.JdbcTransaction  - Opening JDBC Connection
10:45:10,852 [main] DEBUG org.apache.ibatis.datasource.pooled.PooledDataSource  - Checked out connection 486346394 from pool.
10:45:10,852 [main] DEBUG org.apache.ibatis.transaction.jdbc.JdbcTransaction  - Setting autocommit to false on JDBC Connection [conn6: url=jdbc:h2:mem:activiti user=SA]
10:45:10,852 [main] DEBUG org.activiti.engine.impl.persistence.entity.UserEntity.selectUserById  - ==&gt;  Preparing: select * from ACT_ID_USER where ID_ = ? 
10:45:10,852 [main] DEBUG org.activiti.engine.impl.persistence.entity.UserEntity.selectUserById  - ==&gt; Parameters: gonzo(String)
10:45:10,852 [main] DEBUG org.activiti.engine.impl.persistence.entity.UserEntity.selectUserById  - &lt;==      Total: 1
10:45:10,852 [main] DEBUG org.activiti.engine.impl.persistence.entity.IdentityInfoEntity.selectIdentityInfoByUserId  - ==&gt;  Preparing: select * from ACT_ID_INFO where USER_ID_ = ? 
10:45:10,852 [main] DEBUG org.activiti.engine.impl.persistence.entity.IdentityInfoEntity.selectIdentityInfoByUserId  - ==&gt; Parameters: gonzo(String)
10:45:10,852 [main] DEBUG org.activiti.engine.impl.persistence.entity.IdentityInfoEntity.selectIdentityInfoByUserId  - &lt;==      Total: 0
10:45:10,852 [main] DEBUG org.activiti.engine.impl.db.DbSqlSession  -   bulk delete: deleteMembershipsByUserId(gonzo)
10:45:10,852 [main] DEBUG org.activiti.engine.impl.db.DbSqlSession  -   delete org.activiti.engine.impl.persistence.entity.UserEntity@3c592c0c
10:45:10,852 [main] DEBUG org.activiti.engine.impl.db.DbSqlSession  - flush summary: 0 insert, 0 update, 2 delete.
10:45:10,852 [main] DEBUG org.activiti.engine.impl.db.DbSqlSession  - now executing flush...
10:45:10,852 [main] DEBUG org.activiti.engine.impl.db.DbSqlSession  - executing: bulk delete: deleteMembershipsByUserId(gonzo)
10:45:10,852 [main] DEBUG org.activiti.engine.impl.persistence.entity.MembershipRelation.deleteMembershipsByUserId  - ==&gt;  Preparing: delete from ACT_ID_MEMBERSHIP where USER_ID_ = ? 
10:45:10,852 [main] DEBUG org.activiti.engine.impl.persistence.entity.MembershipRelation.deleteMembershipsByUserId  - ==&gt; Parameters: gonzo(String)
10:45:10,852 [main] DEBUG org.activiti.engine.impl.persistence.entity.MembershipRelation.deleteMembershipsByUserId  - &lt;==    Updates: 0
10:45:10,852 [main] DEBUG org.activiti.engine.impl.db.DbSqlSession  - executing: delete org.activiti.engine.impl.persistence.entity.UserEntity@3c592c0c
10:45:10,852 [main] DEBUG org.activiti.engine.impl.persistence.entity.UserEntity.deleteUser  - ==&gt;  Preparing: delete from ACT_ID_USER where ID_ = ? and REV_ = ? 
10:45:10,852 [main] DEBUG org.activiti.engine.impl.persistence.entity.UserEntity.deleteUser  - ==&gt; Parameters: gonzo(String), 1(Integer)
10:45:10,852 [main] DEBUG org.activiti.engine.impl.persistence.entity.UserEntity.deleteUser  - &lt;==    Updates: 1
10:45:10,853 [main] DEBUG org.activiti.engine.impl.cfg.standalone.StandaloneMybatisTransactionContext  - firing event committing...
10:45:10,853 [main] DEBUG org.activiti.engine.impl.cfg.standalone.StandaloneMybatisTransactionContext  - committing the ibatis sql session...
10:45:10,853 [main] DEBUG org.apache.ibatis.transaction.jdbc.JdbcTransaction  - Committing JDBC Connection [conn6: url=jdbc:h2:mem:activiti user=SA]
10:45:10,853 [main] DEBUG org.activiti.engine.impl.cfg.standalone.StandaloneMybatisTransactionContext  - firing event committed...
10:45:10,853 [main] DEBUG org.apache.ibatis.transaction.jdbc.JdbcTransaction  - Resetting autocommit to true on JDBC Connection [conn6: url=jdbc:h2:mem:activiti user=SA]
10:45:10,853 [main] DEBUG org.apache.ibatis.transaction.jdbc.JdbcTransaction  - Closing JDBC Connection [conn6: url=jdbc:h2:mem:activiti user=SA]
10:45:10,853 [main] DEBUG org.apache.ibatis.datasource.pooled.PooledDataSource  - Returned connection 486346394 to pool.
10:45:10,853 [main] DEBUG org.activiti.engine.impl.interceptor.LogInterceptor  - --- DeleteUserCmd finished --------------------------------------------------------
10:45:10,853 [main] DEBUG org.activiti.engine.impl.interceptor.LogInterceptor  - 

10:45:10,853 [main] DEBUG org.activiti.engine.impl.interceptor.LogInterceptor  - 

10:45:10,853 [main] DEBUG org.activiti.engine.impl.interceptor.LogInterceptor  - --- starting DeleteUserCmd --------------------------------------------------------
10:45:10,853 [main] DEBUG org.apache.ibatis.transaction.jdbc.JdbcTransaction  - Opening JDBC Connection
10:45:10,853 [main] DEBUG org.apache.ibatis.datasource.pooled.PooledDataSource  - Checked out connection 180014677 from pool.
10:45:10,853 [main] DEBUG org.apache.ibatis.transaction.jdbc.JdbcTransaction  - Setting autocommit to false on JDBC Connection [conn3: url=jdbc:h2:mem:activiti user=SA]
10:45:10,853 [main] DEBUG org.activiti.engine.impl.persistence.entity.UserEntity.selectUserById  - ==&gt;  Preparing: select * from ACT_ID_USER where ID_ = ? 
10:45:10,853 [main] DEBUG org.activiti.engine.impl.persistence.entity.UserEntity.selectUserById  - ==&gt; Parameters: kermit(String)
10:45:10,853 [main] DEBUG org.activiti.engine.impl.persistence.entity.UserEntity.selectUserById  - &lt;==      Total: 1
10:45:10,853 [main] DEBUG org.activiti.engine.impl.persistence.entity.IdentityInfoEntity.selectIdentityInfoByUserId  - ==&gt;  Preparing: select * from ACT_ID_INFO where USER_ID_ = ? 
10:45:10,853 [main] DEBUG org.activiti.engine.impl.persistence.entity.IdentityInfoEntity.selectIdentityInfoByUserId  - ==&gt; Parameters: kermit(String)
10:45:10,853 [main] DEBUG org.activiti.engine.impl.persistence.entity.IdentityInfoEntity.selectIdentityInfoByUserId  - &lt;==      Total: 0
10:45:10,853 [main] DEBUG org.activiti.engine.impl.db.DbSqlSession  -   bulk delete: deleteMembershipsByUserId(kermit)
10:45:10,853 [main] DEBUG org.activiti.engine.impl.db.DbSqlSession  -   delete org.activiti.engine.impl.persistence.entity.UserEntity@3979c6e8
10:45:10,853 [main] DEBUG org.activiti.engine.impl.db.DbSqlSession  - flush summary: 0 insert, 0 update, 2 delete.
10:45:10,853 [main] DEBUG org.activiti.engine.impl.db.DbSqlSession  - now executing flush...
10:45:10,853 [main] DEBUG org.activiti.engine.impl.db.DbSqlSession  - executing: bulk delete: deleteMembershipsByUserId(kermit)
10:45:10,853 [main] DEBUG org.activiti.engine.impl.persistence.entity.MembershipRelation.deleteMembershipsByUserId  - ==&gt;  Preparing: delete from ACT_ID_MEMBERSHIP where USER_ID_ = ? 
10:45:10,853 [main] DEBUG org.activiti.engine.impl.persistence.entity.MembershipRelation.deleteMembershipsByUserId  - ==&gt; Parameters: kermit(String)
10:45:10,853 [main] DEBUG org.activiti.engine.impl.persistence.entity.MembershipRelation.deleteMembershipsByUserId  - &lt;==    Updates: 0
10:45:10,853 [main] DEBUG org.activiti.engine.impl.db.DbSqlSession  - executing: delete org.activiti.engine.impl.persistence.entity.UserEntity@3979c6e8
10:45:10,853 [main] DEBUG org.activiti.engine.impl.persistence.entity.UserEntity.deleteUser  - ==&gt;  Preparing: delete from ACT_ID_USER where ID_ = ? and REV_ = ? 
10:45:10,853 [main] DEBUG org.activiti.engine.impl.persistence.entity.UserEntity.deleteUser  - ==&gt; Parameters: kermit(String), 1(Integer)
10:45:10,853 [main] DEBUG org.activiti.engine.impl.persistence.entity.UserEntity.deleteUser  - &lt;==    Updates: 1
10:45:10,853 [main] DEBUG org.activiti.engine.impl.cfg.standalone.StandaloneMybatisTransactionContext  - firing event committing...
10:45:10,853 [main] DEBUG org.activiti.engine.impl.cfg.standalone.StandaloneMybatisTransactionContext  - committing the ibatis sql session...
10:45:10,853 [main] DEBUG org.apache.ibatis.transaction.jdbc.JdbcTransaction  - Committing JDBC Connection [conn3: url=jdbc:h2:mem:activiti user=SA]
10:45:10,853 [main] DEBUG org.activiti.engine.impl.cfg.standalone.StandaloneMybatisTransactionContext  - firing event committed...
10:45:10,853 [main] DEBUG org.apache.ibatis.transaction.jdbc.JdbcTransaction  - Resetting autocommit to true on JDBC Connection [conn3: url=jdbc:h2:mem:activiti user=SA]
10:45:10,853 [main] DEBUG org.apache.ibatis.transaction.jdbc.JdbcTransaction  - Closing JDBC Connection [conn3: url=jdbc:h2:mem:activiti user=SA]
10:45:10,853 [main] DEBUG org.apache.ibatis.datasource.pooled.PooledDataSource  - Returned connection 180014677 to pool.
10:45:10,853 [main] DEBUG org.activiti.engine.impl.interceptor.LogInterceptor  - --- DeleteUserCmd finished --------------------------------------------------------
10:45:10,853 [main] DEBUG org.activiti.engine.impl.interceptor.LogInterceptor  - 

10:45:10,853 [main] DEBUG org.activiti.engine.impl.interceptor.LogInterceptor  - 

10:45:10,853 [main] DEBUG org.activiti.engine.impl.interceptor.LogInterceptor  - --- starting DeleteTaskCmd --------------------------------------------------------
10:45:10,853 [main] DEBUG org.apache.ibatis.transaction.jdbc.JdbcTransaction  - Opening JDBC Connection
10:45:10,853 [main] DEBUG org.apache.ibatis.datasource.pooled.PooledDataSource  - Checked out connection 363509958 from pool.
10:45:10,853 [main] DEBUG org.apache.ibatis.transaction.jdbc.JdbcTransaction  - Setting autocommit to false on JDBC Connection [conn2: url=jdbc:h2:mem:activiti user=SA]
10:45:10,853 [main] DEBUG org.activiti.engine.impl.persistence.entity.TaskEntity.selectTask  - ==&gt;  Preparing: select * from ACT_RU_TASK where ID_ = ? 
10:45:10,853 [main] DEBUG org.activiti.engine.impl.persistence.entity.TaskEntity.selectTask  - ==&gt; Parameters: 754(String)
10:45:10,853 [main] DEBUG org.activiti.engine.impl.persistence.entity.TaskEntity.selectTask  - &lt;==      Total: 1
10:45:10,853 [main] DEBUG org.activiti.engine.impl.persistence.entity.TaskEntity.selectTasksByParentTaskId  - ==&gt;  Preparing: select * from ACT_RU_TASK where PARENT_TASK_ID_ = ? 
10:45:10,853 [main] DEBUG org.activiti.engine.impl.persistence.entity.TaskEntity.selectTasksByParentTaskId  - ==&gt; Parameters: 754(String)
10:45:10,853 [main] DEBUG org.activiti.engine.impl.persistence.entity.TaskEntity.selectTasksByParentTaskId  - &lt;==      Total: 2
10:45:10,853 [main] DEBUG org.activiti.engine.impl.persistence.entity.TaskEntity.selectTasksByParentTaskId  - ==&gt;  Preparing: select * from ACT_RU_TASK where PARENT_TASK_ID_ = ? 
10:45:10,853 [main] DEBUG org.activiti.engine.impl.persistence.entity.TaskEntity.selectTasksByParentTaskId  - ==&gt; Parameters: 757(String)
10:45:10,853 [main] DEBUG org.activiti.engine.impl.persistence.entity.TaskEntity.selectTasksByParentTaskId  - &lt;==      Total: 0
10:45:10,853 [main] DEBUG org.activiti.engine.impl.persistence.entity.IdentityLinkEntity.selectIdentityLinksByTask  - ==&gt;  Preparing: select * from ACT_RU_IDENTITYLINK where TASK_ID_ = ? 
10:45:10,853 [main] DEBUG org.activiti.engine.impl.persistence.entity.IdentityLinkEntity.selectIdentityLinksByTask  - ==&gt; Parameters: 757(String)
10:45:10,853 [main] DEBUG org.activiti.engine.impl.persistence.entity.IdentityLinkEntity.selectIdentityLinksByTask  - &lt;==      Total: 1
10:45:10,853 [main] DEBUG org.activiti.engine.impl.persistence.entity.VariableInstanceEntity.selectVariablesByTaskId  - ==&gt;  Preparing: select * from ACT_RU_VARIABLE where TASK_ID_ = ? 
10:45:10,853 [main] DEBUG org.activiti.engine.impl.persistence.entity.VariableInstanceEntity.selectVariablesByTaskId  - ==&gt; Parameters: 757(String)
10:45:10,853 [main] DEBUG org.activiti.engine.impl.persistence.entity.VariableInstanceEntity.selectVariablesByTaskId  - &lt;==      Total: 0
10:45:10,853 [main] DEBUG org.activiti.engine.impl.history.DefaultHistoryManager  - Current history level: FULL
10:45:10,853 [main] DEBUG org.activiti.engine.impl.history.DefaultHistoryManager  - Current history level: FULL
10:45:10,853 [main] DEBUG org.activiti.engine.impl.persistence.entity.HistoricTaskInstanceEntity.selectHistoricTaskInstance  - ==&gt;  Preparing: select * from ACT_HI_TASKINST where ID_ = ? 
10:45:10,853 [main] DEBUG org.activiti.engine.impl.persistence.entity.HistoricTaskInstanceEntity.selectHistoricTaskInstance  - ==&gt; Parameters: 757(String)
10:45:10,853 [main] DEBUG org.activiti.engine.impl.persistence.entity.HistoricTaskInstanceEntity.selectHistoricTaskInstance  - &lt;==      Total: 1
10:45:10,853 [main] DEBUG org.activiti.engine.impl.persistence.entity.HistoricTaskInstanceEntity.selectHistoricTasksByParentTaskId  - ==&gt;  Preparing: select * from ACT_HI_TASKINST where PARENT_TASK_ID_ = ? 
10:45:10,853 [main] DEBUG org.activiti.engine.impl.persistence.entity.HistoricTaskInstanceEntity.selectHistoricTasksByParentTaskId  - ==&gt; Parameters: 757(String)
10:45:10,853 [main] DEBUG org.activiti.engine.impl.persistence.entity.HistoricTaskInstanceEntity.selectHistoricTasksByParentTaskId  - &lt;==      Total: 0
10:45:10,853 [main] DEBUG org.activiti.engine.impl.history.DefaultHistoryManager  - Current history level: FULL, level required: FULL
10:45:10,853 [main] DEBUG org.activiti.engine.impl.persistence.entity.HistoricDetailEntity.selectHistoricDetailsByQueryCriteria  - ==&gt;  Preparing: select RES.* from ACT_HI_DETAIL RES WHERE RES.TASK_ID_ = ? order by order by RES.ID_ asc LIMIT ? OFFSET ? 
10:45:10,853 [main] DEBUG org.activiti.engine.impl.interceptor.CommandContext  - Error while closing command context
org.apache.ibatis.exceptions.PersistenceException: 
### Error querying database.  Cause: org.h2.jdbc.JdbcSQLException: Syntax error in SQL statement &quot;SELECT RES.* 
     
    FROM ACT_HI_DETAIL RES
     WHERE  RES.TASK_ID_ = ? 
   
     ORDER BY  ORDER[*] BY RES.ID_ ASC  
    LIMIT ? OFFSET ? &quot;; expected &quot;=, NOT, EXISTS, INTERSECTS, SELECT, FROM&quot;; SQL statement:
select RES.* 
     
    from ACT_HI_DETAIL RES
     WHERE  RES.TASK_ID_ = ? 
   
     order by  order by RES.ID_ asc  
    LIMIT ? OFFSET ? [42001-176]
### The error may exist in org/activiti/db/mapping/entity/HistoricDetail.xml
### The error may involve org.activiti.engine.impl.persistence.entity.HistoricDetailEntity.selectHistoricDetailsByQueryCriteria
### The error occurred while executing a query
### SQL: select RES.*            from ACT_HI_DETAIL RES      WHERE  RES.TASK_ID_ = ?           order by  order by RES.ID_ asc       LIMIT ? OFFSET ?
### Cause: org.h2.jdbc.JdbcSQLException: Syntax error in SQL statement &quot;SELECT RES.* 
     
    FROM ACT_HI_DETAIL RES
     WHERE  RES.TASK_ID_ = ? 
   
     ORDER BY  ORDER[*] BY RES.ID_ ASC  
    LIMIT ? OFFSET ? &quot;; expected &quot;=, NOT, EXISTS, INTERSECTS, SELECT, FROM&quot;; SQL statement:
select RES.* 
     
    from ACT_HI_DETAIL RES
     WHERE  RES.TASK_ID_ = ? 
   
     order by  order by RES.ID_ asc  
    LIMIT ? OFFSET ? [42001-176]
	at org.apache.ibatis.exceptions.ExceptionFactory.wrapException(ExceptionFactory.java:30)
	at org.apache.ibatis.session.defaults.DefaultSqlSession.selectList(DefaultSqlSession.java:122)
	at org.apache.ibatis.session.defaults.DefaultSqlSession.selectList(DefaultSqlSession.java:113)
	at org.activiti.engine.impl.db.DbSqlSession.selectListWithRawParameter(DbSqlSession.java:438)
	at org.activiti.engine.impl.db.DbSqlSession.selectList(DbSqlSession.java:429)
	at org.activiti.engine.impl.db.DbSqlSession.selectList(DbSqlSession.java:419)
	at org.activiti.engine.impl.persistence.entity.HistoricDetailEntityManager.findHistoricDetailsByQueryCriteria(HistoricDetailEntityManager.java:51)
	at org.activiti.engine.impl.HistoricDetailQueryImpl.executeList(HistoricDetailQueryImpl.java:112)
	at org.activiti.engine.impl.AbstractQuery.list(AbstractQuery.java:140)
	at org.activiti.engine.impl.persistence.entity.HistoricDetailEntityManager.deleteHistoricDetailsByTaskId(HistoricDetailEntityManager.java:58)
	at org.activiti.engine.impl.persistence.entity.HistoricTaskInstanceEntityManager.deleteHistoricTaskInstanceById(HistoricTaskInstanceEntityManager.java:122)
	at org.activiti.engine.impl.persistence.entity.TaskEntityManager.deleteTask(TaskEntityManager.java:91)
	at org.activiti.engine.impl.persistence.entity.TaskEntityManager.deleteTask(TaskEntityManager.java:77)
	at org.activiti.engine.impl.persistence.entity.TaskEntityManager.deleteTask(TaskEntityManager.java:201)
	at org.activiti.engine.impl.cmd.DeleteTaskCmd.deleteTask(DeleteTaskCmd.java:64)
	at org.activiti.engine.impl.cmd.DeleteTaskCmd.execute(DeleteTaskCmd.java:51)
	at org.activiti.engine.impl.cmd.DeleteTaskCmd.execute(DeleteTaskCmd.java:26)
	at org.activiti.engine.impl.interceptor.CommandInvoker.execute(CommandInvoker.java:24)
	at org.activiti.engine.impl.interceptor.CommandContextInterceptor.execute(CommandContextInterceptor.java:57)
	at org.activiti.engine.impl.interceptor.LogInterceptor.execute(LogInterceptor.java:37)
	at org.activiti.engine.impl.cfg.CommandExecutorImpl.execute(CommandExecutorImpl.java:40)
	at org.activiti.engine.impl.cfg.CommandExecutorImpl.execute(CommandExecutorImpl.java:35)
	at org.activiti.engine.impl.TaskServiceImpl.deleteTasks(TaskServiceImpl.java:109)
	at org.activiti.engine.test.api.task.SubTaskQueryTest.tearDown(SubTaskQueryTest.java:51)
	at junit.framework.TestCase.runBare(TestCase.java:146)
	at org.activiti.engine.impl.test.AbstractActivitiTestCase.runBare(AbstractActivitiTestCase.java:100)
	at junit.framework.TestResult$1.protect(TestResult.java:122)
	at junit.framework.TestResult.runProtected(TestResult.java:142)
	at junit.framework.TestResult.run(TestResult.java:125)
	at junit.framework.TestCase.run(TestCase.java:129)
	at junit.framework.TestSuite.runTest(TestSuite.java:255)
	at junit.framework.TestSuite.run(TestSuite.java:250)
	at org.junit.internal.runners.JUnit38ClassRunner.run(JUnit38ClassRunner.java:84)
	at org.apache.maven.surefire.junit4.JUnit4TestSet.execute(JUnit4TestSet.java:35)
	at org.apache.maven.surefire.junit4.JUnit4Provider.executeTestSet(JUnit4Provider.java:146)
	at org.apache.maven.surefire.junit4.JUnit4Provider.invoke(JUnit4Provider.java:97)
	at sun.reflect.NativeMethodAccessorImpl.invoke0(Native Method)
	at sun.reflect.NativeMethodAccessorImpl.invoke(NativeMethodAccessorImpl.java:62)
	at sun.reflect.DelegatingMethodAccessorImpl.invoke(DelegatingMethodAccessorImpl.java:43)
	at java.lang.reflect.Method.invoke(Method.java:498)
	at org.apache.maven.surefire.booter.ProviderFactory$ClassLoaderProxy.invoke(ProviderFactory.java:103)
	at com.sun.proxy.$Proxy0.invoke(Unknown Source)
	at org.apache.maven.surefire.booter.SurefireStarter.invokeProvider(SurefireStarter.java:145)
	at org.apache.maven.surefire.booter.SurefireStarter.runSuitesInProcess(SurefireStarter.java:87)
	at org.apache.maven.surefire.booter.ForkedBooter.main(ForkedBooter.java:69)
Caused by: org.h2.jdbc.JdbcSQLException: Syntax error in SQL statement &quot;SELECT RES.* 
     
    FROM ACT_HI_DETAIL RES
     WHERE  RES.TASK_ID_ = ? 
   
     ORDER BY  ORDER[*] BY RES.ID_ ASC  
    LIMIT ? OFFSET ? &quot;; expected &quot;=, NOT, EXISTS, INTERSECTS, SELECT, FROM&quot;; SQL statement:
select RES.* 
     
    from ACT_HI_DETAIL RES
     WHERE  RES.TASK_ID_ = ? 
   
     order by  order by RES.ID_ asc  
    LIMIT ? OFFSET ? [42001-176]
	at org.h2.message.DbException.getJdbcSQLException(DbException.java:344)
	at org.h2.message.DbException.getSyntaxError(DbException.java:204)
	at org.h2.command.Parser.getSyntaxError(Parser.java:524)
	at org.h2.command.Parser.readTerm(Parser.java:2688)
	at org.h2.command.Parser.readFactor(Parser.java:2244)
	at org.h2.command.Parser.readSum(Parser.java:2231)
	at org.h2.command.Parser.readConcat(Parser.java:2201)
	at org.h2.command.Parser.readCondition(Parser.java:2051)
	at org.h2.command.Parser.readAnd(Parser.java:2023)
	at org.h2.command.Parser.readExpression(Parser.java:2015)
	at org.h2.command.Parser.parseEndOfQuery(Parser.java:1726)
	at org.h2.command.Parser.parseSelectUnionExtension(Parser.java:1706)
	at org.h2.command.Parser.parseSelectUnion(Parser.java:1675)
	at org.h2.command.Parser.parseSelect(Parser.java:1662)
	at org.h2.command.Parser.parsePrepared(Parser.java:434)
	at org.h2.command.Parser.parse(Parser.java:306)
	at org.h2.command.Parser.parse(Parser.java:282)
	at org.h2.command.Parser.prepareCommand(Parser.java:243)
	at org.h2.engine.Session.prepareLocal(Session.java:442)
	at org.h2.engine.Session.prepareCommand(Session.java:384)
	at org.h2.jdbc.JdbcConnection.prepareCommand(JdbcConnection.java:1188)
	at org.h2.jdbc.JdbcPreparedStatement.&lt;init&gt;(JdbcPreparedStatement.java:73)
	at org.h2.jdbc.JdbcConnection.prepareStatement(JdbcConnection.java:276)
	at sun.reflect.GeneratedMethodAccessor6.invoke(Unknown Source)
	at sun.reflect.DelegatingMethodAccessorImpl.invoke(DelegatingMethodAccessorImpl.java:43)
	at java.lang.reflect.Method.invoke(Method.java:498)
	at org.apache.ibatis.datasource.pooled.PooledConnection.invoke(PooledConnection.java:245)
	at com.sun.proxy.$Proxy12.prepareStatement(Unknown Source)
	at sun.reflect.GeneratedMethodAccessor6.invoke(Unknown Source)
	at sun.reflect.DelegatingMethodAccessorImpl.invoke(DelegatingMethodAccessorImpl.java:43)
	at java.lang.reflect.Method.invoke(Method.java:498)
	at org.apache.ibatis.logging.jdbc.ConnectionLogger.invoke(ConnectionLogger.java:55)
	at com.sun.proxy.$Proxy12.prepareStatement(Unknown Source)
	at org.apache.ibatis.executor.statement.PreparedStatementHandler.instantiateStatement(PreparedStatementHandler.java:79)
	at org.apache.ibatis.executor.statement.BaseStatementHandler.prepare(BaseStatementHandler.java:88)
	at org.apache.ibatis.executor.statement.RoutingStatementHandler.prepare(RoutingStatementHandler.java:58)
	at org.apache.ibatis.executor.SimpleExecutor.prepareStatement(SimpleExecutor.java:76)
	at org.apache.ibatis.executor.SimpleExecutor.doQuery(SimpleExecutor.java:61)
	at org.apache.ibatis.executor.BaseExecutor.queryFromDatabase(BaseExecutor.java:303)
	at org.apache.ibatis.executor.BaseExecutor.query(BaseExecutor.java:154)
	at org.apache.ibatis.executor.CachingExecutor.query(CachingExecutor.java:102)
	at org.apache.ibatis.executor.CachingExecutor.query(CachingExecutor.java:82)
	at org.apache.ibatis.session.defaults.DefaultSqlSession.selectList(DefaultSqlSession.java:120)
	... 43 more
10:45:10,853 [main] DEBUG org.activiti.engine.impl.cfg.standalone.StandaloneMybatisTransactionContext  - firing event rolling back...
10:45:10,853 [main] DEBUG org.activiti.engine.impl.cfg.standalone.StandaloneMybatisTransactionContext  - rolling back ibatis sql session...
10:45:10,853 [main] DEBUG org.activiti.engine.impl.cfg.standalone.StandaloneMybatisTransactionContext  - firing event rolled back...
10:45:10,853 [main] DEBUG org.apache.ibatis.transaction.jdbc.JdbcTransaction  - Resetting autocommit to true on JDBC Connection [conn2: url=jdbc:h2:mem:activiti user=SA]
10:45:10,853 [main] DEBUG org.apache.ibatis.transaction.jdbc.JdbcTransaction  - Closing JDBC Connection [conn2: url=jdbc:h2:mem:activiti user=SA]
10:45:10,853 [main] DEBUG org.apache.ibatis.datasource.pooled.PooledDataSource  - Returned connection 363509958 to pool.
10:45:10,853 [main] DEBUG org.activiti.engine.impl.interceptor.LogInterceptor  - --- DeleteTaskCmd finished --------------------------------------------------------
10:45:10,853 [main] DEBUG org.activiti.engine.impl.interceptor.LogInterceptor  - 

10:45:10,853 [main] ERROR org.activiti.engine.impl.test.PvmTestCase  - 

10:45:10,853 [main] ERROR org.activiti.engine.impl.test.PvmTestCase  - EXCEPTION: org.apache.ibatis.exceptions.PersistenceException: 
### Error querying database.  Cause: org.h2.jdbc.JdbcSQLException: Syntax error in SQL statement &quot;SELECT DISTINCT RES.* 
       
    FROM ACT_RU_TASK RES
     
     
     
     
    
     
     
     
     WHERE  RES.ASSIGNEE_ = ? 
   
    
     ORDER BY  ORDER[*] BY RES.CREATE_TIME_ DESC  
    LIMIT ? OFFSET ? &quot;; expected &quot;=, NOT, EXISTS, INTERSECTS, SELECT, FROM&quot;; SQL statement:
select distinct RES.* 
       
    from ACT_RU_TASK RES
     
     
     
     
    
     
     
     
     WHERE  RES.ASSIGNEE_ = ? 
   
    
     order by  order by RES.CREATE_TIME_ desc  
    LIMIT ? OFFSET ? [42001-176]
### The error may exist in org/activiti/db/mapping/entity/Task.xml
### The error may involve org.activiti.engine.impl.persistence.entity.TaskEntity.selectTaskByQueryCriteria
### The error occurred while executing a query
### SQL: select distinct RES.*              from ACT_RU_TASK RES                                                     WHERE  RES.ASSIGNEE_ = ?                order by  order by RES.CREATE_TIME_ desc       LIMIT ? OFFSET ?
### Cause: org.h2.jdbc.JdbcSQLException: Syntax error in SQL statement &quot;SELECT DISTINCT RES.* 
       
    FROM ACT_RU_TASK RES
     
     
     
     
    
     
     
     
     WHERE  RES.ASSIGNEE_ = ? 
   
    
     ORDER BY  ORDER[*] BY RES.CREATE_TIME_ DESC  
    LIMIT ? OFFSET ? &quot;; expected &quot;=, NOT, EXISTS, INTERSECTS, SELECT, FROM&quot;; SQL statement:
select distinct RES.* 
       
    from ACT_RU_TASK RES
     
     
     
     
    
     
     
     
     WHERE  RES.ASSIGNEE_ = ? 
   
    
     order by  order by RES.CREATE_TIME_ desc  
    LIMIT ? OFFSET ? [42001-176]
org.apache.ibatis.exceptions.PersistenceException: 
### Error querying database.  Cause: org.h2.jdbc.JdbcSQLException: Syntax error in SQL statement &quot;SELECT DISTINCT RES.* 
       
    FROM ACT_RU_TASK RES
     
     
     
     
    
     
     
     
     WHERE  RES.ASSIGNEE_ = ? 
   
    
     ORDER BY  ORDER[*] BY RES.CREATE_TIME_ DESC  
    LIMIT ? OFFSET ? &quot;; expected &quot;=, NOT, EXISTS, INTERSECTS, SELECT, FROM&quot;; SQL statement:
select distinct RES.* 
       
    from ACT_RU_TASK RES
     
     
     
     
    
     
     
     
     WHERE  RES.ASSIGNEE_ = ? 
   
    
     order by  order by RES.CREATE_TIME_ desc  
    LIMIT ? OFFSET ? [42001-176]
### The error may exist in org/activiti/db/mapping/entity/Task.xml
### The error may involve org.activiti.engine.impl.persistence.entity.TaskEntity.selectTaskByQueryCriteria
### The error occurred while executing a query
### SQL: select distinct RES.*              from ACT_RU_TASK RES                                                     WHERE  RES.ASSIGNEE_ = ?                order by  order by RES.CREATE_TIME_ desc       LIMIT ? OFFSET ?
### Cause: org.h2.jdbc.JdbcSQLException: Syntax error in SQL statement &quot;SELECT DISTINCT RES.* 
       
    FROM ACT_RU_TASK RES
     
     
     
     
    
     
     
     
     WHERE  RES.ASSIGNEE_ = ? 
   
    
     ORDER BY  ORDER[*] BY RES.CREATE_TIME_ DESC  
    LIMIT ? OFFSET ? &quot;; expected &quot;=, NOT, EXISTS, INTERSECTS, SELECT, FROM&quot;; SQL statement:
select distinct RES.* 
       
    from ACT_RU_TASK RES
     
     
     
     
    
     
     
     
     WHERE  RES.ASSIGNEE_ = ? 
   
    
     order by  order by RES.CREATE_TIME_ desc  
    LIMIT ? OFFSET ? [42001-176]
	at org.apache.ibatis.exceptions.ExceptionFactory.wrapException(ExceptionFactory.java:30)
	at org.apache.ibatis.session.defaults.DefaultSqlSession.selectList(DefaultSqlSession.java:122)
	at org.apache.ibatis.session.defaults.DefaultSqlSession.selectList(DefaultSqlSession.java:113)
	at org.activiti.engine.impl.db.DbSqlSession.selectListWithRawParameter(DbSqlSession.java:438)
	at org.activiti.engine.impl.db.DbSqlSession.selectList(DbSqlSession.java:429)
	at org.activiti.engine.impl.persistence.entity.TaskEntityManager.findTasksByQueryCriteria(TaskEntityManager.java:135)
	at org.activiti.engine.impl.TaskQueryImpl.executeList(TaskQueryImpl.java:1256)
	at org.activiti.engine.impl.AbstractQuery.execute(AbstractQuery.java:164)
	at org.activiti.engine.impl.interceptor.CommandInvoker.execute(CommandInvoker.java:24)
	at org.activiti.engine.impl.interceptor.CommandContextInterceptor.execute(CommandContextInterceptor.java:57)
	at org.activiti.engine.impl.interceptor.LogInterceptor.execute(LogInterceptor.java:37)
	at org.activiti.engine.impl.cfg.CommandExecutorImpl.execute(CommandExecutorImpl.java:40)
	at org.activiti.engine.impl.cfg.CommandExecutorImpl.execute(CommandExecutorImpl.java:35)
	at org.activiti.engine.impl.AbstractQuery.list(AbstractQuery.java:138)
	at org.activiti.engine.test.api.task.SubTaskQueryTest.testQueryByAssigneeExcludeSubtasksOrdered(SubTaskQueryTest.java:160)
	at sun.reflect.NativeMethodAccessorImpl.invoke0(Native Method)
	at sun.reflect.NativeMethodAccessorImpl.invoke(NativeMethodAccessorImpl.java:62)
	at sun.reflect.DelegatingMethodAccessorImpl.invoke(DelegatingMethodAccessorImpl.java:43)
	at java.lang.reflect.Method.invoke(Method.java:498)
	at junit.framework.TestCase.runTest(TestCase.java:176)
	at org.activiti.engine.impl.test.PvmTestCase.runTest(PvmTestCase.java:65)
	at junit.framework.TestCase.runBare(TestCase.java:141)
	at org.activiti.engine.impl.test.AbstractActivitiTestCase.runBare(AbstractActivitiTestCase.java:100)
	at junit.framework.TestResult$1.protect(TestResult.java:122)
	at junit.framework.TestResult.runProtected(TestResult.java:142)
	at junit.framework.TestResult.run(TestResult.java:125)
	at junit.framework.TestCase.run(TestCase.java:129)
	at junit.framework.TestSuite.runTest(TestSuite.java:255)
	at junit.framework.TestSuite.run(TestSuite.java:250)
	at org.junit.internal.runners.JUnit38ClassRunner.run(JUnit38ClassRunner.java:84)
	at org.apache.maven.surefire.junit4.JUnit4TestSet.execute(JUnit4TestSet.java:35)
	at org.apache.maven.surefire.junit4.JUnit4Provider.executeTestSet(JUnit4Provider.java:146)
	at org.apache.maven.surefire.junit4.JUnit4Provider.invoke(JUnit4Provider.java:97)
	at sun.reflect.NativeMethodAccessorImpl.invoke0(Native Method)
	at sun.reflect.NativeMethodAccessorImpl.invoke(NativeMethodAccessorImpl.java:62)
	at sun.reflect.DelegatingMethodAccessorImpl.invoke(DelegatingMethodAccessorImpl.java:43)
	at java.lang.reflect.Method.invoke(Method.java:498)
	at org.apache.maven.surefire.booter.ProviderFactory$ClassLoaderProxy.invoke(ProviderFactory.java:103)
	at com.sun.proxy.$Proxy0.invoke(Unknown Source)
	at org.apache.maven.surefire.booter.SurefireStarter.invokeProvider(SurefireStarter.java:145)
	at org.apache.maven.surefire.booter.SurefireStarter.runSuitesInProcess(SurefireStarter.java:87)
	at org.apache.maven.surefire.booter.ForkedBooter.main(ForkedBooter.java:69)
Caused by: org.h2.jdbc.JdbcSQLException: Syntax error in SQL statement &quot;SELECT DISTINCT RES.* 
       
    FROM ACT_RU_TASK RES
     
     
     
     
    
     
     
     
     WHERE  RES.ASSIGNEE_ = ? 
   
    
     ORDER BY  ORDER[*] BY RES.CREATE_TIME_ DESC  
    LIMIT ? OFFSET ? &quot;; expected &quot;=, NOT, EXISTS, INTERSECTS, SELECT, FROM&quot;; SQL statement:
select distinct RES.* 
       
    from ACT_RU_TASK RES
     
     
     
     
    
     
     
     
     WHERE  RES.ASSIGNEE_ = ? 
   
    
     order by  order by RES.CREATE_TIME_ desc  
    LIMIT ? OFFSET ? [42001-176]
	at org.h2.message.DbException.getJdbcSQLException(DbException.java:344)
	at org.h2.message.DbException.getSyntaxError(DbException.java:204)
	at org.h2.command.Parser.getSyntaxError(Parser.java:524)
	at org.h2.command.Parser.readTerm(Parser.java:2688)
	at org.h2.command.Parser.readFactor(Parser.java:2244)
	at org.h2.command.Parser.readSum(Parser.java:2231)
	at org.h2.command.Parser.readConcat(Parser.java:2201)
	at org.h2.command.Parser.readCondition(Parser.java:2051)
	at org.h2.command.Parser.readAnd(Parser.java:2023)
	at org.h2.command.Parser.readExpression(Parser.java:2015)
	at org.h2.command.Parser.parseEndOfQuery(Parser.java:1726)
	at org.h2.command.Parser.parseSelectUnionExtension(Parser.java:1706)
	at org.h2.command.Parser.parseSelectUnion(Parser.java:1675)
	at org.h2.command.Parser.parseSelect(Parser.java:1662)
	at org.h2.command.Parser.parsePrepared(Parser.java:434)
	at org.h2.command.Parser.parse(Parser.java:306)
	at org.h2.command.Parser.parse(Parser.java:282)
	at org.h2.command.Parser.prepareCommand(Parser.java:243)
	at org.h2.engine.Session.prepareLocal(Session.java:442)
	at org.h2.engine.Session.prepareCommand(Session.java:384)
	at org.h2.jdbc.JdbcConnection.prepareCommand(JdbcConnection.java:1188)
	at org.h2.jdbc.JdbcPreparedStatement.&lt;init&gt;(JdbcPreparedStatement.java:73)
	at org.h2.jdbc.JdbcConnection.prepareStatement(JdbcConnection.java:276)
	at sun.reflect.GeneratedMethodAccessor6.invoke(Unknown Source)
	at sun.reflect.DelegatingMethodAccessorImpl.invoke(DelegatingMethodAccessorImpl.java:43)
	at java.lang.reflect.Method.invoke(Method.java:498)
	at org.apache.ibatis.datasource.pooled.PooledConnection.invoke(PooledConnection.java:245)
	at com.sun.proxy.$Proxy12.prepareStatement(Unknown Source)
	at sun.reflect.GeneratedMethodAccessor6.invoke(Unknown Source)
	at sun.reflect.DelegatingMethodAccessorImpl.invoke(DelegatingMethodAccessorImpl.java:43)
	at java.lang.reflect.Method.invoke(Method.java:498)
	at org.apache.ibatis.logging.jdbc.ConnectionLogger.invoke(ConnectionLogger.java:55)
	at com.sun.proxy.$Proxy12.prepareStatement(Unknown Source)
	at org.apache.ibatis.executor.statement.PreparedStatementHandler.instantiateStatement(PreparedStatementHandler.java:79)
	at org.apache.ibatis.executor.statement.BaseStatementHandler.prepare(BaseStatementHandler.java:88)
	at org.apache.ibatis.executor.statement.RoutingStatementHandler.prepare(RoutingStatementHandler.java:58)
	at org.apache.ibatis.executor.SimpleExecutor.prepareStatement(SimpleExecutor.java:76)
	at org.apache.ibatis.executor.SimpleExecutor.doQuery(SimpleExecutor.java:61)
	at org.apache.ibatis.executor.BaseExecutor.queryFromDatabase(BaseExecutor.java:303)
	at org.apache.ibatis.executor.BaseExecutor.query(BaseExecutor.java:154)
	at org.apache.ibatis.executor.CachingExecutor.query(CachingExecutor.java:102)
	at org.apache.ibatis.executor.CachingExecutor.query(CachingExecutor.java:82)
	at org.apache.ibatis.session.defaults.DefaultSqlSession.selectList(DefaultSqlSession.java:120)
	... 40 more
10:45:10,854 [main] DEBUG org.activiti.engine.impl.test.PvmTestCase  - verifying that db is clean after test
10:45:10,854 [main] DEBUG org.activiti.engine.impl.interceptor.LogInterceptor  - 

10:45:10,854 [main] DEBUG org.activiti.engine.impl.interceptor.LogInterceptor  - --- starting GetTableCountCmd --------------------------------------------------------
10:45:10,854 [main] DEBUG org.apache.ibatis.transaction.jdbc.JdbcTransaction  - Opening JDBC Connection
10:45:10,854 [main] DEBUG org.apache.ibatis.datasource.pooled.PooledDataSource  - Checked out connection 297240765 from pool.
10:45:10,854 [main] DEBUG org.apache.ibatis.transaction.jdbc.JdbcTransaction  - Setting autocommit to false on JDBC Connection [conn4: url=jdbc:h2:mem:activiti user=SA]
10:45:10,854 [main] DEBUG org.activiti.engine.impl.persistence.entity.TableDataManager  - retrieving activiti tables from jdbc metadata
10:45:10,854 [main] DEBUG org.activiti.engine.impl.persistence.entity.TableDataManager  -   retrieved activiti table name ACT_EVT_LOG
10:45:10,854 [main] DEBUG org.activiti.engine.impl.persistence.entity.TableDataManager  -   retrieved activiti table name ACT_GE_BYTEARRAY
10:45:10,854 [main] DEBUG org.activiti.engine.impl.persistence.entity.TableDataManager  -   retrieved activiti table name ACT_GE_PROPERTY
10:45:10,854 [main] DEBUG org.activiti.engine.impl.persistence.entity.TableDataManager  -   retrieved activiti table name ACT_HI_ACTINST
10:45:10,854 [main] DEBUG org.activiti.engine.impl.persistence.entity.TableDataManager  -   retrieved activiti table name ACT_HI_ATTACHMENT
10:45:10,854 [main] DEBUG org.activiti.engine.impl.persistence.entity.TableDataManager  -   retrieved activiti table name ACT_HI_COMMENT
10:45:10,854 [main] DEBUG org.activiti.engine.impl.persistence.entity.TableDataManager  -   retrieved activiti table name ACT_HI_DETAIL
10:45:10,854 [main] DEBUG org.activiti.engine.impl.persistence.entity.TableDataManager  -   retrieved activiti table name ACT_HI_IDENTITYLINK
10:45:10,854 [main] DEBUG org.activiti.engine.impl.persistence.entity.TableDataManager  -   retrieved activiti table name ACT_HI_PROCINST
10:45:10,854 [main] DEBUG org.activiti.engine.impl.persistence.entity.TableDataManager  -   retrieved activiti table name ACT_HI_TASKINST
10:45:10,854 [main] DEBUG org.activiti.engine.impl.persistence.entity.TableDataManager  -   retrieved activiti table name ACT_HI_VARINST
10:45:10,854 [main] DEBUG org.activiti.engine.impl.persistence.entity.TableDataManager  -   retrieved activiti table name ACT_ID_GROUP
10:45:10,854 [main] DEBUG org.activiti.engine.impl.persistence.entity.TableDataManager  -   retrieved activiti table name ACT_ID_INFO
10:45:10,854 [main] DEBUG org.activiti.engine.impl.persistence.entity.TableDataManager  -   retrieved activiti table name ACT_ID_MEMBERSHIP
10:45:10,854 [main] DEBUG org.activiti.engine.impl.persistence.entity.TableDataManager  -   retrieved activiti table name ACT_ID_USER
10:45:10,854 [main] DEBUG org.activiti.engine.impl.persistence.entity.TableDataManager  -   retrieved activiti table name ACT_PROCDEF_INFO
10:45:10,854 [main] DEBUG org.activiti.engine.impl.persistence.entity.TableDataManager  -   retrieved activiti table name ACT_RE_DEPLOYMENT
10:45:10,854 [main] DEBUG org.activiti.engine.impl.persistence.entity.TableDataManager  -   retrieved activiti table name ACT_RE_MODEL
10:45:10,854 [main] DEBUG org.activiti.engine.impl.persistence.entity.TableDataManager  -   retrieved activiti table name ACT_RE_PROCDEF
10:45:10,854 [main] DEBUG org.activiti.engine.impl.persistence.entity.TableDataManager  -   retrieved activiti table name ACT_RU_EVENT_SUBSCR
10:45:10,854 [main] DEBUG org.activiti.engine.impl.persistence.entity.TableDataManager  -   retrieved activiti table name ACT_RU_EXECUTION
10:45:10,854 [main] DEBUG org.activiti.engine.impl.persistence.entity.TableDataManager  -   retrieved activiti table name ACT_RU_IDENTITYLINK
10:45:10,854 [main] DEBUG org.activiti.engine.impl.persistence.entity.TableDataManager  -   retrieved activiti table name ACT_RU_JOB
10:45:10,854 [main] DEBUG org.activiti.engine.impl.persistence.entity.TableDataManager  -   retrieved activiti table name ACT_RU_TASK
10:45:10,854 [main] DEBUG org.activiti.engine.impl.persistence.entity.TableDataManager  -   retrieved activiti table name ACT_RU_VARIABLE
10:45:10,854 [main] DEBUG org.activiti.engine.impl.persistence.entity.TableDataManager  - selecting table count for ACT_EVT_LOG
10:45:10,854 [main] DEBUG org.activiti.engine.impl.TablePageMap.selectTableCount  - ==&gt;  Preparing: select count(*) from ACT_EVT_LOG 
10:45:10,854 [main] DEBUG org.activiti.engine.impl.TablePageMap.selectTableCount  - ==&gt; Parameters: 
10:45:10,854 [main] DEBUG org.activiti.engine.impl.TablePageMap.selectTableCount  - &lt;==      Total: 1
10:45:10,854 [main] DEBUG org.activiti.engine.impl.persistence.entity.TableDataManager  - selecting table count for ACT_GE_BYTEARRAY
10:45:10,854 [main] DEBUG org.activiti.engine.impl.TablePageMap.selectTableCount  - ==&gt;  Preparing: select count(*) from ACT_GE_BYTEARRAY 
10:45:10,854 [main] DEBUG org.activiti.engine.impl.TablePageMap.selectTableCount  - ==&gt; Parameters: 
10:45:10,854 [main] DEBUG org.activiti.engine.impl.TablePageMap.selectTableCount  - &lt;==      Total: 1
10:45:10,854 [main] DEBUG org.activiti.engine.impl.persistence.entity.TableDataManager  - selecting table count for ACT_GE_PROPERTY
10:45:10,854 [main] DEBUG org.activiti.engine.impl.TablePageMap.selectTableCount  - ==&gt;  Preparing: select count(*) from ACT_GE_PROPERTY 
10:45:10,854 [main] DEBUG org.activiti.engine.impl.TablePageMap.selectTableCount  - ==&gt; Parameters: 
10:45:10,854 [main] DEBUG org.activiti.engine.impl.TablePageMap.selectTableCount  - &lt;==      Total: 1
10:45:10,854 [main] DEBUG org.activiti.engine.impl.persistence.entity.TableDataManager  - selecting table count for ACT_HI_ACTINST
10:45:10,854 [main] DEBUG org.activiti.engine.impl.TablePageMap.selectTableCount  - ==&gt;  Preparing: select count(*) from ACT_HI_ACTINST 
10:45:10,854 [main] DEBUG org.activiti.engine.impl.TablePageMap.selectTableCount  - ==&gt; Parameters: 
10:45:10,854 [main] DEBUG org.activiti.engine.impl.TablePageMap.selectTableCount  - &lt;==      Total: 1
10:45:10,854 [main] DEBUG org.activiti.engine.impl.persistence.entity.TableDataManager  - selecting table count for ACT_HI_ATTACHMENT
10:45:10,854 [main] DEBUG org.activiti.engine.impl.TablePageMap.selectTableCount  - ==&gt;  Preparing: select count(*) from ACT_HI_ATTACHMENT 
10:45:10,854 [main] DEBUG org.activiti.engine.impl.TablePageMap.selectTableCount  - ==&gt; Parameters: 
10:45:10,854 [main] DEBUG org.activiti.engine.impl.TablePageMap.selectTableCount  - &lt;==      Total: 1
10:45:10,854 [main] DEBUG org.activiti.engine.impl.persistence.entity.TableDataManager  - selecting table count for ACT_HI_COMMENT
10:45:10,854 [main] DEBUG org.activiti.engine.impl.TablePageMap.selectTableCount  - ==&gt;  Preparing: select count(*) from ACT_HI_COMMENT 
10:45:10,854 [main] DEBUG org.activiti.engine.impl.TablePageMap.selectTableCount  - ==&gt; Parameters: 
10:45:10,854 [main] DEBUG org.activiti.engine.impl.TablePageMap.selectTableCount  - &lt;==      Total: 1
10:45:10,854 [main] DEBUG org.activiti.engine.impl.persistence.entity.TableDataManager  - selecting table count for ACT_HI_DETAIL
10:45:10,854 [main] DEBUG org.activiti.engine.impl.TablePageMap.selectTableCount  - ==&gt;  Preparing: select count(*) from ACT_HI_DETAIL 
10:45:10,854 [main] DEBUG org.activiti.engine.impl.TablePageMap.selectTableCount  - ==&gt; Parameters: 
10:45:10,854 [main] DEBUG org.activiti.engine.impl.TablePageMap.selectTableCount  - &lt;==      Total: 1
10:45:10,854 [main] DEBUG org.activiti.engine.impl.persistence.entity.TableDataManager  - selecting table count for ACT_HI_IDENTITYLINK
10:45:10,854 [main] DEBUG org.activiti.engine.impl.TablePageMap.selectTableCount  - ==&gt;  Preparing: select count(*) from ACT_HI_IDENTITYLINK 
10:45:10,854 [main] DEBUG org.activiti.engine.impl.TablePageMap.selectTableCount  - ==&gt; Parameters: 
10:45:10,854 [main] DEBUG org.activiti.engine.impl.TablePageMap.selectTableCount  - &lt;==      Total: 1
10:45:10,854 [main] DEBUG org.activiti.engine.impl.persistence.entity.TableDataManager  - selecting table count for ACT_HI_PROCINST
10:45:10,854 [main] DEBUG org.activiti.engine.impl.TablePageMap.selectTableCount  - ==&gt;  Preparing: select count(*) from ACT_HI_PROCINST 
10:45:10,854 [main] DEBUG org.activiti.engine.impl.TablePageMap.selectTableCount  - ==&gt; Parameters: 
10:45:10,854 [main] DEBUG org.activiti.engine.impl.TablePageMap.selectTableCount  - &lt;==      Total: 1
10:45:10,854 [main] DEBUG org.activiti.engine.impl.persistence.entity.TableDataManager  - selecting table count for ACT_HI_TASKINST
10:45:10,854 [main] DEBUG org.activiti.engine.impl.TablePageMap.selectTableCount  - ==&gt;  Preparing: select count(*) from ACT_HI_TASKINST 
10:45:10,854 [main] DEBUG org.activiti.engine.impl.TablePageMap.selectTableCount  - ==&gt; Parameters: 
10:45:10,854 [main] DEBUG org.activiti.engine.impl.TablePageMap.selectTableCount  - &lt;==      Total: 1
10:45:10,854 [main] DEBUG org.activiti.engine.impl.persistence.entity.TableDataManager  - selecting table count for ACT_HI_VARINST
10:45:10,854 [main] DEBUG org.activiti.engine.impl.TablePageMap.selectTableCount  - ==&gt;  Preparing: select count(*) from ACT_HI_VARINST 
10:45:10,854 [main] DEBUG org.activiti.engine.impl.TablePageMap.selectTableCount  - ==&gt; Parameters: 
10:45:10,854 [main] DEBUG org.activiti.engine.impl.TablePageMap.selectTableCount  - &lt;==      Total: 1
10:45:10,854 [main] DEBUG org.activiti.engine.impl.persistence.entity.TableDataManager  - selecting table count for ACT_ID_GROUP
10:45:10,854 [main] DEBUG org.activiti.engine.impl.TablePageMap.selectTableCount  - ==&gt;  Preparing: select count(*) from ACT_ID_GROUP 
10:45:10,854 [main] DEBUG org.activiti.engine.impl.TablePageMap.selectTableCount  - ==&gt; Parameters: 
10:45:10,854 [main] DEBUG org.activiti.engine.impl.TablePageMap.selectTableCount  - &lt;==      Total: 1
10:45:10,854 [main] DEBUG org.activiti.engine.impl.persistence.entity.TableDataManager  - selecting table count for ACT_ID_INFO
10:45:10,854 [main] DEBUG org.activiti.engine.impl.TablePageMap.selectTableCount  - ==&gt;  Preparing: select count(*) from ACT_ID_INFO 
10:45:10,854 [main] DEBUG org.activiti.engine.impl.TablePageMap.selectTableCount  - ==&gt; Parameters: 
10:45:10,854 [main] DEBUG org.activiti.engine.impl.TablePageMap.selectTableCount  - &lt;==      Total: 1
10:45:10,854 [main] DEBUG org.activiti.engine.impl.persistence.entity.TableDataManager  - selecting table count for ACT_ID_MEMBERSHIP
10:45:10,854 [main] DEBUG org.activiti.engine.impl.TablePageMap.selectTableCount  - ==&gt;  Preparing: select count(*) from ACT_ID_MEMBERSHIP 
10:45:10,854 [main] DEBUG org.activiti.engine.impl.TablePageMap.selectTableCount  - ==&gt; Parameters: 
10:45:10,854 [main] DEBUG org.activiti.engine.impl.TablePageMap.selectTableCount  - &lt;==      Total: 1
10:45:10,854 [main] DEBUG org.activiti.engine.impl.persistence.entity.TableDataManager  - selecting table count for ACT_ID_USER
10:45:10,854 [main] DEBUG org.activiti.engine.impl.TablePageMap.selectTableCount  - ==&gt;  Preparing: select count(*) from ACT_ID_USER 
10:45:10,854 [main] DEBUG org.activiti.engine.impl.TablePageMap.selectTableCount  - ==&gt; Parameters: 
10:45:10,854 [main] DEBUG org.activiti.engine.impl.TablePageMap.selectTableCount  - &lt;==      Total: 1
10:45:10,854 [main] DEBUG org.activiti.engine.impl.persistence.entity.TableDataManager  - selecting table count for ACT_PROCDEF_INFO
10:45:10,854 [main] DEBUG org.activiti.engine.impl.TablePageMap.selectTableCount  - ==&gt;  Preparing: select count(*) from ACT_PROCDEF_INFO 
10:45:10,854 [main] DEBUG org.activiti.engine.impl.TablePageMap.selectTableCount  - ==&gt; Parameters: 
10:45:10,854 [main] DEBUG org.activiti.engine.impl.TablePageMap.selectTableCount  - &lt;==      Total: 1
10:45:10,854 [main] DEBUG org.activiti.engine.impl.persistence.entity.TableDataManager  - selecting table count for ACT_RE_DEPLOYMENT
10:45:10,854 [main] DEBUG org.activiti.engine.impl.TablePageMap.selectTableCount  - ==&gt;  Preparing: select count(*) from ACT_RE_DEPLOYMENT 
10:45:10,854 [main] DEBUG org.activiti.engine.impl.TablePageMap.selectTableCount  - ==&gt; Parameters: 
10:45:10,854 [main] DEBUG org.activiti.engine.impl.TablePageMap.selectTableCount  - &lt;==      Total: 1
10:45:10,854 [main] DEBUG org.activiti.engine.impl.persistence.entity.TableDataManager  - selecting table count for ACT_RE_MODEL
10:45:10,854 [main] DEBUG org.activiti.engine.impl.TablePageMap.selectTableCount  - ==&gt;  Preparing: select count(*) from ACT_RE_MODEL 
10:45:10,854 [main] DEBUG org.activiti.engine.impl.TablePageMap.selectTableCount  - ==&gt; Parameters: 
10:45:10,854 [main] DEBUG org.activiti.engine.impl.TablePageMap.selectTableCount  - &lt;==      Total: 1
10:45:10,854 [main] DEBUG org.activiti.engine.impl.persistence.entity.TableDataManager  - selecting table count for ACT_RE_PROCDEF
10:45:10,854 [main] DEBUG org.activiti.engine.impl.TablePageMap.selectTableCount  - ==&gt;  Preparing: select count(*) from ACT_RE_PROCDEF 
10:45:10,854 [main] DEBUG org.activiti.engine.impl.TablePageMap.selectTableCount  - ==&gt; Parameters: 
10:45:10,854 [main] DEBUG org.activiti.engine.impl.TablePageMap.selectTableCount  - &lt;==      Total: 1
10:45:10,854 [main] DEBUG org.activiti.engine.impl.persistence.entity.TableDataManager  - selecting table count for ACT_RU_EVENT_SUBSCR
10:45:10,854 [main] DEBUG org.activiti.engine.impl.TablePageMap.selectTableCount  - ==&gt;  Preparing: select count(*) from ACT_RU_EVENT_SUBSCR 
10:45:10,854 [main] DEBUG org.activiti.engine.impl.TablePageMap.selectTableCount  - ==&gt; Parameters: 
10:45:10,854 [main] DEBUG org.activiti.engine.impl.TablePageMap.selectTableCount  - &lt;==      Total: 1
10:45:10,854 [main] DEBUG org.activiti.engine.impl.persistence.entity.TableDataManager  - selecting table count for ACT_RU_EXECUTION
10:45:10,854 [main] DEBUG org.activiti.engine.impl.TablePageMap.selectTableCount  - ==&gt;  Preparing: select count(*) from ACT_RU_EXECUTION 
10:45:10,854 [main] DEBUG org.activiti.engine.impl.TablePageMap.selectTableCount  - ==&gt; Parameters: 
10:45:10,854 [main] DEBUG org.activiti.engine.impl.TablePageMap.selectTableCount  - &lt;==      Total: 1
10:45:10,854 [main] DEBUG org.activiti.engine.impl.persistence.entity.TableDataManager  - selecting table count for ACT_RU_IDENTITYLINK
10:45:10,854 [main] DEBUG org.activiti.engine.impl.TablePageMap.selectTableCount  - ==&gt;  Preparing: select count(*) from ACT_RU_IDENTITYLINK 
10:45:10,855 [main] DEBUG org.activiti.engine.impl.TablePageMap.selectTableCount  - ==&gt; Parameters: 
10:45:10,855 [main] DEBUG org.activiti.engine.impl.TablePageMap.selectTableCount  - &lt;==      Total: 1
10:45:10,855 [main] DEBUG org.activiti.engine.impl.persistence.entity.TableDataManager  - selecting table count for ACT_RU_JOB
10:45:10,855 [main] DEBUG org.activiti.engine.impl.TablePageMap.selectTableCount  - ==&gt;  Preparing: select count(*) from ACT_RU_JOB 
10:45:10,855 [main] DEBUG org.activiti.engine.impl.TablePageMap.selectTableCount  - ==&gt; Parameters: 
10:45:10,855 [main] DEBUG org.activiti.engine.impl.TablePageMap.selectTableCount  - &lt;==      Total: 1
10:45:10,855 [main] DEBUG org.activiti.engine.impl.persistence.entity.TableDataManager  - selecting table count for ACT_RU_TASK
10:45:10,855 [main] DEBUG org.activiti.engine.impl.TablePageMap.selectTableCount  - ==&gt;  Preparing: select count(*) from ACT_RU_TASK 
10:45:10,855 [main] DEBUG org.activiti.engine.impl.TablePageMap.selectTableCount  - ==&gt; Parameters: 
10:45:10,855 [main] DEBUG org.activiti.engine.impl.TablePageMap.selectTableCount  - &lt;==      Total: 1
10:45:10,855 [main] DEBUG org.activiti.engine.impl.persistence.entity.TableDataManager  - selecting table count for ACT_RU_VARIABLE
10:45:10,855 [main] DEBUG org.activiti.engine.impl.TablePageMap.selectTableCount  - ==&gt;  Preparing: select count(*) from ACT_RU_VARIABLE 
10:45:10,855 [main] DEBUG org.activiti.engine.impl.TablePageMap.selectTableCount  - ==&gt; Parameters: 
10:45:10,855 [main] DEBUG org.activiti.engine.impl.TablePageMap.selectTableCount  - &lt;==      Total: 1
10:45:10,855 [main] DEBUG org.activiti.engine.impl.persistence.entity.TableDataManager  - Number of rows per activiti table: {ACT_RU_EVENT_SUBSCR=0, ACT_ID_USER=0, ACT_HI_ATTACHMENT=0, ACT_GE_BYTEARRAY=8, ACT_RE_MODEL=0, ACT_RU_VARIABLE=2, ACT_RU_TASK=11, ACT_RE_DEPLOYMENT=2, ACT_RE_PROCDEF=2, ACT_ID_GROUP=0, ACT_HI_VARINST=2, ACT_HI_COMMENT=10, ACT_HI_PROCINST=1, ACT_ID_INFO=0, ACT_ID_MEMBERSHIP=0, ACT_RU_JOB=0, ACT_PROCDEF_INFO=0, ACT_HI_ACTINST=2, ACT_RU_EXECUTION=1, ACT_HI_TASKINST=11, ACT_HI_DETAIL=2, ACT_EVT_LOG=0, ACT_HI_IDENTITYLINK=9, ACT_RU_IDENTITYLINK=9, ACT_GE_PROPERTY=3}
10:45:10,855 [main] DEBUG org.activiti.engine.impl.db.DbSqlSession  - flush summary: 0 insert, 0 update, 0 delete.
10:45:10,855 [main] DEBUG org.activiti.engine.impl.db.DbSqlSession  - now executing flush...
10:45:10,855 [main] DEBUG org.activiti.engine.impl.cfg.standalone.StandaloneMybatisTransactionContext  - firing event committing...
10:45:10,855 [main] DEBUG org.activiti.engine.impl.cfg.standalone.StandaloneMybatisTransactionContext  - committing the ibatis sql session...
10:45:10,855 [main] DEBUG org.activiti.engine.impl.cfg.standalone.StandaloneMybatisTransactionContext  - firing event committed...
10:45:10,855 [main] DEBUG org.apache.ibatis.transaction.jdbc.JdbcTransaction  - Resetting autocommit to true on JDBC Connection [conn4: url=jdbc:h2:mem:activiti user=SA]
10:45:10,855 [main] DEBUG org.apache.ibatis.transaction.jdbc.JdbcTransaction  - Closing JDBC Connection [conn4: url=jdbc:h2:mem:activiti user=SA]
10:45:10,855 [main] DEBUG org.apache.ibatis.datasource.pooled.PooledDataSource  - Returned connection 297240765 to pool.
10:45:10,855 [main] DEBUG org.activiti.engine.impl.interceptor.LogInterceptor  - --- GetTableCountCmd finished --------------------------------------------------------
10:45:10,855 [main] DEBUG org.activiti.engine.impl.interceptor.LogInterceptor  - 

10:45:10,855 [main] ERROR org.activiti.engine.impl.test.PvmTestCase  - 

10:45:10,855 [main] ERROR org.activiti.engine.impl.test.PvmTestCase  - DB NOT CLEAN: 
  ACT_GE_BYTEARRAY: 8 record(s)   ACT_RU_VARIABLE: 2 record(s)   ACT_RU_TASK: 11 record(s)   ACT_RE_DEPLOYMENT: 2 record(s)   ACT_RE_PROCDEF: 2 record(s)   ACT_HI_VARINST: 2 record(s)   ACT_HI_COMMENT: 10 record(s)   ACT_HI_PROCINST: 1 record(s)   ACT_HI_ACTINST: 2 record(s)   ACT_RU_EXECUTION: 1 record(s)   ACT_HI_TASKINST: 11 record(s)   ACT_HI_DETAIL: 2 record(s)   ACT_HI_IDENTITYLINK: 9 record(s)   ACT_RU_IDENTITYLINK: 9 record(s) 
10:45:10,855 [main] INFO  org.activiti.engine.impl.test.PvmTestCase  - dropping and recreating db
10:45:10,855 [main] DEBUG org.activiti.engine.impl.interceptor.LogInterceptor  - 

10:45:10,855 [main] DEBUG org.activiti.engine.impl.interceptor.LogInterceptor  - --- starting  --------------------------------------------------------
10:45:10,855 [main] INFO  org.activiti.engine.impl.db.DbSqlSession  - performing drop on engine with resource org/activiti/db/drop/activiti.h2.drop.engine.sql
10:45:10,855 [main] DEBUG org.apache.ibatis.transaction.jdbc.JdbcTransaction  - Opening JDBC Connection
10:45:10,855 [main] DEBUG org.apache.ibatis.datasource.pooled.PooledDataSource  - Checked out connection 486346394 from pool.
10:45:10,855 [main] DEBUG org.apache.ibatis.transaction.jdbc.JdbcTransaction  - Setting autocommit to false on JDBC Connection [conn6: url=jdbc:h2:mem:activiti user=SA]
10:45:10,855 [main] DEBUG org.activiti.engine.impl.db.DbSqlSession  - SQL: drop table if exists ACT_GE_PROPERTY cascade constraints
10:45:10,855 [main] DEBUG org.activiti.engine.impl.db.DbSqlSession  - SQL: drop table if exists ACT_GE_BYTEARRAY cascade constraints
10:45:10,855 [main] DEBUG org.activiti.engine.impl.db.DbSqlSession  - SQL: drop table if exists ACT_RE_DEPLOYMENT cascade constraints
10:45:10,855 [main] DEBUG org.activiti.engine.impl.db.DbSqlSession  - SQL: drop table if exists ACT_RE_MODEL cascade constraints
10:45:10,855 [main] DEBUG org.activiti.engine.impl.db.DbSqlSession  - SQL: drop table if exists ACT_RU_EXECUTION cascade constraints
10:45:10,855 [main] DEBUG org.activiti.engine.impl.db.DbSqlSession  - SQL: drop table if exists ACT_RU_JOB cascade constraints
10:45:10,855 [main] DEBUG org.activiti.engine.impl.db.DbSqlSession  - SQL: drop table if exists ACT_RE_PROCDEF cascade constraints
10:45:10,855 [main] DEBUG org.activiti.engine.impl.db.DbSqlSession  - SQL: drop table if exists ACT_RU_TASK cascade constraints
10:45:10,855 [main] DEBUG org.activiti.engine.impl.db.DbSqlSession  - SQL: drop table if exists ACT_RU_IDENTITYLINK cascade constraints
10:45:10,855 [main] DEBUG org.activiti.engine.impl.db.DbSqlSession  - SQL: drop table if exists ACT_RU_VARIABLE cascade constraints
10:45:10,855 [main] DEBUG org.activiti.engine.impl.db.DbSqlSession  - SQL: drop table if exists ACT_RU_EVENT_SUBSCR cascade constraints
10:45:10,855 [main] DEBUG org.activiti.engine.impl.db.DbSqlSession  - SQL: drop table if exists ACT_EVT_LOG cascade constraints
10:45:10,855 [main] DEBUG org.activiti.engine.impl.db.DbSqlSession  - SQL: drop table if exists ACT_PROCDEF_INFO cascade constraints
10:45:10,855 [main] DEBUG org.activiti.engine.impl.db.DbSqlSession  - SQL: drop index if exists ACT_IDX_EXEC_BUSKEY
10:45:10,855 [main] DEBUG org.activiti.engine.impl.db.DbSqlSession  - SQL: drop index if exists ACT_IDX_TASK_CREATE
10:45:10,855 [main] DEBUG org.activiti.engine.impl.db.DbSqlSession  - SQL: drop index if exists ACT_IDX_IDENT_LNK_USER
10:45:10,855 [main] DEBUG org.activiti.engine.impl.db.DbSqlSession  - SQL: drop index if exists ACT_IDX_IDENT_LNK_GROUP
10:45:10,855 [main] DEBUG org.activiti.engine.impl.db.DbSqlSession  - SQL: drop index if exists ACT_IDX_VARIABLE_TASK_ID
10:45:10,855 [main] DEBUG org.activiti.engine.impl.db.DbSqlSession  - SQL: drop index if exists ACT_IDX_EVENT_SUBSCR_CONFIG_
10:45:10,855 [main] DEBUG org.activiti.engine.impl.db.DbSqlSession  - SQL: drop index if exists ACT_IDX_ATHRZ_PROCEDEF
10:45:10,855 [main] DEBUG org.activiti.engine.impl.db.DbSqlSession  - SQL: drop index if exists ACT_IDX_INFO_PROCDEF
10:45:10,855 [main] DEBUG org.activiti.engine.impl.db.DbSqlSession  - activiti db schema drop for component engine successful
10:45:10,856 [main] INFO  org.activiti.engine.impl.db.DbSqlSession  - performing drop on history with resource org/activiti/db/drop/activiti.h2.drop.history.sql
10:45:10,856 [main] DEBUG org.activiti.engine.impl.db.DbSqlSession  - SQL: drop table if exists ACT_HI_PROCINST cascade constraints
10:45:10,856 [main] DEBUG org.activiti.engine.impl.db.DbSqlSession  - SQL: drop table if exists ACT_HI_ACTINST cascade constraints
10:45:10,856 [main] DEBUG org.activiti.engine.impl.db.DbSqlSession  - SQL: drop table if exists ACT_HI_VARINST cascade constraints
10:45:10,856 [main] DEBUG org.activiti.engine.impl.db.DbSqlSession  - SQL: drop table if exists ACT_HI_TASKINST cascade constraints
10:45:10,856 [main] DEBUG org.activiti.engine.impl.db.DbSqlSession  - SQL: drop table if exists ACT_HI_DETAIL cascade constraints
10:45:10,856 [main] DEBUG org.activiti.engine.impl.db.DbSqlSession  - SQL: drop table if exists ACT_HI_COMMENT cascade constraints
10:45:10,856 [main] DEBUG org.activiti.engine.impl.db.DbSqlSession  - SQL: drop table if exists ACT_HI_ATTACHMENT cascade constraints
10:45:10,856 [main] DEBUG org.activiti.engine.impl.db.DbSqlSession  - SQL: drop table if exists ACT_HI_IDENTITYLINK cascade constraints
10:45:10,856 [main] DEBUG org.activiti.engine.impl.db.DbSqlSession  - SQL: drop index if exists ACT_IDX_HI_PRO_INST_END
10:45:10,856 [main] DEBUG org.activiti.engine.impl.db.DbSqlSession  - SQL: drop index if exists ACT_IDX_HI_PRO_I_BUSKEY
10:45:10,856 [main] DEBUG org.activiti.engine.impl.db.DbSqlSession  - SQL: drop index if exists ACT_IDX_HI_ACT_INST_START
10:45:10,856 [main] DEBUG org.activiti.engine.impl.db.DbSqlSession  - SQL: drop index if exists ACT_IDX_HI_ACT_INST_END
10:45:10,856 [main] DEBUG org.activiti.engine.impl.db.DbSqlSession  - SQL: drop index if exists ACT_IDX_HI_DETAIL_PROC_INST
10:45:10,856 [main] DEBUG org.activiti.engine.impl.db.DbSqlSession  - SQL: drop index if exists ACT_IDX_HI_DETAIL_ACT_INST
10:45:10,856 [main] DEBUG org.activiti.engine.impl.db.DbSqlSession  - SQL: drop index if exists ACT_IDX_HI_DETAIL_TIME
10:45:10,856 [main] DEBUG org.activiti.engine.impl.db.DbSqlSession  - SQL: drop index if exists ACT_IDX_HI_DETAIL_NAME
10:45:10,856 [main] DEBUG org.activiti.engine.impl.db.DbSqlSession  - SQL: drop index if exists ACT_IDX_HI_DETAIL_TASK_ID
10:45:10,856 [main] DEBUG org.activiti.engine.impl.db.DbSqlSession  - SQL: drop index if exists ACT_IDX_HI_PROCVAR_PROC_INST
10:45:10,856 [main] DEBUG org.activiti.engine.impl.db.DbSqlSession  - SQL: drop index if exists ACT_IDX_HI_PROCVAR_NAME_TYPE
10:45:10,856 [main] DEBUG org.activiti.engine.impl.db.DbSqlSession  - SQL: drop index if exists ACT_IDX_HI_ACT_INST_PROCINST
10:45:10,856 [main] DEBUG org.activiti.engine.impl.db.DbSqlSession  - SQL: drop index if exists ACT_IDX_HI_IDENT_LNK_USER
10:45:10,856 [main] DEBUG org.activiti.engine.impl.db.DbSqlSession  - SQL: drop index if exists ACT_IDX_HI_IDENT_LNK_TASK
10:45:10,856 [main] DEBUG org.activiti.engine.impl.db.DbSqlSession  - SQL: drop index if exists ACT_IDX_HI_IDENT_LNK_PROCINST
10:45:10,856 [main] DEBUG org.activiti.engine.impl.db.DbSqlSession  - SQL: drop index if exists ACT_IDX_HI_TASK_INST_PROCINST
10:45:10,856 [main] DEBUG org.activiti.engine.impl.db.DbSqlSession  - activiti db schema drop for component history successful
10:45:10,856 [main] INFO  org.activiti.engine.impl.db.DbSqlSession  - performing drop on identity with resource org/activiti/db/drop/activiti.h2.drop.identity.sql
10:45:10,856 [main] DEBUG org.activiti.engine.impl.db.DbSqlSession  - SQL: drop table if exists ACT_ID_INFO cascade constraints
10:45:10,856 [main] DEBUG org.activiti.engine.impl.db.DbSqlSession  - SQL: drop table if exists ACT_ID_GROUP cascade constraints
10:45:10,856 [main] DEBUG org.activiti.engine.impl.db.DbSqlSession  - SQL: drop table if exists ACT_ID_MEMBERSHIP cascade constraints
10:45:10,856 [main] DEBUG org.activiti.engine.impl.db.DbSqlSession  - SQL: drop table if exists ACT_ID_USER cascade constraints
10:45:10,856 [main] DEBUG org.activiti.engine.impl.db.DbSqlSession  - activiti db schema drop for component identity successful
10:45:10,856 [main] INFO  org.activiti.engine.impl.db.DbSqlSession  - performing create on engine with resource org/activiti/db/create/activiti.h2.create.engine.sql
10:45:10,856 [main] DEBUG org.activiti.engine.impl.db.DbSqlSession  - SQL: create table ACT_GE_PROPERTY ( 
NAME_ varchar(64), 
VALUE_ varchar(300), 
REV_ integer, 
primary key (NAME_) 
)
10:45:10,856 [main] DEBUG org.activiti.engine.impl.db.DbSqlSession  - SQL: insert into ACT_GE_PROPERTY 
values (&apos;schema.version&apos;, &apos;5.20.0.0&apos;, 1)
10:45:10,856 [main] DEBUG org.activiti.engine.impl.db.DbSqlSession  - SQL: insert into ACT_GE_PROPERTY 
values (&apos;schema.history&apos;, &apos;create(5.20.0.0)&apos;, 1)
10:45:10,856 [main] DEBUG org.activiti.engine.impl.db.DbSqlSession  - SQL: insert into ACT_GE_PROPERTY 
values (&apos;next.dbid&apos;, &apos;1&apos;, 1)
10:45:10,856 [main] DEBUG org.activiti.engine.impl.db.DbSqlSession  - SQL: create table ACT_GE_BYTEARRAY ( 
ID_ varchar(64), 
REV_ integer, 
NAME_ varchar(255), 
DEPLOYMENT_ID_ varchar(64), 
BYTES_ longvarbinary, 
GENERATED_ bit, 
primary key (ID_) 
)
10:45:10,856 [main] DEBUG org.activiti.engine.impl.db.DbSqlSession  - SQL: create table ACT_RE_DEPLOYMENT ( 
ID_ varchar(64), 
NAME_ varchar(255), 
CATEGORY_ varchar(255), 
TENANT_ID_ varchar(255) default &apos;&apos;, 
DEPLOY_TIME_ timestamp, 
primary key (ID_) 
)
10:45:10,856 [main] DEBUG org.activiti.engine.impl.db.DbSqlSession  - SQL: create table ACT_RE_MODEL ( 
ID_ varchar(64) not null, 
REV_ integer, 
NAME_ varchar(255), 
KEY_ varchar(255), 
CATEGORY_ varchar(255), 
CREATE_TIME_ timestamp, 
LAST_UPDATE_TIME_ timestamp, 
VERSION_ integer, 
META_INFO_ varchar(4000), 
DEPLOYMENT_ID_ varchar(64), 
EDITOR_SOURCE_VALUE_ID_ varchar(64), 
EDITOR_SOURCE_EXTRA_VALUE_ID_ varchar(64), 
TENANT_ID_ varchar(255) default &apos;&apos;, 
primary key (ID_) 
)
10:45:10,856 [main] DEBUG org.activiti.engine.impl.db.DbSqlSession  - SQL: create table ACT_RU_EXECUTION ( 
ID_ varchar(64), 
REV_ integer, 
PROC_INST_ID_ varchar(64), 
BUSINESS_KEY_ varchar(255), 
PARENT_ID_ varchar(64), 
PROC_DEF_ID_ varchar(64), 
SUPER_EXEC_ varchar(64), 
ACT_ID_ varchar(255), 
IS_ACTIVE_ bit, 
IS_CONCURRENT_ bit, 
IS_SCOPE_ bit, 
IS_EVENT_SCOPE_ bit, 
SUSPENSION_STATE_ integer, 
CACHED_ENT_STATE_ integer, 
TENANT_ID_ varchar(255) default &apos;&apos;, 
NAME_ varchar(255), 
LOCK_TIME_ timestamp, 
primary key (ID_) 
)
10:45:10,856 [main] DEBUG org.activiti.engine.impl.db.DbSqlSession  - SQL: create table ACT_RU_JOB ( 
ID_ varchar(64) NOT NULL, 
REV_ integer, 
TYPE_ varchar(255) NOT NULL, 
LOCK_EXP_TIME_ timestamp, 
LOCK_OWNER_ varchar(255), 
EXCLUSIVE_ boolean, 
EXECUTION_ID_ varchar(64), 
PROCESS_INSTANCE_ID_ varchar(64), 
PROC_DEF_ID_ varchar(64), 
RETRIES_ integer, 
EXCEPTION_STACK_ID_ varchar(64), 
EXCEPTION_MSG_ varchar(4000), 
DUEDATE_ timestamp, 
REPEAT_ varchar(255), 
HANDLER_TYPE_ varchar(255), 
HANDLER_CFG_ varchar(4000), 
TENANT_ID_ varchar(255) default &apos;&apos;, 
primary key (ID_) 
)
10:45:10,856 [main] DEBUG org.activiti.engine.impl.db.DbSqlSession  - SQL: create table ACT_RE_PROCDEF ( 
ID_ varchar(64) NOT NULL, 
REV_ integer, 
CATEGORY_ varchar(255), 
NAME_ varchar(255), 
KEY_ varchar(255) NOT NULL, 
VERSION_ integer NOT NULL, 
DEPLOYMENT_ID_ varchar(64), 
RESOURCE_NAME_ varchar(4000), 
DGRM_RESOURCE_NAME_ varchar(4000), 
DESCRIPTION_ varchar(4000), 
HAS_START_FORM_KEY_ bit, 
HAS_GRAPHICAL_NOTATION_ bit, 
SUSPENSION_STATE_ integer, 
TENANT_ID_ varchar(255) default &apos;&apos;, 
primary key (ID_) 
)
10:45:10,856 [main] DEBUG org.activiti.engine.impl.db.DbSqlSession  - SQL: create table ACT_RU_TASK ( 
ID_ varchar(64), 
REV_ integer, 
EXECUTION_ID_ varchar(64), 
PROC_INST_ID_ varchar(64), 
PROC_DEF_ID_ varchar(64), 
NAME_ varchar(255), 
PARENT_TASK_ID_ varchar(64), 
DESCRIPTION_ varchar(4000), 
TASK_DEF_KEY_ varchar(255), 
OWNER_ varchar(255), 
ASSIGNEE_ varchar(255), 
DELEGATION_ varchar(64), 
PRIORITY_ integer, 
CREATE_TIME_ timestamp, 
DUE_DATE_ timestamp, 
CATEGORY_ varchar(255), 
SUSPENSION_STATE_ integer, 
TENANT_ID_ varchar(255) default &apos;&apos;, 
FORM_KEY_ varchar(255), 
primary key (ID_) 
)
10:45:10,856 [main] DEBUG org.activiti.engine.impl.db.DbSqlSession  - SQL: create table ACT_RU_IDENTITYLINK ( 
ID_ varchar(64), 
REV_ integer, 
GROUP_ID_ varchar(255), 
TYPE_ varchar(255), 
USER_ID_ varchar(255), 
TASK_ID_ varchar(64), 
PROC_INST_ID_ varchar(64) null, 
PROC_DEF_ID_ varchar(64), 
primary key (ID_) 
)
10:45:10,856 [main] DEBUG org.activiti.engine.impl.db.DbSqlSession  - SQL: create table ACT_RU_VARIABLE ( 
ID_ varchar(64) not null, 
REV_ integer, 
TYPE_ varchar(255) not null, 
NAME_ varchar(255) not null, 
EXECUTION_ID_ varchar(64), 
PROC_INST_ID_ varchar(64), 
TASK_ID_ varchar(64), 
BYTEARRAY_ID_ varchar(64), 
DOUBLE_ double, 
LONG_ bigint, 
TEXT_ varchar(4000), 
TEXT2_ varchar(4000), 
primary key (ID_) 
)
10:45:10,856 [main] DEBUG org.activiti.engine.impl.db.DbSqlSession  - SQL: create table ACT_RU_EVENT_SUBSCR ( 
ID_ varchar(64) not null, 
REV_ integer, 
EVENT_TYPE_ varchar(255) not null, 
EVENT_NAME_ varchar(255), 
EXECUTION_ID_ varchar(64), 
PROC_INST_ID_ varchar(64), 
ACTIVITY_ID_ varchar(64), 
CONFIGURATION_ varchar(255), 
CREATED_ timestamp not null, 
PROC_DEF_ID_ varchar(64), 
TENANT_ID_ varchar(255) default &apos;&apos;, 
primary key (ID_) 
)
10:45:10,856 [main] DEBUG org.activiti.engine.impl.db.DbSqlSession  - SQL: create table ACT_EVT_LOG ( 
LOG_NR_ identity, 
TYPE_ varchar(64), 
PROC_DEF_ID_ varchar(64), 
PROC_INST_ID_ varchar(64), 
EXECUTION_ID_ varchar(64), 
TASK_ID_ varchar(64), 
TIME_STAMP_ timestamp not null, 
USER_ID_ varchar(255), 
DATA_ longvarbinary, 
LOCK_OWNER_ varchar(255), 
LOCK_TIME_ timestamp, 
IS_PROCESSED_ bit default 0 
)
10:45:10,856 [main] DEBUG org.activiti.engine.impl.db.DbSqlSession  - SQL: create table ACT_PROCDEF_INFO ( 
ID_ varchar(64) not null, 
PROC_DEF_ID_ varchar(64) not null, 
REV_ integer, 
INFO_JSON_ID_ varchar(64), 
primary key (ID_) 
)
10:45:10,856 [main] DEBUG org.activiti.engine.impl.db.DbSqlSession  - SQL: create index ACT_IDX_EXEC_BUSKEY on ACT_RU_EXECUTION(BUSINESS_KEY_)
10:45:10,856 [main] DEBUG org.activiti.engine.impl.db.DbSqlSession  - SQL: create index ACT_IDX_TASK_CREATE on ACT_RU_TASK(CREATE_TIME_)
10:45:10,856 [main] DEBUG org.activiti.engine.impl.db.DbSqlSession  - SQL: create index ACT_IDX_IDENT_LNK_USER on ACT_RU_IDENTITYLINK(USER_ID_)
10:45:10,856 [main] DEBUG org.activiti.engine.impl.db.DbSqlSession  - SQL: create index ACT_IDX_IDENT_LNK_GROUP on ACT_RU_IDENTITYLINK(GROUP_ID_)
10:45:10,856 [main] DEBUG org.activiti.engine.impl.db.DbSqlSession  - SQL: create index ACT_IDX_EVENT_SUBSCR_CONFIG_ on ACT_RU_EVENT_SUBSCR(CONFIGURATION_)
10:45:10,856 [main] DEBUG org.activiti.engine.impl.db.DbSqlSession  - SQL: create index ACT_IDX_VARIABLE_TASK_ID on ACT_RU_VARIABLE(TASK_ID_)
10:45:10,856 [main] DEBUG org.activiti.engine.impl.db.DbSqlSession  - SQL: create index ACT_IDX_ATHRZ_PROCEDEF on ACT_RU_IDENTITYLINK(PROC_DEF_ID_)
10:45:10,856 [main] DEBUG org.activiti.engine.impl.db.DbSqlSession  - SQL: create index ACT_IDX_INFO_PROCDEF on ACT_PROCDEF_INFO(PROC_DEF_ID_)
10:45:10,856 [main] DEBUG org.activiti.engine.impl.db.DbSqlSession  - SQL: alter table ACT_GE_BYTEARRAY 
add constraint ACT_FK_BYTEARR_DEPL 
foreign key (DEPLOYMENT_ID_) 
references ACT_RE_DEPLOYMENT
10:45:10,856 [main] DEBUG org.activiti.engine.impl.db.DbSqlSession  - SQL: alter table ACT_RE_PROCDEF 
add constraint ACT_UNIQ_PROCDEF 
unique (KEY_,VERSION_, TENANT_ID_)
10:45:10,856 [main] DEBUG org.activiti.engine.impl.db.DbSqlSession  - SQL: alter table ACT_RU_EXECUTION 
add constraint ACT_FK_EXE_PROCINST 
foreign key (PROC_INST_ID_) 
references ACT_RU_EXECUTION
10:45:10,856 [main] DEBUG org.activiti.engine.impl.db.DbSqlSession  - SQL: alter table ACT_RU_EXECUTION 
add constraint ACT_FK_EXE_PARENT 
foreign key (PARENT_ID_) 
references ACT_RU_EXECUTION
10:45:10,856 [main] DEBUG org.activiti.engine.impl.db.DbSqlSession  - SQL: alter table ACT_RU_EXECUTION 
add constraint ACT_FK_EXE_SUPER 
foreign key (SUPER_EXEC_) 
references ACT_RU_EXECUTION
10:45:10,857 [main] DEBUG org.activiti.engine.impl.db.DbSqlSession  - SQL: alter table ACT_RU_EXECUTION 
add constraint ACT_FK_EXE_PROCDEF 
foreign key (PROC_DEF_ID_) 
references ACT_RE_PROCDEF (ID_)
10:45:10,857 [main] DEBUG org.activiti.engine.impl.db.DbSqlSession  - SQL: alter table ACT_RU_IDENTITYLINK 
add constraint ACT_FK_TSKASS_TASK 
foreign key (TASK_ID_) 
references ACT_RU_TASK
10:45:10,857 [main] DEBUG org.activiti.engine.impl.db.DbSqlSession  - SQL: alter table ACT_RU_IDENTITYLINK 
add constraint ACT_FK_ATHRZ_PROCEDEF 
foreign key (PROC_DEF_ID_) 
references ACT_RE_PROCDEF
10:45:10,857 [main] DEBUG org.activiti.engine.impl.db.DbSqlSession  - SQL: alter table ACT_RU_IDENTITYLINK 
add constraint ACT_FK_IDL_PROCINST 
foreign key (PROC_INST_ID_) 
references ACT_RU_EXECUTION (ID_)
10:45:10,857 [main] DEBUG org.activiti.engine.impl.db.DbSqlSession  - SQL: alter table ACT_RU_TASK 
add constraint ACT_FK_TASK_EXE 
foreign key (EXECUTION_ID_) 
references ACT_RU_EXECUTION
10:45:10,857 [main] DEBUG org.activiti.engine.impl.db.DbSqlSession  - SQL: alter table ACT_RU_TASK 
add constraint ACT_FK_TASK_PROCINST 
foreign key (PROC_INST_ID_) 
references ACT_RU_EXECUTION
10:45:10,857 [main] DEBUG org.activiti.engine.impl.db.DbSqlSession  - SQL: alter table ACT_RU_TASK 
add constraint ACT_FK_TASK_PROCDEF 
foreign key (PROC_DEF_ID_) 
references ACT_RE_PROCDEF
10:45:10,857 [main] DEBUG org.activiti.engine.impl.db.DbSqlSession  - SQL: alter table ACT_RU_VARIABLE 
add constraint ACT_FK_VAR_EXE 
foreign key (EXECUTION_ID_) 
references ACT_RU_EXECUTION
10:45:10,857 [main] DEBUG org.activiti.engine.impl.db.DbSqlSession  - SQL: alter table ACT_RU_VARIABLE 
add constraint ACT_FK_VAR_PROCINST 
foreign key (PROC_INST_ID_) 
references ACT_RU_EXECUTION
10:45:10,857 [main] DEBUG org.activiti.engine.impl.db.DbSqlSession  - SQL: alter table ACT_RU_VARIABLE 
add constraint ACT_FK_VAR_BYTEARRAY 
foreign key (BYTEARRAY_ID_) 
references ACT_GE_BYTEARRAY
10:45:10,857 [main] DEBUG org.activiti.engine.impl.db.DbSqlSession  - SQL: alter table ACT_RU_JOB 
add constraint ACT_FK_JOB_EXCEPTION 
foreign key (EXCEPTION_STACK_ID_) 
references ACT_GE_BYTEARRAY
10:45:10,857 [main] DEBUG org.activiti.engine.impl.db.DbSqlSession  - SQL: alter table ACT_RU_EVENT_SUBSCR 
add constraint ACT_FK_EVENT_EXEC 
foreign key (EXECUTION_ID_) 
references ACT_RU_EXECUTION
10:45:10,857 [main] DEBUG org.activiti.engine.impl.db.DbSqlSession  - SQL: alter table ACT_RE_MODEL 
add constraint ACT_FK_MODEL_SOURCE 
foreign key (EDITOR_SOURCE_VALUE_ID_) 
references ACT_GE_BYTEARRAY (ID_)
10:45:10,857 [main] DEBUG org.activiti.engine.impl.db.DbSqlSession  - SQL: alter table ACT_RE_MODEL 
add constraint ACT_FK_MODEL_SOURCE_EXTRA 
foreign key (EDITOR_SOURCE_EXTRA_VALUE_ID_) 
references ACT_GE_BYTEARRAY (ID_)
10:45:10,857 [main] DEBUG org.activiti.engine.impl.db.DbSqlSession  - SQL: alter table ACT_RE_MODEL 
add constraint ACT_FK_MODEL_DEPLOYMENT 
foreign key (DEPLOYMENT_ID_) 
references ACT_RE_DEPLOYMENT (ID_)
10:45:10,857 [main] DEBUG org.activiti.engine.impl.db.DbSqlSession  - SQL: alter table ACT_PROCDEF_INFO 
add constraint ACT_FK_INFO_JSON_BA 
foreign key (INFO_JSON_ID_) 
references ACT_GE_BYTEARRAY (ID_)
10:45:10,858 [main] DEBUG org.activiti.engine.impl.db.DbSqlSession  - SQL: alter table ACT_PROCDEF_INFO 
add constraint ACT_FK_INFO_PROCDEF 
foreign key (PROC_DEF_ID_) 
references ACT_RE_PROCDEF (ID_)
10:45:10,858 [main] DEBUG org.activiti.engine.impl.db.DbSqlSession  - SQL: alter table ACT_PROCDEF_INFO 
add constraint ACT_UNIQ_INFO_PROCDEF 
unique (PROC_DEF_ID_)
10:45:10,858 [main] DEBUG org.activiti.engine.impl.db.DbSqlSession  - activiti db schema create for component engine successful
10:45:10,858 [main] INFO  org.activiti.engine.impl.db.DbSqlSession  - performing create on history with resource org/activiti/db/create/activiti.h2.create.history.sql
10:45:10,858 [main] DEBUG org.activiti.engine.impl.db.DbSqlSession  - SQL: create table ACT_HI_PROCINST ( 
ID_ varchar(64) not null, 
PROC_INST_ID_ varchar(64) not null, 
BUSINESS_KEY_ varchar(255), 
PROC_DEF_ID_ varchar(64) not null, 
START_TIME_ timestamp not null, 
END_TIME_ timestamp, 
DURATION_ bigint, 
START_USER_ID_ varchar(255), 
START_ACT_ID_ varchar(255), 
END_ACT_ID_ varchar(255), 
SUPER_PROCESS_INSTANCE_ID_ varchar(64), 
DELETE_REASON_ varchar(4000), 
TENANT_ID_ varchar(255) default &apos;&apos;, 
NAME_ varchar(255), 
primary key (ID_), 
unique (PROC_INST_ID_) 
)
10:45:10,858 [main] DEBUG org.activiti.engine.impl.db.DbSqlSession  - SQL: create table ACT_HI_ACTINST ( 
ID_ varchar(64) not null, 
PROC_DEF_ID_ varchar(64) not null, 
PROC_INST_ID_ varchar(64) not null, 
EXECUTION_ID_ varchar(64) not null, 
ACT_ID_ varchar(255) not null, 
TASK_ID_ varchar(64), 
CALL_PROC_INST_ID_ varchar(64), 
ACT_NAME_ varchar(255), 
ACT_TYPE_ varchar(255) not null, 
ASSIGNEE_ varchar(255), 
START_TIME_ timestamp not null, 
END_TIME_ timestamp, 
DURATION_ bigint, 
TENANT_ID_ varchar(255) default &apos;&apos;, 
primary key (ID_) 
)
10:45:10,858 [main] DEBUG org.activiti.engine.impl.db.DbSqlSession  - SQL: create table ACT_HI_TASKINST ( 
ID_ varchar(64) not null, 
PROC_DEF_ID_ varchar(64), 
TASK_DEF_KEY_ varchar(255), 
PROC_INST_ID_ varchar(64), 
EXECUTION_ID_ varchar(64), 
NAME_ varchar(255), 
PARENT_TASK_ID_ varchar(64), 
DESCRIPTION_ varchar(4000), 
OWNER_ varchar(255), 
ASSIGNEE_ varchar(255), 
START_TIME_ timestamp not null, 
CLAIM_TIME_ timestamp, 
END_TIME_ timestamp, 
DURATION_ bigint, 
DELETE_REASON_ varchar(4000), 
PRIORITY_ integer, 
DUE_DATE_ timestamp, 
FORM_KEY_ varchar(255), 
CATEGORY_ varchar(255), 
TENANT_ID_ varchar(255) default &apos;&apos;, 
primary key (ID_) 
)
10:45:10,858 [main] DEBUG org.activiti.engine.impl.db.DbSqlSession  - SQL: create table ACT_HI_VARINST ( 
ID_ varchar(64) not null, 
PROC_INST_ID_ varchar(64), 
EXECUTION_ID_ varchar(64), 
TASK_ID_ varchar(64), 
NAME_ varchar(255) not null, 
VAR_TYPE_ varchar(100), 
REV_ integer, 
BYTEARRAY_ID_ varchar(64), 
DOUBLE_ double, 
LONG_ bigint, 
TEXT_ varchar(4000), 
TEXT2_ varchar(4000), 
CREATE_TIME_ timestamp, 
LAST_UPDATED_TIME_ timestamp, 
primary key (ID_) 
)
10:45:10,858 [main] DEBUG org.activiti.engine.impl.db.DbSqlSession  - SQL: create table ACT_HI_DETAIL ( 
ID_ varchar(64) not null, 
TYPE_ varchar(255) not null, 
TIME_ timestamp not null, 
NAME_ varchar(255), 
PROC_INST_ID_ varchar(64), 
EXECUTION_ID_ varchar(64), 
TASK_ID_ varchar(64), 
ACT_INST_ID_ varchar(64), 
VAR_TYPE_ varchar(255), 
REV_ integer, 
BYTEARRAY_ID_ varchar(64), 
DOUBLE_ double, 
LONG_ bigint, 
TEXT_ varchar(4000), 
TEXT2_ varchar(4000), 
primary key (ID_) 
)
10:45:10,858 [main] DEBUG org.activiti.engine.impl.db.DbSqlSession  - SQL: create table ACT_HI_COMMENT ( 
ID_ varchar(64) not null, 
TYPE_ varchar(255), 
TIME_ timestamp not null, 
USER_ID_ varchar(255), 
TASK_ID_ varchar(64), 
PROC_INST_ID_ varchar(64), 
ACTION_ varchar(255), 
MESSAGE_ varchar(4000), 
FULL_MSG_ longvarbinary, 
primary key (ID_) 
)
10:45:10,858 [main] DEBUG org.activiti.engine.impl.db.DbSqlSession  - SQL: create table ACT_HI_ATTACHMENT ( 
ID_ varchar(64) not null, 
REV_ integer, 
USER_ID_ varchar(255), 
NAME_ varchar(255), 
DESCRIPTION_ varchar(4000), 
TYPE_ varchar(255), 
TASK_ID_ varchar(64), 
PROC_INST_ID_ varchar(64), 
URL_ varchar(4000), 
CONTENT_ID_ varchar(64), 
TIME_ timestamp, 
primary key (ID_) 
)
10:45:10,858 [main] DEBUG org.activiti.engine.impl.db.DbSqlSession  - SQL: create table ACT_HI_IDENTITYLINK ( 
ID_ varchar(64), 
GROUP_ID_ varchar(255), 
TYPE_ varchar(255), 
USER_ID_ varchar(255), 
TASK_ID_ varchar(64), 
PROC_INST_ID_ varchar(64) null, 
primary key (ID_) 
)
10:45:10,858 [main] DEBUG org.activiti.engine.impl.db.DbSqlSession  - SQL: create index ACT_IDX_HI_PRO_INST_END on ACT_HI_PROCINST(END_TIME_)
10:45:10,858 [main] DEBUG org.activiti.engine.impl.db.DbSqlSession  - SQL: create index ACT_IDX_HI_PRO_I_BUSKEY on ACT_HI_PROCINST(BUSINESS_KEY_)
10:45:10,858 [main] DEBUG org.activiti.engine.impl.db.DbSqlSession  - SQL: create index ACT_IDX_HI_ACT_INST_START on ACT_HI_ACTINST(START_TIME_)
10:45:10,858 [main] DEBUG org.activiti.engine.impl.db.DbSqlSession  - SQL: create index ACT_IDX_HI_ACT_INST_END on ACT_HI_ACTINST(END_TIME_)
10:45:10,858 [main] DEBUG org.activiti.engine.impl.db.DbSqlSession  - SQL: create index ACT_IDX_HI_DETAIL_PROC_INST on ACT_HI_DETAIL(PROC_INST_ID_)
10:45:10,858 [main] DEBUG org.activiti.engine.impl.db.DbSqlSession  - SQL: create index ACT_IDX_HI_DETAIL_ACT_INST on ACT_HI_DETAIL(ACT_INST_ID_)
10:45:10,858 [main] DEBUG org.activiti.engine.impl.db.DbSqlSession  - SQL: create index ACT_IDX_HI_DETAIL_TIME on ACT_HI_DETAIL(TIME_)
10:45:10,858 [main] DEBUG org.activiti.engine.impl.db.DbSqlSession  - SQL: create index ACT_IDX_HI_DETAIL_NAME on ACT_HI_DETAIL(NAME_)
10:45:10,858 [main] DEBUG org.activiti.engine.impl.db.DbSqlSession  - SQL: create index ACT_IDX_HI_DETAIL_TASK_ID on ACT_HI_DETAIL(TASK_ID_)
10:45:10,858 [main] DEBUG org.activiti.engine.impl.db.DbSqlSession  - SQL: create index ACT_IDX_HI_PROCVAR_PROC_INST on ACT_HI_VARINST(PROC_INST_ID_)
10:45:10,858 [main] DEBUG org.activiti.engine.impl.db.DbSqlSession  - SQL: create index ACT_IDX_HI_PROCVAR_NAME_TYPE on ACT_HI_VARINST(NAME_, VAR_TYPE_)
10:45:10,858 [main] DEBUG org.activiti.engine.impl.db.DbSqlSession  - SQL: create index ACT_IDX_HI_PROCVAR_TASK_ID on ACT_HI_VARINST(TASK_ID_)
10:45:10,858 [main] DEBUG org.activiti.engine.impl.db.DbSqlSession  - SQL: create index ACT_IDX_HI_ACT_INST_PROCINST on ACT_HI_ACTINST(PROC_INST_ID_, ACT_ID_)
10:45:10,858 [main] DEBUG org.activiti.engine.impl.db.DbSqlSession  - SQL: create index ACT_IDX_HI_IDENT_LNK_USER on ACT_HI_IDENTITYLINK(USER_ID_)
10:45:10,858 [main] DEBUG org.activiti.engine.impl.db.DbSqlSession  - SQL: create index ACT_IDX_HI_IDENT_LNK_TASK on ACT_HI_IDENTITYLINK(TASK_ID_)
10:45:10,858 [main] DEBUG org.activiti.engine.impl.db.DbSqlSession  - SQL: create index ACT_IDX_HI_IDENT_LNK_PROCINST on ACT_HI_IDENTITYLINK(PROC_INST_ID_)
10:45:10,858 [main] DEBUG org.activiti.engine.impl.db.DbSqlSession  - SQL: create index ACT_IDX_HI_ACT_INST_EXEC on ACT_HI_ACTINST(EXECUTION_ID_, ACT_ID_)
10:45:10,858 [main] DEBUG org.activiti.engine.impl.db.DbSqlSession  - SQL: create index ACT_IDX_HI_TASK_INST_PROCINST on ACT_HI_TASKINST(PROC_INST_ID_)
10:45:10,858 [main] DEBUG org.activiti.engine.impl.db.DbSqlSession  - activiti db schema create for component history successful
10:45:10,858 [main] INFO  org.activiti.engine.impl.db.DbSqlSession  - performing create on identity with resource org/activiti/db/create/activiti.h2.create.identity.sql
10:45:10,858 [main] DEBUG org.activiti.engine.impl.db.DbSqlSession  - SQL: create table ACT_ID_GROUP ( 
ID_ varchar(64), 
REV_ integer, 
NAME_ varchar(255), 
TYPE_ varchar(255), 
primary key (ID_) 
)
10:45:10,858 [main] DEBUG org.activiti.engine.impl.db.DbSqlSession  - SQL: create table ACT_ID_MEMBERSHIP ( 
USER_ID_ varchar(64), 
GROUP_ID_ varchar(64), 
primary key (USER_ID_, GROUP_ID_) 
)
10:45:10,858 [main] DEBUG org.activiti.engine.impl.db.DbSqlSession  - SQL: create table ACT_ID_USER ( 
ID_ varchar(64), 
REV_ integer, 
FIRST_ varchar(255), 
LAST_ varchar(255), 
EMAIL_ varchar(255), 
PWD_ varchar(255), 
PICTURE_ID_ varchar(64), 
primary key (ID_) 
)
10:45:10,858 [main] DEBUG org.activiti.engine.impl.db.DbSqlSession  - SQL: create table ACT_ID_INFO ( 
ID_ varchar(64), 
REV_ integer, 
USER_ID_ varchar(64), 
TYPE_ varchar(64), 
KEY_ varchar(255), 
VALUE_ varchar(255), 
PASSWORD_ longvarbinary, 
PARENT_ID_ varchar(255), 
primary key (ID_) 
)
10:45:10,858 [main] DEBUG org.activiti.engine.impl.db.DbSqlSession  - SQL: alter table ACT_ID_MEMBERSHIP 
add constraint ACT_FK_MEMB_GROUP 
foreign key (GROUP_ID_) 
references ACT_ID_GROUP
10:45:10,858 [main] DEBUG org.activiti.engine.impl.db.DbSqlSession  - SQL: alter table ACT_ID_MEMBERSHIP 
add constraint ACT_FK_MEMB_USER 
foreign key (USER_ID_) 
references ACT_ID_USER
10:45:10,858 [main] DEBUG org.activiti.engine.impl.db.DbSqlSession  - activiti db schema create for component identity successful
10:45:10,859 [main] DEBUG org.activiti.engine.impl.db.DbSqlSession  - flush summary: 0 insert, 0 update, 0 delete.
10:45:10,859 [main] DEBUG org.activiti.engine.impl.db.DbSqlSession  - now executing flush...
10:45:10,859 [main] DEBUG org.activiti.engine.impl.cfg.standalone.StandaloneMybatisTransactionContext  - firing event committing...
10:45:10,859 [main] DEBUG org.activiti.engine.impl.cfg.standalone.StandaloneMybatisTransactionContext  - committing the ibatis sql session...
10:45:10,859 [main] DEBUG org.activiti.engine.impl.cfg.standalone.StandaloneMybatisTransactionContext  - firing event committed...
10:45:10,859 [main] DEBUG org.apache.ibatis.transaction.jdbc.JdbcTransaction  - Resetting autocommit to true on JDBC Connection [conn6: url=jdbc:h2:mem:activiti user=SA]
10:45:10,859 [main] DEBUG org.apache.ibatis.transaction.jdbc.JdbcTransaction  - Closing JDBC Connection [conn6: url=jdbc:h2:mem:activiti user=SA]
10:45:10,859 [main] DEBUG org.apache.ibatis.datasource.pooled.PooledDataSource  - Returned connection 486346394 to pool.
10:45:10,859 [main] DEBUG org.activiti.engine.impl.interceptor.LogInterceptor  - ---  finished --------------------------------------------------------
10:45:10,859 [main] DEBUG org.activiti.engine.impl.interceptor.LogInterceptor  - 

</system-out>
  </testcase>
  <testcase classname="org.activiti.engine.test.api.task.SubTaskQueryTest" name="testQueryByAssigneeExcludeSubtasks" time="0.015">
    <error message="
### Error querying database.  Cause: org.h2.jdbc.JdbcSQLException: Syntax error in SQL statement &quot;SELECT DISTINCT RES.* 
       
    FROM ACT_RU_TASK RES
     
     
     
     
    
     
     
     
     WHERE  RES.ASSIGNEE_ = ? 
   
    
     ORDER BY  ORDER[*] BY RES.ID_ ASC  
    LIMIT ? OFFSET ? &quot;; expected &quot;=, NOT, EXISTS, INTERSECTS, SELECT, FROM&quot;; SQL statement:
select distinct RES.* 
       
    from ACT_RU_TASK RES
     
     
     
     
    
     
     
     
     WHERE  RES.ASSIGNEE_ = ? 
   
    
     order by  order by RES.ID_ asc  
    LIMIT ? OFFSET ? [42001-176]
### The error may exist in org/activiti/db/mapping/entity/Task.xml
### The error may involve org.activiti.engine.impl.persistence.entity.TaskEntity.selectTaskByQueryCriteria
### The error occurred while executing a query
### SQL: select distinct RES.*              from ACT_RU_TASK RES                                                     WHERE  RES.ASSIGNEE_ = ?                order by  order by RES.ID_ asc       LIMIT ? OFFSET ?
### Cause: org.h2.jdbc.JdbcSQLException: Syntax error in SQL statement &quot;SELECT DISTINCT RES.* 
       
    FROM ACT_RU_TASK RES
     
     
     
     
    
     
     
     
     WHERE  RES.ASSIGNEE_ = ? 
   
    
     ORDER BY  ORDER[*] BY RES.ID_ ASC  
    LIMIT ? OFFSET ? &quot;; expected &quot;=, NOT, EXISTS, INTERSECTS, SELECT, FROM&quot;; SQL statement:
select distinct RES.* 
       
    from ACT_RU_TASK RES
     
     
     
     
    
     
     
     
     WHERE  RES.ASSIGNEE_ = ? 
   
    
     order by  order by RES.ID_ asc  
    LIMIT ? OFFSET ? [42001-176]" type="org.apache.ibatis.exceptions.PersistenceException">org.apache.ibatis.exceptions.PersistenceException: 
### Error querying database.  Cause: org.h2.jdbc.JdbcSQLException: Syntax error in SQL statement &quot;SELECT DISTINCT RES.* 
       
    FROM ACT_RU_TASK RES
     
     
     
     
    
     
     
     
     WHERE  RES.ASSIGNEE_ = ? 
   
    
     ORDER BY  ORDER[*] BY RES.ID_ ASC  
    LIMIT ? OFFSET ? &quot;; expected &quot;=, NOT, EXISTS, INTERSECTS, SELECT, FROM&quot;; SQL statement:
select distinct RES.* 
       
    from ACT_RU_TASK RES
     
     
     
     
    
     
     
     
     WHERE  RES.ASSIGNEE_ = ? 
   
    
     order by  order by RES.ID_ asc  
    LIMIT ? OFFSET ? [42001-176]
### The error may exist in org/activiti/db/mapping/entity/Task.xml
### The error may involve org.activiti.engine.impl.persistence.entity.TaskEntity.selectTaskByQueryCriteria
### The error occurred while executing a query
### SQL: select distinct RES.*              from ACT_RU_TASK RES                                                     WHERE  RES.ASSIGNEE_ = ?                order by  order by RES.ID_ asc       LIMIT ? OFFSET ?
### Cause: org.h2.jdbc.JdbcSQLException: Syntax error in SQL statement &quot;SELECT DISTINCT RES.* 
       
    FROM ACT_RU_TASK RES
     
     
     
     
    
     
     
     
     WHERE  RES.ASSIGNEE_ = ? 
   
    
     ORDER BY  ORDER[*] BY RES.ID_ ASC  
    LIMIT ? OFFSET ? &quot;; expected &quot;=, NOT, EXISTS, INTERSECTS, SELECT, FROM&quot;; SQL statement:
select distinct RES.* 
       
    from ACT_RU_TASK RES
     
     
     
     
    
     
     
     
     WHERE  RES.ASSIGNEE_ = ? 
   
    
     order by  order by RES.ID_ asc  
    LIMIT ? OFFSET ? [42001-176]
	at org.apache.ibatis.exceptions.ExceptionFactory.wrapException(ExceptionFactory.java:30)
	at org.apache.ibatis.session.defaults.DefaultSqlSession.selectList(DefaultSqlSession.java:122)
	at org.apache.ibatis.session.defaults.DefaultSqlSession.selectList(DefaultSqlSession.java:113)
	at org.activiti.engine.impl.db.DbSqlSession.selectListWithRawParameter(DbSqlSession.java:438)
	at org.activiti.engine.impl.db.DbSqlSession.selectList(DbSqlSession.java:429)
	at org.activiti.engine.impl.persistence.entity.TaskEntityManager.findTasksByQueryCriteria(TaskEntityManager.java:135)
	at org.activiti.engine.impl.TaskQueryImpl.executeList(TaskQueryImpl.java:1256)
	at org.activiti.engine.impl.AbstractQuery.execute(AbstractQuery.java:164)
	at org.activiti.engine.impl.interceptor.CommandInvoker.execute(CommandInvoker.java:24)
	at org.activiti.engine.impl.interceptor.CommandContextInterceptor.execute(CommandContextInterceptor.java:57)
	at org.activiti.engine.impl.interceptor.LogInterceptor.execute(LogInterceptor.java:37)
	at org.activiti.engine.impl.cfg.CommandExecutorImpl.execute(CommandExecutorImpl.java:40)
	at org.activiti.engine.impl.cfg.CommandExecutorImpl.execute(CommandExecutorImpl.java:35)
	at org.activiti.engine.impl.AbstractQuery.list(AbstractQuery.java:138)
	at org.activiti.engine.test.api.task.SubTaskQueryTest.testQueryByAssigneeExcludeSubtasks(SubTaskQueryTest.java:104)
	at sun.reflect.NativeMethodAccessorImpl.invoke0(Native Method)
	at sun.reflect.NativeMethodAccessorImpl.invoke(NativeMethodAccessorImpl.java:62)
	at sun.reflect.DelegatingMethodAccessorImpl.invoke(DelegatingMethodAccessorImpl.java:43)
	at java.lang.reflect.Method.invoke(Method.java:498)
	at junit.framework.TestCase.runTest(TestCase.java:176)
	at org.activiti.engine.impl.test.PvmTestCase.runTest(PvmTestCase.java:65)
	at junit.framework.TestCase.runBare(TestCase.java:141)
	at org.activiti.engine.impl.test.AbstractActivitiTestCase.runBare(AbstractActivitiTestCase.java:100)
	at junit.framework.TestResult$1.protect(TestResult.java:122)
	at junit.framework.TestResult.runProtected(TestResult.java:142)
	at junit.framework.TestResult.run(TestResult.java:125)
	at junit.framework.TestCase.run(TestCase.java:129)
	at junit.framework.TestSuite.runTest(TestSuite.java:255)
	at junit.framework.TestSuite.run(TestSuite.java:250)
	at org.junit.internal.runners.JUnit38ClassRunner.run(JUnit38ClassRunner.java:84)
	at org.apache.maven.surefire.junit4.JUnit4TestSet.execute(JUnit4TestSet.java:35)
	at org.apache.maven.surefire.junit4.JUnit4Provider.executeTestSet(JUnit4Provider.java:146)
	at org.apache.maven.surefire.junit4.JUnit4Provider.invoke(JUnit4Provider.java:97)
	at sun.reflect.NativeMethodAccessorImpl.invoke0(Native Method)
	at sun.reflect.NativeMethodAccessorImpl.invoke(NativeMethodAccessorImpl.java:62)
	at sun.reflect.DelegatingMethodAccessorImpl.invoke(DelegatingMethodAccessorImpl.java:43)
	at java.lang.reflect.Method.invoke(Method.java:498)
	at org.apache.maven.surefire.booter.ProviderFactory$ClassLoaderProxy.invoke(ProviderFactory.java:103)
	at com.sun.proxy.$Proxy0.invoke(Unknown Source)
	at org.apache.maven.surefire.booter.SurefireStarter.invokeProvider(SurefireStarter.java:145)
	at org.apache.maven.surefire.booter.SurefireStarter.runSuitesInProcess(SurefireStarter.java:87)
	at org.apache.maven.surefire.booter.ForkedBooter.main(ForkedBooter.java:69)
Caused by: org.h2.jdbc.JdbcSQLException: Syntax error in SQL statement &quot;SELECT DISTINCT RES.* 
       
    FROM ACT_RU_TASK RES
     
     
     
     
    
     
     
     
     WHERE  RES.ASSIGNEE_ = ? 
   
    
     ORDER BY  ORDER[*] BY RES.ID_ ASC  
    LIMIT ? OFFSET ? &quot;; expected &quot;=, NOT, EXISTS, INTERSECTS, SELECT, FROM&quot;; SQL statement:
select distinct RES.* 
       
    from ACT_RU_TASK RES
     
     
     
     
    
     
     
     
     WHERE  RES.ASSIGNEE_ = ? 
   
    
     order by  order by RES.ID_ asc  
    LIMIT ? OFFSET ? [42001-176]
	at org.h2.message.DbException.getJdbcSQLException(DbException.java:344)
	at org.h2.message.DbException.getSyntaxError(DbException.java:204)
	at org.h2.command.Parser.getSyntaxError(Parser.java:524)
	at org.h2.command.Parser.readTerm(Parser.java:2688)
	at org.h2.command.Parser.readFactor(Parser.java:2244)
	at org.h2.command.Parser.readSum(Parser.java:2231)
	at org.h2.command.Parser.readConcat(Parser.java:2201)
	at org.h2.command.Parser.readCondition(Parser.java:2051)
	at org.h2.command.Parser.readAnd(Parser.java:2023)
	at org.h2.command.Parser.readExpression(Parser.java:2015)
	at org.h2.command.Parser.parseEndOfQuery(Parser.java:1726)
	at org.h2.command.Parser.parseSelectUnionExtension(Parser.java:1706)
	at org.h2.command.Parser.parseSelectUnion(Parser.java:1675)
	at org.h2.command.Parser.parseSelect(Parser.java:1662)
	at org.h2.command.Parser.parsePrepared(Parser.java:434)
	at org.h2.command.Parser.parse(Parser.java:306)
	at org.h2.command.Parser.parse(Parser.java:282)
	at org.h2.command.Parser.prepareCommand(Parser.java:243)
	at org.h2.engine.Session.prepareLocal(Session.java:442)
	at org.h2.engine.Session.prepareCommand(Session.java:384)
	at org.h2.jdbc.JdbcConnection.prepareCommand(JdbcConnection.java:1188)
	at org.h2.jdbc.JdbcPreparedStatement.&lt;init&gt;(JdbcPreparedStatement.java:73)
	at org.h2.jdbc.JdbcConnection.prepareStatement(JdbcConnection.java:276)
	at sun.reflect.GeneratedMethodAccessor6.invoke(Unknown Source)
	at sun.reflect.DelegatingMethodAccessorImpl.invoke(DelegatingMethodAccessorImpl.java:43)
	at java.lang.reflect.Method.invoke(Method.java:498)
	at org.apache.ibatis.datasource.pooled.PooledConnection.invoke(PooledConnection.java:245)
	at com.sun.proxy.$Proxy12.prepareStatement(Unknown Source)
	at sun.reflect.GeneratedMethodAccessor6.invoke(Unknown Source)
	at sun.reflect.DelegatingMethodAccessorImpl.invoke(DelegatingMethodAccessorImpl.java:43)
	at java.lang.reflect.Method.invoke(Method.java:498)
	at org.apache.ibatis.logging.jdbc.ConnectionLogger.invoke(ConnectionLogger.java:55)
	at com.sun.proxy.$Proxy12.prepareStatement(Unknown Source)
	at org.apache.ibatis.executor.statement.PreparedStatementHandler.instantiateStatement(PreparedStatementHandler.java:79)
	at org.apache.ibatis.executor.statement.BaseStatementHandler.prepare(BaseStatementHandler.java:88)
	at org.apache.ibatis.executor.statement.RoutingStatementHandler.prepare(RoutingStatementHandler.java:58)
	at org.apache.ibatis.executor.SimpleExecutor.prepareStatement(SimpleExecutor.java:76)
	at org.apache.ibatis.executor.SimpleExecutor.doQuery(SimpleExecutor.java:61)
	at org.apache.ibatis.executor.BaseExecutor.queryFromDatabase(BaseExecutor.java:303)
	at org.apache.ibatis.executor.BaseExecutor.query(BaseExecutor.java:154)
	at org.apache.ibatis.executor.CachingExecutor.query(CachingExecutor.java:102)
	at org.apache.ibatis.executor.CachingExecutor.query(CachingExecutor.java:82)
	at org.apache.ibatis.session.defaults.DefaultSqlSession.selectList(DefaultSqlSession.java:120)
	... 40 more
</error>
    <system-out>10:45:10,859 [main] DEBUG org.activiti.engine.impl.interceptor.LogInterceptor  - 

10:45:10,859 [main] DEBUG org.activiti.engine.impl.interceptor.LogInterceptor  - --- starting CreateUserCmd --------------------------------------------------------
10:45:10,859 [main] DEBUG org.activiti.engine.impl.cfg.standalone.StandaloneMybatisTransactionContext  - firing event committing...
10:45:10,859 [main] DEBUG org.activiti.engine.impl.cfg.standalone.StandaloneMybatisTransactionContext  - committing the ibatis sql session...
10:45:10,859 [main] DEBUG org.activiti.engine.impl.cfg.standalone.StandaloneMybatisTransactionContext  - firing event committed...
10:45:10,859 [main] DEBUG org.activiti.engine.impl.interceptor.LogInterceptor  - --- CreateUserCmd finished --------------------------------------------------------
10:45:10,859 [main] DEBUG org.activiti.engine.impl.interceptor.LogInterceptor  - 

10:45:10,859 [main] DEBUG org.activiti.engine.impl.interceptor.LogInterceptor  - 

10:45:10,859 [main] DEBUG org.activiti.engine.impl.interceptor.LogInterceptor  - --- starting SaveUserCmd --------------------------------------------------------
10:45:10,859 [main] DEBUG org.activiti.engine.impl.db.DbSqlSession  -   insert org.activiti.engine.impl.persistence.entity.UserEntity@7aaf0f0a
10:45:10,859 [main] DEBUG org.activiti.engine.impl.db.DbSqlSession  - flush summary: 1 insert, 0 update, 0 delete.
10:45:10,859 [main] DEBUG org.activiti.engine.impl.db.DbSqlSession  - now executing flush...
10:45:10,859 [main] DEBUG org.activiti.engine.impl.db.DbSqlSession  - inserting: org.activiti.engine.impl.persistence.entity.UserEntity@7aaf0f0a
10:45:10,859 [main] DEBUG org.apache.ibatis.transaction.jdbc.JdbcTransaction  - Opening JDBC Connection
10:45:10,859 [main] DEBUG org.apache.ibatis.datasource.pooled.PooledDataSource  - Checked out connection 180014677 from pool.
10:45:10,859 [main] DEBUG org.apache.ibatis.transaction.jdbc.JdbcTransaction  - Setting autocommit to false on JDBC Connection [conn3: url=jdbc:h2:mem:activiti user=SA]
10:45:10,859 [main] DEBUG org.activiti.engine.impl.persistence.entity.UserEntity.insertUser  - ==&gt;  Preparing: insert into ACT_ID_USER (ID_, REV_, FIRST_, LAST_, EMAIL_, PWD_) values ( ?, 1, ?, ?, ?, ? ) 
10:45:10,859 [main] DEBUG org.activiti.engine.impl.persistence.entity.UserEntity.insertUser  - ==&gt; Parameters: kermit(String), null, null, null, null
10:45:10,859 [main] DEBUG org.activiti.engine.impl.persistence.entity.UserEntity.insertUser  - &lt;==    Updates: 1
10:45:10,859 [main] DEBUG org.activiti.engine.impl.cfg.standalone.StandaloneMybatisTransactionContext  - firing event committing...
10:45:10,859 [main] DEBUG org.activiti.engine.impl.cfg.standalone.StandaloneMybatisTransactionContext  - committing the ibatis sql session...
10:45:10,859 [main] DEBUG org.apache.ibatis.transaction.jdbc.JdbcTransaction  - Committing JDBC Connection [conn3: url=jdbc:h2:mem:activiti user=SA]
10:45:10,859 [main] DEBUG org.activiti.engine.impl.cfg.standalone.StandaloneMybatisTransactionContext  - firing event committed...
10:45:10,859 [main] DEBUG org.apache.ibatis.transaction.jdbc.JdbcTransaction  - Resetting autocommit to true on JDBC Connection [conn3: url=jdbc:h2:mem:activiti user=SA]
10:45:10,859 [main] DEBUG org.apache.ibatis.transaction.jdbc.JdbcTransaction  - Closing JDBC Connection [conn3: url=jdbc:h2:mem:activiti user=SA]
10:45:10,859 [main] DEBUG org.apache.ibatis.datasource.pooled.PooledDataSource  - Returned connection 180014677 to pool.
10:45:10,859 [main] DEBUG org.activiti.engine.impl.interceptor.LogInterceptor  - --- SaveUserCmd finished --------------------------------------------------------
10:45:10,859 [main] DEBUG org.activiti.engine.impl.interceptor.LogInterceptor  - 

10:45:10,859 [main] DEBUG org.activiti.engine.impl.interceptor.LogInterceptor  - 

10:45:10,859 [main] DEBUG org.activiti.engine.impl.interceptor.LogInterceptor  - --- starting CreateUserCmd --------------------------------------------------------
10:45:10,859 [main] DEBUG org.activiti.engine.impl.cfg.standalone.StandaloneMybatisTransactionContext  - firing event committing...
10:45:10,859 [main] DEBUG org.activiti.engine.impl.cfg.standalone.StandaloneMybatisTransactionContext  - committing the ibatis sql session...
10:45:10,859 [main] DEBUG org.activiti.engine.impl.cfg.standalone.StandaloneMybatisTransactionContext  - firing event committed...
10:45:10,859 [main] DEBUG org.activiti.engine.impl.interceptor.LogInterceptor  - --- CreateUserCmd finished --------------------------------------------------------
10:45:10,859 [main] DEBUG org.activiti.engine.impl.interceptor.LogInterceptor  - 

10:45:10,859 [main] DEBUG org.activiti.engine.impl.interceptor.LogInterceptor  - 

10:45:10,859 [main] DEBUG org.activiti.engine.impl.interceptor.LogInterceptor  - --- starting SaveUserCmd --------------------------------------------------------
10:45:10,859 [main] DEBUG org.activiti.engine.impl.db.DbSqlSession  -   insert org.activiti.engine.impl.persistence.entity.UserEntity@638b05fb
10:45:10,859 [main] DEBUG org.activiti.engine.impl.db.DbSqlSession  - flush summary: 1 insert, 0 update, 0 delete.
10:45:10,859 [main] DEBUG org.activiti.engine.impl.db.DbSqlSession  - now executing flush...
10:45:10,859 [main] DEBUG org.activiti.engine.impl.db.DbSqlSession  - inserting: org.activiti.engine.impl.persistence.entity.UserEntity@638b05fb
10:45:10,859 [main] DEBUG org.apache.ibatis.transaction.jdbc.JdbcTransaction  - Opening JDBC Connection
10:45:10,859 [main] DEBUG org.apache.ibatis.datasource.pooled.PooledDataSource  - Checked out connection 363509958 from pool.
10:45:10,859 [main] DEBUG org.apache.ibatis.transaction.jdbc.JdbcTransaction  - Setting autocommit to false on JDBC Connection [conn2: url=jdbc:h2:mem:activiti user=SA]
10:45:10,859 [main] DEBUG org.activiti.engine.impl.persistence.entity.UserEntity.insertUser  - ==&gt;  Preparing: insert into ACT_ID_USER (ID_, REV_, FIRST_, LAST_, EMAIL_, PWD_) values ( ?, 1, ?, ?, ?, ? ) 
10:45:10,859 [main] DEBUG org.activiti.engine.impl.persistence.entity.UserEntity.insertUser  - ==&gt; Parameters: gonzo(String), null, null, null, null
10:45:10,859 [main] DEBUG org.activiti.engine.impl.persistence.entity.UserEntity.insertUser  - &lt;==    Updates: 1
10:45:10,859 [main] DEBUG org.activiti.engine.impl.cfg.standalone.StandaloneMybatisTransactionContext  - firing event committing...
10:45:10,859 [main] DEBUG org.activiti.engine.impl.cfg.standalone.StandaloneMybatisTransactionContext  - committing the ibatis sql session...
10:45:10,859 [main] DEBUG org.apache.ibatis.transaction.jdbc.JdbcTransaction  - Committing JDBC Connection [conn2: url=jdbc:h2:mem:activiti user=SA]
10:45:10,859 [main] DEBUG org.activiti.engine.impl.cfg.standalone.StandaloneMybatisTransactionContext  - firing event committed...
10:45:10,859 [main] DEBUG org.apache.ibatis.transaction.jdbc.JdbcTransaction  - Resetting autocommit to true on JDBC Connection [conn2: url=jdbc:h2:mem:activiti user=SA]
10:45:10,859 [main] DEBUG org.apache.ibatis.transaction.jdbc.JdbcTransaction  - Closing JDBC Connection [conn2: url=jdbc:h2:mem:activiti user=SA]
10:45:10,859 [main] DEBUG org.apache.ibatis.datasource.pooled.PooledDataSource  - Returned connection 363509958 to pool.
10:45:10,859 [main] DEBUG org.activiti.engine.impl.interceptor.LogInterceptor  - --- SaveUserCmd finished --------------------------------------------------------
10:45:10,859 [main] DEBUG org.activiti.engine.impl.interceptor.LogInterceptor  - 

10:45:10,859 [main] DEBUG org.activiti.engine.impl.interceptor.LogInterceptor  - 

10:45:10,859 [main] DEBUG org.activiti.engine.impl.interceptor.LogInterceptor  - --- starting CreateGroupCmd --------------------------------------------------------
10:45:10,859 [main] DEBUG org.activiti.engine.impl.cfg.standalone.StandaloneMybatisTransactionContext  - firing event committing...
10:45:10,859 [main] DEBUG org.activiti.engine.impl.cfg.standalone.StandaloneMybatisTransactionContext  - committing the ibatis sql session...
10:45:10,859 [main] DEBUG org.activiti.engine.impl.cfg.standalone.StandaloneMybatisTransactionContext  - firing event committed...
10:45:10,859 [main] DEBUG org.activiti.engine.impl.interceptor.LogInterceptor  - --- CreateGroupCmd finished --------------------------------------------------------
10:45:10,859 [main] DEBUG org.activiti.engine.impl.interceptor.LogInterceptor  - 

10:45:10,859 [main] DEBUG org.activiti.engine.impl.interceptor.LogInterceptor  - 

10:45:10,859 [main] DEBUG org.activiti.engine.impl.interceptor.LogInterceptor  - --- starting SaveGroupCmd --------------------------------------------------------
10:45:10,859 [main] DEBUG org.activiti.engine.impl.db.DbSqlSession  -   insert org.activiti.engine.impl.persistence.entity.GroupEntity@77e42cbf
10:45:10,859 [main] DEBUG org.activiti.engine.impl.db.DbSqlSession  - flush summary: 1 insert, 0 update, 0 delete.
10:45:10,859 [main] DEBUG org.activiti.engine.impl.db.DbSqlSession  - now executing flush...
10:45:10,859 [main] DEBUG org.activiti.engine.impl.db.DbSqlSession  - inserting: org.activiti.engine.impl.persistence.entity.GroupEntity@77e42cbf
10:45:10,859 [main] DEBUG org.apache.ibatis.transaction.jdbc.JdbcTransaction  - Opening JDBC Connection
10:45:10,859 [main] DEBUG org.apache.ibatis.datasource.pooled.PooledDataSource  - Checked out connection 297240765 from pool.
10:45:10,859 [main] DEBUG org.apache.ibatis.transaction.jdbc.JdbcTransaction  - Setting autocommit to false on JDBC Connection [conn4: url=jdbc:h2:mem:activiti user=SA]
10:45:10,859 [main] DEBUG org.activiti.engine.impl.persistence.entity.GroupEntity.insertGroup  - ==&gt;  Preparing: insert into ACT_ID_GROUP (ID_, REV_, NAME_, TYPE_) values ( ?, 1, ?, ? ) 
10:45:10,860 [main] DEBUG org.activiti.engine.impl.persistence.entity.GroupEntity.insertGroup  - ==&gt; Parameters: management(String), null, null
10:45:10,860 [main] DEBUG org.activiti.engine.impl.persistence.entity.GroupEntity.insertGroup  - &lt;==    Updates: 1
10:45:10,860 [main] DEBUG org.activiti.engine.impl.cfg.standalone.StandaloneMybatisTransactionContext  - firing event committing...
10:45:10,860 [main] DEBUG org.activiti.engine.impl.cfg.standalone.StandaloneMybatisTransactionContext  - committing the ibatis sql session...
10:45:10,860 [main] DEBUG org.apache.ibatis.transaction.jdbc.JdbcTransaction  - Committing JDBC Connection [conn4: url=jdbc:h2:mem:activiti user=SA]
10:45:10,860 [main] DEBUG org.activiti.engine.impl.cfg.standalone.StandaloneMybatisTransactionContext  - firing event committed...
10:45:10,860 [main] DEBUG org.apache.ibatis.transaction.jdbc.JdbcTransaction  - Resetting autocommit to true on JDBC Connection [conn4: url=jdbc:h2:mem:activiti user=SA]
10:45:10,860 [main] DEBUG org.apache.ibatis.transaction.jdbc.JdbcTransaction  - Closing JDBC Connection [conn4: url=jdbc:h2:mem:activiti user=SA]
10:45:10,860 [main] DEBUG org.apache.ibatis.datasource.pooled.PooledDataSource  - Returned connection 297240765 to pool.
10:45:10,860 [main] DEBUG org.activiti.engine.impl.interceptor.LogInterceptor  - --- SaveGroupCmd finished --------------------------------------------------------
10:45:10,860 [main] DEBUG org.activiti.engine.impl.interceptor.LogInterceptor  - 

10:45:10,860 [main] DEBUG org.activiti.engine.impl.interceptor.LogInterceptor  - 

10:45:10,860 [main] DEBUG org.activiti.engine.impl.interceptor.LogInterceptor  - --- starting CreateGroupCmd --------------------------------------------------------
10:45:10,860 [main] DEBUG org.activiti.engine.impl.cfg.standalone.StandaloneMybatisTransactionContext  - firing event committing...
10:45:10,860 [main] DEBUG org.activiti.engine.impl.cfg.standalone.StandaloneMybatisTransactionContext  - committing the ibatis sql session...
10:45:10,860 [main] DEBUG org.activiti.engine.impl.cfg.standalone.StandaloneMybatisTransactionContext  - firing event committed...
10:45:10,860 [main] DEBUG org.activiti.engine.impl.interceptor.LogInterceptor  - --- CreateGroupCmd finished --------------------------------------------------------
10:45:10,860 [main] DEBUG org.activiti.engine.impl.interceptor.LogInterceptor  - 

10:45:10,860 [main] DEBUG org.activiti.engine.impl.interceptor.LogInterceptor  - 

10:45:10,860 [main] DEBUG org.activiti.engine.impl.interceptor.LogInterceptor  - --- starting SaveGroupCmd --------------------------------------------------------
10:45:10,860 [main] DEBUG org.activiti.engine.impl.db.DbSqlSession  -   insert org.activiti.engine.impl.persistence.entity.GroupEntity@68bef3df
10:45:10,860 [main] DEBUG org.activiti.engine.impl.db.DbSqlSession  - flush summary: 1 insert, 0 update, 0 delete.
10:45:10,860 [main] DEBUG org.activiti.engine.impl.db.DbSqlSession  - now executing flush...
10:45:10,860 [main] DEBUG org.activiti.engine.impl.db.DbSqlSession  - inserting: org.activiti.engine.impl.persistence.entity.GroupEntity@68bef3df
10:45:10,860 [main] DEBUG org.apache.ibatis.transaction.jdbc.JdbcTransaction  - Opening JDBC Connection
10:45:10,860 [main] DEBUG org.apache.ibatis.datasource.pooled.PooledDataSource  - Checked out connection 486346394 from pool.
10:45:10,860 [main] DEBUG org.apache.ibatis.transaction.jdbc.JdbcTransaction  - Setting autocommit to false on JDBC Connection [conn6: url=jdbc:h2:mem:activiti user=SA]
10:45:10,860 [main] DEBUG org.activiti.engine.impl.persistence.entity.GroupEntity.insertGroup  - ==&gt;  Preparing: insert into ACT_ID_GROUP (ID_, REV_, NAME_, TYPE_) values ( ?, 1, ?, ? ) 
10:45:10,860 [main] DEBUG org.activiti.engine.impl.persistence.entity.GroupEntity.insertGroup  - ==&gt; Parameters: accountancy(String), null, null
10:45:10,860 [main] DEBUG org.activiti.engine.impl.persistence.entity.GroupEntity.insertGroup  - &lt;==    Updates: 1
10:45:10,860 [main] DEBUG org.activiti.engine.impl.cfg.standalone.StandaloneMybatisTransactionContext  - firing event committing...
10:45:10,860 [main] DEBUG org.activiti.engine.impl.cfg.standalone.StandaloneMybatisTransactionContext  - committing the ibatis sql session...
10:45:10,860 [main] DEBUG org.apache.ibatis.transaction.jdbc.JdbcTransaction  - Committing JDBC Connection [conn6: url=jdbc:h2:mem:activiti user=SA]
10:45:10,860 [main] DEBUG org.activiti.engine.impl.cfg.standalone.StandaloneMybatisTransactionContext  - firing event committed...
10:45:10,860 [main] DEBUG org.apache.ibatis.transaction.jdbc.JdbcTransaction  - Resetting autocommit to true on JDBC Connection [conn6: url=jdbc:h2:mem:activiti user=SA]
10:45:10,860 [main] DEBUG org.apache.ibatis.transaction.jdbc.JdbcTransaction  - Closing JDBC Connection [conn6: url=jdbc:h2:mem:activiti user=SA]
10:45:10,860 [main] DEBUG org.apache.ibatis.datasource.pooled.PooledDataSource  - Returned connection 486346394 to pool.
10:45:10,860 [main] DEBUG org.activiti.engine.impl.interceptor.LogInterceptor  - --- SaveGroupCmd finished --------------------------------------------------------
10:45:10,860 [main] DEBUG org.activiti.engine.impl.interceptor.LogInterceptor  - 

10:45:10,860 [main] DEBUG org.activiti.engine.impl.interceptor.LogInterceptor  - 

10:45:10,860 [main] DEBUG org.activiti.engine.impl.interceptor.LogInterceptor  - --- starting CreateMembershipCmd --------------------------------------------------------
10:45:10,860 [main] DEBUG org.activiti.engine.impl.db.DbSqlSession  -   insert org.activiti.engine.impl.persistence.entity.MembershipEntity@6aeb769d
10:45:10,860 [main] DEBUG org.activiti.engine.impl.db.DbSqlSession  - flush summary: 1 insert, 0 update, 0 delete.
10:45:10,860 [main] DEBUG org.activiti.engine.impl.db.DbSqlSession  - now executing flush...
10:45:10,860 [main] DEBUG org.activiti.engine.impl.db.DbSqlSession  - inserting: org.activiti.engine.impl.persistence.entity.MembershipEntity@6aeb769d
10:45:10,860 [main] DEBUG org.apache.ibatis.transaction.jdbc.JdbcTransaction  - Opening JDBC Connection
10:45:10,860 [main] DEBUG org.apache.ibatis.datasource.pooled.PooledDataSource  - Checked out connection 180014677 from pool.
10:45:10,860 [main] DEBUG org.apache.ibatis.transaction.jdbc.JdbcTransaction  - Setting autocommit to false on JDBC Connection [conn3: url=jdbc:h2:mem:activiti user=SA]
10:45:10,860 [main] DEBUG org.activiti.engine.impl.persistence.entity.MembershipRelation.insertMembership  - ==&gt;  Preparing: insert into ACT_ID_MEMBERSHIP (USER_ID_, GROUP_ID_) values ( ?, ? ) 
10:45:10,860 [main] DEBUG org.activiti.engine.impl.persistence.entity.MembershipRelation.insertMembership  - ==&gt; Parameters: kermit(String), management(String)
10:45:10,860 [main] DEBUG org.activiti.engine.impl.persistence.entity.MembershipRelation.insertMembership  - &lt;==    Updates: 1
10:45:10,860 [main] DEBUG org.activiti.engine.impl.cfg.standalone.StandaloneMybatisTransactionContext  - firing event committing...
10:45:10,860 [main] DEBUG org.activiti.engine.impl.cfg.standalone.StandaloneMybatisTransactionContext  - committing the ibatis sql session...
10:45:10,860 [main] DEBUG org.apache.ibatis.transaction.jdbc.JdbcTransaction  - Committing JDBC Connection [conn3: url=jdbc:h2:mem:activiti user=SA]
10:45:10,860 [main] DEBUG org.activiti.engine.impl.cfg.standalone.StandaloneMybatisTransactionContext  - firing event committed...
10:45:10,860 [main] DEBUG org.apache.ibatis.transaction.jdbc.JdbcTransaction  - Resetting autocommit to true on JDBC Connection [conn3: url=jdbc:h2:mem:activiti user=SA]
10:45:10,860 [main] DEBUG org.apache.ibatis.transaction.jdbc.JdbcTransaction  - Closing JDBC Connection [conn3: url=jdbc:h2:mem:activiti user=SA]
10:45:10,860 [main] DEBUG org.apache.ibatis.datasource.pooled.PooledDataSource  - Returned connection 180014677 to pool.
10:45:10,860 [main] DEBUG org.activiti.engine.impl.interceptor.LogInterceptor  - --- CreateMembershipCmd finished --------------------------------------------------------
10:45:10,860 [main] DEBUG org.activiti.engine.impl.interceptor.LogInterceptor  - 

10:45:10,860 [main] DEBUG org.activiti.engine.impl.interceptor.LogInterceptor  - 

10:45:10,860 [main] DEBUG org.activiti.engine.impl.interceptor.LogInterceptor  - --- starting CreateMembershipCmd --------------------------------------------------------
10:45:10,860 [main] DEBUG org.activiti.engine.impl.db.DbSqlSession  -   insert org.activiti.engine.impl.persistence.entity.MembershipEntity@51f412e6
10:45:10,860 [main] DEBUG org.activiti.engine.impl.db.DbSqlSession  - flush summary: 1 insert, 0 update, 0 delete.
10:45:10,860 [main] DEBUG org.activiti.engine.impl.db.DbSqlSession  - now executing flush...
10:45:10,860 [main] DEBUG org.activiti.engine.impl.db.DbSqlSession  - inserting: org.activiti.engine.impl.persistence.entity.MembershipEntity@51f412e6
10:45:10,860 [main] DEBUG org.apache.ibatis.transaction.jdbc.JdbcTransaction  - Opening JDBC Connection
10:45:10,860 [main] DEBUG org.apache.ibatis.datasource.pooled.PooledDataSource  - Checked out connection 363509958 from pool.
10:45:10,860 [main] DEBUG org.apache.ibatis.transaction.jdbc.JdbcTransaction  - Setting autocommit to false on JDBC Connection [conn2: url=jdbc:h2:mem:activiti user=SA]
10:45:10,860 [main] DEBUG org.activiti.engine.impl.persistence.entity.MembershipRelation.insertMembership  - ==&gt;  Preparing: insert into ACT_ID_MEMBERSHIP (USER_ID_, GROUP_ID_) values ( ?, ? ) 
10:45:10,860 [main] DEBUG org.activiti.engine.impl.persistence.entity.MembershipRelation.insertMembership  - ==&gt; Parameters: kermit(String), accountancy(String)
10:45:10,860 [main] DEBUG org.activiti.engine.impl.persistence.entity.MembershipRelation.insertMembership  - &lt;==    Updates: 1
10:45:10,860 [main] DEBUG org.activiti.engine.impl.cfg.standalone.StandaloneMybatisTransactionContext  - firing event committing...
10:45:10,860 [main] DEBUG org.activiti.engine.impl.cfg.standalone.StandaloneMybatisTransactionContext  - committing the ibatis sql session...
10:45:10,860 [main] DEBUG org.apache.ibatis.transaction.jdbc.JdbcTransaction  - Committing JDBC Connection [conn2: url=jdbc:h2:mem:activiti user=SA]
10:45:10,860 [main] DEBUG org.activiti.engine.impl.cfg.standalone.StandaloneMybatisTransactionContext  - firing event committed...
10:45:10,860 [main] DEBUG org.apache.ibatis.transaction.jdbc.JdbcTransaction  - Resetting autocommit to true on JDBC Connection [conn2: url=jdbc:h2:mem:activiti user=SA]
10:45:10,860 [main] DEBUG org.apache.ibatis.transaction.jdbc.JdbcTransaction  - Closing JDBC Connection [conn2: url=jdbc:h2:mem:activiti user=SA]
10:45:10,860 [main] DEBUG org.apache.ibatis.datasource.pooled.PooledDataSource  - Returned connection 363509958 to pool.
10:45:10,860 [main] DEBUG org.activiti.engine.impl.interceptor.LogInterceptor  - --- CreateMembershipCmd finished --------------------------------------------------------
10:45:10,860 [main] DEBUG org.activiti.engine.impl.interceptor.LogInterceptor  - 

10:45:10,860 [main] DEBUG org.activiti.engine.impl.interceptor.LogInterceptor  - 

10:45:10,860 [main] DEBUG org.activiti.engine.impl.interceptor.LogInterceptor  - --- starting NewTaskCmd --------------------------------------------------------
10:45:10,860 [main] DEBUG org.activiti.engine.impl.cfg.standalone.StandaloneMybatisTransactionContext  - firing event committing...
10:45:10,860 [main] DEBUG org.activiti.engine.impl.cfg.standalone.StandaloneMybatisTransactionContext  - committing the ibatis sql session...
10:45:10,860 [main] DEBUG org.activiti.engine.impl.cfg.standalone.StandaloneMybatisTransactionContext  - firing event committed...
10:45:10,860 [main] DEBUG org.activiti.engine.impl.interceptor.LogInterceptor  - --- NewTaskCmd finished --------------------------------------------------------
10:45:10,860 [main] DEBUG org.activiti.engine.impl.interceptor.LogInterceptor  - 

10:45:10,860 [main] DEBUG org.activiti.engine.impl.interceptor.LogInterceptor  - 

10:45:10,860 [main] DEBUG org.activiti.engine.impl.interceptor.LogInterceptor  - --- starting SaveTaskCmd --------------------------------------------------------
10:45:10,860 [main] DEBUG org.activiti.engine.impl.history.DefaultHistoryManager  - Current history level: FULL, level required: AUDIT
10:45:10,860 [main] DEBUG org.activiti.engine.impl.db.DbSqlSession  -   insert Task[id=779, name=rootTestTask]
10:45:10,860 [main] DEBUG org.activiti.engine.impl.db.DbSqlSession  -   insert HistoricTaskInstanceEntity[id=779, name=rootTestTask]
10:45:10,860 [main] DEBUG org.activiti.engine.impl.db.DbSqlSession  - flush summary: 2 insert, 0 update, 0 delete.
10:45:10,860 [main] DEBUG org.activiti.engine.impl.db.DbSqlSession  - now executing flush...
10:45:10,860 [main] DEBUG org.activiti.engine.impl.db.DbSqlSession  - inserting: HistoricTaskInstanceEntity[id=779, name=rootTestTask]
10:45:10,860 [main] DEBUG org.apache.ibatis.transaction.jdbc.JdbcTransaction  - Opening JDBC Connection
10:45:10,860 [main] DEBUG org.apache.ibatis.datasource.pooled.PooledDataSource  - Checked out connection 297240765 from pool.
10:45:10,860 [main] DEBUG org.apache.ibatis.transaction.jdbc.JdbcTransaction  - Setting autocommit to false on JDBC Connection [conn4: url=jdbc:h2:mem:activiti user=SA]
10:45:10,860 [main] DEBUG org.activiti.engine.impl.persistence.entity.HistoricTaskInstanceEntity.insertHistoricTaskInstance  - ==&gt;  Preparing: insert into ACT_HI_TASKINST ( ID_, PROC_DEF_ID_, PROC_INST_ID_, EXECUTION_ID_, NAME_, PARENT_TASK_ID_, DESCRIPTION_, OWNER_, ASSIGNEE_, START_TIME_, CLAIM_TIME_, END_TIME_, DURATION_, DELETE_REASON_, TASK_DEF_KEY_, FORM_KEY_, PRIORITY_, DUE_DATE_, CATEGORY_, TENANT_ID_ ) values ( ?, ?, ?, ?, ?, ?, ?, ?, ?, ?, ?, ?, ?, ?, ?, ?, ?, ?, ?, ? ) 
10:45:10,860 [main] DEBUG org.activiti.engine.impl.persistence.entity.HistoricTaskInstanceEntity.insertHistoricTaskInstance  - ==&gt; Parameters: 779(String), null, null, null, rootTestTask(String), null, rootTestTask description(String), null, null, 2008-01-01 01:01:01.0(Timestamp), null, null, null, null, null, null, 50(Integer), null, null, (String)
10:45:10,860 [main] DEBUG org.activiti.engine.impl.persistence.entity.HistoricTaskInstanceEntity.insertHistoricTaskInstance  - &lt;==    Updates: 1
10:45:10,860 [main] DEBUG org.activiti.engine.impl.db.DbSqlSession  - inserting: Task[id=779, name=rootTestTask]
10:45:10,860 [main] DEBUG org.activiti.engine.impl.persistence.entity.TaskEntity.insertTask  - ==&gt;  Preparing: insert into ACT_RU_TASK (ID_, REV_, NAME_, PARENT_TASK_ID_, DESCRIPTION_, PRIORITY_, CREATE_TIME_, OWNER_, ASSIGNEE_, DELEGATION_, EXECUTION_ID_, PROC_INST_ID_, PROC_DEF_ID_, TASK_DEF_KEY_, DUE_DATE_, CATEGORY_, SUSPENSION_STATE_, TENANT_ID_, FORM_KEY_) values (?, 1, ?, ?, ?, ?, ?, ?, ?, ?, ?, ?, ?, ?, ?, ?, ?, ?, ? ) 
10:45:10,860 [main] DEBUG org.activiti.engine.impl.persistence.entity.TaskEntity.insertTask  - ==&gt; Parameters: 779(String), rootTestTask(String), null, rootTestTask description(String), 50(Integer), 2008-01-01 01:01:01.0(Timestamp), null, null, null, null, null, null, null, null, null, 1(Integer), (String), null
10:45:10,860 [main] DEBUG org.activiti.engine.impl.persistence.entity.TaskEntity.insertTask  - &lt;==    Updates: 1
10:45:10,860 [main] DEBUG org.activiti.engine.impl.cfg.standalone.StandaloneMybatisTransactionContext  - firing event committing...
10:45:10,860 [main] DEBUG org.activiti.engine.impl.cfg.standalone.StandaloneMybatisTransactionContext  - committing the ibatis sql session...
10:45:10,860 [main] DEBUG org.apache.ibatis.transaction.jdbc.JdbcTransaction  - Committing JDBC Connection [conn4: url=jdbc:h2:mem:activiti user=SA]
10:45:10,860 [main] DEBUG org.activiti.engine.impl.cfg.standalone.StandaloneMybatisTransactionContext  - firing event committed...
10:45:10,860 [main] DEBUG org.apache.ibatis.transaction.jdbc.JdbcTransaction  - Resetting autocommit to true on JDBC Connection [conn4: url=jdbc:h2:mem:activiti user=SA]
10:45:10,860 [main] DEBUG org.apache.ibatis.transaction.jdbc.JdbcTransaction  - Closing JDBC Connection [conn4: url=jdbc:h2:mem:activiti user=SA]
10:45:10,860 [main] DEBUG org.apache.ibatis.datasource.pooled.PooledDataSource  - Returned connection 297240765 to pool.
10:45:10,860 [main] DEBUG org.activiti.engine.impl.interceptor.LogInterceptor  - --- SaveTaskCmd finished --------------------------------------------------------
10:45:10,860 [main] DEBUG org.activiti.engine.impl.interceptor.LogInterceptor  - 

10:45:10,860 [main] DEBUG org.activiti.engine.impl.interceptor.LogInterceptor  - 

10:45:10,860 [main] DEBUG org.activiti.engine.impl.interceptor.LogInterceptor  - --- starting AddIdentityLinkCmd --------------------------------------------------------
10:45:10,860 [main] DEBUG org.apache.ibatis.transaction.jdbc.JdbcTransaction  - Opening JDBC Connection
10:45:10,860 [main] DEBUG org.apache.ibatis.datasource.pooled.PooledDataSource  - Checked out connection 486346394 from pool.
10:45:10,860 [main] DEBUG org.apache.ibatis.transaction.jdbc.JdbcTransaction  - Setting autocommit to false on JDBC Connection [conn6: url=jdbc:h2:mem:activiti user=SA]
10:45:10,860 [main] DEBUG org.activiti.engine.impl.persistence.entity.TaskEntity.selectTask  - ==&gt;  Preparing: select * from ACT_RU_TASK where ID_ = ? 
10:45:10,860 [main] DEBUG org.activiti.engine.impl.persistence.entity.TaskEntity.selectTask  - ==&gt; Parameters: 779(String)
10:45:10,860 [main] DEBUG org.activiti.engine.impl.persistence.entity.TaskEntity.selectTask  - &lt;==      Total: 1
10:45:10,860 [main] DEBUG org.activiti.engine.impl.persistence.entity.IdentityLinkEntity.selectIdentityLinksByTask  - ==&gt;  Preparing: select * from ACT_RU_IDENTITYLINK where TASK_ID_ = ? 
10:45:10,860 [main] DEBUG org.activiti.engine.impl.persistence.entity.IdentityLinkEntity.selectIdentityLinksByTask  - ==&gt; Parameters: 779(String)
10:45:10,860 [main] DEBUG org.activiti.engine.impl.persistence.entity.IdentityLinkEntity.selectIdentityLinksByTask  - &lt;==      Total: 0
10:45:10,860 [main] DEBUG org.activiti.engine.impl.history.DefaultHistoryManager  - Current history level: FULL, level required: AUDIT
10:45:10,860 [main] DEBUG org.activiti.engine.impl.history.DefaultHistoryManager  - Current history level: FULL
10:45:10,860 [main] DEBUG org.activiti.engine.impl.history.DefaultHistoryManager  - Current history level: FULL
10:45:10,861 [main] DEBUG org.activiti.engine.impl.db.DbSqlSession  -   insert org.activiti.engine.impl.persistence.entity.HistoricIdentityLinkEntity@7234db3
10:45:10,861 [main] DEBUG org.activiti.engine.impl.db.DbSqlSession  -   insert IdentityLinkEntity[id=780, type=candidate, userId=kermit, taskId=779]
10:45:10,861 [main] DEBUG org.activiti.engine.impl.db.DbSqlSession  -   insert org.activiti.engine.impl.persistence.entity.CommentEntity@189c6683
10:45:10,861 [main] DEBUG org.activiti.engine.impl.db.DbSqlSession  - flush summary: 3 insert, 0 update, 0 delete.
10:45:10,861 [main] DEBUG org.activiti.engine.impl.db.DbSqlSession  - now executing flush...
10:45:10,861 [main] DEBUG org.activiti.engine.impl.db.DbSqlSession  - inserting: org.activiti.engine.impl.persistence.entity.HistoricIdentityLinkEntity@7234db3
10:45:10,861 [main] DEBUG org.activiti.engine.impl.persistence.entity.HistoricIdentityLinkEntity.insertHistoricIdentityLink  - ==&gt;  Preparing: insert into ACT_HI_IDENTITYLINK (ID_, TYPE_, USER_ID_, GROUP_ID_, TASK_ID_, PROC_INST_ID_) values (?, ?, ?, ?, ?, ?) 
10:45:10,861 [main] DEBUG org.activiti.engine.impl.persistence.entity.HistoricIdentityLinkEntity.insertHistoricIdentityLink  - ==&gt; Parameters: 780(String), candidate(String), kermit(String), null, 779(String), null
10:45:10,861 [main] DEBUG org.activiti.engine.impl.persistence.entity.HistoricIdentityLinkEntity.insertHistoricIdentityLink  - &lt;==    Updates: 1
10:45:10,861 [main] DEBUG org.activiti.engine.impl.db.DbSqlSession  - inserting: IdentityLinkEntity[id=780, type=candidate, userId=kermit, taskId=779]
10:45:10,861 [main] DEBUG org.activiti.engine.impl.persistence.entity.IdentityLinkEntity.insertIdentityLink  - ==&gt;  Preparing: insert into ACT_RU_IDENTITYLINK (ID_, REV_, TYPE_, USER_ID_, GROUP_ID_, TASK_ID_, PROC_INST_ID_, PROC_DEF_ID_) values (?, 1, ?, ?, ?, ?, ?, ?) 
10:45:10,861 [main] DEBUG org.activiti.engine.impl.persistence.entity.IdentityLinkEntity.insertIdentityLink  - ==&gt; Parameters: 780(String), candidate(String), kermit(String), null, 779(String), null, null
10:45:10,861 [main] DEBUG org.activiti.engine.impl.persistence.entity.IdentityLinkEntity.insertIdentityLink  - &lt;==    Updates: 1
10:45:10,861 [main] DEBUG org.activiti.engine.impl.db.DbSqlSession  - inserting: org.activiti.engine.impl.persistence.entity.CommentEntity@189c6683
10:45:10,861 [main] DEBUG org.activiti.engine.impl.persistence.entity.CommentEntity.insertComment  - ==&gt;  Preparing: insert into ACT_HI_COMMENT (ID_, TYPE_, TIME_, USER_ID_, TASK_ID_, PROC_INST_ID_, ACTION_, MESSAGE_, FULL_MSG_) values (?, ?, ?, ?, ?, ?, ?, ?, ?) 
10:45:10,861 [main] DEBUG org.activiti.engine.impl.persistence.entity.CommentEntity.insertComment  - ==&gt; Parameters: 781(String), event(String), 2008-01-01 01:01:01.0(Timestamp), null, 779(String), null, AddUserLink(String), kermit_|_candidate(String), null
10:45:10,861 [main] DEBUG org.activiti.engine.impl.persistence.entity.CommentEntity.insertComment  - &lt;==    Updates: 1
10:45:10,861 [main] DEBUG org.activiti.engine.impl.cfg.standalone.StandaloneMybatisTransactionContext  - firing event committing...
10:45:10,861 [main] DEBUG org.activiti.engine.impl.cfg.standalone.StandaloneMybatisTransactionContext  - committing the ibatis sql session...
10:45:10,861 [main] DEBUG org.apache.ibatis.transaction.jdbc.JdbcTransaction  - Committing JDBC Connection [conn6: url=jdbc:h2:mem:activiti user=SA]
10:45:10,861 [main] DEBUG org.activiti.engine.impl.cfg.standalone.StandaloneMybatisTransactionContext  - firing event committed...
10:45:10,861 [main] DEBUG org.apache.ibatis.transaction.jdbc.JdbcTransaction  - Resetting autocommit to true on JDBC Connection [conn6: url=jdbc:h2:mem:activiti user=SA]
10:45:10,861 [main] DEBUG org.apache.ibatis.transaction.jdbc.JdbcTransaction  - Closing JDBC Connection [conn6: url=jdbc:h2:mem:activiti user=SA]
10:45:10,861 [main] DEBUG org.apache.ibatis.datasource.pooled.PooledDataSource  - Returned connection 486346394 to pool.
10:45:10,861 [main] DEBUG org.activiti.engine.impl.interceptor.LogInterceptor  - --- AddIdentityLinkCmd finished --------------------------------------------------------
10:45:10,861 [main] DEBUG org.activiti.engine.impl.interceptor.LogInterceptor  - 

10:45:10,861 [main] DEBUG org.activiti.engine.impl.interceptor.LogInterceptor  - 

10:45:10,861 [main] DEBUG org.activiti.engine.impl.interceptor.LogInterceptor  - --- starting NewTaskCmd --------------------------------------------------------
10:45:10,861 [main] DEBUG org.activiti.engine.impl.cfg.standalone.StandaloneMybatisTransactionContext  - firing event committing...
10:45:10,861 [main] DEBUG org.activiti.engine.impl.cfg.standalone.StandaloneMybatisTransactionContext  - committing the ibatis sql session...
10:45:10,861 [main] DEBUG org.activiti.engine.impl.cfg.standalone.StandaloneMybatisTransactionContext  - firing event committed...
10:45:10,861 [main] DEBUG org.activiti.engine.impl.interceptor.LogInterceptor  - --- NewTaskCmd finished --------------------------------------------------------
10:45:10,861 [main] DEBUG org.activiti.engine.impl.interceptor.LogInterceptor  - 

10:45:10,861 [main] DEBUG org.activiti.engine.impl.interceptor.LogInterceptor  - 

10:45:10,861 [main] DEBUG org.activiti.engine.impl.interceptor.LogInterceptor  - --- starting SaveTaskCmd --------------------------------------------------------
10:45:10,861 [main] DEBUG org.activiti.engine.impl.history.DefaultHistoryManager  - Current history level: FULL, level required: AUDIT
10:45:10,861 [main] DEBUG org.activiti.engine.impl.db.DbSqlSession  -   insert Task[id=782, name=kermitSubTask1]
10:45:10,861 [main] DEBUG org.activiti.engine.impl.db.DbSqlSession  -   insert HistoricTaskInstanceEntity[id=782, name=kermitSubTask1]
10:45:10,861 [main] DEBUG org.activiti.engine.impl.db.DbSqlSession  - flush summary: 2 insert, 0 update, 0 delete.
10:45:10,861 [main] DEBUG org.activiti.engine.impl.db.DbSqlSession  - now executing flush...
10:45:10,861 [main] DEBUG org.activiti.engine.impl.db.DbSqlSession  - inserting: HistoricTaskInstanceEntity[id=782, name=kermitSubTask1]
10:45:10,861 [main] DEBUG org.apache.ibatis.transaction.jdbc.JdbcTransaction  - Opening JDBC Connection
10:45:10,861 [main] DEBUG org.apache.ibatis.datasource.pooled.PooledDataSource  - Checked out connection 180014677 from pool.
10:45:10,861 [main] DEBUG org.apache.ibatis.transaction.jdbc.JdbcTransaction  - Setting autocommit to false on JDBC Connection [conn3: url=jdbc:h2:mem:activiti user=SA]
10:45:10,861 [main] DEBUG org.activiti.engine.impl.persistence.entity.HistoricTaskInstanceEntity.insertHistoricTaskInstance  - ==&gt;  Preparing: insert into ACT_HI_TASKINST ( ID_, PROC_DEF_ID_, PROC_INST_ID_, EXECUTION_ID_, NAME_, PARENT_TASK_ID_, DESCRIPTION_, OWNER_, ASSIGNEE_, START_TIME_, CLAIM_TIME_, END_TIME_, DURATION_, DELETE_REASON_, TASK_DEF_KEY_, FORM_KEY_, PRIORITY_, DUE_DATE_, CATEGORY_, TENANT_ID_ ) values ( ?, ?, ?, ?, ?, ?, ?, ?, ?, ?, ?, ?, ?, ?, ?, ?, ?, ?, ?, ? ) 
10:45:10,861 [main] DEBUG org.activiti.engine.impl.persistence.entity.HistoricTaskInstanceEntity.insertHistoricTaskInstance  - ==&gt; Parameters: 782(String), null, null, null, kermitSubTask1(String), 779(String), description for kermit sub-task1(String), null, null, 2009-01-01 01:01:01.0(Timestamp), null, null, null, null, null, null, 50(Integer), null, null, (String)
10:45:10,861 [main] DEBUG org.activiti.engine.impl.persistence.entity.HistoricTaskInstanceEntity.insertHistoricTaskInstance  - &lt;==    Updates: 1
10:45:10,861 [main] DEBUG org.activiti.engine.impl.db.DbSqlSession  - inserting: Task[id=782, name=kermitSubTask1]
10:45:10,861 [main] DEBUG org.activiti.engine.impl.persistence.entity.TaskEntity.insertTask  - ==&gt;  Preparing: insert into ACT_RU_TASK (ID_, REV_, NAME_, PARENT_TASK_ID_, DESCRIPTION_, PRIORITY_, CREATE_TIME_, OWNER_, ASSIGNEE_, DELEGATION_, EXECUTION_ID_, PROC_INST_ID_, PROC_DEF_ID_, TASK_DEF_KEY_, DUE_DATE_, CATEGORY_, SUSPENSION_STATE_, TENANT_ID_, FORM_KEY_) values (?, 1, ?, ?, ?, ?, ?, ?, ?, ?, ?, ?, ?, ?, ?, ?, ?, ?, ? ) 
10:45:10,861 [main] DEBUG org.activiti.engine.impl.persistence.entity.TaskEntity.insertTask  - ==&gt; Parameters: 782(String), kermitSubTask1(String), 779(String), description for kermit sub-task1(String), 50(Integer), 2009-01-01 01:01:01.0(Timestamp), null, null, null, null, null, null, null, null, null, 1(Integer), (String), null
10:45:10,861 [main] DEBUG org.activiti.engine.impl.persistence.entity.TaskEntity.insertTask  - &lt;==    Updates: 1
10:45:10,861 [main] DEBUG org.activiti.engine.impl.cfg.standalone.StandaloneMybatisTransactionContext  - firing event committing...
10:45:10,861 [main] DEBUG org.activiti.engine.impl.cfg.standalone.StandaloneMybatisTransactionContext  - committing the ibatis sql session...
10:45:10,861 [main] DEBUG org.apache.ibatis.transaction.jdbc.JdbcTransaction  - Committing JDBC Connection [conn3: url=jdbc:h2:mem:activiti user=SA]
10:45:10,861 [main] DEBUG org.activiti.engine.impl.cfg.standalone.StandaloneMybatisTransactionContext  - firing event committed...
10:45:10,861 [main] DEBUG org.apache.ibatis.transaction.jdbc.JdbcTransaction  - Resetting autocommit to true on JDBC Connection [conn3: url=jdbc:h2:mem:activiti user=SA]
10:45:10,861 [main] DEBUG org.apache.ibatis.transaction.jdbc.JdbcTransaction  - Closing JDBC Connection [conn3: url=jdbc:h2:mem:activiti user=SA]
10:45:10,861 [main] DEBUG org.apache.ibatis.datasource.pooled.PooledDataSource  - Returned connection 180014677 to pool.
10:45:10,861 [main] DEBUG org.activiti.engine.impl.interceptor.LogInterceptor  - --- SaveTaskCmd finished --------------------------------------------------------
10:45:10,861 [main] DEBUG org.activiti.engine.impl.interceptor.LogInterceptor  - 

10:45:10,861 [main] DEBUG org.activiti.engine.impl.interceptor.LogInterceptor  - 

10:45:10,861 [main] DEBUG org.activiti.engine.impl.interceptor.LogInterceptor  - --- starting AddIdentityLinkCmd --------------------------------------------------------
10:45:10,861 [main] DEBUG org.apache.ibatis.transaction.jdbc.JdbcTransaction  - Opening JDBC Connection
10:45:10,861 [main] DEBUG org.apache.ibatis.datasource.pooled.PooledDataSource  - Checked out connection 363509958 from pool.
10:45:10,861 [main] DEBUG org.apache.ibatis.transaction.jdbc.JdbcTransaction  - Setting autocommit to false on JDBC Connection [conn2: url=jdbc:h2:mem:activiti user=SA]
10:45:10,861 [main] DEBUG org.activiti.engine.impl.persistence.entity.TaskEntity.selectTask  - ==&gt;  Preparing: select * from ACT_RU_TASK where ID_ = ? 
10:45:10,861 [main] DEBUG org.activiti.engine.impl.persistence.entity.TaskEntity.selectTask  - ==&gt; Parameters: 782(String)
10:45:10,861 [main] DEBUG org.activiti.engine.impl.persistence.entity.TaskEntity.selectTask  - &lt;==      Total: 1
10:45:10,861 [main] DEBUG org.activiti.engine.impl.persistence.entity.IdentityLinkEntity.selectIdentityLinksByTask  - ==&gt;  Preparing: select * from ACT_RU_IDENTITYLINK where TASK_ID_ = ? 
10:45:10,861 [main] DEBUG org.activiti.engine.impl.persistence.entity.IdentityLinkEntity.selectIdentityLinksByTask  - ==&gt; Parameters: 782(String)
10:45:10,861 [main] DEBUG org.activiti.engine.impl.persistence.entity.IdentityLinkEntity.selectIdentityLinksByTask  - &lt;==      Total: 0
10:45:10,861 [main] DEBUG org.activiti.engine.impl.history.DefaultHistoryManager  - Current history level: FULL, level required: AUDIT
10:45:10,861 [main] DEBUG org.activiti.engine.impl.history.DefaultHistoryManager  - Current history level: FULL
10:45:10,861 [main] DEBUG org.activiti.engine.impl.history.DefaultHistoryManager  - Current history level: FULL
10:45:10,861 [main] DEBUG org.activiti.engine.impl.db.DbSqlSession  -   insert org.activiti.engine.impl.persistence.entity.HistoricIdentityLinkEntity@2972b493
10:45:10,861 [main] DEBUG org.activiti.engine.impl.db.DbSqlSession  -   insert IdentityLinkEntity[id=783, type=candidate, userId=kermit, taskId=782]
10:45:10,861 [main] DEBUG org.activiti.engine.impl.db.DbSqlSession  -   insert org.activiti.engine.impl.persistence.entity.CommentEntity@58e0f079
10:45:10,861 [main] DEBUG org.activiti.engine.impl.db.DbSqlSession  - flush summary: 3 insert, 0 update, 0 delete.
10:45:10,861 [main] DEBUG org.activiti.engine.impl.db.DbSqlSession  - now executing flush...
10:45:10,861 [main] DEBUG org.activiti.engine.impl.db.DbSqlSession  - inserting: org.activiti.engine.impl.persistence.entity.HistoricIdentityLinkEntity@2972b493
10:45:10,861 [main] DEBUG org.activiti.engine.impl.persistence.entity.HistoricIdentityLinkEntity.insertHistoricIdentityLink  - ==&gt;  Preparing: insert into ACT_HI_IDENTITYLINK (ID_, TYPE_, USER_ID_, GROUP_ID_, TASK_ID_, PROC_INST_ID_) values (?, ?, ?, ?, ?, ?) 
10:45:10,861 [main] DEBUG org.activiti.engine.impl.persistence.entity.HistoricIdentityLinkEntity.insertHistoricIdentityLink  - ==&gt; Parameters: 783(String), candidate(String), kermit(String), null, 782(String), null
10:45:10,861 [main] DEBUG org.activiti.engine.impl.persistence.entity.HistoricIdentityLinkEntity.insertHistoricIdentityLink  - &lt;==    Updates: 1
10:45:10,861 [main] DEBUG org.activiti.engine.impl.db.DbSqlSession  - inserting: IdentityLinkEntity[id=783, type=candidate, userId=kermit, taskId=782]
10:45:10,861 [main] DEBUG org.activiti.engine.impl.persistence.entity.IdentityLinkEntity.insertIdentityLink  - ==&gt;  Preparing: insert into ACT_RU_IDENTITYLINK (ID_, REV_, TYPE_, USER_ID_, GROUP_ID_, TASK_ID_, PROC_INST_ID_, PROC_DEF_ID_) values (?, 1, ?, ?, ?, ?, ?, ?) 
10:45:10,862 [main] DEBUG org.activiti.engine.impl.persistence.entity.IdentityLinkEntity.insertIdentityLink  - ==&gt; Parameters: 783(String), candidate(String), kermit(String), null, 782(String), null, null
10:45:10,862 [main] DEBUG org.activiti.engine.impl.persistence.entity.IdentityLinkEntity.insertIdentityLink  - &lt;==    Updates: 1
10:45:10,862 [main] DEBUG org.activiti.engine.impl.db.DbSqlSession  - inserting: org.activiti.engine.impl.persistence.entity.CommentEntity@58e0f079
10:45:10,862 [main] DEBUG org.activiti.engine.impl.persistence.entity.CommentEntity.insertComment  - ==&gt;  Preparing: insert into ACT_HI_COMMENT (ID_, TYPE_, TIME_, USER_ID_, TASK_ID_, PROC_INST_ID_, ACTION_, MESSAGE_, FULL_MSG_) values (?, ?, ?, ?, ?, ?, ?, ?, ?) 
10:45:10,862 [main] DEBUG org.activiti.engine.impl.persistence.entity.CommentEntity.insertComment  - ==&gt; Parameters: 784(String), event(String), 2009-01-01 01:01:01.0(Timestamp), null, 782(String), null, AddUserLink(String), kermit_|_candidate(String), null
10:45:10,862 [main] DEBUG org.activiti.engine.impl.persistence.entity.CommentEntity.insertComment  - &lt;==    Updates: 1
10:45:10,862 [main] DEBUG org.activiti.engine.impl.cfg.standalone.StandaloneMybatisTransactionContext  - firing event committing...
10:45:10,862 [main] DEBUG org.activiti.engine.impl.cfg.standalone.StandaloneMybatisTransactionContext  - committing the ibatis sql session...
10:45:10,862 [main] DEBUG org.apache.ibatis.transaction.jdbc.JdbcTransaction  - Committing JDBC Connection [conn2: url=jdbc:h2:mem:activiti user=SA]
10:45:10,862 [main] DEBUG org.activiti.engine.impl.cfg.standalone.StandaloneMybatisTransactionContext  - firing event committed...
10:45:10,862 [main] DEBUG org.apache.ibatis.transaction.jdbc.JdbcTransaction  - Resetting autocommit to true on JDBC Connection [conn2: url=jdbc:h2:mem:activiti user=SA]
10:45:10,862 [main] DEBUG org.apache.ibatis.transaction.jdbc.JdbcTransaction  - Closing JDBC Connection [conn2: url=jdbc:h2:mem:activiti user=SA]
10:45:10,862 [main] DEBUG org.apache.ibatis.datasource.pooled.PooledDataSource  - Returned connection 363509958 to pool.
10:45:10,862 [main] DEBUG org.activiti.engine.impl.interceptor.LogInterceptor  - --- AddIdentityLinkCmd finished --------------------------------------------------------
10:45:10,862 [main] DEBUG org.activiti.engine.impl.interceptor.LogInterceptor  - 

10:45:10,862 [main] DEBUG org.activiti.engine.impl.interceptor.LogInterceptor  - 

10:45:10,862 [main] DEBUG org.activiti.engine.impl.interceptor.LogInterceptor  - --- starting NewTaskCmd --------------------------------------------------------
10:45:10,862 [main] DEBUG org.activiti.engine.impl.cfg.standalone.StandaloneMybatisTransactionContext  - firing event committing...
10:45:10,862 [main] DEBUG org.activiti.engine.impl.cfg.standalone.StandaloneMybatisTransactionContext  - committing the ibatis sql session...
10:45:10,862 [main] DEBUG org.activiti.engine.impl.cfg.standalone.StandaloneMybatisTransactionContext  - firing event committed...
10:45:10,862 [main] DEBUG org.activiti.engine.impl.interceptor.LogInterceptor  - --- NewTaskCmd finished --------------------------------------------------------
10:45:10,862 [main] DEBUG org.activiti.engine.impl.interceptor.LogInterceptor  - 

10:45:10,862 [main] DEBUG org.activiti.engine.impl.interceptor.LogInterceptor  - 

10:45:10,862 [main] DEBUG org.activiti.engine.impl.interceptor.LogInterceptor  - --- starting SaveTaskCmd --------------------------------------------------------
10:45:10,862 [main] DEBUG org.activiti.engine.impl.history.DefaultHistoryManager  - Current history level: FULL, level required: AUDIT
10:45:10,862 [main] DEBUG org.activiti.engine.impl.db.DbSqlSession  -   insert Task[id=785, name=kermitSubTask2]
10:45:10,862 [main] DEBUG org.activiti.engine.impl.db.DbSqlSession  -   insert HistoricTaskInstanceEntity[id=785, name=kermitSubTask2]
10:45:10,862 [main] DEBUG org.activiti.engine.impl.db.DbSqlSession  - flush summary: 2 insert, 0 update, 0 delete.
10:45:10,862 [main] DEBUG org.activiti.engine.impl.db.DbSqlSession  - now executing flush...
10:45:10,862 [main] DEBUG org.activiti.engine.impl.db.DbSqlSession  - inserting: HistoricTaskInstanceEntity[id=785, name=kermitSubTask2]
10:45:10,862 [main] DEBUG org.apache.ibatis.transaction.jdbc.JdbcTransaction  - Opening JDBC Connection
10:45:10,862 [main] DEBUG org.apache.ibatis.datasource.pooled.PooledDataSource  - Checked out connection 297240765 from pool.
10:45:10,862 [main] DEBUG org.apache.ibatis.transaction.jdbc.JdbcTransaction  - Setting autocommit to false on JDBC Connection [conn4: url=jdbc:h2:mem:activiti user=SA]
10:45:10,862 [main] DEBUG org.activiti.engine.impl.persistence.entity.HistoricTaskInstanceEntity.insertHistoricTaskInstance  - ==&gt;  Preparing: insert into ACT_HI_TASKINST ( ID_, PROC_DEF_ID_, PROC_INST_ID_, EXECUTION_ID_, NAME_, PARENT_TASK_ID_, DESCRIPTION_, OWNER_, ASSIGNEE_, START_TIME_, CLAIM_TIME_, END_TIME_, DURATION_, DELETE_REASON_, TASK_DEF_KEY_, FORM_KEY_, PRIORITY_, DUE_DATE_, CATEGORY_, TENANT_ID_ ) values ( ?, ?, ?, ?, ?, ?, ?, ?, ?, ?, ?, ?, ?, ?, ?, ?, ?, ?, ?, ? ) 
10:45:10,862 [main] DEBUG org.activiti.engine.impl.persistence.entity.HistoricTaskInstanceEntity.insertHistoricTaskInstance  - ==&gt; Parameters: 785(String), null, null, null, kermitSubTask2(String), 779(String), description for kermit sub-task2(String), null, null, 2009-01-01 01:01:01.0(Timestamp), null, null, null, null, null, null, 50(Integer), null, null, (String)
10:45:10,862 [main] DEBUG org.activiti.engine.impl.persistence.entity.HistoricTaskInstanceEntity.insertHistoricTaskInstance  - &lt;==    Updates: 1
10:45:10,862 [main] DEBUG org.activiti.engine.impl.db.DbSqlSession  - inserting: Task[id=785, name=kermitSubTask2]
10:45:10,862 [main] DEBUG org.activiti.engine.impl.persistence.entity.TaskEntity.insertTask  - ==&gt;  Preparing: insert into ACT_RU_TASK (ID_, REV_, NAME_, PARENT_TASK_ID_, DESCRIPTION_, PRIORITY_, CREATE_TIME_, OWNER_, ASSIGNEE_, DELEGATION_, EXECUTION_ID_, PROC_INST_ID_, PROC_DEF_ID_, TASK_DEF_KEY_, DUE_DATE_, CATEGORY_, SUSPENSION_STATE_, TENANT_ID_, FORM_KEY_) values (?, 1, ?, ?, ?, ?, ?, ?, ?, ?, ?, ?, ?, ?, ?, ?, ?, ?, ? ) 
10:45:10,862 [main] DEBUG org.activiti.engine.impl.persistence.entity.TaskEntity.insertTask  - ==&gt; Parameters: 785(String), kermitSubTask2(String), 779(String), description for kermit sub-task2(String), 50(Integer), 2009-01-01 01:01:01.0(Timestamp), null, null, null, null, null, null, null, null, null, 1(Integer), (String), null
10:45:10,862 [main] DEBUG org.activiti.engine.impl.persistence.entity.TaskEntity.insertTask  - &lt;==    Updates: 1
10:45:10,862 [main] DEBUG org.activiti.engine.impl.cfg.standalone.StandaloneMybatisTransactionContext  - firing event committing...
10:45:10,862 [main] DEBUG org.activiti.engine.impl.cfg.standalone.StandaloneMybatisTransactionContext  - committing the ibatis sql session...
10:45:10,862 [main] DEBUG org.apache.ibatis.transaction.jdbc.JdbcTransaction  - Committing JDBC Connection [conn4: url=jdbc:h2:mem:activiti user=SA]
10:45:10,862 [main] DEBUG org.activiti.engine.impl.cfg.standalone.StandaloneMybatisTransactionContext  - firing event committed...
10:45:10,862 [main] DEBUG org.apache.ibatis.transaction.jdbc.JdbcTransaction  - Resetting autocommit to true on JDBC Connection [conn4: url=jdbc:h2:mem:activiti user=SA]
10:45:10,862 [main] DEBUG org.apache.ibatis.transaction.jdbc.JdbcTransaction  - Closing JDBC Connection [conn4: url=jdbc:h2:mem:activiti user=SA]
10:45:10,862 [main] DEBUG org.apache.ibatis.datasource.pooled.PooledDataSource  - Returned connection 297240765 to pool.
10:45:10,862 [main] DEBUG org.activiti.engine.impl.interceptor.LogInterceptor  - --- SaveTaskCmd finished --------------------------------------------------------
10:45:10,862 [main] DEBUG org.activiti.engine.impl.interceptor.LogInterceptor  - 

10:45:10,862 [main] DEBUG org.activiti.engine.impl.interceptor.LogInterceptor  - 

10:45:10,862 [main] DEBUG org.activiti.engine.impl.interceptor.LogInterceptor  - --- starting AddIdentityLinkCmd --------------------------------------------------------
10:45:10,862 [main] DEBUG org.apache.ibatis.transaction.jdbc.JdbcTransaction  - Opening JDBC Connection
10:45:10,862 [main] DEBUG org.apache.ibatis.datasource.pooled.PooledDataSource  - Checked out connection 486346394 from pool.
10:45:10,862 [main] DEBUG org.apache.ibatis.transaction.jdbc.JdbcTransaction  - Setting autocommit to false on JDBC Connection [conn6: url=jdbc:h2:mem:activiti user=SA]
10:45:10,862 [main] DEBUG org.activiti.engine.impl.persistence.entity.TaskEntity.selectTask  - ==&gt;  Preparing: select * from ACT_RU_TASK where ID_ = ? 
10:45:10,862 [main] DEBUG org.activiti.engine.impl.persistence.entity.TaskEntity.selectTask  - ==&gt; Parameters: 785(String)
10:45:10,862 [main] DEBUG org.activiti.engine.impl.persistence.entity.TaskEntity.selectTask  - &lt;==      Total: 1
10:45:10,862 [main] DEBUG org.activiti.engine.impl.persistence.entity.IdentityLinkEntity.selectIdentityLinksByTask  - ==&gt;  Preparing: select * from ACT_RU_IDENTITYLINK where TASK_ID_ = ? 
10:45:10,862 [main] DEBUG org.activiti.engine.impl.persistence.entity.IdentityLinkEntity.selectIdentityLinksByTask  - ==&gt; Parameters: 785(String)
10:45:10,862 [main] DEBUG org.activiti.engine.impl.persistence.entity.IdentityLinkEntity.selectIdentityLinksByTask  - &lt;==      Total: 0
10:45:10,862 [main] DEBUG org.activiti.engine.impl.history.DefaultHistoryManager  - Current history level: FULL, level required: AUDIT
10:45:10,862 [main] DEBUG org.activiti.engine.impl.history.DefaultHistoryManager  - Current history level: FULL
10:45:10,862 [main] DEBUG org.activiti.engine.impl.history.DefaultHistoryManager  - Current history level: FULL
10:45:10,862 [main] DEBUG org.activiti.engine.impl.db.DbSqlSession  -   insert org.activiti.engine.impl.persistence.entity.HistoricIdentityLinkEntity@45b37003
10:45:10,862 [main] DEBUG org.activiti.engine.impl.db.DbSqlSession  -   insert IdentityLinkEntity[id=786, type=candidate, userId=kermit, taskId=785]
10:45:10,862 [main] DEBUG org.activiti.engine.impl.db.DbSqlSession  -   insert org.activiti.engine.impl.persistence.entity.CommentEntity@3e60be48
10:45:10,862 [main] DEBUG org.activiti.engine.impl.db.DbSqlSession  - flush summary: 3 insert, 0 update, 0 delete.
10:45:10,862 [main] DEBUG org.activiti.engine.impl.db.DbSqlSession  - now executing flush...
10:45:10,862 [main] DEBUG org.activiti.engine.impl.db.DbSqlSession  - inserting: org.activiti.engine.impl.persistence.entity.HistoricIdentityLinkEntity@45b37003
10:45:10,862 [main] DEBUG org.activiti.engine.impl.persistence.entity.HistoricIdentityLinkEntity.insertHistoricIdentityLink  - ==&gt;  Preparing: insert into ACT_HI_IDENTITYLINK (ID_, TYPE_, USER_ID_, GROUP_ID_, TASK_ID_, PROC_INST_ID_) values (?, ?, ?, ?, ?, ?) 
10:45:10,862 [main] DEBUG org.activiti.engine.impl.persistence.entity.HistoricIdentityLinkEntity.insertHistoricIdentityLink  - ==&gt; Parameters: 786(String), candidate(String), kermit(String), null, 785(String), null
10:45:10,862 [main] DEBUG org.activiti.engine.impl.persistence.entity.HistoricIdentityLinkEntity.insertHistoricIdentityLink  - &lt;==    Updates: 1
10:45:10,862 [main] DEBUG org.activiti.engine.impl.db.DbSqlSession  - inserting: IdentityLinkEntity[id=786, type=candidate, userId=kermit, taskId=785]
10:45:10,862 [main] DEBUG org.activiti.engine.impl.persistence.entity.IdentityLinkEntity.insertIdentityLink  - ==&gt;  Preparing: insert into ACT_RU_IDENTITYLINK (ID_, REV_, TYPE_, USER_ID_, GROUP_ID_, TASK_ID_, PROC_INST_ID_, PROC_DEF_ID_) values (?, 1, ?, ?, ?, ?, ?, ?) 
10:45:10,862 [main] DEBUG org.activiti.engine.impl.persistence.entity.IdentityLinkEntity.insertIdentityLink  - ==&gt; Parameters: 786(String), candidate(String), kermit(String), null, 785(String), null, null
10:45:10,862 [main] DEBUG org.activiti.engine.impl.persistence.entity.IdentityLinkEntity.insertIdentityLink  - &lt;==    Updates: 1
10:45:10,862 [main] DEBUG org.activiti.engine.impl.db.DbSqlSession  - inserting: org.activiti.engine.impl.persistence.entity.CommentEntity@3e60be48
10:45:10,862 [main] DEBUG org.activiti.engine.impl.persistence.entity.CommentEntity.insertComment  - ==&gt;  Preparing: insert into ACT_HI_COMMENT (ID_, TYPE_, TIME_, USER_ID_, TASK_ID_, PROC_INST_ID_, ACTION_, MESSAGE_, FULL_MSG_) values (?, ?, ?, ?, ?, ?, ?, ?, ?) 
10:45:10,862 [main] DEBUG org.activiti.engine.impl.persistence.entity.CommentEntity.insertComment  - ==&gt; Parameters: 787(String), event(String), 2009-01-01 01:01:01.0(Timestamp), null, 785(String), null, AddUserLink(String), kermit_|_candidate(String), null
10:45:10,862 [main] DEBUG org.activiti.engine.impl.persistence.entity.CommentEntity.insertComment  - &lt;==    Updates: 1
10:45:10,862 [main] DEBUG org.activiti.engine.impl.cfg.standalone.StandaloneMybatisTransactionContext  - firing event committing...
10:45:10,862 [main] DEBUG org.activiti.engine.impl.cfg.standalone.StandaloneMybatisTransactionContext  - committing the ibatis sql session...
10:45:10,862 [main] DEBUG org.apache.ibatis.transaction.jdbc.JdbcTransaction  - Committing JDBC Connection [conn6: url=jdbc:h2:mem:activiti user=SA]
10:45:10,862 [main] DEBUG org.activiti.engine.impl.cfg.standalone.StandaloneMybatisTransactionContext  - firing event committed...
10:45:10,862 [main] DEBUG org.apache.ibatis.transaction.jdbc.JdbcTransaction  - Resetting autocommit to true on JDBC Connection [conn6: url=jdbc:h2:mem:activiti user=SA]
10:45:10,862 [main] DEBUG org.apache.ibatis.transaction.jdbc.JdbcTransaction  - Closing JDBC Connection [conn6: url=jdbc:h2:mem:activiti user=SA]
10:45:10,862 [main] DEBUG org.apache.ibatis.datasource.pooled.PooledDataSource  - Returned connection 486346394 to pool.
10:45:10,862 [main] DEBUG org.activiti.engine.impl.interceptor.LogInterceptor  - --- AddIdentityLinkCmd finished --------------------------------------------------------
10:45:10,862 [main] DEBUG org.activiti.engine.impl.interceptor.LogInterceptor  - 

10:45:10,862 [main] DEBUG org.activiti.engine.impl.interceptor.LogInterceptor  - 

10:45:10,862 [main] DEBUG org.activiti.engine.impl.interceptor.LogInterceptor  - --- starting NewTaskCmd --------------------------------------------------------
10:45:10,862 [main] DEBUG org.activiti.engine.impl.cfg.standalone.StandaloneMybatisTransactionContext  - firing event committing...
10:45:10,862 [main] DEBUG org.activiti.engine.impl.cfg.standalone.StandaloneMybatisTransactionContext  - committing the ibatis sql session...
10:45:10,862 [main] DEBUG org.activiti.engine.impl.cfg.standalone.StandaloneMybatisTransactionContext  - firing event committed...
10:45:10,862 [main] DEBUG org.activiti.engine.impl.interceptor.LogInterceptor  - --- NewTaskCmd finished --------------------------------------------------------
10:45:10,862 [main] DEBUG org.activiti.engine.impl.interceptor.LogInterceptor  - 

10:45:10,862 [main] DEBUG org.activiti.engine.impl.interceptor.LogInterceptor  - 

10:45:10,862 [main] DEBUG org.activiti.engine.impl.interceptor.LogInterceptor  - --- starting SaveTaskCmd --------------------------------------------------------
10:45:10,862 [main] DEBUG org.activiti.engine.impl.history.DefaultHistoryManager  - Current history level: FULL, level required: AUDIT
10:45:10,862 [main] DEBUG org.activiti.engine.impl.db.DbSqlSession  -   insert Task[id=788, name=gonzoRootTask1]
10:45:10,862 [main] DEBUG org.activiti.engine.impl.db.DbSqlSession  -   insert HistoricTaskInstanceEntity[id=788, name=gonzoRootTask1]
10:45:10,862 [main] DEBUG org.activiti.engine.impl.db.DbSqlSession  - flush summary: 2 insert, 0 update, 0 delete.
10:45:10,862 [main] DEBUG org.activiti.engine.impl.db.DbSqlSession  - now executing flush...
10:45:10,862 [main] DEBUG org.activiti.engine.impl.db.DbSqlSession  - inserting: HistoricTaskInstanceEntity[id=788, name=gonzoRootTask1]
10:45:10,862 [main] DEBUG org.apache.ibatis.transaction.jdbc.JdbcTransaction  - Opening JDBC Connection
10:45:10,862 [main] DEBUG org.apache.ibatis.datasource.pooled.PooledDataSource  - Checked out connection 180014677 from pool.
10:45:10,862 [main] DEBUG org.apache.ibatis.transaction.jdbc.JdbcTransaction  - Setting autocommit to false on JDBC Connection [conn3: url=jdbc:h2:mem:activiti user=SA]
10:45:10,862 [main] DEBUG org.activiti.engine.impl.persistence.entity.HistoricTaskInstanceEntity.insertHistoricTaskInstance  - ==&gt;  Preparing: insert into ACT_HI_TASKINST ( ID_, PROC_DEF_ID_, PROC_INST_ID_, EXECUTION_ID_, NAME_, PARENT_TASK_ID_, DESCRIPTION_, OWNER_, ASSIGNEE_, START_TIME_, CLAIM_TIME_, END_TIME_, DURATION_, DELETE_REASON_, TASK_DEF_KEY_, FORM_KEY_, PRIORITY_, DUE_DATE_, CATEGORY_, TENANT_ID_ ) values ( ?, ?, ?, ?, ?, ?, ?, ?, ?, ?, ?, ?, ?, ?, ?, ?, ?, ?, ?, ? ) 
10:45:10,862 [main] DEBUG org.activiti.engine.impl.persistence.entity.HistoricTaskInstanceEntity.insertHistoricTaskInstance  - ==&gt; Parameters: 788(String), null, null, null, gonzoRootTask1(String), null, gonzo Root task1 description(String), null, null, 2008-02-01 02:02:02.0(Timestamp), null, null, null, null, null, null, 50(Integer), null, null, (String)
10:45:10,862 [main] DEBUG org.activiti.engine.impl.persistence.entity.HistoricTaskInstanceEntity.insertHistoricTaskInstance  - &lt;==    Updates: 1
10:45:10,862 [main] DEBUG org.activiti.engine.impl.db.DbSqlSession  - inserting: Task[id=788, name=gonzoRootTask1]
10:45:10,862 [main] DEBUG org.activiti.engine.impl.persistence.entity.TaskEntity.insertTask  - ==&gt;  Preparing: insert into ACT_RU_TASK (ID_, REV_, NAME_, PARENT_TASK_ID_, DESCRIPTION_, PRIORITY_, CREATE_TIME_, OWNER_, ASSIGNEE_, DELEGATION_, EXECUTION_ID_, PROC_INST_ID_, PROC_DEF_ID_, TASK_DEF_KEY_, DUE_DATE_, CATEGORY_, SUSPENSION_STATE_, TENANT_ID_, FORM_KEY_) values (?, 1, ?, ?, ?, ?, ?, ?, ?, ?, ?, ?, ?, ?, ?, ?, ?, ?, ? ) 
10:45:10,862 [main] DEBUG org.activiti.engine.impl.persistence.entity.TaskEntity.insertTask  - ==&gt; Parameters: 788(String), gonzoRootTask1(String), null, gonzo Root task1 description(String), 50(Integer), 2008-02-01 02:02:02.0(Timestamp), null, null, null, null, null, null, null, null, null, 1(Integer), (String), null
10:45:10,862 [main] DEBUG org.activiti.engine.impl.persistence.entity.TaskEntity.insertTask  - &lt;==    Updates: 1
10:45:10,862 [main] DEBUG org.activiti.engine.impl.cfg.standalone.StandaloneMybatisTransactionContext  - firing event committing...
10:45:10,862 [main] DEBUG org.activiti.engine.impl.cfg.standalone.StandaloneMybatisTransactionContext  - committing the ibatis sql session...
10:45:10,862 [main] DEBUG org.apache.ibatis.transaction.jdbc.JdbcTransaction  - Committing JDBC Connection [conn3: url=jdbc:h2:mem:activiti user=SA]
10:45:10,862 [main] DEBUG org.activiti.engine.impl.cfg.standalone.StandaloneMybatisTransactionContext  - firing event committed...
10:45:10,862 [main] DEBUG org.apache.ibatis.transaction.jdbc.JdbcTransaction  - Resetting autocommit to true on JDBC Connection [conn3: url=jdbc:h2:mem:activiti user=SA]
10:45:10,862 [main] DEBUG org.apache.ibatis.transaction.jdbc.JdbcTransaction  - Closing JDBC Connection [conn3: url=jdbc:h2:mem:activiti user=SA]
10:45:10,862 [main] DEBUG org.apache.ibatis.datasource.pooled.PooledDataSource  - Returned connection 180014677 to pool.
10:45:10,862 [main] DEBUG org.activiti.engine.impl.interceptor.LogInterceptor  - --- SaveTaskCmd finished --------------------------------------------------------
10:45:10,862 [main] DEBUG org.activiti.engine.impl.interceptor.LogInterceptor  - 

10:45:10,862 [main] DEBUG org.activiti.engine.impl.interceptor.LogInterceptor  - 

10:45:10,862 [main] DEBUG org.activiti.engine.impl.interceptor.LogInterceptor  - --- starting AddIdentityLinkCmd --------------------------------------------------------
10:45:10,862 [main] DEBUG org.apache.ibatis.transaction.jdbc.JdbcTransaction  - Opening JDBC Connection
10:45:10,862 [main] DEBUG org.apache.ibatis.datasource.pooled.PooledDataSource  - Checked out connection 363509958 from pool.
10:45:10,862 [main] DEBUG org.apache.ibatis.transaction.jdbc.JdbcTransaction  - Setting autocommit to false on JDBC Connection [conn2: url=jdbc:h2:mem:activiti user=SA]
10:45:10,862 [main] DEBUG org.activiti.engine.impl.persistence.entity.TaskEntity.selectTask  - ==&gt;  Preparing: select * from ACT_RU_TASK where ID_ = ? 
10:45:10,862 [main] DEBUG org.activiti.engine.impl.persistence.entity.TaskEntity.selectTask  - ==&gt; Parameters: 788(String)
10:45:10,862 [main] DEBUG org.activiti.engine.impl.persistence.entity.TaskEntity.selectTask  - &lt;==      Total: 1
10:45:10,862 [main] DEBUG org.activiti.engine.impl.history.DefaultHistoryManager  - Current history level: FULL, level required: AUDIT
10:45:10,862 [main] DEBUG org.activiti.engine.impl.persistence.entity.HistoricTaskInstanceEntity.selectHistoricTaskInstance  - ==&gt;  Preparing: select * from ACT_HI_TASKINST where ID_ = ? 
10:45:10,862 [main] DEBUG org.activiti.engine.impl.persistence.entity.HistoricTaskInstanceEntity.selectHistoricTaskInstance  - ==&gt; Parameters: 788(String)
10:45:10,862 [main] DEBUG org.activiti.engine.impl.persistence.entity.HistoricTaskInstanceEntity.selectHistoricTaskInstance  - &lt;==      Total: 1
10:45:10,862 [main] DEBUG org.activiti.engine.impl.history.DefaultHistoryManager  - Current history level: FULL
10:45:10,862 [main] DEBUG org.activiti.engine.impl.history.DefaultHistoryManager  - Current history level: FULL
10:45:10,863 [main] DEBUG org.activiti.engine.impl.db.DbSqlSession  -   insert org.activiti.engine.impl.persistence.entity.CommentEntity@20a533b
10:45:10,863 [main] DEBUG org.activiti.engine.impl.db.DbSqlSession  -   update Task[id=788, name=gonzoRootTask1]
10:45:10,863 [main] DEBUG org.activiti.engine.impl.db.DbSqlSession  -   update HistoricTaskInstanceEntity[id=788, name=gonzoRootTask1]
10:45:10,863 [main] DEBUG org.activiti.engine.impl.db.DbSqlSession  - flush summary: 1 insert, 2 update, 0 delete.
10:45:10,863 [main] DEBUG org.activiti.engine.impl.db.DbSqlSession  - now executing flush...
10:45:10,863 [main] DEBUG org.activiti.engine.impl.db.DbSqlSession  - inserting: org.activiti.engine.impl.persistence.entity.CommentEntity@20a533b
10:45:10,863 [main] DEBUG org.activiti.engine.impl.persistence.entity.CommentEntity.insertComment  - ==&gt;  Preparing: insert into ACT_HI_COMMENT (ID_, TYPE_, TIME_, USER_ID_, TASK_ID_, PROC_INST_ID_, ACTION_, MESSAGE_, FULL_MSG_) values (?, ?, ?, ?, ?, ?, ?, ?, ?) 
10:45:10,863 [main] DEBUG org.activiti.engine.impl.persistence.entity.CommentEntity.insertComment  - ==&gt; Parameters: 789(String), event(String), 2008-02-01 02:02:02.0(Timestamp), null, 788(String), null, AddUserLink(String), gonzo_|_assignee(String), null
10:45:10,863 [main] DEBUG org.activiti.engine.impl.persistence.entity.CommentEntity.insertComment  - &lt;==    Updates: 1
10:45:10,863 [main] DEBUG org.activiti.engine.impl.db.DbSqlSession  - updating: Task[id=788, name=gonzoRootTask1]
10:45:10,863 [main] DEBUG org.activiti.engine.impl.persistence.entity.TaskEntity.updateTask  - ==&gt;  Preparing: update ACT_RU_TASK SET REV_ = ?, NAME_ = ?, PARENT_TASK_ID_ = ?, PRIORITY_ = ?, CREATE_TIME_ = ?, OWNER_ = ?, ASSIGNEE_ = ?, DELEGATION_ = ?, EXECUTION_ID_ = ?, PROC_DEF_ID_ = ?, DESCRIPTION_ = ?, DUE_DATE_ = ?, CATEGORY_ = ?, SUSPENSION_STATE_ = ?, FORM_KEY_ = ? where ID_= ? and REV_ = ? 
10:45:10,863 [main] DEBUG org.activiti.engine.impl.persistence.entity.TaskEntity.updateTask  - ==&gt; Parameters: 2(Integer), gonzoRootTask1(String), null, 50(Integer), 2008-02-01 02:02:02.0(Timestamp), null, gonzo(String), null, null, null, gonzo Root task1 description(String), null, null, 1(Integer), null, 788(String), 1(Integer)
10:45:10,863 [main] DEBUG org.activiti.engine.impl.persistence.entity.TaskEntity.updateTask  - &lt;==    Updates: 1
10:45:10,863 [main] DEBUG org.activiti.engine.impl.db.DbSqlSession  - updating: HistoricTaskInstanceEntity[id=788, name=gonzoRootTask1]
10:45:10,863 [main] DEBUG org.activiti.engine.impl.persistence.entity.HistoricTaskInstanceEntity.updateHistoricTaskInstance  - ==&gt;  Preparing: update ACT_HI_TASKINST set EXECUTION_ID_ = ?, NAME_ = ?, PARENT_TASK_ID_ = ?, DESCRIPTION_ = ?, OWNER_ = ?, ASSIGNEE_ = ?, CLAIM_TIME_ = ?, END_TIME_ = ?, DURATION_ = ?, DELETE_REASON_ = ?, TASK_DEF_KEY_ = ?, FORM_KEY_ = ?, PRIORITY_ = ?, DUE_DATE_ = ?, CATEGORY_ = ? where ID_ = ? 
10:45:10,863 [main] DEBUG org.activiti.engine.impl.persistence.entity.HistoricTaskInstanceEntity.updateHistoricTaskInstance  - ==&gt; Parameters: null, gonzoRootTask1(String), null, gonzo Root task1 description(String), null, gonzo(String), null, null, null, null, null, null, 50(Integer), null, null, 788(String)
10:45:10,863 [main] DEBUG org.activiti.engine.impl.persistence.entity.HistoricTaskInstanceEntity.updateHistoricTaskInstance  - &lt;==    Updates: 1
10:45:10,863 [main] DEBUG org.activiti.engine.impl.cfg.standalone.StandaloneMybatisTransactionContext  - firing event committing...
10:45:10,863 [main] DEBUG org.activiti.engine.impl.cfg.standalone.StandaloneMybatisTransactionContext  - committing the ibatis sql session...
10:45:10,863 [main] DEBUG org.apache.ibatis.transaction.jdbc.JdbcTransaction  - Committing JDBC Connection [conn2: url=jdbc:h2:mem:activiti user=SA]
10:45:10,863 [main] DEBUG org.activiti.engine.impl.cfg.standalone.StandaloneMybatisTransactionContext  - firing event committed...
10:45:10,863 [main] DEBUG org.apache.ibatis.transaction.jdbc.JdbcTransaction  - Resetting autocommit to true on JDBC Connection [conn2: url=jdbc:h2:mem:activiti user=SA]
10:45:10,863 [main] DEBUG org.apache.ibatis.transaction.jdbc.JdbcTransaction  - Closing JDBC Connection [conn2: url=jdbc:h2:mem:activiti user=SA]
10:45:10,863 [main] DEBUG org.apache.ibatis.datasource.pooled.PooledDataSource  - Returned connection 363509958 to pool.
10:45:10,863 [main] DEBUG org.activiti.engine.impl.interceptor.LogInterceptor  - --- AddIdentityLinkCmd finished --------------------------------------------------------
10:45:10,863 [main] DEBUG org.activiti.engine.impl.interceptor.LogInterceptor  - 

10:45:10,863 [main] DEBUG org.activiti.engine.impl.interceptor.LogInterceptor  - 

10:45:10,863 [main] DEBUG org.activiti.engine.impl.interceptor.LogInterceptor  - --- starting NewTaskCmd --------------------------------------------------------
10:45:10,863 [main] DEBUG org.activiti.engine.impl.cfg.standalone.StandaloneMybatisTransactionContext  - firing event committing...
10:45:10,863 [main] DEBUG org.activiti.engine.impl.cfg.standalone.StandaloneMybatisTransactionContext  - committing the ibatis sql session...
10:45:10,863 [main] DEBUG org.activiti.engine.impl.cfg.standalone.StandaloneMybatisTransactionContext  - firing event committed...
10:45:10,863 [main] DEBUG org.activiti.engine.impl.interceptor.LogInterceptor  - --- NewTaskCmd finished --------------------------------------------------------
10:45:10,863 [main] DEBUG org.activiti.engine.impl.interceptor.LogInterceptor  - 

10:45:10,863 [main] DEBUG org.activiti.engine.impl.interceptor.LogInterceptor  - 

10:45:10,863 [main] DEBUG org.activiti.engine.impl.interceptor.LogInterceptor  - --- starting SaveTaskCmd --------------------------------------------------------
10:45:10,863 [main] DEBUG org.activiti.engine.impl.history.DefaultHistoryManager  - Current history level: FULL, level required: AUDIT
10:45:10,863 [main] DEBUG org.activiti.engine.impl.db.DbSqlSession  -   insert Task[id=790, name=gonzoRootTask2]
10:45:10,863 [main] DEBUG org.activiti.engine.impl.db.DbSqlSession  -   insert HistoricTaskInstanceEntity[id=790, name=gonzoRootTask2]
10:45:10,863 [main] DEBUG org.activiti.engine.impl.db.DbSqlSession  - flush summary: 2 insert, 0 update, 0 delete.
10:45:10,863 [main] DEBUG org.activiti.engine.impl.db.DbSqlSession  - now executing flush...
10:45:10,863 [main] DEBUG org.activiti.engine.impl.db.DbSqlSession  - inserting: HistoricTaskInstanceEntity[id=790, name=gonzoRootTask2]
10:45:10,863 [main] DEBUG org.apache.ibatis.transaction.jdbc.JdbcTransaction  - Opening JDBC Connection
10:45:10,863 [main] DEBUG org.apache.ibatis.datasource.pooled.PooledDataSource  - Checked out connection 297240765 from pool.
10:45:10,863 [main] DEBUG org.apache.ibatis.transaction.jdbc.JdbcTransaction  - Setting autocommit to false on JDBC Connection [conn4: url=jdbc:h2:mem:activiti user=SA]
10:45:10,863 [main] DEBUG org.activiti.engine.impl.persistence.entity.HistoricTaskInstanceEntity.insertHistoricTaskInstance  - ==&gt;  Preparing: insert into ACT_HI_TASKINST ( ID_, PROC_DEF_ID_, PROC_INST_ID_, EXECUTION_ID_, NAME_, PARENT_TASK_ID_, DESCRIPTION_, OWNER_, ASSIGNEE_, START_TIME_, CLAIM_TIME_, END_TIME_, DURATION_, DELETE_REASON_, TASK_DEF_KEY_, FORM_KEY_, PRIORITY_, DUE_DATE_, CATEGORY_, TENANT_ID_ ) values ( ?, ?, ?, ?, ?, ?, ?, ?, ?, ?, ?, ?, ?, ?, ?, ?, ?, ?, ?, ? ) 
10:45:10,863 [main] DEBUG org.activiti.engine.impl.persistence.entity.HistoricTaskInstanceEntity.insertHistoricTaskInstance  - ==&gt; Parameters: 790(String), null, null, null, gonzoRootTask2(String), null, gonzo Root task2 description(String), null, null, 2008-02-05 02:02:02.0(Timestamp), null, null, null, null, null, null, 50(Integer), null, null, (String)
10:45:10,863 [main] DEBUG org.activiti.engine.impl.persistence.entity.HistoricTaskInstanceEntity.insertHistoricTaskInstance  - &lt;==    Updates: 1
10:45:10,863 [main] DEBUG org.activiti.engine.impl.db.DbSqlSession  - inserting: Task[id=790, name=gonzoRootTask2]
10:45:10,863 [main] DEBUG org.activiti.engine.impl.persistence.entity.TaskEntity.insertTask  - ==&gt;  Preparing: insert into ACT_RU_TASK (ID_, REV_, NAME_, PARENT_TASK_ID_, DESCRIPTION_, PRIORITY_, CREATE_TIME_, OWNER_, ASSIGNEE_, DELEGATION_, EXECUTION_ID_, PROC_INST_ID_, PROC_DEF_ID_, TASK_DEF_KEY_, DUE_DATE_, CATEGORY_, SUSPENSION_STATE_, TENANT_ID_, FORM_KEY_) values (?, 1, ?, ?, ?, ?, ?, ?, ?, ?, ?, ?, ?, ?, ?, ?, ?, ?, ? ) 
10:45:10,863 [main] DEBUG org.activiti.engine.impl.persistence.entity.TaskEntity.insertTask  - ==&gt; Parameters: 790(String), gonzoRootTask2(String), null, gonzo Root task2 description(String), 50(Integer), 2008-02-05 02:02:02.0(Timestamp), null, null, null, null, null, null, null, null, null, 1(Integer), (String), null
10:45:10,863 [main] DEBUG org.activiti.engine.impl.persistence.entity.TaskEntity.insertTask  - &lt;==    Updates: 1
10:45:10,863 [main] DEBUG org.activiti.engine.impl.cfg.standalone.StandaloneMybatisTransactionContext  - firing event committing...
10:45:10,863 [main] DEBUG org.activiti.engine.impl.cfg.standalone.StandaloneMybatisTransactionContext  - committing the ibatis sql session...
10:45:10,863 [main] DEBUG org.apache.ibatis.transaction.jdbc.JdbcTransaction  - Committing JDBC Connection [conn4: url=jdbc:h2:mem:activiti user=SA]
10:45:10,863 [main] DEBUG org.activiti.engine.impl.cfg.standalone.StandaloneMybatisTransactionContext  - firing event committed...
10:45:10,863 [main] DEBUG org.apache.ibatis.transaction.jdbc.JdbcTransaction  - Resetting autocommit to true on JDBC Connection [conn4: url=jdbc:h2:mem:activiti user=SA]
10:45:10,863 [main] DEBUG org.apache.ibatis.transaction.jdbc.JdbcTransaction  - Closing JDBC Connection [conn4: url=jdbc:h2:mem:activiti user=SA]
10:45:10,863 [main] DEBUG org.apache.ibatis.datasource.pooled.PooledDataSource  - Returned connection 297240765 to pool.
10:45:10,863 [main] DEBUG org.activiti.engine.impl.interceptor.LogInterceptor  - --- SaveTaskCmd finished --------------------------------------------------------
10:45:10,863 [main] DEBUG org.activiti.engine.impl.interceptor.LogInterceptor  - 

10:45:10,863 [main] DEBUG org.activiti.engine.impl.interceptor.LogInterceptor  - 

10:45:10,863 [main] DEBUG org.activiti.engine.impl.interceptor.LogInterceptor  - --- starting AddIdentityLinkCmd --------------------------------------------------------
10:45:10,863 [main] DEBUG org.apache.ibatis.transaction.jdbc.JdbcTransaction  - Opening JDBC Connection
10:45:10,863 [main] DEBUG org.apache.ibatis.datasource.pooled.PooledDataSource  - Checked out connection 486346394 from pool.
10:45:10,863 [main] DEBUG org.apache.ibatis.transaction.jdbc.JdbcTransaction  - Setting autocommit to false on JDBC Connection [conn6: url=jdbc:h2:mem:activiti user=SA]
10:45:10,863 [main] DEBUG org.activiti.engine.impl.persistence.entity.TaskEntity.selectTask  - ==&gt;  Preparing: select * from ACT_RU_TASK where ID_ = ? 
10:45:10,863 [main] DEBUG org.activiti.engine.impl.persistence.entity.TaskEntity.selectTask  - ==&gt; Parameters: 790(String)
10:45:10,863 [main] DEBUG org.activiti.engine.impl.persistence.entity.TaskEntity.selectTask  - &lt;==      Total: 1
10:45:10,863 [main] DEBUG org.activiti.engine.impl.history.DefaultHistoryManager  - Current history level: FULL, level required: AUDIT
10:45:10,863 [main] DEBUG org.activiti.engine.impl.persistence.entity.HistoricTaskInstanceEntity.selectHistoricTaskInstance  - ==&gt;  Preparing: select * from ACT_HI_TASKINST where ID_ = ? 
10:45:10,863 [main] DEBUG org.activiti.engine.impl.persistence.entity.HistoricTaskInstanceEntity.selectHistoricTaskInstance  - ==&gt; Parameters: 790(String)
10:45:10,863 [main] DEBUG org.activiti.engine.impl.persistence.entity.HistoricTaskInstanceEntity.selectHistoricTaskInstance  - &lt;==      Total: 1
10:45:10,863 [main] DEBUG org.activiti.engine.impl.history.DefaultHistoryManager  - Current history level: FULL
10:45:10,863 [main] DEBUG org.activiti.engine.impl.history.DefaultHistoryManager  - Current history level: FULL
10:45:10,863 [main] DEBUG org.activiti.engine.impl.db.DbSqlSession  -   insert org.activiti.engine.impl.persistence.entity.CommentEntity@5db6083b
10:45:10,863 [main] DEBUG org.activiti.engine.impl.db.DbSqlSession  -   update Task[id=790, name=gonzoRootTask2]
10:45:10,863 [main] DEBUG org.activiti.engine.impl.db.DbSqlSession  -   update HistoricTaskInstanceEntity[id=790, name=gonzoRootTask2]
10:45:10,863 [main] DEBUG org.activiti.engine.impl.db.DbSqlSession  - flush summary: 1 insert, 2 update, 0 delete.
10:45:10,863 [main] DEBUG org.activiti.engine.impl.db.DbSqlSession  - now executing flush...
10:45:10,863 [main] DEBUG org.activiti.engine.impl.db.DbSqlSession  - inserting: org.activiti.engine.impl.persistence.entity.CommentEntity@5db6083b
10:45:10,863 [main] DEBUG org.activiti.engine.impl.persistence.entity.CommentEntity.insertComment  - ==&gt;  Preparing: insert into ACT_HI_COMMENT (ID_, TYPE_, TIME_, USER_ID_, TASK_ID_, PROC_INST_ID_, ACTION_, MESSAGE_, FULL_MSG_) values (?, ?, ?, ?, ?, ?, ?, ?, ?) 
10:45:10,863 [main] DEBUG org.activiti.engine.impl.persistence.entity.CommentEntity.insertComment  - ==&gt; Parameters: 791(String), event(String), 2008-02-05 02:02:02.0(Timestamp), null, 790(String), null, AddUserLink(String), gonzo_|_assignee(String), null
10:45:10,863 [main] DEBUG org.activiti.engine.impl.persistence.entity.CommentEntity.insertComment  - &lt;==    Updates: 1
10:45:10,863 [main] DEBUG org.activiti.engine.impl.db.DbSqlSession  - updating: Task[id=790, name=gonzoRootTask2]
10:45:10,863 [main] DEBUG org.activiti.engine.impl.persistence.entity.TaskEntity.updateTask  - ==&gt;  Preparing: update ACT_RU_TASK SET REV_ = ?, NAME_ = ?, PARENT_TASK_ID_ = ?, PRIORITY_ = ?, CREATE_TIME_ = ?, OWNER_ = ?, ASSIGNEE_ = ?, DELEGATION_ = ?, EXECUTION_ID_ = ?, PROC_DEF_ID_ = ?, DESCRIPTION_ = ?, DUE_DATE_ = ?, CATEGORY_ = ?, SUSPENSION_STATE_ = ?, FORM_KEY_ = ? where ID_= ? and REV_ = ? 
10:45:10,863 [main] DEBUG org.activiti.engine.impl.persistence.entity.TaskEntity.updateTask  - ==&gt; Parameters: 2(Integer), gonzoRootTask2(String), null, 50(Integer), 2008-02-05 02:02:02.0(Timestamp), null, gonzo(String), null, null, null, gonzo Root task2 description(String), null, null, 1(Integer), null, 790(String), 1(Integer)
10:45:10,863 [main] DEBUG org.activiti.engine.impl.persistence.entity.TaskEntity.updateTask  - &lt;==    Updates: 1
10:45:10,863 [main] DEBUG org.activiti.engine.impl.db.DbSqlSession  - updating: HistoricTaskInstanceEntity[id=790, name=gonzoRootTask2]
10:45:10,863 [main] DEBUG org.activiti.engine.impl.persistence.entity.HistoricTaskInstanceEntity.updateHistoricTaskInstance  - ==&gt;  Preparing: update ACT_HI_TASKINST set EXECUTION_ID_ = ?, NAME_ = ?, PARENT_TASK_ID_ = ?, DESCRIPTION_ = ?, OWNER_ = ?, ASSIGNEE_ = ?, CLAIM_TIME_ = ?, END_TIME_ = ?, DURATION_ = ?, DELETE_REASON_ = ?, TASK_DEF_KEY_ = ?, FORM_KEY_ = ?, PRIORITY_ = ?, DUE_DATE_ = ?, CATEGORY_ = ? where ID_ = ? 
10:45:10,863 [main] DEBUG org.activiti.engine.impl.persistence.entity.HistoricTaskInstanceEntity.updateHistoricTaskInstance  - ==&gt; Parameters: null, gonzoRootTask2(String), null, gonzo Root task2 description(String), null, gonzo(String), null, null, null, null, null, null, 50(Integer), null, null, 790(String)
10:45:10,863 [main] DEBUG org.activiti.engine.impl.persistence.entity.HistoricTaskInstanceEntity.updateHistoricTaskInstance  - &lt;==    Updates: 1
10:45:10,863 [main] DEBUG org.activiti.engine.impl.cfg.standalone.StandaloneMybatisTransactionContext  - firing event committing...
10:45:10,863 [main] DEBUG org.activiti.engine.impl.cfg.standalone.StandaloneMybatisTransactionContext  - committing the ibatis sql session...
10:45:10,863 [main] DEBUG org.apache.ibatis.transaction.jdbc.JdbcTransaction  - Committing JDBC Connection [conn6: url=jdbc:h2:mem:activiti user=SA]
10:45:10,863 [main] DEBUG org.activiti.engine.impl.cfg.standalone.StandaloneMybatisTransactionContext  - firing event committed...
10:45:10,863 [main] DEBUG org.apache.ibatis.transaction.jdbc.JdbcTransaction  - Resetting autocommit to true on JDBC Connection [conn6: url=jdbc:h2:mem:activiti user=SA]
10:45:10,863 [main] DEBUG org.apache.ibatis.transaction.jdbc.JdbcTransaction  - Closing JDBC Connection [conn6: url=jdbc:h2:mem:activiti user=SA]
10:45:10,863 [main] DEBUG org.apache.ibatis.datasource.pooled.PooledDataSource  - Returned connection 486346394 to pool.
10:45:10,864 [main] DEBUG org.activiti.engine.impl.interceptor.LogInterceptor  - --- AddIdentityLinkCmd finished --------------------------------------------------------
10:45:10,864 [main] DEBUG org.activiti.engine.impl.interceptor.LogInterceptor  - 

10:45:10,864 [main] DEBUG org.activiti.engine.impl.interceptor.LogInterceptor  - 

10:45:10,864 [main] DEBUG org.activiti.engine.impl.interceptor.LogInterceptor  - --- starting NewTaskCmd --------------------------------------------------------
10:45:10,864 [main] DEBUG org.activiti.engine.impl.cfg.standalone.StandaloneMybatisTransactionContext  - firing event committing...
10:45:10,864 [main] DEBUG org.activiti.engine.impl.cfg.standalone.StandaloneMybatisTransactionContext  - committing the ibatis sql session...
10:45:10,864 [main] DEBUG org.activiti.engine.impl.cfg.standalone.StandaloneMybatisTransactionContext  - firing event committed...
10:45:10,864 [main] DEBUG org.activiti.engine.impl.interceptor.LogInterceptor  - --- NewTaskCmd finished --------------------------------------------------------
10:45:10,864 [main] DEBUG org.activiti.engine.impl.interceptor.LogInterceptor  - 

10:45:10,864 [main] DEBUG org.activiti.engine.impl.interceptor.LogInterceptor  - 

10:45:10,864 [main] DEBUG org.activiti.engine.impl.interceptor.LogInterceptor  - --- starting SaveTaskCmd --------------------------------------------------------
10:45:10,864 [main] DEBUG org.activiti.engine.impl.history.DefaultHistoryManager  - Current history level: FULL, level required: AUDIT
10:45:10,864 [main] DEBUG org.activiti.engine.impl.db.DbSqlSession  -   insert Task[id=792, name=gonzoSubTask1_1]
10:45:10,864 [main] DEBUG org.activiti.engine.impl.db.DbSqlSession  -   insert HistoricTaskInstanceEntity[id=792, name=gonzoSubTask1_1]
10:45:10,864 [main] DEBUG org.activiti.engine.impl.db.DbSqlSession  - flush summary: 2 insert, 0 update, 0 delete.
10:45:10,864 [main] DEBUG org.activiti.engine.impl.db.DbSqlSession  - now executing flush...
10:45:10,864 [main] DEBUG org.activiti.engine.impl.db.DbSqlSession  - inserting: HistoricTaskInstanceEntity[id=792, name=gonzoSubTask1_1]
10:45:10,864 [main] DEBUG org.apache.ibatis.transaction.jdbc.JdbcTransaction  - Opening JDBC Connection
10:45:10,864 [main] DEBUG org.apache.ibatis.datasource.pooled.PooledDataSource  - Checked out connection 180014677 from pool.
10:45:10,864 [main] DEBUG org.apache.ibatis.transaction.jdbc.JdbcTransaction  - Setting autocommit to false on JDBC Connection [conn3: url=jdbc:h2:mem:activiti user=SA]
10:45:10,864 [main] DEBUG org.activiti.engine.impl.persistence.entity.HistoricTaskInstanceEntity.insertHistoricTaskInstance  - ==&gt;  Preparing: insert into ACT_HI_TASKINST ( ID_, PROC_DEF_ID_, PROC_INST_ID_, EXECUTION_ID_, NAME_, PARENT_TASK_ID_, DESCRIPTION_, OWNER_, ASSIGNEE_, START_TIME_, CLAIM_TIME_, END_TIME_, DURATION_, DELETE_REASON_, TASK_DEF_KEY_, FORM_KEY_, PRIORITY_, DUE_DATE_, CATEGORY_, TENANT_ID_ ) values ( ?, ?, ?, ?, ?, ?, ?, ?, ?, ?, ?, ?, ?, ?, ?, ?, ?, ?, ?, ? ) 
10:45:10,864 [main] DEBUG org.activiti.engine.impl.persistence.entity.HistoricTaskInstanceEntity.insertHistoricTaskInstance  - ==&gt; Parameters: 792(String), null, null, null, gonzoSubTask1_1(String), 788(String), description for gonzo sub-task1_1(String), null, null, 2009-01-01 01:01:01.0(Timestamp), null, null, null, null, null, null, 50(Integer), null, null, (String)
10:45:10,864 [main] DEBUG org.activiti.engine.impl.persistence.entity.HistoricTaskInstanceEntity.insertHistoricTaskInstance  - &lt;==    Updates: 1
10:45:10,864 [main] DEBUG org.activiti.engine.impl.db.DbSqlSession  - inserting: Task[id=792, name=gonzoSubTask1_1]
10:45:10,864 [main] DEBUG org.activiti.engine.impl.persistence.entity.TaskEntity.insertTask  - ==&gt;  Preparing: insert into ACT_RU_TASK (ID_, REV_, NAME_, PARENT_TASK_ID_, DESCRIPTION_, PRIORITY_, CREATE_TIME_, OWNER_, ASSIGNEE_, DELEGATION_, EXECUTION_ID_, PROC_INST_ID_, PROC_DEF_ID_, TASK_DEF_KEY_, DUE_DATE_, CATEGORY_, SUSPENSION_STATE_, TENANT_ID_, FORM_KEY_) values (?, 1, ?, ?, ?, ?, ?, ?, ?, ?, ?, ?, ?, ?, ?, ?, ?, ?, ? ) 
10:45:10,864 [main] DEBUG org.activiti.engine.impl.persistence.entity.TaskEntity.insertTask  - ==&gt; Parameters: 792(String), gonzoSubTask1_1(String), 788(String), description for gonzo sub-task1_1(String), 50(Integer), 2009-01-01 01:01:01.0(Timestamp), null, null, null, null, null, null, null, null, null, 1(Integer), (String), null
10:45:10,864 [main] DEBUG org.activiti.engine.impl.persistence.entity.TaskEntity.insertTask  - &lt;==    Updates: 1
10:45:10,864 [main] DEBUG org.activiti.engine.impl.cfg.standalone.StandaloneMybatisTransactionContext  - firing event committing...
10:45:10,864 [main] DEBUG org.activiti.engine.impl.cfg.standalone.StandaloneMybatisTransactionContext  - committing the ibatis sql session...
10:45:10,864 [main] DEBUG org.apache.ibatis.transaction.jdbc.JdbcTransaction  - Committing JDBC Connection [conn3: url=jdbc:h2:mem:activiti user=SA]
10:45:10,864 [main] DEBUG org.activiti.engine.impl.cfg.standalone.StandaloneMybatisTransactionContext  - firing event committed...
10:45:10,864 [main] DEBUG org.apache.ibatis.transaction.jdbc.JdbcTransaction  - Resetting autocommit to true on JDBC Connection [conn3: url=jdbc:h2:mem:activiti user=SA]
10:45:10,864 [main] DEBUG org.apache.ibatis.transaction.jdbc.JdbcTransaction  - Closing JDBC Connection [conn3: url=jdbc:h2:mem:activiti user=SA]
10:45:10,864 [main] DEBUG org.apache.ibatis.datasource.pooled.PooledDataSource  - Returned connection 180014677 to pool.
10:45:10,864 [main] DEBUG org.activiti.engine.impl.interceptor.LogInterceptor  - --- SaveTaskCmd finished --------------------------------------------------------
10:45:10,864 [main] DEBUG org.activiti.engine.impl.interceptor.LogInterceptor  - 

10:45:10,864 [main] DEBUG org.activiti.engine.impl.interceptor.LogInterceptor  - 

10:45:10,864 [main] DEBUG org.activiti.engine.impl.interceptor.LogInterceptor  - --- starting AddIdentityLinkCmd --------------------------------------------------------
10:45:10,864 [main] DEBUG org.apache.ibatis.transaction.jdbc.JdbcTransaction  - Opening JDBC Connection
10:45:10,864 [main] DEBUG org.apache.ibatis.datasource.pooled.PooledDataSource  - Checked out connection 363509958 from pool.
10:45:10,864 [main] DEBUG org.apache.ibatis.transaction.jdbc.JdbcTransaction  - Setting autocommit to false on JDBC Connection [conn2: url=jdbc:h2:mem:activiti user=SA]
10:45:10,864 [main] DEBUG org.activiti.engine.impl.persistence.entity.TaskEntity.selectTask  - ==&gt;  Preparing: select * from ACT_RU_TASK where ID_ = ? 
10:45:10,864 [main] DEBUG org.activiti.engine.impl.persistence.entity.TaskEntity.selectTask  - ==&gt; Parameters: 792(String)
10:45:10,864 [main] DEBUG org.activiti.engine.impl.persistence.entity.TaskEntity.selectTask  - &lt;==      Total: 1
10:45:10,864 [main] DEBUG org.activiti.engine.impl.history.DefaultHistoryManager  - Current history level: FULL, level required: AUDIT
10:45:10,864 [main] DEBUG org.activiti.engine.impl.persistence.entity.HistoricTaskInstanceEntity.selectHistoricTaskInstance  - ==&gt;  Preparing: select * from ACT_HI_TASKINST where ID_ = ? 
10:45:10,864 [main] DEBUG org.activiti.engine.impl.persistence.entity.HistoricTaskInstanceEntity.selectHistoricTaskInstance  - ==&gt; Parameters: 792(String)
10:45:10,864 [main] DEBUG org.activiti.engine.impl.persistence.entity.HistoricTaskInstanceEntity.selectHistoricTaskInstance  - &lt;==      Total: 1
10:45:10,864 [main] DEBUG org.activiti.engine.impl.history.DefaultHistoryManager  - Current history level: FULL
10:45:10,864 [main] DEBUG org.activiti.engine.impl.history.DefaultHistoryManager  - Current history level: FULL
10:45:10,864 [main] DEBUG org.activiti.engine.impl.db.DbSqlSession  -   insert org.activiti.engine.impl.persistence.entity.CommentEntity@3db48e6
10:45:10,864 [main] DEBUG org.activiti.engine.impl.db.DbSqlSession  -   update Task[id=792, name=gonzoSubTask1_1]
10:45:10,864 [main] DEBUG org.activiti.engine.impl.db.DbSqlSession  -   update HistoricTaskInstanceEntity[id=792, name=gonzoSubTask1_1]
10:45:10,864 [main] DEBUG org.activiti.engine.impl.db.DbSqlSession  - flush summary: 1 insert, 2 update, 0 delete.
10:45:10,864 [main] DEBUG org.activiti.engine.impl.db.DbSqlSession  - now executing flush...
10:45:10,864 [main] DEBUG org.activiti.engine.impl.db.DbSqlSession  - inserting: org.activiti.engine.impl.persistence.entity.CommentEntity@3db48e6
10:45:10,864 [main] DEBUG org.activiti.engine.impl.persistence.entity.CommentEntity.insertComment  - ==&gt;  Preparing: insert into ACT_HI_COMMENT (ID_, TYPE_, TIME_, USER_ID_, TASK_ID_, PROC_INST_ID_, ACTION_, MESSAGE_, FULL_MSG_) values (?, ?, ?, ?, ?, ?, ?, ?, ?) 
10:45:10,864 [main] DEBUG org.activiti.engine.impl.persistence.entity.CommentEntity.insertComment  - ==&gt; Parameters: 793(String), event(String), 2009-01-01 01:01:01.0(Timestamp), null, 792(String), null, AddUserLink(String), gonzo_|_assignee(String), null
10:45:10,864 [main] DEBUG org.activiti.engine.impl.persistence.entity.CommentEntity.insertComment  - &lt;==    Updates: 1
10:45:10,864 [main] DEBUG org.activiti.engine.impl.db.DbSqlSession  - updating: Task[id=792, name=gonzoSubTask1_1]
10:45:10,864 [main] DEBUG org.activiti.engine.impl.persistence.entity.TaskEntity.updateTask  - ==&gt;  Preparing: update ACT_RU_TASK SET REV_ = ?, NAME_ = ?, PARENT_TASK_ID_ = ?, PRIORITY_ = ?, CREATE_TIME_ = ?, OWNER_ = ?, ASSIGNEE_ = ?, DELEGATION_ = ?, EXECUTION_ID_ = ?, PROC_DEF_ID_ = ?, DESCRIPTION_ = ?, DUE_DATE_ = ?, CATEGORY_ = ?, SUSPENSION_STATE_ = ?, FORM_KEY_ = ? where ID_= ? and REV_ = ? 
10:45:10,864 [main] DEBUG org.activiti.engine.impl.persistence.entity.TaskEntity.updateTask  - ==&gt; Parameters: 2(Integer), gonzoSubTask1_1(String), 788(String), 50(Integer), 2009-01-01 01:01:01.0(Timestamp), null, gonzo(String), null, null, null, description for gonzo sub-task1_1(String), null, null, 1(Integer), null, 792(String), 1(Integer)
10:45:10,864 [main] DEBUG org.activiti.engine.impl.persistence.entity.TaskEntity.updateTask  - &lt;==    Updates: 1
10:45:10,864 [main] DEBUG org.activiti.engine.impl.db.DbSqlSession  - updating: HistoricTaskInstanceEntity[id=792, name=gonzoSubTask1_1]
10:45:10,864 [main] DEBUG org.activiti.engine.impl.persistence.entity.HistoricTaskInstanceEntity.updateHistoricTaskInstance  - ==&gt;  Preparing: update ACT_HI_TASKINST set EXECUTION_ID_ = ?, NAME_ = ?, PARENT_TASK_ID_ = ?, DESCRIPTION_ = ?, OWNER_ = ?, ASSIGNEE_ = ?, CLAIM_TIME_ = ?, END_TIME_ = ?, DURATION_ = ?, DELETE_REASON_ = ?, TASK_DEF_KEY_ = ?, FORM_KEY_ = ?, PRIORITY_ = ?, DUE_DATE_ = ?, CATEGORY_ = ? where ID_ = ? 
10:45:10,864 [main] DEBUG org.activiti.engine.impl.persistence.entity.HistoricTaskInstanceEntity.updateHistoricTaskInstance  - ==&gt; Parameters: null, gonzoSubTask1_1(String), 788(String), description for gonzo sub-task1_1(String), null, gonzo(String), null, null, null, null, null, null, 50(Integer), null, null, 792(String)
10:45:10,864 [main] DEBUG org.activiti.engine.impl.persistence.entity.HistoricTaskInstanceEntity.updateHistoricTaskInstance  - &lt;==    Updates: 1
10:45:10,864 [main] DEBUG org.activiti.engine.impl.cfg.standalone.StandaloneMybatisTransactionContext  - firing event committing...
10:45:10,864 [main] DEBUG org.activiti.engine.impl.cfg.standalone.StandaloneMybatisTransactionContext  - committing the ibatis sql session...
10:45:10,864 [main] DEBUG org.apache.ibatis.transaction.jdbc.JdbcTransaction  - Committing JDBC Connection [conn2: url=jdbc:h2:mem:activiti user=SA]
10:45:10,864 [main] DEBUG org.activiti.engine.impl.cfg.standalone.StandaloneMybatisTransactionContext  - firing event committed...
10:45:10,864 [main] DEBUG org.apache.ibatis.transaction.jdbc.JdbcTransaction  - Resetting autocommit to true on JDBC Connection [conn2: url=jdbc:h2:mem:activiti user=SA]
10:45:10,864 [main] DEBUG org.apache.ibatis.transaction.jdbc.JdbcTransaction  - Closing JDBC Connection [conn2: url=jdbc:h2:mem:activiti user=SA]
10:45:10,864 [main] DEBUG org.apache.ibatis.datasource.pooled.PooledDataSource  - Returned connection 363509958 to pool.
10:45:10,864 [main] DEBUG org.activiti.engine.impl.interceptor.LogInterceptor  - --- AddIdentityLinkCmd finished --------------------------------------------------------
10:45:10,864 [main] DEBUG org.activiti.engine.impl.interceptor.LogInterceptor  - 

10:45:10,864 [main] DEBUG org.activiti.engine.impl.interceptor.LogInterceptor  - 

10:45:10,864 [main] DEBUG org.activiti.engine.impl.interceptor.LogInterceptor  - --- starting NewTaskCmd --------------------------------------------------------
10:45:10,864 [main] DEBUG org.activiti.engine.impl.cfg.standalone.StandaloneMybatisTransactionContext  - firing event committing...
10:45:10,864 [main] DEBUG org.activiti.engine.impl.cfg.standalone.StandaloneMybatisTransactionContext  - committing the ibatis sql session...
10:45:10,864 [main] DEBUG org.activiti.engine.impl.cfg.standalone.StandaloneMybatisTransactionContext  - firing event committed...
10:45:10,864 [main] DEBUG org.activiti.engine.impl.interceptor.LogInterceptor  - --- NewTaskCmd finished --------------------------------------------------------
10:45:10,864 [main] DEBUG org.activiti.engine.impl.interceptor.LogInterceptor  - 

10:45:10,864 [main] DEBUG org.activiti.engine.impl.interceptor.LogInterceptor  - 

10:45:10,864 [main] DEBUG org.activiti.engine.impl.interceptor.LogInterceptor  - --- starting SaveTaskCmd --------------------------------------------------------
10:45:10,864 [main] DEBUG org.activiti.engine.impl.history.DefaultHistoryManager  - Current history level: FULL, level required: AUDIT
10:45:10,864 [main] DEBUG org.activiti.engine.impl.db.DbSqlSession  -   insert Task[id=794, name=gonzoSubTask1_2]
10:45:10,864 [main] DEBUG org.activiti.engine.impl.db.DbSqlSession  -   insert HistoricTaskInstanceEntity[id=794, name=gonzoSubTask1_2]
10:45:10,864 [main] DEBUG org.activiti.engine.impl.db.DbSqlSession  - flush summary: 2 insert, 0 update, 0 delete.
10:45:10,864 [main] DEBUG org.activiti.engine.impl.db.DbSqlSession  - now executing flush...
10:45:10,864 [main] DEBUG org.activiti.engine.impl.db.DbSqlSession  - inserting: HistoricTaskInstanceEntity[id=794, name=gonzoSubTask1_2]
10:45:10,864 [main] DEBUG org.apache.ibatis.transaction.jdbc.JdbcTransaction  - Opening JDBC Connection
10:45:10,864 [main] DEBUG org.apache.ibatis.datasource.pooled.PooledDataSource  - Checked out connection 297240765 from pool.
10:45:10,864 [main] DEBUG org.apache.ibatis.transaction.jdbc.JdbcTransaction  - Setting autocommit to false on JDBC Connection [conn4: url=jdbc:h2:mem:activiti user=SA]
10:45:10,864 [main] DEBUG org.activiti.engine.impl.persistence.entity.HistoricTaskInstanceEntity.insertHistoricTaskInstance  - ==&gt;  Preparing: insert into ACT_HI_TASKINST ( ID_, PROC_DEF_ID_, PROC_INST_ID_, EXECUTION_ID_, NAME_, PARENT_TASK_ID_, DESCRIPTION_, OWNER_, ASSIGNEE_, START_TIME_, CLAIM_TIME_, END_TIME_, DURATION_, DELETE_REASON_, TASK_DEF_KEY_, FORM_KEY_, PRIORITY_, DUE_DATE_, CATEGORY_, TENANT_ID_ ) values ( ?, ?, ?, ?, ?, ?, ?, ?, ?, ?, ?, ?, ?, ?, ?, ?, ?, ?, ?, ? ) 
10:45:10,864 [main] DEBUG org.activiti.engine.impl.persistence.entity.HistoricTaskInstanceEntity.insertHistoricTaskInstance  - ==&gt; Parameters: 794(String), null, null, null, gonzoSubTask1_2(String), 788(String), description for gonzo sub-task1_2(String), null, null, 2009-01-01 01:01:01.0(Timestamp), null, null, null, null, null, null, 50(Integer), null, null, (String)
10:45:10,864 [main] DEBUG org.activiti.engine.impl.persistence.entity.HistoricTaskInstanceEntity.insertHistoricTaskInstance  - &lt;==    Updates: 1
10:45:10,864 [main] DEBUG org.activiti.engine.impl.db.DbSqlSession  - inserting: Task[id=794, name=gonzoSubTask1_2]
10:45:10,864 [main] DEBUG org.activiti.engine.impl.persistence.entity.TaskEntity.insertTask  - ==&gt;  Preparing: insert into ACT_RU_TASK (ID_, REV_, NAME_, PARENT_TASK_ID_, DESCRIPTION_, PRIORITY_, CREATE_TIME_, OWNER_, ASSIGNEE_, DELEGATION_, EXECUTION_ID_, PROC_INST_ID_, PROC_DEF_ID_, TASK_DEF_KEY_, DUE_DATE_, CATEGORY_, SUSPENSION_STATE_, TENANT_ID_, FORM_KEY_) values (?, 1, ?, ?, ?, ?, ?, ?, ?, ?, ?, ?, ?, ?, ?, ?, ?, ?, ? ) 
10:45:10,864 [main] DEBUG org.activiti.engine.impl.persistence.entity.TaskEntity.insertTask  - ==&gt; Parameters: 794(String), gonzoSubTask1_2(String), 788(String), description for gonzo sub-task1_2(String), 50(Integer), 2009-01-01 01:01:01.0(Timestamp), null, null, null, null, null, null, null, null, null, 1(Integer), (String), null
10:45:10,864 [main] DEBUG org.activiti.engine.impl.persistence.entity.TaskEntity.insertTask  - &lt;==    Updates: 1
10:45:10,864 [main] DEBUG org.activiti.engine.impl.cfg.standalone.StandaloneMybatisTransactionContext  - firing event committing...
10:45:10,864 [main] DEBUG org.activiti.engine.impl.cfg.standalone.StandaloneMybatisTransactionContext  - committing the ibatis sql session...
10:45:10,864 [main] DEBUG org.apache.ibatis.transaction.jdbc.JdbcTransaction  - Committing JDBC Connection [conn4: url=jdbc:h2:mem:activiti user=SA]
10:45:10,864 [main] DEBUG org.activiti.engine.impl.cfg.standalone.StandaloneMybatisTransactionContext  - firing event committed...
10:45:10,864 [main] DEBUG org.apache.ibatis.transaction.jdbc.JdbcTransaction  - Resetting autocommit to true on JDBC Connection [conn4: url=jdbc:h2:mem:activiti user=SA]
10:45:10,864 [main] DEBUG org.apache.ibatis.transaction.jdbc.JdbcTransaction  - Closing JDBC Connection [conn4: url=jdbc:h2:mem:activiti user=SA]
10:45:10,864 [main] DEBUG org.apache.ibatis.datasource.pooled.PooledDataSource  - Returned connection 297240765 to pool.
10:45:10,864 [main] DEBUG org.activiti.engine.impl.interceptor.LogInterceptor  - --- SaveTaskCmd finished --------------------------------------------------------
10:45:10,864 [main] DEBUG org.activiti.engine.impl.interceptor.LogInterceptor  - 

10:45:10,864 [main] DEBUG org.activiti.engine.impl.interceptor.LogInterceptor  - 

10:45:10,864 [main] DEBUG org.activiti.engine.impl.interceptor.LogInterceptor  - --- starting AddIdentityLinkCmd --------------------------------------------------------
10:45:10,864 [main] DEBUG org.apache.ibatis.transaction.jdbc.JdbcTransaction  - Opening JDBC Connection
10:45:10,864 [main] DEBUG org.apache.ibatis.datasource.pooled.PooledDataSource  - Checked out connection 486346394 from pool.
10:45:10,864 [main] DEBUG org.apache.ibatis.transaction.jdbc.JdbcTransaction  - Setting autocommit to false on JDBC Connection [conn6: url=jdbc:h2:mem:activiti user=SA]
10:45:10,864 [main] DEBUG org.activiti.engine.impl.persistence.entity.TaskEntity.selectTask  - ==&gt;  Preparing: select * from ACT_RU_TASK where ID_ = ? 
10:45:10,864 [main] DEBUG org.activiti.engine.impl.persistence.entity.TaskEntity.selectTask  - ==&gt; Parameters: 794(String)
10:45:10,864 [main] DEBUG org.activiti.engine.impl.persistence.entity.TaskEntity.selectTask  - &lt;==      Total: 1
10:45:10,864 [main] DEBUG org.activiti.engine.impl.history.DefaultHistoryManager  - Current history level: FULL, level required: AUDIT
10:45:10,864 [main] DEBUG org.activiti.engine.impl.persistence.entity.HistoricTaskInstanceEntity.selectHistoricTaskInstance  - ==&gt;  Preparing: select * from ACT_HI_TASKINST where ID_ = ? 
10:45:10,864 [main] DEBUG org.activiti.engine.impl.persistence.entity.HistoricTaskInstanceEntity.selectHistoricTaskInstance  - ==&gt; Parameters: 794(String)
10:45:10,864 [main] DEBUG org.activiti.engine.impl.persistence.entity.HistoricTaskInstanceEntity.selectHistoricTaskInstance  - &lt;==      Total: 1
10:45:10,864 [main] DEBUG org.activiti.engine.impl.history.DefaultHistoryManager  - Current history level: FULL
10:45:10,864 [main] DEBUG org.activiti.engine.impl.history.DefaultHistoryManager  - Current history level: FULL
10:45:10,864 [main] DEBUG org.activiti.engine.impl.db.DbSqlSession  -   insert org.activiti.engine.impl.persistence.entity.CommentEntity@38f2342b
10:45:10,864 [main] DEBUG org.activiti.engine.impl.db.DbSqlSession  -   update Task[id=794, name=gonzoSubTask1_2]
10:45:10,864 [main] DEBUG org.activiti.engine.impl.db.DbSqlSession  -   update HistoricTaskInstanceEntity[id=794, name=gonzoSubTask1_2]
10:45:10,864 [main] DEBUG org.activiti.engine.impl.db.DbSqlSession  - flush summary: 1 insert, 2 update, 0 delete.
10:45:10,864 [main] DEBUG org.activiti.engine.impl.db.DbSqlSession  - now executing flush...
10:45:10,864 [main] DEBUG org.activiti.engine.impl.db.DbSqlSession  - inserting: org.activiti.engine.impl.persistence.entity.CommentEntity@38f2342b
10:45:10,864 [main] DEBUG org.activiti.engine.impl.persistence.entity.CommentEntity.insertComment  - ==&gt;  Preparing: insert into ACT_HI_COMMENT (ID_, TYPE_, TIME_, USER_ID_, TASK_ID_, PROC_INST_ID_, ACTION_, MESSAGE_, FULL_MSG_) values (?, ?, ?, ?, ?, ?, ?, ?, ?) 
10:45:10,864 [main] DEBUG org.activiti.engine.impl.persistence.entity.CommentEntity.insertComment  - ==&gt; Parameters: 795(String), event(String), 2009-01-01 01:01:01.0(Timestamp), null, 794(String), null, AddUserLink(String), gonzo_|_assignee(String), null
10:45:10,864 [main] DEBUG org.activiti.engine.impl.persistence.entity.CommentEntity.insertComment  - &lt;==    Updates: 1
10:45:10,864 [main] DEBUG org.activiti.engine.impl.db.DbSqlSession  - updating: Task[id=794, name=gonzoSubTask1_2]
10:45:10,864 [main] DEBUG org.activiti.engine.impl.persistence.entity.TaskEntity.updateTask  - ==&gt;  Preparing: update ACT_RU_TASK SET REV_ = ?, NAME_ = ?, PARENT_TASK_ID_ = ?, PRIORITY_ = ?, CREATE_TIME_ = ?, OWNER_ = ?, ASSIGNEE_ = ?, DELEGATION_ = ?, EXECUTION_ID_ = ?, PROC_DEF_ID_ = ?, DESCRIPTION_ = ?, DUE_DATE_ = ?, CATEGORY_ = ?, SUSPENSION_STATE_ = ?, FORM_KEY_ = ? where ID_= ? and REV_ = ? 
10:45:10,864 [main] DEBUG org.activiti.engine.impl.persistence.entity.TaskEntity.updateTask  - ==&gt; Parameters: 2(Integer), gonzoSubTask1_2(String), 788(String), 50(Integer), 2009-01-01 01:01:01.0(Timestamp), null, gonzo(String), null, null, null, description for gonzo sub-task1_2(String), null, null, 1(Integer), null, 794(String), 1(Integer)
10:45:10,864 [main] DEBUG org.activiti.engine.impl.persistence.entity.TaskEntity.updateTask  - &lt;==    Updates: 1
10:45:10,864 [main] DEBUG org.activiti.engine.impl.db.DbSqlSession  - updating: HistoricTaskInstanceEntity[id=794, name=gonzoSubTask1_2]
10:45:10,864 [main] DEBUG org.activiti.engine.impl.persistence.entity.HistoricTaskInstanceEntity.updateHistoricTaskInstance  - ==&gt;  Preparing: update ACT_HI_TASKINST set EXECUTION_ID_ = ?, NAME_ = ?, PARENT_TASK_ID_ = ?, DESCRIPTION_ = ?, OWNER_ = ?, ASSIGNEE_ = ?, CLAIM_TIME_ = ?, END_TIME_ = ?, DURATION_ = ?, DELETE_REASON_ = ?, TASK_DEF_KEY_ = ?, FORM_KEY_ = ?, PRIORITY_ = ?, DUE_DATE_ = ?, CATEGORY_ = ? where ID_ = ? 
10:45:10,864 [main] DEBUG org.activiti.engine.impl.persistence.entity.HistoricTaskInstanceEntity.updateHistoricTaskInstance  - ==&gt; Parameters: null, gonzoSubTask1_2(String), 788(String), description for gonzo sub-task1_2(String), null, gonzo(String), null, null, null, null, null, null, 50(Integer), null, null, 794(String)
10:45:10,864 [main] DEBUG org.activiti.engine.impl.persistence.entity.HistoricTaskInstanceEntity.updateHistoricTaskInstance  - &lt;==    Updates: 1
10:45:10,864 [main] DEBUG org.activiti.engine.impl.cfg.standalone.StandaloneMybatisTransactionContext  - firing event committing...
10:45:10,864 [main] DEBUG org.activiti.engine.impl.cfg.standalone.StandaloneMybatisTransactionContext  - committing the ibatis sql session...
10:45:10,864 [main] DEBUG org.apache.ibatis.transaction.jdbc.JdbcTransaction  - Committing JDBC Connection [conn6: url=jdbc:h2:mem:activiti user=SA]
10:45:10,864 [main] DEBUG org.activiti.engine.impl.cfg.standalone.StandaloneMybatisTransactionContext  - firing event committed...
10:45:10,864 [main] DEBUG org.apache.ibatis.transaction.jdbc.JdbcTransaction  - Resetting autocommit to true on JDBC Connection [conn6: url=jdbc:h2:mem:activiti user=SA]
10:45:10,864 [main] DEBUG org.apache.ibatis.transaction.jdbc.JdbcTransaction  - Closing JDBC Connection [conn6: url=jdbc:h2:mem:activiti user=SA]
10:45:10,864 [main] DEBUG org.apache.ibatis.datasource.pooled.PooledDataSource  - Returned connection 486346394 to pool.
10:45:10,864 [main] DEBUG org.activiti.engine.impl.interceptor.LogInterceptor  - --- AddIdentityLinkCmd finished --------------------------------------------------------
10:45:10,864 [main] DEBUG org.activiti.engine.impl.interceptor.LogInterceptor  - 

10:45:10,864 [main] DEBUG org.activiti.engine.impl.interceptor.LogInterceptor  - 

10:45:10,864 [main] DEBUG org.activiti.engine.impl.interceptor.LogInterceptor  - --- starting NewTaskCmd --------------------------------------------------------
10:45:10,864 [main] DEBUG org.activiti.engine.impl.cfg.standalone.StandaloneMybatisTransactionContext  - firing event committing...
10:45:10,864 [main] DEBUG org.activiti.engine.impl.cfg.standalone.StandaloneMybatisTransactionContext  - committing the ibatis sql session...
10:45:10,864 [main] DEBUG org.activiti.engine.impl.cfg.standalone.StandaloneMybatisTransactionContext  - firing event committed...
10:45:10,864 [main] DEBUG org.activiti.engine.impl.interceptor.LogInterceptor  - --- NewTaskCmd finished --------------------------------------------------------
10:45:10,864 [main] DEBUG org.activiti.engine.impl.interceptor.LogInterceptor  - 

10:45:10,865 [main] DEBUG org.activiti.engine.impl.interceptor.LogInterceptor  - 

10:45:10,865 [main] DEBUG org.activiti.engine.impl.interceptor.LogInterceptor  - --- starting SaveTaskCmd --------------------------------------------------------
10:45:10,865 [main] DEBUG org.activiti.engine.impl.history.DefaultHistoryManager  - Current history level: FULL, level required: AUDIT
10:45:10,865 [main] DEBUG org.activiti.engine.impl.db.DbSqlSession  -   insert Task[id=796, name=gonzoSubTask1_3]
10:45:10,865 [main] DEBUG org.activiti.engine.impl.db.DbSqlSession  -   insert HistoricTaskInstanceEntity[id=796, name=gonzoSubTask1_3]
10:45:10,865 [main] DEBUG org.activiti.engine.impl.db.DbSqlSession  - flush summary: 2 insert, 0 update, 0 delete.
10:45:10,865 [main] DEBUG org.activiti.engine.impl.db.DbSqlSession  - now executing flush...
10:45:10,865 [main] DEBUG org.activiti.engine.impl.db.DbSqlSession  - inserting: HistoricTaskInstanceEntity[id=796, name=gonzoSubTask1_3]
10:45:10,865 [main] DEBUG org.apache.ibatis.transaction.jdbc.JdbcTransaction  - Opening JDBC Connection
10:45:10,865 [main] DEBUG org.apache.ibatis.datasource.pooled.PooledDataSource  - Checked out connection 180014677 from pool.
10:45:10,865 [main] DEBUG org.apache.ibatis.transaction.jdbc.JdbcTransaction  - Setting autocommit to false on JDBC Connection [conn3: url=jdbc:h2:mem:activiti user=SA]
10:45:10,865 [main] DEBUG org.activiti.engine.impl.persistence.entity.HistoricTaskInstanceEntity.insertHistoricTaskInstance  - ==&gt;  Preparing: insert into ACT_HI_TASKINST ( ID_, PROC_DEF_ID_, PROC_INST_ID_, EXECUTION_ID_, NAME_, PARENT_TASK_ID_, DESCRIPTION_, OWNER_, ASSIGNEE_, START_TIME_, CLAIM_TIME_, END_TIME_, DURATION_, DELETE_REASON_, TASK_DEF_KEY_, FORM_KEY_, PRIORITY_, DUE_DATE_, CATEGORY_, TENANT_ID_ ) values ( ?, ?, ?, ?, ?, ?, ?, ?, ?, ?, ?, ?, ?, ?, ?, ?, ?, ?, ?, ? ) 
10:45:10,865 [main] DEBUG org.activiti.engine.impl.persistence.entity.HistoricTaskInstanceEntity.insertHistoricTaskInstance  - ==&gt; Parameters: 796(String), null, null, null, gonzoSubTask1_3(String), 788(String), description for gonzo sub-task1_3(String), null, null, 2009-01-01 01:01:01.0(Timestamp), null, null, null, null, null, null, 50(Integer), null, null, (String)
10:45:10,865 [main] DEBUG org.activiti.engine.impl.persistence.entity.HistoricTaskInstanceEntity.insertHistoricTaskInstance  - &lt;==    Updates: 1
10:45:10,865 [main] DEBUG org.activiti.engine.impl.db.DbSqlSession  - inserting: Task[id=796, name=gonzoSubTask1_3]
10:45:10,865 [main] DEBUG org.activiti.engine.impl.persistence.entity.TaskEntity.insertTask  - ==&gt;  Preparing: insert into ACT_RU_TASK (ID_, REV_, NAME_, PARENT_TASK_ID_, DESCRIPTION_, PRIORITY_, CREATE_TIME_, OWNER_, ASSIGNEE_, DELEGATION_, EXECUTION_ID_, PROC_INST_ID_, PROC_DEF_ID_, TASK_DEF_KEY_, DUE_DATE_, CATEGORY_, SUSPENSION_STATE_, TENANT_ID_, FORM_KEY_) values (?, 1, ?, ?, ?, ?, ?, ?, ?, ?, ?, ?, ?, ?, ?, ?, ?, ?, ? ) 
10:45:10,865 [main] DEBUG org.activiti.engine.impl.persistence.entity.TaskEntity.insertTask  - ==&gt; Parameters: 796(String), gonzoSubTask1_3(String), 788(String), description for gonzo sub-task1_3(String), 50(Integer), 2009-01-01 01:01:01.0(Timestamp), null, null, null, null, null, null, null, null, null, 1(Integer), (String), null
10:45:10,865 [main] DEBUG org.activiti.engine.impl.persistence.entity.TaskEntity.insertTask  - &lt;==    Updates: 1
10:45:10,865 [main] DEBUG org.activiti.engine.impl.cfg.standalone.StandaloneMybatisTransactionContext  - firing event committing...
10:45:10,865 [main] DEBUG org.activiti.engine.impl.cfg.standalone.StandaloneMybatisTransactionContext  - committing the ibatis sql session...
10:45:10,865 [main] DEBUG org.apache.ibatis.transaction.jdbc.JdbcTransaction  - Committing JDBC Connection [conn3: url=jdbc:h2:mem:activiti user=SA]
10:45:10,865 [main] DEBUG org.activiti.engine.impl.cfg.standalone.StandaloneMybatisTransactionContext  - firing event committed...
10:45:10,865 [main] DEBUG org.apache.ibatis.transaction.jdbc.JdbcTransaction  - Resetting autocommit to true on JDBC Connection [conn3: url=jdbc:h2:mem:activiti user=SA]
10:45:10,865 [main] DEBUG org.apache.ibatis.transaction.jdbc.JdbcTransaction  - Closing JDBC Connection [conn3: url=jdbc:h2:mem:activiti user=SA]
10:45:10,865 [main] DEBUG org.apache.ibatis.datasource.pooled.PooledDataSource  - Returned connection 180014677 to pool.
10:45:10,865 [main] DEBUG org.activiti.engine.impl.interceptor.LogInterceptor  - --- SaveTaskCmd finished --------------------------------------------------------
10:45:10,865 [main] DEBUG org.activiti.engine.impl.interceptor.LogInterceptor  - 

10:45:10,865 [main] DEBUG org.activiti.engine.impl.interceptor.LogInterceptor  - 

10:45:10,865 [main] DEBUG org.activiti.engine.impl.interceptor.LogInterceptor  - --- starting AddIdentityLinkCmd --------------------------------------------------------
10:45:10,865 [main] DEBUG org.apache.ibatis.transaction.jdbc.JdbcTransaction  - Opening JDBC Connection
10:45:10,865 [main] DEBUG org.apache.ibatis.datasource.pooled.PooledDataSource  - Checked out connection 363509958 from pool.
10:45:10,865 [main] DEBUG org.apache.ibatis.transaction.jdbc.JdbcTransaction  - Setting autocommit to false on JDBC Connection [conn2: url=jdbc:h2:mem:activiti user=SA]
10:45:10,865 [main] DEBUG org.activiti.engine.impl.persistence.entity.TaskEntity.selectTask  - ==&gt;  Preparing: select * from ACT_RU_TASK where ID_ = ? 
10:45:10,865 [main] DEBUG org.activiti.engine.impl.persistence.entity.TaskEntity.selectTask  - ==&gt; Parameters: 796(String)
10:45:10,865 [main] DEBUG org.activiti.engine.impl.persistence.entity.TaskEntity.selectTask  - &lt;==      Total: 1
10:45:10,865 [main] DEBUG org.activiti.engine.impl.history.DefaultHistoryManager  - Current history level: FULL, level required: AUDIT
10:45:10,865 [main] DEBUG org.activiti.engine.impl.persistence.entity.HistoricTaskInstanceEntity.selectHistoricTaskInstance  - ==&gt;  Preparing: select * from ACT_HI_TASKINST where ID_ = ? 
10:45:10,865 [main] DEBUG org.activiti.engine.impl.persistence.entity.HistoricTaskInstanceEntity.selectHistoricTaskInstance  - ==&gt; Parameters: 796(String)
10:45:10,865 [main] DEBUG org.activiti.engine.impl.persistence.entity.HistoricTaskInstanceEntity.selectHistoricTaskInstance  - &lt;==      Total: 1
10:45:10,865 [main] DEBUG org.activiti.engine.impl.history.DefaultHistoryManager  - Current history level: FULL
10:45:10,865 [main] DEBUG org.activiti.engine.impl.history.DefaultHistoryManager  - Current history level: FULL
10:45:10,865 [main] DEBUG org.activiti.engine.impl.db.DbSqlSession  -   insert org.activiti.engine.impl.persistence.entity.CommentEntity@68312b85
10:45:10,865 [main] DEBUG org.activiti.engine.impl.db.DbSqlSession  -   update Task[id=796, name=gonzoSubTask1_3]
10:45:10,865 [main] DEBUG org.activiti.engine.impl.db.DbSqlSession  -   update HistoricTaskInstanceEntity[id=796, name=gonzoSubTask1_3]
10:45:10,865 [main] DEBUG org.activiti.engine.impl.db.DbSqlSession  - flush summary: 1 insert, 2 update, 0 delete.
10:45:10,865 [main] DEBUG org.activiti.engine.impl.db.DbSqlSession  - now executing flush...
10:45:10,865 [main] DEBUG org.activiti.engine.impl.db.DbSqlSession  - inserting: org.activiti.engine.impl.persistence.entity.CommentEntity@68312b85
10:45:10,865 [main] DEBUG org.activiti.engine.impl.persistence.entity.CommentEntity.insertComment  - ==&gt;  Preparing: insert into ACT_HI_COMMENT (ID_, TYPE_, TIME_, USER_ID_, TASK_ID_, PROC_INST_ID_, ACTION_, MESSAGE_, FULL_MSG_) values (?, ?, ?, ?, ?, ?, ?, ?, ?) 
10:45:10,865 [main] DEBUG org.activiti.engine.impl.persistence.entity.CommentEntity.insertComment  - ==&gt; Parameters: 797(String), event(String), 2009-01-01 01:01:01.0(Timestamp), null, 796(String), null, AddUserLink(String), gonzo_|_assignee(String), null
10:45:10,865 [main] DEBUG org.activiti.engine.impl.persistence.entity.CommentEntity.insertComment  - &lt;==    Updates: 1
10:45:10,865 [main] DEBUG org.activiti.engine.impl.db.DbSqlSession  - updating: Task[id=796, name=gonzoSubTask1_3]
10:45:10,865 [main] DEBUG org.activiti.engine.impl.persistence.entity.TaskEntity.updateTask  - ==&gt;  Preparing: update ACT_RU_TASK SET REV_ = ?, NAME_ = ?, PARENT_TASK_ID_ = ?, PRIORITY_ = ?, CREATE_TIME_ = ?, OWNER_ = ?, ASSIGNEE_ = ?, DELEGATION_ = ?, EXECUTION_ID_ = ?, PROC_DEF_ID_ = ?, DESCRIPTION_ = ?, DUE_DATE_ = ?, CATEGORY_ = ?, SUSPENSION_STATE_ = ?, FORM_KEY_ = ? where ID_= ? and REV_ = ? 
10:45:10,865 [main] DEBUG org.activiti.engine.impl.persistence.entity.TaskEntity.updateTask  - ==&gt; Parameters: 2(Integer), gonzoSubTask1_3(String), 788(String), 50(Integer), 2009-01-01 01:01:01.0(Timestamp), null, gonzo(String), null, null, null, description for gonzo sub-task1_3(String), null, null, 1(Integer), null, 796(String), 1(Integer)
10:45:10,865 [main] DEBUG org.activiti.engine.impl.persistence.entity.TaskEntity.updateTask  - &lt;==    Updates: 1
10:45:10,865 [main] DEBUG org.activiti.engine.impl.db.DbSqlSession  - updating: HistoricTaskInstanceEntity[id=796, name=gonzoSubTask1_3]
10:45:10,865 [main] DEBUG org.activiti.engine.impl.persistence.entity.HistoricTaskInstanceEntity.updateHistoricTaskInstance  - ==&gt;  Preparing: update ACT_HI_TASKINST set EXECUTION_ID_ = ?, NAME_ = ?, PARENT_TASK_ID_ = ?, DESCRIPTION_ = ?, OWNER_ = ?, ASSIGNEE_ = ?, CLAIM_TIME_ = ?, END_TIME_ = ?, DURATION_ = ?, DELETE_REASON_ = ?, TASK_DEF_KEY_ = ?, FORM_KEY_ = ?, PRIORITY_ = ?, DUE_DATE_ = ?, CATEGORY_ = ? where ID_ = ? 
10:45:10,865 [main] DEBUG org.activiti.engine.impl.persistence.entity.HistoricTaskInstanceEntity.updateHistoricTaskInstance  - ==&gt; Parameters: null, gonzoSubTask1_3(String), 788(String), description for gonzo sub-task1_3(String), null, gonzo(String), null, null, null, null, null, null, 50(Integer), null, null, 796(String)
10:45:10,865 [main] DEBUG org.activiti.engine.impl.persistence.entity.HistoricTaskInstanceEntity.updateHistoricTaskInstance  - &lt;==    Updates: 1
10:45:10,865 [main] DEBUG org.activiti.engine.impl.cfg.standalone.StandaloneMybatisTransactionContext  - firing event committing...
10:45:10,865 [main] DEBUG org.activiti.engine.impl.cfg.standalone.StandaloneMybatisTransactionContext  - committing the ibatis sql session...
10:45:10,865 [main] DEBUG org.apache.ibatis.transaction.jdbc.JdbcTransaction  - Committing JDBC Connection [conn2: url=jdbc:h2:mem:activiti user=SA]
10:45:10,865 [main] DEBUG org.activiti.engine.impl.cfg.standalone.StandaloneMybatisTransactionContext  - firing event committed...
10:45:10,865 [main] DEBUG org.apache.ibatis.transaction.jdbc.JdbcTransaction  - Resetting autocommit to true on JDBC Connection [conn2: url=jdbc:h2:mem:activiti user=SA]
10:45:10,865 [main] DEBUG org.apache.ibatis.transaction.jdbc.JdbcTransaction  - Closing JDBC Connection [conn2: url=jdbc:h2:mem:activiti user=SA]
10:45:10,865 [main] DEBUG org.apache.ibatis.datasource.pooled.PooledDataSource  - Returned connection 363509958 to pool.
10:45:10,865 [main] DEBUG org.activiti.engine.impl.interceptor.LogInterceptor  - --- AddIdentityLinkCmd finished --------------------------------------------------------
10:45:10,865 [main] DEBUG org.activiti.engine.impl.interceptor.LogInterceptor  - 

10:45:10,865 [main] DEBUG org.activiti.engine.impl.interceptor.LogInterceptor  - 

10:45:10,865 [main] DEBUG org.activiti.engine.impl.interceptor.LogInterceptor  - --- starting NewTaskCmd --------------------------------------------------------
10:45:10,865 [main] DEBUG org.activiti.engine.impl.cfg.standalone.StandaloneMybatisTransactionContext  - firing event committing...
10:45:10,865 [main] DEBUG org.activiti.engine.impl.cfg.standalone.StandaloneMybatisTransactionContext  - committing the ibatis sql session...
10:45:10,865 [main] DEBUG org.activiti.engine.impl.cfg.standalone.StandaloneMybatisTransactionContext  - firing event committed...
10:45:10,865 [main] DEBUG org.activiti.engine.impl.interceptor.LogInterceptor  - --- NewTaskCmd finished --------------------------------------------------------
10:45:10,865 [main] DEBUG org.activiti.engine.impl.interceptor.LogInterceptor  - 

10:45:10,865 [main] DEBUG org.activiti.engine.impl.interceptor.LogInterceptor  - 

10:45:10,865 [main] DEBUG org.activiti.engine.impl.interceptor.LogInterceptor  - --- starting SaveTaskCmd --------------------------------------------------------
10:45:10,865 [main] DEBUG org.activiti.engine.impl.history.DefaultHistoryManager  - Current history level: FULL, level required: AUDIT
10:45:10,865 [main] DEBUG org.activiti.engine.impl.db.DbSqlSession  -   insert Task[id=798, name=gonzoSubTask2_1]
10:45:10,865 [main] DEBUG org.activiti.engine.impl.db.DbSqlSession  -   insert HistoricTaskInstanceEntity[id=798, name=gonzoSubTask2_1]
10:45:10,865 [main] DEBUG org.activiti.engine.impl.db.DbSqlSession  - flush summary: 2 insert, 0 update, 0 delete.
10:45:10,865 [main] DEBUG org.activiti.engine.impl.db.DbSqlSession  - now executing flush...
10:45:10,865 [main] DEBUG org.activiti.engine.impl.db.DbSqlSession  - inserting: HistoricTaskInstanceEntity[id=798, name=gonzoSubTask2_1]
10:45:10,865 [main] DEBUG org.apache.ibatis.transaction.jdbc.JdbcTransaction  - Opening JDBC Connection
10:45:10,865 [main] DEBUG org.apache.ibatis.datasource.pooled.PooledDataSource  - Checked out connection 297240765 from pool.
10:45:10,865 [main] DEBUG org.apache.ibatis.transaction.jdbc.JdbcTransaction  - Setting autocommit to false on JDBC Connection [conn4: url=jdbc:h2:mem:activiti user=SA]
10:45:10,865 [main] DEBUG org.activiti.engine.impl.persistence.entity.HistoricTaskInstanceEntity.insertHistoricTaskInstance  - ==&gt;  Preparing: insert into ACT_HI_TASKINST ( ID_, PROC_DEF_ID_, PROC_INST_ID_, EXECUTION_ID_, NAME_, PARENT_TASK_ID_, DESCRIPTION_, OWNER_, ASSIGNEE_, START_TIME_, CLAIM_TIME_, END_TIME_, DURATION_, DELETE_REASON_, TASK_DEF_KEY_, FORM_KEY_, PRIORITY_, DUE_DATE_, CATEGORY_, TENANT_ID_ ) values ( ?, ?, ?, ?, ?, ?, ?, ?, ?, ?, ?, ?, ?, ?, ?, ?, ?, ?, ?, ? ) 
10:45:10,865 [main] DEBUG org.activiti.engine.impl.persistence.entity.HistoricTaskInstanceEntity.insertHistoricTaskInstance  - ==&gt; Parameters: 798(String), null, null, null, gonzoSubTask2_1(String), 790(String), description for gonzo sub-task2_1(String), null, null, 2009-01-02 01:01:01.0(Timestamp), null, null, null, null, null, null, 50(Integer), null, null, (String)
10:45:10,865 [main] DEBUG org.activiti.engine.impl.persistence.entity.HistoricTaskInstanceEntity.insertHistoricTaskInstance  - &lt;==    Updates: 1
10:45:10,865 [main] DEBUG org.activiti.engine.impl.db.DbSqlSession  - inserting: Task[id=798, name=gonzoSubTask2_1]
10:45:10,865 [main] DEBUG org.activiti.engine.impl.persistence.entity.TaskEntity.insertTask  - ==&gt;  Preparing: insert into ACT_RU_TASK (ID_, REV_, NAME_, PARENT_TASK_ID_, DESCRIPTION_, PRIORITY_, CREATE_TIME_, OWNER_, ASSIGNEE_, DELEGATION_, EXECUTION_ID_, PROC_INST_ID_, PROC_DEF_ID_, TASK_DEF_KEY_, DUE_DATE_, CATEGORY_, SUSPENSION_STATE_, TENANT_ID_, FORM_KEY_) values (?, 1, ?, ?, ?, ?, ?, ?, ?, ?, ?, ?, ?, ?, ?, ?, ?, ?, ? ) 
10:45:10,865 [main] DEBUG org.activiti.engine.impl.persistence.entity.TaskEntity.insertTask  - ==&gt; Parameters: 798(String), gonzoSubTask2_1(String), 790(String), description for gonzo sub-task2_1(String), 50(Integer), 2009-01-02 01:01:01.0(Timestamp), null, null, null, null, null, null, null, null, null, 1(Integer), (String), null
10:45:10,865 [main] DEBUG org.activiti.engine.impl.persistence.entity.TaskEntity.insertTask  - &lt;==    Updates: 1
10:45:10,865 [main] DEBUG org.activiti.engine.impl.cfg.standalone.StandaloneMybatisTransactionContext  - firing event committing...
10:45:10,865 [main] DEBUG org.activiti.engine.impl.cfg.standalone.StandaloneMybatisTransactionContext  - committing the ibatis sql session...
10:45:10,865 [main] DEBUG org.apache.ibatis.transaction.jdbc.JdbcTransaction  - Committing JDBC Connection [conn4: url=jdbc:h2:mem:activiti user=SA]
10:45:10,865 [main] DEBUG org.activiti.engine.impl.cfg.standalone.StandaloneMybatisTransactionContext  - firing event committed...
10:45:10,865 [main] DEBUG org.apache.ibatis.transaction.jdbc.JdbcTransaction  - Resetting autocommit to true on JDBC Connection [conn4: url=jdbc:h2:mem:activiti user=SA]
10:45:10,865 [main] DEBUG org.apache.ibatis.transaction.jdbc.JdbcTransaction  - Closing JDBC Connection [conn4: url=jdbc:h2:mem:activiti user=SA]
10:45:10,865 [main] DEBUG org.apache.ibatis.datasource.pooled.PooledDataSource  - Returned connection 297240765 to pool.
10:45:10,865 [main] DEBUG org.activiti.engine.impl.interceptor.LogInterceptor  - --- SaveTaskCmd finished --------------------------------------------------------
10:45:10,865 [main] DEBUG org.activiti.engine.impl.interceptor.LogInterceptor  - 

10:45:10,865 [main] DEBUG org.activiti.engine.impl.interceptor.LogInterceptor  - 

10:45:10,865 [main] DEBUG org.activiti.engine.impl.interceptor.LogInterceptor  - --- starting AddIdentityLinkCmd --------------------------------------------------------
10:45:10,865 [main] DEBUG org.apache.ibatis.transaction.jdbc.JdbcTransaction  - Opening JDBC Connection
10:45:10,865 [main] DEBUG org.apache.ibatis.datasource.pooled.PooledDataSource  - Checked out connection 486346394 from pool.
10:45:10,865 [main] DEBUG org.apache.ibatis.transaction.jdbc.JdbcTransaction  - Setting autocommit to false on JDBC Connection [conn6: url=jdbc:h2:mem:activiti user=SA]
10:45:10,865 [main] DEBUG org.activiti.engine.impl.persistence.entity.TaskEntity.selectTask  - ==&gt;  Preparing: select * from ACT_RU_TASK where ID_ = ? 
10:45:10,865 [main] DEBUG org.activiti.engine.impl.persistence.entity.TaskEntity.selectTask  - ==&gt; Parameters: 798(String)
10:45:10,865 [main] DEBUG org.activiti.engine.impl.persistence.entity.TaskEntity.selectTask  - &lt;==      Total: 1
10:45:10,865 [main] DEBUG org.activiti.engine.impl.history.DefaultHistoryManager  - Current history level: FULL, level required: AUDIT
10:45:10,865 [main] DEBUG org.activiti.engine.impl.persistence.entity.HistoricTaskInstanceEntity.selectHistoricTaskInstance  - ==&gt;  Preparing: select * from ACT_HI_TASKINST where ID_ = ? 
10:45:10,865 [main] DEBUG org.activiti.engine.impl.persistence.entity.HistoricTaskInstanceEntity.selectHistoricTaskInstance  - ==&gt; Parameters: 798(String)
10:45:10,865 [main] DEBUG org.activiti.engine.impl.persistence.entity.HistoricTaskInstanceEntity.selectHistoricTaskInstance  - &lt;==      Total: 1
10:45:10,865 [main] DEBUG org.activiti.engine.impl.history.DefaultHistoryManager  - Current history level: FULL
10:45:10,865 [main] DEBUG org.activiti.engine.impl.history.DefaultHistoryManager  - Current history level: FULL
10:45:10,865 [main] DEBUG org.activiti.engine.impl.db.DbSqlSession  -   insert org.activiti.engine.impl.persistence.entity.CommentEntity@5ab0168
10:45:10,865 [main] DEBUG org.activiti.engine.impl.db.DbSqlSession  -   update Task[id=798, name=gonzoSubTask2_1]
10:45:10,865 [main] DEBUG org.activiti.engine.impl.db.DbSqlSession  -   update HistoricTaskInstanceEntity[id=798, name=gonzoSubTask2_1]
10:45:10,865 [main] DEBUG org.activiti.engine.impl.db.DbSqlSession  - flush summary: 1 insert, 2 update, 0 delete.
10:45:10,865 [main] DEBUG org.activiti.engine.impl.db.DbSqlSession  - now executing flush...
10:45:10,865 [main] DEBUG org.activiti.engine.impl.db.DbSqlSession  - inserting: org.activiti.engine.impl.persistence.entity.CommentEntity@5ab0168
10:45:10,865 [main] DEBUG org.activiti.engine.impl.persistence.entity.CommentEntity.insertComment  - ==&gt;  Preparing: insert into ACT_HI_COMMENT (ID_, TYPE_, TIME_, USER_ID_, TASK_ID_, PROC_INST_ID_, ACTION_, MESSAGE_, FULL_MSG_) values (?, ?, ?, ?, ?, ?, ?, ?, ?) 
10:45:10,865 [main] DEBUG org.activiti.engine.impl.persistence.entity.CommentEntity.insertComment  - ==&gt; Parameters: 799(String), event(String), 2009-01-02 01:01:01.0(Timestamp), null, 798(String), null, AddUserLink(String), gonzo_|_assignee(String), null
10:45:10,865 [main] DEBUG org.activiti.engine.impl.persistence.entity.CommentEntity.insertComment  - &lt;==    Updates: 1
10:45:10,865 [main] DEBUG org.activiti.engine.impl.db.DbSqlSession  - updating: Task[id=798, name=gonzoSubTask2_1]
10:45:10,865 [main] DEBUG org.activiti.engine.impl.persistence.entity.TaskEntity.updateTask  - ==&gt;  Preparing: update ACT_RU_TASK SET REV_ = ?, NAME_ = ?, PARENT_TASK_ID_ = ?, PRIORITY_ = ?, CREATE_TIME_ = ?, OWNER_ = ?, ASSIGNEE_ = ?, DELEGATION_ = ?, EXECUTION_ID_ = ?, PROC_DEF_ID_ = ?, DESCRIPTION_ = ?, DUE_DATE_ = ?, CATEGORY_ = ?, SUSPENSION_STATE_ = ?, FORM_KEY_ = ? where ID_= ? and REV_ = ? 
10:45:10,865 [main] DEBUG org.activiti.engine.impl.persistence.entity.TaskEntity.updateTask  - ==&gt; Parameters: 2(Integer), gonzoSubTask2_1(String), 790(String), 50(Integer), 2009-01-02 01:01:01.0(Timestamp), null, gonzo(String), null, null, null, description for gonzo sub-task2_1(String), null, null, 1(Integer), null, 798(String), 1(Integer)
10:45:10,865 [main] DEBUG org.activiti.engine.impl.persistence.entity.TaskEntity.updateTask  - &lt;==    Updates: 1
10:45:10,866 [main] DEBUG org.activiti.engine.impl.db.DbSqlSession  - updating: HistoricTaskInstanceEntity[id=798, name=gonzoSubTask2_1]
10:45:10,866 [main] DEBUG org.activiti.engine.impl.persistence.entity.HistoricTaskInstanceEntity.updateHistoricTaskInstance  - ==&gt;  Preparing: update ACT_HI_TASKINST set EXECUTION_ID_ = ?, NAME_ = ?, PARENT_TASK_ID_ = ?, DESCRIPTION_ = ?, OWNER_ = ?, ASSIGNEE_ = ?, CLAIM_TIME_ = ?, END_TIME_ = ?, DURATION_ = ?, DELETE_REASON_ = ?, TASK_DEF_KEY_ = ?, FORM_KEY_ = ?, PRIORITY_ = ?, DUE_DATE_ = ?, CATEGORY_ = ? where ID_ = ? 
10:45:10,866 [main] DEBUG org.activiti.engine.impl.persistence.entity.HistoricTaskInstanceEntity.updateHistoricTaskInstance  - ==&gt; Parameters: null, gonzoSubTask2_1(String), 790(String), description for gonzo sub-task2_1(String), null, gonzo(String), null, null, null, null, null, null, 50(Integer), null, null, 798(String)
10:45:10,866 [main] DEBUG org.activiti.engine.impl.persistence.entity.HistoricTaskInstanceEntity.updateHistoricTaskInstance  - &lt;==    Updates: 1
10:45:10,866 [main] DEBUG org.activiti.engine.impl.cfg.standalone.StandaloneMybatisTransactionContext  - firing event committing...
10:45:10,866 [main] DEBUG org.activiti.engine.impl.cfg.standalone.StandaloneMybatisTransactionContext  - committing the ibatis sql session...
10:45:10,866 [main] DEBUG org.apache.ibatis.transaction.jdbc.JdbcTransaction  - Committing JDBC Connection [conn6: url=jdbc:h2:mem:activiti user=SA]
10:45:10,866 [main] DEBUG org.activiti.engine.impl.cfg.standalone.StandaloneMybatisTransactionContext  - firing event committed...
10:45:10,866 [main] DEBUG org.apache.ibatis.transaction.jdbc.JdbcTransaction  - Resetting autocommit to true on JDBC Connection [conn6: url=jdbc:h2:mem:activiti user=SA]
10:45:10,866 [main] DEBUG org.apache.ibatis.transaction.jdbc.JdbcTransaction  - Closing JDBC Connection [conn6: url=jdbc:h2:mem:activiti user=SA]
10:45:10,866 [main] DEBUG org.apache.ibatis.datasource.pooled.PooledDataSource  - Returned connection 486346394 to pool.
10:45:10,866 [main] DEBUG org.activiti.engine.impl.interceptor.LogInterceptor  - --- AddIdentityLinkCmd finished --------------------------------------------------------
10:45:10,866 [main] DEBUG org.activiti.engine.impl.interceptor.LogInterceptor  - 

10:45:10,866 [main] DEBUG org.activiti.engine.impl.interceptor.LogInterceptor  - 

10:45:10,866 [main] DEBUG org.activiti.engine.impl.interceptor.LogInterceptor  - --- starting NewTaskCmd --------------------------------------------------------
10:45:10,866 [main] DEBUG org.activiti.engine.impl.cfg.standalone.StandaloneMybatisTransactionContext  - firing event committing...
10:45:10,866 [main] DEBUG org.activiti.engine.impl.cfg.standalone.StandaloneMybatisTransactionContext  - committing the ibatis sql session...
10:45:10,866 [main] DEBUG org.activiti.engine.impl.cfg.standalone.StandaloneMybatisTransactionContext  - firing event committed...
10:45:10,866 [main] DEBUG org.activiti.engine.impl.interceptor.LogInterceptor  - --- NewTaskCmd finished --------------------------------------------------------
10:45:10,866 [main] DEBUG org.activiti.engine.impl.interceptor.LogInterceptor  - 

10:45:10,866 [main] DEBUG org.activiti.engine.impl.interceptor.LogInterceptor  - 

10:45:10,866 [main] DEBUG org.activiti.engine.impl.interceptor.LogInterceptor  - --- starting SaveTaskCmd --------------------------------------------------------
10:45:10,866 [main] DEBUG org.activiti.engine.impl.history.DefaultHistoryManager  - Current history level: FULL, level required: AUDIT
10:45:10,866 [main] DEBUG org.activiti.engine.impl.db.DbSqlSession  -   insert Task[id=800, name=gonzoSubTask2_2]
10:45:10,866 [main] DEBUG org.activiti.engine.impl.db.DbSqlSession  -   insert HistoricTaskInstanceEntity[id=800, name=gonzoSubTask2_2]
10:45:10,866 [main] DEBUG org.activiti.engine.impl.db.DbSqlSession  - flush summary: 2 insert, 0 update, 0 delete.
10:45:10,866 [main] DEBUG org.activiti.engine.impl.db.DbSqlSession  - now executing flush...
10:45:10,866 [main] DEBUG org.activiti.engine.impl.db.DbSqlSession  - inserting: HistoricTaskInstanceEntity[id=800, name=gonzoSubTask2_2]
10:45:10,866 [main] DEBUG org.apache.ibatis.transaction.jdbc.JdbcTransaction  - Opening JDBC Connection
10:45:10,866 [main] DEBUG org.apache.ibatis.datasource.pooled.PooledDataSource  - Checked out connection 180014677 from pool.
10:45:10,866 [main] DEBUG org.apache.ibatis.transaction.jdbc.JdbcTransaction  - Setting autocommit to false on JDBC Connection [conn3: url=jdbc:h2:mem:activiti user=SA]
10:45:10,866 [main] DEBUG org.activiti.engine.impl.persistence.entity.HistoricTaskInstanceEntity.insertHistoricTaskInstance  - ==&gt;  Preparing: insert into ACT_HI_TASKINST ( ID_, PROC_DEF_ID_, PROC_INST_ID_, EXECUTION_ID_, NAME_, PARENT_TASK_ID_, DESCRIPTION_, OWNER_, ASSIGNEE_, START_TIME_, CLAIM_TIME_, END_TIME_, DURATION_, DELETE_REASON_, TASK_DEF_KEY_, FORM_KEY_, PRIORITY_, DUE_DATE_, CATEGORY_, TENANT_ID_ ) values ( ?, ?, ?, ?, ?, ?, ?, ?, ?, ?, ?, ?, ?, ?, ?, ?, ?, ?, ?, ? ) 
10:45:10,866 [main] DEBUG org.activiti.engine.impl.persistence.entity.HistoricTaskInstanceEntity.insertHistoricTaskInstance  - ==&gt; Parameters: 800(String), null, null, null, gonzoSubTask2_2(String), 790(String), description for gonzo sub-task2_2(String), null, null, 2009-01-02 01:01:01.0(Timestamp), null, null, null, null, null, null, 50(Integer), null, null, (String)
10:45:10,866 [main] DEBUG org.activiti.engine.impl.persistence.entity.HistoricTaskInstanceEntity.insertHistoricTaskInstance  - &lt;==    Updates: 1
10:45:10,866 [main] DEBUG org.activiti.engine.impl.db.DbSqlSession  - inserting: Task[id=800, name=gonzoSubTask2_2]
10:45:10,866 [main] DEBUG org.activiti.engine.impl.persistence.entity.TaskEntity.insertTask  - ==&gt;  Preparing: insert into ACT_RU_TASK (ID_, REV_, NAME_, PARENT_TASK_ID_, DESCRIPTION_, PRIORITY_, CREATE_TIME_, OWNER_, ASSIGNEE_, DELEGATION_, EXECUTION_ID_, PROC_INST_ID_, PROC_DEF_ID_, TASK_DEF_KEY_, DUE_DATE_, CATEGORY_, SUSPENSION_STATE_, TENANT_ID_, FORM_KEY_) values (?, 1, ?, ?, ?, ?, ?, ?, ?, ?, ?, ?, ?, ?, ?, ?, ?, ?, ? ) 
10:45:10,866 [main] DEBUG org.activiti.engine.impl.persistence.entity.TaskEntity.insertTask  - ==&gt; Parameters: 800(String), gonzoSubTask2_2(String), 790(String), description for gonzo sub-task2_2(String), 50(Integer), 2009-01-02 01:01:01.0(Timestamp), null, null, null, null, null, null, null, null, null, 1(Integer), (String), null
10:45:10,866 [main] DEBUG org.activiti.engine.impl.persistence.entity.TaskEntity.insertTask  - &lt;==    Updates: 1
10:45:10,866 [main] DEBUG org.activiti.engine.impl.cfg.standalone.StandaloneMybatisTransactionContext  - firing event committing...
10:45:10,866 [main] DEBUG org.activiti.engine.impl.cfg.standalone.StandaloneMybatisTransactionContext  - committing the ibatis sql session...
10:45:10,866 [main] DEBUG org.apache.ibatis.transaction.jdbc.JdbcTransaction  - Committing JDBC Connection [conn3: url=jdbc:h2:mem:activiti user=SA]
10:45:10,866 [main] DEBUG org.activiti.engine.impl.cfg.standalone.StandaloneMybatisTransactionContext  - firing event committed...
10:45:10,866 [main] DEBUG org.apache.ibatis.transaction.jdbc.JdbcTransaction  - Resetting autocommit to true on JDBC Connection [conn3: url=jdbc:h2:mem:activiti user=SA]
10:45:10,866 [main] DEBUG org.apache.ibatis.transaction.jdbc.JdbcTransaction  - Closing JDBC Connection [conn3: url=jdbc:h2:mem:activiti user=SA]
10:45:10,866 [main] DEBUG org.apache.ibatis.datasource.pooled.PooledDataSource  - Returned connection 180014677 to pool.
10:45:10,866 [main] DEBUG org.activiti.engine.impl.interceptor.LogInterceptor  - --- SaveTaskCmd finished --------------------------------------------------------
10:45:10,866 [main] DEBUG org.activiti.engine.impl.interceptor.LogInterceptor  - 

10:45:10,866 [main] DEBUG org.activiti.engine.impl.interceptor.LogInterceptor  - 

10:45:10,866 [main] DEBUG org.activiti.engine.impl.interceptor.LogInterceptor  - --- starting AddIdentityLinkCmd --------------------------------------------------------
10:45:10,866 [main] DEBUG org.apache.ibatis.transaction.jdbc.JdbcTransaction  - Opening JDBC Connection
10:45:10,866 [main] DEBUG org.apache.ibatis.datasource.pooled.PooledDataSource  - Checked out connection 363509958 from pool.
10:45:10,866 [main] DEBUG org.apache.ibatis.transaction.jdbc.JdbcTransaction  - Setting autocommit to false on JDBC Connection [conn2: url=jdbc:h2:mem:activiti user=SA]
10:45:10,866 [main] DEBUG org.activiti.engine.impl.persistence.entity.TaskEntity.selectTask  - ==&gt;  Preparing: select * from ACT_RU_TASK where ID_ = ? 
10:45:10,866 [main] DEBUG org.activiti.engine.impl.persistence.entity.TaskEntity.selectTask  - ==&gt; Parameters: 800(String)
10:45:10,866 [main] DEBUG org.activiti.engine.impl.persistence.entity.TaskEntity.selectTask  - &lt;==      Total: 1
10:45:10,866 [main] DEBUG org.activiti.engine.impl.history.DefaultHistoryManager  - Current history level: FULL, level required: AUDIT
10:45:10,866 [main] DEBUG org.activiti.engine.impl.persistence.entity.HistoricTaskInstanceEntity.selectHistoricTaskInstance  - ==&gt;  Preparing: select * from ACT_HI_TASKINST where ID_ = ? 
10:45:10,866 [main] DEBUG org.activiti.engine.impl.persistence.entity.HistoricTaskInstanceEntity.selectHistoricTaskInstance  - ==&gt; Parameters: 800(String)
10:45:10,866 [main] DEBUG org.activiti.engine.impl.persistence.entity.HistoricTaskInstanceEntity.selectHistoricTaskInstance  - &lt;==      Total: 1
10:45:10,866 [main] DEBUG org.activiti.engine.impl.history.DefaultHistoryManager  - Current history level: FULL
10:45:10,866 [main] DEBUG org.activiti.engine.impl.history.DefaultHistoryManager  - Current history level: FULL
10:45:10,866 [main] DEBUG org.activiti.engine.impl.db.DbSqlSession  -   insert org.activiti.engine.impl.persistence.entity.CommentEntity@7594d189
10:45:10,866 [main] DEBUG org.activiti.engine.impl.db.DbSqlSession  -   update Task[id=800, name=gonzoSubTask2_2]
10:45:10,866 [main] DEBUG org.activiti.engine.impl.db.DbSqlSession  -   update HistoricTaskInstanceEntity[id=800, name=gonzoSubTask2_2]
10:45:10,866 [main] DEBUG org.activiti.engine.impl.db.DbSqlSession  - flush summary: 1 insert, 2 update, 0 delete.
10:45:10,866 [main] DEBUG org.activiti.engine.impl.db.DbSqlSession  - now executing flush...
10:45:10,866 [main] DEBUG org.activiti.engine.impl.db.DbSqlSession  - inserting: org.activiti.engine.impl.persistence.entity.CommentEntity@7594d189
10:45:10,866 [main] DEBUG org.activiti.engine.impl.persistence.entity.CommentEntity.insertComment  - ==&gt;  Preparing: insert into ACT_HI_COMMENT (ID_, TYPE_, TIME_, USER_ID_, TASK_ID_, PROC_INST_ID_, ACTION_, MESSAGE_, FULL_MSG_) values (?, ?, ?, ?, ?, ?, ?, ?, ?) 
10:45:10,866 [main] DEBUG org.activiti.engine.impl.persistence.entity.CommentEntity.insertComment  - ==&gt; Parameters: 801(String), event(String), 2009-01-02 01:01:01.0(Timestamp), null, 800(String), null, AddUserLink(String), gonzo_|_assignee(String), null
10:45:10,866 [main] DEBUG org.activiti.engine.impl.persistence.entity.CommentEntity.insertComment  - &lt;==    Updates: 1
10:45:10,866 [main] DEBUG org.activiti.engine.impl.db.DbSqlSession  - updating: Task[id=800, name=gonzoSubTask2_2]
10:45:10,866 [main] DEBUG org.activiti.engine.impl.persistence.entity.TaskEntity.updateTask  - ==&gt;  Preparing: update ACT_RU_TASK SET REV_ = ?, NAME_ = ?, PARENT_TASK_ID_ = ?, PRIORITY_ = ?, CREATE_TIME_ = ?, OWNER_ = ?, ASSIGNEE_ = ?, DELEGATION_ = ?, EXECUTION_ID_ = ?, PROC_DEF_ID_ = ?, DESCRIPTION_ = ?, DUE_DATE_ = ?, CATEGORY_ = ?, SUSPENSION_STATE_ = ?, FORM_KEY_ = ? where ID_= ? and REV_ = ? 
10:45:10,866 [main] DEBUG org.activiti.engine.impl.persistence.entity.TaskEntity.updateTask  - ==&gt; Parameters: 2(Integer), gonzoSubTask2_2(String), 790(String), 50(Integer), 2009-01-02 01:01:01.0(Timestamp), null, gonzo(String), null, null, null, description for gonzo sub-task2_2(String), null, null, 1(Integer), null, 800(String), 1(Integer)
10:45:10,866 [main] DEBUG org.activiti.engine.impl.persistence.entity.TaskEntity.updateTask  - &lt;==    Updates: 1
10:45:10,866 [main] DEBUG org.activiti.engine.impl.db.DbSqlSession  - updating: HistoricTaskInstanceEntity[id=800, name=gonzoSubTask2_2]
10:45:10,866 [main] DEBUG org.activiti.engine.impl.persistence.entity.HistoricTaskInstanceEntity.updateHistoricTaskInstance  - ==&gt;  Preparing: update ACT_HI_TASKINST set EXECUTION_ID_ = ?, NAME_ = ?, PARENT_TASK_ID_ = ?, DESCRIPTION_ = ?, OWNER_ = ?, ASSIGNEE_ = ?, CLAIM_TIME_ = ?, END_TIME_ = ?, DURATION_ = ?, DELETE_REASON_ = ?, TASK_DEF_KEY_ = ?, FORM_KEY_ = ?, PRIORITY_ = ?, DUE_DATE_ = ?, CATEGORY_ = ? where ID_ = ? 
10:45:10,866 [main] DEBUG org.activiti.engine.impl.persistence.entity.HistoricTaskInstanceEntity.updateHistoricTaskInstance  - ==&gt; Parameters: null, gonzoSubTask2_2(String), 790(String), description for gonzo sub-task2_2(String), null, gonzo(String), null, null, null, null, null, null, 50(Integer), null, null, 800(String)
10:45:10,866 [main] DEBUG org.activiti.engine.impl.persistence.entity.HistoricTaskInstanceEntity.updateHistoricTaskInstance  - &lt;==    Updates: 1
10:45:10,866 [main] DEBUG org.activiti.engine.impl.cfg.standalone.StandaloneMybatisTransactionContext  - firing event committing...
10:45:10,866 [main] DEBUG org.activiti.engine.impl.cfg.standalone.StandaloneMybatisTransactionContext  - committing the ibatis sql session...
10:45:10,866 [main] DEBUG org.apache.ibatis.transaction.jdbc.JdbcTransaction  - Committing JDBC Connection [conn2: url=jdbc:h2:mem:activiti user=SA]
10:45:10,866 [main] DEBUG org.activiti.engine.impl.cfg.standalone.StandaloneMybatisTransactionContext  - firing event committed...
10:45:10,866 [main] DEBUG org.apache.ibatis.transaction.jdbc.JdbcTransaction  - Resetting autocommit to true on JDBC Connection [conn2: url=jdbc:h2:mem:activiti user=SA]
10:45:10,866 [main] DEBUG org.apache.ibatis.transaction.jdbc.JdbcTransaction  - Closing JDBC Connection [conn2: url=jdbc:h2:mem:activiti user=SA]
10:45:10,866 [main] DEBUG org.apache.ibatis.datasource.pooled.PooledDataSource  - Returned connection 363509958 to pool.
10:45:10,866 [main] DEBUG org.activiti.engine.impl.interceptor.LogInterceptor  - --- AddIdentityLinkCmd finished --------------------------------------------------------
10:45:10,866 [main] DEBUG org.activiti.engine.impl.interceptor.LogInterceptor  - 

10:45:10,866 [main] DEBUG org.activiti.engine.impl.test.PvmTestCase  - 

10:45:10,866 [main] DEBUG org.activiti.engine.impl.test.PvmTestCase  - #### START SubTaskQueryTest.testQueryByAssigneeExcludeSubtasks ###########################################################
10:45:10,866 [main] DEBUG org.activiti.engine.impl.interceptor.LogInterceptor  - 

10:45:10,866 [main] DEBUG org.activiti.engine.impl.interceptor.LogInterceptor  - --- starting TaskQueryImpl --------------------------------------------------------
10:45:10,866 [main] DEBUG org.apache.ibatis.transaction.jdbc.JdbcTransaction  - Opening JDBC Connection
10:45:10,866 [main] DEBUG org.apache.ibatis.datasource.pooled.PooledDataSource  - Checked out connection 297240765 from pool.
10:45:10,866 [main] DEBUG org.apache.ibatis.transaction.jdbc.JdbcTransaction  - Setting autocommit to false on JDBC Connection [conn4: url=jdbc:h2:mem:activiti user=SA]
10:45:10,866 [main] DEBUG org.activiti.engine.impl.persistence.entity.TaskEntity.selectTaskCountByQueryCriteria  - ==&gt;  Preparing: select count(distinct RES.ID_) from ACT_RU_TASK RES WHERE RES.ASSIGNEE_ = ? 
10:45:10,866 [main] DEBUG org.activiti.engine.impl.persistence.entity.TaskEntity.selectTaskCountByQueryCriteria  - ==&gt; Parameters: gonzo(String)
10:45:10,866 [main] DEBUG org.activiti.engine.impl.persistence.entity.TaskEntity.selectTaskCountByQueryCriteria  - &lt;==      Total: 1
10:45:10,866 [main] DEBUG org.activiti.engine.impl.db.DbSqlSession  - flush summary: 0 insert, 0 update, 0 delete.
10:45:10,866 [main] DEBUG org.activiti.engine.impl.db.DbSqlSession  - now executing flush...
10:45:10,866 [main] DEBUG org.activiti.engine.impl.cfg.standalone.StandaloneMybatisTransactionContext  - firing event committing...
10:45:10,866 [main] DEBUG org.activiti.engine.impl.cfg.standalone.StandaloneMybatisTransactionContext  - committing the ibatis sql session...
10:45:10,866 [main] DEBUG org.activiti.engine.impl.cfg.standalone.StandaloneMybatisTransactionContext  - firing event committed...
10:45:10,866 [main] DEBUG org.apache.ibatis.transaction.jdbc.JdbcTransaction  - Resetting autocommit to true on JDBC Connection [conn4: url=jdbc:h2:mem:activiti user=SA]
10:45:10,866 [main] DEBUG org.apache.ibatis.transaction.jdbc.JdbcTransaction  - Closing JDBC Connection [conn4: url=jdbc:h2:mem:activiti user=SA]
10:45:10,866 [main] DEBUG org.apache.ibatis.datasource.pooled.PooledDataSource  - Returned connection 297240765 to pool.
10:45:10,866 [main] DEBUG org.activiti.engine.impl.interceptor.LogInterceptor  - --- TaskQueryImpl finished --------------------------------------------------------
10:45:10,866 [main] DEBUG org.activiti.engine.impl.interceptor.LogInterceptor  - 

10:45:10,866 [main] DEBUG org.activiti.engine.impl.interceptor.LogInterceptor  - 

10:45:10,866 [main] DEBUG org.activiti.engine.impl.interceptor.LogInterceptor  - --- starting TaskQueryImpl --------------------------------------------------------
10:45:10,867 [main] DEBUG org.apache.ibatis.transaction.jdbc.JdbcTransaction  - Opening JDBC Connection
10:45:10,867 [main] DEBUG org.apache.ibatis.datasource.pooled.PooledDataSource  - Checked out connection 486346394 from pool.
10:45:10,867 [main] DEBUG org.apache.ibatis.transaction.jdbc.JdbcTransaction  - Setting autocommit to false on JDBC Connection [conn6: url=jdbc:h2:mem:activiti user=SA]
10:45:10,867 [main] DEBUG org.activiti.engine.impl.persistence.entity.TaskEntity.selectTaskByQueryCriteria  - ==&gt;  Preparing: select distinct RES.* from ACT_RU_TASK RES WHERE RES.ASSIGNEE_ = ? order by order by RES.ID_ asc LIMIT ? OFFSET ? 
10:45:10,867 [main] DEBUG org.activiti.engine.impl.interceptor.CommandContext  - Error while closing command context
org.apache.ibatis.exceptions.PersistenceException: 
### Error querying database.  Cause: org.h2.jdbc.JdbcSQLException: Syntax error in SQL statement &quot;SELECT DISTINCT RES.* 
       
    FROM ACT_RU_TASK RES
     
     
     
     
    
     
     
     
     WHERE  RES.ASSIGNEE_ = ? 
   
    
     ORDER BY  ORDER[*] BY RES.ID_ ASC  
    LIMIT ? OFFSET ? &quot;; expected &quot;=, NOT, EXISTS, INTERSECTS, SELECT, FROM&quot;; SQL statement:
select distinct RES.* 
       
    from ACT_RU_TASK RES
     
     
     
     
    
     
     
     
     WHERE  RES.ASSIGNEE_ = ? 
   
    
     order by  order by RES.ID_ asc  
    LIMIT ? OFFSET ? [42001-176]
### The error may exist in org/activiti/db/mapping/entity/Task.xml
### The error may involve org.activiti.engine.impl.persistence.entity.TaskEntity.selectTaskByQueryCriteria
### The error occurred while executing a query
### SQL: select distinct RES.*              from ACT_RU_TASK RES                                                     WHERE  RES.ASSIGNEE_ = ?                order by  order by RES.ID_ asc       LIMIT ? OFFSET ?
### Cause: org.h2.jdbc.JdbcSQLException: Syntax error in SQL statement &quot;SELECT DISTINCT RES.* 
       
    FROM ACT_RU_TASK RES
     
     
     
     
    
     
     
     
     WHERE  RES.ASSIGNEE_ = ? 
   
    
     ORDER BY  ORDER[*] BY RES.ID_ ASC  
    LIMIT ? OFFSET ? &quot;; expected &quot;=, NOT, EXISTS, INTERSECTS, SELECT, FROM&quot;; SQL statement:
select distinct RES.* 
       
    from ACT_RU_TASK RES
     
     
     
     
    
     
     
     
     WHERE  RES.ASSIGNEE_ = ? 
   
    
     order by  order by RES.ID_ asc  
    LIMIT ? OFFSET ? [42001-176]
	at org.apache.ibatis.exceptions.ExceptionFactory.wrapException(ExceptionFactory.java:30)
	at org.apache.ibatis.session.defaults.DefaultSqlSession.selectList(DefaultSqlSession.java:122)
	at org.apache.ibatis.session.defaults.DefaultSqlSession.selectList(DefaultSqlSession.java:113)
	at org.activiti.engine.impl.db.DbSqlSession.selectListWithRawParameter(DbSqlSession.java:438)
	at org.activiti.engine.impl.db.DbSqlSession.selectList(DbSqlSession.java:429)
	at org.activiti.engine.impl.persistence.entity.TaskEntityManager.findTasksByQueryCriteria(TaskEntityManager.java:135)
	at org.activiti.engine.impl.TaskQueryImpl.executeList(TaskQueryImpl.java:1256)
	at org.activiti.engine.impl.AbstractQuery.execute(AbstractQuery.java:164)
	at org.activiti.engine.impl.interceptor.CommandInvoker.execute(CommandInvoker.java:24)
	at org.activiti.engine.impl.interceptor.CommandContextInterceptor.execute(CommandContextInterceptor.java:57)
	at org.activiti.engine.impl.interceptor.LogInterceptor.execute(LogInterceptor.java:37)
	at org.activiti.engine.impl.cfg.CommandExecutorImpl.execute(CommandExecutorImpl.java:40)
	at org.activiti.engine.impl.cfg.CommandExecutorImpl.execute(CommandExecutorImpl.java:35)
	at org.activiti.engine.impl.AbstractQuery.list(AbstractQuery.java:138)
	at org.activiti.engine.test.api.task.SubTaskQueryTest.testQueryByAssigneeExcludeSubtasks(SubTaskQueryTest.java:104)
	at sun.reflect.NativeMethodAccessorImpl.invoke0(Native Method)
	at sun.reflect.NativeMethodAccessorImpl.invoke(NativeMethodAccessorImpl.java:62)
	at sun.reflect.DelegatingMethodAccessorImpl.invoke(DelegatingMethodAccessorImpl.java:43)
	at java.lang.reflect.Method.invoke(Method.java:498)
	at junit.framework.TestCase.runTest(TestCase.java:176)
	at org.activiti.engine.impl.test.PvmTestCase.runTest(PvmTestCase.java:65)
	at junit.framework.TestCase.runBare(TestCase.java:141)
	at org.activiti.engine.impl.test.AbstractActivitiTestCase.runBare(AbstractActivitiTestCase.java:100)
	at junit.framework.TestResult$1.protect(TestResult.java:122)
	at junit.framework.TestResult.runProtected(TestResult.java:142)
	at junit.framework.TestResult.run(TestResult.java:125)
	at junit.framework.TestCase.run(TestCase.java:129)
	at junit.framework.TestSuite.runTest(TestSuite.java:255)
	at junit.framework.TestSuite.run(TestSuite.java:250)
	at org.junit.internal.runners.JUnit38ClassRunner.run(JUnit38ClassRunner.java:84)
	at org.apache.maven.surefire.junit4.JUnit4TestSet.execute(JUnit4TestSet.java:35)
	at org.apache.maven.surefire.junit4.JUnit4Provider.executeTestSet(JUnit4Provider.java:146)
	at org.apache.maven.surefire.junit4.JUnit4Provider.invoke(JUnit4Provider.java:97)
	at sun.reflect.NativeMethodAccessorImpl.invoke0(Native Method)
	at sun.reflect.NativeMethodAccessorImpl.invoke(NativeMethodAccessorImpl.java:62)
	at sun.reflect.DelegatingMethodAccessorImpl.invoke(DelegatingMethodAccessorImpl.java:43)
	at java.lang.reflect.Method.invoke(Method.java:498)
	at org.apache.maven.surefire.booter.ProviderFactory$ClassLoaderProxy.invoke(ProviderFactory.java:103)
	at com.sun.proxy.$Proxy0.invoke(Unknown Source)
	at org.apache.maven.surefire.booter.SurefireStarter.invokeProvider(SurefireStarter.java:145)
	at org.apache.maven.surefire.booter.SurefireStarter.runSuitesInProcess(SurefireStarter.java:87)
	at org.apache.maven.surefire.booter.ForkedBooter.main(ForkedBooter.java:69)
Caused by: org.h2.jdbc.JdbcSQLException: Syntax error in SQL statement &quot;SELECT DISTINCT RES.* 
       
    FROM ACT_RU_TASK RES
     
     
     
     
    
     
     
     
     WHERE  RES.ASSIGNEE_ = ? 
   
    
     ORDER BY  ORDER[*] BY RES.ID_ ASC  
    LIMIT ? OFFSET ? &quot;; expected &quot;=, NOT, EXISTS, INTERSECTS, SELECT, FROM&quot;; SQL statement:
select distinct RES.* 
       
    from ACT_RU_TASK RES
     
     
     
     
    
     
     
     
     WHERE  RES.ASSIGNEE_ = ? 
   
    
     order by  order by RES.ID_ asc  
    LIMIT ? OFFSET ? [42001-176]
	at org.h2.message.DbException.getJdbcSQLException(DbException.java:344)
	at org.h2.message.DbException.getSyntaxError(DbException.java:204)
	at org.h2.command.Parser.getSyntaxError(Parser.java:524)
	at org.h2.command.Parser.readTerm(Parser.java:2688)
	at org.h2.command.Parser.readFactor(Parser.java:2244)
	at org.h2.command.Parser.readSum(Parser.java:2231)
	at org.h2.command.Parser.readConcat(Parser.java:2201)
	at org.h2.command.Parser.readCondition(Parser.java:2051)
	at org.h2.command.Parser.readAnd(Parser.java:2023)
	at org.h2.command.Parser.readExpression(Parser.java:2015)
	at org.h2.command.Parser.parseEndOfQuery(Parser.java:1726)
	at org.h2.command.Parser.parseSelectUnionExtension(Parser.java:1706)
	at org.h2.command.Parser.parseSelectUnion(Parser.java:1675)
	at org.h2.command.Parser.parseSelect(Parser.java:1662)
	at org.h2.command.Parser.parsePrepared(Parser.java:434)
	at org.h2.command.Parser.parse(Parser.java:306)
	at org.h2.command.Parser.parse(Parser.java:282)
	at org.h2.command.Parser.prepareCommand(Parser.java:243)
	at org.h2.engine.Session.prepareLocal(Session.java:442)
	at org.h2.engine.Session.prepareCommand(Session.java:384)
	at org.h2.jdbc.JdbcConnection.prepareCommand(JdbcConnection.java:1188)
	at org.h2.jdbc.JdbcPreparedStatement.&lt;init&gt;(JdbcPreparedStatement.java:73)
	at org.h2.jdbc.JdbcConnection.prepareStatement(JdbcConnection.java:276)
	at sun.reflect.GeneratedMethodAccessor6.invoke(Unknown Source)
	at sun.reflect.DelegatingMethodAccessorImpl.invoke(DelegatingMethodAccessorImpl.java:43)
	at java.lang.reflect.Method.invoke(Method.java:498)
	at org.apache.ibatis.datasource.pooled.PooledConnection.invoke(PooledConnection.java:245)
	at com.sun.proxy.$Proxy12.prepareStatement(Unknown Source)
	at sun.reflect.GeneratedMethodAccessor6.invoke(Unknown Source)
	at sun.reflect.DelegatingMethodAccessorImpl.invoke(DelegatingMethodAccessorImpl.java:43)
	at java.lang.reflect.Method.invoke(Method.java:498)
	at org.apache.ibatis.logging.jdbc.ConnectionLogger.invoke(ConnectionLogger.java:55)
	at com.sun.proxy.$Proxy12.prepareStatement(Unknown Source)
	at org.apache.ibatis.executor.statement.PreparedStatementHandler.instantiateStatement(PreparedStatementHandler.java:79)
	at org.apache.ibatis.executor.statement.BaseStatementHandler.prepare(BaseStatementHandler.java:88)
	at org.apache.ibatis.executor.statement.RoutingStatementHandler.prepare(RoutingStatementHandler.java:58)
	at org.apache.ibatis.executor.SimpleExecutor.prepareStatement(SimpleExecutor.java:76)
	at org.apache.ibatis.executor.SimpleExecutor.doQuery(SimpleExecutor.java:61)
	at org.apache.ibatis.executor.BaseExecutor.queryFromDatabase(BaseExecutor.java:303)
	at org.apache.ibatis.executor.BaseExecutor.query(BaseExecutor.java:154)
	at org.apache.ibatis.executor.CachingExecutor.query(CachingExecutor.java:102)
	at org.apache.ibatis.executor.CachingExecutor.query(CachingExecutor.java:82)
	at org.apache.ibatis.session.defaults.DefaultSqlSession.selectList(DefaultSqlSession.java:120)
	... 40 more
10:45:10,867 [main] DEBUG org.activiti.engine.impl.cfg.standalone.StandaloneMybatisTransactionContext  - firing event rolling back...
10:45:10,867 [main] DEBUG org.activiti.engine.impl.cfg.standalone.StandaloneMybatisTransactionContext  - rolling back ibatis sql session...
10:45:10,867 [main] DEBUG org.activiti.engine.impl.cfg.standalone.StandaloneMybatisTransactionContext  - firing event rolled back...
10:45:10,867 [main] DEBUG org.apache.ibatis.transaction.jdbc.JdbcTransaction  - Resetting autocommit to true on JDBC Connection [conn6: url=jdbc:h2:mem:activiti user=SA]
10:45:10,867 [main] DEBUG org.apache.ibatis.transaction.jdbc.JdbcTransaction  - Closing JDBC Connection [conn6: url=jdbc:h2:mem:activiti user=SA]
10:45:10,867 [main] DEBUG org.apache.ibatis.datasource.pooled.PooledDataSource  - Returned connection 486346394 to pool.
10:45:10,867 [main] DEBUG org.activiti.engine.impl.interceptor.LogInterceptor  - --- TaskQueryImpl finished --------------------------------------------------------
10:45:10,867 [main] DEBUG org.activiti.engine.impl.interceptor.LogInterceptor  - 

10:45:10,867 [main] ERROR org.activiti.engine.impl.test.PvmTestCase  - 

10:45:10,867 [main] ERROR org.activiti.engine.impl.test.PvmTestCase  - EXCEPTION: org.apache.ibatis.exceptions.PersistenceException: 
### Error querying database.  Cause: org.h2.jdbc.JdbcSQLException: Syntax error in SQL statement &quot;SELECT DISTINCT RES.* 
       
    FROM ACT_RU_TASK RES
     
     
     
     
    
     
     
     
     WHERE  RES.ASSIGNEE_ = ? 
   
    
     ORDER BY  ORDER[*] BY RES.ID_ ASC  
    LIMIT ? OFFSET ? &quot;; expected &quot;=, NOT, EXISTS, INTERSECTS, SELECT, FROM&quot;; SQL statement:
select distinct RES.* 
       
    from ACT_RU_TASK RES
     
     
     
     
    
     
     
     
     WHERE  RES.ASSIGNEE_ = ? 
   
    
     order by  order by RES.ID_ asc  
    LIMIT ? OFFSET ? [42001-176]
### The error may exist in org/activiti/db/mapping/entity/Task.xml
### The error may involve org.activiti.engine.impl.persistence.entity.TaskEntity.selectTaskByQueryCriteria
### The error occurred while executing a query
### SQL: select distinct RES.*              from ACT_RU_TASK RES                                                     WHERE  RES.ASSIGNEE_ = ?                order by  order by RES.ID_ asc       LIMIT ? OFFSET ?
### Cause: org.h2.jdbc.JdbcSQLException: Syntax error in SQL statement &quot;SELECT DISTINCT RES.* 
       
    FROM ACT_RU_TASK RES
     
     
     
     
    
     
     
     
     WHERE  RES.ASSIGNEE_ = ? 
   
    
     ORDER BY  ORDER[*] BY RES.ID_ ASC  
    LIMIT ? OFFSET ? &quot;; expected &quot;=, NOT, EXISTS, INTERSECTS, SELECT, FROM&quot;; SQL statement:
select distinct RES.* 
       
    from ACT_RU_TASK RES
     
     
     
     
    
     
     
     
     WHERE  RES.ASSIGNEE_ = ? 
   
    
     order by  order by RES.ID_ asc  
    LIMIT ? OFFSET ? [42001-176]
org.apache.ibatis.exceptions.PersistenceException: 
### Error querying database.  Cause: org.h2.jdbc.JdbcSQLException: Syntax error in SQL statement &quot;SELECT DISTINCT RES.* 
       
    FROM ACT_RU_TASK RES
     
     
     
     
    
     
     
     
     WHERE  RES.ASSIGNEE_ = ? 
   
    
     ORDER BY  ORDER[*] BY RES.ID_ ASC  
    LIMIT ? OFFSET ? &quot;; expected &quot;=, NOT, EXISTS, INTERSECTS, SELECT, FROM&quot;; SQL statement:
select distinct RES.* 
       
    from ACT_RU_TASK RES
     
     
     
     
    
     
     
     
     WHERE  RES.ASSIGNEE_ = ? 
   
    
     order by  order by RES.ID_ asc  
    LIMIT ? OFFSET ? [42001-176]
### The error may exist in org/activiti/db/mapping/entity/Task.xml
### The error may involve org.activiti.engine.impl.persistence.entity.TaskEntity.selectTaskByQueryCriteria
### The error occurred while executing a query
### SQL: select distinct RES.*              from ACT_RU_TASK RES                                                     WHERE  RES.ASSIGNEE_ = ?                order by  order by RES.ID_ asc       LIMIT ? OFFSET ?
### Cause: org.h2.jdbc.JdbcSQLException: Syntax error in SQL statement &quot;SELECT DISTINCT RES.* 
       
    FROM ACT_RU_TASK RES
     
     
     
     
    
     
     
     
     WHERE  RES.ASSIGNEE_ = ? 
   
    
     ORDER BY  ORDER[*] BY RES.ID_ ASC  
    LIMIT ? OFFSET ? &quot;; expected &quot;=, NOT, EXISTS, INTERSECTS, SELECT, FROM&quot;; SQL statement:
select distinct RES.* 
       
    from ACT_RU_TASK RES
     
     
     
     
    
     
     
     
     WHERE  RES.ASSIGNEE_ = ? 
   
    
     order by  order by RES.ID_ asc  
    LIMIT ? OFFSET ? [42001-176]
	at org.apache.ibatis.exceptions.ExceptionFactory.wrapException(ExceptionFactory.java:30)
	at org.apache.ibatis.session.defaults.DefaultSqlSession.selectList(DefaultSqlSession.java:122)
	at org.apache.ibatis.session.defaults.DefaultSqlSession.selectList(DefaultSqlSession.java:113)
	at org.activiti.engine.impl.db.DbSqlSession.selectListWithRawParameter(DbSqlSession.java:438)
	at org.activiti.engine.impl.db.DbSqlSession.selectList(DbSqlSession.java:429)
	at org.activiti.engine.impl.persistence.entity.TaskEntityManager.findTasksByQueryCriteria(TaskEntityManager.java:135)
	at org.activiti.engine.impl.TaskQueryImpl.executeList(TaskQueryImpl.java:1256)
	at org.activiti.engine.impl.AbstractQuery.execute(AbstractQuery.java:164)
	at org.activiti.engine.impl.interceptor.CommandInvoker.execute(CommandInvoker.java:24)
	at org.activiti.engine.impl.interceptor.CommandContextInterceptor.execute(CommandContextInterceptor.java:57)
	at org.activiti.engine.impl.interceptor.LogInterceptor.execute(LogInterceptor.java:37)
	at org.activiti.engine.impl.cfg.CommandExecutorImpl.execute(CommandExecutorImpl.java:40)
	at org.activiti.engine.impl.cfg.CommandExecutorImpl.execute(CommandExecutorImpl.java:35)
	at org.activiti.engine.impl.AbstractQuery.list(AbstractQuery.java:138)
	at org.activiti.engine.test.api.task.SubTaskQueryTest.testQueryByAssigneeExcludeSubtasks(SubTaskQueryTest.java:104)
	at sun.reflect.NativeMethodAccessorImpl.invoke0(Native Method)
	at sun.reflect.NativeMethodAccessorImpl.invoke(NativeMethodAccessorImpl.java:62)
	at sun.reflect.DelegatingMethodAccessorImpl.invoke(DelegatingMethodAccessorImpl.java:43)
	at java.lang.reflect.Method.invoke(Method.java:498)
	at junit.framework.TestCase.runTest(TestCase.java:176)
	at org.activiti.engine.impl.test.PvmTestCase.runTest(PvmTestCase.java:65)
	at junit.framework.TestCase.runBare(TestCase.java:141)
	at org.activiti.engine.impl.test.AbstractActivitiTestCase.runBare(AbstractActivitiTestCase.java:100)
	at junit.framework.TestResult$1.protect(TestResult.java:122)
	at junit.framework.TestResult.runProtected(TestResult.java:142)
	at junit.framework.TestResult.run(TestResult.java:125)
	at junit.framework.TestCase.run(TestCase.java:129)
	at junit.framework.TestSuite.runTest(TestSuite.java:255)
	at junit.framework.TestSuite.run(TestSuite.java:250)
	at org.junit.internal.runners.JUnit38ClassRunner.run(JUnit38ClassRunner.java:84)
	at org.apache.maven.surefire.junit4.JUnit4TestSet.execute(JUnit4TestSet.java:35)
	at org.apache.maven.surefire.junit4.JUnit4Provider.executeTestSet(JUnit4Provider.java:146)
	at org.apache.maven.surefire.junit4.JUnit4Provider.invoke(JUnit4Provider.java:97)
	at sun.reflect.NativeMethodAccessorImpl.invoke0(Native Method)
	at sun.reflect.NativeMethodAccessorImpl.invoke(NativeMethodAccessorImpl.java:62)
	at sun.reflect.DelegatingMethodAccessorImpl.invoke(DelegatingMethodAccessorImpl.java:43)
	at java.lang.reflect.Method.invoke(Method.java:498)
	at org.apache.maven.surefire.booter.ProviderFactory$ClassLoaderProxy.invoke(ProviderFactory.java:103)
	at com.sun.proxy.$Proxy0.invoke(Unknown Source)
	at org.apache.maven.surefire.booter.SurefireStarter.invokeProvider(SurefireStarter.java:145)
	at org.apache.maven.surefire.booter.SurefireStarter.runSuitesInProcess(SurefireStarter.java:87)
	at org.apache.maven.surefire.booter.ForkedBooter.main(ForkedBooter.java:69)
Caused by: org.h2.jdbc.JdbcSQLException: Syntax error in SQL statement &quot;SELECT DISTINCT RES.* 
       
    FROM ACT_RU_TASK RES
     
     
     
     
    
     
     
     
     WHERE  RES.ASSIGNEE_ = ? 
   
    
     ORDER BY  ORDER[*] BY RES.ID_ ASC  
    LIMIT ? OFFSET ? &quot;; expected &quot;=, NOT, EXISTS, INTERSECTS, SELECT, FROM&quot;; SQL statement:
select distinct RES.* 
       
    from ACT_RU_TASK RES
     
     
     
     
    
     
     
     
     WHERE  RES.ASSIGNEE_ = ? 
   
    
     order by  order by RES.ID_ asc  
    LIMIT ? OFFSET ? [42001-176]
	at org.h2.message.DbException.getJdbcSQLException(DbException.java:344)
	at org.h2.message.DbException.getSyntaxError(DbException.java:204)
	at org.h2.command.Parser.getSyntaxError(Parser.java:524)
	at org.h2.command.Parser.readTerm(Parser.java:2688)
	at org.h2.command.Parser.readFactor(Parser.java:2244)
	at org.h2.command.Parser.readSum(Parser.java:2231)
	at org.h2.command.Parser.readConcat(Parser.java:2201)
	at org.h2.command.Parser.readCondition(Parser.java:2051)
	at org.h2.command.Parser.readAnd(Parser.java:2023)
	at org.h2.command.Parser.readExpression(Parser.java:2015)
	at org.h2.command.Parser.parseEndOfQuery(Parser.java:1726)
	at org.h2.command.Parser.parseSelectUnionExtension(Parser.java:1706)
	at org.h2.command.Parser.parseSelectUnion(Parser.java:1675)
	at org.h2.command.Parser.parseSelect(Parser.java:1662)
	at org.h2.command.Parser.parsePrepared(Parser.java:434)
	at org.h2.command.Parser.parse(Parser.java:306)
	at org.h2.command.Parser.parse(Parser.java:282)
	at org.h2.command.Parser.prepareCommand(Parser.java:243)
	at org.h2.engine.Session.prepareLocal(Session.java:442)
	at org.h2.engine.Session.prepareCommand(Session.java:384)
	at org.h2.jdbc.JdbcConnection.prepareCommand(JdbcConnection.java:1188)
	at org.h2.jdbc.JdbcPreparedStatement.&lt;init&gt;(JdbcPreparedStatement.java:73)
	at org.h2.jdbc.JdbcConnection.prepareStatement(JdbcConnection.java:276)
	at sun.reflect.GeneratedMethodAccessor6.invoke(Unknown Source)
	at sun.reflect.DelegatingMethodAccessorImpl.invoke(DelegatingMethodAccessorImpl.java:43)
	at java.lang.reflect.Method.invoke(Method.java:498)
	at org.apache.ibatis.datasource.pooled.PooledConnection.invoke(PooledConnection.java:245)
	at com.sun.proxy.$Proxy12.prepareStatement(Unknown Source)
	at sun.reflect.GeneratedMethodAccessor6.invoke(Unknown Source)
	at sun.reflect.DelegatingMethodAccessorImpl.invoke(DelegatingMethodAccessorImpl.java:43)
	at java.lang.reflect.Method.invoke(Method.java:498)
	at org.apache.ibatis.logging.jdbc.ConnectionLogger.invoke(ConnectionLogger.java:55)
	at com.sun.proxy.$Proxy12.prepareStatement(Unknown Source)
	at org.apache.ibatis.executor.statement.PreparedStatementHandler.instantiateStatement(PreparedStatementHandler.java:79)
	at org.apache.ibatis.executor.statement.BaseStatementHandler.prepare(BaseStatementHandler.java:88)
	at org.apache.ibatis.executor.statement.RoutingStatementHandler.prepare(RoutingStatementHandler.java:58)
	at org.apache.ibatis.executor.SimpleExecutor.prepareStatement(SimpleExecutor.java:76)
	at org.apache.ibatis.executor.SimpleExecutor.doQuery(SimpleExecutor.java:61)
	at org.apache.ibatis.executor.BaseExecutor.queryFromDatabase(BaseExecutor.java:303)
	at org.apache.ibatis.executor.BaseExecutor.query(BaseExecutor.java:154)
	at org.apache.ibatis.executor.CachingExecutor.query(CachingExecutor.java:102)
	at org.apache.ibatis.executor.CachingExecutor.query(CachingExecutor.java:82)
	at org.apache.ibatis.session.defaults.DefaultSqlSession.selectList(DefaultSqlSession.java:120)
	... 40 more
10:45:10,867 [main] DEBUG org.activiti.engine.impl.test.PvmTestCase  - #### END SubTaskQueryTest.testQueryByAssigneeExcludeSubtasks #############################################################
10:45:10,867 [main] DEBUG org.activiti.engine.impl.interceptor.LogInterceptor  - 

10:45:10,867 [main] DEBUG org.activiti.engine.impl.interceptor.LogInterceptor  - --- starting DeleteGroupCmd --------------------------------------------------------
10:45:10,867 [main] DEBUG org.apache.ibatis.transaction.jdbc.JdbcTransaction  - Opening JDBC Connection
10:45:10,867 [main] DEBUG org.apache.ibatis.datasource.pooled.PooledDataSource  - Checked out connection 180014677 from pool.
10:45:10,867 [main] DEBUG org.apache.ibatis.transaction.jdbc.JdbcTransaction  - Setting autocommit to false on JDBC Connection [conn3: url=jdbc:h2:mem:activiti user=SA]
10:45:10,867 [main] DEBUG org.activiti.engine.impl.persistence.entity.GroupEntity.selectGroup  - ==&gt;  Preparing: select * from ACT_ID_GROUP where ID_ = ? 
10:45:10,867 [main] DEBUG org.activiti.engine.impl.persistence.entity.GroupEntity.selectGroup  - ==&gt; Parameters: accountancy(String)
10:45:10,867 [main] DEBUG org.activiti.engine.impl.persistence.entity.GroupEntity.selectGroup  - &lt;==      Total: 1
10:45:10,867 [main] DEBUG org.activiti.engine.impl.db.DbSqlSession  -   bulk delete: deleteMembershipsByGroupId(accountancy)
10:45:10,867 [main] DEBUG org.activiti.engine.impl.db.DbSqlSession  -   delete org.activiti.engine.impl.persistence.entity.GroupEntity@39336f5
10:45:10,867 [main] DEBUG org.activiti.engine.impl.db.DbSqlSession  - flush summary: 0 insert, 0 update, 2 delete.
10:45:10,867 [main] DEBUG org.activiti.engine.impl.db.DbSqlSession  - now executing flush...
10:45:10,867 [main] DEBUG org.activiti.engine.impl.db.DbSqlSession  - executing: bulk delete: deleteMembershipsByGroupId(accountancy)
10:45:10,867 [main] DEBUG org.activiti.engine.impl.persistence.entity.MembershipRelation.deleteMembershipsByGroupId  - ==&gt;  Preparing: delete from ACT_ID_MEMBERSHIP where GROUP_ID_ = ? 
10:45:10,867 [main] DEBUG org.activiti.engine.impl.persistence.entity.MembershipRelation.deleteMembershipsByGroupId  - ==&gt; Parameters: accountancy(String)
10:45:10,867 [main] DEBUG org.activiti.engine.impl.persistence.entity.MembershipRelation.deleteMembershipsByGroupId  - &lt;==    Updates: 1
10:45:10,867 [main] DEBUG org.activiti.engine.impl.db.DbSqlSession  - executing: delete org.activiti.engine.impl.persistence.entity.GroupEntity@39336f5
10:45:10,867 [main] DEBUG org.activiti.engine.impl.persistence.entity.GroupEntity.deleteGroup  - ==&gt;  Preparing: delete from ACT_ID_GROUP where ID_ = ? and REV_ = ? 
10:45:10,867 [main] DEBUG org.activiti.engine.impl.persistence.entity.GroupEntity.deleteGroup  - ==&gt; Parameters: accountancy(String), 1(Integer)
10:45:10,867 [main] DEBUG org.activiti.engine.impl.persistence.entity.GroupEntity.deleteGroup  - &lt;==    Updates: 1
10:45:10,867 [main] DEBUG org.activiti.engine.impl.cfg.standalone.StandaloneMybatisTransactionContext  - firing event committing...
10:45:10,867 [main] DEBUG org.activiti.engine.impl.cfg.standalone.StandaloneMybatisTransactionContext  - committing the ibatis sql session...
10:45:10,867 [main] DEBUG org.apache.ibatis.transaction.jdbc.JdbcTransaction  - Committing JDBC Connection [conn3: url=jdbc:h2:mem:activiti user=SA]
10:45:10,867 [main] DEBUG org.activiti.engine.impl.cfg.standalone.StandaloneMybatisTransactionContext  - firing event committed...
10:45:10,867 [main] DEBUG org.apache.ibatis.transaction.jdbc.JdbcTransaction  - Resetting autocommit to true on JDBC Connection [conn3: url=jdbc:h2:mem:activiti user=SA]
10:45:10,867 [main] DEBUG org.apache.ibatis.transaction.jdbc.JdbcTransaction  - Closing JDBC Connection [conn3: url=jdbc:h2:mem:activiti user=SA]
10:45:10,867 [main] DEBUG org.apache.ibatis.datasource.pooled.PooledDataSource  - Returned connection 180014677 to pool.
10:45:10,867 [main] DEBUG org.activiti.engine.impl.interceptor.LogInterceptor  - --- DeleteGroupCmd finished --------------------------------------------------------
10:45:10,867 [main] DEBUG org.activiti.engine.impl.interceptor.LogInterceptor  - 

10:45:10,867 [main] DEBUG org.activiti.engine.impl.interceptor.LogInterceptor  - 

10:45:10,867 [main] DEBUG org.activiti.engine.impl.interceptor.LogInterceptor  - --- starting DeleteGroupCmd --------------------------------------------------------
10:45:10,868 [main] DEBUG org.apache.ibatis.transaction.jdbc.JdbcTransaction  - Opening JDBC Connection
10:45:10,868 [main] DEBUG org.apache.ibatis.datasource.pooled.PooledDataSource  - Checked out connection 363509958 from pool.
10:45:10,868 [main] DEBUG org.apache.ibatis.transaction.jdbc.JdbcTransaction  - Setting autocommit to false on JDBC Connection [conn2: url=jdbc:h2:mem:activiti user=SA]
10:45:10,868 [main] DEBUG org.activiti.engine.impl.persistence.entity.GroupEntity.selectGroup  - ==&gt;  Preparing: select * from ACT_ID_GROUP where ID_ = ? 
10:45:10,868 [main] DEBUG org.activiti.engine.impl.persistence.entity.GroupEntity.selectGroup  - ==&gt; Parameters: management(String)
10:45:10,868 [main] DEBUG org.activiti.engine.impl.persistence.entity.GroupEntity.selectGroup  - &lt;==      Total: 1
10:45:10,868 [main] DEBUG org.activiti.engine.impl.db.DbSqlSession  -   bulk delete: deleteMembershipsByGroupId(management)
10:45:10,868 [main] DEBUG org.activiti.engine.impl.db.DbSqlSession  -   delete org.activiti.engine.impl.persistence.entity.GroupEntity@36b86248
10:45:10,868 [main] DEBUG org.activiti.engine.impl.db.DbSqlSession  - flush summary: 0 insert, 0 update, 2 delete.
10:45:10,868 [main] DEBUG org.activiti.engine.impl.db.DbSqlSession  - now executing flush...
10:45:10,868 [main] DEBUG org.activiti.engine.impl.db.DbSqlSession  - executing: bulk delete: deleteMembershipsByGroupId(management)
10:45:10,868 [main] DEBUG org.activiti.engine.impl.persistence.entity.MembershipRelation.deleteMembershipsByGroupId  - ==&gt;  Preparing: delete from ACT_ID_MEMBERSHIP where GROUP_ID_ = ? 
10:45:10,868 [main] DEBUG org.activiti.engine.impl.persistence.entity.MembershipRelation.deleteMembershipsByGroupId  - ==&gt; Parameters: management(String)
10:45:10,868 [main] DEBUG org.activiti.engine.impl.persistence.entity.MembershipRelation.deleteMembershipsByGroupId  - &lt;==    Updates: 1
10:45:10,868 [main] DEBUG org.activiti.engine.impl.db.DbSqlSession  - executing: delete org.activiti.engine.impl.persistence.entity.GroupEntity@36b86248
10:45:10,868 [main] DEBUG org.activiti.engine.impl.persistence.entity.GroupEntity.deleteGroup  - ==&gt;  Preparing: delete from ACT_ID_GROUP where ID_ = ? and REV_ = ? 
10:45:10,868 [main] DEBUG org.activiti.engine.impl.persistence.entity.GroupEntity.deleteGroup  - ==&gt; Parameters: management(String), 1(Integer)
10:45:10,868 [main] DEBUG org.activiti.engine.impl.persistence.entity.GroupEntity.deleteGroup  - &lt;==    Updates: 1
10:45:10,868 [main] DEBUG org.activiti.engine.impl.cfg.standalone.StandaloneMybatisTransactionContext  - firing event committing...
10:45:10,868 [main] DEBUG org.activiti.engine.impl.cfg.standalone.StandaloneMybatisTransactionContext  - committing the ibatis sql session...
10:45:10,868 [main] DEBUG org.apache.ibatis.transaction.jdbc.JdbcTransaction  - Committing JDBC Connection [conn2: url=jdbc:h2:mem:activiti user=SA]
10:45:10,868 [main] DEBUG org.activiti.engine.impl.cfg.standalone.StandaloneMybatisTransactionContext  - firing event committed...
10:45:10,868 [main] DEBUG org.apache.ibatis.transaction.jdbc.JdbcTransaction  - Resetting autocommit to true on JDBC Connection [conn2: url=jdbc:h2:mem:activiti user=SA]
10:45:10,868 [main] DEBUG org.apache.ibatis.transaction.jdbc.JdbcTransaction  - Closing JDBC Connection [conn2: url=jdbc:h2:mem:activiti user=SA]
10:45:10,868 [main] DEBUG org.apache.ibatis.datasource.pooled.PooledDataSource  - Returned connection 363509958 to pool.
10:45:10,868 [main] DEBUG org.activiti.engine.impl.interceptor.LogInterceptor  - --- DeleteGroupCmd finished --------------------------------------------------------
10:45:10,868 [main] DEBUG org.activiti.engine.impl.interceptor.LogInterceptor  - 

10:45:10,868 [main] DEBUG org.activiti.engine.impl.interceptor.LogInterceptor  - 

10:45:10,868 [main] DEBUG org.activiti.engine.impl.interceptor.LogInterceptor  - --- starting DeleteUserCmd --------------------------------------------------------
10:45:10,868 [main] DEBUG org.apache.ibatis.transaction.jdbc.JdbcTransaction  - Opening JDBC Connection
10:45:10,868 [main] DEBUG org.apache.ibatis.datasource.pooled.PooledDataSource  - Checked out connection 297240765 from pool.
10:45:10,868 [main] DEBUG org.apache.ibatis.transaction.jdbc.JdbcTransaction  - Setting autocommit to false on JDBC Connection [conn4: url=jdbc:h2:mem:activiti user=SA]
10:45:10,868 [main] DEBUG org.activiti.engine.impl.persistence.entity.UserEntity.selectUserById  - ==&gt;  Preparing: select * from ACT_ID_USER where ID_ = ? 
10:45:10,868 [main] DEBUG org.activiti.engine.impl.persistence.entity.UserEntity.selectUserById  - ==&gt; Parameters: gonzo(String)
10:45:10,868 [main] DEBUG org.activiti.engine.impl.persistence.entity.UserEntity.selectUserById  - &lt;==      Total: 1
10:45:10,868 [main] DEBUG org.activiti.engine.impl.persistence.entity.IdentityInfoEntity.selectIdentityInfoByUserId  - ==&gt;  Preparing: select * from ACT_ID_INFO where USER_ID_ = ? 
10:45:10,868 [main] DEBUG org.activiti.engine.impl.persistence.entity.IdentityInfoEntity.selectIdentityInfoByUserId  - ==&gt; Parameters: gonzo(String)
10:45:10,868 [main] DEBUG org.activiti.engine.impl.persistence.entity.IdentityInfoEntity.selectIdentityInfoByUserId  - &lt;==      Total: 0
10:45:10,868 [main] DEBUG org.activiti.engine.impl.db.DbSqlSession  -   bulk delete: deleteMembershipsByUserId(gonzo)
10:45:10,868 [main] DEBUG org.activiti.engine.impl.db.DbSqlSession  -   delete org.activiti.engine.impl.persistence.entity.UserEntity@cbd9494
10:45:10,868 [main] DEBUG org.activiti.engine.impl.db.DbSqlSession  - flush summary: 0 insert, 0 update, 2 delete.
10:45:10,868 [main] DEBUG org.activiti.engine.impl.db.DbSqlSession  - now executing flush...
10:45:10,868 [main] DEBUG org.activiti.engine.impl.db.DbSqlSession  - executing: bulk delete: deleteMembershipsByUserId(gonzo)
10:45:10,868 [main] DEBUG org.activiti.engine.impl.persistence.entity.MembershipRelation.deleteMembershipsByUserId  - ==&gt;  Preparing: delete from ACT_ID_MEMBERSHIP where USER_ID_ = ? 
10:45:10,868 [main] DEBUG org.activiti.engine.impl.persistence.entity.MembershipRelation.deleteMembershipsByUserId  - ==&gt; Parameters: gonzo(String)
10:45:10,868 [main] DEBUG org.activiti.engine.impl.persistence.entity.MembershipRelation.deleteMembershipsByUserId  - &lt;==    Updates: 0
10:45:10,868 [main] DEBUG org.activiti.engine.impl.db.DbSqlSession  - executing: delete org.activiti.engine.impl.persistence.entity.UserEntity@cbd9494
10:45:10,868 [main] DEBUG org.activiti.engine.impl.persistence.entity.UserEntity.deleteUser  - ==&gt;  Preparing: delete from ACT_ID_USER where ID_ = ? and REV_ = ? 
10:45:10,868 [main] DEBUG org.activiti.engine.impl.persistence.entity.UserEntity.deleteUser  - ==&gt; Parameters: gonzo(String), 1(Integer)
10:45:10,868 [main] DEBUG org.activiti.engine.impl.persistence.entity.UserEntity.deleteUser  - &lt;==    Updates: 1
10:45:10,868 [main] DEBUG org.activiti.engine.impl.cfg.standalone.StandaloneMybatisTransactionContext  - firing event committing...
10:45:10,868 [main] DEBUG org.activiti.engine.impl.cfg.standalone.StandaloneMybatisTransactionContext  - committing the ibatis sql session...
10:45:10,868 [main] DEBUG org.apache.ibatis.transaction.jdbc.JdbcTransaction  - Committing JDBC Connection [conn4: url=jdbc:h2:mem:activiti user=SA]
10:45:10,868 [main] DEBUG org.activiti.engine.impl.cfg.standalone.StandaloneMybatisTransactionContext  - firing event committed...
10:45:10,868 [main] DEBUG org.apache.ibatis.transaction.jdbc.JdbcTransaction  - Resetting autocommit to true on JDBC Connection [conn4: url=jdbc:h2:mem:activiti user=SA]
10:45:10,868 [main] DEBUG org.apache.ibatis.transaction.jdbc.JdbcTransaction  - Closing JDBC Connection [conn4: url=jdbc:h2:mem:activiti user=SA]
10:45:10,868 [main] DEBUG org.apache.ibatis.datasource.pooled.PooledDataSource  - Returned connection 297240765 to pool.
10:45:10,868 [main] DEBUG org.activiti.engine.impl.interceptor.LogInterceptor  - --- DeleteUserCmd finished --------------------------------------------------------
10:45:10,868 [main] DEBUG org.activiti.engine.impl.interceptor.LogInterceptor  - 

10:45:10,868 [main] DEBUG org.activiti.engine.impl.interceptor.LogInterceptor  - 

10:45:10,868 [main] DEBUG org.activiti.engine.impl.interceptor.LogInterceptor  - --- starting DeleteUserCmd --------------------------------------------------------
10:45:10,868 [main] DEBUG org.apache.ibatis.transaction.jdbc.JdbcTransaction  - Opening JDBC Connection
10:45:10,868 [main] DEBUG org.apache.ibatis.datasource.pooled.PooledDataSource  - Checked out connection 486346394 from pool.
10:45:10,868 [main] DEBUG org.apache.ibatis.transaction.jdbc.JdbcTransaction  - Setting autocommit to false on JDBC Connection [conn6: url=jdbc:h2:mem:activiti user=SA]
10:45:10,868 [main] DEBUG org.activiti.engine.impl.persistence.entity.UserEntity.selectUserById  - ==&gt;  Preparing: select * from ACT_ID_USER where ID_ = ? 
10:45:10,868 [main] DEBUG org.activiti.engine.impl.persistence.entity.UserEntity.selectUserById  - ==&gt; Parameters: kermit(String)
10:45:10,868 [main] DEBUG org.activiti.engine.impl.persistence.entity.UserEntity.selectUserById  - &lt;==      Total: 1
10:45:10,868 [main] DEBUG org.activiti.engine.impl.persistence.entity.IdentityInfoEntity.selectIdentityInfoByUserId  - ==&gt;  Preparing: select * from ACT_ID_INFO where USER_ID_ = ? 
10:45:10,868 [main] DEBUG org.activiti.engine.impl.persistence.entity.IdentityInfoEntity.selectIdentityInfoByUserId  - ==&gt; Parameters: kermit(String)
10:45:10,868 [main] DEBUG org.activiti.engine.impl.persistence.entity.IdentityInfoEntity.selectIdentityInfoByUserId  - &lt;==      Total: 0
10:45:10,868 [main] DEBUG org.activiti.engine.impl.db.DbSqlSession  -   bulk delete: deleteMembershipsByUserId(kermit)
10:45:10,868 [main] DEBUG org.activiti.engine.impl.db.DbSqlSession  -   delete org.activiti.engine.impl.persistence.entity.UserEntity@45594dfe
10:45:10,868 [main] DEBUG org.activiti.engine.impl.db.DbSqlSession  - flush summary: 0 insert, 0 update, 2 delete.
10:45:10,868 [main] DEBUG org.activiti.engine.impl.db.DbSqlSession  - now executing flush...
10:45:10,868 [main] DEBUG org.activiti.engine.impl.db.DbSqlSession  - executing: bulk delete: deleteMembershipsByUserId(kermit)
10:45:10,868 [main] DEBUG org.activiti.engine.impl.persistence.entity.MembershipRelation.deleteMembershipsByUserId  - ==&gt;  Preparing: delete from ACT_ID_MEMBERSHIP where USER_ID_ = ? 
10:45:10,868 [main] DEBUG org.activiti.engine.impl.persistence.entity.MembershipRelation.deleteMembershipsByUserId  - ==&gt; Parameters: kermit(String)
10:45:10,868 [main] DEBUG org.activiti.engine.impl.persistence.entity.MembershipRelation.deleteMembershipsByUserId  - &lt;==    Updates: 0
10:45:10,868 [main] DEBUG org.activiti.engine.impl.db.DbSqlSession  - executing: delete org.activiti.engine.impl.persistence.entity.UserEntity@45594dfe
10:45:10,868 [main] DEBUG org.activiti.engine.impl.persistence.entity.UserEntity.deleteUser  - ==&gt;  Preparing: delete from ACT_ID_USER where ID_ = ? and REV_ = ? 
10:45:10,868 [main] DEBUG org.activiti.engine.impl.persistence.entity.UserEntity.deleteUser  - ==&gt; Parameters: kermit(String), 1(Integer)
10:45:10,868 [main] DEBUG org.activiti.engine.impl.persistence.entity.UserEntity.deleteUser  - &lt;==    Updates: 1
10:45:10,868 [main] DEBUG org.activiti.engine.impl.cfg.standalone.StandaloneMybatisTransactionContext  - firing event committing...
10:45:10,868 [main] DEBUG org.activiti.engine.impl.cfg.standalone.StandaloneMybatisTransactionContext  - committing the ibatis sql session...
10:45:10,868 [main] DEBUG org.apache.ibatis.transaction.jdbc.JdbcTransaction  - Committing JDBC Connection [conn6: url=jdbc:h2:mem:activiti user=SA]
10:45:10,868 [main] DEBUG org.activiti.engine.impl.cfg.standalone.StandaloneMybatisTransactionContext  - firing event committed...
10:45:10,868 [main] DEBUG org.apache.ibatis.transaction.jdbc.JdbcTransaction  - Resetting autocommit to true on JDBC Connection [conn6: url=jdbc:h2:mem:activiti user=SA]
10:45:10,868 [main] DEBUG org.apache.ibatis.transaction.jdbc.JdbcTransaction  - Closing JDBC Connection [conn6: url=jdbc:h2:mem:activiti user=SA]
10:45:10,868 [main] DEBUG org.apache.ibatis.datasource.pooled.PooledDataSource  - Returned connection 486346394 to pool.
10:45:10,868 [main] DEBUG org.activiti.engine.impl.interceptor.LogInterceptor  - --- DeleteUserCmd finished --------------------------------------------------------
10:45:10,868 [main] DEBUG org.activiti.engine.impl.interceptor.LogInterceptor  - 

10:45:10,868 [main] DEBUG org.activiti.engine.impl.interceptor.LogInterceptor  - 

10:45:10,868 [main] DEBUG org.activiti.engine.impl.interceptor.LogInterceptor  - --- starting DeleteTaskCmd --------------------------------------------------------
10:45:10,868 [main] DEBUG org.apache.ibatis.transaction.jdbc.JdbcTransaction  - Opening JDBC Connection
10:45:10,868 [main] DEBUG org.apache.ibatis.datasource.pooled.PooledDataSource  - Checked out connection 180014677 from pool.
10:45:10,868 [main] DEBUG org.apache.ibatis.transaction.jdbc.JdbcTransaction  - Setting autocommit to false on JDBC Connection [conn3: url=jdbc:h2:mem:activiti user=SA]
10:45:10,868 [main] DEBUG org.activiti.engine.impl.persistence.entity.TaskEntity.selectTask  - ==&gt;  Preparing: select * from ACT_RU_TASK where ID_ = ? 
10:45:10,868 [main] DEBUG org.activiti.engine.impl.persistence.entity.TaskEntity.selectTask  - ==&gt; Parameters: 779(String)
10:45:10,868 [main] DEBUG org.activiti.engine.impl.persistence.entity.TaskEntity.selectTask  - &lt;==      Total: 1
10:45:10,868 [main] DEBUG org.activiti.engine.impl.persistence.entity.TaskEntity.selectTasksByParentTaskId  - ==&gt;  Preparing: select * from ACT_RU_TASK where PARENT_TASK_ID_ = ? 
10:45:10,868 [main] DEBUG org.activiti.engine.impl.persistence.entity.TaskEntity.selectTasksByParentTaskId  - ==&gt; Parameters: 779(String)
10:45:10,868 [main] DEBUG org.activiti.engine.impl.persistence.entity.TaskEntity.selectTasksByParentTaskId  - &lt;==      Total: 2
10:45:10,868 [main] DEBUG org.activiti.engine.impl.persistence.entity.TaskEntity.selectTasksByParentTaskId  - ==&gt;  Preparing: select * from ACT_RU_TASK where PARENT_TASK_ID_ = ? 
10:45:10,868 [main] DEBUG org.activiti.engine.impl.persistence.entity.TaskEntity.selectTasksByParentTaskId  - ==&gt; Parameters: 782(String)
10:45:10,868 [main] DEBUG org.activiti.engine.impl.persistence.entity.TaskEntity.selectTasksByParentTaskId  - &lt;==      Total: 0
10:45:10,868 [main] DEBUG org.activiti.engine.impl.persistence.entity.IdentityLinkEntity.selectIdentityLinksByTask  - ==&gt;  Preparing: select * from ACT_RU_IDENTITYLINK where TASK_ID_ = ? 
10:45:10,868 [main] DEBUG org.activiti.engine.impl.persistence.entity.IdentityLinkEntity.selectIdentityLinksByTask  - ==&gt; Parameters: 782(String)
10:45:10,868 [main] DEBUG org.activiti.engine.impl.persistence.entity.IdentityLinkEntity.selectIdentityLinksByTask  - &lt;==      Total: 1
10:45:10,868 [main] DEBUG org.activiti.engine.impl.persistence.entity.VariableInstanceEntity.selectVariablesByTaskId  - ==&gt;  Preparing: select * from ACT_RU_VARIABLE where TASK_ID_ = ? 
10:45:10,868 [main] DEBUG org.activiti.engine.impl.persistence.entity.VariableInstanceEntity.selectVariablesByTaskId  - ==&gt; Parameters: 782(String)
10:45:10,868 [main] DEBUG org.activiti.engine.impl.persistence.entity.VariableInstanceEntity.selectVariablesByTaskId  - &lt;==      Total: 0
10:45:10,868 [main] DEBUG org.activiti.engine.impl.history.DefaultHistoryManager  - Current history level: FULL
10:45:10,868 [main] DEBUG org.activiti.engine.impl.history.DefaultHistoryManager  - Current history level: FULL
10:45:10,868 [main] DEBUG org.activiti.engine.impl.persistence.entity.HistoricTaskInstanceEntity.selectHistoricTaskInstance  - ==&gt;  Preparing: select * from ACT_HI_TASKINST where ID_ = ? 
10:45:10,868 [main] DEBUG org.activiti.engine.impl.persistence.entity.HistoricTaskInstanceEntity.selectHistoricTaskInstance  - ==&gt; Parameters: 782(String)
10:45:10,868 [main] DEBUG org.activiti.engine.impl.persistence.entity.HistoricTaskInstanceEntity.selectHistoricTaskInstance  - &lt;==      Total: 1
10:45:10,868 [main] DEBUG org.activiti.engine.impl.persistence.entity.HistoricTaskInstanceEntity.selectHistoricTasksByParentTaskId  - ==&gt;  Preparing: select * from ACT_HI_TASKINST where PARENT_TASK_ID_ = ? 
10:45:10,868 [main] DEBUG org.activiti.engine.impl.persistence.entity.HistoricTaskInstanceEntity.selectHistoricTasksByParentTaskId  - ==&gt; Parameters: 782(String)
10:45:10,868 [main] DEBUG org.activiti.engine.impl.persistence.entity.HistoricTaskInstanceEntity.selectHistoricTasksByParentTaskId  - &lt;==      Total: 0
10:45:10,868 [main] DEBUG org.activiti.engine.impl.history.DefaultHistoryManager  - Current history level: FULL, level required: FULL
10:45:10,868 [main] DEBUG org.activiti.engine.impl.persistence.entity.HistoricDetailEntity.selectHistoricDetailsByQueryCriteria  - ==&gt;  Preparing: select RES.* from ACT_HI_DETAIL RES WHERE RES.TASK_ID_ = ? order by order by RES.ID_ asc LIMIT ? OFFSET ? 
10:45:10,868 [main] DEBUG org.activiti.engine.impl.interceptor.CommandContext  - Error while closing command context
org.apache.ibatis.exceptions.PersistenceException: 
### Error querying database.  Cause: org.h2.jdbc.JdbcSQLException: Syntax error in SQL statement &quot;SELECT RES.* 
     
    FROM ACT_HI_DETAIL RES
     WHERE  RES.TASK_ID_ = ? 
   
     ORDER BY  ORDER[*] BY RES.ID_ ASC  
    LIMIT ? OFFSET ? &quot;; expected &quot;=, NOT, EXISTS, INTERSECTS, SELECT, FROM&quot;; SQL statement:
select RES.* 
     
    from ACT_HI_DETAIL RES
     WHERE  RES.TASK_ID_ = ? 
   
     order by  order by RES.ID_ asc  
    LIMIT ? OFFSET ? [42001-176]
### The error may exist in org/activiti/db/mapping/entity/HistoricDetail.xml
### The error may involve org.activiti.engine.impl.persistence.entity.HistoricDetailEntity.selectHistoricDetailsByQueryCriteria
### The error occurred while executing a query
### SQL: select RES.*            from ACT_HI_DETAIL RES      WHERE  RES.TASK_ID_ = ?           order by  order by RES.ID_ asc       LIMIT ? OFFSET ?
### Cause: org.h2.jdbc.JdbcSQLException: Syntax error in SQL statement &quot;SELECT RES.* 
     
    FROM ACT_HI_DETAIL RES
     WHERE  RES.TASK_ID_ = ? 
   
     ORDER BY  ORDER[*] BY RES.ID_ ASC  
    LIMIT ? OFFSET ? &quot;; expected &quot;=, NOT, EXISTS, INTERSECTS, SELECT, FROM&quot;; SQL statement:
select RES.* 
     
    from ACT_HI_DETAIL RES
     WHERE  RES.TASK_ID_ = ? 
   
     order by  order by RES.ID_ asc  
    LIMIT ? OFFSET ? [42001-176]
	at org.apache.ibatis.exceptions.ExceptionFactory.wrapException(ExceptionFactory.java:30)
	at org.apache.ibatis.session.defaults.DefaultSqlSession.selectList(DefaultSqlSession.java:122)
	at org.apache.ibatis.session.defaults.DefaultSqlSession.selectList(DefaultSqlSession.java:113)
	at org.activiti.engine.impl.db.DbSqlSession.selectListWithRawParameter(DbSqlSession.java:438)
	at org.activiti.engine.impl.db.DbSqlSession.selectList(DbSqlSession.java:429)
	at org.activiti.engine.impl.db.DbSqlSession.selectList(DbSqlSession.java:419)
	at org.activiti.engine.impl.persistence.entity.HistoricDetailEntityManager.findHistoricDetailsByQueryCriteria(HistoricDetailEntityManager.java:51)
	at org.activiti.engine.impl.HistoricDetailQueryImpl.executeList(HistoricDetailQueryImpl.java:112)
	at org.activiti.engine.impl.AbstractQuery.list(AbstractQuery.java:140)
	at org.activiti.engine.impl.persistence.entity.HistoricDetailEntityManager.deleteHistoricDetailsByTaskId(HistoricDetailEntityManager.java:58)
	at org.activiti.engine.impl.persistence.entity.HistoricTaskInstanceEntityManager.deleteHistoricTaskInstanceById(HistoricTaskInstanceEntityManager.java:122)
	at org.activiti.engine.impl.persistence.entity.TaskEntityManager.deleteTask(TaskEntityManager.java:91)
	at org.activiti.engine.impl.persistence.entity.TaskEntityManager.deleteTask(TaskEntityManager.java:77)
	at org.activiti.engine.impl.persistence.entity.TaskEntityManager.deleteTask(TaskEntityManager.java:201)
	at org.activiti.engine.impl.cmd.DeleteTaskCmd.deleteTask(DeleteTaskCmd.java:64)
	at org.activiti.engine.impl.cmd.DeleteTaskCmd.execute(DeleteTaskCmd.java:51)
	at org.activiti.engine.impl.cmd.DeleteTaskCmd.execute(DeleteTaskCmd.java:26)
	at org.activiti.engine.impl.interceptor.CommandInvoker.execute(CommandInvoker.java:24)
	at org.activiti.engine.impl.interceptor.CommandContextInterceptor.execute(CommandContextInterceptor.java:57)
	at org.activiti.engine.impl.interceptor.LogInterceptor.execute(LogInterceptor.java:37)
	at org.activiti.engine.impl.cfg.CommandExecutorImpl.execute(CommandExecutorImpl.java:40)
	at org.activiti.engine.impl.cfg.CommandExecutorImpl.execute(CommandExecutorImpl.java:35)
	at org.activiti.engine.impl.TaskServiceImpl.deleteTasks(TaskServiceImpl.java:109)
	at org.activiti.engine.test.api.task.SubTaskQueryTest.tearDown(SubTaskQueryTest.java:51)
	at junit.framework.TestCase.runBare(TestCase.java:146)
	at org.activiti.engine.impl.test.AbstractActivitiTestCase.runBare(AbstractActivitiTestCase.java:100)
	at junit.framework.TestResult$1.protect(TestResult.java:122)
	at junit.framework.TestResult.runProtected(TestResult.java:142)
	at junit.framework.TestResult.run(TestResult.java:125)
	at junit.framework.TestCase.run(TestCase.java:129)
	at junit.framework.TestSuite.runTest(TestSuite.java:255)
	at junit.framework.TestSuite.run(TestSuite.java:250)
	at org.junit.internal.runners.JUnit38ClassRunner.run(JUnit38ClassRunner.java:84)
	at org.apache.maven.surefire.junit4.JUnit4TestSet.execute(JUnit4TestSet.java:35)
	at org.apache.maven.surefire.junit4.JUnit4Provider.executeTestSet(JUnit4Provider.java:146)
	at org.apache.maven.surefire.junit4.JUnit4Provider.invoke(JUnit4Provider.java:97)
	at sun.reflect.NativeMethodAccessorImpl.invoke0(Native Method)
	at sun.reflect.NativeMethodAccessorImpl.invoke(NativeMethodAccessorImpl.java:62)
	at sun.reflect.DelegatingMethodAccessorImpl.invoke(DelegatingMethodAccessorImpl.java:43)
	at java.lang.reflect.Method.invoke(Method.java:498)
	at org.apache.maven.surefire.booter.ProviderFactory$ClassLoaderProxy.invoke(ProviderFactory.java:103)
	at com.sun.proxy.$Proxy0.invoke(Unknown Source)
	at org.apache.maven.surefire.booter.SurefireStarter.invokeProvider(SurefireStarter.java:145)
	at org.apache.maven.surefire.booter.SurefireStarter.runSuitesInProcess(SurefireStarter.java:87)
	at org.apache.maven.surefire.booter.ForkedBooter.main(ForkedBooter.java:69)
Caused by: org.h2.jdbc.JdbcSQLException: Syntax error in SQL statement &quot;SELECT RES.* 
     
    FROM ACT_HI_DETAIL RES
     WHERE  RES.TASK_ID_ = ? 
   
     ORDER BY  ORDER[*] BY RES.ID_ ASC  
    LIMIT ? OFFSET ? &quot;; expected &quot;=, NOT, EXISTS, INTERSECTS, SELECT, FROM&quot;; SQL statement:
select RES.* 
     
    from ACT_HI_DETAIL RES
     WHERE  RES.TASK_ID_ = ? 
   
     order by  order by RES.ID_ asc  
    LIMIT ? OFFSET ? [42001-176]
	at org.h2.message.DbException.getJdbcSQLException(DbException.java:344)
	at org.h2.message.DbException.getSyntaxError(DbException.java:204)
	at org.h2.command.Parser.getSyntaxError(Parser.java:524)
	at org.h2.command.Parser.readTerm(Parser.java:2688)
	at org.h2.command.Parser.readFactor(Parser.java:2244)
	at org.h2.command.Parser.readSum(Parser.java:2231)
	at org.h2.command.Parser.readConcat(Parser.java:2201)
	at org.h2.command.Parser.readCondition(Parser.java:2051)
	at org.h2.command.Parser.readAnd(Parser.java:2023)
	at org.h2.command.Parser.readExpression(Parser.java:2015)
	at org.h2.command.Parser.parseEndOfQuery(Parser.java:1726)
	at org.h2.command.Parser.parseSelectUnionExtension(Parser.java:1706)
	at org.h2.command.Parser.parseSelectUnion(Parser.java:1675)
	at org.h2.command.Parser.parseSelect(Parser.java:1662)
	at org.h2.command.Parser.parsePrepared(Parser.java:434)
	at org.h2.command.Parser.parse(Parser.java:306)
	at org.h2.command.Parser.parse(Parser.java:282)
	at org.h2.command.Parser.prepareCommand(Parser.java:243)
	at org.h2.engine.Session.prepareLocal(Session.java:442)
	at org.h2.engine.Session.prepareCommand(Session.java:384)
	at org.h2.jdbc.JdbcConnection.prepareCommand(JdbcConnection.java:1188)
	at org.h2.jdbc.JdbcPreparedStatement.&lt;init&gt;(JdbcPreparedStatement.java:73)
	at org.h2.jdbc.JdbcConnection.prepareStatement(JdbcConnection.java:276)
	at sun.reflect.GeneratedMethodAccessor6.invoke(Unknown Source)
	at sun.reflect.DelegatingMethodAccessorImpl.invoke(DelegatingMethodAccessorImpl.java:43)
	at java.lang.reflect.Method.invoke(Method.java:498)
	at org.apache.ibatis.datasource.pooled.PooledConnection.invoke(PooledConnection.java:245)
	at com.sun.proxy.$Proxy12.prepareStatement(Unknown Source)
	at sun.reflect.GeneratedMethodAccessor6.invoke(Unknown Source)
	at sun.reflect.DelegatingMethodAccessorImpl.invoke(DelegatingMethodAccessorImpl.java:43)
	at java.lang.reflect.Method.invoke(Method.java:498)
	at org.apache.ibatis.logging.jdbc.ConnectionLogger.invoke(ConnectionLogger.java:55)
	at com.sun.proxy.$Proxy12.prepareStatement(Unknown Source)
	at org.apache.ibatis.executor.statement.PreparedStatementHandler.instantiateStatement(PreparedStatementHandler.java:79)
	at org.apache.ibatis.executor.statement.BaseStatementHandler.prepare(BaseStatementHandler.java:88)
	at org.apache.ibatis.executor.statement.RoutingStatementHandler.prepare(RoutingStatementHandler.java:58)
	at org.apache.ibatis.executor.SimpleExecutor.prepareStatement(SimpleExecutor.java:76)
	at org.apache.ibatis.executor.SimpleExecutor.doQuery(SimpleExecutor.java:61)
	at org.apache.ibatis.executor.BaseExecutor.queryFromDatabase(BaseExecutor.java:303)
	at org.apache.ibatis.executor.BaseExecutor.query(BaseExecutor.java:154)
	at org.apache.ibatis.executor.CachingExecutor.query(CachingExecutor.java:102)
	at org.apache.ibatis.executor.CachingExecutor.query(CachingExecutor.java:82)
	at org.apache.ibatis.session.defaults.DefaultSqlSession.selectList(DefaultSqlSession.java:120)
	... 43 more
10:45:10,869 [main] DEBUG org.activiti.engine.impl.cfg.standalone.StandaloneMybatisTransactionContext  - firing event rolling back...
10:45:10,869 [main] DEBUG org.activiti.engine.impl.cfg.standalone.StandaloneMybatisTransactionContext  - rolling back ibatis sql session...
10:45:10,869 [main] DEBUG org.activiti.engine.impl.cfg.standalone.StandaloneMybatisTransactionContext  - firing event rolled back...
10:45:10,869 [main] DEBUG org.apache.ibatis.transaction.jdbc.JdbcTransaction  - Resetting autocommit to true on JDBC Connection [conn3: url=jdbc:h2:mem:activiti user=SA]
10:45:10,869 [main] DEBUG org.apache.ibatis.transaction.jdbc.JdbcTransaction  - Closing JDBC Connection [conn3: url=jdbc:h2:mem:activiti user=SA]
10:45:10,869 [main] DEBUG org.apache.ibatis.datasource.pooled.PooledDataSource  - Returned connection 180014677 to pool.
10:45:10,869 [main] DEBUG org.activiti.engine.impl.interceptor.LogInterceptor  - --- DeleteTaskCmd finished --------------------------------------------------------
10:45:10,869 [main] DEBUG org.activiti.engine.impl.interceptor.LogInterceptor  - 

10:45:10,869 [main] ERROR org.activiti.engine.impl.test.PvmTestCase  - 

10:45:10,869 [main] ERROR org.activiti.engine.impl.test.PvmTestCase  - EXCEPTION: org.apache.ibatis.exceptions.PersistenceException: 
### Error querying database.  Cause: org.h2.jdbc.JdbcSQLException: Syntax error in SQL statement &quot;SELECT DISTINCT RES.* 
       
    FROM ACT_RU_TASK RES
     
     
     
     
    
     
     
     
     WHERE  RES.ASSIGNEE_ = ? 
   
    
     ORDER BY  ORDER[*] BY RES.ID_ ASC  
    LIMIT ? OFFSET ? &quot;; expected &quot;=, NOT, EXISTS, INTERSECTS, SELECT, FROM&quot;; SQL statement:
select distinct RES.* 
       
    from ACT_RU_TASK RES
     
     
     
     
    
     
     
     
     WHERE  RES.ASSIGNEE_ = ? 
   
    
     order by  order by RES.ID_ asc  
    LIMIT ? OFFSET ? [42001-176]
### The error may exist in org/activiti/db/mapping/entity/Task.xml
### The error may involve org.activiti.engine.impl.persistence.entity.TaskEntity.selectTaskByQueryCriteria
### The error occurred while executing a query
### SQL: select distinct RES.*              from ACT_RU_TASK RES                                                     WHERE  RES.ASSIGNEE_ = ?                order by  order by RES.ID_ asc       LIMIT ? OFFSET ?
### Cause: org.h2.jdbc.JdbcSQLException: Syntax error in SQL statement &quot;SELECT DISTINCT RES.* 
       
    FROM ACT_RU_TASK RES
     
     
     
     
    
     
     
     
     WHERE  RES.ASSIGNEE_ = ? 
   
    
     ORDER BY  ORDER[*] BY RES.ID_ ASC  
    LIMIT ? OFFSET ? &quot;; expected &quot;=, NOT, EXISTS, INTERSECTS, SELECT, FROM&quot;; SQL statement:
select distinct RES.* 
       
    from ACT_RU_TASK RES
     
     
     
     
    
     
     
     
     WHERE  RES.ASSIGNEE_ = ? 
   
    
     order by  order by RES.ID_ asc  
    LIMIT ? OFFSET ? [42001-176]
org.apache.ibatis.exceptions.PersistenceException: 
### Error querying database.  Cause: org.h2.jdbc.JdbcSQLException: Syntax error in SQL statement &quot;SELECT DISTINCT RES.* 
       
    FROM ACT_RU_TASK RES
     
     
     
     
    
     
     
     
     WHERE  RES.ASSIGNEE_ = ? 
   
    
     ORDER BY  ORDER[*] BY RES.ID_ ASC  
    LIMIT ? OFFSET ? &quot;; expected &quot;=, NOT, EXISTS, INTERSECTS, SELECT, FROM&quot;; SQL statement:
select distinct RES.* 
       
    from ACT_RU_TASK RES
     
     
     
     
    
     
     
     
     WHERE  RES.ASSIGNEE_ = ? 
   
    
     order by  order by RES.ID_ asc  
    LIMIT ? OFFSET ? [42001-176]
### The error may exist in org/activiti/db/mapping/entity/Task.xml
### The error may involve org.activiti.engine.impl.persistence.entity.TaskEntity.selectTaskByQueryCriteria
### The error occurred while executing a query
### SQL: select distinct RES.*              from ACT_RU_TASK RES                                                     WHERE  RES.ASSIGNEE_ = ?                order by  order by RES.ID_ asc       LIMIT ? OFFSET ?
### Cause: org.h2.jdbc.JdbcSQLException: Syntax error in SQL statement &quot;SELECT DISTINCT RES.* 
       
    FROM ACT_RU_TASK RES
     
     
     
     
    
     
     
     
     WHERE  RES.ASSIGNEE_ = ? 
   
    
     ORDER BY  ORDER[*] BY RES.ID_ ASC  
    LIMIT ? OFFSET ? &quot;; expected &quot;=, NOT, EXISTS, INTERSECTS, SELECT, FROM&quot;; SQL statement:
select distinct RES.* 
       
    from ACT_RU_TASK RES
     
     
     
     
    
     
     
     
     WHERE  RES.ASSIGNEE_ = ? 
   
    
     order by  order by RES.ID_ asc  
    LIMIT ? OFFSET ? [42001-176]
	at org.apache.ibatis.exceptions.ExceptionFactory.wrapException(ExceptionFactory.java:30)
	at org.apache.ibatis.session.defaults.DefaultSqlSession.selectList(DefaultSqlSession.java:122)
	at org.apache.ibatis.session.defaults.DefaultSqlSession.selectList(DefaultSqlSession.java:113)
	at org.activiti.engine.impl.db.DbSqlSession.selectListWithRawParameter(DbSqlSession.java:438)
	at org.activiti.engine.impl.db.DbSqlSession.selectList(DbSqlSession.java:429)
	at org.activiti.engine.impl.persistence.entity.TaskEntityManager.findTasksByQueryCriteria(TaskEntityManager.java:135)
	at org.activiti.engine.impl.TaskQueryImpl.executeList(TaskQueryImpl.java:1256)
	at org.activiti.engine.impl.AbstractQuery.execute(AbstractQuery.java:164)
	at org.activiti.engine.impl.interceptor.CommandInvoker.execute(CommandInvoker.java:24)
	at org.activiti.engine.impl.interceptor.CommandContextInterceptor.execute(CommandContextInterceptor.java:57)
	at org.activiti.engine.impl.interceptor.LogInterceptor.execute(LogInterceptor.java:37)
	at org.activiti.engine.impl.cfg.CommandExecutorImpl.execute(CommandExecutorImpl.java:40)
	at org.activiti.engine.impl.cfg.CommandExecutorImpl.execute(CommandExecutorImpl.java:35)
	at org.activiti.engine.impl.AbstractQuery.list(AbstractQuery.java:138)
	at org.activiti.engine.test.api.task.SubTaskQueryTest.testQueryByAssigneeExcludeSubtasks(SubTaskQueryTest.java:104)
	at sun.reflect.NativeMethodAccessorImpl.invoke0(Native Method)
	at sun.reflect.NativeMethodAccessorImpl.invoke(NativeMethodAccessorImpl.java:62)
	at sun.reflect.DelegatingMethodAccessorImpl.invoke(DelegatingMethodAccessorImpl.java:43)
	at java.lang.reflect.Method.invoke(Method.java:498)
	at junit.framework.TestCase.runTest(TestCase.java:176)
	at org.activiti.engine.impl.test.PvmTestCase.runTest(PvmTestCase.java:65)
	at junit.framework.TestCase.runBare(TestCase.java:141)
	at org.activiti.engine.impl.test.AbstractActivitiTestCase.runBare(AbstractActivitiTestCase.java:100)
	at junit.framework.TestResult$1.protect(TestResult.java:122)
	at junit.framework.TestResult.runProtected(TestResult.java:142)
	at junit.framework.TestResult.run(TestResult.java:125)
	at junit.framework.TestCase.run(TestCase.java:129)
	at junit.framework.TestSuite.runTest(TestSuite.java:255)
	at junit.framework.TestSuite.run(TestSuite.java:250)
	at org.junit.internal.runners.JUnit38ClassRunner.run(JUnit38ClassRunner.java:84)
	at org.apache.maven.surefire.junit4.JUnit4TestSet.execute(JUnit4TestSet.java:35)
	at org.apache.maven.surefire.junit4.JUnit4Provider.executeTestSet(JUnit4Provider.java:146)
	at org.apache.maven.surefire.junit4.JUnit4Provider.invoke(JUnit4Provider.java:97)
	at sun.reflect.NativeMethodAccessorImpl.invoke0(Native Method)
	at sun.reflect.NativeMethodAccessorImpl.invoke(NativeMethodAccessorImpl.java:62)
	at sun.reflect.DelegatingMethodAccessorImpl.invoke(DelegatingMethodAccessorImpl.java:43)
	at java.lang.reflect.Method.invoke(Method.java:498)
	at org.apache.maven.surefire.booter.ProviderFactory$ClassLoaderProxy.invoke(ProviderFactory.java:103)
	at com.sun.proxy.$Proxy0.invoke(Unknown Source)
	at org.apache.maven.surefire.booter.SurefireStarter.invokeProvider(SurefireStarter.java:145)
	at org.apache.maven.surefire.booter.SurefireStarter.runSuitesInProcess(SurefireStarter.java:87)
	at org.apache.maven.surefire.booter.ForkedBooter.main(ForkedBooter.java:69)
Caused by: org.h2.jdbc.JdbcSQLException: Syntax error in SQL statement &quot;SELECT DISTINCT RES.* 
       
    FROM ACT_RU_TASK RES
     
     
     
     
    
     
     
     
     WHERE  RES.ASSIGNEE_ = ? 
   
    
     ORDER BY  ORDER[*] BY RES.ID_ ASC  
    LIMIT ? OFFSET ? &quot;; expected &quot;=, NOT, EXISTS, INTERSECTS, SELECT, FROM&quot;; SQL statement:
select distinct RES.* 
       
    from ACT_RU_TASK RES
     
     
     
     
    
     
     
     
     WHERE  RES.ASSIGNEE_ = ? 
   
    
     order by  order by RES.ID_ asc  
    LIMIT ? OFFSET ? [42001-176]
	at org.h2.message.DbException.getJdbcSQLException(DbException.java:344)
	at org.h2.message.DbException.getSyntaxError(DbException.java:204)
	at org.h2.command.Parser.getSyntaxError(Parser.java:524)
	at org.h2.command.Parser.readTerm(Parser.java:2688)
	at org.h2.command.Parser.readFactor(Parser.java:2244)
	at org.h2.command.Parser.readSum(Parser.java:2231)
	at org.h2.command.Parser.readConcat(Parser.java:2201)
	at org.h2.command.Parser.readCondition(Parser.java:2051)
	at org.h2.command.Parser.readAnd(Parser.java:2023)
	at org.h2.command.Parser.readExpression(Parser.java:2015)
	at org.h2.command.Parser.parseEndOfQuery(Parser.java:1726)
	at org.h2.command.Parser.parseSelectUnionExtension(Parser.java:1706)
	at org.h2.command.Parser.parseSelectUnion(Parser.java:1675)
	at org.h2.command.Parser.parseSelect(Parser.java:1662)
	at org.h2.command.Parser.parsePrepared(Parser.java:434)
	at org.h2.command.Parser.parse(Parser.java:306)
	at org.h2.command.Parser.parse(Parser.java:282)
	at org.h2.command.Parser.prepareCommand(Parser.java:243)
	at org.h2.engine.Session.prepareLocal(Session.java:442)
	at org.h2.engine.Session.prepareCommand(Session.java:384)
	at org.h2.jdbc.JdbcConnection.prepareCommand(JdbcConnection.java:1188)
	at org.h2.jdbc.JdbcPreparedStatement.&lt;init&gt;(JdbcPreparedStatement.java:73)
	at org.h2.jdbc.JdbcConnection.prepareStatement(JdbcConnection.java:276)
	at sun.reflect.GeneratedMethodAccessor6.invoke(Unknown Source)
	at sun.reflect.DelegatingMethodAccessorImpl.invoke(DelegatingMethodAccessorImpl.java:43)
	at java.lang.reflect.Method.invoke(Method.java:498)
	at org.apache.ibatis.datasource.pooled.PooledConnection.invoke(PooledConnection.java:245)
	at com.sun.proxy.$Proxy12.prepareStatement(Unknown Source)
	at sun.reflect.GeneratedMethodAccessor6.invoke(Unknown Source)
	at sun.reflect.DelegatingMethodAccessorImpl.invoke(DelegatingMethodAccessorImpl.java:43)
	at java.lang.reflect.Method.invoke(Method.java:498)
	at org.apache.ibatis.logging.jdbc.ConnectionLogger.invoke(ConnectionLogger.java:55)
	at com.sun.proxy.$Proxy12.prepareStatement(Unknown Source)
	at org.apache.ibatis.executor.statement.PreparedStatementHandler.instantiateStatement(PreparedStatementHandler.java:79)
	at org.apache.ibatis.executor.statement.BaseStatementHandler.prepare(BaseStatementHandler.java:88)
	at org.apache.ibatis.executor.statement.RoutingStatementHandler.prepare(RoutingStatementHandler.java:58)
	at org.apache.ibatis.executor.SimpleExecutor.prepareStatement(SimpleExecutor.java:76)
	at org.apache.ibatis.executor.SimpleExecutor.doQuery(SimpleExecutor.java:61)
	at org.apache.ibatis.executor.BaseExecutor.queryFromDatabase(BaseExecutor.java:303)
	at org.apache.ibatis.executor.BaseExecutor.query(BaseExecutor.java:154)
	at org.apache.ibatis.executor.CachingExecutor.query(CachingExecutor.java:102)
	at org.apache.ibatis.executor.CachingExecutor.query(CachingExecutor.java:82)
	at org.apache.ibatis.session.defaults.DefaultSqlSession.selectList(DefaultSqlSession.java:120)
	... 40 more
10:45:10,869 [main] DEBUG org.activiti.engine.impl.test.PvmTestCase  - verifying that db is clean after test
10:45:10,869 [main] DEBUG org.activiti.engine.impl.interceptor.LogInterceptor  - 

10:45:10,869 [main] DEBUG org.activiti.engine.impl.interceptor.LogInterceptor  - --- starting GetTableCountCmd --------------------------------------------------------
10:45:10,869 [main] DEBUG org.apache.ibatis.transaction.jdbc.JdbcTransaction  - Opening JDBC Connection
10:45:10,869 [main] DEBUG org.apache.ibatis.datasource.pooled.PooledDataSource  - Checked out connection 363509958 from pool.
10:45:10,869 [main] DEBUG org.apache.ibatis.transaction.jdbc.JdbcTransaction  - Setting autocommit to false on JDBC Connection [conn2: url=jdbc:h2:mem:activiti user=SA]
10:45:10,869 [main] DEBUG org.activiti.engine.impl.persistence.entity.TableDataManager  - retrieving activiti tables from jdbc metadata
10:45:10,869 [main] DEBUG org.activiti.engine.impl.persistence.entity.TableDataManager  -   retrieved activiti table name ACT_EVT_LOG
10:45:10,869 [main] DEBUG org.activiti.engine.impl.persistence.entity.TableDataManager  -   retrieved activiti table name ACT_GE_BYTEARRAY
10:45:10,869 [main] DEBUG org.activiti.engine.impl.persistence.entity.TableDataManager  -   retrieved activiti table name ACT_GE_PROPERTY
10:45:10,869 [main] DEBUG org.activiti.engine.impl.persistence.entity.TableDataManager  -   retrieved activiti table name ACT_HI_ACTINST
10:45:10,869 [main] DEBUG org.activiti.engine.impl.persistence.entity.TableDataManager  -   retrieved activiti table name ACT_HI_ATTACHMENT
10:45:10,869 [main] DEBUG org.activiti.engine.impl.persistence.entity.TableDataManager  -   retrieved activiti table name ACT_HI_COMMENT
10:45:10,869 [main] DEBUG org.activiti.engine.impl.persistence.entity.TableDataManager  -   retrieved activiti table name ACT_HI_DETAIL
10:45:10,869 [main] DEBUG org.activiti.engine.impl.persistence.entity.TableDataManager  -   retrieved activiti table name ACT_HI_IDENTITYLINK
10:45:10,869 [main] DEBUG org.activiti.engine.impl.persistence.entity.TableDataManager  -   retrieved activiti table name ACT_HI_PROCINST
10:45:10,869 [main] DEBUG org.activiti.engine.impl.persistence.entity.TableDataManager  -   retrieved activiti table name ACT_HI_TASKINST
10:45:10,869 [main] DEBUG org.activiti.engine.impl.persistence.entity.TableDataManager  -   retrieved activiti table name ACT_HI_VARINST
10:45:10,869 [main] DEBUG org.activiti.engine.impl.persistence.entity.TableDataManager  -   retrieved activiti table name ACT_ID_GROUP
10:45:10,869 [main] DEBUG org.activiti.engine.impl.persistence.entity.TableDataManager  -   retrieved activiti table name ACT_ID_INFO
10:45:10,869 [main] DEBUG org.activiti.engine.impl.persistence.entity.TableDataManager  -   retrieved activiti table name ACT_ID_MEMBERSHIP
10:45:10,869 [main] DEBUG org.activiti.engine.impl.persistence.entity.TableDataManager  -   retrieved activiti table name ACT_ID_USER
10:45:10,869 [main] DEBUG org.activiti.engine.impl.persistence.entity.TableDataManager  -   retrieved activiti table name ACT_PROCDEF_INFO
10:45:10,869 [main] DEBUG org.activiti.engine.impl.persistence.entity.TableDataManager  -   retrieved activiti table name ACT_RE_DEPLOYMENT
10:45:10,869 [main] DEBUG org.activiti.engine.impl.persistence.entity.TableDataManager  -   retrieved activiti table name ACT_RE_MODEL
10:45:10,869 [main] DEBUG org.activiti.engine.impl.persistence.entity.TableDataManager  -   retrieved activiti table name ACT_RE_PROCDEF
10:45:10,869 [main] DEBUG org.activiti.engine.impl.persistence.entity.TableDataManager  -   retrieved activiti table name ACT_RU_EVENT_SUBSCR
10:45:10,869 [main] DEBUG org.activiti.engine.impl.persistence.entity.TableDataManager  -   retrieved activiti table name ACT_RU_EXECUTION
10:45:10,869 [main] DEBUG org.activiti.engine.impl.persistence.entity.TableDataManager  -   retrieved activiti table name ACT_RU_IDENTITYLINK
10:45:10,869 [main] DEBUG org.activiti.engine.impl.persistence.entity.TableDataManager  -   retrieved activiti table name ACT_RU_JOB
10:45:10,869 [main] DEBUG org.activiti.engine.impl.persistence.entity.TableDataManager  -   retrieved activiti table name ACT_RU_TASK
10:45:10,869 [main] DEBUG org.activiti.engine.impl.persistence.entity.TableDataManager  -   retrieved activiti table name ACT_RU_VARIABLE
10:45:10,869 [main] DEBUG org.activiti.engine.impl.persistence.entity.TableDataManager  - selecting table count for ACT_EVT_LOG
10:45:10,869 [main] DEBUG org.activiti.engine.impl.TablePageMap.selectTableCount  - ==&gt;  Preparing: select count(*) from ACT_EVT_LOG 
10:45:10,869 [main] DEBUG org.activiti.engine.impl.TablePageMap.selectTableCount  - ==&gt; Parameters: 
10:45:10,869 [main] DEBUG org.activiti.engine.impl.TablePageMap.selectTableCount  - &lt;==      Total: 1
10:45:10,869 [main] DEBUG org.activiti.engine.impl.persistence.entity.TableDataManager  - selecting table count for ACT_GE_BYTEARRAY
10:45:10,869 [main] DEBUG org.activiti.engine.impl.TablePageMap.selectTableCount  - ==&gt;  Preparing: select count(*) from ACT_GE_BYTEARRAY 
10:45:10,869 [main] DEBUG org.activiti.engine.impl.TablePageMap.selectTableCount  - ==&gt; Parameters: 
10:45:10,869 [main] DEBUG org.activiti.engine.impl.TablePageMap.selectTableCount  - &lt;==      Total: 1
10:45:10,869 [main] DEBUG org.activiti.engine.impl.persistence.entity.TableDataManager  - selecting table count for ACT_GE_PROPERTY
10:45:10,869 [main] DEBUG org.activiti.engine.impl.TablePageMap.selectTableCount  - ==&gt;  Preparing: select count(*) from ACT_GE_PROPERTY 
10:45:10,869 [main] DEBUG org.activiti.engine.impl.TablePageMap.selectTableCount  - ==&gt; Parameters: 
10:45:10,869 [main] DEBUG org.activiti.engine.impl.TablePageMap.selectTableCount  - &lt;==      Total: 1
10:45:10,869 [main] DEBUG org.activiti.engine.impl.persistence.entity.TableDataManager  - selecting table count for ACT_HI_ACTINST
10:45:10,869 [main] DEBUG org.activiti.engine.impl.TablePageMap.selectTableCount  - ==&gt;  Preparing: select count(*) from ACT_HI_ACTINST 
10:45:10,869 [main] DEBUG org.activiti.engine.impl.TablePageMap.selectTableCount  - ==&gt; Parameters: 
10:45:10,869 [main] DEBUG org.activiti.engine.impl.TablePageMap.selectTableCount  - &lt;==      Total: 1
10:45:10,869 [main] DEBUG org.activiti.engine.impl.persistence.entity.TableDataManager  - selecting table count for ACT_HI_ATTACHMENT
10:45:10,869 [main] DEBUG org.activiti.engine.impl.TablePageMap.selectTableCount  - ==&gt;  Preparing: select count(*) from ACT_HI_ATTACHMENT 
10:45:10,869 [main] DEBUG org.activiti.engine.impl.TablePageMap.selectTableCount  - ==&gt; Parameters: 
10:45:10,869 [main] DEBUG org.activiti.engine.impl.TablePageMap.selectTableCount  - &lt;==      Total: 1
10:45:10,869 [main] DEBUG org.activiti.engine.impl.persistence.entity.TableDataManager  - selecting table count for ACT_HI_COMMENT
10:45:10,869 [main] DEBUG org.activiti.engine.impl.TablePageMap.selectTableCount  - ==&gt;  Preparing: select count(*) from ACT_HI_COMMENT 
10:45:10,869 [main] DEBUG org.activiti.engine.impl.TablePageMap.selectTableCount  - ==&gt; Parameters: 
10:45:10,869 [main] DEBUG org.activiti.engine.impl.TablePageMap.selectTableCount  - &lt;==      Total: 1
10:45:10,869 [main] DEBUG org.activiti.engine.impl.persistence.entity.TableDataManager  - selecting table count for ACT_HI_DETAIL
10:45:10,869 [main] DEBUG org.activiti.engine.impl.TablePageMap.selectTableCount  - ==&gt;  Preparing: select count(*) from ACT_HI_DETAIL 
10:45:10,869 [main] DEBUG org.activiti.engine.impl.TablePageMap.selectTableCount  - ==&gt; Parameters: 
10:45:10,869 [main] DEBUG org.activiti.engine.impl.TablePageMap.selectTableCount  - &lt;==      Total: 1
10:45:10,869 [main] DEBUG org.activiti.engine.impl.persistence.entity.TableDataManager  - selecting table count for ACT_HI_IDENTITYLINK
10:45:10,869 [main] DEBUG org.activiti.engine.impl.TablePageMap.selectTableCount  - ==&gt;  Preparing: select count(*) from ACT_HI_IDENTITYLINK 
10:45:10,869 [main] DEBUG org.activiti.engine.impl.TablePageMap.selectTableCount  - ==&gt; Parameters: 
10:45:10,869 [main] DEBUG org.activiti.engine.impl.TablePageMap.selectTableCount  - &lt;==      Total: 1
10:45:10,869 [main] DEBUG org.activiti.engine.impl.persistence.entity.TableDataManager  - selecting table count for ACT_HI_PROCINST
10:45:10,869 [main] DEBUG org.activiti.engine.impl.TablePageMap.selectTableCount  - ==&gt;  Preparing: select count(*) from ACT_HI_PROCINST 
10:45:10,869 [main] DEBUG org.activiti.engine.impl.TablePageMap.selectTableCount  - ==&gt; Parameters: 
10:45:10,869 [main] DEBUG org.activiti.engine.impl.TablePageMap.selectTableCount  - &lt;==      Total: 1
10:45:10,869 [main] DEBUG org.activiti.engine.impl.persistence.entity.TableDataManager  - selecting table count for ACT_HI_TASKINST
10:45:10,869 [main] DEBUG org.activiti.engine.impl.TablePageMap.selectTableCount  - ==&gt;  Preparing: select count(*) from ACT_HI_TASKINST 
10:45:10,869 [main] DEBUG org.activiti.engine.impl.TablePageMap.selectTableCount  - ==&gt; Parameters: 
10:45:10,869 [main] DEBUG org.activiti.engine.impl.TablePageMap.selectTableCount  - &lt;==      Total: 1
10:45:10,869 [main] DEBUG org.activiti.engine.impl.persistence.entity.TableDataManager  - selecting table count for ACT_HI_VARINST
10:45:10,869 [main] DEBUG org.activiti.engine.impl.TablePageMap.selectTableCount  - ==&gt;  Preparing: select count(*) from ACT_HI_VARINST 
10:45:10,869 [main] DEBUG org.activiti.engine.impl.TablePageMap.selectTableCount  - ==&gt; Parameters: 
10:45:10,869 [main] DEBUG org.activiti.engine.impl.TablePageMap.selectTableCount  - &lt;==      Total: 1
10:45:10,869 [main] DEBUG org.activiti.engine.impl.persistence.entity.TableDataManager  - selecting table count for ACT_ID_GROUP
10:45:10,869 [main] DEBUG org.activiti.engine.impl.TablePageMap.selectTableCount  - ==&gt;  Preparing: select count(*) from ACT_ID_GROUP 
10:45:10,869 [main] DEBUG org.activiti.engine.impl.TablePageMap.selectTableCount  - ==&gt; Parameters: 
10:45:10,869 [main] DEBUG org.activiti.engine.impl.TablePageMap.selectTableCount  - &lt;==      Total: 1
10:45:10,869 [main] DEBUG org.activiti.engine.impl.persistence.entity.TableDataManager  - selecting table count for ACT_ID_INFO
10:45:10,869 [main] DEBUG org.activiti.engine.impl.TablePageMap.selectTableCount  - ==&gt;  Preparing: select count(*) from ACT_ID_INFO 
10:45:10,869 [main] DEBUG org.activiti.engine.impl.TablePageMap.selectTableCount  - ==&gt; Parameters: 
10:45:10,869 [main] DEBUG org.activiti.engine.impl.TablePageMap.selectTableCount  - &lt;==      Total: 1
10:45:10,869 [main] DEBUG org.activiti.engine.impl.persistence.entity.TableDataManager  - selecting table count for ACT_ID_MEMBERSHIP
10:45:10,869 [main] DEBUG org.activiti.engine.impl.TablePageMap.selectTableCount  - ==&gt;  Preparing: select count(*) from ACT_ID_MEMBERSHIP 
10:45:10,869 [main] DEBUG org.activiti.engine.impl.TablePageMap.selectTableCount  - ==&gt; Parameters: 
10:45:10,869 [main] DEBUG org.activiti.engine.impl.TablePageMap.selectTableCount  - &lt;==      Total: 1
10:45:10,869 [main] DEBUG org.activiti.engine.impl.persistence.entity.TableDataManager  - selecting table count for ACT_ID_USER
10:45:10,869 [main] DEBUG org.activiti.engine.impl.TablePageMap.selectTableCount  - ==&gt;  Preparing: select count(*) from ACT_ID_USER 
10:45:10,869 [main] DEBUG org.activiti.engine.impl.TablePageMap.selectTableCount  - ==&gt; Parameters: 
10:45:10,869 [main] DEBUG org.activiti.engine.impl.TablePageMap.selectTableCount  - &lt;==      Total: 1
10:45:10,869 [main] DEBUG org.activiti.engine.impl.persistence.entity.TableDataManager  - selecting table count for ACT_PROCDEF_INFO
10:45:10,869 [main] DEBUG org.activiti.engine.impl.TablePageMap.selectTableCount  - ==&gt;  Preparing: select count(*) from ACT_PROCDEF_INFO 
10:45:10,869 [main] DEBUG org.activiti.engine.impl.TablePageMap.selectTableCount  - ==&gt; Parameters: 
10:45:10,869 [main] DEBUG org.activiti.engine.impl.TablePageMap.selectTableCount  - &lt;==      Total: 1
10:45:10,869 [main] DEBUG org.activiti.engine.impl.persistence.entity.TableDataManager  - selecting table count for ACT_RE_DEPLOYMENT
10:45:10,869 [main] DEBUG org.activiti.engine.impl.TablePageMap.selectTableCount  - ==&gt;  Preparing: select count(*) from ACT_RE_DEPLOYMENT 
10:45:10,870 [main] DEBUG org.activiti.engine.impl.TablePageMap.selectTableCount  - ==&gt; Parameters: 
10:45:10,870 [main] DEBUG org.activiti.engine.impl.TablePageMap.selectTableCount  - &lt;==      Total: 1
10:45:10,870 [main] DEBUG org.activiti.engine.impl.persistence.entity.TableDataManager  - selecting table count for ACT_RE_MODEL
10:45:10,870 [main] DEBUG org.activiti.engine.impl.TablePageMap.selectTableCount  - ==&gt;  Preparing: select count(*) from ACT_RE_MODEL 
10:45:10,870 [main] DEBUG org.activiti.engine.impl.TablePageMap.selectTableCount  - ==&gt; Parameters: 
10:45:10,870 [main] DEBUG org.activiti.engine.impl.TablePageMap.selectTableCount  - &lt;==      Total: 1
10:45:10,870 [main] DEBUG org.activiti.engine.impl.persistence.entity.TableDataManager  - selecting table count for ACT_RE_PROCDEF
10:45:10,870 [main] DEBUG org.activiti.engine.impl.TablePageMap.selectTableCount  - ==&gt;  Preparing: select count(*) from ACT_RE_PROCDEF 
10:45:10,870 [main] DEBUG org.activiti.engine.impl.TablePageMap.selectTableCount  - ==&gt; Parameters: 
10:45:10,870 [main] DEBUG org.activiti.engine.impl.TablePageMap.selectTableCount  - &lt;==      Total: 1
10:45:10,870 [main] DEBUG org.activiti.engine.impl.persistence.entity.TableDataManager  - selecting table count for ACT_RU_EVENT_SUBSCR
10:45:10,870 [main] DEBUG org.activiti.engine.impl.TablePageMap.selectTableCount  - ==&gt;  Preparing: select count(*) from ACT_RU_EVENT_SUBSCR 
10:45:10,870 [main] DEBUG org.activiti.engine.impl.TablePageMap.selectTableCount  - ==&gt; Parameters: 
10:45:10,870 [main] DEBUG org.activiti.engine.impl.TablePageMap.selectTableCount  - &lt;==      Total: 1
10:45:10,870 [main] DEBUG org.activiti.engine.impl.persistence.entity.TableDataManager  - selecting table count for ACT_RU_EXECUTION
10:45:10,870 [main] DEBUG org.activiti.engine.impl.TablePageMap.selectTableCount  - ==&gt;  Preparing: select count(*) from ACT_RU_EXECUTION 
10:45:10,870 [main] DEBUG org.activiti.engine.impl.TablePageMap.selectTableCount  - ==&gt; Parameters: 
10:45:10,870 [main] DEBUG org.activiti.engine.impl.TablePageMap.selectTableCount  - &lt;==      Total: 1
10:45:10,870 [main] DEBUG org.activiti.engine.impl.persistence.entity.TableDataManager  - selecting table count for ACT_RU_IDENTITYLINK
10:45:10,870 [main] DEBUG org.activiti.engine.impl.TablePageMap.selectTableCount  - ==&gt;  Preparing: select count(*) from ACT_RU_IDENTITYLINK 
10:45:10,870 [main] DEBUG org.activiti.engine.impl.TablePageMap.selectTableCount  - ==&gt; Parameters: 
10:45:10,870 [main] DEBUG org.activiti.engine.impl.TablePageMap.selectTableCount  - &lt;==      Total: 1
10:45:10,870 [main] DEBUG org.activiti.engine.impl.persistence.entity.TableDataManager  - selecting table count for ACT_RU_JOB
10:45:10,870 [main] DEBUG org.activiti.engine.impl.TablePageMap.selectTableCount  - ==&gt;  Preparing: select count(*) from ACT_RU_JOB 
10:45:10,870 [main] DEBUG org.activiti.engine.impl.TablePageMap.selectTableCount  - ==&gt; Parameters: 
10:45:10,870 [main] DEBUG org.activiti.engine.impl.TablePageMap.selectTableCount  - &lt;==      Total: 1
10:45:10,870 [main] DEBUG org.activiti.engine.impl.persistence.entity.TableDataManager  - selecting table count for ACT_RU_TASK
10:45:10,870 [main] DEBUG org.activiti.engine.impl.TablePageMap.selectTableCount  - ==&gt;  Preparing: select count(*) from ACT_RU_TASK 
10:45:10,870 [main] DEBUG org.activiti.engine.impl.TablePageMap.selectTableCount  - ==&gt; Parameters: 
10:45:10,870 [main] DEBUG org.activiti.engine.impl.TablePageMap.selectTableCount  - &lt;==      Total: 1
10:45:10,870 [main] DEBUG org.activiti.engine.impl.persistence.entity.TableDataManager  - selecting table count for ACT_RU_VARIABLE
10:45:10,870 [main] DEBUG org.activiti.engine.impl.TablePageMap.selectTableCount  - ==&gt;  Preparing: select count(*) from ACT_RU_VARIABLE 
10:45:10,870 [main] DEBUG org.activiti.engine.impl.TablePageMap.selectTableCount  - ==&gt; Parameters: 
10:45:10,870 [main] DEBUG org.activiti.engine.impl.TablePageMap.selectTableCount  - &lt;==      Total: 1
10:45:10,870 [main] DEBUG org.activiti.engine.impl.persistence.entity.TableDataManager  - Number of rows per activiti table: {ACT_RU_EVENT_SUBSCR=0, ACT_ID_USER=0, ACT_HI_ATTACHMENT=0, ACT_GE_BYTEARRAY=0, ACT_RE_MODEL=0, ACT_RU_VARIABLE=0, ACT_RU_TASK=10, ACT_RE_DEPLOYMENT=0, ACT_RE_PROCDEF=0, ACT_ID_GROUP=0, ACT_HI_VARINST=0, ACT_HI_COMMENT=10, ACT_HI_PROCINST=0, ACT_ID_INFO=0, ACT_ID_MEMBERSHIP=0, ACT_RU_JOB=0, ACT_PROCDEF_INFO=0, ACT_HI_ACTINST=0, ACT_RU_EXECUTION=0, ACT_HI_TASKINST=10, ACT_HI_DETAIL=0, ACT_EVT_LOG=0, ACT_HI_IDENTITYLINK=3, ACT_RU_IDENTITYLINK=3, ACT_GE_PROPERTY=3}
10:45:10,870 [main] DEBUG org.activiti.engine.impl.db.DbSqlSession  - flush summary: 0 insert, 0 update, 0 delete.
10:45:10,870 [main] DEBUG org.activiti.engine.impl.db.DbSqlSession  - now executing flush...
10:45:10,870 [main] DEBUG org.activiti.engine.impl.cfg.standalone.StandaloneMybatisTransactionContext  - firing event committing...
10:45:10,870 [main] DEBUG org.activiti.engine.impl.cfg.standalone.StandaloneMybatisTransactionContext  - committing the ibatis sql session...
10:45:10,870 [main] DEBUG org.activiti.engine.impl.cfg.standalone.StandaloneMybatisTransactionContext  - firing event committed...
10:45:10,870 [main] DEBUG org.apache.ibatis.transaction.jdbc.JdbcTransaction  - Resetting autocommit to true on JDBC Connection [conn2: url=jdbc:h2:mem:activiti user=SA]
10:45:10,870 [main] DEBUG org.apache.ibatis.transaction.jdbc.JdbcTransaction  - Closing JDBC Connection [conn2: url=jdbc:h2:mem:activiti user=SA]
10:45:10,870 [main] DEBUG org.apache.ibatis.datasource.pooled.PooledDataSource  - Returned connection 363509958 to pool.
10:45:10,870 [main] DEBUG org.activiti.engine.impl.interceptor.LogInterceptor  - --- GetTableCountCmd finished --------------------------------------------------------
10:45:10,870 [main] DEBUG org.activiti.engine.impl.interceptor.LogInterceptor  - 

10:45:10,870 [main] ERROR org.activiti.engine.impl.test.PvmTestCase  - 

10:45:10,870 [main] ERROR org.activiti.engine.impl.test.PvmTestCase  - DB NOT CLEAN: 
  ACT_RU_TASK: 10 record(s)   ACT_HI_COMMENT: 10 record(s)   ACT_HI_TASKINST: 10 record(s)   ACT_HI_IDENTITYLINK: 3 record(s)   ACT_RU_IDENTITYLINK: 3 record(s) 
10:45:10,870 [main] INFO  org.activiti.engine.impl.test.PvmTestCase  - dropping and recreating db
10:45:10,870 [main] DEBUG org.activiti.engine.impl.interceptor.LogInterceptor  - 

10:45:10,870 [main] DEBUG org.activiti.engine.impl.interceptor.LogInterceptor  - --- starting  --------------------------------------------------------
10:45:10,870 [main] INFO  org.activiti.engine.impl.db.DbSqlSession  - performing drop on engine with resource org/activiti/db/drop/activiti.h2.drop.engine.sql
10:45:10,870 [main] DEBUG org.apache.ibatis.transaction.jdbc.JdbcTransaction  - Opening JDBC Connection
10:45:10,870 [main] DEBUG org.apache.ibatis.datasource.pooled.PooledDataSource  - Checked out connection 297240765 from pool.
10:45:10,870 [main] DEBUG org.apache.ibatis.transaction.jdbc.JdbcTransaction  - Setting autocommit to false on JDBC Connection [conn4: url=jdbc:h2:mem:activiti user=SA]
10:45:10,870 [main] DEBUG org.activiti.engine.impl.db.DbSqlSession  - SQL: drop table if exists ACT_GE_PROPERTY cascade constraints
10:45:10,870 [main] DEBUG org.activiti.engine.impl.db.DbSqlSession  - SQL: drop table if exists ACT_GE_BYTEARRAY cascade constraints
10:45:10,870 [main] DEBUG org.activiti.engine.impl.db.DbSqlSession  - SQL: drop table if exists ACT_RE_DEPLOYMENT cascade constraints
10:45:10,870 [main] DEBUG org.activiti.engine.impl.db.DbSqlSession  - SQL: drop table if exists ACT_RE_MODEL cascade constraints
10:45:10,870 [main] DEBUG org.activiti.engine.impl.db.DbSqlSession  - SQL: drop table if exists ACT_RU_EXECUTION cascade constraints
10:45:10,870 [main] DEBUG org.activiti.engine.impl.db.DbSqlSession  - SQL: drop table if exists ACT_RU_JOB cascade constraints
10:45:10,870 [main] DEBUG org.activiti.engine.impl.db.DbSqlSession  - SQL: drop table if exists ACT_RE_PROCDEF cascade constraints
10:45:10,870 [main] DEBUG org.activiti.engine.impl.db.DbSqlSession  - SQL: drop table if exists ACT_RU_TASK cascade constraints
10:45:10,870 [main] DEBUG org.activiti.engine.impl.db.DbSqlSession  - SQL: drop table if exists ACT_RU_IDENTITYLINK cascade constraints
10:45:10,870 [main] DEBUG org.activiti.engine.impl.db.DbSqlSession  - SQL: drop table if exists ACT_RU_VARIABLE cascade constraints
10:45:10,870 [main] DEBUG org.activiti.engine.impl.db.DbSqlSession  - SQL: drop table if exists ACT_RU_EVENT_SUBSCR cascade constraints
10:45:10,870 [main] DEBUG org.activiti.engine.impl.db.DbSqlSession  - SQL: drop table if exists ACT_EVT_LOG cascade constraints
10:45:10,870 [main] DEBUG org.activiti.engine.impl.db.DbSqlSession  - SQL: drop table if exists ACT_PROCDEF_INFO cascade constraints
10:45:10,870 [main] DEBUG org.activiti.engine.impl.db.DbSqlSession  - SQL: drop index if exists ACT_IDX_EXEC_BUSKEY
10:45:10,870 [main] DEBUG org.activiti.engine.impl.db.DbSqlSession  - SQL: drop index if exists ACT_IDX_TASK_CREATE
10:45:10,870 [main] DEBUG org.activiti.engine.impl.db.DbSqlSession  - SQL: drop index if exists ACT_IDX_IDENT_LNK_USER
10:45:10,870 [main] DEBUG org.activiti.engine.impl.db.DbSqlSession  - SQL: drop index if exists ACT_IDX_IDENT_LNK_GROUP
10:45:10,870 [main] DEBUG org.activiti.engine.impl.db.DbSqlSession  - SQL: drop index if exists ACT_IDX_VARIABLE_TASK_ID
10:45:10,870 [main] DEBUG org.activiti.engine.impl.db.DbSqlSession  - SQL: drop index if exists ACT_IDX_EVENT_SUBSCR_CONFIG_
10:45:10,870 [main] DEBUG org.activiti.engine.impl.db.DbSqlSession  - SQL: drop index if exists ACT_IDX_ATHRZ_PROCEDEF
10:45:10,870 [main] DEBUG org.activiti.engine.impl.db.DbSqlSession  - SQL: drop index if exists ACT_IDX_INFO_PROCDEF
10:45:10,870 [main] DEBUG org.activiti.engine.impl.db.DbSqlSession  - activiti db schema drop for component engine successful
10:45:10,871 [main] INFO  org.activiti.engine.impl.db.DbSqlSession  - performing drop on history with resource org/activiti/db/drop/activiti.h2.drop.history.sql
10:45:10,871 [main] DEBUG org.activiti.engine.impl.db.DbSqlSession  - SQL: drop table if exists ACT_HI_PROCINST cascade constraints
10:45:10,871 [main] DEBUG org.activiti.engine.impl.db.DbSqlSession  - SQL: drop table if exists ACT_HI_ACTINST cascade constraints
10:45:10,871 [main] DEBUG org.activiti.engine.impl.db.DbSqlSession  - SQL: drop table if exists ACT_HI_VARINST cascade constraints
10:45:10,871 [main] DEBUG org.activiti.engine.impl.db.DbSqlSession  - SQL: drop table if exists ACT_HI_TASKINST cascade constraints
10:45:10,871 [main] DEBUG org.activiti.engine.impl.db.DbSqlSession  - SQL: drop table if exists ACT_HI_DETAIL cascade constraints
10:45:10,871 [main] DEBUG org.activiti.engine.impl.db.DbSqlSession  - SQL: drop table if exists ACT_HI_COMMENT cascade constraints
10:45:10,871 [main] DEBUG org.activiti.engine.impl.db.DbSqlSession  - SQL: drop table if exists ACT_HI_ATTACHMENT cascade constraints
10:45:10,871 [main] DEBUG org.activiti.engine.impl.db.DbSqlSession  - SQL: drop table if exists ACT_HI_IDENTITYLINK cascade constraints
10:45:10,871 [main] DEBUG org.activiti.engine.impl.db.DbSqlSession  - SQL: drop index if exists ACT_IDX_HI_PRO_INST_END
10:45:10,871 [main] DEBUG org.activiti.engine.impl.db.DbSqlSession  - SQL: drop index if exists ACT_IDX_HI_PRO_I_BUSKEY
10:45:10,871 [main] DEBUG org.activiti.engine.impl.db.DbSqlSession  - SQL: drop index if exists ACT_IDX_HI_ACT_INST_START
10:45:10,871 [main] DEBUG org.activiti.engine.impl.db.DbSqlSession  - SQL: drop index if exists ACT_IDX_HI_ACT_INST_END
10:45:10,871 [main] DEBUG org.activiti.engine.impl.db.DbSqlSession  - SQL: drop index if exists ACT_IDX_HI_DETAIL_PROC_INST
10:45:10,871 [main] DEBUG org.activiti.engine.impl.db.DbSqlSession  - SQL: drop index if exists ACT_IDX_HI_DETAIL_ACT_INST
10:45:10,871 [main] DEBUG org.activiti.engine.impl.db.DbSqlSession  - SQL: drop index if exists ACT_IDX_HI_DETAIL_TIME
10:45:10,871 [main] DEBUG org.activiti.engine.impl.db.DbSqlSession  - SQL: drop index if exists ACT_IDX_HI_DETAIL_NAME
10:45:10,871 [main] DEBUG org.activiti.engine.impl.db.DbSqlSession  - SQL: drop index if exists ACT_IDX_HI_DETAIL_TASK_ID
10:45:10,871 [main] DEBUG org.activiti.engine.impl.db.DbSqlSession  - SQL: drop index if exists ACT_IDX_HI_PROCVAR_PROC_INST
10:45:10,871 [main] DEBUG org.activiti.engine.impl.db.DbSqlSession  - SQL: drop index if exists ACT_IDX_HI_PROCVAR_NAME_TYPE
10:45:10,871 [main] DEBUG org.activiti.engine.impl.db.DbSqlSession  - SQL: drop index if exists ACT_IDX_HI_ACT_INST_PROCINST
10:45:10,871 [main] DEBUG org.activiti.engine.impl.db.DbSqlSession  - SQL: drop index if exists ACT_IDX_HI_IDENT_LNK_USER
10:45:10,871 [main] DEBUG org.activiti.engine.impl.db.DbSqlSession  - SQL: drop index if exists ACT_IDX_HI_IDENT_LNK_TASK
10:45:10,871 [main] DEBUG org.activiti.engine.impl.db.DbSqlSession  - SQL: drop index if exists ACT_IDX_HI_IDENT_LNK_PROCINST
10:45:10,871 [main] DEBUG org.activiti.engine.impl.db.DbSqlSession  - SQL: drop index if exists ACT_IDX_HI_TASK_INST_PROCINST
10:45:10,871 [main] DEBUG org.activiti.engine.impl.db.DbSqlSession  - activiti db schema drop for component history successful
10:45:10,871 [main] INFO  org.activiti.engine.impl.db.DbSqlSession  - performing drop on identity with resource org/activiti/db/drop/activiti.h2.drop.identity.sql
10:45:10,871 [main] DEBUG org.activiti.engine.impl.db.DbSqlSession  - SQL: drop table if exists ACT_ID_INFO cascade constraints
10:45:10,871 [main] DEBUG org.activiti.engine.impl.db.DbSqlSession  - SQL: drop table if exists ACT_ID_GROUP cascade constraints
10:45:10,871 [main] DEBUG org.activiti.engine.impl.db.DbSqlSession  - SQL: drop table if exists ACT_ID_MEMBERSHIP cascade constraints
10:45:10,871 [main] DEBUG org.activiti.engine.impl.db.DbSqlSession  - SQL: drop table if exists ACT_ID_USER cascade constraints
10:45:10,871 [main] DEBUG org.activiti.engine.impl.db.DbSqlSession  - activiti db schema drop for component identity successful
10:45:10,871 [main] INFO  org.activiti.engine.impl.db.DbSqlSession  - performing create on engine with resource org/activiti/db/create/activiti.h2.create.engine.sql
10:45:10,871 [main] DEBUG org.activiti.engine.impl.db.DbSqlSession  - SQL: create table ACT_GE_PROPERTY ( 
NAME_ varchar(64), 
VALUE_ varchar(300), 
REV_ integer, 
primary key (NAME_) 
)
10:45:10,871 [main] DEBUG org.activiti.engine.impl.db.DbSqlSession  - SQL: insert into ACT_GE_PROPERTY 
values (&apos;schema.version&apos;, &apos;5.20.0.0&apos;, 1)
10:45:10,871 [main] DEBUG org.activiti.engine.impl.db.DbSqlSession  - SQL: insert into ACT_GE_PROPERTY 
values (&apos;schema.history&apos;, &apos;create(5.20.0.0)&apos;, 1)
10:45:10,871 [main] DEBUG org.activiti.engine.impl.db.DbSqlSession  - SQL: insert into ACT_GE_PROPERTY 
values (&apos;next.dbid&apos;, &apos;1&apos;, 1)
10:45:10,871 [main] DEBUG org.activiti.engine.impl.db.DbSqlSession  - SQL: create table ACT_GE_BYTEARRAY ( 
ID_ varchar(64), 
REV_ integer, 
NAME_ varchar(255), 
DEPLOYMENT_ID_ varchar(64), 
BYTES_ longvarbinary, 
GENERATED_ bit, 
primary key (ID_) 
)
10:45:10,871 [main] DEBUG org.activiti.engine.impl.db.DbSqlSession  - SQL: create table ACT_RE_DEPLOYMENT ( 
ID_ varchar(64), 
NAME_ varchar(255), 
CATEGORY_ varchar(255), 
TENANT_ID_ varchar(255) default &apos;&apos;, 
DEPLOY_TIME_ timestamp, 
primary key (ID_) 
)
10:45:10,871 [main] DEBUG org.activiti.engine.impl.db.DbSqlSession  - SQL: create table ACT_RE_MODEL ( 
ID_ varchar(64) not null, 
REV_ integer, 
NAME_ varchar(255), 
KEY_ varchar(255), 
CATEGORY_ varchar(255), 
CREATE_TIME_ timestamp, 
LAST_UPDATE_TIME_ timestamp, 
VERSION_ integer, 
META_INFO_ varchar(4000), 
DEPLOYMENT_ID_ varchar(64), 
EDITOR_SOURCE_VALUE_ID_ varchar(64), 
EDITOR_SOURCE_EXTRA_VALUE_ID_ varchar(64), 
TENANT_ID_ varchar(255) default &apos;&apos;, 
primary key (ID_) 
)
10:45:10,871 [main] DEBUG org.activiti.engine.impl.db.DbSqlSession  - SQL: create table ACT_RU_EXECUTION ( 
ID_ varchar(64), 
REV_ integer, 
PROC_INST_ID_ varchar(64), 
BUSINESS_KEY_ varchar(255), 
PARENT_ID_ varchar(64), 
PROC_DEF_ID_ varchar(64), 
SUPER_EXEC_ varchar(64), 
ACT_ID_ varchar(255), 
IS_ACTIVE_ bit, 
IS_CONCURRENT_ bit, 
IS_SCOPE_ bit, 
IS_EVENT_SCOPE_ bit, 
SUSPENSION_STATE_ integer, 
CACHED_ENT_STATE_ integer, 
TENANT_ID_ varchar(255) default &apos;&apos;, 
NAME_ varchar(255), 
LOCK_TIME_ timestamp, 
primary key (ID_) 
)
10:45:10,871 [main] DEBUG org.activiti.engine.impl.db.DbSqlSession  - SQL: create table ACT_RU_JOB ( 
ID_ varchar(64) NOT NULL, 
REV_ integer, 
TYPE_ varchar(255) NOT NULL, 
LOCK_EXP_TIME_ timestamp, 
LOCK_OWNER_ varchar(255), 
EXCLUSIVE_ boolean, 
EXECUTION_ID_ varchar(64), 
PROCESS_INSTANCE_ID_ varchar(64), 
PROC_DEF_ID_ varchar(64), 
RETRIES_ integer, 
EXCEPTION_STACK_ID_ varchar(64), 
EXCEPTION_MSG_ varchar(4000), 
DUEDATE_ timestamp, 
REPEAT_ varchar(255), 
HANDLER_TYPE_ varchar(255), 
HANDLER_CFG_ varchar(4000), 
TENANT_ID_ varchar(255) default &apos;&apos;, 
primary key (ID_) 
)
10:45:10,871 [main] DEBUG org.activiti.engine.impl.db.DbSqlSession  - SQL: create table ACT_RE_PROCDEF ( 
ID_ varchar(64) NOT NULL, 
REV_ integer, 
CATEGORY_ varchar(255), 
NAME_ varchar(255), 
KEY_ varchar(255) NOT NULL, 
VERSION_ integer NOT NULL, 
DEPLOYMENT_ID_ varchar(64), 
RESOURCE_NAME_ varchar(4000), 
DGRM_RESOURCE_NAME_ varchar(4000), 
DESCRIPTION_ varchar(4000), 
HAS_START_FORM_KEY_ bit, 
HAS_GRAPHICAL_NOTATION_ bit, 
SUSPENSION_STATE_ integer, 
TENANT_ID_ varchar(255) default &apos;&apos;, 
primary key (ID_) 
)
10:45:10,871 [main] DEBUG org.activiti.engine.impl.db.DbSqlSession  - SQL: create table ACT_RU_TASK ( 
ID_ varchar(64), 
REV_ integer, 
EXECUTION_ID_ varchar(64), 
PROC_INST_ID_ varchar(64), 
PROC_DEF_ID_ varchar(64), 
NAME_ varchar(255), 
PARENT_TASK_ID_ varchar(64), 
DESCRIPTION_ varchar(4000), 
TASK_DEF_KEY_ varchar(255), 
OWNER_ varchar(255), 
ASSIGNEE_ varchar(255), 
DELEGATION_ varchar(64), 
PRIORITY_ integer, 
CREATE_TIME_ timestamp, 
DUE_DATE_ timestamp, 
CATEGORY_ varchar(255), 
SUSPENSION_STATE_ integer, 
TENANT_ID_ varchar(255) default &apos;&apos;, 
FORM_KEY_ varchar(255), 
primary key (ID_) 
)
10:45:10,872 [main] DEBUG org.activiti.engine.impl.db.DbSqlSession  - SQL: create table ACT_RU_IDENTITYLINK ( 
ID_ varchar(64), 
REV_ integer, 
GROUP_ID_ varchar(255), 
TYPE_ varchar(255), 
USER_ID_ varchar(255), 
TASK_ID_ varchar(64), 
PROC_INST_ID_ varchar(64) null, 
PROC_DEF_ID_ varchar(64), 
primary key (ID_) 
)
10:45:10,872 [main] DEBUG org.activiti.engine.impl.db.DbSqlSession  - SQL: create table ACT_RU_VARIABLE ( 
ID_ varchar(64) not null, 
REV_ integer, 
TYPE_ varchar(255) not null, 
NAME_ varchar(255) not null, 
EXECUTION_ID_ varchar(64), 
PROC_INST_ID_ varchar(64), 
TASK_ID_ varchar(64), 
BYTEARRAY_ID_ varchar(64), 
DOUBLE_ double, 
LONG_ bigint, 
TEXT_ varchar(4000), 
TEXT2_ varchar(4000), 
primary key (ID_) 
)
10:45:10,872 [main] DEBUG org.activiti.engine.impl.db.DbSqlSession  - SQL: create table ACT_RU_EVENT_SUBSCR ( 
ID_ varchar(64) not null, 
REV_ integer, 
EVENT_TYPE_ varchar(255) not null, 
EVENT_NAME_ varchar(255), 
EXECUTION_ID_ varchar(64), 
PROC_INST_ID_ varchar(64), 
ACTIVITY_ID_ varchar(64), 
CONFIGURATION_ varchar(255), 
CREATED_ timestamp not null, 
PROC_DEF_ID_ varchar(64), 
TENANT_ID_ varchar(255) default &apos;&apos;, 
primary key (ID_) 
)
10:45:10,872 [main] DEBUG org.activiti.engine.impl.db.DbSqlSession  - SQL: create table ACT_EVT_LOG ( 
LOG_NR_ identity, 
TYPE_ varchar(64), 
PROC_DEF_ID_ varchar(64), 
PROC_INST_ID_ varchar(64), 
EXECUTION_ID_ varchar(64), 
TASK_ID_ varchar(64), 
TIME_STAMP_ timestamp not null, 
USER_ID_ varchar(255), 
DATA_ longvarbinary, 
LOCK_OWNER_ varchar(255), 
LOCK_TIME_ timestamp, 
IS_PROCESSED_ bit default 0 
)
10:45:10,872 [main] DEBUG org.activiti.engine.impl.db.DbSqlSession  - SQL: create table ACT_PROCDEF_INFO ( 
ID_ varchar(64) not null, 
PROC_DEF_ID_ varchar(64) not null, 
REV_ integer, 
INFO_JSON_ID_ varchar(64), 
primary key (ID_) 
)
10:45:10,872 [main] DEBUG org.activiti.engine.impl.db.DbSqlSession  - SQL: create index ACT_IDX_EXEC_BUSKEY on ACT_RU_EXECUTION(BUSINESS_KEY_)
10:45:10,872 [main] DEBUG org.activiti.engine.impl.db.DbSqlSession  - SQL: create index ACT_IDX_TASK_CREATE on ACT_RU_TASK(CREATE_TIME_)
10:45:10,872 [main] DEBUG org.activiti.engine.impl.db.DbSqlSession  - SQL: create index ACT_IDX_IDENT_LNK_USER on ACT_RU_IDENTITYLINK(USER_ID_)
10:45:10,872 [main] DEBUG org.activiti.engine.impl.db.DbSqlSession  - SQL: create index ACT_IDX_IDENT_LNK_GROUP on ACT_RU_IDENTITYLINK(GROUP_ID_)
10:45:10,872 [main] DEBUG org.activiti.engine.impl.db.DbSqlSession  - SQL: create index ACT_IDX_EVENT_SUBSCR_CONFIG_ on ACT_RU_EVENT_SUBSCR(CONFIGURATION_)
10:45:10,872 [main] DEBUG org.activiti.engine.impl.db.DbSqlSession  - SQL: create index ACT_IDX_VARIABLE_TASK_ID on ACT_RU_VARIABLE(TASK_ID_)
10:45:10,872 [main] DEBUG org.activiti.engine.impl.db.DbSqlSession  - SQL: create index ACT_IDX_ATHRZ_PROCEDEF on ACT_RU_IDENTITYLINK(PROC_DEF_ID_)
10:45:10,872 [main] DEBUG org.activiti.engine.impl.db.DbSqlSession  - SQL: create index ACT_IDX_INFO_PROCDEF on ACT_PROCDEF_INFO(PROC_DEF_ID_)
10:45:10,872 [main] DEBUG org.activiti.engine.impl.db.DbSqlSession  - SQL: alter table ACT_GE_BYTEARRAY 
add constraint ACT_FK_BYTEARR_DEPL 
foreign key (DEPLOYMENT_ID_) 
references ACT_RE_DEPLOYMENT
10:45:10,872 [main] DEBUG org.activiti.engine.impl.db.DbSqlSession  - SQL: alter table ACT_RE_PROCDEF 
add constraint ACT_UNIQ_PROCDEF 
unique (KEY_,VERSION_, TENANT_ID_)
10:45:10,872 [main] DEBUG org.activiti.engine.impl.db.DbSqlSession  - SQL: alter table ACT_RU_EXECUTION 
add constraint ACT_FK_EXE_PROCINST 
foreign key (PROC_INST_ID_) 
references ACT_RU_EXECUTION
10:45:10,872 [main] DEBUG org.activiti.engine.impl.db.DbSqlSession  - SQL: alter table ACT_RU_EXECUTION 
add constraint ACT_FK_EXE_PARENT 
foreign key (PARENT_ID_) 
references ACT_RU_EXECUTION
10:45:10,872 [main] DEBUG org.activiti.engine.impl.db.DbSqlSession  - SQL: alter table ACT_RU_EXECUTION 
add constraint ACT_FK_EXE_SUPER 
foreign key (SUPER_EXEC_) 
references ACT_RU_EXECUTION
10:45:10,872 [main] DEBUG org.activiti.engine.impl.db.DbSqlSession  - SQL: alter table ACT_RU_EXECUTION 
add constraint ACT_FK_EXE_PROCDEF 
foreign key (PROC_DEF_ID_) 
references ACT_RE_PROCDEF (ID_)
10:45:10,872 [main] DEBUG org.activiti.engine.impl.db.DbSqlSession  - SQL: alter table ACT_RU_IDENTITYLINK 
add constraint ACT_FK_TSKASS_TASK 
foreign key (TASK_ID_) 
references ACT_RU_TASK
10:45:10,872 [main] DEBUG org.activiti.engine.impl.db.DbSqlSession  - SQL: alter table ACT_RU_IDENTITYLINK 
add constraint ACT_FK_ATHRZ_PROCEDEF 
foreign key (PROC_DEF_ID_) 
references ACT_RE_PROCDEF
10:45:10,872 [main] DEBUG org.activiti.engine.impl.db.DbSqlSession  - SQL: alter table ACT_RU_IDENTITYLINK 
add constraint ACT_FK_IDL_PROCINST 
foreign key (PROC_INST_ID_) 
references ACT_RU_EXECUTION (ID_)
10:45:10,872 [main] DEBUG org.activiti.engine.impl.db.DbSqlSession  - SQL: alter table ACT_RU_TASK 
add constraint ACT_FK_TASK_EXE 
foreign key (EXECUTION_ID_) 
references ACT_RU_EXECUTION
10:45:10,872 [main] DEBUG org.activiti.engine.impl.db.DbSqlSession  - SQL: alter table ACT_RU_TASK 
add constraint ACT_FK_TASK_PROCINST 
foreign key (PROC_INST_ID_) 
references ACT_RU_EXECUTION
10:45:10,872 [main] DEBUG org.activiti.engine.impl.db.DbSqlSession  - SQL: alter table ACT_RU_TASK 
add constraint ACT_FK_TASK_PROCDEF 
foreign key (PROC_DEF_ID_) 
references ACT_RE_PROCDEF
10:45:10,872 [main] DEBUG org.activiti.engine.impl.db.DbSqlSession  - SQL: alter table ACT_RU_VARIABLE 
add constraint ACT_FK_VAR_EXE 
foreign key (EXECUTION_ID_) 
references ACT_RU_EXECUTION
10:45:10,872 [main] DEBUG org.activiti.engine.impl.db.DbSqlSession  - SQL: alter table ACT_RU_VARIABLE 
add constraint ACT_FK_VAR_PROCINST 
foreign key (PROC_INST_ID_) 
references ACT_RU_EXECUTION
10:45:10,873 [main] DEBUG org.activiti.engine.impl.db.DbSqlSession  - SQL: alter table ACT_RU_VARIABLE 
add constraint ACT_FK_VAR_BYTEARRAY 
foreign key (BYTEARRAY_ID_) 
references ACT_GE_BYTEARRAY
10:45:10,873 [main] DEBUG org.activiti.engine.impl.db.DbSqlSession  - SQL: alter table ACT_RU_JOB 
add constraint ACT_FK_JOB_EXCEPTION 
foreign key (EXCEPTION_STACK_ID_) 
references ACT_GE_BYTEARRAY
10:45:10,873 [main] DEBUG org.activiti.engine.impl.db.DbSqlSession  - SQL: alter table ACT_RU_EVENT_SUBSCR 
add constraint ACT_FK_EVENT_EXEC 
foreign key (EXECUTION_ID_) 
references ACT_RU_EXECUTION
10:45:10,873 [main] DEBUG org.activiti.engine.impl.db.DbSqlSession  - SQL: alter table ACT_RE_MODEL 
add constraint ACT_FK_MODEL_SOURCE 
foreign key (EDITOR_SOURCE_VALUE_ID_) 
references ACT_GE_BYTEARRAY (ID_)
10:45:10,873 [main] DEBUG org.activiti.engine.impl.db.DbSqlSession  - SQL: alter table ACT_RE_MODEL 
add constraint ACT_FK_MODEL_SOURCE_EXTRA 
foreign key (EDITOR_SOURCE_EXTRA_VALUE_ID_) 
references ACT_GE_BYTEARRAY (ID_)
10:45:10,873 [main] DEBUG org.activiti.engine.impl.db.DbSqlSession  - SQL: alter table ACT_RE_MODEL 
add constraint ACT_FK_MODEL_DEPLOYMENT 
foreign key (DEPLOYMENT_ID_) 
references ACT_RE_DEPLOYMENT (ID_)
10:45:10,873 [main] DEBUG org.activiti.engine.impl.db.DbSqlSession  - SQL: alter table ACT_PROCDEF_INFO 
add constraint ACT_FK_INFO_JSON_BA 
foreign key (INFO_JSON_ID_) 
references ACT_GE_BYTEARRAY (ID_)
10:45:10,873 [main] DEBUG org.activiti.engine.impl.db.DbSqlSession  - SQL: alter table ACT_PROCDEF_INFO 
add constraint ACT_FK_INFO_PROCDEF 
foreign key (PROC_DEF_ID_) 
references ACT_RE_PROCDEF (ID_)
10:45:10,873 [main] DEBUG org.activiti.engine.impl.db.DbSqlSession  - SQL: alter table ACT_PROCDEF_INFO 
add constraint ACT_UNIQ_INFO_PROCDEF 
unique (PROC_DEF_ID_)
10:45:10,873 [main] DEBUG org.activiti.engine.impl.db.DbSqlSession  - activiti db schema create for component engine successful
10:45:10,873 [main] INFO  org.activiti.engine.impl.db.DbSqlSession  - performing create on history with resource org/activiti/db/create/activiti.h2.create.history.sql
10:45:10,873 [main] DEBUG org.activiti.engine.impl.db.DbSqlSession  - SQL: create table ACT_HI_PROCINST ( 
ID_ varchar(64) not null, 
PROC_INST_ID_ varchar(64) not null, 
BUSINESS_KEY_ varchar(255), 
PROC_DEF_ID_ varchar(64) not null, 
START_TIME_ timestamp not null, 
END_TIME_ timestamp, 
DURATION_ bigint, 
START_USER_ID_ varchar(255), 
START_ACT_ID_ varchar(255), 
END_ACT_ID_ varchar(255), 
SUPER_PROCESS_INSTANCE_ID_ varchar(64), 
DELETE_REASON_ varchar(4000), 
TENANT_ID_ varchar(255) default &apos;&apos;, 
NAME_ varchar(255), 
primary key (ID_), 
unique (PROC_INST_ID_) 
)
10:45:10,873 [main] DEBUG org.activiti.engine.impl.db.DbSqlSession  - SQL: create table ACT_HI_ACTINST ( 
ID_ varchar(64) not null, 
PROC_DEF_ID_ varchar(64) not null, 
PROC_INST_ID_ varchar(64) not null, 
EXECUTION_ID_ varchar(64) not null, 
ACT_ID_ varchar(255) not null, 
TASK_ID_ varchar(64), 
CALL_PROC_INST_ID_ varchar(64), 
ACT_NAME_ varchar(255), 
ACT_TYPE_ varchar(255) not null, 
ASSIGNEE_ varchar(255), 
START_TIME_ timestamp not null, 
END_TIME_ timestamp, 
DURATION_ bigint, 
TENANT_ID_ varchar(255) default &apos;&apos;, 
primary key (ID_) 
)
10:45:10,873 [main] DEBUG org.activiti.engine.impl.db.DbSqlSession  - SQL: create table ACT_HI_TASKINST ( 
ID_ varchar(64) not null, 
PROC_DEF_ID_ varchar(64), 
TASK_DEF_KEY_ varchar(255), 
PROC_INST_ID_ varchar(64), 
EXECUTION_ID_ varchar(64), 
NAME_ varchar(255), 
PARENT_TASK_ID_ varchar(64), 
DESCRIPTION_ varchar(4000), 
OWNER_ varchar(255), 
ASSIGNEE_ varchar(255), 
START_TIME_ timestamp not null, 
CLAIM_TIME_ timestamp, 
END_TIME_ timestamp, 
DURATION_ bigint, 
DELETE_REASON_ varchar(4000), 
PRIORITY_ integer, 
DUE_DATE_ timestamp, 
FORM_KEY_ varchar(255), 
CATEGORY_ varchar(255), 
TENANT_ID_ varchar(255) default &apos;&apos;, 
primary key (ID_) 
)
10:45:10,873 [main] DEBUG org.activiti.engine.impl.db.DbSqlSession  - SQL: create table ACT_HI_VARINST ( 
ID_ varchar(64) not null, 
PROC_INST_ID_ varchar(64), 
EXECUTION_ID_ varchar(64), 
TASK_ID_ varchar(64), 
NAME_ varchar(255) not null, 
VAR_TYPE_ varchar(100), 
REV_ integer, 
BYTEARRAY_ID_ varchar(64), 
DOUBLE_ double, 
LONG_ bigint, 
TEXT_ varchar(4000), 
TEXT2_ varchar(4000), 
CREATE_TIME_ timestamp, 
LAST_UPDATED_TIME_ timestamp, 
primary key (ID_) 
)
10:45:10,873 [main] DEBUG org.activiti.engine.impl.db.DbSqlSession  - SQL: create table ACT_HI_DETAIL ( 
ID_ varchar(64) not null, 
TYPE_ varchar(255) not null, 
TIME_ timestamp not null, 
NAME_ varchar(255), 
PROC_INST_ID_ varchar(64), 
EXECUTION_ID_ varchar(64), 
TASK_ID_ varchar(64), 
ACT_INST_ID_ varchar(64), 
VAR_TYPE_ varchar(255), 
REV_ integer, 
BYTEARRAY_ID_ varchar(64), 
DOUBLE_ double, 
LONG_ bigint, 
TEXT_ varchar(4000), 
TEXT2_ varchar(4000), 
primary key (ID_) 
)
10:45:10,873 [main] DEBUG org.activiti.engine.impl.db.DbSqlSession  - SQL: create table ACT_HI_COMMENT ( 
ID_ varchar(64) not null, 
TYPE_ varchar(255), 
TIME_ timestamp not null, 
USER_ID_ varchar(255), 
TASK_ID_ varchar(64), 
PROC_INST_ID_ varchar(64), 
ACTION_ varchar(255), 
MESSAGE_ varchar(4000), 
FULL_MSG_ longvarbinary, 
primary key (ID_) 
)
10:45:10,873 [main] DEBUG org.activiti.engine.impl.db.DbSqlSession  - SQL: create table ACT_HI_ATTACHMENT ( 
ID_ varchar(64) not null, 
REV_ integer, 
USER_ID_ varchar(255), 
NAME_ varchar(255), 
DESCRIPTION_ varchar(4000), 
TYPE_ varchar(255), 
TASK_ID_ varchar(64), 
PROC_INST_ID_ varchar(64), 
URL_ varchar(4000), 
CONTENT_ID_ varchar(64), 
TIME_ timestamp, 
primary key (ID_) 
)
10:45:10,873 [main] DEBUG org.activiti.engine.impl.db.DbSqlSession  - SQL: create table ACT_HI_IDENTITYLINK ( 
ID_ varchar(64), 
GROUP_ID_ varchar(255), 
TYPE_ varchar(255), 
USER_ID_ varchar(255), 
TASK_ID_ varchar(64), 
PROC_INST_ID_ varchar(64) null, 
primary key (ID_) 
)
10:45:10,873 [main] DEBUG org.activiti.engine.impl.db.DbSqlSession  - SQL: create index ACT_IDX_HI_PRO_INST_END on ACT_HI_PROCINST(END_TIME_)
10:45:10,873 [main] DEBUG org.activiti.engine.impl.db.DbSqlSession  - SQL: create index ACT_IDX_HI_PRO_I_BUSKEY on ACT_HI_PROCINST(BUSINESS_KEY_)
10:45:10,873 [main] DEBUG org.activiti.engine.impl.db.DbSqlSession  - SQL: create index ACT_IDX_HI_ACT_INST_START on ACT_HI_ACTINST(START_TIME_)
10:45:10,873 [main] DEBUG org.activiti.engine.impl.db.DbSqlSession  - SQL: create index ACT_IDX_HI_ACT_INST_END on ACT_HI_ACTINST(END_TIME_)
10:45:10,873 [main] DEBUG org.activiti.engine.impl.db.DbSqlSession  - SQL: create index ACT_IDX_HI_DETAIL_PROC_INST on ACT_HI_DETAIL(PROC_INST_ID_)
10:45:10,873 [main] DEBUG org.activiti.engine.impl.db.DbSqlSession  - SQL: create index ACT_IDX_HI_DETAIL_ACT_INST on ACT_HI_DETAIL(ACT_INST_ID_)
10:45:10,873 [main] DEBUG org.activiti.engine.impl.db.DbSqlSession  - SQL: create index ACT_IDX_HI_DETAIL_TIME on ACT_HI_DETAIL(TIME_)
10:45:10,873 [main] DEBUG org.activiti.engine.impl.db.DbSqlSession  - SQL: create index ACT_IDX_HI_DETAIL_NAME on ACT_HI_DETAIL(NAME_)
10:45:10,873 [main] DEBUG org.activiti.engine.impl.db.DbSqlSession  - SQL: create index ACT_IDX_HI_DETAIL_TASK_ID on ACT_HI_DETAIL(TASK_ID_)
10:45:10,873 [main] DEBUG org.activiti.engine.impl.db.DbSqlSession  - SQL: create index ACT_IDX_HI_PROCVAR_PROC_INST on ACT_HI_VARINST(PROC_INST_ID_)
10:45:10,873 [main] DEBUG org.activiti.engine.impl.db.DbSqlSession  - SQL: create index ACT_IDX_HI_PROCVAR_NAME_TYPE on ACT_HI_VARINST(NAME_, VAR_TYPE_)
10:45:10,873 [main] DEBUG org.activiti.engine.impl.db.DbSqlSession  - SQL: create index ACT_IDX_HI_PROCVAR_TASK_ID on ACT_HI_VARINST(TASK_ID_)
10:45:10,873 [main] DEBUG org.activiti.engine.impl.db.DbSqlSession  - SQL: create index ACT_IDX_HI_ACT_INST_PROCINST on ACT_HI_ACTINST(PROC_INST_ID_, ACT_ID_)
10:45:10,873 [main] DEBUG org.activiti.engine.impl.db.DbSqlSession  - SQL: create index ACT_IDX_HI_IDENT_LNK_USER on ACT_HI_IDENTITYLINK(USER_ID_)
10:45:10,873 [main] DEBUG org.activiti.engine.impl.db.DbSqlSession  - SQL: create index ACT_IDX_HI_IDENT_LNK_TASK on ACT_HI_IDENTITYLINK(TASK_ID_)
10:45:10,873 [main] DEBUG org.activiti.engine.impl.db.DbSqlSession  - SQL: create index ACT_IDX_HI_IDENT_LNK_PROCINST on ACT_HI_IDENTITYLINK(PROC_INST_ID_)
10:45:10,873 [main] DEBUG org.activiti.engine.impl.db.DbSqlSession  - SQL: create index ACT_IDX_HI_ACT_INST_EXEC on ACT_HI_ACTINST(EXECUTION_ID_, ACT_ID_)
10:45:10,873 [main] DEBUG org.activiti.engine.impl.db.DbSqlSession  - SQL: create index ACT_IDX_HI_TASK_INST_PROCINST on ACT_HI_TASKINST(PROC_INST_ID_)
10:45:10,874 [main] DEBUG org.activiti.engine.impl.db.DbSqlSession  - activiti db schema create for component history successful
10:45:10,874 [main] INFO  org.activiti.engine.impl.db.DbSqlSession  - performing create on identity with resource org/activiti/db/create/activiti.h2.create.identity.sql
10:45:10,874 [main] DEBUG org.activiti.engine.impl.db.DbSqlSession  - SQL: create table ACT_ID_GROUP ( 
ID_ varchar(64), 
REV_ integer, 
NAME_ varchar(255), 
TYPE_ varchar(255), 
primary key (ID_) 
)
10:45:10,874 [main] DEBUG org.activiti.engine.impl.db.DbSqlSession  - SQL: create table ACT_ID_MEMBERSHIP ( 
USER_ID_ varchar(64), 
GROUP_ID_ varchar(64), 
primary key (USER_ID_, GROUP_ID_) 
)
10:45:10,874 [main] DEBUG org.activiti.engine.impl.db.DbSqlSession  - SQL: create table ACT_ID_USER ( 
ID_ varchar(64), 
REV_ integer, 
FIRST_ varchar(255), 
LAST_ varchar(255), 
EMAIL_ varchar(255), 
PWD_ varchar(255), 
PICTURE_ID_ varchar(64), 
primary key (ID_) 
)
10:45:10,874 [main] DEBUG org.activiti.engine.impl.db.DbSqlSession  - SQL: create table ACT_ID_INFO ( 
ID_ varchar(64), 
REV_ integer, 
USER_ID_ varchar(64), 
TYPE_ varchar(64), 
KEY_ varchar(255), 
VALUE_ varchar(255), 
PASSWORD_ longvarbinary, 
PARENT_ID_ varchar(255), 
primary key (ID_) 
)
10:45:10,874 [main] DEBUG org.activiti.engine.impl.db.DbSqlSession  - SQL: alter table ACT_ID_MEMBERSHIP 
add constraint ACT_FK_MEMB_GROUP 
foreign key (GROUP_ID_) 
references ACT_ID_GROUP
10:45:10,874 [main] DEBUG org.activiti.engine.impl.db.DbSqlSession  - SQL: alter table ACT_ID_MEMBERSHIP 
add constraint ACT_FK_MEMB_USER 
foreign key (USER_ID_) 
references ACT_ID_USER
10:45:10,874 [main] DEBUG org.activiti.engine.impl.db.DbSqlSession  - activiti db schema create for component identity successful
10:45:10,874 [main] DEBUG org.activiti.engine.impl.db.DbSqlSession  - flush summary: 0 insert, 0 update, 0 delete.
10:45:10,874 [main] DEBUG org.activiti.engine.impl.db.DbSqlSession  - now executing flush...
10:45:10,874 [main] DEBUG org.activiti.engine.impl.cfg.standalone.StandaloneMybatisTransactionContext  - firing event committing...
10:45:10,874 [main] DEBUG org.activiti.engine.impl.cfg.standalone.StandaloneMybatisTransactionContext  - committing the ibatis sql session...
10:45:10,874 [main] DEBUG org.activiti.engine.impl.cfg.standalone.StandaloneMybatisTransactionContext  - firing event committed...
10:45:10,874 [main] DEBUG org.apache.ibatis.transaction.jdbc.JdbcTransaction  - Resetting autocommit to true on JDBC Connection [conn4: url=jdbc:h2:mem:activiti user=SA]
10:45:10,874 [main] DEBUG org.apache.ibatis.transaction.jdbc.JdbcTransaction  - Closing JDBC Connection [conn4: url=jdbc:h2:mem:activiti user=SA]
10:45:10,874 [main] DEBUG org.apache.ibatis.datasource.pooled.PooledDataSource  - Returned connection 297240765 to pool.
10:45:10,874 [main] DEBUG org.activiti.engine.impl.interceptor.LogInterceptor  - ---  finished --------------------------------------------------------
10:45:10,874 [main] DEBUG org.activiti.engine.impl.interceptor.LogInterceptor  - 

</system-out>
  </testcase>
  <testcase classname="org.activiti.engine.test.api.task.SubTaskQueryTest" name="testQueryByAssigneeExcludeSubtasksPaginated" time="0.019">
    <error message="
### Error querying database.  Cause: org.h2.jdbc.JdbcSQLException: Syntax error in SQL statement &quot;SELECT DISTINCT RES.* 
       
    FROM ACT_RU_TASK RES
     
     
     
     
    
     
     
     
     WHERE  RES.ASSIGNEE_ = ? 
   
    
     ORDER BY  ORDER[*] BY RES.ID_ ASC  
    LIMIT ? OFFSET ? &quot;; expected &quot;=, NOT, EXISTS, INTERSECTS, SELECT, FROM&quot;; SQL statement:
select distinct RES.* 
       
    from ACT_RU_TASK RES
     
     
     
     
    
     
     
     
     WHERE  RES.ASSIGNEE_ = ? 
   
    
     order by  order by RES.ID_ asc  
    LIMIT ? OFFSET ? [42001-176]
### The error may exist in org/activiti/db/mapping/entity/Task.xml
### The error may involve org.activiti.engine.impl.persistence.entity.TaskEntity.selectTaskByQueryCriteria
### The error occurred while executing a query
### SQL: select distinct RES.*              from ACT_RU_TASK RES                                                     WHERE  RES.ASSIGNEE_ = ?                order by  order by RES.ID_ asc       LIMIT ? OFFSET ?
### Cause: org.h2.jdbc.JdbcSQLException: Syntax error in SQL statement &quot;SELECT DISTINCT RES.* 
       
    FROM ACT_RU_TASK RES
     
     
     
     
    
     
     
     
     WHERE  RES.ASSIGNEE_ = ? 
   
    
     ORDER BY  ORDER[*] BY RES.ID_ ASC  
    LIMIT ? OFFSET ? &quot;; expected &quot;=, NOT, EXISTS, INTERSECTS, SELECT, FROM&quot;; SQL statement:
select distinct RES.* 
       
    from ACT_RU_TASK RES
     
     
     
     
    
     
     
     
     WHERE  RES.ASSIGNEE_ = ? 
   
    
     order by  order by RES.ID_ asc  
    LIMIT ? OFFSET ? [42001-176]" type="org.apache.ibatis.exceptions.PersistenceException">org.apache.ibatis.exceptions.PersistenceException: 
### Error querying database.  Cause: org.h2.jdbc.JdbcSQLException: Syntax error in SQL statement &quot;SELECT DISTINCT RES.* 
       
    FROM ACT_RU_TASK RES
     
     
     
     
    
     
     
     
     WHERE  RES.ASSIGNEE_ = ? 
   
    
     ORDER BY  ORDER[*] BY RES.ID_ ASC  
    LIMIT ? OFFSET ? &quot;; expected &quot;=, NOT, EXISTS, INTERSECTS, SELECT, FROM&quot;; SQL statement:
select distinct RES.* 
       
    from ACT_RU_TASK RES
     
     
     
     
    
     
     
     
     WHERE  RES.ASSIGNEE_ = ? 
   
    
     order by  order by RES.ID_ asc  
    LIMIT ? OFFSET ? [42001-176]
### The error may exist in org/activiti/db/mapping/entity/Task.xml
### The error may involve org.activiti.engine.impl.persistence.entity.TaskEntity.selectTaskByQueryCriteria
### The error occurred while executing a query
### SQL: select distinct RES.*              from ACT_RU_TASK RES                                                     WHERE  RES.ASSIGNEE_ = ?                order by  order by RES.ID_ asc       LIMIT ? OFFSET ?
### Cause: org.h2.jdbc.JdbcSQLException: Syntax error in SQL statement &quot;SELECT DISTINCT RES.* 
       
    FROM ACT_RU_TASK RES
     
     
     
     
    
     
     
     
     WHERE  RES.ASSIGNEE_ = ? 
   
    
     ORDER BY  ORDER[*] BY RES.ID_ ASC  
    LIMIT ? OFFSET ? &quot;; expected &quot;=, NOT, EXISTS, INTERSECTS, SELECT, FROM&quot;; SQL statement:
select distinct RES.* 
       
    from ACT_RU_TASK RES
     
     
     
     
    
     
     
     
     WHERE  RES.ASSIGNEE_ = ? 
   
    
     order by  order by RES.ID_ asc  
    LIMIT ? OFFSET ? [42001-176]
	at org.apache.ibatis.exceptions.ExceptionFactory.wrapException(ExceptionFactory.java:30)
	at org.apache.ibatis.session.defaults.DefaultSqlSession.selectList(DefaultSqlSession.java:122)
	at org.apache.ibatis.session.defaults.DefaultSqlSession.selectList(DefaultSqlSession.java:113)
	at org.activiti.engine.impl.db.DbSqlSession.selectListWithRawParameter(DbSqlSession.java:438)
	at org.activiti.engine.impl.db.DbSqlSession.selectList(DbSqlSession.java:429)
	at org.activiti.engine.impl.persistence.entity.TaskEntityManager.findTasksByQueryCriteria(TaskEntityManager.java:135)
	at org.activiti.engine.impl.TaskQueryImpl.executeList(TaskQueryImpl.java:1256)
	at org.activiti.engine.impl.AbstractQuery.execute(AbstractQuery.java:168)
	at org.activiti.engine.impl.interceptor.CommandInvoker.execute(CommandInvoker.java:24)
	at org.activiti.engine.impl.interceptor.CommandContextInterceptor.execute(CommandContextInterceptor.java:57)
	at org.activiti.engine.impl.interceptor.LogInterceptor.execute(LogInterceptor.java:37)
	at org.activiti.engine.impl.cfg.CommandExecutorImpl.execute(CommandExecutorImpl.java:40)
	at org.activiti.engine.impl.cfg.CommandExecutorImpl.execute(CommandExecutorImpl.java:35)
	at org.activiti.engine.impl.AbstractQuery.listPage(AbstractQuery.java:149)
	at org.activiti.engine.test.api.task.SubTaskQueryTest.testQueryByAssigneeExcludeSubtasksPaginated(SubTaskQueryTest.java:131)
	at sun.reflect.NativeMethodAccessorImpl.invoke0(Native Method)
	at sun.reflect.NativeMethodAccessorImpl.invoke(NativeMethodAccessorImpl.java:62)
	at sun.reflect.DelegatingMethodAccessorImpl.invoke(DelegatingMethodAccessorImpl.java:43)
	at java.lang.reflect.Method.invoke(Method.java:498)
	at junit.framework.TestCase.runTest(TestCase.java:176)
	at org.activiti.engine.impl.test.PvmTestCase.runTest(PvmTestCase.java:65)
	at junit.framework.TestCase.runBare(TestCase.java:141)
	at org.activiti.engine.impl.test.AbstractActivitiTestCase.runBare(AbstractActivitiTestCase.java:100)
	at junit.framework.TestResult$1.protect(TestResult.java:122)
	at junit.framework.TestResult.runProtected(TestResult.java:142)
	at junit.framework.TestResult.run(TestResult.java:125)
	at junit.framework.TestCase.run(TestCase.java:129)
	at junit.framework.TestSuite.runTest(TestSuite.java:255)
	at junit.framework.TestSuite.run(TestSuite.java:250)
	at org.junit.internal.runners.JUnit38ClassRunner.run(JUnit38ClassRunner.java:84)
	at org.apache.maven.surefire.junit4.JUnit4TestSet.execute(JUnit4TestSet.java:35)
	at org.apache.maven.surefire.junit4.JUnit4Provider.executeTestSet(JUnit4Provider.java:146)
	at org.apache.maven.surefire.junit4.JUnit4Provider.invoke(JUnit4Provider.java:97)
	at sun.reflect.NativeMethodAccessorImpl.invoke0(Native Method)
	at sun.reflect.NativeMethodAccessorImpl.invoke(NativeMethodAccessorImpl.java:62)
	at sun.reflect.DelegatingMethodAccessorImpl.invoke(DelegatingMethodAccessorImpl.java:43)
	at java.lang.reflect.Method.invoke(Method.java:498)
	at org.apache.maven.surefire.booter.ProviderFactory$ClassLoaderProxy.invoke(ProviderFactory.java:103)
	at com.sun.proxy.$Proxy0.invoke(Unknown Source)
	at org.apache.maven.surefire.booter.SurefireStarter.invokeProvider(SurefireStarter.java:145)
	at org.apache.maven.surefire.booter.SurefireStarter.runSuitesInProcess(SurefireStarter.java:87)
	at org.apache.maven.surefire.booter.ForkedBooter.main(ForkedBooter.java:69)
Caused by: org.h2.jdbc.JdbcSQLException: Syntax error in SQL statement &quot;SELECT DISTINCT RES.* 
       
    FROM ACT_RU_TASK RES
     
     
     
     
    
     
     
     
     WHERE  RES.ASSIGNEE_ = ? 
   
    
     ORDER BY  ORDER[*] BY RES.ID_ ASC  
    LIMIT ? OFFSET ? &quot;; expected &quot;=, NOT, EXISTS, INTERSECTS, SELECT, FROM&quot;; SQL statement:
select distinct RES.* 
       
    from ACT_RU_TASK RES
     
     
     
     
    
     
     
     
     WHERE  RES.ASSIGNEE_ = ? 
   
    
     order by  order by RES.ID_ asc  
    LIMIT ? OFFSET ? [42001-176]
	at org.h2.message.DbException.getJdbcSQLException(DbException.java:344)
	at org.h2.message.DbException.getSyntaxError(DbException.java:204)
	at org.h2.command.Parser.getSyntaxError(Parser.java:524)
	at org.h2.command.Parser.readTerm(Parser.java:2688)
	at org.h2.command.Parser.readFactor(Parser.java:2244)
	at org.h2.command.Parser.readSum(Parser.java:2231)
	at org.h2.command.Parser.readConcat(Parser.java:2201)
	at org.h2.command.Parser.readCondition(Parser.java:2051)
	at org.h2.command.Parser.readAnd(Parser.java:2023)
	at org.h2.command.Parser.readExpression(Parser.java:2015)
	at org.h2.command.Parser.parseEndOfQuery(Parser.java:1726)
	at org.h2.command.Parser.parseSelectUnionExtension(Parser.java:1706)
	at org.h2.command.Parser.parseSelectUnion(Parser.java:1675)
	at org.h2.command.Parser.parseSelect(Parser.java:1662)
	at org.h2.command.Parser.parsePrepared(Parser.java:434)
	at org.h2.command.Parser.parse(Parser.java:306)
	at org.h2.command.Parser.parse(Parser.java:282)
	at org.h2.command.Parser.prepareCommand(Parser.java:243)
	at org.h2.engine.Session.prepareLocal(Session.java:442)
	at org.h2.engine.Session.prepareCommand(Session.java:384)
	at org.h2.jdbc.JdbcConnection.prepareCommand(JdbcConnection.java:1188)
	at org.h2.jdbc.JdbcPreparedStatement.&lt;init&gt;(JdbcPreparedStatement.java:73)
	at org.h2.jdbc.JdbcConnection.prepareStatement(JdbcConnection.java:276)
	at sun.reflect.GeneratedMethodAccessor6.invoke(Unknown Source)
	at sun.reflect.DelegatingMethodAccessorImpl.invoke(DelegatingMethodAccessorImpl.java:43)
	at java.lang.reflect.Method.invoke(Method.java:498)
	at org.apache.ibatis.datasource.pooled.PooledConnection.invoke(PooledConnection.java:245)
	at com.sun.proxy.$Proxy12.prepareStatement(Unknown Source)
	at sun.reflect.GeneratedMethodAccessor6.invoke(Unknown Source)
	at sun.reflect.DelegatingMethodAccessorImpl.invoke(DelegatingMethodAccessorImpl.java:43)
	at java.lang.reflect.Method.invoke(Method.java:498)
	at org.apache.ibatis.logging.jdbc.ConnectionLogger.invoke(ConnectionLogger.java:55)
	at com.sun.proxy.$Proxy12.prepareStatement(Unknown Source)
	at org.apache.ibatis.executor.statement.PreparedStatementHandler.instantiateStatement(PreparedStatementHandler.java:79)
	at org.apache.ibatis.executor.statement.BaseStatementHandler.prepare(BaseStatementHandler.java:88)
	at org.apache.ibatis.executor.statement.RoutingStatementHandler.prepare(RoutingStatementHandler.java:58)
	at org.apache.ibatis.executor.SimpleExecutor.prepareStatement(SimpleExecutor.java:76)
	at org.apache.ibatis.executor.SimpleExecutor.doQuery(SimpleExecutor.java:61)
	at org.apache.ibatis.executor.BaseExecutor.queryFromDatabase(BaseExecutor.java:303)
	at org.apache.ibatis.executor.BaseExecutor.query(BaseExecutor.java:154)
	at org.apache.ibatis.executor.CachingExecutor.query(CachingExecutor.java:102)
	at org.apache.ibatis.executor.CachingExecutor.query(CachingExecutor.java:82)
	at org.apache.ibatis.session.defaults.DefaultSqlSession.selectList(DefaultSqlSession.java:120)
	... 40 more
</error>
    <system-out>10:45:10,874 [main] DEBUG org.activiti.engine.impl.interceptor.LogInterceptor  - 

10:45:10,874 [main] DEBUG org.activiti.engine.impl.interceptor.LogInterceptor  - --- starting CreateUserCmd --------------------------------------------------------
10:45:10,874 [main] DEBUG org.activiti.engine.impl.cfg.standalone.StandaloneMybatisTransactionContext  - firing event committing...
10:45:10,874 [main] DEBUG org.activiti.engine.impl.cfg.standalone.StandaloneMybatisTransactionContext  - committing the ibatis sql session...
10:45:10,874 [main] DEBUG org.activiti.engine.impl.cfg.standalone.StandaloneMybatisTransactionContext  - firing event committed...
10:45:10,874 [main] DEBUG org.activiti.engine.impl.interceptor.LogInterceptor  - --- CreateUserCmd finished --------------------------------------------------------
10:45:10,874 [main] DEBUG org.activiti.engine.impl.interceptor.LogInterceptor  - 

10:45:10,874 [main] DEBUG org.activiti.engine.impl.interceptor.LogInterceptor  - 

10:45:10,874 [main] DEBUG org.activiti.engine.impl.interceptor.LogInterceptor  - --- starting SaveUserCmd --------------------------------------------------------
10:45:10,874 [main] DEBUG org.activiti.engine.impl.db.DbSqlSession  -   insert org.activiti.engine.impl.persistence.entity.UserEntity@5ef03158
10:45:10,874 [main] DEBUG org.activiti.engine.impl.db.DbSqlSession  - flush summary: 1 insert, 0 update, 0 delete.
10:45:10,874 [main] DEBUG org.activiti.engine.impl.db.DbSqlSession  - now executing flush...
10:45:10,874 [main] DEBUG org.activiti.engine.impl.db.DbSqlSession  - inserting: org.activiti.engine.impl.persistence.entity.UserEntity@5ef03158
10:45:10,874 [main] DEBUG org.apache.ibatis.transaction.jdbc.JdbcTransaction  - Opening JDBC Connection
10:45:10,874 [main] DEBUG org.apache.ibatis.datasource.pooled.PooledDataSource  - Checked out connection 486346394 from pool.
10:45:10,874 [main] DEBUG org.apache.ibatis.transaction.jdbc.JdbcTransaction  - Setting autocommit to false on JDBC Connection [conn6: url=jdbc:h2:mem:activiti user=SA]
10:45:10,874 [main] DEBUG org.activiti.engine.impl.persistence.entity.UserEntity.insertUser  - ==&gt;  Preparing: insert into ACT_ID_USER (ID_, REV_, FIRST_, LAST_, EMAIL_, PWD_) values ( ?, 1, ?, ?, ?, ? ) 
10:45:10,874 [main] DEBUG org.activiti.engine.impl.persistence.entity.UserEntity.insertUser  - ==&gt; Parameters: kermit(String), null, null, null, null
10:45:10,874 [main] DEBUG org.activiti.engine.impl.persistence.entity.UserEntity.insertUser  - &lt;==    Updates: 1
10:45:10,874 [main] DEBUG org.activiti.engine.impl.cfg.standalone.StandaloneMybatisTransactionContext  - firing event committing...
10:45:10,874 [main] DEBUG org.activiti.engine.impl.cfg.standalone.StandaloneMybatisTransactionContext  - committing the ibatis sql session...
10:45:10,874 [main] DEBUG org.apache.ibatis.transaction.jdbc.JdbcTransaction  - Committing JDBC Connection [conn6: url=jdbc:h2:mem:activiti user=SA]
10:45:10,875 [main] DEBUG org.activiti.engine.impl.cfg.standalone.StandaloneMybatisTransactionContext  - firing event committed...
10:45:10,875 [main] DEBUG org.apache.ibatis.transaction.jdbc.JdbcTransaction  - Resetting autocommit to true on JDBC Connection [conn6: url=jdbc:h2:mem:activiti user=SA]
10:45:10,875 [main] DEBUG org.apache.ibatis.transaction.jdbc.JdbcTransaction  - Closing JDBC Connection [conn6: url=jdbc:h2:mem:activiti user=SA]
10:45:10,875 [main] DEBUG org.apache.ibatis.datasource.pooled.PooledDataSource  - Returned connection 486346394 to pool.
10:45:10,875 [main] DEBUG org.activiti.engine.impl.interceptor.LogInterceptor  - --- SaveUserCmd finished --------------------------------------------------------
10:45:10,875 [main] DEBUG org.activiti.engine.impl.interceptor.LogInterceptor  - 

10:45:10,875 [main] DEBUG org.activiti.engine.impl.interceptor.LogInterceptor  - 

10:45:10,875 [main] DEBUG org.activiti.engine.impl.interceptor.LogInterceptor  - --- starting CreateUserCmd --------------------------------------------------------
10:45:10,875 [main] DEBUG org.activiti.engine.impl.cfg.standalone.StandaloneMybatisTransactionContext  - firing event committing...
10:45:10,875 [main] DEBUG org.activiti.engine.impl.cfg.standalone.StandaloneMybatisTransactionContext  - committing the ibatis sql session...
10:45:10,875 [main] DEBUG org.activiti.engine.impl.cfg.standalone.StandaloneMybatisTransactionContext  - firing event committed...
10:45:10,875 [main] DEBUG org.activiti.engine.impl.interceptor.LogInterceptor  - --- CreateUserCmd finished --------------------------------------------------------
10:45:10,875 [main] DEBUG org.activiti.engine.impl.interceptor.LogInterceptor  - 

10:45:10,875 [main] DEBUG org.activiti.engine.impl.interceptor.LogInterceptor  - 

10:45:10,875 [main] DEBUG org.activiti.engine.impl.interceptor.LogInterceptor  - --- starting SaveUserCmd --------------------------------------------------------
10:45:10,875 [main] DEBUG org.activiti.engine.impl.db.DbSqlSession  -   insert org.activiti.engine.impl.persistence.entity.UserEntity@258f97f8
10:45:10,875 [main] DEBUG org.activiti.engine.impl.db.DbSqlSession  - flush summary: 1 insert, 0 update, 0 delete.
10:45:10,875 [main] DEBUG org.activiti.engine.impl.db.DbSqlSession  - now executing flush...
10:45:10,875 [main] DEBUG org.activiti.engine.impl.db.DbSqlSession  - inserting: org.activiti.engine.impl.persistence.entity.UserEntity@258f97f8
10:45:10,875 [main] DEBUG org.apache.ibatis.transaction.jdbc.JdbcTransaction  - Opening JDBC Connection
10:45:10,875 [main] DEBUG org.apache.ibatis.datasource.pooled.PooledDataSource  - Checked out connection 180014677 from pool.
10:45:10,875 [main] DEBUG org.apache.ibatis.transaction.jdbc.JdbcTransaction  - Setting autocommit to false on JDBC Connection [conn3: url=jdbc:h2:mem:activiti user=SA]
10:45:10,875 [main] DEBUG org.activiti.engine.impl.persistence.entity.UserEntity.insertUser  - ==&gt;  Preparing: insert into ACT_ID_USER (ID_, REV_, FIRST_, LAST_, EMAIL_, PWD_) values ( ?, 1, ?, ?, ?, ? ) 
10:45:10,875 [main] DEBUG org.activiti.engine.impl.persistence.entity.UserEntity.insertUser  - ==&gt; Parameters: gonzo(String), null, null, null, null
10:45:10,875 [main] DEBUG org.activiti.engine.impl.persistence.entity.UserEntity.insertUser  - &lt;==    Updates: 1
10:45:10,875 [main] DEBUG org.activiti.engine.impl.cfg.standalone.StandaloneMybatisTransactionContext  - firing event committing...
10:45:10,875 [main] DEBUG org.activiti.engine.impl.cfg.standalone.StandaloneMybatisTransactionContext  - committing the ibatis sql session...
10:45:10,875 [main] DEBUG org.apache.ibatis.transaction.jdbc.JdbcTransaction  - Committing JDBC Connection [conn3: url=jdbc:h2:mem:activiti user=SA]
10:45:10,875 [main] DEBUG org.activiti.engine.impl.cfg.standalone.StandaloneMybatisTransactionContext  - firing event committed...
10:45:10,875 [main] DEBUG org.apache.ibatis.transaction.jdbc.JdbcTransaction  - Resetting autocommit to true on JDBC Connection [conn3: url=jdbc:h2:mem:activiti user=SA]
10:45:10,875 [main] DEBUG org.apache.ibatis.transaction.jdbc.JdbcTransaction  - Closing JDBC Connection [conn3: url=jdbc:h2:mem:activiti user=SA]
10:45:10,875 [main] DEBUG org.apache.ibatis.datasource.pooled.PooledDataSource  - Returned connection 180014677 to pool.
10:45:10,875 [main] DEBUG org.activiti.engine.impl.interceptor.LogInterceptor  - --- SaveUserCmd finished --------------------------------------------------------
10:45:10,875 [main] DEBUG org.activiti.engine.impl.interceptor.LogInterceptor  - 

10:45:10,875 [main] DEBUG org.activiti.engine.impl.interceptor.LogInterceptor  - 

10:45:10,875 [main] DEBUG org.activiti.engine.impl.interceptor.LogInterceptor  - --- starting CreateGroupCmd --------------------------------------------------------
10:45:10,875 [main] DEBUG org.activiti.engine.impl.cfg.standalone.StandaloneMybatisTransactionContext  - firing event committing...
10:45:10,875 [main] DEBUG org.activiti.engine.impl.cfg.standalone.StandaloneMybatisTransactionContext  - committing the ibatis sql session...
10:45:10,875 [main] DEBUG org.activiti.engine.impl.cfg.standalone.StandaloneMybatisTransactionContext  - firing event committed...
10:45:10,875 [main] DEBUG org.activiti.engine.impl.interceptor.LogInterceptor  - --- CreateGroupCmd finished --------------------------------------------------------
10:45:10,875 [main] DEBUG org.activiti.engine.impl.interceptor.LogInterceptor  - 

10:45:10,875 [main] DEBUG org.activiti.engine.impl.interceptor.LogInterceptor  - 

10:45:10,875 [main] DEBUG org.activiti.engine.impl.interceptor.LogInterceptor  - --- starting SaveGroupCmd --------------------------------------------------------
10:45:10,875 [main] DEBUG org.activiti.engine.impl.db.DbSqlSession  -   insert org.activiti.engine.impl.persistence.entity.GroupEntity@38c9e937
10:45:10,875 [main] DEBUG org.activiti.engine.impl.db.DbSqlSession  - flush summary: 1 insert, 0 update, 0 delete.
10:45:10,875 [main] DEBUG org.activiti.engine.impl.db.DbSqlSession  - now executing flush...
10:45:10,875 [main] DEBUG org.activiti.engine.impl.db.DbSqlSession  - inserting: org.activiti.engine.impl.persistence.entity.GroupEntity@38c9e937
10:45:10,875 [main] DEBUG org.apache.ibatis.transaction.jdbc.JdbcTransaction  - Opening JDBC Connection
10:45:10,875 [main] DEBUG org.apache.ibatis.datasource.pooled.PooledDataSource  - Checked out connection 363509958 from pool.
10:45:10,875 [main] DEBUG org.apache.ibatis.transaction.jdbc.JdbcTransaction  - Setting autocommit to false on JDBC Connection [conn2: url=jdbc:h2:mem:activiti user=SA]
10:45:10,875 [main] DEBUG org.activiti.engine.impl.persistence.entity.GroupEntity.insertGroup  - ==&gt;  Preparing: insert into ACT_ID_GROUP (ID_, REV_, NAME_, TYPE_) values ( ?, 1, ?, ? ) 
10:45:10,875 [main] DEBUG org.activiti.engine.impl.persistence.entity.GroupEntity.insertGroup  - ==&gt; Parameters: management(String), null, null
10:45:10,875 [main] DEBUG org.activiti.engine.impl.persistence.entity.GroupEntity.insertGroup  - &lt;==    Updates: 1
10:45:10,875 [main] DEBUG org.activiti.engine.impl.cfg.standalone.StandaloneMybatisTransactionContext  - firing event committing...
10:45:10,875 [main] DEBUG org.activiti.engine.impl.cfg.standalone.StandaloneMybatisTransactionContext  - committing the ibatis sql session...
10:45:10,875 [main] DEBUG org.apache.ibatis.transaction.jdbc.JdbcTransaction  - Committing JDBC Connection [conn2: url=jdbc:h2:mem:activiti user=SA]
10:45:10,875 [main] DEBUG org.activiti.engine.impl.cfg.standalone.StandaloneMybatisTransactionContext  - firing event committed...
10:45:10,875 [main] DEBUG org.apache.ibatis.transaction.jdbc.JdbcTransaction  - Resetting autocommit to true on JDBC Connection [conn2: url=jdbc:h2:mem:activiti user=SA]
10:45:10,875 [main] DEBUG org.apache.ibatis.transaction.jdbc.JdbcTransaction  - Closing JDBC Connection [conn2: url=jdbc:h2:mem:activiti user=SA]
10:45:10,875 [main] DEBUG org.apache.ibatis.datasource.pooled.PooledDataSource  - Returned connection 363509958 to pool.
10:45:10,875 [main] DEBUG org.activiti.engine.impl.interceptor.LogInterceptor  - --- SaveGroupCmd finished --------------------------------------------------------
10:45:10,875 [main] DEBUG org.activiti.engine.impl.interceptor.LogInterceptor  - 

10:45:10,875 [main] DEBUG org.activiti.engine.impl.interceptor.LogInterceptor  - 

10:45:10,875 [main] DEBUG org.activiti.engine.impl.interceptor.LogInterceptor  - --- starting CreateGroupCmd --------------------------------------------------------
10:45:10,875 [main] DEBUG org.activiti.engine.impl.cfg.standalone.StandaloneMybatisTransactionContext  - firing event committing...
10:45:10,875 [main] DEBUG org.activiti.engine.impl.cfg.standalone.StandaloneMybatisTransactionContext  - committing the ibatis sql session...
10:45:10,875 [main] DEBUG org.activiti.engine.impl.cfg.standalone.StandaloneMybatisTransactionContext  - firing event committed...
10:45:10,875 [main] DEBUG org.activiti.engine.impl.interceptor.LogInterceptor  - --- CreateGroupCmd finished --------------------------------------------------------
10:45:10,875 [main] DEBUG org.activiti.engine.impl.interceptor.LogInterceptor  - 

10:45:10,875 [main] DEBUG org.activiti.engine.impl.interceptor.LogInterceptor  - 

10:45:10,875 [main] DEBUG org.activiti.engine.impl.interceptor.LogInterceptor  - --- starting SaveGroupCmd --------------------------------------------------------
10:45:10,875 [main] DEBUG org.activiti.engine.impl.db.DbSqlSession  -   insert org.activiti.engine.impl.persistence.entity.GroupEntity@26401eda
10:45:10,875 [main] DEBUG org.activiti.engine.impl.db.DbSqlSession  - flush summary: 1 insert, 0 update, 0 delete.
10:45:10,875 [main] DEBUG org.activiti.engine.impl.db.DbSqlSession  - now executing flush...
10:45:10,875 [main] DEBUG org.activiti.engine.impl.db.DbSqlSession  - inserting: org.activiti.engine.impl.persistence.entity.GroupEntity@26401eda
10:45:10,875 [main] DEBUG org.apache.ibatis.transaction.jdbc.JdbcTransaction  - Opening JDBC Connection
10:45:10,875 [main] DEBUG org.apache.ibatis.datasource.pooled.PooledDataSource  - Checked out connection 297240765 from pool.
10:45:10,875 [main] DEBUG org.apache.ibatis.transaction.jdbc.JdbcTransaction  - Setting autocommit to false on JDBC Connection [conn4: url=jdbc:h2:mem:activiti user=SA]
10:45:10,875 [main] DEBUG org.activiti.engine.impl.persistence.entity.GroupEntity.insertGroup  - ==&gt;  Preparing: insert into ACT_ID_GROUP (ID_, REV_, NAME_, TYPE_) values ( ?, 1, ?, ? ) 
10:45:10,875 [main] DEBUG org.activiti.engine.impl.persistence.entity.GroupEntity.insertGroup  - ==&gt; Parameters: accountancy(String), null, null
10:45:10,875 [main] DEBUG org.activiti.engine.impl.persistence.entity.GroupEntity.insertGroup  - &lt;==    Updates: 1
10:45:10,875 [main] DEBUG org.activiti.engine.impl.cfg.standalone.StandaloneMybatisTransactionContext  - firing event committing...
10:45:10,875 [main] DEBUG org.activiti.engine.impl.cfg.standalone.StandaloneMybatisTransactionContext  - committing the ibatis sql session...
10:45:10,875 [main] DEBUG org.apache.ibatis.transaction.jdbc.JdbcTransaction  - Committing JDBC Connection [conn4: url=jdbc:h2:mem:activiti user=SA]
10:45:10,875 [main] DEBUG org.activiti.engine.impl.cfg.standalone.StandaloneMybatisTransactionContext  - firing event committed...
10:45:10,875 [main] DEBUG org.apache.ibatis.transaction.jdbc.JdbcTransaction  - Resetting autocommit to true on JDBC Connection [conn4: url=jdbc:h2:mem:activiti user=SA]
10:45:10,875 [main] DEBUG org.apache.ibatis.transaction.jdbc.JdbcTransaction  - Closing JDBC Connection [conn4: url=jdbc:h2:mem:activiti user=SA]
10:45:10,875 [main] DEBUG org.apache.ibatis.datasource.pooled.PooledDataSource  - Returned connection 297240765 to pool.
10:45:10,875 [main] DEBUG org.activiti.engine.impl.interceptor.LogInterceptor  - --- SaveGroupCmd finished --------------------------------------------------------
10:45:10,875 [main] DEBUG org.activiti.engine.impl.interceptor.LogInterceptor  - 

10:45:10,875 [main] DEBUG org.activiti.engine.impl.interceptor.LogInterceptor  - 

10:45:10,875 [main] DEBUG org.activiti.engine.impl.interceptor.LogInterceptor  - --- starting CreateMembershipCmd --------------------------------------------------------
10:45:10,875 [main] DEBUG org.activiti.engine.impl.db.DbSqlSession  -   insert org.activiti.engine.impl.persistence.entity.MembershipEntity@79e591bb
10:45:10,875 [main] DEBUG org.activiti.engine.impl.db.DbSqlSession  - flush summary: 1 insert, 0 update, 0 delete.
10:45:10,875 [main] DEBUG org.activiti.engine.impl.db.DbSqlSession  - now executing flush...
10:45:10,875 [main] DEBUG org.activiti.engine.impl.db.DbSqlSession  - inserting: org.activiti.engine.impl.persistence.entity.MembershipEntity@79e591bb
10:45:10,875 [main] DEBUG org.apache.ibatis.transaction.jdbc.JdbcTransaction  - Opening JDBC Connection
10:45:10,875 [main] DEBUG org.apache.ibatis.datasource.pooled.PooledDataSource  - Checked out connection 486346394 from pool.
10:45:10,875 [main] DEBUG org.apache.ibatis.transaction.jdbc.JdbcTransaction  - Setting autocommit to false on JDBC Connection [conn6: url=jdbc:h2:mem:activiti user=SA]
10:45:10,875 [main] DEBUG org.activiti.engine.impl.persistence.entity.MembershipRelation.insertMembership  - ==&gt;  Preparing: insert into ACT_ID_MEMBERSHIP (USER_ID_, GROUP_ID_) values ( ?, ? ) 
10:45:10,875 [main] DEBUG org.activiti.engine.impl.persistence.entity.MembershipRelation.insertMembership  - ==&gt; Parameters: kermit(String), management(String)
10:45:10,875 [main] DEBUG org.activiti.engine.impl.persistence.entity.MembershipRelation.insertMembership  - &lt;==    Updates: 1
10:45:10,875 [main] DEBUG org.activiti.engine.impl.cfg.standalone.StandaloneMybatisTransactionContext  - firing event committing...
10:45:10,875 [main] DEBUG org.activiti.engine.impl.cfg.standalone.StandaloneMybatisTransactionContext  - committing the ibatis sql session...
10:45:10,875 [main] DEBUG org.apache.ibatis.transaction.jdbc.JdbcTransaction  - Committing JDBC Connection [conn6: url=jdbc:h2:mem:activiti user=SA]
10:45:10,875 [main] DEBUG org.activiti.engine.impl.cfg.standalone.StandaloneMybatisTransactionContext  - firing event committed...
10:45:10,875 [main] DEBUG org.apache.ibatis.transaction.jdbc.JdbcTransaction  - Resetting autocommit to true on JDBC Connection [conn6: url=jdbc:h2:mem:activiti user=SA]
10:45:10,875 [main] DEBUG org.apache.ibatis.transaction.jdbc.JdbcTransaction  - Closing JDBC Connection [conn6: url=jdbc:h2:mem:activiti user=SA]
10:45:10,875 [main] DEBUG org.apache.ibatis.datasource.pooled.PooledDataSource  - Returned connection 486346394 to pool.
10:45:10,875 [main] DEBUG org.activiti.engine.impl.interceptor.LogInterceptor  - --- CreateMembershipCmd finished --------------------------------------------------------
10:45:10,875 [main] DEBUG org.activiti.engine.impl.interceptor.LogInterceptor  - 

10:45:10,875 [main] DEBUG org.activiti.engine.impl.interceptor.LogInterceptor  - 

10:45:10,875 [main] DEBUG org.activiti.engine.impl.interceptor.LogInterceptor  - --- starting CreateMembershipCmd --------------------------------------------------------
10:45:10,875 [main] DEBUG org.activiti.engine.impl.db.DbSqlSession  -   insert org.activiti.engine.impl.persistence.entity.MembershipEntity@208ce928
10:45:10,875 [main] DEBUG org.activiti.engine.impl.db.DbSqlSession  - flush summary: 1 insert, 0 update, 0 delete.
10:45:10,875 [main] DEBUG org.activiti.engine.impl.db.DbSqlSession  - now executing flush...
10:45:10,875 [main] DEBUG org.activiti.engine.impl.db.DbSqlSession  - inserting: org.activiti.engine.impl.persistence.entity.MembershipEntity@208ce928
10:45:10,875 [main] DEBUG org.apache.ibatis.transaction.jdbc.JdbcTransaction  - Opening JDBC Connection
10:45:10,875 [main] DEBUG org.apache.ibatis.datasource.pooled.PooledDataSource  - Checked out connection 180014677 from pool.
10:45:10,875 [main] DEBUG org.apache.ibatis.transaction.jdbc.JdbcTransaction  - Setting autocommit to false on JDBC Connection [conn3: url=jdbc:h2:mem:activiti user=SA]
10:45:10,875 [main] DEBUG org.activiti.engine.impl.persistence.entity.MembershipRelation.insertMembership  - ==&gt;  Preparing: insert into ACT_ID_MEMBERSHIP (USER_ID_, GROUP_ID_) values ( ?, ? ) 
10:45:10,875 [main] DEBUG org.activiti.engine.impl.persistence.entity.MembershipRelation.insertMembership  - ==&gt; Parameters: kermit(String), accountancy(String)
10:45:10,875 [main] DEBUG org.activiti.engine.impl.persistence.entity.MembershipRelation.insertMembership  - &lt;==    Updates: 1
10:45:10,875 [main] DEBUG org.activiti.engine.impl.cfg.standalone.StandaloneMybatisTransactionContext  - firing event committing...
10:45:10,875 [main] DEBUG org.activiti.engine.impl.cfg.standalone.StandaloneMybatisTransactionContext  - committing the ibatis sql session...
10:45:10,875 [main] DEBUG org.apache.ibatis.transaction.jdbc.JdbcTransaction  - Committing JDBC Connection [conn3: url=jdbc:h2:mem:activiti user=SA]
10:45:10,875 [main] DEBUG org.activiti.engine.impl.cfg.standalone.StandaloneMybatisTransactionContext  - firing event committed...
10:45:10,875 [main] DEBUG org.apache.ibatis.transaction.jdbc.JdbcTransaction  - Resetting autocommit to true on JDBC Connection [conn3: url=jdbc:h2:mem:activiti user=SA]
10:45:10,875 [main] DEBUG org.apache.ibatis.transaction.jdbc.JdbcTransaction  - Closing JDBC Connection [conn3: url=jdbc:h2:mem:activiti user=SA]
10:45:10,875 [main] DEBUG org.apache.ibatis.datasource.pooled.PooledDataSource  - Returned connection 180014677 to pool.
10:45:10,875 [main] DEBUG org.activiti.engine.impl.interceptor.LogInterceptor  - --- CreateMembershipCmd finished --------------------------------------------------------
10:45:10,875 [main] DEBUG org.activiti.engine.impl.interceptor.LogInterceptor  - 

10:45:10,875 [main] DEBUG org.activiti.engine.impl.interceptor.LogInterceptor  - 

10:45:10,875 [main] DEBUG org.activiti.engine.impl.interceptor.LogInterceptor  - --- starting NewTaskCmd --------------------------------------------------------
10:45:10,875 [main] DEBUG org.activiti.engine.impl.cfg.standalone.StandaloneMybatisTransactionContext  - firing event committing...
10:45:10,875 [main] DEBUG org.activiti.engine.impl.cfg.standalone.StandaloneMybatisTransactionContext  - committing the ibatis sql session...
10:45:10,875 [main] DEBUG org.activiti.engine.impl.cfg.standalone.StandaloneMybatisTransactionContext  - firing event committed...
10:45:10,875 [main] DEBUG org.activiti.engine.impl.interceptor.LogInterceptor  - --- NewTaskCmd finished --------------------------------------------------------
10:45:10,875 [main] DEBUG org.activiti.engine.impl.interceptor.LogInterceptor  - 

10:45:10,875 [main] DEBUG org.activiti.engine.impl.interceptor.LogInterceptor  - 

10:45:10,875 [main] DEBUG org.activiti.engine.impl.interceptor.LogInterceptor  - --- starting SaveTaskCmd --------------------------------------------------------
10:45:10,875 [main] DEBUG org.activiti.engine.impl.history.DefaultHistoryManager  - Current history level: FULL, level required: AUDIT
10:45:10,875 [main] DEBUG org.activiti.engine.impl.db.DbSqlSession  -   insert Task[id=804, name=rootTestTask]
10:45:10,875 [main] DEBUG org.activiti.engine.impl.db.DbSqlSession  -   insert HistoricTaskInstanceEntity[id=804, name=rootTestTask]
10:45:10,875 [main] DEBUG org.activiti.engine.impl.db.DbSqlSession  - flush summary: 2 insert, 0 update, 0 delete.
10:45:10,875 [main] DEBUG org.activiti.engine.impl.db.DbSqlSession  - now executing flush...
10:45:10,875 [main] DEBUG org.activiti.engine.impl.db.DbSqlSession  - inserting: HistoricTaskInstanceEntity[id=804, name=rootTestTask]
10:45:10,875 [main] DEBUG org.apache.ibatis.transaction.jdbc.JdbcTransaction  - Opening JDBC Connection
10:45:10,875 [main] DEBUG org.apache.ibatis.datasource.pooled.PooledDataSource  - Checked out connection 363509958 from pool.
10:45:10,875 [main] DEBUG org.apache.ibatis.transaction.jdbc.JdbcTransaction  - Setting autocommit to false on JDBC Connection [conn2: url=jdbc:h2:mem:activiti user=SA]
10:45:10,875 [main] DEBUG org.activiti.engine.impl.persistence.entity.HistoricTaskInstanceEntity.insertHistoricTaskInstance  - ==&gt;  Preparing: insert into ACT_HI_TASKINST ( ID_, PROC_DEF_ID_, PROC_INST_ID_, EXECUTION_ID_, NAME_, PARENT_TASK_ID_, DESCRIPTION_, OWNER_, ASSIGNEE_, START_TIME_, CLAIM_TIME_, END_TIME_, DURATION_, DELETE_REASON_, TASK_DEF_KEY_, FORM_KEY_, PRIORITY_, DUE_DATE_, CATEGORY_, TENANT_ID_ ) values ( ?, ?, ?, ?, ?, ?, ?, ?, ?, ?, ?, ?, ?, ?, ?, ?, ?, ?, ?, ? ) 
10:45:10,875 [main] DEBUG org.activiti.engine.impl.persistence.entity.HistoricTaskInstanceEntity.insertHistoricTaskInstance  - ==&gt; Parameters: 804(String), null, null, null, rootTestTask(String), null, rootTestTask description(String), null, null, 2008-01-01 01:01:01.0(Timestamp), null, null, null, null, null, null, 50(Integer), null, null, (String)
10:45:10,875 [main] DEBUG org.activiti.engine.impl.persistence.entity.HistoricTaskInstanceEntity.insertHistoricTaskInstance  - &lt;==    Updates: 1
10:45:10,875 [main] DEBUG org.activiti.engine.impl.db.DbSqlSession  - inserting: Task[id=804, name=rootTestTask]
10:45:10,875 [main] DEBUG org.activiti.engine.impl.persistence.entity.TaskEntity.insertTask  - ==&gt;  Preparing: insert into ACT_RU_TASK (ID_, REV_, NAME_, PARENT_TASK_ID_, DESCRIPTION_, PRIORITY_, CREATE_TIME_, OWNER_, ASSIGNEE_, DELEGATION_, EXECUTION_ID_, PROC_INST_ID_, PROC_DEF_ID_, TASK_DEF_KEY_, DUE_DATE_, CATEGORY_, SUSPENSION_STATE_, TENANT_ID_, FORM_KEY_) values (?, 1, ?, ?, ?, ?, ?, ?, ?, ?, ?, ?, ?, ?, ?, ?, ?, ?, ? ) 
10:45:10,875 [main] DEBUG org.activiti.engine.impl.persistence.entity.TaskEntity.insertTask  - ==&gt; Parameters: 804(String), rootTestTask(String), null, rootTestTask description(String), 50(Integer), 2008-01-01 01:01:01.0(Timestamp), null, null, null, null, null, null, null, null, null, 1(Integer), (String), null
10:45:10,875 [main] DEBUG org.activiti.engine.impl.persistence.entity.TaskEntity.insertTask  - &lt;==    Updates: 1
10:45:10,875 [main] DEBUG org.activiti.engine.impl.cfg.standalone.StandaloneMybatisTransactionContext  - firing event committing...
10:45:10,875 [main] DEBUG org.activiti.engine.impl.cfg.standalone.StandaloneMybatisTransactionContext  - committing the ibatis sql session...
10:45:10,875 [main] DEBUG org.apache.ibatis.transaction.jdbc.JdbcTransaction  - Committing JDBC Connection [conn2: url=jdbc:h2:mem:activiti user=SA]
10:45:10,875 [main] DEBUG org.activiti.engine.impl.cfg.standalone.StandaloneMybatisTransactionContext  - firing event committed...
10:45:10,875 [main] DEBUG org.apache.ibatis.transaction.jdbc.JdbcTransaction  - Resetting autocommit to true on JDBC Connection [conn2: url=jdbc:h2:mem:activiti user=SA]
10:45:10,875 [main] DEBUG org.apache.ibatis.transaction.jdbc.JdbcTransaction  - Closing JDBC Connection [conn2: url=jdbc:h2:mem:activiti user=SA]
10:45:10,875 [main] DEBUG org.apache.ibatis.datasource.pooled.PooledDataSource  - Returned connection 363509958 to pool.
10:45:10,875 [main] DEBUG org.activiti.engine.impl.interceptor.LogInterceptor  - --- SaveTaskCmd finished --------------------------------------------------------
10:45:10,875 [main] DEBUG org.activiti.engine.impl.interceptor.LogInterceptor  - 

10:45:10,875 [main] DEBUG org.activiti.engine.impl.interceptor.LogInterceptor  - 

10:45:10,875 [main] DEBUG org.activiti.engine.impl.interceptor.LogInterceptor  - --- starting AddIdentityLinkCmd --------------------------------------------------------
10:45:10,875 [main] DEBUG org.apache.ibatis.transaction.jdbc.JdbcTransaction  - Opening JDBC Connection
10:45:10,875 [main] DEBUG org.apache.ibatis.datasource.pooled.PooledDataSource  - Checked out connection 297240765 from pool.
10:45:10,875 [main] DEBUG org.apache.ibatis.transaction.jdbc.JdbcTransaction  - Setting autocommit to false on JDBC Connection [conn4: url=jdbc:h2:mem:activiti user=SA]
10:45:10,875 [main] DEBUG org.activiti.engine.impl.persistence.entity.TaskEntity.selectTask  - ==&gt;  Preparing: select * from ACT_RU_TASK where ID_ = ? 
10:45:10,875 [main] DEBUG org.activiti.engine.impl.persistence.entity.TaskEntity.selectTask  - ==&gt; Parameters: 804(String)
10:45:10,875 [main] DEBUG org.activiti.engine.impl.persistence.entity.TaskEntity.selectTask  - &lt;==      Total: 1
10:45:10,875 [main] DEBUG org.activiti.engine.impl.persistence.entity.IdentityLinkEntity.selectIdentityLinksByTask  - ==&gt;  Preparing: select * from ACT_RU_IDENTITYLINK where TASK_ID_ = ? 
10:45:10,875 [main] DEBUG org.activiti.engine.impl.persistence.entity.IdentityLinkEntity.selectIdentityLinksByTask  - ==&gt; Parameters: 804(String)
10:45:10,875 [main] DEBUG org.activiti.engine.impl.persistence.entity.IdentityLinkEntity.selectIdentityLinksByTask  - &lt;==      Total: 0
10:45:10,875 [main] DEBUG org.activiti.engine.impl.history.DefaultHistoryManager  - Current history level: FULL, level required: AUDIT
10:45:10,875 [main] DEBUG org.activiti.engine.impl.history.DefaultHistoryManager  - Current history level: FULL
10:45:10,876 [main] DEBUG org.activiti.engine.impl.history.DefaultHistoryManager  - Current history level: FULL
10:45:10,876 [main] DEBUG org.activiti.engine.impl.db.DbSqlSession  -   insert org.activiti.engine.impl.persistence.entity.HistoricIdentityLinkEntity@577b2c5f
10:45:10,876 [main] DEBUG org.activiti.engine.impl.db.DbSqlSession  -   insert IdentityLinkEntity[id=805, type=candidate, userId=kermit, taskId=804]
10:45:10,876 [main] DEBUG org.activiti.engine.impl.db.DbSqlSession  -   insert org.activiti.engine.impl.persistence.entity.CommentEntity@71eb4ea4
10:45:10,876 [main] DEBUG org.activiti.engine.impl.db.DbSqlSession  - flush summary: 3 insert, 0 update, 0 delete.
10:45:10,876 [main] DEBUG org.activiti.engine.impl.db.DbSqlSession  - now executing flush...
10:45:10,876 [main] DEBUG org.activiti.engine.impl.db.DbSqlSession  - inserting: org.activiti.engine.impl.persistence.entity.HistoricIdentityLinkEntity@577b2c5f
10:45:10,876 [main] DEBUG org.activiti.engine.impl.persistence.entity.HistoricIdentityLinkEntity.insertHistoricIdentityLink  - ==&gt;  Preparing: insert into ACT_HI_IDENTITYLINK (ID_, TYPE_, USER_ID_, GROUP_ID_, TASK_ID_, PROC_INST_ID_) values (?, ?, ?, ?, ?, ?) 
10:45:10,876 [main] DEBUG org.activiti.engine.impl.persistence.entity.HistoricIdentityLinkEntity.insertHistoricIdentityLink  - ==&gt; Parameters: 805(String), candidate(String), kermit(String), null, 804(String), null
10:45:10,876 [main] DEBUG org.activiti.engine.impl.persistence.entity.HistoricIdentityLinkEntity.insertHistoricIdentityLink  - &lt;==    Updates: 1
10:45:10,876 [main] DEBUG org.activiti.engine.impl.db.DbSqlSession  - inserting: IdentityLinkEntity[id=805, type=candidate, userId=kermit, taskId=804]
10:45:10,876 [main] DEBUG org.activiti.engine.impl.persistence.entity.IdentityLinkEntity.insertIdentityLink  - ==&gt;  Preparing: insert into ACT_RU_IDENTITYLINK (ID_, REV_, TYPE_, USER_ID_, GROUP_ID_, TASK_ID_, PROC_INST_ID_, PROC_DEF_ID_) values (?, 1, ?, ?, ?, ?, ?, ?) 
10:45:10,876 [main] DEBUG org.activiti.engine.impl.persistence.entity.IdentityLinkEntity.insertIdentityLink  - ==&gt; Parameters: 805(String), candidate(String), kermit(String), null, 804(String), null, null
10:45:10,876 [main] DEBUG org.activiti.engine.impl.persistence.entity.IdentityLinkEntity.insertIdentityLink  - &lt;==    Updates: 1
10:45:10,876 [main] DEBUG org.activiti.engine.impl.db.DbSqlSession  - inserting: org.activiti.engine.impl.persistence.entity.CommentEntity@71eb4ea4
10:45:10,876 [main] DEBUG org.activiti.engine.impl.persistence.entity.CommentEntity.insertComment  - ==&gt;  Preparing: insert into ACT_HI_COMMENT (ID_, TYPE_, TIME_, USER_ID_, TASK_ID_, PROC_INST_ID_, ACTION_, MESSAGE_, FULL_MSG_) values (?, ?, ?, ?, ?, ?, ?, ?, ?) 
10:45:10,876 [main] DEBUG org.activiti.engine.impl.persistence.entity.CommentEntity.insertComment  - ==&gt; Parameters: 806(String), event(String), 2008-01-01 01:01:01.0(Timestamp), null, 804(String), null, AddUserLink(String), kermit_|_candidate(String), null
10:45:10,876 [main] DEBUG org.activiti.engine.impl.persistence.entity.CommentEntity.insertComment  - &lt;==    Updates: 1
10:45:10,876 [main] DEBUG org.activiti.engine.impl.cfg.standalone.StandaloneMybatisTransactionContext  - firing event committing...
10:45:10,876 [main] DEBUG org.activiti.engine.impl.cfg.standalone.StandaloneMybatisTransactionContext  - committing the ibatis sql session...
10:45:10,876 [main] DEBUG org.apache.ibatis.transaction.jdbc.JdbcTransaction  - Committing JDBC Connection [conn4: url=jdbc:h2:mem:activiti user=SA]
10:45:10,876 [main] DEBUG org.activiti.engine.impl.cfg.standalone.StandaloneMybatisTransactionContext  - firing event committed...
10:45:10,876 [main] DEBUG org.apache.ibatis.transaction.jdbc.JdbcTransaction  - Resetting autocommit to true on JDBC Connection [conn4: url=jdbc:h2:mem:activiti user=SA]
10:45:10,876 [main] DEBUG org.apache.ibatis.transaction.jdbc.JdbcTransaction  - Closing JDBC Connection [conn4: url=jdbc:h2:mem:activiti user=SA]
10:45:10,876 [main] DEBUG org.apache.ibatis.datasource.pooled.PooledDataSource  - Returned connection 297240765 to pool.
10:45:10,876 [main] DEBUG org.activiti.engine.impl.interceptor.LogInterceptor  - --- AddIdentityLinkCmd finished --------------------------------------------------------
10:45:10,876 [main] DEBUG org.activiti.engine.impl.interceptor.LogInterceptor  - 

10:45:10,876 [main] DEBUG org.activiti.engine.impl.interceptor.LogInterceptor  - 

10:45:10,876 [main] DEBUG org.activiti.engine.impl.interceptor.LogInterceptor  - --- starting NewTaskCmd --------------------------------------------------------
10:45:10,876 [main] DEBUG org.activiti.engine.impl.cfg.standalone.StandaloneMybatisTransactionContext  - firing event committing...
10:45:10,876 [main] DEBUG org.activiti.engine.impl.cfg.standalone.StandaloneMybatisTransactionContext  - committing the ibatis sql session...
10:45:10,876 [main] DEBUG org.activiti.engine.impl.cfg.standalone.StandaloneMybatisTransactionContext  - firing event committed...
10:45:10,876 [main] DEBUG org.activiti.engine.impl.interceptor.LogInterceptor  - --- NewTaskCmd finished --------------------------------------------------------
10:45:10,876 [main] DEBUG org.activiti.engine.impl.interceptor.LogInterceptor  - 

10:45:10,876 [main] DEBUG org.activiti.engine.impl.interceptor.LogInterceptor  - 

10:45:10,876 [main] DEBUG org.activiti.engine.impl.interceptor.LogInterceptor  - --- starting SaveTaskCmd --------------------------------------------------------
10:45:10,876 [main] DEBUG org.activiti.engine.impl.history.DefaultHistoryManager  - Current history level: FULL, level required: AUDIT
10:45:10,876 [main] DEBUG org.activiti.engine.impl.db.DbSqlSession  -   insert Task[id=807, name=kermitSubTask1]
10:45:10,876 [main] DEBUG org.activiti.engine.impl.db.DbSqlSession  -   insert HistoricTaskInstanceEntity[id=807, name=kermitSubTask1]
10:45:10,876 [main] DEBUG org.activiti.engine.impl.db.DbSqlSession  - flush summary: 2 insert, 0 update, 0 delete.
10:45:10,876 [main] DEBUG org.activiti.engine.impl.db.DbSqlSession  - now executing flush...
10:45:10,876 [main] DEBUG org.activiti.engine.impl.db.DbSqlSession  - inserting: HistoricTaskInstanceEntity[id=807, name=kermitSubTask1]
10:45:10,876 [main] DEBUG org.apache.ibatis.transaction.jdbc.JdbcTransaction  - Opening JDBC Connection
10:45:10,876 [main] DEBUG org.apache.ibatis.datasource.pooled.PooledDataSource  - Checked out connection 486346394 from pool.
10:45:10,876 [main] DEBUG org.apache.ibatis.transaction.jdbc.JdbcTransaction  - Setting autocommit to false on JDBC Connection [conn6: url=jdbc:h2:mem:activiti user=SA]
10:45:10,876 [main] DEBUG org.activiti.engine.impl.persistence.entity.HistoricTaskInstanceEntity.insertHistoricTaskInstance  - ==&gt;  Preparing: insert into ACT_HI_TASKINST ( ID_, PROC_DEF_ID_, PROC_INST_ID_, EXECUTION_ID_, NAME_, PARENT_TASK_ID_, DESCRIPTION_, OWNER_, ASSIGNEE_, START_TIME_, CLAIM_TIME_, END_TIME_, DURATION_, DELETE_REASON_, TASK_DEF_KEY_, FORM_KEY_, PRIORITY_, DUE_DATE_, CATEGORY_, TENANT_ID_ ) values ( ?, ?, ?, ?, ?, ?, ?, ?, ?, ?, ?, ?, ?, ?, ?, ?, ?, ?, ?, ? ) 
10:45:10,876 [main] DEBUG org.activiti.engine.impl.persistence.entity.HistoricTaskInstanceEntity.insertHistoricTaskInstance  - ==&gt; Parameters: 807(String), null, null, null, kermitSubTask1(String), 804(String), description for kermit sub-task1(String), null, null, 2009-01-01 01:01:01.0(Timestamp), null, null, null, null, null, null, 50(Integer), null, null, (String)
10:45:10,876 [main] DEBUG org.activiti.engine.impl.persistence.entity.HistoricTaskInstanceEntity.insertHistoricTaskInstance  - &lt;==    Updates: 1
10:45:10,876 [main] DEBUG org.activiti.engine.impl.db.DbSqlSession  - inserting: Task[id=807, name=kermitSubTask1]
10:45:10,876 [main] DEBUG org.activiti.engine.impl.persistence.entity.TaskEntity.insertTask  - ==&gt;  Preparing: insert into ACT_RU_TASK (ID_, REV_, NAME_, PARENT_TASK_ID_, DESCRIPTION_, PRIORITY_, CREATE_TIME_, OWNER_, ASSIGNEE_, DELEGATION_, EXECUTION_ID_, PROC_INST_ID_, PROC_DEF_ID_, TASK_DEF_KEY_, DUE_DATE_, CATEGORY_, SUSPENSION_STATE_, TENANT_ID_, FORM_KEY_) values (?, 1, ?, ?, ?, ?, ?, ?, ?, ?, ?, ?, ?, ?, ?, ?, ?, ?, ? ) 
10:45:10,876 [main] DEBUG org.activiti.engine.impl.persistence.entity.TaskEntity.insertTask  - ==&gt; Parameters: 807(String), kermitSubTask1(String), 804(String), description for kermit sub-task1(String), 50(Integer), 2009-01-01 01:01:01.0(Timestamp), null, null, null, null, null, null, null, null, null, 1(Integer), (String), null
10:45:10,876 [main] DEBUG org.activiti.engine.impl.persistence.entity.TaskEntity.insertTask  - &lt;==    Updates: 1
10:45:10,876 [main] DEBUG org.activiti.engine.impl.cfg.standalone.StandaloneMybatisTransactionContext  - firing event committing...
10:45:10,876 [main] DEBUG org.activiti.engine.impl.cfg.standalone.StandaloneMybatisTransactionContext  - committing the ibatis sql session...
10:45:10,876 [main] DEBUG org.apache.ibatis.transaction.jdbc.JdbcTransaction  - Committing JDBC Connection [conn6: url=jdbc:h2:mem:activiti user=SA]
10:45:10,876 [main] DEBUG org.activiti.engine.impl.cfg.standalone.StandaloneMybatisTransactionContext  - firing event committed...
10:45:10,876 [main] DEBUG org.apache.ibatis.transaction.jdbc.JdbcTransaction  - Resetting autocommit to true on JDBC Connection [conn6: url=jdbc:h2:mem:activiti user=SA]
10:45:10,876 [main] DEBUG org.apache.ibatis.transaction.jdbc.JdbcTransaction  - Closing JDBC Connection [conn6: url=jdbc:h2:mem:activiti user=SA]
10:45:10,876 [main] DEBUG org.apache.ibatis.datasource.pooled.PooledDataSource  - Returned connection 486346394 to pool.
10:45:10,876 [main] DEBUG org.activiti.engine.impl.interceptor.LogInterceptor  - --- SaveTaskCmd finished --------------------------------------------------------
10:45:10,876 [main] DEBUG org.activiti.engine.impl.interceptor.LogInterceptor  - 

10:45:10,876 [main] DEBUG org.activiti.engine.impl.interceptor.LogInterceptor  - 

10:45:10,876 [main] DEBUG org.activiti.engine.impl.interceptor.LogInterceptor  - --- starting AddIdentityLinkCmd --------------------------------------------------------
10:45:10,876 [main] DEBUG org.apache.ibatis.transaction.jdbc.JdbcTransaction  - Opening JDBC Connection
10:45:10,876 [main] DEBUG org.apache.ibatis.datasource.pooled.PooledDataSource  - Checked out connection 180014677 from pool.
10:45:10,876 [main] DEBUG org.apache.ibatis.transaction.jdbc.JdbcTransaction  - Setting autocommit to false on JDBC Connection [conn3: url=jdbc:h2:mem:activiti user=SA]
10:45:10,876 [main] DEBUG org.activiti.engine.impl.persistence.entity.TaskEntity.selectTask  - ==&gt;  Preparing: select * from ACT_RU_TASK where ID_ = ? 
10:45:10,876 [main] DEBUG org.activiti.engine.impl.persistence.entity.TaskEntity.selectTask  - ==&gt; Parameters: 807(String)
10:45:10,877 [main] DEBUG org.activiti.engine.impl.persistence.entity.TaskEntity.selectTask  - &lt;==      Total: 1
10:45:10,877 [main] DEBUG org.activiti.engine.impl.persistence.entity.IdentityLinkEntity.selectIdentityLinksByTask  - ==&gt;  Preparing: select * from ACT_RU_IDENTITYLINK where TASK_ID_ = ? 
10:45:10,877 [main] DEBUG org.activiti.engine.impl.persistence.entity.IdentityLinkEntity.selectIdentityLinksByTask  - ==&gt; Parameters: 807(String)
10:45:10,877 [main] DEBUG org.activiti.engine.impl.persistence.entity.IdentityLinkEntity.selectIdentityLinksByTask  - &lt;==      Total: 0
10:45:10,877 [main] DEBUG org.activiti.engine.impl.history.DefaultHistoryManager  - Current history level: FULL, level required: AUDIT
10:45:10,877 [main] DEBUG org.activiti.engine.impl.history.DefaultHistoryManager  - Current history level: FULL
10:45:10,877 [main] DEBUG org.activiti.engine.impl.history.DefaultHistoryManager  - Current history level: FULL
10:45:10,877 [main] DEBUG org.activiti.engine.impl.db.DbSqlSession  -   insert org.activiti.engine.impl.persistence.entity.HistoricIdentityLinkEntity@2456716b
10:45:10,877 [main] DEBUG org.activiti.engine.impl.db.DbSqlSession  -   insert IdentityLinkEntity[id=808, type=candidate, userId=kermit, taskId=807]
10:45:10,877 [main] DEBUG org.activiti.engine.impl.db.DbSqlSession  -   insert org.activiti.engine.impl.persistence.entity.CommentEntity@63541960
10:45:10,877 [main] DEBUG org.activiti.engine.impl.db.DbSqlSession  - flush summary: 3 insert, 0 update, 0 delete.
10:45:10,877 [main] DEBUG org.activiti.engine.impl.db.DbSqlSession  - now executing flush...
10:45:10,877 [main] DEBUG org.activiti.engine.impl.db.DbSqlSession  - inserting: org.activiti.engine.impl.persistence.entity.HistoricIdentityLinkEntity@2456716b
10:45:10,877 [main] DEBUG org.activiti.engine.impl.persistence.entity.HistoricIdentityLinkEntity.insertHistoricIdentityLink  - ==&gt;  Preparing: insert into ACT_HI_IDENTITYLINK (ID_, TYPE_, USER_ID_, GROUP_ID_, TASK_ID_, PROC_INST_ID_) values (?, ?, ?, ?, ?, ?) 
10:45:10,877 [main] DEBUG org.activiti.engine.impl.persistence.entity.HistoricIdentityLinkEntity.insertHistoricIdentityLink  - ==&gt; Parameters: 808(String), candidate(String), kermit(String), null, 807(String), null
10:45:10,877 [main] DEBUG org.activiti.engine.impl.persistence.entity.HistoricIdentityLinkEntity.insertHistoricIdentityLink  - &lt;==    Updates: 1
10:45:10,877 [main] DEBUG org.activiti.engine.impl.db.DbSqlSession  - inserting: IdentityLinkEntity[id=808, type=candidate, userId=kermit, taskId=807]
10:45:10,877 [main] DEBUG org.activiti.engine.impl.persistence.entity.IdentityLinkEntity.insertIdentityLink  - ==&gt;  Preparing: insert into ACT_RU_IDENTITYLINK (ID_, REV_, TYPE_, USER_ID_, GROUP_ID_, TASK_ID_, PROC_INST_ID_, PROC_DEF_ID_) values (?, 1, ?, ?, ?, ?, ?, ?) 
10:45:10,877 [main] DEBUG org.activiti.engine.impl.persistence.entity.IdentityLinkEntity.insertIdentityLink  - ==&gt; Parameters: 808(String), candidate(String), kermit(String), null, 807(String), null, null
10:45:10,877 [main] DEBUG org.activiti.engine.impl.persistence.entity.IdentityLinkEntity.insertIdentityLink  - &lt;==    Updates: 1
10:45:10,877 [main] DEBUG org.activiti.engine.impl.db.DbSqlSession  - inserting: org.activiti.engine.impl.persistence.entity.CommentEntity@63541960
10:45:10,877 [main] DEBUG org.activiti.engine.impl.persistence.entity.CommentEntity.insertComment  - ==&gt;  Preparing: insert into ACT_HI_COMMENT (ID_, TYPE_, TIME_, USER_ID_, TASK_ID_, PROC_INST_ID_, ACTION_, MESSAGE_, FULL_MSG_) values (?, ?, ?, ?, ?, ?, ?, ?, ?) 
10:45:10,877 [main] DEBUG org.activiti.engine.impl.persistence.entity.CommentEntity.insertComment  - ==&gt; Parameters: 809(String), event(String), 2009-01-01 01:01:01.0(Timestamp), null, 807(String), null, AddUserLink(String), kermit_|_candidate(String), null
10:45:10,877 [main] DEBUG org.activiti.engine.impl.persistence.entity.CommentEntity.insertComment  - &lt;==    Updates: 1
10:45:10,877 [main] DEBUG org.activiti.engine.impl.cfg.standalone.StandaloneMybatisTransactionContext  - firing event committing...
10:45:10,877 [main] DEBUG org.activiti.engine.impl.cfg.standalone.StandaloneMybatisTransactionContext  - committing the ibatis sql session...
10:45:10,877 [main] DEBUG org.apache.ibatis.transaction.jdbc.JdbcTransaction  - Committing JDBC Connection [conn3: url=jdbc:h2:mem:activiti user=SA]
10:45:10,877 [main] DEBUG org.activiti.engine.impl.cfg.standalone.StandaloneMybatisTransactionContext  - firing event committed...
10:45:10,877 [main] DEBUG org.apache.ibatis.transaction.jdbc.JdbcTransaction  - Resetting autocommit to true on JDBC Connection [conn3: url=jdbc:h2:mem:activiti user=SA]
10:45:10,877 [main] DEBUG org.apache.ibatis.transaction.jdbc.JdbcTransaction  - Closing JDBC Connection [conn3: url=jdbc:h2:mem:activiti user=SA]
10:45:10,877 [main] DEBUG org.apache.ibatis.datasource.pooled.PooledDataSource  - Returned connection 180014677 to pool.
10:45:10,877 [main] DEBUG org.activiti.engine.impl.interceptor.LogInterceptor  - --- AddIdentityLinkCmd finished --------------------------------------------------------
10:45:10,877 [main] DEBUG org.activiti.engine.impl.interceptor.LogInterceptor  - 

10:45:10,877 [main] DEBUG org.activiti.engine.impl.interceptor.LogInterceptor  - 

10:45:10,877 [main] DEBUG org.activiti.engine.impl.interceptor.LogInterceptor  - --- starting NewTaskCmd --------------------------------------------------------
10:45:10,877 [main] DEBUG org.activiti.engine.impl.cfg.standalone.StandaloneMybatisTransactionContext  - firing event committing...
10:45:10,877 [main] DEBUG org.activiti.engine.impl.cfg.standalone.StandaloneMybatisTransactionContext  - committing the ibatis sql session...
10:45:10,877 [main] DEBUG org.activiti.engine.impl.cfg.standalone.StandaloneMybatisTransactionContext  - firing event committed...
10:45:10,877 [main] DEBUG org.activiti.engine.impl.interceptor.LogInterceptor  - --- NewTaskCmd finished --------------------------------------------------------
10:45:10,877 [main] DEBUG org.activiti.engine.impl.interceptor.LogInterceptor  - 

10:45:10,877 [main] DEBUG org.activiti.engine.impl.interceptor.LogInterceptor  - 

10:45:10,877 [main] DEBUG org.activiti.engine.impl.interceptor.LogInterceptor  - --- starting SaveTaskCmd --------------------------------------------------------
10:45:10,877 [main] DEBUG org.activiti.engine.impl.history.DefaultHistoryManager  - Current history level: FULL, level required: AUDIT
10:45:10,877 [main] DEBUG org.activiti.engine.impl.db.DbSqlSession  -   insert Task[id=810, name=kermitSubTask2]
10:45:10,877 [main] DEBUG org.activiti.engine.impl.db.DbSqlSession  -   insert HistoricTaskInstanceEntity[id=810, name=kermitSubTask2]
10:45:10,877 [main] DEBUG org.activiti.engine.impl.db.DbSqlSession  - flush summary: 2 insert, 0 update, 0 delete.
10:45:10,877 [main] DEBUG org.activiti.engine.impl.db.DbSqlSession  - now executing flush...
10:45:10,877 [main] DEBUG org.activiti.engine.impl.db.DbSqlSession  - inserting: HistoricTaskInstanceEntity[id=810, name=kermitSubTask2]
10:45:10,877 [main] DEBUG org.apache.ibatis.transaction.jdbc.JdbcTransaction  - Opening JDBC Connection
10:45:10,877 [main] DEBUG org.apache.ibatis.datasource.pooled.PooledDataSource  - Checked out connection 363509958 from pool.
10:45:10,877 [main] DEBUG org.apache.ibatis.transaction.jdbc.JdbcTransaction  - Setting autocommit to false on JDBC Connection [conn2: url=jdbc:h2:mem:activiti user=SA]
10:45:10,877 [main] DEBUG org.activiti.engine.impl.persistence.entity.HistoricTaskInstanceEntity.insertHistoricTaskInstance  - ==&gt;  Preparing: insert into ACT_HI_TASKINST ( ID_, PROC_DEF_ID_, PROC_INST_ID_, EXECUTION_ID_, NAME_, PARENT_TASK_ID_, DESCRIPTION_, OWNER_, ASSIGNEE_, START_TIME_, CLAIM_TIME_, END_TIME_, DURATION_, DELETE_REASON_, TASK_DEF_KEY_, FORM_KEY_, PRIORITY_, DUE_DATE_, CATEGORY_, TENANT_ID_ ) values ( ?, ?, ?, ?, ?, ?, ?, ?, ?, ?, ?, ?, ?, ?, ?, ?, ?, ?, ?, ? ) 
10:45:10,877 [main] DEBUG org.activiti.engine.impl.persistence.entity.HistoricTaskInstanceEntity.insertHistoricTaskInstance  - ==&gt; Parameters: 810(String), null, null, null, kermitSubTask2(String), 804(String), description for kermit sub-task2(String), null, null, 2009-01-01 01:01:01.0(Timestamp), null, null, null, null, null, null, 50(Integer), null, null, (String)
10:45:10,877 [main] DEBUG org.activiti.engine.impl.persistence.entity.HistoricTaskInstanceEntity.insertHistoricTaskInstance  - &lt;==    Updates: 1
10:45:10,877 [main] DEBUG org.activiti.engine.impl.db.DbSqlSession  - inserting: Task[id=810, name=kermitSubTask2]
10:45:10,877 [main] DEBUG org.activiti.engine.impl.persistence.entity.TaskEntity.insertTask  - ==&gt;  Preparing: insert into ACT_RU_TASK (ID_, REV_, NAME_, PARENT_TASK_ID_, DESCRIPTION_, PRIORITY_, CREATE_TIME_, OWNER_, ASSIGNEE_, DELEGATION_, EXECUTION_ID_, PROC_INST_ID_, PROC_DEF_ID_, TASK_DEF_KEY_, DUE_DATE_, CATEGORY_, SUSPENSION_STATE_, TENANT_ID_, FORM_KEY_) values (?, 1, ?, ?, ?, ?, ?, ?, ?, ?, ?, ?, ?, ?, ?, ?, ?, ?, ? ) 
10:45:10,877 [main] DEBUG org.activiti.engine.impl.persistence.entity.TaskEntity.insertTask  - ==&gt; Parameters: 810(String), kermitSubTask2(String), 804(String), description for kermit sub-task2(String), 50(Integer), 2009-01-01 01:01:01.0(Timestamp), null, null, null, null, null, null, null, null, null, 1(Integer), (String), null
10:45:10,877 [main] DEBUG org.activiti.engine.impl.persistence.entity.TaskEntity.insertTask  - &lt;==    Updates: 1
10:45:10,877 [main] DEBUG org.activiti.engine.impl.cfg.standalone.StandaloneMybatisTransactionContext  - firing event committing...
10:45:10,877 [main] DEBUG org.activiti.engine.impl.cfg.standalone.StandaloneMybatisTransactionContext  - committing the ibatis sql session...
10:45:10,877 [main] DEBUG org.apache.ibatis.transaction.jdbc.JdbcTransaction  - Committing JDBC Connection [conn2: url=jdbc:h2:mem:activiti user=SA]
10:45:10,877 [main] DEBUG org.activiti.engine.impl.cfg.standalone.StandaloneMybatisTransactionContext  - firing event committed...
10:45:10,877 [main] DEBUG org.apache.ibatis.transaction.jdbc.JdbcTransaction  - Resetting autocommit to true on JDBC Connection [conn2: url=jdbc:h2:mem:activiti user=SA]
10:45:10,877 [main] DEBUG org.apache.ibatis.transaction.jdbc.JdbcTransaction  - Closing JDBC Connection [conn2: url=jdbc:h2:mem:activiti user=SA]
10:45:10,877 [main] DEBUG org.apache.ibatis.datasource.pooled.PooledDataSource  - Returned connection 363509958 to pool.
10:45:10,877 [main] DEBUG org.activiti.engine.impl.interceptor.LogInterceptor  - --- SaveTaskCmd finished --------------------------------------------------------
10:45:10,877 [main] DEBUG org.activiti.engine.impl.interceptor.LogInterceptor  - 

10:45:10,877 [main] DEBUG org.activiti.engine.impl.interceptor.LogInterceptor  - 

10:45:10,877 [main] DEBUG org.activiti.engine.impl.interceptor.LogInterceptor  - --- starting AddIdentityLinkCmd --------------------------------------------------------
10:45:10,877 [main] DEBUG org.apache.ibatis.transaction.jdbc.JdbcTransaction  - Opening JDBC Connection
10:45:10,877 [main] DEBUG org.apache.ibatis.datasource.pooled.PooledDataSource  - Checked out connection 297240765 from pool.
10:45:10,877 [main] DEBUG org.apache.ibatis.transaction.jdbc.JdbcTransaction  - Setting autocommit to false on JDBC Connection [conn4: url=jdbc:h2:mem:activiti user=SA]
10:45:10,877 [main] DEBUG org.activiti.engine.impl.persistence.entity.TaskEntity.selectTask  - ==&gt;  Preparing: select * from ACT_RU_TASK where ID_ = ? 
10:45:10,877 [main] DEBUG org.activiti.engine.impl.persistence.entity.TaskEntity.selectTask  - ==&gt; Parameters: 810(String)
10:45:10,877 [main] DEBUG org.activiti.engine.impl.persistence.entity.TaskEntity.selectTask  - &lt;==      Total: 1
10:45:10,877 [main] DEBUG org.activiti.engine.impl.persistence.entity.IdentityLinkEntity.selectIdentityLinksByTask  - ==&gt;  Preparing: select * from ACT_RU_IDENTITYLINK where TASK_ID_ = ? 
10:45:10,877 [main] DEBUG org.activiti.engine.impl.persistence.entity.IdentityLinkEntity.selectIdentityLinksByTask  - ==&gt; Parameters: 810(String)
10:45:10,877 [main] DEBUG org.activiti.engine.impl.persistence.entity.IdentityLinkEntity.selectIdentityLinksByTask  - &lt;==      Total: 0
10:45:10,877 [main] DEBUG org.activiti.engine.impl.history.DefaultHistoryManager  - Current history level: FULL, level required: AUDIT
10:45:10,877 [main] DEBUG org.activiti.engine.impl.history.DefaultHistoryManager  - Current history level: FULL
10:45:10,877 [main] DEBUG org.activiti.engine.impl.history.DefaultHistoryManager  - Current history level: FULL
10:45:10,877 [main] DEBUG org.activiti.engine.impl.db.DbSqlSession  -   insert org.activiti.engine.impl.persistence.entity.HistoricIdentityLinkEntity@6d43c881
10:45:10,877 [main] DEBUG org.activiti.engine.impl.db.DbSqlSession  -   insert IdentityLinkEntity[id=811, type=candidate, userId=kermit, taskId=810]
10:45:10,877 [main] DEBUG org.activiti.engine.impl.db.DbSqlSession  -   insert org.activiti.engine.impl.persistence.entity.CommentEntity@467625e3
10:45:10,877 [main] DEBUG org.activiti.engine.impl.db.DbSqlSession  - flush summary: 3 insert, 0 update, 0 delete.
10:45:10,877 [main] DEBUG org.activiti.engine.impl.db.DbSqlSession  - now executing flush...
10:45:10,877 [main] DEBUG org.activiti.engine.impl.db.DbSqlSession  - inserting: org.activiti.engine.impl.persistence.entity.HistoricIdentityLinkEntity@6d43c881
10:45:10,877 [main] DEBUG org.activiti.engine.impl.persistence.entity.HistoricIdentityLinkEntity.insertHistoricIdentityLink  - ==&gt;  Preparing: insert into ACT_HI_IDENTITYLINK (ID_, TYPE_, USER_ID_, GROUP_ID_, TASK_ID_, PROC_INST_ID_) values (?, ?, ?, ?, ?, ?) 
10:45:10,877 [main] DEBUG org.activiti.engine.impl.persistence.entity.HistoricIdentityLinkEntity.insertHistoricIdentityLink  - ==&gt; Parameters: 811(String), candidate(String), kermit(String), null, 810(String), null
10:45:10,877 [main] DEBUG org.activiti.engine.impl.persistence.entity.HistoricIdentityLinkEntity.insertHistoricIdentityLink  - &lt;==    Updates: 1
10:45:10,877 [main] DEBUG org.activiti.engine.impl.db.DbSqlSession  - inserting: IdentityLinkEntity[id=811, type=candidate, userId=kermit, taskId=810]
10:45:10,877 [main] DEBUG org.activiti.engine.impl.persistence.entity.IdentityLinkEntity.insertIdentityLink  - ==&gt;  Preparing: insert into ACT_RU_IDENTITYLINK (ID_, REV_, TYPE_, USER_ID_, GROUP_ID_, TASK_ID_, PROC_INST_ID_, PROC_DEF_ID_) values (?, 1, ?, ?, ?, ?, ?, ?) 
10:45:10,877 [main] DEBUG org.activiti.engine.impl.persistence.entity.IdentityLinkEntity.insertIdentityLink  - ==&gt; Parameters: 811(String), candidate(String), kermit(String), null, 810(String), null, null
10:45:10,877 [main] DEBUG org.activiti.engine.impl.persistence.entity.IdentityLinkEntity.insertIdentityLink  - &lt;==    Updates: 1
10:45:10,877 [main] DEBUG org.activiti.engine.impl.db.DbSqlSession  - inserting: org.activiti.engine.impl.persistence.entity.CommentEntity@467625e3
10:45:10,877 [main] DEBUG org.activiti.engine.impl.persistence.entity.CommentEntity.insertComment  - ==&gt;  Preparing: insert into ACT_HI_COMMENT (ID_, TYPE_, TIME_, USER_ID_, TASK_ID_, PROC_INST_ID_, ACTION_, MESSAGE_, FULL_MSG_) values (?, ?, ?, ?, ?, ?, ?, ?, ?) 
10:45:10,878 [main] DEBUG org.activiti.engine.impl.persistence.entity.CommentEntity.insertComment  - ==&gt; Parameters: 812(String), event(String), 2009-01-01 01:01:01.0(Timestamp), null, 810(String), null, AddUserLink(String), kermit_|_candidate(String), null
10:45:10,878 [main] DEBUG org.activiti.engine.impl.persistence.entity.CommentEntity.insertComment  - &lt;==    Updates: 1
10:45:10,878 [main] DEBUG org.activiti.engine.impl.cfg.standalone.StandaloneMybatisTransactionContext  - firing event committing...
10:45:10,878 [main] DEBUG org.activiti.engine.impl.cfg.standalone.StandaloneMybatisTransactionContext  - committing the ibatis sql session...
10:45:10,878 [main] DEBUG org.apache.ibatis.transaction.jdbc.JdbcTransaction  - Committing JDBC Connection [conn4: url=jdbc:h2:mem:activiti user=SA]
10:45:10,878 [main] DEBUG org.activiti.engine.impl.cfg.standalone.StandaloneMybatisTransactionContext  - firing event committed...
10:45:10,878 [main] DEBUG org.apache.ibatis.transaction.jdbc.JdbcTransaction  - Resetting autocommit to true on JDBC Connection [conn4: url=jdbc:h2:mem:activiti user=SA]
10:45:10,878 [main] DEBUG org.apache.ibatis.transaction.jdbc.JdbcTransaction  - Closing JDBC Connection [conn4: url=jdbc:h2:mem:activiti user=SA]
10:45:10,878 [main] DEBUG org.apache.ibatis.datasource.pooled.PooledDataSource  - Returned connection 297240765 to pool.
10:45:10,878 [main] DEBUG org.activiti.engine.impl.interceptor.LogInterceptor  - --- AddIdentityLinkCmd finished --------------------------------------------------------
10:45:10,878 [main] DEBUG org.activiti.engine.impl.interceptor.LogInterceptor  - 

10:45:10,878 [main] DEBUG org.activiti.engine.impl.interceptor.LogInterceptor  - 

10:45:10,878 [main] DEBUG org.activiti.engine.impl.interceptor.LogInterceptor  - --- starting NewTaskCmd --------------------------------------------------------
10:45:10,878 [main] DEBUG org.activiti.engine.impl.cfg.standalone.StandaloneMybatisTransactionContext  - firing event committing...
10:45:10,878 [main] DEBUG org.activiti.engine.impl.cfg.standalone.StandaloneMybatisTransactionContext  - committing the ibatis sql session...
10:45:10,878 [main] DEBUG org.activiti.engine.impl.cfg.standalone.StandaloneMybatisTransactionContext  - firing event committed...
10:45:10,878 [main] DEBUG org.activiti.engine.impl.interceptor.LogInterceptor  - --- NewTaskCmd finished --------------------------------------------------------
10:45:10,878 [main] DEBUG org.activiti.engine.impl.interceptor.LogInterceptor  - 

10:45:10,878 [main] DEBUG org.activiti.engine.impl.interceptor.LogInterceptor  - 

10:45:10,878 [main] DEBUG org.activiti.engine.impl.interceptor.LogInterceptor  - --- starting SaveTaskCmd --------------------------------------------------------
10:45:10,878 [main] DEBUG org.activiti.engine.impl.history.DefaultHistoryManager  - Current history level: FULL, level required: AUDIT
10:45:10,878 [main] DEBUG org.activiti.engine.impl.db.DbSqlSession  -   insert Task[id=813, name=gonzoRootTask1]
10:45:10,878 [main] DEBUG org.activiti.engine.impl.db.DbSqlSession  -   insert HistoricTaskInstanceEntity[id=813, name=gonzoRootTask1]
10:45:10,878 [main] DEBUG org.activiti.engine.impl.db.DbSqlSession  - flush summary: 2 insert, 0 update, 0 delete.
10:45:10,878 [main] DEBUG org.activiti.engine.impl.db.DbSqlSession  - now executing flush...
10:45:10,878 [main] DEBUG org.activiti.engine.impl.db.DbSqlSession  - inserting: HistoricTaskInstanceEntity[id=813, name=gonzoRootTask1]
10:45:10,878 [main] DEBUG org.apache.ibatis.transaction.jdbc.JdbcTransaction  - Opening JDBC Connection
10:45:10,878 [main] DEBUG org.apache.ibatis.datasource.pooled.PooledDataSource  - Checked out connection 486346394 from pool.
10:45:10,878 [main] DEBUG org.apache.ibatis.transaction.jdbc.JdbcTransaction  - Setting autocommit to false on JDBC Connection [conn6: url=jdbc:h2:mem:activiti user=SA]
10:45:10,878 [main] DEBUG org.activiti.engine.impl.persistence.entity.HistoricTaskInstanceEntity.insertHistoricTaskInstance  - ==&gt;  Preparing: insert into ACT_HI_TASKINST ( ID_, PROC_DEF_ID_, PROC_INST_ID_, EXECUTION_ID_, NAME_, PARENT_TASK_ID_, DESCRIPTION_, OWNER_, ASSIGNEE_, START_TIME_, CLAIM_TIME_, END_TIME_, DURATION_, DELETE_REASON_, TASK_DEF_KEY_, FORM_KEY_, PRIORITY_, DUE_DATE_, CATEGORY_, TENANT_ID_ ) values ( ?, ?, ?, ?, ?, ?, ?, ?, ?, ?, ?, ?, ?, ?, ?, ?, ?, ?, ?, ? ) 
10:45:10,878 [main] DEBUG org.activiti.engine.impl.persistence.entity.HistoricTaskInstanceEntity.insertHistoricTaskInstance  - ==&gt; Parameters: 813(String), null, null, null, gonzoRootTask1(String), null, gonzo Root task1 description(String), null, null, 2008-02-01 02:02:02.0(Timestamp), null, null, null, null, null, null, 50(Integer), null, null, (String)
10:45:10,878 [main] DEBUG org.activiti.engine.impl.persistence.entity.HistoricTaskInstanceEntity.insertHistoricTaskInstance  - &lt;==    Updates: 1
10:45:10,878 [main] DEBUG org.activiti.engine.impl.db.DbSqlSession  - inserting: Task[id=813, name=gonzoRootTask1]
10:45:10,878 [main] DEBUG org.activiti.engine.impl.persistence.entity.TaskEntity.insertTask  - ==&gt;  Preparing: insert into ACT_RU_TASK (ID_, REV_, NAME_, PARENT_TASK_ID_, DESCRIPTION_, PRIORITY_, CREATE_TIME_, OWNER_, ASSIGNEE_, DELEGATION_, EXECUTION_ID_, PROC_INST_ID_, PROC_DEF_ID_, TASK_DEF_KEY_, DUE_DATE_, CATEGORY_, SUSPENSION_STATE_, TENANT_ID_, FORM_KEY_) values (?, 1, ?, ?, ?, ?, ?, ?, ?, ?, ?, ?, ?, ?, ?, ?, ?, ?, ? ) 
10:45:10,878 [main] DEBUG org.activiti.engine.impl.persistence.entity.TaskEntity.insertTask  - ==&gt; Parameters: 813(String), gonzoRootTask1(String), null, gonzo Root task1 description(String), 50(Integer), 2008-02-01 02:02:02.0(Timestamp), null, null, null, null, null, null, null, null, null, 1(Integer), (String), null
10:45:10,878 [main] DEBUG org.activiti.engine.impl.persistence.entity.TaskEntity.insertTask  - &lt;==    Updates: 1
10:45:10,878 [main] DEBUG org.activiti.engine.impl.cfg.standalone.StandaloneMybatisTransactionContext  - firing event committing...
10:45:10,878 [main] DEBUG org.activiti.engine.impl.cfg.standalone.StandaloneMybatisTransactionContext  - committing the ibatis sql session...
10:45:10,878 [main] DEBUG org.apache.ibatis.transaction.jdbc.JdbcTransaction  - Committing JDBC Connection [conn6: url=jdbc:h2:mem:activiti user=SA]
10:45:10,878 [main] DEBUG org.activiti.engine.impl.cfg.standalone.StandaloneMybatisTransactionContext  - firing event committed...
10:45:10,878 [main] DEBUG org.apache.ibatis.transaction.jdbc.JdbcTransaction  - Resetting autocommit to true on JDBC Connection [conn6: url=jdbc:h2:mem:activiti user=SA]
10:45:10,878 [main] DEBUG org.apache.ibatis.transaction.jdbc.JdbcTransaction  - Closing JDBC Connection [conn6: url=jdbc:h2:mem:activiti user=SA]
10:45:10,878 [main] DEBUG org.apache.ibatis.datasource.pooled.PooledDataSource  - Returned connection 486346394 to pool.
10:45:10,878 [main] DEBUG org.activiti.engine.impl.interceptor.LogInterceptor  - --- SaveTaskCmd finished --------------------------------------------------------
10:45:10,878 [main] DEBUG org.activiti.engine.impl.interceptor.LogInterceptor  - 

10:45:10,878 [main] DEBUG org.activiti.engine.impl.interceptor.LogInterceptor  - 

10:45:10,878 [main] DEBUG org.activiti.engine.impl.interceptor.LogInterceptor  - --- starting AddIdentityLinkCmd --------------------------------------------------------
10:45:10,878 [main] DEBUG org.apache.ibatis.transaction.jdbc.JdbcTransaction  - Opening JDBC Connection
10:45:10,878 [main] DEBUG org.apache.ibatis.datasource.pooled.PooledDataSource  - Checked out connection 180014677 from pool.
10:45:10,878 [main] DEBUG org.apache.ibatis.transaction.jdbc.JdbcTransaction  - Setting autocommit to false on JDBC Connection [conn3: url=jdbc:h2:mem:activiti user=SA]
10:45:10,878 [main] DEBUG org.activiti.engine.impl.persistence.entity.TaskEntity.selectTask  - ==&gt;  Preparing: select * from ACT_RU_TASK where ID_ = ? 
10:45:10,878 [main] DEBUG org.activiti.engine.impl.persistence.entity.TaskEntity.selectTask  - ==&gt; Parameters: 813(String)
10:45:10,878 [main] DEBUG org.activiti.engine.impl.persistence.entity.TaskEntity.selectTask  - &lt;==      Total: 1
10:45:10,878 [main] DEBUG org.activiti.engine.impl.history.DefaultHistoryManager  - Current history level: FULL, level required: AUDIT
10:45:10,878 [main] DEBUG org.activiti.engine.impl.persistence.entity.HistoricTaskInstanceEntity.selectHistoricTaskInstance  - ==&gt;  Preparing: select * from ACT_HI_TASKINST where ID_ = ? 
10:45:10,878 [main] DEBUG org.activiti.engine.impl.persistence.entity.HistoricTaskInstanceEntity.selectHistoricTaskInstance  - ==&gt; Parameters: 813(String)
10:45:10,878 [main] DEBUG org.activiti.engine.impl.persistence.entity.HistoricTaskInstanceEntity.selectHistoricTaskInstance  - &lt;==      Total: 1
10:45:10,878 [main] DEBUG org.activiti.engine.impl.history.DefaultHistoryManager  - Current history level: FULL
10:45:10,878 [main] DEBUG org.activiti.engine.impl.history.DefaultHistoryManager  - Current history level: FULL
10:45:10,878 [main] DEBUG org.activiti.engine.impl.db.DbSqlSession  -   insert org.activiti.engine.impl.persistence.entity.CommentEntity@513cd96f
10:45:10,878 [main] DEBUG org.activiti.engine.impl.db.DbSqlSession  -   update Task[id=813, name=gonzoRootTask1]
10:45:10,878 [main] DEBUG org.activiti.engine.impl.db.DbSqlSession  -   update HistoricTaskInstanceEntity[id=813, name=gonzoRootTask1]
10:45:10,878 [main] DEBUG org.activiti.engine.impl.db.DbSqlSession  - flush summary: 1 insert, 2 update, 0 delete.
10:45:10,878 [main] DEBUG org.activiti.engine.impl.db.DbSqlSession  - now executing flush...
10:45:10,878 [main] DEBUG org.activiti.engine.impl.db.DbSqlSession  - inserting: org.activiti.engine.impl.persistence.entity.CommentEntity@513cd96f
10:45:10,878 [main] DEBUG org.activiti.engine.impl.persistence.entity.CommentEntity.insertComment  - ==&gt;  Preparing: insert into ACT_HI_COMMENT (ID_, TYPE_, TIME_, USER_ID_, TASK_ID_, PROC_INST_ID_, ACTION_, MESSAGE_, FULL_MSG_) values (?, ?, ?, ?, ?, ?, ?, ?, ?) 
10:45:10,878 [main] DEBUG org.activiti.engine.impl.persistence.entity.CommentEntity.insertComment  - ==&gt; Parameters: 814(String), event(String), 2008-02-01 02:02:02.0(Timestamp), null, 813(String), null, AddUserLink(String), gonzo_|_assignee(String), null
10:45:10,878 [main] DEBUG org.activiti.engine.impl.persistence.entity.CommentEntity.insertComment  - &lt;==    Updates: 1
10:45:10,878 [main] DEBUG org.activiti.engine.impl.db.DbSqlSession  - updating: Task[id=813, name=gonzoRootTask1]
10:45:10,878 [main] DEBUG org.activiti.engine.impl.persistence.entity.TaskEntity.updateTask  - ==&gt;  Preparing: update ACT_RU_TASK SET REV_ = ?, NAME_ = ?, PARENT_TASK_ID_ = ?, PRIORITY_ = ?, CREATE_TIME_ = ?, OWNER_ = ?, ASSIGNEE_ = ?, DELEGATION_ = ?, EXECUTION_ID_ = ?, PROC_DEF_ID_ = ?, DESCRIPTION_ = ?, DUE_DATE_ = ?, CATEGORY_ = ?, SUSPENSION_STATE_ = ?, FORM_KEY_ = ? where ID_= ? and REV_ = ? 
10:45:10,878 [main] DEBUG org.activiti.engine.impl.persistence.entity.TaskEntity.updateTask  - ==&gt; Parameters: 2(Integer), gonzoRootTask1(String), null, 50(Integer), 2008-02-01 02:02:02.0(Timestamp), null, gonzo(String), null, null, null, gonzo Root task1 description(String), null, null, 1(Integer), null, 813(String), 1(Integer)
10:45:10,878 [main] DEBUG org.activiti.engine.impl.persistence.entity.TaskEntity.updateTask  - &lt;==    Updates: 1
10:45:10,878 [main] DEBUG org.activiti.engine.impl.db.DbSqlSession  - updating: HistoricTaskInstanceEntity[id=813, name=gonzoRootTask1]
10:45:10,878 [main] DEBUG org.activiti.engine.impl.persistence.entity.HistoricTaskInstanceEntity.updateHistoricTaskInstance  - ==&gt;  Preparing: update ACT_HI_TASKINST set EXECUTION_ID_ = ?, NAME_ = ?, PARENT_TASK_ID_ = ?, DESCRIPTION_ = ?, OWNER_ = ?, ASSIGNEE_ = ?, CLAIM_TIME_ = ?, END_TIME_ = ?, DURATION_ = ?, DELETE_REASON_ = ?, TASK_DEF_KEY_ = ?, FORM_KEY_ = ?, PRIORITY_ = ?, DUE_DATE_ = ?, CATEGORY_ = ? where ID_ = ? 
10:45:10,878 [main] DEBUG org.activiti.engine.impl.persistence.entity.HistoricTaskInstanceEntity.updateHistoricTaskInstance  - ==&gt; Parameters: null, gonzoRootTask1(String), null, gonzo Root task1 description(String), null, gonzo(String), null, null, null, null, null, null, 50(Integer), null, null, 813(String)
10:45:10,878 [main] DEBUG org.activiti.engine.impl.persistence.entity.HistoricTaskInstanceEntity.updateHistoricTaskInstance  - &lt;==    Updates: 1
10:45:10,878 [main] DEBUG org.activiti.engine.impl.cfg.standalone.StandaloneMybatisTransactionContext  - firing event committing...
10:45:10,878 [main] DEBUG org.activiti.engine.impl.cfg.standalone.StandaloneMybatisTransactionContext  - committing the ibatis sql session...
10:45:10,878 [main] DEBUG org.apache.ibatis.transaction.jdbc.JdbcTransaction  - Committing JDBC Connection [conn3: url=jdbc:h2:mem:activiti user=SA]
10:45:10,878 [main] DEBUG org.activiti.engine.impl.cfg.standalone.StandaloneMybatisTransactionContext  - firing event committed...
10:45:10,878 [main] DEBUG org.apache.ibatis.transaction.jdbc.JdbcTransaction  - Resetting autocommit to true on JDBC Connection [conn3: url=jdbc:h2:mem:activiti user=SA]
10:45:10,878 [main] DEBUG org.apache.ibatis.transaction.jdbc.JdbcTransaction  - Closing JDBC Connection [conn3: url=jdbc:h2:mem:activiti user=SA]
10:45:10,878 [main] DEBUG org.apache.ibatis.datasource.pooled.PooledDataSource  - Returned connection 180014677 to pool.
10:45:10,878 [main] DEBUG org.activiti.engine.impl.interceptor.LogInterceptor  - --- AddIdentityLinkCmd finished --------------------------------------------------------
10:45:10,878 [main] DEBUG org.activiti.engine.impl.interceptor.LogInterceptor  - 

10:45:10,878 [main] DEBUG org.activiti.engine.impl.interceptor.LogInterceptor  - 

10:45:10,878 [main] DEBUG org.activiti.engine.impl.interceptor.LogInterceptor  - --- starting NewTaskCmd --------------------------------------------------------
10:45:10,878 [main] DEBUG org.activiti.engine.impl.cfg.standalone.StandaloneMybatisTransactionContext  - firing event committing...
10:45:10,878 [main] DEBUG org.activiti.engine.impl.cfg.standalone.StandaloneMybatisTransactionContext  - committing the ibatis sql session...
10:45:10,878 [main] DEBUG org.activiti.engine.impl.cfg.standalone.StandaloneMybatisTransactionContext  - firing event committed...
10:45:10,878 [main] DEBUG org.activiti.engine.impl.interceptor.LogInterceptor  - --- NewTaskCmd finished --------------------------------------------------------
10:45:10,878 [main] DEBUG org.activiti.engine.impl.interceptor.LogInterceptor  - 

10:45:10,878 [main] DEBUG org.activiti.engine.impl.interceptor.LogInterceptor  - 

10:45:10,878 [main] DEBUG org.activiti.engine.impl.interceptor.LogInterceptor  - --- starting SaveTaskCmd --------------------------------------------------------
10:45:10,879 [main] DEBUG org.activiti.engine.impl.history.DefaultHistoryManager  - Current history level: FULL, level required: AUDIT
10:45:10,879 [main] DEBUG org.activiti.engine.impl.db.DbSqlSession  -   insert Task[id=815, name=gonzoRootTask2]
10:45:10,879 [main] DEBUG org.activiti.engine.impl.db.DbSqlSession  -   insert HistoricTaskInstanceEntity[id=815, name=gonzoRootTask2]
10:45:10,879 [main] DEBUG org.activiti.engine.impl.db.DbSqlSession  - flush summary: 2 insert, 0 update, 0 delete.
10:45:10,879 [main] DEBUG org.activiti.engine.impl.db.DbSqlSession  - now executing flush...
10:45:10,879 [main] DEBUG org.activiti.engine.impl.db.DbSqlSession  - inserting: HistoricTaskInstanceEntity[id=815, name=gonzoRootTask2]
10:45:10,879 [main] DEBUG org.apache.ibatis.transaction.jdbc.JdbcTransaction  - Opening JDBC Connection
10:45:10,879 [main] DEBUG org.apache.ibatis.datasource.pooled.PooledDataSource  - Checked out connection 363509958 from pool.
10:45:10,879 [main] DEBUG org.apache.ibatis.transaction.jdbc.JdbcTransaction  - Setting autocommit to false on JDBC Connection [conn2: url=jdbc:h2:mem:activiti user=SA]
10:45:10,879 [main] DEBUG org.activiti.engine.impl.persistence.entity.HistoricTaskInstanceEntity.insertHistoricTaskInstance  - ==&gt;  Preparing: insert into ACT_HI_TASKINST ( ID_, PROC_DEF_ID_, PROC_INST_ID_, EXECUTION_ID_, NAME_, PARENT_TASK_ID_, DESCRIPTION_, OWNER_, ASSIGNEE_, START_TIME_, CLAIM_TIME_, END_TIME_, DURATION_, DELETE_REASON_, TASK_DEF_KEY_, FORM_KEY_, PRIORITY_, DUE_DATE_, CATEGORY_, TENANT_ID_ ) values ( ?, ?, ?, ?, ?, ?, ?, ?, ?, ?, ?, ?, ?, ?, ?, ?, ?, ?, ?, ? ) 
10:45:10,879 [main] DEBUG org.activiti.engine.impl.persistence.entity.HistoricTaskInstanceEntity.insertHistoricTaskInstance  - ==&gt; Parameters: 815(String), null, null, null, gonzoRootTask2(String), null, gonzo Root task2 description(String), null, null, 2008-02-05 02:02:02.0(Timestamp), null, null, null, null, null, null, 50(Integer), null, null, (String)
10:45:10,879 [main] DEBUG org.activiti.engine.impl.persistence.entity.HistoricTaskInstanceEntity.insertHistoricTaskInstance  - &lt;==    Updates: 1
10:45:10,879 [main] DEBUG org.activiti.engine.impl.db.DbSqlSession  - inserting: Task[id=815, name=gonzoRootTask2]
10:45:10,879 [main] DEBUG org.activiti.engine.impl.persistence.entity.TaskEntity.insertTask  - ==&gt;  Preparing: insert into ACT_RU_TASK (ID_, REV_, NAME_, PARENT_TASK_ID_, DESCRIPTION_, PRIORITY_, CREATE_TIME_, OWNER_, ASSIGNEE_, DELEGATION_, EXECUTION_ID_, PROC_INST_ID_, PROC_DEF_ID_, TASK_DEF_KEY_, DUE_DATE_, CATEGORY_, SUSPENSION_STATE_, TENANT_ID_, FORM_KEY_) values (?, 1, ?, ?, ?, ?, ?, ?, ?, ?, ?, ?, ?, ?, ?, ?, ?, ?, ? ) 
10:45:10,879 [main] DEBUG org.activiti.engine.impl.persistence.entity.TaskEntity.insertTask  - ==&gt; Parameters: 815(String), gonzoRootTask2(String), null, gonzo Root task2 description(String), 50(Integer), 2008-02-05 02:02:02.0(Timestamp), null, null, null, null, null, null, null, null, null, 1(Integer), (String), null
10:45:10,879 [main] DEBUG org.activiti.engine.impl.persistence.entity.TaskEntity.insertTask  - &lt;==    Updates: 1
10:45:10,879 [main] DEBUG org.activiti.engine.impl.cfg.standalone.StandaloneMybatisTransactionContext  - firing event committing...
10:45:10,879 [main] DEBUG org.activiti.engine.impl.cfg.standalone.StandaloneMybatisTransactionContext  - committing the ibatis sql session...
10:45:10,879 [main] DEBUG org.apache.ibatis.transaction.jdbc.JdbcTransaction  - Committing JDBC Connection [conn2: url=jdbc:h2:mem:activiti user=SA]
10:45:10,879 [main] DEBUG org.activiti.engine.impl.cfg.standalone.StandaloneMybatisTransactionContext  - firing event committed...
10:45:10,879 [main] DEBUG org.apache.ibatis.transaction.jdbc.JdbcTransaction  - Resetting autocommit to true on JDBC Connection [conn2: url=jdbc:h2:mem:activiti user=SA]
10:45:10,879 [main] DEBUG org.apache.ibatis.transaction.jdbc.JdbcTransaction  - Closing JDBC Connection [conn2: url=jdbc:h2:mem:activiti user=SA]
10:45:10,879 [main] DEBUG org.apache.ibatis.datasource.pooled.PooledDataSource  - Returned connection 363509958 to pool.
10:45:10,879 [main] DEBUG org.activiti.engine.impl.interceptor.LogInterceptor  - --- SaveTaskCmd finished --------------------------------------------------------
10:45:10,879 [main] DEBUG org.activiti.engine.impl.interceptor.LogInterceptor  - 

10:45:10,879 [main] DEBUG org.activiti.engine.impl.interceptor.LogInterceptor  - 

10:45:10,879 [main] DEBUG org.activiti.engine.impl.interceptor.LogInterceptor  - --- starting AddIdentityLinkCmd --------------------------------------------------------
10:45:10,879 [main] DEBUG org.apache.ibatis.transaction.jdbc.JdbcTransaction  - Opening JDBC Connection
10:45:10,879 [main] DEBUG org.apache.ibatis.datasource.pooled.PooledDataSource  - Checked out connection 297240765 from pool.
10:45:10,879 [main] DEBUG org.apache.ibatis.transaction.jdbc.JdbcTransaction  - Setting autocommit to false on JDBC Connection [conn4: url=jdbc:h2:mem:activiti user=SA]
10:45:10,879 [main] DEBUG org.activiti.engine.impl.persistence.entity.TaskEntity.selectTask  - ==&gt;  Preparing: select * from ACT_RU_TASK where ID_ = ? 
10:45:10,879 [main] DEBUG org.activiti.engine.impl.persistence.entity.TaskEntity.selectTask  - ==&gt; Parameters: 815(String)
10:45:10,879 [main] DEBUG org.activiti.engine.impl.persistence.entity.TaskEntity.selectTask  - &lt;==      Total: 1
10:45:10,879 [main] DEBUG org.activiti.engine.impl.history.DefaultHistoryManager  - Current history level: FULL, level required: AUDIT
10:45:10,879 [main] DEBUG org.activiti.engine.impl.persistence.entity.HistoricTaskInstanceEntity.selectHistoricTaskInstance  - ==&gt;  Preparing: select * from ACT_HI_TASKINST where ID_ = ? 
10:45:10,879 [main] DEBUG org.activiti.engine.impl.persistence.entity.HistoricTaskInstanceEntity.selectHistoricTaskInstance  - ==&gt; Parameters: 815(String)
10:45:10,879 [main] DEBUG org.activiti.engine.impl.persistence.entity.HistoricTaskInstanceEntity.selectHistoricTaskInstance  - &lt;==      Total: 1
10:45:10,879 [main] DEBUG org.activiti.engine.impl.history.DefaultHistoryManager  - Current history level: FULL
10:45:10,879 [main] DEBUG org.activiti.engine.impl.history.DefaultHistoryManager  - Current history level: FULL
10:45:10,879 [main] DEBUG org.activiti.engine.impl.db.DbSqlSession  -   insert org.activiti.engine.impl.persistence.entity.CommentEntity@12e04531
10:45:10,879 [main] DEBUG org.activiti.engine.impl.db.DbSqlSession  -   update Task[id=815, name=gonzoRootTask2]
10:45:10,879 [main] DEBUG org.activiti.engine.impl.db.DbSqlSession  -   update HistoricTaskInstanceEntity[id=815, name=gonzoRootTask2]
10:45:10,879 [main] DEBUG org.activiti.engine.impl.db.DbSqlSession  - flush summary: 1 insert, 2 update, 0 delete.
10:45:10,879 [main] DEBUG org.activiti.engine.impl.db.DbSqlSession  - now executing flush...
10:45:10,879 [main] DEBUG org.activiti.engine.impl.db.DbSqlSession  - inserting: org.activiti.engine.impl.persistence.entity.CommentEntity@12e04531
10:45:10,879 [main] DEBUG org.activiti.engine.impl.persistence.entity.CommentEntity.insertComment  - ==&gt;  Preparing: insert into ACT_HI_COMMENT (ID_, TYPE_, TIME_, USER_ID_, TASK_ID_, PROC_INST_ID_, ACTION_, MESSAGE_, FULL_MSG_) values (?, ?, ?, ?, ?, ?, ?, ?, ?) 
10:45:10,879 [main] DEBUG org.activiti.engine.impl.persistence.entity.CommentEntity.insertComment  - ==&gt; Parameters: 816(String), event(String), 2008-02-05 02:02:02.0(Timestamp), null, 815(String), null, AddUserLink(String), gonzo_|_assignee(String), null
10:45:10,879 [main] DEBUG org.activiti.engine.impl.persistence.entity.CommentEntity.insertComment  - &lt;==    Updates: 1
10:45:10,879 [main] DEBUG org.activiti.engine.impl.db.DbSqlSession  - updating: Task[id=815, name=gonzoRootTask2]
10:45:10,879 [main] DEBUG org.activiti.engine.impl.persistence.entity.TaskEntity.updateTask  - ==&gt;  Preparing: update ACT_RU_TASK SET REV_ = ?, NAME_ = ?, PARENT_TASK_ID_ = ?, PRIORITY_ = ?, CREATE_TIME_ = ?, OWNER_ = ?, ASSIGNEE_ = ?, DELEGATION_ = ?, EXECUTION_ID_ = ?, PROC_DEF_ID_ = ?, DESCRIPTION_ = ?, DUE_DATE_ = ?, CATEGORY_ = ?, SUSPENSION_STATE_ = ?, FORM_KEY_ = ? where ID_= ? and REV_ = ? 
10:45:10,879 [main] DEBUG org.activiti.engine.impl.persistence.entity.TaskEntity.updateTask  - ==&gt; Parameters: 2(Integer), gonzoRootTask2(String), null, 50(Integer), 2008-02-05 02:02:02.0(Timestamp), null, gonzo(String), null, null, null, gonzo Root task2 description(String), null, null, 1(Integer), null, 815(String), 1(Integer)
10:45:10,879 [main] DEBUG org.activiti.engine.impl.persistence.entity.TaskEntity.updateTask  - &lt;==    Updates: 1
10:45:10,879 [main] DEBUG org.activiti.engine.impl.db.DbSqlSession  - updating: HistoricTaskInstanceEntity[id=815, name=gonzoRootTask2]
10:45:10,879 [main] DEBUG org.activiti.engine.impl.persistence.entity.HistoricTaskInstanceEntity.updateHistoricTaskInstance  - ==&gt;  Preparing: update ACT_HI_TASKINST set EXECUTION_ID_ = ?, NAME_ = ?, PARENT_TASK_ID_ = ?, DESCRIPTION_ = ?, OWNER_ = ?, ASSIGNEE_ = ?, CLAIM_TIME_ = ?, END_TIME_ = ?, DURATION_ = ?, DELETE_REASON_ = ?, TASK_DEF_KEY_ = ?, FORM_KEY_ = ?, PRIORITY_ = ?, DUE_DATE_ = ?, CATEGORY_ = ? where ID_ = ? 
10:45:10,879 [main] DEBUG org.activiti.engine.impl.persistence.entity.HistoricTaskInstanceEntity.updateHistoricTaskInstance  - ==&gt; Parameters: null, gonzoRootTask2(String), null, gonzo Root task2 description(String), null, gonzo(String), null, null, null, null, null, null, 50(Integer), null, null, 815(String)
10:45:10,879 [main] DEBUG org.activiti.engine.impl.persistence.entity.HistoricTaskInstanceEntity.updateHistoricTaskInstance  - &lt;==    Updates: 1
10:45:10,879 [main] DEBUG org.activiti.engine.impl.cfg.standalone.StandaloneMybatisTransactionContext  - firing event committing...
10:45:10,879 [main] DEBUG org.activiti.engine.impl.cfg.standalone.StandaloneMybatisTransactionContext  - committing the ibatis sql session...
10:45:10,879 [main] DEBUG org.apache.ibatis.transaction.jdbc.JdbcTransaction  - Committing JDBC Connection [conn4: url=jdbc:h2:mem:activiti user=SA]
10:45:10,879 [main] DEBUG org.activiti.engine.impl.cfg.standalone.StandaloneMybatisTransactionContext  - firing event committed...
10:45:10,879 [main] DEBUG org.apache.ibatis.transaction.jdbc.JdbcTransaction  - Resetting autocommit to true on JDBC Connection [conn4: url=jdbc:h2:mem:activiti user=SA]
10:45:10,879 [main] DEBUG org.apache.ibatis.transaction.jdbc.JdbcTransaction  - Closing JDBC Connection [conn4: url=jdbc:h2:mem:activiti user=SA]
10:45:10,879 [main] DEBUG org.apache.ibatis.datasource.pooled.PooledDataSource  - Returned connection 297240765 to pool.
10:45:10,879 [main] DEBUG org.activiti.engine.impl.interceptor.LogInterceptor  - --- AddIdentityLinkCmd finished --------------------------------------------------------
10:45:10,879 [main] DEBUG org.activiti.engine.impl.interceptor.LogInterceptor  - 

10:45:10,879 [main] DEBUG org.activiti.engine.impl.interceptor.LogInterceptor  - 

10:45:10,879 [main] DEBUG org.activiti.engine.impl.interceptor.LogInterceptor  - --- starting NewTaskCmd --------------------------------------------------------
10:45:10,879 [main] DEBUG org.activiti.engine.impl.cfg.standalone.StandaloneMybatisTransactionContext  - firing event committing...
10:45:10,879 [main] DEBUG org.activiti.engine.impl.cfg.standalone.StandaloneMybatisTransactionContext  - committing the ibatis sql session...
10:45:10,879 [main] DEBUG org.activiti.engine.impl.cfg.standalone.StandaloneMybatisTransactionContext  - firing event committed...
10:45:10,879 [main] DEBUG org.activiti.engine.impl.interceptor.LogInterceptor  - --- NewTaskCmd finished --------------------------------------------------------
10:45:10,879 [main] DEBUG org.activiti.engine.impl.interceptor.LogInterceptor  - 

10:45:10,879 [main] DEBUG org.activiti.engine.impl.interceptor.LogInterceptor  - 

10:45:10,879 [main] DEBUG org.activiti.engine.impl.interceptor.LogInterceptor  - --- starting SaveTaskCmd --------------------------------------------------------
10:45:10,879 [main] DEBUG org.activiti.engine.impl.history.DefaultHistoryManager  - Current history level: FULL, level required: AUDIT
10:45:10,879 [main] DEBUG org.activiti.engine.impl.db.DbSqlSession  -   insert Task[id=817, name=gonzoSubTask1_1]
10:45:10,879 [main] DEBUG org.activiti.engine.impl.db.DbSqlSession  -   insert HistoricTaskInstanceEntity[id=817, name=gonzoSubTask1_1]
10:45:10,879 [main] DEBUG org.activiti.engine.impl.db.DbSqlSession  - flush summary: 2 insert, 0 update, 0 delete.
10:45:10,879 [main] DEBUG org.activiti.engine.impl.db.DbSqlSession  - now executing flush...
10:45:10,879 [main] DEBUG org.activiti.engine.impl.db.DbSqlSession  - inserting: HistoricTaskInstanceEntity[id=817, name=gonzoSubTask1_1]
10:45:10,879 [main] DEBUG org.apache.ibatis.transaction.jdbc.JdbcTransaction  - Opening JDBC Connection
10:45:10,879 [main] DEBUG org.apache.ibatis.datasource.pooled.PooledDataSource  - Checked out connection 486346394 from pool.
10:45:10,879 [main] DEBUG org.apache.ibatis.transaction.jdbc.JdbcTransaction  - Setting autocommit to false on JDBC Connection [conn6: url=jdbc:h2:mem:activiti user=SA]
10:45:10,879 [main] DEBUG org.activiti.engine.impl.persistence.entity.HistoricTaskInstanceEntity.insertHistoricTaskInstance  - ==&gt;  Preparing: insert into ACT_HI_TASKINST ( ID_, PROC_DEF_ID_, PROC_INST_ID_, EXECUTION_ID_, NAME_, PARENT_TASK_ID_, DESCRIPTION_, OWNER_, ASSIGNEE_, START_TIME_, CLAIM_TIME_, END_TIME_, DURATION_, DELETE_REASON_, TASK_DEF_KEY_, FORM_KEY_, PRIORITY_, DUE_DATE_, CATEGORY_, TENANT_ID_ ) values ( ?, ?, ?, ?, ?, ?, ?, ?, ?, ?, ?, ?, ?, ?, ?, ?, ?, ?, ?, ? ) 
10:45:10,879 [main] DEBUG org.activiti.engine.impl.persistence.entity.HistoricTaskInstanceEntity.insertHistoricTaskInstance  - ==&gt; Parameters: 817(String), null, null, null, gonzoSubTask1_1(String), 813(String), description for gonzo sub-task1_1(String), null, null, 2009-01-01 01:01:01.0(Timestamp), null, null, null, null, null, null, 50(Integer), null, null, (String)
10:45:10,879 [main] DEBUG org.activiti.engine.impl.persistence.entity.HistoricTaskInstanceEntity.insertHistoricTaskInstance  - &lt;==    Updates: 1
10:45:10,879 [main] DEBUG org.activiti.engine.impl.db.DbSqlSession  - inserting: Task[id=817, name=gonzoSubTask1_1]
10:45:10,879 [main] DEBUG org.activiti.engine.impl.persistence.entity.TaskEntity.insertTask  - ==&gt;  Preparing: insert into ACT_RU_TASK (ID_, REV_, NAME_, PARENT_TASK_ID_, DESCRIPTION_, PRIORITY_, CREATE_TIME_, OWNER_, ASSIGNEE_, DELEGATION_, EXECUTION_ID_, PROC_INST_ID_, PROC_DEF_ID_, TASK_DEF_KEY_, DUE_DATE_, CATEGORY_, SUSPENSION_STATE_, TENANT_ID_, FORM_KEY_) values (?, 1, ?, ?, ?, ?, ?, ?, ?, ?, ?, ?, ?, ?, ?, ?, ?, ?, ? ) 
10:45:10,879 [main] DEBUG org.activiti.engine.impl.persistence.entity.TaskEntity.insertTask  - ==&gt; Parameters: 817(String), gonzoSubTask1_1(String), 813(String), description for gonzo sub-task1_1(String), 50(Integer), 2009-01-01 01:01:01.0(Timestamp), null, null, null, null, null, null, null, null, null, 1(Integer), (String), null
10:45:10,879 [main] DEBUG org.activiti.engine.impl.persistence.entity.TaskEntity.insertTask  - &lt;==    Updates: 1
10:45:10,879 [main] DEBUG org.activiti.engine.impl.cfg.standalone.StandaloneMybatisTransactionContext  - firing event committing...
10:45:10,879 [main] DEBUG org.activiti.engine.impl.cfg.standalone.StandaloneMybatisTransactionContext  - committing the ibatis sql session...
10:45:10,879 [main] DEBUG org.apache.ibatis.transaction.jdbc.JdbcTransaction  - Committing JDBC Connection [conn6: url=jdbc:h2:mem:activiti user=SA]
10:45:10,879 [main] DEBUG org.activiti.engine.impl.cfg.standalone.StandaloneMybatisTransactionContext  - firing event committed...
10:45:10,879 [main] DEBUG org.apache.ibatis.transaction.jdbc.JdbcTransaction  - Resetting autocommit to true on JDBC Connection [conn6: url=jdbc:h2:mem:activiti user=SA]
10:45:10,879 [main] DEBUG org.apache.ibatis.transaction.jdbc.JdbcTransaction  - Closing JDBC Connection [conn6: url=jdbc:h2:mem:activiti user=SA]
10:45:10,879 [main] DEBUG org.apache.ibatis.datasource.pooled.PooledDataSource  - Returned connection 486346394 to pool.
10:45:10,879 [main] DEBUG org.activiti.engine.impl.interceptor.LogInterceptor  - --- SaveTaskCmd finished --------------------------------------------------------
10:45:10,879 [main] DEBUG org.activiti.engine.impl.interceptor.LogInterceptor  - 

10:45:10,879 [main] DEBUG org.activiti.engine.impl.interceptor.LogInterceptor  - 

10:45:10,880 [main] DEBUG org.activiti.engine.impl.interceptor.LogInterceptor  - --- starting AddIdentityLinkCmd --------------------------------------------------------
10:45:10,880 [main] DEBUG org.apache.ibatis.transaction.jdbc.JdbcTransaction  - Opening JDBC Connection
10:45:10,880 [main] DEBUG org.apache.ibatis.datasource.pooled.PooledDataSource  - Checked out connection 180014677 from pool.
10:45:10,880 [main] DEBUG org.apache.ibatis.transaction.jdbc.JdbcTransaction  - Setting autocommit to false on JDBC Connection [conn3: url=jdbc:h2:mem:activiti user=SA]
10:45:10,880 [main] DEBUG org.activiti.engine.impl.persistence.entity.TaskEntity.selectTask  - ==&gt;  Preparing: select * from ACT_RU_TASK where ID_ = ? 
10:45:10,880 [main] DEBUG org.activiti.engine.impl.persistence.entity.TaskEntity.selectTask  - ==&gt; Parameters: 817(String)
10:45:10,880 [main] DEBUG org.activiti.engine.impl.persistence.entity.TaskEntity.selectTask  - &lt;==      Total: 1
10:45:10,880 [main] DEBUG org.activiti.engine.impl.history.DefaultHistoryManager  - Current history level: FULL, level required: AUDIT
10:45:10,880 [main] DEBUG org.activiti.engine.impl.persistence.entity.HistoricTaskInstanceEntity.selectHistoricTaskInstance  - ==&gt;  Preparing: select * from ACT_HI_TASKINST where ID_ = ? 
10:45:10,880 [main] DEBUG org.activiti.engine.impl.persistence.entity.HistoricTaskInstanceEntity.selectHistoricTaskInstance  - ==&gt; Parameters: 817(String)
10:45:10,880 [main] DEBUG org.activiti.engine.impl.persistence.entity.HistoricTaskInstanceEntity.selectHistoricTaskInstance  - &lt;==      Total: 1
10:45:10,880 [main] DEBUG org.activiti.engine.impl.history.DefaultHistoryManager  - Current history level: FULL
10:45:10,880 [main] DEBUG org.activiti.engine.impl.history.DefaultHistoryManager  - Current history level: FULL
10:45:10,880 [main] DEBUG org.activiti.engine.impl.db.DbSqlSession  -   insert org.activiti.engine.impl.persistence.entity.CommentEntity@6114902c
10:45:10,880 [main] DEBUG org.activiti.engine.impl.db.DbSqlSession  -   update Task[id=817, name=gonzoSubTask1_1]
10:45:10,880 [main] DEBUG org.activiti.engine.impl.db.DbSqlSession  -   update HistoricTaskInstanceEntity[id=817, name=gonzoSubTask1_1]
10:45:10,880 [main] DEBUG org.activiti.engine.impl.db.DbSqlSession  - flush summary: 1 insert, 2 update, 0 delete.
10:45:10,880 [main] DEBUG org.activiti.engine.impl.db.DbSqlSession  - now executing flush...
10:45:10,880 [main] DEBUG org.activiti.engine.impl.db.DbSqlSession  - inserting: org.activiti.engine.impl.persistence.entity.CommentEntity@6114902c
10:45:10,880 [main] DEBUG org.activiti.engine.impl.persistence.entity.CommentEntity.insertComment  - ==&gt;  Preparing: insert into ACT_HI_COMMENT (ID_, TYPE_, TIME_, USER_ID_, TASK_ID_, PROC_INST_ID_, ACTION_, MESSAGE_, FULL_MSG_) values (?, ?, ?, ?, ?, ?, ?, ?, ?) 
10:45:10,880 [main] DEBUG org.activiti.engine.impl.persistence.entity.CommentEntity.insertComment  - ==&gt; Parameters: 818(String), event(String), 2009-01-01 01:01:01.0(Timestamp), null, 817(String), null, AddUserLink(String), gonzo_|_assignee(String), null
10:45:10,880 [main] DEBUG org.activiti.engine.impl.persistence.entity.CommentEntity.insertComment  - &lt;==    Updates: 1
10:45:10,880 [main] DEBUG org.activiti.engine.impl.db.DbSqlSession  - updating: Task[id=817, name=gonzoSubTask1_1]
10:45:10,880 [main] DEBUG org.activiti.engine.impl.persistence.entity.TaskEntity.updateTask  - ==&gt;  Preparing: update ACT_RU_TASK SET REV_ = ?, NAME_ = ?, PARENT_TASK_ID_ = ?, PRIORITY_ = ?, CREATE_TIME_ = ?, OWNER_ = ?, ASSIGNEE_ = ?, DELEGATION_ = ?, EXECUTION_ID_ = ?, PROC_DEF_ID_ = ?, DESCRIPTION_ = ?, DUE_DATE_ = ?, CATEGORY_ = ?, SUSPENSION_STATE_ = ?, FORM_KEY_ = ? where ID_= ? and REV_ = ? 
10:45:10,880 [main] DEBUG org.activiti.engine.impl.persistence.entity.TaskEntity.updateTask  - ==&gt; Parameters: 2(Integer), gonzoSubTask1_1(String), 813(String), 50(Integer), 2009-01-01 01:01:01.0(Timestamp), null, gonzo(String), null, null, null, description for gonzo sub-task1_1(String), null, null, 1(Integer), null, 817(String), 1(Integer)
10:45:10,880 [main] DEBUG org.activiti.engine.impl.persistence.entity.TaskEntity.updateTask  - &lt;==    Updates: 1
10:45:10,880 [main] DEBUG org.activiti.engine.impl.db.DbSqlSession  - updating: HistoricTaskInstanceEntity[id=817, name=gonzoSubTask1_1]
10:45:10,880 [main] DEBUG org.activiti.engine.impl.persistence.entity.HistoricTaskInstanceEntity.updateHistoricTaskInstance  - ==&gt;  Preparing: update ACT_HI_TASKINST set EXECUTION_ID_ = ?, NAME_ = ?, PARENT_TASK_ID_ = ?, DESCRIPTION_ = ?, OWNER_ = ?, ASSIGNEE_ = ?, CLAIM_TIME_ = ?, END_TIME_ = ?, DURATION_ = ?, DELETE_REASON_ = ?, TASK_DEF_KEY_ = ?, FORM_KEY_ = ?, PRIORITY_ = ?, DUE_DATE_ = ?, CATEGORY_ = ? where ID_ = ? 
10:45:10,880 [main] DEBUG org.activiti.engine.impl.persistence.entity.HistoricTaskInstanceEntity.updateHistoricTaskInstance  - ==&gt; Parameters: null, gonzoSubTask1_1(String), 813(String), description for gonzo sub-task1_1(String), null, gonzo(String), null, null, null, null, null, null, 50(Integer), null, null, 817(String)
10:45:10,880 [main] DEBUG org.activiti.engine.impl.persistence.entity.HistoricTaskInstanceEntity.updateHistoricTaskInstance  - &lt;==    Updates: 1
10:45:10,880 [main] DEBUG org.activiti.engine.impl.cfg.standalone.StandaloneMybatisTransactionContext  - firing event committing...
10:45:10,880 [main] DEBUG org.activiti.engine.impl.cfg.standalone.StandaloneMybatisTransactionContext  - committing the ibatis sql session...
10:45:10,880 [main] DEBUG org.apache.ibatis.transaction.jdbc.JdbcTransaction  - Committing JDBC Connection [conn3: url=jdbc:h2:mem:activiti user=SA]
10:45:10,880 [main] DEBUG org.activiti.engine.impl.cfg.standalone.StandaloneMybatisTransactionContext  - firing event committed...
10:45:10,880 [main] DEBUG org.apache.ibatis.transaction.jdbc.JdbcTransaction  - Resetting autocommit to true on JDBC Connection [conn3: url=jdbc:h2:mem:activiti user=SA]
10:45:10,880 [main] DEBUG org.apache.ibatis.transaction.jdbc.JdbcTransaction  - Closing JDBC Connection [conn3: url=jdbc:h2:mem:activiti user=SA]
10:45:10,880 [main] DEBUG org.apache.ibatis.datasource.pooled.PooledDataSource  - Returned connection 180014677 to pool.
10:45:10,880 [main] DEBUG org.activiti.engine.impl.interceptor.LogInterceptor  - --- AddIdentityLinkCmd finished --------------------------------------------------------
10:45:10,880 [main] DEBUG org.activiti.engine.impl.interceptor.LogInterceptor  - 

10:45:10,880 [main] DEBUG org.activiti.engine.impl.interceptor.LogInterceptor  - 

10:45:10,880 [main] DEBUG org.activiti.engine.impl.interceptor.LogInterceptor  - --- starting NewTaskCmd --------------------------------------------------------
10:45:10,880 [main] DEBUG org.activiti.engine.impl.cfg.standalone.StandaloneMybatisTransactionContext  - firing event committing...
10:45:10,880 [main] DEBUG org.activiti.engine.impl.cfg.standalone.StandaloneMybatisTransactionContext  - committing the ibatis sql session...
10:45:10,880 [main] DEBUG org.activiti.engine.impl.cfg.standalone.StandaloneMybatisTransactionContext  - firing event committed...
10:45:10,880 [main] DEBUG org.activiti.engine.impl.interceptor.LogInterceptor  - --- NewTaskCmd finished --------------------------------------------------------
10:45:10,880 [main] DEBUG org.activiti.engine.impl.interceptor.LogInterceptor  - 

10:45:10,880 [main] DEBUG org.activiti.engine.impl.interceptor.LogInterceptor  - 

10:45:10,880 [main] DEBUG org.activiti.engine.impl.interceptor.LogInterceptor  - --- starting SaveTaskCmd --------------------------------------------------------
10:45:10,880 [main] DEBUG org.activiti.engine.impl.history.DefaultHistoryManager  - Current history level: FULL, level required: AUDIT
10:45:10,880 [main] DEBUG org.activiti.engine.impl.db.DbSqlSession  -   insert Task[id=819, name=gonzoSubTask1_2]
10:45:10,880 [main] DEBUG org.activiti.engine.impl.db.DbSqlSession  -   insert HistoricTaskInstanceEntity[id=819, name=gonzoSubTask1_2]
10:45:10,880 [main] DEBUG org.activiti.engine.impl.db.DbSqlSession  - flush summary: 2 insert, 0 update, 0 delete.
10:45:10,880 [main] DEBUG org.activiti.engine.impl.db.DbSqlSession  - now executing flush...
10:45:10,880 [main] DEBUG org.activiti.engine.impl.db.DbSqlSession  - inserting: HistoricTaskInstanceEntity[id=819, name=gonzoSubTask1_2]
10:45:10,880 [main] DEBUG org.apache.ibatis.transaction.jdbc.JdbcTransaction  - Opening JDBC Connection
10:45:10,880 [main] DEBUG org.apache.ibatis.datasource.pooled.PooledDataSource  - Checked out connection 363509958 from pool.
10:45:10,880 [main] DEBUG org.apache.ibatis.transaction.jdbc.JdbcTransaction  - Setting autocommit to false on JDBC Connection [conn2: url=jdbc:h2:mem:activiti user=SA]
10:45:10,880 [main] DEBUG org.activiti.engine.impl.persistence.entity.HistoricTaskInstanceEntity.insertHistoricTaskInstance  - ==&gt;  Preparing: insert into ACT_HI_TASKINST ( ID_, PROC_DEF_ID_, PROC_INST_ID_, EXECUTION_ID_, NAME_, PARENT_TASK_ID_, DESCRIPTION_, OWNER_, ASSIGNEE_, START_TIME_, CLAIM_TIME_, END_TIME_, DURATION_, DELETE_REASON_, TASK_DEF_KEY_, FORM_KEY_, PRIORITY_, DUE_DATE_, CATEGORY_, TENANT_ID_ ) values ( ?, ?, ?, ?, ?, ?, ?, ?, ?, ?, ?, ?, ?, ?, ?, ?, ?, ?, ?, ? ) 
10:45:10,880 [main] DEBUG org.activiti.engine.impl.persistence.entity.HistoricTaskInstanceEntity.insertHistoricTaskInstance  - ==&gt; Parameters: 819(String), null, null, null, gonzoSubTask1_2(String), 813(String), description for gonzo sub-task1_2(String), null, null, 2009-01-01 01:01:01.0(Timestamp), null, null, null, null, null, null, 50(Integer), null, null, (String)
10:45:10,880 [main] DEBUG org.activiti.engine.impl.persistence.entity.HistoricTaskInstanceEntity.insertHistoricTaskInstance  - &lt;==    Updates: 1
10:45:10,880 [main] DEBUG org.activiti.engine.impl.db.DbSqlSession  - inserting: Task[id=819, name=gonzoSubTask1_2]
10:45:10,880 [main] DEBUG org.activiti.engine.impl.persistence.entity.TaskEntity.insertTask  - ==&gt;  Preparing: insert into ACT_RU_TASK (ID_, REV_, NAME_, PARENT_TASK_ID_, DESCRIPTION_, PRIORITY_, CREATE_TIME_, OWNER_, ASSIGNEE_, DELEGATION_, EXECUTION_ID_, PROC_INST_ID_, PROC_DEF_ID_, TASK_DEF_KEY_, DUE_DATE_, CATEGORY_, SUSPENSION_STATE_, TENANT_ID_, FORM_KEY_) values (?, 1, ?, ?, ?, ?, ?, ?, ?, ?, ?, ?, ?, ?, ?, ?, ?, ?, ? ) 
10:45:10,880 [main] DEBUG org.activiti.engine.impl.persistence.entity.TaskEntity.insertTask  - ==&gt; Parameters: 819(String), gonzoSubTask1_2(String), 813(String), description for gonzo sub-task1_2(String), 50(Integer), 2009-01-01 01:01:01.0(Timestamp), null, null, null, null, null, null, null, null, null, 1(Integer), (String), null
10:45:10,880 [main] DEBUG org.activiti.engine.impl.persistence.entity.TaskEntity.insertTask  - &lt;==    Updates: 1
10:45:10,880 [main] DEBUG org.activiti.engine.impl.cfg.standalone.StandaloneMybatisTransactionContext  - firing event committing...
10:45:10,880 [main] DEBUG org.activiti.engine.impl.cfg.standalone.StandaloneMybatisTransactionContext  - committing the ibatis sql session...
10:45:10,880 [main] DEBUG org.apache.ibatis.transaction.jdbc.JdbcTransaction  - Committing JDBC Connection [conn2: url=jdbc:h2:mem:activiti user=SA]
10:45:10,880 [main] DEBUG org.activiti.engine.impl.cfg.standalone.StandaloneMybatisTransactionContext  - firing event committed...
10:45:10,880 [main] DEBUG org.apache.ibatis.transaction.jdbc.JdbcTransaction  - Resetting autocommit to true on JDBC Connection [conn2: url=jdbc:h2:mem:activiti user=SA]
10:45:10,880 [main] DEBUG org.apache.ibatis.transaction.jdbc.JdbcTransaction  - Closing JDBC Connection [conn2: url=jdbc:h2:mem:activiti user=SA]
10:45:10,880 [main] DEBUG org.apache.ibatis.datasource.pooled.PooledDataSource  - Returned connection 363509958 to pool.
10:45:10,880 [main] DEBUG org.activiti.engine.impl.interceptor.LogInterceptor  - --- SaveTaskCmd finished --------------------------------------------------------
10:45:10,880 [main] DEBUG org.activiti.engine.impl.interceptor.LogInterceptor  - 

10:45:10,880 [main] DEBUG org.activiti.engine.impl.interceptor.LogInterceptor  - 

10:45:10,880 [main] DEBUG org.activiti.engine.impl.interceptor.LogInterceptor  - --- starting AddIdentityLinkCmd --------------------------------------------------------
10:45:10,880 [main] DEBUG org.apache.ibatis.transaction.jdbc.JdbcTransaction  - Opening JDBC Connection
10:45:10,880 [main] DEBUG org.apache.ibatis.datasource.pooled.PooledDataSource  - Checked out connection 297240765 from pool.
10:45:10,880 [main] DEBUG org.apache.ibatis.transaction.jdbc.JdbcTransaction  - Setting autocommit to false on JDBC Connection [conn4: url=jdbc:h2:mem:activiti user=SA]
10:45:10,880 [main] DEBUG org.activiti.engine.impl.persistence.entity.TaskEntity.selectTask  - ==&gt;  Preparing: select * from ACT_RU_TASK where ID_ = ? 
10:45:10,880 [main] DEBUG org.activiti.engine.impl.persistence.entity.TaskEntity.selectTask  - ==&gt; Parameters: 819(String)
10:45:10,880 [main] DEBUG org.activiti.engine.impl.persistence.entity.TaskEntity.selectTask  - &lt;==      Total: 1
10:45:10,880 [main] DEBUG org.activiti.engine.impl.history.DefaultHistoryManager  - Current history level: FULL, level required: AUDIT
10:45:10,880 [main] DEBUG org.activiti.engine.impl.persistence.entity.HistoricTaskInstanceEntity.selectHistoricTaskInstance  - ==&gt;  Preparing: select * from ACT_HI_TASKINST where ID_ = ? 
10:45:10,880 [main] DEBUG org.activiti.engine.impl.persistence.entity.HistoricTaskInstanceEntity.selectHistoricTaskInstance  - ==&gt; Parameters: 819(String)
10:45:10,880 [main] DEBUG org.activiti.engine.impl.persistence.entity.HistoricTaskInstanceEntity.selectHistoricTaskInstance  - &lt;==      Total: 1
10:45:10,880 [main] DEBUG org.activiti.engine.impl.history.DefaultHistoryManager  - Current history level: FULL
10:45:10,880 [main] DEBUG org.activiti.engine.impl.history.DefaultHistoryManager  - Current history level: FULL
10:45:10,880 [main] DEBUG org.activiti.engine.impl.db.DbSqlSession  -   insert org.activiti.engine.impl.persistence.entity.CommentEntity@16baf8d0
10:45:10,880 [main] DEBUG org.activiti.engine.impl.db.DbSqlSession  -   update Task[id=819, name=gonzoSubTask1_2]
10:45:10,880 [main] DEBUG org.activiti.engine.impl.db.DbSqlSession  -   update HistoricTaskInstanceEntity[id=819, name=gonzoSubTask1_2]
10:45:10,880 [main] DEBUG org.activiti.engine.impl.db.DbSqlSession  - flush summary: 1 insert, 2 update, 0 delete.
10:45:10,880 [main] DEBUG org.activiti.engine.impl.db.DbSqlSession  - now executing flush...
10:45:10,880 [main] DEBUG org.activiti.engine.impl.db.DbSqlSession  - inserting: org.activiti.engine.impl.persistence.entity.CommentEntity@16baf8d0
10:45:10,880 [main] DEBUG org.activiti.engine.impl.persistence.entity.CommentEntity.insertComment  - ==&gt;  Preparing: insert into ACT_HI_COMMENT (ID_, TYPE_, TIME_, USER_ID_, TASK_ID_, PROC_INST_ID_, ACTION_, MESSAGE_, FULL_MSG_) values (?, ?, ?, ?, ?, ?, ?, ?, ?) 
10:45:10,880 [main] DEBUG org.activiti.engine.impl.persistence.entity.CommentEntity.insertComment  - ==&gt; Parameters: 820(String), event(String), 2009-01-01 01:01:01.0(Timestamp), null, 819(String), null, AddUserLink(String), gonzo_|_assignee(String), null
10:45:10,880 [main] DEBUG org.activiti.engine.impl.persistence.entity.CommentEntity.insertComment  - &lt;==    Updates: 1
10:45:10,880 [main] DEBUG org.activiti.engine.impl.db.DbSqlSession  - updating: Task[id=819, name=gonzoSubTask1_2]
10:45:10,880 [main] DEBUG org.activiti.engine.impl.persistence.entity.TaskEntity.updateTask  - ==&gt;  Preparing: update ACT_RU_TASK SET REV_ = ?, NAME_ = ?, PARENT_TASK_ID_ = ?, PRIORITY_ = ?, CREATE_TIME_ = ?, OWNER_ = ?, ASSIGNEE_ = ?, DELEGATION_ = ?, EXECUTION_ID_ = ?, PROC_DEF_ID_ = ?, DESCRIPTION_ = ?, DUE_DATE_ = ?, CATEGORY_ = ?, SUSPENSION_STATE_ = ?, FORM_KEY_ = ? where ID_= ? and REV_ = ? 
10:45:10,881 [main] DEBUG org.activiti.engine.impl.persistence.entity.TaskEntity.updateTask  - ==&gt; Parameters: 2(Integer), gonzoSubTask1_2(String), 813(String), 50(Integer), 2009-01-01 01:01:01.0(Timestamp), null, gonzo(String), null, null, null, description for gonzo sub-task1_2(String), null, null, 1(Integer), null, 819(String), 1(Integer)
10:45:10,881 [main] DEBUG org.activiti.engine.impl.persistence.entity.TaskEntity.updateTask  - &lt;==    Updates: 1
10:45:10,881 [main] DEBUG org.activiti.engine.impl.db.DbSqlSession  - updating: HistoricTaskInstanceEntity[id=819, name=gonzoSubTask1_2]
10:45:10,881 [main] DEBUG org.activiti.engine.impl.persistence.entity.HistoricTaskInstanceEntity.updateHistoricTaskInstance  - ==&gt;  Preparing: update ACT_HI_TASKINST set EXECUTION_ID_ = ?, NAME_ = ?, PARENT_TASK_ID_ = ?, DESCRIPTION_ = ?, OWNER_ = ?, ASSIGNEE_ = ?, CLAIM_TIME_ = ?, END_TIME_ = ?, DURATION_ = ?, DELETE_REASON_ = ?, TASK_DEF_KEY_ = ?, FORM_KEY_ = ?, PRIORITY_ = ?, DUE_DATE_ = ?, CATEGORY_ = ? where ID_ = ? 
10:45:10,881 [main] DEBUG org.activiti.engine.impl.persistence.entity.HistoricTaskInstanceEntity.updateHistoricTaskInstance  - ==&gt; Parameters: null, gonzoSubTask1_2(String), 813(String), description for gonzo sub-task1_2(String), null, gonzo(String), null, null, null, null, null, null, 50(Integer), null, null, 819(String)
10:45:10,881 [main] DEBUG org.activiti.engine.impl.persistence.entity.HistoricTaskInstanceEntity.updateHistoricTaskInstance  - &lt;==    Updates: 1
10:45:10,881 [main] DEBUG org.activiti.engine.impl.cfg.standalone.StandaloneMybatisTransactionContext  - firing event committing...
10:45:10,881 [main] DEBUG org.activiti.engine.impl.cfg.standalone.StandaloneMybatisTransactionContext  - committing the ibatis sql session...
10:45:10,881 [main] DEBUG org.apache.ibatis.transaction.jdbc.JdbcTransaction  - Committing JDBC Connection [conn4: url=jdbc:h2:mem:activiti user=SA]
10:45:10,881 [main] DEBUG org.activiti.engine.impl.cfg.standalone.StandaloneMybatisTransactionContext  - firing event committed...
10:45:10,881 [main] DEBUG org.apache.ibatis.transaction.jdbc.JdbcTransaction  - Resetting autocommit to true on JDBC Connection [conn4: url=jdbc:h2:mem:activiti user=SA]
10:45:10,881 [main] DEBUG org.apache.ibatis.transaction.jdbc.JdbcTransaction  - Closing JDBC Connection [conn4: url=jdbc:h2:mem:activiti user=SA]
10:45:10,881 [main] DEBUG org.apache.ibatis.datasource.pooled.PooledDataSource  - Returned connection 297240765 to pool.
10:45:10,881 [main] DEBUG org.activiti.engine.impl.interceptor.LogInterceptor  - --- AddIdentityLinkCmd finished --------------------------------------------------------
10:45:10,881 [main] DEBUG org.activiti.engine.impl.interceptor.LogInterceptor  - 

10:45:10,881 [main] DEBUG org.activiti.engine.impl.interceptor.LogInterceptor  - 

10:45:10,881 [main] DEBUG org.activiti.engine.impl.interceptor.LogInterceptor  - --- starting NewTaskCmd --------------------------------------------------------
10:45:10,881 [main] DEBUG org.activiti.engine.impl.cfg.standalone.StandaloneMybatisTransactionContext  - firing event committing...
10:45:10,881 [main] DEBUG org.activiti.engine.impl.cfg.standalone.StandaloneMybatisTransactionContext  - committing the ibatis sql session...
10:45:10,881 [main] DEBUG org.activiti.engine.impl.cfg.standalone.StandaloneMybatisTransactionContext  - firing event committed...
10:45:10,881 [main] DEBUG org.activiti.engine.impl.interceptor.LogInterceptor  - --- NewTaskCmd finished --------------------------------------------------------
10:45:10,881 [main] DEBUG org.activiti.engine.impl.interceptor.LogInterceptor  - 

10:45:10,881 [main] DEBUG org.activiti.engine.impl.interceptor.LogInterceptor  - 

10:45:10,881 [main] DEBUG org.activiti.engine.impl.interceptor.LogInterceptor  - --- starting SaveTaskCmd --------------------------------------------------------
10:45:10,881 [main] DEBUG org.activiti.engine.impl.history.DefaultHistoryManager  - Current history level: FULL, level required: AUDIT
10:45:10,881 [main] DEBUG org.activiti.engine.impl.db.DbSqlSession  -   insert Task[id=821, name=gonzoSubTask1_3]
10:45:10,881 [main] DEBUG org.activiti.engine.impl.db.DbSqlSession  -   insert HistoricTaskInstanceEntity[id=821, name=gonzoSubTask1_3]
10:45:10,881 [main] DEBUG org.activiti.engine.impl.db.DbSqlSession  - flush summary: 2 insert, 0 update, 0 delete.
10:45:10,881 [main] DEBUG org.activiti.engine.impl.db.DbSqlSession  - now executing flush...
10:45:10,881 [main] DEBUG org.activiti.engine.impl.db.DbSqlSession  - inserting: HistoricTaskInstanceEntity[id=821, name=gonzoSubTask1_3]
10:45:10,881 [main] DEBUG org.apache.ibatis.transaction.jdbc.JdbcTransaction  - Opening JDBC Connection
10:45:10,881 [main] DEBUG org.apache.ibatis.datasource.pooled.PooledDataSource  - Checked out connection 486346394 from pool.
10:45:10,881 [main] DEBUG org.apache.ibatis.transaction.jdbc.JdbcTransaction  - Setting autocommit to false on JDBC Connection [conn6: url=jdbc:h2:mem:activiti user=SA]
10:45:10,881 [main] DEBUG org.activiti.engine.impl.persistence.entity.HistoricTaskInstanceEntity.insertHistoricTaskInstance  - ==&gt;  Preparing: insert into ACT_HI_TASKINST ( ID_, PROC_DEF_ID_, PROC_INST_ID_, EXECUTION_ID_, NAME_, PARENT_TASK_ID_, DESCRIPTION_, OWNER_, ASSIGNEE_, START_TIME_, CLAIM_TIME_, END_TIME_, DURATION_, DELETE_REASON_, TASK_DEF_KEY_, FORM_KEY_, PRIORITY_, DUE_DATE_, CATEGORY_, TENANT_ID_ ) values ( ?, ?, ?, ?, ?, ?, ?, ?, ?, ?, ?, ?, ?, ?, ?, ?, ?, ?, ?, ? ) 
10:45:10,881 [main] DEBUG org.activiti.engine.impl.persistence.entity.HistoricTaskInstanceEntity.insertHistoricTaskInstance  - ==&gt; Parameters: 821(String), null, null, null, gonzoSubTask1_3(String), 813(String), description for gonzo sub-task1_3(String), null, null, 2009-01-01 01:01:01.0(Timestamp), null, null, null, null, null, null, 50(Integer), null, null, (String)
10:45:10,881 [main] DEBUG org.activiti.engine.impl.persistence.entity.HistoricTaskInstanceEntity.insertHistoricTaskInstance  - &lt;==    Updates: 1
10:45:10,881 [main] DEBUG org.activiti.engine.impl.db.DbSqlSession  - inserting: Task[id=821, name=gonzoSubTask1_3]
10:45:10,881 [main] DEBUG org.activiti.engine.impl.persistence.entity.TaskEntity.insertTask  - ==&gt;  Preparing: insert into ACT_RU_TASK (ID_, REV_, NAME_, PARENT_TASK_ID_, DESCRIPTION_, PRIORITY_, CREATE_TIME_, OWNER_, ASSIGNEE_, DELEGATION_, EXECUTION_ID_, PROC_INST_ID_, PROC_DEF_ID_, TASK_DEF_KEY_, DUE_DATE_, CATEGORY_, SUSPENSION_STATE_, TENANT_ID_, FORM_KEY_) values (?, 1, ?, ?, ?, ?, ?, ?, ?, ?, ?, ?, ?, ?, ?, ?, ?, ?, ? ) 
10:45:10,881 [main] DEBUG org.activiti.engine.impl.persistence.entity.TaskEntity.insertTask  - ==&gt; Parameters: 821(String), gonzoSubTask1_3(String), 813(String), description for gonzo sub-task1_3(String), 50(Integer), 2009-01-01 01:01:01.0(Timestamp), null, null, null, null, null, null, null, null, null, 1(Integer), (String), null
10:45:10,881 [main] DEBUG org.activiti.engine.impl.persistence.entity.TaskEntity.insertTask  - &lt;==    Updates: 1
10:45:10,881 [main] DEBUG org.activiti.engine.impl.cfg.standalone.StandaloneMybatisTransactionContext  - firing event committing...
10:45:10,881 [main] DEBUG org.activiti.engine.impl.cfg.standalone.StandaloneMybatisTransactionContext  - committing the ibatis sql session...
10:45:10,881 [main] DEBUG org.apache.ibatis.transaction.jdbc.JdbcTransaction  - Committing JDBC Connection [conn6: url=jdbc:h2:mem:activiti user=SA]
10:45:10,881 [main] DEBUG org.activiti.engine.impl.cfg.standalone.StandaloneMybatisTransactionContext  - firing event committed...
10:45:10,881 [main] DEBUG org.apache.ibatis.transaction.jdbc.JdbcTransaction  - Resetting autocommit to true on JDBC Connection [conn6: url=jdbc:h2:mem:activiti user=SA]
10:45:10,881 [main] DEBUG org.apache.ibatis.transaction.jdbc.JdbcTransaction  - Closing JDBC Connection [conn6: url=jdbc:h2:mem:activiti user=SA]
10:45:10,881 [main] DEBUG org.apache.ibatis.datasource.pooled.PooledDataSource  - Returned connection 486346394 to pool.
10:45:10,881 [main] DEBUG org.activiti.engine.impl.interceptor.LogInterceptor  - --- SaveTaskCmd finished --------------------------------------------------------
10:45:10,881 [main] DEBUG org.activiti.engine.impl.interceptor.LogInterceptor  - 

10:45:10,881 [main] DEBUG org.activiti.engine.impl.interceptor.LogInterceptor  - 

10:45:10,881 [main] DEBUG org.activiti.engine.impl.interceptor.LogInterceptor  - --- starting AddIdentityLinkCmd --------------------------------------------------------
10:45:10,881 [main] DEBUG org.apache.ibatis.transaction.jdbc.JdbcTransaction  - Opening JDBC Connection
10:45:10,881 [main] DEBUG org.apache.ibatis.datasource.pooled.PooledDataSource  - Checked out connection 180014677 from pool.
10:45:10,881 [main] DEBUG org.apache.ibatis.transaction.jdbc.JdbcTransaction  - Setting autocommit to false on JDBC Connection [conn3: url=jdbc:h2:mem:activiti user=SA]
10:45:10,881 [main] DEBUG org.activiti.engine.impl.persistence.entity.TaskEntity.selectTask  - ==&gt;  Preparing: select * from ACT_RU_TASK where ID_ = ? 
10:45:10,881 [main] DEBUG org.activiti.engine.impl.persistence.entity.TaskEntity.selectTask  - ==&gt; Parameters: 821(String)
10:45:10,881 [main] DEBUG org.activiti.engine.impl.persistence.entity.TaskEntity.selectTask  - &lt;==      Total: 1
10:45:10,881 [main] DEBUG org.activiti.engine.impl.history.DefaultHistoryManager  - Current history level: FULL, level required: AUDIT
10:45:10,881 [main] DEBUG org.activiti.engine.impl.persistence.entity.HistoricTaskInstanceEntity.selectHistoricTaskInstance  - ==&gt;  Preparing: select * from ACT_HI_TASKINST where ID_ = ? 
10:45:10,881 [main] DEBUG org.activiti.engine.impl.persistence.entity.HistoricTaskInstanceEntity.selectHistoricTaskInstance  - ==&gt; Parameters: 821(String)
10:45:10,881 [main] DEBUG org.activiti.engine.impl.persistence.entity.HistoricTaskInstanceEntity.selectHistoricTaskInstance  - &lt;==      Total: 1
10:45:10,881 [main] DEBUG org.activiti.engine.impl.history.DefaultHistoryManager  - Current history level: FULL
10:45:10,881 [main] DEBUG org.activiti.engine.impl.history.DefaultHistoryManager  - Current history level: FULL
10:45:10,881 [main] DEBUG org.activiti.engine.impl.db.DbSqlSession  -   insert org.activiti.engine.impl.persistence.entity.CommentEntity@217abcc9
10:45:10,881 [main] DEBUG org.activiti.engine.impl.db.DbSqlSession  -   update Task[id=821, name=gonzoSubTask1_3]
10:45:10,881 [main] DEBUG org.activiti.engine.impl.db.DbSqlSession  -   update HistoricTaskInstanceEntity[id=821, name=gonzoSubTask1_3]
10:45:10,881 [main] DEBUG org.activiti.engine.impl.db.DbSqlSession  - flush summary: 1 insert, 2 update, 0 delete.
10:45:10,881 [main] DEBUG org.activiti.engine.impl.db.DbSqlSession  - now executing flush...
10:45:10,881 [main] DEBUG org.activiti.engine.impl.db.DbSqlSession  - inserting: org.activiti.engine.impl.persistence.entity.CommentEntity@217abcc9
10:45:10,881 [main] DEBUG org.activiti.engine.impl.persistence.entity.CommentEntity.insertComment  - ==&gt;  Preparing: insert into ACT_HI_COMMENT (ID_, TYPE_, TIME_, USER_ID_, TASK_ID_, PROC_INST_ID_, ACTION_, MESSAGE_, FULL_MSG_) values (?, ?, ?, ?, ?, ?, ?, ?, ?) 
10:45:10,881 [main] DEBUG org.activiti.engine.impl.persistence.entity.CommentEntity.insertComment  - ==&gt; Parameters: 822(String), event(String), 2009-01-01 01:01:01.0(Timestamp), null, 821(String), null, AddUserLink(String), gonzo_|_assignee(String), null
10:45:10,881 [main] DEBUG org.activiti.engine.impl.persistence.entity.CommentEntity.insertComment  - &lt;==    Updates: 1
10:45:10,881 [main] DEBUG org.activiti.engine.impl.db.DbSqlSession  - updating: Task[id=821, name=gonzoSubTask1_3]
10:45:10,881 [main] DEBUG org.activiti.engine.impl.persistence.entity.TaskEntity.updateTask  - ==&gt;  Preparing: update ACT_RU_TASK SET REV_ = ?, NAME_ = ?, PARENT_TASK_ID_ = ?, PRIORITY_ = ?, CREATE_TIME_ = ?, OWNER_ = ?, ASSIGNEE_ = ?, DELEGATION_ = ?, EXECUTION_ID_ = ?, PROC_DEF_ID_ = ?, DESCRIPTION_ = ?, DUE_DATE_ = ?, CATEGORY_ = ?, SUSPENSION_STATE_ = ?, FORM_KEY_ = ? where ID_= ? and REV_ = ? 
10:45:10,881 [main] DEBUG org.activiti.engine.impl.persistence.entity.TaskEntity.updateTask  - ==&gt; Parameters: 2(Integer), gonzoSubTask1_3(String), 813(String), 50(Integer), 2009-01-01 01:01:01.0(Timestamp), null, gonzo(String), null, null, null, description for gonzo sub-task1_3(String), null, null, 1(Integer), null, 821(String), 1(Integer)
10:45:10,881 [main] DEBUG org.activiti.engine.impl.persistence.entity.TaskEntity.updateTask  - &lt;==    Updates: 1
10:45:10,881 [main] DEBUG org.activiti.engine.impl.db.DbSqlSession  - updating: HistoricTaskInstanceEntity[id=821, name=gonzoSubTask1_3]
10:45:10,881 [main] DEBUG org.activiti.engine.impl.persistence.entity.HistoricTaskInstanceEntity.updateHistoricTaskInstance  - ==&gt;  Preparing: update ACT_HI_TASKINST set EXECUTION_ID_ = ?, NAME_ = ?, PARENT_TASK_ID_ = ?, DESCRIPTION_ = ?, OWNER_ = ?, ASSIGNEE_ = ?, CLAIM_TIME_ = ?, END_TIME_ = ?, DURATION_ = ?, DELETE_REASON_ = ?, TASK_DEF_KEY_ = ?, FORM_KEY_ = ?, PRIORITY_ = ?, DUE_DATE_ = ?, CATEGORY_ = ? where ID_ = ? 
10:45:10,881 [main] DEBUG org.activiti.engine.impl.persistence.entity.HistoricTaskInstanceEntity.updateHistoricTaskInstance  - ==&gt; Parameters: null, gonzoSubTask1_3(String), 813(String), description for gonzo sub-task1_3(String), null, gonzo(String), null, null, null, null, null, null, 50(Integer), null, null, 821(String)
10:45:10,881 [main] DEBUG org.activiti.engine.impl.persistence.entity.HistoricTaskInstanceEntity.updateHistoricTaskInstance  - &lt;==    Updates: 1
10:45:10,881 [main] DEBUG org.activiti.engine.impl.cfg.standalone.StandaloneMybatisTransactionContext  - firing event committing...
10:45:10,881 [main] DEBUG org.activiti.engine.impl.cfg.standalone.StandaloneMybatisTransactionContext  - committing the ibatis sql session...
10:45:10,881 [main] DEBUG org.apache.ibatis.transaction.jdbc.JdbcTransaction  - Committing JDBC Connection [conn3: url=jdbc:h2:mem:activiti user=SA]
10:45:10,881 [main] DEBUG org.activiti.engine.impl.cfg.standalone.StandaloneMybatisTransactionContext  - firing event committed...
10:45:10,881 [main] DEBUG org.apache.ibatis.transaction.jdbc.JdbcTransaction  - Resetting autocommit to true on JDBC Connection [conn3: url=jdbc:h2:mem:activiti user=SA]
10:45:10,881 [main] DEBUG org.apache.ibatis.transaction.jdbc.JdbcTransaction  - Closing JDBC Connection [conn3: url=jdbc:h2:mem:activiti user=SA]
10:45:10,881 [main] DEBUG org.apache.ibatis.datasource.pooled.PooledDataSource  - Returned connection 180014677 to pool.
10:45:10,881 [main] DEBUG org.activiti.engine.impl.interceptor.LogInterceptor  - --- AddIdentityLinkCmd finished --------------------------------------------------------
10:45:10,881 [main] DEBUG org.activiti.engine.impl.interceptor.LogInterceptor  - 

10:45:10,881 [main] DEBUG org.activiti.engine.impl.interceptor.LogInterceptor  - 

10:45:10,881 [main] DEBUG org.activiti.engine.impl.interceptor.LogInterceptor  - --- starting NewTaskCmd --------------------------------------------------------
10:45:10,881 [main] DEBUG org.activiti.engine.impl.cfg.standalone.StandaloneMybatisTransactionContext  - firing event committing...
10:45:10,881 [main] DEBUG org.activiti.engine.impl.cfg.standalone.StandaloneMybatisTransactionContext  - committing the ibatis sql session...
10:45:10,881 [main] DEBUG org.activiti.engine.impl.cfg.standalone.StandaloneMybatisTransactionContext  - firing event committed...
10:45:10,881 [main] DEBUG org.activiti.engine.impl.interceptor.LogInterceptor  - --- NewTaskCmd finished --------------------------------------------------------
10:45:10,881 [main] DEBUG org.activiti.engine.impl.interceptor.LogInterceptor  - 

10:45:10,881 [main] DEBUG org.activiti.engine.impl.interceptor.LogInterceptor  - 

10:45:10,881 [main] DEBUG org.activiti.engine.impl.interceptor.LogInterceptor  - --- starting SaveTaskCmd --------------------------------------------------------
10:45:10,881 [main] DEBUG org.activiti.engine.impl.history.DefaultHistoryManager  - Current history level: FULL, level required: AUDIT
10:45:10,881 [main] DEBUG org.activiti.engine.impl.db.DbSqlSession  -   insert Task[id=823, name=gonzoSubTask2_1]
10:45:10,881 [main] DEBUG org.activiti.engine.impl.db.DbSqlSession  -   insert HistoricTaskInstanceEntity[id=823, name=gonzoSubTask2_1]
10:45:10,881 [main] DEBUG org.activiti.engine.impl.db.DbSqlSession  - flush summary: 2 insert, 0 update, 0 delete.
10:45:10,881 [main] DEBUG org.activiti.engine.impl.db.DbSqlSession  - now executing flush...
10:45:10,881 [main] DEBUG org.activiti.engine.impl.db.DbSqlSession  - inserting: HistoricTaskInstanceEntity[id=823, name=gonzoSubTask2_1]
10:45:10,881 [main] DEBUG org.apache.ibatis.transaction.jdbc.JdbcTransaction  - Opening JDBC Connection
10:45:10,881 [main] DEBUG org.apache.ibatis.datasource.pooled.PooledDataSource  - Checked out connection 363509958 from pool.
10:45:10,881 [main] DEBUG org.apache.ibatis.transaction.jdbc.JdbcTransaction  - Setting autocommit to false on JDBC Connection [conn2: url=jdbc:h2:mem:activiti user=SA]
10:45:10,881 [main] DEBUG org.activiti.engine.impl.persistence.entity.HistoricTaskInstanceEntity.insertHistoricTaskInstance  - ==&gt;  Preparing: insert into ACT_HI_TASKINST ( ID_, PROC_DEF_ID_, PROC_INST_ID_, EXECUTION_ID_, NAME_, PARENT_TASK_ID_, DESCRIPTION_, OWNER_, ASSIGNEE_, START_TIME_, CLAIM_TIME_, END_TIME_, DURATION_, DELETE_REASON_, TASK_DEF_KEY_, FORM_KEY_, PRIORITY_, DUE_DATE_, CATEGORY_, TENANT_ID_ ) values ( ?, ?, ?, ?, ?, ?, ?, ?, ?, ?, ?, ?, ?, ?, ?, ?, ?, ?, ?, ? ) 
10:45:10,881 [main] DEBUG org.activiti.engine.impl.persistence.entity.HistoricTaskInstanceEntity.insertHistoricTaskInstance  - ==&gt; Parameters: 823(String), null, null, null, gonzoSubTask2_1(String), 815(String), description for gonzo sub-task2_1(String), null, null, 2009-01-02 01:01:01.0(Timestamp), null, null, null, null, null, null, 50(Integer), null, null, (String)
10:45:10,881 [main] DEBUG org.activiti.engine.impl.persistence.entity.HistoricTaskInstanceEntity.insertHistoricTaskInstance  - &lt;==    Updates: 1
10:45:10,881 [main] DEBUG org.activiti.engine.impl.db.DbSqlSession  - inserting: Task[id=823, name=gonzoSubTask2_1]
10:45:10,881 [main] DEBUG org.activiti.engine.impl.persistence.entity.TaskEntity.insertTask  - ==&gt;  Preparing: insert into ACT_RU_TASK (ID_, REV_, NAME_, PARENT_TASK_ID_, DESCRIPTION_, PRIORITY_, CREATE_TIME_, OWNER_, ASSIGNEE_, DELEGATION_, EXECUTION_ID_, PROC_INST_ID_, PROC_DEF_ID_, TASK_DEF_KEY_, DUE_DATE_, CATEGORY_, SUSPENSION_STATE_, TENANT_ID_, FORM_KEY_) values (?, 1, ?, ?, ?, ?, ?, ?, ?, ?, ?, ?, ?, ?, ?, ?, ?, ?, ? ) 
10:45:10,881 [main] DEBUG org.activiti.engine.impl.persistence.entity.TaskEntity.insertTask  - ==&gt; Parameters: 823(String), gonzoSubTask2_1(String), 815(String), description for gonzo sub-task2_1(String), 50(Integer), 2009-01-02 01:01:01.0(Timestamp), null, null, null, null, null, null, null, null, null, 1(Integer), (String), null
10:45:10,881 [main] DEBUG org.activiti.engine.impl.persistence.entity.TaskEntity.insertTask  - &lt;==    Updates: 1
10:45:10,881 [main] DEBUG org.activiti.engine.impl.cfg.standalone.StandaloneMybatisTransactionContext  - firing event committing...
10:45:10,881 [main] DEBUG org.activiti.engine.impl.cfg.standalone.StandaloneMybatisTransactionContext  - committing the ibatis sql session...
10:45:10,881 [main] DEBUG org.apache.ibatis.transaction.jdbc.JdbcTransaction  - Committing JDBC Connection [conn2: url=jdbc:h2:mem:activiti user=SA]
10:45:10,881 [main] DEBUG org.activiti.engine.impl.cfg.standalone.StandaloneMybatisTransactionContext  - firing event committed...
10:45:10,881 [main] DEBUG org.apache.ibatis.transaction.jdbc.JdbcTransaction  - Resetting autocommit to true on JDBC Connection [conn2: url=jdbc:h2:mem:activiti user=SA]
10:45:10,881 [main] DEBUG org.apache.ibatis.transaction.jdbc.JdbcTransaction  - Closing JDBC Connection [conn2: url=jdbc:h2:mem:activiti user=SA]
10:45:10,881 [main] DEBUG org.apache.ibatis.datasource.pooled.PooledDataSource  - Returned connection 363509958 to pool.
10:45:10,881 [main] DEBUG org.activiti.engine.impl.interceptor.LogInterceptor  - --- SaveTaskCmd finished --------------------------------------------------------
10:45:10,881 [main] DEBUG org.activiti.engine.impl.interceptor.LogInterceptor  - 

10:45:10,881 [main] DEBUG org.activiti.engine.impl.interceptor.LogInterceptor  - 

10:45:10,881 [main] DEBUG org.activiti.engine.impl.interceptor.LogInterceptor  - --- starting AddIdentityLinkCmd --------------------------------------------------------
10:45:10,881 [main] DEBUG org.apache.ibatis.transaction.jdbc.JdbcTransaction  - Opening JDBC Connection
10:45:10,881 [main] DEBUG org.apache.ibatis.datasource.pooled.PooledDataSource  - Checked out connection 297240765 from pool.
10:45:10,881 [main] DEBUG org.apache.ibatis.transaction.jdbc.JdbcTransaction  - Setting autocommit to false on JDBC Connection [conn4: url=jdbc:h2:mem:activiti user=SA]
10:45:10,881 [main] DEBUG org.activiti.engine.impl.persistence.entity.TaskEntity.selectTask  - ==&gt;  Preparing: select * from ACT_RU_TASK where ID_ = ? 
10:45:10,881 [main] DEBUG org.activiti.engine.impl.persistence.entity.TaskEntity.selectTask  - ==&gt; Parameters: 823(String)
10:45:10,882 [main] DEBUG org.activiti.engine.impl.persistence.entity.TaskEntity.selectTask  - &lt;==      Total: 1
10:45:10,882 [main] DEBUG org.activiti.engine.impl.history.DefaultHistoryManager  - Current history level: FULL, level required: AUDIT
10:45:10,882 [main] DEBUG org.activiti.engine.impl.persistence.entity.HistoricTaskInstanceEntity.selectHistoricTaskInstance  - ==&gt;  Preparing: select * from ACT_HI_TASKINST where ID_ = ? 
10:45:10,882 [main] DEBUG org.activiti.engine.impl.persistence.entity.HistoricTaskInstanceEntity.selectHistoricTaskInstance  - ==&gt; Parameters: 823(String)
10:45:10,882 [main] DEBUG org.activiti.engine.impl.persistence.entity.HistoricTaskInstanceEntity.selectHistoricTaskInstance  - &lt;==      Total: 1
10:45:10,882 [main] DEBUG org.activiti.engine.impl.history.DefaultHistoryManager  - Current history level: FULL
10:45:10,882 [main] DEBUG org.activiti.engine.impl.history.DefaultHistoryManager  - Current history level: FULL
10:45:10,882 [main] DEBUG org.activiti.engine.impl.db.DbSqlSession  -   insert org.activiti.engine.impl.persistence.entity.CommentEntity@7473cfe2
10:45:10,882 [main] DEBUG org.activiti.engine.impl.db.DbSqlSession  -   update Task[id=823, name=gonzoSubTask2_1]
10:45:10,882 [main] DEBUG org.activiti.engine.impl.db.DbSqlSession  -   update HistoricTaskInstanceEntity[id=823, name=gonzoSubTask2_1]
10:45:10,882 [main] DEBUG org.activiti.engine.impl.db.DbSqlSession  - flush summary: 1 insert, 2 update, 0 delete.
10:45:10,882 [main] DEBUG org.activiti.engine.impl.db.DbSqlSession  - now executing flush...
10:45:10,882 [main] DEBUG org.activiti.engine.impl.db.DbSqlSession  - inserting: org.activiti.engine.impl.persistence.entity.CommentEntity@7473cfe2
10:45:10,882 [main] DEBUG org.activiti.engine.impl.persistence.entity.CommentEntity.insertComment  - ==&gt;  Preparing: insert into ACT_HI_COMMENT (ID_, TYPE_, TIME_, USER_ID_, TASK_ID_, PROC_INST_ID_, ACTION_, MESSAGE_, FULL_MSG_) values (?, ?, ?, ?, ?, ?, ?, ?, ?) 
10:45:10,882 [main] DEBUG org.activiti.engine.impl.persistence.entity.CommentEntity.insertComment  - ==&gt; Parameters: 824(String), event(String), 2009-01-02 01:01:01.0(Timestamp), null, 823(String), null, AddUserLink(String), gonzo_|_assignee(String), null
10:45:10,882 [main] DEBUG org.activiti.engine.impl.persistence.entity.CommentEntity.insertComment  - &lt;==    Updates: 1
10:45:10,882 [main] DEBUG org.activiti.engine.impl.db.DbSqlSession  - updating: Task[id=823, name=gonzoSubTask2_1]
10:45:10,882 [main] DEBUG org.activiti.engine.impl.persistence.entity.TaskEntity.updateTask  - ==&gt;  Preparing: update ACT_RU_TASK SET REV_ = ?, NAME_ = ?, PARENT_TASK_ID_ = ?, PRIORITY_ = ?, CREATE_TIME_ = ?, OWNER_ = ?, ASSIGNEE_ = ?, DELEGATION_ = ?, EXECUTION_ID_ = ?, PROC_DEF_ID_ = ?, DESCRIPTION_ = ?, DUE_DATE_ = ?, CATEGORY_ = ?, SUSPENSION_STATE_ = ?, FORM_KEY_ = ? where ID_= ? and REV_ = ? 
10:45:10,882 [main] DEBUG org.activiti.engine.impl.persistence.entity.TaskEntity.updateTask  - ==&gt; Parameters: 2(Integer), gonzoSubTask2_1(String), 815(String), 50(Integer), 2009-01-02 01:01:01.0(Timestamp), null, gonzo(String), null, null, null, description for gonzo sub-task2_1(String), null, null, 1(Integer), null, 823(String), 1(Integer)
10:45:10,882 [main] DEBUG org.activiti.engine.impl.persistence.entity.TaskEntity.updateTask  - &lt;==    Updates: 1
10:45:10,882 [main] DEBUG org.activiti.engine.impl.db.DbSqlSession  - updating: HistoricTaskInstanceEntity[id=823, name=gonzoSubTask2_1]
10:45:10,882 [main] DEBUG org.activiti.engine.impl.persistence.entity.HistoricTaskInstanceEntity.updateHistoricTaskInstance  - ==&gt;  Preparing: update ACT_HI_TASKINST set EXECUTION_ID_ = ?, NAME_ = ?, PARENT_TASK_ID_ = ?, DESCRIPTION_ = ?, OWNER_ = ?, ASSIGNEE_ = ?, CLAIM_TIME_ = ?, END_TIME_ = ?, DURATION_ = ?, DELETE_REASON_ = ?, TASK_DEF_KEY_ = ?, FORM_KEY_ = ?, PRIORITY_ = ?, DUE_DATE_ = ?, CATEGORY_ = ? where ID_ = ? 
10:45:10,882 [main] DEBUG org.activiti.engine.impl.persistence.entity.HistoricTaskInstanceEntity.updateHistoricTaskInstance  - ==&gt; Parameters: null, gonzoSubTask2_1(String), 815(String), description for gonzo sub-task2_1(String), null, gonzo(String), null, null, null, null, null, null, 50(Integer), null, null, 823(String)
10:45:10,882 [main] DEBUG org.activiti.engine.impl.persistence.entity.HistoricTaskInstanceEntity.updateHistoricTaskInstance  - &lt;==    Updates: 1
10:45:10,882 [main] DEBUG org.activiti.engine.impl.cfg.standalone.StandaloneMybatisTransactionContext  - firing event committing...
10:45:10,882 [main] DEBUG org.activiti.engine.impl.cfg.standalone.StandaloneMybatisTransactionContext  - committing the ibatis sql session...
10:45:10,882 [main] DEBUG org.apache.ibatis.transaction.jdbc.JdbcTransaction  - Committing JDBC Connection [conn4: url=jdbc:h2:mem:activiti user=SA]
10:45:10,882 [main] DEBUG org.activiti.engine.impl.cfg.standalone.StandaloneMybatisTransactionContext  - firing event committed...
10:45:10,882 [main] DEBUG org.apache.ibatis.transaction.jdbc.JdbcTransaction  - Resetting autocommit to true on JDBC Connection [conn4: url=jdbc:h2:mem:activiti user=SA]
10:45:10,882 [main] DEBUG org.apache.ibatis.transaction.jdbc.JdbcTransaction  - Closing JDBC Connection [conn4: url=jdbc:h2:mem:activiti user=SA]
10:45:10,882 [main] DEBUG org.apache.ibatis.datasource.pooled.PooledDataSource  - Returned connection 297240765 to pool.
10:45:10,882 [main] DEBUG org.activiti.engine.impl.interceptor.LogInterceptor  - --- AddIdentityLinkCmd finished --------------------------------------------------------
10:45:10,882 [main] DEBUG org.activiti.engine.impl.interceptor.LogInterceptor  - 

10:45:10,882 [main] DEBUG org.activiti.engine.impl.interceptor.LogInterceptor  - 

10:45:10,882 [main] DEBUG org.activiti.engine.impl.interceptor.LogInterceptor  - --- starting NewTaskCmd --------------------------------------------------------
10:45:10,882 [main] DEBUG org.activiti.engine.impl.cfg.standalone.StandaloneMybatisTransactionContext  - firing event committing...
10:45:10,882 [main] DEBUG org.activiti.engine.impl.cfg.standalone.StandaloneMybatisTransactionContext  - committing the ibatis sql session...
10:45:10,882 [main] DEBUG org.activiti.engine.impl.cfg.standalone.StandaloneMybatisTransactionContext  - firing event committed...
10:45:10,882 [main] DEBUG org.activiti.engine.impl.interceptor.LogInterceptor  - --- NewTaskCmd finished --------------------------------------------------------
10:45:10,882 [main] DEBUG org.activiti.engine.impl.interceptor.LogInterceptor  - 

10:45:10,882 [main] DEBUG org.activiti.engine.impl.interceptor.LogInterceptor  - 

10:45:10,882 [main] DEBUG org.activiti.engine.impl.interceptor.LogInterceptor  - --- starting SaveTaskCmd --------------------------------------------------------
10:45:10,882 [main] DEBUG org.activiti.engine.impl.history.DefaultHistoryManager  - Current history level: FULL, level required: AUDIT
10:45:10,882 [main] DEBUG org.activiti.engine.impl.db.DbSqlSession  -   insert Task[id=825, name=gonzoSubTask2_2]
10:45:10,882 [main] DEBUG org.activiti.engine.impl.db.DbSqlSession  -   insert HistoricTaskInstanceEntity[id=825, name=gonzoSubTask2_2]
10:45:10,882 [main] DEBUG org.activiti.engine.impl.db.DbSqlSession  - flush summary: 2 insert, 0 update, 0 delete.
10:45:10,882 [main] DEBUG org.activiti.engine.impl.db.DbSqlSession  - now executing flush...
10:45:10,882 [main] DEBUG org.activiti.engine.impl.db.DbSqlSession  - inserting: HistoricTaskInstanceEntity[id=825, name=gonzoSubTask2_2]
10:45:10,882 [main] DEBUG org.apache.ibatis.transaction.jdbc.JdbcTransaction  - Opening JDBC Connection
10:45:10,882 [main] DEBUG org.apache.ibatis.datasource.pooled.PooledDataSource  - Checked out connection 486346394 from pool.
10:45:10,882 [main] DEBUG org.apache.ibatis.transaction.jdbc.JdbcTransaction  - Setting autocommit to false on JDBC Connection [conn6: url=jdbc:h2:mem:activiti user=SA]
10:45:10,882 [main] DEBUG org.activiti.engine.impl.persistence.entity.HistoricTaskInstanceEntity.insertHistoricTaskInstance  - ==&gt;  Preparing: insert into ACT_HI_TASKINST ( ID_, PROC_DEF_ID_, PROC_INST_ID_, EXECUTION_ID_, NAME_, PARENT_TASK_ID_, DESCRIPTION_, OWNER_, ASSIGNEE_, START_TIME_, CLAIM_TIME_, END_TIME_, DURATION_, DELETE_REASON_, TASK_DEF_KEY_, FORM_KEY_, PRIORITY_, DUE_DATE_, CATEGORY_, TENANT_ID_ ) values ( ?, ?, ?, ?, ?, ?, ?, ?, ?, ?, ?, ?, ?, ?, ?, ?, ?, ?, ?, ? ) 
10:45:10,882 [main] DEBUG org.activiti.engine.impl.persistence.entity.HistoricTaskInstanceEntity.insertHistoricTaskInstance  - ==&gt; Parameters: 825(String), null, null, null, gonzoSubTask2_2(String), 815(String), description for gonzo sub-task2_2(String), null, null, 2009-01-02 01:01:01.0(Timestamp), null, null, null, null, null, null, 50(Integer), null, null, (String)
10:45:10,882 [main] DEBUG org.activiti.engine.impl.persistence.entity.HistoricTaskInstanceEntity.insertHistoricTaskInstance  - &lt;==    Updates: 1
10:45:10,882 [main] DEBUG org.activiti.engine.impl.db.DbSqlSession  - inserting: Task[id=825, name=gonzoSubTask2_2]
10:45:10,882 [main] DEBUG org.activiti.engine.impl.persistence.entity.TaskEntity.insertTask  - ==&gt;  Preparing: insert into ACT_RU_TASK (ID_, REV_, NAME_, PARENT_TASK_ID_, DESCRIPTION_, PRIORITY_, CREATE_TIME_, OWNER_, ASSIGNEE_, DELEGATION_, EXECUTION_ID_, PROC_INST_ID_, PROC_DEF_ID_, TASK_DEF_KEY_, DUE_DATE_, CATEGORY_, SUSPENSION_STATE_, TENANT_ID_, FORM_KEY_) values (?, 1, ?, ?, ?, ?, ?, ?, ?, ?, ?, ?, ?, ?, ?, ?, ?, ?, ? ) 
10:45:10,882 [main] DEBUG org.activiti.engine.impl.persistence.entity.TaskEntity.insertTask  - ==&gt; Parameters: 825(String), gonzoSubTask2_2(String), 815(String), description for gonzo sub-task2_2(String), 50(Integer), 2009-01-02 01:01:01.0(Timestamp), null, null, null, null, null, null, null, null, null, 1(Integer), (String), null
10:45:10,882 [main] DEBUG org.activiti.engine.impl.persistence.entity.TaskEntity.insertTask  - &lt;==    Updates: 1
10:45:10,882 [main] DEBUG org.activiti.engine.impl.cfg.standalone.StandaloneMybatisTransactionContext  - firing event committing...
10:45:10,882 [main] DEBUG org.activiti.engine.impl.cfg.standalone.StandaloneMybatisTransactionContext  - committing the ibatis sql session...
10:45:10,882 [main] DEBUG org.apache.ibatis.transaction.jdbc.JdbcTransaction  - Committing JDBC Connection [conn6: url=jdbc:h2:mem:activiti user=SA]
10:45:10,882 [main] DEBUG org.activiti.engine.impl.cfg.standalone.StandaloneMybatisTransactionContext  - firing event committed...
10:45:10,882 [main] DEBUG org.apache.ibatis.transaction.jdbc.JdbcTransaction  - Resetting autocommit to true on JDBC Connection [conn6: url=jdbc:h2:mem:activiti user=SA]
10:45:10,882 [main] DEBUG org.apache.ibatis.transaction.jdbc.JdbcTransaction  - Closing JDBC Connection [conn6: url=jdbc:h2:mem:activiti user=SA]
10:45:10,882 [main] DEBUG org.apache.ibatis.datasource.pooled.PooledDataSource  - Returned connection 486346394 to pool.
10:45:10,882 [main] DEBUG org.activiti.engine.impl.interceptor.LogInterceptor  - --- SaveTaskCmd finished --------------------------------------------------------
10:45:10,882 [main] DEBUG org.activiti.engine.impl.interceptor.LogInterceptor  - 

10:45:10,882 [main] DEBUG org.activiti.engine.impl.interceptor.LogInterceptor  - 

10:45:10,882 [main] DEBUG org.activiti.engine.impl.interceptor.LogInterceptor  - --- starting AddIdentityLinkCmd --------------------------------------------------------
10:45:10,882 [main] DEBUG org.apache.ibatis.transaction.jdbc.JdbcTransaction  - Opening JDBC Connection
10:45:10,882 [main] DEBUG org.apache.ibatis.datasource.pooled.PooledDataSource  - Checked out connection 180014677 from pool.
10:45:10,882 [main] DEBUG org.apache.ibatis.transaction.jdbc.JdbcTransaction  - Setting autocommit to false on JDBC Connection [conn3: url=jdbc:h2:mem:activiti user=SA]
10:45:10,882 [main] DEBUG org.activiti.engine.impl.persistence.entity.TaskEntity.selectTask  - ==&gt;  Preparing: select * from ACT_RU_TASK where ID_ = ? 
10:45:10,882 [main] DEBUG org.activiti.engine.impl.persistence.entity.TaskEntity.selectTask  - ==&gt; Parameters: 825(String)
10:45:10,882 [main] DEBUG org.activiti.engine.impl.persistence.entity.TaskEntity.selectTask  - &lt;==      Total: 1
10:45:10,882 [main] DEBUG org.activiti.engine.impl.history.DefaultHistoryManager  - Current history level: FULL, level required: AUDIT
10:45:10,882 [main] DEBUG org.activiti.engine.impl.persistence.entity.HistoricTaskInstanceEntity.selectHistoricTaskInstance  - ==&gt;  Preparing: select * from ACT_HI_TASKINST where ID_ = ? 
10:45:10,882 [main] DEBUG org.activiti.engine.impl.persistence.entity.HistoricTaskInstanceEntity.selectHistoricTaskInstance  - ==&gt; Parameters: 825(String)
10:45:10,882 [main] DEBUG org.activiti.engine.impl.persistence.entity.HistoricTaskInstanceEntity.selectHistoricTaskInstance  - &lt;==      Total: 1
10:45:10,882 [main] DEBUG org.activiti.engine.impl.history.DefaultHistoryManager  - Current history level: FULL
10:45:10,882 [main] DEBUG org.activiti.engine.impl.history.DefaultHistoryManager  - Current history level: FULL
10:45:10,883 [main] DEBUG org.activiti.engine.impl.db.DbSqlSession  -   insert org.activiti.engine.impl.persistence.entity.CommentEntity@354ed5c4
10:45:10,883 [main] DEBUG org.activiti.engine.impl.db.DbSqlSession  -   update Task[id=825, name=gonzoSubTask2_2]
10:45:10,883 [main] DEBUG org.activiti.engine.impl.db.DbSqlSession  -   update HistoricTaskInstanceEntity[id=825, name=gonzoSubTask2_2]
10:45:10,883 [main] DEBUG org.activiti.engine.impl.db.DbSqlSession  - flush summary: 1 insert, 2 update, 0 delete.
10:45:10,883 [main] DEBUG org.activiti.engine.impl.db.DbSqlSession  - now executing flush...
10:45:10,883 [main] DEBUG org.activiti.engine.impl.db.DbSqlSession  - inserting: org.activiti.engine.impl.persistence.entity.CommentEntity@354ed5c4
10:45:10,883 [main] DEBUG org.activiti.engine.impl.persistence.entity.CommentEntity.insertComment  - ==&gt;  Preparing: insert into ACT_HI_COMMENT (ID_, TYPE_, TIME_, USER_ID_, TASK_ID_, PROC_INST_ID_, ACTION_, MESSAGE_, FULL_MSG_) values (?, ?, ?, ?, ?, ?, ?, ?, ?) 
10:45:10,883 [main] DEBUG org.activiti.engine.impl.persistence.entity.CommentEntity.insertComment  - ==&gt; Parameters: 826(String), event(String), 2009-01-02 01:01:01.0(Timestamp), null, 825(String), null, AddUserLink(String), gonzo_|_assignee(String), null
10:45:10,883 [main] DEBUG org.activiti.engine.impl.persistence.entity.CommentEntity.insertComment  - &lt;==    Updates: 1
10:45:10,883 [main] DEBUG org.activiti.engine.impl.db.DbSqlSession  - updating: Task[id=825, name=gonzoSubTask2_2]
10:45:10,883 [main] DEBUG org.activiti.engine.impl.persistence.entity.TaskEntity.updateTask  - ==&gt;  Preparing: update ACT_RU_TASK SET REV_ = ?, NAME_ = ?, PARENT_TASK_ID_ = ?, PRIORITY_ = ?, CREATE_TIME_ = ?, OWNER_ = ?, ASSIGNEE_ = ?, DELEGATION_ = ?, EXECUTION_ID_ = ?, PROC_DEF_ID_ = ?, DESCRIPTION_ = ?, DUE_DATE_ = ?, CATEGORY_ = ?, SUSPENSION_STATE_ = ?, FORM_KEY_ = ? where ID_= ? and REV_ = ? 
10:45:10,883 [main] DEBUG org.activiti.engine.impl.persistence.entity.TaskEntity.updateTask  - ==&gt; Parameters: 2(Integer), gonzoSubTask2_2(String), 815(String), 50(Integer), 2009-01-02 01:01:01.0(Timestamp), null, gonzo(String), null, null, null, description for gonzo sub-task2_2(String), null, null, 1(Integer), null, 825(String), 1(Integer)
10:45:10,883 [main] DEBUG org.activiti.engine.impl.persistence.entity.TaskEntity.updateTask  - &lt;==    Updates: 1
10:45:10,883 [main] DEBUG org.activiti.engine.impl.db.DbSqlSession  - updating: HistoricTaskInstanceEntity[id=825, name=gonzoSubTask2_2]
10:45:10,883 [main] DEBUG org.activiti.engine.impl.persistence.entity.HistoricTaskInstanceEntity.updateHistoricTaskInstance  - ==&gt;  Preparing: update ACT_HI_TASKINST set EXECUTION_ID_ = ?, NAME_ = ?, PARENT_TASK_ID_ = ?, DESCRIPTION_ = ?, OWNER_ = ?, ASSIGNEE_ = ?, CLAIM_TIME_ = ?, END_TIME_ = ?, DURATION_ = ?, DELETE_REASON_ = ?, TASK_DEF_KEY_ = ?, FORM_KEY_ = ?, PRIORITY_ = ?, DUE_DATE_ = ?, CATEGORY_ = ? where ID_ = ? 
10:45:10,883 [main] DEBUG org.activiti.engine.impl.persistence.entity.HistoricTaskInstanceEntity.updateHistoricTaskInstance  - ==&gt; Parameters: null, gonzoSubTask2_2(String), 815(String), description for gonzo sub-task2_2(String), null, gonzo(String), null, null, null, null, null, null, 50(Integer), null, null, 825(String)
10:45:10,883 [main] DEBUG org.activiti.engine.impl.persistence.entity.HistoricTaskInstanceEntity.updateHistoricTaskInstance  - &lt;==    Updates: 1
10:45:10,883 [main] DEBUG org.activiti.engine.impl.cfg.standalone.StandaloneMybatisTransactionContext  - firing event committing...
10:45:10,883 [main] DEBUG org.activiti.engine.impl.cfg.standalone.StandaloneMybatisTransactionContext  - committing the ibatis sql session...
10:45:10,883 [main] DEBUG org.apache.ibatis.transaction.jdbc.JdbcTransaction  - Committing JDBC Connection [conn3: url=jdbc:h2:mem:activiti user=SA]
10:45:10,883 [main] DEBUG org.activiti.engine.impl.cfg.standalone.StandaloneMybatisTransactionContext  - firing event committed...
10:45:10,883 [main] DEBUG org.apache.ibatis.transaction.jdbc.JdbcTransaction  - Resetting autocommit to true on JDBC Connection [conn3: url=jdbc:h2:mem:activiti user=SA]
10:45:10,883 [main] DEBUG org.apache.ibatis.transaction.jdbc.JdbcTransaction  - Closing JDBC Connection [conn3: url=jdbc:h2:mem:activiti user=SA]
10:45:10,883 [main] DEBUG org.apache.ibatis.datasource.pooled.PooledDataSource  - Returned connection 180014677 to pool.
10:45:10,883 [main] DEBUG org.activiti.engine.impl.interceptor.LogInterceptor  - --- AddIdentityLinkCmd finished --------------------------------------------------------
10:45:10,883 [main] DEBUG org.activiti.engine.impl.interceptor.LogInterceptor  - 

10:45:10,883 [main] DEBUG org.activiti.engine.impl.test.PvmTestCase  - 

10:45:10,883 [main] DEBUG org.activiti.engine.impl.test.PvmTestCase  - #### START SubTaskQueryTest.testQueryByAssigneeExcludeSubtasksPaginated ###########################################################
10:45:10,883 [main] DEBUG org.activiti.engine.impl.interceptor.LogInterceptor  - 

10:45:10,883 [main] DEBUG org.activiti.engine.impl.interceptor.LogInterceptor  - --- starting TaskQueryImpl --------------------------------------------------------
10:45:10,883 [main] DEBUG org.apache.ibatis.transaction.jdbc.JdbcTransaction  - Opening JDBC Connection
10:45:10,883 [main] DEBUG org.apache.ibatis.datasource.pooled.PooledDataSource  - Checked out connection 363509958 from pool.
10:45:10,883 [main] DEBUG org.apache.ibatis.transaction.jdbc.JdbcTransaction  - Setting autocommit to false on JDBC Connection [conn2: url=jdbc:h2:mem:activiti user=SA]
10:45:10,883 [main] DEBUG org.activiti.engine.impl.persistence.entity.TaskEntity.selectTaskCountByQueryCriteria  - ==&gt;  Preparing: select count(distinct RES.ID_) from ACT_RU_TASK RES WHERE RES.ASSIGNEE_ = ? 
10:45:10,883 [main] DEBUG org.activiti.engine.impl.persistence.entity.TaskEntity.selectTaskCountByQueryCriteria  - ==&gt; Parameters: gonzo(String)
10:45:10,883 [main] DEBUG org.activiti.engine.impl.persistence.entity.TaskEntity.selectTaskCountByQueryCriteria  - &lt;==      Total: 1
10:45:10,883 [main] DEBUG org.activiti.engine.impl.db.DbSqlSession  - flush summary: 0 insert, 0 update, 0 delete.
10:45:10,883 [main] DEBUG org.activiti.engine.impl.db.DbSqlSession  - now executing flush...
10:45:10,883 [main] DEBUG org.activiti.engine.impl.cfg.standalone.StandaloneMybatisTransactionContext  - firing event committing...
10:45:10,883 [main] DEBUG org.activiti.engine.impl.cfg.standalone.StandaloneMybatisTransactionContext  - committing the ibatis sql session...
10:45:10,883 [main] DEBUG org.activiti.engine.impl.cfg.standalone.StandaloneMybatisTransactionContext  - firing event committed...
10:45:10,883 [main] DEBUG org.apache.ibatis.transaction.jdbc.JdbcTransaction  - Resetting autocommit to true on JDBC Connection [conn2: url=jdbc:h2:mem:activiti user=SA]
10:45:10,883 [main] DEBUG org.apache.ibatis.transaction.jdbc.JdbcTransaction  - Closing JDBC Connection [conn2: url=jdbc:h2:mem:activiti user=SA]
10:45:10,883 [main] DEBUG org.apache.ibatis.datasource.pooled.PooledDataSource  - Returned connection 363509958 to pool.
10:45:10,883 [main] DEBUG org.activiti.engine.impl.interceptor.LogInterceptor  - --- TaskQueryImpl finished --------------------------------------------------------
10:45:10,883 [main] DEBUG org.activiti.engine.impl.interceptor.LogInterceptor  - 

10:45:10,883 [main] DEBUG org.activiti.engine.impl.interceptor.LogInterceptor  - 

10:45:10,883 [main] DEBUG org.activiti.engine.impl.interceptor.LogInterceptor  - --- starting TaskQueryImpl --------------------------------------------------------
10:45:10,883 [main] DEBUG org.apache.ibatis.transaction.jdbc.JdbcTransaction  - Opening JDBC Connection
10:45:10,883 [main] DEBUG org.apache.ibatis.datasource.pooled.PooledDataSource  - Checked out connection 297240765 from pool.
10:45:10,883 [main] DEBUG org.apache.ibatis.transaction.jdbc.JdbcTransaction  - Setting autocommit to false on JDBC Connection [conn4: url=jdbc:h2:mem:activiti user=SA]
10:45:10,883 [main] DEBUG org.activiti.engine.impl.persistence.entity.TaskEntity.selectTaskByQueryCriteria  - ==&gt;  Preparing: select distinct RES.* from ACT_RU_TASK RES WHERE RES.ASSIGNEE_ = ? order by order by RES.ID_ asc LIMIT ? OFFSET ? 
10:45:10,883 [main] DEBUG org.activiti.engine.impl.interceptor.CommandContext  - Error while closing command context
org.apache.ibatis.exceptions.PersistenceException: 
### Error querying database.  Cause: org.h2.jdbc.JdbcSQLException: Syntax error in SQL statement &quot;SELECT DISTINCT RES.* 
       
    FROM ACT_RU_TASK RES
     
     
     
     
    
     
     
     
     WHERE  RES.ASSIGNEE_ = ? 
   
    
     ORDER BY  ORDER[*] BY RES.ID_ ASC  
    LIMIT ? OFFSET ? &quot;; expected &quot;=, NOT, EXISTS, INTERSECTS, SELECT, FROM&quot;; SQL statement:
select distinct RES.* 
       
    from ACT_RU_TASK RES
     
     
     
     
    
     
     
     
     WHERE  RES.ASSIGNEE_ = ? 
   
    
     order by  order by RES.ID_ asc  
    LIMIT ? OFFSET ? [42001-176]
### The error may exist in org/activiti/db/mapping/entity/Task.xml
### The error may involve org.activiti.engine.impl.persistence.entity.TaskEntity.selectTaskByQueryCriteria
### The error occurred while executing a query
### SQL: select distinct RES.*              from ACT_RU_TASK RES                                                     WHERE  RES.ASSIGNEE_ = ?                order by  order by RES.ID_ asc       LIMIT ? OFFSET ?
### Cause: org.h2.jdbc.JdbcSQLException: Syntax error in SQL statement &quot;SELECT DISTINCT RES.* 
       
    FROM ACT_RU_TASK RES
     
     
     
     
    
     
     
     
     WHERE  RES.ASSIGNEE_ = ? 
   
    
     ORDER BY  ORDER[*] BY RES.ID_ ASC  
    LIMIT ? OFFSET ? &quot;; expected &quot;=, NOT, EXISTS, INTERSECTS, SELECT, FROM&quot;; SQL statement:
select distinct RES.* 
       
    from ACT_RU_TASK RES
     
     
     
     
    
     
     
     
     WHERE  RES.ASSIGNEE_ = ? 
   
    
     order by  order by RES.ID_ asc  
    LIMIT ? OFFSET ? [42001-176]
	at org.apache.ibatis.exceptions.ExceptionFactory.wrapException(ExceptionFactory.java:30)
	at org.apache.ibatis.session.defaults.DefaultSqlSession.selectList(DefaultSqlSession.java:122)
	at org.apache.ibatis.session.defaults.DefaultSqlSession.selectList(DefaultSqlSession.java:113)
	at org.activiti.engine.impl.db.DbSqlSession.selectListWithRawParameter(DbSqlSession.java:438)
	at org.activiti.engine.impl.db.DbSqlSession.selectList(DbSqlSession.java:429)
	at org.activiti.engine.impl.persistence.entity.TaskEntityManager.findTasksByQueryCriteria(TaskEntityManager.java:135)
	at org.activiti.engine.impl.TaskQueryImpl.executeList(TaskQueryImpl.java:1256)
	at org.activiti.engine.impl.AbstractQuery.execute(AbstractQuery.java:168)
	at org.activiti.engine.impl.interceptor.CommandInvoker.execute(CommandInvoker.java:24)
	at org.activiti.engine.impl.interceptor.CommandContextInterceptor.execute(CommandContextInterceptor.java:57)
	at org.activiti.engine.impl.interceptor.LogInterceptor.execute(LogInterceptor.java:37)
	at org.activiti.engine.impl.cfg.CommandExecutorImpl.execute(CommandExecutorImpl.java:40)
	at org.activiti.engine.impl.cfg.CommandExecutorImpl.execute(CommandExecutorImpl.java:35)
	at org.activiti.engine.impl.AbstractQuery.listPage(AbstractQuery.java:149)
	at org.activiti.engine.test.api.task.SubTaskQueryTest.testQueryByAssigneeExcludeSubtasksPaginated(SubTaskQueryTest.java:131)
	at sun.reflect.NativeMethodAccessorImpl.invoke0(Native Method)
	at sun.reflect.NativeMethodAccessorImpl.invoke(NativeMethodAccessorImpl.java:62)
	at sun.reflect.DelegatingMethodAccessorImpl.invoke(DelegatingMethodAccessorImpl.java:43)
	at java.lang.reflect.Method.invoke(Method.java:498)
	at junit.framework.TestCase.runTest(TestCase.java:176)
	at org.activiti.engine.impl.test.PvmTestCase.runTest(PvmTestCase.java:65)
	at junit.framework.TestCase.runBare(TestCase.java:141)
	at org.activiti.engine.impl.test.AbstractActivitiTestCase.runBare(AbstractActivitiTestCase.java:100)
	at junit.framework.TestResult$1.protect(TestResult.java:122)
	at junit.framework.TestResult.runProtected(TestResult.java:142)
	at junit.framework.TestResult.run(TestResult.java:125)
	at junit.framework.TestCase.run(TestCase.java:129)
	at junit.framework.TestSuite.runTest(TestSuite.java:255)
	at junit.framework.TestSuite.run(TestSuite.java:250)
	at org.junit.internal.runners.JUnit38ClassRunner.run(JUnit38ClassRunner.java:84)
	at org.apache.maven.surefire.junit4.JUnit4TestSet.execute(JUnit4TestSet.java:35)
	at org.apache.maven.surefire.junit4.JUnit4Provider.executeTestSet(JUnit4Provider.java:146)
	at org.apache.maven.surefire.junit4.JUnit4Provider.invoke(JUnit4Provider.java:97)
	at sun.reflect.NativeMethodAccessorImpl.invoke0(Native Method)
	at sun.reflect.NativeMethodAccessorImpl.invoke(NativeMethodAccessorImpl.java:62)
	at sun.reflect.DelegatingMethodAccessorImpl.invoke(DelegatingMethodAccessorImpl.java:43)
	at java.lang.reflect.Method.invoke(Method.java:498)
	at org.apache.maven.surefire.booter.ProviderFactory$ClassLoaderProxy.invoke(ProviderFactory.java:103)
	at com.sun.proxy.$Proxy0.invoke(Unknown Source)
	at org.apache.maven.surefire.booter.SurefireStarter.invokeProvider(SurefireStarter.java:145)
	at org.apache.maven.surefire.booter.SurefireStarter.runSuitesInProcess(SurefireStarter.java:87)
	at org.apache.maven.surefire.booter.ForkedBooter.main(ForkedBooter.java:69)
Caused by: org.h2.jdbc.JdbcSQLException: Syntax error in SQL statement &quot;SELECT DISTINCT RES.* 
       
    FROM ACT_RU_TASK RES
     
     
     
     
    
     
     
     
     WHERE  RES.ASSIGNEE_ = ? 
   
    
     ORDER BY  ORDER[*] BY RES.ID_ ASC  
    LIMIT ? OFFSET ? &quot;; expected &quot;=, NOT, EXISTS, INTERSECTS, SELECT, FROM&quot;; SQL statement:
select distinct RES.* 
       
    from ACT_RU_TASK RES
     
     
     
     
    
     
     
     
     WHERE  RES.ASSIGNEE_ = ? 
   
    
     order by  order by RES.ID_ asc  
    LIMIT ? OFFSET ? [42001-176]
	at org.h2.message.DbException.getJdbcSQLException(DbException.java:344)
	at org.h2.message.DbException.getSyntaxError(DbException.java:204)
	at org.h2.command.Parser.getSyntaxError(Parser.java:524)
	at org.h2.command.Parser.readTerm(Parser.java:2688)
	at org.h2.command.Parser.readFactor(Parser.java:2244)
	at org.h2.command.Parser.readSum(Parser.java:2231)
	at org.h2.command.Parser.readConcat(Parser.java:2201)
	at org.h2.command.Parser.readCondition(Parser.java:2051)
	at org.h2.command.Parser.readAnd(Parser.java:2023)
	at org.h2.command.Parser.readExpression(Parser.java:2015)
	at org.h2.command.Parser.parseEndOfQuery(Parser.java:1726)
	at org.h2.command.Parser.parseSelectUnionExtension(Parser.java:1706)
	at org.h2.command.Parser.parseSelectUnion(Parser.java:1675)
	at org.h2.command.Parser.parseSelect(Parser.java:1662)
	at org.h2.command.Parser.parsePrepared(Parser.java:434)
	at org.h2.command.Parser.parse(Parser.java:306)
	at org.h2.command.Parser.parse(Parser.java:282)
	at org.h2.command.Parser.prepareCommand(Parser.java:243)
	at org.h2.engine.Session.prepareLocal(Session.java:442)
	at org.h2.engine.Session.prepareCommand(Session.java:384)
	at org.h2.jdbc.JdbcConnection.prepareCommand(JdbcConnection.java:1188)
	at org.h2.jdbc.JdbcPreparedStatement.&lt;init&gt;(JdbcPreparedStatement.java:73)
	at org.h2.jdbc.JdbcConnection.prepareStatement(JdbcConnection.java:276)
	at sun.reflect.GeneratedMethodAccessor6.invoke(Unknown Source)
	at sun.reflect.DelegatingMethodAccessorImpl.invoke(DelegatingMethodAccessorImpl.java:43)
	at java.lang.reflect.Method.invoke(Method.java:498)
	at org.apache.ibatis.datasource.pooled.PooledConnection.invoke(PooledConnection.java:245)
	at com.sun.proxy.$Proxy12.prepareStatement(Unknown Source)
	at sun.reflect.GeneratedMethodAccessor6.invoke(Unknown Source)
	at sun.reflect.DelegatingMethodAccessorImpl.invoke(DelegatingMethodAccessorImpl.java:43)
	at java.lang.reflect.Method.invoke(Method.java:498)
	at org.apache.ibatis.logging.jdbc.ConnectionLogger.invoke(ConnectionLogger.java:55)
	at com.sun.proxy.$Proxy12.prepareStatement(Unknown Source)
	at org.apache.ibatis.executor.statement.PreparedStatementHandler.instantiateStatement(PreparedStatementHandler.java:79)
	at org.apache.ibatis.executor.statement.BaseStatementHandler.prepare(BaseStatementHandler.java:88)
	at org.apache.ibatis.executor.statement.RoutingStatementHandler.prepare(RoutingStatementHandler.java:58)
	at org.apache.ibatis.executor.SimpleExecutor.prepareStatement(SimpleExecutor.java:76)
	at org.apache.ibatis.executor.SimpleExecutor.doQuery(SimpleExecutor.java:61)
	at org.apache.ibatis.executor.BaseExecutor.queryFromDatabase(BaseExecutor.java:303)
	at org.apache.ibatis.executor.BaseExecutor.query(BaseExecutor.java:154)
	at org.apache.ibatis.executor.CachingExecutor.query(CachingExecutor.java:102)
	at org.apache.ibatis.executor.CachingExecutor.query(CachingExecutor.java:82)
	at org.apache.ibatis.session.defaults.DefaultSqlSession.selectList(DefaultSqlSession.java:120)
	... 40 more
10:45:10,884 [main] DEBUG org.activiti.engine.impl.cfg.standalone.StandaloneMybatisTransactionContext  - firing event rolling back...
10:45:10,884 [main] DEBUG org.activiti.engine.impl.cfg.standalone.StandaloneMybatisTransactionContext  - rolling back ibatis sql session...
10:45:10,884 [main] DEBUG org.activiti.engine.impl.cfg.standalone.StandaloneMybatisTransactionContext  - firing event rolled back...
10:45:10,884 [main] DEBUG org.apache.ibatis.transaction.jdbc.JdbcTransaction  - Resetting autocommit to true on JDBC Connection [conn4: url=jdbc:h2:mem:activiti user=SA]
10:45:10,884 [main] DEBUG org.apache.ibatis.transaction.jdbc.JdbcTransaction  - Closing JDBC Connection [conn4: url=jdbc:h2:mem:activiti user=SA]
10:45:10,884 [main] DEBUG org.apache.ibatis.datasource.pooled.PooledDataSource  - Returned connection 297240765 to pool.
10:45:10,884 [main] DEBUG org.activiti.engine.impl.interceptor.LogInterceptor  - --- TaskQueryImpl finished --------------------------------------------------------
10:45:10,884 [main] DEBUG org.activiti.engine.impl.interceptor.LogInterceptor  - 

10:45:10,884 [main] ERROR org.activiti.engine.impl.test.PvmTestCase  - 

10:45:10,884 [main] ERROR org.activiti.engine.impl.test.PvmTestCase  - EXCEPTION: org.apache.ibatis.exceptions.PersistenceException: 
### Error querying database.  Cause: org.h2.jdbc.JdbcSQLException: Syntax error in SQL statement &quot;SELECT DISTINCT RES.* 
       
    FROM ACT_RU_TASK RES
     
     
     
     
    
     
     
     
     WHERE  RES.ASSIGNEE_ = ? 
   
    
     ORDER BY  ORDER[*] BY RES.ID_ ASC  
    LIMIT ? OFFSET ? &quot;; expected &quot;=, NOT, EXISTS, INTERSECTS, SELECT, FROM&quot;; SQL statement:
select distinct RES.* 
       
    from ACT_RU_TASK RES
     
     
     
     
    
     
     
     
     WHERE  RES.ASSIGNEE_ = ? 
   
    
     order by  order by RES.ID_ asc  
    LIMIT ? OFFSET ? [42001-176]
### The error may exist in org/activiti/db/mapping/entity/Task.xml
### The error may involve org.activiti.engine.impl.persistence.entity.TaskEntity.selectTaskByQueryCriteria
### The error occurred while executing a query
### SQL: select distinct RES.*              from ACT_RU_TASK RES                                                     WHERE  RES.ASSIGNEE_ = ?                order by  order by RES.ID_ asc       LIMIT ? OFFSET ?
### Cause: org.h2.jdbc.JdbcSQLException: Syntax error in SQL statement &quot;SELECT DISTINCT RES.* 
       
    FROM ACT_RU_TASK RES
     
     
     
     
    
     
     
     
     WHERE  RES.ASSIGNEE_ = ? 
   
    
     ORDER BY  ORDER[*] BY RES.ID_ ASC  
    LIMIT ? OFFSET ? &quot;; expected &quot;=, NOT, EXISTS, INTERSECTS, SELECT, FROM&quot;; SQL statement:
select distinct RES.* 
       
    from ACT_RU_TASK RES
     
     
     
     
    
     
     
     
     WHERE  RES.ASSIGNEE_ = ? 
   
    
     order by  order by RES.ID_ asc  
    LIMIT ? OFFSET ? [42001-176]
org.apache.ibatis.exceptions.PersistenceException: 
### Error querying database.  Cause: org.h2.jdbc.JdbcSQLException: Syntax error in SQL statement &quot;SELECT DISTINCT RES.* 
       
    FROM ACT_RU_TASK RES
     
     
     
     
    
     
     
     
     WHERE  RES.ASSIGNEE_ = ? 
   
    
     ORDER BY  ORDER[*] BY RES.ID_ ASC  
    LIMIT ? OFFSET ? &quot;; expected &quot;=, NOT, EXISTS, INTERSECTS, SELECT, FROM&quot;; SQL statement:
select distinct RES.* 
       
    from ACT_RU_TASK RES
     
     
     
     
    
     
     
     
     WHERE  RES.ASSIGNEE_ = ? 
   
    
     order by  order by RES.ID_ asc  
    LIMIT ? OFFSET ? [42001-176]
### The error may exist in org/activiti/db/mapping/entity/Task.xml
### The error may involve org.activiti.engine.impl.persistence.entity.TaskEntity.selectTaskByQueryCriteria
### The error occurred while executing a query
### SQL: select distinct RES.*              from ACT_RU_TASK RES                                                     WHERE  RES.ASSIGNEE_ = ?                order by  order by RES.ID_ asc       LIMIT ? OFFSET ?
### Cause: org.h2.jdbc.JdbcSQLException: Syntax error in SQL statement &quot;SELECT DISTINCT RES.* 
       
    FROM ACT_RU_TASK RES
     
     
     
     
    
     
     
     
     WHERE  RES.ASSIGNEE_ = ? 
   
    
     ORDER BY  ORDER[*] BY RES.ID_ ASC  
    LIMIT ? OFFSET ? &quot;; expected &quot;=, NOT, EXISTS, INTERSECTS, SELECT, FROM&quot;; SQL statement:
select distinct RES.* 
       
    from ACT_RU_TASK RES
     
     
     
     
    
     
     
     
     WHERE  RES.ASSIGNEE_ = ? 
   
    
     order by  order by RES.ID_ asc  
    LIMIT ? OFFSET ? [42001-176]
	at org.apache.ibatis.exceptions.ExceptionFactory.wrapException(ExceptionFactory.java:30)
	at org.apache.ibatis.session.defaults.DefaultSqlSession.selectList(DefaultSqlSession.java:122)
	at org.apache.ibatis.session.defaults.DefaultSqlSession.selectList(DefaultSqlSession.java:113)
	at org.activiti.engine.impl.db.DbSqlSession.selectListWithRawParameter(DbSqlSession.java:438)
	at org.activiti.engine.impl.db.DbSqlSession.selectList(DbSqlSession.java:429)
	at org.activiti.engine.impl.persistence.entity.TaskEntityManager.findTasksByQueryCriteria(TaskEntityManager.java:135)
	at org.activiti.engine.impl.TaskQueryImpl.executeList(TaskQueryImpl.java:1256)
	at org.activiti.engine.impl.AbstractQuery.execute(AbstractQuery.java:168)
	at org.activiti.engine.impl.interceptor.CommandInvoker.execute(CommandInvoker.java:24)
	at org.activiti.engine.impl.interceptor.CommandContextInterceptor.execute(CommandContextInterceptor.java:57)
	at org.activiti.engine.impl.interceptor.LogInterceptor.execute(LogInterceptor.java:37)
	at org.activiti.engine.impl.cfg.CommandExecutorImpl.execute(CommandExecutorImpl.java:40)
	at org.activiti.engine.impl.cfg.CommandExecutorImpl.execute(CommandExecutorImpl.java:35)
	at org.activiti.engine.impl.AbstractQuery.listPage(AbstractQuery.java:149)
	at org.activiti.engine.test.api.task.SubTaskQueryTest.testQueryByAssigneeExcludeSubtasksPaginated(SubTaskQueryTest.java:131)
	at sun.reflect.NativeMethodAccessorImpl.invoke0(Native Method)
	at sun.reflect.NativeMethodAccessorImpl.invoke(NativeMethodAccessorImpl.java:62)
	at sun.reflect.DelegatingMethodAccessorImpl.invoke(DelegatingMethodAccessorImpl.java:43)
	at java.lang.reflect.Method.invoke(Method.java:498)
	at junit.framework.TestCase.runTest(TestCase.java:176)
	at org.activiti.engine.impl.test.PvmTestCase.runTest(PvmTestCase.java:65)
	at junit.framework.TestCase.runBare(TestCase.java:141)
	at org.activiti.engine.impl.test.AbstractActivitiTestCase.runBare(AbstractActivitiTestCase.java:100)
	at junit.framework.TestResult$1.protect(TestResult.java:122)
	at junit.framework.TestResult.runProtected(TestResult.java:142)
	at junit.framework.TestResult.run(TestResult.java:125)
	at junit.framework.TestCase.run(TestCase.java:129)
	at junit.framework.TestSuite.runTest(TestSuite.java:255)
	at junit.framework.TestSuite.run(TestSuite.java:250)
	at org.junit.internal.runners.JUnit38ClassRunner.run(JUnit38ClassRunner.java:84)
	at org.apache.maven.surefire.junit4.JUnit4TestSet.execute(JUnit4TestSet.java:35)
	at org.apache.maven.surefire.junit4.JUnit4Provider.executeTestSet(JUnit4Provider.java:146)
	at org.apache.maven.surefire.junit4.JUnit4Provider.invoke(JUnit4Provider.java:97)
	at sun.reflect.NativeMethodAccessorImpl.invoke0(Native Method)
	at sun.reflect.NativeMethodAccessorImpl.invoke(NativeMethodAccessorImpl.java:62)
	at sun.reflect.DelegatingMethodAccessorImpl.invoke(DelegatingMethodAccessorImpl.java:43)
	at java.lang.reflect.Method.invoke(Method.java:498)
	at org.apache.maven.surefire.booter.ProviderFactory$ClassLoaderProxy.invoke(ProviderFactory.java:103)
	at com.sun.proxy.$Proxy0.invoke(Unknown Source)
	at org.apache.maven.surefire.booter.SurefireStarter.invokeProvider(SurefireStarter.java:145)
	at org.apache.maven.surefire.booter.SurefireStarter.runSuitesInProcess(SurefireStarter.java:87)
	at org.apache.maven.surefire.booter.ForkedBooter.main(ForkedBooter.java:69)
Caused by: org.h2.jdbc.JdbcSQLException: Syntax error in SQL statement &quot;SELECT DISTINCT RES.* 
       
    FROM ACT_RU_TASK RES
     
     
     
     
    
     
     
     
     WHERE  RES.ASSIGNEE_ = ? 
   
    
     ORDER BY  ORDER[*] BY RES.ID_ ASC  
    LIMIT ? OFFSET ? &quot;; expected &quot;=, NOT, EXISTS, INTERSECTS, SELECT, FROM&quot;; SQL statement:
select distinct RES.* 
       
    from ACT_RU_TASK RES
     
     
     
     
    
     
     
     
     WHERE  RES.ASSIGNEE_ = ? 
   
    
     order by  order by RES.ID_ asc  
    LIMIT ? OFFSET ? [42001-176]
	at org.h2.message.DbException.getJdbcSQLException(DbException.java:344)
	at org.h2.message.DbException.getSyntaxError(DbException.java:204)
	at org.h2.command.Parser.getSyntaxError(Parser.java:524)
	at org.h2.command.Parser.readTerm(Parser.java:2688)
	at org.h2.command.Parser.readFactor(Parser.java:2244)
	at org.h2.command.Parser.readSum(Parser.java:2231)
	at org.h2.command.Parser.readConcat(Parser.java:2201)
	at org.h2.command.Parser.readCondition(Parser.java:2051)
	at org.h2.command.Parser.readAnd(Parser.java:2023)
	at org.h2.command.Parser.readExpression(Parser.java:2015)
	at org.h2.command.Parser.parseEndOfQuery(Parser.java:1726)
	at org.h2.command.Parser.parseSelectUnionExtension(Parser.java:1706)
	at org.h2.command.Parser.parseSelectUnion(Parser.java:1675)
	at org.h2.command.Parser.parseSelect(Parser.java:1662)
	at org.h2.command.Parser.parsePrepared(Parser.java:434)
	at org.h2.command.Parser.parse(Parser.java:306)
	at org.h2.command.Parser.parse(Parser.java:282)
	at org.h2.command.Parser.prepareCommand(Parser.java:243)
	at org.h2.engine.Session.prepareLocal(Session.java:442)
	at org.h2.engine.Session.prepareCommand(Session.java:384)
	at org.h2.jdbc.JdbcConnection.prepareCommand(JdbcConnection.java:1188)
	at org.h2.jdbc.JdbcPreparedStatement.&lt;init&gt;(JdbcPreparedStatement.java:73)
	at org.h2.jdbc.JdbcConnection.prepareStatement(JdbcConnection.java:276)
	at sun.reflect.GeneratedMethodAccessor6.invoke(Unknown Source)
	at sun.reflect.DelegatingMethodAccessorImpl.invoke(DelegatingMethodAccessorImpl.java:43)
	at java.lang.reflect.Method.invoke(Method.java:498)
	at org.apache.ibatis.datasource.pooled.PooledConnection.invoke(PooledConnection.java:245)
	at com.sun.proxy.$Proxy12.prepareStatement(Unknown Source)
	at sun.reflect.GeneratedMethodAccessor6.invoke(Unknown Source)
	at sun.reflect.DelegatingMethodAccessorImpl.invoke(DelegatingMethodAccessorImpl.java:43)
	at java.lang.reflect.Method.invoke(Method.java:498)
	at org.apache.ibatis.logging.jdbc.ConnectionLogger.invoke(ConnectionLogger.java:55)
	at com.sun.proxy.$Proxy12.prepareStatement(Unknown Source)
	at org.apache.ibatis.executor.statement.PreparedStatementHandler.instantiateStatement(PreparedStatementHandler.java:79)
	at org.apache.ibatis.executor.statement.BaseStatementHandler.prepare(BaseStatementHandler.java:88)
	at org.apache.ibatis.executor.statement.RoutingStatementHandler.prepare(RoutingStatementHandler.java:58)
	at org.apache.ibatis.executor.SimpleExecutor.prepareStatement(SimpleExecutor.java:76)
	at org.apache.ibatis.executor.SimpleExecutor.doQuery(SimpleExecutor.java:61)
	at org.apache.ibatis.executor.BaseExecutor.queryFromDatabase(BaseExecutor.java:303)
	at org.apache.ibatis.executor.BaseExecutor.query(BaseExecutor.java:154)
	at org.apache.ibatis.executor.CachingExecutor.query(CachingExecutor.java:102)
	at org.apache.ibatis.executor.CachingExecutor.query(CachingExecutor.java:82)
	at org.apache.ibatis.session.defaults.DefaultSqlSession.selectList(DefaultSqlSession.java:120)
	... 40 more
10:45:10,884 [main] DEBUG org.activiti.engine.impl.test.PvmTestCase  - #### END SubTaskQueryTest.testQueryByAssigneeExcludeSubtasksPaginated #############################################################
10:45:10,884 [main] DEBUG org.activiti.engine.impl.interceptor.LogInterceptor  - 

10:45:10,884 [main] DEBUG org.activiti.engine.impl.interceptor.LogInterceptor  - --- starting DeleteGroupCmd --------------------------------------------------------
10:45:10,884 [main] DEBUG org.apache.ibatis.transaction.jdbc.JdbcTransaction  - Opening JDBC Connection
10:45:10,884 [main] DEBUG org.apache.ibatis.datasource.pooled.PooledDataSource  - Checked out connection 486346394 from pool.
10:45:10,884 [main] DEBUG org.apache.ibatis.transaction.jdbc.JdbcTransaction  - Setting autocommit to false on JDBC Connection [conn6: url=jdbc:h2:mem:activiti user=SA]
10:45:10,884 [main] DEBUG org.activiti.engine.impl.persistence.entity.GroupEntity.selectGroup  - ==&gt;  Preparing: select * from ACT_ID_GROUP where ID_ = ? 
10:45:10,884 [main] DEBUG org.activiti.engine.impl.persistence.entity.GroupEntity.selectGroup  - ==&gt; Parameters: accountancy(String)
10:45:10,884 [main] DEBUG org.activiti.engine.impl.persistence.entity.GroupEntity.selectGroup  - &lt;==      Total: 1
10:45:10,884 [main] DEBUG org.activiti.engine.impl.db.DbSqlSession  -   bulk delete: deleteMembershipsByGroupId(accountancy)
10:45:10,884 [main] DEBUG org.activiti.engine.impl.db.DbSqlSession  -   delete org.activiti.engine.impl.persistence.entity.GroupEntity@118cbb26
10:45:10,884 [main] DEBUG org.activiti.engine.impl.db.DbSqlSession  - flush summary: 0 insert, 0 update, 2 delete.
10:45:10,884 [main] DEBUG org.activiti.engine.impl.db.DbSqlSession  - now executing flush...
10:45:10,884 [main] DEBUG org.activiti.engine.impl.db.DbSqlSession  - executing: bulk delete: deleteMembershipsByGroupId(accountancy)
10:45:10,884 [main] DEBUG org.activiti.engine.impl.persistence.entity.MembershipRelation.deleteMembershipsByGroupId  - ==&gt;  Preparing: delete from ACT_ID_MEMBERSHIP where GROUP_ID_ = ? 
10:45:10,884 [main] DEBUG org.activiti.engine.impl.persistence.entity.MembershipRelation.deleteMembershipsByGroupId  - ==&gt; Parameters: accountancy(String)
10:45:10,884 [main] DEBUG org.activiti.engine.impl.persistence.entity.MembershipRelation.deleteMembershipsByGroupId  - &lt;==    Updates: 1
10:45:10,884 [main] DEBUG org.activiti.engine.impl.db.DbSqlSession  - executing: delete org.activiti.engine.impl.persistence.entity.GroupEntity@118cbb26
10:45:10,884 [main] DEBUG org.activiti.engine.impl.persistence.entity.GroupEntity.deleteGroup  - ==&gt;  Preparing: delete from ACT_ID_GROUP where ID_ = ? and REV_ = ? 
10:45:10,884 [main] DEBUG org.activiti.engine.impl.persistence.entity.GroupEntity.deleteGroup  - ==&gt; Parameters: accountancy(String), 1(Integer)
10:45:10,884 [main] DEBUG org.activiti.engine.impl.persistence.entity.GroupEntity.deleteGroup  - &lt;==    Updates: 1
10:45:10,884 [main] DEBUG org.activiti.engine.impl.cfg.standalone.StandaloneMybatisTransactionContext  - firing event committing...
10:45:10,884 [main] DEBUG org.activiti.engine.impl.cfg.standalone.StandaloneMybatisTransactionContext  - committing the ibatis sql session...
10:45:10,884 [main] DEBUG org.apache.ibatis.transaction.jdbc.JdbcTransaction  - Committing JDBC Connection [conn6: url=jdbc:h2:mem:activiti user=SA]
10:45:10,884 [main] DEBUG org.activiti.engine.impl.cfg.standalone.StandaloneMybatisTransactionContext  - firing event committed...
10:45:10,884 [main] DEBUG org.apache.ibatis.transaction.jdbc.JdbcTransaction  - Resetting autocommit to true on JDBC Connection [conn6: url=jdbc:h2:mem:activiti user=SA]
10:45:10,884 [main] DEBUG org.apache.ibatis.transaction.jdbc.JdbcTransaction  - Closing JDBC Connection [conn6: url=jdbc:h2:mem:activiti user=SA]
10:45:10,884 [main] DEBUG org.apache.ibatis.datasource.pooled.PooledDataSource  - Returned connection 486346394 to pool.
10:45:10,884 [main] DEBUG org.activiti.engine.impl.interceptor.LogInterceptor  - --- DeleteGroupCmd finished --------------------------------------------------------
10:45:10,884 [main] DEBUG org.activiti.engine.impl.interceptor.LogInterceptor  - 

10:45:10,884 [main] DEBUG org.activiti.engine.impl.interceptor.LogInterceptor  - 

10:45:10,884 [main] DEBUG org.activiti.engine.impl.interceptor.LogInterceptor  - --- starting DeleteGroupCmd --------------------------------------------------------
10:45:10,884 [main] DEBUG org.apache.ibatis.transaction.jdbc.JdbcTransaction  - Opening JDBC Connection
10:45:10,884 [main] DEBUG org.apache.ibatis.datasource.pooled.PooledDataSource  - Checked out connection 180014677 from pool.
10:45:10,884 [main] DEBUG org.apache.ibatis.transaction.jdbc.JdbcTransaction  - Setting autocommit to false on JDBC Connection [conn3: url=jdbc:h2:mem:activiti user=SA]
10:45:10,884 [main] DEBUG org.activiti.engine.impl.persistence.entity.GroupEntity.selectGroup  - ==&gt;  Preparing: select * from ACT_ID_GROUP where ID_ = ? 
10:45:10,884 [main] DEBUG org.activiti.engine.impl.persistence.entity.GroupEntity.selectGroup  - ==&gt; Parameters: management(String)
10:45:10,884 [main] DEBUG org.activiti.engine.impl.persistence.entity.GroupEntity.selectGroup  - &lt;==      Total: 1
10:45:10,884 [main] DEBUG org.activiti.engine.impl.db.DbSqlSession  -   bulk delete: deleteMembershipsByGroupId(management)
10:45:10,884 [main] DEBUG org.activiti.engine.impl.db.DbSqlSession  -   delete org.activiti.engine.impl.persistence.entity.GroupEntity@6cca70e3
10:45:10,884 [main] DEBUG org.activiti.engine.impl.db.DbSqlSession  - flush summary: 0 insert, 0 update, 2 delete.
10:45:10,884 [main] DEBUG org.activiti.engine.impl.db.DbSqlSession  - now executing flush...
10:45:10,884 [main] DEBUG org.activiti.engine.impl.db.DbSqlSession  - executing: bulk delete: deleteMembershipsByGroupId(management)
10:45:10,884 [main] DEBUG org.activiti.engine.impl.persistence.entity.MembershipRelation.deleteMembershipsByGroupId  - ==&gt;  Preparing: delete from ACT_ID_MEMBERSHIP where GROUP_ID_ = ? 
10:45:10,884 [main] DEBUG org.activiti.engine.impl.persistence.entity.MembershipRelation.deleteMembershipsByGroupId  - ==&gt; Parameters: management(String)
10:45:10,884 [main] DEBUG org.activiti.engine.impl.persistence.entity.MembershipRelation.deleteMembershipsByGroupId  - &lt;==    Updates: 1
10:45:10,884 [main] DEBUG org.activiti.engine.impl.db.DbSqlSession  - executing: delete org.activiti.engine.impl.persistence.entity.GroupEntity@6cca70e3
10:45:10,884 [main] DEBUG org.activiti.engine.impl.persistence.entity.GroupEntity.deleteGroup  - ==&gt;  Preparing: delete from ACT_ID_GROUP where ID_ = ? and REV_ = ? 
10:45:10,884 [main] DEBUG org.activiti.engine.impl.persistence.entity.GroupEntity.deleteGroup  - ==&gt; Parameters: management(String), 1(Integer)
10:45:10,884 [main] DEBUG org.activiti.engine.impl.persistence.entity.GroupEntity.deleteGroup  - &lt;==    Updates: 1
10:45:10,884 [main] DEBUG org.activiti.engine.impl.cfg.standalone.StandaloneMybatisTransactionContext  - firing event committing...
10:45:10,884 [main] DEBUG org.activiti.engine.impl.cfg.standalone.StandaloneMybatisTransactionContext  - committing the ibatis sql session...
10:45:10,884 [main] DEBUG org.apache.ibatis.transaction.jdbc.JdbcTransaction  - Committing JDBC Connection [conn3: url=jdbc:h2:mem:activiti user=SA]
10:45:10,884 [main] DEBUG org.activiti.engine.impl.cfg.standalone.StandaloneMybatisTransactionContext  - firing event committed...
10:45:10,884 [main] DEBUG org.apache.ibatis.transaction.jdbc.JdbcTransaction  - Resetting autocommit to true on JDBC Connection [conn3: url=jdbc:h2:mem:activiti user=SA]
10:45:10,884 [main] DEBUG org.apache.ibatis.transaction.jdbc.JdbcTransaction  - Closing JDBC Connection [conn3: url=jdbc:h2:mem:activiti user=SA]
10:45:10,884 [main] DEBUG org.apache.ibatis.datasource.pooled.PooledDataSource  - Returned connection 180014677 to pool.
10:45:10,884 [main] DEBUG org.activiti.engine.impl.interceptor.LogInterceptor  - --- DeleteGroupCmd finished --------------------------------------------------------
10:45:10,884 [main] DEBUG org.activiti.engine.impl.interceptor.LogInterceptor  - 

10:45:10,884 [main] DEBUG org.activiti.engine.impl.interceptor.LogInterceptor  - 

10:45:10,884 [main] DEBUG org.activiti.engine.impl.interceptor.LogInterceptor  - --- starting DeleteUserCmd --------------------------------------------------------
10:45:10,884 [main] DEBUG org.apache.ibatis.transaction.jdbc.JdbcTransaction  - Opening JDBC Connection
10:45:10,884 [main] DEBUG org.apache.ibatis.datasource.pooled.PooledDataSource  - Checked out connection 363509958 from pool.
10:45:10,884 [main] DEBUG org.apache.ibatis.transaction.jdbc.JdbcTransaction  - Setting autocommit to false on JDBC Connection [conn2: url=jdbc:h2:mem:activiti user=SA]
10:45:10,884 [main] DEBUG org.activiti.engine.impl.persistence.entity.UserEntity.selectUserById  - ==&gt;  Preparing: select * from ACT_ID_USER where ID_ = ? 
10:45:10,884 [main] DEBUG org.activiti.engine.impl.persistence.entity.UserEntity.selectUserById  - ==&gt; Parameters: gonzo(String)
10:45:10,884 [main] DEBUG org.activiti.engine.impl.persistence.entity.UserEntity.selectUserById  - &lt;==      Total: 1
10:45:10,884 [main] DEBUG org.activiti.engine.impl.persistence.entity.IdentityInfoEntity.selectIdentityInfoByUserId  - ==&gt;  Preparing: select * from ACT_ID_INFO where USER_ID_ = ? 
10:45:10,884 [main] DEBUG org.activiti.engine.impl.persistence.entity.IdentityInfoEntity.selectIdentityInfoByUserId  - ==&gt; Parameters: gonzo(String)
10:45:10,884 [main] DEBUG org.activiti.engine.impl.persistence.entity.IdentityInfoEntity.selectIdentityInfoByUserId  - &lt;==      Total: 0
10:45:10,884 [main] DEBUG org.activiti.engine.impl.db.DbSqlSession  -   bulk delete: deleteMembershipsByUserId(gonzo)
10:45:10,884 [main] DEBUG org.activiti.engine.impl.db.DbSqlSession  -   delete org.activiti.engine.impl.persistence.entity.UserEntity@4a5a8c6f
10:45:10,884 [main] DEBUG org.activiti.engine.impl.db.DbSqlSession  - flush summary: 0 insert, 0 update, 2 delete.
10:45:10,884 [main] DEBUG org.activiti.engine.impl.db.DbSqlSession  - now executing flush...
10:45:10,884 [main] DEBUG org.activiti.engine.impl.db.DbSqlSession  - executing: bulk delete: deleteMembershipsByUserId(gonzo)
10:45:10,884 [main] DEBUG org.activiti.engine.impl.persistence.entity.MembershipRelation.deleteMembershipsByUserId  - ==&gt;  Preparing: delete from ACT_ID_MEMBERSHIP where USER_ID_ = ? 
10:45:10,884 [main] DEBUG org.activiti.engine.impl.persistence.entity.MembershipRelation.deleteMembershipsByUserId  - ==&gt; Parameters: gonzo(String)
10:45:10,884 [main] DEBUG org.activiti.engine.impl.persistence.entity.MembershipRelation.deleteMembershipsByUserId  - &lt;==    Updates: 0
10:45:10,884 [main] DEBUG org.activiti.engine.impl.db.DbSqlSession  - executing: delete org.activiti.engine.impl.persistence.entity.UserEntity@4a5a8c6f
10:45:10,884 [main] DEBUG org.activiti.engine.impl.persistence.entity.UserEntity.deleteUser  - ==&gt;  Preparing: delete from ACT_ID_USER where ID_ = ? and REV_ = ? 
10:45:10,884 [main] DEBUG org.activiti.engine.impl.persistence.entity.UserEntity.deleteUser  - ==&gt; Parameters: gonzo(String), 1(Integer)
10:45:10,884 [main] DEBUG org.activiti.engine.impl.persistence.entity.UserEntity.deleteUser  - &lt;==    Updates: 1
10:45:10,884 [main] DEBUG org.activiti.engine.impl.cfg.standalone.StandaloneMybatisTransactionContext  - firing event committing...
10:45:10,884 [main] DEBUG org.activiti.engine.impl.cfg.standalone.StandaloneMybatisTransactionContext  - committing the ibatis sql session...
10:45:10,884 [main] DEBUG org.apache.ibatis.transaction.jdbc.JdbcTransaction  - Committing JDBC Connection [conn2: url=jdbc:h2:mem:activiti user=SA]
10:45:10,884 [main] DEBUG org.activiti.engine.impl.cfg.standalone.StandaloneMybatisTransactionContext  - firing event committed...
10:45:10,884 [main] DEBUG org.apache.ibatis.transaction.jdbc.JdbcTransaction  - Resetting autocommit to true on JDBC Connection [conn2: url=jdbc:h2:mem:activiti user=SA]
10:45:10,884 [main] DEBUG org.apache.ibatis.transaction.jdbc.JdbcTransaction  - Closing JDBC Connection [conn2: url=jdbc:h2:mem:activiti user=SA]
10:45:10,884 [main] DEBUG org.apache.ibatis.datasource.pooled.PooledDataSource  - Returned connection 363509958 to pool.
10:45:10,884 [main] DEBUG org.activiti.engine.impl.interceptor.LogInterceptor  - --- DeleteUserCmd finished --------------------------------------------------------
10:45:10,884 [main] DEBUG org.activiti.engine.impl.interceptor.LogInterceptor  - 

10:45:10,884 [main] DEBUG org.activiti.engine.impl.interceptor.LogInterceptor  - 

10:45:10,885 [main] DEBUG org.activiti.engine.impl.interceptor.LogInterceptor  - --- starting DeleteUserCmd --------------------------------------------------------
10:45:10,885 [main] DEBUG org.apache.ibatis.transaction.jdbc.JdbcTransaction  - Opening JDBC Connection
10:45:10,885 [main] DEBUG org.apache.ibatis.datasource.pooled.PooledDataSource  - Checked out connection 297240765 from pool.
10:45:10,885 [main] DEBUG org.apache.ibatis.transaction.jdbc.JdbcTransaction  - Setting autocommit to false on JDBC Connection [conn4: url=jdbc:h2:mem:activiti user=SA]
10:45:10,885 [main] DEBUG org.activiti.engine.impl.persistence.entity.UserEntity.selectUserById  - ==&gt;  Preparing: select * from ACT_ID_USER where ID_ = ? 
10:45:10,885 [main] DEBUG org.activiti.engine.impl.persistence.entity.UserEntity.selectUserById  - ==&gt; Parameters: kermit(String)
10:45:10,885 [main] DEBUG org.activiti.engine.impl.persistence.entity.UserEntity.selectUserById  - &lt;==      Total: 1
10:45:10,885 [main] DEBUG org.activiti.engine.impl.persistence.entity.IdentityInfoEntity.selectIdentityInfoByUserId  - ==&gt;  Preparing: select * from ACT_ID_INFO where USER_ID_ = ? 
10:45:10,885 [main] DEBUG org.activiti.engine.impl.persistence.entity.IdentityInfoEntity.selectIdentityInfoByUserId  - ==&gt; Parameters: kermit(String)
10:45:10,885 [main] DEBUG org.activiti.engine.impl.persistence.entity.IdentityInfoEntity.selectIdentityInfoByUserId  - &lt;==      Total: 0
10:45:10,885 [main] DEBUG org.activiti.engine.impl.db.DbSqlSession  -   bulk delete: deleteMembershipsByUserId(kermit)
10:45:10,885 [main] DEBUG org.activiti.engine.impl.db.DbSqlSession  -   delete org.activiti.engine.impl.persistence.entity.UserEntity@5e8f0c54
10:45:10,885 [main] DEBUG org.activiti.engine.impl.db.DbSqlSession  - flush summary: 0 insert, 0 update, 2 delete.
10:45:10,885 [main] DEBUG org.activiti.engine.impl.db.DbSqlSession  - now executing flush...
10:45:10,885 [main] DEBUG org.activiti.engine.impl.db.DbSqlSession  - executing: bulk delete: deleteMembershipsByUserId(kermit)
10:45:10,885 [main] DEBUG org.activiti.engine.impl.persistence.entity.MembershipRelation.deleteMembershipsByUserId  - ==&gt;  Preparing: delete from ACT_ID_MEMBERSHIP where USER_ID_ = ? 
10:45:10,885 [main] DEBUG org.activiti.engine.impl.persistence.entity.MembershipRelation.deleteMembershipsByUserId  - ==&gt; Parameters: kermit(String)
10:45:10,885 [main] DEBUG org.activiti.engine.impl.persistence.entity.MembershipRelation.deleteMembershipsByUserId  - &lt;==    Updates: 0
10:45:10,885 [main] DEBUG org.activiti.engine.impl.db.DbSqlSession  - executing: delete org.activiti.engine.impl.persistence.entity.UserEntity@5e8f0c54
10:45:10,885 [main] DEBUG org.activiti.engine.impl.persistence.entity.UserEntity.deleteUser  - ==&gt;  Preparing: delete from ACT_ID_USER where ID_ = ? and REV_ = ? 
10:45:10,885 [main] DEBUG org.activiti.engine.impl.persistence.entity.UserEntity.deleteUser  - ==&gt; Parameters: kermit(String), 1(Integer)
10:45:10,885 [main] DEBUG org.activiti.engine.impl.persistence.entity.UserEntity.deleteUser  - &lt;==    Updates: 1
10:45:10,885 [main] DEBUG org.activiti.engine.impl.cfg.standalone.StandaloneMybatisTransactionContext  - firing event committing...
10:45:10,885 [main] DEBUG org.activiti.engine.impl.cfg.standalone.StandaloneMybatisTransactionContext  - committing the ibatis sql session...
10:45:10,885 [main] DEBUG org.apache.ibatis.transaction.jdbc.JdbcTransaction  - Committing JDBC Connection [conn4: url=jdbc:h2:mem:activiti user=SA]
10:45:10,885 [main] DEBUG org.activiti.engine.impl.cfg.standalone.StandaloneMybatisTransactionContext  - firing event committed...
10:45:10,885 [main] DEBUG org.apache.ibatis.transaction.jdbc.JdbcTransaction  - Resetting autocommit to true on JDBC Connection [conn4: url=jdbc:h2:mem:activiti user=SA]
10:45:10,885 [main] DEBUG org.apache.ibatis.transaction.jdbc.JdbcTransaction  - Closing JDBC Connection [conn4: url=jdbc:h2:mem:activiti user=SA]
10:45:10,885 [main] DEBUG org.apache.ibatis.datasource.pooled.PooledDataSource  - Returned connection 297240765 to pool.
10:45:10,885 [main] DEBUG org.activiti.engine.impl.interceptor.LogInterceptor  - --- DeleteUserCmd finished --------------------------------------------------------
10:45:10,885 [main] DEBUG org.activiti.engine.impl.interceptor.LogInterceptor  - 

10:45:10,885 [main] DEBUG org.activiti.engine.impl.interceptor.LogInterceptor  - 

10:45:10,885 [main] DEBUG org.activiti.engine.impl.interceptor.LogInterceptor  - --- starting DeleteTaskCmd --------------------------------------------------------
10:45:10,885 [main] DEBUG org.apache.ibatis.transaction.jdbc.JdbcTransaction  - Opening JDBC Connection
10:45:10,885 [main] DEBUG org.apache.ibatis.datasource.pooled.PooledDataSource  - Checked out connection 486346394 from pool.
10:45:10,885 [main] DEBUG org.apache.ibatis.transaction.jdbc.JdbcTransaction  - Setting autocommit to false on JDBC Connection [conn6: url=jdbc:h2:mem:activiti user=SA]
10:45:10,885 [main] DEBUG org.activiti.engine.impl.persistence.entity.TaskEntity.selectTask  - ==&gt;  Preparing: select * from ACT_RU_TASK where ID_ = ? 
10:45:10,885 [main] DEBUG org.activiti.engine.impl.persistence.entity.TaskEntity.selectTask  - ==&gt; Parameters: 804(String)
10:45:10,885 [main] DEBUG org.activiti.engine.impl.persistence.entity.TaskEntity.selectTask  - &lt;==      Total: 1
10:45:10,885 [main] DEBUG org.activiti.engine.impl.persistence.entity.TaskEntity.selectTasksByParentTaskId  - ==&gt;  Preparing: select * from ACT_RU_TASK where PARENT_TASK_ID_ = ? 
10:45:10,885 [main] DEBUG org.activiti.engine.impl.persistence.entity.TaskEntity.selectTasksByParentTaskId  - ==&gt; Parameters: 804(String)
10:45:10,885 [main] DEBUG org.activiti.engine.impl.persistence.entity.TaskEntity.selectTasksByParentTaskId  - &lt;==      Total: 2
10:45:10,885 [main] DEBUG org.activiti.engine.impl.persistence.entity.TaskEntity.selectTasksByParentTaskId  - ==&gt;  Preparing: select * from ACT_RU_TASK where PARENT_TASK_ID_ = ? 
10:45:10,885 [main] DEBUG org.activiti.engine.impl.persistence.entity.TaskEntity.selectTasksByParentTaskId  - ==&gt; Parameters: 807(String)
10:45:10,885 [main] DEBUG org.activiti.engine.impl.persistence.entity.TaskEntity.selectTasksByParentTaskId  - &lt;==      Total: 0
10:45:10,885 [main] DEBUG org.activiti.engine.impl.persistence.entity.IdentityLinkEntity.selectIdentityLinksByTask  - ==&gt;  Preparing: select * from ACT_RU_IDENTITYLINK where TASK_ID_ = ? 
10:45:10,885 [main] DEBUG org.activiti.engine.impl.persistence.entity.IdentityLinkEntity.selectIdentityLinksByTask  - ==&gt; Parameters: 807(String)
10:45:10,885 [main] DEBUG org.activiti.engine.impl.persistence.entity.IdentityLinkEntity.selectIdentityLinksByTask  - &lt;==      Total: 1
10:45:10,885 [main] DEBUG org.activiti.engine.impl.persistence.entity.VariableInstanceEntity.selectVariablesByTaskId  - ==&gt;  Preparing: select * from ACT_RU_VARIABLE where TASK_ID_ = ? 
10:45:10,885 [main] DEBUG org.activiti.engine.impl.persistence.entity.VariableInstanceEntity.selectVariablesByTaskId  - ==&gt; Parameters: 807(String)
10:45:10,885 [main] DEBUG org.activiti.engine.impl.persistence.entity.VariableInstanceEntity.selectVariablesByTaskId  - &lt;==      Total: 0
10:45:10,885 [main] DEBUG org.activiti.engine.impl.history.DefaultHistoryManager  - Current history level: FULL
10:45:10,885 [main] DEBUG org.activiti.engine.impl.history.DefaultHistoryManager  - Current history level: FULL
10:45:10,885 [main] DEBUG org.activiti.engine.impl.persistence.entity.HistoricTaskInstanceEntity.selectHistoricTaskInstance  - ==&gt;  Preparing: select * from ACT_HI_TASKINST where ID_ = ? 
10:45:10,885 [main] DEBUG org.activiti.engine.impl.persistence.entity.HistoricTaskInstanceEntity.selectHistoricTaskInstance  - ==&gt; Parameters: 807(String)
10:45:10,885 [main] DEBUG org.activiti.engine.impl.persistence.entity.HistoricTaskInstanceEntity.selectHistoricTaskInstance  - &lt;==      Total: 1
10:45:10,885 [main] DEBUG org.activiti.engine.impl.persistence.entity.HistoricTaskInstanceEntity.selectHistoricTasksByParentTaskId  - ==&gt;  Preparing: select * from ACT_HI_TASKINST where PARENT_TASK_ID_ = ? 
10:45:10,885 [main] DEBUG org.activiti.engine.impl.persistence.entity.HistoricTaskInstanceEntity.selectHistoricTasksByParentTaskId  - ==&gt; Parameters: 807(String)
10:45:10,885 [main] DEBUG org.activiti.engine.impl.persistence.entity.HistoricTaskInstanceEntity.selectHistoricTasksByParentTaskId  - &lt;==      Total: 0
10:45:10,885 [main] DEBUG org.activiti.engine.impl.history.DefaultHistoryManager  - Current history level: FULL, level required: FULL
10:45:10,885 [main] DEBUG org.activiti.engine.impl.persistence.entity.HistoricDetailEntity.selectHistoricDetailsByQueryCriteria  - ==&gt;  Preparing: select RES.* from ACT_HI_DETAIL RES WHERE RES.TASK_ID_ = ? order by order by RES.ID_ asc LIMIT ? OFFSET ? 
10:45:10,885 [main] DEBUG org.activiti.engine.impl.interceptor.CommandContext  - Error while closing command context
org.apache.ibatis.exceptions.PersistenceException: 
### Error querying database.  Cause: org.h2.jdbc.JdbcSQLException: Syntax error in SQL statement &quot;SELECT RES.* 
     
    FROM ACT_HI_DETAIL RES
     WHERE  RES.TASK_ID_ = ? 
   
     ORDER BY  ORDER[*] BY RES.ID_ ASC  
    LIMIT ? OFFSET ? &quot;; expected &quot;=, NOT, EXISTS, INTERSECTS, SELECT, FROM&quot;; SQL statement:
select RES.* 
     
    from ACT_HI_DETAIL RES
     WHERE  RES.TASK_ID_ = ? 
   
     order by  order by RES.ID_ asc  
    LIMIT ? OFFSET ? [42001-176]
### The error may exist in org/activiti/db/mapping/entity/HistoricDetail.xml
### The error may involve org.activiti.engine.impl.persistence.entity.HistoricDetailEntity.selectHistoricDetailsByQueryCriteria
### The error occurred while executing a query
### SQL: select RES.*            from ACT_HI_DETAIL RES      WHERE  RES.TASK_ID_ = ?           order by  order by RES.ID_ asc       LIMIT ? OFFSET ?
### Cause: org.h2.jdbc.JdbcSQLException: Syntax error in SQL statement &quot;SELECT RES.* 
     
    FROM ACT_HI_DETAIL RES
     WHERE  RES.TASK_ID_ = ? 
   
     ORDER BY  ORDER[*] BY RES.ID_ ASC  
    LIMIT ? OFFSET ? &quot;; expected &quot;=, NOT, EXISTS, INTERSECTS, SELECT, FROM&quot;; SQL statement:
select RES.* 
     
    from ACT_HI_DETAIL RES
     WHERE  RES.TASK_ID_ = ? 
   
     order by  order by RES.ID_ asc  
    LIMIT ? OFFSET ? [42001-176]
	at org.apache.ibatis.exceptions.ExceptionFactory.wrapException(ExceptionFactory.java:30)
	at org.apache.ibatis.session.defaults.DefaultSqlSession.selectList(DefaultSqlSession.java:122)
	at org.apache.ibatis.session.defaults.DefaultSqlSession.selectList(DefaultSqlSession.java:113)
	at org.activiti.engine.impl.db.DbSqlSession.selectListWithRawParameter(DbSqlSession.java:438)
	at org.activiti.engine.impl.db.DbSqlSession.selectList(DbSqlSession.java:429)
	at org.activiti.engine.impl.db.DbSqlSession.selectList(DbSqlSession.java:419)
	at org.activiti.engine.impl.persistence.entity.HistoricDetailEntityManager.findHistoricDetailsByQueryCriteria(HistoricDetailEntityManager.java:51)
	at org.activiti.engine.impl.HistoricDetailQueryImpl.executeList(HistoricDetailQueryImpl.java:112)
	at org.activiti.engine.impl.AbstractQuery.list(AbstractQuery.java:140)
	at org.activiti.engine.impl.persistence.entity.HistoricDetailEntityManager.deleteHistoricDetailsByTaskId(HistoricDetailEntityManager.java:58)
	at org.activiti.engine.impl.persistence.entity.HistoricTaskInstanceEntityManager.deleteHistoricTaskInstanceById(HistoricTaskInstanceEntityManager.java:122)
	at org.activiti.engine.impl.persistence.entity.TaskEntityManager.deleteTask(TaskEntityManager.java:91)
	at org.activiti.engine.impl.persistence.entity.TaskEntityManager.deleteTask(TaskEntityManager.java:77)
	at org.activiti.engine.impl.persistence.entity.TaskEntityManager.deleteTask(TaskEntityManager.java:201)
	at org.activiti.engine.impl.cmd.DeleteTaskCmd.deleteTask(DeleteTaskCmd.java:64)
	at org.activiti.engine.impl.cmd.DeleteTaskCmd.execute(DeleteTaskCmd.java:51)
	at org.activiti.engine.impl.cmd.DeleteTaskCmd.execute(DeleteTaskCmd.java:26)
	at org.activiti.engine.impl.interceptor.CommandInvoker.execute(CommandInvoker.java:24)
	at org.activiti.engine.impl.interceptor.CommandContextInterceptor.execute(CommandContextInterceptor.java:57)
	at org.activiti.engine.impl.interceptor.LogInterceptor.execute(LogInterceptor.java:37)
	at org.activiti.engine.impl.cfg.CommandExecutorImpl.execute(CommandExecutorImpl.java:40)
	at org.activiti.engine.impl.cfg.CommandExecutorImpl.execute(CommandExecutorImpl.java:35)
	at org.activiti.engine.impl.TaskServiceImpl.deleteTasks(TaskServiceImpl.java:109)
	at org.activiti.engine.test.api.task.SubTaskQueryTest.tearDown(SubTaskQueryTest.java:51)
	at junit.framework.TestCase.runBare(TestCase.java:146)
	at org.activiti.engine.impl.test.AbstractActivitiTestCase.runBare(AbstractActivitiTestCase.java:100)
	at junit.framework.TestResult$1.protect(TestResult.java:122)
	at junit.framework.TestResult.runProtected(TestResult.java:142)
	at junit.framework.TestResult.run(TestResult.java:125)
	at junit.framework.TestCase.run(TestCase.java:129)
	at junit.framework.TestSuite.runTest(TestSuite.java:255)
	at junit.framework.TestSuite.run(TestSuite.java:250)
	at org.junit.internal.runners.JUnit38ClassRunner.run(JUnit38ClassRunner.java:84)
	at org.apache.maven.surefire.junit4.JUnit4TestSet.execute(JUnit4TestSet.java:35)
	at org.apache.maven.surefire.junit4.JUnit4Provider.executeTestSet(JUnit4Provider.java:146)
	at org.apache.maven.surefire.junit4.JUnit4Provider.invoke(JUnit4Provider.java:97)
	at sun.reflect.NativeMethodAccessorImpl.invoke0(Native Method)
	at sun.reflect.NativeMethodAccessorImpl.invoke(NativeMethodAccessorImpl.java:62)
	at sun.reflect.DelegatingMethodAccessorImpl.invoke(DelegatingMethodAccessorImpl.java:43)
	at java.lang.reflect.Method.invoke(Method.java:498)
	at org.apache.maven.surefire.booter.ProviderFactory$ClassLoaderProxy.invoke(ProviderFactory.java:103)
	at com.sun.proxy.$Proxy0.invoke(Unknown Source)
	at org.apache.maven.surefire.booter.SurefireStarter.invokeProvider(SurefireStarter.java:145)
	at org.apache.maven.surefire.booter.SurefireStarter.runSuitesInProcess(SurefireStarter.java:87)
	at org.apache.maven.surefire.booter.ForkedBooter.main(ForkedBooter.java:69)
Caused by: org.h2.jdbc.JdbcSQLException: Syntax error in SQL statement &quot;SELECT RES.* 
     
    FROM ACT_HI_DETAIL RES
     WHERE  RES.TASK_ID_ = ? 
   
     ORDER BY  ORDER[*] BY RES.ID_ ASC  
    LIMIT ? OFFSET ? &quot;; expected &quot;=, NOT, EXISTS, INTERSECTS, SELECT, FROM&quot;; SQL statement:
select RES.* 
     
    from ACT_HI_DETAIL RES
     WHERE  RES.TASK_ID_ = ? 
   
     order by  order by RES.ID_ asc  
    LIMIT ? OFFSET ? [42001-176]
	at org.h2.message.DbException.getJdbcSQLException(DbException.java:344)
	at org.h2.message.DbException.getSyntaxError(DbException.java:204)
	at org.h2.command.Parser.getSyntaxError(Parser.java:524)
	at org.h2.command.Parser.readTerm(Parser.java:2688)
	at org.h2.command.Parser.readFactor(Parser.java:2244)
	at org.h2.command.Parser.readSum(Parser.java:2231)
	at org.h2.command.Parser.readConcat(Parser.java:2201)
	at org.h2.command.Parser.readCondition(Parser.java:2051)
	at org.h2.command.Parser.readAnd(Parser.java:2023)
	at org.h2.command.Parser.readExpression(Parser.java:2015)
	at org.h2.command.Parser.parseEndOfQuery(Parser.java:1726)
	at org.h2.command.Parser.parseSelectUnionExtension(Parser.java:1706)
	at org.h2.command.Parser.parseSelectUnion(Parser.java:1675)
	at org.h2.command.Parser.parseSelect(Parser.java:1662)
	at org.h2.command.Parser.parsePrepared(Parser.java:434)
	at org.h2.command.Parser.parse(Parser.java:306)
	at org.h2.command.Parser.parse(Parser.java:282)
	at org.h2.command.Parser.prepareCommand(Parser.java:243)
	at org.h2.engine.Session.prepareLocal(Session.java:442)
	at org.h2.engine.Session.prepareCommand(Session.java:384)
	at org.h2.jdbc.JdbcConnection.prepareCommand(JdbcConnection.java:1188)
	at org.h2.jdbc.JdbcPreparedStatement.&lt;init&gt;(JdbcPreparedStatement.java:73)
	at org.h2.jdbc.JdbcConnection.prepareStatement(JdbcConnection.java:276)
	at sun.reflect.GeneratedMethodAccessor6.invoke(Unknown Source)
	at sun.reflect.DelegatingMethodAccessorImpl.invoke(DelegatingMethodAccessorImpl.java:43)
	at java.lang.reflect.Method.invoke(Method.java:498)
	at org.apache.ibatis.datasource.pooled.PooledConnection.invoke(PooledConnection.java:245)
	at com.sun.proxy.$Proxy12.prepareStatement(Unknown Source)
	at sun.reflect.GeneratedMethodAccessor6.invoke(Unknown Source)
	at sun.reflect.DelegatingMethodAccessorImpl.invoke(DelegatingMethodAccessorImpl.java:43)
	at java.lang.reflect.Method.invoke(Method.java:498)
	at org.apache.ibatis.logging.jdbc.ConnectionLogger.invoke(ConnectionLogger.java:55)
	at com.sun.proxy.$Proxy12.prepareStatement(Unknown Source)
	at org.apache.ibatis.executor.statement.PreparedStatementHandler.instantiateStatement(PreparedStatementHandler.java:79)
	at org.apache.ibatis.executor.statement.BaseStatementHandler.prepare(BaseStatementHandler.java:88)
	at org.apache.ibatis.executor.statement.RoutingStatementHandler.prepare(RoutingStatementHandler.java:58)
	at org.apache.ibatis.executor.SimpleExecutor.prepareStatement(SimpleExecutor.java:76)
	at org.apache.ibatis.executor.SimpleExecutor.doQuery(SimpleExecutor.java:61)
	at org.apache.ibatis.executor.BaseExecutor.queryFromDatabase(BaseExecutor.java:303)
	at org.apache.ibatis.executor.BaseExecutor.query(BaseExecutor.java:154)
	at org.apache.ibatis.executor.CachingExecutor.query(CachingExecutor.java:102)
	at org.apache.ibatis.executor.CachingExecutor.query(CachingExecutor.java:82)
	at org.apache.ibatis.session.defaults.DefaultSqlSession.selectList(DefaultSqlSession.java:120)
	... 43 more
10:45:10,885 [main] DEBUG org.activiti.engine.impl.cfg.standalone.StandaloneMybatisTransactionContext  - firing event rolling back...
10:45:10,885 [main] DEBUG org.activiti.engine.impl.cfg.standalone.StandaloneMybatisTransactionContext  - rolling back ibatis sql session...
10:45:10,885 [main] DEBUG org.activiti.engine.impl.cfg.standalone.StandaloneMybatisTransactionContext  - firing event rolled back...
10:45:10,885 [main] DEBUG org.apache.ibatis.transaction.jdbc.JdbcTransaction  - Resetting autocommit to true on JDBC Connection [conn6: url=jdbc:h2:mem:activiti user=SA]
10:45:10,885 [main] DEBUG org.apache.ibatis.transaction.jdbc.JdbcTransaction  - Closing JDBC Connection [conn6: url=jdbc:h2:mem:activiti user=SA]
10:45:10,885 [main] DEBUG org.apache.ibatis.datasource.pooled.PooledDataSource  - Returned connection 486346394 to pool.
10:45:10,885 [main] DEBUG org.activiti.engine.impl.interceptor.LogInterceptor  - --- DeleteTaskCmd finished --------------------------------------------------------
10:45:10,885 [main] DEBUG org.activiti.engine.impl.interceptor.LogInterceptor  - 

10:45:10,885 [main] ERROR org.activiti.engine.impl.test.PvmTestCase  - 

10:45:10,886 [main] ERROR org.activiti.engine.impl.test.PvmTestCase  - EXCEPTION: org.apache.ibatis.exceptions.PersistenceException: 
### Error querying database.  Cause: org.h2.jdbc.JdbcSQLException: Syntax error in SQL statement &quot;SELECT DISTINCT RES.* 
       
    FROM ACT_RU_TASK RES
     
     
     
     
    
     
     
     
     WHERE  RES.ASSIGNEE_ = ? 
   
    
     ORDER BY  ORDER[*] BY RES.ID_ ASC  
    LIMIT ? OFFSET ? &quot;; expected &quot;=, NOT, EXISTS, INTERSECTS, SELECT, FROM&quot;; SQL statement:
select distinct RES.* 
       
    from ACT_RU_TASK RES
     
     
     
     
    
     
     
     
     WHERE  RES.ASSIGNEE_ = ? 
   
    
     order by  order by RES.ID_ asc  
    LIMIT ? OFFSET ? [42001-176]
### The error may exist in org/activiti/db/mapping/entity/Task.xml
### The error may involve org.activiti.engine.impl.persistence.entity.TaskEntity.selectTaskByQueryCriteria
### The error occurred while executing a query
### SQL: select distinct RES.*              from ACT_RU_TASK RES                                                     WHERE  RES.ASSIGNEE_ = ?                order by  order by RES.ID_ asc       LIMIT ? OFFSET ?
### Cause: org.h2.jdbc.JdbcSQLException: Syntax error in SQL statement &quot;SELECT DISTINCT RES.* 
       
    FROM ACT_RU_TASK RES
     
     
     
     
    
     
     
     
     WHERE  RES.ASSIGNEE_ = ? 
   
    
     ORDER BY  ORDER[*] BY RES.ID_ ASC  
    LIMIT ? OFFSET ? &quot;; expected &quot;=, NOT, EXISTS, INTERSECTS, SELECT, FROM&quot;; SQL statement:
select distinct RES.* 
       
    from ACT_RU_TASK RES
     
     
     
     
    
     
     
     
     WHERE  RES.ASSIGNEE_ = ? 
   
    
     order by  order by RES.ID_ asc  
    LIMIT ? OFFSET ? [42001-176]
org.apache.ibatis.exceptions.PersistenceException: 
### Error querying database.  Cause: org.h2.jdbc.JdbcSQLException: Syntax error in SQL statement &quot;SELECT DISTINCT RES.* 
       
    FROM ACT_RU_TASK RES
     
     
     
     
    
     
     
     
     WHERE  RES.ASSIGNEE_ = ? 
   
    
     ORDER BY  ORDER[*] BY RES.ID_ ASC  
    LIMIT ? OFFSET ? &quot;; expected &quot;=, NOT, EXISTS, INTERSECTS, SELECT, FROM&quot;; SQL statement:
select distinct RES.* 
       
    from ACT_RU_TASK RES
     
     
     
     
    
     
     
     
     WHERE  RES.ASSIGNEE_ = ? 
   
    
     order by  order by RES.ID_ asc  
    LIMIT ? OFFSET ? [42001-176]
### The error may exist in org/activiti/db/mapping/entity/Task.xml
### The error may involve org.activiti.engine.impl.persistence.entity.TaskEntity.selectTaskByQueryCriteria
### The error occurred while executing a query
### SQL: select distinct RES.*              from ACT_RU_TASK RES                                                     WHERE  RES.ASSIGNEE_ = ?                order by  order by RES.ID_ asc       LIMIT ? OFFSET ?
### Cause: org.h2.jdbc.JdbcSQLException: Syntax error in SQL statement &quot;SELECT DISTINCT RES.* 
       
    FROM ACT_RU_TASK RES
     
     
     
     
    
     
     
     
     WHERE  RES.ASSIGNEE_ = ? 
   
    
     ORDER BY  ORDER[*] BY RES.ID_ ASC  
    LIMIT ? OFFSET ? &quot;; expected &quot;=, NOT, EXISTS, INTERSECTS, SELECT, FROM&quot;; SQL statement:
select distinct RES.* 
       
    from ACT_RU_TASK RES
     
     
     
     
    
     
     
     
     WHERE  RES.ASSIGNEE_ = ? 
   
    
     order by  order by RES.ID_ asc  
    LIMIT ? OFFSET ? [42001-176]
	at org.apache.ibatis.exceptions.ExceptionFactory.wrapException(ExceptionFactory.java:30)
	at org.apache.ibatis.session.defaults.DefaultSqlSession.selectList(DefaultSqlSession.java:122)
	at org.apache.ibatis.session.defaults.DefaultSqlSession.selectList(DefaultSqlSession.java:113)
	at org.activiti.engine.impl.db.DbSqlSession.selectListWithRawParameter(DbSqlSession.java:438)
	at org.activiti.engine.impl.db.DbSqlSession.selectList(DbSqlSession.java:429)
	at org.activiti.engine.impl.persistence.entity.TaskEntityManager.findTasksByQueryCriteria(TaskEntityManager.java:135)
	at org.activiti.engine.impl.TaskQueryImpl.executeList(TaskQueryImpl.java:1256)
	at org.activiti.engine.impl.AbstractQuery.execute(AbstractQuery.java:168)
	at org.activiti.engine.impl.interceptor.CommandInvoker.execute(CommandInvoker.java:24)
	at org.activiti.engine.impl.interceptor.CommandContextInterceptor.execute(CommandContextInterceptor.java:57)
	at org.activiti.engine.impl.interceptor.LogInterceptor.execute(LogInterceptor.java:37)
	at org.activiti.engine.impl.cfg.CommandExecutorImpl.execute(CommandExecutorImpl.java:40)
	at org.activiti.engine.impl.cfg.CommandExecutorImpl.execute(CommandExecutorImpl.java:35)
	at org.activiti.engine.impl.AbstractQuery.listPage(AbstractQuery.java:149)
	at org.activiti.engine.test.api.task.SubTaskQueryTest.testQueryByAssigneeExcludeSubtasksPaginated(SubTaskQueryTest.java:131)
	at sun.reflect.NativeMethodAccessorImpl.invoke0(Native Method)
	at sun.reflect.NativeMethodAccessorImpl.invoke(NativeMethodAccessorImpl.java:62)
	at sun.reflect.DelegatingMethodAccessorImpl.invoke(DelegatingMethodAccessorImpl.java:43)
	at java.lang.reflect.Method.invoke(Method.java:498)
	at junit.framework.TestCase.runTest(TestCase.java:176)
	at org.activiti.engine.impl.test.PvmTestCase.runTest(PvmTestCase.java:65)
	at junit.framework.TestCase.runBare(TestCase.java:141)
	at org.activiti.engine.impl.test.AbstractActivitiTestCase.runBare(AbstractActivitiTestCase.java:100)
	at junit.framework.TestResult$1.protect(TestResult.java:122)
	at junit.framework.TestResult.runProtected(TestResult.java:142)
	at junit.framework.TestResult.run(TestResult.java:125)
	at junit.framework.TestCase.run(TestCase.java:129)
	at junit.framework.TestSuite.runTest(TestSuite.java:255)
	at junit.framework.TestSuite.run(TestSuite.java:250)
	at org.junit.internal.runners.JUnit38ClassRunner.run(JUnit38ClassRunner.java:84)
	at org.apache.maven.surefire.junit4.JUnit4TestSet.execute(JUnit4TestSet.java:35)
	at org.apache.maven.surefire.junit4.JUnit4Provider.executeTestSet(JUnit4Provider.java:146)
	at org.apache.maven.surefire.junit4.JUnit4Provider.invoke(JUnit4Provider.java:97)
	at sun.reflect.NativeMethodAccessorImpl.invoke0(Native Method)
	at sun.reflect.NativeMethodAccessorImpl.invoke(NativeMethodAccessorImpl.java:62)
	at sun.reflect.DelegatingMethodAccessorImpl.invoke(DelegatingMethodAccessorImpl.java:43)
	at java.lang.reflect.Method.invoke(Method.java:498)
	at org.apache.maven.surefire.booter.ProviderFactory$ClassLoaderProxy.invoke(ProviderFactory.java:103)
	at com.sun.proxy.$Proxy0.invoke(Unknown Source)
	at org.apache.maven.surefire.booter.SurefireStarter.invokeProvider(SurefireStarter.java:145)
	at org.apache.maven.surefire.booter.SurefireStarter.runSuitesInProcess(SurefireStarter.java:87)
	at org.apache.maven.surefire.booter.ForkedBooter.main(ForkedBooter.java:69)
Caused by: org.h2.jdbc.JdbcSQLException: Syntax error in SQL statement &quot;SELECT DISTINCT RES.* 
       
    FROM ACT_RU_TASK RES
     
     
     
     
    
     
     
     
     WHERE  RES.ASSIGNEE_ = ? 
   
    
     ORDER BY  ORDER[*] BY RES.ID_ ASC  
    LIMIT ? OFFSET ? &quot;; expected &quot;=, NOT, EXISTS, INTERSECTS, SELECT, FROM&quot;; SQL statement:
select distinct RES.* 
       
    from ACT_RU_TASK RES
     
     
     
     
    
     
     
     
     WHERE  RES.ASSIGNEE_ = ? 
   
    
     order by  order by RES.ID_ asc  
    LIMIT ? OFFSET ? [42001-176]
	at org.h2.message.DbException.getJdbcSQLException(DbException.java:344)
	at org.h2.message.DbException.getSyntaxError(DbException.java:204)
	at org.h2.command.Parser.getSyntaxError(Parser.java:524)
	at org.h2.command.Parser.readTerm(Parser.java:2688)
	at org.h2.command.Parser.readFactor(Parser.java:2244)
	at org.h2.command.Parser.readSum(Parser.java:2231)
	at org.h2.command.Parser.readConcat(Parser.java:2201)
	at org.h2.command.Parser.readCondition(Parser.java:2051)
	at org.h2.command.Parser.readAnd(Parser.java:2023)
	at org.h2.command.Parser.readExpression(Parser.java:2015)
	at org.h2.command.Parser.parseEndOfQuery(Parser.java:1726)
	at org.h2.command.Parser.parseSelectUnionExtension(Parser.java:1706)
	at org.h2.command.Parser.parseSelectUnion(Parser.java:1675)
	at org.h2.command.Parser.parseSelect(Parser.java:1662)
	at org.h2.command.Parser.parsePrepared(Parser.java:434)
	at org.h2.command.Parser.parse(Parser.java:306)
	at org.h2.command.Parser.parse(Parser.java:282)
	at org.h2.command.Parser.prepareCommand(Parser.java:243)
	at org.h2.engine.Session.prepareLocal(Session.java:442)
	at org.h2.engine.Session.prepareCommand(Session.java:384)
	at org.h2.jdbc.JdbcConnection.prepareCommand(JdbcConnection.java:1188)
	at org.h2.jdbc.JdbcPreparedStatement.&lt;init&gt;(JdbcPreparedStatement.java:73)
	at org.h2.jdbc.JdbcConnection.prepareStatement(JdbcConnection.java:276)
	at sun.reflect.GeneratedMethodAccessor6.invoke(Unknown Source)
	at sun.reflect.DelegatingMethodAccessorImpl.invoke(DelegatingMethodAccessorImpl.java:43)
	at java.lang.reflect.Method.invoke(Method.java:498)
	at org.apache.ibatis.datasource.pooled.PooledConnection.invoke(PooledConnection.java:245)
	at com.sun.proxy.$Proxy12.prepareStatement(Unknown Source)
	at sun.reflect.GeneratedMethodAccessor6.invoke(Unknown Source)
	at sun.reflect.DelegatingMethodAccessorImpl.invoke(DelegatingMethodAccessorImpl.java:43)
	at java.lang.reflect.Method.invoke(Method.java:498)
	at org.apache.ibatis.logging.jdbc.ConnectionLogger.invoke(ConnectionLogger.java:55)
	at com.sun.proxy.$Proxy12.prepareStatement(Unknown Source)
	at org.apache.ibatis.executor.statement.PreparedStatementHandler.instantiateStatement(PreparedStatementHandler.java:79)
	at org.apache.ibatis.executor.statement.BaseStatementHandler.prepare(BaseStatementHandler.java:88)
	at org.apache.ibatis.executor.statement.RoutingStatementHandler.prepare(RoutingStatementHandler.java:58)
	at org.apache.ibatis.executor.SimpleExecutor.prepareStatement(SimpleExecutor.java:76)
	at org.apache.ibatis.executor.SimpleExecutor.doQuery(SimpleExecutor.java:61)
	at org.apache.ibatis.executor.BaseExecutor.queryFromDatabase(BaseExecutor.java:303)
	at org.apache.ibatis.executor.BaseExecutor.query(BaseExecutor.java:154)
	at org.apache.ibatis.executor.CachingExecutor.query(CachingExecutor.java:102)
	at org.apache.ibatis.executor.CachingExecutor.query(CachingExecutor.java:82)
	at org.apache.ibatis.session.defaults.DefaultSqlSession.selectList(DefaultSqlSession.java:120)
	... 40 more
10:45:10,886 [main] DEBUG org.activiti.engine.impl.test.PvmTestCase  - verifying that db is clean after test
10:45:10,886 [main] DEBUG org.activiti.engine.impl.interceptor.LogInterceptor  - 

10:45:10,886 [main] DEBUG org.activiti.engine.impl.interceptor.LogInterceptor  - --- starting GetTableCountCmd --------------------------------------------------------
10:45:10,886 [main] DEBUG org.apache.ibatis.transaction.jdbc.JdbcTransaction  - Opening JDBC Connection
10:45:10,886 [main] DEBUG org.apache.ibatis.datasource.pooled.PooledDataSource  - Checked out connection 180014677 from pool.
10:45:10,886 [main] DEBUG org.apache.ibatis.transaction.jdbc.JdbcTransaction  - Setting autocommit to false on JDBC Connection [conn3: url=jdbc:h2:mem:activiti user=SA]
10:45:10,886 [main] DEBUG org.activiti.engine.impl.persistence.entity.TableDataManager  - retrieving activiti tables from jdbc metadata
10:45:10,886 [main] DEBUG org.activiti.engine.impl.persistence.entity.TableDataManager  -   retrieved activiti table name ACT_EVT_LOG
10:45:10,886 [main] DEBUG org.activiti.engine.impl.persistence.entity.TableDataManager  -   retrieved activiti table name ACT_GE_BYTEARRAY
10:45:10,886 [main] DEBUG org.activiti.engine.impl.persistence.entity.TableDataManager  -   retrieved activiti table name ACT_GE_PROPERTY
10:45:10,886 [main] DEBUG org.activiti.engine.impl.persistence.entity.TableDataManager  -   retrieved activiti table name ACT_HI_ACTINST
10:45:10,886 [main] DEBUG org.activiti.engine.impl.persistence.entity.TableDataManager  -   retrieved activiti table name ACT_HI_ATTACHMENT
10:45:10,886 [main] DEBUG org.activiti.engine.impl.persistence.entity.TableDataManager  -   retrieved activiti table name ACT_HI_COMMENT
10:45:10,886 [main] DEBUG org.activiti.engine.impl.persistence.entity.TableDataManager  -   retrieved activiti table name ACT_HI_DETAIL
10:45:10,886 [main] DEBUG org.activiti.engine.impl.persistence.entity.TableDataManager  -   retrieved activiti table name ACT_HI_IDENTITYLINK
10:45:10,886 [main] DEBUG org.activiti.engine.impl.persistence.entity.TableDataManager  -   retrieved activiti table name ACT_HI_PROCINST
10:45:10,886 [main] DEBUG org.activiti.engine.impl.persistence.entity.TableDataManager  -   retrieved activiti table name ACT_HI_TASKINST
10:45:10,886 [main] DEBUG org.activiti.engine.impl.persistence.entity.TableDataManager  -   retrieved activiti table name ACT_HI_VARINST
10:45:10,886 [main] DEBUG org.activiti.engine.impl.persistence.entity.TableDataManager  -   retrieved activiti table name ACT_ID_GROUP
10:45:10,886 [main] DEBUG org.activiti.engine.impl.persistence.entity.TableDataManager  -   retrieved activiti table name ACT_ID_INFO
10:45:10,886 [main] DEBUG org.activiti.engine.impl.persistence.entity.TableDataManager  -   retrieved activiti table name ACT_ID_MEMBERSHIP
10:45:10,886 [main] DEBUG org.activiti.engine.impl.persistence.entity.TableDataManager  -   retrieved activiti table name ACT_ID_USER
10:45:10,886 [main] DEBUG org.activiti.engine.impl.persistence.entity.TableDataManager  -   retrieved activiti table name ACT_PROCDEF_INFO
10:45:10,886 [main] DEBUG org.activiti.engine.impl.persistence.entity.TableDataManager  -   retrieved activiti table name ACT_RE_DEPLOYMENT
10:45:10,886 [main] DEBUG org.activiti.engine.impl.persistence.entity.TableDataManager  -   retrieved activiti table name ACT_RE_MODEL
10:45:10,886 [main] DEBUG org.activiti.engine.impl.persistence.entity.TableDataManager  -   retrieved activiti table name ACT_RE_PROCDEF
10:45:10,886 [main] DEBUG org.activiti.engine.impl.persistence.entity.TableDataManager  -   retrieved activiti table name ACT_RU_EVENT_SUBSCR
10:45:10,886 [main] DEBUG org.activiti.engine.impl.persistence.entity.TableDataManager  -   retrieved activiti table name ACT_RU_EXECUTION
10:45:10,886 [main] DEBUG org.activiti.engine.impl.persistence.entity.TableDataManager  -   retrieved activiti table name ACT_RU_IDENTITYLINK
10:45:10,886 [main] DEBUG org.activiti.engine.impl.persistence.entity.TableDataManager  -   retrieved activiti table name ACT_RU_JOB
10:45:10,886 [main] DEBUG org.activiti.engine.impl.persistence.entity.TableDataManager  -   retrieved activiti table name ACT_RU_TASK
10:45:10,886 [main] DEBUG org.activiti.engine.impl.persistence.entity.TableDataManager  -   retrieved activiti table name ACT_RU_VARIABLE
10:45:10,886 [main] DEBUG org.activiti.engine.impl.persistence.entity.TableDataManager  - selecting table count for ACT_EVT_LOG
10:45:10,886 [main] DEBUG org.activiti.engine.impl.TablePageMap.selectTableCount  - ==&gt;  Preparing: select count(*) from ACT_EVT_LOG 
10:45:10,886 [main] DEBUG org.activiti.engine.impl.TablePageMap.selectTableCount  - ==&gt; Parameters: 
10:45:10,886 [main] DEBUG org.activiti.engine.impl.TablePageMap.selectTableCount  - &lt;==      Total: 1
10:45:10,886 [main] DEBUG org.activiti.engine.impl.persistence.entity.TableDataManager  - selecting table count for ACT_GE_BYTEARRAY
10:45:10,886 [main] DEBUG org.activiti.engine.impl.TablePageMap.selectTableCount  - ==&gt;  Preparing: select count(*) from ACT_GE_BYTEARRAY 
10:45:10,886 [main] DEBUG org.activiti.engine.impl.TablePageMap.selectTableCount  - ==&gt; Parameters: 
10:45:10,886 [main] DEBUG org.activiti.engine.impl.TablePageMap.selectTableCount  - &lt;==      Total: 1
10:45:10,886 [main] DEBUG org.activiti.engine.impl.persistence.entity.TableDataManager  - selecting table count for ACT_GE_PROPERTY
10:45:10,886 [main] DEBUG org.activiti.engine.impl.TablePageMap.selectTableCount  - ==&gt;  Preparing: select count(*) from ACT_GE_PROPERTY 
10:45:10,886 [main] DEBUG org.activiti.engine.impl.TablePageMap.selectTableCount  - ==&gt; Parameters: 
10:45:10,886 [main] DEBUG org.activiti.engine.impl.TablePageMap.selectTableCount  - &lt;==      Total: 1
10:45:10,886 [main] DEBUG org.activiti.engine.impl.persistence.entity.TableDataManager  - selecting table count for ACT_HI_ACTINST
10:45:10,886 [main] DEBUG org.activiti.engine.impl.TablePageMap.selectTableCount  - ==&gt;  Preparing: select count(*) from ACT_HI_ACTINST 
10:45:10,886 [main] DEBUG org.activiti.engine.impl.TablePageMap.selectTableCount  - ==&gt; Parameters: 
10:45:10,886 [main] DEBUG org.activiti.engine.impl.TablePageMap.selectTableCount  - &lt;==      Total: 1
10:45:10,886 [main] DEBUG org.activiti.engine.impl.persistence.entity.TableDataManager  - selecting table count for ACT_HI_ATTACHMENT
10:45:10,886 [main] DEBUG org.activiti.engine.impl.TablePageMap.selectTableCount  - ==&gt;  Preparing: select count(*) from ACT_HI_ATTACHMENT 
10:45:10,886 [main] DEBUG org.activiti.engine.impl.TablePageMap.selectTableCount  - ==&gt; Parameters: 
10:45:10,886 [main] DEBUG org.activiti.engine.impl.TablePageMap.selectTableCount  - &lt;==      Total: 1
10:45:10,886 [main] DEBUG org.activiti.engine.impl.persistence.entity.TableDataManager  - selecting table count for ACT_HI_COMMENT
10:45:10,886 [main] DEBUG org.activiti.engine.impl.TablePageMap.selectTableCount  - ==&gt;  Preparing: select count(*) from ACT_HI_COMMENT 
10:45:10,886 [main] DEBUG org.activiti.engine.impl.TablePageMap.selectTableCount  - ==&gt; Parameters: 
10:45:10,886 [main] DEBUG org.activiti.engine.impl.TablePageMap.selectTableCount  - &lt;==      Total: 1
10:45:10,886 [main] DEBUG org.activiti.engine.impl.persistence.entity.TableDataManager  - selecting table count for ACT_HI_DETAIL
10:45:10,886 [main] DEBUG org.activiti.engine.impl.TablePageMap.selectTableCount  - ==&gt;  Preparing: select count(*) from ACT_HI_DETAIL 
10:45:10,886 [main] DEBUG org.activiti.engine.impl.TablePageMap.selectTableCount  - ==&gt; Parameters: 
10:45:10,886 [main] DEBUG org.activiti.engine.impl.TablePageMap.selectTableCount  - &lt;==      Total: 1
10:45:10,886 [main] DEBUG org.activiti.engine.impl.persistence.entity.TableDataManager  - selecting table count for ACT_HI_IDENTITYLINK
10:45:10,886 [main] DEBUG org.activiti.engine.impl.TablePageMap.selectTableCount  - ==&gt;  Preparing: select count(*) from ACT_HI_IDENTITYLINK 
10:45:10,886 [main] DEBUG org.activiti.engine.impl.TablePageMap.selectTableCount  - ==&gt; Parameters: 
10:45:10,886 [main] DEBUG org.activiti.engine.impl.TablePageMap.selectTableCount  - &lt;==      Total: 1
10:45:10,886 [main] DEBUG org.activiti.engine.impl.persistence.entity.TableDataManager  - selecting table count for ACT_HI_PROCINST
10:45:10,886 [main] DEBUG org.activiti.engine.impl.TablePageMap.selectTableCount  - ==&gt;  Preparing: select count(*) from ACT_HI_PROCINST 
10:45:10,886 [main] DEBUG org.activiti.engine.impl.TablePageMap.selectTableCount  - ==&gt; Parameters: 
10:45:10,886 [main] DEBUG org.activiti.engine.impl.TablePageMap.selectTableCount  - &lt;==      Total: 1
10:45:10,887 [main] DEBUG org.activiti.engine.impl.persistence.entity.TableDataManager  - selecting table count for ACT_HI_TASKINST
10:45:10,887 [main] DEBUG org.activiti.engine.impl.TablePageMap.selectTableCount  - ==&gt;  Preparing: select count(*) from ACT_HI_TASKINST 
10:45:10,887 [main] DEBUG org.activiti.engine.impl.TablePageMap.selectTableCount  - ==&gt; Parameters: 
10:45:10,887 [main] DEBUG org.activiti.engine.impl.TablePageMap.selectTableCount  - &lt;==      Total: 1
10:45:10,887 [main] DEBUG org.activiti.engine.impl.persistence.entity.TableDataManager  - selecting table count for ACT_HI_VARINST
10:45:10,887 [main] DEBUG org.activiti.engine.impl.TablePageMap.selectTableCount  - ==&gt;  Preparing: select count(*) from ACT_HI_VARINST 
10:45:10,887 [main] DEBUG org.activiti.engine.impl.TablePageMap.selectTableCount  - ==&gt; Parameters: 
10:45:10,887 [main] DEBUG org.activiti.engine.impl.TablePageMap.selectTableCount  - &lt;==      Total: 1
10:45:10,887 [main] DEBUG org.activiti.engine.impl.persistence.entity.TableDataManager  - selecting table count for ACT_ID_GROUP
10:45:10,887 [main] DEBUG org.activiti.engine.impl.TablePageMap.selectTableCount  - ==&gt;  Preparing: select count(*) from ACT_ID_GROUP 
10:45:10,887 [main] DEBUG org.activiti.engine.impl.TablePageMap.selectTableCount  - ==&gt; Parameters: 
10:45:10,887 [main] DEBUG org.activiti.engine.impl.TablePageMap.selectTableCount  - &lt;==      Total: 1
10:45:10,887 [main] DEBUG org.activiti.engine.impl.persistence.entity.TableDataManager  - selecting table count for ACT_ID_INFO
10:45:10,887 [main] DEBUG org.activiti.engine.impl.TablePageMap.selectTableCount  - ==&gt;  Preparing: select count(*) from ACT_ID_INFO 
10:45:10,887 [main] DEBUG org.activiti.engine.impl.TablePageMap.selectTableCount  - ==&gt; Parameters: 
10:45:10,887 [main] DEBUG org.activiti.engine.impl.TablePageMap.selectTableCount  - &lt;==      Total: 1
10:45:10,887 [main] DEBUG org.activiti.engine.impl.persistence.entity.TableDataManager  - selecting table count for ACT_ID_MEMBERSHIP
10:45:10,887 [main] DEBUG org.activiti.engine.impl.TablePageMap.selectTableCount  - ==&gt;  Preparing: select count(*) from ACT_ID_MEMBERSHIP 
10:45:10,887 [main] DEBUG org.activiti.engine.impl.TablePageMap.selectTableCount  - ==&gt; Parameters: 
10:45:10,887 [main] DEBUG org.activiti.engine.impl.TablePageMap.selectTableCount  - &lt;==      Total: 1
10:45:10,887 [main] DEBUG org.activiti.engine.impl.persistence.entity.TableDataManager  - selecting table count for ACT_ID_USER
10:45:10,887 [main] DEBUG org.activiti.engine.impl.TablePageMap.selectTableCount  - ==&gt;  Preparing: select count(*) from ACT_ID_USER 
10:45:10,887 [main] DEBUG org.activiti.engine.impl.TablePageMap.selectTableCount  - ==&gt; Parameters: 
10:45:10,887 [main] DEBUG org.activiti.engine.impl.TablePageMap.selectTableCount  - &lt;==      Total: 1
10:45:10,887 [main] DEBUG org.activiti.engine.impl.persistence.entity.TableDataManager  - selecting table count for ACT_PROCDEF_INFO
10:45:10,887 [main] DEBUG org.activiti.engine.impl.TablePageMap.selectTableCount  - ==&gt;  Preparing: select count(*) from ACT_PROCDEF_INFO 
10:45:10,887 [main] DEBUG org.activiti.engine.impl.TablePageMap.selectTableCount  - ==&gt; Parameters: 
10:45:10,887 [main] DEBUG org.activiti.engine.impl.TablePageMap.selectTableCount  - &lt;==      Total: 1
10:45:10,887 [main] DEBUG org.activiti.engine.impl.persistence.entity.TableDataManager  - selecting table count for ACT_RE_DEPLOYMENT
10:45:10,887 [main] DEBUG org.activiti.engine.impl.TablePageMap.selectTableCount  - ==&gt;  Preparing: select count(*) from ACT_RE_DEPLOYMENT 
10:45:10,887 [main] DEBUG org.activiti.engine.impl.TablePageMap.selectTableCount  - ==&gt; Parameters: 
10:45:10,887 [main] DEBUG org.activiti.engine.impl.TablePageMap.selectTableCount  - &lt;==      Total: 1
10:45:10,887 [main] DEBUG org.activiti.engine.impl.persistence.entity.TableDataManager  - selecting table count for ACT_RE_MODEL
10:45:10,887 [main] DEBUG org.activiti.engine.impl.TablePageMap.selectTableCount  - ==&gt;  Preparing: select count(*) from ACT_RE_MODEL 
10:45:10,887 [main] DEBUG org.activiti.engine.impl.TablePageMap.selectTableCount  - ==&gt; Parameters: 
10:45:10,887 [main] DEBUG org.activiti.engine.impl.TablePageMap.selectTableCount  - &lt;==      Total: 1
10:45:10,887 [main] DEBUG org.activiti.engine.impl.persistence.entity.TableDataManager  - selecting table count for ACT_RE_PROCDEF
10:45:10,887 [main] DEBUG org.activiti.engine.impl.TablePageMap.selectTableCount  - ==&gt;  Preparing: select count(*) from ACT_RE_PROCDEF 
10:45:10,887 [main] DEBUG org.activiti.engine.impl.TablePageMap.selectTableCount  - ==&gt; Parameters: 
10:45:10,887 [main] DEBUG org.activiti.engine.impl.TablePageMap.selectTableCount  - &lt;==      Total: 1
10:45:10,887 [main] DEBUG org.activiti.engine.impl.persistence.entity.TableDataManager  - selecting table count for ACT_RU_EVENT_SUBSCR
10:45:10,887 [main] DEBUG org.activiti.engine.impl.TablePageMap.selectTableCount  - ==&gt;  Preparing: select count(*) from ACT_RU_EVENT_SUBSCR 
10:45:10,887 [main] DEBUG org.activiti.engine.impl.TablePageMap.selectTableCount  - ==&gt; Parameters: 
10:45:10,887 [main] DEBUG org.activiti.engine.impl.TablePageMap.selectTableCount  - &lt;==      Total: 1
10:45:10,887 [main] DEBUG org.activiti.engine.impl.persistence.entity.TableDataManager  - selecting table count for ACT_RU_EXECUTION
10:45:10,887 [main] DEBUG org.activiti.engine.impl.TablePageMap.selectTableCount  - ==&gt;  Preparing: select count(*) from ACT_RU_EXECUTION 
10:45:10,887 [main] DEBUG org.activiti.engine.impl.TablePageMap.selectTableCount  - ==&gt; Parameters: 
10:45:10,887 [main] DEBUG org.activiti.engine.impl.TablePageMap.selectTableCount  - &lt;==      Total: 1
10:45:10,887 [main] DEBUG org.activiti.engine.impl.persistence.entity.TableDataManager  - selecting table count for ACT_RU_IDENTITYLINK
10:45:10,887 [main] DEBUG org.activiti.engine.impl.TablePageMap.selectTableCount  - ==&gt;  Preparing: select count(*) from ACT_RU_IDENTITYLINK 
10:45:10,887 [main] DEBUG org.activiti.engine.impl.TablePageMap.selectTableCount  - ==&gt; Parameters: 
10:45:10,887 [main] DEBUG org.activiti.engine.impl.TablePageMap.selectTableCount  - &lt;==      Total: 1
10:45:10,887 [main] DEBUG org.activiti.engine.impl.persistence.entity.TableDataManager  - selecting table count for ACT_RU_JOB
10:45:10,887 [main] DEBUG org.activiti.engine.impl.TablePageMap.selectTableCount  - ==&gt;  Preparing: select count(*) from ACT_RU_JOB 
10:45:10,887 [main] DEBUG org.activiti.engine.impl.TablePageMap.selectTableCount  - ==&gt; Parameters: 
10:45:10,887 [main] DEBUG org.activiti.engine.impl.TablePageMap.selectTableCount  - &lt;==      Total: 1
10:45:10,887 [main] DEBUG org.activiti.engine.impl.persistence.entity.TableDataManager  - selecting table count for ACT_RU_TASK
10:45:10,887 [main] DEBUG org.activiti.engine.impl.TablePageMap.selectTableCount  - ==&gt;  Preparing: select count(*) from ACT_RU_TASK 
10:45:10,887 [main] DEBUG org.activiti.engine.impl.TablePageMap.selectTableCount  - ==&gt; Parameters: 
10:45:10,887 [main] DEBUG org.activiti.engine.impl.TablePageMap.selectTableCount  - &lt;==      Total: 1
10:45:10,887 [main] DEBUG org.activiti.engine.impl.persistence.entity.TableDataManager  - selecting table count for ACT_RU_VARIABLE
10:45:10,887 [main] DEBUG org.activiti.engine.impl.TablePageMap.selectTableCount  - ==&gt;  Preparing: select count(*) from ACT_RU_VARIABLE 
10:45:10,887 [main] DEBUG org.activiti.engine.impl.TablePageMap.selectTableCount  - ==&gt; Parameters: 
10:45:10,887 [main] DEBUG org.activiti.engine.impl.TablePageMap.selectTableCount  - &lt;==      Total: 1
10:45:10,887 [main] DEBUG org.activiti.engine.impl.persistence.entity.TableDataManager  - Number of rows per activiti table: {ACT_RU_EVENT_SUBSCR=0, ACT_ID_USER=0, ACT_HI_ATTACHMENT=0, ACT_GE_BYTEARRAY=0, ACT_RE_MODEL=0, ACT_RU_VARIABLE=0, ACT_RU_TASK=10, ACT_RE_DEPLOYMENT=0, ACT_RE_PROCDEF=0, ACT_ID_GROUP=0, ACT_HI_VARINST=0, ACT_HI_COMMENT=10, ACT_HI_PROCINST=0, ACT_ID_INFO=0, ACT_ID_MEMBERSHIP=0, ACT_RU_JOB=0, ACT_PROCDEF_INFO=0, ACT_HI_ACTINST=0, ACT_RU_EXECUTION=0, ACT_HI_TASKINST=10, ACT_HI_DETAIL=0, ACT_EVT_LOG=0, ACT_HI_IDENTITYLINK=3, ACT_RU_IDENTITYLINK=3, ACT_GE_PROPERTY=3}
10:45:10,887 [main] DEBUG org.activiti.engine.impl.db.DbSqlSession  - flush summary: 0 insert, 0 update, 0 delete.
10:45:10,887 [main] DEBUG org.activiti.engine.impl.db.DbSqlSession  - now executing flush...
10:45:10,887 [main] DEBUG org.activiti.engine.impl.cfg.standalone.StandaloneMybatisTransactionContext  - firing event committing...
10:45:10,887 [main] DEBUG org.activiti.engine.impl.cfg.standalone.StandaloneMybatisTransactionContext  - committing the ibatis sql session...
10:45:10,887 [main] DEBUG org.activiti.engine.impl.cfg.standalone.StandaloneMybatisTransactionContext  - firing event committed...
10:45:10,887 [main] DEBUG org.apache.ibatis.transaction.jdbc.JdbcTransaction  - Resetting autocommit to true on JDBC Connection [conn3: url=jdbc:h2:mem:activiti user=SA]
10:45:10,887 [main] DEBUG org.apache.ibatis.transaction.jdbc.JdbcTransaction  - Closing JDBC Connection [conn3: url=jdbc:h2:mem:activiti user=SA]
10:45:10,887 [main] DEBUG org.apache.ibatis.datasource.pooled.PooledDataSource  - Returned connection 180014677 to pool.
10:45:10,887 [main] DEBUG org.activiti.engine.impl.interceptor.LogInterceptor  - --- GetTableCountCmd finished --------------------------------------------------------
10:45:10,887 [main] DEBUG org.activiti.engine.impl.interceptor.LogInterceptor  - 

10:45:10,887 [main] ERROR org.activiti.engine.impl.test.PvmTestCase  - 

10:45:10,887 [main] ERROR org.activiti.engine.impl.test.PvmTestCase  - DB NOT CLEAN: 
  ACT_RU_TASK: 10 record(s)   ACT_HI_COMMENT: 10 record(s)   ACT_HI_TASKINST: 10 record(s)   ACT_HI_IDENTITYLINK: 3 record(s)   ACT_RU_IDENTITYLINK: 3 record(s) 
10:45:10,887 [main] INFO  org.activiti.engine.impl.test.PvmTestCase  - dropping and recreating db
10:45:10,887 [main] DEBUG org.activiti.engine.impl.interceptor.LogInterceptor  - 

10:45:10,887 [main] DEBUG org.activiti.engine.impl.interceptor.LogInterceptor  - --- starting  --------------------------------------------------------
10:45:10,887 [main] INFO  org.activiti.engine.impl.db.DbSqlSession  - performing drop on engine with resource org/activiti/db/drop/activiti.h2.drop.engine.sql
10:45:10,887 [main] DEBUG org.apache.ibatis.transaction.jdbc.JdbcTransaction  - Opening JDBC Connection
10:45:10,887 [main] DEBUG org.apache.ibatis.datasource.pooled.PooledDataSource  - Checked out connection 363509958 from pool.
10:45:10,887 [main] DEBUG org.apache.ibatis.transaction.jdbc.JdbcTransaction  - Setting autocommit to false on JDBC Connection [conn2: url=jdbc:h2:mem:activiti user=SA]
10:45:10,887 [main] DEBUG org.activiti.engine.impl.db.DbSqlSession  - SQL: drop table if exists ACT_GE_PROPERTY cascade constraints
10:45:10,887 [main] DEBUG org.activiti.engine.impl.db.DbSqlSession  - SQL: drop table if exists ACT_GE_BYTEARRAY cascade constraints
10:45:10,887 [main] DEBUG org.activiti.engine.impl.db.DbSqlSession  - SQL: drop table if exists ACT_RE_DEPLOYMENT cascade constraints
10:45:10,887 [main] DEBUG org.activiti.engine.impl.db.DbSqlSession  - SQL: drop table if exists ACT_RE_MODEL cascade constraints
10:45:10,887 [main] DEBUG org.activiti.engine.impl.db.DbSqlSession  - SQL: drop table if exists ACT_RU_EXECUTION cascade constraints
10:45:10,888 [main] DEBUG org.activiti.engine.impl.db.DbSqlSession  - SQL: drop table if exists ACT_RU_JOB cascade constraints
10:45:10,888 [main] DEBUG org.activiti.engine.impl.db.DbSqlSession  - SQL: drop table if exists ACT_RE_PROCDEF cascade constraints
10:45:10,888 [main] DEBUG org.activiti.engine.impl.db.DbSqlSession  - SQL: drop table if exists ACT_RU_TASK cascade constraints
10:45:10,888 [main] DEBUG org.activiti.engine.impl.db.DbSqlSession  - SQL: drop table if exists ACT_RU_IDENTITYLINK cascade constraints
10:45:10,888 [main] DEBUG org.activiti.engine.impl.db.DbSqlSession  - SQL: drop table if exists ACT_RU_VARIABLE cascade constraints
10:45:10,888 [main] DEBUG org.activiti.engine.impl.db.DbSqlSession  - SQL: drop table if exists ACT_RU_EVENT_SUBSCR cascade constraints
10:45:10,888 [main] DEBUG org.activiti.engine.impl.db.DbSqlSession  - SQL: drop table if exists ACT_EVT_LOG cascade constraints
10:45:10,888 [main] DEBUG org.activiti.engine.impl.db.DbSqlSession  - SQL: drop table if exists ACT_PROCDEF_INFO cascade constraints
10:45:10,888 [main] DEBUG org.activiti.engine.impl.db.DbSqlSession  - SQL: drop index if exists ACT_IDX_EXEC_BUSKEY
10:45:10,888 [main] DEBUG org.activiti.engine.impl.db.DbSqlSession  - SQL: drop index if exists ACT_IDX_TASK_CREATE
10:45:10,888 [main] DEBUG org.activiti.engine.impl.db.DbSqlSession  - SQL: drop index if exists ACT_IDX_IDENT_LNK_USER
10:45:10,888 [main] DEBUG org.activiti.engine.impl.db.DbSqlSession  - SQL: drop index if exists ACT_IDX_IDENT_LNK_GROUP
10:45:10,888 [main] DEBUG org.activiti.engine.impl.db.DbSqlSession  - SQL: drop index if exists ACT_IDX_VARIABLE_TASK_ID
10:45:10,888 [main] DEBUG org.activiti.engine.impl.db.DbSqlSession  - SQL: drop index if exists ACT_IDX_EVENT_SUBSCR_CONFIG_
10:45:10,888 [main] DEBUG org.activiti.engine.impl.db.DbSqlSession  - SQL: drop index if exists ACT_IDX_ATHRZ_PROCEDEF
10:45:10,888 [main] DEBUG org.activiti.engine.impl.db.DbSqlSession  - SQL: drop index if exists ACT_IDX_INFO_PROCDEF
10:45:10,888 [main] DEBUG org.activiti.engine.impl.db.DbSqlSession  - activiti db schema drop for component engine successful
10:45:10,888 [main] INFO  org.activiti.engine.impl.db.DbSqlSession  - performing drop on history with resource org/activiti/db/drop/activiti.h2.drop.history.sql
10:45:10,888 [main] DEBUG org.activiti.engine.impl.db.DbSqlSession  - SQL: drop table if exists ACT_HI_PROCINST cascade constraints
10:45:10,888 [main] DEBUG org.activiti.engine.impl.db.DbSqlSession  - SQL: drop table if exists ACT_HI_ACTINST cascade constraints
10:45:10,888 [main] DEBUG org.activiti.engine.impl.db.DbSqlSession  - SQL: drop table if exists ACT_HI_VARINST cascade constraints
10:45:10,888 [main] DEBUG org.activiti.engine.impl.db.DbSqlSession  - SQL: drop table if exists ACT_HI_TASKINST cascade constraints
10:45:10,888 [main] DEBUG org.activiti.engine.impl.db.DbSqlSession  - SQL: drop table if exists ACT_HI_DETAIL cascade constraints
10:45:10,888 [main] DEBUG org.activiti.engine.impl.db.DbSqlSession  - SQL: drop table if exists ACT_HI_COMMENT cascade constraints
10:45:10,888 [main] DEBUG org.activiti.engine.impl.db.DbSqlSession  - SQL: drop table if exists ACT_HI_ATTACHMENT cascade constraints
10:45:10,888 [main] DEBUG org.activiti.engine.impl.db.DbSqlSession  - SQL: drop table if exists ACT_HI_IDENTITYLINK cascade constraints
10:45:10,888 [main] DEBUG org.activiti.engine.impl.db.DbSqlSession  - SQL: drop index if exists ACT_IDX_HI_PRO_INST_END
10:45:10,888 [main] DEBUG org.activiti.engine.impl.db.DbSqlSession  - SQL: drop index if exists ACT_IDX_HI_PRO_I_BUSKEY
10:45:10,888 [main] DEBUG org.activiti.engine.impl.db.DbSqlSession  - SQL: drop index if exists ACT_IDX_HI_ACT_INST_START
10:45:10,888 [main] DEBUG org.activiti.engine.impl.db.DbSqlSession  - SQL: drop index if exists ACT_IDX_HI_ACT_INST_END
10:45:10,888 [main] DEBUG org.activiti.engine.impl.db.DbSqlSession  - SQL: drop index if exists ACT_IDX_HI_DETAIL_PROC_INST
10:45:10,888 [main] DEBUG org.activiti.engine.impl.db.DbSqlSession  - SQL: drop index if exists ACT_IDX_HI_DETAIL_ACT_INST
10:45:10,888 [main] DEBUG org.activiti.engine.impl.db.DbSqlSession  - SQL: drop index if exists ACT_IDX_HI_DETAIL_TIME
10:45:10,888 [main] DEBUG org.activiti.engine.impl.db.DbSqlSession  - SQL: drop index if exists ACT_IDX_HI_DETAIL_NAME
10:45:10,888 [main] DEBUG org.activiti.engine.impl.db.DbSqlSession  - SQL: drop index if exists ACT_IDX_HI_DETAIL_TASK_ID
10:45:10,888 [main] DEBUG org.activiti.engine.impl.db.DbSqlSession  - SQL: drop index if exists ACT_IDX_HI_PROCVAR_PROC_INST
10:45:10,888 [main] DEBUG org.activiti.engine.impl.db.DbSqlSession  - SQL: drop index if exists ACT_IDX_HI_PROCVAR_NAME_TYPE
10:45:10,888 [main] DEBUG org.activiti.engine.impl.db.DbSqlSession  - SQL: drop index if exists ACT_IDX_HI_ACT_INST_PROCINST
10:45:10,888 [main] DEBUG org.activiti.engine.impl.db.DbSqlSession  - SQL: drop index if exists ACT_IDX_HI_IDENT_LNK_USER
10:45:10,888 [main] DEBUG org.activiti.engine.impl.db.DbSqlSession  - SQL: drop index if exists ACT_IDX_HI_IDENT_LNK_TASK
10:45:10,888 [main] DEBUG org.activiti.engine.impl.db.DbSqlSession  - SQL: drop index if exists ACT_IDX_HI_IDENT_LNK_PROCINST
10:45:10,888 [main] DEBUG org.activiti.engine.impl.db.DbSqlSession  - SQL: drop index if exists ACT_IDX_HI_TASK_INST_PROCINST
10:45:10,888 [main] DEBUG org.activiti.engine.impl.db.DbSqlSession  - activiti db schema drop for component history successful
10:45:10,888 [main] INFO  org.activiti.engine.impl.db.DbSqlSession  - performing drop on identity with resource org/activiti/db/drop/activiti.h2.drop.identity.sql
10:45:10,888 [main] DEBUG org.activiti.engine.impl.db.DbSqlSession  - SQL: drop table if exists ACT_ID_INFO cascade constraints
10:45:10,888 [main] DEBUG org.activiti.engine.impl.db.DbSqlSession  - SQL: drop table if exists ACT_ID_GROUP cascade constraints
10:45:10,888 [main] DEBUG org.activiti.engine.impl.db.DbSqlSession  - SQL: drop table if exists ACT_ID_MEMBERSHIP cascade constraints
10:45:10,889 [main] DEBUG org.activiti.engine.impl.db.DbSqlSession  - SQL: drop table if exists ACT_ID_USER cascade constraints
10:45:10,889 [main] DEBUG org.activiti.engine.impl.db.DbSqlSession  - activiti db schema drop for component identity successful
10:45:10,889 [main] INFO  org.activiti.engine.impl.db.DbSqlSession  - performing create on engine with resource org/activiti/db/create/activiti.h2.create.engine.sql
10:45:10,889 [main] DEBUG org.activiti.engine.impl.db.DbSqlSession  - SQL: create table ACT_GE_PROPERTY ( 
NAME_ varchar(64), 
VALUE_ varchar(300), 
REV_ integer, 
primary key (NAME_) 
)
10:45:10,889 [main] DEBUG org.activiti.engine.impl.db.DbSqlSession  - SQL: insert into ACT_GE_PROPERTY 
values (&apos;schema.version&apos;, &apos;5.20.0.0&apos;, 1)
10:45:10,889 [main] DEBUG org.activiti.engine.impl.db.DbSqlSession  - SQL: insert into ACT_GE_PROPERTY 
values (&apos;schema.history&apos;, &apos;create(5.20.0.0)&apos;, 1)
10:45:10,889 [main] DEBUG org.activiti.engine.impl.db.DbSqlSession  - SQL: insert into ACT_GE_PROPERTY 
values (&apos;next.dbid&apos;, &apos;1&apos;, 1)
10:45:10,889 [main] DEBUG org.activiti.engine.impl.db.DbSqlSession  - SQL: create table ACT_GE_BYTEARRAY ( 
ID_ varchar(64), 
REV_ integer, 
NAME_ varchar(255), 
DEPLOYMENT_ID_ varchar(64), 
BYTES_ longvarbinary, 
GENERATED_ bit, 
primary key (ID_) 
)
10:45:10,889 [main] DEBUG org.activiti.engine.impl.db.DbSqlSession  - SQL: create table ACT_RE_DEPLOYMENT ( 
ID_ varchar(64), 
NAME_ varchar(255), 
CATEGORY_ varchar(255), 
TENANT_ID_ varchar(255) default &apos;&apos;, 
DEPLOY_TIME_ timestamp, 
primary key (ID_) 
)
10:45:10,889 [main] DEBUG org.activiti.engine.impl.db.DbSqlSession  - SQL: create table ACT_RE_MODEL ( 
ID_ varchar(64) not null, 
REV_ integer, 
NAME_ varchar(255), 
KEY_ varchar(255), 
CATEGORY_ varchar(255), 
CREATE_TIME_ timestamp, 
LAST_UPDATE_TIME_ timestamp, 
VERSION_ integer, 
META_INFO_ varchar(4000), 
DEPLOYMENT_ID_ varchar(64), 
EDITOR_SOURCE_VALUE_ID_ varchar(64), 
EDITOR_SOURCE_EXTRA_VALUE_ID_ varchar(64), 
TENANT_ID_ varchar(255) default &apos;&apos;, 
primary key (ID_) 
)
10:45:10,889 [main] DEBUG org.activiti.engine.impl.db.DbSqlSession  - SQL: create table ACT_RU_EXECUTION ( 
ID_ varchar(64), 
REV_ integer, 
PROC_INST_ID_ varchar(64), 
BUSINESS_KEY_ varchar(255), 
PARENT_ID_ varchar(64), 
PROC_DEF_ID_ varchar(64), 
SUPER_EXEC_ varchar(64), 
ACT_ID_ varchar(255), 
IS_ACTIVE_ bit, 
IS_CONCURRENT_ bit, 
IS_SCOPE_ bit, 
IS_EVENT_SCOPE_ bit, 
SUSPENSION_STATE_ integer, 
CACHED_ENT_STATE_ integer, 
TENANT_ID_ varchar(255) default &apos;&apos;, 
NAME_ varchar(255), 
LOCK_TIME_ timestamp, 
primary key (ID_) 
)
10:45:10,889 [main] DEBUG org.activiti.engine.impl.db.DbSqlSession  - SQL: create table ACT_RU_JOB ( 
ID_ varchar(64) NOT NULL, 
REV_ integer, 
TYPE_ varchar(255) NOT NULL, 
LOCK_EXP_TIME_ timestamp, 
LOCK_OWNER_ varchar(255), 
EXCLUSIVE_ boolean, 
EXECUTION_ID_ varchar(64), 
PROCESS_INSTANCE_ID_ varchar(64), 
PROC_DEF_ID_ varchar(64), 
RETRIES_ integer, 
EXCEPTION_STACK_ID_ varchar(64), 
EXCEPTION_MSG_ varchar(4000), 
DUEDATE_ timestamp, 
REPEAT_ varchar(255), 
HANDLER_TYPE_ varchar(255), 
HANDLER_CFG_ varchar(4000), 
TENANT_ID_ varchar(255) default &apos;&apos;, 
primary key (ID_) 
)
10:45:10,889 [main] DEBUG org.activiti.engine.impl.db.DbSqlSession  - SQL: create table ACT_RE_PROCDEF ( 
ID_ varchar(64) NOT NULL, 
REV_ integer, 
CATEGORY_ varchar(255), 
NAME_ varchar(255), 
KEY_ varchar(255) NOT NULL, 
VERSION_ integer NOT NULL, 
DEPLOYMENT_ID_ varchar(64), 
RESOURCE_NAME_ varchar(4000), 
DGRM_RESOURCE_NAME_ varchar(4000), 
DESCRIPTION_ varchar(4000), 
HAS_START_FORM_KEY_ bit, 
HAS_GRAPHICAL_NOTATION_ bit, 
SUSPENSION_STATE_ integer, 
TENANT_ID_ varchar(255) default &apos;&apos;, 
primary key (ID_) 
)
10:45:10,889 [main] DEBUG org.activiti.engine.impl.db.DbSqlSession  - SQL: create table ACT_RU_TASK ( 
ID_ varchar(64), 
REV_ integer, 
EXECUTION_ID_ varchar(64), 
PROC_INST_ID_ varchar(64), 
PROC_DEF_ID_ varchar(64), 
NAME_ varchar(255), 
PARENT_TASK_ID_ varchar(64), 
DESCRIPTION_ varchar(4000), 
TASK_DEF_KEY_ varchar(255), 
OWNER_ varchar(255), 
ASSIGNEE_ varchar(255), 
DELEGATION_ varchar(64), 
PRIORITY_ integer, 
CREATE_TIME_ timestamp, 
DUE_DATE_ timestamp, 
CATEGORY_ varchar(255), 
SUSPENSION_STATE_ integer, 
TENANT_ID_ varchar(255) default &apos;&apos;, 
FORM_KEY_ varchar(255), 
primary key (ID_) 
)
10:45:10,889 [main] DEBUG org.activiti.engine.impl.db.DbSqlSession  - SQL: create table ACT_RU_IDENTITYLINK ( 
ID_ varchar(64), 
REV_ integer, 
GROUP_ID_ varchar(255), 
TYPE_ varchar(255), 
USER_ID_ varchar(255), 
TASK_ID_ varchar(64), 
PROC_INST_ID_ varchar(64) null, 
PROC_DEF_ID_ varchar(64), 
primary key (ID_) 
)
10:45:10,889 [main] DEBUG org.activiti.engine.impl.db.DbSqlSession  - SQL: create table ACT_RU_VARIABLE ( 
ID_ varchar(64) not null, 
REV_ integer, 
TYPE_ varchar(255) not null, 
NAME_ varchar(255) not null, 
EXECUTION_ID_ varchar(64), 
PROC_INST_ID_ varchar(64), 
TASK_ID_ varchar(64), 
BYTEARRAY_ID_ varchar(64), 
DOUBLE_ double, 
LONG_ bigint, 
TEXT_ varchar(4000), 
TEXT2_ varchar(4000), 
primary key (ID_) 
)
10:45:10,889 [main] DEBUG org.activiti.engine.impl.db.DbSqlSession  - SQL: create table ACT_RU_EVENT_SUBSCR ( 
ID_ varchar(64) not null, 
REV_ integer, 
EVENT_TYPE_ varchar(255) not null, 
EVENT_NAME_ varchar(255), 
EXECUTION_ID_ varchar(64), 
PROC_INST_ID_ varchar(64), 
ACTIVITY_ID_ varchar(64), 
CONFIGURATION_ varchar(255), 
CREATED_ timestamp not null, 
PROC_DEF_ID_ varchar(64), 
TENANT_ID_ varchar(255) default &apos;&apos;, 
primary key (ID_) 
)
10:45:10,889 [main] DEBUG org.activiti.engine.impl.db.DbSqlSession  - SQL: create table ACT_EVT_LOG ( 
LOG_NR_ identity, 
TYPE_ varchar(64), 
PROC_DEF_ID_ varchar(64), 
PROC_INST_ID_ varchar(64), 
EXECUTION_ID_ varchar(64), 
TASK_ID_ varchar(64), 
TIME_STAMP_ timestamp not null, 
USER_ID_ varchar(255), 
DATA_ longvarbinary, 
LOCK_OWNER_ varchar(255), 
LOCK_TIME_ timestamp, 
IS_PROCESSED_ bit default 0 
)
10:45:10,889 [main] DEBUG org.activiti.engine.impl.db.DbSqlSession  - SQL: create table ACT_PROCDEF_INFO ( 
ID_ varchar(64) not null, 
PROC_DEF_ID_ varchar(64) not null, 
REV_ integer, 
INFO_JSON_ID_ varchar(64), 
primary key (ID_) 
)
10:45:10,889 [main] DEBUG org.activiti.engine.impl.db.DbSqlSession  - SQL: create index ACT_IDX_EXEC_BUSKEY on ACT_RU_EXECUTION(BUSINESS_KEY_)
10:45:10,889 [main] DEBUG org.activiti.engine.impl.db.DbSqlSession  - SQL: create index ACT_IDX_TASK_CREATE on ACT_RU_TASK(CREATE_TIME_)
10:45:10,889 [main] DEBUG org.activiti.engine.impl.db.DbSqlSession  - SQL: create index ACT_IDX_IDENT_LNK_USER on ACT_RU_IDENTITYLINK(USER_ID_)
10:45:10,889 [main] DEBUG org.activiti.engine.impl.db.DbSqlSession  - SQL: create index ACT_IDX_IDENT_LNK_GROUP on ACT_RU_IDENTITYLINK(GROUP_ID_)
10:45:10,889 [main] DEBUG org.activiti.engine.impl.db.DbSqlSession  - SQL: create index ACT_IDX_EVENT_SUBSCR_CONFIG_ on ACT_RU_EVENT_SUBSCR(CONFIGURATION_)
10:45:10,889 [main] DEBUG org.activiti.engine.impl.db.DbSqlSession  - SQL: create index ACT_IDX_VARIABLE_TASK_ID on ACT_RU_VARIABLE(TASK_ID_)
10:45:10,889 [main] DEBUG org.activiti.engine.impl.db.DbSqlSession  - SQL: create index ACT_IDX_ATHRZ_PROCEDEF on ACT_RU_IDENTITYLINK(PROC_DEF_ID_)
10:45:10,889 [main] DEBUG org.activiti.engine.impl.db.DbSqlSession  - SQL: create index ACT_IDX_INFO_PROCDEF on ACT_PROCDEF_INFO(PROC_DEF_ID_)
10:45:10,889 [main] DEBUG org.activiti.engine.impl.db.DbSqlSession  - SQL: alter table ACT_GE_BYTEARRAY 
add constraint ACT_FK_BYTEARR_DEPL 
foreign key (DEPLOYMENT_ID_) 
references ACT_RE_DEPLOYMENT
10:45:10,890 [main] DEBUG org.activiti.engine.impl.db.DbSqlSession  - SQL: alter table ACT_RE_PROCDEF 
add constraint ACT_UNIQ_PROCDEF 
unique (KEY_,VERSION_, TENANT_ID_)
10:45:10,890 [main] DEBUG org.activiti.engine.impl.db.DbSqlSession  - SQL: alter table ACT_RU_EXECUTION 
add constraint ACT_FK_EXE_PROCINST 
foreign key (PROC_INST_ID_) 
references ACT_RU_EXECUTION
10:45:10,890 [main] DEBUG org.activiti.engine.impl.db.DbSqlSession  - SQL: alter table ACT_RU_EXECUTION 
add constraint ACT_FK_EXE_PARENT 
foreign key (PARENT_ID_) 
references ACT_RU_EXECUTION
10:45:10,890 [main] DEBUG org.activiti.engine.impl.db.DbSqlSession  - SQL: alter table ACT_RU_EXECUTION 
add constraint ACT_FK_EXE_SUPER 
foreign key (SUPER_EXEC_) 
references ACT_RU_EXECUTION
10:45:10,890 [main] DEBUG org.activiti.engine.impl.db.DbSqlSession  - SQL: alter table ACT_RU_EXECUTION 
add constraint ACT_FK_EXE_PROCDEF 
foreign key (PROC_DEF_ID_) 
references ACT_RE_PROCDEF (ID_)
10:45:10,890 [main] DEBUG org.activiti.engine.impl.db.DbSqlSession  - SQL: alter table ACT_RU_IDENTITYLINK 
add constraint ACT_FK_TSKASS_TASK 
foreign key (TASK_ID_) 
references ACT_RU_TASK
10:45:10,890 [main] DEBUG org.activiti.engine.impl.db.DbSqlSession  - SQL: alter table ACT_RU_IDENTITYLINK 
add constraint ACT_FK_ATHRZ_PROCEDEF 
foreign key (PROC_DEF_ID_) 
references ACT_RE_PROCDEF
10:45:10,890 [main] DEBUG org.activiti.engine.impl.db.DbSqlSession  - SQL: alter table ACT_RU_IDENTITYLINK 
add constraint ACT_FK_IDL_PROCINST 
foreign key (PROC_INST_ID_) 
references ACT_RU_EXECUTION (ID_)
10:45:10,890 [main] DEBUG org.activiti.engine.impl.db.DbSqlSession  - SQL: alter table ACT_RU_TASK 
add constraint ACT_FK_TASK_EXE 
foreign key (EXECUTION_ID_) 
references ACT_RU_EXECUTION
10:45:10,890 [main] DEBUG org.activiti.engine.impl.db.DbSqlSession  - SQL: alter table ACT_RU_TASK 
add constraint ACT_FK_TASK_PROCINST 
foreign key (PROC_INST_ID_) 
references ACT_RU_EXECUTION
10:45:10,890 [main] DEBUG org.activiti.engine.impl.db.DbSqlSession  - SQL: alter table ACT_RU_TASK 
add constraint ACT_FK_TASK_PROCDEF 
foreign key (PROC_DEF_ID_) 
references ACT_RE_PROCDEF
10:45:10,890 [main] DEBUG org.activiti.engine.impl.db.DbSqlSession  - SQL: alter table ACT_RU_VARIABLE 
add constraint ACT_FK_VAR_EXE 
foreign key (EXECUTION_ID_) 
references ACT_RU_EXECUTION
10:45:10,890 [main] DEBUG org.activiti.engine.impl.db.DbSqlSession  - SQL: alter table ACT_RU_VARIABLE 
add constraint ACT_FK_VAR_PROCINST 
foreign key (PROC_INST_ID_) 
references ACT_RU_EXECUTION
10:45:10,890 [main] DEBUG org.activiti.engine.impl.db.DbSqlSession  - SQL: alter table ACT_RU_VARIABLE 
add constraint ACT_FK_VAR_BYTEARRAY 
foreign key (BYTEARRAY_ID_) 
references ACT_GE_BYTEARRAY
10:45:10,891 [main] DEBUG org.activiti.engine.impl.db.DbSqlSession  - SQL: alter table ACT_RU_JOB 
add constraint ACT_FK_JOB_EXCEPTION 
foreign key (EXCEPTION_STACK_ID_) 
references ACT_GE_BYTEARRAY
10:45:10,891 [main] DEBUG org.activiti.engine.impl.db.DbSqlSession  - SQL: alter table ACT_RU_EVENT_SUBSCR 
add constraint ACT_FK_EVENT_EXEC 
foreign key (EXECUTION_ID_) 
references ACT_RU_EXECUTION
10:45:10,891 [main] DEBUG org.activiti.engine.impl.db.DbSqlSession  - SQL: alter table ACT_RE_MODEL 
add constraint ACT_FK_MODEL_SOURCE 
foreign key (EDITOR_SOURCE_VALUE_ID_) 
references ACT_GE_BYTEARRAY (ID_)
10:45:10,891 [main] DEBUG org.activiti.engine.impl.db.DbSqlSession  - SQL: alter table ACT_RE_MODEL 
add constraint ACT_FK_MODEL_SOURCE_EXTRA 
foreign key (EDITOR_SOURCE_EXTRA_VALUE_ID_) 
references ACT_GE_BYTEARRAY (ID_)
10:45:10,891 [main] DEBUG org.activiti.engine.impl.db.DbSqlSession  - SQL: alter table ACT_RE_MODEL 
add constraint ACT_FK_MODEL_DEPLOYMENT 
foreign key (DEPLOYMENT_ID_) 
references ACT_RE_DEPLOYMENT (ID_)
10:45:10,891 [main] DEBUG org.activiti.engine.impl.db.DbSqlSession  - SQL: alter table ACT_PROCDEF_INFO 
add constraint ACT_FK_INFO_JSON_BA 
foreign key (INFO_JSON_ID_) 
references ACT_GE_BYTEARRAY (ID_)
10:45:10,891 [main] DEBUG org.activiti.engine.impl.db.DbSqlSession  - SQL: alter table ACT_PROCDEF_INFO 
add constraint ACT_FK_INFO_PROCDEF 
foreign key (PROC_DEF_ID_) 
references ACT_RE_PROCDEF (ID_)
10:45:10,891 [main] DEBUG org.activiti.engine.impl.db.DbSqlSession  - SQL: alter table ACT_PROCDEF_INFO 
add constraint ACT_UNIQ_INFO_PROCDEF 
unique (PROC_DEF_ID_)
10:45:10,891 [main] DEBUG org.activiti.engine.impl.db.DbSqlSession  - activiti db schema create for component engine successful
10:45:10,891 [main] INFO  org.activiti.engine.impl.db.DbSqlSession  - performing create on history with resource org/activiti/db/create/activiti.h2.create.history.sql
10:45:10,891 [main] DEBUG org.activiti.engine.impl.db.DbSqlSession  - SQL: create table ACT_HI_PROCINST ( 
ID_ varchar(64) not null, 
PROC_INST_ID_ varchar(64) not null, 
BUSINESS_KEY_ varchar(255), 
PROC_DEF_ID_ varchar(64) not null, 
START_TIME_ timestamp not null, 
END_TIME_ timestamp, 
DURATION_ bigint, 
START_USER_ID_ varchar(255), 
START_ACT_ID_ varchar(255), 
END_ACT_ID_ varchar(255), 
SUPER_PROCESS_INSTANCE_ID_ varchar(64), 
DELETE_REASON_ varchar(4000), 
TENANT_ID_ varchar(255) default &apos;&apos;, 
NAME_ varchar(255), 
primary key (ID_), 
unique (PROC_INST_ID_) 
)
10:45:10,891 [main] DEBUG org.activiti.engine.impl.db.DbSqlSession  - SQL: create table ACT_HI_ACTINST ( 
ID_ varchar(64) not null, 
PROC_DEF_ID_ varchar(64) not null, 
PROC_INST_ID_ varchar(64) not null, 
EXECUTION_ID_ varchar(64) not null, 
ACT_ID_ varchar(255) not null, 
TASK_ID_ varchar(64), 
CALL_PROC_INST_ID_ varchar(64), 
ACT_NAME_ varchar(255), 
ACT_TYPE_ varchar(255) not null, 
ASSIGNEE_ varchar(255), 
START_TIME_ timestamp not null, 
END_TIME_ timestamp, 
DURATION_ bigint, 
TENANT_ID_ varchar(255) default &apos;&apos;, 
primary key (ID_) 
)
10:45:10,891 [main] DEBUG org.activiti.engine.impl.db.DbSqlSession  - SQL: create table ACT_HI_TASKINST ( 
ID_ varchar(64) not null, 
PROC_DEF_ID_ varchar(64), 
TASK_DEF_KEY_ varchar(255), 
PROC_INST_ID_ varchar(64), 
EXECUTION_ID_ varchar(64), 
NAME_ varchar(255), 
PARENT_TASK_ID_ varchar(64), 
DESCRIPTION_ varchar(4000), 
OWNER_ varchar(255), 
ASSIGNEE_ varchar(255), 
START_TIME_ timestamp not null, 
CLAIM_TIME_ timestamp, 
END_TIME_ timestamp, 
DURATION_ bigint, 
DELETE_REASON_ varchar(4000), 
PRIORITY_ integer, 
DUE_DATE_ timestamp, 
FORM_KEY_ varchar(255), 
CATEGORY_ varchar(255), 
TENANT_ID_ varchar(255) default &apos;&apos;, 
primary key (ID_) 
)
10:45:10,891 [main] DEBUG org.activiti.engine.impl.db.DbSqlSession  - SQL: create table ACT_HI_VARINST ( 
ID_ varchar(64) not null, 
PROC_INST_ID_ varchar(64), 
EXECUTION_ID_ varchar(64), 
TASK_ID_ varchar(64), 
NAME_ varchar(255) not null, 
VAR_TYPE_ varchar(100), 
REV_ integer, 
BYTEARRAY_ID_ varchar(64), 
DOUBLE_ double, 
LONG_ bigint, 
TEXT_ varchar(4000), 
TEXT2_ varchar(4000), 
CREATE_TIME_ timestamp, 
LAST_UPDATED_TIME_ timestamp, 
primary key (ID_) 
)
10:45:10,891 [main] DEBUG org.activiti.engine.impl.db.DbSqlSession  - SQL: create table ACT_HI_DETAIL ( 
ID_ varchar(64) not null, 
TYPE_ varchar(255) not null, 
TIME_ timestamp not null, 
NAME_ varchar(255), 
PROC_INST_ID_ varchar(64), 
EXECUTION_ID_ varchar(64), 
TASK_ID_ varchar(64), 
ACT_INST_ID_ varchar(64), 
VAR_TYPE_ varchar(255), 
REV_ integer, 
BYTEARRAY_ID_ varchar(64), 
DOUBLE_ double, 
LONG_ bigint, 
TEXT_ varchar(4000), 
TEXT2_ varchar(4000), 
primary key (ID_) 
)
10:45:10,891 [main] DEBUG org.activiti.engine.impl.db.DbSqlSession  - SQL: create table ACT_HI_COMMENT ( 
ID_ varchar(64) not null, 
TYPE_ varchar(255), 
TIME_ timestamp not null, 
USER_ID_ varchar(255), 
TASK_ID_ varchar(64), 
PROC_INST_ID_ varchar(64), 
ACTION_ varchar(255), 
MESSAGE_ varchar(4000), 
FULL_MSG_ longvarbinary, 
primary key (ID_) 
)
10:45:10,891 [main] DEBUG org.activiti.engine.impl.db.DbSqlSession  - SQL: create table ACT_HI_ATTACHMENT ( 
ID_ varchar(64) not null, 
REV_ integer, 
USER_ID_ varchar(255), 
NAME_ varchar(255), 
DESCRIPTION_ varchar(4000), 
TYPE_ varchar(255), 
TASK_ID_ varchar(64), 
PROC_INST_ID_ varchar(64), 
URL_ varchar(4000), 
CONTENT_ID_ varchar(64), 
TIME_ timestamp, 
primary key (ID_) 
)
10:45:10,891 [main] DEBUG org.activiti.engine.impl.db.DbSqlSession  - SQL: create table ACT_HI_IDENTITYLINK ( 
ID_ varchar(64), 
GROUP_ID_ varchar(255), 
TYPE_ varchar(255), 
USER_ID_ varchar(255), 
TASK_ID_ varchar(64), 
PROC_INST_ID_ varchar(64) null, 
primary key (ID_) 
)
10:45:10,892 [main] DEBUG org.activiti.engine.impl.db.DbSqlSession  - SQL: create index ACT_IDX_HI_PRO_INST_END on ACT_HI_PROCINST(END_TIME_)
10:45:10,892 [main] DEBUG org.activiti.engine.impl.db.DbSqlSession  - SQL: create index ACT_IDX_HI_PRO_I_BUSKEY on ACT_HI_PROCINST(BUSINESS_KEY_)
10:45:10,892 [main] DEBUG org.activiti.engine.impl.db.DbSqlSession  - SQL: create index ACT_IDX_HI_ACT_INST_START on ACT_HI_ACTINST(START_TIME_)
10:45:10,892 [main] DEBUG org.activiti.engine.impl.db.DbSqlSession  - SQL: create index ACT_IDX_HI_ACT_INST_END on ACT_HI_ACTINST(END_TIME_)
10:45:10,892 [main] DEBUG org.activiti.engine.impl.db.DbSqlSession  - SQL: create index ACT_IDX_HI_DETAIL_PROC_INST on ACT_HI_DETAIL(PROC_INST_ID_)
10:45:10,892 [main] DEBUG org.activiti.engine.impl.db.DbSqlSession  - SQL: create index ACT_IDX_HI_DETAIL_ACT_INST on ACT_HI_DETAIL(ACT_INST_ID_)
10:45:10,892 [main] DEBUG org.activiti.engine.impl.db.DbSqlSession  - SQL: create index ACT_IDX_HI_DETAIL_TIME on ACT_HI_DETAIL(TIME_)
10:45:10,892 [main] DEBUG org.activiti.engine.impl.db.DbSqlSession  - SQL: create index ACT_IDX_HI_DETAIL_NAME on ACT_HI_DETAIL(NAME_)
10:45:10,892 [main] DEBUG org.activiti.engine.impl.db.DbSqlSession  - SQL: create index ACT_IDX_HI_DETAIL_TASK_ID on ACT_HI_DETAIL(TASK_ID_)
10:45:10,892 [main] DEBUG org.activiti.engine.impl.db.DbSqlSession  - SQL: create index ACT_IDX_HI_PROCVAR_PROC_INST on ACT_HI_VARINST(PROC_INST_ID_)
10:45:10,892 [main] DEBUG org.activiti.engine.impl.db.DbSqlSession  - SQL: create index ACT_IDX_HI_PROCVAR_NAME_TYPE on ACT_HI_VARINST(NAME_, VAR_TYPE_)
10:45:10,892 [main] DEBUG org.activiti.engine.impl.db.DbSqlSession  - SQL: create index ACT_IDX_HI_PROCVAR_TASK_ID on ACT_HI_VARINST(TASK_ID_)
10:45:10,892 [main] DEBUG org.activiti.engine.impl.db.DbSqlSession  - SQL: create index ACT_IDX_HI_ACT_INST_PROCINST on ACT_HI_ACTINST(PROC_INST_ID_, ACT_ID_)
10:45:10,892 [main] DEBUG org.activiti.engine.impl.db.DbSqlSession  - SQL: create index ACT_IDX_HI_IDENT_LNK_USER on ACT_HI_IDENTITYLINK(USER_ID_)
10:45:10,892 [main] DEBUG org.activiti.engine.impl.db.DbSqlSession  - SQL: create index ACT_IDX_HI_IDENT_LNK_TASK on ACT_HI_IDENTITYLINK(TASK_ID_)
10:45:10,892 [main] DEBUG org.activiti.engine.impl.db.DbSqlSession  - SQL: create index ACT_IDX_HI_IDENT_LNK_PROCINST on ACT_HI_IDENTITYLINK(PROC_INST_ID_)
10:45:10,892 [main] DEBUG org.activiti.engine.impl.db.DbSqlSession  - SQL: create index ACT_IDX_HI_ACT_INST_EXEC on ACT_HI_ACTINST(EXECUTION_ID_, ACT_ID_)
10:45:10,892 [main] DEBUG org.activiti.engine.impl.db.DbSqlSession  - SQL: create index ACT_IDX_HI_TASK_INST_PROCINST on ACT_HI_TASKINST(PROC_INST_ID_)
10:45:10,892 [main] DEBUG org.activiti.engine.impl.db.DbSqlSession  - activiti db schema create for component history successful
10:45:10,892 [main] INFO  org.activiti.engine.impl.db.DbSqlSession  - performing create on identity with resource org/activiti/db/create/activiti.h2.create.identity.sql
10:45:10,892 [main] DEBUG org.activiti.engine.impl.db.DbSqlSession  - SQL: create table ACT_ID_GROUP ( 
ID_ varchar(64), 
REV_ integer, 
NAME_ varchar(255), 
TYPE_ varchar(255), 
primary key (ID_) 
)
10:45:10,892 [main] DEBUG org.activiti.engine.impl.db.DbSqlSession  - SQL: create table ACT_ID_MEMBERSHIP ( 
USER_ID_ varchar(64), 
GROUP_ID_ varchar(64), 
primary key (USER_ID_, GROUP_ID_) 
)
10:45:10,892 [main] DEBUG org.activiti.engine.impl.db.DbSqlSession  - SQL: create table ACT_ID_USER ( 
ID_ varchar(64), 
REV_ integer, 
FIRST_ varchar(255), 
LAST_ varchar(255), 
EMAIL_ varchar(255), 
PWD_ varchar(255), 
PICTURE_ID_ varchar(64), 
primary key (ID_) 
)
10:45:10,892 [main] DEBUG org.activiti.engine.impl.db.DbSqlSession  - SQL: create table ACT_ID_INFO ( 
ID_ varchar(64), 
REV_ integer, 
USER_ID_ varchar(64), 
TYPE_ varchar(64), 
KEY_ varchar(255), 
VALUE_ varchar(255), 
PASSWORD_ longvarbinary, 
PARENT_ID_ varchar(255), 
primary key (ID_) 
)
10:45:10,892 [main] DEBUG org.activiti.engine.impl.db.DbSqlSession  - SQL: alter table ACT_ID_MEMBERSHIP 
add constraint ACT_FK_MEMB_GROUP 
foreign key (GROUP_ID_) 
references ACT_ID_GROUP
10:45:10,892 [main] DEBUG org.activiti.engine.impl.db.DbSqlSession  - SQL: alter table ACT_ID_MEMBERSHIP 
add constraint ACT_FK_MEMB_USER 
foreign key (USER_ID_) 
references ACT_ID_USER
10:45:10,892 [main] DEBUG org.activiti.engine.impl.db.DbSqlSession  - activiti db schema create for component identity successful
10:45:10,892 [main] DEBUG org.activiti.engine.impl.db.DbSqlSession  - flush summary: 0 insert, 0 update, 0 delete.
10:45:10,892 [main] DEBUG org.activiti.engine.impl.db.DbSqlSession  - now executing flush...
10:45:10,892 [main] DEBUG org.activiti.engine.impl.cfg.standalone.StandaloneMybatisTransactionContext  - firing event committing...
10:45:10,892 [main] DEBUG org.activiti.engine.impl.cfg.standalone.StandaloneMybatisTransactionContext  - committing the ibatis sql session...
10:45:10,892 [main] DEBUG org.activiti.engine.impl.cfg.standalone.StandaloneMybatisTransactionContext  - firing event committed...
10:45:10,892 [main] DEBUG org.apache.ibatis.transaction.jdbc.JdbcTransaction  - Resetting autocommit to true on JDBC Connection [conn2: url=jdbc:h2:mem:activiti user=SA]
10:45:10,892 [main] DEBUG org.apache.ibatis.transaction.jdbc.JdbcTransaction  - Closing JDBC Connection [conn2: url=jdbc:h2:mem:activiti user=SA]
10:45:10,892 [main] DEBUG org.apache.ibatis.datasource.pooled.PooledDataSource  - Returned connection 363509958 to pool.
10:45:10,892 [main] DEBUG org.activiti.engine.impl.interceptor.LogInterceptor  - ---  finished --------------------------------------------------------
10:45:10,892 [main] DEBUG org.activiti.engine.impl.interceptor.LogInterceptor  - 

</system-out>
  </testcase>
  <testcase classname="org.activiti.engine.test.api.task.SubTaskQueryTest" name="testQueryByAssigneeExcludeSubtasksOrderedAndPaginated" time="0.019">
    <error message="
### Error querying database.  Cause: org.h2.jdbc.JdbcSQLException: Syntax error in SQL statement &quot;SELECT DISTINCT RES.* 
       
    FROM ACT_RU_TASK RES
     
     
     
     
    
     
     
     
     WHERE  RES.ASSIGNEE_ = ? 
   
    
     ORDER BY  ORDER[*] BY RES.CREATE_TIME_ ASC  
    LIMIT ? OFFSET ? &quot;; expected &quot;=, NOT, EXISTS, INTERSECTS, SELECT, FROM&quot;; SQL statement:
select distinct RES.* 
       
    from ACT_RU_TASK RES
     
     
     
     
    
     
     
     
     WHERE  RES.ASSIGNEE_ = ? 
   
    
     order by  order by RES.CREATE_TIME_ asc  
    LIMIT ? OFFSET ? [42001-176]
### The error may exist in org/activiti/db/mapping/entity/Task.xml
### The error may involve org.activiti.engine.impl.persistence.entity.TaskEntity.selectTaskByQueryCriteria
### The error occurred while executing a query
### SQL: select distinct RES.*              from ACT_RU_TASK RES                                                     WHERE  RES.ASSIGNEE_ = ?                order by  order by RES.CREATE_TIME_ asc       LIMIT ? OFFSET ?
### Cause: org.h2.jdbc.JdbcSQLException: Syntax error in SQL statement &quot;SELECT DISTINCT RES.* 
       
    FROM ACT_RU_TASK RES
     
     
     
     
    
     
     
     
     WHERE  RES.ASSIGNEE_ = ? 
   
    
     ORDER BY  ORDER[*] BY RES.CREATE_TIME_ ASC  
    LIMIT ? OFFSET ? &quot;; expected &quot;=, NOT, EXISTS, INTERSECTS, SELECT, FROM&quot;; SQL statement:
select distinct RES.* 
       
    from ACT_RU_TASK RES
     
     
     
     
    
     
     
     
     WHERE  RES.ASSIGNEE_ = ? 
   
    
     order by  order by RES.CREATE_TIME_ asc  
    LIMIT ? OFFSET ? [42001-176]" type="org.apache.ibatis.exceptions.PersistenceException">org.apache.ibatis.exceptions.PersistenceException: 
### Error querying database.  Cause: org.h2.jdbc.JdbcSQLException: Syntax error in SQL statement &quot;SELECT DISTINCT RES.* 
       
    FROM ACT_RU_TASK RES
     
     
     
     
    
     
     
     
     WHERE  RES.ASSIGNEE_ = ? 
   
    
     ORDER BY  ORDER[*] BY RES.CREATE_TIME_ ASC  
    LIMIT ? OFFSET ? &quot;; expected &quot;=, NOT, EXISTS, INTERSECTS, SELECT, FROM&quot;; SQL statement:
select distinct RES.* 
       
    from ACT_RU_TASK RES
     
     
     
     
    
     
     
     
     WHERE  RES.ASSIGNEE_ = ? 
   
    
     order by  order by RES.CREATE_TIME_ asc  
    LIMIT ? OFFSET ? [42001-176]
### The error may exist in org/activiti/db/mapping/entity/Task.xml
### The error may involve org.activiti.engine.impl.persistence.entity.TaskEntity.selectTaskByQueryCriteria
### The error occurred while executing a query
### SQL: select distinct RES.*              from ACT_RU_TASK RES                                                     WHERE  RES.ASSIGNEE_ = ?                order by  order by RES.CREATE_TIME_ asc       LIMIT ? OFFSET ?
### Cause: org.h2.jdbc.JdbcSQLException: Syntax error in SQL statement &quot;SELECT DISTINCT RES.* 
       
    FROM ACT_RU_TASK RES
     
     
     
     
    
     
     
     
     WHERE  RES.ASSIGNEE_ = ? 
   
    
     ORDER BY  ORDER[*] BY RES.CREATE_TIME_ ASC  
    LIMIT ? OFFSET ? &quot;; expected &quot;=, NOT, EXISTS, INTERSECTS, SELECT, FROM&quot;; SQL statement:
select distinct RES.* 
       
    from ACT_RU_TASK RES
     
     
     
     
    
     
     
     
     WHERE  RES.ASSIGNEE_ = ? 
   
    
     order by  order by RES.CREATE_TIME_ asc  
    LIMIT ? OFFSET ? [42001-176]
	at org.apache.ibatis.exceptions.ExceptionFactory.wrapException(ExceptionFactory.java:30)
	at org.apache.ibatis.session.defaults.DefaultSqlSession.selectList(DefaultSqlSession.java:122)
	at org.apache.ibatis.session.defaults.DefaultSqlSession.selectList(DefaultSqlSession.java:113)
	at org.activiti.engine.impl.db.DbSqlSession.selectListWithRawParameter(DbSqlSession.java:438)
	at org.activiti.engine.impl.db.DbSqlSession.selectList(DbSqlSession.java:429)
	at org.activiti.engine.impl.persistence.entity.TaskEntityManager.findTasksByQueryCriteria(TaskEntityManager.java:135)
	at org.activiti.engine.impl.TaskQueryImpl.executeList(TaskQueryImpl.java:1256)
	at org.activiti.engine.impl.AbstractQuery.execute(AbstractQuery.java:168)
	at org.activiti.engine.impl.interceptor.CommandInvoker.execute(CommandInvoker.java:24)
	at org.activiti.engine.impl.interceptor.CommandContextInterceptor.execute(CommandContextInterceptor.java:57)
	at org.activiti.engine.impl.interceptor.LogInterceptor.execute(LogInterceptor.java:37)
	at org.activiti.engine.impl.cfg.CommandExecutorImpl.execute(CommandExecutorImpl.java:40)
	at org.activiti.engine.impl.cfg.CommandExecutorImpl.execute(CommandExecutorImpl.java:35)
	at org.activiti.engine.impl.AbstractQuery.listPage(AbstractQuery.java:149)
	at org.activiti.engine.test.api.task.SubTaskQueryTest.testQueryByAssigneeExcludeSubtasksOrderedAndPaginated(SubTaskQueryTest.java:193)
	at sun.reflect.NativeMethodAccessorImpl.invoke0(Native Method)
	at sun.reflect.NativeMethodAccessorImpl.invoke(NativeMethodAccessorImpl.java:62)
	at sun.reflect.DelegatingMethodAccessorImpl.invoke(DelegatingMethodAccessorImpl.java:43)
	at java.lang.reflect.Method.invoke(Method.java:498)
	at junit.framework.TestCase.runTest(TestCase.java:176)
	at org.activiti.engine.impl.test.PvmTestCase.runTest(PvmTestCase.java:65)
	at junit.framework.TestCase.runBare(TestCase.java:141)
	at org.activiti.engine.impl.test.AbstractActivitiTestCase.runBare(AbstractActivitiTestCase.java:100)
	at junit.framework.TestResult$1.protect(TestResult.java:122)
	at junit.framework.TestResult.runProtected(TestResult.java:142)
	at junit.framework.TestResult.run(TestResult.java:125)
	at junit.framework.TestCase.run(TestCase.java:129)
	at junit.framework.TestSuite.runTest(TestSuite.java:255)
	at junit.framework.TestSuite.run(TestSuite.java:250)
	at org.junit.internal.runners.JUnit38ClassRunner.run(JUnit38ClassRunner.java:84)
	at org.apache.maven.surefire.junit4.JUnit4TestSet.execute(JUnit4TestSet.java:35)
	at org.apache.maven.surefire.junit4.JUnit4Provider.executeTestSet(JUnit4Provider.java:146)
	at org.apache.maven.surefire.junit4.JUnit4Provider.invoke(JUnit4Provider.java:97)
	at sun.reflect.NativeMethodAccessorImpl.invoke0(Native Method)
	at sun.reflect.NativeMethodAccessorImpl.invoke(NativeMethodAccessorImpl.java:62)
	at sun.reflect.DelegatingMethodAccessorImpl.invoke(DelegatingMethodAccessorImpl.java:43)
	at java.lang.reflect.Method.invoke(Method.java:498)
	at org.apache.maven.surefire.booter.ProviderFactory$ClassLoaderProxy.invoke(ProviderFactory.java:103)
	at com.sun.proxy.$Proxy0.invoke(Unknown Source)
	at org.apache.maven.surefire.booter.SurefireStarter.invokeProvider(SurefireStarter.java:145)
	at org.apache.maven.surefire.booter.SurefireStarter.runSuitesInProcess(SurefireStarter.java:87)
	at org.apache.maven.surefire.booter.ForkedBooter.main(ForkedBooter.java:69)
Caused by: org.h2.jdbc.JdbcSQLException: Syntax error in SQL statement &quot;SELECT DISTINCT RES.* 
       
    FROM ACT_RU_TASK RES
     
     
     
     
    
     
     
     
     WHERE  RES.ASSIGNEE_ = ? 
   
    
     ORDER BY  ORDER[*] BY RES.CREATE_TIME_ ASC  
    LIMIT ? OFFSET ? &quot;; expected &quot;=, NOT, EXISTS, INTERSECTS, SELECT, FROM&quot;; SQL statement:
select distinct RES.* 
       
    from ACT_RU_TASK RES
     
     
     
     
    
     
     
     
     WHERE  RES.ASSIGNEE_ = ? 
   
    
     order by  order by RES.CREATE_TIME_ asc  
    LIMIT ? OFFSET ? [42001-176]
	at org.h2.message.DbException.getJdbcSQLException(DbException.java:344)
	at org.h2.message.DbException.getSyntaxError(DbException.java:204)
	at org.h2.command.Parser.getSyntaxError(Parser.java:524)
	at org.h2.command.Parser.readTerm(Parser.java:2688)
	at org.h2.command.Parser.readFactor(Parser.java:2244)
	at org.h2.command.Parser.readSum(Parser.java:2231)
	at org.h2.command.Parser.readConcat(Parser.java:2201)
	at org.h2.command.Parser.readCondition(Parser.java:2051)
	at org.h2.command.Parser.readAnd(Parser.java:2023)
	at org.h2.command.Parser.readExpression(Parser.java:2015)
	at org.h2.command.Parser.parseEndOfQuery(Parser.java:1726)
	at org.h2.command.Parser.parseSelectUnionExtension(Parser.java:1706)
	at org.h2.command.Parser.parseSelectUnion(Parser.java:1675)
	at org.h2.command.Parser.parseSelect(Parser.java:1662)
	at org.h2.command.Parser.parsePrepared(Parser.java:434)
	at org.h2.command.Parser.parse(Parser.java:306)
	at org.h2.command.Parser.parse(Parser.java:282)
	at org.h2.command.Parser.prepareCommand(Parser.java:243)
	at org.h2.engine.Session.prepareLocal(Session.java:442)
	at org.h2.engine.Session.prepareCommand(Session.java:384)
	at org.h2.jdbc.JdbcConnection.prepareCommand(JdbcConnection.java:1188)
	at org.h2.jdbc.JdbcPreparedStatement.&lt;init&gt;(JdbcPreparedStatement.java:73)
	at org.h2.jdbc.JdbcConnection.prepareStatement(JdbcConnection.java:276)
	at sun.reflect.GeneratedMethodAccessor6.invoke(Unknown Source)
	at sun.reflect.DelegatingMethodAccessorImpl.invoke(DelegatingMethodAccessorImpl.java:43)
	at java.lang.reflect.Method.invoke(Method.java:498)
	at org.apache.ibatis.datasource.pooled.PooledConnection.invoke(PooledConnection.java:245)
	at com.sun.proxy.$Proxy12.prepareStatement(Unknown Source)
	at sun.reflect.GeneratedMethodAccessor6.invoke(Unknown Source)
	at sun.reflect.DelegatingMethodAccessorImpl.invoke(DelegatingMethodAccessorImpl.java:43)
	at java.lang.reflect.Method.invoke(Method.java:498)
	at org.apache.ibatis.logging.jdbc.ConnectionLogger.invoke(ConnectionLogger.java:55)
	at com.sun.proxy.$Proxy12.prepareStatement(Unknown Source)
	at org.apache.ibatis.executor.statement.PreparedStatementHandler.instantiateStatement(PreparedStatementHandler.java:79)
	at org.apache.ibatis.executor.statement.BaseStatementHandler.prepare(BaseStatementHandler.java:88)
	at org.apache.ibatis.executor.statement.RoutingStatementHandler.prepare(RoutingStatementHandler.java:58)
	at org.apache.ibatis.executor.SimpleExecutor.prepareStatement(SimpleExecutor.java:76)
	at org.apache.ibatis.executor.SimpleExecutor.doQuery(SimpleExecutor.java:61)
	at org.apache.ibatis.executor.BaseExecutor.queryFromDatabase(BaseExecutor.java:303)
	at org.apache.ibatis.executor.BaseExecutor.query(BaseExecutor.java:154)
	at org.apache.ibatis.executor.CachingExecutor.query(CachingExecutor.java:102)
	at org.apache.ibatis.executor.CachingExecutor.query(CachingExecutor.java:82)
	at org.apache.ibatis.session.defaults.DefaultSqlSession.selectList(DefaultSqlSession.java:120)
	... 40 more
</error>
    <system-out>10:45:10,893 [main] DEBUG org.activiti.engine.impl.interceptor.LogInterceptor  - 

10:45:10,893 [main] DEBUG org.activiti.engine.impl.interceptor.LogInterceptor  - --- starting CreateUserCmd --------------------------------------------------------
10:45:10,893 [main] DEBUG org.activiti.engine.impl.cfg.standalone.StandaloneMybatisTransactionContext  - firing event committing...
10:45:10,893 [main] DEBUG org.activiti.engine.impl.cfg.standalone.StandaloneMybatisTransactionContext  - committing the ibatis sql session...
10:45:10,893 [main] DEBUG org.activiti.engine.impl.cfg.standalone.StandaloneMybatisTransactionContext  - firing event committed...
10:45:10,893 [main] DEBUG org.activiti.engine.impl.interceptor.LogInterceptor  - --- CreateUserCmd finished --------------------------------------------------------
10:45:10,893 [main] DEBUG org.activiti.engine.impl.interceptor.LogInterceptor  - 

10:45:10,893 [main] DEBUG org.activiti.engine.impl.interceptor.LogInterceptor  - 

10:45:10,893 [main] DEBUG org.activiti.engine.impl.interceptor.LogInterceptor  - --- starting SaveUserCmd --------------------------------------------------------
10:45:10,893 [main] DEBUG org.activiti.engine.impl.db.DbSqlSession  -   insert org.activiti.engine.impl.persistence.entity.UserEntity@75f579d2
10:45:10,893 [main] DEBUG org.activiti.engine.impl.db.DbSqlSession  - flush summary: 1 insert, 0 update, 0 delete.
10:45:10,893 [main] DEBUG org.activiti.engine.impl.db.DbSqlSession  - now executing flush...
10:45:10,893 [main] DEBUG org.activiti.engine.impl.db.DbSqlSession  - inserting: org.activiti.engine.impl.persistence.entity.UserEntity@75f579d2
10:45:10,893 [main] DEBUG org.apache.ibatis.transaction.jdbc.JdbcTransaction  - Opening JDBC Connection
10:45:10,893 [main] DEBUG org.apache.ibatis.datasource.pooled.PooledDataSource  - Checked out connection 297240765 from pool.
10:45:10,893 [main] DEBUG org.apache.ibatis.transaction.jdbc.JdbcTransaction  - Setting autocommit to false on JDBC Connection [conn4: url=jdbc:h2:mem:activiti user=SA]
10:45:10,893 [main] DEBUG org.activiti.engine.impl.persistence.entity.UserEntity.insertUser  - ==&gt;  Preparing: insert into ACT_ID_USER (ID_, REV_, FIRST_, LAST_, EMAIL_, PWD_) values ( ?, 1, ?, ?, ?, ? ) 
10:45:10,893 [main] DEBUG org.activiti.engine.impl.persistence.entity.UserEntity.insertUser  - ==&gt; Parameters: kermit(String), null, null, null, null
10:45:10,893 [main] DEBUG org.activiti.engine.impl.persistence.entity.UserEntity.insertUser  - &lt;==    Updates: 1
10:45:10,893 [main] DEBUG org.activiti.engine.impl.cfg.standalone.StandaloneMybatisTransactionContext  - firing event committing...
10:45:10,893 [main] DEBUG org.activiti.engine.impl.cfg.standalone.StandaloneMybatisTransactionContext  - committing the ibatis sql session...
10:45:10,893 [main] DEBUG org.apache.ibatis.transaction.jdbc.JdbcTransaction  - Committing JDBC Connection [conn4: url=jdbc:h2:mem:activiti user=SA]
10:45:10,893 [main] DEBUG org.activiti.engine.impl.cfg.standalone.StandaloneMybatisTransactionContext  - firing event committed...
10:45:10,893 [main] DEBUG org.apache.ibatis.transaction.jdbc.JdbcTransaction  - Resetting autocommit to true on JDBC Connection [conn4: url=jdbc:h2:mem:activiti user=SA]
10:45:10,893 [main] DEBUG org.apache.ibatis.transaction.jdbc.JdbcTransaction  - Closing JDBC Connection [conn4: url=jdbc:h2:mem:activiti user=SA]
10:45:10,893 [main] DEBUG org.apache.ibatis.datasource.pooled.PooledDataSource  - Returned connection 297240765 to pool.
10:45:10,893 [main] DEBUG org.activiti.engine.impl.interceptor.LogInterceptor  - --- SaveUserCmd finished --------------------------------------------------------
10:45:10,893 [main] DEBUG org.activiti.engine.impl.interceptor.LogInterceptor  - 

10:45:10,893 [main] DEBUG org.activiti.engine.impl.interceptor.LogInterceptor  - 

10:45:10,893 [main] DEBUG org.activiti.engine.impl.interceptor.LogInterceptor  - --- starting CreateUserCmd --------------------------------------------------------
10:45:10,893 [main] DEBUG org.activiti.engine.impl.cfg.standalone.StandaloneMybatisTransactionContext  - firing event committing...
10:45:10,893 [main] DEBUG org.activiti.engine.impl.cfg.standalone.StandaloneMybatisTransactionContext  - committing the ibatis sql session...
10:45:10,893 [main] DEBUG org.activiti.engine.impl.cfg.standalone.StandaloneMybatisTransactionContext  - firing event committed...
10:45:10,893 [main] DEBUG org.activiti.engine.impl.interceptor.LogInterceptor  - --- CreateUserCmd finished --------------------------------------------------------
10:45:10,893 [main] DEBUG org.activiti.engine.impl.interceptor.LogInterceptor  - 

10:45:10,893 [main] DEBUG org.activiti.engine.impl.interceptor.LogInterceptor  - 

10:45:10,893 [main] DEBUG org.activiti.engine.impl.interceptor.LogInterceptor  - --- starting SaveUserCmd --------------------------------------------------------
10:45:10,893 [main] DEBUG org.activiti.engine.impl.db.DbSqlSession  -   insert org.activiti.engine.impl.persistence.entity.UserEntity@61bfd7da
10:45:10,893 [main] DEBUG org.activiti.engine.impl.db.DbSqlSession  - flush summary: 1 insert, 0 update, 0 delete.
10:45:10,893 [main] DEBUG org.activiti.engine.impl.db.DbSqlSession  - now executing flush...
10:45:10,893 [main] DEBUG org.activiti.engine.impl.db.DbSqlSession  - inserting: org.activiti.engine.impl.persistence.entity.UserEntity@61bfd7da
10:45:10,893 [main] DEBUG org.apache.ibatis.transaction.jdbc.JdbcTransaction  - Opening JDBC Connection
10:45:10,893 [main] DEBUG org.apache.ibatis.datasource.pooled.PooledDataSource  - Checked out connection 486346394 from pool.
10:45:10,893 [main] DEBUG org.apache.ibatis.transaction.jdbc.JdbcTransaction  - Setting autocommit to false on JDBC Connection [conn6: url=jdbc:h2:mem:activiti user=SA]
10:45:10,893 [main] DEBUG org.activiti.engine.impl.persistence.entity.UserEntity.insertUser  - ==&gt;  Preparing: insert into ACT_ID_USER (ID_, REV_, FIRST_, LAST_, EMAIL_, PWD_) values ( ?, 1, ?, ?, ?, ? ) 
10:45:10,893 [main] DEBUG org.activiti.engine.impl.persistence.entity.UserEntity.insertUser  - ==&gt; Parameters: gonzo(String), null, null, null, null
10:45:10,893 [main] DEBUG org.activiti.engine.impl.persistence.entity.UserEntity.insertUser  - &lt;==    Updates: 1
10:45:10,893 [main] DEBUG org.activiti.engine.impl.cfg.standalone.StandaloneMybatisTransactionContext  - firing event committing...
10:45:10,893 [main] DEBUG org.activiti.engine.impl.cfg.standalone.StandaloneMybatisTransactionContext  - committing the ibatis sql session...
10:45:10,893 [main] DEBUG org.apache.ibatis.transaction.jdbc.JdbcTransaction  - Committing JDBC Connection [conn6: url=jdbc:h2:mem:activiti user=SA]
10:45:10,893 [main] DEBUG org.activiti.engine.impl.cfg.standalone.StandaloneMybatisTransactionContext  - firing event committed...
10:45:10,893 [main] DEBUG org.apache.ibatis.transaction.jdbc.JdbcTransaction  - Resetting autocommit to true on JDBC Connection [conn6: url=jdbc:h2:mem:activiti user=SA]
10:45:10,893 [main] DEBUG org.apache.ibatis.transaction.jdbc.JdbcTransaction  - Closing JDBC Connection [conn6: url=jdbc:h2:mem:activiti user=SA]
10:45:10,893 [main] DEBUG org.apache.ibatis.datasource.pooled.PooledDataSource  - Returned connection 486346394 to pool.
10:45:10,893 [main] DEBUG org.activiti.engine.impl.interceptor.LogInterceptor  - --- SaveUserCmd finished --------------------------------------------------------
10:45:10,893 [main] DEBUG org.activiti.engine.impl.interceptor.LogInterceptor  - 

10:45:10,893 [main] DEBUG org.activiti.engine.impl.interceptor.LogInterceptor  - 

10:45:10,893 [main] DEBUG org.activiti.engine.impl.interceptor.LogInterceptor  - --- starting CreateGroupCmd --------------------------------------------------------
10:45:10,893 [main] DEBUG org.activiti.engine.impl.cfg.standalone.StandaloneMybatisTransactionContext  - firing event committing...
10:45:10,893 [main] DEBUG org.activiti.engine.impl.cfg.standalone.StandaloneMybatisTransactionContext  - committing the ibatis sql session...
10:45:10,893 [main] DEBUG org.activiti.engine.impl.cfg.standalone.StandaloneMybatisTransactionContext  - firing event committed...
10:45:10,893 [main] DEBUG org.activiti.engine.impl.interceptor.LogInterceptor  - --- CreateGroupCmd finished --------------------------------------------------------
10:45:10,893 [main] DEBUG org.activiti.engine.impl.interceptor.LogInterceptor  - 

10:45:10,893 [main] DEBUG org.activiti.engine.impl.interceptor.LogInterceptor  - 

10:45:10,893 [main] DEBUG org.activiti.engine.impl.interceptor.LogInterceptor  - --- starting SaveGroupCmd --------------------------------------------------------
10:45:10,893 [main] DEBUG org.activiti.engine.impl.db.DbSqlSession  -   insert org.activiti.engine.impl.persistence.entity.GroupEntity@6179af64
10:45:10,893 [main] DEBUG org.activiti.engine.impl.db.DbSqlSession  - flush summary: 1 insert, 0 update, 0 delete.
10:45:10,893 [main] DEBUG org.activiti.engine.impl.db.DbSqlSession  - now executing flush...
10:45:10,893 [main] DEBUG org.activiti.engine.impl.db.DbSqlSession  - inserting: org.activiti.engine.impl.persistence.entity.GroupEntity@6179af64
10:45:10,894 [main] DEBUG org.apache.ibatis.transaction.jdbc.JdbcTransaction  - Opening JDBC Connection
10:45:10,894 [main] DEBUG org.apache.ibatis.datasource.pooled.PooledDataSource  - Checked out connection 180014677 from pool.
10:45:10,894 [main] DEBUG org.apache.ibatis.transaction.jdbc.JdbcTransaction  - Setting autocommit to false on JDBC Connection [conn3: url=jdbc:h2:mem:activiti user=SA]
10:45:10,894 [main] DEBUG org.activiti.engine.impl.persistence.entity.GroupEntity.insertGroup  - ==&gt;  Preparing: insert into ACT_ID_GROUP (ID_, REV_, NAME_, TYPE_) values ( ?, 1, ?, ? ) 
10:45:10,894 [main] DEBUG org.activiti.engine.impl.persistence.entity.GroupEntity.insertGroup  - ==&gt; Parameters: management(String), null, null
10:45:10,894 [main] DEBUG org.activiti.engine.impl.persistence.entity.GroupEntity.insertGroup  - &lt;==    Updates: 1
10:45:10,894 [main] DEBUG org.activiti.engine.impl.cfg.standalone.StandaloneMybatisTransactionContext  - firing event committing...
10:45:10,894 [main] DEBUG org.activiti.engine.impl.cfg.standalone.StandaloneMybatisTransactionContext  - committing the ibatis sql session...
10:45:10,894 [main] DEBUG org.apache.ibatis.transaction.jdbc.JdbcTransaction  - Committing JDBC Connection [conn3: url=jdbc:h2:mem:activiti user=SA]
10:45:10,894 [main] DEBUG org.activiti.engine.impl.cfg.standalone.StandaloneMybatisTransactionContext  - firing event committed...
10:45:10,894 [main] DEBUG org.apache.ibatis.transaction.jdbc.JdbcTransaction  - Resetting autocommit to true on JDBC Connection [conn3: url=jdbc:h2:mem:activiti user=SA]
10:45:10,894 [main] DEBUG org.apache.ibatis.transaction.jdbc.JdbcTransaction  - Closing JDBC Connection [conn3: url=jdbc:h2:mem:activiti user=SA]
10:45:10,894 [main] DEBUG org.apache.ibatis.datasource.pooled.PooledDataSource  - Returned connection 180014677 to pool.
10:45:10,894 [main] DEBUG org.activiti.engine.impl.interceptor.LogInterceptor  - --- SaveGroupCmd finished --------------------------------------------------------
10:45:10,894 [main] DEBUG org.activiti.engine.impl.interceptor.LogInterceptor  - 

10:45:10,894 [main] DEBUG org.activiti.engine.impl.interceptor.LogInterceptor  - 

10:45:10,894 [main] DEBUG org.activiti.engine.impl.interceptor.LogInterceptor  - --- starting CreateGroupCmd --------------------------------------------------------
10:45:10,894 [main] DEBUG org.activiti.engine.impl.cfg.standalone.StandaloneMybatisTransactionContext  - firing event committing...
10:45:10,894 [main] DEBUG org.activiti.engine.impl.cfg.standalone.StandaloneMybatisTransactionContext  - committing the ibatis sql session...
10:45:10,894 [main] DEBUG org.activiti.engine.impl.cfg.standalone.StandaloneMybatisTransactionContext  - firing event committed...
10:45:10,894 [main] DEBUG org.activiti.engine.impl.interceptor.LogInterceptor  - --- CreateGroupCmd finished --------------------------------------------------------
10:45:10,894 [main] DEBUG org.activiti.engine.impl.interceptor.LogInterceptor  - 

10:45:10,894 [main] DEBUG org.activiti.engine.impl.interceptor.LogInterceptor  - 

10:45:10,894 [main] DEBUG org.activiti.engine.impl.interceptor.LogInterceptor  - --- starting SaveGroupCmd --------------------------------------------------------
10:45:10,894 [main] DEBUG org.activiti.engine.impl.db.DbSqlSession  -   insert org.activiti.engine.impl.persistence.entity.GroupEntity@193f5509
10:45:10,894 [main] DEBUG org.activiti.engine.impl.db.DbSqlSession  - flush summary: 1 insert, 0 update, 0 delete.
10:45:10,894 [main] DEBUG org.activiti.engine.impl.db.DbSqlSession  - now executing flush...
10:45:10,894 [main] DEBUG org.activiti.engine.impl.db.DbSqlSession  - inserting: org.activiti.engine.impl.persistence.entity.GroupEntity@193f5509
10:45:10,894 [main] DEBUG org.apache.ibatis.transaction.jdbc.JdbcTransaction  - Opening JDBC Connection
10:45:10,894 [main] DEBUG org.apache.ibatis.datasource.pooled.PooledDataSource  - Checked out connection 363509958 from pool.
10:45:10,894 [main] DEBUG org.apache.ibatis.transaction.jdbc.JdbcTransaction  - Setting autocommit to false on JDBC Connection [conn2: url=jdbc:h2:mem:activiti user=SA]
10:45:10,894 [main] DEBUG org.activiti.engine.impl.persistence.entity.GroupEntity.insertGroup  - ==&gt;  Preparing: insert into ACT_ID_GROUP (ID_, REV_, NAME_, TYPE_) values ( ?, 1, ?, ? ) 
10:45:10,894 [main] DEBUG org.activiti.engine.impl.persistence.entity.GroupEntity.insertGroup  - ==&gt; Parameters: accountancy(String), null, null
10:45:10,894 [main] DEBUG org.activiti.engine.impl.persistence.entity.GroupEntity.insertGroup  - &lt;==    Updates: 1
10:45:10,894 [main] DEBUG org.activiti.engine.impl.cfg.standalone.StandaloneMybatisTransactionContext  - firing event committing...
10:45:10,894 [main] DEBUG org.activiti.engine.impl.cfg.standalone.StandaloneMybatisTransactionContext  - committing the ibatis sql session...
10:45:10,894 [main] DEBUG org.apache.ibatis.transaction.jdbc.JdbcTransaction  - Committing JDBC Connection [conn2: url=jdbc:h2:mem:activiti user=SA]
10:45:10,894 [main] DEBUG org.activiti.engine.impl.cfg.standalone.StandaloneMybatisTransactionContext  - firing event committed...
10:45:10,894 [main] DEBUG org.apache.ibatis.transaction.jdbc.JdbcTransaction  - Resetting autocommit to true on JDBC Connection [conn2: url=jdbc:h2:mem:activiti user=SA]
10:45:10,894 [main] DEBUG org.apache.ibatis.transaction.jdbc.JdbcTransaction  - Closing JDBC Connection [conn2: url=jdbc:h2:mem:activiti user=SA]
10:45:10,894 [main] DEBUG org.apache.ibatis.datasource.pooled.PooledDataSource  - Returned connection 363509958 to pool.
10:45:10,894 [main] DEBUG org.activiti.engine.impl.interceptor.LogInterceptor  - --- SaveGroupCmd finished --------------------------------------------------------
10:45:10,894 [main] DEBUG org.activiti.engine.impl.interceptor.LogInterceptor  - 

10:45:10,894 [main] DEBUG org.activiti.engine.impl.interceptor.LogInterceptor  - 

10:45:10,894 [main] DEBUG org.activiti.engine.impl.interceptor.LogInterceptor  - --- starting CreateMembershipCmd --------------------------------------------------------
10:45:10,894 [main] DEBUG org.activiti.engine.impl.db.DbSqlSession  -   insert org.activiti.engine.impl.persistence.entity.MembershipEntity@475a8415
10:45:10,894 [main] DEBUG org.activiti.engine.impl.db.DbSqlSession  - flush summary: 1 insert, 0 update, 0 delete.
10:45:10,894 [main] DEBUG org.activiti.engine.impl.db.DbSqlSession  - now executing flush...
10:45:10,894 [main] DEBUG org.activiti.engine.impl.db.DbSqlSession  - inserting: org.activiti.engine.impl.persistence.entity.MembershipEntity@475a8415
10:45:10,894 [main] DEBUG org.apache.ibatis.transaction.jdbc.JdbcTransaction  - Opening JDBC Connection
10:45:10,894 [main] DEBUG org.apache.ibatis.datasource.pooled.PooledDataSource  - Checked out connection 297240765 from pool.
10:45:10,894 [main] DEBUG org.apache.ibatis.transaction.jdbc.JdbcTransaction  - Setting autocommit to false on JDBC Connection [conn4: url=jdbc:h2:mem:activiti user=SA]
10:45:10,894 [main] DEBUG org.activiti.engine.impl.persistence.entity.MembershipRelation.insertMembership  - ==&gt;  Preparing: insert into ACT_ID_MEMBERSHIP (USER_ID_, GROUP_ID_) values ( ?, ? ) 
10:45:10,894 [main] DEBUG org.activiti.engine.impl.persistence.entity.MembershipRelation.insertMembership  - ==&gt; Parameters: kermit(String), management(String)
10:45:10,894 [main] DEBUG org.activiti.engine.impl.persistence.entity.MembershipRelation.insertMembership  - &lt;==    Updates: 1
10:45:10,894 [main] DEBUG org.activiti.engine.impl.cfg.standalone.StandaloneMybatisTransactionContext  - firing event committing...
10:45:10,894 [main] DEBUG org.activiti.engine.impl.cfg.standalone.StandaloneMybatisTransactionContext  - committing the ibatis sql session...
10:45:10,894 [main] DEBUG org.apache.ibatis.transaction.jdbc.JdbcTransaction  - Committing JDBC Connection [conn4: url=jdbc:h2:mem:activiti user=SA]
10:45:10,894 [main] DEBUG org.activiti.engine.impl.cfg.standalone.StandaloneMybatisTransactionContext  - firing event committed...
10:45:10,894 [main] DEBUG org.apache.ibatis.transaction.jdbc.JdbcTransaction  - Resetting autocommit to true on JDBC Connection [conn4: url=jdbc:h2:mem:activiti user=SA]
10:45:10,894 [main] DEBUG org.apache.ibatis.transaction.jdbc.JdbcTransaction  - Closing JDBC Connection [conn4: url=jdbc:h2:mem:activiti user=SA]
10:45:10,894 [main] DEBUG org.apache.ibatis.datasource.pooled.PooledDataSource  - Returned connection 297240765 to pool.
10:45:10,894 [main] DEBUG org.activiti.engine.impl.interceptor.LogInterceptor  - --- CreateMembershipCmd finished --------------------------------------------------------
10:45:10,894 [main] DEBUG org.activiti.engine.impl.interceptor.LogInterceptor  - 

10:45:10,894 [main] DEBUG org.activiti.engine.impl.interceptor.LogInterceptor  - 

10:45:10,894 [main] DEBUG org.activiti.engine.impl.interceptor.LogInterceptor  - --- starting CreateMembershipCmd --------------------------------------------------------
10:45:10,894 [main] DEBUG org.activiti.engine.impl.db.DbSqlSession  -   insert org.activiti.engine.impl.persistence.entity.MembershipEntity@58c48a23
10:45:10,894 [main] DEBUG org.activiti.engine.impl.db.DbSqlSession  - flush summary: 1 insert, 0 update, 0 delete.
10:45:10,894 [main] DEBUG org.activiti.engine.impl.db.DbSqlSession  - now executing flush...
10:45:10,894 [main] DEBUG org.activiti.engine.impl.db.DbSqlSession  - inserting: org.activiti.engine.impl.persistence.entity.MembershipEntity@58c48a23
10:45:10,894 [main] DEBUG org.apache.ibatis.transaction.jdbc.JdbcTransaction  - Opening JDBC Connection
10:45:10,894 [main] DEBUG org.apache.ibatis.datasource.pooled.PooledDataSource  - Checked out connection 486346394 from pool.
10:45:10,894 [main] DEBUG org.apache.ibatis.transaction.jdbc.JdbcTransaction  - Setting autocommit to false on JDBC Connection [conn6: url=jdbc:h2:mem:activiti user=SA]
10:45:10,894 [main] DEBUG org.activiti.engine.impl.persistence.entity.MembershipRelation.insertMembership  - ==&gt;  Preparing: insert into ACT_ID_MEMBERSHIP (USER_ID_, GROUP_ID_) values ( ?, ? ) 
10:45:10,894 [main] DEBUG org.activiti.engine.impl.persistence.entity.MembershipRelation.insertMembership  - ==&gt; Parameters: kermit(String), accountancy(String)
10:45:10,894 [main] DEBUG org.activiti.engine.impl.persistence.entity.MembershipRelation.insertMembership  - &lt;==    Updates: 1
10:45:10,894 [main] DEBUG org.activiti.engine.impl.cfg.standalone.StandaloneMybatisTransactionContext  - firing event committing...
10:45:10,894 [main] DEBUG org.activiti.engine.impl.cfg.standalone.StandaloneMybatisTransactionContext  - committing the ibatis sql session...
10:45:10,894 [main] DEBUG org.apache.ibatis.transaction.jdbc.JdbcTransaction  - Committing JDBC Connection [conn6: url=jdbc:h2:mem:activiti user=SA]
10:45:10,894 [main] DEBUG org.activiti.engine.impl.cfg.standalone.StandaloneMybatisTransactionContext  - firing event committed...
10:45:10,894 [main] DEBUG org.apache.ibatis.transaction.jdbc.JdbcTransaction  - Resetting autocommit to true on JDBC Connection [conn6: url=jdbc:h2:mem:activiti user=SA]
10:45:10,894 [main] DEBUG org.apache.ibatis.transaction.jdbc.JdbcTransaction  - Closing JDBC Connection [conn6: url=jdbc:h2:mem:activiti user=SA]
10:45:10,894 [main] DEBUG org.apache.ibatis.datasource.pooled.PooledDataSource  - Returned connection 486346394 to pool.
10:45:10,894 [main] DEBUG org.activiti.engine.impl.interceptor.LogInterceptor  - --- CreateMembershipCmd finished --------------------------------------------------------
10:45:10,894 [main] DEBUG org.activiti.engine.impl.interceptor.LogInterceptor  - 

10:45:10,894 [main] DEBUG org.activiti.engine.impl.interceptor.LogInterceptor  - 

10:45:10,894 [main] DEBUG org.activiti.engine.impl.interceptor.LogInterceptor  - --- starting NewTaskCmd --------------------------------------------------------
10:45:10,894 [main] DEBUG org.activiti.engine.impl.cfg.standalone.StandaloneMybatisTransactionContext  - firing event committing...
10:45:10,894 [main] DEBUG org.activiti.engine.impl.cfg.standalone.StandaloneMybatisTransactionContext  - committing the ibatis sql session...
10:45:10,894 [main] DEBUG org.activiti.engine.impl.cfg.standalone.StandaloneMybatisTransactionContext  - firing event committed...
10:45:10,894 [main] DEBUG org.activiti.engine.impl.interceptor.LogInterceptor  - --- NewTaskCmd finished --------------------------------------------------------
10:45:10,894 [main] DEBUG org.activiti.engine.impl.interceptor.LogInterceptor  - 

10:45:10,894 [main] DEBUG org.activiti.engine.impl.interceptor.LogInterceptor  - 

10:45:10,894 [main] DEBUG org.activiti.engine.impl.interceptor.LogInterceptor  - --- starting SaveTaskCmd --------------------------------------------------------
10:45:10,894 [main] DEBUG org.activiti.engine.impl.history.DefaultHistoryManager  - Current history level: FULL, level required: AUDIT
10:45:10,894 [main] DEBUG org.activiti.engine.impl.db.DbSqlSession  -   insert Task[id=829, name=rootTestTask]
10:45:10,894 [main] DEBUG org.activiti.engine.impl.db.DbSqlSession  -   insert HistoricTaskInstanceEntity[id=829, name=rootTestTask]
10:45:10,894 [main] DEBUG org.activiti.engine.impl.db.DbSqlSession  - flush summary: 2 insert, 0 update, 0 delete.
10:45:10,894 [main] DEBUG org.activiti.engine.impl.db.DbSqlSession  - now executing flush...
10:45:10,894 [main] DEBUG org.activiti.engine.impl.db.DbSqlSession  - inserting: HistoricTaskInstanceEntity[id=829, name=rootTestTask]
10:45:10,894 [main] DEBUG org.apache.ibatis.transaction.jdbc.JdbcTransaction  - Opening JDBC Connection
10:45:10,894 [main] DEBUG org.apache.ibatis.datasource.pooled.PooledDataSource  - Checked out connection 180014677 from pool.
10:45:10,894 [main] DEBUG org.apache.ibatis.transaction.jdbc.JdbcTransaction  - Setting autocommit to false on JDBC Connection [conn3: url=jdbc:h2:mem:activiti user=SA]
10:45:10,894 [main] DEBUG org.activiti.engine.impl.persistence.entity.HistoricTaskInstanceEntity.insertHistoricTaskInstance  - ==&gt;  Preparing: insert into ACT_HI_TASKINST ( ID_, PROC_DEF_ID_, PROC_INST_ID_, EXECUTION_ID_, NAME_, PARENT_TASK_ID_, DESCRIPTION_, OWNER_, ASSIGNEE_, START_TIME_, CLAIM_TIME_, END_TIME_, DURATION_, DELETE_REASON_, TASK_DEF_KEY_, FORM_KEY_, PRIORITY_, DUE_DATE_, CATEGORY_, TENANT_ID_ ) values ( ?, ?, ?, ?, ?, ?, ?, ?, ?, ?, ?, ?, ?, ?, ?, ?, ?, ?, ?, ? ) 
10:45:10,894 [main] DEBUG org.activiti.engine.impl.persistence.entity.HistoricTaskInstanceEntity.insertHistoricTaskInstance  - ==&gt; Parameters: 829(String), null, null, null, rootTestTask(String), null, rootTestTask description(String), null, null, 2008-01-01 01:01:01.0(Timestamp), null, null, null, null, null, null, 50(Integer), null, null, (String)
10:45:10,894 [main] DEBUG org.activiti.engine.impl.persistence.entity.HistoricTaskInstanceEntity.insertHistoricTaskInstance  - &lt;==    Updates: 1
10:45:10,894 [main] DEBUG org.activiti.engine.impl.db.DbSqlSession  - inserting: Task[id=829, name=rootTestTask]
10:45:10,894 [main] DEBUG org.activiti.engine.impl.persistence.entity.TaskEntity.insertTask  - ==&gt;  Preparing: insert into ACT_RU_TASK (ID_, REV_, NAME_, PARENT_TASK_ID_, DESCRIPTION_, PRIORITY_, CREATE_TIME_, OWNER_, ASSIGNEE_, DELEGATION_, EXECUTION_ID_, PROC_INST_ID_, PROC_DEF_ID_, TASK_DEF_KEY_, DUE_DATE_, CATEGORY_, SUSPENSION_STATE_, TENANT_ID_, FORM_KEY_) values (?, 1, ?, ?, ?, ?, ?, ?, ?, ?, ?, ?, ?, ?, ?, ?, ?, ?, ? ) 
10:45:10,894 [main] DEBUG org.activiti.engine.impl.persistence.entity.TaskEntity.insertTask  - ==&gt; Parameters: 829(String), rootTestTask(String), null, rootTestTask description(String), 50(Integer), 2008-01-01 01:01:01.0(Timestamp), null, null, null, null, null, null, null, null, null, 1(Integer), (String), null
10:45:10,895 [main] DEBUG org.activiti.engine.impl.persistence.entity.TaskEntity.insertTask  - &lt;==    Updates: 1
10:45:10,895 [main] DEBUG org.activiti.engine.impl.cfg.standalone.StandaloneMybatisTransactionContext  - firing event committing...
10:45:10,895 [main] DEBUG org.activiti.engine.impl.cfg.standalone.StandaloneMybatisTransactionContext  - committing the ibatis sql session...
10:45:10,895 [main] DEBUG org.apache.ibatis.transaction.jdbc.JdbcTransaction  - Committing JDBC Connection [conn3: url=jdbc:h2:mem:activiti user=SA]
10:45:10,895 [main] DEBUG org.activiti.engine.impl.cfg.standalone.StandaloneMybatisTransactionContext  - firing event committed...
10:45:10,895 [main] DEBUG org.apache.ibatis.transaction.jdbc.JdbcTransaction  - Resetting autocommit to true on JDBC Connection [conn3: url=jdbc:h2:mem:activiti user=SA]
10:45:10,895 [main] DEBUG org.apache.ibatis.transaction.jdbc.JdbcTransaction  - Closing JDBC Connection [conn3: url=jdbc:h2:mem:activiti user=SA]
10:45:10,895 [main] DEBUG org.apache.ibatis.datasource.pooled.PooledDataSource  - Returned connection 180014677 to pool.
10:45:10,895 [main] DEBUG org.activiti.engine.impl.interceptor.LogInterceptor  - --- SaveTaskCmd finished --------------------------------------------------------
10:45:10,895 [main] DEBUG org.activiti.engine.impl.interceptor.LogInterceptor  - 

10:45:10,895 [main] DEBUG org.activiti.engine.impl.interceptor.LogInterceptor  - 

10:45:10,895 [main] DEBUG org.activiti.engine.impl.interceptor.LogInterceptor  - --- starting AddIdentityLinkCmd --------------------------------------------------------
10:45:10,895 [main] DEBUG org.apache.ibatis.transaction.jdbc.JdbcTransaction  - Opening JDBC Connection
10:45:10,895 [main] DEBUG org.apache.ibatis.datasource.pooled.PooledDataSource  - Checked out connection 363509958 from pool.
10:45:10,895 [main] DEBUG org.apache.ibatis.transaction.jdbc.JdbcTransaction  - Setting autocommit to false on JDBC Connection [conn2: url=jdbc:h2:mem:activiti user=SA]
10:45:10,895 [main] DEBUG org.activiti.engine.impl.persistence.entity.TaskEntity.selectTask  - ==&gt;  Preparing: select * from ACT_RU_TASK where ID_ = ? 
10:45:10,895 [main] DEBUG org.activiti.engine.impl.persistence.entity.TaskEntity.selectTask  - ==&gt; Parameters: 829(String)
10:45:10,895 [main] DEBUG org.activiti.engine.impl.persistence.entity.TaskEntity.selectTask  - &lt;==      Total: 1
10:45:10,895 [main] DEBUG org.activiti.engine.impl.persistence.entity.IdentityLinkEntity.selectIdentityLinksByTask  - ==&gt;  Preparing: select * from ACT_RU_IDENTITYLINK where TASK_ID_ = ? 
10:45:10,895 [main] DEBUG org.activiti.engine.impl.persistence.entity.IdentityLinkEntity.selectIdentityLinksByTask  - ==&gt; Parameters: 829(String)
10:45:10,895 [main] DEBUG org.activiti.engine.impl.persistence.entity.IdentityLinkEntity.selectIdentityLinksByTask  - &lt;==      Total: 0
10:45:10,895 [main] DEBUG org.activiti.engine.impl.history.DefaultHistoryManager  - Current history level: FULL, level required: AUDIT
10:45:10,895 [main] DEBUG org.activiti.engine.impl.history.DefaultHistoryManager  - Current history level: FULL
10:45:10,895 [main] DEBUG org.activiti.engine.impl.history.DefaultHistoryManager  - Current history level: FULL
10:45:10,895 [main] DEBUG org.activiti.engine.impl.db.DbSqlSession  -   insert org.activiti.engine.impl.persistence.entity.HistoricIdentityLinkEntity@74ea1cd0
10:45:10,895 [main] DEBUG org.activiti.engine.impl.db.DbSqlSession  -   insert IdentityLinkEntity[id=830, type=candidate, userId=kermit, taskId=829]
10:45:10,895 [main] DEBUG org.activiti.engine.impl.db.DbSqlSession  -   insert org.activiti.engine.impl.persistence.entity.CommentEntity@179e8859
10:45:10,895 [main] DEBUG org.activiti.engine.impl.db.DbSqlSession  - flush summary: 3 insert, 0 update, 0 delete.
10:45:10,895 [main] DEBUG org.activiti.engine.impl.db.DbSqlSession  - now executing flush...
10:45:10,895 [main] DEBUG org.activiti.engine.impl.db.DbSqlSession  - inserting: org.activiti.engine.impl.persistence.entity.HistoricIdentityLinkEntity@74ea1cd0
10:45:10,895 [main] DEBUG org.activiti.engine.impl.persistence.entity.HistoricIdentityLinkEntity.insertHistoricIdentityLink  - ==&gt;  Preparing: insert into ACT_HI_IDENTITYLINK (ID_, TYPE_, USER_ID_, GROUP_ID_, TASK_ID_, PROC_INST_ID_) values (?, ?, ?, ?, ?, ?) 
10:45:10,895 [main] DEBUG org.activiti.engine.impl.persistence.entity.HistoricIdentityLinkEntity.insertHistoricIdentityLink  - ==&gt; Parameters: 830(String), candidate(String), kermit(String), null, 829(String), null
10:45:10,895 [main] DEBUG org.activiti.engine.impl.persistence.entity.HistoricIdentityLinkEntity.insertHistoricIdentityLink  - &lt;==    Updates: 1
10:45:10,895 [main] DEBUG org.activiti.engine.impl.db.DbSqlSession  - inserting: IdentityLinkEntity[id=830, type=candidate, userId=kermit, taskId=829]
10:45:10,895 [main] DEBUG org.activiti.engine.impl.persistence.entity.IdentityLinkEntity.insertIdentityLink  - ==&gt;  Preparing: insert into ACT_RU_IDENTITYLINK (ID_, REV_, TYPE_, USER_ID_, GROUP_ID_, TASK_ID_, PROC_INST_ID_, PROC_DEF_ID_) values (?, 1, ?, ?, ?, ?, ?, ?) 
10:45:10,895 [main] DEBUG org.activiti.engine.impl.persistence.entity.IdentityLinkEntity.insertIdentityLink  - ==&gt; Parameters: 830(String), candidate(String), kermit(String), null, 829(String), null, null
10:45:10,895 [main] DEBUG org.activiti.engine.impl.persistence.entity.IdentityLinkEntity.insertIdentityLink  - &lt;==    Updates: 1
10:45:10,895 [main] DEBUG org.activiti.engine.impl.db.DbSqlSession  - inserting: org.activiti.engine.impl.persistence.entity.CommentEntity@179e8859
10:45:10,895 [main] DEBUG org.activiti.engine.impl.persistence.entity.CommentEntity.insertComment  - ==&gt;  Preparing: insert into ACT_HI_COMMENT (ID_, TYPE_, TIME_, USER_ID_, TASK_ID_, PROC_INST_ID_, ACTION_, MESSAGE_, FULL_MSG_) values (?, ?, ?, ?, ?, ?, ?, ?, ?) 
10:45:10,895 [main] DEBUG org.activiti.engine.impl.persistence.entity.CommentEntity.insertComment  - ==&gt; Parameters: 831(String), event(String), 2008-01-01 01:01:01.0(Timestamp), null, 829(String), null, AddUserLink(String), kermit_|_candidate(String), null
10:45:10,895 [main] DEBUG org.activiti.engine.impl.persistence.entity.CommentEntity.insertComment  - &lt;==    Updates: 1
10:45:10,895 [main] DEBUG org.activiti.engine.impl.cfg.standalone.StandaloneMybatisTransactionContext  - firing event committing...
10:45:10,895 [main] DEBUG org.activiti.engine.impl.cfg.standalone.StandaloneMybatisTransactionContext  - committing the ibatis sql session...
10:45:10,895 [main] DEBUG org.apache.ibatis.transaction.jdbc.JdbcTransaction  - Committing JDBC Connection [conn2: url=jdbc:h2:mem:activiti user=SA]
10:45:10,895 [main] DEBUG org.activiti.engine.impl.cfg.standalone.StandaloneMybatisTransactionContext  - firing event committed...
10:45:10,895 [main] DEBUG org.apache.ibatis.transaction.jdbc.JdbcTransaction  - Resetting autocommit to true on JDBC Connection [conn2: url=jdbc:h2:mem:activiti user=SA]
10:45:10,895 [main] DEBUG org.apache.ibatis.transaction.jdbc.JdbcTransaction  - Closing JDBC Connection [conn2: url=jdbc:h2:mem:activiti user=SA]
10:45:10,895 [main] DEBUG org.apache.ibatis.datasource.pooled.PooledDataSource  - Returned connection 363509958 to pool.
10:45:10,895 [main] DEBUG org.activiti.engine.impl.interceptor.LogInterceptor  - --- AddIdentityLinkCmd finished --------------------------------------------------------
10:45:10,895 [main] DEBUG org.activiti.engine.impl.interceptor.LogInterceptor  - 

10:45:10,895 [main] DEBUG org.activiti.engine.impl.interceptor.LogInterceptor  - 

10:45:10,895 [main] DEBUG org.activiti.engine.impl.interceptor.LogInterceptor  - --- starting NewTaskCmd --------------------------------------------------------
10:45:10,895 [main] DEBUG org.activiti.engine.impl.cfg.standalone.StandaloneMybatisTransactionContext  - firing event committing...
10:45:10,895 [main] DEBUG org.activiti.engine.impl.cfg.standalone.StandaloneMybatisTransactionContext  - committing the ibatis sql session...
10:45:10,895 [main] DEBUG org.activiti.engine.impl.cfg.standalone.StandaloneMybatisTransactionContext  - firing event committed...
10:45:10,895 [main] DEBUG org.activiti.engine.impl.interceptor.LogInterceptor  - --- NewTaskCmd finished --------------------------------------------------------
10:45:10,895 [main] DEBUG org.activiti.engine.impl.interceptor.LogInterceptor  - 

10:45:10,895 [main] DEBUG org.activiti.engine.impl.interceptor.LogInterceptor  - 

10:45:10,895 [main] DEBUG org.activiti.engine.impl.interceptor.LogInterceptor  - --- starting SaveTaskCmd --------------------------------------------------------
10:45:10,895 [main] DEBUG org.activiti.engine.impl.history.DefaultHistoryManager  - Current history level: FULL, level required: AUDIT
10:45:10,895 [main] DEBUG org.activiti.engine.impl.db.DbSqlSession  -   insert Task[id=832, name=kermitSubTask1]
10:45:10,895 [main] DEBUG org.activiti.engine.impl.db.DbSqlSession  -   insert HistoricTaskInstanceEntity[id=832, name=kermitSubTask1]
10:45:10,895 [main] DEBUG org.activiti.engine.impl.db.DbSqlSession  - flush summary: 2 insert, 0 update, 0 delete.
10:45:10,895 [main] DEBUG org.activiti.engine.impl.db.DbSqlSession  - now executing flush...
10:45:10,895 [main] DEBUG org.activiti.engine.impl.db.DbSqlSession  - inserting: HistoricTaskInstanceEntity[id=832, name=kermitSubTask1]
10:45:10,895 [main] DEBUG org.apache.ibatis.transaction.jdbc.JdbcTransaction  - Opening JDBC Connection
10:45:10,895 [main] DEBUG org.apache.ibatis.datasource.pooled.PooledDataSource  - Checked out connection 297240765 from pool.
10:45:10,895 [main] DEBUG org.apache.ibatis.transaction.jdbc.JdbcTransaction  - Setting autocommit to false on JDBC Connection [conn4: url=jdbc:h2:mem:activiti user=SA]
10:45:10,895 [main] DEBUG org.activiti.engine.impl.persistence.entity.HistoricTaskInstanceEntity.insertHistoricTaskInstance  - ==&gt;  Preparing: insert into ACT_HI_TASKINST ( ID_, PROC_DEF_ID_, PROC_INST_ID_, EXECUTION_ID_, NAME_, PARENT_TASK_ID_, DESCRIPTION_, OWNER_, ASSIGNEE_, START_TIME_, CLAIM_TIME_, END_TIME_, DURATION_, DELETE_REASON_, TASK_DEF_KEY_, FORM_KEY_, PRIORITY_, DUE_DATE_, CATEGORY_, TENANT_ID_ ) values ( ?, ?, ?, ?, ?, ?, ?, ?, ?, ?, ?, ?, ?, ?, ?, ?, ?, ?, ?, ? ) 
10:45:10,895 [main] DEBUG org.activiti.engine.impl.persistence.entity.HistoricTaskInstanceEntity.insertHistoricTaskInstance  - ==&gt; Parameters: 832(String), null, null, null, kermitSubTask1(String), 829(String), description for kermit sub-task1(String), null, null, 2009-01-01 01:01:01.0(Timestamp), null, null, null, null, null, null, 50(Integer), null, null, (String)
10:45:10,895 [main] DEBUG org.activiti.engine.impl.persistence.entity.HistoricTaskInstanceEntity.insertHistoricTaskInstance  - &lt;==    Updates: 1
10:45:10,895 [main] DEBUG org.activiti.engine.impl.db.DbSqlSession  - inserting: Task[id=832, name=kermitSubTask1]
10:45:10,895 [main] DEBUG org.activiti.engine.impl.persistence.entity.TaskEntity.insertTask  - ==&gt;  Preparing: insert into ACT_RU_TASK (ID_, REV_, NAME_, PARENT_TASK_ID_, DESCRIPTION_, PRIORITY_, CREATE_TIME_, OWNER_, ASSIGNEE_, DELEGATION_, EXECUTION_ID_, PROC_INST_ID_, PROC_DEF_ID_, TASK_DEF_KEY_, DUE_DATE_, CATEGORY_, SUSPENSION_STATE_, TENANT_ID_, FORM_KEY_) values (?, 1, ?, ?, ?, ?, ?, ?, ?, ?, ?, ?, ?, ?, ?, ?, ?, ?, ? ) 
10:45:10,895 [main] DEBUG org.activiti.engine.impl.persistence.entity.TaskEntity.insertTask  - ==&gt; Parameters: 832(String), kermitSubTask1(String), 829(String), description for kermit sub-task1(String), 50(Integer), 2009-01-01 01:01:01.0(Timestamp), null, null, null, null, null, null, null, null, null, 1(Integer), (String), null
10:45:10,895 [main] DEBUG org.activiti.engine.impl.persistence.entity.TaskEntity.insertTask  - &lt;==    Updates: 1
10:45:10,895 [main] DEBUG org.activiti.engine.impl.cfg.standalone.StandaloneMybatisTransactionContext  - firing event committing...
10:45:10,895 [main] DEBUG org.activiti.engine.impl.cfg.standalone.StandaloneMybatisTransactionContext  - committing the ibatis sql session...
10:45:10,896 [main] DEBUG org.apache.ibatis.transaction.jdbc.JdbcTransaction  - Committing JDBC Connection [conn4: url=jdbc:h2:mem:activiti user=SA]
10:45:10,896 [main] DEBUG org.activiti.engine.impl.cfg.standalone.StandaloneMybatisTransactionContext  - firing event committed...
10:45:10,896 [main] DEBUG org.apache.ibatis.transaction.jdbc.JdbcTransaction  - Resetting autocommit to true on JDBC Connection [conn4: url=jdbc:h2:mem:activiti user=SA]
10:45:10,896 [main] DEBUG org.apache.ibatis.transaction.jdbc.JdbcTransaction  - Closing JDBC Connection [conn4: url=jdbc:h2:mem:activiti user=SA]
10:45:10,896 [main] DEBUG org.apache.ibatis.datasource.pooled.PooledDataSource  - Returned connection 297240765 to pool.
10:45:10,896 [main] DEBUG org.activiti.engine.impl.interceptor.LogInterceptor  - --- SaveTaskCmd finished --------------------------------------------------------
10:45:10,896 [main] DEBUG org.activiti.engine.impl.interceptor.LogInterceptor  - 

10:45:10,896 [main] DEBUG org.activiti.engine.impl.interceptor.LogInterceptor  - 

10:45:10,896 [main] DEBUG org.activiti.engine.impl.interceptor.LogInterceptor  - --- starting AddIdentityLinkCmd --------------------------------------------------------
10:45:10,896 [main] DEBUG org.apache.ibatis.transaction.jdbc.JdbcTransaction  - Opening JDBC Connection
10:45:10,896 [main] DEBUG org.apache.ibatis.datasource.pooled.PooledDataSource  - Checked out connection 486346394 from pool.
10:45:10,896 [main] DEBUG org.apache.ibatis.transaction.jdbc.JdbcTransaction  - Setting autocommit to false on JDBC Connection [conn6: url=jdbc:h2:mem:activiti user=SA]
10:45:10,896 [main] DEBUG org.activiti.engine.impl.persistence.entity.TaskEntity.selectTask  - ==&gt;  Preparing: select * from ACT_RU_TASK where ID_ = ? 
10:45:10,896 [main] DEBUG org.activiti.engine.impl.persistence.entity.TaskEntity.selectTask  - ==&gt; Parameters: 832(String)
10:45:10,896 [main] DEBUG org.activiti.engine.impl.persistence.entity.TaskEntity.selectTask  - &lt;==      Total: 1
10:45:10,896 [main] DEBUG org.activiti.engine.impl.persistence.entity.IdentityLinkEntity.selectIdentityLinksByTask  - ==&gt;  Preparing: select * from ACT_RU_IDENTITYLINK where TASK_ID_ = ? 
10:45:10,896 [main] DEBUG org.activiti.engine.impl.persistence.entity.IdentityLinkEntity.selectIdentityLinksByTask  - ==&gt; Parameters: 832(String)
10:45:10,896 [main] DEBUG org.activiti.engine.impl.persistence.entity.IdentityLinkEntity.selectIdentityLinksByTask  - &lt;==      Total: 0
10:45:10,896 [main] DEBUG org.activiti.engine.impl.history.DefaultHistoryManager  - Current history level: FULL, level required: AUDIT
10:45:10,896 [main] DEBUG org.activiti.engine.impl.history.DefaultHistoryManager  - Current history level: FULL
10:45:10,896 [main] DEBUG org.activiti.engine.impl.history.DefaultHistoryManager  - Current history level: FULL
10:45:10,896 [main] DEBUG org.activiti.engine.impl.db.DbSqlSession  -   insert org.activiti.engine.impl.persistence.entity.HistoricIdentityLinkEntity@477dc93
10:45:10,896 [main] DEBUG org.activiti.engine.impl.db.DbSqlSession  -   insert IdentityLinkEntity[id=833, type=candidate, userId=kermit, taskId=832]
10:45:10,896 [main] DEBUG org.activiti.engine.impl.db.DbSqlSession  -   insert org.activiti.engine.impl.persistence.entity.CommentEntity@781ecbac
10:45:10,896 [main] DEBUG org.activiti.engine.impl.db.DbSqlSession  - flush summary: 3 insert, 0 update, 0 delete.
10:45:10,896 [main] DEBUG org.activiti.engine.impl.db.DbSqlSession  - now executing flush...
10:45:10,896 [main] DEBUG org.activiti.engine.impl.db.DbSqlSession  - inserting: org.activiti.engine.impl.persistence.entity.HistoricIdentityLinkEntity@477dc93
10:45:10,896 [main] DEBUG org.activiti.engine.impl.persistence.entity.HistoricIdentityLinkEntity.insertHistoricIdentityLink  - ==&gt;  Preparing: insert into ACT_HI_IDENTITYLINK (ID_, TYPE_, USER_ID_, GROUP_ID_, TASK_ID_, PROC_INST_ID_) values (?, ?, ?, ?, ?, ?) 
10:45:10,896 [main] DEBUG org.activiti.engine.impl.persistence.entity.HistoricIdentityLinkEntity.insertHistoricIdentityLink  - ==&gt; Parameters: 833(String), candidate(String), kermit(String), null, 832(String), null
10:45:10,896 [main] DEBUG org.activiti.engine.impl.persistence.entity.HistoricIdentityLinkEntity.insertHistoricIdentityLink  - &lt;==    Updates: 1
10:45:10,896 [main] DEBUG org.activiti.engine.impl.db.DbSqlSession  - inserting: IdentityLinkEntity[id=833, type=candidate, userId=kermit, taskId=832]
10:45:10,896 [main] DEBUG org.activiti.engine.impl.persistence.entity.IdentityLinkEntity.insertIdentityLink  - ==&gt;  Preparing: insert into ACT_RU_IDENTITYLINK (ID_, REV_, TYPE_, USER_ID_, GROUP_ID_, TASK_ID_, PROC_INST_ID_, PROC_DEF_ID_) values (?, 1, ?, ?, ?, ?, ?, ?) 
10:45:10,896 [main] DEBUG org.activiti.engine.impl.persistence.entity.IdentityLinkEntity.insertIdentityLink  - ==&gt; Parameters: 833(String), candidate(String), kermit(String), null, 832(String), null, null
10:45:10,896 [main] DEBUG org.activiti.engine.impl.persistence.entity.IdentityLinkEntity.insertIdentityLink  - &lt;==    Updates: 1
10:45:10,896 [main] DEBUG org.activiti.engine.impl.db.DbSqlSession  - inserting: org.activiti.engine.impl.persistence.entity.CommentEntity@781ecbac
10:45:10,896 [main] DEBUG org.activiti.engine.impl.persistence.entity.CommentEntity.insertComment  - ==&gt;  Preparing: insert into ACT_HI_COMMENT (ID_, TYPE_, TIME_, USER_ID_, TASK_ID_, PROC_INST_ID_, ACTION_, MESSAGE_, FULL_MSG_) values (?, ?, ?, ?, ?, ?, ?, ?, ?) 
10:45:10,896 [main] DEBUG org.activiti.engine.impl.persistence.entity.CommentEntity.insertComment  - ==&gt; Parameters: 834(String), event(String), 2009-01-01 01:01:01.0(Timestamp), null, 832(String), null, AddUserLink(String), kermit_|_candidate(String), null
10:45:10,896 [main] DEBUG org.activiti.engine.impl.persistence.entity.CommentEntity.insertComment  - &lt;==    Updates: 1
10:45:10,896 [main] DEBUG org.activiti.engine.impl.cfg.standalone.StandaloneMybatisTransactionContext  - firing event committing...
10:45:10,896 [main] DEBUG org.activiti.engine.impl.cfg.standalone.StandaloneMybatisTransactionContext  - committing the ibatis sql session...
10:45:10,896 [main] DEBUG org.apache.ibatis.transaction.jdbc.JdbcTransaction  - Committing JDBC Connection [conn6: url=jdbc:h2:mem:activiti user=SA]
10:45:10,896 [main] DEBUG org.activiti.engine.impl.cfg.standalone.StandaloneMybatisTransactionContext  - firing event committed...
10:45:10,896 [main] DEBUG org.apache.ibatis.transaction.jdbc.JdbcTransaction  - Resetting autocommit to true on JDBC Connection [conn6: url=jdbc:h2:mem:activiti user=SA]
10:45:10,896 [main] DEBUG org.apache.ibatis.transaction.jdbc.JdbcTransaction  - Closing JDBC Connection [conn6: url=jdbc:h2:mem:activiti user=SA]
10:45:10,896 [main] DEBUG org.apache.ibatis.datasource.pooled.PooledDataSource  - Returned connection 486346394 to pool.
10:45:10,896 [main] DEBUG org.activiti.engine.impl.interceptor.LogInterceptor  - --- AddIdentityLinkCmd finished --------------------------------------------------------
10:45:10,896 [main] DEBUG org.activiti.engine.impl.interceptor.LogInterceptor  - 

10:45:10,896 [main] DEBUG org.activiti.engine.impl.interceptor.LogInterceptor  - 

10:45:10,896 [main] DEBUG org.activiti.engine.impl.interceptor.LogInterceptor  - --- starting NewTaskCmd --------------------------------------------------------
10:45:10,896 [main] DEBUG org.activiti.engine.impl.cfg.standalone.StandaloneMybatisTransactionContext  - firing event committing...
10:45:10,896 [main] DEBUG org.activiti.engine.impl.cfg.standalone.StandaloneMybatisTransactionContext  - committing the ibatis sql session...
10:45:10,896 [main] DEBUG org.activiti.engine.impl.cfg.standalone.StandaloneMybatisTransactionContext  - firing event committed...
10:45:10,896 [main] DEBUG org.activiti.engine.impl.interceptor.LogInterceptor  - --- NewTaskCmd finished --------------------------------------------------------
10:45:10,896 [main] DEBUG org.activiti.engine.impl.interceptor.LogInterceptor  - 

10:45:10,896 [main] DEBUG org.activiti.engine.impl.interceptor.LogInterceptor  - 

10:45:10,896 [main] DEBUG org.activiti.engine.impl.interceptor.LogInterceptor  - --- starting SaveTaskCmd --------------------------------------------------------
10:45:10,896 [main] DEBUG org.activiti.engine.impl.history.DefaultHistoryManager  - Current history level: FULL, level required: AUDIT
10:45:10,896 [main] DEBUG org.activiti.engine.impl.db.DbSqlSession  -   insert Task[id=835, name=kermitSubTask2]
10:45:10,896 [main] DEBUG org.activiti.engine.impl.db.DbSqlSession  -   insert HistoricTaskInstanceEntity[id=835, name=kermitSubTask2]
10:45:10,896 [main] DEBUG org.activiti.engine.impl.db.DbSqlSession  - flush summary: 2 insert, 0 update, 0 delete.
10:45:10,896 [main] DEBUG org.activiti.engine.impl.db.DbSqlSession  - now executing flush...
10:45:10,896 [main] DEBUG org.activiti.engine.impl.db.DbSqlSession  - inserting: HistoricTaskInstanceEntity[id=835, name=kermitSubTask2]
10:45:10,896 [main] DEBUG org.apache.ibatis.transaction.jdbc.JdbcTransaction  - Opening JDBC Connection
10:45:10,896 [main] DEBUG org.apache.ibatis.datasource.pooled.PooledDataSource  - Checked out connection 180014677 from pool.
10:45:10,896 [main] DEBUG org.apache.ibatis.transaction.jdbc.JdbcTransaction  - Setting autocommit to false on JDBC Connection [conn3: url=jdbc:h2:mem:activiti user=SA]
10:45:10,896 [main] DEBUG org.activiti.engine.impl.persistence.entity.HistoricTaskInstanceEntity.insertHistoricTaskInstance  - ==&gt;  Preparing: insert into ACT_HI_TASKINST ( ID_, PROC_DEF_ID_, PROC_INST_ID_, EXECUTION_ID_, NAME_, PARENT_TASK_ID_, DESCRIPTION_, OWNER_, ASSIGNEE_, START_TIME_, CLAIM_TIME_, END_TIME_, DURATION_, DELETE_REASON_, TASK_DEF_KEY_, FORM_KEY_, PRIORITY_, DUE_DATE_, CATEGORY_, TENANT_ID_ ) values ( ?, ?, ?, ?, ?, ?, ?, ?, ?, ?, ?, ?, ?, ?, ?, ?, ?, ?, ?, ? ) 
10:45:10,896 [main] DEBUG org.activiti.engine.impl.persistence.entity.HistoricTaskInstanceEntity.insertHistoricTaskInstance  - ==&gt; Parameters: 835(String), null, null, null, kermitSubTask2(String), 829(String), description for kermit sub-task2(String), null, null, 2009-01-01 01:01:01.0(Timestamp), null, null, null, null, null, null, 50(Integer), null, null, (String)
10:45:10,896 [main] DEBUG org.activiti.engine.impl.persistence.entity.HistoricTaskInstanceEntity.insertHistoricTaskInstance  - &lt;==    Updates: 1
10:45:10,896 [main] DEBUG org.activiti.engine.impl.db.DbSqlSession  - inserting: Task[id=835, name=kermitSubTask2]
10:45:10,896 [main] DEBUG org.activiti.engine.impl.persistence.entity.TaskEntity.insertTask  - ==&gt;  Preparing: insert into ACT_RU_TASK (ID_, REV_, NAME_, PARENT_TASK_ID_, DESCRIPTION_, PRIORITY_, CREATE_TIME_, OWNER_, ASSIGNEE_, DELEGATION_, EXECUTION_ID_, PROC_INST_ID_, PROC_DEF_ID_, TASK_DEF_KEY_, DUE_DATE_, CATEGORY_, SUSPENSION_STATE_, TENANT_ID_, FORM_KEY_) values (?, 1, ?, ?, ?, ?, ?, ?, ?, ?, ?, ?, ?, ?, ?, ?, ?, ?, ? ) 
10:45:10,896 [main] DEBUG org.activiti.engine.impl.persistence.entity.TaskEntity.insertTask  - ==&gt; Parameters: 835(String), kermitSubTask2(String), 829(String), description for kermit sub-task2(String), 50(Integer), 2009-01-01 01:01:01.0(Timestamp), null, null, null, null, null, null, null, null, null, 1(Integer), (String), null
10:45:10,896 [main] DEBUG org.activiti.engine.impl.persistence.entity.TaskEntity.insertTask  - &lt;==    Updates: 1
10:45:10,896 [main] DEBUG org.activiti.engine.impl.cfg.standalone.StandaloneMybatisTransactionContext  - firing event committing...
10:45:10,896 [main] DEBUG org.activiti.engine.impl.cfg.standalone.StandaloneMybatisTransactionContext  - committing the ibatis sql session...
10:45:10,896 [main] DEBUG org.apache.ibatis.transaction.jdbc.JdbcTransaction  - Committing JDBC Connection [conn3: url=jdbc:h2:mem:activiti user=SA]
10:45:10,896 [main] DEBUG org.activiti.engine.impl.cfg.standalone.StandaloneMybatisTransactionContext  - firing event committed...
10:45:10,896 [main] DEBUG org.apache.ibatis.transaction.jdbc.JdbcTransaction  - Resetting autocommit to true on JDBC Connection [conn3: url=jdbc:h2:mem:activiti user=SA]
10:45:10,896 [main] DEBUG org.apache.ibatis.transaction.jdbc.JdbcTransaction  - Closing JDBC Connection [conn3: url=jdbc:h2:mem:activiti user=SA]
10:45:10,896 [main] DEBUG org.apache.ibatis.datasource.pooled.PooledDataSource  - Returned connection 180014677 to pool.
10:45:10,896 [main] DEBUG org.activiti.engine.impl.interceptor.LogInterceptor  - --- SaveTaskCmd finished --------------------------------------------------------
10:45:10,896 [main] DEBUG org.activiti.engine.impl.interceptor.LogInterceptor  - 

10:45:10,896 [main] DEBUG org.activiti.engine.impl.interceptor.LogInterceptor  - 

10:45:10,896 [main] DEBUG org.activiti.engine.impl.interceptor.LogInterceptor  - --- starting AddIdentityLinkCmd --------------------------------------------------------
10:45:10,896 [main] DEBUG org.apache.ibatis.transaction.jdbc.JdbcTransaction  - Opening JDBC Connection
10:45:10,896 [main] DEBUG org.apache.ibatis.datasource.pooled.PooledDataSource  - Checked out connection 363509958 from pool.
10:45:10,896 [main] DEBUG org.apache.ibatis.transaction.jdbc.JdbcTransaction  - Setting autocommit to false on JDBC Connection [conn2: url=jdbc:h2:mem:activiti user=SA]
10:45:10,896 [main] DEBUG org.activiti.engine.impl.persistence.entity.TaskEntity.selectTask  - ==&gt;  Preparing: select * from ACT_RU_TASK where ID_ = ? 
10:45:10,896 [main] DEBUG org.activiti.engine.impl.persistence.entity.TaskEntity.selectTask  - ==&gt; Parameters: 835(String)
10:45:10,896 [main] DEBUG org.activiti.engine.impl.persistence.entity.TaskEntity.selectTask  - &lt;==      Total: 1
10:45:10,896 [main] DEBUG org.activiti.engine.impl.persistence.entity.IdentityLinkEntity.selectIdentityLinksByTask  - ==&gt;  Preparing: select * from ACT_RU_IDENTITYLINK where TASK_ID_ = ? 
10:45:10,896 [main] DEBUG org.activiti.engine.impl.persistence.entity.IdentityLinkEntity.selectIdentityLinksByTask  - ==&gt; Parameters: 835(String)
10:45:10,896 [main] DEBUG org.activiti.engine.impl.persistence.entity.IdentityLinkEntity.selectIdentityLinksByTask  - &lt;==      Total: 0
10:45:10,896 [main] DEBUG org.activiti.engine.impl.history.DefaultHistoryManager  - Current history level: FULL, level required: AUDIT
10:45:10,896 [main] DEBUG org.activiti.engine.impl.history.DefaultHistoryManager  - Current history level: FULL
10:45:10,896 [main] DEBUG org.activiti.engine.impl.history.DefaultHistoryManager  - Current history level: FULL
10:45:10,896 [main] DEBUG org.activiti.engine.impl.db.DbSqlSession  -   insert org.activiti.engine.impl.persistence.entity.HistoricIdentityLinkEntity@5cb654e3
10:45:10,896 [main] DEBUG org.activiti.engine.impl.db.DbSqlSession  -   insert IdentityLinkEntity[id=836, type=candidate, userId=kermit, taskId=835]
10:45:10,896 [main] DEBUG org.activiti.engine.impl.db.DbSqlSession  -   insert org.activiti.engine.impl.persistence.entity.CommentEntity@3f89d36c
10:45:10,896 [main] DEBUG org.activiti.engine.impl.db.DbSqlSession  - flush summary: 3 insert, 0 update, 0 delete.
10:45:10,896 [main] DEBUG org.activiti.engine.impl.db.DbSqlSession  - now executing flush...
10:45:10,896 [main] DEBUG org.activiti.engine.impl.db.DbSqlSession  - inserting: org.activiti.engine.impl.persistence.entity.HistoricIdentityLinkEntity@5cb654e3
10:45:10,896 [main] DEBUG org.activiti.engine.impl.persistence.entity.HistoricIdentityLinkEntity.insertHistoricIdentityLink  - ==&gt;  Preparing: insert into ACT_HI_IDENTITYLINK (ID_, TYPE_, USER_ID_, GROUP_ID_, TASK_ID_, PROC_INST_ID_) values (?, ?, ?, ?, ?, ?) 
10:45:10,896 [main] DEBUG org.activiti.engine.impl.persistence.entity.HistoricIdentityLinkEntity.insertHistoricIdentityLink  - ==&gt; Parameters: 836(String), candidate(String), kermit(String), null, 835(String), null
10:45:10,896 [main] DEBUG org.activiti.engine.impl.persistence.entity.HistoricIdentityLinkEntity.insertHistoricIdentityLink  - &lt;==    Updates: 1
10:45:10,896 [main] DEBUG org.activiti.engine.impl.db.DbSqlSession  - inserting: IdentityLinkEntity[id=836, type=candidate, userId=kermit, taskId=835]
10:45:10,896 [main] DEBUG org.activiti.engine.impl.persistence.entity.IdentityLinkEntity.insertIdentityLink  - ==&gt;  Preparing: insert into ACT_RU_IDENTITYLINK (ID_, REV_, TYPE_, USER_ID_, GROUP_ID_, TASK_ID_, PROC_INST_ID_, PROC_DEF_ID_) values (?, 1, ?, ?, ?, ?, ?, ?) 
10:45:10,896 [main] DEBUG org.activiti.engine.impl.persistence.entity.IdentityLinkEntity.insertIdentityLink  - ==&gt; Parameters: 836(String), candidate(String), kermit(String), null, 835(String), null, null
10:45:10,896 [main] DEBUG org.activiti.engine.impl.persistence.entity.IdentityLinkEntity.insertIdentityLink  - &lt;==    Updates: 1
10:45:10,896 [main] DEBUG org.activiti.engine.impl.db.DbSqlSession  - inserting: org.activiti.engine.impl.persistence.entity.CommentEntity@3f89d36c
10:45:10,896 [main] DEBUG org.activiti.engine.impl.persistence.entity.CommentEntity.insertComment  - ==&gt;  Preparing: insert into ACT_HI_COMMENT (ID_, TYPE_, TIME_, USER_ID_, TASK_ID_, PROC_INST_ID_, ACTION_, MESSAGE_, FULL_MSG_) values (?, ?, ?, ?, ?, ?, ?, ?, ?) 
10:45:10,896 [main] DEBUG org.activiti.engine.impl.persistence.entity.CommentEntity.insertComment  - ==&gt; Parameters: 837(String), event(String), 2009-01-01 01:01:01.0(Timestamp), null, 835(String), null, AddUserLink(String), kermit_|_candidate(String), null
10:45:10,896 [main] DEBUG org.activiti.engine.impl.persistence.entity.CommentEntity.insertComment  - &lt;==    Updates: 1
10:45:10,896 [main] DEBUG org.activiti.engine.impl.cfg.standalone.StandaloneMybatisTransactionContext  - firing event committing...
10:45:10,896 [main] DEBUG org.activiti.engine.impl.cfg.standalone.StandaloneMybatisTransactionContext  - committing the ibatis sql session...
10:45:10,896 [main] DEBUG org.apache.ibatis.transaction.jdbc.JdbcTransaction  - Committing JDBC Connection [conn2: url=jdbc:h2:mem:activiti user=SA]
10:45:10,896 [main] DEBUG org.activiti.engine.impl.cfg.standalone.StandaloneMybatisTransactionContext  - firing event committed...
10:45:10,896 [main] DEBUG org.apache.ibatis.transaction.jdbc.JdbcTransaction  - Resetting autocommit to true on JDBC Connection [conn2: url=jdbc:h2:mem:activiti user=SA]
10:45:10,896 [main] DEBUG org.apache.ibatis.transaction.jdbc.JdbcTransaction  - Closing JDBC Connection [conn2: url=jdbc:h2:mem:activiti user=SA]
10:45:10,896 [main] DEBUG org.apache.ibatis.datasource.pooled.PooledDataSource  - Returned connection 363509958 to pool.
10:45:10,896 [main] DEBUG org.activiti.engine.impl.interceptor.LogInterceptor  - --- AddIdentityLinkCmd finished --------------------------------------------------------
10:45:10,896 [main] DEBUG org.activiti.engine.impl.interceptor.LogInterceptor  - 

10:45:10,897 [main] DEBUG org.activiti.engine.impl.interceptor.LogInterceptor  - 

10:45:10,897 [main] DEBUG org.activiti.engine.impl.interceptor.LogInterceptor  - --- starting NewTaskCmd --------------------------------------------------------
10:45:10,897 [main] DEBUG org.activiti.engine.impl.cfg.standalone.StandaloneMybatisTransactionContext  - firing event committing...
10:45:10,897 [main] DEBUG org.activiti.engine.impl.cfg.standalone.StandaloneMybatisTransactionContext  - committing the ibatis sql session...
10:45:10,897 [main] DEBUG org.activiti.engine.impl.cfg.standalone.StandaloneMybatisTransactionContext  - firing event committed...
10:45:10,897 [main] DEBUG org.activiti.engine.impl.interceptor.LogInterceptor  - --- NewTaskCmd finished --------------------------------------------------------
10:45:10,897 [main] DEBUG org.activiti.engine.impl.interceptor.LogInterceptor  - 

10:45:10,897 [main] DEBUG org.activiti.engine.impl.interceptor.LogInterceptor  - 

10:45:10,897 [main] DEBUG org.activiti.engine.impl.interceptor.LogInterceptor  - --- starting SaveTaskCmd --------------------------------------------------------
10:45:10,897 [main] DEBUG org.activiti.engine.impl.history.DefaultHistoryManager  - Current history level: FULL, level required: AUDIT
10:45:10,897 [main] DEBUG org.activiti.engine.impl.db.DbSqlSession  -   insert Task[id=838, name=gonzoRootTask1]
10:45:10,897 [main] DEBUG org.activiti.engine.impl.db.DbSqlSession  -   insert HistoricTaskInstanceEntity[id=838, name=gonzoRootTask1]
10:45:10,897 [main] DEBUG org.activiti.engine.impl.db.DbSqlSession  - flush summary: 2 insert, 0 update, 0 delete.
10:45:10,897 [main] DEBUG org.activiti.engine.impl.db.DbSqlSession  - now executing flush...
10:45:10,897 [main] DEBUG org.activiti.engine.impl.db.DbSqlSession  - inserting: HistoricTaskInstanceEntity[id=838, name=gonzoRootTask1]
10:45:10,897 [main] DEBUG org.apache.ibatis.transaction.jdbc.JdbcTransaction  - Opening JDBC Connection
10:45:10,897 [main] DEBUG org.apache.ibatis.datasource.pooled.PooledDataSource  - Checked out connection 297240765 from pool.
10:45:10,897 [main] DEBUG org.apache.ibatis.transaction.jdbc.JdbcTransaction  - Setting autocommit to false on JDBC Connection [conn4: url=jdbc:h2:mem:activiti user=SA]
10:45:10,897 [main] DEBUG org.activiti.engine.impl.persistence.entity.HistoricTaskInstanceEntity.insertHistoricTaskInstance  - ==&gt;  Preparing: insert into ACT_HI_TASKINST ( ID_, PROC_DEF_ID_, PROC_INST_ID_, EXECUTION_ID_, NAME_, PARENT_TASK_ID_, DESCRIPTION_, OWNER_, ASSIGNEE_, START_TIME_, CLAIM_TIME_, END_TIME_, DURATION_, DELETE_REASON_, TASK_DEF_KEY_, FORM_KEY_, PRIORITY_, DUE_DATE_, CATEGORY_, TENANT_ID_ ) values ( ?, ?, ?, ?, ?, ?, ?, ?, ?, ?, ?, ?, ?, ?, ?, ?, ?, ?, ?, ? ) 
10:45:10,897 [main] DEBUG org.activiti.engine.impl.persistence.entity.HistoricTaskInstanceEntity.insertHistoricTaskInstance  - ==&gt; Parameters: 838(String), null, null, null, gonzoRootTask1(String), null, gonzo Root task1 description(String), null, null, 2008-02-01 02:02:02.0(Timestamp), null, null, null, null, null, null, 50(Integer), null, null, (String)
10:45:10,897 [main] DEBUG org.activiti.engine.impl.persistence.entity.HistoricTaskInstanceEntity.insertHistoricTaskInstance  - &lt;==    Updates: 1
10:45:10,897 [main] DEBUG org.activiti.engine.impl.db.DbSqlSession  - inserting: Task[id=838, name=gonzoRootTask1]
10:45:10,897 [main] DEBUG org.activiti.engine.impl.persistence.entity.TaskEntity.insertTask  - ==&gt;  Preparing: insert into ACT_RU_TASK (ID_, REV_, NAME_, PARENT_TASK_ID_, DESCRIPTION_, PRIORITY_, CREATE_TIME_, OWNER_, ASSIGNEE_, DELEGATION_, EXECUTION_ID_, PROC_INST_ID_, PROC_DEF_ID_, TASK_DEF_KEY_, DUE_DATE_, CATEGORY_, SUSPENSION_STATE_, TENANT_ID_, FORM_KEY_) values (?, 1, ?, ?, ?, ?, ?, ?, ?, ?, ?, ?, ?, ?, ?, ?, ?, ?, ? ) 
10:45:10,897 [main] DEBUG org.activiti.engine.impl.persistence.entity.TaskEntity.insertTask  - ==&gt; Parameters: 838(String), gonzoRootTask1(String), null, gonzo Root task1 description(String), 50(Integer), 2008-02-01 02:02:02.0(Timestamp), null, null, null, null, null, null, null, null, null, 1(Integer), (String), null
10:45:10,897 [main] DEBUG org.activiti.engine.impl.persistence.entity.TaskEntity.insertTask  - &lt;==    Updates: 1
10:45:10,897 [main] DEBUG org.activiti.engine.impl.cfg.standalone.StandaloneMybatisTransactionContext  - firing event committing...
10:45:10,897 [main] DEBUG org.activiti.engine.impl.cfg.standalone.StandaloneMybatisTransactionContext  - committing the ibatis sql session...
10:45:10,897 [main] DEBUG org.apache.ibatis.transaction.jdbc.JdbcTransaction  - Committing JDBC Connection [conn4: url=jdbc:h2:mem:activiti user=SA]
10:45:10,897 [main] DEBUG org.activiti.engine.impl.cfg.standalone.StandaloneMybatisTransactionContext  - firing event committed...
10:45:10,897 [main] DEBUG org.apache.ibatis.transaction.jdbc.JdbcTransaction  - Resetting autocommit to true on JDBC Connection [conn4: url=jdbc:h2:mem:activiti user=SA]
10:45:10,897 [main] DEBUG org.apache.ibatis.transaction.jdbc.JdbcTransaction  - Closing JDBC Connection [conn4: url=jdbc:h2:mem:activiti user=SA]
10:45:10,897 [main] DEBUG org.apache.ibatis.datasource.pooled.PooledDataSource  - Returned connection 297240765 to pool.
10:45:10,897 [main] DEBUG org.activiti.engine.impl.interceptor.LogInterceptor  - --- SaveTaskCmd finished --------------------------------------------------------
10:45:10,897 [main] DEBUG org.activiti.engine.impl.interceptor.LogInterceptor  - 

10:45:10,897 [main] DEBUG org.activiti.engine.impl.interceptor.LogInterceptor  - 

10:45:10,897 [main] DEBUG org.activiti.engine.impl.interceptor.LogInterceptor  - --- starting AddIdentityLinkCmd --------------------------------------------------------
10:45:10,897 [main] DEBUG org.apache.ibatis.transaction.jdbc.JdbcTransaction  - Opening JDBC Connection
10:45:10,897 [main] DEBUG org.apache.ibatis.datasource.pooled.PooledDataSource  - Checked out connection 486346394 from pool.
10:45:10,897 [main] DEBUG org.apache.ibatis.transaction.jdbc.JdbcTransaction  - Setting autocommit to false on JDBC Connection [conn6: url=jdbc:h2:mem:activiti user=SA]
10:45:10,897 [main] DEBUG org.activiti.engine.impl.persistence.entity.TaskEntity.selectTask  - ==&gt;  Preparing: select * from ACT_RU_TASK where ID_ = ? 
10:45:10,897 [main] DEBUG org.activiti.engine.impl.persistence.entity.TaskEntity.selectTask  - ==&gt; Parameters: 838(String)
10:45:10,897 [main] DEBUG org.activiti.engine.impl.persistence.entity.TaskEntity.selectTask  - &lt;==      Total: 1
10:45:10,897 [main] DEBUG org.activiti.engine.impl.history.DefaultHistoryManager  - Current history level: FULL, level required: AUDIT
10:45:10,897 [main] DEBUG org.activiti.engine.impl.persistence.entity.HistoricTaskInstanceEntity.selectHistoricTaskInstance  - ==&gt;  Preparing: select * from ACT_HI_TASKINST where ID_ = ? 
10:45:10,897 [main] DEBUG org.activiti.engine.impl.persistence.entity.HistoricTaskInstanceEntity.selectHistoricTaskInstance  - ==&gt; Parameters: 838(String)
10:45:10,897 [main] DEBUG org.activiti.engine.impl.persistence.entity.HistoricTaskInstanceEntity.selectHistoricTaskInstance  - &lt;==      Total: 1
10:45:10,897 [main] DEBUG org.activiti.engine.impl.history.DefaultHistoryManager  - Current history level: FULL
10:45:10,897 [main] DEBUG org.activiti.engine.impl.history.DefaultHistoryManager  - Current history level: FULL
10:45:10,897 [main] DEBUG org.activiti.engine.impl.db.DbSqlSession  -   insert org.activiti.engine.impl.persistence.entity.CommentEntity@520034a
10:45:10,897 [main] DEBUG org.activiti.engine.impl.db.DbSqlSession  -   update Task[id=838, name=gonzoRootTask1]
10:45:10,897 [main] DEBUG org.activiti.engine.impl.db.DbSqlSession  -   update HistoricTaskInstanceEntity[id=838, name=gonzoRootTask1]
10:45:10,897 [main] DEBUG org.activiti.engine.impl.db.DbSqlSession  - flush summary: 1 insert, 2 update, 0 delete.
10:45:10,897 [main] DEBUG org.activiti.engine.impl.db.DbSqlSession  - now executing flush...
10:45:10,897 [main] DEBUG org.activiti.engine.impl.db.DbSqlSession  - inserting: org.activiti.engine.impl.persistence.entity.CommentEntity@520034a
10:45:10,897 [main] DEBUG org.activiti.engine.impl.persistence.entity.CommentEntity.insertComment  - ==&gt;  Preparing: insert into ACT_HI_COMMENT (ID_, TYPE_, TIME_, USER_ID_, TASK_ID_, PROC_INST_ID_, ACTION_, MESSAGE_, FULL_MSG_) values (?, ?, ?, ?, ?, ?, ?, ?, ?) 
10:45:10,897 [main] DEBUG org.activiti.engine.impl.persistence.entity.CommentEntity.insertComment  - ==&gt; Parameters: 839(String), event(String), 2008-02-01 02:02:02.0(Timestamp), null, 838(String), null, AddUserLink(String), gonzo_|_assignee(String), null
10:45:10,897 [main] DEBUG org.activiti.engine.impl.persistence.entity.CommentEntity.insertComment  - &lt;==    Updates: 1
10:45:10,897 [main] DEBUG org.activiti.engine.impl.db.DbSqlSession  - updating: Task[id=838, name=gonzoRootTask1]
10:45:10,897 [main] DEBUG org.activiti.engine.impl.persistence.entity.TaskEntity.updateTask  - ==&gt;  Preparing: update ACT_RU_TASK SET REV_ = ?, NAME_ = ?, PARENT_TASK_ID_ = ?, PRIORITY_ = ?, CREATE_TIME_ = ?, OWNER_ = ?, ASSIGNEE_ = ?, DELEGATION_ = ?, EXECUTION_ID_ = ?, PROC_DEF_ID_ = ?, DESCRIPTION_ = ?, DUE_DATE_ = ?, CATEGORY_ = ?, SUSPENSION_STATE_ = ?, FORM_KEY_ = ? where ID_= ? and REV_ = ? 
10:45:10,897 [main] DEBUG org.activiti.engine.impl.persistence.entity.TaskEntity.updateTask  - ==&gt; Parameters: 2(Integer), gonzoRootTask1(String), null, 50(Integer), 2008-02-01 02:02:02.0(Timestamp), null, gonzo(String), null, null, null, gonzo Root task1 description(String), null, null, 1(Integer), null, 838(String), 1(Integer)
10:45:10,897 [main] DEBUG org.activiti.engine.impl.persistence.entity.TaskEntity.updateTask  - &lt;==    Updates: 1
10:45:10,897 [main] DEBUG org.activiti.engine.impl.db.DbSqlSession  - updating: HistoricTaskInstanceEntity[id=838, name=gonzoRootTask1]
10:45:10,897 [main] DEBUG org.activiti.engine.impl.persistence.entity.HistoricTaskInstanceEntity.updateHistoricTaskInstance  - ==&gt;  Preparing: update ACT_HI_TASKINST set EXECUTION_ID_ = ?, NAME_ = ?, PARENT_TASK_ID_ = ?, DESCRIPTION_ = ?, OWNER_ = ?, ASSIGNEE_ = ?, CLAIM_TIME_ = ?, END_TIME_ = ?, DURATION_ = ?, DELETE_REASON_ = ?, TASK_DEF_KEY_ = ?, FORM_KEY_ = ?, PRIORITY_ = ?, DUE_DATE_ = ?, CATEGORY_ = ? where ID_ = ? 
10:45:10,897 [main] DEBUG org.activiti.engine.impl.persistence.entity.HistoricTaskInstanceEntity.updateHistoricTaskInstance  - ==&gt; Parameters: null, gonzoRootTask1(String), null, gonzo Root task1 description(String), null, gonzo(String), null, null, null, null, null, null, 50(Integer), null, null, 838(String)
10:45:10,897 [main] DEBUG org.activiti.engine.impl.persistence.entity.HistoricTaskInstanceEntity.updateHistoricTaskInstance  - &lt;==    Updates: 1
10:45:10,897 [main] DEBUG org.activiti.engine.impl.cfg.standalone.StandaloneMybatisTransactionContext  - firing event committing...
10:45:10,897 [main] DEBUG org.activiti.engine.impl.cfg.standalone.StandaloneMybatisTransactionContext  - committing the ibatis sql session...
10:45:10,897 [main] DEBUG org.apache.ibatis.transaction.jdbc.JdbcTransaction  - Committing JDBC Connection [conn6: url=jdbc:h2:mem:activiti user=SA]
10:45:10,897 [main] DEBUG org.activiti.engine.impl.cfg.standalone.StandaloneMybatisTransactionContext  - firing event committed...
10:45:10,897 [main] DEBUG org.apache.ibatis.transaction.jdbc.JdbcTransaction  - Resetting autocommit to true on JDBC Connection [conn6: url=jdbc:h2:mem:activiti user=SA]
10:45:10,897 [main] DEBUG org.apache.ibatis.transaction.jdbc.JdbcTransaction  - Closing JDBC Connection [conn6: url=jdbc:h2:mem:activiti user=SA]
10:45:10,897 [main] DEBUG org.apache.ibatis.datasource.pooled.PooledDataSource  - Returned connection 486346394 to pool.
10:45:10,897 [main] DEBUG org.activiti.engine.impl.interceptor.LogInterceptor  - --- AddIdentityLinkCmd finished --------------------------------------------------------
10:45:10,897 [main] DEBUG org.activiti.engine.impl.interceptor.LogInterceptor  - 

10:45:10,897 [main] DEBUG org.activiti.engine.impl.interceptor.LogInterceptor  - 

10:45:10,897 [main] DEBUG org.activiti.engine.impl.interceptor.LogInterceptor  - --- starting NewTaskCmd --------------------------------------------------------
10:45:10,897 [main] DEBUG org.activiti.engine.impl.cfg.standalone.StandaloneMybatisTransactionContext  - firing event committing...
10:45:10,897 [main] DEBUG org.activiti.engine.impl.cfg.standalone.StandaloneMybatisTransactionContext  - committing the ibatis sql session...
10:45:10,897 [main] DEBUG org.activiti.engine.impl.cfg.standalone.StandaloneMybatisTransactionContext  - firing event committed...
10:45:10,897 [main] DEBUG org.activiti.engine.impl.interceptor.LogInterceptor  - --- NewTaskCmd finished --------------------------------------------------------
10:45:10,897 [main] DEBUG org.activiti.engine.impl.interceptor.LogInterceptor  - 

10:45:10,897 [main] DEBUG org.activiti.engine.impl.interceptor.LogInterceptor  - 

10:45:10,897 [main] DEBUG org.activiti.engine.impl.interceptor.LogInterceptor  - --- starting SaveTaskCmd --------------------------------------------------------
10:45:10,897 [main] DEBUG org.activiti.engine.impl.history.DefaultHistoryManager  - Current history level: FULL, level required: AUDIT
10:45:10,897 [main] DEBUG org.activiti.engine.impl.db.DbSqlSession  -   insert Task[id=840, name=gonzoRootTask2]
10:45:10,897 [main] DEBUG org.activiti.engine.impl.db.DbSqlSession  -   insert HistoricTaskInstanceEntity[id=840, name=gonzoRootTask2]
10:45:10,897 [main] DEBUG org.activiti.engine.impl.db.DbSqlSession  - flush summary: 2 insert, 0 update, 0 delete.
10:45:10,897 [main] DEBUG org.activiti.engine.impl.db.DbSqlSession  - now executing flush...
10:45:10,897 [main] DEBUG org.activiti.engine.impl.db.DbSqlSession  - inserting: HistoricTaskInstanceEntity[id=840, name=gonzoRootTask2]
10:45:10,897 [main] DEBUG org.apache.ibatis.transaction.jdbc.JdbcTransaction  - Opening JDBC Connection
10:45:10,897 [main] DEBUG org.apache.ibatis.datasource.pooled.PooledDataSource  - Checked out connection 180014677 from pool.
10:45:10,897 [main] DEBUG org.apache.ibatis.transaction.jdbc.JdbcTransaction  - Setting autocommit to false on JDBC Connection [conn3: url=jdbc:h2:mem:activiti user=SA]
10:45:10,897 [main] DEBUG org.activiti.engine.impl.persistence.entity.HistoricTaskInstanceEntity.insertHistoricTaskInstance  - ==&gt;  Preparing: insert into ACT_HI_TASKINST ( ID_, PROC_DEF_ID_, PROC_INST_ID_, EXECUTION_ID_, NAME_, PARENT_TASK_ID_, DESCRIPTION_, OWNER_, ASSIGNEE_, START_TIME_, CLAIM_TIME_, END_TIME_, DURATION_, DELETE_REASON_, TASK_DEF_KEY_, FORM_KEY_, PRIORITY_, DUE_DATE_, CATEGORY_, TENANT_ID_ ) values ( ?, ?, ?, ?, ?, ?, ?, ?, ?, ?, ?, ?, ?, ?, ?, ?, ?, ?, ?, ? ) 
10:45:10,897 [main] DEBUG org.activiti.engine.impl.persistence.entity.HistoricTaskInstanceEntity.insertHistoricTaskInstance  - ==&gt; Parameters: 840(String), null, null, null, gonzoRootTask2(String), null, gonzo Root task2 description(String), null, null, 2008-02-05 02:02:02.0(Timestamp), null, null, null, null, null, null, 50(Integer), null, null, (String)
10:45:10,897 [main] DEBUG org.activiti.engine.impl.persistence.entity.HistoricTaskInstanceEntity.insertHistoricTaskInstance  - &lt;==    Updates: 1
10:45:10,897 [main] DEBUG org.activiti.engine.impl.db.DbSqlSession  - inserting: Task[id=840, name=gonzoRootTask2]
10:45:10,897 [main] DEBUG org.activiti.engine.impl.persistence.entity.TaskEntity.insertTask  - ==&gt;  Preparing: insert into ACT_RU_TASK (ID_, REV_, NAME_, PARENT_TASK_ID_, DESCRIPTION_, PRIORITY_, CREATE_TIME_, OWNER_, ASSIGNEE_, DELEGATION_, EXECUTION_ID_, PROC_INST_ID_, PROC_DEF_ID_, TASK_DEF_KEY_, DUE_DATE_, CATEGORY_, SUSPENSION_STATE_, TENANT_ID_, FORM_KEY_) values (?, 1, ?, ?, ?, ?, ?, ?, ?, ?, ?, ?, ?, ?, ?, ?, ?, ?, ? ) 
10:45:10,897 [main] DEBUG org.activiti.engine.impl.persistence.entity.TaskEntity.insertTask  - ==&gt; Parameters: 840(String), gonzoRootTask2(String), null, gonzo Root task2 description(String), 50(Integer), 2008-02-05 02:02:02.0(Timestamp), null, null, null, null, null, null, null, null, null, 1(Integer), (String), null
10:45:10,897 [main] DEBUG org.activiti.engine.impl.persistence.entity.TaskEntity.insertTask  - &lt;==    Updates: 1
10:45:10,897 [main] DEBUG org.activiti.engine.impl.cfg.standalone.StandaloneMybatisTransactionContext  - firing event committing...
10:45:10,897 [main] DEBUG org.activiti.engine.impl.cfg.standalone.StandaloneMybatisTransactionContext  - committing the ibatis sql session...
10:45:10,897 [main] DEBUG org.apache.ibatis.transaction.jdbc.JdbcTransaction  - Committing JDBC Connection [conn3: url=jdbc:h2:mem:activiti user=SA]
10:45:10,897 [main] DEBUG org.activiti.engine.impl.cfg.standalone.StandaloneMybatisTransactionContext  - firing event committed...
10:45:10,897 [main] DEBUG org.apache.ibatis.transaction.jdbc.JdbcTransaction  - Resetting autocommit to true on JDBC Connection [conn3: url=jdbc:h2:mem:activiti user=SA]
10:45:10,897 [main] DEBUG org.apache.ibatis.transaction.jdbc.JdbcTransaction  - Closing JDBC Connection [conn3: url=jdbc:h2:mem:activiti user=SA]
10:45:10,897 [main] DEBUG org.apache.ibatis.datasource.pooled.PooledDataSource  - Returned connection 180014677 to pool.
10:45:10,897 [main] DEBUG org.activiti.engine.impl.interceptor.LogInterceptor  - --- SaveTaskCmd finished --------------------------------------------------------
10:45:10,897 [main] DEBUG org.activiti.engine.impl.interceptor.LogInterceptor  - 

10:45:10,897 [main] DEBUG org.activiti.engine.impl.interceptor.LogInterceptor  - 

10:45:10,897 [main] DEBUG org.activiti.engine.impl.interceptor.LogInterceptor  - --- starting AddIdentityLinkCmd --------------------------------------------------------
10:45:10,897 [main] DEBUG org.apache.ibatis.transaction.jdbc.JdbcTransaction  - Opening JDBC Connection
10:45:10,897 [main] DEBUG org.apache.ibatis.datasource.pooled.PooledDataSource  - Checked out connection 363509958 from pool.
10:45:10,897 [main] DEBUG org.apache.ibatis.transaction.jdbc.JdbcTransaction  - Setting autocommit to false on JDBC Connection [conn2: url=jdbc:h2:mem:activiti user=SA]
10:45:10,897 [main] DEBUG org.activiti.engine.impl.persistence.entity.TaskEntity.selectTask  - ==&gt;  Preparing: select * from ACT_RU_TASK where ID_ = ? 
10:45:10,897 [main] DEBUG org.activiti.engine.impl.persistence.entity.TaskEntity.selectTask  - ==&gt; Parameters: 840(String)
10:45:10,897 [main] DEBUG org.activiti.engine.impl.persistence.entity.TaskEntity.selectTask  - &lt;==      Total: 1
10:45:10,897 [main] DEBUG org.activiti.engine.impl.history.DefaultHistoryManager  - Current history level: FULL, level required: AUDIT
10:45:10,897 [main] DEBUG org.activiti.engine.impl.persistence.entity.HistoricTaskInstanceEntity.selectHistoricTaskInstance  - ==&gt;  Preparing: select * from ACT_HI_TASKINST where ID_ = ? 
10:45:10,897 [main] DEBUG org.activiti.engine.impl.persistence.entity.HistoricTaskInstanceEntity.selectHistoricTaskInstance  - ==&gt; Parameters: 840(String)
10:45:10,897 [main] DEBUG org.activiti.engine.impl.persistence.entity.HistoricTaskInstanceEntity.selectHistoricTaskInstance  - &lt;==      Total: 1
10:45:10,897 [main] DEBUG org.activiti.engine.impl.history.DefaultHistoryManager  - Current history level: FULL
10:45:10,897 [main] DEBUG org.activiti.engine.impl.history.DefaultHistoryManager  - Current history level: FULL
10:45:10,897 [main] DEBUG org.activiti.engine.impl.db.DbSqlSession  -   insert org.activiti.engine.impl.persistence.entity.CommentEntity@bedebe9
10:45:10,897 [main] DEBUG org.activiti.engine.impl.db.DbSqlSession  -   update Task[id=840, name=gonzoRootTask2]
10:45:10,897 [main] DEBUG org.activiti.engine.impl.db.DbSqlSession  -   update HistoricTaskInstanceEntity[id=840, name=gonzoRootTask2]
10:45:10,897 [main] DEBUG org.activiti.engine.impl.db.DbSqlSession  - flush summary: 1 insert, 2 update, 0 delete.
10:45:10,897 [main] DEBUG org.activiti.engine.impl.db.DbSqlSession  - now executing flush...
10:45:10,897 [main] DEBUG org.activiti.engine.impl.db.DbSqlSession  - inserting: org.activiti.engine.impl.persistence.entity.CommentEntity@bedebe9
10:45:10,897 [main] DEBUG org.activiti.engine.impl.persistence.entity.CommentEntity.insertComment  - ==&gt;  Preparing: insert into ACT_HI_COMMENT (ID_, TYPE_, TIME_, USER_ID_, TASK_ID_, PROC_INST_ID_, ACTION_, MESSAGE_, FULL_MSG_) values (?, ?, ?, ?, ?, ?, ?, ?, ?) 
10:45:10,897 [main] DEBUG org.activiti.engine.impl.persistence.entity.CommentEntity.insertComment  - ==&gt; Parameters: 841(String), event(String), 2008-02-05 02:02:02.0(Timestamp), null, 840(String), null, AddUserLink(String), gonzo_|_assignee(String), null
10:45:10,897 [main] DEBUG org.activiti.engine.impl.persistence.entity.CommentEntity.insertComment  - &lt;==    Updates: 1
10:45:10,897 [main] DEBUG org.activiti.engine.impl.db.DbSqlSession  - updating: Task[id=840, name=gonzoRootTask2]
10:45:10,897 [main] DEBUG org.activiti.engine.impl.persistence.entity.TaskEntity.updateTask  - ==&gt;  Preparing: update ACT_RU_TASK SET REV_ = ?, NAME_ = ?, PARENT_TASK_ID_ = ?, PRIORITY_ = ?, CREATE_TIME_ = ?, OWNER_ = ?, ASSIGNEE_ = ?, DELEGATION_ = ?, EXECUTION_ID_ = ?, PROC_DEF_ID_ = ?, DESCRIPTION_ = ?, DUE_DATE_ = ?, CATEGORY_ = ?, SUSPENSION_STATE_ = ?, FORM_KEY_ = ? where ID_= ? and REV_ = ? 
10:45:10,897 [main] DEBUG org.activiti.engine.impl.persistence.entity.TaskEntity.updateTask  - ==&gt; Parameters: 2(Integer), gonzoRootTask2(String), null, 50(Integer), 2008-02-05 02:02:02.0(Timestamp), null, gonzo(String), null, null, null, gonzo Root task2 description(String), null, null, 1(Integer), null, 840(String), 1(Integer)
10:45:10,897 [main] DEBUG org.activiti.engine.impl.persistence.entity.TaskEntity.updateTask  - &lt;==    Updates: 1
10:45:10,897 [main] DEBUG org.activiti.engine.impl.db.DbSqlSession  - updating: HistoricTaskInstanceEntity[id=840, name=gonzoRootTask2]
10:45:10,897 [main] DEBUG org.activiti.engine.impl.persistence.entity.HistoricTaskInstanceEntity.updateHistoricTaskInstance  - ==&gt;  Preparing: update ACT_HI_TASKINST set EXECUTION_ID_ = ?, NAME_ = ?, PARENT_TASK_ID_ = ?, DESCRIPTION_ = ?, OWNER_ = ?, ASSIGNEE_ = ?, CLAIM_TIME_ = ?, END_TIME_ = ?, DURATION_ = ?, DELETE_REASON_ = ?, TASK_DEF_KEY_ = ?, FORM_KEY_ = ?, PRIORITY_ = ?, DUE_DATE_ = ?, CATEGORY_ = ? where ID_ = ? 
10:45:10,899 [main] DEBUG org.activiti.engine.impl.persistence.entity.HistoricTaskInstanceEntity.updateHistoricTaskInstance  - ==&gt; Parameters: null, gonzoRootTask2(String), null, gonzo Root task2 description(String), null, gonzo(String), null, null, null, null, null, null, 50(Integer), null, null, 840(String)
10:45:10,899 [main] DEBUG org.activiti.engine.impl.persistence.entity.HistoricTaskInstanceEntity.updateHistoricTaskInstance  - &lt;==    Updates: 1
10:45:10,899 [main] DEBUG org.activiti.engine.impl.cfg.standalone.StandaloneMybatisTransactionContext  - firing event committing...
10:45:10,899 [main] DEBUG org.activiti.engine.impl.cfg.standalone.StandaloneMybatisTransactionContext  - committing the ibatis sql session...
10:45:10,899 [main] DEBUG org.apache.ibatis.transaction.jdbc.JdbcTransaction  - Committing JDBC Connection [conn2: url=jdbc:h2:mem:activiti user=SA]
10:45:10,899 [main] DEBUG org.activiti.engine.impl.cfg.standalone.StandaloneMybatisTransactionContext  - firing event committed...
10:45:10,899 [main] DEBUG org.apache.ibatis.transaction.jdbc.JdbcTransaction  - Resetting autocommit to true on JDBC Connection [conn2: url=jdbc:h2:mem:activiti user=SA]
10:45:10,899 [main] DEBUG org.apache.ibatis.transaction.jdbc.JdbcTransaction  - Closing JDBC Connection [conn2: url=jdbc:h2:mem:activiti user=SA]
10:45:10,899 [main] DEBUG org.apache.ibatis.datasource.pooled.PooledDataSource  - Returned connection 363509958 to pool.
10:45:10,899 [main] DEBUG org.activiti.engine.impl.interceptor.LogInterceptor  - --- AddIdentityLinkCmd finished --------------------------------------------------------
10:45:10,899 [main] DEBUG org.activiti.engine.impl.interceptor.LogInterceptor  - 

10:45:10,899 [main] DEBUG org.activiti.engine.impl.interceptor.LogInterceptor  - 

10:45:10,899 [main] DEBUG org.activiti.engine.impl.interceptor.LogInterceptor  - --- starting NewTaskCmd --------------------------------------------------------
10:45:10,899 [main] DEBUG org.activiti.engine.impl.cfg.standalone.StandaloneMybatisTransactionContext  - firing event committing...
10:45:10,899 [main] DEBUG org.activiti.engine.impl.cfg.standalone.StandaloneMybatisTransactionContext  - committing the ibatis sql session...
10:45:10,899 [main] DEBUG org.activiti.engine.impl.cfg.standalone.StandaloneMybatisTransactionContext  - firing event committed...
10:45:10,899 [main] DEBUG org.activiti.engine.impl.interceptor.LogInterceptor  - --- NewTaskCmd finished --------------------------------------------------------
10:45:10,899 [main] DEBUG org.activiti.engine.impl.interceptor.LogInterceptor  - 

10:45:10,899 [main] DEBUG org.activiti.engine.impl.interceptor.LogInterceptor  - 

10:45:10,899 [main] DEBUG org.activiti.engine.impl.interceptor.LogInterceptor  - --- starting SaveTaskCmd --------------------------------------------------------
10:45:10,899 [main] DEBUG org.activiti.engine.impl.history.DefaultHistoryManager  - Current history level: FULL, level required: AUDIT
10:45:10,899 [main] DEBUG org.activiti.engine.impl.db.DbSqlSession  -   insert Task[id=842, name=gonzoSubTask1_1]
10:45:10,899 [main] DEBUG org.activiti.engine.impl.db.DbSqlSession  -   insert HistoricTaskInstanceEntity[id=842, name=gonzoSubTask1_1]
10:45:10,899 [main] DEBUG org.activiti.engine.impl.db.DbSqlSession  - flush summary: 2 insert, 0 update, 0 delete.
10:45:10,899 [main] DEBUG org.activiti.engine.impl.db.DbSqlSession  - now executing flush...
10:45:10,899 [main] DEBUG org.activiti.engine.impl.db.DbSqlSession  - inserting: HistoricTaskInstanceEntity[id=842, name=gonzoSubTask1_1]
10:45:10,899 [main] DEBUG org.apache.ibatis.transaction.jdbc.JdbcTransaction  - Opening JDBC Connection
10:45:10,899 [main] DEBUG org.apache.ibatis.datasource.pooled.PooledDataSource  - Checked out connection 297240765 from pool.
10:45:10,899 [main] DEBUG org.apache.ibatis.transaction.jdbc.JdbcTransaction  - Setting autocommit to false on JDBC Connection [conn4: url=jdbc:h2:mem:activiti user=SA]
10:45:10,899 [main] DEBUG org.activiti.engine.impl.persistence.entity.HistoricTaskInstanceEntity.insertHistoricTaskInstance  - ==&gt;  Preparing: insert into ACT_HI_TASKINST ( ID_, PROC_DEF_ID_, PROC_INST_ID_, EXECUTION_ID_, NAME_, PARENT_TASK_ID_, DESCRIPTION_, OWNER_, ASSIGNEE_, START_TIME_, CLAIM_TIME_, END_TIME_, DURATION_, DELETE_REASON_, TASK_DEF_KEY_, FORM_KEY_, PRIORITY_, DUE_DATE_, CATEGORY_, TENANT_ID_ ) values ( ?, ?, ?, ?, ?, ?, ?, ?, ?, ?, ?, ?, ?, ?, ?, ?, ?, ?, ?, ? ) 
10:45:10,899 [main] DEBUG org.activiti.engine.impl.persistence.entity.HistoricTaskInstanceEntity.insertHistoricTaskInstance  - ==&gt; Parameters: 842(String), null, null, null, gonzoSubTask1_1(String), 838(String), description for gonzo sub-task1_1(String), null, null, 2009-01-01 01:01:01.0(Timestamp), null, null, null, null, null, null, 50(Integer), null, null, (String)
10:45:10,899 [main] DEBUG org.activiti.engine.impl.persistence.entity.HistoricTaskInstanceEntity.insertHistoricTaskInstance  - &lt;==    Updates: 1
10:45:10,899 [main] DEBUG org.activiti.engine.impl.db.DbSqlSession  - inserting: Task[id=842, name=gonzoSubTask1_1]
10:45:10,899 [main] DEBUG org.activiti.engine.impl.persistence.entity.TaskEntity.insertTask  - ==&gt;  Preparing: insert into ACT_RU_TASK (ID_, REV_, NAME_, PARENT_TASK_ID_, DESCRIPTION_, PRIORITY_, CREATE_TIME_, OWNER_, ASSIGNEE_, DELEGATION_, EXECUTION_ID_, PROC_INST_ID_, PROC_DEF_ID_, TASK_DEF_KEY_, DUE_DATE_, CATEGORY_, SUSPENSION_STATE_, TENANT_ID_, FORM_KEY_) values (?, 1, ?, ?, ?, ?, ?, ?, ?, ?, ?, ?, ?, ?, ?, ?, ?, ?, ? ) 
10:45:10,899 [main] DEBUG org.activiti.engine.impl.persistence.entity.TaskEntity.insertTask  - ==&gt; Parameters: 842(String), gonzoSubTask1_1(String), 838(String), description for gonzo sub-task1_1(String), 50(Integer), 2009-01-01 01:01:01.0(Timestamp), null, null, null, null, null, null, null, null, null, 1(Integer), (String), null
10:45:10,899 [main] DEBUG org.activiti.engine.impl.persistence.entity.TaskEntity.insertTask  - &lt;==    Updates: 1
10:45:10,899 [main] DEBUG org.activiti.engine.impl.cfg.standalone.StandaloneMybatisTransactionContext  - firing event committing...
10:45:10,899 [main] DEBUG org.activiti.engine.impl.cfg.standalone.StandaloneMybatisTransactionContext  - committing the ibatis sql session...
10:45:10,899 [main] DEBUG org.apache.ibatis.transaction.jdbc.JdbcTransaction  - Committing JDBC Connection [conn4: url=jdbc:h2:mem:activiti user=SA]
10:45:10,899 [main] DEBUG org.activiti.engine.impl.cfg.standalone.StandaloneMybatisTransactionContext  - firing event committed...
10:45:10,899 [main] DEBUG org.apache.ibatis.transaction.jdbc.JdbcTransaction  - Resetting autocommit to true on JDBC Connection [conn4: url=jdbc:h2:mem:activiti user=SA]
10:45:10,899 [main] DEBUG org.apache.ibatis.transaction.jdbc.JdbcTransaction  - Closing JDBC Connection [conn4: url=jdbc:h2:mem:activiti user=SA]
10:45:10,899 [main] DEBUG org.apache.ibatis.datasource.pooled.PooledDataSource  - Returned connection 297240765 to pool.
10:45:10,899 [main] DEBUG org.activiti.engine.impl.interceptor.LogInterceptor  - --- SaveTaskCmd finished --------------------------------------------------------
10:45:10,899 [main] DEBUG org.activiti.engine.impl.interceptor.LogInterceptor  - 

10:45:10,899 [main] DEBUG org.activiti.engine.impl.interceptor.LogInterceptor  - 

10:45:10,899 [main] DEBUG org.activiti.engine.impl.interceptor.LogInterceptor  - --- starting AddIdentityLinkCmd --------------------------------------------------------
10:45:10,899 [main] DEBUG org.apache.ibatis.transaction.jdbc.JdbcTransaction  - Opening JDBC Connection
10:45:10,899 [main] DEBUG org.apache.ibatis.datasource.pooled.PooledDataSource  - Checked out connection 486346394 from pool.
10:45:10,899 [main] DEBUG org.apache.ibatis.transaction.jdbc.JdbcTransaction  - Setting autocommit to false on JDBC Connection [conn6: url=jdbc:h2:mem:activiti user=SA]
10:45:10,899 [main] DEBUG org.activiti.engine.impl.persistence.entity.TaskEntity.selectTask  - ==&gt;  Preparing: select * from ACT_RU_TASK where ID_ = ? 
10:45:10,899 [main] DEBUG org.activiti.engine.impl.persistence.entity.TaskEntity.selectTask  - ==&gt; Parameters: 842(String)
10:45:10,899 [main] DEBUG org.activiti.engine.impl.persistence.entity.TaskEntity.selectTask  - &lt;==      Total: 1
10:45:10,899 [main] DEBUG org.activiti.engine.impl.history.DefaultHistoryManager  - Current history level: FULL, level required: AUDIT
10:45:10,899 [main] DEBUG org.activiti.engine.impl.persistence.entity.HistoricTaskInstanceEntity.selectHistoricTaskInstance  - ==&gt;  Preparing: select * from ACT_HI_TASKINST where ID_ = ? 
10:45:10,899 [main] DEBUG org.activiti.engine.impl.persistence.entity.HistoricTaskInstanceEntity.selectHistoricTaskInstance  - ==&gt; Parameters: 842(String)
10:45:10,899 [main] DEBUG org.activiti.engine.impl.persistence.entity.HistoricTaskInstanceEntity.selectHistoricTaskInstance  - &lt;==      Total: 1
10:45:10,899 [main] DEBUG org.activiti.engine.impl.history.DefaultHistoryManager  - Current history level: FULL
10:45:10,899 [main] DEBUG org.activiti.engine.impl.history.DefaultHistoryManager  - Current history level: FULL
10:45:10,899 [main] DEBUG org.activiti.engine.impl.db.DbSqlSession  -   insert org.activiti.engine.impl.persistence.entity.CommentEntity@6592a73b
10:45:10,899 [main] DEBUG org.activiti.engine.impl.db.DbSqlSession  -   update Task[id=842, name=gonzoSubTask1_1]
10:45:10,899 [main] DEBUG org.activiti.engine.impl.db.DbSqlSession  -   update HistoricTaskInstanceEntity[id=842, name=gonzoSubTask1_1]
10:45:10,899 [main] DEBUG org.activiti.engine.impl.db.DbSqlSession  - flush summary: 1 insert, 2 update, 0 delete.
10:45:10,899 [main] DEBUG org.activiti.engine.impl.db.DbSqlSession  - now executing flush...
10:45:10,899 [main] DEBUG org.activiti.engine.impl.db.DbSqlSession  - inserting: org.activiti.engine.impl.persistence.entity.CommentEntity@6592a73b
10:45:10,899 [main] DEBUG org.activiti.engine.impl.persistence.entity.CommentEntity.insertComment  - ==&gt;  Preparing: insert into ACT_HI_COMMENT (ID_, TYPE_, TIME_, USER_ID_, TASK_ID_, PROC_INST_ID_, ACTION_, MESSAGE_, FULL_MSG_) values (?, ?, ?, ?, ?, ?, ?, ?, ?) 
10:45:10,899 [main] DEBUG org.activiti.engine.impl.persistence.entity.CommentEntity.insertComment  - ==&gt; Parameters: 843(String), event(String), 2009-01-01 01:01:01.0(Timestamp), null, 842(String), null, AddUserLink(String), gonzo_|_assignee(String), null
10:45:10,899 [main] DEBUG org.activiti.engine.impl.persistence.entity.CommentEntity.insertComment  - &lt;==    Updates: 1
10:45:10,899 [main] DEBUG org.activiti.engine.impl.db.DbSqlSession  - updating: Task[id=842, name=gonzoSubTask1_1]
10:45:10,899 [main] DEBUG org.activiti.engine.impl.persistence.entity.TaskEntity.updateTask  - ==&gt;  Preparing: update ACT_RU_TASK SET REV_ = ?, NAME_ = ?, PARENT_TASK_ID_ = ?, PRIORITY_ = ?, CREATE_TIME_ = ?, OWNER_ = ?, ASSIGNEE_ = ?, DELEGATION_ = ?, EXECUTION_ID_ = ?, PROC_DEF_ID_ = ?, DESCRIPTION_ = ?, DUE_DATE_ = ?, CATEGORY_ = ?, SUSPENSION_STATE_ = ?, FORM_KEY_ = ? where ID_= ? and REV_ = ? 
10:45:10,899 [main] DEBUG org.activiti.engine.impl.persistence.entity.TaskEntity.updateTask  - ==&gt; Parameters: 2(Integer), gonzoSubTask1_1(String), 838(String), 50(Integer), 2009-01-01 01:01:01.0(Timestamp), null, gonzo(String), null, null, null, description for gonzo sub-task1_1(String), null, null, 1(Integer), null, 842(String), 1(Integer)
10:45:10,899 [main] DEBUG org.activiti.engine.impl.persistence.entity.TaskEntity.updateTask  - &lt;==    Updates: 1
10:45:10,899 [main] DEBUG org.activiti.engine.impl.db.DbSqlSession  - updating: HistoricTaskInstanceEntity[id=842, name=gonzoSubTask1_1]
10:45:10,899 [main] DEBUG org.activiti.engine.impl.persistence.entity.HistoricTaskInstanceEntity.updateHistoricTaskInstance  - ==&gt;  Preparing: update ACT_HI_TASKINST set EXECUTION_ID_ = ?, NAME_ = ?, PARENT_TASK_ID_ = ?, DESCRIPTION_ = ?, OWNER_ = ?, ASSIGNEE_ = ?, CLAIM_TIME_ = ?, END_TIME_ = ?, DURATION_ = ?, DELETE_REASON_ = ?, TASK_DEF_KEY_ = ?, FORM_KEY_ = ?, PRIORITY_ = ?, DUE_DATE_ = ?, CATEGORY_ = ? where ID_ = ? 
10:45:10,899 [main] DEBUG org.activiti.engine.impl.persistence.entity.HistoricTaskInstanceEntity.updateHistoricTaskInstance  - ==&gt; Parameters: null, gonzoSubTask1_1(String), 838(String), description for gonzo sub-task1_1(String), null, gonzo(String), null, null, null, null, null, null, 50(Integer), null, null, 842(String)
10:45:10,899 [main] DEBUG org.activiti.engine.impl.persistence.entity.HistoricTaskInstanceEntity.updateHistoricTaskInstance  - &lt;==    Updates: 1
10:45:10,899 [main] DEBUG org.activiti.engine.impl.cfg.standalone.StandaloneMybatisTransactionContext  - firing event committing...
10:45:10,899 [main] DEBUG org.activiti.engine.impl.cfg.standalone.StandaloneMybatisTransactionContext  - committing the ibatis sql session...
10:45:10,899 [main] DEBUG org.apache.ibatis.transaction.jdbc.JdbcTransaction  - Committing JDBC Connection [conn6: url=jdbc:h2:mem:activiti user=SA]
10:45:10,899 [main] DEBUG org.activiti.engine.impl.cfg.standalone.StandaloneMybatisTransactionContext  - firing event committed...
10:45:10,899 [main] DEBUG org.apache.ibatis.transaction.jdbc.JdbcTransaction  - Resetting autocommit to true on JDBC Connection [conn6: url=jdbc:h2:mem:activiti user=SA]
10:45:10,899 [main] DEBUG org.apache.ibatis.transaction.jdbc.JdbcTransaction  - Closing JDBC Connection [conn6: url=jdbc:h2:mem:activiti user=SA]
10:45:10,899 [main] DEBUG org.apache.ibatis.datasource.pooled.PooledDataSource  - Returned connection 486346394 to pool.
10:45:10,899 [main] DEBUG org.activiti.engine.impl.interceptor.LogInterceptor  - --- AddIdentityLinkCmd finished --------------------------------------------------------
10:45:10,899 [main] DEBUG org.activiti.engine.impl.interceptor.LogInterceptor  - 

10:45:10,899 [main] DEBUG org.activiti.engine.impl.interceptor.LogInterceptor  - 

10:45:10,899 [main] DEBUG org.activiti.engine.impl.interceptor.LogInterceptor  - --- starting NewTaskCmd --------------------------------------------------------
10:45:10,899 [main] DEBUG org.activiti.engine.impl.cfg.standalone.StandaloneMybatisTransactionContext  - firing event committing...
10:45:10,899 [main] DEBUG org.activiti.engine.impl.cfg.standalone.StandaloneMybatisTransactionContext  - committing the ibatis sql session...
10:45:10,899 [main] DEBUG org.activiti.engine.impl.cfg.standalone.StandaloneMybatisTransactionContext  - firing event committed...
10:45:10,900 [main] DEBUG org.activiti.engine.impl.interceptor.LogInterceptor  - --- NewTaskCmd finished --------------------------------------------------------
10:45:10,900 [main] DEBUG org.activiti.engine.impl.interceptor.LogInterceptor  - 

10:45:10,900 [main] DEBUG org.activiti.engine.impl.interceptor.LogInterceptor  - 

10:45:10,900 [main] DEBUG org.activiti.engine.impl.interceptor.LogInterceptor  - --- starting SaveTaskCmd --------------------------------------------------------
10:45:10,900 [main] DEBUG org.activiti.engine.impl.history.DefaultHistoryManager  - Current history level: FULL, level required: AUDIT
10:45:10,900 [main] DEBUG org.activiti.engine.impl.db.DbSqlSession  -   insert Task[id=844, name=gonzoSubTask1_2]
10:45:10,900 [main] DEBUG org.activiti.engine.impl.db.DbSqlSession  -   insert HistoricTaskInstanceEntity[id=844, name=gonzoSubTask1_2]
10:45:10,900 [main] DEBUG org.activiti.engine.impl.db.DbSqlSession  - flush summary: 2 insert, 0 update, 0 delete.
10:45:10,900 [main] DEBUG org.activiti.engine.impl.db.DbSqlSession  - now executing flush...
10:45:10,900 [main] DEBUG org.activiti.engine.impl.db.DbSqlSession  - inserting: HistoricTaskInstanceEntity[id=844, name=gonzoSubTask1_2]
10:45:10,900 [main] DEBUG org.apache.ibatis.transaction.jdbc.JdbcTransaction  - Opening JDBC Connection
10:45:10,900 [main] DEBUG org.apache.ibatis.datasource.pooled.PooledDataSource  - Checked out connection 180014677 from pool.
10:45:10,900 [main] DEBUG org.apache.ibatis.transaction.jdbc.JdbcTransaction  - Setting autocommit to false on JDBC Connection [conn3: url=jdbc:h2:mem:activiti user=SA]
10:45:10,900 [main] DEBUG org.activiti.engine.impl.persistence.entity.HistoricTaskInstanceEntity.insertHistoricTaskInstance  - ==&gt;  Preparing: insert into ACT_HI_TASKINST ( ID_, PROC_DEF_ID_, PROC_INST_ID_, EXECUTION_ID_, NAME_, PARENT_TASK_ID_, DESCRIPTION_, OWNER_, ASSIGNEE_, START_TIME_, CLAIM_TIME_, END_TIME_, DURATION_, DELETE_REASON_, TASK_DEF_KEY_, FORM_KEY_, PRIORITY_, DUE_DATE_, CATEGORY_, TENANT_ID_ ) values ( ?, ?, ?, ?, ?, ?, ?, ?, ?, ?, ?, ?, ?, ?, ?, ?, ?, ?, ?, ? ) 
10:45:10,900 [main] DEBUG org.activiti.engine.impl.persistence.entity.HistoricTaskInstanceEntity.insertHistoricTaskInstance  - ==&gt; Parameters: 844(String), null, null, null, gonzoSubTask1_2(String), 838(String), description for gonzo sub-task1_2(String), null, null, 2009-01-01 01:01:01.0(Timestamp), null, null, null, null, null, null, 50(Integer), null, null, (String)
10:45:10,900 [main] DEBUG org.activiti.engine.impl.persistence.entity.HistoricTaskInstanceEntity.insertHistoricTaskInstance  - &lt;==    Updates: 1
10:45:10,900 [main] DEBUG org.activiti.engine.impl.db.DbSqlSession  - inserting: Task[id=844, name=gonzoSubTask1_2]
10:45:10,900 [main] DEBUG org.activiti.engine.impl.persistence.entity.TaskEntity.insertTask  - ==&gt;  Preparing: insert into ACT_RU_TASK (ID_, REV_, NAME_, PARENT_TASK_ID_, DESCRIPTION_, PRIORITY_, CREATE_TIME_, OWNER_, ASSIGNEE_, DELEGATION_, EXECUTION_ID_, PROC_INST_ID_, PROC_DEF_ID_, TASK_DEF_KEY_, DUE_DATE_, CATEGORY_, SUSPENSION_STATE_, TENANT_ID_, FORM_KEY_) values (?, 1, ?, ?, ?, ?, ?, ?, ?, ?, ?, ?, ?, ?, ?, ?, ?, ?, ? ) 
10:45:10,900 [main] DEBUG org.activiti.engine.impl.persistence.entity.TaskEntity.insertTask  - ==&gt; Parameters: 844(String), gonzoSubTask1_2(String), 838(String), description for gonzo sub-task1_2(String), 50(Integer), 2009-01-01 01:01:01.0(Timestamp), null, null, null, null, null, null, null, null, null, 1(Integer), (String), null
10:45:10,900 [main] DEBUG org.activiti.engine.impl.persistence.entity.TaskEntity.insertTask  - &lt;==    Updates: 1
10:45:10,900 [main] DEBUG org.activiti.engine.impl.cfg.standalone.StandaloneMybatisTransactionContext  - firing event committing...
10:45:10,900 [main] DEBUG org.activiti.engine.impl.cfg.standalone.StandaloneMybatisTransactionContext  - committing the ibatis sql session...
10:45:10,900 [main] DEBUG org.apache.ibatis.transaction.jdbc.JdbcTransaction  - Committing JDBC Connection [conn3: url=jdbc:h2:mem:activiti user=SA]
10:45:10,900 [main] DEBUG org.activiti.engine.impl.cfg.standalone.StandaloneMybatisTransactionContext  - firing event committed...
10:45:10,900 [main] DEBUG org.apache.ibatis.transaction.jdbc.JdbcTransaction  - Resetting autocommit to true on JDBC Connection [conn3: url=jdbc:h2:mem:activiti user=SA]
10:45:10,900 [main] DEBUG org.apache.ibatis.transaction.jdbc.JdbcTransaction  - Closing JDBC Connection [conn3: url=jdbc:h2:mem:activiti user=SA]
10:45:10,900 [main] DEBUG org.apache.ibatis.datasource.pooled.PooledDataSource  - Returned connection 180014677 to pool.
10:45:10,900 [main] DEBUG org.activiti.engine.impl.interceptor.LogInterceptor  - --- SaveTaskCmd finished --------------------------------------------------------
10:45:10,900 [main] DEBUG org.activiti.engine.impl.interceptor.LogInterceptor  - 

10:45:10,900 [main] DEBUG org.activiti.engine.impl.interceptor.LogInterceptor  - 

10:45:10,900 [main] DEBUG org.activiti.engine.impl.interceptor.LogInterceptor  - --- starting AddIdentityLinkCmd --------------------------------------------------------
10:45:10,900 [main] DEBUG org.apache.ibatis.transaction.jdbc.JdbcTransaction  - Opening JDBC Connection
10:45:10,900 [main] DEBUG org.apache.ibatis.datasource.pooled.PooledDataSource  - Checked out connection 363509958 from pool.
10:45:10,900 [main] DEBUG org.apache.ibatis.transaction.jdbc.JdbcTransaction  - Setting autocommit to false on JDBC Connection [conn2: url=jdbc:h2:mem:activiti user=SA]
10:45:10,900 [main] DEBUG org.activiti.engine.impl.persistence.entity.TaskEntity.selectTask  - ==&gt;  Preparing: select * from ACT_RU_TASK where ID_ = ? 
10:45:10,900 [main] DEBUG org.activiti.engine.impl.persistence.entity.TaskEntity.selectTask  - ==&gt; Parameters: 844(String)
10:45:10,900 [main] DEBUG org.activiti.engine.impl.persistence.entity.TaskEntity.selectTask  - &lt;==      Total: 1
10:45:10,900 [main] DEBUG org.activiti.engine.impl.history.DefaultHistoryManager  - Current history level: FULL, level required: AUDIT
10:45:10,900 [main] DEBUG org.activiti.engine.impl.persistence.entity.HistoricTaskInstanceEntity.selectHistoricTaskInstance  - ==&gt;  Preparing: select * from ACT_HI_TASKINST where ID_ = ? 
10:45:10,900 [main] DEBUG org.activiti.engine.impl.persistence.entity.HistoricTaskInstanceEntity.selectHistoricTaskInstance  - ==&gt; Parameters: 844(String)
10:45:10,900 [main] DEBUG org.activiti.engine.impl.persistence.entity.HistoricTaskInstanceEntity.selectHistoricTaskInstance  - &lt;==      Total: 1
10:45:10,900 [main] DEBUG org.activiti.engine.impl.history.DefaultHistoryManager  - Current history level: FULL
10:45:10,900 [main] DEBUG org.activiti.engine.impl.history.DefaultHistoryManager  - Current history level: FULL
10:45:10,900 [main] DEBUG org.activiti.engine.impl.db.DbSqlSession  -   insert org.activiti.engine.impl.persistence.entity.CommentEntity@14f11a56
10:45:10,900 [main] DEBUG org.activiti.engine.impl.db.DbSqlSession  -   update Task[id=844, name=gonzoSubTask1_2]
10:45:10,900 [main] DEBUG org.activiti.engine.impl.db.DbSqlSession  -   update HistoricTaskInstanceEntity[id=844, name=gonzoSubTask1_2]
10:45:10,900 [main] DEBUG org.activiti.engine.impl.db.DbSqlSession  - flush summary: 1 insert, 2 update, 0 delete.
10:45:10,900 [main] DEBUG org.activiti.engine.impl.db.DbSqlSession  - now executing flush...
10:45:10,900 [main] DEBUG org.activiti.engine.impl.db.DbSqlSession  - inserting: org.activiti.engine.impl.persistence.entity.CommentEntity@14f11a56
10:45:10,900 [main] DEBUG org.activiti.engine.impl.persistence.entity.CommentEntity.insertComment  - ==&gt;  Preparing: insert into ACT_HI_COMMENT (ID_, TYPE_, TIME_, USER_ID_, TASK_ID_, PROC_INST_ID_, ACTION_, MESSAGE_, FULL_MSG_) values (?, ?, ?, ?, ?, ?, ?, ?, ?) 
10:45:10,900 [main] DEBUG org.activiti.engine.impl.persistence.entity.CommentEntity.insertComment  - ==&gt; Parameters: 845(String), event(String), 2009-01-01 01:01:01.0(Timestamp), null, 844(String), null, AddUserLink(String), gonzo_|_assignee(String), null
10:45:10,900 [main] DEBUG org.activiti.engine.impl.persistence.entity.CommentEntity.insertComment  - &lt;==    Updates: 1
10:45:10,900 [main] DEBUG org.activiti.engine.impl.db.DbSqlSession  - updating: Task[id=844, name=gonzoSubTask1_2]
10:45:10,900 [main] DEBUG org.activiti.engine.impl.persistence.entity.TaskEntity.updateTask  - ==&gt;  Preparing: update ACT_RU_TASK SET REV_ = ?, NAME_ = ?, PARENT_TASK_ID_ = ?, PRIORITY_ = ?, CREATE_TIME_ = ?, OWNER_ = ?, ASSIGNEE_ = ?, DELEGATION_ = ?, EXECUTION_ID_ = ?, PROC_DEF_ID_ = ?, DESCRIPTION_ = ?, DUE_DATE_ = ?, CATEGORY_ = ?, SUSPENSION_STATE_ = ?, FORM_KEY_ = ? where ID_= ? and REV_ = ? 
10:45:10,900 [main] DEBUG org.activiti.engine.impl.persistence.entity.TaskEntity.updateTask  - ==&gt; Parameters: 2(Integer), gonzoSubTask1_2(String), 838(String), 50(Integer), 2009-01-01 01:01:01.0(Timestamp), null, gonzo(String), null, null, null, description for gonzo sub-task1_2(String), null, null, 1(Integer), null, 844(String), 1(Integer)
10:45:10,900 [main] DEBUG org.activiti.engine.impl.persistence.entity.TaskEntity.updateTask  - &lt;==    Updates: 1
10:45:10,900 [main] DEBUG org.activiti.engine.impl.db.DbSqlSession  - updating: HistoricTaskInstanceEntity[id=844, name=gonzoSubTask1_2]
10:45:10,900 [main] DEBUG org.activiti.engine.impl.persistence.entity.HistoricTaskInstanceEntity.updateHistoricTaskInstance  - ==&gt;  Preparing: update ACT_HI_TASKINST set EXECUTION_ID_ = ?, NAME_ = ?, PARENT_TASK_ID_ = ?, DESCRIPTION_ = ?, OWNER_ = ?, ASSIGNEE_ = ?, CLAIM_TIME_ = ?, END_TIME_ = ?, DURATION_ = ?, DELETE_REASON_ = ?, TASK_DEF_KEY_ = ?, FORM_KEY_ = ?, PRIORITY_ = ?, DUE_DATE_ = ?, CATEGORY_ = ? where ID_ = ? 
10:45:10,900 [main] DEBUG org.activiti.engine.impl.persistence.entity.HistoricTaskInstanceEntity.updateHistoricTaskInstance  - ==&gt; Parameters: null, gonzoSubTask1_2(String), 838(String), description for gonzo sub-task1_2(String), null, gonzo(String), null, null, null, null, null, null, 50(Integer), null, null, 844(String)
10:45:10,900 [main] DEBUG org.activiti.engine.impl.persistence.entity.HistoricTaskInstanceEntity.updateHistoricTaskInstance  - &lt;==    Updates: 1
10:45:10,900 [main] DEBUG org.activiti.engine.impl.cfg.standalone.StandaloneMybatisTransactionContext  - firing event committing...
10:45:10,900 [main] DEBUG org.activiti.engine.impl.cfg.standalone.StandaloneMybatisTransactionContext  - committing the ibatis sql session...
10:45:10,900 [main] DEBUG org.apache.ibatis.transaction.jdbc.JdbcTransaction  - Committing JDBC Connection [conn2: url=jdbc:h2:mem:activiti user=SA]
10:45:10,900 [main] DEBUG org.activiti.engine.impl.cfg.standalone.StandaloneMybatisTransactionContext  - firing event committed...
10:45:10,900 [main] DEBUG org.apache.ibatis.transaction.jdbc.JdbcTransaction  - Resetting autocommit to true on JDBC Connection [conn2: url=jdbc:h2:mem:activiti user=SA]
10:45:10,900 [main] DEBUG org.apache.ibatis.transaction.jdbc.JdbcTransaction  - Closing JDBC Connection [conn2: url=jdbc:h2:mem:activiti user=SA]
10:45:10,900 [main] DEBUG org.apache.ibatis.datasource.pooled.PooledDataSource  - Returned connection 363509958 to pool.
10:45:10,900 [main] DEBUG org.activiti.engine.impl.interceptor.LogInterceptor  - --- AddIdentityLinkCmd finished --------------------------------------------------------
10:45:10,900 [main] DEBUG org.activiti.engine.impl.interceptor.LogInterceptor  - 

10:45:10,900 [main] DEBUG org.activiti.engine.impl.interceptor.LogInterceptor  - 

10:45:10,900 [main] DEBUG org.activiti.engine.impl.interceptor.LogInterceptor  - --- starting NewTaskCmd --------------------------------------------------------
10:45:10,900 [main] DEBUG org.activiti.engine.impl.cfg.standalone.StandaloneMybatisTransactionContext  - firing event committing...
10:45:10,900 [main] DEBUG org.activiti.engine.impl.cfg.standalone.StandaloneMybatisTransactionContext  - committing the ibatis sql session...
10:45:10,900 [main] DEBUG org.activiti.engine.impl.cfg.standalone.StandaloneMybatisTransactionContext  - firing event committed...
10:45:10,900 [main] DEBUG org.activiti.engine.impl.interceptor.LogInterceptor  - --- NewTaskCmd finished --------------------------------------------------------
10:45:10,900 [main] DEBUG org.activiti.engine.impl.interceptor.LogInterceptor  - 

10:45:10,900 [main] DEBUG org.activiti.engine.impl.interceptor.LogInterceptor  - 

10:45:10,900 [main] DEBUG org.activiti.engine.impl.interceptor.LogInterceptor  - --- starting SaveTaskCmd --------------------------------------------------------
10:45:10,900 [main] DEBUG org.activiti.engine.impl.history.DefaultHistoryManager  - Current history level: FULL, level required: AUDIT
10:45:10,900 [main] DEBUG org.activiti.engine.impl.db.DbSqlSession  -   insert Task[id=846, name=gonzoSubTask1_3]
10:45:10,900 [main] DEBUG org.activiti.engine.impl.db.DbSqlSession  -   insert HistoricTaskInstanceEntity[id=846, name=gonzoSubTask1_3]
10:45:10,900 [main] DEBUG org.activiti.engine.impl.db.DbSqlSession  - flush summary: 2 insert, 0 update, 0 delete.
10:45:10,900 [main] DEBUG org.activiti.engine.impl.db.DbSqlSession  - now executing flush...
10:45:10,900 [main] DEBUG org.activiti.engine.impl.db.DbSqlSession  - inserting: HistoricTaskInstanceEntity[id=846, name=gonzoSubTask1_3]
10:45:10,900 [main] DEBUG org.apache.ibatis.transaction.jdbc.JdbcTransaction  - Opening JDBC Connection
10:45:10,900 [main] DEBUG org.apache.ibatis.datasource.pooled.PooledDataSource  - Checked out connection 297240765 from pool.
10:45:10,900 [main] DEBUG org.apache.ibatis.transaction.jdbc.JdbcTransaction  - Setting autocommit to false on JDBC Connection [conn4: url=jdbc:h2:mem:activiti user=SA]
10:45:10,900 [main] DEBUG org.activiti.engine.impl.persistence.entity.HistoricTaskInstanceEntity.insertHistoricTaskInstance  - ==&gt;  Preparing: insert into ACT_HI_TASKINST ( ID_, PROC_DEF_ID_, PROC_INST_ID_, EXECUTION_ID_, NAME_, PARENT_TASK_ID_, DESCRIPTION_, OWNER_, ASSIGNEE_, START_TIME_, CLAIM_TIME_, END_TIME_, DURATION_, DELETE_REASON_, TASK_DEF_KEY_, FORM_KEY_, PRIORITY_, DUE_DATE_, CATEGORY_, TENANT_ID_ ) values ( ?, ?, ?, ?, ?, ?, ?, ?, ?, ?, ?, ?, ?, ?, ?, ?, ?, ?, ?, ? ) 
10:45:10,900 [main] DEBUG org.activiti.engine.impl.persistence.entity.HistoricTaskInstanceEntity.insertHistoricTaskInstance  - ==&gt; Parameters: 846(String), null, null, null, gonzoSubTask1_3(String), 838(String), description for gonzo sub-task1_3(String), null, null, 2009-01-01 01:01:01.0(Timestamp), null, null, null, null, null, null, 50(Integer), null, null, (String)
10:45:10,900 [main] DEBUG org.activiti.engine.impl.persistence.entity.HistoricTaskInstanceEntity.insertHistoricTaskInstance  - &lt;==    Updates: 1
10:45:10,900 [main] DEBUG org.activiti.engine.impl.db.DbSqlSession  - inserting: Task[id=846, name=gonzoSubTask1_3]
10:45:10,900 [main] DEBUG org.activiti.engine.impl.persistence.entity.TaskEntity.insertTask  - ==&gt;  Preparing: insert into ACT_RU_TASK (ID_, REV_, NAME_, PARENT_TASK_ID_, DESCRIPTION_, PRIORITY_, CREATE_TIME_, OWNER_, ASSIGNEE_, DELEGATION_, EXECUTION_ID_, PROC_INST_ID_, PROC_DEF_ID_, TASK_DEF_KEY_, DUE_DATE_, CATEGORY_, SUSPENSION_STATE_, TENANT_ID_, FORM_KEY_) values (?, 1, ?, ?, ?, ?, ?, ?, ?, ?, ?, ?, ?, ?, ?, ?, ?, ?, ? ) 
10:45:10,900 [main] DEBUG org.activiti.engine.impl.persistence.entity.TaskEntity.insertTask  - ==&gt; Parameters: 846(String), gonzoSubTask1_3(String), 838(String), description for gonzo sub-task1_3(String), 50(Integer), 2009-01-01 01:01:01.0(Timestamp), null, null, null, null, null, null, null, null, null, 1(Integer), (String), null
10:45:10,900 [main] DEBUG org.activiti.engine.impl.persistence.entity.TaskEntity.insertTask  - &lt;==    Updates: 1
10:45:10,900 [main] DEBUG org.activiti.engine.impl.cfg.standalone.StandaloneMybatisTransactionContext  - firing event committing...
10:45:10,900 [main] DEBUG org.activiti.engine.impl.cfg.standalone.StandaloneMybatisTransactionContext  - committing the ibatis sql session...
10:45:10,900 [main] DEBUG org.apache.ibatis.transaction.jdbc.JdbcTransaction  - Committing JDBC Connection [conn4: url=jdbc:h2:mem:activiti user=SA]
10:45:10,900 [main] DEBUG org.activiti.engine.impl.cfg.standalone.StandaloneMybatisTransactionContext  - firing event committed...
10:45:10,900 [main] DEBUG org.apache.ibatis.transaction.jdbc.JdbcTransaction  - Resetting autocommit to true on JDBC Connection [conn4: url=jdbc:h2:mem:activiti user=SA]
10:45:10,900 [main] DEBUG org.apache.ibatis.transaction.jdbc.JdbcTransaction  - Closing JDBC Connection [conn4: url=jdbc:h2:mem:activiti user=SA]
10:45:10,900 [main] DEBUG org.apache.ibatis.datasource.pooled.PooledDataSource  - Returned connection 297240765 to pool.
10:45:10,900 [main] DEBUG org.activiti.engine.impl.interceptor.LogInterceptor  - --- SaveTaskCmd finished --------------------------------------------------------
10:45:10,900 [main] DEBUG org.activiti.engine.impl.interceptor.LogInterceptor  - 

10:45:10,900 [main] DEBUG org.activiti.engine.impl.interceptor.LogInterceptor  - 

10:45:10,900 [main] DEBUG org.activiti.engine.impl.interceptor.LogInterceptor  - --- starting AddIdentityLinkCmd --------------------------------------------------------
10:45:10,900 [main] DEBUG org.apache.ibatis.transaction.jdbc.JdbcTransaction  - Opening JDBC Connection
10:45:10,900 [main] DEBUG org.apache.ibatis.datasource.pooled.PooledDataSource  - Checked out connection 486346394 from pool.
10:45:10,900 [main] DEBUG org.apache.ibatis.transaction.jdbc.JdbcTransaction  - Setting autocommit to false on JDBC Connection [conn6: url=jdbc:h2:mem:activiti user=SA]
10:45:10,900 [main] DEBUG org.activiti.engine.impl.persistence.entity.TaskEntity.selectTask  - ==&gt;  Preparing: select * from ACT_RU_TASK where ID_ = ? 
10:45:10,900 [main] DEBUG org.activiti.engine.impl.persistence.entity.TaskEntity.selectTask  - ==&gt; Parameters: 846(String)
10:45:10,900 [main] DEBUG org.activiti.engine.impl.persistence.entity.TaskEntity.selectTask  - &lt;==      Total: 1
10:45:10,900 [main] DEBUG org.activiti.engine.impl.history.DefaultHistoryManager  - Current history level: FULL, level required: AUDIT
10:45:10,900 [main] DEBUG org.activiti.engine.impl.persistence.entity.HistoricTaskInstanceEntity.selectHistoricTaskInstance  - ==&gt;  Preparing: select * from ACT_HI_TASKINST where ID_ = ? 
10:45:10,900 [main] DEBUG org.activiti.engine.impl.persistence.entity.HistoricTaskInstanceEntity.selectHistoricTaskInstance  - ==&gt; Parameters: 846(String)
10:45:10,900 [main] DEBUG org.activiti.engine.impl.persistence.entity.HistoricTaskInstanceEntity.selectHistoricTaskInstance  - &lt;==      Total: 1
10:45:10,900 [main] DEBUG org.activiti.engine.impl.history.DefaultHistoryManager  - Current history level: FULL
10:45:10,900 [main] DEBUG org.activiti.engine.impl.history.DefaultHistoryManager  - Current history level: FULL
10:45:10,900 [main] DEBUG org.activiti.engine.impl.db.DbSqlSession  -   insert org.activiti.engine.impl.persistence.entity.CommentEntity@11ce61d1
10:45:10,900 [main] DEBUG org.activiti.engine.impl.db.DbSqlSession  -   update Task[id=846, name=gonzoSubTask1_3]
10:45:10,900 [main] DEBUG org.activiti.engine.impl.db.DbSqlSession  -   update HistoricTaskInstanceEntity[id=846, name=gonzoSubTask1_3]
10:45:10,900 [main] DEBUG org.activiti.engine.impl.db.DbSqlSession  - flush summary: 1 insert, 2 update, 0 delete.
10:45:10,900 [main] DEBUG org.activiti.engine.impl.db.DbSqlSession  - now executing flush...
10:45:10,900 [main] DEBUG org.activiti.engine.impl.db.DbSqlSession  - inserting: org.activiti.engine.impl.persistence.entity.CommentEntity@11ce61d1
10:45:10,900 [main] DEBUG org.activiti.engine.impl.persistence.entity.CommentEntity.insertComment  - ==&gt;  Preparing: insert into ACT_HI_COMMENT (ID_, TYPE_, TIME_, USER_ID_, TASK_ID_, PROC_INST_ID_, ACTION_, MESSAGE_, FULL_MSG_) values (?, ?, ?, ?, ?, ?, ?, ?, ?) 
10:45:10,901 [main] DEBUG org.activiti.engine.impl.persistence.entity.CommentEntity.insertComment  - ==&gt; Parameters: 847(String), event(String), 2009-01-01 01:01:01.0(Timestamp), null, 846(String), null, AddUserLink(String), gonzo_|_assignee(String), null
10:45:10,901 [main] DEBUG org.activiti.engine.impl.persistence.entity.CommentEntity.insertComment  - &lt;==    Updates: 1
10:45:10,901 [main] DEBUG org.activiti.engine.impl.db.DbSqlSession  - updating: Task[id=846, name=gonzoSubTask1_3]
10:45:10,901 [main] DEBUG org.activiti.engine.impl.persistence.entity.TaskEntity.updateTask  - ==&gt;  Preparing: update ACT_RU_TASK SET REV_ = ?, NAME_ = ?, PARENT_TASK_ID_ = ?, PRIORITY_ = ?, CREATE_TIME_ = ?, OWNER_ = ?, ASSIGNEE_ = ?, DELEGATION_ = ?, EXECUTION_ID_ = ?, PROC_DEF_ID_ = ?, DESCRIPTION_ = ?, DUE_DATE_ = ?, CATEGORY_ = ?, SUSPENSION_STATE_ = ?, FORM_KEY_ = ? where ID_= ? and REV_ = ? 
10:45:10,901 [main] DEBUG org.activiti.engine.impl.persistence.entity.TaskEntity.updateTask  - ==&gt; Parameters: 2(Integer), gonzoSubTask1_3(String), 838(String), 50(Integer), 2009-01-01 01:01:01.0(Timestamp), null, gonzo(String), null, null, null, description for gonzo sub-task1_3(String), null, null, 1(Integer), null, 846(String), 1(Integer)
10:45:10,901 [main] DEBUG org.activiti.engine.impl.persistence.entity.TaskEntity.updateTask  - &lt;==    Updates: 1
10:45:10,901 [main] DEBUG org.activiti.engine.impl.db.DbSqlSession  - updating: HistoricTaskInstanceEntity[id=846, name=gonzoSubTask1_3]
10:45:10,901 [main] DEBUG org.activiti.engine.impl.persistence.entity.HistoricTaskInstanceEntity.updateHistoricTaskInstance  - ==&gt;  Preparing: update ACT_HI_TASKINST set EXECUTION_ID_ = ?, NAME_ = ?, PARENT_TASK_ID_ = ?, DESCRIPTION_ = ?, OWNER_ = ?, ASSIGNEE_ = ?, CLAIM_TIME_ = ?, END_TIME_ = ?, DURATION_ = ?, DELETE_REASON_ = ?, TASK_DEF_KEY_ = ?, FORM_KEY_ = ?, PRIORITY_ = ?, DUE_DATE_ = ?, CATEGORY_ = ? where ID_ = ? 
10:45:10,901 [main] DEBUG org.activiti.engine.impl.persistence.entity.HistoricTaskInstanceEntity.updateHistoricTaskInstance  - ==&gt; Parameters: null, gonzoSubTask1_3(String), 838(String), description for gonzo sub-task1_3(String), null, gonzo(String), null, null, null, null, null, null, 50(Integer), null, null, 846(String)
10:45:10,901 [main] DEBUG org.activiti.engine.impl.persistence.entity.HistoricTaskInstanceEntity.updateHistoricTaskInstance  - &lt;==    Updates: 1
10:45:10,901 [main] DEBUG org.activiti.engine.impl.cfg.standalone.StandaloneMybatisTransactionContext  - firing event committing...
10:45:10,901 [main] DEBUG org.activiti.engine.impl.cfg.standalone.StandaloneMybatisTransactionContext  - committing the ibatis sql session...
10:45:10,901 [main] DEBUG org.apache.ibatis.transaction.jdbc.JdbcTransaction  - Committing JDBC Connection [conn6: url=jdbc:h2:mem:activiti user=SA]
10:45:10,901 [main] DEBUG org.activiti.engine.impl.cfg.standalone.StandaloneMybatisTransactionContext  - firing event committed...
10:45:10,901 [main] DEBUG org.apache.ibatis.transaction.jdbc.JdbcTransaction  - Resetting autocommit to true on JDBC Connection [conn6: url=jdbc:h2:mem:activiti user=SA]
10:45:10,901 [main] DEBUG org.apache.ibatis.transaction.jdbc.JdbcTransaction  - Closing JDBC Connection [conn6: url=jdbc:h2:mem:activiti user=SA]
10:45:10,901 [main] DEBUG org.apache.ibatis.datasource.pooled.PooledDataSource  - Returned connection 486346394 to pool.
10:45:10,901 [main] DEBUG org.activiti.engine.impl.interceptor.LogInterceptor  - --- AddIdentityLinkCmd finished --------------------------------------------------------
10:45:10,901 [main] DEBUG org.activiti.engine.impl.interceptor.LogInterceptor  - 

10:45:10,901 [main] DEBUG org.activiti.engine.impl.interceptor.LogInterceptor  - 

10:45:10,901 [main] DEBUG org.activiti.engine.impl.interceptor.LogInterceptor  - --- starting NewTaskCmd --------------------------------------------------------
10:45:10,901 [main] DEBUG org.activiti.engine.impl.cfg.standalone.StandaloneMybatisTransactionContext  - firing event committing...
10:45:10,901 [main] DEBUG org.activiti.engine.impl.cfg.standalone.StandaloneMybatisTransactionContext  - committing the ibatis sql session...
10:45:10,901 [main] DEBUG org.activiti.engine.impl.cfg.standalone.StandaloneMybatisTransactionContext  - firing event committed...
10:45:10,901 [main] DEBUG org.activiti.engine.impl.interceptor.LogInterceptor  - --- NewTaskCmd finished --------------------------------------------------------
10:45:10,901 [main] DEBUG org.activiti.engine.impl.interceptor.LogInterceptor  - 

10:45:10,901 [main] DEBUG org.activiti.engine.impl.interceptor.LogInterceptor  - 

10:45:10,901 [main] DEBUG org.activiti.engine.impl.interceptor.LogInterceptor  - --- starting SaveTaskCmd --------------------------------------------------------
10:45:10,901 [main] DEBUG org.activiti.engine.impl.history.DefaultHistoryManager  - Current history level: FULL, level required: AUDIT
10:45:10,901 [main] DEBUG org.activiti.engine.impl.db.DbSqlSession  -   insert Task[id=848, name=gonzoSubTask2_1]
10:45:10,901 [main] DEBUG org.activiti.engine.impl.db.DbSqlSession  -   insert HistoricTaskInstanceEntity[id=848, name=gonzoSubTask2_1]
10:45:10,901 [main] DEBUG org.activiti.engine.impl.db.DbSqlSession  - flush summary: 2 insert, 0 update, 0 delete.
10:45:10,901 [main] DEBUG org.activiti.engine.impl.db.DbSqlSession  - now executing flush...
10:45:10,901 [main] DEBUG org.activiti.engine.impl.db.DbSqlSession  - inserting: HistoricTaskInstanceEntity[id=848, name=gonzoSubTask2_1]
10:45:10,901 [main] DEBUG org.apache.ibatis.transaction.jdbc.JdbcTransaction  - Opening JDBC Connection
10:45:10,901 [main] DEBUG org.apache.ibatis.datasource.pooled.PooledDataSource  - Checked out connection 180014677 from pool.
10:45:10,901 [main] DEBUG org.apache.ibatis.transaction.jdbc.JdbcTransaction  - Setting autocommit to false on JDBC Connection [conn3: url=jdbc:h2:mem:activiti user=SA]
10:45:10,901 [main] DEBUG org.activiti.engine.impl.persistence.entity.HistoricTaskInstanceEntity.insertHistoricTaskInstance  - ==&gt;  Preparing: insert into ACT_HI_TASKINST ( ID_, PROC_DEF_ID_, PROC_INST_ID_, EXECUTION_ID_, NAME_, PARENT_TASK_ID_, DESCRIPTION_, OWNER_, ASSIGNEE_, START_TIME_, CLAIM_TIME_, END_TIME_, DURATION_, DELETE_REASON_, TASK_DEF_KEY_, FORM_KEY_, PRIORITY_, DUE_DATE_, CATEGORY_, TENANT_ID_ ) values ( ?, ?, ?, ?, ?, ?, ?, ?, ?, ?, ?, ?, ?, ?, ?, ?, ?, ?, ?, ? ) 
10:45:10,901 [main] DEBUG org.activiti.engine.impl.persistence.entity.HistoricTaskInstanceEntity.insertHistoricTaskInstance  - ==&gt; Parameters: 848(String), null, null, null, gonzoSubTask2_1(String), 840(String), description for gonzo sub-task2_1(String), null, null, 2009-01-02 01:01:01.0(Timestamp), null, null, null, null, null, null, 50(Integer), null, null, (String)
10:45:10,901 [main] DEBUG org.activiti.engine.impl.persistence.entity.HistoricTaskInstanceEntity.insertHistoricTaskInstance  - &lt;==    Updates: 1
10:45:10,901 [main] DEBUG org.activiti.engine.impl.db.DbSqlSession  - inserting: Task[id=848, name=gonzoSubTask2_1]
10:45:10,901 [main] DEBUG org.activiti.engine.impl.persistence.entity.TaskEntity.insertTask  - ==&gt;  Preparing: insert into ACT_RU_TASK (ID_, REV_, NAME_, PARENT_TASK_ID_, DESCRIPTION_, PRIORITY_, CREATE_TIME_, OWNER_, ASSIGNEE_, DELEGATION_, EXECUTION_ID_, PROC_INST_ID_, PROC_DEF_ID_, TASK_DEF_KEY_, DUE_DATE_, CATEGORY_, SUSPENSION_STATE_, TENANT_ID_, FORM_KEY_) values (?, 1, ?, ?, ?, ?, ?, ?, ?, ?, ?, ?, ?, ?, ?, ?, ?, ?, ? ) 
10:45:10,901 [main] DEBUG org.activiti.engine.impl.persistence.entity.TaskEntity.insertTask  - ==&gt; Parameters: 848(String), gonzoSubTask2_1(String), 840(String), description for gonzo sub-task2_1(String), 50(Integer), 2009-01-02 01:01:01.0(Timestamp), null, null, null, null, null, null, null, null, null, 1(Integer), (String), null
10:45:10,901 [main] DEBUG org.activiti.engine.impl.persistence.entity.TaskEntity.insertTask  - &lt;==    Updates: 1
10:45:10,901 [main] DEBUG org.activiti.engine.impl.cfg.standalone.StandaloneMybatisTransactionContext  - firing event committing...
10:45:10,901 [main] DEBUG org.activiti.engine.impl.cfg.standalone.StandaloneMybatisTransactionContext  - committing the ibatis sql session...
10:45:10,901 [main] DEBUG org.apache.ibatis.transaction.jdbc.JdbcTransaction  - Committing JDBC Connection [conn3: url=jdbc:h2:mem:activiti user=SA]
10:45:10,901 [main] DEBUG org.activiti.engine.impl.cfg.standalone.StandaloneMybatisTransactionContext  - firing event committed...
10:45:10,901 [main] DEBUG org.apache.ibatis.transaction.jdbc.JdbcTransaction  - Resetting autocommit to true on JDBC Connection [conn3: url=jdbc:h2:mem:activiti user=SA]
10:45:10,901 [main] DEBUG org.apache.ibatis.transaction.jdbc.JdbcTransaction  - Closing JDBC Connection [conn3: url=jdbc:h2:mem:activiti user=SA]
10:45:10,901 [main] DEBUG org.apache.ibatis.datasource.pooled.PooledDataSource  - Returned connection 180014677 to pool.
10:45:10,901 [main] DEBUG org.activiti.engine.impl.interceptor.LogInterceptor  - --- SaveTaskCmd finished --------------------------------------------------------
10:45:10,901 [main] DEBUG org.activiti.engine.impl.interceptor.LogInterceptor  - 

10:45:10,901 [main] DEBUG org.activiti.engine.impl.interceptor.LogInterceptor  - 

10:45:10,901 [main] DEBUG org.activiti.engine.impl.interceptor.LogInterceptor  - --- starting AddIdentityLinkCmd --------------------------------------------------------
10:45:10,901 [main] DEBUG org.apache.ibatis.transaction.jdbc.JdbcTransaction  - Opening JDBC Connection
10:45:10,901 [main] DEBUG org.apache.ibatis.datasource.pooled.PooledDataSource  - Checked out connection 363509958 from pool.
10:45:10,901 [main] DEBUG org.apache.ibatis.transaction.jdbc.JdbcTransaction  - Setting autocommit to false on JDBC Connection [conn2: url=jdbc:h2:mem:activiti user=SA]
10:45:10,901 [main] DEBUG org.activiti.engine.impl.persistence.entity.TaskEntity.selectTask  - ==&gt;  Preparing: select * from ACT_RU_TASK where ID_ = ? 
10:45:10,901 [main] DEBUG org.activiti.engine.impl.persistence.entity.TaskEntity.selectTask  - ==&gt; Parameters: 848(String)
10:45:10,901 [main] DEBUG org.activiti.engine.impl.persistence.entity.TaskEntity.selectTask  - &lt;==      Total: 1
10:45:10,901 [main] DEBUG org.activiti.engine.impl.history.DefaultHistoryManager  - Current history level: FULL, level required: AUDIT
10:45:10,901 [main] DEBUG org.activiti.engine.impl.persistence.entity.HistoricTaskInstanceEntity.selectHistoricTaskInstance  - ==&gt;  Preparing: select * from ACT_HI_TASKINST where ID_ = ? 
10:45:10,901 [main] DEBUG org.activiti.engine.impl.persistence.entity.HistoricTaskInstanceEntity.selectHistoricTaskInstance  - ==&gt; Parameters: 848(String)
10:45:10,901 [main] DEBUG org.activiti.engine.impl.persistence.entity.HistoricTaskInstanceEntity.selectHistoricTaskInstance  - &lt;==      Total: 1
10:45:10,901 [main] DEBUG org.activiti.engine.impl.history.DefaultHistoryManager  - Current history level: FULL
10:45:10,901 [main] DEBUG org.activiti.engine.impl.history.DefaultHistoryManager  - Current history level: FULL
10:45:10,901 [main] DEBUG org.activiti.engine.impl.db.DbSqlSession  -   insert org.activiti.engine.impl.persistence.entity.CommentEntity@759862a2
10:45:10,901 [main] DEBUG org.activiti.engine.impl.db.DbSqlSession  -   update Task[id=848, name=gonzoSubTask2_1]
10:45:10,901 [main] DEBUG org.activiti.engine.impl.db.DbSqlSession  -   update HistoricTaskInstanceEntity[id=848, name=gonzoSubTask2_1]
10:45:10,901 [main] DEBUG org.activiti.engine.impl.db.DbSqlSession  - flush summary: 1 insert, 2 update, 0 delete.
10:45:10,901 [main] DEBUG org.activiti.engine.impl.db.DbSqlSession  - now executing flush...
10:45:10,901 [main] DEBUG org.activiti.engine.impl.db.DbSqlSession  - inserting: org.activiti.engine.impl.persistence.entity.CommentEntity@759862a2
10:45:10,901 [main] DEBUG org.activiti.engine.impl.persistence.entity.CommentEntity.insertComment  - ==&gt;  Preparing: insert into ACT_HI_COMMENT (ID_, TYPE_, TIME_, USER_ID_, TASK_ID_, PROC_INST_ID_, ACTION_, MESSAGE_, FULL_MSG_) values (?, ?, ?, ?, ?, ?, ?, ?, ?) 
10:45:10,901 [main] DEBUG org.activiti.engine.impl.persistence.entity.CommentEntity.insertComment  - ==&gt; Parameters: 849(String), event(String), 2009-01-02 01:01:01.0(Timestamp), null, 848(String), null, AddUserLink(String), gonzo_|_assignee(String), null
10:45:10,901 [main] DEBUG org.activiti.engine.impl.persistence.entity.CommentEntity.insertComment  - &lt;==    Updates: 1
10:45:10,901 [main] DEBUG org.activiti.engine.impl.db.DbSqlSession  - updating: Task[id=848, name=gonzoSubTask2_1]
10:45:10,901 [main] DEBUG org.activiti.engine.impl.persistence.entity.TaskEntity.updateTask  - ==&gt;  Preparing: update ACT_RU_TASK SET REV_ = ?, NAME_ = ?, PARENT_TASK_ID_ = ?, PRIORITY_ = ?, CREATE_TIME_ = ?, OWNER_ = ?, ASSIGNEE_ = ?, DELEGATION_ = ?, EXECUTION_ID_ = ?, PROC_DEF_ID_ = ?, DESCRIPTION_ = ?, DUE_DATE_ = ?, CATEGORY_ = ?, SUSPENSION_STATE_ = ?, FORM_KEY_ = ? where ID_= ? and REV_ = ? 
10:45:10,901 [main] DEBUG org.activiti.engine.impl.persistence.entity.TaskEntity.updateTask  - ==&gt; Parameters: 2(Integer), gonzoSubTask2_1(String), 840(String), 50(Integer), 2009-01-02 01:01:01.0(Timestamp), null, gonzo(String), null, null, null, description for gonzo sub-task2_1(String), null, null, 1(Integer), null, 848(String), 1(Integer)
10:45:10,901 [main] DEBUG org.activiti.engine.impl.persistence.entity.TaskEntity.updateTask  - &lt;==    Updates: 1
10:45:10,901 [main] DEBUG org.activiti.engine.impl.db.DbSqlSession  - updating: HistoricTaskInstanceEntity[id=848, name=gonzoSubTask2_1]
10:45:10,901 [main] DEBUG org.activiti.engine.impl.persistence.entity.HistoricTaskInstanceEntity.updateHistoricTaskInstance  - ==&gt;  Preparing: update ACT_HI_TASKINST set EXECUTION_ID_ = ?, NAME_ = ?, PARENT_TASK_ID_ = ?, DESCRIPTION_ = ?, OWNER_ = ?, ASSIGNEE_ = ?, CLAIM_TIME_ = ?, END_TIME_ = ?, DURATION_ = ?, DELETE_REASON_ = ?, TASK_DEF_KEY_ = ?, FORM_KEY_ = ?, PRIORITY_ = ?, DUE_DATE_ = ?, CATEGORY_ = ? where ID_ = ? 
10:45:10,901 [main] DEBUG org.activiti.engine.impl.persistence.entity.HistoricTaskInstanceEntity.updateHistoricTaskInstance  - ==&gt; Parameters: null, gonzoSubTask2_1(String), 840(String), description for gonzo sub-task2_1(String), null, gonzo(String), null, null, null, null, null, null, 50(Integer), null, null, 848(String)
10:45:10,901 [main] DEBUG org.activiti.engine.impl.persistence.entity.HistoricTaskInstanceEntity.updateHistoricTaskInstance  - &lt;==    Updates: 1
10:45:10,901 [main] DEBUG org.activiti.engine.impl.cfg.standalone.StandaloneMybatisTransactionContext  - firing event committing...
10:45:10,901 [main] DEBUG org.activiti.engine.impl.cfg.standalone.StandaloneMybatisTransactionContext  - committing the ibatis sql session...
10:45:10,901 [main] DEBUG org.apache.ibatis.transaction.jdbc.JdbcTransaction  - Committing JDBC Connection [conn2: url=jdbc:h2:mem:activiti user=SA]
10:45:10,901 [main] DEBUG org.activiti.engine.impl.cfg.standalone.StandaloneMybatisTransactionContext  - firing event committed...
10:45:10,901 [main] DEBUG org.apache.ibatis.transaction.jdbc.JdbcTransaction  - Resetting autocommit to true on JDBC Connection [conn2: url=jdbc:h2:mem:activiti user=SA]
10:45:10,901 [main] DEBUG org.apache.ibatis.transaction.jdbc.JdbcTransaction  - Closing JDBC Connection [conn2: url=jdbc:h2:mem:activiti user=SA]
10:45:10,901 [main] DEBUG org.apache.ibatis.datasource.pooled.PooledDataSource  - Returned connection 363509958 to pool.
10:45:10,901 [main] DEBUG org.activiti.engine.impl.interceptor.LogInterceptor  - --- AddIdentityLinkCmd finished --------------------------------------------------------
10:45:10,901 [main] DEBUG org.activiti.engine.impl.interceptor.LogInterceptor  - 

10:45:10,901 [main] DEBUG org.activiti.engine.impl.interceptor.LogInterceptor  - 

10:45:10,901 [main] DEBUG org.activiti.engine.impl.interceptor.LogInterceptor  - --- starting NewTaskCmd --------------------------------------------------------
10:45:10,901 [main] DEBUG org.activiti.engine.impl.cfg.standalone.StandaloneMybatisTransactionContext  - firing event committing...
10:45:10,901 [main] DEBUG org.activiti.engine.impl.cfg.standalone.StandaloneMybatisTransactionContext  - committing the ibatis sql session...
10:45:10,901 [main] DEBUG org.activiti.engine.impl.cfg.standalone.StandaloneMybatisTransactionContext  - firing event committed...
10:45:10,901 [main] DEBUG org.activiti.engine.impl.interceptor.LogInterceptor  - --- NewTaskCmd finished --------------------------------------------------------
10:45:10,901 [main] DEBUG org.activiti.engine.impl.interceptor.LogInterceptor  - 

10:45:10,901 [main] DEBUG org.activiti.engine.impl.interceptor.LogInterceptor  - 

10:45:10,901 [main] DEBUG org.activiti.engine.impl.interceptor.LogInterceptor  - --- starting SaveTaskCmd --------------------------------------------------------
10:45:10,901 [main] DEBUG org.activiti.engine.impl.history.DefaultHistoryManager  - Current history level: FULL, level required: AUDIT
10:45:10,901 [main] DEBUG org.activiti.engine.impl.db.DbSqlSession  -   insert Task[id=850, name=gonzoSubTask2_2]
10:45:10,901 [main] DEBUG org.activiti.engine.impl.db.DbSqlSession  -   insert HistoricTaskInstanceEntity[id=850, name=gonzoSubTask2_2]
10:45:10,901 [main] DEBUG org.activiti.engine.impl.db.DbSqlSession  - flush summary: 2 insert, 0 update, 0 delete.
10:45:10,901 [main] DEBUG org.activiti.engine.impl.db.DbSqlSession  - now executing flush...
10:45:10,901 [main] DEBUG org.activiti.engine.impl.db.DbSqlSession  - inserting: HistoricTaskInstanceEntity[id=850, name=gonzoSubTask2_2]
10:45:10,901 [main] DEBUG org.apache.ibatis.transaction.jdbc.JdbcTransaction  - Opening JDBC Connection
10:45:10,901 [main] DEBUG org.apache.ibatis.datasource.pooled.PooledDataSource  - Checked out connection 297240765 from pool.
10:45:10,901 [main] DEBUG org.apache.ibatis.transaction.jdbc.JdbcTransaction  - Setting autocommit to false on JDBC Connection [conn4: url=jdbc:h2:mem:activiti user=SA]
10:45:10,901 [main] DEBUG org.activiti.engine.impl.persistence.entity.HistoricTaskInstanceEntity.insertHistoricTaskInstance  - ==&gt;  Preparing: insert into ACT_HI_TASKINST ( ID_, PROC_DEF_ID_, PROC_INST_ID_, EXECUTION_ID_, NAME_, PARENT_TASK_ID_, DESCRIPTION_, OWNER_, ASSIGNEE_, START_TIME_, CLAIM_TIME_, END_TIME_, DURATION_, DELETE_REASON_, TASK_DEF_KEY_, FORM_KEY_, PRIORITY_, DUE_DATE_, CATEGORY_, TENANT_ID_ ) values ( ?, ?, ?, ?, ?, ?, ?, ?, ?, ?, ?, ?, ?, ?, ?, ?, ?, ?, ?, ? ) 
10:45:10,901 [main] DEBUG org.activiti.engine.impl.persistence.entity.HistoricTaskInstanceEntity.insertHistoricTaskInstance  - ==&gt; Parameters: 850(String), null, null, null, gonzoSubTask2_2(String), 840(String), description for gonzo sub-task2_2(String), null, null, 2009-01-02 01:01:01.0(Timestamp), null, null, null, null, null, null, 50(Integer), null, null, (String)
10:45:10,901 [main] DEBUG org.activiti.engine.impl.persistence.entity.HistoricTaskInstanceEntity.insertHistoricTaskInstance  - &lt;==    Updates: 1
10:45:10,901 [main] DEBUG org.activiti.engine.impl.db.DbSqlSession  - inserting: Task[id=850, name=gonzoSubTask2_2]
10:45:10,901 [main] DEBUG org.activiti.engine.impl.persistence.entity.TaskEntity.insertTask  - ==&gt;  Preparing: insert into ACT_RU_TASK (ID_, REV_, NAME_, PARENT_TASK_ID_, DESCRIPTION_, PRIORITY_, CREATE_TIME_, OWNER_, ASSIGNEE_, DELEGATION_, EXECUTION_ID_, PROC_INST_ID_, PROC_DEF_ID_, TASK_DEF_KEY_, DUE_DATE_, CATEGORY_, SUSPENSION_STATE_, TENANT_ID_, FORM_KEY_) values (?, 1, ?, ?, ?, ?, ?, ?, ?, ?, ?, ?, ?, ?, ?, ?, ?, ?, ? ) 
10:45:10,901 [main] DEBUG org.activiti.engine.impl.persistence.entity.TaskEntity.insertTask  - ==&gt; Parameters: 850(String), gonzoSubTask2_2(String), 840(String), description for gonzo sub-task2_2(String), 50(Integer), 2009-01-02 01:01:01.0(Timestamp), null, null, null, null, null, null, null, null, null, 1(Integer), (String), null
10:45:10,901 [main] DEBUG org.activiti.engine.impl.persistence.entity.TaskEntity.insertTask  - &lt;==    Updates: 1
10:45:10,901 [main] DEBUG org.activiti.engine.impl.cfg.standalone.StandaloneMybatisTransactionContext  - firing event committing...
10:45:10,901 [main] DEBUG org.activiti.engine.impl.cfg.standalone.StandaloneMybatisTransactionContext  - committing the ibatis sql session...
10:45:10,901 [main] DEBUG org.apache.ibatis.transaction.jdbc.JdbcTransaction  - Committing JDBC Connection [conn4: url=jdbc:h2:mem:activiti user=SA]
10:45:10,901 [main] DEBUG org.activiti.engine.impl.cfg.standalone.StandaloneMybatisTransactionContext  - firing event committed...
10:45:10,901 [main] DEBUG org.apache.ibatis.transaction.jdbc.JdbcTransaction  - Resetting autocommit to true on JDBC Connection [conn4: url=jdbc:h2:mem:activiti user=SA]
10:45:10,901 [main] DEBUG org.apache.ibatis.transaction.jdbc.JdbcTransaction  - Closing JDBC Connection [conn4: url=jdbc:h2:mem:activiti user=SA]
10:45:10,902 [main] DEBUG org.apache.ibatis.datasource.pooled.PooledDataSource  - Returned connection 297240765 to pool.
10:45:10,902 [main] DEBUG org.activiti.engine.impl.interceptor.LogInterceptor  - --- SaveTaskCmd finished --------------------------------------------------------
10:45:10,902 [main] DEBUG org.activiti.engine.impl.interceptor.LogInterceptor  - 

10:45:10,902 [main] DEBUG org.activiti.engine.impl.interceptor.LogInterceptor  - 

10:45:10,902 [main] DEBUG org.activiti.engine.impl.interceptor.LogInterceptor  - --- starting AddIdentityLinkCmd --------------------------------------------------------
10:45:10,902 [main] DEBUG org.apache.ibatis.transaction.jdbc.JdbcTransaction  - Opening JDBC Connection
10:45:10,902 [main] DEBUG org.apache.ibatis.datasource.pooled.PooledDataSource  - Checked out connection 486346394 from pool.
10:45:10,902 [main] DEBUG org.apache.ibatis.transaction.jdbc.JdbcTransaction  - Setting autocommit to false on JDBC Connection [conn6: url=jdbc:h2:mem:activiti user=SA]
10:45:10,902 [main] DEBUG org.activiti.engine.impl.persistence.entity.TaskEntity.selectTask  - ==&gt;  Preparing: select * from ACT_RU_TASK where ID_ = ? 
10:45:10,902 [main] DEBUG org.activiti.engine.impl.persistence.entity.TaskEntity.selectTask  - ==&gt; Parameters: 850(String)
10:45:10,902 [main] DEBUG org.activiti.engine.impl.persistence.entity.TaskEntity.selectTask  - &lt;==      Total: 1
10:45:10,902 [main] DEBUG org.activiti.engine.impl.history.DefaultHistoryManager  - Current history level: FULL, level required: AUDIT
10:45:10,902 [main] DEBUG org.activiti.engine.impl.persistence.entity.HistoricTaskInstanceEntity.selectHistoricTaskInstance  - ==&gt;  Preparing: select * from ACT_HI_TASKINST where ID_ = ? 
10:45:10,902 [main] DEBUG org.activiti.engine.impl.persistence.entity.HistoricTaskInstanceEntity.selectHistoricTaskInstance  - ==&gt; Parameters: 850(String)
10:45:10,902 [main] DEBUG org.activiti.engine.impl.persistence.entity.HistoricTaskInstanceEntity.selectHistoricTaskInstance  - &lt;==      Total: 1
10:45:10,902 [main] DEBUG org.activiti.engine.impl.history.DefaultHistoryManager  - Current history level: FULL
10:45:10,902 [main] DEBUG org.activiti.engine.impl.history.DefaultHistoryManager  - Current history level: FULL
10:45:10,902 [main] DEBUG org.activiti.engine.impl.db.DbSqlSession  -   insert org.activiti.engine.impl.persistence.entity.CommentEntity@543b855
10:45:10,902 [main] DEBUG org.activiti.engine.impl.db.DbSqlSession  -   update Task[id=850, name=gonzoSubTask2_2]
10:45:10,902 [main] DEBUG org.activiti.engine.impl.db.DbSqlSession  -   update HistoricTaskInstanceEntity[id=850, name=gonzoSubTask2_2]
10:45:10,902 [main] DEBUG org.activiti.engine.impl.db.DbSqlSession  - flush summary: 1 insert, 2 update, 0 delete.
10:45:10,902 [main] DEBUG org.activiti.engine.impl.db.DbSqlSession  - now executing flush...
10:45:10,902 [main] DEBUG org.activiti.engine.impl.db.DbSqlSession  - inserting: org.activiti.engine.impl.persistence.entity.CommentEntity@543b855
10:45:10,902 [main] DEBUG org.activiti.engine.impl.persistence.entity.CommentEntity.insertComment  - ==&gt;  Preparing: insert into ACT_HI_COMMENT (ID_, TYPE_, TIME_, USER_ID_, TASK_ID_, PROC_INST_ID_, ACTION_, MESSAGE_, FULL_MSG_) values (?, ?, ?, ?, ?, ?, ?, ?, ?) 
10:45:10,902 [main] DEBUG org.activiti.engine.impl.persistence.entity.CommentEntity.insertComment  - ==&gt; Parameters: 851(String), event(String), 2009-01-02 01:01:01.0(Timestamp), null, 850(String), null, AddUserLink(String), gonzo_|_assignee(String), null
10:45:10,902 [main] DEBUG org.activiti.engine.impl.persistence.entity.CommentEntity.insertComment  - &lt;==    Updates: 1
10:45:10,902 [main] DEBUG org.activiti.engine.impl.db.DbSqlSession  - updating: Task[id=850, name=gonzoSubTask2_2]
10:45:10,902 [main] DEBUG org.activiti.engine.impl.persistence.entity.TaskEntity.updateTask  - ==&gt;  Preparing: update ACT_RU_TASK SET REV_ = ?, NAME_ = ?, PARENT_TASK_ID_ = ?, PRIORITY_ = ?, CREATE_TIME_ = ?, OWNER_ = ?, ASSIGNEE_ = ?, DELEGATION_ = ?, EXECUTION_ID_ = ?, PROC_DEF_ID_ = ?, DESCRIPTION_ = ?, DUE_DATE_ = ?, CATEGORY_ = ?, SUSPENSION_STATE_ = ?, FORM_KEY_ = ? where ID_= ? and REV_ = ? 
10:45:10,902 [main] DEBUG org.activiti.engine.impl.persistence.entity.TaskEntity.updateTask  - ==&gt; Parameters: 2(Integer), gonzoSubTask2_2(String), 840(String), 50(Integer), 2009-01-02 01:01:01.0(Timestamp), null, gonzo(String), null, null, null, description for gonzo sub-task2_2(String), null, null, 1(Integer), null, 850(String), 1(Integer)
10:45:10,902 [main] DEBUG org.activiti.engine.impl.persistence.entity.TaskEntity.updateTask  - &lt;==    Updates: 1
10:45:10,902 [main] DEBUG org.activiti.engine.impl.db.DbSqlSession  - updating: HistoricTaskInstanceEntity[id=850, name=gonzoSubTask2_2]
10:45:10,902 [main] DEBUG org.activiti.engine.impl.persistence.entity.HistoricTaskInstanceEntity.updateHistoricTaskInstance  - ==&gt;  Preparing: update ACT_HI_TASKINST set EXECUTION_ID_ = ?, NAME_ = ?, PARENT_TASK_ID_ = ?, DESCRIPTION_ = ?, OWNER_ = ?, ASSIGNEE_ = ?, CLAIM_TIME_ = ?, END_TIME_ = ?, DURATION_ = ?, DELETE_REASON_ = ?, TASK_DEF_KEY_ = ?, FORM_KEY_ = ?, PRIORITY_ = ?, DUE_DATE_ = ?, CATEGORY_ = ? where ID_ = ? 
10:45:10,902 [main] DEBUG org.activiti.engine.impl.persistence.entity.HistoricTaskInstanceEntity.updateHistoricTaskInstance  - ==&gt; Parameters: null, gonzoSubTask2_2(String), 840(String), description for gonzo sub-task2_2(String), null, gonzo(String), null, null, null, null, null, null, 50(Integer), null, null, 850(String)
10:45:10,902 [main] DEBUG org.activiti.engine.impl.persistence.entity.HistoricTaskInstanceEntity.updateHistoricTaskInstance  - &lt;==    Updates: 1
10:45:10,902 [main] DEBUG org.activiti.engine.impl.cfg.standalone.StandaloneMybatisTransactionContext  - firing event committing...
10:45:10,902 [main] DEBUG org.activiti.engine.impl.cfg.standalone.StandaloneMybatisTransactionContext  - committing the ibatis sql session...
10:45:10,902 [main] DEBUG org.apache.ibatis.transaction.jdbc.JdbcTransaction  - Committing JDBC Connection [conn6: url=jdbc:h2:mem:activiti user=SA]
10:45:10,902 [main] DEBUG org.activiti.engine.impl.cfg.standalone.StandaloneMybatisTransactionContext  - firing event committed...
10:45:10,902 [main] DEBUG org.apache.ibatis.transaction.jdbc.JdbcTransaction  - Resetting autocommit to true on JDBC Connection [conn6: url=jdbc:h2:mem:activiti user=SA]
10:45:10,902 [main] DEBUG org.apache.ibatis.transaction.jdbc.JdbcTransaction  - Closing JDBC Connection [conn6: url=jdbc:h2:mem:activiti user=SA]
10:45:10,902 [main] DEBUG org.apache.ibatis.datasource.pooled.PooledDataSource  - Returned connection 486346394 to pool.
10:45:10,902 [main] DEBUG org.activiti.engine.impl.interceptor.LogInterceptor  - --- AddIdentityLinkCmd finished --------------------------------------------------------
10:45:10,902 [main] DEBUG org.activiti.engine.impl.interceptor.LogInterceptor  - 

10:45:10,902 [main] DEBUG org.activiti.engine.impl.test.PvmTestCase  - 

10:45:10,902 [main] DEBUG org.activiti.engine.impl.test.PvmTestCase  - #### START SubTaskQueryTest.testQueryByAssigneeExcludeSubtasksOrderedAndPaginated ###########################################################
10:45:10,902 [main] DEBUG org.activiti.engine.impl.interceptor.LogInterceptor  - 

10:45:10,902 [main] DEBUG org.activiti.engine.impl.interceptor.LogInterceptor  - --- starting TaskQueryImpl --------------------------------------------------------
10:45:10,902 [main] DEBUG org.apache.ibatis.transaction.jdbc.JdbcTransaction  - Opening JDBC Connection
10:45:10,902 [main] DEBUG org.apache.ibatis.datasource.pooled.PooledDataSource  - Checked out connection 180014677 from pool.
10:45:10,902 [main] DEBUG org.apache.ibatis.transaction.jdbc.JdbcTransaction  - Setting autocommit to false on JDBC Connection [conn3: url=jdbc:h2:mem:activiti user=SA]
10:45:10,902 [main] DEBUG org.activiti.engine.impl.persistence.entity.TaskEntity.selectTaskCountByQueryCriteria  - ==&gt;  Preparing: select count(distinct RES.ID_) from ACT_RU_TASK RES WHERE RES.ASSIGNEE_ = ? 
10:45:10,902 [main] DEBUG org.activiti.engine.impl.persistence.entity.TaskEntity.selectTaskCountByQueryCriteria  - ==&gt; Parameters: gonzo(String)
10:45:10,902 [main] DEBUG org.activiti.engine.impl.persistence.entity.TaskEntity.selectTaskCountByQueryCriteria  - &lt;==      Total: 1
10:45:10,902 [main] DEBUG org.activiti.engine.impl.db.DbSqlSession  - flush summary: 0 insert, 0 update, 0 delete.
10:45:10,902 [main] DEBUG org.activiti.engine.impl.db.DbSqlSession  - now executing flush...
10:45:10,902 [main] DEBUG org.activiti.engine.impl.cfg.standalone.StandaloneMybatisTransactionContext  - firing event committing...
10:45:10,902 [main] DEBUG org.activiti.engine.impl.cfg.standalone.StandaloneMybatisTransactionContext  - committing the ibatis sql session...
10:45:10,902 [main] DEBUG org.activiti.engine.impl.cfg.standalone.StandaloneMybatisTransactionContext  - firing event committed...
10:45:10,902 [main] DEBUG org.apache.ibatis.transaction.jdbc.JdbcTransaction  - Resetting autocommit to true on JDBC Connection [conn3: url=jdbc:h2:mem:activiti user=SA]
10:45:10,902 [main] DEBUG org.apache.ibatis.transaction.jdbc.JdbcTransaction  - Closing JDBC Connection [conn3: url=jdbc:h2:mem:activiti user=SA]
10:45:10,902 [main] DEBUG org.apache.ibatis.datasource.pooled.PooledDataSource  - Returned connection 180014677 to pool.
10:45:10,902 [main] DEBUG org.activiti.engine.impl.interceptor.LogInterceptor  - --- TaskQueryImpl finished --------------------------------------------------------
10:45:10,902 [main] DEBUG org.activiti.engine.impl.interceptor.LogInterceptor  - 

10:45:10,902 [main] DEBUG org.activiti.engine.impl.interceptor.LogInterceptor  - 

10:45:10,902 [main] DEBUG org.activiti.engine.impl.interceptor.LogInterceptor  - --- starting TaskQueryImpl --------------------------------------------------------
10:45:10,902 [main] DEBUG org.apache.ibatis.transaction.jdbc.JdbcTransaction  - Opening JDBC Connection
10:45:10,902 [main] DEBUG org.apache.ibatis.datasource.pooled.PooledDataSource  - Checked out connection 363509958 from pool.
10:45:10,902 [main] DEBUG org.apache.ibatis.transaction.jdbc.JdbcTransaction  - Setting autocommit to false on JDBC Connection [conn2: url=jdbc:h2:mem:activiti user=SA]
10:45:10,902 [main] DEBUG org.activiti.engine.impl.persistence.entity.TaskEntity.selectTaskByQueryCriteria  - ==&gt;  Preparing: select distinct RES.* from ACT_RU_TASK RES WHERE RES.ASSIGNEE_ = ? order by order by RES.CREATE_TIME_ asc LIMIT ? OFFSET ? 
10:45:10,903 [main] DEBUG org.activiti.engine.impl.interceptor.CommandContext  - Error while closing command context
org.apache.ibatis.exceptions.PersistenceException: 
### Error querying database.  Cause: org.h2.jdbc.JdbcSQLException: Syntax error in SQL statement &quot;SELECT DISTINCT RES.* 
       
    FROM ACT_RU_TASK RES
     
     
     
     
    
     
     
     
     WHERE  RES.ASSIGNEE_ = ? 
   
    
     ORDER BY  ORDER[*] BY RES.CREATE_TIME_ ASC  
    LIMIT ? OFFSET ? &quot;; expected &quot;=, NOT, EXISTS, INTERSECTS, SELECT, FROM&quot;; SQL statement:
select distinct RES.* 
       
    from ACT_RU_TASK RES
     
     
     
     
    
     
     
     
     WHERE  RES.ASSIGNEE_ = ? 
   
    
     order by  order by RES.CREATE_TIME_ asc  
    LIMIT ? OFFSET ? [42001-176]
### The error may exist in org/activiti/db/mapping/entity/Task.xml
### The error may involve org.activiti.engine.impl.persistence.entity.TaskEntity.selectTaskByQueryCriteria
### The error occurred while executing a query
### SQL: select distinct RES.*              from ACT_RU_TASK RES                                                     WHERE  RES.ASSIGNEE_ = ?                order by  order by RES.CREATE_TIME_ asc       LIMIT ? OFFSET ?
### Cause: org.h2.jdbc.JdbcSQLException: Syntax error in SQL statement &quot;SELECT DISTINCT RES.* 
       
    FROM ACT_RU_TASK RES
     
     
     
     
    
     
     
     
     WHERE  RES.ASSIGNEE_ = ? 
   
    
     ORDER BY  ORDER[*] BY RES.CREATE_TIME_ ASC  
    LIMIT ? OFFSET ? &quot;; expected &quot;=, NOT, EXISTS, INTERSECTS, SELECT, FROM&quot;; SQL statement:
select distinct RES.* 
       
    from ACT_RU_TASK RES
     
     
     
     
    
     
     
     
     WHERE  RES.ASSIGNEE_ = ? 
   
    
     order by  order by RES.CREATE_TIME_ asc  
    LIMIT ? OFFSET ? [42001-176]
	at org.apache.ibatis.exceptions.ExceptionFactory.wrapException(ExceptionFactory.java:30)
	at org.apache.ibatis.session.defaults.DefaultSqlSession.selectList(DefaultSqlSession.java:122)
	at org.apache.ibatis.session.defaults.DefaultSqlSession.selectList(DefaultSqlSession.java:113)
	at org.activiti.engine.impl.db.DbSqlSession.selectListWithRawParameter(DbSqlSession.java:438)
	at org.activiti.engine.impl.db.DbSqlSession.selectList(DbSqlSession.java:429)
	at org.activiti.engine.impl.persistence.entity.TaskEntityManager.findTasksByQueryCriteria(TaskEntityManager.java:135)
	at org.activiti.engine.impl.TaskQueryImpl.executeList(TaskQueryImpl.java:1256)
	at org.activiti.engine.impl.AbstractQuery.execute(AbstractQuery.java:168)
	at org.activiti.engine.impl.interceptor.CommandInvoker.execute(CommandInvoker.java:24)
	at org.activiti.engine.impl.interceptor.CommandContextInterceptor.execute(CommandContextInterceptor.java:57)
	at org.activiti.engine.impl.interceptor.LogInterceptor.execute(LogInterceptor.java:37)
	at org.activiti.engine.impl.cfg.CommandExecutorImpl.execute(CommandExecutorImpl.java:40)
	at org.activiti.engine.impl.cfg.CommandExecutorImpl.execute(CommandExecutorImpl.java:35)
	at org.activiti.engine.impl.AbstractQuery.listPage(AbstractQuery.java:149)
	at org.activiti.engine.test.api.task.SubTaskQueryTest.testQueryByAssigneeExcludeSubtasksOrderedAndPaginated(SubTaskQueryTest.java:193)
	at sun.reflect.NativeMethodAccessorImpl.invoke0(Native Method)
	at sun.reflect.NativeMethodAccessorImpl.invoke(NativeMethodAccessorImpl.java:62)
	at sun.reflect.DelegatingMethodAccessorImpl.invoke(DelegatingMethodAccessorImpl.java:43)
	at java.lang.reflect.Method.invoke(Method.java:498)
	at junit.framework.TestCase.runTest(TestCase.java:176)
	at org.activiti.engine.impl.test.PvmTestCase.runTest(PvmTestCase.java:65)
	at junit.framework.TestCase.runBare(TestCase.java:141)
	at org.activiti.engine.impl.test.AbstractActivitiTestCase.runBare(AbstractActivitiTestCase.java:100)
	at junit.framework.TestResult$1.protect(TestResult.java:122)
	at junit.framework.TestResult.runProtected(TestResult.java:142)
	at junit.framework.TestResult.run(TestResult.java:125)
	at junit.framework.TestCase.run(TestCase.java:129)
	at junit.framework.TestSuite.runTest(TestSuite.java:255)
	at junit.framework.TestSuite.run(TestSuite.java:250)
	at org.junit.internal.runners.JUnit38ClassRunner.run(JUnit38ClassRunner.java:84)
	at org.apache.maven.surefire.junit4.JUnit4TestSet.execute(JUnit4TestSet.java:35)
	at org.apache.maven.surefire.junit4.JUnit4Provider.executeTestSet(JUnit4Provider.java:146)
	at org.apache.maven.surefire.junit4.JUnit4Provider.invoke(JUnit4Provider.java:97)
	at sun.reflect.NativeMethodAccessorImpl.invoke0(Native Method)
	at sun.reflect.NativeMethodAccessorImpl.invoke(NativeMethodAccessorImpl.java:62)
	at sun.reflect.DelegatingMethodAccessorImpl.invoke(DelegatingMethodAccessorImpl.java:43)
	at java.lang.reflect.Method.invoke(Method.java:498)
	at org.apache.maven.surefire.booter.ProviderFactory$ClassLoaderProxy.invoke(ProviderFactory.java:103)
	at com.sun.proxy.$Proxy0.invoke(Unknown Source)
	at org.apache.maven.surefire.booter.SurefireStarter.invokeProvider(SurefireStarter.java:145)
	at org.apache.maven.surefire.booter.SurefireStarter.runSuitesInProcess(SurefireStarter.java:87)
	at org.apache.maven.surefire.booter.ForkedBooter.main(ForkedBooter.java:69)
Caused by: org.h2.jdbc.JdbcSQLException: Syntax error in SQL statement &quot;SELECT DISTINCT RES.* 
       
    FROM ACT_RU_TASK RES
     
     
     
     
    
     
     
     
     WHERE  RES.ASSIGNEE_ = ? 
   
    
     ORDER BY  ORDER[*] BY RES.CREATE_TIME_ ASC  
    LIMIT ? OFFSET ? &quot;; expected &quot;=, NOT, EXISTS, INTERSECTS, SELECT, FROM&quot;; SQL statement:
select distinct RES.* 
       
    from ACT_RU_TASK RES
     
     
     
     
    
     
     
     
     WHERE  RES.ASSIGNEE_ = ? 
   
    
     order by  order by RES.CREATE_TIME_ asc  
    LIMIT ? OFFSET ? [42001-176]
	at org.h2.message.DbException.getJdbcSQLException(DbException.java:344)
	at org.h2.message.DbException.getSyntaxError(DbException.java:204)
	at org.h2.command.Parser.getSyntaxError(Parser.java:524)
	at org.h2.command.Parser.readTerm(Parser.java:2688)
	at org.h2.command.Parser.readFactor(Parser.java:2244)
	at org.h2.command.Parser.readSum(Parser.java:2231)
	at org.h2.command.Parser.readConcat(Parser.java:2201)
	at org.h2.command.Parser.readCondition(Parser.java:2051)
	at org.h2.command.Parser.readAnd(Parser.java:2023)
	at org.h2.command.Parser.readExpression(Parser.java:2015)
	at org.h2.command.Parser.parseEndOfQuery(Parser.java:1726)
	at org.h2.command.Parser.parseSelectUnionExtension(Parser.java:1706)
	at org.h2.command.Parser.parseSelectUnion(Parser.java:1675)
	at org.h2.command.Parser.parseSelect(Parser.java:1662)
	at org.h2.command.Parser.parsePrepared(Parser.java:434)
	at org.h2.command.Parser.parse(Parser.java:306)
	at org.h2.command.Parser.parse(Parser.java:282)
	at org.h2.command.Parser.prepareCommand(Parser.java:243)
	at org.h2.engine.Session.prepareLocal(Session.java:442)
	at org.h2.engine.Session.prepareCommand(Session.java:384)
	at org.h2.jdbc.JdbcConnection.prepareCommand(JdbcConnection.java:1188)
	at org.h2.jdbc.JdbcPreparedStatement.&lt;init&gt;(JdbcPreparedStatement.java:73)
	at org.h2.jdbc.JdbcConnection.prepareStatement(JdbcConnection.java:276)
	at sun.reflect.GeneratedMethodAccessor6.invoke(Unknown Source)
	at sun.reflect.DelegatingMethodAccessorImpl.invoke(DelegatingMethodAccessorImpl.java:43)
	at java.lang.reflect.Method.invoke(Method.java:498)
	at org.apache.ibatis.datasource.pooled.PooledConnection.invoke(PooledConnection.java:245)
	at com.sun.proxy.$Proxy12.prepareStatement(Unknown Source)
	at sun.reflect.GeneratedMethodAccessor6.invoke(Unknown Source)
	at sun.reflect.DelegatingMethodAccessorImpl.invoke(DelegatingMethodAccessorImpl.java:43)
	at java.lang.reflect.Method.invoke(Method.java:498)
	at org.apache.ibatis.logging.jdbc.ConnectionLogger.invoke(ConnectionLogger.java:55)
	at com.sun.proxy.$Proxy12.prepareStatement(Unknown Source)
	at org.apache.ibatis.executor.statement.PreparedStatementHandler.instantiateStatement(PreparedStatementHandler.java:79)
	at org.apache.ibatis.executor.statement.BaseStatementHandler.prepare(BaseStatementHandler.java:88)
	at org.apache.ibatis.executor.statement.RoutingStatementHandler.prepare(RoutingStatementHandler.java:58)
	at org.apache.ibatis.executor.SimpleExecutor.prepareStatement(SimpleExecutor.java:76)
	at org.apache.ibatis.executor.SimpleExecutor.doQuery(SimpleExecutor.java:61)
	at org.apache.ibatis.executor.BaseExecutor.queryFromDatabase(BaseExecutor.java:303)
	at org.apache.ibatis.executor.BaseExecutor.query(BaseExecutor.java:154)
	at org.apache.ibatis.executor.CachingExecutor.query(CachingExecutor.java:102)
	at org.apache.ibatis.executor.CachingExecutor.query(CachingExecutor.java:82)
	at org.apache.ibatis.session.defaults.DefaultSqlSession.selectList(DefaultSqlSession.java:120)
	... 40 more
10:45:10,903 [main] DEBUG org.activiti.engine.impl.cfg.standalone.StandaloneMybatisTransactionContext  - firing event rolling back...
10:45:10,903 [main] DEBUG org.activiti.engine.impl.cfg.standalone.StandaloneMybatisTransactionContext  - rolling back ibatis sql session...
10:45:10,903 [main] DEBUG org.activiti.engine.impl.cfg.standalone.StandaloneMybatisTransactionContext  - firing event rolled back...
10:45:10,903 [main] DEBUG org.apache.ibatis.transaction.jdbc.JdbcTransaction  - Resetting autocommit to true on JDBC Connection [conn2: url=jdbc:h2:mem:activiti user=SA]
10:45:10,903 [main] DEBUG org.apache.ibatis.transaction.jdbc.JdbcTransaction  - Closing JDBC Connection [conn2: url=jdbc:h2:mem:activiti user=SA]
10:45:10,903 [main] DEBUG org.apache.ibatis.datasource.pooled.PooledDataSource  - Returned connection 363509958 to pool.
10:45:10,903 [main] DEBUG org.activiti.engine.impl.interceptor.LogInterceptor  - --- TaskQueryImpl finished --------------------------------------------------------
10:45:10,903 [main] DEBUG org.activiti.engine.impl.interceptor.LogInterceptor  - 

10:45:10,903 [main] ERROR org.activiti.engine.impl.test.PvmTestCase  - 

10:45:10,903 [main] ERROR org.activiti.engine.impl.test.PvmTestCase  - EXCEPTION: org.apache.ibatis.exceptions.PersistenceException: 
### Error querying database.  Cause: org.h2.jdbc.JdbcSQLException: Syntax error in SQL statement &quot;SELECT DISTINCT RES.* 
       
    FROM ACT_RU_TASK RES
     
     
     
     
    
     
     
     
     WHERE  RES.ASSIGNEE_ = ? 
   
    
     ORDER BY  ORDER[*] BY RES.CREATE_TIME_ ASC  
    LIMIT ? OFFSET ? &quot;; expected &quot;=, NOT, EXISTS, INTERSECTS, SELECT, FROM&quot;; SQL statement:
select distinct RES.* 
       
    from ACT_RU_TASK RES
     
     
     
     
    
     
     
     
     WHERE  RES.ASSIGNEE_ = ? 
   
    
     order by  order by RES.CREATE_TIME_ asc  
    LIMIT ? OFFSET ? [42001-176]
### The error may exist in org/activiti/db/mapping/entity/Task.xml
### The error may involve org.activiti.engine.impl.persistence.entity.TaskEntity.selectTaskByQueryCriteria
### The error occurred while executing a query
### SQL: select distinct RES.*              from ACT_RU_TASK RES                                                     WHERE  RES.ASSIGNEE_ = ?                order by  order by RES.CREATE_TIME_ asc       LIMIT ? OFFSET ?
### Cause: org.h2.jdbc.JdbcSQLException: Syntax error in SQL statement &quot;SELECT DISTINCT RES.* 
       
    FROM ACT_RU_TASK RES
     
     
     
     
    
     
     
     
     WHERE  RES.ASSIGNEE_ = ? 
   
    
     ORDER BY  ORDER[*] BY RES.CREATE_TIME_ ASC  
    LIMIT ? OFFSET ? &quot;; expected &quot;=, NOT, EXISTS, INTERSECTS, SELECT, FROM&quot;; SQL statement:
select distinct RES.* 
       
    from ACT_RU_TASK RES
     
     
     
     
    
     
     
     
     WHERE  RES.ASSIGNEE_ = ? 
   
    
     order by  order by RES.CREATE_TIME_ asc  
    LIMIT ? OFFSET ? [42001-176]
org.apache.ibatis.exceptions.PersistenceException: 
### Error querying database.  Cause: org.h2.jdbc.JdbcSQLException: Syntax error in SQL statement &quot;SELECT DISTINCT RES.* 
       
    FROM ACT_RU_TASK RES
     
     
     
     
    
     
     
     
     WHERE  RES.ASSIGNEE_ = ? 
   
    
     ORDER BY  ORDER[*] BY RES.CREATE_TIME_ ASC  
    LIMIT ? OFFSET ? &quot;; expected &quot;=, NOT, EXISTS, INTERSECTS, SELECT, FROM&quot;; SQL statement:
select distinct RES.* 
       
    from ACT_RU_TASK RES
     
     
     
     
    
     
     
     
     WHERE  RES.ASSIGNEE_ = ? 
   
    
     order by  order by RES.CREATE_TIME_ asc  
    LIMIT ? OFFSET ? [42001-176]
### The error may exist in org/activiti/db/mapping/entity/Task.xml
### The error may involve org.activiti.engine.impl.persistence.entity.TaskEntity.selectTaskByQueryCriteria
### The error occurred while executing a query
### SQL: select distinct RES.*              from ACT_RU_TASK RES                                                     WHERE  RES.ASSIGNEE_ = ?                order by  order by RES.CREATE_TIME_ asc       LIMIT ? OFFSET ?
### Cause: org.h2.jdbc.JdbcSQLException: Syntax error in SQL statement &quot;SELECT DISTINCT RES.* 
       
    FROM ACT_RU_TASK RES
     
     
     
     
    
     
     
     
     WHERE  RES.ASSIGNEE_ = ? 
   
    
     ORDER BY  ORDER[*] BY RES.CREATE_TIME_ ASC  
    LIMIT ? OFFSET ? &quot;; expected &quot;=, NOT, EXISTS, INTERSECTS, SELECT, FROM&quot;; SQL statement:
select distinct RES.* 
       
    from ACT_RU_TASK RES
     
     
     
     
    
     
     
     
     WHERE  RES.ASSIGNEE_ = ? 
   
    
     order by  order by RES.CREATE_TIME_ asc  
    LIMIT ? OFFSET ? [42001-176]
	at org.apache.ibatis.exceptions.ExceptionFactory.wrapException(ExceptionFactory.java:30)
	at org.apache.ibatis.session.defaults.DefaultSqlSession.selectList(DefaultSqlSession.java:122)
	at org.apache.ibatis.session.defaults.DefaultSqlSession.selectList(DefaultSqlSession.java:113)
	at org.activiti.engine.impl.db.DbSqlSession.selectListWithRawParameter(DbSqlSession.java:438)
	at org.activiti.engine.impl.db.DbSqlSession.selectList(DbSqlSession.java:429)
	at org.activiti.engine.impl.persistence.entity.TaskEntityManager.findTasksByQueryCriteria(TaskEntityManager.java:135)
	at org.activiti.engine.impl.TaskQueryImpl.executeList(TaskQueryImpl.java:1256)
	at org.activiti.engine.impl.AbstractQuery.execute(AbstractQuery.java:168)
	at org.activiti.engine.impl.interceptor.CommandInvoker.execute(CommandInvoker.java:24)
	at org.activiti.engine.impl.interceptor.CommandContextInterceptor.execute(CommandContextInterceptor.java:57)
	at org.activiti.engine.impl.interceptor.LogInterceptor.execute(LogInterceptor.java:37)
	at org.activiti.engine.impl.cfg.CommandExecutorImpl.execute(CommandExecutorImpl.java:40)
	at org.activiti.engine.impl.cfg.CommandExecutorImpl.execute(CommandExecutorImpl.java:35)
	at org.activiti.engine.impl.AbstractQuery.listPage(AbstractQuery.java:149)
	at org.activiti.engine.test.api.task.SubTaskQueryTest.testQueryByAssigneeExcludeSubtasksOrderedAndPaginated(SubTaskQueryTest.java:193)
	at sun.reflect.NativeMethodAccessorImpl.invoke0(Native Method)
	at sun.reflect.NativeMethodAccessorImpl.invoke(NativeMethodAccessorImpl.java:62)
	at sun.reflect.DelegatingMethodAccessorImpl.invoke(DelegatingMethodAccessorImpl.java:43)
	at java.lang.reflect.Method.invoke(Method.java:498)
	at junit.framework.TestCase.runTest(TestCase.java:176)
	at org.activiti.engine.impl.test.PvmTestCase.runTest(PvmTestCase.java:65)
	at junit.framework.TestCase.runBare(TestCase.java:141)
	at org.activiti.engine.impl.test.AbstractActivitiTestCase.runBare(AbstractActivitiTestCase.java:100)
	at junit.framework.TestResult$1.protect(TestResult.java:122)
	at junit.framework.TestResult.runProtected(TestResult.java:142)
	at junit.framework.TestResult.run(TestResult.java:125)
	at junit.framework.TestCase.run(TestCase.java:129)
	at junit.framework.TestSuite.runTest(TestSuite.java:255)
	at junit.framework.TestSuite.run(TestSuite.java:250)
	at org.junit.internal.runners.JUnit38ClassRunner.run(JUnit38ClassRunner.java:84)
	at org.apache.maven.surefire.junit4.JUnit4TestSet.execute(JUnit4TestSet.java:35)
	at org.apache.maven.surefire.junit4.JUnit4Provider.executeTestSet(JUnit4Provider.java:146)
	at org.apache.maven.surefire.junit4.JUnit4Provider.invoke(JUnit4Provider.java:97)
	at sun.reflect.NativeMethodAccessorImpl.invoke0(Native Method)
	at sun.reflect.NativeMethodAccessorImpl.invoke(NativeMethodAccessorImpl.java:62)
	at sun.reflect.DelegatingMethodAccessorImpl.invoke(DelegatingMethodAccessorImpl.java:43)
	at java.lang.reflect.Method.invoke(Method.java:498)
	at org.apache.maven.surefire.booter.ProviderFactory$ClassLoaderProxy.invoke(ProviderFactory.java:103)
	at com.sun.proxy.$Proxy0.invoke(Unknown Source)
	at org.apache.maven.surefire.booter.SurefireStarter.invokeProvider(SurefireStarter.java:145)
	at org.apache.maven.surefire.booter.SurefireStarter.runSuitesInProcess(SurefireStarter.java:87)
	at org.apache.maven.surefire.booter.ForkedBooter.main(ForkedBooter.java:69)
Caused by: org.h2.jdbc.JdbcSQLException: Syntax error in SQL statement &quot;SELECT DISTINCT RES.* 
       
    FROM ACT_RU_TASK RES
     
     
     
     
    
     
     
     
     WHERE  RES.ASSIGNEE_ = ? 
   
    
     ORDER BY  ORDER[*] BY RES.CREATE_TIME_ ASC  
    LIMIT ? OFFSET ? &quot;; expected &quot;=, NOT, EXISTS, INTERSECTS, SELECT, FROM&quot;; SQL statement:
select distinct RES.* 
       
    from ACT_RU_TASK RES
     
     
     
     
    
     
     
     
     WHERE  RES.ASSIGNEE_ = ? 
   
    
     order by  order by RES.CREATE_TIME_ asc  
    LIMIT ? OFFSET ? [42001-176]
	at org.h2.message.DbException.getJdbcSQLException(DbException.java:344)
	at org.h2.message.DbException.getSyntaxError(DbException.java:204)
	at org.h2.command.Parser.getSyntaxError(Parser.java:524)
	at org.h2.command.Parser.readTerm(Parser.java:2688)
	at org.h2.command.Parser.readFactor(Parser.java:2244)
	at org.h2.command.Parser.readSum(Parser.java:2231)
	at org.h2.command.Parser.readConcat(Parser.java:2201)
	at org.h2.command.Parser.readCondition(Parser.java:2051)
	at org.h2.command.Parser.readAnd(Parser.java:2023)
	at org.h2.command.Parser.readExpression(Parser.java:2015)
	at org.h2.command.Parser.parseEndOfQuery(Parser.java:1726)
	at org.h2.command.Parser.parseSelectUnionExtension(Parser.java:1706)
	at org.h2.command.Parser.parseSelectUnion(Parser.java:1675)
	at org.h2.command.Parser.parseSelect(Parser.java:1662)
	at org.h2.command.Parser.parsePrepared(Parser.java:434)
	at org.h2.command.Parser.parse(Parser.java:306)
	at org.h2.command.Parser.parse(Parser.java:282)
	at org.h2.command.Parser.prepareCommand(Parser.java:243)
	at org.h2.engine.Session.prepareLocal(Session.java:442)
	at org.h2.engine.Session.prepareCommand(Session.java:384)
	at org.h2.jdbc.JdbcConnection.prepareCommand(JdbcConnection.java:1188)
	at org.h2.jdbc.JdbcPreparedStatement.&lt;init&gt;(JdbcPreparedStatement.java:73)
	at org.h2.jdbc.JdbcConnection.prepareStatement(JdbcConnection.java:276)
	at sun.reflect.GeneratedMethodAccessor6.invoke(Unknown Source)
	at sun.reflect.DelegatingMethodAccessorImpl.invoke(DelegatingMethodAccessorImpl.java:43)
	at java.lang.reflect.Method.invoke(Method.java:498)
	at org.apache.ibatis.datasource.pooled.PooledConnection.invoke(PooledConnection.java:245)
	at com.sun.proxy.$Proxy12.prepareStatement(Unknown Source)
	at sun.reflect.GeneratedMethodAccessor6.invoke(Unknown Source)
	at sun.reflect.DelegatingMethodAccessorImpl.invoke(DelegatingMethodAccessorImpl.java:43)
	at java.lang.reflect.Method.invoke(Method.java:498)
	at org.apache.ibatis.logging.jdbc.ConnectionLogger.invoke(ConnectionLogger.java:55)
	at com.sun.proxy.$Proxy12.prepareStatement(Unknown Source)
	at org.apache.ibatis.executor.statement.PreparedStatementHandler.instantiateStatement(PreparedStatementHandler.java:79)
	at org.apache.ibatis.executor.statement.BaseStatementHandler.prepare(BaseStatementHandler.java:88)
	at org.apache.ibatis.executor.statement.RoutingStatementHandler.prepare(RoutingStatementHandler.java:58)
	at org.apache.ibatis.executor.SimpleExecutor.prepareStatement(SimpleExecutor.java:76)
	at org.apache.ibatis.executor.SimpleExecutor.doQuery(SimpleExecutor.java:61)
	at org.apache.ibatis.executor.BaseExecutor.queryFromDatabase(BaseExecutor.java:303)
	at org.apache.ibatis.executor.BaseExecutor.query(BaseExecutor.java:154)
	at org.apache.ibatis.executor.CachingExecutor.query(CachingExecutor.java:102)
	at org.apache.ibatis.executor.CachingExecutor.query(CachingExecutor.java:82)
	at org.apache.ibatis.session.defaults.DefaultSqlSession.selectList(DefaultSqlSession.java:120)
	... 40 more
10:45:10,903 [main] DEBUG org.activiti.engine.impl.test.PvmTestCase  - #### END SubTaskQueryTest.testQueryByAssigneeExcludeSubtasksOrderedAndPaginated #############################################################
10:45:10,903 [main] DEBUG org.activiti.engine.impl.interceptor.LogInterceptor  - 

10:45:10,903 [main] DEBUG org.activiti.engine.impl.interceptor.LogInterceptor  - --- starting DeleteGroupCmd --------------------------------------------------------
10:45:10,903 [main] DEBUG org.apache.ibatis.transaction.jdbc.JdbcTransaction  - Opening JDBC Connection
10:45:10,903 [main] DEBUG org.apache.ibatis.datasource.pooled.PooledDataSource  - Checked out connection 297240765 from pool.
10:45:10,903 [main] DEBUG org.apache.ibatis.transaction.jdbc.JdbcTransaction  - Setting autocommit to false on JDBC Connection [conn4: url=jdbc:h2:mem:activiti user=SA]
10:45:10,903 [main] DEBUG org.activiti.engine.impl.persistence.entity.GroupEntity.selectGroup  - ==&gt;  Preparing: select * from ACT_ID_GROUP where ID_ = ? 
10:45:10,903 [main] DEBUG org.activiti.engine.impl.persistence.entity.GroupEntity.selectGroup  - ==&gt; Parameters: accountancy(String)
10:45:10,903 [main] DEBUG org.activiti.engine.impl.persistence.entity.GroupEntity.selectGroup  - &lt;==      Total: 1
10:45:10,903 [main] DEBUG org.activiti.engine.impl.db.DbSqlSession  -   bulk delete: deleteMembershipsByGroupId(accountancy)
10:45:10,903 [main] DEBUG org.activiti.engine.impl.db.DbSqlSession  -   delete org.activiti.engine.impl.persistence.entity.GroupEntity@267d9cc0
10:45:10,903 [main] DEBUG org.activiti.engine.impl.db.DbSqlSession  - flush summary: 0 insert, 0 update, 2 delete.
10:45:10,903 [main] DEBUG org.activiti.engine.impl.db.DbSqlSession  - now executing flush...
10:45:10,903 [main] DEBUG org.activiti.engine.impl.db.DbSqlSession  - executing: bulk delete: deleteMembershipsByGroupId(accountancy)
10:45:10,903 [main] DEBUG org.activiti.engine.impl.persistence.entity.MembershipRelation.deleteMembershipsByGroupId  - ==&gt;  Preparing: delete from ACT_ID_MEMBERSHIP where GROUP_ID_ = ? 
10:45:10,903 [main] DEBUG org.activiti.engine.impl.persistence.entity.MembershipRelation.deleteMembershipsByGroupId  - ==&gt; Parameters: accountancy(String)
10:45:10,903 [main] DEBUG org.activiti.engine.impl.persistence.entity.MembershipRelation.deleteMembershipsByGroupId  - &lt;==    Updates: 1
10:45:10,903 [main] DEBUG org.activiti.engine.impl.db.DbSqlSession  - executing: delete org.activiti.engine.impl.persistence.entity.GroupEntity@267d9cc0
10:45:10,903 [main] DEBUG org.activiti.engine.impl.persistence.entity.GroupEntity.deleteGroup  - ==&gt;  Preparing: delete from ACT_ID_GROUP where ID_ = ? and REV_ = ? 
10:45:10,903 [main] DEBUG org.activiti.engine.impl.persistence.entity.GroupEntity.deleteGroup  - ==&gt; Parameters: accountancy(String), 1(Integer)
10:45:10,903 [main] DEBUG org.activiti.engine.impl.persistence.entity.GroupEntity.deleteGroup  - &lt;==    Updates: 1
10:45:10,903 [main] DEBUG org.activiti.engine.impl.cfg.standalone.StandaloneMybatisTransactionContext  - firing event committing...
10:45:10,903 [main] DEBUG org.activiti.engine.impl.cfg.standalone.StandaloneMybatisTransactionContext  - committing the ibatis sql session...
10:45:10,903 [main] DEBUG org.apache.ibatis.transaction.jdbc.JdbcTransaction  - Committing JDBC Connection [conn4: url=jdbc:h2:mem:activiti user=SA]
10:45:10,903 [main] DEBUG org.activiti.engine.impl.cfg.standalone.StandaloneMybatisTransactionContext  - firing event committed...
10:45:10,903 [main] DEBUG org.apache.ibatis.transaction.jdbc.JdbcTransaction  - Resetting autocommit to true on JDBC Connection [conn4: url=jdbc:h2:mem:activiti user=SA]
10:45:10,903 [main] DEBUG org.apache.ibatis.transaction.jdbc.JdbcTransaction  - Closing JDBC Connection [conn4: url=jdbc:h2:mem:activiti user=SA]
10:45:10,903 [main] DEBUG org.apache.ibatis.datasource.pooled.PooledDataSource  - Returned connection 297240765 to pool.
10:45:10,903 [main] DEBUG org.activiti.engine.impl.interceptor.LogInterceptor  - --- DeleteGroupCmd finished --------------------------------------------------------
10:45:10,903 [main] DEBUG org.activiti.engine.impl.interceptor.LogInterceptor  - 

10:45:10,903 [main] DEBUG org.activiti.engine.impl.interceptor.LogInterceptor  - 

10:45:10,903 [main] DEBUG org.activiti.engine.impl.interceptor.LogInterceptor  - --- starting DeleteGroupCmd --------------------------------------------------------
10:45:10,903 [main] DEBUG org.apache.ibatis.transaction.jdbc.JdbcTransaction  - Opening JDBC Connection
10:45:10,903 [main] DEBUG org.apache.ibatis.datasource.pooled.PooledDataSource  - Checked out connection 486346394 from pool.
10:45:10,903 [main] DEBUG org.apache.ibatis.transaction.jdbc.JdbcTransaction  - Setting autocommit to false on JDBC Connection [conn6: url=jdbc:h2:mem:activiti user=SA]
10:45:10,903 [main] DEBUG org.activiti.engine.impl.persistence.entity.GroupEntity.selectGroup  - ==&gt;  Preparing: select * from ACT_ID_GROUP where ID_ = ? 
10:45:10,903 [main] DEBUG org.activiti.engine.impl.persistence.entity.GroupEntity.selectGroup  - ==&gt; Parameters: management(String)
10:45:10,903 [main] DEBUG org.activiti.engine.impl.persistence.entity.GroupEntity.selectGroup  - &lt;==      Total: 1
10:45:10,903 [main] DEBUG org.activiti.engine.impl.db.DbSqlSession  -   bulk delete: deleteMembershipsByGroupId(management)
10:45:10,903 [main] DEBUG org.activiti.engine.impl.db.DbSqlSession  -   delete org.activiti.engine.impl.persistence.entity.GroupEntity@44a7a331
10:45:10,903 [main] DEBUG org.activiti.engine.impl.db.DbSqlSession  - flush summary: 0 insert, 0 update, 2 delete.
10:45:10,903 [main] DEBUG org.activiti.engine.impl.db.DbSqlSession  - now executing flush...
10:45:10,903 [main] DEBUG org.activiti.engine.impl.db.DbSqlSession  - executing: bulk delete: deleteMembershipsByGroupId(management)
10:45:10,903 [main] DEBUG org.activiti.engine.impl.persistence.entity.MembershipRelation.deleteMembershipsByGroupId  - ==&gt;  Preparing: delete from ACT_ID_MEMBERSHIP where GROUP_ID_ = ? 
10:45:10,903 [main] DEBUG org.activiti.engine.impl.persistence.entity.MembershipRelation.deleteMembershipsByGroupId  - ==&gt; Parameters: management(String)
10:45:10,903 [main] DEBUG org.activiti.engine.impl.persistence.entity.MembershipRelation.deleteMembershipsByGroupId  - &lt;==    Updates: 1
10:45:10,903 [main] DEBUG org.activiti.engine.impl.db.DbSqlSession  - executing: delete org.activiti.engine.impl.persistence.entity.GroupEntity@44a7a331
10:45:10,903 [main] DEBUG org.activiti.engine.impl.persistence.entity.GroupEntity.deleteGroup  - ==&gt;  Preparing: delete from ACT_ID_GROUP where ID_ = ? and REV_ = ? 
10:45:10,903 [main] DEBUG org.activiti.engine.impl.persistence.entity.GroupEntity.deleteGroup  - ==&gt; Parameters: management(String), 1(Integer)
10:45:10,903 [main] DEBUG org.activiti.engine.impl.persistence.entity.GroupEntity.deleteGroup  - &lt;==    Updates: 1
10:45:10,903 [main] DEBUG org.activiti.engine.impl.cfg.standalone.StandaloneMybatisTransactionContext  - firing event committing...
10:45:10,903 [main] DEBUG org.activiti.engine.impl.cfg.standalone.StandaloneMybatisTransactionContext  - committing the ibatis sql session...
10:45:10,903 [main] DEBUG org.apache.ibatis.transaction.jdbc.JdbcTransaction  - Committing JDBC Connection [conn6: url=jdbc:h2:mem:activiti user=SA]
10:45:10,903 [main] DEBUG org.activiti.engine.impl.cfg.standalone.StandaloneMybatisTransactionContext  - firing event committed...
10:45:10,903 [main] DEBUG org.apache.ibatis.transaction.jdbc.JdbcTransaction  - Resetting autocommit to true on JDBC Connection [conn6: url=jdbc:h2:mem:activiti user=SA]
10:45:10,903 [main] DEBUG org.apache.ibatis.transaction.jdbc.JdbcTransaction  - Closing JDBC Connection [conn6: url=jdbc:h2:mem:activiti user=SA]
10:45:10,903 [main] DEBUG org.apache.ibatis.datasource.pooled.PooledDataSource  - Returned connection 486346394 to pool.
10:45:10,903 [main] DEBUG org.activiti.engine.impl.interceptor.LogInterceptor  - --- DeleteGroupCmd finished --------------------------------------------------------
10:45:10,903 [main] DEBUG org.activiti.engine.impl.interceptor.LogInterceptor  - 

10:45:10,903 [main] DEBUG org.activiti.engine.impl.interceptor.LogInterceptor  - 

10:45:10,903 [main] DEBUG org.activiti.engine.impl.interceptor.LogInterceptor  - --- starting DeleteUserCmd --------------------------------------------------------
10:45:10,903 [main] DEBUG org.apache.ibatis.transaction.jdbc.JdbcTransaction  - Opening JDBC Connection
10:45:10,903 [main] DEBUG org.apache.ibatis.datasource.pooled.PooledDataSource  - Checked out connection 180014677 from pool.
10:45:10,903 [main] DEBUG org.apache.ibatis.transaction.jdbc.JdbcTransaction  - Setting autocommit to false on JDBC Connection [conn3: url=jdbc:h2:mem:activiti user=SA]
10:45:10,903 [main] DEBUG org.activiti.engine.impl.persistence.entity.UserEntity.selectUserById  - ==&gt;  Preparing: select * from ACT_ID_USER where ID_ = ? 
10:45:10,903 [main] DEBUG org.activiti.engine.impl.persistence.entity.UserEntity.selectUserById  - ==&gt; Parameters: gonzo(String)
10:45:10,904 [main] DEBUG org.activiti.engine.impl.persistence.entity.UserEntity.selectUserById  - &lt;==      Total: 1
10:45:10,904 [main] DEBUG org.activiti.engine.impl.persistence.entity.IdentityInfoEntity.selectIdentityInfoByUserId  - ==&gt;  Preparing: select * from ACT_ID_INFO where USER_ID_ = ? 
10:45:10,904 [main] DEBUG org.activiti.engine.impl.persistence.entity.IdentityInfoEntity.selectIdentityInfoByUserId  - ==&gt; Parameters: gonzo(String)
10:45:10,904 [main] DEBUG org.activiti.engine.impl.persistence.entity.IdentityInfoEntity.selectIdentityInfoByUserId  - &lt;==      Total: 0
10:45:10,904 [main] DEBUG org.activiti.engine.impl.db.DbSqlSession  -   bulk delete: deleteMembershipsByUserId(gonzo)
10:45:10,904 [main] DEBUG org.activiti.engine.impl.db.DbSqlSession  -   delete org.activiti.engine.impl.persistence.entity.UserEntity@72f71ea2
10:45:10,904 [main] DEBUG org.activiti.engine.impl.db.DbSqlSession  - flush summary: 0 insert, 0 update, 2 delete.
10:45:10,904 [main] DEBUG org.activiti.engine.impl.db.DbSqlSession  - now executing flush...
10:45:10,904 [main] DEBUG org.activiti.engine.impl.db.DbSqlSession  - executing: bulk delete: deleteMembershipsByUserId(gonzo)
10:45:10,904 [main] DEBUG org.activiti.engine.impl.persistence.entity.MembershipRelation.deleteMembershipsByUserId  - ==&gt;  Preparing: delete from ACT_ID_MEMBERSHIP where USER_ID_ = ? 
10:45:10,904 [main] DEBUG org.activiti.engine.impl.persistence.entity.MembershipRelation.deleteMembershipsByUserId  - ==&gt; Parameters: gonzo(String)
10:45:10,904 [main] DEBUG org.activiti.engine.impl.persistence.entity.MembershipRelation.deleteMembershipsByUserId  - &lt;==    Updates: 0
10:45:10,904 [main] DEBUG org.activiti.engine.impl.db.DbSqlSession  - executing: delete org.activiti.engine.impl.persistence.entity.UserEntity@72f71ea2
10:45:10,904 [main] DEBUG org.activiti.engine.impl.persistence.entity.UserEntity.deleteUser  - ==&gt;  Preparing: delete from ACT_ID_USER where ID_ = ? and REV_ = ? 
10:45:10,904 [main] DEBUG org.activiti.engine.impl.persistence.entity.UserEntity.deleteUser  - ==&gt; Parameters: gonzo(String), 1(Integer)
10:45:10,904 [main] DEBUG org.activiti.engine.impl.persistence.entity.UserEntity.deleteUser  - &lt;==    Updates: 1
10:45:10,904 [main] DEBUG org.activiti.engine.impl.cfg.standalone.StandaloneMybatisTransactionContext  - firing event committing...
10:45:10,904 [main] DEBUG org.activiti.engine.impl.cfg.standalone.StandaloneMybatisTransactionContext  - committing the ibatis sql session...
10:45:10,904 [main] DEBUG org.apache.ibatis.transaction.jdbc.JdbcTransaction  - Committing JDBC Connection [conn3: url=jdbc:h2:mem:activiti user=SA]
10:45:10,904 [main] DEBUG org.activiti.engine.impl.cfg.standalone.StandaloneMybatisTransactionContext  - firing event committed...
10:45:10,904 [main] DEBUG org.apache.ibatis.transaction.jdbc.JdbcTransaction  - Resetting autocommit to true on JDBC Connection [conn3: url=jdbc:h2:mem:activiti user=SA]
10:45:10,904 [main] DEBUG org.apache.ibatis.transaction.jdbc.JdbcTransaction  - Closing JDBC Connection [conn3: url=jdbc:h2:mem:activiti user=SA]
10:45:10,904 [main] DEBUG org.apache.ibatis.datasource.pooled.PooledDataSource  - Returned connection 180014677 to pool.
10:45:10,904 [main] DEBUG org.activiti.engine.impl.interceptor.LogInterceptor  - --- DeleteUserCmd finished --------------------------------------------------------
10:45:10,904 [main] DEBUG org.activiti.engine.impl.interceptor.LogInterceptor  - 

10:45:10,904 [main] DEBUG org.activiti.engine.impl.interceptor.LogInterceptor  - 

10:45:10,904 [main] DEBUG org.activiti.engine.impl.interceptor.LogInterceptor  - --- starting DeleteUserCmd --------------------------------------------------------
10:45:10,904 [main] DEBUG org.apache.ibatis.transaction.jdbc.JdbcTransaction  - Opening JDBC Connection
10:45:10,904 [main] DEBUG org.apache.ibatis.datasource.pooled.PooledDataSource  - Checked out connection 363509958 from pool.
10:45:10,904 [main] DEBUG org.apache.ibatis.transaction.jdbc.JdbcTransaction  - Setting autocommit to false on JDBC Connection [conn2: url=jdbc:h2:mem:activiti user=SA]
10:45:10,904 [main] DEBUG org.activiti.engine.impl.persistence.entity.UserEntity.selectUserById  - ==&gt;  Preparing: select * from ACT_ID_USER where ID_ = ? 
10:45:10,904 [main] DEBUG org.activiti.engine.impl.persistence.entity.UserEntity.selectUserById  - ==&gt; Parameters: kermit(String)
10:45:10,904 [main] DEBUG org.activiti.engine.impl.persistence.entity.UserEntity.selectUserById  - &lt;==      Total: 1
10:45:10,904 [main] DEBUG org.activiti.engine.impl.persistence.entity.IdentityInfoEntity.selectIdentityInfoByUserId  - ==&gt;  Preparing: select * from ACT_ID_INFO where USER_ID_ = ? 
10:45:10,904 [main] DEBUG org.activiti.engine.impl.persistence.entity.IdentityInfoEntity.selectIdentityInfoByUserId  - ==&gt; Parameters: kermit(String)
10:45:10,904 [main] DEBUG org.activiti.engine.impl.persistence.entity.IdentityInfoEntity.selectIdentityInfoByUserId  - &lt;==      Total: 0
10:45:10,904 [main] DEBUG org.activiti.engine.impl.db.DbSqlSession  -   bulk delete: deleteMembershipsByUserId(kermit)
10:45:10,904 [main] DEBUG org.activiti.engine.impl.db.DbSqlSession  -   delete org.activiti.engine.impl.persistence.entity.UserEntity@5a097a83
10:45:10,904 [main] DEBUG org.activiti.engine.impl.db.DbSqlSession  - flush summary: 0 insert, 0 update, 2 delete.
10:45:10,904 [main] DEBUG org.activiti.engine.impl.db.DbSqlSession  - now executing flush...
10:45:10,904 [main] DEBUG org.activiti.engine.impl.db.DbSqlSession  - executing: bulk delete: deleteMembershipsByUserId(kermit)
10:45:10,904 [main] DEBUG org.activiti.engine.impl.persistence.entity.MembershipRelation.deleteMembershipsByUserId  - ==&gt;  Preparing: delete from ACT_ID_MEMBERSHIP where USER_ID_ = ? 
10:45:10,904 [main] DEBUG org.activiti.engine.impl.persistence.entity.MembershipRelation.deleteMembershipsByUserId  - ==&gt; Parameters: kermit(String)
10:45:10,904 [main] DEBUG org.activiti.engine.impl.persistence.entity.MembershipRelation.deleteMembershipsByUserId  - &lt;==    Updates: 0
10:45:10,904 [main] DEBUG org.activiti.engine.impl.db.DbSqlSession  - executing: delete org.activiti.engine.impl.persistence.entity.UserEntity@5a097a83
10:45:10,904 [main] DEBUG org.activiti.engine.impl.persistence.entity.UserEntity.deleteUser  - ==&gt;  Preparing: delete from ACT_ID_USER where ID_ = ? and REV_ = ? 
10:45:10,904 [main] DEBUG org.activiti.engine.impl.persistence.entity.UserEntity.deleteUser  - ==&gt; Parameters: kermit(String), 1(Integer)
10:45:10,904 [main] DEBUG org.activiti.engine.impl.persistence.entity.UserEntity.deleteUser  - &lt;==    Updates: 1
10:45:10,904 [main] DEBUG org.activiti.engine.impl.cfg.standalone.StandaloneMybatisTransactionContext  - firing event committing...
10:45:10,904 [main] DEBUG org.activiti.engine.impl.cfg.standalone.StandaloneMybatisTransactionContext  - committing the ibatis sql session...
10:45:10,904 [main] DEBUG org.apache.ibatis.transaction.jdbc.JdbcTransaction  - Committing JDBC Connection [conn2: url=jdbc:h2:mem:activiti user=SA]
10:45:10,904 [main] DEBUG org.activiti.engine.impl.cfg.standalone.StandaloneMybatisTransactionContext  - firing event committed...
10:45:10,904 [main] DEBUG org.apache.ibatis.transaction.jdbc.JdbcTransaction  - Resetting autocommit to true on JDBC Connection [conn2: url=jdbc:h2:mem:activiti user=SA]
10:45:10,904 [main] DEBUG org.apache.ibatis.transaction.jdbc.JdbcTransaction  - Closing JDBC Connection [conn2: url=jdbc:h2:mem:activiti user=SA]
10:45:10,904 [main] DEBUG org.apache.ibatis.datasource.pooled.PooledDataSource  - Returned connection 363509958 to pool.
10:45:10,904 [main] DEBUG org.activiti.engine.impl.interceptor.LogInterceptor  - --- DeleteUserCmd finished --------------------------------------------------------
10:45:10,904 [main] DEBUG org.activiti.engine.impl.interceptor.LogInterceptor  - 

10:45:10,904 [main] DEBUG org.activiti.engine.impl.interceptor.LogInterceptor  - 

10:45:10,904 [main] DEBUG org.activiti.engine.impl.interceptor.LogInterceptor  - --- starting DeleteTaskCmd --------------------------------------------------------
10:45:10,904 [main] DEBUG org.apache.ibatis.transaction.jdbc.JdbcTransaction  - Opening JDBC Connection
10:45:10,904 [main] DEBUG org.apache.ibatis.datasource.pooled.PooledDataSource  - Checked out connection 297240765 from pool.
10:45:10,904 [main] DEBUG org.apache.ibatis.transaction.jdbc.JdbcTransaction  - Setting autocommit to false on JDBC Connection [conn4: url=jdbc:h2:mem:activiti user=SA]
10:45:10,904 [main] DEBUG org.activiti.engine.impl.persistence.entity.TaskEntity.selectTask  - ==&gt;  Preparing: select * from ACT_RU_TASK where ID_ = ? 
10:45:10,904 [main] DEBUG org.activiti.engine.impl.persistence.entity.TaskEntity.selectTask  - ==&gt; Parameters: 829(String)
10:45:10,904 [main] DEBUG org.activiti.engine.impl.persistence.entity.TaskEntity.selectTask  - &lt;==      Total: 1
10:45:10,904 [main] DEBUG org.activiti.engine.impl.persistence.entity.TaskEntity.selectTasksByParentTaskId  - ==&gt;  Preparing: select * from ACT_RU_TASK where PARENT_TASK_ID_ = ? 
10:45:10,904 [main] DEBUG org.activiti.engine.impl.persistence.entity.TaskEntity.selectTasksByParentTaskId  - ==&gt; Parameters: 829(String)
10:45:10,904 [main] DEBUG org.activiti.engine.impl.persistence.entity.TaskEntity.selectTasksByParentTaskId  - &lt;==      Total: 2
10:45:10,904 [main] DEBUG org.activiti.engine.impl.persistence.entity.TaskEntity.selectTasksByParentTaskId  - ==&gt;  Preparing: select * from ACT_RU_TASK where PARENT_TASK_ID_ = ? 
10:45:10,904 [main] DEBUG org.activiti.engine.impl.persistence.entity.TaskEntity.selectTasksByParentTaskId  - ==&gt; Parameters: 832(String)
10:45:10,904 [main] DEBUG org.activiti.engine.impl.persistence.entity.TaskEntity.selectTasksByParentTaskId  - &lt;==      Total: 0
10:45:10,904 [main] DEBUG org.activiti.engine.impl.persistence.entity.IdentityLinkEntity.selectIdentityLinksByTask  - ==&gt;  Preparing: select * from ACT_RU_IDENTITYLINK where TASK_ID_ = ? 
10:45:10,904 [main] DEBUG org.activiti.engine.impl.persistence.entity.IdentityLinkEntity.selectIdentityLinksByTask  - ==&gt; Parameters: 832(String)
10:45:10,904 [main] DEBUG org.activiti.engine.impl.persistence.entity.IdentityLinkEntity.selectIdentityLinksByTask  - &lt;==      Total: 1
10:45:10,904 [main] DEBUG org.activiti.engine.impl.persistence.entity.VariableInstanceEntity.selectVariablesByTaskId  - ==&gt;  Preparing: select * from ACT_RU_VARIABLE where TASK_ID_ = ? 
10:45:10,904 [main] DEBUG org.activiti.engine.impl.persistence.entity.VariableInstanceEntity.selectVariablesByTaskId  - ==&gt; Parameters: 832(String)
10:45:10,904 [main] DEBUG org.activiti.engine.impl.persistence.entity.VariableInstanceEntity.selectVariablesByTaskId  - &lt;==      Total: 0
10:45:10,904 [main] DEBUG org.activiti.engine.impl.history.DefaultHistoryManager  - Current history level: FULL
10:45:10,904 [main] DEBUG org.activiti.engine.impl.history.DefaultHistoryManager  - Current history level: FULL
10:45:10,904 [main] DEBUG org.activiti.engine.impl.persistence.entity.HistoricTaskInstanceEntity.selectHistoricTaskInstance  - ==&gt;  Preparing: select * from ACT_HI_TASKINST where ID_ = ? 
10:45:10,904 [main] DEBUG org.activiti.engine.impl.persistence.entity.HistoricTaskInstanceEntity.selectHistoricTaskInstance  - ==&gt; Parameters: 832(String)
10:45:10,904 [main] DEBUG org.activiti.engine.impl.persistence.entity.HistoricTaskInstanceEntity.selectHistoricTaskInstance  - &lt;==      Total: 1
10:45:10,904 [main] DEBUG org.activiti.engine.impl.persistence.entity.HistoricTaskInstanceEntity.selectHistoricTasksByParentTaskId  - ==&gt;  Preparing: select * from ACT_HI_TASKINST where PARENT_TASK_ID_ = ? 
10:45:10,904 [main] DEBUG org.activiti.engine.impl.persistence.entity.HistoricTaskInstanceEntity.selectHistoricTasksByParentTaskId  - ==&gt; Parameters: 832(String)
10:45:10,904 [main] DEBUG org.activiti.engine.impl.persistence.entity.HistoricTaskInstanceEntity.selectHistoricTasksByParentTaskId  - &lt;==      Total: 0
10:45:10,904 [main] DEBUG org.activiti.engine.impl.history.DefaultHistoryManager  - Current history level: FULL, level required: FULL
10:45:10,904 [main] DEBUG org.activiti.engine.impl.persistence.entity.HistoricDetailEntity.selectHistoricDetailsByQueryCriteria  - ==&gt;  Preparing: select RES.* from ACT_HI_DETAIL RES WHERE RES.TASK_ID_ = ? order by order by RES.ID_ asc LIMIT ? OFFSET ? 
10:45:10,905 [main] DEBUG org.activiti.engine.impl.interceptor.CommandContext  - Error while closing command context
org.apache.ibatis.exceptions.PersistenceException: 
### Error querying database.  Cause: org.h2.jdbc.JdbcSQLException: Syntax error in SQL statement &quot;SELECT RES.* 
     
    FROM ACT_HI_DETAIL RES
     WHERE  RES.TASK_ID_ = ? 
   
     ORDER BY  ORDER[*] BY RES.ID_ ASC  
    LIMIT ? OFFSET ? &quot;; expected &quot;=, NOT, EXISTS, INTERSECTS, SELECT, FROM&quot;; SQL statement:
select RES.* 
     
    from ACT_HI_DETAIL RES
     WHERE  RES.TASK_ID_ = ? 
   
     order by  order by RES.ID_ asc  
    LIMIT ? OFFSET ? [42001-176]
### The error may exist in org/activiti/db/mapping/entity/HistoricDetail.xml
### The error may involve org.activiti.engine.impl.persistence.entity.HistoricDetailEntity.selectHistoricDetailsByQueryCriteria
### The error occurred while executing a query
### SQL: select RES.*            from ACT_HI_DETAIL RES      WHERE  RES.TASK_ID_ = ?           order by  order by RES.ID_ asc       LIMIT ? OFFSET ?
### Cause: org.h2.jdbc.JdbcSQLException: Syntax error in SQL statement &quot;SELECT RES.* 
     
    FROM ACT_HI_DETAIL RES
     WHERE  RES.TASK_ID_ = ? 
   
     ORDER BY  ORDER[*] BY RES.ID_ ASC  
    LIMIT ? OFFSET ? &quot;; expected &quot;=, NOT, EXISTS, INTERSECTS, SELECT, FROM&quot;; SQL statement:
select RES.* 
     
    from ACT_HI_DETAIL RES
     WHERE  RES.TASK_ID_ = ? 
   
     order by  order by RES.ID_ asc  
    LIMIT ? OFFSET ? [42001-176]
	at org.apache.ibatis.exceptions.ExceptionFactory.wrapException(ExceptionFactory.java:30)
	at org.apache.ibatis.session.defaults.DefaultSqlSession.selectList(DefaultSqlSession.java:122)
	at org.apache.ibatis.session.defaults.DefaultSqlSession.selectList(DefaultSqlSession.java:113)
	at org.activiti.engine.impl.db.DbSqlSession.selectListWithRawParameter(DbSqlSession.java:438)
	at org.activiti.engine.impl.db.DbSqlSession.selectList(DbSqlSession.java:429)
	at org.activiti.engine.impl.db.DbSqlSession.selectList(DbSqlSession.java:419)
	at org.activiti.engine.impl.persistence.entity.HistoricDetailEntityManager.findHistoricDetailsByQueryCriteria(HistoricDetailEntityManager.java:51)
	at org.activiti.engine.impl.HistoricDetailQueryImpl.executeList(HistoricDetailQueryImpl.java:112)
	at org.activiti.engine.impl.AbstractQuery.list(AbstractQuery.java:140)
	at org.activiti.engine.impl.persistence.entity.HistoricDetailEntityManager.deleteHistoricDetailsByTaskId(HistoricDetailEntityManager.java:58)
	at org.activiti.engine.impl.persistence.entity.HistoricTaskInstanceEntityManager.deleteHistoricTaskInstanceById(HistoricTaskInstanceEntityManager.java:122)
	at org.activiti.engine.impl.persistence.entity.TaskEntityManager.deleteTask(TaskEntityManager.java:91)
	at org.activiti.engine.impl.persistence.entity.TaskEntityManager.deleteTask(TaskEntityManager.java:77)
	at org.activiti.engine.impl.persistence.entity.TaskEntityManager.deleteTask(TaskEntityManager.java:201)
	at org.activiti.engine.impl.cmd.DeleteTaskCmd.deleteTask(DeleteTaskCmd.java:64)
	at org.activiti.engine.impl.cmd.DeleteTaskCmd.execute(DeleteTaskCmd.java:51)
	at org.activiti.engine.impl.cmd.DeleteTaskCmd.execute(DeleteTaskCmd.java:26)
	at org.activiti.engine.impl.interceptor.CommandInvoker.execute(CommandInvoker.java:24)
	at org.activiti.engine.impl.interceptor.CommandContextInterceptor.execute(CommandContextInterceptor.java:57)
	at org.activiti.engine.impl.interceptor.LogInterceptor.execute(LogInterceptor.java:37)
	at org.activiti.engine.impl.cfg.CommandExecutorImpl.execute(CommandExecutorImpl.java:40)
	at org.activiti.engine.impl.cfg.CommandExecutorImpl.execute(CommandExecutorImpl.java:35)
	at org.activiti.engine.impl.TaskServiceImpl.deleteTasks(TaskServiceImpl.java:109)
	at org.activiti.engine.test.api.task.SubTaskQueryTest.tearDown(SubTaskQueryTest.java:51)
	at junit.framework.TestCase.runBare(TestCase.java:146)
	at org.activiti.engine.impl.test.AbstractActivitiTestCase.runBare(AbstractActivitiTestCase.java:100)
	at junit.framework.TestResult$1.protect(TestResult.java:122)
	at junit.framework.TestResult.runProtected(TestResult.java:142)
	at junit.framework.TestResult.run(TestResult.java:125)
	at junit.framework.TestCase.run(TestCase.java:129)
	at junit.framework.TestSuite.runTest(TestSuite.java:255)
	at junit.framework.TestSuite.run(TestSuite.java:250)
	at org.junit.internal.runners.JUnit38ClassRunner.run(JUnit38ClassRunner.java:84)
	at org.apache.maven.surefire.junit4.JUnit4TestSet.execute(JUnit4TestSet.java:35)
	at org.apache.maven.surefire.junit4.JUnit4Provider.executeTestSet(JUnit4Provider.java:146)
	at org.apache.maven.surefire.junit4.JUnit4Provider.invoke(JUnit4Provider.java:97)
	at sun.reflect.NativeMethodAccessorImpl.invoke0(Native Method)
	at sun.reflect.NativeMethodAccessorImpl.invoke(NativeMethodAccessorImpl.java:62)
	at sun.reflect.DelegatingMethodAccessorImpl.invoke(DelegatingMethodAccessorImpl.java:43)
	at java.lang.reflect.Method.invoke(Method.java:498)
	at org.apache.maven.surefire.booter.ProviderFactory$ClassLoaderProxy.invoke(ProviderFactory.java:103)
	at com.sun.proxy.$Proxy0.invoke(Unknown Source)
	at org.apache.maven.surefire.booter.SurefireStarter.invokeProvider(SurefireStarter.java:145)
	at org.apache.maven.surefire.booter.SurefireStarter.runSuitesInProcess(SurefireStarter.java:87)
	at org.apache.maven.surefire.booter.ForkedBooter.main(ForkedBooter.java:69)
Caused by: org.h2.jdbc.JdbcSQLException: Syntax error in SQL statement &quot;SELECT RES.* 
     
    FROM ACT_HI_DETAIL RES
     WHERE  RES.TASK_ID_ = ? 
   
     ORDER BY  ORDER[*] BY RES.ID_ ASC  
    LIMIT ? OFFSET ? &quot;; expected &quot;=, NOT, EXISTS, INTERSECTS, SELECT, FROM&quot;; SQL statement:
select RES.* 
     
    from ACT_HI_DETAIL RES
     WHERE  RES.TASK_ID_ = ? 
   
     order by  order by RES.ID_ asc  
    LIMIT ? OFFSET ? [42001-176]
	at org.h2.message.DbException.getJdbcSQLException(DbException.java:344)
	at org.h2.message.DbException.getSyntaxError(DbException.java:204)
	at org.h2.command.Parser.getSyntaxError(Parser.java:524)
	at org.h2.command.Parser.readTerm(Parser.java:2688)
	at org.h2.command.Parser.readFactor(Parser.java:2244)
	at org.h2.command.Parser.readSum(Parser.java:2231)
	at org.h2.command.Parser.readConcat(Parser.java:2201)
	at org.h2.command.Parser.readCondition(Parser.java:2051)
	at org.h2.command.Parser.readAnd(Parser.java:2023)
	at org.h2.command.Parser.readExpression(Parser.java:2015)
	at org.h2.command.Parser.parseEndOfQuery(Parser.java:1726)
	at org.h2.command.Parser.parseSelectUnionExtension(Parser.java:1706)
	at org.h2.command.Parser.parseSelectUnion(Parser.java:1675)
	at org.h2.command.Parser.parseSelect(Parser.java:1662)
	at org.h2.command.Parser.parsePrepared(Parser.java:434)
	at org.h2.command.Parser.parse(Parser.java:306)
	at org.h2.command.Parser.parse(Parser.java:282)
	at org.h2.command.Parser.prepareCommand(Parser.java:243)
	at org.h2.engine.Session.prepareLocal(Session.java:442)
	at org.h2.engine.Session.prepareCommand(Session.java:384)
	at org.h2.jdbc.JdbcConnection.prepareCommand(JdbcConnection.java:1188)
	at org.h2.jdbc.JdbcPreparedStatement.&lt;init&gt;(JdbcPreparedStatement.java:73)
	at org.h2.jdbc.JdbcConnection.prepareStatement(JdbcConnection.java:276)
	at sun.reflect.GeneratedMethodAccessor6.invoke(Unknown Source)
	at sun.reflect.DelegatingMethodAccessorImpl.invoke(DelegatingMethodAccessorImpl.java:43)
	at java.lang.reflect.Method.invoke(Method.java:498)
	at org.apache.ibatis.datasource.pooled.PooledConnection.invoke(PooledConnection.java:245)
	at com.sun.proxy.$Proxy12.prepareStatement(Unknown Source)
	at sun.reflect.GeneratedMethodAccessor6.invoke(Unknown Source)
	at sun.reflect.DelegatingMethodAccessorImpl.invoke(DelegatingMethodAccessorImpl.java:43)
	at java.lang.reflect.Method.invoke(Method.java:498)
	at org.apache.ibatis.logging.jdbc.ConnectionLogger.invoke(ConnectionLogger.java:55)
	at com.sun.proxy.$Proxy12.prepareStatement(Unknown Source)
	at org.apache.ibatis.executor.statement.PreparedStatementHandler.instantiateStatement(PreparedStatementHandler.java:79)
	at org.apache.ibatis.executor.statement.BaseStatementHandler.prepare(BaseStatementHandler.java:88)
	at org.apache.ibatis.executor.statement.RoutingStatementHandler.prepare(RoutingStatementHandler.java:58)
	at org.apache.ibatis.executor.SimpleExecutor.prepareStatement(SimpleExecutor.java:76)
	at org.apache.ibatis.executor.SimpleExecutor.doQuery(SimpleExecutor.java:61)
	at org.apache.ibatis.executor.BaseExecutor.queryFromDatabase(BaseExecutor.java:303)
	at org.apache.ibatis.executor.BaseExecutor.query(BaseExecutor.java:154)
	at org.apache.ibatis.executor.CachingExecutor.query(CachingExecutor.java:102)
	at org.apache.ibatis.executor.CachingExecutor.query(CachingExecutor.java:82)
	at org.apache.ibatis.session.defaults.DefaultSqlSession.selectList(DefaultSqlSession.java:120)
	... 43 more
10:45:10,905 [main] DEBUG org.activiti.engine.impl.cfg.standalone.StandaloneMybatisTransactionContext  - firing event rolling back...
10:45:10,905 [main] DEBUG org.activiti.engine.impl.cfg.standalone.StandaloneMybatisTransactionContext  - rolling back ibatis sql session...
10:45:10,905 [main] DEBUG org.activiti.engine.impl.cfg.standalone.StandaloneMybatisTransactionContext  - firing event rolled back...
10:45:10,905 [main] DEBUG org.apache.ibatis.transaction.jdbc.JdbcTransaction  - Resetting autocommit to true on JDBC Connection [conn4: url=jdbc:h2:mem:activiti user=SA]
10:45:10,905 [main] DEBUG org.apache.ibatis.transaction.jdbc.JdbcTransaction  - Closing JDBC Connection [conn4: url=jdbc:h2:mem:activiti user=SA]
10:45:10,905 [main] DEBUG org.apache.ibatis.datasource.pooled.PooledDataSource  - Returned connection 297240765 to pool.
10:45:10,905 [main] DEBUG org.activiti.engine.impl.interceptor.LogInterceptor  - --- DeleteTaskCmd finished --------------------------------------------------------
10:45:10,905 [main] DEBUG org.activiti.engine.impl.interceptor.LogInterceptor  - 

10:45:10,905 [main] ERROR org.activiti.engine.impl.test.PvmTestCase  - 

10:45:10,905 [main] ERROR org.activiti.engine.impl.test.PvmTestCase  - EXCEPTION: org.apache.ibatis.exceptions.PersistenceException: 
### Error querying database.  Cause: org.h2.jdbc.JdbcSQLException: Syntax error in SQL statement &quot;SELECT DISTINCT RES.* 
       
    FROM ACT_RU_TASK RES
     
     
     
     
    
     
     
     
     WHERE  RES.ASSIGNEE_ = ? 
   
    
     ORDER BY  ORDER[*] BY RES.CREATE_TIME_ ASC  
    LIMIT ? OFFSET ? &quot;; expected &quot;=, NOT, EXISTS, INTERSECTS, SELECT, FROM&quot;; SQL statement:
select distinct RES.* 
       
    from ACT_RU_TASK RES
     
     
     
     
    
     
     
     
     WHERE  RES.ASSIGNEE_ = ? 
   
    
     order by  order by RES.CREATE_TIME_ asc  
    LIMIT ? OFFSET ? [42001-176]
### The error may exist in org/activiti/db/mapping/entity/Task.xml
### The error may involve org.activiti.engine.impl.persistence.entity.TaskEntity.selectTaskByQueryCriteria
### The error occurred while executing a query
### SQL: select distinct RES.*              from ACT_RU_TASK RES                                                     WHERE  RES.ASSIGNEE_ = ?                order by  order by RES.CREATE_TIME_ asc       LIMIT ? OFFSET ?
### Cause: org.h2.jdbc.JdbcSQLException: Syntax error in SQL statement &quot;SELECT DISTINCT RES.* 
       
    FROM ACT_RU_TASK RES
     
     
     
     
    
     
     
     
     WHERE  RES.ASSIGNEE_ = ? 
   
    
     ORDER BY  ORDER[*] BY RES.CREATE_TIME_ ASC  
    LIMIT ? OFFSET ? &quot;; expected &quot;=, NOT, EXISTS, INTERSECTS, SELECT, FROM&quot;; SQL statement:
select distinct RES.* 
       
    from ACT_RU_TASK RES
     
     
     
     
    
     
     
     
     WHERE  RES.ASSIGNEE_ = ? 
   
    
     order by  order by RES.CREATE_TIME_ asc  
    LIMIT ? OFFSET ? [42001-176]
org.apache.ibatis.exceptions.PersistenceException: 
### Error querying database.  Cause: org.h2.jdbc.JdbcSQLException: Syntax error in SQL statement &quot;SELECT DISTINCT RES.* 
       
    FROM ACT_RU_TASK RES
     
     
     
     
    
     
     
     
     WHERE  RES.ASSIGNEE_ = ? 
   
    
     ORDER BY  ORDER[*] BY RES.CREATE_TIME_ ASC  
    LIMIT ? OFFSET ? &quot;; expected &quot;=, NOT, EXISTS, INTERSECTS, SELECT, FROM&quot;; SQL statement:
select distinct RES.* 
       
    from ACT_RU_TASK RES
     
     
     
     
    
     
     
     
     WHERE  RES.ASSIGNEE_ = ? 
   
    
     order by  order by RES.CREATE_TIME_ asc  
    LIMIT ? OFFSET ? [42001-176]
### The error may exist in org/activiti/db/mapping/entity/Task.xml
### The error may involve org.activiti.engine.impl.persistence.entity.TaskEntity.selectTaskByQueryCriteria
### The error occurred while executing a query
### SQL: select distinct RES.*              from ACT_RU_TASK RES                                                     WHERE  RES.ASSIGNEE_ = ?                order by  order by RES.CREATE_TIME_ asc       LIMIT ? OFFSET ?
### Cause: org.h2.jdbc.JdbcSQLException: Syntax error in SQL statement &quot;SELECT DISTINCT RES.* 
       
    FROM ACT_RU_TASK RES
     
     
     
     
    
     
     
     
     WHERE  RES.ASSIGNEE_ = ? 
   
    
     ORDER BY  ORDER[*] BY RES.CREATE_TIME_ ASC  
    LIMIT ? OFFSET ? &quot;; expected &quot;=, NOT, EXISTS, INTERSECTS, SELECT, FROM&quot;; SQL statement:
select distinct RES.* 
       
    from ACT_RU_TASK RES
     
     
     
     
    
     
     
     
     WHERE  RES.ASSIGNEE_ = ? 
   
    
     order by  order by RES.CREATE_TIME_ asc  
    LIMIT ? OFFSET ? [42001-176]
	at org.apache.ibatis.exceptions.ExceptionFactory.wrapException(ExceptionFactory.java:30)
	at org.apache.ibatis.session.defaults.DefaultSqlSession.selectList(DefaultSqlSession.java:122)
	at org.apache.ibatis.session.defaults.DefaultSqlSession.selectList(DefaultSqlSession.java:113)
	at org.activiti.engine.impl.db.DbSqlSession.selectListWithRawParameter(DbSqlSession.java:438)
	at org.activiti.engine.impl.db.DbSqlSession.selectList(DbSqlSession.java:429)
	at org.activiti.engine.impl.persistence.entity.TaskEntityManager.findTasksByQueryCriteria(TaskEntityManager.java:135)
	at org.activiti.engine.impl.TaskQueryImpl.executeList(TaskQueryImpl.java:1256)
	at org.activiti.engine.impl.AbstractQuery.execute(AbstractQuery.java:168)
	at org.activiti.engine.impl.interceptor.CommandInvoker.execute(CommandInvoker.java:24)
	at org.activiti.engine.impl.interceptor.CommandContextInterceptor.execute(CommandContextInterceptor.java:57)
	at org.activiti.engine.impl.interceptor.LogInterceptor.execute(LogInterceptor.java:37)
	at org.activiti.engine.impl.cfg.CommandExecutorImpl.execute(CommandExecutorImpl.java:40)
	at org.activiti.engine.impl.cfg.CommandExecutorImpl.execute(CommandExecutorImpl.java:35)
	at org.activiti.engine.impl.AbstractQuery.listPage(AbstractQuery.java:149)
	at org.activiti.engine.test.api.task.SubTaskQueryTest.testQueryByAssigneeExcludeSubtasksOrderedAndPaginated(SubTaskQueryTest.java:193)
	at sun.reflect.NativeMethodAccessorImpl.invoke0(Native Method)
	at sun.reflect.NativeMethodAccessorImpl.invoke(NativeMethodAccessorImpl.java:62)
	at sun.reflect.DelegatingMethodAccessorImpl.invoke(DelegatingMethodAccessorImpl.java:43)
	at java.lang.reflect.Method.invoke(Method.java:498)
	at junit.framework.TestCase.runTest(TestCase.java:176)
	at org.activiti.engine.impl.test.PvmTestCase.runTest(PvmTestCase.java:65)
	at junit.framework.TestCase.runBare(TestCase.java:141)
	at org.activiti.engine.impl.test.AbstractActivitiTestCase.runBare(AbstractActivitiTestCase.java:100)
	at junit.framework.TestResult$1.protect(TestResult.java:122)
	at junit.framework.TestResult.runProtected(TestResult.java:142)
	at junit.framework.TestResult.run(TestResult.java:125)
	at junit.framework.TestCase.run(TestCase.java:129)
	at junit.framework.TestSuite.runTest(TestSuite.java:255)
	at junit.framework.TestSuite.run(TestSuite.java:250)
	at org.junit.internal.runners.JUnit38ClassRunner.run(JUnit38ClassRunner.java:84)
	at org.apache.maven.surefire.junit4.JUnit4TestSet.execute(JUnit4TestSet.java:35)
	at org.apache.maven.surefire.junit4.JUnit4Provider.executeTestSet(JUnit4Provider.java:146)
	at org.apache.maven.surefire.junit4.JUnit4Provider.invoke(JUnit4Provider.java:97)
	at sun.reflect.NativeMethodAccessorImpl.invoke0(Native Method)
	at sun.reflect.NativeMethodAccessorImpl.invoke(NativeMethodAccessorImpl.java:62)
	at sun.reflect.DelegatingMethodAccessorImpl.invoke(DelegatingMethodAccessorImpl.java:43)
	at java.lang.reflect.Method.invoke(Method.java:498)
	at org.apache.maven.surefire.booter.ProviderFactory$ClassLoaderProxy.invoke(ProviderFactory.java:103)
	at com.sun.proxy.$Proxy0.invoke(Unknown Source)
	at org.apache.maven.surefire.booter.SurefireStarter.invokeProvider(SurefireStarter.java:145)
	at org.apache.maven.surefire.booter.SurefireStarter.runSuitesInProcess(SurefireStarter.java:87)
	at org.apache.maven.surefire.booter.ForkedBooter.main(ForkedBooter.java:69)
Caused by: org.h2.jdbc.JdbcSQLException: Syntax error in SQL statement &quot;SELECT DISTINCT RES.* 
       
    FROM ACT_RU_TASK RES
     
     
     
     
    
     
     
     
     WHERE  RES.ASSIGNEE_ = ? 
   
    
     ORDER BY  ORDER[*] BY RES.CREATE_TIME_ ASC  
    LIMIT ? OFFSET ? &quot;; expected &quot;=, NOT, EXISTS, INTERSECTS, SELECT, FROM&quot;; SQL statement:
select distinct RES.* 
       
    from ACT_RU_TASK RES
     
     
     
     
    
     
     
     
     WHERE  RES.ASSIGNEE_ = ? 
   
    
     order by  order by RES.CREATE_TIME_ asc  
    LIMIT ? OFFSET ? [42001-176]
	at org.h2.message.DbException.getJdbcSQLException(DbException.java:344)
	at org.h2.message.DbException.getSyntaxError(DbException.java:204)
	at org.h2.command.Parser.getSyntaxError(Parser.java:524)
	at org.h2.command.Parser.readTerm(Parser.java:2688)
	at org.h2.command.Parser.readFactor(Parser.java:2244)
	at org.h2.command.Parser.readSum(Parser.java:2231)
	at org.h2.command.Parser.readConcat(Parser.java:2201)
	at org.h2.command.Parser.readCondition(Parser.java:2051)
	at org.h2.command.Parser.readAnd(Parser.java:2023)
	at org.h2.command.Parser.readExpression(Parser.java:2015)
	at org.h2.command.Parser.parseEndOfQuery(Parser.java:1726)
	at org.h2.command.Parser.parseSelectUnionExtension(Parser.java:1706)
	at org.h2.command.Parser.parseSelectUnion(Parser.java:1675)
	at org.h2.command.Parser.parseSelect(Parser.java:1662)
	at org.h2.command.Parser.parsePrepared(Parser.java:434)
	at org.h2.command.Parser.parse(Parser.java:306)
	at org.h2.command.Parser.parse(Parser.java:282)
	at org.h2.command.Parser.prepareCommand(Parser.java:243)
	at org.h2.engine.Session.prepareLocal(Session.java:442)
	at org.h2.engine.Session.prepareCommand(Session.java:384)
	at org.h2.jdbc.JdbcConnection.prepareCommand(JdbcConnection.java:1188)
	at org.h2.jdbc.JdbcPreparedStatement.&lt;init&gt;(JdbcPreparedStatement.java:73)
	at org.h2.jdbc.JdbcConnection.prepareStatement(JdbcConnection.java:276)
	at sun.reflect.GeneratedMethodAccessor6.invoke(Unknown Source)
	at sun.reflect.DelegatingMethodAccessorImpl.invoke(DelegatingMethodAccessorImpl.java:43)
	at java.lang.reflect.Method.invoke(Method.java:498)
	at org.apache.ibatis.datasource.pooled.PooledConnection.invoke(PooledConnection.java:245)
	at com.sun.proxy.$Proxy12.prepareStatement(Unknown Source)
	at sun.reflect.GeneratedMethodAccessor6.invoke(Unknown Source)
	at sun.reflect.DelegatingMethodAccessorImpl.invoke(DelegatingMethodAccessorImpl.java:43)
	at java.lang.reflect.Method.invoke(Method.java:498)
	at org.apache.ibatis.logging.jdbc.ConnectionLogger.invoke(ConnectionLogger.java:55)
	at com.sun.proxy.$Proxy12.prepareStatement(Unknown Source)
	at org.apache.ibatis.executor.statement.PreparedStatementHandler.instantiateStatement(PreparedStatementHandler.java:79)
	at org.apache.ibatis.executor.statement.BaseStatementHandler.prepare(BaseStatementHandler.java:88)
	at org.apache.ibatis.executor.statement.RoutingStatementHandler.prepare(RoutingStatementHandler.java:58)
	at org.apache.ibatis.executor.SimpleExecutor.prepareStatement(SimpleExecutor.java:76)
	at org.apache.ibatis.executor.SimpleExecutor.doQuery(SimpleExecutor.java:61)
	at org.apache.ibatis.executor.BaseExecutor.queryFromDatabase(BaseExecutor.java:303)
	at org.apache.ibatis.executor.BaseExecutor.query(BaseExecutor.java:154)
	at org.apache.ibatis.executor.CachingExecutor.query(CachingExecutor.java:102)
	at org.apache.ibatis.executor.CachingExecutor.query(CachingExecutor.java:82)
	at org.apache.ibatis.session.defaults.DefaultSqlSession.selectList(DefaultSqlSession.java:120)
	... 40 more
10:45:10,905 [main] DEBUG org.activiti.engine.impl.test.PvmTestCase  - verifying that db is clean after test
10:45:10,905 [main] DEBUG org.activiti.engine.impl.interceptor.LogInterceptor  - 

10:45:10,905 [main] DEBUG org.activiti.engine.impl.interceptor.LogInterceptor  - --- starting GetTableCountCmd --------------------------------------------------------
10:45:10,905 [main] DEBUG org.apache.ibatis.transaction.jdbc.JdbcTransaction  - Opening JDBC Connection
10:45:10,905 [main] DEBUG org.apache.ibatis.datasource.pooled.PooledDataSource  - Checked out connection 486346394 from pool.
10:45:10,905 [main] DEBUG org.apache.ibatis.transaction.jdbc.JdbcTransaction  - Setting autocommit to false on JDBC Connection [conn6: url=jdbc:h2:mem:activiti user=SA]
10:45:10,905 [main] DEBUG org.activiti.engine.impl.persistence.entity.TableDataManager  - retrieving activiti tables from jdbc metadata
10:45:10,905 [main] DEBUG org.activiti.engine.impl.persistence.entity.TableDataManager  -   retrieved activiti table name ACT_EVT_LOG
10:45:10,905 [main] DEBUG org.activiti.engine.impl.persistence.entity.TableDataManager  -   retrieved activiti table name ACT_GE_BYTEARRAY
10:45:10,905 [main] DEBUG org.activiti.engine.impl.persistence.entity.TableDataManager  -   retrieved activiti table name ACT_GE_PROPERTY
10:45:10,905 [main] DEBUG org.activiti.engine.impl.persistence.entity.TableDataManager  -   retrieved activiti table name ACT_HI_ACTINST
10:45:10,905 [main] DEBUG org.activiti.engine.impl.persistence.entity.TableDataManager  -   retrieved activiti table name ACT_HI_ATTACHMENT
10:45:10,905 [main] DEBUG org.activiti.engine.impl.persistence.entity.TableDataManager  -   retrieved activiti table name ACT_HI_COMMENT
10:45:10,905 [main] DEBUG org.activiti.engine.impl.persistence.entity.TableDataManager  -   retrieved activiti table name ACT_HI_DETAIL
10:45:10,905 [main] DEBUG org.activiti.engine.impl.persistence.entity.TableDataManager  -   retrieved activiti table name ACT_HI_IDENTITYLINK
10:45:10,905 [main] DEBUG org.activiti.engine.impl.persistence.entity.TableDataManager  -   retrieved activiti table name ACT_HI_PROCINST
10:45:10,905 [main] DEBUG org.activiti.engine.impl.persistence.entity.TableDataManager  -   retrieved activiti table name ACT_HI_TASKINST
10:45:10,905 [main] DEBUG org.activiti.engine.impl.persistence.entity.TableDataManager  -   retrieved activiti table name ACT_HI_VARINST
10:45:10,905 [main] DEBUG org.activiti.engine.impl.persistence.entity.TableDataManager  -   retrieved activiti table name ACT_ID_GROUP
10:45:10,905 [main] DEBUG org.activiti.engine.impl.persistence.entity.TableDataManager  -   retrieved activiti table name ACT_ID_INFO
10:45:10,905 [main] DEBUG org.activiti.engine.impl.persistence.entity.TableDataManager  -   retrieved activiti table name ACT_ID_MEMBERSHIP
10:45:10,905 [main] DEBUG org.activiti.engine.impl.persistence.entity.TableDataManager  -   retrieved activiti table name ACT_ID_USER
10:45:10,905 [main] DEBUG org.activiti.engine.impl.persistence.entity.TableDataManager  -   retrieved activiti table name ACT_PROCDEF_INFO
10:45:10,905 [main] DEBUG org.activiti.engine.impl.persistence.entity.TableDataManager  -   retrieved activiti table name ACT_RE_DEPLOYMENT
10:45:10,905 [main] DEBUG org.activiti.engine.impl.persistence.entity.TableDataManager  -   retrieved activiti table name ACT_RE_MODEL
10:45:10,905 [main] DEBUG org.activiti.engine.impl.persistence.entity.TableDataManager  -   retrieved activiti table name ACT_RE_PROCDEF
10:45:10,905 [main] DEBUG org.activiti.engine.impl.persistence.entity.TableDataManager  -   retrieved activiti table name ACT_RU_EVENT_SUBSCR
10:45:10,905 [main] DEBUG org.activiti.engine.impl.persistence.entity.TableDataManager  -   retrieved activiti table name ACT_RU_EXECUTION
10:45:10,905 [main] DEBUG org.activiti.engine.impl.persistence.entity.TableDataManager  -   retrieved activiti table name ACT_RU_IDENTITYLINK
10:45:10,905 [main] DEBUG org.activiti.engine.impl.persistence.entity.TableDataManager  -   retrieved activiti table name ACT_RU_JOB
10:45:10,905 [main] DEBUG org.activiti.engine.impl.persistence.entity.TableDataManager  -   retrieved activiti table name ACT_RU_TASK
10:45:10,905 [main] DEBUG org.activiti.engine.impl.persistence.entity.TableDataManager  -   retrieved activiti table name ACT_RU_VARIABLE
10:45:10,905 [main] DEBUG org.activiti.engine.impl.persistence.entity.TableDataManager  - selecting table count for ACT_EVT_LOG
10:45:10,905 [main] DEBUG org.activiti.engine.impl.TablePageMap.selectTableCount  - ==&gt;  Preparing: select count(*) from ACT_EVT_LOG 
10:45:10,905 [main] DEBUG org.activiti.engine.impl.TablePageMap.selectTableCount  - ==&gt; Parameters: 
10:45:10,905 [main] DEBUG org.activiti.engine.impl.TablePageMap.selectTableCount  - &lt;==      Total: 1
10:45:10,905 [main] DEBUG org.activiti.engine.impl.persistence.entity.TableDataManager  - selecting table count for ACT_GE_BYTEARRAY
10:45:10,905 [main] DEBUG org.activiti.engine.impl.TablePageMap.selectTableCount  - ==&gt;  Preparing: select count(*) from ACT_GE_BYTEARRAY 
10:45:10,905 [main] DEBUG org.activiti.engine.impl.TablePageMap.selectTableCount  - ==&gt; Parameters: 
10:45:10,905 [main] DEBUG org.activiti.engine.impl.TablePageMap.selectTableCount  - &lt;==      Total: 1
10:45:10,905 [main] DEBUG org.activiti.engine.impl.persistence.entity.TableDataManager  - selecting table count for ACT_GE_PROPERTY
10:45:10,905 [main] DEBUG org.activiti.engine.impl.TablePageMap.selectTableCount  - ==&gt;  Preparing: select count(*) from ACT_GE_PROPERTY 
10:45:10,905 [main] DEBUG org.activiti.engine.impl.TablePageMap.selectTableCount  - ==&gt; Parameters: 
10:45:10,905 [main] DEBUG org.activiti.engine.impl.TablePageMap.selectTableCount  - &lt;==      Total: 1
10:45:10,905 [main] DEBUG org.activiti.engine.impl.persistence.entity.TableDataManager  - selecting table count for ACT_HI_ACTINST
10:45:10,905 [main] DEBUG org.activiti.engine.impl.TablePageMap.selectTableCount  - ==&gt;  Preparing: select count(*) from ACT_HI_ACTINST 
10:45:10,905 [main] DEBUG org.activiti.engine.impl.TablePageMap.selectTableCount  - ==&gt; Parameters: 
10:45:10,905 [main] DEBUG org.activiti.engine.impl.TablePageMap.selectTableCount  - &lt;==      Total: 1
10:45:10,905 [main] DEBUG org.activiti.engine.impl.persistence.entity.TableDataManager  - selecting table count for ACT_HI_ATTACHMENT
10:45:10,905 [main] DEBUG org.activiti.engine.impl.TablePageMap.selectTableCount  - ==&gt;  Preparing: select count(*) from ACT_HI_ATTACHMENT 
10:45:10,905 [main] DEBUG org.activiti.engine.impl.TablePageMap.selectTableCount  - ==&gt; Parameters: 
10:45:10,905 [main] DEBUG org.activiti.engine.impl.TablePageMap.selectTableCount  - &lt;==      Total: 1
10:45:10,905 [main] DEBUG org.activiti.engine.impl.persistence.entity.TableDataManager  - selecting table count for ACT_HI_COMMENT
10:45:10,905 [main] DEBUG org.activiti.engine.impl.TablePageMap.selectTableCount  - ==&gt;  Preparing: select count(*) from ACT_HI_COMMENT 
10:45:10,905 [main] DEBUG org.activiti.engine.impl.TablePageMap.selectTableCount  - ==&gt; Parameters: 
10:45:10,905 [main] DEBUG org.activiti.engine.impl.TablePageMap.selectTableCount  - &lt;==      Total: 1
10:45:10,905 [main] DEBUG org.activiti.engine.impl.persistence.entity.TableDataManager  - selecting table count for ACT_HI_DETAIL
10:45:10,905 [main] DEBUG org.activiti.engine.impl.TablePageMap.selectTableCount  - ==&gt;  Preparing: select count(*) from ACT_HI_DETAIL 
10:45:10,905 [main] DEBUG org.activiti.engine.impl.TablePageMap.selectTableCount  - ==&gt; Parameters: 
10:45:10,905 [main] DEBUG org.activiti.engine.impl.TablePageMap.selectTableCount  - &lt;==      Total: 1
10:45:10,905 [main] DEBUG org.activiti.engine.impl.persistence.entity.TableDataManager  - selecting table count for ACT_HI_IDENTITYLINK
10:45:10,905 [main] DEBUG org.activiti.engine.impl.TablePageMap.selectTableCount  - ==&gt;  Preparing: select count(*) from ACT_HI_IDENTITYLINK 
10:45:10,905 [main] DEBUG org.activiti.engine.impl.TablePageMap.selectTableCount  - ==&gt; Parameters: 
10:45:10,905 [main] DEBUG org.activiti.engine.impl.TablePageMap.selectTableCount  - &lt;==      Total: 1
10:45:10,905 [main] DEBUG org.activiti.engine.impl.persistence.entity.TableDataManager  - selecting table count for ACT_HI_PROCINST
10:45:10,906 [main] DEBUG org.activiti.engine.impl.TablePageMap.selectTableCount  - ==&gt;  Preparing: select count(*) from ACT_HI_PROCINST 
10:45:10,906 [main] DEBUG org.activiti.engine.impl.TablePageMap.selectTableCount  - ==&gt; Parameters: 
10:45:10,906 [main] DEBUG org.activiti.engine.impl.TablePageMap.selectTableCount  - &lt;==      Total: 1
10:45:10,906 [main] DEBUG org.activiti.engine.impl.persistence.entity.TableDataManager  - selecting table count for ACT_HI_TASKINST
10:45:10,906 [main] DEBUG org.activiti.engine.impl.TablePageMap.selectTableCount  - ==&gt;  Preparing: select count(*) from ACT_HI_TASKINST 
10:45:10,906 [main] DEBUG org.activiti.engine.impl.TablePageMap.selectTableCount  - ==&gt; Parameters: 
10:45:10,906 [main] DEBUG org.activiti.engine.impl.TablePageMap.selectTableCount  - &lt;==      Total: 1
10:45:10,906 [main] DEBUG org.activiti.engine.impl.persistence.entity.TableDataManager  - selecting table count for ACT_HI_VARINST
10:45:10,906 [main] DEBUG org.activiti.engine.impl.TablePageMap.selectTableCount  - ==&gt;  Preparing: select count(*) from ACT_HI_VARINST 
10:45:10,906 [main] DEBUG org.activiti.engine.impl.TablePageMap.selectTableCount  - ==&gt; Parameters: 
10:45:10,906 [main] DEBUG org.activiti.engine.impl.TablePageMap.selectTableCount  - &lt;==      Total: 1
10:45:10,906 [main] DEBUG org.activiti.engine.impl.persistence.entity.TableDataManager  - selecting table count for ACT_ID_GROUP
10:45:10,906 [main] DEBUG org.activiti.engine.impl.TablePageMap.selectTableCount  - ==&gt;  Preparing: select count(*) from ACT_ID_GROUP 
10:45:10,906 [main] DEBUG org.activiti.engine.impl.TablePageMap.selectTableCount  - ==&gt; Parameters: 
10:45:10,906 [main] DEBUG org.activiti.engine.impl.TablePageMap.selectTableCount  - &lt;==      Total: 1
10:45:10,906 [main] DEBUG org.activiti.engine.impl.persistence.entity.TableDataManager  - selecting table count for ACT_ID_INFO
10:45:10,906 [main] DEBUG org.activiti.engine.impl.TablePageMap.selectTableCount  - ==&gt;  Preparing: select count(*) from ACT_ID_INFO 
10:45:10,906 [main] DEBUG org.activiti.engine.impl.TablePageMap.selectTableCount  - ==&gt; Parameters: 
10:45:10,906 [main] DEBUG org.activiti.engine.impl.TablePageMap.selectTableCount  - &lt;==      Total: 1
10:45:10,906 [main] DEBUG org.activiti.engine.impl.persistence.entity.TableDataManager  - selecting table count for ACT_ID_MEMBERSHIP
10:45:10,906 [main] DEBUG org.activiti.engine.impl.TablePageMap.selectTableCount  - ==&gt;  Preparing: select count(*) from ACT_ID_MEMBERSHIP 
10:45:10,906 [main] DEBUG org.activiti.engine.impl.TablePageMap.selectTableCount  - ==&gt; Parameters: 
10:45:10,906 [main] DEBUG org.activiti.engine.impl.TablePageMap.selectTableCount  - &lt;==      Total: 1
10:45:10,906 [main] DEBUG org.activiti.engine.impl.persistence.entity.TableDataManager  - selecting table count for ACT_ID_USER
10:45:10,906 [main] DEBUG org.activiti.engine.impl.TablePageMap.selectTableCount  - ==&gt;  Preparing: select count(*) from ACT_ID_USER 
10:45:10,906 [main] DEBUG org.activiti.engine.impl.TablePageMap.selectTableCount  - ==&gt; Parameters: 
10:45:10,906 [main] DEBUG org.activiti.engine.impl.TablePageMap.selectTableCount  - &lt;==      Total: 1
10:45:10,906 [main] DEBUG org.activiti.engine.impl.persistence.entity.TableDataManager  - selecting table count for ACT_PROCDEF_INFO
10:45:10,906 [main] DEBUG org.activiti.engine.impl.TablePageMap.selectTableCount  - ==&gt;  Preparing: select count(*) from ACT_PROCDEF_INFO 
10:45:10,906 [main] DEBUG org.activiti.engine.impl.TablePageMap.selectTableCount  - ==&gt; Parameters: 
10:45:10,906 [main] DEBUG org.activiti.engine.impl.TablePageMap.selectTableCount  - &lt;==      Total: 1
10:45:10,906 [main] DEBUG org.activiti.engine.impl.persistence.entity.TableDataManager  - selecting table count for ACT_RE_DEPLOYMENT
10:45:10,906 [main] DEBUG org.activiti.engine.impl.TablePageMap.selectTableCount  - ==&gt;  Preparing: select count(*) from ACT_RE_DEPLOYMENT 
10:45:10,906 [main] DEBUG org.activiti.engine.impl.TablePageMap.selectTableCount  - ==&gt; Parameters: 
10:45:10,906 [main] DEBUG org.activiti.engine.impl.TablePageMap.selectTableCount  - &lt;==      Total: 1
10:45:10,906 [main] DEBUG org.activiti.engine.impl.persistence.entity.TableDataManager  - selecting table count for ACT_RE_MODEL
10:45:10,906 [main] DEBUG org.activiti.engine.impl.TablePageMap.selectTableCount  - ==&gt;  Preparing: select count(*) from ACT_RE_MODEL 
10:45:10,906 [main] DEBUG org.activiti.engine.impl.TablePageMap.selectTableCount  - ==&gt; Parameters: 
10:45:10,906 [main] DEBUG org.activiti.engine.impl.TablePageMap.selectTableCount  - &lt;==      Total: 1
10:45:10,906 [main] DEBUG org.activiti.engine.impl.persistence.entity.TableDataManager  - selecting table count for ACT_RE_PROCDEF
10:45:10,906 [main] DEBUG org.activiti.engine.impl.TablePageMap.selectTableCount  - ==&gt;  Preparing: select count(*) from ACT_RE_PROCDEF 
10:45:10,906 [main] DEBUG org.activiti.engine.impl.TablePageMap.selectTableCount  - ==&gt; Parameters: 
10:45:10,906 [main] DEBUG org.activiti.engine.impl.TablePageMap.selectTableCount  - &lt;==      Total: 1
10:45:10,906 [main] DEBUG org.activiti.engine.impl.persistence.entity.TableDataManager  - selecting table count for ACT_RU_EVENT_SUBSCR
10:45:10,906 [main] DEBUG org.activiti.engine.impl.TablePageMap.selectTableCount  - ==&gt;  Preparing: select count(*) from ACT_RU_EVENT_SUBSCR 
10:45:10,906 [main] DEBUG org.activiti.engine.impl.TablePageMap.selectTableCount  - ==&gt; Parameters: 
10:45:10,906 [main] DEBUG org.activiti.engine.impl.TablePageMap.selectTableCount  - &lt;==      Total: 1
10:45:10,906 [main] DEBUG org.activiti.engine.impl.persistence.entity.TableDataManager  - selecting table count for ACT_RU_EXECUTION
10:45:10,906 [main] DEBUG org.activiti.engine.impl.TablePageMap.selectTableCount  - ==&gt;  Preparing: select count(*) from ACT_RU_EXECUTION 
10:45:10,906 [main] DEBUG org.activiti.engine.impl.TablePageMap.selectTableCount  - ==&gt; Parameters: 
10:45:10,906 [main] DEBUG org.activiti.engine.impl.TablePageMap.selectTableCount  - &lt;==      Total: 1
10:45:10,906 [main] DEBUG org.activiti.engine.impl.persistence.entity.TableDataManager  - selecting table count for ACT_RU_IDENTITYLINK
10:45:10,906 [main] DEBUG org.activiti.engine.impl.TablePageMap.selectTableCount  - ==&gt;  Preparing: select count(*) from ACT_RU_IDENTITYLINK 
10:45:10,906 [main] DEBUG org.activiti.engine.impl.TablePageMap.selectTableCount  - ==&gt; Parameters: 
10:45:10,906 [main] DEBUG org.activiti.engine.impl.TablePageMap.selectTableCount  - &lt;==      Total: 1
10:45:10,906 [main] DEBUG org.activiti.engine.impl.persistence.entity.TableDataManager  - selecting table count for ACT_RU_JOB
10:45:10,906 [main] DEBUG org.activiti.engine.impl.TablePageMap.selectTableCount  - ==&gt;  Preparing: select count(*) from ACT_RU_JOB 
10:45:10,906 [main] DEBUG org.activiti.engine.impl.TablePageMap.selectTableCount  - ==&gt; Parameters: 
10:45:10,906 [main] DEBUG org.activiti.engine.impl.TablePageMap.selectTableCount  - &lt;==      Total: 1
10:45:10,906 [main] DEBUG org.activiti.engine.impl.persistence.entity.TableDataManager  - selecting table count for ACT_RU_TASK
10:45:10,906 [main] DEBUG org.activiti.engine.impl.TablePageMap.selectTableCount  - ==&gt;  Preparing: select count(*) from ACT_RU_TASK 
10:45:10,906 [main] DEBUG org.activiti.engine.impl.TablePageMap.selectTableCount  - ==&gt; Parameters: 
10:45:10,906 [main] DEBUG org.activiti.engine.impl.TablePageMap.selectTableCount  - &lt;==      Total: 1
10:45:10,906 [main] DEBUG org.activiti.engine.impl.persistence.entity.TableDataManager  - selecting table count for ACT_RU_VARIABLE
10:45:10,906 [main] DEBUG org.activiti.engine.impl.TablePageMap.selectTableCount  - ==&gt;  Preparing: select count(*) from ACT_RU_VARIABLE 
10:45:10,906 [main] DEBUG org.activiti.engine.impl.TablePageMap.selectTableCount  - ==&gt; Parameters: 
10:45:10,906 [main] DEBUG org.activiti.engine.impl.TablePageMap.selectTableCount  - &lt;==      Total: 1
10:45:10,906 [main] DEBUG org.activiti.engine.impl.persistence.entity.TableDataManager  - Number of rows per activiti table: {ACT_RU_EVENT_SUBSCR=0, ACT_ID_USER=0, ACT_HI_ATTACHMENT=0, ACT_GE_BYTEARRAY=0, ACT_RE_MODEL=0, ACT_RU_VARIABLE=0, ACT_RU_TASK=10, ACT_RE_DEPLOYMENT=0, ACT_RE_PROCDEF=0, ACT_ID_GROUP=0, ACT_HI_VARINST=0, ACT_HI_COMMENT=10, ACT_HI_PROCINST=0, ACT_ID_INFO=0, ACT_ID_MEMBERSHIP=0, ACT_RU_JOB=0, ACT_PROCDEF_INFO=0, ACT_HI_ACTINST=0, ACT_RU_EXECUTION=0, ACT_HI_TASKINST=10, ACT_HI_DETAIL=0, ACT_EVT_LOG=0, ACT_HI_IDENTITYLINK=3, ACT_RU_IDENTITYLINK=3, ACT_GE_PROPERTY=3}
10:45:10,906 [main] DEBUG org.activiti.engine.impl.db.DbSqlSession  - flush summary: 0 insert, 0 update, 0 delete.
10:45:10,906 [main] DEBUG org.activiti.engine.impl.db.DbSqlSession  - now executing flush...
10:45:10,906 [main] DEBUG org.activiti.engine.impl.cfg.standalone.StandaloneMybatisTransactionContext  - firing event committing...
10:45:10,906 [main] DEBUG org.activiti.engine.impl.cfg.standalone.StandaloneMybatisTransactionContext  - committing the ibatis sql session...
10:45:10,906 [main] DEBUG org.activiti.engine.impl.cfg.standalone.StandaloneMybatisTransactionContext  - firing event committed...
10:45:10,906 [main] DEBUG org.apache.ibatis.transaction.jdbc.JdbcTransaction  - Resetting autocommit to true on JDBC Connection [conn6: url=jdbc:h2:mem:activiti user=SA]
10:45:10,906 [main] DEBUG org.apache.ibatis.transaction.jdbc.JdbcTransaction  - Closing JDBC Connection [conn6: url=jdbc:h2:mem:activiti user=SA]
10:45:10,906 [main] DEBUG org.apache.ibatis.datasource.pooled.PooledDataSource  - Returned connection 486346394 to pool.
10:45:10,906 [main] DEBUG org.activiti.engine.impl.interceptor.LogInterceptor  - --- GetTableCountCmd finished --------------------------------------------------------
10:45:10,906 [main] DEBUG org.activiti.engine.impl.interceptor.LogInterceptor  - 

10:45:10,906 [main] ERROR org.activiti.engine.impl.test.PvmTestCase  - 

10:45:10,906 [main] ERROR org.activiti.engine.impl.test.PvmTestCase  - DB NOT CLEAN: 
  ACT_RU_TASK: 10 record(s)   ACT_HI_COMMENT: 10 record(s)   ACT_HI_TASKINST: 10 record(s)   ACT_HI_IDENTITYLINK: 3 record(s)   ACT_RU_IDENTITYLINK: 3 record(s) 
10:45:10,906 [main] INFO  org.activiti.engine.impl.test.PvmTestCase  - dropping and recreating db
10:45:10,906 [main] DEBUG org.activiti.engine.impl.interceptor.LogInterceptor  - 

10:45:10,906 [main] DEBUG org.activiti.engine.impl.interceptor.LogInterceptor  - --- starting  --------------------------------------------------------
10:45:10,906 [main] INFO  org.activiti.engine.impl.db.DbSqlSession  - performing drop on engine with resource org/activiti/db/drop/activiti.h2.drop.engine.sql
10:45:10,906 [main] DEBUG org.apache.ibatis.transaction.jdbc.JdbcTransaction  - Opening JDBC Connection
10:45:10,906 [main] DEBUG org.apache.ibatis.datasource.pooled.PooledDataSource  - Checked out connection 180014677 from pool.
10:45:10,906 [main] DEBUG org.apache.ibatis.transaction.jdbc.JdbcTransaction  - Setting autocommit to false on JDBC Connection [conn3: url=jdbc:h2:mem:activiti user=SA]
10:45:10,906 [main] DEBUG org.activiti.engine.impl.db.DbSqlSession  - SQL: drop table if exists ACT_GE_PROPERTY cascade constraints
10:45:10,906 [main] DEBUG org.activiti.engine.impl.db.DbSqlSession  - SQL: drop table if exists ACT_GE_BYTEARRAY cascade constraints
10:45:10,906 [main] DEBUG org.activiti.engine.impl.db.DbSqlSession  - SQL: drop table if exists ACT_RE_DEPLOYMENT cascade constraints
10:45:10,906 [main] DEBUG org.activiti.engine.impl.db.DbSqlSession  - SQL: drop table if exists ACT_RE_MODEL cascade constraints
10:45:10,906 [main] DEBUG org.activiti.engine.impl.db.DbSqlSession  - SQL: drop table if exists ACT_RU_EXECUTION cascade constraints
10:45:10,907 [main] DEBUG org.activiti.engine.impl.db.DbSqlSession  - SQL: drop table if exists ACT_RU_JOB cascade constraints
10:45:10,907 [main] DEBUG org.activiti.engine.impl.db.DbSqlSession  - SQL: drop table if exists ACT_RE_PROCDEF cascade constraints
10:45:10,907 [main] DEBUG org.activiti.engine.impl.db.DbSqlSession  - SQL: drop table if exists ACT_RU_TASK cascade constraints
10:45:10,907 [main] DEBUG org.activiti.engine.impl.db.DbSqlSession  - SQL: drop table if exists ACT_RU_IDENTITYLINK cascade constraints
10:45:10,907 [main] DEBUG org.activiti.engine.impl.db.DbSqlSession  - SQL: drop table if exists ACT_RU_VARIABLE cascade constraints
10:45:10,907 [main] DEBUG org.activiti.engine.impl.db.DbSqlSession  - SQL: drop table if exists ACT_RU_EVENT_SUBSCR cascade constraints
10:45:10,907 [main] DEBUG org.activiti.engine.impl.db.DbSqlSession  - SQL: drop table if exists ACT_EVT_LOG cascade constraints
10:45:10,907 [main] DEBUG org.activiti.engine.impl.db.DbSqlSession  - SQL: drop table if exists ACT_PROCDEF_INFO cascade constraints
10:45:10,907 [main] DEBUG org.activiti.engine.impl.db.DbSqlSession  - SQL: drop index if exists ACT_IDX_EXEC_BUSKEY
10:45:10,907 [main] DEBUG org.activiti.engine.impl.db.DbSqlSession  - SQL: drop index if exists ACT_IDX_TASK_CREATE
10:45:10,907 [main] DEBUG org.activiti.engine.impl.db.DbSqlSession  - SQL: drop index if exists ACT_IDX_IDENT_LNK_USER
10:45:10,907 [main] DEBUG org.activiti.engine.impl.db.DbSqlSession  - SQL: drop index if exists ACT_IDX_IDENT_LNK_GROUP
10:45:10,907 [main] DEBUG org.activiti.engine.impl.db.DbSqlSession  - SQL: drop index if exists ACT_IDX_VARIABLE_TASK_ID
10:45:10,907 [main] DEBUG org.activiti.engine.impl.db.DbSqlSession  - SQL: drop index if exists ACT_IDX_EVENT_SUBSCR_CONFIG_
10:45:10,907 [main] DEBUG org.activiti.engine.impl.db.DbSqlSession  - SQL: drop index if exists ACT_IDX_ATHRZ_PROCEDEF
10:45:10,907 [main] DEBUG org.activiti.engine.impl.db.DbSqlSession  - SQL: drop index if exists ACT_IDX_INFO_PROCDEF
10:45:10,907 [main] DEBUG org.activiti.engine.impl.db.DbSqlSession  - activiti db schema drop for component engine successful
10:45:10,907 [main] INFO  org.activiti.engine.impl.db.DbSqlSession  - performing drop on history with resource org/activiti/db/drop/activiti.h2.drop.history.sql
10:45:10,907 [main] DEBUG org.activiti.engine.impl.db.DbSqlSession  - SQL: drop table if exists ACT_HI_PROCINST cascade constraints
10:45:10,907 [main] DEBUG org.activiti.engine.impl.db.DbSqlSession  - SQL: drop table if exists ACT_HI_ACTINST cascade constraints
10:45:10,907 [main] DEBUG org.activiti.engine.impl.db.DbSqlSession  - SQL: drop table if exists ACT_HI_VARINST cascade constraints
10:45:10,907 [main] DEBUG org.activiti.engine.impl.db.DbSqlSession  - SQL: drop table if exists ACT_HI_TASKINST cascade constraints
10:45:10,908 [main] DEBUG org.activiti.engine.impl.db.DbSqlSession  - SQL: drop table if exists ACT_HI_DETAIL cascade constraints
10:45:10,908 [main] DEBUG org.activiti.engine.impl.db.DbSqlSession  - SQL: drop table if exists ACT_HI_COMMENT cascade constraints
10:45:10,908 [main] DEBUG org.activiti.engine.impl.db.DbSqlSession  - SQL: drop table if exists ACT_HI_ATTACHMENT cascade constraints
10:45:10,908 [main] DEBUG org.activiti.engine.impl.db.DbSqlSession  - SQL: drop table if exists ACT_HI_IDENTITYLINK cascade constraints
10:45:10,908 [main] DEBUG org.activiti.engine.impl.db.DbSqlSession  - SQL: drop index if exists ACT_IDX_HI_PRO_INST_END
10:45:10,908 [main] DEBUG org.activiti.engine.impl.db.DbSqlSession  - SQL: drop index if exists ACT_IDX_HI_PRO_I_BUSKEY
10:45:10,908 [main] DEBUG org.activiti.engine.impl.db.DbSqlSession  - SQL: drop index if exists ACT_IDX_HI_ACT_INST_START
10:45:10,908 [main] DEBUG org.activiti.engine.impl.db.DbSqlSession  - SQL: drop index if exists ACT_IDX_HI_ACT_INST_END
10:45:10,908 [main] DEBUG org.activiti.engine.impl.db.DbSqlSession  - SQL: drop index if exists ACT_IDX_HI_DETAIL_PROC_INST
10:45:10,908 [main] DEBUG org.activiti.engine.impl.db.DbSqlSession  - SQL: drop index if exists ACT_IDX_HI_DETAIL_ACT_INST
10:45:10,908 [main] DEBUG org.activiti.engine.impl.db.DbSqlSession  - SQL: drop index if exists ACT_IDX_HI_DETAIL_TIME
10:45:10,908 [main] DEBUG org.activiti.engine.impl.db.DbSqlSession  - SQL: drop index if exists ACT_IDX_HI_DETAIL_NAME
10:45:10,908 [main] DEBUG org.activiti.engine.impl.db.DbSqlSession  - SQL: drop index if exists ACT_IDX_HI_DETAIL_TASK_ID
10:45:10,908 [main] DEBUG org.activiti.engine.impl.db.DbSqlSession  - SQL: drop index if exists ACT_IDX_HI_PROCVAR_PROC_INST
10:45:10,908 [main] DEBUG org.activiti.engine.impl.db.DbSqlSession  - SQL: drop index if exists ACT_IDX_HI_PROCVAR_NAME_TYPE
10:45:10,908 [main] DEBUG org.activiti.engine.impl.db.DbSqlSession  - SQL: drop index if exists ACT_IDX_HI_ACT_INST_PROCINST
10:45:10,908 [main] DEBUG org.activiti.engine.impl.db.DbSqlSession  - SQL: drop index if exists ACT_IDX_HI_IDENT_LNK_USER
10:45:10,908 [main] DEBUG org.activiti.engine.impl.db.DbSqlSession  - SQL: drop index if exists ACT_IDX_HI_IDENT_LNK_TASK
10:45:10,908 [main] DEBUG org.activiti.engine.impl.db.DbSqlSession  - SQL: drop index if exists ACT_IDX_HI_IDENT_LNK_PROCINST
10:45:10,908 [main] DEBUG org.activiti.engine.impl.db.DbSqlSession  - SQL: drop index if exists ACT_IDX_HI_TASK_INST_PROCINST
10:45:10,908 [main] DEBUG org.activiti.engine.impl.db.DbSqlSession  - activiti db schema drop for component history successful
10:45:10,908 [main] INFO  org.activiti.engine.impl.db.DbSqlSession  - performing drop on identity with resource org/activiti/db/drop/activiti.h2.drop.identity.sql
10:45:10,908 [main] DEBUG org.activiti.engine.impl.db.DbSqlSession  - SQL: drop table if exists ACT_ID_INFO cascade constraints
10:45:10,908 [main] DEBUG org.activiti.engine.impl.db.DbSqlSession  - SQL: drop table if exists ACT_ID_GROUP cascade constraints
10:45:10,908 [main] DEBUG org.activiti.engine.impl.db.DbSqlSession  - SQL: drop table if exists ACT_ID_MEMBERSHIP cascade constraints
10:45:10,908 [main] DEBUG org.activiti.engine.impl.db.DbSqlSession  - SQL: drop table if exists ACT_ID_USER cascade constraints
10:45:10,908 [main] DEBUG org.activiti.engine.impl.db.DbSqlSession  - activiti db schema drop for component identity successful
10:45:10,908 [main] INFO  org.activiti.engine.impl.db.DbSqlSession  - performing create on engine with resource org/activiti/db/create/activiti.h2.create.engine.sql
10:45:10,908 [main] DEBUG org.activiti.engine.impl.db.DbSqlSession  - SQL: create table ACT_GE_PROPERTY ( 
NAME_ varchar(64), 
VALUE_ varchar(300), 
REV_ integer, 
primary key (NAME_) 
)
10:45:10,908 [main] DEBUG org.activiti.engine.impl.db.DbSqlSession  - SQL: insert into ACT_GE_PROPERTY 
values (&apos;schema.version&apos;, &apos;5.20.0.0&apos;, 1)
10:45:10,908 [main] DEBUG org.activiti.engine.impl.db.DbSqlSession  - SQL: insert into ACT_GE_PROPERTY 
values (&apos;schema.history&apos;, &apos;create(5.20.0.0)&apos;, 1)
10:45:10,908 [main] DEBUG org.activiti.engine.impl.db.DbSqlSession  - SQL: insert into ACT_GE_PROPERTY 
values (&apos;next.dbid&apos;, &apos;1&apos;, 1)
10:45:10,908 [main] DEBUG org.activiti.engine.impl.db.DbSqlSession  - SQL: create table ACT_GE_BYTEARRAY ( 
ID_ varchar(64), 
REV_ integer, 
NAME_ varchar(255), 
DEPLOYMENT_ID_ varchar(64), 
BYTES_ longvarbinary, 
GENERATED_ bit, 
primary key (ID_) 
)
10:45:10,908 [main] DEBUG org.activiti.engine.impl.db.DbSqlSession  - SQL: create table ACT_RE_DEPLOYMENT ( 
ID_ varchar(64), 
NAME_ varchar(255), 
CATEGORY_ varchar(255), 
TENANT_ID_ varchar(255) default &apos;&apos;, 
DEPLOY_TIME_ timestamp, 
primary key (ID_) 
)
10:45:10,908 [main] DEBUG org.activiti.engine.impl.db.DbSqlSession  - SQL: create table ACT_RE_MODEL ( 
ID_ varchar(64) not null, 
REV_ integer, 
NAME_ varchar(255), 
KEY_ varchar(255), 
CATEGORY_ varchar(255), 
CREATE_TIME_ timestamp, 
LAST_UPDATE_TIME_ timestamp, 
VERSION_ integer, 
META_INFO_ varchar(4000), 
DEPLOYMENT_ID_ varchar(64), 
EDITOR_SOURCE_VALUE_ID_ varchar(64), 
EDITOR_SOURCE_EXTRA_VALUE_ID_ varchar(64), 
TENANT_ID_ varchar(255) default &apos;&apos;, 
primary key (ID_) 
)
10:45:10,908 [main] DEBUG org.activiti.engine.impl.db.DbSqlSession  - SQL: create table ACT_RU_EXECUTION ( 
ID_ varchar(64), 
REV_ integer, 
PROC_INST_ID_ varchar(64), 
BUSINESS_KEY_ varchar(255), 
PARENT_ID_ varchar(64), 
PROC_DEF_ID_ varchar(64), 
SUPER_EXEC_ varchar(64), 
ACT_ID_ varchar(255), 
IS_ACTIVE_ bit, 
IS_CONCURRENT_ bit, 
IS_SCOPE_ bit, 
IS_EVENT_SCOPE_ bit, 
SUSPENSION_STATE_ integer, 
CACHED_ENT_STATE_ integer, 
TENANT_ID_ varchar(255) default &apos;&apos;, 
NAME_ varchar(255), 
LOCK_TIME_ timestamp, 
primary key (ID_) 
)
10:45:10,908 [main] DEBUG org.activiti.engine.impl.db.DbSqlSession  - SQL: create table ACT_RU_JOB ( 
ID_ varchar(64) NOT NULL, 
REV_ integer, 
TYPE_ varchar(255) NOT NULL, 
LOCK_EXP_TIME_ timestamp, 
LOCK_OWNER_ varchar(255), 
EXCLUSIVE_ boolean, 
EXECUTION_ID_ varchar(64), 
PROCESS_INSTANCE_ID_ varchar(64), 
PROC_DEF_ID_ varchar(64), 
RETRIES_ integer, 
EXCEPTION_STACK_ID_ varchar(64), 
EXCEPTION_MSG_ varchar(4000), 
DUEDATE_ timestamp, 
REPEAT_ varchar(255), 
HANDLER_TYPE_ varchar(255), 
HANDLER_CFG_ varchar(4000), 
TENANT_ID_ varchar(255) default &apos;&apos;, 
primary key (ID_) 
)
10:45:10,908 [main] DEBUG org.activiti.engine.impl.db.DbSqlSession  - SQL: create table ACT_RE_PROCDEF ( 
ID_ varchar(64) NOT NULL, 
REV_ integer, 
CATEGORY_ varchar(255), 
NAME_ varchar(255), 
KEY_ varchar(255) NOT NULL, 
VERSION_ integer NOT NULL, 
DEPLOYMENT_ID_ varchar(64), 
RESOURCE_NAME_ varchar(4000), 
DGRM_RESOURCE_NAME_ varchar(4000), 
DESCRIPTION_ varchar(4000), 
HAS_START_FORM_KEY_ bit, 
HAS_GRAPHICAL_NOTATION_ bit, 
SUSPENSION_STATE_ integer, 
TENANT_ID_ varchar(255) default &apos;&apos;, 
primary key (ID_) 
)
10:45:10,908 [main] DEBUG org.activiti.engine.impl.db.DbSqlSession  - SQL: create table ACT_RU_TASK ( 
ID_ varchar(64), 
REV_ integer, 
EXECUTION_ID_ varchar(64), 
PROC_INST_ID_ varchar(64), 
PROC_DEF_ID_ varchar(64), 
NAME_ varchar(255), 
PARENT_TASK_ID_ varchar(64), 
DESCRIPTION_ varchar(4000), 
TASK_DEF_KEY_ varchar(255), 
OWNER_ varchar(255), 
ASSIGNEE_ varchar(255), 
DELEGATION_ varchar(64), 
PRIORITY_ integer, 
CREATE_TIME_ timestamp, 
DUE_DATE_ timestamp, 
CATEGORY_ varchar(255), 
SUSPENSION_STATE_ integer, 
TENANT_ID_ varchar(255) default &apos;&apos;, 
FORM_KEY_ varchar(255), 
primary key (ID_) 
)
10:45:10,908 [main] DEBUG org.activiti.engine.impl.db.DbSqlSession  - SQL: create table ACT_RU_IDENTITYLINK ( 
ID_ varchar(64), 
REV_ integer, 
GROUP_ID_ varchar(255), 
TYPE_ varchar(255), 
USER_ID_ varchar(255), 
TASK_ID_ varchar(64), 
PROC_INST_ID_ varchar(64) null, 
PROC_DEF_ID_ varchar(64), 
primary key (ID_) 
)
10:45:10,909 [main] DEBUG org.activiti.engine.impl.db.DbSqlSession  - SQL: create table ACT_RU_VARIABLE ( 
ID_ varchar(64) not null, 
REV_ integer, 
TYPE_ varchar(255) not null, 
NAME_ varchar(255) not null, 
EXECUTION_ID_ varchar(64), 
PROC_INST_ID_ varchar(64), 
TASK_ID_ varchar(64), 
BYTEARRAY_ID_ varchar(64), 
DOUBLE_ double, 
LONG_ bigint, 
TEXT_ varchar(4000), 
TEXT2_ varchar(4000), 
primary key (ID_) 
)
10:45:10,909 [main] DEBUG org.activiti.engine.impl.db.DbSqlSession  - SQL: create table ACT_RU_EVENT_SUBSCR ( 
ID_ varchar(64) not null, 
REV_ integer, 
EVENT_TYPE_ varchar(255) not null, 
EVENT_NAME_ varchar(255), 
EXECUTION_ID_ varchar(64), 
PROC_INST_ID_ varchar(64), 
ACTIVITY_ID_ varchar(64), 
CONFIGURATION_ varchar(255), 
CREATED_ timestamp not null, 
PROC_DEF_ID_ varchar(64), 
TENANT_ID_ varchar(255) default &apos;&apos;, 
primary key (ID_) 
)
10:45:10,909 [main] DEBUG org.activiti.engine.impl.db.DbSqlSession  - SQL: create table ACT_EVT_LOG ( 
LOG_NR_ identity, 
TYPE_ varchar(64), 
PROC_DEF_ID_ varchar(64), 
PROC_INST_ID_ varchar(64), 
EXECUTION_ID_ varchar(64), 
TASK_ID_ varchar(64), 
TIME_STAMP_ timestamp not null, 
USER_ID_ varchar(255), 
DATA_ longvarbinary, 
LOCK_OWNER_ varchar(255), 
LOCK_TIME_ timestamp, 
IS_PROCESSED_ bit default 0 
)
10:45:10,909 [main] DEBUG org.activiti.engine.impl.db.DbSqlSession  - SQL: create table ACT_PROCDEF_INFO ( 
ID_ varchar(64) not null, 
PROC_DEF_ID_ varchar(64) not null, 
REV_ integer, 
INFO_JSON_ID_ varchar(64), 
primary key (ID_) 
)
10:45:10,909 [main] DEBUG org.activiti.engine.impl.db.DbSqlSession  - SQL: create index ACT_IDX_EXEC_BUSKEY on ACT_RU_EXECUTION(BUSINESS_KEY_)
10:45:10,909 [main] DEBUG org.activiti.engine.impl.db.DbSqlSession  - SQL: create index ACT_IDX_TASK_CREATE on ACT_RU_TASK(CREATE_TIME_)
10:45:10,909 [main] DEBUG org.activiti.engine.impl.db.DbSqlSession  - SQL: create index ACT_IDX_IDENT_LNK_USER on ACT_RU_IDENTITYLINK(USER_ID_)
10:45:10,909 [main] DEBUG org.activiti.engine.impl.db.DbSqlSession  - SQL: create index ACT_IDX_IDENT_LNK_GROUP on ACT_RU_IDENTITYLINK(GROUP_ID_)
10:45:10,909 [main] DEBUG org.activiti.engine.impl.db.DbSqlSession  - SQL: create index ACT_IDX_EVENT_SUBSCR_CONFIG_ on ACT_RU_EVENT_SUBSCR(CONFIGURATION_)
10:45:10,909 [main] DEBUG org.activiti.engine.impl.db.DbSqlSession  - SQL: create index ACT_IDX_VARIABLE_TASK_ID on ACT_RU_VARIABLE(TASK_ID_)
10:45:10,909 [main] DEBUG org.activiti.engine.impl.db.DbSqlSession  - SQL: create index ACT_IDX_ATHRZ_PROCEDEF on ACT_RU_IDENTITYLINK(PROC_DEF_ID_)
10:45:10,909 [main] DEBUG org.activiti.engine.impl.db.DbSqlSession  - SQL: create index ACT_IDX_INFO_PROCDEF on ACT_PROCDEF_INFO(PROC_DEF_ID_)
10:45:10,909 [main] DEBUG org.activiti.engine.impl.db.DbSqlSession  - SQL: alter table ACT_GE_BYTEARRAY 
add constraint ACT_FK_BYTEARR_DEPL 
foreign key (DEPLOYMENT_ID_) 
references ACT_RE_DEPLOYMENT
10:45:10,909 [main] DEBUG org.activiti.engine.impl.db.DbSqlSession  - SQL: alter table ACT_RE_PROCDEF 
add constraint ACT_UNIQ_PROCDEF 
unique (KEY_,VERSION_, TENANT_ID_)
10:45:10,909 [main] DEBUG org.activiti.engine.impl.db.DbSqlSession  - SQL: alter table ACT_RU_EXECUTION 
add constraint ACT_FK_EXE_PROCINST 
foreign key (PROC_INST_ID_) 
references ACT_RU_EXECUTION
10:45:10,909 [main] DEBUG org.activiti.engine.impl.db.DbSqlSession  - SQL: alter table ACT_RU_EXECUTION 
add constraint ACT_FK_EXE_PARENT 
foreign key (PARENT_ID_) 
references ACT_RU_EXECUTION
10:45:10,909 [main] DEBUG org.activiti.engine.impl.db.DbSqlSession  - SQL: alter table ACT_RU_EXECUTION 
add constraint ACT_FK_EXE_SUPER 
foreign key (SUPER_EXEC_) 
references ACT_RU_EXECUTION
10:45:10,909 [main] DEBUG org.activiti.engine.impl.db.DbSqlSession  - SQL: alter table ACT_RU_EXECUTION 
add constraint ACT_FK_EXE_PROCDEF 
foreign key (PROC_DEF_ID_) 
references ACT_RE_PROCDEF (ID_)
10:45:10,909 [main] DEBUG org.activiti.engine.impl.db.DbSqlSession  - SQL: alter table ACT_RU_IDENTITYLINK 
add constraint ACT_FK_TSKASS_TASK 
foreign key (TASK_ID_) 
references ACT_RU_TASK
10:45:10,909 [main] DEBUG org.activiti.engine.impl.db.DbSqlSession  - SQL: alter table ACT_RU_IDENTITYLINK 
add constraint ACT_FK_ATHRZ_PROCEDEF 
foreign key (PROC_DEF_ID_) 
references ACT_RE_PROCDEF
10:45:10,909 [main] DEBUG org.activiti.engine.impl.db.DbSqlSession  - SQL: alter table ACT_RU_IDENTITYLINK 
add constraint ACT_FK_IDL_PROCINST 
foreign key (PROC_INST_ID_) 
references ACT_RU_EXECUTION (ID_)
10:45:10,909 [main] DEBUG org.activiti.engine.impl.db.DbSqlSession  - SQL: alter table ACT_RU_TASK 
add constraint ACT_FK_TASK_EXE 
foreign key (EXECUTION_ID_) 
references ACT_RU_EXECUTION
10:45:10,910 [main] DEBUG org.activiti.engine.impl.db.DbSqlSession  - SQL: alter table ACT_RU_TASK 
add constraint ACT_FK_TASK_PROCINST 
foreign key (PROC_INST_ID_) 
references ACT_RU_EXECUTION
10:45:10,910 [main] DEBUG org.activiti.engine.impl.db.DbSqlSession  - SQL: alter table ACT_RU_TASK 
add constraint ACT_FK_TASK_PROCDEF 
foreign key (PROC_DEF_ID_) 
references ACT_RE_PROCDEF
10:45:10,910 [main] DEBUG org.activiti.engine.impl.db.DbSqlSession  - SQL: alter table ACT_RU_VARIABLE 
add constraint ACT_FK_VAR_EXE 
foreign key (EXECUTION_ID_) 
references ACT_RU_EXECUTION
10:45:10,910 [main] DEBUG org.activiti.engine.impl.db.DbSqlSession  - SQL: alter table ACT_RU_VARIABLE 
add constraint ACT_FK_VAR_PROCINST 
foreign key (PROC_INST_ID_) 
references ACT_RU_EXECUTION
10:45:10,910 [main] DEBUG org.activiti.engine.impl.db.DbSqlSession  - SQL: alter table ACT_RU_VARIABLE 
add constraint ACT_FK_VAR_BYTEARRAY 
foreign key (BYTEARRAY_ID_) 
references ACT_GE_BYTEARRAY
10:45:10,910 [main] DEBUG org.activiti.engine.impl.db.DbSqlSession  - SQL: alter table ACT_RU_JOB 
add constraint ACT_FK_JOB_EXCEPTION 
foreign key (EXCEPTION_STACK_ID_) 
references ACT_GE_BYTEARRAY
10:45:10,910 [main] DEBUG org.activiti.engine.impl.db.DbSqlSession  - SQL: alter table ACT_RU_EVENT_SUBSCR 
add constraint ACT_FK_EVENT_EXEC 
foreign key (EXECUTION_ID_) 
references ACT_RU_EXECUTION
10:45:10,910 [main] DEBUG org.activiti.engine.impl.db.DbSqlSession  - SQL: alter table ACT_RE_MODEL 
add constraint ACT_FK_MODEL_SOURCE 
foreign key (EDITOR_SOURCE_VALUE_ID_) 
references ACT_GE_BYTEARRAY (ID_)
10:45:10,910 [main] DEBUG org.activiti.engine.impl.db.DbSqlSession  - SQL: alter table ACT_RE_MODEL 
add constraint ACT_FK_MODEL_SOURCE_EXTRA 
foreign key (EDITOR_SOURCE_EXTRA_VALUE_ID_) 
references ACT_GE_BYTEARRAY (ID_)
10:45:10,910 [main] DEBUG org.activiti.engine.impl.db.DbSqlSession  - SQL: alter table ACT_RE_MODEL 
add constraint ACT_FK_MODEL_DEPLOYMENT 
foreign key (DEPLOYMENT_ID_) 
references ACT_RE_DEPLOYMENT (ID_)
10:45:10,910 [main] DEBUG org.activiti.engine.impl.db.DbSqlSession  - SQL: alter table ACT_PROCDEF_INFO 
add constraint ACT_FK_INFO_JSON_BA 
foreign key (INFO_JSON_ID_) 
references ACT_GE_BYTEARRAY (ID_)
10:45:10,910 [main] DEBUG org.activiti.engine.impl.db.DbSqlSession  - SQL: alter table ACT_PROCDEF_INFO 
add constraint ACT_FK_INFO_PROCDEF 
foreign key (PROC_DEF_ID_) 
references ACT_RE_PROCDEF (ID_)
10:45:10,910 [main] DEBUG org.activiti.engine.impl.db.DbSqlSession  - SQL: alter table ACT_PROCDEF_INFO 
add constraint ACT_UNIQ_INFO_PROCDEF 
unique (PROC_DEF_ID_)
10:45:10,910 [main] DEBUG org.activiti.engine.impl.db.DbSqlSession  - activiti db schema create for component engine successful
10:45:10,910 [main] INFO  org.activiti.engine.impl.db.DbSqlSession  - performing create on history with resource org/activiti/db/create/activiti.h2.create.history.sql
10:45:10,910 [main] DEBUG org.activiti.engine.impl.db.DbSqlSession  - SQL: create table ACT_HI_PROCINST ( 
ID_ varchar(64) not null, 
PROC_INST_ID_ varchar(64) not null, 
BUSINESS_KEY_ varchar(255), 
PROC_DEF_ID_ varchar(64) not null, 
START_TIME_ timestamp not null, 
END_TIME_ timestamp, 
DURATION_ bigint, 
START_USER_ID_ varchar(255), 
START_ACT_ID_ varchar(255), 
END_ACT_ID_ varchar(255), 
SUPER_PROCESS_INSTANCE_ID_ varchar(64), 
DELETE_REASON_ varchar(4000), 
TENANT_ID_ varchar(255) default &apos;&apos;, 
NAME_ varchar(255), 
primary key (ID_), 
unique (PROC_INST_ID_) 
)
10:45:10,911 [main] DEBUG org.activiti.engine.impl.db.DbSqlSession  - SQL: create table ACT_HI_ACTINST ( 
ID_ varchar(64) not null, 
PROC_DEF_ID_ varchar(64) not null, 
PROC_INST_ID_ varchar(64) not null, 
EXECUTION_ID_ varchar(64) not null, 
ACT_ID_ varchar(255) not null, 
TASK_ID_ varchar(64), 
CALL_PROC_INST_ID_ varchar(64), 
ACT_NAME_ varchar(255), 
ACT_TYPE_ varchar(255) not null, 
ASSIGNEE_ varchar(255), 
START_TIME_ timestamp not null, 
END_TIME_ timestamp, 
DURATION_ bigint, 
TENANT_ID_ varchar(255) default &apos;&apos;, 
primary key (ID_) 
)
10:45:10,911 [main] DEBUG org.activiti.engine.impl.db.DbSqlSession  - SQL: create table ACT_HI_TASKINST ( 
ID_ varchar(64) not null, 
PROC_DEF_ID_ varchar(64), 
TASK_DEF_KEY_ varchar(255), 
PROC_INST_ID_ varchar(64), 
EXECUTION_ID_ varchar(64), 
NAME_ varchar(255), 
PARENT_TASK_ID_ varchar(64), 
DESCRIPTION_ varchar(4000), 
OWNER_ varchar(255), 
ASSIGNEE_ varchar(255), 
START_TIME_ timestamp not null, 
CLAIM_TIME_ timestamp, 
END_TIME_ timestamp, 
DURATION_ bigint, 
DELETE_REASON_ varchar(4000), 
PRIORITY_ integer, 
DUE_DATE_ timestamp, 
FORM_KEY_ varchar(255), 
CATEGORY_ varchar(255), 
TENANT_ID_ varchar(255) default &apos;&apos;, 
primary key (ID_) 
)
10:45:10,911 [main] DEBUG org.activiti.engine.impl.db.DbSqlSession  - SQL: create table ACT_HI_VARINST ( 
ID_ varchar(64) not null, 
PROC_INST_ID_ varchar(64), 
EXECUTION_ID_ varchar(64), 
TASK_ID_ varchar(64), 
NAME_ varchar(255) not null, 
VAR_TYPE_ varchar(100), 
REV_ integer, 
BYTEARRAY_ID_ varchar(64), 
DOUBLE_ double, 
LONG_ bigint, 
TEXT_ varchar(4000), 
TEXT2_ varchar(4000), 
CREATE_TIME_ timestamp, 
LAST_UPDATED_TIME_ timestamp, 
primary key (ID_) 
)
10:45:10,911 [main] DEBUG org.activiti.engine.impl.db.DbSqlSession  - SQL: create table ACT_HI_DETAIL ( 
ID_ varchar(64) not null, 
TYPE_ varchar(255) not null, 
TIME_ timestamp not null, 
NAME_ varchar(255), 
PROC_INST_ID_ varchar(64), 
EXECUTION_ID_ varchar(64), 
TASK_ID_ varchar(64), 
ACT_INST_ID_ varchar(64), 
VAR_TYPE_ varchar(255), 
REV_ integer, 
BYTEARRAY_ID_ varchar(64), 
DOUBLE_ double, 
LONG_ bigint, 
TEXT_ varchar(4000), 
TEXT2_ varchar(4000), 
primary key (ID_) 
)
10:45:10,911 [main] DEBUG org.activiti.engine.impl.db.DbSqlSession  - SQL: create table ACT_HI_COMMENT ( 
ID_ varchar(64) not null, 
TYPE_ varchar(255), 
TIME_ timestamp not null, 
USER_ID_ varchar(255), 
TASK_ID_ varchar(64), 
PROC_INST_ID_ varchar(64), 
ACTION_ varchar(255), 
MESSAGE_ varchar(4000), 
FULL_MSG_ longvarbinary, 
primary key (ID_) 
)
10:45:10,911 [main] DEBUG org.activiti.engine.impl.db.DbSqlSession  - SQL: create table ACT_HI_ATTACHMENT ( 
ID_ varchar(64) not null, 
REV_ integer, 
USER_ID_ varchar(255), 
NAME_ varchar(255), 
DESCRIPTION_ varchar(4000), 
TYPE_ varchar(255), 
TASK_ID_ varchar(64), 
PROC_INST_ID_ varchar(64), 
URL_ varchar(4000), 
CONTENT_ID_ varchar(64), 
TIME_ timestamp, 
primary key (ID_) 
)
10:45:10,911 [main] DEBUG org.activiti.engine.impl.db.DbSqlSession  - SQL: create table ACT_HI_IDENTITYLINK ( 
ID_ varchar(64), 
GROUP_ID_ varchar(255), 
TYPE_ varchar(255), 
USER_ID_ varchar(255), 
TASK_ID_ varchar(64), 
PROC_INST_ID_ varchar(64) null, 
primary key (ID_) 
)
10:45:10,911 [main] DEBUG org.activiti.engine.impl.db.DbSqlSession  - SQL: create index ACT_IDX_HI_PRO_INST_END on ACT_HI_PROCINST(END_TIME_)
10:45:10,911 [main] DEBUG org.activiti.engine.impl.db.DbSqlSession  - SQL: create index ACT_IDX_HI_PRO_I_BUSKEY on ACT_HI_PROCINST(BUSINESS_KEY_)
10:45:10,911 [main] DEBUG org.activiti.engine.impl.db.DbSqlSession  - SQL: create index ACT_IDX_HI_ACT_INST_START on ACT_HI_ACTINST(START_TIME_)
10:45:10,911 [main] DEBUG org.activiti.engine.impl.db.DbSqlSession  - SQL: create index ACT_IDX_HI_ACT_INST_END on ACT_HI_ACTINST(END_TIME_)
10:45:10,911 [main] DEBUG org.activiti.engine.impl.db.DbSqlSession  - SQL: create index ACT_IDX_HI_DETAIL_PROC_INST on ACT_HI_DETAIL(PROC_INST_ID_)
10:45:10,911 [main] DEBUG org.activiti.engine.impl.db.DbSqlSession  - SQL: create index ACT_IDX_HI_DETAIL_ACT_INST on ACT_HI_DETAIL(ACT_INST_ID_)
10:45:10,911 [main] DEBUG org.activiti.engine.impl.db.DbSqlSession  - SQL: create index ACT_IDX_HI_DETAIL_TIME on ACT_HI_DETAIL(TIME_)
10:45:10,911 [main] DEBUG org.activiti.engine.impl.db.DbSqlSession  - SQL: create index ACT_IDX_HI_DETAIL_NAME on ACT_HI_DETAIL(NAME_)
10:45:10,911 [main] DEBUG org.activiti.engine.impl.db.DbSqlSession  - SQL: create index ACT_IDX_HI_DETAIL_TASK_ID on ACT_HI_DETAIL(TASK_ID_)
10:45:10,911 [main] DEBUG org.activiti.engine.impl.db.DbSqlSession  - SQL: create index ACT_IDX_HI_PROCVAR_PROC_INST on ACT_HI_VARINST(PROC_INST_ID_)
10:45:10,911 [main] DEBUG org.activiti.engine.impl.db.DbSqlSession  - SQL: create index ACT_IDX_HI_PROCVAR_NAME_TYPE on ACT_HI_VARINST(NAME_, VAR_TYPE_)
10:45:10,911 [main] DEBUG org.activiti.engine.impl.db.DbSqlSession  - SQL: create index ACT_IDX_HI_PROCVAR_TASK_ID on ACT_HI_VARINST(TASK_ID_)
10:45:10,911 [main] DEBUG org.activiti.engine.impl.db.DbSqlSession  - SQL: create index ACT_IDX_HI_ACT_INST_PROCINST on ACT_HI_ACTINST(PROC_INST_ID_, ACT_ID_)
10:45:10,911 [main] DEBUG org.activiti.engine.impl.db.DbSqlSession  - SQL: create index ACT_IDX_HI_IDENT_LNK_USER on ACT_HI_IDENTITYLINK(USER_ID_)
10:45:10,911 [main] DEBUG org.activiti.engine.impl.db.DbSqlSession  - SQL: create index ACT_IDX_HI_IDENT_LNK_TASK on ACT_HI_IDENTITYLINK(TASK_ID_)
10:45:10,911 [main] DEBUG org.activiti.engine.impl.db.DbSqlSession  - SQL: create index ACT_IDX_HI_IDENT_LNK_PROCINST on ACT_HI_IDENTITYLINK(PROC_INST_ID_)
10:45:10,911 [main] DEBUG org.activiti.engine.impl.db.DbSqlSession  - SQL: create index ACT_IDX_HI_ACT_INST_EXEC on ACT_HI_ACTINST(EXECUTION_ID_, ACT_ID_)
10:45:10,911 [main] DEBUG org.activiti.engine.impl.db.DbSqlSession  - SQL: create index ACT_IDX_HI_TASK_INST_PROCINST on ACT_HI_TASKINST(PROC_INST_ID_)
10:45:10,911 [main] DEBUG org.activiti.engine.impl.db.DbSqlSession  - activiti db schema create for component history successful
10:45:10,911 [main] INFO  org.activiti.engine.impl.db.DbSqlSession  - performing create on identity with resource org/activiti/db/create/activiti.h2.create.identity.sql
10:45:10,911 [main] DEBUG org.activiti.engine.impl.db.DbSqlSession  - SQL: create table ACT_ID_GROUP ( 
ID_ varchar(64), 
REV_ integer, 
NAME_ varchar(255), 
TYPE_ varchar(255), 
primary key (ID_) 
)
10:45:10,911 [main] DEBUG org.activiti.engine.impl.db.DbSqlSession  - SQL: create table ACT_ID_MEMBERSHIP ( 
USER_ID_ varchar(64), 
GROUP_ID_ varchar(64), 
primary key (USER_ID_, GROUP_ID_) 
)
10:45:10,911 [main] DEBUG org.activiti.engine.impl.db.DbSqlSession  - SQL: create table ACT_ID_USER ( 
ID_ varchar(64), 
REV_ integer, 
FIRST_ varchar(255), 
LAST_ varchar(255), 
EMAIL_ varchar(255), 
PWD_ varchar(255), 
PICTURE_ID_ varchar(64), 
primary key (ID_) 
)
10:45:10,911 [main] DEBUG org.activiti.engine.impl.db.DbSqlSession  - SQL: create table ACT_ID_INFO ( 
ID_ varchar(64), 
REV_ integer, 
USER_ID_ varchar(64), 
TYPE_ varchar(64), 
KEY_ varchar(255), 
VALUE_ varchar(255), 
PASSWORD_ longvarbinary, 
PARENT_ID_ varchar(255), 
primary key (ID_) 
)
10:45:10,911 [main] DEBUG org.activiti.engine.impl.db.DbSqlSession  - SQL: alter table ACT_ID_MEMBERSHIP 
add constraint ACT_FK_MEMB_GROUP 
foreign key (GROUP_ID_) 
references ACT_ID_GROUP
10:45:10,911 [main] DEBUG org.activiti.engine.impl.db.DbSqlSession  - SQL: alter table ACT_ID_MEMBERSHIP 
add constraint ACT_FK_MEMB_USER 
foreign key (USER_ID_) 
references ACT_ID_USER
10:45:10,911 [main] DEBUG org.activiti.engine.impl.db.DbSqlSession  - activiti db schema create for component identity successful
10:45:10,911 [main] DEBUG org.activiti.engine.impl.db.DbSqlSession  - flush summary: 0 insert, 0 update, 0 delete.
10:45:10,911 [main] DEBUG org.activiti.engine.impl.db.DbSqlSession  - now executing flush...
10:45:10,911 [main] DEBUG org.activiti.engine.impl.cfg.standalone.StandaloneMybatisTransactionContext  - firing event committing...
10:45:10,911 [main] DEBUG org.activiti.engine.impl.cfg.standalone.StandaloneMybatisTransactionContext  - committing the ibatis sql session...
10:45:10,911 [main] DEBUG org.activiti.engine.impl.cfg.standalone.StandaloneMybatisTransactionContext  - firing event committed...
10:45:10,911 [main] DEBUG org.apache.ibatis.transaction.jdbc.JdbcTransaction  - Resetting autocommit to true on JDBC Connection [conn3: url=jdbc:h2:mem:activiti user=SA]
10:45:10,911 [main] DEBUG org.apache.ibatis.transaction.jdbc.JdbcTransaction  - Closing JDBC Connection [conn3: url=jdbc:h2:mem:activiti user=SA]
10:45:10,911 [main] DEBUG org.apache.ibatis.datasource.pooled.PooledDataSource  - Returned connection 180014677 to pool.
10:45:10,911 [main] DEBUG org.activiti.engine.impl.interceptor.LogInterceptor  - ---  finished --------------------------------------------------------
10:45:10,911 [main] DEBUG org.activiti.engine.impl.interceptor.LogInterceptor  - 

</system-out>
  </testcase>
  <testcase classname="org.activiti.engine.test.api.task.SubTaskQueryTest" name="testQueryExcludeSubtasks" time="0.023">
    <error message="
### Error querying database.  Cause: org.h2.jdbc.JdbcSQLException: Syntax error in SQL statement &quot;SELECT DISTINCT RES.* 
       
    FROM ACT_RU_TASK RES
     
     
     
     
    
     
     
     
      
   
    
     ORDER BY  ORDER[*] BY RES.ID_ ASC  
    LIMIT ? OFFSET ? &quot;; expected &quot;=, NOT, EXISTS, INTERSECTS, SELECT, FROM&quot;; SQL statement:
select distinct RES.* 
       
    from ACT_RU_TASK RES
     
     
     
     
    
     
     
     
      
   
    
     order by  order by RES.ID_ asc  
    LIMIT ? OFFSET ? [42001-176]
### The error may exist in org/activiti/db/mapping/entity/Task.xml
### The error may involve org.activiti.engine.impl.persistence.entity.TaskEntity.selectTaskByQueryCriteria
### The error occurred while executing a query
### SQL: select distinct RES.*              from ACT_RU_TASK RES                                                                     order by  order by RES.ID_ asc       LIMIT ? OFFSET ?
### Cause: org.h2.jdbc.JdbcSQLException: Syntax error in SQL statement &quot;SELECT DISTINCT RES.* 
       
    FROM ACT_RU_TASK RES
     
     
     
     
    
     
     
     
      
   
    
     ORDER BY  ORDER[*] BY RES.ID_ ASC  
    LIMIT ? OFFSET ? &quot;; expected &quot;=, NOT, EXISTS, INTERSECTS, SELECT, FROM&quot;; SQL statement:
select distinct RES.* 
       
    from ACT_RU_TASK RES
     
     
     
     
    
     
     
     
      
   
    
     order by  order by RES.ID_ asc  
    LIMIT ? OFFSET ? [42001-176]" type="org.apache.ibatis.exceptions.PersistenceException">org.apache.ibatis.exceptions.PersistenceException: 
### Error querying database.  Cause: org.h2.jdbc.JdbcSQLException: Syntax error in SQL statement &quot;SELECT DISTINCT RES.* 
       
    FROM ACT_RU_TASK RES
     
     
     
     
    
     
     
     
      
   
    
     ORDER BY  ORDER[*] BY RES.ID_ ASC  
    LIMIT ? OFFSET ? &quot;; expected &quot;=, NOT, EXISTS, INTERSECTS, SELECT, FROM&quot;; SQL statement:
select distinct RES.* 
       
    from ACT_RU_TASK RES
     
     
     
     
    
     
     
     
      
   
    
     order by  order by RES.ID_ asc  
    LIMIT ? OFFSET ? [42001-176]
### The error may exist in org/activiti/db/mapping/entity/Task.xml
### The error may involve org.activiti.engine.impl.persistence.entity.TaskEntity.selectTaskByQueryCriteria
### The error occurred while executing a query
### SQL: select distinct RES.*              from ACT_RU_TASK RES                                                                     order by  order by RES.ID_ asc       LIMIT ? OFFSET ?
### Cause: org.h2.jdbc.JdbcSQLException: Syntax error in SQL statement &quot;SELECT DISTINCT RES.* 
       
    FROM ACT_RU_TASK RES
     
     
     
     
    
     
     
     
      
   
    
     ORDER BY  ORDER[*] BY RES.ID_ ASC  
    LIMIT ? OFFSET ? &quot;; expected &quot;=, NOT, EXISTS, INTERSECTS, SELECT, FROM&quot;; SQL statement:
select distinct RES.* 
       
    from ACT_RU_TASK RES
     
     
     
     
    
     
     
     
      
   
    
     order by  order by RES.ID_ asc  
    LIMIT ? OFFSET ? [42001-176]
	at org.apache.ibatis.exceptions.ExceptionFactory.wrapException(ExceptionFactory.java:30)
	at org.apache.ibatis.session.defaults.DefaultSqlSession.selectList(DefaultSqlSession.java:122)
	at org.apache.ibatis.session.defaults.DefaultSqlSession.selectList(DefaultSqlSession.java:113)
	at org.activiti.engine.impl.db.DbSqlSession.selectListWithRawParameter(DbSqlSession.java:438)
	at org.activiti.engine.impl.db.DbSqlSession.selectList(DbSqlSession.java:429)
	at org.activiti.engine.impl.persistence.entity.TaskEntityManager.findTasksByQueryCriteria(TaskEntityManager.java:135)
	at org.activiti.engine.impl.TaskQueryImpl.executeList(TaskQueryImpl.java:1256)
	at org.activiti.engine.impl.AbstractQuery.execute(AbstractQuery.java:164)
	at org.activiti.engine.impl.interceptor.CommandInvoker.execute(CommandInvoker.java:24)
	at org.activiti.engine.impl.interceptor.CommandContextInterceptor.execute(CommandContextInterceptor.java:57)
	at org.activiti.engine.impl.interceptor.LogInterceptor.execute(LogInterceptor.java:37)
	at org.activiti.engine.impl.cfg.CommandExecutorImpl.execute(CommandExecutorImpl.java:40)
	at org.activiti.engine.impl.cfg.CommandExecutorImpl.execute(CommandExecutorImpl.java:35)
	at org.activiti.engine.impl.AbstractQuery.list(AbstractQuery.java:138)
	at org.activiti.engine.test.api.task.SubTaskQueryTest.testQueryExcludeSubtasks(SubTaskQueryTest.java:61)
	at sun.reflect.NativeMethodAccessorImpl.invoke0(Native Method)
	at sun.reflect.NativeMethodAccessorImpl.invoke(NativeMethodAccessorImpl.java:62)
	at sun.reflect.DelegatingMethodAccessorImpl.invoke(DelegatingMethodAccessorImpl.java:43)
	at java.lang.reflect.Method.invoke(Method.java:498)
	at junit.framework.TestCase.runTest(TestCase.java:176)
	at org.activiti.engine.impl.test.PvmTestCase.runTest(PvmTestCase.java:65)
	at junit.framework.TestCase.runBare(TestCase.java:141)
	at org.activiti.engine.impl.test.AbstractActivitiTestCase.runBare(AbstractActivitiTestCase.java:100)
	at junit.framework.TestResult$1.protect(TestResult.java:122)
	at junit.framework.TestResult.runProtected(TestResult.java:142)
	at junit.framework.TestResult.run(TestResult.java:125)
	at junit.framework.TestCase.run(TestCase.java:129)
	at junit.framework.TestSuite.runTest(TestSuite.java:255)
	at junit.framework.TestSuite.run(TestSuite.java:250)
	at org.junit.internal.runners.JUnit38ClassRunner.run(JUnit38ClassRunner.java:84)
	at org.apache.maven.surefire.junit4.JUnit4TestSet.execute(JUnit4TestSet.java:35)
	at org.apache.maven.surefire.junit4.JUnit4Provider.executeTestSet(JUnit4Provider.java:146)
	at org.apache.maven.surefire.junit4.JUnit4Provider.invoke(JUnit4Provider.java:97)
	at sun.reflect.NativeMethodAccessorImpl.invoke0(Native Method)
	at sun.reflect.NativeMethodAccessorImpl.invoke(NativeMethodAccessorImpl.java:62)
	at sun.reflect.DelegatingMethodAccessorImpl.invoke(DelegatingMethodAccessorImpl.java:43)
	at java.lang.reflect.Method.invoke(Method.java:498)
	at org.apache.maven.surefire.booter.ProviderFactory$ClassLoaderProxy.invoke(ProviderFactory.java:103)
	at com.sun.proxy.$Proxy0.invoke(Unknown Source)
	at org.apache.maven.surefire.booter.SurefireStarter.invokeProvider(SurefireStarter.java:145)
	at org.apache.maven.surefire.booter.SurefireStarter.runSuitesInProcess(SurefireStarter.java:87)
	at org.apache.maven.surefire.booter.ForkedBooter.main(ForkedBooter.java:69)
Caused by: org.h2.jdbc.JdbcSQLException: Syntax error in SQL statement &quot;SELECT DISTINCT RES.* 
       
    FROM ACT_RU_TASK RES
     
     
     
     
    
     
     
     
      
   
    
     ORDER BY  ORDER[*] BY RES.ID_ ASC  
    LIMIT ? OFFSET ? &quot;; expected &quot;=, NOT, EXISTS, INTERSECTS, SELECT, FROM&quot;; SQL statement:
select distinct RES.* 
       
    from ACT_RU_TASK RES
     
     
     
     
    
     
     
     
      
   
    
     order by  order by RES.ID_ asc  
    LIMIT ? OFFSET ? [42001-176]
	at org.h2.message.DbException.getJdbcSQLException(DbException.java:344)
	at org.h2.message.DbException.getSyntaxError(DbException.java:204)
	at org.h2.command.Parser.getSyntaxError(Parser.java:524)
	at org.h2.command.Parser.readTerm(Parser.java:2688)
	at org.h2.command.Parser.readFactor(Parser.java:2244)
	at org.h2.command.Parser.readSum(Parser.java:2231)
	at org.h2.command.Parser.readConcat(Parser.java:2201)
	at org.h2.command.Parser.readCondition(Parser.java:2051)
	at org.h2.command.Parser.readAnd(Parser.java:2023)
	at org.h2.command.Parser.readExpression(Parser.java:2015)
	at org.h2.command.Parser.parseEndOfQuery(Parser.java:1726)
	at org.h2.command.Parser.parseSelectUnionExtension(Parser.java:1706)
	at org.h2.command.Parser.parseSelectUnion(Parser.java:1675)
	at org.h2.command.Parser.parseSelect(Parser.java:1662)
	at org.h2.command.Parser.parsePrepared(Parser.java:434)
	at org.h2.command.Parser.parse(Parser.java:306)
	at org.h2.command.Parser.parse(Parser.java:282)
	at org.h2.command.Parser.prepareCommand(Parser.java:243)
	at org.h2.engine.Session.prepareLocal(Session.java:442)
	at org.h2.engine.Session.prepareCommand(Session.java:384)
	at org.h2.jdbc.JdbcConnection.prepareCommand(JdbcConnection.java:1188)
	at org.h2.jdbc.JdbcPreparedStatement.&lt;init&gt;(JdbcPreparedStatement.java:73)
	at org.h2.jdbc.JdbcConnection.prepareStatement(JdbcConnection.java:276)
	at sun.reflect.GeneratedMethodAccessor6.invoke(Unknown Source)
	at sun.reflect.DelegatingMethodAccessorImpl.invoke(DelegatingMethodAccessorImpl.java:43)
	at java.lang.reflect.Method.invoke(Method.java:498)
	at org.apache.ibatis.datasource.pooled.PooledConnection.invoke(PooledConnection.java:245)
	at com.sun.proxy.$Proxy12.prepareStatement(Unknown Source)
	at sun.reflect.GeneratedMethodAccessor6.invoke(Unknown Source)
	at sun.reflect.DelegatingMethodAccessorImpl.invoke(DelegatingMethodAccessorImpl.java:43)
	at java.lang.reflect.Method.invoke(Method.java:498)
	at org.apache.ibatis.logging.jdbc.ConnectionLogger.invoke(ConnectionLogger.java:55)
	at com.sun.proxy.$Proxy12.prepareStatement(Unknown Source)
	at org.apache.ibatis.executor.statement.PreparedStatementHandler.instantiateStatement(PreparedStatementHandler.java:79)
	at org.apache.ibatis.executor.statement.BaseStatementHandler.prepare(BaseStatementHandler.java:88)
	at org.apache.ibatis.executor.statement.RoutingStatementHandler.prepare(RoutingStatementHandler.java:58)
	at org.apache.ibatis.executor.SimpleExecutor.prepareStatement(SimpleExecutor.java:76)
	at org.apache.ibatis.executor.SimpleExecutor.doQuery(SimpleExecutor.java:61)
	at org.apache.ibatis.executor.BaseExecutor.queryFromDatabase(BaseExecutor.java:303)
	at org.apache.ibatis.executor.BaseExecutor.query(BaseExecutor.java:154)
	at org.apache.ibatis.executor.CachingExecutor.query(CachingExecutor.java:102)
	at org.apache.ibatis.executor.CachingExecutor.query(CachingExecutor.java:82)
	at org.apache.ibatis.session.defaults.DefaultSqlSession.selectList(DefaultSqlSession.java:120)
	... 40 more
</error>
    <system-out>10:45:10,912 [main] DEBUG org.activiti.engine.impl.interceptor.LogInterceptor  - 

10:45:10,912 [main] DEBUG org.activiti.engine.impl.interceptor.LogInterceptor  - --- starting CreateUserCmd --------------------------------------------------------
10:45:10,912 [main] DEBUG org.activiti.engine.impl.cfg.standalone.StandaloneMybatisTransactionContext  - firing event committing...
10:45:10,912 [main] DEBUG org.activiti.engine.impl.cfg.standalone.StandaloneMybatisTransactionContext  - committing the ibatis sql session...
10:45:10,912 [main] DEBUG org.activiti.engine.impl.cfg.standalone.StandaloneMybatisTransactionContext  - firing event committed...
10:45:10,912 [main] DEBUG org.activiti.engine.impl.interceptor.LogInterceptor  - --- CreateUserCmd finished --------------------------------------------------------
10:45:10,912 [main] DEBUG org.activiti.engine.impl.interceptor.LogInterceptor  - 

10:45:10,912 [main] DEBUG org.activiti.engine.impl.interceptor.LogInterceptor  - 

10:45:10,912 [main] DEBUG org.activiti.engine.impl.interceptor.LogInterceptor  - --- starting SaveUserCmd --------------------------------------------------------
10:45:10,912 [main] DEBUG org.activiti.engine.impl.db.DbSqlSession  -   insert org.activiti.engine.impl.persistence.entity.UserEntity@6dccdc50
10:45:10,912 [main] DEBUG org.activiti.engine.impl.db.DbSqlSession  - flush summary: 1 insert, 0 update, 0 delete.
10:45:10,912 [main] DEBUG org.activiti.engine.impl.db.DbSqlSession  - now executing flush...
10:45:10,912 [main] DEBUG org.activiti.engine.impl.db.DbSqlSession  - inserting: org.activiti.engine.impl.persistence.entity.UserEntity@6dccdc50
10:45:10,912 [main] DEBUG org.apache.ibatis.transaction.jdbc.JdbcTransaction  - Opening JDBC Connection
10:45:10,912 [main] DEBUG org.apache.ibatis.datasource.pooled.PooledDataSource  - Checked out connection 363509958 from pool.
10:45:10,912 [main] DEBUG org.apache.ibatis.transaction.jdbc.JdbcTransaction  - Setting autocommit to false on JDBC Connection [conn2: url=jdbc:h2:mem:activiti user=SA]
10:45:10,912 [main] DEBUG org.activiti.engine.impl.persistence.entity.UserEntity.insertUser  - ==&gt;  Preparing: insert into ACT_ID_USER (ID_, REV_, FIRST_, LAST_, EMAIL_, PWD_) values ( ?, 1, ?, ?, ?, ? ) 
10:45:10,912 [main] DEBUG org.activiti.engine.impl.persistence.entity.UserEntity.insertUser  - ==&gt; Parameters: kermit(String), null, null, null, null
10:45:10,912 [main] DEBUG org.activiti.engine.impl.persistence.entity.UserEntity.insertUser  - &lt;==    Updates: 1
10:45:10,912 [main] DEBUG org.activiti.engine.impl.cfg.standalone.StandaloneMybatisTransactionContext  - firing event committing...
10:45:10,912 [main] DEBUG org.activiti.engine.impl.cfg.standalone.StandaloneMybatisTransactionContext  - committing the ibatis sql session...
10:45:10,912 [main] DEBUG org.apache.ibatis.transaction.jdbc.JdbcTransaction  - Committing JDBC Connection [conn2: url=jdbc:h2:mem:activiti user=SA]
10:45:10,912 [main] DEBUG org.activiti.engine.impl.cfg.standalone.StandaloneMybatisTransactionContext  - firing event committed...
10:45:10,912 [main] DEBUG org.apache.ibatis.transaction.jdbc.JdbcTransaction  - Resetting autocommit to true on JDBC Connection [conn2: url=jdbc:h2:mem:activiti user=SA]
10:45:10,912 [main] DEBUG org.apache.ibatis.transaction.jdbc.JdbcTransaction  - Closing JDBC Connection [conn2: url=jdbc:h2:mem:activiti user=SA]
10:45:10,912 [main] DEBUG org.apache.ibatis.datasource.pooled.PooledDataSource  - Returned connection 363509958 to pool.
10:45:10,912 [main] DEBUG org.activiti.engine.impl.interceptor.LogInterceptor  - --- SaveUserCmd finished --------------------------------------------------------
10:45:10,912 [main] DEBUG org.activiti.engine.impl.interceptor.LogInterceptor  - 

10:45:10,912 [main] DEBUG org.activiti.engine.impl.interceptor.LogInterceptor  - 

10:45:10,912 [main] DEBUG org.activiti.engine.impl.interceptor.LogInterceptor  - --- starting CreateUserCmd --------------------------------------------------------
10:45:10,912 [main] DEBUG org.activiti.engine.impl.cfg.standalone.StandaloneMybatisTransactionContext  - firing event committing...
10:45:10,912 [main] DEBUG org.activiti.engine.impl.cfg.standalone.StandaloneMybatisTransactionContext  - committing the ibatis sql session...
10:45:10,912 [main] DEBUG org.activiti.engine.impl.cfg.standalone.StandaloneMybatisTransactionContext  - firing event committed...
10:45:10,912 [main] DEBUG org.activiti.engine.impl.interceptor.LogInterceptor  - --- CreateUserCmd finished --------------------------------------------------------
10:45:10,912 [main] DEBUG org.activiti.engine.impl.interceptor.LogInterceptor  - 

10:45:10,912 [main] DEBUG org.activiti.engine.impl.interceptor.LogInterceptor  - 

10:45:10,912 [main] DEBUG org.activiti.engine.impl.interceptor.LogInterceptor  - --- starting SaveUserCmd --------------------------------------------------------
10:45:10,912 [main] DEBUG org.activiti.engine.impl.db.DbSqlSession  -   insert org.activiti.engine.impl.persistence.entity.UserEntity@59456e1
10:45:10,912 [main] DEBUG org.activiti.engine.impl.db.DbSqlSession  - flush summary: 1 insert, 0 update, 0 delete.
10:45:10,912 [main] DEBUG org.activiti.engine.impl.db.DbSqlSession  - now executing flush...
10:45:10,912 [main] DEBUG org.activiti.engine.impl.db.DbSqlSession  - inserting: org.activiti.engine.impl.persistence.entity.UserEntity@59456e1
10:45:10,912 [main] DEBUG org.apache.ibatis.transaction.jdbc.JdbcTransaction  - Opening JDBC Connection
10:45:10,912 [main] DEBUG org.apache.ibatis.datasource.pooled.PooledDataSource  - Checked out connection 297240765 from pool.
10:45:10,912 [main] DEBUG org.apache.ibatis.transaction.jdbc.JdbcTransaction  - Setting autocommit to false on JDBC Connection [conn4: url=jdbc:h2:mem:activiti user=SA]
10:45:10,912 [main] DEBUG org.activiti.engine.impl.persistence.entity.UserEntity.insertUser  - ==&gt;  Preparing: insert into ACT_ID_USER (ID_, REV_, FIRST_, LAST_, EMAIL_, PWD_) values ( ?, 1, ?, ?, ?, ? ) 
10:45:10,912 [main] DEBUG org.activiti.engine.impl.persistence.entity.UserEntity.insertUser  - ==&gt; Parameters: gonzo(String), null, null, null, null
10:45:10,912 [main] DEBUG org.activiti.engine.impl.persistence.entity.UserEntity.insertUser  - &lt;==    Updates: 1
10:45:10,912 [main] DEBUG org.activiti.engine.impl.cfg.standalone.StandaloneMybatisTransactionContext  - firing event committing...
10:45:10,912 [main] DEBUG org.activiti.engine.impl.cfg.standalone.StandaloneMybatisTransactionContext  - committing the ibatis sql session...
10:45:10,912 [main] DEBUG org.apache.ibatis.transaction.jdbc.JdbcTransaction  - Committing JDBC Connection [conn4: url=jdbc:h2:mem:activiti user=SA]
10:45:10,912 [main] DEBUG org.activiti.engine.impl.cfg.standalone.StandaloneMybatisTransactionContext  - firing event committed...
10:45:10,912 [main] DEBUG org.apache.ibatis.transaction.jdbc.JdbcTransaction  - Resetting autocommit to true on JDBC Connection [conn4: url=jdbc:h2:mem:activiti user=SA]
10:45:10,912 [main] DEBUG org.apache.ibatis.transaction.jdbc.JdbcTransaction  - Closing JDBC Connection [conn4: url=jdbc:h2:mem:activiti user=SA]
10:45:10,912 [main] DEBUG org.apache.ibatis.datasource.pooled.PooledDataSource  - Returned connection 297240765 to pool.
10:45:10,912 [main] DEBUG org.activiti.engine.impl.interceptor.LogInterceptor  - --- SaveUserCmd finished --------------------------------------------------------
10:45:10,912 [main] DEBUG org.activiti.engine.impl.interceptor.LogInterceptor  - 

10:45:10,912 [main] DEBUG org.activiti.engine.impl.interceptor.LogInterceptor  - 

10:45:10,912 [main] DEBUG org.activiti.engine.impl.interceptor.LogInterceptor  - --- starting CreateGroupCmd --------------------------------------------------------
10:45:10,912 [main] DEBUG org.activiti.engine.impl.cfg.standalone.StandaloneMybatisTransactionContext  - firing event committing...
10:45:10,912 [main] DEBUG org.activiti.engine.impl.cfg.standalone.StandaloneMybatisTransactionContext  - committing the ibatis sql session...
10:45:10,912 [main] DEBUG org.activiti.engine.impl.cfg.standalone.StandaloneMybatisTransactionContext  - firing event committed...
10:45:10,912 [main] DEBUG org.activiti.engine.impl.interceptor.LogInterceptor  - --- CreateGroupCmd finished --------------------------------------------------------
10:45:10,912 [main] DEBUG org.activiti.engine.impl.interceptor.LogInterceptor  - 

10:45:10,912 [main] DEBUG org.activiti.engine.impl.interceptor.LogInterceptor  - 

10:45:10,912 [main] DEBUG org.activiti.engine.impl.interceptor.LogInterceptor  - --- starting SaveGroupCmd --------------------------------------------------------
10:45:10,912 [main] DEBUG org.activiti.engine.impl.db.DbSqlSession  -   insert org.activiti.engine.impl.persistence.entity.GroupEntity@7a8dbbf1
10:45:10,912 [main] DEBUG org.activiti.engine.impl.db.DbSqlSession  - flush summary: 1 insert, 0 update, 0 delete.
10:45:10,912 [main] DEBUG org.activiti.engine.impl.db.DbSqlSession  - now executing flush...
10:45:10,912 [main] DEBUG org.activiti.engine.impl.db.DbSqlSession  - inserting: org.activiti.engine.impl.persistence.entity.GroupEntity@7a8dbbf1
10:45:10,912 [main] DEBUG org.apache.ibatis.transaction.jdbc.JdbcTransaction  - Opening JDBC Connection
10:45:10,912 [main] DEBUG org.apache.ibatis.datasource.pooled.PooledDataSource  - Checked out connection 486346394 from pool.
10:45:10,912 [main] DEBUG org.apache.ibatis.transaction.jdbc.JdbcTransaction  - Setting autocommit to false on JDBC Connection [conn6: url=jdbc:h2:mem:activiti user=SA]
10:45:10,912 [main] DEBUG org.activiti.engine.impl.persistence.entity.GroupEntity.insertGroup  - ==&gt;  Preparing: insert into ACT_ID_GROUP (ID_, REV_, NAME_, TYPE_) values ( ?, 1, ?, ? ) 
10:45:10,912 [main] DEBUG org.activiti.engine.impl.persistence.entity.GroupEntity.insertGroup  - ==&gt; Parameters: management(String), null, null
10:45:10,912 [main] DEBUG org.activiti.engine.impl.persistence.entity.GroupEntity.insertGroup  - &lt;==    Updates: 1
10:45:10,912 [main] DEBUG org.activiti.engine.impl.cfg.standalone.StandaloneMybatisTransactionContext  - firing event committing...
10:45:10,912 [main] DEBUG org.activiti.engine.impl.cfg.standalone.StandaloneMybatisTransactionContext  - committing the ibatis sql session...
10:45:10,912 [main] DEBUG org.apache.ibatis.transaction.jdbc.JdbcTransaction  - Committing JDBC Connection [conn6: url=jdbc:h2:mem:activiti user=SA]
10:45:10,912 [main] DEBUG org.activiti.engine.impl.cfg.standalone.StandaloneMybatisTransactionContext  - firing event committed...
10:45:10,912 [main] DEBUG org.apache.ibatis.transaction.jdbc.JdbcTransaction  - Resetting autocommit to true on JDBC Connection [conn6: url=jdbc:h2:mem:activiti user=SA]
10:45:10,912 [main] DEBUG org.apache.ibatis.transaction.jdbc.JdbcTransaction  - Closing JDBC Connection [conn6: url=jdbc:h2:mem:activiti user=SA]
10:45:10,912 [main] DEBUG org.apache.ibatis.datasource.pooled.PooledDataSource  - Returned connection 486346394 to pool.
10:45:10,912 [main] DEBUG org.activiti.engine.impl.interceptor.LogInterceptor  - --- SaveGroupCmd finished --------------------------------------------------------
10:45:10,912 [main] DEBUG org.activiti.engine.impl.interceptor.LogInterceptor  - 

10:45:10,912 [main] DEBUG org.activiti.engine.impl.interceptor.LogInterceptor  - 

10:45:10,912 [main] DEBUG org.activiti.engine.impl.interceptor.LogInterceptor  - --- starting CreateGroupCmd --------------------------------------------------------
10:45:10,912 [main] DEBUG org.activiti.engine.impl.cfg.standalone.StandaloneMybatisTransactionContext  - firing event committing...
10:45:10,912 [main] DEBUG org.activiti.engine.impl.cfg.standalone.StandaloneMybatisTransactionContext  - committing the ibatis sql session...
10:45:10,912 [main] DEBUG org.activiti.engine.impl.cfg.standalone.StandaloneMybatisTransactionContext  - firing event committed...
10:45:10,912 [main] DEBUG org.activiti.engine.impl.interceptor.LogInterceptor  - --- CreateGroupCmd finished --------------------------------------------------------
10:45:10,912 [main] DEBUG org.activiti.engine.impl.interceptor.LogInterceptor  - 

10:45:10,912 [main] DEBUG org.activiti.engine.impl.interceptor.LogInterceptor  - 

10:45:10,912 [main] DEBUG org.activiti.engine.impl.interceptor.LogInterceptor  - --- starting SaveGroupCmd --------------------------------------------------------
10:45:10,912 [main] DEBUG org.activiti.engine.impl.db.DbSqlSession  -   insert org.activiti.engine.impl.persistence.entity.GroupEntity@71ad1d0b
10:45:10,912 [main] DEBUG org.activiti.engine.impl.db.DbSqlSession  - flush summary: 1 insert, 0 update, 0 delete.
10:45:10,912 [main] DEBUG org.activiti.engine.impl.db.DbSqlSession  - now executing flush...
10:45:10,913 [main] DEBUG org.activiti.engine.impl.db.DbSqlSession  - inserting: org.activiti.engine.impl.persistence.entity.GroupEntity@71ad1d0b
10:45:10,913 [main] DEBUG org.apache.ibatis.transaction.jdbc.JdbcTransaction  - Opening JDBC Connection
10:45:10,913 [main] DEBUG org.apache.ibatis.datasource.pooled.PooledDataSource  - Checked out connection 180014677 from pool.
10:45:10,913 [main] DEBUG org.apache.ibatis.transaction.jdbc.JdbcTransaction  - Setting autocommit to false on JDBC Connection [conn3: url=jdbc:h2:mem:activiti user=SA]
10:45:10,913 [main] DEBUG org.activiti.engine.impl.persistence.entity.GroupEntity.insertGroup  - ==&gt;  Preparing: insert into ACT_ID_GROUP (ID_, REV_, NAME_, TYPE_) values ( ?, 1, ?, ? ) 
10:45:10,913 [main] DEBUG org.activiti.engine.impl.persistence.entity.GroupEntity.insertGroup  - ==&gt; Parameters: accountancy(String), null, null
10:45:10,913 [main] DEBUG org.activiti.engine.impl.persistence.entity.GroupEntity.insertGroup  - &lt;==    Updates: 1
10:45:10,913 [main] DEBUG org.activiti.engine.impl.cfg.standalone.StandaloneMybatisTransactionContext  - firing event committing...
10:45:10,913 [main] DEBUG org.activiti.engine.impl.cfg.standalone.StandaloneMybatisTransactionContext  - committing the ibatis sql session...
10:45:10,913 [main] DEBUG org.apache.ibatis.transaction.jdbc.JdbcTransaction  - Committing JDBC Connection [conn3: url=jdbc:h2:mem:activiti user=SA]
10:45:10,913 [main] DEBUG org.activiti.engine.impl.cfg.standalone.StandaloneMybatisTransactionContext  - firing event committed...
10:45:10,913 [main] DEBUG org.apache.ibatis.transaction.jdbc.JdbcTransaction  - Resetting autocommit to true on JDBC Connection [conn3: url=jdbc:h2:mem:activiti user=SA]
10:45:10,913 [main] DEBUG org.apache.ibatis.transaction.jdbc.JdbcTransaction  - Closing JDBC Connection [conn3: url=jdbc:h2:mem:activiti user=SA]
10:45:10,913 [main] DEBUG org.apache.ibatis.datasource.pooled.PooledDataSource  - Returned connection 180014677 to pool.
10:45:10,913 [main] DEBUG org.activiti.engine.impl.interceptor.LogInterceptor  - --- SaveGroupCmd finished --------------------------------------------------------
10:45:10,913 [main] DEBUG org.activiti.engine.impl.interceptor.LogInterceptor  - 

10:45:10,913 [main] DEBUG org.activiti.engine.impl.interceptor.LogInterceptor  - 

10:45:10,913 [main] DEBUG org.activiti.engine.impl.interceptor.LogInterceptor  - --- starting CreateMembershipCmd --------------------------------------------------------
10:45:10,913 [main] DEBUG org.activiti.engine.impl.db.DbSqlSession  -   insert org.activiti.engine.impl.persistence.entity.MembershipEntity@7a087132
10:45:10,913 [main] DEBUG org.activiti.engine.impl.db.DbSqlSession  - flush summary: 1 insert, 0 update, 0 delete.
10:45:10,913 [main] DEBUG org.activiti.engine.impl.db.DbSqlSession  - now executing flush...
10:45:10,913 [main] DEBUG org.activiti.engine.impl.db.DbSqlSession  - inserting: org.activiti.engine.impl.persistence.entity.MembershipEntity@7a087132
10:45:10,913 [main] DEBUG org.apache.ibatis.transaction.jdbc.JdbcTransaction  - Opening JDBC Connection
10:45:10,913 [main] DEBUG org.apache.ibatis.datasource.pooled.PooledDataSource  - Checked out connection 363509958 from pool.
10:45:10,913 [main] DEBUG org.apache.ibatis.transaction.jdbc.JdbcTransaction  - Setting autocommit to false on JDBC Connection [conn2: url=jdbc:h2:mem:activiti user=SA]
10:45:10,913 [main] DEBUG org.activiti.engine.impl.persistence.entity.MembershipRelation.insertMembership  - ==&gt;  Preparing: insert into ACT_ID_MEMBERSHIP (USER_ID_, GROUP_ID_) values ( ?, ? ) 
10:45:10,913 [main] DEBUG org.activiti.engine.impl.persistence.entity.MembershipRelation.insertMembership  - ==&gt; Parameters: kermit(String), management(String)
10:45:10,913 [main] DEBUG org.activiti.engine.impl.persistence.entity.MembershipRelation.insertMembership  - &lt;==    Updates: 1
10:45:10,913 [main] DEBUG org.activiti.engine.impl.cfg.standalone.StandaloneMybatisTransactionContext  - firing event committing...
10:45:10,913 [main] DEBUG org.activiti.engine.impl.cfg.standalone.StandaloneMybatisTransactionContext  - committing the ibatis sql session...
10:45:10,913 [main] DEBUG org.apache.ibatis.transaction.jdbc.JdbcTransaction  - Committing JDBC Connection [conn2: url=jdbc:h2:mem:activiti user=SA]
10:45:10,913 [main] DEBUG org.activiti.engine.impl.cfg.standalone.StandaloneMybatisTransactionContext  - firing event committed...
10:45:10,913 [main] DEBUG org.apache.ibatis.transaction.jdbc.JdbcTransaction  - Resetting autocommit to true on JDBC Connection [conn2: url=jdbc:h2:mem:activiti user=SA]
10:45:10,913 [main] DEBUG org.apache.ibatis.transaction.jdbc.JdbcTransaction  - Closing JDBC Connection [conn2: url=jdbc:h2:mem:activiti user=SA]
10:45:10,913 [main] DEBUG org.apache.ibatis.datasource.pooled.PooledDataSource  - Returned connection 363509958 to pool.
10:45:10,913 [main] DEBUG org.activiti.engine.impl.interceptor.LogInterceptor  - --- CreateMembershipCmd finished --------------------------------------------------------
10:45:10,913 [main] DEBUG org.activiti.engine.impl.interceptor.LogInterceptor  - 

10:45:10,913 [main] DEBUG org.activiti.engine.impl.interceptor.LogInterceptor  - 

10:45:10,913 [main] DEBUG org.activiti.engine.impl.interceptor.LogInterceptor  - --- starting CreateMembershipCmd --------------------------------------------------------
10:45:10,913 [main] DEBUG org.activiti.engine.impl.db.DbSqlSession  -   insert org.activiti.engine.impl.persistence.entity.MembershipEntity@5d8c03cc
10:45:10,913 [main] DEBUG org.activiti.engine.impl.db.DbSqlSession  - flush summary: 1 insert, 0 update, 0 delete.
10:45:10,913 [main] DEBUG org.activiti.engine.impl.db.DbSqlSession  - now executing flush...
10:45:10,913 [main] DEBUG org.activiti.engine.impl.db.DbSqlSession  - inserting: org.activiti.engine.impl.persistence.entity.MembershipEntity@5d8c03cc
10:45:10,913 [main] DEBUG org.apache.ibatis.transaction.jdbc.JdbcTransaction  - Opening JDBC Connection
10:45:10,913 [main] DEBUG org.apache.ibatis.datasource.pooled.PooledDataSource  - Checked out connection 297240765 from pool.
10:45:10,913 [main] DEBUG org.apache.ibatis.transaction.jdbc.JdbcTransaction  - Setting autocommit to false on JDBC Connection [conn4: url=jdbc:h2:mem:activiti user=SA]
10:45:10,913 [main] DEBUG org.activiti.engine.impl.persistence.entity.MembershipRelation.insertMembership  - ==&gt;  Preparing: insert into ACT_ID_MEMBERSHIP (USER_ID_, GROUP_ID_) values ( ?, ? ) 
10:45:10,913 [main] DEBUG org.activiti.engine.impl.persistence.entity.MembershipRelation.insertMembership  - ==&gt; Parameters: kermit(String), accountancy(String)
10:45:10,913 [main] DEBUG org.activiti.engine.impl.persistence.entity.MembershipRelation.insertMembership  - &lt;==    Updates: 1
10:45:10,913 [main] DEBUG org.activiti.engine.impl.cfg.standalone.StandaloneMybatisTransactionContext  - firing event committing...
10:45:10,913 [main] DEBUG org.activiti.engine.impl.cfg.standalone.StandaloneMybatisTransactionContext  - committing the ibatis sql session...
10:45:10,913 [main] DEBUG org.apache.ibatis.transaction.jdbc.JdbcTransaction  - Committing JDBC Connection [conn4: url=jdbc:h2:mem:activiti user=SA]
10:45:10,913 [main] DEBUG org.activiti.engine.impl.cfg.standalone.StandaloneMybatisTransactionContext  - firing event committed...
10:45:10,913 [main] DEBUG org.apache.ibatis.transaction.jdbc.JdbcTransaction  - Resetting autocommit to true on JDBC Connection [conn4: url=jdbc:h2:mem:activiti user=SA]
10:45:10,913 [main] DEBUG org.apache.ibatis.transaction.jdbc.JdbcTransaction  - Closing JDBC Connection [conn4: url=jdbc:h2:mem:activiti user=SA]
10:45:10,913 [main] DEBUG org.apache.ibatis.datasource.pooled.PooledDataSource  - Returned connection 297240765 to pool.
10:45:10,913 [main] DEBUG org.activiti.engine.impl.interceptor.LogInterceptor  - --- CreateMembershipCmd finished --------------------------------------------------------
10:45:10,913 [main] DEBUG org.activiti.engine.impl.interceptor.LogInterceptor  - 

10:45:10,913 [main] DEBUG org.activiti.engine.impl.interceptor.LogInterceptor  - 

10:45:10,913 [main] DEBUG org.activiti.engine.impl.interceptor.LogInterceptor  - --- starting NewTaskCmd --------------------------------------------------------
10:45:10,913 [main] DEBUG org.activiti.engine.impl.cfg.standalone.StandaloneMybatisTransactionContext  - firing event committing...
10:45:10,913 [main] DEBUG org.activiti.engine.impl.cfg.standalone.StandaloneMybatisTransactionContext  - committing the ibatis sql session...
10:45:10,913 [main] DEBUG org.activiti.engine.impl.cfg.standalone.StandaloneMybatisTransactionContext  - firing event committed...
10:45:10,913 [main] DEBUG org.activiti.engine.impl.interceptor.LogInterceptor  - --- NewTaskCmd finished --------------------------------------------------------
10:45:10,913 [main] DEBUG org.activiti.engine.impl.interceptor.LogInterceptor  - 

10:45:10,913 [main] DEBUG org.activiti.engine.impl.interceptor.LogInterceptor  - 

10:45:10,913 [main] DEBUG org.activiti.engine.impl.interceptor.LogInterceptor  - --- starting SaveTaskCmd --------------------------------------------------------
10:45:10,913 [main] DEBUG org.activiti.engine.impl.history.DefaultHistoryManager  - Current history level: FULL, level required: AUDIT
10:45:10,913 [main] DEBUG org.activiti.engine.impl.db.DbSqlSession  -   insert Task[id=854, name=rootTestTask]
10:45:10,913 [main] DEBUG org.activiti.engine.impl.db.DbSqlSession  -   insert HistoricTaskInstanceEntity[id=854, name=rootTestTask]
10:45:10,913 [main] DEBUG org.activiti.engine.impl.db.DbSqlSession  - flush summary: 2 insert, 0 update, 0 delete.
10:45:10,913 [main] DEBUG org.activiti.engine.impl.db.DbSqlSession  - now executing flush...
10:45:10,913 [main] DEBUG org.activiti.engine.impl.db.DbSqlSession  - inserting: HistoricTaskInstanceEntity[id=854, name=rootTestTask]
10:45:10,913 [main] DEBUG org.apache.ibatis.transaction.jdbc.JdbcTransaction  - Opening JDBC Connection
10:45:10,913 [main] DEBUG org.apache.ibatis.datasource.pooled.PooledDataSource  - Checked out connection 486346394 from pool.
10:45:10,913 [main] DEBUG org.apache.ibatis.transaction.jdbc.JdbcTransaction  - Setting autocommit to false on JDBC Connection [conn6: url=jdbc:h2:mem:activiti user=SA]
10:45:10,913 [main] DEBUG org.activiti.engine.impl.persistence.entity.HistoricTaskInstanceEntity.insertHistoricTaskInstance  - ==&gt;  Preparing: insert into ACT_HI_TASKINST ( ID_, PROC_DEF_ID_, PROC_INST_ID_, EXECUTION_ID_, NAME_, PARENT_TASK_ID_, DESCRIPTION_, OWNER_, ASSIGNEE_, START_TIME_, CLAIM_TIME_, END_TIME_, DURATION_, DELETE_REASON_, TASK_DEF_KEY_, FORM_KEY_, PRIORITY_, DUE_DATE_, CATEGORY_, TENANT_ID_ ) values ( ?, ?, ?, ?, ?, ?, ?, ?, ?, ?, ?, ?, ?, ?, ?, ?, ?, ?, ?, ? ) 
10:45:10,913 [main] DEBUG org.activiti.engine.impl.persistence.entity.HistoricTaskInstanceEntity.insertHistoricTaskInstance  - ==&gt; Parameters: 854(String), null, null, null, rootTestTask(String), null, rootTestTask description(String), null, null, 2008-01-01 01:01:01.0(Timestamp), null, null, null, null, null, null, 50(Integer), null, null, (String)
10:45:10,913 [main] DEBUG org.activiti.engine.impl.persistence.entity.HistoricTaskInstanceEntity.insertHistoricTaskInstance  - &lt;==    Updates: 1
10:45:10,913 [main] DEBUG org.activiti.engine.impl.db.DbSqlSession  - inserting: Task[id=854, name=rootTestTask]
10:45:10,913 [main] DEBUG org.activiti.engine.impl.persistence.entity.TaskEntity.insertTask  - ==&gt;  Preparing: insert into ACT_RU_TASK (ID_, REV_, NAME_, PARENT_TASK_ID_, DESCRIPTION_, PRIORITY_, CREATE_TIME_, OWNER_, ASSIGNEE_, DELEGATION_, EXECUTION_ID_, PROC_INST_ID_, PROC_DEF_ID_, TASK_DEF_KEY_, DUE_DATE_, CATEGORY_, SUSPENSION_STATE_, TENANT_ID_, FORM_KEY_) values (?, 1, ?, ?, ?, ?, ?, ?, ?, ?, ?, ?, ?, ?, ?, ?, ?, ?, ? ) 
10:45:10,913 [main] DEBUG org.activiti.engine.impl.persistence.entity.TaskEntity.insertTask  - ==&gt; Parameters: 854(String), rootTestTask(String), null, rootTestTask description(String), 50(Integer), 2008-01-01 01:01:01.0(Timestamp), null, null, null, null, null, null, null, null, null, 1(Integer), (String), null
10:45:10,913 [main] DEBUG org.activiti.engine.impl.persistence.entity.TaskEntity.insertTask  - &lt;==    Updates: 1
10:45:10,913 [main] DEBUG org.activiti.engine.impl.cfg.standalone.StandaloneMybatisTransactionContext  - firing event committing...
10:45:10,913 [main] DEBUG org.activiti.engine.impl.cfg.standalone.StandaloneMybatisTransactionContext  - committing the ibatis sql session...
10:45:10,913 [main] DEBUG org.apache.ibatis.transaction.jdbc.JdbcTransaction  - Committing JDBC Connection [conn6: url=jdbc:h2:mem:activiti user=SA]
10:45:10,913 [main] DEBUG org.activiti.engine.impl.cfg.standalone.StandaloneMybatisTransactionContext  - firing event committed...
10:45:10,913 [main] DEBUG org.apache.ibatis.transaction.jdbc.JdbcTransaction  - Resetting autocommit to true on JDBC Connection [conn6: url=jdbc:h2:mem:activiti user=SA]
10:45:10,913 [main] DEBUG org.apache.ibatis.transaction.jdbc.JdbcTransaction  - Closing JDBC Connection [conn6: url=jdbc:h2:mem:activiti user=SA]
10:45:10,913 [main] DEBUG org.apache.ibatis.datasource.pooled.PooledDataSource  - Returned connection 486346394 to pool.
10:45:10,913 [main] DEBUG org.activiti.engine.impl.interceptor.LogInterceptor  - --- SaveTaskCmd finished --------------------------------------------------------
10:45:10,913 [main] DEBUG org.activiti.engine.impl.interceptor.LogInterceptor  - 

10:45:10,913 [main] DEBUG org.activiti.engine.impl.interceptor.LogInterceptor  - 

10:45:10,913 [main] DEBUG org.activiti.engine.impl.interceptor.LogInterceptor  - --- starting AddIdentityLinkCmd --------------------------------------------------------
10:45:10,913 [main] DEBUG org.apache.ibatis.transaction.jdbc.JdbcTransaction  - Opening JDBC Connection
10:45:10,913 [main] DEBUG org.apache.ibatis.datasource.pooled.PooledDataSource  - Checked out connection 180014677 from pool.
10:45:10,913 [main] DEBUG org.apache.ibatis.transaction.jdbc.JdbcTransaction  - Setting autocommit to false on JDBC Connection [conn3: url=jdbc:h2:mem:activiti user=SA]
10:45:10,913 [main] DEBUG org.activiti.engine.impl.persistence.entity.TaskEntity.selectTask  - ==&gt;  Preparing: select * from ACT_RU_TASK where ID_ = ? 
10:45:10,913 [main] DEBUG org.activiti.engine.impl.persistence.entity.TaskEntity.selectTask  - ==&gt; Parameters: 854(String)
10:45:10,913 [main] DEBUG org.activiti.engine.impl.persistence.entity.TaskEntity.selectTask  - &lt;==      Total: 1
10:45:10,913 [main] DEBUG org.activiti.engine.impl.persistence.entity.IdentityLinkEntity.selectIdentityLinksByTask  - ==&gt;  Preparing: select * from ACT_RU_IDENTITYLINK where TASK_ID_ = ? 
10:45:10,913 [main] DEBUG org.activiti.engine.impl.persistence.entity.IdentityLinkEntity.selectIdentityLinksByTask  - ==&gt; Parameters: 854(String)
10:45:10,913 [main] DEBUG org.activiti.engine.impl.persistence.entity.IdentityLinkEntity.selectIdentityLinksByTask  - &lt;==      Total: 0
10:45:10,913 [main] DEBUG org.activiti.engine.impl.history.DefaultHistoryManager  - Current history level: FULL, level required: AUDIT
10:45:10,913 [main] DEBUG org.activiti.engine.impl.history.DefaultHistoryManager  - Current history level: FULL
10:45:10,913 [main] DEBUG org.activiti.engine.impl.history.DefaultHistoryManager  - Current history level: FULL
10:45:10,913 [main] DEBUG org.activiti.engine.impl.db.DbSqlSession  -   insert org.activiti.engine.impl.persistence.entity.HistoricIdentityLinkEntity@4a4979bf
10:45:10,913 [main] DEBUG org.activiti.engine.impl.db.DbSqlSession  -   insert IdentityLinkEntity[id=855, type=candidate, userId=kermit, taskId=854]
10:45:10,913 [main] DEBUG org.activiti.engine.impl.db.DbSqlSession  -   insert org.activiti.engine.impl.persistence.entity.CommentEntity@539570b8
10:45:10,913 [main] DEBUG org.activiti.engine.impl.db.DbSqlSession  - flush summary: 3 insert, 0 update, 0 delete.
10:45:10,913 [main] DEBUG org.activiti.engine.impl.db.DbSqlSession  - now executing flush...
10:45:10,913 [main] DEBUG org.activiti.engine.impl.db.DbSqlSession  - inserting: org.activiti.engine.impl.persistence.entity.HistoricIdentityLinkEntity@4a4979bf
10:45:10,913 [main] DEBUG org.activiti.engine.impl.persistence.entity.HistoricIdentityLinkEntity.insertHistoricIdentityLink  - ==&gt;  Preparing: insert into ACT_HI_IDENTITYLINK (ID_, TYPE_, USER_ID_, GROUP_ID_, TASK_ID_, PROC_INST_ID_) values (?, ?, ?, ?, ?, ?) 
10:45:10,913 [main] DEBUG org.activiti.engine.impl.persistence.entity.HistoricIdentityLinkEntity.insertHistoricIdentityLink  - ==&gt; Parameters: 855(String), candidate(String), kermit(String), null, 854(String), null
10:45:10,913 [main] DEBUG org.activiti.engine.impl.persistence.entity.HistoricIdentityLinkEntity.insertHistoricIdentityLink  - &lt;==    Updates: 1
10:45:10,913 [main] DEBUG org.activiti.engine.impl.db.DbSqlSession  - inserting: IdentityLinkEntity[id=855, type=candidate, userId=kermit, taskId=854]
10:45:10,913 [main] DEBUG org.activiti.engine.impl.persistence.entity.IdentityLinkEntity.insertIdentityLink  - ==&gt;  Preparing: insert into ACT_RU_IDENTITYLINK (ID_, REV_, TYPE_, USER_ID_, GROUP_ID_, TASK_ID_, PROC_INST_ID_, PROC_DEF_ID_) values (?, 1, ?, ?, ?, ?, ?, ?) 
10:45:10,913 [main] DEBUG org.activiti.engine.impl.persistence.entity.IdentityLinkEntity.insertIdentityLink  - ==&gt; Parameters: 855(String), candidate(String), kermit(String), null, 854(String), null, null
10:45:10,914 [main] DEBUG org.activiti.engine.impl.persistence.entity.IdentityLinkEntity.insertIdentityLink  - &lt;==    Updates: 1
10:45:10,914 [main] DEBUG org.activiti.engine.impl.db.DbSqlSession  - inserting: org.activiti.engine.impl.persistence.entity.CommentEntity@539570b8
10:45:10,914 [main] DEBUG org.activiti.engine.impl.persistence.entity.CommentEntity.insertComment  - ==&gt;  Preparing: insert into ACT_HI_COMMENT (ID_, TYPE_, TIME_, USER_ID_, TASK_ID_, PROC_INST_ID_, ACTION_, MESSAGE_, FULL_MSG_) values (?, ?, ?, ?, ?, ?, ?, ?, ?) 
10:45:10,914 [main] DEBUG org.activiti.engine.impl.persistence.entity.CommentEntity.insertComment  - ==&gt; Parameters: 856(String), event(String), 2008-01-01 01:01:01.0(Timestamp), null, 854(String), null, AddUserLink(String), kermit_|_candidate(String), null
10:45:10,914 [main] DEBUG org.activiti.engine.impl.persistence.entity.CommentEntity.insertComment  - &lt;==    Updates: 1
10:45:10,914 [main] DEBUG org.activiti.engine.impl.cfg.standalone.StandaloneMybatisTransactionContext  - firing event committing...
10:45:10,914 [main] DEBUG org.activiti.engine.impl.cfg.standalone.StandaloneMybatisTransactionContext  - committing the ibatis sql session...
10:45:10,914 [main] DEBUG org.apache.ibatis.transaction.jdbc.JdbcTransaction  - Committing JDBC Connection [conn3: url=jdbc:h2:mem:activiti user=SA]
10:45:10,914 [main] DEBUG org.activiti.engine.impl.cfg.standalone.StandaloneMybatisTransactionContext  - firing event committed...
10:45:10,914 [main] DEBUG org.apache.ibatis.transaction.jdbc.JdbcTransaction  - Resetting autocommit to true on JDBC Connection [conn3: url=jdbc:h2:mem:activiti user=SA]
10:45:10,914 [main] DEBUG org.apache.ibatis.transaction.jdbc.JdbcTransaction  - Closing JDBC Connection [conn3: url=jdbc:h2:mem:activiti user=SA]
10:45:10,914 [main] DEBUG org.apache.ibatis.datasource.pooled.PooledDataSource  - Returned connection 180014677 to pool.
10:45:10,914 [main] DEBUG org.activiti.engine.impl.interceptor.LogInterceptor  - --- AddIdentityLinkCmd finished --------------------------------------------------------
10:45:10,914 [main] DEBUG org.activiti.engine.impl.interceptor.LogInterceptor  - 

10:45:10,914 [main] DEBUG org.activiti.engine.impl.interceptor.LogInterceptor  - 

10:45:10,914 [main] DEBUG org.activiti.engine.impl.interceptor.LogInterceptor  - --- starting NewTaskCmd --------------------------------------------------------
10:45:10,914 [main] DEBUG org.activiti.engine.impl.cfg.standalone.StandaloneMybatisTransactionContext  - firing event committing...
10:45:10,914 [main] DEBUG org.activiti.engine.impl.cfg.standalone.StandaloneMybatisTransactionContext  - committing the ibatis sql session...
10:45:10,914 [main] DEBUG org.activiti.engine.impl.cfg.standalone.StandaloneMybatisTransactionContext  - firing event committed...
10:45:10,914 [main] DEBUG org.activiti.engine.impl.interceptor.LogInterceptor  - --- NewTaskCmd finished --------------------------------------------------------
10:45:10,914 [main] DEBUG org.activiti.engine.impl.interceptor.LogInterceptor  - 

10:45:10,914 [main] DEBUG org.activiti.engine.impl.interceptor.LogInterceptor  - 

10:45:10,914 [main] DEBUG org.activiti.engine.impl.interceptor.LogInterceptor  - --- starting SaveTaskCmd --------------------------------------------------------
10:45:10,914 [main] DEBUG org.activiti.engine.impl.history.DefaultHistoryManager  - Current history level: FULL, level required: AUDIT
10:45:10,914 [main] DEBUG org.activiti.engine.impl.db.DbSqlSession  -   insert Task[id=857, name=kermitSubTask1]
10:45:10,914 [main] DEBUG org.activiti.engine.impl.db.DbSqlSession  -   insert HistoricTaskInstanceEntity[id=857, name=kermitSubTask1]
10:45:10,914 [main] DEBUG org.activiti.engine.impl.db.DbSqlSession  - flush summary: 2 insert, 0 update, 0 delete.
10:45:10,914 [main] DEBUG org.activiti.engine.impl.db.DbSqlSession  - now executing flush...
10:45:10,914 [main] DEBUG org.activiti.engine.impl.db.DbSqlSession  - inserting: HistoricTaskInstanceEntity[id=857, name=kermitSubTask1]
10:45:10,914 [main] DEBUG org.apache.ibatis.transaction.jdbc.JdbcTransaction  - Opening JDBC Connection
10:45:10,914 [main] DEBUG org.apache.ibatis.datasource.pooled.PooledDataSource  - Checked out connection 363509958 from pool.
10:45:10,914 [main] DEBUG org.apache.ibatis.transaction.jdbc.JdbcTransaction  - Setting autocommit to false on JDBC Connection [conn2: url=jdbc:h2:mem:activiti user=SA]
10:45:10,914 [main] DEBUG org.activiti.engine.impl.persistence.entity.HistoricTaskInstanceEntity.insertHistoricTaskInstance  - ==&gt;  Preparing: insert into ACT_HI_TASKINST ( ID_, PROC_DEF_ID_, PROC_INST_ID_, EXECUTION_ID_, NAME_, PARENT_TASK_ID_, DESCRIPTION_, OWNER_, ASSIGNEE_, START_TIME_, CLAIM_TIME_, END_TIME_, DURATION_, DELETE_REASON_, TASK_DEF_KEY_, FORM_KEY_, PRIORITY_, DUE_DATE_, CATEGORY_, TENANT_ID_ ) values ( ?, ?, ?, ?, ?, ?, ?, ?, ?, ?, ?, ?, ?, ?, ?, ?, ?, ?, ?, ? ) 
10:45:10,914 [main] DEBUG org.activiti.engine.impl.persistence.entity.HistoricTaskInstanceEntity.insertHistoricTaskInstance  - ==&gt; Parameters: 857(String), null, null, null, kermitSubTask1(String), 854(String), description for kermit sub-task1(String), null, null, 2009-01-01 01:01:01.0(Timestamp), null, null, null, null, null, null, 50(Integer), null, null, (String)
10:45:10,914 [main] DEBUG org.activiti.engine.impl.persistence.entity.HistoricTaskInstanceEntity.insertHistoricTaskInstance  - &lt;==    Updates: 1
10:45:10,914 [main] DEBUG org.activiti.engine.impl.db.DbSqlSession  - inserting: Task[id=857, name=kermitSubTask1]
10:45:10,914 [main] DEBUG org.activiti.engine.impl.persistence.entity.TaskEntity.insertTask  - ==&gt;  Preparing: insert into ACT_RU_TASK (ID_, REV_, NAME_, PARENT_TASK_ID_, DESCRIPTION_, PRIORITY_, CREATE_TIME_, OWNER_, ASSIGNEE_, DELEGATION_, EXECUTION_ID_, PROC_INST_ID_, PROC_DEF_ID_, TASK_DEF_KEY_, DUE_DATE_, CATEGORY_, SUSPENSION_STATE_, TENANT_ID_, FORM_KEY_) values (?, 1, ?, ?, ?, ?, ?, ?, ?, ?, ?, ?, ?, ?, ?, ?, ?, ?, ? ) 
10:45:10,914 [main] DEBUG org.activiti.engine.impl.persistence.entity.TaskEntity.insertTask  - ==&gt; Parameters: 857(String), kermitSubTask1(String), 854(String), description for kermit sub-task1(String), 50(Integer), 2009-01-01 01:01:01.0(Timestamp), null, null, null, null, null, null, null, null, null, 1(Integer), (String), null
10:45:10,914 [main] DEBUG org.activiti.engine.impl.persistence.entity.TaskEntity.insertTask  - &lt;==    Updates: 1
10:45:10,914 [main] DEBUG org.activiti.engine.impl.cfg.standalone.StandaloneMybatisTransactionContext  - firing event committing...
10:45:10,914 [main] DEBUG org.activiti.engine.impl.cfg.standalone.StandaloneMybatisTransactionContext  - committing the ibatis sql session...
10:45:10,914 [main] DEBUG org.apache.ibatis.transaction.jdbc.JdbcTransaction  - Committing JDBC Connection [conn2: url=jdbc:h2:mem:activiti user=SA]
10:45:10,914 [main] DEBUG org.activiti.engine.impl.cfg.standalone.StandaloneMybatisTransactionContext  - firing event committed...
10:45:10,914 [main] DEBUG org.apache.ibatis.transaction.jdbc.JdbcTransaction  - Resetting autocommit to true on JDBC Connection [conn2: url=jdbc:h2:mem:activiti user=SA]
10:45:10,914 [main] DEBUG org.apache.ibatis.transaction.jdbc.JdbcTransaction  - Closing JDBC Connection [conn2: url=jdbc:h2:mem:activiti user=SA]
10:45:10,914 [main] DEBUG org.apache.ibatis.datasource.pooled.PooledDataSource  - Returned connection 363509958 to pool.
10:45:10,914 [main] DEBUG org.activiti.engine.impl.interceptor.LogInterceptor  - --- SaveTaskCmd finished --------------------------------------------------------
10:45:10,914 [main] DEBUG org.activiti.engine.impl.interceptor.LogInterceptor  - 

10:45:10,914 [main] DEBUG org.activiti.engine.impl.interceptor.LogInterceptor  - 

10:45:10,914 [main] DEBUG org.activiti.engine.impl.interceptor.LogInterceptor  - --- starting AddIdentityLinkCmd --------------------------------------------------------
10:45:10,914 [main] DEBUG org.apache.ibatis.transaction.jdbc.JdbcTransaction  - Opening JDBC Connection
10:45:10,914 [main] DEBUG org.apache.ibatis.datasource.pooled.PooledDataSource  - Checked out connection 297240765 from pool.
10:45:10,914 [main] DEBUG org.apache.ibatis.transaction.jdbc.JdbcTransaction  - Setting autocommit to false on JDBC Connection [conn4: url=jdbc:h2:mem:activiti user=SA]
10:45:10,914 [main] DEBUG org.activiti.engine.impl.persistence.entity.TaskEntity.selectTask  - ==&gt;  Preparing: select * from ACT_RU_TASK where ID_ = ? 
10:45:10,914 [main] DEBUG org.activiti.engine.impl.persistence.entity.TaskEntity.selectTask  - ==&gt; Parameters: 857(String)
10:45:10,914 [main] DEBUG org.activiti.engine.impl.persistence.entity.TaskEntity.selectTask  - &lt;==      Total: 1
10:45:10,914 [main] DEBUG org.activiti.engine.impl.persistence.entity.IdentityLinkEntity.selectIdentityLinksByTask  - ==&gt;  Preparing: select * from ACT_RU_IDENTITYLINK where TASK_ID_ = ? 
10:45:10,914 [main] DEBUG org.activiti.engine.impl.persistence.entity.IdentityLinkEntity.selectIdentityLinksByTask  - ==&gt; Parameters: 857(String)
10:45:10,914 [main] DEBUG org.activiti.engine.impl.persistence.entity.IdentityLinkEntity.selectIdentityLinksByTask  - &lt;==      Total: 0
10:45:10,914 [main] DEBUG org.activiti.engine.impl.history.DefaultHistoryManager  - Current history level: FULL, level required: AUDIT
10:45:10,914 [main] DEBUG org.activiti.engine.impl.history.DefaultHistoryManager  - Current history level: FULL
10:45:10,914 [main] DEBUG org.activiti.engine.impl.history.DefaultHistoryManager  - Current history level: FULL
10:45:10,914 [main] DEBUG org.activiti.engine.impl.db.DbSqlSession  -   insert org.activiti.engine.impl.persistence.entity.HistoricIdentityLinkEntity@6a2d0a19
10:45:10,914 [main] DEBUG org.activiti.engine.impl.db.DbSqlSession  -   insert IdentityLinkEntity[id=858, type=candidate, userId=kermit, taskId=857]
10:45:10,914 [main] DEBUG org.activiti.engine.impl.db.DbSqlSession  -   insert org.activiti.engine.impl.persistence.entity.CommentEntity@5702e6f3
10:45:10,914 [main] DEBUG org.activiti.engine.impl.db.DbSqlSession  - flush summary: 3 insert, 0 update, 0 delete.
10:45:10,914 [main] DEBUG org.activiti.engine.impl.db.DbSqlSession  - now executing flush...
10:45:10,914 [main] DEBUG org.activiti.engine.impl.db.DbSqlSession  - inserting: org.activiti.engine.impl.persistence.entity.HistoricIdentityLinkEntity@6a2d0a19
10:45:10,914 [main] DEBUG org.activiti.engine.impl.persistence.entity.HistoricIdentityLinkEntity.insertHistoricIdentityLink  - ==&gt;  Preparing: insert into ACT_HI_IDENTITYLINK (ID_, TYPE_, USER_ID_, GROUP_ID_, TASK_ID_, PROC_INST_ID_) values (?, ?, ?, ?, ?, ?) 
10:45:10,914 [main] DEBUG org.activiti.engine.impl.persistence.entity.HistoricIdentityLinkEntity.insertHistoricIdentityLink  - ==&gt; Parameters: 858(String), candidate(String), kermit(String), null, 857(String), null
10:45:10,914 [main] DEBUG org.activiti.engine.impl.persistence.entity.HistoricIdentityLinkEntity.insertHistoricIdentityLink  - &lt;==    Updates: 1
10:45:10,914 [main] DEBUG org.activiti.engine.impl.db.DbSqlSession  - inserting: IdentityLinkEntity[id=858, type=candidate, userId=kermit, taskId=857]
10:45:10,914 [main] DEBUG org.activiti.engine.impl.persistence.entity.IdentityLinkEntity.insertIdentityLink  - ==&gt;  Preparing: insert into ACT_RU_IDENTITYLINK (ID_, REV_, TYPE_, USER_ID_, GROUP_ID_, TASK_ID_, PROC_INST_ID_, PROC_DEF_ID_) values (?, 1, ?, ?, ?, ?, ?, ?) 
10:45:10,914 [main] DEBUG org.activiti.engine.impl.persistence.entity.IdentityLinkEntity.insertIdentityLink  - ==&gt; Parameters: 858(String), candidate(String), kermit(String), null, 857(String), null, null
10:45:10,914 [main] DEBUG org.activiti.engine.impl.persistence.entity.IdentityLinkEntity.insertIdentityLink  - &lt;==    Updates: 1
10:45:10,914 [main] DEBUG org.activiti.engine.impl.db.DbSqlSession  - inserting: org.activiti.engine.impl.persistence.entity.CommentEntity@5702e6f3
10:45:10,914 [main] DEBUG org.activiti.engine.impl.persistence.entity.CommentEntity.insertComment  - ==&gt;  Preparing: insert into ACT_HI_COMMENT (ID_, TYPE_, TIME_, USER_ID_, TASK_ID_, PROC_INST_ID_, ACTION_, MESSAGE_, FULL_MSG_) values (?, ?, ?, ?, ?, ?, ?, ?, ?) 
10:45:10,914 [main] DEBUG org.activiti.engine.impl.persistence.entity.CommentEntity.insertComment  - ==&gt; Parameters: 859(String), event(String), 2009-01-01 01:01:01.0(Timestamp), null, 857(String), null, AddUserLink(String), kermit_|_candidate(String), null
10:45:10,914 [main] DEBUG org.activiti.engine.impl.persistence.entity.CommentEntity.insertComment  - &lt;==    Updates: 1
10:45:10,914 [main] DEBUG org.activiti.engine.impl.cfg.standalone.StandaloneMybatisTransactionContext  - firing event committing...
10:45:10,914 [main] DEBUG org.activiti.engine.impl.cfg.standalone.StandaloneMybatisTransactionContext  - committing the ibatis sql session...
10:45:10,914 [main] DEBUG org.apache.ibatis.transaction.jdbc.JdbcTransaction  - Committing JDBC Connection [conn4: url=jdbc:h2:mem:activiti user=SA]
10:45:10,914 [main] DEBUG org.activiti.engine.impl.cfg.standalone.StandaloneMybatisTransactionContext  - firing event committed...
10:45:10,914 [main] DEBUG org.apache.ibatis.transaction.jdbc.JdbcTransaction  - Resetting autocommit to true on JDBC Connection [conn4: url=jdbc:h2:mem:activiti user=SA]
10:45:10,914 [main] DEBUG org.apache.ibatis.transaction.jdbc.JdbcTransaction  - Closing JDBC Connection [conn4: url=jdbc:h2:mem:activiti user=SA]
10:45:10,914 [main] DEBUG org.apache.ibatis.datasource.pooled.PooledDataSource  - Returned connection 297240765 to pool.
10:45:10,914 [main] DEBUG org.activiti.engine.impl.interceptor.LogInterceptor  - --- AddIdentityLinkCmd finished --------------------------------------------------------
10:45:10,914 [main] DEBUG org.activiti.engine.impl.interceptor.LogInterceptor  - 

10:45:10,914 [main] DEBUG org.activiti.engine.impl.interceptor.LogInterceptor  - 

10:45:10,914 [main] DEBUG org.activiti.engine.impl.interceptor.LogInterceptor  - --- starting NewTaskCmd --------------------------------------------------------
10:45:10,914 [main] DEBUG org.activiti.engine.impl.cfg.standalone.StandaloneMybatisTransactionContext  - firing event committing...
10:45:10,914 [main] DEBUG org.activiti.engine.impl.cfg.standalone.StandaloneMybatisTransactionContext  - committing the ibatis sql session...
10:45:10,914 [main] DEBUG org.activiti.engine.impl.cfg.standalone.StandaloneMybatisTransactionContext  - firing event committed...
10:45:10,914 [main] DEBUG org.activiti.engine.impl.interceptor.LogInterceptor  - --- NewTaskCmd finished --------------------------------------------------------
10:45:10,914 [main] DEBUG org.activiti.engine.impl.interceptor.LogInterceptor  - 

10:45:10,914 [main] DEBUG org.activiti.engine.impl.interceptor.LogInterceptor  - 

10:45:10,914 [main] DEBUG org.activiti.engine.impl.interceptor.LogInterceptor  - --- starting SaveTaskCmd --------------------------------------------------------
10:45:10,914 [main] DEBUG org.activiti.engine.impl.history.DefaultHistoryManager  - Current history level: FULL, level required: AUDIT
10:45:10,914 [main] DEBUG org.activiti.engine.impl.db.DbSqlSession  -   insert Task[id=860, name=kermitSubTask2]
10:45:10,914 [main] DEBUG org.activiti.engine.impl.db.DbSqlSession  -   insert HistoricTaskInstanceEntity[id=860, name=kermitSubTask2]
10:45:10,914 [main] DEBUG org.activiti.engine.impl.db.DbSqlSession  - flush summary: 2 insert, 0 update, 0 delete.
10:45:10,914 [main] DEBUG org.activiti.engine.impl.db.DbSqlSession  - now executing flush...
10:45:10,914 [main] DEBUG org.activiti.engine.impl.db.DbSqlSession  - inserting: HistoricTaskInstanceEntity[id=860, name=kermitSubTask2]
10:45:10,914 [main] DEBUG org.apache.ibatis.transaction.jdbc.JdbcTransaction  - Opening JDBC Connection
10:45:10,914 [main] DEBUG org.apache.ibatis.datasource.pooled.PooledDataSource  - Checked out connection 486346394 from pool.
10:45:10,914 [main] DEBUG org.apache.ibatis.transaction.jdbc.JdbcTransaction  - Setting autocommit to false on JDBC Connection [conn6: url=jdbc:h2:mem:activiti user=SA]
10:45:10,914 [main] DEBUG org.activiti.engine.impl.persistence.entity.HistoricTaskInstanceEntity.insertHistoricTaskInstance  - ==&gt;  Preparing: insert into ACT_HI_TASKINST ( ID_, PROC_DEF_ID_, PROC_INST_ID_, EXECUTION_ID_, NAME_, PARENT_TASK_ID_, DESCRIPTION_, OWNER_, ASSIGNEE_, START_TIME_, CLAIM_TIME_, END_TIME_, DURATION_, DELETE_REASON_, TASK_DEF_KEY_, FORM_KEY_, PRIORITY_, DUE_DATE_, CATEGORY_, TENANT_ID_ ) values ( ?, ?, ?, ?, ?, ?, ?, ?, ?, ?, ?, ?, ?, ?, ?, ?, ?, ?, ?, ? ) 
10:45:10,914 [main] DEBUG org.activiti.engine.impl.persistence.entity.HistoricTaskInstanceEntity.insertHistoricTaskInstance  - ==&gt; Parameters: 860(String), null, null, null, kermitSubTask2(String), 854(String), description for kermit sub-task2(String), null, null, 2009-01-01 01:01:01.0(Timestamp), null, null, null, null, null, null, 50(Integer), null, null, (String)
10:45:10,914 [main] DEBUG org.activiti.engine.impl.persistence.entity.HistoricTaskInstanceEntity.insertHistoricTaskInstance  - &lt;==    Updates: 1
10:45:10,914 [main] DEBUG org.activiti.engine.impl.db.DbSqlSession  - inserting: Task[id=860, name=kermitSubTask2]
10:45:10,914 [main] DEBUG org.activiti.engine.impl.persistence.entity.TaskEntity.insertTask  - ==&gt;  Preparing: insert into ACT_RU_TASK (ID_, REV_, NAME_, PARENT_TASK_ID_, DESCRIPTION_, PRIORITY_, CREATE_TIME_, OWNER_, ASSIGNEE_, DELEGATION_, EXECUTION_ID_, PROC_INST_ID_, PROC_DEF_ID_, TASK_DEF_KEY_, DUE_DATE_, CATEGORY_, SUSPENSION_STATE_, TENANT_ID_, FORM_KEY_) values (?, 1, ?, ?, ?, ?, ?, ?, ?, ?, ?, ?, ?, ?, ?, ?, ?, ?, ? ) 
10:45:10,914 [main] DEBUG org.activiti.engine.impl.persistence.entity.TaskEntity.insertTask  - ==&gt; Parameters: 860(String), kermitSubTask2(String), 854(String), description for kermit sub-task2(String), 50(Integer), 2009-01-01 01:01:01.0(Timestamp), null, null, null, null, null, null, null, null, null, 1(Integer), (String), null
10:45:10,914 [main] DEBUG org.activiti.engine.impl.persistence.entity.TaskEntity.insertTask  - &lt;==    Updates: 1
10:45:10,914 [main] DEBUG org.activiti.engine.impl.cfg.standalone.StandaloneMybatisTransactionContext  - firing event committing...
10:45:10,914 [main] DEBUG org.activiti.engine.impl.cfg.standalone.StandaloneMybatisTransactionContext  - committing the ibatis sql session...
10:45:10,914 [main] DEBUG org.apache.ibatis.transaction.jdbc.JdbcTransaction  - Committing JDBC Connection [conn6: url=jdbc:h2:mem:activiti user=SA]
10:45:10,914 [main] DEBUG org.activiti.engine.impl.cfg.standalone.StandaloneMybatisTransactionContext  - firing event committed...
10:45:10,914 [main] DEBUG org.apache.ibatis.transaction.jdbc.JdbcTransaction  - Resetting autocommit to true on JDBC Connection [conn6: url=jdbc:h2:mem:activiti user=SA]
10:45:10,914 [main] DEBUG org.apache.ibatis.transaction.jdbc.JdbcTransaction  - Closing JDBC Connection [conn6: url=jdbc:h2:mem:activiti user=SA]
10:45:10,914 [main] DEBUG org.apache.ibatis.datasource.pooled.PooledDataSource  - Returned connection 486346394 to pool.
10:45:10,914 [main] DEBUG org.activiti.engine.impl.interceptor.LogInterceptor  - --- SaveTaskCmd finished --------------------------------------------------------
10:45:10,914 [main] DEBUG org.activiti.engine.impl.interceptor.LogInterceptor  - 

10:45:10,914 [main] DEBUG org.activiti.engine.impl.interceptor.LogInterceptor  - 

10:45:10,914 [main] DEBUG org.activiti.engine.impl.interceptor.LogInterceptor  - --- starting AddIdentityLinkCmd --------------------------------------------------------
10:45:10,915 [main] DEBUG org.apache.ibatis.transaction.jdbc.JdbcTransaction  - Opening JDBC Connection
10:45:10,915 [main] DEBUG org.apache.ibatis.datasource.pooled.PooledDataSource  - Checked out connection 180014677 from pool.
10:45:10,915 [main] DEBUG org.apache.ibatis.transaction.jdbc.JdbcTransaction  - Setting autocommit to false on JDBC Connection [conn3: url=jdbc:h2:mem:activiti user=SA]
10:45:10,915 [main] DEBUG org.activiti.engine.impl.persistence.entity.TaskEntity.selectTask  - ==&gt;  Preparing: select * from ACT_RU_TASK where ID_ = ? 
10:45:10,915 [main] DEBUG org.activiti.engine.impl.persistence.entity.TaskEntity.selectTask  - ==&gt; Parameters: 860(String)
10:45:10,915 [main] DEBUG org.activiti.engine.impl.persistence.entity.TaskEntity.selectTask  - &lt;==      Total: 1
10:45:10,915 [main] DEBUG org.activiti.engine.impl.persistence.entity.IdentityLinkEntity.selectIdentityLinksByTask  - ==&gt;  Preparing: select * from ACT_RU_IDENTITYLINK where TASK_ID_ = ? 
10:45:10,915 [main] DEBUG org.activiti.engine.impl.persistence.entity.IdentityLinkEntity.selectIdentityLinksByTask  - ==&gt; Parameters: 860(String)
10:45:10,915 [main] DEBUG org.activiti.engine.impl.persistence.entity.IdentityLinkEntity.selectIdentityLinksByTask  - &lt;==      Total: 0
10:45:10,915 [main] DEBUG org.activiti.engine.impl.history.DefaultHistoryManager  - Current history level: FULL, level required: AUDIT
10:45:10,915 [main] DEBUG org.activiti.engine.impl.history.DefaultHistoryManager  - Current history level: FULL
10:45:10,915 [main] DEBUG org.activiti.engine.impl.history.DefaultHistoryManager  - Current history level: FULL
10:45:10,915 [main] DEBUG org.activiti.engine.impl.db.DbSqlSession  -   insert org.activiti.engine.impl.persistence.entity.HistoricIdentityLinkEntity@5687e92d
10:45:10,915 [main] DEBUG org.activiti.engine.impl.db.DbSqlSession  -   insert IdentityLinkEntity[id=861, type=candidate, userId=kermit, taskId=860]
10:45:10,915 [main] DEBUG org.activiti.engine.impl.db.DbSqlSession  -   insert org.activiti.engine.impl.persistence.entity.CommentEntity@2eef43f5
10:45:10,915 [main] DEBUG org.activiti.engine.impl.db.DbSqlSession  - flush summary: 3 insert, 0 update, 0 delete.
10:45:10,915 [main] DEBUG org.activiti.engine.impl.db.DbSqlSession  - now executing flush...
10:45:10,915 [main] DEBUG org.activiti.engine.impl.db.DbSqlSession  - inserting: org.activiti.engine.impl.persistence.entity.HistoricIdentityLinkEntity@5687e92d
10:45:10,915 [main] DEBUG org.activiti.engine.impl.persistence.entity.HistoricIdentityLinkEntity.insertHistoricIdentityLink  - ==&gt;  Preparing: insert into ACT_HI_IDENTITYLINK (ID_, TYPE_, USER_ID_, GROUP_ID_, TASK_ID_, PROC_INST_ID_) values (?, ?, ?, ?, ?, ?) 
10:45:10,915 [main] DEBUG org.activiti.engine.impl.persistence.entity.HistoricIdentityLinkEntity.insertHistoricIdentityLink  - ==&gt; Parameters: 861(String), candidate(String), kermit(String), null, 860(String), null
10:45:10,915 [main] DEBUG org.activiti.engine.impl.persistence.entity.HistoricIdentityLinkEntity.insertHistoricIdentityLink  - &lt;==    Updates: 1
10:45:10,915 [main] DEBUG org.activiti.engine.impl.db.DbSqlSession  - inserting: IdentityLinkEntity[id=861, type=candidate, userId=kermit, taskId=860]
10:45:10,915 [main] DEBUG org.activiti.engine.impl.persistence.entity.IdentityLinkEntity.insertIdentityLink  - ==&gt;  Preparing: insert into ACT_RU_IDENTITYLINK (ID_, REV_, TYPE_, USER_ID_, GROUP_ID_, TASK_ID_, PROC_INST_ID_, PROC_DEF_ID_) values (?, 1, ?, ?, ?, ?, ?, ?) 
10:45:10,915 [main] DEBUG org.activiti.engine.impl.persistence.entity.IdentityLinkEntity.insertIdentityLink  - ==&gt; Parameters: 861(String), candidate(String), kermit(String), null, 860(String), null, null
10:45:10,915 [main] DEBUG org.activiti.engine.impl.persistence.entity.IdentityLinkEntity.insertIdentityLink  - &lt;==    Updates: 1
10:45:10,915 [main] DEBUG org.activiti.engine.impl.db.DbSqlSession  - inserting: org.activiti.engine.impl.persistence.entity.CommentEntity@2eef43f5
10:45:10,915 [main] DEBUG org.activiti.engine.impl.persistence.entity.CommentEntity.insertComment  - ==&gt;  Preparing: insert into ACT_HI_COMMENT (ID_, TYPE_, TIME_, USER_ID_, TASK_ID_, PROC_INST_ID_, ACTION_, MESSAGE_, FULL_MSG_) values (?, ?, ?, ?, ?, ?, ?, ?, ?) 
10:45:10,915 [main] DEBUG org.activiti.engine.impl.persistence.entity.CommentEntity.insertComment  - ==&gt; Parameters: 862(String), event(String), 2009-01-01 01:01:01.0(Timestamp), null, 860(String), null, AddUserLink(String), kermit_|_candidate(String), null
10:45:10,915 [main] DEBUG org.activiti.engine.impl.persistence.entity.CommentEntity.insertComment  - &lt;==    Updates: 1
10:45:10,915 [main] DEBUG org.activiti.engine.impl.cfg.standalone.StandaloneMybatisTransactionContext  - firing event committing...
10:45:10,915 [main] DEBUG org.activiti.engine.impl.cfg.standalone.StandaloneMybatisTransactionContext  - committing the ibatis sql session...
10:45:10,915 [main] DEBUG org.apache.ibatis.transaction.jdbc.JdbcTransaction  - Committing JDBC Connection [conn3: url=jdbc:h2:mem:activiti user=SA]
10:45:10,915 [main] DEBUG org.activiti.engine.impl.cfg.standalone.StandaloneMybatisTransactionContext  - firing event committed...
10:45:10,915 [main] DEBUG org.apache.ibatis.transaction.jdbc.JdbcTransaction  - Resetting autocommit to true on JDBC Connection [conn3: url=jdbc:h2:mem:activiti user=SA]
10:45:10,915 [main] DEBUG org.apache.ibatis.transaction.jdbc.JdbcTransaction  - Closing JDBC Connection [conn3: url=jdbc:h2:mem:activiti user=SA]
10:45:10,915 [main] DEBUG org.apache.ibatis.datasource.pooled.PooledDataSource  - Returned connection 180014677 to pool.
10:45:10,915 [main] DEBUG org.activiti.engine.impl.interceptor.LogInterceptor  - --- AddIdentityLinkCmd finished --------------------------------------------------------
10:45:10,915 [main] DEBUG org.activiti.engine.impl.interceptor.LogInterceptor  - 

10:45:10,915 [main] DEBUG org.activiti.engine.impl.interceptor.LogInterceptor  - 

10:45:10,915 [main] DEBUG org.activiti.engine.impl.interceptor.LogInterceptor  - --- starting NewTaskCmd --------------------------------------------------------
10:45:10,915 [main] DEBUG org.activiti.engine.impl.cfg.standalone.StandaloneMybatisTransactionContext  - firing event committing...
10:45:10,915 [main] DEBUG org.activiti.engine.impl.cfg.standalone.StandaloneMybatisTransactionContext  - committing the ibatis sql session...
10:45:10,915 [main] DEBUG org.activiti.engine.impl.cfg.standalone.StandaloneMybatisTransactionContext  - firing event committed...
10:45:10,915 [main] DEBUG org.activiti.engine.impl.interceptor.LogInterceptor  - --- NewTaskCmd finished --------------------------------------------------------
10:45:10,915 [main] DEBUG org.activiti.engine.impl.interceptor.LogInterceptor  - 

10:45:10,915 [main] DEBUG org.activiti.engine.impl.interceptor.LogInterceptor  - 

10:45:10,915 [main] DEBUG org.activiti.engine.impl.interceptor.LogInterceptor  - --- starting SaveTaskCmd --------------------------------------------------------
10:45:10,915 [main] DEBUG org.activiti.engine.impl.history.DefaultHistoryManager  - Current history level: FULL, level required: AUDIT
10:45:10,915 [main] DEBUG org.activiti.engine.impl.db.DbSqlSession  -   insert Task[id=863, name=gonzoRootTask1]
10:45:10,915 [main] DEBUG org.activiti.engine.impl.db.DbSqlSession  -   insert HistoricTaskInstanceEntity[id=863, name=gonzoRootTask1]
10:45:10,915 [main] DEBUG org.activiti.engine.impl.db.DbSqlSession  - flush summary: 2 insert, 0 update, 0 delete.
10:45:10,915 [main] DEBUG org.activiti.engine.impl.db.DbSqlSession  - now executing flush...
10:45:10,915 [main] DEBUG org.activiti.engine.impl.db.DbSqlSession  - inserting: HistoricTaskInstanceEntity[id=863, name=gonzoRootTask1]
10:45:10,915 [main] DEBUG org.apache.ibatis.transaction.jdbc.JdbcTransaction  - Opening JDBC Connection
10:45:10,915 [main] DEBUG org.apache.ibatis.datasource.pooled.PooledDataSource  - Checked out connection 363509958 from pool.
10:45:10,915 [main] DEBUG org.apache.ibatis.transaction.jdbc.JdbcTransaction  - Setting autocommit to false on JDBC Connection [conn2: url=jdbc:h2:mem:activiti user=SA]
10:45:10,915 [main] DEBUG org.activiti.engine.impl.persistence.entity.HistoricTaskInstanceEntity.insertHistoricTaskInstance  - ==&gt;  Preparing: insert into ACT_HI_TASKINST ( ID_, PROC_DEF_ID_, PROC_INST_ID_, EXECUTION_ID_, NAME_, PARENT_TASK_ID_, DESCRIPTION_, OWNER_, ASSIGNEE_, START_TIME_, CLAIM_TIME_, END_TIME_, DURATION_, DELETE_REASON_, TASK_DEF_KEY_, FORM_KEY_, PRIORITY_, DUE_DATE_, CATEGORY_, TENANT_ID_ ) values ( ?, ?, ?, ?, ?, ?, ?, ?, ?, ?, ?, ?, ?, ?, ?, ?, ?, ?, ?, ? ) 
10:45:10,915 [main] DEBUG org.activiti.engine.impl.persistence.entity.HistoricTaskInstanceEntity.insertHistoricTaskInstance  - ==&gt; Parameters: 863(String), null, null, null, gonzoRootTask1(String), null, gonzo Root task1 description(String), null, null, 2008-02-01 02:02:02.0(Timestamp), null, null, null, null, null, null, 50(Integer), null, null, (String)
10:45:10,915 [main] DEBUG org.activiti.engine.impl.persistence.entity.HistoricTaskInstanceEntity.insertHistoricTaskInstance  - &lt;==    Updates: 1
10:45:10,915 [main] DEBUG org.activiti.engine.impl.db.DbSqlSession  - inserting: Task[id=863, name=gonzoRootTask1]
10:45:10,915 [main] DEBUG org.activiti.engine.impl.persistence.entity.TaskEntity.insertTask  - ==&gt;  Preparing: insert into ACT_RU_TASK (ID_, REV_, NAME_, PARENT_TASK_ID_, DESCRIPTION_, PRIORITY_, CREATE_TIME_, OWNER_, ASSIGNEE_, DELEGATION_, EXECUTION_ID_, PROC_INST_ID_, PROC_DEF_ID_, TASK_DEF_KEY_, DUE_DATE_, CATEGORY_, SUSPENSION_STATE_, TENANT_ID_, FORM_KEY_) values (?, 1, ?, ?, ?, ?, ?, ?, ?, ?, ?, ?, ?, ?, ?, ?, ?, ?, ? ) 
10:45:10,915 [main] DEBUG org.activiti.engine.impl.persistence.entity.TaskEntity.insertTask  - ==&gt; Parameters: 863(String), gonzoRootTask1(String), null, gonzo Root task1 description(String), 50(Integer), 2008-02-01 02:02:02.0(Timestamp), null, null, null, null, null, null, null, null, null, 1(Integer), (String), null
10:45:10,915 [main] DEBUG org.activiti.engine.impl.persistence.entity.TaskEntity.insertTask  - &lt;==    Updates: 1
10:45:10,915 [main] DEBUG org.activiti.engine.impl.cfg.standalone.StandaloneMybatisTransactionContext  - firing event committing...
10:45:10,915 [main] DEBUG org.activiti.engine.impl.cfg.standalone.StandaloneMybatisTransactionContext  - committing the ibatis sql session...
10:45:10,915 [main] DEBUG org.apache.ibatis.transaction.jdbc.JdbcTransaction  - Committing JDBC Connection [conn2: url=jdbc:h2:mem:activiti user=SA]
10:45:10,915 [main] DEBUG org.activiti.engine.impl.cfg.standalone.StandaloneMybatisTransactionContext  - firing event committed...
10:45:10,915 [main] DEBUG org.apache.ibatis.transaction.jdbc.JdbcTransaction  - Resetting autocommit to true on JDBC Connection [conn2: url=jdbc:h2:mem:activiti user=SA]
10:45:10,915 [main] DEBUG org.apache.ibatis.transaction.jdbc.JdbcTransaction  - Closing JDBC Connection [conn2: url=jdbc:h2:mem:activiti user=SA]
10:45:10,915 [main] DEBUG org.apache.ibatis.datasource.pooled.PooledDataSource  - Returned connection 363509958 to pool.
10:45:10,915 [main] DEBUG org.activiti.engine.impl.interceptor.LogInterceptor  - --- SaveTaskCmd finished --------------------------------------------------------
10:45:10,915 [main] DEBUG org.activiti.engine.impl.interceptor.LogInterceptor  - 

10:45:10,915 [main] DEBUG org.activiti.engine.impl.interceptor.LogInterceptor  - 

10:45:10,915 [main] DEBUG org.activiti.engine.impl.interceptor.LogInterceptor  - --- starting AddIdentityLinkCmd --------------------------------------------------------
10:45:10,915 [main] DEBUG org.apache.ibatis.transaction.jdbc.JdbcTransaction  - Opening JDBC Connection
10:45:10,915 [main] DEBUG org.apache.ibatis.datasource.pooled.PooledDataSource  - Checked out connection 297240765 from pool.
10:45:10,915 [main] DEBUG org.apache.ibatis.transaction.jdbc.JdbcTransaction  - Setting autocommit to false on JDBC Connection [conn4: url=jdbc:h2:mem:activiti user=SA]
10:45:10,915 [main] DEBUG org.activiti.engine.impl.persistence.entity.TaskEntity.selectTask  - ==&gt;  Preparing: select * from ACT_RU_TASK where ID_ = ? 
10:45:10,915 [main] DEBUG org.activiti.engine.impl.persistence.entity.TaskEntity.selectTask  - ==&gt; Parameters: 863(String)
10:45:10,915 [main] DEBUG org.activiti.engine.impl.persistence.entity.TaskEntity.selectTask  - &lt;==      Total: 1
10:45:10,915 [main] DEBUG org.activiti.engine.impl.history.DefaultHistoryManager  - Current history level: FULL, level required: AUDIT
10:45:10,915 [main] DEBUG org.activiti.engine.impl.persistence.entity.HistoricTaskInstanceEntity.selectHistoricTaskInstance  - ==&gt;  Preparing: select * from ACT_HI_TASKINST where ID_ = ? 
10:45:10,915 [main] DEBUG org.activiti.engine.impl.persistence.entity.HistoricTaskInstanceEntity.selectHistoricTaskInstance  - ==&gt; Parameters: 863(String)
10:45:10,915 [main] DEBUG org.activiti.engine.impl.persistence.entity.HistoricTaskInstanceEntity.selectHistoricTaskInstance  - &lt;==      Total: 1
10:45:10,915 [main] DEBUG org.activiti.engine.impl.history.DefaultHistoryManager  - Current history level: FULL
10:45:10,915 [main] DEBUG org.activiti.engine.impl.history.DefaultHistoryManager  - Current history level: FULL
10:45:10,915 [main] DEBUG org.activiti.engine.impl.db.DbSqlSession  -   insert org.activiti.engine.impl.persistence.entity.CommentEntity@2c10f9f3
10:45:10,915 [main] DEBUG org.activiti.engine.impl.db.DbSqlSession  -   update Task[id=863, name=gonzoRootTask1]
10:45:10,915 [main] DEBUG org.activiti.engine.impl.db.DbSqlSession  -   update HistoricTaskInstanceEntity[id=863, name=gonzoRootTask1]
10:45:10,915 [main] DEBUG org.activiti.engine.impl.db.DbSqlSession  - flush summary: 1 insert, 2 update, 0 delete.
10:45:10,915 [main] DEBUG org.activiti.engine.impl.db.DbSqlSession  - now executing flush...
10:45:10,915 [main] DEBUG org.activiti.engine.impl.db.DbSqlSession  - inserting: org.activiti.engine.impl.persistence.entity.CommentEntity@2c10f9f3
10:45:10,915 [main] DEBUG org.activiti.engine.impl.persistence.entity.CommentEntity.insertComment  - ==&gt;  Preparing: insert into ACT_HI_COMMENT (ID_, TYPE_, TIME_, USER_ID_, TASK_ID_, PROC_INST_ID_, ACTION_, MESSAGE_, FULL_MSG_) values (?, ?, ?, ?, ?, ?, ?, ?, ?) 
10:45:10,915 [main] DEBUG org.activiti.engine.impl.persistence.entity.CommentEntity.insertComment  - ==&gt; Parameters: 864(String), event(String), 2008-02-01 02:02:02.0(Timestamp), null, 863(String), null, AddUserLink(String), gonzo_|_assignee(String), null
10:45:10,915 [main] DEBUG org.activiti.engine.impl.persistence.entity.CommentEntity.insertComment  - &lt;==    Updates: 1
10:45:10,915 [main] DEBUG org.activiti.engine.impl.db.DbSqlSession  - updating: Task[id=863, name=gonzoRootTask1]
10:45:10,915 [main] DEBUG org.activiti.engine.impl.persistence.entity.TaskEntity.updateTask  - ==&gt;  Preparing: update ACT_RU_TASK SET REV_ = ?, NAME_ = ?, PARENT_TASK_ID_ = ?, PRIORITY_ = ?, CREATE_TIME_ = ?, OWNER_ = ?, ASSIGNEE_ = ?, DELEGATION_ = ?, EXECUTION_ID_ = ?, PROC_DEF_ID_ = ?, DESCRIPTION_ = ?, DUE_DATE_ = ?, CATEGORY_ = ?, SUSPENSION_STATE_ = ?, FORM_KEY_ = ? where ID_= ? and REV_ = ? 
10:45:10,916 [main] DEBUG org.activiti.engine.impl.persistence.entity.TaskEntity.updateTask  - ==&gt; Parameters: 2(Integer), gonzoRootTask1(String), null, 50(Integer), 2008-02-01 02:02:02.0(Timestamp), null, gonzo(String), null, null, null, gonzo Root task1 description(String), null, null, 1(Integer), null, 863(String), 1(Integer)
10:45:10,916 [main] DEBUG org.activiti.engine.impl.persistence.entity.TaskEntity.updateTask  - &lt;==    Updates: 1
10:45:10,916 [main] DEBUG org.activiti.engine.impl.db.DbSqlSession  - updating: HistoricTaskInstanceEntity[id=863, name=gonzoRootTask1]
10:45:10,916 [main] DEBUG org.activiti.engine.impl.persistence.entity.HistoricTaskInstanceEntity.updateHistoricTaskInstance  - ==&gt;  Preparing: update ACT_HI_TASKINST set EXECUTION_ID_ = ?, NAME_ = ?, PARENT_TASK_ID_ = ?, DESCRIPTION_ = ?, OWNER_ = ?, ASSIGNEE_ = ?, CLAIM_TIME_ = ?, END_TIME_ = ?, DURATION_ = ?, DELETE_REASON_ = ?, TASK_DEF_KEY_ = ?, FORM_KEY_ = ?, PRIORITY_ = ?, DUE_DATE_ = ?, CATEGORY_ = ? where ID_ = ? 
10:45:10,916 [main] DEBUG org.activiti.engine.impl.persistence.entity.HistoricTaskInstanceEntity.updateHistoricTaskInstance  - ==&gt; Parameters: null, gonzoRootTask1(String), null, gonzo Root task1 description(String), null, gonzo(String), null, null, null, null, null, null, 50(Integer), null, null, 863(String)
10:45:10,916 [main] DEBUG org.activiti.engine.impl.persistence.entity.HistoricTaskInstanceEntity.updateHistoricTaskInstance  - &lt;==    Updates: 1
10:45:10,916 [main] DEBUG org.activiti.engine.impl.cfg.standalone.StandaloneMybatisTransactionContext  - firing event committing...
10:45:10,916 [main] DEBUG org.activiti.engine.impl.cfg.standalone.StandaloneMybatisTransactionContext  - committing the ibatis sql session...
10:45:10,916 [main] DEBUG org.apache.ibatis.transaction.jdbc.JdbcTransaction  - Committing JDBC Connection [conn4: url=jdbc:h2:mem:activiti user=SA]
10:45:10,916 [main] DEBUG org.activiti.engine.impl.cfg.standalone.StandaloneMybatisTransactionContext  - firing event committed...
10:45:10,916 [main] DEBUG org.apache.ibatis.transaction.jdbc.JdbcTransaction  - Resetting autocommit to true on JDBC Connection [conn4: url=jdbc:h2:mem:activiti user=SA]
10:45:10,916 [main] DEBUG org.apache.ibatis.transaction.jdbc.JdbcTransaction  - Closing JDBC Connection [conn4: url=jdbc:h2:mem:activiti user=SA]
10:45:10,916 [main] DEBUG org.apache.ibatis.datasource.pooled.PooledDataSource  - Returned connection 297240765 to pool.
10:45:10,916 [main] DEBUG org.activiti.engine.impl.interceptor.LogInterceptor  - --- AddIdentityLinkCmd finished --------------------------------------------------------
10:45:10,916 [main] DEBUG org.activiti.engine.impl.interceptor.LogInterceptor  - 

10:45:10,916 [main] DEBUG org.activiti.engine.impl.interceptor.LogInterceptor  - 

10:45:10,916 [main] DEBUG org.activiti.engine.impl.interceptor.LogInterceptor  - --- starting NewTaskCmd --------------------------------------------------------
10:45:10,916 [main] DEBUG org.activiti.engine.impl.cfg.standalone.StandaloneMybatisTransactionContext  - firing event committing...
10:45:10,916 [main] DEBUG org.activiti.engine.impl.cfg.standalone.StandaloneMybatisTransactionContext  - committing the ibatis sql session...
10:45:10,916 [main] DEBUG org.activiti.engine.impl.cfg.standalone.StandaloneMybatisTransactionContext  - firing event committed...
10:45:10,916 [main] DEBUG org.activiti.engine.impl.interceptor.LogInterceptor  - --- NewTaskCmd finished --------------------------------------------------------
10:45:10,916 [main] DEBUG org.activiti.engine.impl.interceptor.LogInterceptor  - 

10:45:10,916 [main] DEBUG org.activiti.engine.impl.interceptor.LogInterceptor  - 

10:45:10,916 [main] DEBUG org.activiti.engine.impl.interceptor.LogInterceptor  - --- starting SaveTaskCmd --------------------------------------------------------
10:45:10,916 [main] DEBUG org.activiti.engine.impl.history.DefaultHistoryManager  - Current history level: FULL, level required: AUDIT
10:45:10,916 [main] DEBUG org.activiti.engine.impl.db.DbSqlSession  -   insert Task[id=865, name=gonzoRootTask2]
10:45:10,916 [main] DEBUG org.activiti.engine.impl.db.DbSqlSession  -   insert HistoricTaskInstanceEntity[id=865, name=gonzoRootTask2]
10:45:10,916 [main] DEBUG org.activiti.engine.impl.db.DbSqlSession  - flush summary: 2 insert, 0 update, 0 delete.
10:45:10,916 [main] DEBUG org.activiti.engine.impl.db.DbSqlSession  - now executing flush...
10:45:10,916 [main] DEBUG org.activiti.engine.impl.db.DbSqlSession  - inserting: HistoricTaskInstanceEntity[id=865, name=gonzoRootTask2]
10:45:10,916 [main] DEBUG org.apache.ibatis.transaction.jdbc.JdbcTransaction  - Opening JDBC Connection
10:45:10,916 [main] DEBUG org.apache.ibatis.datasource.pooled.PooledDataSource  - Checked out connection 486346394 from pool.
10:45:10,916 [main] DEBUG org.apache.ibatis.transaction.jdbc.JdbcTransaction  - Setting autocommit to false on JDBC Connection [conn6: url=jdbc:h2:mem:activiti user=SA]
10:45:10,916 [main] DEBUG org.activiti.engine.impl.persistence.entity.HistoricTaskInstanceEntity.insertHistoricTaskInstance  - ==&gt;  Preparing: insert into ACT_HI_TASKINST ( ID_, PROC_DEF_ID_, PROC_INST_ID_, EXECUTION_ID_, NAME_, PARENT_TASK_ID_, DESCRIPTION_, OWNER_, ASSIGNEE_, START_TIME_, CLAIM_TIME_, END_TIME_, DURATION_, DELETE_REASON_, TASK_DEF_KEY_, FORM_KEY_, PRIORITY_, DUE_DATE_, CATEGORY_, TENANT_ID_ ) values ( ?, ?, ?, ?, ?, ?, ?, ?, ?, ?, ?, ?, ?, ?, ?, ?, ?, ?, ?, ? ) 
10:45:10,916 [main] DEBUG org.activiti.engine.impl.persistence.entity.HistoricTaskInstanceEntity.insertHistoricTaskInstance  - ==&gt; Parameters: 865(String), null, null, null, gonzoRootTask2(String), null, gonzo Root task2 description(String), null, null, 2008-02-05 02:02:02.0(Timestamp), null, null, null, null, null, null, 50(Integer), null, null, (String)
10:45:10,916 [main] DEBUG org.activiti.engine.impl.persistence.entity.HistoricTaskInstanceEntity.insertHistoricTaskInstance  - &lt;==    Updates: 1
10:45:10,916 [main] DEBUG org.activiti.engine.impl.db.DbSqlSession  - inserting: Task[id=865, name=gonzoRootTask2]
10:45:10,916 [main] DEBUG org.activiti.engine.impl.persistence.entity.TaskEntity.insertTask  - ==&gt;  Preparing: insert into ACT_RU_TASK (ID_, REV_, NAME_, PARENT_TASK_ID_, DESCRIPTION_, PRIORITY_, CREATE_TIME_, OWNER_, ASSIGNEE_, DELEGATION_, EXECUTION_ID_, PROC_INST_ID_, PROC_DEF_ID_, TASK_DEF_KEY_, DUE_DATE_, CATEGORY_, SUSPENSION_STATE_, TENANT_ID_, FORM_KEY_) values (?, 1, ?, ?, ?, ?, ?, ?, ?, ?, ?, ?, ?, ?, ?, ?, ?, ?, ? ) 
10:45:10,916 [main] DEBUG org.activiti.engine.impl.persistence.entity.TaskEntity.insertTask  - ==&gt; Parameters: 865(String), gonzoRootTask2(String), null, gonzo Root task2 description(String), 50(Integer), 2008-02-05 02:02:02.0(Timestamp), null, null, null, null, null, null, null, null, null, 1(Integer), (String), null
10:45:10,916 [main] DEBUG org.activiti.engine.impl.persistence.entity.TaskEntity.insertTask  - &lt;==    Updates: 1
10:45:10,916 [main] DEBUG org.activiti.engine.impl.cfg.standalone.StandaloneMybatisTransactionContext  - firing event committing...
10:45:10,916 [main] DEBUG org.activiti.engine.impl.cfg.standalone.StandaloneMybatisTransactionContext  - committing the ibatis sql session...
10:45:10,916 [main] DEBUG org.apache.ibatis.transaction.jdbc.JdbcTransaction  - Committing JDBC Connection [conn6: url=jdbc:h2:mem:activiti user=SA]
10:45:10,916 [main] DEBUG org.activiti.engine.impl.cfg.standalone.StandaloneMybatisTransactionContext  - firing event committed...
10:45:10,916 [main] DEBUG org.apache.ibatis.transaction.jdbc.JdbcTransaction  - Resetting autocommit to true on JDBC Connection [conn6: url=jdbc:h2:mem:activiti user=SA]
10:45:10,916 [main] DEBUG org.apache.ibatis.transaction.jdbc.JdbcTransaction  - Closing JDBC Connection [conn6: url=jdbc:h2:mem:activiti user=SA]
10:45:10,916 [main] DEBUG org.apache.ibatis.datasource.pooled.PooledDataSource  - Returned connection 486346394 to pool.
10:45:10,916 [main] DEBUG org.activiti.engine.impl.interceptor.LogInterceptor  - --- SaveTaskCmd finished --------------------------------------------------------
10:45:10,916 [main] DEBUG org.activiti.engine.impl.interceptor.LogInterceptor  - 

10:45:10,916 [main] DEBUG org.activiti.engine.impl.interceptor.LogInterceptor  - 

10:45:10,916 [main] DEBUG org.activiti.engine.impl.interceptor.LogInterceptor  - --- starting AddIdentityLinkCmd --------------------------------------------------------
10:45:10,916 [main] DEBUG org.apache.ibatis.transaction.jdbc.JdbcTransaction  - Opening JDBC Connection
10:45:10,916 [main] DEBUG org.apache.ibatis.datasource.pooled.PooledDataSource  - Checked out connection 180014677 from pool.
10:45:10,916 [main] DEBUG org.apache.ibatis.transaction.jdbc.JdbcTransaction  - Setting autocommit to false on JDBC Connection [conn3: url=jdbc:h2:mem:activiti user=SA]
10:45:10,916 [main] DEBUG org.activiti.engine.impl.persistence.entity.TaskEntity.selectTask  - ==&gt;  Preparing: select * from ACT_RU_TASK where ID_ = ? 
10:45:10,916 [main] DEBUG org.activiti.engine.impl.persistence.entity.TaskEntity.selectTask  - ==&gt; Parameters: 865(String)
10:45:10,916 [main] DEBUG org.activiti.engine.impl.persistence.entity.TaskEntity.selectTask  - &lt;==      Total: 1
10:45:10,916 [main] DEBUG org.activiti.engine.impl.history.DefaultHistoryManager  - Current history level: FULL, level required: AUDIT
10:45:10,916 [main] DEBUG org.activiti.engine.impl.persistence.entity.HistoricTaskInstanceEntity.selectHistoricTaskInstance  - ==&gt;  Preparing: select * from ACT_HI_TASKINST where ID_ = ? 
10:45:10,916 [main] DEBUG org.activiti.engine.impl.persistence.entity.HistoricTaskInstanceEntity.selectHistoricTaskInstance  - ==&gt; Parameters: 865(String)
10:45:10,916 [main] DEBUG org.activiti.engine.impl.persistence.entity.HistoricTaskInstanceEntity.selectHistoricTaskInstance  - &lt;==      Total: 1
10:45:10,916 [main] DEBUG org.activiti.engine.impl.history.DefaultHistoryManager  - Current history level: FULL
10:45:10,916 [main] DEBUG org.activiti.engine.impl.history.DefaultHistoryManager  - Current history level: FULL
10:45:10,916 [main] DEBUG org.activiti.engine.impl.db.DbSqlSession  -   insert org.activiti.engine.impl.persistence.entity.CommentEntity@6c65a7fc
10:45:10,916 [main] DEBUG org.activiti.engine.impl.db.DbSqlSession  -   update Task[id=865, name=gonzoRootTask2]
10:45:10,916 [main] DEBUG org.activiti.engine.impl.db.DbSqlSession  -   update HistoricTaskInstanceEntity[id=865, name=gonzoRootTask2]
10:45:10,916 [main] DEBUG org.activiti.engine.impl.db.DbSqlSession  - flush summary: 1 insert, 2 update, 0 delete.
10:45:10,916 [main] DEBUG org.activiti.engine.impl.db.DbSqlSession  - now executing flush...
10:45:10,916 [main] DEBUG org.activiti.engine.impl.db.DbSqlSession  - inserting: org.activiti.engine.impl.persistence.entity.CommentEntity@6c65a7fc
10:45:10,916 [main] DEBUG org.activiti.engine.impl.persistence.entity.CommentEntity.insertComment  - ==&gt;  Preparing: insert into ACT_HI_COMMENT (ID_, TYPE_, TIME_, USER_ID_, TASK_ID_, PROC_INST_ID_, ACTION_, MESSAGE_, FULL_MSG_) values (?, ?, ?, ?, ?, ?, ?, ?, ?) 
10:45:10,916 [main] DEBUG org.activiti.engine.impl.persistence.entity.CommentEntity.insertComment  - ==&gt; Parameters: 866(String), event(String), 2008-02-05 02:02:02.0(Timestamp), null, 865(String), null, AddUserLink(String), gonzo_|_assignee(String), null
10:45:10,916 [main] DEBUG org.activiti.engine.impl.persistence.entity.CommentEntity.insertComment  - &lt;==    Updates: 1
10:45:10,916 [main] DEBUG org.activiti.engine.impl.db.DbSqlSession  - updating: Task[id=865, name=gonzoRootTask2]
10:45:10,916 [main] DEBUG org.activiti.engine.impl.persistence.entity.TaskEntity.updateTask  - ==&gt;  Preparing: update ACT_RU_TASK SET REV_ = ?, NAME_ = ?, PARENT_TASK_ID_ = ?, PRIORITY_ = ?, CREATE_TIME_ = ?, OWNER_ = ?, ASSIGNEE_ = ?, DELEGATION_ = ?, EXECUTION_ID_ = ?, PROC_DEF_ID_ = ?, DESCRIPTION_ = ?, DUE_DATE_ = ?, CATEGORY_ = ?, SUSPENSION_STATE_ = ?, FORM_KEY_ = ? where ID_= ? and REV_ = ? 
10:45:10,916 [main] DEBUG org.activiti.engine.impl.persistence.entity.TaskEntity.updateTask  - ==&gt; Parameters: 2(Integer), gonzoRootTask2(String), null, 50(Integer), 2008-02-05 02:02:02.0(Timestamp), null, gonzo(String), null, null, null, gonzo Root task2 description(String), null, null, 1(Integer), null, 865(String), 1(Integer)
10:45:10,916 [main] DEBUG org.activiti.engine.impl.persistence.entity.TaskEntity.updateTask  - &lt;==    Updates: 1
10:45:10,916 [main] DEBUG org.activiti.engine.impl.db.DbSqlSession  - updating: HistoricTaskInstanceEntity[id=865, name=gonzoRootTask2]
10:45:10,916 [main] DEBUG org.activiti.engine.impl.persistence.entity.HistoricTaskInstanceEntity.updateHistoricTaskInstance  - ==&gt;  Preparing: update ACT_HI_TASKINST set EXECUTION_ID_ = ?, NAME_ = ?, PARENT_TASK_ID_ = ?, DESCRIPTION_ = ?, OWNER_ = ?, ASSIGNEE_ = ?, CLAIM_TIME_ = ?, END_TIME_ = ?, DURATION_ = ?, DELETE_REASON_ = ?, TASK_DEF_KEY_ = ?, FORM_KEY_ = ?, PRIORITY_ = ?, DUE_DATE_ = ?, CATEGORY_ = ? where ID_ = ? 
10:45:10,916 [main] DEBUG org.activiti.engine.impl.persistence.entity.HistoricTaskInstanceEntity.updateHistoricTaskInstance  - ==&gt; Parameters: null, gonzoRootTask2(String), null, gonzo Root task2 description(String), null, gonzo(String), null, null, null, null, null, null, 50(Integer), null, null, 865(String)
10:45:10,916 [main] DEBUG org.activiti.engine.impl.persistence.entity.HistoricTaskInstanceEntity.updateHistoricTaskInstance  - &lt;==    Updates: 1
10:45:10,916 [main] DEBUG org.activiti.engine.impl.cfg.standalone.StandaloneMybatisTransactionContext  - firing event committing...
10:45:10,916 [main] DEBUG org.activiti.engine.impl.cfg.standalone.StandaloneMybatisTransactionContext  - committing the ibatis sql session...
10:45:10,916 [main] DEBUG org.apache.ibatis.transaction.jdbc.JdbcTransaction  - Committing JDBC Connection [conn3: url=jdbc:h2:mem:activiti user=SA]
10:45:10,916 [main] DEBUG org.activiti.engine.impl.cfg.standalone.StandaloneMybatisTransactionContext  - firing event committed...
10:45:10,916 [main] DEBUG org.apache.ibatis.transaction.jdbc.JdbcTransaction  - Resetting autocommit to true on JDBC Connection [conn3: url=jdbc:h2:mem:activiti user=SA]
10:45:10,916 [main] DEBUG org.apache.ibatis.transaction.jdbc.JdbcTransaction  - Closing JDBC Connection [conn3: url=jdbc:h2:mem:activiti user=SA]
10:45:10,916 [main] DEBUG org.apache.ibatis.datasource.pooled.PooledDataSource  - Returned connection 180014677 to pool.
10:45:10,916 [main] DEBUG org.activiti.engine.impl.interceptor.LogInterceptor  - --- AddIdentityLinkCmd finished --------------------------------------------------------
10:45:10,916 [main] DEBUG org.activiti.engine.impl.interceptor.LogInterceptor  - 

10:45:10,916 [main] DEBUG org.activiti.engine.impl.interceptor.LogInterceptor  - 

10:45:10,916 [main] DEBUG org.activiti.engine.impl.interceptor.LogInterceptor  - --- starting NewTaskCmd --------------------------------------------------------
10:45:10,916 [main] DEBUG org.activiti.engine.impl.cfg.standalone.StandaloneMybatisTransactionContext  - firing event committing...
10:45:10,916 [main] DEBUG org.activiti.engine.impl.cfg.standalone.StandaloneMybatisTransactionContext  - committing the ibatis sql session...
10:45:10,916 [main] DEBUG org.activiti.engine.impl.cfg.standalone.StandaloneMybatisTransactionContext  - firing event committed...
10:45:10,916 [main] DEBUG org.activiti.engine.impl.interceptor.LogInterceptor  - --- NewTaskCmd finished --------------------------------------------------------
10:45:10,916 [main] DEBUG org.activiti.engine.impl.interceptor.LogInterceptor  - 

10:45:10,916 [main] DEBUG org.activiti.engine.impl.interceptor.LogInterceptor  - 

10:45:10,916 [main] DEBUG org.activiti.engine.impl.interceptor.LogInterceptor  - --- starting SaveTaskCmd --------------------------------------------------------
10:45:10,916 [main] DEBUG org.activiti.engine.impl.history.DefaultHistoryManager  - Current history level: FULL, level required: AUDIT
10:45:10,916 [main] DEBUG org.activiti.engine.impl.db.DbSqlSession  -   insert Task[id=867, name=gonzoSubTask1_1]
10:45:10,916 [main] DEBUG org.activiti.engine.impl.db.DbSqlSession  -   insert HistoricTaskInstanceEntity[id=867, name=gonzoSubTask1_1]
10:45:10,916 [main] DEBUG org.activiti.engine.impl.db.DbSqlSession  - flush summary: 2 insert, 0 update, 0 delete.
10:45:10,916 [main] DEBUG org.activiti.engine.impl.db.DbSqlSession  - now executing flush...
10:45:10,916 [main] DEBUG org.activiti.engine.impl.db.DbSqlSession  - inserting: HistoricTaskInstanceEntity[id=867, name=gonzoSubTask1_1]
10:45:10,916 [main] DEBUG org.apache.ibatis.transaction.jdbc.JdbcTransaction  - Opening JDBC Connection
10:45:10,916 [main] DEBUG org.apache.ibatis.datasource.pooled.PooledDataSource  - Checked out connection 363509958 from pool.
10:45:10,916 [main] DEBUG org.apache.ibatis.transaction.jdbc.JdbcTransaction  - Setting autocommit to false on JDBC Connection [conn2: url=jdbc:h2:mem:activiti user=SA]
10:45:10,917 [main] DEBUG org.activiti.engine.impl.persistence.entity.HistoricTaskInstanceEntity.insertHistoricTaskInstance  - ==&gt;  Preparing: insert into ACT_HI_TASKINST ( ID_, PROC_DEF_ID_, PROC_INST_ID_, EXECUTION_ID_, NAME_, PARENT_TASK_ID_, DESCRIPTION_, OWNER_, ASSIGNEE_, START_TIME_, CLAIM_TIME_, END_TIME_, DURATION_, DELETE_REASON_, TASK_DEF_KEY_, FORM_KEY_, PRIORITY_, DUE_DATE_, CATEGORY_, TENANT_ID_ ) values ( ?, ?, ?, ?, ?, ?, ?, ?, ?, ?, ?, ?, ?, ?, ?, ?, ?, ?, ?, ? ) 
10:45:10,917 [main] DEBUG org.activiti.engine.impl.persistence.entity.HistoricTaskInstanceEntity.insertHistoricTaskInstance  - ==&gt; Parameters: 867(String), null, null, null, gonzoSubTask1_1(String), 863(String), description for gonzo sub-task1_1(String), null, null, 2009-01-01 01:01:01.0(Timestamp), null, null, null, null, null, null, 50(Integer), null, null, (String)
10:45:10,917 [main] DEBUG org.activiti.engine.impl.persistence.entity.HistoricTaskInstanceEntity.insertHistoricTaskInstance  - &lt;==    Updates: 1
10:45:10,917 [main] DEBUG org.activiti.engine.impl.db.DbSqlSession  - inserting: Task[id=867, name=gonzoSubTask1_1]
10:45:10,917 [main] DEBUG org.activiti.engine.impl.persistence.entity.TaskEntity.insertTask  - ==&gt;  Preparing: insert into ACT_RU_TASK (ID_, REV_, NAME_, PARENT_TASK_ID_, DESCRIPTION_, PRIORITY_, CREATE_TIME_, OWNER_, ASSIGNEE_, DELEGATION_, EXECUTION_ID_, PROC_INST_ID_, PROC_DEF_ID_, TASK_DEF_KEY_, DUE_DATE_, CATEGORY_, SUSPENSION_STATE_, TENANT_ID_, FORM_KEY_) values (?, 1, ?, ?, ?, ?, ?, ?, ?, ?, ?, ?, ?, ?, ?, ?, ?, ?, ? ) 
10:45:10,917 [main] DEBUG org.activiti.engine.impl.persistence.entity.TaskEntity.insertTask  - ==&gt; Parameters: 867(String), gonzoSubTask1_1(String), 863(String), description for gonzo sub-task1_1(String), 50(Integer), 2009-01-01 01:01:01.0(Timestamp), null, null, null, null, null, null, null, null, null, 1(Integer), (String), null
10:45:10,917 [main] DEBUG org.activiti.engine.impl.persistence.entity.TaskEntity.insertTask  - &lt;==    Updates: 1
10:45:10,917 [main] DEBUG org.activiti.engine.impl.cfg.standalone.StandaloneMybatisTransactionContext  - firing event committing...
10:45:10,917 [main] DEBUG org.activiti.engine.impl.cfg.standalone.StandaloneMybatisTransactionContext  - committing the ibatis sql session...
10:45:10,917 [main] DEBUG org.apache.ibatis.transaction.jdbc.JdbcTransaction  - Committing JDBC Connection [conn2: url=jdbc:h2:mem:activiti user=SA]
10:45:10,917 [main] DEBUG org.activiti.engine.impl.cfg.standalone.StandaloneMybatisTransactionContext  - firing event committed...
10:45:10,917 [main] DEBUG org.apache.ibatis.transaction.jdbc.JdbcTransaction  - Resetting autocommit to true on JDBC Connection [conn2: url=jdbc:h2:mem:activiti user=SA]
10:45:10,917 [main] DEBUG org.apache.ibatis.transaction.jdbc.JdbcTransaction  - Closing JDBC Connection [conn2: url=jdbc:h2:mem:activiti user=SA]
10:45:10,917 [main] DEBUG org.apache.ibatis.datasource.pooled.PooledDataSource  - Returned connection 363509958 to pool.
10:45:10,917 [main] DEBUG org.activiti.engine.impl.interceptor.LogInterceptor  - --- SaveTaskCmd finished --------------------------------------------------------
10:45:10,917 [main] DEBUG org.activiti.engine.impl.interceptor.LogInterceptor  - 

10:45:10,917 [main] DEBUG org.activiti.engine.impl.interceptor.LogInterceptor  - 

10:45:10,917 [main] DEBUG org.activiti.engine.impl.interceptor.LogInterceptor  - --- starting AddIdentityLinkCmd --------------------------------------------------------
10:45:10,917 [main] DEBUG org.apache.ibatis.transaction.jdbc.JdbcTransaction  - Opening JDBC Connection
10:45:10,917 [main] DEBUG org.apache.ibatis.datasource.pooled.PooledDataSource  - Checked out connection 297240765 from pool.
10:45:10,917 [main] DEBUG org.apache.ibatis.transaction.jdbc.JdbcTransaction  - Setting autocommit to false on JDBC Connection [conn4: url=jdbc:h2:mem:activiti user=SA]
10:45:10,917 [main] DEBUG org.activiti.engine.impl.persistence.entity.TaskEntity.selectTask  - ==&gt;  Preparing: select * from ACT_RU_TASK where ID_ = ? 
10:45:10,917 [main] DEBUG org.activiti.engine.impl.persistence.entity.TaskEntity.selectTask  - ==&gt; Parameters: 867(String)
10:45:10,917 [main] DEBUG org.activiti.engine.impl.persistence.entity.TaskEntity.selectTask  - &lt;==      Total: 1
10:45:10,917 [main] DEBUG org.activiti.engine.impl.history.DefaultHistoryManager  - Current history level: FULL, level required: AUDIT
10:45:10,917 [main] DEBUG org.activiti.engine.impl.persistence.entity.HistoricTaskInstanceEntity.selectHistoricTaskInstance  - ==&gt;  Preparing: select * from ACT_HI_TASKINST where ID_ = ? 
10:45:10,917 [main] DEBUG org.activiti.engine.impl.persistence.entity.HistoricTaskInstanceEntity.selectHistoricTaskInstance  - ==&gt; Parameters: 867(String)
10:45:10,917 [main] DEBUG org.activiti.engine.impl.persistence.entity.HistoricTaskInstanceEntity.selectHistoricTaskInstance  - &lt;==      Total: 1
10:45:10,917 [main] DEBUG org.activiti.engine.impl.history.DefaultHistoryManager  - Current history level: FULL
10:45:10,917 [main] DEBUG org.activiti.engine.impl.history.DefaultHistoryManager  - Current history level: FULL
10:45:10,917 [main] DEBUG org.activiti.engine.impl.db.DbSqlSession  -   insert org.activiti.engine.impl.persistence.entity.CommentEntity@5c2f5dc
10:45:10,917 [main] DEBUG org.activiti.engine.impl.db.DbSqlSession  -   update Task[id=867, name=gonzoSubTask1_1]
10:45:10,917 [main] DEBUG org.activiti.engine.impl.db.DbSqlSession  -   update HistoricTaskInstanceEntity[id=867, name=gonzoSubTask1_1]
10:45:10,917 [main] DEBUG org.activiti.engine.impl.db.DbSqlSession  - flush summary: 1 insert, 2 update, 0 delete.
10:45:10,917 [main] DEBUG org.activiti.engine.impl.db.DbSqlSession  - now executing flush...
10:45:10,917 [main] DEBUG org.activiti.engine.impl.db.DbSqlSession  - inserting: org.activiti.engine.impl.persistence.entity.CommentEntity@5c2f5dc
10:45:10,917 [main] DEBUG org.activiti.engine.impl.persistence.entity.CommentEntity.insertComment  - ==&gt;  Preparing: insert into ACT_HI_COMMENT (ID_, TYPE_, TIME_, USER_ID_, TASK_ID_, PROC_INST_ID_, ACTION_, MESSAGE_, FULL_MSG_) values (?, ?, ?, ?, ?, ?, ?, ?, ?) 
10:45:10,917 [main] DEBUG org.activiti.engine.impl.persistence.entity.CommentEntity.insertComment  - ==&gt; Parameters: 868(String), event(String), 2009-01-01 01:01:01.0(Timestamp), null, 867(String), null, AddUserLink(String), gonzo_|_assignee(String), null
10:45:10,917 [main] DEBUG org.activiti.engine.impl.persistence.entity.CommentEntity.insertComment  - &lt;==    Updates: 1
10:45:10,917 [main] DEBUG org.activiti.engine.impl.db.DbSqlSession  - updating: Task[id=867, name=gonzoSubTask1_1]
10:45:10,917 [main] DEBUG org.activiti.engine.impl.persistence.entity.TaskEntity.updateTask  - ==&gt;  Preparing: update ACT_RU_TASK SET REV_ = ?, NAME_ = ?, PARENT_TASK_ID_ = ?, PRIORITY_ = ?, CREATE_TIME_ = ?, OWNER_ = ?, ASSIGNEE_ = ?, DELEGATION_ = ?, EXECUTION_ID_ = ?, PROC_DEF_ID_ = ?, DESCRIPTION_ = ?, DUE_DATE_ = ?, CATEGORY_ = ?, SUSPENSION_STATE_ = ?, FORM_KEY_ = ? where ID_= ? and REV_ = ? 
10:45:10,917 [main] DEBUG org.activiti.engine.impl.persistence.entity.TaskEntity.updateTask  - ==&gt; Parameters: 2(Integer), gonzoSubTask1_1(String), 863(String), 50(Integer), 2009-01-01 01:01:01.0(Timestamp), null, gonzo(String), null, null, null, description for gonzo sub-task1_1(String), null, null, 1(Integer), null, 867(String), 1(Integer)
10:45:10,917 [main] DEBUG org.activiti.engine.impl.persistence.entity.TaskEntity.updateTask  - &lt;==    Updates: 1
10:45:10,917 [main] DEBUG org.activiti.engine.impl.db.DbSqlSession  - updating: HistoricTaskInstanceEntity[id=867, name=gonzoSubTask1_1]
10:45:10,917 [main] DEBUG org.activiti.engine.impl.persistence.entity.HistoricTaskInstanceEntity.updateHistoricTaskInstance  - ==&gt;  Preparing: update ACT_HI_TASKINST set EXECUTION_ID_ = ?, NAME_ = ?, PARENT_TASK_ID_ = ?, DESCRIPTION_ = ?, OWNER_ = ?, ASSIGNEE_ = ?, CLAIM_TIME_ = ?, END_TIME_ = ?, DURATION_ = ?, DELETE_REASON_ = ?, TASK_DEF_KEY_ = ?, FORM_KEY_ = ?, PRIORITY_ = ?, DUE_DATE_ = ?, CATEGORY_ = ? where ID_ = ? 
10:45:10,917 [main] DEBUG org.activiti.engine.impl.persistence.entity.HistoricTaskInstanceEntity.updateHistoricTaskInstance  - ==&gt; Parameters: null, gonzoSubTask1_1(String), 863(String), description for gonzo sub-task1_1(String), null, gonzo(String), null, null, null, null, null, null, 50(Integer), null, null, 867(String)
10:45:10,917 [main] DEBUG org.activiti.engine.impl.persistence.entity.HistoricTaskInstanceEntity.updateHistoricTaskInstance  - &lt;==    Updates: 1
10:45:10,917 [main] DEBUG org.activiti.engine.impl.cfg.standalone.StandaloneMybatisTransactionContext  - firing event committing...
10:45:10,917 [main] DEBUG org.activiti.engine.impl.cfg.standalone.StandaloneMybatisTransactionContext  - committing the ibatis sql session...
10:45:10,917 [main] DEBUG org.apache.ibatis.transaction.jdbc.JdbcTransaction  - Committing JDBC Connection [conn4: url=jdbc:h2:mem:activiti user=SA]
10:45:10,917 [main] DEBUG org.activiti.engine.impl.cfg.standalone.StandaloneMybatisTransactionContext  - firing event committed...
10:45:10,917 [main] DEBUG org.apache.ibatis.transaction.jdbc.JdbcTransaction  - Resetting autocommit to true on JDBC Connection [conn4: url=jdbc:h2:mem:activiti user=SA]
10:45:10,917 [main] DEBUG org.apache.ibatis.transaction.jdbc.JdbcTransaction  - Closing JDBC Connection [conn4: url=jdbc:h2:mem:activiti user=SA]
10:45:10,917 [main] DEBUG org.apache.ibatis.datasource.pooled.PooledDataSource  - Returned connection 297240765 to pool.
10:45:10,917 [main] DEBUG org.activiti.engine.impl.interceptor.LogInterceptor  - --- AddIdentityLinkCmd finished --------------------------------------------------------
10:45:10,917 [main] DEBUG org.activiti.engine.impl.interceptor.LogInterceptor  - 

10:45:10,917 [main] DEBUG org.activiti.engine.impl.interceptor.LogInterceptor  - 

10:45:10,917 [main] DEBUG org.activiti.engine.impl.interceptor.LogInterceptor  - --- starting NewTaskCmd --------------------------------------------------------
10:45:10,917 [main] DEBUG org.activiti.engine.impl.cfg.standalone.StandaloneMybatisTransactionContext  - firing event committing...
10:45:10,917 [main] DEBUG org.activiti.engine.impl.cfg.standalone.StandaloneMybatisTransactionContext  - committing the ibatis sql session...
10:45:10,917 [main] DEBUG org.activiti.engine.impl.cfg.standalone.StandaloneMybatisTransactionContext  - firing event committed...
10:45:10,917 [main] DEBUG org.activiti.engine.impl.interceptor.LogInterceptor  - --- NewTaskCmd finished --------------------------------------------------------
10:45:10,917 [main] DEBUG org.activiti.engine.impl.interceptor.LogInterceptor  - 

10:45:10,917 [main] DEBUG org.activiti.engine.impl.interceptor.LogInterceptor  - 

10:45:10,917 [main] DEBUG org.activiti.engine.impl.interceptor.LogInterceptor  - --- starting SaveTaskCmd --------------------------------------------------------
10:45:10,917 [main] DEBUG org.activiti.engine.impl.history.DefaultHistoryManager  - Current history level: FULL, level required: AUDIT
10:45:10,917 [main] DEBUG org.activiti.engine.impl.db.DbSqlSession  -   insert Task[id=869, name=gonzoSubTask1_2]
10:45:10,917 [main] DEBUG org.activiti.engine.impl.db.DbSqlSession  -   insert HistoricTaskInstanceEntity[id=869, name=gonzoSubTask1_2]
10:45:10,917 [main] DEBUG org.activiti.engine.impl.db.DbSqlSession  - flush summary: 2 insert, 0 update, 0 delete.
10:45:10,917 [main] DEBUG org.activiti.engine.impl.db.DbSqlSession  - now executing flush...
10:45:10,917 [main] DEBUG org.activiti.engine.impl.db.DbSqlSession  - inserting: HistoricTaskInstanceEntity[id=869, name=gonzoSubTask1_2]
10:45:10,917 [main] DEBUG org.apache.ibatis.transaction.jdbc.JdbcTransaction  - Opening JDBC Connection
10:45:10,917 [main] DEBUG org.apache.ibatis.datasource.pooled.PooledDataSource  - Checked out connection 486346394 from pool.
10:45:10,917 [main] DEBUG org.apache.ibatis.transaction.jdbc.JdbcTransaction  - Setting autocommit to false on JDBC Connection [conn6: url=jdbc:h2:mem:activiti user=SA]
10:45:10,917 [main] DEBUG org.activiti.engine.impl.persistence.entity.HistoricTaskInstanceEntity.insertHistoricTaskInstance  - ==&gt;  Preparing: insert into ACT_HI_TASKINST ( ID_, PROC_DEF_ID_, PROC_INST_ID_, EXECUTION_ID_, NAME_, PARENT_TASK_ID_, DESCRIPTION_, OWNER_, ASSIGNEE_, START_TIME_, CLAIM_TIME_, END_TIME_, DURATION_, DELETE_REASON_, TASK_DEF_KEY_, FORM_KEY_, PRIORITY_, DUE_DATE_, CATEGORY_, TENANT_ID_ ) values ( ?, ?, ?, ?, ?, ?, ?, ?, ?, ?, ?, ?, ?, ?, ?, ?, ?, ?, ?, ? ) 
10:45:10,917 [main] DEBUG org.activiti.engine.impl.persistence.entity.HistoricTaskInstanceEntity.insertHistoricTaskInstance  - ==&gt; Parameters: 869(String), null, null, null, gonzoSubTask1_2(String), 863(String), description for gonzo sub-task1_2(String), null, null, 2009-01-01 01:01:01.0(Timestamp), null, null, null, null, null, null, 50(Integer), null, null, (String)
10:45:10,917 [main] DEBUG org.activiti.engine.impl.persistence.entity.HistoricTaskInstanceEntity.insertHistoricTaskInstance  - &lt;==    Updates: 1
10:45:10,917 [main] DEBUG org.activiti.engine.impl.db.DbSqlSession  - inserting: Task[id=869, name=gonzoSubTask1_2]
10:45:10,917 [main] DEBUG org.activiti.engine.impl.persistence.entity.TaskEntity.insertTask  - ==&gt;  Preparing: insert into ACT_RU_TASK (ID_, REV_, NAME_, PARENT_TASK_ID_, DESCRIPTION_, PRIORITY_, CREATE_TIME_, OWNER_, ASSIGNEE_, DELEGATION_, EXECUTION_ID_, PROC_INST_ID_, PROC_DEF_ID_, TASK_DEF_KEY_, DUE_DATE_, CATEGORY_, SUSPENSION_STATE_, TENANT_ID_, FORM_KEY_) values (?, 1, ?, ?, ?, ?, ?, ?, ?, ?, ?, ?, ?, ?, ?, ?, ?, ?, ? ) 
10:45:10,917 [main] DEBUG org.activiti.engine.impl.persistence.entity.TaskEntity.insertTask  - ==&gt; Parameters: 869(String), gonzoSubTask1_2(String), 863(String), description for gonzo sub-task1_2(String), 50(Integer), 2009-01-01 01:01:01.0(Timestamp), null, null, null, null, null, null, null, null, null, 1(Integer), (String), null
10:45:10,917 [main] DEBUG org.activiti.engine.impl.persistence.entity.TaskEntity.insertTask  - &lt;==    Updates: 1
10:45:10,917 [main] DEBUG org.activiti.engine.impl.cfg.standalone.StandaloneMybatisTransactionContext  - firing event committing...
10:45:10,917 [main] DEBUG org.activiti.engine.impl.cfg.standalone.StandaloneMybatisTransactionContext  - committing the ibatis sql session...
10:45:10,917 [main] DEBUG org.apache.ibatis.transaction.jdbc.JdbcTransaction  - Committing JDBC Connection [conn6: url=jdbc:h2:mem:activiti user=SA]
10:45:10,917 [main] DEBUG org.activiti.engine.impl.cfg.standalone.StandaloneMybatisTransactionContext  - firing event committed...
10:45:10,917 [main] DEBUG org.apache.ibatis.transaction.jdbc.JdbcTransaction  - Resetting autocommit to true on JDBC Connection [conn6: url=jdbc:h2:mem:activiti user=SA]
10:45:10,917 [main] DEBUG org.apache.ibatis.transaction.jdbc.JdbcTransaction  - Closing JDBC Connection [conn6: url=jdbc:h2:mem:activiti user=SA]
10:45:10,917 [main] DEBUG org.apache.ibatis.datasource.pooled.PooledDataSource  - Returned connection 486346394 to pool.
10:45:10,917 [main] DEBUG org.activiti.engine.impl.interceptor.LogInterceptor  - --- SaveTaskCmd finished --------------------------------------------------------
10:45:10,917 [main] DEBUG org.activiti.engine.impl.interceptor.LogInterceptor  - 

10:45:10,917 [main] DEBUG org.activiti.engine.impl.interceptor.LogInterceptor  - 

10:45:10,917 [main] DEBUG org.activiti.engine.impl.interceptor.LogInterceptor  - --- starting AddIdentityLinkCmd --------------------------------------------------------
10:45:10,917 [main] DEBUG org.apache.ibatis.transaction.jdbc.JdbcTransaction  - Opening JDBC Connection
10:45:10,917 [main] DEBUG org.apache.ibatis.datasource.pooled.PooledDataSource  - Checked out connection 180014677 from pool.
10:45:10,917 [main] DEBUG org.apache.ibatis.transaction.jdbc.JdbcTransaction  - Setting autocommit to false on JDBC Connection [conn3: url=jdbc:h2:mem:activiti user=SA]
10:45:10,917 [main] DEBUG org.activiti.engine.impl.persistence.entity.TaskEntity.selectTask  - ==&gt;  Preparing: select * from ACT_RU_TASK where ID_ = ? 
10:45:10,917 [main] DEBUG org.activiti.engine.impl.persistence.entity.TaskEntity.selectTask  - ==&gt; Parameters: 869(String)
10:45:10,917 [main] DEBUG org.activiti.engine.impl.persistence.entity.TaskEntity.selectTask  - &lt;==      Total: 1
10:45:10,917 [main] DEBUG org.activiti.engine.impl.history.DefaultHistoryManager  - Current history level: FULL, level required: AUDIT
10:45:10,917 [main] DEBUG org.activiti.engine.impl.persistence.entity.HistoricTaskInstanceEntity.selectHistoricTaskInstance  - ==&gt;  Preparing: select * from ACT_HI_TASKINST where ID_ = ? 
10:45:10,917 [main] DEBUG org.activiti.engine.impl.persistence.entity.HistoricTaskInstanceEntity.selectHistoricTaskInstance  - ==&gt; Parameters: 869(String)
10:45:10,917 [main] DEBUG org.activiti.engine.impl.persistence.entity.HistoricTaskInstanceEntity.selectHistoricTaskInstance  - &lt;==      Total: 1
10:45:10,917 [main] DEBUG org.activiti.engine.impl.history.DefaultHistoryManager  - Current history level: FULL
10:45:10,918 [main] DEBUG org.activiti.engine.impl.history.DefaultHistoryManager  - Current history level: FULL
10:45:10,918 [main] DEBUG org.activiti.engine.impl.db.DbSqlSession  -   insert org.activiti.engine.impl.persistence.entity.CommentEntity@5166fe7a
10:45:10,918 [main] DEBUG org.activiti.engine.impl.db.DbSqlSession  -   update Task[id=869, name=gonzoSubTask1_2]
10:45:10,918 [main] DEBUG org.activiti.engine.impl.db.DbSqlSession  -   update HistoricTaskInstanceEntity[id=869, name=gonzoSubTask1_2]
10:45:10,918 [main] DEBUG org.activiti.engine.impl.db.DbSqlSession  - flush summary: 1 insert, 2 update, 0 delete.
10:45:10,918 [main] DEBUG org.activiti.engine.impl.db.DbSqlSession  - now executing flush...
10:45:10,918 [main] DEBUG org.activiti.engine.impl.db.DbSqlSession  - inserting: org.activiti.engine.impl.persistence.entity.CommentEntity@5166fe7a
10:45:10,918 [main] DEBUG org.activiti.engine.impl.persistence.entity.CommentEntity.insertComment  - ==&gt;  Preparing: insert into ACT_HI_COMMENT (ID_, TYPE_, TIME_, USER_ID_, TASK_ID_, PROC_INST_ID_, ACTION_, MESSAGE_, FULL_MSG_) values (?, ?, ?, ?, ?, ?, ?, ?, ?) 
10:45:10,918 [main] DEBUG org.activiti.engine.impl.persistence.entity.CommentEntity.insertComment  - ==&gt; Parameters: 870(String), event(String), 2009-01-01 01:01:01.0(Timestamp), null, 869(String), null, AddUserLink(String), gonzo_|_assignee(String), null
10:45:10,918 [main] DEBUG org.activiti.engine.impl.persistence.entity.CommentEntity.insertComment  - &lt;==    Updates: 1
10:45:10,918 [main] DEBUG org.activiti.engine.impl.db.DbSqlSession  - updating: Task[id=869, name=gonzoSubTask1_2]
10:45:10,918 [main] DEBUG org.activiti.engine.impl.persistence.entity.TaskEntity.updateTask  - ==&gt;  Preparing: update ACT_RU_TASK SET REV_ = ?, NAME_ = ?, PARENT_TASK_ID_ = ?, PRIORITY_ = ?, CREATE_TIME_ = ?, OWNER_ = ?, ASSIGNEE_ = ?, DELEGATION_ = ?, EXECUTION_ID_ = ?, PROC_DEF_ID_ = ?, DESCRIPTION_ = ?, DUE_DATE_ = ?, CATEGORY_ = ?, SUSPENSION_STATE_ = ?, FORM_KEY_ = ? where ID_= ? and REV_ = ? 
10:45:10,918 [main] DEBUG org.activiti.engine.impl.persistence.entity.TaskEntity.updateTask  - ==&gt; Parameters: 2(Integer), gonzoSubTask1_2(String), 863(String), 50(Integer), 2009-01-01 01:01:01.0(Timestamp), null, gonzo(String), null, null, null, description for gonzo sub-task1_2(String), null, null, 1(Integer), null, 869(String), 1(Integer)
10:45:10,918 [main] DEBUG org.activiti.engine.impl.persistence.entity.TaskEntity.updateTask  - &lt;==    Updates: 1
10:45:10,918 [main] DEBUG org.activiti.engine.impl.db.DbSqlSession  - updating: HistoricTaskInstanceEntity[id=869, name=gonzoSubTask1_2]
10:45:10,918 [main] DEBUG org.activiti.engine.impl.persistence.entity.HistoricTaskInstanceEntity.updateHistoricTaskInstance  - ==&gt;  Preparing: update ACT_HI_TASKINST set EXECUTION_ID_ = ?, NAME_ = ?, PARENT_TASK_ID_ = ?, DESCRIPTION_ = ?, OWNER_ = ?, ASSIGNEE_ = ?, CLAIM_TIME_ = ?, END_TIME_ = ?, DURATION_ = ?, DELETE_REASON_ = ?, TASK_DEF_KEY_ = ?, FORM_KEY_ = ?, PRIORITY_ = ?, DUE_DATE_ = ?, CATEGORY_ = ? where ID_ = ? 
10:45:10,918 [main] DEBUG org.activiti.engine.impl.persistence.entity.HistoricTaskInstanceEntity.updateHistoricTaskInstance  - ==&gt; Parameters: null, gonzoSubTask1_2(String), 863(String), description for gonzo sub-task1_2(String), null, gonzo(String), null, null, null, null, null, null, 50(Integer), null, null, 869(String)
10:45:10,918 [main] DEBUG org.activiti.engine.impl.persistence.entity.HistoricTaskInstanceEntity.updateHistoricTaskInstance  - &lt;==    Updates: 1
10:45:10,918 [main] DEBUG org.activiti.engine.impl.cfg.standalone.StandaloneMybatisTransactionContext  - firing event committing...
10:45:10,918 [main] DEBUG org.activiti.engine.impl.cfg.standalone.StandaloneMybatisTransactionContext  - committing the ibatis sql session...
10:45:10,918 [main] DEBUG org.apache.ibatis.transaction.jdbc.JdbcTransaction  - Committing JDBC Connection [conn3: url=jdbc:h2:mem:activiti user=SA]
10:45:10,918 [main] DEBUG org.activiti.engine.impl.cfg.standalone.StandaloneMybatisTransactionContext  - firing event committed...
10:45:10,918 [main] DEBUG org.apache.ibatis.transaction.jdbc.JdbcTransaction  - Resetting autocommit to true on JDBC Connection [conn3: url=jdbc:h2:mem:activiti user=SA]
10:45:10,918 [main] DEBUG org.apache.ibatis.transaction.jdbc.JdbcTransaction  - Closing JDBC Connection [conn3: url=jdbc:h2:mem:activiti user=SA]
10:45:10,918 [main] DEBUG org.apache.ibatis.datasource.pooled.PooledDataSource  - Returned connection 180014677 to pool.
10:45:10,918 [main] DEBUG org.activiti.engine.impl.interceptor.LogInterceptor  - --- AddIdentityLinkCmd finished --------------------------------------------------------
10:45:10,918 [main] DEBUG org.activiti.engine.impl.interceptor.LogInterceptor  - 

10:45:10,918 [main] DEBUG org.activiti.engine.impl.interceptor.LogInterceptor  - 

10:45:10,918 [main] DEBUG org.activiti.engine.impl.interceptor.LogInterceptor  - --- starting NewTaskCmd --------------------------------------------------------
10:45:10,918 [main] DEBUG org.activiti.engine.impl.cfg.standalone.StandaloneMybatisTransactionContext  - firing event committing...
10:45:10,918 [main] DEBUG org.activiti.engine.impl.cfg.standalone.StandaloneMybatisTransactionContext  - committing the ibatis sql session...
10:45:10,918 [main] DEBUG org.activiti.engine.impl.cfg.standalone.StandaloneMybatisTransactionContext  - firing event committed...
10:45:10,918 [main] DEBUG org.activiti.engine.impl.interceptor.LogInterceptor  - --- NewTaskCmd finished --------------------------------------------------------
10:45:10,918 [main] DEBUG org.activiti.engine.impl.interceptor.LogInterceptor  - 

10:45:10,918 [main] DEBUG org.activiti.engine.impl.interceptor.LogInterceptor  - 

10:45:10,918 [main] DEBUG org.activiti.engine.impl.interceptor.LogInterceptor  - --- starting SaveTaskCmd --------------------------------------------------------
10:45:10,918 [main] DEBUG org.activiti.engine.impl.history.DefaultHistoryManager  - Current history level: FULL, level required: AUDIT
10:45:10,918 [main] DEBUG org.activiti.engine.impl.db.DbSqlSession  -   insert Task[id=871, name=gonzoSubTask1_3]
10:45:10,918 [main] DEBUG org.activiti.engine.impl.db.DbSqlSession  -   insert HistoricTaskInstanceEntity[id=871, name=gonzoSubTask1_3]
10:45:10,918 [main] DEBUG org.activiti.engine.impl.db.DbSqlSession  - flush summary: 2 insert, 0 update, 0 delete.
10:45:10,918 [main] DEBUG org.activiti.engine.impl.db.DbSqlSession  - now executing flush...
10:45:10,918 [main] DEBUG org.activiti.engine.impl.db.DbSqlSession  - inserting: HistoricTaskInstanceEntity[id=871, name=gonzoSubTask1_3]
10:45:10,918 [main] DEBUG org.apache.ibatis.transaction.jdbc.JdbcTransaction  - Opening JDBC Connection
10:45:10,918 [main] DEBUG org.apache.ibatis.datasource.pooled.PooledDataSource  - Checked out connection 363509958 from pool.
10:45:10,918 [main] DEBUG org.apache.ibatis.transaction.jdbc.JdbcTransaction  - Setting autocommit to false on JDBC Connection [conn2: url=jdbc:h2:mem:activiti user=SA]
10:45:10,918 [main] DEBUG org.activiti.engine.impl.persistence.entity.HistoricTaskInstanceEntity.insertHistoricTaskInstance  - ==&gt;  Preparing: insert into ACT_HI_TASKINST ( ID_, PROC_DEF_ID_, PROC_INST_ID_, EXECUTION_ID_, NAME_, PARENT_TASK_ID_, DESCRIPTION_, OWNER_, ASSIGNEE_, START_TIME_, CLAIM_TIME_, END_TIME_, DURATION_, DELETE_REASON_, TASK_DEF_KEY_, FORM_KEY_, PRIORITY_, DUE_DATE_, CATEGORY_, TENANT_ID_ ) values ( ?, ?, ?, ?, ?, ?, ?, ?, ?, ?, ?, ?, ?, ?, ?, ?, ?, ?, ?, ? ) 
10:45:10,918 [main] DEBUG org.activiti.engine.impl.persistence.entity.HistoricTaskInstanceEntity.insertHistoricTaskInstance  - ==&gt; Parameters: 871(String), null, null, null, gonzoSubTask1_3(String), 863(String), description for gonzo sub-task1_3(String), null, null, 2009-01-01 01:01:01.0(Timestamp), null, null, null, null, null, null, 50(Integer), null, null, (String)
10:45:10,918 [main] DEBUG org.activiti.engine.impl.persistence.entity.HistoricTaskInstanceEntity.insertHistoricTaskInstance  - &lt;==    Updates: 1
10:45:10,918 [main] DEBUG org.activiti.engine.impl.db.DbSqlSession  - inserting: Task[id=871, name=gonzoSubTask1_3]
10:45:10,918 [main] DEBUG org.activiti.engine.impl.persistence.entity.TaskEntity.insertTask  - ==&gt;  Preparing: insert into ACT_RU_TASK (ID_, REV_, NAME_, PARENT_TASK_ID_, DESCRIPTION_, PRIORITY_, CREATE_TIME_, OWNER_, ASSIGNEE_, DELEGATION_, EXECUTION_ID_, PROC_INST_ID_, PROC_DEF_ID_, TASK_DEF_KEY_, DUE_DATE_, CATEGORY_, SUSPENSION_STATE_, TENANT_ID_, FORM_KEY_) values (?, 1, ?, ?, ?, ?, ?, ?, ?, ?, ?, ?, ?, ?, ?, ?, ?, ?, ? ) 
10:45:10,918 [main] DEBUG org.activiti.engine.impl.persistence.entity.TaskEntity.insertTask  - ==&gt; Parameters: 871(String), gonzoSubTask1_3(String), 863(String), description for gonzo sub-task1_3(String), 50(Integer), 2009-01-01 01:01:01.0(Timestamp), null, null, null, null, null, null, null, null, null, 1(Integer), (String), null
10:45:10,918 [main] DEBUG org.activiti.engine.impl.persistence.entity.TaskEntity.insertTask  - &lt;==    Updates: 1
10:45:10,918 [main] DEBUG org.activiti.engine.impl.cfg.standalone.StandaloneMybatisTransactionContext  - firing event committing...
10:45:10,918 [main] DEBUG org.activiti.engine.impl.cfg.standalone.StandaloneMybatisTransactionContext  - committing the ibatis sql session...
10:45:10,918 [main] DEBUG org.apache.ibatis.transaction.jdbc.JdbcTransaction  - Committing JDBC Connection [conn2: url=jdbc:h2:mem:activiti user=SA]
10:45:10,918 [main] DEBUG org.activiti.engine.impl.cfg.standalone.StandaloneMybatisTransactionContext  - firing event committed...
10:45:10,918 [main] DEBUG org.apache.ibatis.transaction.jdbc.JdbcTransaction  - Resetting autocommit to true on JDBC Connection [conn2: url=jdbc:h2:mem:activiti user=SA]
10:45:10,918 [main] DEBUG org.apache.ibatis.transaction.jdbc.JdbcTransaction  - Closing JDBC Connection [conn2: url=jdbc:h2:mem:activiti user=SA]
10:45:10,918 [main] DEBUG org.apache.ibatis.datasource.pooled.PooledDataSource  - Returned connection 363509958 to pool.
10:45:10,918 [main] DEBUG org.activiti.engine.impl.interceptor.LogInterceptor  - --- SaveTaskCmd finished --------------------------------------------------------
10:45:10,918 [main] DEBUG org.activiti.engine.impl.interceptor.LogInterceptor  - 

10:45:10,918 [main] DEBUG org.activiti.engine.impl.interceptor.LogInterceptor  - 

10:45:10,918 [main] DEBUG org.activiti.engine.impl.interceptor.LogInterceptor  - --- starting AddIdentityLinkCmd --------------------------------------------------------
10:45:10,918 [main] DEBUG org.apache.ibatis.transaction.jdbc.JdbcTransaction  - Opening JDBC Connection
10:45:10,918 [main] DEBUG org.apache.ibatis.datasource.pooled.PooledDataSource  - Checked out connection 297240765 from pool.
10:45:10,918 [main] DEBUG org.apache.ibatis.transaction.jdbc.JdbcTransaction  - Setting autocommit to false on JDBC Connection [conn4: url=jdbc:h2:mem:activiti user=SA]
10:45:10,918 [main] DEBUG org.activiti.engine.impl.persistence.entity.TaskEntity.selectTask  - ==&gt;  Preparing: select * from ACT_RU_TASK where ID_ = ? 
10:45:10,918 [main] DEBUG org.activiti.engine.impl.persistence.entity.TaskEntity.selectTask  - ==&gt; Parameters: 871(String)
10:45:10,918 [main] DEBUG org.activiti.engine.impl.persistence.entity.TaskEntity.selectTask  - &lt;==      Total: 1
10:45:10,918 [main] DEBUG org.activiti.engine.impl.history.DefaultHistoryManager  - Current history level: FULL, level required: AUDIT
10:45:10,918 [main] DEBUG org.activiti.engine.impl.persistence.entity.HistoricTaskInstanceEntity.selectHistoricTaskInstance  - ==&gt;  Preparing: select * from ACT_HI_TASKINST where ID_ = ? 
10:45:10,918 [main] DEBUG org.activiti.engine.impl.persistence.entity.HistoricTaskInstanceEntity.selectHistoricTaskInstance  - ==&gt; Parameters: 871(String)
10:45:10,918 [main] DEBUG org.activiti.engine.impl.persistence.entity.HistoricTaskInstanceEntity.selectHistoricTaskInstance  - &lt;==      Total: 1
10:45:10,918 [main] DEBUG org.activiti.engine.impl.history.DefaultHistoryManager  - Current history level: FULL
10:45:10,918 [main] DEBUG org.activiti.engine.impl.history.DefaultHistoryManager  - Current history level: FULL
10:45:10,918 [main] DEBUG org.activiti.engine.impl.db.DbSqlSession  -   insert org.activiti.engine.impl.persistence.entity.CommentEntity@7a925ac4
10:45:10,918 [main] DEBUG org.activiti.engine.impl.db.DbSqlSession  -   update Task[id=871, name=gonzoSubTask1_3]
10:45:10,918 [main] DEBUG org.activiti.engine.impl.db.DbSqlSession  -   update HistoricTaskInstanceEntity[id=871, name=gonzoSubTask1_3]
10:45:10,918 [main] DEBUG org.activiti.engine.impl.db.DbSqlSession  - flush summary: 1 insert, 2 update, 0 delete.
10:45:10,918 [main] DEBUG org.activiti.engine.impl.db.DbSqlSession  - now executing flush...
10:45:10,918 [main] DEBUG org.activiti.engine.impl.db.DbSqlSession  - inserting: org.activiti.engine.impl.persistence.entity.CommentEntity@7a925ac4
10:45:10,918 [main] DEBUG org.activiti.engine.impl.persistence.entity.CommentEntity.insertComment  - ==&gt;  Preparing: insert into ACT_HI_COMMENT (ID_, TYPE_, TIME_, USER_ID_, TASK_ID_, PROC_INST_ID_, ACTION_, MESSAGE_, FULL_MSG_) values (?, ?, ?, ?, ?, ?, ?, ?, ?) 
10:45:10,918 [main] DEBUG org.activiti.engine.impl.persistence.entity.CommentEntity.insertComment  - ==&gt; Parameters: 872(String), event(String), 2009-01-01 01:01:01.0(Timestamp), null, 871(String), null, AddUserLink(String), gonzo_|_assignee(String), null
10:45:10,918 [main] DEBUG org.activiti.engine.impl.persistence.entity.CommentEntity.insertComment  - &lt;==    Updates: 1
10:45:10,918 [main] DEBUG org.activiti.engine.impl.db.DbSqlSession  - updating: Task[id=871, name=gonzoSubTask1_3]
10:45:10,919 [main] DEBUG org.activiti.engine.impl.persistence.entity.TaskEntity.updateTask  - ==&gt;  Preparing: update ACT_RU_TASK SET REV_ = ?, NAME_ = ?, PARENT_TASK_ID_ = ?, PRIORITY_ = ?, CREATE_TIME_ = ?, OWNER_ = ?, ASSIGNEE_ = ?, DELEGATION_ = ?, EXECUTION_ID_ = ?, PROC_DEF_ID_ = ?, DESCRIPTION_ = ?, DUE_DATE_ = ?, CATEGORY_ = ?, SUSPENSION_STATE_ = ?, FORM_KEY_ = ? where ID_= ? and REV_ = ? 
10:45:10,919 [main] DEBUG org.activiti.engine.impl.persistence.entity.TaskEntity.updateTask  - ==&gt; Parameters: 2(Integer), gonzoSubTask1_3(String), 863(String), 50(Integer), 2009-01-01 01:01:01.0(Timestamp), null, gonzo(String), null, null, null, description for gonzo sub-task1_3(String), null, null, 1(Integer), null, 871(String), 1(Integer)
10:45:10,919 [main] DEBUG org.activiti.engine.impl.persistence.entity.TaskEntity.updateTask  - &lt;==    Updates: 1
10:45:10,919 [main] DEBUG org.activiti.engine.impl.db.DbSqlSession  - updating: HistoricTaskInstanceEntity[id=871, name=gonzoSubTask1_3]
10:45:10,919 [main] DEBUG org.activiti.engine.impl.persistence.entity.HistoricTaskInstanceEntity.updateHistoricTaskInstance  - ==&gt;  Preparing: update ACT_HI_TASKINST set EXECUTION_ID_ = ?, NAME_ = ?, PARENT_TASK_ID_ = ?, DESCRIPTION_ = ?, OWNER_ = ?, ASSIGNEE_ = ?, CLAIM_TIME_ = ?, END_TIME_ = ?, DURATION_ = ?, DELETE_REASON_ = ?, TASK_DEF_KEY_ = ?, FORM_KEY_ = ?, PRIORITY_ = ?, DUE_DATE_ = ?, CATEGORY_ = ? where ID_ = ? 
10:45:10,919 [main] DEBUG org.activiti.engine.impl.persistence.entity.HistoricTaskInstanceEntity.updateHistoricTaskInstance  - ==&gt; Parameters: null, gonzoSubTask1_3(String), 863(String), description for gonzo sub-task1_3(String), null, gonzo(String), null, null, null, null, null, null, 50(Integer), null, null, 871(String)
10:45:10,919 [main] DEBUG org.activiti.engine.impl.persistence.entity.HistoricTaskInstanceEntity.updateHistoricTaskInstance  - &lt;==    Updates: 1
10:45:10,919 [main] DEBUG org.activiti.engine.impl.cfg.standalone.StandaloneMybatisTransactionContext  - firing event committing...
10:45:10,919 [main] DEBUG org.activiti.engine.impl.cfg.standalone.StandaloneMybatisTransactionContext  - committing the ibatis sql session...
10:45:10,919 [main] DEBUG org.apache.ibatis.transaction.jdbc.JdbcTransaction  - Committing JDBC Connection [conn4: url=jdbc:h2:mem:activiti user=SA]
10:45:10,919 [main] DEBUG org.activiti.engine.impl.cfg.standalone.StandaloneMybatisTransactionContext  - firing event committed...
10:45:10,919 [main] DEBUG org.apache.ibatis.transaction.jdbc.JdbcTransaction  - Resetting autocommit to true on JDBC Connection [conn4: url=jdbc:h2:mem:activiti user=SA]
10:45:10,919 [main] DEBUG org.apache.ibatis.transaction.jdbc.JdbcTransaction  - Closing JDBC Connection [conn4: url=jdbc:h2:mem:activiti user=SA]
10:45:10,919 [main] DEBUG org.apache.ibatis.datasource.pooled.PooledDataSource  - Returned connection 297240765 to pool.
10:45:10,919 [main] DEBUG org.activiti.engine.impl.interceptor.LogInterceptor  - --- AddIdentityLinkCmd finished --------------------------------------------------------
10:45:10,919 [main] DEBUG org.activiti.engine.impl.interceptor.LogInterceptor  - 

10:45:10,919 [main] DEBUG org.activiti.engine.impl.interceptor.LogInterceptor  - 

10:45:10,919 [main] DEBUG org.activiti.engine.impl.interceptor.LogInterceptor  - --- starting NewTaskCmd --------------------------------------------------------
10:45:10,919 [main] DEBUG org.activiti.engine.impl.cfg.standalone.StandaloneMybatisTransactionContext  - firing event committing...
10:45:10,919 [main] DEBUG org.activiti.engine.impl.cfg.standalone.StandaloneMybatisTransactionContext  - committing the ibatis sql session...
10:45:10,919 [main] DEBUG org.activiti.engine.impl.cfg.standalone.StandaloneMybatisTransactionContext  - firing event committed...
10:45:10,919 [main] DEBUG org.activiti.engine.impl.interceptor.LogInterceptor  - --- NewTaskCmd finished --------------------------------------------------------
10:45:10,919 [main] DEBUG org.activiti.engine.impl.interceptor.LogInterceptor  - 

10:45:10,919 [main] DEBUG org.activiti.engine.impl.interceptor.LogInterceptor  - 

10:45:10,919 [main] DEBUG org.activiti.engine.impl.interceptor.LogInterceptor  - --- starting SaveTaskCmd --------------------------------------------------------
10:45:10,919 [main] DEBUG org.activiti.engine.impl.history.DefaultHistoryManager  - Current history level: FULL, level required: AUDIT
10:45:10,919 [main] DEBUG org.activiti.engine.impl.db.DbSqlSession  -   insert Task[id=873, name=gonzoSubTask2_1]
10:45:10,919 [main] DEBUG org.activiti.engine.impl.db.DbSqlSession  -   insert HistoricTaskInstanceEntity[id=873, name=gonzoSubTask2_1]
10:45:10,919 [main] DEBUG org.activiti.engine.impl.db.DbSqlSession  - flush summary: 2 insert, 0 update, 0 delete.
10:45:10,919 [main] DEBUG org.activiti.engine.impl.db.DbSqlSession  - now executing flush...
10:45:10,919 [main] DEBUG org.activiti.engine.impl.db.DbSqlSession  - inserting: HistoricTaskInstanceEntity[id=873, name=gonzoSubTask2_1]
10:45:10,919 [main] DEBUG org.apache.ibatis.transaction.jdbc.JdbcTransaction  - Opening JDBC Connection
10:45:10,919 [main] DEBUG org.apache.ibatis.datasource.pooled.PooledDataSource  - Checked out connection 486346394 from pool.
10:45:10,919 [main] DEBUG org.apache.ibatis.transaction.jdbc.JdbcTransaction  - Setting autocommit to false on JDBC Connection [conn6: url=jdbc:h2:mem:activiti user=SA]
10:45:10,919 [main] DEBUG org.activiti.engine.impl.persistence.entity.HistoricTaskInstanceEntity.insertHistoricTaskInstance  - ==&gt;  Preparing: insert into ACT_HI_TASKINST ( ID_, PROC_DEF_ID_, PROC_INST_ID_, EXECUTION_ID_, NAME_, PARENT_TASK_ID_, DESCRIPTION_, OWNER_, ASSIGNEE_, START_TIME_, CLAIM_TIME_, END_TIME_, DURATION_, DELETE_REASON_, TASK_DEF_KEY_, FORM_KEY_, PRIORITY_, DUE_DATE_, CATEGORY_, TENANT_ID_ ) values ( ?, ?, ?, ?, ?, ?, ?, ?, ?, ?, ?, ?, ?, ?, ?, ?, ?, ?, ?, ? ) 
10:45:10,919 [main] DEBUG org.activiti.engine.impl.persistence.entity.HistoricTaskInstanceEntity.insertHistoricTaskInstance  - ==&gt; Parameters: 873(String), null, null, null, gonzoSubTask2_1(String), 865(String), description for gonzo sub-task2_1(String), null, null, 2009-01-02 01:01:01.0(Timestamp), null, null, null, null, null, null, 50(Integer), null, null, (String)
10:45:10,919 [main] DEBUG org.activiti.engine.impl.persistence.entity.HistoricTaskInstanceEntity.insertHistoricTaskInstance  - &lt;==    Updates: 1
10:45:10,919 [main] DEBUG org.activiti.engine.impl.db.DbSqlSession  - inserting: Task[id=873, name=gonzoSubTask2_1]
10:45:10,919 [main] DEBUG org.activiti.engine.impl.persistence.entity.TaskEntity.insertTask  - ==&gt;  Preparing: insert into ACT_RU_TASK (ID_, REV_, NAME_, PARENT_TASK_ID_, DESCRIPTION_, PRIORITY_, CREATE_TIME_, OWNER_, ASSIGNEE_, DELEGATION_, EXECUTION_ID_, PROC_INST_ID_, PROC_DEF_ID_, TASK_DEF_KEY_, DUE_DATE_, CATEGORY_, SUSPENSION_STATE_, TENANT_ID_, FORM_KEY_) values (?, 1, ?, ?, ?, ?, ?, ?, ?, ?, ?, ?, ?, ?, ?, ?, ?, ?, ? ) 
10:45:10,919 [main] DEBUG org.activiti.engine.impl.persistence.entity.TaskEntity.insertTask  - ==&gt; Parameters: 873(String), gonzoSubTask2_1(String), 865(String), description for gonzo sub-task2_1(String), 50(Integer), 2009-01-02 01:01:01.0(Timestamp), null, null, null, null, null, null, null, null, null, 1(Integer), (String), null
10:45:10,919 [main] DEBUG org.activiti.engine.impl.persistence.entity.TaskEntity.insertTask  - &lt;==    Updates: 1
10:45:10,919 [main] DEBUG org.activiti.engine.impl.cfg.standalone.StandaloneMybatisTransactionContext  - firing event committing...
10:45:10,919 [main] DEBUG org.activiti.engine.impl.cfg.standalone.StandaloneMybatisTransactionContext  - committing the ibatis sql session...
10:45:10,919 [main] DEBUG org.apache.ibatis.transaction.jdbc.JdbcTransaction  - Committing JDBC Connection [conn6: url=jdbc:h2:mem:activiti user=SA]
10:45:10,919 [main] DEBUG org.activiti.engine.impl.cfg.standalone.StandaloneMybatisTransactionContext  - firing event committed...
10:45:10,919 [main] DEBUG org.apache.ibatis.transaction.jdbc.JdbcTransaction  - Resetting autocommit to true on JDBC Connection [conn6: url=jdbc:h2:mem:activiti user=SA]
10:45:10,919 [main] DEBUG org.apache.ibatis.transaction.jdbc.JdbcTransaction  - Closing JDBC Connection [conn6: url=jdbc:h2:mem:activiti user=SA]
10:45:10,919 [main] DEBUG org.apache.ibatis.datasource.pooled.PooledDataSource  - Returned connection 486346394 to pool.
10:45:10,919 [main] DEBUG org.activiti.engine.impl.interceptor.LogInterceptor  - --- SaveTaskCmd finished --------------------------------------------------------
10:45:10,919 [main] DEBUG org.activiti.engine.impl.interceptor.LogInterceptor  - 

10:45:10,919 [main] DEBUG org.activiti.engine.impl.interceptor.LogInterceptor  - 

10:45:10,919 [main] DEBUG org.activiti.engine.impl.interceptor.LogInterceptor  - --- starting AddIdentityLinkCmd --------------------------------------------------------
10:45:10,919 [main] DEBUG org.apache.ibatis.transaction.jdbc.JdbcTransaction  - Opening JDBC Connection
10:45:10,919 [main] DEBUG org.apache.ibatis.datasource.pooled.PooledDataSource  - Checked out connection 180014677 from pool.
10:45:10,919 [main] DEBUG org.apache.ibatis.transaction.jdbc.JdbcTransaction  - Setting autocommit to false on JDBC Connection [conn3: url=jdbc:h2:mem:activiti user=SA]
10:45:10,919 [main] DEBUG org.activiti.engine.impl.persistence.entity.TaskEntity.selectTask  - ==&gt;  Preparing: select * from ACT_RU_TASK where ID_ = ? 
10:45:10,919 [main] DEBUG org.activiti.engine.impl.persistence.entity.TaskEntity.selectTask  - ==&gt; Parameters: 873(String)
10:45:10,919 [main] DEBUG org.activiti.engine.impl.persistence.entity.TaskEntity.selectTask  - &lt;==      Total: 1
10:45:10,919 [main] DEBUG org.activiti.engine.impl.history.DefaultHistoryManager  - Current history level: FULL, level required: AUDIT
10:45:10,919 [main] DEBUG org.activiti.engine.impl.persistence.entity.HistoricTaskInstanceEntity.selectHistoricTaskInstance  - ==&gt;  Preparing: select * from ACT_HI_TASKINST where ID_ = ? 
10:45:10,919 [main] DEBUG org.activiti.engine.impl.persistence.entity.HistoricTaskInstanceEntity.selectHistoricTaskInstance  - ==&gt; Parameters: 873(String)
10:45:10,919 [main] DEBUG org.activiti.engine.impl.persistence.entity.HistoricTaskInstanceEntity.selectHistoricTaskInstance  - &lt;==      Total: 1
10:45:10,919 [main] DEBUG org.activiti.engine.impl.history.DefaultHistoryManager  - Current history level: FULL
10:45:10,919 [main] DEBUG org.activiti.engine.impl.history.DefaultHistoryManager  - Current history level: FULL
10:45:10,919 [main] DEBUG org.activiti.engine.impl.db.DbSqlSession  -   insert org.activiti.engine.impl.persistence.entity.CommentEntity@3b09582d
10:45:10,919 [main] DEBUG org.activiti.engine.impl.db.DbSqlSession  -   update Task[id=873, name=gonzoSubTask2_1]
10:45:10,919 [main] DEBUG org.activiti.engine.impl.db.DbSqlSession  -   update HistoricTaskInstanceEntity[id=873, name=gonzoSubTask2_1]
10:45:10,919 [main] DEBUG org.activiti.engine.impl.db.DbSqlSession  - flush summary: 1 insert, 2 update, 0 delete.
10:45:10,919 [main] DEBUG org.activiti.engine.impl.db.DbSqlSession  - now executing flush...
10:45:10,919 [main] DEBUG org.activiti.engine.impl.db.DbSqlSession  - inserting: org.activiti.engine.impl.persistence.entity.CommentEntity@3b09582d
10:45:10,919 [main] DEBUG org.activiti.engine.impl.persistence.entity.CommentEntity.insertComment  - ==&gt;  Preparing: insert into ACT_HI_COMMENT (ID_, TYPE_, TIME_, USER_ID_, TASK_ID_, PROC_INST_ID_, ACTION_, MESSAGE_, FULL_MSG_) values (?, ?, ?, ?, ?, ?, ?, ?, ?) 
10:45:10,919 [main] DEBUG org.activiti.engine.impl.persistence.entity.CommentEntity.insertComment  - ==&gt; Parameters: 874(String), event(String), 2009-01-02 01:01:01.0(Timestamp), null, 873(String), null, AddUserLink(String), gonzo_|_assignee(String), null
10:45:10,919 [main] DEBUG org.activiti.engine.impl.persistence.entity.CommentEntity.insertComment  - &lt;==    Updates: 1
10:45:10,919 [main] DEBUG org.activiti.engine.impl.db.DbSqlSession  - updating: Task[id=873, name=gonzoSubTask2_1]
10:45:10,919 [main] DEBUG org.activiti.engine.impl.persistence.entity.TaskEntity.updateTask  - ==&gt;  Preparing: update ACT_RU_TASK SET REV_ = ?, NAME_ = ?, PARENT_TASK_ID_ = ?, PRIORITY_ = ?, CREATE_TIME_ = ?, OWNER_ = ?, ASSIGNEE_ = ?, DELEGATION_ = ?, EXECUTION_ID_ = ?, PROC_DEF_ID_ = ?, DESCRIPTION_ = ?, DUE_DATE_ = ?, CATEGORY_ = ?, SUSPENSION_STATE_ = ?, FORM_KEY_ = ? where ID_= ? and REV_ = ? 
10:45:10,919 [main] DEBUG org.activiti.engine.impl.persistence.entity.TaskEntity.updateTask  - ==&gt; Parameters: 2(Integer), gonzoSubTask2_1(String), 865(String), 50(Integer), 2009-01-02 01:01:01.0(Timestamp), null, gonzo(String), null, null, null, description for gonzo sub-task2_1(String), null, null, 1(Integer), null, 873(String), 1(Integer)
10:45:10,919 [main] DEBUG org.activiti.engine.impl.persistence.entity.TaskEntity.updateTask  - &lt;==    Updates: 1
10:45:10,919 [main] DEBUG org.activiti.engine.impl.db.DbSqlSession  - updating: HistoricTaskInstanceEntity[id=873, name=gonzoSubTask2_1]
10:45:10,919 [main] DEBUG org.activiti.engine.impl.persistence.entity.HistoricTaskInstanceEntity.updateHistoricTaskInstance  - ==&gt;  Preparing: update ACT_HI_TASKINST set EXECUTION_ID_ = ?, NAME_ = ?, PARENT_TASK_ID_ = ?, DESCRIPTION_ = ?, OWNER_ = ?, ASSIGNEE_ = ?, CLAIM_TIME_ = ?, END_TIME_ = ?, DURATION_ = ?, DELETE_REASON_ = ?, TASK_DEF_KEY_ = ?, FORM_KEY_ = ?, PRIORITY_ = ?, DUE_DATE_ = ?, CATEGORY_ = ? where ID_ = ? 
10:45:10,919 [main] DEBUG org.activiti.engine.impl.persistence.entity.HistoricTaskInstanceEntity.updateHistoricTaskInstance  - ==&gt; Parameters: null, gonzoSubTask2_1(String), 865(String), description for gonzo sub-task2_1(String), null, gonzo(String), null, null, null, null, null, null, 50(Integer), null, null, 873(String)
10:45:10,919 [main] DEBUG org.activiti.engine.impl.persistence.entity.HistoricTaskInstanceEntity.updateHistoricTaskInstance  - &lt;==    Updates: 1
10:45:10,919 [main] DEBUG org.activiti.engine.impl.cfg.standalone.StandaloneMybatisTransactionContext  - firing event committing...
10:45:10,919 [main] DEBUG org.activiti.engine.impl.cfg.standalone.StandaloneMybatisTransactionContext  - committing the ibatis sql session...
10:45:10,919 [main] DEBUG org.apache.ibatis.transaction.jdbc.JdbcTransaction  - Committing JDBC Connection [conn3: url=jdbc:h2:mem:activiti user=SA]
10:45:10,919 [main] DEBUG org.activiti.engine.impl.cfg.standalone.StandaloneMybatisTransactionContext  - firing event committed...
10:45:10,919 [main] DEBUG org.apache.ibatis.transaction.jdbc.JdbcTransaction  - Resetting autocommit to true on JDBC Connection [conn3: url=jdbc:h2:mem:activiti user=SA]
10:45:10,919 [main] DEBUG org.apache.ibatis.transaction.jdbc.JdbcTransaction  - Closing JDBC Connection [conn3: url=jdbc:h2:mem:activiti user=SA]
10:45:10,919 [main] DEBUG org.apache.ibatis.datasource.pooled.PooledDataSource  - Returned connection 180014677 to pool.
10:45:10,919 [main] DEBUG org.activiti.engine.impl.interceptor.LogInterceptor  - --- AddIdentityLinkCmd finished --------------------------------------------------------
10:45:10,919 [main] DEBUG org.activiti.engine.impl.interceptor.LogInterceptor  - 

10:45:10,919 [main] DEBUG org.activiti.engine.impl.interceptor.LogInterceptor  - 

10:45:10,919 [main] DEBUG org.activiti.engine.impl.interceptor.LogInterceptor  - --- starting NewTaskCmd --------------------------------------------------------
10:45:10,919 [main] DEBUG org.activiti.engine.impl.cfg.standalone.StandaloneMybatisTransactionContext  - firing event committing...
10:45:10,919 [main] DEBUG org.activiti.engine.impl.cfg.standalone.StandaloneMybatisTransactionContext  - committing the ibatis sql session...
10:45:10,919 [main] DEBUG org.activiti.engine.impl.cfg.standalone.StandaloneMybatisTransactionContext  - firing event committed...
10:45:10,919 [main] DEBUG org.activiti.engine.impl.interceptor.LogInterceptor  - --- NewTaskCmd finished --------------------------------------------------------
10:45:10,919 [main] DEBUG org.activiti.engine.impl.interceptor.LogInterceptor  - 

10:45:10,919 [main] DEBUG org.activiti.engine.impl.interceptor.LogInterceptor  - 

10:45:10,919 [main] DEBUG org.activiti.engine.impl.interceptor.LogInterceptor  - --- starting SaveTaskCmd --------------------------------------------------------
10:45:10,919 [main] DEBUG org.activiti.engine.impl.history.DefaultHistoryManager  - Current history level: FULL, level required: AUDIT
10:45:10,919 [main] DEBUG org.activiti.engine.impl.db.DbSqlSession  -   insert Task[id=875, name=gonzoSubTask2_2]
10:45:10,919 [main] DEBUG org.activiti.engine.impl.db.DbSqlSession  -   insert HistoricTaskInstanceEntity[id=875, name=gonzoSubTask2_2]
10:45:10,919 [main] DEBUG org.activiti.engine.impl.db.DbSqlSession  - flush summary: 2 insert, 0 update, 0 delete.
10:45:10,919 [main] DEBUG org.activiti.engine.impl.db.DbSqlSession  - now executing flush...
10:45:10,919 [main] DEBUG org.activiti.engine.impl.db.DbSqlSession  - inserting: HistoricTaskInstanceEntity[id=875, name=gonzoSubTask2_2]
10:45:10,919 [main] DEBUG org.apache.ibatis.transaction.jdbc.JdbcTransaction  - Opening JDBC Connection
10:45:10,919 [main] DEBUG org.apache.ibatis.datasource.pooled.PooledDataSource  - Checked out connection 363509958 from pool.
10:45:10,919 [main] DEBUG org.apache.ibatis.transaction.jdbc.JdbcTransaction  - Setting autocommit to false on JDBC Connection [conn2: url=jdbc:h2:mem:activiti user=SA]
10:45:10,919 [main] DEBUG org.activiti.engine.impl.persistence.entity.HistoricTaskInstanceEntity.insertHistoricTaskInstance  - ==&gt;  Preparing: insert into ACT_HI_TASKINST ( ID_, PROC_DEF_ID_, PROC_INST_ID_, EXECUTION_ID_, NAME_, PARENT_TASK_ID_, DESCRIPTION_, OWNER_, ASSIGNEE_, START_TIME_, CLAIM_TIME_, END_TIME_, DURATION_, DELETE_REASON_, TASK_DEF_KEY_, FORM_KEY_, PRIORITY_, DUE_DATE_, CATEGORY_, TENANT_ID_ ) values ( ?, ?, ?, ?, ?, ?, ?, ?, ?, ?, ?, ?, ?, ?, ?, ?, ?, ?, ?, ? ) 
10:45:10,919 [main] DEBUG org.activiti.engine.impl.persistence.entity.HistoricTaskInstanceEntity.insertHistoricTaskInstance  - ==&gt; Parameters: 875(String), null, null, null, gonzoSubTask2_2(String), 865(String), description for gonzo sub-task2_2(String), null, null, 2009-01-02 01:01:01.0(Timestamp), null, null, null, null, null, null, 50(Integer), null, null, (String)
10:45:10,919 [main] DEBUG org.activiti.engine.impl.persistence.entity.HistoricTaskInstanceEntity.insertHistoricTaskInstance  - &lt;==    Updates: 1
10:45:10,919 [main] DEBUG org.activiti.engine.impl.db.DbSqlSession  - inserting: Task[id=875, name=gonzoSubTask2_2]
10:45:10,919 [main] DEBUG org.activiti.engine.impl.persistence.entity.TaskEntity.insertTask  - ==&gt;  Preparing: insert into ACT_RU_TASK (ID_, REV_, NAME_, PARENT_TASK_ID_, DESCRIPTION_, PRIORITY_, CREATE_TIME_, OWNER_, ASSIGNEE_, DELEGATION_, EXECUTION_ID_, PROC_INST_ID_, PROC_DEF_ID_, TASK_DEF_KEY_, DUE_DATE_, CATEGORY_, SUSPENSION_STATE_, TENANT_ID_, FORM_KEY_) values (?, 1, ?, ?, ?, ?, ?, ?, ?, ?, ?, ?, ?, ?, ?, ?, ?, ?, ? ) 
10:45:10,919 [main] DEBUG org.activiti.engine.impl.persistence.entity.TaskEntity.insertTask  - ==&gt; Parameters: 875(String), gonzoSubTask2_2(String), 865(String), description for gonzo sub-task2_2(String), 50(Integer), 2009-01-02 01:01:01.0(Timestamp), null, null, null, null, null, null, null, null, null, 1(Integer), (String), null
10:45:10,919 [main] DEBUG org.activiti.engine.impl.persistence.entity.TaskEntity.insertTask  - &lt;==    Updates: 1
10:45:10,919 [main] DEBUG org.activiti.engine.impl.cfg.standalone.StandaloneMybatisTransactionContext  - firing event committing...
10:45:10,919 [main] DEBUG org.activiti.engine.impl.cfg.standalone.StandaloneMybatisTransactionContext  - committing the ibatis sql session...
10:45:10,919 [main] DEBUG org.apache.ibatis.transaction.jdbc.JdbcTransaction  - Committing JDBC Connection [conn2: url=jdbc:h2:mem:activiti user=SA]
10:45:10,919 [main] DEBUG org.activiti.engine.impl.cfg.standalone.StandaloneMybatisTransactionContext  - firing event committed...
10:45:10,919 [main] DEBUG org.apache.ibatis.transaction.jdbc.JdbcTransaction  - Resetting autocommit to true on JDBC Connection [conn2: url=jdbc:h2:mem:activiti user=SA]
10:45:10,920 [main] DEBUG org.apache.ibatis.transaction.jdbc.JdbcTransaction  - Closing JDBC Connection [conn2: url=jdbc:h2:mem:activiti user=SA]
10:45:10,920 [main] DEBUG org.apache.ibatis.datasource.pooled.PooledDataSource  - Returned connection 363509958 to pool.
10:45:10,920 [main] DEBUG org.activiti.engine.impl.interceptor.LogInterceptor  - --- SaveTaskCmd finished --------------------------------------------------------
10:45:10,920 [main] DEBUG org.activiti.engine.impl.interceptor.LogInterceptor  - 

10:45:10,920 [main] DEBUG org.activiti.engine.impl.interceptor.LogInterceptor  - 

10:45:10,920 [main] DEBUG org.activiti.engine.impl.interceptor.LogInterceptor  - --- starting AddIdentityLinkCmd --------------------------------------------------------
10:45:10,920 [main] DEBUG org.apache.ibatis.transaction.jdbc.JdbcTransaction  - Opening JDBC Connection
10:45:10,920 [main] DEBUG org.apache.ibatis.datasource.pooled.PooledDataSource  - Checked out connection 297240765 from pool.
10:45:10,920 [main] DEBUG org.apache.ibatis.transaction.jdbc.JdbcTransaction  - Setting autocommit to false on JDBC Connection [conn4: url=jdbc:h2:mem:activiti user=SA]
10:45:10,920 [main] DEBUG org.activiti.engine.impl.persistence.entity.TaskEntity.selectTask  - ==&gt;  Preparing: select * from ACT_RU_TASK where ID_ = ? 
10:45:10,920 [main] DEBUG org.activiti.engine.impl.persistence.entity.TaskEntity.selectTask  - ==&gt; Parameters: 875(String)
10:45:10,920 [main] DEBUG org.activiti.engine.impl.persistence.entity.TaskEntity.selectTask  - &lt;==      Total: 1
10:45:10,920 [main] DEBUG org.activiti.engine.impl.history.DefaultHistoryManager  - Current history level: FULL, level required: AUDIT
10:45:10,920 [main] DEBUG org.activiti.engine.impl.persistence.entity.HistoricTaskInstanceEntity.selectHistoricTaskInstance  - ==&gt;  Preparing: select * from ACT_HI_TASKINST where ID_ = ? 
10:45:10,920 [main] DEBUG org.activiti.engine.impl.persistence.entity.HistoricTaskInstanceEntity.selectHistoricTaskInstance  - ==&gt; Parameters: 875(String)
10:45:10,920 [main] DEBUG org.activiti.engine.impl.persistence.entity.HistoricTaskInstanceEntity.selectHistoricTaskInstance  - &lt;==      Total: 1
10:45:10,920 [main] DEBUG org.activiti.engine.impl.history.DefaultHistoryManager  - Current history level: FULL
10:45:10,920 [main] DEBUG org.activiti.engine.impl.history.DefaultHistoryManager  - Current history level: FULL
10:45:10,920 [main] DEBUG org.activiti.engine.impl.db.DbSqlSession  -   insert org.activiti.engine.impl.persistence.entity.CommentEntity@29f72685
10:45:10,920 [main] DEBUG org.activiti.engine.impl.db.DbSqlSession  -   update Task[id=875, name=gonzoSubTask2_2]
10:45:10,920 [main] DEBUG org.activiti.engine.impl.db.DbSqlSession  -   update HistoricTaskInstanceEntity[id=875, name=gonzoSubTask2_2]
10:45:10,920 [main] DEBUG org.activiti.engine.impl.db.DbSqlSession  - flush summary: 1 insert, 2 update, 0 delete.
10:45:10,920 [main] DEBUG org.activiti.engine.impl.db.DbSqlSession  - now executing flush...
10:45:10,920 [main] DEBUG org.activiti.engine.impl.db.DbSqlSession  - inserting: org.activiti.engine.impl.persistence.entity.CommentEntity@29f72685
10:45:10,920 [main] DEBUG org.activiti.engine.impl.persistence.entity.CommentEntity.insertComment  - ==&gt;  Preparing: insert into ACT_HI_COMMENT (ID_, TYPE_, TIME_, USER_ID_, TASK_ID_, PROC_INST_ID_, ACTION_, MESSAGE_, FULL_MSG_) values (?, ?, ?, ?, ?, ?, ?, ?, ?) 
10:45:10,920 [main] DEBUG org.activiti.engine.impl.persistence.entity.CommentEntity.insertComment  - ==&gt; Parameters: 876(String), event(String), 2009-01-02 01:01:01.0(Timestamp), null, 875(String), null, AddUserLink(String), gonzo_|_assignee(String), null
10:45:10,920 [main] DEBUG org.activiti.engine.impl.persistence.entity.CommentEntity.insertComment  - &lt;==    Updates: 1
10:45:10,920 [main] DEBUG org.activiti.engine.impl.db.DbSqlSession  - updating: Task[id=875, name=gonzoSubTask2_2]
10:45:10,920 [main] DEBUG org.activiti.engine.impl.persistence.entity.TaskEntity.updateTask  - ==&gt;  Preparing: update ACT_RU_TASK SET REV_ = ?, NAME_ = ?, PARENT_TASK_ID_ = ?, PRIORITY_ = ?, CREATE_TIME_ = ?, OWNER_ = ?, ASSIGNEE_ = ?, DELEGATION_ = ?, EXECUTION_ID_ = ?, PROC_DEF_ID_ = ?, DESCRIPTION_ = ?, DUE_DATE_ = ?, CATEGORY_ = ?, SUSPENSION_STATE_ = ?, FORM_KEY_ = ? where ID_= ? and REV_ = ? 
10:45:10,920 [main] DEBUG org.activiti.engine.impl.persistence.entity.TaskEntity.updateTask  - ==&gt; Parameters: 2(Integer), gonzoSubTask2_2(String), 865(String), 50(Integer), 2009-01-02 01:01:01.0(Timestamp), null, gonzo(String), null, null, null, description for gonzo sub-task2_2(String), null, null, 1(Integer), null, 875(String), 1(Integer)
10:45:10,920 [main] DEBUG org.activiti.engine.impl.persistence.entity.TaskEntity.updateTask  - &lt;==    Updates: 1
10:45:10,920 [main] DEBUG org.activiti.engine.impl.db.DbSqlSession  - updating: HistoricTaskInstanceEntity[id=875, name=gonzoSubTask2_2]
10:45:10,920 [main] DEBUG org.activiti.engine.impl.persistence.entity.HistoricTaskInstanceEntity.updateHistoricTaskInstance  - ==&gt;  Preparing: update ACT_HI_TASKINST set EXECUTION_ID_ = ?, NAME_ = ?, PARENT_TASK_ID_ = ?, DESCRIPTION_ = ?, OWNER_ = ?, ASSIGNEE_ = ?, CLAIM_TIME_ = ?, END_TIME_ = ?, DURATION_ = ?, DELETE_REASON_ = ?, TASK_DEF_KEY_ = ?, FORM_KEY_ = ?, PRIORITY_ = ?, DUE_DATE_ = ?, CATEGORY_ = ? where ID_ = ? 
10:45:10,920 [main] DEBUG org.activiti.engine.impl.persistence.entity.HistoricTaskInstanceEntity.updateHistoricTaskInstance  - ==&gt; Parameters: null, gonzoSubTask2_2(String), 865(String), description for gonzo sub-task2_2(String), null, gonzo(String), null, null, null, null, null, null, 50(Integer), null, null, 875(String)
10:45:10,920 [main] DEBUG org.activiti.engine.impl.persistence.entity.HistoricTaskInstanceEntity.updateHistoricTaskInstance  - &lt;==    Updates: 1
10:45:10,920 [main] DEBUG org.activiti.engine.impl.cfg.standalone.StandaloneMybatisTransactionContext  - firing event committing...
10:45:10,920 [main] DEBUG org.activiti.engine.impl.cfg.standalone.StandaloneMybatisTransactionContext  - committing the ibatis sql session...
10:45:10,920 [main] DEBUG org.apache.ibatis.transaction.jdbc.JdbcTransaction  - Committing JDBC Connection [conn4: url=jdbc:h2:mem:activiti user=SA]
10:45:10,920 [main] DEBUG org.activiti.engine.impl.cfg.standalone.StandaloneMybatisTransactionContext  - firing event committed...
10:45:10,920 [main] DEBUG org.apache.ibatis.transaction.jdbc.JdbcTransaction  - Resetting autocommit to true on JDBC Connection [conn4: url=jdbc:h2:mem:activiti user=SA]
10:45:10,920 [main] DEBUG org.apache.ibatis.transaction.jdbc.JdbcTransaction  - Closing JDBC Connection [conn4: url=jdbc:h2:mem:activiti user=SA]
10:45:10,920 [main] DEBUG org.apache.ibatis.datasource.pooled.PooledDataSource  - Returned connection 297240765 to pool.
10:45:10,920 [main] DEBUG org.activiti.engine.impl.interceptor.LogInterceptor  - --- AddIdentityLinkCmd finished --------------------------------------------------------
10:45:10,920 [main] DEBUG org.activiti.engine.impl.interceptor.LogInterceptor  - 

10:45:10,920 [main] DEBUG org.activiti.engine.impl.test.PvmTestCase  - 

10:45:10,920 [main] DEBUG org.activiti.engine.impl.test.PvmTestCase  - #### START SubTaskQueryTest.testQueryExcludeSubtasks ###########################################################
10:45:10,920 [main] DEBUG org.activiti.engine.impl.interceptor.LogInterceptor  - 

10:45:10,920 [main] DEBUG org.activiti.engine.impl.interceptor.LogInterceptor  - --- starting TaskQueryImpl --------------------------------------------------------
10:45:10,920 [main] DEBUG org.apache.ibatis.transaction.jdbc.JdbcTransaction  - Opening JDBC Connection
10:45:10,920 [main] DEBUG org.apache.ibatis.datasource.pooled.PooledDataSource  - Checked out connection 486346394 from pool.
10:45:10,920 [main] DEBUG org.apache.ibatis.transaction.jdbc.JdbcTransaction  - Setting autocommit to false on JDBC Connection [conn6: url=jdbc:h2:mem:activiti user=SA]
10:45:10,920 [main] DEBUG org.activiti.engine.impl.persistence.entity.TaskEntity.selectTaskCountByQueryCriteria  - ==&gt;  Preparing: select count(distinct RES.ID_) from ACT_RU_TASK RES 
10:45:10,920 [main] DEBUG org.activiti.engine.impl.persistence.entity.TaskEntity.selectTaskCountByQueryCriteria  - ==&gt; Parameters: 
10:45:10,920 [main] DEBUG org.activiti.engine.impl.persistence.entity.TaskEntity.selectTaskCountByQueryCriteria  - &lt;==      Total: 1
10:45:10,920 [main] DEBUG org.activiti.engine.impl.db.DbSqlSession  - flush summary: 0 insert, 0 update, 0 delete.
10:45:10,920 [main] DEBUG org.activiti.engine.impl.db.DbSqlSession  - now executing flush...
10:45:10,920 [main] DEBUG org.activiti.engine.impl.cfg.standalone.StandaloneMybatisTransactionContext  - firing event committing...
10:45:10,920 [main] DEBUG org.activiti.engine.impl.cfg.standalone.StandaloneMybatisTransactionContext  - committing the ibatis sql session...
10:45:10,920 [main] DEBUG org.activiti.engine.impl.cfg.standalone.StandaloneMybatisTransactionContext  - firing event committed...
10:45:10,920 [main] DEBUG org.apache.ibatis.transaction.jdbc.JdbcTransaction  - Resetting autocommit to true on JDBC Connection [conn6: url=jdbc:h2:mem:activiti user=SA]
10:45:10,920 [main] DEBUG org.apache.ibatis.transaction.jdbc.JdbcTransaction  - Closing JDBC Connection [conn6: url=jdbc:h2:mem:activiti user=SA]
10:45:10,920 [main] DEBUG org.apache.ibatis.datasource.pooled.PooledDataSource  - Returned connection 486346394 to pool.
10:45:10,920 [main] DEBUG org.activiti.engine.impl.interceptor.LogInterceptor  - --- TaskQueryImpl finished --------------------------------------------------------
10:45:10,920 [main] DEBUG org.activiti.engine.impl.interceptor.LogInterceptor  - 

10:45:10,920 [main] DEBUG org.activiti.engine.impl.interceptor.LogInterceptor  - 

10:45:10,920 [main] DEBUG org.activiti.engine.impl.interceptor.LogInterceptor  - --- starting TaskQueryImpl --------------------------------------------------------
10:45:10,920 [main] DEBUG org.apache.ibatis.transaction.jdbc.JdbcTransaction  - Opening JDBC Connection
10:45:10,920 [main] DEBUG org.apache.ibatis.datasource.pooled.PooledDataSource  - Checked out connection 180014677 from pool.
10:45:10,920 [main] DEBUG org.apache.ibatis.transaction.jdbc.JdbcTransaction  - Setting autocommit to false on JDBC Connection [conn3: url=jdbc:h2:mem:activiti user=SA]
10:45:10,920 [main] DEBUG org.activiti.engine.impl.persistence.entity.TaskEntity.selectTaskByQueryCriteria  - ==&gt;  Preparing: select distinct RES.* from ACT_RU_TASK RES order by order by RES.ID_ asc LIMIT ? OFFSET ? 
10:45:10,920 [main] DEBUG org.activiti.engine.impl.interceptor.CommandContext  - Error while closing command context
org.apache.ibatis.exceptions.PersistenceException: 
### Error querying database.  Cause: org.h2.jdbc.JdbcSQLException: Syntax error in SQL statement &quot;SELECT DISTINCT RES.* 
       
    FROM ACT_RU_TASK RES
     
     
     
     
    
     
     
     
      
   
    
     ORDER BY  ORDER[*] BY RES.ID_ ASC  
    LIMIT ? OFFSET ? &quot;; expected &quot;=, NOT, EXISTS, INTERSECTS, SELECT, FROM&quot;; SQL statement:
select distinct RES.* 
       
    from ACT_RU_TASK RES
     
     
     
     
    
     
     
     
      
   
    
     order by  order by RES.ID_ asc  
    LIMIT ? OFFSET ? [42001-176]
### The error may exist in org/activiti/db/mapping/entity/Task.xml
### The error may involve org.activiti.engine.impl.persistence.entity.TaskEntity.selectTaskByQueryCriteria
### The error occurred while executing a query
### SQL: select distinct RES.*              from ACT_RU_TASK RES                                                                     order by  order by RES.ID_ asc       LIMIT ? OFFSET ?
### Cause: org.h2.jdbc.JdbcSQLException: Syntax error in SQL statement &quot;SELECT DISTINCT RES.* 
       
    FROM ACT_RU_TASK RES
     
     
     
     
    
     
     
     
      
   
    
     ORDER BY  ORDER[*] BY RES.ID_ ASC  
    LIMIT ? OFFSET ? &quot;; expected &quot;=, NOT, EXISTS, INTERSECTS, SELECT, FROM&quot;; SQL statement:
select distinct RES.* 
       
    from ACT_RU_TASK RES
     
     
     
     
    
     
     
     
      
   
    
     order by  order by RES.ID_ asc  
    LIMIT ? OFFSET ? [42001-176]
	at org.apache.ibatis.exceptions.ExceptionFactory.wrapException(ExceptionFactory.java:30)
	at org.apache.ibatis.session.defaults.DefaultSqlSession.selectList(DefaultSqlSession.java:122)
	at org.apache.ibatis.session.defaults.DefaultSqlSession.selectList(DefaultSqlSession.java:113)
	at org.activiti.engine.impl.db.DbSqlSession.selectListWithRawParameter(DbSqlSession.java:438)
	at org.activiti.engine.impl.db.DbSqlSession.selectList(DbSqlSession.java:429)
	at org.activiti.engine.impl.persistence.entity.TaskEntityManager.findTasksByQueryCriteria(TaskEntityManager.java:135)
	at org.activiti.engine.impl.TaskQueryImpl.executeList(TaskQueryImpl.java:1256)
	at org.activiti.engine.impl.AbstractQuery.execute(AbstractQuery.java:164)
	at org.activiti.engine.impl.interceptor.CommandInvoker.execute(CommandInvoker.java:24)
	at org.activiti.engine.impl.interceptor.CommandContextInterceptor.execute(CommandContextInterceptor.java:57)
	at org.activiti.engine.impl.interceptor.LogInterceptor.execute(LogInterceptor.java:37)
	at org.activiti.engine.impl.cfg.CommandExecutorImpl.execute(CommandExecutorImpl.java:40)
	at org.activiti.engine.impl.cfg.CommandExecutorImpl.execute(CommandExecutorImpl.java:35)
	at org.activiti.engine.impl.AbstractQuery.list(AbstractQuery.java:138)
	at org.activiti.engine.test.api.task.SubTaskQueryTest.testQueryExcludeSubtasks(SubTaskQueryTest.java:61)
	at sun.reflect.NativeMethodAccessorImpl.invoke0(Native Method)
	at sun.reflect.NativeMethodAccessorImpl.invoke(NativeMethodAccessorImpl.java:62)
	at sun.reflect.DelegatingMethodAccessorImpl.invoke(DelegatingMethodAccessorImpl.java:43)
	at java.lang.reflect.Method.invoke(Method.java:498)
	at junit.framework.TestCase.runTest(TestCase.java:176)
	at org.activiti.engine.impl.test.PvmTestCase.runTest(PvmTestCase.java:65)
	at junit.framework.TestCase.runBare(TestCase.java:141)
	at org.activiti.engine.impl.test.AbstractActivitiTestCase.runBare(AbstractActivitiTestCase.java:100)
	at junit.framework.TestResult$1.protect(TestResult.java:122)
	at junit.framework.TestResult.runProtected(TestResult.java:142)
	at junit.framework.TestResult.run(TestResult.java:125)
	at junit.framework.TestCase.run(TestCase.java:129)
	at junit.framework.TestSuite.runTest(TestSuite.java:255)
	at junit.framework.TestSuite.run(TestSuite.java:250)
	at org.junit.internal.runners.JUnit38ClassRunner.run(JUnit38ClassRunner.java:84)
	at org.apache.maven.surefire.junit4.JUnit4TestSet.execute(JUnit4TestSet.java:35)
	at org.apache.maven.surefire.junit4.JUnit4Provider.executeTestSet(JUnit4Provider.java:146)
	at org.apache.maven.surefire.junit4.JUnit4Provider.invoke(JUnit4Provider.java:97)
	at sun.reflect.NativeMethodAccessorImpl.invoke0(Native Method)
	at sun.reflect.NativeMethodAccessorImpl.invoke(NativeMethodAccessorImpl.java:62)
	at sun.reflect.DelegatingMethodAccessorImpl.invoke(DelegatingMethodAccessorImpl.java:43)
	at java.lang.reflect.Method.invoke(Method.java:498)
	at org.apache.maven.surefire.booter.ProviderFactory$ClassLoaderProxy.invoke(ProviderFactory.java:103)
	at com.sun.proxy.$Proxy0.invoke(Unknown Source)
	at org.apache.maven.surefire.booter.SurefireStarter.invokeProvider(SurefireStarter.java:145)
	at org.apache.maven.surefire.booter.SurefireStarter.runSuitesInProcess(SurefireStarter.java:87)
	at org.apache.maven.surefire.booter.ForkedBooter.main(ForkedBooter.java:69)
Caused by: org.h2.jdbc.JdbcSQLException: Syntax error in SQL statement &quot;SELECT DISTINCT RES.* 
       
    FROM ACT_RU_TASK RES
     
     
     
     
    
     
     
     
      
   
    
     ORDER BY  ORDER[*] BY RES.ID_ ASC  
    LIMIT ? OFFSET ? &quot;; expected &quot;=, NOT, EXISTS, INTERSECTS, SELECT, FROM&quot;; SQL statement:
select distinct RES.* 
       
    from ACT_RU_TASK RES
     
     
     
     
    
     
     
     
      
   
    
     order by  order by RES.ID_ asc  
    LIMIT ? OFFSET ? [42001-176]
	at org.h2.message.DbException.getJdbcSQLException(DbException.java:344)
	at org.h2.message.DbException.getSyntaxError(DbException.java:204)
	at org.h2.command.Parser.getSyntaxError(Parser.java:524)
	at org.h2.command.Parser.readTerm(Parser.java:2688)
	at org.h2.command.Parser.readFactor(Parser.java:2244)
	at org.h2.command.Parser.readSum(Parser.java:2231)
	at org.h2.command.Parser.readConcat(Parser.java:2201)
	at org.h2.command.Parser.readCondition(Parser.java:2051)
	at org.h2.command.Parser.readAnd(Parser.java:2023)
	at org.h2.command.Parser.readExpression(Parser.java:2015)
	at org.h2.command.Parser.parseEndOfQuery(Parser.java:1726)
	at org.h2.command.Parser.parseSelectUnionExtension(Parser.java:1706)
	at org.h2.command.Parser.parseSelectUnion(Parser.java:1675)
	at org.h2.command.Parser.parseSelect(Parser.java:1662)
	at org.h2.command.Parser.parsePrepared(Parser.java:434)
	at org.h2.command.Parser.parse(Parser.java:306)
	at org.h2.command.Parser.parse(Parser.java:282)
	at org.h2.command.Parser.prepareCommand(Parser.java:243)
	at org.h2.engine.Session.prepareLocal(Session.java:442)
	at org.h2.engine.Session.prepareCommand(Session.java:384)
	at org.h2.jdbc.JdbcConnection.prepareCommand(JdbcConnection.java:1188)
	at org.h2.jdbc.JdbcPreparedStatement.&lt;init&gt;(JdbcPreparedStatement.java:73)
	at org.h2.jdbc.JdbcConnection.prepareStatement(JdbcConnection.java:276)
	at sun.reflect.GeneratedMethodAccessor6.invoke(Unknown Source)
	at sun.reflect.DelegatingMethodAccessorImpl.invoke(DelegatingMethodAccessorImpl.java:43)
	at java.lang.reflect.Method.invoke(Method.java:498)
	at org.apache.ibatis.datasource.pooled.PooledConnection.invoke(PooledConnection.java:245)
	at com.sun.proxy.$Proxy12.prepareStatement(Unknown Source)
	at sun.reflect.GeneratedMethodAccessor6.invoke(Unknown Source)
	at sun.reflect.DelegatingMethodAccessorImpl.invoke(DelegatingMethodAccessorImpl.java:43)
	at java.lang.reflect.Method.invoke(Method.java:498)
	at org.apache.ibatis.logging.jdbc.ConnectionLogger.invoke(ConnectionLogger.java:55)
	at com.sun.proxy.$Proxy12.prepareStatement(Unknown Source)
	at org.apache.ibatis.executor.statement.PreparedStatementHandler.instantiateStatement(PreparedStatementHandler.java:79)
	at org.apache.ibatis.executor.statement.BaseStatementHandler.prepare(BaseStatementHandler.java:88)
	at org.apache.ibatis.executor.statement.RoutingStatementHandler.prepare(RoutingStatementHandler.java:58)
	at org.apache.ibatis.executor.SimpleExecutor.prepareStatement(SimpleExecutor.java:76)
	at org.apache.ibatis.executor.SimpleExecutor.doQuery(SimpleExecutor.java:61)
	at org.apache.ibatis.executor.BaseExecutor.queryFromDatabase(BaseExecutor.java:303)
	at org.apache.ibatis.executor.BaseExecutor.query(BaseExecutor.java:154)
	at org.apache.ibatis.executor.CachingExecutor.query(CachingExecutor.java:102)
	at org.apache.ibatis.executor.CachingExecutor.query(CachingExecutor.java:82)
	at org.apache.ibatis.session.defaults.DefaultSqlSession.selectList(DefaultSqlSession.java:120)
	... 40 more
10:45:10,921 [main] DEBUG org.activiti.engine.impl.cfg.standalone.StandaloneMybatisTransactionContext  - firing event rolling back...
10:45:10,921 [main] DEBUG org.activiti.engine.impl.cfg.standalone.StandaloneMybatisTransactionContext  - rolling back ibatis sql session...
10:45:10,921 [main] DEBUG org.activiti.engine.impl.cfg.standalone.StandaloneMybatisTransactionContext  - firing event rolled back...
10:45:10,921 [main] DEBUG org.apache.ibatis.transaction.jdbc.JdbcTransaction  - Resetting autocommit to true on JDBC Connection [conn3: url=jdbc:h2:mem:activiti user=SA]
10:45:10,921 [main] DEBUG org.apache.ibatis.transaction.jdbc.JdbcTransaction  - Closing JDBC Connection [conn3: url=jdbc:h2:mem:activiti user=SA]
10:45:10,921 [main] DEBUG org.apache.ibatis.datasource.pooled.PooledDataSource  - Returned connection 180014677 to pool.
10:45:10,921 [main] DEBUG org.activiti.engine.impl.interceptor.LogInterceptor  - --- TaskQueryImpl finished --------------------------------------------------------
10:45:10,921 [main] DEBUG org.activiti.engine.impl.interceptor.LogInterceptor  - 

10:45:10,921 [main] ERROR org.activiti.engine.impl.test.PvmTestCase  - 

10:45:10,921 [main] ERROR org.activiti.engine.impl.test.PvmTestCase  - EXCEPTION: org.apache.ibatis.exceptions.PersistenceException: 
### Error querying database.  Cause: org.h2.jdbc.JdbcSQLException: Syntax error in SQL statement &quot;SELECT DISTINCT RES.* 
       
    FROM ACT_RU_TASK RES
     
     
     
     
    
     
     
     
      
   
    
     ORDER BY  ORDER[*] BY RES.ID_ ASC  
    LIMIT ? OFFSET ? &quot;; expected &quot;=, NOT, EXISTS, INTERSECTS, SELECT, FROM&quot;; SQL statement:
select distinct RES.* 
       
    from ACT_RU_TASK RES
     
     
     
     
    
     
     
     
      
   
    
     order by  order by RES.ID_ asc  
    LIMIT ? OFFSET ? [42001-176]
### The error may exist in org/activiti/db/mapping/entity/Task.xml
### The error may involve org.activiti.engine.impl.persistence.entity.TaskEntity.selectTaskByQueryCriteria
### The error occurred while executing a query
### SQL: select distinct RES.*              from ACT_RU_TASK RES                                                                     order by  order by RES.ID_ asc       LIMIT ? OFFSET ?
### Cause: org.h2.jdbc.JdbcSQLException: Syntax error in SQL statement &quot;SELECT DISTINCT RES.* 
       
    FROM ACT_RU_TASK RES
     
     
     
     
    
     
     
     
      
   
    
     ORDER BY  ORDER[*] BY RES.ID_ ASC  
    LIMIT ? OFFSET ? &quot;; expected &quot;=, NOT, EXISTS, INTERSECTS, SELECT, FROM&quot;; SQL statement:
select distinct RES.* 
       
    from ACT_RU_TASK RES
     
     
     
     
    
     
     
     
      
   
    
     order by  order by RES.ID_ asc  
    LIMIT ? OFFSET ? [42001-176]
org.apache.ibatis.exceptions.PersistenceException: 
### Error querying database.  Cause: org.h2.jdbc.JdbcSQLException: Syntax error in SQL statement &quot;SELECT DISTINCT RES.* 
       
    FROM ACT_RU_TASK RES
     
     
     
     
    
     
     
     
      
   
    
     ORDER BY  ORDER[*] BY RES.ID_ ASC  
    LIMIT ? OFFSET ? &quot;; expected &quot;=, NOT, EXISTS, INTERSECTS, SELECT, FROM&quot;; SQL statement:
select distinct RES.* 
       
    from ACT_RU_TASK RES
     
     
     
     
    
     
     
     
      
   
    
     order by  order by RES.ID_ asc  
    LIMIT ? OFFSET ? [42001-176]
### The error may exist in org/activiti/db/mapping/entity/Task.xml
### The error may involve org.activiti.engine.impl.persistence.entity.TaskEntity.selectTaskByQueryCriteria
### The error occurred while executing a query
### SQL: select distinct RES.*              from ACT_RU_TASK RES                                                                     order by  order by RES.ID_ asc       LIMIT ? OFFSET ?
### Cause: org.h2.jdbc.JdbcSQLException: Syntax error in SQL statement &quot;SELECT DISTINCT RES.* 
       
    FROM ACT_RU_TASK RES
     
     
     
     
    
     
     
     
      
   
    
     ORDER BY  ORDER[*] BY RES.ID_ ASC  
    LIMIT ? OFFSET ? &quot;; expected &quot;=, NOT, EXISTS, INTERSECTS, SELECT, FROM&quot;; SQL statement:
select distinct RES.* 
       
    from ACT_RU_TASK RES
     
     
     
     
    
     
     
     
      
   
    
     order by  order by RES.ID_ asc  
    LIMIT ? OFFSET ? [42001-176]
	at org.apache.ibatis.exceptions.ExceptionFactory.wrapException(ExceptionFactory.java:30)
	at org.apache.ibatis.session.defaults.DefaultSqlSession.selectList(DefaultSqlSession.java:122)
	at org.apache.ibatis.session.defaults.DefaultSqlSession.selectList(DefaultSqlSession.java:113)
	at org.activiti.engine.impl.db.DbSqlSession.selectListWithRawParameter(DbSqlSession.java:438)
	at org.activiti.engine.impl.db.DbSqlSession.selectList(DbSqlSession.java:429)
	at org.activiti.engine.impl.persistence.entity.TaskEntityManager.findTasksByQueryCriteria(TaskEntityManager.java:135)
	at org.activiti.engine.impl.TaskQueryImpl.executeList(TaskQueryImpl.java:1256)
	at org.activiti.engine.impl.AbstractQuery.execute(AbstractQuery.java:164)
	at org.activiti.engine.impl.interceptor.CommandInvoker.execute(CommandInvoker.java:24)
	at org.activiti.engine.impl.interceptor.CommandContextInterceptor.execute(CommandContextInterceptor.java:57)
	at org.activiti.engine.impl.interceptor.LogInterceptor.execute(LogInterceptor.java:37)
	at org.activiti.engine.impl.cfg.CommandExecutorImpl.execute(CommandExecutorImpl.java:40)
	at org.activiti.engine.impl.cfg.CommandExecutorImpl.execute(CommandExecutorImpl.java:35)
	at org.activiti.engine.impl.AbstractQuery.list(AbstractQuery.java:138)
	at org.activiti.engine.test.api.task.SubTaskQueryTest.testQueryExcludeSubtasks(SubTaskQueryTest.java:61)
	at sun.reflect.NativeMethodAccessorImpl.invoke0(Native Method)
	at sun.reflect.NativeMethodAccessorImpl.invoke(NativeMethodAccessorImpl.java:62)
	at sun.reflect.DelegatingMethodAccessorImpl.invoke(DelegatingMethodAccessorImpl.java:43)
	at java.lang.reflect.Method.invoke(Method.java:498)
	at junit.framework.TestCase.runTest(TestCase.java:176)
	at org.activiti.engine.impl.test.PvmTestCase.runTest(PvmTestCase.java:65)
	at junit.framework.TestCase.runBare(TestCase.java:141)
	at org.activiti.engine.impl.test.AbstractActivitiTestCase.runBare(AbstractActivitiTestCase.java:100)
	at junit.framework.TestResult$1.protect(TestResult.java:122)
	at junit.framework.TestResult.runProtected(TestResult.java:142)
	at junit.framework.TestResult.run(TestResult.java:125)
	at junit.framework.TestCase.run(TestCase.java:129)
	at junit.framework.TestSuite.runTest(TestSuite.java:255)
	at junit.framework.TestSuite.run(TestSuite.java:250)
	at org.junit.internal.runners.JUnit38ClassRunner.run(JUnit38ClassRunner.java:84)
	at org.apache.maven.surefire.junit4.JUnit4TestSet.execute(JUnit4TestSet.java:35)
	at org.apache.maven.surefire.junit4.JUnit4Provider.executeTestSet(JUnit4Provider.java:146)
	at org.apache.maven.surefire.junit4.JUnit4Provider.invoke(JUnit4Provider.java:97)
	at sun.reflect.NativeMethodAccessorImpl.invoke0(Native Method)
	at sun.reflect.NativeMethodAccessorImpl.invoke(NativeMethodAccessorImpl.java:62)
	at sun.reflect.DelegatingMethodAccessorImpl.invoke(DelegatingMethodAccessorImpl.java:43)
	at java.lang.reflect.Method.invoke(Method.java:498)
	at org.apache.maven.surefire.booter.ProviderFactory$ClassLoaderProxy.invoke(ProviderFactory.java:103)
	at com.sun.proxy.$Proxy0.invoke(Unknown Source)
	at org.apache.maven.surefire.booter.SurefireStarter.invokeProvider(SurefireStarter.java:145)
	at org.apache.maven.surefire.booter.SurefireStarter.runSuitesInProcess(SurefireStarter.java:87)
	at org.apache.maven.surefire.booter.ForkedBooter.main(ForkedBooter.java:69)
Caused by: org.h2.jdbc.JdbcSQLException: Syntax error in SQL statement &quot;SELECT DISTINCT RES.* 
       
    FROM ACT_RU_TASK RES
     
     
     
     
    
     
     
     
      
   
    
     ORDER BY  ORDER[*] BY RES.ID_ ASC  
    LIMIT ? OFFSET ? &quot;; expected &quot;=, NOT, EXISTS, INTERSECTS, SELECT, FROM&quot;; SQL statement:
select distinct RES.* 
       
    from ACT_RU_TASK RES
     
     
     
     
    
     
     
     
      
   
    
     order by  order by RES.ID_ asc  
    LIMIT ? OFFSET ? [42001-176]
	at org.h2.message.DbException.getJdbcSQLException(DbException.java:344)
	at org.h2.message.DbException.getSyntaxError(DbException.java:204)
	at org.h2.command.Parser.getSyntaxError(Parser.java:524)
	at org.h2.command.Parser.readTerm(Parser.java:2688)
	at org.h2.command.Parser.readFactor(Parser.java:2244)
	at org.h2.command.Parser.readSum(Parser.java:2231)
	at org.h2.command.Parser.readConcat(Parser.java:2201)
	at org.h2.command.Parser.readCondition(Parser.java:2051)
	at org.h2.command.Parser.readAnd(Parser.java:2023)
	at org.h2.command.Parser.readExpression(Parser.java:2015)
	at org.h2.command.Parser.parseEndOfQuery(Parser.java:1726)
	at org.h2.command.Parser.parseSelectUnionExtension(Parser.java:1706)
	at org.h2.command.Parser.parseSelectUnion(Parser.java:1675)
	at org.h2.command.Parser.parseSelect(Parser.java:1662)
	at org.h2.command.Parser.parsePrepared(Parser.java:434)
	at org.h2.command.Parser.parse(Parser.java:306)
	at org.h2.command.Parser.parse(Parser.java:282)
	at org.h2.command.Parser.prepareCommand(Parser.java:243)
	at org.h2.engine.Session.prepareLocal(Session.java:442)
	at org.h2.engine.Session.prepareCommand(Session.java:384)
	at org.h2.jdbc.JdbcConnection.prepareCommand(JdbcConnection.java:1188)
	at org.h2.jdbc.JdbcPreparedStatement.&lt;init&gt;(JdbcPreparedStatement.java:73)
	at org.h2.jdbc.JdbcConnection.prepareStatement(JdbcConnection.java:276)
	at sun.reflect.GeneratedMethodAccessor6.invoke(Unknown Source)
	at sun.reflect.DelegatingMethodAccessorImpl.invoke(DelegatingMethodAccessorImpl.java:43)
	at java.lang.reflect.Method.invoke(Method.java:498)
	at org.apache.ibatis.datasource.pooled.PooledConnection.invoke(PooledConnection.java:245)
	at com.sun.proxy.$Proxy12.prepareStatement(Unknown Source)
	at sun.reflect.GeneratedMethodAccessor6.invoke(Unknown Source)
	at sun.reflect.DelegatingMethodAccessorImpl.invoke(DelegatingMethodAccessorImpl.java:43)
	at java.lang.reflect.Method.invoke(Method.java:498)
	at org.apache.ibatis.logging.jdbc.ConnectionLogger.invoke(ConnectionLogger.java:55)
	at com.sun.proxy.$Proxy12.prepareStatement(Unknown Source)
	at org.apache.ibatis.executor.statement.PreparedStatementHandler.instantiateStatement(PreparedStatementHandler.java:79)
	at org.apache.ibatis.executor.statement.BaseStatementHandler.prepare(BaseStatementHandler.java:88)
	at org.apache.ibatis.executor.statement.RoutingStatementHandler.prepare(RoutingStatementHandler.java:58)
	at org.apache.ibatis.executor.SimpleExecutor.prepareStatement(SimpleExecutor.java:76)
	at org.apache.ibatis.executor.SimpleExecutor.doQuery(SimpleExecutor.java:61)
	at org.apache.ibatis.executor.BaseExecutor.queryFromDatabase(BaseExecutor.java:303)
	at org.apache.ibatis.executor.BaseExecutor.query(BaseExecutor.java:154)
	at org.apache.ibatis.executor.CachingExecutor.query(CachingExecutor.java:102)
	at org.apache.ibatis.executor.CachingExecutor.query(CachingExecutor.java:82)
	at org.apache.ibatis.session.defaults.DefaultSqlSession.selectList(DefaultSqlSession.java:120)
	... 40 more
10:45:10,921 [main] DEBUG org.activiti.engine.impl.test.PvmTestCase  - #### END SubTaskQueryTest.testQueryExcludeSubtasks #############################################################
10:45:10,921 [main] DEBUG org.activiti.engine.impl.interceptor.LogInterceptor  - 

10:45:10,921 [main] DEBUG org.activiti.engine.impl.interceptor.LogInterceptor  - --- starting DeleteGroupCmd --------------------------------------------------------
10:45:10,921 [main] DEBUG org.apache.ibatis.transaction.jdbc.JdbcTransaction  - Opening JDBC Connection
10:45:10,921 [main] DEBUG org.apache.ibatis.datasource.pooled.PooledDataSource  - Checked out connection 363509958 from pool.
10:45:10,921 [main] DEBUG org.apache.ibatis.transaction.jdbc.JdbcTransaction  - Setting autocommit to false on JDBC Connection [conn2: url=jdbc:h2:mem:activiti user=SA]
10:45:10,921 [main] DEBUG org.activiti.engine.impl.persistence.entity.GroupEntity.selectGroup  - ==&gt;  Preparing: select * from ACT_ID_GROUP where ID_ = ? 
10:45:10,921 [main] DEBUG org.activiti.engine.impl.persistence.entity.GroupEntity.selectGroup  - ==&gt; Parameters: accountancy(String)
10:45:10,921 [main] DEBUG org.activiti.engine.impl.persistence.entity.GroupEntity.selectGroup  - &lt;==      Total: 1
10:45:10,921 [main] DEBUG org.activiti.engine.impl.db.DbSqlSession  -   bulk delete: deleteMembershipsByGroupId(accountancy)
10:45:10,921 [main] DEBUG org.activiti.engine.impl.db.DbSqlSession  -   delete org.activiti.engine.impl.persistence.entity.GroupEntity@2d6abfc7
10:45:10,921 [main] DEBUG org.activiti.engine.impl.db.DbSqlSession  - flush summary: 0 insert, 0 update, 2 delete.
10:45:10,921 [main] DEBUG org.activiti.engine.impl.db.DbSqlSession  - now executing flush...
10:45:10,921 [main] DEBUG org.activiti.engine.impl.db.DbSqlSession  - executing: bulk delete: deleteMembershipsByGroupId(accountancy)
10:45:10,921 [main] DEBUG org.activiti.engine.impl.persistence.entity.MembershipRelation.deleteMembershipsByGroupId  - ==&gt;  Preparing: delete from ACT_ID_MEMBERSHIP where GROUP_ID_ = ? 
10:45:10,921 [main] DEBUG org.activiti.engine.impl.persistence.entity.MembershipRelation.deleteMembershipsByGroupId  - ==&gt; Parameters: accountancy(String)
10:45:10,921 [main] DEBUG org.activiti.engine.impl.persistence.entity.MembershipRelation.deleteMembershipsByGroupId  - &lt;==    Updates: 1
10:45:10,921 [main] DEBUG org.activiti.engine.impl.db.DbSqlSession  - executing: delete org.activiti.engine.impl.persistence.entity.GroupEntity@2d6abfc7
10:45:10,921 [main] DEBUG org.activiti.engine.impl.persistence.entity.GroupEntity.deleteGroup  - ==&gt;  Preparing: delete from ACT_ID_GROUP where ID_ = ? and REV_ = ? 
10:45:10,921 [main] DEBUG org.activiti.engine.impl.persistence.entity.GroupEntity.deleteGroup  - ==&gt; Parameters: accountancy(String), 1(Integer)
10:45:10,921 [main] DEBUG org.activiti.engine.impl.persistence.entity.GroupEntity.deleteGroup  - &lt;==    Updates: 1
10:45:10,921 [main] DEBUG org.activiti.engine.impl.cfg.standalone.StandaloneMybatisTransactionContext  - firing event committing...
10:45:10,921 [main] DEBUG org.activiti.engine.impl.cfg.standalone.StandaloneMybatisTransactionContext  - committing the ibatis sql session...
10:45:10,921 [main] DEBUG org.apache.ibatis.transaction.jdbc.JdbcTransaction  - Committing JDBC Connection [conn2: url=jdbc:h2:mem:activiti user=SA]
10:45:10,921 [main] DEBUG org.activiti.engine.impl.cfg.standalone.StandaloneMybatisTransactionContext  - firing event committed...
10:45:10,921 [main] DEBUG org.apache.ibatis.transaction.jdbc.JdbcTransaction  - Resetting autocommit to true on JDBC Connection [conn2: url=jdbc:h2:mem:activiti user=SA]
10:45:10,921 [main] DEBUG org.apache.ibatis.transaction.jdbc.JdbcTransaction  - Closing JDBC Connection [conn2: url=jdbc:h2:mem:activiti user=SA]
10:45:10,921 [main] DEBUG org.apache.ibatis.datasource.pooled.PooledDataSource  - Returned connection 363509958 to pool.
10:45:10,921 [main] DEBUG org.activiti.engine.impl.interceptor.LogInterceptor  - --- DeleteGroupCmd finished --------------------------------------------------------
10:45:10,921 [main] DEBUG org.activiti.engine.impl.interceptor.LogInterceptor  - 

10:45:10,921 [main] DEBUG org.activiti.engine.impl.interceptor.LogInterceptor  - 

10:45:10,921 [main] DEBUG org.activiti.engine.impl.interceptor.LogInterceptor  - --- starting DeleteGroupCmd --------------------------------------------------------
10:45:10,921 [main] DEBUG org.apache.ibatis.transaction.jdbc.JdbcTransaction  - Opening JDBC Connection
10:45:10,921 [main] DEBUG org.apache.ibatis.datasource.pooled.PooledDataSource  - Checked out connection 297240765 from pool.
10:45:10,921 [main] DEBUG org.apache.ibatis.transaction.jdbc.JdbcTransaction  - Setting autocommit to false on JDBC Connection [conn4: url=jdbc:h2:mem:activiti user=SA]
10:45:10,921 [main] DEBUG org.activiti.engine.impl.persistence.entity.GroupEntity.selectGroup  - ==&gt;  Preparing: select * from ACT_ID_GROUP where ID_ = ? 
10:45:10,921 [main] DEBUG org.activiti.engine.impl.persistence.entity.GroupEntity.selectGroup  - ==&gt; Parameters: management(String)
10:45:10,921 [main] DEBUG org.activiti.engine.impl.persistence.entity.GroupEntity.selectGroup  - &lt;==      Total: 1
10:45:10,921 [main] DEBUG org.activiti.engine.impl.db.DbSqlSession  -   bulk delete: deleteMembershipsByGroupId(management)
10:45:10,921 [main] DEBUG org.activiti.engine.impl.db.DbSqlSession  -   delete org.activiti.engine.impl.persistence.entity.GroupEntity@4f5d587c
10:45:10,921 [main] DEBUG org.activiti.engine.impl.db.DbSqlSession  - flush summary: 0 insert, 0 update, 2 delete.
10:45:10,921 [main] DEBUG org.activiti.engine.impl.db.DbSqlSession  - now executing flush...
10:45:10,921 [main] DEBUG org.activiti.engine.impl.db.DbSqlSession  - executing: bulk delete: deleteMembershipsByGroupId(management)
10:45:10,921 [main] DEBUG org.activiti.engine.impl.persistence.entity.MembershipRelation.deleteMembershipsByGroupId  - ==&gt;  Preparing: delete from ACT_ID_MEMBERSHIP where GROUP_ID_ = ? 
10:45:10,921 [main] DEBUG org.activiti.engine.impl.persistence.entity.MembershipRelation.deleteMembershipsByGroupId  - ==&gt; Parameters: management(String)
10:45:10,921 [main] DEBUG org.activiti.engine.impl.persistence.entity.MembershipRelation.deleteMembershipsByGroupId  - &lt;==    Updates: 1
10:45:10,921 [main] DEBUG org.activiti.engine.impl.db.DbSqlSession  - executing: delete org.activiti.engine.impl.persistence.entity.GroupEntity@4f5d587c
10:45:10,921 [main] DEBUG org.activiti.engine.impl.persistence.entity.GroupEntity.deleteGroup  - ==&gt;  Preparing: delete from ACT_ID_GROUP where ID_ = ? and REV_ = ? 
10:45:10,922 [main] DEBUG org.activiti.engine.impl.persistence.entity.GroupEntity.deleteGroup  - ==&gt; Parameters: management(String), 1(Integer)
10:45:10,922 [main] DEBUG org.activiti.engine.impl.persistence.entity.GroupEntity.deleteGroup  - &lt;==    Updates: 1
10:45:10,922 [main] DEBUG org.activiti.engine.impl.cfg.standalone.StandaloneMybatisTransactionContext  - firing event committing...
10:45:10,922 [main] DEBUG org.activiti.engine.impl.cfg.standalone.StandaloneMybatisTransactionContext  - committing the ibatis sql session...
10:45:10,922 [main] DEBUG org.apache.ibatis.transaction.jdbc.JdbcTransaction  - Committing JDBC Connection [conn4: url=jdbc:h2:mem:activiti user=SA]
10:45:10,922 [main] DEBUG org.activiti.engine.impl.cfg.standalone.StandaloneMybatisTransactionContext  - firing event committed...
10:45:10,922 [main] DEBUG org.apache.ibatis.transaction.jdbc.JdbcTransaction  - Resetting autocommit to true on JDBC Connection [conn4: url=jdbc:h2:mem:activiti user=SA]
10:45:10,922 [main] DEBUG org.apache.ibatis.transaction.jdbc.JdbcTransaction  - Closing JDBC Connection [conn4: url=jdbc:h2:mem:activiti user=SA]
10:45:10,922 [main] DEBUG org.apache.ibatis.datasource.pooled.PooledDataSource  - Returned connection 297240765 to pool.
10:45:10,922 [main] DEBUG org.activiti.engine.impl.interceptor.LogInterceptor  - --- DeleteGroupCmd finished --------------------------------------------------------
10:45:10,922 [main] DEBUG org.activiti.engine.impl.interceptor.LogInterceptor  - 

10:45:10,922 [main] DEBUG org.activiti.engine.impl.interceptor.LogInterceptor  - 

10:45:10,922 [main] DEBUG org.activiti.engine.impl.interceptor.LogInterceptor  - --- starting DeleteUserCmd --------------------------------------------------------
10:45:10,922 [main] DEBUG org.apache.ibatis.transaction.jdbc.JdbcTransaction  - Opening JDBC Connection
10:45:10,922 [main] DEBUG org.apache.ibatis.datasource.pooled.PooledDataSource  - Checked out connection 486346394 from pool.
10:45:10,922 [main] DEBUG org.apache.ibatis.transaction.jdbc.JdbcTransaction  - Setting autocommit to false on JDBC Connection [conn6: url=jdbc:h2:mem:activiti user=SA]
10:45:10,922 [main] DEBUG org.activiti.engine.impl.persistence.entity.UserEntity.selectUserById  - ==&gt;  Preparing: select * from ACT_ID_USER where ID_ = ? 
10:45:10,922 [main] DEBUG org.activiti.engine.impl.persistence.entity.UserEntity.selectUserById  - ==&gt; Parameters: gonzo(String)
10:45:10,922 [main] DEBUG org.activiti.engine.impl.persistence.entity.UserEntity.selectUserById  - &lt;==      Total: 1
10:45:10,922 [main] DEBUG org.activiti.engine.impl.persistence.entity.IdentityInfoEntity.selectIdentityInfoByUserId  - ==&gt;  Preparing: select * from ACT_ID_INFO where USER_ID_ = ? 
10:45:10,922 [main] DEBUG org.activiti.engine.impl.persistence.entity.IdentityInfoEntity.selectIdentityInfoByUserId  - ==&gt; Parameters: gonzo(String)
10:45:10,922 [main] DEBUG org.activiti.engine.impl.persistence.entity.IdentityInfoEntity.selectIdentityInfoByUserId  - &lt;==      Total: 0
10:45:10,922 [main] DEBUG org.activiti.engine.impl.db.DbSqlSession  -   bulk delete: deleteMembershipsByUserId(gonzo)
10:45:10,922 [main] DEBUG org.activiti.engine.impl.db.DbSqlSession  -   delete org.activiti.engine.impl.persistence.entity.UserEntity@138a51d5
10:45:10,922 [main] DEBUG org.activiti.engine.impl.db.DbSqlSession  - flush summary: 0 insert, 0 update, 2 delete.
10:45:10,922 [main] DEBUG org.activiti.engine.impl.db.DbSqlSession  - now executing flush...
10:45:10,922 [main] DEBUG org.activiti.engine.impl.db.DbSqlSession  - executing: bulk delete: deleteMembershipsByUserId(gonzo)
10:45:10,922 [main] DEBUG org.activiti.engine.impl.persistence.entity.MembershipRelation.deleteMembershipsByUserId  - ==&gt;  Preparing: delete from ACT_ID_MEMBERSHIP where USER_ID_ = ? 
10:45:10,922 [main] DEBUG org.activiti.engine.impl.persistence.entity.MembershipRelation.deleteMembershipsByUserId  - ==&gt; Parameters: gonzo(String)
10:45:10,922 [main] DEBUG org.activiti.engine.impl.persistence.entity.MembershipRelation.deleteMembershipsByUserId  - &lt;==    Updates: 0
10:45:10,922 [main] DEBUG org.activiti.engine.impl.db.DbSqlSession  - executing: delete org.activiti.engine.impl.persistence.entity.UserEntity@138a51d5
10:45:10,922 [main] DEBUG org.activiti.engine.impl.persistence.entity.UserEntity.deleteUser  - ==&gt;  Preparing: delete from ACT_ID_USER where ID_ = ? and REV_ = ? 
10:45:10,922 [main] DEBUG org.activiti.engine.impl.persistence.entity.UserEntity.deleteUser  - ==&gt; Parameters: gonzo(String), 1(Integer)
10:45:10,922 [main] DEBUG org.activiti.engine.impl.persistence.entity.UserEntity.deleteUser  - &lt;==    Updates: 1
10:45:10,922 [main] DEBUG org.activiti.engine.impl.cfg.standalone.StandaloneMybatisTransactionContext  - firing event committing...
10:45:10,922 [main] DEBUG org.activiti.engine.impl.cfg.standalone.StandaloneMybatisTransactionContext  - committing the ibatis sql session...
10:45:10,922 [main] DEBUG org.apache.ibatis.transaction.jdbc.JdbcTransaction  - Committing JDBC Connection [conn6: url=jdbc:h2:mem:activiti user=SA]
10:45:10,922 [main] DEBUG org.activiti.engine.impl.cfg.standalone.StandaloneMybatisTransactionContext  - firing event committed...
10:45:10,922 [main] DEBUG org.apache.ibatis.transaction.jdbc.JdbcTransaction  - Resetting autocommit to true on JDBC Connection [conn6: url=jdbc:h2:mem:activiti user=SA]
10:45:10,922 [main] DEBUG org.apache.ibatis.transaction.jdbc.JdbcTransaction  - Closing JDBC Connection [conn6: url=jdbc:h2:mem:activiti user=SA]
10:45:10,922 [main] DEBUG org.apache.ibatis.datasource.pooled.PooledDataSource  - Returned connection 486346394 to pool.
10:45:10,922 [main] DEBUG org.activiti.engine.impl.interceptor.LogInterceptor  - --- DeleteUserCmd finished --------------------------------------------------------
10:45:10,922 [main] DEBUG org.activiti.engine.impl.interceptor.LogInterceptor  - 

10:45:10,922 [main] DEBUG org.activiti.engine.impl.interceptor.LogInterceptor  - 

10:45:10,922 [main] DEBUG org.activiti.engine.impl.interceptor.LogInterceptor  - --- starting DeleteUserCmd --------------------------------------------------------
10:45:10,922 [main] DEBUG org.apache.ibatis.transaction.jdbc.JdbcTransaction  - Opening JDBC Connection
10:45:10,922 [main] DEBUG org.apache.ibatis.datasource.pooled.PooledDataSource  - Checked out connection 180014677 from pool.
10:45:10,922 [main] DEBUG org.apache.ibatis.transaction.jdbc.JdbcTransaction  - Setting autocommit to false on JDBC Connection [conn3: url=jdbc:h2:mem:activiti user=SA]
10:45:10,922 [main] DEBUG org.activiti.engine.impl.persistence.entity.UserEntity.selectUserById  - ==&gt;  Preparing: select * from ACT_ID_USER where ID_ = ? 
10:45:10,922 [main] DEBUG org.activiti.engine.impl.persistence.entity.UserEntity.selectUserById  - ==&gt; Parameters: kermit(String)
10:45:10,922 [main] DEBUG org.activiti.engine.impl.persistence.entity.UserEntity.selectUserById  - &lt;==      Total: 1
10:45:10,922 [main] DEBUG org.activiti.engine.impl.persistence.entity.IdentityInfoEntity.selectIdentityInfoByUserId  - ==&gt;  Preparing: select * from ACT_ID_INFO where USER_ID_ = ? 
10:45:10,922 [main] DEBUG org.activiti.engine.impl.persistence.entity.IdentityInfoEntity.selectIdentityInfoByUserId  - ==&gt; Parameters: kermit(String)
10:45:10,922 [main] DEBUG org.activiti.engine.impl.persistence.entity.IdentityInfoEntity.selectIdentityInfoByUserId  - &lt;==      Total: 0
10:45:10,922 [main] DEBUG org.activiti.engine.impl.db.DbSqlSession  -   bulk delete: deleteMembershipsByUserId(kermit)
10:45:10,922 [main] DEBUG org.activiti.engine.impl.db.DbSqlSession  -   delete org.activiti.engine.impl.persistence.entity.UserEntity@413a2520
10:45:10,922 [main] DEBUG org.activiti.engine.impl.db.DbSqlSession  - flush summary: 0 insert, 0 update, 2 delete.
10:45:10,922 [main] DEBUG org.activiti.engine.impl.db.DbSqlSession  - now executing flush...
10:45:10,922 [main] DEBUG org.activiti.engine.impl.db.DbSqlSession  - executing: bulk delete: deleteMembershipsByUserId(kermit)
10:45:10,922 [main] DEBUG org.activiti.engine.impl.persistence.entity.MembershipRelation.deleteMembershipsByUserId  - ==&gt;  Preparing: delete from ACT_ID_MEMBERSHIP where USER_ID_ = ? 
10:45:10,922 [main] DEBUG org.activiti.engine.impl.persistence.entity.MembershipRelation.deleteMembershipsByUserId  - ==&gt; Parameters: kermit(String)
10:45:10,922 [main] DEBUG org.activiti.engine.impl.persistence.entity.MembershipRelation.deleteMembershipsByUserId  - &lt;==    Updates: 0
10:45:10,922 [main] DEBUG org.activiti.engine.impl.db.DbSqlSession  - executing: delete org.activiti.engine.impl.persistence.entity.UserEntity@413a2520
10:45:10,922 [main] DEBUG org.activiti.engine.impl.persistence.entity.UserEntity.deleteUser  - ==&gt;  Preparing: delete from ACT_ID_USER where ID_ = ? and REV_ = ? 
10:45:10,922 [main] DEBUG org.activiti.engine.impl.persistence.entity.UserEntity.deleteUser  - ==&gt; Parameters: kermit(String), 1(Integer)
10:45:10,922 [main] DEBUG org.activiti.engine.impl.persistence.entity.UserEntity.deleteUser  - &lt;==    Updates: 1
10:45:10,922 [main] DEBUG org.activiti.engine.impl.cfg.standalone.StandaloneMybatisTransactionContext  - firing event committing...
10:45:10,922 [main] DEBUG org.activiti.engine.impl.cfg.standalone.StandaloneMybatisTransactionContext  - committing the ibatis sql session...
10:45:10,922 [main] DEBUG org.apache.ibatis.transaction.jdbc.JdbcTransaction  - Committing JDBC Connection [conn3: url=jdbc:h2:mem:activiti user=SA]
10:45:10,922 [main] DEBUG org.activiti.engine.impl.cfg.standalone.StandaloneMybatisTransactionContext  - firing event committed...
10:45:10,922 [main] DEBUG org.apache.ibatis.transaction.jdbc.JdbcTransaction  - Resetting autocommit to true on JDBC Connection [conn3: url=jdbc:h2:mem:activiti user=SA]
10:45:10,922 [main] DEBUG org.apache.ibatis.transaction.jdbc.JdbcTransaction  - Closing JDBC Connection [conn3: url=jdbc:h2:mem:activiti user=SA]
10:45:10,922 [main] DEBUG org.apache.ibatis.datasource.pooled.PooledDataSource  - Returned connection 180014677 to pool.
10:45:10,922 [main] DEBUG org.activiti.engine.impl.interceptor.LogInterceptor  - --- DeleteUserCmd finished --------------------------------------------------------
10:45:10,922 [main] DEBUG org.activiti.engine.impl.interceptor.LogInterceptor  - 

10:45:10,922 [main] DEBUG org.activiti.engine.impl.interceptor.LogInterceptor  - 

10:45:10,922 [main] DEBUG org.activiti.engine.impl.interceptor.LogInterceptor  - --- starting DeleteTaskCmd --------------------------------------------------------
10:45:10,922 [main] DEBUG org.apache.ibatis.transaction.jdbc.JdbcTransaction  - Opening JDBC Connection
10:45:10,922 [main] DEBUG org.apache.ibatis.datasource.pooled.PooledDataSource  - Checked out connection 363509958 from pool.
10:45:10,922 [main] DEBUG org.apache.ibatis.transaction.jdbc.JdbcTransaction  - Setting autocommit to false on JDBC Connection [conn2: url=jdbc:h2:mem:activiti user=SA]
10:45:10,922 [main] DEBUG org.activiti.engine.impl.persistence.entity.TaskEntity.selectTask  - ==&gt;  Preparing: select * from ACT_RU_TASK where ID_ = ? 
10:45:10,922 [main] DEBUG org.activiti.engine.impl.persistence.entity.TaskEntity.selectTask  - ==&gt; Parameters: 854(String)
10:45:10,922 [main] DEBUG org.activiti.engine.impl.persistence.entity.TaskEntity.selectTask  - &lt;==      Total: 1
10:45:10,922 [main] DEBUG org.activiti.engine.impl.persistence.entity.TaskEntity.selectTasksByParentTaskId  - ==&gt;  Preparing: select * from ACT_RU_TASK where PARENT_TASK_ID_ = ? 
10:45:10,922 [main] DEBUG org.activiti.engine.impl.persistence.entity.TaskEntity.selectTasksByParentTaskId  - ==&gt; Parameters: 854(String)
10:45:10,922 [main] DEBUG org.activiti.engine.impl.persistence.entity.TaskEntity.selectTasksByParentTaskId  - &lt;==      Total: 2
10:45:10,922 [main] DEBUG org.activiti.engine.impl.persistence.entity.TaskEntity.selectTasksByParentTaskId  - ==&gt;  Preparing: select * from ACT_RU_TASK where PARENT_TASK_ID_ = ? 
10:45:10,922 [main] DEBUG org.activiti.engine.impl.persistence.entity.TaskEntity.selectTasksByParentTaskId  - ==&gt; Parameters: 857(String)
10:45:10,922 [main] DEBUG org.activiti.engine.impl.persistence.entity.TaskEntity.selectTasksByParentTaskId  - &lt;==      Total: 0
10:45:10,922 [main] DEBUG org.activiti.engine.impl.persistence.entity.IdentityLinkEntity.selectIdentityLinksByTask  - ==&gt;  Preparing: select * from ACT_RU_IDENTITYLINK where TASK_ID_ = ? 
10:45:10,922 [main] DEBUG org.activiti.engine.impl.persistence.entity.IdentityLinkEntity.selectIdentityLinksByTask  - ==&gt; Parameters: 857(String)
10:45:10,922 [main] DEBUG org.activiti.engine.impl.persistence.entity.IdentityLinkEntity.selectIdentityLinksByTask  - &lt;==      Total: 1
10:45:10,922 [main] DEBUG org.activiti.engine.impl.persistence.entity.VariableInstanceEntity.selectVariablesByTaskId  - ==&gt;  Preparing: select * from ACT_RU_VARIABLE where TASK_ID_ = ? 
10:45:10,922 [main] DEBUG org.activiti.engine.impl.persistence.entity.VariableInstanceEntity.selectVariablesByTaskId  - ==&gt; Parameters: 857(String)
10:45:10,922 [main] DEBUG org.activiti.engine.impl.persistence.entity.VariableInstanceEntity.selectVariablesByTaskId  - &lt;==      Total: 0
10:45:10,922 [main] DEBUG org.activiti.engine.impl.history.DefaultHistoryManager  - Current history level: FULL
10:45:10,922 [main] DEBUG org.activiti.engine.impl.history.DefaultHistoryManager  - Current history level: FULL
10:45:10,922 [main] DEBUG org.activiti.engine.impl.persistence.entity.HistoricTaskInstanceEntity.selectHistoricTaskInstance  - ==&gt;  Preparing: select * from ACT_HI_TASKINST where ID_ = ? 
10:45:10,922 [main] DEBUG org.activiti.engine.impl.persistence.entity.HistoricTaskInstanceEntity.selectHistoricTaskInstance  - ==&gt; Parameters: 857(String)
10:45:10,922 [main] DEBUG org.activiti.engine.impl.persistence.entity.HistoricTaskInstanceEntity.selectHistoricTaskInstance  - &lt;==      Total: 1
10:45:10,922 [main] DEBUG org.activiti.engine.impl.persistence.entity.HistoricTaskInstanceEntity.selectHistoricTasksByParentTaskId  - ==&gt;  Preparing: select * from ACT_HI_TASKINST where PARENT_TASK_ID_ = ? 
10:45:10,922 [main] DEBUG org.activiti.engine.impl.persistence.entity.HistoricTaskInstanceEntity.selectHistoricTasksByParentTaskId  - ==&gt; Parameters: 857(String)
10:45:10,922 [main] DEBUG org.activiti.engine.impl.persistence.entity.HistoricTaskInstanceEntity.selectHistoricTasksByParentTaskId  - &lt;==      Total: 0
10:45:10,923 [main] DEBUG org.activiti.engine.impl.history.DefaultHistoryManager  - Current history level: FULL, level required: FULL
10:45:10,923 [main] DEBUG org.activiti.engine.impl.persistence.entity.HistoricDetailEntity.selectHistoricDetailsByQueryCriteria  - ==&gt;  Preparing: select RES.* from ACT_HI_DETAIL RES WHERE RES.TASK_ID_ = ? order by order by RES.ID_ asc LIMIT ? OFFSET ? 
10:45:10,923 [main] DEBUG org.activiti.engine.impl.interceptor.CommandContext  - Error while closing command context
org.apache.ibatis.exceptions.PersistenceException: 
### Error querying database.  Cause: org.h2.jdbc.JdbcSQLException: Syntax error in SQL statement &quot;SELECT RES.* 
     
    FROM ACT_HI_DETAIL RES
     WHERE  RES.TASK_ID_ = ? 
   
     ORDER BY  ORDER[*] BY RES.ID_ ASC  
    LIMIT ? OFFSET ? &quot;; expected &quot;=, NOT, EXISTS, INTERSECTS, SELECT, FROM&quot;; SQL statement:
select RES.* 
     
    from ACT_HI_DETAIL RES
     WHERE  RES.TASK_ID_ = ? 
   
     order by  order by RES.ID_ asc  
    LIMIT ? OFFSET ? [42001-176]
### The error may exist in org/activiti/db/mapping/entity/HistoricDetail.xml
### The error may involve org.activiti.engine.impl.persistence.entity.HistoricDetailEntity.selectHistoricDetailsByQueryCriteria
### The error occurred while executing a query
### SQL: select RES.*            from ACT_HI_DETAIL RES      WHERE  RES.TASK_ID_ = ?           order by  order by RES.ID_ asc       LIMIT ? OFFSET ?
### Cause: org.h2.jdbc.JdbcSQLException: Syntax error in SQL statement &quot;SELECT RES.* 
     
    FROM ACT_HI_DETAIL RES
     WHERE  RES.TASK_ID_ = ? 
   
     ORDER BY  ORDER[*] BY RES.ID_ ASC  
    LIMIT ? OFFSET ? &quot;; expected &quot;=, NOT, EXISTS, INTERSECTS, SELECT, FROM&quot;; SQL statement:
select RES.* 
     
    from ACT_HI_DETAIL RES
     WHERE  RES.TASK_ID_ = ? 
   
     order by  order by RES.ID_ asc  
    LIMIT ? OFFSET ? [42001-176]
	at org.apache.ibatis.exceptions.ExceptionFactory.wrapException(ExceptionFactory.java:30)
	at org.apache.ibatis.session.defaults.DefaultSqlSession.selectList(DefaultSqlSession.java:122)
	at org.apache.ibatis.session.defaults.DefaultSqlSession.selectList(DefaultSqlSession.java:113)
	at org.activiti.engine.impl.db.DbSqlSession.selectListWithRawParameter(DbSqlSession.java:438)
	at org.activiti.engine.impl.db.DbSqlSession.selectList(DbSqlSession.java:429)
	at org.activiti.engine.impl.db.DbSqlSession.selectList(DbSqlSession.java:419)
	at org.activiti.engine.impl.persistence.entity.HistoricDetailEntityManager.findHistoricDetailsByQueryCriteria(HistoricDetailEntityManager.java:51)
	at org.activiti.engine.impl.HistoricDetailQueryImpl.executeList(HistoricDetailQueryImpl.java:112)
	at org.activiti.engine.impl.AbstractQuery.list(AbstractQuery.java:140)
	at org.activiti.engine.impl.persistence.entity.HistoricDetailEntityManager.deleteHistoricDetailsByTaskId(HistoricDetailEntityManager.java:58)
	at org.activiti.engine.impl.persistence.entity.HistoricTaskInstanceEntityManager.deleteHistoricTaskInstanceById(HistoricTaskInstanceEntityManager.java:122)
	at org.activiti.engine.impl.persistence.entity.TaskEntityManager.deleteTask(TaskEntityManager.java:91)
	at org.activiti.engine.impl.persistence.entity.TaskEntityManager.deleteTask(TaskEntityManager.java:77)
	at org.activiti.engine.impl.persistence.entity.TaskEntityManager.deleteTask(TaskEntityManager.java:201)
	at org.activiti.engine.impl.cmd.DeleteTaskCmd.deleteTask(DeleteTaskCmd.java:64)
	at org.activiti.engine.impl.cmd.DeleteTaskCmd.execute(DeleteTaskCmd.java:51)
	at org.activiti.engine.impl.cmd.DeleteTaskCmd.execute(DeleteTaskCmd.java:26)
	at org.activiti.engine.impl.interceptor.CommandInvoker.execute(CommandInvoker.java:24)
	at org.activiti.engine.impl.interceptor.CommandContextInterceptor.execute(CommandContextInterceptor.java:57)
	at org.activiti.engine.impl.interceptor.LogInterceptor.execute(LogInterceptor.java:37)
	at org.activiti.engine.impl.cfg.CommandExecutorImpl.execute(CommandExecutorImpl.java:40)
	at org.activiti.engine.impl.cfg.CommandExecutorImpl.execute(CommandExecutorImpl.java:35)
	at org.activiti.engine.impl.TaskServiceImpl.deleteTasks(TaskServiceImpl.java:109)
	at org.activiti.engine.test.api.task.SubTaskQueryTest.tearDown(SubTaskQueryTest.java:51)
	at junit.framework.TestCase.runBare(TestCase.java:146)
	at org.activiti.engine.impl.test.AbstractActivitiTestCase.runBare(AbstractActivitiTestCase.java:100)
	at junit.framework.TestResult$1.protect(TestResult.java:122)
	at junit.framework.TestResult.runProtected(TestResult.java:142)
	at junit.framework.TestResult.run(TestResult.java:125)
	at junit.framework.TestCase.run(TestCase.java:129)
	at junit.framework.TestSuite.runTest(TestSuite.java:255)
	at junit.framework.TestSuite.run(TestSuite.java:250)
	at org.junit.internal.runners.JUnit38ClassRunner.run(JUnit38ClassRunner.java:84)
	at org.apache.maven.surefire.junit4.JUnit4TestSet.execute(JUnit4TestSet.java:35)
	at org.apache.maven.surefire.junit4.JUnit4Provider.executeTestSet(JUnit4Provider.java:146)
	at org.apache.maven.surefire.junit4.JUnit4Provider.invoke(JUnit4Provider.java:97)
	at sun.reflect.NativeMethodAccessorImpl.invoke0(Native Method)
	at sun.reflect.NativeMethodAccessorImpl.invoke(NativeMethodAccessorImpl.java:62)
	at sun.reflect.DelegatingMethodAccessorImpl.invoke(DelegatingMethodAccessorImpl.java:43)
	at java.lang.reflect.Method.invoke(Method.java:498)
	at org.apache.maven.surefire.booter.ProviderFactory$ClassLoaderProxy.invoke(ProviderFactory.java:103)
	at com.sun.proxy.$Proxy0.invoke(Unknown Source)
	at org.apache.maven.surefire.booter.SurefireStarter.invokeProvider(SurefireStarter.java:145)
	at org.apache.maven.surefire.booter.SurefireStarter.runSuitesInProcess(SurefireStarter.java:87)
	at org.apache.maven.surefire.booter.ForkedBooter.main(ForkedBooter.java:69)
Caused by: org.h2.jdbc.JdbcSQLException: Syntax error in SQL statement &quot;SELECT RES.* 
     
    FROM ACT_HI_DETAIL RES
     WHERE  RES.TASK_ID_ = ? 
   
     ORDER BY  ORDER[*] BY RES.ID_ ASC  
    LIMIT ? OFFSET ? &quot;; expected &quot;=, NOT, EXISTS, INTERSECTS, SELECT, FROM&quot;; SQL statement:
select RES.* 
     
    from ACT_HI_DETAIL RES
     WHERE  RES.TASK_ID_ = ? 
   
     order by  order by RES.ID_ asc  
    LIMIT ? OFFSET ? [42001-176]
	at org.h2.message.DbException.getJdbcSQLException(DbException.java:344)
	at org.h2.message.DbException.getSyntaxError(DbException.java:204)
	at org.h2.command.Parser.getSyntaxError(Parser.java:524)
	at org.h2.command.Parser.readTerm(Parser.java:2688)
	at org.h2.command.Parser.readFactor(Parser.java:2244)
	at org.h2.command.Parser.readSum(Parser.java:2231)
	at org.h2.command.Parser.readConcat(Parser.java:2201)
	at org.h2.command.Parser.readCondition(Parser.java:2051)
	at org.h2.command.Parser.readAnd(Parser.java:2023)
	at org.h2.command.Parser.readExpression(Parser.java:2015)
	at org.h2.command.Parser.parseEndOfQuery(Parser.java:1726)
	at org.h2.command.Parser.parseSelectUnionExtension(Parser.java:1706)
	at org.h2.command.Parser.parseSelectUnion(Parser.java:1675)
	at org.h2.command.Parser.parseSelect(Parser.java:1662)
	at org.h2.command.Parser.parsePrepared(Parser.java:434)
	at org.h2.command.Parser.parse(Parser.java:306)
	at org.h2.command.Parser.parse(Parser.java:282)
	at org.h2.command.Parser.prepareCommand(Parser.java:243)
	at org.h2.engine.Session.prepareLocal(Session.java:442)
	at org.h2.engine.Session.prepareCommand(Session.java:384)
	at org.h2.jdbc.JdbcConnection.prepareCommand(JdbcConnection.java:1188)
	at org.h2.jdbc.JdbcPreparedStatement.&lt;init&gt;(JdbcPreparedStatement.java:73)
	at org.h2.jdbc.JdbcConnection.prepareStatement(JdbcConnection.java:276)
	at sun.reflect.GeneratedMethodAccessor6.invoke(Unknown Source)
	at sun.reflect.DelegatingMethodAccessorImpl.invoke(DelegatingMethodAccessorImpl.java:43)
	at java.lang.reflect.Method.invoke(Method.java:498)
	at org.apache.ibatis.datasource.pooled.PooledConnection.invoke(PooledConnection.java:245)
	at com.sun.proxy.$Proxy12.prepareStatement(Unknown Source)
	at sun.reflect.GeneratedMethodAccessor6.invoke(Unknown Source)
	at sun.reflect.DelegatingMethodAccessorImpl.invoke(DelegatingMethodAccessorImpl.java:43)
	at java.lang.reflect.Method.invoke(Method.java:498)
	at org.apache.ibatis.logging.jdbc.ConnectionLogger.invoke(ConnectionLogger.java:55)
	at com.sun.proxy.$Proxy12.prepareStatement(Unknown Source)
	at org.apache.ibatis.executor.statement.PreparedStatementHandler.instantiateStatement(PreparedStatementHandler.java:79)
	at org.apache.ibatis.executor.statement.BaseStatementHandler.prepare(BaseStatementHandler.java:88)
	at org.apache.ibatis.executor.statement.RoutingStatementHandler.prepare(RoutingStatementHandler.java:58)
	at org.apache.ibatis.executor.SimpleExecutor.prepareStatement(SimpleExecutor.java:76)
	at org.apache.ibatis.executor.SimpleExecutor.doQuery(SimpleExecutor.java:61)
	at org.apache.ibatis.executor.BaseExecutor.queryFromDatabase(BaseExecutor.java:303)
	at org.apache.ibatis.executor.BaseExecutor.query(BaseExecutor.java:154)
	at org.apache.ibatis.executor.CachingExecutor.query(CachingExecutor.java:102)
	at org.apache.ibatis.executor.CachingExecutor.query(CachingExecutor.java:82)
	at org.apache.ibatis.session.defaults.DefaultSqlSession.selectList(DefaultSqlSession.java:120)
	... 43 more
10:45:10,924 [main] DEBUG org.activiti.engine.impl.cfg.standalone.StandaloneMybatisTransactionContext  - firing event rolling back...
10:45:10,924 [main] DEBUG org.activiti.engine.impl.cfg.standalone.StandaloneMybatisTransactionContext  - rolling back ibatis sql session...
10:45:10,924 [main] DEBUG org.activiti.engine.impl.cfg.standalone.StandaloneMybatisTransactionContext  - firing event rolled back...
10:45:10,924 [main] DEBUG org.apache.ibatis.transaction.jdbc.JdbcTransaction  - Resetting autocommit to true on JDBC Connection [conn2: url=jdbc:h2:mem:activiti user=SA]
10:45:10,924 [main] DEBUG org.apache.ibatis.transaction.jdbc.JdbcTransaction  - Closing JDBC Connection [conn2: url=jdbc:h2:mem:activiti user=SA]
10:45:10,924 [main] DEBUG org.apache.ibatis.datasource.pooled.PooledDataSource  - Returned connection 363509958 to pool.
10:45:10,924 [main] DEBUG org.activiti.engine.impl.interceptor.LogInterceptor  - --- DeleteTaskCmd finished --------------------------------------------------------
10:45:10,924 [main] DEBUG org.activiti.engine.impl.interceptor.LogInterceptor  - 

10:45:10,924 [main] ERROR org.activiti.engine.impl.test.PvmTestCase  - 

10:45:10,924 [main] ERROR org.activiti.engine.impl.test.PvmTestCase  - EXCEPTION: org.apache.ibatis.exceptions.PersistenceException: 
### Error querying database.  Cause: org.h2.jdbc.JdbcSQLException: Syntax error in SQL statement &quot;SELECT DISTINCT RES.* 
       
    FROM ACT_RU_TASK RES
     
     
     
     
    
     
     
     
      
   
    
     ORDER BY  ORDER[*] BY RES.ID_ ASC  
    LIMIT ? OFFSET ? &quot;; expected &quot;=, NOT, EXISTS, INTERSECTS, SELECT, FROM&quot;; SQL statement:
select distinct RES.* 
       
    from ACT_RU_TASK RES
     
     
     
     
    
     
     
     
      
   
    
     order by  order by RES.ID_ asc  
    LIMIT ? OFFSET ? [42001-176]
### The error may exist in org/activiti/db/mapping/entity/Task.xml
### The error may involve org.activiti.engine.impl.persistence.entity.TaskEntity.selectTaskByQueryCriteria
### The error occurred while executing a query
### SQL: select distinct RES.*              from ACT_RU_TASK RES                                                                     order by  order by RES.ID_ asc       LIMIT ? OFFSET ?
### Cause: org.h2.jdbc.JdbcSQLException: Syntax error in SQL statement &quot;SELECT DISTINCT RES.* 
       
    FROM ACT_RU_TASK RES
     
     
     
     
    
     
     
     
      
   
    
     ORDER BY  ORDER[*] BY RES.ID_ ASC  
    LIMIT ? OFFSET ? &quot;; expected &quot;=, NOT, EXISTS, INTERSECTS, SELECT, FROM&quot;; SQL statement:
select distinct RES.* 
       
    from ACT_RU_TASK RES
     
     
     
     
    
     
     
     
      
   
    
     order by  order by RES.ID_ asc  
    LIMIT ? OFFSET ? [42001-176]
org.apache.ibatis.exceptions.PersistenceException: 
### Error querying database.  Cause: org.h2.jdbc.JdbcSQLException: Syntax error in SQL statement &quot;SELECT DISTINCT RES.* 
       
    FROM ACT_RU_TASK RES
     
     
     
     
    
     
     
     
      
   
    
     ORDER BY  ORDER[*] BY RES.ID_ ASC  
    LIMIT ? OFFSET ? &quot;; expected &quot;=, NOT, EXISTS, INTERSECTS, SELECT, FROM&quot;; SQL statement:
select distinct RES.* 
       
    from ACT_RU_TASK RES
     
     
     
     
    
     
     
     
      
   
    
     order by  order by RES.ID_ asc  
    LIMIT ? OFFSET ? [42001-176]
### The error may exist in org/activiti/db/mapping/entity/Task.xml
### The error may involve org.activiti.engine.impl.persistence.entity.TaskEntity.selectTaskByQueryCriteria
### The error occurred while executing a query
### SQL: select distinct RES.*              from ACT_RU_TASK RES                                                                     order by  order by RES.ID_ asc       LIMIT ? OFFSET ?
### Cause: org.h2.jdbc.JdbcSQLException: Syntax error in SQL statement &quot;SELECT DISTINCT RES.* 
       
    FROM ACT_RU_TASK RES
     
     
     
     
    
     
     
     
      
   
    
     ORDER BY  ORDER[*] BY RES.ID_ ASC  
    LIMIT ? OFFSET ? &quot;; expected &quot;=, NOT, EXISTS, INTERSECTS, SELECT, FROM&quot;; SQL statement:
select distinct RES.* 
       
    from ACT_RU_TASK RES
     
     
     
     
    
     
     
     
      
   
    
     order by  order by RES.ID_ asc  
    LIMIT ? OFFSET ? [42001-176]
	at org.apache.ibatis.exceptions.ExceptionFactory.wrapException(ExceptionFactory.java:30)
	at org.apache.ibatis.session.defaults.DefaultSqlSession.selectList(DefaultSqlSession.java:122)
	at org.apache.ibatis.session.defaults.DefaultSqlSession.selectList(DefaultSqlSession.java:113)
	at org.activiti.engine.impl.db.DbSqlSession.selectListWithRawParameter(DbSqlSession.java:438)
	at org.activiti.engine.impl.db.DbSqlSession.selectList(DbSqlSession.java:429)
	at org.activiti.engine.impl.persistence.entity.TaskEntityManager.findTasksByQueryCriteria(TaskEntityManager.java:135)
	at org.activiti.engine.impl.TaskQueryImpl.executeList(TaskQueryImpl.java:1256)
	at org.activiti.engine.impl.AbstractQuery.execute(AbstractQuery.java:164)
	at org.activiti.engine.impl.interceptor.CommandInvoker.execute(CommandInvoker.java:24)
	at org.activiti.engine.impl.interceptor.CommandContextInterceptor.execute(CommandContextInterceptor.java:57)
	at org.activiti.engine.impl.interceptor.LogInterceptor.execute(LogInterceptor.java:37)
	at org.activiti.engine.impl.cfg.CommandExecutorImpl.execute(CommandExecutorImpl.java:40)
	at org.activiti.engine.impl.cfg.CommandExecutorImpl.execute(CommandExecutorImpl.java:35)
	at org.activiti.engine.impl.AbstractQuery.list(AbstractQuery.java:138)
	at org.activiti.engine.test.api.task.SubTaskQueryTest.testQueryExcludeSubtasks(SubTaskQueryTest.java:61)
	at sun.reflect.NativeMethodAccessorImpl.invoke0(Native Method)
	at sun.reflect.NativeMethodAccessorImpl.invoke(NativeMethodAccessorImpl.java:62)
	at sun.reflect.DelegatingMethodAccessorImpl.invoke(DelegatingMethodAccessorImpl.java:43)
	at java.lang.reflect.Method.invoke(Method.java:498)
	at junit.framework.TestCase.runTest(TestCase.java:176)
	at org.activiti.engine.impl.test.PvmTestCase.runTest(PvmTestCase.java:65)
	at junit.framework.TestCase.runBare(TestCase.java:141)
	at org.activiti.engine.impl.test.AbstractActivitiTestCase.runBare(AbstractActivitiTestCase.java:100)
	at junit.framework.TestResult$1.protect(TestResult.java:122)
	at junit.framework.TestResult.runProtected(TestResult.java:142)
	at junit.framework.TestResult.run(TestResult.java:125)
	at junit.framework.TestCase.run(TestCase.java:129)
	at junit.framework.TestSuite.runTest(TestSuite.java:255)
	at junit.framework.TestSuite.run(TestSuite.java:250)
	at org.junit.internal.runners.JUnit38ClassRunner.run(JUnit38ClassRunner.java:84)
	at org.apache.maven.surefire.junit4.JUnit4TestSet.execute(JUnit4TestSet.java:35)
	at org.apache.maven.surefire.junit4.JUnit4Provider.executeTestSet(JUnit4Provider.java:146)
	at org.apache.maven.surefire.junit4.JUnit4Provider.invoke(JUnit4Provider.java:97)
	at sun.reflect.NativeMethodAccessorImpl.invoke0(Native Method)
	at sun.reflect.NativeMethodAccessorImpl.invoke(NativeMethodAccessorImpl.java:62)
	at sun.reflect.DelegatingMethodAccessorImpl.invoke(DelegatingMethodAccessorImpl.java:43)
	at java.lang.reflect.Method.invoke(Method.java:498)
	at org.apache.maven.surefire.booter.ProviderFactory$ClassLoaderProxy.invoke(ProviderFactory.java:103)
	at com.sun.proxy.$Proxy0.invoke(Unknown Source)
	at org.apache.maven.surefire.booter.SurefireStarter.invokeProvider(SurefireStarter.java:145)
	at org.apache.maven.surefire.booter.SurefireStarter.runSuitesInProcess(SurefireStarter.java:87)
	at org.apache.maven.surefire.booter.ForkedBooter.main(ForkedBooter.java:69)
Caused by: org.h2.jdbc.JdbcSQLException: Syntax error in SQL statement &quot;SELECT DISTINCT RES.* 
       
    FROM ACT_RU_TASK RES
     
     
     
     
    
     
     
     
      
   
    
     ORDER BY  ORDER[*] BY RES.ID_ ASC  
    LIMIT ? OFFSET ? &quot;; expected &quot;=, NOT, EXISTS, INTERSECTS, SELECT, FROM&quot;; SQL statement:
select distinct RES.* 
       
    from ACT_RU_TASK RES
     
     
     
     
    
     
     
     
      
   
    
     order by  order by RES.ID_ asc  
    LIMIT ? OFFSET ? [42001-176]
	at org.h2.message.DbException.getJdbcSQLException(DbException.java:344)
	at org.h2.message.DbException.getSyntaxError(DbException.java:204)
	at org.h2.command.Parser.getSyntaxError(Parser.java:524)
	at org.h2.command.Parser.readTerm(Parser.java:2688)
	at org.h2.command.Parser.readFactor(Parser.java:2244)
	at org.h2.command.Parser.readSum(Parser.java:2231)
	at org.h2.command.Parser.readConcat(Parser.java:2201)
	at org.h2.command.Parser.readCondition(Parser.java:2051)
	at org.h2.command.Parser.readAnd(Parser.java:2023)
	at org.h2.command.Parser.readExpression(Parser.java:2015)
	at org.h2.command.Parser.parseEndOfQuery(Parser.java:1726)
	at org.h2.command.Parser.parseSelectUnionExtension(Parser.java:1706)
	at org.h2.command.Parser.parseSelectUnion(Parser.java:1675)
	at org.h2.command.Parser.parseSelect(Parser.java:1662)
	at org.h2.command.Parser.parsePrepared(Parser.java:434)
	at org.h2.command.Parser.parse(Parser.java:306)
	at org.h2.command.Parser.parse(Parser.java:282)
	at org.h2.command.Parser.prepareCommand(Parser.java:243)
	at org.h2.engine.Session.prepareLocal(Session.java:442)
	at org.h2.engine.Session.prepareCommand(Session.java:384)
	at org.h2.jdbc.JdbcConnection.prepareCommand(JdbcConnection.java:1188)
	at org.h2.jdbc.JdbcPreparedStatement.&lt;init&gt;(JdbcPreparedStatement.java:73)
	at org.h2.jdbc.JdbcConnection.prepareStatement(JdbcConnection.java:276)
	at sun.reflect.GeneratedMethodAccessor6.invoke(Unknown Source)
	at sun.reflect.DelegatingMethodAccessorImpl.invoke(DelegatingMethodAccessorImpl.java:43)
	at java.lang.reflect.Method.invoke(Method.java:498)
	at org.apache.ibatis.datasource.pooled.PooledConnection.invoke(PooledConnection.java:245)
	at com.sun.proxy.$Proxy12.prepareStatement(Unknown Source)
	at sun.reflect.GeneratedMethodAccessor6.invoke(Unknown Source)
	at sun.reflect.DelegatingMethodAccessorImpl.invoke(DelegatingMethodAccessorImpl.java:43)
	at java.lang.reflect.Method.invoke(Method.java:498)
	at org.apache.ibatis.logging.jdbc.ConnectionLogger.invoke(ConnectionLogger.java:55)
	at com.sun.proxy.$Proxy12.prepareStatement(Unknown Source)
	at org.apache.ibatis.executor.statement.PreparedStatementHandler.instantiateStatement(PreparedStatementHandler.java:79)
	at org.apache.ibatis.executor.statement.BaseStatementHandler.prepare(BaseStatementHandler.java:88)
	at org.apache.ibatis.executor.statement.RoutingStatementHandler.prepare(RoutingStatementHandler.java:58)
	at org.apache.ibatis.executor.SimpleExecutor.prepareStatement(SimpleExecutor.java:76)
	at org.apache.ibatis.executor.SimpleExecutor.doQuery(SimpleExecutor.java:61)
	at org.apache.ibatis.executor.BaseExecutor.queryFromDatabase(BaseExecutor.java:303)
	at org.apache.ibatis.executor.BaseExecutor.query(BaseExecutor.java:154)
	at org.apache.ibatis.executor.CachingExecutor.query(CachingExecutor.java:102)
	at org.apache.ibatis.executor.CachingExecutor.query(CachingExecutor.java:82)
	at org.apache.ibatis.session.defaults.DefaultSqlSession.selectList(DefaultSqlSession.java:120)
	... 40 more
10:45:10,924 [main] DEBUG org.activiti.engine.impl.test.PvmTestCase  - verifying that db is clean after test
10:45:10,924 [main] DEBUG org.activiti.engine.impl.interceptor.LogInterceptor  - 

10:45:10,924 [main] DEBUG org.activiti.engine.impl.interceptor.LogInterceptor  - --- starting GetTableCountCmd --------------------------------------------------------
10:45:10,924 [main] DEBUG org.apache.ibatis.transaction.jdbc.JdbcTransaction  - Opening JDBC Connection
10:45:10,924 [main] DEBUG org.apache.ibatis.datasource.pooled.PooledDataSource  - Checked out connection 297240765 from pool.
10:45:10,924 [main] DEBUG org.apache.ibatis.transaction.jdbc.JdbcTransaction  - Setting autocommit to false on JDBC Connection [conn4: url=jdbc:h2:mem:activiti user=SA]
10:45:10,924 [main] DEBUG org.activiti.engine.impl.persistence.entity.TableDataManager  - retrieving activiti tables from jdbc metadata
10:45:10,925 [main] DEBUG org.activiti.engine.impl.persistence.entity.TableDataManager  -   retrieved activiti table name ACT_EVT_LOG
10:45:10,925 [main] DEBUG org.activiti.engine.impl.persistence.entity.TableDataManager  -   retrieved activiti table name ACT_GE_BYTEARRAY
10:45:10,925 [main] DEBUG org.activiti.engine.impl.persistence.entity.TableDataManager  -   retrieved activiti table name ACT_GE_PROPERTY
10:45:10,925 [main] DEBUG org.activiti.engine.impl.persistence.entity.TableDataManager  -   retrieved activiti table name ACT_HI_ACTINST
10:45:10,925 [main] DEBUG org.activiti.engine.impl.persistence.entity.TableDataManager  -   retrieved activiti table name ACT_HI_ATTACHMENT
10:45:10,925 [main] DEBUG org.activiti.engine.impl.persistence.entity.TableDataManager  -   retrieved activiti table name ACT_HI_COMMENT
10:45:10,925 [main] DEBUG org.activiti.engine.impl.persistence.entity.TableDataManager  -   retrieved activiti table name ACT_HI_DETAIL
10:45:10,925 [main] DEBUG org.activiti.engine.impl.persistence.entity.TableDataManager  -   retrieved activiti table name ACT_HI_IDENTITYLINK
10:45:10,925 [main] DEBUG org.activiti.engine.impl.persistence.entity.TableDataManager  -   retrieved activiti table name ACT_HI_PROCINST
10:45:10,925 [main] DEBUG org.activiti.engine.impl.persistence.entity.TableDataManager  -   retrieved activiti table name ACT_HI_TASKINST
10:45:10,925 [main] DEBUG org.activiti.engine.impl.persistence.entity.TableDataManager  -   retrieved activiti table name ACT_HI_VARINST
10:45:10,925 [main] DEBUG org.activiti.engine.impl.persistence.entity.TableDataManager  -   retrieved activiti table name ACT_ID_GROUP
10:45:10,925 [main] DEBUG org.activiti.engine.impl.persistence.entity.TableDataManager  -   retrieved activiti table name ACT_ID_INFO
10:45:10,925 [main] DEBUG org.activiti.engine.impl.persistence.entity.TableDataManager  -   retrieved activiti table name ACT_ID_MEMBERSHIP
10:45:10,925 [main] DEBUG org.activiti.engine.impl.persistence.entity.TableDataManager  -   retrieved activiti table name ACT_ID_USER
10:45:10,925 [main] DEBUG org.activiti.engine.impl.persistence.entity.TableDataManager  -   retrieved activiti table name ACT_PROCDEF_INFO
10:45:10,925 [main] DEBUG org.activiti.engine.impl.persistence.entity.TableDataManager  -   retrieved activiti table name ACT_RE_DEPLOYMENT
10:45:10,925 [main] DEBUG org.activiti.engine.impl.persistence.entity.TableDataManager  -   retrieved activiti table name ACT_RE_MODEL
10:45:10,925 [main] DEBUG org.activiti.engine.impl.persistence.entity.TableDataManager  -   retrieved activiti table name ACT_RE_PROCDEF
10:45:10,925 [main] DEBUG org.activiti.engine.impl.persistence.entity.TableDataManager  -   retrieved activiti table name ACT_RU_EVENT_SUBSCR
10:45:10,925 [main] DEBUG org.activiti.engine.impl.persistence.entity.TableDataManager  -   retrieved activiti table name ACT_RU_EXECUTION
10:45:10,925 [main] DEBUG org.activiti.engine.impl.persistence.entity.TableDataManager  -   retrieved activiti table name ACT_RU_IDENTITYLINK
10:45:10,925 [main] DEBUG org.activiti.engine.impl.persistence.entity.TableDataManager  -   retrieved activiti table name ACT_RU_JOB
10:45:10,925 [main] DEBUG org.activiti.engine.impl.persistence.entity.TableDataManager  -   retrieved activiti table name ACT_RU_TASK
10:45:10,925 [main] DEBUG org.activiti.engine.impl.persistence.entity.TableDataManager  -   retrieved activiti table name ACT_RU_VARIABLE
10:45:10,925 [main] DEBUG org.activiti.engine.impl.persistence.entity.TableDataManager  - selecting table count for ACT_EVT_LOG
10:45:10,925 [main] DEBUG org.activiti.engine.impl.TablePageMap.selectTableCount  - ==&gt;  Preparing: select count(*) from ACT_EVT_LOG 
10:45:10,925 [main] DEBUG org.activiti.engine.impl.TablePageMap.selectTableCount  - ==&gt; Parameters: 
10:45:10,925 [main] DEBUG org.activiti.engine.impl.TablePageMap.selectTableCount  - &lt;==      Total: 1
10:45:10,925 [main] DEBUG org.activiti.engine.impl.persistence.entity.TableDataManager  - selecting table count for ACT_GE_BYTEARRAY
10:45:10,925 [main] DEBUG org.activiti.engine.impl.TablePageMap.selectTableCount  - ==&gt;  Preparing: select count(*) from ACT_GE_BYTEARRAY 
10:45:10,925 [main] DEBUG org.activiti.engine.impl.TablePageMap.selectTableCount  - ==&gt; Parameters: 
10:45:10,925 [main] DEBUG org.activiti.engine.impl.TablePageMap.selectTableCount  - &lt;==      Total: 1
10:45:10,925 [main] DEBUG org.activiti.engine.impl.persistence.entity.TableDataManager  - selecting table count for ACT_GE_PROPERTY
10:45:10,925 [main] DEBUG org.activiti.engine.impl.TablePageMap.selectTableCount  - ==&gt;  Preparing: select count(*) from ACT_GE_PROPERTY 
10:45:10,925 [main] DEBUG org.activiti.engine.impl.TablePageMap.selectTableCount  - ==&gt; Parameters: 
10:45:10,925 [main] DEBUG org.activiti.engine.impl.TablePageMap.selectTableCount  - &lt;==      Total: 1
10:45:10,925 [main] DEBUG org.activiti.engine.impl.persistence.entity.TableDataManager  - selecting table count for ACT_HI_ACTINST
10:45:10,925 [main] DEBUG org.activiti.engine.impl.TablePageMap.selectTableCount  - ==&gt;  Preparing: select count(*) from ACT_HI_ACTINST 
10:45:10,925 [main] DEBUG org.activiti.engine.impl.TablePageMap.selectTableCount  - ==&gt; Parameters: 
10:45:10,925 [main] DEBUG org.activiti.engine.impl.TablePageMap.selectTableCount  - &lt;==      Total: 1
10:45:10,925 [main] DEBUG org.activiti.engine.impl.persistence.entity.TableDataManager  - selecting table count for ACT_HI_ATTACHMENT
10:45:10,925 [main] DEBUG org.activiti.engine.impl.TablePageMap.selectTableCount  - ==&gt;  Preparing: select count(*) from ACT_HI_ATTACHMENT 
10:45:10,925 [main] DEBUG org.activiti.engine.impl.TablePageMap.selectTableCount  - ==&gt; Parameters: 
10:45:10,925 [main] DEBUG org.activiti.engine.impl.TablePageMap.selectTableCount  - &lt;==      Total: 1
10:45:10,925 [main] DEBUG org.activiti.engine.impl.persistence.entity.TableDataManager  - selecting table count for ACT_HI_COMMENT
10:45:10,925 [main] DEBUG org.activiti.engine.impl.TablePageMap.selectTableCount  - ==&gt;  Preparing: select count(*) from ACT_HI_COMMENT 
10:45:10,925 [main] DEBUG org.activiti.engine.impl.TablePageMap.selectTableCount  - ==&gt; Parameters: 
10:45:10,925 [main] DEBUG org.activiti.engine.impl.TablePageMap.selectTableCount  - &lt;==      Total: 1
10:45:10,925 [main] DEBUG org.activiti.engine.impl.persistence.entity.TableDataManager  - selecting table count for ACT_HI_DETAIL
10:45:10,925 [main] DEBUG org.activiti.engine.impl.TablePageMap.selectTableCount  - ==&gt;  Preparing: select count(*) from ACT_HI_DETAIL 
10:45:10,925 [main] DEBUG org.activiti.engine.impl.TablePageMap.selectTableCount  - ==&gt; Parameters: 
10:45:10,925 [main] DEBUG org.activiti.engine.impl.TablePageMap.selectTableCount  - &lt;==      Total: 1
10:45:10,925 [main] DEBUG org.activiti.engine.impl.persistence.entity.TableDataManager  - selecting table count for ACT_HI_IDENTITYLINK
10:45:10,925 [main] DEBUG org.activiti.engine.impl.TablePageMap.selectTableCount  - ==&gt;  Preparing: select count(*) from ACT_HI_IDENTITYLINK 
10:45:10,925 [main] DEBUG org.activiti.engine.impl.TablePageMap.selectTableCount  - ==&gt; Parameters: 
10:45:10,925 [main] DEBUG org.activiti.engine.impl.TablePageMap.selectTableCount  - &lt;==      Total: 1
10:45:10,925 [main] DEBUG org.activiti.engine.impl.persistence.entity.TableDataManager  - selecting table count for ACT_HI_PROCINST
10:45:10,925 [main] DEBUG org.activiti.engine.impl.TablePageMap.selectTableCount  - ==&gt;  Preparing: select count(*) from ACT_HI_PROCINST 
10:45:10,925 [main] DEBUG org.activiti.engine.impl.TablePageMap.selectTableCount  - ==&gt; Parameters: 
10:45:10,925 [main] DEBUG org.activiti.engine.impl.TablePageMap.selectTableCount  - &lt;==      Total: 1
10:45:10,925 [main] DEBUG org.activiti.engine.impl.persistence.entity.TableDataManager  - selecting table count for ACT_HI_TASKINST
10:45:10,925 [main] DEBUG org.activiti.engine.impl.TablePageMap.selectTableCount  - ==&gt;  Preparing: select count(*) from ACT_HI_TASKINST 
10:45:10,925 [main] DEBUG org.activiti.engine.impl.TablePageMap.selectTableCount  - ==&gt; Parameters: 
10:45:10,925 [main] DEBUG org.activiti.engine.impl.TablePageMap.selectTableCount  - &lt;==      Total: 1
10:45:10,925 [main] DEBUG org.activiti.engine.impl.persistence.entity.TableDataManager  - selecting table count for ACT_HI_VARINST
10:45:10,925 [main] DEBUG org.activiti.engine.impl.TablePageMap.selectTableCount  - ==&gt;  Preparing: select count(*) from ACT_HI_VARINST 
10:45:10,925 [main] DEBUG org.activiti.engine.impl.TablePageMap.selectTableCount  - ==&gt; Parameters: 
10:45:10,925 [main] DEBUG org.activiti.engine.impl.TablePageMap.selectTableCount  - &lt;==      Total: 1
10:45:10,925 [main] DEBUG org.activiti.engine.impl.persistence.entity.TableDataManager  - selecting table count for ACT_ID_GROUP
10:45:10,925 [main] DEBUG org.activiti.engine.impl.TablePageMap.selectTableCount  - ==&gt;  Preparing: select count(*) from ACT_ID_GROUP 
10:45:10,925 [main] DEBUG org.activiti.engine.impl.TablePageMap.selectTableCount  - ==&gt; Parameters: 
10:45:10,925 [main] DEBUG org.activiti.engine.impl.TablePageMap.selectTableCount  - &lt;==      Total: 1
10:45:10,925 [main] DEBUG org.activiti.engine.impl.persistence.entity.TableDataManager  - selecting table count for ACT_ID_INFO
10:45:10,925 [main] DEBUG org.activiti.engine.impl.TablePageMap.selectTableCount  - ==&gt;  Preparing: select count(*) from ACT_ID_INFO 
10:45:10,925 [main] DEBUG org.activiti.engine.impl.TablePageMap.selectTableCount  - ==&gt; Parameters: 
10:45:10,925 [main] DEBUG org.activiti.engine.impl.TablePageMap.selectTableCount  - &lt;==      Total: 1
10:45:10,925 [main] DEBUG org.activiti.engine.impl.persistence.entity.TableDataManager  - selecting table count for ACT_ID_MEMBERSHIP
10:45:10,925 [main] DEBUG org.activiti.engine.impl.TablePageMap.selectTableCount  - ==&gt;  Preparing: select count(*) from ACT_ID_MEMBERSHIP 
10:45:10,925 [main] DEBUG org.activiti.engine.impl.TablePageMap.selectTableCount  - ==&gt; Parameters: 
10:45:10,925 [main] DEBUG org.activiti.engine.impl.TablePageMap.selectTableCount  - &lt;==      Total: 1
10:45:10,925 [main] DEBUG org.activiti.engine.impl.persistence.entity.TableDataManager  - selecting table count for ACT_ID_USER
10:45:10,925 [main] DEBUG org.activiti.engine.impl.TablePageMap.selectTableCount  - ==&gt;  Preparing: select count(*) from ACT_ID_USER 
10:45:10,925 [main] DEBUG org.activiti.engine.impl.TablePageMap.selectTableCount  - ==&gt; Parameters: 
10:45:10,925 [main] DEBUG org.activiti.engine.impl.TablePageMap.selectTableCount  - &lt;==      Total: 1
10:45:10,925 [main] DEBUG org.activiti.engine.impl.persistence.entity.TableDataManager  - selecting table count for ACT_PROCDEF_INFO
10:45:10,925 [main] DEBUG org.activiti.engine.impl.TablePageMap.selectTableCount  - ==&gt;  Preparing: select count(*) from ACT_PROCDEF_INFO 
10:45:10,925 [main] DEBUG org.activiti.engine.impl.TablePageMap.selectTableCount  - ==&gt; Parameters: 
10:45:10,925 [main] DEBUG org.activiti.engine.impl.TablePageMap.selectTableCount  - &lt;==      Total: 1
10:45:10,925 [main] DEBUG org.activiti.engine.impl.persistence.entity.TableDataManager  - selecting table count for ACT_RE_DEPLOYMENT
10:45:10,925 [main] DEBUG org.activiti.engine.impl.TablePageMap.selectTableCount  - ==&gt;  Preparing: select count(*) from ACT_RE_DEPLOYMENT 
10:45:10,925 [main] DEBUG org.activiti.engine.impl.TablePageMap.selectTableCount  - ==&gt; Parameters: 
10:45:10,925 [main] DEBUG org.activiti.engine.impl.TablePageMap.selectTableCount  - &lt;==      Total: 1
10:45:10,925 [main] DEBUG org.activiti.engine.impl.persistence.entity.TableDataManager  - selecting table count for ACT_RE_MODEL
10:45:10,925 [main] DEBUG org.activiti.engine.impl.TablePageMap.selectTableCount  - ==&gt;  Preparing: select count(*) from ACT_RE_MODEL 
10:45:10,925 [main] DEBUG org.activiti.engine.impl.TablePageMap.selectTableCount  - ==&gt; Parameters: 
10:45:10,925 [main] DEBUG org.activiti.engine.impl.TablePageMap.selectTableCount  - &lt;==      Total: 1
10:45:10,925 [main] DEBUG org.activiti.engine.impl.persistence.entity.TableDataManager  - selecting table count for ACT_RE_PROCDEF
10:45:10,925 [main] DEBUG org.activiti.engine.impl.TablePageMap.selectTableCount  - ==&gt;  Preparing: select count(*) from ACT_RE_PROCDEF 
10:45:10,925 [main] DEBUG org.activiti.engine.impl.TablePageMap.selectTableCount  - ==&gt; Parameters: 
10:45:10,925 [main] DEBUG org.activiti.engine.impl.TablePageMap.selectTableCount  - &lt;==      Total: 1
10:45:10,925 [main] DEBUG org.activiti.engine.impl.persistence.entity.TableDataManager  - selecting table count for ACT_RU_EVENT_SUBSCR
10:45:10,925 [main] DEBUG org.activiti.engine.impl.TablePageMap.selectTableCount  - ==&gt;  Preparing: select count(*) from ACT_RU_EVENT_SUBSCR 
10:45:10,925 [main] DEBUG org.activiti.engine.impl.TablePageMap.selectTableCount  - ==&gt; Parameters: 
10:45:10,925 [main] DEBUG org.activiti.engine.impl.TablePageMap.selectTableCount  - &lt;==      Total: 1
10:45:10,925 [main] DEBUG org.activiti.engine.impl.persistence.entity.TableDataManager  - selecting table count for ACT_RU_EXECUTION
10:45:10,925 [main] DEBUG org.activiti.engine.impl.TablePageMap.selectTableCount  - ==&gt;  Preparing: select count(*) from ACT_RU_EXECUTION 
10:45:10,925 [main] DEBUG org.activiti.engine.impl.TablePageMap.selectTableCount  - ==&gt; Parameters: 
10:45:10,925 [main] DEBUG org.activiti.engine.impl.TablePageMap.selectTableCount  - &lt;==      Total: 1
10:45:10,925 [main] DEBUG org.activiti.engine.impl.persistence.entity.TableDataManager  - selecting table count for ACT_RU_IDENTITYLINK
10:45:10,925 [main] DEBUG org.activiti.engine.impl.TablePageMap.selectTableCount  - ==&gt;  Preparing: select count(*) from ACT_RU_IDENTITYLINK 
10:45:10,925 [main] DEBUG org.activiti.engine.impl.TablePageMap.selectTableCount  - ==&gt; Parameters: 
10:45:10,925 [main] DEBUG org.activiti.engine.impl.TablePageMap.selectTableCount  - &lt;==      Total: 1
10:45:10,925 [main] DEBUG org.activiti.engine.impl.persistence.entity.TableDataManager  - selecting table count for ACT_RU_JOB
10:45:10,925 [main] DEBUG org.activiti.engine.impl.TablePageMap.selectTableCount  - ==&gt;  Preparing: select count(*) from ACT_RU_JOB 
10:45:10,925 [main] DEBUG org.activiti.engine.impl.TablePageMap.selectTableCount  - ==&gt; Parameters: 
10:45:10,925 [main] DEBUG org.activiti.engine.impl.TablePageMap.selectTableCount  - &lt;==      Total: 1
10:45:10,925 [main] DEBUG org.activiti.engine.impl.persistence.entity.TableDataManager  - selecting table count for ACT_RU_TASK
10:45:10,925 [main] DEBUG org.activiti.engine.impl.TablePageMap.selectTableCount  - ==&gt;  Preparing: select count(*) from ACT_RU_TASK 
10:45:10,925 [main] DEBUG org.activiti.engine.impl.TablePageMap.selectTableCount  - ==&gt; Parameters: 
10:45:10,925 [main] DEBUG org.activiti.engine.impl.TablePageMap.selectTableCount  - &lt;==      Total: 1
10:45:10,925 [main] DEBUG org.activiti.engine.impl.persistence.entity.TableDataManager  - selecting table count for ACT_RU_VARIABLE
10:45:10,925 [main] DEBUG org.activiti.engine.impl.TablePageMap.selectTableCount  - ==&gt;  Preparing: select count(*) from ACT_RU_VARIABLE 
10:45:10,925 [main] DEBUG org.activiti.engine.impl.TablePageMap.selectTableCount  - ==&gt; Parameters: 
10:45:10,925 [main] DEBUG org.activiti.engine.impl.TablePageMap.selectTableCount  - &lt;==      Total: 1
10:45:10,926 [main] DEBUG org.activiti.engine.impl.persistence.entity.TableDataManager  - Number of rows per activiti table: {ACT_RU_EVENT_SUBSCR=0, ACT_ID_USER=0, ACT_HI_ATTACHMENT=0, ACT_GE_BYTEARRAY=0, ACT_RE_MODEL=0, ACT_RU_VARIABLE=0, ACT_RU_TASK=10, ACT_RE_DEPLOYMENT=0, ACT_RE_PROCDEF=0, ACT_ID_GROUP=0, ACT_HI_VARINST=0, ACT_HI_COMMENT=10, ACT_HI_PROCINST=0, ACT_ID_INFO=0, ACT_ID_MEMBERSHIP=0, ACT_RU_JOB=0, ACT_PROCDEF_INFO=0, ACT_HI_ACTINST=0, ACT_RU_EXECUTION=0, ACT_HI_TASKINST=10, ACT_HI_DETAIL=0, ACT_EVT_LOG=0, ACT_HI_IDENTITYLINK=3, ACT_RU_IDENTITYLINK=3, ACT_GE_PROPERTY=3}
10:45:10,926 [main] DEBUG org.activiti.engine.impl.db.DbSqlSession  - flush summary: 0 insert, 0 update, 0 delete.
10:45:10,926 [main] DEBUG org.activiti.engine.impl.db.DbSqlSession  - now executing flush...
10:45:10,926 [main] DEBUG org.activiti.engine.impl.cfg.standalone.StandaloneMybatisTransactionContext  - firing event committing...
10:45:10,926 [main] DEBUG org.activiti.engine.impl.cfg.standalone.StandaloneMybatisTransactionContext  - committing the ibatis sql session...
10:45:10,926 [main] DEBUG org.activiti.engine.impl.cfg.standalone.StandaloneMybatisTransactionContext  - firing event committed...
10:45:10,926 [main] DEBUG org.apache.ibatis.transaction.jdbc.JdbcTransaction  - Resetting autocommit to true on JDBC Connection [conn4: url=jdbc:h2:mem:activiti user=SA]
10:45:10,926 [main] DEBUG org.apache.ibatis.transaction.jdbc.JdbcTransaction  - Closing JDBC Connection [conn4: url=jdbc:h2:mem:activiti user=SA]
10:45:10,926 [main] DEBUG org.apache.ibatis.datasource.pooled.PooledDataSource  - Returned connection 297240765 to pool.
10:45:10,926 [main] DEBUG org.activiti.engine.impl.interceptor.LogInterceptor  - --- GetTableCountCmd finished --------------------------------------------------------
10:45:10,926 [main] DEBUG org.activiti.engine.impl.interceptor.LogInterceptor  - 

10:45:10,926 [main] ERROR org.activiti.engine.impl.test.PvmTestCase  - 

10:45:10,926 [main] ERROR org.activiti.engine.impl.test.PvmTestCase  - DB NOT CLEAN: 
  ACT_RU_TASK: 10 record(s)   ACT_HI_COMMENT: 10 record(s)   ACT_HI_TASKINST: 10 record(s)   ACT_HI_IDENTITYLINK: 3 record(s)   ACT_RU_IDENTITYLINK: 3 record(s) 
10:45:10,926 [main] INFO  org.activiti.engine.impl.test.PvmTestCase  - dropping and recreating db
10:45:10,926 [main] DEBUG org.activiti.engine.impl.interceptor.LogInterceptor  - 

10:45:10,926 [main] DEBUG org.activiti.engine.impl.interceptor.LogInterceptor  - --- starting  --------------------------------------------------------
10:45:10,926 [main] INFO  org.activiti.engine.impl.db.DbSqlSession  - performing drop on engine with resource org/activiti/db/drop/activiti.h2.drop.engine.sql
10:45:10,926 [main] DEBUG org.apache.ibatis.transaction.jdbc.JdbcTransaction  - Opening JDBC Connection
10:45:10,926 [main] DEBUG org.apache.ibatis.datasource.pooled.PooledDataSource  - Checked out connection 486346394 from pool.
10:45:10,926 [main] DEBUG org.apache.ibatis.transaction.jdbc.JdbcTransaction  - Setting autocommit to false on JDBC Connection [conn6: url=jdbc:h2:mem:activiti user=SA]
10:45:10,926 [main] DEBUG org.activiti.engine.impl.db.DbSqlSession  - SQL: drop table if exists ACT_GE_PROPERTY cascade constraints
10:45:10,926 [main] DEBUG org.activiti.engine.impl.db.DbSqlSession  - SQL: drop table if exists ACT_GE_BYTEARRAY cascade constraints
10:45:10,926 [main] DEBUG org.activiti.engine.impl.db.DbSqlSession  - SQL: drop table if exists ACT_RE_DEPLOYMENT cascade constraints
10:45:10,926 [main] DEBUG org.activiti.engine.impl.db.DbSqlSession  - SQL: drop table if exists ACT_RE_MODEL cascade constraints
10:45:10,926 [main] DEBUG org.activiti.engine.impl.db.DbSqlSession  - SQL: drop table if exists ACT_RU_EXECUTION cascade constraints
10:45:10,927 [main] DEBUG org.activiti.engine.impl.db.DbSqlSession  - SQL: drop table if exists ACT_RU_JOB cascade constraints
10:45:10,927 [main] DEBUG org.activiti.engine.impl.db.DbSqlSession  - SQL: drop table if exists ACT_RE_PROCDEF cascade constraints
10:45:10,927 [main] DEBUG org.activiti.engine.impl.db.DbSqlSession  - SQL: drop table if exists ACT_RU_TASK cascade constraints
10:45:10,927 [main] DEBUG org.activiti.engine.impl.db.DbSqlSession  - SQL: drop table if exists ACT_RU_IDENTITYLINK cascade constraints
10:45:10,927 [main] DEBUG org.activiti.engine.impl.db.DbSqlSession  - SQL: drop table if exists ACT_RU_VARIABLE cascade constraints
10:45:10,927 [main] DEBUG org.activiti.engine.impl.db.DbSqlSession  - SQL: drop table if exists ACT_RU_EVENT_SUBSCR cascade constraints
10:45:10,927 [main] DEBUG org.activiti.engine.impl.db.DbSqlSession  - SQL: drop table if exists ACT_EVT_LOG cascade constraints
10:45:10,927 [main] DEBUG org.activiti.engine.impl.db.DbSqlSession  - SQL: drop table if exists ACT_PROCDEF_INFO cascade constraints
10:45:10,927 [main] DEBUG org.activiti.engine.impl.db.DbSqlSession  - SQL: drop index if exists ACT_IDX_EXEC_BUSKEY
10:45:10,927 [main] DEBUG org.activiti.engine.impl.db.DbSqlSession  - SQL: drop index if exists ACT_IDX_TASK_CREATE
10:45:10,927 [main] DEBUG org.activiti.engine.impl.db.DbSqlSession  - SQL: drop index if exists ACT_IDX_IDENT_LNK_USER
10:45:10,927 [main] DEBUG org.activiti.engine.impl.db.DbSqlSession  - SQL: drop index if exists ACT_IDX_IDENT_LNK_GROUP
10:45:10,927 [main] DEBUG org.activiti.engine.impl.db.DbSqlSession  - SQL: drop index if exists ACT_IDX_VARIABLE_TASK_ID
10:45:10,927 [main] DEBUG org.activiti.engine.impl.db.DbSqlSession  - SQL: drop index if exists ACT_IDX_EVENT_SUBSCR_CONFIG_
10:45:10,927 [main] DEBUG org.activiti.engine.impl.db.DbSqlSession  - SQL: drop index if exists ACT_IDX_ATHRZ_PROCEDEF
10:45:10,927 [main] DEBUG org.activiti.engine.impl.db.DbSqlSession  - SQL: drop index if exists ACT_IDX_INFO_PROCDEF
10:45:10,927 [main] DEBUG org.activiti.engine.impl.db.DbSqlSession  - activiti db schema drop for component engine successful
10:45:10,927 [main] INFO  org.activiti.engine.impl.db.DbSqlSession  - performing drop on history with resource org/activiti/db/drop/activiti.h2.drop.history.sql
10:45:10,927 [main] DEBUG org.activiti.engine.impl.db.DbSqlSession  - SQL: drop table if exists ACT_HI_PROCINST cascade constraints
10:45:10,927 [main] DEBUG org.activiti.engine.impl.db.DbSqlSession  - SQL: drop table if exists ACT_HI_ACTINST cascade constraints
10:45:10,927 [main] DEBUG org.activiti.engine.impl.db.DbSqlSession  - SQL: drop table if exists ACT_HI_VARINST cascade constraints
10:45:10,928 [main] DEBUG org.activiti.engine.impl.db.DbSqlSession  - SQL: drop table if exists ACT_HI_TASKINST cascade constraints
10:45:10,928 [main] DEBUG org.activiti.engine.impl.db.DbSqlSession  - SQL: drop table if exists ACT_HI_DETAIL cascade constraints
10:45:10,928 [main] DEBUG org.activiti.engine.impl.db.DbSqlSession  - SQL: drop table if exists ACT_HI_COMMENT cascade constraints
10:45:10,928 [main] DEBUG org.activiti.engine.impl.db.DbSqlSession  - SQL: drop table if exists ACT_HI_ATTACHMENT cascade constraints
10:45:10,928 [main] DEBUG org.activiti.engine.impl.db.DbSqlSession  - SQL: drop table if exists ACT_HI_IDENTITYLINK cascade constraints
10:45:10,928 [main] DEBUG org.activiti.engine.impl.db.DbSqlSession  - SQL: drop index if exists ACT_IDX_HI_PRO_INST_END
10:45:10,928 [main] DEBUG org.activiti.engine.impl.db.DbSqlSession  - SQL: drop index if exists ACT_IDX_HI_PRO_I_BUSKEY
10:45:10,928 [main] DEBUG org.activiti.engine.impl.db.DbSqlSession  - SQL: drop index if exists ACT_IDX_HI_ACT_INST_START
10:45:10,928 [main] DEBUG org.activiti.engine.impl.db.DbSqlSession  - SQL: drop index if exists ACT_IDX_HI_ACT_INST_END
10:45:10,928 [main] DEBUG org.activiti.engine.impl.db.DbSqlSession  - SQL: drop index if exists ACT_IDX_HI_DETAIL_PROC_INST
10:45:10,928 [main] DEBUG org.activiti.engine.impl.db.DbSqlSession  - SQL: drop index if exists ACT_IDX_HI_DETAIL_ACT_INST
10:45:10,928 [main] DEBUG org.activiti.engine.impl.db.DbSqlSession  - SQL: drop index if exists ACT_IDX_HI_DETAIL_TIME
10:45:10,928 [main] DEBUG org.activiti.engine.impl.db.DbSqlSession  - SQL: drop index if exists ACT_IDX_HI_DETAIL_NAME
10:45:10,928 [main] DEBUG org.activiti.engine.impl.db.DbSqlSession  - SQL: drop index if exists ACT_IDX_HI_DETAIL_TASK_ID
10:45:10,928 [main] DEBUG org.activiti.engine.impl.db.DbSqlSession  - SQL: drop index if exists ACT_IDX_HI_PROCVAR_PROC_INST
10:45:10,928 [main] DEBUG org.activiti.engine.impl.db.DbSqlSession  - SQL: drop index if exists ACT_IDX_HI_PROCVAR_NAME_TYPE
10:45:10,928 [main] DEBUG org.activiti.engine.impl.db.DbSqlSession  - SQL: drop index if exists ACT_IDX_HI_ACT_INST_PROCINST
10:45:10,928 [main] DEBUG org.activiti.engine.impl.db.DbSqlSession  - SQL: drop index if exists ACT_IDX_HI_IDENT_LNK_USER
10:45:10,928 [main] DEBUG org.activiti.engine.impl.db.DbSqlSession  - SQL: drop index if exists ACT_IDX_HI_IDENT_LNK_TASK
10:45:10,928 [main] DEBUG org.activiti.engine.impl.db.DbSqlSession  - SQL: drop index if exists ACT_IDX_HI_IDENT_LNK_PROCINST
10:45:10,928 [main] DEBUG org.activiti.engine.impl.db.DbSqlSession  - SQL: drop index if exists ACT_IDX_HI_TASK_INST_PROCINST
10:45:10,928 [main] DEBUG org.activiti.engine.impl.db.DbSqlSession  - activiti db schema drop for component history successful
10:45:10,928 [main] INFO  org.activiti.engine.impl.db.DbSqlSession  - performing drop on identity with resource org/activiti/db/drop/activiti.h2.drop.identity.sql
10:45:10,928 [main] DEBUG org.activiti.engine.impl.db.DbSqlSession  - SQL: drop table if exists ACT_ID_INFO cascade constraints
10:45:10,928 [main] DEBUG org.activiti.engine.impl.db.DbSqlSession  - SQL: drop table if exists ACT_ID_GROUP cascade constraints
10:45:10,928 [main] DEBUG org.activiti.engine.impl.db.DbSqlSession  - SQL: drop table if exists ACT_ID_MEMBERSHIP cascade constraints
10:45:10,928 [main] DEBUG org.activiti.engine.impl.db.DbSqlSession  - SQL: drop table if exists ACT_ID_USER cascade constraints
10:45:10,928 [main] DEBUG org.activiti.engine.impl.db.DbSqlSession  - activiti db schema drop for component identity successful
10:45:10,928 [main] INFO  org.activiti.engine.impl.db.DbSqlSession  - performing create on engine with resource org/activiti/db/create/activiti.h2.create.engine.sql
10:45:10,928 [main] DEBUG org.activiti.engine.impl.db.DbSqlSession  - SQL: create table ACT_GE_PROPERTY ( 
NAME_ varchar(64), 
VALUE_ varchar(300), 
REV_ integer, 
primary key (NAME_) 
)
10:45:10,929 [main] DEBUG org.activiti.engine.impl.db.DbSqlSession  - SQL: insert into ACT_GE_PROPERTY 
values (&apos;schema.version&apos;, &apos;5.20.0.0&apos;, 1)
10:45:10,929 [main] DEBUG org.activiti.engine.impl.db.DbSqlSession  - SQL: insert into ACT_GE_PROPERTY 
values (&apos;schema.history&apos;, &apos;create(5.20.0.0)&apos;, 1)
10:45:10,929 [main] DEBUG org.activiti.engine.impl.db.DbSqlSession  - SQL: insert into ACT_GE_PROPERTY 
values (&apos;next.dbid&apos;, &apos;1&apos;, 1)
10:45:10,929 [main] DEBUG org.activiti.engine.impl.db.DbSqlSession  - SQL: create table ACT_GE_BYTEARRAY ( 
ID_ varchar(64), 
REV_ integer, 
NAME_ varchar(255), 
DEPLOYMENT_ID_ varchar(64), 
BYTES_ longvarbinary, 
GENERATED_ bit, 
primary key (ID_) 
)
10:45:10,929 [main] DEBUG org.activiti.engine.impl.db.DbSqlSession  - SQL: create table ACT_RE_DEPLOYMENT ( 
ID_ varchar(64), 
NAME_ varchar(255), 
CATEGORY_ varchar(255), 
TENANT_ID_ varchar(255) default &apos;&apos;, 
DEPLOY_TIME_ timestamp, 
primary key (ID_) 
)
10:45:10,929 [main] DEBUG org.activiti.engine.impl.db.DbSqlSession  - SQL: create table ACT_RE_MODEL ( 
ID_ varchar(64) not null, 
REV_ integer, 
NAME_ varchar(255), 
KEY_ varchar(255), 
CATEGORY_ varchar(255), 
CREATE_TIME_ timestamp, 
LAST_UPDATE_TIME_ timestamp, 
VERSION_ integer, 
META_INFO_ varchar(4000), 
DEPLOYMENT_ID_ varchar(64), 
EDITOR_SOURCE_VALUE_ID_ varchar(64), 
EDITOR_SOURCE_EXTRA_VALUE_ID_ varchar(64), 
TENANT_ID_ varchar(255) default &apos;&apos;, 
primary key (ID_) 
)
10:45:10,929 [main] DEBUG org.activiti.engine.impl.db.DbSqlSession  - SQL: create table ACT_RU_EXECUTION ( 
ID_ varchar(64), 
REV_ integer, 
PROC_INST_ID_ varchar(64), 
BUSINESS_KEY_ varchar(255), 
PARENT_ID_ varchar(64), 
PROC_DEF_ID_ varchar(64), 
SUPER_EXEC_ varchar(64), 
ACT_ID_ varchar(255), 
IS_ACTIVE_ bit, 
IS_CONCURRENT_ bit, 
IS_SCOPE_ bit, 
IS_EVENT_SCOPE_ bit, 
SUSPENSION_STATE_ integer, 
CACHED_ENT_STATE_ integer, 
TENANT_ID_ varchar(255) default &apos;&apos;, 
NAME_ varchar(255), 
LOCK_TIME_ timestamp, 
primary key (ID_) 
)
10:45:10,929 [main] DEBUG org.activiti.engine.impl.db.DbSqlSession  - SQL: create table ACT_RU_JOB ( 
ID_ varchar(64) NOT NULL, 
REV_ integer, 
TYPE_ varchar(255) NOT NULL, 
LOCK_EXP_TIME_ timestamp, 
LOCK_OWNER_ varchar(255), 
EXCLUSIVE_ boolean, 
EXECUTION_ID_ varchar(64), 
PROCESS_INSTANCE_ID_ varchar(64), 
PROC_DEF_ID_ varchar(64), 
RETRIES_ integer, 
EXCEPTION_STACK_ID_ varchar(64), 
EXCEPTION_MSG_ varchar(4000), 
DUEDATE_ timestamp, 
REPEAT_ varchar(255), 
HANDLER_TYPE_ varchar(255), 
HANDLER_CFG_ varchar(4000), 
TENANT_ID_ varchar(255) default &apos;&apos;, 
primary key (ID_) 
)
10:45:10,929 [main] DEBUG org.activiti.engine.impl.db.DbSqlSession  - SQL: create table ACT_RE_PROCDEF ( 
ID_ varchar(64) NOT NULL, 
REV_ integer, 
CATEGORY_ varchar(255), 
NAME_ varchar(255), 
KEY_ varchar(255) NOT NULL, 
VERSION_ integer NOT NULL, 
DEPLOYMENT_ID_ varchar(64), 
RESOURCE_NAME_ varchar(4000), 
DGRM_RESOURCE_NAME_ varchar(4000), 
DESCRIPTION_ varchar(4000), 
HAS_START_FORM_KEY_ bit, 
HAS_GRAPHICAL_NOTATION_ bit, 
SUSPENSION_STATE_ integer, 
TENANT_ID_ varchar(255) default &apos;&apos;, 
primary key (ID_) 
)
10:45:10,929 [main] DEBUG org.activiti.engine.impl.db.DbSqlSession  - SQL: create table ACT_RU_TASK ( 
ID_ varchar(64), 
REV_ integer, 
EXECUTION_ID_ varchar(64), 
PROC_INST_ID_ varchar(64), 
PROC_DEF_ID_ varchar(64), 
NAME_ varchar(255), 
PARENT_TASK_ID_ varchar(64), 
DESCRIPTION_ varchar(4000), 
TASK_DEF_KEY_ varchar(255), 
OWNER_ varchar(255), 
ASSIGNEE_ varchar(255), 
DELEGATION_ varchar(64), 
PRIORITY_ integer, 
CREATE_TIME_ timestamp, 
DUE_DATE_ timestamp, 
CATEGORY_ varchar(255), 
SUSPENSION_STATE_ integer, 
TENANT_ID_ varchar(255) default &apos;&apos;, 
FORM_KEY_ varchar(255), 
primary key (ID_) 
)
10:45:10,929 [main] DEBUG org.activiti.engine.impl.db.DbSqlSession  - SQL: create table ACT_RU_IDENTITYLINK ( 
ID_ varchar(64), 
REV_ integer, 
GROUP_ID_ varchar(255), 
TYPE_ varchar(255), 
USER_ID_ varchar(255), 
TASK_ID_ varchar(64), 
PROC_INST_ID_ varchar(64) null, 
PROC_DEF_ID_ varchar(64), 
primary key (ID_) 
)
10:45:10,929 [main] DEBUG org.activiti.engine.impl.db.DbSqlSession  - SQL: create table ACT_RU_VARIABLE ( 
ID_ varchar(64) not null, 
REV_ integer, 
TYPE_ varchar(255) not null, 
NAME_ varchar(255) not null, 
EXECUTION_ID_ varchar(64), 
PROC_INST_ID_ varchar(64), 
TASK_ID_ varchar(64), 
BYTEARRAY_ID_ varchar(64), 
DOUBLE_ double, 
LONG_ bigint, 
TEXT_ varchar(4000), 
TEXT2_ varchar(4000), 
primary key (ID_) 
)
10:45:10,929 [main] DEBUG org.activiti.engine.impl.db.DbSqlSession  - SQL: create table ACT_RU_EVENT_SUBSCR ( 
ID_ varchar(64) not null, 
REV_ integer, 
EVENT_TYPE_ varchar(255) not null, 
EVENT_NAME_ varchar(255), 
EXECUTION_ID_ varchar(64), 
PROC_INST_ID_ varchar(64), 
ACTIVITY_ID_ varchar(64), 
CONFIGURATION_ varchar(255), 
CREATED_ timestamp not null, 
PROC_DEF_ID_ varchar(64), 
TENANT_ID_ varchar(255) default &apos;&apos;, 
primary key (ID_) 
)
10:45:10,929 [main] DEBUG org.activiti.engine.impl.db.DbSqlSession  - SQL: create table ACT_EVT_LOG ( 
LOG_NR_ identity, 
TYPE_ varchar(64), 
PROC_DEF_ID_ varchar(64), 
PROC_INST_ID_ varchar(64), 
EXECUTION_ID_ varchar(64), 
TASK_ID_ varchar(64), 
TIME_STAMP_ timestamp not null, 
USER_ID_ varchar(255), 
DATA_ longvarbinary, 
LOCK_OWNER_ varchar(255), 
LOCK_TIME_ timestamp, 
IS_PROCESSED_ bit default 0 
)
10:45:10,929 [main] DEBUG org.activiti.engine.impl.db.DbSqlSession  - SQL: create table ACT_PROCDEF_INFO ( 
ID_ varchar(64) not null, 
PROC_DEF_ID_ varchar(64) not null, 
REV_ integer, 
INFO_JSON_ID_ varchar(64), 
primary key (ID_) 
)
10:45:10,929 [main] DEBUG org.activiti.engine.impl.db.DbSqlSession  - SQL: create index ACT_IDX_EXEC_BUSKEY on ACT_RU_EXECUTION(BUSINESS_KEY_)
10:45:10,929 [main] DEBUG org.activiti.engine.impl.db.DbSqlSession  - SQL: create index ACT_IDX_TASK_CREATE on ACT_RU_TASK(CREATE_TIME_)
10:45:10,929 [main] DEBUG org.activiti.engine.impl.db.DbSqlSession  - SQL: create index ACT_IDX_IDENT_LNK_USER on ACT_RU_IDENTITYLINK(USER_ID_)
10:45:10,929 [main] DEBUG org.activiti.engine.impl.db.DbSqlSession  - SQL: create index ACT_IDX_IDENT_LNK_GROUP on ACT_RU_IDENTITYLINK(GROUP_ID_)
10:45:10,929 [main] DEBUG org.activiti.engine.impl.db.DbSqlSession  - SQL: create index ACT_IDX_EVENT_SUBSCR_CONFIG_ on ACT_RU_EVENT_SUBSCR(CONFIGURATION_)
10:45:10,929 [main] DEBUG org.activiti.engine.impl.db.DbSqlSession  - SQL: create index ACT_IDX_VARIABLE_TASK_ID on ACT_RU_VARIABLE(TASK_ID_)
10:45:10,929 [main] DEBUG org.activiti.engine.impl.db.DbSqlSession  - SQL: create index ACT_IDX_ATHRZ_PROCEDEF on ACT_RU_IDENTITYLINK(PROC_DEF_ID_)
10:45:10,929 [main] DEBUG org.activiti.engine.impl.db.DbSqlSession  - SQL: create index ACT_IDX_INFO_PROCDEF on ACT_PROCDEF_INFO(PROC_DEF_ID_)
10:45:10,929 [main] DEBUG org.activiti.engine.impl.db.DbSqlSession  - SQL: alter table ACT_GE_BYTEARRAY 
add constraint ACT_FK_BYTEARR_DEPL 
foreign key (DEPLOYMENT_ID_) 
references ACT_RE_DEPLOYMENT
10:45:10,930 [main] DEBUG org.activiti.engine.impl.db.DbSqlSession  - SQL: alter table ACT_RE_PROCDEF 
add constraint ACT_UNIQ_PROCDEF 
unique (KEY_,VERSION_, TENANT_ID_)
10:45:10,930 [main] DEBUG org.activiti.engine.impl.db.DbSqlSession  - SQL: alter table ACT_RU_EXECUTION 
add constraint ACT_FK_EXE_PROCINST 
foreign key (PROC_INST_ID_) 
references ACT_RU_EXECUTION
10:45:10,930 [main] DEBUG org.activiti.engine.impl.db.DbSqlSession  - SQL: alter table ACT_RU_EXECUTION 
add constraint ACT_FK_EXE_PARENT 
foreign key (PARENT_ID_) 
references ACT_RU_EXECUTION
10:45:10,930 [main] DEBUG org.activiti.engine.impl.db.DbSqlSession  - SQL: alter table ACT_RU_EXECUTION 
add constraint ACT_FK_EXE_SUPER 
foreign key (SUPER_EXEC_) 
references ACT_RU_EXECUTION
10:45:10,930 [main] DEBUG org.activiti.engine.impl.db.DbSqlSession  - SQL: alter table ACT_RU_EXECUTION 
add constraint ACT_FK_EXE_PROCDEF 
foreign key (PROC_DEF_ID_) 
references ACT_RE_PROCDEF (ID_)
10:45:10,930 [main] DEBUG org.activiti.engine.impl.db.DbSqlSession  - SQL: alter table ACT_RU_IDENTITYLINK 
add constraint ACT_FK_TSKASS_TASK 
foreign key (TASK_ID_) 
references ACT_RU_TASK
10:45:10,930 [main] DEBUG org.activiti.engine.impl.db.DbSqlSession  - SQL: alter table ACT_RU_IDENTITYLINK 
add constraint ACT_FK_ATHRZ_PROCEDEF 
foreign key (PROC_DEF_ID_) 
references ACT_RE_PROCDEF
10:45:10,930 [main] DEBUG org.activiti.engine.impl.db.DbSqlSession  - SQL: alter table ACT_RU_IDENTITYLINK 
add constraint ACT_FK_IDL_PROCINST 
foreign key (PROC_INST_ID_) 
references ACT_RU_EXECUTION (ID_)
10:45:10,931 [main] DEBUG org.activiti.engine.impl.db.DbSqlSession  - SQL: alter table ACT_RU_TASK 
add constraint ACT_FK_TASK_EXE 
foreign key (EXECUTION_ID_) 
references ACT_RU_EXECUTION
10:45:10,931 [main] DEBUG org.activiti.engine.impl.db.DbSqlSession  - SQL: alter table ACT_RU_TASK 
add constraint ACT_FK_TASK_PROCINST 
foreign key (PROC_INST_ID_) 
references ACT_RU_EXECUTION
10:45:10,931 [main] DEBUG org.activiti.engine.impl.db.DbSqlSession  - SQL: alter table ACT_RU_TASK 
add constraint ACT_FK_TASK_PROCDEF 
foreign key (PROC_DEF_ID_) 
references ACT_RE_PROCDEF
10:45:10,931 [main] DEBUG org.activiti.engine.impl.db.DbSqlSession  - SQL: alter table ACT_RU_VARIABLE 
add constraint ACT_FK_VAR_EXE 
foreign key (EXECUTION_ID_) 
references ACT_RU_EXECUTION
10:45:10,931 [main] DEBUG org.activiti.engine.impl.db.DbSqlSession  - SQL: alter table ACT_RU_VARIABLE 
add constraint ACT_FK_VAR_PROCINST 
foreign key (PROC_INST_ID_) 
references ACT_RU_EXECUTION
10:45:10,931 [main] DEBUG org.activiti.engine.impl.db.DbSqlSession  - SQL: alter table ACT_RU_VARIABLE 
add constraint ACT_FK_VAR_BYTEARRAY 
foreign key (BYTEARRAY_ID_) 
references ACT_GE_BYTEARRAY
10:45:10,931 [main] DEBUG org.activiti.engine.impl.db.DbSqlSession  - SQL: alter table ACT_RU_JOB 
add constraint ACT_FK_JOB_EXCEPTION 
foreign key (EXCEPTION_STACK_ID_) 
references ACT_GE_BYTEARRAY
10:45:10,931 [main] DEBUG org.activiti.engine.impl.db.DbSqlSession  - SQL: alter table ACT_RU_EVENT_SUBSCR 
add constraint ACT_FK_EVENT_EXEC 
foreign key (EXECUTION_ID_) 
references ACT_RU_EXECUTION
10:45:10,931 [main] DEBUG org.activiti.engine.impl.db.DbSqlSession  - SQL: alter table ACT_RE_MODEL 
add constraint ACT_FK_MODEL_SOURCE 
foreign key (EDITOR_SOURCE_VALUE_ID_) 
references ACT_GE_BYTEARRAY (ID_)
10:45:10,932 [main] DEBUG org.activiti.engine.impl.db.DbSqlSession  - SQL: alter table ACT_RE_MODEL 
add constraint ACT_FK_MODEL_SOURCE_EXTRA 
foreign key (EDITOR_SOURCE_EXTRA_VALUE_ID_) 
references ACT_GE_BYTEARRAY (ID_)
10:45:10,932 [main] DEBUG org.activiti.engine.impl.db.DbSqlSession  - SQL: alter table ACT_RE_MODEL 
add constraint ACT_FK_MODEL_DEPLOYMENT 
foreign key (DEPLOYMENT_ID_) 
references ACT_RE_DEPLOYMENT (ID_)
10:45:10,932 [main] DEBUG org.activiti.engine.impl.db.DbSqlSession  - SQL: alter table ACT_PROCDEF_INFO 
add constraint ACT_FK_INFO_JSON_BA 
foreign key (INFO_JSON_ID_) 
references ACT_GE_BYTEARRAY (ID_)
10:45:10,932 [main] DEBUG org.activiti.engine.impl.db.DbSqlSession  - SQL: alter table ACT_PROCDEF_INFO 
add constraint ACT_FK_INFO_PROCDEF 
foreign key (PROC_DEF_ID_) 
references ACT_RE_PROCDEF (ID_)
10:45:10,932 [main] DEBUG org.activiti.engine.impl.db.DbSqlSession  - SQL: alter table ACT_PROCDEF_INFO 
add constraint ACT_UNIQ_INFO_PROCDEF 
unique (PROC_DEF_ID_)
10:45:10,932 [main] DEBUG org.activiti.engine.impl.db.DbSqlSession  - activiti db schema create for component engine successful
10:45:10,932 [main] INFO  org.activiti.engine.impl.db.DbSqlSession  - performing create on history with resource org/activiti/db/create/activiti.h2.create.history.sql
10:45:10,932 [main] DEBUG org.activiti.engine.impl.db.DbSqlSession  - SQL: create table ACT_HI_PROCINST ( 
ID_ varchar(64) not null, 
PROC_INST_ID_ varchar(64) not null, 
BUSINESS_KEY_ varchar(255), 
PROC_DEF_ID_ varchar(64) not null, 
START_TIME_ timestamp not null, 
END_TIME_ timestamp, 
DURATION_ bigint, 
START_USER_ID_ varchar(255), 
START_ACT_ID_ varchar(255), 
END_ACT_ID_ varchar(255), 
SUPER_PROCESS_INSTANCE_ID_ varchar(64), 
DELETE_REASON_ varchar(4000), 
TENANT_ID_ varchar(255) default &apos;&apos;, 
NAME_ varchar(255), 
primary key (ID_), 
unique (PROC_INST_ID_) 
)
10:45:10,932 [main] DEBUG org.activiti.engine.impl.db.DbSqlSession  - SQL: create table ACT_HI_ACTINST ( 
ID_ varchar(64) not null, 
PROC_DEF_ID_ varchar(64) not null, 
PROC_INST_ID_ varchar(64) not null, 
EXECUTION_ID_ varchar(64) not null, 
ACT_ID_ varchar(255) not null, 
TASK_ID_ varchar(64), 
CALL_PROC_INST_ID_ varchar(64), 
ACT_NAME_ varchar(255), 
ACT_TYPE_ varchar(255) not null, 
ASSIGNEE_ varchar(255), 
START_TIME_ timestamp not null, 
END_TIME_ timestamp, 
DURATION_ bigint, 
TENANT_ID_ varchar(255) default &apos;&apos;, 
primary key (ID_) 
)
10:45:10,932 [main] DEBUG org.activiti.engine.impl.db.DbSqlSession  - SQL: create table ACT_HI_TASKINST ( 
ID_ varchar(64) not null, 
PROC_DEF_ID_ varchar(64), 
TASK_DEF_KEY_ varchar(255), 
PROC_INST_ID_ varchar(64), 
EXECUTION_ID_ varchar(64), 
NAME_ varchar(255), 
PARENT_TASK_ID_ varchar(64), 
DESCRIPTION_ varchar(4000), 
OWNER_ varchar(255), 
ASSIGNEE_ varchar(255), 
START_TIME_ timestamp not null, 
CLAIM_TIME_ timestamp, 
END_TIME_ timestamp, 
DURATION_ bigint, 
DELETE_REASON_ varchar(4000), 
PRIORITY_ integer, 
DUE_DATE_ timestamp, 
FORM_KEY_ varchar(255), 
CATEGORY_ varchar(255), 
TENANT_ID_ varchar(255) default &apos;&apos;, 
primary key (ID_) 
)
10:45:10,933 [main] DEBUG org.activiti.engine.impl.db.DbSqlSession  - SQL: create table ACT_HI_VARINST ( 
ID_ varchar(64) not null, 
PROC_INST_ID_ varchar(64), 
EXECUTION_ID_ varchar(64), 
TASK_ID_ varchar(64), 
NAME_ varchar(255) not null, 
VAR_TYPE_ varchar(100), 
REV_ integer, 
BYTEARRAY_ID_ varchar(64), 
DOUBLE_ double, 
LONG_ bigint, 
TEXT_ varchar(4000), 
TEXT2_ varchar(4000), 
CREATE_TIME_ timestamp, 
LAST_UPDATED_TIME_ timestamp, 
primary key (ID_) 
)
10:45:10,933 [main] DEBUG org.activiti.engine.impl.db.DbSqlSession  - SQL: create table ACT_HI_DETAIL ( 
ID_ varchar(64) not null, 
TYPE_ varchar(255) not null, 
TIME_ timestamp not null, 
NAME_ varchar(255), 
PROC_INST_ID_ varchar(64), 
EXECUTION_ID_ varchar(64), 
TASK_ID_ varchar(64), 
ACT_INST_ID_ varchar(64), 
VAR_TYPE_ varchar(255), 
REV_ integer, 
BYTEARRAY_ID_ varchar(64), 
DOUBLE_ double, 
LONG_ bigint, 
TEXT_ varchar(4000), 
TEXT2_ varchar(4000), 
primary key (ID_) 
)
10:45:10,933 [main] DEBUG org.activiti.engine.impl.db.DbSqlSession  - SQL: create table ACT_HI_COMMENT ( 
ID_ varchar(64) not null, 
TYPE_ varchar(255), 
TIME_ timestamp not null, 
USER_ID_ varchar(255), 
TASK_ID_ varchar(64), 
PROC_INST_ID_ varchar(64), 
ACTION_ varchar(255), 
MESSAGE_ varchar(4000), 
FULL_MSG_ longvarbinary, 
primary key (ID_) 
)
10:45:10,933 [main] DEBUG org.activiti.engine.impl.db.DbSqlSession  - SQL: create table ACT_HI_ATTACHMENT ( 
ID_ varchar(64) not null, 
REV_ integer, 
USER_ID_ varchar(255), 
NAME_ varchar(255), 
DESCRIPTION_ varchar(4000), 
TYPE_ varchar(255), 
TASK_ID_ varchar(64), 
PROC_INST_ID_ varchar(64), 
URL_ varchar(4000), 
CONTENT_ID_ varchar(64), 
TIME_ timestamp, 
primary key (ID_) 
)
10:45:10,933 [main] DEBUG org.activiti.engine.impl.db.DbSqlSession  - SQL: create table ACT_HI_IDENTITYLINK ( 
ID_ varchar(64), 
GROUP_ID_ varchar(255), 
TYPE_ varchar(255), 
USER_ID_ varchar(255), 
TASK_ID_ varchar(64), 
PROC_INST_ID_ varchar(64) null, 
primary key (ID_) 
)
10:45:10,933 [main] DEBUG org.activiti.engine.impl.db.DbSqlSession  - SQL: create index ACT_IDX_HI_PRO_INST_END on ACT_HI_PROCINST(END_TIME_)
10:45:10,933 [main] DEBUG org.activiti.engine.impl.db.DbSqlSession  - SQL: create index ACT_IDX_HI_PRO_I_BUSKEY on ACT_HI_PROCINST(BUSINESS_KEY_)
10:45:10,933 [main] DEBUG org.activiti.engine.impl.db.DbSqlSession  - SQL: create index ACT_IDX_HI_ACT_INST_START on ACT_HI_ACTINST(START_TIME_)
10:45:10,933 [main] DEBUG org.activiti.engine.impl.db.DbSqlSession  - SQL: create index ACT_IDX_HI_ACT_INST_END on ACT_HI_ACTINST(END_TIME_)
10:45:10,933 [main] DEBUG org.activiti.engine.impl.db.DbSqlSession  - SQL: create index ACT_IDX_HI_DETAIL_PROC_INST on ACT_HI_DETAIL(PROC_INST_ID_)
10:45:10,933 [main] DEBUG org.activiti.engine.impl.db.DbSqlSession  - SQL: create index ACT_IDX_HI_DETAIL_ACT_INST on ACT_HI_DETAIL(ACT_INST_ID_)
10:45:10,933 [main] DEBUG org.activiti.engine.impl.db.DbSqlSession  - SQL: create index ACT_IDX_HI_DETAIL_TIME on ACT_HI_DETAIL(TIME_)
10:45:10,933 [main] DEBUG org.activiti.engine.impl.db.DbSqlSession  - SQL: create index ACT_IDX_HI_DETAIL_NAME on ACT_HI_DETAIL(NAME_)
10:45:10,933 [main] DEBUG org.activiti.engine.impl.db.DbSqlSession  - SQL: create index ACT_IDX_HI_DETAIL_TASK_ID on ACT_HI_DETAIL(TASK_ID_)
10:45:10,933 [main] DEBUG org.activiti.engine.impl.db.DbSqlSession  - SQL: create index ACT_IDX_HI_PROCVAR_PROC_INST on ACT_HI_VARINST(PROC_INST_ID_)
10:45:10,933 [main] DEBUG org.activiti.engine.impl.db.DbSqlSession  - SQL: create index ACT_IDX_HI_PROCVAR_NAME_TYPE on ACT_HI_VARINST(NAME_, VAR_TYPE_)
10:45:10,933 [main] DEBUG org.activiti.engine.impl.db.DbSqlSession  - SQL: create index ACT_IDX_HI_PROCVAR_TASK_ID on ACT_HI_VARINST(TASK_ID_)
10:45:10,933 [main] DEBUG org.activiti.engine.impl.db.DbSqlSession  - SQL: create index ACT_IDX_HI_ACT_INST_PROCINST on ACT_HI_ACTINST(PROC_INST_ID_, ACT_ID_)
10:45:10,933 [main] DEBUG org.activiti.engine.impl.db.DbSqlSession  - SQL: create index ACT_IDX_HI_IDENT_LNK_USER on ACT_HI_IDENTITYLINK(USER_ID_)
10:45:10,933 [main] DEBUG org.activiti.engine.impl.db.DbSqlSession  - SQL: create index ACT_IDX_HI_IDENT_LNK_TASK on ACT_HI_IDENTITYLINK(TASK_ID_)
10:45:10,933 [main] DEBUG org.activiti.engine.impl.db.DbSqlSession  - SQL: create index ACT_IDX_HI_IDENT_LNK_PROCINST on ACT_HI_IDENTITYLINK(PROC_INST_ID_)
10:45:10,933 [main] DEBUG org.activiti.engine.impl.db.DbSqlSession  - SQL: create index ACT_IDX_HI_ACT_INST_EXEC on ACT_HI_ACTINST(EXECUTION_ID_, ACT_ID_)
10:45:10,933 [main] DEBUG org.activiti.engine.impl.db.DbSqlSession  - SQL: create index ACT_IDX_HI_TASK_INST_PROCINST on ACT_HI_TASKINST(PROC_INST_ID_)
10:45:10,933 [main] DEBUG org.activiti.engine.impl.db.DbSqlSession  - activiti db schema create for component history successful
10:45:10,933 [main] INFO  org.activiti.engine.impl.db.DbSqlSession  - performing create on identity with resource org/activiti/db/create/activiti.h2.create.identity.sql
10:45:10,933 [main] DEBUG org.activiti.engine.impl.db.DbSqlSession  - SQL: create table ACT_ID_GROUP ( 
ID_ varchar(64), 
REV_ integer, 
NAME_ varchar(255), 
TYPE_ varchar(255), 
primary key (ID_) 
)
10:45:10,933 [main] DEBUG org.activiti.engine.impl.db.DbSqlSession  - SQL: create table ACT_ID_MEMBERSHIP ( 
USER_ID_ varchar(64), 
GROUP_ID_ varchar(64), 
primary key (USER_ID_, GROUP_ID_) 
)
10:45:10,933 [main] DEBUG org.activiti.engine.impl.db.DbSqlSession  - SQL: create table ACT_ID_USER ( 
ID_ varchar(64), 
REV_ integer, 
FIRST_ varchar(255), 
LAST_ varchar(255), 
EMAIL_ varchar(255), 
PWD_ varchar(255), 
PICTURE_ID_ varchar(64), 
primary key (ID_) 
)
10:45:10,933 [main] DEBUG org.activiti.engine.impl.db.DbSqlSession  - SQL: create table ACT_ID_INFO ( 
ID_ varchar(64), 
REV_ integer, 
USER_ID_ varchar(64), 
TYPE_ varchar(64), 
KEY_ varchar(255), 
VALUE_ varchar(255), 
PASSWORD_ longvarbinary, 
PARENT_ID_ varchar(255), 
primary key (ID_) 
)
10:45:10,933 [main] DEBUG org.activiti.engine.impl.db.DbSqlSession  - SQL: alter table ACT_ID_MEMBERSHIP 
add constraint ACT_FK_MEMB_GROUP 
foreign key (GROUP_ID_) 
references ACT_ID_GROUP
10:45:10,934 [main] DEBUG org.activiti.engine.impl.db.DbSqlSession  - SQL: alter table ACT_ID_MEMBERSHIP 
add constraint ACT_FK_MEMB_USER 
foreign key (USER_ID_) 
references ACT_ID_USER
10:45:10,934 [main] DEBUG org.activiti.engine.impl.db.DbSqlSession  - activiti db schema create for component identity successful
10:45:10,934 [main] DEBUG org.activiti.engine.impl.db.DbSqlSession  - flush summary: 0 insert, 0 update, 0 delete.
10:45:10,934 [main] DEBUG org.activiti.engine.impl.db.DbSqlSession  - now executing flush...
10:45:10,934 [main] DEBUG org.activiti.engine.impl.cfg.standalone.StandaloneMybatisTransactionContext  - firing event committing...
10:45:10,934 [main] DEBUG org.activiti.engine.impl.cfg.standalone.StandaloneMybatisTransactionContext  - committing the ibatis sql session...
10:45:10,934 [main] DEBUG org.activiti.engine.impl.cfg.standalone.StandaloneMybatisTransactionContext  - firing event committed...
10:45:10,934 [main] DEBUG org.apache.ibatis.transaction.jdbc.JdbcTransaction  - Resetting autocommit to true on JDBC Connection [conn6: url=jdbc:h2:mem:activiti user=SA]
10:45:10,934 [main] DEBUG org.apache.ibatis.transaction.jdbc.JdbcTransaction  - Closing JDBC Connection [conn6: url=jdbc:h2:mem:activiti user=SA]
10:45:10,934 [main] DEBUG org.apache.ibatis.datasource.pooled.PooledDataSource  - Returned connection 486346394 to pool.
10:45:10,934 [main] DEBUG org.activiti.engine.impl.interceptor.LogInterceptor  - ---  finished --------------------------------------------------------
10:45:10,934 [main] DEBUG org.activiti.engine.impl.interceptor.LogInterceptor  - 

</system-out>
  </testcase>
  <testcase classname="org.activiti.engine.test.api.task.SubTaskQueryTest" name="testQueryExcludeSubtasksSorted" time="0.021">
    <error message="
### Error querying database.  Cause: org.h2.jdbc.JdbcSQLException: Syntax error in SQL statement &quot;SELECT DISTINCT RES.* 
       
    FROM ACT_RU_TASK RES
     
     
     
     
    
     
     
     
      
   
    
     ORDER BY  ORDER[*] BY RES.ASSIGNEE_ ASC  
    LIMIT ? OFFSET ? &quot;; expected &quot;=, NOT, EXISTS, INTERSECTS, SELECT, FROM&quot;; SQL statement:
select distinct RES.* 
       
    from ACT_RU_TASK RES
     
     
     
     
    
     
     
     
      
   
    
     order by  order by RES.ASSIGNEE_ asc  
    LIMIT ? OFFSET ? [42001-176]
### The error may exist in org/activiti/db/mapping/entity/Task.xml
### The error may involve org.activiti.engine.impl.persistence.entity.TaskEntity.selectTaskByQueryCriteria
### The error occurred while executing a query
### SQL: select distinct RES.*              from ACT_RU_TASK RES                                                                     order by  order by RES.ASSIGNEE_ asc       LIMIT ? OFFSET ?
### Cause: org.h2.jdbc.JdbcSQLException: Syntax error in SQL statement &quot;SELECT DISTINCT RES.* 
       
    FROM ACT_RU_TASK RES
     
     
     
     
    
     
     
     
      
   
    
     ORDER BY  ORDER[*] BY RES.ASSIGNEE_ ASC  
    LIMIT ? OFFSET ? &quot;; expected &quot;=, NOT, EXISTS, INTERSECTS, SELECT, FROM&quot;; SQL statement:
select distinct RES.* 
       
    from ACT_RU_TASK RES
     
     
     
     
    
     
     
     
      
   
    
     order by  order by RES.ASSIGNEE_ asc  
    LIMIT ? OFFSET ? [42001-176]" type="org.apache.ibatis.exceptions.PersistenceException">org.apache.ibatis.exceptions.PersistenceException: 
### Error querying database.  Cause: org.h2.jdbc.JdbcSQLException: Syntax error in SQL statement &quot;SELECT DISTINCT RES.* 
       
    FROM ACT_RU_TASK RES
     
     
     
     
    
     
     
     
      
   
    
     ORDER BY  ORDER[*] BY RES.ASSIGNEE_ ASC  
    LIMIT ? OFFSET ? &quot;; expected &quot;=, NOT, EXISTS, INTERSECTS, SELECT, FROM&quot;; SQL statement:
select distinct RES.* 
       
    from ACT_RU_TASK RES
     
     
     
     
    
     
     
     
      
   
    
     order by  order by RES.ASSIGNEE_ asc  
    LIMIT ? OFFSET ? [42001-176]
### The error may exist in org/activiti/db/mapping/entity/Task.xml
### The error may involve org.activiti.engine.impl.persistence.entity.TaskEntity.selectTaskByQueryCriteria
### The error occurred while executing a query
### SQL: select distinct RES.*              from ACT_RU_TASK RES                                                                     order by  order by RES.ASSIGNEE_ asc       LIMIT ? OFFSET ?
### Cause: org.h2.jdbc.JdbcSQLException: Syntax error in SQL statement &quot;SELECT DISTINCT RES.* 
       
    FROM ACT_RU_TASK RES
     
     
     
     
    
     
     
     
      
   
    
     ORDER BY  ORDER[*] BY RES.ASSIGNEE_ ASC  
    LIMIT ? OFFSET ? &quot;; expected &quot;=, NOT, EXISTS, INTERSECTS, SELECT, FROM&quot;; SQL statement:
select distinct RES.* 
       
    from ACT_RU_TASK RES
     
     
     
     
    
     
     
     
      
   
    
     order by  order by RES.ASSIGNEE_ asc  
    LIMIT ? OFFSET ? [42001-176]
	at org.apache.ibatis.exceptions.ExceptionFactory.wrapException(ExceptionFactory.java:30)
	at org.apache.ibatis.session.defaults.DefaultSqlSession.selectList(DefaultSqlSession.java:122)
	at org.apache.ibatis.session.defaults.DefaultSqlSession.selectList(DefaultSqlSession.java:113)
	at org.activiti.engine.impl.db.DbSqlSession.selectListWithRawParameter(DbSqlSession.java:438)
	at org.activiti.engine.impl.db.DbSqlSession.selectList(DbSqlSession.java:429)
	at org.activiti.engine.impl.persistence.entity.TaskEntityManager.findTasksByQueryCriteria(TaskEntityManager.java:135)
	at org.activiti.engine.impl.TaskQueryImpl.executeList(TaskQueryImpl.java:1256)
	at org.activiti.engine.impl.AbstractQuery.execute(AbstractQuery.java:164)
	at org.activiti.engine.impl.interceptor.CommandInvoker.execute(CommandInvoker.java:24)
	at org.activiti.engine.impl.interceptor.CommandContextInterceptor.execute(CommandContextInterceptor.java:57)
	at org.activiti.engine.impl.interceptor.LogInterceptor.execute(LogInterceptor.java:37)
	at org.activiti.engine.impl.cfg.CommandExecutorImpl.execute(CommandExecutorImpl.java:40)
	at org.activiti.engine.impl.cfg.CommandExecutorImpl.execute(CommandExecutorImpl.java:35)
	at org.activiti.engine.impl.AbstractQuery.list(AbstractQuery.java:138)
	at org.activiti.engine.test.api.task.SubTaskQueryTest.testQueryExcludeSubtasksSorted(SubTaskQueryTest.java:89)
	at sun.reflect.NativeMethodAccessorImpl.invoke0(Native Method)
	at sun.reflect.NativeMethodAccessorImpl.invoke(NativeMethodAccessorImpl.java:62)
	at sun.reflect.DelegatingMethodAccessorImpl.invoke(DelegatingMethodAccessorImpl.java:43)
	at java.lang.reflect.Method.invoke(Method.java:498)
	at junit.framework.TestCase.runTest(TestCase.java:176)
	at org.activiti.engine.impl.test.PvmTestCase.runTest(PvmTestCase.java:65)
	at junit.framework.TestCase.runBare(TestCase.java:141)
	at org.activiti.engine.impl.test.AbstractActivitiTestCase.runBare(AbstractActivitiTestCase.java:100)
	at junit.framework.TestResult$1.protect(TestResult.java:122)
	at junit.framework.TestResult.runProtected(TestResult.java:142)
	at junit.framework.TestResult.run(TestResult.java:125)
	at junit.framework.TestCase.run(TestCase.java:129)
	at junit.framework.TestSuite.runTest(TestSuite.java:255)
	at junit.framework.TestSuite.run(TestSuite.java:250)
	at org.junit.internal.runners.JUnit38ClassRunner.run(JUnit38ClassRunner.java:84)
	at org.apache.maven.surefire.junit4.JUnit4TestSet.execute(JUnit4TestSet.java:35)
	at org.apache.maven.surefire.junit4.JUnit4Provider.executeTestSet(JUnit4Provider.java:146)
	at org.apache.maven.surefire.junit4.JUnit4Provider.invoke(JUnit4Provider.java:97)
	at sun.reflect.NativeMethodAccessorImpl.invoke0(Native Method)
	at sun.reflect.NativeMethodAccessorImpl.invoke(NativeMethodAccessorImpl.java:62)
	at sun.reflect.DelegatingMethodAccessorImpl.invoke(DelegatingMethodAccessorImpl.java:43)
	at java.lang.reflect.Method.invoke(Method.java:498)
	at org.apache.maven.surefire.booter.ProviderFactory$ClassLoaderProxy.invoke(ProviderFactory.java:103)
	at com.sun.proxy.$Proxy0.invoke(Unknown Source)
	at org.apache.maven.surefire.booter.SurefireStarter.invokeProvider(SurefireStarter.java:145)
	at org.apache.maven.surefire.booter.SurefireStarter.runSuitesInProcess(SurefireStarter.java:87)
	at org.apache.maven.surefire.booter.ForkedBooter.main(ForkedBooter.java:69)
Caused by: org.h2.jdbc.JdbcSQLException: Syntax error in SQL statement &quot;SELECT DISTINCT RES.* 
       
    FROM ACT_RU_TASK RES
     
     
     
     
    
     
     
     
      
   
    
     ORDER BY  ORDER[*] BY RES.ASSIGNEE_ ASC  
    LIMIT ? OFFSET ? &quot;; expected &quot;=, NOT, EXISTS, INTERSECTS, SELECT, FROM&quot;; SQL statement:
select distinct RES.* 
       
    from ACT_RU_TASK RES
     
     
     
     
    
     
     
     
      
   
    
     order by  order by RES.ASSIGNEE_ asc  
    LIMIT ? OFFSET ? [42001-176]
	at org.h2.message.DbException.getJdbcSQLException(DbException.java:344)
	at org.h2.message.DbException.getSyntaxError(DbException.java:204)
	at org.h2.command.Parser.getSyntaxError(Parser.java:524)
	at org.h2.command.Parser.readTerm(Parser.java:2688)
	at org.h2.command.Parser.readFactor(Parser.java:2244)
	at org.h2.command.Parser.readSum(Parser.java:2231)
	at org.h2.command.Parser.readConcat(Parser.java:2201)
	at org.h2.command.Parser.readCondition(Parser.java:2051)
	at org.h2.command.Parser.readAnd(Parser.java:2023)
	at org.h2.command.Parser.readExpression(Parser.java:2015)
	at org.h2.command.Parser.parseEndOfQuery(Parser.java:1726)
	at org.h2.command.Parser.parseSelectUnionExtension(Parser.java:1706)
	at org.h2.command.Parser.parseSelectUnion(Parser.java:1675)
	at org.h2.command.Parser.parseSelect(Parser.java:1662)
	at org.h2.command.Parser.parsePrepared(Parser.java:434)
	at org.h2.command.Parser.parse(Parser.java:306)
	at org.h2.command.Parser.parse(Parser.java:282)
	at org.h2.command.Parser.prepareCommand(Parser.java:243)
	at org.h2.engine.Session.prepareLocal(Session.java:442)
	at org.h2.engine.Session.prepareCommand(Session.java:384)
	at org.h2.jdbc.JdbcConnection.prepareCommand(JdbcConnection.java:1188)
	at org.h2.jdbc.JdbcPreparedStatement.&lt;init&gt;(JdbcPreparedStatement.java:73)
	at org.h2.jdbc.JdbcConnection.prepareStatement(JdbcConnection.java:276)
	at sun.reflect.GeneratedMethodAccessor6.invoke(Unknown Source)
	at sun.reflect.DelegatingMethodAccessorImpl.invoke(DelegatingMethodAccessorImpl.java:43)
	at java.lang.reflect.Method.invoke(Method.java:498)
	at org.apache.ibatis.datasource.pooled.PooledConnection.invoke(PooledConnection.java:245)
	at com.sun.proxy.$Proxy12.prepareStatement(Unknown Source)
	at sun.reflect.GeneratedMethodAccessor6.invoke(Unknown Source)
	at sun.reflect.DelegatingMethodAccessorImpl.invoke(DelegatingMethodAccessorImpl.java:43)
	at java.lang.reflect.Method.invoke(Method.java:498)
	at org.apache.ibatis.logging.jdbc.ConnectionLogger.invoke(ConnectionLogger.java:55)
	at com.sun.proxy.$Proxy12.prepareStatement(Unknown Source)
	at org.apache.ibatis.executor.statement.PreparedStatementHandler.instantiateStatement(PreparedStatementHandler.java:79)
	at org.apache.ibatis.executor.statement.BaseStatementHandler.prepare(BaseStatementHandler.java:88)
	at org.apache.ibatis.executor.statement.RoutingStatementHandler.prepare(RoutingStatementHandler.java:58)
	at org.apache.ibatis.executor.SimpleExecutor.prepareStatement(SimpleExecutor.java:76)
	at org.apache.ibatis.executor.SimpleExecutor.doQuery(SimpleExecutor.java:61)
	at org.apache.ibatis.executor.BaseExecutor.queryFromDatabase(BaseExecutor.java:303)
	at org.apache.ibatis.executor.BaseExecutor.query(BaseExecutor.java:154)
	at org.apache.ibatis.executor.CachingExecutor.query(CachingExecutor.java:102)
	at org.apache.ibatis.executor.CachingExecutor.query(CachingExecutor.java:82)
	at org.apache.ibatis.session.defaults.DefaultSqlSession.selectList(DefaultSqlSession.java:120)
	... 40 more
</error>
    <system-out>10:45:10,935 [main] DEBUG org.activiti.engine.impl.interceptor.LogInterceptor  - 

10:45:10,935 [main] DEBUG org.activiti.engine.impl.interceptor.LogInterceptor  - --- starting CreateUserCmd --------------------------------------------------------
10:45:10,935 [main] DEBUG org.activiti.engine.impl.cfg.standalone.StandaloneMybatisTransactionContext  - firing event committing...
10:45:10,935 [main] DEBUG org.activiti.engine.impl.cfg.standalone.StandaloneMybatisTransactionContext  - committing the ibatis sql session...
10:45:10,935 [main] DEBUG org.activiti.engine.impl.cfg.standalone.StandaloneMybatisTransactionContext  - firing event committed...
10:45:10,935 [main] DEBUG org.activiti.engine.impl.interceptor.LogInterceptor  - --- CreateUserCmd finished --------------------------------------------------------
10:45:10,935 [main] DEBUG org.activiti.engine.impl.interceptor.LogInterceptor  - 

10:45:10,935 [main] DEBUG org.activiti.engine.impl.interceptor.LogInterceptor  - 

10:45:10,935 [main] DEBUG org.activiti.engine.impl.interceptor.LogInterceptor  - --- starting SaveUserCmd --------------------------------------------------------
10:45:10,935 [main] DEBUG org.activiti.engine.impl.db.DbSqlSession  -   insert org.activiti.engine.impl.persistence.entity.UserEntity@57e83608
10:45:10,935 [main] DEBUG org.activiti.engine.impl.db.DbSqlSession  - flush summary: 1 insert, 0 update, 0 delete.
10:45:10,935 [main] DEBUG org.activiti.engine.impl.db.DbSqlSession  - now executing flush...
10:45:10,935 [main] DEBUG org.activiti.engine.impl.db.DbSqlSession  - inserting: org.activiti.engine.impl.persistence.entity.UserEntity@57e83608
10:45:10,935 [main] DEBUG org.apache.ibatis.transaction.jdbc.JdbcTransaction  - Opening JDBC Connection
10:45:10,935 [main] DEBUG org.apache.ibatis.datasource.pooled.PooledDataSource  - Checked out connection 180014677 from pool.
10:45:10,935 [main] DEBUG org.apache.ibatis.transaction.jdbc.JdbcTransaction  - Setting autocommit to false on JDBC Connection [conn3: url=jdbc:h2:mem:activiti user=SA]
10:45:10,935 [main] DEBUG org.activiti.engine.impl.persistence.entity.UserEntity.insertUser  - ==&gt;  Preparing: insert into ACT_ID_USER (ID_, REV_, FIRST_, LAST_, EMAIL_, PWD_) values ( ?, 1, ?, ?, ?, ? ) 
10:45:10,935 [main] DEBUG org.activiti.engine.impl.persistence.entity.UserEntity.insertUser  - ==&gt; Parameters: kermit(String), null, null, null, null
10:45:10,935 [main] DEBUG org.activiti.engine.impl.persistence.entity.UserEntity.insertUser  - &lt;==    Updates: 1
10:45:10,935 [main] DEBUG org.activiti.engine.impl.cfg.standalone.StandaloneMybatisTransactionContext  - firing event committing...
10:45:10,935 [main] DEBUG org.activiti.engine.impl.cfg.standalone.StandaloneMybatisTransactionContext  - committing the ibatis sql session...
10:45:10,935 [main] DEBUG org.apache.ibatis.transaction.jdbc.JdbcTransaction  - Committing JDBC Connection [conn3: url=jdbc:h2:mem:activiti user=SA]
10:45:10,935 [main] DEBUG org.activiti.engine.impl.cfg.standalone.StandaloneMybatisTransactionContext  - firing event committed...
10:45:10,935 [main] DEBUG org.apache.ibatis.transaction.jdbc.JdbcTransaction  - Resetting autocommit to true on JDBC Connection [conn3: url=jdbc:h2:mem:activiti user=SA]
10:45:10,935 [main] DEBUG org.apache.ibatis.transaction.jdbc.JdbcTransaction  - Closing JDBC Connection [conn3: url=jdbc:h2:mem:activiti user=SA]
10:45:10,935 [main] DEBUG org.apache.ibatis.datasource.pooled.PooledDataSource  - Returned connection 180014677 to pool.
10:45:10,935 [main] DEBUG org.activiti.engine.impl.interceptor.LogInterceptor  - --- SaveUserCmd finished --------------------------------------------------------
10:45:10,935 [main] DEBUG org.activiti.engine.impl.interceptor.LogInterceptor  - 

10:45:10,935 [main] DEBUG org.activiti.engine.impl.interceptor.LogInterceptor  - 

10:45:10,935 [main] DEBUG org.activiti.engine.impl.interceptor.LogInterceptor  - --- starting CreateUserCmd --------------------------------------------------------
10:45:10,935 [main] DEBUG org.activiti.engine.impl.cfg.standalone.StandaloneMybatisTransactionContext  - firing event committing...
10:45:10,935 [main] DEBUG org.activiti.engine.impl.cfg.standalone.StandaloneMybatisTransactionContext  - committing the ibatis sql session...
10:45:10,935 [main] DEBUG org.activiti.engine.impl.cfg.standalone.StandaloneMybatisTransactionContext  - firing event committed...
10:45:10,935 [main] DEBUG org.activiti.engine.impl.interceptor.LogInterceptor  - --- CreateUserCmd finished --------------------------------------------------------
10:45:10,935 [main] DEBUG org.activiti.engine.impl.interceptor.LogInterceptor  - 

10:45:10,935 [main] DEBUG org.activiti.engine.impl.interceptor.LogInterceptor  - 

10:45:10,935 [main] DEBUG org.activiti.engine.impl.interceptor.LogInterceptor  - --- starting SaveUserCmd --------------------------------------------------------
10:45:10,935 [main] DEBUG org.activiti.engine.impl.db.DbSqlSession  -   insert org.activiti.engine.impl.persistence.entity.UserEntity@57d8d8e2
10:45:10,935 [main] DEBUG org.activiti.engine.impl.db.DbSqlSession  - flush summary: 1 insert, 0 update, 0 delete.
10:45:10,935 [main] DEBUG org.activiti.engine.impl.db.DbSqlSession  - now executing flush...
10:45:10,935 [main] DEBUG org.activiti.engine.impl.db.DbSqlSession  - inserting: org.activiti.engine.impl.persistence.entity.UserEntity@57d8d8e2
10:45:10,935 [main] DEBUG org.apache.ibatis.transaction.jdbc.JdbcTransaction  - Opening JDBC Connection
10:45:10,935 [main] DEBUG org.apache.ibatis.datasource.pooled.PooledDataSource  - Checked out connection 363509958 from pool.
10:45:10,935 [main] DEBUG org.apache.ibatis.transaction.jdbc.JdbcTransaction  - Setting autocommit to false on JDBC Connection [conn2: url=jdbc:h2:mem:activiti user=SA]
10:45:10,935 [main] DEBUG org.activiti.engine.impl.persistence.entity.UserEntity.insertUser  - ==&gt;  Preparing: insert into ACT_ID_USER (ID_, REV_, FIRST_, LAST_, EMAIL_, PWD_) values ( ?, 1, ?, ?, ?, ? ) 
10:45:10,935 [main] DEBUG org.activiti.engine.impl.persistence.entity.UserEntity.insertUser  - ==&gt; Parameters: gonzo(String), null, null, null, null
10:45:10,935 [main] DEBUG org.activiti.engine.impl.persistence.entity.UserEntity.insertUser  - &lt;==    Updates: 1
10:45:10,935 [main] DEBUG org.activiti.engine.impl.cfg.standalone.StandaloneMybatisTransactionContext  - firing event committing...
10:45:10,935 [main] DEBUG org.activiti.engine.impl.cfg.standalone.StandaloneMybatisTransactionContext  - committing the ibatis sql session...
10:45:10,935 [main] DEBUG org.apache.ibatis.transaction.jdbc.JdbcTransaction  - Committing JDBC Connection [conn2: url=jdbc:h2:mem:activiti user=SA]
10:45:10,935 [main] DEBUG org.activiti.engine.impl.cfg.standalone.StandaloneMybatisTransactionContext  - firing event committed...
10:45:10,935 [main] DEBUG org.apache.ibatis.transaction.jdbc.JdbcTransaction  - Resetting autocommit to true on JDBC Connection [conn2: url=jdbc:h2:mem:activiti user=SA]
10:45:10,935 [main] DEBUG org.apache.ibatis.transaction.jdbc.JdbcTransaction  - Closing JDBC Connection [conn2: url=jdbc:h2:mem:activiti user=SA]
10:45:10,935 [main] DEBUG org.apache.ibatis.datasource.pooled.PooledDataSource  - Returned connection 363509958 to pool.
10:45:10,935 [main] DEBUG org.activiti.engine.impl.interceptor.LogInterceptor  - --- SaveUserCmd finished --------------------------------------------------------
10:45:10,935 [main] DEBUG org.activiti.engine.impl.interceptor.LogInterceptor  - 

10:45:10,935 [main] DEBUG org.activiti.engine.impl.interceptor.LogInterceptor  - 

10:45:10,935 [main] DEBUG org.activiti.engine.impl.interceptor.LogInterceptor  - --- starting CreateGroupCmd --------------------------------------------------------
10:45:10,935 [main] DEBUG org.activiti.engine.impl.cfg.standalone.StandaloneMybatisTransactionContext  - firing event committing...
10:45:10,935 [main] DEBUG org.activiti.engine.impl.cfg.standalone.StandaloneMybatisTransactionContext  - committing the ibatis sql session...
10:45:10,935 [main] DEBUG org.activiti.engine.impl.cfg.standalone.StandaloneMybatisTransactionContext  - firing event committed...
10:45:10,935 [main] DEBUG org.activiti.engine.impl.interceptor.LogInterceptor  - --- CreateGroupCmd finished --------------------------------------------------------
10:45:10,935 [main] DEBUG org.activiti.engine.impl.interceptor.LogInterceptor  - 

10:45:10,935 [main] DEBUG org.activiti.engine.impl.interceptor.LogInterceptor  - 

10:45:10,935 [main] DEBUG org.activiti.engine.impl.interceptor.LogInterceptor  - --- starting SaveGroupCmd --------------------------------------------------------
10:45:10,935 [main] DEBUG org.activiti.engine.impl.db.DbSqlSession  -   insert org.activiti.engine.impl.persistence.entity.GroupEntity@2f726cf4
10:45:10,935 [main] DEBUG org.activiti.engine.impl.db.DbSqlSession  - flush summary: 1 insert, 0 update, 0 delete.
10:45:10,935 [main] DEBUG org.activiti.engine.impl.db.DbSqlSession  - now executing flush...
10:45:10,935 [main] DEBUG org.activiti.engine.impl.db.DbSqlSession  - inserting: org.activiti.engine.impl.persistence.entity.GroupEntity@2f726cf4
10:45:10,935 [main] DEBUG org.apache.ibatis.transaction.jdbc.JdbcTransaction  - Opening JDBC Connection
10:45:10,935 [main] DEBUG org.apache.ibatis.datasource.pooled.PooledDataSource  - Checked out connection 297240765 from pool.
10:45:10,935 [main] DEBUG org.apache.ibatis.transaction.jdbc.JdbcTransaction  - Setting autocommit to false on JDBC Connection [conn4: url=jdbc:h2:mem:activiti user=SA]
10:45:10,935 [main] DEBUG org.activiti.engine.impl.persistence.entity.GroupEntity.insertGroup  - ==&gt;  Preparing: insert into ACT_ID_GROUP (ID_, REV_, NAME_, TYPE_) values ( ?, 1, ?, ? ) 
10:45:10,935 [main] DEBUG org.activiti.engine.impl.persistence.entity.GroupEntity.insertGroup  - ==&gt; Parameters: management(String), null, null
10:45:10,935 [main] DEBUG org.activiti.engine.impl.persistence.entity.GroupEntity.insertGroup  - &lt;==    Updates: 1
10:45:10,935 [main] DEBUG org.activiti.engine.impl.cfg.standalone.StandaloneMybatisTransactionContext  - firing event committing...
10:45:10,935 [main] DEBUG org.activiti.engine.impl.cfg.standalone.StandaloneMybatisTransactionContext  - committing the ibatis sql session...
10:45:10,935 [main] DEBUG org.apache.ibatis.transaction.jdbc.JdbcTransaction  - Committing JDBC Connection [conn4: url=jdbc:h2:mem:activiti user=SA]
10:45:10,935 [main] DEBUG org.activiti.engine.impl.cfg.standalone.StandaloneMybatisTransactionContext  - firing event committed...
10:45:10,935 [main] DEBUG org.apache.ibatis.transaction.jdbc.JdbcTransaction  - Resetting autocommit to true on JDBC Connection [conn4: url=jdbc:h2:mem:activiti user=SA]
10:45:10,935 [main] DEBUG org.apache.ibatis.transaction.jdbc.JdbcTransaction  - Closing JDBC Connection [conn4: url=jdbc:h2:mem:activiti user=SA]
10:45:10,935 [main] DEBUG org.apache.ibatis.datasource.pooled.PooledDataSource  - Returned connection 297240765 to pool.
10:45:10,935 [main] DEBUG org.activiti.engine.impl.interceptor.LogInterceptor  - --- SaveGroupCmd finished --------------------------------------------------------
10:45:10,935 [main] DEBUG org.activiti.engine.impl.interceptor.LogInterceptor  - 

10:45:10,935 [main] DEBUG org.activiti.engine.impl.interceptor.LogInterceptor  - 

10:45:10,935 [main] DEBUG org.activiti.engine.impl.interceptor.LogInterceptor  - --- starting CreateGroupCmd --------------------------------------------------------
10:45:10,935 [main] DEBUG org.activiti.engine.impl.cfg.standalone.StandaloneMybatisTransactionContext  - firing event committing...
10:45:10,935 [main] DEBUG org.activiti.engine.impl.cfg.standalone.StandaloneMybatisTransactionContext  - committing the ibatis sql session...
10:45:10,935 [main] DEBUG org.activiti.engine.impl.cfg.standalone.StandaloneMybatisTransactionContext  - firing event committed...
10:45:10,935 [main] DEBUG org.activiti.engine.impl.interceptor.LogInterceptor  - --- CreateGroupCmd finished --------------------------------------------------------
10:45:10,935 [main] DEBUG org.activiti.engine.impl.interceptor.LogInterceptor  - 

10:45:10,935 [main] DEBUG org.activiti.engine.impl.interceptor.LogInterceptor  - 

10:45:10,935 [main] DEBUG org.activiti.engine.impl.interceptor.LogInterceptor  - --- starting SaveGroupCmd --------------------------------------------------------
10:45:10,935 [main] DEBUG org.activiti.engine.impl.db.DbSqlSession  -   insert org.activiti.engine.impl.persistence.entity.GroupEntity@514eefc4
10:45:10,935 [main] DEBUG org.activiti.engine.impl.db.DbSqlSession  - flush summary: 1 insert, 0 update, 0 delete.
10:45:10,935 [main] DEBUG org.activiti.engine.impl.db.DbSqlSession  - now executing flush...
10:45:10,935 [main] DEBUG org.activiti.engine.impl.db.DbSqlSession  - inserting: org.activiti.engine.impl.persistence.entity.GroupEntity@514eefc4
10:45:10,935 [main] DEBUG org.apache.ibatis.transaction.jdbc.JdbcTransaction  - Opening JDBC Connection
10:45:10,935 [main] DEBUG org.apache.ibatis.datasource.pooled.PooledDataSource  - Checked out connection 486346394 from pool.
10:45:10,935 [main] DEBUG org.apache.ibatis.transaction.jdbc.JdbcTransaction  - Setting autocommit to false on JDBC Connection [conn6: url=jdbc:h2:mem:activiti user=SA]
10:45:10,935 [main] DEBUG org.activiti.engine.impl.persistence.entity.GroupEntity.insertGroup  - ==&gt;  Preparing: insert into ACT_ID_GROUP (ID_, REV_, NAME_, TYPE_) values ( ?, 1, ?, ? ) 
10:45:10,935 [main] DEBUG org.activiti.engine.impl.persistence.entity.GroupEntity.insertGroup  - ==&gt; Parameters: accountancy(String), null, null
10:45:10,935 [main] DEBUG org.activiti.engine.impl.persistence.entity.GroupEntity.insertGroup  - &lt;==    Updates: 1
10:45:10,935 [main] DEBUG org.activiti.engine.impl.cfg.standalone.StandaloneMybatisTransactionContext  - firing event committing...
10:45:10,935 [main] DEBUG org.activiti.engine.impl.cfg.standalone.StandaloneMybatisTransactionContext  - committing the ibatis sql session...
10:45:10,935 [main] DEBUG org.apache.ibatis.transaction.jdbc.JdbcTransaction  - Committing JDBC Connection [conn6: url=jdbc:h2:mem:activiti user=SA]
10:45:10,935 [main] DEBUG org.activiti.engine.impl.cfg.standalone.StandaloneMybatisTransactionContext  - firing event committed...
10:45:10,935 [main] DEBUG org.apache.ibatis.transaction.jdbc.JdbcTransaction  - Resetting autocommit to true on JDBC Connection [conn6: url=jdbc:h2:mem:activiti user=SA]
10:45:10,935 [main] DEBUG org.apache.ibatis.transaction.jdbc.JdbcTransaction  - Closing JDBC Connection [conn6: url=jdbc:h2:mem:activiti user=SA]
10:45:10,935 [main] DEBUG org.apache.ibatis.datasource.pooled.PooledDataSource  - Returned connection 486346394 to pool.
10:45:10,935 [main] DEBUG org.activiti.engine.impl.interceptor.LogInterceptor  - --- SaveGroupCmd finished --------------------------------------------------------
10:45:10,935 [main] DEBUG org.activiti.engine.impl.interceptor.LogInterceptor  - 

10:45:10,935 [main] DEBUG org.activiti.engine.impl.interceptor.LogInterceptor  - 

10:45:10,935 [main] DEBUG org.activiti.engine.impl.interceptor.LogInterceptor  - --- starting CreateMembershipCmd --------------------------------------------------------
10:45:10,935 [main] DEBUG org.activiti.engine.impl.db.DbSqlSession  -   insert org.activiti.engine.impl.persistence.entity.MembershipEntity@4700db93
10:45:10,935 [main] DEBUG org.activiti.engine.impl.db.DbSqlSession  - flush summary: 1 insert, 0 update, 0 delete.
10:45:10,935 [main] DEBUG org.activiti.engine.impl.db.DbSqlSession  - now executing flush...
10:45:10,935 [main] DEBUG org.activiti.engine.impl.db.DbSqlSession  - inserting: org.activiti.engine.impl.persistence.entity.MembershipEntity@4700db93
10:45:10,935 [main] DEBUG org.apache.ibatis.transaction.jdbc.JdbcTransaction  - Opening JDBC Connection
10:45:10,935 [main] DEBUG org.apache.ibatis.datasource.pooled.PooledDataSource  - Checked out connection 180014677 from pool.
10:45:10,935 [main] DEBUG org.apache.ibatis.transaction.jdbc.JdbcTransaction  - Setting autocommit to false on JDBC Connection [conn3: url=jdbc:h2:mem:activiti user=SA]
10:45:10,935 [main] DEBUG org.activiti.engine.impl.persistence.entity.MembershipRelation.insertMembership  - ==&gt;  Preparing: insert into ACT_ID_MEMBERSHIP (USER_ID_, GROUP_ID_) values ( ?, ? ) 
10:45:10,935 [main] DEBUG org.activiti.engine.impl.persistence.entity.MembershipRelation.insertMembership  - ==&gt; Parameters: kermit(String), management(String)
10:45:10,935 [main] DEBUG org.activiti.engine.impl.persistence.entity.MembershipRelation.insertMembership  - &lt;==    Updates: 1
10:45:10,935 [main] DEBUG org.activiti.engine.impl.cfg.standalone.StandaloneMybatisTransactionContext  - firing event committing...
10:45:10,935 [main] DEBUG org.activiti.engine.impl.cfg.standalone.StandaloneMybatisTransactionContext  - committing the ibatis sql session...
10:45:10,935 [main] DEBUG org.apache.ibatis.transaction.jdbc.JdbcTransaction  - Committing JDBC Connection [conn3: url=jdbc:h2:mem:activiti user=SA]
10:45:10,935 [main] DEBUG org.activiti.engine.impl.cfg.standalone.StandaloneMybatisTransactionContext  - firing event committed...
10:45:10,935 [main] DEBUG org.apache.ibatis.transaction.jdbc.JdbcTransaction  - Resetting autocommit to true on JDBC Connection [conn3: url=jdbc:h2:mem:activiti user=SA]
10:45:10,935 [main] DEBUG org.apache.ibatis.transaction.jdbc.JdbcTransaction  - Closing JDBC Connection [conn3: url=jdbc:h2:mem:activiti user=SA]
10:45:10,935 [main] DEBUG org.apache.ibatis.datasource.pooled.PooledDataSource  - Returned connection 180014677 to pool.
10:45:10,935 [main] DEBUG org.activiti.engine.impl.interceptor.LogInterceptor  - --- CreateMembershipCmd finished --------------------------------------------------------
10:45:10,935 [main] DEBUG org.activiti.engine.impl.interceptor.LogInterceptor  - 

10:45:10,935 [main] DEBUG org.activiti.engine.impl.interceptor.LogInterceptor  - 

10:45:10,935 [main] DEBUG org.activiti.engine.impl.interceptor.LogInterceptor  - --- starting CreateMembershipCmd --------------------------------------------------------
10:45:10,935 [main] DEBUG org.activiti.engine.impl.db.DbSqlSession  -   insert org.activiti.engine.impl.persistence.entity.MembershipEntity@560e1459
10:45:10,936 [main] DEBUG org.activiti.engine.impl.db.DbSqlSession  - flush summary: 1 insert, 0 update, 0 delete.
10:45:10,936 [main] DEBUG org.activiti.engine.impl.db.DbSqlSession  - now executing flush...
10:45:10,936 [main] DEBUG org.activiti.engine.impl.db.DbSqlSession  - inserting: org.activiti.engine.impl.persistence.entity.MembershipEntity@560e1459
10:45:10,936 [main] DEBUG org.apache.ibatis.transaction.jdbc.JdbcTransaction  - Opening JDBC Connection
10:45:10,936 [main] DEBUG org.apache.ibatis.datasource.pooled.PooledDataSource  - Checked out connection 363509958 from pool.
10:45:10,936 [main] DEBUG org.apache.ibatis.transaction.jdbc.JdbcTransaction  - Setting autocommit to false on JDBC Connection [conn2: url=jdbc:h2:mem:activiti user=SA]
10:45:10,936 [main] DEBUG org.activiti.engine.impl.persistence.entity.MembershipRelation.insertMembership  - ==&gt;  Preparing: insert into ACT_ID_MEMBERSHIP (USER_ID_, GROUP_ID_) values ( ?, ? ) 
10:45:10,936 [main] DEBUG org.activiti.engine.impl.persistence.entity.MembershipRelation.insertMembership  - ==&gt; Parameters: kermit(String), accountancy(String)
10:45:10,936 [main] DEBUG org.activiti.engine.impl.persistence.entity.MembershipRelation.insertMembership  - &lt;==    Updates: 1
10:45:10,936 [main] DEBUG org.activiti.engine.impl.cfg.standalone.StandaloneMybatisTransactionContext  - firing event committing...
10:45:10,936 [main] DEBUG org.activiti.engine.impl.cfg.standalone.StandaloneMybatisTransactionContext  - committing the ibatis sql session...
10:45:10,936 [main] DEBUG org.apache.ibatis.transaction.jdbc.JdbcTransaction  - Committing JDBC Connection [conn2: url=jdbc:h2:mem:activiti user=SA]
10:45:10,936 [main] DEBUG org.activiti.engine.impl.cfg.standalone.StandaloneMybatisTransactionContext  - firing event committed...
10:45:10,936 [main] DEBUG org.apache.ibatis.transaction.jdbc.JdbcTransaction  - Resetting autocommit to true on JDBC Connection [conn2: url=jdbc:h2:mem:activiti user=SA]
10:45:10,936 [main] DEBUG org.apache.ibatis.transaction.jdbc.JdbcTransaction  - Closing JDBC Connection [conn2: url=jdbc:h2:mem:activiti user=SA]
10:45:10,936 [main] DEBUG org.apache.ibatis.datasource.pooled.PooledDataSource  - Returned connection 363509958 to pool.
10:45:10,936 [main] DEBUG org.activiti.engine.impl.interceptor.LogInterceptor  - --- CreateMembershipCmd finished --------------------------------------------------------
10:45:10,936 [main] DEBUG org.activiti.engine.impl.interceptor.LogInterceptor  - 

10:45:10,936 [main] DEBUG org.activiti.engine.impl.interceptor.LogInterceptor  - 

10:45:10,936 [main] DEBUG org.activiti.engine.impl.interceptor.LogInterceptor  - --- starting NewTaskCmd --------------------------------------------------------
10:45:10,936 [main] DEBUG org.activiti.engine.impl.cfg.standalone.StandaloneMybatisTransactionContext  - firing event committing...
10:45:10,936 [main] DEBUG org.activiti.engine.impl.cfg.standalone.StandaloneMybatisTransactionContext  - committing the ibatis sql session...
10:45:10,936 [main] DEBUG org.activiti.engine.impl.cfg.standalone.StandaloneMybatisTransactionContext  - firing event committed...
10:45:10,936 [main] DEBUG org.activiti.engine.impl.interceptor.LogInterceptor  - --- NewTaskCmd finished --------------------------------------------------------
10:45:10,936 [main] DEBUG org.activiti.engine.impl.interceptor.LogInterceptor  - 

10:45:10,936 [main] DEBUG org.activiti.engine.impl.interceptor.LogInterceptor  - 

10:45:10,936 [main] DEBUG org.activiti.engine.impl.interceptor.LogInterceptor  - --- starting SaveTaskCmd --------------------------------------------------------
10:45:10,936 [main] DEBUG org.activiti.engine.impl.history.DefaultHistoryManager  - Current history level: FULL, level required: AUDIT
10:45:10,936 [main] DEBUG org.activiti.engine.impl.db.DbSqlSession  -   insert Task[id=879, name=rootTestTask]
10:45:10,936 [main] DEBUG org.activiti.engine.impl.db.DbSqlSession  -   insert HistoricTaskInstanceEntity[id=879, name=rootTestTask]
10:45:10,936 [main] DEBUG org.activiti.engine.impl.db.DbSqlSession  - flush summary: 2 insert, 0 update, 0 delete.
10:45:10,936 [main] DEBUG org.activiti.engine.impl.db.DbSqlSession  - now executing flush...
10:45:10,936 [main] DEBUG org.activiti.engine.impl.db.DbSqlSession  - inserting: HistoricTaskInstanceEntity[id=879, name=rootTestTask]
10:45:10,936 [main] DEBUG org.apache.ibatis.transaction.jdbc.JdbcTransaction  - Opening JDBC Connection
10:45:10,936 [main] DEBUG org.apache.ibatis.datasource.pooled.PooledDataSource  - Checked out connection 297240765 from pool.
10:45:10,936 [main] DEBUG org.apache.ibatis.transaction.jdbc.JdbcTransaction  - Setting autocommit to false on JDBC Connection [conn4: url=jdbc:h2:mem:activiti user=SA]
10:45:10,936 [main] DEBUG org.activiti.engine.impl.persistence.entity.HistoricTaskInstanceEntity.insertHistoricTaskInstance  - ==&gt;  Preparing: insert into ACT_HI_TASKINST ( ID_, PROC_DEF_ID_, PROC_INST_ID_, EXECUTION_ID_, NAME_, PARENT_TASK_ID_, DESCRIPTION_, OWNER_, ASSIGNEE_, START_TIME_, CLAIM_TIME_, END_TIME_, DURATION_, DELETE_REASON_, TASK_DEF_KEY_, FORM_KEY_, PRIORITY_, DUE_DATE_, CATEGORY_, TENANT_ID_ ) values ( ?, ?, ?, ?, ?, ?, ?, ?, ?, ?, ?, ?, ?, ?, ?, ?, ?, ?, ?, ? ) 
10:45:10,936 [main] DEBUG org.activiti.engine.impl.persistence.entity.HistoricTaskInstanceEntity.insertHistoricTaskInstance  - ==&gt; Parameters: 879(String), null, null, null, rootTestTask(String), null, rootTestTask description(String), null, null, 2008-01-01 01:01:01.0(Timestamp), null, null, null, null, null, null, 50(Integer), null, null, (String)
10:45:10,936 [main] DEBUG org.activiti.engine.impl.persistence.entity.HistoricTaskInstanceEntity.insertHistoricTaskInstance  - &lt;==    Updates: 1
10:45:10,936 [main] DEBUG org.activiti.engine.impl.db.DbSqlSession  - inserting: Task[id=879, name=rootTestTask]
10:45:10,936 [main] DEBUG org.activiti.engine.impl.persistence.entity.TaskEntity.insertTask  - ==&gt;  Preparing: insert into ACT_RU_TASK (ID_, REV_, NAME_, PARENT_TASK_ID_, DESCRIPTION_, PRIORITY_, CREATE_TIME_, OWNER_, ASSIGNEE_, DELEGATION_, EXECUTION_ID_, PROC_INST_ID_, PROC_DEF_ID_, TASK_DEF_KEY_, DUE_DATE_, CATEGORY_, SUSPENSION_STATE_, TENANT_ID_, FORM_KEY_) values (?, 1, ?, ?, ?, ?, ?, ?, ?, ?, ?, ?, ?, ?, ?, ?, ?, ?, ? ) 
10:45:10,936 [main] DEBUG org.activiti.engine.impl.persistence.entity.TaskEntity.insertTask  - ==&gt; Parameters: 879(String), rootTestTask(String), null, rootTestTask description(String), 50(Integer), 2008-01-01 01:01:01.0(Timestamp), null, null, null, null, null, null, null, null, null, 1(Integer), (String), null
10:45:10,936 [main] DEBUG org.activiti.engine.impl.persistence.entity.TaskEntity.insertTask  - &lt;==    Updates: 1
10:45:10,936 [main] DEBUG org.activiti.engine.impl.cfg.standalone.StandaloneMybatisTransactionContext  - firing event committing...
10:45:10,936 [main] DEBUG org.activiti.engine.impl.cfg.standalone.StandaloneMybatisTransactionContext  - committing the ibatis sql session...
10:45:10,936 [main] DEBUG org.apache.ibatis.transaction.jdbc.JdbcTransaction  - Committing JDBC Connection [conn4: url=jdbc:h2:mem:activiti user=SA]
10:45:10,936 [main] DEBUG org.activiti.engine.impl.cfg.standalone.StandaloneMybatisTransactionContext  - firing event committed...
10:45:10,936 [main] DEBUG org.apache.ibatis.transaction.jdbc.JdbcTransaction  - Resetting autocommit to true on JDBC Connection [conn4: url=jdbc:h2:mem:activiti user=SA]
10:45:10,936 [main] DEBUG org.apache.ibatis.transaction.jdbc.JdbcTransaction  - Closing JDBC Connection [conn4: url=jdbc:h2:mem:activiti user=SA]
10:45:10,936 [main] DEBUG org.apache.ibatis.datasource.pooled.PooledDataSource  - Returned connection 297240765 to pool.
10:45:10,936 [main] DEBUG org.activiti.engine.impl.interceptor.LogInterceptor  - --- SaveTaskCmd finished --------------------------------------------------------
10:45:10,936 [main] DEBUG org.activiti.engine.impl.interceptor.LogInterceptor  - 

10:45:10,936 [main] DEBUG org.activiti.engine.impl.interceptor.LogInterceptor  - 

10:45:10,936 [main] DEBUG org.activiti.engine.impl.interceptor.LogInterceptor  - --- starting AddIdentityLinkCmd --------------------------------------------------------
10:45:10,936 [main] DEBUG org.apache.ibatis.transaction.jdbc.JdbcTransaction  - Opening JDBC Connection
10:45:10,936 [main] DEBUG org.apache.ibatis.datasource.pooled.PooledDataSource  - Checked out connection 486346394 from pool.
10:45:10,936 [main] DEBUG org.apache.ibatis.transaction.jdbc.JdbcTransaction  - Setting autocommit to false on JDBC Connection [conn6: url=jdbc:h2:mem:activiti user=SA]
10:45:10,936 [main] DEBUG org.activiti.engine.impl.persistence.entity.TaskEntity.selectTask  - ==&gt;  Preparing: select * from ACT_RU_TASK where ID_ = ? 
10:45:10,936 [main] DEBUG org.activiti.engine.impl.persistence.entity.TaskEntity.selectTask  - ==&gt; Parameters: 879(String)
10:45:10,936 [main] DEBUG org.activiti.engine.impl.persistence.entity.TaskEntity.selectTask  - &lt;==      Total: 1
10:45:10,936 [main] DEBUG org.activiti.engine.impl.persistence.entity.IdentityLinkEntity.selectIdentityLinksByTask  - ==&gt;  Preparing: select * from ACT_RU_IDENTITYLINK where TASK_ID_ = ? 
10:45:10,936 [main] DEBUG org.activiti.engine.impl.persistence.entity.IdentityLinkEntity.selectIdentityLinksByTask  - ==&gt; Parameters: 879(String)
10:45:10,936 [main] DEBUG org.activiti.engine.impl.persistence.entity.IdentityLinkEntity.selectIdentityLinksByTask  - &lt;==      Total: 0
10:45:10,936 [main] DEBUG org.activiti.engine.impl.history.DefaultHistoryManager  - Current history level: FULL, level required: AUDIT
10:45:10,936 [main] DEBUG org.activiti.engine.impl.history.DefaultHistoryManager  - Current history level: FULL
10:45:10,936 [main] DEBUG org.activiti.engine.impl.history.DefaultHistoryManager  - Current history level: FULL
10:45:10,936 [main] DEBUG org.activiti.engine.impl.db.DbSqlSession  -   insert org.activiti.engine.impl.persistence.entity.HistoricIdentityLinkEntity@6aa7d7a0
10:45:10,936 [main] DEBUG org.activiti.engine.impl.db.DbSqlSession  -   insert IdentityLinkEntity[id=880, type=candidate, userId=kermit, taskId=879]
10:45:10,936 [main] DEBUG org.activiti.engine.impl.db.DbSqlSession  -   insert org.activiti.engine.impl.persistence.entity.CommentEntity@4c3125ff
10:45:10,936 [main] DEBUG org.activiti.engine.impl.db.DbSqlSession  - flush summary: 3 insert, 0 update, 0 delete.
10:45:10,936 [main] DEBUG org.activiti.engine.impl.db.DbSqlSession  - now executing flush...
10:45:10,936 [main] DEBUG org.activiti.engine.impl.db.DbSqlSession  - inserting: org.activiti.engine.impl.persistence.entity.HistoricIdentityLinkEntity@6aa7d7a0
10:45:10,936 [main] DEBUG org.activiti.engine.impl.persistence.entity.HistoricIdentityLinkEntity.insertHistoricIdentityLink  - ==&gt;  Preparing: insert into ACT_HI_IDENTITYLINK (ID_, TYPE_, USER_ID_, GROUP_ID_, TASK_ID_, PROC_INST_ID_) values (?, ?, ?, ?, ?, ?) 
10:45:10,936 [main] DEBUG org.activiti.engine.impl.persistence.entity.HistoricIdentityLinkEntity.insertHistoricIdentityLink  - ==&gt; Parameters: 880(String), candidate(String), kermit(String), null, 879(String), null
10:45:10,936 [main] DEBUG org.activiti.engine.impl.persistence.entity.HistoricIdentityLinkEntity.insertHistoricIdentityLink  - &lt;==    Updates: 1
10:45:10,936 [main] DEBUG org.activiti.engine.impl.db.DbSqlSession  - inserting: IdentityLinkEntity[id=880, type=candidate, userId=kermit, taskId=879]
10:45:10,936 [main] DEBUG org.activiti.engine.impl.persistence.entity.IdentityLinkEntity.insertIdentityLink  - ==&gt;  Preparing: insert into ACT_RU_IDENTITYLINK (ID_, REV_, TYPE_, USER_ID_, GROUP_ID_, TASK_ID_, PROC_INST_ID_, PROC_DEF_ID_) values (?, 1, ?, ?, ?, ?, ?, ?) 
10:45:10,936 [main] DEBUG org.activiti.engine.impl.persistence.entity.IdentityLinkEntity.insertIdentityLink  - ==&gt; Parameters: 880(String), candidate(String), kermit(String), null, 879(String), null, null
10:45:10,936 [main] DEBUG org.activiti.engine.impl.persistence.entity.IdentityLinkEntity.insertIdentityLink  - &lt;==    Updates: 1
10:45:10,936 [main] DEBUG org.activiti.engine.impl.db.DbSqlSession  - inserting: org.activiti.engine.impl.persistence.entity.CommentEntity@4c3125ff
10:45:10,936 [main] DEBUG org.activiti.engine.impl.persistence.entity.CommentEntity.insertComment  - ==&gt;  Preparing: insert into ACT_HI_COMMENT (ID_, TYPE_, TIME_, USER_ID_, TASK_ID_, PROC_INST_ID_, ACTION_, MESSAGE_, FULL_MSG_) values (?, ?, ?, ?, ?, ?, ?, ?, ?) 
10:45:10,936 [main] DEBUG org.activiti.engine.impl.persistence.entity.CommentEntity.insertComment  - ==&gt; Parameters: 881(String), event(String), 2008-01-01 01:01:01.0(Timestamp), null, 879(String), null, AddUserLink(String), kermit_|_candidate(String), null
10:45:10,936 [main] DEBUG org.activiti.engine.impl.persistence.entity.CommentEntity.insertComment  - &lt;==    Updates: 1
10:45:10,936 [main] DEBUG org.activiti.engine.impl.cfg.standalone.StandaloneMybatisTransactionContext  - firing event committing...
10:45:10,936 [main] DEBUG org.activiti.engine.impl.cfg.standalone.StandaloneMybatisTransactionContext  - committing the ibatis sql session...
10:45:10,936 [main] DEBUG org.apache.ibatis.transaction.jdbc.JdbcTransaction  - Committing JDBC Connection [conn6: url=jdbc:h2:mem:activiti user=SA]
10:45:10,936 [main] DEBUG org.activiti.engine.impl.cfg.standalone.StandaloneMybatisTransactionContext  - firing event committed...
10:45:10,936 [main] DEBUG org.apache.ibatis.transaction.jdbc.JdbcTransaction  - Resetting autocommit to true on JDBC Connection [conn6: url=jdbc:h2:mem:activiti user=SA]
10:45:10,936 [main] DEBUG org.apache.ibatis.transaction.jdbc.JdbcTransaction  - Closing JDBC Connection [conn6: url=jdbc:h2:mem:activiti user=SA]
10:45:10,937 [main] DEBUG org.apache.ibatis.datasource.pooled.PooledDataSource  - Returned connection 486346394 to pool.
10:45:10,937 [main] DEBUG org.activiti.engine.impl.interceptor.LogInterceptor  - --- AddIdentityLinkCmd finished --------------------------------------------------------
10:45:10,937 [main] DEBUG org.activiti.engine.impl.interceptor.LogInterceptor  - 

10:45:10,937 [main] DEBUG org.activiti.engine.impl.interceptor.LogInterceptor  - 

10:45:10,937 [main] DEBUG org.activiti.engine.impl.interceptor.LogInterceptor  - --- starting NewTaskCmd --------------------------------------------------------
10:45:10,937 [main] DEBUG org.activiti.engine.impl.cfg.standalone.StandaloneMybatisTransactionContext  - firing event committing...
10:45:10,937 [main] DEBUG org.activiti.engine.impl.cfg.standalone.StandaloneMybatisTransactionContext  - committing the ibatis sql session...
10:45:10,937 [main] DEBUG org.activiti.engine.impl.cfg.standalone.StandaloneMybatisTransactionContext  - firing event committed...
10:45:10,937 [main] DEBUG org.activiti.engine.impl.interceptor.LogInterceptor  - --- NewTaskCmd finished --------------------------------------------------------
10:45:10,937 [main] DEBUG org.activiti.engine.impl.interceptor.LogInterceptor  - 

10:45:10,937 [main] DEBUG org.activiti.engine.impl.interceptor.LogInterceptor  - 

10:45:10,937 [main] DEBUG org.activiti.engine.impl.interceptor.LogInterceptor  - --- starting SaveTaskCmd --------------------------------------------------------
10:45:10,937 [main] DEBUG org.activiti.engine.impl.history.DefaultHistoryManager  - Current history level: FULL, level required: AUDIT
10:45:10,937 [main] DEBUG org.activiti.engine.impl.db.DbSqlSession  -   insert Task[id=882, name=kermitSubTask1]
10:45:10,937 [main] DEBUG org.activiti.engine.impl.db.DbSqlSession  -   insert HistoricTaskInstanceEntity[id=882, name=kermitSubTask1]
10:45:10,937 [main] DEBUG org.activiti.engine.impl.db.DbSqlSession  - flush summary: 2 insert, 0 update, 0 delete.
10:45:10,937 [main] DEBUG org.activiti.engine.impl.db.DbSqlSession  - now executing flush...
10:45:10,937 [main] DEBUG org.activiti.engine.impl.db.DbSqlSession  - inserting: HistoricTaskInstanceEntity[id=882, name=kermitSubTask1]
10:45:10,937 [main] DEBUG org.apache.ibatis.transaction.jdbc.JdbcTransaction  - Opening JDBC Connection
10:45:10,937 [main] DEBUG org.apache.ibatis.datasource.pooled.PooledDataSource  - Checked out connection 180014677 from pool.
10:45:10,937 [main] DEBUG org.apache.ibatis.transaction.jdbc.JdbcTransaction  - Setting autocommit to false on JDBC Connection [conn3: url=jdbc:h2:mem:activiti user=SA]
10:45:10,937 [main] DEBUG org.activiti.engine.impl.persistence.entity.HistoricTaskInstanceEntity.insertHistoricTaskInstance  - ==&gt;  Preparing: insert into ACT_HI_TASKINST ( ID_, PROC_DEF_ID_, PROC_INST_ID_, EXECUTION_ID_, NAME_, PARENT_TASK_ID_, DESCRIPTION_, OWNER_, ASSIGNEE_, START_TIME_, CLAIM_TIME_, END_TIME_, DURATION_, DELETE_REASON_, TASK_DEF_KEY_, FORM_KEY_, PRIORITY_, DUE_DATE_, CATEGORY_, TENANT_ID_ ) values ( ?, ?, ?, ?, ?, ?, ?, ?, ?, ?, ?, ?, ?, ?, ?, ?, ?, ?, ?, ? ) 
10:45:10,937 [main] DEBUG org.activiti.engine.impl.persistence.entity.HistoricTaskInstanceEntity.insertHistoricTaskInstance  - ==&gt; Parameters: 882(String), null, null, null, kermitSubTask1(String), 879(String), description for kermit sub-task1(String), null, null, 2009-01-01 01:01:01.0(Timestamp), null, null, null, null, null, null, 50(Integer), null, null, (String)
10:45:10,937 [main] DEBUG org.activiti.engine.impl.persistence.entity.HistoricTaskInstanceEntity.insertHistoricTaskInstance  - &lt;==    Updates: 1
10:45:10,937 [main] DEBUG org.activiti.engine.impl.db.DbSqlSession  - inserting: Task[id=882, name=kermitSubTask1]
10:45:10,937 [main] DEBUG org.activiti.engine.impl.persistence.entity.TaskEntity.insertTask  - ==&gt;  Preparing: insert into ACT_RU_TASK (ID_, REV_, NAME_, PARENT_TASK_ID_, DESCRIPTION_, PRIORITY_, CREATE_TIME_, OWNER_, ASSIGNEE_, DELEGATION_, EXECUTION_ID_, PROC_INST_ID_, PROC_DEF_ID_, TASK_DEF_KEY_, DUE_DATE_, CATEGORY_, SUSPENSION_STATE_, TENANT_ID_, FORM_KEY_) values (?, 1, ?, ?, ?, ?, ?, ?, ?, ?, ?, ?, ?, ?, ?, ?, ?, ?, ? ) 
10:45:10,937 [main] DEBUG org.activiti.engine.impl.persistence.entity.TaskEntity.insertTask  - ==&gt; Parameters: 882(String), kermitSubTask1(String), 879(String), description for kermit sub-task1(String), 50(Integer), 2009-01-01 01:01:01.0(Timestamp), null, null, null, null, null, null, null, null, null, 1(Integer), (String), null
10:45:10,937 [main] DEBUG org.activiti.engine.impl.persistence.entity.TaskEntity.insertTask  - &lt;==    Updates: 1
10:45:10,937 [main] DEBUG org.activiti.engine.impl.cfg.standalone.StandaloneMybatisTransactionContext  - firing event committing...
10:45:10,937 [main] DEBUG org.activiti.engine.impl.cfg.standalone.StandaloneMybatisTransactionContext  - committing the ibatis sql session...
10:45:10,937 [main] DEBUG org.apache.ibatis.transaction.jdbc.JdbcTransaction  - Committing JDBC Connection [conn3: url=jdbc:h2:mem:activiti user=SA]
10:45:10,937 [main] DEBUG org.activiti.engine.impl.cfg.standalone.StandaloneMybatisTransactionContext  - firing event committed...
10:45:10,937 [main] DEBUG org.apache.ibatis.transaction.jdbc.JdbcTransaction  - Resetting autocommit to true on JDBC Connection [conn3: url=jdbc:h2:mem:activiti user=SA]
10:45:10,937 [main] DEBUG org.apache.ibatis.transaction.jdbc.JdbcTransaction  - Closing JDBC Connection [conn3: url=jdbc:h2:mem:activiti user=SA]
10:45:10,937 [main] DEBUG org.apache.ibatis.datasource.pooled.PooledDataSource  - Returned connection 180014677 to pool.
10:45:10,937 [main] DEBUG org.activiti.engine.impl.interceptor.LogInterceptor  - --- SaveTaskCmd finished --------------------------------------------------------
10:45:10,937 [main] DEBUG org.activiti.engine.impl.interceptor.LogInterceptor  - 

10:45:10,937 [main] DEBUG org.activiti.engine.impl.interceptor.LogInterceptor  - 

10:45:10,937 [main] DEBUG org.activiti.engine.impl.interceptor.LogInterceptor  - --- starting AddIdentityLinkCmd --------------------------------------------------------
10:45:10,937 [main] DEBUG org.apache.ibatis.transaction.jdbc.JdbcTransaction  - Opening JDBC Connection
10:45:10,937 [main] DEBUG org.apache.ibatis.datasource.pooled.PooledDataSource  - Checked out connection 363509958 from pool.
10:45:10,937 [main] DEBUG org.apache.ibatis.transaction.jdbc.JdbcTransaction  - Setting autocommit to false on JDBC Connection [conn2: url=jdbc:h2:mem:activiti user=SA]
10:45:10,937 [main] DEBUG org.activiti.engine.impl.persistence.entity.TaskEntity.selectTask  - ==&gt;  Preparing: select * from ACT_RU_TASK where ID_ = ? 
10:45:10,937 [main] DEBUG org.activiti.engine.impl.persistence.entity.TaskEntity.selectTask  - ==&gt; Parameters: 882(String)
10:45:10,937 [main] DEBUG org.activiti.engine.impl.persistence.entity.TaskEntity.selectTask  - &lt;==      Total: 1
10:45:10,937 [main] DEBUG org.activiti.engine.impl.persistence.entity.IdentityLinkEntity.selectIdentityLinksByTask  - ==&gt;  Preparing: select * from ACT_RU_IDENTITYLINK where TASK_ID_ = ? 
10:45:10,937 [main] DEBUG org.activiti.engine.impl.persistence.entity.IdentityLinkEntity.selectIdentityLinksByTask  - ==&gt; Parameters: 882(String)
10:45:10,937 [main] DEBUG org.activiti.engine.impl.persistence.entity.IdentityLinkEntity.selectIdentityLinksByTask  - &lt;==      Total: 0
10:45:10,937 [main] DEBUG org.activiti.engine.impl.history.DefaultHistoryManager  - Current history level: FULL, level required: AUDIT
10:45:10,937 [main] DEBUG org.activiti.engine.impl.history.DefaultHistoryManager  - Current history level: FULL
10:45:10,937 [main] DEBUG org.activiti.engine.impl.history.DefaultHistoryManager  - Current history level: FULL
10:45:10,937 [main] DEBUG org.activiti.engine.impl.db.DbSqlSession  -   insert org.activiti.engine.impl.persistence.entity.HistoricIdentityLinkEntity@d2ca3a9
10:45:10,937 [main] DEBUG org.activiti.engine.impl.db.DbSqlSession  -   insert IdentityLinkEntity[id=883, type=candidate, userId=kermit, taskId=882]
10:45:10,937 [main] DEBUG org.activiti.engine.impl.db.DbSqlSession  -   insert org.activiti.engine.impl.persistence.entity.CommentEntity@2b26d289
10:45:10,937 [main] DEBUG org.activiti.engine.impl.db.DbSqlSession  - flush summary: 3 insert, 0 update, 0 delete.
10:45:10,937 [main] DEBUG org.activiti.engine.impl.db.DbSqlSession  - now executing flush...
10:45:10,937 [main] DEBUG org.activiti.engine.impl.db.DbSqlSession  - inserting: org.activiti.engine.impl.persistence.entity.HistoricIdentityLinkEntity@d2ca3a9
10:45:10,937 [main] DEBUG org.activiti.engine.impl.persistence.entity.HistoricIdentityLinkEntity.insertHistoricIdentityLink  - ==&gt;  Preparing: insert into ACT_HI_IDENTITYLINK (ID_, TYPE_, USER_ID_, GROUP_ID_, TASK_ID_, PROC_INST_ID_) values (?, ?, ?, ?, ?, ?) 
10:45:10,937 [main] DEBUG org.activiti.engine.impl.persistence.entity.HistoricIdentityLinkEntity.insertHistoricIdentityLink  - ==&gt; Parameters: 883(String), candidate(String), kermit(String), null, 882(String), null
10:45:10,937 [main] DEBUG org.activiti.engine.impl.persistence.entity.HistoricIdentityLinkEntity.insertHistoricIdentityLink  - &lt;==    Updates: 1
10:45:10,937 [main] DEBUG org.activiti.engine.impl.db.DbSqlSession  - inserting: IdentityLinkEntity[id=883, type=candidate, userId=kermit, taskId=882]
10:45:10,937 [main] DEBUG org.activiti.engine.impl.persistence.entity.IdentityLinkEntity.insertIdentityLink  - ==&gt;  Preparing: insert into ACT_RU_IDENTITYLINK (ID_, REV_, TYPE_, USER_ID_, GROUP_ID_, TASK_ID_, PROC_INST_ID_, PROC_DEF_ID_) values (?, 1, ?, ?, ?, ?, ?, ?) 
10:45:10,937 [main] DEBUG org.activiti.engine.impl.persistence.entity.IdentityLinkEntity.insertIdentityLink  - ==&gt; Parameters: 883(String), candidate(String), kermit(String), null, 882(String), null, null
10:45:10,937 [main] DEBUG org.activiti.engine.impl.persistence.entity.IdentityLinkEntity.insertIdentityLink  - &lt;==    Updates: 1
10:45:10,937 [main] DEBUG org.activiti.engine.impl.db.DbSqlSession  - inserting: org.activiti.engine.impl.persistence.entity.CommentEntity@2b26d289
10:45:10,937 [main] DEBUG org.activiti.engine.impl.persistence.entity.CommentEntity.insertComment  - ==&gt;  Preparing: insert into ACT_HI_COMMENT (ID_, TYPE_, TIME_, USER_ID_, TASK_ID_, PROC_INST_ID_, ACTION_, MESSAGE_, FULL_MSG_) values (?, ?, ?, ?, ?, ?, ?, ?, ?) 
10:45:10,937 [main] DEBUG org.activiti.engine.impl.persistence.entity.CommentEntity.insertComment  - ==&gt; Parameters: 884(String), event(String), 2009-01-01 01:01:01.0(Timestamp), null, 882(String), null, AddUserLink(String), kermit_|_candidate(String), null
10:45:10,937 [main] DEBUG org.activiti.engine.impl.persistence.entity.CommentEntity.insertComment  - &lt;==    Updates: 1
10:45:10,937 [main] DEBUG org.activiti.engine.impl.cfg.standalone.StandaloneMybatisTransactionContext  - firing event committing...
10:45:10,937 [main] DEBUG org.activiti.engine.impl.cfg.standalone.StandaloneMybatisTransactionContext  - committing the ibatis sql session...
10:45:10,937 [main] DEBUG org.apache.ibatis.transaction.jdbc.JdbcTransaction  - Committing JDBC Connection [conn2: url=jdbc:h2:mem:activiti user=SA]
10:45:10,937 [main] DEBUG org.activiti.engine.impl.cfg.standalone.StandaloneMybatisTransactionContext  - firing event committed...
10:45:10,937 [main] DEBUG org.apache.ibatis.transaction.jdbc.JdbcTransaction  - Resetting autocommit to true on JDBC Connection [conn2: url=jdbc:h2:mem:activiti user=SA]
10:45:10,937 [main] DEBUG org.apache.ibatis.transaction.jdbc.JdbcTransaction  - Closing JDBC Connection [conn2: url=jdbc:h2:mem:activiti user=SA]
10:45:10,937 [main] DEBUG org.apache.ibatis.datasource.pooled.PooledDataSource  - Returned connection 363509958 to pool.
10:45:10,937 [main] DEBUG org.activiti.engine.impl.interceptor.LogInterceptor  - --- AddIdentityLinkCmd finished --------------------------------------------------------
10:45:10,937 [main] DEBUG org.activiti.engine.impl.interceptor.LogInterceptor  - 

10:45:10,937 [main] DEBUG org.activiti.engine.impl.interceptor.LogInterceptor  - 

10:45:10,937 [main] DEBUG org.activiti.engine.impl.interceptor.LogInterceptor  - --- starting NewTaskCmd --------------------------------------------------------
10:45:10,937 [main] DEBUG org.activiti.engine.impl.cfg.standalone.StandaloneMybatisTransactionContext  - firing event committing...
10:45:10,937 [main] DEBUG org.activiti.engine.impl.cfg.standalone.StandaloneMybatisTransactionContext  - committing the ibatis sql session...
10:45:10,937 [main] DEBUG org.activiti.engine.impl.cfg.standalone.StandaloneMybatisTransactionContext  - firing event committed...
10:45:10,937 [main] DEBUG org.activiti.engine.impl.interceptor.LogInterceptor  - --- NewTaskCmd finished --------------------------------------------------------
10:45:10,937 [main] DEBUG org.activiti.engine.impl.interceptor.LogInterceptor  - 

10:45:10,937 [main] DEBUG org.activiti.engine.impl.interceptor.LogInterceptor  - 

10:45:10,937 [main] DEBUG org.activiti.engine.impl.interceptor.LogInterceptor  - --- starting SaveTaskCmd --------------------------------------------------------
10:45:10,937 [main] DEBUG org.activiti.engine.impl.history.DefaultHistoryManager  - Current history level: FULL, level required: AUDIT
10:45:10,937 [main] DEBUG org.activiti.engine.impl.db.DbSqlSession  -   insert Task[id=885, name=kermitSubTask2]
10:45:10,937 [main] DEBUG org.activiti.engine.impl.db.DbSqlSession  -   insert HistoricTaskInstanceEntity[id=885, name=kermitSubTask2]
10:45:10,937 [main] DEBUG org.activiti.engine.impl.db.DbSqlSession  - flush summary: 2 insert, 0 update, 0 delete.
10:45:10,937 [main] DEBUG org.activiti.engine.impl.db.DbSqlSession  - now executing flush...
10:45:10,937 [main] DEBUG org.activiti.engine.impl.db.DbSqlSession  - inserting: HistoricTaskInstanceEntity[id=885, name=kermitSubTask2]
10:45:10,937 [main] DEBUG org.apache.ibatis.transaction.jdbc.JdbcTransaction  - Opening JDBC Connection
10:45:10,937 [main] DEBUG org.apache.ibatis.datasource.pooled.PooledDataSource  - Checked out connection 297240765 from pool.
10:45:10,937 [main] DEBUG org.apache.ibatis.transaction.jdbc.JdbcTransaction  - Setting autocommit to false on JDBC Connection [conn4: url=jdbc:h2:mem:activiti user=SA]
10:45:10,937 [main] DEBUG org.activiti.engine.impl.persistence.entity.HistoricTaskInstanceEntity.insertHistoricTaskInstance  - ==&gt;  Preparing: insert into ACT_HI_TASKINST ( ID_, PROC_DEF_ID_, PROC_INST_ID_, EXECUTION_ID_, NAME_, PARENT_TASK_ID_, DESCRIPTION_, OWNER_, ASSIGNEE_, START_TIME_, CLAIM_TIME_, END_TIME_, DURATION_, DELETE_REASON_, TASK_DEF_KEY_, FORM_KEY_, PRIORITY_, DUE_DATE_, CATEGORY_, TENANT_ID_ ) values ( ?, ?, ?, ?, ?, ?, ?, ?, ?, ?, ?, ?, ?, ?, ?, ?, ?, ?, ?, ? ) 
10:45:10,937 [main] DEBUG org.activiti.engine.impl.persistence.entity.HistoricTaskInstanceEntity.insertHistoricTaskInstance  - ==&gt; Parameters: 885(String), null, null, null, kermitSubTask2(String), 879(String), description for kermit sub-task2(String), null, null, 2009-01-01 01:01:01.0(Timestamp), null, null, null, null, null, null, 50(Integer), null, null, (String)
10:45:10,937 [main] DEBUG org.activiti.engine.impl.persistence.entity.HistoricTaskInstanceEntity.insertHistoricTaskInstance  - &lt;==    Updates: 1
10:45:10,937 [main] DEBUG org.activiti.engine.impl.db.DbSqlSession  - inserting: Task[id=885, name=kermitSubTask2]
10:45:10,937 [main] DEBUG org.activiti.engine.impl.persistence.entity.TaskEntity.insertTask  - ==&gt;  Preparing: insert into ACT_RU_TASK (ID_, REV_, NAME_, PARENT_TASK_ID_, DESCRIPTION_, PRIORITY_, CREATE_TIME_, OWNER_, ASSIGNEE_, DELEGATION_, EXECUTION_ID_, PROC_INST_ID_, PROC_DEF_ID_, TASK_DEF_KEY_, DUE_DATE_, CATEGORY_, SUSPENSION_STATE_, TENANT_ID_, FORM_KEY_) values (?, 1, ?, ?, ?, ?, ?, ?, ?, ?, ?, ?, ?, ?, ?, ?, ?, ?, ? ) 
10:45:10,937 [main] DEBUG org.activiti.engine.impl.persistence.entity.TaskEntity.insertTask  - ==&gt; Parameters: 885(String), kermitSubTask2(String), 879(String), description for kermit sub-task2(String), 50(Integer), 2009-01-01 01:01:01.0(Timestamp), null, null, null, null, null, null, null, null, null, 1(Integer), (String), null
10:45:10,937 [main] DEBUG org.activiti.engine.impl.persistence.entity.TaskEntity.insertTask  - &lt;==    Updates: 1
10:45:10,937 [main] DEBUG org.activiti.engine.impl.cfg.standalone.StandaloneMybatisTransactionContext  - firing event committing...
10:45:10,937 [main] DEBUG org.activiti.engine.impl.cfg.standalone.StandaloneMybatisTransactionContext  - committing the ibatis sql session...
10:45:10,937 [main] DEBUG org.apache.ibatis.transaction.jdbc.JdbcTransaction  - Committing JDBC Connection [conn4: url=jdbc:h2:mem:activiti user=SA]
10:45:10,937 [main] DEBUG org.activiti.engine.impl.cfg.standalone.StandaloneMybatisTransactionContext  - firing event committed...
10:45:10,937 [main] DEBUG org.apache.ibatis.transaction.jdbc.JdbcTransaction  - Resetting autocommit to true on JDBC Connection [conn4: url=jdbc:h2:mem:activiti user=SA]
10:45:10,937 [main] DEBUG org.apache.ibatis.transaction.jdbc.JdbcTransaction  - Closing JDBC Connection [conn4: url=jdbc:h2:mem:activiti user=SA]
10:45:10,937 [main] DEBUG org.apache.ibatis.datasource.pooled.PooledDataSource  - Returned connection 297240765 to pool.
10:45:10,937 [main] DEBUG org.activiti.engine.impl.interceptor.LogInterceptor  - --- SaveTaskCmd finished --------------------------------------------------------
10:45:10,937 [main] DEBUG org.activiti.engine.impl.interceptor.LogInterceptor  - 

10:45:10,937 [main] DEBUG org.activiti.engine.impl.interceptor.LogInterceptor  - 

10:45:10,937 [main] DEBUG org.activiti.engine.impl.interceptor.LogInterceptor  - --- starting AddIdentityLinkCmd --------------------------------------------------------
10:45:10,938 [main] DEBUG org.apache.ibatis.transaction.jdbc.JdbcTransaction  - Opening JDBC Connection
10:45:10,938 [main] DEBUG org.apache.ibatis.datasource.pooled.PooledDataSource  - Checked out connection 486346394 from pool.
10:45:10,938 [main] DEBUG org.apache.ibatis.transaction.jdbc.JdbcTransaction  - Setting autocommit to false on JDBC Connection [conn6: url=jdbc:h2:mem:activiti user=SA]
10:45:10,938 [main] DEBUG org.activiti.engine.impl.persistence.entity.TaskEntity.selectTask  - ==&gt;  Preparing: select * from ACT_RU_TASK where ID_ = ? 
10:45:10,938 [main] DEBUG org.activiti.engine.impl.persistence.entity.TaskEntity.selectTask  - ==&gt; Parameters: 885(String)
10:45:10,938 [main] DEBUG org.activiti.engine.impl.persistence.entity.TaskEntity.selectTask  - &lt;==      Total: 1
10:45:10,938 [main] DEBUG org.activiti.engine.impl.persistence.entity.IdentityLinkEntity.selectIdentityLinksByTask  - ==&gt;  Preparing: select * from ACT_RU_IDENTITYLINK where TASK_ID_ = ? 
10:45:10,938 [main] DEBUG org.activiti.engine.impl.persistence.entity.IdentityLinkEntity.selectIdentityLinksByTask  - ==&gt; Parameters: 885(String)
10:45:10,938 [main] DEBUG org.activiti.engine.impl.persistence.entity.IdentityLinkEntity.selectIdentityLinksByTask  - &lt;==      Total: 0
10:45:10,938 [main] DEBUG org.activiti.engine.impl.history.DefaultHistoryManager  - Current history level: FULL, level required: AUDIT
10:45:10,938 [main] DEBUG org.activiti.engine.impl.history.DefaultHistoryManager  - Current history level: FULL
10:45:10,938 [main] DEBUG org.activiti.engine.impl.history.DefaultHistoryManager  - Current history level: FULL
10:45:10,938 [main] DEBUG org.activiti.engine.impl.db.DbSqlSession  -   insert org.activiti.engine.impl.persistence.entity.HistoricIdentityLinkEntity@7f680a9a
10:45:10,938 [main] DEBUG org.activiti.engine.impl.db.DbSqlSession  -   insert IdentityLinkEntity[id=886, type=candidate, userId=kermit, taskId=885]
10:45:10,938 [main] DEBUG org.activiti.engine.impl.db.DbSqlSession  -   insert org.activiti.engine.impl.persistence.entity.CommentEntity@3a33d655
10:45:10,938 [main] DEBUG org.activiti.engine.impl.db.DbSqlSession  - flush summary: 3 insert, 0 update, 0 delete.
10:45:10,938 [main] DEBUG org.activiti.engine.impl.db.DbSqlSession  - now executing flush...
10:45:10,938 [main] DEBUG org.activiti.engine.impl.db.DbSqlSession  - inserting: org.activiti.engine.impl.persistence.entity.HistoricIdentityLinkEntity@7f680a9a
10:45:10,938 [main] DEBUG org.activiti.engine.impl.persistence.entity.HistoricIdentityLinkEntity.insertHistoricIdentityLink  - ==&gt;  Preparing: insert into ACT_HI_IDENTITYLINK (ID_, TYPE_, USER_ID_, GROUP_ID_, TASK_ID_, PROC_INST_ID_) values (?, ?, ?, ?, ?, ?) 
10:45:10,938 [main] DEBUG org.activiti.engine.impl.persistence.entity.HistoricIdentityLinkEntity.insertHistoricIdentityLink  - ==&gt; Parameters: 886(String), candidate(String), kermit(String), null, 885(String), null
10:45:10,938 [main] DEBUG org.activiti.engine.impl.persistence.entity.HistoricIdentityLinkEntity.insertHistoricIdentityLink  - &lt;==    Updates: 1
10:45:10,938 [main] DEBUG org.activiti.engine.impl.db.DbSqlSession  - inserting: IdentityLinkEntity[id=886, type=candidate, userId=kermit, taskId=885]
10:45:10,938 [main] DEBUG org.activiti.engine.impl.persistence.entity.IdentityLinkEntity.insertIdentityLink  - ==&gt;  Preparing: insert into ACT_RU_IDENTITYLINK (ID_, REV_, TYPE_, USER_ID_, GROUP_ID_, TASK_ID_, PROC_INST_ID_, PROC_DEF_ID_) values (?, 1, ?, ?, ?, ?, ?, ?) 
10:45:10,938 [main] DEBUG org.activiti.engine.impl.persistence.entity.IdentityLinkEntity.insertIdentityLink  - ==&gt; Parameters: 886(String), candidate(String), kermit(String), null, 885(String), null, null
10:45:10,938 [main] DEBUG org.activiti.engine.impl.persistence.entity.IdentityLinkEntity.insertIdentityLink  - &lt;==    Updates: 1
10:45:10,938 [main] DEBUG org.activiti.engine.impl.db.DbSqlSession  - inserting: org.activiti.engine.impl.persistence.entity.CommentEntity@3a33d655
10:45:10,938 [main] DEBUG org.activiti.engine.impl.persistence.entity.CommentEntity.insertComment  - ==&gt;  Preparing: insert into ACT_HI_COMMENT (ID_, TYPE_, TIME_, USER_ID_, TASK_ID_, PROC_INST_ID_, ACTION_, MESSAGE_, FULL_MSG_) values (?, ?, ?, ?, ?, ?, ?, ?, ?) 
10:45:10,938 [main] DEBUG org.activiti.engine.impl.persistence.entity.CommentEntity.insertComment  - ==&gt; Parameters: 887(String), event(String), 2009-01-01 01:01:01.0(Timestamp), null, 885(String), null, AddUserLink(String), kermit_|_candidate(String), null
10:45:10,938 [main] DEBUG org.activiti.engine.impl.persistence.entity.CommentEntity.insertComment  - &lt;==    Updates: 1
10:45:10,938 [main] DEBUG org.activiti.engine.impl.cfg.standalone.StandaloneMybatisTransactionContext  - firing event committing...
10:45:10,938 [main] DEBUG org.activiti.engine.impl.cfg.standalone.StandaloneMybatisTransactionContext  - committing the ibatis sql session...
10:45:10,938 [main] DEBUG org.apache.ibatis.transaction.jdbc.JdbcTransaction  - Committing JDBC Connection [conn6: url=jdbc:h2:mem:activiti user=SA]
10:45:10,938 [main] DEBUG org.activiti.engine.impl.cfg.standalone.StandaloneMybatisTransactionContext  - firing event committed...
10:45:10,938 [main] DEBUG org.apache.ibatis.transaction.jdbc.JdbcTransaction  - Resetting autocommit to true on JDBC Connection [conn6: url=jdbc:h2:mem:activiti user=SA]
10:45:10,938 [main] DEBUG org.apache.ibatis.transaction.jdbc.JdbcTransaction  - Closing JDBC Connection [conn6: url=jdbc:h2:mem:activiti user=SA]
10:45:10,938 [main] DEBUG org.apache.ibatis.datasource.pooled.PooledDataSource  - Returned connection 486346394 to pool.
10:45:10,938 [main] DEBUG org.activiti.engine.impl.interceptor.LogInterceptor  - --- AddIdentityLinkCmd finished --------------------------------------------------------
10:45:10,938 [main] DEBUG org.activiti.engine.impl.interceptor.LogInterceptor  - 

10:45:10,938 [main] DEBUG org.activiti.engine.impl.interceptor.LogInterceptor  - 

10:45:10,938 [main] DEBUG org.activiti.engine.impl.interceptor.LogInterceptor  - --- starting NewTaskCmd --------------------------------------------------------
10:45:10,938 [main] DEBUG org.activiti.engine.impl.cfg.standalone.StandaloneMybatisTransactionContext  - firing event committing...
10:45:10,938 [main] DEBUG org.activiti.engine.impl.cfg.standalone.StandaloneMybatisTransactionContext  - committing the ibatis sql session...
10:45:10,938 [main] DEBUG org.activiti.engine.impl.cfg.standalone.StandaloneMybatisTransactionContext  - firing event committed...
10:45:10,938 [main] DEBUG org.activiti.engine.impl.interceptor.LogInterceptor  - --- NewTaskCmd finished --------------------------------------------------------
10:45:10,938 [main] DEBUG org.activiti.engine.impl.interceptor.LogInterceptor  - 

10:45:10,938 [main] DEBUG org.activiti.engine.impl.interceptor.LogInterceptor  - 

10:45:10,938 [main] DEBUG org.activiti.engine.impl.interceptor.LogInterceptor  - --- starting SaveTaskCmd --------------------------------------------------------
10:45:10,938 [main] DEBUG org.activiti.engine.impl.history.DefaultHistoryManager  - Current history level: FULL, level required: AUDIT
10:45:10,938 [main] DEBUG org.activiti.engine.impl.db.DbSqlSession  -   insert Task[id=888, name=gonzoRootTask1]
10:45:10,938 [main] DEBUG org.activiti.engine.impl.db.DbSqlSession  -   insert HistoricTaskInstanceEntity[id=888, name=gonzoRootTask1]
10:45:10,938 [main] DEBUG org.activiti.engine.impl.db.DbSqlSession  - flush summary: 2 insert, 0 update, 0 delete.
10:45:10,938 [main] DEBUG org.activiti.engine.impl.db.DbSqlSession  - now executing flush...
10:45:10,938 [main] DEBUG org.activiti.engine.impl.db.DbSqlSession  - inserting: HistoricTaskInstanceEntity[id=888, name=gonzoRootTask1]
10:45:10,938 [main] DEBUG org.apache.ibatis.transaction.jdbc.JdbcTransaction  - Opening JDBC Connection
10:45:10,938 [main] DEBUG org.apache.ibatis.datasource.pooled.PooledDataSource  - Checked out connection 180014677 from pool.
10:45:10,938 [main] DEBUG org.apache.ibatis.transaction.jdbc.JdbcTransaction  - Setting autocommit to false on JDBC Connection [conn3: url=jdbc:h2:mem:activiti user=SA]
10:45:10,938 [main] DEBUG org.activiti.engine.impl.persistence.entity.HistoricTaskInstanceEntity.insertHistoricTaskInstance  - ==&gt;  Preparing: insert into ACT_HI_TASKINST ( ID_, PROC_DEF_ID_, PROC_INST_ID_, EXECUTION_ID_, NAME_, PARENT_TASK_ID_, DESCRIPTION_, OWNER_, ASSIGNEE_, START_TIME_, CLAIM_TIME_, END_TIME_, DURATION_, DELETE_REASON_, TASK_DEF_KEY_, FORM_KEY_, PRIORITY_, DUE_DATE_, CATEGORY_, TENANT_ID_ ) values ( ?, ?, ?, ?, ?, ?, ?, ?, ?, ?, ?, ?, ?, ?, ?, ?, ?, ?, ?, ? ) 
10:45:10,938 [main] DEBUG org.activiti.engine.impl.persistence.entity.HistoricTaskInstanceEntity.insertHistoricTaskInstance  - ==&gt; Parameters: 888(String), null, null, null, gonzoRootTask1(String), null, gonzo Root task1 description(String), null, null, 2008-02-01 02:02:02.0(Timestamp), null, null, null, null, null, null, 50(Integer), null, null, (String)
10:45:10,938 [main] DEBUG org.activiti.engine.impl.persistence.entity.HistoricTaskInstanceEntity.insertHistoricTaskInstance  - &lt;==    Updates: 1
10:45:10,938 [main] DEBUG org.activiti.engine.impl.db.DbSqlSession  - inserting: Task[id=888, name=gonzoRootTask1]
10:45:10,938 [main] DEBUG org.activiti.engine.impl.persistence.entity.TaskEntity.insertTask  - ==&gt;  Preparing: insert into ACT_RU_TASK (ID_, REV_, NAME_, PARENT_TASK_ID_, DESCRIPTION_, PRIORITY_, CREATE_TIME_, OWNER_, ASSIGNEE_, DELEGATION_, EXECUTION_ID_, PROC_INST_ID_, PROC_DEF_ID_, TASK_DEF_KEY_, DUE_DATE_, CATEGORY_, SUSPENSION_STATE_, TENANT_ID_, FORM_KEY_) values (?, 1, ?, ?, ?, ?, ?, ?, ?, ?, ?, ?, ?, ?, ?, ?, ?, ?, ? ) 
10:45:10,938 [main] DEBUG org.activiti.engine.impl.persistence.entity.TaskEntity.insertTask  - ==&gt; Parameters: 888(String), gonzoRootTask1(String), null, gonzo Root task1 description(String), 50(Integer), 2008-02-01 02:02:02.0(Timestamp), null, null, null, null, null, null, null, null, null, 1(Integer), (String), null
10:45:10,938 [main] DEBUG org.activiti.engine.impl.persistence.entity.TaskEntity.insertTask  - &lt;==    Updates: 1
10:45:10,938 [main] DEBUG org.activiti.engine.impl.cfg.standalone.StandaloneMybatisTransactionContext  - firing event committing...
10:45:10,938 [main] DEBUG org.activiti.engine.impl.cfg.standalone.StandaloneMybatisTransactionContext  - committing the ibatis sql session...
10:45:10,938 [main] DEBUG org.apache.ibatis.transaction.jdbc.JdbcTransaction  - Committing JDBC Connection [conn3: url=jdbc:h2:mem:activiti user=SA]
10:45:10,938 [main] DEBUG org.activiti.engine.impl.cfg.standalone.StandaloneMybatisTransactionContext  - firing event committed...
10:45:10,938 [main] DEBUG org.apache.ibatis.transaction.jdbc.JdbcTransaction  - Resetting autocommit to true on JDBC Connection [conn3: url=jdbc:h2:mem:activiti user=SA]
10:45:10,938 [main] DEBUG org.apache.ibatis.transaction.jdbc.JdbcTransaction  - Closing JDBC Connection [conn3: url=jdbc:h2:mem:activiti user=SA]
10:45:10,938 [main] DEBUG org.apache.ibatis.datasource.pooled.PooledDataSource  - Returned connection 180014677 to pool.
10:45:10,938 [main] DEBUG org.activiti.engine.impl.interceptor.LogInterceptor  - --- SaveTaskCmd finished --------------------------------------------------------
10:45:10,938 [main] DEBUG org.activiti.engine.impl.interceptor.LogInterceptor  - 

10:45:10,938 [main] DEBUG org.activiti.engine.impl.interceptor.LogInterceptor  - 

10:45:10,938 [main] DEBUG org.activiti.engine.impl.interceptor.LogInterceptor  - --- starting AddIdentityLinkCmd --------------------------------------------------------
10:45:10,938 [main] DEBUG org.apache.ibatis.transaction.jdbc.JdbcTransaction  - Opening JDBC Connection
10:45:10,938 [main] DEBUG org.apache.ibatis.datasource.pooled.PooledDataSource  - Checked out connection 363509958 from pool.
10:45:10,938 [main] DEBUG org.apache.ibatis.transaction.jdbc.JdbcTransaction  - Setting autocommit to false on JDBC Connection [conn2: url=jdbc:h2:mem:activiti user=SA]
10:45:10,938 [main] DEBUG org.activiti.engine.impl.persistence.entity.TaskEntity.selectTask  - ==&gt;  Preparing: select * from ACT_RU_TASK where ID_ = ? 
10:45:10,938 [main] DEBUG org.activiti.engine.impl.persistence.entity.TaskEntity.selectTask  - ==&gt; Parameters: 888(String)
10:45:10,938 [main] DEBUG org.activiti.engine.impl.persistence.entity.TaskEntity.selectTask  - &lt;==      Total: 1
10:45:10,938 [main] DEBUG org.activiti.engine.impl.history.DefaultHistoryManager  - Current history level: FULL, level required: AUDIT
10:45:10,938 [main] DEBUG org.activiti.engine.impl.persistence.entity.HistoricTaskInstanceEntity.selectHistoricTaskInstance  - ==&gt;  Preparing: select * from ACT_HI_TASKINST where ID_ = ? 
10:45:10,938 [main] DEBUG org.activiti.engine.impl.persistence.entity.HistoricTaskInstanceEntity.selectHistoricTaskInstance  - ==&gt; Parameters: 888(String)
10:45:10,938 [main] DEBUG org.activiti.engine.impl.persistence.entity.HistoricTaskInstanceEntity.selectHistoricTaskInstance  - &lt;==      Total: 1
10:45:10,938 [main] DEBUG org.activiti.engine.impl.history.DefaultHistoryManager  - Current history level: FULL
10:45:10,938 [main] DEBUG org.activiti.engine.impl.history.DefaultHistoryManager  - Current history level: FULL
10:45:10,938 [main] DEBUG org.activiti.engine.impl.db.DbSqlSession  -   insert org.activiti.engine.impl.persistence.entity.CommentEntity@526a1b51
10:45:10,938 [main] DEBUG org.activiti.engine.impl.db.DbSqlSession  -   update Task[id=888, name=gonzoRootTask1]
10:45:10,938 [main] DEBUG org.activiti.engine.impl.db.DbSqlSession  -   update HistoricTaskInstanceEntity[id=888, name=gonzoRootTask1]
10:45:10,938 [main] DEBUG org.activiti.engine.impl.db.DbSqlSession  - flush summary: 1 insert, 2 update, 0 delete.
10:45:10,938 [main] DEBUG org.activiti.engine.impl.db.DbSqlSession  - now executing flush...
10:45:10,938 [main] DEBUG org.activiti.engine.impl.db.DbSqlSession  - inserting: org.activiti.engine.impl.persistence.entity.CommentEntity@526a1b51
10:45:10,938 [main] DEBUG org.activiti.engine.impl.persistence.entity.CommentEntity.insertComment  - ==&gt;  Preparing: insert into ACT_HI_COMMENT (ID_, TYPE_, TIME_, USER_ID_, TASK_ID_, PROC_INST_ID_, ACTION_, MESSAGE_, FULL_MSG_) values (?, ?, ?, ?, ?, ?, ?, ?, ?) 
10:45:10,939 [main] DEBUG org.activiti.engine.impl.persistence.entity.CommentEntity.insertComment  - ==&gt; Parameters: 889(String), event(String), 2008-02-01 02:02:02.0(Timestamp), null, 888(String), null, AddUserLink(String), gonzo_|_assignee(String), null
10:45:10,939 [main] DEBUG org.activiti.engine.impl.persistence.entity.CommentEntity.insertComment  - &lt;==    Updates: 1
10:45:10,939 [main] DEBUG org.activiti.engine.impl.db.DbSqlSession  - updating: Task[id=888, name=gonzoRootTask1]
10:45:10,939 [main] DEBUG org.activiti.engine.impl.persistence.entity.TaskEntity.updateTask  - ==&gt;  Preparing: update ACT_RU_TASK SET REV_ = ?, NAME_ = ?, PARENT_TASK_ID_ = ?, PRIORITY_ = ?, CREATE_TIME_ = ?, OWNER_ = ?, ASSIGNEE_ = ?, DELEGATION_ = ?, EXECUTION_ID_ = ?, PROC_DEF_ID_ = ?, DESCRIPTION_ = ?, DUE_DATE_ = ?, CATEGORY_ = ?, SUSPENSION_STATE_ = ?, FORM_KEY_ = ? where ID_= ? and REV_ = ? 
10:45:10,939 [main] DEBUG org.activiti.engine.impl.persistence.entity.TaskEntity.updateTask  - ==&gt; Parameters: 2(Integer), gonzoRootTask1(String), null, 50(Integer), 2008-02-01 02:02:02.0(Timestamp), null, gonzo(String), null, null, null, gonzo Root task1 description(String), null, null, 1(Integer), null, 888(String), 1(Integer)
10:45:10,939 [main] DEBUG org.activiti.engine.impl.persistence.entity.TaskEntity.updateTask  - &lt;==    Updates: 1
10:45:10,939 [main] DEBUG org.activiti.engine.impl.db.DbSqlSession  - updating: HistoricTaskInstanceEntity[id=888, name=gonzoRootTask1]
10:45:10,939 [main] DEBUG org.activiti.engine.impl.persistence.entity.HistoricTaskInstanceEntity.updateHistoricTaskInstance  - ==&gt;  Preparing: update ACT_HI_TASKINST set EXECUTION_ID_ = ?, NAME_ = ?, PARENT_TASK_ID_ = ?, DESCRIPTION_ = ?, OWNER_ = ?, ASSIGNEE_ = ?, CLAIM_TIME_ = ?, END_TIME_ = ?, DURATION_ = ?, DELETE_REASON_ = ?, TASK_DEF_KEY_ = ?, FORM_KEY_ = ?, PRIORITY_ = ?, DUE_DATE_ = ?, CATEGORY_ = ? where ID_ = ? 
10:45:10,939 [main] DEBUG org.activiti.engine.impl.persistence.entity.HistoricTaskInstanceEntity.updateHistoricTaskInstance  - ==&gt; Parameters: null, gonzoRootTask1(String), null, gonzo Root task1 description(String), null, gonzo(String), null, null, null, null, null, null, 50(Integer), null, null, 888(String)
10:45:10,939 [main] DEBUG org.activiti.engine.impl.persistence.entity.HistoricTaskInstanceEntity.updateHistoricTaskInstance  - &lt;==    Updates: 1
10:45:10,939 [main] DEBUG org.activiti.engine.impl.cfg.standalone.StandaloneMybatisTransactionContext  - firing event committing...
10:45:10,939 [main] DEBUG org.activiti.engine.impl.cfg.standalone.StandaloneMybatisTransactionContext  - committing the ibatis sql session...
10:45:10,939 [main] DEBUG org.apache.ibatis.transaction.jdbc.JdbcTransaction  - Committing JDBC Connection [conn2: url=jdbc:h2:mem:activiti user=SA]
10:45:10,939 [main] DEBUG org.activiti.engine.impl.cfg.standalone.StandaloneMybatisTransactionContext  - firing event committed...
10:45:10,939 [main] DEBUG org.apache.ibatis.transaction.jdbc.JdbcTransaction  - Resetting autocommit to true on JDBC Connection [conn2: url=jdbc:h2:mem:activiti user=SA]
10:45:10,939 [main] DEBUG org.apache.ibatis.transaction.jdbc.JdbcTransaction  - Closing JDBC Connection [conn2: url=jdbc:h2:mem:activiti user=SA]
10:45:10,939 [main] DEBUG org.apache.ibatis.datasource.pooled.PooledDataSource  - Returned connection 363509958 to pool.
10:45:10,939 [main] DEBUG org.activiti.engine.impl.interceptor.LogInterceptor  - --- AddIdentityLinkCmd finished --------------------------------------------------------
10:45:10,939 [main] DEBUG org.activiti.engine.impl.interceptor.LogInterceptor  - 

10:45:10,939 [main] DEBUG org.activiti.engine.impl.interceptor.LogInterceptor  - 

10:45:10,939 [main] DEBUG org.activiti.engine.impl.interceptor.LogInterceptor  - --- starting NewTaskCmd --------------------------------------------------------
10:45:10,939 [main] DEBUG org.activiti.engine.impl.cfg.standalone.StandaloneMybatisTransactionContext  - firing event committing...
10:45:10,939 [main] DEBUG org.activiti.engine.impl.cfg.standalone.StandaloneMybatisTransactionContext  - committing the ibatis sql session...
10:45:10,939 [main] DEBUG org.activiti.engine.impl.cfg.standalone.StandaloneMybatisTransactionContext  - firing event committed...
10:45:10,939 [main] DEBUG org.activiti.engine.impl.interceptor.LogInterceptor  - --- NewTaskCmd finished --------------------------------------------------------
10:45:10,939 [main] DEBUG org.activiti.engine.impl.interceptor.LogInterceptor  - 

10:45:10,939 [main] DEBUG org.activiti.engine.impl.interceptor.LogInterceptor  - 

10:45:10,939 [main] DEBUG org.activiti.engine.impl.interceptor.LogInterceptor  - --- starting SaveTaskCmd --------------------------------------------------------
10:45:10,939 [main] DEBUG org.activiti.engine.impl.history.DefaultHistoryManager  - Current history level: FULL, level required: AUDIT
10:45:10,939 [main] DEBUG org.activiti.engine.impl.db.DbSqlSession  -   insert Task[id=890, name=gonzoRootTask2]
10:45:10,939 [main] DEBUG org.activiti.engine.impl.db.DbSqlSession  -   insert HistoricTaskInstanceEntity[id=890, name=gonzoRootTask2]
10:45:10,939 [main] DEBUG org.activiti.engine.impl.db.DbSqlSession  - flush summary: 2 insert, 0 update, 0 delete.
10:45:10,939 [main] DEBUG org.activiti.engine.impl.db.DbSqlSession  - now executing flush...
10:45:10,939 [main] DEBUG org.activiti.engine.impl.db.DbSqlSession  - inserting: HistoricTaskInstanceEntity[id=890, name=gonzoRootTask2]
10:45:10,939 [main] DEBUG org.apache.ibatis.transaction.jdbc.JdbcTransaction  - Opening JDBC Connection
10:45:10,939 [main] DEBUG org.apache.ibatis.datasource.pooled.PooledDataSource  - Checked out connection 297240765 from pool.
10:45:10,939 [main] DEBUG org.apache.ibatis.transaction.jdbc.JdbcTransaction  - Setting autocommit to false on JDBC Connection [conn4: url=jdbc:h2:mem:activiti user=SA]
10:45:10,939 [main] DEBUG org.activiti.engine.impl.persistence.entity.HistoricTaskInstanceEntity.insertHistoricTaskInstance  - ==&gt;  Preparing: insert into ACT_HI_TASKINST ( ID_, PROC_DEF_ID_, PROC_INST_ID_, EXECUTION_ID_, NAME_, PARENT_TASK_ID_, DESCRIPTION_, OWNER_, ASSIGNEE_, START_TIME_, CLAIM_TIME_, END_TIME_, DURATION_, DELETE_REASON_, TASK_DEF_KEY_, FORM_KEY_, PRIORITY_, DUE_DATE_, CATEGORY_, TENANT_ID_ ) values ( ?, ?, ?, ?, ?, ?, ?, ?, ?, ?, ?, ?, ?, ?, ?, ?, ?, ?, ?, ? ) 
10:45:10,939 [main] DEBUG org.activiti.engine.impl.persistence.entity.HistoricTaskInstanceEntity.insertHistoricTaskInstance  - ==&gt; Parameters: 890(String), null, null, null, gonzoRootTask2(String), null, gonzo Root task2 description(String), null, null, 2008-02-05 02:02:02.0(Timestamp), null, null, null, null, null, null, 50(Integer), null, null, (String)
10:45:10,939 [main] DEBUG org.activiti.engine.impl.persistence.entity.HistoricTaskInstanceEntity.insertHistoricTaskInstance  - &lt;==    Updates: 1
10:45:10,939 [main] DEBUG org.activiti.engine.impl.db.DbSqlSession  - inserting: Task[id=890, name=gonzoRootTask2]
10:45:10,939 [main] DEBUG org.activiti.engine.impl.persistence.entity.TaskEntity.insertTask  - ==&gt;  Preparing: insert into ACT_RU_TASK (ID_, REV_, NAME_, PARENT_TASK_ID_, DESCRIPTION_, PRIORITY_, CREATE_TIME_, OWNER_, ASSIGNEE_, DELEGATION_, EXECUTION_ID_, PROC_INST_ID_, PROC_DEF_ID_, TASK_DEF_KEY_, DUE_DATE_, CATEGORY_, SUSPENSION_STATE_, TENANT_ID_, FORM_KEY_) values (?, 1, ?, ?, ?, ?, ?, ?, ?, ?, ?, ?, ?, ?, ?, ?, ?, ?, ? ) 
10:45:10,939 [main] DEBUG org.activiti.engine.impl.persistence.entity.TaskEntity.insertTask  - ==&gt; Parameters: 890(String), gonzoRootTask2(String), null, gonzo Root task2 description(String), 50(Integer), 2008-02-05 02:02:02.0(Timestamp), null, null, null, null, null, null, null, null, null, 1(Integer), (String), null
10:45:10,939 [main] DEBUG org.activiti.engine.impl.persistence.entity.TaskEntity.insertTask  - &lt;==    Updates: 1
10:45:10,939 [main] DEBUG org.activiti.engine.impl.cfg.standalone.StandaloneMybatisTransactionContext  - firing event committing...
10:45:10,939 [main] DEBUG org.activiti.engine.impl.cfg.standalone.StandaloneMybatisTransactionContext  - committing the ibatis sql session...
10:45:10,939 [main] DEBUG org.apache.ibatis.transaction.jdbc.JdbcTransaction  - Committing JDBC Connection [conn4: url=jdbc:h2:mem:activiti user=SA]
10:45:10,939 [main] DEBUG org.activiti.engine.impl.cfg.standalone.StandaloneMybatisTransactionContext  - firing event committed...
10:45:10,939 [main] DEBUG org.apache.ibatis.transaction.jdbc.JdbcTransaction  - Resetting autocommit to true on JDBC Connection [conn4: url=jdbc:h2:mem:activiti user=SA]
10:45:10,939 [main] DEBUG org.apache.ibatis.transaction.jdbc.JdbcTransaction  - Closing JDBC Connection [conn4: url=jdbc:h2:mem:activiti user=SA]
10:45:10,939 [main] DEBUG org.apache.ibatis.datasource.pooled.PooledDataSource  - Returned connection 297240765 to pool.
10:45:10,939 [main] DEBUG org.activiti.engine.impl.interceptor.LogInterceptor  - --- SaveTaskCmd finished --------------------------------------------------------
10:45:10,939 [main] DEBUG org.activiti.engine.impl.interceptor.LogInterceptor  - 

10:45:10,939 [main] DEBUG org.activiti.engine.impl.interceptor.LogInterceptor  - 

10:45:10,939 [main] DEBUG org.activiti.engine.impl.interceptor.LogInterceptor  - --- starting AddIdentityLinkCmd --------------------------------------------------------
10:45:10,939 [main] DEBUG org.apache.ibatis.transaction.jdbc.JdbcTransaction  - Opening JDBC Connection
10:45:10,939 [main] DEBUG org.apache.ibatis.datasource.pooled.PooledDataSource  - Checked out connection 486346394 from pool.
10:45:10,939 [main] DEBUG org.apache.ibatis.transaction.jdbc.JdbcTransaction  - Setting autocommit to false on JDBC Connection [conn6: url=jdbc:h2:mem:activiti user=SA]
10:45:10,939 [main] DEBUG org.activiti.engine.impl.persistence.entity.TaskEntity.selectTask  - ==&gt;  Preparing: select * from ACT_RU_TASK where ID_ = ? 
10:45:10,939 [main] DEBUG org.activiti.engine.impl.persistence.entity.TaskEntity.selectTask  - ==&gt; Parameters: 890(String)
10:45:10,940 [main] DEBUG org.activiti.engine.impl.persistence.entity.TaskEntity.selectTask  - &lt;==      Total: 1
10:45:10,940 [main] DEBUG org.activiti.engine.impl.history.DefaultHistoryManager  - Current history level: FULL, level required: AUDIT
10:45:10,940 [main] DEBUG org.activiti.engine.impl.persistence.entity.HistoricTaskInstanceEntity.selectHistoricTaskInstance  - ==&gt;  Preparing: select * from ACT_HI_TASKINST where ID_ = ? 
10:45:10,940 [main] DEBUG org.activiti.engine.impl.persistence.entity.HistoricTaskInstanceEntity.selectHistoricTaskInstance  - ==&gt; Parameters: 890(String)
10:45:10,940 [main] DEBUG org.activiti.engine.impl.persistence.entity.HistoricTaskInstanceEntity.selectHistoricTaskInstance  - &lt;==      Total: 1
10:45:10,940 [main] DEBUG org.activiti.engine.impl.history.DefaultHistoryManager  - Current history level: FULL
10:45:10,940 [main] DEBUG org.activiti.engine.impl.history.DefaultHistoryManager  - Current history level: FULL
10:45:10,940 [main] DEBUG org.activiti.engine.impl.db.DbSqlSession  -   insert org.activiti.engine.impl.persistence.entity.CommentEntity@4f45290f
10:45:10,940 [main] DEBUG org.activiti.engine.impl.db.DbSqlSession  -   update Task[id=890, name=gonzoRootTask2]
10:45:10,940 [main] DEBUG org.activiti.engine.impl.db.DbSqlSession  -   update HistoricTaskInstanceEntity[id=890, name=gonzoRootTask2]
10:45:10,940 [main] DEBUG org.activiti.engine.impl.db.DbSqlSession  - flush summary: 1 insert, 2 update, 0 delete.
10:45:10,940 [main] DEBUG org.activiti.engine.impl.db.DbSqlSession  - now executing flush...
10:45:10,940 [main] DEBUG org.activiti.engine.impl.db.DbSqlSession  - inserting: org.activiti.engine.impl.persistence.entity.CommentEntity@4f45290f
10:45:10,940 [main] DEBUG org.activiti.engine.impl.persistence.entity.CommentEntity.insertComment  - ==&gt;  Preparing: insert into ACT_HI_COMMENT (ID_, TYPE_, TIME_, USER_ID_, TASK_ID_, PROC_INST_ID_, ACTION_, MESSAGE_, FULL_MSG_) values (?, ?, ?, ?, ?, ?, ?, ?, ?) 
10:45:10,940 [main] DEBUG org.activiti.engine.impl.persistence.entity.CommentEntity.insertComment  - ==&gt; Parameters: 891(String), event(String), 2008-02-05 02:02:02.0(Timestamp), null, 890(String), null, AddUserLink(String), gonzo_|_assignee(String), null
10:45:10,940 [main] DEBUG org.activiti.engine.impl.persistence.entity.CommentEntity.insertComment  - &lt;==    Updates: 1
10:45:10,940 [main] DEBUG org.activiti.engine.impl.db.DbSqlSession  - updating: Task[id=890, name=gonzoRootTask2]
10:45:10,940 [main] DEBUG org.activiti.engine.impl.persistence.entity.TaskEntity.updateTask  - ==&gt;  Preparing: update ACT_RU_TASK SET REV_ = ?, NAME_ = ?, PARENT_TASK_ID_ = ?, PRIORITY_ = ?, CREATE_TIME_ = ?, OWNER_ = ?, ASSIGNEE_ = ?, DELEGATION_ = ?, EXECUTION_ID_ = ?, PROC_DEF_ID_ = ?, DESCRIPTION_ = ?, DUE_DATE_ = ?, CATEGORY_ = ?, SUSPENSION_STATE_ = ?, FORM_KEY_ = ? where ID_= ? and REV_ = ? 
10:45:10,940 [main] DEBUG org.activiti.engine.impl.persistence.entity.TaskEntity.updateTask  - ==&gt; Parameters: 2(Integer), gonzoRootTask2(String), null, 50(Integer), 2008-02-05 02:02:02.0(Timestamp), null, gonzo(String), null, null, null, gonzo Root task2 description(String), null, null, 1(Integer), null, 890(String), 1(Integer)
10:45:10,940 [main] DEBUG org.activiti.engine.impl.persistence.entity.TaskEntity.updateTask  - &lt;==    Updates: 1
10:45:10,940 [main] DEBUG org.activiti.engine.impl.db.DbSqlSession  - updating: HistoricTaskInstanceEntity[id=890, name=gonzoRootTask2]
10:45:10,940 [main] DEBUG org.activiti.engine.impl.persistence.entity.HistoricTaskInstanceEntity.updateHistoricTaskInstance  - ==&gt;  Preparing: update ACT_HI_TASKINST set EXECUTION_ID_ = ?, NAME_ = ?, PARENT_TASK_ID_ = ?, DESCRIPTION_ = ?, OWNER_ = ?, ASSIGNEE_ = ?, CLAIM_TIME_ = ?, END_TIME_ = ?, DURATION_ = ?, DELETE_REASON_ = ?, TASK_DEF_KEY_ = ?, FORM_KEY_ = ?, PRIORITY_ = ?, DUE_DATE_ = ?, CATEGORY_ = ? where ID_ = ? 
10:45:10,940 [main] DEBUG org.activiti.engine.impl.persistence.entity.HistoricTaskInstanceEntity.updateHistoricTaskInstance  - ==&gt; Parameters: null, gonzoRootTask2(String), null, gonzo Root task2 description(String), null, gonzo(String), null, null, null, null, null, null, 50(Integer), null, null, 890(String)
10:45:10,940 [main] DEBUG org.activiti.engine.impl.persistence.entity.HistoricTaskInstanceEntity.updateHistoricTaskInstance  - &lt;==    Updates: 1
10:45:10,940 [main] DEBUG org.activiti.engine.impl.cfg.standalone.StandaloneMybatisTransactionContext  - firing event committing...
10:45:10,940 [main] DEBUG org.activiti.engine.impl.cfg.standalone.StandaloneMybatisTransactionContext  - committing the ibatis sql session...
10:45:10,940 [main] DEBUG org.apache.ibatis.transaction.jdbc.JdbcTransaction  - Committing JDBC Connection [conn6: url=jdbc:h2:mem:activiti user=SA]
10:45:10,940 [main] DEBUG org.activiti.engine.impl.cfg.standalone.StandaloneMybatisTransactionContext  - firing event committed...
10:45:10,940 [main] DEBUG org.apache.ibatis.transaction.jdbc.JdbcTransaction  - Resetting autocommit to true on JDBC Connection [conn6: url=jdbc:h2:mem:activiti user=SA]
10:45:10,940 [main] DEBUG org.apache.ibatis.transaction.jdbc.JdbcTransaction  - Closing JDBC Connection [conn6: url=jdbc:h2:mem:activiti user=SA]
10:45:10,940 [main] DEBUG org.apache.ibatis.datasource.pooled.PooledDataSource  - Returned connection 486346394 to pool.
10:45:10,940 [main] DEBUG org.activiti.engine.impl.interceptor.LogInterceptor  - --- AddIdentityLinkCmd finished --------------------------------------------------------
10:45:10,940 [main] DEBUG org.activiti.engine.impl.interceptor.LogInterceptor  - 

10:45:10,940 [main] DEBUG org.activiti.engine.impl.interceptor.LogInterceptor  - 

10:45:10,940 [main] DEBUG org.activiti.engine.impl.interceptor.LogInterceptor  - --- starting NewTaskCmd --------------------------------------------------------
10:45:10,940 [main] DEBUG org.activiti.engine.impl.cfg.standalone.StandaloneMybatisTransactionContext  - firing event committing...
10:45:10,940 [main] DEBUG org.activiti.engine.impl.cfg.standalone.StandaloneMybatisTransactionContext  - committing the ibatis sql session...
10:45:10,940 [main] DEBUG org.activiti.engine.impl.cfg.standalone.StandaloneMybatisTransactionContext  - firing event committed...
10:45:10,940 [main] DEBUG org.activiti.engine.impl.interceptor.LogInterceptor  - --- NewTaskCmd finished --------------------------------------------------------
10:45:10,940 [main] DEBUG org.activiti.engine.impl.interceptor.LogInterceptor  - 

10:45:10,940 [main] DEBUG org.activiti.engine.impl.interceptor.LogInterceptor  - 

10:45:10,940 [main] DEBUG org.activiti.engine.impl.interceptor.LogInterceptor  - --- starting SaveTaskCmd --------------------------------------------------------
10:45:10,940 [main] DEBUG org.activiti.engine.impl.history.DefaultHistoryManager  - Current history level: FULL, level required: AUDIT
10:45:10,940 [main] DEBUG org.activiti.engine.impl.db.DbSqlSession  -   insert Task[id=892, name=gonzoSubTask1_1]
10:45:10,940 [main] DEBUG org.activiti.engine.impl.db.DbSqlSession  -   insert HistoricTaskInstanceEntity[id=892, name=gonzoSubTask1_1]
10:45:10,940 [main] DEBUG org.activiti.engine.impl.db.DbSqlSession  - flush summary: 2 insert, 0 update, 0 delete.
10:45:10,940 [main] DEBUG org.activiti.engine.impl.db.DbSqlSession  - now executing flush...
10:45:10,940 [main] DEBUG org.activiti.engine.impl.db.DbSqlSession  - inserting: HistoricTaskInstanceEntity[id=892, name=gonzoSubTask1_1]
10:45:10,940 [main] DEBUG org.apache.ibatis.transaction.jdbc.JdbcTransaction  - Opening JDBC Connection
10:45:10,940 [main] DEBUG org.apache.ibatis.datasource.pooled.PooledDataSource  - Checked out connection 180014677 from pool.
10:45:10,940 [main] DEBUG org.apache.ibatis.transaction.jdbc.JdbcTransaction  - Setting autocommit to false on JDBC Connection [conn3: url=jdbc:h2:mem:activiti user=SA]
10:45:10,940 [main] DEBUG org.activiti.engine.impl.persistence.entity.HistoricTaskInstanceEntity.insertHistoricTaskInstance  - ==&gt;  Preparing: insert into ACT_HI_TASKINST ( ID_, PROC_DEF_ID_, PROC_INST_ID_, EXECUTION_ID_, NAME_, PARENT_TASK_ID_, DESCRIPTION_, OWNER_, ASSIGNEE_, START_TIME_, CLAIM_TIME_, END_TIME_, DURATION_, DELETE_REASON_, TASK_DEF_KEY_, FORM_KEY_, PRIORITY_, DUE_DATE_, CATEGORY_, TENANT_ID_ ) values ( ?, ?, ?, ?, ?, ?, ?, ?, ?, ?, ?, ?, ?, ?, ?, ?, ?, ?, ?, ? ) 
10:45:10,940 [main] DEBUG org.activiti.engine.impl.persistence.entity.HistoricTaskInstanceEntity.insertHistoricTaskInstance  - ==&gt; Parameters: 892(String), null, null, null, gonzoSubTask1_1(String), 888(String), description for gonzo sub-task1_1(String), null, null, 2009-01-01 01:01:01.0(Timestamp), null, null, null, null, null, null, 50(Integer), null, null, (String)
10:45:10,940 [main] DEBUG org.activiti.engine.impl.persistence.entity.HistoricTaskInstanceEntity.insertHistoricTaskInstance  - &lt;==    Updates: 1
10:45:10,940 [main] DEBUG org.activiti.engine.impl.db.DbSqlSession  - inserting: Task[id=892, name=gonzoSubTask1_1]
10:45:10,940 [main] DEBUG org.activiti.engine.impl.persistence.entity.TaskEntity.insertTask  - ==&gt;  Preparing: insert into ACT_RU_TASK (ID_, REV_, NAME_, PARENT_TASK_ID_, DESCRIPTION_, PRIORITY_, CREATE_TIME_, OWNER_, ASSIGNEE_, DELEGATION_, EXECUTION_ID_, PROC_INST_ID_, PROC_DEF_ID_, TASK_DEF_KEY_, DUE_DATE_, CATEGORY_, SUSPENSION_STATE_, TENANT_ID_, FORM_KEY_) values (?, 1, ?, ?, ?, ?, ?, ?, ?, ?, ?, ?, ?, ?, ?, ?, ?, ?, ? ) 
10:45:10,940 [main] DEBUG org.activiti.engine.impl.persistence.entity.TaskEntity.insertTask  - ==&gt; Parameters: 892(String), gonzoSubTask1_1(String), 888(String), description for gonzo sub-task1_1(String), 50(Integer), 2009-01-01 01:01:01.0(Timestamp), null, null, null, null, null, null, null, null, null, 1(Integer), (String), null
10:45:10,941 [main] DEBUG org.activiti.engine.impl.persistence.entity.TaskEntity.insertTask  - &lt;==    Updates: 1
10:45:10,941 [main] DEBUG org.activiti.engine.impl.cfg.standalone.StandaloneMybatisTransactionContext  - firing event committing...
10:45:10,941 [main] DEBUG org.activiti.engine.impl.cfg.standalone.StandaloneMybatisTransactionContext  - committing the ibatis sql session...
10:45:10,941 [main] DEBUG org.apache.ibatis.transaction.jdbc.JdbcTransaction  - Committing JDBC Connection [conn3: url=jdbc:h2:mem:activiti user=SA]
10:45:10,941 [main] DEBUG org.activiti.engine.impl.cfg.standalone.StandaloneMybatisTransactionContext  - firing event committed...
10:45:10,941 [main] DEBUG org.apache.ibatis.transaction.jdbc.JdbcTransaction  - Resetting autocommit to true on JDBC Connection [conn3: url=jdbc:h2:mem:activiti user=SA]
10:45:10,941 [main] DEBUG org.apache.ibatis.transaction.jdbc.JdbcTransaction  - Closing JDBC Connection [conn3: url=jdbc:h2:mem:activiti user=SA]
10:45:10,941 [main] DEBUG org.apache.ibatis.datasource.pooled.PooledDataSource  - Returned connection 180014677 to pool.
10:45:10,941 [main] DEBUG org.activiti.engine.impl.interceptor.LogInterceptor  - --- SaveTaskCmd finished --------------------------------------------------------
10:45:10,941 [main] DEBUG org.activiti.engine.impl.interceptor.LogInterceptor  - 

10:45:10,941 [main] DEBUG org.activiti.engine.impl.interceptor.LogInterceptor  - 

10:45:10,941 [main] DEBUG org.activiti.engine.impl.interceptor.LogInterceptor  - --- starting AddIdentityLinkCmd --------------------------------------------------------
10:45:10,941 [main] DEBUG org.apache.ibatis.transaction.jdbc.JdbcTransaction  - Opening JDBC Connection
10:45:10,941 [main] DEBUG org.apache.ibatis.datasource.pooled.PooledDataSource  - Checked out connection 363509958 from pool.
10:45:10,941 [main] DEBUG org.apache.ibatis.transaction.jdbc.JdbcTransaction  - Setting autocommit to false on JDBC Connection [conn2: url=jdbc:h2:mem:activiti user=SA]
10:45:10,941 [main] DEBUG org.activiti.engine.impl.persistence.entity.TaskEntity.selectTask  - ==&gt;  Preparing: select * from ACT_RU_TASK where ID_ = ? 
10:45:10,941 [main] DEBUG org.activiti.engine.impl.persistence.entity.TaskEntity.selectTask  - ==&gt; Parameters: 892(String)
10:45:10,941 [main] DEBUG org.activiti.engine.impl.persistence.entity.TaskEntity.selectTask  - &lt;==      Total: 1
10:45:10,941 [main] DEBUG org.activiti.engine.impl.history.DefaultHistoryManager  - Current history level: FULL, level required: AUDIT
10:45:10,941 [main] DEBUG org.activiti.engine.impl.persistence.entity.HistoricTaskInstanceEntity.selectHistoricTaskInstance  - ==&gt;  Preparing: select * from ACT_HI_TASKINST where ID_ = ? 
10:45:10,941 [main] DEBUG org.activiti.engine.impl.persistence.entity.HistoricTaskInstanceEntity.selectHistoricTaskInstance  - ==&gt; Parameters: 892(String)
10:45:10,941 [main] DEBUG org.activiti.engine.impl.persistence.entity.HistoricTaskInstanceEntity.selectHistoricTaskInstance  - &lt;==      Total: 1
10:45:10,941 [main] DEBUG org.activiti.engine.impl.history.DefaultHistoryManager  - Current history level: FULL
10:45:10,941 [main] DEBUG org.activiti.engine.impl.history.DefaultHistoryManager  - Current history level: FULL
10:45:10,941 [main] DEBUG org.activiti.engine.impl.db.DbSqlSession  -   insert org.activiti.engine.impl.persistence.entity.CommentEntity@70c6c6a7
10:45:10,941 [main] DEBUG org.activiti.engine.impl.db.DbSqlSession  -   update Task[id=892, name=gonzoSubTask1_1]
10:45:10,941 [main] DEBUG org.activiti.engine.impl.db.DbSqlSession  -   update HistoricTaskInstanceEntity[id=892, name=gonzoSubTask1_1]
10:45:10,941 [main] DEBUG org.activiti.engine.impl.db.DbSqlSession  - flush summary: 1 insert, 2 update, 0 delete.
10:45:10,941 [main] DEBUG org.activiti.engine.impl.db.DbSqlSession  - now executing flush...
10:45:10,941 [main] DEBUG org.activiti.engine.impl.db.DbSqlSession  - inserting: org.activiti.engine.impl.persistence.entity.CommentEntity@70c6c6a7
10:45:10,941 [main] DEBUG org.activiti.engine.impl.persistence.entity.CommentEntity.insertComment  - ==&gt;  Preparing: insert into ACT_HI_COMMENT (ID_, TYPE_, TIME_, USER_ID_, TASK_ID_, PROC_INST_ID_, ACTION_, MESSAGE_, FULL_MSG_) values (?, ?, ?, ?, ?, ?, ?, ?, ?) 
10:45:10,941 [main] DEBUG org.activiti.engine.impl.persistence.entity.CommentEntity.insertComment  - ==&gt; Parameters: 893(String), event(String), 2009-01-01 01:01:01.0(Timestamp), null, 892(String), null, AddUserLink(String), gonzo_|_assignee(String), null
10:45:10,941 [main] DEBUG org.activiti.engine.impl.persistence.entity.CommentEntity.insertComment  - &lt;==    Updates: 1
10:45:10,941 [main] DEBUG org.activiti.engine.impl.db.DbSqlSession  - updating: Task[id=892, name=gonzoSubTask1_1]
10:45:10,941 [main] DEBUG org.activiti.engine.impl.persistence.entity.TaskEntity.updateTask  - ==&gt;  Preparing: update ACT_RU_TASK SET REV_ = ?, NAME_ = ?, PARENT_TASK_ID_ = ?, PRIORITY_ = ?, CREATE_TIME_ = ?, OWNER_ = ?, ASSIGNEE_ = ?, DELEGATION_ = ?, EXECUTION_ID_ = ?, PROC_DEF_ID_ = ?, DESCRIPTION_ = ?, DUE_DATE_ = ?, CATEGORY_ = ?, SUSPENSION_STATE_ = ?, FORM_KEY_ = ? where ID_= ? and REV_ = ? 
10:45:10,941 [main] DEBUG org.activiti.engine.impl.persistence.entity.TaskEntity.updateTask  - ==&gt; Parameters: 2(Integer), gonzoSubTask1_1(String), 888(String), 50(Integer), 2009-01-01 01:01:01.0(Timestamp), null, gonzo(String), null, null, null, description for gonzo sub-task1_1(String), null, null, 1(Integer), null, 892(String), 1(Integer)
10:45:10,941 [main] DEBUG org.activiti.engine.impl.persistence.entity.TaskEntity.updateTask  - &lt;==    Updates: 1
10:45:10,941 [main] DEBUG org.activiti.engine.impl.db.DbSqlSession  - updating: HistoricTaskInstanceEntity[id=892, name=gonzoSubTask1_1]
10:45:10,941 [main] DEBUG org.activiti.engine.impl.persistence.entity.HistoricTaskInstanceEntity.updateHistoricTaskInstance  - ==&gt;  Preparing: update ACT_HI_TASKINST set EXECUTION_ID_ = ?, NAME_ = ?, PARENT_TASK_ID_ = ?, DESCRIPTION_ = ?, OWNER_ = ?, ASSIGNEE_ = ?, CLAIM_TIME_ = ?, END_TIME_ = ?, DURATION_ = ?, DELETE_REASON_ = ?, TASK_DEF_KEY_ = ?, FORM_KEY_ = ?, PRIORITY_ = ?, DUE_DATE_ = ?, CATEGORY_ = ? where ID_ = ? 
10:45:10,941 [main] DEBUG org.activiti.engine.impl.persistence.entity.HistoricTaskInstanceEntity.updateHistoricTaskInstance  - ==&gt; Parameters: null, gonzoSubTask1_1(String), 888(String), description for gonzo sub-task1_1(String), null, gonzo(String), null, null, null, null, null, null, 50(Integer), null, null, 892(String)
10:45:10,941 [main] DEBUG org.activiti.engine.impl.persistence.entity.HistoricTaskInstanceEntity.updateHistoricTaskInstance  - &lt;==    Updates: 1
10:45:10,941 [main] DEBUG org.activiti.engine.impl.cfg.standalone.StandaloneMybatisTransactionContext  - firing event committing...
10:45:10,941 [main] DEBUG org.activiti.engine.impl.cfg.standalone.StandaloneMybatisTransactionContext  - committing the ibatis sql session...
10:45:10,941 [main] DEBUG org.apache.ibatis.transaction.jdbc.JdbcTransaction  - Committing JDBC Connection [conn2: url=jdbc:h2:mem:activiti user=SA]
10:45:10,941 [main] DEBUG org.activiti.engine.impl.cfg.standalone.StandaloneMybatisTransactionContext  - firing event committed...
10:45:10,941 [main] DEBUG org.apache.ibatis.transaction.jdbc.JdbcTransaction  - Resetting autocommit to true on JDBC Connection [conn2: url=jdbc:h2:mem:activiti user=SA]
10:45:10,941 [main] DEBUG org.apache.ibatis.transaction.jdbc.JdbcTransaction  - Closing JDBC Connection [conn2: url=jdbc:h2:mem:activiti user=SA]
10:45:10,941 [main] DEBUG org.apache.ibatis.datasource.pooled.PooledDataSource  - Returned connection 363509958 to pool.
10:45:10,941 [main] DEBUG org.activiti.engine.impl.interceptor.LogInterceptor  - --- AddIdentityLinkCmd finished --------------------------------------------------------
10:45:10,941 [main] DEBUG org.activiti.engine.impl.interceptor.LogInterceptor  - 

10:45:10,941 [main] DEBUG org.activiti.engine.impl.interceptor.LogInterceptor  - 

10:45:10,941 [main] DEBUG org.activiti.engine.impl.interceptor.LogInterceptor  - --- starting NewTaskCmd --------------------------------------------------------
10:45:10,941 [main] DEBUG org.activiti.engine.impl.cfg.standalone.StandaloneMybatisTransactionContext  - firing event committing...
10:45:10,941 [main] DEBUG org.activiti.engine.impl.cfg.standalone.StandaloneMybatisTransactionContext  - committing the ibatis sql session...
10:45:10,941 [main] DEBUG org.activiti.engine.impl.cfg.standalone.StandaloneMybatisTransactionContext  - firing event committed...
10:45:10,941 [main] DEBUG org.activiti.engine.impl.interceptor.LogInterceptor  - --- NewTaskCmd finished --------------------------------------------------------
10:45:10,941 [main] DEBUG org.activiti.engine.impl.interceptor.LogInterceptor  - 

10:45:10,941 [main] DEBUG org.activiti.engine.impl.interceptor.LogInterceptor  - 

10:45:10,941 [main] DEBUG org.activiti.engine.impl.interceptor.LogInterceptor  - --- starting SaveTaskCmd --------------------------------------------------------
10:45:10,941 [main] DEBUG org.activiti.engine.impl.history.DefaultHistoryManager  - Current history level: FULL, level required: AUDIT
10:45:10,941 [main] DEBUG org.activiti.engine.impl.db.DbSqlSession  -   insert Task[id=894, name=gonzoSubTask1_2]
10:45:10,941 [main] DEBUG org.activiti.engine.impl.db.DbSqlSession  -   insert HistoricTaskInstanceEntity[id=894, name=gonzoSubTask1_2]
10:45:10,941 [main] DEBUG org.activiti.engine.impl.db.DbSqlSession  - flush summary: 2 insert, 0 update, 0 delete.
10:45:10,941 [main] DEBUG org.activiti.engine.impl.db.DbSqlSession  - now executing flush...
10:45:10,941 [main] DEBUG org.activiti.engine.impl.db.DbSqlSession  - inserting: HistoricTaskInstanceEntity[id=894, name=gonzoSubTask1_2]
10:45:10,941 [main] DEBUG org.apache.ibatis.transaction.jdbc.JdbcTransaction  - Opening JDBC Connection
10:45:10,941 [main] DEBUG org.apache.ibatis.datasource.pooled.PooledDataSource  - Checked out connection 297240765 from pool.
10:45:10,941 [main] DEBUG org.apache.ibatis.transaction.jdbc.JdbcTransaction  - Setting autocommit to false on JDBC Connection [conn4: url=jdbc:h2:mem:activiti user=SA]
10:45:10,941 [main] DEBUG org.activiti.engine.impl.persistence.entity.HistoricTaskInstanceEntity.insertHistoricTaskInstance  - ==&gt;  Preparing: insert into ACT_HI_TASKINST ( ID_, PROC_DEF_ID_, PROC_INST_ID_, EXECUTION_ID_, NAME_, PARENT_TASK_ID_, DESCRIPTION_, OWNER_, ASSIGNEE_, START_TIME_, CLAIM_TIME_, END_TIME_, DURATION_, DELETE_REASON_, TASK_DEF_KEY_, FORM_KEY_, PRIORITY_, DUE_DATE_, CATEGORY_, TENANT_ID_ ) values ( ?, ?, ?, ?, ?, ?, ?, ?, ?, ?, ?, ?, ?, ?, ?, ?, ?, ?, ?, ? ) 
10:45:10,941 [main] DEBUG org.activiti.engine.impl.persistence.entity.HistoricTaskInstanceEntity.insertHistoricTaskInstance  - ==&gt; Parameters: 894(String), null, null, null, gonzoSubTask1_2(String), 888(String), description for gonzo sub-task1_2(String), null, null, 2009-01-01 01:01:01.0(Timestamp), null, null, null, null, null, null, 50(Integer), null, null, (String)
10:45:10,941 [main] DEBUG org.activiti.engine.impl.persistence.entity.HistoricTaskInstanceEntity.insertHistoricTaskInstance  - &lt;==    Updates: 1
10:45:10,941 [main] DEBUG org.activiti.engine.impl.db.DbSqlSession  - inserting: Task[id=894, name=gonzoSubTask1_2]
10:45:10,941 [main] DEBUG org.activiti.engine.impl.persistence.entity.TaskEntity.insertTask  - ==&gt;  Preparing: insert into ACT_RU_TASK (ID_, REV_, NAME_, PARENT_TASK_ID_, DESCRIPTION_, PRIORITY_, CREATE_TIME_, OWNER_, ASSIGNEE_, DELEGATION_, EXECUTION_ID_, PROC_INST_ID_, PROC_DEF_ID_, TASK_DEF_KEY_, DUE_DATE_, CATEGORY_, SUSPENSION_STATE_, TENANT_ID_, FORM_KEY_) values (?, 1, ?, ?, ?, ?, ?, ?, ?, ?, ?, ?, ?, ?, ?, ?, ?, ?, ? ) 
10:45:10,941 [main] DEBUG org.activiti.engine.impl.persistence.entity.TaskEntity.insertTask  - ==&gt; Parameters: 894(String), gonzoSubTask1_2(String), 888(String), description for gonzo sub-task1_2(String), 50(Integer), 2009-01-01 01:01:01.0(Timestamp), null, null, null, null, null, null, null, null, null, 1(Integer), (String), null
10:45:10,941 [main] DEBUG org.activiti.engine.impl.persistence.entity.TaskEntity.insertTask  - &lt;==    Updates: 1
10:45:10,941 [main] DEBUG org.activiti.engine.impl.cfg.standalone.StandaloneMybatisTransactionContext  - firing event committing...
10:45:10,941 [main] DEBUG org.activiti.engine.impl.cfg.standalone.StandaloneMybatisTransactionContext  - committing the ibatis sql session...
10:45:10,941 [main] DEBUG org.apache.ibatis.transaction.jdbc.JdbcTransaction  - Committing JDBC Connection [conn4: url=jdbc:h2:mem:activiti user=SA]
10:45:10,941 [main] DEBUG org.activiti.engine.impl.cfg.standalone.StandaloneMybatisTransactionContext  - firing event committed...
10:45:10,941 [main] DEBUG org.apache.ibatis.transaction.jdbc.JdbcTransaction  - Resetting autocommit to true on JDBC Connection [conn4: url=jdbc:h2:mem:activiti user=SA]
10:45:10,941 [main] DEBUG org.apache.ibatis.transaction.jdbc.JdbcTransaction  - Closing JDBC Connection [conn4: url=jdbc:h2:mem:activiti user=SA]
10:45:10,941 [main] DEBUG org.apache.ibatis.datasource.pooled.PooledDataSource  - Returned connection 297240765 to pool.
10:45:10,941 [main] DEBUG org.activiti.engine.impl.interceptor.LogInterceptor  - --- SaveTaskCmd finished --------------------------------------------------------
10:45:10,941 [main] DEBUG org.activiti.engine.impl.interceptor.LogInterceptor  - 

10:45:10,941 [main] DEBUG org.activiti.engine.impl.interceptor.LogInterceptor  - 

10:45:10,941 [main] DEBUG org.activiti.engine.impl.interceptor.LogInterceptor  - --- starting AddIdentityLinkCmd --------------------------------------------------------
10:45:10,941 [main] DEBUG org.apache.ibatis.transaction.jdbc.JdbcTransaction  - Opening JDBC Connection
10:45:10,941 [main] DEBUG org.apache.ibatis.datasource.pooled.PooledDataSource  - Checked out connection 486346394 from pool.
10:45:10,941 [main] DEBUG org.apache.ibatis.transaction.jdbc.JdbcTransaction  - Setting autocommit to false on JDBC Connection [conn6: url=jdbc:h2:mem:activiti user=SA]
10:45:10,941 [main] DEBUG org.activiti.engine.impl.persistence.entity.TaskEntity.selectTask  - ==&gt;  Preparing: select * from ACT_RU_TASK where ID_ = ? 
10:45:10,941 [main] DEBUG org.activiti.engine.impl.persistence.entity.TaskEntity.selectTask  - ==&gt; Parameters: 894(String)
10:45:10,942 [main] DEBUG org.activiti.engine.impl.persistence.entity.TaskEntity.selectTask  - &lt;==      Total: 1
10:45:10,942 [main] DEBUG org.activiti.engine.impl.history.DefaultHistoryManager  - Current history level: FULL, level required: AUDIT
10:45:10,942 [main] DEBUG org.activiti.engine.impl.persistence.entity.HistoricTaskInstanceEntity.selectHistoricTaskInstance  - ==&gt;  Preparing: select * from ACT_HI_TASKINST where ID_ = ? 
10:45:10,942 [main] DEBUG org.activiti.engine.impl.persistence.entity.HistoricTaskInstanceEntity.selectHistoricTaskInstance  - ==&gt; Parameters: 894(String)
10:45:10,942 [main] DEBUG org.activiti.engine.impl.persistence.entity.HistoricTaskInstanceEntity.selectHistoricTaskInstance  - &lt;==      Total: 1
10:45:10,942 [main] DEBUG org.activiti.engine.impl.history.DefaultHistoryManager  - Current history level: FULL
10:45:10,942 [main] DEBUG org.activiti.engine.impl.history.DefaultHistoryManager  - Current history level: FULL
10:45:10,942 [main] DEBUG org.activiti.engine.impl.db.DbSqlSession  -   insert org.activiti.engine.impl.persistence.entity.CommentEntity@54632794
10:45:10,942 [main] DEBUG org.activiti.engine.impl.db.DbSqlSession  -   update Task[id=894, name=gonzoSubTask1_2]
10:45:10,942 [main] DEBUG org.activiti.engine.impl.db.DbSqlSession  -   update HistoricTaskInstanceEntity[id=894, name=gonzoSubTask1_2]
10:45:10,942 [main] DEBUG org.activiti.engine.impl.db.DbSqlSession  - flush summary: 1 insert, 2 update, 0 delete.
10:45:10,942 [main] DEBUG org.activiti.engine.impl.db.DbSqlSession  - now executing flush...
10:45:10,942 [main] DEBUG org.activiti.engine.impl.db.DbSqlSession  - inserting: org.activiti.engine.impl.persistence.entity.CommentEntity@54632794
10:45:10,942 [main] DEBUG org.activiti.engine.impl.persistence.entity.CommentEntity.insertComment  - ==&gt;  Preparing: insert into ACT_HI_COMMENT (ID_, TYPE_, TIME_, USER_ID_, TASK_ID_, PROC_INST_ID_, ACTION_, MESSAGE_, FULL_MSG_) values (?, ?, ?, ?, ?, ?, ?, ?, ?) 
10:45:10,942 [main] DEBUG org.activiti.engine.impl.persistence.entity.CommentEntity.insertComment  - ==&gt; Parameters: 895(String), event(String), 2009-01-01 01:01:01.0(Timestamp), null, 894(String), null, AddUserLink(String), gonzo_|_assignee(String), null
10:45:10,942 [main] DEBUG org.activiti.engine.impl.persistence.entity.CommentEntity.insertComment  - &lt;==    Updates: 1
10:45:10,942 [main] DEBUG org.activiti.engine.impl.db.DbSqlSession  - updating: Task[id=894, name=gonzoSubTask1_2]
10:45:10,942 [main] DEBUG org.activiti.engine.impl.persistence.entity.TaskEntity.updateTask  - ==&gt;  Preparing: update ACT_RU_TASK SET REV_ = ?, NAME_ = ?, PARENT_TASK_ID_ = ?, PRIORITY_ = ?, CREATE_TIME_ = ?, OWNER_ = ?, ASSIGNEE_ = ?, DELEGATION_ = ?, EXECUTION_ID_ = ?, PROC_DEF_ID_ = ?, DESCRIPTION_ = ?, DUE_DATE_ = ?, CATEGORY_ = ?, SUSPENSION_STATE_ = ?, FORM_KEY_ = ? where ID_= ? and REV_ = ? 
10:45:10,942 [main] DEBUG org.activiti.engine.impl.persistence.entity.TaskEntity.updateTask  - ==&gt; Parameters: 2(Integer), gonzoSubTask1_2(String), 888(String), 50(Integer), 2009-01-01 01:01:01.0(Timestamp), null, gonzo(String), null, null, null, description for gonzo sub-task1_2(String), null, null, 1(Integer), null, 894(String), 1(Integer)
10:45:10,942 [main] DEBUG org.activiti.engine.impl.persistence.entity.TaskEntity.updateTask  - &lt;==    Updates: 1
10:45:10,942 [main] DEBUG org.activiti.engine.impl.db.DbSqlSession  - updating: HistoricTaskInstanceEntity[id=894, name=gonzoSubTask1_2]
10:45:10,942 [main] DEBUG org.activiti.engine.impl.persistence.entity.HistoricTaskInstanceEntity.updateHistoricTaskInstance  - ==&gt;  Preparing: update ACT_HI_TASKINST set EXECUTION_ID_ = ?, NAME_ = ?, PARENT_TASK_ID_ = ?, DESCRIPTION_ = ?, OWNER_ = ?, ASSIGNEE_ = ?, CLAIM_TIME_ = ?, END_TIME_ = ?, DURATION_ = ?, DELETE_REASON_ = ?, TASK_DEF_KEY_ = ?, FORM_KEY_ = ?, PRIORITY_ = ?, DUE_DATE_ = ?, CATEGORY_ = ? where ID_ = ? 
10:45:10,942 [main] DEBUG org.activiti.engine.impl.persistence.entity.HistoricTaskInstanceEntity.updateHistoricTaskInstance  - ==&gt; Parameters: null, gonzoSubTask1_2(String), 888(String), description for gonzo sub-task1_2(String), null, gonzo(String), null, null, null, null, null, null, 50(Integer), null, null, 894(String)
10:45:10,942 [main] DEBUG org.activiti.engine.impl.persistence.entity.HistoricTaskInstanceEntity.updateHistoricTaskInstance  - &lt;==    Updates: 1
10:45:10,942 [main] DEBUG org.activiti.engine.impl.cfg.standalone.StandaloneMybatisTransactionContext  - firing event committing...
10:45:10,942 [main] DEBUG org.activiti.engine.impl.cfg.standalone.StandaloneMybatisTransactionContext  - committing the ibatis sql session...
10:45:10,942 [main] DEBUG org.apache.ibatis.transaction.jdbc.JdbcTransaction  - Committing JDBC Connection [conn6: url=jdbc:h2:mem:activiti user=SA]
10:45:10,942 [main] DEBUG org.activiti.engine.impl.cfg.standalone.StandaloneMybatisTransactionContext  - firing event committed...
10:45:10,942 [main] DEBUG org.apache.ibatis.transaction.jdbc.JdbcTransaction  - Resetting autocommit to true on JDBC Connection [conn6: url=jdbc:h2:mem:activiti user=SA]
10:45:10,942 [main] DEBUG org.apache.ibatis.transaction.jdbc.JdbcTransaction  - Closing JDBC Connection [conn6: url=jdbc:h2:mem:activiti user=SA]
10:45:10,942 [main] DEBUG org.apache.ibatis.datasource.pooled.PooledDataSource  - Returned connection 486346394 to pool.
10:45:10,942 [main] DEBUG org.activiti.engine.impl.interceptor.LogInterceptor  - --- AddIdentityLinkCmd finished --------------------------------------------------------
10:45:10,942 [main] DEBUG org.activiti.engine.impl.interceptor.LogInterceptor  - 

10:45:10,942 [main] DEBUG org.activiti.engine.impl.interceptor.LogInterceptor  - 

10:45:10,942 [main] DEBUG org.activiti.engine.impl.interceptor.LogInterceptor  - --- starting NewTaskCmd --------------------------------------------------------
10:45:10,942 [main] DEBUG org.activiti.engine.impl.cfg.standalone.StandaloneMybatisTransactionContext  - firing event committing...
10:45:10,942 [main] DEBUG org.activiti.engine.impl.cfg.standalone.StandaloneMybatisTransactionContext  - committing the ibatis sql session...
10:45:10,942 [main] DEBUG org.activiti.engine.impl.cfg.standalone.StandaloneMybatisTransactionContext  - firing event committed...
10:45:10,942 [main] DEBUG org.activiti.engine.impl.interceptor.LogInterceptor  - --- NewTaskCmd finished --------------------------------------------------------
10:45:10,942 [main] DEBUG org.activiti.engine.impl.interceptor.LogInterceptor  - 

10:45:10,942 [main] DEBUG org.activiti.engine.impl.interceptor.LogInterceptor  - 

10:45:10,942 [main] DEBUG org.activiti.engine.impl.interceptor.LogInterceptor  - --- starting SaveTaskCmd --------------------------------------------------------
10:45:10,942 [main] DEBUG org.activiti.engine.impl.history.DefaultHistoryManager  - Current history level: FULL, level required: AUDIT
10:45:10,942 [main] DEBUG org.activiti.engine.impl.db.DbSqlSession  -   insert Task[id=896, name=gonzoSubTask1_3]
10:45:10,942 [main] DEBUG org.activiti.engine.impl.db.DbSqlSession  -   insert HistoricTaskInstanceEntity[id=896, name=gonzoSubTask1_3]
10:45:10,942 [main] DEBUG org.activiti.engine.impl.db.DbSqlSession  - flush summary: 2 insert, 0 update, 0 delete.
10:45:10,942 [main] DEBUG org.activiti.engine.impl.db.DbSqlSession  - now executing flush...
10:45:10,942 [main] DEBUG org.activiti.engine.impl.db.DbSqlSession  - inserting: HistoricTaskInstanceEntity[id=896, name=gonzoSubTask1_3]
10:45:10,942 [main] DEBUG org.apache.ibatis.transaction.jdbc.JdbcTransaction  - Opening JDBC Connection
10:45:10,942 [main] DEBUG org.apache.ibatis.datasource.pooled.PooledDataSource  - Checked out connection 180014677 from pool.
10:45:10,942 [main] DEBUG org.apache.ibatis.transaction.jdbc.JdbcTransaction  - Setting autocommit to false on JDBC Connection [conn3: url=jdbc:h2:mem:activiti user=SA]
10:45:10,942 [main] DEBUG org.activiti.engine.impl.persistence.entity.HistoricTaskInstanceEntity.insertHistoricTaskInstance  - ==&gt;  Preparing: insert into ACT_HI_TASKINST ( ID_, PROC_DEF_ID_, PROC_INST_ID_, EXECUTION_ID_, NAME_, PARENT_TASK_ID_, DESCRIPTION_, OWNER_, ASSIGNEE_, START_TIME_, CLAIM_TIME_, END_TIME_, DURATION_, DELETE_REASON_, TASK_DEF_KEY_, FORM_KEY_, PRIORITY_, DUE_DATE_, CATEGORY_, TENANT_ID_ ) values ( ?, ?, ?, ?, ?, ?, ?, ?, ?, ?, ?, ?, ?, ?, ?, ?, ?, ?, ?, ? ) 
10:45:10,942 [main] DEBUG org.activiti.engine.impl.persistence.entity.HistoricTaskInstanceEntity.insertHistoricTaskInstance  - ==&gt; Parameters: 896(String), null, null, null, gonzoSubTask1_3(String), 888(String), description for gonzo sub-task1_3(String), null, null, 2009-01-01 01:01:01.0(Timestamp), null, null, null, null, null, null, 50(Integer), null, null, (String)
10:45:10,942 [main] DEBUG org.activiti.engine.impl.persistence.entity.HistoricTaskInstanceEntity.insertHistoricTaskInstance  - &lt;==    Updates: 1
10:45:10,942 [main] DEBUG org.activiti.engine.impl.db.DbSqlSession  - inserting: Task[id=896, name=gonzoSubTask1_3]
10:45:10,942 [main] DEBUG org.activiti.engine.impl.persistence.entity.TaskEntity.insertTask  - ==&gt;  Preparing: insert into ACT_RU_TASK (ID_, REV_, NAME_, PARENT_TASK_ID_, DESCRIPTION_, PRIORITY_, CREATE_TIME_, OWNER_, ASSIGNEE_, DELEGATION_, EXECUTION_ID_, PROC_INST_ID_, PROC_DEF_ID_, TASK_DEF_KEY_, DUE_DATE_, CATEGORY_, SUSPENSION_STATE_, TENANT_ID_, FORM_KEY_) values (?, 1, ?, ?, ?, ?, ?, ?, ?, ?, ?, ?, ?, ?, ?, ?, ?, ?, ? ) 
10:45:10,942 [main] DEBUG org.activiti.engine.impl.persistence.entity.TaskEntity.insertTask  - ==&gt; Parameters: 896(String), gonzoSubTask1_3(String), 888(String), description for gonzo sub-task1_3(String), 50(Integer), 2009-01-01 01:01:01.0(Timestamp), null, null, null, null, null, null, null, null, null, 1(Integer), (String), null
10:45:10,942 [main] DEBUG org.activiti.engine.impl.persistence.entity.TaskEntity.insertTask  - &lt;==    Updates: 1
10:45:10,942 [main] DEBUG org.activiti.engine.impl.cfg.standalone.StandaloneMybatisTransactionContext  - firing event committing...
10:45:10,942 [main] DEBUG org.activiti.engine.impl.cfg.standalone.StandaloneMybatisTransactionContext  - committing the ibatis sql session...
10:45:10,942 [main] DEBUG org.apache.ibatis.transaction.jdbc.JdbcTransaction  - Committing JDBC Connection [conn3: url=jdbc:h2:mem:activiti user=SA]
10:45:10,942 [main] DEBUG org.activiti.engine.impl.cfg.standalone.StandaloneMybatisTransactionContext  - firing event committed...
10:45:10,942 [main] DEBUG org.apache.ibatis.transaction.jdbc.JdbcTransaction  - Resetting autocommit to true on JDBC Connection [conn3: url=jdbc:h2:mem:activiti user=SA]
10:45:10,942 [main] DEBUG org.apache.ibatis.transaction.jdbc.JdbcTransaction  - Closing JDBC Connection [conn3: url=jdbc:h2:mem:activiti user=SA]
10:45:10,942 [main] DEBUG org.apache.ibatis.datasource.pooled.PooledDataSource  - Returned connection 180014677 to pool.
10:45:10,942 [main] DEBUG org.activiti.engine.impl.interceptor.LogInterceptor  - --- SaveTaskCmd finished --------------------------------------------------------
10:45:10,942 [main] DEBUG org.activiti.engine.impl.interceptor.LogInterceptor  - 

10:45:10,942 [main] DEBUG org.activiti.engine.impl.interceptor.LogInterceptor  - 

10:45:10,942 [main] DEBUG org.activiti.engine.impl.interceptor.LogInterceptor  - --- starting AddIdentityLinkCmd --------------------------------------------------------
10:45:10,942 [main] DEBUG org.apache.ibatis.transaction.jdbc.JdbcTransaction  - Opening JDBC Connection
10:45:10,942 [main] DEBUG org.apache.ibatis.datasource.pooled.PooledDataSource  - Checked out connection 363509958 from pool.
10:45:10,942 [main] DEBUG org.apache.ibatis.transaction.jdbc.JdbcTransaction  - Setting autocommit to false on JDBC Connection [conn2: url=jdbc:h2:mem:activiti user=SA]
10:45:10,942 [main] DEBUG org.activiti.engine.impl.persistence.entity.TaskEntity.selectTask  - ==&gt;  Preparing: select * from ACT_RU_TASK where ID_ = ? 
10:45:10,942 [main] DEBUG org.activiti.engine.impl.persistence.entity.TaskEntity.selectTask  - ==&gt; Parameters: 896(String)
10:45:10,943 [main] DEBUG org.activiti.engine.impl.persistence.entity.TaskEntity.selectTask  - &lt;==      Total: 1
10:45:10,943 [main] DEBUG org.activiti.engine.impl.history.DefaultHistoryManager  - Current history level: FULL, level required: AUDIT
10:45:10,943 [main] DEBUG org.activiti.engine.impl.persistence.entity.HistoricTaskInstanceEntity.selectHistoricTaskInstance  - ==&gt;  Preparing: select * from ACT_HI_TASKINST where ID_ = ? 
10:45:10,943 [main] DEBUG org.activiti.engine.impl.persistence.entity.HistoricTaskInstanceEntity.selectHistoricTaskInstance  - ==&gt; Parameters: 896(String)
10:45:10,943 [main] DEBUG org.activiti.engine.impl.persistence.entity.HistoricTaskInstanceEntity.selectHistoricTaskInstance  - &lt;==      Total: 1
10:45:10,943 [main] DEBUG org.activiti.engine.impl.history.DefaultHistoryManager  - Current history level: FULL
10:45:10,943 [main] DEBUG org.activiti.engine.impl.history.DefaultHistoryManager  - Current history level: FULL
10:45:10,943 [main] DEBUG org.activiti.engine.impl.db.DbSqlSession  -   insert org.activiti.engine.impl.persistence.entity.CommentEntity@56511eda
10:45:10,943 [main] DEBUG org.activiti.engine.impl.db.DbSqlSession  -   update Task[id=896, name=gonzoSubTask1_3]
10:45:10,943 [main] DEBUG org.activiti.engine.impl.db.DbSqlSession  -   update HistoricTaskInstanceEntity[id=896, name=gonzoSubTask1_3]
10:45:10,943 [main] DEBUG org.activiti.engine.impl.db.DbSqlSession  - flush summary: 1 insert, 2 update, 0 delete.
10:45:10,943 [main] DEBUG org.activiti.engine.impl.db.DbSqlSession  - now executing flush...
10:45:10,943 [main] DEBUG org.activiti.engine.impl.db.DbSqlSession  - inserting: org.activiti.engine.impl.persistence.entity.CommentEntity@56511eda
10:45:10,943 [main] DEBUG org.activiti.engine.impl.persistence.entity.CommentEntity.insertComment  - ==&gt;  Preparing: insert into ACT_HI_COMMENT (ID_, TYPE_, TIME_, USER_ID_, TASK_ID_, PROC_INST_ID_, ACTION_, MESSAGE_, FULL_MSG_) values (?, ?, ?, ?, ?, ?, ?, ?, ?) 
10:45:10,943 [main] DEBUG org.activiti.engine.impl.persistence.entity.CommentEntity.insertComment  - ==&gt; Parameters: 897(String), event(String), 2009-01-01 01:01:01.0(Timestamp), null, 896(String), null, AddUserLink(String), gonzo_|_assignee(String), null
10:45:10,943 [main] DEBUG org.activiti.engine.impl.persistence.entity.CommentEntity.insertComment  - &lt;==    Updates: 1
10:45:10,943 [main] DEBUG org.activiti.engine.impl.db.DbSqlSession  - updating: Task[id=896, name=gonzoSubTask1_3]
10:45:10,943 [main] DEBUG org.activiti.engine.impl.persistence.entity.TaskEntity.updateTask  - ==&gt;  Preparing: update ACT_RU_TASK SET REV_ = ?, NAME_ = ?, PARENT_TASK_ID_ = ?, PRIORITY_ = ?, CREATE_TIME_ = ?, OWNER_ = ?, ASSIGNEE_ = ?, DELEGATION_ = ?, EXECUTION_ID_ = ?, PROC_DEF_ID_ = ?, DESCRIPTION_ = ?, DUE_DATE_ = ?, CATEGORY_ = ?, SUSPENSION_STATE_ = ?, FORM_KEY_ = ? where ID_= ? and REV_ = ? 
10:45:10,943 [main] DEBUG org.activiti.engine.impl.persistence.entity.TaskEntity.updateTask  - ==&gt; Parameters: 2(Integer), gonzoSubTask1_3(String), 888(String), 50(Integer), 2009-01-01 01:01:01.0(Timestamp), null, gonzo(String), null, null, null, description for gonzo sub-task1_3(String), null, null, 1(Integer), null, 896(String), 1(Integer)
10:45:10,943 [main] DEBUG org.activiti.engine.impl.persistence.entity.TaskEntity.updateTask  - &lt;==    Updates: 1
10:45:10,943 [main] DEBUG org.activiti.engine.impl.db.DbSqlSession  - updating: HistoricTaskInstanceEntity[id=896, name=gonzoSubTask1_3]
10:45:10,943 [main] DEBUG org.activiti.engine.impl.persistence.entity.HistoricTaskInstanceEntity.updateHistoricTaskInstance  - ==&gt;  Preparing: update ACT_HI_TASKINST set EXECUTION_ID_ = ?, NAME_ = ?, PARENT_TASK_ID_ = ?, DESCRIPTION_ = ?, OWNER_ = ?, ASSIGNEE_ = ?, CLAIM_TIME_ = ?, END_TIME_ = ?, DURATION_ = ?, DELETE_REASON_ = ?, TASK_DEF_KEY_ = ?, FORM_KEY_ = ?, PRIORITY_ = ?, DUE_DATE_ = ?, CATEGORY_ = ? where ID_ = ? 
10:45:10,943 [main] DEBUG org.activiti.engine.impl.persistence.entity.HistoricTaskInstanceEntity.updateHistoricTaskInstance  - ==&gt; Parameters: null, gonzoSubTask1_3(String), 888(String), description for gonzo sub-task1_3(String), null, gonzo(String), null, null, null, null, null, null, 50(Integer), null, null, 896(String)
10:45:10,943 [main] DEBUG org.activiti.engine.impl.persistence.entity.HistoricTaskInstanceEntity.updateHistoricTaskInstance  - &lt;==    Updates: 1
10:45:10,943 [main] DEBUG org.activiti.engine.impl.cfg.standalone.StandaloneMybatisTransactionContext  - firing event committing...
10:45:10,943 [main] DEBUG org.activiti.engine.impl.cfg.standalone.StandaloneMybatisTransactionContext  - committing the ibatis sql session...
10:45:10,943 [main] DEBUG org.apache.ibatis.transaction.jdbc.JdbcTransaction  - Committing JDBC Connection [conn2: url=jdbc:h2:mem:activiti user=SA]
10:45:10,943 [main] DEBUG org.activiti.engine.impl.cfg.standalone.StandaloneMybatisTransactionContext  - firing event committed...
10:45:10,943 [main] DEBUG org.apache.ibatis.transaction.jdbc.JdbcTransaction  - Resetting autocommit to true on JDBC Connection [conn2: url=jdbc:h2:mem:activiti user=SA]
10:45:10,943 [main] DEBUG org.apache.ibatis.transaction.jdbc.JdbcTransaction  - Closing JDBC Connection [conn2: url=jdbc:h2:mem:activiti user=SA]
10:45:10,943 [main] DEBUG org.apache.ibatis.datasource.pooled.PooledDataSource  - Returned connection 363509958 to pool.
10:45:10,943 [main] DEBUG org.activiti.engine.impl.interceptor.LogInterceptor  - --- AddIdentityLinkCmd finished --------------------------------------------------------
10:45:10,943 [main] DEBUG org.activiti.engine.impl.interceptor.LogInterceptor  - 

10:45:10,943 [main] DEBUG org.activiti.engine.impl.interceptor.LogInterceptor  - 

10:45:10,943 [main] DEBUG org.activiti.engine.impl.interceptor.LogInterceptor  - --- starting NewTaskCmd --------------------------------------------------------
10:45:10,943 [main] DEBUG org.activiti.engine.impl.cfg.standalone.StandaloneMybatisTransactionContext  - firing event committing...
10:45:10,943 [main] DEBUG org.activiti.engine.impl.cfg.standalone.StandaloneMybatisTransactionContext  - committing the ibatis sql session...
10:45:10,943 [main] DEBUG org.activiti.engine.impl.cfg.standalone.StandaloneMybatisTransactionContext  - firing event committed...
10:45:10,943 [main] DEBUG org.activiti.engine.impl.interceptor.LogInterceptor  - --- NewTaskCmd finished --------------------------------------------------------
10:45:10,943 [main] DEBUG org.activiti.engine.impl.interceptor.LogInterceptor  - 

10:45:10,943 [main] DEBUG org.activiti.engine.impl.interceptor.LogInterceptor  - 

10:45:10,943 [main] DEBUG org.activiti.engine.impl.interceptor.LogInterceptor  - --- starting SaveTaskCmd --------------------------------------------------------
10:45:10,943 [main] DEBUG org.activiti.engine.impl.history.DefaultHistoryManager  - Current history level: FULL, level required: AUDIT
10:45:10,943 [main] DEBUG org.activiti.engine.impl.db.DbSqlSession  -   insert Task[id=898, name=gonzoSubTask2_1]
10:45:10,943 [main] DEBUG org.activiti.engine.impl.db.DbSqlSession  -   insert HistoricTaskInstanceEntity[id=898, name=gonzoSubTask2_1]
10:45:10,943 [main] DEBUG org.activiti.engine.impl.db.DbSqlSession  - flush summary: 2 insert, 0 update, 0 delete.
10:45:10,943 [main] DEBUG org.activiti.engine.impl.db.DbSqlSession  - now executing flush...
10:45:10,943 [main] DEBUG org.activiti.engine.impl.db.DbSqlSession  - inserting: HistoricTaskInstanceEntity[id=898, name=gonzoSubTask2_1]
10:45:10,943 [main] DEBUG org.apache.ibatis.transaction.jdbc.JdbcTransaction  - Opening JDBC Connection
10:45:10,943 [main] DEBUG org.apache.ibatis.datasource.pooled.PooledDataSource  - Checked out connection 297240765 from pool.
10:45:10,943 [main] DEBUG org.apache.ibatis.transaction.jdbc.JdbcTransaction  - Setting autocommit to false on JDBC Connection [conn4: url=jdbc:h2:mem:activiti user=SA]
10:45:10,943 [main] DEBUG org.activiti.engine.impl.persistence.entity.HistoricTaskInstanceEntity.insertHistoricTaskInstance  - ==&gt;  Preparing: insert into ACT_HI_TASKINST ( ID_, PROC_DEF_ID_, PROC_INST_ID_, EXECUTION_ID_, NAME_, PARENT_TASK_ID_, DESCRIPTION_, OWNER_, ASSIGNEE_, START_TIME_, CLAIM_TIME_, END_TIME_, DURATION_, DELETE_REASON_, TASK_DEF_KEY_, FORM_KEY_, PRIORITY_, DUE_DATE_, CATEGORY_, TENANT_ID_ ) values ( ?, ?, ?, ?, ?, ?, ?, ?, ?, ?, ?, ?, ?, ?, ?, ?, ?, ?, ?, ? ) 
10:45:10,943 [main] DEBUG org.activiti.engine.impl.persistence.entity.HistoricTaskInstanceEntity.insertHistoricTaskInstance  - ==&gt; Parameters: 898(String), null, null, null, gonzoSubTask2_1(String), 890(String), description for gonzo sub-task2_1(String), null, null, 2009-01-02 01:01:01.0(Timestamp), null, null, null, null, null, null, 50(Integer), null, null, (String)
10:45:10,943 [main] DEBUG org.activiti.engine.impl.persistence.entity.HistoricTaskInstanceEntity.insertHistoricTaskInstance  - &lt;==    Updates: 1
10:45:10,943 [main] DEBUG org.activiti.engine.impl.db.DbSqlSession  - inserting: Task[id=898, name=gonzoSubTask2_1]
10:45:10,943 [main] DEBUG org.activiti.engine.impl.persistence.entity.TaskEntity.insertTask  - ==&gt;  Preparing: insert into ACT_RU_TASK (ID_, REV_, NAME_, PARENT_TASK_ID_, DESCRIPTION_, PRIORITY_, CREATE_TIME_, OWNER_, ASSIGNEE_, DELEGATION_, EXECUTION_ID_, PROC_INST_ID_, PROC_DEF_ID_, TASK_DEF_KEY_, DUE_DATE_, CATEGORY_, SUSPENSION_STATE_, TENANT_ID_, FORM_KEY_) values (?, 1, ?, ?, ?, ?, ?, ?, ?, ?, ?, ?, ?, ?, ?, ?, ?, ?, ? ) 
10:45:10,943 [main] DEBUG org.activiti.engine.impl.persistence.entity.TaskEntity.insertTask  - ==&gt; Parameters: 898(String), gonzoSubTask2_1(String), 890(String), description for gonzo sub-task2_1(String), 50(Integer), 2009-01-02 01:01:01.0(Timestamp), null, null, null, null, null, null, null, null, null, 1(Integer), (String), null
10:45:10,943 [main] DEBUG org.activiti.engine.impl.persistence.entity.TaskEntity.insertTask  - &lt;==    Updates: 1
10:45:10,943 [main] DEBUG org.activiti.engine.impl.cfg.standalone.StandaloneMybatisTransactionContext  - firing event committing...
10:45:10,943 [main] DEBUG org.activiti.engine.impl.cfg.standalone.StandaloneMybatisTransactionContext  - committing the ibatis sql session...
10:45:10,943 [main] DEBUG org.apache.ibatis.transaction.jdbc.JdbcTransaction  - Committing JDBC Connection [conn4: url=jdbc:h2:mem:activiti user=SA]
10:45:10,943 [main] DEBUG org.activiti.engine.impl.cfg.standalone.StandaloneMybatisTransactionContext  - firing event committed...
10:45:10,943 [main] DEBUG org.apache.ibatis.transaction.jdbc.JdbcTransaction  - Resetting autocommit to true on JDBC Connection [conn4: url=jdbc:h2:mem:activiti user=SA]
10:45:10,943 [main] DEBUG org.apache.ibatis.transaction.jdbc.JdbcTransaction  - Closing JDBC Connection [conn4: url=jdbc:h2:mem:activiti user=SA]
10:45:10,943 [main] DEBUG org.apache.ibatis.datasource.pooled.PooledDataSource  - Returned connection 297240765 to pool.
10:45:10,943 [main] DEBUG org.activiti.engine.impl.interceptor.LogInterceptor  - --- SaveTaskCmd finished --------------------------------------------------------
10:45:10,943 [main] DEBUG org.activiti.engine.impl.interceptor.LogInterceptor  - 

10:45:10,943 [main] DEBUG org.activiti.engine.impl.interceptor.LogInterceptor  - 

10:45:10,943 [main] DEBUG org.activiti.engine.impl.interceptor.LogInterceptor  - --- starting AddIdentityLinkCmd --------------------------------------------------------
10:45:10,943 [main] DEBUG org.apache.ibatis.transaction.jdbc.JdbcTransaction  - Opening JDBC Connection
10:45:10,943 [main] DEBUG org.apache.ibatis.datasource.pooled.PooledDataSource  - Checked out connection 486346394 from pool.
10:45:10,943 [main] DEBUG org.apache.ibatis.transaction.jdbc.JdbcTransaction  - Setting autocommit to false on JDBC Connection [conn6: url=jdbc:h2:mem:activiti user=SA]
10:45:10,943 [main] DEBUG org.activiti.engine.impl.persistence.entity.TaskEntity.selectTask  - ==&gt;  Preparing: select * from ACT_RU_TASK where ID_ = ? 
10:45:10,943 [main] DEBUG org.activiti.engine.impl.persistence.entity.TaskEntity.selectTask  - ==&gt; Parameters: 898(String)
10:45:10,943 [main] DEBUG org.activiti.engine.impl.persistence.entity.TaskEntity.selectTask  - &lt;==      Total: 1
10:45:10,943 [main] DEBUG org.activiti.engine.impl.history.DefaultHistoryManager  - Current history level: FULL, level required: AUDIT
10:45:10,943 [main] DEBUG org.activiti.engine.impl.persistence.entity.HistoricTaskInstanceEntity.selectHistoricTaskInstance  - ==&gt;  Preparing: select * from ACT_HI_TASKINST where ID_ = ? 
10:45:10,943 [main] DEBUG org.activiti.engine.impl.persistence.entity.HistoricTaskInstanceEntity.selectHistoricTaskInstance  - ==&gt; Parameters: 898(String)
10:45:10,943 [main] DEBUG org.activiti.engine.impl.persistence.entity.HistoricTaskInstanceEntity.selectHistoricTaskInstance  - &lt;==      Total: 1
10:45:10,943 [main] DEBUG org.activiti.engine.impl.history.DefaultHistoryManager  - Current history level: FULL
10:45:10,943 [main] DEBUG org.activiti.engine.impl.history.DefaultHistoryManager  - Current history level: FULL
10:45:10,943 [main] DEBUG org.activiti.engine.impl.db.DbSqlSession  -   insert org.activiti.engine.impl.persistence.entity.CommentEntity@303a484e
10:45:10,943 [main] DEBUG org.activiti.engine.impl.db.DbSqlSession  -   update Task[id=898, name=gonzoSubTask2_1]
10:45:10,943 [main] DEBUG org.activiti.engine.impl.db.DbSqlSession  -   update HistoricTaskInstanceEntity[id=898, name=gonzoSubTask2_1]
10:45:10,943 [main] DEBUG org.activiti.engine.impl.db.DbSqlSession  - flush summary: 1 insert, 2 update, 0 delete.
10:45:10,943 [main] DEBUG org.activiti.engine.impl.db.DbSqlSession  - now executing flush...
10:45:10,943 [main] DEBUG org.activiti.engine.impl.db.DbSqlSession  - inserting: org.activiti.engine.impl.persistence.entity.CommentEntity@303a484e
10:45:10,943 [main] DEBUG org.activiti.engine.impl.persistence.entity.CommentEntity.insertComment  - ==&gt;  Preparing: insert into ACT_HI_COMMENT (ID_, TYPE_, TIME_, USER_ID_, TASK_ID_, PROC_INST_ID_, ACTION_, MESSAGE_, FULL_MSG_) values (?, ?, ?, ?, ?, ?, ?, ?, ?) 
10:45:10,944 [main] DEBUG org.activiti.engine.impl.persistence.entity.CommentEntity.insertComment  - ==&gt; Parameters: 899(String), event(String), 2009-01-02 01:01:01.0(Timestamp), null, 898(String), null, AddUserLink(String), gonzo_|_assignee(String), null
10:45:10,944 [main] DEBUG org.activiti.engine.impl.persistence.entity.CommentEntity.insertComment  - &lt;==    Updates: 1
10:45:10,944 [main] DEBUG org.activiti.engine.impl.db.DbSqlSession  - updating: Task[id=898, name=gonzoSubTask2_1]
10:45:10,944 [main] DEBUG org.activiti.engine.impl.persistence.entity.TaskEntity.updateTask  - ==&gt;  Preparing: update ACT_RU_TASK SET REV_ = ?, NAME_ = ?, PARENT_TASK_ID_ = ?, PRIORITY_ = ?, CREATE_TIME_ = ?, OWNER_ = ?, ASSIGNEE_ = ?, DELEGATION_ = ?, EXECUTION_ID_ = ?, PROC_DEF_ID_ = ?, DESCRIPTION_ = ?, DUE_DATE_ = ?, CATEGORY_ = ?, SUSPENSION_STATE_ = ?, FORM_KEY_ = ? where ID_= ? and REV_ = ? 
10:45:10,944 [main] DEBUG org.activiti.engine.impl.persistence.entity.TaskEntity.updateTask  - ==&gt; Parameters: 2(Integer), gonzoSubTask2_1(String), 890(String), 50(Integer), 2009-01-02 01:01:01.0(Timestamp), null, gonzo(String), null, null, null, description for gonzo sub-task2_1(String), null, null, 1(Integer), null, 898(String), 1(Integer)
10:45:10,944 [main] DEBUG org.activiti.engine.impl.persistence.entity.TaskEntity.updateTask  - &lt;==    Updates: 1
10:45:10,944 [main] DEBUG org.activiti.engine.impl.db.DbSqlSession  - updating: HistoricTaskInstanceEntity[id=898, name=gonzoSubTask2_1]
10:45:10,944 [main] DEBUG org.activiti.engine.impl.persistence.entity.HistoricTaskInstanceEntity.updateHistoricTaskInstance  - ==&gt;  Preparing: update ACT_HI_TASKINST set EXECUTION_ID_ = ?, NAME_ = ?, PARENT_TASK_ID_ = ?, DESCRIPTION_ = ?, OWNER_ = ?, ASSIGNEE_ = ?, CLAIM_TIME_ = ?, END_TIME_ = ?, DURATION_ = ?, DELETE_REASON_ = ?, TASK_DEF_KEY_ = ?, FORM_KEY_ = ?, PRIORITY_ = ?, DUE_DATE_ = ?, CATEGORY_ = ? where ID_ = ? 
10:45:10,944 [main] DEBUG org.activiti.engine.impl.persistence.entity.HistoricTaskInstanceEntity.updateHistoricTaskInstance  - ==&gt; Parameters: null, gonzoSubTask2_1(String), 890(String), description for gonzo sub-task2_1(String), null, gonzo(String), null, null, null, null, null, null, 50(Integer), null, null, 898(String)
10:45:10,944 [main] DEBUG org.activiti.engine.impl.persistence.entity.HistoricTaskInstanceEntity.updateHistoricTaskInstance  - &lt;==    Updates: 1
10:45:10,944 [main] DEBUG org.activiti.engine.impl.cfg.standalone.StandaloneMybatisTransactionContext  - firing event committing...
10:45:10,944 [main] DEBUG org.activiti.engine.impl.cfg.standalone.StandaloneMybatisTransactionContext  - committing the ibatis sql session...
10:45:10,944 [main] DEBUG org.apache.ibatis.transaction.jdbc.JdbcTransaction  - Committing JDBC Connection [conn6: url=jdbc:h2:mem:activiti user=SA]
10:45:10,944 [main] DEBUG org.activiti.engine.impl.cfg.standalone.StandaloneMybatisTransactionContext  - firing event committed...
10:45:10,944 [main] DEBUG org.apache.ibatis.transaction.jdbc.JdbcTransaction  - Resetting autocommit to true on JDBC Connection [conn6: url=jdbc:h2:mem:activiti user=SA]
10:45:10,944 [main] DEBUG org.apache.ibatis.transaction.jdbc.JdbcTransaction  - Closing JDBC Connection [conn6: url=jdbc:h2:mem:activiti user=SA]
10:45:10,944 [main] DEBUG org.apache.ibatis.datasource.pooled.PooledDataSource  - Returned connection 486346394 to pool.
10:45:10,944 [main] DEBUG org.activiti.engine.impl.interceptor.LogInterceptor  - --- AddIdentityLinkCmd finished --------------------------------------------------------
10:45:10,944 [main] DEBUG org.activiti.engine.impl.interceptor.LogInterceptor  - 

10:45:10,944 [main] DEBUG org.activiti.engine.impl.interceptor.LogInterceptor  - 

10:45:10,944 [main] DEBUG org.activiti.engine.impl.interceptor.LogInterceptor  - --- starting NewTaskCmd --------------------------------------------------------
10:45:10,944 [main] DEBUG org.activiti.engine.impl.cfg.standalone.StandaloneMybatisTransactionContext  - firing event committing...
10:45:10,944 [main] DEBUG org.activiti.engine.impl.cfg.standalone.StandaloneMybatisTransactionContext  - committing the ibatis sql session...
10:45:10,944 [main] DEBUG org.activiti.engine.impl.cfg.standalone.StandaloneMybatisTransactionContext  - firing event committed...
10:45:10,944 [main] DEBUG org.activiti.engine.impl.interceptor.LogInterceptor  - --- NewTaskCmd finished --------------------------------------------------------
10:45:10,944 [main] DEBUG org.activiti.engine.impl.interceptor.LogInterceptor  - 

10:45:10,944 [main] DEBUG org.activiti.engine.impl.interceptor.LogInterceptor  - 

10:45:10,944 [main] DEBUG org.activiti.engine.impl.interceptor.LogInterceptor  - --- starting SaveTaskCmd --------------------------------------------------------
10:45:10,944 [main] DEBUG org.activiti.engine.impl.history.DefaultHistoryManager  - Current history level: FULL, level required: AUDIT
10:45:10,944 [main] DEBUG org.activiti.engine.impl.db.DbSqlSession  -   insert Task[id=900, name=gonzoSubTask2_2]
10:45:10,944 [main] DEBUG org.activiti.engine.impl.db.DbSqlSession  -   insert HistoricTaskInstanceEntity[id=900, name=gonzoSubTask2_2]
10:45:10,944 [main] DEBUG org.activiti.engine.impl.db.DbSqlSession  - flush summary: 2 insert, 0 update, 0 delete.
10:45:10,944 [main] DEBUG org.activiti.engine.impl.db.DbSqlSession  - now executing flush...
10:45:10,944 [main] DEBUG org.activiti.engine.impl.db.DbSqlSession  - inserting: HistoricTaskInstanceEntity[id=900, name=gonzoSubTask2_2]
10:45:10,944 [main] DEBUG org.apache.ibatis.transaction.jdbc.JdbcTransaction  - Opening JDBC Connection
10:45:10,944 [main] DEBUG org.apache.ibatis.datasource.pooled.PooledDataSource  - Checked out connection 180014677 from pool.
10:45:10,944 [main] DEBUG org.apache.ibatis.transaction.jdbc.JdbcTransaction  - Setting autocommit to false on JDBC Connection [conn3: url=jdbc:h2:mem:activiti user=SA]
10:45:10,944 [main] DEBUG org.activiti.engine.impl.persistence.entity.HistoricTaskInstanceEntity.insertHistoricTaskInstance  - ==&gt;  Preparing: insert into ACT_HI_TASKINST ( ID_, PROC_DEF_ID_, PROC_INST_ID_, EXECUTION_ID_, NAME_, PARENT_TASK_ID_, DESCRIPTION_, OWNER_, ASSIGNEE_, START_TIME_, CLAIM_TIME_, END_TIME_, DURATION_, DELETE_REASON_, TASK_DEF_KEY_, FORM_KEY_, PRIORITY_, DUE_DATE_, CATEGORY_, TENANT_ID_ ) values ( ?, ?, ?, ?, ?, ?, ?, ?, ?, ?, ?, ?, ?, ?, ?, ?, ?, ?, ?, ? ) 
10:45:10,944 [main] DEBUG org.activiti.engine.impl.persistence.entity.HistoricTaskInstanceEntity.insertHistoricTaskInstance  - ==&gt; Parameters: 900(String), null, null, null, gonzoSubTask2_2(String), 890(String), description for gonzo sub-task2_2(String), null, null, 2009-01-02 01:01:01.0(Timestamp), null, null, null, null, null, null, 50(Integer), null, null, (String)
10:45:10,944 [main] DEBUG org.activiti.engine.impl.persistence.entity.HistoricTaskInstanceEntity.insertHistoricTaskInstance  - &lt;==    Updates: 1
10:45:10,944 [main] DEBUG org.activiti.engine.impl.db.DbSqlSession  - inserting: Task[id=900, name=gonzoSubTask2_2]
10:45:10,944 [main] DEBUG org.activiti.engine.impl.persistence.entity.TaskEntity.insertTask  - ==&gt;  Preparing: insert into ACT_RU_TASK (ID_, REV_, NAME_, PARENT_TASK_ID_, DESCRIPTION_, PRIORITY_, CREATE_TIME_, OWNER_, ASSIGNEE_, DELEGATION_, EXECUTION_ID_, PROC_INST_ID_, PROC_DEF_ID_, TASK_DEF_KEY_, DUE_DATE_, CATEGORY_, SUSPENSION_STATE_, TENANT_ID_, FORM_KEY_) values (?, 1, ?, ?, ?, ?, ?, ?, ?, ?, ?, ?, ?, ?, ?, ?, ?, ?, ? ) 
10:45:10,944 [main] DEBUG org.activiti.engine.impl.persistence.entity.TaskEntity.insertTask  - ==&gt; Parameters: 900(String), gonzoSubTask2_2(String), 890(String), description for gonzo sub-task2_2(String), 50(Integer), 2009-01-02 01:01:01.0(Timestamp), null, null, null, null, null, null, null, null, null, 1(Integer), (String), null
10:45:10,944 [main] DEBUG org.activiti.engine.impl.persistence.entity.TaskEntity.insertTask  - &lt;==    Updates: 1
10:45:10,944 [main] DEBUG org.activiti.engine.impl.cfg.standalone.StandaloneMybatisTransactionContext  - firing event committing...
10:45:10,944 [main] DEBUG org.activiti.engine.impl.cfg.standalone.StandaloneMybatisTransactionContext  - committing the ibatis sql session...
10:45:10,944 [main] DEBUG org.apache.ibatis.transaction.jdbc.JdbcTransaction  - Committing JDBC Connection [conn3: url=jdbc:h2:mem:activiti user=SA]
10:45:10,944 [main] DEBUG org.activiti.engine.impl.cfg.standalone.StandaloneMybatisTransactionContext  - firing event committed...
10:45:10,944 [main] DEBUG org.apache.ibatis.transaction.jdbc.JdbcTransaction  - Resetting autocommit to true on JDBC Connection [conn3: url=jdbc:h2:mem:activiti user=SA]
10:45:10,944 [main] DEBUG org.apache.ibatis.transaction.jdbc.JdbcTransaction  - Closing JDBC Connection [conn3: url=jdbc:h2:mem:activiti user=SA]
10:45:10,944 [main] DEBUG org.apache.ibatis.datasource.pooled.PooledDataSource  - Returned connection 180014677 to pool.
10:45:10,944 [main] DEBUG org.activiti.engine.impl.interceptor.LogInterceptor  - --- SaveTaskCmd finished --------------------------------------------------------
10:45:10,944 [main] DEBUG org.activiti.engine.impl.interceptor.LogInterceptor  - 

10:45:10,944 [main] DEBUG org.activiti.engine.impl.interceptor.LogInterceptor  - 

10:45:10,944 [main] DEBUG org.activiti.engine.impl.interceptor.LogInterceptor  - --- starting AddIdentityLinkCmd --------------------------------------------------------
10:45:10,944 [main] DEBUG org.apache.ibatis.transaction.jdbc.JdbcTransaction  - Opening JDBC Connection
10:45:10,944 [main] DEBUG org.apache.ibatis.datasource.pooled.PooledDataSource  - Checked out connection 363509958 from pool.
10:45:10,944 [main] DEBUG org.apache.ibatis.transaction.jdbc.JdbcTransaction  - Setting autocommit to false on JDBC Connection [conn2: url=jdbc:h2:mem:activiti user=SA]
10:45:10,944 [main] DEBUG org.activiti.engine.impl.persistence.entity.TaskEntity.selectTask  - ==&gt;  Preparing: select * from ACT_RU_TASK where ID_ = ? 
10:45:10,944 [main] DEBUG org.activiti.engine.impl.persistence.entity.TaskEntity.selectTask  - ==&gt; Parameters: 900(String)
10:45:10,944 [main] DEBUG org.activiti.engine.impl.persistence.entity.TaskEntity.selectTask  - &lt;==      Total: 1
10:45:10,944 [main] DEBUG org.activiti.engine.impl.history.DefaultHistoryManager  - Current history level: FULL, level required: AUDIT
10:45:10,944 [main] DEBUG org.activiti.engine.impl.persistence.entity.HistoricTaskInstanceEntity.selectHistoricTaskInstance  - ==&gt;  Preparing: select * from ACT_HI_TASKINST where ID_ = ? 
10:45:10,944 [main] DEBUG org.activiti.engine.impl.persistence.entity.HistoricTaskInstanceEntity.selectHistoricTaskInstance  - ==&gt; Parameters: 900(String)
10:45:10,944 [main] DEBUG org.activiti.engine.impl.persistence.entity.HistoricTaskInstanceEntity.selectHistoricTaskInstance  - &lt;==      Total: 1
10:45:10,944 [main] DEBUG org.activiti.engine.impl.history.DefaultHistoryManager  - Current history level: FULL
10:45:10,944 [main] DEBUG org.activiti.engine.impl.history.DefaultHistoryManager  - Current history level: FULL
10:45:10,944 [main] DEBUG org.activiti.engine.impl.db.DbSqlSession  -   insert org.activiti.engine.impl.persistence.entity.CommentEntity@760f4310
10:45:10,944 [main] DEBUG org.activiti.engine.impl.db.DbSqlSession  -   update Task[id=900, name=gonzoSubTask2_2]
10:45:10,944 [main] DEBUG org.activiti.engine.impl.db.DbSqlSession  -   update HistoricTaskInstanceEntity[id=900, name=gonzoSubTask2_2]
10:45:10,944 [main] DEBUG org.activiti.engine.impl.db.DbSqlSession  - flush summary: 1 insert, 2 update, 0 delete.
10:45:10,944 [main] DEBUG org.activiti.engine.impl.db.DbSqlSession  - now executing flush...
10:45:10,944 [main] DEBUG org.activiti.engine.impl.db.DbSqlSession  - inserting: org.activiti.engine.impl.persistence.entity.CommentEntity@760f4310
10:45:10,944 [main] DEBUG org.activiti.engine.impl.persistence.entity.CommentEntity.insertComment  - ==&gt;  Preparing: insert into ACT_HI_COMMENT (ID_, TYPE_, TIME_, USER_ID_, TASK_ID_, PROC_INST_ID_, ACTION_, MESSAGE_, FULL_MSG_) values (?, ?, ?, ?, ?, ?, ?, ?, ?) 
10:45:10,944 [main] DEBUG org.activiti.engine.impl.persistence.entity.CommentEntity.insertComment  - ==&gt; Parameters: 901(String), event(String), 2009-01-02 01:01:01.0(Timestamp), null, 900(String), null, AddUserLink(String), gonzo_|_assignee(String), null
10:45:10,944 [main] DEBUG org.activiti.engine.impl.persistence.entity.CommentEntity.insertComment  - &lt;==    Updates: 1
10:45:10,944 [main] DEBUG org.activiti.engine.impl.db.DbSqlSession  - updating: Task[id=900, name=gonzoSubTask2_2]
10:45:10,944 [main] DEBUG org.activiti.engine.impl.persistence.entity.TaskEntity.updateTask  - ==&gt;  Preparing: update ACT_RU_TASK SET REV_ = ?, NAME_ = ?, PARENT_TASK_ID_ = ?, PRIORITY_ = ?, CREATE_TIME_ = ?, OWNER_ = ?, ASSIGNEE_ = ?, DELEGATION_ = ?, EXECUTION_ID_ = ?, PROC_DEF_ID_ = ?, DESCRIPTION_ = ?, DUE_DATE_ = ?, CATEGORY_ = ?, SUSPENSION_STATE_ = ?, FORM_KEY_ = ? where ID_= ? and REV_ = ? 
10:45:10,944 [main] DEBUG org.activiti.engine.impl.persistence.entity.TaskEntity.updateTask  - ==&gt; Parameters: 2(Integer), gonzoSubTask2_2(String), 890(String), 50(Integer), 2009-01-02 01:01:01.0(Timestamp), null, gonzo(String), null, null, null, description for gonzo sub-task2_2(String), null, null, 1(Integer), null, 900(String), 1(Integer)
10:45:10,945 [main] DEBUG org.activiti.engine.impl.persistence.entity.TaskEntity.updateTask  - &lt;==    Updates: 1
10:45:10,945 [main] DEBUG org.activiti.engine.impl.db.DbSqlSession  - updating: HistoricTaskInstanceEntity[id=900, name=gonzoSubTask2_2]
10:45:10,945 [main] DEBUG org.activiti.engine.impl.persistence.entity.HistoricTaskInstanceEntity.updateHistoricTaskInstance  - ==&gt;  Preparing: update ACT_HI_TASKINST set EXECUTION_ID_ = ?, NAME_ = ?, PARENT_TASK_ID_ = ?, DESCRIPTION_ = ?, OWNER_ = ?, ASSIGNEE_ = ?, CLAIM_TIME_ = ?, END_TIME_ = ?, DURATION_ = ?, DELETE_REASON_ = ?, TASK_DEF_KEY_ = ?, FORM_KEY_ = ?, PRIORITY_ = ?, DUE_DATE_ = ?, CATEGORY_ = ? where ID_ = ? 
10:45:10,945 [main] DEBUG org.activiti.engine.impl.persistence.entity.HistoricTaskInstanceEntity.updateHistoricTaskInstance  - ==&gt; Parameters: null, gonzoSubTask2_2(String), 890(String), description for gonzo sub-task2_2(String), null, gonzo(String), null, null, null, null, null, null, 50(Integer), null, null, 900(String)
10:45:10,945 [main] DEBUG org.activiti.engine.impl.persistence.entity.HistoricTaskInstanceEntity.updateHistoricTaskInstance  - &lt;==    Updates: 1
10:45:10,945 [main] DEBUG org.activiti.engine.impl.cfg.standalone.StandaloneMybatisTransactionContext  - firing event committing...
10:45:10,945 [main] DEBUG org.activiti.engine.impl.cfg.standalone.StandaloneMybatisTransactionContext  - committing the ibatis sql session...
10:45:10,945 [main] DEBUG org.apache.ibatis.transaction.jdbc.JdbcTransaction  - Committing JDBC Connection [conn2: url=jdbc:h2:mem:activiti user=SA]
10:45:10,945 [main] DEBUG org.activiti.engine.impl.cfg.standalone.StandaloneMybatisTransactionContext  - firing event committed...
10:45:10,945 [main] DEBUG org.apache.ibatis.transaction.jdbc.JdbcTransaction  - Resetting autocommit to true on JDBC Connection [conn2: url=jdbc:h2:mem:activiti user=SA]
10:45:10,945 [main] DEBUG org.apache.ibatis.transaction.jdbc.JdbcTransaction  - Closing JDBC Connection [conn2: url=jdbc:h2:mem:activiti user=SA]
10:45:10,945 [main] DEBUG org.apache.ibatis.datasource.pooled.PooledDataSource  - Returned connection 363509958 to pool.
10:45:10,945 [main] DEBUG org.activiti.engine.impl.interceptor.LogInterceptor  - --- AddIdentityLinkCmd finished --------------------------------------------------------
10:45:10,945 [main] DEBUG org.activiti.engine.impl.interceptor.LogInterceptor  - 

10:45:10,945 [main] DEBUG org.activiti.engine.impl.test.PvmTestCase  - 

10:45:10,945 [main] DEBUG org.activiti.engine.impl.test.PvmTestCase  - #### START SubTaskQueryTest.testQueryExcludeSubtasksSorted ###########################################################
10:45:10,945 [main] DEBUG org.activiti.engine.impl.interceptor.LogInterceptor  - 

10:45:10,945 [main] DEBUG org.activiti.engine.impl.interceptor.LogInterceptor  - --- starting TaskQueryImpl --------------------------------------------------------
10:45:10,945 [main] DEBUG org.apache.ibatis.transaction.jdbc.JdbcTransaction  - Opening JDBC Connection
10:45:10,945 [main] DEBUG org.apache.ibatis.datasource.pooled.PooledDataSource  - Checked out connection 297240765 from pool.
10:45:10,945 [main] DEBUG org.apache.ibatis.transaction.jdbc.JdbcTransaction  - Setting autocommit to false on JDBC Connection [conn4: url=jdbc:h2:mem:activiti user=SA]
10:45:10,945 [main] DEBUG org.activiti.engine.impl.persistence.entity.TaskEntity.selectTaskCountByQueryCriteria  - ==&gt;  Preparing: select count(distinct RES.ID_) from ACT_RU_TASK RES 
10:45:10,945 [main] DEBUG org.activiti.engine.impl.persistence.entity.TaskEntity.selectTaskCountByQueryCriteria  - ==&gt; Parameters: 
10:45:10,945 [main] DEBUG org.activiti.engine.impl.persistence.entity.TaskEntity.selectTaskCountByQueryCriteria  - &lt;==      Total: 1
10:45:10,945 [main] DEBUG org.activiti.engine.impl.db.DbSqlSession  - flush summary: 0 insert, 0 update, 0 delete.
10:45:10,945 [main] DEBUG org.activiti.engine.impl.db.DbSqlSession  - now executing flush...
10:45:10,945 [main] DEBUG org.activiti.engine.impl.cfg.standalone.StandaloneMybatisTransactionContext  - firing event committing...
10:45:10,945 [main] DEBUG org.activiti.engine.impl.cfg.standalone.StandaloneMybatisTransactionContext  - committing the ibatis sql session...
10:45:10,945 [main] DEBUG org.activiti.engine.impl.cfg.standalone.StandaloneMybatisTransactionContext  - firing event committed...
10:45:10,945 [main] DEBUG org.apache.ibatis.transaction.jdbc.JdbcTransaction  - Resetting autocommit to true on JDBC Connection [conn4: url=jdbc:h2:mem:activiti user=SA]
10:45:10,945 [main] DEBUG org.apache.ibatis.transaction.jdbc.JdbcTransaction  - Closing JDBC Connection [conn4: url=jdbc:h2:mem:activiti user=SA]
10:45:10,945 [main] DEBUG org.apache.ibatis.datasource.pooled.PooledDataSource  - Returned connection 297240765 to pool.
10:45:10,945 [main] DEBUG org.activiti.engine.impl.interceptor.LogInterceptor  - --- TaskQueryImpl finished --------------------------------------------------------
10:45:10,945 [main] DEBUG org.activiti.engine.impl.interceptor.LogInterceptor  - 

10:45:10,945 [main] DEBUG org.activiti.engine.impl.interceptor.LogInterceptor  - 

10:45:10,945 [main] DEBUG org.activiti.engine.impl.interceptor.LogInterceptor  - --- starting TaskQueryImpl --------------------------------------------------------
10:45:10,945 [main] DEBUG org.apache.ibatis.transaction.jdbc.JdbcTransaction  - Opening JDBC Connection
10:45:10,945 [main] DEBUG org.apache.ibatis.datasource.pooled.PooledDataSource  - Checked out connection 486346394 from pool.
10:45:10,945 [main] DEBUG org.apache.ibatis.transaction.jdbc.JdbcTransaction  - Setting autocommit to false on JDBC Connection [conn6: url=jdbc:h2:mem:activiti user=SA]
10:45:10,945 [main] DEBUG org.activiti.engine.impl.persistence.entity.TaskEntity.selectTaskByQueryCriteria  - ==&gt;  Preparing: select distinct RES.* from ACT_RU_TASK RES order by order by RES.ASSIGNEE_ asc LIMIT ? OFFSET ? 
10:45:10,945 [main] DEBUG org.activiti.engine.impl.interceptor.CommandContext  - Error while closing command context
org.apache.ibatis.exceptions.PersistenceException: 
### Error querying database.  Cause: org.h2.jdbc.JdbcSQLException: Syntax error in SQL statement &quot;SELECT DISTINCT RES.* 
       
    FROM ACT_RU_TASK RES
     
     
     
     
    
     
     
     
      
   
    
     ORDER BY  ORDER[*] BY RES.ASSIGNEE_ ASC  
    LIMIT ? OFFSET ? &quot;; expected &quot;=, NOT, EXISTS, INTERSECTS, SELECT, FROM&quot;; SQL statement:
select distinct RES.* 
       
    from ACT_RU_TASK RES
     
     
     
     
    
     
     
     
      
   
    
     order by  order by RES.ASSIGNEE_ asc  
    LIMIT ? OFFSET ? [42001-176]
### The error may exist in org/activiti/db/mapping/entity/Task.xml
### The error may involve org.activiti.engine.impl.persistence.entity.TaskEntity.selectTaskByQueryCriteria
### The error occurred while executing a query
### SQL: select distinct RES.*              from ACT_RU_TASK RES                                                                     order by  order by RES.ASSIGNEE_ asc       LIMIT ? OFFSET ?
### Cause: org.h2.jdbc.JdbcSQLException: Syntax error in SQL statement &quot;SELECT DISTINCT RES.* 
       
    FROM ACT_RU_TASK RES
     
     
     
     
    
     
     
     
      
   
    
     ORDER BY  ORDER[*] BY RES.ASSIGNEE_ ASC  
    LIMIT ? OFFSET ? &quot;; expected &quot;=, NOT, EXISTS, INTERSECTS, SELECT, FROM&quot;; SQL statement:
select distinct RES.* 
       
    from ACT_RU_TASK RES
     
     
     
     
    
     
     
     
      
   
    
     order by  order by RES.ASSIGNEE_ asc  
    LIMIT ? OFFSET ? [42001-176]
	at org.apache.ibatis.exceptions.ExceptionFactory.wrapException(ExceptionFactory.java:30)
	at org.apache.ibatis.session.defaults.DefaultSqlSession.selectList(DefaultSqlSession.java:122)
	at org.apache.ibatis.session.defaults.DefaultSqlSession.selectList(DefaultSqlSession.java:113)
	at org.activiti.engine.impl.db.DbSqlSession.selectListWithRawParameter(DbSqlSession.java:438)
	at org.activiti.engine.impl.db.DbSqlSession.selectList(DbSqlSession.java:429)
	at org.activiti.engine.impl.persistence.entity.TaskEntityManager.findTasksByQueryCriteria(TaskEntityManager.java:135)
	at org.activiti.engine.impl.TaskQueryImpl.executeList(TaskQueryImpl.java:1256)
	at org.activiti.engine.impl.AbstractQuery.execute(AbstractQuery.java:164)
	at org.activiti.engine.impl.interceptor.CommandInvoker.execute(CommandInvoker.java:24)
	at org.activiti.engine.impl.interceptor.CommandContextInterceptor.execute(CommandContextInterceptor.java:57)
	at org.activiti.engine.impl.interceptor.LogInterceptor.execute(LogInterceptor.java:37)
	at org.activiti.engine.impl.cfg.CommandExecutorImpl.execute(CommandExecutorImpl.java:40)
	at org.activiti.engine.impl.cfg.CommandExecutorImpl.execute(CommandExecutorImpl.java:35)
	at org.activiti.engine.impl.AbstractQuery.list(AbstractQuery.java:138)
	at org.activiti.engine.test.api.task.SubTaskQueryTest.testQueryExcludeSubtasksSorted(SubTaskQueryTest.java:89)
	at sun.reflect.NativeMethodAccessorImpl.invoke0(Native Method)
	at sun.reflect.NativeMethodAccessorImpl.invoke(NativeMethodAccessorImpl.java:62)
	at sun.reflect.DelegatingMethodAccessorImpl.invoke(DelegatingMethodAccessorImpl.java:43)
	at java.lang.reflect.Method.invoke(Method.java:498)
	at junit.framework.TestCase.runTest(TestCase.java:176)
	at org.activiti.engine.impl.test.PvmTestCase.runTest(PvmTestCase.java:65)
	at junit.framework.TestCase.runBare(TestCase.java:141)
	at org.activiti.engine.impl.test.AbstractActivitiTestCase.runBare(AbstractActivitiTestCase.java:100)
	at junit.framework.TestResult$1.protect(TestResult.java:122)
	at junit.framework.TestResult.runProtected(TestResult.java:142)
	at junit.framework.TestResult.run(TestResult.java:125)
	at junit.framework.TestCase.run(TestCase.java:129)
	at junit.framework.TestSuite.runTest(TestSuite.java:255)
	at junit.framework.TestSuite.run(TestSuite.java:250)
	at org.junit.internal.runners.JUnit38ClassRunner.run(JUnit38ClassRunner.java:84)
	at org.apache.maven.surefire.junit4.JUnit4TestSet.execute(JUnit4TestSet.java:35)
	at org.apache.maven.surefire.junit4.JUnit4Provider.executeTestSet(JUnit4Provider.java:146)
	at org.apache.maven.surefire.junit4.JUnit4Provider.invoke(JUnit4Provider.java:97)
	at sun.reflect.NativeMethodAccessorImpl.invoke0(Native Method)
	at sun.reflect.NativeMethodAccessorImpl.invoke(NativeMethodAccessorImpl.java:62)
	at sun.reflect.DelegatingMethodAccessorImpl.invoke(DelegatingMethodAccessorImpl.java:43)
	at java.lang.reflect.Method.invoke(Method.java:498)
	at org.apache.maven.surefire.booter.ProviderFactory$ClassLoaderProxy.invoke(ProviderFactory.java:103)
	at com.sun.proxy.$Proxy0.invoke(Unknown Source)
	at org.apache.maven.surefire.booter.SurefireStarter.invokeProvider(SurefireStarter.java:145)
	at org.apache.maven.surefire.booter.SurefireStarter.runSuitesInProcess(SurefireStarter.java:87)
	at org.apache.maven.surefire.booter.ForkedBooter.main(ForkedBooter.java:69)
Caused by: org.h2.jdbc.JdbcSQLException: Syntax error in SQL statement &quot;SELECT DISTINCT RES.* 
       
    FROM ACT_RU_TASK RES
     
     
     
     
    
     
     
     
      
   
    
     ORDER BY  ORDER[*] BY RES.ASSIGNEE_ ASC  
    LIMIT ? OFFSET ? &quot;; expected &quot;=, NOT, EXISTS, INTERSECTS, SELECT, FROM&quot;; SQL statement:
select distinct RES.* 
       
    from ACT_RU_TASK RES
     
     
     
     
    
     
     
     
      
   
    
     order by  order by RES.ASSIGNEE_ asc  
    LIMIT ? OFFSET ? [42001-176]
	at org.h2.message.DbException.getJdbcSQLException(DbException.java:344)
	at org.h2.message.DbException.getSyntaxError(DbException.java:204)
	at org.h2.command.Parser.getSyntaxError(Parser.java:524)
	at org.h2.command.Parser.readTerm(Parser.java:2688)
	at org.h2.command.Parser.readFactor(Parser.java:2244)
	at org.h2.command.Parser.readSum(Parser.java:2231)
	at org.h2.command.Parser.readConcat(Parser.java:2201)
	at org.h2.command.Parser.readCondition(Parser.java:2051)
	at org.h2.command.Parser.readAnd(Parser.java:2023)
	at org.h2.command.Parser.readExpression(Parser.java:2015)
	at org.h2.command.Parser.parseEndOfQuery(Parser.java:1726)
	at org.h2.command.Parser.parseSelectUnionExtension(Parser.java:1706)
	at org.h2.command.Parser.parseSelectUnion(Parser.java:1675)
	at org.h2.command.Parser.parseSelect(Parser.java:1662)
	at org.h2.command.Parser.parsePrepared(Parser.java:434)
	at org.h2.command.Parser.parse(Parser.java:306)
	at org.h2.command.Parser.parse(Parser.java:282)
	at org.h2.command.Parser.prepareCommand(Parser.java:243)
	at org.h2.engine.Session.prepareLocal(Session.java:442)
	at org.h2.engine.Session.prepareCommand(Session.java:384)
	at org.h2.jdbc.JdbcConnection.prepareCommand(JdbcConnection.java:1188)
	at org.h2.jdbc.JdbcPreparedStatement.&lt;init&gt;(JdbcPreparedStatement.java:73)
	at org.h2.jdbc.JdbcConnection.prepareStatement(JdbcConnection.java:276)
	at sun.reflect.GeneratedMethodAccessor6.invoke(Unknown Source)
	at sun.reflect.DelegatingMethodAccessorImpl.invoke(DelegatingMethodAccessorImpl.java:43)
	at java.lang.reflect.Method.invoke(Method.java:498)
	at org.apache.ibatis.datasource.pooled.PooledConnection.invoke(PooledConnection.java:245)
	at com.sun.proxy.$Proxy12.prepareStatement(Unknown Source)
	at sun.reflect.GeneratedMethodAccessor6.invoke(Unknown Source)
	at sun.reflect.DelegatingMethodAccessorImpl.invoke(DelegatingMethodAccessorImpl.java:43)
	at java.lang.reflect.Method.invoke(Method.java:498)
	at org.apache.ibatis.logging.jdbc.ConnectionLogger.invoke(ConnectionLogger.java:55)
	at com.sun.proxy.$Proxy12.prepareStatement(Unknown Source)
	at org.apache.ibatis.executor.statement.PreparedStatementHandler.instantiateStatement(PreparedStatementHandler.java:79)
	at org.apache.ibatis.executor.statement.BaseStatementHandler.prepare(BaseStatementHandler.java:88)
	at org.apache.ibatis.executor.statement.RoutingStatementHandler.prepare(RoutingStatementHandler.java:58)
	at org.apache.ibatis.executor.SimpleExecutor.prepareStatement(SimpleExecutor.java:76)
	at org.apache.ibatis.executor.SimpleExecutor.doQuery(SimpleExecutor.java:61)
	at org.apache.ibatis.executor.BaseExecutor.queryFromDatabase(BaseExecutor.java:303)
	at org.apache.ibatis.executor.BaseExecutor.query(BaseExecutor.java:154)
	at org.apache.ibatis.executor.CachingExecutor.query(CachingExecutor.java:102)
	at org.apache.ibatis.executor.CachingExecutor.query(CachingExecutor.java:82)
	at org.apache.ibatis.session.defaults.DefaultSqlSession.selectList(DefaultSqlSession.java:120)
	... 40 more
10:45:10,946 [main] DEBUG org.activiti.engine.impl.cfg.standalone.StandaloneMybatisTransactionContext  - firing event rolling back...
10:45:10,946 [main] DEBUG org.activiti.engine.impl.cfg.standalone.StandaloneMybatisTransactionContext  - rolling back ibatis sql session...
10:45:10,946 [main] DEBUG org.activiti.engine.impl.cfg.standalone.StandaloneMybatisTransactionContext  - firing event rolled back...
10:45:10,946 [main] DEBUG org.apache.ibatis.transaction.jdbc.JdbcTransaction  - Resetting autocommit to true on JDBC Connection [conn6: url=jdbc:h2:mem:activiti user=SA]
10:45:10,946 [main] DEBUG org.apache.ibatis.transaction.jdbc.JdbcTransaction  - Closing JDBC Connection [conn6: url=jdbc:h2:mem:activiti user=SA]
10:45:10,946 [main] DEBUG org.apache.ibatis.datasource.pooled.PooledDataSource  - Returned connection 486346394 to pool.
10:45:10,946 [main] DEBUG org.activiti.engine.impl.interceptor.LogInterceptor  - --- TaskQueryImpl finished --------------------------------------------------------
10:45:10,946 [main] DEBUG org.activiti.engine.impl.interceptor.LogInterceptor  - 

10:45:10,946 [main] ERROR org.activiti.engine.impl.test.PvmTestCase  - 

10:45:10,946 [main] ERROR org.activiti.engine.impl.test.PvmTestCase  - EXCEPTION: org.apache.ibatis.exceptions.PersistenceException: 
### Error querying database.  Cause: org.h2.jdbc.JdbcSQLException: Syntax error in SQL statement &quot;SELECT DISTINCT RES.* 
       
    FROM ACT_RU_TASK RES
     
     
     
     
    
     
     
     
      
   
    
     ORDER BY  ORDER[*] BY RES.ASSIGNEE_ ASC  
    LIMIT ? OFFSET ? &quot;; expected &quot;=, NOT, EXISTS, INTERSECTS, SELECT, FROM&quot;; SQL statement:
select distinct RES.* 
       
    from ACT_RU_TASK RES
     
     
     
     
    
     
     
     
      
   
    
     order by  order by RES.ASSIGNEE_ asc  
    LIMIT ? OFFSET ? [42001-176]
### The error may exist in org/activiti/db/mapping/entity/Task.xml
### The error may involve org.activiti.engine.impl.persistence.entity.TaskEntity.selectTaskByQueryCriteria
### The error occurred while executing a query
### SQL: select distinct RES.*              from ACT_RU_TASK RES                                                                     order by  order by RES.ASSIGNEE_ asc       LIMIT ? OFFSET ?
### Cause: org.h2.jdbc.JdbcSQLException: Syntax error in SQL statement &quot;SELECT DISTINCT RES.* 
       
    FROM ACT_RU_TASK RES
     
     
     
     
    
     
     
     
      
   
    
     ORDER BY  ORDER[*] BY RES.ASSIGNEE_ ASC  
    LIMIT ? OFFSET ? &quot;; expected &quot;=, NOT, EXISTS, INTERSECTS, SELECT, FROM&quot;; SQL statement:
select distinct RES.* 
       
    from ACT_RU_TASK RES
     
     
     
     
    
     
     
     
      
   
    
     order by  order by RES.ASSIGNEE_ asc  
    LIMIT ? OFFSET ? [42001-176]
org.apache.ibatis.exceptions.PersistenceException: 
### Error querying database.  Cause: org.h2.jdbc.JdbcSQLException: Syntax error in SQL statement &quot;SELECT DISTINCT RES.* 
       
    FROM ACT_RU_TASK RES
     
     
     
     
    
     
     
     
      
   
    
     ORDER BY  ORDER[*] BY RES.ASSIGNEE_ ASC  
    LIMIT ? OFFSET ? &quot;; expected &quot;=, NOT, EXISTS, INTERSECTS, SELECT, FROM&quot;; SQL statement:
select distinct RES.* 
       
    from ACT_RU_TASK RES
     
     
     
     
    
     
     
     
      
   
    
     order by  order by RES.ASSIGNEE_ asc  
    LIMIT ? OFFSET ? [42001-176]
### The error may exist in org/activiti/db/mapping/entity/Task.xml
### The error may involve org.activiti.engine.impl.persistence.entity.TaskEntity.selectTaskByQueryCriteria
### The error occurred while executing a query
### SQL: select distinct RES.*              from ACT_RU_TASK RES                                                                     order by  order by RES.ASSIGNEE_ asc       LIMIT ? OFFSET ?
### Cause: org.h2.jdbc.JdbcSQLException: Syntax error in SQL statement &quot;SELECT DISTINCT RES.* 
       
    FROM ACT_RU_TASK RES
     
     
     
     
    
     
     
     
      
   
    
     ORDER BY  ORDER[*] BY RES.ASSIGNEE_ ASC  
    LIMIT ? OFFSET ? &quot;; expected &quot;=, NOT, EXISTS, INTERSECTS, SELECT, FROM&quot;; SQL statement:
select distinct RES.* 
       
    from ACT_RU_TASK RES
     
     
     
     
    
     
     
     
      
   
    
     order by  order by RES.ASSIGNEE_ asc  
    LIMIT ? OFFSET ? [42001-176]
	at org.apache.ibatis.exceptions.ExceptionFactory.wrapException(ExceptionFactory.java:30)
	at org.apache.ibatis.session.defaults.DefaultSqlSession.selectList(DefaultSqlSession.java:122)
	at org.apache.ibatis.session.defaults.DefaultSqlSession.selectList(DefaultSqlSession.java:113)
	at org.activiti.engine.impl.db.DbSqlSession.selectListWithRawParameter(DbSqlSession.java:438)
	at org.activiti.engine.impl.db.DbSqlSession.selectList(DbSqlSession.java:429)
	at org.activiti.engine.impl.persistence.entity.TaskEntityManager.findTasksByQueryCriteria(TaskEntityManager.java:135)
	at org.activiti.engine.impl.TaskQueryImpl.executeList(TaskQueryImpl.java:1256)
	at org.activiti.engine.impl.AbstractQuery.execute(AbstractQuery.java:164)
	at org.activiti.engine.impl.interceptor.CommandInvoker.execute(CommandInvoker.java:24)
	at org.activiti.engine.impl.interceptor.CommandContextInterceptor.execute(CommandContextInterceptor.java:57)
	at org.activiti.engine.impl.interceptor.LogInterceptor.execute(LogInterceptor.java:37)
	at org.activiti.engine.impl.cfg.CommandExecutorImpl.execute(CommandExecutorImpl.java:40)
	at org.activiti.engine.impl.cfg.CommandExecutorImpl.execute(CommandExecutorImpl.java:35)
	at org.activiti.engine.impl.AbstractQuery.list(AbstractQuery.java:138)
	at org.activiti.engine.test.api.task.SubTaskQueryTest.testQueryExcludeSubtasksSorted(SubTaskQueryTest.java:89)
	at sun.reflect.NativeMethodAccessorImpl.invoke0(Native Method)
	at sun.reflect.NativeMethodAccessorImpl.invoke(NativeMethodAccessorImpl.java:62)
	at sun.reflect.DelegatingMethodAccessorImpl.invoke(DelegatingMethodAccessorImpl.java:43)
	at java.lang.reflect.Method.invoke(Method.java:498)
	at junit.framework.TestCase.runTest(TestCase.java:176)
	at org.activiti.engine.impl.test.PvmTestCase.runTest(PvmTestCase.java:65)
	at junit.framework.TestCase.runBare(TestCase.java:141)
	at org.activiti.engine.impl.test.AbstractActivitiTestCase.runBare(AbstractActivitiTestCase.java:100)
	at junit.framework.TestResult$1.protect(TestResult.java:122)
	at junit.framework.TestResult.runProtected(TestResult.java:142)
	at junit.framework.TestResult.run(TestResult.java:125)
	at junit.framework.TestCase.run(TestCase.java:129)
	at junit.framework.TestSuite.runTest(TestSuite.java:255)
	at junit.framework.TestSuite.run(TestSuite.java:250)
	at org.junit.internal.runners.JUnit38ClassRunner.run(JUnit38ClassRunner.java:84)
	at org.apache.maven.surefire.junit4.JUnit4TestSet.execute(JUnit4TestSet.java:35)
	at org.apache.maven.surefire.junit4.JUnit4Provider.executeTestSet(JUnit4Provider.java:146)
	at org.apache.maven.surefire.junit4.JUnit4Provider.invoke(JUnit4Provider.java:97)
	at sun.reflect.NativeMethodAccessorImpl.invoke0(Native Method)
	at sun.reflect.NativeMethodAccessorImpl.invoke(NativeMethodAccessorImpl.java:62)
	at sun.reflect.DelegatingMethodAccessorImpl.invoke(DelegatingMethodAccessorImpl.java:43)
	at java.lang.reflect.Method.invoke(Method.java:498)
	at org.apache.maven.surefire.booter.ProviderFactory$ClassLoaderProxy.invoke(ProviderFactory.java:103)
	at com.sun.proxy.$Proxy0.invoke(Unknown Source)
	at org.apache.maven.surefire.booter.SurefireStarter.invokeProvider(SurefireStarter.java:145)
	at org.apache.maven.surefire.booter.SurefireStarter.runSuitesInProcess(SurefireStarter.java:87)
	at org.apache.maven.surefire.booter.ForkedBooter.main(ForkedBooter.java:69)
Caused by: org.h2.jdbc.JdbcSQLException: Syntax error in SQL statement &quot;SELECT DISTINCT RES.* 
       
    FROM ACT_RU_TASK RES
     
     
     
     
    
     
     
     
      
   
    
     ORDER BY  ORDER[*] BY RES.ASSIGNEE_ ASC  
    LIMIT ? OFFSET ? &quot;; expected &quot;=, NOT, EXISTS, INTERSECTS, SELECT, FROM&quot;; SQL statement:
select distinct RES.* 
       
    from ACT_RU_TASK RES
     
     
     
     
    
     
     
     
      
   
    
     order by  order by RES.ASSIGNEE_ asc  
    LIMIT ? OFFSET ? [42001-176]
	at org.h2.message.DbException.getJdbcSQLException(DbException.java:344)
	at org.h2.message.DbException.getSyntaxError(DbException.java:204)
	at org.h2.command.Parser.getSyntaxError(Parser.java:524)
	at org.h2.command.Parser.readTerm(Parser.java:2688)
	at org.h2.command.Parser.readFactor(Parser.java:2244)
	at org.h2.command.Parser.readSum(Parser.java:2231)
	at org.h2.command.Parser.readConcat(Parser.java:2201)
	at org.h2.command.Parser.readCondition(Parser.java:2051)
	at org.h2.command.Parser.readAnd(Parser.java:2023)
	at org.h2.command.Parser.readExpression(Parser.java:2015)
	at org.h2.command.Parser.parseEndOfQuery(Parser.java:1726)
	at org.h2.command.Parser.parseSelectUnionExtension(Parser.java:1706)
	at org.h2.command.Parser.parseSelectUnion(Parser.java:1675)
	at org.h2.command.Parser.parseSelect(Parser.java:1662)
	at org.h2.command.Parser.parsePrepared(Parser.java:434)
	at org.h2.command.Parser.parse(Parser.java:306)
	at org.h2.command.Parser.parse(Parser.java:282)
	at org.h2.command.Parser.prepareCommand(Parser.java:243)
	at org.h2.engine.Session.prepareLocal(Session.java:442)
	at org.h2.engine.Session.prepareCommand(Session.java:384)
	at org.h2.jdbc.JdbcConnection.prepareCommand(JdbcConnection.java:1188)
	at org.h2.jdbc.JdbcPreparedStatement.&lt;init&gt;(JdbcPreparedStatement.java:73)
	at org.h2.jdbc.JdbcConnection.prepareStatement(JdbcConnection.java:276)
	at sun.reflect.GeneratedMethodAccessor6.invoke(Unknown Source)
	at sun.reflect.DelegatingMethodAccessorImpl.invoke(DelegatingMethodAccessorImpl.java:43)
	at java.lang.reflect.Method.invoke(Method.java:498)
	at org.apache.ibatis.datasource.pooled.PooledConnection.invoke(PooledConnection.java:245)
	at com.sun.proxy.$Proxy12.prepareStatement(Unknown Source)
	at sun.reflect.GeneratedMethodAccessor6.invoke(Unknown Source)
	at sun.reflect.DelegatingMethodAccessorImpl.invoke(DelegatingMethodAccessorImpl.java:43)
	at java.lang.reflect.Method.invoke(Method.java:498)
	at org.apache.ibatis.logging.jdbc.ConnectionLogger.invoke(ConnectionLogger.java:55)
	at com.sun.proxy.$Proxy12.prepareStatement(Unknown Source)
	at org.apache.ibatis.executor.statement.PreparedStatementHandler.instantiateStatement(PreparedStatementHandler.java:79)
	at org.apache.ibatis.executor.statement.BaseStatementHandler.prepare(BaseStatementHandler.java:88)
	at org.apache.ibatis.executor.statement.RoutingStatementHandler.prepare(RoutingStatementHandler.java:58)
	at org.apache.ibatis.executor.SimpleExecutor.prepareStatement(SimpleExecutor.java:76)
	at org.apache.ibatis.executor.SimpleExecutor.doQuery(SimpleExecutor.java:61)
	at org.apache.ibatis.executor.BaseExecutor.queryFromDatabase(BaseExecutor.java:303)
	at org.apache.ibatis.executor.BaseExecutor.query(BaseExecutor.java:154)
	at org.apache.ibatis.executor.CachingExecutor.query(CachingExecutor.java:102)
	at org.apache.ibatis.executor.CachingExecutor.query(CachingExecutor.java:82)
	at org.apache.ibatis.session.defaults.DefaultSqlSession.selectList(DefaultSqlSession.java:120)
	... 40 more
10:45:10,946 [main] DEBUG org.activiti.engine.impl.test.PvmTestCase  - #### END SubTaskQueryTest.testQueryExcludeSubtasksSorted #############################################################
10:45:10,946 [main] DEBUG org.activiti.engine.impl.interceptor.LogInterceptor  - 

10:45:10,946 [main] DEBUG org.activiti.engine.impl.interceptor.LogInterceptor  - --- starting DeleteGroupCmd --------------------------------------------------------
10:45:10,946 [main] DEBUG org.apache.ibatis.transaction.jdbc.JdbcTransaction  - Opening JDBC Connection
10:45:10,946 [main] DEBUG org.apache.ibatis.datasource.pooled.PooledDataSource  - Checked out connection 180014677 from pool.
10:45:10,946 [main] DEBUG org.apache.ibatis.transaction.jdbc.JdbcTransaction  - Setting autocommit to false on JDBC Connection [conn3: url=jdbc:h2:mem:activiti user=SA]
10:45:10,946 [main] DEBUG org.activiti.engine.impl.persistence.entity.GroupEntity.selectGroup  - ==&gt;  Preparing: select * from ACT_ID_GROUP where ID_ = ? 
10:45:10,946 [main] DEBUG org.activiti.engine.impl.persistence.entity.GroupEntity.selectGroup  - ==&gt; Parameters: accountancy(String)
10:45:10,946 [main] DEBUG org.activiti.engine.impl.persistence.entity.GroupEntity.selectGroup  - &lt;==      Total: 1
10:45:10,946 [main] DEBUG org.activiti.engine.impl.db.DbSqlSession  -   bulk delete: deleteMembershipsByGroupId(accountancy)
10:45:10,946 [main] DEBUG org.activiti.engine.impl.db.DbSqlSession  -   delete org.activiti.engine.impl.persistence.entity.GroupEntity@5c815478
10:45:10,946 [main] DEBUG org.activiti.engine.impl.db.DbSqlSession  - flush summary: 0 insert, 0 update, 2 delete.
10:45:10,946 [main] DEBUG org.activiti.engine.impl.db.DbSqlSession  - now executing flush...
10:45:10,946 [main] DEBUG org.activiti.engine.impl.db.DbSqlSession  - executing: bulk delete: deleteMembershipsByGroupId(accountancy)
10:45:10,946 [main] DEBUG org.activiti.engine.impl.persistence.entity.MembershipRelation.deleteMembershipsByGroupId  - ==&gt;  Preparing: delete from ACT_ID_MEMBERSHIP where GROUP_ID_ = ? 
10:45:10,946 [main] DEBUG org.activiti.engine.impl.persistence.entity.MembershipRelation.deleteMembershipsByGroupId  - ==&gt; Parameters: accountancy(String)
10:45:10,946 [main] DEBUG org.activiti.engine.impl.persistence.entity.MembershipRelation.deleteMembershipsByGroupId  - &lt;==    Updates: 1
10:45:10,946 [main] DEBUG org.activiti.engine.impl.db.DbSqlSession  - executing: delete org.activiti.engine.impl.persistence.entity.GroupEntity@5c815478
10:45:10,946 [main] DEBUG org.activiti.engine.impl.persistence.entity.GroupEntity.deleteGroup  - ==&gt;  Preparing: delete from ACT_ID_GROUP where ID_ = ? and REV_ = ? 
10:45:10,946 [main] DEBUG org.activiti.engine.impl.persistence.entity.GroupEntity.deleteGroup  - ==&gt; Parameters: accountancy(String), 1(Integer)
10:45:10,946 [main] DEBUG org.activiti.engine.impl.persistence.entity.GroupEntity.deleteGroup  - &lt;==    Updates: 1
10:45:10,946 [main] DEBUG org.activiti.engine.impl.cfg.standalone.StandaloneMybatisTransactionContext  - firing event committing...
10:45:10,946 [main] DEBUG org.activiti.engine.impl.cfg.standalone.StandaloneMybatisTransactionContext  - committing the ibatis sql session...
10:45:10,946 [main] DEBUG org.apache.ibatis.transaction.jdbc.JdbcTransaction  - Committing JDBC Connection [conn3: url=jdbc:h2:mem:activiti user=SA]
10:45:10,946 [main] DEBUG org.activiti.engine.impl.cfg.standalone.StandaloneMybatisTransactionContext  - firing event committed...
10:45:10,946 [main] DEBUG org.apache.ibatis.transaction.jdbc.JdbcTransaction  - Resetting autocommit to true on JDBC Connection [conn3: url=jdbc:h2:mem:activiti user=SA]
10:45:10,946 [main] DEBUG org.apache.ibatis.transaction.jdbc.JdbcTransaction  - Closing JDBC Connection [conn3: url=jdbc:h2:mem:activiti user=SA]
10:45:10,946 [main] DEBUG org.apache.ibatis.datasource.pooled.PooledDataSource  - Returned connection 180014677 to pool.
10:45:10,946 [main] DEBUG org.activiti.engine.impl.interceptor.LogInterceptor  - --- DeleteGroupCmd finished --------------------------------------------------------
10:45:10,946 [main] DEBUG org.activiti.engine.impl.interceptor.LogInterceptor  - 

10:45:10,946 [main] DEBUG org.activiti.engine.impl.interceptor.LogInterceptor  - 

10:45:10,946 [main] DEBUG org.activiti.engine.impl.interceptor.LogInterceptor  - --- starting DeleteGroupCmd --------------------------------------------------------
10:45:10,946 [main] DEBUG org.apache.ibatis.transaction.jdbc.JdbcTransaction  - Opening JDBC Connection
10:45:10,946 [main] DEBUG org.apache.ibatis.datasource.pooled.PooledDataSource  - Checked out connection 363509958 from pool.
10:45:10,946 [main] DEBUG org.apache.ibatis.transaction.jdbc.JdbcTransaction  - Setting autocommit to false on JDBC Connection [conn2: url=jdbc:h2:mem:activiti user=SA]
10:45:10,946 [main] DEBUG org.activiti.engine.impl.persistence.entity.GroupEntity.selectGroup  - ==&gt;  Preparing: select * from ACT_ID_GROUP where ID_ = ? 
10:45:10,946 [main] DEBUG org.activiti.engine.impl.persistence.entity.GroupEntity.selectGroup  - ==&gt; Parameters: management(String)
10:45:10,946 [main] DEBUG org.activiti.engine.impl.persistence.entity.GroupEntity.selectGroup  - &lt;==      Total: 1
10:45:10,946 [main] DEBUG org.activiti.engine.impl.db.DbSqlSession  -   bulk delete: deleteMembershipsByGroupId(management)
10:45:10,946 [main] DEBUG org.activiti.engine.impl.db.DbSqlSession  -   delete org.activiti.engine.impl.persistence.entity.GroupEntity@1efa258e
10:45:10,946 [main] DEBUG org.activiti.engine.impl.db.DbSqlSession  - flush summary: 0 insert, 0 update, 2 delete.
10:45:10,946 [main] DEBUG org.activiti.engine.impl.db.DbSqlSession  - now executing flush...
10:45:10,946 [main] DEBUG org.activiti.engine.impl.db.DbSqlSession  - executing: bulk delete: deleteMembershipsByGroupId(management)
10:45:10,946 [main] DEBUG org.activiti.engine.impl.persistence.entity.MembershipRelation.deleteMembershipsByGroupId  - ==&gt;  Preparing: delete from ACT_ID_MEMBERSHIP where GROUP_ID_ = ? 
10:45:10,946 [main] DEBUG org.activiti.engine.impl.persistence.entity.MembershipRelation.deleteMembershipsByGroupId  - ==&gt; Parameters: management(String)
10:45:10,946 [main] DEBUG org.activiti.engine.impl.persistence.entity.MembershipRelation.deleteMembershipsByGroupId  - &lt;==    Updates: 1
10:45:10,946 [main] DEBUG org.activiti.engine.impl.db.DbSqlSession  - executing: delete org.activiti.engine.impl.persistence.entity.GroupEntity@1efa258e
10:45:10,946 [main] DEBUG org.activiti.engine.impl.persistence.entity.GroupEntity.deleteGroup  - ==&gt;  Preparing: delete from ACT_ID_GROUP where ID_ = ? and REV_ = ? 
10:45:10,946 [main] DEBUG org.activiti.engine.impl.persistence.entity.GroupEntity.deleteGroup  - ==&gt; Parameters: management(String), 1(Integer)
10:45:10,946 [main] DEBUG org.activiti.engine.impl.persistence.entity.GroupEntity.deleteGroup  - &lt;==    Updates: 1
10:45:10,946 [main] DEBUG org.activiti.engine.impl.cfg.standalone.StandaloneMybatisTransactionContext  - firing event committing...
10:45:10,946 [main] DEBUG org.activiti.engine.impl.cfg.standalone.StandaloneMybatisTransactionContext  - committing the ibatis sql session...
10:45:10,946 [main] DEBUG org.apache.ibatis.transaction.jdbc.JdbcTransaction  - Committing JDBC Connection [conn2: url=jdbc:h2:mem:activiti user=SA]
10:45:10,946 [main] DEBUG org.activiti.engine.impl.cfg.standalone.StandaloneMybatisTransactionContext  - firing event committed...
10:45:10,946 [main] DEBUG org.apache.ibatis.transaction.jdbc.JdbcTransaction  - Resetting autocommit to true on JDBC Connection [conn2: url=jdbc:h2:mem:activiti user=SA]
10:45:10,946 [main] DEBUG org.apache.ibatis.transaction.jdbc.JdbcTransaction  - Closing JDBC Connection [conn2: url=jdbc:h2:mem:activiti user=SA]
10:45:10,946 [main] DEBUG org.apache.ibatis.datasource.pooled.PooledDataSource  - Returned connection 363509958 to pool.
10:45:10,946 [main] DEBUG org.activiti.engine.impl.interceptor.LogInterceptor  - --- DeleteGroupCmd finished --------------------------------------------------------
10:45:10,946 [main] DEBUG org.activiti.engine.impl.interceptor.LogInterceptor  - 

10:45:10,946 [main] DEBUG org.activiti.engine.impl.interceptor.LogInterceptor  - 

10:45:10,946 [main] DEBUG org.activiti.engine.impl.interceptor.LogInterceptor  - --- starting DeleteUserCmd --------------------------------------------------------
10:45:10,946 [main] DEBUG org.apache.ibatis.transaction.jdbc.JdbcTransaction  - Opening JDBC Connection
10:45:10,946 [main] DEBUG org.apache.ibatis.datasource.pooled.PooledDataSource  - Checked out connection 297240765 from pool.
10:45:10,946 [main] DEBUG org.apache.ibatis.transaction.jdbc.JdbcTransaction  - Setting autocommit to false on JDBC Connection [conn4: url=jdbc:h2:mem:activiti user=SA]
10:45:10,946 [main] DEBUG org.activiti.engine.impl.persistence.entity.UserEntity.selectUserById  - ==&gt;  Preparing: select * from ACT_ID_USER where ID_ = ? 
10:45:10,946 [main] DEBUG org.activiti.engine.impl.persistence.entity.UserEntity.selectUserById  - ==&gt; Parameters: gonzo(String)
10:45:10,947 [main] DEBUG org.activiti.engine.impl.persistence.entity.UserEntity.selectUserById  - &lt;==      Total: 1
10:45:10,947 [main] DEBUG org.activiti.engine.impl.persistence.entity.IdentityInfoEntity.selectIdentityInfoByUserId  - ==&gt;  Preparing: select * from ACT_ID_INFO where USER_ID_ = ? 
10:45:10,947 [main] DEBUG org.activiti.engine.impl.persistence.entity.IdentityInfoEntity.selectIdentityInfoByUserId  - ==&gt; Parameters: gonzo(String)
10:45:10,947 [main] DEBUG org.activiti.engine.impl.persistence.entity.IdentityInfoEntity.selectIdentityInfoByUserId  - &lt;==      Total: 0
10:45:10,947 [main] DEBUG org.activiti.engine.impl.db.DbSqlSession  -   bulk delete: deleteMembershipsByUserId(gonzo)
10:45:10,947 [main] DEBUG org.activiti.engine.impl.db.DbSqlSession  -   delete org.activiti.engine.impl.persistence.entity.UserEntity@6ccd3cf1
10:45:10,947 [main] DEBUG org.activiti.engine.impl.db.DbSqlSession  - flush summary: 0 insert, 0 update, 2 delete.
10:45:10,947 [main] DEBUG org.activiti.engine.impl.db.DbSqlSession  - now executing flush...
10:45:10,947 [main] DEBUG org.activiti.engine.impl.db.DbSqlSession  - executing: bulk delete: deleteMembershipsByUserId(gonzo)
10:45:10,947 [main] DEBUG org.activiti.engine.impl.persistence.entity.MembershipRelation.deleteMembershipsByUserId  - ==&gt;  Preparing: delete from ACT_ID_MEMBERSHIP where USER_ID_ = ? 
10:45:10,947 [main] DEBUG org.activiti.engine.impl.persistence.entity.MembershipRelation.deleteMembershipsByUserId  - ==&gt; Parameters: gonzo(String)
10:45:10,947 [main] DEBUG org.activiti.engine.impl.persistence.entity.MembershipRelation.deleteMembershipsByUserId  - &lt;==    Updates: 0
10:45:10,947 [main] DEBUG org.activiti.engine.impl.db.DbSqlSession  - executing: delete org.activiti.engine.impl.persistence.entity.UserEntity@6ccd3cf1
10:45:10,947 [main] DEBUG org.activiti.engine.impl.persistence.entity.UserEntity.deleteUser  - ==&gt;  Preparing: delete from ACT_ID_USER where ID_ = ? and REV_ = ? 
10:45:10,947 [main] DEBUG org.activiti.engine.impl.persistence.entity.UserEntity.deleteUser  - ==&gt; Parameters: gonzo(String), 1(Integer)
10:45:10,947 [main] DEBUG org.activiti.engine.impl.persistence.entity.UserEntity.deleteUser  - &lt;==    Updates: 1
10:45:10,947 [main] DEBUG org.activiti.engine.impl.cfg.standalone.StandaloneMybatisTransactionContext  - firing event committing...
10:45:10,947 [main] DEBUG org.activiti.engine.impl.cfg.standalone.StandaloneMybatisTransactionContext  - committing the ibatis sql session...
10:45:10,947 [main] DEBUG org.apache.ibatis.transaction.jdbc.JdbcTransaction  - Committing JDBC Connection [conn4: url=jdbc:h2:mem:activiti user=SA]
10:45:10,947 [main] DEBUG org.activiti.engine.impl.cfg.standalone.StandaloneMybatisTransactionContext  - firing event committed...
10:45:10,947 [main] DEBUG org.apache.ibatis.transaction.jdbc.JdbcTransaction  - Resetting autocommit to true on JDBC Connection [conn4: url=jdbc:h2:mem:activiti user=SA]
10:45:10,947 [main] DEBUG org.apache.ibatis.transaction.jdbc.JdbcTransaction  - Closing JDBC Connection [conn4: url=jdbc:h2:mem:activiti user=SA]
10:45:10,947 [main] DEBUG org.apache.ibatis.datasource.pooled.PooledDataSource  - Returned connection 297240765 to pool.
10:45:10,947 [main] DEBUG org.activiti.engine.impl.interceptor.LogInterceptor  - --- DeleteUserCmd finished --------------------------------------------------------
10:45:10,947 [main] DEBUG org.activiti.engine.impl.interceptor.LogInterceptor  - 

10:45:10,947 [main] DEBUG org.activiti.engine.impl.interceptor.LogInterceptor  - 

10:45:10,947 [main] DEBUG org.activiti.engine.impl.interceptor.LogInterceptor  - --- starting DeleteUserCmd --------------------------------------------------------
10:45:10,947 [main] DEBUG org.apache.ibatis.transaction.jdbc.JdbcTransaction  - Opening JDBC Connection
10:45:10,947 [main] DEBUG org.apache.ibatis.datasource.pooled.PooledDataSource  - Checked out connection 486346394 from pool.
10:45:10,947 [main] DEBUG org.apache.ibatis.transaction.jdbc.JdbcTransaction  - Setting autocommit to false on JDBC Connection [conn6: url=jdbc:h2:mem:activiti user=SA]
10:45:10,947 [main] DEBUG org.activiti.engine.impl.persistence.entity.UserEntity.selectUserById  - ==&gt;  Preparing: select * from ACT_ID_USER where ID_ = ? 
10:45:10,947 [main] DEBUG org.activiti.engine.impl.persistence.entity.UserEntity.selectUserById  - ==&gt; Parameters: kermit(String)
10:45:10,947 [main] DEBUG org.activiti.engine.impl.persistence.entity.UserEntity.selectUserById  - &lt;==      Total: 1
10:45:10,947 [main] DEBUG org.activiti.engine.impl.persistence.entity.IdentityInfoEntity.selectIdentityInfoByUserId  - ==&gt;  Preparing: select * from ACT_ID_INFO where USER_ID_ = ? 
10:45:10,947 [main] DEBUG org.activiti.engine.impl.persistence.entity.IdentityInfoEntity.selectIdentityInfoByUserId  - ==&gt; Parameters: kermit(String)
10:45:10,947 [main] DEBUG org.activiti.engine.impl.persistence.entity.IdentityInfoEntity.selectIdentityInfoByUserId  - &lt;==      Total: 0
10:45:10,947 [main] DEBUG org.activiti.engine.impl.db.DbSqlSession  -   bulk delete: deleteMembershipsByUserId(kermit)
10:45:10,947 [main] DEBUG org.activiti.engine.impl.db.DbSqlSession  -   delete org.activiti.engine.impl.persistence.entity.UserEntity@4c9235c0
10:45:10,947 [main] DEBUG org.activiti.engine.impl.db.DbSqlSession  - flush summary: 0 insert, 0 update, 2 delete.
10:45:10,947 [main] DEBUG org.activiti.engine.impl.db.DbSqlSession  - now executing flush...
10:45:10,947 [main] DEBUG org.activiti.engine.impl.db.DbSqlSession  - executing: bulk delete: deleteMembershipsByUserId(kermit)
10:45:10,947 [main] DEBUG org.activiti.engine.impl.persistence.entity.MembershipRelation.deleteMembershipsByUserId  - ==&gt;  Preparing: delete from ACT_ID_MEMBERSHIP where USER_ID_ = ? 
10:45:10,947 [main] DEBUG org.activiti.engine.impl.persistence.entity.MembershipRelation.deleteMembershipsByUserId  - ==&gt; Parameters: kermit(String)
10:45:10,947 [main] DEBUG org.activiti.engine.impl.persistence.entity.MembershipRelation.deleteMembershipsByUserId  - &lt;==    Updates: 0
10:45:10,947 [main] DEBUG org.activiti.engine.impl.db.DbSqlSession  - executing: delete org.activiti.engine.impl.persistence.entity.UserEntity@4c9235c0
10:45:10,947 [main] DEBUG org.activiti.engine.impl.persistence.entity.UserEntity.deleteUser  - ==&gt;  Preparing: delete from ACT_ID_USER where ID_ = ? and REV_ = ? 
10:45:10,947 [main] DEBUG org.activiti.engine.impl.persistence.entity.UserEntity.deleteUser  - ==&gt; Parameters: kermit(String), 1(Integer)
10:45:10,947 [main] DEBUG org.activiti.engine.impl.persistence.entity.UserEntity.deleteUser  - &lt;==    Updates: 1
10:45:10,947 [main] DEBUG org.activiti.engine.impl.cfg.standalone.StandaloneMybatisTransactionContext  - firing event committing...
10:45:10,947 [main] DEBUG org.activiti.engine.impl.cfg.standalone.StandaloneMybatisTransactionContext  - committing the ibatis sql session...
10:45:10,947 [main] DEBUG org.apache.ibatis.transaction.jdbc.JdbcTransaction  - Committing JDBC Connection [conn6: url=jdbc:h2:mem:activiti user=SA]
10:45:10,947 [main] DEBUG org.activiti.engine.impl.cfg.standalone.StandaloneMybatisTransactionContext  - firing event committed...
10:45:10,947 [main] DEBUG org.apache.ibatis.transaction.jdbc.JdbcTransaction  - Resetting autocommit to true on JDBC Connection [conn6: url=jdbc:h2:mem:activiti user=SA]
10:45:10,947 [main] DEBUG org.apache.ibatis.transaction.jdbc.JdbcTransaction  - Closing JDBC Connection [conn6: url=jdbc:h2:mem:activiti user=SA]
10:45:10,947 [main] DEBUG org.apache.ibatis.datasource.pooled.PooledDataSource  - Returned connection 486346394 to pool.
10:45:10,947 [main] DEBUG org.activiti.engine.impl.interceptor.LogInterceptor  - --- DeleteUserCmd finished --------------------------------------------------------
10:45:10,947 [main] DEBUG org.activiti.engine.impl.interceptor.LogInterceptor  - 

10:45:10,947 [main] DEBUG org.activiti.engine.impl.interceptor.LogInterceptor  - 

10:45:10,947 [main] DEBUG org.activiti.engine.impl.interceptor.LogInterceptor  - --- starting DeleteTaskCmd --------------------------------------------------------
10:45:10,947 [main] DEBUG org.apache.ibatis.transaction.jdbc.JdbcTransaction  - Opening JDBC Connection
10:45:10,947 [main] DEBUG org.apache.ibatis.datasource.pooled.PooledDataSource  - Checked out connection 180014677 from pool.
10:45:10,947 [main] DEBUG org.apache.ibatis.transaction.jdbc.JdbcTransaction  - Setting autocommit to false on JDBC Connection [conn3: url=jdbc:h2:mem:activiti user=SA]
10:45:10,947 [main] DEBUG org.activiti.engine.impl.persistence.entity.TaskEntity.selectTask  - ==&gt;  Preparing: select * from ACT_RU_TASK where ID_ = ? 
10:45:10,947 [main] DEBUG org.activiti.engine.impl.persistence.entity.TaskEntity.selectTask  - ==&gt; Parameters: 879(String)
10:45:10,947 [main] DEBUG org.activiti.engine.impl.persistence.entity.TaskEntity.selectTask  - &lt;==      Total: 1
10:45:10,947 [main] DEBUG org.activiti.engine.impl.persistence.entity.TaskEntity.selectTasksByParentTaskId  - ==&gt;  Preparing: select * from ACT_RU_TASK where PARENT_TASK_ID_ = ? 
10:45:10,947 [main] DEBUG org.activiti.engine.impl.persistence.entity.TaskEntity.selectTasksByParentTaskId  - ==&gt; Parameters: 879(String)
10:45:10,947 [main] DEBUG org.activiti.engine.impl.persistence.entity.TaskEntity.selectTasksByParentTaskId  - &lt;==      Total: 2
10:45:10,947 [main] DEBUG org.activiti.engine.impl.persistence.entity.TaskEntity.selectTasksByParentTaskId  - ==&gt;  Preparing: select * from ACT_RU_TASK where PARENT_TASK_ID_ = ? 
10:45:10,947 [main] DEBUG org.activiti.engine.impl.persistence.entity.TaskEntity.selectTasksByParentTaskId  - ==&gt; Parameters: 882(String)
10:45:10,947 [main] DEBUG org.activiti.engine.impl.persistence.entity.TaskEntity.selectTasksByParentTaskId  - &lt;==      Total: 0
10:45:10,947 [main] DEBUG org.activiti.engine.impl.persistence.entity.IdentityLinkEntity.selectIdentityLinksByTask  - ==&gt;  Preparing: select * from ACT_RU_IDENTITYLINK where TASK_ID_ = ? 
10:45:10,947 [main] DEBUG org.activiti.engine.impl.persistence.entity.IdentityLinkEntity.selectIdentityLinksByTask  - ==&gt; Parameters: 882(String)
10:45:10,947 [main] DEBUG org.activiti.engine.impl.persistence.entity.IdentityLinkEntity.selectIdentityLinksByTask  - &lt;==      Total: 1
10:45:10,947 [main] DEBUG org.activiti.engine.impl.persistence.entity.VariableInstanceEntity.selectVariablesByTaskId  - ==&gt;  Preparing: select * from ACT_RU_VARIABLE where TASK_ID_ = ? 
10:45:10,947 [main] DEBUG org.activiti.engine.impl.persistence.entity.VariableInstanceEntity.selectVariablesByTaskId  - ==&gt; Parameters: 882(String)
10:45:10,947 [main] DEBUG org.activiti.engine.impl.persistence.entity.VariableInstanceEntity.selectVariablesByTaskId  - &lt;==      Total: 0
10:45:10,947 [main] DEBUG org.activiti.engine.impl.history.DefaultHistoryManager  - Current history level: FULL
10:45:10,947 [main] DEBUG org.activiti.engine.impl.history.DefaultHistoryManager  - Current history level: FULL
10:45:10,947 [main] DEBUG org.activiti.engine.impl.persistence.entity.HistoricTaskInstanceEntity.selectHistoricTaskInstance  - ==&gt;  Preparing: select * from ACT_HI_TASKINST where ID_ = ? 
10:45:10,947 [main] DEBUG org.activiti.engine.impl.persistence.entity.HistoricTaskInstanceEntity.selectHistoricTaskInstance  - ==&gt; Parameters: 882(String)
10:45:10,948 [main] DEBUG org.activiti.engine.impl.persistence.entity.HistoricTaskInstanceEntity.selectHistoricTaskInstance  - &lt;==      Total: 1
10:45:10,948 [main] DEBUG org.activiti.engine.impl.persistence.entity.HistoricTaskInstanceEntity.selectHistoricTasksByParentTaskId  - ==&gt;  Preparing: select * from ACT_HI_TASKINST where PARENT_TASK_ID_ = ? 
10:45:10,948 [main] DEBUG org.activiti.engine.impl.persistence.entity.HistoricTaskInstanceEntity.selectHistoricTasksByParentTaskId  - ==&gt; Parameters: 882(String)
10:45:10,948 [main] DEBUG org.activiti.engine.impl.persistence.entity.HistoricTaskInstanceEntity.selectHistoricTasksByParentTaskId  - &lt;==      Total: 0
10:45:10,948 [main] DEBUG org.activiti.engine.impl.history.DefaultHistoryManager  - Current history level: FULL, level required: FULL
10:45:10,948 [main] DEBUG org.activiti.engine.impl.persistence.entity.HistoricDetailEntity.selectHistoricDetailsByQueryCriteria  - ==&gt;  Preparing: select RES.* from ACT_HI_DETAIL RES WHERE RES.TASK_ID_ = ? order by order by RES.ID_ asc LIMIT ? OFFSET ? 
10:45:10,948 [main] DEBUG org.activiti.engine.impl.interceptor.CommandContext  - Error while closing command context
org.apache.ibatis.exceptions.PersistenceException: 
### Error querying database.  Cause: org.h2.jdbc.JdbcSQLException: Syntax error in SQL statement &quot;SELECT RES.* 
     
    FROM ACT_HI_DETAIL RES
     WHERE  RES.TASK_ID_ = ? 
   
     ORDER BY  ORDER[*] BY RES.ID_ ASC  
    LIMIT ? OFFSET ? &quot;; expected &quot;=, NOT, EXISTS, INTERSECTS, SELECT, FROM&quot;; SQL statement:
select RES.* 
     
    from ACT_HI_DETAIL RES
     WHERE  RES.TASK_ID_ = ? 
   
     order by  order by RES.ID_ asc  
    LIMIT ? OFFSET ? [42001-176]
### The error may exist in org/activiti/db/mapping/entity/HistoricDetail.xml
### The error may involve org.activiti.engine.impl.persistence.entity.HistoricDetailEntity.selectHistoricDetailsByQueryCriteria
### The error occurred while executing a query
### SQL: select RES.*            from ACT_HI_DETAIL RES      WHERE  RES.TASK_ID_ = ?           order by  order by RES.ID_ asc       LIMIT ? OFFSET ?
### Cause: org.h2.jdbc.JdbcSQLException: Syntax error in SQL statement &quot;SELECT RES.* 
     
    FROM ACT_HI_DETAIL RES
     WHERE  RES.TASK_ID_ = ? 
   
     ORDER BY  ORDER[*] BY RES.ID_ ASC  
    LIMIT ? OFFSET ? &quot;; expected &quot;=, NOT, EXISTS, INTERSECTS, SELECT, FROM&quot;; SQL statement:
select RES.* 
     
    from ACT_HI_DETAIL RES
     WHERE  RES.TASK_ID_ = ? 
   
     order by  order by RES.ID_ asc  
    LIMIT ? OFFSET ? [42001-176]
	at org.apache.ibatis.exceptions.ExceptionFactory.wrapException(ExceptionFactory.java:30)
	at org.apache.ibatis.session.defaults.DefaultSqlSession.selectList(DefaultSqlSession.java:122)
	at org.apache.ibatis.session.defaults.DefaultSqlSession.selectList(DefaultSqlSession.java:113)
	at org.activiti.engine.impl.db.DbSqlSession.selectListWithRawParameter(DbSqlSession.java:438)
	at org.activiti.engine.impl.db.DbSqlSession.selectList(DbSqlSession.java:429)
	at org.activiti.engine.impl.db.DbSqlSession.selectList(DbSqlSession.java:419)
	at org.activiti.engine.impl.persistence.entity.HistoricDetailEntityManager.findHistoricDetailsByQueryCriteria(HistoricDetailEntityManager.java:51)
	at org.activiti.engine.impl.HistoricDetailQueryImpl.executeList(HistoricDetailQueryImpl.java:112)
	at org.activiti.engine.impl.AbstractQuery.list(AbstractQuery.java:140)
	at org.activiti.engine.impl.persistence.entity.HistoricDetailEntityManager.deleteHistoricDetailsByTaskId(HistoricDetailEntityManager.java:58)
	at org.activiti.engine.impl.persistence.entity.HistoricTaskInstanceEntityManager.deleteHistoricTaskInstanceById(HistoricTaskInstanceEntityManager.java:122)
	at org.activiti.engine.impl.persistence.entity.TaskEntityManager.deleteTask(TaskEntityManager.java:91)
	at org.activiti.engine.impl.persistence.entity.TaskEntityManager.deleteTask(TaskEntityManager.java:77)
	at org.activiti.engine.impl.persistence.entity.TaskEntityManager.deleteTask(TaskEntityManager.java:201)
	at org.activiti.engine.impl.cmd.DeleteTaskCmd.deleteTask(DeleteTaskCmd.java:64)
	at org.activiti.engine.impl.cmd.DeleteTaskCmd.execute(DeleteTaskCmd.java:51)
	at org.activiti.engine.impl.cmd.DeleteTaskCmd.execute(DeleteTaskCmd.java:26)
	at org.activiti.engine.impl.interceptor.CommandInvoker.execute(CommandInvoker.java:24)
	at org.activiti.engine.impl.interceptor.CommandContextInterceptor.execute(CommandContextInterceptor.java:57)
	at org.activiti.engine.impl.interceptor.LogInterceptor.execute(LogInterceptor.java:37)
	at org.activiti.engine.impl.cfg.CommandExecutorImpl.execute(CommandExecutorImpl.java:40)
	at org.activiti.engine.impl.cfg.CommandExecutorImpl.execute(CommandExecutorImpl.java:35)
	at org.activiti.engine.impl.TaskServiceImpl.deleteTasks(TaskServiceImpl.java:109)
	at org.activiti.engine.test.api.task.SubTaskQueryTest.tearDown(SubTaskQueryTest.java:51)
	at junit.framework.TestCase.runBare(TestCase.java:146)
	at org.activiti.engine.impl.test.AbstractActivitiTestCase.runBare(AbstractActivitiTestCase.java:100)
	at junit.framework.TestResult$1.protect(TestResult.java:122)
	at junit.framework.TestResult.runProtected(TestResult.java:142)
	at junit.framework.TestResult.run(TestResult.java:125)
	at junit.framework.TestCase.run(TestCase.java:129)
	at junit.framework.TestSuite.runTest(TestSuite.java:255)
	at junit.framework.TestSuite.run(TestSuite.java:250)
	at org.junit.internal.runners.JUnit38ClassRunner.run(JUnit38ClassRunner.java:84)
	at org.apache.maven.surefire.junit4.JUnit4TestSet.execute(JUnit4TestSet.java:35)
	at org.apache.maven.surefire.junit4.JUnit4Provider.executeTestSet(JUnit4Provider.java:146)
	at org.apache.maven.surefire.junit4.JUnit4Provider.invoke(JUnit4Provider.java:97)
	at sun.reflect.NativeMethodAccessorImpl.invoke0(Native Method)
	at sun.reflect.NativeMethodAccessorImpl.invoke(NativeMethodAccessorImpl.java:62)
	at sun.reflect.DelegatingMethodAccessorImpl.invoke(DelegatingMethodAccessorImpl.java:43)
	at java.lang.reflect.Method.invoke(Method.java:498)
	at org.apache.maven.surefire.booter.ProviderFactory$ClassLoaderProxy.invoke(ProviderFactory.java:103)
	at com.sun.proxy.$Proxy0.invoke(Unknown Source)
	at org.apache.maven.surefire.booter.SurefireStarter.invokeProvider(SurefireStarter.java:145)
	at org.apache.maven.surefire.booter.SurefireStarter.runSuitesInProcess(SurefireStarter.java:87)
	at org.apache.maven.surefire.booter.ForkedBooter.main(ForkedBooter.java:69)
Caused by: org.h2.jdbc.JdbcSQLException: Syntax error in SQL statement &quot;SELECT RES.* 
     
    FROM ACT_HI_DETAIL RES
     WHERE  RES.TASK_ID_ = ? 
   
     ORDER BY  ORDER[*] BY RES.ID_ ASC  
    LIMIT ? OFFSET ? &quot;; expected &quot;=, NOT, EXISTS, INTERSECTS, SELECT, FROM&quot;; SQL statement:
select RES.* 
     
    from ACT_HI_DETAIL RES
     WHERE  RES.TASK_ID_ = ? 
   
     order by  order by RES.ID_ asc  
    LIMIT ? OFFSET ? [42001-176]
	at org.h2.message.DbException.getJdbcSQLException(DbException.java:344)
	at org.h2.message.DbException.getSyntaxError(DbException.java:204)
	at org.h2.command.Parser.getSyntaxError(Parser.java:524)
	at org.h2.command.Parser.readTerm(Parser.java:2688)
	at org.h2.command.Parser.readFactor(Parser.java:2244)
	at org.h2.command.Parser.readSum(Parser.java:2231)
	at org.h2.command.Parser.readConcat(Parser.java:2201)
	at org.h2.command.Parser.readCondition(Parser.java:2051)
	at org.h2.command.Parser.readAnd(Parser.java:2023)
	at org.h2.command.Parser.readExpression(Parser.java:2015)
	at org.h2.command.Parser.parseEndOfQuery(Parser.java:1726)
	at org.h2.command.Parser.parseSelectUnionExtension(Parser.java:1706)
	at org.h2.command.Parser.parseSelectUnion(Parser.java:1675)
	at org.h2.command.Parser.parseSelect(Parser.java:1662)
	at org.h2.command.Parser.parsePrepared(Parser.java:434)
	at org.h2.command.Parser.parse(Parser.java:306)
	at org.h2.command.Parser.parse(Parser.java:282)
	at org.h2.command.Parser.prepareCommand(Parser.java:243)
	at org.h2.engine.Session.prepareLocal(Session.java:442)
	at org.h2.engine.Session.prepareCommand(Session.java:384)
	at org.h2.jdbc.JdbcConnection.prepareCommand(JdbcConnection.java:1188)
	at org.h2.jdbc.JdbcPreparedStatement.&lt;init&gt;(JdbcPreparedStatement.java:73)
	at org.h2.jdbc.JdbcConnection.prepareStatement(JdbcConnection.java:276)
	at sun.reflect.GeneratedMethodAccessor6.invoke(Unknown Source)
	at sun.reflect.DelegatingMethodAccessorImpl.invoke(DelegatingMethodAccessorImpl.java:43)
	at java.lang.reflect.Method.invoke(Method.java:498)
	at org.apache.ibatis.datasource.pooled.PooledConnection.invoke(PooledConnection.java:245)
	at com.sun.proxy.$Proxy12.prepareStatement(Unknown Source)
	at sun.reflect.GeneratedMethodAccessor6.invoke(Unknown Source)
	at sun.reflect.DelegatingMethodAccessorImpl.invoke(DelegatingMethodAccessorImpl.java:43)
	at java.lang.reflect.Method.invoke(Method.java:498)
	at org.apache.ibatis.logging.jdbc.ConnectionLogger.invoke(ConnectionLogger.java:55)
	at com.sun.proxy.$Proxy12.prepareStatement(Unknown Source)
	at org.apache.ibatis.executor.statement.PreparedStatementHandler.instantiateStatement(PreparedStatementHandler.java:79)
	at org.apache.ibatis.executor.statement.BaseStatementHandler.prepare(BaseStatementHandler.java:88)
	at org.apache.ibatis.executor.statement.RoutingStatementHandler.prepare(RoutingStatementHandler.java:58)
	at org.apache.ibatis.executor.SimpleExecutor.prepareStatement(SimpleExecutor.java:76)
	at org.apache.ibatis.executor.SimpleExecutor.doQuery(SimpleExecutor.java:61)
	at org.apache.ibatis.executor.BaseExecutor.queryFromDatabase(BaseExecutor.java:303)
	at org.apache.ibatis.executor.BaseExecutor.query(BaseExecutor.java:154)
	at org.apache.ibatis.executor.CachingExecutor.query(CachingExecutor.java:102)
	at org.apache.ibatis.executor.CachingExecutor.query(CachingExecutor.java:82)
	at org.apache.ibatis.session.defaults.DefaultSqlSession.selectList(DefaultSqlSession.java:120)
	... 43 more
10:45:10,948 [main] DEBUG org.activiti.engine.impl.cfg.standalone.StandaloneMybatisTransactionContext  - firing event rolling back...
10:45:10,948 [main] DEBUG org.activiti.engine.impl.cfg.standalone.StandaloneMybatisTransactionContext  - rolling back ibatis sql session...
10:45:10,948 [main] DEBUG org.activiti.engine.impl.cfg.standalone.StandaloneMybatisTransactionContext  - firing event rolled back...
10:45:10,948 [main] DEBUG org.apache.ibatis.transaction.jdbc.JdbcTransaction  - Resetting autocommit to true on JDBC Connection [conn3: url=jdbc:h2:mem:activiti user=SA]
10:45:10,948 [main] DEBUG org.apache.ibatis.transaction.jdbc.JdbcTransaction  - Closing JDBC Connection [conn3: url=jdbc:h2:mem:activiti user=SA]
10:45:10,948 [main] DEBUG org.apache.ibatis.datasource.pooled.PooledDataSource  - Returned connection 180014677 to pool.
10:45:10,948 [main] DEBUG org.activiti.engine.impl.interceptor.LogInterceptor  - --- DeleteTaskCmd finished --------------------------------------------------------
10:45:10,948 [main] DEBUG org.activiti.engine.impl.interceptor.LogInterceptor  - 

10:45:10,948 [main] ERROR org.activiti.engine.impl.test.PvmTestCase  - 

10:45:10,948 [main] ERROR org.activiti.engine.impl.test.PvmTestCase  - EXCEPTION: org.apache.ibatis.exceptions.PersistenceException: 
### Error querying database.  Cause: org.h2.jdbc.JdbcSQLException: Syntax error in SQL statement &quot;SELECT DISTINCT RES.* 
       
    FROM ACT_RU_TASK RES
     
     
     
     
    
     
     
     
      
   
    
     ORDER BY  ORDER[*] BY RES.ASSIGNEE_ ASC  
    LIMIT ? OFFSET ? &quot;; expected &quot;=, NOT, EXISTS, INTERSECTS, SELECT, FROM&quot;; SQL statement:
select distinct RES.* 
       
    from ACT_RU_TASK RES
     
     
     
     
    
     
     
     
      
   
    
     order by  order by RES.ASSIGNEE_ asc  
    LIMIT ? OFFSET ? [42001-176]
### The error may exist in org/activiti/db/mapping/entity/Task.xml
### The error may involve org.activiti.engine.impl.persistence.entity.TaskEntity.selectTaskByQueryCriteria
### The error occurred while executing a query
### SQL: select distinct RES.*              from ACT_RU_TASK RES                                                                     order by  order by RES.ASSIGNEE_ asc       LIMIT ? OFFSET ?
### Cause: org.h2.jdbc.JdbcSQLException: Syntax error in SQL statement &quot;SELECT DISTINCT RES.* 
       
    FROM ACT_RU_TASK RES
     
     
     
     
    
     
     
     
      
   
    
     ORDER BY  ORDER[*] BY RES.ASSIGNEE_ ASC  
    LIMIT ? OFFSET ? &quot;; expected &quot;=, NOT, EXISTS, INTERSECTS, SELECT, FROM&quot;; SQL statement:
select distinct RES.* 
       
    from ACT_RU_TASK RES
     
     
     
     
    
     
     
     
      
   
    
     order by  order by RES.ASSIGNEE_ asc  
    LIMIT ? OFFSET ? [42001-176]
org.apache.ibatis.exceptions.PersistenceException: 
### Error querying database.  Cause: org.h2.jdbc.JdbcSQLException: Syntax error in SQL statement &quot;SELECT DISTINCT RES.* 
       
    FROM ACT_RU_TASK RES
     
     
     
     
    
     
     
     
      
   
    
     ORDER BY  ORDER[*] BY RES.ASSIGNEE_ ASC  
    LIMIT ? OFFSET ? &quot;; expected &quot;=, NOT, EXISTS, INTERSECTS, SELECT, FROM&quot;; SQL statement:
select distinct RES.* 
       
    from ACT_RU_TASK RES
     
     
     
     
    
     
     
     
      
   
    
     order by  order by RES.ASSIGNEE_ asc  
    LIMIT ? OFFSET ? [42001-176]
### The error may exist in org/activiti/db/mapping/entity/Task.xml
### The error may involve org.activiti.engine.impl.persistence.entity.TaskEntity.selectTaskByQueryCriteria
### The error occurred while executing a query
### SQL: select distinct RES.*              from ACT_RU_TASK RES                                                                     order by  order by RES.ASSIGNEE_ asc       LIMIT ? OFFSET ?
### Cause: org.h2.jdbc.JdbcSQLException: Syntax error in SQL statement &quot;SELECT DISTINCT RES.* 
       
    FROM ACT_RU_TASK RES
     
     
     
     
    
     
     
     
      
   
    
     ORDER BY  ORDER[*] BY RES.ASSIGNEE_ ASC  
    LIMIT ? OFFSET ? &quot;; expected &quot;=, NOT, EXISTS, INTERSECTS, SELECT, FROM&quot;; SQL statement:
select distinct RES.* 
       
    from ACT_RU_TASK RES
     
     
     
     
    
     
     
     
      
   
    
     order by  order by RES.ASSIGNEE_ asc  
    LIMIT ? OFFSET ? [42001-176]
	at org.apache.ibatis.exceptions.ExceptionFactory.wrapException(ExceptionFactory.java:30)
	at org.apache.ibatis.session.defaults.DefaultSqlSession.selectList(DefaultSqlSession.java:122)
	at org.apache.ibatis.session.defaults.DefaultSqlSession.selectList(DefaultSqlSession.java:113)
	at org.activiti.engine.impl.db.DbSqlSession.selectListWithRawParameter(DbSqlSession.java:438)
	at org.activiti.engine.impl.db.DbSqlSession.selectList(DbSqlSession.java:429)
	at org.activiti.engine.impl.persistence.entity.TaskEntityManager.findTasksByQueryCriteria(TaskEntityManager.java:135)
	at org.activiti.engine.impl.TaskQueryImpl.executeList(TaskQueryImpl.java:1256)
	at org.activiti.engine.impl.AbstractQuery.execute(AbstractQuery.java:164)
	at org.activiti.engine.impl.interceptor.CommandInvoker.execute(CommandInvoker.java:24)
	at org.activiti.engine.impl.interceptor.CommandContextInterceptor.execute(CommandContextInterceptor.java:57)
	at org.activiti.engine.impl.interceptor.LogInterceptor.execute(LogInterceptor.java:37)
	at org.activiti.engine.impl.cfg.CommandExecutorImpl.execute(CommandExecutorImpl.java:40)
	at org.activiti.engine.impl.cfg.CommandExecutorImpl.execute(CommandExecutorImpl.java:35)
	at org.activiti.engine.impl.AbstractQuery.list(AbstractQuery.java:138)
	at org.activiti.engine.test.api.task.SubTaskQueryTest.testQueryExcludeSubtasksSorted(SubTaskQueryTest.java:89)
	at sun.reflect.NativeMethodAccessorImpl.invoke0(Native Method)
	at sun.reflect.NativeMethodAccessorImpl.invoke(NativeMethodAccessorImpl.java:62)
	at sun.reflect.DelegatingMethodAccessorImpl.invoke(DelegatingMethodAccessorImpl.java:43)
	at java.lang.reflect.Method.invoke(Method.java:498)
	at junit.framework.TestCase.runTest(TestCase.java:176)
	at org.activiti.engine.impl.test.PvmTestCase.runTest(PvmTestCase.java:65)
	at junit.framework.TestCase.runBare(TestCase.java:141)
	at org.activiti.engine.impl.test.AbstractActivitiTestCase.runBare(AbstractActivitiTestCase.java:100)
	at junit.framework.TestResult$1.protect(TestResult.java:122)
	at junit.framework.TestResult.runProtected(TestResult.java:142)
	at junit.framework.TestResult.run(TestResult.java:125)
	at junit.framework.TestCase.run(TestCase.java:129)
	at junit.framework.TestSuite.runTest(TestSuite.java:255)
	at junit.framework.TestSuite.run(TestSuite.java:250)
	at org.junit.internal.runners.JUnit38ClassRunner.run(JUnit38ClassRunner.java:84)
	at org.apache.maven.surefire.junit4.JUnit4TestSet.execute(JUnit4TestSet.java:35)
	at org.apache.maven.surefire.junit4.JUnit4Provider.executeTestSet(JUnit4Provider.java:146)
	at org.apache.maven.surefire.junit4.JUnit4Provider.invoke(JUnit4Provider.java:97)
	at sun.reflect.NativeMethodAccessorImpl.invoke0(Native Method)
	at sun.reflect.NativeMethodAccessorImpl.invoke(NativeMethodAccessorImpl.java:62)
	at sun.reflect.DelegatingMethodAccessorImpl.invoke(DelegatingMethodAccessorImpl.java:43)
	at java.lang.reflect.Method.invoke(Method.java:498)
	at org.apache.maven.surefire.booter.ProviderFactory$ClassLoaderProxy.invoke(ProviderFactory.java:103)
	at com.sun.proxy.$Proxy0.invoke(Unknown Source)
	at org.apache.maven.surefire.booter.SurefireStarter.invokeProvider(SurefireStarter.java:145)
	at org.apache.maven.surefire.booter.SurefireStarter.runSuitesInProcess(SurefireStarter.java:87)
	at org.apache.maven.surefire.booter.ForkedBooter.main(ForkedBooter.java:69)
Caused by: org.h2.jdbc.JdbcSQLException: Syntax error in SQL statement &quot;SELECT DISTINCT RES.* 
       
    FROM ACT_RU_TASK RES
     
     
     
     
    
     
     
     
      
   
    
     ORDER BY  ORDER[*] BY RES.ASSIGNEE_ ASC  
    LIMIT ? OFFSET ? &quot;; expected &quot;=, NOT, EXISTS, INTERSECTS, SELECT, FROM&quot;; SQL statement:
select distinct RES.* 
       
    from ACT_RU_TASK RES
     
     
     
     
    
     
     
     
      
   
    
     order by  order by RES.ASSIGNEE_ asc  
    LIMIT ? OFFSET ? [42001-176]
	at org.h2.message.DbException.getJdbcSQLException(DbException.java:344)
	at org.h2.message.DbException.getSyntaxError(DbException.java:204)
	at org.h2.command.Parser.getSyntaxError(Parser.java:524)
	at org.h2.command.Parser.readTerm(Parser.java:2688)
	at org.h2.command.Parser.readFactor(Parser.java:2244)
	at org.h2.command.Parser.readSum(Parser.java:2231)
	at org.h2.command.Parser.readConcat(Parser.java:2201)
	at org.h2.command.Parser.readCondition(Parser.java:2051)
	at org.h2.command.Parser.readAnd(Parser.java:2023)
	at org.h2.command.Parser.readExpression(Parser.java:2015)
	at org.h2.command.Parser.parseEndOfQuery(Parser.java:1726)
	at org.h2.command.Parser.parseSelectUnionExtension(Parser.java:1706)
	at org.h2.command.Parser.parseSelectUnion(Parser.java:1675)
	at org.h2.command.Parser.parseSelect(Parser.java:1662)
	at org.h2.command.Parser.parsePrepared(Parser.java:434)
	at org.h2.command.Parser.parse(Parser.java:306)
	at org.h2.command.Parser.parse(Parser.java:282)
	at org.h2.command.Parser.prepareCommand(Parser.java:243)
	at org.h2.engine.Session.prepareLocal(Session.java:442)
	at org.h2.engine.Session.prepareCommand(Session.java:384)
	at org.h2.jdbc.JdbcConnection.prepareCommand(JdbcConnection.java:1188)
	at org.h2.jdbc.JdbcPreparedStatement.&lt;init&gt;(JdbcPreparedStatement.java:73)
	at org.h2.jdbc.JdbcConnection.prepareStatement(JdbcConnection.java:276)
	at sun.reflect.GeneratedMethodAccessor6.invoke(Unknown Source)
	at sun.reflect.DelegatingMethodAccessorImpl.invoke(DelegatingMethodAccessorImpl.java:43)
	at java.lang.reflect.Method.invoke(Method.java:498)
	at org.apache.ibatis.datasource.pooled.PooledConnection.invoke(PooledConnection.java:245)
	at com.sun.proxy.$Proxy12.prepareStatement(Unknown Source)
	at sun.reflect.GeneratedMethodAccessor6.invoke(Unknown Source)
	at sun.reflect.DelegatingMethodAccessorImpl.invoke(DelegatingMethodAccessorImpl.java:43)
	at java.lang.reflect.Method.invoke(Method.java:498)
	at org.apache.ibatis.logging.jdbc.ConnectionLogger.invoke(ConnectionLogger.java:55)
	at com.sun.proxy.$Proxy12.prepareStatement(Unknown Source)
	at org.apache.ibatis.executor.statement.PreparedStatementHandler.instantiateStatement(PreparedStatementHandler.java:79)
	at org.apache.ibatis.executor.statement.BaseStatementHandler.prepare(BaseStatementHandler.java:88)
	at org.apache.ibatis.executor.statement.RoutingStatementHandler.prepare(RoutingStatementHandler.java:58)
	at org.apache.ibatis.executor.SimpleExecutor.prepareStatement(SimpleExecutor.java:76)
	at org.apache.ibatis.executor.SimpleExecutor.doQuery(SimpleExecutor.java:61)
	at org.apache.ibatis.executor.BaseExecutor.queryFromDatabase(BaseExecutor.java:303)
	at org.apache.ibatis.executor.BaseExecutor.query(BaseExecutor.java:154)
	at org.apache.ibatis.executor.CachingExecutor.query(CachingExecutor.java:102)
	at org.apache.ibatis.executor.CachingExecutor.query(CachingExecutor.java:82)
	at org.apache.ibatis.session.defaults.DefaultSqlSession.selectList(DefaultSqlSession.java:120)
	... 40 more
10:45:10,948 [main] DEBUG org.activiti.engine.impl.test.PvmTestCase  - verifying that db is clean after test
10:45:10,948 [main] DEBUG org.activiti.engine.impl.interceptor.LogInterceptor  - 

10:45:10,948 [main] DEBUG org.activiti.engine.impl.interceptor.LogInterceptor  - --- starting GetTableCountCmd --------------------------------------------------------
10:45:10,948 [main] DEBUG org.apache.ibatis.transaction.jdbc.JdbcTransaction  - Opening JDBC Connection
10:45:10,948 [main] DEBUG org.apache.ibatis.datasource.pooled.PooledDataSource  - Checked out connection 363509958 from pool.
10:45:10,948 [main] DEBUG org.apache.ibatis.transaction.jdbc.JdbcTransaction  - Setting autocommit to false on JDBC Connection [conn2: url=jdbc:h2:mem:activiti user=SA]
10:45:10,948 [main] DEBUG org.activiti.engine.impl.persistence.entity.TableDataManager  - retrieving activiti tables from jdbc metadata
10:45:10,949 [main] DEBUG org.activiti.engine.impl.persistence.entity.TableDataManager  -   retrieved activiti table name ACT_EVT_LOG
10:45:10,949 [main] DEBUG org.activiti.engine.impl.persistence.entity.TableDataManager  -   retrieved activiti table name ACT_GE_BYTEARRAY
10:45:10,949 [main] DEBUG org.activiti.engine.impl.persistence.entity.TableDataManager  -   retrieved activiti table name ACT_GE_PROPERTY
10:45:10,949 [main] DEBUG org.activiti.engine.impl.persistence.entity.TableDataManager  -   retrieved activiti table name ACT_HI_ACTINST
10:45:10,949 [main] DEBUG org.activiti.engine.impl.persistence.entity.TableDataManager  -   retrieved activiti table name ACT_HI_ATTACHMENT
10:45:10,949 [main] DEBUG org.activiti.engine.impl.persistence.entity.TableDataManager  -   retrieved activiti table name ACT_HI_COMMENT
10:45:10,949 [main] DEBUG org.activiti.engine.impl.persistence.entity.TableDataManager  -   retrieved activiti table name ACT_HI_DETAIL
10:45:10,949 [main] DEBUG org.activiti.engine.impl.persistence.entity.TableDataManager  -   retrieved activiti table name ACT_HI_IDENTITYLINK
10:45:10,949 [main] DEBUG org.activiti.engine.impl.persistence.entity.TableDataManager  -   retrieved activiti table name ACT_HI_PROCINST
10:45:10,949 [main] DEBUG org.activiti.engine.impl.persistence.entity.TableDataManager  -   retrieved activiti table name ACT_HI_TASKINST
10:45:10,949 [main] DEBUG org.activiti.engine.impl.persistence.entity.TableDataManager  -   retrieved activiti table name ACT_HI_VARINST
10:45:10,949 [main] DEBUG org.activiti.engine.impl.persistence.entity.TableDataManager  -   retrieved activiti table name ACT_ID_GROUP
10:45:10,949 [main] DEBUG org.activiti.engine.impl.persistence.entity.TableDataManager  -   retrieved activiti table name ACT_ID_INFO
10:45:10,949 [main] DEBUG org.activiti.engine.impl.persistence.entity.TableDataManager  -   retrieved activiti table name ACT_ID_MEMBERSHIP
10:45:10,949 [main] DEBUG org.activiti.engine.impl.persistence.entity.TableDataManager  -   retrieved activiti table name ACT_ID_USER
10:45:10,949 [main] DEBUG org.activiti.engine.impl.persistence.entity.TableDataManager  -   retrieved activiti table name ACT_PROCDEF_INFO
10:45:10,949 [main] DEBUG org.activiti.engine.impl.persistence.entity.TableDataManager  -   retrieved activiti table name ACT_RE_DEPLOYMENT
10:45:10,949 [main] DEBUG org.activiti.engine.impl.persistence.entity.TableDataManager  -   retrieved activiti table name ACT_RE_MODEL
10:45:10,949 [main] DEBUG org.activiti.engine.impl.persistence.entity.TableDataManager  -   retrieved activiti table name ACT_RE_PROCDEF
10:45:10,949 [main] DEBUG org.activiti.engine.impl.persistence.entity.TableDataManager  -   retrieved activiti table name ACT_RU_EVENT_SUBSCR
10:45:10,949 [main] DEBUG org.activiti.engine.impl.persistence.entity.TableDataManager  -   retrieved activiti table name ACT_RU_EXECUTION
10:45:10,949 [main] DEBUG org.activiti.engine.impl.persistence.entity.TableDataManager  -   retrieved activiti table name ACT_RU_IDENTITYLINK
10:45:10,949 [main] DEBUG org.activiti.engine.impl.persistence.entity.TableDataManager  -   retrieved activiti table name ACT_RU_JOB
10:45:10,949 [main] DEBUG org.activiti.engine.impl.persistence.entity.TableDataManager  -   retrieved activiti table name ACT_RU_TASK
10:45:10,949 [main] DEBUG org.activiti.engine.impl.persistence.entity.TableDataManager  -   retrieved activiti table name ACT_RU_VARIABLE
10:45:10,949 [main] DEBUG org.activiti.engine.impl.persistence.entity.TableDataManager  - selecting table count for ACT_EVT_LOG
10:45:10,949 [main] DEBUG org.activiti.engine.impl.TablePageMap.selectTableCount  - ==&gt;  Preparing: select count(*) from ACT_EVT_LOG 
10:45:10,949 [main] DEBUG org.activiti.engine.impl.TablePageMap.selectTableCount  - ==&gt; Parameters: 
10:45:10,949 [main] DEBUG org.activiti.engine.impl.TablePageMap.selectTableCount  - &lt;==      Total: 1
10:45:10,949 [main] DEBUG org.activiti.engine.impl.persistence.entity.TableDataManager  - selecting table count for ACT_GE_BYTEARRAY
10:45:10,949 [main] DEBUG org.activiti.engine.impl.TablePageMap.selectTableCount  - ==&gt;  Preparing: select count(*) from ACT_GE_BYTEARRAY 
10:45:10,949 [main] DEBUG org.activiti.engine.impl.TablePageMap.selectTableCount  - ==&gt; Parameters: 
10:45:10,949 [main] DEBUG org.activiti.engine.impl.TablePageMap.selectTableCount  - &lt;==      Total: 1
10:45:10,949 [main] DEBUG org.activiti.engine.impl.persistence.entity.TableDataManager  - selecting table count for ACT_GE_PROPERTY
10:45:10,949 [main] DEBUG org.activiti.engine.impl.TablePageMap.selectTableCount  - ==&gt;  Preparing: select count(*) from ACT_GE_PROPERTY 
10:45:10,949 [main] DEBUG org.activiti.engine.impl.TablePageMap.selectTableCount  - ==&gt; Parameters: 
10:45:10,949 [main] DEBUG org.activiti.engine.impl.TablePageMap.selectTableCount  - &lt;==      Total: 1
10:45:10,949 [main] DEBUG org.activiti.engine.impl.persistence.entity.TableDataManager  - selecting table count for ACT_HI_ACTINST
10:45:10,949 [main] DEBUG org.activiti.engine.impl.TablePageMap.selectTableCount  - ==&gt;  Preparing: select count(*) from ACT_HI_ACTINST 
10:45:10,949 [main] DEBUG org.activiti.engine.impl.TablePageMap.selectTableCount  - ==&gt; Parameters: 
10:45:10,949 [main] DEBUG org.activiti.engine.impl.TablePageMap.selectTableCount  - &lt;==      Total: 1
10:45:10,949 [main] DEBUG org.activiti.engine.impl.persistence.entity.TableDataManager  - selecting table count for ACT_HI_ATTACHMENT
10:45:10,949 [main] DEBUG org.activiti.engine.impl.TablePageMap.selectTableCount  - ==&gt;  Preparing: select count(*) from ACT_HI_ATTACHMENT 
10:45:10,949 [main] DEBUG org.activiti.engine.impl.TablePageMap.selectTableCount  - ==&gt; Parameters: 
10:45:10,949 [main] DEBUG org.activiti.engine.impl.TablePageMap.selectTableCount  - &lt;==      Total: 1
10:45:10,949 [main] DEBUG org.activiti.engine.impl.persistence.entity.TableDataManager  - selecting table count for ACT_HI_COMMENT
10:45:10,949 [main] DEBUG org.activiti.engine.impl.TablePageMap.selectTableCount  - ==&gt;  Preparing: select count(*) from ACT_HI_COMMENT 
10:45:10,949 [main] DEBUG org.activiti.engine.impl.TablePageMap.selectTableCount  - ==&gt; Parameters: 
10:45:10,949 [main] DEBUG org.activiti.engine.impl.TablePageMap.selectTableCount  - &lt;==      Total: 1
10:45:10,949 [main] DEBUG org.activiti.engine.impl.persistence.entity.TableDataManager  - selecting table count for ACT_HI_DETAIL
10:45:10,949 [main] DEBUG org.activiti.engine.impl.TablePageMap.selectTableCount  - ==&gt;  Preparing: select count(*) from ACT_HI_DETAIL 
10:45:10,949 [main] DEBUG org.activiti.engine.impl.TablePageMap.selectTableCount  - ==&gt; Parameters: 
10:45:10,949 [main] DEBUG org.activiti.engine.impl.TablePageMap.selectTableCount  - &lt;==      Total: 1
10:45:10,949 [main] DEBUG org.activiti.engine.impl.persistence.entity.TableDataManager  - selecting table count for ACT_HI_IDENTITYLINK
10:45:10,949 [main] DEBUG org.activiti.engine.impl.TablePageMap.selectTableCount  - ==&gt;  Preparing: select count(*) from ACT_HI_IDENTITYLINK 
10:45:10,949 [main] DEBUG org.activiti.engine.impl.TablePageMap.selectTableCount  - ==&gt; Parameters: 
10:45:10,949 [main] DEBUG org.activiti.engine.impl.TablePageMap.selectTableCount  - &lt;==      Total: 1
10:45:10,949 [main] DEBUG org.activiti.engine.impl.persistence.entity.TableDataManager  - selecting table count for ACT_HI_PROCINST
10:45:10,949 [main] DEBUG org.activiti.engine.impl.TablePageMap.selectTableCount  - ==&gt;  Preparing: select count(*) from ACT_HI_PROCINST 
10:45:10,949 [main] DEBUG org.activiti.engine.impl.TablePageMap.selectTableCount  - ==&gt; Parameters: 
10:45:10,949 [main] DEBUG org.activiti.engine.impl.TablePageMap.selectTableCount  - &lt;==      Total: 1
10:45:10,949 [main] DEBUG org.activiti.engine.impl.persistence.entity.TableDataManager  - selecting table count for ACT_HI_TASKINST
10:45:10,949 [main] DEBUG org.activiti.engine.impl.TablePageMap.selectTableCount  - ==&gt;  Preparing: select count(*) from ACT_HI_TASKINST 
10:45:10,949 [main] DEBUG org.activiti.engine.impl.TablePageMap.selectTableCount  - ==&gt; Parameters: 
10:45:10,949 [main] DEBUG org.activiti.engine.impl.TablePageMap.selectTableCount  - &lt;==      Total: 1
10:45:10,949 [main] DEBUG org.activiti.engine.impl.persistence.entity.TableDataManager  - selecting table count for ACT_HI_VARINST
10:45:10,949 [main] DEBUG org.activiti.engine.impl.TablePageMap.selectTableCount  - ==&gt;  Preparing: select count(*) from ACT_HI_VARINST 
10:45:10,949 [main] DEBUG org.activiti.engine.impl.TablePageMap.selectTableCount  - ==&gt; Parameters: 
10:45:10,949 [main] DEBUG org.activiti.engine.impl.TablePageMap.selectTableCount  - &lt;==      Total: 1
10:45:10,949 [main] DEBUG org.activiti.engine.impl.persistence.entity.TableDataManager  - selecting table count for ACT_ID_GROUP
10:45:10,949 [main] DEBUG org.activiti.engine.impl.TablePageMap.selectTableCount  - ==&gt;  Preparing: select count(*) from ACT_ID_GROUP 
10:45:10,949 [main] DEBUG org.activiti.engine.impl.TablePageMap.selectTableCount  - ==&gt; Parameters: 
10:45:10,949 [main] DEBUG org.activiti.engine.impl.TablePageMap.selectTableCount  - &lt;==      Total: 1
10:45:10,949 [main] DEBUG org.activiti.engine.impl.persistence.entity.TableDataManager  - selecting table count for ACT_ID_INFO
10:45:10,949 [main] DEBUG org.activiti.engine.impl.TablePageMap.selectTableCount  - ==&gt;  Preparing: select count(*) from ACT_ID_INFO 
10:45:10,949 [main] DEBUG org.activiti.engine.impl.TablePageMap.selectTableCount  - ==&gt; Parameters: 
10:45:10,949 [main] DEBUG org.activiti.engine.impl.TablePageMap.selectTableCount  - &lt;==      Total: 1
10:45:10,949 [main] DEBUG org.activiti.engine.impl.persistence.entity.TableDataManager  - selecting table count for ACT_ID_MEMBERSHIP
10:45:10,949 [main] DEBUG org.activiti.engine.impl.TablePageMap.selectTableCount  - ==&gt;  Preparing: select count(*) from ACT_ID_MEMBERSHIP 
10:45:10,949 [main] DEBUG org.activiti.engine.impl.TablePageMap.selectTableCount  - ==&gt; Parameters: 
10:45:10,949 [main] DEBUG org.activiti.engine.impl.TablePageMap.selectTableCount  - &lt;==      Total: 1
10:45:10,949 [main] DEBUG org.activiti.engine.impl.persistence.entity.TableDataManager  - selecting table count for ACT_ID_USER
10:45:10,949 [main] DEBUG org.activiti.engine.impl.TablePageMap.selectTableCount  - ==&gt;  Preparing: select count(*) from ACT_ID_USER 
10:45:10,949 [main] DEBUG org.activiti.engine.impl.TablePageMap.selectTableCount  - ==&gt; Parameters: 
10:45:10,949 [main] DEBUG org.activiti.engine.impl.TablePageMap.selectTableCount  - &lt;==      Total: 1
10:45:10,949 [main] DEBUG org.activiti.engine.impl.persistence.entity.TableDataManager  - selecting table count for ACT_PROCDEF_INFO
10:45:10,949 [main] DEBUG org.activiti.engine.impl.TablePageMap.selectTableCount  - ==&gt;  Preparing: select count(*) from ACT_PROCDEF_INFO 
10:45:10,949 [main] DEBUG org.activiti.engine.impl.TablePageMap.selectTableCount  - ==&gt; Parameters: 
10:45:10,949 [main] DEBUG org.activiti.engine.impl.TablePageMap.selectTableCount  - &lt;==      Total: 1
10:45:10,949 [main] DEBUG org.activiti.engine.impl.persistence.entity.TableDataManager  - selecting table count for ACT_RE_DEPLOYMENT
10:45:10,949 [main] DEBUG org.activiti.engine.impl.TablePageMap.selectTableCount  - ==&gt;  Preparing: select count(*) from ACT_RE_DEPLOYMENT 
10:45:10,949 [main] DEBUG org.activiti.engine.impl.TablePageMap.selectTableCount  - ==&gt; Parameters: 
10:45:10,949 [main] DEBUG org.activiti.engine.impl.TablePageMap.selectTableCount  - &lt;==      Total: 1
10:45:10,949 [main] DEBUG org.activiti.engine.impl.persistence.entity.TableDataManager  - selecting table count for ACT_RE_MODEL
10:45:10,949 [main] DEBUG org.activiti.engine.impl.TablePageMap.selectTableCount  - ==&gt;  Preparing: select count(*) from ACT_RE_MODEL 
10:45:10,949 [main] DEBUG org.activiti.engine.impl.TablePageMap.selectTableCount  - ==&gt; Parameters: 
10:45:10,949 [main] DEBUG org.activiti.engine.impl.TablePageMap.selectTableCount  - &lt;==      Total: 1
10:45:10,949 [main] DEBUG org.activiti.engine.impl.persistence.entity.TableDataManager  - selecting table count for ACT_RE_PROCDEF
10:45:10,949 [main] DEBUG org.activiti.engine.impl.TablePageMap.selectTableCount  - ==&gt;  Preparing: select count(*) from ACT_RE_PROCDEF 
10:45:10,949 [main] DEBUG org.activiti.engine.impl.TablePageMap.selectTableCount  - ==&gt; Parameters: 
10:45:10,949 [main] DEBUG org.activiti.engine.impl.TablePageMap.selectTableCount  - &lt;==      Total: 1
10:45:10,949 [main] DEBUG org.activiti.engine.impl.persistence.entity.TableDataManager  - selecting table count for ACT_RU_EVENT_SUBSCR
10:45:10,949 [main] DEBUG org.activiti.engine.impl.TablePageMap.selectTableCount  - ==&gt;  Preparing: select count(*) from ACT_RU_EVENT_SUBSCR 
10:45:10,949 [main] DEBUG org.activiti.engine.impl.TablePageMap.selectTableCount  - ==&gt; Parameters: 
10:45:10,949 [main] DEBUG org.activiti.engine.impl.TablePageMap.selectTableCount  - &lt;==      Total: 1
10:45:10,949 [main] DEBUG org.activiti.engine.impl.persistence.entity.TableDataManager  - selecting table count for ACT_RU_EXECUTION
10:45:10,949 [main] DEBUG org.activiti.engine.impl.TablePageMap.selectTableCount  - ==&gt;  Preparing: select count(*) from ACT_RU_EXECUTION 
10:45:10,949 [main] DEBUG org.activiti.engine.impl.TablePageMap.selectTableCount  - ==&gt; Parameters: 
10:45:10,949 [main] DEBUG org.activiti.engine.impl.TablePageMap.selectTableCount  - &lt;==      Total: 1
10:45:10,950 [main] DEBUG org.activiti.engine.impl.persistence.entity.TableDataManager  - selecting table count for ACT_RU_IDENTITYLINK
10:45:10,950 [main] DEBUG org.activiti.engine.impl.TablePageMap.selectTableCount  - ==&gt;  Preparing: select count(*) from ACT_RU_IDENTITYLINK 
10:45:10,950 [main] DEBUG org.activiti.engine.impl.TablePageMap.selectTableCount  - ==&gt; Parameters: 
10:45:10,950 [main] DEBUG org.activiti.engine.impl.TablePageMap.selectTableCount  - &lt;==      Total: 1
10:45:10,950 [main] DEBUG org.activiti.engine.impl.persistence.entity.TableDataManager  - selecting table count for ACT_RU_JOB
10:45:10,950 [main] DEBUG org.activiti.engine.impl.TablePageMap.selectTableCount  - ==&gt;  Preparing: select count(*) from ACT_RU_JOB 
10:45:10,950 [main] DEBUG org.activiti.engine.impl.TablePageMap.selectTableCount  - ==&gt; Parameters: 
10:45:10,950 [main] DEBUG org.activiti.engine.impl.TablePageMap.selectTableCount  - &lt;==      Total: 1
10:45:10,950 [main] DEBUG org.activiti.engine.impl.persistence.entity.TableDataManager  - selecting table count for ACT_RU_TASK
10:45:10,950 [main] DEBUG org.activiti.engine.impl.TablePageMap.selectTableCount  - ==&gt;  Preparing: select count(*) from ACT_RU_TASK 
10:45:10,950 [main] DEBUG org.activiti.engine.impl.TablePageMap.selectTableCount  - ==&gt; Parameters: 
10:45:10,950 [main] DEBUG org.activiti.engine.impl.TablePageMap.selectTableCount  - &lt;==      Total: 1
10:45:10,950 [main] DEBUG org.activiti.engine.impl.persistence.entity.TableDataManager  - selecting table count for ACT_RU_VARIABLE
10:45:10,950 [main] DEBUG org.activiti.engine.impl.TablePageMap.selectTableCount  - ==&gt;  Preparing: select count(*) from ACT_RU_VARIABLE 
10:45:10,950 [main] DEBUG org.activiti.engine.impl.TablePageMap.selectTableCount  - ==&gt; Parameters: 
10:45:10,950 [main] DEBUG org.activiti.engine.impl.TablePageMap.selectTableCount  - &lt;==      Total: 1
10:45:10,950 [main] DEBUG org.activiti.engine.impl.persistence.entity.TableDataManager  - Number of rows per activiti table: {ACT_RU_EVENT_SUBSCR=0, ACT_ID_USER=0, ACT_HI_ATTACHMENT=0, ACT_GE_BYTEARRAY=0, ACT_RE_MODEL=0, ACT_RU_VARIABLE=0, ACT_RU_TASK=10, ACT_RE_DEPLOYMENT=0, ACT_RE_PROCDEF=0, ACT_ID_GROUP=0, ACT_HI_VARINST=0, ACT_HI_COMMENT=10, ACT_HI_PROCINST=0, ACT_ID_INFO=0, ACT_ID_MEMBERSHIP=0, ACT_RU_JOB=0, ACT_PROCDEF_INFO=0, ACT_HI_ACTINST=0, ACT_RU_EXECUTION=0, ACT_HI_TASKINST=10, ACT_HI_DETAIL=0, ACT_EVT_LOG=0, ACT_HI_IDENTITYLINK=3, ACT_RU_IDENTITYLINK=3, ACT_GE_PROPERTY=3}
10:45:10,950 [main] DEBUG org.activiti.engine.impl.db.DbSqlSession  - flush summary: 0 insert, 0 update, 0 delete.
10:45:10,950 [main] DEBUG org.activiti.engine.impl.db.DbSqlSession  - now executing flush...
10:45:10,950 [main] DEBUG org.activiti.engine.impl.cfg.standalone.StandaloneMybatisTransactionContext  - firing event committing...
10:45:10,950 [main] DEBUG org.activiti.engine.impl.cfg.standalone.StandaloneMybatisTransactionContext  - committing the ibatis sql session...
10:45:10,950 [main] DEBUG org.activiti.engine.impl.cfg.standalone.StandaloneMybatisTransactionContext  - firing event committed...
10:45:10,950 [main] DEBUG org.apache.ibatis.transaction.jdbc.JdbcTransaction  - Resetting autocommit to true on JDBC Connection [conn2: url=jdbc:h2:mem:activiti user=SA]
10:45:10,950 [main] DEBUG org.apache.ibatis.transaction.jdbc.JdbcTransaction  - Closing JDBC Connection [conn2: url=jdbc:h2:mem:activiti user=SA]
10:45:10,950 [main] DEBUG org.apache.ibatis.datasource.pooled.PooledDataSource  - Returned connection 363509958 to pool.
10:45:10,950 [main] DEBUG org.activiti.engine.impl.interceptor.LogInterceptor  - --- GetTableCountCmd finished --------------------------------------------------------
10:45:10,950 [main] DEBUG org.activiti.engine.impl.interceptor.LogInterceptor  - 

10:45:10,950 [main] ERROR org.activiti.engine.impl.test.PvmTestCase  - 

10:45:10,950 [main] ERROR org.activiti.engine.impl.test.PvmTestCase  - DB NOT CLEAN: 
  ACT_RU_TASK: 10 record(s)   ACT_HI_COMMENT: 10 record(s)   ACT_HI_TASKINST: 10 record(s)   ACT_HI_IDENTITYLINK: 3 record(s)   ACT_RU_IDENTITYLINK: 3 record(s) 
10:45:10,950 [main] INFO  org.activiti.engine.impl.test.PvmTestCase  - dropping and recreating db
10:45:10,950 [main] DEBUG org.activiti.engine.impl.interceptor.LogInterceptor  - 

10:45:10,950 [main] DEBUG org.activiti.engine.impl.interceptor.LogInterceptor  - --- starting  --------------------------------------------------------
10:45:10,950 [main] INFO  org.activiti.engine.impl.db.DbSqlSession  - performing drop on engine with resource org/activiti/db/drop/activiti.h2.drop.engine.sql
10:45:10,950 [main] DEBUG org.apache.ibatis.transaction.jdbc.JdbcTransaction  - Opening JDBC Connection
10:45:10,950 [main] DEBUG org.apache.ibatis.datasource.pooled.PooledDataSource  - Checked out connection 297240765 from pool.
10:45:10,950 [main] DEBUG org.apache.ibatis.transaction.jdbc.JdbcTransaction  - Setting autocommit to false on JDBC Connection [conn4: url=jdbc:h2:mem:activiti user=SA]
10:45:10,950 [main] DEBUG org.activiti.engine.impl.db.DbSqlSession  - SQL: drop table if exists ACT_GE_PROPERTY cascade constraints
10:45:10,950 [main] DEBUG org.activiti.engine.impl.db.DbSqlSession  - SQL: drop table if exists ACT_GE_BYTEARRAY cascade constraints
10:45:10,950 [main] DEBUG org.activiti.engine.impl.db.DbSqlSession  - SQL: drop table if exists ACT_RE_DEPLOYMENT cascade constraints
10:45:10,950 [main] DEBUG org.activiti.engine.impl.db.DbSqlSession  - SQL: drop table if exists ACT_RE_MODEL cascade constraints
10:45:10,950 [main] DEBUG org.activiti.engine.impl.db.DbSqlSession  - SQL: drop table if exists ACT_RU_EXECUTION cascade constraints
10:45:10,951 [main] DEBUG org.activiti.engine.impl.db.DbSqlSession  - SQL: drop table if exists ACT_RU_JOB cascade constraints
10:45:10,951 [main] DEBUG org.activiti.engine.impl.db.DbSqlSession  - SQL: drop table if exists ACT_RE_PROCDEF cascade constraints
10:45:10,951 [main] DEBUG org.activiti.engine.impl.db.DbSqlSession  - SQL: drop table if exists ACT_RU_TASK cascade constraints
10:45:10,951 [main] DEBUG org.activiti.engine.impl.db.DbSqlSession  - SQL: drop table if exists ACT_RU_IDENTITYLINK cascade constraints
10:45:10,951 [main] DEBUG org.activiti.engine.impl.db.DbSqlSession  - SQL: drop table if exists ACT_RU_VARIABLE cascade constraints
10:45:10,951 [main] DEBUG org.activiti.engine.impl.db.DbSqlSession  - SQL: drop table if exists ACT_RU_EVENT_SUBSCR cascade constraints
10:45:10,951 [main] DEBUG org.activiti.engine.impl.db.DbSqlSession  - SQL: drop table if exists ACT_EVT_LOG cascade constraints
10:45:10,951 [main] DEBUG org.activiti.engine.impl.db.DbSqlSession  - SQL: drop table if exists ACT_PROCDEF_INFO cascade constraints
10:45:10,951 [main] DEBUG org.activiti.engine.impl.db.DbSqlSession  - SQL: drop index if exists ACT_IDX_EXEC_BUSKEY
10:45:10,951 [main] DEBUG org.activiti.engine.impl.db.DbSqlSession  - SQL: drop index if exists ACT_IDX_TASK_CREATE
10:45:10,951 [main] DEBUG org.activiti.engine.impl.db.DbSqlSession  - SQL: drop index if exists ACT_IDX_IDENT_LNK_USER
10:45:10,951 [main] DEBUG org.activiti.engine.impl.db.DbSqlSession  - SQL: drop index if exists ACT_IDX_IDENT_LNK_GROUP
10:45:10,951 [main] DEBUG org.activiti.engine.impl.db.DbSqlSession  - SQL: drop index if exists ACT_IDX_VARIABLE_TASK_ID
10:45:10,951 [main] DEBUG org.activiti.engine.impl.db.DbSqlSession  - SQL: drop index if exists ACT_IDX_EVENT_SUBSCR_CONFIG_
10:45:10,951 [main] DEBUG org.activiti.engine.impl.db.DbSqlSession  - SQL: drop index if exists ACT_IDX_ATHRZ_PROCEDEF
10:45:10,951 [main] DEBUG org.activiti.engine.impl.db.DbSqlSession  - SQL: drop index if exists ACT_IDX_INFO_PROCDEF
10:45:10,951 [main] DEBUG org.activiti.engine.impl.db.DbSqlSession  - activiti db schema drop for component engine successful
10:45:10,951 [main] INFO  org.activiti.engine.impl.db.DbSqlSession  - performing drop on history with resource org/activiti/db/drop/activiti.h2.drop.history.sql
10:45:10,951 [main] DEBUG org.activiti.engine.impl.db.DbSqlSession  - SQL: drop table if exists ACT_HI_PROCINST cascade constraints
10:45:10,951 [main] DEBUG org.activiti.engine.impl.db.DbSqlSession  - SQL: drop table if exists ACT_HI_ACTINST cascade constraints
10:45:10,951 [main] DEBUG org.activiti.engine.impl.db.DbSqlSession  - SQL: drop table if exists ACT_HI_VARINST cascade constraints
10:45:10,951 [main] DEBUG org.activiti.engine.impl.db.DbSqlSession  - SQL: drop table if exists ACT_HI_TASKINST cascade constraints
10:45:10,951 [main] DEBUG org.activiti.engine.impl.db.DbSqlSession  - SQL: drop table if exists ACT_HI_DETAIL cascade constraints
10:45:10,952 [main] DEBUG org.activiti.engine.impl.db.DbSqlSession  - SQL: drop table if exists ACT_HI_COMMENT cascade constraints
10:45:10,952 [main] DEBUG org.activiti.engine.impl.db.DbSqlSession  - SQL: drop table if exists ACT_HI_ATTACHMENT cascade constraints
10:45:10,952 [main] DEBUG org.activiti.engine.impl.db.DbSqlSession  - SQL: drop table if exists ACT_HI_IDENTITYLINK cascade constraints
10:45:10,952 [main] DEBUG org.activiti.engine.impl.db.DbSqlSession  - SQL: drop index if exists ACT_IDX_HI_PRO_INST_END
10:45:10,952 [main] DEBUG org.activiti.engine.impl.db.DbSqlSession  - SQL: drop index if exists ACT_IDX_HI_PRO_I_BUSKEY
10:45:10,952 [main] DEBUG org.activiti.engine.impl.db.DbSqlSession  - SQL: drop index if exists ACT_IDX_HI_ACT_INST_START
10:45:10,952 [main] DEBUG org.activiti.engine.impl.db.DbSqlSession  - SQL: drop index if exists ACT_IDX_HI_ACT_INST_END
10:45:10,952 [main] DEBUG org.activiti.engine.impl.db.DbSqlSession  - SQL: drop index if exists ACT_IDX_HI_DETAIL_PROC_INST
10:45:10,952 [main] DEBUG org.activiti.engine.impl.db.DbSqlSession  - SQL: drop index if exists ACT_IDX_HI_DETAIL_ACT_INST
10:45:10,952 [main] DEBUG org.activiti.engine.impl.db.DbSqlSession  - SQL: drop index if exists ACT_IDX_HI_DETAIL_TIME
10:45:10,952 [main] DEBUG org.activiti.engine.impl.db.DbSqlSession  - SQL: drop index if exists ACT_IDX_HI_DETAIL_NAME
10:45:10,952 [main] DEBUG org.activiti.engine.impl.db.DbSqlSession  - SQL: drop index if exists ACT_IDX_HI_DETAIL_TASK_ID
10:45:10,952 [main] DEBUG org.activiti.engine.impl.db.DbSqlSession  - SQL: drop index if exists ACT_IDX_HI_PROCVAR_PROC_INST
10:45:10,952 [main] DEBUG org.activiti.engine.impl.db.DbSqlSession  - SQL: drop index if exists ACT_IDX_HI_PROCVAR_NAME_TYPE
10:45:10,952 [main] DEBUG org.activiti.engine.impl.db.DbSqlSession  - SQL: drop index if exists ACT_IDX_HI_ACT_INST_PROCINST
10:45:10,952 [main] DEBUG org.activiti.engine.impl.db.DbSqlSession  - SQL: drop index if exists ACT_IDX_HI_IDENT_LNK_USER
10:45:10,952 [main] DEBUG org.activiti.engine.impl.db.DbSqlSession  - SQL: drop index if exists ACT_IDX_HI_IDENT_LNK_TASK
10:45:10,952 [main] DEBUG org.activiti.engine.impl.db.DbSqlSession  - SQL: drop index if exists ACT_IDX_HI_IDENT_LNK_PROCINST
10:45:10,952 [main] DEBUG org.activiti.engine.impl.db.DbSqlSession  - SQL: drop index if exists ACT_IDX_HI_TASK_INST_PROCINST
10:45:10,952 [main] DEBUG org.activiti.engine.impl.db.DbSqlSession  - activiti db schema drop for component history successful
10:45:10,952 [main] INFO  org.activiti.engine.impl.db.DbSqlSession  - performing drop on identity with resource org/activiti/db/drop/activiti.h2.drop.identity.sql
10:45:10,952 [main] DEBUG org.activiti.engine.impl.db.DbSqlSession  - SQL: drop table if exists ACT_ID_INFO cascade constraints
10:45:10,952 [main] DEBUG org.activiti.engine.impl.db.DbSqlSession  - SQL: drop table if exists ACT_ID_GROUP cascade constraints
10:45:10,952 [main] DEBUG org.activiti.engine.impl.db.DbSqlSession  - SQL: drop table if exists ACT_ID_MEMBERSHIP cascade constraints
10:45:10,952 [main] DEBUG org.activiti.engine.impl.db.DbSqlSession  - SQL: drop table if exists ACT_ID_USER cascade constraints
10:45:10,952 [main] DEBUG org.activiti.engine.impl.db.DbSqlSession  - activiti db schema drop for component identity successful
10:45:10,952 [main] INFO  org.activiti.engine.impl.db.DbSqlSession  - performing create on engine with resource org/activiti/db/create/activiti.h2.create.engine.sql
10:45:10,952 [main] DEBUG org.activiti.engine.impl.db.DbSqlSession  - SQL: create table ACT_GE_PROPERTY ( 
NAME_ varchar(64), 
VALUE_ varchar(300), 
REV_ integer, 
primary key (NAME_) 
)
10:45:10,952 [main] DEBUG org.activiti.engine.impl.db.DbSqlSession  - SQL: insert into ACT_GE_PROPERTY 
values (&apos;schema.version&apos;, &apos;5.20.0.0&apos;, 1)
10:45:10,952 [main] DEBUG org.activiti.engine.impl.db.DbSqlSession  - SQL: insert into ACT_GE_PROPERTY 
values (&apos;schema.history&apos;, &apos;create(5.20.0.0)&apos;, 1)
10:45:10,952 [main] DEBUG org.activiti.engine.impl.db.DbSqlSession  - SQL: insert into ACT_GE_PROPERTY 
values (&apos;next.dbid&apos;, &apos;1&apos;, 1)
10:45:10,952 [main] DEBUG org.activiti.engine.impl.db.DbSqlSession  - SQL: create table ACT_GE_BYTEARRAY ( 
ID_ varchar(64), 
REV_ integer, 
NAME_ varchar(255), 
DEPLOYMENT_ID_ varchar(64), 
BYTES_ longvarbinary, 
GENERATED_ bit, 
primary key (ID_) 
)
10:45:10,952 [main] DEBUG org.activiti.engine.impl.db.DbSqlSession  - SQL: create table ACT_RE_DEPLOYMENT ( 
ID_ varchar(64), 
NAME_ varchar(255), 
CATEGORY_ varchar(255), 
TENANT_ID_ varchar(255) default &apos;&apos;, 
DEPLOY_TIME_ timestamp, 
primary key (ID_) 
)
10:45:10,952 [main] DEBUG org.activiti.engine.impl.db.DbSqlSession  - SQL: create table ACT_RE_MODEL ( 
ID_ varchar(64) not null, 
REV_ integer, 
NAME_ varchar(255), 
KEY_ varchar(255), 
CATEGORY_ varchar(255), 
CREATE_TIME_ timestamp, 
LAST_UPDATE_TIME_ timestamp, 
VERSION_ integer, 
META_INFO_ varchar(4000), 
DEPLOYMENT_ID_ varchar(64), 
EDITOR_SOURCE_VALUE_ID_ varchar(64), 
EDITOR_SOURCE_EXTRA_VALUE_ID_ varchar(64), 
TENANT_ID_ varchar(255) default &apos;&apos;, 
primary key (ID_) 
)
10:45:10,953 [main] DEBUG org.activiti.engine.impl.db.DbSqlSession  - SQL: create table ACT_RU_EXECUTION ( 
ID_ varchar(64), 
REV_ integer, 
PROC_INST_ID_ varchar(64), 
BUSINESS_KEY_ varchar(255), 
PARENT_ID_ varchar(64), 
PROC_DEF_ID_ varchar(64), 
SUPER_EXEC_ varchar(64), 
ACT_ID_ varchar(255), 
IS_ACTIVE_ bit, 
IS_CONCURRENT_ bit, 
IS_SCOPE_ bit, 
IS_EVENT_SCOPE_ bit, 
SUSPENSION_STATE_ integer, 
CACHED_ENT_STATE_ integer, 
TENANT_ID_ varchar(255) default &apos;&apos;, 
NAME_ varchar(255), 
LOCK_TIME_ timestamp, 
primary key (ID_) 
)
10:45:10,953 [main] DEBUG org.activiti.engine.impl.db.DbSqlSession  - SQL: create table ACT_RU_JOB ( 
ID_ varchar(64) NOT NULL, 
REV_ integer, 
TYPE_ varchar(255) NOT NULL, 
LOCK_EXP_TIME_ timestamp, 
LOCK_OWNER_ varchar(255), 
EXCLUSIVE_ boolean, 
EXECUTION_ID_ varchar(64), 
PROCESS_INSTANCE_ID_ varchar(64), 
PROC_DEF_ID_ varchar(64), 
RETRIES_ integer, 
EXCEPTION_STACK_ID_ varchar(64), 
EXCEPTION_MSG_ varchar(4000), 
DUEDATE_ timestamp, 
REPEAT_ varchar(255), 
HANDLER_TYPE_ varchar(255), 
HANDLER_CFG_ varchar(4000), 
TENANT_ID_ varchar(255) default &apos;&apos;, 
primary key (ID_) 
)
10:45:10,953 [main] DEBUG org.activiti.engine.impl.db.DbSqlSession  - SQL: create table ACT_RE_PROCDEF ( 
ID_ varchar(64) NOT NULL, 
REV_ integer, 
CATEGORY_ varchar(255), 
NAME_ varchar(255), 
KEY_ varchar(255) NOT NULL, 
VERSION_ integer NOT NULL, 
DEPLOYMENT_ID_ varchar(64), 
RESOURCE_NAME_ varchar(4000), 
DGRM_RESOURCE_NAME_ varchar(4000), 
DESCRIPTION_ varchar(4000), 
HAS_START_FORM_KEY_ bit, 
HAS_GRAPHICAL_NOTATION_ bit, 
SUSPENSION_STATE_ integer, 
TENANT_ID_ varchar(255) default &apos;&apos;, 
primary key (ID_) 
)
10:45:10,953 [main] DEBUG org.activiti.engine.impl.db.DbSqlSession  - SQL: create table ACT_RU_TASK ( 
ID_ varchar(64), 
REV_ integer, 
EXECUTION_ID_ varchar(64), 
PROC_INST_ID_ varchar(64), 
PROC_DEF_ID_ varchar(64), 
NAME_ varchar(255), 
PARENT_TASK_ID_ varchar(64), 
DESCRIPTION_ varchar(4000), 
TASK_DEF_KEY_ varchar(255), 
OWNER_ varchar(255), 
ASSIGNEE_ varchar(255), 
DELEGATION_ varchar(64), 
PRIORITY_ integer, 
CREATE_TIME_ timestamp, 
DUE_DATE_ timestamp, 
CATEGORY_ varchar(255), 
SUSPENSION_STATE_ integer, 
TENANT_ID_ varchar(255) default &apos;&apos;, 
FORM_KEY_ varchar(255), 
primary key (ID_) 
)
10:45:10,953 [main] DEBUG org.activiti.engine.impl.db.DbSqlSession  - SQL: create table ACT_RU_IDENTITYLINK ( 
ID_ varchar(64), 
REV_ integer, 
GROUP_ID_ varchar(255), 
TYPE_ varchar(255), 
USER_ID_ varchar(255), 
TASK_ID_ varchar(64), 
PROC_INST_ID_ varchar(64) null, 
PROC_DEF_ID_ varchar(64), 
primary key (ID_) 
)
10:45:10,953 [main] DEBUG org.activiti.engine.impl.db.DbSqlSession  - SQL: create table ACT_RU_VARIABLE ( 
ID_ varchar(64) not null, 
REV_ integer, 
TYPE_ varchar(255) not null, 
NAME_ varchar(255) not null, 
EXECUTION_ID_ varchar(64), 
PROC_INST_ID_ varchar(64), 
TASK_ID_ varchar(64), 
BYTEARRAY_ID_ varchar(64), 
DOUBLE_ double, 
LONG_ bigint, 
TEXT_ varchar(4000), 
TEXT2_ varchar(4000), 
primary key (ID_) 
)
10:45:10,953 [main] DEBUG org.activiti.engine.impl.db.DbSqlSession  - SQL: create table ACT_RU_EVENT_SUBSCR ( 
ID_ varchar(64) not null, 
REV_ integer, 
EVENT_TYPE_ varchar(255) not null, 
EVENT_NAME_ varchar(255), 
EXECUTION_ID_ varchar(64), 
PROC_INST_ID_ varchar(64), 
ACTIVITY_ID_ varchar(64), 
CONFIGURATION_ varchar(255), 
CREATED_ timestamp not null, 
PROC_DEF_ID_ varchar(64), 
TENANT_ID_ varchar(255) default &apos;&apos;, 
primary key (ID_) 
)
10:45:10,953 [main] DEBUG org.activiti.engine.impl.db.DbSqlSession  - SQL: create table ACT_EVT_LOG ( 
LOG_NR_ identity, 
TYPE_ varchar(64), 
PROC_DEF_ID_ varchar(64), 
PROC_INST_ID_ varchar(64), 
EXECUTION_ID_ varchar(64), 
TASK_ID_ varchar(64), 
TIME_STAMP_ timestamp not null, 
USER_ID_ varchar(255), 
DATA_ longvarbinary, 
LOCK_OWNER_ varchar(255), 
LOCK_TIME_ timestamp, 
IS_PROCESSED_ bit default 0 
)
10:45:10,953 [main] DEBUG org.activiti.engine.impl.db.DbSqlSession  - SQL: create table ACT_PROCDEF_INFO ( 
ID_ varchar(64) not null, 
PROC_DEF_ID_ varchar(64) not null, 
REV_ integer, 
INFO_JSON_ID_ varchar(64), 
primary key (ID_) 
)
10:45:10,953 [main] DEBUG org.activiti.engine.impl.db.DbSqlSession  - SQL: create index ACT_IDX_EXEC_BUSKEY on ACT_RU_EXECUTION(BUSINESS_KEY_)
10:45:10,953 [main] DEBUG org.activiti.engine.impl.db.DbSqlSession  - SQL: create index ACT_IDX_TASK_CREATE on ACT_RU_TASK(CREATE_TIME_)
10:45:10,953 [main] DEBUG org.activiti.engine.impl.db.DbSqlSession  - SQL: create index ACT_IDX_IDENT_LNK_USER on ACT_RU_IDENTITYLINK(USER_ID_)
10:45:10,953 [main] DEBUG org.activiti.engine.impl.db.DbSqlSession  - SQL: create index ACT_IDX_IDENT_LNK_GROUP on ACT_RU_IDENTITYLINK(GROUP_ID_)
10:45:10,953 [main] DEBUG org.activiti.engine.impl.db.DbSqlSession  - SQL: create index ACT_IDX_EVENT_SUBSCR_CONFIG_ on ACT_RU_EVENT_SUBSCR(CONFIGURATION_)
10:45:10,953 [main] DEBUG org.activiti.engine.impl.db.DbSqlSession  - SQL: create index ACT_IDX_VARIABLE_TASK_ID on ACT_RU_VARIABLE(TASK_ID_)
10:45:10,953 [main] DEBUG org.activiti.engine.impl.db.DbSqlSession  - SQL: create index ACT_IDX_ATHRZ_PROCEDEF on ACT_RU_IDENTITYLINK(PROC_DEF_ID_)
10:45:10,953 [main] DEBUG org.activiti.engine.impl.db.DbSqlSession  - SQL: create index ACT_IDX_INFO_PROCDEF on ACT_PROCDEF_INFO(PROC_DEF_ID_)
10:45:10,953 [main] DEBUG org.activiti.engine.impl.db.DbSqlSession  - SQL: alter table ACT_GE_BYTEARRAY 
add constraint ACT_FK_BYTEARR_DEPL 
foreign key (DEPLOYMENT_ID_) 
references ACT_RE_DEPLOYMENT
10:45:10,953 [main] DEBUG org.activiti.engine.impl.db.DbSqlSession  - SQL: alter table ACT_RE_PROCDEF 
add constraint ACT_UNIQ_PROCDEF 
unique (KEY_,VERSION_, TENANT_ID_)
10:45:10,953 [main] DEBUG org.activiti.engine.impl.db.DbSqlSession  - SQL: alter table ACT_RU_EXECUTION 
add constraint ACT_FK_EXE_PROCINST 
foreign key (PROC_INST_ID_) 
references ACT_RU_EXECUTION
10:45:10,953 [main] DEBUG org.activiti.engine.impl.db.DbSqlSession  - SQL: alter table ACT_RU_EXECUTION 
add constraint ACT_FK_EXE_PARENT 
foreign key (PARENT_ID_) 
references ACT_RU_EXECUTION
10:45:10,954 [main] DEBUG org.activiti.engine.impl.db.DbSqlSession  - SQL: alter table ACT_RU_EXECUTION 
add constraint ACT_FK_EXE_SUPER 
foreign key (SUPER_EXEC_) 
references ACT_RU_EXECUTION
10:45:10,954 [main] DEBUG org.activiti.engine.impl.db.DbSqlSession  - SQL: alter table ACT_RU_EXECUTION 
add constraint ACT_FK_EXE_PROCDEF 
foreign key (PROC_DEF_ID_) 
references ACT_RE_PROCDEF (ID_)
10:45:10,954 [main] DEBUG org.activiti.engine.impl.db.DbSqlSession  - SQL: alter table ACT_RU_IDENTITYLINK 
add constraint ACT_FK_TSKASS_TASK 
foreign key (TASK_ID_) 
references ACT_RU_TASK
10:45:10,954 [main] DEBUG org.activiti.engine.impl.db.DbSqlSession  - SQL: alter table ACT_RU_IDENTITYLINK 
add constraint ACT_FK_ATHRZ_PROCEDEF 
foreign key (PROC_DEF_ID_) 
references ACT_RE_PROCDEF
10:45:10,954 [main] DEBUG org.activiti.engine.impl.db.DbSqlSession  - SQL: alter table ACT_RU_IDENTITYLINK 
add constraint ACT_FK_IDL_PROCINST 
foreign key (PROC_INST_ID_) 
references ACT_RU_EXECUTION (ID_)
10:45:10,954 [main] DEBUG org.activiti.engine.impl.db.DbSqlSession  - SQL: alter table ACT_RU_TASK 
add constraint ACT_FK_TASK_EXE 
foreign key (EXECUTION_ID_) 
references ACT_RU_EXECUTION
10:45:10,954 [main] DEBUG org.activiti.engine.impl.db.DbSqlSession  - SQL: alter table ACT_RU_TASK 
add constraint ACT_FK_TASK_PROCINST 
foreign key (PROC_INST_ID_) 
references ACT_RU_EXECUTION
10:45:10,954 [main] DEBUG org.activiti.engine.impl.db.DbSqlSession  - SQL: alter table ACT_RU_TASK 
add constraint ACT_FK_TASK_PROCDEF 
foreign key (PROC_DEF_ID_) 
references ACT_RE_PROCDEF
10:45:10,954 [main] DEBUG org.activiti.engine.impl.db.DbSqlSession  - SQL: alter table ACT_RU_VARIABLE 
add constraint ACT_FK_VAR_EXE 
foreign key (EXECUTION_ID_) 
references ACT_RU_EXECUTION
10:45:10,955 [main] DEBUG org.activiti.engine.impl.db.DbSqlSession  - SQL: alter table ACT_RU_VARIABLE 
add constraint ACT_FK_VAR_PROCINST 
foreign key (PROC_INST_ID_) 
references ACT_RU_EXECUTION
10:45:10,955 [main] DEBUG org.activiti.engine.impl.db.DbSqlSession  - SQL: alter table ACT_RU_VARIABLE 
add constraint ACT_FK_VAR_BYTEARRAY 
foreign key (BYTEARRAY_ID_) 
references ACT_GE_BYTEARRAY
10:45:10,955 [main] DEBUG org.activiti.engine.impl.db.DbSqlSession  - SQL: alter table ACT_RU_JOB 
add constraint ACT_FK_JOB_EXCEPTION 
foreign key (EXCEPTION_STACK_ID_) 
references ACT_GE_BYTEARRAY
10:45:10,955 [main] DEBUG org.activiti.engine.impl.db.DbSqlSession  - SQL: alter table ACT_RU_EVENT_SUBSCR 
add constraint ACT_FK_EVENT_EXEC 
foreign key (EXECUTION_ID_) 
references ACT_RU_EXECUTION
10:45:10,955 [main] DEBUG org.activiti.engine.impl.db.DbSqlSession  - SQL: alter table ACT_RE_MODEL 
add constraint ACT_FK_MODEL_SOURCE 
foreign key (EDITOR_SOURCE_VALUE_ID_) 
references ACT_GE_BYTEARRAY (ID_)
10:45:10,955 [main] DEBUG org.activiti.engine.impl.db.DbSqlSession  - SQL: alter table ACT_RE_MODEL 
add constraint ACT_FK_MODEL_SOURCE_EXTRA 
foreign key (EDITOR_SOURCE_EXTRA_VALUE_ID_) 
references ACT_GE_BYTEARRAY (ID_)
10:45:10,955 [main] DEBUG org.activiti.engine.impl.db.DbSqlSession  - SQL: alter table ACT_RE_MODEL 
add constraint ACT_FK_MODEL_DEPLOYMENT 
foreign key (DEPLOYMENT_ID_) 
references ACT_RE_DEPLOYMENT (ID_)
10:45:10,955 [main] DEBUG org.activiti.engine.impl.db.DbSqlSession  - SQL: alter table ACT_PROCDEF_INFO 
add constraint ACT_FK_INFO_JSON_BA 
foreign key (INFO_JSON_ID_) 
references ACT_GE_BYTEARRAY (ID_)
10:45:10,955 [main] DEBUG org.activiti.engine.impl.db.DbSqlSession  - SQL: alter table ACT_PROCDEF_INFO 
add constraint ACT_FK_INFO_PROCDEF 
foreign key (PROC_DEF_ID_) 
references ACT_RE_PROCDEF (ID_)
10:45:10,955 [main] DEBUG org.activiti.engine.impl.db.DbSqlSession  - SQL: alter table ACT_PROCDEF_INFO 
add constraint ACT_UNIQ_INFO_PROCDEF 
unique (PROC_DEF_ID_)
10:45:10,955 [main] DEBUG org.activiti.engine.impl.db.DbSqlSession  - activiti db schema create for component engine successful
10:45:10,956 [main] INFO  org.activiti.engine.impl.db.DbSqlSession  - performing create on history with resource org/activiti/db/create/activiti.h2.create.history.sql
10:45:10,956 [main] DEBUG org.activiti.engine.impl.db.DbSqlSession  - SQL: create table ACT_HI_PROCINST ( 
ID_ varchar(64) not null, 
PROC_INST_ID_ varchar(64) not null, 
BUSINESS_KEY_ varchar(255), 
PROC_DEF_ID_ varchar(64) not null, 
START_TIME_ timestamp not null, 
END_TIME_ timestamp, 
DURATION_ bigint, 
START_USER_ID_ varchar(255), 
START_ACT_ID_ varchar(255), 
END_ACT_ID_ varchar(255), 
SUPER_PROCESS_INSTANCE_ID_ varchar(64), 
DELETE_REASON_ varchar(4000), 
TENANT_ID_ varchar(255) default &apos;&apos;, 
NAME_ varchar(255), 
primary key (ID_), 
unique (PROC_INST_ID_) 
)
10:45:10,956 [main] DEBUG org.activiti.engine.impl.db.DbSqlSession  - SQL: create table ACT_HI_ACTINST ( 
ID_ varchar(64) not null, 
PROC_DEF_ID_ varchar(64) not null, 
PROC_INST_ID_ varchar(64) not null, 
EXECUTION_ID_ varchar(64) not null, 
ACT_ID_ varchar(255) not null, 
TASK_ID_ varchar(64), 
CALL_PROC_INST_ID_ varchar(64), 
ACT_NAME_ varchar(255), 
ACT_TYPE_ varchar(255) not null, 
ASSIGNEE_ varchar(255), 
START_TIME_ timestamp not null, 
END_TIME_ timestamp, 
DURATION_ bigint, 
TENANT_ID_ varchar(255) default &apos;&apos;, 
primary key (ID_) 
)
10:45:10,956 [main] DEBUG org.activiti.engine.impl.db.DbSqlSession  - SQL: create table ACT_HI_TASKINST ( 
ID_ varchar(64) not null, 
PROC_DEF_ID_ varchar(64), 
TASK_DEF_KEY_ varchar(255), 
PROC_INST_ID_ varchar(64), 
EXECUTION_ID_ varchar(64), 
NAME_ varchar(255), 
PARENT_TASK_ID_ varchar(64), 
DESCRIPTION_ varchar(4000), 
OWNER_ varchar(255), 
ASSIGNEE_ varchar(255), 
START_TIME_ timestamp not null, 
CLAIM_TIME_ timestamp, 
END_TIME_ timestamp, 
DURATION_ bigint, 
DELETE_REASON_ varchar(4000), 
PRIORITY_ integer, 
DUE_DATE_ timestamp, 
FORM_KEY_ varchar(255), 
CATEGORY_ varchar(255), 
TENANT_ID_ varchar(255) default &apos;&apos;, 
primary key (ID_) 
)
10:45:10,956 [main] DEBUG org.activiti.engine.impl.db.DbSqlSession  - SQL: create table ACT_HI_VARINST ( 
ID_ varchar(64) not null, 
PROC_INST_ID_ varchar(64), 
EXECUTION_ID_ varchar(64), 
TASK_ID_ varchar(64), 
NAME_ varchar(255) not null, 
VAR_TYPE_ varchar(100), 
REV_ integer, 
BYTEARRAY_ID_ varchar(64), 
DOUBLE_ double, 
LONG_ bigint, 
TEXT_ varchar(4000), 
TEXT2_ varchar(4000), 
CREATE_TIME_ timestamp, 
LAST_UPDATED_TIME_ timestamp, 
primary key (ID_) 
)
10:45:10,956 [main] DEBUG org.activiti.engine.impl.db.DbSqlSession  - SQL: create table ACT_HI_DETAIL ( 
ID_ varchar(64) not null, 
TYPE_ varchar(255) not null, 
TIME_ timestamp not null, 
NAME_ varchar(255), 
PROC_INST_ID_ varchar(64), 
EXECUTION_ID_ varchar(64), 
TASK_ID_ varchar(64), 
ACT_INST_ID_ varchar(64), 
VAR_TYPE_ varchar(255), 
REV_ integer, 
BYTEARRAY_ID_ varchar(64), 
DOUBLE_ double, 
LONG_ bigint, 
TEXT_ varchar(4000), 
TEXT2_ varchar(4000), 
primary key (ID_) 
)
10:45:10,956 [main] DEBUG org.activiti.engine.impl.db.DbSqlSession  - SQL: create table ACT_HI_COMMENT ( 
ID_ varchar(64) not null, 
TYPE_ varchar(255), 
TIME_ timestamp not null, 
USER_ID_ varchar(255), 
TASK_ID_ varchar(64), 
PROC_INST_ID_ varchar(64), 
ACTION_ varchar(255), 
MESSAGE_ varchar(4000), 
FULL_MSG_ longvarbinary, 
primary key (ID_) 
)
10:45:10,956 [main] DEBUG org.activiti.engine.impl.db.DbSqlSession  - SQL: create table ACT_HI_ATTACHMENT ( 
ID_ varchar(64) not null, 
REV_ integer, 
USER_ID_ varchar(255), 
NAME_ varchar(255), 
DESCRIPTION_ varchar(4000), 
TYPE_ varchar(255), 
TASK_ID_ varchar(64), 
PROC_INST_ID_ varchar(64), 
URL_ varchar(4000), 
CONTENT_ID_ varchar(64), 
TIME_ timestamp, 
primary key (ID_) 
)
10:45:10,956 [main] DEBUG org.activiti.engine.impl.db.DbSqlSession  - SQL: create table ACT_HI_IDENTITYLINK ( 
ID_ varchar(64), 
GROUP_ID_ varchar(255), 
TYPE_ varchar(255), 
USER_ID_ varchar(255), 
TASK_ID_ varchar(64), 
PROC_INST_ID_ varchar(64) null, 
primary key (ID_) 
)
10:45:10,956 [main] DEBUG org.activiti.engine.impl.db.DbSqlSession  - SQL: create index ACT_IDX_HI_PRO_INST_END on ACT_HI_PROCINST(END_TIME_)
10:45:10,956 [main] DEBUG org.activiti.engine.impl.db.DbSqlSession  - SQL: create index ACT_IDX_HI_PRO_I_BUSKEY on ACT_HI_PROCINST(BUSINESS_KEY_)
10:45:10,956 [main] DEBUG org.activiti.engine.impl.db.DbSqlSession  - SQL: create index ACT_IDX_HI_ACT_INST_START on ACT_HI_ACTINST(START_TIME_)
10:45:10,956 [main] DEBUG org.activiti.engine.impl.db.DbSqlSession  - SQL: create index ACT_IDX_HI_ACT_INST_END on ACT_HI_ACTINST(END_TIME_)
10:45:10,956 [main] DEBUG org.activiti.engine.impl.db.DbSqlSession  - SQL: create index ACT_IDX_HI_DETAIL_PROC_INST on ACT_HI_DETAIL(PROC_INST_ID_)
10:45:10,956 [main] DEBUG org.activiti.engine.impl.db.DbSqlSession  - SQL: create index ACT_IDX_HI_DETAIL_ACT_INST on ACT_HI_DETAIL(ACT_INST_ID_)
10:45:10,956 [main] DEBUG org.activiti.engine.impl.db.DbSqlSession  - SQL: create index ACT_IDX_HI_DETAIL_TIME on ACT_HI_DETAIL(TIME_)
10:45:10,956 [main] DEBUG org.activiti.engine.impl.db.DbSqlSession  - SQL: create index ACT_IDX_HI_DETAIL_NAME on ACT_HI_DETAIL(NAME_)
10:45:10,956 [main] DEBUG org.activiti.engine.impl.db.DbSqlSession  - SQL: create index ACT_IDX_HI_DETAIL_TASK_ID on ACT_HI_DETAIL(TASK_ID_)
10:45:10,956 [main] DEBUG org.activiti.engine.impl.db.DbSqlSession  - SQL: create index ACT_IDX_HI_PROCVAR_PROC_INST on ACT_HI_VARINST(PROC_INST_ID_)
10:45:10,956 [main] DEBUG org.activiti.engine.impl.db.DbSqlSession  - SQL: create index ACT_IDX_HI_PROCVAR_NAME_TYPE on ACT_HI_VARINST(NAME_, VAR_TYPE_)
10:45:10,956 [main] DEBUG org.activiti.engine.impl.db.DbSqlSession  - SQL: create index ACT_IDX_HI_PROCVAR_TASK_ID on ACT_HI_VARINST(TASK_ID_)
10:45:10,956 [main] DEBUG org.activiti.engine.impl.db.DbSqlSession  - SQL: create index ACT_IDX_HI_ACT_INST_PROCINST on ACT_HI_ACTINST(PROC_INST_ID_, ACT_ID_)
10:45:10,956 [main] DEBUG org.activiti.engine.impl.db.DbSqlSession  - SQL: create index ACT_IDX_HI_IDENT_LNK_USER on ACT_HI_IDENTITYLINK(USER_ID_)
10:45:10,956 [main] DEBUG org.activiti.engine.impl.db.DbSqlSession  - SQL: create index ACT_IDX_HI_IDENT_LNK_TASK on ACT_HI_IDENTITYLINK(TASK_ID_)
10:45:10,956 [main] DEBUG org.activiti.engine.impl.db.DbSqlSession  - SQL: create index ACT_IDX_HI_IDENT_LNK_PROCINST on ACT_HI_IDENTITYLINK(PROC_INST_ID_)
10:45:10,956 [main] DEBUG org.activiti.engine.impl.db.DbSqlSession  - SQL: create index ACT_IDX_HI_ACT_INST_EXEC on ACT_HI_ACTINST(EXECUTION_ID_, ACT_ID_)
10:45:10,956 [main] DEBUG org.activiti.engine.impl.db.DbSqlSession  - SQL: create index ACT_IDX_HI_TASK_INST_PROCINST on ACT_HI_TASKINST(PROC_INST_ID_)
10:45:10,956 [main] DEBUG org.activiti.engine.impl.db.DbSqlSession  - activiti db schema create for component history successful
10:45:10,956 [main] INFO  org.activiti.engine.impl.db.DbSqlSession  - performing create on identity with resource org/activiti/db/create/activiti.h2.create.identity.sql
10:45:10,956 [main] DEBUG org.activiti.engine.impl.db.DbSqlSession  - SQL: create table ACT_ID_GROUP ( 
ID_ varchar(64), 
REV_ integer, 
NAME_ varchar(255), 
TYPE_ varchar(255), 
primary key (ID_) 
)
10:45:10,956 [main] DEBUG org.activiti.engine.impl.db.DbSqlSession  - SQL: create table ACT_ID_MEMBERSHIP ( 
USER_ID_ varchar(64), 
GROUP_ID_ varchar(64), 
primary key (USER_ID_, GROUP_ID_) 
)
10:45:10,956 [main] DEBUG org.activiti.engine.impl.db.DbSqlSession  - SQL: create table ACT_ID_USER ( 
ID_ varchar(64), 
REV_ integer, 
FIRST_ varchar(255), 
LAST_ varchar(255), 
EMAIL_ varchar(255), 
PWD_ varchar(255), 
PICTURE_ID_ varchar(64), 
primary key (ID_) 
)
10:45:10,956 [main] DEBUG org.activiti.engine.impl.db.DbSqlSession  - SQL: create table ACT_ID_INFO ( 
ID_ varchar(64), 
REV_ integer, 
USER_ID_ varchar(64), 
TYPE_ varchar(64), 
KEY_ varchar(255), 
VALUE_ varchar(255), 
PASSWORD_ longvarbinary, 
PARENT_ID_ varchar(255), 
primary key (ID_) 
)
10:45:10,956 [main] DEBUG org.activiti.engine.impl.db.DbSqlSession  - SQL: alter table ACT_ID_MEMBERSHIP 
add constraint ACT_FK_MEMB_GROUP 
foreign key (GROUP_ID_) 
references ACT_ID_GROUP
10:45:10,956 [main] DEBUG org.activiti.engine.impl.db.DbSqlSession  - SQL: alter table ACT_ID_MEMBERSHIP 
add constraint ACT_FK_MEMB_USER 
foreign key (USER_ID_) 
references ACT_ID_USER
10:45:10,956 [main] DEBUG org.activiti.engine.impl.db.DbSqlSession  - activiti db schema create for component identity successful
10:45:10,956 [main] DEBUG org.activiti.engine.impl.db.DbSqlSession  - flush summary: 0 insert, 0 update, 0 delete.
10:45:10,956 [main] DEBUG org.activiti.engine.impl.db.DbSqlSession  - now executing flush...
10:45:10,956 [main] DEBUG org.activiti.engine.impl.cfg.standalone.StandaloneMybatisTransactionContext  - firing event committing...
10:45:10,956 [main] DEBUG org.activiti.engine.impl.cfg.standalone.StandaloneMybatisTransactionContext  - committing the ibatis sql session...
10:45:10,956 [main] DEBUG org.activiti.engine.impl.cfg.standalone.StandaloneMybatisTransactionContext  - firing event committed...
10:45:10,956 [main] DEBUG org.apache.ibatis.transaction.jdbc.JdbcTransaction  - Resetting autocommit to true on JDBC Connection [conn4: url=jdbc:h2:mem:activiti user=SA]
10:45:10,956 [main] DEBUG org.apache.ibatis.transaction.jdbc.JdbcTransaction  - Closing JDBC Connection [conn4: url=jdbc:h2:mem:activiti user=SA]
10:45:10,956 [main] DEBUG org.apache.ibatis.datasource.pooled.PooledDataSource  - Returned connection 297240765 to pool.
10:45:10,956 [main] DEBUG org.activiti.engine.impl.interceptor.LogInterceptor  - ---  finished --------------------------------------------------------
10:45:10,956 [main] DEBUG org.activiti.engine.impl.interceptor.LogInterceptor  - 

</system-out>
  </testcase>
  <testcase classname="org.activiti.engine.test.api.task.SubTaskQueryTest" name="testQueryWithPagination" time="0.018">
    <error message="
### Error querying database.  Cause: org.h2.jdbc.JdbcSQLException: Syntax error in SQL statement &quot;SELECT DISTINCT RES.* 
       
    FROM ACT_RU_TASK RES
     
     
     
     
    
     
     
     
      
   
    
     ORDER BY  ORDER[*] BY RES.ID_ ASC  
    LIMIT ? OFFSET ? &quot;; expected &quot;=, NOT, EXISTS, INTERSECTS, SELECT, FROM&quot;; SQL statement:
select distinct RES.* 
       
    from ACT_RU_TASK RES
     
     
     
     
    
     
     
     
      
   
    
     order by  order by RES.ID_ asc  
    LIMIT ? OFFSET ? [42001-176]
### The error may exist in org/activiti/db/mapping/entity/Task.xml
### The error may involve org.activiti.engine.impl.persistence.entity.TaskEntity.selectTaskByQueryCriteria
### The error occurred while executing a query
### SQL: select distinct RES.*              from ACT_RU_TASK RES                                                                     order by  order by RES.ID_ asc       LIMIT ? OFFSET ?
### Cause: org.h2.jdbc.JdbcSQLException: Syntax error in SQL statement &quot;SELECT DISTINCT RES.* 
       
    FROM ACT_RU_TASK RES
     
     
     
     
    
     
     
     
      
   
    
     ORDER BY  ORDER[*] BY RES.ID_ ASC  
    LIMIT ? OFFSET ? &quot;; expected &quot;=, NOT, EXISTS, INTERSECTS, SELECT, FROM&quot;; SQL statement:
select distinct RES.* 
       
    from ACT_RU_TASK RES
     
     
     
     
    
     
     
     
      
   
    
     order by  order by RES.ID_ asc  
    LIMIT ? OFFSET ? [42001-176]" type="org.apache.ibatis.exceptions.PersistenceException">org.apache.ibatis.exceptions.PersistenceException: 
### Error querying database.  Cause: org.h2.jdbc.JdbcSQLException: Syntax error in SQL statement &quot;SELECT DISTINCT RES.* 
       
    FROM ACT_RU_TASK RES
     
     
     
     
    
     
     
     
      
   
    
     ORDER BY  ORDER[*] BY RES.ID_ ASC  
    LIMIT ? OFFSET ? &quot;; expected &quot;=, NOT, EXISTS, INTERSECTS, SELECT, FROM&quot;; SQL statement:
select distinct RES.* 
       
    from ACT_RU_TASK RES
     
     
     
     
    
     
     
     
      
   
    
     order by  order by RES.ID_ asc  
    LIMIT ? OFFSET ? [42001-176]
### The error may exist in org/activiti/db/mapping/entity/Task.xml
### The error may involve org.activiti.engine.impl.persistence.entity.TaskEntity.selectTaskByQueryCriteria
### The error occurred while executing a query
### SQL: select distinct RES.*              from ACT_RU_TASK RES                                                                     order by  order by RES.ID_ asc       LIMIT ? OFFSET ?
### Cause: org.h2.jdbc.JdbcSQLException: Syntax error in SQL statement &quot;SELECT DISTINCT RES.* 
       
    FROM ACT_RU_TASK RES
     
     
     
     
    
     
     
     
      
   
    
     ORDER BY  ORDER[*] BY RES.ID_ ASC  
    LIMIT ? OFFSET ? &quot;; expected &quot;=, NOT, EXISTS, INTERSECTS, SELECT, FROM&quot;; SQL statement:
select distinct RES.* 
       
    from ACT_RU_TASK RES
     
     
     
     
    
     
     
     
      
   
    
     order by  order by RES.ID_ asc  
    LIMIT ? OFFSET ? [42001-176]
	at org.apache.ibatis.exceptions.ExceptionFactory.wrapException(ExceptionFactory.java:30)
	at org.apache.ibatis.session.defaults.DefaultSqlSession.selectList(DefaultSqlSession.java:122)
	at org.apache.ibatis.session.defaults.DefaultSqlSession.selectList(DefaultSqlSession.java:113)
	at org.activiti.engine.impl.db.DbSqlSession.selectListWithRawParameter(DbSqlSession.java:438)
	at org.activiti.engine.impl.db.DbSqlSession.selectList(DbSqlSession.java:429)
	at org.activiti.engine.impl.persistence.entity.TaskEntityManager.findTasksByQueryCriteria(TaskEntityManager.java:135)
	at org.activiti.engine.impl.TaskQueryImpl.executeList(TaskQueryImpl.java:1256)
	at org.activiti.engine.impl.AbstractQuery.execute(AbstractQuery.java:168)
	at org.activiti.engine.impl.interceptor.CommandInvoker.execute(CommandInvoker.java:24)
	at org.activiti.engine.impl.interceptor.CommandContextInterceptor.execute(CommandContextInterceptor.java:57)
	at org.activiti.engine.impl.interceptor.LogInterceptor.execute(LogInterceptor.java:37)
	at org.activiti.engine.impl.cfg.CommandExecutorImpl.execute(CommandExecutorImpl.java:40)
	at org.activiti.engine.impl.cfg.CommandExecutorImpl.execute(CommandExecutorImpl.java:35)
	at org.activiti.engine.impl.AbstractQuery.listPage(AbstractQuery.java:149)
	at org.activiti.engine.test.api.task.SubTaskQueryTest.testQueryWithPagination(SubTaskQueryTest.java:75)
	at sun.reflect.NativeMethodAccessorImpl.invoke0(Native Method)
	at sun.reflect.NativeMethodAccessorImpl.invoke(NativeMethodAccessorImpl.java:62)
	at sun.reflect.DelegatingMethodAccessorImpl.invoke(DelegatingMethodAccessorImpl.java:43)
	at java.lang.reflect.Method.invoke(Method.java:498)
	at junit.framework.TestCase.runTest(TestCase.java:176)
	at org.activiti.engine.impl.test.PvmTestCase.runTest(PvmTestCase.java:65)
	at junit.framework.TestCase.runBare(TestCase.java:141)
	at org.activiti.engine.impl.test.AbstractActivitiTestCase.runBare(AbstractActivitiTestCase.java:100)
	at junit.framework.TestResult$1.protect(TestResult.java:122)
	at junit.framework.TestResult.runProtected(TestResult.java:142)
	at junit.framework.TestResult.run(TestResult.java:125)
	at junit.framework.TestCase.run(TestCase.java:129)
	at junit.framework.TestSuite.runTest(TestSuite.java:255)
	at junit.framework.TestSuite.run(TestSuite.java:250)
	at org.junit.internal.runners.JUnit38ClassRunner.run(JUnit38ClassRunner.java:84)
	at org.apache.maven.surefire.junit4.JUnit4TestSet.execute(JUnit4TestSet.java:35)
	at org.apache.maven.surefire.junit4.JUnit4Provider.executeTestSet(JUnit4Provider.java:146)
	at org.apache.maven.surefire.junit4.JUnit4Provider.invoke(JUnit4Provider.java:97)
	at sun.reflect.NativeMethodAccessorImpl.invoke0(Native Method)
	at sun.reflect.NativeMethodAccessorImpl.invoke(NativeMethodAccessorImpl.java:62)
	at sun.reflect.DelegatingMethodAccessorImpl.invoke(DelegatingMethodAccessorImpl.java:43)
	at java.lang.reflect.Method.invoke(Method.java:498)
	at org.apache.maven.surefire.booter.ProviderFactory$ClassLoaderProxy.invoke(ProviderFactory.java:103)
	at com.sun.proxy.$Proxy0.invoke(Unknown Source)
	at org.apache.maven.surefire.booter.SurefireStarter.invokeProvider(SurefireStarter.java:145)
	at org.apache.maven.surefire.booter.SurefireStarter.runSuitesInProcess(SurefireStarter.java:87)
	at org.apache.maven.surefire.booter.ForkedBooter.main(ForkedBooter.java:69)
Caused by: org.h2.jdbc.JdbcSQLException: Syntax error in SQL statement &quot;SELECT DISTINCT RES.* 
       
    FROM ACT_RU_TASK RES
     
     
     
     
    
     
     
     
      
   
    
     ORDER BY  ORDER[*] BY RES.ID_ ASC  
    LIMIT ? OFFSET ? &quot;; expected &quot;=, NOT, EXISTS, INTERSECTS, SELECT, FROM&quot;; SQL statement:
select distinct RES.* 
       
    from ACT_RU_TASK RES
     
     
     
     
    
     
     
     
      
   
    
     order by  order by RES.ID_ asc  
    LIMIT ? OFFSET ? [42001-176]
	at org.h2.message.DbException.getJdbcSQLException(DbException.java:344)
	at org.h2.message.DbException.getSyntaxError(DbException.java:204)
	at org.h2.command.Parser.getSyntaxError(Parser.java:524)
	at org.h2.command.Parser.readTerm(Parser.java:2688)
	at org.h2.command.Parser.readFactor(Parser.java:2244)
	at org.h2.command.Parser.readSum(Parser.java:2231)
	at org.h2.command.Parser.readConcat(Parser.java:2201)
	at org.h2.command.Parser.readCondition(Parser.java:2051)
	at org.h2.command.Parser.readAnd(Parser.java:2023)
	at org.h2.command.Parser.readExpression(Parser.java:2015)
	at org.h2.command.Parser.parseEndOfQuery(Parser.java:1726)
	at org.h2.command.Parser.parseSelectUnionExtension(Parser.java:1706)
	at org.h2.command.Parser.parseSelectUnion(Parser.java:1675)
	at org.h2.command.Parser.parseSelect(Parser.java:1662)
	at org.h2.command.Parser.parsePrepared(Parser.java:434)
	at org.h2.command.Parser.parse(Parser.java:306)
	at org.h2.command.Parser.parse(Parser.java:282)
	at org.h2.command.Parser.prepareCommand(Parser.java:243)
	at org.h2.engine.Session.prepareLocal(Session.java:442)
	at org.h2.engine.Session.prepareCommand(Session.java:384)
	at org.h2.jdbc.JdbcConnection.prepareCommand(JdbcConnection.java:1188)
	at org.h2.jdbc.JdbcPreparedStatement.&lt;init&gt;(JdbcPreparedStatement.java:73)
	at org.h2.jdbc.JdbcConnection.prepareStatement(JdbcConnection.java:276)
	at sun.reflect.GeneratedMethodAccessor6.invoke(Unknown Source)
	at sun.reflect.DelegatingMethodAccessorImpl.invoke(DelegatingMethodAccessorImpl.java:43)
	at java.lang.reflect.Method.invoke(Method.java:498)
	at org.apache.ibatis.datasource.pooled.PooledConnection.invoke(PooledConnection.java:245)
	at com.sun.proxy.$Proxy12.prepareStatement(Unknown Source)
	at sun.reflect.GeneratedMethodAccessor6.invoke(Unknown Source)
	at sun.reflect.DelegatingMethodAccessorImpl.invoke(DelegatingMethodAccessorImpl.java:43)
	at java.lang.reflect.Method.invoke(Method.java:498)
	at org.apache.ibatis.logging.jdbc.ConnectionLogger.invoke(ConnectionLogger.java:55)
	at com.sun.proxy.$Proxy12.prepareStatement(Unknown Source)
	at org.apache.ibatis.executor.statement.PreparedStatementHandler.instantiateStatement(PreparedStatementHandler.java:79)
	at org.apache.ibatis.executor.statement.BaseStatementHandler.prepare(BaseStatementHandler.java:88)
	at org.apache.ibatis.executor.statement.RoutingStatementHandler.prepare(RoutingStatementHandler.java:58)
	at org.apache.ibatis.executor.SimpleExecutor.prepareStatement(SimpleExecutor.java:76)
	at org.apache.ibatis.executor.SimpleExecutor.doQuery(SimpleExecutor.java:61)
	at org.apache.ibatis.executor.BaseExecutor.queryFromDatabase(BaseExecutor.java:303)
	at org.apache.ibatis.executor.BaseExecutor.query(BaseExecutor.java:154)
	at org.apache.ibatis.executor.CachingExecutor.query(CachingExecutor.java:102)
	at org.apache.ibatis.executor.CachingExecutor.query(CachingExecutor.java:82)
	at org.apache.ibatis.session.defaults.DefaultSqlSession.selectList(DefaultSqlSession.java:120)
	... 40 more
</error>
    <system-out>10:45:10,957 [main] DEBUG org.activiti.engine.impl.interceptor.LogInterceptor  - 

10:45:10,957 [main] DEBUG org.activiti.engine.impl.interceptor.LogInterceptor  - --- starting CreateUserCmd --------------------------------------------------------
10:45:10,957 [main] DEBUG org.activiti.engine.impl.cfg.standalone.StandaloneMybatisTransactionContext  - firing event committing...
10:45:10,957 [main] DEBUG org.activiti.engine.impl.cfg.standalone.StandaloneMybatisTransactionContext  - committing the ibatis sql session...
10:45:10,957 [main] DEBUG org.activiti.engine.impl.cfg.standalone.StandaloneMybatisTransactionContext  - firing event committed...
10:45:10,957 [main] DEBUG org.activiti.engine.impl.interceptor.LogInterceptor  - --- CreateUserCmd finished --------------------------------------------------------
10:45:10,957 [main] DEBUG org.activiti.engine.impl.interceptor.LogInterceptor  - 

10:45:10,957 [main] DEBUG org.activiti.engine.impl.interceptor.LogInterceptor  - 

10:45:10,957 [main] DEBUG org.activiti.engine.impl.interceptor.LogInterceptor  - --- starting SaveUserCmd --------------------------------------------------------
10:45:10,957 [main] DEBUG org.activiti.engine.impl.db.DbSqlSession  -   insert org.activiti.engine.impl.persistence.entity.UserEntity@2cf6b6e6
10:45:10,957 [main] DEBUG org.activiti.engine.impl.db.DbSqlSession  - flush summary: 1 insert, 0 update, 0 delete.
10:45:10,957 [main] DEBUG org.activiti.engine.impl.db.DbSqlSession  - now executing flush...
10:45:10,957 [main] DEBUG org.activiti.engine.impl.db.DbSqlSession  - inserting: org.activiti.engine.impl.persistence.entity.UserEntity@2cf6b6e6
10:45:10,957 [main] DEBUG org.apache.ibatis.transaction.jdbc.JdbcTransaction  - Opening JDBC Connection
10:45:10,957 [main] DEBUG org.apache.ibatis.datasource.pooled.PooledDataSource  - Checked out connection 486346394 from pool.
10:45:10,957 [main] DEBUG org.apache.ibatis.transaction.jdbc.JdbcTransaction  - Setting autocommit to false on JDBC Connection [conn6: url=jdbc:h2:mem:activiti user=SA]
10:45:10,957 [main] DEBUG org.activiti.engine.impl.persistence.entity.UserEntity.insertUser  - ==&gt;  Preparing: insert into ACT_ID_USER (ID_, REV_, FIRST_, LAST_, EMAIL_, PWD_) values ( ?, 1, ?, ?, ?, ? ) 
10:45:10,957 [main] DEBUG org.activiti.engine.impl.persistence.entity.UserEntity.insertUser  - ==&gt; Parameters: kermit(String), null, null, null, null
10:45:10,957 [main] DEBUG org.activiti.engine.impl.persistence.entity.UserEntity.insertUser  - &lt;==    Updates: 1
10:45:10,957 [main] DEBUG org.activiti.engine.impl.cfg.standalone.StandaloneMybatisTransactionContext  - firing event committing...
10:45:10,957 [main] DEBUG org.activiti.engine.impl.cfg.standalone.StandaloneMybatisTransactionContext  - committing the ibatis sql session...
10:45:10,957 [main] DEBUG org.apache.ibatis.transaction.jdbc.JdbcTransaction  - Committing JDBC Connection [conn6: url=jdbc:h2:mem:activiti user=SA]
10:45:10,957 [main] DEBUG org.activiti.engine.impl.cfg.standalone.StandaloneMybatisTransactionContext  - firing event committed...
10:45:10,957 [main] DEBUG org.apache.ibatis.transaction.jdbc.JdbcTransaction  - Resetting autocommit to true on JDBC Connection [conn6: url=jdbc:h2:mem:activiti user=SA]
10:45:10,957 [main] DEBUG org.apache.ibatis.transaction.jdbc.JdbcTransaction  - Closing JDBC Connection [conn6: url=jdbc:h2:mem:activiti user=SA]
10:45:10,957 [main] DEBUG org.apache.ibatis.datasource.pooled.PooledDataSource  - Returned connection 486346394 to pool.
10:45:10,957 [main] DEBUG org.activiti.engine.impl.interceptor.LogInterceptor  - --- SaveUserCmd finished --------------------------------------------------------
10:45:10,957 [main] DEBUG org.activiti.engine.impl.interceptor.LogInterceptor  - 

10:45:10,957 [main] DEBUG org.activiti.engine.impl.interceptor.LogInterceptor  - 

10:45:10,957 [main] DEBUG org.activiti.engine.impl.interceptor.LogInterceptor  - --- starting CreateUserCmd --------------------------------------------------------
10:45:10,957 [main] DEBUG org.activiti.engine.impl.cfg.standalone.StandaloneMybatisTransactionContext  - firing event committing...
10:45:10,957 [main] DEBUG org.activiti.engine.impl.cfg.standalone.StandaloneMybatisTransactionContext  - committing the ibatis sql session...
10:45:10,957 [main] DEBUG org.activiti.engine.impl.cfg.standalone.StandaloneMybatisTransactionContext  - firing event committed...
10:45:10,957 [main] DEBUG org.activiti.engine.impl.interceptor.LogInterceptor  - --- CreateUserCmd finished --------------------------------------------------------
10:45:10,957 [main] DEBUG org.activiti.engine.impl.interceptor.LogInterceptor  - 

10:45:10,957 [main] DEBUG org.activiti.engine.impl.interceptor.LogInterceptor  - 

10:45:10,957 [main] DEBUG org.activiti.engine.impl.interceptor.LogInterceptor  - --- starting SaveUserCmd --------------------------------------------------------
10:45:10,957 [main] DEBUG org.activiti.engine.impl.db.DbSqlSession  -   insert org.activiti.engine.impl.persistence.entity.UserEntity@6a16ee0d
10:45:10,957 [main] DEBUG org.activiti.engine.impl.db.DbSqlSession  - flush summary: 1 insert, 0 update, 0 delete.
10:45:10,957 [main] DEBUG org.activiti.engine.impl.db.DbSqlSession  - now executing flush...
10:45:10,957 [main] DEBUG org.activiti.engine.impl.db.DbSqlSession  - inserting: org.activiti.engine.impl.persistence.entity.UserEntity@6a16ee0d
10:45:10,957 [main] DEBUG org.apache.ibatis.transaction.jdbc.JdbcTransaction  - Opening JDBC Connection
10:45:10,957 [main] DEBUG org.apache.ibatis.datasource.pooled.PooledDataSource  - Checked out connection 180014677 from pool.
10:45:10,957 [main] DEBUG org.apache.ibatis.transaction.jdbc.JdbcTransaction  - Setting autocommit to false on JDBC Connection [conn3: url=jdbc:h2:mem:activiti user=SA]
10:45:10,957 [main] DEBUG org.activiti.engine.impl.persistence.entity.UserEntity.insertUser  - ==&gt;  Preparing: insert into ACT_ID_USER (ID_, REV_, FIRST_, LAST_, EMAIL_, PWD_) values ( ?, 1, ?, ?, ?, ? ) 
10:45:10,957 [main] DEBUG org.activiti.engine.impl.persistence.entity.UserEntity.insertUser  - ==&gt; Parameters: gonzo(String), null, null, null, null
10:45:10,957 [main] DEBUG org.activiti.engine.impl.persistence.entity.UserEntity.insertUser  - &lt;==    Updates: 1
10:45:10,957 [main] DEBUG org.activiti.engine.impl.cfg.standalone.StandaloneMybatisTransactionContext  - firing event committing...
10:45:10,957 [main] DEBUG org.activiti.engine.impl.cfg.standalone.StandaloneMybatisTransactionContext  - committing the ibatis sql session...
10:45:10,957 [main] DEBUG org.apache.ibatis.transaction.jdbc.JdbcTransaction  - Committing JDBC Connection [conn3: url=jdbc:h2:mem:activiti user=SA]
10:45:10,957 [main] DEBUG org.activiti.engine.impl.cfg.standalone.StandaloneMybatisTransactionContext  - firing event committed...
10:45:10,957 [main] DEBUG org.apache.ibatis.transaction.jdbc.JdbcTransaction  - Resetting autocommit to true on JDBC Connection [conn3: url=jdbc:h2:mem:activiti user=SA]
10:45:10,957 [main] DEBUG org.apache.ibatis.transaction.jdbc.JdbcTransaction  - Closing JDBC Connection [conn3: url=jdbc:h2:mem:activiti user=SA]
10:45:10,957 [main] DEBUG org.apache.ibatis.datasource.pooled.PooledDataSource  - Returned connection 180014677 to pool.
10:45:10,957 [main] DEBUG org.activiti.engine.impl.interceptor.LogInterceptor  - --- SaveUserCmd finished --------------------------------------------------------
10:45:10,957 [main] DEBUG org.activiti.engine.impl.interceptor.LogInterceptor  - 

10:45:10,957 [main] DEBUG org.activiti.engine.impl.interceptor.LogInterceptor  - 

10:45:10,957 [main] DEBUG org.activiti.engine.impl.interceptor.LogInterceptor  - --- starting CreateGroupCmd --------------------------------------------------------
10:45:10,957 [main] DEBUG org.activiti.engine.impl.cfg.standalone.StandaloneMybatisTransactionContext  - firing event committing...
10:45:10,957 [main] DEBUG org.activiti.engine.impl.cfg.standalone.StandaloneMybatisTransactionContext  - committing the ibatis sql session...
10:45:10,957 [main] DEBUG org.activiti.engine.impl.cfg.standalone.StandaloneMybatisTransactionContext  - firing event committed...
10:45:10,957 [main] DEBUG org.activiti.engine.impl.interceptor.LogInterceptor  - --- CreateGroupCmd finished --------------------------------------------------------
10:45:10,957 [main] DEBUG org.activiti.engine.impl.interceptor.LogInterceptor  - 

10:45:10,957 [main] DEBUG org.activiti.engine.impl.interceptor.LogInterceptor  - 

10:45:10,957 [main] DEBUG org.activiti.engine.impl.interceptor.LogInterceptor  - --- starting SaveGroupCmd --------------------------------------------------------
10:45:10,957 [main] DEBUG org.activiti.engine.impl.db.DbSqlSession  -   insert org.activiti.engine.impl.persistence.entity.GroupEntity@1444e35f
10:45:10,957 [main] DEBUG org.activiti.engine.impl.db.DbSqlSession  - flush summary: 1 insert, 0 update, 0 delete.
10:45:10,957 [main] DEBUG org.activiti.engine.impl.db.DbSqlSession  - now executing flush...
10:45:10,957 [main] DEBUG org.activiti.engine.impl.db.DbSqlSession  - inserting: org.activiti.engine.impl.persistence.entity.GroupEntity@1444e35f
10:45:10,957 [main] DEBUG org.apache.ibatis.transaction.jdbc.JdbcTransaction  - Opening JDBC Connection
10:45:10,957 [main] DEBUG org.apache.ibatis.datasource.pooled.PooledDataSource  - Checked out connection 363509958 from pool.
10:45:10,957 [main] DEBUG org.apache.ibatis.transaction.jdbc.JdbcTransaction  - Setting autocommit to false on JDBC Connection [conn2: url=jdbc:h2:mem:activiti user=SA]
10:45:10,957 [main] DEBUG org.activiti.engine.impl.persistence.entity.GroupEntity.insertGroup  - ==&gt;  Preparing: insert into ACT_ID_GROUP (ID_, REV_, NAME_, TYPE_) values ( ?, 1, ?, ? ) 
10:45:10,957 [main] DEBUG org.activiti.engine.impl.persistence.entity.GroupEntity.insertGroup  - ==&gt; Parameters: management(String), null, null
10:45:10,957 [main] DEBUG org.activiti.engine.impl.persistence.entity.GroupEntity.insertGroup  - &lt;==    Updates: 1
10:45:10,957 [main] DEBUG org.activiti.engine.impl.cfg.standalone.StandaloneMybatisTransactionContext  - firing event committing...
10:45:10,957 [main] DEBUG org.activiti.engine.impl.cfg.standalone.StandaloneMybatisTransactionContext  - committing the ibatis sql session...
10:45:10,957 [main] DEBUG org.apache.ibatis.transaction.jdbc.JdbcTransaction  - Committing JDBC Connection [conn2: url=jdbc:h2:mem:activiti user=SA]
10:45:10,957 [main] DEBUG org.activiti.engine.impl.cfg.standalone.StandaloneMybatisTransactionContext  - firing event committed...
10:45:10,957 [main] DEBUG org.apache.ibatis.transaction.jdbc.JdbcTransaction  - Resetting autocommit to true on JDBC Connection [conn2: url=jdbc:h2:mem:activiti user=SA]
10:45:10,957 [main] DEBUG org.apache.ibatis.transaction.jdbc.JdbcTransaction  - Closing JDBC Connection [conn2: url=jdbc:h2:mem:activiti user=SA]
10:45:10,957 [main] DEBUG org.apache.ibatis.datasource.pooled.PooledDataSource  - Returned connection 363509958 to pool.
10:45:10,957 [main] DEBUG org.activiti.engine.impl.interceptor.LogInterceptor  - --- SaveGroupCmd finished --------------------------------------------------------
10:45:10,957 [main] DEBUG org.activiti.engine.impl.interceptor.LogInterceptor  - 

10:45:10,957 [main] DEBUG org.activiti.engine.impl.interceptor.LogInterceptor  - 

10:45:10,957 [main] DEBUG org.activiti.engine.impl.interceptor.LogInterceptor  - --- starting CreateGroupCmd --------------------------------------------------------
10:45:10,957 [main] DEBUG org.activiti.engine.impl.cfg.standalone.StandaloneMybatisTransactionContext  - firing event committing...
10:45:10,957 [main] DEBUG org.activiti.engine.impl.cfg.standalone.StandaloneMybatisTransactionContext  - committing the ibatis sql session...
10:45:10,957 [main] DEBUG org.activiti.engine.impl.cfg.standalone.StandaloneMybatisTransactionContext  - firing event committed...
10:45:10,957 [main] DEBUG org.activiti.engine.impl.interceptor.LogInterceptor  - --- CreateGroupCmd finished --------------------------------------------------------
10:45:10,957 [main] DEBUG org.activiti.engine.impl.interceptor.LogInterceptor  - 

10:45:10,957 [main] DEBUG org.activiti.engine.impl.interceptor.LogInterceptor  - 

10:45:10,957 [main] DEBUG org.activiti.engine.impl.interceptor.LogInterceptor  - --- starting SaveGroupCmd --------------------------------------------------------
10:45:10,957 [main] DEBUG org.activiti.engine.impl.db.DbSqlSession  -   insert org.activiti.engine.impl.persistence.entity.GroupEntity@3f563397
10:45:10,957 [main] DEBUG org.activiti.engine.impl.db.DbSqlSession  - flush summary: 1 insert, 0 update, 0 delete.
10:45:10,957 [main] DEBUG org.activiti.engine.impl.db.DbSqlSession  - now executing flush...
10:45:10,957 [main] DEBUG org.activiti.engine.impl.db.DbSqlSession  - inserting: org.activiti.engine.impl.persistence.entity.GroupEntity@3f563397
10:45:10,957 [main] DEBUG org.apache.ibatis.transaction.jdbc.JdbcTransaction  - Opening JDBC Connection
10:45:10,957 [main] DEBUG org.apache.ibatis.datasource.pooled.PooledDataSource  - Checked out connection 297240765 from pool.
10:45:10,957 [main] DEBUG org.apache.ibatis.transaction.jdbc.JdbcTransaction  - Setting autocommit to false on JDBC Connection [conn4: url=jdbc:h2:mem:activiti user=SA]
10:45:10,957 [main] DEBUG org.activiti.engine.impl.persistence.entity.GroupEntity.insertGroup  - ==&gt;  Preparing: insert into ACT_ID_GROUP (ID_, REV_, NAME_, TYPE_) values ( ?, 1, ?, ? ) 
10:45:10,957 [main] DEBUG org.activiti.engine.impl.persistence.entity.GroupEntity.insertGroup  - ==&gt; Parameters: accountancy(String), null, null
10:45:10,957 [main] DEBUG org.activiti.engine.impl.persistence.entity.GroupEntity.insertGroup  - &lt;==    Updates: 1
10:45:10,957 [main] DEBUG org.activiti.engine.impl.cfg.standalone.StandaloneMybatisTransactionContext  - firing event committing...
10:45:10,957 [main] DEBUG org.activiti.engine.impl.cfg.standalone.StandaloneMybatisTransactionContext  - committing the ibatis sql session...
10:45:10,957 [main] DEBUG org.apache.ibatis.transaction.jdbc.JdbcTransaction  - Committing JDBC Connection [conn4: url=jdbc:h2:mem:activiti user=SA]
10:45:10,957 [main] DEBUG org.activiti.engine.impl.cfg.standalone.StandaloneMybatisTransactionContext  - firing event committed...
10:45:10,957 [main] DEBUG org.apache.ibatis.transaction.jdbc.JdbcTransaction  - Resetting autocommit to true on JDBC Connection [conn4: url=jdbc:h2:mem:activiti user=SA]
10:45:10,957 [main] DEBUG org.apache.ibatis.transaction.jdbc.JdbcTransaction  - Closing JDBC Connection [conn4: url=jdbc:h2:mem:activiti user=SA]
10:45:10,957 [main] DEBUG org.apache.ibatis.datasource.pooled.PooledDataSource  - Returned connection 297240765 to pool.
10:45:10,957 [main] DEBUG org.activiti.engine.impl.interceptor.LogInterceptor  - --- SaveGroupCmd finished --------------------------------------------------------
10:45:10,957 [main] DEBUG org.activiti.engine.impl.interceptor.LogInterceptor  - 

10:45:10,957 [main] DEBUG org.activiti.engine.impl.interceptor.LogInterceptor  - 

10:45:10,957 [main] DEBUG org.activiti.engine.impl.interceptor.LogInterceptor  - --- starting CreateMembershipCmd --------------------------------------------------------
10:45:10,957 [main] DEBUG org.activiti.engine.impl.db.DbSqlSession  -   insert org.activiti.engine.impl.persistence.entity.MembershipEntity@268ee31d
10:45:10,957 [main] DEBUG org.activiti.engine.impl.db.DbSqlSession  - flush summary: 1 insert, 0 update, 0 delete.
10:45:10,957 [main] DEBUG org.activiti.engine.impl.db.DbSqlSession  - now executing flush...
10:45:10,957 [main] DEBUG org.activiti.engine.impl.db.DbSqlSession  - inserting: org.activiti.engine.impl.persistence.entity.MembershipEntity@268ee31d
10:45:10,957 [main] DEBUG org.apache.ibatis.transaction.jdbc.JdbcTransaction  - Opening JDBC Connection
10:45:10,957 [main] DEBUG org.apache.ibatis.datasource.pooled.PooledDataSource  - Checked out connection 486346394 from pool.
10:45:10,957 [main] DEBUG org.apache.ibatis.transaction.jdbc.JdbcTransaction  - Setting autocommit to false on JDBC Connection [conn6: url=jdbc:h2:mem:activiti user=SA]
10:45:10,957 [main] DEBUG org.activiti.engine.impl.persistence.entity.MembershipRelation.insertMembership  - ==&gt;  Preparing: insert into ACT_ID_MEMBERSHIP (USER_ID_, GROUP_ID_) values ( ?, ? ) 
10:45:10,957 [main] DEBUG org.activiti.engine.impl.persistence.entity.MembershipRelation.insertMembership  - ==&gt; Parameters: kermit(String), management(String)
10:45:10,957 [main] DEBUG org.activiti.engine.impl.persistence.entity.MembershipRelation.insertMembership  - &lt;==    Updates: 1
10:45:10,957 [main] DEBUG org.activiti.engine.impl.cfg.standalone.StandaloneMybatisTransactionContext  - firing event committing...
10:45:10,957 [main] DEBUG org.activiti.engine.impl.cfg.standalone.StandaloneMybatisTransactionContext  - committing the ibatis sql session...
10:45:10,957 [main] DEBUG org.apache.ibatis.transaction.jdbc.JdbcTransaction  - Committing JDBC Connection [conn6: url=jdbc:h2:mem:activiti user=SA]
10:45:10,957 [main] DEBUG org.activiti.engine.impl.cfg.standalone.StandaloneMybatisTransactionContext  - firing event committed...
10:45:10,957 [main] DEBUG org.apache.ibatis.transaction.jdbc.JdbcTransaction  - Resetting autocommit to true on JDBC Connection [conn6: url=jdbc:h2:mem:activiti user=SA]
10:45:10,957 [main] DEBUG org.apache.ibatis.transaction.jdbc.JdbcTransaction  - Closing JDBC Connection [conn6: url=jdbc:h2:mem:activiti user=SA]
10:45:10,957 [main] DEBUG org.apache.ibatis.datasource.pooled.PooledDataSource  - Returned connection 486346394 to pool.
10:45:10,957 [main] DEBUG org.activiti.engine.impl.interceptor.LogInterceptor  - --- CreateMembershipCmd finished --------------------------------------------------------
10:45:10,957 [main] DEBUG org.activiti.engine.impl.interceptor.LogInterceptor  - 

10:45:10,957 [main] DEBUG org.activiti.engine.impl.interceptor.LogInterceptor  - 

10:45:10,957 [main] DEBUG org.activiti.engine.impl.interceptor.LogInterceptor  - --- starting CreateMembershipCmd --------------------------------------------------------
10:45:10,957 [main] DEBUG org.activiti.engine.impl.db.DbSqlSession  -   insert org.activiti.engine.impl.persistence.entity.MembershipEntity@7bb50747
10:45:10,957 [main] DEBUG org.activiti.engine.impl.db.DbSqlSession  - flush summary: 1 insert, 0 update, 0 delete.
10:45:10,957 [main] DEBUG org.activiti.engine.impl.db.DbSqlSession  - now executing flush...
10:45:10,957 [main] DEBUG org.activiti.engine.impl.db.DbSqlSession  - inserting: org.activiti.engine.impl.persistence.entity.MembershipEntity@7bb50747
10:45:10,957 [main] DEBUG org.apache.ibatis.transaction.jdbc.JdbcTransaction  - Opening JDBC Connection
10:45:10,957 [main] DEBUG org.apache.ibatis.datasource.pooled.PooledDataSource  - Checked out connection 180014677 from pool.
10:45:10,957 [main] DEBUG org.apache.ibatis.transaction.jdbc.JdbcTransaction  - Setting autocommit to false on JDBC Connection [conn3: url=jdbc:h2:mem:activiti user=SA]
10:45:10,957 [main] DEBUG org.activiti.engine.impl.persistence.entity.MembershipRelation.insertMembership  - ==&gt;  Preparing: insert into ACT_ID_MEMBERSHIP (USER_ID_, GROUP_ID_) values ( ?, ? ) 
10:45:10,957 [main] DEBUG org.activiti.engine.impl.persistence.entity.MembershipRelation.insertMembership  - ==&gt; Parameters: kermit(String), accountancy(String)
10:45:10,957 [main] DEBUG org.activiti.engine.impl.persistence.entity.MembershipRelation.insertMembership  - &lt;==    Updates: 1
10:45:10,957 [main] DEBUG org.activiti.engine.impl.cfg.standalone.StandaloneMybatisTransactionContext  - firing event committing...
10:45:10,957 [main] DEBUG org.activiti.engine.impl.cfg.standalone.StandaloneMybatisTransactionContext  - committing the ibatis sql session...
10:45:10,957 [main] DEBUG org.apache.ibatis.transaction.jdbc.JdbcTransaction  - Committing JDBC Connection [conn3: url=jdbc:h2:mem:activiti user=SA]
10:45:10,957 [main] DEBUG org.activiti.engine.impl.cfg.standalone.StandaloneMybatisTransactionContext  - firing event committed...
10:45:10,957 [main] DEBUG org.apache.ibatis.transaction.jdbc.JdbcTransaction  - Resetting autocommit to true on JDBC Connection [conn3: url=jdbc:h2:mem:activiti user=SA]
10:45:10,957 [main] DEBUG org.apache.ibatis.transaction.jdbc.JdbcTransaction  - Closing JDBC Connection [conn3: url=jdbc:h2:mem:activiti user=SA]
10:45:10,957 [main] DEBUG org.apache.ibatis.datasource.pooled.PooledDataSource  - Returned connection 180014677 to pool.
10:45:10,957 [main] DEBUG org.activiti.engine.impl.interceptor.LogInterceptor  - --- CreateMembershipCmd finished --------------------------------------------------------
10:45:10,957 [main] DEBUG org.activiti.engine.impl.interceptor.LogInterceptor  - 

10:45:10,958 [main] DEBUG org.activiti.engine.impl.interceptor.LogInterceptor  - 

10:45:10,958 [main] DEBUG org.activiti.engine.impl.interceptor.LogInterceptor  - --- starting NewTaskCmd --------------------------------------------------------
10:45:10,958 [main] DEBUG org.activiti.engine.impl.cfg.standalone.StandaloneMybatisTransactionContext  - firing event committing...
10:45:10,958 [main] DEBUG org.activiti.engine.impl.cfg.standalone.StandaloneMybatisTransactionContext  - committing the ibatis sql session...
10:45:10,958 [main] DEBUG org.activiti.engine.impl.cfg.standalone.StandaloneMybatisTransactionContext  - firing event committed...
10:45:10,958 [main] DEBUG org.activiti.engine.impl.interceptor.LogInterceptor  - --- NewTaskCmd finished --------------------------------------------------------
10:45:10,958 [main] DEBUG org.activiti.engine.impl.interceptor.LogInterceptor  - 

10:45:10,958 [main] DEBUG org.activiti.engine.impl.interceptor.LogInterceptor  - 

10:45:10,958 [main] DEBUG org.activiti.engine.impl.interceptor.LogInterceptor  - --- starting SaveTaskCmd --------------------------------------------------------
10:45:10,958 [main] DEBUG org.activiti.engine.impl.history.DefaultHistoryManager  - Current history level: FULL, level required: AUDIT
10:45:10,958 [main] DEBUG org.activiti.engine.impl.db.DbSqlSession  -   insert Task[id=904, name=rootTestTask]
10:45:10,958 [main] DEBUG org.activiti.engine.impl.db.DbSqlSession  -   insert HistoricTaskInstanceEntity[id=904, name=rootTestTask]
10:45:10,958 [main] DEBUG org.activiti.engine.impl.db.DbSqlSession  - flush summary: 2 insert, 0 update, 0 delete.
10:45:10,958 [main] DEBUG org.activiti.engine.impl.db.DbSqlSession  - now executing flush...
10:45:10,958 [main] DEBUG org.activiti.engine.impl.db.DbSqlSession  - inserting: HistoricTaskInstanceEntity[id=904, name=rootTestTask]
10:45:10,958 [main] DEBUG org.apache.ibatis.transaction.jdbc.JdbcTransaction  - Opening JDBC Connection
10:45:10,958 [main] DEBUG org.apache.ibatis.datasource.pooled.PooledDataSource  - Checked out connection 363509958 from pool.
10:45:10,958 [main] DEBUG org.apache.ibatis.transaction.jdbc.JdbcTransaction  - Setting autocommit to false on JDBC Connection [conn2: url=jdbc:h2:mem:activiti user=SA]
10:45:10,958 [main] DEBUG org.activiti.engine.impl.persistence.entity.HistoricTaskInstanceEntity.insertHistoricTaskInstance  - ==&gt;  Preparing: insert into ACT_HI_TASKINST ( ID_, PROC_DEF_ID_, PROC_INST_ID_, EXECUTION_ID_, NAME_, PARENT_TASK_ID_, DESCRIPTION_, OWNER_, ASSIGNEE_, START_TIME_, CLAIM_TIME_, END_TIME_, DURATION_, DELETE_REASON_, TASK_DEF_KEY_, FORM_KEY_, PRIORITY_, DUE_DATE_, CATEGORY_, TENANT_ID_ ) values ( ?, ?, ?, ?, ?, ?, ?, ?, ?, ?, ?, ?, ?, ?, ?, ?, ?, ?, ?, ? ) 
10:45:10,958 [main] DEBUG org.activiti.engine.impl.persistence.entity.HistoricTaskInstanceEntity.insertHistoricTaskInstance  - ==&gt; Parameters: 904(String), null, null, null, rootTestTask(String), null, rootTestTask description(String), null, null, 2008-01-01 01:01:01.0(Timestamp), null, null, null, null, null, null, 50(Integer), null, null, (String)
10:45:10,958 [main] DEBUG org.activiti.engine.impl.persistence.entity.HistoricTaskInstanceEntity.insertHistoricTaskInstance  - &lt;==    Updates: 1
10:45:10,958 [main] DEBUG org.activiti.engine.impl.db.DbSqlSession  - inserting: Task[id=904, name=rootTestTask]
10:45:10,958 [main] DEBUG org.activiti.engine.impl.persistence.entity.TaskEntity.insertTask  - ==&gt;  Preparing: insert into ACT_RU_TASK (ID_, REV_, NAME_, PARENT_TASK_ID_, DESCRIPTION_, PRIORITY_, CREATE_TIME_, OWNER_, ASSIGNEE_, DELEGATION_, EXECUTION_ID_, PROC_INST_ID_, PROC_DEF_ID_, TASK_DEF_KEY_, DUE_DATE_, CATEGORY_, SUSPENSION_STATE_, TENANT_ID_, FORM_KEY_) values (?, 1, ?, ?, ?, ?, ?, ?, ?, ?, ?, ?, ?, ?, ?, ?, ?, ?, ? ) 
10:45:10,958 [main] DEBUG org.activiti.engine.impl.persistence.entity.TaskEntity.insertTask  - ==&gt; Parameters: 904(String), rootTestTask(String), null, rootTestTask description(String), 50(Integer), 2008-01-01 01:01:01.0(Timestamp), null, null, null, null, null, null, null, null, null, 1(Integer), (String), null
10:45:10,958 [main] DEBUG org.activiti.engine.impl.persistence.entity.TaskEntity.insertTask  - &lt;==    Updates: 1
10:45:10,958 [main] DEBUG org.activiti.engine.impl.cfg.standalone.StandaloneMybatisTransactionContext  - firing event committing...
10:45:10,958 [main] DEBUG org.activiti.engine.impl.cfg.standalone.StandaloneMybatisTransactionContext  - committing the ibatis sql session...
10:45:10,958 [main] DEBUG org.apache.ibatis.transaction.jdbc.JdbcTransaction  - Committing JDBC Connection [conn2: url=jdbc:h2:mem:activiti user=SA]
10:45:10,958 [main] DEBUG org.activiti.engine.impl.cfg.standalone.StandaloneMybatisTransactionContext  - firing event committed...
10:45:10,958 [main] DEBUG org.apache.ibatis.transaction.jdbc.JdbcTransaction  - Resetting autocommit to true on JDBC Connection [conn2: url=jdbc:h2:mem:activiti user=SA]
10:45:10,958 [main] DEBUG org.apache.ibatis.transaction.jdbc.JdbcTransaction  - Closing JDBC Connection [conn2: url=jdbc:h2:mem:activiti user=SA]
10:45:10,958 [main] DEBUG org.apache.ibatis.datasource.pooled.PooledDataSource  - Returned connection 363509958 to pool.
10:45:10,958 [main] DEBUG org.activiti.engine.impl.interceptor.LogInterceptor  - --- SaveTaskCmd finished --------------------------------------------------------
10:45:10,958 [main] DEBUG org.activiti.engine.impl.interceptor.LogInterceptor  - 

10:45:10,958 [main] DEBUG org.activiti.engine.impl.interceptor.LogInterceptor  - 

10:45:10,958 [main] DEBUG org.activiti.engine.impl.interceptor.LogInterceptor  - --- starting AddIdentityLinkCmd --------------------------------------------------------
10:45:10,958 [main] DEBUG org.apache.ibatis.transaction.jdbc.JdbcTransaction  - Opening JDBC Connection
10:45:10,958 [main] DEBUG org.apache.ibatis.datasource.pooled.PooledDataSource  - Checked out connection 297240765 from pool.
10:45:10,958 [main] DEBUG org.apache.ibatis.transaction.jdbc.JdbcTransaction  - Setting autocommit to false on JDBC Connection [conn4: url=jdbc:h2:mem:activiti user=SA]
10:45:10,958 [main] DEBUG org.activiti.engine.impl.persistence.entity.TaskEntity.selectTask  - ==&gt;  Preparing: select * from ACT_RU_TASK where ID_ = ? 
10:45:10,958 [main] DEBUG org.activiti.engine.impl.persistence.entity.TaskEntity.selectTask  - ==&gt; Parameters: 904(String)
10:45:10,958 [main] DEBUG org.activiti.engine.impl.persistence.entity.TaskEntity.selectTask  - &lt;==      Total: 1
10:45:10,958 [main] DEBUG org.activiti.engine.impl.persistence.entity.IdentityLinkEntity.selectIdentityLinksByTask  - ==&gt;  Preparing: select * from ACT_RU_IDENTITYLINK where TASK_ID_ = ? 
10:45:10,958 [main] DEBUG org.activiti.engine.impl.persistence.entity.IdentityLinkEntity.selectIdentityLinksByTask  - ==&gt; Parameters: 904(String)
10:45:10,958 [main] DEBUG org.activiti.engine.impl.persistence.entity.IdentityLinkEntity.selectIdentityLinksByTask  - &lt;==      Total: 0
10:45:10,958 [main] DEBUG org.activiti.engine.impl.history.DefaultHistoryManager  - Current history level: FULL, level required: AUDIT
10:45:10,958 [main] DEBUG org.activiti.engine.impl.history.DefaultHistoryManager  - Current history level: FULL
10:45:10,958 [main] DEBUG org.activiti.engine.impl.history.DefaultHistoryManager  - Current history level: FULL
10:45:10,958 [main] DEBUG org.activiti.engine.impl.db.DbSqlSession  -   insert org.activiti.engine.impl.persistence.entity.HistoricIdentityLinkEntity@48d84d75
10:45:10,958 [main] DEBUG org.activiti.engine.impl.db.DbSqlSession  -   insert IdentityLinkEntity[id=905, type=candidate, userId=kermit, taskId=904]
10:45:10,958 [main] DEBUG org.activiti.engine.impl.db.DbSqlSession  -   insert org.activiti.engine.impl.persistence.entity.CommentEntity@461c0572
10:45:10,958 [main] DEBUG org.activiti.engine.impl.db.DbSqlSession  - flush summary: 3 insert, 0 update, 0 delete.
10:45:10,958 [main] DEBUG org.activiti.engine.impl.db.DbSqlSession  - now executing flush...
10:45:10,958 [main] DEBUG org.activiti.engine.impl.db.DbSqlSession  - inserting: org.activiti.engine.impl.persistence.entity.HistoricIdentityLinkEntity@48d84d75
10:45:10,958 [main] DEBUG org.activiti.engine.impl.persistence.entity.HistoricIdentityLinkEntity.insertHistoricIdentityLink  - ==&gt;  Preparing: insert into ACT_HI_IDENTITYLINK (ID_, TYPE_, USER_ID_, GROUP_ID_, TASK_ID_, PROC_INST_ID_) values (?, ?, ?, ?, ?, ?) 
10:45:10,958 [main] DEBUG org.activiti.engine.impl.persistence.entity.HistoricIdentityLinkEntity.insertHistoricIdentityLink  - ==&gt; Parameters: 905(String), candidate(String), kermit(String), null, 904(String), null
10:45:10,958 [main] DEBUG org.activiti.engine.impl.persistence.entity.HistoricIdentityLinkEntity.insertHistoricIdentityLink  - &lt;==    Updates: 1
10:45:10,958 [main] DEBUG org.activiti.engine.impl.db.DbSqlSession  - inserting: IdentityLinkEntity[id=905, type=candidate, userId=kermit, taskId=904]
10:45:10,958 [main] DEBUG org.activiti.engine.impl.persistence.entity.IdentityLinkEntity.insertIdentityLink  - ==&gt;  Preparing: insert into ACT_RU_IDENTITYLINK (ID_, REV_, TYPE_, USER_ID_, GROUP_ID_, TASK_ID_, PROC_INST_ID_, PROC_DEF_ID_) values (?, 1, ?, ?, ?, ?, ?, ?) 
10:45:10,958 [main] DEBUG org.activiti.engine.impl.persistence.entity.IdentityLinkEntity.insertIdentityLink  - ==&gt; Parameters: 905(String), candidate(String), kermit(String), null, 904(String), null, null
10:45:10,958 [main] DEBUG org.activiti.engine.impl.persistence.entity.IdentityLinkEntity.insertIdentityLink  - &lt;==    Updates: 1
10:45:10,958 [main] DEBUG org.activiti.engine.impl.db.DbSqlSession  - inserting: org.activiti.engine.impl.persistence.entity.CommentEntity@461c0572
10:45:10,958 [main] DEBUG org.activiti.engine.impl.persistence.entity.CommentEntity.insertComment  - ==&gt;  Preparing: insert into ACT_HI_COMMENT (ID_, TYPE_, TIME_, USER_ID_, TASK_ID_, PROC_INST_ID_, ACTION_, MESSAGE_, FULL_MSG_) values (?, ?, ?, ?, ?, ?, ?, ?, ?) 
10:45:10,958 [main] DEBUG org.activiti.engine.impl.persistence.entity.CommentEntity.insertComment  - ==&gt; Parameters: 906(String), event(String), 2008-01-01 01:01:01.0(Timestamp), null, 904(String), null, AddUserLink(String), kermit_|_candidate(String), null
10:45:10,958 [main] DEBUG org.activiti.engine.impl.persistence.entity.CommentEntity.insertComment  - &lt;==    Updates: 1
10:45:10,958 [main] DEBUG org.activiti.engine.impl.cfg.standalone.StandaloneMybatisTransactionContext  - firing event committing...
10:45:10,958 [main] DEBUG org.activiti.engine.impl.cfg.standalone.StandaloneMybatisTransactionContext  - committing the ibatis sql session...
10:45:10,958 [main] DEBUG org.apache.ibatis.transaction.jdbc.JdbcTransaction  - Committing JDBC Connection [conn4: url=jdbc:h2:mem:activiti user=SA]
10:45:10,958 [main] DEBUG org.activiti.engine.impl.cfg.standalone.StandaloneMybatisTransactionContext  - firing event committed...
10:45:10,958 [main] DEBUG org.apache.ibatis.transaction.jdbc.JdbcTransaction  - Resetting autocommit to true on JDBC Connection [conn4: url=jdbc:h2:mem:activiti user=SA]
10:45:10,958 [main] DEBUG org.apache.ibatis.transaction.jdbc.JdbcTransaction  - Closing JDBC Connection [conn4: url=jdbc:h2:mem:activiti user=SA]
10:45:10,958 [main] DEBUG org.apache.ibatis.datasource.pooled.PooledDataSource  - Returned connection 297240765 to pool.
10:45:10,958 [main] DEBUG org.activiti.engine.impl.interceptor.LogInterceptor  - --- AddIdentityLinkCmd finished --------------------------------------------------------
10:45:10,958 [main] DEBUG org.activiti.engine.impl.interceptor.LogInterceptor  - 

10:45:10,958 [main] DEBUG org.activiti.engine.impl.interceptor.LogInterceptor  - 

10:45:10,958 [main] DEBUG org.activiti.engine.impl.interceptor.LogInterceptor  - --- starting NewTaskCmd --------------------------------------------------------
10:45:10,958 [main] DEBUG org.activiti.engine.impl.cfg.standalone.StandaloneMybatisTransactionContext  - firing event committing...
10:45:10,958 [main] DEBUG org.activiti.engine.impl.cfg.standalone.StandaloneMybatisTransactionContext  - committing the ibatis sql session...
10:45:10,958 [main] DEBUG org.activiti.engine.impl.cfg.standalone.StandaloneMybatisTransactionContext  - firing event committed...
10:45:10,958 [main] DEBUG org.activiti.engine.impl.interceptor.LogInterceptor  - --- NewTaskCmd finished --------------------------------------------------------
10:45:10,958 [main] DEBUG org.activiti.engine.impl.interceptor.LogInterceptor  - 

10:45:10,958 [main] DEBUG org.activiti.engine.impl.interceptor.LogInterceptor  - 

10:45:10,958 [main] DEBUG org.activiti.engine.impl.interceptor.LogInterceptor  - --- starting SaveTaskCmd --------------------------------------------------------
10:45:10,958 [main] DEBUG org.activiti.engine.impl.history.DefaultHistoryManager  - Current history level: FULL, level required: AUDIT
10:45:10,958 [main] DEBUG org.activiti.engine.impl.db.DbSqlSession  -   insert Task[id=907, name=kermitSubTask1]
10:45:10,958 [main] DEBUG org.activiti.engine.impl.db.DbSqlSession  -   insert HistoricTaskInstanceEntity[id=907, name=kermitSubTask1]
10:45:10,958 [main] DEBUG org.activiti.engine.impl.db.DbSqlSession  - flush summary: 2 insert, 0 update, 0 delete.
10:45:10,958 [main] DEBUG org.activiti.engine.impl.db.DbSqlSession  - now executing flush...
10:45:10,958 [main] DEBUG org.activiti.engine.impl.db.DbSqlSession  - inserting: HistoricTaskInstanceEntity[id=907, name=kermitSubTask1]
10:45:10,958 [main] DEBUG org.apache.ibatis.transaction.jdbc.JdbcTransaction  - Opening JDBC Connection
10:45:10,958 [main] DEBUG org.apache.ibatis.datasource.pooled.PooledDataSource  - Checked out connection 486346394 from pool.
10:45:10,958 [main] DEBUG org.apache.ibatis.transaction.jdbc.JdbcTransaction  - Setting autocommit to false on JDBC Connection [conn6: url=jdbc:h2:mem:activiti user=SA]
10:45:10,958 [main] DEBUG org.activiti.engine.impl.persistence.entity.HistoricTaskInstanceEntity.insertHistoricTaskInstance  - ==&gt;  Preparing: insert into ACT_HI_TASKINST ( ID_, PROC_DEF_ID_, PROC_INST_ID_, EXECUTION_ID_, NAME_, PARENT_TASK_ID_, DESCRIPTION_, OWNER_, ASSIGNEE_, START_TIME_, CLAIM_TIME_, END_TIME_, DURATION_, DELETE_REASON_, TASK_DEF_KEY_, FORM_KEY_, PRIORITY_, DUE_DATE_, CATEGORY_, TENANT_ID_ ) values ( ?, ?, ?, ?, ?, ?, ?, ?, ?, ?, ?, ?, ?, ?, ?, ?, ?, ?, ?, ? ) 
10:45:10,958 [main] DEBUG org.activiti.engine.impl.persistence.entity.HistoricTaskInstanceEntity.insertHistoricTaskInstance  - ==&gt; Parameters: 907(String), null, null, null, kermitSubTask1(String), 904(String), description for kermit sub-task1(String), null, null, 2009-01-01 01:01:01.0(Timestamp), null, null, null, null, null, null, 50(Integer), null, null, (String)
10:45:10,958 [main] DEBUG org.activiti.engine.impl.persistence.entity.HistoricTaskInstanceEntity.insertHistoricTaskInstance  - &lt;==    Updates: 1
10:45:10,958 [main] DEBUG org.activiti.engine.impl.db.DbSqlSession  - inserting: Task[id=907, name=kermitSubTask1]
10:45:10,959 [main] DEBUG org.activiti.engine.impl.persistence.entity.TaskEntity.insertTask  - ==&gt;  Preparing: insert into ACT_RU_TASK (ID_, REV_, NAME_, PARENT_TASK_ID_, DESCRIPTION_, PRIORITY_, CREATE_TIME_, OWNER_, ASSIGNEE_, DELEGATION_, EXECUTION_ID_, PROC_INST_ID_, PROC_DEF_ID_, TASK_DEF_KEY_, DUE_DATE_, CATEGORY_, SUSPENSION_STATE_, TENANT_ID_, FORM_KEY_) values (?, 1, ?, ?, ?, ?, ?, ?, ?, ?, ?, ?, ?, ?, ?, ?, ?, ?, ? ) 
10:45:10,959 [main] DEBUG org.activiti.engine.impl.persistence.entity.TaskEntity.insertTask  - ==&gt; Parameters: 907(String), kermitSubTask1(String), 904(String), description for kermit sub-task1(String), 50(Integer), 2009-01-01 01:01:01.0(Timestamp), null, null, null, null, null, null, null, null, null, 1(Integer), (String), null
10:45:10,959 [main] DEBUG org.activiti.engine.impl.persistence.entity.TaskEntity.insertTask  - &lt;==    Updates: 1
10:45:10,959 [main] DEBUG org.activiti.engine.impl.cfg.standalone.StandaloneMybatisTransactionContext  - firing event committing...
10:45:10,959 [main] DEBUG org.activiti.engine.impl.cfg.standalone.StandaloneMybatisTransactionContext  - committing the ibatis sql session...
10:45:10,959 [main] DEBUG org.apache.ibatis.transaction.jdbc.JdbcTransaction  - Committing JDBC Connection [conn6: url=jdbc:h2:mem:activiti user=SA]
10:45:10,959 [main] DEBUG org.activiti.engine.impl.cfg.standalone.StandaloneMybatisTransactionContext  - firing event committed...
10:45:10,959 [main] DEBUG org.apache.ibatis.transaction.jdbc.JdbcTransaction  - Resetting autocommit to true on JDBC Connection [conn6: url=jdbc:h2:mem:activiti user=SA]
10:45:10,959 [main] DEBUG org.apache.ibatis.transaction.jdbc.JdbcTransaction  - Closing JDBC Connection [conn6: url=jdbc:h2:mem:activiti user=SA]
10:45:10,959 [main] DEBUG org.apache.ibatis.datasource.pooled.PooledDataSource  - Returned connection 486346394 to pool.
10:45:10,959 [main] DEBUG org.activiti.engine.impl.interceptor.LogInterceptor  - --- SaveTaskCmd finished --------------------------------------------------------
10:45:10,959 [main] DEBUG org.activiti.engine.impl.interceptor.LogInterceptor  - 

10:45:10,959 [main] DEBUG org.activiti.engine.impl.interceptor.LogInterceptor  - 

10:45:10,959 [main] DEBUG org.activiti.engine.impl.interceptor.LogInterceptor  - --- starting AddIdentityLinkCmd --------------------------------------------------------
10:45:10,959 [main] DEBUG org.apache.ibatis.transaction.jdbc.JdbcTransaction  - Opening JDBC Connection
10:45:10,959 [main] DEBUG org.apache.ibatis.datasource.pooled.PooledDataSource  - Checked out connection 180014677 from pool.
10:45:10,959 [main] DEBUG org.apache.ibatis.transaction.jdbc.JdbcTransaction  - Setting autocommit to false on JDBC Connection [conn3: url=jdbc:h2:mem:activiti user=SA]
10:45:10,959 [main] DEBUG org.activiti.engine.impl.persistence.entity.TaskEntity.selectTask  - ==&gt;  Preparing: select * from ACT_RU_TASK where ID_ = ? 
10:45:10,959 [main] DEBUG org.activiti.engine.impl.persistence.entity.TaskEntity.selectTask  - ==&gt; Parameters: 907(String)
10:45:10,959 [main] DEBUG org.activiti.engine.impl.persistence.entity.TaskEntity.selectTask  - &lt;==      Total: 1
10:45:10,959 [main] DEBUG org.activiti.engine.impl.persistence.entity.IdentityLinkEntity.selectIdentityLinksByTask  - ==&gt;  Preparing: select * from ACT_RU_IDENTITYLINK where TASK_ID_ = ? 
10:45:10,959 [main] DEBUG org.activiti.engine.impl.persistence.entity.IdentityLinkEntity.selectIdentityLinksByTask  - ==&gt; Parameters: 907(String)
10:45:10,959 [main] DEBUG org.activiti.engine.impl.persistence.entity.IdentityLinkEntity.selectIdentityLinksByTask  - &lt;==      Total: 0
10:45:10,959 [main] DEBUG org.activiti.engine.impl.history.DefaultHistoryManager  - Current history level: FULL, level required: AUDIT
10:45:10,959 [main] DEBUG org.activiti.engine.impl.history.DefaultHistoryManager  - Current history level: FULL
10:45:10,959 [main] DEBUG org.activiti.engine.impl.history.DefaultHistoryManager  - Current history level: FULL
10:45:10,959 [main] DEBUG org.activiti.engine.impl.db.DbSqlSession  -   insert org.activiti.engine.impl.persistence.entity.HistoricIdentityLinkEntity@17db90a7
10:45:10,959 [main] DEBUG org.activiti.engine.impl.db.DbSqlSession  -   insert IdentityLinkEntity[id=908, type=candidate, userId=kermit, taskId=907]
10:45:10,959 [main] DEBUG org.activiti.engine.impl.db.DbSqlSession  -   insert org.activiti.engine.impl.persistence.entity.CommentEntity@44872224
10:45:10,959 [main] DEBUG org.activiti.engine.impl.db.DbSqlSession  - flush summary: 3 insert, 0 update, 0 delete.
10:45:10,959 [main] DEBUG org.activiti.engine.impl.db.DbSqlSession  - now executing flush...
10:45:10,959 [main] DEBUG org.activiti.engine.impl.db.DbSqlSession  - inserting: org.activiti.engine.impl.persistence.entity.HistoricIdentityLinkEntity@17db90a7
10:45:10,959 [main] DEBUG org.activiti.engine.impl.persistence.entity.HistoricIdentityLinkEntity.insertHistoricIdentityLink  - ==&gt;  Preparing: insert into ACT_HI_IDENTITYLINK (ID_, TYPE_, USER_ID_, GROUP_ID_, TASK_ID_, PROC_INST_ID_) values (?, ?, ?, ?, ?, ?) 
10:45:10,959 [main] DEBUG org.activiti.engine.impl.persistence.entity.HistoricIdentityLinkEntity.insertHistoricIdentityLink  - ==&gt; Parameters: 908(String), candidate(String), kermit(String), null, 907(String), null
10:45:10,959 [main] DEBUG org.activiti.engine.impl.persistence.entity.HistoricIdentityLinkEntity.insertHistoricIdentityLink  - &lt;==    Updates: 1
10:45:10,959 [main] DEBUG org.activiti.engine.impl.db.DbSqlSession  - inserting: IdentityLinkEntity[id=908, type=candidate, userId=kermit, taskId=907]
10:45:10,959 [main] DEBUG org.activiti.engine.impl.persistence.entity.IdentityLinkEntity.insertIdentityLink  - ==&gt;  Preparing: insert into ACT_RU_IDENTITYLINK (ID_, REV_, TYPE_, USER_ID_, GROUP_ID_, TASK_ID_, PROC_INST_ID_, PROC_DEF_ID_) values (?, 1, ?, ?, ?, ?, ?, ?) 
10:45:10,959 [main] DEBUG org.activiti.engine.impl.persistence.entity.IdentityLinkEntity.insertIdentityLink  - ==&gt; Parameters: 908(String), candidate(String), kermit(String), null, 907(String), null, null
10:45:10,959 [main] DEBUG org.activiti.engine.impl.persistence.entity.IdentityLinkEntity.insertIdentityLink  - &lt;==    Updates: 1
10:45:10,959 [main] DEBUG org.activiti.engine.impl.db.DbSqlSession  - inserting: org.activiti.engine.impl.persistence.entity.CommentEntity@44872224
10:45:10,959 [main] DEBUG org.activiti.engine.impl.persistence.entity.CommentEntity.insertComment  - ==&gt;  Preparing: insert into ACT_HI_COMMENT (ID_, TYPE_, TIME_, USER_ID_, TASK_ID_, PROC_INST_ID_, ACTION_, MESSAGE_, FULL_MSG_) values (?, ?, ?, ?, ?, ?, ?, ?, ?) 
10:45:10,959 [main] DEBUG org.activiti.engine.impl.persistence.entity.CommentEntity.insertComment  - ==&gt; Parameters: 909(String), event(String), 2009-01-01 01:01:01.0(Timestamp), null, 907(String), null, AddUserLink(String), kermit_|_candidate(String), null
10:45:10,959 [main] DEBUG org.activiti.engine.impl.persistence.entity.CommentEntity.insertComment  - &lt;==    Updates: 1
10:45:10,959 [main] DEBUG org.activiti.engine.impl.cfg.standalone.StandaloneMybatisTransactionContext  - firing event committing...
10:45:10,959 [main] DEBUG org.activiti.engine.impl.cfg.standalone.StandaloneMybatisTransactionContext  - committing the ibatis sql session...
10:45:10,959 [main] DEBUG org.apache.ibatis.transaction.jdbc.JdbcTransaction  - Committing JDBC Connection [conn3: url=jdbc:h2:mem:activiti user=SA]
10:45:10,959 [main] DEBUG org.activiti.engine.impl.cfg.standalone.StandaloneMybatisTransactionContext  - firing event committed...
10:45:10,959 [main] DEBUG org.apache.ibatis.transaction.jdbc.JdbcTransaction  - Resetting autocommit to true on JDBC Connection [conn3: url=jdbc:h2:mem:activiti user=SA]
10:45:10,959 [main] DEBUG org.apache.ibatis.transaction.jdbc.JdbcTransaction  - Closing JDBC Connection [conn3: url=jdbc:h2:mem:activiti user=SA]
10:45:10,959 [main] DEBUG org.apache.ibatis.datasource.pooled.PooledDataSource  - Returned connection 180014677 to pool.
10:45:10,959 [main] DEBUG org.activiti.engine.impl.interceptor.LogInterceptor  - --- AddIdentityLinkCmd finished --------------------------------------------------------
10:45:10,959 [main] DEBUG org.activiti.engine.impl.interceptor.LogInterceptor  - 

10:45:10,959 [main] DEBUG org.activiti.engine.impl.interceptor.LogInterceptor  - 

10:45:10,959 [main] DEBUG org.activiti.engine.impl.interceptor.LogInterceptor  - --- starting NewTaskCmd --------------------------------------------------------
10:45:10,959 [main] DEBUG org.activiti.engine.impl.cfg.standalone.StandaloneMybatisTransactionContext  - firing event committing...
10:45:10,959 [main] DEBUG org.activiti.engine.impl.cfg.standalone.StandaloneMybatisTransactionContext  - committing the ibatis sql session...
10:45:10,959 [main] DEBUG org.activiti.engine.impl.cfg.standalone.StandaloneMybatisTransactionContext  - firing event committed...
10:45:10,959 [main] DEBUG org.activiti.engine.impl.interceptor.LogInterceptor  - --- NewTaskCmd finished --------------------------------------------------------
10:45:10,959 [main] DEBUG org.activiti.engine.impl.interceptor.LogInterceptor  - 

10:45:10,959 [main] DEBUG org.activiti.engine.impl.interceptor.LogInterceptor  - 

10:45:10,959 [main] DEBUG org.activiti.engine.impl.interceptor.LogInterceptor  - --- starting SaveTaskCmd --------------------------------------------------------
10:45:10,959 [main] DEBUG org.activiti.engine.impl.history.DefaultHistoryManager  - Current history level: FULL, level required: AUDIT
10:45:10,959 [main] DEBUG org.activiti.engine.impl.db.DbSqlSession  -   insert Task[id=910, name=kermitSubTask2]
10:45:10,959 [main] DEBUG org.activiti.engine.impl.db.DbSqlSession  -   insert HistoricTaskInstanceEntity[id=910, name=kermitSubTask2]
10:45:10,959 [main] DEBUG org.activiti.engine.impl.db.DbSqlSession  - flush summary: 2 insert, 0 update, 0 delete.
10:45:10,959 [main] DEBUG org.activiti.engine.impl.db.DbSqlSession  - now executing flush...
10:45:10,959 [main] DEBUG org.activiti.engine.impl.db.DbSqlSession  - inserting: HistoricTaskInstanceEntity[id=910, name=kermitSubTask2]
10:45:10,959 [main] DEBUG org.apache.ibatis.transaction.jdbc.JdbcTransaction  - Opening JDBC Connection
10:45:10,959 [main] DEBUG org.apache.ibatis.datasource.pooled.PooledDataSource  - Checked out connection 363509958 from pool.
10:45:10,959 [main] DEBUG org.apache.ibatis.transaction.jdbc.JdbcTransaction  - Setting autocommit to false on JDBC Connection [conn2: url=jdbc:h2:mem:activiti user=SA]
10:45:10,959 [main] DEBUG org.activiti.engine.impl.persistence.entity.HistoricTaskInstanceEntity.insertHistoricTaskInstance  - ==&gt;  Preparing: insert into ACT_HI_TASKINST ( ID_, PROC_DEF_ID_, PROC_INST_ID_, EXECUTION_ID_, NAME_, PARENT_TASK_ID_, DESCRIPTION_, OWNER_, ASSIGNEE_, START_TIME_, CLAIM_TIME_, END_TIME_, DURATION_, DELETE_REASON_, TASK_DEF_KEY_, FORM_KEY_, PRIORITY_, DUE_DATE_, CATEGORY_, TENANT_ID_ ) values ( ?, ?, ?, ?, ?, ?, ?, ?, ?, ?, ?, ?, ?, ?, ?, ?, ?, ?, ?, ? ) 
10:45:10,959 [main] DEBUG org.activiti.engine.impl.persistence.entity.HistoricTaskInstanceEntity.insertHistoricTaskInstance  - ==&gt; Parameters: 910(String), null, null, null, kermitSubTask2(String), 904(String), description for kermit sub-task2(String), null, null, 2009-01-01 01:01:01.0(Timestamp), null, null, null, null, null, null, 50(Integer), null, null, (String)
10:45:10,959 [main] DEBUG org.activiti.engine.impl.persistence.entity.HistoricTaskInstanceEntity.insertHistoricTaskInstance  - &lt;==    Updates: 1
10:45:10,959 [main] DEBUG org.activiti.engine.impl.db.DbSqlSession  - inserting: Task[id=910, name=kermitSubTask2]
10:45:10,959 [main] DEBUG org.activiti.engine.impl.persistence.entity.TaskEntity.insertTask  - ==&gt;  Preparing: insert into ACT_RU_TASK (ID_, REV_, NAME_, PARENT_TASK_ID_, DESCRIPTION_, PRIORITY_, CREATE_TIME_, OWNER_, ASSIGNEE_, DELEGATION_, EXECUTION_ID_, PROC_INST_ID_, PROC_DEF_ID_, TASK_DEF_KEY_, DUE_DATE_, CATEGORY_, SUSPENSION_STATE_, TENANT_ID_, FORM_KEY_) values (?, 1, ?, ?, ?, ?, ?, ?, ?, ?, ?, ?, ?, ?, ?, ?, ?, ?, ? ) 
10:45:10,959 [main] DEBUG org.activiti.engine.impl.persistence.entity.TaskEntity.insertTask  - ==&gt; Parameters: 910(String), kermitSubTask2(String), 904(String), description for kermit sub-task2(String), 50(Integer), 2009-01-01 01:01:01.0(Timestamp), null, null, null, null, null, null, null, null, null, 1(Integer), (String), null
10:45:10,959 [main] DEBUG org.activiti.engine.impl.persistence.entity.TaskEntity.insertTask  - &lt;==    Updates: 1
10:45:10,959 [main] DEBUG org.activiti.engine.impl.cfg.standalone.StandaloneMybatisTransactionContext  - firing event committing...
10:45:10,959 [main] DEBUG org.activiti.engine.impl.cfg.standalone.StandaloneMybatisTransactionContext  - committing the ibatis sql session...
10:45:10,959 [main] DEBUG org.apache.ibatis.transaction.jdbc.JdbcTransaction  - Committing JDBC Connection [conn2: url=jdbc:h2:mem:activiti user=SA]
10:45:10,959 [main] DEBUG org.activiti.engine.impl.cfg.standalone.StandaloneMybatisTransactionContext  - firing event committed...
10:45:10,959 [main] DEBUG org.apache.ibatis.transaction.jdbc.JdbcTransaction  - Resetting autocommit to true on JDBC Connection [conn2: url=jdbc:h2:mem:activiti user=SA]
10:45:10,959 [main] DEBUG org.apache.ibatis.transaction.jdbc.JdbcTransaction  - Closing JDBC Connection [conn2: url=jdbc:h2:mem:activiti user=SA]
10:45:10,959 [main] DEBUG org.apache.ibatis.datasource.pooled.PooledDataSource  - Returned connection 363509958 to pool.
10:45:10,959 [main] DEBUG org.activiti.engine.impl.interceptor.LogInterceptor  - --- SaveTaskCmd finished --------------------------------------------------------
10:45:10,959 [main] DEBUG org.activiti.engine.impl.interceptor.LogInterceptor  - 

10:45:10,959 [main] DEBUG org.activiti.engine.impl.interceptor.LogInterceptor  - 

10:45:10,959 [main] DEBUG org.activiti.engine.impl.interceptor.LogInterceptor  - --- starting AddIdentityLinkCmd --------------------------------------------------------
10:45:10,959 [main] DEBUG org.apache.ibatis.transaction.jdbc.JdbcTransaction  - Opening JDBC Connection
10:45:10,959 [main] DEBUG org.apache.ibatis.datasource.pooled.PooledDataSource  - Checked out connection 297240765 from pool.
10:45:10,959 [main] DEBUG org.apache.ibatis.transaction.jdbc.JdbcTransaction  - Setting autocommit to false on JDBC Connection [conn4: url=jdbc:h2:mem:activiti user=SA]
10:45:10,959 [main] DEBUG org.activiti.engine.impl.persistence.entity.TaskEntity.selectTask  - ==&gt;  Preparing: select * from ACT_RU_TASK where ID_ = ? 
10:45:10,959 [main] DEBUG org.activiti.engine.impl.persistence.entity.TaskEntity.selectTask  - ==&gt; Parameters: 910(String)
10:45:10,959 [main] DEBUG org.activiti.engine.impl.persistence.entity.TaskEntity.selectTask  - &lt;==      Total: 1
10:45:10,959 [main] DEBUG org.activiti.engine.impl.persistence.entity.IdentityLinkEntity.selectIdentityLinksByTask  - ==&gt;  Preparing: select * from ACT_RU_IDENTITYLINK where TASK_ID_ = ? 
10:45:10,959 [main] DEBUG org.activiti.engine.impl.persistence.entity.IdentityLinkEntity.selectIdentityLinksByTask  - ==&gt; Parameters: 910(String)
10:45:10,959 [main] DEBUG org.activiti.engine.impl.persistence.entity.IdentityLinkEntity.selectIdentityLinksByTask  - &lt;==      Total: 0
10:45:10,959 [main] DEBUG org.activiti.engine.impl.history.DefaultHistoryManager  - Current history level: FULL, level required: AUDIT
10:45:10,959 [main] DEBUG org.activiti.engine.impl.history.DefaultHistoryManager  - Current history level: FULL
10:45:10,959 [main] DEBUG org.activiti.engine.impl.history.DefaultHistoryManager  - Current history level: FULL
10:45:10,959 [main] DEBUG org.activiti.engine.impl.db.DbSqlSession  -   insert org.activiti.engine.impl.persistence.entity.HistoricIdentityLinkEntity@4ebe6c24
10:45:10,959 [main] DEBUG org.activiti.engine.impl.db.DbSqlSession  -   insert IdentityLinkEntity[id=911, type=candidate, userId=kermit, taskId=910]
10:45:10,959 [main] DEBUG org.activiti.engine.impl.db.DbSqlSession  -   insert org.activiti.engine.impl.persistence.entity.CommentEntity@682fc714
10:45:10,959 [main] DEBUG org.activiti.engine.impl.db.DbSqlSession  - flush summary: 3 insert, 0 update, 0 delete.
10:45:10,959 [main] DEBUG org.activiti.engine.impl.db.DbSqlSession  - now executing flush...
10:45:10,959 [main] DEBUG org.activiti.engine.impl.db.DbSqlSession  - inserting: org.activiti.engine.impl.persistence.entity.HistoricIdentityLinkEntity@4ebe6c24
10:45:10,959 [main] DEBUG org.activiti.engine.impl.persistence.entity.HistoricIdentityLinkEntity.insertHistoricIdentityLink  - ==&gt;  Preparing: insert into ACT_HI_IDENTITYLINK (ID_, TYPE_, USER_ID_, GROUP_ID_, TASK_ID_, PROC_INST_ID_) values (?, ?, ?, ?, ?, ?) 
10:45:10,959 [main] DEBUG org.activiti.engine.impl.persistence.entity.HistoricIdentityLinkEntity.insertHistoricIdentityLink  - ==&gt; Parameters: 911(String), candidate(String), kermit(String), null, 910(String), null
10:45:10,959 [main] DEBUG org.activiti.engine.impl.persistence.entity.HistoricIdentityLinkEntity.insertHistoricIdentityLink  - &lt;==    Updates: 1
10:45:10,959 [main] DEBUG org.activiti.engine.impl.db.DbSqlSession  - inserting: IdentityLinkEntity[id=911, type=candidate, userId=kermit, taskId=910]
10:45:10,959 [main] DEBUG org.activiti.engine.impl.persistence.entity.IdentityLinkEntity.insertIdentityLink  - ==&gt;  Preparing: insert into ACT_RU_IDENTITYLINK (ID_, REV_, TYPE_, USER_ID_, GROUP_ID_, TASK_ID_, PROC_INST_ID_, PROC_DEF_ID_) values (?, 1, ?, ?, ?, ?, ?, ?) 
10:45:10,959 [main] DEBUG org.activiti.engine.impl.persistence.entity.IdentityLinkEntity.insertIdentityLink  - ==&gt; Parameters: 911(String), candidate(String), kermit(String), null, 910(String), null, null
10:45:10,959 [main] DEBUG org.activiti.engine.impl.persistence.entity.IdentityLinkEntity.insertIdentityLink  - &lt;==    Updates: 1
10:45:10,959 [main] DEBUG org.activiti.engine.impl.db.DbSqlSession  - inserting: org.activiti.engine.impl.persistence.entity.CommentEntity@682fc714
10:45:10,959 [main] DEBUG org.activiti.engine.impl.persistence.entity.CommentEntity.insertComment  - ==&gt;  Preparing: insert into ACT_HI_COMMENT (ID_, TYPE_, TIME_, USER_ID_, TASK_ID_, PROC_INST_ID_, ACTION_, MESSAGE_, FULL_MSG_) values (?, ?, ?, ?, ?, ?, ?, ?, ?) 
10:45:10,959 [main] DEBUG org.activiti.engine.impl.persistence.entity.CommentEntity.insertComment  - ==&gt; Parameters: 912(String), event(String), 2009-01-01 01:01:01.0(Timestamp), null, 910(String), null, AddUserLink(String), kermit_|_candidate(String), null
10:45:10,959 [main] DEBUG org.activiti.engine.impl.persistence.entity.CommentEntity.insertComment  - &lt;==    Updates: 1
10:45:10,959 [main] DEBUG org.activiti.engine.impl.cfg.standalone.StandaloneMybatisTransactionContext  - firing event committing...
10:45:10,959 [main] DEBUG org.activiti.engine.impl.cfg.standalone.StandaloneMybatisTransactionContext  - committing the ibatis sql session...
10:45:10,959 [main] DEBUG org.apache.ibatis.transaction.jdbc.JdbcTransaction  - Committing JDBC Connection [conn4: url=jdbc:h2:mem:activiti user=SA]
10:45:10,959 [main] DEBUG org.activiti.engine.impl.cfg.standalone.StandaloneMybatisTransactionContext  - firing event committed...
10:45:10,959 [main] DEBUG org.apache.ibatis.transaction.jdbc.JdbcTransaction  - Resetting autocommit to true on JDBC Connection [conn4: url=jdbc:h2:mem:activiti user=SA]
10:45:10,959 [main] DEBUG org.apache.ibatis.transaction.jdbc.JdbcTransaction  - Closing JDBC Connection [conn4: url=jdbc:h2:mem:activiti user=SA]
10:45:10,959 [main] DEBUG org.apache.ibatis.datasource.pooled.PooledDataSource  - Returned connection 297240765 to pool.
10:45:10,959 [main] DEBUG org.activiti.engine.impl.interceptor.LogInterceptor  - --- AddIdentityLinkCmd finished --------------------------------------------------------
10:45:10,959 [main] DEBUG org.activiti.engine.impl.interceptor.LogInterceptor  - 

10:45:10,959 [main] DEBUG org.activiti.engine.impl.interceptor.LogInterceptor  - 

10:45:10,959 [main] DEBUG org.activiti.engine.impl.interceptor.LogInterceptor  - --- starting NewTaskCmd --------------------------------------------------------
10:45:10,959 [main] DEBUG org.activiti.engine.impl.cfg.standalone.StandaloneMybatisTransactionContext  - firing event committing...
10:45:10,959 [main] DEBUG org.activiti.engine.impl.cfg.standalone.StandaloneMybatisTransactionContext  - committing the ibatis sql session...
10:45:10,959 [main] DEBUG org.activiti.engine.impl.cfg.standalone.StandaloneMybatisTransactionContext  - firing event committed...
10:45:10,959 [main] DEBUG org.activiti.engine.impl.interceptor.LogInterceptor  - --- NewTaskCmd finished --------------------------------------------------------
10:45:10,959 [main] DEBUG org.activiti.engine.impl.interceptor.LogInterceptor  - 

10:45:10,959 [main] DEBUG org.activiti.engine.impl.interceptor.LogInterceptor  - 

10:45:10,960 [main] DEBUG org.activiti.engine.impl.interceptor.LogInterceptor  - --- starting SaveTaskCmd --------------------------------------------------------
10:45:10,960 [main] DEBUG org.activiti.engine.impl.history.DefaultHistoryManager  - Current history level: FULL, level required: AUDIT
10:45:10,960 [main] DEBUG org.activiti.engine.impl.db.DbSqlSession  -   insert Task[id=913, name=gonzoRootTask1]
10:45:10,960 [main] DEBUG org.activiti.engine.impl.db.DbSqlSession  -   insert HistoricTaskInstanceEntity[id=913, name=gonzoRootTask1]
10:45:10,960 [main] DEBUG org.activiti.engine.impl.db.DbSqlSession  - flush summary: 2 insert, 0 update, 0 delete.
10:45:10,960 [main] DEBUG org.activiti.engine.impl.db.DbSqlSession  - now executing flush...
10:45:10,960 [main] DEBUG org.activiti.engine.impl.db.DbSqlSession  - inserting: HistoricTaskInstanceEntity[id=913, name=gonzoRootTask1]
10:45:10,960 [main] DEBUG org.apache.ibatis.transaction.jdbc.JdbcTransaction  - Opening JDBC Connection
10:45:10,960 [main] DEBUG org.apache.ibatis.datasource.pooled.PooledDataSource  - Checked out connection 486346394 from pool.
10:45:10,960 [main] DEBUG org.apache.ibatis.transaction.jdbc.JdbcTransaction  - Setting autocommit to false on JDBC Connection [conn6: url=jdbc:h2:mem:activiti user=SA]
10:45:10,960 [main] DEBUG org.activiti.engine.impl.persistence.entity.HistoricTaskInstanceEntity.insertHistoricTaskInstance  - ==&gt;  Preparing: insert into ACT_HI_TASKINST ( ID_, PROC_DEF_ID_, PROC_INST_ID_, EXECUTION_ID_, NAME_, PARENT_TASK_ID_, DESCRIPTION_, OWNER_, ASSIGNEE_, START_TIME_, CLAIM_TIME_, END_TIME_, DURATION_, DELETE_REASON_, TASK_DEF_KEY_, FORM_KEY_, PRIORITY_, DUE_DATE_, CATEGORY_, TENANT_ID_ ) values ( ?, ?, ?, ?, ?, ?, ?, ?, ?, ?, ?, ?, ?, ?, ?, ?, ?, ?, ?, ? ) 
10:45:10,960 [main] DEBUG org.activiti.engine.impl.persistence.entity.HistoricTaskInstanceEntity.insertHistoricTaskInstance  - ==&gt; Parameters: 913(String), null, null, null, gonzoRootTask1(String), null, gonzo Root task1 description(String), null, null, 2008-02-01 02:02:02.0(Timestamp), null, null, null, null, null, null, 50(Integer), null, null, (String)
10:45:10,960 [main] DEBUG org.activiti.engine.impl.persistence.entity.HistoricTaskInstanceEntity.insertHistoricTaskInstance  - &lt;==    Updates: 1
10:45:10,960 [main] DEBUG org.activiti.engine.impl.db.DbSqlSession  - inserting: Task[id=913, name=gonzoRootTask1]
10:45:10,960 [main] DEBUG org.activiti.engine.impl.persistence.entity.TaskEntity.insertTask  - ==&gt;  Preparing: insert into ACT_RU_TASK (ID_, REV_, NAME_, PARENT_TASK_ID_, DESCRIPTION_, PRIORITY_, CREATE_TIME_, OWNER_, ASSIGNEE_, DELEGATION_, EXECUTION_ID_, PROC_INST_ID_, PROC_DEF_ID_, TASK_DEF_KEY_, DUE_DATE_, CATEGORY_, SUSPENSION_STATE_, TENANT_ID_, FORM_KEY_) values (?, 1, ?, ?, ?, ?, ?, ?, ?, ?, ?, ?, ?, ?, ?, ?, ?, ?, ? ) 
10:45:10,960 [main] DEBUG org.activiti.engine.impl.persistence.entity.TaskEntity.insertTask  - ==&gt; Parameters: 913(String), gonzoRootTask1(String), null, gonzo Root task1 description(String), 50(Integer), 2008-02-01 02:02:02.0(Timestamp), null, null, null, null, null, null, null, null, null, 1(Integer), (String), null
10:45:10,960 [main] DEBUG org.activiti.engine.impl.persistence.entity.TaskEntity.insertTask  - &lt;==    Updates: 1
10:45:10,960 [main] DEBUG org.activiti.engine.impl.cfg.standalone.StandaloneMybatisTransactionContext  - firing event committing...
10:45:10,960 [main] DEBUG org.activiti.engine.impl.cfg.standalone.StandaloneMybatisTransactionContext  - committing the ibatis sql session...
10:45:10,960 [main] DEBUG org.apache.ibatis.transaction.jdbc.JdbcTransaction  - Committing JDBC Connection [conn6: url=jdbc:h2:mem:activiti user=SA]
10:45:10,960 [main] DEBUG org.activiti.engine.impl.cfg.standalone.StandaloneMybatisTransactionContext  - firing event committed...
10:45:10,960 [main] DEBUG org.apache.ibatis.transaction.jdbc.JdbcTransaction  - Resetting autocommit to true on JDBC Connection [conn6: url=jdbc:h2:mem:activiti user=SA]
10:45:10,960 [main] DEBUG org.apache.ibatis.transaction.jdbc.JdbcTransaction  - Closing JDBC Connection [conn6: url=jdbc:h2:mem:activiti user=SA]
10:45:10,960 [main] DEBUG org.apache.ibatis.datasource.pooled.PooledDataSource  - Returned connection 486346394 to pool.
10:45:10,960 [main] DEBUG org.activiti.engine.impl.interceptor.LogInterceptor  - --- SaveTaskCmd finished --------------------------------------------------------
10:45:10,960 [main] DEBUG org.activiti.engine.impl.interceptor.LogInterceptor  - 

10:45:10,960 [main] DEBUG org.activiti.engine.impl.interceptor.LogInterceptor  - 

10:45:10,960 [main] DEBUG org.activiti.engine.impl.interceptor.LogInterceptor  - --- starting AddIdentityLinkCmd --------------------------------------------------------
10:45:10,960 [main] DEBUG org.apache.ibatis.transaction.jdbc.JdbcTransaction  - Opening JDBC Connection
10:45:10,960 [main] DEBUG org.apache.ibatis.datasource.pooled.PooledDataSource  - Checked out connection 180014677 from pool.
10:45:10,960 [main] DEBUG org.apache.ibatis.transaction.jdbc.JdbcTransaction  - Setting autocommit to false on JDBC Connection [conn3: url=jdbc:h2:mem:activiti user=SA]
10:45:10,960 [main] DEBUG org.activiti.engine.impl.persistence.entity.TaskEntity.selectTask  - ==&gt;  Preparing: select * from ACT_RU_TASK where ID_ = ? 
10:45:10,960 [main] DEBUG org.activiti.engine.impl.persistence.entity.TaskEntity.selectTask  - ==&gt; Parameters: 913(String)
10:45:10,960 [main] DEBUG org.activiti.engine.impl.persistence.entity.TaskEntity.selectTask  - &lt;==      Total: 1
10:45:10,960 [main] DEBUG org.activiti.engine.impl.history.DefaultHistoryManager  - Current history level: FULL, level required: AUDIT
10:45:10,960 [main] DEBUG org.activiti.engine.impl.persistence.entity.HistoricTaskInstanceEntity.selectHistoricTaskInstance  - ==&gt;  Preparing: select * from ACT_HI_TASKINST where ID_ = ? 
10:45:10,960 [main] DEBUG org.activiti.engine.impl.persistence.entity.HistoricTaskInstanceEntity.selectHistoricTaskInstance  - ==&gt; Parameters: 913(String)
10:45:10,960 [main] DEBUG org.activiti.engine.impl.persistence.entity.HistoricTaskInstanceEntity.selectHistoricTaskInstance  - &lt;==      Total: 1
10:45:10,960 [main] DEBUG org.activiti.engine.impl.history.DefaultHistoryManager  - Current history level: FULL
10:45:10,960 [main] DEBUG org.activiti.engine.impl.history.DefaultHistoryManager  - Current history level: FULL
10:45:10,960 [main] DEBUG org.activiti.engine.impl.db.DbSqlSession  -   insert org.activiti.engine.impl.persistence.entity.CommentEntity@23ba2c1e
10:45:10,960 [main] DEBUG org.activiti.engine.impl.db.DbSqlSession  -   update Task[id=913, name=gonzoRootTask1]
10:45:10,960 [main] DEBUG org.activiti.engine.impl.db.DbSqlSession  -   update HistoricTaskInstanceEntity[id=913, name=gonzoRootTask1]
10:45:10,960 [main] DEBUG org.activiti.engine.impl.db.DbSqlSession  - flush summary: 1 insert, 2 update, 0 delete.
10:45:10,960 [main] DEBUG org.activiti.engine.impl.db.DbSqlSession  - now executing flush...
10:45:10,960 [main] DEBUG org.activiti.engine.impl.db.DbSqlSession  - inserting: org.activiti.engine.impl.persistence.entity.CommentEntity@23ba2c1e
10:45:10,960 [main] DEBUG org.activiti.engine.impl.persistence.entity.CommentEntity.insertComment  - ==&gt;  Preparing: insert into ACT_HI_COMMENT (ID_, TYPE_, TIME_, USER_ID_, TASK_ID_, PROC_INST_ID_, ACTION_, MESSAGE_, FULL_MSG_) values (?, ?, ?, ?, ?, ?, ?, ?, ?) 
10:45:10,960 [main] DEBUG org.activiti.engine.impl.persistence.entity.CommentEntity.insertComment  - ==&gt; Parameters: 914(String), event(String), 2008-02-01 02:02:02.0(Timestamp), null, 913(String), null, AddUserLink(String), gonzo_|_assignee(String), null
10:45:10,960 [main] DEBUG org.activiti.engine.impl.persistence.entity.CommentEntity.insertComment  - &lt;==    Updates: 1
10:45:10,960 [main] DEBUG org.activiti.engine.impl.db.DbSqlSession  - updating: Task[id=913, name=gonzoRootTask1]
10:45:10,960 [main] DEBUG org.activiti.engine.impl.persistence.entity.TaskEntity.updateTask  - ==&gt;  Preparing: update ACT_RU_TASK SET REV_ = ?, NAME_ = ?, PARENT_TASK_ID_ = ?, PRIORITY_ = ?, CREATE_TIME_ = ?, OWNER_ = ?, ASSIGNEE_ = ?, DELEGATION_ = ?, EXECUTION_ID_ = ?, PROC_DEF_ID_ = ?, DESCRIPTION_ = ?, DUE_DATE_ = ?, CATEGORY_ = ?, SUSPENSION_STATE_ = ?, FORM_KEY_ = ? where ID_= ? and REV_ = ? 
10:45:10,960 [main] DEBUG org.activiti.engine.impl.persistence.entity.TaskEntity.updateTask  - ==&gt; Parameters: 2(Integer), gonzoRootTask1(String), null, 50(Integer), 2008-02-01 02:02:02.0(Timestamp), null, gonzo(String), null, null, null, gonzo Root task1 description(String), null, null, 1(Integer), null, 913(String), 1(Integer)
10:45:10,960 [main] DEBUG org.activiti.engine.impl.persistence.entity.TaskEntity.updateTask  - &lt;==    Updates: 1
10:45:10,960 [main] DEBUG org.activiti.engine.impl.db.DbSqlSession  - updating: HistoricTaskInstanceEntity[id=913, name=gonzoRootTask1]
10:45:10,960 [main] DEBUG org.activiti.engine.impl.persistence.entity.HistoricTaskInstanceEntity.updateHistoricTaskInstance  - ==&gt;  Preparing: update ACT_HI_TASKINST set EXECUTION_ID_ = ?, NAME_ = ?, PARENT_TASK_ID_ = ?, DESCRIPTION_ = ?, OWNER_ = ?, ASSIGNEE_ = ?, CLAIM_TIME_ = ?, END_TIME_ = ?, DURATION_ = ?, DELETE_REASON_ = ?, TASK_DEF_KEY_ = ?, FORM_KEY_ = ?, PRIORITY_ = ?, DUE_DATE_ = ?, CATEGORY_ = ? where ID_ = ? 
10:45:10,960 [main] DEBUG org.activiti.engine.impl.persistence.entity.HistoricTaskInstanceEntity.updateHistoricTaskInstance  - ==&gt; Parameters: null, gonzoRootTask1(String), null, gonzo Root task1 description(String), null, gonzo(String), null, null, null, null, null, null, 50(Integer), null, null, 913(String)
10:45:10,960 [main] DEBUG org.activiti.engine.impl.persistence.entity.HistoricTaskInstanceEntity.updateHistoricTaskInstance  - &lt;==    Updates: 1
10:45:10,960 [main] DEBUG org.activiti.engine.impl.cfg.standalone.StandaloneMybatisTransactionContext  - firing event committing...
10:45:10,960 [main] DEBUG org.activiti.engine.impl.cfg.standalone.StandaloneMybatisTransactionContext  - committing the ibatis sql session...
10:45:10,960 [main] DEBUG org.apache.ibatis.transaction.jdbc.JdbcTransaction  - Committing JDBC Connection [conn3: url=jdbc:h2:mem:activiti user=SA]
10:45:10,960 [main] DEBUG org.activiti.engine.impl.cfg.standalone.StandaloneMybatisTransactionContext  - firing event committed...
10:45:10,960 [main] DEBUG org.apache.ibatis.transaction.jdbc.JdbcTransaction  - Resetting autocommit to true on JDBC Connection [conn3: url=jdbc:h2:mem:activiti user=SA]
10:45:10,960 [main] DEBUG org.apache.ibatis.transaction.jdbc.JdbcTransaction  - Closing JDBC Connection [conn3: url=jdbc:h2:mem:activiti user=SA]
10:45:10,960 [main] DEBUG org.apache.ibatis.datasource.pooled.PooledDataSource  - Returned connection 180014677 to pool.
10:45:10,960 [main] DEBUG org.activiti.engine.impl.interceptor.LogInterceptor  - --- AddIdentityLinkCmd finished --------------------------------------------------------
10:45:10,960 [main] DEBUG org.activiti.engine.impl.interceptor.LogInterceptor  - 

10:45:10,960 [main] DEBUG org.activiti.engine.impl.interceptor.LogInterceptor  - 

10:45:10,960 [main] DEBUG org.activiti.engine.impl.interceptor.LogInterceptor  - --- starting NewTaskCmd --------------------------------------------------------
10:45:10,960 [main] DEBUG org.activiti.engine.impl.cfg.standalone.StandaloneMybatisTransactionContext  - firing event committing...
10:45:10,960 [main] DEBUG org.activiti.engine.impl.cfg.standalone.StandaloneMybatisTransactionContext  - committing the ibatis sql session...
10:45:10,960 [main] DEBUG org.activiti.engine.impl.cfg.standalone.StandaloneMybatisTransactionContext  - firing event committed...
10:45:10,960 [main] DEBUG org.activiti.engine.impl.interceptor.LogInterceptor  - --- NewTaskCmd finished --------------------------------------------------------
10:45:10,960 [main] DEBUG org.activiti.engine.impl.interceptor.LogInterceptor  - 

10:45:10,960 [main] DEBUG org.activiti.engine.impl.interceptor.LogInterceptor  - 

10:45:10,960 [main] DEBUG org.activiti.engine.impl.interceptor.LogInterceptor  - --- starting SaveTaskCmd --------------------------------------------------------
10:45:10,960 [main] DEBUG org.activiti.engine.impl.history.DefaultHistoryManager  - Current history level: FULL, level required: AUDIT
10:45:10,960 [main] DEBUG org.activiti.engine.impl.db.DbSqlSession  -   insert Task[id=915, name=gonzoRootTask2]
10:45:10,960 [main] DEBUG org.activiti.engine.impl.db.DbSqlSession  -   insert HistoricTaskInstanceEntity[id=915, name=gonzoRootTask2]
10:45:10,960 [main] DEBUG org.activiti.engine.impl.db.DbSqlSession  - flush summary: 2 insert, 0 update, 0 delete.
10:45:10,960 [main] DEBUG org.activiti.engine.impl.db.DbSqlSession  - now executing flush...
10:45:10,960 [main] DEBUG org.activiti.engine.impl.db.DbSqlSession  - inserting: HistoricTaskInstanceEntity[id=915, name=gonzoRootTask2]
10:45:10,960 [main] DEBUG org.apache.ibatis.transaction.jdbc.JdbcTransaction  - Opening JDBC Connection
10:45:10,960 [main] DEBUG org.apache.ibatis.datasource.pooled.PooledDataSource  - Checked out connection 363509958 from pool.
10:45:10,960 [main] DEBUG org.apache.ibatis.transaction.jdbc.JdbcTransaction  - Setting autocommit to false on JDBC Connection [conn2: url=jdbc:h2:mem:activiti user=SA]
10:45:10,960 [main] DEBUG org.activiti.engine.impl.persistence.entity.HistoricTaskInstanceEntity.insertHistoricTaskInstance  - ==&gt;  Preparing: insert into ACT_HI_TASKINST ( ID_, PROC_DEF_ID_, PROC_INST_ID_, EXECUTION_ID_, NAME_, PARENT_TASK_ID_, DESCRIPTION_, OWNER_, ASSIGNEE_, START_TIME_, CLAIM_TIME_, END_TIME_, DURATION_, DELETE_REASON_, TASK_DEF_KEY_, FORM_KEY_, PRIORITY_, DUE_DATE_, CATEGORY_, TENANT_ID_ ) values ( ?, ?, ?, ?, ?, ?, ?, ?, ?, ?, ?, ?, ?, ?, ?, ?, ?, ?, ?, ? ) 
10:45:10,960 [main] DEBUG org.activiti.engine.impl.persistence.entity.HistoricTaskInstanceEntity.insertHistoricTaskInstance  - ==&gt; Parameters: 915(String), null, null, null, gonzoRootTask2(String), null, gonzo Root task2 description(String), null, null, 2008-02-05 02:02:02.0(Timestamp), null, null, null, null, null, null, 50(Integer), null, null, (String)
10:45:10,960 [main] DEBUG org.activiti.engine.impl.persistence.entity.HistoricTaskInstanceEntity.insertHistoricTaskInstance  - &lt;==    Updates: 1
10:45:10,960 [main] DEBUG org.activiti.engine.impl.db.DbSqlSession  - inserting: Task[id=915, name=gonzoRootTask2]
10:45:10,960 [main] DEBUG org.activiti.engine.impl.persistence.entity.TaskEntity.insertTask  - ==&gt;  Preparing: insert into ACT_RU_TASK (ID_, REV_, NAME_, PARENT_TASK_ID_, DESCRIPTION_, PRIORITY_, CREATE_TIME_, OWNER_, ASSIGNEE_, DELEGATION_, EXECUTION_ID_, PROC_INST_ID_, PROC_DEF_ID_, TASK_DEF_KEY_, DUE_DATE_, CATEGORY_, SUSPENSION_STATE_, TENANT_ID_, FORM_KEY_) values (?, 1, ?, ?, ?, ?, ?, ?, ?, ?, ?, ?, ?, ?, ?, ?, ?, ?, ? ) 
10:45:10,960 [main] DEBUG org.activiti.engine.impl.persistence.entity.TaskEntity.insertTask  - ==&gt; Parameters: 915(String), gonzoRootTask2(String), null, gonzo Root task2 description(String), 50(Integer), 2008-02-05 02:02:02.0(Timestamp), null, null, null, null, null, null, null, null, null, 1(Integer), (String), null
10:45:10,960 [main] DEBUG org.activiti.engine.impl.persistence.entity.TaskEntity.insertTask  - &lt;==    Updates: 1
10:45:10,960 [main] DEBUG org.activiti.engine.impl.cfg.standalone.StandaloneMybatisTransactionContext  - firing event committing...
10:45:10,960 [main] DEBUG org.activiti.engine.impl.cfg.standalone.StandaloneMybatisTransactionContext  - committing the ibatis sql session...
10:45:10,960 [main] DEBUG org.apache.ibatis.transaction.jdbc.JdbcTransaction  - Committing JDBC Connection [conn2: url=jdbc:h2:mem:activiti user=SA]
10:45:10,960 [main] DEBUG org.activiti.engine.impl.cfg.standalone.StandaloneMybatisTransactionContext  - firing event committed...
10:45:10,960 [main] DEBUG org.apache.ibatis.transaction.jdbc.JdbcTransaction  - Resetting autocommit to true on JDBC Connection [conn2: url=jdbc:h2:mem:activiti user=SA]
10:45:10,960 [main] DEBUG org.apache.ibatis.transaction.jdbc.JdbcTransaction  - Closing JDBC Connection [conn2: url=jdbc:h2:mem:activiti user=SA]
10:45:10,960 [main] DEBUG org.apache.ibatis.datasource.pooled.PooledDataSource  - Returned connection 363509958 to pool.
10:45:10,960 [main] DEBUG org.activiti.engine.impl.interceptor.LogInterceptor  - --- SaveTaskCmd finished --------------------------------------------------------
10:45:10,960 [main] DEBUG org.activiti.engine.impl.interceptor.LogInterceptor  - 

10:45:10,960 [main] DEBUG org.activiti.engine.impl.interceptor.LogInterceptor  - 

10:45:10,960 [main] DEBUG org.activiti.engine.impl.interceptor.LogInterceptor  - --- starting AddIdentityLinkCmd --------------------------------------------------------
10:45:10,961 [main] DEBUG org.apache.ibatis.transaction.jdbc.JdbcTransaction  - Opening JDBC Connection
10:45:10,961 [main] DEBUG org.apache.ibatis.datasource.pooled.PooledDataSource  - Checked out connection 297240765 from pool.
10:45:10,961 [main] DEBUG org.apache.ibatis.transaction.jdbc.JdbcTransaction  - Setting autocommit to false on JDBC Connection [conn4: url=jdbc:h2:mem:activiti user=SA]
10:45:10,961 [main] DEBUG org.activiti.engine.impl.persistence.entity.TaskEntity.selectTask  - ==&gt;  Preparing: select * from ACT_RU_TASK where ID_ = ? 
10:45:10,961 [main] DEBUG org.activiti.engine.impl.persistence.entity.TaskEntity.selectTask  - ==&gt; Parameters: 915(String)
10:45:10,961 [main] DEBUG org.activiti.engine.impl.persistence.entity.TaskEntity.selectTask  - &lt;==      Total: 1
10:45:10,961 [main] DEBUG org.activiti.engine.impl.history.DefaultHistoryManager  - Current history level: FULL, level required: AUDIT
10:45:10,961 [main] DEBUG org.activiti.engine.impl.persistence.entity.HistoricTaskInstanceEntity.selectHistoricTaskInstance  - ==&gt;  Preparing: select * from ACT_HI_TASKINST where ID_ = ? 
10:45:10,961 [main] DEBUG org.activiti.engine.impl.persistence.entity.HistoricTaskInstanceEntity.selectHistoricTaskInstance  - ==&gt; Parameters: 915(String)
10:45:10,961 [main] DEBUG org.activiti.engine.impl.persistence.entity.HistoricTaskInstanceEntity.selectHistoricTaskInstance  - &lt;==      Total: 1
10:45:10,961 [main] DEBUG org.activiti.engine.impl.history.DefaultHistoryManager  - Current history level: FULL
10:45:10,961 [main] DEBUG org.activiti.engine.impl.history.DefaultHistoryManager  - Current history level: FULL
10:45:10,961 [main] DEBUG org.activiti.engine.impl.db.DbSqlSession  -   insert org.activiti.engine.impl.persistence.entity.CommentEntity@5ed1bc4f
10:45:10,961 [main] DEBUG org.activiti.engine.impl.db.DbSqlSession  -   update Task[id=915, name=gonzoRootTask2]
10:45:10,961 [main] DEBUG org.activiti.engine.impl.db.DbSqlSession  -   update HistoricTaskInstanceEntity[id=915, name=gonzoRootTask2]
10:45:10,961 [main] DEBUG org.activiti.engine.impl.db.DbSqlSession  - flush summary: 1 insert, 2 update, 0 delete.
10:45:10,961 [main] DEBUG org.activiti.engine.impl.db.DbSqlSession  - now executing flush...
10:45:10,961 [main] DEBUG org.activiti.engine.impl.db.DbSqlSession  - inserting: org.activiti.engine.impl.persistence.entity.CommentEntity@5ed1bc4f
10:45:10,961 [main] DEBUG org.activiti.engine.impl.persistence.entity.CommentEntity.insertComment  - ==&gt;  Preparing: insert into ACT_HI_COMMENT (ID_, TYPE_, TIME_, USER_ID_, TASK_ID_, PROC_INST_ID_, ACTION_, MESSAGE_, FULL_MSG_) values (?, ?, ?, ?, ?, ?, ?, ?, ?) 
10:45:10,961 [main] DEBUG org.activiti.engine.impl.persistence.entity.CommentEntity.insertComment  - ==&gt; Parameters: 916(String), event(String), 2008-02-05 02:02:02.0(Timestamp), null, 915(String), null, AddUserLink(String), gonzo_|_assignee(String), null
10:45:10,961 [main] DEBUG org.activiti.engine.impl.persistence.entity.CommentEntity.insertComment  - &lt;==    Updates: 1
10:45:10,961 [main] DEBUG org.activiti.engine.impl.db.DbSqlSession  - updating: Task[id=915, name=gonzoRootTask2]
10:45:10,961 [main] DEBUG org.activiti.engine.impl.persistence.entity.TaskEntity.updateTask  - ==&gt;  Preparing: update ACT_RU_TASK SET REV_ = ?, NAME_ = ?, PARENT_TASK_ID_ = ?, PRIORITY_ = ?, CREATE_TIME_ = ?, OWNER_ = ?, ASSIGNEE_ = ?, DELEGATION_ = ?, EXECUTION_ID_ = ?, PROC_DEF_ID_ = ?, DESCRIPTION_ = ?, DUE_DATE_ = ?, CATEGORY_ = ?, SUSPENSION_STATE_ = ?, FORM_KEY_ = ? where ID_= ? and REV_ = ? 
10:45:10,961 [main] DEBUG org.activiti.engine.impl.persistence.entity.TaskEntity.updateTask  - ==&gt; Parameters: 2(Integer), gonzoRootTask2(String), null, 50(Integer), 2008-02-05 02:02:02.0(Timestamp), null, gonzo(String), null, null, null, gonzo Root task2 description(String), null, null, 1(Integer), null, 915(String), 1(Integer)
10:45:10,961 [main] DEBUG org.activiti.engine.impl.persistence.entity.TaskEntity.updateTask  - &lt;==    Updates: 1
10:45:10,961 [main] DEBUG org.activiti.engine.impl.db.DbSqlSession  - updating: HistoricTaskInstanceEntity[id=915, name=gonzoRootTask2]
10:45:10,961 [main] DEBUG org.activiti.engine.impl.persistence.entity.HistoricTaskInstanceEntity.updateHistoricTaskInstance  - ==&gt;  Preparing: update ACT_HI_TASKINST set EXECUTION_ID_ = ?, NAME_ = ?, PARENT_TASK_ID_ = ?, DESCRIPTION_ = ?, OWNER_ = ?, ASSIGNEE_ = ?, CLAIM_TIME_ = ?, END_TIME_ = ?, DURATION_ = ?, DELETE_REASON_ = ?, TASK_DEF_KEY_ = ?, FORM_KEY_ = ?, PRIORITY_ = ?, DUE_DATE_ = ?, CATEGORY_ = ? where ID_ = ? 
10:45:10,961 [main] DEBUG org.activiti.engine.impl.persistence.entity.HistoricTaskInstanceEntity.updateHistoricTaskInstance  - ==&gt; Parameters: null, gonzoRootTask2(String), null, gonzo Root task2 description(String), null, gonzo(String), null, null, null, null, null, null, 50(Integer), null, null, 915(String)
10:45:10,961 [main] DEBUG org.activiti.engine.impl.persistence.entity.HistoricTaskInstanceEntity.updateHistoricTaskInstance  - &lt;==    Updates: 1
10:45:10,961 [main] DEBUG org.activiti.engine.impl.cfg.standalone.StandaloneMybatisTransactionContext  - firing event committing...
10:45:10,961 [main] DEBUG org.activiti.engine.impl.cfg.standalone.StandaloneMybatisTransactionContext  - committing the ibatis sql session...
10:45:10,961 [main] DEBUG org.apache.ibatis.transaction.jdbc.JdbcTransaction  - Committing JDBC Connection [conn4: url=jdbc:h2:mem:activiti user=SA]
10:45:10,961 [main] DEBUG org.activiti.engine.impl.cfg.standalone.StandaloneMybatisTransactionContext  - firing event committed...
10:45:10,961 [main] DEBUG org.apache.ibatis.transaction.jdbc.JdbcTransaction  - Resetting autocommit to true on JDBC Connection [conn4: url=jdbc:h2:mem:activiti user=SA]
10:45:10,961 [main] DEBUG org.apache.ibatis.transaction.jdbc.JdbcTransaction  - Closing JDBC Connection [conn4: url=jdbc:h2:mem:activiti user=SA]
10:45:10,961 [main] DEBUG org.apache.ibatis.datasource.pooled.PooledDataSource  - Returned connection 297240765 to pool.
10:45:10,961 [main] DEBUG org.activiti.engine.impl.interceptor.LogInterceptor  - --- AddIdentityLinkCmd finished --------------------------------------------------------
10:45:10,961 [main] DEBUG org.activiti.engine.impl.interceptor.LogInterceptor  - 

10:45:10,961 [main] DEBUG org.activiti.engine.impl.interceptor.LogInterceptor  - 

10:45:10,961 [main] DEBUG org.activiti.engine.impl.interceptor.LogInterceptor  - --- starting NewTaskCmd --------------------------------------------------------
10:45:10,961 [main] DEBUG org.activiti.engine.impl.cfg.standalone.StandaloneMybatisTransactionContext  - firing event committing...
10:45:10,961 [main] DEBUG org.activiti.engine.impl.cfg.standalone.StandaloneMybatisTransactionContext  - committing the ibatis sql session...
10:45:10,961 [main] DEBUG org.activiti.engine.impl.cfg.standalone.StandaloneMybatisTransactionContext  - firing event committed...
10:45:10,961 [main] DEBUG org.activiti.engine.impl.interceptor.LogInterceptor  - --- NewTaskCmd finished --------------------------------------------------------
10:45:10,961 [main] DEBUG org.activiti.engine.impl.interceptor.LogInterceptor  - 

10:45:10,961 [main] DEBUG org.activiti.engine.impl.interceptor.LogInterceptor  - 

10:45:10,961 [main] DEBUG org.activiti.engine.impl.interceptor.LogInterceptor  - --- starting SaveTaskCmd --------------------------------------------------------
10:45:10,961 [main] DEBUG org.activiti.engine.impl.history.DefaultHistoryManager  - Current history level: FULL, level required: AUDIT
10:45:10,961 [main] DEBUG org.activiti.engine.impl.db.DbSqlSession  -   insert Task[id=917, name=gonzoSubTask1_1]
10:45:10,961 [main] DEBUG org.activiti.engine.impl.db.DbSqlSession  -   insert HistoricTaskInstanceEntity[id=917, name=gonzoSubTask1_1]
10:45:10,961 [main] DEBUG org.activiti.engine.impl.db.DbSqlSession  - flush summary: 2 insert, 0 update, 0 delete.
10:45:10,961 [main] DEBUG org.activiti.engine.impl.db.DbSqlSession  - now executing flush...
10:45:10,961 [main] DEBUG org.activiti.engine.impl.db.DbSqlSession  - inserting: HistoricTaskInstanceEntity[id=917, name=gonzoSubTask1_1]
10:45:10,961 [main] DEBUG org.apache.ibatis.transaction.jdbc.JdbcTransaction  - Opening JDBC Connection
10:45:10,961 [main] DEBUG org.apache.ibatis.datasource.pooled.PooledDataSource  - Checked out connection 486346394 from pool.
10:45:10,961 [main] DEBUG org.apache.ibatis.transaction.jdbc.JdbcTransaction  - Setting autocommit to false on JDBC Connection [conn6: url=jdbc:h2:mem:activiti user=SA]
10:45:10,961 [main] DEBUG org.activiti.engine.impl.persistence.entity.HistoricTaskInstanceEntity.insertHistoricTaskInstance  - ==&gt;  Preparing: insert into ACT_HI_TASKINST ( ID_, PROC_DEF_ID_, PROC_INST_ID_, EXECUTION_ID_, NAME_, PARENT_TASK_ID_, DESCRIPTION_, OWNER_, ASSIGNEE_, START_TIME_, CLAIM_TIME_, END_TIME_, DURATION_, DELETE_REASON_, TASK_DEF_KEY_, FORM_KEY_, PRIORITY_, DUE_DATE_, CATEGORY_, TENANT_ID_ ) values ( ?, ?, ?, ?, ?, ?, ?, ?, ?, ?, ?, ?, ?, ?, ?, ?, ?, ?, ?, ? ) 
10:45:10,961 [main] DEBUG org.activiti.engine.impl.persistence.entity.HistoricTaskInstanceEntity.insertHistoricTaskInstance  - ==&gt; Parameters: 917(String), null, null, null, gonzoSubTask1_1(String), 913(String), description for gonzo sub-task1_1(String), null, null, 2009-01-01 01:01:01.0(Timestamp), null, null, null, null, null, null, 50(Integer), null, null, (String)
10:45:10,961 [main] DEBUG org.activiti.engine.impl.persistence.entity.HistoricTaskInstanceEntity.insertHistoricTaskInstance  - &lt;==    Updates: 1
10:45:10,961 [main] DEBUG org.activiti.engine.impl.db.DbSqlSession  - inserting: Task[id=917, name=gonzoSubTask1_1]
10:45:10,961 [main] DEBUG org.activiti.engine.impl.persistence.entity.TaskEntity.insertTask  - ==&gt;  Preparing: insert into ACT_RU_TASK (ID_, REV_, NAME_, PARENT_TASK_ID_, DESCRIPTION_, PRIORITY_, CREATE_TIME_, OWNER_, ASSIGNEE_, DELEGATION_, EXECUTION_ID_, PROC_INST_ID_, PROC_DEF_ID_, TASK_DEF_KEY_, DUE_DATE_, CATEGORY_, SUSPENSION_STATE_, TENANT_ID_, FORM_KEY_) values (?, 1, ?, ?, ?, ?, ?, ?, ?, ?, ?, ?, ?, ?, ?, ?, ?, ?, ? ) 
10:45:10,961 [main] DEBUG org.activiti.engine.impl.persistence.entity.TaskEntity.insertTask  - ==&gt; Parameters: 917(String), gonzoSubTask1_1(String), 913(String), description for gonzo sub-task1_1(String), 50(Integer), 2009-01-01 01:01:01.0(Timestamp), null, null, null, null, null, null, null, null, null, 1(Integer), (String), null
10:45:10,961 [main] DEBUG org.activiti.engine.impl.persistence.entity.TaskEntity.insertTask  - &lt;==    Updates: 1
10:45:10,961 [main] DEBUG org.activiti.engine.impl.cfg.standalone.StandaloneMybatisTransactionContext  - firing event committing...
10:45:10,961 [main] DEBUG org.activiti.engine.impl.cfg.standalone.StandaloneMybatisTransactionContext  - committing the ibatis sql session...
10:45:10,961 [main] DEBUG org.apache.ibatis.transaction.jdbc.JdbcTransaction  - Committing JDBC Connection [conn6: url=jdbc:h2:mem:activiti user=SA]
10:45:10,961 [main] DEBUG org.activiti.engine.impl.cfg.standalone.StandaloneMybatisTransactionContext  - firing event committed...
10:45:10,961 [main] DEBUG org.apache.ibatis.transaction.jdbc.JdbcTransaction  - Resetting autocommit to true on JDBC Connection [conn6: url=jdbc:h2:mem:activiti user=SA]
10:45:10,961 [main] DEBUG org.apache.ibatis.transaction.jdbc.JdbcTransaction  - Closing JDBC Connection [conn6: url=jdbc:h2:mem:activiti user=SA]
10:45:10,961 [main] DEBUG org.apache.ibatis.datasource.pooled.PooledDataSource  - Returned connection 486346394 to pool.
10:45:10,961 [main] DEBUG org.activiti.engine.impl.interceptor.LogInterceptor  - --- SaveTaskCmd finished --------------------------------------------------------
10:45:10,961 [main] DEBUG org.activiti.engine.impl.interceptor.LogInterceptor  - 

10:45:10,961 [main] DEBUG org.activiti.engine.impl.interceptor.LogInterceptor  - 

10:45:10,961 [main] DEBUG org.activiti.engine.impl.interceptor.LogInterceptor  - --- starting AddIdentityLinkCmd --------------------------------------------------------
10:45:10,961 [main] DEBUG org.apache.ibatis.transaction.jdbc.JdbcTransaction  - Opening JDBC Connection
10:45:10,961 [main] DEBUG org.apache.ibatis.datasource.pooled.PooledDataSource  - Checked out connection 180014677 from pool.
10:45:10,961 [main] DEBUG org.apache.ibatis.transaction.jdbc.JdbcTransaction  - Setting autocommit to false on JDBC Connection [conn3: url=jdbc:h2:mem:activiti user=SA]
10:45:10,961 [main] DEBUG org.activiti.engine.impl.persistence.entity.TaskEntity.selectTask  - ==&gt;  Preparing: select * from ACT_RU_TASK where ID_ = ? 
10:45:10,961 [main] DEBUG org.activiti.engine.impl.persistence.entity.TaskEntity.selectTask  - ==&gt; Parameters: 917(String)
10:45:10,961 [main] DEBUG org.activiti.engine.impl.persistence.entity.TaskEntity.selectTask  - &lt;==      Total: 1
10:45:10,961 [main] DEBUG org.activiti.engine.impl.history.DefaultHistoryManager  - Current history level: FULL, level required: AUDIT
10:45:10,961 [main] DEBUG org.activiti.engine.impl.persistence.entity.HistoricTaskInstanceEntity.selectHistoricTaskInstance  - ==&gt;  Preparing: select * from ACT_HI_TASKINST where ID_ = ? 
10:45:10,961 [main] DEBUG org.activiti.engine.impl.persistence.entity.HistoricTaskInstanceEntity.selectHistoricTaskInstance  - ==&gt; Parameters: 917(String)
10:45:10,961 [main] DEBUG org.activiti.engine.impl.persistence.entity.HistoricTaskInstanceEntity.selectHistoricTaskInstance  - &lt;==      Total: 1
10:45:10,961 [main] DEBUG org.activiti.engine.impl.history.DefaultHistoryManager  - Current history level: FULL
10:45:10,961 [main] DEBUG org.activiti.engine.impl.history.DefaultHistoryManager  - Current history level: FULL
10:45:10,961 [main] DEBUG org.activiti.engine.impl.db.DbSqlSession  -   insert org.activiti.engine.impl.persistence.entity.CommentEntity@63b334fd
10:45:10,961 [main] DEBUG org.activiti.engine.impl.db.DbSqlSession  -   update Task[id=917, name=gonzoSubTask1_1]
10:45:10,961 [main] DEBUG org.activiti.engine.impl.db.DbSqlSession  -   update HistoricTaskInstanceEntity[id=917, name=gonzoSubTask1_1]
10:45:10,961 [main] DEBUG org.activiti.engine.impl.db.DbSqlSession  - flush summary: 1 insert, 2 update, 0 delete.
10:45:10,961 [main] DEBUG org.activiti.engine.impl.db.DbSqlSession  - now executing flush...
10:45:10,961 [main] DEBUG org.activiti.engine.impl.db.DbSqlSession  - inserting: org.activiti.engine.impl.persistence.entity.CommentEntity@63b334fd
10:45:10,961 [main] DEBUG org.activiti.engine.impl.persistence.entity.CommentEntity.insertComment  - ==&gt;  Preparing: insert into ACT_HI_COMMENT (ID_, TYPE_, TIME_, USER_ID_, TASK_ID_, PROC_INST_ID_, ACTION_, MESSAGE_, FULL_MSG_) values (?, ?, ?, ?, ?, ?, ?, ?, ?) 
10:45:10,961 [main] DEBUG org.activiti.engine.impl.persistence.entity.CommentEntity.insertComment  - ==&gt; Parameters: 918(String), event(String), 2009-01-01 01:01:01.0(Timestamp), null, 917(String), null, AddUserLink(String), gonzo_|_assignee(String), null
10:45:10,961 [main] DEBUG org.activiti.engine.impl.persistence.entity.CommentEntity.insertComment  - &lt;==    Updates: 1
10:45:10,961 [main] DEBUG org.activiti.engine.impl.db.DbSqlSession  - updating: Task[id=917, name=gonzoSubTask1_1]
10:45:10,961 [main] DEBUG org.activiti.engine.impl.persistence.entity.TaskEntity.updateTask  - ==&gt;  Preparing: update ACT_RU_TASK SET REV_ = ?, NAME_ = ?, PARENT_TASK_ID_ = ?, PRIORITY_ = ?, CREATE_TIME_ = ?, OWNER_ = ?, ASSIGNEE_ = ?, DELEGATION_ = ?, EXECUTION_ID_ = ?, PROC_DEF_ID_ = ?, DESCRIPTION_ = ?, DUE_DATE_ = ?, CATEGORY_ = ?, SUSPENSION_STATE_ = ?, FORM_KEY_ = ? where ID_= ? and REV_ = ? 
10:45:10,962 [main] DEBUG org.activiti.engine.impl.persistence.entity.TaskEntity.updateTask  - ==&gt; Parameters: 2(Integer), gonzoSubTask1_1(String), 913(String), 50(Integer), 2009-01-01 01:01:01.0(Timestamp), null, gonzo(String), null, null, null, description for gonzo sub-task1_1(String), null, null, 1(Integer), null, 917(String), 1(Integer)
10:45:10,962 [main] DEBUG org.activiti.engine.impl.persistence.entity.TaskEntity.updateTask  - &lt;==    Updates: 1
10:45:10,962 [main] DEBUG org.activiti.engine.impl.db.DbSqlSession  - updating: HistoricTaskInstanceEntity[id=917, name=gonzoSubTask1_1]
10:45:10,962 [main] DEBUG org.activiti.engine.impl.persistence.entity.HistoricTaskInstanceEntity.updateHistoricTaskInstance  - ==&gt;  Preparing: update ACT_HI_TASKINST set EXECUTION_ID_ = ?, NAME_ = ?, PARENT_TASK_ID_ = ?, DESCRIPTION_ = ?, OWNER_ = ?, ASSIGNEE_ = ?, CLAIM_TIME_ = ?, END_TIME_ = ?, DURATION_ = ?, DELETE_REASON_ = ?, TASK_DEF_KEY_ = ?, FORM_KEY_ = ?, PRIORITY_ = ?, DUE_DATE_ = ?, CATEGORY_ = ? where ID_ = ? 
10:45:10,962 [main] DEBUG org.activiti.engine.impl.persistence.entity.HistoricTaskInstanceEntity.updateHistoricTaskInstance  - ==&gt; Parameters: null, gonzoSubTask1_1(String), 913(String), description for gonzo sub-task1_1(String), null, gonzo(String), null, null, null, null, null, null, 50(Integer), null, null, 917(String)
10:45:10,962 [main] DEBUG org.activiti.engine.impl.persistence.entity.HistoricTaskInstanceEntity.updateHistoricTaskInstance  - &lt;==    Updates: 1
10:45:10,962 [main] DEBUG org.activiti.engine.impl.cfg.standalone.StandaloneMybatisTransactionContext  - firing event committing...
10:45:10,962 [main] DEBUG org.activiti.engine.impl.cfg.standalone.StandaloneMybatisTransactionContext  - committing the ibatis sql session...
10:45:10,962 [main] DEBUG org.apache.ibatis.transaction.jdbc.JdbcTransaction  - Committing JDBC Connection [conn3: url=jdbc:h2:mem:activiti user=SA]
10:45:10,962 [main] DEBUG org.activiti.engine.impl.cfg.standalone.StandaloneMybatisTransactionContext  - firing event committed...
10:45:10,962 [main] DEBUG org.apache.ibatis.transaction.jdbc.JdbcTransaction  - Resetting autocommit to true on JDBC Connection [conn3: url=jdbc:h2:mem:activiti user=SA]
10:45:10,962 [main] DEBUG org.apache.ibatis.transaction.jdbc.JdbcTransaction  - Closing JDBC Connection [conn3: url=jdbc:h2:mem:activiti user=SA]
10:45:10,962 [main] DEBUG org.apache.ibatis.datasource.pooled.PooledDataSource  - Returned connection 180014677 to pool.
10:45:10,962 [main] DEBUG org.activiti.engine.impl.interceptor.LogInterceptor  - --- AddIdentityLinkCmd finished --------------------------------------------------------
10:45:10,962 [main] DEBUG org.activiti.engine.impl.interceptor.LogInterceptor  - 

10:45:10,962 [main] DEBUG org.activiti.engine.impl.interceptor.LogInterceptor  - 

10:45:10,962 [main] DEBUG org.activiti.engine.impl.interceptor.LogInterceptor  - --- starting NewTaskCmd --------------------------------------------------------
10:45:10,962 [main] DEBUG org.activiti.engine.impl.cfg.standalone.StandaloneMybatisTransactionContext  - firing event committing...
10:45:10,962 [main] DEBUG org.activiti.engine.impl.cfg.standalone.StandaloneMybatisTransactionContext  - committing the ibatis sql session...
10:45:10,962 [main] DEBUG org.activiti.engine.impl.cfg.standalone.StandaloneMybatisTransactionContext  - firing event committed...
10:45:10,962 [main] DEBUG org.activiti.engine.impl.interceptor.LogInterceptor  - --- NewTaskCmd finished --------------------------------------------------------
10:45:10,962 [main] DEBUG org.activiti.engine.impl.interceptor.LogInterceptor  - 

10:45:10,962 [main] DEBUG org.activiti.engine.impl.interceptor.LogInterceptor  - 

10:45:10,962 [main] DEBUG org.activiti.engine.impl.interceptor.LogInterceptor  - --- starting SaveTaskCmd --------------------------------------------------------
10:45:10,962 [main] DEBUG org.activiti.engine.impl.history.DefaultHistoryManager  - Current history level: FULL, level required: AUDIT
10:45:10,962 [main] DEBUG org.activiti.engine.impl.db.DbSqlSession  -   insert Task[id=919, name=gonzoSubTask1_2]
10:45:10,962 [main] DEBUG org.activiti.engine.impl.db.DbSqlSession  -   insert HistoricTaskInstanceEntity[id=919, name=gonzoSubTask1_2]
10:45:10,962 [main] DEBUG org.activiti.engine.impl.db.DbSqlSession  - flush summary: 2 insert, 0 update, 0 delete.
10:45:10,962 [main] DEBUG org.activiti.engine.impl.db.DbSqlSession  - now executing flush...
10:45:10,962 [main] DEBUG org.activiti.engine.impl.db.DbSqlSession  - inserting: HistoricTaskInstanceEntity[id=919, name=gonzoSubTask1_2]
10:45:10,962 [main] DEBUG org.apache.ibatis.transaction.jdbc.JdbcTransaction  - Opening JDBC Connection
10:45:10,962 [main] DEBUG org.apache.ibatis.datasource.pooled.PooledDataSource  - Checked out connection 363509958 from pool.
10:45:10,962 [main] DEBUG org.apache.ibatis.transaction.jdbc.JdbcTransaction  - Setting autocommit to false on JDBC Connection [conn2: url=jdbc:h2:mem:activiti user=SA]
10:45:10,962 [main] DEBUG org.activiti.engine.impl.persistence.entity.HistoricTaskInstanceEntity.insertHistoricTaskInstance  - ==&gt;  Preparing: insert into ACT_HI_TASKINST ( ID_, PROC_DEF_ID_, PROC_INST_ID_, EXECUTION_ID_, NAME_, PARENT_TASK_ID_, DESCRIPTION_, OWNER_, ASSIGNEE_, START_TIME_, CLAIM_TIME_, END_TIME_, DURATION_, DELETE_REASON_, TASK_DEF_KEY_, FORM_KEY_, PRIORITY_, DUE_DATE_, CATEGORY_, TENANT_ID_ ) values ( ?, ?, ?, ?, ?, ?, ?, ?, ?, ?, ?, ?, ?, ?, ?, ?, ?, ?, ?, ? ) 
10:45:10,962 [main] DEBUG org.activiti.engine.impl.persistence.entity.HistoricTaskInstanceEntity.insertHistoricTaskInstance  - ==&gt; Parameters: 919(String), null, null, null, gonzoSubTask1_2(String), 913(String), description for gonzo sub-task1_2(String), null, null, 2009-01-01 01:01:01.0(Timestamp), null, null, null, null, null, null, 50(Integer), null, null, (String)
10:45:10,962 [main] DEBUG org.activiti.engine.impl.persistence.entity.HistoricTaskInstanceEntity.insertHistoricTaskInstance  - &lt;==    Updates: 1
10:45:10,962 [main] DEBUG org.activiti.engine.impl.db.DbSqlSession  - inserting: Task[id=919, name=gonzoSubTask1_2]
10:45:10,962 [main] DEBUG org.activiti.engine.impl.persistence.entity.TaskEntity.insertTask  - ==&gt;  Preparing: insert into ACT_RU_TASK (ID_, REV_, NAME_, PARENT_TASK_ID_, DESCRIPTION_, PRIORITY_, CREATE_TIME_, OWNER_, ASSIGNEE_, DELEGATION_, EXECUTION_ID_, PROC_INST_ID_, PROC_DEF_ID_, TASK_DEF_KEY_, DUE_DATE_, CATEGORY_, SUSPENSION_STATE_, TENANT_ID_, FORM_KEY_) values (?, 1, ?, ?, ?, ?, ?, ?, ?, ?, ?, ?, ?, ?, ?, ?, ?, ?, ? ) 
10:45:10,962 [main] DEBUG org.activiti.engine.impl.persistence.entity.TaskEntity.insertTask  - ==&gt; Parameters: 919(String), gonzoSubTask1_2(String), 913(String), description for gonzo sub-task1_2(String), 50(Integer), 2009-01-01 01:01:01.0(Timestamp), null, null, null, null, null, null, null, null, null, 1(Integer), (String), null
10:45:10,962 [main] DEBUG org.activiti.engine.impl.persistence.entity.TaskEntity.insertTask  - &lt;==    Updates: 1
10:45:10,962 [main] DEBUG org.activiti.engine.impl.cfg.standalone.StandaloneMybatisTransactionContext  - firing event committing...
10:45:10,962 [main] DEBUG org.activiti.engine.impl.cfg.standalone.StandaloneMybatisTransactionContext  - committing the ibatis sql session...
10:45:10,962 [main] DEBUG org.apache.ibatis.transaction.jdbc.JdbcTransaction  - Committing JDBC Connection [conn2: url=jdbc:h2:mem:activiti user=SA]
10:45:10,962 [main] DEBUG org.activiti.engine.impl.cfg.standalone.StandaloneMybatisTransactionContext  - firing event committed...
10:45:10,962 [main] DEBUG org.apache.ibatis.transaction.jdbc.JdbcTransaction  - Resetting autocommit to true on JDBC Connection [conn2: url=jdbc:h2:mem:activiti user=SA]
10:45:10,962 [main] DEBUG org.apache.ibatis.transaction.jdbc.JdbcTransaction  - Closing JDBC Connection [conn2: url=jdbc:h2:mem:activiti user=SA]
10:45:10,962 [main] DEBUG org.apache.ibatis.datasource.pooled.PooledDataSource  - Returned connection 363509958 to pool.
10:45:10,962 [main] DEBUG org.activiti.engine.impl.interceptor.LogInterceptor  - --- SaveTaskCmd finished --------------------------------------------------------
10:45:10,962 [main] DEBUG org.activiti.engine.impl.interceptor.LogInterceptor  - 

10:45:10,962 [main] DEBUG org.activiti.engine.impl.interceptor.LogInterceptor  - 

10:45:10,962 [main] DEBUG org.activiti.engine.impl.interceptor.LogInterceptor  - --- starting AddIdentityLinkCmd --------------------------------------------------------
10:45:10,962 [main] DEBUG org.apache.ibatis.transaction.jdbc.JdbcTransaction  - Opening JDBC Connection
10:45:10,962 [main] DEBUG org.apache.ibatis.datasource.pooled.PooledDataSource  - Checked out connection 297240765 from pool.
10:45:10,962 [main] DEBUG org.apache.ibatis.transaction.jdbc.JdbcTransaction  - Setting autocommit to false on JDBC Connection [conn4: url=jdbc:h2:mem:activiti user=SA]
10:45:10,962 [main] DEBUG org.activiti.engine.impl.persistence.entity.TaskEntity.selectTask  - ==&gt;  Preparing: select * from ACT_RU_TASK where ID_ = ? 
10:45:10,962 [main] DEBUG org.activiti.engine.impl.persistence.entity.TaskEntity.selectTask  - ==&gt; Parameters: 919(String)
10:45:10,962 [main] DEBUG org.activiti.engine.impl.persistence.entity.TaskEntity.selectTask  - &lt;==      Total: 1
10:45:10,962 [main] DEBUG org.activiti.engine.impl.history.DefaultHistoryManager  - Current history level: FULL, level required: AUDIT
10:45:10,962 [main] DEBUG org.activiti.engine.impl.persistence.entity.HistoricTaskInstanceEntity.selectHistoricTaskInstance  - ==&gt;  Preparing: select * from ACT_HI_TASKINST where ID_ = ? 
10:45:10,962 [main] DEBUG org.activiti.engine.impl.persistence.entity.HistoricTaskInstanceEntity.selectHistoricTaskInstance  - ==&gt; Parameters: 919(String)
10:45:10,962 [main] DEBUG org.activiti.engine.impl.persistence.entity.HistoricTaskInstanceEntity.selectHistoricTaskInstance  - &lt;==      Total: 1
10:45:10,962 [main] DEBUG org.activiti.engine.impl.history.DefaultHistoryManager  - Current history level: FULL
10:45:10,962 [main] DEBUG org.activiti.engine.impl.history.DefaultHistoryManager  - Current history level: FULL
10:45:10,962 [main] DEBUG org.activiti.engine.impl.db.DbSqlSession  -   insert org.activiti.engine.impl.persistence.entity.CommentEntity@753248f8
10:45:10,962 [main] DEBUG org.activiti.engine.impl.db.DbSqlSession  -   update Task[id=919, name=gonzoSubTask1_2]
10:45:10,962 [main] DEBUG org.activiti.engine.impl.db.DbSqlSession  -   update HistoricTaskInstanceEntity[id=919, name=gonzoSubTask1_2]
10:45:10,962 [main] DEBUG org.activiti.engine.impl.db.DbSqlSession  - flush summary: 1 insert, 2 update, 0 delete.
10:45:10,962 [main] DEBUG org.activiti.engine.impl.db.DbSqlSession  - now executing flush...
10:45:10,962 [main] DEBUG org.activiti.engine.impl.db.DbSqlSession  - inserting: org.activiti.engine.impl.persistence.entity.CommentEntity@753248f8
10:45:10,962 [main] DEBUG org.activiti.engine.impl.persistence.entity.CommentEntity.insertComment  - ==&gt;  Preparing: insert into ACT_HI_COMMENT (ID_, TYPE_, TIME_, USER_ID_, TASK_ID_, PROC_INST_ID_, ACTION_, MESSAGE_, FULL_MSG_) values (?, ?, ?, ?, ?, ?, ?, ?, ?) 
10:45:10,962 [main] DEBUG org.activiti.engine.impl.persistence.entity.CommentEntity.insertComment  - ==&gt; Parameters: 920(String), event(String), 2009-01-01 01:01:01.0(Timestamp), null, 919(String), null, AddUserLink(String), gonzo_|_assignee(String), null
10:45:10,962 [main] DEBUG org.activiti.engine.impl.persistence.entity.CommentEntity.insertComment  - &lt;==    Updates: 1
10:45:10,962 [main] DEBUG org.activiti.engine.impl.db.DbSqlSession  - updating: Task[id=919, name=gonzoSubTask1_2]
10:45:10,962 [main] DEBUG org.activiti.engine.impl.persistence.entity.TaskEntity.updateTask  - ==&gt;  Preparing: update ACT_RU_TASK SET REV_ = ?, NAME_ = ?, PARENT_TASK_ID_ = ?, PRIORITY_ = ?, CREATE_TIME_ = ?, OWNER_ = ?, ASSIGNEE_ = ?, DELEGATION_ = ?, EXECUTION_ID_ = ?, PROC_DEF_ID_ = ?, DESCRIPTION_ = ?, DUE_DATE_ = ?, CATEGORY_ = ?, SUSPENSION_STATE_ = ?, FORM_KEY_ = ? where ID_= ? and REV_ = ? 
10:45:10,962 [main] DEBUG org.activiti.engine.impl.persistence.entity.TaskEntity.updateTask  - ==&gt; Parameters: 2(Integer), gonzoSubTask1_2(String), 913(String), 50(Integer), 2009-01-01 01:01:01.0(Timestamp), null, gonzo(String), null, null, null, description for gonzo sub-task1_2(String), null, null, 1(Integer), null, 919(String), 1(Integer)
10:45:10,962 [main] DEBUG org.activiti.engine.impl.persistence.entity.TaskEntity.updateTask  - &lt;==    Updates: 1
10:45:10,962 [main] DEBUG org.activiti.engine.impl.db.DbSqlSession  - updating: HistoricTaskInstanceEntity[id=919, name=gonzoSubTask1_2]
10:45:10,962 [main] DEBUG org.activiti.engine.impl.persistence.entity.HistoricTaskInstanceEntity.updateHistoricTaskInstance  - ==&gt;  Preparing: update ACT_HI_TASKINST set EXECUTION_ID_ = ?, NAME_ = ?, PARENT_TASK_ID_ = ?, DESCRIPTION_ = ?, OWNER_ = ?, ASSIGNEE_ = ?, CLAIM_TIME_ = ?, END_TIME_ = ?, DURATION_ = ?, DELETE_REASON_ = ?, TASK_DEF_KEY_ = ?, FORM_KEY_ = ?, PRIORITY_ = ?, DUE_DATE_ = ?, CATEGORY_ = ? where ID_ = ? 
10:45:10,962 [main] DEBUG org.activiti.engine.impl.persistence.entity.HistoricTaskInstanceEntity.updateHistoricTaskInstance  - ==&gt; Parameters: null, gonzoSubTask1_2(String), 913(String), description for gonzo sub-task1_2(String), null, gonzo(String), null, null, null, null, null, null, 50(Integer), null, null, 919(String)
10:45:10,962 [main] DEBUG org.activiti.engine.impl.persistence.entity.HistoricTaskInstanceEntity.updateHistoricTaskInstance  - &lt;==    Updates: 1
10:45:10,962 [main] DEBUG org.activiti.engine.impl.cfg.standalone.StandaloneMybatisTransactionContext  - firing event committing...
10:45:10,962 [main] DEBUG org.activiti.engine.impl.cfg.standalone.StandaloneMybatisTransactionContext  - committing the ibatis sql session...
10:45:10,962 [main] DEBUG org.apache.ibatis.transaction.jdbc.JdbcTransaction  - Committing JDBC Connection [conn4: url=jdbc:h2:mem:activiti user=SA]
10:45:10,962 [main] DEBUG org.activiti.engine.impl.cfg.standalone.StandaloneMybatisTransactionContext  - firing event committed...
10:45:10,962 [main] DEBUG org.apache.ibatis.transaction.jdbc.JdbcTransaction  - Resetting autocommit to true on JDBC Connection [conn4: url=jdbc:h2:mem:activiti user=SA]
10:45:10,962 [main] DEBUG org.apache.ibatis.transaction.jdbc.JdbcTransaction  - Closing JDBC Connection [conn4: url=jdbc:h2:mem:activiti user=SA]
10:45:10,962 [main] DEBUG org.apache.ibatis.datasource.pooled.PooledDataSource  - Returned connection 297240765 to pool.
10:45:10,962 [main] DEBUG org.activiti.engine.impl.interceptor.LogInterceptor  - --- AddIdentityLinkCmd finished --------------------------------------------------------
10:45:10,962 [main] DEBUG org.activiti.engine.impl.interceptor.LogInterceptor  - 

10:45:10,962 [main] DEBUG org.activiti.engine.impl.interceptor.LogInterceptor  - 

10:45:10,962 [main] DEBUG org.activiti.engine.impl.interceptor.LogInterceptor  - --- starting NewTaskCmd --------------------------------------------------------
10:45:10,962 [main] DEBUG org.activiti.engine.impl.cfg.standalone.StandaloneMybatisTransactionContext  - firing event committing...
10:45:10,962 [main] DEBUG org.activiti.engine.impl.cfg.standalone.StandaloneMybatisTransactionContext  - committing the ibatis sql session...
10:45:10,962 [main] DEBUG org.activiti.engine.impl.cfg.standalone.StandaloneMybatisTransactionContext  - firing event committed...
10:45:10,962 [main] DEBUG org.activiti.engine.impl.interceptor.LogInterceptor  - --- NewTaskCmd finished --------------------------------------------------------
10:45:10,962 [main] DEBUG org.activiti.engine.impl.interceptor.LogInterceptor  - 

10:45:10,962 [main] DEBUG org.activiti.engine.impl.interceptor.LogInterceptor  - 

10:45:10,962 [main] DEBUG org.activiti.engine.impl.interceptor.LogInterceptor  - --- starting SaveTaskCmd --------------------------------------------------------
10:45:10,962 [main] DEBUG org.activiti.engine.impl.history.DefaultHistoryManager  - Current history level: FULL, level required: AUDIT
10:45:10,962 [main] DEBUG org.activiti.engine.impl.db.DbSqlSession  -   insert Task[id=921, name=gonzoSubTask1_3]
10:45:10,962 [main] DEBUG org.activiti.engine.impl.db.DbSqlSession  -   insert HistoricTaskInstanceEntity[id=921, name=gonzoSubTask1_3]
10:45:10,962 [main] DEBUG org.activiti.engine.impl.db.DbSqlSession  - flush summary: 2 insert, 0 update, 0 delete.
10:45:10,962 [main] DEBUG org.activiti.engine.impl.db.DbSqlSession  - now executing flush...
10:45:10,962 [main] DEBUG org.activiti.engine.impl.db.DbSqlSession  - inserting: HistoricTaskInstanceEntity[id=921, name=gonzoSubTask1_3]
10:45:10,962 [main] DEBUG org.apache.ibatis.transaction.jdbc.JdbcTransaction  - Opening JDBC Connection
10:45:10,962 [main] DEBUG org.apache.ibatis.datasource.pooled.PooledDataSource  - Checked out connection 486346394 from pool.
10:45:10,962 [main] DEBUG org.apache.ibatis.transaction.jdbc.JdbcTransaction  - Setting autocommit to false on JDBC Connection [conn6: url=jdbc:h2:mem:activiti user=SA]
10:45:10,962 [main] DEBUG org.activiti.engine.impl.persistence.entity.HistoricTaskInstanceEntity.insertHistoricTaskInstance  - ==&gt;  Preparing: insert into ACT_HI_TASKINST ( ID_, PROC_DEF_ID_, PROC_INST_ID_, EXECUTION_ID_, NAME_, PARENT_TASK_ID_, DESCRIPTION_, OWNER_, ASSIGNEE_, START_TIME_, CLAIM_TIME_, END_TIME_, DURATION_, DELETE_REASON_, TASK_DEF_KEY_, FORM_KEY_, PRIORITY_, DUE_DATE_, CATEGORY_, TENANT_ID_ ) values ( ?, ?, ?, ?, ?, ?, ?, ?, ?, ?, ?, ?, ?, ?, ?, ?, ?, ?, ?, ? ) 
10:45:10,962 [main] DEBUG org.activiti.engine.impl.persistence.entity.HistoricTaskInstanceEntity.insertHistoricTaskInstance  - ==&gt; Parameters: 921(String), null, null, null, gonzoSubTask1_3(String), 913(String), description for gonzo sub-task1_3(String), null, null, 2009-01-01 01:01:01.0(Timestamp), null, null, null, null, null, null, 50(Integer), null, null, (String)
10:45:10,962 [main] DEBUG org.activiti.engine.impl.persistence.entity.HistoricTaskInstanceEntity.insertHistoricTaskInstance  - &lt;==    Updates: 1
10:45:10,962 [main] DEBUG org.activiti.engine.impl.db.DbSqlSession  - inserting: Task[id=921, name=gonzoSubTask1_3]
10:45:10,962 [main] DEBUG org.activiti.engine.impl.persistence.entity.TaskEntity.insertTask  - ==&gt;  Preparing: insert into ACT_RU_TASK (ID_, REV_, NAME_, PARENT_TASK_ID_, DESCRIPTION_, PRIORITY_, CREATE_TIME_, OWNER_, ASSIGNEE_, DELEGATION_, EXECUTION_ID_, PROC_INST_ID_, PROC_DEF_ID_, TASK_DEF_KEY_, DUE_DATE_, CATEGORY_, SUSPENSION_STATE_, TENANT_ID_, FORM_KEY_) values (?, 1, ?, ?, ?, ?, ?, ?, ?, ?, ?, ?, ?, ?, ?, ?, ?, ?, ? ) 
10:45:10,962 [main] DEBUG org.activiti.engine.impl.persistence.entity.TaskEntity.insertTask  - ==&gt; Parameters: 921(String), gonzoSubTask1_3(String), 913(String), description for gonzo sub-task1_3(String), 50(Integer), 2009-01-01 01:01:01.0(Timestamp), null, null, null, null, null, null, null, null, null, 1(Integer), (String), null
10:45:10,962 [main] DEBUG org.activiti.engine.impl.persistence.entity.TaskEntity.insertTask  - &lt;==    Updates: 1
10:45:10,962 [main] DEBUG org.activiti.engine.impl.cfg.standalone.StandaloneMybatisTransactionContext  - firing event committing...
10:45:10,962 [main] DEBUG org.activiti.engine.impl.cfg.standalone.StandaloneMybatisTransactionContext  - committing the ibatis sql session...
10:45:10,962 [main] DEBUG org.apache.ibatis.transaction.jdbc.JdbcTransaction  - Committing JDBC Connection [conn6: url=jdbc:h2:mem:activiti user=SA]
10:45:10,962 [main] DEBUG org.activiti.engine.impl.cfg.standalone.StandaloneMybatisTransactionContext  - firing event committed...
10:45:10,962 [main] DEBUG org.apache.ibatis.transaction.jdbc.JdbcTransaction  - Resetting autocommit to true on JDBC Connection [conn6: url=jdbc:h2:mem:activiti user=SA]
10:45:10,962 [main] DEBUG org.apache.ibatis.transaction.jdbc.JdbcTransaction  - Closing JDBC Connection [conn6: url=jdbc:h2:mem:activiti user=SA]
10:45:10,962 [main] DEBUG org.apache.ibatis.datasource.pooled.PooledDataSource  - Returned connection 486346394 to pool.
10:45:10,962 [main] DEBUG org.activiti.engine.impl.interceptor.LogInterceptor  - --- SaveTaskCmd finished --------------------------------------------------------
10:45:10,962 [main] DEBUG org.activiti.engine.impl.interceptor.LogInterceptor  - 

10:45:10,962 [main] DEBUG org.activiti.engine.impl.interceptor.LogInterceptor  - 

10:45:10,962 [main] DEBUG org.activiti.engine.impl.interceptor.LogInterceptor  - --- starting AddIdentityLinkCmd --------------------------------------------------------
10:45:10,962 [main] DEBUG org.apache.ibatis.transaction.jdbc.JdbcTransaction  - Opening JDBC Connection
10:45:10,962 [main] DEBUG org.apache.ibatis.datasource.pooled.PooledDataSource  - Checked out connection 180014677 from pool.
10:45:10,962 [main] DEBUG org.apache.ibatis.transaction.jdbc.JdbcTransaction  - Setting autocommit to false on JDBC Connection [conn3: url=jdbc:h2:mem:activiti user=SA]
10:45:10,962 [main] DEBUG org.activiti.engine.impl.persistence.entity.TaskEntity.selectTask  - ==&gt;  Preparing: select * from ACT_RU_TASK where ID_ = ? 
10:45:10,963 [main] DEBUG org.activiti.engine.impl.persistence.entity.TaskEntity.selectTask  - ==&gt; Parameters: 921(String)
10:45:10,963 [main] DEBUG org.activiti.engine.impl.persistence.entity.TaskEntity.selectTask  - &lt;==      Total: 1
10:45:10,963 [main] DEBUG org.activiti.engine.impl.history.DefaultHistoryManager  - Current history level: FULL, level required: AUDIT
10:45:10,963 [main] DEBUG org.activiti.engine.impl.persistence.entity.HistoricTaskInstanceEntity.selectHistoricTaskInstance  - ==&gt;  Preparing: select * from ACT_HI_TASKINST where ID_ = ? 
10:45:10,963 [main] DEBUG org.activiti.engine.impl.persistence.entity.HistoricTaskInstanceEntity.selectHistoricTaskInstance  - ==&gt; Parameters: 921(String)
10:45:10,963 [main] DEBUG org.activiti.engine.impl.persistence.entity.HistoricTaskInstanceEntity.selectHistoricTaskInstance  - &lt;==      Total: 1
10:45:10,963 [main] DEBUG org.activiti.engine.impl.history.DefaultHistoryManager  - Current history level: FULL
10:45:10,963 [main] DEBUG org.activiti.engine.impl.history.DefaultHistoryManager  - Current history level: FULL
10:45:10,963 [main] DEBUG org.activiti.engine.impl.db.DbSqlSession  -   insert org.activiti.engine.impl.persistence.entity.CommentEntity@71a509c
10:45:10,963 [main] DEBUG org.activiti.engine.impl.db.DbSqlSession  -   update Task[id=921, name=gonzoSubTask1_3]
10:45:10,963 [main] DEBUG org.activiti.engine.impl.db.DbSqlSession  -   update HistoricTaskInstanceEntity[id=921, name=gonzoSubTask1_3]
10:45:10,963 [main] DEBUG org.activiti.engine.impl.db.DbSqlSession  - flush summary: 1 insert, 2 update, 0 delete.
10:45:10,963 [main] DEBUG org.activiti.engine.impl.db.DbSqlSession  - now executing flush...
10:45:10,963 [main] DEBUG org.activiti.engine.impl.db.DbSqlSession  - inserting: org.activiti.engine.impl.persistence.entity.CommentEntity@71a509c
10:45:10,963 [main] DEBUG org.activiti.engine.impl.persistence.entity.CommentEntity.insertComment  - ==&gt;  Preparing: insert into ACT_HI_COMMENT (ID_, TYPE_, TIME_, USER_ID_, TASK_ID_, PROC_INST_ID_, ACTION_, MESSAGE_, FULL_MSG_) values (?, ?, ?, ?, ?, ?, ?, ?, ?) 
10:45:10,963 [main] DEBUG org.activiti.engine.impl.persistence.entity.CommentEntity.insertComment  - ==&gt; Parameters: 922(String), event(String), 2009-01-01 01:01:01.0(Timestamp), null, 921(String), null, AddUserLink(String), gonzo_|_assignee(String), null
10:45:10,963 [main] DEBUG org.activiti.engine.impl.persistence.entity.CommentEntity.insertComment  - &lt;==    Updates: 1
10:45:10,963 [main] DEBUG org.activiti.engine.impl.db.DbSqlSession  - updating: Task[id=921, name=gonzoSubTask1_3]
10:45:10,963 [main] DEBUG org.activiti.engine.impl.persistence.entity.TaskEntity.updateTask  - ==&gt;  Preparing: update ACT_RU_TASK SET REV_ = ?, NAME_ = ?, PARENT_TASK_ID_ = ?, PRIORITY_ = ?, CREATE_TIME_ = ?, OWNER_ = ?, ASSIGNEE_ = ?, DELEGATION_ = ?, EXECUTION_ID_ = ?, PROC_DEF_ID_ = ?, DESCRIPTION_ = ?, DUE_DATE_ = ?, CATEGORY_ = ?, SUSPENSION_STATE_ = ?, FORM_KEY_ = ? where ID_= ? and REV_ = ? 
10:45:10,963 [main] DEBUG org.activiti.engine.impl.persistence.entity.TaskEntity.updateTask  - ==&gt; Parameters: 2(Integer), gonzoSubTask1_3(String), 913(String), 50(Integer), 2009-01-01 01:01:01.0(Timestamp), null, gonzo(String), null, null, null, description for gonzo sub-task1_3(String), null, null, 1(Integer), null, 921(String), 1(Integer)
10:45:10,963 [main] DEBUG org.activiti.engine.impl.persistence.entity.TaskEntity.updateTask  - &lt;==    Updates: 1
10:45:10,963 [main] DEBUG org.activiti.engine.impl.db.DbSqlSession  - updating: HistoricTaskInstanceEntity[id=921, name=gonzoSubTask1_3]
10:45:10,963 [main] DEBUG org.activiti.engine.impl.persistence.entity.HistoricTaskInstanceEntity.updateHistoricTaskInstance  - ==&gt;  Preparing: update ACT_HI_TASKINST set EXECUTION_ID_ = ?, NAME_ = ?, PARENT_TASK_ID_ = ?, DESCRIPTION_ = ?, OWNER_ = ?, ASSIGNEE_ = ?, CLAIM_TIME_ = ?, END_TIME_ = ?, DURATION_ = ?, DELETE_REASON_ = ?, TASK_DEF_KEY_ = ?, FORM_KEY_ = ?, PRIORITY_ = ?, DUE_DATE_ = ?, CATEGORY_ = ? where ID_ = ? 
10:45:10,963 [main] DEBUG org.activiti.engine.impl.persistence.entity.HistoricTaskInstanceEntity.updateHistoricTaskInstance  - ==&gt; Parameters: null, gonzoSubTask1_3(String), 913(String), description for gonzo sub-task1_3(String), null, gonzo(String), null, null, null, null, null, null, 50(Integer), null, null, 921(String)
10:45:10,963 [main] DEBUG org.activiti.engine.impl.persistence.entity.HistoricTaskInstanceEntity.updateHistoricTaskInstance  - &lt;==    Updates: 1
10:45:10,963 [main] DEBUG org.activiti.engine.impl.cfg.standalone.StandaloneMybatisTransactionContext  - firing event committing...
10:45:10,963 [main] DEBUG org.activiti.engine.impl.cfg.standalone.StandaloneMybatisTransactionContext  - committing the ibatis sql session...
10:45:10,963 [main] DEBUG org.apache.ibatis.transaction.jdbc.JdbcTransaction  - Committing JDBC Connection [conn3: url=jdbc:h2:mem:activiti user=SA]
10:45:10,963 [main] DEBUG org.activiti.engine.impl.cfg.standalone.StandaloneMybatisTransactionContext  - firing event committed...
10:45:10,963 [main] DEBUG org.apache.ibatis.transaction.jdbc.JdbcTransaction  - Resetting autocommit to true on JDBC Connection [conn3: url=jdbc:h2:mem:activiti user=SA]
10:45:10,963 [main] DEBUG org.apache.ibatis.transaction.jdbc.JdbcTransaction  - Closing JDBC Connection [conn3: url=jdbc:h2:mem:activiti user=SA]
10:45:10,963 [main] DEBUG org.apache.ibatis.datasource.pooled.PooledDataSource  - Returned connection 180014677 to pool.
10:45:10,963 [main] DEBUG org.activiti.engine.impl.interceptor.LogInterceptor  - --- AddIdentityLinkCmd finished --------------------------------------------------------
10:45:10,963 [main] DEBUG org.activiti.engine.impl.interceptor.LogInterceptor  - 

10:45:10,963 [main] DEBUG org.activiti.engine.impl.interceptor.LogInterceptor  - 

10:45:10,963 [main] DEBUG org.activiti.engine.impl.interceptor.LogInterceptor  - --- starting NewTaskCmd --------------------------------------------------------
10:45:10,963 [main] DEBUG org.activiti.engine.impl.cfg.standalone.StandaloneMybatisTransactionContext  - firing event committing...
10:45:10,963 [main] DEBUG org.activiti.engine.impl.cfg.standalone.StandaloneMybatisTransactionContext  - committing the ibatis sql session...
10:45:10,963 [main] DEBUG org.activiti.engine.impl.cfg.standalone.StandaloneMybatisTransactionContext  - firing event committed...
10:45:10,963 [main] DEBUG org.activiti.engine.impl.interceptor.LogInterceptor  - --- NewTaskCmd finished --------------------------------------------------------
10:45:10,963 [main] DEBUG org.activiti.engine.impl.interceptor.LogInterceptor  - 

10:45:10,963 [main] DEBUG org.activiti.engine.impl.interceptor.LogInterceptor  - 

10:45:10,963 [main] DEBUG org.activiti.engine.impl.interceptor.LogInterceptor  - --- starting SaveTaskCmd --------------------------------------------------------
10:45:10,963 [main] DEBUG org.activiti.engine.impl.history.DefaultHistoryManager  - Current history level: FULL, level required: AUDIT
10:45:10,963 [main] DEBUG org.activiti.engine.impl.db.DbSqlSession  -   insert Task[id=923, name=gonzoSubTask2_1]
10:45:10,963 [main] DEBUG org.activiti.engine.impl.db.DbSqlSession  -   insert HistoricTaskInstanceEntity[id=923, name=gonzoSubTask2_1]
10:45:10,963 [main] DEBUG org.activiti.engine.impl.db.DbSqlSession  - flush summary: 2 insert, 0 update, 0 delete.
10:45:10,963 [main] DEBUG org.activiti.engine.impl.db.DbSqlSession  - now executing flush...
10:45:10,963 [main] DEBUG org.activiti.engine.impl.db.DbSqlSession  - inserting: HistoricTaskInstanceEntity[id=923, name=gonzoSubTask2_1]
10:45:10,963 [main] DEBUG org.apache.ibatis.transaction.jdbc.JdbcTransaction  - Opening JDBC Connection
10:45:10,963 [main] DEBUG org.apache.ibatis.datasource.pooled.PooledDataSource  - Checked out connection 363509958 from pool.
10:45:10,963 [main] DEBUG org.apache.ibatis.transaction.jdbc.JdbcTransaction  - Setting autocommit to false on JDBC Connection [conn2: url=jdbc:h2:mem:activiti user=SA]
10:45:10,963 [main] DEBUG org.activiti.engine.impl.persistence.entity.HistoricTaskInstanceEntity.insertHistoricTaskInstance  - ==&gt;  Preparing: insert into ACT_HI_TASKINST ( ID_, PROC_DEF_ID_, PROC_INST_ID_, EXECUTION_ID_, NAME_, PARENT_TASK_ID_, DESCRIPTION_, OWNER_, ASSIGNEE_, START_TIME_, CLAIM_TIME_, END_TIME_, DURATION_, DELETE_REASON_, TASK_DEF_KEY_, FORM_KEY_, PRIORITY_, DUE_DATE_, CATEGORY_, TENANT_ID_ ) values ( ?, ?, ?, ?, ?, ?, ?, ?, ?, ?, ?, ?, ?, ?, ?, ?, ?, ?, ?, ? ) 
10:45:10,963 [main] DEBUG org.activiti.engine.impl.persistence.entity.HistoricTaskInstanceEntity.insertHistoricTaskInstance  - ==&gt; Parameters: 923(String), null, null, null, gonzoSubTask2_1(String), 915(String), description for gonzo sub-task2_1(String), null, null, 2009-01-02 01:01:01.0(Timestamp), null, null, null, null, null, null, 50(Integer), null, null, (String)
10:45:10,963 [main] DEBUG org.activiti.engine.impl.persistence.entity.HistoricTaskInstanceEntity.insertHistoricTaskInstance  - &lt;==    Updates: 1
10:45:10,963 [main] DEBUG org.activiti.engine.impl.db.DbSqlSession  - inserting: Task[id=923, name=gonzoSubTask2_1]
10:45:10,963 [main] DEBUG org.activiti.engine.impl.persistence.entity.TaskEntity.insertTask  - ==&gt;  Preparing: insert into ACT_RU_TASK (ID_, REV_, NAME_, PARENT_TASK_ID_, DESCRIPTION_, PRIORITY_, CREATE_TIME_, OWNER_, ASSIGNEE_, DELEGATION_, EXECUTION_ID_, PROC_INST_ID_, PROC_DEF_ID_, TASK_DEF_KEY_, DUE_DATE_, CATEGORY_, SUSPENSION_STATE_, TENANT_ID_, FORM_KEY_) values (?, 1, ?, ?, ?, ?, ?, ?, ?, ?, ?, ?, ?, ?, ?, ?, ?, ?, ? ) 
10:45:10,963 [main] DEBUG org.activiti.engine.impl.persistence.entity.TaskEntity.insertTask  - ==&gt; Parameters: 923(String), gonzoSubTask2_1(String), 915(String), description for gonzo sub-task2_1(String), 50(Integer), 2009-01-02 01:01:01.0(Timestamp), null, null, null, null, null, null, null, null, null, 1(Integer), (String), null
10:45:10,963 [main] DEBUG org.activiti.engine.impl.persistence.entity.TaskEntity.insertTask  - &lt;==    Updates: 1
10:45:10,963 [main] DEBUG org.activiti.engine.impl.cfg.standalone.StandaloneMybatisTransactionContext  - firing event committing...
10:45:10,963 [main] DEBUG org.activiti.engine.impl.cfg.standalone.StandaloneMybatisTransactionContext  - committing the ibatis sql session...
10:45:10,963 [main] DEBUG org.apache.ibatis.transaction.jdbc.JdbcTransaction  - Committing JDBC Connection [conn2: url=jdbc:h2:mem:activiti user=SA]
10:45:10,963 [main] DEBUG org.activiti.engine.impl.cfg.standalone.StandaloneMybatisTransactionContext  - firing event committed...
10:45:10,963 [main] DEBUG org.apache.ibatis.transaction.jdbc.JdbcTransaction  - Resetting autocommit to true on JDBC Connection [conn2: url=jdbc:h2:mem:activiti user=SA]
10:45:10,963 [main] DEBUG org.apache.ibatis.transaction.jdbc.JdbcTransaction  - Closing JDBC Connection [conn2: url=jdbc:h2:mem:activiti user=SA]
10:45:10,963 [main] DEBUG org.apache.ibatis.datasource.pooled.PooledDataSource  - Returned connection 363509958 to pool.
10:45:10,963 [main] DEBUG org.activiti.engine.impl.interceptor.LogInterceptor  - --- SaveTaskCmd finished --------------------------------------------------------
10:45:10,963 [main] DEBUG org.activiti.engine.impl.interceptor.LogInterceptor  - 

10:45:10,963 [main] DEBUG org.activiti.engine.impl.interceptor.LogInterceptor  - 

10:45:10,963 [main] DEBUG org.activiti.engine.impl.interceptor.LogInterceptor  - --- starting AddIdentityLinkCmd --------------------------------------------------------
10:45:10,963 [main] DEBUG org.apache.ibatis.transaction.jdbc.JdbcTransaction  - Opening JDBC Connection
10:45:10,963 [main] DEBUG org.apache.ibatis.datasource.pooled.PooledDataSource  - Checked out connection 297240765 from pool.
10:45:10,963 [main] DEBUG org.apache.ibatis.transaction.jdbc.JdbcTransaction  - Setting autocommit to false on JDBC Connection [conn4: url=jdbc:h2:mem:activiti user=SA]
10:45:10,963 [main] DEBUG org.activiti.engine.impl.persistence.entity.TaskEntity.selectTask  - ==&gt;  Preparing: select * from ACT_RU_TASK where ID_ = ? 
10:45:10,963 [main] DEBUG org.activiti.engine.impl.persistence.entity.TaskEntity.selectTask  - ==&gt; Parameters: 923(String)
10:45:10,963 [main] DEBUG org.activiti.engine.impl.persistence.entity.TaskEntity.selectTask  - &lt;==      Total: 1
10:45:10,963 [main] DEBUG org.activiti.engine.impl.history.DefaultHistoryManager  - Current history level: FULL, level required: AUDIT
10:45:10,963 [main] DEBUG org.activiti.engine.impl.persistence.entity.HistoricTaskInstanceEntity.selectHistoricTaskInstance  - ==&gt;  Preparing: select * from ACT_HI_TASKINST where ID_ = ? 
10:45:10,963 [main] DEBUG org.activiti.engine.impl.persistence.entity.HistoricTaskInstanceEntity.selectHistoricTaskInstance  - ==&gt; Parameters: 923(String)
10:45:10,963 [main] DEBUG org.activiti.engine.impl.persistence.entity.HistoricTaskInstanceEntity.selectHistoricTaskInstance  - &lt;==      Total: 1
10:45:10,963 [main] DEBUG org.activiti.engine.impl.history.DefaultHistoryManager  - Current history level: FULL
10:45:10,963 [main] DEBUG org.activiti.engine.impl.history.DefaultHistoryManager  - Current history level: FULL
10:45:10,963 [main] DEBUG org.activiti.engine.impl.db.DbSqlSession  -   insert org.activiti.engine.impl.persistence.entity.CommentEntity@547aa7f4
10:45:10,963 [main] DEBUG org.activiti.engine.impl.db.DbSqlSession  -   update Task[id=923, name=gonzoSubTask2_1]
10:45:10,963 [main] DEBUG org.activiti.engine.impl.db.DbSqlSession  -   update HistoricTaskInstanceEntity[id=923, name=gonzoSubTask2_1]
10:45:10,963 [main] DEBUG org.activiti.engine.impl.db.DbSqlSession  - flush summary: 1 insert, 2 update, 0 delete.
10:45:10,963 [main] DEBUG org.activiti.engine.impl.db.DbSqlSession  - now executing flush...
10:45:10,963 [main] DEBUG org.activiti.engine.impl.db.DbSqlSession  - inserting: org.activiti.engine.impl.persistence.entity.CommentEntity@547aa7f4
10:45:10,963 [main] DEBUG org.activiti.engine.impl.persistence.entity.CommentEntity.insertComment  - ==&gt;  Preparing: insert into ACT_HI_COMMENT (ID_, TYPE_, TIME_, USER_ID_, TASK_ID_, PROC_INST_ID_, ACTION_, MESSAGE_, FULL_MSG_) values (?, ?, ?, ?, ?, ?, ?, ?, ?) 
10:45:10,963 [main] DEBUG org.activiti.engine.impl.persistence.entity.CommentEntity.insertComment  - ==&gt; Parameters: 924(String), event(String), 2009-01-02 01:01:01.0(Timestamp), null, 923(String), null, AddUserLink(String), gonzo_|_assignee(String), null
10:45:10,963 [main] DEBUG org.activiti.engine.impl.persistence.entity.CommentEntity.insertComment  - &lt;==    Updates: 1
10:45:10,963 [main] DEBUG org.activiti.engine.impl.db.DbSqlSession  - updating: Task[id=923, name=gonzoSubTask2_1]
10:45:10,963 [main] DEBUG org.activiti.engine.impl.persistence.entity.TaskEntity.updateTask  - ==&gt;  Preparing: update ACT_RU_TASK SET REV_ = ?, NAME_ = ?, PARENT_TASK_ID_ = ?, PRIORITY_ = ?, CREATE_TIME_ = ?, OWNER_ = ?, ASSIGNEE_ = ?, DELEGATION_ = ?, EXECUTION_ID_ = ?, PROC_DEF_ID_ = ?, DESCRIPTION_ = ?, DUE_DATE_ = ?, CATEGORY_ = ?, SUSPENSION_STATE_ = ?, FORM_KEY_ = ? where ID_= ? and REV_ = ? 
10:45:10,963 [main] DEBUG org.activiti.engine.impl.persistence.entity.TaskEntity.updateTask  - ==&gt; Parameters: 2(Integer), gonzoSubTask2_1(String), 915(String), 50(Integer), 2009-01-02 01:01:01.0(Timestamp), null, gonzo(String), null, null, null, description for gonzo sub-task2_1(String), null, null, 1(Integer), null, 923(String), 1(Integer)
10:45:10,963 [main] DEBUG org.activiti.engine.impl.persistence.entity.TaskEntity.updateTask  - &lt;==    Updates: 1
10:45:10,963 [main] DEBUG org.activiti.engine.impl.db.DbSqlSession  - updating: HistoricTaskInstanceEntity[id=923, name=gonzoSubTask2_1]
10:45:10,963 [main] DEBUG org.activiti.engine.impl.persistence.entity.HistoricTaskInstanceEntity.updateHistoricTaskInstance  - ==&gt;  Preparing: update ACT_HI_TASKINST set EXECUTION_ID_ = ?, NAME_ = ?, PARENT_TASK_ID_ = ?, DESCRIPTION_ = ?, OWNER_ = ?, ASSIGNEE_ = ?, CLAIM_TIME_ = ?, END_TIME_ = ?, DURATION_ = ?, DELETE_REASON_ = ?, TASK_DEF_KEY_ = ?, FORM_KEY_ = ?, PRIORITY_ = ?, DUE_DATE_ = ?, CATEGORY_ = ? where ID_ = ? 
10:45:10,963 [main] DEBUG org.activiti.engine.impl.persistence.entity.HistoricTaskInstanceEntity.updateHistoricTaskInstance  - ==&gt; Parameters: null, gonzoSubTask2_1(String), 915(String), description for gonzo sub-task2_1(String), null, gonzo(String), null, null, null, null, null, null, 50(Integer), null, null, 923(String)
10:45:10,963 [main] DEBUG org.activiti.engine.impl.persistence.entity.HistoricTaskInstanceEntity.updateHistoricTaskInstance  - &lt;==    Updates: 1
10:45:10,963 [main] DEBUG org.activiti.engine.impl.cfg.standalone.StandaloneMybatisTransactionContext  - firing event committing...
10:45:10,963 [main] DEBUG org.activiti.engine.impl.cfg.standalone.StandaloneMybatisTransactionContext  - committing the ibatis sql session...
10:45:10,963 [main] DEBUG org.apache.ibatis.transaction.jdbc.JdbcTransaction  - Committing JDBC Connection [conn4: url=jdbc:h2:mem:activiti user=SA]
10:45:10,963 [main] DEBUG org.activiti.engine.impl.cfg.standalone.StandaloneMybatisTransactionContext  - firing event committed...
10:45:10,963 [main] DEBUG org.apache.ibatis.transaction.jdbc.JdbcTransaction  - Resetting autocommit to true on JDBC Connection [conn4: url=jdbc:h2:mem:activiti user=SA]
10:45:10,963 [main] DEBUG org.apache.ibatis.transaction.jdbc.JdbcTransaction  - Closing JDBC Connection [conn4: url=jdbc:h2:mem:activiti user=SA]
10:45:10,963 [main] DEBUG org.apache.ibatis.datasource.pooled.PooledDataSource  - Returned connection 297240765 to pool.
10:45:10,963 [main] DEBUG org.activiti.engine.impl.interceptor.LogInterceptor  - --- AddIdentityLinkCmd finished --------------------------------------------------------
10:45:10,963 [main] DEBUG org.activiti.engine.impl.interceptor.LogInterceptor  - 

10:45:10,963 [main] DEBUG org.activiti.engine.impl.interceptor.LogInterceptor  - 

10:45:10,963 [main] DEBUG org.activiti.engine.impl.interceptor.LogInterceptor  - --- starting NewTaskCmd --------------------------------------------------------
10:45:10,963 [main] DEBUG org.activiti.engine.impl.cfg.standalone.StandaloneMybatisTransactionContext  - firing event committing...
10:45:10,963 [main] DEBUG org.activiti.engine.impl.cfg.standalone.StandaloneMybatisTransactionContext  - committing the ibatis sql session...
10:45:10,963 [main] DEBUG org.activiti.engine.impl.cfg.standalone.StandaloneMybatisTransactionContext  - firing event committed...
10:45:10,963 [main] DEBUG org.activiti.engine.impl.interceptor.LogInterceptor  - --- NewTaskCmd finished --------------------------------------------------------
10:45:10,963 [main] DEBUG org.activiti.engine.impl.interceptor.LogInterceptor  - 

10:45:10,963 [main] DEBUG org.activiti.engine.impl.interceptor.LogInterceptor  - 

10:45:10,963 [main] DEBUG org.activiti.engine.impl.interceptor.LogInterceptor  - --- starting SaveTaskCmd --------------------------------------------------------
10:45:10,963 [main] DEBUG org.activiti.engine.impl.history.DefaultHistoryManager  - Current history level: FULL, level required: AUDIT
10:45:10,963 [main] DEBUG org.activiti.engine.impl.db.DbSqlSession  -   insert Task[id=925, name=gonzoSubTask2_2]
10:45:10,963 [main] DEBUG org.activiti.engine.impl.db.DbSqlSession  -   insert HistoricTaskInstanceEntity[id=925, name=gonzoSubTask2_2]
10:45:10,963 [main] DEBUG org.activiti.engine.impl.db.DbSqlSession  - flush summary: 2 insert, 0 update, 0 delete.
10:45:10,963 [main] DEBUG org.activiti.engine.impl.db.DbSqlSession  - now executing flush...
10:45:10,963 [main] DEBUG org.activiti.engine.impl.db.DbSqlSession  - inserting: HistoricTaskInstanceEntity[id=925, name=gonzoSubTask2_2]
10:45:10,963 [main] DEBUG org.apache.ibatis.transaction.jdbc.JdbcTransaction  - Opening JDBC Connection
10:45:10,963 [main] DEBUG org.apache.ibatis.datasource.pooled.PooledDataSource  - Checked out connection 486346394 from pool.
10:45:10,964 [main] DEBUG org.apache.ibatis.transaction.jdbc.JdbcTransaction  - Setting autocommit to false on JDBC Connection [conn6: url=jdbc:h2:mem:activiti user=SA]
10:45:10,964 [main] DEBUG org.activiti.engine.impl.persistence.entity.HistoricTaskInstanceEntity.insertHistoricTaskInstance  - ==&gt;  Preparing: insert into ACT_HI_TASKINST ( ID_, PROC_DEF_ID_, PROC_INST_ID_, EXECUTION_ID_, NAME_, PARENT_TASK_ID_, DESCRIPTION_, OWNER_, ASSIGNEE_, START_TIME_, CLAIM_TIME_, END_TIME_, DURATION_, DELETE_REASON_, TASK_DEF_KEY_, FORM_KEY_, PRIORITY_, DUE_DATE_, CATEGORY_, TENANT_ID_ ) values ( ?, ?, ?, ?, ?, ?, ?, ?, ?, ?, ?, ?, ?, ?, ?, ?, ?, ?, ?, ? ) 
10:45:10,964 [main] DEBUG org.activiti.engine.impl.persistence.entity.HistoricTaskInstanceEntity.insertHistoricTaskInstance  - ==&gt; Parameters: 925(String), null, null, null, gonzoSubTask2_2(String), 915(String), description for gonzo sub-task2_2(String), null, null, 2009-01-02 01:01:01.0(Timestamp), null, null, null, null, null, null, 50(Integer), null, null, (String)
10:45:10,964 [main] DEBUG org.activiti.engine.impl.persistence.entity.HistoricTaskInstanceEntity.insertHistoricTaskInstance  - &lt;==    Updates: 1
10:45:10,964 [main] DEBUG org.activiti.engine.impl.db.DbSqlSession  - inserting: Task[id=925, name=gonzoSubTask2_2]
10:45:10,964 [main] DEBUG org.activiti.engine.impl.persistence.entity.TaskEntity.insertTask  - ==&gt;  Preparing: insert into ACT_RU_TASK (ID_, REV_, NAME_, PARENT_TASK_ID_, DESCRIPTION_, PRIORITY_, CREATE_TIME_, OWNER_, ASSIGNEE_, DELEGATION_, EXECUTION_ID_, PROC_INST_ID_, PROC_DEF_ID_, TASK_DEF_KEY_, DUE_DATE_, CATEGORY_, SUSPENSION_STATE_, TENANT_ID_, FORM_KEY_) values (?, 1, ?, ?, ?, ?, ?, ?, ?, ?, ?, ?, ?, ?, ?, ?, ?, ?, ? ) 
10:45:10,964 [main] DEBUG org.activiti.engine.impl.persistence.entity.TaskEntity.insertTask  - ==&gt; Parameters: 925(String), gonzoSubTask2_2(String), 915(String), description for gonzo sub-task2_2(String), 50(Integer), 2009-01-02 01:01:01.0(Timestamp), null, null, null, null, null, null, null, null, null, 1(Integer), (String), null
10:45:10,964 [main] DEBUG org.activiti.engine.impl.persistence.entity.TaskEntity.insertTask  - &lt;==    Updates: 1
10:45:10,964 [main] DEBUG org.activiti.engine.impl.cfg.standalone.StandaloneMybatisTransactionContext  - firing event committing...
10:45:10,964 [main] DEBUG org.activiti.engine.impl.cfg.standalone.StandaloneMybatisTransactionContext  - committing the ibatis sql session...
10:45:10,964 [main] DEBUG org.apache.ibatis.transaction.jdbc.JdbcTransaction  - Committing JDBC Connection [conn6: url=jdbc:h2:mem:activiti user=SA]
10:45:10,964 [main] DEBUG org.activiti.engine.impl.cfg.standalone.StandaloneMybatisTransactionContext  - firing event committed...
10:45:10,964 [main] DEBUG org.apache.ibatis.transaction.jdbc.JdbcTransaction  - Resetting autocommit to true on JDBC Connection [conn6: url=jdbc:h2:mem:activiti user=SA]
10:45:10,964 [main] DEBUG org.apache.ibatis.transaction.jdbc.JdbcTransaction  - Closing JDBC Connection [conn6: url=jdbc:h2:mem:activiti user=SA]
10:45:10,964 [main] DEBUG org.apache.ibatis.datasource.pooled.PooledDataSource  - Returned connection 486346394 to pool.
10:45:10,964 [main] DEBUG org.activiti.engine.impl.interceptor.LogInterceptor  - --- SaveTaskCmd finished --------------------------------------------------------
10:45:10,964 [main] DEBUG org.activiti.engine.impl.interceptor.LogInterceptor  - 

10:45:10,964 [main] DEBUG org.activiti.engine.impl.interceptor.LogInterceptor  - 

10:45:10,964 [main] DEBUG org.activiti.engine.impl.interceptor.LogInterceptor  - --- starting AddIdentityLinkCmd --------------------------------------------------------
10:45:10,964 [main] DEBUG org.apache.ibatis.transaction.jdbc.JdbcTransaction  - Opening JDBC Connection
10:45:10,964 [main] DEBUG org.apache.ibatis.datasource.pooled.PooledDataSource  - Checked out connection 180014677 from pool.
10:45:10,964 [main] DEBUG org.apache.ibatis.transaction.jdbc.JdbcTransaction  - Setting autocommit to false on JDBC Connection [conn3: url=jdbc:h2:mem:activiti user=SA]
10:45:10,964 [main] DEBUG org.activiti.engine.impl.persistence.entity.TaskEntity.selectTask  - ==&gt;  Preparing: select * from ACT_RU_TASK where ID_ = ? 
10:45:10,964 [main] DEBUG org.activiti.engine.impl.persistence.entity.TaskEntity.selectTask  - ==&gt; Parameters: 925(String)
10:45:10,964 [main] DEBUG org.activiti.engine.impl.persistence.entity.TaskEntity.selectTask  - &lt;==      Total: 1
10:45:10,964 [main] DEBUG org.activiti.engine.impl.history.DefaultHistoryManager  - Current history level: FULL, level required: AUDIT
10:45:10,964 [main] DEBUG org.activiti.engine.impl.persistence.entity.HistoricTaskInstanceEntity.selectHistoricTaskInstance  - ==&gt;  Preparing: select * from ACT_HI_TASKINST where ID_ = ? 
10:45:10,964 [main] DEBUG org.activiti.engine.impl.persistence.entity.HistoricTaskInstanceEntity.selectHistoricTaskInstance  - ==&gt; Parameters: 925(String)
10:45:10,964 [main] DEBUG org.activiti.engine.impl.persistence.entity.HistoricTaskInstanceEntity.selectHistoricTaskInstance  - &lt;==      Total: 1
10:45:10,964 [main] DEBUG org.activiti.engine.impl.history.DefaultHistoryManager  - Current history level: FULL
10:45:10,964 [main] DEBUG org.activiti.engine.impl.history.DefaultHistoryManager  - Current history level: FULL
10:45:10,964 [main] DEBUG org.activiti.engine.impl.db.DbSqlSession  -   insert org.activiti.engine.impl.persistence.entity.CommentEntity@2e94655a
10:45:10,964 [main] DEBUG org.activiti.engine.impl.db.DbSqlSession  -   update Task[id=925, name=gonzoSubTask2_2]
10:45:10,964 [main] DEBUG org.activiti.engine.impl.db.DbSqlSession  -   update HistoricTaskInstanceEntity[id=925, name=gonzoSubTask2_2]
10:45:10,964 [main] DEBUG org.activiti.engine.impl.db.DbSqlSession  - flush summary: 1 insert, 2 update, 0 delete.
10:45:10,964 [main] DEBUG org.activiti.engine.impl.db.DbSqlSession  - now executing flush...
10:45:10,964 [main] DEBUG org.activiti.engine.impl.db.DbSqlSession  - inserting: org.activiti.engine.impl.persistence.entity.CommentEntity@2e94655a
10:45:10,964 [main] DEBUG org.activiti.engine.impl.persistence.entity.CommentEntity.insertComment  - ==&gt;  Preparing: insert into ACT_HI_COMMENT (ID_, TYPE_, TIME_, USER_ID_, TASK_ID_, PROC_INST_ID_, ACTION_, MESSAGE_, FULL_MSG_) values (?, ?, ?, ?, ?, ?, ?, ?, ?) 
10:45:10,964 [main] DEBUG org.activiti.engine.impl.persistence.entity.CommentEntity.insertComment  - ==&gt; Parameters: 926(String), event(String), 2009-01-02 01:01:01.0(Timestamp), null, 925(String), null, AddUserLink(String), gonzo_|_assignee(String), null
10:45:10,964 [main] DEBUG org.activiti.engine.impl.persistence.entity.CommentEntity.insertComment  - &lt;==    Updates: 1
10:45:10,964 [main] DEBUG org.activiti.engine.impl.db.DbSqlSession  - updating: Task[id=925, name=gonzoSubTask2_2]
10:45:10,964 [main] DEBUG org.activiti.engine.impl.persistence.entity.TaskEntity.updateTask  - ==&gt;  Preparing: update ACT_RU_TASK SET REV_ = ?, NAME_ = ?, PARENT_TASK_ID_ = ?, PRIORITY_ = ?, CREATE_TIME_ = ?, OWNER_ = ?, ASSIGNEE_ = ?, DELEGATION_ = ?, EXECUTION_ID_ = ?, PROC_DEF_ID_ = ?, DESCRIPTION_ = ?, DUE_DATE_ = ?, CATEGORY_ = ?, SUSPENSION_STATE_ = ?, FORM_KEY_ = ? where ID_= ? and REV_ = ? 
10:45:10,964 [main] DEBUG org.activiti.engine.impl.persistence.entity.TaskEntity.updateTask  - ==&gt; Parameters: 2(Integer), gonzoSubTask2_2(String), 915(String), 50(Integer), 2009-01-02 01:01:01.0(Timestamp), null, gonzo(String), null, null, null, description for gonzo sub-task2_2(String), null, null, 1(Integer), null, 925(String), 1(Integer)
10:45:10,964 [main] DEBUG org.activiti.engine.impl.persistence.entity.TaskEntity.updateTask  - &lt;==    Updates: 1
10:45:10,964 [main] DEBUG org.activiti.engine.impl.db.DbSqlSession  - updating: HistoricTaskInstanceEntity[id=925, name=gonzoSubTask2_2]
10:45:10,964 [main] DEBUG org.activiti.engine.impl.persistence.entity.HistoricTaskInstanceEntity.updateHistoricTaskInstance  - ==&gt;  Preparing: update ACT_HI_TASKINST set EXECUTION_ID_ = ?, NAME_ = ?, PARENT_TASK_ID_ = ?, DESCRIPTION_ = ?, OWNER_ = ?, ASSIGNEE_ = ?, CLAIM_TIME_ = ?, END_TIME_ = ?, DURATION_ = ?, DELETE_REASON_ = ?, TASK_DEF_KEY_ = ?, FORM_KEY_ = ?, PRIORITY_ = ?, DUE_DATE_ = ?, CATEGORY_ = ? where ID_ = ? 
10:45:10,964 [main] DEBUG org.activiti.engine.impl.persistence.entity.HistoricTaskInstanceEntity.updateHistoricTaskInstance  - ==&gt; Parameters: null, gonzoSubTask2_2(String), 915(String), description for gonzo sub-task2_2(String), null, gonzo(String), null, null, null, null, null, null, 50(Integer), null, null, 925(String)
10:45:10,964 [main] DEBUG org.activiti.engine.impl.persistence.entity.HistoricTaskInstanceEntity.updateHistoricTaskInstance  - &lt;==    Updates: 1
10:45:10,964 [main] DEBUG org.activiti.engine.impl.cfg.standalone.StandaloneMybatisTransactionContext  - firing event committing...
10:45:10,964 [main] DEBUG org.activiti.engine.impl.cfg.standalone.StandaloneMybatisTransactionContext  - committing the ibatis sql session...
10:45:10,964 [main] DEBUG org.apache.ibatis.transaction.jdbc.JdbcTransaction  - Committing JDBC Connection [conn3: url=jdbc:h2:mem:activiti user=SA]
10:45:10,964 [main] DEBUG org.activiti.engine.impl.cfg.standalone.StandaloneMybatisTransactionContext  - firing event committed...
10:45:10,964 [main] DEBUG org.apache.ibatis.transaction.jdbc.JdbcTransaction  - Resetting autocommit to true on JDBC Connection [conn3: url=jdbc:h2:mem:activiti user=SA]
10:45:10,964 [main] DEBUG org.apache.ibatis.transaction.jdbc.JdbcTransaction  - Closing JDBC Connection [conn3: url=jdbc:h2:mem:activiti user=SA]
10:45:10,964 [main] DEBUG org.apache.ibatis.datasource.pooled.PooledDataSource  - Returned connection 180014677 to pool.
10:45:10,964 [main] DEBUG org.activiti.engine.impl.interceptor.LogInterceptor  - --- AddIdentityLinkCmd finished --------------------------------------------------------
10:45:10,964 [main] DEBUG org.activiti.engine.impl.interceptor.LogInterceptor  - 

10:45:10,964 [main] DEBUG org.activiti.engine.impl.test.PvmTestCase  - 

10:45:10,964 [main] DEBUG org.activiti.engine.impl.test.PvmTestCase  - #### START SubTaskQueryTest.testQueryWithPagination ###########################################################
10:45:10,964 [main] DEBUG org.activiti.engine.impl.interceptor.LogInterceptor  - 

10:45:10,964 [main] DEBUG org.activiti.engine.impl.interceptor.LogInterceptor  - --- starting TaskQueryImpl --------------------------------------------------------
10:45:10,964 [main] DEBUG org.apache.ibatis.transaction.jdbc.JdbcTransaction  - Opening JDBC Connection
10:45:10,964 [main] DEBUG org.apache.ibatis.datasource.pooled.PooledDataSource  - Checked out connection 363509958 from pool.
10:45:10,964 [main] DEBUG org.apache.ibatis.transaction.jdbc.JdbcTransaction  - Setting autocommit to false on JDBC Connection [conn2: url=jdbc:h2:mem:activiti user=SA]
10:45:10,964 [main] DEBUG org.activiti.engine.impl.persistence.entity.TaskEntity.selectTaskCountByQueryCriteria  - ==&gt;  Preparing: select count(distinct RES.ID_) from ACT_RU_TASK RES 
10:45:10,964 [main] DEBUG org.activiti.engine.impl.persistence.entity.TaskEntity.selectTaskCountByQueryCriteria  - ==&gt; Parameters: 
10:45:10,964 [main] DEBUG org.activiti.engine.impl.persistence.entity.TaskEntity.selectTaskCountByQueryCriteria  - &lt;==      Total: 1
10:45:10,964 [main] DEBUG org.activiti.engine.impl.db.DbSqlSession  - flush summary: 0 insert, 0 update, 0 delete.
10:45:10,964 [main] DEBUG org.activiti.engine.impl.db.DbSqlSession  - now executing flush...
10:45:10,964 [main] DEBUG org.activiti.engine.impl.cfg.standalone.StandaloneMybatisTransactionContext  - firing event committing...
10:45:10,964 [main] DEBUG org.activiti.engine.impl.cfg.standalone.StandaloneMybatisTransactionContext  - committing the ibatis sql session...
10:45:10,964 [main] DEBUG org.activiti.engine.impl.cfg.standalone.StandaloneMybatisTransactionContext  - firing event committed...
10:45:10,964 [main] DEBUG org.apache.ibatis.transaction.jdbc.JdbcTransaction  - Resetting autocommit to true on JDBC Connection [conn2: url=jdbc:h2:mem:activiti user=SA]
10:45:10,964 [main] DEBUG org.apache.ibatis.transaction.jdbc.JdbcTransaction  - Closing JDBC Connection [conn2: url=jdbc:h2:mem:activiti user=SA]
10:45:10,964 [main] DEBUG org.apache.ibatis.datasource.pooled.PooledDataSource  - Returned connection 363509958 to pool.
10:45:10,964 [main] DEBUG org.activiti.engine.impl.interceptor.LogInterceptor  - --- TaskQueryImpl finished --------------------------------------------------------
10:45:10,964 [main] DEBUG org.activiti.engine.impl.interceptor.LogInterceptor  - 

10:45:10,964 [main] DEBUG org.activiti.engine.impl.interceptor.LogInterceptor  - 

10:45:10,964 [main] DEBUG org.activiti.engine.impl.interceptor.LogInterceptor  - --- starting TaskQueryImpl --------------------------------------------------------
10:45:10,964 [main] DEBUG org.apache.ibatis.transaction.jdbc.JdbcTransaction  - Opening JDBC Connection
10:45:10,964 [main] DEBUG org.apache.ibatis.datasource.pooled.PooledDataSource  - Checked out connection 297240765 from pool.
10:45:10,964 [main] DEBUG org.apache.ibatis.transaction.jdbc.JdbcTransaction  - Setting autocommit to false on JDBC Connection [conn4: url=jdbc:h2:mem:activiti user=SA]
10:45:10,964 [main] DEBUG org.activiti.engine.impl.persistence.entity.TaskEntity.selectTaskByQueryCriteria  - ==&gt;  Preparing: select distinct RES.* from ACT_RU_TASK RES order by order by RES.ID_ asc LIMIT ? OFFSET ? 
10:45:10,965 [main] DEBUG org.activiti.engine.impl.interceptor.CommandContext  - Error while closing command context
org.apache.ibatis.exceptions.PersistenceException: 
### Error querying database.  Cause: org.h2.jdbc.JdbcSQLException: Syntax error in SQL statement &quot;SELECT DISTINCT RES.* 
       
    FROM ACT_RU_TASK RES
     
     
     
     
    
     
     
     
      
   
    
     ORDER BY  ORDER[*] BY RES.ID_ ASC  
    LIMIT ? OFFSET ? &quot;; expected &quot;=, NOT, EXISTS, INTERSECTS, SELECT, FROM&quot;; SQL statement:
select distinct RES.* 
       
    from ACT_RU_TASK RES
     
     
     
     
    
     
     
     
      
   
    
     order by  order by RES.ID_ asc  
    LIMIT ? OFFSET ? [42001-176]
### The error may exist in org/activiti/db/mapping/entity/Task.xml
### The error may involve org.activiti.engine.impl.persistence.entity.TaskEntity.selectTaskByQueryCriteria
### The error occurred while executing a query
### SQL: select distinct RES.*              from ACT_RU_TASK RES                                                                     order by  order by RES.ID_ asc       LIMIT ? OFFSET ?
### Cause: org.h2.jdbc.JdbcSQLException: Syntax error in SQL statement &quot;SELECT DISTINCT RES.* 
       
    FROM ACT_RU_TASK RES
     
     
     
     
    
     
     
     
      
   
    
     ORDER BY  ORDER[*] BY RES.ID_ ASC  
    LIMIT ? OFFSET ? &quot;; expected &quot;=, NOT, EXISTS, INTERSECTS, SELECT, FROM&quot;; SQL statement:
select distinct RES.* 
       
    from ACT_RU_TASK RES
     
     
     
     
    
     
     
     
      
   
    
     order by  order by RES.ID_ asc  
    LIMIT ? OFFSET ? [42001-176]
	at org.apache.ibatis.exceptions.ExceptionFactory.wrapException(ExceptionFactory.java:30)
	at org.apache.ibatis.session.defaults.DefaultSqlSession.selectList(DefaultSqlSession.java:122)
	at org.apache.ibatis.session.defaults.DefaultSqlSession.selectList(DefaultSqlSession.java:113)
	at org.activiti.engine.impl.db.DbSqlSession.selectListWithRawParameter(DbSqlSession.java:438)
	at org.activiti.engine.impl.db.DbSqlSession.selectList(DbSqlSession.java:429)
	at org.activiti.engine.impl.persistence.entity.TaskEntityManager.findTasksByQueryCriteria(TaskEntityManager.java:135)
	at org.activiti.engine.impl.TaskQueryImpl.executeList(TaskQueryImpl.java:1256)
	at org.activiti.engine.impl.AbstractQuery.execute(AbstractQuery.java:168)
	at org.activiti.engine.impl.interceptor.CommandInvoker.execute(CommandInvoker.java:24)
	at org.activiti.engine.impl.interceptor.CommandContextInterceptor.execute(CommandContextInterceptor.java:57)
	at org.activiti.engine.impl.interceptor.LogInterceptor.execute(LogInterceptor.java:37)
	at org.activiti.engine.impl.cfg.CommandExecutorImpl.execute(CommandExecutorImpl.java:40)
	at org.activiti.engine.impl.cfg.CommandExecutorImpl.execute(CommandExecutorImpl.java:35)
	at org.activiti.engine.impl.AbstractQuery.listPage(AbstractQuery.java:149)
	at org.activiti.engine.test.api.task.SubTaskQueryTest.testQueryWithPagination(SubTaskQueryTest.java:75)
	at sun.reflect.NativeMethodAccessorImpl.invoke0(Native Method)
	at sun.reflect.NativeMethodAccessorImpl.invoke(NativeMethodAccessorImpl.java:62)
	at sun.reflect.DelegatingMethodAccessorImpl.invoke(DelegatingMethodAccessorImpl.java:43)
	at java.lang.reflect.Method.invoke(Method.java:498)
	at junit.framework.TestCase.runTest(TestCase.java:176)
	at org.activiti.engine.impl.test.PvmTestCase.runTest(PvmTestCase.java:65)
	at junit.framework.TestCase.runBare(TestCase.java:141)
	at org.activiti.engine.impl.test.AbstractActivitiTestCase.runBare(AbstractActivitiTestCase.java:100)
	at junit.framework.TestResult$1.protect(TestResult.java:122)
	at junit.framework.TestResult.runProtected(TestResult.java:142)
	at junit.framework.TestResult.run(TestResult.java:125)
	at junit.framework.TestCase.run(TestCase.java:129)
	at junit.framework.TestSuite.runTest(TestSuite.java:255)
	at junit.framework.TestSuite.run(TestSuite.java:250)
	at org.junit.internal.runners.JUnit38ClassRunner.run(JUnit38ClassRunner.java:84)
	at org.apache.maven.surefire.junit4.JUnit4TestSet.execute(JUnit4TestSet.java:35)
	at org.apache.maven.surefire.junit4.JUnit4Provider.executeTestSet(JUnit4Provider.java:146)
	at org.apache.maven.surefire.junit4.JUnit4Provider.invoke(JUnit4Provider.java:97)
	at sun.reflect.NativeMethodAccessorImpl.invoke0(Native Method)
	at sun.reflect.NativeMethodAccessorImpl.invoke(NativeMethodAccessorImpl.java:62)
	at sun.reflect.DelegatingMethodAccessorImpl.invoke(DelegatingMethodAccessorImpl.java:43)
	at java.lang.reflect.Method.invoke(Method.java:498)
	at org.apache.maven.surefire.booter.ProviderFactory$ClassLoaderProxy.invoke(ProviderFactory.java:103)
	at com.sun.proxy.$Proxy0.invoke(Unknown Source)
	at org.apache.maven.surefire.booter.SurefireStarter.invokeProvider(SurefireStarter.java:145)
	at org.apache.maven.surefire.booter.SurefireStarter.runSuitesInProcess(SurefireStarter.java:87)
	at org.apache.maven.surefire.booter.ForkedBooter.main(ForkedBooter.java:69)
Caused by: org.h2.jdbc.JdbcSQLException: Syntax error in SQL statement &quot;SELECT DISTINCT RES.* 
       
    FROM ACT_RU_TASK RES
     
     
     
     
    
     
     
     
      
   
    
     ORDER BY  ORDER[*] BY RES.ID_ ASC  
    LIMIT ? OFFSET ? &quot;; expected &quot;=, NOT, EXISTS, INTERSECTS, SELECT, FROM&quot;; SQL statement:
select distinct RES.* 
       
    from ACT_RU_TASK RES
     
     
     
     
    
     
     
     
      
   
    
     order by  order by RES.ID_ asc  
    LIMIT ? OFFSET ? [42001-176]
	at org.h2.message.DbException.getJdbcSQLException(DbException.java:344)
	at org.h2.message.DbException.getSyntaxError(DbException.java:204)
	at org.h2.command.Parser.getSyntaxError(Parser.java:524)
	at org.h2.command.Parser.readTerm(Parser.java:2688)
	at org.h2.command.Parser.readFactor(Parser.java:2244)
	at org.h2.command.Parser.readSum(Parser.java:2231)
	at org.h2.command.Parser.readConcat(Parser.java:2201)
	at org.h2.command.Parser.readCondition(Parser.java:2051)
	at org.h2.command.Parser.readAnd(Parser.java:2023)
	at org.h2.command.Parser.readExpression(Parser.java:2015)
	at org.h2.command.Parser.parseEndOfQuery(Parser.java:1726)
	at org.h2.command.Parser.parseSelectUnionExtension(Parser.java:1706)
	at org.h2.command.Parser.parseSelectUnion(Parser.java:1675)
	at org.h2.command.Parser.parseSelect(Parser.java:1662)
	at org.h2.command.Parser.parsePrepared(Parser.java:434)
	at org.h2.command.Parser.parse(Parser.java:306)
	at org.h2.command.Parser.parse(Parser.java:282)
	at org.h2.command.Parser.prepareCommand(Parser.java:243)
	at org.h2.engine.Session.prepareLocal(Session.java:442)
	at org.h2.engine.Session.prepareCommand(Session.java:384)
	at org.h2.jdbc.JdbcConnection.prepareCommand(JdbcConnection.java:1188)
	at org.h2.jdbc.JdbcPreparedStatement.&lt;init&gt;(JdbcPreparedStatement.java:73)
	at org.h2.jdbc.JdbcConnection.prepareStatement(JdbcConnection.java:276)
	at sun.reflect.GeneratedMethodAccessor6.invoke(Unknown Source)
	at sun.reflect.DelegatingMethodAccessorImpl.invoke(DelegatingMethodAccessorImpl.java:43)
	at java.lang.reflect.Method.invoke(Method.java:498)
	at org.apache.ibatis.datasource.pooled.PooledConnection.invoke(PooledConnection.java:245)
	at com.sun.proxy.$Proxy12.prepareStatement(Unknown Source)
	at sun.reflect.GeneratedMethodAccessor6.invoke(Unknown Source)
	at sun.reflect.DelegatingMethodAccessorImpl.invoke(DelegatingMethodAccessorImpl.java:43)
	at java.lang.reflect.Method.invoke(Method.java:498)
	at org.apache.ibatis.logging.jdbc.ConnectionLogger.invoke(ConnectionLogger.java:55)
	at com.sun.proxy.$Proxy12.prepareStatement(Unknown Source)
	at org.apache.ibatis.executor.statement.PreparedStatementHandler.instantiateStatement(PreparedStatementHandler.java:79)
	at org.apache.ibatis.executor.statement.BaseStatementHandler.prepare(BaseStatementHandler.java:88)
	at org.apache.ibatis.executor.statement.RoutingStatementHandler.prepare(RoutingStatementHandler.java:58)
	at org.apache.ibatis.executor.SimpleExecutor.prepareStatement(SimpleExecutor.java:76)
	at org.apache.ibatis.executor.SimpleExecutor.doQuery(SimpleExecutor.java:61)
	at org.apache.ibatis.executor.BaseExecutor.queryFromDatabase(BaseExecutor.java:303)
	at org.apache.ibatis.executor.BaseExecutor.query(BaseExecutor.java:154)
	at org.apache.ibatis.executor.CachingExecutor.query(CachingExecutor.java:102)
	at org.apache.ibatis.executor.CachingExecutor.query(CachingExecutor.java:82)
	at org.apache.ibatis.session.defaults.DefaultSqlSession.selectList(DefaultSqlSession.java:120)
	... 40 more
10:45:10,965 [main] DEBUG org.activiti.engine.impl.cfg.standalone.StandaloneMybatisTransactionContext  - firing event rolling back...
10:45:10,965 [main] DEBUG org.activiti.engine.impl.cfg.standalone.StandaloneMybatisTransactionContext  - rolling back ibatis sql session...
10:45:10,965 [main] DEBUG org.activiti.engine.impl.cfg.standalone.StandaloneMybatisTransactionContext  - firing event rolled back...
10:45:10,965 [main] DEBUG org.apache.ibatis.transaction.jdbc.JdbcTransaction  - Resetting autocommit to true on JDBC Connection [conn4: url=jdbc:h2:mem:activiti user=SA]
10:45:10,965 [main] DEBUG org.apache.ibatis.transaction.jdbc.JdbcTransaction  - Closing JDBC Connection [conn4: url=jdbc:h2:mem:activiti user=SA]
10:45:10,965 [main] DEBUG org.apache.ibatis.datasource.pooled.PooledDataSource  - Returned connection 297240765 to pool.
10:45:10,965 [main] DEBUG org.activiti.engine.impl.interceptor.LogInterceptor  - --- TaskQueryImpl finished --------------------------------------------------------
10:45:10,965 [main] DEBUG org.activiti.engine.impl.interceptor.LogInterceptor  - 

10:45:10,965 [main] ERROR org.activiti.engine.impl.test.PvmTestCase  - 

10:45:10,965 [main] ERROR org.activiti.engine.impl.test.PvmTestCase  - EXCEPTION: org.apache.ibatis.exceptions.PersistenceException: 
### Error querying database.  Cause: org.h2.jdbc.JdbcSQLException: Syntax error in SQL statement &quot;SELECT DISTINCT RES.* 
       
    FROM ACT_RU_TASK RES
     
     
     
     
    
     
     
     
      
   
    
     ORDER BY  ORDER[*] BY RES.ID_ ASC  
    LIMIT ? OFFSET ? &quot;; expected &quot;=, NOT, EXISTS, INTERSECTS, SELECT, FROM&quot;; SQL statement:
select distinct RES.* 
       
    from ACT_RU_TASK RES
     
     
     
     
    
     
     
     
      
   
    
     order by  order by RES.ID_ asc  
    LIMIT ? OFFSET ? [42001-176]
### The error may exist in org/activiti/db/mapping/entity/Task.xml
### The error may involve org.activiti.engine.impl.persistence.entity.TaskEntity.selectTaskByQueryCriteria
### The error occurred while executing a query
### SQL: select distinct RES.*              from ACT_RU_TASK RES                                                                     order by  order by RES.ID_ asc       LIMIT ? OFFSET ?
### Cause: org.h2.jdbc.JdbcSQLException: Syntax error in SQL statement &quot;SELECT DISTINCT RES.* 
       
    FROM ACT_RU_TASK RES
     
     
     
     
    
     
     
     
      
   
    
     ORDER BY  ORDER[*] BY RES.ID_ ASC  
    LIMIT ? OFFSET ? &quot;; expected &quot;=, NOT, EXISTS, INTERSECTS, SELECT, FROM&quot;; SQL statement:
select distinct RES.* 
       
    from ACT_RU_TASK RES
     
     
     
     
    
     
     
     
      
   
    
     order by  order by RES.ID_ asc  
    LIMIT ? OFFSET ? [42001-176]
org.apache.ibatis.exceptions.PersistenceException: 
### Error querying database.  Cause: org.h2.jdbc.JdbcSQLException: Syntax error in SQL statement &quot;SELECT DISTINCT RES.* 
       
    FROM ACT_RU_TASK RES
     
     
     
     
    
     
     
     
      
   
    
     ORDER BY  ORDER[*] BY RES.ID_ ASC  
    LIMIT ? OFFSET ? &quot;; expected &quot;=, NOT, EXISTS, INTERSECTS, SELECT, FROM&quot;; SQL statement:
select distinct RES.* 
       
    from ACT_RU_TASK RES
     
     
     
     
    
     
     
     
      
   
    
     order by  order by RES.ID_ asc  
    LIMIT ? OFFSET ? [42001-176]
### The error may exist in org/activiti/db/mapping/entity/Task.xml
### The error may involve org.activiti.engine.impl.persistence.entity.TaskEntity.selectTaskByQueryCriteria
### The error occurred while executing a query
### SQL: select distinct RES.*              from ACT_RU_TASK RES                                                                     order by  order by RES.ID_ asc       LIMIT ? OFFSET ?
### Cause: org.h2.jdbc.JdbcSQLException: Syntax error in SQL statement &quot;SELECT DISTINCT RES.* 
       
    FROM ACT_RU_TASK RES
     
     
     
     
    
     
     
     
      
   
    
     ORDER BY  ORDER[*] BY RES.ID_ ASC  
    LIMIT ? OFFSET ? &quot;; expected &quot;=, NOT, EXISTS, INTERSECTS, SELECT, FROM&quot;; SQL statement:
select distinct RES.* 
       
    from ACT_RU_TASK RES
     
     
     
     
    
     
     
     
      
   
    
     order by  order by RES.ID_ asc  
    LIMIT ? OFFSET ? [42001-176]
	at org.apache.ibatis.exceptions.ExceptionFactory.wrapException(ExceptionFactory.java:30)
	at org.apache.ibatis.session.defaults.DefaultSqlSession.selectList(DefaultSqlSession.java:122)
	at org.apache.ibatis.session.defaults.DefaultSqlSession.selectList(DefaultSqlSession.java:113)
	at org.activiti.engine.impl.db.DbSqlSession.selectListWithRawParameter(DbSqlSession.java:438)
	at org.activiti.engine.impl.db.DbSqlSession.selectList(DbSqlSession.java:429)
	at org.activiti.engine.impl.persistence.entity.TaskEntityManager.findTasksByQueryCriteria(TaskEntityManager.java:135)
	at org.activiti.engine.impl.TaskQueryImpl.executeList(TaskQueryImpl.java:1256)
	at org.activiti.engine.impl.AbstractQuery.execute(AbstractQuery.java:168)
	at org.activiti.engine.impl.interceptor.CommandInvoker.execute(CommandInvoker.java:24)
	at org.activiti.engine.impl.interceptor.CommandContextInterceptor.execute(CommandContextInterceptor.java:57)
	at org.activiti.engine.impl.interceptor.LogInterceptor.execute(LogInterceptor.java:37)
	at org.activiti.engine.impl.cfg.CommandExecutorImpl.execute(CommandExecutorImpl.java:40)
	at org.activiti.engine.impl.cfg.CommandExecutorImpl.execute(CommandExecutorImpl.java:35)
	at org.activiti.engine.impl.AbstractQuery.listPage(AbstractQuery.java:149)
	at org.activiti.engine.test.api.task.SubTaskQueryTest.testQueryWithPagination(SubTaskQueryTest.java:75)
	at sun.reflect.NativeMethodAccessorImpl.invoke0(Native Method)
	at sun.reflect.NativeMethodAccessorImpl.invoke(NativeMethodAccessorImpl.java:62)
	at sun.reflect.DelegatingMethodAccessorImpl.invoke(DelegatingMethodAccessorImpl.java:43)
	at java.lang.reflect.Method.invoke(Method.java:498)
	at junit.framework.TestCase.runTest(TestCase.java:176)
	at org.activiti.engine.impl.test.PvmTestCase.runTest(PvmTestCase.java:65)
	at junit.framework.TestCase.runBare(TestCase.java:141)
	at org.activiti.engine.impl.test.AbstractActivitiTestCase.runBare(AbstractActivitiTestCase.java:100)
	at junit.framework.TestResult$1.protect(TestResult.java:122)
	at junit.framework.TestResult.runProtected(TestResult.java:142)
	at junit.framework.TestResult.run(TestResult.java:125)
	at junit.framework.TestCase.run(TestCase.java:129)
	at junit.framework.TestSuite.runTest(TestSuite.java:255)
	at junit.framework.TestSuite.run(TestSuite.java:250)
	at org.junit.internal.runners.JUnit38ClassRunner.run(JUnit38ClassRunner.java:84)
	at org.apache.maven.surefire.junit4.JUnit4TestSet.execute(JUnit4TestSet.java:35)
	at org.apache.maven.surefire.junit4.JUnit4Provider.executeTestSet(JUnit4Provider.java:146)
	at org.apache.maven.surefire.junit4.JUnit4Provider.invoke(JUnit4Provider.java:97)
	at sun.reflect.NativeMethodAccessorImpl.invoke0(Native Method)
	at sun.reflect.NativeMethodAccessorImpl.invoke(NativeMethodAccessorImpl.java:62)
	at sun.reflect.DelegatingMethodAccessorImpl.invoke(DelegatingMethodAccessorImpl.java:43)
	at java.lang.reflect.Method.invoke(Method.java:498)
	at org.apache.maven.surefire.booter.ProviderFactory$ClassLoaderProxy.invoke(ProviderFactory.java:103)
	at com.sun.proxy.$Proxy0.invoke(Unknown Source)
	at org.apache.maven.surefire.booter.SurefireStarter.invokeProvider(SurefireStarter.java:145)
	at org.apache.maven.surefire.booter.SurefireStarter.runSuitesInProcess(SurefireStarter.java:87)
	at org.apache.maven.surefire.booter.ForkedBooter.main(ForkedBooter.java:69)
Caused by: org.h2.jdbc.JdbcSQLException: Syntax error in SQL statement &quot;SELECT DISTINCT RES.* 
       
    FROM ACT_RU_TASK RES
     
     
     
     
    
     
     
     
      
   
    
     ORDER BY  ORDER[*] BY RES.ID_ ASC  
    LIMIT ? OFFSET ? &quot;; expected &quot;=, NOT, EXISTS, INTERSECTS, SELECT, FROM&quot;; SQL statement:
select distinct RES.* 
       
    from ACT_RU_TASK RES
     
     
     
     
    
     
     
     
      
   
    
     order by  order by RES.ID_ asc  
    LIMIT ? OFFSET ? [42001-176]
	at org.h2.message.DbException.getJdbcSQLException(DbException.java:344)
	at org.h2.message.DbException.getSyntaxError(DbException.java:204)
	at org.h2.command.Parser.getSyntaxError(Parser.java:524)
	at org.h2.command.Parser.readTerm(Parser.java:2688)
	at org.h2.command.Parser.readFactor(Parser.java:2244)
	at org.h2.command.Parser.readSum(Parser.java:2231)
	at org.h2.command.Parser.readConcat(Parser.java:2201)
	at org.h2.command.Parser.readCondition(Parser.java:2051)
	at org.h2.command.Parser.readAnd(Parser.java:2023)
	at org.h2.command.Parser.readExpression(Parser.java:2015)
	at org.h2.command.Parser.parseEndOfQuery(Parser.java:1726)
	at org.h2.command.Parser.parseSelectUnionExtension(Parser.java:1706)
	at org.h2.command.Parser.parseSelectUnion(Parser.java:1675)
	at org.h2.command.Parser.parseSelect(Parser.java:1662)
	at org.h2.command.Parser.parsePrepared(Parser.java:434)
	at org.h2.command.Parser.parse(Parser.java:306)
	at org.h2.command.Parser.parse(Parser.java:282)
	at org.h2.command.Parser.prepareCommand(Parser.java:243)
	at org.h2.engine.Session.prepareLocal(Session.java:442)
	at org.h2.engine.Session.prepareCommand(Session.java:384)
	at org.h2.jdbc.JdbcConnection.prepareCommand(JdbcConnection.java:1188)
	at org.h2.jdbc.JdbcPreparedStatement.&lt;init&gt;(JdbcPreparedStatement.java:73)
	at org.h2.jdbc.JdbcConnection.prepareStatement(JdbcConnection.java:276)
	at sun.reflect.GeneratedMethodAccessor6.invoke(Unknown Source)
	at sun.reflect.DelegatingMethodAccessorImpl.invoke(DelegatingMethodAccessorImpl.java:43)
	at java.lang.reflect.Method.invoke(Method.java:498)
	at org.apache.ibatis.datasource.pooled.PooledConnection.invoke(PooledConnection.java:245)
	at com.sun.proxy.$Proxy12.prepareStatement(Unknown Source)
	at sun.reflect.GeneratedMethodAccessor6.invoke(Unknown Source)
	at sun.reflect.DelegatingMethodAccessorImpl.invoke(DelegatingMethodAccessorImpl.java:43)
	at java.lang.reflect.Method.invoke(Method.java:498)
	at org.apache.ibatis.logging.jdbc.ConnectionLogger.invoke(ConnectionLogger.java:55)
	at com.sun.proxy.$Proxy12.prepareStatement(Unknown Source)
	at org.apache.ibatis.executor.statement.PreparedStatementHandler.instantiateStatement(PreparedStatementHandler.java:79)
	at org.apache.ibatis.executor.statement.BaseStatementHandler.prepare(BaseStatementHandler.java:88)
	at org.apache.ibatis.executor.statement.RoutingStatementHandler.prepare(RoutingStatementHandler.java:58)
	at org.apache.ibatis.executor.SimpleExecutor.prepareStatement(SimpleExecutor.java:76)
	at org.apache.ibatis.executor.SimpleExecutor.doQuery(SimpleExecutor.java:61)
	at org.apache.ibatis.executor.BaseExecutor.queryFromDatabase(BaseExecutor.java:303)
	at org.apache.ibatis.executor.BaseExecutor.query(BaseExecutor.java:154)
	at org.apache.ibatis.executor.CachingExecutor.query(CachingExecutor.java:102)
	at org.apache.ibatis.executor.CachingExecutor.query(CachingExecutor.java:82)
	at org.apache.ibatis.session.defaults.DefaultSqlSession.selectList(DefaultSqlSession.java:120)
	... 40 more
10:45:10,965 [main] DEBUG org.activiti.engine.impl.test.PvmTestCase  - #### END SubTaskQueryTest.testQueryWithPagination #############################################################
10:45:10,965 [main] DEBUG org.activiti.engine.impl.interceptor.LogInterceptor  - 

10:45:10,965 [main] DEBUG org.activiti.engine.impl.interceptor.LogInterceptor  - --- starting DeleteGroupCmd --------------------------------------------------------
10:45:10,965 [main] DEBUG org.apache.ibatis.transaction.jdbc.JdbcTransaction  - Opening JDBC Connection
10:45:10,965 [main] DEBUG org.apache.ibatis.datasource.pooled.PooledDataSource  - Checked out connection 486346394 from pool.
10:45:10,965 [main] DEBUG org.apache.ibatis.transaction.jdbc.JdbcTransaction  - Setting autocommit to false on JDBC Connection [conn6: url=jdbc:h2:mem:activiti user=SA]
10:45:10,965 [main] DEBUG org.activiti.engine.impl.persistence.entity.GroupEntity.selectGroup  - ==&gt;  Preparing: select * from ACT_ID_GROUP where ID_ = ? 
10:45:10,965 [main] DEBUG org.activiti.engine.impl.persistence.entity.GroupEntity.selectGroup  - ==&gt; Parameters: accountancy(String)
10:45:10,965 [main] DEBUG org.activiti.engine.impl.persistence.entity.GroupEntity.selectGroup  - &lt;==      Total: 1
10:45:10,965 [main] DEBUG org.activiti.engine.impl.db.DbSqlSession  -   bulk delete: deleteMembershipsByGroupId(accountancy)
10:45:10,965 [main] DEBUG org.activiti.engine.impl.db.DbSqlSession  -   delete org.activiti.engine.impl.persistence.entity.GroupEntity@6dae5562
10:45:10,965 [main] DEBUG org.activiti.engine.impl.db.DbSqlSession  - flush summary: 0 insert, 0 update, 2 delete.
10:45:10,965 [main] DEBUG org.activiti.engine.impl.db.DbSqlSession  - now executing flush...
10:45:10,965 [main] DEBUG org.activiti.engine.impl.db.DbSqlSession  - executing: bulk delete: deleteMembershipsByGroupId(accountancy)
10:45:10,965 [main] DEBUG org.activiti.engine.impl.persistence.entity.MembershipRelation.deleteMembershipsByGroupId  - ==&gt;  Preparing: delete from ACT_ID_MEMBERSHIP where GROUP_ID_ = ? 
10:45:10,965 [main] DEBUG org.activiti.engine.impl.persistence.entity.MembershipRelation.deleteMembershipsByGroupId  - ==&gt; Parameters: accountancy(String)
10:45:10,965 [main] DEBUG org.activiti.engine.impl.persistence.entity.MembershipRelation.deleteMembershipsByGroupId  - &lt;==    Updates: 1
10:45:10,965 [main] DEBUG org.activiti.engine.impl.db.DbSqlSession  - executing: delete org.activiti.engine.impl.persistence.entity.GroupEntity@6dae5562
10:45:10,965 [main] DEBUG org.activiti.engine.impl.persistence.entity.GroupEntity.deleteGroup  - ==&gt;  Preparing: delete from ACT_ID_GROUP where ID_ = ? and REV_ = ? 
10:45:10,965 [main] DEBUG org.activiti.engine.impl.persistence.entity.GroupEntity.deleteGroup  - ==&gt; Parameters: accountancy(String), 1(Integer)
10:45:10,965 [main] DEBUG org.activiti.engine.impl.persistence.entity.GroupEntity.deleteGroup  - &lt;==    Updates: 1
10:45:10,965 [main] DEBUG org.activiti.engine.impl.cfg.standalone.StandaloneMybatisTransactionContext  - firing event committing...
10:45:10,965 [main] DEBUG org.activiti.engine.impl.cfg.standalone.StandaloneMybatisTransactionContext  - committing the ibatis sql session...
10:45:10,965 [main] DEBUG org.apache.ibatis.transaction.jdbc.JdbcTransaction  - Committing JDBC Connection [conn6: url=jdbc:h2:mem:activiti user=SA]
10:45:10,965 [main] DEBUG org.activiti.engine.impl.cfg.standalone.StandaloneMybatisTransactionContext  - firing event committed...
10:45:10,965 [main] DEBUG org.apache.ibatis.transaction.jdbc.JdbcTransaction  - Resetting autocommit to true on JDBC Connection [conn6: url=jdbc:h2:mem:activiti user=SA]
10:45:10,965 [main] DEBUG org.apache.ibatis.transaction.jdbc.JdbcTransaction  - Closing JDBC Connection [conn6: url=jdbc:h2:mem:activiti user=SA]
10:45:10,965 [main] DEBUG org.apache.ibatis.datasource.pooled.PooledDataSource  - Returned connection 486346394 to pool.
10:45:10,965 [main] DEBUG org.activiti.engine.impl.interceptor.LogInterceptor  - --- DeleteGroupCmd finished --------------------------------------------------------
10:45:10,965 [main] DEBUG org.activiti.engine.impl.interceptor.LogInterceptor  - 

10:45:10,965 [main] DEBUG org.activiti.engine.impl.interceptor.LogInterceptor  - 

10:45:10,965 [main] DEBUG org.activiti.engine.impl.interceptor.LogInterceptor  - --- starting DeleteGroupCmd --------------------------------------------------------
10:45:10,965 [main] DEBUG org.apache.ibatis.transaction.jdbc.JdbcTransaction  - Opening JDBC Connection
10:45:10,965 [main] DEBUG org.apache.ibatis.datasource.pooled.PooledDataSource  - Checked out connection 180014677 from pool.
10:45:10,965 [main] DEBUG org.apache.ibatis.transaction.jdbc.JdbcTransaction  - Setting autocommit to false on JDBC Connection [conn3: url=jdbc:h2:mem:activiti user=SA]
10:45:10,965 [main] DEBUG org.activiti.engine.impl.persistence.entity.GroupEntity.selectGroup  - ==&gt;  Preparing: select * from ACT_ID_GROUP where ID_ = ? 
10:45:10,965 [main] DEBUG org.activiti.engine.impl.persistence.entity.GroupEntity.selectGroup  - ==&gt; Parameters: management(String)
10:45:10,965 [main] DEBUG org.activiti.engine.impl.persistence.entity.GroupEntity.selectGroup  - &lt;==      Total: 1
10:45:10,965 [main] DEBUG org.activiti.engine.impl.db.DbSqlSession  -   bulk delete: deleteMembershipsByGroupId(management)
10:45:10,965 [main] DEBUG org.activiti.engine.impl.db.DbSqlSession  -   delete org.activiti.engine.impl.persistence.entity.GroupEntity@1cc5d8a9
10:45:10,965 [main] DEBUG org.activiti.engine.impl.db.DbSqlSession  - flush summary: 0 insert, 0 update, 2 delete.
10:45:10,965 [main] DEBUG org.activiti.engine.impl.db.DbSqlSession  - now executing flush...
10:45:10,965 [main] DEBUG org.activiti.engine.impl.db.DbSqlSession  - executing: bulk delete: deleteMembershipsByGroupId(management)
10:45:10,965 [main] DEBUG org.activiti.engine.impl.persistence.entity.MembershipRelation.deleteMembershipsByGroupId  - ==&gt;  Preparing: delete from ACT_ID_MEMBERSHIP where GROUP_ID_ = ? 
10:45:10,965 [main] DEBUG org.activiti.engine.impl.persistence.entity.MembershipRelation.deleteMembershipsByGroupId  - ==&gt; Parameters: management(String)
10:45:10,965 [main] DEBUG org.activiti.engine.impl.persistence.entity.MembershipRelation.deleteMembershipsByGroupId  - &lt;==    Updates: 1
10:45:10,965 [main] DEBUG org.activiti.engine.impl.db.DbSqlSession  - executing: delete org.activiti.engine.impl.persistence.entity.GroupEntity@1cc5d8a9
10:45:10,965 [main] DEBUG org.activiti.engine.impl.persistence.entity.GroupEntity.deleteGroup  - ==&gt;  Preparing: delete from ACT_ID_GROUP where ID_ = ? and REV_ = ? 
10:45:10,965 [main] DEBUG org.activiti.engine.impl.persistence.entity.GroupEntity.deleteGroup  - ==&gt; Parameters: management(String), 1(Integer)
10:45:10,965 [main] DEBUG org.activiti.engine.impl.persistence.entity.GroupEntity.deleteGroup  - &lt;==    Updates: 1
10:45:10,965 [main] DEBUG org.activiti.engine.impl.cfg.standalone.StandaloneMybatisTransactionContext  - firing event committing...
10:45:10,965 [main] DEBUG org.activiti.engine.impl.cfg.standalone.StandaloneMybatisTransactionContext  - committing the ibatis sql session...
10:45:10,965 [main] DEBUG org.apache.ibatis.transaction.jdbc.JdbcTransaction  - Committing JDBC Connection [conn3: url=jdbc:h2:mem:activiti user=SA]
10:45:10,965 [main] DEBUG org.activiti.engine.impl.cfg.standalone.StandaloneMybatisTransactionContext  - firing event committed...
10:45:10,965 [main] DEBUG org.apache.ibatis.transaction.jdbc.JdbcTransaction  - Resetting autocommit to true on JDBC Connection [conn3: url=jdbc:h2:mem:activiti user=SA]
10:45:10,965 [main] DEBUG org.apache.ibatis.transaction.jdbc.JdbcTransaction  - Closing JDBC Connection [conn3: url=jdbc:h2:mem:activiti user=SA]
10:45:10,965 [main] DEBUG org.apache.ibatis.datasource.pooled.PooledDataSource  - Returned connection 180014677 to pool.
10:45:10,965 [main] DEBUG org.activiti.engine.impl.interceptor.LogInterceptor  - --- DeleteGroupCmd finished --------------------------------------------------------
10:45:10,965 [main] DEBUG org.activiti.engine.impl.interceptor.LogInterceptor  - 

10:45:10,965 [main] DEBUG org.activiti.engine.impl.interceptor.LogInterceptor  - 

10:45:10,965 [main] DEBUG org.activiti.engine.impl.interceptor.LogInterceptor  - --- starting DeleteUserCmd --------------------------------------------------------
10:45:10,965 [main] DEBUG org.apache.ibatis.transaction.jdbc.JdbcTransaction  - Opening JDBC Connection
10:45:10,965 [main] DEBUG org.apache.ibatis.datasource.pooled.PooledDataSource  - Checked out connection 363509958 from pool.
10:45:10,965 [main] DEBUG org.apache.ibatis.transaction.jdbc.JdbcTransaction  - Setting autocommit to false on JDBC Connection [conn2: url=jdbc:h2:mem:activiti user=SA]
10:45:10,965 [main] DEBUG org.activiti.engine.impl.persistence.entity.UserEntity.selectUserById  - ==&gt;  Preparing: select * from ACT_ID_USER where ID_ = ? 
10:45:10,965 [main] DEBUG org.activiti.engine.impl.persistence.entity.UserEntity.selectUserById  - ==&gt; Parameters: gonzo(String)
10:45:10,965 [main] DEBUG org.activiti.engine.impl.persistence.entity.UserEntity.selectUserById  - &lt;==      Total: 1
10:45:10,965 [main] DEBUG org.activiti.engine.impl.persistence.entity.IdentityInfoEntity.selectIdentityInfoByUserId  - ==&gt;  Preparing: select * from ACT_ID_INFO where USER_ID_ = ? 
10:45:10,965 [main] DEBUG org.activiti.engine.impl.persistence.entity.IdentityInfoEntity.selectIdentityInfoByUserId  - ==&gt; Parameters: gonzo(String)
10:45:10,965 [main] DEBUG org.activiti.engine.impl.persistence.entity.IdentityInfoEntity.selectIdentityInfoByUserId  - &lt;==      Total: 0
10:45:10,965 [main] DEBUG org.activiti.engine.impl.db.DbSqlSession  -   bulk delete: deleteMembershipsByUserId(gonzo)
10:45:10,965 [main] DEBUG org.activiti.engine.impl.db.DbSqlSession  -   delete org.activiti.engine.impl.persistence.entity.UserEntity@4ec28534
10:45:10,965 [main] DEBUG org.activiti.engine.impl.db.DbSqlSession  - flush summary: 0 insert, 0 update, 2 delete.
10:45:10,965 [main] DEBUG org.activiti.engine.impl.db.DbSqlSession  - now executing flush...
10:45:10,965 [main] DEBUG org.activiti.engine.impl.db.DbSqlSession  - executing: bulk delete: deleteMembershipsByUserId(gonzo)
10:45:10,965 [main] DEBUG org.activiti.engine.impl.persistence.entity.MembershipRelation.deleteMembershipsByUserId  - ==&gt;  Preparing: delete from ACT_ID_MEMBERSHIP where USER_ID_ = ? 
10:45:10,965 [main] DEBUG org.activiti.engine.impl.persistence.entity.MembershipRelation.deleteMembershipsByUserId  - ==&gt; Parameters: gonzo(String)
10:45:10,965 [main] DEBUG org.activiti.engine.impl.persistence.entity.MembershipRelation.deleteMembershipsByUserId  - &lt;==    Updates: 0
10:45:10,965 [main] DEBUG org.activiti.engine.impl.db.DbSqlSession  - executing: delete org.activiti.engine.impl.persistence.entity.UserEntity@4ec28534
10:45:10,965 [main] DEBUG org.activiti.engine.impl.persistence.entity.UserEntity.deleteUser  - ==&gt;  Preparing: delete from ACT_ID_USER where ID_ = ? and REV_ = ? 
10:45:10,965 [main] DEBUG org.activiti.engine.impl.persistence.entity.UserEntity.deleteUser  - ==&gt; Parameters: gonzo(String), 1(Integer)
10:45:10,966 [main] DEBUG org.activiti.engine.impl.persistence.entity.UserEntity.deleteUser  - &lt;==    Updates: 1
10:45:10,966 [main] DEBUG org.activiti.engine.impl.cfg.standalone.StandaloneMybatisTransactionContext  - firing event committing...
10:45:10,966 [main] DEBUG org.activiti.engine.impl.cfg.standalone.StandaloneMybatisTransactionContext  - committing the ibatis sql session...
10:45:10,966 [main] DEBUG org.apache.ibatis.transaction.jdbc.JdbcTransaction  - Committing JDBC Connection [conn2: url=jdbc:h2:mem:activiti user=SA]
10:45:10,966 [main] DEBUG org.activiti.engine.impl.cfg.standalone.StandaloneMybatisTransactionContext  - firing event committed...
10:45:10,966 [main] DEBUG org.apache.ibatis.transaction.jdbc.JdbcTransaction  - Resetting autocommit to true on JDBC Connection [conn2: url=jdbc:h2:mem:activiti user=SA]
10:45:10,966 [main] DEBUG org.apache.ibatis.transaction.jdbc.JdbcTransaction  - Closing JDBC Connection [conn2: url=jdbc:h2:mem:activiti user=SA]
10:45:10,966 [main] DEBUG org.apache.ibatis.datasource.pooled.PooledDataSource  - Returned connection 363509958 to pool.
10:45:10,966 [main] DEBUG org.activiti.engine.impl.interceptor.LogInterceptor  - --- DeleteUserCmd finished --------------------------------------------------------
10:45:10,966 [main] DEBUG org.activiti.engine.impl.interceptor.LogInterceptor  - 

10:45:10,966 [main] DEBUG org.activiti.engine.impl.interceptor.LogInterceptor  - 

10:45:10,966 [main] DEBUG org.activiti.engine.impl.interceptor.LogInterceptor  - --- starting DeleteUserCmd --------------------------------------------------------
10:45:10,966 [main] DEBUG org.apache.ibatis.transaction.jdbc.JdbcTransaction  - Opening JDBC Connection
10:45:10,966 [main] DEBUG org.apache.ibatis.datasource.pooled.PooledDataSource  - Checked out connection 297240765 from pool.
10:45:10,966 [main] DEBUG org.apache.ibatis.transaction.jdbc.JdbcTransaction  - Setting autocommit to false on JDBC Connection [conn4: url=jdbc:h2:mem:activiti user=SA]
10:45:10,966 [main] DEBUG org.activiti.engine.impl.persistence.entity.UserEntity.selectUserById  - ==&gt;  Preparing: select * from ACT_ID_USER where ID_ = ? 
10:45:10,966 [main] DEBUG org.activiti.engine.impl.persistence.entity.UserEntity.selectUserById  - ==&gt; Parameters: kermit(String)
10:45:10,966 [main] DEBUG org.activiti.engine.impl.persistence.entity.UserEntity.selectUserById  - &lt;==      Total: 1
10:45:10,966 [main] DEBUG org.activiti.engine.impl.persistence.entity.IdentityInfoEntity.selectIdentityInfoByUserId  - ==&gt;  Preparing: select * from ACT_ID_INFO where USER_ID_ = ? 
10:45:10,966 [main] DEBUG org.activiti.engine.impl.persistence.entity.IdentityInfoEntity.selectIdentityInfoByUserId  - ==&gt; Parameters: kermit(String)
10:45:10,966 [main] DEBUG org.activiti.engine.impl.persistence.entity.IdentityInfoEntity.selectIdentityInfoByUserId  - &lt;==      Total: 0
10:45:10,966 [main] DEBUG org.activiti.engine.impl.db.DbSqlSession  -   bulk delete: deleteMembershipsByUserId(kermit)
10:45:10,966 [main] DEBUG org.activiti.engine.impl.db.DbSqlSession  -   delete org.activiti.engine.impl.persistence.entity.UserEntity@921dbcf
10:45:10,966 [main] DEBUG org.activiti.engine.impl.db.DbSqlSession  - flush summary: 0 insert, 0 update, 2 delete.
10:45:10,966 [main] DEBUG org.activiti.engine.impl.db.DbSqlSession  - now executing flush...
10:45:10,966 [main] DEBUG org.activiti.engine.impl.db.DbSqlSession  - executing: bulk delete: deleteMembershipsByUserId(kermit)
10:45:10,966 [main] DEBUG org.activiti.engine.impl.persistence.entity.MembershipRelation.deleteMembershipsByUserId  - ==&gt;  Preparing: delete from ACT_ID_MEMBERSHIP where USER_ID_ = ? 
10:45:10,966 [main] DEBUG org.activiti.engine.impl.persistence.entity.MembershipRelation.deleteMembershipsByUserId  - ==&gt; Parameters: kermit(String)
10:45:10,966 [main] DEBUG org.activiti.engine.impl.persistence.entity.MembershipRelation.deleteMembershipsByUserId  - &lt;==    Updates: 0
10:45:10,966 [main] DEBUG org.activiti.engine.impl.db.DbSqlSession  - executing: delete org.activiti.engine.impl.persistence.entity.UserEntity@921dbcf
10:45:10,966 [main] DEBUG org.activiti.engine.impl.persistence.entity.UserEntity.deleteUser  - ==&gt;  Preparing: delete from ACT_ID_USER where ID_ = ? and REV_ = ? 
10:45:10,966 [main] DEBUG org.activiti.engine.impl.persistence.entity.UserEntity.deleteUser  - ==&gt; Parameters: kermit(String), 1(Integer)
10:45:10,966 [main] DEBUG org.activiti.engine.impl.persistence.entity.UserEntity.deleteUser  - &lt;==    Updates: 1
10:45:10,966 [main] DEBUG org.activiti.engine.impl.cfg.standalone.StandaloneMybatisTransactionContext  - firing event committing...
10:45:10,966 [main] DEBUG org.activiti.engine.impl.cfg.standalone.StandaloneMybatisTransactionContext  - committing the ibatis sql session...
10:45:10,966 [main] DEBUG org.apache.ibatis.transaction.jdbc.JdbcTransaction  - Committing JDBC Connection [conn4: url=jdbc:h2:mem:activiti user=SA]
10:45:10,966 [main] DEBUG org.activiti.engine.impl.cfg.standalone.StandaloneMybatisTransactionContext  - firing event committed...
10:45:10,966 [main] DEBUG org.apache.ibatis.transaction.jdbc.JdbcTransaction  - Resetting autocommit to true on JDBC Connection [conn4: url=jdbc:h2:mem:activiti user=SA]
10:45:10,966 [main] DEBUG org.apache.ibatis.transaction.jdbc.JdbcTransaction  - Closing JDBC Connection [conn4: url=jdbc:h2:mem:activiti user=SA]
10:45:10,966 [main] DEBUG org.apache.ibatis.datasource.pooled.PooledDataSource  - Returned connection 297240765 to pool.
10:45:10,966 [main] DEBUG org.activiti.engine.impl.interceptor.LogInterceptor  - --- DeleteUserCmd finished --------------------------------------------------------
10:45:10,966 [main] DEBUG org.activiti.engine.impl.interceptor.LogInterceptor  - 

10:45:10,966 [main] DEBUG org.activiti.engine.impl.interceptor.LogInterceptor  - 

10:45:10,966 [main] DEBUG org.activiti.engine.impl.interceptor.LogInterceptor  - --- starting DeleteTaskCmd --------------------------------------------------------
10:45:10,966 [main] DEBUG org.apache.ibatis.transaction.jdbc.JdbcTransaction  - Opening JDBC Connection
10:45:10,966 [main] DEBUG org.apache.ibatis.datasource.pooled.PooledDataSource  - Checked out connection 486346394 from pool.
10:45:10,966 [main] DEBUG org.apache.ibatis.transaction.jdbc.JdbcTransaction  - Setting autocommit to false on JDBC Connection [conn6: url=jdbc:h2:mem:activiti user=SA]
10:45:10,966 [main] DEBUG org.activiti.engine.impl.persistence.entity.TaskEntity.selectTask  - ==&gt;  Preparing: select * from ACT_RU_TASK where ID_ = ? 
10:45:10,966 [main] DEBUG org.activiti.engine.impl.persistence.entity.TaskEntity.selectTask  - ==&gt; Parameters: 904(String)
10:45:10,966 [main] DEBUG org.activiti.engine.impl.persistence.entity.TaskEntity.selectTask  - &lt;==      Total: 1
10:45:10,966 [main] DEBUG org.activiti.engine.impl.persistence.entity.TaskEntity.selectTasksByParentTaskId  - ==&gt;  Preparing: select * from ACT_RU_TASK where PARENT_TASK_ID_ = ? 
10:45:10,966 [main] DEBUG org.activiti.engine.impl.persistence.entity.TaskEntity.selectTasksByParentTaskId  - ==&gt; Parameters: 904(String)
10:45:10,966 [main] DEBUG org.activiti.engine.impl.persistence.entity.TaskEntity.selectTasksByParentTaskId  - &lt;==      Total: 2
10:45:10,966 [main] DEBUG org.activiti.engine.impl.persistence.entity.TaskEntity.selectTasksByParentTaskId  - ==&gt;  Preparing: select * from ACT_RU_TASK where PARENT_TASK_ID_ = ? 
10:45:10,966 [main] DEBUG org.activiti.engine.impl.persistence.entity.TaskEntity.selectTasksByParentTaskId  - ==&gt; Parameters: 907(String)
10:45:10,966 [main] DEBUG org.activiti.engine.impl.persistence.entity.TaskEntity.selectTasksByParentTaskId  - &lt;==      Total: 0
10:45:10,966 [main] DEBUG org.activiti.engine.impl.persistence.entity.IdentityLinkEntity.selectIdentityLinksByTask  - ==&gt;  Preparing: select * from ACT_RU_IDENTITYLINK where TASK_ID_ = ? 
10:45:10,966 [main] DEBUG org.activiti.engine.impl.persistence.entity.IdentityLinkEntity.selectIdentityLinksByTask  - ==&gt; Parameters: 907(String)
10:45:10,966 [main] DEBUG org.activiti.engine.impl.persistence.entity.IdentityLinkEntity.selectIdentityLinksByTask  - &lt;==      Total: 1
10:45:10,966 [main] DEBUG org.activiti.engine.impl.persistence.entity.VariableInstanceEntity.selectVariablesByTaskId  - ==&gt;  Preparing: select * from ACT_RU_VARIABLE where TASK_ID_ = ? 
10:45:10,966 [main] DEBUG org.activiti.engine.impl.persistence.entity.VariableInstanceEntity.selectVariablesByTaskId  - ==&gt; Parameters: 907(String)
10:45:10,966 [main] DEBUG org.activiti.engine.impl.persistence.entity.VariableInstanceEntity.selectVariablesByTaskId  - &lt;==      Total: 0
10:45:10,966 [main] DEBUG org.activiti.engine.impl.history.DefaultHistoryManager  - Current history level: FULL
10:45:10,966 [main] DEBUG org.activiti.engine.impl.history.DefaultHistoryManager  - Current history level: FULL
10:45:10,966 [main] DEBUG org.activiti.engine.impl.persistence.entity.HistoricTaskInstanceEntity.selectHistoricTaskInstance  - ==&gt;  Preparing: select * from ACT_HI_TASKINST where ID_ = ? 
10:45:10,966 [main] DEBUG org.activiti.engine.impl.persistence.entity.HistoricTaskInstanceEntity.selectHistoricTaskInstance  - ==&gt; Parameters: 907(String)
10:45:10,966 [main] DEBUG org.activiti.engine.impl.persistence.entity.HistoricTaskInstanceEntity.selectHistoricTaskInstance  - &lt;==      Total: 1
10:45:10,966 [main] DEBUG org.activiti.engine.impl.persistence.entity.HistoricTaskInstanceEntity.selectHistoricTasksByParentTaskId  - ==&gt;  Preparing: select * from ACT_HI_TASKINST where PARENT_TASK_ID_ = ? 
10:45:10,966 [main] DEBUG org.activiti.engine.impl.persistence.entity.HistoricTaskInstanceEntity.selectHistoricTasksByParentTaskId  - ==&gt; Parameters: 907(String)
10:45:10,966 [main] DEBUG org.activiti.engine.impl.persistence.entity.HistoricTaskInstanceEntity.selectHistoricTasksByParentTaskId  - &lt;==      Total: 0
10:45:10,966 [main] DEBUG org.activiti.engine.impl.history.DefaultHistoryManager  - Current history level: FULL, level required: FULL
10:45:10,966 [main] DEBUG org.activiti.engine.impl.persistence.entity.HistoricDetailEntity.selectHistoricDetailsByQueryCriteria  - ==&gt;  Preparing: select RES.* from ACT_HI_DETAIL RES WHERE RES.TASK_ID_ = ? order by order by RES.ID_ asc LIMIT ? OFFSET ? 
10:45:10,966 [main] DEBUG org.activiti.engine.impl.interceptor.CommandContext  - Error while closing command context
org.apache.ibatis.exceptions.PersistenceException: 
### Error querying database.  Cause: org.h2.jdbc.JdbcSQLException: Syntax error in SQL statement &quot;SELECT RES.* 
     
    FROM ACT_HI_DETAIL RES
     WHERE  RES.TASK_ID_ = ? 
   
     ORDER BY  ORDER[*] BY RES.ID_ ASC  
    LIMIT ? OFFSET ? &quot;; expected &quot;=, NOT, EXISTS, INTERSECTS, SELECT, FROM&quot;; SQL statement:
select RES.* 
     
    from ACT_HI_DETAIL RES
     WHERE  RES.TASK_ID_ = ? 
   
     order by  order by RES.ID_ asc  
    LIMIT ? OFFSET ? [42001-176]
### The error may exist in org/activiti/db/mapping/entity/HistoricDetail.xml
### The error may involve org.activiti.engine.impl.persistence.entity.HistoricDetailEntity.selectHistoricDetailsByQueryCriteria
### The error occurred while executing a query
### SQL: select RES.*            from ACT_HI_DETAIL RES      WHERE  RES.TASK_ID_ = ?           order by  order by RES.ID_ asc       LIMIT ? OFFSET ?
### Cause: org.h2.jdbc.JdbcSQLException: Syntax error in SQL statement &quot;SELECT RES.* 
     
    FROM ACT_HI_DETAIL RES
     WHERE  RES.TASK_ID_ = ? 
   
     ORDER BY  ORDER[*] BY RES.ID_ ASC  
    LIMIT ? OFFSET ? &quot;; expected &quot;=, NOT, EXISTS, INTERSECTS, SELECT, FROM&quot;; SQL statement:
select RES.* 
     
    from ACT_HI_DETAIL RES
     WHERE  RES.TASK_ID_ = ? 
   
     order by  order by RES.ID_ asc  
    LIMIT ? OFFSET ? [42001-176]
	at org.apache.ibatis.exceptions.ExceptionFactory.wrapException(ExceptionFactory.java:30)
	at org.apache.ibatis.session.defaults.DefaultSqlSession.selectList(DefaultSqlSession.java:122)
	at org.apache.ibatis.session.defaults.DefaultSqlSession.selectList(DefaultSqlSession.java:113)
	at org.activiti.engine.impl.db.DbSqlSession.selectListWithRawParameter(DbSqlSession.java:438)
	at org.activiti.engine.impl.db.DbSqlSession.selectList(DbSqlSession.java:429)
	at org.activiti.engine.impl.db.DbSqlSession.selectList(DbSqlSession.java:419)
	at org.activiti.engine.impl.persistence.entity.HistoricDetailEntityManager.findHistoricDetailsByQueryCriteria(HistoricDetailEntityManager.java:51)
	at org.activiti.engine.impl.HistoricDetailQueryImpl.executeList(HistoricDetailQueryImpl.java:112)
	at org.activiti.engine.impl.AbstractQuery.list(AbstractQuery.java:140)
	at org.activiti.engine.impl.persistence.entity.HistoricDetailEntityManager.deleteHistoricDetailsByTaskId(HistoricDetailEntityManager.java:58)
	at org.activiti.engine.impl.persistence.entity.HistoricTaskInstanceEntityManager.deleteHistoricTaskInstanceById(HistoricTaskInstanceEntityManager.java:122)
	at org.activiti.engine.impl.persistence.entity.TaskEntityManager.deleteTask(TaskEntityManager.java:91)
	at org.activiti.engine.impl.persistence.entity.TaskEntityManager.deleteTask(TaskEntityManager.java:77)
	at org.activiti.engine.impl.persistence.entity.TaskEntityManager.deleteTask(TaskEntityManager.java:201)
	at org.activiti.engine.impl.cmd.DeleteTaskCmd.deleteTask(DeleteTaskCmd.java:64)
	at org.activiti.engine.impl.cmd.DeleteTaskCmd.execute(DeleteTaskCmd.java:51)
	at org.activiti.engine.impl.cmd.DeleteTaskCmd.execute(DeleteTaskCmd.java:26)
	at org.activiti.engine.impl.interceptor.CommandInvoker.execute(CommandInvoker.java:24)
	at org.activiti.engine.impl.interceptor.CommandContextInterceptor.execute(CommandContextInterceptor.java:57)
	at org.activiti.engine.impl.interceptor.LogInterceptor.execute(LogInterceptor.java:37)
	at org.activiti.engine.impl.cfg.CommandExecutorImpl.execute(CommandExecutorImpl.java:40)
	at org.activiti.engine.impl.cfg.CommandExecutorImpl.execute(CommandExecutorImpl.java:35)
	at org.activiti.engine.impl.TaskServiceImpl.deleteTasks(TaskServiceImpl.java:109)
	at org.activiti.engine.test.api.task.SubTaskQueryTest.tearDown(SubTaskQueryTest.java:51)
	at junit.framework.TestCase.runBare(TestCase.java:146)
	at org.activiti.engine.impl.test.AbstractActivitiTestCase.runBare(AbstractActivitiTestCase.java:100)
	at junit.framework.TestResult$1.protect(TestResult.java:122)
	at junit.framework.TestResult.runProtected(TestResult.java:142)
	at junit.framework.TestResult.run(TestResult.java:125)
	at junit.framework.TestCase.run(TestCase.java:129)
	at junit.framework.TestSuite.runTest(TestSuite.java:255)
	at junit.framework.TestSuite.run(TestSuite.java:250)
	at org.junit.internal.runners.JUnit38ClassRunner.run(JUnit38ClassRunner.java:84)
	at org.apache.maven.surefire.junit4.JUnit4TestSet.execute(JUnit4TestSet.java:35)
	at org.apache.maven.surefire.junit4.JUnit4Provider.executeTestSet(JUnit4Provider.java:146)
	at org.apache.maven.surefire.junit4.JUnit4Provider.invoke(JUnit4Provider.java:97)
	at sun.reflect.NativeMethodAccessorImpl.invoke0(Native Method)
	at sun.reflect.NativeMethodAccessorImpl.invoke(NativeMethodAccessorImpl.java:62)
	at sun.reflect.DelegatingMethodAccessorImpl.invoke(DelegatingMethodAccessorImpl.java:43)
	at java.lang.reflect.Method.invoke(Method.java:498)
	at org.apache.maven.surefire.booter.ProviderFactory$ClassLoaderProxy.invoke(ProviderFactory.java:103)
	at com.sun.proxy.$Proxy0.invoke(Unknown Source)
	at org.apache.maven.surefire.booter.SurefireStarter.invokeProvider(SurefireStarter.java:145)
	at org.apache.maven.surefire.booter.SurefireStarter.runSuitesInProcess(SurefireStarter.java:87)
	at org.apache.maven.surefire.booter.ForkedBooter.main(ForkedBooter.java:69)
Caused by: org.h2.jdbc.JdbcSQLException: Syntax error in SQL statement &quot;SELECT RES.* 
     
    FROM ACT_HI_DETAIL RES
     WHERE  RES.TASK_ID_ = ? 
   
     ORDER BY  ORDER[*] BY RES.ID_ ASC  
    LIMIT ? OFFSET ? &quot;; expected &quot;=, NOT, EXISTS, INTERSECTS, SELECT, FROM&quot;; SQL statement:
select RES.* 
     
    from ACT_HI_DETAIL RES
     WHERE  RES.TASK_ID_ = ? 
   
     order by  order by RES.ID_ asc  
    LIMIT ? OFFSET ? [42001-176]
	at org.h2.message.DbException.getJdbcSQLException(DbException.java:344)
	at org.h2.message.DbException.getSyntaxError(DbException.java:204)
	at org.h2.command.Parser.getSyntaxError(Parser.java:524)
	at org.h2.command.Parser.readTerm(Parser.java:2688)
	at org.h2.command.Parser.readFactor(Parser.java:2244)
	at org.h2.command.Parser.readSum(Parser.java:2231)
	at org.h2.command.Parser.readConcat(Parser.java:2201)
	at org.h2.command.Parser.readCondition(Parser.java:2051)
	at org.h2.command.Parser.readAnd(Parser.java:2023)
	at org.h2.command.Parser.readExpression(Parser.java:2015)
	at org.h2.command.Parser.parseEndOfQuery(Parser.java:1726)
	at org.h2.command.Parser.parseSelectUnionExtension(Parser.java:1706)
	at org.h2.command.Parser.parseSelectUnion(Parser.java:1675)
	at org.h2.command.Parser.parseSelect(Parser.java:1662)
	at org.h2.command.Parser.parsePrepared(Parser.java:434)
	at org.h2.command.Parser.parse(Parser.java:306)
	at org.h2.command.Parser.parse(Parser.java:282)
	at org.h2.command.Parser.prepareCommand(Parser.java:243)
	at org.h2.engine.Session.prepareLocal(Session.java:442)
	at org.h2.engine.Session.prepareCommand(Session.java:384)
	at org.h2.jdbc.JdbcConnection.prepareCommand(JdbcConnection.java:1188)
	at org.h2.jdbc.JdbcPreparedStatement.&lt;init&gt;(JdbcPreparedStatement.java:73)
	at org.h2.jdbc.JdbcConnection.prepareStatement(JdbcConnection.java:276)
	at sun.reflect.GeneratedMethodAccessor6.invoke(Unknown Source)
	at sun.reflect.DelegatingMethodAccessorImpl.invoke(DelegatingMethodAccessorImpl.java:43)
	at java.lang.reflect.Method.invoke(Method.java:498)
	at org.apache.ibatis.datasource.pooled.PooledConnection.invoke(PooledConnection.java:245)
	at com.sun.proxy.$Proxy12.prepareStatement(Unknown Source)
	at sun.reflect.GeneratedMethodAccessor6.invoke(Unknown Source)
	at sun.reflect.DelegatingMethodAccessorImpl.invoke(DelegatingMethodAccessorImpl.java:43)
	at java.lang.reflect.Method.invoke(Method.java:498)
	at org.apache.ibatis.logging.jdbc.ConnectionLogger.invoke(ConnectionLogger.java:55)
	at com.sun.proxy.$Proxy12.prepareStatement(Unknown Source)
	at org.apache.ibatis.executor.statement.PreparedStatementHandler.instantiateStatement(PreparedStatementHandler.java:79)
	at org.apache.ibatis.executor.statement.BaseStatementHandler.prepare(BaseStatementHandler.java:88)
	at org.apache.ibatis.executor.statement.RoutingStatementHandler.prepare(RoutingStatementHandler.java:58)
	at org.apache.ibatis.executor.SimpleExecutor.prepareStatement(SimpleExecutor.java:76)
	at org.apache.ibatis.executor.SimpleExecutor.doQuery(SimpleExecutor.java:61)
	at org.apache.ibatis.executor.BaseExecutor.queryFromDatabase(BaseExecutor.java:303)
	at org.apache.ibatis.executor.BaseExecutor.query(BaseExecutor.java:154)
	at org.apache.ibatis.executor.CachingExecutor.query(CachingExecutor.java:102)
	at org.apache.ibatis.executor.CachingExecutor.query(CachingExecutor.java:82)
	at org.apache.ibatis.session.defaults.DefaultSqlSession.selectList(DefaultSqlSession.java:120)
	... 43 more
10:45:10,967 [main] DEBUG org.activiti.engine.impl.cfg.standalone.StandaloneMybatisTransactionContext  - firing event rolling back...
10:45:10,967 [main] DEBUG org.activiti.engine.impl.cfg.standalone.StandaloneMybatisTransactionContext  - rolling back ibatis sql session...
10:45:10,967 [main] DEBUG org.activiti.engine.impl.cfg.standalone.StandaloneMybatisTransactionContext  - firing event rolled back...
10:45:10,967 [main] DEBUG org.apache.ibatis.transaction.jdbc.JdbcTransaction  - Resetting autocommit to true on JDBC Connection [conn6: url=jdbc:h2:mem:activiti user=SA]
10:45:10,967 [main] DEBUG org.apache.ibatis.transaction.jdbc.JdbcTransaction  - Closing JDBC Connection [conn6: url=jdbc:h2:mem:activiti user=SA]
10:45:10,967 [main] DEBUG org.apache.ibatis.datasource.pooled.PooledDataSource  - Returned connection 486346394 to pool.
10:45:10,967 [main] DEBUG org.activiti.engine.impl.interceptor.LogInterceptor  - --- DeleteTaskCmd finished --------------------------------------------------------
10:45:10,967 [main] DEBUG org.activiti.engine.impl.interceptor.LogInterceptor  - 

10:45:10,967 [main] ERROR org.activiti.engine.impl.test.PvmTestCase  - 

10:45:10,967 [main] ERROR org.activiti.engine.impl.test.PvmTestCase  - EXCEPTION: org.apache.ibatis.exceptions.PersistenceException: 
### Error querying database.  Cause: org.h2.jdbc.JdbcSQLException: Syntax error in SQL statement &quot;SELECT DISTINCT RES.* 
       
    FROM ACT_RU_TASK RES
     
     
     
     
    
     
     
     
      
   
    
     ORDER BY  ORDER[*] BY RES.ID_ ASC  
    LIMIT ? OFFSET ? &quot;; expected &quot;=, NOT, EXISTS, INTERSECTS, SELECT, FROM&quot;; SQL statement:
select distinct RES.* 
       
    from ACT_RU_TASK RES
     
     
     
     
    
     
     
     
      
   
    
     order by  order by RES.ID_ asc  
    LIMIT ? OFFSET ? [42001-176]
### The error may exist in org/activiti/db/mapping/entity/Task.xml
### The error may involve org.activiti.engine.impl.persistence.entity.TaskEntity.selectTaskByQueryCriteria
### The error occurred while executing a query
### SQL: select distinct RES.*              from ACT_RU_TASK RES                                                                     order by  order by RES.ID_ asc       LIMIT ? OFFSET ?
### Cause: org.h2.jdbc.JdbcSQLException: Syntax error in SQL statement &quot;SELECT DISTINCT RES.* 
       
    FROM ACT_RU_TASK RES
     
     
     
     
    
     
     
     
      
   
    
     ORDER BY  ORDER[*] BY RES.ID_ ASC  
    LIMIT ? OFFSET ? &quot;; expected &quot;=, NOT, EXISTS, INTERSECTS, SELECT, FROM&quot;; SQL statement:
select distinct RES.* 
       
    from ACT_RU_TASK RES
     
     
     
     
    
     
     
     
      
   
    
     order by  order by RES.ID_ asc  
    LIMIT ? OFFSET ? [42001-176]
org.apache.ibatis.exceptions.PersistenceException: 
### Error querying database.  Cause: org.h2.jdbc.JdbcSQLException: Syntax error in SQL statement &quot;SELECT DISTINCT RES.* 
       
    FROM ACT_RU_TASK RES
     
     
     
     
    
     
     
     
      
   
    
     ORDER BY  ORDER[*] BY RES.ID_ ASC  
    LIMIT ? OFFSET ? &quot;; expected &quot;=, NOT, EXISTS, INTERSECTS, SELECT, FROM&quot;; SQL statement:
select distinct RES.* 
       
    from ACT_RU_TASK RES
     
     
     
     
    
     
     
     
      
   
    
     order by  order by RES.ID_ asc  
    LIMIT ? OFFSET ? [42001-176]
### The error may exist in org/activiti/db/mapping/entity/Task.xml
### The error may involve org.activiti.engine.impl.persistence.entity.TaskEntity.selectTaskByQueryCriteria
### The error occurred while executing a query
### SQL: select distinct RES.*              from ACT_RU_TASK RES                                                                     order by  order by RES.ID_ asc       LIMIT ? OFFSET ?
### Cause: org.h2.jdbc.JdbcSQLException: Syntax error in SQL statement &quot;SELECT DISTINCT RES.* 
       
    FROM ACT_RU_TASK RES
     
     
     
     
    
     
     
     
      
   
    
     ORDER BY  ORDER[*] BY RES.ID_ ASC  
    LIMIT ? OFFSET ? &quot;; expected &quot;=, NOT, EXISTS, INTERSECTS, SELECT, FROM&quot;; SQL statement:
select distinct RES.* 
       
    from ACT_RU_TASK RES
     
     
     
     
    
     
     
     
      
   
    
     order by  order by RES.ID_ asc  
    LIMIT ? OFFSET ? [42001-176]
	at org.apache.ibatis.exceptions.ExceptionFactory.wrapException(ExceptionFactory.java:30)
	at org.apache.ibatis.session.defaults.DefaultSqlSession.selectList(DefaultSqlSession.java:122)
	at org.apache.ibatis.session.defaults.DefaultSqlSession.selectList(DefaultSqlSession.java:113)
	at org.activiti.engine.impl.db.DbSqlSession.selectListWithRawParameter(DbSqlSession.java:438)
	at org.activiti.engine.impl.db.DbSqlSession.selectList(DbSqlSession.java:429)
	at org.activiti.engine.impl.persistence.entity.TaskEntityManager.findTasksByQueryCriteria(TaskEntityManager.java:135)
	at org.activiti.engine.impl.TaskQueryImpl.executeList(TaskQueryImpl.java:1256)
	at org.activiti.engine.impl.AbstractQuery.execute(AbstractQuery.java:168)
	at org.activiti.engine.impl.interceptor.CommandInvoker.execute(CommandInvoker.java:24)
	at org.activiti.engine.impl.interceptor.CommandContextInterceptor.execute(CommandContextInterceptor.java:57)
	at org.activiti.engine.impl.interceptor.LogInterceptor.execute(LogInterceptor.java:37)
	at org.activiti.engine.impl.cfg.CommandExecutorImpl.execute(CommandExecutorImpl.java:40)
	at org.activiti.engine.impl.cfg.CommandExecutorImpl.execute(CommandExecutorImpl.java:35)
	at org.activiti.engine.impl.AbstractQuery.listPage(AbstractQuery.java:149)
	at org.activiti.engine.test.api.task.SubTaskQueryTest.testQueryWithPagination(SubTaskQueryTest.java:75)
	at sun.reflect.NativeMethodAccessorImpl.invoke0(Native Method)
	at sun.reflect.NativeMethodAccessorImpl.invoke(NativeMethodAccessorImpl.java:62)
	at sun.reflect.DelegatingMethodAccessorImpl.invoke(DelegatingMethodAccessorImpl.java:43)
	at java.lang.reflect.Method.invoke(Method.java:498)
	at junit.framework.TestCase.runTest(TestCase.java:176)
	at org.activiti.engine.impl.test.PvmTestCase.runTest(PvmTestCase.java:65)
	at junit.framework.TestCase.runBare(TestCase.java:141)
	at org.activiti.engine.impl.test.AbstractActivitiTestCase.runBare(AbstractActivitiTestCase.java:100)
	at junit.framework.TestResult$1.protect(TestResult.java:122)
	at junit.framework.TestResult.runProtected(TestResult.java:142)
	at junit.framework.TestResult.run(TestResult.java:125)
	at junit.framework.TestCase.run(TestCase.java:129)
	at junit.framework.TestSuite.runTest(TestSuite.java:255)
	at junit.framework.TestSuite.run(TestSuite.java:250)
	at org.junit.internal.runners.JUnit38ClassRunner.run(JUnit38ClassRunner.java:84)
	at org.apache.maven.surefire.junit4.JUnit4TestSet.execute(JUnit4TestSet.java:35)
	at org.apache.maven.surefire.junit4.JUnit4Provider.executeTestSet(JUnit4Provider.java:146)
	at org.apache.maven.surefire.junit4.JUnit4Provider.invoke(JUnit4Provider.java:97)
	at sun.reflect.NativeMethodAccessorImpl.invoke0(Native Method)
	at sun.reflect.NativeMethodAccessorImpl.invoke(NativeMethodAccessorImpl.java:62)
	at sun.reflect.DelegatingMethodAccessorImpl.invoke(DelegatingMethodAccessorImpl.java:43)
	at java.lang.reflect.Method.invoke(Method.java:498)
	at org.apache.maven.surefire.booter.ProviderFactory$ClassLoaderProxy.invoke(ProviderFactory.java:103)
	at com.sun.proxy.$Proxy0.invoke(Unknown Source)
	at org.apache.maven.surefire.booter.SurefireStarter.invokeProvider(SurefireStarter.java:145)
	at org.apache.maven.surefire.booter.SurefireStarter.runSuitesInProcess(SurefireStarter.java:87)
	at org.apache.maven.surefire.booter.ForkedBooter.main(ForkedBooter.java:69)
Caused by: org.h2.jdbc.JdbcSQLException: Syntax error in SQL statement &quot;SELECT DISTINCT RES.* 
       
    FROM ACT_RU_TASK RES
     
     
     
     
    
     
     
     
      
   
    
     ORDER BY  ORDER[*] BY RES.ID_ ASC  
    LIMIT ? OFFSET ? &quot;; expected &quot;=, NOT, EXISTS, INTERSECTS, SELECT, FROM&quot;; SQL statement:
select distinct RES.* 
       
    from ACT_RU_TASK RES
     
     
     
     
    
     
     
     
      
   
    
     order by  order by RES.ID_ asc  
    LIMIT ? OFFSET ? [42001-176]
	at org.h2.message.DbException.getJdbcSQLException(DbException.java:344)
	at org.h2.message.DbException.getSyntaxError(DbException.java:204)
	at org.h2.command.Parser.getSyntaxError(Parser.java:524)
	at org.h2.command.Parser.readTerm(Parser.java:2688)
	at org.h2.command.Parser.readFactor(Parser.java:2244)
	at org.h2.command.Parser.readSum(Parser.java:2231)
	at org.h2.command.Parser.readConcat(Parser.java:2201)
	at org.h2.command.Parser.readCondition(Parser.java:2051)
	at org.h2.command.Parser.readAnd(Parser.java:2023)
	at org.h2.command.Parser.readExpression(Parser.java:2015)
	at org.h2.command.Parser.parseEndOfQuery(Parser.java:1726)
	at org.h2.command.Parser.parseSelectUnionExtension(Parser.java:1706)
	at org.h2.command.Parser.parseSelectUnion(Parser.java:1675)
	at org.h2.command.Parser.parseSelect(Parser.java:1662)
	at org.h2.command.Parser.parsePrepared(Parser.java:434)
	at org.h2.command.Parser.parse(Parser.java:306)
	at org.h2.command.Parser.parse(Parser.java:282)
	at org.h2.command.Parser.prepareCommand(Parser.java:243)
	at org.h2.engine.Session.prepareLocal(Session.java:442)
	at org.h2.engine.Session.prepareCommand(Session.java:384)
	at org.h2.jdbc.JdbcConnection.prepareCommand(JdbcConnection.java:1188)
	at org.h2.jdbc.JdbcPreparedStatement.&lt;init&gt;(JdbcPreparedStatement.java:73)
	at org.h2.jdbc.JdbcConnection.prepareStatement(JdbcConnection.java:276)
	at sun.reflect.GeneratedMethodAccessor6.invoke(Unknown Source)
	at sun.reflect.DelegatingMethodAccessorImpl.invoke(DelegatingMethodAccessorImpl.java:43)
	at java.lang.reflect.Method.invoke(Method.java:498)
	at org.apache.ibatis.datasource.pooled.PooledConnection.invoke(PooledConnection.java:245)
	at com.sun.proxy.$Proxy12.prepareStatement(Unknown Source)
	at sun.reflect.GeneratedMethodAccessor6.invoke(Unknown Source)
	at sun.reflect.DelegatingMethodAccessorImpl.invoke(DelegatingMethodAccessorImpl.java:43)
	at java.lang.reflect.Method.invoke(Method.java:498)
	at org.apache.ibatis.logging.jdbc.ConnectionLogger.invoke(ConnectionLogger.java:55)
	at com.sun.proxy.$Proxy12.prepareStatement(Unknown Source)
	at org.apache.ibatis.executor.statement.PreparedStatementHandler.instantiateStatement(PreparedStatementHandler.java:79)
	at org.apache.ibatis.executor.statement.BaseStatementHandler.prepare(BaseStatementHandler.java:88)
	at org.apache.ibatis.executor.statement.RoutingStatementHandler.prepare(RoutingStatementHandler.java:58)
	at org.apache.ibatis.executor.SimpleExecutor.prepareStatement(SimpleExecutor.java:76)
	at org.apache.ibatis.executor.SimpleExecutor.doQuery(SimpleExecutor.java:61)
	at org.apache.ibatis.executor.BaseExecutor.queryFromDatabase(BaseExecutor.java:303)
	at org.apache.ibatis.executor.BaseExecutor.query(BaseExecutor.java:154)
	at org.apache.ibatis.executor.CachingExecutor.query(CachingExecutor.java:102)
	at org.apache.ibatis.executor.CachingExecutor.query(CachingExecutor.java:82)
	at org.apache.ibatis.session.defaults.DefaultSqlSession.selectList(DefaultSqlSession.java:120)
	... 40 more
10:45:10,967 [main] DEBUG org.activiti.engine.impl.test.PvmTestCase  - verifying that db is clean after test
10:45:10,967 [main] DEBUG org.activiti.engine.impl.interceptor.LogInterceptor  - 

10:45:10,967 [main] DEBUG org.activiti.engine.impl.interceptor.LogInterceptor  - --- starting GetTableCountCmd --------------------------------------------------------
10:45:10,967 [main] DEBUG org.apache.ibatis.transaction.jdbc.JdbcTransaction  - Opening JDBC Connection
10:45:10,967 [main] DEBUG org.apache.ibatis.datasource.pooled.PooledDataSource  - Checked out connection 180014677 from pool.
10:45:10,967 [main] DEBUG org.apache.ibatis.transaction.jdbc.JdbcTransaction  - Setting autocommit to false on JDBC Connection [conn3: url=jdbc:h2:mem:activiti user=SA]
10:45:10,967 [main] DEBUG org.activiti.engine.impl.persistence.entity.TableDataManager  - retrieving activiti tables from jdbc metadata
10:45:10,967 [main] DEBUG org.activiti.engine.impl.persistence.entity.TableDataManager  -   retrieved activiti table name ACT_EVT_LOG
10:45:10,967 [main] DEBUG org.activiti.engine.impl.persistence.entity.TableDataManager  -   retrieved activiti table name ACT_GE_BYTEARRAY
10:45:10,967 [main] DEBUG org.activiti.engine.impl.persistence.entity.TableDataManager  -   retrieved activiti table name ACT_GE_PROPERTY
10:45:10,967 [main] DEBUG org.activiti.engine.impl.persistence.entity.TableDataManager  -   retrieved activiti table name ACT_HI_ACTINST
10:45:10,967 [main] DEBUG org.activiti.engine.impl.persistence.entity.TableDataManager  -   retrieved activiti table name ACT_HI_ATTACHMENT
10:45:10,967 [main] DEBUG org.activiti.engine.impl.persistence.entity.TableDataManager  -   retrieved activiti table name ACT_HI_COMMENT
10:45:10,967 [main] DEBUG org.activiti.engine.impl.persistence.entity.TableDataManager  -   retrieved activiti table name ACT_HI_DETAIL
10:45:10,967 [main] DEBUG org.activiti.engine.impl.persistence.entity.TableDataManager  -   retrieved activiti table name ACT_HI_IDENTITYLINK
10:45:10,967 [main] DEBUG org.activiti.engine.impl.persistence.entity.TableDataManager  -   retrieved activiti table name ACT_HI_PROCINST
10:45:10,967 [main] DEBUG org.activiti.engine.impl.persistence.entity.TableDataManager  -   retrieved activiti table name ACT_HI_TASKINST
10:45:10,967 [main] DEBUG org.activiti.engine.impl.persistence.entity.TableDataManager  -   retrieved activiti table name ACT_HI_VARINST
10:45:10,967 [main] DEBUG org.activiti.engine.impl.persistence.entity.TableDataManager  -   retrieved activiti table name ACT_ID_GROUP
10:45:10,967 [main] DEBUG org.activiti.engine.impl.persistence.entity.TableDataManager  -   retrieved activiti table name ACT_ID_INFO
10:45:10,967 [main] DEBUG org.activiti.engine.impl.persistence.entity.TableDataManager  -   retrieved activiti table name ACT_ID_MEMBERSHIP
10:45:10,967 [main] DEBUG org.activiti.engine.impl.persistence.entity.TableDataManager  -   retrieved activiti table name ACT_ID_USER
10:45:10,967 [main] DEBUG org.activiti.engine.impl.persistence.entity.TableDataManager  -   retrieved activiti table name ACT_PROCDEF_INFO
10:45:10,967 [main] DEBUG org.activiti.engine.impl.persistence.entity.TableDataManager  -   retrieved activiti table name ACT_RE_DEPLOYMENT
10:45:10,967 [main] DEBUG org.activiti.engine.impl.persistence.entity.TableDataManager  -   retrieved activiti table name ACT_RE_MODEL
10:45:10,967 [main] DEBUG org.activiti.engine.impl.persistence.entity.TableDataManager  -   retrieved activiti table name ACT_RE_PROCDEF
10:45:10,967 [main] DEBUG org.activiti.engine.impl.persistence.entity.TableDataManager  -   retrieved activiti table name ACT_RU_EVENT_SUBSCR
10:45:10,967 [main] DEBUG org.activiti.engine.impl.persistence.entity.TableDataManager  -   retrieved activiti table name ACT_RU_EXECUTION
10:45:10,967 [main] DEBUG org.activiti.engine.impl.persistence.entity.TableDataManager  -   retrieved activiti table name ACT_RU_IDENTITYLINK
10:45:10,967 [main] DEBUG org.activiti.engine.impl.persistence.entity.TableDataManager  -   retrieved activiti table name ACT_RU_JOB
10:45:10,967 [main] DEBUG org.activiti.engine.impl.persistence.entity.TableDataManager  -   retrieved activiti table name ACT_RU_TASK
10:45:10,967 [main] DEBUG org.activiti.engine.impl.persistence.entity.TableDataManager  -   retrieved activiti table name ACT_RU_VARIABLE
10:45:10,967 [main] DEBUG org.activiti.engine.impl.persistence.entity.TableDataManager  - selecting table count for ACT_EVT_LOG
10:45:10,967 [main] DEBUG org.activiti.engine.impl.TablePageMap.selectTableCount  - ==&gt;  Preparing: select count(*) from ACT_EVT_LOG 
10:45:10,967 [main] DEBUG org.activiti.engine.impl.TablePageMap.selectTableCount  - ==&gt; Parameters: 
10:45:10,967 [main] DEBUG org.activiti.engine.impl.TablePageMap.selectTableCount  - &lt;==      Total: 1
10:45:10,967 [main] DEBUG org.activiti.engine.impl.persistence.entity.TableDataManager  - selecting table count for ACT_GE_BYTEARRAY
10:45:10,967 [main] DEBUG org.activiti.engine.impl.TablePageMap.selectTableCount  - ==&gt;  Preparing: select count(*) from ACT_GE_BYTEARRAY 
10:45:10,967 [main] DEBUG org.activiti.engine.impl.TablePageMap.selectTableCount  - ==&gt; Parameters: 
10:45:10,967 [main] DEBUG org.activiti.engine.impl.TablePageMap.selectTableCount  - &lt;==      Total: 1
10:45:10,967 [main] DEBUG org.activiti.engine.impl.persistence.entity.TableDataManager  - selecting table count for ACT_GE_PROPERTY
10:45:10,967 [main] DEBUG org.activiti.engine.impl.TablePageMap.selectTableCount  - ==&gt;  Preparing: select count(*) from ACT_GE_PROPERTY 
10:45:10,967 [main] DEBUG org.activiti.engine.impl.TablePageMap.selectTableCount  - ==&gt; Parameters: 
10:45:10,967 [main] DEBUG org.activiti.engine.impl.TablePageMap.selectTableCount  - &lt;==      Total: 1
10:45:10,967 [main] DEBUG org.activiti.engine.impl.persistence.entity.TableDataManager  - selecting table count for ACT_HI_ACTINST
10:45:10,967 [main] DEBUG org.activiti.engine.impl.TablePageMap.selectTableCount  - ==&gt;  Preparing: select count(*) from ACT_HI_ACTINST 
10:45:10,967 [main] DEBUG org.activiti.engine.impl.TablePageMap.selectTableCount  - ==&gt; Parameters: 
10:45:10,967 [main] DEBUG org.activiti.engine.impl.TablePageMap.selectTableCount  - &lt;==      Total: 1
10:45:10,967 [main] DEBUG org.activiti.engine.impl.persistence.entity.TableDataManager  - selecting table count for ACT_HI_ATTACHMENT
10:45:10,967 [main] DEBUG org.activiti.engine.impl.TablePageMap.selectTableCount  - ==&gt;  Preparing: select count(*) from ACT_HI_ATTACHMENT 
10:45:10,967 [main] DEBUG org.activiti.engine.impl.TablePageMap.selectTableCount  - ==&gt; Parameters: 
10:45:10,967 [main] DEBUG org.activiti.engine.impl.TablePageMap.selectTableCount  - &lt;==      Total: 1
10:45:10,967 [main] DEBUG org.activiti.engine.impl.persistence.entity.TableDataManager  - selecting table count for ACT_HI_COMMENT
10:45:10,967 [main] DEBUG org.activiti.engine.impl.TablePageMap.selectTableCount  - ==&gt;  Preparing: select count(*) from ACT_HI_COMMENT 
10:45:10,967 [main] DEBUG org.activiti.engine.impl.TablePageMap.selectTableCount  - ==&gt; Parameters: 
10:45:10,967 [main] DEBUG org.activiti.engine.impl.TablePageMap.selectTableCount  - &lt;==      Total: 1
10:45:10,967 [main] DEBUG org.activiti.engine.impl.persistence.entity.TableDataManager  - selecting table count for ACT_HI_DETAIL
10:45:10,967 [main] DEBUG org.activiti.engine.impl.TablePageMap.selectTableCount  - ==&gt;  Preparing: select count(*) from ACT_HI_DETAIL 
10:45:10,967 [main] DEBUG org.activiti.engine.impl.TablePageMap.selectTableCount  - ==&gt; Parameters: 
10:45:10,967 [main] DEBUG org.activiti.engine.impl.TablePageMap.selectTableCount  - &lt;==      Total: 1
10:45:10,967 [main] DEBUG org.activiti.engine.impl.persistence.entity.TableDataManager  - selecting table count for ACT_HI_IDENTITYLINK
10:45:10,967 [main] DEBUG org.activiti.engine.impl.TablePageMap.selectTableCount  - ==&gt;  Preparing: select count(*) from ACT_HI_IDENTITYLINK 
10:45:10,967 [main] DEBUG org.activiti.engine.impl.TablePageMap.selectTableCount  - ==&gt; Parameters: 
10:45:10,967 [main] DEBUG org.activiti.engine.impl.TablePageMap.selectTableCount  - &lt;==      Total: 1
10:45:10,967 [main] DEBUG org.activiti.engine.impl.persistence.entity.TableDataManager  - selecting table count for ACT_HI_PROCINST
10:45:10,967 [main] DEBUG org.activiti.engine.impl.TablePageMap.selectTableCount  - ==&gt;  Preparing: select count(*) from ACT_HI_PROCINST 
10:45:10,967 [main] DEBUG org.activiti.engine.impl.TablePageMap.selectTableCount  - ==&gt; Parameters: 
10:45:10,967 [main] DEBUG org.activiti.engine.impl.TablePageMap.selectTableCount  - &lt;==      Total: 1
10:45:10,967 [main] DEBUG org.activiti.engine.impl.persistence.entity.TableDataManager  - selecting table count for ACT_HI_TASKINST
10:45:10,967 [main] DEBUG org.activiti.engine.impl.TablePageMap.selectTableCount  - ==&gt;  Preparing: select count(*) from ACT_HI_TASKINST 
10:45:10,967 [main] DEBUG org.activiti.engine.impl.TablePageMap.selectTableCount  - ==&gt; Parameters: 
10:45:10,967 [main] DEBUG org.activiti.engine.impl.TablePageMap.selectTableCount  - &lt;==      Total: 1
10:45:10,967 [main] DEBUG org.activiti.engine.impl.persistence.entity.TableDataManager  - selecting table count for ACT_HI_VARINST
10:45:10,967 [main] DEBUG org.activiti.engine.impl.TablePageMap.selectTableCount  - ==&gt;  Preparing: select count(*) from ACT_HI_VARINST 
10:45:10,967 [main] DEBUG org.activiti.engine.impl.TablePageMap.selectTableCount  - ==&gt; Parameters: 
10:45:10,967 [main] DEBUG org.activiti.engine.impl.TablePageMap.selectTableCount  - &lt;==      Total: 1
10:45:10,967 [main] DEBUG org.activiti.engine.impl.persistence.entity.TableDataManager  - selecting table count for ACT_ID_GROUP
10:45:10,967 [main] DEBUG org.activiti.engine.impl.TablePageMap.selectTableCount  - ==&gt;  Preparing: select count(*) from ACT_ID_GROUP 
10:45:10,967 [main] DEBUG org.activiti.engine.impl.TablePageMap.selectTableCount  - ==&gt; Parameters: 
10:45:10,967 [main] DEBUG org.activiti.engine.impl.TablePageMap.selectTableCount  - &lt;==      Total: 1
10:45:10,967 [main] DEBUG org.activiti.engine.impl.persistence.entity.TableDataManager  - selecting table count for ACT_ID_INFO
10:45:10,967 [main] DEBUG org.activiti.engine.impl.TablePageMap.selectTableCount  - ==&gt;  Preparing: select count(*) from ACT_ID_INFO 
10:45:10,967 [main] DEBUG org.activiti.engine.impl.TablePageMap.selectTableCount  - ==&gt; Parameters: 
10:45:10,967 [main] DEBUG org.activiti.engine.impl.TablePageMap.selectTableCount  - &lt;==      Total: 1
10:45:10,967 [main] DEBUG org.activiti.engine.impl.persistence.entity.TableDataManager  - selecting table count for ACT_ID_MEMBERSHIP
10:45:10,967 [main] DEBUG org.activiti.engine.impl.TablePageMap.selectTableCount  - ==&gt;  Preparing: select count(*) from ACT_ID_MEMBERSHIP 
10:45:10,967 [main] DEBUG org.activiti.engine.impl.TablePageMap.selectTableCount  - ==&gt; Parameters: 
10:45:10,967 [main] DEBUG org.activiti.engine.impl.TablePageMap.selectTableCount  - &lt;==      Total: 1
10:45:10,967 [main] DEBUG org.activiti.engine.impl.persistence.entity.TableDataManager  - selecting table count for ACT_ID_USER
10:45:10,967 [main] DEBUG org.activiti.engine.impl.TablePageMap.selectTableCount  - ==&gt;  Preparing: select count(*) from ACT_ID_USER 
10:45:10,967 [main] DEBUG org.activiti.engine.impl.TablePageMap.selectTableCount  - ==&gt; Parameters: 
10:45:10,967 [main] DEBUG org.activiti.engine.impl.TablePageMap.selectTableCount  - &lt;==      Total: 1
10:45:10,967 [main] DEBUG org.activiti.engine.impl.persistence.entity.TableDataManager  - selecting table count for ACT_PROCDEF_INFO
10:45:10,967 [main] DEBUG org.activiti.engine.impl.TablePageMap.selectTableCount  - ==&gt;  Preparing: select count(*) from ACT_PROCDEF_INFO 
10:45:10,967 [main] DEBUG org.activiti.engine.impl.TablePageMap.selectTableCount  - ==&gt; Parameters: 
10:45:10,967 [main] DEBUG org.activiti.engine.impl.TablePageMap.selectTableCount  - &lt;==      Total: 1
10:45:10,967 [main] DEBUG org.activiti.engine.impl.persistence.entity.TableDataManager  - selecting table count for ACT_RE_DEPLOYMENT
10:45:10,967 [main] DEBUG org.activiti.engine.impl.TablePageMap.selectTableCount  - ==&gt;  Preparing: select count(*) from ACT_RE_DEPLOYMENT 
10:45:10,967 [main] DEBUG org.activiti.engine.impl.TablePageMap.selectTableCount  - ==&gt; Parameters: 
10:45:10,967 [main] DEBUG org.activiti.engine.impl.TablePageMap.selectTableCount  - &lt;==      Total: 1
10:45:10,967 [main] DEBUG org.activiti.engine.impl.persistence.entity.TableDataManager  - selecting table count for ACT_RE_MODEL
10:45:10,967 [main] DEBUG org.activiti.engine.impl.TablePageMap.selectTableCount  - ==&gt;  Preparing: select count(*) from ACT_RE_MODEL 
10:45:10,967 [main] DEBUG org.activiti.engine.impl.TablePageMap.selectTableCount  - ==&gt; Parameters: 
10:45:10,967 [main] DEBUG org.activiti.engine.impl.TablePageMap.selectTableCount  - &lt;==      Total: 1
10:45:10,967 [main] DEBUG org.activiti.engine.impl.persistence.entity.TableDataManager  - selecting table count for ACT_RE_PROCDEF
10:45:10,967 [main] DEBUG org.activiti.engine.impl.TablePageMap.selectTableCount  - ==&gt;  Preparing: select count(*) from ACT_RE_PROCDEF 
10:45:10,967 [main] DEBUG org.activiti.engine.impl.TablePageMap.selectTableCount  - ==&gt; Parameters: 
10:45:10,967 [main] DEBUG org.activiti.engine.impl.TablePageMap.selectTableCount  - &lt;==      Total: 1
10:45:10,967 [main] DEBUG org.activiti.engine.impl.persistence.entity.TableDataManager  - selecting table count for ACT_RU_EVENT_SUBSCR
10:45:10,967 [main] DEBUG org.activiti.engine.impl.TablePageMap.selectTableCount  - ==&gt;  Preparing: select count(*) from ACT_RU_EVENT_SUBSCR 
10:45:10,967 [main] DEBUG org.activiti.engine.impl.TablePageMap.selectTableCount  - ==&gt; Parameters: 
10:45:10,967 [main] DEBUG org.activiti.engine.impl.TablePageMap.selectTableCount  - &lt;==      Total: 1
10:45:10,967 [main] DEBUG org.activiti.engine.impl.persistence.entity.TableDataManager  - selecting table count for ACT_RU_EXECUTION
10:45:10,967 [main] DEBUG org.activiti.engine.impl.TablePageMap.selectTableCount  - ==&gt;  Preparing: select count(*) from ACT_RU_EXECUTION 
10:45:10,967 [main] DEBUG org.activiti.engine.impl.TablePageMap.selectTableCount  - ==&gt; Parameters: 
10:45:10,968 [main] DEBUG org.activiti.engine.impl.TablePageMap.selectTableCount  - &lt;==      Total: 1
10:45:10,968 [main] DEBUG org.activiti.engine.impl.persistence.entity.TableDataManager  - selecting table count for ACT_RU_IDENTITYLINK
10:45:10,968 [main] DEBUG org.activiti.engine.impl.TablePageMap.selectTableCount  - ==&gt;  Preparing: select count(*) from ACT_RU_IDENTITYLINK 
10:45:10,968 [main] DEBUG org.activiti.engine.impl.TablePageMap.selectTableCount  - ==&gt; Parameters: 
10:45:10,968 [main] DEBUG org.activiti.engine.impl.TablePageMap.selectTableCount  - &lt;==      Total: 1
10:45:10,968 [main] DEBUG org.activiti.engine.impl.persistence.entity.TableDataManager  - selecting table count for ACT_RU_JOB
10:45:10,968 [main] DEBUG org.activiti.engine.impl.TablePageMap.selectTableCount  - ==&gt;  Preparing: select count(*) from ACT_RU_JOB 
10:45:10,968 [main] DEBUG org.activiti.engine.impl.TablePageMap.selectTableCount  - ==&gt; Parameters: 
10:45:10,968 [main] DEBUG org.activiti.engine.impl.TablePageMap.selectTableCount  - &lt;==      Total: 1
10:45:10,968 [main] DEBUG org.activiti.engine.impl.persistence.entity.TableDataManager  - selecting table count for ACT_RU_TASK
10:45:10,968 [main] DEBUG org.activiti.engine.impl.TablePageMap.selectTableCount  - ==&gt;  Preparing: select count(*) from ACT_RU_TASK 
10:45:10,968 [main] DEBUG org.activiti.engine.impl.TablePageMap.selectTableCount  - ==&gt; Parameters: 
10:45:10,968 [main] DEBUG org.activiti.engine.impl.TablePageMap.selectTableCount  - &lt;==      Total: 1
10:45:10,968 [main] DEBUG org.activiti.engine.impl.persistence.entity.TableDataManager  - selecting table count for ACT_RU_VARIABLE
10:45:10,968 [main] DEBUG org.activiti.engine.impl.TablePageMap.selectTableCount  - ==&gt;  Preparing: select count(*) from ACT_RU_VARIABLE 
10:45:10,968 [main] DEBUG org.activiti.engine.impl.TablePageMap.selectTableCount  - ==&gt; Parameters: 
10:45:10,968 [main] DEBUG org.activiti.engine.impl.TablePageMap.selectTableCount  - &lt;==      Total: 1
10:45:10,968 [main] DEBUG org.activiti.engine.impl.persistence.entity.TableDataManager  - Number of rows per activiti table: {ACT_RU_EVENT_SUBSCR=0, ACT_ID_USER=0, ACT_HI_ATTACHMENT=0, ACT_GE_BYTEARRAY=0, ACT_RE_MODEL=0, ACT_RU_VARIABLE=0, ACT_RU_TASK=10, ACT_RE_DEPLOYMENT=0, ACT_RE_PROCDEF=0, ACT_ID_GROUP=0, ACT_HI_VARINST=0, ACT_HI_COMMENT=10, ACT_HI_PROCINST=0, ACT_ID_INFO=0, ACT_ID_MEMBERSHIP=0, ACT_RU_JOB=0, ACT_PROCDEF_INFO=0, ACT_HI_ACTINST=0, ACT_RU_EXECUTION=0, ACT_HI_TASKINST=10, ACT_HI_DETAIL=0, ACT_EVT_LOG=0, ACT_HI_IDENTITYLINK=3, ACT_RU_IDENTITYLINK=3, ACT_GE_PROPERTY=3}
10:45:10,968 [main] DEBUG org.activiti.engine.impl.db.DbSqlSession  - flush summary: 0 insert, 0 update, 0 delete.
10:45:10,968 [main] DEBUG org.activiti.engine.impl.db.DbSqlSession  - now executing flush...
10:45:10,968 [main] DEBUG org.activiti.engine.impl.cfg.standalone.StandaloneMybatisTransactionContext  - firing event committing...
10:45:10,968 [main] DEBUG org.activiti.engine.impl.cfg.standalone.StandaloneMybatisTransactionContext  - committing the ibatis sql session...
10:45:10,968 [main] DEBUG org.activiti.engine.impl.cfg.standalone.StandaloneMybatisTransactionContext  - firing event committed...
10:45:10,968 [main] DEBUG org.apache.ibatis.transaction.jdbc.JdbcTransaction  - Resetting autocommit to true on JDBC Connection [conn3: url=jdbc:h2:mem:activiti user=SA]
10:45:10,968 [main] DEBUG org.apache.ibatis.transaction.jdbc.JdbcTransaction  - Closing JDBC Connection [conn3: url=jdbc:h2:mem:activiti user=SA]
10:45:10,968 [main] DEBUG org.apache.ibatis.datasource.pooled.PooledDataSource  - Returned connection 180014677 to pool.
10:45:10,968 [main] DEBUG org.activiti.engine.impl.interceptor.LogInterceptor  - --- GetTableCountCmd finished --------------------------------------------------------
10:45:10,968 [main] DEBUG org.activiti.engine.impl.interceptor.LogInterceptor  - 

10:45:10,968 [main] ERROR org.activiti.engine.impl.test.PvmTestCase  - 

10:45:10,968 [main] ERROR org.activiti.engine.impl.test.PvmTestCase  - DB NOT CLEAN: 
  ACT_RU_TASK: 10 record(s)   ACT_HI_COMMENT: 10 record(s)   ACT_HI_TASKINST: 10 record(s)   ACT_HI_IDENTITYLINK: 3 record(s)   ACT_RU_IDENTITYLINK: 3 record(s) 
10:45:10,968 [main] INFO  org.activiti.engine.impl.test.PvmTestCase  - dropping and recreating db
10:45:10,968 [main] DEBUG org.activiti.engine.impl.interceptor.LogInterceptor  - 

10:45:10,968 [main] DEBUG org.activiti.engine.impl.interceptor.LogInterceptor  - --- starting  --------------------------------------------------------
10:45:10,968 [main] INFO  org.activiti.engine.impl.db.DbSqlSession  - performing drop on engine with resource org/activiti/db/drop/activiti.h2.drop.engine.sql
10:45:10,968 [main] DEBUG org.apache.ibatis.transaction.jdbc.JdbcTransaction  - Opening JDBC Connection
10:45:10,968 [main] DEBUG org.apache.ibatis.datasource.pooled.PooledDataSource  - Checked out connection 363509958 from pool.
10:45:10,968 [main] DEBUG org.apache.ibatis.transaction.jdbc.JdbcTransaction  - Setting autocommit to false on JDBC Connection [conn2: url=jdbc:h2:mem:activiti user=SA]
10:45:10,968 [main] DEBUG org.activiti.engine.impl.db.DbSqlSession  - SQL: drop table if exists ACT_GE_PROPERTY cascade constraints
10:45:10,968 [main] DEBUG org.activiti.engine.impl.db.DbSqlSession  - SQL: drop table if exists ACT_GE_BYTEARRAY cascade constraints
10:45:10,968 [main] DEBUG org.activiti.engine.impl.db.DbSqlSession  - SQL: drop table if exists ACT_RE_DEPLOYMENT cascade constraints
10:45:10,968 [main] DEBUG org.activiti.engine.impl.db.DbSqlSession  - SQL: drop table if exists ACT_RE_MODEL cascade constraints
10:45:10,968 [main] DEBUG org.activiti.engine.impl.db.DbSqlSession  - SQL: drop table if exists ACT_RU_EXECUTION cascade constraints
10:45:10,968 [main] DEBUG org.activiti.engine.impl.db.DbSqlSession  - SQL: drop table if exists ACT_RU_JOB cascade constraints
10:45:10,968 [main] DEBUG org.activiti.engine.impl.db.DbSqlSession  - SQL: drop table if exists ACT_RE_PROCDEF cascade constraints
10:45:10,968 [main] DEBUG org.activiti.engine.impl.db.DbSqlSession  - SQL: drop table if exists ACT_RU_TASK cascade constraints
10:45:10,968 [main] DEBUG org.activiti.engine.impl.db.DbSqlSession  - SQL: drop table if exists ACT_RU_IDENTITYLINK cascade constraints
10:45:10,968 [main] DEBUG org.activiti.engine.impl.db.DbSqlSession  - SQL: drop table if exists ACT_RU_VARIABLE cascade constraints
10:45:10,968 [main] DEBUG org.activiti.engine.impl.db.DbSqlSession  - SQL: drop table if exists ACT_RU_EVENT_SUBSCR cascade constraints
10:45:10,968 [main] DEBUG org.activiti.engine.impl.db.DbSqlSession  - SQL: drop table if exists ACT_EVT_LOG cascade constraints
10:45:10,968 [main] DEBUG org.activiti.engine.impl.db.DbSqlSession  - SQL: drop table if exists ACT_PROCDEF_INFO cascade constraints
10:45:10,969 [main] DEBUG org.activiti.engine.impl.db.DbSqlSession  - SQL: drop index if exists ACT_IDX_EXEC_BUSKEY
10:45:10,969 [main] DEBUG org.activiti.engine.impl.db.DbSqlSession  - SQL: drop index if exists ACT_IDX_TASK_CREATE
10:45:10,969 [main] DEBUG org.activiti.engine.impl.db.DbSqlSession  - SQL: drop index if exists ACT_IDX_IDENT_LNK_USER
10:45:10,969 [main] DEBUG org.activiti.engine.impl.db.DbSqlSession  - SQL: drop index if exists ACT_IDX_IDENT_LNK_GROUP
10:45:10,969 [main] DEBUG org.activiti.engine.impl.db.DbSqlSession  - SQL: drop index if exists ACT_IDX_VARIABLE_TASK_ID
10:45:10,969 [main] DEBUG org.activiti.engine.impl.db.DbSqlSession  - SQL: drop index if exists ACT_IDX_EVENT_SUBSCR_CONFIG_
10:45:10,969 [main] DEBUG org.activiti.engine.impl.db.DbSqlSession  - SQL: drop index if exists ACT_IDX_ATHRZ_PROCEDEF
10:45:10,969 [main] DEBUG org.activiti.engine.impl.db.DbSqlSession  - SQL: drop index if exists ACT_IDX_INFO_PROCDEF
10:45:10,969 [main] DEBUG org.activiti.engine.impl.db.DbSqlSession  - activiti db schema drop for component engine successful
10:45:10,969 [main] INFO  org.activiti.engine.impl.db.DbSqlSession  - performing drop on history with resource org/activiti/db/drop/activiti.h2.drop.history.sql
10:45:10,969 [main] DEBUG org.activiti.engine.impl.db.DbSqlSession  - SQL: drop table if exists ACT_HI_PROCINST cascade constraints
10:45:10,969 [main] DEBUG org.activiti.engine.impl.db.DbSqlSession  - SQL: drop table if exists ACT_HI_ACTINST cascade constraints
10:45:10,969 [main] DEBUG org.activiti.engine.impl.db.DbSqlSession  - SQL: drop table if exists ACT_HI_VARINST cascade constraints
10:45:10,969 [main] DEBUG org.activiti.engine.impl.db.DbSqlSession  - SQL: drop table if exists ACT_HI_TASKINST cascade constraints
10:45:10,969 [main] DEBUG org.activiti.engine.impl.db.DbSqlSession  - SQL: drop table if exists ACT_HI_DETAIL cascade constraints
10:45:10,969 [main] DEBUG org.activiti.engine.impl.db.DbSqlSession  - SQL: drop table if exists ACT_HI_COMMENT cascade constraints
10:45:10,969 [main] DEBUG org.activiti.engine.impl.db.DbSqlSession  - SQL: drop table if exists ACT_HI_ATTACHMENT cascade constraints
10:45:10,969 [main] DEBUG org.activiti.engine.impl.db.DbSqlSession  - SQL: drop table if exists ACT_HI_IDENTITYLINK cascade constraints
10:45:10,969 [main] DEBUG org.activiti.engine.impl.db.DbSqlSession  - SQL: drop index if exists ACT_IDX_HI_PRO_INST_END
10:45:10,969 [main] DEBUG org.activiti.engine.impl.db.DbSqlSession  - SQL: drop index if exists ACT_IDX_HI_PRO_I_BUSKEY
10:45:10,969 [main] DEBUG org.activiti.engine.impl.db.DbSqlSession  - SQL: drop index if exists ACT_IDX_HI_ACT_INST_START
10:45:10,969 [main] DEBUG org.activiti.engine.impl.db.DbSqlSession  - SQL: drop index if exists ACT_IDX_HI_ACT_INST_END
10:45:10,969 [main] DEBUG org.activiti.engine.impl.db.DbSqlSession  - SQL: drop index if exists ACT_IDX_HI_DETAIL_PROC_INST
10:45:10,969 [main] DEBUG org.activiti.engine.impl.db.DbSqlSession  - SQL: drop index if exists ACT_IDX_HI_DETAIL_ACT_INST
10:45:10,969 [main] DEBUG org.activiti.engine.impl.db.DbSqlSession  - SQL: drop index if exists ACT_IDX_HI_DETAIL_TIME
10:45:10,969 [main] DEBUG org.activiti.engine.impl.db.DbSqlSession  - SQL: drop index if exists ACT_IDX_HI_DETAIL_NAME
10:45:10,969 [main] DEBUG org.activiti.engine.impl.db.DbSqlSession  - SQL: drop index if exists ACT_IDX_HI_DETAIL_TASK_ID
10:45:10,969 [main] DEBUG org.activiti.engine.impl.db.DbSqlSession  - SQL: drop index if exists ACT_IDX_HI_PROCVAR_PROC_INST
10:45:10,969 [main] DEBUG org.activiti.engine.impl.db.DbSqlSession  - SQL: drop index if exists ACT_IDX_HI_PROCVAR_NAME_TYPE
10:45:10,969 [main] DEBUG org.activiti.engine.impl.db.DbSqlSession  - SQL: drop index if exists ACT_IDX_HI_ACT_INST_PROCINST
10:45:10,969 [main] DEBUG org.activiti.engine.impl.db.DbSqlSession  - SQL: drop index if exists ACT_IDX_HI_IDENT_LNK_USER
10:45:10,969 [main] DEBUG org.activiti.engine.impl.db.DbSqlSession  - SQL: drop index if exists ACT_IDX_HI_IDENT_LNK_TASK
10:45:10,969 [main] DEBUG org.activiti.engine.impl.db.DbSqlSession  - SQL: drop index if exists ACT_IDX_HI_IDENT_LNK_PROCINST
10:45:10,969 [main] DEBUG org.activiti.engine.impl.db.DbSqlSession  - SQL: drop index if exists ACT_IDX_HI_TASK_INST_PROCINST
10:45:10,969 [main] DEBUG org.activiti.engine.impl.db.DbSqlSession  - activiti db schema drop for component history successful
10:45:10,969 [main] INFO  org.activiti.engine.impl.db.DbSqlSession  - performing drop on identity with resource org/activiti/db/drop/activiti.h2.drop.identity.sql
10:45:10,969 [main] DEBUG org.activiti.engine.impl.db.DbSqlSession  - SQL: drop table if exists ACT_ID_INFO cascade constraints
10:45:10,969 [main] DEBUG org.activiti.engine.impl.db.DbSqlSession  - SQL: drop table if exists ACT_ID_GROUP cascade constraints
10:45:10,969 [main] DEBUG org.activiti.engine.impl.db.DbSqlSession  - SQL: drop table if exists ACT_ID_MEMBERSHIP cascade constraints
10:45:10,969 [main] DEBUG org.activiti.engine.impl.db.DbSqlSession  - SQL: drop table if exists ACT_ID_USER cascade constraints
10:45:10,969 [main] DEBUG org.activiti.engine.impl.db.DbSqlSession  - activiti db schema drop for component identity successful
10:45:10,969 [main] INFO  org.activiti.engine.impl.db.DbSqlSession  - performing create on engine with resource org/activiti/db/create/activiti.h2.create.engine.sql
10:45:10,969 [main] DEBUG org.activiti.engine.impl.db.DbSqlSession  - SQL: create table ACT_GE_PROPERTY ( 
NAME_ varchar(64), 
VALUE_ varchar(300), 
REV_ integer, 
primary key (NAME_) 
)
10:45:10,969 [main] DEBUG org.activiti.engine.impl.db.DbSqlSession  - SQL: insert into ACT_GE_PROPERTY 
values (&apos;schema.version&apos;, &apos;5.20.0.0&apos;, 1)
10:45:10,969 [main] DEBUG org.activiti.engine.impl.db.DbSqlSession  - SQL: insert into ACT_GE_PROPERTY 
values (&apos;schema.history&apos;, &apos;create(5.20.0.0)&apos;, 1)
10:45:10,969 [main] DEBUG org.activiti.engine.impl.db.DbSqlSession  - SQL: insert into ACT_GE_PROPERTY 
values (&apos;next.dbid&apos;, &apos;1&apos;, 1)
10:45:10,969 [main] DEBUG org.activiti.engine.impl.db.DbSqlSession  - SQL: create table ACT_GE_BYTEARRAY ( 
ID_ varchar(64), 
REV_ integer, 
NAME_ varchar(255), 
DEPLOYMENT_ID_ varchar(64), 
BYTES_ longvarbinary, 
GENERATED_ bit, 
primary key (ID_) 
)
10:45:10,969 [main] DEBUG org.activiti.engine.impl.db.DbSqlSession  - SQL: create table ACT_RE_DEPLOYMENT ( 
ID_ varchar(64), 
NAME_ varchar(255), 
CATEGORY_ varchar(255), 
TENANT_ID_ varchar(255) default &apos;&apos;, 
DEPLOY_TIME_ timestamp, 
primary key (ID_) 
)
10:45:10,970 [main] DEBUG org.activiti.engine.impl.db.DbSqlSession  - SQL: create table ACT_RE_MODEL ( 
ID_ varchar(64) not null, 
REV_ integer, 
NAME_ varchar(255), 
KEY_ varchar(255), 
CATEGORY_ varchar(255), 
CREATE_TIME_ timestamp, 
LAST_UPDATE_TIME_ timestamp, 
VERSION_ integer, 
META_INFO_ varchar(4000), 
DEPLOYMENT_ID_ varchar(64), 
EDITOR_SOURCE_VALUE_ID_ varchar(64), 
EDITOR_SOURCE_EXTRA_VALUE_ID_ varchar(64), 
TENANT_ID_ varchar(255) default &apos;&apos;, 
primary key (ID_) 
)
10:45:10,970 [main] DEBUG org.activiti.engine.impl.db.DbSqlSession  - SQL: create table ACT_RU_EXECUTION ( 
ID_ varchar(64), 
REV_ integer, 
PROC_INST_ID_ varchar(64), 
BUSINESS_KEY_ varchar(255), 
PARENT_ID_ varchar(64), 
PROC_DEF_ID_ varchar(64), 
SUPER_EXEC_ varchar(64), 
ACT_ID_ varchar(255), 
IS_ACTIVE_ bit, 
IS_CONCURRENT_ bit, 
IS_SCOPE_ bit, 
IS_EVENT_SCOPE_ bit, 
SUSPENSION_STATE_ integer, 
CACHED_ENT_STATE_ integer, 
TENANT_ID_ varchar(255) default &apos;&apos;, 
NAME_ varchar(255), 
LOCK_TIME_ timestamp, 
primary key (ID_) 
)
10:45:10,970 [main] DEBUG org.activiti.engine.impl.db.DbSqlSession  - SQL: create table ACT_RU_JOB ( 
ID_ varchar(64) NOT NULL, 
REV_ integer, 
TYPE_ varchar(255) NOT NULL, 
LOCK_EXP_TIME_ timestamp, 
LOCK_OWNER_ varchar(255), 
EXCLUSIVE_ boolean, 
EXECUTION_ID_ varchar(64), 
PROCESS_INSTANCE_ID_ varchar(64), 
PROC_DEF_ID_ varchar(64), 
RETRIES_ integer, 
EXCEPTION_STACK_ID_ varchar(64), 
EXCEPTION_MSG_ varchar(4000), 
DUEDATE_ timestamp, 
REPEAT_ varchar(255), 
HANDLER_TYPE_ varchar(255), 
HANDLER_CFG_ varchar(4000), 
TENANT_ID_ varchar(255) default &apos;&apos;, 
primary key (ID_) 
)
10:45:10,970 [main] DEBUG org.activiti.engine.impl.db.DbSqlSession  - SQL: create table ACT_RE_PROCDEF ( 
ID_ varchar(64) NOT NULL, 
REV_ integer, 
CATEGORY_ varchar(255), 
NAME_ varchar(255), 
KEY_ varchar(255) NOT NULL, 
VERSION_ integer NOT NULL, 
DEPLOYMENT_ID_ varchar(64), 
RESOURCE_NAME_ varchar(4000), 
DGRM_RESOURCE_NAME_ varchar(4000), 
DESCRIPTION_ varchar(4000), 
HAS_START_FORM_KEY_ bit, 
HAS_GRAPHICAL_NOTATION_ bit, 
SUSPENSION_STATE_ integer, 
TENANT_ID_ varchar(255) default &apos;&apos;, 
primary key (ID_) 
)
10:45:10,970 [main] DEBUG org.activiti.engine.impl.db.DbSqlSession  - SQL: create table ACT_RU_TASK ( 
ID_ varchar(64), 
REV_ integer, 
EXECUTION_ID_ varchar(64), 
PROC_INST_ID_ varchar(64), 
PROC_DEF_ID_ varchar(64), 
NAME_ varchar(255), 
PARENT_TASK_ID_ varchar(64), 
DESCRIPTION_ varchar(4000), 
TASK_DEF_KEY_ varchar(255), 
OWNER_ varchar(255), 
ASSIGNEE_ varchar(255), 
DELEGATION_ varchar(64), 
PRIORITY_ integer, 
CREATE_TIME_ timestamp, 
DUE_DATE_ timestamp, 
CATEGORY_ varchar(255), 
SUSPENSION_STATE_ integer, 
TENANT_ID_ varchar(255) default &apos;&apos;, 
FORM_KEY_ varchar(255), 
primary key (ID_) 
)
10:45:10,970 [main] DEBUG org.activiti.engine.impl.db.DbSqlSession  - SQL: create table ACT_RU_IDENTITYLINK ( 
ID_ varchar(64), 
REV_ integer, 
GROUP_ID_ varchar(255), 
TYPE_ varchar(255), 
USER_ID_ varchar(255), 
TASK_ID_ varchar(64), 
PROC_INST_ID_ varchar(64) null, 
PROC_DEF_ID_ varchar(64), 
primary key (ID_) 
)
10:45:10,970 [main] DEBUG org.activiti.engine.impl.db.DbSqlSession  - SQL: create table ACT_RU_VARIABLE ( 
ID_ varchar(64) not null, 
REV_ integer, 
TYPE_ varchar(255) not null, 
NAME_ varchar(255) not null, 
EXECUTION_ID_ varchar(64), 
PROC_INST_ID_ varchar(64), 
TASK_ID_ varchar(64), 
BYTEARRAY_ID_ varchar(64), 
DOUBLE_ double, 
LONG_ bigint, 
TEXT_ varchar(4000), 
TEXT2_ varchar(4000), 
primary key (ID_) 
)
10:45:10,970 [main] DEBUG org.activiti.engine.impl.db.DbSqlSession  - SQL: create table ACT_RU_EVENT_SUBSCR ( 
ID_ varchar(64) not null, 
REV_ integer, 
EVENT_TYPE_ varchar(255) not null, 
EVENT_NAME_ varchar(255), 
EXECUTION_ID_ varchar(64), 
PROC_INST_ID_ varchar(64), 
ACTIVITY_ID_ varchar(64), 
CONFIGURATION_ varchar(255), 
CREATED_ timestamp not null, 
PROC_DEF_ID_ varchar(64), 
TENANT_ID_ varchar(255) default &apos;&apos;, 
primary key (ID_) 
)
10:45:10,970 [main] DEBUG org.activiti.engine.impl.db.DbSqlSession  - SQL: create table ACT_EVT_LOG ( 
LOG_NR_ identity, 
TYPE_ varchar(64), 
PROC_DEF_ID_ varchar(64), 
PROC_INST_ID_ varchar(64), 
EXECUTION_ID_ varchar(64), 
TASK_ID_ varchar(64), 
TIME_STAMP_ timestamp not null, 
USER_ID_ varchar(255), 
DATA_ longvarbinary, 
LOCK_OWNER_ varchar(255), 
LOCK_TIME_ timestamp, 
IS_PROCESSED_ bit default 0 
)
10:45:10,970 [main] DEBUG org.activiti.engine.impl.db.DbSqlSession  - SQL: create table ACT_PROCDEF_INFO ( 
ID_ varchar(64) not null, 
PROC_DEF_ID_ varchar(64) not null, 
REV_ integer, 
INFO_JSON_ID_ varchar(64), 
primary key (ID_) 
)
10:45:10,970 [main] DEBUG org.activiti.engine.impl.db.DbSqlSession  - SQL: create index ACT_IDX_EXEC_BUSKEY on ACT_RU_EXECUTION(BUSINESS_KEY_)
10:45:10,970 [main] DEBUG org.activiti.engine.impl.db.DbSqlSession  - SQL: create index ACT_IDX_TASK_CREATE on ACT_RU_TASK(CREATE_TIME_)
10:45:10,970 [main] DEBUG org.activiti.engine.impl.db.DbSqlSession  - SQL: create index ACT_IDX_IDENT_LNK_USER on ACT_RU_IDENTITYLINK(USER_ID_)
10:45:10,970 [main] DEBUG org.activiti.engine.impl.db.DbSqlSession  - SQL: create index ACT_IDX_IDENT_LNK_GROUP on ACT_RU_IDENTITYLINK(GROUP_ID_)
10:45:10,970 [main] DEBUG org.activiti.engine.impl.db.DbSqlSession  - SQL: create index ACT_IDX_EVENT_SUBSCR_CONFIG_ on ACT_RU_EVENT_SUBSCR(CONFIGURATION_)
10:45:10,970 [main] DEBUG org.activiti.engine.impl.db.DbSqlSession  - SQL: create index ACT_IDX_VARIABLE_TASK_ID on ACT_RU_VARIABLE(TASK_ID_)
10:45:10,970 [main] DEBUG org.activiti.engine.impl.db.DbSqlSession  - SQL: create index ACT_IDX_ATHRZ_PROCEDEF on ACT_RU_IDENTITYLINK(PROC_DEF_ID_)
10:45:10,970 [main] DEBUG org.activiti.engine.impl.db.DbSqlSession  - SQL: create index ACT_IDX_INFO_PROCDEF on ACT_PROCDEF_INFO(PROC_DEF_ID_)
10:45:10,970 [main] DEBUG org.activiti.engine.impl.db.DbSqlSession  - SQL: alter table ACT_GE_BYTEARRAY 
add constraint ACT_FK_BYTEARR_DEPL 
foreign key (DEPLOYMENT_ID_) 
references ACT_RE_DEPLOYMENT
10:45:10,971 [main] DEBUG org.activiti.engine.impl.db.DbSqlSession  - SQL: alter table ACT_RE_PROCDEF 
add constraint ACT_UNIQ_PROCDEF 
unique (KEY_,VERSION_, TENANT_ID_)
10:45:10,971 [main] DEBUG org.activiti.engine.impl.db.DbSqlSession  - SQL: alter table ACT_RU_EXECUTION 
add constraint ACT_FK_EXE_PROCINST 
foreign key (PROC_INST_ID_) 
references ACT_RU_EXECUTION
10:45:10,971 [main] DEBUG org.activiti.engine.impl.db.DbSqlSession  - SQL: alter table ACT_RU_EXECUTION 
add constraint ACT_FK_EXE_PARENT 
foreign key (PARENT_ID_) 
references ACT_RU_EXECUTION
10:45:10,971 [main] DEBUG org.activiti.engine.impl.db.DbSqlSession  - SQL: alter table ACT_RU_EXECUTION 
add constraint ACT_FK_EXE_SUPER 
foreign key (SUPER_EXEC_) 
references ACT_RU_EXECUTION
10:45:10,971 [main] DEBUG org.activiti.engine.impl.db.DbSqlSession  - SQL: alter table ACT_RU_EXECUTION 
add constraint ACT_FK_EXE_PROCDEF 
foreign key (PROC_DEF_ID_) 
references ACT_RE_PROCDEF (ID_)
10:45:10,971 [main] DEBUG org.activiti.engine.impl.db.DbSqlSession  - SQL: alter table ACT_RU_IDENTITYLINK 
add constraint ACT_FK_TSKASS_TASK 
foreign key (TASK_ID_) 
references ACT_RU_TASK
10:45:10,971 [main] DEBUG org.activiti.engine.impl.db.DbSqlSession  - SQL: alter table ACT_RU_IDENTITYLINK 
add constraint ACT_FK_ATHRZ_PROCEDEF 
foreign key (PROC_DEF_ID_) 
references ACT_RE_PROCDEF
10:45:10,971 [main] DEBUG org.activiti.engine.impl.db.DbSqlSession  - SQL: alter table ACT_RU_IDENTITYLINK 
add constraint ACT_FK_IDL_PROCINST 
foreign key (PROC_INST_ID_) 
references ACT_RU_EXECUTION (ID_)
10:45:10,971 [main] DEBUG org.activiti.engine.impl.db.DbSqlSession  - SQL: alter table ACT_RU_TASK 
add constraint ACT_FK_TASK_EXE 
foreign key (EXECUTION_ID_) 
references ACT_RU_EXECUTION
10:45:10,972 [main] DEBUG org.activiti.engine.impl.db.DbSqlSession  - SQL: alter table ACT_RU_TASK 
add constraint ACT_FK_TASK_PROCINST 
foreign key (PROC_INST_ID_) 
references ACT_RU_EXECUTION
10:45:10,972 [main] DEBUG org.activiti.engine.impl.db.DbSqlSession  - SQL: alter table ACT_RU_TASK 
add constraint ACT_FK_TASK_PROCDEF 
foreign key (PROC_DEF_ID_) 
references ACT_RE_PROCDEF
10:45:10,972 [main] DEBUG org.activiti.engine.impl.db.DbSqlSession  - SQL: alter table ACT_RU_VARIABLE 
add constraint ACT_FK_VAR_EXE 
foreign key (EXECUTION_ID_) 
references ACT_RU_EXECUTION
10:45:10,972 [main] DEBUG org.activiti.engine.impl.db.DbSqlSession  - SQL: alter table ACT_RU_VARIABLE 
add constraint ACT_FK_VAR_PROCINST 
foreign key (PROC_INST_ID_) 
references ACT_RU_EXECUTION
10:45:10,972 [main] DEBUG org.activiti.engine.impl.db.DbSqlSession  - SQL: alter table ACT_RU_VARIABLE 
add constraint ACT_FK_VAR_BYTEARRAY 
foreign key (BYTEARRAY_ID_) 
references ACT_GE_BYTEARRAY
10:45:10,972 [main] DEBUG org.activiti.engine.impl.db.DbSqlSession  - SQL: alter table ACT_RU_JOB 
add constraint ACT_FK_JOB_EXCEPTION 
foreign key (EXCEPTION_STACK_ID_) 
references ACT_GE_BYTEARRAY
10:45:10,972 [main] DEBUG org.activiti.engine.impl.db.DbSqlSession  - SQL: alter table ACT_RU_EVENT_SUBSCR 
add constraint ACT_FK_EVENT_EXEC 
foreign key (EXECUTION_ID_) 
references ACT_RU_EXECUTION
10:45:10,972 [main] DEBUG org.activiti.engine.impl.db.DbSqlSession  - SQL: alter table ACT_RE_MODEL 
add constraint ACT_FK_MODEL_SOURCE 
foreign key (EDITOR_SOURCE_VALUE_ID_) 
references ACT_GE_BYTEARRAY (ID_)
10:45:10,972 [main] DEBUG org.activiti.engine.impl.db.DbSqlSession  - SQL: alter table ACT_RE_MODEL 
add constraint ACT_FK_MODEL_SOURCE_EXTRA 
foreign key (EDITOR_SOURCE_EXTRA_VALUE_ID_) 
references ACT_GE_BYTEARRAY (ID_)
10:45:10,972 [main] DEBUG org.activiti.engine.impl.db.DbSqlSession  - SQL: alter table ACT_RE_MODEL 
add constraint ACT_FK_MODEL_DEPLOYMENT 
foreign key (DEPLOYMENT_ID_) 
references ACT_RE_DEPLOYMENT (ID_)
10:45:10,973 [main] DEBUG org.activiti.engine.impl.db.DbSqlSession  - SQL: alter table ACT_PROCDEF_INFO 
add constraint ACT_FK_INFO_JSON_BA 
foreign key (INFO_JSON_ID_) 
references ACT_GE_BYTEARRAY (ID_)
10:45:10,973 [main] DEBUG org.activiti.engine.impl.db.DbSqlSession  - SQL: alter table ACT_PROCDEF_INFO 
add constraint ACT_FK_INFO_PROCDEF 
foreign key (PROC_DEF_ID_) 
references ACT_RE_PROCDEF (ID_)
10:45:10,973 [main] DEBUG org.activiti.engine.impl.db.DbSqlSession  - SQL: alter table ACT_PROCDEF_INFO 
add constraint ACT_UNIQ_INFO_PROCDEF 
unique (PROC_DEF_ID_)
10:45:10,973 [main] DEBUG org.activiti.engine.impl.db.DbSqlSession  - activiti db schema create for component engine successful
10:45:10,973 [main] INFO  org.activiti.engine.impl.db.DbSqlSession  - performing create on history with resource org/activiti/db/create/activiti.h2.create.history.sql
10:45:10,973 [main] DEBUG org.activiti.engine.impl.db.DbSqlSession  - SQL: create table ACT_HI_PROCINST ( 
ID_ varchar(64) not null, 
PROC_INST_ID_ varchar(64) not null, 
BUSINESS_KEY_ varchar(255), 
PROC_DEF_ID_ varchar(64) not null, 
START_TIME_ timestamp not null, 
END_TIME_ timestamp, 
DURATION_ bigint, 
START_USER_ID_ varchar(255), 
START_ACT_ID_ varchar(255), 
END_ACT_ID_ varchar(255), 
SUPER_PROCESS_INSTANCE_ID_ varchar(64), 
DELETE_REASON_ varchar(4000), 
TENANT_ID_ varchar(255) default &apos;&apos;, 
NAME_ varchar(255), 
primary key (ID_), 
unique (PROC_INST_ID_) 
)
10:45:10,973 [main] DEBUG org.activiti.engine.impl.db.DbSqlSession  - SQL: create table ACT_HI_ACTINST ( 
ID_ varchar(64) not null, 
PROC_DEF_ID_ varchar(64) not null, 
PROC_INST_ID_ varchar(64) not null, 
EXECUTION_ID_ varchar(64) not null, 
ACT_ID_ varchar(255) not null, 
TASK_ID_ varchar(64), 
CALL_PROC_INST_ID_ varchar(64), 
ACT_NAME_ varchar(255), 
ACT_TYPE_ varchar(255) not null, 
ASSIGNEE_ varchar(255), 
START_TIME_ timestamp not null, 
END_TIME_ timestamp, 
DURATION_ bigint, 
TENANT_ID_ varchar(255) default &apos;&apos;, 
primary key (ID_) 
)
10:45:10,973 [main] DEBUG org.activiti.engine.impl.db.DbSqlSession  - SQL: create table ACT_HI_TASKINST ( 
ID_ varchar(64) not null, 
PROC_DEF_ID_ varchar(64), 
TASK_DEF_KEY_ varchar(255), 
PROC_INST_ID_ varchar(64), 
EXECUTION_ID_ varchar(64), 
NAME_ varchar(255), 
PARENT_TASK_ID_ varchar(64), 
DESCRIPTION_ varchar(4000), 
OWNER_ varchar(255), 
ASSIGNEE_ varchar(255), 
START_TIME_ timestamp not null, 
CLAIM_TIME_ timestamp, 
END_TIME_ timestamp, 
DURATION_ bigint, 
DELETE_REASON_ varchar(4000), 
PRIORITY_ integer, 
DUE_DATE_ timestamp, 
FORM_KEY_ varchar(255), 
CATEGORY_ varchar(255), 
TENANT_ID_ varchar(255) default &apos;&apos;, 
primary key (ID_) 
)
10:45:10,973 [main] DEBUG org.activiti.engine.impl.db.DbSqlSession  - SQL: create table ACT_HI_VARINST ( 
ID_ varchar(64) not null, 
PROC_INST_ID_ varchar(64), 
EXECUTION_ID_ varchar(64), 
TASK_ID_ varchar(64), 
NAME_ varchar(255) not null, 
VAR_TYPE_ varchar(100), 
REV_ integer, 
BYTEARRAY_ID_ varchar(64), 
DOUBLE_ double, 
LONG_ bigint, 
TEXT_ varchar(4000), 
TEXT2_ varchar(4000), 
CREATE_TIME_ timestamp, 
LAST_UPDATED_TIME_ timestamp, 
primary key (ID_) 
)
10:45:10,973 [main] DEBUG org.activiti.engine.impl.db.DbSqlSession  - SQL: create table ACT_HI_DETAIL ( 
ID_ varchar(64) not null, 
TYPE_ varchar(255) not null, 
TIME_ timestamp not null, 
NAME_ varchar(255), 
PROC_INST_ID_ varchar(64), 
EXECUTION_ID_ varchar(64), 
TASK_ID_ varchar(64), 
ACT_INST_ID_ varchar(64), 
VAR_TYPE_ varchar(255), 
REV_ integer, 
BYTEARRAY_ID_ varchar(64), 
DOUBLE_ double, 
LONG_ bigint, 
TEXT_ varchar(4000), 
TEXT2_ varchar(4000), 
primary key (ID_) 
)
10:45:10,973 [main] DEBUG org.activiti.engine.impl.db.DbSqlSession  - SQL: create table ACT_HI_COMMENT ( 
ID_ varchar(64) not null, 
TYPE_ varchar(255), 
TIME_ timestamp not null, 
USER_ID_ varchar(255), 
TASK_ID_ varchar(64), 
PROC_INST_ID_ varchar(64), 
ACTION_ varchar(255), 
MESSAGE_ varchar(4000), 
FULL_MSG_ longvarbinary, 
primary key (ID_) 
)
10:45:10,973 [main] DEBUG org.activiti.engine.impl.db.DbSqlSession  - SQL: create table ACT_HI_ATTACHMENT ( 
ID_ varchar(64) not null, 
REV_ integer, 
USER_ID_ varchar(255), 
NAME_ varchar(255), 
DESCRIPTION_ varchar(4000), 
TYPE_ varchar(255), 
TASK_ID_ varchar(64), 
PROC_INST_ID_ varchar(64), 
URL_ varchar(4000), 
CONTENT_ID_ varchar(64), 
TIME_ timestamp, 
primary key (ID_) 
)
10:45:10,974 [main] DEBUG org.activiti.engine.impl.db.DbSqlSession  - SQL: create table ACT_HI_IDENTITYLINK ( 
ID_ varchar(64), 
GROUP_ID_ varchar(255), 
TYPE_ varchar(255), 
USER_ID_ varchar(255), 
TASK_ID_ varchar(64), 
PROC_INST_ID_ varchar(64) null, 
primary key (ID_) 
)
10:45:10,974 [main] DEBUG org.activiti.engine.impl.db.DbSqlSession  - SQL: create index ACT_IDX_HI_PRO_INST_END on ACT_HI_PROCINST(END_TIME_)
10:45:10,974 [main] DEBUG org.activiti.engine.impl.db.DbSqlSession  - SQL: create index ACT_IDX_HI_PRO_I_BUSKEY on ACT_HI_PROCINST(BUSINESS_KEY_)
10:45:10,974 [main] DEBUG org.activiti.engine.impl.db.DbSqlSession  - SQL: create index ACT_IDX_HI_ACT_INST_START on ACT_HI_ACTINST(START_TIME_)
10:45:10,974 [main] DEBUG org.activiti.engine.impl.db.DbSqlSession  - SQL: create index ACT_IDX_HI_ACT_INST_END on ACT_HI_ACTINST(END_TIME_)
10:45:10,974 [main] DEBUG org.activiti.engine.impl.db.DbSqlSession  - SQL: create index ACT_IDX_HI_DETAIL_PROC_INST on ACT_HI_DETAIL(PROC_INST_ID_)
10:45:10,974 [main] DEBUG org.activiti.engine.impl.db.DbSqlSession  - SQL: create index ACT_IDX_HI_DETAIL_ACT_INST on ACT_HI_DETAIL(ACT_INST_ID_)
10:45:10,974 [main] DEBUG org.activiti.engine.impl.db.DbSqlSession  - SQL: create index ACT_IDX_HI_DETAIL_TIME on ACT_HI_DETAIL(TIME_)
10:45:10,974 [main] DEBUG org.activiti.engine.impl.db.DbSqlSession  - SQL: create index ACT_IDX_HI_DETAIL_NAME on ACT_HI_DETAIL(NAME_)
10:45:10,974 [main] DEBUG org.activiti.engine.impl.db.DbSqlSession  - SQL: create index ACT_IDX_HI_DETAIL_TASK_ID on ACT_HI_DETAIL(TASK_ID_)
10:45:10,974 [main] DEBUG org.activiti.engine.impl.db.DbSqlSession  - SQL: create index ACT_IDX_HI_PROCVAR_PROC_INST on ACT_HI_VARINST(PROC_INST_ID_)
10:45:10,974 [main] DEBUG org.activiti.engine.impl.db.DbSqlSession  - SQL: create index ACT_IDX_HI_PROCVAR_NAME_TYPE on ACT_HI_VARINST(NAME_, VAR_TYPE_)
10:45:10,974 [main] DEBUG org.activiti.engine.impl.db.DbSqlSession  - SQL: create index ACT_IDX_HI_PROCVAR_TASK_ID on ACT_HI_VARINST(TASK_ID_)
10:45:10,974 [main] DEBUG org.activiti.engine.impl.db.DbSqlSession  - SQL: create index ACT_IDX_HI_ACT_INST_PROCINST on ACT_HI_ACTINST(PROC_INST_ID_, ACT_ID_)
10:45:10,974 [main] DEBUG org.activiti.engine.impl.db.DbSqlSession  - SQL: create index ACT_IDX_HI_IDENT_LNK_USER on ACT_HI_IDENTITYLINK(USER_ID_)
10:45:10,974 [main] DEBUG org.activiti.engine.impl.db.DbSqlSession  - SQL: create index ACT_IDX_HI_IDENT_LNK_TASK on ACT_HI_IDENTITYLINK(TASK_ID_)
10:45:10,974 [main] DEBUG org.activiti.engine.impl.db.DbSqlSession  - SQL: create index ACT_IDX_HI_IDENT_LNK_PROCINST on ACT_HI_IDENTITYLINK(PROC_INST_ID_)
10:45:10,974 [main] DEBUG org.activiti.engine.impl.db.DbSqlSession  - SQL: create index ACT_IDX_HI_ACT_INST_EXEC on ACT_HI_ACTINST(EXECUTION_ID_, ACT_ID_)
10:45:10,974 [main] DEBUG org.activiti.engine.impl.db.DbSqlSession  - SQL: create index ACT_IDX_HI_TASK_INST_PROCINST on ACT_HI_TASKINST(PROC_INST_ID_)
10:45:10,974 [main] DEBUG org.activiti.engine.impl.db.DbSqlSession  - activiti db schema create for component history successful
10:45:10,974 [main] INFO  org.activiti.engine.impl.db.DbSqlSession  - performing create on identity with resource org/activiti/db/create/activiti.h2.create.identity.sql
10:45:10,974 [main] DEBUG org.activiti.engine.impl.db.DbSqlSession  - SQL: create table ACT_ID_GROUP ( 
ID_ varchar(64), 
REV_ integer, 
NAME_ varchar(255), 
TYPE_ varchar(255), 
primary key (ID_) 
)
10:45:10,974 [main] DEBUG org.activiti.engine.impl.db.DbSqlSession  - SQL: create table ACT_ID_MEMBERSHIP ( 
USER_ID_ varchar(64), 
GROUP_ID_ varchar(64), 
primary key (USER_ID_, GROUP_ID_) 
)
10:45:10,974 [main] DEBUG org.activiti.engine.impl.db.DbSqlSession  - SQL: create table ACT_ID_USER ( 
ID_ varchar(64), 
REV_ integer, 
FIRST_ varchar(255), 
LAST_ varchar(255), 
EMAIL_ varchar(255), 
PWD_ varchar(255), 
PICTURE_ID_ varchar(64), 
primary key (ID_) 
)
10:45:10,974 [main] DEBUG org.activiti.engine.impl.db.DbSqlSession  - SQL: create table ACT_ID_INFO ( 
ID_ varchar(64), 
REV_ integer, 
USER_ID_ varchar(64), 
TYPE_ varchar(64), 
KEY_ varchar(255), 
VALUE_ varchar(255), 
PASSWORD_ longvarbinary, 
PARENT_ID_ varchar(255), 
primary key (ID_) 
)
10:45:10,974 [main] DEBUG org.activiti.engine.impl.db.DbSqlSession  - SQL: alter table ACT_ID_MEMBERSHIP 
add constraint ACT_FK_MEMB_GROUP 
foreign key (GROUP_ID_) 
references ACT_ID_GROUP
10:45:10,974 [main] DEBUG org.activiti.engine.impl.db.DbSqlSession  - SQL: alter table ACT_ID_MEMBERSHIP 
add constraint ACT_FK_MEMB_USER 
foreign key (USER_ID_) 
references ACT_ID_USER
10:45:10,974 [main] DEBUG org.activiti.engine.impl.db.DbSqlSession  - activiti db schema create for component identity successful
10:45:10,974 [main] DEBUG org.activiti.engine.impl.db.DbSqlSession  - flush summary: 0 insert, 0 update, 0 delete.
10:45:10,974 [main] DEBUG org.activiti.engine.impl.db.DbSqlSession  - now executing flush...
10:45:10,974 [main] DEBUG org.activiti.engine.impl.cfg.standalone.StandaloneMybatisTransactionContext  - firing event committing...
10:45:10,974 [main] DEBUG org.activiti.engine.impl.cfg.standalone.StandaloneMybatisTransactionContext  - committing the ibatis sql session...
10:45:10,974 [main] DEBUG org.activiti.engine.impl.cfg.standalone.StandaloneMybatisTransactionContext  - firing event committed...
10:45:10,974 [main] DEBUG org.apache.ibatis.transaction.jdbc.JdbcTransaction  - Resetting autocommit to true on JDBC Connection [conn2: url=jdbc:h2:mem:activiti user=SA]
10:45:10,974 [main] DEBUG org.apache.ibatis.transaction.jdbc.JdbcTransaction  - Closing JDBC Connection [conn2: url=jdbc:h2:mem:activiti user=SA]
10:45:10,974 [main] DEBUG org.apache.ibatis.datasource.pooled.PooledDataSource  - Returned connection 363509958 to pool.
10:45:10,974 [main] DEBUG org.activiti.engine.impl.interceptor.LogInterceptor  - ---  finished --------------------------------------------------------
10:45:10,974 [main] DEBUG org.activiti.engine.impl.interceptor.LogInterceptor  - 

</system-out>
  </testcase>
</testsuite>