<?xml version="1.0" encoding="UTF-8" ?>
<testsuite tests="3" failures="0" name="org.activiti.engine.test.bpmn.event.message.MessageIntermediateEventTest" time="0.028" errors="3" skipped="0">
  <properties>
    <property name="idea.version" value="2022.3.1"/>
    <property name="java.runtime.name" value="Java(TM) SE Runtime Environment"/>
    <property name="sun.boot.library.path" value="C:\Program Files\Java\jdk1.8.0_351\jre\bin"/>
    <property name="java.vm.version" value="25.351-b10"/>
    <property name="java.vm.vendor" value="Oracle Corporation"/>
    <property name="java.vendor.url" value="http://java.oracle.com/"/>
    <property name="path.separator" value=";"/>
    <property name="java.vm.name" value="Java HotSpot(TM) 64-Bit Server VM"/>
    <property name="file.encoding.pkg" value="sun.io"/>
    <property name="user.script" value=""/>
    <property name="user.country" value="CN"/>
    <property name="sun.java.launcher" value="SUN_STANDARD"/>
    <property name="sun.os.patch.level" value=""/>
    <property name="java.vm.specification.name" value="Java Virtual Machine Specification"/>
    <property name="user.dir" value="D:\xinchuang\activiti-engine-5.19.0.2"/>
    <property name="java.runtime.version" value="1.8.0_351-b10"/>
    <property name="java.awt.graphicsenv" value="sun.awt.Win32GraphicsEnvironment"/>
    <property name="basedir" value="D:\xinchuang\activiti-engine-5.19.0.2"/>
    <property name="java.endorsed.dirs" value="C:\Program Files\Java\jdk1.8.0_351\jre\lib\endorsed"/>
    <property name="os.arch" value="amd64"/>
    <property name="surefire.real.class.path" value="D:\xinchuang\activiti-engine-5.19.0.2\target\surefire\surefirebooter2972839343429811619.jar"/>
    <property name="java.io.tmpdir" value="C:\Users\ryan\AppData\Local\Temp\"/>
    <property name="line.separator" value="
"/>
    <property name="java.vm.specification.vendor" value="Oracle Corporation"/>
    <property name="user.variant" value=""/>
    <property name="os.name" value="Windows 11"/>
    <property name="sun.jnu.encoding" value="GBK"/>
    <property name="java.library.path" value="C:\Program Files\Java\jdk1.8.0_351\jre\bin;C:\WINDOWS\Sun\Java\bin;C:\WINDOWS\system32;C:\WINDOWS;C:\Program Files (x86)\Common Files\Oracle\Java\javapath;D:\Program Files (x86)\VMware\VMware Workstation\bin\;C:\ProgramData\Oracle\Java\javapath;C:\WINDOWS\system32;C:\WINDOWS;C:\WINDOWS\System32\Wbem;C:\WINDOWS\System32\WindowsPowerShell\v1.0\;C:\WINDOWS\System32\OpenSSH\;d:\Program Files\Git\cmd;D:\Program Files\apache-maven-3.6.1\bin;C:\Program Files\Java\jdk1.8.0_351\bin;D:\Program Files\nodejs\;C:\Program Files\Bandizip\;D:\Program Files (x86)\NetSarang\Xshell 7\;D:\Program Files (x86)\NetSarang\Xftp 7\;D:\Program Files\cmder;;C:\Program Files (x86)\Tencent\微信web开发者工具\dll;C:\Users\ryan\.app\;C:\Users\ryan\AppData\Local\Programs\Python\Python38\Scripts\;C:\Users\ryan\AppData\Local\Programs\Python\Python38\;C:\Users\ryan\AppData\Local\Microsoft\WindowsApps;D:\Program Files\Microsoft VS Code\bin;C:\Users\ryan\AppData\Roaming\npm;d:\Program Files\JetBrains\IntelliJ IDEA 2020.3\bin;;d:\Program Files\JetBrains\DataGrip 2021.1.3\bin;;;."/>
    <property name="surefire.test.class.path" value="D:\xinchuang\activiti-engine-5.19.0.2\target\test-classes;D:\xinchuang\activiti-engine-5.19.0.2\target\classes;D:\Program Files\apache-maven-3.6.1\shanxi\org\activiti\activiti-bpmn-converter\5.19.0.2\activiti-bpmn-converter-5.19.0.2.jar;D:\Program Files\apache-maven-3.6.1\shanxi\org\activiti\activiti-bpmn-model\5.19.0.2\activiti-bpmn-model-5.19.0.2.jar;D:\Program Files\apache-maven-3.6.1\shanxi\com\fasterxml\jackson\core\jackson-core\2.2.3\jackson-core-2.2.3.jar;D:\Program Files\apache-maven-3.6.1\shanxi\com\fasterxml\jackson\core\jackson-databind\2.2.3\jackson-databind-2.2.3.jar;D:\Program Files\apache-maven-3.6.1\shanxi\com\fasterxml\jackson\core\jackson-annotations\2.2.3\jackson-annotations-2.2.3.jar;D:\Program Files\apache-maven-3.6.1\shanxi\org\activiti\activiti-process-validation\5.19.0.2\activiti-process-validation-5.19.0.2.jar;D:\Program Files\apache-maven-3.6.1\shanxi\org\activiti\activiti-image-generator\5.19.0.2\activiti-image-generator-5.19.0.2.jar;D:\Program Files\apache-maven-3.6.1\shanxi\org\apache\commons\commons-email\1.4\commons-email-1.4.jar;D:\Program Files\apache-maven-3.6.1\shanxi\com\sun\mail\javax.mail\1.5.2\javax.mail-1.5.2.jar;D:\Program Files\apache-maven-3.6.1\shanxi\javax\activation\activation\1.1.1\activation-1.1.1.jar;D:\Program Files\apache-maven-3.6.1\shanxi\org\apache\commons\commons-lang3\3.3.2\commons-lang3-3.3.2.jar;D:\Program Files\apache-maven-3.6.1\shanxi\org\mybatis\mybatis\3.3.0\mybatis-3.3.0.jar;D:\Program Files\apache-maven-3.6.1\shanxi\org\springframework\spring-beans\4.1.5.RELEASE\spring-beans-4.1.5.RELEASE.jar;D:\Program Files\apache-maven-3.6.1\shanxi\org\springframework\spring-core\4.1.5.RELEASE\spring-core-4.1.5.RELEASE.jar;D:\Program Files\apache-maven-3.6.1\shanxi\junit\junit\4.11\junit-4.11.jar;D:\Program Files\apache-maven-3.6.1\shanxi\org\hamcrest\hamcrest-core\1.3\hamcrest-core-1.3.jar;D:\Program Files\apache-maven-3.6.1\shanxi\org\codehaus\groovy\groovy-all\2.4.3\groovy-all-2.4.3.jar;D:\Program Files\apache-maven-3.6.1\shanxi\org\drools\drools-core\5.5.0.Final\drools-core-5.5.0.Final.jar;D:\Program Files\apache-maven-3.6.1\shanxi\org\mvel\mvel2\2.1.3.Final\mvel2-2.1.3.Final.jar;D:\Program Files\apache-maven-3.6.1\shanxi\org\drools\knowledge-api\5.5.0.Final\knowledge-api-5.5.0.Final.jar;D:\Program Files\apache-maven-3.6.1\shanxi\org\drools\knowledge-internal-api\5.5.0.Final\knowledge-internal-api-5.5.0.Final.jar;D:\Program Files\apache-maven-3.6.1\shanxi\org\drools\drools-compiler\5.5.0.Final\drools-compiler-5.5.0.Final.jar;D:\Program Files\apache-maven-3.6.1\shanxi\org\antlr\antlr-runtime\3.3\antlr-runtime-3.3.jar;D:\Program Files\apache-maven-3.6.1\shanxi\org\antlr\antlr\3.3\antlr-3.3.jar;D:\Program Files\apache-maven-3.6.1\shanxi\org\antlr\stringtemplate\3.2.1\stringtemplate-3.2.1.jar;D:\Program Files\apache-maven-3.6.1\shanxi\antlr\antlr\2.7.7\antlr-2.7.7.jar;D:\Program Files\apache-maven-3.6.1\shanxi\org\eclipse\jdt\core\compiler\ecj\3.5.1\ecj-3.5.1.jar;D:\Program Files\apache-maven-3.6.1\shanxi\com\thoughtworks\xstream\xstream\1.4.1\xstream-1.4.1.jar;D:\Program Files\apache-maven-3.6.1\shanxi\xmlpull\xmlpull\1.1.3.1\xmlpull-1.1.3.1.jar;D:\Program Files\apache-maven-3.6.1\shanxi\xpp3\xpp3_min\1.1.4c\xpp3_min-1.1.4c.jar;D:\Program Files\apache-maven-3.6.1\shanxi\javax\persistence\persistence-api\1.0\persistence-api-1.0.jar;D:\Program Files\apache-maven-3.6.1\shanxi\org\apache\geronimo\specs\geronimo-jta_1.1_spec\1.1.1\geronimo-jta_1.1_spec-1.1.1.jar;D:\Program Files\apache-maven-3.6.1\shanxi\javax\enterprise\concurrent\javax.enterprise.concurrent-api\1.0\javax.enterprise.concurrent-api-1.0.jar;D:\Program Files\apache-maven-3.6.1\shanxi\com\h2database\h2\1.3.176\h2-1.3.176.jar;D:\Program Files\apache-maven-3.6.1\shanxi\org\mockito\mockito-core\1.8.2\mockito-core-1.8.2.jar;D:\Program Files\apache-maven-3.6.1\shanxi\org\objenesis\objenesis\1.0\objenesis-1.0.jar;D:\Program Files\apache-maven-3.6.1\shanxi\org\apache\openjpa\openjpa\1.2.2\openjpa-1.2.2.jar;D:\Program Files\apache-maven-3.6.1\shanxi\net\sourceforge\serp\serp\1.13.1\serp-1.13.1.jar;D:\Program Files\apache-maven-3.6.1\shanxi\commons-lang\commons-lang\2.1\commons-lang-2.1.jar;D:\Program Files\apache-maven-3.6.1\shanxi\commons-collections\commons-collections\3.2\commons-collections-3.2.jar;D:\Program Files\apache-maven-3.6.1\shanxi\commons-pool\commons-pool\1.3\commons-pool-1.3.jar;D:\Program Files\apache-maven-3.6.1\shanxi\org\apache\geronimo\specs\geronimo-jms_1.1_spec\1.0.1\geronimo-jms_1.1_spec-1.0.1.jar;D:\Program Files\apache-maven-3.6.1\shanxi\org\apache\geronimo\specs\geronimo-jpa_3.0_spec\1.0\geronimo-jpa_3.0_spec-1.0.jar;D:\Program Files\apache-maven-3.6.1\shanxi\org\subethamail\subethasmtp-wiser\1.2\subethasmtp-wiser-1.2.jar;D:\Program Files\apache-maven-3.6.1\shanxi\org\subethamail\subethasmtp-smtp\1.2\subethasmtp-smtp-1.2.jar;D:\Program Files\apache-maven-3.6.1\shanxi\javax\mail\mail\1.4.1\mail-1.4.1.jar;D:\Program Files\apache-maven-3.6.1\shanxi\mysql\mysql-connector-java\5.1.27\mysql-connector-java-5.1.27.jar;D:\Program Files\apache-maven-3.6.1\shanxi\org\postgresql\postgresql\9.4-1201-jdbc4\postgresql-9.4-1201-jdbc4.jar;D:\Program Files\apache-maven-3.6.1\shanxi\net\sourceforge\jtds\jtds\1.3.0\jtds-1.3.0.jar;D:\Program Files\apache-maven-3.6.1\shanxi\com\fasterxml\uuid\java-uuid-generator\3.1.3\java-uuid-generator-3.1.3.jar;D:\Program Files\apache-maven-3.6.1\shanxi\log4j\log4j\1.2.13\log4j-1.2.13.jar;D:\Program Files\apache-maven-3.6.1\shanxi\commons-io\commons-io\2.0.1\commons-io-2.0.1.jar;D:\Program Files\apache-maven-3.6.1\shanxi\joda-time\joda-time\2.6\joda-time-2.6.jar;D:\Program Files\apache-maven-3.6.1\shanxi\org\slf4j\slf4j-api\1.7.6\slf4j-api-1.7.6.jar;D:\Program Files\apache-maven-3.6.1\shanxi\org\slf4j\jcl-over-slf4j\1.7.6\jcl-over-slf4j-1.7.6.jar;D:\Program Files\apache-maven-3.6.1\shanxi\org\slf4j\slf4j-log4j12\1.7.6\slf4j-log4j12-1.7.6.jar;D:\Program Files\apache-maven-3.6.1\shanxi\com\googlecode\catch-exception\catch-exception\1.2.0\catch-exception-1.2.0.jar;D:\Program Files\apache-maven-3.6.1\shanxi\org\codehaus\btm\btm\2.1.3\btm-2.1.3.jar;D:\Program Files\apache-maven-3.6.1\shanxi\javax\transaction\jta\1.1\jta-1.1.jar;"/>
    <property name="sun.awt.enableExtraMouseButtons" value="true"/>
    <property name="java.specification.name" value="Java Platform API Specification"/>
    <property name="java.class.version" value="52.0"/>
    <property name="sun.management.compiler" value="HotSpot 64-Bit Tiered Compilers"/>
    <property name="maven.repo.local" value="D:\Program Files\apache-maven-3.6.1\shanxi"/>
    <property name="os.version" value="10.0"/>
    <property name="user.home" value="C:\Users\ryan"/>
    <property name="user.timezone" value="Asia/Shanghai"/>
    <property name="java.awt.printerjob" value="sun.awt.windows.WPrinterJob"/>
    <property name="java.specification.version" value="1.8"/>
    <property name="file.encoding" value="GBK"/>
    <property name="user.name" value="ryan"/>
    <property name="java.class.path" value="D:\xinchuang\activiti-engine-5.19.0.2\target\test-classes;D:\xinchuang\activiti-engine-5.19.0.2\target\classes;D:\Program Files\apache-maven-3.6.1\shanxi\org\activiti\activiti-bpmn-converter\5.19.0.2\activiti-bpmn-converter-5.19.0.2.jar;D:\Program Files\apache-maven-3.6.1\shanxi\org\activiti\activiti-bpmn-model\5.19.0.2\activiti-bpmn-model-5.19.0.2.jar;D:\Program Files\apache-maven-3.6.1\shanxi\com\fasterxml\jackson\core\jackson-core\2.2.3\jackson-core-2.2.3.jar;D:\Program Files\apache-maven-3.6.1\shanxi\com\fasterxml\jackson\core\jackson-databind\2.2.3\jackson-databind-2.2.3.jar;D:\Program Files\apache-maven-3.6.1\shanxi\com\fasterxml\jackson\core\jackson-annotations\2.2.3\jackson-annotations-2.2.3.jar;D:\Program Files\apache-maven-3.6.1\shanxi\org\activiti\activiti-process-validation\5.19.0.2\activiti-process-validation-5.19.0.2.jar;D:\Program Files\apache-maven-3.6.1\shanxi\org\activiti\activiti-image-generator\5.19.0.2\activiti-image-generator-5.19.0.2.jar;D:\Program Files\apache-maven-3.6.1\shanxi\org\apache\commons\commons-email\1.4\commons-email-1.4.jar;D:\Program Files\apache-maven-3.6.1\shanxi\com\sun\mail\javax.mail\1.5.2\javax.mail-1.5.2.jar;D:\Program Files\apache-maven-3.6.1\shanxi\javax\activation\activation\1.1.1\activation-1.1.1.jar;D:\Program Files\apache-maven-3.6.1\shanxi\org\apache\commons\commons-lang3\3.3.2\commons-lang3-3.3.2.jar;D:\Program Files\apache-maven-3.6.1\shanxi\org\mybatis\mybatis\3.3.0\mybatis-3.3.0.jar;D:\Program Files\apache-maven-3.6.1\shanxi\org\springframework\spring-beans\4.1.5.RELEASE\spring-beans-4.1.5.RELEASE.jar;D:\Program Files\apache-maven-3.6.1\shanxi\org\springframework\spring-core\4.1.5.RELEASE\spring-core-4.1.5.RELEASE.jar;D:\Program Files\apache-maven-3.6.1\shanxi\junit\junit\4.11\junit-4.11.jar;D:\Program Files\apache-maven-3.6.1\shanxi\org\hamcrest\hamcrest-core\1.3\hamcrest-core-1.3.jar;D:\Program Files\apache-maven-3.6.1\shanxi\org\codehaus\groovy\groovy-all\2.4.3\groovy-all-2.4.3.jar;D:\Program Files\apache-maven-3.6.1\shanxi\org\drools\drools-core\5.5.0.Final\drools-core-5.5.0.Final.jar;D:\Program Files\apache-maven-3.6.1\shanxi\org\mvel\mvel2\2.1.3.Final\mvel2-2.1.3.Final.jar;D:\Program Files\apache-maven-3.6.1\shanxi\org\drools\knowledge-api\5.5.0.Final\knowledge-api-5.5.0.Final.jar;D:\Program Files\apache-maven-3.6.1\shanxi\org\drools\knowledge-internal-api\5.5.0.Final\knowledge-internal-api-5.5.0.Final.jar;D:\Program Files\apache-maven-3.6.1\shanxi\org\drools\drools-compiler\5.5.0.Final\drools-compiler-5.5.0.Final.jar;D:\Program Files\apache-maven-3.6.1\shanxi\org\antlr\antlr-runtime\3.3\antlr-runtime-3.3.jar;D:\Program Files\apache-maven-3.6.1\shanxi\org\antlr\antlr\3.3\antlr-3.3.jar;D:\Program Files\apache-maven-3.6.1\shanxi\org\antlr\stringtemplate\3.2.1\stringtemplate-3.2.1.jar;D:\Program Files\apache-maven-3.6.1\shanxi\antlr\antlr\2.7.7\antlr-2.7.7.jar;D:\Program Files\apache-maven-3.6.1\shanxi\org\eclipse\jdt\core\compiler\ecj\3.5.1\ecj-3.5.1.jar;D:\Program Files\apache-maven-3.6.1\shanxi\com\thoughtworks\xstream\xstream\1.4.1\xstream-1.4.1.jar;D:\Program Files\apache-maven-3.6.1\shanxi\xmlpull\xmlpull\1.1.3.1\xmlpull-1.1.3.1.jar;D:\Program Files\apache-maven-3.6.1\shanxi\xpp3\xpp3_min\1.1.4c\xpp3_min-1.1.4c.jar;D:\Program Files\apache-maven-3.6.1\shanxi\javax\persistence\persistence-api\1.0\persistence-api-1.0.jar;D:\Program Files\apache-maven-3.6.1\shanxi\org\apache\geronimo\specs\geronimo-jta_1.1_spec\1.1.1\geronimo-jta_1.1_spec-1.1.1.jar;D:\Program Files\apache-maven-3.6.1\shanxi\javax\enterprise\concurrent\javax.enterprise.concurrent-api\1.0\javax.enterprise.concurrent-api-1.0.jar;D:\Program Files\apache-maven-3.6.1\shanxi\com\h2database\h2\1.3.176\h2-1.3.176.jar;D:\Program Files\apache-maven-3.6.1\shanxi\org\mockito\mockito-core\1.8.2\mockito-core-1.8.2.jar;D:\Program Files\apache-maven-3.6.1\shanxi\org\objenesis\objenesis\1.0\objenesis-1.0.jar;D:\Program Files\apache-maven-3.6.1\shanxi\org\apache\openjpa\openjpa\1.2.2\openjpa-1.2.2.jar;D:\Program Files\apache-maven-3.6.1\shanxi\net\sourceforge\serp\serp\1.13.1\serp-1.13.1.jar;D:\Program Files\apache-maven-3.6.1\shanxi\commons-lang\commons-lang\2.1\commons-lang-2.1.jar;D:\Program Files\apache-maven-3.6.1\shanxi\commons-collections\commons-collections\3.2\commons-collections-3.2.jar;D:\Program Files\apache-maven-3.6.1\shanxi\commons-pool\commons-pool\1.3\commons-pool-1.3.jar;D:\Program Files\apache-maven-3.6.1\shanxi\org\apache\geronimo\specs\geronimo-jms_1.1_spec\1.0.1\geronimo-jms_1.1_spec-1.0.1.jar;D:\Program Files\apache-maven-3.6.1\shanxi\org\apache\geronimo\specs\geronimo-jpa_3.0_spec\1.0\geronimo-jpa_3.0_spec-1.0.jar;D:\Program Files\apache-maven-3.6.1\shanxi\org\subethamail\subethasmtp-wiser\1.2\subethasmtp-wiser-1.2.jar;D:\Program Files\apache-maven-3.6.1\shanxi\org\subethamail\subethasmtp-smtp\1.2\subethasmtp-smtp-1.2.jar;D:\Program Files\apache-maven-3.6.1\shanxi\javax\mail\mail\1.4.1\mail-1.4.1.jar;D:\Program Files\apache-maven-3.6.1\shanxi\mysql\mysql-connector-java\5.1.27\mysql-connector-java-5.1.27.jar;D:\Program Files\apache-maven-3.6.1\shanxi\org\postgresql\postgresql\9.4-1201-jdbc4\postgresql-9.4-1201-jdbc4.jar;D:\Program Files\apache-maven-3.6.1\shanxi\net\sourceforge\jtds\jtds\1.3.0\jtds-1.3.0.jar;D:\Program Files\apache-maven-3.6.1\shanxi\com\fasterxml\uuid\java-uuid-generator\3.1.3\java-uuid-generator-3.1.3.jar;D:\Program Files\apache-maven-3.6.1\shanxi\log4j\log4j\1.2.13\log4j-1.2.13.jar;D:\Program Files\apache-maven-3.6.1\shanxi\commons-io\commons-io\2.0.1\commons-io-2.0.1.jar;D:\Program Files\apache-maven-3.6.1\shanxi\joda-time\joda-time\2.6\joda-time-2.6.jar;D:\Program Files\apache-maven-3.6.1\shanxi\org\slf4j\slf4j-api\1.7.6\slf4j-api-1.7.6.jar;D:\Program Files\apache-maven-3.6.1\shanxi\org\slf4j\jcl-over-slf4j\1.7.6\jcl-over-slf4j-1.7.6.jar;D:\Program Files\apache-maven-3.6.1\shanxi\org\slf4j\slf4j-log4j12\1.7.6\slf4j-log4j12-1.7.6.jar;D:\Program Files\apache-maven-3.6.1\shanxi\com\googlecode\catch-exception\catch-exception\1.2.0\catch-exception-1.2.0.jar;D:\Program Files\apache-maven-3.6.1\shanxi\org\codehaus\btm\btm\2.1.3\btm-2.1.3.jar;D:\Program Files\apache-maven-3.6.1\shanxi\javax\transaction\jta\1.1\jta-1.1.jar;"/>
    <property name="java.vm.specification.version" value="1.8"/>
    <property name="sun.arch.data.model" value="64"/>
    <property name="java.home" value="C:\Program Files\Java\jdk1.8.0_351\jre"/>
    <property name="sun.java.command" value="D:\xinchuang\activiti-engine-5.19.0.2\target\surefire\surefirebooter2972839343429811619.jar D:\xinchuang\activiti-engine-5.19.0.2\target\surefire\surefire1197127065150889766tmp D:\xinchuang\activiti-engine-5.19.0.2\target\surefire\surefire3285776718944652178tmp"/>
    <property name="java.specification.vendor" value="Oracle Corporation"/>
    <property name="user.language" value="en"/>
    <property name="awt.toolkit" value="sun.awt.windows.WToolkit"/>
    <property name="java.vm.info" value="mixed mode"/>
    <property name="java.version" value="1.8.0_351"/>
    <property name="java.ext.dirs" value="C:\Program Files\Java\jdk1.8.0_351\jre\lib\ext;C:\WINDOWS\Sun\Java\lib\ext"/>
    <property name="sun.boot.class.path" value="C:\Program Files\Java\jdk1.8.0_351\jre\lib\resources.jar;C:\Program Files\Java\jdk1.8.0_351\jre\lib\rt.jar;C:\Program Files\Java\jdk1.8.0_351\jre\lib\jsse.jar;C:\Program Files\Java\jdk1.8.0_351\jre\lib\jce.jar;C:\Program Files\Java\jdk1.8.0_351\jre\lib\charsets.jar;C:\Program Files\Java\jdk1.8.0_351\jre\lib\jfr.jar;C:\Program Files\Java\jdk1.8.0_351\jre\classes"/>
    <property name="java.vendor" value="Oracle Corporation"/>
    <property name="java.specification.maintenance.version" value="4"/>
    <property name="localRepository" value="D:\Program Files\apache-maven-3.6.1\shanxi"/>
    <property name="file.separator" value="\"/>
    <property name="java.vendor.url.bug" value="http://bugreport.sun.com/bugreport/"/>
    <property name="sun.cpu.endian" value="little"/>
    <property name="sun.io.unicode.encoding" value="UnicodeLittle"/>
    <property name="sun.desktop" value="windows"/>
    <property name="sun.cpu.isalist" value="amd64"/>
  </properties>
  <testcase classname="org.activiti.engine.test.bpmn.event.message.MessageIntermediateEventTest" name="testSingleIntermediateMessageEvent" time="0.008">
    <error message="
### Error querying database.  Cause: org.h2.jdbc.JdbcSQLException: Syntax error in SQL statement &quot;SELECT RES.* 
       
    FROM ACT_RE_PROCDEF RES
     
     WHERE  RES.DEPLOYMENT_ID_ = ? 
   
     ORDER BY  ORDER[*] BY RES.ID_ ASC  
    LIMIT ? OFFSET ? &quot;; expected &quot;=, NOT, EXISTS, INTERSECTS, SELECT, FROM&quot;; SQL statement:
select RES.* 
       
    from ACT_RE_PROCDEF RES
     
     WHERE  RES.DEPLOYMENT_ID_ = ? 
   
     order by  order by RES.ID_ asc  
    LIMIT ? OFFSET ? [42001-176]
### The error may exist in org/activiti/db/mapping/entity/ProcessDefinition.xml
### The error may involve org.activiti.engine.impl.persistence.entity.ProcessDefinitionEntity.selectProcessDefinitionsByQueryCriteria
### The error occurred while executing a query
### SQL: select RES.*              from ACT_RE_PROCDEF RES            WHERE  RES.DEPLOYMENT_ID_ = ?           order by  order by RES.ID_ asc       LIMIT ? OFFSET ?
### Cause: org.h2.jdbc.JdbcSQLException: Syntax error in SQL statement &quot;SELECT RES.* 
       
    FROM ACT_RE_PROCDEF RES
     
     WHERE  RES.DEPLOYMENT_ID_ = ? 
   
     ORDER BY  ORDER[*] BY RES.ID_ ASC  
    LIMIT ? OFFSET ? &quot;; expected &quot;=, NOT, EXISTS, INTERSECTS, SELECT, FROM&quot;; SQL statement:
select RES.* 
       
    from ACT_RE_PROCDEF RES
     
     WHERE  RES.DEPLOYMENT_ID_ = ? 
   
     order by  order by RES.ID_ asc  
    LIMIT ? OFFSET ? [42001-176]" type="org.apache.ibatis.exceptions.PersistenceException">org.apache.ibatis.exceptions.PersistenceException: 
### Error querying database.  Cause: org.h2.jdbc.JdbcSQLException: Syntax error in SQL statement &quot;SELECT RES.* 
       
    FROM ACT_RE_PROCDEF RES
     
     WHERE  RES.DEPLOYMENT_ID_ = ? 
   
     ORDER BY  ORDER[*] BY RES.ID_ ASC  
    LIMIT ? OFFSET ? &quot;; expected &quot;=, NOT, EXISTS, INTERSECTS, SELECT, FROM&quot;; SQL statement:
select RES.* 
       
    from ACT_RE_PROCDEF RES
     
     WHERE  RES.DEPLOYMENT_ID_ = ? 
   
     order by  order by RES.ID_ asc  
    LIMIT ? OFFSET ? [42001-176]
### The error may exist in org/activiti/db/mapping/entity/ProcessDefinition.xml
### The error may involve org.activiti.engine.impl.persistence.entity.ProcessDefinitionEntity.selectProcessDefinitionsByQueryCriteria
### The error occurred while executing a query
### SQL: select RES.*              from ACT_RE_PROCDEF RES            WHERE  RES.DEPLOYMENT_ID_ = ?           order by  order by RES.ID_ asc       LIMIT ? OFFSET ?
### Cause: org.h2.jdbc.JdbcSQLException: Syntax error in SQL statement &quot;SELECT RES.* 
       
    FROM ACT_RE_PROCDEF RES
     
     WHERE  RES.DEPLOYMENT_ID_ = ? 
   
     ORDER BY  ORDER[*] BY RES.ID_ ASC  
    LIMIT ? OFFSET ? &quot;; expected &quot;=, NOT, EXISTS, INTERSECTS, SELECT, FROM&quot;; SQL statement:
select RES.* 
       
    from ACT_RE_PROCDEF RES
     
     WHERE  RES.DEPLOYMENT_ID_ = ? 
   
     order by  order by RES.ID_ asc  
    LIMIT ? OFFSET ? [42001-176]
	at org.apache.ibatis.exceptions.ExceptionFactory.wrapException(ExceptionFactory.java:30)
	at org.apache.ibatis.session.defaults.DefaultSqlSession.selectList(DefaultSqlSession.java:122)
	at org.apache.ibatis.session.defaults.DefaultSqlSession.selectList(DefaultSqlSession.java:113)
	at org.activiti.engine.impl.db.DbSqlSession.selectListWithRawParameter(DbSqlSession.java:438)
	at org.activiti.engine.impl.db.DbSqlSession.selectList(DbSqlSession.java:429)
	at org.activiti.engine.impl.db.DbSqlSession.selectList(DbSqlSession.java:419)
	at org.activiti.engine.impl.persistence.entity.ProcessDefinitionEntityManager.findProcessDefinitionsByQueryCriteria(ProcessDefinitionEntityManager.java:57)
	at org.activiti.engine.impl.ProcessDefinitionQueryImpl.executeList(ProcessDefinitionQueryImpl.java:307)
	at org.activiti.engine.impl.AbstractQuery.list(AbstractQuery.java:140)
	at org.activiti.engine.impl.persistence.deploy.DeploymentManager.removeDeployment(DeploymentManager.java:187)
	at org.activiti.engine.impl.cmd.DeleteDeploymentCmd.execute(DeleteDeploymentCmd.java:44)
	at org.activiti.engine.impl.cmd.DeleteDeploymentCmd.execute(DeleteDeploymentCmd.java:24)
	at org.activiti.engine.impl.interceptor.CommandInvoker.execute(CommandInvoker.java:24)
	at org.activiti.engine.impl.interceptor.CommandContextInterceptor.execute(CommandContextInterceptor.java:57)
	at org.activiti.engine.impl.interceptor.LogInterceptor.execute(LogInterceptor.java:37)
	at org.activiti.engine.impl.cfg.CommandExecutorImpl.execute(CommandExecutorImpl.java:40)
	at org.activiti.engine.impl.cfg.CommandExecutorImpl.execute(CommandExecutorImpl.java:35)
	at org.activiti.engine.impl.RepositoryServiceImpl.deleteDeployment(RepositoryServiceImpl.java:90)
	at org.activiti.engine.impl.test.TestHelper.annotationDeploymentTearDown(TestHelper.java:116)
	at org.activiti.engine.impl.test.AbstractActivitiTestCase.runBare(AbstractActivitiTestCase.java:116)
	at junit.framework.TestResult$1.protect(TestResult.java:122)
	at junit.framework.TestResult.runProtected(TestResult.java:142)
	at junit.framework.TestResult.run(TestResult.java:125)
	at junit.framework.TestCase.run(TestCase.java:129)
	at junit.framework.TestSuite.runTest(TestSuite.java:255)
	at junit.framework.TestSuite.run(TestSuite.java:250)
	at org.junit.internal.runners.JUnit38ClassRunner.run(JUnit38ClassRunner.java:84)
	at org.apache.maven.surefire.junit4.JUnit4TestSet.execute(JUnit4TestSet.java:35)
	at org.apache.maven.surefire.junit4.JUnit4Provider.executeTestSet(JUnit4Provider.java:146)
	at org.apache.maven.surefire.junit4.JUnit4Provider.invoke(JUnit4Provider.java:97)
	at sun.reflect.NativeMethodAccessorImpl.invoke0(Native Method)
	at sun.reflect.NativeMethodAccessorImpl.invoke(NativeMethodAccessorImpl.java:62)
	at sun.reflect.DelegatingMethodAccessorImpl.invoke(DelegatingMethodAccessorImpl.java:43)
	at java.lang.reflect.Method.invoke(Method.java:498)
	at org.apache.maven.surefire.booter.ProviderFactory$ClassLoaderProxy.invoke(ProviderFactory.java:103)
	at com.sun.proxy.$Proxy0.invoke(Unknown Source)
	at org.apache.maven.surefire.booter.SurefireStarter.invokeProvider(SurefireStarter.java:145)
	at org.apache.maven.surefire.booter.SurefireStarter.runSuitesInProcess(SurefireStarter.java:87)
	at org.apache.maven.surefire.booter.ForkedBooter.main(ForkedBooter.java:69)
Caused by: org.h2.jdbc.JdbcSQLException: Syntax error in SQL statement &quot;SELECT RES.* 
       
    FROM ACT_RE_PROCDEF RES
     
     WHERE  RES.DEPLOYMENT_ID_ = ? 
   
     ORDER BY  ORDER[*] BY RES.ID_ ASC  
    LIMIT ? OFFSET ? &quot;; expected &quot;=, NOT, EXISTS, INTERSECTS, SELECT, FROM&quot;; SQL statement:
select RES.* 
       
    from ACT_RE_PROCDEF RES
     
     WHERE  RES.DEPLOYMENT_ID_ = ? 
   
     order by  order by RES.ID_ asc  
    LIMIT ? OFFSET ? [42001-176]
	at org.h2.message.DbException.getJdbcSQLException(DbException.java:344)
	at org.h2.message.DbException.getSyntaxError(DbException.java:204)
	at org.h2.command.Parser.getSyntaxError(Parser.java:524)
	at org.h2.command.Parser.readTerm(Parser.java:2688)
	at org.h2.command.Parser.readFactor(Parser.java:2244)
	at org.h2.command.Parser.readSum(Parser.java:2231)
	at org.h2.command.Parser.readConcat(Parser.java:2201)
	at org.h2.command.Parser.readCondition(Parser.java:2051)
	at org.h2.command.Parser.readAnd(Parser.java:2023)
	at org.h2.command.Parser.readExpression(Parser.java:2015)
	at org.h2.command.Parser.parseEndOfQuery(Parser.java:1726)
	at org.h2.command.Parser.parseSelectUnionExtension(Parser.java:1706)
	at org.h2.command.Parser.parseSelectUnion(Parser.java:1675)
	at org.h2.command.Parser.parseSelect(Parser.java:1662)
	at org.h2.command.Parser.parsePrepared(Parser.java:434)
	at org.h2.command.Parser.parse(Parser.java:306)
	at org.h2.command.Parser.parse(Parser.java:282)
	at org.h2.command.Parser.prepareCommand(Parser.java:243)
	at org.h2.engine.Session.prepareLocal(Session.java:442)
	at org.h2.engine.Session.prepareCommand(Session.java:384)
	at org.h2.jdbc.JdbcConnection.prepareCommand(JdbcConnection.java:1188)
	at org.h2.jdbc.JdbcPreparedStatement.&lt;init&gt;(JdbcPreparedStatement.java:73)
	at org.h2.jdbc.JdbcConnection.prepareStatement(JdbcConnection.java:276)
	at sun.reflect.GeneratedMethodAccessor6.invoke(Unknown Source)
	at sun.reflect.DelegatingMethodAccessorImpl.invoke(DelegatingMethodAccessorImpl.java:43)
	at java.lang.reflect.Method.invoke(Method.java:498)
	at org.apache.ibatis.datasource.pooled.PooledConnection.invoke(PooledConnection.java:245)
	at com.sun.proxy.$Proxy12.prepareStatement(Unknown Source)
	at sun.reflect.GeneratedMethodAccessor6.invoke(Unknown Source)
	at sun.reflect.DelegatingMethodAccessorImpl.invoke(DelegatingMethodAccessorImpl.java:43)
	at java.lang.reflect.Method.invoke(Method.java:498)
	at org.apache.ibatis.logging.jdbc.ConnectionLogger.invoke(ConnectionLogger.java:55)
	at com.sun.proxy.$Proxy12.prepareStatement(Unknown Source)
	at org.apache.ibatis.executor.statement.PreparedStatementHandler.instantiateStatement(PreparedStatementHandler.java:79)
	at org.apache.ibatis.executor.statement.BaseStatementHandler.prepare(BaseStatementHandler.java:88)
	at org.apache.ibatis.executor.statement.RoutingStatementHandler.prepare(RoutingStatementHandler.java:58)
	at org.apache.ibatis.executor.SimpleExecutor.prepareStatement(SimpleExecutor.java:76)
	at org.apache.ibatis.executor.SimpleExecutor.doQuery(SimpleExecutor.java:61)
	at org.apache.ibatis.executor.BaseExecutor.queryFromDatabase(BaseExecutor.java:303)
	at org.apache.ibatis.executor.BaseExecutor.query(BaseExecutor.java:154)
	at org.apache.ibatis.executor.CachingExecutor.query(CachingExecutor.java:102)
	at org.apache.ibatis.executor.CachingExecutor.query(CachingExecutor.java:82)
	at org.apache.ibatis.session.defaults.DefaultSqlSession.selectList(DefaultSqlSession.java:120)
	... 37 more
</error>
    <system-out>@SLTests run: 2, Failures: 0, Errors: 2, Skipped: 0, Time elapsed: 0.018 sec &lt;&lt;&lt; FAILURE!
@SLRunning org.activiti.engine.test.bpmn.event.message.MessageIntermediateEventTest
10:45:56,607 [main] DEBUG org.activiti.engine.impl.test.TestHelper  - annotation @Deployment creates deployment for MessageIntermediateEventTest.testSingleIntermediateMessageEvent
10:45:56,608 [main] DEBUG org.activiti.engine.impl.interceptor.LogInterceptor  - 

10:45:56,608 [main] DEBUG org.activiti.engine.impl.interceptor.LogInterceptor  - --- starting DeployCmd --------------------------------------------------------
10:45:56,608 [main] DEBUG org.activiti.engine.impl.bpmn.deployer.BpmnDeployer  - Processing deployment MessageIntermediateEventTest.testSingleIntermediateMessageEvent
10:45:56,608 [main] INFO  org.activiti.engine.impl.bpmn.deployer.BpmnDeployer  - Processing resource org/activiti/engine/test/bpmn/event/message/MessageIntermediateEventTest.testSingleIntermediateMessageEvent.bpmn20.xml
10:45:56,612 [main] DEBUG org.activiti.engine.impl.bpmn.parser.handler.ProcessParseHandler  - Parsing process process
10:45:56,612 [main] DEBUG org.activiti.engine.impl.bpmn.parser.handler.AbstractBpmnParseHandler  - Parsing activity task
10:45:56,612 [main] DEBUG org.activiti.engine.impl.bpmn.parser.handler.AbstractBpmnParseHandler  - Parsing activity theStart
10:45:56,612 [main] DEBUG org.activiti.engine.impl.bpmn.parser.handler.AbstractBpmnParseHandler  - Parsing activity messageCatch
10:45:56,612 [main] DEBUG org.activiti.engine.impl.bpmn.parser.handler.AbstractBpmnParseHandler  - Parsing activity theEnd
10:45:56,612 [main] DEBUG org.apache.ibatis.transaction.jdbc.JdbcTransaction  - Opening JDBC Connection
10:45:56,612 [main] DEBUG org.apache.ibatis.datasource.pooled.PooledDataSource  - Checked out connection 180014677 from pool.
10:45:56,612 [main] DEBUG org.apache.ibatis.transaction.jdbc.JdbcTransaction  - Setting autocommit to false on JDBC Connection [conn3: url=jdbc:h2:mem:activiti user=SA]
10:45:56,612 [main] DEBUG org.activiti.engine.impl.persistence.entity.ProcessDefinitionEntity.selectLatestProcessDefinitionByKey  - ==&gt;  Preparing: select * from ACT_RE_PROCDEF where KEY_ = ? and (TENANT_ID_ = &apos;&apos; or TENANT_ID_ is null) and VERSION_ = (select max(VERSION_) from ACT_RE_PROCDEF where KEY_ = ? and (TENANT_ID_ = &apos;&apos; or TENANT_ID_ is null)) 
10:45:56,612 [main] DEBUG org.activiti.engine.impl.persistence.entity.ProcessDefinitionEntity.selectLatestProcessDefinitionByKey  - ==&gt; Parameters: process(String), process(String)
10:45:56,612 [main] DEBUG org.activiti.engine.impl.persistence.entity.ProcessDefinitionEntity.selectLatestProcessDefinitionByKey  - &lt;==      Total: 1
10:45:56,612 [main] DEBUG org.activiti.engine.impl.persistence.entity.JobEntity.selectJobByTypeAndProcessDefinitionKeyNoTenantId  - ==&gt;  Preparing: select J.* from ACT_RU_JOB J inner join ACT_RE_PROCDEF P on J.PROC_DEF_ID_ = P.ID_ where J.HANDLER_TYPE_ = ? and P.KEY_ = ? and (P.TENANT_ID_ = &apos;&apos; or P.TENANT_ID_ is null) 
10:45:56,612 [main] DEBUG org.activiti.engine.impl.persistence.entity.JobEntity.selectJobByTypeAndProcessDefinitionKeyNoTenantId  - ==&gt; Parameters: timer-start-event(String), process(String)
10:45:56,612 [main] DEBUG org.activiti.engine.impl.persistence.entity.JobEntity.selectJobByTypeAndProcessDefinitionKeyNoTenantId  - &lt;==      Total: 0
10:45:56,612 [main] DEBUG org.activiti.engine.impl.persistence.entity.EventSubscriptionEntity.selectEventSubscriptionsByConfiguration  - ==&gt;  Preparing: select * from ACT_RU_EVENT_SUBSCR where (EVENT_TYPE_ = ?) and ( (CONFIGURATION_ = ?) or (PROC_DEF_ID_ = ?) ) and (TENANT_ID_ = &apos;&apos; or TENANT_ID_ is null) 
10:45:56,612 [main] DEBUG org.activiti.engine.impl.persistence.entity.EventSubscriptionEntity.selectEventSubscriptionsByConfiguration  - ==&gt; Parameters: message(String), process:3:1547(String), process:3:1547(String)
10:45:56,612 [main] DEBUG org.activiti.engine.impl.persistence.entity.EventSubscriptionEntity.selectEventSubscriptionsByConfiguration  - &lt;==      Total: 1
10:45:56,612 [main] DEBUG org.activiti.engine.impl.persistence.entity.ExecutionEntity.selectExecution  - ==&gt;  Preparing: select * from ACT_RU_EXECUTION where ID_ = ? 
10:45:56,612 [main] DEBUG org.activiti.engine.impl.persistence.entity.ExecutionEntity.selectExecution  - ==&gt; Parameters: 1548(String)
10:45:56,612 [main] DEBUG org.activiti.engine.impl.persistence.entity.ExecutionEntity.selectExecution  - &lt;==      Total: 1
10:45:56,612 [main] DEBUG org.activiti.engine.impl.persistence.entity.EventSubscriptionEntity.selectEventSubscriptionsByExecution  - ==&gt;  Preparing: select * from ACT_RU_EVENT_SUBSCR where (EXECUTION_ID_ = ?) 
10:45:56,612 [main] DEBUG org.activiti.engine.impl.persistence.entity.EventSubscriptionEntity.selectEventSubscriptionsByExecution  - ==&gt; Parameters: 1548(String)
10:45:56,612 [main] DEBUG org.activiti.engine.impl.persistence.entity.EventSubscriptionEntity.selectEventSubscriptionsByExecution  - &lt;==      Total: 1
10:45:56,612 [main] DEBUG org.activiti.engine.impl.persistence.entity.EventSubscriptionEntity.selectEventSubscriptionsByConfiguration  - ==&gt;  Preparing: select * from ACT_RU_EVENT_SUBSCR where (EVENT_TYPE_ = ?) and ( (CONFIGURATION_ = ?) or (PROC_DEF_ID_ = ?) ) and (TENANT_ID_ = &apos;&apos; or TENANT_ID_ is null) 
10:45:56,612 [main] DEBUG org.activiti.engine.impl.persistence.entity.EventSubscriptionEntity.selectEventSubscriptionsByConfiguration  - ==&gt; Parameters: signal(String), process:3:1547(String), process:3:1547(String)
10:45:56,612 [main] DEBUG org.activiti.engine.impl.persistence.entity.EventSubscriptionEntity.selectEventSubscriptionsByConfiguration  - &lt;==      Total: 0
10:45:56,612 [main] DEBUG org.activiti.engine.impl.persistence.entity.ProcessDefinitionInfoEntity.selectProcessDefinitionInfoByProcessDefinitionId  - ==&gt;  Preparing: select * from ACT_PROCDEF_INFO where PROC_DEF_ID_ = ? 
10:45:56,612 [main] DEBUG org.activiti.engine.impl.persistence.entity.ProcessDefinitionInfoEntity.selectProcessDefinitionInfoByProcessDefinitionId  - ==&gt; Parameters: process:4:1555(String)
10:45:56,612 [main] DEBUG org.activiti.engine.impl.persistence.entity.ProcessDefinitionInfoEntity.selectProcessDefinitionInfoByProcessDefinitionId  - &lt;==      Total: 0
10:45:56,612 [main] DEBUG org.activiti.engine.impl.interceptor.LogInterceptor  - 

10:45:56,612 [main] DEBUG org.activiti.engine.impl.interceptor.LogInterceptor  - --- starting GetProcessDefinitionInfoCmd --------------------------------------------------------
10:45:56,612 [main] DEBUG org.activiti.engine.impl.interceptor.CommandContextInterceptor  - Valid context found. Reusing it for the current command &apos;org.activiti.engine.impl.cmd.GetProcessDefinitionInfoCmd&apos;
10:45:56,612 [main] DEBUG org.activiti.engine.impl.interceptor.LogInterceptor  - 

10:45:56,612 [main] DEBUG org.activiti.engine.impl.interceptor.LogInterceptor  - --- starting  --------------------------------------------------------
10:45:56,612 [main] DEBUG org.activiti.engine.impl.interceptor.CommandContextInterceptor  - Valid context found. Reusing it for the current command &apos;null&apos;
10:45:56,612 [main] DEBUG org.activiti.engine.impl.interceptor.LogInterceptor  - ---  finished --------------------------------------------------------
10:45:56,612 [main] DEBUG org.activiti.engine.impl.interceptor.LogInterceptor  - 

10:45:56,612 [main] DEBUG org.activiti.engine.impl.interceptor.LogInterceptor  - --- GetProcessDefinitionInfoCmd finished --------------------------------------------------------
10:45:56,612 [main] DEBUG org.activiti.engine.impl.interceptor.LogInterceptor  - 

10:45:56,612 [main] DEBUG org.activiti.engine.impl.db.DbSqlSession  -   insert ResourceEntity[id=1554, name=org/activiti/engine/test/bpmn/event/message/MessageIntermediateEventTest.testSingleIntermediateMessageEvent.bpmn20.xml]
10:45:56,612 [main] DEBUG org.activiti.engine.impl.db.DbSqlSession  -   insert DeploymentEntity[id=1553, name=MessageIntermediateEventTest.testSingleIntermediateMessageEvent]
10:45:56,612 [main] DEBUG org.activiti.engine.impl.db.DbSqlSession  -   insert ProcessDefinitionEntity[process:4:1555]
10:45:56,612 [main] DEBUG org.activiti.engine.impl.db.DbSqlSession  -   delete org.activiti.engine.impl.persistence.entity.MessageEventSubscriptionEntity@1713c8
10:45:56,612 [main] DEBUG org.activiti.engine.impl.db.DbSqlSession  - flush summary: 3 insert, 0 update, 1 delete.
10:45:56,612 [main] DEBUG org.activiti.engine.impl.db.DbSqlSession  - now executing flush...
10:45:56,612 [main] DEBUG org.activiti.engine.impl.db.DbSqlSession  - inserting: ProcessDefinitionEntity[process:4:1555]
10:45:56,613 [main] DEBUG org.activiti.engine.impl.persistence.entity.ProcessDefinitionEntity.insertProcessDefinition  - ==&gt;  Preparing: insert into ACT_RE_PROCDEF(ID_, REV_, CATEGORY_, NAME_, KEY_, VERSION_, DEPLOYMENT_ID_, RESOURCE_NAME_, DGRM_RESOURCE_NAME_, DESCRIPTION_, HAS_START_FORM_KEY_, HAS_GRAPHICAL_NOTATION_ , SUSPENSION_STATE_, TENANT_ID_) values (?, 1, ?, ?, ?, ?, ?, ?, ?, ?, ?, ?, ?, ?) 
10:45:56,613 [main] DEBUG org.activiti.engine.impl.persistence.entity.ProcessDefinitionEntity.insertProcessDefinition  - ==&gt; Parameters: process:4:1555(String), Examples(String), null, process(String), 4(Integer), 1553(String), org/activiti/engine/test/bpmn/event/message/MessageIntermediateEventTest.testSingleIntermediateMessageEvent.bpmn20.xml(String), null, null, false(Boolean), false(Boolean), 1(Integer), (String)
10:45:56,613 [main] DEBUG org.activiti.engine.impl.persistence.entity.ProcessDefinitionEntity.insertProcessDefinition  - &lt;==    Updates: 1
10:45:56,613 [main] DEBUG org.activiti.engine.impl.db.DbSqlSession  - inserting: DeploymentEntity[id=1553, name=MessageIntermediateEventTest.testSingleIntermediateMessageEvent]
10:45:56,613 [main] DEBUG org.activiti.engine.impl.persistence.entity.DeploymentEntity.insertDeployment  - ==&gt;  Preparing: insert into ACT_RE_DEPLOYMENT(ID_, NAME_, CATEGORY_, TENANT_ID_, DEPLOY_TIME_) values(?, ?, ?, ?, ?) 
10:45:56,613 [main] DEBUG org.activiti.engine.impl.persistence.entity.DeploymentEntity.insertDeployment  - ==&gt; Parameters: 1553(String), MessageIntermediateEventTest.testSingleIntermediateMessageEvent(String), null, (String), 2023-03-20 10:45:56.608(Timestamp)
10:45:56,613 [main] DEBUG org.activiti.engine.impl.persistence.entity.DeploymentEntity.insertDeployment  - &lt;==    Updates: 1
10:45:56,613 [main] DEBUG org.activiti.engine.impl.db.DbSqlSession  - inserting: ResourceEntity[id=1554, name=org/activiti/engine/test/bpmn/event/message/MessageIntermediateEventTest.testSingleIntermediateMessageEvent.bpmn20.xml]
10:45:56,613 [main] DEBUG org.activiti.engine.impl.persistence.entity.ResourceEntity.insertResource  - ==&gt;  Preparing: insert into ACT_GE_BYTEARRAY(ID_, REV_, NAME_, BYTES_, DEPLOYMENT_ID_, GENERATED_) values (?, 1, ?, ?, ?, ?) 
10:45:56,613 [main] DEBUG org.activiti.engine.impl.persistence.entity.ResourceEntity.insertResource  - ==&gt; Parameters: 1554(String), org/activiti/engine/test/bpmn/event/message/MessageIntermediateEventTest.testSingleIntermediateMessageEvent.bpmn20.xml(String), java.io.ByteArrayInputStream@25e0a88c(ByteArrayInputStream), 1553(String), false(Boolean)
10:45:56,613 [main] DEBUG org.activiti.engine.impl.persistence.entity.ResourceEntity.insertResource  - &lt;==    Updates: 1
10:45:56,613 [main] DEBUG org.activiti.engine.impl.db.DbSqlSession  - executing: delete org.activiti.engine.impl.persistence.entity.MessageEventSubscriptionEntity@1713c8
10:45:56,613 [main] DEBUG org.activiti.engine.impl.persistence.entity.EventSubscriptionEntity.deleteMessageEventSubscription  - ==&gt;  Preparing: delete from ACT_RU_EVENT_SUBSCR where ID_ = ? and REV_ = ? 
10:45:56,613 [main] DEBUG org.activiti.engine.impl.persistence.entity.EventSubscriptionEntity.deleteMessageEventSubscription  - ==&gt; Parameters: 1549(String), 1(Integer)
10:45:56,613 [main] DEBUG org.activiti.engine.impl.persistence.entity.EventSubscriptionEntity.deleteMessageEventSubscription  - &lt;==    Updates: 1
10:45:56,613 [main] DEBUG org.activiti.engine.impl.cfg.standalone.StandaloneMybatisTransactionContext  - firing event committing...
10:45:56,613 [main] DEBUG org.activiti.engine.impl.cfg.standalone.StandaloneMybatisTransactionContext  - committing the ibatis sql session...
10:45:56,613 [main] DEBUG org.apache.ibatis.transaction.jdbc.JdbcTransaction  - Committing JDBC Connection [conn3: url=jdbc:h2:mem:activiti user=SA]
10:45:56,613 [main] DEBUG org.activiti.engine.impl.cfg.standalone.StandaloneMybatisTransactionContext  - firing event committed...
10:45:56,613 [main] DEBUG org.apache.ibatis.transaction.jdbc.JdbcTransaction  - Resetting autocommit to true on JDBC Connection [conn3: url=jdbc:h2:mem:activiti user=SA]
10:45:56,613 [main] DEBUG org.apache.ibatis.transaction.jdbc.JdbcTransaction  - Closing JDBC Connection [conn3: url=jdbc:h2:mem:activiti user=SA]
10:45:56,613 [main] DEBUG org.apache.ibatis.datasource.pooled.PooledDataSource  - Returned connection 180014677 to pool.
10:45:56,613 [main] DEBUG org.activiti.engine.impl.interceptor.LogInterceptor  - --- DeployCmd finished --------------------------------------------------------
10:45:56,613 [main] DEBUG org.activiti.engine.impl.interceptor.LogInterceptor  - 

10:45:56,613 [main] DEBUG org.activiti.engine.impl.test.PvmTestCase  - 

10:45:56,613 [main] DEBUG org.activiti.engine.impl.test.PvmTestCase  - #### START MessageIntermediateEventTest.testSingleIntermediateMessageEvent ###########################################################
10:45:56,613 [main] DEBUG org.activiti.engine.impl.interceptor.LogInterceptor  - 

10:45:56,613 [main] DEBUG org.activiti.engine.impl.interceptor.LogInterceptor  - --- starting StartProcessInstanceCmd --------------------------------------------------------
10:45:56,613 [main] DEBUG org.apache.ibatis.transaction.jdbc.JdbcTransaction  - Opening JDBC Connection
10:45:56,613 [main] DEBUG org.apache.ibatis.datasource.pooled.PooledDataSource  - Checked out connection 486346394 from pool.
10:45:56,613 [main] DEBUG org.apache.ibatis.transaction.jdbc.JdbcTransaction  - Setting autocommit to false on JDBC Connection [conn6: url=jdbc:h2:mem:activiti user=SA]
10:45:56,613 [main] DEBUG org.activiti.engine.impl.persistence.entity.ProcessDefinitionEntity.selectLatestProcessDefinitionByKey  - ==&gt;  Preparing: select * from ACT_RE_PROCDEF where KEY_ = ? and (TENANT_ID_ = &apos;&apos; or TENANT_ID_ is null) and VERSION_ = (select max(VERSION_) from ACT_RE_PROCDEF where KEY_ = ? and (TENANT_ID_ = &apos;&apos; or TENANT_ID_ is null)) 
10:45:56,613 [main] DEBUG org.activiti.engine.impl.persistence.entity.ProcessDefinitionEntity.selectLatestProcessDefinitionByKey  - ==&gt; Parameters: process(String), process(String)
10:45:56,613 [main] DEBUG org.activiti.engine.impl.persistence.entity.ProcessDefinitionEntity.selectLatestProcessDefinitionByKey  - &lt;==      Total: 1
10:45:56,613 [main] DEBUG org.activiti.engine.impl.persistence.entity.ExecutionEntity  - initializing ProcessInstance[1556]
10:45:56,613 [main] DEBUG org.activiti.engine.impl.history.DefaultHistoryManager  - Current history level: FULL, level required: ACTIVITY
10:45:56,613 [main] DEBUG org.activiti.engine.impl.pvm.runtime.AtomicOperationActivityExecute  - ProcessInstance[1556] executes Activity(theStart): org.activiti.engine.impl.bpmn.behavior.NoneStartEventActivityBehavior
10:45:56,613 [main] DEBUG org.activiti.engine.impl.persistence.entity.JobEntity.selectJobsByExecutionId  - ==&gt;  Preparing: select * from ACT_RU_JOB J where J.EXECUTION_ID_ = ? 
10:45:56,613 [main] DEBUG org.activiti.engine.impl.persistence.entity.JobEntity.selectJobsByExecutionId  - ==&gt; Parameters: 1556(String)
10:45:56,613 [main] DEBUG org.activiti.engine.impl.persistence.entity.JobEntity.selectJobsByExecutionId  - &lt;==      Total: 0
10:45:56,613 [main] DEBUG org.activiti.engine.impl.bpmn.behavior.BpmnActivityBehavior  - Leaving activity &apos;theStart&apos;
10:45:56,613 [main] DEBUG org.activiti.engine.impl.history.DefaultHistoryManager  - Current history level: FULL, level required: ACTIVITY
10:45:56,613 [main] DEBUG org.activiti.engine.impl.pvm.runtime.AtomicOperationTransitionNotifyListenerTake  - ProcessInstance[1556] takes transition (theStart)--flow1--&gt;(messageCatch)
10:45:56,613 [main] DEBUG org.activiti.engine.impl.persistence.entity.ExecutionEntity  - Child execution ScopeExecution[1558] created with parent 
10:45:56,613 [main] DEBUG org.activiti.engine.impl.pvm.runtime.AtomicOperationTransitionCreateScope  - create scope: parent ProcessInstance[1556] continues as execution ScopeExecution[1558]
10:45:56,613 [main] DEBUG org.activiti.engine.impl.persistence.entity.ExecutionEntity  - initializing ScopeExecution[1558]
10:45:56,613 [main] DEBUG org.activiti.engine.impl.history.DefaultHistoryManager  - Current history level: FULL, level required: ACTIVITY
10:45:56,613 [main] DEBUG org.activiti.engine.impl.pvm.runtime.AtomicOperationActivityExecute  - ScopeExecution[1558] executes Activity(messageCatch): org.activiti.engine.impl.bpmn.behavior.IntermediateCatchEventActivityBehavior
10:45:56,613 [main] DEBUG org.activiti.engine.impl.db.DbSqlSession  -   insert ProcessInstance[1556]
10:45:56,613 [main] DEBUG org.activiti.engine.impl.db.DbSqlSession  -   insert ScopeExecution[1558]
10:45:56,613 [main] DEBUG org.activiti.engine.impl.db.DbSqlSession  -   insert HistoricProcessInstanceEntity[superProcessInstanceId=null]
10:45:56,613 [main] DEBUG org.activiti.engine.impl.db.DbSqlSession  -   insert HistoricActivityInstanceEntity[activityId=theStart, activityName=null]
10:45:56,613 [main] DEBUG org.activiti.engine.impl.db.DbSqlSession  -   insert HistoricActivityInstanceEntity[activityId=messageCatch, activityName=null]
10:45:56,613 [main] DEBUG org.activiti.engine.impl.db.DbSqlSession  -   insert org.activiti.engine.impl.persistence.entity.MessageEventSubscriptionEntity@1713e7
10:45:56,613 [main] DEBUG org.activiti.engine.impl.db.DbSqlSession  - flush summary: 6 insert, 0 update, 0 delete.
10:45:56,613 [main] DEBUG org.activiti.engine.impl.db.DbSqlSession  - now executing flush...
10:45:56,613 [main] DEBUG org.activiti.engine.impl.db.DbSqlSession  - inserting: HistoricProcessInstanceEntity[superProcessInstanceId=null]
10:45:56,613 [main] DEBUG org.activiti.engine.impl.persistence.entity.HistoricProcessInstanceEntity.insertHistoricProcessInstance  - ==&gt;  Preparing: insert into ACT_HI_PROCINST ( ID_, PROC_INST_ID_, BUSINESS_KEY_, PROC_DEF_ID_, START_TIME_, END_TIME_, DURATION_, START_USER_ID_, START_ACT_ID_, END_ACT_ID_, SUPER_PROCESS_INSTANCE_ID_, DELETE_REASON_, TENANT_ID_, NAME_ ) values ( ?, ?, ?, ?, ?, ?, ?, ?, ?, ?, ?, ?, ?, ? ) 
10:45:56,613 [main] DEBUG org.activiti.engine.impl.persistence.entity.HistoricProcessInstanceEntity.insertHistoricProcessInstance  - ==&gt; Parameters: 1556(String), 1556(String), null, process:4:1555(String), 2023-03-20 10:45:56.613(Timestamp), null, null, null, theStart(String), null, null, null, (String), null
10:45:56,613 [main] DEBUG org.activiti.engine.impl.persistence.entity.HistoricProcessInstanceEntity.insertHistoricProcessInstance  - &lt;==    Updates: 1
10:45:56,613 [main] DEBUG org.activiti.engine.impl.persistence.entity.HistoricActivityInstanceEntity.bulkInsertHistoricActivityInstance  - ==&gt;  Preparing: insert into ACT_HI_ACTINST ( ID_, PROC_DEF_ID_, PROC_INST_ID_, EXECUTION_ID_, ACT_ID_, TASK_ID_, CALL_PROC_INST_ID_, ACT_NAME_, ACT_TYPE_, ASSIGNEE_, START_TIME_, END_TIME_, DURATION_, TENANT_ID_ ) values (?, ?, ?, ?, ?, ?, ?, ?, ?, ?, ?, ?, ?, ?) , (?, ?, ?, ?, ?, ?, ?, ?, ?, ?, ?, ?, ?, ?) 
10:45:56,613 [main] DEBUG org.activiti.engine.impl.persistence.entity.HistoricActivityInstanceEntity.bulkInsertHistoricActivityInstance  - ==&gt; Parameters: 1557(String), process:4:1555(String), 1556(String), 1556(String), theStart(String), null, null, null, startEvent(String), null, 2023-03-20 10:45:56.613(Timestamp), 2023-03-20 10:45:56.613(Timestamp), 0(Long), (String), 1560(String), process:4:1555(String), 1556(String), 1558(String), messageCatch(String), null, null, null, intermediateMessageCatch(String), null, 2023-03-20 10:45:56.613(Timestamp), null, null, (String)
10:45:56,613 [main] DEBUG org.activiti.engine.impl.persistence.entity.HistoricActivityInstanceEntity.bulkInsertHistoricActivityInstance  - &lt;==    Updates: 2
10:45:56,613 [main] DEBUG org.activiti.engine.impl.persistence.entity.ExecutionEntity.bulkInsertExecution  - ==&gt;  Preparing: insert into ACT_RU_EXECUTION (ID_, REV_, PROC_INST_ID_, BUSINESS_KEY_, PROC_DEF_ID_, ACT_ID_, IS_ACTIVE_, IS_CONCURRENT_, IS_SCOPE_,IS_EVENT_SCOPE_, PARENT_ID_, SUPER_EXEC_, SUSPENSION_STATE_, CACHED_ENT_STATE_, TENANT_ID_, NAME_) values (?, 1, ?, ?, ?, ?, ?, ?, ?, ?, ?, ?, ?, ?, ?, ?) , (?, 1, ?, ?, ?, ?, ?, ?, ?, ?, ?, ?, ?, ?, ?, ?) 
10:45:56,613 [main] DEBUG org.activiti.engine.impl.persistence.entity.ExecutionEntity.bulkInsertExecution  - ==&gt; Parameters: 1556(String), 1556(String), null, process:4:1555(String), null, false(Boolean), false(Boolean), true(Boolean), false(Boolean), null, null, 1(Integer), 2(Integer), (String), null, 1558(String), 1556(String), null, process:4:1555(String), messageCatch(String), true(Boolean), false(Boolean), true(Boolean), false(Boolean), 1556(String), null, 1(Integer), 7(Integer), (String), null
10:45:56,613 [main] DEBUG org.activiti.engine.impl.persistence.entity.ExecutionEntity.bulkInsertExecution  - &lt;==    Updates: 2
10:45:56,613 [main] DEBUG org.activiti.engine.impl.db.DbSqlSession  - inserting: org.activiti.engine.impl.persistence.entity.MessageEventSubscriptionEntity@1713e7
10:45:56,613 [main] DEBUG org.activiti.engine.impl.persistence.entity.EventSubscriptionEntity.insertMessageEventSubscription  - ==&gt;  Preparing: insert into ACT_RU_EVENT_SUBSCR ( ID_, REV_, EVENT_TYPE_, EVENT_NAME_, EXECUTION_ID_, PROC_INST_ID_, ACTIVITY_ID_, CONFIGURATION_, CREATED_, PROC_DEF_ID_, TENANT_ID_ ) values (?, 1, &apos;message&apos;, ?, ?, ?, ?, ?, ?, ?, ? ) 
10:45:56,613 [main] DEBUG org.activiti.engine.impl.persistence.entity.EventSubscriptionEntity.insertMessageEventSubscription  - ==&gt; Parameters: 1559(String), newInvoiceMessage(String), 1558(String), 1556(String), messageCatch(String), null, 2023-03-20 10:45:56.613(Timestamp), process:4:1555(String), (String)
10:45:56,613 [main] DEBUG org.activiti.engine.impl.persistence.entity.EventSubscriptionEntity.insertMessageEventSubscription  - &lt;==    Updates: 1
10:45:56,613 [main] DEBUG org.activiti.engine.impl.cfg.standalone.StandaloneMybatisTransactionContext  - firing event committing...
10:45:56,613 [main] DEBUG org.activiti.engine.impl.cfg.standalone.StandaloneMybatisTransactionContext  - committing the ibatis sql session...
10:45:56,613 [main] DEBUG org.apache.ibatis.transaction.jdbc.JdbcTransaction  - Committing JDBC Connection [conn6: url=jdbc:h2:mem:activiti user=SA]
10:45:56,613 [main] DEBUG org.activiti.engine.impl.cfg.standalone.StandaloneMybatisTransactionContext  - firing event committed...
10:45:56,613 [main] DEBUG org.apache.ibatis.transaction.jdbc.JdbcTransaction  - Resetting autocommit to true on JDBC Connection [conn6: url=jdbc:h2:mem:activiti user=SA]
10:45:56,613 [main] DEBUG org.apache.ibatis.transaction.jdbc.JdbcTransaction  - Closing JDBC Connection [conn6: url=jdbc:h2:mem:activiti user=SA]
10:45:56,613 [main] DEBUG org.apache.ibatis.datasource.pooled.PooledDataSource  - Returned connection 486346394 to pool.
10:45:56,613 [main] DEBUG org.activiti.engine.impl.interceptor.LogInterceptor  - --- StartProcessInstanceCmd finished --------------------------------------------------------
10:45:56,613 [main] DEBUG org.activiti.engine.impl.interceptor.LogInterceptor  - 

10:45:56,613 [main] DEBUG org.activiti.engine.impl.interceptor.LogInterceptor  - 

10:45:56,613 [main] DEBUG org.activiti.engine.impl.interceptor.LogInterceptor  - --- starting FindActiveActivityIdsCmd --------------------------------------------------------
10:45:56,613 [main] DEBUG org.apache.ibatis.transaction.jdbc.JdbcTransaction  - Opening JDBC Connection
10:45:56,613 [main] DEBUG org.apache.ibatis.datasource.pooled.PooledDataSource  - Checked out connection 363509958 from pool.
10:45:56,613 [main] DEBUG org.apache.ibatis.transaction.jdbc.JdbcTransaction  - Setting autocommit to false on JDBC Connection [conn2: url=jdbc:h2:mem:activiti user=SA]
10:45:56,613 [main] DEBUG org.activiti.engine.impl.persistence.entity.ExecutionEntity.selectExecution  - ==&gt;  Preparing: select * from ACT_RU_EXECUTION where ID_ = ? 
10:45:56,613 [main] DEBUG org.activiti.engine.impl.persistence.entity.ExecutionEntity.selectExecution  - ==&gt; Parameters: 1556(String)
10:45:56,613 [main] DEBUG org.activiti.engine.impl.persistence.entity.ExecutionEntity.selectExecution  - &lt;==      Total: 1
10:45:56,613 [main] DEBUG org.activiti.engine.impl.persistence.entity.ExecutionEntity.selectExecutionsByParentExecutionId  - ==&gt;  Preparing: select * from ACT_RU_EXECUTION where PARENT_ID_ = ? 
10:45:56,613 [main] DEBUG org.activiti.engine.impl.persistence.entity.ExecutionEntity.selectExecutionsByParentExecutionId  - ==&gt; Parameters: 1556(String)
10:45:56,614 [main] DEBUG org.activiti.engine.impl.persistence.entity.ExecutionEntity.selectExecutionsByParentExecutionId  - &lt;==      Total: 1
10:45:56,614 [main] DEBUG org.activiti.engine.impl.persistence.entity.ExecutionEntity.selectExecutionsByParentExecutionId  - ==&gt;  Preparing: select * from ACT_RU_EXECUTION where PARENT_ID_ = ? 
10:45:56,614 [main] DEBUG org.activiti.engine.impl.persistence.entity.ExecutionEntity.selectExecutionsByParentExecutionId  - ==&gt; Parameters: 1558(String)
10:45:56,614 [main] DEBUG org.activiti.engine.impl.persistence.entity.ExecutionEntity.selectExecutionsByParentExecutionId  - &lt;==      Total: 0
10:45:56,614 [main] DEBUG org.activiti.engine.impl.db.DbSqlSession  - flush summary: 0 insert, 0 update, 0 delete.
10:45:56,614 [main] DEBUG org.activiti.engine.impl.db.DbSqlSession  - now executing flush...
10:45:56,614 [main] DEBUG org.activiti.engine.impl.cfg.standalone.StandaloneMybatisTransactionContext  - firing event committing...
10:45:56,614 [main] DEBUG org.activiti.engine.impl.cfg.standalone.StandaloneMybatisTransactionContext  - committing the ibatis sql session...
10:45:56,614 [main] DEBUG org.activiti.engine.impl.cfg.standalone.StandaloneMybatisTransactionContext  - firing event committed...
10:45:56,614 [main] DEBUG org.apache.ibatis.transaction.jdbc.JdbcTransaction  - Resetting autocommit to true on JDBC Connection [conn2: url=jdbc:h2:mem:activiti user=SA]
10:45:56,614 [main] DEBUG org.apache.ibatis.transaction.jdbc.JdbcTransaction  - Closing JDBC Connection [conn2: url=jdbc:h2:mem:activiti user=SA]
10:45:56,614 [main] DEBUG org.apache.ibatis.datasource.pooled.PooledDataSource  - Returned connection 363509958 to pool.
10:45:56,614 [main] DEBUG org.activiti.engine.impl.interceptor.LogInterceptor  - --- FindActiveActivityIdsCmd finished --------------------------------------------------------
10:45:56,614 [main] DEBUG org.activiti.engine.impl.interceptor.LogInterceptor  - 

10:45:56,614 [main] DEBUG org.activiti.engine.impl.interceptor.LogInterceptor  - 

10:45:56,614 [main] DEBUG org.activiti.engine.impl.interceptor.LogInterceptor  - --- starting ExecutionQueryImpl --------------------------------------------------------
10:45:56,614 [main] DEBUG org.apache.ibatis.transaction.jdbc.JdbcTransaction  - Opening JDBC Connection
10:45:56,614 [main] DEBUG org.apache.ibatis.datasource.pooled.PooledDataSource  - Checked out connection 297240765 from pool.
10:45:56,614 [main] DEBUG org.apache.ibatis.transaction.jdbc.JdbcTransaction  - Setting autocommit to false on JDBC Connection [conn4: url=jdbc:h2:mem:activiti user=SA]
10:45:56,614 [main] DEBUG org.activiti.engine.impl.persistence.entity.ExecutionEntity.selectExecutionsByQueryCriteria  - ==&gt;  Preparing: select distinct RES.* , P.KEY_ as ProcessDefinitionKey, P.ID_ as ProcessDefinitionId from ACT_RU_EXECUTION RES inner join ACT_RE_PROCDEF P on RES.PROC_DEF_ID_ = P.ID_ inner join ACT_RU_EVENT_SUBSCR EVT0 on RES.ID_ = EVT0.EXECUTION_ID_ WHERE (EVT0.EVENT_TYPE_ = ? and EVT0.EVENT_NAME_ = ?) order by order by RES.ID_ asc LIMIT ? OFFSET ? 
10:45:56,614 [main] DEBUG org.activiti.engine.impl.interceptor.CommandContext  - Error while closing command context
org.apache.ibatis.exceptions.PersistenceException: 
### Error querying database.  Cause: org.h2.jdbc.JdbcSQLException: Syntax error in SQL statement &quot;SELECT DISTINCT RES.* , P.KEY_ AS PROCESSDEFINITIONKEY, P.ID_ AS PROCESSDEFINITIONID
       
    FROM ACT_RU_EXECUTION RES
    INNER JOIN ACT_RE_PROCDEF P ON RES.PROC_DEF_ID_ = P.ID_
     
     
     
     
        
    	INNER JOIN ACT_RU_EVENT_SUBSCR EVT0 ON RES.ID_ = EVT0.EXECUTION_ID_
	    
     
     
     
     WHERE  (EVT0.EVENT_TYPE_ = ? AND EVT0.EVENT_NAME_ = ?) 
   
   
     ORDER BY  ORDER[*] BY RES.ID_ ASC  
    LIMIT ? OFFSET ? &quot;; expected &quot;=, NOT, EXISTS, INTERSECTS, SELECT, FROM&quot;; SQL statement:
select distinct RES.* , P.KEY_ as ProcessDefinitionKey, P.ID_ as ProcessDefinitionId
       
    from ACT_RU_EXECUTION RES
    inner join ACT_RE_PROCDEF P on RES.PROC_DEF_ID_ = P.ID_
     
     
     
     
        
    	inner join ACT_RU_EVENT_SUBSCR EVT0 on RES.ID_ = EVT0.EXECUTION_ID_
	    
     
     
     
     WHERE  (EVT0.EVENT_TYPE_ = ? and EVT0.EVENT_NAME_ = ?) 
   
   
     order by  order by RES.ID_ asc  
    LIMIT ? OFFSET ? [42001-176]
### The error may exist in org/activiti/db/mapping/entity/Execution.xml
### The error may involve org.activiti.engine.impl.persistence.entity.ExecutionEntity.selectExecutionsByQueryCriteria
### The error occurred while executing a query
### SQL: select distinct RES.* , P.KEY_ as ProcessDefinitionKey, P.ID_ as ProcessDefinitionId             from ACT_RU_EXECUTION RES     inner join ACT_RE_PROCDEF P on RES.PROC_DEF_ID_ = P.ID_                                       inner join ACT_RU_EVENT_SUBSCR EVT0 on RES.ID_ = EVT0.EXECUTION_ID_                              WHERE  (EVT0.EVENT_TYPE_ = ? and EVT0.EVENT_NAME_ = ?)               order by  order by RES.ID_ asc       LIMIT ? OFFSET ?
### Cause: org.h2.jdbc.JdbcSQLException: Syntax error in SQL statement &quot;SELECT DISTINCT RES.* , P.KEY_ AS PROCESSDEFINITIONKEY, P.ID_ AS PROCESSDEFINITIONID
       
    FROM ACT_RU_EXECUTION RES
    INNER JOIN ACT_RE_PROCDEF P ON RES.PROC_DEF_ID_ = P.ID_
     
     
     
     
        
    	INNER JOIN ACT_RU_EVENT_SUBSCR EVT0 ON RES.ID_ = EVT0.EXECUTION_ID_
	    
     
     
     
     WHERE  (EVT0.EVENT_TYPE_ = ? AND EVT0.EVENT_NAME_ = ?) 
   
   
     ORDER BY  ORDER[*] BY RES.ID_ ASC  
    LIMIT ? OFFSET ? &quot;; expected &quot;=, NOT, EXISTS, INTERSECTS, SELECT, FROM&quot;; SQL statement:
select distinct RES.* , P.KEY_ as ProcessDefinitionKey, P.ID_ as ProcessDefinitionId
       
    from ACT_RU_EXECUTION RES
    inner join ACT_RE_PROCDEF P on RES.PROC_DEF_ID_ = P.ID_
     
     
     
     
        
    	inner join ACT_RU_EVENT_SUBSCR EVT0 on RES.ID_ = EVT0.EXECUTION_ID_
	    
     
     
     
     WHERE  (EVT0.EVENT_TYPE_ = ? and EVT0.EVENT_NAME_ = ?) 
   
   
     order by  order by RES.ID_ asc  
    LIMIT ? OFFSET ? [42001-176]
	at org.apache.ibatis.exceptions.ExceptionFactory.wrapException(ExceptionFactory.java:30)
	at org.apache.ibatis.session.defaults.DefaultSqlSession.selectList(DefaultSqlSession.java:122)
	at org.apache.ibatis.session.defaults.DefaultSqlSession.selectList(DefaultSqlSession.java:113)
	at org.activiti.engine.impl.db.DbSqlSession.selectListWithRawParameter(DbSqlSession.java:438)
	at org.activiti.engine.impl.db.DbSqlSession.selectList(DbSqlSession.java:429)
	at org.activiti.engine.impl.db.DbSqlSession.selectList(DbSqlSession.java:419)
	at org.activiti.engine.impl.persistence.entity.ExecutionEntityManager.findExecutionsByQueryCriteria(ExecutionEntityManager.java:118)
	at org.activiti.engine.impl.ExecutionQueryImpl.executeList(ExecutionQueryImpl.java:303)
	at org.activiti.engine.impl.AbstractQuery.executeSingleResult(AbstractQuery.java:183)
	at org.activiti.engine.impl.AbstractQuery.execute(AbstractQuery.java:166)
	at org.activiti.engine.impl.interceptor.CommandInvoker.execute(CommandInvoker.java:24)
	at org.activiti.engine.impl.interceptor.CommandContextInterceptor.execute(CommandContextInterceptor.java:57)
	at org.activiti.engine.impl.interceptor.LogInterceptor.execute(LogInterceptor.java:37)
	at org.activiti.engine.impl.cfg.CommandExecutorImpl.execute(CommandExecutorImpl.java:40)
	at org.activiti.engine.impl.cfg.CommandExecutorImpl.execute(CommandExecutorImpl.java:35)
	at org.activiti.engine.impl.AbstractQuery.singleResult(AbstractQuery.java:129)
	at org.activiti.engine.test.bpmn.event.message.MessageIntermediateEventTest.testSingleIntermediateMessageEvent(MessageIntermediateEventTest.java:45)
	at sun.reflect.NativeMethodAccessorImpl.invoke0(Native Method)
	at sun.reflect.NativeMethodAccessorImpl.invoke(NativeMethodAccessorImpl.java:62)
	at sun.reflect.DelegatingMethodAccessorImpl.invoke(DelegatingMethodAccessorImpl.java:43)
	at java.lang.reflect.Method.invoke(Method.java:498)
	at junit.framework.TestCase.runTest(TestCase.java:176)
	at org.activiti.engine.impl.test.PvmTestCase.runTest(PvmTestCase.java:65)
	at junit.framework.TestCase.runBare(TestCase.java:141)
	at org.activiti.engine.impl.test.AbstractActivitiTestCase.runBare(AbstractActivitiTestCase.java:100)
	at junit.framework.TestResult$1.protect(TestResult.java:122)
	at junit.framework.TestResult.runProtected(TestResult.java:142)
	at junit.framework.TestResult.run(TestResult.java:125)
	at junit.framework.TestCase.run(TestCase.java:129)
	at junit.framework.TestSuite.runTest(TestSuite.java:255)
	at junit.framework.TestSuite.run(TestSuite.java:250)
	at org.junit.internal.runners.JUnit38ClassRunner.run(JUnit38ClassRunner.java:84)
	at org.apache.maven.surefire.junit4.JUnit4TestSet.execute(JUnit4TestSet.java:35)
	at org.apache.maven.surefire.junit4.JUnit4Provider.executeTestSet(JUnit4Provider.java:146)
	at org.apache.maven.surefire.junit4.JUnit4Provider.invoke(JUnit4Provider.java:97)
	at sun.reflect.NativeMethodAccessorImpl.invoke0(Native Method)
	at sun.reflect.NativeMethodAccessorImpl.invoke(NativeMethodAccessorImpl.java:62)
	at sun.reflect.DelegatingMethodAccessorImpl.invoke(DelegatingMethodAccessorImpl.java:43)
	at java.lang.reflect.Method.invoke(Method.java:498)
	at org.apache.maven.surefire.booter.ProviderFactory$ClassLoaderProxy.invoke(ProviderFactory.java:103)
	at com.sun.proxy.$Proxy0.invoke(Unknown Source)
	at org.apache.maven.surefire.booter.SurefireStarter.invokeProvider(SurefireStarter.java:145)
	at org.apache.maven.surefire.booter.SurefireStarter.runSuitesInProcess(SurefireStarter.java:87)
	at org.apache.maven.surefire.booter.ForkedBooter.main(ForkedBooter.java:69)
Caused by: org.h2.jdbc.JdbcSQLException: Syntax error in SQL statement &quot;SELECT DISTINCT RES.* , P.KEY_ AS PROCESSDEFINITIONKEY, P.ID_ AS PROCESSDEFINITIONID
       
    FROM ACT_RU_EXECUTION RES
    INNER JOIN ACT_RE_PROCDEF P ON RES.PROC_DEF_ID_ = P.ID_
     
     
     
     
        
    	INNER JOIN ACT_RU_EVENT_SUBSCR EVT0 ON RES.ID_ = EVT0.EXECUTION_ID_
	    
     
     
     
     WHERE  (EVT0.EVENT_TYPE_ = ? AND EVT0.EVENT_NAME_ = ?) 
   
   
     ORDER BY  ORDER[*] BY RES.ID_ ASC  
    LIMIT ? OFFSET ? &quot;; expected &quot;=, NOT, EXISTS, INTERSECTS, SELECT, FROM&quot;; SQL statement:
select distinct RES.* , P.KEY_ as ProcessDefinitionKey, P.ID_ as ProcessDefinitionId
       
    from ACT_RU_EXECUTION RES
    inner join ACT_RE_PROCDEF P on RES.PROC_DEF_ID_ = P.ID_
     
     
     
     
        
    	inner join ACT_RU_EVENT_SUBSCR EVT0 on RES.ID_ = EVT0.EXECUTION_ID_
	    
     
     
     
     WHERE  (EVT0.EVENT_TYPE_ = ? and EVT0.EVENT_NAME_ = ?) 
   
   
     order by  order by RES.ID_ asc  
    LIMIT ? OFFSET ? [42001-176]
	at org.h2.message.DbException.getJdbcSQLException(DbException.java:344)
	at org.h2.message.DbException.getSyntaxError(DbException.java:204)
	at org.h2.command.Parser.getSyntaxError(Parser.java:524)
	at org.h2.command.Parser.readTerm(Parser.java:2688)
	at org.h2.command.Parser.readFactor(Parser.java:2244)
	at org.h2.command.Parser.readSum(Parser.java:2231)
	at org.h2.command.Parser.readConcat(Parser.java:2201)
	at org.h2.command.Parser.readCondition(Parser.java:2051)
	at org.h2.command.Parser.readAnd(Parser.java:2023)
	at org.h2.command.Parser.readExpression(Parser.java:2015)
	at org.h2.command.Parser.parseEndOfQuery(Parser.java:1726)
	at org.h2.command.Parser.parseSelectUnionExtension(Parser.java:1706)
	at org.h2.command.Parser.parseSelectUnion(Parser.java:1675)
	at org.h2.command.Parser.parseSelect(Parser.java:1662)
	at org.h2.command.Parser.parsePrepared(Parser.java:434)
	at org.h2.command.Parser.parse(Parser.java:306)
	at org.h2.command.Parser.parse(Parser.java:282)
	at org.h2.command.Parser.prepareCommand(Parser.java:243)
	at org.h2.engine.Session.prepareLocal(Session.java:442)
	at org.h2.engine.Session.prepareCommand(Session.java:384)
	at org.h2.jdbc.JdbcConnection.prepareCommand(JdbcConnection.java:1188)
	at org.h2.jdbc.JdbcPreparedStatement.&lt;init&gt;(JdbcPreparedStatement.java:73)
	at org.h2.jdbc.JdbcConnection.prepareStatement(JdbcConnection.java:276)
	at sun.reflect.GeneratedMethodAccessor6.invoke(Unknown Source)
	at sun.reflect.DelegatingMethodAccessorImpl.invoke(DelegatingMethodAccessorImpl.java:43)
	at java.lang.reflect.Method.invoke(Method.java:498)
	at org.apache.ibatis.datasource.pooled.PooledConnection.invoke(PooledConnection.java:245)
	at com.sun.proxy.$Proxy12.prepareStatement(Unknown Source)
	at sun.reflect.GeneratedMethodAccessor6.invoke(Unknown Source)
	at sun.reflect.DelegatingMethodAccessorImpl.invoke(DelegatingMethodAccessorImpl.java:43)
	at java.lang.reflect.Method.invoke(Method.java:498)
	at org.apache.ibatis.logging.jdbc.ConnectionLogger.invoke(ConnectionLogger.java:55)
	at com.sun.proxy.$Proxy12.prepareStatement(Unknown Source)
	at org.apache.ibatis.executor.statement.PreparedStatementHandler.instantiateStatement(PreparedStatementHandler.java:79)
	at org.apache.ibatis.executor.statement.BaseStatementHandler.prepare(BaseStatementHandler.java:88)
	at org.apache.ibatis.executor.statement.RoutingStatementHandler.prepare(RoutingStatementHandler.java:58)
	at org.apache.ibatis.executor.SimpleExecutor.prepareStatement(SimpleExecutor.java:76)
	at org.apache.ibatis.executor.SimpleExecutor.doQuery(SimpleExecutor.java:61)
	at org.apache.ibatis.executor.BaseExecutor.queryFromDatabase(BaseExecutor.java:303)
	at org.apache.ibatis.executor.BaseExecutor.query(BaseExecutor.java:154)
	at org.apache.ibatis.executor.CachingExecutor.query(CachingExecutor.java:102)
	at org.apache.ibatis.executor.CachingExecutor.query(CachingExecutor.java:82)
	at org.apache.ibatis.session.defaults.DefaultSqlSession.selectList(DefaultSqlSession.java:120)
	... 42 more
10:45:56,614 [main] DEBUG org.activiti.engine.impl.cfg.standalone.StandaloneMybatisTransactionContext  - firing event rolling back...
10:45:56,614 [main] DEBUG org.activiti.engine.impl.cfg.standalone.StandaloneMybatisTransactionContext  - rolling back ibatis sql session...
10:45:56,614 [main] DEBUG org.activiti.engine.impl.cfg.standalone.StandaloneMybatisTransactionContext  - firing event rolled back...
10:45:56,614 [main] DEBUG org.apache.ibatis.transaction.jdbc.JdbcTransaction  - Resetting autocommit to true on JDBC Connection [conn4: url=jdbc:h2:mem:activiti user=SA]
10:45:56,614 [main] DEBUG org.apache.ibatis.transaction.jdbc.JdbcTransaction  - Closing JDBC Connection [conn4: url=jdbc:h2:mem:activiti user=SA]
10:45:56,614 [main] DEBUG org.apache.ibatis.datasource.pooled.PooledDataSource  - Returned connection 297240765 to pool.
10:45:56,614 [main] DEBUG org.activiti.engine.impl.interceptor.LogInterceptor  - --- ExecutionQueryImpl finished --------------------------------------------------------
10:45:56,614 [main] DEBUG org.activiti.engine.impl.interceptor.LogInterceptor  - 

10:45:56,614 [main] ERROR org.activiti.engine.impl.test.PvmTestCase  - 

10:45:56,614 [main] ERROR org.activiti.engine.impl.test.PvmTestCase  - EXCEPTION: org.apache.ibatis.exceptions.PersistenceException: 
### Error querying database.  Cause: org.h2.jdbc.JdbcSQLException: Syntax error in SQL statement &quot;SELECT DISTINCT RES.* , P.KEY_ AS PROCESSDEFINITIONKEY, P.ID_ AS PROCESSDEFINITIONID
       
    FROM ACT_RU_EXECUTION RES
    INNER JOIN ACT_RE_PROCDEF P ON RES.PROC_DEF_ID_ = P.ID_
     
     
     
     
        
    	INNER JOIN ACT_RU_EVENT_SUBSCR EVT0 ON RES.ID_ = EVT0.EXECUTION_ID_
	    
     
     
     
     WHERE  (EVT0.EVENT_TYPE_ = ? AND EVT0.EVENT_NAME_ = ?) 
   
   
     ORDER BY  ORDER[*] BY RES.ID_ ASC  
    LIMIT ? OFFSET ? &quot;; expected &quot;=, NOT, EXISTS, INTERSECTS, SELECT, FROM&quot;; SQL statement:
select distinct RES.* , P.KEY_ as ProcessDefinitionKey, P.ID_ as ProcessDefinitionId
       
    from ACT_RU_EXECUTION RES
    inner join ACT_RE_PROCDEF P on RES.PROC_DEF_ID_ = P.ID_
     
     
     
     
        
    	inner join ACT_RU_EVENT_SUBSCR EVT0 on RES.ID_ = EVT0.EXECUTION_ID_
	    
     
     
     
     WHERE  (EVT0.EVENT_TYPE_ = ? and EVT0.EVENT_NAME_ = ?) 
   
   
     order by  order by RES.ID_ asc  
    LIMIT ? OFFSET ? [42001-176]
### The error may exist in org/activiti/db/mapping/entity/Execution.xml
### The error may involve org.activiti.engine.impl.persistence.entity.ExecutionEntity.selectExecutionsByQueryCriteria
### The error occurred while executing a query
### SQL: select distinct RES.* , P.KEY_ as ProcessDefinitionKey, P.ID_ as ProcessDefinitionId             from ACT_RU_EXECUTION RES     inner join ACT_RE_PROCDEF P on RES.PROC_DEF_ID_ = P.ID_                                       inner join ACT_RU_EVENT_SUBSCR EVT0 on RES.ID_ = EVT0.EXECUTION_ID_                              WHERE  (EVT0.EVENT_TYPE_ = ? and EVT0.EVENT_NAME_ = ?)               order by  order by RES.ID_ asc       LIMIT ? OFFSET ?
### Cause: org.h2.jdbc.JdbcSQLException: Syntax error in SQL statement &quot;SELECT DISTINCT RES.* , P.KEY_ AS PROCESSDEFINITIONKEY, P.ID_ AS PROCESSDEFINITIONID
       
    FROM ACT_RU_EXECUTION RES
    INNER JOIN ACT_RE_PROCDEF P ON RES.PROC_DEF_ID_ = P.ID_
     
     
     
     
        
    	INNER JOIN ACT_RU_EVENT_SUBSCR EVT0 ON RES.ID_ = EVT0.EXECUTION_ID_
	    
     
     
     
     WHERE  (EVT0.EVENT_TYPE_ = ? AND EVT0.EVENT_NAME_ = ?) 
   
   
     ORDER BY  ORDER[*] BY RES.ID_ ASC  
    LIMIT ? OFFSET ? &quot;; expected &quot;=, NOT, EXISTS, INTERSECTS, SELECT, FROM&quot;; SQL statement:
select distinct RES.* , P.KEY_ as ProcessDefinitionKey, P.ID_ as ProcessDefinitionId
       
    from ACT_RU_EXECUTION RES
    inner join ACT_RE_PROCDEF P on RES.PROC_DEF_ID_ = P.ID_
     
     
     
     
        
    	inner join ACT_RU_EVENT_SUBSCR EVT0 on RES.ID_ = EVT0.EXECUTION_ID_
	    
     
     
     
     WHERE  (EVT0.EVENT_TYPE_ = ? and EVT0.EVENT_NAME_ = ?) 
   
   
     order by  order by RES.ID_ asc  
    LIMIT ? OFFSET ? [42001-176]
org.apache.ibatis.exceptions.PersistenceException: 
### Error querying database.  Cause: org.h2.jdbc.JdbcSQLException: Syntax error in SQL statement &quot;SELECT DISTINCT RES.* , P.KEY_ AS PROCESSDEFINITIONKEY, P.ID_ AS PROCESSDEFINITIONID
       
    FROM ACT_RU_EXECUTION RES
    INNER JOIN ACT_RE_PROCDEF P ON RES.PROC_DEF_ID_ = P.ID_
     
     
     
     
        
    	INNER JOIN ACT_RU_EVENT_SUBSCR EVT0 ON RES.ID_ = EVT0.EXECUTION_ID_
	    
     
     
     
     WHERE  (EVT0.EVENT_TYPE_ = ? AND EVT0.EVENT_NAME_ = ?) 
   
   
     ORDER BY  ORDER[*] BY RES.ID_ ASC  
    LIMIT ? OFFSET ? &quot;; expected &quot;=, NOT, EXISTS, INTERSECTS, SELECT, FROM&quot;; SQL statement:
select distinct RES.* , P.KEY_ as ProcessDefinitionKey, P.ID_ as ProcessDefinitionId
       
    from ACT_RU_EXECUTION RES
    inner join ACT_RE_PROCDEF P on RES.PROC_DEF_ID_ = P.ID_
     
     
     
     
        
    	inner join ACT_RU_EVENT_SUBSCR EVT0 on RES.ID_ = EVT0.EXECUTION_ID_
	    
     
     
     
     WHERE  (EVT0.EVENT_TYPE_ = ? and EVT0.EVENT_NAME_ = ?) 
   
   
     order by  order by RES.ID_ asc  
    LIMIT ? OFFSET ? [42001-176]
### The error may exist in org/activiti/db/mapping/entity/Execution.xml
### The error may involve org.activiti.engine.impl.persistence.entity.ExecutionEntity.selectExecutionsByQueryCriteria
### The error occurred while executing a query
### SQL: select distinct RES.* , P.KEY_ as ProcessDefinitionKey, P.ID_ as ProcessDefinitionId             from ACT_RU_EXECUTION RES     inner join ACT_RE_PROCDEF P on RES.PROC_DEF_ID_ = P.ID_                                       inner join ACT_RU_EVENT_SUBSCR EVT0 on RES.ID_ = EVT0.EXECUTION_ID_                              WHERE  (EVT0.EVENT_TYPE_ = ? and EVT0.EVENT_NAME_ = ?)               order by  order by RES.ID_ asc       LIMIT ? OFFSET ?
### Cause: org.h2.jdbc.JdbcSQLException: Syntax error in SQL statement &quot;SELECT DISTINCT RES.* , P.KEY_ AS PROCESSDEFINITIONKEY, P.ID_ AS PROCESSDEFINITIONID
       
    FROM ACT_RU_EXECUTION RES
    INNER JOIN ACT_RE_PROCDEF P ON RES.PROC_DEF_ID_ = P.ID_
     
     
     
     
        
    	INNER JOIN ACT_RU_EVENT_SUBSCR EVT0 ON RES.ID_ = EVT0.EXECUTION_ID_
	    
     
     
     
     WHERE  (EVT0.EVENT_TYPE_ = ? AND EVT0.EVENT_NAME_ = ?) 
   
   
     ORDER BY  ORDER[*] BY RES.ID_ ASC  
    LIMIT ? OFFSET ? &quot;; expected &quot;=, NOT, EXISTS, INTERSECTS, SELECT, FROM&quot;; SQL statement:
select distinct RES.* , P.KEY_ as ProcessDefinitionKey, P.ID_ as ProcessDefinitionId
       
    from ACT_RU_EXECUTION RES
    inner join ACT_RE_PROCDEF P on RES.PROC_DEF_ID_ = P.ID_
     
     
     
     
        
    	inner join ACT_RU_EVENT_SUBSCR EVT0 on RES.ID_ = EVT0.EXECUTION_ID_
	    
     
     
     
     WHERE  (EVT0.EVENT_TYPE_ = ? and EVT0.EVENT_NAME_ = ?) 
   
   
     order by  order by RES.ID_ asc  
    LIMIT ? OFFSET ? [42001-176]
	at org.apache.ibatis.exceptions.ExceptionFactory.wrapException(ExceptionFactory.java:30)
	at org.apache.ibatis.session.defaults.DefaultSqlSession.selectList(DefaultSqlSession.java:122)
	at org.apache.ibatis.session.defaults.DefaultSqlSession.selectList(DefaultSqlSession.java:113)
	at org.activiti.engine.impl.db.DbSqlSession.selectListWithRawParameter(DbSqlSession.java:438)
	at org.activiti.engine.impl.db.DbSqlSession.selectList(DbSqlSession.java:429)
	at org.activiti.engine.impl.db.DbSqlSession.selectList(DbSqlSession.java:419)
	at org.activiti.engine.impl.persistence.entity.ExecutionEntityManager.findExecutionsByQueryCriteria(ExecutionEntityManager.java:118)
	at org.activiti.engine.impl.ExecutionQueryImpl.executeList(ExecutionQueryImpl.java:303)
	at org.activiti.engine.impl.AbstractQuery.executeSingleResult(AbstractQuery.java:183)
	at org.activiti.engine.impl.AbstractQuery.execute(AbstractQuery.java:166)
	at org.activiti.engine.impl.interceptor.CommandInvoker.execute(CommandInvoker.java:24)
	at org.activiti.engine.impl.interceptor.CommandContextInterceptor.execute(CommandContextInterceptor.java:57)
	at org.activiti.engine.impl.interceptor.LogInterceptor.execute(LogInterceptor.java:37)
	at org.activiti.engine.impl.cfg.CommandExecutorImpl.execute(CommandExecutorImpl.java:40)
	at org.activiti.engine.impl.cfg.CommandExecutorImpl.execute(CommandExecutorImpl.java:35)
	at org.activiti.engine.impl.AbstractQuery.singleResult(AbstractQuery.java:129)
	at org.activiti.engine.test.bpmn.event.message.MessageIntermediateEventTest.testSingleIntermediateMessageEvent(MessageIntermediateEventTest.java:45)
	at sun.reflect.NativeMethodAccessorImpl.invoke0(Native Method)
	at sun.reflect.NativeMethodAccessorImpl.invoke(NativeMethodAccessorImpl.java:62)
	at sun.reflect.DelegatingMethodAccessorImpl.invoke(DelegatingMethodAccessorImpl.java:43)
	at java.lang.reflect.Method.invoke(Method.java:498)
	at junit.framework.TestCase.runTest(TestCase.java:176)
	at org.activiti.engine.impl.test.PvmTestCase.runTest(PvmTestCase.java:65)
	at junit.framework.TestCase.runBare(TestCase.java:141)
	at org.activiti.engine.impl.test.AbstractActivitiTestCase.runBare(AbstractActivitiTestCase.java:100)
	at junit.framework.TestResult$1.protect(TestResult.java:122)
	at junit.framework.TestResult.runProtected(TestResult.java:142)
	at junit.framework.TestResult.run(TestResult.java:125)
	at junit.framework.TestCase.run(TestCase.java:129)
	at junit.framework.TestSuite.runTest(TestSuite.java:255)
	at junit.framework.TestSuite.run(TestSuite.java:250)
	at org.junit.internal.runners.JUnit38ClassRunner.run(JUnit38ClassRunner.java:84)
	at org.apache.maven.surefire.junit4.JUnit4TestSet.execute(JUnit4TestSet.java:35)
	at org.apache.maven.surefire.junit4.JUnit4Provider.executeTestSet(JUnit4Provider.java:146)
	at org.apache.maven.surefire.junit4.JUnit4Provider.invoke(JUnit4Provider.java:97)
	at sun.reflect.NativeMethodAccessorImpl.invoke0(Native Method)
	at sun.reflect.NativeMethodAccessorImpl.invoke(NativeMethodAccessorImpl.java:62)
	at sun.reflect.DelegatingMethodAccessorImpl.invoke(DelegatingMethodAccessorImpl.java:43)
	at java.lang.reflect.Method.invoke(Method.java:498)
	at org.apache.maven.surefire.booter.ProviderFactory$ClassLoaderProxy.invoke(ProviderFactory.java:103)
	at com.sun.proxy.$Proxy0.invoke(Unknown Source)
	at org.apache.maven.surefire.booter.SurefireStarter.invokeProvider(SurefireStarter.java:145)
	at org.apache.maven.surefire.booter.SurefireStarter.runSuitesInProcess(SurefireStarter.java:87)
	at org.apache.maven.surefire.booter.ForkedBooter.main(ForkedBooter.java:69)
Caused by: org.h2.jdbc.JdbcSQLException: Syntax error in SQL statement &quot;SELECT DISTINCT RES.* , P.KEY_ AS PROCESSDEFINITIONKEY, P.ID_ AS PROCESSDEFINITIONID
       
    FROM ACT_RU_EXECUTION RES
    INNER JOIN ACT_RE_PROCDEF P ON RES.PROC_DEF_ID_ = P.ID_
     
     
     
     
        
    	INNER JOIN ACT_RU_EVENT_SUBSCR EVT0 ON RES.ID_ = EVT0.EXECUTION_ID_
	    
     
     
     
     WHERE  (EVT0.EVENT_TYPE_ = ? AND EVT0.EVENT_NAME_ = ?) 
   
   
     ORDER BY  ORDER[*] BY RES.ID_ ASC  
    LIMIT ? OFFSET ? &quot;; expected &quot;=, NOT, EXISTS, INTERSECTS, SELECT, FROM&quot;; SQL statement:
select distinct RES.* , P.KEY_ as ProcessDefinitionKey, P.ID_ as ProcessDefinitionId
       
    from ACT_RU_EXECUTION RES
    inner join ACT_RE_PROCDEF P on RES.PROC_DEF_ID_ = P.ID_
     
     
     
     
        
    	inner join ACT_RU_EVENT_SUBSCR EVT0 on RES.ID_ = EVT0.EXECUTION_ID_
	    
     
     
     
     WHERE  (EVT0.EVENT_TYPE_ = ? and EVT0.EVENT_NAME_ = ?) 
   
   
     order by  order by RES.ID_ asc  
    LIMIT ? OFFSET ? [42001-176]
	at org.h2.message.DbException.getJdbcSQLException(DbException.java:344)
	at org.h2.message.DbException.getSyntaxError(DbException.java:204)
	at org.h2.command.Parser.getSyntaxError(Parser.java:524)
	at org.h2.command.Parser.readTerm(Parser.java:2688)
	at org.h2.command.Parser.readFactor(Parser.java:2244)
	at org.h2.command.Parser.readSum(Parser.java:2231)
	at org.h2.command.Parser.readConcat(Parser.java:2201)
	at org.h2.command.Parser.readCondition(Parser.java:2051)
	at org.h2.command.Parser.readAnd(Parser.java:2023)
	at org.h2.command.Parser.readExpression(Parser.java:2015)
	at org.h2.command.Parser.parseEndOfQuery(Parser.java:1726)
	at org.h2.command.Parser.parseSelectUnionExtension(Parser.java:1706)
	at org.h2.command.Parser.parseSelectUnion(Parser.java:1675)
	at org.h2.command.Parser.parseSelect(Parser.java:1662)
	at org.h2.command.Parser.parsePrepared(Parser.java:434)
	at org.h2.command.Parser.parse(Parser.java:306)
	at org.h2.command.Parser.parse(Parser.java:282)
	at org.h2.command.Parser.prepareCommand(Parser.java:243)
	at org.h2.engine.Session.prepareLocal(Session.java:442)
	at org.h2.engine.Session.prepareCommand(Session.java:384)
	at org.h2.jdbc.JdbcConnection.prepareCommand(JdbcConnection.java:1188)
	at org.h2.jdbc.JdbcPreparedStatement.&lt;init&gt;(JdbcPreparedStatement.java:73)
	at org.h2.jdbc.JdbcConnection.prepareStatement(JdbcConnection.java:276)
	at sun.reflect.GeneratedMethodAccessor6.invoke(Unknown Source)
	at sun.reflect.DelegatingMethodAccessorImpl.invoke(DelegatingMethodAccessorImpl.java:43)
	at java.lang.reflect.Method.invoke(Method.java:498)
	at org.apache.ibatis.datasource.pooled.PooledConnection.invoke(PooledConnection.java:245)
	at com.sun.proxy.$Proxy12.prepareStatement(Unknown Source)
	at sun.reflect.GeneratedMethodAccessor6.invoke(Unknown Source)
	at sun.reflect.DelegatingMethodAccessorImpl.invoke(DelegatingMethodAccessorImpl.java:43)
	at java.lang.reflect.Method.invoke(Method.java:498)
	at org.apache.ibatis.logging.jdbc.ConnectionLogger.invoke(ConnectionLogger.java:55)
	at com.sun.proxy.$Proxy12.prepareStatement(Unknown Source)
	at org.apache.ibatis.executor.statement.PreparedStatementHandler.instantiateStatement(PreparedStatementHandler.java:79)
	at org.apache.ibatis.executor.statement.BaseStatementHandler.prepare(BaseStatementHandler.java:88)
	at org.apache.ibatis.executor.statement.RoutingStatementHandler.prepare(RoutingStatementHandler.java:58)
	at org.apache.ibatis.executor.SimpleExecutor.prepareStatement(SimpleExecutor.java:76)
	at org.apache.ibatis.executor.SimpleExecutor.doQuery(SimpleExecutor.java:61)
	at org.apache.ibatis.executor.BaseExecutor.queryFromDatabase(BaseExecutor.java:303)
	at org.apache.ibatis.executor.BaseExecutor.query(BaseExecutor.java:154)
	at org.apache.ibatis.executor.CachingExecutor.query(CachingExecutor.java:102)
	at org.apache.ibatis.executor.CachingExecutor.query(CachingExecutor.java:82)
	at org.apache.ibatis.session.defaults.DefaultSqlSession.selectList(DefaultSqlSession.java:120)
	... 42 more
10:45:56,614 [main] DEBUG org.activiti.engine.impl.test.PvmTestCase  - #### END MessageIntermediateEventTest.testSingleIntermediateMessageEvent #############################################################
10:45:56,614 [main] ERROR org.activiti.engine.impl.test.PvmTestCase  - 

10:45:56,614 [main] ERROR org.activiti.engine.impl.test.PvmTestCase  - EXCEPTION: org.apache.ibatis.exceptions.PersistenceException: 
### Error querying database.  Cause: org.h2.jdbc.JdbcSQLException: Syntax error in SQL statement &quot;SELECT DISTINCT RES.* , P.KEY_ AS PROCESSDEFINITIONKEY, P.ID_ AS PROCESSDEFINITIONID
       
    FROM ACT_RU_EXECUTION RES
    INNER JOIN ACT_RE_PROCDEF P ON RES.PROC_DEF_ID_ = P.ID_
     
     
     
     
        
    	INNER JOIN ACT_RU_EVENT_SUBSCR EVT0 ON RES.ID_ = EVT0.EXECUTION_ID_
	    
     
     
     
     WHERE  (EVT0.EVENT_TYPE_ = ? AND EVT0.EVENT_NAME_ = ?) 
   
   
     ORDER BY  ORDER[*] BY RES.ID_ ASC  
    LIMIT ? OFFSET ? &quot;; expected &quot;=, NOT, EXISTS, INTERSECTS, SELECT, FROM&quot;; SQL statement:
select distinct RES.* , P.KEY_ as ProcessDefinitionKey, P.ID_ as ProcessDefinitionId
       
    from ACT_RU_EXECUTION RES
    inner join ACT_RE_PROCDEF P on RES.PROC_DEF_ID_ = P.ID_
     
     
     
     
        
    	inner join ACT_RU_EVENT_SUBSCR EVT0 on RES.ID_ = EVT0.EXECUTION_ID_
	    
     
     
     
     WHERE  (EVT0.EVENT_TYPE_ = ? and EVT0.EVENT_NAME_ = ?) 
   
   
     order by  order by RES.ID_ asc  
    LIMIT ? OFFSET ? [42001-176]
### The error may exist in org/activiti/db/mapping/entity/Execution.xml
### The error may involve org.activiti.engine.impl.persistence.entity.ExecutionEntity.selectExecutionsByQueryCriteria
### The error occurred while executing a query
### SQL: select distinct RES.* , P.KEY_ as ProcessDefinitionKey, P.ID_ as ProcessDefinitionId             from ACT_RU_EXECUTION RES     inner join ACT_RE_PROCDEF P on RES.PROC_DEF_ID_ = P.ID_                                       inner join ACT_RU_EVENT_SUBSCR EVT0 on RES.ID_ = EVT0.EXECUTION_ID_                              WHERE  (EVT0.EVENT_TYPE_ = ? and EVT0.EVENT_NAME_ = ?)               order by  order by RES.ID_ asc       LIMIT ? OFFSET ?
### Cause: org.h2.jdbc.JdbcSQLException: Syntax error in SQL statement &quot;SELECT DISTINCT RES.* , P.KEY_ AS PROCESSDEFINITIONKEY, P.ID_ AS PROCESSDEFINITIONID
       
    FROM ACT_RU_EXECUTION RES
    INNER JOIN ACT_RE_PROCDEF P ON RES.PROC_DEF_ID_ = P.ID_
     
     
     
     
        
    	INNER JOIN ACT_RU_EVENT_SUBSCR EVT0 ON RES.ID_ = EVT0.EXECUTION_ID_
	    
     
     
     
     WHERE  (EVT0.EVENT_TYPE_ = ? AND EVT0.EVENT_NAME_ = ?) 
   
   
     ORDER BY  ORDER[*] BY RES.ID_ ASC  
    LIMIT ? OFFSET ? &quot;; expected &quot;=, NOT, EXISTS, INTERSECTS, SELECT, FROM&quot;; SQL statement:
select distinct RES.* , P.KEY_ as ProcessDefinitionKey, P.ID_ as ProcessDefinitionId
       
    from ACT_RU_EXECUTION RES
    inner join ACT_RE_PROCDEF P on RES.PROC_DEF_ID_ = P.ID_
     
     
     
     
        
    	inner join ACT_RU_EVENT_SUBSCR EVT0 on RES.ID_ = EVT0.EXECUTION_ID_
	    
     
     
     
     WHERE  (EVT0.EVENT_TYPE_ = ? and EVT0.EVENT_NAME_ = ?) 
   
   
     order by  order by RES.ID_ asc  
    LIMIT ? OFFSET ? [42001-176]
org.apache.ibatis.exceptions.PersistenceException: 
### Error querying database.  Cause: org.h2.jdbc.JdbcSQLException: Syntax error in SQL statement &quot;SELECT DISTINCT RES.* , P.KEY_ AS PROCESSDEFINITIONKEY, P.ID_ AS PROCESSDEFINITIONID
       
    FROM ACT_RU_EXECUTION RES
    INNER JOIN ACT_RE_PROCDEF P ON RES.PROC_DEF_ID_ = P.ID_
     
     
     
     
        
    	INNER JOIN ACT_RU_EVENT_SUBSCR EVT0 ON RES.ID_ = EVT0.EXECUTION_ID_
	    
     
     
     
     WHERE  (EVT0.EVENT_TYPE_ = ? AND EVT0.EVENT_NAME_ = ?) 
   
   
     ORDER BY  ORDER[*] BY RES.ID_ ASC  
    LIMIT ? OFFSET ? &quot;; expected &quot;=, NOT, EXISTS, INTERSECTS, SELECT, FROM&quot;; SQL statement:
select distinct RES.* , P.KEY_ as ProcessDefinitionKey, P.ID_ as ProcessDefinitionId
       
    from ACT_RU_EXECUTION RES
    inner join ACT_RE_PROCDEF P on RES.PROC_DEF_ID_ = P.ID_
     
     
     
     
        
    	inner join ACT_RU_EVENT_SUBSCR EVT0 on RES.ID_ = EVT0.EXECUTION_ID_
	    
     
     
     
     WHERE  (EVT0.EVENT_TYPE_ = ? and EVT0.EVENT_NAME_ = ?) 
   
   
     order by  order by RES.ID_ asc  
    LIMIT ? OFFSET ? [42001-176]
### The error may exist in org/activiti/db/mapping/entity/Execution.xml
### The error may involve org.activiti.engine.impl.persistence.entity.ExecutionEntity.selectExecutionsByQueryCriteria
### The error occurred while executing a query
### SQL: select distinct RES.* , P.KEY_ as ProcessDefinitionKey, P.ID_ as ProcessDefinitionId             from ACT_RU_EXECUTION RES     inner join ACT_RE_PROCDEF P on RES.PROC_DEF_ID_ = P.ID_                                       inner join ACT_RU_EVENT_SUBSCR EVT0 on RES.ID_ = EVT0.EXECUTION_ID_                              WHERE  (EVT0.EVENT_TYPE_ = ? and EVT0.EVENT_NAME_ = ?)               order by  order by RES.ID_ asc       LIMIT ? OFFSET ?
### Cause: org.h2.jdbc.JdbcSQLException: Syntax error in SQL statement &quot;SELECT DISTINCT RES.* , P.KEY_ AS PROCESSDEFINITIONKEY, P.ID_ AS PROCESSDEFINITIONID
       
    FROM ACT_RU_EXECUTION RES
    INNER JOIN ACT_RE_PROCDEF P ON RES.PROC_DEF_ID_ = P.ID_
     
     
     
     
        
    	INNER JOIN ACT_RU_EVENT_SUBSCR EVT0 ON RES.ID_ = EVT0.EXECUTION_ID_
	    
     
     
     
     WHERE  (EVT0.EVENT_TYPE_ = ? AND EVT0.EVENT_NAME_ = ?) 
   
   
     ORDER BY  ORDER[*] BY RES.ID_ ASC  
    LIMIT ? OFFSET ? &quot;; expected &quot;=, NOT, EXISTS, INTERSECTS, SELECT, FROM&quot;; SQL statement:
select distinct RES.* , P.KEY_ as ProcessDefinitionKey, P.ID_ as ProcessDefinitionId
       
    from ACT_RU_EXECUTION RES
    inner join ACT_RE_PROCDEF P on RES.PROC_DEF_ID_ = P.ID_
     
     
     
     
        
    	inner join ACT_RU_EVENT_SUBSCR EVT0 on RES.ID_ = EVT0.EXECUTION_ID_
	    
     
     
     
     WHERE  (EVT0.EVENT_TYPE_ = ? and EVT0.EVENT_NAME_ = ?) 
   
   
     order by  order by RES.ID_ asc  
    LIMIT ? OFFSET ? [42001-176]
	at org.apache.ibatis.exceptions.ExceptionFactory.wrapException(ExceptionFactory.java:30)
	at org.apache.ibatis.session.defaults.DefaultSqlSession.selectList(DefaultSqlSession.java:122)
	at org.apache.ibatis.session.defaults.DefaultSqlSession.selectList(DefaultSqlSession.java:113)
	at org.activiti.engine.impl.db.DbSqlSession.selectListWithRawParameter(DbSqlSession.java:438)
	at org.activiti.engine.impl.db.DbSqlSession.selectList(DbSqlSession.java:429)
	at org.activiti.engine.impl.db.DbSqlSession.selectList(DbSqlSession.java:419)
	at org.activiti.engine.impl.persistence.entity.ExecutionEntityManager.findExecutionsByQueryCriteria(ExecutionEntityManager.java:118)
	at org.activiti.engine.impl.ExecutionQueryImpl.executeList(ExecutionQueryImpl.java:303)
	at org.activiti.engine.impl.AbstractQuery.executeSingleResult(AbstractQuery.java:183)
	at org.activiti.engine.impl.AbstractQuery.execute(AbstractQuery.java:166)
	at org.activiti.engine.impl.interceptor.CommandInvoker.execute(CommandInvoker.java:24)
	at org.activiti.engine.impl.interceptor.CommandContextInterceptor.execute(CommandContextInterceptor.java:57)
	at org.activiti.engine.impl.interceptor.LogInterceptor.execute(LogInterceptor.java:37)
	at org.activiti.engine.impl.cfg.CommandExecutorImpl.execute(CommandExecutorImpl.java:40)
	at org.activiti.engine.impl.cfg.CommandExecutorImpl.execute(CommandExecutorImpl.java:35)
	at org.activiti.engine.impl.AbstractQuery.singleResult(AbstractQuery.java:129)
	at org.activiti.engine.test.bpmn.event.message.MessageIntermediateEventTest.testSingleIntermediateMessageEvent(MessageIntermediateEventTest.java:45)
	at sun.reflect.NativeMethodAccessorImpl.invoke0(Native Method)
	at sun.reflect.NativeMethodAccessorImpl.invoke(NativeMethodAccessorImpl.java:62)
	at sun.reflect.DelegatingMethodAccessorImpl.invoke(DelegatingMethodAccessorImpl.java:43)
	at java.lang.reflect.Method.invoke(Method.java:498)
	at junit.framework.TestCase.runTest(TestCase.java:176)
	at org.activiti.engine.impl.test.PvmTestCase.runTest(PvmTestCase.java:65)
	at junit.framework.TestCase.runBare(TestCase.java:141)
	at org.activiti.engine.impl.test.AbstractActivitiTestCase.runBare(AbstractActivitiTestCase.java:100)
	at junit.framework.TestResult$1.protect(TestResult.java:122)
	at junit.framework.TestResult.runProtected(TestResult.java:142)
	at junit.framework.TestResult.run(TestResult.java:125)
	at junit.framework.TestCase.run(TestCase.java:129)
	at junit.framework.TestSuite.runTest(TestSuite.java:255)
	at junit.framework.TestSuite.run(TestSuite.java:250)
	at org.junit.internal.runners.JUnit38ClassRunner.run(JUnit38ClassRunner.java:84)
	at org.apache.maven.surefire.junit4.JUnit4TestSet.execute(JUnit4TestSet.java:35)
	at org.apache.maven.surefire.junit4.JUnit4Provider.executeTestSet(JUnit4Provider.java:146)
	at org.apache.maven.surefire.junit4.JUnit4Provider.invoke(JUnit4Provider.java:97)
	at sun.reflect.NativeMethodAccessorImpl.invoke0(Native Method)
	at sun.reflect.NativeMethodAccessorImpl.invoke(NativeMethodAccessorImpl.java:62)
	at sun.reflect.DelegatingMethodAccessorImpl.invoke(DelegatingMethodAccessorImpl.java:43)
	at java.lang.reflect.Method.invoke(Method.java:498)
	at org.apache.maven.surefire.booter.ProviderFactory$ClassLoaderProxy.invoke(ProviderFactory.java:103)
	at com.sun.proxy.$Proxy0.invoke(Unknown Source)
	at org.apache.maven.surefire.booter.SurefireStarter.invokeProvider(SurefireStarter.java:145)
	at org.apache.maven.surefire.booter.SurefireStarter.runSuitesInProcess(SurefireStarter.java:87)
	at org.apache.maven.surefire.booter.ForkedBooter.main(ForkedBooter.java:69)
Caused by: org.h2.jdbc.JdbcSQLException: Syntax error in SQL statement &quot;SELECT DISTINCT RES.* , P.KEY_ AS PROCESSDEFINITIONKEY, P.ID_ AS PROCESSDEFINITIONID
       
    FROM ACT_RU_EXECUTION RES
    INNER JOIN ACT_RE_PROCDEF P ON RES.PROC_DEF_ID_ = P.ID_
     
     
     
     
        
    	INNER JOIN ACT_RU_EVENT_SUBSCR EVT0 ON RES.ID_ = EVT0.EXECUTION_ID_
	    
     
     
     
     WHERE  (EVT0.EVENT_TYPE_ = ? AND EVT0.EVENT_NAME_ = ?) 
   
   
     ORDER BY  ORDER[*] BY RES.ID_ ASC  
    LIMIT ? OFFSET ? &quot;; expected &quot;=, NOT, EXISTS, INTERSECTS, SELECT, FROM&quot;; SQL statement:
select distinct RES.* , P.KEY_ as ProcessDefinitionKey, P.ID_ as ProcessDefinitionId
       
    from ACT_RU_EXECUTION RES
    inner join ACT_RE_PROCDEF P on RES.PROC_DEF_ID_ = P.ID_
     
     
     
     
        
    	inner join ACT_RU_EVENT_SUBSCR EVT0 on RES.ID_ = EVT0.EXECUTION_ID_
	    
     
     
     
     WHERE  (EVT0.EVENT_TYPE_ = ? and EVT0.EVENT_NAME_ = ?) 
   
   
     order by  order by RES.ID_ asc  
    LIMIT ? OFFSET ? [42001-176]
	at org.h2.message.DbException.getJdbcSQLException(DbException.java:344)
	at org.h2.message.DbException.getSyntaxError(DbException.java:204)
	at org.h2.command.Parser.getSyntaxError(Parser.java:524)
	at org.h2.command.Parser.readTerm(Parser.java:2688)
	at org.h2.command.Parser.readFactor(Parser.java:2244)
	at org.h2.command.Parser.readSum(Parser.java:2231)
	at org.h2.command.Parser.readConcat(Parser.java:2201)
	at org.h2.command.Parser.readCondition(Parser.java:2051)
	at org.h2.command.Parser.readAnd(Parser.java:2023)
	at org.h2.command.Parser.readExpression(Parser.java:2015)
	at org.h2.command.Parser.parseEndOfQuery(Parser.java:1726)
	at org.h2.command.Parser.parseSelectUnionExtension(Parser.java:1706)
	at org.h2.command.Parser.parseSelectUnion(Parser.java:1675)
	at org.h2.command.Parser.parseSelect(Parser.java:1662)
	at org.h2.command.Parser.parsePrepared(Parser.java:434)
	at org.h2.command.Parser.parse(Parser.java:306)
	at org.h2.command.Parser.parse(Parser.java:282)
	at org.h2.command.Parser.prepareCommand(Parser.java:243)
	at org.h2.engine.Session.prepareLocal(Session.java:442)
	at org.h2.engine.Session.prepareCommand(Session.java:384)
	at org.h2.jdbc.JdbcConnection.prepareCommand(JdbcConnection.java:1188)
	at org.h2.jdbc.JdbcPreparedStatement.&lt;init&gt;(JdbcPreparedStatement.java:73)
	at org.h2.jdbc.JdbcConnection.prepareStatement(JdbcConnection.java:276)
	at sun.reflect.GeneratedMethodAccessor6.invoke(Unknown Source)
	at sun.reflect.DelegatingMethodAccessorImpl.invoke(DelegatingMethodAccessorImpl.java:43)
	at java.lang.reflect.Method.invoke(Method.java:498)
	at org.apache.ibatis.datasource.pooled.PooledConnection.invoke(PooledConnection.java:245)
	at com.sun.proxy.$Proxy12.prepareStatement(Unknown Source)
	at sun.reflect.GeneratedMethodAccessor6.invoke(Unknown Source)
	at sun.reflect.DelegatingMethodAccessorImpl.invoke(DelegatingMethodAccessorImpl.java:43)
	at java.lang.reflect.Method.invoke(Method.java:498)
	at org.apache.ibatis.logging.jdbc.ConnectionLogger.invoke(ConnectionLogger.java:55)
	at com.sun.proxy.$Proxy12.prepareStatement(Unknown Source)
	at org.apache.ibatis.executor.statement.PreparedStatementHandler.instantiateStatement(PreparedStatementHandler.java:79)
	at org.apache.ibatis.executor.statement.BaseStatementHandler.prepare(BaseStatementHandler.java:88)
	at org.apache.ibatis.executor.statement.RoutingStatementHandler.prepare(RoutingStatementHandler.java:58)
	at org.apache.ibatis.executor.SimpleExecutor.prepareStatement(SimpleExecutor.java:76)
	at org.apache.ibatis.executor.SimpleExecutor.doQuery(SimpleExecutor.java:61)
	at org.apache.ibatis.executor.BaseExecutor.queryFromDatabase(BaseExecutor.java:303)
	at org.apache.ibatis.executor.BaseExecutor.query(BaseExecutor.java:154)
	at org.apache.ibatis.executor.CachingExecutor.query(CachingExecutor.java:102)
	at org.apache.ibatis.executor.CachingExecutor.query(CachingExecutor.java:82)
	at org.apache.ibatis.session.defaults.DefaultSqlSession.selectList(DefaultSqlSession.java:120)
	... 42 more
10:45:56,614 [main] DEBUG org.activiti.engine.impl.test.TestHelper  - annotation @Deployment deletes deployment for MessageIntermediateEventTest.testSingleIntermediateMessageEvent
10:45:56,614 [main] DEBUG org.activiti.engine.impl.interceptor.LogInterceptor  - 

10:45:56,614 [main] DEBUG org.activiti.engine.impl.interceptor.LogInterceptor  - --- starting DeleteDeploymentCmd --------------------------------------------------------
10:45:56,614 [main] DEBUG org.apache.ibatis.transaction.jdbc.JdbcTransaction  - Opening JDBC Connection
10:45:56,614 [main] DEBUG org.apache.ibatis.datasource.pooled.PooledDataSource  - Checked out connection 180014677 from pool.
10:45:56,614 [main] DEBUG org.apache.ibatis.transaction.jdbc.JdbcTransaction  - Setting autocommit to false on JDBC Connection [conn3: url=jdbc:h2:mem:activiti user=SA]
10:45:56,614 [main] DEBUG org.activiti.engine.impl.persistence.entity.DeploymentEntity.selectDeploymentById  - ==&gt;  Preparing: select * from ACT_RE_DEPLOYMENT where ID_ = ? 
10:45:56,614 [main] DEBUG org.activiti.engine.impl.persistence.entity.DeploymentEntity.selectDeploymentById  - ==&gt; Parameters: 1553(String)
10:45:56,614 [main] DEBUG org.activiti.engine.impl.persistence.entity.DeploymentEntity.selectDeploymentById  - &lt;==      Total: 1
10:45:56,614 [main] DEBUG org.activiti.engine.impl.persistence.entity.ProcessDefinitionEntity.selectProcessDefinitionsByQueryCriteria  - ==&gt;  Preparing: select RES.* from ACT_RE_PROCDEF RES WHERE RES.DEPLOYMENT_ID_ = ? order by order by RES.ID_ asc LIMIT ? OFFSET ? 
10:45:56,614 [main] DEBUG org.activiti.engine.impl.interceptor.CommandContext  - Error while closing command context
org.apache.ibatis.exceptions.PersistenceException: 
### Error querying database.  Cause: org.h2.jdbc.JdbcSQLException: Syntax error in SQL statement &quot;SELECT RES.* 
       
    FROM ACT_RE_PROCDEF RES
     
     WHERE  RES.DEPLOYMENT_ID_ = ? 
   
     ORDER BY  ORDER[*] BY RES.ID_ ASC  
    LIMIT ? OFFSET ? &quot;; expected &quot;=, NOT, EXISTS, INTERSECTS, SELECT, FROM&quot;; SQL statement:
select RES.* 
       
    from ACT_RE_PROCDEF RES
     
     WHERE  RES.DEPLOYMENT_ID_ = ? 
   
     order by  order by RES.ID_ asc  
    LIMIT ? OFFSET ? [42001-176]
### The error may exist in org/activiti/db/mapping/entity/ProcessDefinition.xml
### The error may involve org.activiti.engine.impl.persistence.entity.ProcessDefinitionEntity.selectProcessDefinitionsByQueryCriteria
### The error occurred while executing a query
### SQL: select RES.*              from ACT_RE_PROCDEF RES            WHERE  RES.DEPLOYMENT_ID_ = ?           order by  order by RES.ID_ asc       LIMIT ? OFFSET ?
### Cause: org.h2.jdbc.JdbcSQLException: Syntax error in SQL statement &quot;SELECT RES.* 
       
    FROM ACT_RE_PROCDEF RES
     
     WHERE  RES.DEPLOYMENT_ID_ = ? 
   
     ORDER BY  ORDER[*] BY RES.ID_ ASC  
    LIMIT ? OFFSET ? &quot;; expected &quot;=, NOT, EXISTS, INTERSECTS, SELECT, FROM&quot;; SQL statement:
select RES.* 
       
    from ACT_RE_PROCDEF RES
     
     WHERE  RES.DEPLOYMENT_ID_ = ? 
   
     order by  order by RES.ID_ asc  
    LIMIT ? OFFSET ? [42001-176]
	at org.apache.ibatis.exceptions.ExceptionFactory.wrapException(ExceptionFactory.java:30)
	at org.apache.ibatis.session.defaults.DefaultSqlSession.selectList(DefaultSqlSession.java:122)
	at org.apache.ibatis.session.defaults.DefaultSqlSession.selectList(DefaultSqlSession.java:113)
	at org.activiti.engine.impl.db.DbSqlSession.selectListWithRawParameter(DbSqlSession.java:438)
	at org.activiti.engine.impl.db.DbSqlSession.selectList(DbSqlSession.java:429)
	at org.activiti.engine.impl.db.DbSqlSession.selectList(DbSqlSession.java:419)
	at org.activiti.engine.impl.persistence.entity.ProcessDefinitionEntityManager.findProcessDefinitionsByQueryCriteria(ProcessDefinitionEntityManager.java:57)
	at org.activiti.engine.impl.ProcessDefinitionQueryImpl.executeList(ProcessDefinitionQueryImpl.java:307)
	at org.activiti.engine.impl.AbstractQuery.list(AbstractQuery.java:140)
	at org.activiti.engine.impl.persistence.deploy.DeploymentManager.removeDeployment(DeploymentManager.java:187)
	at org.activiti.engine.impl.cmd.DeleteDeploymentCmd.execute(DeleteDeploymentCmd.java:44)
	at org.activiti.engine.impl.cmd.DeleteDeploymentCmd.execute(DeleteDeploymentCmd.java:24)
	at org.activiti.engine.impl.interceptor.CommandInvoker.execute(CommandInvoker.java:24)
	at org.activiti.engine.impl.interceptor.CommandContextInterceptor.execute(CommandContextInterceptor.java:57)
	at org.activiti.engine.impl.interceptor.LogInterceptor.execute(LogInterceptor.java:37)
	at org.activiti.engine.impl.cfg.CommandExecutorImpl.execute(CommandExecutorImpl.java:40)
	at org.activiti.engine.impl.cfg.CommandExecutorImpl.execute(CommandExecutorImpl.java:35)
	at org.activiti.engine.impl.RepositoryServiceImpl.deleteDeployment(RepositoryServiceImpl.java:90)
	at org.activiti.engine.impl.test.TestHelper.annotationDeploymentTearDown(TestHelper.java:116)
	at org.activiti.engine.impl.test.AbstractActivitiTestCase.runBare(AbstractActivitiTestCase.java:116)
	at junit.framework.TestResult$1.protect(TestResult.java:122)
	at junit.framework.TestResult.runProtected(TestResult.java:142)
	at junit.framework.TestResult.run(TestResult.java:125)
	at junit.framework.TestCase.run(TestCase.java:129)
	at junit.framework.TestSuite.runTest(TestSuite.java:255)
	at junit.framework.TestSuite.run(TestSuite.java:250)
	at org.junit.internal.runners.JUnit38ClassRunner.run(JUnit38ClassRunner.java:84)
	at org.apache.maven.surefire.junit4.JUnit4TestSet.execute(JUnit4TestSet.java:35)
	at org.apache.maven.surefire.junit4.JUnit4Provider.executeTestSet(JUnit4Provider.java:146)
	at org.apache.maven.surefire.junit4.JUnit4Provider.invoke(JUnit4Provider.java:97)
	at sun.reflect.NativeMethodAccessorImpl.invoke0(Native Method)
	at sun.reflect.NativeMethodAccessorImpl.invoke(NativeMethodAccessorImpl.java:62)
	at sun.reflect.DelegatingMethodAccessorImpl.invoke(DelegatingMethodAccessorImpl.java:43)
	at java.lang.reflect.Method.invoke(Method.java:498)
	at org.apache.maven.surefire.booter.ProviderFactory$ClassLoaderProxy.invoke(ProviderFactory.java:103)
	at com.sun.proxy.$Proxy0.invoke(Unknown Source)
	at org.apache.maven.surefire.booter.SurefireStarter.invokeProvider(SurefireStarter.java:145)
	at org.apache.maven.surefire.booter.SurefireStarter.runSuitesInProcess(SurefireStarter.java:87)
	at org.apache.maven.surefire.booter.ForkedBooter.main(ForkedBooter.java:69)
Caused by: org.h2.jdbc.JdbcSQLException: Syntax error in SQL statement &quot;SELECT RES.* 
       
    FROM ACT_RE_PROCDEF RES
     
     WHERE  RES.DEPLOYMENT_ID_ = ? 
   
     ORDER BY  ORDER[*] BY RES.ID_ ASC  
    LIMIT ? OFFSET ? &quot;; expected &quot;=, NOT, EXISTS, INTERSECTS, SELECT, FROM&quot;; SQL statement:
select RES.* 
       
    from ACT_RE_PROCDEF RES
     
     WHERE  RES.DEPLOYMENT_ID_ = ? 
   
     order by  order by RES.ID_ asc  
    LIMIT ? OFFSET ? [42001-176]
	at org.h2.message.DbException.getJdbcSQLException(DbException.java:344)
	at org.h2.message.DbException.getSyntaxError(DbException.java:204)
	at org.h2.command.Parser.getSyntaxError(Parser.java:524)
	at org.h2.command.Parser.readTerm(Parser.java:2688)
	at org.h2.command.Parser.readFactor(Parser.java:2244)
	at org.h2.command.Parser.readSum(Parser.java:2231)
	at org.h2.command.Parser.readConcat(Parser.java:2201)
	at org.h2.command.Parser.readCondition(Parser.java:2051)
	at org.h2.command.Parser.readAnd(Parser.java:2023)
	at org.h2.command.Parser.readExpression(Parser.java:2015)
	at org.h2.command.Parser.parseEndOfQuery(Parser.java:1726)
	at org.h2.command.Parser.parseSelectUnionExtension(Parser.java:1706)
	at org.h2.command.Parser.parseSelectUnion(Parser.java:1675)
	at org.h2.command.Parser.parseSelect(Parser.java:1662)
	at org.h2.command.Parser.parsePrepared(Parser.java:434)
	at org.h2.command.Parser.parse(Parser.java:306)
	at org.h2.command.Parser.parse(Parser.java:282)
	at org.h2.command.Parser.prepareCommand(Parser.java:243)
	at org.h2.engine.Session.prepareLocal(Session.java:442)
	at org.h2.engine.Session.prepareCommand(Session.java:384)
	at org.h2.jdbc.JdbcConnection.prepareCommand(JdbcConnection.java:1188)
	at org.h2.jdbc.JdbcPreparedStatement.&lt;init&gt;(JdbcPreparedStatement.java:73)
	at org.h2.jdbc.JdbcConnection.prepareStatement(JdbcConnection.java:276)
	at sun.reflect.GeneratedMethodAccessor6.invoke(Unknown Source)
	at sun.reflect.DelegatingMethodAccessorImpl.invoke(DelegatingMethodAccessorImpl.java:43)
	at java.lang.reflect.Method.invoke(Method.java:498)
	at org.apache.ibatis.datasource.pooled.PooledConnection.invoke(PooledConnection.java:245)
	at com.sun.proxy.$Proxy12.prepareStatement(Unknown Source)
	at sun.reflect.GeneratedMethodAccessor6.invoke(Unknown Source)
	at sun.reflect.DelegatingMethodAccessorImpl.invoke(DelegatingMethodAccessorImpl.java:43)
	at java.lang.reflect.Method.invoke(Method.java:498)
	at org.apache.ibatis.logging.jdbc.ConnectionLogger.invoke(ConnectionLogger.java:55)
	at com.sun.proxy.$Proxy12.prepareStatement(Unknown Source)
	at org.apache.ibatis.executor.statement.PreparedStatementHandler.instantiateStatement(PreparedStatementHandler.java:79)
	at org.apache.ibatis.executor.statement.BaseStatementHandler.prepare(BaseStatementHandler.java:88)
	at org.apache.ibatis.executor.statement.RoutingStatementHandler.prepare(RoutingStatementHandler.java:58)
	at org.apache.ibatis.executor.SimpleExecutor.prepareStatement(SimpleExecutor.java:76)
	at org.apache.ibatis.executor.SimpleExecutor.doQuery(SimpleExecutor.java:61)
	at org.apache.ibatis.executor.BaseExecutor.queryFromDatabase(BaseExecutor.java:303)
	at org.apache.ibatis.executor.BaseExecutor.query(BaseExecutor.java:154)
	at org.apache.ibatis.executor.CachingExecutor.query(CachingExecutor.java:102)
	at org.apache.ibatis.executor.CachingExecutor.query(CachingExecutor.java:82)
	at org.apache.ibatis.session.defaults.DefaultSqlSession.selectList(DefaultSqlSession.java:120)
	... 37 more
10:45:56,615 [main] DEBUG org.activiti.engine.impl.cfg.standalone.StandaloneMybatisTransactionContext  - firing event rolling back...
10:45:56,615 [main] DEBUG org.activiti.engine.impl.cfg.standalone.StandaloneMybatisTransactionContext  - rolling back ibatis sql session...
10:45:56,615 [main] DEBUG org.activiti.engine.impl.cfg.standalone.StandaloneMybatisTransactionContext  - firing event rolled back...
10:45:56,615 [main] DEBUG org.apache.ibatis.transaction.jdbc.JdbcTransaction  - Resetting autocommit to true on JDBC Connection [conn3: url=jdbc:h2:mem:activiti user=SA]
10:45:56,615 [main] DEBUG org.apache.ibatis.transaction.jdbc.JdbcTransaction  - Closing JDBC Connection [conn3: url=jdbc:h2:mem:activiti user=SA]
10:45:56,615 [main] DEBUG org.apache.ibatis.datasource.pooled.PooledDataSource  - Returned connection 180014677 to pool.
10:45:56,615 [main] DEBUG org.activiti.engine.impl.interceptor.LogInterceptor  - --- DeleteDeploymentCmd finished --------------------------------------------------------
10:45:56,615 [main] DEBUG org.activiti.engine.impl.interceptor.LogInterceptor  - 

</system-out>
  </testcase>
  <testcase classname="org.activiti.engine.test.bpmn.event.message.MessageIntermediateEventTest" name="testAsyncTriggeredMessageEvent" time="0.01">
    <error message="
### Error querying database.  Cause: org.h2.jdbc.JdbcSQLException: Syntax error in SQL statement &quot;SELECT RES.* 
       
    FROM ACT_RE_PROCDEF RES
     
     WHERE  RES.DEPLOYMENT_ID_ = ? 
   
     ORDER BY  ORDER[*] BY RES.ID_ ASC  
    LIMIT ? OFFSET ? &quot;; expected &quot;=, NOT, EXISTS, INTERSECTS, SELECT, FROM&quot;; SQL statement:
select RES.* 
       
    from ACT_RE_PROCDEF RES
     
     WHERE  RES.DEPLOYMENT_ID_ = ? 
   
     order by  order by RES.ID_ asc  
    LIMIT ? OFFSET ? [42001-176]
### The error may exist in org/activiti/db/mapping/entity/ProcessDefinition.xml
### The error may involve org.activiti.engine.impl.persistence.entity.ProcessDefinitionEntity.selectProcessDefinitionsByQueryCriteria
### The error occurred while executing a query
### SQL: select RES.*              from ACT_RE_PROCDEF RES            WHERE  RES.DEPLOYMENT_ID_ = ?           order by  order by RES.ID_ asc       LIMIT ? OFFSET ?
### Cause: org.h2.jdbc.JdbcSQLException: Syntax error in SQL statement &quot;SELECT RES.* 
       
    FROM ACT_RE_PROCDEF RES
     
     WHERE  RES.DEPLOYMENT_ID_ = ? 
   
     ORDER BY  ORDER[*] BY RES.ID_ ASC  
    LIMIT ? OFFSET ? &quot;; expected &quot;=, NOT, EXISTS, INTERSECTS, SELECT, FROM&quot;; SQL statement:
select RES.* 
       
    from ACT_RE_PROCDEF RES
     
     WHERE  RES.DEPLOYMENT_ID_ = ? 
   
     order by  order by RES.ID_ asc  
    LIMIT ? OFFSET ? [42001-176]" type="org.apache.ibatis.exceptions.PersistenceException">org.apache.ibatis.exceptions.PersistenceException: 
### Error querying database.  Cause: org.h2.jdbc.JdbcSQLException: Syntax error in SQL statement &quot;SELECT RES.* 
       
    FROM ACT_RE_PROCDEF RES
     
     WHERE  RES.DEPLOYMENT_ID_ = ? 
   
     ORDER BY  ORDER[*] BY RES.ID_ ASC  
    LIMIT ? OFFSET ? &quot;; expected &quot;=, NOT, EXISTS, INTERSECTS, SELECT, FROM&quot;; SQL statement:
select RES.* 
       
    from ACT_RE_PROCDEF RES
     
     WHERE  RES.DEPLOYMENT_ID_ = ? 
   
     order by  order by RES.ID_ asc  
    LIMIT ? OFFSET ? [42001-176]
### The error may exist in org/activiti/db/mapping/entity/ProcessDefinition.xml
### The error may involve org.activiti.engine.impl.persistence.entity.ProcessDefinitionEntity.selectProcessDefinitionsByQueryCriteria
### The error occurred while executing a query
### SQL: select RES.*              from ACT_RE_PROCDEF RES            WHERE  RES.DEPLOYMENT_ID_ = ?           order by  order by RES.ID_ asc       LIMIT ? OFFSET ?
### Cause: org.h2.jdbc.JdbcSQLException: Syntax error in SQL statement &quot;SELECT RES.* 
       
    FROM ACT_RE_PROCDEF RES
     
     WHERE  RES.DEPLOYMENT_ID_ = ? 
   
     ORDER BY  ORDER[*] BY RES.ID_ ASC  
    LIMIT ? OFFSET ? &quot;; expected &quot;=, NOT, EXISTS, INTERSECTS, SELECT, FROM&quot;; SQL statement:
select RES.* 
       
    from ACT_RE_PROCDEF RES
     
     WHERE  RES.DEPLOYMENT_ID_ = ? 
   
     order by  order by RES.ID_ asc  
    LIMIT ? OFFSET ? [42001-176]
	at org.apache.ibatis.exceptions.ExceptionFactory.wrapException(ExceptionFactory.java:30)
	at org.apache.ibatis.session.defaults.DefaultSqlSession.selectList(DefaultSqlSession.java:122)
	at org.apache.ibatis.session.defaults.DefaultSqlSession.selectList(DefaultSqlSession.java:113)
	at org.activiti.engine.impl.db.DbSqlSession.selectListWithRawParameter(DbSqlSession.java:438)
	at org.activiti.engine.impl.db.DbSqlSession.selectList(DbSqlSession.java:429)
	at org.activiti.engine.impl.db.DbSqlSession.selectList(DbSqlSession.java:419)
	at org.activiti.engine.impl.persistence.entity.ProcessDefinitionEntityManager.findProcessDefinitionsByQueryCriteria(ProcessDefinitionEntityManager.java:57)
	at org.activiti.engine.impl.ProcessDefinitionQueryImpl.executeList(ProcessDefinitionQueryImpl.java:307)
	at org.activiti.engine.impl.AbstractQuery.list(AbstractQuery.java:140)
	at org.activiti.engine.impl.persistence.deploy.DeploymentManager.removeDeployment(DeploymentManager.java:187)
	at org.activiti.engine.impl.cmd.DeleteDeploymentCmd.execute(DeleteDeploymentCmd.java:44)
	at org.activiti.engine.impl.cmd.DeleteDeploymentCmd.execute(DeleteDeploymentCmd.java:24)
	at org.activiti.engine.impl.interceptor.CommandInvoker.execute(CommandInvoker.java:24)
	at org.activiti.engine.impl.interceptor.CommandContextInterceptor.execute(CommandContextInterceptor.java:57)
	at org.activiti.engine.impl.interceptor.LogInterceptor.execute(LogInterceptor.java:37)
	at org.activiti.engine.impl.cfg.CommandExecutorImpl.execute(CommandExecutorImpl.java:40)
	at org.activiti.engine.impl.cfg.CommandExecutorImpl.execute(CommandExecutorImpl.java:35)
	at org.activiti.engine.impl.RepositoryServiceImpl.deleteDeployment(RepositoryServiceImpl.java:90)
	at org.activiti.engine.impl.test.TestHelper.annotationDeploymentTearDown(TestHelper.java:116)
	at org.activiti.engine.impl.test.AbstractActivitiTestCase.runBare(AbstractActivitiTestCase.java:116)
	at junit.framework.TestResult$1.protect(TestResult.java:122)
	at junit.framework.TestResult.runProtected(TestResult.java:142)
	at junit.framework.TestResult.run(TestResult.java:125)
	at junit.framework.TestCase.run(TestCase.java:129)
	at junit.framework.TestSuite.runTest(TestSuite.java:255)
	at junit.framework.TestSuite.run(TestSuite.java:250)
	at org.junit.internal.runners.JUnit38ClassRunner.run(JUnit38ClassRunner.java:84)
	at org.apache.maven.surefire.junit4.JUnit4TestSet.execute(JUnit4TestSet.java:35)
	at org.apache.maven.surefire.junit4.JUnit4Provider.executeTestSet(JUnit4Provider.java:146)
	at org.apache.maven.surefire.junit4.JUnit4Provider.invoke(JUnit4Provider.java:97)
	at sun.reflect.NativeMethodAccessorImpl.invoke0(Native Method)
	at sun.reflect.NativeMethodAccessorImpl.invoke(NativeMethodAccessorImpl.java:62)
	at sun.reflect.DelegatingMethodAccessorImpl.invoke(DelegatingMethodAccessorImpl.java:43)
	at java.lang.reflect.Method.invoke(Method.java:498)
	at org.apache.maven.surefire.booter.ProviderFactory$ClassLoaderProxy.invoke(ProviderFactory.java:103)
	at com.sun.proxy.$Proxy0.invoke(Unknown Source)
	at org.apache.maven.surefire.booter.SurefireStarter.invokeProvider(SurefireStarter.java:145)
	at org.apache.maven.surefire.booter.SurefireStarter.runSuitesInProcess(SurefireStarter.java:87)
	at org.apache.maven.surefire.booter.ForkedBooter.main(ForkedBooter.java:69)
Caused by: org.h2.jdbc.JdbcSQLException: Syntax error in SQL statement &quot;SELECT RES.* 
       
    FROM ACT_RE_PROCDEF RES
     
     WHERE  RES.DEPLOYMENT_ID_ = ? 
   
     ORDER BY  ORDER[*] BY RES.ID_ ASC  
    LIMIT ? OFFSET ? &quot;; expected &quot;=, NOT, EXISTS, INTERSECTS, SELECT, FROM&quot;; SQL statement:
select RES.* 
       
    from ACT_RE_PROCDEF RES
     
     WHERE  RES.DEPLOYMENT_ID_ = ? 
   
     order by  order by RES.ID_ asc  
    LIMIT ? OFFSET ? [42001-176]
	at org.h2.message.DbException.getJdbcSQLException(DbException.java:344)
	at org.h2.message.DbException.getSyntaxError(DbException.java:204)
	at org.h2.command.Parser.getSyntaxError(Parser.java:524)
	at org.h2.command.Parser.readTerm(Parser.java:2688)
	at org.h2.command.Parser.readFactor(Parser.java:2244)
	at org.h2.command.Parser.readSum(Parser.java:2231)
	at org.h2.command.Parser.readConcat(Parser.java:2201)
	at org.h2.command.Parser.readCondition(Parser.java:2051)
	at org.h2.command.Parser.readAnd(Parser.java:2023)
	at org.h2.command.Parser.readExpression(Parser.java:2015)
	at org.h2.command.Parser.parseEndOfQuery(Parser.java:1726)
	at org.h2.command.Parser.parseSelectUnionExtension(Parser.java:1706)
	at org.h2.command.Parser.parseSelectUnion(Parser.java:1675)
	at org.h2.command.Parser.parseSelect(Parser.java:1662)
	at org.h2.command.Parser.parsePrepared(Parser.java:434)
	at org.h2.command.Parser.parse(Parser.java:306)
	at org.h2.command.Parser.parse(Parser.java:282)
	at org.h2.command.Parser.prepareCommand(Parser.java:243)
	at org.h2.engine.Session.prepareLocal(Session.java:442)
	at org.h2.engine.Session.prepareCommand(Session.java:384)
	at org.h2.jdbc.JdbcConnection.prepareCommand(JdbcConnection.java:1188)
	at org.h2.jdbc.JdbcPreparedStatement.&lt;init&gt;(JdbcPreparedStatement.java:73)
	at org.h2.jdbc.JdbcConnection.prepareStatement(JdbcConnection.java:276)
	at sun.reflect.GeneratedMethodAccessor6.invoke(Unknown Source)
	at sun.reflect.DelegatingMethodAccessorImpl.invoke(DelegatingMethodAccessorImpl.java:43)
	at java.lang.reflect.Method.invoke(Method.java:498)
	at org.apache.ibatis.datasource.pooled.PooledConnection.invoke(PooledConnection.java:245)
	at com.sun.proxy.$Proxy12.prepareStatement(Unknown Source)
	at sun.reflect.GeneratedMethodAccessor6.invoke(Unknown Source)
	at sun.reflect.DelegatingMethodAccessorImpl.invoke(DelegatingMethodAccessorImpl.java:43)
	at java.lang.reflect.Method.invoke(Method.java:498)
	at org.apache.ibatis.logging.jdbc.ConnectionLogger.invoke(ConnectionLogger.java:55)
	at com.sun.proxy.$Proxy12.prepareStatement(Unknown Source)
	at org.apache.ibatis.executor.statement.PreparedStatementHandler.instantiateStatement(PreparedStatementHandler.java:79)
	at org.apache.ibatis.executor.statement.BaseStatementHandler.prepare(BaseStatementHandler.java:88)
	at org.apache.ibatis.executor.statement.RoutingStatementHandler.prepare(RoutingStatementHandler.java:58)
	at org.apache.ibatis.executor.SimpleExecutor.prepareStatement(SimpleExecutor.java:76)
	at org.apache.ibatis.executor.SimpleExecutor.doQuery(SimpleExecutor.java:61)
	at org.apache.ibatis.executor.BaseExecutor.queryFromDatabase(BaseExecutor.java:303)
	at org.apache.ibatis.executor.BaseExecutor.query(BaseExecutor.java:154)
	at org.apache.ibatis.executor.CachingExecutor.query(CachingExecutor.java:102)
	at org.apache.ibatis.executor.CachingExecutor.query(CachingExecutor.java:82)
	at org.apache.ibatis.session.defaults.DefaultSqlSession.selectList(DefaultSqlSession.java:120)
	... 37 more
</error>
    <system-out>10:45:56,615 [main] DEBUG org.activiti.engine.impl.test.TestHelper  - annotation @Deployment creates deployment for MessageIntermediateEventTest.testAsyncTriggeredMessageEvent
10:45:56,616 [main] DEBUG org.activiti.engine.impl.interceptor.LogInterceptor  - 

10:45:56,616 [main] DEBUG org.activiti.engine.impl.interceptor.LogInterceptor  - --- starting DeployCmd --------------------------------------------------------
10:45:56,616 [main] DEBUG org.activiti.engine.impl.bpmn.deployer.BpmnDeployer  - Processing deployment MessageIntermediateEventTest.testAsyncTriggeredMessageEvent
10:45:56,616 [main] INFO  org.activiti.engine.impl.bpmn.deployer.BpmnDeployer  - Processing resource org/activiti/engine/test/bpmn/event/message/MessageIntermediateEventTest.testAsyncTriggeredMessageEvent.bpmn20.xml
10:45:56,620 [main] DEBUG org.activiti.engine.impl.bpmn.parser.handler.ProcessParseHandler  - Parsing process process
10:45:56,620 [main] DEBUG org.activiti.engine.impl.bpmn.parser.handler.AbstractBpmnParseHandler  - Parsing activity _2
10:45:56,620 [main] DEBUG org.activiti.engine.impl.bpmn.parser.handler.AbstractBpmnParseHandler  - Parsing activity _4
10:45:56,620 [main] DEBUG org.activiti.engine.impl.bpmn.parser.handler.AbstractBpmnParseHandler  - Parsing activity _7
10:45:56,620 [main] DEBUG org.apache.ibatis.transaction.jdbc.JdbcTransaction  - Opening JDBC Connection
10:45:56,620 [main] DEBUG org.apache.ibatis.datasource.pooled.PooledDataSource  - Checked out connection 486346394 from pool.
10:45:56,620 [main] DEBUG org.apache.ibatis.transaction.jdbc.JdbcTransaction  - Setting autocommit to false on JDBC Connection [conn6: url=jdbc:h2:mem:activiti user=SA]
10:45:56,620 [main] DEBUG org.activiti.engine.impl.persistence.entity.ProcessDefinitionEntity.selectLatestProcessDefinitionByKey  - ==&gt;  Preparing: select * from ACT_RE_PROCDEF where KEY_ = ? and (TENANT_ID_ = &apos;&apos; or TENANT_ID_ is null) and VERSION_ = (select max(VERSION_) from ACT_RE_PROCDEF where KEY_ = ? and (TENANT_ID_ = &apos;&apos; or TENANT_ID_ is null)) 
10:45:56,620 [main] DEBUG org.activiti.engine.impl.persistence.entity.ProcessDefinitionEntity.selectLatestProcessDefinitionByKey  - ==&gt; Parameters: process(String), process(String)
10:45:56,620 [main] DEBUG org.activiti.engine.impl.persistence.entity.ProcessDefinitionEntity.selectLatestProcessDefinitionByKey  - &lt;==      Total: 1
10:45:56,621 [main] DEBUG org.activiti.engine.impl.persistence.entity.JobEntity.selectJobByTypeAndProcessDefinitionKeyNoTenantId  - ==&gt;  Preparing: select J.* from ACT_RU_JOB J inner join ACT_RE_PROCDEF P on J.PROC_DEF_ID_ = P.ID_ where J.HANDLER_TYPE_ = ? and P.KEY_ = ? and (P.TENANT_ID_ = &apos;&apos; or P.TENANT_ID_ is null) 
10:45:56,621 [main] DEBUG org.activiti.engine.impl.persistence.entity.JobEntity.selectJobByTypeAndProcessDefinitionKeyNoTenantId  - ==&gt; Parameters: timer-start-event(String), process(String)
10:45:56,621 [main] DEBUG org.activiti.engine.impl.persistence.entity.JobEntity.selectJobByTypeAndProcessDefinitionKeyNoTenantId  - &lt;==      Total: 0
10:45:56,621 [main] DEBUG org.activiti.engine.impl.persistence.entity.EventSubscriptionEntity.selectEventSubscriptionsByConfiguration  - ==&gt;  Preparing: select * from ACT_RU_EVENT_SUBSCR where (EVENT_TYPE_ = ?) and ( (CONFIGURATION_ = ?) or (PROC_DEF_ID_ = ?) ) and (TENANT_ID_ = &apos;&apos; or TENANT_ID_ is null) 
10:45:56,621 [main] DEBUG org.activiti.engine.impl.persistence.entity.EventSubscriptionEntity.selectEventSubscriptionsByConfiguration  - ==&gt; Parameters: message(String), process:4:1555(String), process:4:1555(String)
10:45:56,621 [main] DEBUG org.activiti.engine.impl.persistence.entity.EventSubscriptionEntity.selectEventSubscriptionsByConfiguration  - &lt;==      Total: 1
10:45:56,621 [main] DEBUG org.activiti.engine.impl.persistence.entity.ExecutionEntity.selectExecution  - ==&gt;  Preparing: select * from ACT_RU_EXECUTION where ID_ = ? 
10:45:56,621 [main] DEBUG org.activiti.engine.impl.persistence.entity.ExecutionEntity.selectExecution  - ==&gt; Parameters: 1558(String)
10:45:56,622 [main] DEBUG org.activiti.engine.impl.persistence.entity.ExecutionEntity.selectExecution  - &lt;==      Total: 1
10:45:56,622 [main] DEBUG org.activiti.engine.impl.persistence.entity.EventSubscriptionEntity.selectEventSubscriptionsByExecution  - ==&gt;  Preparing: select * from ACT_RU_EVENT_SUBSCR where (EXECUTION_ID_ = ?) 
10:45:56,622 [main] DEBUG org.activiti.engine.impl.persistence.entity.EventSubscriptionEntity.selectEventSubscriptionsByExecution  - ==&gt; Parameters: 1558(String)
10:45:56,622 [main] DEBUG org.activiti.engine.impl.persistence.entity.EventSubscriptionEntity.selectEventSubscriptionsByExecution  - &lt;==      Total: 1
10:45:56,622 [main] DEBUG org.activiti.engine.impl.persistence.entity.EventSubscriptionEntity.selectEventSubscriptionsByConfiguration  - ==&gt;  Preparing: select * from ACT_RU_EVENT_SUBSCR where (EVENT_TYPE_ = ?) and ( (CONFIGURATION_ = ?) or (PROC_DEF_ID_ = ?) ) and (TENANT_ID_ = &apos;&apos; or TENANT_ID_ is null) 
10:45:56,622 [main] DEBUG org.activiti.engine.impl.persistence.entity.EventSubscriptionEntity.selectEventSubscriptionsByConfiguration  - ==&gt; Parameters: signal(String), process:4:1555(String), process:4:1555(String)
10:45:56,622 [main] DEBUG org.activiti.engine.impl.persistence.entity.EventSubscriptionEntity.selectEventSubscriptionsByConfiguration  - &lt;==      Total: 0
10:45:56,622 [main] DEBUG org.activiti.engine.impl.persistence.entity.ProcessDefinitionInfoEntity.selectProcessDefinitionInfoByProcessDefinitionId  - ==&gt;  Preparing: select * from ACT_PROCDEF_INFO where PROC_DEF_ID_ = ? 
10:45:56,622 [main] DEBUG org.activiti.engine.impl.persistence.entity.ProcessDefinitionInfoEntity.selectProcessDefinitionInfoByProcessDefinitionId  - ==&gt; Parameters: process:5:1563(String)
10:45:56,622 [main] DEBUG org.activiti.engine.impl.persistence.entity.ProcessDefinitionInfoEntity.selectProcessDefinitionInfoByProcessDefinitionId  - &lt;==      Total: 0
10:45:56,622 [main] DEBUG org.activiti.engine.impl.interceptor.LogInterceptor  - 

10:45:56,622 [main] DEBUG org.activiti.engine.impl.interceptor.LogInterceptor  - --- starting GetProcessDefinitionInfoCmd --------------------------------------------------------
10:45:56,622 [main] DEBUG org.activiti.engine.impl.interceptor.CommandContextInterceptor  - Valid context found. Reusing it for the current command &apos;org.activiti.engine.impl.cmd.GetProcessDefinitionInfoCmd&apos;
10:45:56,622 [main] DEBUG org.activiti.engine.impl.interceptor.LogInterceptor  - 

10:45:56,622 [main] DEBUG org.activiti.engine.impl.interceptor.LogInterceptor  - --- starting  --------------------------------------------------------
10:45:56,622 [main] DEBUG org.activiti.engine.impl.interceptor.CommandContextInterceptor  - Valid context found. Reusing it for the current command &apos;null&apos;
10:45:56,622 [main] DEBUG org.activiti.engine.impl.interceptor.LogInterceptor  - ---  finished --------------------------------------------------------
10:45:56,622 [main] DEBUG org.activiti.engine.impl.interceptor.LogInterceptor  - 

10:45:56,622 [main] DEBUG org.activiti.engine.impl.interceptor.LogInterceptor  - --- GetProcessDefinitionInfoCmd finished --------------------------------------------------------
10:45:56,622 [main] DEBUG org.activiti.engine.impl.interceptor.LogInterceptor  - 

10:45:56,622 [main] DEBUG org.activiti.engine.impl.db.DbSqlSession  -   insert ResourceEntity[id=1562, name=org/activiti/engine/test/bpmn/event/message/MessageIntermediateEventTest.testAsyncTriggeredMessageEvent.bpmn20.xml]
10:45:56,622 [main] DEBUG org.activiti.engine.impl.db.DbSqlSession  -   insert DeploymentEntity[id=1561, name=MessageIntermediateEventTest.testAsyncTriggeredMessageEvent]
10:45:56,622 [main] DEBUG org.activiti.engine.impl.db.DbSqlSession  -   insert ProcessDefinitionEntity[process:5:1563]
10:45:56,622 [main] DEBUG org.activiti.engine.impl.db.DbSqlSession  -   delete org.activiti.engine.impl.persistence.entity.MessageEventSubscriptionEntity@1713e7
10:45:56,622 [main] DEBUG org.activiti.engine.impl.db.DbSqlSession  - flush summary: 3 insert, 0 update, 1 delete.
10:45:56,622 [main] DEBUG org.activiti.engine.impl.db.DbSqlSession  - now executing flush...
10:45:56,622 [main] DEBUG org.activiti.engine.impl.db.DbSqlSession  - inserting: ProcessDefinitionEntity[process:5:1563]
10:45:56,622 [main] DEBUG org.activiti.engine.impl.persistence.entity.ProcessDefinitionEntity.insertProcessDefinition  - ==&gt;  Preparing: insert into ACT_RE_PROCDEF(ID_, REV_, CATEGORY_, NAME_, KEY_, VERSION_, DEPLOYMENT_ID_, RESOURCE_NAME_, DGRM_RESOURCE_NAME_, DESCRIPTION_, HAS_START_FORM_KEY_, HAS_GRAPHICAL_NOTATION_ , SUSPENSION_STATE_, TENANT_ID_) values (?, 1, ?, ?, ?, ?, ?, ?, ?, ?, ?, ?, ?, ?) 
10:45:56,622 [main] DEBUG org.activiti.engine.impl.persistence.entity.ProcessDefinitionEntity.insertProcessDefinition  - ==&gt; Parameters: process:5:1563(String), Examples(String), null, process(String), 5(Integer), 1561(String), org/activiti/engine/test/bpmn/event/message/MessageIntermediateEventTest.testAsyncTriggeredMessageEvent.bpmn20.xml(String), null, null, false(Boolean), false(Boolean), 1(Integer), (String)
10:45:56,622 [main] DEBUG org.activiti.engine.impl.persistence.entity.ProcessDefinitionEntity.insertProcessDefinition  - &lt;==    Updates: 1
10:45:56,622 [main] DEBUG org.activiti.engine.impl.db.DbSqlSession  - inserting: DeploymentEntity[id=1561, name=MessageIntermediateEventTest.testAsyncTriggeredMessageEvent]
10:45:56,622 [main] DEBUG org.activiti.engine.impl.persistence.entity.DeploymentEntity.insertDeployment  - ==&gt;  Preparing: insert into ACT_RE_DEPLOYMENT(ID_, NAME_, CATEGORY_, TENANT_ID_, DEPLOY_TIME_) values(?, ?, ?, ?, ?) 
10:45:56,622 [main] DEBUG org.activiti.engine.impl.persistence.entity.DeploymentEntity.insertDeployment  - ==&gt; Parameters: 1561(String), MessageIntermediateEventTest.testAsyncTriggeredMessageEvent(String), null, (String), 2023-03-20 10:45:56.616(Timestamp)
10:45:56,622 [main] DEBUG org.activiti.engine.impl.persistence.entity.DeploymentEntity.insertDeployment  - &lt;==    Updates: 1
10:45:56,622 [main] DEBUG org.activiti.engine.impl.db.DbSqlSession  - inserting: ResourceEntity[id=1562, name=org/activiti/engine/test/bpmn/event/message/MessageIntermediateEventTest.testAsyncTriggeredMessageEvent.bpmn20.xml]
10:45:56,622 [main] DEBUG org.activiti.engine.impl.persistence.entity.ResourceEntity.insertResource  - ==&gt;  Preparing: insert into ACT_GE_BYTEARRAY(ID_, REV_, NAME_, BYTES_, DEPLOYMENT_ID_, GENERATED_) values (?, 1, ?, ?, ?, ?) 
10:45:56,622 [main] DEBUG org.activiti.engine.impl.persistence.entity.ResourceEntity.insertResource  - ==&gt; Parameters: 1562(String), org/activiti/engine/test/bpmn/event/message/MessageIntermediateEventTest.testAsyncTriggeredMessageEvent.bpmn20.xml(String), java.io.ByteArrayInputStream@44bc7dc9(ByteArrayInputStream), 1561(String), false(Boolean)
10:45:56,622 [main] DEBUG org.activiti.engine.impl.persistence.entity.ResourceEntity.insertResource  - &lt;==    Updates: 1
10:45:56,622 [main] DEBUG org.activiti.engine.impl.db.DbSqlSession  - executing: delete org.activiti.engine.impl.persistence.entity.MessageEventSubscriptionEntity@1713e7
10:45:56,622 [main] DEBUG org.activiti.engine.impl.persistence.entity.EventSubscriptionEntity.deleteMessageEventSubscription  - ==&gt;  Preparing: delete from ACT_RU_EVENT_SUBSCR where ID_ = ? and REV_ = ? 
10:45:56,622 [main] DEBUG org.activiti.engine.impl.persistence.entity.EventSubscriptionEntity.deleteMessageEventSubscription  - ==&gt; Parameters: 1559(String), 1(Integer)
10:45:56,622 [main] DEBUG org.activiti.engine.impl.persistence.entity.EventSubscriptionEntity.deleteMessageEventSubscription  - &lt;==    Updates: 1
10:45:56,622 [main] DEBUG org.activiti.engine.impl.cfg.standalone.StandaloneMybatisTransactionContext  - firing event committing...
10:45:56,622 [main] DEBUG org.activiti.engine.impl.cfg.standalone.StandaloneMybatisTransactionContext  - committing the ibatis sql session...
10:45:56,622 [main] DEBUG org.apache.ibatis.transaction.jdbc.JdbcTransaction  - Committing JDBC Connection [conn6: url=jdbc:h2:mem:activiti user=SA]
10:45:56,622 [main] DEBUG org.activiti.engine.impl.cfg.standalone.StandaloneMybatisTransactionContext  - firing event committed...
10:45:56,622 [main] DEBUG org.apache.ibatis.transaction.jdbc.JdbcTransaction  - Resetting autocommit to true on JDBC Connection [conn6: url=jdbc:h2:mem:activiti user=SA]
10:45:56,622 [main] DEBUG org.apache.ibatis.transaction.jdbc.JdbcTransaction  - Closing JDBC Connection [conn6: url=jdbc:h2:mem:activiti user=SA]
10:45:56,622 [main] DEBUG org.apache.ibatis.datasource.pooled.PooledDataSource  - Returned connection 486346394 to pool.
10:45:56,622 [main] DEBUG org.activiti.engine.impl.interceptor.LogInterceptor  - --- DeployCmd finished --------------------------------------------------------
10:45:56,622 [main] DEBUG org.activiti.engine.impl.interceptor.LogInterceptor  - 

10:45:56,622 [main] DEBUG org.activiti.engine.impl.test.PvmTestCase  - 

10:45:56,622 [main] DEBUG org.activiti.engine.impl.test.PvmTestCase  - #### START MessageIntermediateEventTest.testAsyncTriggeredMessageEvent ###########################################################
10:45:56,622 [main] DEBUG org.activiti.engine.impl.interceptor.LogInterceptor  - 

10:45:56,622 [main] DEBUG org.activiti.engine.impl.interceptor.LogInterceptor  - --- starting StartProcessInstanceCmd --------------------------------------------------------
10:45:56,622 [main] DEBUG org.apache.ibatis.transaction.jdbc.JdbcTransaction  - Opening JDBC Connection
10:45:56,622 [main] DEBUG org.apache.ibatis.datasource.pooled.PooledDataSource  - Checked out connection 363509958 from pool.
10:45:56,622 [main] DEBUG org.apache.ibatis.transaction.jdbc.JdbcTransaction  - Setting autocommit to false on JDBC Connection [conn2: url=jdbc:h2:mem:activiti user=SA]
10:45:56,622 [main] DEBUG org.activiti.engine.impl.persistence.entity.ProcessDefinitionEntity.selectLatestProcessDefinitionByKey  - ==&gt;  Preparing: select * from ACT_RE_PROCDEF where KEY_ = ? and (TENANT_ID_ = &apos;&apos; or TENANT_ID_ is null) and VERSION_ = (select max(VERSION_) from ACT_RE_PROCDEF where KEY_ = ? and (TENANT_ID_ = &apos;&apos; or TENANT_ID_ is null)) 
10:45:56,622 [main] DEBUG org.activiti.engine.impl.persistence.entity.ProcessDefinitionEntity.selectLatestProcessDefinitionByKey  - ==&gt; Parameters: process(String), process(String)
10:45:56,622 [main] DEBUG org.activiti.engine.impl.persistence.entity.ProcessDefinitionEntity.selectLatestProcessDefinitionByKey  - &lt;==      Total: 1
10:45:56,622 [main] DEBUG org.activiti.engine.impl.persistence.entity.ExecutionEntity  - initializing ProcessInstance[1564]
10:45:56,622 [main] DEBUG org.activiti.engine.impl.history.DefaultHistoryManager  - Current history level: FULL, level required: ACTIVITY
10:45:56,622 [main] DEBUG org.activiti.engine.impl.pvm.runtime.AtomicOperationActivityExecute  - ProcessInstance[1564] executes Activity(_2): org.activiti.engine.impl.bpmn.behavior.NoneStartEventActivityBehavior
10:45:56,622 [main] DEBUG org.activiti.engine.impl.persistence.entity.JobEntity.selectJobsByExecutionId  - ==&gt;  Preparing: select * from ACT_RU_JOB J where J.EXECUTION_ID_ = ? 
10:45:56,622 [main] DEBUG org.activiti.engine.impl.persistence.entity.JobEntity.selectJobsByExecutionId  - ==&gt; Parameters: 1564(String)
10:45:56,622 [main] DEBUG org.activiti.engine.impl.persistence.entity.JobEntity.selectJobsByExecutionId  - &lt;==      Total: 0
10:45:56,622 [main] DEBUG org.activiti.engine.impl.bpmn.behavior.BpmnActivityBehavior  - Leaving activity &apos;_2&apos;
10:45:56,622 [main] DEBUG org.activiti.engine.impl.history.DefaultHistoryManager  - Current history level: FULL, level required: ACTIVITY
10:45:56,622 [main] DEBUG org.activiti.engine.impl.pvm.runtime.AtomicOperationTransitionNotifyListenerTake  - ProcessInstance[1564] takes transition (_2)--_3--&gt;(_7)
10:45:56,622 [main] DEBUG org.activiti.engine.impl.persistence.entity.ExecutionEntity  - Child execution ScopeExecution[1566] created with parent 
10:45:56,622 [main] DEBUG org.activiti.engine.impl.pvm.runtime.AtomicOperationTransitionCreateScope  - create scope: parent ProcessInstance[1564] continues as execution ScopeExecution[1566]
10:45:56,622 [main] DEBUG org.activiti.engine.impl.persistence.entity.ExecutionEntity  - initializing ScopeExecution[1566]
10:45:56,622 [main] DEBUG org.activiti.engine.impl.history.DefaultHistoryManager  - Current history level: FULL, level required: ACTIVITY
10:45:56,622 [main] DEBUG org.activiti.engine.impl.pvm.runtime.AtomicOperationActivityExecute  - ScopeExecution[1566] executes Activity(_7): org.activiti.engine.impl.bpmn.behavior.IntermediateCatchEventActivityBehavior
10:45:56,622 [main] DEBUG org.activiti.engine.impl.db.DbSqlSession  -   insert ProcessInstance[1564]
10:45:56,622 [main] DEBUG org.activiti.engine.impl.db.DbSqlSession  -   insert ScopeExecution[1566]
10:45:56,622 [main] DEBUG org.activiti.engine.impl.db.DbSqlSession  -   insert HistoricProcessInstanceEntity[superProcessInstanceId=null]
10:45:56,622 [main] DEBUG org.activiti.engine.impl.db.DbSqlSession  -   insert HistoricActivityInstanceEntity[activityId=_2, activityName=Start Event]
10:45:56,622 [main] DEBUG org.activiti.engine.impl.db.DbSqlSession  -   insert HistoricActivityInstanceEntity[activityId=_7, activityName=Intermediate Catch Event]
10:45:56,622 [main] DEBUG org.activiti.engine.impl.db.DbSqlSession  -   insert org.activiti.engine.impl.persistence.entity.MessageEventSubscriptionEntity@171404
10:45:56,622 [main] DEBUG org.activiti.engine.impl.db.DbSqlSession  - flush summary: 6 insert, 0 update, 0 delete.
10:45:56,622 [main] DEBUG org.activiti.engine.impl.db.DbSqlSession  - now executing flush...
10:45:56,622 [main] DEBUG org.activiti.engine.impl.db.DbSqlSession  - inserting: HistoricProcessInstanceEntity[superProcessInstanceId=null]
10:45:56,622 [main] DEBUG org.activiti.engine.impl.persistence.entity.HistoricProcessInstanceEntity.insertHistoricProcessInstance  - ==&gt;  Preparing: insert into ACT_HI_PROCINST ( ID_, PROC_INST_ID_, BUSINESS_KEY_, PROC_DEF_ID_, START_TIME_, END_TIME_, DURATION_, START_USER_ID_, START_ACT_ID_, END_ACT_ID_, SUPER_PROCESS_INSTANCE_ID_, DELETE_REASON_, TENANT_ID_, NAME_ ) values ( ?, ?, ?, ?, ?, ?, ?, ?, ?, ?, ?, ?, ?, ? ) 
10:45:56,623 [main] DEBUG org.activiti.engine.impl.persistence.entity.HistoricProcessInstanceEntity.insertHistoricProcessInstance  - ==&gt; Parameters: 1564(String), 1564(String), null, process:5:1563(String), 2023-03-20 10:45:56.622(Timestamp), null, null, null, _2(String), null, null, null, (String), null
10:45:56,623 [main] DEBUG org.activiti.engine.impl.persistence.entity.HistoricProcessInstanceEntity.insertHistoricProcessInstance  - &lt;==    Updates: 1
10:45:56,623 [main] DEBUG org.activiti.engine.impl.persistence.entity.HistoricActivityInstanceEntity.bulkInsertHistoricActivityInstance  - ==&gt;  Preparing: insert into ACT_HI_ACTINST ( ID_, PROC_DEF_ID_, PROC_INST_ID_, EXECUTION_ID_, ACT_ID_, TASK_ID_, CALL_PROC_INST_ID_, ACT_NAME_, ACT_TYPE_, ASSIGNEE_, START_TIME_, END_TIME_, DURATION_, TENANT_ID_ ) values (?, ?, ?, ?, ?, ?, ?, ?, ?, ?, ?, ?, ?, ?) , (?, ?, ?, ?, ?, ?, ?, ?, ?, ?, ?, ?, ?, ?) 
10:45:56,623 [main] DEBUG org.activiti.engine.impl.persistence.entity.HistoricActivityInstanceEntity.bulkInsertHistoricActivityInstance  - ==&gt; Parameters: 1565(String), process:5:1563(String), 1564(String), 1564(String), _2(String), null, null, Start Event(String), startEvent(String), null, 2023-03-20 10:45:56.622(Timestamp), 2023-03-20 10:45:56.622(Timestamp), 0(Long), (String), 1568(String), process:5:1563(String), 1564(String), 1566(String), _7(String), null, null, Intermediate Catch Event(String), intermediateMessageCatch(String), null, 2023-03-20 10:45:56.622(Timestamp), null, null, (String)
10:45:56,623 [main] DEBUG org.activiti.engine.impl.persistence.entity.HistoricActivityInstanceEntity.bulkInsertHistoricActivityInstance  - &lt;==    Updates: 2
10:45:56,623 [main] DEBUG org.activiti.engine.impl.persistence.entity.ExecutionEntity.bulkInsertExecution  - ==&gt;  Preparing: insert into ACT_RU_EXECUTION (ID_, REV_, PROC_INST_ID_, BUSINESS_KEY_, PROC_DEF_ID_, ACT_ID_, IS_ACTIVE_, IS_CONCURRENT_, IS_SCOPE_,IS_EVENT_SCOPE_, PARENT_ID_, SUPER_EXEC_, SUSPENSION_STATE_, CACHED_ENT_STATE_, TENANT_ID_, NAME_) values (?, 1, ?, ?, ?, ?, ?, ?, ?, ?, ?, ?, ?, ?, ?, ?) , (?, 1, ?, ?, ?, ?, ?, ?, ?, ?, ?, ?, ?, ?, ?, ?) 
10:45:56,623 [main] DEBUG org.activiti.engine.impl.persistence.entity.ExecutionEntity.bulkInsertExecution  - ==&gt; Parameters: 1564(String), 1564(String), null, process:5:1563(String), null, false(Boolean), false(Boolean), true(Boolean), false(Boolean), null, null, 1(Integer), 2(Integer), (String), null, 1566(String), 1564(String), null, process:5:1563(String), _7(String), true(Boolean), false(Boolean), true(Boolean), false(Boolean), 1564(String), null, 1(Integer), 7(Integer), (String), null
10:45:56,623 [main] DEBUG org.activiti.engine.impl.persistence.entity.ExecutionEntity.bulkInsertExecution  - &lt;==    Updates: 2
10:45:56,623 [main] DEBUG org.activiti.engine.impl.db.DbSqlSession  - inserting: org.activiti.engine.impl.persistence.entity.MessageEventSubscriptionEntity@171404
10:45:56,623 [main] DEBUG org.activiti.engine.impl.persistence.entity.EventSubscriptionEntity.insertMessageEventSubscription  - ==&gt;  Preparing: insert into ACT_RU_EVENT_SUBSCR ( ID_, REV_, EVENT_TYPE_, EVENT_NAME_, EXECUTION_ID_, PROC_INST_ID_, ACTIVITY_ID_, CONFIGURATION_, CREATED_, PROC_DEF_ID_, TENANT_ID_ ) values (?, 1, &apos;message&apos;, ?, ?, ?, ?, ?, ?, ?, ? ) 
10:45:56,623 [main] DEBUG org.activiti.engine.impl.persistence.entity.EventSubscriptionEntity.insertMessageEventSubscription  - ==&gt; Parameters: 1567(String), newMessage(String), 1566(String), 1564(String), _7(String), null, 2023-03-20 10:45:56.622(Timestamp), process:5:1563(String), (String)
10:45:56,623 [main] DEBUG org.activiti.engine.impl.persistence.entity.EventSubscriptionEntity.insertMessageEventSubscription  - &lt;==    Updates: 1
10:45:56,623 [main] DEBUG org.activiti.engine.impl.cfg.standalone.StandaloneMybatisTransactionContext  - firing event committing...
10:45:56,623 [main] DEBUG org.activiti.engine.impl.cfg.standalone.StandaloneMybatisTransactionContext  - committing the ibatis sql session...
10:45:56,623 [main] DEBUG org.apache.ibatis.transaction.jdbc.JdbcTransaction  - Committing JDBC Connection [conn2: url=jdbc:h2:mem:activiti user=SA]
10:45:56,623 [main] DEBUG org.activiti.engine.impl.cfg.standalone.StandaloneMybatisTransactionContext  - firing event committed...
10:45:56,623 [main] DEBUG org.apache.ibatis.transaction.jdbc.JdbcTransaction  - Resetting autocommit to true on JDBC Connection [conn2: url=jdbc:h2:mem:activiti user=SA]
10:45:56,623 [main] DEBUG org.apache.ibatis.transaction.jdbc.JdbcTransaction  - Closing JDBC Connection [conn2: url=jdbc:h2:mem:activiti user=SA]
10:45:56,623 [main] DEBUG org.apache.ibatis.datasource.pooled.PooledDataSource  - Returned connection 363509958 to pool.
10:45:56,623 [main] DEBUG org.activiti.engine.impl.interceptor.LogInterceptor  - --- StartProcessInstanceCmd finished --------------------------------------------------------
10:45:56,623 [main] DEBUG org.activiti.engine.impl.interceptor.LogInterceptor  - 

10:45:56,623 [main] DEBUG org.activiti.engine.impl.interceptor.LogInterceptor  - 

10:45:56,623 [main] DEBUG org.activiti.engine.impl.interceptor.LogInterceptor  - --- starting ExecutionQueryImpl --------------------------------------------------------
10:45:56,623 [main] DEBUG org.apache.ibatis.transaction.jdbc.JdbcTransaction  - Opening JDBC Connection
10:45:56,623 [main] DEBUG org.apache.ibatis.datasource.pooled.PooledDataSource  - Checked out connection 297240765 from pool.
10:45:56,623 [main] DEBUG org.apache.ibatis.transaction.jdbc.JdbcTransaction  - Setting autocommit to false on JDBC Connection [conn4: url=jdbc:h2:mem:activiti user=SA]
10:45:56,623 [main] DEBUG org.activiti.engine.impl.persistence.entity.ExecutionEntity.selectExecutionsByQueryCriteria  - ==&gt;  Preparing: select distinct RES.* , P.KEY_ as ProcessDefinitionKey, P.ID_ as ProcessDefinitionId from ACT_RU_EXECUTION RES inner join ACT_RE_PROCDEF P on RES.PROC_DEF_ID_ = P.ID_ inner join ACT_RU_EVENT_SUBSCR EVT0 on RES.ID_ = EVT0.EXECUTION_ID_ WHERE RES.PROC_INST_ID_ = ? and (EVT0.EVENT_TYPE_ = ? and EVT0.EVENT_NAME_ = ?) order by order by RES.ID_ asc LIMIT ? OFFSET ? 
10:45:56,623 [main] DEBUG org.activiti.engine.impl.interceptor.CommandContext  - Error while closing command context
org.apache.ibatis.exceptions.PersistenceException: 
### Error querying database.  Cause: org.h2.jdbc.JdbcSQLException: Syntax error in SQL statement &quot;SELECT DISTINCT RES.* , P.KEY_ AS PROCESSDEFINITIONKEY, P.ID_ AS PROCESSDEFINITIONID
       
    FROM ACT_RU_EXECUTION RES
    INNER JOIN ACT_RE_PROCDEF P ON RES.PROC_DEF_ID_ = P.ID_
     
     
     
     
        
    	INNER JOIN ACT_RU_EVENT_SUBSCR EVT0 ON RES.ID_ = EVT0.EXECUTION_ID_
	    
     
     
     
     WHERE  RES.PROC_INST_ID_ = ?
      
      
      
      
      
      
      
      
      
      
      
      
      
      
      
      
      
       
      
      
      
      
      
        
    	    AND (EVT0.EVENT_TYPE_ = ? AND EVT0.EVENT_NAME_ = ?) 
   
   
     ORDER BY  ORDER[*] BY RES.ID_ ASC  
    LIMIT ? OFFSET ? &quot;; expected &quot;=, NOT, EXISTS, INTERSECTS, SELECT, FROM&quot;; SQL statement:
select distinct RES.* , P.KEY_ as ProcessDefinitionKey, P.ID_ as ProcessDefinitionId
       
    from ACT_RU_EXECUTION RES
    inner join ACT_RE_PROCDEF P on RES.PROC_DEF_ID_ = P.ID_
     
     
     
     
        
    	inner join ACT_RU_EVENT_SUBSCR EVT0 on RES.ID_ = EVT0.EXECUTION_ID_
	    
     
     
     
     WHERE  RES.PROC_INST_ID_ = ?
      
      
      
      
      
      
      
      
      
      
      
      
      
      
      
      
      
       
      
      
      
      
      
        
    	    and (EVT0.EVENT_TYPE_ = ? and EVT0.EVENT_NAME_ = ?) 
   
   
     order by  order by RES.ID_ asc  
    LIMIT ? OFFSET ? [42001-176]
### The error may exist in org/activiti/db/mapping/entity/Execution.xml
### The error may involve org.activiti.engine.impl.persistence.entity.ExecutionEntity.selectExecutionsByQueryCriteria
### The error occurred while executing a query
### SQL: select distinct RES.* , P.KEY_ as ProcessDefinitionKey, P.ID_ as ProcessDefinitionId             from ACT_RU_EXECUTION RES     inner join ACT_RE_PROCDEF P on RES.PROC_DEF_ID_ = P.ID_                                       inner join ACT_RU_EVENT_SUBSCR EVT0 on RES.ID_ = EVT0.EXECUTION_ID_                              WHERE  RES.PROC_INST_ID_ = ?                                                                                                                                                                                     and (EVT0.EVENT_TYPE_ = ? and EVT0.EVENT_NAME_ = ?)               order by  order by RES.ID_ asc       LIMIT ? OFFSET ?
### Cause: org.h2.jdbc.JdbcSQLException: Syntax error in SQL statement &quot;SELECT DISTINCT RES.* , P.KEY_ AS PROCESSDEFINITIONKEY, P.ID_ AS PROCESSDEFINITIONID
       
    FROM ACT_RU_EXECUTION RES
    INNER JOIN ACT_RE_PROCDEF P ON RES.PROC_DEF_ID_ = P.ID_
     
     
     
     
        
    	INNER JOIN ACT_RU_EVENT_SUBSCR EVT0 ON RES.ID_ = EVT0.EXECUTION_ID_
	    
     
     
     
     WHERE  RES.PROC_INST_ID_ = ?
      
      
      
      
      
      
      
      
      
      
      
      
      
      
      
      
      
       
      
      
      
      
      
        
    	    AND (EVT0.EVENT_TYPE_ = ? AND EVT0.EVENT_NAME_ = ?) 
   
   
     ORDER BY  ORDER[*] BY RES.ID_ ASC  
    LIMIT ? OFFSET ? &quot;; expected &quot;=, NOT, EXISTS, INTERSECTS, SELECT, FROM&quot;; SQL statement:
select distinct RES.* , P.KEY_ as ProcessDefinitionKey, P.ID_ as ProcessDefinitionId
       
    from ACT_RU_EXECUTION RES
    inner join ACT_RE_PROCDEF P on RES.PROC_DEF_ID_ = P.ID_
     
     
     
     
        
    	inner join ACT_RU_EVENT_SUBSCR EVT0 on RES.ID_ = EVT0.EXECUTION_ID_
	    
     
     
     
     WHERE  RES.PROC_INST_ID_ = ?
      
      
      
      
      
      
      
      
      
      
      
      
      
      
      
      
      
       
      
      
      
      
      
        
    	    and (EVT0.EVENT_TYPE_ = ? and EVT0.EVENT_NAME_ = ?) 
   
   
     order by  order by RES.ID_ asc  
    LIMIT ? OFFSET ? [42001-176]
	at org.apache.ibatis.exceptions.ExceptionFactory.wrapException(ExceptionFactory.java:30)
	at org.apache.ibatis.session.defaults.DefaultSqlSession.selectList(DefaultSqlSession.java:122)
	at org.apache.ibatis.session.defaults.DefaultSqlSession.selectList(DefaultSqlSession.java:113)
	at org.activiti.engine.impl.db.DbSqlSession.selectListWithRawParameter(DbSqlSession.java:438)
	at org.activiti.engine.impl.db.DbSqlSession.selectList(DbSqlSession.java:429)
	at org.activiti.engine.impl.db.DbSqlSession.selectList(DbSqlSession.java:419)
	at org.activiti.engine.impl.persistence.entity.ExecutionEntityManager.findExecutionsByQueryCriteria(ExecutionEntityManager.java:118)
	at org.activiti.engine.impl.ExecutionQueryImpl.executeList(ExecutionQueryImpl.java:303)
	at org.activiti.engine.impl.AbstractQuery.executeSingleResult(AbstractQuery.java:183)
	at org.activiti.engine.impl.AbstractQuery.execute(AbstractQuery.java:166)
	at org.activiti.engine.impl.interceptor.CommandInvoker.execute(CommandInvoker.java:24)
	at org.activiti.engine.impl.interceptor.CommandContextInterceptor.execute(CommandContextInterceptor.java:57)
	at org.activiti.engine.impl.interceptor.LogInterceptor.execute(LogInterceptor.java:37)
	at org.activiti.engine.impl.cfg.CommandExecutorImpl.execute(CommandExecutorImpl.java:40)
	at org.activiti.engine.impl.cfg.CommandExecutorImpl.execute(CommandExecutorImpl.java:35)
	at org.activiti.engine.impl.AbstractQuery.singleResult(AbstractQuery.java:129)
	at org.activiti.engine.test.bpmn.event.message.MessageIntermediateEventTest.testAsyncTriggeredMessageEvent(MessageIntermediateEventTest.java:100)
	at sun.reflect.NativeMethodAccessorImpl.invoke0(Native Method)
	at sun.reflect.NativeMethodAccessorImpl.invoke(NativeMethodAccessorImpl.java:62)
	at sun.reflect.DelegatingMethodAccessorImpl.invoke(DelegatingMethodAccessorImpl.java:43)
	at java.lang.reflect.Method.invoke(Method.java:498)
	at junit.framework.TestCase.runTest(TestCase.java:176)
	at org.activiti.engine.impl.test.PvmTestCase.runTest(PvmTestCase.java:65)
	at junit.framework.TestCase.runBare(TestCase.java:141)
	at org.activiti.engine.impl.test.AbstractActivitiTestCase.runBare(AbstractActivitiTestCase.java:100)
	at junit.framework.TestResult$1.protect(TestResult.java:122)
	at junit.framework.TestResult.runProtected(TestResult.java:142)
	at junit.framework.TestResult.run(TestResult.java:125)
	at junit.framework.TestCase.run(TestCase.java:129)
	at junit.framework.TestSuite.runTest(TestSuite.java:255)
	at junit.framework.TestSuite.run(TestSuite.java:250)
	at org.junit.internal.runners.JUnit38ClassRunner.run(JUnit38ClassRunner.java:84)
	at org.apache.maven.surefire.junit4.JUnit4TestSet.execute(JUnit4TestSet.java:35)
	at org.apache.maven.surefire.junit4.JUnit4Provider.executeTestSet(JUnit4Provider.java:146)
	at org.apache.maven.surefire.junit4.JUnit4Provider.invoke(JUnit4Provider.java:97)
	at sun.reflect.NativeMethodAccessorImpl.invoke0(Native Method)
	at sun.reflect.NativeMethodAccessorImpl.invoke(NativeMethodAccessorImpl.java:62)
	at sun.reflect.DelegatingMethodAccessorImpl.invoke(DelegatingMethodAccessorImpl.java:43)
	at java.lang.reflect.Method.invoke(Method.java:498)
	at org.apache.maven.surefire.booter.ProviderFactory$ClassLoaderProxy.invoke(ProviderFactory.java:103)
	at com.sun.proxy.$Proxy0.invoke(Unknown Source)
	at org.apache.maven.surefire.booter.SurefireStarter.invokeProvider(SurefireStarter.java:145)
	at org.apache.maven.surefire.booter.SurefireStarter.runSuitesInProcess(SurefireStarter.java:87)
	at org.apache.maven.surefire.booter.ForkedBooter.main(ForkedBooter.java:69)
Caused by: org.h2.jdbc.JdbcSQLException: Syntax error in SQL statement &quot;SELECT DISTINCT RES.* , P.KEY_ AS PROCESSDEFINITIONKEY, P.ID_ AS PROCESSDEFINITIONID
       
    FROM ACT_RU_EXECUTION RES
    INNER JOIN ACT_RE_PROCDEF P ON RES.PROC_DEF_ID_ = P.ID_
     
     
     
     
        
    	INNER JOIN ACT_RU_EVENT_SUBSCR EVT0 ON RES.ID_ = EVT0.EXECUTION_ID_
	    
     
     
     
     WHERE  RES.PROC_INST_ID_ = ?
      
      
      
      
      
      
      
      
      
      
      
      
      
      
      
      
      
       
      
      
      
      
      
        
    	    AND (EVT0.EVENT_TYPE_ = ? AND EVT0.EVENT_NAME_ = ?) 
   
   
     ORDER BY  ORDER[*] BY RES.ID_ ASC  
    LIMIT ? OFFSET ? &quot;; expected &quot;=, NOT, EXISTS, INTERSECTS, SELECT, FROM&quot;; SQL statement:
select distinct RES.* , P.KEY_ as ProcessDefinitionKey, P.ID_ as ProcessDefinitionId
       
    from ACT_RU_EXECUTION RES
    inner join ACT_RE_PROCDEF P on RES.PROC_DEF_ID_ = P.ID_
     
     
     
     
        
    	inner join ACT_RU_EVENT_SUBSCR EVT0 on RES.ID_ = EVT0.EXECUTION_ID_
	    
     
     
     
     WHERE  RES.PROC_INST_ID_ = ?
      
      
      
      
      
      
      
      
      
      
      
      
      
      
      
      
      
       
      
      
      
      
      
        
    	    and (EVT0.EVENT_TYPE_ = ? and EVT0.EVENT_NAME_ = ?) 
   
   
     order by  order by RES.ID_ asc  
    LIMIT ? OFFSET ? [42001-176]
	at org.h2.message.DbException.getJdbcSQLException(DbException.java:344)
	at org.h2.message.DbException.getSyntaxError(DbException.java:204)
	at org.h2.command.Parser.getSyntaxError(Parser.java:524)
	at org.h2.command.Parser.readTerm(Parser.java:2688)
	at org.h2.command.Parser.readFactor(Parser.java:2244)
	at org.h2.command.Parser.readSum(Parser.java:2231)
	at org.h2.command.Parser.readConcat(Parser.java:2201)
	at org.h2.command.Parser.readCondition(Parser.java:2051)
	at org.h2.command.Parser.readAnd(Parser.java:2023)
	at org.h2.command.Parser.readExpression(Parser.java:2015)
	at org.h2.command.Parser.parseEndOfQuery(Parser.java:1726)
	at org.h2.command.Parser.parseSelectUnionExtension(Parser.java:1706)
	at org.h2.command.Parser.parseSelectUnion(Parser.java:1675)
	at org.h2.command.Parser.parseSelect(Parser.java:1662)
	at org.h2.command.Parser.parsePrepared(Parser.java:434)
	at org.h2.command.Parser.parse(Parser.java:306)
	at org.h2.command.Parser.parse(Parser.java:282)
	at org.h2.command.Parser.prepareCommand(Parser.java:243)
	at org.h2.engine.Session.prepareLocal(Session.java:442)
	at org.h2.engine.Session.prepareCommand(Session.java:384)
	at org.h2.jdbc.JdbcConnection.prepareCommand(JdbcConnection.java:1188)
	at org.h2.jdbc.JdbcPreparedStatement.&lt;init&gt;(JdbcPreparedStatement.java:73)
	at org.h2.jdbc.JdbcConnection.prepareStatement(JdbcConnection.java:276)
	at sun.reflect.GeneratedMethodAccessor6.invoke(Unknown Source)
	at sun.reflect.DelegatingMethodAccessorImpl.invoke(DelegatingMethodAccessorImpl.java:43)
	at java.lang.reflect.Method.invoke(Method.java:498)
	at org.apache.ibatis.datasource.pooled.PooledConnection.invoke(PooledConnection.java:245)
	at com.sun.proxy.$Proxy12.prepareStatement(Unknown Source)
	at sun.reflect.GeneratedMethodAccessor6.invoke(Unknown Source)
	at sun.reflect.DelegatingMethodAccessorImpl.invoke(DelegatingMethodAccessorImpl.java:43)
	at java.lang.reflect.Method.invoke(Method.java:498)
	at org.apache.ibatis.logging.jdbc.ConnectionLogger.invoke(ConnectionLogger.java:55)
	at com.sun.proxy.$Proxy12.prepareStatement(Unknown Source)
	at org.apache.ibatis.executor.statement.PreparedStatementHandler.instantiateStatement(PreparedStatementHandler.java:79)
	at org.apache.ibatis.executor.statement.BaseStatementHandler.prepare(BaseStatementHandler.java:88)
	at org.apache.ibatis.executor.statement.RoutingStatementHandler.prepare(RoutingStatementHandler.java:58)
	at org.apache.ibatis.executor.SimpleExecutor.prepareStatement(SimpleExecutor.java:76)
	at org.apache.ibatis.executor.SimpleExecutor.doQuery(SimpleExecutor.java:61)
	at org.apache.ibatis.executor.BaseExecutor.queryFromDatabase(BaseExecutor.java:303)
	at org.apache.ibatis.executor.BaseExecutor.query(BaseExecutor.java:154)
	at org.apache.ibatis.executor.CachingExecutor.query(CachingExecutor.java:102)
	at org.apache.ibatis.executor.CachingExecutor.query(CachingExecutor.java:82)
	at org.apache.ibatis.session.defaults.DefaultSqlSession.selectList(DefaultSqlSession.java:120)
	... 42 more
10:45:56,623 [main] DEBUG org.activiti.engine.impl.cfg.standalone.StandaloneMybatisTransactionContext  - firing event rolling back...
10:45:56,623 [main] DEBUG org.activiti.engine.impl.cfg.standalone.StandaloneMybatisTransactionContext  - rolling back ibatis sql session...
10:45:56,624 [main] DEBUG org.activiti.engine.impl.cfg.standalone.StandaloneMybatisTransactionContext  - firing event rolled back...
10:45:56,624 [main] DEBUG org.apache.ibatis.transaction.jdbc.JdbcTransaction  - Resetting autocommit to true on JDBC Connection [conn4: url=jdbc:h2:mem:activiti user=SA]
10:45:56,624 [main] DEBUG org.apache.ibatis.transaction.jdbc.JdbcTransaction  - Closing JDBC Connection [conn4: url=jdbc:h2:mem:activiti user=SA]
10:45:56,624 [main] DEBUG org.apache.ibatis.datasource.pooled.PooledDataSource  - Returned connection 297240765 to pool.
10:45:56,624 [main] DEBUG org.activiti.engine.impl.interceptor.LogInterceptor  - --- ExecutionQueryImpl finished --------------------------------------------------------
10:45:56,624 [main] DEBUG org.activiti.engine.impl.interceptor.LogInterceptor  - 

10:45:56,624 [main] ERROR org.activiti.engine.impl.test.PvmTestCase  - 

10:45:56,624 [main] ERROR org.activiti.engine.impl.test.PvmTestCase  - EXCEPTION: org.apache.ibatis.exceptions.PersistenceException: 
### Error querying database.  Cause: org.h2.jdbc.JdbcSQLException: Syntax error in SQL statement &quot;SELECT DISTINCT RES.* , P.KEY_ AS PROCESSDEFINITIONKEY, P.ID_ AS PROCESSDEFINITIONID
       
    FROM ACT_RU_EXECUTION RES
    INNER JOIN ACT_RE_PROCDEF P ON RES.PROC_DEF_ID_ = P.ID_
     
     
     
     
        
    	INNER JOIN ACT_RU_EVENT_SUBSCR EVT0 ON RES.ID_ = EVT0.EXECUTION_ID_
	    
     
     
     
     WHERE  RES.PROC_INST_ID_ = ?
      
      
      
      
      
      
      
      
      
      
      
      
      
      
      
      
      
       
      
      
      
      
      
        
    	    AND (EVT0.EVENT_TYPE_ = ? AND EVT0.EVENT_NAME_ = ?) 
   
   
     ORDER BY  ORDER[*] BY RES.ID_ ASC  
    LIMIT ? OFFSET ? &quot;; expected &quot;=, NOT, EXISTS, INTERSECTS, SELECT, FROM&quot;; SQL statement:
select distinct RES.* , P.KEY_ as ProcessDefinitionKey, P.ID_ as ProcessDefinitionId
       
    from ACT_RU_EXECUTION RES
    inner join ACT_RE_PROCDEF P on RES.PROC_DEF_ID_ = P.ID_
     
     
     
     
        
    	inner join ACT_RU_EVENT_SUBSCR EVT0 on RES.ID_ = EVT0.EXECUTION_ID_
	    
     
     
     
     WHERE  RES.PROC_INST_ID_ = ?
      
      
      
      
      
      
      
      
      
      
      
      
      
      
      
      
      
       
      
      
      
      
      
        
    	    and (EVT0.EVENT_TYPE_ = ? and EVT0.EVENT_NAME_ = ?) 
   
   
     order by  order by RES.ID_ asc  
    LIMIT ? OFFSET ? [42001-176]
### The error may exist in org/activiti/db/mapping/entity/Execution.xml
### The error may involve org.activiti.engine.impl.persistence.entity.ExecutionEntity.selectExecutionsByQueryCriteria
### The error occurred while executing a query
### SQL: select distinct RES.* , P.KEY_ as ProcessDefinitionKey, P.ID_ as ProcessDefinitionId             from ACT_RU_EXECUTION RES     inner join ACT_RE_PROCDEF P on RES.PROC_DEF_ID_ = P.ID_                                       inner join ACT_RU_EVENT_SUBSCR EVT0 on RES.ID_ = EVT0.EXECUTION_ID_                              WHERE  RES.PROC_INST_ID_ = ?                                                                                                                                                                                     and (EVT0.EVENT_TYPE_ = ? and EVT0.EVENT_NAME_ = ?)               order by  order by RES.ID_ asc       LIMIT ? OFFSET ?
### Cause: org.h2.jdbc.JdbcSQLException: Syntax error in SQL statement &quot;SELECT DISTINCT RES.* , P.KEY_ AS PROCESSDEFINITIONKEY, P.ID_ AS PROCESSDEFINITIONID
       
    FROM ACT_RU_EXECUTION RES
    INNER JOIN ACT_RE_PROCDEF P ON RES.PROC_DEF_ID_ = P.ID_
     
     
     
     
        
    	INNER JOIN ACT_RU_EVENT_SUBSCR EVT0 ON RES.ID_ = EVT0.EXECUTION_ID_
	    
     
     
     
     WHERE  RES.PROC_INST_ID_ = ?
      
      
      
      
      
      
      
      
      
      
      
      
      
      
      
      
      
       
      
      
      
      
      
        
    	    AND (EVT0.EVENT_TYPE_ = ? AND EVT0.EVENT_NAME_ = ?) 
   
   
     ORDER BY  ORDER[*] BY RES.ID_ ASC  
    LIMIT ? OFFSET ? &quot;; expected &quot;=, NOT, EXISTS, INTERSECTS, SELECT, FROM&quot;; SQL statement:
select distinct RES.* , P.KEY_ as ProcessDefinitionKey, P.ID_ as ProcessDefinitionId
       
    from ACT_RU_EXECUTION RES
    inner join ACT_RE_PROCDEF P on RES.PROC_DEF_ID_ = P.ID_
     
     
     
     
        
    	inner join ACT_RU_EVENT_SUBSCR EVT0 on RES.ID_ = EVT0.EXECUTION_ID_
	    
     
     
     
     WHERE  RES.PROC_INST_ID_ = ?
      
      
      
      
      
      
      
      
      
      
      
      
      
      
      
      
      
       
      
      
      
      
      
        
    	    and (EVT0.EVENT_TYPE_ = ? and EVT0.EVENT_NAME_ = ?) 
   
   
     order by  order by RES.ID_ asc  
    LIMIT ? OFFSET ? [42001-176]
org.apache.ibatis.exceptions.PersistenceException: 
### Error querying database.  Cause: org.h2.jdbc.JdbcSQLException: Syntax error in SQL statement &quot;SELECT DISTINCT RES.* , P.KEY_ AS PROCESSDEFINITIONKEY, P.ID_ AS PROCESSDEFINITIONID
       
    FROM ACT_RU_EXECUTION RES
    INNER JOIN ACT_RE_PROCDEF P ON RES.PROC_DEF_ID_ = P.ID_
     
     
     
     
        
    	INNER JOIN ACT_RU_EVENT_SUBSCR EVT0 ON RES.ID_ = EVT0.EXECUTION_ID_
	    
     
     
     
     WHERE  RES.PROC_INST_ID_ = ?
      
      
      
      
      
      
      
      
      
      
      
      
      
      
      
      
      
       
      
      
      
      
      
        
    	    AND (EVT0.EVENT_TYPE_ = ? AND EVT0.EVENT_NAME_ = ?) 
   
   
     ORDER BY  ORDER[*] BY RES.ID_ ASC  
    LIMIT ? OFFSET ? &quot;; expected &quot;=, NOT, EXISTS, INTERSECTS, SELECT, FROM&quot;; SQL statement:
select distinct RES.* , P.KEY_ as ProcessDefinitionKey, P.ID_ as ProcessDefinitionId
       
    from ACT_RU_EXECUTION RES
    inner join ACT_RE_PROCDEF P on RES.PROC_DEF_ID_ = P.ID_
     
     
     
     
        
    	inner join ACT_RU_EVENT_SUBSCR EVT0 on RES.ID_ = EVT0.EXECUTION_ID_
	    
     
     
     
     WHERE  RES.PROC_INST_ID_ = ?
      
      
      
      
      
      
      
      
      
      
      
      
      
      
      
      
      
       
      
      
      
      
      
        
    	    and (EVT0.EVENT_TYPE_ = ? and EVT0.EVENT_NAME_ = ?) 
   
   
     order by  order by RES.ID_ asc  
    LIMIT ? OFFSET ? [42001-176]
### The error may exist in org/activiti/db/mapping/entity/Execution.xml
### The error may involve org.activiti.engine.impl.persistence.entity.ExecutionEntity.selectExecutionsByQueryCriteria
### The error occurred while executing a query
### SQL: select distinct RES.* , P.KEY_ as ProcessDefinitionKey, P.ID_ as ProcessDefinitionId             from ACT_RU_EXECUTION RES     inner join ACT_RE_PROCDEF P on RES.PROC_DEF_ID_ = P.ID_                                       inner join ACT_RU_EVENT_SUBSCR EVT0 on RES.ID_ = EVT0.EXECUTION_ID_                              WHERE  RES.PROC_INST_ID_ = ?                                                                                                                                                                                     and (EVT0.EVENT_TYPE_ = ? and EVT0.EVENT_NAME_ = ?)               order by  order by RES.ID_ asc       LIMIT ? OFFSET ?
### Cause: org.h2.jdbc.JdbcSQLException: Syntax error in SQL statement &quot;SELECT DISTINCT RES.* , P.KEY_ AS PROCESSDEFINITIONKEY, P.ID_ AS PROCESSDEFINITIONID
       
    FROM ACT_RU_EXECUTION RES
    INNER JOIN ACT_RE_PROCDEF P ON RES.PROC_DEF_ID_ = P.ID_
     
     
     
     
        
    	INNER JOIN ACT_RU_EVENT_SUBSCR EVT0 ON RES.ID_ = EVT0.EXECUTION_ID_
	    
     
     
     
     WHERE  RES.PROC_INST_ID_ = ?
      
      
      
      
      
      
      
      
      
      
      
      
      
      
      
      
      
       
      
      
      
      
      
        
    	    AND (EVT0.EVENT_TYPE_ = ? AND EVT0.EVENT_NAME_ = ?) 
   
   
     ORDER BY  ORDER[*] BY RES.ID_ ASC  
    LIMIT ? OFFSET ? &quot;; expected &quot;=, NOT, EXISTS, INTERSECTS, SELECT, FROM&quot;; SQL statement:
select distinct RES.* , P.KEY_ as ProcessDefinitionKey, P.ID_ as ProcessDefinitionId
       
    from ACT_RU_EXECUTION RES
    inner join ACT_RE_PROCDEF P on RES.PROC_DEF_ID_ = P.ID_
     
     
     
     
        
    	inner join ACT_RU_EVENT_SUBSCR EVT0 on RES.ID_ = EVT0.EXECUTION_ID_
	    
     
     
     
     WHERE  RES.PROC_INST_ID_ = ?
      
      
      
      
      
      
      
      
      
      
      
      
      
      
      
      
      
       
      
      
      
      
      
        
    	    and (EVT0.EVENT_TYPE_ = ? and EVT0.EVENT_NAME_ = ?) 
   
   
     order by  order by RES.ID_ asc  
    LIMIT ? OFFSET ? [42001-176]
	at org.apache.ibatis.exceptions.ExceptionFactory.wrapException(ExceptionFactory.java:30)
	at org.apache.ibatis.session.defaults.DefaultSqlSession.selectList(DefaultSqlSession.java:122)
	at org.apache.ibatis.session.defaults.DefaultSqlSession.selectList(DefaultSqlSession.java:113)
	at org.activiti.engine.impl.db.DbSqlSession.selectListWithRawParameter(DbSqlSession.java:438)
	at org.activiti.engine.impl.db.DbSqlSession.selectList(DbSqlSession.java:429)
	at org.activiti.engine.impl.db.DbSqlSession.selectList(DbSqlSession.java:419)
	at org.activiti.engine.impl.persistence.entity.ExecutionEntityManager.findExecutionsByQueryCriteria(ExecutionEntityManager.java:118)
	at org.activiti.engine.impl.ExecutionQueryImpl.executeList(ExecutionQueryImpl.java:303)
	at org.activiti.engine.impl.AbstractQuery.executeSingleResult(AbstractQuery.java:183)
	at org.activiti.engine.impl.AbstractQuery.execute(AbstractQuery.java:166)
	at org.activiti.engine.impl.interceptor.CommandInvoker.execute(CommandInvoker.java:24)
	at org.activiti.engine.impl.interceptor.CommandContextInterceptor.execute(CommandContextInterceptor.java:57)
	at org.activiti.engine.impl.interceptor.LogInterceptor.execute(LogInterceptor.java:37)
	at org.activiti.engine.impl.cfg.CommandExecutorImpl.execute(CommandExecutorImpl.java:40)
	at org.activiti.engine.impl.cfg.CommandExecutorImpl.execute(CommandExecutorImpl.java:35)
	at org.activiti.engine.impl.AbstractQuery.singleResult(AbstractQuery.java:129)
	at org.activiti.engine.test.bpmn.event.message.MessageIntermediateEventTest.testAsyncTriggeredMessageEvent(MessageIntermediateEventTest.java:100)
	at sun.reflect.NativeMethodAccessorImpl.invoke0(Native Method)
	at sun.reflect.NativeMethodAccessorImpl.invoke(NativeMethodAccessorImpl.java:62)
	at sun.reflect.DelegatingMethodAccessorImpl.invoke(DelegatingMethodAccessorImpl.java:43)
	at java.lang.reflect.Method.invoke(Method.java:498)
	at junit.framework.TestCase.runTest(TestCase.java:176)
	at org.activiti.engine.impl.test.PvmTestCase.runTest(PvmTestCase.java:65)
	at junit.framework.TestCase.runBare(TestCase.java:141)
	at org.activiti.engine.impl.test.AbstractActivitiTestCase.runBare(AbstractActivitiTestCase.java:100)
	at junit.framework.TestResult$1.protect(TestResult.java:122)
	at junit.framework.TestResult.runProtected(TestResult.java:142)
	at junit.framework.TestResult.run(TestResult.java:125)
	at junit.framework.TestCase.run(TestCase.java:129)
	at junit.framework.TestSuite.runTest(TestSuite.java:255)
	at junit.framework.TestSuite.run(TestSuite.java:250)
	at org.junit.internal.runners.JUnit38ClassRunner.run(JUnit38ClassRunner.java:84)
	at org.apache.maven.surefire.junit4.JUnit4TestSet.execute(JUnit4TestSet.java:35)
	at org.apache.maven.surefire.junit4.JUnit4Provider.executeTestSet(JUnit4Provider.java:146)
	at org.apache.maven.surefire.junit4.JUnit4Provider.invoke(JUnit4Provider.java:97)
	at sun.reflect.NativeMethodAccessorImpl.invoke0(Native Method)
	at sun.reflect.NativeMethodAccessorImpl.invoke(NativeMethodAccessorImpl.java:62)
	at sun.reflect.DelegatingMethodAccessorImpl.invoke(DelegatingMethodAccessorImpl.java:43)
	at java.lang.reflect.Method.invoke(Method.java:498)
	at org.apache.maven.surefire.booter.ProviderFactory$ClassLoaderProxy.invoke(ProviderFactory.java:103)
	at com.sun.proxy.$Proxy0.invoke(Unknown Source)
	at org.apache.maven.surefire.booter.SurefireStarter.invokeProvider(SurefireStarter.java:145)
	at org.apache.maven.surefire.booter.SurefireStarter.runSuitesInProcess(SurefireStarter.java:87)
	at org.apache.maven.surefire.booter.ForkedBooter.main(ForkedBooter.java:69)
Caused by: org.h2.jdbc.JdbcSQLException: Syntax error in SQL statement &quot;SELECT DISTINCT RES.* , P.KEY_ AS PROCESSDEFINITIONKEY, P.ID_ AS PROCESSDEFINITIONID
       
    FROM ACT_RU_EXECUTION RES
    INNER JOIN ACT_RE_PROCDEF P ON RES.PROC_DEF_ID_ = P.ID_
     
     
     
     
        
    	INNER JOIN ACT_RU_EVENT_SUBSCR EVT0 ON RES.ID_ = EVT0.EXECUTION_ID_
	    
     
     
     
     WHERE  RES.PROC_INST_ID_ = ?
      
      
      
      
      
      
      
      
      
      
      
      
      
      
      
      
      
       
      
      
      
      
      
        
    	    AND (EVT0.EVENT_TYPE_ = ? AND EVT0.EVENT_NAME_ = ?) 
   
   
     ORDER BY  ORDER[*] BY RES.ID_ ASC  
    LIMIT ? OFFSET ? &quot;; expected &quot;=, NOT, EXISTS, INTERSECTS, SELECT, FROM&quot;; SQL statement:
select distinct RES.* , P.KEY_ as ProcessDefinitionKey, P.ID_ as ProcessDefinitionId
       
    from ACT_RU_EXECUTION RES
    inner join ACT_RE_PROCDEF P on RES.PROC_DEF_ID_ = P.ID_
     
     
     
     
        
    	inner join ACT_RU_EVENT_SUBSCR EVT0 on RES.ID_ = EVT0.EXECUTION_ID_
	    
     
     
     
     WHERE  RES.PROC_INST_ID_ = ?
      
      
      
      
      
      
      
      
      
      
      
      
      
      
      
      
      
       
      
      
      
      
      
        
    	    and (EVT0.EVENT_TYPE_ = ? and EVT0.EVENT_NAME_ = ?) 
   
   
     order by  order by RES.ID_ asc  
    LIMIT ? OFFSET ? [42001-176]
	at org.h2.message.DbException.getJdbcSQLException(DbException.java:344)
	at org.h2.message.DbException.getSyntaxError(DbException.java:204)
	at org.h2.command.Parser.getSyntaxError(Parser.java:524)
	at org.h2.command.Parser.readTerm(Parser.java:2688)
	at org.h2.command.Parser.readFactor(Parser.java:2244)
	at org.h2.command.Parser.readSum(Parser.java:2231)
	at org.h2.command.Parser.readConcat(Parser.java:2201)
	at org.h2.command.Parser.readCondition(Parser.java:2051)
	at org.h2.command.Parser.readAnd(Parser.java:2023)
	at org.h2.command.Parser.readExpression(Parser.java:2015)
	at org.h2.command.Parser.parseEndOfQuery(Parser.java:1726)
	at org.h2.command.Parser.parseSelectUnionExtension(Parser.java:1706)
	at org.h2.command.Parser.parseSelectUnion(Parser.java:1675)
	at org.h2.command.Parser.parseSelect(Parser.java:1662)
	at org.h2.command.Parser.parsePrepared(Parser.java:434)
	at org.h2.command.Parser.parse(Parser.java:306)
	at org.h2.command.Parser.parse(Parser.java:282)
	at org.h2.command.Parser.prepareCommand(Parser.java:243)
	at org.h2.engine.Session.prepareLocal(Session.java:442)
	at org.h2.engine.Session.prepareCommand(Session.java:384)
	at org.h2.jdbc.JdbcConnection.prepareCommand(JdbcConnection.java:1188)
	at org.h2.jdbc.JdbcPreparedStatement.&lt;init&gt;(JdbcPreparedStatement.java:73)
	at org.h2.jdbc.JdbcConnection.prepareStatement(JdbcConnection.java:276)
	at sun.reflect.GeneratedMethodAccessor6.invoke(Unknown Source)
	at sun.reflect.DelegatingMethodAccessorImpl.invoke(DelegatingMethodAccessorImpl.java:43)
	at java.lang.reflect.Method.invoke(Method.java:498)
	at org.apache.ibatis.datasource.pooled.PooledConnection.invoke(PooledConnection.java:245)
	at com.sun.proxy.$Proxy12.prepareStatement(Unknown Source)
	at sun.reflect.GeneratedMethodAccessor6.invoke(Unknown Source)
	at sun.reflect.DelegatingMethodAccessorImpl.invoke(DelegatingMethodAccessorImpl.java:43)
	at java.lang.reflect.Method.invoke(Method.java:498)
	at org.apache.ibatis.logging.jdbc.ConnectionLogger.invoke(ConnectionLogger.java:55)
	at com.sun.proxy.$Proxy12.prepareStatement(Unknown Source)
	at org.apache.ibatis.executor.statement.PreparedStatementHandler.instantiateStatement(PreparedStatementHandler.java:79)
	at org.apache.ibatis.executor.statement.BaseStatementHandler.prepare(BaseStatementHandler.java:88)
	at org.apache.ibatis.executor.statement.RoutingStatementHandler.prepare(RoutingStatementHandler.java:58)
	at org.apache.ibatis.executor.SimpleExecutor.prepareStatement(SimpleExecutor.java:76)
	at org.apache.ibatis.executor.SimpleExecutor.doQuery(SimpleExecutor.java:61)
	at org.apache.ibatis.executor.BaseExecutor.queryFromDatabase(BaseExecutor.java:303)
	at org.apache.ibatis.executor.BaseExecutor.query(BaseExecutor.java:154)
	at org.apache.ibatis.executor.CachingExecutor.query(CachingExecutor.java:102)
	at org.apache.ibatis.executor.CachingExecutor.query(CachingExecutor.java:82)
	at org.apache.ibatis.session.defaults.DefaultSqlSession.selectList(DefaultSqlSession.java:120)
	... 42 more
10:45:56,624 [main] DEBUG org.activiti.engine.impl.test.PvmTestCase  - #### END MessageIntermediateEventTest.testAsyncTriggeredMessageEvent #############################################################
10:45:56,624 [main] ERROR org.activiti.engine.impl.test.PvmTestCase  - 

10:45:56,624 [main] ERROR org.activiti.engine.impl.test.PvmTestCase  - EXCEPTION: org.apache.ibatis.exceptions.PersistenceException: 
### Error querying database.  Cause: org.h2.jdbc.JdbcSQLException: Syntax error in SQL statement &quot;SELECT DISTINCT RES.* , P.KEY_ AS PROCESSDEFINITIONKEY, P.ID_ AS PROCESSDEFINITIONID
       
    FROM ACT_RU_EXECUTION RES
    INNER JOIN ACT_RE_PROCDEF P ON RES.PROC_DEF_ID_ = P.ID_
     
     
     
     
        
    	INNER JOIN ACT_RU_EVENT_SUBSCR EVT0 ON RES.ID_ = EVT0.EXECUTION_ID_
	    
     
     
     
     WHERE  RES.PROC_INST_ID_ = ?
      
      
      
      
      
      
      
      
      
      
      
      
      
      
      
      
      
       
      
      
      
      
      
        
    	    AND (EVT0.EVENT_TYPE_ = ? AND EVT0.EVENT_NAME_ = ?) 
   
   
     ORDER BY  ORDER[*] BY RES.ID_ ASC  
    LIMIT ? OFFSET ? &quot;; expected &quot;=, NOT, EXISTS, INTERSECTS, SELECT, FROM&quot;; SQL statement:
select distinct RES.* , P.KEY_ as ProcessDefinitionKey, P.ID_ as ProcessDefinitionId
       
    from ACT_RU_EXECUTION RES
    inner join ACT_RE_PROCDEF P on RES.PROC_DEF_ID_ = P.ID_
     
     
     
     
        
    	inner join ACT_RU_EVENT_SUBSCR EVT0 on RES.ID_ = EVT0.EXECUTION_ID_
	    
     
     
     
     WHERE  RES.PROC_INST_ID_ = ?
      
      
      
      
      
      
      
      
      
      
      
      
      
      
      
      
      
       
      
      
      
      
      
        
    	    and (EVT0.EVENT_TYPE_ = ? and EVT0.EVENT_NAME_ = ?) 
   
   
     order by  order by RES.ID_ asc  
    LIMIT ? OFFSET ? [42001-176]
### The error may exist in org/activiti/db/mapping/entity/Execution.xml
### The error may involve org.activiti.engine.impl.persistence.entity.ExecutionEntity.selectExecutionsByQueryCriteria
### The error occurred while executing a query
### SQL: select distinct RES.* , P.KEY_ as ProcessDefinitionKey, P.ID_ as ProcessDefinitionId             from ACT_RU_EXECUTION RES     inner join ACT_RE_PROCDEF P on RES.PROC_DEF_ID_ = P.ID_                                       inner join ACT_RU_EVENT_SUBSCR EVT0 on RES.ID_ = EVT0.EXECUTION_ID_                              WHERE  RES.PROC_INST_ID_ = ?                                                                                                                                                                                     and (EVT0.EVENT_TYPE_ = ? and EVT0.EVENT_NAME_ = ?)               order by  order by RES.ID_ asc       LIMIT ? OFFSET ?
### Cause: org.h2.jdbc.JdbcSQLException: Syntax error in SQL statement &quot;SELECT DISTINCT RES.* , P.KEY_ AS PROCESSDEFINITIONKEY, P.ID_ AS PROCESSDEFINITIONID
       
    FROM ACT_RU_EXECUTION RES
    INNER JOIN ACT_RE_PROCDEF P ON RES.PROC_DEF_ID_ = P.ID_
     
     
     
     
        
    	INNER JOIN ACT_RU_EVENT_SUBSCR EVT0 ON RES.ID_ = EVT0.EXECUTION_ID_
	    
     
     
     
     WHERE  RES.PROC_INST_ID_ = ?
      
      
      
      
      
      
      
      
      
      
      
      
      
      
      
      
      
       
      
      
      
      
      
        
    	    AND (EVT0.EVENT_TYPE_ = ? AND EVT0.EVENT_NAME_ = ?) 
   
   
     ORDER BY  ORDER[*] BY RES.ID_ ASC  
    LIMIT ? OFFSET ? &quot;; expected &quot;=, NOT, EXISTS, INTERSECTS, SELECT, FROM&quot;; SQL statement:
select distinct RES.* , P.KEY_ as ProcessDefinitionKey, P.ID_ as ProcessDefinitionId
       
    from ACT_RU_EXECUTION RES
    inner join ACT_RE_PROCDEF P on RES.PROC_DEF_ID_ = P.ID_
     
     
     
     
        
    	inner join ACT_RU_EVENT_SUBSCR EVT0 on RES.ID_ = EVT0.EXECUTION_ID_
	    
     
     
     
     WHERE  RES.PROC_INST_ID_ = ?
      
      
      
      
      
      
      
      
      
      
      
      
      
      
      
      
      
       
      
      
      
      
      
        
    	    and (EVT0.EVENT_TYPE_ = ? and EVT0.EVENT_NAME_ = ?) 
   
   
     order by  order by RES.ID_ asc  
    LIMIT ? OFFSET ? [42001-176]
org.apache.ibatis.exceptions.PersistenceException: 
### Error querying database.  Cause: org.h2.jdbc.JdbcSQLException: Syntax error in SQL statement &quot;SELECT DISTINCT RES.* , P.KEY_ AS PROCESSDEFINITIONKEY, P.ID_ AS PROCESSDEFINITIONID
       
    FROM ACT_RU_EXECUTION RES
    INNER JOIN ACT_RE_PROCDEF P ON RES.PROC_DEF_ID_ = P.ID_
     
     
     
     
        
    	INNER JOIN ACT_RU_EVENT_SUBSCR EVT0 ON RES.ID_ = EVT0.EXECUTION_ID_
	    
     
     
     
     WHERE  RES.PROC_INST_ID_ = ?
      
      
      
      
      
      
      
      
      
      
      
      
      
      
      
      
      
       
      
      
      
      
      
        
    	    AND (EVT0.EVENT_TYPE_ = ? AND EVT0.EVENT_NAME_ = ?) 
   
   
     ORDER BY  ORDER[*] BY RES.ID_ ASC  
    LIMIT ? OFFSET ? &quot;; expected &quot;=, NOT, EXISTS, INTERSECTS, SELECT, FROM&quot;; SQL statement:
select distinct RES.* , P.KEY_ as ProcessDefinitionKey, P.ID_ as ProcessDefinitionId
       
    from ACT_RU_EXECUTION RES
    inner join ACT_RE_PROCDEF P on RES.PROC_DEF_ID_ = P.ID_
     
     
     
     
        
    	inner join ACT_RU_EVENT_SUBSCR EVT0 on RES.ID_ = EVT0.EXECUTION_ID_
	    
     
     
     
     WHERE  RES.PROC_INST_ID_ = ?
      
      
      
      
      
      
      
      
      
      
      
      
      
      
      
      
      
       
      
      
      
      
      
        
    	    and (EVT0.EVENT_TYPE_ = ? and EVT0.EVENT_NAME_ = ?) 
   
   
     order by  order by RES.ID_ asc  
    LIMIT ? OFFSET ? [42001-176]
### The error may exist in org/activiti/db/mapping/entity/Execution.xml
### The error may involve org.activiti.engine.impl.persistence.entity.ExecutionEntity.selectExecutionsByQueryCriteria
### The error occurred while executing a query
### SQL: select distinct RES.* , P.KEY_ as ProcessDefinitionKey, P.ID_ as ProcessDefinitionId             from ACT_RU_EXECUTION RES     inner join ACT_RE_PROCDEF P on RES.PROC_DEF_ID_ = P.ID_                                       inner join ACT_RU_EVENT_SUBSCR EVT0 on RES.ID_ = EVT0.EXECUTION_ID_                              WHERE  RES.PROC_INST_ID_ = ?                                                                                                                                                                                     and (EVT0.EVENT_TYPE_ = ? and EVT0.EVENT_NAME_ = ?)               order by  order by RES.ID_ asc       LIMIT ? OFFSET ?
### Cause: org.h2.jdbc.JdbcSQLException: Syntax error in SQL statement &quot;SELECT DISTINCT RES.* , P.KEY_ AS PROCESSDEFINITIONKEY, P.ID_ AS PROCESSDEFINITIONID
       
    FROM ACT_RU_EXECUTION RES
    INNER JOIN ACT_RE_PROCDEF P ON RES.PROC_DEF_ID_ = P.ID_
     
     
     
     
        
    	INNER JOIN ACT_RU_EVENT_SUBSCR EVT0 ON RES.ID_ = EVT0.EXECUTION_ID_
	    
     
     
     
     WHERE  RES.PROC_INST_ID_ = ?
      
      
      
      
      
      
      
      
      
      
      
      
      
      
      
      
      
       
      
      
      
      
      
        
    	    AND (EVT0.EVENT_TYPE_ = ? AND EVT0.EVENT_NAME_ = ?) 
   
   
     ORDER BY  ORDER[*] BY RES.ID_ ASC  
    LIMIT ? OFFSET ? &quot;; expected &quot;=, NOT, EXISTS, INTERSECTS, SELECT, FROM&quot;; SQL statement:
select distinct RES.* , P.KEY_ as ProcessDefinitionKey, P.ID_ as ProcessDefinitionId
       
    from ACT_RU_EXECUTION RES
    inner join ACT_RE_PROCDEF P on RES.PROC_DEF_ID_ = P.ID_
     
     
     
     
        
    	inner join ACT_RU_EVENT_SUBSCR EVT0 on RES.ID_ = EVT0.EXECUTION_ID_
	    
     
     
     
     WHERE  RES.PROC_INST_ID_ = ?
      
      
      
      
      
      
      
      
      
      
      
      
      
      
      
      
      
       
      
      
      
      
      
        
    	    and (EVT0.EVENT_TYPE_ = ? and EVT0.EVENT_NAME_ = ?) 
   
   
     order by  order by RES.ID_ asc  
    LIMIT ? OFFSET ? [42001-176]
	at org.apache.ibatis.exceptions.ExceptionFactory.wrapException(ExceptionFactory.java:30)
	at org.apache.ibatis.session.defaults.DefaultSqlSession.selectList(DefaultSqlSession.java:122)
	at org.apache.ibatis.session.defaults.DefaultSqlSession.selectList(DefaultSqlSession.java:113)
	at org.activiti.engine.impl.db.DbSqlSession.selectListWithRawParameter(DbSqlSession.java:438)
	at org.activiti.engine.impl.db.DbSqlSession.selectList(DbSqlSession.java:429)
	at org.activiti.engine.impl.db.DbSqlSession.selectList(DbSqlSession.java:419)
	at org.activiti.engine.impl.persistence.entity.ExecutionEntityManager.findExecutionsByQueryCriteria(ExecutionEntityManager.java:118)
	at org.activiti.engine.impl.ExecutionQueryImpl.executeList(ExecutionQueryImpl.java:303)
	at org.activiti.engine.impl.AbstractQuery.executeSingleResult(AbstractQuery.java:183)
	at org.activiti.engine.impl.AbstractQuery.execute(AbstractQuery.java:166)
	at org.activiti.engine.impl.interceptor.CommandInvoker.execute(CommandInvoker.java:24)
	at org.activiti.engine.impl.interceptor.CommandContextInterceptor.execute(CommandContextInterceptor.java:57)
	at org.activiti.engine.impl.interceptor.LogInterceptor.execute(LogInterceptor.java:37)
	at org.activiti.engine.impl.cfg.CommandExecutorImpl.execute(CommandExecutorImpl.java:40)
	at org.activiti.engine.impl.cfg.CommandExecutorImpl.execute(CommandExecutorImpl.java:35)
	at org.activiti.engine.impl.AbstractQuery.singleResult(AbstractQuery.java:129)
	at org.activiti.engine.test.bpmn.event.message.MessageIntermediateEventTest.testAsyncTriggeredMessageEvent(MessageIntermediateEventTest.java:100)
	at sun.reflect.NativeMethodAccessorImpl.invoke0(Native Method)
	at sun.reflect.NativeMethodAccessorImpl.invoke(NativeMethodAccessorImpl.java:62)
	at sun.reflect.DelegatingMethodAccessorImpl.invoke(DelegatingMethodAccessorImpl.java:43)
	at java.lang.reflect.Method.invoke(Method.java:498)
	at junit.framework.TestCase.runTest(TestCase.java:176)
	at org.activiti.engine.impl.test.PvmTestCase.runTest(PvmTestCase.java:65)
	at junit.framework.TestCase.runBare(TestCase.java:141)
	at org.activiti.engine.impl.test.AbstractActivitiTestCase.runBare(AbstractActivitiTestCase.java:100)
	at junit.framework.TestResult$1.protect(TestResult.java:122)
	at junit.framework.TestResult.runProtected(TestResult.java:142)
	at junit.framework.TestResult.run(TestResult.java:125)
	at junit.framework.TestCase.run(TestCase.java:129)
	at junit.framework.TestSuite.runTest(TestSuite.java:255)
	at junit.framework.TestSuite.run(TestSuite.java:250)
	at org.junit.internal.runners.JUnit38ClassRunner.run(JUnit38ClassRunner.java:84)
	at org.apache.maven.surefire.junit4.JUnit4TestSet.execute(JUnit4TestSet.java:35)
	at org.apache.maven.surefire.junit4.JUnit4Provider.executeTestSet(JUnit4Provider.java:146)
	at org.apache.maven.surefire.junit4.JUnit4Provider.invoke(JUnit4Provider.java:97)
	at sun.reflect.NativeMethodAccessorImpl.invoke0(Native Method)
	at sun.reflect.NativeMethodAccessorImpl.invoke(NativeMethodAccessorImpl.java:62)
	at sun.reflect.DelegatingMethodAccessorImpl.invoke(DelegatingMethodAccessorImpl.java:43)
	at java.lang.reflect.Method.invoke(Method.java:498)
	at org.apache.maven.surefire.booter.ProviderFactory$ClassLoaderProxy.invoke(ProviderFactory.java:103)
	at com.sun.proxy.$Proxy0.invoke(Unknown Source)
	at org.apache.maven.surefire.booter.SurefireStarter.invokeProvider(SurefireStarter.java:145)
	at org.apache.maven.surefire.booter.SurefireStarter.runSuitesInProcess(SurefireStarter.java:87)
	at org.apache.maven.surefire.booter.ForkedBooter.main(ForkedBooter.java:69)
Caused by: org.h2.jdbc.JdbcSQLException: Syntax error in SQL statement &quot;SELECT DISTINCT RES.* , P.KEY_ AS PROCESSDEFINITIONKEY, P.ID_ AS PROCESSDEFINITIONID
       
    FROM ACT_RU_EXECUTION RES
    INNER JOIN ACT_RE_PROCDEF P ON RES.PROC_DEF_ID_ = P.ID_
     
     
     
     
        
    	INNER JOIN ACT_RU_EVENT_SUBSCR EVT0 ON RES.ID_ = EVT0.EXECUTION_ID_
	    
     
     
     
     WHERE  RES.PROC_INST_ID_ = ?
      
      
      
      
      
      
      
      
      
      
      
      
      
      
      
      
      
       
      
      
      
      
      
        
    	    AND (EVT0.EVENT_TYPE_ = ? AND EVT0.EVENT_NAME_ = ?) 
   
   
     ORDER BY  ORDER[*] BY RES.ID_ ASC  
    LIMIT ? OFFSET ? &quot;; expected &quot;=, NOT, EXISTS, INTERSECTS, SELECT, FROM&quot;; SQL statement:
select distinct RES.* , P.KEY_ as ProcessDefinitionKey, P.ID_ as ProcessDefinitionId
       
    from ACT_RU_EXECUTION RES
    inner join ACT_RE_PROCDEF P on RES.PROC_DEF_ID_ = P.ID_
     
     
     
     
        
    	inner join ACT_RU_EVENT_SUBSCR EVT0 on RES.ID_ = EVT0.EXECUTION_ID_
	    
     
     
     
     WHERE  RES.PROC_INST_ID_ = ?
      
      
      
      
      
      
      
      
      
      
      
      
      
      
      
      
      
       
      
      
      
      
      
        
    	    and (EVT0.EVENT_TYPE_ = ? and EVT0.EVENT_NAME_ = ?) 
   
   
     order by  order by RES.ID_ asc  
    LIMIT ? OFFSET ? [42001-176]
	at org.h2.message.DbException.getJdbcSQLException(DbException.java:344)
	at org.h2.message.DbException.getSyntaxError(DbException.java:204)
	at org.h2.command.Parser.getSyntaxError(Parser.java:524)
	at org.h2.command.Parser.readTerm(Parser.java:2688)
	at org.h2.command.Parser.readFactor(Parser.java:2244)
	at org.h2.command.Parser.readSum(Parser.java:2231)
	at org.h2.command.Parser.readConcat(Parser.java:2201)
	at org.h2.command.Parser.readCondition(Parser.java:2051)
	at org.h2.command.Parser.readAnd(Parser.java:2023)
	at org.h2.command.Parser.readExpression(Parser.java:2015)
	at org.h2.command.Parser.parseEndOfQuery(Parser.java:1726)
	at org.h2.command.Parser.parseSelectUnionExtension(Parser.java:1706)
	at org.h2.command.Parser.parseSelectUnion(Parser.java:1675)
	at org.h2.command.Parser.parseSelect(Parser.java:1662)
	at org.h2.command.Parser.parsePrepared(Parser.java:434)
	at org.h2.command.Parser.parse(Parser.java:306)
	at org.h2.command.Parser.parse(Parser.java:282)
	at org.h2.command.Parser.prepareCommand(Parser.java:243)
	at org.h2.engine.Session.prepareLocal(Session.java:442)
	at org.h2.engine.Session.prepareCommand(Session.java:384)
	at org.h2.jdbc.JdbcConnection.prepareCommand(JdbcConnection.java:1188)
	at org.h2.jdbc.JdbcPreparedStatement.&lt;init&gt;(JdbcPreparedStatement.java:73)
	at org.h2.jdbc.JdbcConnection.prepareStatement(JdbcConnection.java:276)
	at sun.reflect.GeneratedMethodAccessor6.invoke(Unknown Source)
	at sun.reflect.DelegatingMethodAccessorImpl.invoke(DelegatingMethodAccessorImpl.java:43)
	at java.lang.reflect.Method.invoke(Method.java:498)
	at org.apache.ibatis.datasource.pooled.PooledConnection.invoke(PooledConnection.java:245)
	at com.sun.proxy.$Proxy12.prepareStatement(Unknown Source)
	at sun.reflect.GeneratedMethodAccessor6.invoke(Unknown Source)
	at sun.reflect.DelegatingMethodAccessorImpl.invoke(DelegatingMethodAccessorImpl.java:43)
	at java.lang.reflect.Method.invoke(Method.java:498)
	at org.apache.ibatis.logging.jdbc.ConnectionLogger.invoke(ConnectionLogger.java:55)
	at com.sun.proxy.$Proxy12.prepareStatement(Unknown Source)
	at org.apache.ibatis.executor.statement.PreparedStatementHandler.instantiateStatement(PreparedStatementHandler.java:79)
	at org.apache.ibatis.executor.statement.BaseStatementHandler.prepare(BaseStatementHandler.java:88)
	at org.apache.ibatis.executor.statement.RoutingStatementHandler.prepare(RoutingStatementHandler.java:58)
	at org.apache.ibatis.executor.SimpleExecutor.prepareStatement(SimpleExecutor.java:76)
	at org.apache.ibatis.executor.SimpleExecutor.doQuery(SimpleExecutor.java:61)
	at org.apache.ibatis.executor.BaseExecutor.queryFromDatabase(BaseExecutor.java:303)
	at org.apache.ibatis.executor.BaseExecutor.query(BaseExecutor.java:154)
	at org.apache.ibatis.executor.CachingExecutor.query(CachingExecutor.java:102)
	at org.apache.ibatis.executor.CachingExecutor.query(CachingExecutor.java:82)
	at org.apache.ibatis.session.defaults.DefaultSqlSession.selectList(DefaultSqlSession.java:120)
	... 42 more
10:45:56,624 [main] DEBUG org.activiti.engine.impl.test.TestHelper  - annotation @Deployment deletes deployment for MessageIntermediateEventTest.testAsyncTriggeredMessageEvent
10:45:56,624 [main] DEBUG org.activiti.engine.impl.interceptor.LogInterceptor  - 

10:45:56,624 [main] DEBUG org.activiti.engine.impl.interceptor.LogInterceptor  - --- starting DeleteDeploymentCmd --------------------------------------------------------
10:45:56,624 [main] DEBUG org.apache.ibatis.transaction.jdbc.JdbcTransaction  - Opening JDBC Connection
10:45:56,624 [main] DEBUG org.apache.ibatis.datasource.pooled.PooledDataSource  - Checked out connection 180014677 from pool.
10:45:56,624 [main] DEBUG org.apache.ibatis.transaction.jdbc.JdbcTransaction  - Setting autocommit to false on JDBC Connection [conn3: url=jdbc:h2:mem:activiti user=SA]
10:45:56,624 [main] DEBUG org.activiti.engine.impl.persistence.entity.DeploymentEntity.selectDeploymentById  - ==&gt;  Preparing: select * from ACT_RE_DEPLOYMENT where ID_ = ? 
10:45:56,624 [main] DEBUG org.activiti.engine.impl.persistence.entity.DeploymentEntity.selectDeploymentById  - ==&gt; Parameters: 1561(String)
10:45:56,624 [main] DEBUG org.activiti.engine.impl.persistence.entity.DeploymentEntity.selectDeploymentById  - &lt;==      Total: 1
10:45:56,624 [main] DEBUG org.activiti.engine.impl.persistence.entity.ProcessDefinitionEntity.selectProcessDefinitionsByQueryCriteria  - ==&gt;  Preparing: select RES.* from ACT_RE_PROCDEF RES WHERE RES.DEPLOYMENT_ID_ = ? order by order by RES.ID_ asc LIMIT ? OFFSET ? 
10:45:56,625 [main] DEBUG org.activiti.engine.impl.interceptor.CommandContext  - Error while closing command context
org.apache.ibatis.exceptions.PersistenceException: 
### Error querying database.  Cause: org.h2.jdbc.JdbcSQLException: Syntax error in SQL statement &quot;SELECT RES.* 
       
    FROM ACT_RE_PROCDEF RES
     
     WHERE  RES.DEPLOYMENT_ID_ = ? 
   
     ORDER BY  ORDER[*] BY RES.ID_ ASC  
    LIMIT ? OFFSET ? &quot;; expected &quot;=, NOT, EXISTS, INTERSECTS, SELECT, FROM&quot;; SQL statement:
select RES.* 
       
    from ACT_RE_PROCDEF RES
     
     WHERE  RES.DEPLOYMENT_ID_ = ? 
   
     order by  order by RES.ID_ asc  
    LIMIT ? OFFSET ? [42001-176]
### The error may exist in org/activiti/db/mapping/entity/ProcessDefinition.xml
### The error may involve org.activiti.engine.impl.persistence.entity.ProcessDefinitionEntity.selectProcessDefinitionsByQueryCriteria
### The error occurred while executing a query
### SQL: select RES.*              from ACT_RE_PROCDEF RES            WHERE  RES.DEPLOYMENT_ID_ = ?           order by  order by RES.ID_ asc       LIMIT ? OFFSET ?
### Cause: org.h2.jdbc.JdbcSQLException: Syntax error in SQL statement &quot;SELECT RES.* 
       
    FROM ACT_RE_PROCDEF RES
     
     WHERE  RES.DEPLOYMENT_ID_ = ? 
   
     ORDER BY  ORDER[*] BY RES.ID_ ASC  
    LIMIT ? OFFSET ? &quot;; expected &quot;=, NOT, EXISTS, INTERSECTS, SELECT, FROM&quot;; SQL statement:
select RES.* 
       
    from ACT_RE_PROCDEF RES
     
     WHERE  RES.DEPLOYMENT_ID_ = ? 
   
     order by  order by RES.ID_ asc  
    LIMIT ? OFFSET ? [42001-176]
	at org.apache.ibatis.exceptions.ExceptionFactory.wrapException(ExceptionFactory.java:30)
	at org.apache.ibatis.session.defaults.DefaultSqlSession.selectList(DefaultSqlSession.java:122)
	at org.apache.ibatis.session.defaults.DefaultSqlSession.selectList(DefaultSqlSession.java:113)
	at org.activiti.engine.impl.db.DbSqlSession.selectListWithRawParameter(DbSqlSession.java:438)
	at org.activiti.engine.impl.db.DbSqlSession.selectList(DbSqlSession.java:429)
	at org.activiti.engine.impl.db.DbSqlSession.selectList(DbSqlSession.java:419)
	at org.activiti.engine.impl.persistence.entity.ProcessDefinitionEntityManager.findProcessDefinitionsByQueryCriteria(ProcessDefinitionEntityManager.java:57)
	at org.activiti.engine.impl.ProcessDefinitionQueryImpl.executeList(ProcessDefinitionQueryImpl.java:307)
	at org.activiti.engine.impl.AbstractQuery.list(AbstractQuery.java:140)
	at org.activiti.engine.impl.persistence.deploy.DeploymentManager.removeDeployment(DeploymentManager.java:187)
	at org.activiti.engine.impl.cmd.DeleteDeploymentCmd.execute(DeleteDeploymentCmd.java:44)
	at org.activiti.engine.impl.cmd.DeleteDeploymentCmd.execute(DeleteDeploymentCmd.java:24)
	at org.activiti.engine.impl.interceptor.CommandInvoker.execute(CommandInvoker.java:24)
	at org.activiti.engine.impl.interceptor.CommandContextInterceptor.execute(CommandContextInterceptor.java:57)
	at org.activiti.engine.impl.interceptor.LogInterceptor.execute(LogInterceptor.java:37)
	at org.activiti.engine.impl.cfg.CommandExecutorImpl.execute(CommandExecutorImpl.java:40)
	at org.activiti.engine.impl.cfg.CommandExecutorImpl.execute(CommandExecutorImpl.java:35)
	at org.activiti.engine.impl.RepositoryServiceImpl.deleteDeployment(RepositoryServiceImpl.java:90)
	at org.activiti.engine.impl.test.TestHelper.annotationDeploymentTearDown(TestHelper.java:116)
	at org.activiti.engine.impl.test.AbstractActivitiTestCase.runBare(AbstractActivitiTestCase.java:116)
	at junit.framework.TestResult$1.protect(TestResult.java:122)
	at junit.framework.TestResult.runProtected(TestResult.java:142)
	at junit.framework.TestResult.run(TestResult.java:125)
	at junit.framework.TestCase.run(TestCase.java:129)
	at junit.framework.TestSuite.runTest(TestSuite.java:255)
	at junit.framework.TestSuite.run(TestSuite.java:250)
	at org.junit.internal.runners.JUnit38ClassRunner.run(JUnit38ClassRunner.java:84)
	at org.apache.maven.surefire.junit4.JUnit4TestSet.execute(JUnit4TestSet.java:35)
	at org.apache.maven.surefire.junit4.JUnit4Provider.executeTestSet(JUnit4Provider.java:146)
	at org.apache.maven.surefire.junit4.JUnit4Provider.invoke(JUnit4Provider.java:97)
	at sun.reflect.NativeMethodAccessorImpl.invoke0(Native Method)
	at sun.reflect.NativeMethodAccessorImpl.invoke(NativeMethodAccessorImpl.java:62)
	at sun.reflect.DelegatingMethodAccessorImpl.invoke(DelegatingMethodAccessorImpl.java:43)
	at java.lang.reflect.Method.invoke(Method.java:498)
	at org.apache.maven.surefire.booter.ProviderFactory$ClassLoaderProxy.invoke(ProviderFactory.java:103)
	at com.sun.proxy.$Proxy0.invoke(Unknown Source)
	at org.apache.maven.surefire.booter.SurefireStarter.invokeProvider(SurefireStarter.java:145)
	at org.apache.maven.surefire.booter.SurefireStarter.runSuitesInProcess(SurefireStarter.java:87)
	at org.apache.maven.surefire.booter.ForkedBooter.main(ForkedBooter.java:69)
Caused by: org.h2.jdbc.JdbcSQLException: Syntax error in SQL statement &quot;SELECT RES.* 
       
    FROM ACT_RE_PROCDEF RES
     
     WHERE  RES.DEPLOYMENT_ID_ = ? 
   
     ORDER BY  ORDER[*] BY RES.ID_ ASC  
    LIMIT ? OFFSET ? &quot;; expected &quot;=, NOT, EXISTS, INTERSECTS, SELECT, FROM&quot;; SQL statement:
select RES.* 
       
    from ACT_RE_PROCDEF RES
     
     WHERE  RES.DEPLOYMENT_ID_ = ? 
   
     order by  order by RES.ID_ asc  
    LIMIT ? OFFSET ? [42001-176]
	at org.h2.message.DbException.getJdbcSQLException(DbException.java:344)
	at org.h2.message.DbException.getSyntaxError(DbException.java:204)
	at org.h2.command.Parser.getSyntaxError(Parser.java:524)
	at org.h2.command.Parser.readTerm(Parser.java:2688)
	at org.h2.command.Parser.readFactor(Parser.java:2244)
	at org.h2.command.Parser.readSum(Parser.java:2231)
	at org.h2.command.Parser.readConcat(Parser.java:2201)
	at org.h2.command.Parser.readCondition(Parser.java:2051)
	at org.h2.command.Parser.readAnd(Parser.java:2023)
	at org.h2.command.Parser.readExpression(Parser.java:2015)
	at org.h2.command.Parser.parseEndOfQuery(Parser.java:1726)
	at org.h2.command.Parser.parseSelectUnionExtension(Parser.java:1706)
	at org.h2.command.Parser.parseSelectUnion(Parser.java:1675)
	at org.h2.command.Parser.parseSelect(Parser.java:1662)
	at org.h2.command.Parser.parsePrepared(Parser.java:434)
	at org.h2.command.Parser.parse(Parser.java:306)
	at org.h2.command.Parser.parse(Parser.java:282)
	at org.h2.command.Parser.prepareCommand(Parser.java:243)
	at org.h2.engine.Session.prepareLocal(Session.java:442)
	at org.h2.engine.Session.prepareCommand(Session.java:384)
	at org.h2.jdbc.JdbcConnection.prepareCommand(JdbcConnection.java:1188)
	at org.h2.jdbc.JdbcPreparedStatement.&lt;init&gt;(JdbcPreparedStatement.java:73)
	at org.h2.jdbc.JdbcConnection.prepareStatement(JdbcConnection.java:276)
	at sun.reflect.GeneratedMethodAccessor6.invoke(Unknown Source)
	at sun.reflect.DelegatingMethodAccessorImpl.invoke(DelegatingMethodAccessorImpl.java:43)
	at java.lang.reflect.Method.invoke(Method.java:498)
	at org.apache.ibatis.datasource.pooled.PooledConnection.invoke(PooledConnection.java:245)
	at com.sun.proxy.$Proxy12.prepareStatement(Unknown Source)
	at sun.reflect.GeneratedMethodAccessor6.invoke(Unknown Source)
	at sun.reflect.DelegatingMethodAccessorImpl.invoke(DelegatingMethodAccessorImpl.java:43)
	at java.lang.reflect.Method.invoke(Method.java:498)
	at org.apache.ibatis.logging.jdbc.ConnectionLogger.invoke(ConnectionLogger.java:55)
	at com.sun.proxy.$Proxy12.prepareStatement(Unknown Source)
	at org.apache.ibatis.executor.statement.PreparedStatementHandler.instantiateStatement(PreparedStatementHandler.java:79)
	at org.apache.ibatis.executor.statement.BaseStatementHandler.prepare(BaseStatementHandler.java:88)
	at org.apache.ibatis.executor.statement.RoutingStatementHandler.prepare(RoutingStatementHandler.java:58)
	at org.apache.ibatis.executor.SimpleExecutor.prepareStatement(SimpleExecutor.java:76)
	at org.apache.ibatis.executor.SimpleExecutor.doQuery(SimpleExecutor.java:61)
	at org.apache.ibatis.executor.BaseExecutor.queryFromDatabase(BaseExecutor.java:303)
	at org.apache.ibatis.executor.BaseExecutor.query(BaseExecutor.java:154)
	at org.apache.ibatis.executor.CachingExecutor.query(CachingExecutor.java:102)
	at org.apache.ibatis.executor.CachingExecutor.query(CachingExecutor.java:82)
	at org.apache.ibatis.session.defaults.DefaultSqlSession.selectList(DefaultSqlSession.java:120)
	... 37 more
10:45:56,625 [main] DEBUG org.activiti.engine.impl.cfg.standalone.StandaloneMybatisTransactionContext  - firing event rolling back...
10:45:56,625 [main] DEBUG org.activiti.engine.impl.cfg.standalone.StandaloneMybatisTransactionContext  - rolling back ibatis sql session...
10:45:56,625 [main] DEBUG org.activiti.engine.impl.cfg.standalone.StandaloneMybatisTransactionContext  - firing event rolled back...
10:45:56,625 [main] DEBUG org.apache.ibatis.transaction.jdbc.JdbcTransaction  - Resetting autocommit to true on JDBC Connection [conn3: url=jdbc:h2:mem:activiti user=SA]
10:45:56,625 [main] DEBUG org.apache.ibatis.transaction.jdbc.JdbcTransaction  - Closing JDBC Connection [conn3: url=jdbc:h2:mem:activiti user=SA]
10:45:56,625 [main] DEBUG org.apache.ibatis.datasource.pooled.PooledDataSource  - Returned connection 180014677 to pool.
10:45:56,625 [main] DEBUG org.activiti.engine.impl.interceptor.LogInterceptor  - --- DeleteDeploymentCmd finished --------------------------------------------------------
10:45:56,625 [main] DEBUG org.activiti.engine.impl.interceptor.LogInterceptor  - 

</system-out>
  </testcase>
  <testcase classname="org.activiti.engine.test.bpmn.event.message.MessageIntermediateEventTest" name="testConcurrentIntermediateMessageEvent" time="0.008">
    <error message="
### Error querying database.  Cause: org.h2.jdbc.JdbcSQLException: Syntax error in SQL statement &quot;SELECT RES.* 
       
    FROM ACT_RE_PROCDEF RES
     
     WHERE  RES.DEPLOYMENT_ID_ = ? 
   
     ORDER BY  ORDER[*] BY RES.ID_ ASC  
    LIMIT ? OFFSET ? &quot;; expected &quot;=, NOT, EXISTS, INTERSECTS, SELECT, FROM&quot;; SQL statement:
select RES.* 
       
    from ACT_RE_PROCDEF RES
     
     WHERE  RES.DEPLOYMENT_ID_ = ? 
   
     order by  order by RES.ID_ asc  
    LIMIT ? OFFSET ? [42001-176]
### The error may exist in org/activiti/db/mapping/entity/ProcessDefinition.xml
### The error may involve org.activiti.engine.impl.persistence.entity.ProcessDefinitionEntity.selectProcessDefinitionsByQueryCriteria
### The error occurred while executing a query
### SQL: select RES.*              from ACT_RE_PROCDEF RES            WHERE  RES.DEPLOYMENT_ID_ = ?           order by  order by RES.ID_ asc       LIMIT ? OFFSET ?
### Cause: org.h2.jdbc.JdbcSQLException: Syntax error in SQL statement &quot;SELECT RES.* 
       
    FROM ACT_RE_PROCDEF RES
     
     WHERE  RES.DEPLOYMENT_ID_ = ? 
   
     ORDER BY  ORDER[*] BY RES.ID_ ASC  
    LIMIT ? OFFSET ? &quot;; expected &quot;=, NOT, EXISTS, INTERSECTS, SELECT, FROM&quot;; SQL statement:
select RES.* 
       
    from ACT_RE_PROCDEF RES
     
     WHERE  RES.DEPLOYMENT_ID_ = ? 
   
     order by  order by RES.ID_ asc  
    LIMIT ? OFFSET ? [42001-176]" type="org.apache.ibatis.exceptions.PersistenceException">org.apache.ibatis.exceptions.PersistenceException: 
### Error querying database.  Cause: org.h2.jdbc.JdbcSQLException: Syntax error in SQL statement &quot;SELECT RES.* 
       
    FROM ACT_RE_PROCDEF RES
     
     WHERE  RES.DEPLOYMENT_ID_ = ? 
   
     ORDER BY  ORDER[*] BY RES.ID_ ASC  
    LIMIT ? OFFSET ? &quot;; expected &quot;=, NOT, EXISTS, INTERSECTS, SELECT, FROM&quot;; SQL statement:
select RES.* 
       
    from ACT_RE_PROCDEF RES
     
     WHERE  RES.DEPLOYMENT_ID_ = ? 
   
     order by  order by RES.ID_ asc  
    LIMIT ? OFFSET ? [42001-176]
### The error may exist in org/activiti/db/mapping/entity/ProcessDefinition.xml
### The error may involve org.activiti.engine.impl.persistence.entity.ProcessDefinitionEntity.selectProcessDefinitionsByQueryCriteria
### The error occurred while executing a query
### SQL: select RES.*              from ACT_RE_PROCDEF RES            WHERE  RES.DEPLOYMENT_ID_ = ?           order by  order by RES.ID_ asc       LIMIT ? OFFSET ?
### Cause: org.h2.jdbc.JdbcSQLException: Syntax error in SQL statement &quot;SELECT RES.* 
       
    FROM ACT_RE_PROCDEF RES
     
     WHERE  RES.DEPLOYMENT_ID_ = ? 
   
     ORDER BY  ORDER[*] BY RES.ID_ ASC  
    LIMIT ? OFFSET ? &quot;; expected &quot;=, NOT, EXISTS, INTERSECTS, SELECT, FROM&quot;; SQL statement:
select RES.* 
       
    from ACT_RE_PROCDEF RES
     
     WHERE  RES.DEPLOYMENT_ID_ = ? 
   
     order by  order by RES.ID_ asc  
    LIMIT ? OFFSET ? [42001-176]
	at org.apache.ibatis.exceptions.ExceptionFactory.wrapException(ExceptionFactory.java:30)
	at org.apache.ibatis.session.defaults.DefaultSqlSession.selectList(DefaultSqlSession.java:122)
	at org.apache.ibatis.session.defaults.DefaultSqlSession.selectList(DefaultSqlSession.java:113)
	at org.activiti.engine.impl.db.DbSqlSession.selectListWithRawParameter(DbSqlSession.java:438)
	at org.activiti.engine.impl.db.DbSqlSession.selectList(DbSqlSession.java:429)
	at org.activiti.engine.impl.db.DbSqlSession.selectList(DbSqlSession.java:419)
	at org.activiti.engine.impl.persistence.entity.ProcessDefinitionEntityManager.findProcessDefinitionsByQueryCriteria(ProcessDefinitionEntityManager.java:57)
	at org.activiti.engine.impl.ProcessDefinitionQueryImpl.executeList(ProcessDefinitionQueryImpl.java:307)
	at org.activiti.engine.impl.AbstractQuery.list(AbstractQuery.java:140)
	at org.activiti.engine.impl.persistence.deploy.DeploymentManager.removeDeployment(DeploymentManager.java:187)
	at org.activiti.engine.impl.cmd.DeleteDeploymentCmd.execute(DeleteDeploymentCmd.java:44)
	at org.activiti.engine.impl.cmd.DeleteDeploymentCmd.execute(DeleteDeploymentCmd.java:24)
	at org.activiti.engine.impl.interceptor.CommandInvoker.execute(CommandInvoker.java:24)
	at org.activiti.engine.impl.interceptor.CommandContextInterceptor.execute(CommandContextInterceptor.java:57)
	at org.activiti.engine.impl.interceptor.LogInterceptor.execute(LogInterceptor.java:37)
	at org.activiti.engine.impl.cfg.CommandExecutorImpl.execute(CommandExecutorImpl.java:40)
	at org.activiti.engine.impl.cfg.CommandExecutorImpl.execute(CommandExecutorImpl.java:35)
	at org.activiti.engine.impl.RepositoryServiceImpl.deleteDeployment(RepositoryServiceImpl.java:90)
	at org.activiti.engine.impl.test.TestHelper.annotationDeploymentTearDown(TestHelper.java:116)
	at org.activiti.engine.impl.test.AbstractActivitiTestCase.runBare(AbstractActivitiTestCase.java:116)
	at junit.framework.TestResult$1.protect(TestResult.java:122)
	at junit.framework.TestResult.runProtected(TestResult.java:142)
	at junit.framework.TestResult.run(TestResult.java:125)
	at junit.framework.TestCase.run(TestCase.java:129)
	at junit.framework.TestSuite.runTest(TestSuite.java:255)
	at junit.framework.TestSuite.run(TestSuite.java:250)
	at org.junit.internal.runners.JUnit38ClassRunner.run(JUnit38ClassRunner.java:84)
	at org.apache.maven.surefire.junit4.JUnit4TestSet.execute(JUnit4TestSet.java:35)
	at org.apache.maven.surefire.junit4.JUnit4Provider.executeTestSet(JUnit4Provider.java:146)
	at org.apache.maven.surefire.junit4.JUnit4Provider.invoke(JUnit4Provider.java:97)
	at sun.reflect.NativeMethodAccessorImpl.invoke0(Native Method)
	at sun.reflect.NativeMethodAccessorImpl.invoke(NativeMethodAccessorImpl.java:62)
	at sun.reflect.DelegatingMethodAccessorImpl.invoke(DelegatingMethodAccessorImpl.java:43)
	at java.lang.reflect.Method.invoke(Method.java:498)
	at org.apache.maven.surefire.booter.ProviderFactory$ClassLoaderProxy.invoke(ProviderFactory.java:103)
	at com.sun.proxy.$Proxy0.invoke(Unknown Source)
	at org.apache.maven.surefire.booter.SurefireStarter.invokeProvider(SurefireStarter.java:145)
	at org.apache.maven.surefire.booter.SurefireStarter.runSuitesInProcess(SurefireStarter.java:87)
	at org.apache.maven.surefire.booter.ForkedBooter.main(ForkedBooter.java:69)
Caused by: org.h2.jdbc.JdbcSQLException: Syntax error in SQL statement &quot;SELECT RES.* 
       
    FROM ACT_RE_PROCDEF RES
     
     WHERE  RES.DEPLOYMENT_ID_ = ? 
   
     ORDER BY  ORDER[*] BY RES.ID_ ASC  
    LIMIT ? OFFSET ? &quot;; expected &quot;=, NOT, EXISTS, INTERSECTS, SELECT, FROM&quot;; SQL statement:
select RES.* 
       
    from ACT_RE_PROCDEF RES
     
     WHERE  RES.DEPLOYMENT_ID_ = ? 
   
     order by  order by RES.ID_ asc  
    LIMIT ? OFFSET ? [42001-176]
	at org.h2.message.DbException.getJdbcSQLException(DbException.java:344)
	at org.h2.message.DbException.getSyntaxError(DbException.java:204)
	at org.h2.command.Parser.getSyntaxError(Parser.java:524)
	at org.h2.command.Parser.readTerm(Parser.java:2688)
	at org.h2.command.Parser.readFactor(Parser.java:2244)
	at org.h2.command.Parser.readSum(Parser.java:2231)
	at org.h2.command.Parser.readConcat(Parser.java:2201)
	at org.h2.command.Parser.readCondition(Parser.java:2051)
	at org.h2.command.Parser.readAnd(Parser.java:2023)
	at org.h2.command.Parser.readExpression(Parser.java:2015)
	at org.h2.command.Parser.parseEndOfQuery(Parser.java:1726)
	at org.h2.command.Parser.parseSelectUnionExtension(Parser.java:1706)
	at org.h2.command.Parser.parseSelectUnion(Parser.java:1675)
	at org.h2.command.Parser.parseSelect(Parser.java:1662)
	at org.h2.command.Parser.parsePrepared(Parser.java:434)
	at org.h2.command.Parser.parse(Parser.java:306)
	at org.h2.command.Parser.parse(Parser.java:282)
	at org.h2.command.Parser.prepareCommand(Parser.java:243)
	at org.h2.engine.Session.prepareLocal(Session.java:442)
	at org.h2.engine.Session.prepareCommand(Session.java:384)
	at org.h2.jdbc.JdbcConnection.prepareCommand(JdbcConnection.java:1188)
	at org.h2.jdbc.JdbcPreparedStatement.&lt;init&gt;(JdbcPreparedStatement.java:73)
	at org.h2.jdbc.JdbcConnection.prepareStatement(JdbcConnection.java:276)
	at sun.reflect.GeneratedMethodAccessor6.invoke(Unknown Source)
	at sun.reflect.DelegatingMethodAccessorImpl.invoke(DelegatingMethodAccessorImpl.java:43)
	at java.lang.reflect.Method.invoke(Method.java:498)
	at org.apache.ibatis.datasource.pooled.PooledConnection.invoke(PooledConnection.java:245)
	at com.sun.proxy.$Proxy12.prepareStatement(Unknown Source)
	at sun.reflect.GeneratedMethodAccessor6.invoke(Unknown Source)
	at sun.reflect.DelegatingMethodAccessorImpl.invoke(DelegatingMethodAccessorImpl.java:43)
	at java.lang.reflect.Method.invoke(Method.java:498)
	at org.apache.ibatis.logging.jdbc.ConnectionLogger.invoke(ConnectionLogger.java:55)
	at com.sun.proxy.$Proxy12.prepareStatement(Unknown Source)
	at org.apache.ibatis.executor.statement.PreparedStatementHandler.instantiateStatement(PreparedStatementHandler.java:79)
	at org.apache.ibatis.executor.statement.BaseStatementHandler.prepare(BaseStatementHandler.java:88)
	at org.apache.ibatis.executor.statement.RoutingStatementHandler.prepare(RoutingStatementHandler.java:58)
	at org.apache.ibatis.executor.SimpleExecutor.prepareStatement(SimpleExecutor.java:76)
	at org.apache.ibatis.executor.SimpleExecutor.doQuery(SimpleExecutor.java:61)
	at org.apache.ibatis.executor.BaseExecutor.queryFromDatabase(BaseExecutor.java:303)
	at org.apache.ibatis.executor.BaseExecutor.query(BaseExecutor.java:154)
	at org.apache.ibatis.executor.CachingExecutor.query(CachingExecutor.java:102)
	at org.apache.ibatis.executor.CachingExecutor.query(CachingExecutor.java:82)
	at org.apache.ibatis.session.defaults.DefaultSqlSession.selectList(DefaultSqlSession.java:120)
	... 37 more
</error>
    <system-out>10:45:56,625 [main] DEBUG org.activiti.engine.impl.test.TestHelper  - annotation @Deployment creates deployment for MessageIntermediateEventTest.testConcurrentIntermediateMessageEvent
10:45:56,627 [main] DEBUG org.activiti.engine.impl.interceptor.LogInterceptor  - 

10:45:56,627 [main] DEBUG org.activiti.engine.impl.interceptor.LogInterceptor  - --- starting DeployCmd --------------------------------------------------------
10:45:56,627 [main] DEBUG org.activiti.engine.impl.bpmn.deployer.BpmnDeployer  - Processing deployment MessageIntermediateEventTest.testConcurrentIntermediateMessageEvent
10:45:56,627 [main] INFO  org.activiti.engine.impl.bpmn.deployer.BpmnDeployer  - Processing resource org/activiti/engine/test/bpmn/event/message/MessageIntermediateEventTest.testConcurrentIntermediateMessageEvent.bpmn20.xml
10:45:56,630 [main] DEBUG org.activiti.engine.impl.bpmn.parser.handler.ProcessParseHandler  - Parsing process process
10:45:56,630 [main] DEBUG org.activiti.engine.impl.bpmn.parser.handler.AbstractBpmnParseHandler  - Parsing activity fork
10:45:56,630 [main] DEBUG org.activiti.engine.impl.bpmn.parser.handler.AbstractBpmnParseHandler  - Parsing activity join
10:45:56,630 [main] DEBUG org.activiti.engine.impl.bpmn.parser.handler.AbstractBpmnParseHandler  - Parsing activity task
10:45:56,630 [main] DEBUG org.activiti.engine.impl.bpmn.parser.handler.AbstractBpmnParseHandler  - Parsing activity theStart
10:45:56,630 [main] DEBUG org.activiti.engine.impl.bpmn.parser.handler.AbstractBpmnParseHandler  - Parsing activity messageCatch1
10:45:56,630 [main] DEBUG org.activiti.engine.impl.bpmn.parser.handler.AbstractBpmnParseHandler  - Parsing activity messageCatch2
10:45:56,630 [main] DEBUG org.activiti.engine.impl.bpmn.parser.handler.AbstractBpmnParseHandler  - Parsing activity theEnd
10:45:56,630 [main] DEBUG org.apache.ibatis.transaction.jdbc.JdbcTransaction  - Opening JDBC Connection
10:45:56,630 [main] DEBUG org.apache.ibatis.datasource.pooled.PooledDataSource  - Checked out connection 486346394 from pool.
10:45:56,630 [main] DEBUG org.apache.ibatis.transaction.jdbc.JdbcTransaction  - Setting autocommit to false on JDBC Connection [conn6: url=jdbc:h2:mem:activiti user=SA]
10:45:56,630 [main] DEBUG org.activiti.engine.impl.persistence.entity.ProcessDefinitionEntity.selectLatestProcessDefinitionByKey  - ==&gt;  Preparing: select * from ACT_RE_PROCDEF where KEY_ = ? and (TENANT_ID_ = &apos;&apos; or TENANT_ID_ is null) and VERSION_ = (select max(VERSION_) from ACT_RE_PROCDEF where KEY_ = ? and (TENANT_ID_ = &apos;&apos; or TENANT_ID_ is null)) 
10:45:56,630 [main] DEBUG org.activiti.engine.impl.persistence.entity.ProcessDefinitionEntity.selectLatestProcessDefinitionByKey  - ==&gt; Parameters: process(String), process(String)
10:45:56,630 [main] DEBUG org.activiti.engine.impl.persistence.entity.ProcessDefinitionEntity.selectLatestProcessDefinitionByKey  - &lt;==      Total: 1
10:45:56,630 [main] DEBUG org.activiti.engine.impl.persistence.entity.JobEntity.selectJobByTypeAndProcessDefinitionKeyNoTenantId  - ==&gt;  Preparing: select J.* from ACT_RU_JOB J inner join ACT_RE_PROCDEF P on J.PROC_DEF_ID_ = P.ID_ where J.HANDLER_TYPE_ = ? and P.KEY_ = ? and (P.TENANT_ID_ = &apos;&apos; or P.TENANT_ID_ is null) 
10:45:56,630 [main] DEBUG org.activiti.engine.impl.persistence.entity.JobEntity.selectJobByTypeAndProcessDefinitionKeyNoTenantId  - ==&gt; Parameters: timer-start-event(String), process(String)
10:45:56,630 [main] DEBUG org.activiti.engine.impl.persistence.entity.JobEntity.selectJobByTypeAndProcessDefinitionKeyNoTenantId  - &lt;==      Total: 0
10:45:56,630 [main] DEBUG org.activiti.engine.impl.persistence.entity.EventSubscriptionEntity.selectEventSubscriptionsByConfiguration  - ==&gt;  Preparing: select * from ACT_RU_EVENT_SUBSCR where (EVENT_TYPE_ = ?) and ( (CONFIGURATION_ = ?) or (PROC_DEF_ID_ = ?) ) and (TENANT_ID_ = &apos;&apos; or TENANT_ID_ is null) 
10:45:56,630 [main] DEBUG org.activiti.engine.impl.persistence.entity.EventSubscriptionEntity.selectEventSubscriptionsByConfiguration  - ==&gt; Parameters: message(String), process:5:1563(String), process:5:1563(String)
10:45:56,630 [main] DEBUG org.activiti.engine.impl.persistence.entity.EventSubscriptionEntity.selectEventSubscriptionsByConfiguration  - &lt;==      Total: 1
10:45:56,630 [main] DEBUG org.activiti.engine.impl.persistence.entity.ExecutionEntity.selectExecution  - ==&gt;  Preparing: select * from ACT_RU_EXECUTION where ID_ = ? 
10:45:56,630 [main] DEBUG org.activiti.engine.impl.persistence.entity.ExecutionEntity.selectExecution  - ==&gt; Parameters: 1566(String)
10:45:56,630 [main] DEBUG org.activiti.engine.impl.persistence.entity.ExecutionEntity.selectExecution  - &lt;==      Total: 1
10:45:56,630 [main] DEBUG org.activiti.engine.impl.persistence.entity.EventSubscriptionEntity.selectEventSubscriptionsByExecution  - ==&gt;  Preparing: select * from ACT_RU_EVENT_SUBSCR where (EXECUTION_ID_ = ?) 
10:45:56,630 [main] DEBUG org.activiti.engine.impl.persistence.entity.EventSubscriptionEntity.selectEventSubscriptionsByExecution  - ==&gt; Parameters: 1566(String)
10:45:56,630 [main] DEBUG org.activiti.engine.impl.persistence.entity.EventSubscriptionEntity.selectEventSubscriptionsByExecution  - &lt;==      Total: 1
10:45:56,630 [main] DEBUG org.activiti.engine.impl.persistence.entity.EventSubscriptionEntity.selectEventSubscriptionsByConfiguration  - ==&gt;  Preparing: select * from ACT_RU_EVENT_SUBSCR where (EVENT_TYPE_ = ?) and ( (CONFIGURATION_ = ?) or (PROC_DEF_ID_ = ?) ) and (TENANT_ID_ = &apos;&apos; or TENANT_ID_ is null) 
10:45:56,630 [main] DEBUG org.activiti.engine.impl.persistence.entity.EventSubscriptionEntity.selectEventSubscriptionsByConfiguration  - ==&gt; Parameters: signal(String), process:5:1563(String), process:5:1563(String)
10:45:56,630 [main] DEBUG org.activiti.engine.impl.persistence.entity.EventSubscriptionEntity.selectEventSubscriptionsByConfiguration  - &lt;==      Total: 0
10:45:56,630 [main] DEBUG org.activiti.engine.impl.persistence.entity.ProcessDefinitionInfoEntity.selectProcessDefinitionInfoByProcessDefinitionId  - ==&gt;  Preparing: select * from ACT_PROCDEF_INFO where PROC_DEF_ID_ = ? 
10:45:56,630 [main] DEBUG org.activiti.engine.impl.persistence.entity.ProcessDefinitionInfoEntity.selectProcessDefinitionInfoByProcessDefinitionId  - ==&gt; Parameters: process:6:1571(String)
10:45:56,630 [main] DEBUG org.activiti.engine.impl.persistence.entity.ProcessDefinitionInfoEntity.selectProcessDefinitionInfoByProcessDefinitionId  - &lt;==      Total: 0
10:45:56,630 [main] DEBUG org.activiti.engine.impl.interceptor.LogInterceptor  - 

10:45:56,630 [main] DEBUG org.activiti.engine.impl.interceptor.LogInterceptor  - --- starting GetProcessDefinitionInfoCmd --------------------------------------------------------
10:45:56,630 [main] DEBUG org.activiti.engine.impl.interceptor.CommandContextInterceptor  - Valid context found. Reusing it for the current command &apos;org.activiti.engine.impl.cmd.GetProcessDefinitionInfoCmd&apos;
10:45:56,631 [main] DEBUG org.activiti.engine.impl.interceptor.LogInterceptor  - 

10:45:56,631 [main] DEBUG org.activiti.engine.impl.interceptor.LogInterceptor  - --- starting  --------------------------------------------------------
10:45:56,631 [main] DEBUG org.activiti.engine.impl.interceptor.CommandContextInterceptor  - Valid context found. Reusing it for the current command &apos;null&apos;
10:45:56,631 [main] DEBUG org.activiti.engine.impl.interceptor.LogInterceptor  - ---  finished --------------------------------------------------------
10:45:56,631 [main] DEBUG org.activiti.engine.impl.interceptor.LogInterceptor  - 

10:45:56,631 [main] DEBUG org.activiti.engine.impl.interceptor.LogInterceptor  - --- GetProcessDefinitionInfoCmd finished --------------------------------------------------------
10:45:56,631 [main] DEBUG org.activiti.engine.impl.interceptor.LogInterceptor  - 

10:45:56,631 [main] DEBUG org.activiti.engine.impl.db.DbSqlSession  -   insert ResourceEntity[id=1570, name=org/activiti/engine/test/bpmn/event/message/MessageIntermediateEventTest.testConcurrentIntermediateMessageEvent.bpmn20.xml]
10:45:56,631 [main] DEBUG org.activiti.engine.impl.db.DbSqlSession  -   insert DeploymentEntity[id=1569, name=MessageIntermediateEventTest.testConcurrentIntermediateMessageEvent]
10:45:56,631 [main] DEBUG org.activiti.engine.impl.db.DbSqlSession  -   insert ProcessDefinitionEntity[process:6:1571]
10:45:56,631 [main] DEBUG org.activiti.engine.impl.db.DbSqlSession  -   delete org.activiti.engine.impl.persistence.entity.MessageEventSubscriptionEntity@171404
10:45:56,631 [main] DEBUG org.activiti.engine.impl.db.DbSqlSession  - flush summary: 3 insert, 0 update, 1 delete.
10:45:56,631 [main] DEBUG org.activiti.engine.impl.db.DbSqlSession  - now executing flush...
10:45:56,631 [main] DEBUG org.activiti.engine.impl.db.DbSqlSession  - inserting: ProcessDefinitionEntity[process:6:1571]
10:45:56,631 [main] DEBUG org.activiti.engine.impl.persistence.entity.ProcessDefinitionEntity.insertProcessDefinition  - ==&gt;  Preparing: insert into ACT_RE_PROCDEF(ID_, REV_, CATEGORY_, NAME_, KEY_, VERSION_, DEPLOYMENT_ID_, RESOURCE_NAME_, DGRM_RESOURCE_NAME_, DESCRIPTION_, HAS_START_FORM_KEY_, HAS_GRAPHICAL_NOTATION_ , SUSPENSION_STATE_, TENANT_ID_) values (?, 1, ?, ?, ?, ?, ?, ?, ?, ?, ?, ?, ?, ?) 
10:45:56,631 [main] DEBUG org.activiti.engine.impl.persistence.entity.ProcessDefinitionEntity.insertProcessDefinition  - ==&gt; Parameters: process:6:1571(String), Examples(String), null, process(String), 6(Integer), 1569(String), org/activiti/engine/test/bpmn/event/message/MessageIntermediateEventTest.testConcurrentIntermediateMessageEvent.bpmn20.xml(String), null, null, false(Boolean), false(Boolean), 1(Integer), (String)
10:45:56,631 [main] DEBUG org.activiti.engine.impl.persistence.entity.ProcessDefinitionEntity.insertProcessDefinition  - &lt;==    Updates: 1
10:45:56,631 [main] DEBUG org.activiti.engine.impl.db.DbSqlSession  - inserting: DeploymentEntity[id=1569, name=MessageIntermediateEventTest.testConcurrentIntermediateMessageEvent]
10:45:56,631 [main] DEBUG org.activiti.engine.impl.persistence.entity.DeploymentEntity.insertDeployment  - ==&gt;  Preparing: insert into ACT_RE_DEPLOYMENT(ID_, NAME_, CATEGORY_, TENANT_ID_, DEPLOY_TIME_) values(?, ?, ?, ?, ?) 
10:45:56,631 [main] DEBUG org.activiti.engine.impl.persistence.entity.DeploymentEntity.insertDeployment  - ==&gt; Parameters: 1569(String), MessageIntermediateEventTest.testConcurrentIntermediateMessageEvent(String), null, (String), 2023-03-20 10:45:56.627(Timestamp)
10:45:56,631 [main] DEBUG org.activiti.engine.impl.persistence.entity.DeploymentEntity.insertDeployment  - &lt;==    Updates: 1
10:45:56,631 [main] DEBUG org.activiti.engine.impl.db.DbSqlSession  - inserting: ResourceEntity[id=1570, name=org/activiti/engine/test/bpmn/event/message/MessageIntermediateEventTest.testConcurrentIntermediateMessageEvent.bpmn20.xml]
10:45:56,631 [main] DEBUG org.activiti.engine.impl.persistence.entity.ResourceEntity.insertResource  - ==&gt;  Preparing: insert into ACT_GE_BYTEARRAY(ID_, REV_, NAME_, BYTES_, DEPLOYMENT_ID_, GENERATED_) values (?, 1, ?, ?, ?, ?) 
10:45:56,631 [main] DEBUG org.activiti.engine.impl.persistence.entity.ResourceEntity.insertResource  - ==&gt; Parameters: 1570(String), org/activiti/engine/test/bpmn/event/message/MessageIntermediateEventTest.testConcurrentIntermediateMessageEvent.bpmn20.xml(String), java.io.ByteArrayInputStream@46202302(ByteArrayInputStream), 1569(String), false(Boolean)
10:45:56,631 [main] DEBUG org.activiti.engine.impl.persistence.entity.ResourceEntity.insertResource  - &lt;==    Updates: 1
10:45:56,631 [main] DEBUG org.activiti.engine.impl.db.DbSqlSession  - executing: delete org.activiti.engine.impl.persistence.entity.MessageEventSubscriptionEntity@171404
10:45:56,631 [main] DEBUG org.activiti.engine.impl.persistence.entity.EventSubscriptionEntity.deleteMessageEventSubscription  - ==&gt;  Preparing: delete from ACT_RU_EVENT_SUBSCR where ID_ = ? and REV_ = ? 
10:45:56,631 [main] DEBUG org.activiti.engine.impl.persistence.entity.EventSubscriptionEntity.deleteMessageEventSubscription  - ==&gt; Parameters: 1567(String), 1(Integer)
10:45:56,631 [main] DEBUG org.activiti.engine.impl.persistence.entity.EventSubscriptionEntity.deleteMessageEventSubscription  - &lt;==    Updates: 1
10:45:56,631 [main] DEBUG org.activiti.engine.impl.cfg.standalone.StandaloneMybatisTransactionContext  - firing event committing...
10:45:56,631 [main] DEBUG org.activiti.engine.impl.cfg.standalone.StandaloneMybatisTransactionContext  - committing the ibatis sql session...
10:45:56,631 [main] DEBUG org.apache.ibatis.transaction.jdbc.JdbcTransaction  - Committing JDBC Connection [conn6: url=jdbc:h2:mem:activiti user=SA]
10:45:56,631 [main] DEBUG org.activiti.engine.impl.cfg.standalone.StandaloneMybatisTransactionContext  - firing event committed...
10:45:56,631 [main] DEBUG org.apache.ibatis.transaction.jdbc.JdbcTransaction  - Resetting autocommit to true on JDBC Connection [conn6: url=jdbc:h2:mem:activiti user=SA]
10:45:56,631 [main] DEBUG org.apache.ibatis.transaction.jdbc.JdbcTransaction  - Closing JDBC Connection [conn6: url=jdbc:h2:mem:activiti user=SA]
10:45:56,631 [main] DEBUG org.apache.ibatis.datasource.pooled.PooledDataSource  - Returned connection 486346394 to pool.
10:45:56,631 [main] DEBUG org.activiti.engine.impl.interceptor.LogInterceptor  - --- DeployCmd finished --------------------------------------------------------
10:45:56,631 [main] DEBUG org.activiti.engine.impl.interceptor.LogInterceptor  - 

10:45:56,631 [main] DEBUG org.activiti.engine.impl.test.PvmTestCase  - 

10:45:56,631 [main] DEBUG org.activiti.engine.impl.test.PvmTestCase  - #### START MessageIntermediateEventTest.testConcurrentIntermediateMessageEvent ###########################################################
10:45:56,631 [main] DEBUG org.activiti.engine.impl.interceptor.LogInterceptor  - 

10:45:56,631 [main] DEBUG org.activiti.engine.impl.interceptor.LogInterceptor  - --- starting StartProcessInstanceCmd --------------------------------------------------------
10:45:56,631 [main] DEBUG org.apache.ibatis.transaction.jdbc.JdbcTransaction  - Opening JDBC Connection
10:45:56,631 [main] DEBUG org.apache.ibatis.datasource.pooled.PooledDataSource  - Checked out connection 363509958 from pool.
10:45:56,631 [main] DEBUG org.apache.ibatis.transaction.jdbc.JdbcTransaction  - Setting autocommit to false on JDBC Connection [conn2: url=jdbc:h2:mem:activiti user=SA]
10:45:56,631 [main] DEBUG org.activiti.engine.impl.persistence.entity.ProcessDefinitionEntity.selectLatestProcessDefinitionByKey  - ==&gt;  Preparing: select * from ACT_RE_PROCDEF where KEY_ = ? and (TENANT_ID_ = &apos;&apos; or TENANT_ID_ is null) and VERSION_ = (select max(VERSION_) from ACT_RE_PROCDEF where KEY_ = ? and (TENANT_ID_ = &apos;&apos; or TENANT_ID_ is null)) 
10:45:56,631 [main] DEBUG org.activiti.engine.impl.persistence.entity.ProcessDefinitionEntity.selectLatestProcessDefinitionByKey  - ==&gt; Parameters: process(String), process(String)
10:45:56,631 [main] DEBUG org.activiti.engine.impl.persistence.entity.ProcessDefinitionEntity.selectLatestProcessDefinitionByKey  - &lt;==      Total: 1
10:45:56,631 [main] DEBUG org.activiti.engine.impl.persistence.entity.ExecutionEntity  - initializing ProcessInstance[1572]
10:45:56,631 [main] DEBUG org.activiti.engine.impl.history.DefaultHistoryManager  - Current history level: FULL, level required: ACTIVITY
10:45:56,631 [main] DEBUG org.activiti.engine.impl.pvm.runtime.AtomicOperationActivityExecute  - ProcessInstance[1572] executes Activity(theStart): org.activiti.engine.impl.bpmn.behavior.NoneStartEventActivityBehavior
10:45:56,631 [main] DEBUG org.activiti.engine.impl.persistence.entity.JobEntity.selectJobsByExecutionId  - ==&gt;  Preparing: select * from ACT_RU_JOB J where J.EXECUTION_ID_ = ? 
10:45:56,631 [main] DEBUG org.activiti.engine.impl.persistence.entity.JobEntity.selectJobsByExecutionId  - ==&gt; Parameters: 1572(String)
10:45:56,631 [main] DEBUG org.activiti.engine.impl.persistence.entity.JobEntity.selectJobsByExecutionId  - &lt;==      Total: 0
10:45:56,631 [main] DEBUG org.activiti.engine.impl.bpmn.behavior.BpmnActivityBehavior  - Leaving activity &apos;theStart&apos;
10:45:56,631 [main] DEBUG org.activiti.engine.impl.history.DefaultHistoryManager  - Current history level: FULL, level required: ACTIVITY
10:45:56,631 [main] DEBUG org.activiti.engine.impl.pvm.runtime.AtomicOperationTransitionNotifyListenerTake  - ProcessInstance[1572] takes transition (theStart)--flow1--&gt;(fork)
10:45:56,631 [main] DEBUG org.activiti.engine.impl.history.DefaultHistoryManager  - Current history level: FULL, level required: ACTIVITY
10:45:56,631 [main] DEBUG org.activiti.engine.impl.pvm.runtime.AtomicOperationActivityExecute  - ProcessInstance[1572] executes Activity(fork): org.activiti.engine.impl.bpmn.behavior.ParallelGatewayActivityBehavior
10:45:56,631 [main] DEBUG org.activiti.engine.impl.persistence.entity.ExecutionEntity  - inactive concurrent executions in &apos;Activity(fork)&apos;: [ProcessInstance[1572]]
10:45:56,631 [main] DEBUG org.activiti.engine.impl.persistence.entity.ExecutionEntity  - other concurrent executions: []
10:45:56,631 [main] DEBUG org.activiti.engine.impl.history.DefaultHistoryManager  - Current history level: FULL, level required: ACTIVITY
10:45:56,631 [main] DEBUG org.activiti.engine.impl.bpmn.behavior.ParallelGatewayActivityBehavior  - parallel gateway &apos;fork&apos; activates: 1 of 1 joined
10:45:56,631 [main] DEBUG org.activiti.engine.impl.persistence.entity.ExecutionEntity  - transitions to take concurrent: [(fork)--&gt;(messageCatch1), (fork)--&gt;(messageCatch2)]
10:45:56,631 [main] DEBUG org.activiti.engine.impl.persistence.entity.ExecutionEntity  - active concurrent executions: []
10:45:56,631 [main] DEBUG org.activiti.engine.impl.persistence.entity.ExecutionEntity  - recyclable executions for reuse: []
10:45:56,631 [main] DEBUG org.activiti.engine.impl.persistence.entity.ExecutionEntity  - Child execution ScopeExecution[1575] created with parent 
10:45:56,631 [main] DEBUG org.activiti.engine.impl.persistence.entity.ExecutionEntity  - new ScopeExecution[1575] with parent ProcessInstance[1572] created to take transition (fork)--&gt;(messageCatch1)
10:45:56,631 [main] DEBUG org.activiti.engine.impl.persistence.entity.ExecutionEntity  - Child execution ScopeExecution[1576] created with parent 
10:45:56,631 [main] DEBUG org.activiti.engine.impl.persistence.entity.ExecutionEntity  - new ScopeExecution[1576] with parent ProcessInstance[1572] created to take transition (fork)--&gt;(messageCatch2)
10:45:56,631 [main] DEBUG org.activiti.engine.impl.history.DefaultHistoryManager  - Current history level: FULL, level required: ACTIVITY
10:45:56,631 [main] DEBUG org.activiti.engine.impl.persistence.entity.HistoricActivityInstanceEntity.selectHistoricActivityInstancesByQueryCriteria  - ==&gt;  Preparing: select RES.* from ACT_HI_ACTINST RES WHERE RES.EXECUTION_ID_ = ? and RES.ACT_ID_ = ? and RES.END_TIME_ is null order by order by RES.ID_ asc LIMIT ? OFFSET ? 
10:45:56,631 [main] DEBUG org.activiti.engine.impl.interceptor.CommandContext  - Error while closing command context
org.apache.ibatis.exceptions.PersistenceException: 
### Error querying database.  Cause: org.h2.jdbc.JdbcSQLException: Syntax error in SQL statement &quot;SELECT RES.* 
     
    FROM ACT_HI_ACTINST RES
     WHERE  RES.EXECUTION_ID_ = ?
      
      
      
        AND RES.ACT_ID_ = ?
      
      
      
      
      
      
      
      
        AND RES.END_TIME_ IS NULL 
   
     ORDER BY  ORDER[*] BY RES.ID_ ASC  
    LIMIT ? OFFSET ? &quot;; expected &quot;=, NOT, EXISTS, INTERSECTS, SELECT, FROM&quot;; SQL statement:
select RES.* 
     
    from ACT_HI_ACTINST RES
     WHERE  RES.EXECUTION_ID_ = ?
      
      
      
        and RES.ACT_ID_ = ?
      
      
      
      
      
      
      
      
        and RES.END_TIME_ is null 
   
     order by  order by RES.ID_ asc  
    LIMIT ? OFFSET ? [42001-176]
### The error may exist in org/activiti/db/mapping/entity/HistoricActivityInstance.xml
### The error may involve org.activiti.engine.impl.persistence.entity.HistoricActivityInstanceEntity.selectHistoricActivityInstancesByQueryCriteria
### The error occurred while executing a query
### SQL: select RES.*            from ACT_HI_ACTINST RES      WHERE  RES.EXECUTION_ID_ = ?                              and RES.ACT_ID_ = ?                                                                 and RES.END_TIME_ is null           order by  order by RES.ID_ asc       LIMIT ? OFFSET ?
### Cause: org.h2.jdbc.JdbcSQLException: Syntax error in SQL statement &quot;SELECT RES.* 
     
    FROM ACT_HI_ACTINST RES
     WHERE  RES.EXECUTION_ID_ = ?
      
      
      
        AND RES.ACT_ID_ = ?
      
      
      
      
      
      
      
      
        AND RES.END_TIME_ IS NULL 
   
     ORDER BY  ORDER[*] BY RES.ID_ ASC  
    LIMIT ? OFFSET ? &quot;; expected &quot;=, NOT, EXISTS, INTERSECTS, SELECT, FROM&quot;; SQL statement:
select RES.* 
     
    from ACT_HI_ACTINST RES
     WHERE  RES.EXECUTION_ID_ = ?
      
      
      
        and RES.ACT_ID_ = ?
      
      
      
      
      
      
      
      
        and RES.END_TIME_ is null 
   
     order by  order by RES.ID_ asc  
    LIMIT ? OFFSET ? [42001-176]
	at org.apache.ibatis.exceptions.ExceptionFactory.wrapException(ExceptionFactory.java:30)
	at org.apache.ibatis.session.defaults.DefaultSqlSession.selectList(DefaultSqlSession.java:122)
	at org.apache.ibatis.session.defaults.DefaultSqlSession.selectList(DefaultSqlSession.java:113)
	at org.activiti.engine.impl.db.DbSqlSession.selectListWithRawParameter(DbSqlSession.java:438)
	at org.activiti.engine.impl.db.DbSqlSession.selectList(DbSqlSession.java:429)
	at org.activiti.engine.impl.db.DbSqlSession.selectList(DbSqlSession.java:419)
	at org.activiti.engine.impl.persistence.entity.HistoricActivityInstanceEntityManager.findHistoricActivityInstancesByQueryCriteria(HistoricActivityInstanceEntityManager.java:56)
	at org.activiti.engine.impl.HistoricActivityInstanceQueryImpl.executeList(HistoricActivityInstanceQueryImpl.java:70)
	at org.activiti.engine.impl.AbstractQuery.listPage(AbstractQuery.java:151)
	at org.activiti.engine.impl.history.DefaultHistoryManager.findActivityInstance(DefaultHistoryManager.java:355)
	at org.activiti.engine.impl.history.DefaultHistoryManager.recordActivityEnd(DefaultHistoryManager.java:281)
	at org.activiti.engine.impl.history.handler.ActivityInstanceEndHandler.notify(ActivityInstanceEndHandler.java:29)
	at org.activiti.engine.impl.pvm.runtime.AbstractEventAtomicOperation.execute(AbstractEventAtomicOperation.java:42)
	at org.activiti.engine.impl.interceptor.CommandContext.performOperation(CommandContext.java:97)
	at org.activiti.engine.impl.persistence.entity.ExecutionEntity.performOperationSync(ExecutionEntity.java:636)
	at org.activiti.engine.impl.persistence.entity.ExecutionEntity.performOperation(ExecutionEntity.java:629)
	at org.activiti.engine.impl.persistence.entity.ExecutionEntity.take(ExecutionEntity.java:453)
	at org.activiti.engine.impl.pvm.runtime.OutgoingExecution.take(OutgoingExecution.java:48)
	at org.activiti.engine.impl.persistence.entity.ExecutionEntity.takeAll(ExecutionEntity.java:589)
	at org.activiti.engine.impl.bpmn.behavior.ParallelGatewayActivityBehavior.execute(ParallelGatewayActivityBehavior.java:78)
	at org.activiti.engine.impl.pvm.runtime.AtomicOperationActivityExecute.execute(AtomicOperationActivityExecute.java:60)
	at org.activiti.engine.impl.interceptor.CommandContext.performOperation(CommandContext.java:97)
	at org.activiti.engine.impl.persistence.entity.ExecutionEntity.performOperationSync(ExecutionEntity.java:636)
	at org.activiti.engine.impl.persistence.entity.ExecutionEntity.performOperation(ExecutionEntity.java:629)
	at org.activiti.engine.impl.pvm.runtime.AtomicOperationTransitionNotifyListenerStart.eventNotificationsCompleted(AtomicOperationTransitionNotifyListenerStart.java:52)
	at org.activiti.engine.impl.pvm.runtime.AbstractEventAtomicOperation.execute(AbstractEventAtomicOperation.java:56)
	at org.activiti.engine.impl.interceptor.CommandContext.performOperation(CommandContext.java:97)
	at org.activiti.engine.impl.persistence.entity.ExecutionEntity.performOperationSync(ExecutionEntity.java:636)
	at org.activiti.engine.impl.persistence.entity.ExecutionEntity.performOperation(ExecutionEntity.java:629)
	at org.activiti.engine.impl.pvm.runtime.AbstractEventAtomicOperation.execute(AbstractEventAtomicOperation.java:49)
	at org.activiti.engine.impl.interceptor.CommandContext.performOperation(CommandContext.java:97)
	at org.activiti.engine.impl.persistence.entity.ExecutionEntity.performOperationSync(ExecutionEntity.java:636)
	at org.activiti.engine.impl.persistence.entity.ExecutionEntity.performOperation(ExecutionEntity.java:629)
	at org.activiti.engine.impl.pvm.runtime.AtomicOperationTransitionCreateScope.execute(AtomicOperationTransitionCreateScope.java:49)
	at org.activiti.engine.impl.interceptor.CommandContext.performOperation(CommandContext.java:97)
	at org.activiti.engine.impl.persistence.entity.ExecutionEntity.performOperationSync(ExecutionEntity.java:636)
	at org.activiti.engine.impl.persistence.entity.ExecutionEntity.performOperation(ExecutionEntity.java:629)
	at org.activiti.engine.impl.pvm.runtime.AtomicOperationTransitionNotifyListenerTake.execute(AtomicOperationTransitionNotifyListenerTake.java:80)
	at org.activiti.engine.impl.interceptor.CommandContext.performOperation(CommandContext.java:97)
	at org.activiti.engine.impl.persistence.entity.ExecutionEntity.performOperationSync(ExecutionEntity.java:636)
	at org.activiti.engine.impl.persistence.entity.ExecutionEntity.performOperation(ExecutionEntity.java:629)
	at org.activiti.engine.impl.pvm.runtime.AtomicOperationTransitionDestroyScope.execute(AtomicOperationTransitionDestroyScope.java:116)
	at org.activiti.engine.impl.interceptor.CommandContext.performOperation(CommandContext.java:97)
	at org.activiti.engine.impl.persistence.entity.ExecutionEntity.performOperationSync(ExecutionEntity.java:636)
	at org.activiti.engine.impl.persistence.entity.ExecutionEntity.performOperation(ExecutionEntity.java:629)
	at org.activiti.engine.impl.pvm.runtime.AtomicOperationTransitionNotifyListenerEnd.eventNotificationsCompleted(AtomicOperationTransitionNotifyListenerEnd.java:35)
	at org.activiti.engine.impl.pvm.runtime.AbstractEventAtomicOperation.execute(AbstractEventAtomicOperation.java:56)
	at org.activiti.engine.impl.interceptor.CommandContext.performOperation(CommandContext.java:97)
	at org.activiti.engine.impl.persistence.entity.ExecutionEntity.performOperationSync(ExecutionEntity.java:636)
	at org.activiti.engine.impl.persistence.entity.ExecutionEntity.performOperation(ExecutionEntity.java:629)
	at org.activiti.engine.impl.pvm.runtime.AbstractEventAtomicOperation.execute(AbstractEventAtomicOperation.java:49)
	at org.activiti.engine.impl.interceptor.CommandContext.performOperation(CommandContext.java:97)
	at org.activiti.engine.impl.persistence.entity.ExecutionEntity.performOperationSync(ExecutionEntity.java:636)
	at org.activiti.engine.impl.persistence.entity.ExecutionEntity.performOperation(ExecutionEntity.java:629)
	at org.activiti.engine.impl.persistence.entity.ExecutionEntity.take(ExecutionEntity.java:453)
	at org.activiti.engine.impl.persistence.entity.ExecutionEntity.take(ExecutionEntity.java:431)
	at org.activiti.engine.impl.bpmn.behavior.BpmnActivityBehavior.performOutgoingBehavior(BpmnActivityBehavior.java:140)
	at org.activiti.engine.impl.bpmn.behavior.BpmnActivityBehavior.performDefaultOutgoingBehavior(BpmnActivityBehavior.java:66)
	at org.activiti.engine.impl.bpmn.behavior.FlowNodeActivityBehavior.leave(FlowNodeActivityBehavior.java:44)
	at org.activiti.engine.impl.bpmn.behavior.FlowNodeActivityBehavior.execute(FlowNodeActivityBehavior.java:36)
	at org.activiti.engine.impl.pvm.runtime.AtomicOperationActivityExecute.execute(AtomicOperationActivityExecute.java:60)
	at org.activiti.engine.impl.interceptor.CommandContext.performOperation(CommandContext.java:97)
	at org.activiti.engine.impl.persistence.entity.ExecutionEntity.performOperationSync(ExecutionEntity.java:636)
	at org.activiti.engine.impl.persistence.entity.ExecutionEntity.performOperation(ExecutionEntity.java:629)
	at org.activiti.engine.impl.pvm.runtime.AtomicOperationProcessStartInitial.eventNotificationsCompleted(AtomicOperationProcessStartInitial.java:45)
	at org.activiti.engine.impl.pvm.runtime.AbstractEventAtomicOperation.execute(AbstractEventAtomicOperation.java:56)
	at org.activiti.engine.impl.interceptor.CommandContext.performOperation(CommandContext.java:97)
	at org.activiti.engine.impl.persistence.entity.ExecutionEntity.performOperationSync(ExecutionEntity.java:636)
	at org.activiti.engine.impl.persistence.entity.ExecutionEntity.performOperation(ExecutionEntity.java:629)
	at org.activiti.engine.impl.pvm.runtime.AtomicOperationProcessStart.eventNotificationsCompleted(AtomicOperationProcessStart.java:64)
	at org.activiti.engine.impl.pvm.runtime.AbstractEventAtomicOperation.execute(AbstractEventAtomicOperation.java:56)
	at org.activiti.engine.impl.interceptor.CommandContext.performOperation(CommandContext.java:97)
	at org.activiti.engine.impl.persistence.entity.ExecutionEntity.performOperationSync(ExecutionEntity.java:636)
	at org.activiti.engine.impl.persistence.entity.ExecutionEntity.performOperation(ExecutionEntity.java:629)
	at org.activiti.engine.impl.persistence.entity.ExecutionEntity.start(ExecutionEntity.java:381)
	at org.activiti.engine.impl.cmd.StartProcessInstanceCmd.execute(StartProcessInstanceCmd.java:110)
	at org.activiti.engine.impl.cmd.StartProcessInstanceCmd.execute(StartProcessInstanceCmd.java:37)
	at org.activiti.engine.impl.interceptor.CommandInvoker.execute(CommandInvoker.java:24)
	at org.activiti.engine.impl.interceptor.CommandContextInterceptor.execute(CommandContextInterceptor.java:57)
	at org.activiti.engine.impl.interceptor.LogInterceptor.execute(LogInterceptor.java:37)
	at org.activiti.engine.impl.cfg.CommandExecutorImpl.execute(CommandExecutorImpl.java:40)
	at org.activiti.engine.impl.cfg.CommandExecutorImpl.execute(CommandExecutorImpl.java:35)
	at org.activiti.engine.impl.RuntimeServiceImpl.startProcessInstanceByKey(RuntimeServiceImpl.java:69)
	at org.activiti.engine.test.bpmn.event.message.MessageIntermediateEventTest.testConcurrentIntermediateMessageEvent(MessageIntermediateEventTest.java:61)
	at sun.reflect.NativeMethodAccessorImpl.invoke0(Native Method)
	at sun.reflect.NativeMethodAccessorImpl.invoke(NativeMethodAccessorImpl.java:62)
	at sun.reflect.DelegatingMethodAccessorImpl.invoke(DelegatingMethodAccessorImpl.java:43)
	at java.lang.reflect.Method.invoke(Method.java:498)
	at junit.framework.TestCase.runTest(TestCase.java:176)
	at org.activiti.engine.impl.test.PvmTestCase.runTest(PvmTestCase.java:65)
	at junit.framework.TestCase.runBare(TestCase.java:141)
	at org.activiti.engine.impl.test.AbstractActivitiTestCase.runBare(AbstractActivitiTestCase.java:100)
	at junit.framework.TestResult$1.protect(TestResult.java:122)
	at junit.framework.TestResult.runProtected(TestResult.java:142)
	at junit.framework.TestResult.run(TestResult.java:125)
	at junit.framework.TestCase.run(TestCase.java:129)
	at junit.framework.TestSuite.runTest(TestSuite.java:255)
	at junit.framework.TestSuite.run(TestSuite.java:250)
	at org.junit.internal.runners.JUnit38ClassRunner.run(JUnit38ClassRunner.java:84)
	at org.apache.maven.surefire.junit4.JUnit4TestSet.execute(JUnit4TestSet.java:35)
	at org.apache.maven.surefire.junit4.JUnit4Provider.executeTestSet(JUnit4Provider.java:146)
	at org.apache.maven.surefire.junit4.JUnit4Provider.invoke(JUnit4Provider.java:97)
	at sun.reflect.NativeMethodAccessorImpl.invoke0(Native Method)
	at sun.reflect.NativeMethodAccessorImpl.invoke(NativeMethodAccessorImpl.java:62)
	at sun.reflect.DelegatingMethodAccessorImpl.invoke(DelegatingMethodAccessorImpl.java:43)
	at java.lang.reflect.Method.invoke(Method.java:498)
	at org.apache.maven.surefire.booter.ProviderFactory$ClassLoaderProxy.invoke(ProviderFactory.java:103)
	at com.sun.proxy.$Proxy0.invoke(Unknown Source)
	at org.apache.maven.surefire.booter.SurefireStarter.invokeProvider(SurefireStarter.java:145)
	at org.apache.maven.surefire.booter.SurefireStarter.runSuitesInProcess(SurefireStarter.java:87)
	at org.apache.maven.surefire.booter.ForkedBooter.main(ForkedBooter.java:69)
Caused by: org.h2.jdbc.JdbcSQLException: Syntax error in SQL statement &quot;SELECT RES.* 
     
    FROM ACT_HI_ACTINST RES
     WHERE  RES.EXECUTION_ID_ = ?
      
      
      
        AND RES.ACT_ID_ = ?
      
      
      
      
      
      
      
      
        AND RES.END_TIME_ IS NULL 
   
     ORDER BY  ORDER[*] BY RES.ID_ ASC  
    LIMIT ? OFFSET ? &quot;; expected &quot;=, NOT, EXISTS, INTERSECTS, SELECT, FROM&quot;; SQL statement:
select RES.* 
     
    from ACT_HI_ACTINST RES
     WHERE  RES.EXECUTION_ID_ = ?
      
      
      
        and RES.ACT_ID_ = ?
      
      
      
      
      
      
      
      
        and RES.END_TIME_ is null 
   
     order by  order by RES.ID_ asc  
    LIMIT ? OFFSET ? [42001-176]
	at org.h2.message.DbException.getJdbcSQLException(DbException.java:344)
	at org.h2.message.DbException.getSyntaxError(DbException.java:204)
	at org.h2.command.Parser.getSyntaxError(Parser.java:524)
	at org.h2.command.Parser.readTerm(Parser.java:2688)
	at org.h2.command.Parser.readFactor(Parser.java:2244)
	at org.h2.command.Parser.readSum(Parser.java:2231)
	at org.h2.command.Parser.readConcat(Parser.java:2201)
	at org.h2.command.Parser.readCondition(Parser.java:2051)
	at org.h2.command.Parser.readAnd(Parser.java:2023)
	at org.h2.command.Parser.readExpression(Parser.java:2015)
	at org.h2.command.Parser.parseEndOfQuery(Parser.java:1726)
	at org.h2.command.Parser.parseSelectUnionExtension(Parser.java:1706)
	at org.h2.command.Parser.parseSelectUnion(Parser.java:1675)
	at org.h2.command.Parser.parseSelect(Parser.java:1662)
	at org.h2.command.Parser.parsePrepared(Parser.java:434)
	at org.h2.command.Parser.parse(Parser.java:306)
	at org.h2.command.Parser.parse(Parser.java:282)
	at org.h2.command.Parser.prepareCommand(Parser.java:243)
	at org.h2.engine.Session.prepareLocal(Session.java:442)
	at org.h2.engine.Session.prepareCommand(Session.java:384)
	at org.h2.jdbc.JdbcConnection.prepareCommand(JdbcConnection.java:1188)
	at org.h2.jdbc.JdbcPreparedStatement.&lt;init&gt;(JdbcPreparedStatement.java:73)
	at org.h2.jdbc.JdbcConnection.prepareStatement(JdbcConnection.java:276)
	at sun.reflect.GeneratedMethodAccessor6.invoke(Unknown Source)
	at sun.reflect.DelegatingMethodAccessorImpl.invoke(DelegatingMethodAccessorImpl.java:43)
	at java.lang.reflect.Method.invoke(Method.java:498)
	at org.apache.ibatis.datasource.pooled.PooledConnection.invoke(PooledConnection.java:245)
	at com.sun.proxy.$Proxy12.prepareStatement(Unknown Source)
	at sun.reflect.GeneratedMethodAccessor6.invoke(Unknown Source)
	at sun.reflect.DelegatingMethodAccessorImpl.invoke(DelegatingMethodAccessorImpl.java:43)
	at java.lang.reflect.Method.invoke(Method.java:498)
	at org.apache.ibatis.logging.jdbc.ConnectionLogger.invoke(ConnectionLogger.java:55)
	at com.sun.proxy.$Proxy12.prepareStatement(Unknown Source)
	at org.apache.ibatis.executor.statement.PreparedStatementHandler.instantiateStatement(PreparedStatementHandler.java:79)
	at org.apache.ibatis.executor.statement.BaseStatementHandler.prepare(BaseStatementHandler.java:88)
	at org.apache.ibatis.executor.statement.RoutingStatementHandler.prepare(RoutingStatementHandler.java:58)
	at org.apache.ibatis.executor.SimpleExecutor.prepareStatement(SimpleExecutor.java:76)
	at org.apache.ibatis.executor.SimpleExecutor.doQuery(SimpleExecutor.java:61)
	at org.apache.ibatis.executor.BaseExecutor.queryFromDatabase(BaseExecutor.java:303)
	at org.apache.ibatis.executor.BaseExecutor.query(BaseExecutor.java:154)
	at org.apache.ibatis.executor.CachingExecutor.query(CachingExecutor.java:102)
	at org.apache.ibatis.executor.CachingExecutor.query(CachingExecutor.java:82)
	at org.apache.ibatis.session.defaults.DefaultSqlSession.selectList(DefaultSqlSession.java:120)
	... 109 more
10:45:56,632 [main] DEBUG org.activiti.engine.impl.cfg.standalone.StandaloneMybatisTransactionContext  - firing event rolling back...
10:45:56,632 [main] DEBUG org.activiti.engine.impl.cfg.standalone.StandaloneMybatisTransactionContext  - rolling back ibatis sql session...
10:45:56,632 [main] DEBUG org.activiti.engine.impl.cfg.standalone.StandaloneMybatisTransactionContext  - firing event rolled back...
10:45:56,632 [main] DEBUG org.apache.ibatis.transaction.jdbc.JdbcTransaction  - Resetting autocommit to true on JDBC Connection [conn2: url=jdbc:h2:mem:activiti user=SA]
10:45:56,632 [main] DEBUG org.apache.ibatis.transaction.jdbc.JdbcTransaction  - Closing JDBC Connection [conn2: url=jdbc:h2:mem:activiti user=SA]
10:45:56,632 [main] DEBUG org.apache.ibatis.datasource.pooled.PooledDataSource  - Returned connection 363509958 to pool.
10:45:56,632 [main] DEBUG org.activiti.engine.impl.interceptor.LogInterceptor  - --- StartProcessInstanceCmd finished --------------------------------------------------------
10:45:56,632 [main] DEBUG org.activiti.engine.impl.interceptor.LogInterceptor  - 

10:45:56,632 [main] ERROR org.activiti.engine.impl.test.PvmTestCase  - 

10:45:56,632 [main] ERROR org.activiti.engine.impl.test.PvmTestCase  - EXCEPTION: org.apache.ibatis.exceptions.PersistenceException: 
### Error querying database.  Cause: org.h2.jdbc.JdbcSQLException: Syntax error in SQL statement &quot;SELECT RES.* 
     
    FROM ACT_HI_ACTINST RES
     WHERE  RES.EXECUTION_ID_ = ?
      
      
      
        AND RES.ACT_ID_ = ?
      
      
      
      
      
      
      
      
        AND RES.END_TIME_ IS NULL 
   
     ORDER BY  ORDER[*] BY RES.ID_ ASC  
    LIMIT ? OFFSET ? &quot;; expected &quot;=, NOT, EXISTS, INTERSECTS, SELECT, FROM&quot;; SQL statement:
select RES.* 
     
    from ACT_HI_ACTINST RES
     WHERE  RES.EXECUTION_ID_ = ?
      
      
      
        and RES.ACT_ID_ = ?
      
      
      
      
      
      
      
      
        and RES.END_TIME_ is null 
   
     order by  order by RES.ID_ asc  
    LIMIT ? OFFSET ? [42001-176]
### The error may exist in org/activiti/db/mapping/entity/HistoricActivityInstance.xml
### The error may involve org.activiti.engine.impl.persistence.entity.HistoricActivityInstanceEntity.selectHistoricActivityInstancesByQueryCriteria
### The error occurred while executing a query
### SQL: select RES.*            from ACT_HI_ACTINST RES      WHERE  RES.EXECUTION_ID_ = ?                              and RES.ACT_ID_ = ?                                                                 and RES.END_TIME_ is null           order by  order by RES.ID_ asc       LIMIT ? OFFSET ?
### Cause: org.h2.jdbc.JdbcSQLException: Syntax error in SQL statement &quot;SELECT RES.* 
     
    FROM ACT_HI_ACTINST RES
     WHERE  RES.EXECUTION_ID_ = ?
      
      
      
        AND RES.ACT_ID_ = ?
      
      
      
      
      
      
      
      
        AND RES.END_TIME_ IS NULL 
   
     ORDER BY  ORDER[*] BY RES.ID_ ASC  
    LIMIT ? OFFSET ? &quot;; expected &quot;=, NOT, EXISTS, INTERSECTS, SELECT, FROM&quot;; SQL statement:
select RES.* 
     
    from ACT_HI_ACTINST RES
     WHERE  RES.EXECUTION_ID_ = ?
      
      
      
        and RES.ACT_ID_ = ?
      
      
      
      
      
      
      
      
        and RES.END_TIME_ is null 
   
     order by  order by RES.ID_ asc  
    LIMIT ? OFFSET ? [42001-176]
org.apache.ibatis.exceptions.PersistenceException: 
### Error querying database.  Cause: org.h2.jdbc.JdbcSQLException: Syntax error in SQL statement &quot;SELECT RES.* 
     
    FROM ACT_HI_ACTINST RES
     WHERE  RES.EXECUTION_ID_ = ?
      
      
      
        AND RES.ACT_ID_ = ?
      
      
      
      
      
      
      
      
        AND RES.END_TIME_ IS NULL 
   
     ORDER BY  ORDER[*] BY RES.ID_ ASC  
    LIMIT ? OFFSET ? &quot;; expected &quot;=, NOT, EXISTS, INTERSECTS, SELECT, FROM&quot;; SQL statement:
select RES.* 
     
    from ACT_HI_ACTINST RES
     WHERE  RES.EXECUTION_ID_ = ?
      
      
      
        and RES.ACT_ID_ = ?
      
      
      
      
      
      
      
      
        and RES.END_TIME_ is null 
   
     order by  order by RES.ID_ asc  
    LIMIT ? OFFSET ? [42001-176]
### The error may exist in org/activiti/db/mapping/entity/HistoricActivityInstance.xml
### The error may involve org.activiti.engine.impl.persistence.entity.HistoricActivityInstanceEntity.selectHistoricActivityInstancesByQueryCriteria
### The error occurred while executing a query
### SQL: select RES.*            from ACT_HI_ACTINST RES      WHERE  RES.EXECUTION_ID_ = ?                              and RES.ACT_ID_ = ?                                                                 and RES.END_TIME_ is null           order by  order by RES.ID_ asc       LIMIT ? OFFSET ?
### Cause: org.h2.jdbc.JdbcSQLException: Syntax error in SQL statement &quot;SELECT RES.* 
     
    FROM ACT_HI_ACTINST RES
     WHERE  RES.EXECUTION_ID_ = ?
      
      
      
        AND RES.ACT_ID_ = ?
      
      
      
      
      
      
      
      
        AND RES.END_TIME_ IS NULL 
   
     ORDER BY  ORDER[*] BY RES.ID_ ASC  
    LIMIT ? OFFSET ? &quot;; expected &quot;=, NOT, EXISTS, INTERSECTS, SELECT, FROM&quot;; SQL statement:
select RES.* 
     
    from ACT_HI_ACTINST RES
     WHERE  RES.EXECUTION_ID_ = ?
      
      
      
        and RES.ACT_ID_ = ?
      
      
      
      
      
      
      
      
        and RES.END_TIME_ is null 
   
     order by  order by RES.ID_ asc  
    LIMIT ? OFFSET ? [42001-176]
	at org.apache.ibatis.exceptions.ExceptionFactory.wrapException(ExceptionFactory.java:30)
	at org.apache.ibatis.session.defaults.DefaultSqlSession.selectList(DefaultSqlSession.java:122)
	at org.apache.ibatis.session.defaults.DefaultSqlSession.selectList(DefaultSqlSession.java:113)
	at org.activiti.engine.impl.db.DbSqlSession.selectListWithRawParameter(DbSqlSession.java:438)
	at org.activiti.engine.impl.db.DbSqlSession.selectList(DbSqlSession.java:429)
	at org.activiti.engine.impl.db.DbSqlSession.selectList(DbSqlSession.java:419)
	at org.activiti.engine.impl.persistence.entity.HistoricActivityInstanceEntityManager.findHistoricActivityInstancesByQueryCriteria(HistoricActivityInstanceEntityManager.java:56)
	at org.activiti.engine.impl.HistoricActivityInstanceQueryImpl.executeList(HistoricActivityInstanceQueryImpl.java:70)
	at org.activiti.engine.impl.AbstractQuery.listPage(AbstractQuery.java:151)
	at org.activiti.engine.impl.history.DefaultHistoryManager.findActivityInstance(DefaultHistoryManager.java:355)
	at org.activiti.engine.impl.history.DefaultHistoryManager.recordActivityEnd(DefaultHistoryManager.java:281)
	at org.activiti.engine.impl.history.handler.ActivityInstanceEndHandler.notify(ActivityInstanceEndHandler.java:29)
	at org.activiti.engine.impl.pvm.runtime.AbstractEventAtomicOperation.execute(AbstractEventAtomicOperation.java:42)
	at org.activiti.engine.impl.interceptor.CommandContext.performOperation(CommandContext.java:97)
	at org.activiti.engine.impl.persistence.entity.ExecutionEntity.performOperationSync(ExecutionEntity.java:636)
	at org.activiti.engine.impl.persistence.entity.ExecutionEntity.performOperation(ExecutionEntity.java:629)
	at org.activiti.engine.impl.persistence.entity.ExecutionEntity.take(ExecutionEntity.java:453)
	at org.activiti.engine.impl.pvm.runtime.OutgoingExecution.take(OutgoingExecution.java:48)
	at org.activiti.engine.impl.persistence.entity.ExecutionEntity.takeAll(ExecutionEntity.java:589)
	at org.activiti.engine.impl.bpmn.behavior.ParallelGatewayActivityBehavior.execute(ParallelGatewayActivityBehavior.java:78)
	at org.activiti.engine.impl.pvm.runtime.AtomicOperationActivityExecute.execute(AtomicOperationActivityExecute.java:60)
	at org.activiti.engine.impl.interceptor.CommandContext.performOperation(CommandContext.java:97)
	at org.activiti.engine.impl.persistence.entity.ExecutionEntity.performOperationSync(ExecutionEntity.java:636)
	at org.activiti.engine.impl.persistence.entity.ExecutionEntity.performOperation(ExecutionEntity.java:629)
	at org.activiti.engine.impl.pvm.runtime.AtomicOperationTransitionNotifyListenerStart.eventNotificationsCompleted(AtomicOperationTransitionNotifyListenerStart.java:52)
	at org.activiti.engine.impl.pvm.runtime.AbstractEventAtomicOperation.execute(AbstractEventAtomicOperation.java:56)
	at org.activiti.engine.impl.interceptor.CommandContext.performOperation(CommandContext.java:97)
	at org.activiti.engine.impl.persistence.entity.ExecutionEntity.performOperationSync(ExecutionEntity.java:636)
	at org.activiti.engine.impl.persistence.entity.ExecutionEntity.performOperation(ExecutionEntity.java:629)
	at org.activiti.engine.impl.pvm.runtime.AbstractEventAtomicOperation.execute(AbstractEventAtomicOperation.java:49)
	at org.activiti.engine.impl.interceptor.CommandContext.performOperation(CommandContext.java:97)
	at org.activiti.engine.impl.persistence.entity.ExecutionEntity.performOperationSync(ExecutionEntity.java:636)
	at org.activiti.engine.impl.persistence.entity.ExecutionEntity.performOperation(ExecutionEntity.java:629)
	at org.activiti.engine.impl.pvm.runtime.AtomicOperationTransitionCreateScope.execute(AtomicOperationTransitionCreateScope.java:49)
	at org.activiti.engine.impl.interceptor.CommandContext.performOperation(CommandContext.java:97)
	at org.activiti.engine.impl.persistence.entity.ExecutionEntity.performOperationSync(ExecutionEntity.java:636)
	at org.activiti.engine.impl.persistence.entity.ExecutionEntity.performOperation(ExecutionEntity.java:629)
	at org.activiti.engine.impl.pvm.runtime.AtomicOperationTransitionNotifyListenerTake.execute(AtomicOperationTransitionNotifyListenerTake.java:80)
	at org.activiti.engine.impl.interceptor.CommandContext.performOperation(CommandContext.java:97)
	at org.activiti.engine.impl.persistence.entity.ExecutionEntity.performOperationSync(ExecutionEntity.java:636)
	at org.activiti.engine.impl.persistence.entity.ExecutionEntity.performOperation(ExecutionEntity.java:629)
	at org.activiti.engine.impl.pvm.runtime.AtomicOperationTransitionDestroyScope.execute(AtomicOperationTransitionDestroyScope.java:116)
	at org.activiti.engine.impl.interceptor.CommandContext.performOperation(CommandContext.java:97)
	at org.activiti.engine.impl.persistence.entity.ExecutionEntity.performOperationSync(ExecutionEntity.java:636)
	at org.activiti.engine.impl.persistence.entity.ExecutionEntity.performOperation(ExecutionEntity.java:629)
	at org.activiti.engine.impl.pvm.runtime.AtomicOperationTransitionNotifyListenerEnd.eventNotificationsCompleted(AtomicOperationTransitionNotifyListenerEnd.java:35)
	at org.activiti.engine.impl.pvm.runtime.AbstractEventAtomicOperation.execute(AbstractEventAtomicOperation.java:56)
	at org.activiti.engine.impl.interceptor.CommandContext.performOperation(CommandContext.java:97)
	at org.activiti.engine.impl.persistence.entity.ExecutionEntity.performOperationSync(ExecutionEntity.java:636)
	at org.activiti.engine.impl.persistence.entity.ExecutionEntity.performOperation(ExecutionEntity.java:629)
	at org.activiti.engine.impl.pvm.runtime.AbstractEventAtomicOperation.execute(AbstractEventAtomicOperation.java:49)
	at org.activiti.engine.impl.interceptor.CommandContext.performOperation(CommandContext.java:97)
	at org.activiti.engine.impl.persistence.entity.ExecutionEntity.performOperationSync(ExecutionEntity.java:636)
	at org.activiti.engine.impl.persistence.entity.ExecutionEntity.performOperation(ExecutionEntity.java:629)
	at org.activiti.engine.impl.persistence.entity.ExecutionEntity.take(ExecutionEntity.java:453)
	at org.activiti.engine.impl.persistence.entity.ExecutionEntity.take(ExecutionEntity.java:431)
	at org.activiti.engine.impl.bpmn.behavior.BpmnActivityBehavior.performOutgoingBehavior(BpmnActivityBehavior.java:140)
	at org.activiti.engine.impl.bpmn.behavior.BpmnActivityBehavior.performDefaultOutgoingBehavior(BpmnActivityBehavior.java:66)
	at org.activiti.engine.impl.bpmn.behavior.FlowNodeActivityBehavior.leave(FlowNodeActivityBehavior.java:44)
	at org.activiti.engine.impl.bpmn.behavior.FlowNodeActivityBehavior.execute(FlowNodeActivityBehavior.java:36)
	at org.activiti.engine.impl.pvm.runtime.AtomicOperationActivityExecute.execute(AtomicOperationActivityExecute.java:60)
	at org.activiti.engine.impl.interceptor.CommandContext.performOperation(CommandContext.java:97)
	at org.activiti.engine.impl.persistence.entity.ExecutionEntity.performOperationSync(ExecutionEntity.java:636)
	at org.activiti.engine.impl.persistence.entity.ExecutionEntity.performOperation(ExecutionEntity.java:629)
	at org.activiti.engine.impl.pvm.runtime.AtomicOperationProcessStartInitial.eventNotificationsCompleted(AtomicOperationProcessStartInitial.java:45)
	at org.activiti.engine.impl.pvm.runtime.AbstractEventAtomicOperation.execute(AbstractEventAtomicOperation.java:56)
	at org.activiti.engine.impl.interceptor.CommandContext.performOperation(CommandContext.java:97)
	at org.activiti.engine.impl.persistence.entity.ExecutionEntity.performOperationSync(ExecutionEntity.java:636)
	at org.activiti.engine.impl.persistence.entity.ExecutionEntity.performOperation(ExecutionEntity.java:629)
	at org.activiti.engine.impl.pvm.runtime.AtomicOperationProcessStart.eventNotificationsCompleted(AtomicOperationProcessStart.java:64)
	at org.activiti.engine.impl.pvm.runtime.AbstractEventAtomicOperation.execute(AbstractEventAtomicOperation.java:56)
	at org.activiti.engine.impl.interceptor.CommandContext.performOperation(CommandContext.java:97)
	at org.activiti.engine.impl.persistence.entity.ExecutionEntity.performOperationSync(ExecutionEntity.java:636)
	at org.activiti.engine.impl.persistence.entity.ExecutionEntity.performOperation(ExecutionEntity.java:629)
	at org.activiti.engine.impl.persistence.entity.ExecutionEntity.start(ExecutionEntity.java:381)
	at org.activiti.engine.impl.cmd.StartProcessInstanceCmd.execute(StartProcessInstanceCmd.java:110)
	at org.activiti.engine.impl.cmd.StartProcessInstanceCmd.execute(StartProcessInstanceCmd.java:37)
	at org.activiti.engine.impl.interceptor.CommandInvoker.execute(CommandInvoker.java:24)
	at org.activiti.engine.impl.interceptor.CommandContextInterceptor.execute(CommandContextInterceptor.java:57)
	at org.activiti.engine.impl.interceptor.LogInterceptor.execute(LogInterceptor.java:37)
	at org.activiti.engine.impl.cfg.CommandExecutorImpl.execute(CommandExecutorImpl.java:40)
	at org.activiti.engine.impl.cfg.CommandExecutorImpl.execute(CommandExecutorImpl.java:35)
	at org.activiti.engine.impl.RuntimeServiceImpl.startProcessInstanceByKey(RuntimeServiceImpl.java:69)
	at org.activiti.engine.test.bpmn.event.message.MessageIntermediateEventTest.testConcurrentIntermediateMessageEvent(MessageIntermediateEventTest.java:61)
	at sun.reflect.NativeMethodAccessorImpl.invoke0(Native Method)
	at sun.reflect.NativeMethodAccessorImpl.invoke(NativeMethodAccessorImpl.java:62)
	at sun.reflect.DelegatingMethodAccessorImpl.invoke(DelegatingMethodAccessorImpl.java:43)
	at java.lang.reflect.Method.invoke(Method.java:498)
	at junit.framework.TestCase.runTest(TestCase.java:176)
	at org.activiti.engine.impl.test.PvmTestCase.runTest(PvmTestCase.java:65)
	at junit.framework.TestCase.runBare(TestCase.java:141)
	at org.activiti.engine.impl.test.AbstractActivitiTestCase.runBare(AbstractActivitiTestCase.java:100)
	at junit.framework.TestResult$1.protect(TestResult.java:122)
	at junit.framework.TestResult.runProtected(TestResult.java:142)
	at junit.framework.TestResult.run(TestResult.java:125)
	at junit.framework.TestCase.run(TestCase.java:129)
	at junit.framework.TestSuite.runTest(TestSuite.java:255)
	at junit.framework.TestSuite.run(TestSuite.java:250)
	at org.junit.internal.runners.JUnit38ClassRunner.run(JUnit38ClassRunner.java:84)
	at org.apache.maven.surefire.junit4.JUnit4TestSet.execute(JUnit4TestSet.java:35)
	at org.apache.maven.surefire.junit4.JUnit4Provider.executeTestSet(JUnit4Provider.java:146)
	at org.apache.maven.surefire.junit4.JUnit4Provider.invoke(JUnit4Provider.java:97)
	at sun.reflect.NativeMethodAccessorImpl.invoke0(Native Method)
	at sun.reflect.NativeMethodAccessorImpl.invoke(NativeMethodAccessorImpl.java:62)
	at sun.reflect.DelegatingMethodAccessorImpl.invoke(DelegatingMethodAccessorImpl.java:43)
	at java.lang.reflect.Method.invoke(Method.java:498)
	at org.apache.maven.surefire.booter.ProviderFactory$ClassLoaderProxy.invoke(ProviderFactory.java:103)
	at com.sun.proxy.$Proxy0.invoke(Unknown Source)
	at org.apache.maven.surefire.booter.SurefireStarter.invokeProvider(SurefireStarter.java:145)
	at org.apache.maven.surefire.booter.SurefireStarter.runSuitesInProcess(SurefireStarter.java:87)
	at org.apache.maven.surefire.booter.ForkedBooter.main(ForkedBooter.java:69)
Caused by: org.h2.jdbc.JdbcSQLException: Syntax error in SQL statement &quot;SELECT RES.* 
     
    FROM ACT_HI_ACTINST RES
     WHERE  RES.EXECUTION_ID_ = ?
      
      
      
        AND RES.ACT_ID_ = ?
      
      
      
      
      
      
      
      
        AND RES.END_TIME_ IS NULL 
   
     ORDER BY  ORDER[*] BY RES.ID_ ASC  
    LIMIT ? OFFSET ? &quot;; expected &quot;=, NOT, EXISTS, INTERSECTS, SELECT, FROM&quot;; SQL statement:
select RES.* 
     
    from ACT_HI_ACTINST RES
     WHERE  RES.EXECUTION_ID_ = ?
      
      
      
        and RES.ACT_ID_ = ?
      
      
      
      
      
      
      
      
        and RES.END_TIME_ is null 
   
     order by  order by RES.ID_ asc  
    LIMIT ? OFFSET ? [42001-176]
	at org.h2.message.DbException.getJdbcSQLException(DbException.java:344)
	at org.h2.message.DbException.getSyntaxError(DbException.java:204)
	at org.h2.command.Parser.getSyntaxError(Parser.java:524)
	at org.h2.command.Parser.readTerm(Parser.java:2688)
	at org.h2.command.Parser.readFactor(Parser.java:2244)
	at org.h2.command.Parser.readSum(Parser.java:2231)
	at org.h2.command.Parser.readConcat(Parser.java:2201)
	at org.h2.command.Parser.readCondition(Parser.java:2051)
	at org.h2.command.Parser.readAnd(Parser.java:2023)
	at org.h2.command.Parser.readExpression(Parser.java:2015)
	at org.h2.command.Parser.parseEndOfQuery(Parser.java:1726)
	at org.h2.command.Parser.parseSelectUnionExtension(Parser.java:1706)
	at org.h2.command.Parser.parseSelectUnion(Parser.java:1675)
	at org.h2.command.Parser.parseSelect(Parser.java:1662)
	at org.h2.command.Parser.parsePrepared(Parser.java:434)
	at org.h2.command.Parser.parse(Parser.java:306)
	at org.h2.command.Parser.parse(Parser.java:282)
	at org.h2.command.Parser.prepareCommand(Parser.java:243)
	at org.h2.engine.Session.prepareLocal(Session.java:442)
	at org.h2.engine.Session.prepareCommand(Session.java:384)
	at org.h2.jdbc.JdbcConnection.prepareCommand(JdbcConnection.java:1188)
	at org.h2.jdbc.JdbcPreparedStatement.&lt;init&gt;(JdbcPreparedStatement.java:73)
	at org.h2.jdbc.JdbcConnection.prepareStatement(JdbcConnection.java:276)
	at sun.reflect.GeneratedMethodAccessor6.invoke(Unknown Source)
	at sun.reflect.DelegatingMethodAccessorImpl.invoke(DelegatingMethodAccessorImpl.java:43)
	at java.lang.reflect.Method.invoke(Method.java:498)
	at org.apache.ibatis.datasource.pooled.PooledConnection.invoke(PooledConnection.java:245)
	at com.sun.proxy.$Proxy12.prepareStatement(Unknown Source)
	at sun.reflect.GeneratedMethodAccessor6.invoke(Unknown Source)
	at sun.reflect.DelegatingMethodAccessorImpl.invoke(DelegatingMethodAccessorImpl.java:43)
	at java.lang.reflect.Method.invoke(Method.java:498)
	at org.apache.ibatis.logging.jdbc.ConnectionLogger.invoke(ConnectionLogger.java:55)
	at com.sun.proxy.$Proxy12.prepareStatement(Unknown Source)
	at org.apache.ibatis.executor.statement.PreparedStatementHandler.instantiateStatement(PreparedStatementHandler.java:79)
	at org.apache.ibatis.executor.statement.BaseStatementHandler.prepare(BaseStatementHandler.java:88)
	at org.apache.ibatis.executor.statement.RoutingStatementHandler.prepare(RoutingStatementHandler.java:58)
	at org.apache.ibatis.executor.SimpleExecutor.prepareStatement(SimpleExecutor.java:76)
	at org.apache.ibatis.executor.SimpleExecutor.doQuery(SimpleExecutor.java:61)
	at org.apache.ibatis.executor.BaseExecutor.queryFromDatabase(BaseExecutor.java:303)
	at org.apache.ibatis.executor.BaseExecutor.query(BaseExecutor.java:154)
	at org.apache.ibatis.executor.CachingExecutor.query(CachingExecutor.java:102)
	at org.apache.ibatis.executor.CachingExecutor.query(CachingExecutor.java:82)
	at org.apache.ibatis.session.defaults.DefaultSqlSession.selectList(DefaultSqlSession.java:120)
	... 109 more
10:45:56,632 [main] DEBUG org.activiti.engine.impl.test.PvmTestCase  - #### END MessageIntermediateEventTest.testConcurrentIntermediateMessageEvent #############################################################
10:45:56,632 [main] ERROR org.activiti.engine.impl.test.PvmTestCase  - 

10:45:56,632 [main] ERROR org.activiti.engine.impl.test.PvmTestCase  - EXCEPTION: org.apache.ibatis.exceptions.PersistenceException: 
### Error querying database.  Cause: org.h2.jdbc.JdbcSQLException: Syntax error in SQL statement &quot;SELECT RES.* 
     
    FROM ACT_HI_ACTINST RES
     WHERE  RES.EXECUTION_ID_ = ?
      
      
      
        AND RES.ACT_ID_ = ?
      
      
      
      
      
      
      
      
        AND RES.END_TIME_ IS NULL 
   
     ORDER BY  ORDER[*] BY RES.ID_ ASC  
    LIMIT ? OFFSET ? &quot;; expected &quot;=, NOT, EXISTS, INTERSECTS, SELECT, FROM&quot;; SQL statement:
select RES.* 
     
    from ACT_HI_ACTINST RES
     WHERE  RES.EXECUTION_ID_ = ?
      
      
      
        and RES.ACT_ID_ = ?
      
      
      
      
      
      
      
      
        and RES.END_TIME_ is null 
   
     order by  order by RES.ID_ asc  
    LIMIT ? OFFSET ? [42001-176]
### The error may exist in org/activiti/db/mapping/entity/HistoricActivityInstance.xml
### The error may involve org.activiti.engine.impl.persistence.entity.HistoricActivityInstanceEntity.selectHistoricActivityInstancesByQueryCriteria
### The error occurred while executing a query
### SQL: select RES.*            from ACT_HI_ACTINST RES      WHERE  RES.EXECUTION_ID_ = ?                              and RES.ACT_ID_ = ?                                                                 and RES.END_TIME_ is null           order by  order by RES.ID_ asc       LIMIT ? OFFSET ?
### Cause: org.h2.jdbc.JdbcSQLException: Syntax error in SQL statement &quot;SELECT RES.* 
     
    FROM ACT_HI_ACTINST RES
     WHERE  RES.EXECUTION_ID_ = ?
      
      
      
        AND RES.ACT_ID_ = ?
      
      
      
      
      
      
      
      
        AND RES.END_TIME_ IS NULL 
   
     ORDER BY  ORDER[*] BY RES.ID_ ASC  
    LIMIT ? OFFSET ? &quot;; expected &quot;=, NOT, EXISTS, INTERSECTS, SELECT, FROM&quot;; SQL statement:
select RES.* 
     
    from ACT_HI_ACTINST RES
     WHERE  RES.EXECUTION_ID_ = ?
      
      
      
        and RES.ACT_ID_ = ?
      
      
      
      
      
      
      
      
        and RES.END_TIME_ is null 
   
     order by  order by RES.ID_ asc  
    LIMIT ? OFFSET ? [42001-176]
org.apache.ibatis.exceptions.PersistenceException: 
### Error querying database.  Cause: org.h2.jdbc.JdbcSQLException: Syntax error in SQL statement &quot;SELECT RES.* 
     
    FROM ACT_HI_ACTINST RES
     WHERE  RES.EXECUTION_ID_ = ?
      
      
      
        AND RES.ACT_ID_ = ?
      
      
      
      
      
      
      
      
        AND RES.END_TIME_ IS NULL 
   
     ORDER BY  ORDER[*] BY RES.ID_ ASC  
    LIMIT ? OFFSET ? &quot;; expected &quot;=, NOT, EXISTS, INTERSECTS, SELECT, FROM&quot;; SQL statement:
select RES.* 
     
    from ACT_HI_ACTINST RES
     WHERE  RES.EXECUTION_ID_ = ?
      
      
      
        and RES.ACT_ID_ = ?
      
      
      
      
      
      
      
      
        and RES.END_TIME_ is null 
   
     order by  order by RES.ID_ asc  
    LIMIT ? OFFSET ? [42001-176]
### The error may exist in org/activiti/db/mapping/entity/HistoricActivityInstance.xml
### The error may involve org.activiti.engine.impl.persistence.entity.HistoricActivityInstanceEntity.selectHistoricActivityInstancesByQueryCriteria
### The error occurred while executing a query
### SQL: select RES.*            from ACT_HI_ACTINST RES      WHERE  RES.EXECUTION_ID_ = ?                              and RES.ACT_ID_ = ?                                                                 and RES.END_TIME_ is null           order by  order by RES.ID_ asc       LIMIT ? OFFSET ?
### Cause: org.h2.jdbc.JdbcSQLException: Syntax error in SQL statement &quot;SELECT RES.* 
     
    FROM ACT_HI_ACTINST RES
     WHERE  RES.EXECUTION_ID_ = ?
      
      
      
        AND RES.ACT_ID_ = ?
      
      
      
      
      
      
      
      
        AND RES.END_TIME_ IS NULL 
   
     ORDER BY  ORDER[*] BY RES.ID_ ASC  
    LIMIT ? OFFSET ? &quot;; expected &quot;=, NOT, EXISTS, INTERSECTS, SELECT, FROM&quot;; SQL statement:
select RES.* 
     
    from ACT_HI_ACTINST RES
     WHERE  RES.EXECUTION_ID_ = ?
      
      
      
        and RES.ACT_ID_ = ?
      
      
      
      
      
      
      
      
        and RES.END_TIME_ is null 
   
     order by  order by RES.ID_ asc  
    LIMIT ? OFFSET ? [42001-176]
	at org.apache.ibatis.exceptions.ExceptionFactory.wrapException(ExceptionFactory.java:30)
	at org.apache.ibatis.session.defaults.DefaultSqlSession.selectList(DefaultSqlSession.java:122)
	at org.apache.ibatis.session.defaults.DefaultSqlSession.selectList(DefaultSqlSession.java:113)
	at org.activiti.engine.impl.db.DbSqlSession.selectListWithRawParameter(DbSqlSession.java:438)
	at org.activiti.engine.impl.db.DbSqlSession.selectList(DbSqlSession.java:429)
	at org.activiti.engine.impl.db.DbSqlSession.selectList(DbSqlSession.java:419)
	at org.activiti.engine.impl.persistence.entity.HistoricActivityInstanceEntityManager.findHistoricActivityInstancesByQueryCriteria(HistoricActivityInstanceEntityManager.java:56)
	at org.activiti.engine.impl.HistoricActivityInstanceQueryImpl.executeList(HistoricActivityInstanceQueryImpl.java:70)
	at org.activiti.engine.impl.AbstractQuery.listPage(AbstractQuery.java:151)
	at org.activiti.engine.impl.history.DefaultHistoryManager.findActivityInstance(DefaultHistoryManager.java:355)
	at org.activiti.engine.impl.history.DefaultHistoryManager.recordActivityEnd(DefaultHistoryManager.java:281)
	at org.activiti.engine.impl.history.handler.ActivityInstanceEndHandler.notify(ActivityInstanceEndHandler.java:29)
	at org.activiti.engine.impl.pvm.runtime.AbstractEventAtomicOperation.execute(AbstractEventAtomicOperation.java:42)
	at org.activiti.engine.impl.interceptor.CommandContext.performOperation(CommandContext.java:97)
	at org.activiti.engine.impl.persistence.entity.ExecutionEntity.performOperationSync(ExecutionEntity.java:636)
	at org.activiti.engine.impl.persistence.entity.ExecutionEntity.performOperation(ExecutionEntity.java:629)
	at org.activiti.engine.impl.persistence.entity.ExecutionEntity.take(ExecutionEntity.java:453)
	at org.activiti.engine.impl.pvm.runtime.OutgoingExecution.take(OutgoingExecution.java:48)
	at org.activiti.engine.impl.persistence.entity.ExecutionEntity.takeAll(ExecutionEntity.java:589)
	at org.activiti.engine.impl.bpmn.behavior.ParallelGatewayActivityBehavior.execute(ParallelGatewayActivityBehavior.java:78)
	at org.activiti.engine.impl.pvm.runtime.AtomicOperationActivityExecute.execute(AtomicOperationActivityExecute.java:60)
	at org.activiti.engine.impl.interceptor.CommandContext.performOperation(CommandContext.java:97)
	at org.activiti.engine.impl.persistence.entity.ExecutionEntity.performOperationSync(ExecutionEntity.java:636)
	at org.activiti.engine.impl.persistence.entity.ExecutionEntity.performOperation(ExecutionEntity.java:629)
	at org.activiti.engine.impl.pvm.runtime.AtomicOperationTransitionNotifyListenerStart.eventNotificationsCompleted(AtomicOperationTransitionNotifyListenerStart.java:52)
	at org.activiti.engine.impl.pvm.runtime.AbstractEventAtomicOperation.execute(AbstractEventAtomicOperation.java:56)
	at org.activiti.engine.impl.interceptor.CommandContext.performOperation(CommandContext.java:97)
	at org.activiti.engine.impl.persistence.entity.ExecutionEntity.performOperationSync(ExecutionEntity.java:636)
	at org.activiti.engine.impl.persistence.entity.ExecutionEntity.performOperation(ExecutionEntity.java:629)
	at org.activiti.engine.impl.pvm.runtime.AbstractEventAtomicOperation.execute(AbstractEventAtomicOperation.java:49)
	at org.activiti.engine.impl.interceptor.CommandContext.performOperation(CommandContext.java:97)
	at org.activiti.engine.impl.persistence.entity.ExecutionEntity.performOperationSync(ExecutionEntity.java:636)
	at org.activiti.engine.impl.persistence.entity.ExecutionEntity.performOperation(ExecutionEntity.java:629)
	at org.activiti.engine.impl.pvm.runtime.AtomicOperationTransitionCreateScope.execute(AtomicOperationTransitionCreateScope.java:49)
	at org.activiti.engine.impl.interceptor.CommandContext.performOperation(CommandContext.java:97)
	at org.activiti.engine.impl.persistence.entity.ExecutionEntity.performOperationSync(ExecutionEntity.java:636)
	at org.activiti.engine.impl.persistence.entity.ExecutionEntity.performOperation(ExecutionEntity.java:629)
	at org.activiti.engine.impl.pvm.runtime.AtomicOperationTransitionNotifyListenerTake.execute(AtomicOperationTransitionNotifyListenerTake.java:80)
	at org.activiti.engine.impl.interceptor.CommandContext.performOperation(CommandContext.java:97)
	at org.activiti.engine.impl.persistence.entity.ExecutionEntity.performOperationSync(ExecutionEntity.java:636)
	at org.activiti.engine.impl.persistence.entity.ExecutionEntity.performOperation(ExecutionEntity.java:629)
	at org.activiti.engine.impl.pvm.runtime.AtomicOperationTransitionDestroyScope.execute(AtomicOperationTransitionDestroyScope.java:116)
	at org.activiti.engine.impl.interceptor.CommandContext.performOperation(CommandContext.java:97)
	at org.activiti.engine.impl.persistence.entity.ExecutionEntity.performOperationSync(ExecutionEntity.java:636)
	at org.activiti.engine.impl.persistence.entity.ExecutionEntity.performOperation(ExecutionEntity.java:629)
	at org.activiti.engine.impl.pvm.runtime.AtomicOperationTransitionNotifyListenerEnd.eventNotificationsCompleted(AtomicOperationTransitionNotifyListenerEnd.java:35)
	at org.activiti.engine.impl.pvm.runtime.AbstractEventAtomicOperation.execute(AbstractEventAtomicOperation.java:56)
	at org.activiti.engine.impl.interceptor.CommandContext.performOperation(CommandContext.java:97)
	at org.activiti.engine.impl.persistence.entity.ExecutionEntity.performOperationSync(ExecutionEntity.java:636)
	at org.activiti.engine.impl.persistence.entity.ExecutionEntity.performOperation(ExecutionEntity.java:629)
	at org.activiti.engine.impl.pvm.runtime.AbstractEventAtomicOperation.execute(AbstractEventAtomicOperation.java:49)
	at org.activiti.engine.impl.interceptor.CommandContext.performOperation(CommandContext.java:97)
	at org.activiti.engine.impl.persistence.entity.ExecutionEntity.performOperationSync(ExecutionEntity.java:636)
	at org.activiti.engine.impl.persistence.entity.ExecutionEntity.performOperation(ExecutionEntity.java:629)
	at org.activiti.engine.impl.persistence.entity.ExecutionEntity.take(ExecutionEntity.java:453)
	at org.activiti.engine.impl.persistence.entity.ExecutionEntity.take(ExecutionEntity.java:431)
	at org.activiti.engine.impl.bpmn.behavior.BpmnActivityBehavior.performOutgoingBehavior(BpmnActivityBehavior.java:140)
	at org.activiti.engine.impl.bpmn.behavior.BpmnActivityBehavior.performDefaultOutgoingBehavior(BpmnActivityBehavior.java:66)
	at org.activiti.engine.impl.bpmn.behavior.FlowNodeActivityBehavior.leave(FlowNodeActivityBehavior.java:44)
	at org.activiti.engine.impl.bpmn.behavior.FlowNodeActivityBehavior.execute(FlowNodeActivityBehavior.java:36)
	at org.activiti.engine.impl.pvm.runtime.AtomicOperationActivityExecute.execute(AtomicOperationActivityExecute.java:60)
	at org.activiti.engine.impl.interceptor.CommandContext.performOperation(CommandContext.java:97)
	at org.activiti.engine.impl.persistence.entity.ExecutionEntity.performOperationSync(ExecutionEntity.java:636)
	at org.activiti.engine.impl.persistence.entity.ExecutionEntity.performOperation(ExecutionEntity.java:629)
	at org.activiti.engine.impl.pvm.runtime.AtomicOperationProcessStartInitial.eventNotificationsCompleted(AtomicOperationProcessStartInitial.java:45)
	at org.activiti.engine.impl.pvm.runtime.AbstractEventAtomicOperation.execute(AbstractEventAtomicOperation.java:56)
	at org.activiti.engine.impl.interceptor.CommandContext.performOperation(CommandContext.java:97)
	at org.activiti.engine.impl.persistence.entity.ExecutionEntity.performOperationSync(ExecutionEntity.java:636)
	at org.activiti.engine.impl.persistence.entity.ExecutionEntity.performOperation(ExecutionEntity.java:629)
	at org.activiti.engine.impl.pvm.runtime.AtomicOperationProcessStart.eventNotificationsCompleted(AtomicOperationProcessStart.java:64)
	at org.activiti.engine.impl.pvm.runtime.AbstractEventAtomicOperation.execute(AbstractEventAtomicOperation.java:56)
	at org.activiti.engine.impl.interceptor.CommandContext.performOperation(CommandContext.java:97)
	at org.activiti.engine.impl.persistence.entity.ExecutionEntity.performOperationSync(ExecutionEntity.java:636)
	at org.activiti.engine.impl.persistence.entity.ExecutionEntity.performOperation(ExecutionEntity.java:629)
	at org.activiti.engine.impl.persistence.entity.ExecutionEntity.start(ExecutionEntity.java:381)
	at org.activiti.engine.impl.cmd.StartProcessInstanceCmd.execute(StartProcessInstanceCmd.java:110)
	at org.activiti.engine.impl.cmd.StartProcessInstanceCmd.execute(StartProcessInstanceCmd.java:37)
	at org.activiti.engine.impl.interceptor.CommandInvoker.execute(CommandInvoker.java:24)
	at org.activiti.engine.impl.interceptor.CommandContextInterceptor.execute(CommandContextInterceptor.java:57)
	at org.activiti.engine.impl.interceptor.LogInterceptor.execute(LogInterceptor.java:37)
	at org.activiti.engine.impl.cfg.CommandExecutorImpl.execute(CommandExecutorImpl.java:40)
	at org.activiti.engine.impl.cfg.CommandExecutorImpl.execute(CommandExecutorImpl.java:35)
	at org.activiti.engine.impl.RuntimeServiceImpl.startProcessInstanceByKey(RuntimeServiceImpl.java:69)
	at org.activiti.engine.test.bpmn.event.message.MessageIntermediateEventTest.testConcurrentIntermediateMessageEvent(MessageIntermediateEventTest.java:61)
	at sun.reflect.NativeMethodAccessorImpl.invoke0(Native Method)
	at sun.reflect.NativeMethodAccessorImpl.invoke(NativeMethodAccessorImpl.java:62)
	at sun.reflect.DelegatingMethodAccessorImpl.invoke(DelegatingMethodAccessorImpl.java:43)
	at java.lang.reflect.Method.invoke(Method.java:498)
	at junit.framework.TestCase.runTest(TestCase.java:176)
	at org.activiti.engine.impl.test.PvmTestCase.runTest(PvmTestCase.java:65)
	at junit.framework.TestCase.runBare(TestCase.java:141)
	at org.activiti.engine.impl.test.AbstractActivitiTestCase.runBare(AbstractActivitiTestCase.java:100)
	at junit.framework.TestResult$1.protect(TestResult.java:122)
	at junit.framework.TestResult.runProtected(TestResult.java:142)
	at junit.framework.TestResult.run(TestResult.java:125)
	at junit.framework.TestCase.run(TestCase.java:129)
	at junit.framework.TestSuite.runTest(TestSuite.java:255)
	at junit.framework.TestSuite.run(TestSuite.java:250)
	at org.junit.internal.runners.JUnit38ClassRunner.run(JUnit38ClassRunner.java:84)
	at org.apache.maven.surefire.junit4.JUnit4TestSet.execute(JUnit4TestSet.java:35)
	at org.apache.maven.surefire.junit4.JUnit4Provider.executeTestSet(JUnit4Provider.java:146)
	at org.apache.maven.surefire.junit4.JUnit4Provider.invoke(JUnit4Provider.java:97)
	at sun.reflect.NativeMethodAccessorImpl.invoke0(Native Method)
	at sun.reflect.NativeMethodAccessorImpl.invoke(NativeMethodAccessorImpl.java:62)
	at sun.reflect.DelegatingMethodAccessorImpl.invoke(DelegatingMethodAccessorImpl.java:43)
	at java.lang.reflect.Method.invoke(Method.java:498)
	at org.apache.maven.surefire.booter.ProviderFactory$ClassLoaderProxy.invoke(ProviderFactory.java:103)
	at com.sun.proxy.$Proxy0.invoke(Unknown Source)
	at org.apache.maven.surefire.booter.SurefireStarter.invokeProvider(SurefireStarter.java:145)
	at org.apache.maven.surefire.booter.SurefireStarter.runSuitesInProcess(SurefireStarter.java:87)
	at org.apache.maven.surefire.booter.ForkedBooter.main(ForkedBooter.java:69)
Caused by: org.h2.jdbc.JdbcSQLException: Syntax error in SQL statement &quot;SELECT RES.* 
     
    FROM ACT_HI_ACTINST RES
     WHERE  RES.EXECUTION_ID_ = ?
      
      
      
        AND RES.ACT_ID_ = ?
      
      
      
      
      
      
      
      
        AND RES.END_TIME_ IS NULL 
   
     ORDER BY  ORDER[*] BY RES.ID_ ASC  
    LIMIT ? OFFSET ? &quot;; expected &quot;=, NOT, EXISTS, INTERSECTS, SELECT, FROM&quot;; SQL statement:
select RES.* 
     
    from ACT_HI_ACTINST RES
     WHERE  RES.EXECUTION_ID_ = ?
      
      
      
        and RES.ACT_ID_ = ?
      
      
      
      
      
      
      
      
        and RES.END_TIME_ is null 
   
     order by  order by RES.ID_ asc  
    LIMIT ? OFFSET ? [42001-176]
	at org.h2.message.DbException.getJdbcSQLException(DbException.java:344)
	at org.h2.message.DbException.getSyntaxError(DbException.java:204)
	at org.h2.command.Parser.getSyntaxError(Parser.java:524)
	at org.h2.command.Parser.readTerm(Parser.java:2688)
	at org.h2.command.Parser.readFactor(Parser.java:2244)
	at org.h2.command.Parser.readSum(Parser.java:2231)
	at org.h2.command.Parser.readConcat(Parser.java:2201)
	at org.h2.command.Parser.readCondition(Parser.java:2051)
	at org.h2.command.Parser.readAnd(Parser.java:2023)
	at org.h2.command.Parser.readExpression(Parser.java:2015)
	at org.h2.command.Parser.parseEndOfQuery(Parser.java:1726)
	at org.h2.command.Parser.parseSelectUnionExtension(Parser.java:1706)
	at org.h2.command.Parser.parseSelectUnion(Parser.java:1675)
	at org.h2.command.Parser.parseSelect(Parser.java:1662)
	at org.h2.command.Parser.parsePrepared(Parser.java:434)
	at org.h2.command.Parser.parse(Parser.java:306)
	at org.h2.command.Parser.parse(Parser.java:282)
	at org.h2.command.Parser.prepareCommand(Parser.java:243)
	at org.h2.engine.Session.prepareLocal(Session.java:442)
	at org.h2.engine.Session.prepareCommand(Session.java:384)
	at org.h2.jdbc.JdbcConnection.prepareCommand(JdbcConnection.java:1188)
	at org.h2.jdbc.JdbcPreparedStatement.&lt;init&gt;(JdbcPreparedStatement.java:73)
	at org.h2.jdbc.JdbcConnection.prepareStatement(JdbcConnection.java:276)
	at sun.reflect.GeneratedMethodAccessor6.invoke(Unknown Source)
	at sun.reflect.DelegatingMethodAccessorImpl.invoke(DelegatingMethodAccessorImpl.java:43)
	at java.lang.reflect.Method.invoke(Method.java:498)
	at org.apache.ibatis.datasource.pooled.PooledConnection.invoke(PooledConnection.java:245)
	at com.sun.proxy.$Proxy12.prepareStatement(Unknown Source)
	at sun.reflect.GeneratedMethodAccessor6.invoke(Unknown Source)
	at sun.reflect.DelegatingMethodAccessorImpl.invoke(DelegatingMethodAccessorImpl.java:43)
	at java.lang.reflect.Method.invoke(Method.java:498)
	at org.apache.ibatis.logging.jdbc.ConnectionLogger.invoke(ConnectionLogger.java:55)
	at com.sun.proxy.$Proxy12.prepareStatement(Unknown Source)
	at org.apache.ibatis.executor.statement.PreparedStatementHandler.instantiateStatement(PreparedStatementHandler.java:79)
	at org.apache.ibatis.executor.statement.BaseStatementHandler.prepare(BaseStatementHandler.java:88)
	at org.apache.ibatis.executor.statement.RoutingStatementHandler.prepare(RoutingStatementHandler.java:58)
	at org.apache.ibatis.executor.SimpleExecutor.prepareStatement(SimpleExecutor.java:76)
	at org.apache.ibatis.executor.SimpleExecutor.doQuery(SimpleExecutor.java:61)
	at org.apache.ibatis.executor.BaseExecutor.queryFromDatabase(BaseExecutor.java:303)
	at org.apache.ibatis.executor.BaseExecutor.query(BaseExecutor.java:154)
	at org.apache.ibatis.executor.CachingExecutor.query(CachingExecutor.java:102)
	at org.apache.ibatis.executor.CachingExecutor.query(CachingExecutor.java:82)
	at org.apache.ibatis.session.defaults.DefaultSqlSession.selectList(DefaultSqlSession.java:120)
	... 109 more
10:45:56,632 [main] DEBUG org.activiti.engine.impl.test.TestHelper  - annotation @Deployment deletes deployment for MessageIntermediateEventTest.testConcurrentIntermediateMessageEvent
10:45:56,632 [main] DEBUG org.activiti.engine.impl.interceptor.LogInterceptor  - 

10:45:56,632 [main] DEBUG org.activiti.engine.impl.interceptor.LogInterceptor  - --- starting DeleteDeploymentCmd --------------------------------------------------------
10:45:56,632 [main] DEBUG org.apache.ibatis.transaction.jdbc.JdbcTransaction  - Opening JDBC Connection
10:45:56,632 [main] DEBUG org.apache.ibatis.datasource.pooled.PooledDataSource  - Checked out connection 297240765 from pool.
10:45:56,632 [main] DEBUG org.apache.ibatis.transaction.jdbc.JdbcTransaction  - Setting autocommit to false on JDBC Connection [conn4: url=jdbc:h2:mem:activiti user=SA]
10:45:56,632 [main] DEBUG org.activiti.engine.impl.persistence.entity.DeploymentEntity.selectDeploymentById  - ==&gt;  Preparing: select * from ACT_RE_DEPLOYMENT where ID_ = ? 
10:45:56,632 [main] DEBUG org.activiti.engine.impl.persistence.entity.DeploymentEntity.selectDeploymentById  - ==&gt; Parameters: 1569(String)
10:45:56,632 [main] DEBUG org.activiti.engine.impl.persistence.entity.DeploymentEntity.selectDeploymentById  - &lt;==      Total: 1
10:45:56,633 [main] DEBUG org.activiti.engine.impl.persistence.entity.ProcessDefinitionEntity.selectProcessDefinitionsByQueryCriteria  - ==&gt;  Preparing: select RES.* from ACT_RE_PROCDEF RES WHERE RES.DEPLOYMENT_ID_ = ? order by order by RES.ID_ asc LIMIT ? OFFSET ? 
10:45:56,633 [main] DEBUG org.activiti.engine.impl.interceptor.CommandContext  - Error while closing command context
org.apache.ibatis.exceptions.PersistenceException: 
### Error querying database.  Cause: org.h2.jdbc.JdbcSQLException: Syntax error in SQL statement &quot;SELECT RES.* 
       
    FROM ACT_RE_PROCDEF RES
     
     WHERE  RES.DEPLOYMENT_ID_ = ? 
   
     ORDER BY  ORDER[*] BY RES.ID_ ASC  
    LIMIT ? OFFSET ? &quot;; expected &quot;=, NOT, EXISTS, INTERSECTS, SELECT, FROM&quot;; SQL statement:
select RES.* 
       
    from ACT_RE_PROCDEF RES
     
     WHERE  RES.DEPLOYMENT_ID_ = ? 
   
     order by  order by RES.ID_ asc  
    LIMIT ? OFFSET ? [42001-176]
### The error may exist in org/activiti/db/mapping/entity/ProcessDefinition.xml
### The error may involve org.activiti.engine.impl.persistence.entity.ProcessDefinitionEntity.selectProcessDefinitionsByQueryCriteria
### The error occurred while executing a query
### SQL: select RES.*              from ACT_RE_PROCDEF RES            WHERE  RES.DEPLOYMENT_ID_ = ?           order by  order by RES.ID_ asc       LIMIT ? OFFSET ?
### Cause: org.h2.jdbc.JdbcSQLException: Syntax error in SQL statement &quot;SELECT RES.* 
       
    FROM ACT_RE_PROCDEF RES
     
     WHERE  RES.DEPLOYMENT_ID_ = ? 
   
     ORDER BY  ORDER[*] BY RES.ID_ ASC  
    LIMIT ? OFFSET ? &quot;; expected &quot;=, NOT, EXISTS, INTERSECTS, SELECT, FROM&quot;; SQL statement:
select RES.* 
       
    from ACT_RE_PROCDEF RES
     
     WHERE  RES.DEPLOYMENT_ID_ = ? 
   
     order by  order by RES.ID_ asc  
    LIMIT ? OFFSET ? [42001-176]
	at org.apache.ibatis.exceptions.ExceptionFactory.wrapException(ExceptionFactory.java:30)
	at org.apache.ibatis.session.defaults.DefaultSqlSession.selectList(DefaultSqlSession.java:122)
	at org.apache.ibatis.session.defaults.DefaultSqlSession.selectList(DefaultSqlSession.java:113)
	at org.activiti.engine.impl.db.DbSqlSession.selectListWithRawParameter(DbSqlSession.java:438)
	at org.activiti.engine.impl.db.DbSqlSession.selectList(DbSqlSession.java:429)
	at org.activiti.engine.impl.db.DbSqlSession.selectList(DbSqlSession.java:419)
	at org.activiti.engine.impl.persistence.entity.ProcessDefinitionEntityManager.findProcessDefinitionsByQueryCriteria(ProcessDefinitionEntityManager.java:57)
	at org.activiti.engine.impl.ProcessDefinitionQueryImpl.executeList(ProcessDefinitionQueryImpl.java:307)
	at org.activiti.engine.impl.AbstractQuery.list(AbstractQuery.java:140)
	at org.activiti.engine.impl.persistence.deploy.DeploymentManager.removeDeployment(DeploymentManager.java:187)
	at org.activiti.engine.impl.cmd.DeleteDeploymentCmd.execute(DeleteDeploymentCmd.java:44)
	at org.activiti.engine.impl.cmd.DeleteDeploymentCmd.execute(DeleteDeploymentCmd.java:24)
	at org.activiti.engine.impl.interceptor.CommandInvoker.execute(CommandInvoker.java:24)
	at org.activiti.engine.impl.interceptor.CommandContextInterceptor.execute(CommandContextInterceptor.java:57)
	at org.activiti.engine.impl.interceptor.LogInterceptor.execute(LogInterceptor.java:37)
	at org.activiti.engine.impl.cfg.CommandExecutorImpl.execute(CommandExecutorImpl.java:40)
	at org.activiti.engine.impl.cfg.CommandExecutorImpl.execute(CommandExecutorImpl.java:35)
	at org.activiti.engine.impl.RepositoryServiceImpl.deleteDeployment(RepositoryServiceImpl.java:90)
	at org.activiti.engine.impl.test.TestHelper.annotationDeploymentTearDown(TestHelper.java:116)
	at org.activiti.engine.impl.test.AbstractActivitiTestCase.runBare(AbstractActivitiTestCase.java:116)
	at junit.framework.TestResult$1.protect(TestResult.java:122)
	at junit.framework.TestResult.runProtected(TestResult.java:142)
	at junit.framework.TestResult.run(TestResult.java:125)
	at junit.framework.TestCase.run(TestCase.java:129)
	at junit.framework.TestSuite.runTest(TestSuite.java:255)
	at junit.framework.TestSuite.run(TestSuite.java:250)
	at org.junit.internal.runners.JUnit38ClassRunner.run(JUnit38ClassRunner.java:84)
	at org.apache.maven.surefire.junit4.JUnit4TestSet.execute(JUnit4TestSet.java:35)
	at org.apache.maven.surefire.junit4.JUnit4Provider.executeTestSet(JUnit4Provider.java:146)
	at org.apache.maven.surefire.junit4.JUnit4Provider.invoke(JUnit4Provider.java:97)
	at sun.reflect.NativeMethodAccessorImpl.invoke0(Native Method)
	at sun.reflect.NativeMethodAccessorImpl.invoke(NativeMethodAccessorImpl.java:62)
	at sun.reflect.DelegatingMethodAccessorImpl.invoke(DelegatingMethodAccessorImpl.java:43)
	at java.lang.reflect.Method.invoke(Method.java:498)
	at org.apache.maven.surefire.booter.ProviderFactory$ClassLoaderProxy.invoke(ProviderFactory.java:103)
	at com.sun.proxy.$Proxy0.invoke(Unknown Source)
	at org.apache.maven.surefire.booter.SurefireStarter.invokeProvider(SurefireStarter.java:145)
	at org.apache.maven.surefire.booter.SurefireStarter.runSuitesInProcess(SurefireStarter.java:87)
	at org.apache.maven.surefire.booter.ForkedBooter.main(ForkedBooter.java:69)
Caused by: org.h2.jdbc.JdbcSQLException: Syntax error in SQL statement &quot;SELECT RES.* 
       
    FROM ACT_RE_PROCDEF RES
     
     WHERE  RES.DEPLOYMENT_ID_ = ? 
   
     ORDER BY  ORDER[*] BY RES.ID_ ASC  
    LIMIT ? OFFSET ? &quot;; expected &quot;=, NOT, EXISTS, INTERSECTS, SELECT, FROM&quot;; SQL statement:
select RES.* 
       
    from ACT_RE_PROCDEF RES
     
     WHERE  RES.DEPLOYMENT_ID_ = ? 
   
     order by  order by RES.ID_ asc  
    LIMIT ? OFFSET ? [42001-176]
	at org.h2.message.DbException.getJdbcSQLException(DbException.java:344)
	at org.h2.message.DbException.getSyntaxError(DbException.java:204)
	at org.h2.command.Parser.getSyntaxError(Parser.java:524)
	at org.h2.command.Parser.readTerm(Parser.java:2688)
	at org.h2.command.Parser.readFactor(Parser.java:2244)
	at org.h2.command.Parser.readSum(Parser.java:2231)
	at org.h2.command.Parser.readConcat(Parser.java:2201)
	at org.h2.command.Parser.readCondition(Parser.java:2051)
	at org.h2.command.Parser.readAnd(Parser.java:2023)
	at org.h2.command.Parser.readExpression(Parser.java:2015)
	at org.h2.command.Parser.parseEndOfQuery(Parser.java:1726)
	at org.h2.command.Parser.parseSelectUnionExtension(Parser.java:1706)
	at org.h2.command.Parser.parseSelectUnion(Parser.java:1675)
	at org.h2.command.Parser.parseSelect(Parser.java:1662)
	at org.h2.command.Parser.parsePrepared(Parser.java:434)
	at org.h2.command.Parser.parse(Parser.java:306)
	at org.h2.command.Parser.parse(Parser.java:282)
	at org.h2.command.Parser.prepareCommand(Parser.java:243)
	at org.h2.engine.Session.prepareLocal(Session.java:442)
	at org.h2.engine.Session.prepareCommand(Session.java:384)
	at org.h2.jdbc.JdbcConnection.prepareCommand(JdbcConnection.java:1188)
	at org.h2.jdbc.JdbcPreparedStatement.&lt;init&gt;(JdbcPreparedStatement.java:73)
	at org.h2.jdbc.JdbcConnection.prepareStatement(JdbcConnection.java:276)
	at sun.reflect.GeneratedMethodAccessor6.invoke(Unknown Source)
	at sun.reflect.DelegatingMethodAccessorImpl.invoke(DelegatingMethodAccessorImpl.java:43)
	at java.lang.reflect.Method.invoke(Method.java:498)
	at org.apache.ibatis.datasource.pooled.PooledConnection.invoke(PooledConnection.java:245)
	at com.sun.proxy.$Proxy12.prepareStatement(Unknown Source)
	at sun.reflect.GeneratedMethodAccessor6.invoke(Unknown Source)
	at sun.reflect.DelegatingMethodAccessorImpl.invoke(DelegatingMethodAccessorImpl.java:43)
	at java.lang.reflect.Method.invoke(Method.java:498)
	at org.apache.ibatis.logging.jdbc.ConnectionLogger.invoke(ConnectionLogger.java:55)
	at com.sun.proxy.$Proxy12.prepareStatement(Unknown Source)
	at org.apache.ibatis.executor.statement.PreparedStatementHandler.instantiateStatement(PreparedStatementHandler.java:79)
	at org.apache.ibatis.executor.statement.BaseStatementHandler.prepare(BaseStatementHandler.java:88)
	at org.apache.ibatis.executor.statement.RoutingStatementHandler.prepare(RoutingStatementHandler.java:58)
	at org.apache.ibatis.executor.SimpleExecutor.prepareStatement(SimpleExecutor.java:76)
	at org.apache.ibatis.executor.SimpleExecutor.doQuery(SimpleExecutor.java:61)
	at org.apache.ibatis.executor.BaseExecutor.queryFromDatabase(BaseExecutor.java:303)
	at org.apache.ibatis.executor.BaseExecutor.query(BaseExecutor.java:154)
	at org.apache.ibatis.executor.CachingExecutor.query(CachingExecutor.java:102)
	at org.apache.ibatis.executor.CachingExecutor.query(CachingExecutor.java:82)
	at org.apache.ibatis.session.defaults.DefaultSqlSession.selectList(DefaultSqlSession.java:120)
	... 37 more
10:45:56,633 [main] DEBUG org.activiti.engine.impl.cfg.standalone.StandaloneMybatisTransactionContext  - firing event rolling back...
10:45:56,633 [main] DEBUG org.activiti.engine.impl.cfg.standalone.StandaloneMybatisTransactionContext  - rolling back ibatis sql session...
10:45:56,633 [main] DEBUG org.activiti.engine.impl.cfg.standalone.StandaloneMybatisTransactionContext  - firing event rolled back...
10:45:56,633 [main] DEBUG org.apache.ibatis.transaction.jdbc.JdbcTransaction  - Resetting autocommit to true on JDBC Connection [conn4: url=jdbc:h2:mem:activiti user=SA]
10:45:56,633 [main] DEBUG org.apache.ibatis.transaction.jdbc.JdbcTransaction  - Closing JDBC Connection [conn4: url=jdbc:h2:mem:activiti user=SA]
10:45:56,633 [main] DEBUG org.apache.ibatis.datasource.pooled.PooledDataSource  - Returned connection 297240765 to pool.
10:45:56,633 [main] DEBUG org.activiti.engine.impl.interceptor.LogInterceptor  - --- DeleteDeploymentCmd finished --------------------------------------------------------
10:45:56,633 [main] DEBUG org.activiti.engine.impl.interceptor.LogInterceptor  - 

</system-out>
  </testcase>
</testsuite>