<?xml version="1.0" encoding="UTF-8" ?>
<testsuite tests="15" failures="0" name="org.activiti.engine.test.bpmn.subprocess.SubProcessTest" time="0.385" errors="15" skipped="0">
  <properties>
    <property name="idea.version" value="2022.3.1"/>
    <property name="java.runtime.name" value="Java(TM) SE Runtime Environment"/>
    <property name="sun.boot.library.path" value="C:\Program Files\Java\jdk1.8.0_351\jre\bin"/>
    <property name="java.vm.version" value="25.351-b10"/>
    <property name="java.vm.vendor" value="Oracle Corporation"/>
    <property name="java.vendor.url" value="http://java.oracle.com/"/>
    <property name="path.separator" value=";"/>
    <property name="java.vm.name" value="Java HotSpot(TM) 64-Bit Server VM"/>
    <property name="file.encoding.pkg" value="sun.io"/>
    <property name="user.script" value=""/>
    <property name="user.country" value="CN"/>
    <property name="sun.java.launcher" value="SUN_STANDARD"/>
    <property name="sun.os.patch.level" value=""/>
    <property name="java.vm.specification.name" value="Java Virtual Machine Specification"/>
    <property name="user.dir" value="D:\xinchuang\activiti-engine-5.19.0.2"/>
    <property name="java.runtime.version" value="1.8.0_351-b10"/>
    <property name="java.awt.graphicsenv" value="sun.awt.Win32GraphicsEnvironment"/>
    <property name="basedir" value="D:\xinchuang\activiti-engine-5.19.0.2"/>
    <property name="java.endorsed.dirs" value="C:\Program Files\Java\jdk1.8.0_351\jre\lib\endorsed"/>
    <property name="os.arch" value="amd64"/>
    <property name="surefire.real.class.path" value="D:\xinchuang\activiti-engine-5.19.0.2\target\surefire\surefirebooter2972839343429811619.jar"/>
    <property name="java.io.tmpdir" value="C:\Users\ryan\AppData\Local\Temp\"/>
    <property name="line.separator" value="
"/>
    <property name="java.vm.specification.vendor" value="Oracle Corporation"/>
    <property name="user.variant" value=""/>
    <property name="os.name" value="Windows 11"/>
    <property name="sun.jnu.encoding" value="GBK"/>
    <property name="java.library.path" value="C:\Program Files\Java\jdk1.8.0_351\jre\bin;C:\WINDOWS\Sun\Java\bin;C:\WINDOWS\system32;C:\WINDOWS;C:\Program Files (x86)\Common Files\Oracle\Java\javapath;D:\Program Files (x86)\VMware\VMware Workstation\bin\;C:\ProgramData\Oracle\Java\javapath;C:\WINDOWS\system32;C:\WINDOWS;C:\WINDOWS\System32\Wbem;C:\WINDOWS\System32\WindowsPowerShell\v1.0\;C:\WINDOWS\System32\OpenSSH\;d:\Program Files\Git\cmd;D:\Program Files\apache-maven-3.6.1\bin;C:\Program Files\Java\jdk1.8.0_351\bin;D:\Program Files\nodejs\;C:\Program Files\Bandizip\;D:\Program Files (x86)\NetSarang\Xshell 7\;D:\Program Files (x86)\NetSarang\Xftp 7\;D:\Program Files\cmder;;C:\Program Files (x86)\Tencent\微信web开发者工具\dll;C:\Users\ryan\.app\;C:\Users\ryan\AppData\Local\Programs\Python\Python38\Scripts\;C:\Users\ryan\AppData\Local\Programs\Python\Python38\;C:\Users\ryan\AppData\Local\Microsoft\WindowsApps;D:\Program Files\Microsoft VS Code\bin;C:\Users\ryan\AppData\Roaming\npm;d:\Program Files\JetBrains\IntelliJ IDEA 2020.3\bin;;d:\Program Files\JetBrains\DataGrip 2021.1.3\bin;;;."/>
    <property name="surefire.test.class.path" value="D:\xinchuang\activiti-engine-5.19.0.2\target\test-classes;D:\xinchuang\activiti-engine-5.19.0.2\target\classes;D:\Program Files\apache-maven-3.6.1\shanxi\org\activiti\activiti-bpmn-converter\5.19.0.2\activiti-bpmn-converter-5.19.0.2.jar;D:\Program Files\apache-maven-3.6.1\shanxi\org\activiti\activiti-bpmn-model\5.19.0.2\activiti-bpmn-model-5.19.0.2.jar;D:\Program Files\apache-maven-3.6.1\shanxi\com\fasterxml\jackson\core\jackson-core\2.2.3\jackson-core-2.2.3.jar;D:\Program Files\apache-maven-3.6.1\shanxi\com\fasterxml\jackson\core\jackson-databind\2.2.3\jackson-databind-2.2.3.jar;D:\Program Files\apache-maven-3.6.1\shanxi\com\fasterxml\jackson\core\jackson-annotations\2.2.3\jackson-annotations-2.2.3.jar;D:\Program Files\apache-maven-3.6.1\shanxi\org\activiti\activiti-process-validation\5.19.0.2\activiti-process-validation-5.19.0.2.jar;D:\Program Files\apache-maven-3.6.1\shanxi\org\activiti\activiti-image-generator\5.19.0.2\activiti-image-generator-5.19.0.2.jar;D:\Program Files\apache-maven-3.6.1\shanxi\org\apache\commons\commons-email\1.4\commons-email-1.4.jar;D:\Program Files\apache-maven-3.6.1\shanxi\com\sun\mail\javax.mail\1.5.2\javax.mail-1.5.2.jar;D:\Program Files\apache-maven-3.6.1\shanxi\javax\activation\activation\1.1.1\activation-1.1.1.jar;D:\Program Files\apache-maven-3.6.1\shanxi\org\apache\commons\commons-lang3\3.3.2\commons-lang3-3.3.2.jar;D:\Program Files\apache-maven-3.6.1\shanxi\org\mybatis\mybatis\3.3.0\mybatis-3.3.0.jar;D:\Program Files\apache-maven-3.6.1\shanxi\org\springframework\spring-beans\4.1.5.RELEASE\spring-beans-4.1.5.RELEASE.jar;D:\Program Files\apache-maven-3.6.1\shanxi\org\springframework\spring-core\4.1.5.RELEASE\spring-core-4.1.5.RELEASE.jar;D:\Program Files\apache-maven-3.6.1\shanxi\junit\junit\4.11\junit-4.11.jar;D:\Program Files\apache-maven-3.6.1\shanxi\org\hamcrest\hamcrest-core\1.3\hamcrest-core-1.3.jar;D:\Program Files\apache-maven-3.6.1\shanxi\org\codehaus\groovy\groovy-all\2.4.3\groovy-all-2.4.3.jar;D:\Program Files\apache-maven-3.6.1\shanxi\org\drools\drools-core\5.5.0.Final\drools-core-5.5.0.Final.jar;D:\Program Files\apache-maven-3.6.1\shanxi\org\mvel\mvel2\2.1.3.Final\mvel2-2.1.3.Final.jar;D:\Program Files\apache-maven-3.6.1\shanxi\org\drools\knowledge-api\5.5.0.Final\knowledge-api-5.5.0.Final.jar;D:\Program Files\apache-maven-3.6.1\shanxi\org\drools\knowledge-internal-api\5.5.0.Final\knowledge-internal-api-5.5.0.Final.jar;D:\Program Files\apache-maven-3.6.1\shanxi\org\drools\drools-compiler\5.5.0.Final\drools-compiler-5.5.0.Final.jar;D:\Program Files\apache-maven-3.6.1\shanxi\org\antlr\antlr-runtime\3.3\antlr-runtime-3.3.jar;D:\Program Files\apache-maven-3.6.1\shanxi\org\antlr\antlr\3.3\antlr-3.3.jar;D:\Program Files\apache-maven-3.6.1\shanxi\org\antlr\stringtemplate\3.2.1\stringtemplate-3.2.1.jar;D:\Program Files\apache-maven-3.6.1\shanxi\antlr\antlr\2.7.7\antlr-2.7.7.jar;D:\Program Files\apache-maven-3.6.1\shanxi\org\eclipse\jdt\core\compiler\ecj\3.5.1\ecj-3.5.1.jar;D:\Program Files\apache-maven-3.6.1\shanxi\com\thoughtworks\xstream\xstream\1.4.1\xstream-1.4.1.jar;D:\Program Files\apache-maven-3.6.1\shanxi\xmlpull\xmlpull\1.1.3.1\xmlpull-1.1.3.1.jar;D:\Program Files\apache-maven-3.6.1\shanxi\xpp3\xpp3_min\1.1.4c\xpp3_min-1.1.4c.jar;D:\Program Files\apache-maven-3.6.1\shanxi\javax\persistence\persistence-api\1.0\persistence-api-1.0.jar;D:\Program Files\apache-maven-3.6.1\shanxi\org\apache\geronimo\specs\geronimo-jta_1.1_spec\1.1.1\geronimo-jta_1.1_spec-1.1.1.jar;D:\Program Files\apache-maven-3.6.1\shanxi\javax\enterprise\concurrent\javax.enterprise.concurrent-api\1.0\javax.enterprise.concurrent-api-1.0.jar;D:\Program Files\apache-maven-3.6.1\shanxi\com\h2database\h2\1.3.176\h2-1.3.176.jar;D:\Program Files\apache-maven-3.6.1\shanxi\org\mockito\mockito-core\1.8.2\mockito-core-1.8.2.jar;D:\Program Files\apache-maven-3.6.1\shanxi\org\objenesis\objenesis\1.0\objenesis-1.0.jar;D:\Program Files\apache-maven-3.6.1\shanxi\org\apache\openjpa\openjpa\1.2.2\openjpa-1.2.2.jar;D:\Program Files\apache-maven-3.6.1\shanxi\net\sourceforge\serp\serp\1.13.1\serp-1.13.1.jar;D:\Program Files\apache-maven-3.6.1\shanxi\commons-lang\commons-lang\2.1\commons-lang-2.1.jar;D:\Program Files\apache-maven-3.6.1\shanxi\commons-collections\commons-collections\3.2\commons-collections-3.2.jar;D:\Program Files\apache-maven-3.6.1\shanxi\commons-pool\commons-pool\1.3\commons-pool-1.3.jar;D:\Program Files\apache-maven-3.6.1\shanxi\org\apache\geronimo\specs\geronimo-jms_1.1_spec\1.0.1\geronimo-jms_1.1_spec-1.0.1.jar;D:\Program Files\apache-maven-3.6.1\shanxi\org\apache\geronimo\specs\geronimo-jpa_3.0_spec\1.0\geronimo-jpa_3.0_spec-1.0.jar;D:\Program Files\apache-maven-3.6.1\shanxi\org\subethamail\subethasmtp-wiser\1.2\subethasmtp-wiser-1.2.jar;D:\Program Files\apache-maven-3.6.1\shanxi\org\subethamail\subethasmtp-smtp\1.2\subethasmtp-smtp-1.2.jar;D:\Program Files\apache-maven-3.6.1\shanxi\javax\mail\mail\1.4.1\mail-1.4.1.jar;D:\Program Files\apache-maven-3.6.1\shanxi\mysql\mysql-connector-java\5.1.27\mysql-connector-java-5.1.27.jar;D:\Program Files\apache-maven-3.6.1\shanxi\org\postgresql\postgresql\9.4-1201-jdbc4\postgresql-9.4-1201-jdbc4.jar;D:\Program Files\apache-maven-3.6.1\shanxi\net\sourceforge\jtds\jtds\1.3.0\jtds-1.3.0.jar;D:\Program Files\apache-maven-3.6.1\shanxi\com\fasterxml\uuid\java-uuid-generator\3.1.3\java-uuid-generator-3.1.3.jar;D:\Program Files\apache-maven-3.6.1\shanxi\log4j\log4j\1.2.13\log4j-1.2.13.jar;D:\Program Files\apache-maven-3.6.1\shanxi\commons-io\commons-io\2.0.1\commons-io-2.0.1.jar;D:\Program Files\apache-maven-3.6.1\shanxi\joda-time\joda-time\2.6\joda-time-2.6.jar;D:\Program Files\apache-maven-3.6.1\shanxi\org\slf4j\slf4j-api\1.7.6\slf4j-api-1.7.6.jar;D:\Program Files\apache-maven-3.6.1\shanxi\org\slf4j\jcl-over-slf4j\1.7.6\jcl-over-slf4j-1.7.6.jar;D:\Program Files\apache-maven-3.6.1\shanxi\org\slf4j\slf4j-log4j12\1.7.6\slf4j-log4j12-1.7.6.jar;D:\Program Files\apache-maven-3.6.1\shanxi\com\googlecode\catch-exception\catch-exception\1.2.0\catch-exception-1.2.0.jar;D:\Program Files\apache-maven-3.6.1\shanxi\org\codehaus\btm\btm\2.1.3\btm-2.1.3.jar;D:\Program Files\apache-maven-3.6.1\shanxi\javax\transaction\jta\1.1\jta-1.1.jar;"/>
    <property name="sun.awt.enableExtraMouseButtons" value="true"/>
    <property name="java.specification.name" value="Java Platform API Specification"/>
    <property name="java.class.version" value="52.0"/>
    <property name="sun.management.compiler" value="HotSpot 64-Bit Tiered Compilers"/>
    <property name="maven.repo.local" value="D:\Program Files\apache-maven-3.6.1\shanxi"/>
    <property name="os.version" value="10.0"/>
    <property name="user.home" value="C:\Users\ryan"/>
    <property name="user.timezone" value="Asia/Shanghai"/>
    <property name="java.awt.printerjob" value="sun.awt.windows.WPrinterJob"/>
    <property name="java.specification.version" value="1.8"/>
    <property name="file.encoding" value="GBK"/>
    <property name="user.name" value="ryan"/>
    <property name="java.class.path" value="D:\xinchuang\activiti-engine-5.19.0.2\target\test-classes;D:\xinchuang\activiti-engine-5.19.0.2\target\classes;D:\Program Files\apache-maven-3.6.1\shanxi\org\activiti\activiti-bpmn-converter\5.19.0.2\activiti-bpmn-converter-5.19.0.2.jar;D:\Program Files\apache-maven-3.6.1\shanxi\org\activiti\activiti-bpmn-model\5.19.0.2\activiti-bpmn-model-5.19.0.2.jar;D:\Program Files\apache-maven-3.6.1\shanxi\com\fasterxml\jackson\core\jackson-core\2.2.3\jackson-core-2.2.3.jar;D:\Program Files\apache-maven-3.6.1\shanxi\com\fasterxml\jackson\core\jackson-databind\2.2.3\jackson-databind-2.2.3.jar;D:\Program Files\apache-maven-3.6.1\shanxi\com\fasterxml\jackson\core\jackson-annotations\2.2.3\jackson-annotations-2.2.3.jar;D:\Program Files\apache-maven-3.6.1\shanxi\org\activiti\activiti-process-validation\5.19.0.2\activiti-process-validation-5.19.0.2.jar;D:\Program Files\apache-maven-3.6.1\shanxi\org\activiti\activiti-image-generator\5.19.0.2\activiti-image-generator-5.19.0.2.jar;D:\Program Files\apache-maven-3.6.1\shanxi\org\apache\commons\commons-email\1.4\commons-email-1.4.jar;D:\Program Files\apache-maven-3.6.1\shanxi\com\sun\mail\javax.mail\1.5.2\javax.mail-1.5.2.jar;D:\Program Files\apache-maven-3.6.1\shanxi\javax\activation\activation\1.1.1\activation-1.1.1.jar;D:\Program Files\apache-maven-3.6.1\shanxi\org\apache\commons\commons-lang3\3.3.2\commons-lang3-3.3.2.jar;D:\Program Files\apache-maven-3.6.1\shanxi\org\mybatis\mybatis\3.3.0\mybatis-3.3.0.jar;D:\Program Files\apache-maven-3.6.1\shanxi\org\springframework\spring-beans\4.1.5.RELEASE\spring-beans-4.1.5.RELEASE.jar;D:\Program Files\apache-maven-3.6.1\shanxi\org\springframework\spring-core\4.1.5.RELEASE\spring-core-4.1.5.RELEASE.jar;D:\Program Files\apache-maven-3.6.1\shanxi\junit\junit\4.11\junit-4.11.jar;D:\Program Files\apache-maven-3.6.1\shanxi\org\hamcrest\hamcrest-core\1.3\hamcrest-core-1.3.jar;D:\Program Files\apache-maven-3.6.1\shanxi\org\codehaus\groovy\groovy-all\2.4.3\groovy-all-2.4.3.jar;D:\Program Files\apache-maven-3.6.1\shanxi\org\drools\drools-core\5.5.0.Final\drools-core-5.5.0.Final.jar;D:\Program Files\apache-maven-3.6.1\shanxi\org\mvel\mvel2\2.1.3.Final\mvel2-2.1.3.Final.jar;D:\Program Files\apache-maven-3.6.1\shanxi\org\drools\knowledge-api\5.5.0.Final\knowledge-api-5.5.0.Final.jar;D:\Program Files\apache-maven-3.6.1\shanxi\org\drools\knowledge-internal-api\5.5.0.Final\knowledge-internal-api-5.5.0.Final.jar;D:\Program Files\apache-maven-3.6.1\shanxi\org\drools\drools-compiler\5.5.0.Final\drools-compiler-5.5.0.Final.jar;D:\Program Files\apache-maven-3.6.1\shanxi\org\antlr\antlr-runtime\3.3\antlr-runtime-3.3.jar;D:\Program Files\apache-maven-3.6.1\shanxi\org\antlr\antlr\3.3\antlr-3.3.jar;D:\Program Files\apache-maven-3.6.1\shanxi\org\antlr\stringtemplate\3.2.1\stringtemplate-3.2.1.jar;D:\Program Files\apache-maven-3.6.1\shanxi\antlr\antlr\2.7.7\antlr-2.7.7.jar;D:\Program Files\apache-maven-3.6.1\shanxi\org\eclipse\jdt\core\compiler\ecj\3.5.1\ecj-3.5.1.jar;D:\Program Files\apache-maven-3.6.1\shanxi\com\thoughtworks\xstream\xstream\1.4.1\xstream-1.4.1.jar;D:\Program Files\apache-maven-3.6.1\shanxi\xmlpull\xmlpull\1.1.3.1\xmlpull-1.1.3.1.jar;D:\Program Files\apache-maven-3.6.1\shanxi\xpp3\xpp3_min\1.1.4c\xpp3_min-1.1.4c.jar;D:\Program Files\apache-maven-3.6.1\shanxi\javax\persistence\persistence-api\1.0\persistence-api-1.0.jar;D:\Program Files\apache-maven-3.6.1\shanxi\org\apache\geronimo\specs\geronimo-jta_1.1_spec\1.1.1\geronimo-jta_1.1_spec-1.1.1.jar;D:\Program Files\apache-maven-3.6.1\shanxi\javax\enterprise\concurrent\javax.enterprise.concurrent-api\1.0\javax.enterprise.concurrent-api-1.0.jar;D:\Program Files\apache-maven-3.6.1\shanxi\com\h2database\h2\1.3.176\h2-1.3.176.jar;D:\Program Files\apache-maven-3.6.1\shanxi\org\mockito\mockito-core\1.8.2\mockito-core-1.8.2.jar;D:\Program Files\apache-maven-3.6.1\shanxi\org\objenesis\objenesis\1.0\objenesis-1.0.jar;D:\Program Files\apache-maven-3.6.1\shanxi\org\apache\openjpa\openjpa\1.2.2\openjpa-1.2.2.jar;D:\Program Files\apache-maven-3.6.1\shanxi\net\sourceforge\serp\serp\1.13.1\serp-1.13.1.jar;D:\Program Files\apache-maven-3.6.1\shanxi\commons-lang\commons-lang\2.1\commons-lang-2.1.jar;D:\Program Files\apache-maven-3.6.1\shanxi\commons-collections\commons-collections\3.2\commons-collections-3.2.jar;D:\Program Files\apache-maven-3.6.1\shanxi\commons-pool\commons-pool\1.3\commons-pool-1.3.jar;D:\Program Files\apache-maven-3.6.1\shanxi\org\apache\geronimo\specs\geronimo-jms_1.1_spec\1.0.1\geronimo-jms_1.1_spec-1.0.1.jar;D:\Program Files\apache-maven-3.6.1\shanxi\org\apache\geronimo\specs\geronimo-jpa_3.0_spec\1.0\geronimo-jpa_3.0_spec-1.0.jar;D:\Program Files\apache-maven-3.6.1\shanxi\org\subethamail\subethasmtp-wiser\1.2\subethasmtp-wiser-1.2.jar;D:\Program Files\apache-maven-3.6.1\shanxi\org\subethamail\subethasmtp-smtp\1.2\subethasmtp-smtp-1.2.jar;D:\Program Files\apache-maven-3.6.1\shanxi\javax\mail\mail\1.4.1\mail-1.4.1.jar;D:\Program Files\apache-maven-3.6.1\shanxi\mysql\mysql-connector-java\5.1.27\mysql-connector-java-5.1.27.jar;D:\Program Files\apache-maven-3.6.1\shanxi\org\postgresql\postgresql\9.4-1201-jdbc4\postgresql-9.4-1201-jdbc4.jar;D:\Program Files\apache-maven-3.6.1\shanxi\net\sourceforge\jtds\jtds\1.3.0\jtds-1.3.0.jar;D:\Program Files\apache-maven-3.6.1\shanxi\com\fasterxml\uuid\java-uuid-generator\3.1.3\java-uuid-generator-3.1.3.jar;D:\Program Files\apache-maven-3.6.1\shanxi\log4j\log4j\1.2.13\log4j-1.2.13.jar;D:\Program Files\apache-maven-3.6.1\shanxi\commons-io\commons-io\2.0.1\commons-io-2.0.1.jar;D:\Program Files\apache-maven-3.6.1\shanxi\joda-time\joda-time\2.6\joda-time-2.6.jar;D:\Program Files\apache-maven-3.6.1\shanxi\org\slf4j\slf4j-api\1.7.6\slf4j-api-1.7.6.jar;D:\Program Files\apache-maven-3.6.1\shanxi\org\slf4j\jcl-over-slf4j\1.7.6\jcl-over-slf4j-1.7.6.jar;D:\Program Files\apache-maven-3.6.1\shanxi\org\slf4j\slf4j-log4j12\1.7.6\slf4j-log4j12-1.7.6.jar;D:\Program Files\apache-maven-3.6.1\shanxi\com\googlecode\catch-exception\catch-exception\1.2.0\catch-exception-1.2.0.jar;D:\Program Files\apache-maven-3.6.1\shanxi\org\codehaus\btm\btm\2.1.3\btm-2.1.3.jar;D:\Program Files\apache-maven-3.6.1\shanxi\javax\transaction\jta\1.1\jta-1.1.jar;"/>
    <property name="java.vm.specification.version" value="1.8"/>
    <property name="sun.arch.data.model" value="64"/>
    <property name="java.home" value="C:\Program Files\Java\jdk1.8.0_351\jre"/>
    <property name="sun.java.command" value="D:\xinchuang\activiti-engine-5.19.0.2\target\surefire\surefirebooter2972839343429811619.jar D:\xinchuang\activiti-engine-5.19.0.2\target\surefire\surefire1197127065150889766tmp D:\xinchuang\activiti-engine-5.19.0.2\target\surefire\surefire3285776718944652178tmp"/>
    <property name="java.specification.vendor" value="Oracle Corporation"/>
    <property name="user.language" value="en"/>
    <property name="awt.toolkit" value="sun.awt.windows.WToolkit"/>
    <property name="java.vm.info" value="mixed mode"/>
    <property name="java.version" value="1.8.0_351"/>
    <property name="java.ext.dirs" value="C:\Program Files\Java\jdk1.8.0_351\jre\lib\ext;C:\WINDOWS\Sun\Java\lib\ext"/>
    <property name="sun.boot.class.path" value="C:\Program Files\Java\jdk1.8.0_351\jre\lib\resources.jar;C:\Program Files\Java\jdk1.8.0_351\jre\lib\rt.jar;C:\Program Files\Java\jdk1.8.0_351\jre\lib\jsse.jar;C:\Program Files\Java\jdk1.8.0_351\jre\lib\jce.jar;C:\Program Files\Java\jdk1.8.0_351\jre\lib\charsets.jar;C:\Program Files\Java\jdk1.8.0_351\jre\lib\jfr.jar;C:\Program Files\Java\jdk1.8.0_351\jre\classes"/>
    <property name="java.vendor" value="Oracle Corporation"/>
    <property name="java.specification.maintenance.version" value="4"/>
    <property name="localRepository" value="D:\Program Files\apache-maven-3.6.1\shanxi"/>
    <property name="file.separator" value="\"/>
    <property name="java.vendor.url.bug" value="http://bugreport.sun.com/bugreport/"/>
    <property name="sun.cpu.endian" value="little"/>
    <property name="sun.io.unicode.encoding" value="UnicodeLittle"/>
    <property name="sun.desktop" value="windows"/>
    <property name="sun.cpu.isalist" value="amd64"/>
  </properties>
  <testcase classname="org.activiti.engine.test.bpmn.subprocess.SubProcessTest" name="testSimpleParallelSubProcess" time="0.02">
    <error message="
### Error querying database.  Cause: org.h2.jdbc.JdbcSQLException: Syntax error in SQL statement &quot;SELECT RES.* 
       
    FROM ACT_RE_PROCDEF RES
     
     WHERE  RES.DEPLOYMENT_ID_ = ? 
   
     ORDER BY  ORDER[*] BY RES.ID_ ASC  
    LIMIT ? OFFSET ? &quot;; expected &quot;=, NOT, EXISTS, INTERSECTS, SELECT, FROM&quot;; SQL statement:
select RES.* 
       
    from ACT_RE_PROCDEF RES
     
     WHERE  RES.DEPLOYMENT_ID_ = ? 
   
     order by  order by RES.ID_ asc  
    LIMIT ? OFFSET ? [42001-176]
### The error may exist in org/activiti/db/mapping/entity/ProcessDefinition.xml
### The error may involve org.activiti.engine.impl.persistence.entity.ProcessDefinitionEntity.selectProcessDefinitionsByQueryCriteria
### The error occurred while executing a query
### SQL: select RES.*              from ACT_RE_PROCDEF RES            WHERE  RES.DEPLOYMENT_ID_ = ?           order by  order by RES.ID_ asc       LIMIT ? OFFSET ?
### Cause: org.h2.jdbc.JdbcSQLException: Syntax error in SQL statement &quot;SELECT RES.* 
       
    FROM ACT_RE_PROCDEF RES
     
     WHERE  RES.DEPLOYMENT_ID_ = ? 
   
     ORDER BY  ORDER[*] BY RES.ID_ ASC  
    LIMIT ? OFFSET ? &quot;; expected &quot;=, NOT, EXISTS, INTERSECTS, SELECT, FROM&quot;; SQL statement:
select RES.* 
       
    from ACT_RE_PROCDEF RES
     
     WHERE  RES.DEPLOYMENT_ID_ = ? 
   
     order by  order by RES.ID_ asc  
    LIMIT ? OFFSET ? [42001-176]" type="org.apache.ibatis.exceptions.PersistenceException">org.apache.ibatis.exceptions.PersistenceException: 
### Error querying database.  Cause: org.h2.jdbc.JdbcSQLException: Syntax error in SQL statement &quot;SELECT RES.* 
       
    FROM ACT_RE_PROCDEF RES
     
     WHERE  RES.DEPLOYMENT_ID_ = ? 
   
     ORDER BY  ORDER[*] BY RES.ID_ ASC  
    LIMIT ? OFFSET ? &quot;; expected &quot;=, NOT, EXISTS, INTERSECTS, SELECT, FROM&quot;; SQL statement:
select RES.* 
       
    from ACT_RE_PROCDEF RES
     
     WHERE  RES.DEPLOYMENT_ID_ = ? 
   
     order by  order by RES.ID_ asc  
    LIMIT ? OFFSET ? [42001-176]
### The error may exist in org/activiti/db/mapping/entity/ProcessDefinition.xml
### The error may involve org.activiti.engine.impl.persistence.entity.ProcessDefinitionEntity.selectProcessDefinitionsByQueryCriteria
### The error occurred while executing a query
### SQL: select RES.*              from ACT_RE_PROCDEF RES            WHERE  RES.DEPLOYMENT_ID_ = ?           order by  order by RES.ID_ asc       LIMIT ? OFFSET ?
### Cause: org.h2.jdbc.JdbcSQLException: Syntax error in SQL statement &quot;SELECT RES.* 
       
    FROM ACT_RE_PROCDEF RES
     
     WHERE  RES.DEPLOYMENT_ID_ = ? 
   
     ORDER BY  ORDER[*] BY RES.ID_ ASC  
    LIMIT ? OFFSET ? &quot;; expected &quot;=, NOT, EXISTS, INTERSECTS, SELECT, FROM&quot;; SQL statement:
select RES.* 
       
    from ACT_RE_PROCDEF RES
     
     WHERE  RES.DEPLOYMENT_ID_ = ? 
   
     order by  order by RES.ID_ asc  
    LIMIT ? OFFSET ? [42001-176]
	at org.apache.ibatis.exceptions.ExceptionFactory.wrapException(ExceptionFactory.java:30)
	at org.apache.ibatis.session.defaults.DefaultSqlSession.selectList(DefaultSqlSession.java:122)
	at org.apache.ibatis.session.defaults.DefaultSqlSession.selectList(DefaultSqlSession.java:113)
	at org.activiti.engine.impl.db.DbSqlSession.selectListWithRawParameter(DbSqlSession.java:438)
	at org.activiti.engine.impl.db.DbSqlSession.selectList(DbSqlSession.java:429)
	at org.activiti.engine.impl.db.DbSqlSession.selectList(DbSqlSession.java:419)
	at org.activiti.engine.impl.persistence.entity.ProcessDefinitionEntityManager.findProcessDefinitionsByQueryCriteria(ProcessDefinitionEntityManager.java:57)
	at org.activiti.engine.impl.ProcessDefinitionQueryImpl.executeList(ProcessDefinitionQueryImpl.java:307)
	at org.activiti.engine.impl.AbstractQuery.list(AbstractQuery.java:140)
	at org.activiti.engine.impl.persistence.deploy.DeploymentManager.removeDeployment(DeploymentManager.java:187)
	at org.activiti.engine.impl.cmd.DeleteDeploymentCmd.execute(DeleteDeploymentCmd.java:44)
	at org.activiti.engine.impl.cmd.DeleteDeploymentCmd.execute(DeleteDeploymentCmd.java:24)
	at org.activiti.engine.impl.interceptor.CommandInvoker.execute(CommandInvoker.java:24)
	at org.activiti.engine.impl.interceptor.CommandContextInterceptor.execute(CommandContextInterceptor.java:57)
	at org.activiti.engine.impl.interceptor.LogInterceptor.execute(LogInterceptor.java:37)
	at org.activiti.engine.impl.cfg.CommandExecutorImpl.execute(CommandExecutorImpl.java:40)
	at org.activiti.engine.impl.cfg.CommandExecutorImpl.execute(CommandExecutorImpl.java:35)
	at org.activiti.engine.impl.RepositoryServiceImpl.deleteDeployment(RepositoryServiceImpl.java:90)
	at org.activiti.engine.impl.test.TestHelper.annotationDeploymentTearDown(TestHelper.java:116)
	at org.activiti.engine.impl.test.AbstractActivitiTestCase.runBare(AbstractActivitiTestCase.java:116)
	at junit.framework.TestResult$1.protect(TestResult.java:122)
	at junit.framework.TestResult.runProtected(TestResult.java:142)
	at junit.framework.TestResult.run(TestResult.java:125)
	at junit.framework.TestCase.run(TestCase.java:129)
	at junit.framework.TestSuite.runTest(TestSuite.java:255)
	at junit.framework.TestSuite.run(TestSuite.java:250)
	at org.junit.internal.runners.JUnit38ClassRunner.run(JUnit38ClassRunner.java:84)
	at org.apache.maven.surefire.junit4.JUnit4TestSet.execute(JUnit4TestSet.java:35)
	at org.apache.maven.surefire.junit4.JUnit4Provider.executeTestSet(JUnit4Provider.java:146)
	at org.apache.maven.surefire.junit4.JUnit4Provider.invoke(JUnit4Provider.java:97)
	at sun.reflect.NativeMethodAccessorImpl.invoke0(Native Method)
	at sun.reflect.NativeMethodAccessorImpl.invoke(NativeMethodAccessorImpl.java:62)
	at sun.reflect.DelegatingMethodAccessorImpl.invoke(DelegatingMethodAccessorImpl.java:43)
	at java.lang.reflect.Method.invoke(Method.java:498)
	at org.apache.maven.surefire.booter.ProviderFactory$ClassLoaderProxy.invoke(ProviderFactory.java:103)
	at com.sun.proxy.$Proxy0.invoke(Unknown Source)
	at org.apache.maven.surefire.booter.SurefireStarter.invokeProvider(SurefireStarter.java:145)
	at org.apache.maven.surefire.booter.SurefireStarter.runSuitesInProcess(SurefireStarter.java:87)
	at org.apache.maven.surefire.booter.ForkedBooter.main(ForkedBooter.java:69)
Caused by: org.h2.jdbc.JdbcSQLException: Syntax error in SQL statement &quot;SELECT RES.* 
       
    FROM ACT_RE_PROCDEF RES
     
     WHERE  RES.DEPLOYMENT_ID_ = ? 
   
     ORDER BY  ORDER[*] BY RES.ID_ ASC  
    LIMIT ? OFFSET ? &quot;; expected &quot;=, NOT, EXISTS, INTERSECTS, SELECT, FROM&quot;; SQL statement:
select RES.* 
       
    from ACT_RE_PROCDEF RES
     
     WHERE  RES.DEPLOYMENT_ID_ = ? 
   
     order by  order by RES.ID_ asc  
    LIMIT ? OFFSET ? [42001-176]
	at org.h2.message.DbException.getJdbcSQLException(DbException.java:344)
	at org.h2.message.DbException.getSyntaxError(DbException.java:204)
	at org.h2.command.Parser.getSyntaxError(Parser.java:524)
	at org.h2.command.Parser.readTerm(Parser.java:2688)
	at org.h2.command.Parser.readFactor(Parser.java:2244)
	at org.h2.command.Parser.readSum(Parser.java:2231)
	at org.h2.command.Parser.readConcat(Parser.java:2201)
	at org.h2.command.Parser.readCondition(Parser.java:2051)
	at org.h2.command.Parser.readAnd(Parser.java:2023)
	at org.h2.command.Parser.readExpression(Parser.java:2015)
	at org.h2.command.Parser.parseEndOfQuery(Parser.java:1726)
	at org.h2.command.Parser.parseSelectUnionExtension(Parser.java:1706)
	at org.h2.command.Parser.parseSelectUnion(Parser.java:1675)
	at org.h2.command.Parser.parseSelect(Parser.java:1662)
	at org.h2.command.Parser.parsePrepared(Parser.java:434)
	at org.h2.command.Parser.parse(Parser.java:306)
	at org.h2.command.Parser.parse(Parser.java:282)
	at org.h2.command.Parser.prepareCommand(Parser.java:243)
	at org.h2.engine.Session.prepareLocal(Session.java:442)
	at org.h2.engine.Session.prepareCommand(Session.java:384)
	at org.h2.jdbc.JdbcConnection.prepareCommand(JdbcConnection.java:1188)
	at org.h2.jdbc.JdbcPreparedStatement.&lt;init&gt;(JdbcPreparedStatement.java:73)
	at org.h2.jdbc.JdbcConnection.prepareStatement(JdbcConnection.java:276)
	at sun.reflect.GeneratedMethodAccessor6.invoke(Unknown Source)
	at sun.reflect.DelegatingMethodAccessorImpl.invoke(DelegatingMethodAccessorImpl.java:43)
	at java.lang.reflect.Method.invoke(Method.java:498)
	at org.apache.ibatis.datasource.pooled.PooledConnection.invoke(PooledConnection.java:245)
	at com.sun.proxy.$Proxy12.prepareStatement(Unknown Source)
	at sun.reflect.GeneratedMethodAccessor6.invoke(Unknown Source)
	at sun.reflect.DelegatingMethodAccessorImpl.invoke(DelegatingMethodAccessorImpl.java:43)
	at java.lang.reflect.Method.invoke(Method.java:498)
	at org.apache.ibatis.logging.jdbc.ConnectionLogger.invoke(ConnectionLogger.java:55)
	at com.sun.proxy.$Proxy12.prepareStatement(Unknown Source)
	at org.apache.ibatis.executor.statement.PreparedStatementHandler.instantiateStatement(PreparedStatementHandler.java:79)
	at org.apache.ibatis.executor.statement.BaseStatementHandler.prepare(BaseStatementHandler.java:88)
	at org.apache.ibatis.executor.statement.RoutingStatementHandler.prepare(RoutingStatementHandler.java:58)
	at org.apache.ibatis.executor.SimpleExecutor.prepareStatement(SimpleExecutor.java:76)
	at org.apache.ibatis.executor.SimpleExecutor.doQuery(SimpleExecutor.java:61)
	at org.apache.ibatis.executor.BaseExecutor.queryFromDatabase(BaseExecutor.java:303)
	at org.apache.ibatis.executor.BaseExecutor.query(BaseExecutor.java:154)
	at org.apache.ibatis.executor.CachingExecutor.query(CachingExecutor.java:102)
	at org.apache.ibatis.executor.CachingExecutor.query(CachingExecutor.java:82)
	at org.apache.ibatis.session.defaults.DefaultSqlSession.selectList(DefaultSqlSession.java:120)
	... 37 more
</error>
    <system-out>@SLTests run: 5, Failures: 0, Errors: 5, Skipped: 0, Time elapsed: 1.847 sec &lt;&lt;&lt; FAILURE!
@SLRunning org.activiti.engine.test.bpmn.subprocess.SubProcessTest
10:47:09,552 [main] DEBUG org.activiti.engine.impl.test.TestHelper  - annotation @Deployment creates deployment for SubProcessTest.testSimpleParallelSubProcess
10:47:09,554 [main] DEBUG org.activiti.engine.impl.interceptor.LogInterceptor  - 

10:47:09,554 [main] DEBUG org.activiti.engine.impl.interceptor.LogInterceptor  - --- starting DeployCmd --------------------------------------------------------
10:47:09,554 [main] DEBUG org.activiti.engine.impl.bpmn.deployer.BpmnDeployer  - Processing deployment SubProcessTest.testSimpleParallelSubProcess
10:47:09,554 [main] INFO  org.activiti.engine.impl.bpmn.deployer.BpmnDeployer  - Processing resource org/activiti/engine/test/bpmn/subprocess/SubProcessTest.testSimpleParallelSubProcess.bpmn20.xml
10:47:09,561 [main] DEBUG org.activiti.engine.impl.bpmn.parser.handler.ProcessParseHandler  - Parsing process simpleParallelSubProcess
10:47:09,562 [main] DEBUG org.activiti.engine.impl.bpmn.parser.handler.AbstractBpmnParseHandler  - Parsing activity subProcess
10:47:09,562 [main] DEBUG org.activiti.engine.impl.bpmn.parser.handler.AbstractBpmnParseHandler  - Parsing activity subProcessFork
10:47:09,562 [main] DEBUG org.activiti.engine.impl.bpmn.parser.handler.AbstractBpmnParseHandler  - Parsing activity task1
10:47:09,562 [main] DEBUG org.activiti.engine.impl.bpmn.parser.handler.AbstractBpmnParseHandler  - Parsing activity task2
10:47:09,562 [main] DEBUG org.activiti.engine.impl.bpmn.parser.handler.AbstractBpmnParseHandler  - Parsing activity subProcessJoin
10:47:09,562 [main] DEBUG org.activiti.engine.impl.bpmn.parser.handler.AbstractBpmnParseHandler  - Parsing activity subProcessStart
10:47:09,562 [main] DEBUG org.activiti.engine.impl.bpmn.parser.handler.AbstractBpmnParseHandler  - Parsing activity subProcessEnd
10:47:09,562 [main] DEBUG org.activiti.engine.impl.bpmn.parser.handler.AbstractBpmnParseHandler  - Parsing activity taskAfterSubProcess
10:47:09,562 [main] DEBUG org.activiti.engine.impl.bpmn.parser.handler.AbstractBpmnParseHandler  - Parsing activity theStart
10:47:09,562 [main] DEBUG org.activiti.engine.impl.bpmn.parser.handler.AbstractBpmnParseHandler  - Parsing activity theEnd
10:47:09,562 [main] DEBUG org.apache.ibatis.transaction.jdbc.JdbcTransaction  - Opening JDBC Connection
10:47:09,562 [main] DEBUG org.apache.ibatis.datasource.pooled.PooledDataSource  - Checked out connection 180014677 from pool.
10:47:09,562 [main] DEBUG org.apache.ibatis.transaction.jdbc.JdbcTransaction  - Setting autocommit to false on JDBC Connection [conn3: url=jdbc:h2:mem:activiti user=SA]
10:47:09,562 [main] DEBUG org.activiti.engine.impl.persistence.entity.ProcessDefinitionEntity.selectLatestProcessDefinitionByKey  - ==&gt;  Preparing: select * from ACT_RE_PROCDEF where KEY_ = ? and (TENANT_ID_ = &apos;&apos; or TENANT_ID_ is null) and VERSION_ = (select max(VERSION_) from ACT_RE_PROCDEF where KEY_ = ? and (TENANT_ID_ = &apos;&apos; or TENANT_ID_ is null)) 
10:47:09,563 [main] DEBUG org.activiti.engine.impl.persistence.entity.ProcessDefinitionEntity.selectLatestProcessDefinitionByKey  - ==&gt; Parameters: simpleParallelSubProcess(String), simpleParallelSubProcess(String)
10:47:09,563 [main] DEBUG org.activiti.engine.impl.persistence.entity.ProcessDefinitionEntity.selectLatestProcessDefinitionByKey  - &lt;==      Total: 0
10:47:09,563 [main] DEBUG org.activiti.engine.impl.persistence.entity.JobEntity.selectJobByTypeAndProcessDefinitionKeyNoTenantId  - ==&gt;  Preparing: select J.* from ACT_RU_JOB J inner join ACT_RE_PROCDEF P on J.PROC_DEF_ID_ = P.ID_ where J.HANDLER_TYPE_ = ? and P.KEY_ = ? and (P.TENANT_ID_ = &apos;&apos; or P.TENANT_ID_ is null) 
10:47:09,563 [main] DEBUG org.activiti.engine.impl.persistence.entity.JobEntity.selectJobByTypeAndProcessDefinitionKeyNoTenantId  - ==&gt; Parameters: timer-start-event(String), simpleParallelSubProcess(String)
10:47:09,563 [main] DEBUG org.activiti.engine.impl.persistence.entity.JobEntity.selectJobByTypeAndProcessDefinitionKeyNoTenantId  - &lt;==      Total: 0
10:47:09,563 [main] DEBUG org.activiti.engine.impl.persistence.entity.ProcessDefinitionInfoEntity.selectProcessDefinitionInfoByProcessDefinitionId  - ==&gt;  Preparing: select * from ACT_PROCDEF_INFO where PROC_DEF_ID_ = ? 
10:47:09,563 [main] DEBUG org.activiti.engine.impl.persistence.entity.ProcessDefinitionInfoEntity.selectProcessDefinitionInfoByProcessDefinitionId  - ==&gt; Parameters: simpleParallelSubProcess:1:73(String)
10:47:09,563 [main] DEBUG org.activiti.engine.impl.persistence.entity.ProcessDefinitionInfoEntity.selectProcessDefinitionInfoByProcessDefinitionId  - &lt;==      Total: 0
10:47:09,563 [main] DEBUG org.activiti.engine.impl.interceptor.LogInterceptor  - 

10:47:09,563 [main] DEBUG org.activiti.engine.impl.interceptor.LogInterceptor  - --- starting GetProcessDefinitionInfoCmd --------------------------------------------------------
10:47:09,563 [main] DEBUG org.activiti.engine.impl.interceptor.CommandContextInterceptor  - Valid context found. Reusing it for the current command &apos;org.activiti.engine.impl.cmd.GetProcessDefinitionInfoCmd&apos;
10:47:09,563 [main] DEBUG org.activiti.engine.impl.interceptor.LogInterceptor  - 

10:47:09,563 [main] DEBUG org.activiti.engine.impl.interceptor.LogInterceptor  - --- starting  --------------------------------------------------------
10:47:09,563 [main] DEBUG org.activiti.engine.impl.interceptor.CommandContextInterceptor  - Valid context found. Reusing it for the current command &apos;null&apos;
10:47:09,563 [main] DEBUG org.activiti.engine.impl.interceptor.LogInterceptor  - ---  finished --------------------------------------------------------
10:47:09,563 [main] DEBUG org.activiti.engine.impl.interceptor.LogInterceptor  - 

10:47:09,563 [main] DEBUG org.activiti.engine.impl.interceptor.LogInterceptor  - --- GetProcessDefinitionInfoCmd finished --------------------------------------------------------
10:47:09,563 [main] DEBUG org.activiti.engine.impl.interceptor.LogInterceptor  - 

10:47:09,563 [main] DEBUG org.activiti.engine.impl.db.DbSqlSession  -   insert ResourceEntity[id=72, name=org/activiti/engine/test/bpmn/subprocess/SubProcessTest.testSimpleParallelSubProcess.bpmn20.xml]
10:47:09,563 [main] DEBUG org.activiti.engine.impl.db.DbSqlSession  -   insert DeploymentEntity[id=71, name=SubProcessTest.testSimpleParallelSubProcess]
10:47:09,563 [main] DEBUG org.activiti.engine.impl.db.DbSqlSession  -   insert ProcessDefinitionEntity[simpleParallelSubProcess:1:73]
10:47:09,563 [main] DEBUG org.activiti.engine.impl.db.DbSqlSession  - flush summary: 3 insert, 0 update, 0 delete.
10:47:09,564 [main] DEBUG org.activiti.engine.impl.db.DbSqlSession  - now executing flush...
10:47:09,564 [main] DEBUG org.activiti.engine.impl.db.DbSqlSession  - inserting: ProcessDefinitionEntity[simpleParallelSubProcess:1:73]
10:47:09,564 [main] DEBUG org.activiti.engine.impl.persistence.entity.ProcessDefinitionEntity.insertProcessDefinition  - ==&gt;  Preparing: insert into ACT_RE_PROCDEF(ID_, REV_, CATEGORY_, NAME_, KEY_, VERSION_, DEPLOYMENT_ID_, RESOURCE_NAME_, DGRM_RESOURCE_NAME_, DESCRIPTION_, HAS_START_FORM_KEY_, HAS_GRAPHICAL_NOTATION_ , SUSPENSION_STATE_, TENANT_ID_) values (?, 1, ?, ?, ?, ?, ?, ?, ?, ?, ?, ?, ?, ?) 
10:47:09,564 [main] DEBUG org.activiti.engine.impl.persistence.entity.ProcessDefinitionEntity.insertProcessDefinition  - ==&gt; Parameters: simpleParallelSubProcess:1:73(String), Examples(String), null, simpleParallelSubProcess(String), 1(Integer), 71(String), org/activiti/engine/test/bpmn/subprocess/SubProcessTest.testSimpleParallelSubProcess.bpmn20.xml(String), null, null, false(Boolean), false(Boolean), 1(Integer), (String)
10:47:09,564 [main] DEBUG org.activiti.engine.impl.persistence.entity.ProcessDefinitionEntity.insertProcessDefinition  - &lt;==    Updates: 1
10:47:09,564 [main] DEBUG org.activiti.engine.impl.db.DbSqlSession  - inserting: DeploymentEntity[id=71, name=SubProcessTest.testSimpleParallelSubProcess]
10:47:09,564 [main] DEBUG org.activiti.engine.impl.persistence.entity.DeploymentEntity.insertDeployment  - ==&gt;  Preparing: insert into ACT_RE_DEPLOYMENT(ID_, NAME_, CATEGORY_, TENANT_ID_, DEPLOY_TIME_) values(?, ?, ?, ?, ?) 
10:47:09,564 [main] DEBUG org.activiti.engine.impl.persistence.entity.DeploymentEntity.insertDeployment  - ==&gt; Parameters: 71(String), SubProcessTest.testSimpleParallelSubProcess(String), null, (String), 2023-03-20 10:46:46.742(Timestamp)
10:47:09,564 [main] DEBUG org.activiti.engine.impl.persistence.entity.DeploymentEntity.insertDeployment  - &lt;==    Updates: 1
10:47:09,564 [main] DEBUG org.activiti.engine.impl.db.DbSqlSession  - inserting: ResourceEntity[id=72, name=org/activiti/engine/test/bpmn/subprocess/SubProcessTest.testSimpleParallelSubProcess.bpmn20.xml]
10:47:09,564 [main] DEBUG org.activiti.engine.impl.persistence.entity.ResourceEntity.insertResource  - ==&gt;  Preparing: insert into ACT_GE_BYTEARRAY(ID_, REV_, NAME_, BYTES_, DEPLOYMENT_ID_, GENERATED_) values (?, 1, ?, ?, ?, ?) 
10:47:09,564 [main] DEBUG org.activiti.engine.impl.persistence.entity.ResourceEntity.insertResource  - ==&gt; Parameters: 72(String), org/activiti/engine/test/bpmn/subprocess/SubProcessTest.testSimpleParallelSubProcess.bpmn20.xml(String), java.io.ByteArrayInputStream@44fd7908(ByteArrayInputStream), 71(String), false(Boolean)
10:47:09,564 [main] DEBUG org.activiti.engine.impl.persistence.entity.ResourceEntity.insertResource  - &lt;==    Updates: 1
10:47:09,564 [main] DEBUG org.activiti.engine.impl.cfg.standalone.StandaloneMybatisTransactionContext  - firing event committing...
10:47:09,564 [main] DEBUG org.activiti.engine.impl.cfg.standalone.StandaloneMybatisTransactionContext  - committing the ibatis sql session...
10:47:09,564 [main] DEBUG org.apache.ibatis.transaction.jdbc.JdbcTransaction  - Committing JDBC Connection [conn3: url=jdbc:h2:mem:activiti user=SA]
10:47:09,564 [main] DEBUG org.activiti.engine.impl.cfg.standalone.StandaloneMybatisTransactionContext  - firing event committed...
10:47:09,564 [main] DEBUG org.apache.ibatis.transaction.jdbc.JdbcTransaction  - Resetting autocommit to true on JDBC Connection [conn3: url=jdbc:h2:mem:activiti user=SA]
10:47:09,564 [main] DEBUG org.apache.ibatis.transaction.jdbc.JdbcTransaction  - Closing JDBC Connection [conn3: url=jdbc:h2:mem:activiti user=SA]
10:47:09,564 [main] DEBUG org.apache.ibatis.datasource.pooled.PooledDataSource  - Returned connection 180014677 to pool.
10:47:09,564 [main] DEBUG org.activiti.engine.impl.interceptor.LogInterceptor  - --- DeployCmd finished --------------------------------------------------------
10:47:09,564 [main] DEBUG org.activiti.engine.impl.interceptor.LogInterceptor  - 

10:47:09,565 [main] DEBUG org.activiti.engine.impl.test.PvmTestCase  - 

10:47:09,565 [main] DEBUG org.activiti.engine.impl.test.PvmTestCase  - #### START SubProcessTest.testSimpleParallelSubProcess ###########################################################
10:47:09,565 [main] DEBUG org.activiti.engine.impl.interceptor.LogInterceptor  - 

10:47:09,565 [main] DEBUG org.activiti.engine.impl.interceptor.LogInterceptor  - --- starting StartProcessInstanceCmd --------------------------------------------------------
10:47:09,565 [main] DEBUG org.apache.ibatis.transaction.jdbc.JdbcTransaction  - Opening JDBC Connection
10:47:09,565 [main] DEBUG org.apache.ibatis.datasource.pooled.PooledDataSource  - Checked out connection 486346394 from pool.
10:47:09,565 [main] DEBUG org.apache.ibatis.transaction.jdbc.JdbcTransaction  - Setting autocommit to false on JDBC Connection [conn6: url=jdbc:h2:mem:activiti user=SA]
10:47:09,565 [main] DEBUG org.activiti.engine.impl.persistence.entity.ProcessDefinitionEntity.selectLatestProcessDefinitionByKey  - ==&gt;  Preparing: select * from ACT_RE_PROCDEF where KEY_ = ? and (TENANT_ID_ = &apos;&apos; or TENANT_ID_ is null) and VERSION_ = (select max(VERSION_) from ACT_RE_PROCDEF where KEY_ = ? and (TENANT_ID_ = &apos;&apos; or TENANT_ID_ is null)) 
10:47:09,565 [main] DEBUG org.activiti.engine.impl.persistence.entity.ProcessDefinitionEntity.selectLatestProcessDefinitionByKey  - ==&gt; Parameters: simpleParallelSubProcess(String), simpleParallelSubProcess(String)
10:47:09,565 [main] DEBUG org.activiti.engine.impl.persistence.entity.ProcessDefinitionEntity.selectLatestProcessDefinitionByKey  - &lt;==      Total: 1
10:47:09,565 [main] DEBUG org.activiti.engine.impl.persistence.entity.ExecutionEntity  - initializing ProcessInstance[74]
10:47:09,565 [main] DEBUG org.activiti.engine.impl.history.DefaultHistoryManager  - Current history level: FULL, level required: ACTIVITY
10:47:09,565 [main] DEBUG org.activiti.engine.impl.pvm.runtime.AtomicOperationActivityExecute  - ProcessInstance[74] executes Activity(theStart): org.activiti.engine.impl.bpmn.behavior.NoneStartEventActivityBehavior
10:47:09,565 [main] DEBUG org.activiti.engine.impl.persistence.entity.JobEntity.selectJobsByExecutionId  - ==&gt;  Preparing: select * from ACT_RU_JOB J where J.EXECUTION_ID_ = ? 
10:47:09,565 [main] DEBUG org.activiti.engine.impl.persistence.entity.JobEntity.selectJobsByExecutionId  - ==&gt; Parameters: 74(String)
10:47:09,565 [main] DEBUG org.activiti.engine.impl.persistence.entity.JobEntity.selectJobsByExecutionId  - &lt;==      Total: 0
10:47:09,566 [main] DEBUG org.activiti.engine.impl.bpmn.behavior.BpmnActivityBehavior  - Leaving activity &apos;theStart&apos;
10:47:09,566 [main] DEBUG org.activiti.engine.impl.history.DefaultHistoryManager  - Current history level: FULL, level required: ACTIVITY
10:47:09,566 [main] DEBUG org.activiti.engine.impl.pvm.runtime.AtomicOperationTransitionNotifyListenerTake  - ProcessInstance[74] takes transition (theStart)--flow1--&gt;(subProcess)
10:47:09,566 [main] DEBUG org.activiti.engine.impl.persistence.entity.ExecutionEntity  - Child execution ScopeExecution[76] created with parent 
10:47:09,566 [main] DEBUG org.activiti.engine.impl.pvm.runtime.AtomicOperationTransitionCreateScope  - create scope: parent ProcessInstance[74] continues as execution ScopeExecution[76]
10:47:09,566 [main] DEBUG org.activiti.engine.impl.persistence.entity.ExecutionEntity  - initializing ScopeExecution[76]
10:47:09,566 [main] DEBUG org.activiti.engine.impl.history.DefaultHistoryManager  - Current history level: FULL, level required: ACTIVITY
10:47:09,566 [main] DEBUG org.activiti.engine.impl.pvm.runtime.AtomicOperationActivityExecute  - ScopeExecution[76] executes Activity(subProcess): org.activiti.engine.impl.bpmn.behavior.SubProcessActivityBehavior
10:47:09,566 [main] DEBUG org.activiti.engine.impl.history.DefaultHistoryManager  - Current history level: FULL, level required: ACTIVITY
10:47:09,566 [main] DEBUG org.activiti.engine.impl.pvm.runtime.AtomicOperationActivityExecute  - ScopeExecution[76] executes Activity(subProcessStart): org.activiti.engine.impl.bpmn.behavior.NoneStartEventActivityBehavior
10:47:09,566 [main] DEBUG org.activiti.engine.impl.persistence.entity.JobEntity.selectJobsByExecutionId  - ==&gt;  Preparing: select * from ACT_RU_JOB J where J.EXECUTION_ID_ = ? 
10:47:09,566 [main] DEBUG org.activiti.engine.impl.persistence.entity.JobEntity.selectJobsByExecutionId  - ==&gt; Parameters: 76(String)
10:47:09,566 [main] DEBUG org.activiti.engine.impl.persistence.entity.JobEntity.selectJobsByExecutionId  - &lt;==      Total: 0
10:47:09,566 [main] DEBUG org.activiti.engine.impl.bpmn.behavior.BpmnActivityBehavior  - Leaving activity &apos;subProcessStart&apos;
10:47:09,566 [main] DEBUG org.activiti.engine.impl.history.DefaultHistoryManager  - Current history level: FULL, level required: ACTIVITY
10:47:09,566 [main] DEBUG org.activiti.engine.impl.pvm.runtime.AtomicOperationTransitionNotifyListenerTake  - ScopeExecution[76] takes transition (subProcessStart)--flow2--&gt;(subProcessFork)
10:47:09,566 [main] DEBUG org.activiti.engine.impl.history.DefaultHistoryManager  - Current history level: FULL, level required: ACTIVITY
10:47:09,567 [main] DEBUG org.activiti.engine.impl.pvm.runtime.AtomicOperationActivityExecute  - ScopeExecution[76] executes Activity(subProcessFork): org.activiti.engine.impl.bpmn.behavior.ParallelGatewayActivityBehavior
10:47:09,567 [main] DEBUG org.activiti.engine.impl.persistence.entity.ExecutionEntity  - inactive concurrent executions in &apos;Activity(subProcessFork)&apos;: [ScopeExecution[76]]
10:47:09,567 [main] DEBUG org.activiti.engine.impl.persistence.entity.ExecutionEntity  - other concurrent executions: []
10:47:09,567 [main] DEBUG org.activiti.engine.impl.history.DefaultHistoryManager  - Current history level: FULL, level required: ACTIVITY
10:47:09,567 [main] DEBUG org.activiti.engine.impl.bpmn.behavior.ParallelGatewayActivityBehavior  - parallel gateway &apos;subProcessFork&apos; activates: 1 of 1 joined
10:47:09,567 [main] DEBUG org.activiti.engine.impl.persistence.entity.ExecutionEntity  - transitions to take concurrent: [(subProcessFork)--flow3--&gt;(task1), (subProcessFork)--flow4--&gt;(task2)]
10:47:09,567 [main] DEBUG org.activiti.engine.impl.persistence.entity.ExecutionEntity  - active concurrent executions: []
10:47:09,567 [main] DEBUG org.activiti.engine.impl.persistence.entity.ExecutionEntity  - recyclable executions for reuse: []
10:47:09,567 [main] DEBUG org.activiti.engine.impl.persistence.entity.ExecutionEntity  - Child execution ScopeExecution[80] created with parent 
10:47:09,567 [main] DEBUG org.activiti.engine.impl.persistence.entity.ExecutionEntity  - new ScopeExecution[80] with parent ScopeExecution[76] created to take transition (subProcessFork)--flow3--&gt;(task1)
10:47:09,567 [main] DEBUG org.activiti.engine.impl.persistence.entity.ExecutionEntity  - Child execution ScopeExecution[81] created with parent 
10:47:09,567 [main] DEBUG org.activiti.engine.impl.persistence.entity.ExecutionEntity  - new ScopeExecution[81] with parent ScopeExecution[76] created to take transition (subProcessFork)--flow4--&gt;(task2)
10:47:09,567 [main] DEBUG org.activiti.engine.impl.history.DefaultHistoryManager  - Current history level: FULL, level required: ACTIVITY
10:47:09,567 [main] DEBUG org.activiti.engine.impl.persistence.entity.HistoricActivityInstanceEntity.selectHistoricActivityInstancesByQueryCriteria  - ==&gt;  Preparing: select RES.* from ACT_HI_ACTINST RES WHERE RES.EXECUTION_ID_ = ? and RES.ACT_ID_ = ? and RES.END_TIME_ is null order by order by RES.ID_ asc LIMIT ? OFFSET ? 
10:47:09,568 [main] DEBUG org.activiti.engine.impl.interceptor.CommandContext  - Error while closing command context
org.apache.ibatis.exceptions.PersistenceException: 
### Error querying database.  Cause: org.h2.jdbc.JdbcSQLException: Syntax error in SQL statement &quot;SELECT RES.* 
     
    FROM ACT_HI_ACTINST RES
     WHERE  RES.EXECUTION_ID_ = ?
      
      
      
        AND RES.ACT_ID_ = ?
      
      
      
      
      
      
      
      
        AND RES.END_TIME_ IS NULL 
   
     ORDER BY  ORDER[*] BY RES.ID_ ASC  
    LIMIT ? OFFSET ? &quot;; expected &quot;=, NOT, EXISTS, INTERSECTS, SELECT, FROM&quot;; SQL statement:
select RES.* 
     
    from ACT_HI_ACTINST RES
     WHERE  RES.EXECUTION_ID_ = ?
      
      
      
        and RES.ACT_ID_ = ?
      
      
      
      
      
      
      
      
        and RES.END_TIME_ is null 
   
     order by  order by RES.ID_ asc  
    LIMIT ? OFFSET ? [42001-176]
### The error may exist in org/activiti/db/mapping/entity/HistoricActivityInstance.xml
### The error may involve org.activiti.engine.impl.persistence.entity.HistoricActivityInstanceEntity.selectHistoricActivityInstancesByQueryCriteria
### The error occurred while executing a query
### SQL: select RES.*            from ACT_HI_ACTINST RES      WHERE  RES.EXECUTION_ID_ = ?                              and RES.ACT_ID_ = ?                                                                 and RES.END_TIME_ is null           order by  order by RES.ID_ asc       LIMIT ? OFFSET ?
### Cause: org.h2.jdbc.JdbcSQLException: Syntax error in SQL statement &quot;SELECT RES.* 
     
    FROM ACT_HI_ACTINST RES
     WHERE  RES.EXECUTION_ID_ = ?
      
      
      
        AND RES.ACT_ID_ = ?
      
      
      
      
      
      
      
      
        AND RES.END_TIME_ IS NULL 
   
     ORDER BY  ORDER[*] BY RES.ID_ ASC  
    LIMIT ? OFFSET ? &quot;; expected &quot;=, NOT, EXISTS, INTERSECTS, SELECT, FROM&quot;; SQL statement:
select RES.* 
     
    from ACT_HI_ACTINST RES
     WHERE  RES.EXECUTION_ID_ = ?
      
      
      
        and RES.ACT_ID_ = ?
      
      
      
      
      
      
      
      
        and RES.END_TIME_ is null 
   
     order by  order by RES.ID_ asc  
    LIMIT ? OFFSET ? [42001-176]
	at org.apache.ibatis.exceptions.ExceptionFactory.wrapException(ExceptionFactory.java:30)
	at org.apache.ibatis.session.defaults.DefaultSqlSession.selectList(DefaultSqlSession.java:122)
	at org.apache.ibatis.session.defaults.DefaultSqlSession.selectList(DefaultSqlSession.java:113)
	at org.activiti.engine.impl.db.DbSqlSession.selectListWithRawParameter(DbSqlSession.java:438)
	at org.activiti.engine.impl.db.DbSqlSession.selectList(DbSqlSession.java:429)
	at org.activiti.engine.impl.db.DbSqlSession.selectList(DbSqlSession.java:419)
	at org.activiti.engine.impl.persistence.entity.HistoricActivityInstanceEntityManager.findHistoricActivityInstancesByQueryCriteria(HistoricActivityInstanceEntityManager.java:56)
	at org.activiti.engine.impl.HistoricActivityInstanceQueryImpl.executeList(HistoricActivityInstanceQueryImpl.java:70)
	at org.activiti.engine.impl.AbstractQuery.listPage(AbstractQuery.java:151)
	at org.activiti.engine.impl.history.DefaultHistoryManager.findActivityInstance(DefaultHistoryManager.java:355)
	at org.activiti.engine.impl.history.DefaultHistoryManager.recordActivityEnd(DefaultHistoryManager.java:281)
	at org.activiti.engine.impl.history.handler.ActivityInstanceEndHandler.notify(ActivityInstanceEndHandler.java:29)
	at org.activiti.engine.impl.pvm.runtime.AbstractEventAtomicOperation.execute(AbstractEventAtomicOperation.java:42)
	at org.activiti.engine.impl.interceptor.CommandContext.performOperation(CommandContext.java:97)
	at org.activiti.engine.impl.persistence.entity.ExecutionEntity.performOperationSync(ExecutionEntity.java:636)
	at org.activiti.engine.impl.persistence.entity.ExecutionEntity.performOperation(ExecutionEntity.java:629)
	at org.activiti.engine.impl.persistence.entity.ExecutionEntity.take(ExecutionEntity.java:453)
	at org.activiti.engine.impl.pvm.runtime.OutgoingExecution.take(OutgoingExecution.java:48)
	at org.activiti.engine.impl.persistence.entity.ExecutionEntity.takeAll(ExecutionEntity.java:589)
	at org.activiti.engine.impl.bpmn.behavior.ParallelGatewayActivityBehavior.execute(ParallelGatewayActivityBehavior.java:78)
	at org.activiti.engine.impl.pvm.runtime.AtomicOperationActivityExecute.execute(AtomicOperationActivityExecute.java:60)
	at org.activiti.engine.impl.interceptor.CommandContext.performOperation(CommandContext.java:97)
	at org.activiti.engine.impl.persistence.entity.ExecutionEntity.performOperationSync(ExecutionEntity.java:636)
	at org.activiti.engine.impl.persistence.entity.ExecutionEntity.performOperation(ExecutionEntity.java:629)
	at org.activiti.engine.impl.pvm.runtime.AtomicOperationTransitionNotifyListenerStart.eventNotificationsCompleted(AtomicOperationTransitionNotifyListenerStart.java:52)
	at org.activiti.engine.impl.pvm.runtime.AbstractEventAtomicOperation.execute(AbstractEventAtomicOperation.java:56)
	at org.activiti.engine.impl.interceptor.CommandContext.performOperation(CommandContext.java:97)
	at org.activiti.engine.impl.persistence.entity.ExecutionEntity.performOperationSync(ExecutionEntity.java:636)
	at org.activiti.engine.impl.persistence.entity.ExecutionEntity.performOperation(ExecutionEntity.java:629)
	at org.activiti.engine.impl.pvm.runtime.AbstractEventAtomicOperation.execute(AbstractEventAtomicOperation.java:49)
	at org.activiti.engine.impl.interceptor.CommandContext.performOperation(CommandContext.java:97)
	at org.activiti.engine.impl.persistence.entity.ExecutionEntity.performOperationSync(ExecutionEntity.java:636)
	at org.activiti.engine.impl.persistence.entity.ExecutionEntity.performOperation(ExecutionEntity.java:629)
	at org.activiti.engine.impl.pvm.runtime.AtomicOperationTransitionCreateScope.execute(AtomicOperationTransitionCreateScope.java:49)
	at org.activiti.engine.impl.interceptor.CommandContext.performOperation(CommandContext.java:97)
	at org.activiti.engine.impl.persistence.entity.ExecutionEntity.performOperationSync(ExecutionEntity.java:636)
	at org.activiti.engine.impl.persistence.entity.ExecutionEntity.performOperation(ExecutionEntity.java:629)
	at org.activiti.engine.impl.pvm.runtime.AtomicOperationTransitionNotifyListenerTake.execute(AtomicOperationTransitionNotifyListenerTake.java:80)
	at org.activiti.engine.impl.interceptor.CommandContext.performOperation(CommandContext.java:97)
	at org.activiti.engine.impl.persistence.entity.ExecutionEntity.performOperationSync(ExecutionEntity.java:636)
	at org.activiti.engine.impl.persistence.entity.ExecutionEntity.performOperation(ExecutionEntity.java:629)
	at org.activiti.engine.impl.pvm.runtime.AtomicOperationTransitionDestroyScope.execute(AtomicOperationTransitionDestroyScope.java:116)
	at org.activiti.engine.impl.interceptor.CommandContext.performOperation(CommandContext.java:97)
	at org.activiti.engine.impl.persistence.entity.ExecutionEntity.performOperationSync(ExecutionEntity.java:636)
	at org.activiti.engine.impl.persistence.entity.ExecutionEntity.performOperation(ExecutionEntity.java:629)
	at org.activiti.engine.impl.pvm.runtime.AtomicOperationTransitionNotifyListenerEnd.eventNotificationsCompleted(AtomicOperationTransitionNotifyListenerEnd.java:35)
	at org.activiti.engine.impl.pvm.runtime.AbstractEventAtomicOperation.execute(AbstractEventAtomicOperation.java:56)
	at org.activiti.engine.impl.interceptor.CommandContext.performOperation(CommandContext.java:97)
	at org.activiti.engine.impl.persistence.entity.ExecutionEntity.performOperationSync(ExecutionEntity.java:636)
	at org.activiti.engine.impl.persistence.entity.ExecutionEntity.performOperation(ExecutionEntity.java:629)
	at org.activiti.engine.impl.pvm.runtime.AbstractEventAtomicOperation.execute(AbstractEventAtomicOperation.java:49)
	at org.activiti.engine.impl.interceptor.CommandContext.performOperation(CommandContext.java:97)
	at org.activiti.engine.impl.persistence.entity.ExecutionEntity.performOperationSync(ExecutionEntity.java:636)
	at org.activiti.engine.impl.persistence.entity.ExecutionEntity.performOperation(ExecutionEntity.java:629)
	at org.activiti.engine.impl.persistence.entity.ExecutionEntity.take(ExecutionEntity.java:453)
	at org.activiti.engine.impl.persistence.entity.ExecutionEntity.take(ExecutionEntity.java:431)
	at org.activiti.engine.impl.bpmn.behavior.BpmnActivityBehavior.performOutgoingBehavior(BpmnActivityBehavior.java:140)
	at org.activiti.engine.impl.bpmn.behavior.BpmnActivityBehavior.performDefaultOutgoingBehavior(BpmnActivityBehavior.java:66)
	at org.activiti.engine.impl.bpmn.behavior.FlowNodeActivityBehavior.leave(FlowNodeActivityBehavior.java:44)
	at org.activiti.engine.impl.bpmn.behavior.FlowNodeActivityBehavior.execute(FlowNodeActivityBehavior.java:36)
	at org.activiti.engine.impl.pvm.runtime.AtomicOperationActivityExecute.execute(AtomicOperationActivityExecute.java:60)
	at org.activiti.engine.impl.interceptor.CommandContext.performOperation(CommandContext.java:97)
	at org.activiti.engine.impl.persistence.entity.ExecutionEntity.performOperationSync(ExecutionEntity.java:636)
	at org.activiti.engine.impl.persistence.entity.ExecutionEntity.performOperation(ExecutionEntity.java:629)
	at org.activiti.engine.impl.pvm.runtime.AtomicOperationActivityStart.eventNotificationsCompleted(AtomicOperationActivityStart.java:26)
	at org.activiti.engine.impl.pvm.runtime.AbstractEventAtomicOperation.execute(AbstractEventAtomicOperation.java:56)
	at org.activiti.engine.impl.interceptor.CommandContext.performOperation(CommandContext.java:97)
	at org.activiti.engine.impl.persistence.entity.ExecutionEntity.performOperationSync(ExecutionEntity.java:636)
	at org.activiti.engine.impl.persistence.entity.ExecutionEntity.performOperation(ExecutionEntity.java:629)
	at org.activiti.engine.impl.persistence.entity.ExecutionEntity.executeActivity(ExecutionEntity.java:458)
	at org.activiti.engine.impl.bpmn.behavior.SubProcessActivityBehavior.execute(SubProcessActivityBehavior.java:55)
	at org.activiti.engine.impl.pvm.runtime.AtomicOperationActivityExecute.execute(AtomicOperationActivityExecute.java:60)
	at org.activiti.engine.impl.interceptor.CommandContext.performOperation(CommandContext.java:97)
	at org.activiti.engine.impl.persistence.entity.ExecutionEntity.performOperationSync(ExecutionEntity.java:636)
	at org.activiti.engine.impl.persistence.entity.ExecutionEntity.performOperation(ExecutionEntity.java:629)
	at org.activiti.engine.impl.pvm.runtime.AtomicOperationTransitionNotifyListenerStart.eventNotificationsCompleted(AtomicOperationTransitionNotifyListenerStart.java:52)
	at org.activiti.engine.impl.pvm.runtime.AbstractEventAtomicOperation.execute(AbstractEventAtomicOperation.java:56)
	at org.activiti.engine.impl.interceptor.CommandContext.performOperation(CommandContext.java:97)
	at org.activiti.engine.impl.persistence.entity.ExecutionEntity.performOperationSync(ExecutionEntity.java:636)
	at org.activiti.engine.impl.persistence.entity.ExecutionEntity.performOperation(ExecutionEntity.java:629)
	at org.activiti.engine.impl.pvm.runtime.AbstractEventAtomicOperation.execute(AbstractEventAtomicOperation.java:49)
	at org.activiti.engine.impl.interceptor.CommandContext.performOperation(CommandContext.java:97)
	at org.activiti.engine.impl.persistence.entity.ExecutionEntity.performOperationSync(ExecutionEntity.java:636)
	at org.activiti.engine.impl.persistence.entity.ExecutionEntity.performOperation(ExecutionEntity.java:629)
	at org.activiti.engine.impl.pvm.runtime.AtomicOperationTransitionCreateScope.execute(AtomicOperationTransitionCreateScope.java:49)
	at org.activiti.engine.impl.interceptor.CommandContext.performOperation(CommandContext.java:97)
	at org.activiti.engine.impl.persistence.entity.ExecutionEntity.performOperationSync(ExecutionEntity.java:636)
	at org.activiti.engine.impl.persistence.entity.ExecutionEntity.performOperation(ExecutionEntity.java:629)
	at org.activiti.engine.impl.pvm.runtime.AtomicOperationTransitionNotifyListenerTake.execute(AtomicOperationTransitionNotifyListenerTake.java:80)
	at org.activiti.engine.impl.interceptor.CommandContext.performOperation(CommandContext.java:97)
	at org.activiti.engine.impl.persistence.entity.ExecutionEntity.performOperationSync(ExecutionEntity.java:636)
	at org.activiti.engine.impl.persistence.entity.ExecutionEntity.performOperation(ExecutionEntity.java:629)
	at org.activiti.engine.impl.pvm.runtime.AtomicOperationTransitionDestroyScope.execute(AtomicOperationTransitionDestroyScope.java:116)
	at org.activiti.engine.impl.interceptor.CommandContext.performOperation(CommandContext.java:97)
	at org.activiti.engine.impl.persistence.entity.ExecutionEntity.performOperationSync(ExecutionEntity.java:636)
	at org.activiti.engine.impl.persistence.entity.ExecutionEntity.performOperation(ExecutionEntity.java:629)
	at org.activiti.engine.impl.pvm.runtime.AtomicOperationTransitionNotifyListenerEnd.eventNotificationsCompleted(AtomicOperationTransitionNotifyListenerEnd.java:35)
	at org.activiti.engine.impl.pvm.runtime.AbstractEventAtomicOperation.execute(AbstractEventAtomicOperation.java:56)
	at org.activiti.engine.impl.interceptor.CommandContext.performOperation(CommandContext.java:97)
	at org.activiti.engine.impl.persistence.entity.ExecutionEntity.performOperationSync(ExecutionEntity.java:636)
	at org.activiti.engine.impl.persistence.entity.ExecutionEntity.performOperation(ExecutionEntity.java:629)
	at org.activiti.engine.impl.pvm.runtime.AbstractEventAtomicOperation.execute(AbstractEventAtomicOperation.java:49)
	at org.activiti.engine.impl.interceptor.CommandContext.performOperation(CommandContext.java:97)
	at org.activiti.engine.impl.persistence.entity.ExecutionEntity.performOperationSync(ExecutionEntity.java:636)
	at org.activiti.engine.impl.persistence.entity.ExecutionEntity.performOperation(ExecutionEntity.java:629)
	at org.activiti.engine.impl.persistence.entity.ExecutionEntity.take(ExecutionEntity.java:453)
	at org.activiti.engine.impl.persistence.entity.ExecutionEntity.take(ExecutionEntity.java:431)
	at org.activiti.engine.impl.bpmn.behavior.BpmnActivityBehavior.performOutgoingBehavior(BpmnActivityBehavior.java:140)
	at org.activiti.engine.impl.bpmn.behavior.BpmnActivityBehavior.performDefaultOutgoingBehavior(BpmnActivityBehavior.java:66)
	at org.activiti.engine.impl.bpmn.behavior.FlowNodeActivityBehavior.leave(FlowNodeActivityBehavior.java:44)
	at org.activiti.engine.impl.bpmn.behavior.FlowNodeActivityBehavior.execute(FlowNodeActivityBehavior.java:36)
	at org.activiti.engine.impl.pvm.runtime.AtomicOperationActivityExecute.execute(AtomicOperationActivityExecute.java:60)
	at org.activiti.engine.impl.interceptor.CommandContext.performOperation(CommandContext.java:97)
	at org.activiti.engine.impl.persistence.entity.ExecutionEntity.performOperationSync(ExecutionEntity.java:636)
	at org.activiti.engine.impl.persistence.entity.ExecutionEntity.performOperation(ExecutionEntity.java:629)
	at org.activiti.engine.impl.pvm.runtime.AtomicOperationProcessStartInitial.eventNotificationsCompleted(AtomicOperationProcessStartInitial.java:45)
	at org.activiti.engine.impl.pvm.runtime.AbstractEventAtomicOperation.execute(AbstractEventAtomicOperation.java:56)
	at org.activiti.engine.impl.interceptor.CommandContext.performOperation(CommandContext.java:97)
	at org.activiti.engine.impl.persistence.entity.ExecutionEntity.performOperationSync(ExecutionEntity.java:636)
	at org.activiti.engine.impl.persistence.entity.ExecutionEntity.performOperation(ExecutionEntity.java:629)
	at org.activiti.engine.impl.pvm.runtime.AtomicOperationProcessStart.eventNotificationsCompleted(AtomicOperationProcessStart.java:64)
	at org.activiti.engine.impl.pvm.runtime.AbstractEventAtomicOperation.execute(AbstractEventAtomicOperation.java:56)
	at org.activiti.engine.impl.interceptor.CommandContext.performOperation(CommandContext.java:97)
	at org.activiti.engine.impl.persistence.entity.ExecutionEntity.performOperationSync(ExecutionEntity.java:636)
	at org.activiti.engine.impl.persistence.entity.ExecutionEntity.performOperation(ExecutionEntity.java:629)
	at org.activiti.engine.impl.persistence.entity.ExecutionEntity.start(ExecutionEntity.java:381)
	at org.activiti.engine.impl.cmd.StartProcessInstanceCmd.execute(StartProcessInstanceCmd.java:110)
	at org.activiti.engine.impl.cmd.StartProcessInstanceCmd.execute(StartProcessInstanceCmd.java:37)
	at org.activiti.engine.impl.interceptor.CommandInvoker.execute(CommandInvoker.java:24)
	at org.activiti.engine.impl.interceptor.CommandContextInterceptor.execute(CommandContextInterceptor.java:57)
	at org.activiti.engine.impl.interceptor.LogInterceptor.execute(LogInterceptor.java:37)
	at org.activiti.engine.impl.cfg.CommandExecutorImpl.execute(CommandExecutorImpl.java:40)
	at org.activiti.engine.impl.cfg.CommandExecutorImpl.execute(CommandExecutorImpl.java:35)
	at org.activiti.engine.impl.RuntimeServiceImpl.startProcessInstanceByKey(RuntimeServiceImpl.java:69)
	at org.activiti.engine.test.bpmn.subprocess.SubProcessTest.testSimpleParallelSubProcess(SubProcessTest.java:191)
	at sun.reflect.NativeMethodAccessorImpl.invoke0(Native Method)
	at sun.reflect.NativeMethodAccessorImpl.invoke(NativeMethodAccessorImpl.java:62)
	at sun.reflect.DelegatingMethodAccessorImpl.invoke(DelegatingMethodAccessorImpl.java:43)
	at java.lang.reflect.Method.invoke(Method.java:498)
	at junit.framework.TestCase.runTest(TestCase.java:176)
	at org.activiti.engine.impl.test.PvmTestCase.runTest(PvmTestCase.java:65)
	at junit.framework.TestCase.runBare(TestCase.java:141)
	at org.activiti.engine.impl.test.AbstractActivitiTestCase.runBare(AbstractActivitiTestCase.java:100)
	at junit.framework.TestResult$1.protect(TestResult.java:122)
	at junit.framework.TestResult.runProtected(TestResult.java:142)
	at junit.framework.TestResult.run(TestResult.java:125)
	at junit.framework.TestCase.run(TestCase.java:129)
	at junit.framework.TestSuite.runTest(TestSuite.java:255)
	at junit.framework.TestSuite.run(TestSuite.java:250)
	at org.junit.internal.runners.JUnit38ClassRunner.run(JUnit38ClassRunner.java:84)
	at org.apache.maven.surefire.junit4.JUnit4TestSet.execute(JUnit4TestSet.java:35)
	at org.apache.maven.surefire.junit4.JUnit4Provider.executeTestSet(JUnit4Provider.java:146)
	at org.apache.maven.surefire.junit4.JUnit4Provider.invoke(JUnit4Provider.java:97)
	at sun.reflect.NativeMethodAccessorImpl.invoke0(Native Method)
	at sun.reflect.NativeMethodAccessorImpl.invoke(NativeMethodAccessorImpl.java:62)
	at sun.reflect.DelegatingMethodAccessorImpl.invoke(DelegatingMethodAccessorImpl.java:43)
	at java.lang.reflect.Method.invoke(Method.java:498)
	at org.apache.maven.surefire.booter.ProviderFactory$ClassLoaderProxy.invoke(ProviderFactory.java:103)
	at com.sun.proxy.$Proxy0.invoke(Unknown Source)
	at org.apache.maven.surefire.booter.SurefireStarter.invokeProvider(SurefireStarter.java:145)
	at org.apache.maven.surefire.booter.SurefireStarter.runSuitesInProcess(SurefireStarter.java:87)
	at org.apache.maven.surefire.booter.ForkedBooter.main(ForkedBooter.java:69)
Caused by: org.h2.jdbc.JdbcSQLException: Syntax error in SQL statement &quot;SELECT RES.* 
     
    FROM ACT_HI_ACTINST RES
     WHERE  RES.EXECUTION_ID_ = ?
      
      
      
        AND RES.ACT_ID_ = ?
      
      
      
      
      
      
      
      
        AND RES.END_TIME_ IS NULL 
   
     ORDER BY  ORDER[*] BY RES.ID_ ASC  
    LIMIT ? OFFSET ? &quot;; expected &quot;=, NOT, EXISTS, INTERSECTS, SELECT, FROM&quot;; SQL statement:
select RES.* 
     
    from ACT_HI_ACTINST RES
     WHERE  RES.EXECUTION_ID_ = ?
      
      
      
        and RES.ACT_ID_ = ?
      
      
      
      
      
      
      
      
        and RES.END_TIME_ is null 
   
     order by  order by RES.ID_ asc  
    LIMIT ? OFFSET ? [42001-176]
	at org.h2.message.DbException.getJdbcSQLException(DbException.java:344)
	at org.h2.message.DbException.getSyntaxError(DbException.java:204)
	at org.h2.command.Parser.getSyntaxError(Parser.java:524)
	at org.h2.command.Parser.readTerm(Parser.java:2688)
	at org.h2.command.Parser.readFactor(Parser.java:2244)
	at org.h2.command.Parser.readSum(Parser.java:2231)
	at org.h2.command.Parser.readConcat(Parser.java:2201)
	at org.h2.command.Parser.readCondition(Parser.java:2051)
	at org.h2.command.Parser.readAnd(Parser.java:2023)
	at org.h2.command.Parser.readExpression(Parser.java:2015)
	at org.h2.command.Parser.parseEndOfQuery(Parser.java:1726)
	at org.h2.command.Parser.parseSelectUnionExtension(Parser.java:1706)
	at org.h2.command.Parser.parseSelectUnion(Parser.java:1675)
	at org.h2.command.Parser.parseSelect(Parser.java:1662)
	at org.h2.command.Parser.parsePrepared(Parser.java:434)
	at org.h2.command.Parser.parse(Parser.java:306)
	at org.h2.command.Parser.parse(Parser.java:282)
	at org.h2.command.Parser.prepareCommand(Parser.java:243)
	at org.h2.engine.Session.prepareLocal(Session.java:442)
	at org.h2.engine.Session.prepareCommand(Session.java:384)
	at org.h2.jdbc.JdbcConnection.prepareCommand(JdbcConnection.java:1188)
	at org.h2.jdbc.JdbcPreparedStatement.&lt;init&gt;(JdbcPreparedStatement.java:73)
	at org.h2.jdbc.JdbcConnection.prepareStatement(JdbcConnection.java:276)
	at sun.reflect.GeneratedMethodAccessor6.invoke(Unknown Source)
	at sun.reflect.DelegatingMethodAccessorImpl.invoke(DelegatingMethodAccessorImpl.java:43)
	at java.lang.reflect.Method.invoke(Method.java:498)
	at org.apache.ibatis.datasource.pooled.PooledConnection.invoke(PooledConnection.java:245)
	at com.sun.proxy.$Proxy12.prepareStatement(Unknown Source)
	at sun.reflect.GeneratedMethodAccessor6.invoke(Unknown Source)
	at sun.reflect.DelegatingMethodAccessorImpl.invoke(DelegatingMethodAccessorImpl.java:43)
	at java.lang.reflect.Method.invoke(Method.java:498)
	at org.apache.ibatis.logging.jdbc.ConnectionLogger.invoke(ConnectionLogger.java:55)
	at com.sun.proxy.$Proxy12.prepareStatement(Unknown Source)
	at org.apache.ibatis.executor.statement.PreparedStatementHandler.instantiateStatement(PreparedStatementHandler.java:79)
	at org.apache.ibatis.executor.statement.BaseStatementHandler.prepare(BaseStatementHandler.java:88)
	at org.apache.ibatis.executor.statement.RoutingStatementHandler.prepare(RoutingStatementHandler.java:58)
	at org.apache.ibatis.executor.SimpleExecutor.prepareStatement(SimpleExecutor.java:76)
	at org.apache.ibatis.executor.SimpleExecutor.doQuery(SimpleExecutor.java:61)
	at org.apache.ibatis.executor.BaseExecutor.queryFromDatabase(BaseExecutor.java:303)
	at org.apache.ibatis.executor.BaseExecutor.query(BaseExecutor.java:154)
	at org.apache.ibatis.executor.CachingExecutor.query(CachingExecutor.java:102)
	at org.apache.ibatis.executor.CachingExecutor.query(CachingExecutor.java:82)
	at org.apache.ibatis.session.defaults.DefaultSqlSession.selectList(DefaultSqlSession.java:120)
	... 160 more
10:47:09,569 [main] DEBUG org.activiti.engine.impl.cfg.standalone.StandaloneMybatisTransactionContext  - firing event rolling back...
10:47:09,569 [main] DEBUG org.activiti.engine.impl.cfg.standalone.StandaloneMybatisTransactionContext  - rolling back ibatis sql session...
10:47:09,569 [main] DEBUG org.activiti.engine.impl.cfg.standalone.StandaloneMybatisTransactionContext  - firing event rolled back...
10:47:09,569 [main] DEBUG org.apache.ibatis.transaction.jdbc.JdbcTransaction  - Resetting autocommit to true on JDBC Connection [conn6: url=jdbc:h2:mem:activiti user=SA]
10:47:09,569 [main] DEBUG org.apache.ibatis.transaction.jdbc.JdbcTransaction  - Closing JDBC Connection [conn6: url=jdbc:h2:mem:activiti user=SA]
10:47:09,569 [main] DEBUG org.apache.ibatis.datasource.pooled.PooledDataSource  - Returned connection 486346394 to pool.
10:47:09,569 [main] DEBUG org.activiti.engine.impl.interceptor.LogInterceptor  - --- StartProcessInstanceCmd finished --------------------------------------------------------
10:47:09,569 [main] DEBUG org.activiti.engine.impl.interceptor.LogInterceptor  - 

10:47:09,569 [main] ERROR org.activiti.engine.impl.test.PvmTestCase  - 

10:47:09,569 [main] ERROR org.activiti.engine.impl.test.PvmTestCase  - EXCEPTION: org.apache.ibatis.exceptions.PersistenceException: 
### Error querying database.  Cause: org.h2.jdbc.JdbcSQLException: Syntax error in SQL statement &quot;SELECT RES.* 
     
    FROM ACT_HI_ACTINST RES
     WHERE  RES.EXECUTION_ID_ = ?
      
      
      
        AND RES.ACT_ID_ = ?
      
      
      
      
      
      
      
      
        AND RES.END_TIME_ IS NULL 
   
     ORDER BY  ORDER[*] BY RES.ID_ ASC  
    LIMIT ? OFFSET ? &quot;; expected &quot;=, NOT, EXISTS, INTERSECTS, SELECT, FROM&quot;; SQL statement:
select RES.* 
     
    from ACT_HI_ACTINST RES
     WHERE  RES.EXECUTION_ID_ = ?
      
      
      
        and RES.ACT_ID_ = ?
      
      
      
      
      
      
      
      
        and RES.END_TIME_ is null 
   
     order by  order by RES.ID_ asc  
    LIMIT ? OFFSET ? [42001-176]
### The error may exist in org/activiti/db/mapping/entity/HistoricActivityInstance.xml
### The error may involve org.activiti.engine.impl.persistence.entity.HistoricActivityInstanceEntity.selectHistoricActivityInstancesByQueryCriteria
### The error occurred while executing a query
### SQL: select RES.*            from ACT_HI_ACTINST RES      WHERE  RES.EXECUTION_ID_ = ?                              and RES.ACT_ID_ = ?                                                                 and RES.END_TIME_ is null           order by  order by RES.ID_ asc       LIMIT ? OFFSET ?
### Cause: org.h2.jdbc.JdbcSQLException: Syntax error in SQL statement &quot;SELECT RES.* 
     
    FROM ACT_HI_ACTINST RES
     WHERE  RES.EXECUTION_ID_ = ?
      
      
      
        AND RES.ACT_ID_ = ?
      
      
      
      
      
      
      
      
        AND RES.END_TIME_ IS NULL 
   
     ORDER BY  ORDER[*] BY RES.ID_ ASC  
    LIMIT ? OFFSET ? &quot;; expected &quot;=, NOT, EXISTS, INTERSECTS, SELECT, FROM&quot;; SQL statement:
select RES.* 
     
    from ACT_HI_ACTINST RES
     WHERE  RES.EXECUTION_ID_ = ?
      
      
      
        and RES.ACT_ID_ = ?
      
      
      
      
      
      
      
      
        and RES.END_TIME_ is null 
   
     order by  order by RES.ID_ asc  
    LIMIT ? OFFSET ? [42001-176]
org.apache.ibatis.exceptions.PersistenceException: 
### Error querying database.  Cause: org.h2.jdbc.JdbcSQLException: Syntax error in SQL statement &quot;SELECT RES.* 
     
    FROM ACT_HI_ACTINST RES
     WHERE  RES.EXECUTION_ID_ = ?
      
      
      
        AND RES.ACT_ID_ = ?
      
      
      
      
      
      
      
      
        AND RES.END_TIME_ IS NULL 
   
     ORDER BY  ORDER[*] BY RES.ID_ ASC  
    LIMIT ? OFFSET ? &quot;; expected &quot;=, NOT, EXISTS, INTERSECTS, SELECT, FROM&quot;; SQL statement:
select RES.* 
     
    from ACT_HI_ACTINST RES
     WHERE  RES.EXECUTION_ID_ = ?
      
      
      
        and RES.ACT_ID_ = ?
      
      
      
      
      
      
      
      
        and RES.END_TIME_ is null 
   
     order by  order by RES.ID_ asc  
    LIMIT ? OFFSET ? [42001-176]
### The error may exist in org/activiti/db/mapping/entity/HistoricActivityInstance.xml
### The error may involve org.activiti.engine.impl.persistence.entity.HistoricActivityInstanceEntity.selectHistoricActivityInstancesByQueryCriteria
### The error occurred while executing a query
### SQL: select RES.*            from ACT_HI_ACTINST RES      WHERE  RES.EXECUTION_ID_ = ?                              and RES.ACT_ID_ = ?                                                                 and RES.END_TIME_ is null           order by  order by RES.ID_ asc       LIMIT ? OFFSET ?
### Cause: org.h2.jdbc.JdbcSQLException: Syntax error in SQL statement &quot;SELECT RES.* 
     
    FROM ACT_HI_ACTINST RES
     WHERE  RES.EXECUTION_ID_ = ?
      
      
      
        AND RES.ACT_ID_ = ?
      
      
      
      
      
      
      
      
        AND RES.END_TIME_ IS NULL 
   
     ORDER BY  ORDER[*] BY RES.ID_ ASC  
    LIMIT ? OFFSET ? &quot;; expected &quot;=, NOT, EXISTS, INTERSECTS, SELECT, FROM&quot;; SQL statement:
select RES.* 
     
    from ACT_HI_ACTINST RES
     WHERE  RES.EXECUTION_ID_ = ?
      
      
      
        and RES.ACT_ID_ = ?
      
      
      
      
      
      
      
      
        and RES.END_TIME_ is null 
   
     order by  order by RES.ID_ asc  
    LIMIT ? OFFSET ? [42001-176]
	at org.apache.ibatis.exceptions.ExceptionFactory.wrapException(ExceptionFactory.java:30)
	at org.apache.ibatis.session.defaults.DefaultSqlSession.selectList(DefaultSqlSession.java:122)
	at org.apache.ibatis.session.defaults.DefaultSqlSession.selectList(DefaultSqlSession.java:113)
	at org.activiti.engine.impl.db.DbSqlSession.selectListWithRawParameter(DbSqlSession.java:438)
	at org.activiti.engine.impl.db.DbSqlSession.selectList(DbSqlSession.java:429)
	at org.activiti.engine.impl.db.DbSqlSession.selectList(DbSqlSession.java:419)
	at org.activiti.engine.impl.persistence.entity.HistoricActivityInstanceEntityManager.findHistoricActivityInstancesByQueryCriteria(HistoricActivityInstanceEntityManager.java:56)
	at org.activiti.engine.impl.HistoricActivityInstanceQueryImpl.executeList(HistoricActivityInstanceQueryImpl.java:70)
	at org.activiti.engine.impl.AbstractQuery.listPage(AbstractQuery.java:151)
	at org.activiti.engine.impl.history.DefaultHistoryManager.findActivityInstance(DefaultHistoryManager.java:355)
	at org.activiti.engine.impl.history.DefaultHistoryManager.recordActivityEnd(DefaultHistoryManager.java:281)
	at org.activiti.engine.impl.history.handler.ActivityInstanceEndHandler.notify(ActivityInstanceEndHandler.java:29)
	at org.activiti.engine.impl.pvm.runtime.AbstractEventAtomicOperation.execute(AbstractEventAtomicOperation.java:42)
	at org.activiti.engine.impl.interceptor.CommandContext.performOperation(CommandContext.java:97)
	at org.activiti.engine.impl.persistence.entity.ExecutionEntity.performOperationSync(ExecutionEntity.java:636)
	at org.activiti.engine.impl.persistence.entity.ExecutionEntity.performOperation(ExecutionEntity.java:629)
	at org.activiti.engine.impl.persistence.entity.ExecutionEntity.take(ExecutionEntity.java:453)
	at org.activiti.engine.impl.pvm.runtime.OutgoingExecution.take(OutgoingExecution.java:48)
	at org.activiti.engine.impl.persistence.entity.ExecutionEntity.takeAll(ExecutionEntity.java:589)
	at org.activiti.engine.impl.bpmn.behavior.ParallelGatewayActivityBehavior.execute(ParallelGatewayActivityBehavior.java:78)
	at org.activiti.engine.impl.pvm.runtime.AtomicOperationActivityExecute.execute(AtomicOperationActivityExecute.java:60)
	at org.activiti.engine.impl.interceptor.CommandContext.performOperation(CommandContext.java:97)
	at org.activiti.engine.impl.persistence.entity.ExecutionEntity.performOperationSync(ExecutionEntity.java:636)
	at org.activiti.engine.impl.persistence.entity.ExecutionEntity.performOperation(ExecutionEntity.java:629)
	at org.activiti.engine.impl.pvm.runtime.AtomicOperationTransitionNotifyListenerStart.eventNotificationsCompleted(AtomicOperationTransitionNotifyListenerStart.java:52)
	at org.activiti.engine.impl.pvm.runtime.AbstractEventAtomicOperation.execute(AbstractEventAtomicOperation.java:56)
	at org.activiti.engine.impl.interceptor.CommandContext.performOperation(CommandContext.java:97)
	at org.activiti.engine.impl.persistence.entity.ExecutionEntity.performOperationSync(ExecutionEntity.java:636)
	at org.activiti.engine.impl.persistence.entity.ExecutionEntity.performOperation(ExecutionEntity.java:629)
	at org.activiti.engine.impl.pvm.runtime.AbstractEventAtomicOperation.execute(AbstractEventAtomicOperation.java:49)
	at org.activiti.engine.impl.interceptor.CommandContext.performOperation(CommandContext.java:97)
	at org.activiti.engine.impl.persistence.entity.ExecutionEntity.performOperationSync(ExecutionEntity.java:636)
	at org.activiti.engine.impl.persistence.entity.ExecutionEntity.performOperation(ExecutionEntity.java:629)
	at org.activiti.engine.impl.pvm.runtime.AtomicOperationTransitionCreateScope.execute(AtomicOperationTransitionCreateScope.java:49)
	at org.activiti.engine.impl.interceptor.CommandContext.performOperation(CommandContext.java:97)
	at org.activiti.engine.impl.persistence.entity.ExecutionEntity.performOperationSync(ExecutionEntity.java:636)
	at org.activiti.engine.impl.persistence.entity.ExecutionEntity.performOperation(ExecutionEntity.java:629)
	at org.activiti.engine.impl.pvm.runtime.AtomicOperationTransitionNotifyListenerTake.execute(AtomicOperationTransitionNotifyListenerTake.java:80)
	at org.activiti.engine.impl.interceptor.CommandContext.performOperation(CommandContext.java:97)
	at org.activiti.engine.impl.persistence.entity.ExecutionEntity.performOperationSync(ExecutionEntity.java:636)
	at org.activiti.engine.impl.persistence.entity.ExecutionEntity.performOperation(ExecutionEntity.java:629)
	at org.activiti.engine.impl.pvm.runtime.AtomicOperationTransitionDestroyScope.execute(AtomicOperationTransitionDestroyScope.java:116)
	at org.activiti.engine.impl.interceptor.CommandContext.performOperation(CommandContext.java:97)
	at org.activiti.engine.impl.persistence.entity.ExecutionEntity.performOperationSync(ExecutionEntity.java:636)
	at org.activiti.engine.impl.persistence.entity.ExecutionEntity.performOperation(ExecutionEntity.java:629)
	at org.activiti.engine.impl.pvm.runtime.AtomicOperationTransitionNotifyListenerEnd.eventNotificationsCompleted(AtomicOperationTransitionNotifyListenerEnd.java:35)
	at org.activiti.engine.impl.pvm.runtime.AbstractEventAtomicOperation.execute(AbstractEventAtomicOperation.java:56)
	at org.activiti.engine.impl.interceptor.CommandContext.performOperation(CommandContext.java:97)
	at org.activiti.engine.impl.persistence.entity.ExecutionEntity.performOperationSync(ExecutionEntity.java:636)
	at org.activiti.engine.impl.persistence.entity.ExecutionEntity.performOperation(ExecutionEntity.java:629)
	at org.activiti.engine.impl.pvm.runtime.AbstractEventAtomicOperation.execute(AbstractEventAtomicOperation.java:49)
	at org.activiti.engine.impl.interceptor.CommandContext.performOperation(CommandContext.java:97)
	at org.activiti.engine.impl.persistence.entity.ExecutionEntity.performOperationSync(ExecutionEntity.java:636)
	at org.activiti.engine.impl.persistence.entity.ExecutionEntity.performOperation(ExecutionEntity.java:629)
	at org.activiti.engine.impl.persistence.entity.ExecutionEntity.take(ExecutionEntity.java:453)
	at org.activiti.engine.impl.persistence.entity.ExecutionEntity.take(ExecutionEntity.java:431)
	at org.activiti.engine.impl.bpmn.behavior.BpmnActivityBehavior.performOutgoingBehavior(BpmnActivityBehavior.java:140)
	at org.activiti.engine.impl.bpmn.behavior.BpmnActivityBehavior.performDefaultOutgoingBehavior(BpmnActivityBehavior.java:66)
	at org.activiti.engine.impl.bpmn.behavior.FlowNodeActivityBehavior.leave(FlowNodeActivityBehavior.java:44)
	at org.activiti.engine.impl.bpmn.behavior.FlowNodeActivityBehavior.execute(FlowNodeActivityBehavior.java:36)
	at org.activiti.engine.impl.pvm.runtime.AtomicOperationActivityExecute.execute(AtomicOperationActivityExecute.java:60)
	at org.activiti.engine.impl.interceptor.CommandContext.performOperation(CommandContext.java:97)
	at org.activiti.engine.impl.persistence.entity.ExecutionEntity.performOperationSync(ExecutionEntity.java:636)
	at org.activiti.engine.impl.persistence.entity.ExecutionEntity.performOperation(ExecutionEntity.java:629)
	at org.activiti.engine.impl.pvm.runtime.AtomicOperationActivityStart.eventNotificationsCompleted(AtomicOperationActivityStart.java:26)
	at org.activiti.engine.impl.pvm.runtime.AbstractEventAtomicOperation.execute(AbstractEventAtomicOperation.java:56)
	at org.activiti.engine.impl.interceptor.CommandContext.performOperation(CommandContext.java:97)
	at org.activiti.engine.impl.persistence.entity.ExecutionEntity.performOperationSync(ExecutionEntity.java:636)
	at org.activiti.engine.impl.persistence.entity.ExecutionEntity.performOperation(ExecutionEntity.java:629)
	at org.activiti.engine.impl.persistence.entity.ExecutionEntity.executeActivity(ExecutionEntity.java:458)
	at org.activiti.engine.impl.bpmn.behavior.SubProcessActivityBehavior.execute(SubProcessActivityBehavior.java:55)
	at org.activiti.engine.impl.pvm.runtime.AtomicOperationActivityExecute.execute(AtomicOperationActivityExecute.java:60)
	at org.activiti.engine.impl.interceptor.CommandContext.performOperation(CommandContext.java:97)
	at org.activiti.engine.impl.persistence.entity.ExecutionEntity.performOperationSync(ExecutionEntity.java:636)
	at org.activiti.engine.impl.persistence.entity.ExecutionEntity.performOperation(ExecutionEntity.java:629)
	at org.activiti.engine.impl.pvm.runtime.AtomicOperationTransitionNotifyListenerStart.eventNotificationsCompleted(AtomicOperationTransitionNotifyListenerStart.java:52)
	at org.activiti.engine.impl.pvm.runtime.AbstractEventAtomicOperation.execute(AbstractEventAtomicOperation.java:56)
	at org.activiti.engine.impl.interceptor.CommandContext.performOperation(CommandContext.java:97)
	at org.activiti.engine.impl.persistence.entity.ExecutionEntity.performOperationSync(ExecutionEntity.java:636)
	at org.activiti.engine.impl.persistence.entity.ExecutionEntity.performOperation(ExecutionEntity.java:629)
	at org.activiti.engine.impl.pvm.runtime.AbstractEventAtomicOperation.execute(AbstractEventAtomicOperation.java:49)
	at org.activiti.engine.impl.interceptor.CommandContext.performOperation(CommandContext.java:97)
	at org.activiti.engine.impl.persistence.entity.ExecutionEntity.performOperationSync(ExecutionEntity.java:636)
	at org.activiti.engine.impl.persistence.entity.ExecutionEntity.performOperation(ExecutionEntity.java:629)
	at org.activiti.engine.impl.pvm.runtime.AtomicOperationTransitionCreateScope.execute(AtomicOperationTransitionCreateScope.java:49)
	at org.activiti.engine.impl.interceptor.CommandContext.performOperation(CommandContext.java:97)
	at org.activiti.engine.impl.persistence.entity.ExecutionEntity.performOperationSync(ExecutionEntity.java:636)
	at org.activiti.engine.impl.persistence.entity.ExecutionEntity.performOperation(ExecutionEntity.java:629)
	at org.activiti.engine.impl.pvm.runtime.AtomicOperationTransitionNotifyListenerTake.execute(AtomicOperationTransitionNotifyListenerTake.java:80)
	at org.activiti.engine.impl.interceptor.CommandContext.performOperation(CommandContext.java:97)
	at org.activiti.engine.impl.persistence.entity.ExecutionEntity.performOperationSync(ExecutionEntity.java:636)
	at org.activiti.engine.impl.persistence.entity.ExecutionEntity.performOperation(ExecutionEntity.java:629)
	at org.activiti.engine.impl.pvm.runtime.AtomicOperationTransitionDestroyScope.execute(AtomicOperationTransitionDestroyScope.java:116)
	at org.activiti.engine.impl.interceptor.CommandContext.performOperation(CommandContext.java:97)
	at org.activiti.engine.impl.persistence.entity.ExecutionEntity.performOperationSync(ExecutionEntity.java:636)
	at org.activiti.engine.impl.persistence.entity.ExecutionEntity.performOperation(ExecutionEntity.java:629)
	at org.activiti.engine.impl.pvm.runtime.AtomicOperationTransitionNotifyListenerEnd.eventNotificationsCompleted(AtomicOperationTransitionNotifyListenerEnd.java:35)
	at org.activiti.engine.impl.pvm.runtime.AbstractEventAtomicOperation.execute(AbstractEventAtomicOperation.java:56)
	at org.activiti.engine.impl.interceptor.CommandContext.performOperation(CommandContext.java:97)
	at org.activiti.engine.impl.persistence.entity.ExecutionEntity.performOperationSync(ExecutionEntity.java:636)
	at org.activiti.engine.impl.persistence.entity.ExecutionEntity.performOperation(ExecutionEntity.java:629)
	at org.activiti.engine.impl.pvm.runtime.AbstractEventAtomicOperation.execute(AbstractEventAtomicOperation.java:49)
	at org.activiti.engine.impl.interceptor.CommandContext.performOperation(CommandContext.java:97)
	at org.activiti.engine.impl.persistence.entity.ExecutionEntity.performOperationSync(ExecutionEntity.java:636)
	at org.activiti.engine.impl.persistence.entity.ExecutionEntity.performOperation(ExecutionEntity.java:629)
	at org.activiti.engine.impl.persistence.entity.ExecutionEntity.take(ExecutionEntity.java:453)
	at org.activiti.engine.impl.persistence.entity.ExecutionEntity.take(ExecutionEntity.java:431)
	at org.activiti.engine.impl.bpmn.behavior.BpmnActivityBehavior.performOutgoingBehavior(BpmnActivityBehavior.java:140)
	at org.activiti.engine.impl.bpmn.behavior.BpmnActivityBehavior.performDefaultOutgoingBehavior(BpmnActivityBehavior.java:66)
	at org.activiti.engine.impl.bpmn.behavior.FlowNodeActivityBehavior.leave(FlowNodeActivityBehavior.java:44)
	at org.activiti.engine.impl.bpmn.behavior.FlowNodeActivityBehavior.execute(FlowNodeActivityBehavior.java:36)
	at org.activiti.engine.impl.pvm.runtime.AtomicOperationActivityExecute.execute(AtomicOperationActivityExecute.java:60)
	at org.activiti.engine.impl.interceptor.CommandContext.performOperation(CommandContext.java:97)
	at org.activiti.engine.impl.persistence.entity.ExecutionEntity.performOperationSync(ExecutionEntity.java:636)
	at org.activiti.engine.impl.persistence.entity.ExecutionEntity.performOperation(ExecutionEntity.java:629)
	at org.activiti.engine.impl.pvm.runtime.AtomicOperationProcessStartInitial.eventNotificationsCompleted(AtomicOperationProcessStartInitial.java:45)
	at org.activiti.engine.impl.pvm.runtime.AbstractEventAtomicOperation.execute(AbstractEventAtomicOperation.java:56)
	at org.activiti.engine.impl.interceptor.CommandContext.performOperation(CommandContext.java:97)
	at org.activiti.engine.impl.persistence.entity.ExecutionEntity.performOperationSync(ExecutionEntity.java:636)
	at org.activiti.engine.impl.persistence.entity.ExecutionEntity.performOperation(ExecutionEntity.java:629)
	at org.activiti.engine.impl.pvm.runtime.AtomicOperationProcessStart.eventNotificationsCompleted(AtomicOperationProcessStart.java:64)
	at org.activiti.engine.impl.pvm.runtime.AbstractEventAtomicOperation.execute(AbstractEventAtomicOperation.java:56)
	at org.activiti.engine.impl.interceptor.CommandContext.performOperation(CommandContext.java:97)
	at org.activiti.engine.impl.persistence.entity.ExecutionEntity.performOperationSync(ExecutionEntity.java:636)
	at org.activiti.engine.impl.persistence.entity.ExecutionEntity.performOperation(ExecutionEntity.java:629)
	at org.activiti.engine.impl.persistence.entity.ExecutionEntity.start(ExecutionEntity.java:381)
	at org.activiti.engine.impl.cmd.StartProcessInstanceCmd.execute(StartProcessInstanceCmd.java:110)
	at org.activiti.engine.impl.cmd.StartProcessInstanceCmd.execute(StartProcessInstanceCmd.java:37)
	at org.activiti.engine.impl.interceptor.CommandInvoker.execute(CommandInvoker.java:24)
	at org.activiti.engine.impl.interceptor.CommandContextInterceptor.execute(CommandContextInterceptor.java:57)
	at org.activiti.engine.impl.interceptor.LogInterceptor.execute(LogInterceptor.java:37)
	at org.activiti.engine.impl.cfg.CommandExecutorImpl.execute(CommandExecutorImpl.java:40)
	at org.activiti.engine.impl.cfg.CommandExecutorImpl.execute(CommandExecutorImpl.java:35)
	at org.activiti.engine.impl.RuntimeServiceImpl.startProcessInstanceByKey(RuntimeServiceImpl.java:69)
	at org.activiti.engine.test.bpmn.subprocess.SubProcessTest.testSimpleParallelSubProcess(SubProcessTest.java:191)
	at sun.reflect.NativeMethodAccessorImpl.invoke0(Native Method)
	at sun.reflect.NativeMethodAccessorImpl.invoke(NativeMethodAccessorImpl.java:62)
	at sun.reflect.DelegatingMethodAccessorImpl.invoke(DelegatingMethodAccessorImpl.java:43)
	at java.lang.reflect.Method.invoke(Method.java:498)
	at junit.framework.TestCase.runTest(TestCase.java:176)
	at org.activiti.engine.impl.test.PvmTestCase.runTest(PvmTestCase.java:65)
	at junit.framework.TestCase.runBare(TestCase.java:141)
	at org.activiti.engine.impl.test.AbstractActivitiTestCase.runBare(AbstractActivitiTestCase.java:100)
	at junit.framework.TestResult$1.protect(TestResult.java:122)
	at junit.framework.TestResult.runProtected(TestResult.java:142)
	at junit.framework.TestResult.run(TestResult.java:125)
	at junit.framework.TestCase.run(TestCase.java:129)
	at junit.framework.TestSuite.runTest(TestSuite.java:255)
	at junit.framework.TestSuite.run(TestSuite.java:250)
	at org.junit.internal.runners.JUnit38ClassRunner.run(JUnit38ClassRunner.java:84)
	at org.apache.maven.surefire.junit4.JUnit4TestSet.execute(JUnit4TestSet.java:35)
	at org.apache.maven.surefire.junit4.JUnit4Provider.executeTestSet(JUnit4Provider.java:146)
	at org.apache.maven.surefire.junit4.JUnit4Provider.invoke(JUnit4Provider.java:97)
	at sun.reflect.NativeMethodAccessorImpl.invoke0(Native Method)
	at sun.reflect.NativeMethodAccessorImpl.invoke(NativeMethodAccessorImpl.java:62)
	at sun.reflect.DelegatingMethodAccessorImpl.invoke(DelegatingMethodAccessorImpl.java:43)
	at java.lang.reflect.Method.invoke(Method.java:498)
	at org.apache.maven.surefire.booter.ProviderFactory$ClassLoaderProxy.invoke(ProviderFactory.java:103)
	at com.sun.proxy.$Proxy0.invoke(Unknown Source)
	at org.apache.maven.surefire.booter.SurefireStarter.invokeProvider(SurefireStarter.java:145)
	at org.apache.maven.surefire.booter.SurefireStarter.runSuitesInProcess(SurefireStarter.java:87)
	at org.apache.maven.surefire.booter.ForkedBooter.main(ForkedBooter.java:69)
Caused by: org.h2.jdbc.JdbcSQLException: Syntax error in SQL statement &quot;SELECT RES.* 
     
    FROM ACT_HI_ACTINST RES
     WHERE  RES.EXECUTION_ID_ = ?
      
      
      
        AND RES.ACT_ID_ = ?
      
      
      
      
      
      
      
      
        AND RES.END_TIME_ IS NULL 
   
     ORDER BY  ORDER[*] BY RES.ID_ ASC  
    LIMIT ? OFFSET ? &quot;; expected &quot;=, NOT, EXISTS, INTERSECTS, SELECT, FROM&quot;; SQL statement:
select RES.* 
     
    from ACT_HI_ACTINST RES
     WHERE  RES.EXECUTION_ID_ = ?
      
      
      
        and RES.ACT_ID_ = ?
      
      
      
      
      
      
      
      
        and RES.END_TIME_ is null 
   
     order by  order by RES.ID_ asc  
    LIMIT ? OFFSET ? [42001-176]
	at org.h2.message.DbException.getJdbcSQLException(DbException.java:344)
	at org.h2.message.DbException.getSyntaxError(DbException.java:204)
	at org.h2.command.Parser.getSyntaxError(Parser.java:524)
	at org.h2.command.Parser.readTerm(Parser.java:2688)
	at org.h2.command.Parser.readFactor(Parser.java:2244)
	at org.h2.command.Parser.readSum(Parser.java:2231)
	at org.h2.command.Parser.readConcat(Parser.java:2201)
	at org.h2.command.Parser.readCondition(Parser.java:2051)
	at org.h2.command.Parser.readAnd(Parser.java:2023)
	at org.h2.command.Parser.readExpression(Parser.java:2015)
	at org.h2.command.Parser.parseEndOfQuery(Parser.java:1726)
	at org.h2.command.Parser.parseSelectUnionExtension(Parser.java:1706)
	at org.h2.command.Parser.parseSelectUnion(Parser.java:1675)
	at org.h2.command.Parser.parseSelect(Parser.java:1662)
	at org.h2.command.Parser.parsePrepared(Parser.java:434)
	at org.h2.command.Parser.parse(Parser.java:306)
	at org.h2.command.Parser.parse(Parser.java:282)
	at org.h2.command.Parser.prepareCommand(Parser.java:243)
	at org.h2.engine.Session.prepareLocal(Session.java:442)
	at org.h2.engine.Session.prepareCommand(Session.java:384)
	at org.h2.jdbc.JdbcConnection.prepareCommand(JdbcConnection.java:1188)
	at org.h2.jdbc.JdbcPreparedStatement.&lt;init&gt;(JdbcPreparedStatement.java:73)
	at org.h2.jdbc.JdbcConnection.prepareStatement(JdbcConnection.java:276)
	at sun.reflect.GeneratedMethodAccessor6.invoke(Unknown Source)
	at sun.reflect.DelegatingMethodAccessorImpl.invoke(DelegatingMethodAccessorImpl.java:43)
	at java.lang.reflect.Method.invoke(Method.java:498)
	at org.apache.ibatis.datasource.pooled.PooledConnection.invoke(PooledConnection.java:245)
	at com.sun.proxy.$Proxy12.prepareStatement(Unknown Source)
	at sun.reflect.GeneratedMethodAccessor6.invoke(Unknown Source)
	at sun.reflect.DelegatingMethodAccessorImpl.invoke(DelegatingMethodAccessorImpl.java:43)
	at java.lang.reflect.Method.invoke(Method.java:498)
	at org.apache.ibatis.logging.jdbc.ConnectionLogger.invoke(ConnectionLogger.java:55)
	at com.sun.proxy.$Proxy12.prepareStatement(Unknown Source)
	at org.apache.ibatis.executor.statement.PreparedStatementHandler.instantiateStatement(PreparedStatementHandler.java:79)
	at org.apache.ibatis.executor.statement.BaseStatementHandler.prepare(BaseStatementHandler.java:88)
	at org.apache.ibatis.executor.statement.RoutingStatementHandler.prepare(RoutingStatementHandler.java:58)
	at org.apache.ibatis.executor.SimpleExecutor.prepareStatement(SimpleExecutor.java:76)
	at org.apache.ibatis.executor.SimpleExecutor.doQuery(SimpleExecutor.java:61)
	at org.apache.ibatis.executor.BaseExecutor.queryFromDatabase(BaseExecutor.java:303)
	at org.apache.ibatis.executor.BaseExecutor.query(BaseExecutor.java:154)
	at org.apache.ibatis.executor.CachingExecutor.query(CachingExecutor.java:102)
	at org.apache.ibatis.executor.CachingExecutor.query(CachingExecutor.java:82)
	at org.apache.ibatis.session.defaults.DefaultSqlSession.selectList(DefaultSqlSession.java:120)
	... 160 more
10:47:09,569 [main] DEBUG org.activiti.engine.impl.test.PvmTestCase  - #### END SubProcessTest.testSimpleParallelSubProcess #############################################################
10:47:09,569 [main] ERROR org.activiti.engine.impl.test.PvmTestCase  - 

10:47:09,570 [main] ERROR org.activiti.engine.impl.test.PvmTestCase  - EXCEPTION: org.apache.ibatis.exceptions.PersistenceException: 
### Error querying database.  Cause: org.h2.jdbc.JdbcSQLException: Syntax error in SQL statement &quot;SELECT RES.* 
     
    FROM ACT_HI_ACTINST RES
     WHERE  RES.EXECUTION_ID_ = ?
      
      
      
        AND RES.ACT_ID_ = ?
      
      
      
      
      
      
      
      
        AND RES.END_TIME_ IS NULL 
   
     ORDER BY  ORDER[*] BY RES.ID_ ASC  
    LIMIT ? OFFSET ? &quot;; expected &quot;=, NOT, EXISTS, INTERSECTS, SELECT, FROM&quot;; SQL statement:
select RES.* 
     
    from ACT_HI_ACTINST RES
     WHERE  RES.EXECUTION_ID_ = ?
      
      
      
        and RES.ACT_ID_ = ?
      
      
      
      
      
      
      
      
        and RES.END_TIME_ is null 
   
     order by  order by RES.ID_ asc  
    LIMIT ? OFFSET ? [42001-176]
### The error may exist in org/activiti/db/mapping/entity/HistoricActivityInstance.xml
### The error may involve org.activiti.engine.impl.persistence.entity.HistoricActivityInstanceEntity.selectHistoricActivityInstancesByQueryCriteria
### The error occurred while executing a query
### SQL: select RES.*            from ACT_HI_ACTINST RES      WHERE  RES.EXECUTION_ID_ = ?                              and RES.ACT_ID_ = ?                                                                 and RES.END_TIME_ is null           order by  order by RES.ID_ asc       LIMIT ? OFFSET ?
### Cause: org.h2.jdbc.JdbcSQLException: Syntax error in SQL statement &quot;SELECT RES.* 
     
    FROM ACT_HI_ACTINST RES
     WHERE  RES.EXECUTION_ID_ = ?
      
      
      
        AND RES.ACT_ID_ = ?
      
      
      
      
      
      
      
      
        AND RES.END_TIME_ IS NULL 
   
     ORDER BY  ORDER[*] BY RES.ID_ ASC  
    LIMIT ? OFFSET ? &quot;; expected &quot;=, NOT, EXISTS, INTERSECTS, SELECT, FROM&quot;; SQL statement:
select RES.* 
     
    from ACT_HI_ACTINST RES
     WHERE  RES.EXECUTION_ID_ = ?
      
      
      
        and RES.ACT_ID_ = ?
      
      
      
      
      
      
      
      
        and RES.END_TIME_ is null 
   
     order by  order by RES.ID_ asc  
    LIMIT ? OFFSET ? [42001-176]
org.apache.ibatis.exceptions.PersistenceException: 
### Error querying database.  Cause: org.h2.jdbc.JdbcSQLException: Syntax error in SQL statement &quot;SELECT RES.* 
     
    FROM ACT_HI_ACTINST RES
     WHERE  RES.EXECUTION_ID_ = ?
      
      
      
        AND RES.ACT_ID_ = ?
      
      
      
      
      
      
      
      
        AND RES.END_TIME_ IS NULL 
   
     ORDER BY  ORDER[*] BY RES.ID_ ASC  
    LIMIT ? OFFSET ? &quot;; expected &quot;=, NOT, EXISTS, INTERSECTS, SELECT, FROM&quot;; SQL statement:
select RES.* 
     
    from ACT_HI_ACTINST RES
     WHERE  RES.EXECUTION_ID_ = ?
      
      
      
        and RES.ACT_ID_ = ?
      
      
      
      
      
      
      
      
        and RES.END_TIME_ is null 
   
     order by  order by RES.ID_ asc  
    LIMIT ? OFFSET ? [42001-176]
### The error may exist in org/activiti/db/mapping/entity/HistoricActivityInstance.xml
### The error may involve org.activiti.engine.impl.persistence.entity.HistoricActivityInstanceEntity.selectHistoricActivityInstancesByQueryCriteria
### The error occurred while executing a query
### SQL: select RES.*            from ACT_HI_ACTINST RES      WHERE  RES.EXECUTION_ID_ = ?                              and RES.ACT_ID_ = ?                                                                 and RES.END_TIME_ is null           order by  order by RES.ID_ asc       LIMIT ? OFFSET ?
### Cause: org.h2.jdbc.JdbcSQLException: Syntax error in SQL statement &quot;SELECT RES.* 
     
    FROM ACT_HI_ACTINST RES
     WHERE  RES.EXECUTION_ID_ = ?
      
      
      
        AND RES.ACT_ID_ = ?
      
      
      
      
      
      
      
      
        AND RES.END_TIME_ IS NULL 
   
     ORDER BY  ORDER[*] BY RES.ID_ ASC  
    LIMIT ? OFFSET ? &quot;; expected &quot;=, NOT, EXISTS, INTERSECTS, SELECT, FROM&quot;; SQL statement:
select RES.* 
     
    from ACT_HI_ACTINST RES
     WHERE  RES.EXECUTION_ID_ = ?
      
      
      
        and RES.ACT_ID_ = ?
      
      
      
      
      
      
      
      
        and RES.END_TIME_ is null 
   
     order by  order by RES.ID_ asc  
    LIMIT ? OFFSET ? [42001-176]
	at org.apache.ibatis.exceptions.ExceptionFactory.wrapException(ExceptionFactory.java:30)
	at org.apache.ibatis.session.defaults.DefaultSqlSession.selectList(DefaultSqlSession.java:122)
	at org.apache.ibatis.session.defaults.DefaultSqlSession.selectList(DefaultSqlSession.java:113)
	at org.activiti.engine.impl.db.DbSqlSession.selectListWithRawParameter(DbSqlSession.java:438)
	at org.activiti.engine.impl.db.DbSqlSession.selectList(DbSqlSession.java:429)
	at org.activiti.engine.impl.db.DbSqlSession.selectList(DbSqlSession.java:419)
	at org.activiti.engine.impl.persistence.entity.HistoricActivityInstanceEntityManager.findHistoricActivityInstancesByQueryCriteria(HistoricActivityInstanceEntityManager.java:56)
	at org.activiti.engine.impl.HistoricActivityInstanceQueryImpl.executeList(HistoricActivityInstanceQueryImpl.java:70)
	at org.activiti.engine.impl.AbstractQuery.listPage(AbstractQuery.java:151)
	at org.activiti.engine.impl.history.DefaultHistoryManager.findActivityInstance(DefaultHistoryManager.java:355)
	at org.activiti.engine.impl.history.DefaultHistoryManager.recordActivityEnd(DefaultHistoryManager.java:281)
	at org.activiti.engine.impl.history.handler.ActivityInstanceEndHandler.notify(ActivityInstanceEndHandler.java:29)
	at org.activiti.engine.impl.pvm.runtime.AbstractEventAtomicOperation.execute(AbstractEventAtomicOperation.java:42)
	at org.activiti.engine.impl.interceptor.CommandContext.performOperation(CommandContext.java:97)
	at org.activiti.engine.impl.persistence.entity.ExecutionEntity.performOperationSync(ExecutionEntity.java:636)
	at org.activiti.engine.impl.persistence.entity.ExecutionEntity.performOperation(ExecutionEntity.java:629)
	at org.activiti.engine.impl.persistence.entity.ExecutionEntity.take(ExecutionEntity.java:453)
	at org.activiti.engine.impl.pvm.runtime.OutgoingExecution.take(OutgoingExecution.java:48)
	at org.activiti.engine.impl.persistence.entity.ExecutionEntity.takeAll(ExecutionEntity.java:589)
	at org.activiti.engine.impl.bpmn.behavior.ParallelGatewayActivityBehavior.execute(ParallelGatewayActivityBehavior.java:78)
	at org.activiti.engine.impl.pvm.runtime.AtomicOperationActivityExecute.execute(AtomicOperationActivityExecute.java:60)
	at org.activiti.engine.impl.interceptor.CommandContext.performOperation(CommandContext.java:97)
	at org.activiti.engine.impl.persistence.entity.ExecutionEntity.performOperationSync(ExecutionEntity.java:636)
	at org.activiti.engine.impl.persistence.entity.ExecutionEntity.performOperation(ExecutionEntity.java:629)
	at org.activiti.engine.impl.pvm.runtime.AtomicOperationTransitionNotifyListenerStart.eventNotificationsCompleted(AtomicOperationTransitionNotifyListenerStart.java:52)
	at org.activiti.engine.impl.pvm.runtime.AbstractEventAtomicOperation.execute(AbstractEventAtomicOperation.java:56)
	at org.activiti.engine.impl.interceptor.CommandContext.performOperation(CommandContext.java:97)
	at org.activiti.engine.impl.persistence.entity.ExecutionEntity.performOperationSync(ExecutionEntity.java:636)
	at org.activiti.engine.impl.persistence.entity.ExecutionEntity.performOperation(ExecutionEntity.java:629)
	at org.activiti.engine.impl.pvm.runtime.AbstractEventAtomicOperation.execute(AbstractEventAtomicOperation.java:49)
	at org.activiti.engine.impl.interceptor.CommandContext.performOperation(CommandContext.java:97)
	at org.activiti.engine.impl.persistence.entity.ExecutionEntity.performOperationSync(ExecutionEntity.java:636)
	at org.activiti.engine.impl.persistence.entity.ExecutionEntity.performOperation(ExecutionEntity.java:629)
	at org.activiti.engine.impl.pvm.runtime.AtomicOperationTransitionCreateScope.execute(AtomicOperationTransitionCreateScope.java:49)
	at org.activiti.engine.impl.interceptor.CommandContext.performOperation(CommandContext.java:97)
	at org.activiti.engine.impl.persistence.entity.ExecutionEntity.performOperationSync(ExecutionEntity.java:636)
	at org.activiti.engine.impl.persistence.entity.ExecutionEntity.performOperation(ExecutionEntity.java:629)
	at org.activiti.engine.impl.pvm.runtime.AtomicOperationTransitionNotifyListenerTake.execute(AtomicOperationTransitionNotifyListenerTake.java:80)
	at org.activiti.engine.impl.interceptor.CommandContext.performOperation(CommandContext.java:97)
	at org.activiti.engine.impl.persistence.entity.ExecutionEntity.performOperationSync(ExecutionEntity.java:636)
	at org.activiti.engine.impl.persistence.entity.ExecutionEntity.performOperation(ExecutionEntity.java:629)
	at org.activiti.engine.impl.pvm.runtime.AtomicOperationTransitionDestroyScope.execute(AtomicOperationTransitionDestroyScope.java:116)
	at org.activiti.engine.impl.interceptor.CommandContext.performOperation(CommandContext.java:97)
	at org.activiti.engine.impl.persistence.entity.ExecutionEntity.performOperationSync(ExecutionEntity.java:636)
	at org.activiti.engine.impl.persistence.entity.ExecutionEntity.performOperation(ExecutionEntity.java:629)
	at org.activiti.engine.impl.pvm.runtime.AtomicOperationTransitionNotifyListenerEnd.eventNotificationsCompleted(AtomicOperationTransitionNotifyListenerEnd.java:35)
	at org.activiti.engine.impl.pvm.runtime.AbstractEventAtomicOperation.execute(AbstractEventAtomicOperation.java:56)
	at org.activiti.engine.impl.interceptor.CommandContext.performOperation(CommandContext.java:97)
	at org.activiti.engine.impl.persistence.entity.ExecutionEntity.performOperationSync(ExecutionEntity.java:636)
	at org.activiti.engine.impl.persistence.entity.ExecutionEntity.performOperation(ExecutionEntity.java:629)
	at org.activiti.engine.impl.pvm.runtime.AbstractEventAtomicOperation.execute(AbstractEventAtomicOperation.java:49)
	at org.activiti.engine.impl.interceptor.CommandContext.performOperation(CommandContext.java:97)
	at org.activiti.engine.impl.persistence.entity.ExecutionEntity.performOperationSync(ExecutionEntity.java:636)
	at org.activiti.engine.impl.persistence.entity.ExecutionEntity.performOperation(ExecutionEntity.java:629)
	at org.activiti.engine.impl.persistence.entity.ExecutionEntity.take(ExecutionEntity.java:453)
	at org.activiti.engine.impl.persistence.entity.ExecutionEntity.take(ExecutionEntity.java:431)
	at org.activiti.engine.impl.bpmn.behavior.BpmnActivityBehavior.performOutgoingBehavior(BpmnActivityBehavior.java:140)
	at org.activiti.engine.impl.bpmn.behavior.BpmnActivityBehavior.performDefaultOutgoingBehavior(BpmnActivityBehavior.java:66)
	at org.activiti.engine.impl.bpmn.behavior.FlowNodeActivityBehavior.leave(FlowNodeActivityBehavior.java:44)
	at org.activiti.engine.impl.bpmn.behavior.FlowNodeActivityBehavior.execute(FlowNodeActivityBehavior.java:36)
	at org.activiti.engine.impl.pvm.runtime.AtomicOperationActivityExecute.execute(AtomicOperationActivityExecute.java:60)
	at org.activiti.engine.impl.interceptor.CommandContext.performOperation(CommandContext.java:97)
	at org.activiti.engine.impl.persistence.entity.ExecutionEntity.performOperationSync(ExecutionEntity.java:636)
	at org.activiti.engine.impl.persistence.entity.ExecutionEntity.performOperation(ExecutionEntity.java:629)
	at org.activiti.engine.impl.pvm.runtime.AtomicOperationActivityStart.eventNotificationsCompleted(AtomicOperationActivityStart.java:26)
	at org.activiti.engine.impl.pvm.runtime.AbstractEventAtomicOperation.execute(AbstractEventAtomicOperation.java:56)
	at org.activiti.engine.impl.interceptor.CommandContext.performOperation(CommandContext.java:97)
	at org.activiti.engine.impl.persistence.entity.ExecutionEntity.performOperationSync(ExecutionEntity.java:636)
	at org.activiti.engine.impl.persistence.entity.ExecutionEntity.performOperation(ExecutionEntity.java:629)
	at org.activiti.engine.impl.persistence.entity.ExecutionEntity.executeActivity(ExecutionEntity.java:458)
	at org.activiti.engine.impl.bpmn.behavior.SubProcessActivityBehavior.execute(SubProcessActivityBehavior.java:55)
	at org.activiti.engine.impl.pvm.runtime.AtomicOperationActivityExecute.execute(AtomicOperationActivityExecute.java:60)
	at org.activiti.engine.impl.interceptor.CommandContext.performOperation(CommandContext.java:97)
	at org.activiti.engine.impl.persistence.entity.ExecutionEntity.performOperationSync(ExecutionEntity.java:636)
	at org.activiti.engine.impl.persistence.entity.ExecutionEntity.performOperation(ExecutionEntity.java:629)
	at org.activiti.engine.impl.pvm.runtime.AtomicOperationTransitionNotifyListenerStart.eventNotificationsCompleted(AtomicOperationTransitionNotifyListenerStart.java:52)
	at org.activiti.engine.impl.pvm.runtime.AbstractEventAtomicOperation.execute(AbstractEventAtomicOperation.java:56)
	at org.activiti.engine.impl.interceptor.CommandContext.performOperation(CommandContext.java:97)
	at org.activiti.engine.impl.persistence.entity.ExecutionEntity.performOperationSync(ExecutionEntity.java:636)
	at org.activiti.engine.impl.persistence.entity.ExecutionEntity.performOperation(ExecutionEntity.java:629)
	at org.activiti.engine.impl.pvm.runtime.AbstractEventAtomicOperation.execute(AbstractEventAtomicOperation.java:49)
	at org.activiti.engine.impl.interceptor.CommandContext.performOperation(CommandContext.java:97)
	at org.activiti.engine.impl.persistence.entity.ExecutionEntity.performOperationSync(ExecutionEntity.java:636)
	at org.activiti.engine.impl.persistence.entity.ExecutionEntity.performOperation(ExecutionEntity.java:629)
	at org.activiti.engine.impl.pvm.runtime.AtomicOperationTransitionCreateScope.execute(AtomicOperationTransitionCreateScope.java:49)
	at org.activiti.engine.impl.interceptor.CommandContext.performOperation(CommandContext.java:97)
	at org.activiti.engine.impl.persistence.entity.ExecutionEntity.performOperationSync(ExecutionEntity.java:636)
	at org.activiti.engine.impl.persistence.entity.ExecutionEntity.performOperation(ExecutionEntity.java:629)
	at org.activiti.engine.impl.pvm.runtime.AtomicOperationTransitionNotifyListenerTake.execute(AtomicOperationTransitionNotifyListenerTake.java:80)
	at org.activiti.engine.impl.interceptor.CommandContext.performOperation(CommandContext.java:97)
	at org.activiti.engine.impl.persistence.entity.ExecutionEntity.performOperationSync(ExecutionEntity.java:636)
	at org.activiti.engine.impl.persistence.entity.ExecutionEntity.performOperation(ExecutionEntity.java:629)
	at org.activiti.engine.impl.pvm.runtime.AtomicOperationTransitionDestroyScope.execute(AtomicOperationTransitionDestroyScope.java:116)
	at org.activiti.engine.impl.interceptor.CommandContext.performOperation(CommandContext.java:97)
	at org.activiti.engine.impl.persistence.entity.ExecutionEntity.performOperationSync(ExecutionEntity.java:636)
	at org.activiti.engine.impl.persistence.entity.ExecutionEntity.performOperation(ExecutionEntity.java:629)
	at org.activiti.engine.impl.pvm.runtime.AtomicOperationTransitionNotifyListenerEnd.eventNotificationsCompleted(AtomicOperationTransitionNotifyListenerEnd.java:35)
	at org.activiti.engine.impl.pvm.runtime.AbstractEventAtomicOperation.execute(AbstractEventAtomicOperation.java:56)
	at org.activiti.engine.impl.interceptor.CommandContext.performOperation(CommandContext.java:97)
	at org.activiti.engine.impl.persistence.entity.ExecutionEntity.performOperationSync(ExecutionEntity.java:636)
	at org.activiti.engine.impl.persistence.entity.ExecutionEntity.performOperation(ExecutionEntity.java:629)
	at org.activiti.engine.impl.pvm.runtime.AbstractEventAtomicOperation.execute(AbstractEventAtomicOperation.java:49)
	at org.activiti.engine.impl.interceptor.CommandContext.performOperation(CommandContext.java:97)
	at org.activiti.engine.impl.persistence.entity.ExecutionEntity.performOperationSync(ExecutionEntity.java:636)
	at org.activiti.engine.impl.persistence.entity.ExecutionEntity.performOperation(ExecutionEntity.java:629)
	at org.activiti.engine.impl.persistence.entity.ExecutionEntity.take(ExecutionEntity.java:453)
	at org.activiti.engine.impl.persistence.entity.ExecutionEntity.take(ExecutionEntity.java:431)
	at org.activiti.engine.impl.bpmn.behavior.BpmnActivityBehavior.performOutgoingBehavior(BpmnActivityBehavior.java:140)
	at org.activiti.engine.impl.bpmn.behavior.BpmnActivityBehavior.performDefaultOutgoingBehavior(BpmnActivityBehavior.java:66)
	at org.activiti.engine.impl.bpmn.behavior.FlowNodeActivityBehavior.leave(FlowNodeActivityBehavior.java:44)
	at org.activiti.engine.impl.bpmn.behavior.FlowNodeActivityBehavior.execute(FlowNodeActivityBehavior.java:36)
	at org.activiti.engine.impl.pvm.runtime.AtomicOperationActivityExecute.execute(AtomicOperationActivityExecute.java:60)
	at org.activiti.engine.impl.interceptor.CommandContext.performOperation(CommandContext.java:97)
	at org.activiti.engine.impl.persistence.entity.ExecutionEntity.performOperationSync(ExecutionEntity.java:636)
	at org.activiti.engine.impl.persistence.entity.ExecutionEntity.performOperation(ExecutionEntity.java:629)
	at org.activiti.engine.impl.pvm.runtime.AtomicOperationProcessStartInitial.eventNotificationsCompleted(AtomicOperationProcessStartInitial.java:45)
	at org.activiti.engine.impl.pvm.runtime.AbstractEventAtomicOperation.execute(AbstractEventAtomicOperation.java:56)
	at org.activiti.engine.impl.interceptor.CommandContext.performOperation(CommandContext.java:97)
	at org.activiti.engine.impl.persistence.entity.ExecutionEntity.performOperationSync(ExecutionEntity.java:636)
	at org.activiti.engine.impl.persistence.entity.ExecutionEntity.performOperation(ExecutionEntity.java:629)
	at org.activiti.engine.impl.pvm.runtime.AtomicOperationProcessStart.eventNotificationsCompleted(AtomicOperationProcessStart.java:64)
	at org.activiti.engine.impl.pvm.runtime.AbstractEventAtomicOperation.execute(AbstractEventAtomicOperation.java:56)
	at org.activiti.engine.impl.interceptor.CommandContext.performOperation(CommandContext.java:97)
	at org.activiti.engine.impl.persistence.entity.ExecutionEntity.performOperationSync(ExecutionEntity.java:636)
	at org.activiti.engine.impl.persistence.entity.ExecutionEntity.performOperation(ExecutionEntity.java:629)
	at org.activiti.engine.impl.persistence.entity.ExecutionEntity.start(ExecutionEntity.java:381)
	at org.activiti.engine.impl.cmd.StartProcessInstanceCmd.execute(StartProcessInstanceCmd.java:110)
	at org.activiti.engine.impl.cmd.StartProcessInstanceCmd.execute(StartProcessInstanceCmd.java:37)
	at org.activiti.engine.impl.interceptor.CommandInvoker.execute(CommandInvoker.java:24)
	at org.activiti.engine.impl.interceptor.CommandContextInterceptor.execute(CommandContextInterceptor.java:57)
	at org.activiti.engine.impl.interceptor.LogInterceptor.execute(LogInterceptor.java:37)
	at org.activiti.engine.impl.cfg.CommandExecutorImpl.execute(CommandExecutorImpl.java:40)
	at org.activiti.engine.impl.cfg.CommandExecutorImpl.execute(CommandExecutorImpl.java:35)
	at org.activiti.engine.impl.RuntimeServiceImpl.startProcessInstanceByKey(RuntimeServiceImpl.java:69)
	at org.activiti.engine.test.bpmn.subprocess.SubProcessTest.testSimpleParallelSubProcess(SubProcessTest.java:191)
	at sun.reflect.NativeMethodAccessorImpl.invoke0(Native Method)
	at sun.reflect.NativeMethodAccessorImpl.invoke(NativeMethodAccessorImpl.java:62)
	at sun.reflect.DelegatingMethodAccessorImpl.invoke(DelegatingMethodAccessorImpl.java:43)
	at java.lang.reflect.Method.invoke(Method.java:498)
	at junit.framework.TestCase.runTest(TestCase.java:176)
	at org.activiti.engine.impl.test.PvmTestCase.runTest(PvmTestCase.java:65)
	at junit.framework.TestCase.runBare(TestCase.java:141)
	at org.activiti.engine.impl.test.AbstractActivitiTestCase.runBare(AbstractActivitiTestCase.java:100)
	at junit.framework.TestResult$1.protect(TestResult.java:122)
	at junit.framework.TestResult.runProtected(TestResult.java:142)
	at junit.framework.TestResult.run(TestResult.java:125)
	at junit.framework.TestCase.run(TestCase.java:129)
	at junit.framework.TestSuite.runTest(TestSuite.java:255)
	at junit.framework.TestSuite.run(TestSuite.java:250)
	at org.junit.internal.runners.JUnit38ClassRunner.run(JUnit38ClassRunner.java:84)
	at org.apache.maven.surefire.junit4.JUnit4TestSet.execute(JUnit4TestSet.java:35)
	at org.apache.maven.surefire.junit4.JUnit4Provider.executeTestSet(JUnit4Provider.java:146)
	at org.apache.maven.surefire.junit4.JUnit4Provider.invoke(JUnit4Provider.java:97)
	at sun.reflect.NativeMethodAccessorImpl.invoke0(Native Method)
	at sun.reflect.NativeMethodAccessorImpl.invoke(NativeMethodAccessorImpl.java:62)
	at sun.reflect.DelegatingMethodAccessorImpl.invoke(DelegatingMethodAccessorImpl.java:43)
	at java.lang.reflect.Method.invoke(Method.java:498)
	at org.apache.maven.surefire.booter.ProviderFactory$ClassLoaderProxy.invoke(ProviderFactory.java:103)
	at com.sun.proxy.$Proxy0.invoke(Unknown Source)
	at org.apache.maven.surefire.booter.SurefireStarter.invokeProvider(SurefireStarter.java:145)
	at org.apache.maven.surefire.booter.SurefireStarter.runSuitesInProcess(SurefireStarter.java:87)
	at org.apache.maven.surefire.booter.ForkedBooter.main(ForkedBooter.java:69)
Caused by: org.h2.jdbc.JdbcSQLException: Syntax error in SQL statement &quot;SELECT RES.* 
     
    FROM ACT_HI_ACTINST RES
     WHERE  RES.EXECUTION_ID_ = ?
      
      
      
        AND RES.ACT_ID_ = ?
      
      
      
      
      
      
      
      
        AND RES.END_TIME_ IS NULL 
   
     ORDER BY  ORDER[*] BY RES.ID_ ASC  
    LIMIT ? OFFSET ? &quot;; expected &quot;=, NOT, EXISTS, INTERSECTS, SELECT, FROM&quot;; SQL statement:
select RES.* 
     
    from ACT_HI_ACTINST RES
     WHERE  RES.EXECUTION_ID_ = ?
      
      
      
        and RES.ACT_ID_ = ?
      
      
      
      
      
      
      
      
        and RES.END_TIME_ is null 
   
     order by  order by RES.ID_ asc  
    LIMIT ? OFFSET ? [42001-176]
	at org.h2.message.DbException.getJdbcSQLException(DbException.java:344)
	at org.h2.message.DbException.getSyntaxError(DbException.java:204)
	at org.h2.command.Parser.getSyntaxError(Parser.java:524)
	at org.h2.command.Parser.readTerm(Parser.java:2688)
	at org.h2.command.Parser.readFactor(Parser.java:2244)
	at org.h2.command.Parser.readSum(Parser.java:2231)
	at org.h2.command.Parser.readConcat(Parser.java:2201)
	at org.h2.command.Parser.readCondition(Parser.java:2051)
	at org.h2.command.Parser.readAnd(Parser.java:2023)
	at org.h2.command.Parser.readExpression(Parser.java:2015)
	at org.h2.command.Parser.parseEndOfQuery(Parser.java:1726)
	at org.h2.command.Parser.parseSelectUnionExtension(Parser.java:1706)
	at org.h2.command.Parser.parseSelectUnion(Parser.java:1675)
	at org.h2.command.Parser.parseSelect(Parser.java:1662)
	at org.h2.command.Parser.parsePrepared(Parser.java:434)
	at org.h2.command.Parser.parse(Parser.java:306)
	at org.h2.command.Parser.parse(Parser.java:282)
	at org.h2.command.Parser.prepareCommand(Parser.java:243)
	at org.h2.engine.Session.prepareLocal(Session.java:442)
	at org.h2.engine.Session.prepareCommand(Session.java:384)
	at org.h2.jdbc.JdbcConnection.prepareCommand(JdbcConnection.java:1188)
	at org.h2.jdbc.JdbcPreparedStatement.&lt;init&gt;(JdbcPreparedStatement.java:73)
	at org.h2.jdbc.JdbcConnection.prepareStatement(JdbcConnection.java:276)
	at sun.reflect.GeneratedMethodAccessor6.invoke(Unknown Source)
	at sun.reflect.DelegatingMethodAccessorImpl.invoke(DelegatingMethodAccessorImpl.java:43)
	at java.lang.reflect.Method.invoke(Method.java:498)
	at org.apache.ibatis.datasource.pooled.PooledConnection.invoke(PooledConnection.java:245)
	at com.sun.proxy.$Proxy12.prepareStatement(Unknown Source)
	at sun.reflect.GeneratedMethodAccessor6.invoke(Unknown Source)
	at sun.reflect.DelegatingMethodAccessorImpl.invoke(DelegatingMethodAccessorImpl.java:43)
	at java.lang.reflect.Method.invoke(Method.java:498)
	at org.apache.ibatis.logging.jdbc.ConnectionLogger.invoke(ConnectionLogger.java:55)
	at com.sun.proxy.$Proxy12.prepareStatement(Unknown Source)
	at org.apache.ibatis.executor.statement.PreparedStatementHandler.instantiateStatement(PreparedStatementHandler.java:79)
	at org.apache.ibatis.executor.statement.BaseStatementHandler.prepare(BaseStatementHandler.java:88)
	at org.apache.ibatis.executor.statement.RoutingStatementHandler.prepare(RoutingStatementHandler.java:58)
	at org.apache.ibatis.executor.SimpleExecutor.prepareStatement(SimpleExecutor.java:76)
	at org.apache.ibatis.executor.SimpleExecutor.doQuery(SimpleExecutor.java:61)
	at org.apache.ibatis.executor.BaseExecutor.queryFromDatabase(BaseExecutor.java:303)
	at org.apache.ibatis.executor.BaseExecutor.query(BaseExecutor.java:154)
	at org.apache.ibatis.executor.CachingExecutor.query(CachingExecutor.java:102)
	at org.apache.ibatis.executor.CachingExecutor.query(CachingExecutor.java:82)
	at org.apache.ibatis.session.defaults.DefaultSqlSession.selectList(DefaultSqlSession.java:120)
	... 160 more
10:47:09,570 [main] DEBUG org.activiti.engine.impl.test.TestHelper  - annotation @Deployment deletes deployment for SubProcessTest.testSimpleParallelSubProcess
10:47:09,570 [main] DEBUG org.activiti.engine.impl.interceptor.LogInterceptor  - 

10:47:09,570 [main] DEBUG org.activiti.engine.impl.interceptor.LogInterceptor  - --- starting DeleteDeploymentCmd --------------------------------------------------------
10:47:09,570 [main] DEBUG org.apache.ibatis.transaction.jdbc.JdbcTransaction  - Opening JDBC Connection
10:47:09,570 [main] DEBUG org.apache.ibatis.datasource.pooled.PooledDataSource  - Checked out connection 297240765 from pool.
10:47:09,570 [main] DEBUG org.apache.ibatis.transaction.jdbc.JdbcTransaction  - Setting autocommit to false on JDBC Connection [conn4: url=jdbc:h2:mem:activiti user=SA]
10:47:09,570 [main] DEBUG org.activiti.engine.impl.persistence.entity.DeploymentEntity.selectDeploymentById  - ==&gt;  Preparing: select * from ACT_RE_DEPLOYMENT where ID_ = ? 
10:47:09,570 [main] DEBUG org.activiti.engine.impl.persistence.entity.DeploymentEntity.selectDeploymentById  - ==&gt; Parameters: 71(String)
10:47:09,570 [main] DEBUG org.activiti.engine.impl.persistence.entity.DeploymentEntity.selectDeploymentById  - &lt;==      Total: 1
10:47:09,570 [main] DEBUG org.activiti.engine.impl.persistence.entity.ProcessDefinitionEntity.selectProcessDefinitionsByQueryCriteria  - ==&gt;  Preparing: select RES.* from ACT_RE_PROCDEF RES WHERE RES.DEPLOYMENT_ID_ = ? order by order by RES.ID_ asc LIMIT ? OFFSET ? 
10:47:09,571 [main] DEBUG org.activiti.engine.impl.interceptor.CommandContext  - Error while closing command context
org.apache.ibatis.exceptions.PersistenceException: 
### Error querying database.  Cause: org.h2.jdbc.JdbcSQLException: Syntax error in SQL statement &quot;SELECT RES.* 
       
    FROM ACT_RE_PROCDEF RES
     
     WHERE  RES.DEPLOYMENT_ID_ = ? 
   
     ORDER BY  ORDER[*] BY RES.ID_ ASC  
    LIMIT ? OFFSET ? &quot;; expected &quot;=, NOT, EXISTS, INTERSECTS, SELECT, FROM&quot;; SQL statement:
select RES.* 
       
    from ACT_RE_PROCDEF RES
     
     WHERE  RES.DEPLOYMENT_ID_ = ? 
   
     order by  order by RES.ID_ asc  
    LIMIT ? OFFSET ? [42001-176]
### The error may exist in org/activiti/db/mapping/entity/ProcessDefinition.xml
### The error may involve org.activiti.engine.impl.persistence.entity.ProcessDefinitionEntity.selectProcessDefinitionsByQueryCriteria
### The error occurred while executing a query
### SQL: select RES.*              from ACT_RE_PROCDEF RES            WHERE  RES.DEPLOYMENT_ID_ = ?           order by  order by RES.ID_ asc       LIMIT ? OFFSET ?
### Cause: org.h2.jdbc.JdbcSQLException: Syntax error in SQL statement &quot;SELECT RES.* 
       
    FROM ACT_RE_PROCDEF RES
     
     WHERE  RES.DEPLOYMENT_ID_ = ? 
   
     ORDER BY  ORDER[*] BY RES.ID_ ASC  
    LIMIT ? OFFSET ? &quot;; expected &quot;=, NOT, EXISTS, INTERSECTS, SELECT, FROM&quot;; SQL statement:
select RES.* 
       
    from ACT_RE_PROCDEF RES
     
     WHERE  RES.DEPLOYMENT_ID_ = ? 
   
     order by  order by RES.ID_ asc  
    LIMIT ? OFFSET ? [42001-176]
	at org.apache.ibatis.exceptions.ExceptionFactory.wrapException(ExceptionFactory.java:30)
	at org.apache.ibatis.session.defaults.DefaultSqlSession.selectList(DefaultSqlSession.java:122)
	at org.apache.ibatis.session.defaults.DefaultSqlSession.selectList(DefaultSqlSession.java:113)
	at org.activiti.engine.impl.db.DbSqlSession.selectListWithRawParameter(DbSqlSession.java:438)
	at org.activiti.engine.impl.db.DbSqlSession.selectList(DbSqlSession.java:429)
	at org.activiti.engine.impl.db.DbSqlSession.selectList(DbSqlSession.java:419)
	at org.activiti.engine.impl.persistence.entity.ProcessDefinitionEntityManager.findProcessDefinitionsByQueryCriteria(ProcessDefinitionEntityManager.java:57)
	at org.activiti.engine.impl.ProcessDefinitionQueryImpl.executeList(ProcessDefinitionQueryImpl.java:307)
	at org.activiti.engine.impl.AbstractQuery.list(AbstractQuery.java:140)
	at org.activiti.engine.impl.persistence.deploy.DeploymentManager.removeDeployment(DeploymentManager.java:187)
	at org.activiti.engine.impl.cmd.DeleteDeploymentCmd.execute(DeleteDeploymentCmd.java:44)
	at org.activiti.engine.impl.cmd.DeleteDeploymentCmd.execute(DeleteDeploymentCmd.java:24)
	at org.activiti.engine.impl.interceptor.CommandInvoker.execute(CommandInvoker.java:24)
	at org.activiti.engine.impl.interceptor.CommandContextInterceptor.execute(CommandContextInterceptor.java:57)
	at org.activiti.engine.impl.interceptor.LogInterceptor.execute(LogInterceptor.java:37)
	at org.activiti.engine.impl.cfg.CommandExecutorImpl.execute(CommandExecutorImpl.java:40)
	at org.activiti.engine.impl.cfg.CommandExecutorImpl.execute(CommandExecutorImpl.java:35)
	at org.activiti.engine.impl.RepositoryServiceImpl.deleteDeployment(RepositoryServiceImpl.java:90)
	at org.activiti.engine.impl.test.TestHelper.annotationDeploymentTearDown(TestHelper.java:116)
	at org.activiti.engine.impl.test.AbstractActivitiTestCase.runBare(AbstractActivitiTestCase.java:116)
	at junit.framework.TestResult$1.protect(TestResult.java:122)
	at junit.framework.TestResult.runProtected(TestResult.java:142)
	at junit.framework.TestResult.run(TestResult.java:125)
	at junit.framework.TestCase.run(TestCase.java:129)
	at junit.framework.TestSuite.runTest(TestSuite.java:255)
	at junit.framework.TestSuite.run(TestSuite.java:250)
	at org.junit.internal.runners.JUnit38ClassRunner.run(JUnit38ClassRunner.java:84)
	at org.apache.maven.surefire.junit4.JUnit4TestSet.execute(JUnit4TestSet.java:35)
	at org.apache.maven.surefire.junit4.JUnit4Provider.executeTestSet(JUnit4Provider.java:146)
	at org.apache.maven.surefire.junit4.JUnit4Provider.invoke(JUnit4Provider.java:97)
	at sun.reflect.NativeMethodAccessorImpl.invoke0(Native Method)
	at sun.reflect.NativeMethodAccessorImpl.invoke(NativeMethodAccessorImpl.java:62)
	at sun.reflect.DelegatingMethodAccessorImpl.invoke(DelegatingMethodAccessorImpl.java:43)
	at java.lang.reflect.Method.invoke(Method.java:498)
	at org.apache.maven.surefire.booter.ProviderFactory$ClassLoaderProxy.invoke(ProviderFactory.java:103)
	at com.sun.proxy.$Proxy0.invoke(Unknown Source)
	at org.apache.maven.surefire.booter.SurefireStarter.invokeProvider(SurefireStarter.java:145)
	at org.apache.maven.surefire.booter.SurefireStarter.runSuitesInProcess(SurefireStarter.java:87)
	at org.apache.maven.surefire.booter.ForkedBooter.main(ForkedBooter.java:69)
Caused by: org.h2.jdbc.JdbcSQLException: Syntax error in SQL statement &quot;SELECT RES.* 
       
    FROM ACT_RE_PROCDEF RES
     
     WHERE  RES.DEPLOYMENT_ID_ = ? 
   
     ORDER BY  ORDER[*] BY RES.ID_ ASC  
    LIMIT ? OFFSET ? &quot;; expected &quot;=, NOT, EXISTS, INTERSECTS, SELECT, FROM&quot;; SQL statement:
select RES.* 
       
    from ACT_RE_PROCDEF RES
     
     WHERE  RES.DEPLOYMENT_ID_ = ? 
   
     order by  order by RES.ID_ asc  
    LIMIT ? OFFSET ? [42001-176]
	at org.h2.message.DbException.getJdbcSQLException(DbException.java:344)
	at org.h2.message.DbException.getSyntaxError(DbException.java:204)
	at org.h2.command.Parser.getSyntaxError(Parser.java:524)
	at org.h2.command.Parser.readTerm(Parser.java:2688)
	at org.h2.command.Parser.readFactor(Parser.java:2244)
	at org.h2.command.Parser.readSum(Parser.java:2231)
	at org.h2.command.Parser.readConcat(Parser.java:2201)
	at org.h2.command.Parser.readCondition(Parser.java:2051)
	at org.h2.command.Parser.readAnd(Parser.java:2023)
	at org.h2.command.Parser.readExpression(Parser.java:2015)
	at org.h2.command.Parser.parseEndOfQuery(Parser.java:1726)
	at org.h2.command.Parser.parseSelectUnionExtension(Parser.java:1706)
	at org.h2.command.Parser.parseSelectUnion(Parser.java:1675)
	at org.h2.command.Parser.parseSelect(Parser.java:1662)
	at org.h2.command.Parser.parsePrepared(Parser.java:434)
	at org.h2.command.Parser.parse(Parser.java:306)
	at org.h2.command.Parser.parse(Parser.java:282)
	at org.h2.command.Parser.prepareCommand(Parser.java:243)
	at org.h2.engine.Session.prepareLocal(Session.java:442)
	at org.h2.engine.Session.prepareCommand(Session.java:384)
	at org.h2.jdbc.JdbcConnection.prepareCommand(JdbcConnection.java:1188)
	at org.h2.jdbc.JdbcPreparedStatement.&lt;init&gt;(JdbcPreparedStatement.java:73)
	at org.h2.jdbc.JdbcConnection.prepareStatement(JdbcConnection.java:276)
	at sun.reflect.GeneratedMethodAccessor6.invoke(Unknown Source)
	at sun.reflect.DelegatingMethodAccessorImpl.invoke(DelegatingMethodAccessorImpl.java:43)
	at java.lang.reflect.Method.invoke(Method.java:498)
	at org.apache.ibatis.datasource.pooled.PooledConnection.invoke(PooledConnection.java:245)
	at com.sun.proxy.$Proxy12.prepareStatement(Unknown Source)
	at sun.reflect.GeneratedMethodAccessor6.invoke(Unknown Source)
	at sun.reflect.DelegatingMethodAccessorImpl.invoke(DelegatingMethodAccessorImpl.java:43)
	at java.lang.reflect.Method.invoke(Method.java:498)
	at org.apache.ibatis.logging.jdbc.ConnectionLogger.invoke(ConnectionLogger.java:55)
	at com.sun.proxy.$Proxy12.prepareStatement(Unknown Source)
	at org.apache.ibatis.executor.statement.PreparedStatementHandler.instantiateStatement(PreparedStatementHandler.java:79)
	at org.apache.ibatis.executor.statement.BaseStatementHandler.prepare(BaseStatementHandler.java:88)
	at org.apache.ibatis.executor.statement.RoutingStatementHandler.prepare(RoutingStatementHandler.java:58)
	at org.apache.ibatis.executor.SimpleExecutor.prepareStatement(SimpleExecutor.java:76)
	at org.apache.ibatis.executor.SimpleExecutor.doQuery(SimpleExecutor.java:61)
	at org.apache.ibatis.executor.BaseExecutor.queryFromDatabase(BaseExecutor.java:303)
	at org.apache.ibatis.executor.BaseExecutor.query(BaseExecutor.java:154)
	at org.apache.ibatis.executor.CachingExecutor.query(CachingExecutor.java:102)
	at org.apache.ibatis.executor.CachingExecutor.query(CachingExecutor.java:82)
	at org.apache.ibatis.session.defaults.DefaultSqlSession.selectList(DefaultSqlSession.java:120)
	... 37 more
10:47:09,571 [main] DEBUG org.activiti.engine.impl.cfg.standalone.StandaloneMybatisTransactionContext  - firing event rolling back...
10:47:09,571 [main] DEBUG org.activiti.engine.impl.cfg.standalone.StandaloneMybatisTransactionContext  - rolling back ibatis sql session...
10:47:09,571 [main] DEBUG org.activiti.engine.impl.cfg.standalone.StandaloneMybatisTransactionContext  - firing event rolled back...
10:47:09,571 [main] DEBUG org.apache.ibatis.transaction.jdbc.JdbcTransaction  - Resetting autocommit to true on JDBC Connection [conn4: url=jdbc:h2:mem:activiti user=SA]
10:47:09,571 [main] DEBUG org.apache.ibatis.transaction.jdbc.JdbcTransaction  - Closing JDBC Connection [conn4: url=jdbc:h2:mem:activiti user=SA]
10:47:09,571 [main] DEBUG org.apache.ibatis.datasource.pooled.PooledDataSource  - Returned connection 297240765 to pool.
10:47:09,571 [main] DEBUG org.activiti.engine.impl.interceptor.LogInterceptor  - --- DeleteDeploymentCmd finished --------------------------------------------------------
10:47:09,571 [main] DEBUG org.activiti.engine.impl.interceptor.LogInterceptor  - 

</system-out>
  </testcase>
  <testcase classname="org.activiti.engine.test.bpmn.subprocess.SubProcessTest" name="testNestedSimpleSubProcess" time="0.024">
    <error message="
### Error querying database.  Cause: org.h2.jdbc.JdbcSQLException: Syntax error in SQL statement &quot;SELECT RES.* 
       
    FROM ACT_RE_PROCDEF RES
     
     WHERE  RES.DEPLOYMENT_ID_ = ? 
   
     ORDER BY  ORDER[*] BY RES.ID_ ASC  
    LIMIT ? OFFSET ? &quot;; expected &quot;=, NOT, EXISTS, INTERSECTS, SELECT, FROM&quot;; SQL statement:
select RES.* 
       
    from ACT_RE_PROCDEF RES
     
     WHERE  RES.DEPLOYMENT_ID_ = ? 
   
     order by  order by RES.ID_ asc  
    LIMIT ? OFFSET ? [42001-176]
### The error may exist in org/activiti/db/mapping/entity/ProcessDefinition.xml
### The error may involve org.activiti.engine.impl.persistence.entity.ProcessDefinitionEntity.selectProcessDefinitionsByQueryCriteria
### The error occurred while executing a query
### SQL: select RES.*              from ACT_RE_PROCDEF RES            WHERE  RES.DEPLOYMENT_ID_ = ?           order by  order by RES.ID_ asc       LIMIT ? OFFSET ?
### Cause: org.h2.jdbc.JdbcSQLException: Syntax error in SQL statement &quot;SELECT RES.* 
       
    FROM ACT_RE_PROCDEF RES
     
     WHERE  RES.DEPLOYMENT_ID_ = ? 
   
     ORDER BY  ORDER[*] BY RES.ID_ ASC  
    LIMIT ? OFFSET ? &quot;; expected &quot;=, NOT, EXISTS, INTERSECTS, SELECT, FROM&quot;; SQL statement:
select RES.* 
       
    from ACT_RE_PROCDEF RES
     
     WHERE  RES.DEPLOYMENT_ID_ = ? 
   
     order by  order by RES.ID_ asc  
    LIMIT ? OFFSET ? [42001-176]" type="org.apache.ibatis.exceptions.PersistenceException">org.apache.ibatis.exceptions.PersistenceException: 
### Error querying database.  Cause: org.h2.jdbc.JdbcSQLException: Syntax error in SQL statement &quot;SELECT RES.* 
       
    FROM ACT_RE_PROCDEF RES
     
     WHERE  RES.DEPLOYMENT_ID_ = ? 
   
     ORDER BY  ORDER[*] BY RES.ID_ ASC  
    LIMIT ? OFFSET ? &quot;; expected &quot;=, NOT, EXISTS, INTERSECTS, SELECT, FROM&quot;; SQL statement:
select RES.* 
       
    from ACT_RE_PROCDEF RES
     
     WHERE  RES.DEPLOYMENT_ID_ = ? 
   
     order by  order by RES.ID_ asc  
    LIMIT ? OFFSET ? [42001-176]
### The error may exist in org/activiti/db/mapping/entity/ProcessDefinition.xml
### The error may involve org.activiti.engine.impl.persistence.entity.ProcessDefinitionEntity.selectProcessDefinitionsByQueryCriteria
### The error occurred while executing a query
### SQL: select RES.*              from ACT_RE_PROCDEF RES            WHERE  RES.DEPLOYMENT_ID_ = ?           order by  order by RES.ID_ asc       LIMIT ? OFFSET ?
### Cause: org.h2.jdbc.JdbcSQLException: Syntax error in SQL statement &quot;SELECT RES.* 
       
    FROM ACT_RE_PROCDEF RES
     
     WHERE  RES.DEPLOYMENT_ID_ = ? 
   
     ORDER BY  ORDER[*] BY RES.ID_ ASC  
    LIMIT ? OFFSET ? &quot;; expected &quot;=, NOT, EXISTS, INTERSECTS, SELECT, FROM&quot;; SQL statement:
select RES.* 
       
    from ACT_RE_PROCDEF RES
     
     WHERE  RES.DEPLOYMENT_ID_ = ? 
   
     order by  order by RES.ID_ asc  
    LIMIT ? OFFSET ? [42001-176]
	at org.apache.ibatis.exceptions.ExceptionFactory.wrapException(ExceptionFactory.java:30)
	at org.apache.ibatis.session.defaults.DefaultSqlSession.selectList(DefaultSqlSession.java:122)
	at org.apache.ibatis.session.defaults.DefaultSqlSession.selectList(DefaultSqlSession.java:113)
	at org.activiti.engine.impl.db.DbSqlSession.selectListWithRawParameter(DbSqlSession.java:438)
	at org.activiti.engine.impl.db.DbSqlSession.selectList(DbSqlSession.java:429)
	at org.activiti.engine.impl.db.DbSqlSession.selectList(DbSqlSession.java:419)
	at org.activiti.engine.impl.persistence.entity.ProcessDefinitionEntityManager.findProcessDefinitionsByQueryCriteria(ProcessDefinitionEntityManager.java:57)
	at org.activiti.engine.impl.ProcessDefinitionQueryImpl.executeList(ProcessDefinitionQueryImpl.java:307)
	at org.activiti.engine.impl.AbstractQuery.list(AbstractQuery.java:140)
	at org.activiti.engine.impl.persistence.deploy.DeploymentManager.removeDeployment(DeploymentManager.java:187)
	at org.activiti.engine.impl.cmd.DeleteDeploymentCmd.execute(DeleteDeploymentCmd.java:44)
	at org.activiti.engine.impl.cmd.DeleteDeploymentCmd.execute(DeleteDeploymentCmd.java:24)
	at org.activiti.engine.impl.interceptor.CommandInvoker.execute(CommandInvoker.java:24)
	at org.activiti.engine.impl.interceptor.CommandContextInterceptor.execute(CommandContextInterceptor.java:57)
	at org.activiti.engine.impl.interceptor.LogInterceptor.execute(LogInterceptor.java:37)
	at org.activiti.engine.impl.cfg.CommandExecutorImpl.execute(CommandExecutorImpl.java:40)
	at org.activiti.engine.impl.cfg.CommandExecutorImpl.execute(CommandExecutorImpl.java:35)
	at org.activiti.engine.impl.RepositoryServiceImpl.deleteDeployment(RepositoryServiceImpl.java:90)
	at org.activiti.engine.impl.test.TestHelper.annotationDeploymentTearDown(TestHelper.java:116)
	at org.activiti.engine.impl.test.AbstractActivitiTestCase.runBare(AbstractActivitiTestCase.java:116)
	at junit.framework.TestResult$1.protect(TestResult.java:122)
	at junit.framework.TestResult.runProtected(TestResult.java:142)
	at junit.framework.TestResult.run(TestResult.java:125)
	at junit.framework.TestCase.run(TestCase.java:129)
	at junit.framework.TestSuite.runTest(TestSuite.java:255)
	at junit.framework.TestSuite.run(TestSuite.java:250)
	at org.junit.internal.runners.JUnit38ClassRunner.run(JUnit38ClassRunner.java:84)
	at org.apache.maven.surefire.junit4.JUnit4TestSet.execute(JUnit4TestSet.java:35)
	at org.apache.maven.surefire.junit4.JUnit4Provider.executeTestSet(JUnit4Provider.java:146)
	at org.apache.maven.surefire.junit4.JUnit4Provider.invoke(JUnit4Provider.java:97)
	at sun.reflect.NativeMethodAccessorImpl.invoke0(Native Method)
	at sun.reflect.NativeMethodAccessorImpl.invoke(NativeMethodAccessorImpl.java:62)
	at sun.reflect.DelegatingMethodAccessorImpl.invoke(DelegatingMethodAccessorImpl.java:43)
	at java.lang.reflect.Method.invoke(Method.java:498)
	at org.apache.maven.surefire.booter.ProviderFactory$ClassLoaderProxy.invoke(ProviderFactory.java:103)
	at com.sun.proxy.$Proxy0.invoke(Unknown Source)
	at org.apache.maven.surefire.booter.SurefireStarter.invokeProvider(SurefireStarter.java:145)
	at org.apache.maven.surefire.booter.SurefireStarter.runSuitesInProcess(SurefireStarter.java:87)
	at org.apache.maven.surefire.booter.ForkedBooter.main(ForkedBooter.java:69)
Caused by: org.h2.jdbc.JdbcSQLException: Syntax error in SQL statement &quot;SELECT RES.* 
       
    FROM ACT_RE_PROCDEF RES
     
     WHERE  RES.DEPLOYMENT_ID_ = ? 
   
     ORDER BY  ORDER[*] BY RES.ID_ ASC  
    LIMIT ? OFFSET ? &quot;; expected &quot;=, NOT, EXISTS, INTERSECTS, SELECT, FROM&quot;; SQL statement:
select RES.* 
       
    from ACT_RE_PROCDEF RES
     
     WHERE  RES.DEPLOYMENT_ID_ = ? 
   
     order by  order by RES.ID_ asc  
    LIMIT ? OFFSET ? [42001-176]
	at org.h2.message.DbException.getJdbcSQLException(DbException.java:344)
	at org.h2.message.DbException.getSyntaxError(DbException.java:204)
	at org.h2.command.Parser.getSyntaxError(Parser.java:524)
	at org.h2.command.Parser.readTerm(Parser.java:2688)
	at org.h2.command.Parser.readFactor(Parser.java:2244)
	at org.h2.command.Parser.readSum(Parser.java:2231)
	at org.h2.command.Parser.readConcat(Parser.java:2201)
	at org.h2.command.Parser.readCondition(Parser.java:2051)
	at org.h2.command.Parser.readAnd(Parser.java:2023)
	at org.h2.command.Parser.readExpression(Parser.java:2015)
	at org.h2.command.Parser.parseEndOfQuery(Parser.java:1726)
	at org.h2.command.Parser.parseSelectUnionExtension(Parser.java:1706)
	at org.h2.command.Parser.parseSelectUnion(Parser.java:1675)
	at org.h2.command.Parser.parseSelect(Parser.java:1662)
	at org.h2.command.Parser.parsePrepared(Parser.java:434)
	at org.h2.command.Parser.parse(Parser.java:306)
	at org.h2.command.Parser.parse(Parser.java:282)
	at org.h2.command.Parser.prepareCommand(Parser.java:243)
	at org.h2.engine.Session.prepareLocal(Session.java:442)
	at org.h2.engine.Session.prepareCommand(Session.java:384)
	at org.h2.jdbc.JdbcConnection.prepareCommand(JdbcConnection.java:1188)
	at org.h2.jdbc.JdbcPreparedStatement.&lt;init&gt;(JdbcPreparedStatement.java:73)
	at org.h2.jdbc.JdbcConnection.prepareStatement(JdbcConnection.java:276)
	at sun.reflect.GeneratedMethodAccessor6.invoke(Unknown Source)
	at sun.reflect.DelegatingMethodAccessorImpl.invoke(DelegatingMethodAccessorImpl.java:43)
	at java.lang.reflect.Method.invoke(Method.java:498)
	at org.apache.ibatis.datasource.pooled.PooledConnection.invoke(PooledConnection.java:245)
	at com.sun.proxy.$Proxy12.prepareStatement(Unknown Source)
	at sun.reflect.GeneratedMethodAccessor6.invoke(Unknown Source)
	at sun.reflect.DelegatingMethodAccessorImpl.invoke(DelegatingMethodAccessorImpl.java:43)
	at java.lang.reflect.Method.invoke(Method.java:498)
	at org.apache.ibatis.logging.jdbc.ConnectionLogger.invoke(ConnectionLogger.java:55)
	at com.sun.proxy.$Proxy12.prepareStatement(Unknown Source)
	at org.apache.ibatis.executor.statement.PreparedStatementHandler.instantiateStatement(PreparedStatementHandler.java:79)
	at org.apache.ibatis.executor.statement.BaseStatementHandler.prepare(BaseStatementHandler.java:88)
	at org.apache.ibatis.executor.statement.RoutingStatementHandler.prepare(RoutingStatementHandler.java:58)
	at org.apache.ibatis.executor.SimpleExecutor.prepareStatement(SimpleExecutor.java:76)
	at org.apache.ibatis.executor.SimpleExecutor.doQuery(SimpleExecutor.java:61)
	at org.apache.ibatis.executor.BaseExecutor.queryFromDatabase(BaseExecutor.java:303)
	at org.apache.ibatis.executor.BaseExecutor.query(BaseExecutor.java:154)
	at org.apache.ibatis.executor.CachingExecutor.query(CachingExecutor.java:102)
	at org.apache.ibatis.executor.CachingExecutor.query(CachingExecutor.java:82)
	at org.apache.ibatis.session.defaults.DefaultSqlSession.selectList(DefaultSqlSession.java:120)
	... 37 more
</error>
    <system-out>10:47:09,572 [main] DEBUG org.activiti.engine.impl.test.TestHelper  - annotation @Deployment creates deployment for SubProcessTest.testNestedSimpleSubProcess
10:47:09,573 [main] DEBUG org.activiti.engine.impl.interceptor.LogInterceptor  - 

10:47:09,574 [main] DEBUG org.activiti.engine.impl.interceptor.LogInterceptor  - --- starting DeployCmd --------------------------------------------------------
10:47:09,574 [main] DEBUG org.activiti.engine.impl.bpmn.deployer.BpmnDeployer  - Processing deployment SubProcessTest.testNestedSimpleSubProcess
10:47:09,574 [main] INFO  org.activiti.engine.impl.bpmn.deployer.BpmnDeployer  - Processing resource org/activiti/engine/test/bpmn/subprocess/SubProcessTest.testNestedSimpleSubProcess.bpmn20.xml
10:47:09,582 [main] DEBUG org.activiti.engine.impl.bpmn.parser.handler.ProcessParseHandler  - Parsing process nestedSimpleSubProcess
10:47:09,582 [main] DEBUG org.activiti.engine.impl.bpmn.parser.handler.AbstractBpmnParseHandler  - Parsing activity outerSubProcess
10:47:09,582 [main] DEBUG org.activiti.engine.impl.bpmn.parser.handler.AbstractBpmnParseHandler  - Parsing activity innerSubProcess
10:47:09,582 [main] DEBUG org.activiti.engine.impl.bpmn.parser.handler.AbstractBpmnParseHandler  - Parsing activity innerSubProcessTask
10:47:09,583 [main] DEBUG org.activiti.engine.impl.bpmn.parser.handler.AbstractBpmnParseHandler  - Parsing activity innerSubProcessStart
10:47:09,583 [main] DEBUG org.activiti.engine.impl.bpmn.parser.handler.AbstractBpmnParseHandler  - Parsing activity innerSubProcessEnd
10:47:09,583 [main] DEBUG org.activiti.engine.impl.bpmn.parser.handler.AbstractBpmnParseHandler  - Parsing activity outerSubProcessStart
10:47:09,583 [main] DEBUG org.activiti.engine.impl.bpmn.parser.handler.AbstractBpmnParseHandler  - Parsing activity outerSubProcessEnd
10:47:09,583 [main] DEBUG org.activiti.engine.impl.bpmn.parser.handler.AbstractBpmnParseHandler  - Parsing activity afterSubProcessTask
10:47:09,583 [main] DEBUG org.activiti.engine.impl.bpmn.parser.handler.AbstractBpmnParseHandler  - Parsing activity theStart
10:47:09,583 [main] DEBUG org.activiti.engine.impl.bpmn.parser.handler.AbstractBpmnParseHandler  - Parsing activity theEnd
10:47:09,583 [main] DEBUG org.apache.ibatis.transaction.jdbc.JdbcTransaction  - Opening JDBC Connection
10:47:09,583 [main] DEBUG org.apache.ibatis.datasource.pooled.PooledDataSource  - Checked out connection 363509958 from pool.
10:47:09,583 [main] DEBUG org.apache.ibatis.transaction.jdbc.JdbcTransaction  - Setting autocommit to false on JDBC Connection [conn2: url=jdbc:h2:mem:activiti user=SA]
10:47:09,583 [main] DEBUG org.activiti.engine.impl.persistence.entity.ProcessDefinitionEntity.selectLatestProcessDefinitionByKey  - ==&gt;  Preparing: select * from ACT_RE_PROCDEF where KEY_ = ? and (TENANT_ID_ = &apos;&apos; or TENANT_ID_ is null) and VERSION_ = (select max(VERSION_) from ACT_RE_PROCDEF where KEY_ = ? and (TENANT_ID_ = &apos;&apos; or TENANT_ID_ is null)) 
10:47:09,583 [main] DEBUG org.activiti.engine.impl.persistence.entity.ProcessDefinitionEntity.selectLatestProcessDefinitionByKey  - ==&gt; Parameters: nestedSimpleSubProcess(String), nestedSimpleSubProcess(String)
10:47:09,583 [main] DEBUG org.activiti.engine.impl.persistence.entity.ProcessDefinitionEntity.selectLatestProcessDefinitionByKey  - &lt;==      Total: 0
10:47:09,584 [main] DEBUG org.activiti.engine.impl.persistence.entity.JobEntity.selectJobByTypeAndProcessDefinitionKeyNoTenantId  - ==&gt;  Preparing: select J.* from ACT_RU_JOB J inner join ACT_RE_PROCDEF P on J.PROC_DEF_ID_ = P.ID_ where J.HANDLER_TYPE_ = ? and P.KEY_ = ? and (P.TENANT_ID_ = &apos;&apos; or P.TENANT_ID_ is null) 
10:47:09,584 [main] DEBUG org.activiti.engine.impl.persistence.entity.JobEntity.selectJobByTypeAndProcessDefinitionKeyNoTenantId  - ==&gt; Parameters: timer-start-event(String), nestedSimpleSubProcess(String)
10:47:09,584 [main] DEBUG org.activiti.engine.impl.persistence.entity.JobEntity.selectJobByTypeAndProcessDefinitionKeyNoTenantId  - &lt;==      Total: 0
10:47:09,584 [main] DEBUG org.activiti.engine.impl.persistence.entity.ProcessDefinitionInfoEntity.selectProcessDefinitionInfoByProcessDefinitionId  - ==&gt;  Preparing: select * from ACT_PROCDEF_INFO where PROC_DEF_ID_ = ? 
10:47:09,584 [main] DEBUG org.activiti.engine.impl.persistence.entity.ProcessDefinitionInfoEntity.selectProcessDefinitionInfoByProcessDefinitionId  - ==&gt; Parameters: nestedSimpleSubProcess:1:84(String)
10:47:09,585 [main] DEBUG org.activiti.engine.impl.persistence.entity.ProcessDefinitionInfoEntity.selectProcessDefinitionInfoByProcessDefinitionId  - &lt;==      Total: 0
10:47:09,585 [main] DEBUG org.activiti.engine.impl.interceptor.LogInterceptor  - 

10:47:09,585 [main] DEBUG org.activiti.engine.impl.interceptor.LogInterceptor  - --- starting GetProcessDefinitionInfoCmd --------------------------------------------------------
10:47:09,585 [main] DEBUG org.activiti.engine.impl.interceptor.CommandContextInterceptor  - Valid context found. Reusing it for the current command &apos;org.activiti.engine.impl.cmd.GetProcessDefinitionInfoCmd&apos;
10:47:09,585 [main] DEBUG org.activiti.engine.impl.interceptor.LogInterceptor  - 

10:47:09,585 [main] DEBUG org.activiti.engine.impl.interceptor.LogInterceptor  - --- starting  --------------------------------------------------------
10:47:09,585 [main] DEBUG org.activiti.engine.impl.interceptor.CommandContextInterceptor  - Valid context found. Reusing it for the current command &apos;null&apos;
10:47:09,585 [main] DEBUG org.activiti.engine.impl.interceptor.LogInterceptor  - ---  finished --------------------------------------------------------
10:47:09,585 [main] DEBUG org.activiti.engine.impl.interceptor.LogInterceptor  - 

10:47:09,585 [main] DEBUG org.activiti.engine.impl.interceptor.LogInterceptor  - --- GetProcessDefinitionInfoCmd finished --------------------------------------------------------
10:47:09,585 [main] DEBUG org.activiti.engine.impl.interceptor.LogInterceptor  - 

10:47:09,585 [main] DEBUG org.activiti.engine.impl.db.DbSqlSession  -   insert ResourceEntity[id=83, name=org/activiti/engine/test/bpmn/subprocess/SubProcessTest.testNestedSimpleSubProcess.bpmn20.xml]
10:47:09,585 [main] DEBUG org.activiti.engine.impl.db.DbSqlSession  -   insert DeploymentEntity[id=82, name=SubProcessTest.testNestedSimpleSubProcess]
10:47:09,585 [main] DEBUG org.activiti.engine.impl.db.DbSqlSession  -   insert ProcessDefinitionEntity[nestedSimpleSubProcess:1:84]
10:47:09,585 [main] DEBUG org.activiti.engine.impl.db.DbSqlSession  - flush summary: 3 insert, 0 update, 0 delete.
10:47:09,585 [main] DEBUG org.activiti.engine.impl.db.DbSqlSession  - now executing flush...
10:47:09,585 [main] DEBUG org.activiti.engine.impl.db.DbSqlSession  - inserting: ProcessDefinitionEntity[nestedSimpleSubProcess:1:84]
10:47:09,585 [main] DEBUG org.activiti.engine.impl.persistence.entity.ProcessDefinitionEntity.insertProcessDefinition  - ==&gt;  Preparing: insert into ACT_RE_PROCDEF(ID_, REV_, CATEGORY_, NAME_, KEY_, VERSION_, DEPLOYMENT_ID_, RESOURCE_NAME_, DGRM_RESOURCE_NAME_, DESCRIPTION_, HAS_START_FORM_KEY_, HAS_GRAPHICAL_NOTATION_ , SUSPENSION_STATE_, TENANT_ID_) values (?, 1, ?, ?, ?, ?, ?, ?, ?, ?, ?, ?, ?, ?) 
10:47:09,585 [main] DEBUG org.activiti.engine.impl.persistence.entity.ProcessDefinitionEntity.insertProcessDefinition  - ==&gt; Parameters: nestedSimpleSubProcess:1:84(String), Examples(String), null, nestedSimpleSubProcess(String), 1(Integer), 82(String), org/activiti/engine/test/bpmn/subprocess/SubProcessTest.testNestedSimpleSubProcess.bpmn20.xml(String), null, null, false(Boolean), false(Boolean), 1(Integer), (String)
10:47:09,586 [main] DEBUG org.activiti.engine.impl.persistence.entity.ProcessDefinitionEntity.insertProcessDefinition  - &lt;==    Updates: 1
10:47:09,586 [main] DEBUG org.activiti.engine.impl.db.DbSqlSession  - inserting: DeploymentEntity[id=82, name=SubProcessTest.testNestedSimpleSubProcess]
10:47:09,586 [main] DEBUG org.activiti.engine.impl.persistence.entity.DeploymentEntity.insertDeployment  - ==&gt;  Preparing: insert into ACT_RE_DEPLOYMENT(ID_, NAME_, CATEGORY_, TENANT_ID_, DEPLOY_TIME_) values(?, ?, ?, ?, ?) 
10:47:09,586 [main] DEBUG org.activiti.engine.impl.persistence.entity.DeploymentEntity.insertDeployment  - ==&gt; Parameters: 82(String), SubProcessTest.testNestedSimpleSubProcess(String), null, (String), 2023-03-20 10:46:46.742(Timestamp)
10:47:09,586 [main] DEBUG org.activiti.engine.impl.persistence.entity.DeploymentEntity.insertDeployment  - &lt;==    Updates: 1
10:47:09,586 [main] DEBUG org.activiti.engine.impl.db.DbSqlSession  - inserting: ResourceEntity[id=83, name=org/activiti/engine/test/bpmn/subprocess/SubProcessTest.testNestedSimpleSubProcess.bpmn20.xml]
10:47:09,586 [main] DEBUG org.activiti.engine.impl.persistence.entity.ResourceEntity.insertResource  - ==&gt;  Preparing: insert into ACT_GE_BYTEARRAY(ID_, REV_, NAME_, BYTES_, DEPLOYMENT_ID_, GENERATED_) values (?, 1, ?, ?, ?, ?) 
10:47:09,586 [main] DEBUG org.activiti.engine.impl.persistence.entity.ResourceEntity.insertResource  - ==&gt; Parameters: 83(String), org/activiti/engine/test/bpmn/subprocess/SubProcessTest.testNestedSimpleSubProcess.bpmn20.xml(String), java.io.ByteArrayInputStream@2b457208(ByteArrayInputStream), 82(String), false(Boolean)
10:47:09,586 [main] DEBUG org.activiti.engine.impl.persistence.entity.ResourceEntity.insertResource  - &lt;==    Updates: 1
10:47:09,586 [main] DEBUG org.activiti.engine.impl.cfg.standalone.StandaloneMybatisTransactionContext  - firing event committing...
10:47:09,586 [main] DEBUG org.activiti.engine.impl.cfg.standalone.StandaloneMybatisTransactionContext  - committing the ibatis sql session...
10:47:09,586 [main] DEBUG org.apache.ibatis.transaction.jdbc.JdbcTransaction  - Committing JDBC Connection [conn2: url=jdbc:h2:mem:activiti user=SA]
10:47:09,586 [main] DEBUG org.activiti.engine.impl.cfg.standalone.StandaloneMybatisTransactionContext  - firing event committed...
10:47:09,586 [main] DEBUG org.apache.ibatis.transaction.jdbc.JdbcTransaction  - Resetting autocommit to true on JDBC Connection [conn2: url=jdbc:h2:mem:activiti user=SA]
10:47:09,586 [main] DEBUG org.apache.ibatis.transaction.jdbc.JdbcTransaction  - Closing JDBC Connection [conn2: url=jdbc:h2:mem:activiti user=SA]
10:47:09,586 [main] DEBUG org.apache.ibatis.datasource.pooled.PooledDataSource  - Returned connection 363509958 to pool.
10:47:09,586 [main] DEBUG org.activiti.engine.impl.interceptor.LogInterceptor  - --- DeployCmd finished --------------------------------------------------------
10:47:09,586 [main] DEBUG org.activiti.engine.impl.interceptor.LogInterceptor  - 

10:47:09,586 [main] DEBUG org.activiti.engine.impl.test.PvmTestCase  - 

10:47:09,586 [main] DEBUG org.activiti.engine.impl.test.PvmTestCase  - #### START SubProcessTest.testNestedSimpleSubProcess ###########################################################
10:47:09,586 [main] DEBUG org.activiti.engine.impl.interceptor.LogInterceptor  - 

10:47:09,587 [main] DEBUG org.activiti.engine.impl.interceptor.LogInterceptor  - --- starting StartProcessInstanceCmd --------------------------------------------------------
10:47:09,587 [main] DEBUG org.apache.ibatis.transaction.jdbc.JdbcTransaction  - Opening JDBC Connection
10:47:09,587 [main] DEBUG org.apache.ibatis.datasource.pooled.PooledDataSource  - Checked out connection 180014677 from pool.
10:47:09,587 [main] DEBUG org.apache.ibatis.transaction.jdbc.JdbcTransaction  - Setting autocommit to false on JDBC Connection [conn3: url=jdbc:h2:mem:activiti user=SA]
10:47:09,587 [main] DEBUG org.activiti.engine.impl.persistence.entity.ProcessDefinitionEntity.selectLatestProcessDefinitionByKey  - ==&gt;  Preparing: select * from ACT_RE_PROCDEF where KEY_ = ? and (TENANT_ID_ = &apos;&apos; or TENANT_ID_ is null) and VERSION_ = (select max(VERSION_) from ACT_RE_PROCDEF where KEY_ = ? and (TENANT_ID_ = &apos;&apos; or TENANT_ID_ is null)) 
10:47:09,587 [main] DEBUG org.activiti.engine.impl.persistence.entity.ProcessDefinitionEntity.selectLatestProcessDefinitionByKey  - ==&gt; Parameters: nestedSimpleSubProcess(String), nestedSimpleSubProcess(String)
10:47:09,587 [main] DEBUG org.activiti.engine.impl.persistence.entity.ProcessDefinitionEntity.selectLatestProcessDefinitionByKey  - &lt;==      Total: 1
10:47:09,587 [main] DEBUG org.activiti.engine.impl.persistence.entity.ExecutionEntity  - initializing ProcessInstance[85]
10:47:09,587 [main] DEBUG org.activiti.engine.impl.history.DefaultHistoryManager  - Current history level: FULL, level required: ACTIVITY
10:47:09,587 [main] DEBUG org.activiti.engine.impl.history.DefaultHistoryManager  - Current history level: FULL, level required: ACTIVITY
10:47:09,587 [main] DEBUG org.activiti.engine.impl.history.DefaultHistoryManager  - Current history level: FULL, level required: FULL
10:47:09,587 [main] DEBUG org.activiti.engine.impl.pvm.runtime.AtomicOperationActivityExecute  - ProcessInstance[85] executes Activity(theStart): org.activiti.engine.impl.bpmn.behavior.NoneStartEventActivityBehavior
10:47:09,587 [main] DEBUG org.activiti.engine.impl.persistence.entity.JobEntity.selectJobsByExecutionId  - ==&gt;  Preparing: select * from ACT_RU_JOB J where J.EXECUTION_ID_ = ? 
10:47:09,588 [main] DEBUG org.activiti.engine.impl.persistence.entity.JobEntity.selectJobsByExecutionId  - ==&gt; Parameters: 85(String)
10:47:09,588 [main] DEBUG org.activiti.engine.impl.persistence.entity.JobEntity.selectJobsByExecutionId  - &lt;==      Total: 0
10:47:09,588 [main] DEBUG org.activiti.engine.impl.bpmn.behavior.BpmnActivityBehavior  - Leaving activity &apos;theStart&apos;
10:47:09,588 [main] DEBUG org.activiti.engine.impl.history.DefaultHistoryManager  - Current history level: FULL, level required: ACTIVITY
10:47:09,588 [main] DEBUG org.activiti.engine.impl.pvm.runtime.AtomicOperationTransitionNotifyListenerTake  - ProcessInstance[85] takes transition (theStart)--flow1--&gt;(outerSubProcess)
10:47:09,588 [main] DEBUG org.activiti.engine.impl.persistence.entity.ExecutionEntity  - Child execution ScopeExecution[89] created with parent 
10:47:09,588 [main] DEBUG org.activiti.engine.impl.pvm.runtime.AtomicOperationTransitionCreateScope  - create scope: parent ProcessInstance[85] continues as execution ScopeExecution[89]
10:47:09,588 [main] DEBUG org.activiti.engine.impl.persistence.entity.ExecutionEntity  - initializing ScopeExecution[89]
10:47:09,588 [main] DEBUG org.activiti.engine.impl.history.DefaultHistoryManager  - Current history level: FULL, level required: ACTIVITY
10:47:09,588 [main] DEBUG org.activiti.engine.impl.pvm.runtime.AtomicOperationActivityExecute  - ScopeExecution[89] executes Activity(outerSubProcess): org.activiti.engine.impl.bpmn.behavior.SubProcessActivityBehavior
10:47:09,588 [main] DEBUG org.activiti.engine.impl.history.DefaultHistoryManager  - Current history level: FULL, level required: ACTIVITY
10:47:09,588 [main] DEBUG org.activiti.engine.impl.pvm.runtime.AtomicOperationActivityExecute  - ScopeExecution[89] executes Activity(outerSubProcessStart): org.activiti.engine.impl.bpmn.behavior.NoneStartEventActivityBehavior
10:47:09,588 [main] DEBUG org.activiti.engine.impl.persistence.entity.JobEntity.selectJobsByExecutionId  - ==&gt;  Preparing: select * from ACT_RU_JOB J where J.EXECUTION_ID_ = ? 
10:47:09,588 [main] DEBUG org.activiti.engine.impl.persistence.entity.JobEntity.selectJobsByExecutionId  - ==&gt; Parameters: 89(String)
10:47:09,588 [main] DEBUG org.activiti.engine.impl.persistence.entity.JobEntity.selectJobsByExecutionId  - &lt;==      Total: 0
10:47:09,588 [main] DEBUG org.activiti.engine.impl.bpmn.behavior.BpmnActivityBehavior  - Leaving activity &apos;outerSubProcessStart&apos;
10:47:09,588 [main] DEBUG org.activiti.engine.impl.history.DefaultHistoryManager  - Current history level: FULL, level required: ACTIVITY
10:47:09,589 [main] DEBUG org.activiti.engine.impl.pvm.runtime.AtomicOperationTransitionNotifyListenerTake  - ScopeExecution[89] takes transition (outerSubProcessStart)--flow2--&gt;(innerSubProcess)
10:47:09,589 [main] DEBUG org.activiti.engine.impl.persistence.entity.ExecutionEntity  - Child execution ScopeExecution[92] created with parent 
10:47:09,589 [main] DEBUG org.activiti.engine.impl.pvm.runtime.AtomicOperationTransitionCreateScope  - create scope: parent ScopeExecution[89] continues as execution ScopeExecution[92]
10:47:09,589 [main] DEBUG org.activiti.engine.impl.persistence.entity.ExecutionEntity  - initializing ScopeExecution[92]
10:47:09,589 [main] DEBUG org.activiti.engine.impl.history.DefaultHistoryManager  - Current history level: FULL, level required: ACTIVITY
10:47:09,589 [main] DEBUG org.activiti.engine.impl.pvm.runtime.AtomicOperationActivityExecute  - ScopeExecution[92] executes Activity(innerSubProcess): org.activiti.engine.impl.bpmn.behavior.SubProcessActivityBehavior
10:47:09,589 [main] DEBUG org.activiti.engine.impl.history.DefaultHistoryManager  - Current history level: FULL, level required: ACTIVITY
10:47:09,589 [main] DEBUG org.activiti.engine.impl.pvm.runtime.AtomicOperationActivityExecute  - ScopeExecution[92] executes Activity(innerSubProcessStart): org.activiti.engine.impl.bpmn.behavior.NoneStartEventActivityBehavior
10:47:09,589 [main] DEBUG org.activiti.engine.impl.persistence.entity.JobEntity.selectJobsByExecutionId  - ==&gt;  Preparing: select * from ACT_RU_JOB J where J.EXECUTION_ID_ = ? 
10:47:09,589 [main] DEBUG org.activiti.engine.impl.persistence.entity.JobEntity.selectJobsByExecutionId  - ==&gt; Parameters: 92(String)
10:47:09,589 [main] DEBUG org.activiti.engine.impl.persistence.entity.JobEntity.selectJobsByExecutionId  - &lt;==      Total: 0
10:47:09,589 [main] DEBUG org.activiti.engine.impl.bpmn.behavior.BpmnActivityBehavior  - Leaving activity &apos;innerSubProcessStart&apos;
10:47:09,589 [main] DEBUG org.activiti.engine.impl.history.DefaultHistoryManager  - Current history level: FULL, level required: ACTIVITY
10:47:09,589 [main] DEBUG org.activiti.engine.impl.pvm.runtime.AtomicOperationTransitionNotifyListenerTake  - ScopeExecution[92] takes transition (innerSubProcessStart)--flow3--&gt;(innerSubProcessTask)
10:47:09,589 [main] DEBUG org.activiti.engine.impl.history.DefaultHistoryManager  - Current history level: FULL, level required: ACTIVITY
10:47:09,589 [main] DEBUG org.activiti.engine.impl.pvm.runtime.AtomicOperationActivityExecute  - ScopeExecution[92] executes Activity(innerSubProcessTask): org.activiti.engine.impl.bpmn.behavior.UserTaskActivityBehavior
10:47:09,590 [main] DEBUG org.activiti.engine.impl.persistence.entity.TaskEntity.selectTasksByExecutionId  - ==&gt;  Preparing: select distinct T.* from ACT_RU_TASK T where T.EXECUTION_ID_ = ? 
10:47:09,590 [main] DEBUG org.activiti.engine.impl.persistence.entity.TaskEntity.selectTasksByExecutionId  - ==&gt; Parameters: 92(String)
10:47:09,590 [main] DEBUG org.activiti.engine.impl.persistence.entity.TaskEntity.selectTasksByExecutionId  - &lt;==      Total: 0
10:47:09,590 [main] DEBUG org.activiti.engine.impl.history.DefaultHistoryManager  - Current history level: FULL, level required: AUDIT
10:47:09,590 [main] DEBUG org.activiti.engine.impl.history.DefaultHistoryManager  - Current history level: FULL, level required: AUDIT
10:47:09,590 [main] DEBUG org.activiti.engine.impl.interceptor.LogInterceptor  - 

10:47:09,590 [main] DEBUG org.activiti.engine.impl.interceptor.LogInterceptor  - --- starting  --------------------------------------------------------
10:47:09,590 [main] DEBUG org.activiti.engine.impl.interceptor.CommandContextInterceptor  - Valid context found. Reusing it for the current command &apos;null&apos;
10:47:09,590 [main] DEBUG org.activiti.engine.impl.persistence.entity.ProcessDefinitionInfoEntity.selectProcessDefinitionInfoByProcessDefinitionId  - ==&gt;  Preparing: select * from ACT_PROCDEF_INFO where PROC_DEF_ID_ = ? 
10:47:09,590 [main] DEBUG org.activiti.engine.impl.persistence.entity.ProcessDefinitionInfoEntity.selectProcessDefinitionInfoByProcessDefinitionId  - ==&gt; Parameters: nestedSimpleSubProcess:1:84(String)
10:47:09,590 [main] DEBUG org.activiti.engine.impl.persistence.entity.ProcessDefinitionInfoEntity.selectProcessDefinitionInfoByProcessDefinitionId  - &lt;==      Total: 0
10:47:09,590 [main] DEBUG org.activiti.engine.impl.interceptor.LogInterceptor  - ---  finished --------------------------------------------------------
10:47:09,590 [main] DEBUG org.activiti.engine.impl.interceptor.LogInterceptor  - 

10:47:09,590 [main] DEBUG org.activiti.engine.impl.history.DefaultHistoryManager  - Current history level: FULL, level required: AUDIT
10:47:09,590 [main] DEBUG org.activiti.engine.impl.history.DefaultHistoryManager  - Current history level: FULL, level required: AUDIT
10:47:09,591 [main] DEBUG org.activiti.engine.impl.history.DefaultHistoryManager  - Current history level: FULL, level required: ACTIVITY
10:47:09,591 [main] DEBUG org.activiti.engine.impl.db.DbSqlSession  -   insert ProcessInstance[85]
10:47:09,591 [main] DEBUG org.activiti.engine.impl.db.DbSqlSession  -   insert ScopeExecution[89]
10:47:09,591 [main] DEBUG org.activiti.engine.impl.db.DbSqlSession  -   insert ScopeExecution[92]
10:47:09,591 [main] DEBUG org.activiti.engine.impl.db.DbSqlSession  -   insert VariableInstanceEntity[id=87, name=someVar, type=string, textValue=abc]
10:47:09,591 [main] DEBUG org.activiti.engine.impl.db.DbSqlSession  -   insert HistoricProcessInstanceEntity[superProcessInstanceId=null]
10:47:09,591 [main] DEBUG org.activiti.engine.impl.db.DbSqlSession  -   insert Task[id=96, name=Task in subprocess]
10:47:09,591 [main] DEBUG org.activiti.engine.impl.db.DbSqlSession  -   insert HistoricDetailVariableInstanceUpdateEntity[id=88, name=someVar, type=string, textValue=abc]
10:47:09,591 [main] DEBUG org.activiti.engine.impl.db.DbSqlSession  -   insert HistoricTaskInstanceEntity[id=96, name=Task in subprocess]
10:47:09,591 [main] DEBUG org.activiti.engine.impl.db.DbSqlSession  -   insert HistoricActivityInstanceEntity[activityId=theStart, activityName=null]
10:47:09,591 [main] DEBUG org.activiti.engine.impl.db.DbSqlSession  -   insert HistoricActivityInstanceEntity[activityId=outerSubProcess, activityName=null]
10:47:09,591 [main] DEBUG org.activiti.engine.impl.db.DbSqlSession  -   insert HistoricActivityInstanceEntity[activityId=outerSubProcessStart, activityName=null]
10:47:09,591 [main] DEBUG org.activiti.engine.impl.db.DbSqlSession  -   insert HistoricActivityInstanceEntity[activityId=innerSubProcess, activityName=null]
10:47:09,591 [main] DEBUG org.activiti.engine.impl.db.DbSqlSession  -   insert HistoricActivityInstanceEntity[activityId=innerSubProcessStart, activityName=null]
10:47:09,591 [main] DEBUG org.activiti.engine.impl.db.DbSqlSession  -   insert HistoricActivityInstanceEntity[activityId=innerSubProcessTask, activityName=Task in subprocess]
10:47:09,591 [main] DEBUG org.activiti.engine.impl.db.DbSqlSession  -   insert HistoricVariableInstanceEntity[id=87, name=someVar, revision=0, type=string, textValue=abc]
10:47:09,591 [main] DEBUG org.activiti.engine.impl.db.DbSqlSession  - flush summary: 15 insert, 0 update, 0 delete.
10:47:09,591 [main] DEBUG org.activiti.engine.impl.db.DbSqlSession  - now executing flush...
10:47:09,591 [main] DEBUG org.activiti.engine.impl.db.DbSqlSession  - inserting: HistoricDetailVariableInstanceUpdateEntity[id=88, name=someVar, type=string, textValue=abc]
10:47:09,591 [main] DEBUG org.activiti.engine.impl.persistence.entity.HistoricDetailEntity.insertHistoricDetailVariableInstanceUpdate  - ==&gt;  Preparing: insert into ACT_HI_DETAIL (ID_, TYPE_, PROC_INST_ID_, EXECUTION_ID_, ACT_INST_ID_, TASK_ID_, NAME_, REV_, VAR_TYPE_, TIME_, BYTEARRAY_ID_, DOUBLE_, LONG_ , TEXT_, TEXT2_) values ( ?, &apos;VariableUpdate&apos;, ?, ?, ?, ?, ?, ?, ?, ?, ?, ?, ?, ?, ? ) 
10:47:09,591 [main] DEBUG org.activiti.engine.impl.persistence.entity.HistoricDetailEntity.insertHistoricDetailVariableInstanceUpdate  - ==&gt; Parameters: 88(String), 85(String), 85(String), 86(String), null, someVar(String), 0(Integer), string(String), 2023-03-20 10:46:46.742(Timestamp), null, null, null, abc(String), null
10:47:09,591 [main] DEBUG org.activiti.engine.impl.persistence.entity.HistoricDetailEntity.insertHistoricDetailVariableInstanceUpdate  - &lt;==    Updates: 1
10:47:09,591 [main] DEBUG org.activiti.engine.impl.db.DbSqlSession  - inserting: HistoricVariableInstanceEntity[id=87, name=someVar, revision=0, type=string, textValue=abc]
10:47:09,591 [main] DEBUG org.activiti.engine.impl.persistence.entity.HistoricVariableInstanceEntity.insertHistoricVariableInstance  - ==&gt;  Preparing: insert into ACT_HI_VARINST (ID_, PROC_INST_ID_, EXECUTION_ID_, TASK_ID_, NAME_, REV_, VAR_TYPE_, BYTEARRAY_ID_, DOUBLE_, LONG_ , TEXT_, TEXT2_, CREATE_TIME_, LAST_UPDATED_TIME_) values ( ?, ?, ?, ?, ?, ?, ?, ?, ?, ?, ?, ?, ?, ? ) 
10:47:09,591 [main] DEBUG org.activiti.engine.impl.persistence.entity.HistoricVariableInstanceEntity.insertHistoricVariableInstance  - ==&gt; Parameters: 87(String), 85(String), 85(String), null, someVar(String), 0(Integer), string(String), null, null, null, abc(String), null, 2023-03-20 10:46:46.742(Timestamp), 2023-03-20 10:46:46.742(Timestamp)
10:47:09,591 [main] DEBUG org.activiti.engine.impl.persistence.entity.HistoricVariableInstanceEntity.insertHistoricVariableInstance  - &lt;==    Updates: 1
10:47:09,591 [main] DEBUG org.activiti.engine.impl.db.DbSqlSession  - inserting: HistoricTaskInstanceEntity[id=96, name=Task in subprocess]
10:47:09,591 [main] DEBUG org.activiti.engine.impl.persistence.entity.HistoricTaskInstanceEntity.insertHistoricTaskInstance  - ==&gt;  Preparing: insert into ACT_HI_TASKINST ( ID_, PROC_DEF_ID_, PROC_INST_ID_, EXECUTION_ID_, NAME_, PARENT_TASK_ID_, DESCRIPTION_, OWNER_, ASSIGNEE_, START_TIME_, CLAIM_TIME_, END_TIME_, DURATION_, DELETE_REASON_, TASK_DEF_KEY_, FORM_KEY_, PRIORITY_, DUE_DATE_, CATEGORY_, TENANT_ID_ ) values ( ?, ?, ?, ?, ?, ?, ?, ?, ?, ?, ?, ?, ?, ?, ?, ?, ?, ?, ?, ? ) 
10:47:09,591 [main] DEBUG org.activiti.engine.impl.persistence.entity.HistoricTaskInstanceEntity.insertHistoricTaskInstance  - ==&gt; Parameters: 96(String), nestedSimpleSubProcess:1:84(String), 85(String), 92(String), Task in subprocess(String), null, null, null, null, 2023-03-20 10:46:46.742(Timestamp), null, null, null, null, innerSubProcessTask(String), null, 50(Integer), null, null, (String)
10:47:09,592 [main] DEBUG org.activiti.engine.impl.persistence.entity.HistoricTaskInstanceEntity.insertHistoricTaskInstance  - &lt;==    Updates: 1
10:47:09,592 [main] DEBUG org.activiti.engine.impl.db.DbSqlSession  - inserting: HistoricProcessInstanceEntity[superProcessInstanceId=null]
10:47:09,592 [main] DEBUG org.activiti.engine.impl.persistence.entity.HistoricProcessInstanceEntity.insertHistoricProcessInstance  - ==&gt;  Preparing: insert into ACT_HI_PROCINST ( ID_, PROC_INST_ID_, BUSINESS_KEY_, PROC_DEF_ID_, START_TIME_, END_TIME_, DURATION_, START_USER_ID_, START_ACT_ID_, END_ACT_ID_, SUPER_PROCESS_INSTANCE_ID_, DELETE_REASON_, TENANT_ID_, NAME_ ) values ( ?, ?, ?, ?, ?, ?, ?, ?, ?, ?, ?, ?, ?, ? ) 
10:47:09,592 [main] DEBUG org.activiti.engine.impl.persistence.entity.HistoricProcessInstanceEntity.insertHistoricProcessInstance  - ==&gt; Parameters: 85(String), 85(String), null, nestedSimpleSubProcess:1:84(String), 2023-03-20 10:46:46.742(Timestamp), null, null, null, theStart(String), null, null, null, (String), null
10:47:09,592 [main] DEBUG org.activiti.engine.impl.persistence.entity.HistoricProcessInstanceEntity.insertHistoricProcessInstance  - &lt;==    Updates: 1
10:47:09,592 [main] DEBUG org.activiti.engine.impl.persistence.entity.HistoricActivityInstanceEntity.bulkInsertHistoricActivityInstance  - ==&gt;  Preparing: insert into ACT_HI_ACTINST ( ID_, PROC_DEF_ID_, PROC_INST_ID_, EXECUTION_ID_, ACT_ID_, TASK_ID_, CALL_PROC_INST_ID_, ACT_NAME_, ACT_TYPE_, ASSIGNEE_, START_TIME_, END_TIME_, DURATION_, TENANT_ID_ ) values (?, ?, ?, ?, ?, ?, ?, ?, ?, ?, ?, ?, ?, ?) , (?, ?, ?, ?, ?, ?, ?, ?, ?, ?, ?, ?, ?, ?) , (?, ?, ?, ?, ?, ?, ?, ?, ?, ?, ?, ?, ?, ?) , (?, ?, ?, ?, ?, ?, ?, ?, ?, ?, ?, ?, ?, ?) , (?, ?, ?, ?, ?, ?, ?, ?, ?, ?, ?, ?, ?, ?) , (?, ?, ?, ?, ?, ?, ?, ?, ?, ?, ?, ?, ?, ?) 
10:47:09,592 [main] DEBUG org.activiti.engine.impl.persistence.entity.HistoricActivityInstanceEntity.bulkInsertHistoricActivityInstance  - ==&gt; Parameters: 86(String), nestedSimpleSubProcess:1:84(String), 85(String), 85(String), theStart(String), null, null, null, startEvent(String), null, 2023-03-20 10:46:46.742(Timestamp), 2023-03-20 10:46:46.742(Timestamp), 0(Long), (String), 90(String), nestedSimpleSubProcess:1:84(String), 85(String), 89(String), outerSubProcess(String), null, null, null, subProcess(String), null, 2023-03-20 10:46:46.742(Timestamp), null, null, (String), 91(String), nestedSimpleSubProcess:1:84(String), 85(String), 89(String), outerSubProcessStart(String), null, null, null, startEvent(String), null, 2023-03-20 10:46:46.742(Timestamp), 2023-03-20 10:46:46.742(Timestamp), 0(Long), (String), 93(String), nestedSimpleSubProcess:1:84(String), 85(String), 92(String), innerSubProcess(String), null, null, null, subProcess(String), null, 2023-03-20 10:46:46.742(Timestamp), null, null, (String), 94(String), nestedSimpleSubProcess:1:84(String), 85(String), 92(String), innerSubProcessStart(String), null, null, null, startEvent(String), null, 2023-03-20 10:46:46.742(Timestamp), 2023-03-20 10:46:46.742(Timestamp), 0(Long), (String), 95(String), nestedSimpleSubProcess:1:84(String), 85(String), 92(String), innerSubProcessTask(String), 96(String), null, Task in subprocess(String), userTask(String), null, 2023-03-20 10:46:46.742(Timestamp), null, null, (String)
10:47:09,592 [main] DEBUG org.activiti.engine.impl.persistence.entity.HistoricActivityInstanceEntity.bulkInsertHistoricActivityInstance  - &lt;==    Updates: 6
10:47:09,592 [main] DEBUG org.activiti.engine.impl.persistence.entity.ExecutionEntity.bulkInsertExecution  - ==&gt;  Preparing: insert into ACT_RU_EXECUTION (ID_, REV_, PROC_INST_ID_, BUSINESS_KEY_, PROC_DEF_ID_, ACT_ID_, IS_ACTIVE_, IS_CONCURRENT_, IS_SCOPE_,IS_EVENT_SCOPE_, PARENT_ID_, SUPER_EXEC_, SUSPENSION_STATE_, CACHED_ENT_STATE_, TENANT_ID_, NAME_) values (?, 1, ?, ?, ?, ?, ?, ?, ?, ?, ?, ?, ?, ?, ?, ?) , (?, 1, ?, ?, ?, ?, ?, ?, ?, ?, ?, ?, ?, ?, ?, ?) , (?, 1, ?, ?, ?, ?, ?, ?, ?, ?, ?, ?, ?, ?, ?, ?) 
10:47:09,593 [main] DEBUG org.activiti.engine.impl.persistence.entity.ExecutionEntity.bulkInsertExecution  - ==&gt; Parameters: 85(String), 85(String), null, nestedSimpleSubProcess:1:84(String), null, false(Boolean), false(Boolean), true(Boolean), false(Boolean), null, null, 1(Integer), 2(Integer), (String), null, 89(String), 85(String), null, nestedSimpleSubProcess:1:84(String), null, false(Boolean), false(Boolean), true(Boolean), false(Boolean), 85(String), null, 1(Integer), 2(Integer), (String), null, 92(String), 85(String), null, nestedSimpleSubProcess:1:84(String), innerSubProcessTask(String), true(Boolean), false(Boolean), true(Boolean), false(Boolean), 89(String), null, 1(Integer), 2(Integer), (String), null
10:47:09,593 [main] DEBUG org.activiti.engine.impl.persistence.entity.ExecutionEntity.bulkInsertExecution  - &lt;==    Updates: 3
10:47:09,593 [main] DEBUG org.activiti.engine.impl.db.DbSqlSession  - inserting: Task[id=96, name=Task in subprocess]
10:47:09,593 [main] DEBUG org.activiti.engine.impl.persistence.entity.TaskEntity.insertTask  - ==&gt;  Preparing: insert into ACT_RU_TASK (ID_, REV_, NAME_, PARENT_TASK_ID_, DESCRIPTION_, PRIORITY_, CREATE_TIME_, OWNER_, ASSIGNEE_, DELEGATION_, EXECUTION_ID_, PROC_INST_ID_, PROC_DEF_ID_, TASK_DEF_KEY_, DUE_DATE_, CATEGORY_, SUSPENSION_STATE_, TENANT_ID_, FORM_KEY_) values (?, 1, ?, ?, ?, ?, ?, ?, ?, ?, ?, ?, ?, ?, ?, ?, ?, ?, ? ) 
10:47:09,593 [main] DEBUG org.activiti.engine.impl.persistence.entity.TaskEntity.insertTask  - ==&gt; Parameters: 96(String), Task in subprocess(String), null, null, 50(Integer), 2023-03-20 10:46:46.742(Timestamp), null, null, null, 92(String), 85(String), nestedSimpleSubProcess:1:84(String), innerSubProcessTask(String), null, null, 1(Integer), (String), null
10:47:09,593 [main] DEBUG org.activiti.engine.impl.persistence.entity.TaskEntity.insertTask  - &lt;==    Updates: 1
10:47:09,593 [main] DEBUG org.activiti.engine.impl.db.DbSqlSession  - inserting: VariableInstanceEntity[id=87, name=someVar, type=string, textValue=abc]
10:47:09,593 [main] DEBUG org.activiti.engine.impl.persistence.entity.VariableInstanceEntity.insertVariableInstance  - ==&gt;  Preparing: insert into ACT_RU_VARIABLE (ID_, REV_, TYPE_, NAME_, PROC_INST_ID_, EXECUTION_ID_, TASK_ID_, BYTEARRAY_ID_, DOUBLE_, LONG_ , TEXT_, TEXT2_) values ( ?, 1, ?, ?, ?, ?, ?, ?, ?, ?, ?, ? ) 
10:47:09,593 [main] DEBUG org.activiti.engine.impl.persistence.entity.VariableInstanceEntity.insertVariableInstance  - ==&gt; Parameters: 87(String), string(String), someVar(String), 85(String), 85(String), null, null, null, null, abc(String), null
10:47:09,593 [main] DEBUG org.activiti.engine.impl.persistence.entity.VariableInstanceEntity.insertVariableInstance  - &lt;==    Updates: 1
10:47:09,593 [main] DEBUG org.activiti.engine.impl.cfg.standalone.StandaloneMybatisTransactionContext  - firing event committing...
10:47:09,593 [main] DEBUG org.activiti.engine.impl.cfg.standalone.StandaloneMybatisTransactionContext  - committing the ibatis sql session...
10:47:09,593 [main] DEBUG org.apache.ibatis.transaction.jdbc.JdbcTransaction  - Committing JDBC Connection [conn3: url=jdbc:h2:mem:activiti user=SA]
10:47:09,593 [main] DEBUG org.activiti.engine.impl.cfg.standalone.StandaloneMybatisTransactionContext  - firing event committed...
10:47:09,593 [main] DEBUG org.apache.ibatis.transaction.jdbc.JdbcTransaction  - Resetting autocommit to true on JDBC Connection [conn3: url=jdbc:h2:mem:activiti user=SA]
10:47:09,593 [main] DEBUG org.apache.ibatis.transaction.jdbc.JdbcTransaction  - Closing JDBC Connection [conn3: url=jdbc:h2:mem:activiti user=SA]
10:47:09,593 [main] DEBUG org.apache.ibatis.datasource.pooled.PooledDataSource  - Returned connection 180014677 to pool.
10:47:09,593 [main] DEBUG org.activiti.engine.impl.interceptor.LogInterceptor  - --- StartProcessInstanceCmd finished --------------------------------------------------------
10:47:09,593 [main] DEBUG org.activiti.engine.impl.interceptor.LogInterceptor  - 

10:47:09,593 [main] DEBUG org.activiti.engine.impl.interceptor.LogInterceptor  - 

10:47:09,593 [main] DEBUG org.activiti.engine.impl.interceptor.LogInterceptor  - --- starting DeleteProcessInstanceCmd --------------------------------------------------------
10:47:09,593 [main] DEBUG org.apache.ibatis.transaction.jdbc.JdbcTransaction  - Opening JDBC Connection
10:47:09,593 [main] DEBUG org.apache.ibatis.datasource.pooled.PooledDataSource  - Checked out connection 486346394 from pool.
10:47:09,593 [main] DEBUG org.apache.ibatis.transaction.jdbc.JdbcTransaction  - Setting autocommit to false on JDBC Connection [conn6: url=jdbc:h2:mem:activiti user=SA]
10:47:09,593 [main] DEBUG org.activiti.engine.impl.persistence.entity.ExecutionEntity.selectExecution  - ==&gt;  Preparing: select * from ACT_RU_EXECUTION where ID_ = ? 
10:47:09,593 [main] DEBUG org.activiti.engine.impl.persistence.entity.ExecutionEntity.selectExecution  - ==&gt; Parameters: 85(String)
10:47:09,594 [main] DEBUG org.activiti.engine.impl.persistence.entity.ExecutionEntity.selectExecution  - &lt;==      Total: 1
10:47:09,594 [main] DEBUG org.activiti.engine.impl.persistence.entity.ExecutionEntity.selectExecutionsByParentExecutionId  - ==&gt;  Preparing: select * from ACT_RU_EXECUTION where PARENT_ID_ = ? 
10:47:09,594 [main] DEBUG org.activiti.engine.impl.persistence.entity.ExecutionEntity.selectExecutionsByParentExecutionId  - ==&gt; Parameters: 85(String)
10:47:09,594 [main] DEBUG org.activiti.engine.impl.persistence.entity.ExecutionEntity.selectExecutionsByParentExecutionId  - &lt;==      Total: 1
10:47:09,594 [main] DEBUG org.activiti.engine.impl.persistence.entity.ExecutionEntity.selectSubProcessInstanceBySuperExecutionId  - ==&gt;  Preparing: select * from ACT_RU_EXECUTION where SUPER_EXEC_ = ? 
10:47:09,594 [main] DEBUG org.activiti.engine.impl.persistence.entity.ExecutionEntity.selectSubProcessInstanceBySuperExecutionId  - ==&gt; Parameters: 89(String)
10:47:09,594 [main] DEBUG org.activiti.engine.impl.persistence.entity.ExecutionEntity.selectSubProcessInstanceBySuperExecutionId  - &lt;==      Total: 0
10:47:09,594 [main] DEBUG org.activiti.engine.impl.persistence.entity.TaskEntity.selectTaskByQueryCriteria  - ==&gt;  Preparing: select distinct RES.* from ACT_RU_TASK RES WHERE RES.PROC_INST_ID_ = ? order by order by RES.ID_ asc LIMIT ? OFFSET ? 
10:47:09,594 [main] DEBUG org.activiti.engine.impl.interceptor.CommandContext  - Error while closing command context
org.apache.ibatis.exceptions.PersistenceException: 
### Error querying database.  Cause: org.h2.jdbc.JdbcSQLException: Syntax error in SQL statement &quot;SELECT DISTINCT RES.* 
       
    FROM ACT_RU_TASK RES
     
     
     
     
    
     
     
     
     WHERE  RES.PROC_INST_ID_ = ? 
   
    
     ORDER BY  ORDER[*] BY RES.ID_ ASC  
    LIMIT ? OFFSET ? &quot;; expected &quot;=, NOT, EXISTS, INTERSECTS, SELECT, FROM&quot;; SQL statement:
select distinct RES.* 
       
    from ACT_RU_TASK RES
     
     
     
     
    
     
     
     
     WHERE  RES.PROC_INST_ID_ = ? 
   
    
     order by  order by RES.ID_ asc  
    LIMIT ? OFFSET ? [42001-176]
### The error may exist in org/activiti/db/mapping/entity/Task.xml
### The error may involve org.activiti.engine.impl.persistence.entity.TaskEntity.selectTaskByQueryCriteria
### The error occurred while executing a query
### SQL: select distinct RES.*              from ACT_RU_TASK RES                                                     WHERE  RES.PROC_INST_ID_ = ?                order by  order by RES.ID_ asc       LIMIT ? OFFSET ?
### Cause: org.h2.jdbc.JdbcSQLException: Syntax error in SQL statement &quot;SELECT DISTINCT RES.* 
       
    FROM ACT_RU_TASK RES
     
     
     
     
    
     
     
     
     WHERE  RES.PROC_INST_ID_ = ? 
   
    
     ORDER BY  ORDER[*] BY RES.ID_ ASC  
    LIMIT ? OFFSET ? &quot;; expected &quot;=, NOT, EXISTS, INTERSECTS, SELECT, FROM&quot;; SQL statement:
select distinct RES.* 
       
    from ACT_RU_TASK RES
     
     
     
     
    
     
     
     
     WHERE  RES.PROC_INST_ID_ = ? 
   
    
     order by  order by RES.ID_ asc  
    LIMIT ? OFFSET ? [42001-176]
	at org.apache.ibatis.exceptions.ExceptionFactory.wrapException(ExceptionFactory.java:30)
	at org.apache.ibatis.session.defaults.DefaultSqlSession.selectList(DefaultSqlSession.java:122)
	at org.apache.ibatis.session.defaults.DefaultSqlSession.selectList(DefaultSqlSession.java:113)
	at org.activiti.engine.impl.db.DbSqlSession.selectListWithRawParameter(DbSqlSession.java:438)
	at org.activiti.engine.impl.db.DbSqlSession.selectList(DbSqlSession.java:429)
	at org.activiti.engine.impl.persistence.entity.TaskEntityManager.findTasksByQueryCriteria(TaskEntityManager.java:135)
	at org.activiti.engine.impl.TaskQueryImpl.executeList(TaskQueryImpl.java:1256)
	at org.activiti.engine.impl.AbstractQuery.list(AbstractQuery.java:140)
	at org.activiti.engine.impl.persistence.entity.TaskEntityManager.deleteTasksByProcessInstanceId(TaskEntityManager.java:45)
	at org.activiti.engine.impl.persistence.entity.ExecutionEntityManager.deleteProcessInstanceCascade(ExecutionEntityManager.java:82)
	at org.activiti.engine.impl.persistence.entity.ExecutionEntityManager.deleteProcessInstance(ExecutionEntityManager.java:69)
	at org.activiti.engine.impl.persistence.entity.ExecutionEntityManager.deleteProcessInstance(ExecutionEntityManager.java:59)
	at org.activiti.engine.impl.cmd.DeleteProcessInstanceCmd.execute(DeleteProcessInstanceCmd.java:54)
	at org.activiti.engine.impl.cmd.DeleteProcessInstanceCmd.execute(DeleteProcessInstanceCmd.java:25)
	at org.activiti.engine.impl.interceptor.CommandInvoker.execute(CommandInvoker.java:24)
	at org.activiti.engine.impl.interceptor.CommandContextInterceptor.execute(CommandContextInterceptor.java:57)
	at org.activiti.engine.impl.interceptor.LogInterceptor.execute(LogInterceptor.java:37)
	at org.activiti.engine.impl.cfg.CommandExecutorImpl.execute(CommandExecutorImpl.java:40)
	at org.activiti.engine.impl.cfg.CommandExecutorImpl.execute(CommandExecutorImpl.java:35)
	at org.activiti.engine.impl.RuntimeServiceImpl.deleteProcessInstance(RuntimeServiceImpl.java:117)
	at org.activiti.engine.test.bpmn.subprocess.SubProcessTest.testNestedSimpleSubProcess(SubProcessTest.java:129)
	at sun.reflect.NativeMethodAccessorImpl.invoke0(Native Method)
	at sun.reflect.NativeMethodAccessorImpl.invoke(NativeMethodAccessorImpl.java:62)
	at sun.reflect.DelegatingMethodAccessorImpl.invoke(DelegatingMethodAccessorImpl.java:43)
	at java.lang.reflect.Method.invoke(Method.java:498)
	at junit.framework.TestCase.runTest(TestCase.java:176)
	at org.activiti.engine.impl.test.PvmTestCase.runTest(PvmTestCase.java:65)
	at junit.framework.TestCase.runBare(TestCase.java:141)
	at org.activiti.engine.impl.test.AbstractActivitiTestCase.runBare(AbstractActivitiTestCase.java:100)
	at junit.framework.TestResult$1.protect(TestResult.java:122)
	at junit.framework.TestResult.runProtected(TestResult.java:142)
	at junit.framework.TestResult.run(TestResult.java:125)
	at junit.framework.TestCase.run(TestCase.java:129)
	at junit.framework.TestSuite.runTest(TestSuite.java:255)
	at junit.framework.TestSuite.run(TestSuite.java:250)
	at org.junit.internal.runners.JUnit38ClassRunner.run(JUnit38ClassRunner.java:84)
	at org.apache.maven.surefire.junit4.JUnit4TestSet.execute(JUnit4TestSet.java:35)
	at org.apache.maven.surefire.junit4.JUnit4Provider.executeTestSet(JUnit4Provider.java:146)
	at org.apache.maven.surefire.junit4.JUnit4Provider.invoke(JUnit4Provider.java:97)
	at sun.reflect.NativeMethodAccessorImpl.invoke0(Native Method)
	at sun.reflect.NativeMethodAccessorImpl.invoke(NativeMethodAccessorImpl.java:62)
	at sun.reflect.DelegatingMethodAccessorImpl.invoke(DelegatingMethodAccessorImpl.java:43)
	at java.lang.reflect.Method.invoke(Method.java:498)
	at org.apache.maven.surefire.booter.ProviderFactory$ClassLoaderProxy.invoke(ProviderFactory.java:103)
	at com.sun.proxy.$Proxy0.invoke(Unknown Source)
	at org.apache.maven.surefire.booter.SurefireStarter.invokeProvider(SurefireStarter.java:145)
	at org.apache.maven.surefire.booter.SurefireStarter.runSuitesInProcess(SurefireStarter.java:87)
	at org.apache.maven.surefire.booter.ForkedBooter.main(ForkedBooter.java:69)
Caused by: org.h2.jdbc.JdbcSQLException: Syntax error in SQL statement &quot;SELECT DISTINCT RES.* 
       
    FROM ACT_RU_TASK RES
     
     
     
     
    
     
     
     
     WHERE  RES.PROC_INST_ID_ = ? 
   
    
     ORDER BY  ORDER[*] BY RES.ID_ ASC  
    LIMIT ? OFFSET ? &quot;; expected &quot;=, NOT, EXISTS, INTERSECTS, SELECT, FROM&quot;; SQL statement:
select distinct RES.* 
       
    from ACT_RU_TASK RES
     
     
     
     
    
     
     
     
     WHERE  RES.PROC_INST_ID_ = ? 
   
    
     order by  order by RES.ID_ asc  
    LIMIT ? OFFSET ? [42001-176]
	at org.h2.message.DbException.getJdbcSQLException(DbException.java:344)
	at org.h2.message.DbException.getSyntaxError(DbException.java:204)
	at org.h2.command.Parser.getSyntaxError(Parser.java:524)
	at org.h2.command.Parser.readTerm(Parser.java:2688)
	at org.h2.command.Parser.readFactor(Parser.java:2244)
	at org.h2.command.Parser.readSum(Parser.java:2231)
	at org.h2.command.Parser.readConcat(Parser.java:2201)
	at org.h2.command.Parser.readCondition(Parser.java:2051)
	at org.h2.command.Parser.readAnd(Parser.java:2023)
	at org.h2.command.Parser.readExpression(Parser.java:2015)
	at org.h2.command.Parser.parseEndOfQuery(Parser.java:1726)
	at org.h2.command.Parser.parseSelectUnionExtension(Parser.java:1706)
	at org.h2.command.Parser.parseSelectUnion(Parser.java:1675)
	at org.h2.command.Parser.parseSelect(Parser.java:1662)
	at org.h2.command.Parser.parsePrepared(Parser.java:434)
	at org.h2.command.Parser.parse(Parser.java:306)
	at org.h2.command.Parser.parse(Parser.java:282)
	at org.h2.command.Parser.prepareCommand(Parser.java:243)
	at org.h2.engine.Session.prepareLocal(Session.java:442)
	at org.h2.engine.Session.prepareCommand(Session.java:384)
	at org.h2.jdbc.JdbcConnection.prepareCommand(JdbcConnection.java:1188)
	at org.h2.jdbc.JdbcPreparedStatement.&lt;init&gt;(JdbcPreparedStatement.java:73)
	at org.h2.jdbc.JdbcConnection.prepareStatement(JdbcConnection.java:276)
	at sun.reflect.GeneratedMethodAccessor6.invoke(Unknown Source)
	at sun.reflect.DelegatingMethodAccessorImpl.invoke(DelegatingMethodAccessorImpl.java:43)
	at java.lang.reflect.Method.invoke(Method.java:498)
	at org.apache.ibatis.datasource.pooled.PooledConnection.invoke(PooledConnection.java:245)
	at com.sun.proxy.$Proxy12.prepareStatement(Unknown Source)
	at sun.reflect.GeneratedMethodAccessor6.invoke(Unknown Source)
	at sun.reflect.DelegatingMethodAccessorImpl.invoke(DelegatingMethodAccessorImpl.java:43)
	at java.lang.reflect.Method.invoke(Method.java:498)
	at org.apache.ibatis.logging.jdbc.ConnectionLogger.invoke(ConnectionLogger.java:55)
	at com.sun.proxy.$Proxy12.prepareStatement(Unknown Source)
	at org.apache.ibatis.executor.statement.PreparedStatementHandler.instantiateStatement(PreparedStatementHandler.java:79)
	at org.apache.ibatis.executor.statement.BaseStatementHandler.prepare(BaseStatementHandler.java:88)
	at org.apache.ibatis.executor.statement.RoutingStatementHandler.prepare(RoutingStatementHandler.java:58)
	at org.apache.ibatis.executor.SimpleExecutor.prepareStatement(SimpleExecutor.java:76)
	at org.apache.ibatis.executor.SimpleExecutor.doQuery(SimpleExecutor.java:61)
	at org.apache.ibatis.executor.BaseExecutor.queryFromDatabase(BaseExecutor.java:303)
	at org.apache.ibatis.executor.BaseExecutor.query(BaseExecutor.java:154)
	at org.apache.ibatis.executor.CachingExecutor.query(CachingExecutor.java:102)
	at org.apache.ibatis.executor.CachingExecutor.query(CachingExecutor.java:82)
	at org.apache.ibatis.session.defaults.DefaultSqlSession.selectList(DefaultSqlSession.java:120)
	... 46 more
10:47:09,594 [main] DEBUG org.activiti.engine.impl.cfg.standalone.StandaloneMybatisTransactionContext  - firing event rolling back...
10:47:09,594 [main] DEBUG org.activiti.engine.impl.cfg.standalone.StandaloneMybatisTransactionContext  - rolling back ibatis sql session...
10:47:09,595 [main] DEBUG org.activiti.engine.impl.cfg.standalone.StandaloneMybatisTransactionContext  - firing event rolled back...
10:47:09,595 [main] DEBUG org.apache.ibatis.transaction.jdbc.JdbcTransaction  - Resetting autocommit to true on JDBC Connection [conn6: url=jdbc:h2:mem:activiti user=SA]
10:47:09,595 [main] DEBUG org.apache.ibatis.transaction.jdbc.JdbcTransaction  - Closing JDBC Connection [conn6: url=jdbc:h2:mem:activiti user=SA]
10:47:09,595 [main] DEBUG org.apache.ibatis.datasource.pooled.PooledDataSource  - Returned connection 486346394 to pool.
10:47:09,595 [main] DEBUG org.activiti.engine.impl.interceptor.LogInterceptor  - --- DeleteProcessInstanceCmd finished --------------------------------------------------------
10:47:09,595 [main] DEBUG org.activiti.engine.impl.interceptor.LogInterceptor  - 

10:47:09,595 [main] ERROR org.activiti.engine.impl.test.PvmTestCase  - 

10:47:09,595 [main] ERROR org.activiti.engine.impl.test.PvmTestCase  - EXCEPTION: org.apache.ibatis.exceptions.PersistenceException: 
### Error querying database.  Cause: org.h2.jdbc.JdbcSQLException: Syntax error in SQL statement &quot;SELECT DISTINCT RES.* 
       
    FROM ACT_RU_TASK RES
     
     
     
     
    
     
     
     
     WHERE  RES.PROC_INST_ID_ = ? 
   
    
     ORDER BY  ORDER[*] BY RES.ID_ ASC  
    LIMIT ? OFFSET ? &quot;; expected &quot;=, NOT, EXISTS, INTERSECTS, SELECT, FROM&quot;; SQL statement:
select distinct RES.* 
       
    from ACT_RU_TASK RES
     
     
     
     
    
     
     
     
     WHERE  RES.PROC_INST_ID_ = ? 
   
    
     order by  order by RES.ID_ asc  
    LIMIT ? OFFSET ? [42001-176]
### The error may exist in org/activiti/db/mapping/entity/Task.xml
### The error may involve org.activiti.engine.impl.persistence.entity.TaskEntity.selectTaskByQueryCriteria
### The error occurred while executing a query
### SQL: select distinct RES.*              from ACT_RU_TASK RES                                                     WHERE  RES.PROC_INST_ID_ = ?                order by  order by RES.ID_ asc       LIMIT ? OFFSET ?
### Cause: org.h2.jdbc.JdbcSQLException: Syntax error in SQL statement &quot;SELECT DISTINCT RES.* 
       
    FROM ACT_RU_TASK RES
     
     
     
     
    
     
     
     
     WHERE  RES.PROC_INST_ID_ = ? 
   
    
     ORDER BY  ORDER[*] BY RES.ID_ ASC  
    LIMIT ? OFFSET ? &quot;; expected &quot;=, NOT, EXISTS, INTERSECTS, SELECT, FROM&quot;; SQL statement:
select distinct RES.* 
       
    from ACT_RU_TASK RES
     
     
     
     
    
     
     
     
     WHERE  RES.PROC_INST_ID_ = ? 
   
    
     order by  order by RES.ID_ asc  
    LIMIT ? OFFSET ? [42001-176]
org.apache.ibatis.exceptions.PersistenceException: 
### Error querying database.  Cause: org.h2.jdbc.JdbcSQLException: Syntax error in SQL statement &quot;SELECT DISTINCT RES.* 
       
    FROM ACT_RU_TASK RES
     
     
     
     
    
     
     
     
     WHERE  RES.PROC_INST_ID_ = ? 
   
    
     ORDER BY  ORDER[*] BY RES.ID_ ASC  
    LIMIT ? OFFSET ? &quot;; expected &quot;=, NOT, EXISTS, INTERSECTS, SELECT, FROM&quot;; SQL statement:
select distinct RES.* 
       
    from ACT_RU_TASK RES
     
     
     
     
    
     
     
     
     WHERE  RES.PROC_INST_ID_ = ? 
   
    
     order by  order by RES.ID_ asc  
    LIMIT ? OFFSET ? [42001-176]
### The error may exist in org/activiti/db/mapping/entity/Task.xml
### The error may involve org.activiti.engine.impl.persistence.entity.TaskEntity.selectTaskByQueryCriteria
### The error occurred while executing a query
### SQL: select distinct RES.*              from ACT_RU_TASK RES                                                     WHERE  RES.PROC_INST_ID_ = ?                order by  order by RES.ID_ asc       LIMIT ? OFFSET ?
### Cause: org.h2.jdbc.JdbcSQLException: Syntax error in SQL statement &quot;SELECT DISTINCT RES.* 
       
    FROM ACT_RU_TASK RES
     
     
     
     
    
     
     
     
     WHERE  RES.PROC_INST_ID_ = ? 
   
    
     ORDER BY  ORDER[*] BY RES.ID_ ASC  
    LIMIT ? OFFSET ? &quot;; expected &quot;=, NOT, EXISTS, INTERSECTS, SELECT, FROM&quot;; SQL statement:
select distinct RES.* 
       
    from ACT_RU_TASK RES
     
     
     
     
    
     
     
     
     WHERE  RES.PROC_INST_ID_ = ? 
   
    
     order by  order by RES.ID_ asc  
    LIMIT ? OFFSET ? [42001-176]
	at org.apache.ibatis.exceptions.ExceptionFactory.wrapException(ExceptionFactory.java:30)
	at org.apache.ibatis.session.defaults.DefaultSqlSession.selectList(DefaultSqlSession.java:122)
	at org.apache.ibatis.session.defaults.DefaultSqlSession.selectList(DefaultSqlSession.java:113)
	at org.activiti.engine.impl.db.DbSqlSession.selectListWithRawParameter(DbSqlSession.java:438)
	at org.activiti.engine.impl.db.DbSqlSession.selectList(DbSqlSession.java:429)
	at org.activiti.engine.impl.persistence.entity.TaskEntityManager.findTasksByQueryCriteria(TaskEntityManager.java:135)
	at org.activiti.engine.impl.TaskQueryImpl.executeList(TaskQueryImpl.java:1256)
	at org.activiti.engine.impl.AbstractQuery.list(AbstractQuery.java:140)
	at org.activiti.engine.impl.persistence.entity.TaskEntityManager.deleteTasksByProcessInstanceId(TaskEntityManager.java:45)
	at org.activiti.engine.impl.persistence.entity.ExecutionEntityManager.deleteProcessInstanceCascade(ExecutionEntityManager.java:82)
	at org.activiti.engine.impl.persistence.entity.ExecutionEntityManager.deleteProcessInstance(ExecutionEntityManager.java:69)
	at org.activiti.engine.impl.persistence.entity.ExecutionEntityManager.deleteProcessInstance(ExecutionEntityManager.java:59)
	at org.activiti.engine.impl.cmd.DeleteProcessInstanceCmd.execute(DeleteProcessInstanceCmd.java:54)
	at org.activiti.engine.impl.cmd.DeleteProcessInstanceCmd.execute(DeleteProcessInstanceCmd.java:25)
	at org.activiti.engine.impl.interceptor.CommandInvoker.execute(CommandInvoker.java:24)
	at org.activiti.engine.impl.interceptor.CommandContextInterceptor.execute(CommandContextInterceptor.java:57)
	at org.activiti.engine.impl.interceptor.LogInterceptor.execute(LogInterceptor.java:37)
	at org.activiti.engine.impl.cfg.CommandExecutorImpl.execute(CommandExecutorImpl.java:40)
	at org.activiti.engine.impl.cfg.CommandExecutorImpl.execute(CommandExecutorImpl.java:35)
	at org.activiti.engine.impl.RuntimeServiceImpl.deleteProcessInstance(RuntimeServiceImpl.java:117)
	at org.activiti.engine.test.bpmn.subprocess.SubProcessTest.testNestedSimpleSubProcess(SubProcessTest.java:129)
	at sun.reflect.NativeMethodAccessorImpl.invoke0(Native Method)
	at sun.reflect.NativeMethodAccessorImpl.invoke(NativeMethodAccessorImpl.java:62)
	at sun.reflect.DelegatingMethodAccessorImpl.invoke(DelegatingMethodAccessorImpl.java:43)
	at java.lang.reflect.Method.invoke(Method.java:498)
	at junit.framework.TestCase.runTest(TestCase.java:176)
	at org.activiti.engine.impl.test.PvmTestCase.runTest(PvmTestCase.java:65)
	at junit.framework.TestCase.runBare(TestCase.java:141)
	at org.activiti.engine.impl.test.AbstractActivitiTestCase.runBare(AbstractActivitiTestCase.java:100)
	at junit.framework.TestResult$1.protect(TestResult.java:122)
	at junit.framework.TestResult.runProtected(TestResult.java:142)
	at junit.framework.TestResult.run(TestResult.java:125)
	at junit.framework.TestCase.run(TestCase.java:129)
	at junit.framework.TestSuite.runTest(TestSuite.java:255)
	at junit.framework.TestSuite.run(TestSuite.java:250)
	at org.junit.internal.runners.JUnit38ClassRunner.run(JUnit38ClassRunner.java:84)
	at org.apache.maven.surefire.junit4.JUnit4TestSet.execute(JUnit4TestSet.java:35)
	at org.apache.maven.surefire.junit4.JUnit4Provider.executeTestSet(JUnit4Provider.java:146)
	at org.apache.maven.surefire.junit4.JUnit4Provider.invoke(JUnit4Provider.java:97)
	at sun.reflect.NativeMethodAccessorImpl.invoke0(Native Method)
	at sun.reflect.NativeMethodAccessorImpl.invoke(NativeMethodAccessorImpl.java:62)
	at sun.reflect.DelegatingMethodAccessorImpl.invoke(DelegatingMethodAccessorImpl.java:43)
	at java.lang.reflect.Method.invoke(Method.java:498)
	at org.apache.maven.surefire.booter.ProviderFactory$ClassLoaderProxy.invoke(ProviderFactory.java:103)
	at com.sun.proxy.$Proxy0.invoke(Unknown Source)
	at org.apache.maven.surefire.booter.SurefireStarter.invokeProvider(SurefireStarter.java:145)
	at org.apache.maven.surefire.booter.SurefireStarter.runSuitesInProcess(SurefireStarter.java:87)
	at org.apache.maven.surefire.booter.ForkedBooter.main(ForkedBooter.java:69)
Caused by: org.h2.jdbc.JdbcSQLException: Syntax error in SQL statement &quot;SELECT DISTINCT RES.* 
       
    FROM ACT_RU_TASK RES
     
     
     
     
    
     
     
     
     WHERE  RES.PROC_INST_ID_ = ? 
   
    
     ORDER BY  ORDER[*] BY RES.ID_ ASC  
    LIMIT ? OFFSET ? &quot;; expected &quot;=, NOT, EXISTS, INTERSECTS, SELECT, FROM&quot;; SQL statement:
select distinct RES.* 
       
    from ACT_RU_TASK RES
     
     
     
     
    
     
     
     
     WHERE  RES.PROC_INST_ID_ = ? 
   
    
     order by  order by RES.ID_ asc  
    LIMIT ? OFFSET ? [42001-176]
	at org.h2.message.DbException.getJdbcSQLException(DbException.java:344)
	at org.h2.message.DbException.getSyntaxError(DbException.java:204)
	at org.h2.command.Parser.getSyntaxError(Parser.java:524)
	at org.h2.command.Parser.readTerm(Parser.java:2688)
	at org.h2.command.Parser.readFactor(Parser.java:2244)
	at org.h2.command.Parser.readSum(Parser.java:2231)
	at org.h2.command.Parser.readConcat(Parser.java:2201)
	at org.h2.command.Parser.readCondition(Parser.java:2051)
	at org.h2.command.Parser.readAnd(Parser.java:2023)
	at org.h2.command.Parser.readExpression(Parser.java:2015)
	at org.h2.command.Parser.parseEndOfQuery(Parser.java:1726)
	at org.h2.command.Parser.parseSelectUnionExtension(Parser.java:1706)
	at org.h2.command.Parser.parseSelectUnion(Parser.java:1675)
	at org.h2.command.Parser.parseSelect(Parser.java:1662)
	at org.h2.command.Parser.parsePrepared(Parser.java:434)
	at org.h2.command.Parser.parse(Parser.java:306)
	at org.h2.command.Parser.parse(Parser.java:282)
	at org.h2.command.Parser.prepareCommand(Parser.java:243)
	at org.h2.engine.Session.prepareLocal(Session.java:442)
	at org.h2.engine.Session.prepareCommand(Session.java:384)
	at org.h2.jdbc.JdbcConnection.prepareCommand(JdbcConnection.java:1188)
	at org.h2.jdbc.JdbcPreparedStatement.&lt;init&gt;(JdbcPreparedStatement.java:73)
	at org.h2.jdbc.JdbcConnection.prepareStatement(JdbcConnection.java:276)
	at sun.reflect.GeneratedMethodAccessor6.invoke(Unknown Source)
	at sun.reflect.DelegatingMethodAccessorImpl.invoke(DelegatingMethodAccessorImpl.java:43)
	at java.lang.reflect.Method.invoke(Method.java:498)
	at org.apache.ibatis.datasource.pooled.PooledConnection.invoke(PooledConnection.java:245)
	at com.sun.proxy.$Proxy12.prepareStatement(Unknown Source)
	at sun.reflect.GeneratedMethodAccessor6.invoke(Unknown Source)
	at sun.reflect.DelegatingMethodAccessorImpl.invoke(DelegatingMethodAccessorImpl.java:43)
	at java.lang.reflect.Method.invoke(Method.java:498)
	at org.apache.ibatis.logging.jdbc.ConnectionLogger.invoke(ConnectionLogger.java:55)
	at com.sun.proxy.$Proxy12.prepareStatement(Unknown Source)
	at org.apache.ibatis.executor.statement.PreparedStatementHandler.instantiateStatement(PreparedStatementHandler.java:79)
	at org.apache.ibatis.executor.statement.BaseStatementHandler.prepare(BaseStatementHandler.java:88)
	at org.apache.ibatis.executor.statement.RoutingStatementHandler.prepare(RoutingStatementHandler.java:58)
	at org.apache.ibatis.executor.SimpleExecutor.prepareStatement(SimpleExecutor.java:76)
	at org.apache.ibatis.executor.SimpleExecutor.doQuery(SimpleExecutor.java:61)
	at org.apache.ibatis.executor.BaseExecutor.queryFromDatabase(BaseExecutor.java:303)
	at org.apache.ibatis.executor.BaseExecutor.query(BaseExecutor.java:154)
	at org.apache.ibatis.executor.CachingExecutor.query(CachingExecutor.java:102)
	at org.apache.ibatis.executor.CachingExecutor.query(CachingExecutor.java:82)
	at org.apache.ibatis.session.defaults.DefaultSqlSession.selectList(DefaultSqlSession.java:120)
	... 46 more
10:47:09,595 [main] DEBUG org.activiti.engine.impl.test.PvmTestCase  - #### END SubProcessTest.testNestedSimpleSubProcess #############################################################
10:47:09,595 [main] ERROR org.activiti.engine.impl.test.PvmTestCase  - 

10:47:09,595 [main] ERROR org.activiti.engine.impl.test.PvmTestCase  - EXCEPTION: org.apache.ibatis.exceptions.PersistenceException: 
### Error querying database.  Cause: org.h2.jdbc.JdbcSQLException: Syntax error in SQL statement &quot;SELECT DISTINCT RES.* 
       
    FROM ACT_RU_TASK RES
     
     
     
     
    
     
     
     
     WHERE  RES.PROC_INST_ID_ = ? 
   
    
     ORDER BY  ORDER[*] BY RES.ID_ ASC  
    LIMIT ? OFFSET ? &quot;; expected &quot;=, NOT, EXISTS, INTERSECTS, SELECT, FROM&quot;; SQL statement:
select distinct RES.* 
       
    from ACT_RU_TASK RES
     
     
     
     
    
     
     
     
     WHERE  RES.PROC_INST_ID_ = ? 
   
    
     order by  order by RES.ID_ asc  
    LIMIT ? OFFSET ? [42001-176]
### The error may exist in org/activiti/db/mapping/entity/Task.xml
### The error may involve org.activiti.engine.impl.persistence.entity.TaskEntity.selectTaskByQueryCriteria
### The error occurred while executing a query
### SQL: select distinct RES.*              from ACT_RU_TASK RES                                                     WHERE  RES.PROC_INST_ID_ = ?                order by  order by RES.ID_ asc       LIMIT ? OFFSET ?
### Cause: org.h2.jdbc.JdbcSQLException: Syntax error in SQL statement &quot;SELECT DISTINCT RES.* 
       
    FROM ACT_RU_TASK RES
     
     
     
     
    
     
     
     
     WHERE  RES.PROC_INST_ID_ = ? 
   
    
     ORDER BY  ORDER[*] BY RES.ID_ ASC  
    LIMIT ? OFFSET ? &quot;; expected &quot;=, NOT, EXISTS, INTERSECTS, SELECT, FROM&quot;; SQL statement:
select distinct RES.* 
       
    from ACT_RU_TASK RES
     
     
     
     
    
     
     
     
     WHERE  RES.PROC_INST_ID_ = ? 
   
    
     order by  order by RES.ID_ asc  
    LIMIT ? OFFSET ? [42001-176]
org.apache.ibatis.exceptions.PersistenceException: 
### Error querying database.  Cause: org.h2.jdbc.JdbcSQLException: Syntax error in SQL statement &quot;SELECT DISTINCT RES.* 
       
    FROM ACT_RU_TASK RES
     
     
     
     
    
     
     
     
     WHERE  RES.PROC_INST_ID_ = ? 
   
    
     ORDER BY  ORDER[*] BY RES.ID_ ASC  
    LIMIT ? OFFSET ? &quot;; expected &quot;=, NOT, EXISTS, INTERSECTS, SELECT, FROM&quot;; SQL statement:
select distinct RES.* 
       
    from ACT_RU_TASK RES
     
     
     
     
    
     
     
     
     WHERE  RES.PROC_INST_ID_ = ? 
   
    
     order by  order by RES.ID_ asc  
    LIMIT ? OFFSET ? [42001-176]
### The error may exist in org/activiti/db/mapping/entity/Task.xml
### The error may involve org.activiti.engine.impl.persistence.entity.TaskEntity.selectTaskByQueryCriteria
### The error occurred while executing a query
### SQL: select distinct RES.*              from ACT_RU_TASK RES                                                     WHERE  RES.PROC_INST_ID_ = ?                order by  order by RES.ID_ asc       LIMIT ? OFFSET ?
### Cause: org.h2.jdbc.JdbcSQLException: Syntax error in SQL statement &quot;SELECT DISTINCT RES.* 
       
    FROM ACT_RU_TASK RES
     
     
     
     
    
     
     
     
     WHERE  RES.PROC_INST_ID_ = ? 
   
    
     ORDER BY  ORDER[*] BY RES.ID_ ASC  
    LIMIT ? OFFSET ? &quot;; expected &quot;=, NOT, EXISTS, INTERSECTS, SELECT, FROM&quot;; SQL statement:
select distinct RES.* 
       
    from ACT_RU_TASK RES
     
     
     
     
    
     
     
     
     WHERE  RES.PROC_INST_ID_ = ? 
   
    
     order by  order by RES.ID_ asc  
    LIMIT ? OFFSET ? [42001-176]
	at org.apache.ibatis.exceptions.ExceptionFactory.wrapException(ExceptionFactory.java:30)
	at org.apache.ibatis.session.defaults.DefaultSqlSession.selectList(DefaultSqlSession.java:122)
	at org.apache.ibatis.session.defaults.DefaultSqlSession.selectList(DefaultSqlSession.java:113)
	at org.activiti.engine.impl.db.DbSqlSession.selectListWithRawParameter(DbSqlSession.java:438)
	at org.activiti.engine.impl.db.DbSqlSession.selectList(DbSqlSession.java:429)
	at org.activiti.engine.impl.persistence.entity.TaskEntityManager.findTasksByQueryCriteria(TaskEntityManager.java:135)
	at org.activiti.engine.impl.TaskQueryImpl.executeList(TaskQueryImpl.java:1256)
	at org.activiti.engine.impl.AbstractQuery.list(AbstractQuery.java:140)
	at org.activiti.engine.impl.persistence.entity.TaskEntityManager.deleteTasksByProcessInstanceId(TaskEntityManager.java:45)
	at org.activiti.engine.impl.persistence.entity.ExecutionEntityManager.deleteProcessInstanceCascade(ExecutionEntityManager.java:82)
	at org.activiti.engine.impl.persistence.entity.ExecutionEntityManager.deleteProcessInstance(ExecutionEntityManager.java:69)
	at org.activiti.engine.impl.persistence.entity.ExecutionEntityManager.deleteProcessInstance(ExecutionEntityManager.java:59)
	at org.activiti.engine.impl.cmd.DeleteProcessInstanceCmd.execute(DeleteProcessInstanceCmd.java:54)
	at org.activiti.engine.impl.cmd.DeleteProcessInstanceCmd.execute(DeleteProcessInstanceCmd.java:25)
	at org.activiti.engine.impl.interceptor.CommandInvoker.execute(CommandInvoker.java:24)
	at org.activiti.engine.impl.interceptor.CommandContextInterceptor.execute(CommandContextInterceptor.java:57)
	at org.activiti.engine.impl.interceptor.LogInterceptor.execute(LogInterceptor.java:37)
	at org.activiti.engine.impl.cfg.CommandExecutorImpl.execute(CommandExecutorImpl.java:40)
	at org.activiti.engine.impl.cfg.CommandExecutorImpl.execute(CommandExecutorImpl.java:35)
	at org.activiti.engine.impl.RuntimeServiceImpl.deleteProcessInstance(RuntimeServiceImpl.java:117)
	at org.activiti.engine.test.bpmn.subprocess.SubProcessTest.testNestedSimpleSubProcess(SubProcessTest.java:129)
	at sun.reflect.NativeMethodAccessorImpl.invoke0(Native Method)
	at sun.reflect.NativeMethodAccessorImpl.invoke(NativeMethodAccessorImpl.java:62)
	at sun.reflect.DelegatingMethodAccessorImpl.invoke(DelegatingMethodAccessorImpl.java:43)
	at java.lang.reflect.Method.invoke(Method.java:498)
	at junit.framework.TestCase.runTest(TestCase.java:176)
	at org.activiti.engine.impl.test.PvmTestCase.runTest(PvmTestCase.java:65)
	at junit.framework.TestCase.runBare(TestCase.java:141)
	at org.activiti.engine.impl.test.AbstractActivitiTestCase.runBare(AbstractActivitiTestCase.java:100)
	at junit.framework.TestResult$1.protect(TestResult.java:122)
	at junit.framework.TestResult.runProtected(TestResult.java:142)
	at junit.framework.TestResult.run(TestResult.java:125)
	at junit.framework.TestCase.run(TestCase.java:129)
	at junit.framework.TestSuite.runTest(TestSuite.java:255)
	at junit.framework.TestSuite.run(TestSuite.java:250)
	at org.junit.internal.runners.JUnit38ClassRunner.run(JUnit38ClassRunner.java:84)
	at org.apache.maven.surefire.junit4.JUnit4TestSet.execute(JUnit4TestSet.java:35)
	at org.apache.maven.surefire.junit4.JUnit4Provider.executeTestSet(JUnit4Provider.java:146)
	at org.apache.maven.surefire.junit4.JUnit4Provider.invoke(JUnit4Provider.java:97)
	at sun.reflect.NativeMethodAccessorImpl.invoke0(Native Method)
	at sun.reflect.NativeMethodAccessorImpl.invoke(NativeMethodAccessorImpl.java:62)
	at sun.reflect.DelegatingMethodAccessorImpl.invoke(DelegatingMethodAccessorImpl.java:43)
	at java.lang.reflect.Method.invoke(Method.java:498)
	at org.apache.maven.surefire.booter.ProviderFactory$ClassLoaderProxy.invoke(ProviderFactory.java:103)
	at com.sun.proxy.$Proxy0.invoke(Unknown Source)
	at org.apache.maven.surefire.booter.SurefireStarter.invokeProvider(SurefireStarter.java:145)
	at org.apache.maven.surefire.booter.SurefireStarter.runSuitesInProcess(SurefireStarter.java:87)
	at org.apache.maven.surefire.booter.ForkedBooter.main(ForkedBooter.java:69)
Caused by: org.h2.jdbc.JdbcSQLException: Syntax error in SQL statement &quot;SELECT DISTINCT RES.* 
       
    FROM ACT_RU_TASK RES
     
     
     
     
    
     
     
     
     WHERE  RES.PROC_INST_ID_ = ? 
   
    
     ORDER BY  ORDER[*] BY RES.ID_ ASC  
    LIMIT ? OFFSET ? &quot;; expected &quot;=, NOT, EXISTS, INTERSECTS, SELECT, FROM&quot;; SQL statement:
select distinct RES.* 
       
    from ACT_RU_TASK RES
     
     
     
     
    
     
     
     
     WHERE  RES.PROC_INST_ID_ = ? 
   
    
     order by  order by RES.ID_ asc  
    LIMIT ? OFFSET ? [42001-176]
	at org.h2.message.DbException.getJdbcSQLException(DbException.java:344)
	at org.h2.message.DbException.getSyntaxError(DbException.java:204)
	at org.h2.command.Parser.getSyntaxError(Parser.java:524)
	at org.h2.command.Parser.readTerm(Parser.java:2688)
	at org.h2.command.Parser.readFactor(Parser.java:2244)
	at org.h2.command.Parser.readSum(Parser.java:2231)
	at org.h2.command.Parser.readConcat(Parser.java:2201)
	at org.h2.command.Parser.readCondition(Parser.java:2051)
	at org.h2.command.Parser.readAnd(Parser.java:2023)
	at org.h2.command.Parser.readExpression(Parser.java:2015)
	at org.h2.command.Parser.parseEndOfQuery(Parser.java:1726)
	at org.h2.command.Parser.parseSelectUnionExtension(Parser.java:1706)
	at org.h2.command.Parser.parseSelectUnion(Parser.java:1675)
	at org.h2.command.Parser.parseSelect(Parser.java:1662)
	at org.h2.command.Parser.parsePrepared(Parser.java:434)
	at org.h2.command.Parser.parse(Parser.java:306)
	at org.h2.command.Parser.parse(Parser.java:282)
	at org.h2.command.Parser.prepareCommand(Parser.java:243)
	at org.h2.engine.Session.prepareLocal(Session.java:442)
	at org.h2.engine.Session.prepareCommand(Session.java:384)
	at org.h2.jdbc.JdbcConnection.prepareCommand(JdbcConnection.java:1188)
	at org.h2.jdbc.JdbcPreparedStatement.&lt;init&gt;(JdbcPreparedStatement.java:73)
	at org.h2.jdbc.JdbcConnection.prepareStatement(JdbcConnection.java:276)
	at sun.reflect.GeneratedMethodAccessor6.invoke(Unknown Source)
	at sun.reflect.DelegatingMethodAccessorImpl.invoke(DelegatingMethodAccessorImpl.java:43)
	at java.lang.reflect.Method.invoke(Method.java:498)
	at org.apache.ibatis.datasource.pooled.PooledConnection.invoke(PooledConnection.java:245)
	at com.sun.proxy.$Proxy12.prepareStatement(Unknown Source)
	at sun.reflect.GeneratedMethodAccessor6.invoke(Unknown Source)
	at sun.reflect.DelegatingMethodAccessorImpl.invoke(DelegatingMethodAccessorImpl.java:43)
	at java.lang.reflect.Method.invoke(Method.java:498)
	at org.apache.ibatis.logging.jdbc.ConnectionLogger.invoke(ConnectionLogger.java:55)
	at com.sun.proxy.$Proxy12.prepareStatement(Unknown Source)
	at org.apache.ibatis.executor.statement.PreparedStatementHandler.instantiateStatement(PreparedStatementHandler.java:79)
	at org.apache.ibatis.executor.statement.BaseStatementHandler.prepare(BaseStatementHandler.java:88)
	at org.apache.ibatis.executor.statement.RoutingStatementHandler.prepare(RoutingStatementHandler.java:58)
	at org.apache.ibatis.executor.SimpleExecutor.prepareStatement(SimpleExecutor.java:76)
	at org.apache.ibatis.executor.SimpleExecutor.doQuery(SimpleExecutor.java:61)
	at org.apache.ibatis.executor.BaseExecutor.queryFromDatabase(BaseExecutor.java:303)
	at org.apache.ibatis.executor.BaseExecutor.query(BaseExecutor.java:154)
	at org.apache.ibatis.executor.CachingExecutor.query(CachingExecutor.java:102)
	at org.apache.ibatis.executor.CachingExecutor.query(CachingExecutor.java:82)
	at org.apache.ibatis.session.defaults.DefaultSqlSession.selectList(DefaultSqlSession.java:120)
	... 46 more
10:47:09,595 [main] DEBUG org.activiti.engine.impl.test.TestHelper  - annotation @Deployment deletes deployment for SubProcessTest.testNestedSimpleSubProcess
10:47:09,595 [main] DEBUG org.activiti.engine.impl.interceptor.LogInterceptor  - 

10:47:09,595 [main] DEBUG org.activiti.engine.impl.interceptor.LogInterceptor  - --- starting DeleteDeploymentCmd --------------------------------------------------------
10:47:09,595 [main] DEBUG org.apache.ibatis.transaction.jdbc.JdbcTransaction  - Opening JDBC Connection
10:47:09,595 [main] DEBUG org.apache.ibatis.datasource.pooled.PooledDataSource  - Checked out connection 297240765 from pool.
10:47:09,595 [main] DEBUG org.apache.ibatis.transaction.jdbc.JdbcTransaction  - Setting autocommit to false on JDBC Connection [conn4: url=jdbc:h2:mem:activiti user=SA]
10:47:09,595 [main] DEBUG org.activiti.engine.impl.persistence.entity.DeploymentEntity.selectDeploymentById  - ==&gt;  Preparing: select * from ACT_RE_DEPLOYMENT where ID_ = ? 
10:47:09,595 [main] DEBUG org.activiti.engine.impl.persistence.entity.DeploymentEntity.selectDeploymentById  - ==&gt; Parameters: 82(String)
10:47:09,595 [main] DEBUG org.activiti.engine.impl.persistence.entity.DeploymentEntity.selectDeploymentById  - &lt;==      Total: 1
10:47:09,595 [main] DEBUG org.activiti.engine.impl.persistence.entity.ProcessDefinitionEntity.selectProcessDefinitionsByQueryCriteria  - ==&gt;  Preparing: select RES.* from ACT_RE_PROCDEF RES WHERE RES.DEPLOYMENT_ID_ = ? order by order by RES.ID_ asc LIMIT ? OFFSET ? 
10:47:09,596 [main] DEBUG org.activiti.engine.impl.interceptor.CommandContext  - Error while closing command context
org.apache.ibatis.exceptions.PersistenceException: 
### Error querying database.  Cause: org.h2.jdbc.JdbcSQLException: Syntax error in SQL statement &quot;SELECT RES.* 
       
    FROM ACT_RE_PROCDEF RES
     
     WHERE  RES.DEPLOYMENT_ID_ = ? 
   
     ORDER BY  ORDER[*] BY RES.ID_ ASC  
    LIMIT ? OFFSET ? &quot;; expected &quot;=, NOT, EXISTS, INTERSECTS, SELECT, FROM&quot;; SQL statement:
select RES.* 
       
    from ACT_RE_PROCDEF RES
     
     WHERE  RES.DEPLOYMENT_ID_ = ? 
   
     order by  order by RES.ID_ asc  
    LIMIT ? OFFSET ? [42001-176]
### The error may exist in org/activiti/db/mapping/entity/ProcessDefinition.xml
### The error may involve org.activiti.engine.impl.persistence.entity.ProcessDefinitionEntity.selectProcessDefinitionsByQueryCriteria
### The error occurred while executing a query
### SQL: select RES.*              from ACT_RE_PROCDEF RES            WHERE  RES.DEPLOYMENT_ID_ = ?           order by  order by RES.ID_ asc       LIMIT ? OFFSET ?
### Cause: org.h2.jdbc.JdbcSQLException: Syntax error in SQL statement &quot;SELECT RES.* 
       
    FROM ACT_RE_PROCDEF RES
     
     WHERE  RES.DEPLOYMENT_ID_ = ? 
   
     ORDER BY  ORDER[*] BY RES.ID_ ASC  
    LIMIT ? OFFSET ? &quot;; expected &quot;=, NOT, EXISTS, INTERSECTS, SELECT, FROM&quot;; SQL statement:
select RES.* 
       
    from ACT_RE_PROCDEF RES
     
     WHERE  RES.DEPLOYMENT_ID_ = ? 
   
     order by  order by RES.ID_ asc  
    LIMIT ? OFFSET ? [42001-176]
	at org.apache.ibatis.exceptions.ExceptionFactory.wrapException(ExceptionFactory.java:30)
	at org.apache.ibatis.session.defaults.DefaultSqlSession.selectList(DefaultSqlSession.java:122)
	at org.apache.ibatis.session.defaults.DefaultSqlSession.selectList(DefaultSqlSession.java:113)
	at org.activiti.engine.impl.db.DbSqlSession.selectListWithRawParameter(DbSqlSession.java:438)
	at org.activiti.engine.impl.db.DbSqlSession.selectList(DbSqlSession.java:429)
	at org.activiti.engine.impl.db.DbSqlSession.selectList(DbSqlSession.java:419)
	at org.activiti.engine.impl.persistence.entity.ProcessDefinitionEntityManager.findProcessDefinitionsByQueryCriteria(ProcessDefinitionEntityManager.java:57)
	at org.activiti.engine.impl.ProcessDefinitionQueryImpl.executeList(ProcessDefinitionQueryImpl.java:307)
	at org.activiti.engine.impl.AbstractQuery.list(AbstractQuery.java:140)
	at org.activiti.engine.impl.persistence.deploy.DeploymentManager.removeDeployment(DeploymentManager.java:187)
	at org.activiti.engine.impl.cmd.DeleteDeploymentCmd.execute(DeleteDeploymentCmd.java:44)
	at org.activiti.engine.impl.cmd.DeleteDeploymentCmd.execute(DeleteDeploymentCmd.java:24)
	at org.activiti.engine.impl.interceptor.CommandInvoker.execute(CommandInvoker.java:24)
	at org.activiti.engine.impl.interceptor.CommandContextInterceptor.execute(CommandContextInterceptor.java:57)
	at org.activiti.engine.impl.interceptor.LogInterceptor.execute(LogInterceptor.java:37)
	at org.activiti.engine.impl.cfg.CommandExecutorImpl.execute(CommandExecutorImpl.java:40)
	at org.activiti.engine.impl.cfg.CommandExecutorImpl.execute(CommandExecutorImpl.java:35)
	at org.activiti.engine.impl.RepositoryServiceImpl.deleteDeployment(RepositoryServiceImpl.java:90)
	at org.activiti.engine.impl.test.TestHelper.annotationDeploymentTearDown(TestHelper.java:116)
	at org.activiti.engine.impl.test.AbstractActivitiTestCase.runBare(AbstractActivitiTestCase.java:116)
	at junit.framework.TestResult$1.protect(TestResult.java:122)
	at junit.framework.TestResult.runProtected(TestResult.java:142)
	at junit.framework.TestResult.run(TestResult.java:125)
	at junit.framework.TestCase.run(TestCase.java:129)
	at junit.framework.TestSuite.runTest(TestSuite.java:255)
	at junit.framework.TestSuite.run(TestSuite.java:250)
	at org.junit.internal.runners.JUnit38ClassRunner.run(JUnit38ClassRunner.java:84)
	at org.apache.maven.surefire.junit4.JUnit4TestSet.execute(JUnit4TestSet.java:35)
	at org.apache.maven.surefire.junit4.JUnit4Provider.executeTestSet(JUnit4Provider.java:146)
	at org.apache.maven.surefire.junit4.JUnit4Provider.invoke(JUnit4Provider.java:97)
	at sun.reflect.NativeMethodAccessorImpl.invoke0(Native Method)
	at sun.reflect.NativeMethodAccessorImpl.invoke(NativeMethodAccessorImpl.java:62)
	at sun.reflect.DelegatingMethodAccessorImpl.invoke(DelegatingMethodAccessorImpl.java:43)
	at java.lang.reflect.Method.invoke(Method.java:498)
	at org.apache.maven.surefire.booter.ProviderFactory$ClassLoaderProxy.invoke(ProviderFactory.java:103)
	at com.sun.proxy.$Proxy0.invoke(Unknown Source)
	at org.apache.maven.surefire.booter.SurefireStarter.invokeProvider(SurefireStarter.java:145)
	at org.apache.maven.surefire.booter.SurefireStarter.runSuitesInProcess(SurefireStarter.java:87)
	at org.apache.maven.surefire.booter.ForkedBooter.main(ForkedBooter.java:69)
Caused by: org.h2.jdbc.JdbcSQLException: Syntax error in SQL statement &quot;SELECT RES.* 
       
    FROM ACT_RE_PROCDEF RES
     
     WHERE  RES.DEPLOYMENT_ID_ = ? 
   
     ORDER BY  ORDER[*] BY RES.ID_ ASC  
    LIMIT ? OFFSET ? &quot;; expected &quot;=, NOT, EXISTS, INTERSECTS, SELECT, FROM&quot;; SQL statement:
select RES.* 
       
    from ACT_RE_PROCDEF RES
     
     WHERE  RES.DEPLOYMENT_ID_ = ? 
   
     order by  order by RES.ID_ asc  
    LIMIT ? OFFSET ? [42001-176]
	at org.h2.message.DbException.getJdbcSQLException(DbException.java:344)
	at org.h2.message.DbException.getSyntaxError(DbException.java:204)
	at org.h2.command.Parser.getSyntaxError(Parser.java:524)
	at org.h2.command.Parser.readTerm(Parser.java:2688)
	at org.h2.command.Parser.readFactor(Parser.java:2244)
	at org.h2.command.Parser.readSum(Parser.java:2231)
	at org.h2.command.Parser.readConcat(Parser.java:2201)
	at org.h2.command.Parser.readCondition(Parser.java:2051)
	at org.h2.command.Parser.readAnd(Parser.java:2023)
	at org.h2.command.Parser.readExpression(Parser.java:2015)
	at org.h2.command.Parser.parseEndOfQuery(Parser.java:1726)
	at org.h2.command.Parser.parseSelectUnionExtension(Parser.java:1706)
	at org.h2.command.Parser.parseSelectUnion(Parser.java:1675)
	at org.h2.command.Parser.parseSelect(Parser.java:1662)
	at org.h2.command.Parser.parsePrepared(Parser.java:434)
	at org.h2.command.Parser.parse(Parser.java:306)
	at org.h2.command.Parser.parse(Parser.java:282)
	at org.h2.command.Parser.prepareCommand(Parser.java:243)
	at org.h2.engine.Session.prepareLocal(Session.java:442)
	at org.h2.engine.Session.prepareCommand(Session.java:384)
	at org.h2.jdbc.JdbcConnection.prepareCommand(JdbcConnection.java:1188)
	at org.h2.jdbc.JdbcPreparedStatement.&lt;init&gt;(JdbcPreparedStatement.java:73)
	at org.h2.jdbc.JdbcConnection.prepareStatement(JdbcConnection.java:276)
	at sun.reflect.GeneratedMethodAccessor6.invoke(Unknown Source)
	at sun.reflect.DelegatingMethodAccessorImpl.invoke(DelegatingMethodAccessorImpl.java:43)
	at java.lang.reflect.Method.invoke(Method.java:498)
	at org.apache.ibatis.datasource.pooled.PooledConnection.invoke(PooledConnection.java:245)
	at com.sun.proxy.$Proxy12.prepareStatement(Unknown Source)
	at sun.reflect.GeneratedMethodAccessor6.invoke(Unknown Source)
	at sun.reflect.DelegatingMethodAccessorImpl.invoke(DelegatingMethodAccessorImpl.java:43)
	at java.lang.reflect.Method.invoke(Method.java:498)
	at org.apache.ibatis.logging.jdbc.ConnectionLogger.invoke(ConnectionLogger.java:55)
	at com.sun.proxy.$Proxy12.prepareStatement(Unknown Source)
	at org.apache.ibatis.executor.statement.PreparedStatementHandler.instantiateStatement(PreparedStatementHandler.java:79)
	at org.apache.ibatis.executor.statement.BaseStatementHandler.prepare(BaseStatementHandler.java:88)
	at org.apache.ibatis.executor.statement.RoutingStatementHandler.prepare(RoutingStatementHandler.java:58)
	at org.apache.ibatis.executor.SimpleExecutor.prepareStatement(SimpleExecutor.java:76)
	at org.apache.ibatis.executor.SimpleExecutor.doQuery(SimpleExecutor.java:61)
	at org.apache.ibatis.executor.BaseExecutor.queryFromDatabase(BaseExecutor.java:303)
	at org.apache.ibatis.executor.BaseExecutor.query(BaseExecutor.java:154)
	at org.apache.ibatis.executor.CachingExecutor.query(CachingExecutor.java:102)
	at org.apache.ibatis.executor.CachingExecutor.query(CachingExecutor.java:82)
	at org.apache.ibatis.session.defaults.DefaultSqlSession.selectList(DefaultSqlSession.java:120)
	... 37 more
10:47:09,596 [main] DEBUG org.activiti.engine.impl.cfg.standalone.StandaloneMybatisTransactionContext  - firing event rolling back...
10:47:09,596 [main] DEBUG org.activiti.engine.impl.cfg.standalone.StandaloneMybatisTransactionContext  - rolling back ibatis sql session...
10:47:09,596 [main] DEBUG org.activiti.engine.impl.cfg.standalone.StandaloneMybatisTransactionContext  - firing event rolled back...
10:47:09,596 [main] DEBUG org.apache.ibatis.transaction.jdbc.JdbcTransaction  - Resetting autocommit to true on JDBC Connection [conn4: url=jdbc:h2:mem:activiti user=SA]
10:47:09,596 [main] DEBUG org.apache.ibatis.transaction.jdbc.JdbcTransaction  - Closing JDBC Connection [conn4: url=jdbc:h2:mem:activiti user=SA]
10:47:09,596 [main] DEBUG org.apache.ibatis.datasource.pooled.PooledDataSource  - Returned connection 297240765 to pool.
10:47:09,596 [main] DEBUG org.activiti.engine.impl.interceptor.LogInterceptor  - --- DeleteDeploymentCmd finished --------------------------------------------------------
10:47:09,596 [main] DEBUG org.activiti.engine.impl.interceptor.LogInterceptor  - 

</system-out>
  </testcase>
  <testcase classname="org.activiti.engine.test.bpmn.subprocess.SubProcessTest" name="testDoubleNestedSimpleSubProcess" time="0.022">
    <error message="
### Error querying database.  Cause: org.h2.jdbc.JdbcSQLException: Syntax error in SQL statement &quot;SELECT RES.* 
       
    FROM ACT_RE_PROCDEF RES
     
     WHERE  RES.DEPLOYMENT_ID_ = ? 
   
     ORDER BY  ORDER[*] BY RES.ID_ ASC  
    LIMIT ? OFFSET ? &quot;; expected &quot;=, NOT, EXISTS, INTERSECTS, SELECT, FROM&quot;; SQL statement:
select RES.* 
       
    from ACT_RE_PROCDEF RES
     
     WHERE  RES.DEPLOYMENT_ID_ = ? 
   
     order by  order by RES.ID_ asc  
    LIMIT ? OFFSET ? [42001-176]
### The error may exist in org/activiti/db/mapping/entity/ProcessDefinition.xml
### The error may involve org.activiti.engine.impl.persistence.entity.ProcessDefinitionEntity.selectProcessDefinitionsByQueryCriteria
### The error occurred while executing a query
### SQL: select RES.*              from ACT_RE_PROCDEF RES            WHERE  RES.DEPLOYMENT_ID_ = ?           order by  order by RES.ID_ asc       LIMIT ? OFFSET ?
### Cause: org.h2.jdbc.JdbcSQLException: Syntax error in SQL statement &quot;SELECT RES.* 
       
    FROM ACT_RE_PROCDEF RES
     
     WHERE  RES.DEPLOYMENT_ID_ = ? 
   
     ORDER BY  ORDER[*] BY RES.ID_ ASC  
    LIMIT ? OFFSET ? &quot;; expected &quot;=, NOT, EXISTS, INTERSECTS, SELECT, FROM&quot;; SQL statement:
select RES.* 
       
    from ACT_RE_PROCDEF RES
     
     WHERE  RES.DEPLOYMENT_ID_ = ? 
   
     order by  order by RES.ID_ asc  
    LIMIT ? OFFSET ? [42001-176]" type="org.apache.ibatis.exceptions.PersistenceException">org.apache.ibatis.exceptions.PersistenceException: 
### Error querying database.  Cause: org.h2.jdbc.JdbcSQLException: Syntax error in SQL statement &quot;SELECT RES.* 
       
    FROM ACT_RE_PROCDEF RES
     
     WHERE  RES.DEPLOYMENT_ID_ = ? 
   
     ORDER BY  ORDER[*] BY RES.ID_ ASC  
    LIMIT ? OFFSET ? &quot;; expected &quot;=, NOT, EXISTS, INTERSECTS, SELECT, FROM&quot;; SQL statement:
select RES.* 
       
    from ACT_RE_PROCDEF RES
     
     WHERE  RES.DEPLOYMENT_ID_ = ? 
   
     order by  order by RES.ID_ asc  
    LIMIT ? OFFSET ? [42001-176]
### The error may exist in org/activiti/db/mapping/entity/ProcessDefinition.xml
### The error may involve org.activiti.engine.impl.persistence.entity.ProcessDefinitionEntity.selectProcessDefinitionsByQueryCriteria
### The error occurred while executing a query
### SQL: select RES.*              from ACT_RE_PROCDEF RES            WHERE  RES.DEPLOYMENT_ID_ = ?           order by  order by RES.ID_ asc       LIMIT ? OFFSET ?
### Cause: org.h2.jdbc.JdbcSQLException: Syntax error in SQL statement &quot;SELECT RES.* 
       
    FROM ACT_RE_PROCDEF RES
     
     WHERE  RES.DEPLOYMENT_ID_ = ? 
   
     ORDER BY  ORDER[*] BY RES.ID_ ASC  
    LIMIT ? OFFSET ? &quot;; expected &quot;=, NOT, EXISTS, INTERSECTS, SELECT, FROM&quot;; SQL statement:
select RES.* 
       
    from ACT_RE_PROCDEF RES
     
     WHERE  RES.DEPLOYMENT_ID_ = ? 
   
     order by  order by RES.ID_ asc  
    LIMIT ? OFFSET ? [42001-176]
	at org.apache.ibatis.exceptions.ExceptionFactory.wrapException(ExceptionFactory.java:30)
	at org.apache.ibatis.session.defaults.DefaultSqlSession.selectList(DefaultSqlSession.java:122)
	at org.apache.ibatis.session.defaults.DefaultSqlSession.selectList(DefaultSqlSession.java:113)
	at org.activiti.engine.impl.db.DbSqlSession.selectListWithRawParameter(DbSqlSession.java:438)
	at org.activiti.engine.impl.db.DbSqlSession.selectList(DbSqlSession.java:429)
	at org.activiti.engine.impl.db.DbSqlSession.selectList(DbSqlSession.java:419)
	at org.activiti.engine.impl.persistence.entity.ProcessDefinitionEntityManager.findProcessDefinitionsByQueryCriteria(ProcessDefinitionEntityManager.java:57)
	at org.activiti.engine.impl.ProcessDefinitionQueryImpl.executeList(ProcessDefinitionQueryImpl.java:307)
	at org.activiti.engine.impl.AbstractQuery.list(AbstractQuery.java:140)
	at org.activiti.engine.impl.persistence.deploy.DeploymentManager.removeDeployment(DeploymentManager.java:187)
	at org.activiti.engine.impl.cmd.DeleteDeploymentCmd.execute(DeleteDeploymentCmd.java:44)
	at org.activiti.engine.impl.cmd.DeleteDeploymentCmd.execute(DeleteDeploymentCmd.java:24)
	at org.activiti.engine.impl.interceptor.CommandInvoker.execute(CommandInvoker.java:24)
	at org.activiti.engine.impl.interceptor.CommandContextInterceptor.execute(CommandContextInterceptor.java:57)
	at org.activiti.engine.impl.interceptor.LogInterceptor.execute(LogInterceptor.java:37)
	at org.activiti.engine.impl.cfg.CommandExecutorImpl.execute(CommandExecutorImpl.java:40)
	at org.activiti.engine.impl.cfg.CommandExecutorImpl.execute(CommandExecutorImpl.java:35)
	at org.activiti.engine.impl.RepositoryServiceImpl.deleteDeployment(RepositoryServiceImpl.java:90)
	at org.activiti.engine.impl.test.TestHelper.annotationDeploymentTearDown(TestHelper.java:116)
	at org.activiti.engine.impl.test.AbstractActivitiTestCase.runBare(AbstractActivitiTestCase.java:116)
	at junit.framework.TestResult$1.protect(TestResult.java:122)
	at junit.framework.TestResult.runProtected(TestResult.java:142)
	at junit.framework.TestResult.run(TestResult.java:125)
	at junit.framework.TestCase.run(TestCase.java:129)
	at junit.framework.TestSuite.runTest(TestSuite.java:255)
	at junit.framework.TestSuite.run(TestSuite.java:250)
	at org.junit.internal.runners.JUnit38ClassRunner.run(JUnit38ClassRunner.java:84)
	at org.apache.maven.surefire.junit4.JUnit4TestSet.execute(JUnit4TestSet.java:35)
	at org.apache.maven.surefire.junit4.JUnit4Provider.executeTestSet(JUnit4Provider.java:146)
	at org.apache.maven.surefire.junit4.JUnit4Provider.invoke(JUnit4Provider.java:97)
	at sun.reflect.NativeMethodAccessorImpl.invoke0(Native Method)
	at sun.reflect.NativeMethodAccessorImpl.invoke(NativeMethodAccessorImpl.java:62)
	at sun.reflect.DelegatingMethodAccessorImpl.invoke(DelegatingMethodAccessorImpl.java:43)
	at java.lang.reflect.Method.invoke(Method.java:498)
	at org.apache.maven.surefire.booter.ProviderFactory$ClassLoaderProxy.invoke(ProviderFactory.java:103)
	at com.sun.proxy.$Proxy0.invoke(Unknown Source)
	at org.apache.maven.surefire.booter.SurefireStarter.invokeProvider(SurefireStarter.java:145)
	at org.apache.maven.surefire.booter.SurefireStarter.runSuitesInProcess(SurefireStarter.java:87)
	at org.apache.maven.surefire.booter.ForkedBooter.main(ForkedBooter.java:69)
Caused by: org.h2.jdbc.JdbcSQLException: Syntax error in SQL statement &quot;SELECT RES.* 
       
    FROM ACT_RE_PROCDEF RES
     
     WHERE  RES.DEPLOYMENT_ID_ = ? 
   
     ORDER BY  ORDER[*] BY RES.ID_ ASC  
    LIMIT ? OFFSET ? &quot;; expected &quot;=, NOT, EXISTS, INTERSECTS, SELECT, FROM&quot;; SQL statement:
select RES.* 
       
    from ACT_RE_PROCDEF RES
     
     WHERE  RES.DEPLOYMENT_ID_ = ? 
   
     order by  order by RES.ID_ asc  
    LIMIT ? OFFSET ? [42001-176]
	at org.h2.message.DbException.getJdbcSQLException(DbException.java:344)
	at org.h2.message.DbException.getSyntaxError(DbException.java:204)
	at org.h2.command.Parser.getSyntaxError(Parser.java:524)
	at org.h2.command.Parser.readTerm(Parser.java:2688)
	at org.h2.command.Parser.readFactor(Parser.java:2244)
	at org.h2.command.Parser.readSum(Parser.java:2231)
	at org.h2.command.Parser.readConcat(Parser.java:2201)
	at org.h2.command.Parser.readCondition(Parser.java:2051)
	at org.h2.command.Parser.readAnd(Parser.java:2023)
	at org.h2.command.Parser.readExpression(Parser.java:2015)
	at org.h2.command.Parser.parseEndOfQuery(Parser.java:1726)
	at org.h2.command.Parser.parseSelectUnionExtension(Parser.java:1706)
	at org.h2.command.Parser.parseSelectUnion(Parser.java:1675)
	at org.h2.command.Parser.parseSelect(Parser.java:1662)
	at org.h2.command.Parser.parsePrepared(Parser.java:434)
	at org.h2.command.Parser.parse(Parser.java:306)
	at org.h2.command.Parser.parse(Parser.java:282)
	at org.h2.command.Parser.prepareCommand(Parser.java:243)
	at org.h2.engine.Session.prepareLocal(Session.java:442)
	at org.h2.engine.Session.prepareCommand(Session.java:384)
	at org.h2.jdbc.JdbcConnection.prepareCommand(JdbcConnection.java:1188)
	at org.h2.jdbc.JdbcPreparedStatement.&lt;init&gt;(JdbcPreparedStatement.java:73)
	at org.h2.jdbc.JdbcConnection.prepareStatement(JdbcConnection.java:276)
	at sun.reflect.GeneratedMethodAccessor6.invoke(Unknown Source)
	at sun.reflect.DelegatingMethodAccessorImpl.invoke(DelegatingMethodAccessorImpl.java:43)
	at java.lang.reflect.Method.invoke(Method.java:498)
	at org.apache.ibatis.datasource.pooled.PooledConnection.invoke(PooledConnection.java:245)
	at com.sun.proxy.$Proxy12.prepareStatement(Unknown Source)
	at sun.reflect.GeneratedMethodAccessor6.invoke(Unknown Source)
	at sun.reflect.DelegatingMethodAccessorImpl.invoke(DelegatingMethodAccessorImpl.java:43)
	at java.lang.reflect.Method.invoke(Method.java:498)
	at org.apache.ibatis.logging.jdbc.ConnectionLogger.invoke(ConnectionLogger.java:55)
	at com.sun.proxy.$Proxy12.prepareStatement(Unknown Source)
	at org.apache.ibatis.executor.statement.PreparedStatementHandler.instantiateStatement(PreparedStatementHandler.java:79)
	at org.apache.ibatis.executor.statement.BaseStatementHandler.prepare(BaseStatementHandler.java:88)
	at org.apache.ibatis.executor.statement.RoutingStatementHandler.prepare(RoutingStatementHandler.java:58)
	at org.apache.ibatis.executor.SimpleExecutor.prepareStatement(SimpleExecutor.java:76)
	at org.apache.ibatis.executor.SimpleExecutor.doQuery(SimpleExecutor.java:61)
	at org.apache.ibatis.executor.BaseExecutor.queryFromDatabase(BaseExecutor.java:303)
	at org.apache.ibatis.executor.BaseExecutor.query(BaseExecutor.java:154)
	at org.apache.ibatis.executor.CachingExecutor.query(CachingExecutor.java:102)
	at org.apache.ibatis.executor.CachingExecutor.query(CachingExecutor.java:82)
	at org.apache.ibatis.session.defaults.DefaultSqlSession.selectList(DefaultSqlSession.java:120)
	... 37 more
</error>
    <system-out>10:47:09,596 [main] DEBUG org.activiti.engine.impl.test.TestHelper  - annotation @Deployment creates deployment for SubProcessTest.testDoubleNestedSimpleSubProcess
10:47:09,598 [main] DEBUG org.activiti.engine.impl.interceptor.LogInterceptor  - 

10:47:09,598 [main] DEBUG org.activiti.engine.impl.interceptor.LogInterceptor  - --- starting DeployCmd --------------------------------------------------------
10:47:09,598 [main] DEBUG org.activiti.engine.impl.bpmn.deployer.BpmnDeployer  - Processing deployment SubProcessTest.testDoubleNestedSimpleSubProcess
10:47:09,598 [main] INFO  org.activiti.engine.impl.bpmn.deployer.BpmnDeployer  - Processing resource org/activiti/engine/test/bpmn/subprocess/SubProcessTest.testDoubleNestedSimpleSubProcess.bpmn20.xml
10:47:09,603 [main] DEBUG org.activiti.engine.impl.bpmn.parser.handler.ProcessParseHandler  - Parsing process nestedSimpleSubProcess
10:47:09,603 [main] DEBUG org.activiti.engine.impl.bpmn.parser.handler.AbstractBpmnParseHandler  - Parsing activity firstSubProcess
10:47:09,603 [main] DEBUG org.activiti.engine.impl.bpmn.parser.handler.AbstractBpmnParseHandler  - Parsing activity secondSubProcess
10:47:09,603 [main] DEBUG org.activiti.engine.impl.bpmn.parser.handler.AbstractBpmnParseHandler  - Parsing activity thirdSubProcess
10:47:09,603 [main] DEBUG org.activiti.engine.impl.bpmn.parser.handler.AbstractBpmnParseHandler  - Parsing activity thirdSubProcessTask
10:47:09,603 [main] DEBUG org.activiti.engine.impl.bpmn.parser.handler.AbstractBpmnParseHandler  - Parsing activity thirdSubProcessStart
10:47:09,603 [main] DEBUG org.activiti.engine.impl.bpmn.parser.handler.AbstractBpmnParseHandler  - Parsing activity thirdSubProcessEnd
10:47:09,603 [main] DEBUG org.activiti.engine.impl.bpmn.parser.handler.AbstractBpmnParseHandler  - Parsing activity secondSubProcessStart
10:47:09,603 [main] DEBUG org.activiti.engine.impl.bpmn.parser.handler.AbstractBpmnParseHandler  - Parsing activity secondSubProcessEnd
10:47:09,603 [main] DEBUG org.activiti.engine.impl.bpmn.parser.handler.AbstractBpmnParseHandler  - Parsing activity firstSubProcessStart
10:47:09,603 [main] DEBUG org.activiti.engine.impl.bpmn.parser.handler.AbstractBpmnParseHandler  - Parsing activity firstSubProcessEnd
10:47:09,603 [main] DEBUG org.activiti.engine.impl.bpmn.parser.handler.AbstractBpmnParseHandler  - Parsing activity afterSubProcessTask
10:47:09,603 [main] DEBUG org.activiti.engine.impl.bpmn.parser.handler.AbstractBpmnParseHandler  - Parsing activity theStart
10:47:09,603 [main] DEBUG org.activiti.engine.impl.bpmn.parser.handler.AbstractBpmnParseHandler  - Parsing activity theEnd
10:47:09,603 [main] DEBUG org.apache.ibatis.transaction.jdbc.JdbcTransaction  - Opening JDBC Connection
10:47:09,603 [main] DEBUG org.apache.ibatis.datasource.pooled.PooledDataSource  - Checked out connection 363509958 from pool.
10:47:09,603 [main] DEBUG org.apache.ibatis.transaction.jdbc.JdbcTransaction  - Setting autocommit to false on JDBC Connection [conn2: url=jdbc:h2:mem:activiti user=SA]
10:47:09,603 [main] DEBUG org.activiti.engine.impl.persistence.entity.ProcessDefinitionEntity.selectLatestProcessDefinitionByKey  - ==&gt;  Preparing: select * from ACT_RE_PROCDEF where KEY_ = ? and (TENANT_ID_ = &apos;&apos; or TENANT_ID_ is null) and VERSION_ = (select max(VERSION_) from ACT_RE_PROCDEF where KEY_ = ? and (TENANT_ID_ = &apos;&apos; or TENANT_ID_ is null)) 
10:47:09,604 [main] DEBUG org.activiti.engine.impl.persistence.entity.ProcessDefinitionEntity.selectLatestProcessDefinitionByKey  - ==&gt; Parameters: nestedSimpleSubProcess(String), nestedSimpleSubProcess(String)
10:47:09,604 [main] DEBUG org.activiti.engine.impl.persistence.entity.ProcessDefinitionEntity.selectLatestProcessDefinitionByKey  - &lt;==      Total: 1
10:47:09,604 [main] DEBUG org.activiti.engine.impl.persistence.entity.JobEntity.selectJobByTypeAndProcessDefinitionKeyNoTenantId  - ==&gt;  Preparing: select J.* from ACT_RU_JOB J inner join ACT_RE_PROCDEF P on J.PROC_DEF_ID_ = P.ID_ where J.HANDLER_TYPE_ = ? and P.KEY_ = ? and (P.TENANT_ID_ = &apos;&apos; or P.TENANT_ID_ is null) 
10:47:09,604 [main] DEBUG org.activiti.engine.impl.persistence.entity.JobEntity.selectJobByTypeAndProcessDefinitionKeyNoTenantId  - ==&gt; Parameters: timer-start-event(String), nestedSimpleSubProcess(String)
10:47:09,604 [main] DEBUG org.activiti.engine.impl.persistence.entity.JobEntity.selectJobByTypeAndProcessDefinitionKeyNoTenantId  - &lt;==      Total: 0
10:47:09,604 [main] DEBUG org.activiti.engine.impl.persistence.entity.EventSubscriptionEntity.selectEventSubscriptionsByConfiguration  - ==&gt;  Preparing: select * from ACT_RU_EVENT_SUBSCR where (EVENT_TYPE_ = ?) and ( (CONFIGURATION_ = ?) or (PROC_DEF_ID_ = ?) ) and (TENANT_ID_ = &apos;&apos; or TENANT_ID_ is null) 
10:47:09,604 [main] DEBUG org.activiti.engine.impl.persistence.entity.EventSubscriptionEntity.selectEventSubscriptionsByConfiguration  - ==&gt; Parameters: message(String), nestedSimpleSubProcess:1:84(String), nestedSimpleSubProcess:1:84(String)
10:47:09,604 [main] DEBUG org.activiti.engine.impl.persistence.entity.EventSubscriptionEntity.selectEventSubscriptionsByConfiguration  - &lt;==      Total: 0
10:47:09,604 [main] DEBUG org.activiti.engine.impl.persistence.entity.EventSubscriptionEntity.selectEventSubscriptionsByConfiguration  - ==&gt;  Preparing: select * from ACT_RU_EVENT_SUBSCR where (EVENT_TYPE_ = ?) and ( (CONFIGURATION_ = ?) or (PROC_DEF_ID_ = ?) ) and (TENANT_ID_ = &apos;&apos; or TENANT_ID_ is null) 
10:47:09,604 [main] DEBUG org.activiti.engine.impl.persistence.entity.EventSubscriptionEntity.selectEventSubscriptionsByConfiguration  - ==&gt; Parameters: signal(String), nestedSimpleSubProcess:1:84(String), nestedSimpleSubProcess:1:84(String)
10:47:09,604 [main] DEBUG org.activiti.engine.impl.persistence.entity.EventSubscriptionEntity.selectEventSubscriptionsByConfiguration  - &lt;==      Total: 0
10:47:09,604 [main] DEBUG org.activiti.engine.impl.persistence.entity.ProcessDefinitionInfoEntity.selectProcessDefinitionInfoByProcessDefinitionId  - ==&gt;  Preparing: select * from ACT_PROCDEF_INFO where PROC_DEF_ID_ = ? 
10:47:09,604 [main] DEBUG org.activiti.engine.impl.persistence.entity.ProcessDefinitionInfoEntity.selectProcessDefinitionInfoByProcessDefinitionId  - ==&gt; Parameters: nestedSimpleSubProcess:2:99(String)
10:47:09,604 [main] DEBUG org.activiti.engine.impl.persistence.entity.ProcessDefinitionInfoEntity.selectProcessDefinitionInfoByProcessDefinitionId  - &lt;==      Total: 0
10:47:09,604 [main] DEBUG org.activiti.engine.impl.interceptor.LogInterceptor  - 

10:47:09,604 [main] DEBUG org.activiti.engine.impl.interceptor.LogInterceptor  - --- starting GetProcessDefinitionInfoCmd --------------------------------------------------------
10:47:09,604 [main] DEBUG org.activiti.engine.impl.interceptor.CommandContextInterceptor  - Valid context found. Reusing it for the current command &apos;org.activiti.engine.impl.cmd.GetProcessDefinitionInfoCmd&apos;
10:47:09,604 [main] DEBUG org.activiti.engine.impl.interceptor.LogInterceptor  - 

10:47:09,604 [main] DEBUG org.activiti.engine.impl.interceptor.LogInterceptor  - --- starting  --------------------------------------------------------
10:47:09,604 [main] DEBUG org.activiti.engine.impl.interceptor.CommandContextInterceptor  - Valid context found. Reusing it for the current command &apos;null&apos;
10:47:09,604 [main] DEBUG org.activiti.engine.impl.interceptor.LogInterceptor  - ---  finished --------------------------------------------------------
10:47:09,604 [main] DEBUG org.activiti.engine.impl.interceptor.LogInterceptor  - 

10:47:09,604 [main] DEBUG org.activiti.engine.impl.interceptor.LogInterceptor  - --- GetProcessDefinitionInfoCmd finished --------------------------------------------------------
10:47:09,604 [main] DEBUG org.activiti.engine.impl.interceptor.LogInterceptor  - 

10:47:09,605 [main] DEBUG org.activiti.engine.impl.db.DbSqlSession  -   insert ResourceEntity[id=98, name=org/activiti/engine/test/bpmn/subprocess/SubProcessTest.testDoubleNestedSimpleSubProcess.bpmn20.xml]
10:47:09,605 [main] DEBUG org.activiti.engine.impl.db.DbSqlSession  -   insert DeploymentEntity[id=97, name=SubProcessTest.testDoubleNestedSimpleSubProcess]
10:47:09,605 [main] DEBUG org.activiti.engine.impl.db.DbSqlSession  -   insert ProcessDefinitionEntity[nestedSimpleSubProcess:2:99]
10:47:09,605 [main] DEBUG org.activiti.engine.impl.db.DbSqlSession  - flush summary: 3 insert, 0 update, 0 delete.
10:47:09,605 [main] DEBUG org.activiti.engine.impl.db.DbSqlSession  - now executing flush...
10:47:09,605 [main] DEBUG org.activiti.engine.impl.db.DbSqlSession  - inserting: ProcessDefinitionEntity[nestedSimpleSubProcess:2:99]
10:47:09,605 [main] DEBUG org.activiti.engine.impl.persistence.entity.ProcessDefinitionEntity.insertProcessDefinition  - ==&gt;  Preparing: insert into ACT_RE_PROCDEF(ID_, REV_, CATEGORY_, NAME_, KEY_, VERSION_, DEPLOYMENT_ID_, RESOURCE_NAME_, DGRM_RESOURCE_NAME_, DESCRIPTION_, HAS_START_FORM_KEY_, HAS_GRAPHICAL_NOTATION_ , SUSPENSION_STATE_, TENANT_ID_) values (?, 1, ?, ?, ?, ?, ?, ?, ?, ?, ?, ?, ?, ?) 
10:47:09,605 [main] DEBUG org.activiti.engine.impl.persistence.entity.ProcessDefinitionEntity.insertProcessDefinition  - ==&gt; Parameters: nestedSimpleSubProcess:2:99(String), Examples(String), null, nestedSimpleSubProcess(String), 2(Integer), 97(String), org/activiti/engine/test/bpmn/subprocess/SubProcessTest.testDoubleNestedSimpleSubProcess.bpmn20.xml(String), null, null, false(Boolean), false(Boolean), 1(Integer), (String)
10:47:09,605 [main] DEBUG org.activiti.engine.impl.persistence.entity.ProcessDefinitionEntity.insertProcessDefinition  - &lt;==    Updates: 1
10:47:09,605 [main] DEBUG org.activiti.engine.impl.db.DbSqlSession  - inserting: DeploymentEntity[id=97, name=SubProcessTest.testDoubleNestedSimpleSubProcess]
10:47:09,605 [main] DEBUG org.activiti.engine.impl.persistence.entity.DeploymentEntity.insertDeployment  - ==&gt;  Preparing: insert into ACT_RE_DEPLOYMENT(ID_, NAME_, CATEGORY_, TENANT_ID_, DEPLOY_TIME_) values(?, ?, ?, ?, ?) 
10:47:09,605 [main] DEBUG org.activiti.engine.impl.persistence.entity.DeploymentEntity.insertDeployment  - ==&gt; Parameters: 97(String), SubProcessTest.testDoubleNestedSimpleSubProcess(String), null, (String), 2023-03-20 10:46:46.742(Timestamp)
10:47:09,605 [main] DEBUG org.activiti.engine.impl.persistence.entity.DeploymentEntity.insertDeployment  - &lt;==    Updates: 1
10:47:09,605 [main] DEBUG org.activiti.engine.impl.db.DbSqlSession  - inserting: ResourceEntity[id=98, name=org/activiti/engine/test/bpmn/subprocess/SubProcessTest.testDoubleNestedSimpleSubProcess.bpmn20.xml]
10:47:09,605 [main] DEBUG org.activiti.engine.impl.persistence.entity.ResourceEntity.insertResource  - ==&gt;  Preparing: insert into ACT_GE_BYTEARRAY(ID_, REV_, NAME_, BYTES_, DEPLOYMENT_ID_, GENERATED_) values (?, 1, ?, ?, ?, ?) 
10:47:09,605 [main] DEBUG org.activiti.engine.impl.persistence.entity.ResourceEntity.insertResource  - ==&gt; Parameters: 98(String), org/activiti/engine/test/bpmn/subprocess/SubProcessTest.testDoubleNestedSimpleSubProcess.bpmn20.xml(String), java.io.ByteArrayInputStream@7af20b4f(ByteArrayInputStream), 97(String), false(Boolean)
10:47:09,605 [main] DEBUG org.activiti.engine.impl.persistence.entity.ResourceEntity.insertResource  - &lt;==    Updates: 1
10:47:09,605 [main] DEBUG org.activiti.engine.impl.cfg.standalone.StandaloneMybatisTransactionContext  - firing event committing...
10:47:09,605 [main] DEBUG org.activiti.engine.impl.cfg.standalone.StandaloneMybatisTransactionContext  - committing the ibatis sql session...
10:47:09,606 [main] DEBUG org.apache.ibatis.transaction.jdbc.JdbcTransaction  - Committing JDBC Connection [conn2: url=jdbc:h2:mem:activiti user=SA]
10:47:09,606 [main] DEBUG org.activiti.engine.impl.cfg.standalone.StandaloneMybatisTransactionContext  - firing event committed...
10:47:09,606 [main] DEBUG org.apache.ibatis.transaction.jdbc.JdbcTransaction  - Resetting autocommit to true on JDBC Connection [conn2: url=jdbc:h2:mem:activiti user=SA]
10:47:09,606 [main] DEBUG org.apache.ibatis.transaction.jdbc.JdbcTransaction  - Closing JDBC Connection [conn2: url=jdbc:h2:mem:activiti user=SA]
10:47:09,606 [main] DEBUG org.apache.ibatis.datasource.pooled.PooledDataSource  - Returned connection 363509958 to pool.
10:47:09,606 [main] DEBUG org.activiti.engine.impl.interceptor.LogInterceptor  - --- DeployCmd finished --------------------------------------------------------
10:47:09,606 [main] DEBUG org.activiti.engine.impl.interceptor.LogInterceptor  - 

10:47:09,606 [main] DEBUG org.activiti.engine.impl.test.PvmTestCase  - 

10:47:09,606 [main] DEBUG org.activiti.engine.impl.test.PvmTestCase  - #### START SubProcessTest.testDoubleNestedSimpleSubProcess ###########################################################
10:47:09,606 [main] DEBUG org.activiti.engine.impl.interceptor.LogInterceptor  - 

10:47:09,606 [main] DEBUG org.activiti.engine.impl.interceptor.LogInterceptor  - --- starting StartProcessInstanceCmd --------------------------------------------------------
10:47:09,606 [main] DEBUG org.apache.ibatis.transaction.jdbc.JdbcTransaction  - Opening JDBC Connection
10:47:09,606 [main] DEBUG org.apache.ibatis.datasource.pooled.PooledDataSource  - Checked out connection 180014677 from pool.
10:47:09,606 [main] DEBUG org.apache.ibatis.transaction.jdbc.JdbcTransaction  - Setting autocommit to false on JDBC Connection [conn3: url=jdbc:h2:mem:activiti user=SA]
10:47:09,606 [main] DEBUG org.activiti.engine.impl.persistence.entity.ProcessDefinitionEntity.selectLatestProcessDefinitionByKey  - ==&gt;  Preparing: select * from ACT_RE_PROCDEF where KEY_ = ? and (TENANT_ID_ = &apos;&apos; or TENANT_ID_ is null) and VERSION_ = (select max(VERSION_) from ACT_RE_PROCDEF where KEY_ = ? and (TENANT_ID_ = &apos;&apos; or TENANT_ID_ is null)) 
10:47:09,606 [main] DEBUG org.activiti.engine.impl.persistence.entity.ProcessDefinitionEntity.selectLatestProcessDefinitionByKey  - ==&gt; Parameters: nestedSimpleSubProcess(String), nestedSimpleSubProcess(String)
10:47:09,606 [main] DEBUG org.activiti.engine.impl.persistence.entity.ProcessDefinitionEntity.selectLatestProcessDefinitionByKey  - &lt;==      Total: 1
10:47:09,606 [main] DEBUG org.activiti.engine.impl.persistence.entity.ExecutionEntity  - initializing ProcessInstance[100]
10:47:09,607 [main] DEBUG org.activiti.engine.impl.history.DefaultHistoryManager  - Current history level: FULL, level required: ACTIVITY
10:47:09,607 [main] DEBUG org.activiti.engine.impl.pvm.runtime.AtomicOperationActivityExecute  - ProcessInstance[100] executes Activity(theStart): org.activiti.engine.impl.bpmn.behavior.NoneStartEventActivityBehavior
10:47:09,607 [main] DEBUG org.activiti.engine.impl.persistence.entity.JobEntity.selectJobsByExecutionId  - ==&gt;  Preparing: select * from ACT_RU_JOB J where J.EXECUTION_ID_ = ? 
10:47:09,607 [main] DEBUG org.activiti.engine.impl.persistence.entity.JobEntity.selectJobsByExecutionId  - ==&gt; Parameters: 100(String)
10:47:09,607 [main] DEBUG org.activiti.engine.impl.persistence.entity.JobEntity.selectJobsByExecutionId  - &lt;==      Total: 0
10:47:09,607 [main] DEBUG org.activiti.engine.impl.bpmn.behavior.BpmnActivityBehavior  - Leaving activity &apos;theStart&apos;
10:47:09,607 [main] DEBUG org.activiti.engine.impl.history.DefaultHistoryManager  - Current history level: FULL, level required: ACTIVITY
10:47:09,607 [main] DEBUG org.activiti.engine.impl.pvm.runtime.AtomicOperationTransitionNotifyListenerTake  - ProcessInstance[100] takes transition (theStart)--flow1--&gt;(firstSubProcess)
10:47:09,607 [main] DEBUG org.activiti.engine.impl.persistence.entity.ExecutionEntity  - Child execution ScopeExecution[102] created with parent 
10:47:09,607 [main] DEBUG org.activiti.engine.impl.pvm.runtime.AtomicOperationTransitionCreateScope  - create scope: parent ProcessInstance[100] continues as execution ScopeExecution[102]
10:47:09,607 [main] DEBUG org.activiti.engine.impl.persistence.entity.ExecutionEntity  - initializing ScopeExecution[102]
10:47:09,607 [main] DEBUG org.activiti.engine.impl.history.DefaultHistoryManager  - Current history level: FULL, level required: ACTIVITY
10:47:09,607 [main] DEBUG org.activiti.engine.impl.pvm.runtime.AtomicOperationActivityExecute  - ScopeExecution[102] executes Activity(firstSubProcess): org.activiti.engine.impl.bpmn.behavior.SubProcessActivityBehavior
10:47:09,607 [main] DEBUG org.activiti.engine.impl.history.DefaultHistoryManager  - Current history level: FULL, level required: ACTIVITY
10:47:09,607 [main] DEBUG org.activiti.engine.impl.pvm.runtime.AtomicOperationActivityExecute  - ScopeExecution[102] executes Activity(firstSubProcessStart): org.activiti.engine.impl.bpmn.behavior.NoneStartEventActivityBehavior
10:47:09,607 [main] DEBUG org.activiti.engine.impl.persistence.entity.JobEntity.selectJobsByExecutionId  - ==&gt;  Preparing: select * from ACT_RU_JOB J where J.EXECUTION_ID_ = ? 
10:47:09,608 [main] DEBUG org.activiti.engine.impl.persistence.entity.JobEntity.selectJobsByExecutionId  - ==&gt; Parameters: 102(String)
10:47:09,608 [main] DEBUG org.activiti.engine.impl.persistence.entity.JobEntity.selectJobsByExecutionId  - &lt;==      Total: 0
10:47:09,608 [main] DEBUG org.activiti.engine.impl.bpmn.behavior.BpmnActivityBehavior  - Leaving activity &apos;firstSubProcessStart&apos;
10:47:09,608 [main] DEBUG org.activiti.engine.impl.history.DefaultHistoryManager  - Current history level: FULL, level required: ACTIVITY
10:47:09,608 [main] DEBUG org.activiti.engine.impl.pvm.runtime.AtomicOperationTransitionNotifyListenerTake  - ScopeExecution[102] takes transition (firstSubProcessStart)--flow2--&gt;(secondSubProcess)
10:47:09,608 [main] DEBUG org.activiti.engine.impl.persistence.entity.ExecutionEntity  - Child execution ScopeExecution[105] created with parent 
10:47:09,608 [main] DEBUG org.activiti.engine.impl.pvm.runtime.AtomicOperationTransitionCreateScope  - create scope: parent ScopeExecution[102] continues as execution ScopeExecution[105]
10:47:09,608 [main] DEBUG org.activiti.engine.impl.persistence.entity.ExecutionEntity  - initializing ScopeExecution[105]
10:47:09,608 [main] DEBUG org.activiti.engine.impl.history.DefaultHistoryManager  - Current history level: FULL, level required: ACTIVITY
10:47:09,608 [main] DEBUG org.activiti.engine.impl.pvm.runtime.AtomicOperationActivityExecute  - ScopeExecution[105] executes Activity(secondSubProcess): org.activiti.engine.impl.bpmn.behavior.SubProcessActivityBehavior
10:47:09,608 [main] DEBUG org.activiti.engine.impl.history.DefaultHistoryManager  - Current history level: FULL, level required: ACTIVITY
10:47:09,608 [main] DEBUG org.activiti.engine.impl.pvm.runtime.AtomicOperationActivityExecute  - ScopeExecution[105] executes Activity(secondSubProcessStart): org.activiti.engine.impl.bpmn.behavior.NoneStartEventActivityBehavior
10:47:09,608 [main] DEBUG org.activiti.engine.impl.persistence.entity.JobEntity.selectJobsByExecutionId  - ==&gt;  Preparing: select * from ACT_RU_JOB J where J.EXECUTION_ID_ = ? 
10:47:09,608 [main] DEBUG org.activiti.engine.impl.persistence.entity.JobEntity.selectJobsByExecutionId  - ==&gt; Parameters: 105(String)
10:47:09,608 [main] DEBUG org.activiti.engine.impl.persistence.entity.JobEntity.selectJobsByExecutionId  - &lt;==      Total: 0
10:47:09,608 [main] DEBUG org.activiti.engine.impl.bpmn.behavior.BpmnActivityBehavior  - Leaving activity &apos;secondSubProcessStart&apos;
10:47:09,608 [main] DEBUG org.activiti.engine.impl.history.DefaultHistoryManager  - Current history level: FULL, level required: ACTIVITY
10:47:09,609 [main] DEBUG org.activiti.engine.impl.pvm.runtime.AtomicOperationTransitionNotifyListenerTake  - ScopeExecution[105] takes transition (secondSubProcessStart)--flow3--&gt;(thirdSubProcess)
10:47:09,609 [main] DEBUG org.activiti.engine.impl.persistence.entity.ExecutionEntity  - Child execution ScopeExecution[108] created with parent 
10:47:09,609 [main] DEBUG org.activiti.engine.impl.pvm.runtime.AtomicOperationTransitionCreateScope  - create scope: parent ScopeExecution[105] continues as execution ScopeExecution[108]
10:47:09,609 [main] DEBUG org.activiti.engine.impl.persistence.entity.ExecutionEntity  - initializing ScopeExecution[108]
10:47:09,609 [main] DEBUG org.activiti.engine.impl.history.DefaultHistoryManager  - Current history level: FULL, level required: ACTIVITY
10:47:09,609 [main] DEBUG org.activiti.engine.impl.pvm.runtime.AtomicOperationActivityExecute  - ScopeExecution[108] executes Activity(thirdSubProcess): org.activiti.engine.impl.bpmn.behavior.SubProcessActivityBehavior
10:47:09,609 [main] DEBUG org.activiti.engine.impl.history.DefaultHistoryManager  - Current history level: FULL, level required: ACTIVITY
10:47:09,609 [main] DEBUG org.activiti.engine.impl.pvm.runtime.AtomicOperationActivityExecute  - ScopeExecution[108] executes Activity(thirdSubProcessStart): org.activiti.engine.impl.bpmn.behavior.NoneStartEventActivityBehavior
10:47:09,609 [main] DEBUG org.activiti.engine.impl.persistence.entity.JobEntity.selectJobsByExecutionId  - ==&gt;  Preparing: select * from ACT_RU_JOB J where J.EXECUTION_ID_ = ? 
10:47:09,609 [main] DEBUG org.activiti.engine.impl.persistence.entity.JobEntity.selectJobsByExecutionId  - ==&gt; Parameters: 108(String)
10:47:09,609 [main] DEBUG org.activiti.engine.impl.persistence.entity.JobEntity.selectJobsByExecutionId  - &lt;==      Total: 0
10:47:09,609 [main] DEBUG org.activiti.engine.impl.bpmn.behavior.BpmnActivityBehavior  - Leaving activity &apos;thirdSubProcessStart&apos;
10:47:09,609 [main] DEBUG org.activiti.engine.impl.history.DefaultHistoryManager  - Current history level: FULL, level required: ACTIVITY
10:47:09,609 [main] DEBUG org.activiti.engine.impl.pvm.runtime.AtomicOperationTransitionNotifyListenerTake  - ScopeExecution[108] takes transition (thirdSubProcessStart)--flow4--&gt;(thirdSubProcessTask)
10:47:09,610 [main] DEBUG org.activiti.engine.impl.history.DefaultHistoryManager  - Current history level: FULL, level required: ACTIVITY
10:47:09,610 [main] DEBUG org.activiti.engine.impl.pvm.runtime.AtomicOperationActivityExecute  - ScopeExecution[108] executes Activity(thirdSubProcessTask): org.activiti.engine.impl.bpmn.behavior.UserTaskActivityBehavior
10:47:09,610 [main] DEBUG org.activiti.engine.impl.persistence.entity.TaskEntity.selectTasksByExecutionId  - ==&gt;  Preparing: select distinct T.* from ACT_RU_TASK T where T.EXECUTION_ID_ = ? 
10:47:09,610 [main] DEBUG org.activiti.engine.impl.persistence.entity.TaskEntity.selectTasksByExecutionId  - ==&gt; Parameters: 108(String)
10:47:09,610 [main] DEBUG org.activiti.engine.impl.persistence.entity.TaskEntity.selectTasksByExecutionId  - &lt;==      Total: 0
10:47:09,610 [main] DEBUG org.activiti.engine.impl.history.DefaultHistoryManager  - Current history level: FULL, level required: AUDIT
10:47:09,610 [main] DEBUG org.activiti.engine.impl.history.DefaultHistoryManager  - Current history level: FULL, level required: AUDIT
10:47:09,610 [main] DEBUG org.activiti.engine.impl.interceptor.LogInterceptor  - 

10:47:09,610 [main] DEBUG org.activiti.engine.impl.interceptor.LogInterceptor  - --- starting  --------------------------------------------------------
10:47:09,610 [main] DEBUG org.activiti.engine.impl.interceptor.CommandContextInterceptor  - Valid context found. Reusing it for the current command &apos;null&apos;
10:47:09,610 [main] DEBUG org.activiti.engine.impl.persistence.entity.ProcessDefinitionInfoEntity.selectProcessDefinitionInfoByProcessDefinitionId  - ==&gt;  Preparing: select * from ACT_PROCDEF_INFO where PROC_DEF_ID_ = ? 
10:47:09,610 [main] DEBUG org.activiti.engine.impl.persistence.entity.ProcessDefinitionInfoEntity.selectProcessDefinitionInfoByProcessDefinitionId  - ==&gt; Parameters: nestedSimpleSubProcess:2:99(String)
10:47:09,611 [main] DEBUG org.activiti.engine.impl.persistence.entity.ProcessDefinitionInfoEntity.selectProcessDefinitionInfoByProcessDefinitionId  - &lt;==      Total: 0
10:47:09,611 [main] DEBUG org.activiti.engine.impl.interceptor.LogInterceptor  - ---  finished --------------------------------------------------------
10:47:09,611 [main] DEBUG org.activiti.engine.impl.interceptor.LogInterceptor  - 

10:47:09,611 [main] DEBUG org.activiti.engine.impl.history.DefaultHistoryManager  - Current history level: FULL, level required: AUDIT
10:47:09,611 [main] DEBUG org.activiti.engine.impl.history.DefaultHistoryManager  - Current history level: FULL, level required: AUDIT
10:47:09,611 [main] DEBUG org.activiti.engine.impl.history.DefaultHistoryManager  - Current history level: FULL, level required: ACTIVITY
10:47:09,611 [main] DEBUG org.activiti.engine.impl.db.DbSqlSession  -   insert ProcessInstance[100]
10:47:09,611 [main] DEBUG org.activiti.engine.impl.db.DbSqlSession  -   insert ScopeExecution[102]
10:47:09,611 [main] DEBUG org.activiti.engine.impl.db.DbSqlSession  -   insert ScopeExecution[105]
10:47:09,611 [main] DEBUG org.activiti.engine.impl.db.DbSqlSession  -   insert ScopeExecution[108]
10:47:09,611 [main] DEBUG org.activiti.engine.impl.db.DbSqlSession  -   insert HistoricProcessInstanceEntity[superProcessInstanceId=null]
10:47:09,611 [main] DEBUG org.activiti.engine.impl.db.DbSqlSession  -   insert Task[id=112, name=Task in subprocess]
10:47:09,611 [main] DEBUG org.activiti.engine.impl.db.DbSqlSession  -   insert HistoricTaskInstanceEntity[id=112, name=Task in subprocess]
10:47:09,611 [main] DEBUG org.activiti.engine.impl.db.DbSqlSession  -   insert HistoricActivityInstanceEntity[activityId=theStart, activityName=null]
10:47:09,611 [main] DEBUG org.activiti.engine.impl.db.DbSqlSession  -   insert HistoricActivityInstanceEntity[activityId=firstSubProcess, activityName=null]
10:47:09,611 [main] DEBUG org.activiti.engine.impl.db.DbSqlSession  -   insert HistoricActivityInstanceEntity[activityId=firstSubProcessStart, activityName=null]
10:47:09,611 [main] DEBUG org.activiti.engine.impl.db.DbSqlSession  -   insert HistoricActivityInstanceEntity[activityId=secondSubProcess, activityName=null]
10:47:09,611 [main] DEBUG org.activiti.engine.impl.db.DbSqlSession  -   insert HistoricActivityInstanceEntity[activityId=secondSubProcessStart, activityName=null]
10:47:09,611 [main] DEBUG org.activiti.engine.impl.db.DbSqlSession  -   insert HistoricActivityInstanceEntity[activityId=thirdSubProcess, activityName=null]
10:47:09,611 [main] DEBUG org.activiti.engine.impl.db.DbSqlSession  -   insert HistoricActivityInstanceEntity[activityId=thirdSubProcessStart, activityName=null]
10:47:09,612 [main] DEBUG org.activiti.engine.impl.db.DbSqlSession  -   insert HistoricActivityInstanceEntity[activityId=thirdSubProcessTask, activityName=Task in subprocess]
10:47:09,612 [main] DEBUG org.activiti.engine.impl.db.DbSqlSession  - flush summary: 15 insert, 0 update, 0 delete.
10:47:09,612 [main] DEBUG org.activiti.engine.impl.db.DbSqlSession  - now executing flush...
10:47:09,612 [main] DEBUG org.activiti.engine.impl.db.DbSqlSession  - inserting: HistoricTaskInstanceEntity[id=112, name=Task in subprocess]
10:47:09,612 [main] DEBUG org.activiti.engine.impl.persistence.entity.HistoricTaskInstanceEntity.insertHistoricTaskInstance  - ==&gt;  Preparing: insert into ACT_HI_TASKINST ( ID_, PROC_DEF_ID_, PROC_INST_ID_, EXECUTION_ID_, NAME_, PARENT_TASK_ID_, DESCRIPTION_, OWNER_, ASSIGNEE_, START_TIME_, CLAIM_TIME_, END_TIME_, DURATION_, DELETE_REASON_, TASK_DEF_KEY_, FORM_KEY_, PRIORITY_, DUE_DATE_, CATEGORY_, TENANT_ID_ ) values ( ?, ?, ?, ?, ?, ?, ?, ?, ?, ?, ?, ?, ?, ?, ?, ?, ?, ?, ?, ? ) 
10:47:09,612 [main] DEBUG org.activiti.engine.impl.persistence.entity.HistoricTaskInstanceEntity.insertHistoricTaskInstance  - ==&gt; Parameters: 112(String), nestedSimpleSubProcess:2:99(String), 100(String), 108(String), Task in subprocess(String), null, null, null, null, 2023-03-20 10:46:46.742(Timestamp), null, null, null, null, thirdSubProcessTask(String), null, 50(Integer), null, null, (String)
10:47:09,612 [main] DEBUG org.activiti.engine.impl.persistence.entity.HistoricTaskInstanceEntity.insertHistoricTaskInstance  - &lt;==    Updates: 1
10:47:09,612 [main] DEBUG org.activiti.engine.impl.db.DbSqlSession  - inserting: HistoricProcessInstanceEntity[superProcessInstanceId=null]
10:47:09,612 [main] DEBUG org.activiti.engine.impl.persistence.entity.HistoricProcessInstanceEntity.insertHistoricProcessInstance  - ==&gt;  Preparing: insert into ACT_HI_PROCINST ( ID_, PROC_INST_ID_, BUSINESS_KEY_, PROC_DEF_ID_, START_TIME_, END_TIME_, DURATION_, START_USER_ID_, START_ACT_ID_, END_ACT_ID_, SUPER_PROCESS_INSTANCE_ID_, DELETE_REASON_, TENANT_ID_, NAME_ ) values ( ?, ?, ?, ?, ?, ?, ?, ?, ?, ?, ?, ?, ?, ? ) 
10:47:09,612 [main] DEBUG org.activiti.engine.impl.persistence.entity.HistoricProcessInstanceEntity.insertHistoricProcessInstance  - ==&gt; Parameters: 100(String), 100(String), null, nestedSimpleSubProcess:2:99(String), 2023-03-20 10:46:46.742(Timestamp), null, null, null, theStart(String), null, null, null, (String), null
10:47:09,612 [main] DEBUG org.activiti.engine.impl.persistence.entity.HistoricProcessInstanceEntity.insertHistoricProcessInstance  - &lt;==    Updates: 1
10:47:09,613 [main] DEBUG org.activiti.engine.impl.persistence.entity.HistoricActivityInstanceEntity.bulkInsertHistoricActivityInstance  - ==&gt;  Preparing: insert into ACT_HI_ACTINST ( ID_, PROC_DEF_ID_, PROC_INST_ID_, EXECUTION_ID_, ACT_ID_, TASK_ID_, CALL_PROC_INST_ID_, ACT_NAME_, ACT_TYPE_, ASSIGNEE_, START_TIME_, END_TIME_, DURATION_, TENANT_ID_ ) values (?, ?, ?, ?, ?, ?, ?, ?, ?, ?, ?, ?, ?, ?) , (?, ?, ?, ?, ?, ?, ?, ?, ?, ?, ?, ?, ?, ?) , (?, ?, ?, ?, ?, ?, ?, ?, ?, ?, ?, ?, ?, ?) , (?, ?, ?, ?, ?, ?, ?, ?, ?, ?, ?, ?, ?, ?) , (?, ?, ?, ?, ?, ?, ?, ?, ?, ?, ?, ?, ?, ?) , (?, ?, ?, ?, ?, ?, ?, ?, ?, ?, ?, ?, ?, ?) , (?, ?, ?, ?, ?, ?, ?, ?, ?, ?, ?, ?, ?, ?) , (?, ?, ?, ?, ?, ?, ?, ?, ?, ?, ?, ?, ?, ?) 
10:47:09,613 [main] DEBUG org.activiti.engine.impl.persistence.entity.HistoricActivityInstanceEntity.bulkInsertHistoricActivityInstance  - ==&gt; Parameters: 101(String), nestedSimpleSubProcess:2:99(String), 100(String), 100(String), theStart(String), null, null, null, startEvent(String), null, 2023-03-20 10:46:46.742(Timestamp), 2023-03-20 10:46:46.742(Timestamp), 0(Long), (String), 103(String), nestedSimpleSubProcess:2:99(String), 100(String), 102(String), firstSubProcess(String), null, null, null, subProcess(String), null, 2023-03-20 10:46:46.742(Timestamp), null, null, (String), 104(String), nestedSimpleSubProcess:2:99(String), 100(String), 102(String), firstSubProcessStart(String), null, null, null, startEvent(String), null, 2023-03-20 10:46:46.742(Timestamp), 2023-03-20 10:46:46.742(Timestamp), 0(Long), (String), 106(String), nestedSimpleSubProcess:2:99(String), 100(String), 105(String), secondSubProcess(String), null, null, null, subProcess(String), null, 2023-03-20 10:46:46.742(Timestamp), null, null, (String), 107(String), nestedSimpleSubProcess:2:99(String), 100(String), 105(String), secondSubProcessStart(String), null, null, null, startEvent(String), null, 2023-03-20 10:46:46.742(Timestamp), 2023-03-20 10:46:46.742(Timestamp), 0(Long), (String), 109(String), nestedSimpleSubProcess:2:99(String), 100(String), 108(String), thirdSubProcess(String), null, null, null, subProcess(String), null, 2023-03-20 10:46:46.742(Timestamp), null, null, (String), 110(String), nestedSimpleSubProcess:2:99(String), 100(String), 108(String), thirdSubProcessStart(String), null, null, null, startEvent(String), null, 2023-03-20 10:46:46.742(Timestamp), 2023-03-20 10:46:46.742(Timestamp), 0(Long), (String), 111(String), nestedSimpleSubProcess:2:99(String), 100(String), 108(String), thirdSubProcessTask(String), 112(String), null, Task in subprocess(String), userTask(String), null, 2023-03-20 10:46:46.742(Timestamp), null, null, (String)
10:47:09,613 [main] DEBUG org.activiti.engine.impl.persistence.entity.HistoricActivityInstanceEntity.bulkInsertHistoricActivityInstance  - &lt;==    Updates: 8
10:47:09,614 [main] DEBUG org.activiti.engine.impl.persistence.entity.ExecutionEntity.bulkInsertExecution  - ==&gt;  Preparing: insert into ACT_RU_EXECUTION (ID_, REV_, PROC_INST_ID_, BUSINESS_KEY_, PROC_DEF_ID_, ACT_ID_, IS_ACTIVE_, IS_CONCURRENT_, IS_SCOPE_,IS_EVENT_SCOPE_, PARENT_ID_, SUPER_EXEC_, SUSPENSION_STATE_, CACHED_ENT_STATE_, TENANT_ID_, NAME_) values (?, 1, ?, ?, ?, ?, ?, ?, ?, ?, ?, ?, ?, ?, ?, ?) , (?, 1, ?, ?, ?, ?, ?, ?, ?, ?, ?, ?, ?, ?, ?, ?) , (?, 1, ?, ?, ?, ?, ?, ?, ?, ?, ?, ?, ?, ?, ?, ?) , (?, 1, ?, ?, ?, ?, ?, ?, ?, ?, ?, ?, ?, ?, ?, ?) 
10:47:09,614 [main] DEBUG org.activiti.engine.impl.persistence.entity.ExecutionEntity.bulkInsertExecution  - ==&gt; Parameters: 100(String), 100(String), null, nestedSimpleSubProcess:2:99(String), null, false(Boolean), false(Boolean), true(Boolean), false(Boolean), null, null, 1(Integer), 2(Integer), (String), null, 102(String), 100(String), null, nestedSimpleSubProcess:2:99(String), null, false(Boolean), false(Boolean), true(Boolean), false(Boolean), 100(String), null, 1(Integer), 2(Integer), (String), null, 105(String), 100(String), null, nestedSimpleSubProcess:2:99(String), null, false(Boolean), false(Boolean), true(Boolean), false(Boolean), 102(String), null, 1(Integer), 2(Integer), (String), null, 108(String), 100(String), null, nestedSimpleSubProcess:2:99(String), thirdSubProcessTask(String), true(Boolean), false(Boolean), true(Boolean), false(Boolean), 105(String), null, 1(Integer), 2(Integer), (String), null
10:47:09,614 [main] DEBUG org.activiti.engine.impl.persistence.entity.ExecutionEntity.bulkInsertExecution  - &lt;==    Updates: 4
10:47:09,614 [main] DEBUG org.activiti.engine.impl.db.DbSqlSession  - inserting: Task[id=112, name=Task in subprocess]
10:47:09,614 [main] DEBUG org.activiti.engine.impl.persistence.entity.TaskEntity.insertTask  - ==&gt;  Preparing: insert into ACT_RU_TASK (ID_, REV_, NAME_, PARENT_TASK_ID_, DESCRIPTION_, PRIORITY_, CREATE_TIME_, OWNER_, ASSIGNEE_, DELEGATION_, EXECUTION_ID_, PROC_INST_ID_, PROC_DEF_ID_, TASK_DEF_KEY_, DUE_DATE_, CATEGORY_, SUSPENSION_STATE_, TENANT_ID_, FORM_KEY_) values (?, 1, ?, ?, ?, ?, ?, ?, ?, ?, ?, ?, ?, ?, ?, ?, ?, ?, ? ) 
10:47:09,614 [main] DEBUG org.activiti.engine.impl.persistence.entity.TaskEntity.insertTask  - ==&gt; Parameters: 112(String), Task in subprocess(String), null, null, 50(Integer), 2023-03-20 10:46:46.742(Timestamp), null, null, null, 108(String), 100(String), nestedSimpleSubProcess:2:99(String), thirdSubProcessTask(String), null, null, 1(Integer), (String), null
10:47:09,614 [main] DEBUG org.activiti.engine.impl.persistence.entity.TaskEntity.insertTask  - &lt;==    Updates: 1
10:47:09,614 [main] DEBUG org.activiti.engine.impl.cfg.standalone.StandaloneMybatisTransactionContext  - firing event committing...
10:47:09,614 [main] DEBUG org.activiti.engine.impl.cfg.standalone.StandaloneMybatisTransactionContext  - committing the ibatis sql session...
10:47:09,614 [main] DEBUG org.apache.ibatis.transaction.jdbc.JdbcTransaction  - Committing JDBC Connection [conn3: url=jdbc:h2:mem:activiti user=SA]
10:47:09,614 [main] DEBUG org.activiti.engine.impl.cfg.standalone.StandaloneMybatisTransactionContext  - firing event committed...
10:47:09,614 [main] DEBUG org.apache.ibatis.transaction.jdbc.JdbcTransaction  - Resetting autocommit to true on JDBC Connection [conn3: url=jdbc:h2:mem:activiti user=SA]
10:47:09,614 [main] DEBUG org.apache.ibatis.transaction.jdbc.JdbcTransaction  - Closing JDBC Connection [conn3: url=jdbc:h2:mem:activiti user=SA]
10:47:09,614 [main] DEBUG org.apache.ibatis.datasource.pooled.PooledDataSource  - Returned connection 180014677 to pool.
10:47:09,614 [main] DEBUG org.activiti.engine.impl.interceptor.LogInterceptor  - --- StartProcessInstanceCmd finished --------------------------------------------------------
10:47:09,614 [main] DEBUG org.activiti.engine.impl.interceptor.LogInterceptor  - 

10:47:09,615 [main] DEBUG org.activiti.engine.impl.interceptor.LogInterceptor  - 

10:47:09,615 [main] DEBUG org.activiti.engine.impl.interceptor.LogInterceptor  - --- starting TaskQueryImpl --------------------------------------------------------
10:47:09,615 [main] DEBUG org.apache.ibatis.transaction.jdbc.JdbcTransaction  - Opening JDBC Connection
10:47:09,615 [main] DEBUG org.apache.ibatis.datasource.pooled.PooledDataSource  - Checked out connection 486346394 from pool.
10:47:09,615 [main] DEBUG org.apache.ibatis.transaction.jdbc.JdbcTransaction  - Setting autocommit to false on JDBC Connection [conn6: url=jdbc:h2:mem:activiti user=SA]
10:47:09,615 [main] DEBUG org.activiti.engine.impl.persistence.entity.TaskEntity.selectTaskByQueryCriteria  - ==&gt;  Preparing: select distinct RES.* from ACT_RU_TASK RES WHERE RES.PROC_INST_ID_ = ? order by order by RES.ID_ asc LIMIT ? OFFSET ? 
10:47:09,615 [main] DEBUG org.activiti.engine.impl.interceptor.CommandContext  - Error while closing command context
org.apache.ibatis.exceptions.PersistenceException: 
### Error querying database.  Cause: org.h2.jdbc.JdbcSQLException: Syntax error in SQL statement &quot;SELECT DISTINCT RES.* 
       
    FROM ACT_RU_TASK RES
     
     
     
     
    
     
     
     
     WHERE  RES.PROC_INST_ID_ = ? 
   
    
     ORDER BY  ORDER[*] BY RES.ID_ ASC  
    LIMIT ? OFFSET ? &quot;; expected &quot;=, NOT, EXISTS, INTERSECTS, SELECT, FROM&quot;; SQL statement:
select distinct RES.* 
       
    from ACT_RU_TASK RES
     
     
     
     
    
     
     
     
     WHERE  RES.PROC_INST_ID_ = ? 
   
    
     order by  order by RES.ID_ asc  
    LIMIT ? OFFSET ? [42001-176]
### The error may exist in org/activiti/db/mapping/entity/Task.xml
### The error may involve org.activiti.engine.impl.persistence.entity.TaskEntity.selectTaskByQueryCriteria
### The error occurred while executing a query
### SQL: select distinct RES.*              from ACT_RU_TASK RES                                                     WHERE  RES.PROC_INST_ID_ = ?                order by  order by RES.ID_ asc       LIMIT ? OFFSET ?
### Cause: org.h2.jdbc.JdbcSQLException: Syntax error in SQL statement &quot;SELECT DISTINCT RES.* 
       
    FROM ACT_RU_TASK RES
     
     
     
     
    
     
     
     
     WHERE  RES.PROC_INST_ID_ = ? 
   
    
     ORDER BY  ORDER[*] BY RES.ID_ ASC  
    LIMIT ? OFFSET ? &quot;; expected &quot;=, NOT, EXISTS, INTERSECTS, SELECT, FROM&quot;; SQL statement:
select distinct RES.* 
       
    from ACT_RU_TASK RES
     
     
     
     
    
     
     
     
     WHERE  RES.PROC_INST_ID_ = ? 
   
    
     order by  order by RES.ID_ asc  
    LIMIT ? OFFSET ? [42001-176]
	at org.apache.ibatis.exceptions.ExceptionFactory.wrapException(ExceptionFactory.java:30)
	at org.apache.ibatis.session.defaults.DefaultSqlSession.selectList(DefaultSqlSession.java:122)
	at org.apache.ibatis.session.defaults.DefaultSqlSession.selectList(DefaultSqlSession.java:113)
	at org.activiti.engine.impl.db.DbSqlSession.selectListWithRawParameter(DbSqlSession.java:438)
	at org.activiti.engine.impl.db.DbSqlSession.selectList(DbSqlSession.java:429)
	at org.activiti.engine.impl.persistence.entity.TaskEntityManager.findTasksByQueryCriteria(TaskEntityManager.java:135)
	at org.activiti.engine.impl.TaskQueryImpl.executeList(TaskQueryImpl.java:1256)
	at org.activiti.engine.impl.AbstractQuery.executeSingleResult(AbstractQuery.java:183)
	at org.activiti.engine.impl.AbstractQuery.execute(AbstractQuery.java:166)
	at org.activiti.engine.impl.interceptor.CommandInvoker.execute(CommandInvoker.java:24)
	at org.activiti.engine.impl.interceptor.CommandContextInterceptor.execute(CommandContextInterceptor.java:57)
	at org.activiti.engine.impl.interceptor.LogInterceptor.execute(LogInterceptor.java:37)
	at org.activiti.engine.impl.cfg.CommandExecutorImpl.execute(CommandExecutorImpl.java:40)
	at org.activiti.engine.impl.cfg.CommandExecutorImpl.execute(CommandExecutorImpl.java:35)
	at org.activiti.engine.impl.AbstractQuery.singleResult(AbstractQuery.java:129)
	at org.activiti.engine.test.bpmn.subprocess.SubProcessTest.testDoubleNestedSimpleSubProcess(SubProcessTest.java:177)
	at sun.reflect.NativeMethodAccessorImpl.invoke0(Native Method)
	at sun.reflect.NativeMethodAccessorImpl.invoke(NativeMethodAccessorImpl.java:62)
	at sun.reflect.DelegatingMethodAccessorImpl.invoke(DelegatingMethodAccessorImpl.java:43)
	at java.lang.reflect.Method.invoke(Method.java:498)
	at junit.framework.TestCase.runTest(TestCase.java:176)
	at org.activiti.engine.impl.test.PvmTestCase.runTest(PvmTestCase.java:65)
	at junit.framework.TestCase.runBare(TestCase.java:141)
	at org.activiti.engine.impl.test.AbstractActivitiTestCase.runBare(AbstractActivitiTestCase.java:100)
	at junit.framework.TestResult$1.protect(TestResult.java:122)
	at junit.framework.TestResult.runProtected(TestResult.java:142)
	at junit.framework.TestResult.run(TestResult.java:125)
	at junit.framework.TestCase.run(TestCase.java:129)
	at junit.framework.TestSuite.runTest(TestSuite.java:255)
	at junit.framework.TestSuite.run(TestSuite.java:250)
	at org.junit.internal.runners.JUnit38ClassRunner.run(JUnit38ClassRunner.java:84)
	at org.apache.maven.surefire.junit4.JUnit4TestSet.execute(JUnit4TestSet.java:35)
	at org.apache.maven.surefire.junit4.JUnit4Provider.executeTestSet(JUnit4Provider.java:146)
	at org.apache.maven.surefire.junit4.JUnit4Provider.invoke(JUnit4Provider.java:97)
	at sun.reflect.NativeMethodAccessorImpl.invoke0(Native Method)
	at sun.reflect.NativeMethodAccessorImpl.invoke(NativeMethodAccessorImpl.java:62)
	at sun.reflect.DelegatingMethodAccessorImpl.invoke(DelegatingMethodAccessorImpl.java:43)
	at java.lang.reflect.Method.invoke(Method.java:498)
	at org.apache.maven.surefire.booter.ProviderFactory$ClassLoaderProxy.invoke(ProviderFactory.java:103)
	at com.sun.proxy.$Proxy0.invoke(Unknown Source)
	at org.apache.maven.surefire.booter.SurefireStarter.invokeProvider(SurefireStarter.java:145)
	at org.apache.maven.surefire.booter.SurefireStarter.runSuitesInProcess(SurefireStarter.java:87)
	at org.apache.maven.surefire.booter.ForkedBooter.main(ForkedBooter.java:69)
Caused by: org.h2.jdbc.JdbcSQLException: Syntax error in SQL statement &quot;SELECT DISTINCT RES.* 
       
    FROM ACT_RU_TASK RES
     
     
     
     
    
     
     
     
     WHERE  RES.PROC_INST_ID_ = ? 
   
    
     ORDER BY  ORDER[*] BY RES.ID_ ASC  
    LIMIT ? OFFSET ? &quot;; expected &quot;=, NOT, EXISTS, INTERSECTS, SELECT, FROM&quot;; SQL statement:
select distinct RES.* 
       
    from ACT_RU_TASK RES
     
     
     
     
    
     
     
     
     WHERE  RES.PROC_INST_ID_ = ? 
   
    
     order by  order by RES.ID_ asc  
    LIMIT ? OFFSET ? [42001-176]
	at org.h2.message.DbException.getJdbcSQLException(DbException.java:344)
	at org.h2.message.DbException.getSyntaxError(DbException.java:204)
	at org.h2.command.Parser.getSyntaxError(Parser.java:524)
	at org.h2.command.Parser.readTerm(Parser.java:2688)
	at org.h2.command.Parser.readFactor(Parser.java:2244)
	at org.h2.command.Parser.readSum(Parser.java:2231)
	at org.h2.command.Parser.readConcat(Parser.java:2201)
	at org.h2.command.Parser.readCondition(Parser.java:2051)
	at org.h2.command.Parser.readAnd(Parser.java:2023)
	at org.h2.command.Parser.readExpression(Parser.java:2015)
	at org.h2.command.Parser.parseEndOfQuery(Parser.java:1726)
	at org.h2.command.Parser.parseSelectUnionExtension(Parser.java:1706)
	at org.h2.command.Parser.parseSelectUnion(Parser.java:1675)
	at org.h2.command.Parser.parseSelect(Parser.java:1662)
	at org.h2.command.Parser.parsePrepared(Parser.java:434)
	at org.h2.command.Parser.parse(Parser.java:306)
	at org.h2.command.Parser.parse(Parser.java:282)
	at org.h2.command.Parser.prepareCommand(Parser.java:243)
	at org.h2.engine.Session.prepareLocal(Session.java:442)
	at org.h2.engine.Session.prepareCommand(Session.java:384)
	at org.h2.jdbc.JdbcConnection.prepareCommand(JdbcConnection.java:1188)
	at org.h2.jdbc.JdbcPreparedStatement.&lt;init&gt;(JdbcPreparedStatement.java:73)
	at org.h2.jdbc.JdbcConnection.prepareStatement(JdbcConnection.java:276)
	at sun.reflect.GeneratedMethodAccessor6.invoke(Unknown Source)
	at sun.reflect.DelegatingMethodAccessorImpl.invoke(DelegatingMethodAccessorImpl.java:43)
	at java.lang.reflect.Method.invoke(Method.java:498)
	at org.apache.ibatis.datasource.pooled.PooledConnection.invoke(PooledConnection.java:245)
	at com.sun.proxy.$Proxy12.prepareStatement(Unknown Source)
	at sun.reflect.GeneratedMethodAccessor6.invoke(Unknown Source)
	at sun.reflect.DelegatingMethodAccessorImpl.invoke(DelegatingMethodAccessorImpl.java:43)
	at java.lang.reflect.Method.invoke(Method.java:498)
	at org.apache.ibatis.logging.jdbc.ConnectionLogger.invoke(ConnectionLogger.java:55)
	at com.sun.proxy.$Proxy12.prepareStatement(Unknown Source)
	at org.apache.ibatis.executor.statement.PreparedStatementHandler.instantiateStatement(PreparedStatementHandler.java:79)
	at org.apache.ibatis.executor.statement.BaseStatementHandler.prepare(BaseStatementHandler.java:88)
	at org.apache.ibatis.executor.statement.RoutingStatementHandler.prepare(RoutingStatementHandler.java:58)
	at org.apache.ibatis.executor.SimpleExecutor.prepareStatement(SimpleExecutor.java:76)
	at org.apache.ibatis.executor.SimpleExecutor.doQuery(SimpleExecutor.java:61)
	at org.apache.ibatis.executor.BaseExecutor.queryFromDatabase(BaseExecutor.java:303)
	at org.apache.ibatis.executor.BaseExecutor.query(BaseExecutor.java:154)
	at org.apache.ibatis.executor.CachingExecutor.query(CachingExecutor.java:102)
	at org.apache.ibatis.executor.CachingExecutor.query(CachingExecutor.java:82)
	at org.apache.ibatis.session.defaults.DefaultSqlSession.selectList(DefaultSqlSession.java:120)
	... 41 more
10:47:09,616 [main] DEBUG org.activiti.engine.impl.cfg.standalone.StandaloneMybatisTransactionContext  - firing event rolling back...
10:47:09,616 [main] DEBUG org.activiti.engine.impl.cfg.standalone.StandaloneMybatisTransactionContext  - rolling back ibatis sql session...
10:47:09,616 [main] DEBUG org.activiti.engine.impl.cfg.standalone.StandaloneMybatisTransactionContext  - firing event rolled back...
10:47:09,616 [main] DEBUG org.apache.ibatis.transaction.jdbc.JdbcTransaction  - Resetting autocommit to true on JDBC Connection [conn6: url=jdbc:h2:mem:activiti user=SA]
10:47:09,616 [main] DEBUG org.apache.ibatis.transaction.jdbc.JdbcTransaction  - Closing JDBC Connection [conn6: url=jdbc:h2:mem:activiti user=SA]
10:47:09,616 [main] DEBUG org.apache.ibatis.datasource.pooled.PooledDataSource  - Returned connection 486346394 to pool.
10:47:09,616 [main] DEBUG org.activiti.engine.impl.interceptor.LogInterceptor  - --- TaskQueryImpl finished --------------------------------------------------------
10:47:09,616 [main] DEBUG org.activiti.engine.impl.interceptor.LogInterceptor  - 

10:47:09,616 [main] ERROR org.activiti.engine.impl.test.PvmTestCase  - 

10:47:09,616 [main] ERROR org.activiti.engine.impl.test.PvmTestCase  - EXCEPTION: org.apache.ibatis.exceptions.PersistenceException: 
### Error querying database.  Cause: org.h2.jdbc.JdbcSQLException: Syntax error in SQL statement &quot;SELECT DISTINCT RES.* 
       
    FROM ACT_RU_TASK RES
     
     
     
     
    
     
     
     
     WHERE  RES.PROC_INST_ID_ = ? 
   
    
     ORDER BY  ORDER[*] BY RES.ID_ ASC  
    LIMIT ? OFFSET ? &quot;; expected &quot;=, NOT, EXISTS, INTERSECTS, SELECT, FROM&quot;; SQL statement:
select distinct RES.* 
       
    from ACT_RU_TASK RES
     
     
     
     
    
     
     
     
     WHERE  RES.PROC_INST_ID_ = ? 
   
    
     order by  order by RES.ID_ asc  
    LIMIT ? OFFSET ? [42001-176]
### The error may exist in org/activiti/db/mapping/entity/Task.xml
### The error may involve org.activiti.engine.impl.persistence.entity.TaskEntity.selectTaskByQueryCriteria
### The error occurred while executing a query
### SQL: select distinct RES.*              from ACT_RU_TASK RES                                                     WHERE  RES.PROC_INST_ID_ = ?                order by  order by RES.ID_ asc       LIMIT ? OFFSET ?
### Cause: org.h2.jdbc.JdbcSQLException: Syntax error in SQL statement &quot;SELECT DISTINCT RES.* 
       
    FROM ACT_RU_TASK RES
     
     
     
     
    
     
     
     
     WHERE  RES.PROC_INST_ID_ = ? 
   
    
     ORDER BY  ORDER[*] BY RES.ID_ ASC  
    LIMIT ? OFFSET ? &quot;; expected &quot;=, NOT, EXISTS, INTERSECTS, SELECT, FROM&quot;; SQL statement:
select distinct RES.* 
       
    from ACT_RU_TASK RES
     
     
     
     
    
     
     
     
     WHERE  RES.PROC_INST_ID_ = ? 
   
    
     order by  order by RES.ID_ asc  
    LIMIT ? OFFSET ? [42001-176]
org.apache.ibatis.exceptions.PersistenceException: 
### Error querying database.  Cause: org.h2.jdbc.JdbcSQLException: Syntax error in SQL statement &quot;SELECT DISTINCT RES.* 
       
    FROM ACT_RU_TASK RES
     
     
     
     
    
     
     
     
     WHERE  RES.PROC_INST_ID_ = ? 
   
    
     ORDER BY  ORDER[*] BY RES.ID_ ASC  
    LIMIT ? OFFSET ? &quot;; expected &quot;=, NOT, EXISTS, INTERSECTS, SELECT, FROM&quot;; SQL statement:
select distinct RES.* 
       
    from ACT_RU_TASK RES
     
     
     
     
    
     
     
     
     WHERE  RES.PROC_INST_ID_ = ? 
   
    
     order by  order by RES.ID_ asc  
    LIMIT ? OFFSET ? [42001-176]
### The error may exist in org/activiti/db/mapping/entity/Task.xml
### The error may involve org.activiti.engine.impl.persistence.entity.TaskEntity.selectTaskByQueryCriteria
### The error occurred while executing a query
### SQL: select distinct RES.*              from ACT_RU_TASK RES                                                     WHERE  RES.PROC_INST_ID_ = ?                order by  order by RES.ID_ asc       LIMIT ? OFFSET ?
### Cause: org.h2.jdbc.JdbcSQLException: Syntax error in SQL statement &quot;SELECT DISTINCT RES.* 
       
    FROM ACT_RU_TASK RES
     
     
     
     
    
     
     
     
     WHERE  RES.PROC_INST_ID_ = ? 
   
    
     ORDER BY  ORDER[*] BY RES.ID_ ASC  
    LIMIT ? OFFSET ? &quot;; expected &quot;=, NOT, EXISTS, INTERSECTS, SELECT, FROM&quot;; SQL statement:
select distinct RES.* 
       
    from ACT_RU_TASK RES
     
     
     
     
    
     
     
     
     WHERE  RES.PROC_INST_ID_ = ? 
   
    
     order by  order by RES.ID_ asc  
    LIMIT ? OFFSET ? [42001-176]
	at org.apache.ibatis.exceptions.ExceptionFactory.wrapException(ExceptionFactory.java:30)
	at org.apache.ibatis.session.defaults.DefaultSqlSession.selectList(DefaultSqlSession.java:122)
	at org.apache.ibatis.session.defaults.DefaultSqlSession.selectList(DefaultSqlSession.java:113)
	at org.activiti.engine.impl.db.DbSqlSession.selectListWithRawParameter(DbSqlSession.java:438)
	at org.activiti.engine.impl.db.DbSqlSession.selectList(DbSqlSession.java:429)
	at org.activiti.engine.impl.persistence.entity.TaskEntityManager.findTasksByQueryCriteria(TaskEntityManager.java:135)
	at org.activiti.engine.impl.TaskQueryImpl.executeList(TaskQueryImpl.java:1256)
	at org.activiti.engine.impl.AbstractQuery.executeSingleResult(AbstractQuery.java:183)
	at org.activiti.engine.impl.AbstractQuery.execute(AbstractQuery.java:166)
	at org.activiti.engine.impl.interceptor.CommandInvoker.execute(CommandInvoker.java:24)
	at org.activiti.engine.impl.interceptor.CommandContextInterceptor.execute(CommandContextInterceptor.java:57)
	at org.activiti.engine.impl.interceptor.LogInterceptor.execute(LogInterceptor.java:37)
	at org.activiti.engine.impl.cfg.CommandExecutorImpl.execute(CommandExecutorImpl.java:40)
	at org.activiti.engine.impl.cfg.CommandExecutorImpl.execute(CommandExecutorImpl.java:35)
	at org.activiti.engine.impl.AbstractQuery.singleResult(AbstractQuery.java:129)
	at org.activiti.engine.test.bpmn.subprocess.SubProcessTest.testDoubleNestedSimpleSubProcess(SubProcessTest.java:177)
	at sun.reflect.NativeMethodAccessorImpl.invoke0(Native Method)
	at sun.reflect.NativeMethodAccessorImpl.invoke(NativeMethodAccessorImpl.java:62)
	at sun.reflect.DelegatingMethodAccessorImpl.invoke(DelegatingMethodAccessorImpl.java:43)
	at java.lang.reflect.Method.invoke(Method.java:498)
	at junit.framework.TestCase.runTest(TestCase.java:176)
	at org.activiti.engine.impl.test.PvmTestCase.runTest(PvmTestCase.java:65)
	at junit.framework.TestCase.runBare(TestCase.java:141)
	at org.activiti.engine.impl.test.AbstractActivitiTestCase.runBare(AbstractActivitiTestCase.java:100)
	at junit.framework.TestResult$1.protect(TestResult.java:122)
	at junit.framework.TestResult.runProtected(TestResult.java:142)
	at junit.framework.TestResult.run(TestResult.java:125)
	at junit.framework.TestCase.run(TestCase.java:129)
	at junit.framework.TestSuite.runTest(TestSuite.java:255)
	at junit.framework.TestSuite.run(TestSuite.java:250)
	at org.junit.internal.runners.JUnit38ClassRunner.run(JUnit38ClassRunner.java:84)
	at org.apache.maven.surefire.junit4.JUnit4TestSet.execute(JUnit4TestSet.java:35)
	at org.apache.maven.surefire.junit4.JUnit4Provider.executeTestSet(JUnit4Provider.java:146)
	at org.apache.maven.surefire.junit4.JUnit4Provider.invoke(JUnit4Provider.java:97)
	at sun.reflect.NativeMethodAccessorImpl.invoke0(Native Method)
	at sun.reflect.NativeMethodAccessorImpl.invoke(NativeMethodAccessorImpl.java:62)
	at sun.reflect.DelegatingMethodAccessorImpl.invoke(DelegatingMethodAccessorImpl.java:43)
	at java.lang.reflect.Method.invoke(Method.java:498)
	at org.apache.maven.surefire.booter.ProviderFactory$ClassLoaderProxy.invoke(ProviderFactory.java:103)
	at com.sun.proxy.$Proxy0.invoke(Unknown Source)
	at org.apache.maven.surefire.booter.SurefireStarter.invokeProvider(SurefireStarter.java:145)
	at org.apache.maven.surefire.booter.SurefireStarter.runSuitesInProcess(SurefireStarter.java:87)
	at org.apache.maven.surefire.booter.ForkedBooter.main(ForkedBooter.java:69)
Caused by: org.h2.jdbc.JdbcSQLException: Syntax error in SQL statement &quot;SELECT DISTINCT RES.* 
       
    FROM ACT_RU_TASK RES
     
     
     
     
    
     
     
     
     WHERE  RES.PROC_INST_ID_ = ? 
   
    
     ORDER BY  ORDER[*] BY RES.ID_ ASC  
    LIMIT ? OFFSET ? &quot;; expected &quot;=, NOT, EXISTS, INTERSECTS, SELECT, FROM&quot;; SQL statement:
select distinct RES.* 
       
    from ACT_RU_TASK RES
     
     
     
     
    
     
     
     
     WHERE  RES.PROC_INST_ID_ = ? 
   
    
     order by  order by RES.ID_ asc  
    LIMIT ? OFFSET ? [42001-176]
	at org.h2.message.DbException.getJdbcSQLException(DbException.java:344)
	at org.h2.message.DbException.getSyntaxError(DbException.java:204)
	at org.h2.command.Parser.getSyntaxError(Parser.java:524)
	at org.h2.command.Parser.readTerm(Parser.java:2688)
	at org.h2.command.Parser.readFactor(Parser.java:2244)
	at org.h2.command.Parser.readSum(Parser.java:2231)
	at org.h2.command.Parser.readConcat(Parser.java:2201)
	at org.h2.command.Parser.readCondition(Parser.java:2051)
	at org.h2.command.Parser.readAnd(Parser.java:2023)
	at org.h2.command.Parser.readExpression(Parser.java:2015)
	at org.h2.command.Parser.parseEndOfQuery(Parser.java:1726)
	at org.h2.command.Parser.parseSelectUnionExtension(Parser.java:1706)
	at org.h2.command.Parser.parseSelectUnion(Parser.java:1675)
	at org.h2.command.Parser.parseSelect(Parser.java:1662)
	at org.h2.command.Parser.parsePrepared(Parser.java:434)
	at org.h2.command.Parser.parse(Parser.java:306)
	at org.h2.command.Parser.parse(Parser.java:282)
	at org.h2.command.Parser.prepareCommand(Parser.java:243)
	at org.h2.engine.Session.prepareLocal(Session.java:442)
	at org.h2.engine.Session.prepareCommand(Session.java:384)
	at org.h2.jdbc.JdbcConnection.prepareCommand(JdbcConnection.java:1188)
	at org.h2.jdbc.JdbcPreparedStatement.&lt;init&gt;(JdbcPreparedStatement.java:73)
	at org.h2.jdbc.JdbcConnection.prepareStatement(JdbcConnection.java:276)
	at sun.reflect.GeneratedMethodAccessor6.invoke(Unknown Source)
	at sun.reflect.DelegatingMethodAccessorImpl.invoke(DelegatingMethodAccessorImpl.java:43)
	at java.lang.reflect.Method.invoke(Method.java:498)
	at org.apache.ibatis.datasource.pooled.PooledConnection.invoke(PooledConnection.java:245)
	at com.sun.proxy.$Proxy12.prepareStatement(Unknown Source)
	at sun.reflect.GeneratedMethodAccessor6.invoke(Unknown Source)
	at sun.reflect.DelegatingMethodAccessorImpl.invoke(DelegatingMethodAccessorImpl.java:43)
	at java.lang.reflect.Method.invoke(Method.java:498)
	at org.apache.ibatis.logging.jdbc.ConnectionLogger.invoke(ConnectionLogger.java:55)
	at com.sun.proxy.$Proxy12.prepareStatement(Unknown Source)
	at org.apache.ibatis.executor.statement.PreparedStatementHandler.instantiateStatement(PreparedStatementHandler.java:79)
	at org.apache.ibatis.executor.statement.BaseStatementHandler.prepare(BaseStatementHandler.java:88)
	at org.apache.ibatis.executor.statement.RoutingStatementHandler.prepare(RoutingStatementHandler.java:58)
	at org.apache.ibatis.executor.SimpleExecutor.prepareStatement(SimpleExecutor.java:76)
	at org.apache.ibatis.executor.SimpleExecutor.doQuery(SimpleExecutor.java:61)
	at org.apache.ibatis.executor.BaseExecutor.queryFromDatabase(BaseExecutor.java:303)
	at org.apache.ibatis.executor.BaseExecutor.query(BaseExecutor.java:154)
	at org.apache.ibatis.executor.CachingExecutor.query(CachingExecutor.java:102)
	at org.apache.ibatis.executor.CachingExecutor.query(CachingExecutor.java:82)
	at org.apache.ibatis.session.defaults.DefaultSqlSession.selectList(DefaultSqlSession.java:120)
	... 41 more
10:47:09,616 [main] DEBUG org.activiti.engine.impl.test.PvmTestCase  - #### END SubProcessTest.testDoubleNestedSimpleSubProcess #############################################################
10:47:09,616 [main] ERROR org.activiti.engine.impl.test.PvmTestCase  - 

10:47:09,616 [main] ERROR org.activiti.engine.impl.test.PvmTestCase  - EXCEPTION: org.apache.ibatis.exceptions.PersistenceException: 
### Error querying database.  Cause: org.h2.jdbc.JdbcSQLException: Syntax error in SQL statement &quot;SELECT DISTINCT RES.* 
       
    FROM ACT_RU_TASK RES
     
     
     
     
    
     
     
     
     WHERE  RES.PROC_INST_ID_ = ? 
   
    
     ORDER BY  ORDER[*] BY RES.ID_ ASC  
    LIMIT ? OFFSET ? &quot;; expected &quot;=, NOT, EXISTS, INTERSECTS, SELECT, FROM&quot;; SQL statement:
select distinct RES.* 
       
    from ACT_RU_TASK RES
     
     
     
     
    
     
     
     
     WHERE  RES.PROC_INST_ID_ = ? 
   
    
     order by  order by RES.ID_ asc  
    LIMIT ? OFFSET ? [42001-176]
### The error may exist in org/activiti/db/mapping/entity/Task.xml
### The error may involve org.activiti.engine.impl.persistence.entity.TaskEntity.selectTaskByQueryCriteria
### The error occurred while executing a query
### SQL: select distinct RES.*              from ACT_RU_TASK RES                                                     WHERE  RES.PROC_INST_ID_ = ?                order by  order by RES.ID_ asc       LIMIT ? OFFSET ?
### Cause: org.h2.jdbc.JdbcSQLException: Syntax error in SQL statement &quot;SELECT DISTINCT RES.* 
       
    FROM ACT_RU_TASK RES
     
     
     
     
    
     
     
     
     WHERE  RES.PROC_INST_ID_ = ? 
   
    
     ORDER BY  ORDER[*] BY RES.ID_ ASC  
    LIMIT ? OFFSET ? &quot;; expected &quot;=, NOT, EXISTS, INTERSECTS, SELECT, FROM&quot;; SQL statement:
select distinct RES.* 
       
    from ACT_RU_TASK RES
     
     
     
     
    
     
     
     
     WHERE  RES.PROC_INST_ID_ = ? 
   
    
     order by  order by RES.ID_ asc  
    LIMIT ? OFFSET ? [42001-176]
org.apache.ibatis.exceptions.PersistenceException: 
### Error querying database.  Cause: org.h2.jdbc.JdbcSQLException: Syntax error in SQL statement &quot;SELECT DISTINCT RES.* 
       
    FROM ACT_RU_TASK RES
     
     
     
     
    
     
     
     
     WHERE  RES.PROC_INST_ID_ = ? 
   
    
     ORDER BY  ORDER[*] BY RES.ID_ ASC  
    LIMIT ? OFFSET ? &quot;; expected &quot;=, NOT, EXISTS, INTERSECTS, SELECT, FROM&quot;; SQL statement:
select distinct RES.* 
       
    from ACT_RU_TASK RES
     
     
     
     
    
     
     
     
     WHERE  RES.PROC_INST_ID_ = ? 
   
    
     order by  order by RES.ID_ asc  
    LIMIT ? OFFSET ? [42001-176]
### The error may exist in org/activiti/db/mapping/entity/Task.xml
### The error may involve org.activiti.engine.impl.persistence.entity.TaskEntity.selectTaskByQueryCriteria
### The error occurred while executing a query
### SQL: select distinct RES.*              from ACT_RU_TASK RES                                                     WHERE  RES.PROC_INST_ID_ = ?                order by  order by RES.ID_ asc       LIMIT ? OFFSET ?
### Cause: org.h2.jdbc.JdbcSQLException: Syntax error in SQL statement &quot;SELECT DISTINCT RES.* 
       
    FROM ACT_RU_TASK RES
     
     
     
     
    
     
     
     
     WHERE  RES.PROC_INST_ID_ = ? 
   
    
     ORDER BY  ORDER[*] BY RES.ID_ ASC  
    LIMIT ? OFFSET ? &quot;; expected &quot;=, NOT, EXISTS, INTERSECTS, SELECT, FROM&quot;; SQL statement:
select distinct RES.* 
       
    from ACT_RU_TASK RES
     
     
     
     
    
     
     
     
     WHERE  RES.PROC_INST_ID_ = ? 
   
    
     order by  order by RES.ID_ asc  
    LIMIT ? OFFSET ? [42001-176]
	at org.apache.ibatis.exceptions.ExceptionFactory.wrapException(ExceptionFactory.java:30)
	at org.apache.ibatis.session.defaults.DefaultSqlSession.selectList(DefaultSqlSession.java:122)
	at org.apache.ibatis.session.defaults.DefaultSqlSession.selectList(DefaultSqlSession.java:113)
	at org.activiti.engine.impl.db.DbSqlSession.selectListWithRawParameter(DbSqlSession.java:438)
	at org.activiti.engine.impl.db.DbSqlSession.selectList(DbSqlSession.java:429)
	at org.activiti.engine.impl.persistence.entity.TaskEntityManager.findTasksByQueryCriteria(TaskEntityManager.java:135)
	at org.activiti.engine.impl.TaskQueryImpl.executeList(TaskQueryImpl.java:1256)
	at org.activiti.engine.impl.AbstractQuery.executeSingleResult(AbstractQuery.java:183)
	at org.activiti.engine.impl.AbstractQuery.execute(AbstractQuery.java:166)
	at org.activiti.engine.impl.interceptor.CommandInvoker.execute(CommandInvoker.java:24)
	at org.activiti.engine.impl.interceptor.CommandContextInterceptor.execute(CommandContextInterceptor.java:57)
	at org.activiti.engine.impl.interceptor.LogInterceptor.execute(LogInterceptor.java:37)
	at org.activiti.engine.impl.cfg.CommandExecutorImpl.execute(CommandExecutorImpl.java:40)
	at org.activiti.engine.impl.cfg.CommandExecutorImpl.execute(CommandExecutorImpl.java:35)
	at org.activiti.engine.impl.AbstractQuery.singleResult(AbstractQuery.java:129)
	at org.activiti.engine.test.bpmn.subprocess.SubProcessTest.testDoubleNestedSimpleSubProcess(SubProcessTest.java:177)
	at sun.reflect.NativeMethodAccessorImpl.invoke0(Native Method)
	at sun.reflect.NativeMethodAccessorImpl.invoke(NativeMethodAccessorImpl.java:62)
	at sun.reflect.DelegatingMethodAccessorImpl.invoke(DelegatingMethodAccessorImpl.java:43)
	at java.lang.reflect.Method.invoke(Method.java:498)
	at junit.framework.TestCase.runTest(TestCase.java:176)
	at org.activiti.engine.impl.test.PvmTestCase.runTest(PvmTestCase.java:65)
	at junit.framework.TestCase.runBare(TestCase.java:141)
	at org.activiti.engine.impl.test.AbstractActivitiTestCase.runBare(AbstractActivitiTestCase.java:100)
	at junit.framework.TestResult$1.protect(TestResult.java:122)
	at junit.framework.TestResult.runProtected(TestResult.java:142)
	at junit.framework.TestResult.run(TestResult.java:125)
	at junit.framework.TestCase.run(TestCase.java:129)
	at junit.framework.TestSuite.runTest(TestSuite.java:255)
	at junit.framework.TestSuite.run(TestSuite.java:250)
	at org.junit.internal.runners.JUnit38ClassRunner.run(JUnit38ClassRunner.java:84)
	at org.apache.maven.surefire.junit4.JUnit4TestSet.execute(JUnit4TestSet.java:35)
	at org.apache.maven.surefire.junit4.JUnit4Provider.executeTestSet(JUnit4Provider.java:146)
	at org.apache.maven.surefire.junit4.JUnit4Provider.invoke(JUnit4Provider.java:97)
	at sun.reflect.NativeMethodAccessorImpl.invoke0(Native Method)
	at sun.reflect.NativeMethodAccessorImpl.invoke(NativeMethodAccessorImpl.java:62)
	at sun.reflect.DelegatingMethodAccessorImpl.invoke(DelegatingMethodAccessorImpl.java:43)
	at java.lang.reflect.Method.invoke(Method.java:498)
	at org.apache.maven.surefire.booter.ProviderFactory$ClassLoaderProxy.invoke(ProviderFactory.java:103)
	at com.sun.proxy.$Proxy0.invoke(Unknown Source)
	at org.apache.maven.surefire.booter.SurefireStarter.invokeProvider(SurefireStarter.java:145)
	at org.apache.maven.surefire.booter.SurefireStarter.runSuitesInProcess(SurefireStarter.java:87)
	at org.apache.maven.surefire.booter.ForkedBooter.main(ForkedBooter.java:69)
Caused by: org.h2.jdbc.JdbcSQLException: Syntax error in SQL statement &quot;SELECT DISTINCT RES.* 
       
    FROM ACT_RU_TASK RES
     
     
     
     
    
     
     
     
     WHERE  RES.PROC_INST_ID_ = ? 
   
    
     ORDER BY  ORDER[*] BY RES.ID_ ASC  
    LIMIT ? OFFSET ? &quot;; expected &quot;=, NOT, EXISTS, INTERSECTS, SELECT, FROM&quot;; SQL statement:
select distinct RES.* 
       
    from ACT_RU_TASK RES
     
     
     
     
    
     
     
     
     WHERE  RES.PROC_INST_ID_ = ? 
   
    
     order by  order by RES.ID_ asc  
    LIMIT ? OFFSET ? [42001-176]
	at org.h2.message.DbException.getJdbcSQLException(DbException.java:344)
	at org.h2.message.DbException.getSyntaxError(DbException.java:204)
	at org.h2.command.Parser.getSyntaxError(Parser.java:524)
	at org.h2.command.Parser.readTerm(Parser.java:2688)
	at org.h2.command.Parser.readFactor(Parser.java:2244)
	at org.h2.command.Parser.readSum(Parser.java:2231)
	at org.h2.command.Parser.readConcat(Parser.java:2201)
	at org.h2.command.Parser.readCondition(Parser.java:2051)
	at org.h2.command.Parser.readAnd(Parser.java:2023)
	at org.h2.command.Parser.readExpression(Parser.java:2015)
	at org.h2.command.Parser.parseEndOfQuery(Parser.java:1726)
	at org.h2.command.Parser.parseSelectUnionExtension(Parser.java:1706)
	at org.h2.command.Parser.parseSelectUnion(Parser.java:1675)
	at org.h2.command.Parser.parseSelect(Parser.java:1662)
	at org.h2.command.Parser.parsePrepared(Parser.java:434)
	at org.h2.command.Parser.parse(Parser.java:306)
	at org.h2.command.Parser.parse(Parser.java:282)
	at org.h2.command.Parser.prepareCommand(Parser.java:243)
	at org.h2.engine.Session.prepareLocal(Session.java:442)
	at org.h2.engine.Session.prepareCommand(Session.java:384)
	at org.h2.jdbc.JdbcConnection.prepareCommand(JdbcConnection.java:1188)
	at org.h2.jdbc.JdbcPreparedStatement.&lt;init&gt;(JdbcPreparedStatement.java:73)
	at org.h2.jdbc.JdbcConnection.prepareStatement(JdbcConnection.java:276)
	at sun.reflect.GeneratedMethodAccessor6.invoke(Unknown Source)
	at sun.reflect.DelegatingMethodAccessorImpl.invoke(DelegatingMethodAccessorImpl.java:43)
	at java.lang.reflect.Method.invoke(Method.java:498)
	at org.apache.ibatis.datasource.pooled.PooledConnection.invoke(PooledConnection.java:245)
	at com.sun.proxy.$Proxy12.prepareStatement(Unknown Source)
	at sun.reflect.GeneratedMethodAccessor6.invoke(Unknown Source)
	at sun.reflect.DelegatingMethodAccessorImpl.invoke(DelegatingMethodAccessorImpl.java:43)
	at java.lang.reflect.Method.invoke(Method.java:498)
	at org.apache.ibatis.logging.jdbc.ConnectionLogger.invoke(ConnectionLogger.java:55)
	at com.sun.proxy.$Proxy12.prepareStatement(Unknown Source)
	at org.apache.ibatis.executor.statement.PreparedStatementHandler.instantiateStatement(PreparedStatementHandler.java:79)
	at org.apache.ibatis.executor.statement.BaseStatementHandler.prepare(BaseStatementHandler.java:88)
	at org.apache.ibatis.executor.statement.RoutingStatementHandler.prepare(RoutingStatementHandler.java:58)
	at org.apache.ibatis.executor.SimpleExecutor.prepareStatement(SimpleExecutor.java:76)
	at org.apache.ibatis.executor.SimpleExecutor.doQuery(SimpleExecutor.java:61)
	at org.apache.ibatis.executor.BaseExecutor.queryFromDatabase(BaseExecutor.java:303)
	at org.apache.ibatis.executor.BaseExecutor.query(BaseExecutor.java:154)
	at org.apache.ibatis.executor.CachingExecutor.query(CachingExecutor.java:102)
	at org.apache.ibatis.executor.CachingExecutor.query(CachingExecutor.java:82)
	at org.apache.ibatis.session.defaults.DefaultSqlSession.selectList(DefaultSqlSession.java:120)
	... 41 more
10:47:09,616 [main] DEBUG org.activiti.engine.impl.test.TestHelper  - annotation @Deployment deletes deployment for SubProcessTest.testDoubleNestedSimpleSubProcess
10:47:09,616 [main] DEBUG org.activiti.engine.impl.interceptor.LogInterceptor  - 

10:47:09,616 [main] DEBUG org.activiti.engine.impl.interceptor.LogInterceptor  - --- starting DeleteDeploymentCmd --------------------------------------------------------
10:47:09,616 [main] DEBUG org.apache.ibatis.transaction.jdbc.JdbcTransaction  - Opening JDBC Connection
10:47:09,617 [main] DEBUG org.apache.ibatis.datasource.pooled.PooledDataSource  - Checked out connection 297240765 from pool.
10:47:09,617 [main] DEBUG org.apache.ibatis.transaction.jdbc.JdbcTransaction  - Setting autocommit to false on JDBC Connection [conn4: url=jdbc:h2:mem:activiti user=SA]
10:47:09,617 [main] DEBUG org.activiti.engine.impl.persistence.entity.DeploymentEntity.selectDeploymentById  - ==&gt;  Preparing: select * from ACT_RE_DEPLOYMENT where ID_ = ? 
10:47:09,617 [main] DEBUG org.activiti.engine.impl.persistence.entity.DeploymentEntity.selectDeploymentById  - ==&gt; Parameters: 97(String)
10:47:09,617 [main] DEBUG org.activiti.engine.impl.persistence.entity.DeploymentEntity.selectDeploymentById  - &lt;==      Total: 1
10:47:09,617 [main] DEBUG org.activiti.engine.impl.persistence.entity.ProcessDefinitionEntity.selectProcessDefinitionsByQueryCriteria  - ==&gt;  Preparing: select RES.* from ACT_RE_PROCDEF RES WHERE RES.DEPLOYMENT_ID_ = ? order by order by RES.ID_ asc LIMIT ? OFFSET ? 
10:47:09,617 [main] DEBUG org.activiti.engine.impl.interceptor.CommandContext  - Error while closing command context
org.apache.ibatis.exceptions.PersistenceException: 
### Error querying database.  Cause: org.h2.jdbc.JdbcSQLException: Syntax error in SQL statement &quot;SELECT RES.* 
       
    FROM ACT_RE_PROCDEF RES
     
     WHERE  RES.DEPLOYMENT_ID_ = ? 
   
     ORDER BY  ORDER[*] BY RES.ID_ ASC  
    LIMIT ? OFFSET ? &quot;; expected &quot;=, NOT, EXISTS, INTERSECTS, SELECT, FROM&quot;; SQL statement:
select RES.* 
       
    from ACT_RE_PROCDEF RES
     
     WHERE  RES.DEPLOYMENT_ID_ = ? 
   
     order by  order by RES.ID_ asc  
    LIMIT ? OFFSET ? [42001-176]
### The error may exist in org/activiti/db/mapping/entity/ProcessDefinition.xml
### The error may involve org.activiti.engine.impl.persistence.entity.ProcessDefinitionEntity.selectProcessDefinitionsByQueryCriteria
### The error occurred while executing a query
### SQL: select RES.*              from ACT_RE_PROCDEF RES            WHERE  RES.DEPLOYMENT_ID_ = ?           order by  order by RES.ID_ asc       LIMIT ? OFFSET ?
### Cause: org.h2.jdbc.JdbcSQLException: Syntax error in SQL statement &quot;SELECT RES.* 
       
    FROM ACT_RE_PROCDEF RES
     
     WHERE  RES.DEPLOYMENT_ID_ = ? 
   
     ORDER BY  ORDER[*] BY RES.ID_ ASC  
    LIMIT ? OFFSET ? &quot;; expected &quot;=, NOT, EXISTS, INTERSECTS, SELECT, FROM&quot;; SQL statement:
select RES.* 
       
    from ACT_RE_PROCDEF RES
     
     WHERE  RES.DEPLOYMENT_ID_ = ? 
   
     order by  order by RES.ID_ asc  
    LIMIT ? OFFSET ? [42001-176]
	at org.apache.ibatis.exceptions.ExceptionFactory.wrapException(ExceptionFactory.java:30)
	at org.apache.ibatis.session.defaults.DefaultSqlSession.selectList(DefaultSqlSession.java:122)
	at org.apache.ibatis.session.defaults.DefaultSqlSession.selectList(DefaultSqlSession.java:113)
	at org.activiti.engine.impl.db.DbSqlSession.selectListWithRawParameter(DbSqlSession.java:438)
	at org.activiti.engine.impl.db.DbSqlSession.selectList(DbSqlSession.java:429)
	at org.activiti.engine.impl.db.DbSqlSession.selectList(DbSqlSession.java:419)
	at org.activiti.engine.impl.persistence.entity.ProcessDefinitionEntityManager.findProcessDefinitionsByQueryCriteria(ProcessDefinitionEntityManager.java:57)
	at org.activiti.engine.impl.ProcessDefinitionQueryImpl.executeList(ProcessDefinitionQueryImpl.java:307)
	at org.activiti.engine.impl.AbstractQuery.list(AbstractQuery.java:140)
	at org.activiti.engine.impl.persistence.deploy.DeploymentManager.removeDeployment(DeploymentManager.java:187)
	at org.activiti.engine.impl.cmd.DeleteDeploymentCmd.execute(DeleteDeploymentCmd.java:44)
	at org.activiti.engine.impl.cmd.DeleteDeploymentCmd.execute(DeleteDeploymentCmd.java:24)
	at org.activiti.engine.impl.interceptor.CommandInvoker.execute(CommandInvoker.java:24)
	at org.activiti.engine.impl.interceptor.CommandContextInterceptor.execute(CommandContextInterceptor.java:57)
	at org.activiti.engine.impl.interceptor.LogInterceptor.execute(LogInterceptor.java:37)
	at org.activiti.engine.impl.cfg.CommandExecutorImpl.execute(CommandExecutorImpl.java:40)
	at org.activiti.engine.impl.cfg.CommandExecutorImpl.execute(CommandExecutorImpl.java:35)
	at org.activiti.engine.impl.RepositoryServiceImpl.deleteDeployment(RepositoryServiceImpl.java:90)
	at org.activiti.engine.impl.test.TestHelper.annotationDeploymentTearDown(TestHelper.java:116)
	at org.activiti.engine.impl.test.AbstractActivitiTestCase.runBare(AbstractActivitiTestCase.java:116)
	at junit.framework.TestResult$1.protect(TestResult.java:122)
	at junit.framework.TestResult.runProtected(TestResult.java:142)
	at junit.framework.TestResult.run(TestResult.java:125)
	at junit.framework.TestCase.run(TestCase.java:129)
	at junit.framework.TestSuite.runTest(TestSuite.java:255)
	at junit.framework.TestSuite.run(TestSuite.java:250)
	at org.junit.internal.runners.JUnit38ClassRunner.run(JUnit38ClassRunner.java:84)
	at org.apache.maven.surefire.junit4.JUnit4TestSet.execute(JUnit4TestSet.java:35)
	at org.apache.maven.surefire.junit4.JUnit4Provider.executeTestSet(JUnit4Provider.java:146)
	at org.apache.maven.surefire.junit4.JUnit4Provider.invoke(JUnit4Provider.java:97)
	at sun.reflect.NativeMethodAccessorImpl.invoke0(Native Method)
	at sun.reflect.NativeMethodAccessorImpl.invoke(NativeMethodAccessorImpl.java:62)
	at sun.reflect.DelegatingMethodAccessorImpl.invoke(DelegatingMethodAccessorImpl.java:43)
	at java.lang.reflect.Method.invoke(Method.java:498)
	at org.apache.maven.surefire.booter.ProviderFactory$ClassLoaderProxy.invoke(ProviderFactory.java:103)
	at com.sun.proxy.$Proxy0.invoke(Unknown Source)
	at org.apache.maven.surefire.booter.SurefireStarter.invokeProvider(SurefireStarter.java:145)
	at org.apache.maven.surefire.booter.SurefireStarter.runSuitesInProcess(SurefireStarter.java:87)
	at org.apache.maven.surefire.booter.ForkedBooter.main(ForkedBooter.java:69)
Caused by: org.h2.jdbc.JdbcSQLException: Syntax error in SQL statement &quot;SELECT RES.* 
       
    FROM ACT_RE_PROCDEF RES
     
     WHERE  RES.DEPLOYMENT_ID_ = ? 
   
     ORDER BY  ORDER[*] BY RES.ID_ ASC  
    LIMIT ? OFFSET ? &quot;; expected &quot;=, NOT, EXISTS, INTERSECTS, SELECT, FROM&quot;; SQL statement:
select RES.* 
       
    from ACT_RE_PROCDEF RES
     
     WHERE  RES.DEPLOYMENT_ID_ = ? 
   
     order by  order by RES.ID_ asc  
    LIMIT ? OFFSET ? [42001-176]
	at org.h2.message.DbException.getJdbcSQLException(DbException.java:344)
	at org.h2.message.DbException.getSyntaxError(DbException.java:204)
	at org.h2.command.Parser.getSyntaxError(Parser.java:524)
	at org.h2.command.Parser.readTerm(Parser.java:2688)
	at org.h2.command.Parser.readFactor(Parser.java:2244)
	at org.h2.command.Parser.readSum(Parser.java:2231)
	at org.h2.command.Parser.readConcat(Parser.java:2201)
	at org.h2.command.Parser.readCondition(Parser.java:2051)
	at org.h2.command.Parser.readAnd(Parser.java:2023)
	at org.h2.command.Parser.readExpression(Parser.java:2015)
	at org.h2.command.Parser.parseEndOfQuery(Parser.java:1726)
	at org.h2.command.Parser.parseSelectUnionExtension(Parser.java:1706)
	at org.h2.command.Parser.parseSelectUnion(Parser.java:1675)
	at org.h2.command.Parser.parseSelect(Parser.java:1662)
	at org.h2.command.Parser.parsePrepared(Parser.java:434)
	at org.h2.command.Parser.parse(Parser.java:306)
	at org.h2.command.Parser.parse(Parser.java:282)
	at org.h2.command.Parser.prepareCommand(Parser.java:243)
	at org.h2.engine.Session.prepareLocal(Session.java:442)
	at org.h2.engine.Session.prepareCommand(Session.java:384)
	at org.h2.jdbc.JdbcConnection.prepareCommand(JdbcConnection.java:1188)
	at org.h2.jdbc.JdbcPreparedStatement.&lt;init&gt;(JdbcPreparedStatement.java:73)
	at org.h2.jdbc.JdbcConnection.prepareStatement(JdbcConnection.java:276)
	at sun.reflect.GeneratedMethodAccessor6.invoke(Unknown Source)
	at sun.reflect.DelegatingMethodAccessorImpl.invoke(DelegatingMethodAccessorImpl.java:43)
	at java.lang.reflect.Method.invoke(Method.java:498)
	at org.apache.ibatis.datasource.pooled.PooledConnection.invoke(PooledConnection.java:245)
	at com.sun.proxy.$Proxy12.prepareStatement(Unknown Source)
	at sun.reflect.GeneratedMethodAccessor6.invoke(Unknown Source)
	at sun.reflect.DelegatingMethodAccessorImpl.invoke(DelegatingMethodAccessorImpl.java:43)
	at java.lang.reflect.Method.invoke(Method.java:498)
	at org.apache.ibatis.logging.jdbc.ConnectionLogger.invoke(ConnectionLogger.java:55)
	at com.sun.proxy.$Proxy12.prepareStatement(Unknown Source)
	at org.apache.ibatis.executor.statement.PreparedStatementHandler.instantiateStatement(PreparedStatementHandler.java:79)
	at org.apache.ibatis.executor.statement.BaseStatementHandler.prepare(BaseStatementHandler.java:88)
	at org.apache.ibatis.executor.statement.RoutingStatementHandler.prepare(RoutingStatementHandler.java:58)
	at org.apache.ibatis.executor.SimpleExecutor.prepareStatement(SimpleExecutor.java:76)
	at org.apache.ibatis.executor.SimpleExecutor.doQuery(SimpleExecutor.java:61)
	at org.apache.ibatis.executor.BaseExecutor.queryFromDatabase(BaseExecutor.java:303)
	at org.apache.ibatis.executor.BaseExecutor.query(BaseExecutor.java:154)
	at org.apache.ibatis.executor.CachingExecutor.query(CachingExecutor.java:102)
	at org.apache.ibatis.executor.CachingExecutor.query(CachingExecutor.java:82)
	at org.apache.ibatis.session.defaults.DefaultSqlSession.selectList(DefaultSqlSession.java:120)
	... 37 more
10:47:09,617 [main] DEBUG org.activiti.engine.impl.cfg.standalone.StandaloneMybatisTransactionContext  - firing event rolling back...
10:47:09,618 [main] DEBUG org.activiti.engine.impl.cfg.standalone.StandaloneMybatisTransactionContext  - rolling back ibatis sql session...
10:47:09,618 [main] DEBUG org.activiti.engine.impl.cfg.standalone.StandaloneMybatisTransactionContext  - firing event rolled back...
10:47:09,618 [main] DEBUG org.apache.ibatis.transaction.jdbc.JdbcTransaction  - Resetting autocommit to true on JDBC Connection [conn4: url=jdbc:h2:mem:activiti user=SA]
10:47:09,618 [main] DEBUG org.apache.ibatis.transaction.jdbc.JdbcTransaction  - Closing JDBC Connection [conn4: url=jdbc:h2:mem:activiti user=SA]
10:47:09,618 [main] DEBUG org.apache.ibatis.datasource.pooled.PooledDataSource  - Returned connection 297240765 to pool.
10:47:09,618 [main] DEBUG org.activiti.engine.impl.interceptor.LogInterceptor  - --- DeleteDeploymentCmd finished --------------------------------------------------------
10:47:09,618 [main] DEBUG org.activiti.engine.impl.interceptor.LogInterceptor  - 

</system-out>
  </testcase>
  <testcase classname="org.activiti.engine.test.bpmn.subprocess.SubProcessTest" name="testTwoSubProcessInParallelWithinSubProcess" time="0.015">
    <error message="
### Error querying database.  Cause: org.h2.jdbc.JdbcSQLException: Syntax error in SQL statement &quot;SELECT RES.* 
       
    FROM ACT_RE_PROCDEF RES
     
     WHERE  RES.DEPLOYMENT_ID_ = ? 
   
     ORDER BY  ORDER[*] BY RES.ID_ ASC  
    LIMIT ? OFFSET ? &quot;; expected &quot;=, NOT, EXISTS, INTERSECTS, SELECT, FROM&quot;; SQL statement:
select RES.* 
       
    from ACT_RE_PROCDEF RES
     
     WHERE  RES.DEPLOYMENT_ID_ = ? 
   
     order by  order by RES.ID_ asc  
    LIMIT ? OFFSET ? [42001-176]
### The error may exist in org/activiti/db/mapping/entity/ProcessDefinition.xml
### The error may involve org.activiti.engine.impl.persistence.entity.ProcessDefinitionEntity.selectProcessDefinitionsByQueryCriteria
### The error occurred while executing a query
### SQL: select RES.*              from ACT_RE_PROCDEF RES            WHERE  RES.DEPLOYMENT_ID_ = ?           order by  order by RES.ID_ asc       LIMIT ? OFFSET ?
### Cause: org.h2.jdbc.JdbcSQLException: Syntax error in SQL statement &quot;SELECT RES.* 
       
    FROM ACT_RE_PROCDEF RES
     
     WHERE  RES.DEPLOYMENT_ID_ = ? 
   
     ORDER BY  ORDER[*] BY RES.ID_ ASC  
    LIMIT ? OFFSET ? &quot;; expected &quot;=, NOT, EXISTS, INTERSECTS, SELECT, FROM&quot;; SQL statement:
select RES.* 
       
    from ACT_RE_PROCDEF RES
     
     WHERE  RES.DEPLOYMENT_ID_ = ? 
   
     order by  order by RES.ID_ asc  
    LIMIT ? OFFSET ? [42001-176]" type="org.apache.ibatis.exceptions.PersistenceException">org.apache.ibatis.exceptions.PersistenceException: 
### Error querying database.  Cause: org.h2.jdbc.JdbcSQLException: Syntax error in SQL statement &quot;SELECT RES.* 
       
    FROM ACT_RE_PROCDEF RES
     
     WHERE  RES.DEPLOYMENT_ID_ = ? 
   
     ORDER BY  ORDER[*] BY RES.ID_ ASC  
    LIMIT ? OFFSET ? &quot;; expected &quot;=, NOT, EXISTS, INTERSECTS, SELECT, FROM&quot;; SQL statement:
select RES.* 
       
    from ACT_RE_PROCDEF RES
     
     WHERE  RES.DEPLOYMENT_ID_ = ? 
   
     order by  order by RES.ID_ asc  
    LIMIT ? OFFSET ? [42001-176]
### The error may exist in org/activiti/db/mapping/entity/ProcessDefinition.xml
### The error may involve org.activiti.engine.impl.persistence.entity.ProcessDefinitionEntity.selectProcessDefinitionsByQueryCriteria
### The error occurred while executing a query
### SQL: select RES.*              from ACT_RE_PROCDEF RES            WHERE  RES.DEPLOYMENT_ID_ = ?           order by  order by RES.ID_ asc       LIMIT ? OFFSET ?
### Cause: org.h2.jdbc.JdbcSQLException: Syntax error in SQL statement &quot;SELECT RES.* 
       
    FROM ACT_RE_PROCDEF RES
     
     WHERE  RES.DEPLOYMENT_ID_ = ? 
   
     ORDER BY  ORDER[*] BY RES.ID_ ASC  
    LIMIT ? OFFSET ? &quot;; expected &quot;=, NOT, EXISTS, INTERSECTS, SELECT, FROM&quot;; SQL statement:
select RES.* 
       
    from ACT_RE_PROCDEF RES
     
     WHERE  RES.DEPLOYMENT_ID_ = ? 
   
     order by  order by RES.ID_ asc  
    LIMIT ? OFFSET ? [42001-176]
	at org.apache.ibatis.exceptions.ExceptionFactory.wrapException(ExceptionFactory.java:30)
	at org.apache.ibatis.session.defaults.DefaultSqlSession.selectList(DefaultSqlSession.java:122)
	at org.apache.ibatis.session.defaults.DefaultSqlSession.selectList(DefaultSqlSession.java:113)
	at org.activiti.engine.impl.db.DbSqlSession.selectListWithRawParameter(DbSqlSession.java:438)
	at org.activiti.engine.impl.db.DbSqlSession.selectList(DbSqlSession.java:429)
	at org.activiti.engine.impl.db.DbSqlSession.selectList(DbSqlSession.java:419)
	at org.activiti.engine.impl.persistence.entity.ProcessDefinitionEntityManager.findProcessDefinitionsByQueryCriteria(ProcessDefinitionEntityManager.java:57)
	at org.activiti.engine.impl.ProcessDefinitionQueryImpl.executeList(ProcessDefinitionQueryImpl.java:307)
	at org.activiti.engine.impl.AbstractQuery.list(AbstractQuery.java:140)
	at org.activiti.engine.impl.persistence.deploy.DeploymentManager.removeDeployment(DeploymentManager.java:187)
	at org.activiti.engine.impl.cmd.DeleteDeploymentCmd.execute(DeleteDeploymentCmd.java:44)
	at org.activiti.engine.impl.cmd.DeleteDeploymentCmd.execute(DeleteDeploymentCmd.java:24)
	at org.activiti.engine.impl.interceptor.CommandInvoker.execute(CommandInvoker.java:24)
	at org.activiti.engine.impl.interceptor.CommandContextInterceptor.execute(CommandContextInterceptor.java:57)
	at org.activiti.engine.impl.interceptor.LogInterceptor.execute(LogInterceptor.java:37)
	at org.activiti.engine.impl.cfg.CommandExecutorImpl.execute(CommandExecutorImpl.java:40)
	at org.activiti.engine.impl.cfg.CommandExecutorImpl.execute(CommandExecutorImpl.java:35)
	at org.activiti.engine.impl.RepositoryServiceImpl.deleteDeployment(RepositoryServiceImpl.java:90)
	at org.activiti.engine.impl.test.TestHelper.annotationDeploymentTearDown(TestHelper.java:116)
	at org.activiti.engine.impl.test.AbstractActivitiTestCase.runBare(AbstractActivitiTestCase.java:116)
	at junit.framework.TestResult$1.protect(TestResult.java:122)
	at junit.framework.TestResult.runProtected(TestResult.java:142)
	at junit.framework.TestResult.run(TestResult.java:125)
	at junit.framework.TestCase.run(TestCase.java:129)
	at junit.framework.TestSuite.runTest(TestSuite.java:255)
	at junit.framework.TestSuite.run(TestSuite.java:250)
	at org.junit.internal.runners.JUnit38ClassRunner.run(JUnit38ClassRunner.java:84)
	at org.apache.maven.surefire.junit4.JUnit4TestSet.execute(JUnit4TestSet.java:35)
	at org.apache.maven.surefire.junit4.JUnit4Provider.executeTestSet(JUnit4Provider.java:146)
	at org.apache.maven.surefire.junit4.JUnit4Provider.invoke(JUnit4Provider.java:97)
	at sun.reflect.NativeMethodAccessorImpl.invoke0(Native Method)
	at sun.reflect.NativeMethodAccessorImpl.invoke(NativeMethodAccessorImpl.java:62)
	at sun.reflect.DelegatingMethodAccessorImpl.invoke(DelegatingMethodAccessorImpl.java:43)
	at java.lang.reflect.Method.invoke(Method.java:498)
	at org.apache.maven.surefire.booter.ProviderFactory$ClassLoaderProxy.invoke(ProviderFactory.java:103)
	at com.sun.proxy.$Proxy0.invoke(Unknown Source)
	at org.apache.maven.surefire.booter.SurefireStarter.invokeProvider(SurefireStarter.java:145)
	at org.apache.maven.surefire.booter.SurefireStarter.runSuitesInProcess(SurefireStarter.java:87)
	at org.apache.maven.surefire.booter.ForkedBooter.main(ForkedBooter.java:69)
Caused by: org.h2.jdbc.JdbcSQLException: Syntax error in SQL statement &quot;SELECT RES.* 
       
    FROM ACT_RE_PROCDEF RES
     
     WHERE  RES.DEPLOYMENT_ID_ = ? 
   
     ORDER BY  ORDER[*] BY RES.ID_ ASC  
    LIMIT ? OFFSET ? &quot;; expected &quot;=, NOT, EXISTS, INTERSECTS, SELECT, FROM&quot;; SQL statement:
select RES.* 
       
    from ACT_RE_PROCDEF RES
     
     WHERE  RES.DEPLOYMENT_ID_ = ? 
   
     order by  order by RES.ID_ asc  
    LIMIT ? OFFSET ? [42001-176]
	at org.h2.message.DbException.getJdbcSQLException(DbException.java:344)
	at org.h2.message.DbException.getSyntaxError(DbException.java:204)
	at org.h2.command.Parser.getSyntaxError(Parser.java:524)
	at org.h2.command.Parser.readTerm(Parser.java:2688)
	at org.h2.command.Parser.readFactor(Parser.java:2244)
	at org.h2.command.Parser.readSum(Parser.java:2231)
	at org.h2.command.Parser.readConcat(Parser.java:2201)
	at org.h2.command.Parser.readCondition(Parser.java:2051)
	at org.h2.command.Parser.readAnd(Parser.java:2023)
	at org.h2.command.Parser.readExpression(Parser.java:2015)
	at org.h2.command.Parser.parseEndOfQuery(Parser.java:1726)
	at org.h2.command.Parser.parseSelectUnionExtension(Parser.java:1706)
	at org.h2.command.Parser.parseSelectUnion(Parser.java:1675)
	at org.h2.command.Parser.parseSelect(Parser.java:1662)
	at org.h2.command.Parser.parsePrepared(Parser.java:434)
	at org.h2.command.Parser.parse(Parser.java:306)
	at org.h2.command.Parser.parse(Parser.java:282)
	at org.h2.command.Parser.prepareCommand(Parser.java:243)
	at org.h2.engine.Session.prepareLocal(Session.java:442)
	at org.h2.engine.Session.prepareCommand(Session.java:384)
	at org.h2.jdbc.JdbcConnection.prepareCommand(JdbcConnection.java:1188)
	at org.h2.jdbc.JdbcPreparedStatement.&lt;init&gt;(JdbcPreparedStatement.java:73)
	at org.h2.jdbc.JdbcConnection.prepareStatement(JdbcConnection.java:276)
	at sun.reflect.GeneratedMethodAccessor6.invoke(Unknown Source)
	at sun.reflect.DelegatingMethodAccessorImpl.invoke(DelegatingMethodAccessorImpl.java:43)
	at java.lang.reflect.Method.invoke(Method.java:498)
	at org.apache.ibatis.datasource.pooled.PooledConnection.invoke(PooledConnection.java:245)
	at com.sun.proxy.$Proxy12.prepareStatement(Unknown Source)
	at sun.reflect.GeneratedMethodAccessor6.invoke(Unknown Source)
	at sun.reflect.DelegatingMethodAccessorImpl.invoke(DelegatingMethodAccessorImpl.java:43)
	at java.lang.reflect.Method.invoke(Method.java:498)
	at org.apache.ibatis.logging.jdbc.ConnectionLogger.invoke(ConnectionLogger.java:55)
	at com.sun.proxy.$Proxy12.prepareStatement(Unknown Source)
	at org.apache.ibatis.executor.statement.PreparedStatementHandler.instantiateStatement(PreparedStatementHandler.java:79)
	at org.apache.ibatis.executor.statement.BaseStatementHandler.prepare(BaseStatementHandler.java:88)
	at org.apache.ibatis.executor.statement.RoutingStatementHandler.prepare(RoutingStatementHandler.java:58)
	at org.apache.ibatis.executor.SimpleExecutor.prepareStatement(SimpleExecutor.java:76)
	at org.apache.ibatis.executor.SimpleExecutor.doQuery(SimpleExecutor.java:61)
	at org.apache.ibatis.executor.BaseExecutor.queryFromDatabase(BaseExecutor.java:303)
	at org.apache.ibatis.executor.BaseExecutor.query(BaseExecutor.java:154)
	at org.apache.ibatis.executor.CachingExecutor.query(CachingExecutor.java:102)
	at org.apache.ibatis.executor.CachingExecutor.query(CachingExecutor.java:82)
	at org.apache.ibatis.session.defaults.DefaultSqlSession.selectList(DefaultSqlSession.java:120)
	... 37 more
</error>
    <system-out>10:47:09,618 [main] DEBUG org.activiti.engine.impl.test.TestHelper  - annotation @Deployment creates deployment for SubProcessTest.testTwoSubProcessInParallelWithinSubProcess
10:47:09,620 [main] DEBUG org.activiti.engine.impl.interceptor.LogInterceptor  - 

10:47:09,620 [main] DEBUG org.activiti.engine.impl.interceptor.LogInterceptor  - --- starting DeployCmd --------------------------------------------------------
10:47:09,620 [main] DEBUG org.activiti.engine.impl.bpmn.deployer.BpmnDeployer  - Processing deployment SubProcessTest.testTwoSubProcessInParallelWithinSubProcess
10:47:09,620 [main] INFO  org.activiti.engine.impl.bpmn.deployer.BpmnDeployer  - Processing resource org/activiti/engine/test/bpmn/subprocess/SubProcessTest.testTwoSubProcessInParallelWithinSubProcess.bpmn20.xml
10:47:09,625 [main] DEBUG org.activiti.engine.impl.bpmn.parser.handler.ProcessParseHandler  - Parsing process twoSubProcessInParallelWithinSubProcess
10:47:09,625 [main] DEBUG org.activiti.engine.impl.bpmn.parser.handler.AbstractBpmnParseHandler  - Parsing activity outerSubProcess
10:47:09,625 [main] DEBUG org.activiti.engine.impl.bpmn.parser.handler.AbstractBpmnParseHandler  - Parsing activity fork
10:47:09,625 [main] DEBUG org.activiti.engine.impl.bpmn.parser.handler.AbstractBpmnParseHandler  - Parsing activity subProcessA
10:47:09,625 [main] DEBUG org.activiti.engine.impl.bpmn.parser.handler.AbstractBpmnParseHandler  - Parsing activity subProcessATask
10:47:09,625 [main] DEBUG org.activiti.engine.impl.bpmn.parser.handler.AbstractBpmnParseHandler  - Parsing activity subProcessAStart
10:47:09,625 [main] DEBUG org.activiti.engine.impl.bpmn.parser.handler.AbstractBpmnParseHandler  - Parsing activity subProcessAEnd
10:47:09,625 [main] DEBUG org.activiti.engine.impl.bpmn.parser.handler.AbstractBpmnParseHandler  - Parsing activity subProcessB
10:47:09,625 [main] DEBUG org.activiti.engine.impl.bpmn.parser.handler.AbstractBpmnParseHandler  - Parsing activity subProcessBTask
10:47:09,625 [main] DEBUG org.activiti.engine.impl.bpmn.parser.handler.AbstractBpmnParseHandler  - Parsing activity subProcessBStart
10:47:09,626 [main] DEBUG org.activiti.engine.impl.bpmn.parser.handler.AbstractBpmnParseHandler  - Parsing activity subProcessBEnd
10:47:09,626 [main] DEBUG org.activiti.engine.impl.bpmn.parser.handler.AbstractBpmnParseHandler  - Parsing activity join
10:47:09,626 [main] DEBUG org.activiti.engine.impl.bpmn.parser.handler.AbstractBpmnParseHandler  - Parsing activity outerSubProcessStart
10:47:09,626 [main] DEBUG org.activiti.engine.impl.bpmn.parser.handler.AbstractBpmnParseHandler  - Parsing activity outerSubProcessEnd
10:47:09,626 [main] DEBUG org.activiti.engine.impl.bpmn.parser.handler.AbstractBpmnParseHandler  - Parsing activity taskAfterSubProcess
10:47:09,626 [main] DEBUG org.activiti.engine.impl.bpmn.parser.handler.AbstractBpmnParseHandler  - Parsing activity theStart
10:47:09,626 [main] DEBUG org.activiti.engine.impl.bpmn.parser.handler.AbstractBpmnParseHandler  - Parsing activity theEnd
10:47:09,626 [main] DEBUG org.apache.ibatis.transaction.jdbc.JdbcTransaction  - Opening JDBC Connection
10:47:09,626 [main] DEBUG org.apache.ibatis.datasource.pooled.PooledDataSource  - Checked out connection 363509958 from pool.
10:47:09,626 [main] DEBUG org.apache.ibatis.transaction.jdbc.JdbcTransaction  - Setting autocommit to false on JDBC Connection [conn2: url=jdbc:h2:mem:activiti user=SA]
10:47:09,626 [main] DEBUG org.activiti.engine.impl.persistence.entity.ProcessDefinitionEntity.selectLatestProcessDefinitionByKey  - ==&gt;  Preparing: select * from ACT_RE_PROCDEF where KEY_ = ? and (TENANT_ID_ = &apos;&apos; or TENANT_ID_ is null) and VERSION_ = (select max(VERSION_) from ACT_RE_PROCDEF where KEY_ = ? and (TENANT_ID_ = &apos;&apos; or TENANT_ID_ is null)) 
10:47:09,626 [main] DEBUG org.activiti.engine.impl.persistence.entity.ProcessDefinitionEntity.selectLatestProcessDefinitionByKey  - ==&gt; Parameters: twoSubProcessInParallelWithinSubProcess(String), twoSubProcessInParallelWithinSubProcess(String)
10:47:09,626 [main] DEBUG org.activiti.engine.impl.persistence.entity.ProcessDefinitionEntity.selectLatestProcessDefinitionByKey  - &lt;==      Total: 0
10:47:09,626 [main] DEBUG org.activiti.engine.impl.persistence.entity.JobEntity.selectJobByTypeAndProcessDefinitionKeyNoTenantId  - ==&gt;  Preparing: select J.* from ACT_RU_JOB J inner join ACT_RE_PROCDEF P on J.PROC_DEF_ID_ = P.ID_ where J.HANDLER_TYPE_ = ? and P.KEY_ = ? and (P.TENANT_ID_ = &apos;&apos; or P.TENANT_ID_ is null) 
10:47:09,626 [main] DEBUG org.activiti.engine.impl.persistence.entity.JobEntity.selectJobByTypeAndProcessDefinitionKeyNoTenantId  - ==&gt; Parameters: timer-start-event(String), twoSubProcessInParallelWithinSubProcess(String)
10:47:09,626 [main] DEBUG org.activiti.engine.impl.persistence.entity.JobEntity.selectJobByTypeAndProcessDefinitionKeyNoTenantId  - &lt;==      Total: 0
10:47:09,626 [main] DEBUG org.activiti.engine.impl.persistence.entity.ProcessDefinitionInfoEntity.selectProcessDefinitionInfoByProcessDefinitionId  - ==&gt;  Preparing: select * from ACT_PROCDEF_INFO where PROC_DEF_ID_ = ? 
10:47:09,626 [main] DEBUG org.activiti.engine.impl.persistence.entity.ProcessDefinitionInfoEntity.selectProcessDefinitionInfoByProcessDefinitionId  - ==&gt; Parameters: twoSubProcessInParallelWithinSubProcess:1:115(String)
10:47:09,626 [main] DEBUG org.activiti.engine.impl.persistence.entity.ProcessDefinitionInfoEntity.selectProcessDefinitionInfoByProcessDefinitionId  - &lt;==      Total: 0
10:47:09,626 [main] DEBUG org.activiti.engine.impl.interceptor.LogInterceptor  - 

10:47:09,626 [main] DEBUG org.activiti.engine.impl.interceptor.LogInterceptor  - --- starting GetProcessDefinitionInfoCmd --------------------------------------------------------
10:47:09,626 [main] DEBUG org.activiti.engine.impl.interceptor.CommandContextInterceptor  - Valid context found. Reusing it for the current command &apos;org.activiti.engine.impl.cmd.GetProcessDefinitionInfoCmd&apos;
10:47:09,626 [main] DEBUG org.activiti.engine.impl.interceptor.LogInterceptor  - 

10:47:09,626 [main] DEBUG org.activiti.engine.impl.interceptor.LogInterceptor  - --- starting  --------------------------------------------------------
10:47:09,626 [main] DEBUG org.activiti.engine.impl.interceptor.CommandContextInterceptor  - Valid context found. Reusing it for the current command &apos;null&apos;
10:47:09,626 [main] DEBUG org.activiti.engine.impl.interceptor.LogInterceptor  - ---  finished --------------------------------------------------------
10:47:09,626 [main] DEBUG org.activiti.engine.impl.interceptor.LogInterceptor  - 

10:47:09,626 [main] DEBUG org.activiti.engine.impl.interceptor.LogInterceptor  - --- GetProcessDefinitionInfoCmd finished --------------------------------------------------------
10:47:09,626 [main] DEBUG org.activiti.engine.impl.interceptor.LogInterceptor  - 

10:47:09,626 [main] DEBUG org.activiti.engine.impl.db.DbSqlSession  -   insert ResourceEntity[id=114, name=org/activiti/engine/test/bpmn/subprocess/SubProcessTest.testTwoSubProcessInParallelWithinSubProcess.bpmn20.xml]
10:47:09,626 [main] DEBUG org.activiti.engine.impl.db.DbSqlSession  -   insert DeploymentEntity[id=113, name=SubProcessTest.testTwoSubProcessInParallelWithinSubProcess]
10:47:09,627 [main] DEBUG org.activiti.engine.impl.db.DbSqlSession  -   insert ProcessDefinitionEntity[twoSubProcessInParallelWithinSubProcess:1:115]
10:47:09,627 [main] DEBUG org.activiti.engine.impl.db.DbSqlSession  - flush summary: 3 insert, 0 update, 0 delete.
10:47:09,627 [main] DEBUG org.activiti.engine.impl.db.DbSqlSession  - now executing flush...
10:47:09,627 [main] DEBUG org.activiti.engine.impl.db.DbSqlSession  - inserting: ProcessDefinitionEntity[twoSubProcessInParallelWithinSubProcess:1:115]
10:47:09,627 [main] DEBUG org.activiti.engine.impl.persistence.entity.ProcessDefinitionEntity.insertProcessDefinition  - ==&gt;  Preparing: insert into ACT_RE_PROCDEF(ID_, REV_, CATEGORY_, NAME_, KEY_, VERSION_, DEPLOYMENT_ID_, RESOURCE_NAME_, DGRM_RESOURCE_NAME_, DESCRIPTION_, HAS_START_FORM_KEY_, HAS_GRAPHICAL_NOTATION_ , SUSPENSION_STATE_, TENANT_ID_) values (?, 1, ?, ?, ?, ?, ?, ?, ?, ?, ?, ?, ?, ?) 
10:47:09,627 [main] DEBUG org.activiti.engine.impl.persistence.entity.ProcessDefinitionEntity.insertProcessDefinition  - ==&gt; Parameters: twoSubProcessInParallelWithinSubProcess:1:115(String), Examples(String), null, twoSubProcessInParallelWithinSubProcess(String), 1(Integer), 113(String), org/activiti/engine/test/bpmn/subprocess/SubProcessTest.testTwoSubProcessInParallelWithinSubProcess.bpmn20.xml(String), null, null, false(Boolean), false(Boolean), 1(Integer), (String)
10:47:09,627 [main] DEBUG org.activiti.engine.impl.persistence.entity.ProcessDefinitionEntity.insertProcessDefinition  - &lt;==    Updates: 1
10:47:09,627 [main] DEBUG org.activiti.engine.impl.db.DbSqlSession  - inserting: DeploymentEntity[id=113, name=SubProcessTest.testTwoSubProcessInParallelWithinSubProcess]
10:47:09,627 [main] DEBUG org.activiti.engine.impl.persistence.entity.DeploymentEntity.insertDeployment  - ==&gt;  Preparing: insert into ACT_RE_DEPLOYMENT(ID_, NAME_, CATEGORY_, TENANT_ID_, DEPLOY_TIME_) values(?, ?, ?, ?, ?) 
10:47:09,627 [main] DEBUG org.activiti.engine.impl.persistence.entity.DeploymentEntity.insertDeployment  - ==&gt; Parameters: 113(String), SubProcessTest.testTwoSubProcessInParallelWithinSubProcess(String), null, (String), 2023-03-20 10:46:46.742(Timestamp)
10:47:09,627 [main] DEBUG org.activiti.engine.impl.persistence.entity.DeploymentEntity.insertDeployment  - &lt;==    Updates: 1
10:47:09,627 [main] DEBUG org.activiti.engine.impl.db.DbSqlSession  - inserting: ResourceEntity[id=114, name=org/activiti/engine/test/bpmn/subprocess/SubProcessTest.testTwoSubProcessInParallelWithinSubProcess.bpmn20.xml]
10:47:09,627 [main] DEBUG org.activiti.engine.impl.persistence.entity.ResourceEntity.insertResource  - ==&gt;  Preparing: insert into ACT_GE_BYTEARRAY(ID_, REV_, NAME_, BYTES_, DEPLOYMENT_ID_, GENERATED_) values (?, 1, ?, ?, ?, ?) 
10:47:09,627 [main] DEBUG org.activiti.engine.impl.persistence.entity.ResourceEntity.insertResource  - ==&gt; Parameters: 114(String), org/activiti/engine/test/bpmn/subprocess/SubProcessTest.testTwoSubProcessInParallelWithinSubProcess.bpmn20.xml(String), java.io.ByteArrayInputStream@1bbdd833(ByteArrayInputStream), 113(String), false(Boolean)
10:47:09,627 [main] DEBUG org.activiti.engine.impl.persistence.entity.ResourceEntity.insertResource  - &lt;==    Updates: 1
10:47:09,627 [main] DEBUG org.activiti.engine.impl.cfg.standalone.StandaloneMybatisTransactionContext  - firing event committing...
10:47:09,627 [main] DEBUG org.activiti.engine.impl.cfg.standalone.StandaloneMybatisTransactionContext  - committing the ibatis sql session...
10:47:09,627 [main] DEBUG org.apache.ibatis.transaction.jdbc.JdbcTransaction  - Committing JDBC Connection [conn2: url=jdbc:h2:mem:activiti user=SA]
10:47:09,627 [main] DEBUG org.activiti.engine.impl.cfg.standalone.StandaloneMybatisTransactionContext  - firing event committed...
10:47:09,627 [main] DEBUG org.apache.ibatis.transaction.jdbc.JdbcTransaction  - Resetting autocommit to true on JDBC Connection [conn2: url=jdbc:h2:mem:activiti user=SA]
10:47:09,627 [main] DEBUG org.apache.ibatis.transaction.jdbc.JdbcTransaction  - Closing JDBC Connection [conn2: url=jdbc:h2:mem:activiti user=SA]
10:47:09,627 [main] DEBUG org.apache.ibatis.datasource.pooled.PooledDataSource  - Returned connection 363509958 to pool.
10:47:09,627 [main] DEBUG org.activiti.engine.impl.interceptor.LogInterceptor  - --- DeployCmd finished --------------------------------------------------------
10:47:09,627 [main] DEBUG org.activiti.engine.impl.interceptor.LogInterceptor  - 

10:47:09,627 [main] DEBUG org.activiti.engine.impl.test.PvmTestCase  - 

10:47:09,627 [main] DEBUG org.activiti.engine.impl.test.PvmTestCase  - #### START SubProcessTest.testTwoSubProcessInParallelWithinSubProcess ###########################################################
10:47:09,627 [main] DEBUG org.activiti.engine.impl.interceptor.LogInterceptor  - 

10:47:09,627 [main] DEBUG org.activiti.engine.impl.interceptor.LogInterceptor  - --- starting StartProcessInstanceCmd --------------------------------------------------------
10:47:09,627 [main] DEBUG org.apache.ibatis.transaction.jdbc.JdbcTransaction  - Opening JDBC Connection
10:47:09,627 [main] DEBUG org.apache.ibatis.datasource.pooled.PooledDataSource  - Checked out connection 180014677 from pool.
10:47:09,627 [main] DEBUG org.apache.ibatis.transaction.jdbc.JdbcTransaction  - Setting autocommit to false on JDBC Connection [conn3: url=jdbc:h2:mem:activiti user=SA]
10:47:09,627 [main] DEBUG org.activiti.engine.impl.persistence.entity.ProcessDefinitionEntity.selectLatestProcessDefinitionByKey  - ==&gt;  Preparing: select * from ACT_RE_PROCDEF where KEY_ = ? and (TENANT_ID_ = &apos;&apos; or TENANT_ID_ is null) and VERSION_ = (select max(VERSION_) from ACT_RE_PROCDEF where KEY_ = ? and (TENANT_ID_ = &apos;&apos; or TENANT_ID_ is null)) 
10:47:09,628 [main] DEBUG org.activiti.engine.impl.persistence.entity.ProcessDefinitionEntity.selectLatestProcessDefinitionByKey  - ==&gt; Parameters: twoSubProcessInParallelWithinSubProcess(String), twoSubProcessInParallelWithinSubProcess(String)
10:47:09,628 [main] DEBUG org.activiti.engine.impl.persistence.entity.ProcessDefinitionEntity.selectLatestProcessDefinitionByKey  - &lt;==      Total: 1
10:47:09,628 [main] DEBUG org.activiti.engine.impl.persistence.entity.ExecutionEntity  - initializing ProcessInstance[116]
10:47:09,628 [main] DEBUG org.activiti.engine.impl.history.DefaultHistoryManager  - Current history level: FULL, level required: ACTIVITY
10:47:09,628 [main] DEBUG org.activiti.engine.impl.pvm.runtime.AtomicOperationActivityExecute  - ProcessInstance[116] executes Activity(theStart): org.activiti.engine.impl.bpmn.behavior.NoneStartEventActivityBehavior
10:47:09,628 [main] DEBUG org.activiti.engine.impl.persistence.entity.JobEntity.selectJobsByExecutionId  - ==&gt;  Preparing: select * from ACT_RU_JOB J where J.EXECUTION_ID_ = ? 
10:47:09,628 [main] DEBUG org.activiti.engine.impl.persistence.entity.JobEntity.selectJobsByExecutionId  - ==&gt; Parameters: 116(String)
10:47:09,628 [main] DEBUG org.activiti.engine.impl.persistence.entity.JobEntity.selectJobsByExecutionId  - &lt;==      Total: 0
10:47:09,628 [main] DEBUG org.activiti.engine.impl.bpmn.behavior.BpmnActivityBehavior  - Leaving activity &apos;theStart&apos;
10:47:09,628 [main] DEBUG org.activiti.engine.impl.history.DefaultHistoryManager  - Current history level: FULL, level required: ACTIVITY
10:47:09,628 [main] DEBUG org.activiti.engine.impl.pvm.runtime.AtomicOperationTransitionNotifyListenerTake  - ProcessInstance[116] takes transition (theStart)--flow1--&gt;(outerSubProcess)
10:47:09,628 [main] DEBUG org.activiti.engine.impl.persistence.entity.ExecutionEntity  - Child execution ScopeExecution[118] created with parent 
10:47:09,628 [main] DEBUG org.activiti.engine.impl.pvm.runtime.AtomicOperationTransitionCreateScope  - create scope: parent ProcessInstance[116] continues as execution ScopeExecution[118]
10:47:09,628 [main] DEBUG org.activiti.engine.impl.persistence.entity.ExecutionEntity  - initializing ScopeExecution[118]
10:47:09,628 [main] DEBUG org.activiti.engine.impl.history.DefaultHistoryManager  - Current history level: FULL, level required: ACTIVITY
10:47:09,628 [main] DEBUG org.activiti.engine.impl.pvm.runtime.AtomicOperationActivityExecute  - ScopeExecution[118] executes Activity(outerSubProcess): org.activiti.engine.impl.bpmn.behavior.SubProcessActivityBehavior
10:47:09,628 [main] DEBUG org.activiti.engine.impl.history.DefaultHistoryManager  - Current history level: FULL, level required: ACTIVITY
10:47:09,628 [main] DEBUG org.activiti.engine.impl.pvm.runtime.AtomicOperationActivityExecute  - ScopeExecution[118] executes Activity(outerSubProcessStart): org.activiti.engine.impl.bpmn.behavior.NoneStartEventActivityBehavior
10:47:09,628 [main] DEBUG org.activiti.engine.impl.persistence.entity.JobEntity.selectJobsByExecutionId  - ==&gt;  Preparing: select * from ACT_RU_JOB J where J.EXECUTION_ID_ = ? 
10:47:09,628 [main] DEBUG org.activiti.engine.impl.persistence.entity.JobEntity.selectJobsByExecutionId  - ==&gt; Parameters: 118(String)
10:47:09,628 [main] DEBUG org.activiti.engine.impl.persistence.entity.JobEntity.selectJobsByExecutionId  - &lt;==      Total: 0
10:47:09,628 [main] DEBUG org.activiti.engine.impl.bpmn.behavior.BpmnActivityBehavior  - Leaving activity &apos;outerSubProcessStart&apos;
10:47:09,628 [main] DEBUG org.activiti.engine.impl.history.DefaultHistoryManager  - Current history level: FULL, level required: ACTIVITY
10:47:09,629 [main] DEBUG org.activiti.engine.impl.pvm.runtime.AtomicOperationTransitionNotifyListenerTake  - ScopeExecution[118] takes transition (outerSubProcessStart)--flow2--&gt;(fork)
10:47:09,629 [main] DEBUG org.activiti.engine.impl.history.DefaultHistoryManager  - Current history level: FULL, level required: ACTIVITY
10:47:09,629 [main] DEBUG org.activiti.engine.impl.pvm.runtime.AtomicOperationActivityExecute  - ScopeExecution[118] executes Activity(fork): org.activiti.engine.impl.bpmn.behavior.ParallelGatewayActivityBehavior
10:47:09,629 [main] DEBUG org.activiti.engine.impl.persistence.entity.ExecutionEntity  - inactive concurrent executions in &apos;Activity(fork)&apos;: [ScopeExecution[118]]
10:47:09,629 [main] DEBUG org.activiti.engine.impl.persistence.entity.ExecutionEntity  - other concurrent executions: []
10:47:09,629 [main] DEBUG org.activiti.engine.impl.history.DefaultHistoryManager  - Current history level: FULL, level required: ACTIVITY
10:47:09,629 [main] DEBUG org.activiti.engine.impl.bpmn.behavior.ParallelGatewayActivityBehavior  - parallel gateway &apos;fork&apos; activates: 1 of 1 joined
10:47:09,629 [main] DEBUG org.activiti.engine.impl.persistence.entity.ExecutionEntity  - transitions to take concurrent: [(fork)--flow3--&gt;(subProcessA), (fork)--flow4--&gt;(subProcessB)]
10:47:09,629 [main] DEBUG org.activiti.engine.impl.persistence.entity.ExecutionEntity  - active concurrent executions: []
10:47:09,629 [main] DEBUG org.activiti.engine.impl.persistence.entity.ExecutionEntity  - recyclable executions for reuse: []
10:47:09,629 [main] DEBUG org.activiti.engine.impl.persistence.entity.ExecutionEntity  - Child execution ScopeExecution[122] created with parent 
10:47:09,629 [main] DEBUG org.activiti.engine.impl.persistence.entity.ExecutionEntity  - new ScopeExecution[122] with parent ScopeExecution[118] created to take transition (fork)--flow3--&gt;(subProcessA)
10:47:09,629 [main] DEBUG org.activiti.engine.impl.persistence.entity.ExecutionEntity  - Child execution ScopeExecution[123] created with parent 
10:47:09,629 [main] DEBUG org.activiti.engine.impl.persistence.entity.ExecutionEntity  - new ScopeExecution[123] with parent ScopeExecution[118] created to take transition (fork)--flow4--&gt;(subProcessB)
10:47:09,629 [main] DEBUG org.activiti.engine.impl.history.DefaultHistoryManager  - Current history level: FULL, level required: ACTIVITY
10:47:09,629 [main] DEBUG org.activiti.engine.impl.persistence.entity.HistoricActivityInstanceEntity.selectHistoricActivityInstancesByQueryCriteria  - ==&gt;  Preparing: select RES.* from ACT_HI_ACTINST RES WHERE RES.EXECUTION_ID_ = ? and RES.ACT_ID_ = ? and RES.END_TIME_ is null order by order by RES.ID_ asc LIMIT ? OFFSET ? 
10:47:09,630 [main] DEBUG org.activiti.engine.impl.interceptor.CommandContext  - Error while closing command context
org.apache.ibatis.exceptions.PersistenceException: 
### Error querying database.  Cause: org.h2.jdbc.JdbcSQLException: Syntax error in SQL statement &quot;SELECT RES.* 
     
    FROM ACT_HI_ACTINST RES
     WHERE  RES.EXECUTION_ID_ = ?
      
      
      
        AND RES.ACT_ID_ = ?
      
      
      
      
      
      
      
      
        AND RES.END_TIME_ IS NULL 
   
     ORDER BY  ORDER[*] BY RES.ID_ ASC  
    LIMIT ? OFFSET ? &quot;; expected &quot;=, NOT, EXISTS, INTERSECTS, SELECT, FROM&quot;; SQL statement:
select RES.* 
     
    from ACT_HI_ACTINST RES
     WHERE  RES.EXECUTION_ID_ = ?
      
      
      
        and RES.ACT_ID_ = ?
      
      
      
      
      
      
      
      
        and RES.END_TIME_ is null 
   
     order by  order by RES.ID_ asc  
    LIMIT ? OFFSET ? [42001-176]
### The error may exist in org/activiti/db/mapping/entity/HistoricActivityInstance.xml
### The error may involve org.activiti.engine.impl.persistence.entity.HistoricActivityInstanceEntity.selectHistoricActivityInstancesByQueryCriteria
### The error occurred while executing a query
### SQL: select RES.*            from ACT_HI_ACTINST RES      WHERE  RES.EXECUTION_ID_ = ?                              and RES.ACT_ID_ = ?                                                                 and RES.END_TIME_ is null           order by  order by RES.ID_ asc       LIMIT ? OFFSET ?
### Cause: org.h2.jdbc.JdbcSQLException: Syntax error in SQL statement &quot;SELECT RES.* 
     
    FROM ACT_HI_ACTINST RES
     WHERE  RES.EXECUTION_ID_ = ?
      
      
      
        AND RES.ACT_ID_ = ?
      
      
      
      
      
      
      
      
        AND RES.END_TIME_ IS NULL 
   
     ORDER BY  ORDER[*] BY RES.ID_ ASC  
    LIMIT ? OFFSET ? &quot;; expected &quot;=, NOT, EXISTS, INTERSECTS, SELECT, FROM&quot;; SQL statement:
select RES.* 
     
    from ACT_HI_ACTINST RES
     WHERE  RES.EXECUTION_ID_ = ?
      
      
      
        and RES.ACT_ID_ = ?
      
      
      
      
      
      
      
      
        and RES.END_TIME_ is null 
   
     order by  order by RES.ID_ asc  
    LIMIT ? OFFSET ? [42001-176]
	at org.apache.ibatis.exceptions.ExceptionFactory.wrapException(ExceptionFactory.java:30)
	at org.apache.ibatis.session.defaults.DefaultSqlSession.selectList(DefaultSqlSession.java:122)
	at org.apache.ibatis.session.defaults.DefaultSqlSession.selectList(DefaultSqlSession.java:113)
	at org.activiti.engine.impl.db.DbSqlSession.selectListWithRawParameter(DbSqlSession.java:438)
	at org.activiti.engine.impl.db.DbSqlSession.selectList(DbSqlSession.java:429)
	at org.activiti.engine.impl.db.DbSqlSession.selectList(DbSqlSession.java:419)
	at org.activiti.engine.impl.persistence.entity.HistoricActivityInstanceEntityManager.findHistoricActivityInstancesByQueryCriteria(HistoricActivityInstanceEntityManager.java:56)
	at org.activiti.engine.impl.HistoricActivityInstanceQueryImpl.executeList(HistoricActivityInstanceQueryImpl.java:70)
	at org.activiti.engine.impl.AbstractQuery.listPage(AbstractQuery.java:151)
	at org.activiti.engine.impl.history.DefaultHistoryManager.findActivityInstance(DefaultHistoryManager.java:355)
	at org.activiti.engine.impl.history.DefaultHistoryManager.recordActivityEnd(DefaultHistoryManager.java:281)
	at org.activiti.engine.impl.history.handler.ActivityInstanceEndHandler.notify(ActivityInstanceEndHandler.java:29)
	at org.activiti.engine.impl.pvm.runtime.AbstractEventAtomicOperation.execute(AbstractEventAtomicOperation.java:42)
	at org.activiti.engine.impl.interceptor.CommandContext.performOperation(CommandContext.java:97)
	at org.activiti.engine.impl.persistence.entity.ExecutionEntity.performOperationSync(ExecutionEntity.java:636)
	at org.activiti.engine.impl.persistence.entity.ExecutionEntity.performOperation(ExecutionEntity.java:629)
	at org.activiti.engine.impl.persistence.entity.ExecutionEntity.take(ExecutionEntity.java:453)
	at org.activiti.engine.impl.pvm.runtime.OutgoingExecution.take(OutgoingExecution.java:48)
	at org.activiti.engine.impl.persistence.entity.ExecutionEntity.takeAll(ExecutionEntity.java:589)
	at org.activiti.engine.impl.bpmn.behavior.ParallelGatewayActivityBehavior.execute(ParallelGatewayActivityBehavior.java:78)
	at org.activiti.engine.impl.pvm.runtime.AtomicOperationActivityExecute.execute(AtomicOperationActivityExecute.java:60)
	at org.activiti.engine.impl.interceptor.CommandContext.performOperation(CommandContext.java:97)
	at org.activiti.engine.impl.persistence.entity.ExecutionEntity.performOperationSync(ExecutionEntity.java:636)
	at org.activiti.engine.impl.persistence.entity.ExecutionEntity.performOperation(ExecutionEntity.java:629)
	at org.activiti.engine.impl.pvm.runtime.AtomicOperationTransitionNotifyListenerStart.eventNotificationsCompleted(AtomicOperationTransitionNotifyListenerStart.java:52)
	at org.activiti.engine.impl.pvm.runtime.AbstractEventAtomicOperation.execute(AbstractEventAtomicOperation.java:56)
	at org.activiti.engine.impl.interceptor.CommandContext.performOperation(CommandContext.java:97)
	at org.activiti.engine.impl.persistence.entity.ExecutionEntity.performOperationSync(ExecutionEntity.java:636)
	at org.activiti.engine.impl.persistence.entity.ExecutionEntity.performOperation(ExecutionEntity.java:629)
	at org.activiti.engine.impl.pvm.runtime.AbstractEventAtomicOperation.execute(AbstractEventAtomicOperation.java:49)
	at org.activiti.engine.impl.interceptor.CommandContext.performOperation(CommandContext.java:97)
	at org.activiti.engine.impl.persistence.entity.ExecutionEntity.performOperationSync(ExecutionEntity.java:636)
	at org.activiti.engine.impl.persistence.entity.ExecutionEntity.performOperation(ExecutionEntity.java:629)
	at org.activiti.engine.impl.pvm.runtime.AtomicOperationTransitionCreateScope.execute(AtomicOperationTransitionCreateScope.java:49)
	at org.activiti.engine.impl.interceptor.CommandContext.performOperation(CommandContext.java:97)
	at org.activiti.engine.impl.persistence.entity.ExecutionEntity.performOperationSync(ExecutionEntity.java:636)
	at org.activiti.engine.impl.persistence.entity.ExecutionEntity.performOperation(ExecutionEntity.java:629)
	at org.activiti.engine.impl.pvm.runtime.AtomicOperationTransitionNotifyListenerTake.execute(AtomicOperationTransitionNotifyListenerTake.java:80)
	at org.activiti.engine.impl.interceptor.CommandContext.performOperation(CommandContext.java:97)
	at org.activiti.engine.impl.persistence.entity.ExecutionEntity.performOperationSync(ExecutionEntity.java:636)
	at org.activiti.engine.impl.persistence.entity.ExecutionEntity.performOperation(ExecutionEntity.java:629)
	at org.activiti.engine.impl.pvm.runtime.AtomicOperationTransitionDestroyScope.execute(AtomicOperationTransitionDestroyScope.java:116)
	at org.activiti.engine.impl.interceptor.CommandContext.performOperation(CommandContext.java:97)
	at org.activiti.engine.impl.persistence.entity.ExecutionEntity.performOperationSync(ExecutionEntity.java:636)
	at org.activiti.engine.impl.persistence.entity.ExecutionEntity.performOperation(ExecutionEntity.java:629)
	at org.activiti.engine.impl.pvm.runtime.AtomicOperationTransitionNotifyListenerEnd.eventNotificationsCompleted(AtomicOperationTransitionNotifyListenerEnd.java:35)
	at org.activiti.engine.impl.pvm.runtime.AbstractEventAtomicOperation.execute(AbstractEventAtomicOperation.java:56)
	at org.activiti.engine.impl.interceptor.CommandContext.performOperation(CommandContext.java:97)
	at org.activiti.engine.impl.persistence.entity.ExecutionEntity.performOperationSync(ExecutionEntity.java:636)
	at org.activiti.engine.impl.persistence.entity.ExecutionEntity.performOperation(ExecutionEntity.java:629)
	at org.activiti.engine.impl.pvm.runtime.AbstractEventAtomicOperation.execute(AbstractEventAtomicOperation.java:49)
	at org.activiti.engine.impl.interceptor.CommandContext.performOperation(CommandContext.java:97)
	at org.activiti.engine.impl.persistence.entity.ExecutionEntity.performOperationSync(ExecutionEntity.java:636)
	at org.activiti.engine.impl.persistence.entity.ExecutionEntity.performOperation(ExecutionEntity.java:629)
	at org.activiti.engine.impl.persistence.entity.ExecutionEntity.take(ExecutionEntity.java:453)
	at org.activiti.engine.impl.persistence.entity.ExecutionEntity.take(ExecutionEntity.java:431)
	at org.activiti.engine.impl.bpmn.behavior.BpmnActivityBehavior.performOutgoingBehavior(BpmnActivityBehavior.java:140)
	at org.activiti.engine.impl.bpmn.behavior.BpmnActivityBehavior.performDefaultOutgoingBehavior(BpmnActivityBehavior.java:66)
	at org.activiti.engine.impl.bpmn.behavior.FlowNodeActivityBehavior.leave(FlowNodeActivityBehavior.java:44)
	at org.activiti.engine.impl.bpmn.behavior.FlowNodeActivityBehavior.execute(FlowNodeActivityBehavior.java:36)
	at org.activiti.engine.impl.pvm.runtime.AtomicOperationActivityExecute.execute(AtomicOperationActivityExecute.java:60)
	at org.activiti.engine.impl.interceptor.CommandContext.performOperation(CommandContext.java:97)
	at org.activiti.engine.impl.persistence.entity.ExecutionEntity.performOperationSync(ExecutionEntity.java:636)
	at org.activiti.engine.impl.persistence.entity.ExecutionEntity.performOperation(ExecutionEntity.java:629)
	at org.activiti.engine.impl.pvm.runtime.AtomicOperationActivityStart.eventNotificationsCompleted(AtomicOperationActivityStart.java:26)
	at org.activiti.engine.impl.pvm.runtime.AbstractEventAtomicOperation.execute(AbstractEventAtomicOperation.java:56)
	at org.activiti.engine.impl.interceptor.CommandContext.performOperation(CommandContext.java:97)
	at org.activiti.engine.impl.persistence.entity.ExecutionEntity.performOperationSync(ExecutionEntity.java:636)
	at org.activiti.engine.impl.persistence.entity.ExecutionEntity.performOperation(ExecutionEntity.java:629)
	at org.activiti.engine.impl.persistence.entity.ExecutionEntity.executeActivity(ExecutionEntity.java:458)
	at org.activiti.engine.impl.bpmn.behavior.SubProcessActivityBehavior.execute(SubProcessActivityBehavior.java:55)
	at org.activiti.engine.impl.pvm.runtime.AtomicOperationActivityExecute.execute(AtomicOperationActivityExecute.java:60)
	at org.activiti.engine.impl.interceptor.CommandContext.performOperation(CommandContext.java:97)
	at org.activiti.engine.impl.persistence.entity.ExecutionEntity.performOperationSync(ExecutionEntity.java:636)
	at org.activiti.engine.impl.persistence.entity.ExecutionEntity.performOperation(ExecutionEntity.java:629)
	at org.activiti.engine.impl.pvm.runtime.AtomicOperationTransitionNotifyListenerStart.eventNotificationsCompleted(AtomicOperationTransitionNotifyListenerStart.java:52)
	at org.activiti.engine.impl.pvm.runtime.AbstractEventAtomicOperation.execute(AbstractEventAtomicOperation.java:56)
	at org.activiti.engine.impl.interceptor.CommandContext.performOperation(CommandContext.java:97)
	at org.activiti.engine.impl.persistence.entity.ExecutionEntity.performOperationSync(ExecutionEntity.java:636)
	at org.activiti.engine.impl.persistence.entity.ExecutionEntity.performOperation(ExecutionEntity.java:629)
	at org.activiti.engine.impl.pvm.runtime.AbstractEventAtomicOperation.execute(AbstractEventAtomicOperation.java:49)
	at org.activiti.engine.impl.interceptor.CommandContext.performOperation(CommandContext.java:97)
	at org.activiti.engine.impl.persistence.entity.ExecutionEntity.performOperationSync(ExecutionEntity.java:636)
	at org.activiti.engine.impl.persistence.entity.ExecutionEntity.performOperation(ExecutionEntity.java:629)
	at org.activiti.engine.impl.pvm.runtime.AtomicOperationTransitionCreateScope.execute(AtomicOperationTransitionCreateScope.java:49)
	at org.activiti.engine.impl.interceptor.CommandContext.performOperation(CommandContext.java:97)
	at org.activiti.engine.impl.persistence.entity.ExecutionEntity.performOperationSync(ExecutionEntity.java:636)
	at org.activiti.engine.impl.persistence.entity.ExecutionEntity.performOperation(ExecutionEntity.java:629)
	at org.activiti.engine.impl.pvm.runtime.AtomicOperationTransitionNotifyListenerTake.execute(AtomicOperationTransitionNotifyListenerTake.java:80)
	at org.activiti.engine.impl.interceptor.CommandContext.performOperation(CommandContext.java:97)
	at org.activiti.engine.impl.persistence.entity.ExecutionEntity.performOperationSync(ExecutionEntity.java:636)
	at org.activiti.engine.impl.persistence.entity.ExecutionEntity.performOperation(ExecutionEntity.java:629)
	at org.activiti.engine.impl.pvm.runtime.AtomicOperationTransitionDestroyScope.execute(AtomicOperationTransitionDestroyScope.java:116)
	at org.activiti.engine.impl.interceptor.CommandContext.performOperation(CommandContext.java:97)
	at org.activiti.engine.impl.persistence.entity.ExecutionEntity.performOperationSync(ExecutionEntity.java:636)
	at org.activiti.engine.impl.persistence.entity.ExecutionEntity.performOperation(ExecutionEntity.java:629)
	at org.activiti.engine.impl.pvm.runtime.AtomicOperationTransitionNotifyListenerEnd.eventNotificationsCompleted(AtomicOperationTransitionNotifyListenerEnd.java:35)
	at org.activiti.engine.impl.pvm.runtime.AbstractEventAtomicOperation.execute(AbstractEventAtomicOperation.java:56)
	at org.activiti.engine.impl.interceptor.CommandContext.performOperation(CommandContext.java:97)
	at org.activiti.engine.impl.persistence.entity.ExecutionEntity.performOperationSync(ExecutionEntity.java:636)
	at org.activiti.engine.impl.persistence.entity.ExecutionEntity.performOperation(ExecutionEntity.java:629)
	at org.activiti.engine.impl.pvm.runtime.AbstractEventAtomicOperation.execute(AbstractEventAtomicOperation.java:49)
	at org.activiti.engine.impl.interceptor.CommandContext.performOperation(CommandContext.java:97)
	at org.activiti.engine.impl.persistence.entity.ExecutionEntity.performOperationSync(ExecutionEntity.java:636)
	at org.activiti.engine.impl.persistence.entity.ExecutionEntity.performOperation(ExecutionEntity.java:629)
	at org.activiti.engine.impl.persistence.entity.ExecutionEntity.take(ExecutionEntity.java:453)
	at org.activiti.engine.impl.persistence.entity.ExecutionEntity.take(ExecutionEntity.java:431)
	at org.activiti.engine.impl.bpmn.behavior.BpmnActivityBehavior.performOutgoingBehavior(BpmnActivityBehavior.java:140)
	at org.activiti.engine.impl.bpmn.behavior.BpmnActivityBehavior.performDefaultOutgoingBehavior(BpmnActivityBehavior.java:66)
	at org.activiti.engine.impl.bpmn.behavior.FlowNodeActivityBehavior.leave(FlowNodeActivityBehavior.java:44)
	at org.activiti.engine.impl.bpmn.behavior.FlowNodeActivityBehavior.execute(FlowNodeActivityBehavior.java:36)
	at org.activiti.engine.impl.pvm.runtime.AtomicOperationActivityExecute.execute(AtomicOperationActivityExecute.java:60)
	at org.activiti.engine.impl.interceptor.CommandContext.performOperation(CommandContext.java:97)
	at org.activiti.engine.impl.persistence.entity.ExecutionEntity.performOperationSync(ExecutionEntity.java:636)
	at org.activiti.engine.impl.persistence.entity.ExecutionEntity.performOperation(ExecutionEntity.java:629)
	at org.activiti.engine.impl.pvm.runtime.AtomicOperationProcessStartInitial.eventNotificationsCompleted(AtomicOperationProcessStartInitial.java:45)
	at org.activiti.engine.impl.pvm.runtime.AbstractEventAtomicOperation.execute(AbstractEventAtomicOperation.java:56)
	at org.activiti.engine.impl.interceptor.CommandContext.performOperation(CommandContext.java:97)
	at org.activiti.engine.impl.persistence.entity.ExecutionEntity.performOperationSync(ExecutionEntity.java:636)
	at org.activiti.engine.impl.persistence.entity.ExecutionEntity.performOperation(ExecutionEntity.java:629)
	at org.activiti.engine.impl.pvm.runtime.AtomicOperationProcessStart.eventNotificationsCompleted(AtomicOperationProcessStart.java:64)
	at org.activiti.engine.impl.pvm.runtime.AbstractEventAtomicOperation.execute(AbstractEventAtomicOperation.java:56)
	at org.activiti.engine.impl.interceptor.CommandContext.performOperation(CommandContext.java:97)
	at org.activiti.engine.impl.persistence.entity.ExecutionEntity.performOperationSync(ExecutionEntity.java:636)
	at org.activiti.engine.impl.persistence.entity.ExecutionEntity.performOperation(ExecutionEntity.java:629)
	at org.activiti.engine.impl.persistence.entity.ExecutionEntity.start(ExecutionEntity.java:381)
	at org.activiti.engine.impl.cmd.StartProcessInstanceCmd.execute(StartProcessInstanceCmd.java:110)
	at org.activiti.engine.impl.cmd.StartProcessInstanceCmd.execute(StartProcessInstanceCmd.java:37)
	at org.activiti.engine.impl.interceptor.CommandInvoker.execute(CommandInvoker.java:24)
	at org.activiti.engine.impl.interceptor.CommandContextInterceptor.execute(CommandContextInterceptor.java:57)
	at org.activiti.engine.impl.interceptor.LogInterceptor.execute(LogInterceptor.java:37)
	at org.activiti.engine.impl.cfg.CommandExecutorImpl.execute(CommandExecutorImpl.java:40)
	at org.activiti.engine.impl.cfg.CommandExecutorImpl.execute(CommandExecutorImpl.java:35)
	at org.activiti.engine.impl.RuntimeServiceImpl.startProcessInstanceByKey(RuntimeServiceImpl.java:69)
	at org.activiti.engine.test.bpmn.subprocess.SubProcessTest.testTwoSubProcessInParallelWithinSubProcess(SubProcessTest.java:273)
	at sun.reflect.NativeMethodAccessorImpl.invoke0(Native Method)
	at sun.reflect.NativeMethodAccessorImpl.invoke(NativeMethodAccessorImpl.java:62)
	at sun.reflect.DelegatingMethodAccessorImpl.invoke(DelegatingMethodAccessorImpl.java:43)
	at java.lang.reflect.Method.invoke(Method.java:498)
	at junit.framework.TestCase.runTest(TestCase.java:176)
	at org.activiti.engine.impl.test.PvmTestCase.runTest(PvmTestCase.java:65)
	at junit.framework.TestCase.runBare(TestCase.java:141)
	at org.activiti.engine.impl.test.AbstractActivitiTestCase.runBare(AbstractActivitiTestCase.java:100)
	at junit.framework.TestResult$1.protect(TestResult.java:122)
	at junit.framework.TestResult.runProtected(TestResult.java:142)
	at junit.framework.TestResult.run(TestResult.java:125)
	at junit.framework.TestCase.run(TestCase.java:129)
	at junit.framework.TestSuite.runTest(TestSuite.java:255)
	at junit.framework.TestSuite.run(TestSuite.java:250)
	at org.junit.internal.runners.JUnit38ClassRunner.run(JUnit38ClassRunner.java:84)
	at org.apache.maven.surefire.junit4.JUnit4TestSet.execute(JUnit4TestSet.java:35)
	at org.apache.maven.surefire.junit4.JUnit4Provider.executeTestSet(JUnit4Provider.java:146)
	at org.apache.maven.surefire.junit4.JUnit4Provider.invoke(JUnit4Provider.java:97)
	at sun.reflect.NativeMethodAccessorImpl.invoke0(Native Method)
	at sun.reflect.NativeMethodAccessorImpl.invoke(NativeMethodAccessorImpl.java:62)
	at sun.reflect.DelegatingMethodAccessorImpl.invoke(DelegatingMethodAccessorImpl.java:43)
	at java.lang.reflect.Method.invoke(Method.java:498)
	at org.apache.maven.surefire.booter.ProviderFactory$ClassLoaderProxy.invoke(ProviderFactory.java:103)
	at com.sun.proxy.$Proxy0.invoke(Unknown Source)
	at org.apache.maven.surefire.booter.SurefireStarter.invokeProvider(SurefireStarter.java:145)
	at org.apache.maven.surefire.booter.SurefireStarter.runSuitesInProcess(SurefireStarter.java:87)
	at org.apache.maven.surefire.booter.ForkedBooter.main(ForkedBooter.java:69)
Caused by: org.h2.jdbc.JdbcSQLException: Syntax error in SQL statement &quot;SELECT RES.* 
     
    FROM ACT_HI_ACTINST RES
     WHERE  RES.EXECUTION_ID_ = ?
      
      
      
        AND RES.ACT_ID_ = ?
      
      
      
      
      
      
      
      
        AND RES.END_TIME_ IS NULL 
   
     ORDER BY  ORDER[*] BY RES.ID_ ASC  
    LIMIT ? OFFSET ? &quot;; expected &quot;=, NOT, EXISTS, INTERSECTS, SELECT, FROM&quot;; SQL statement:
select RES.* 
     
    from ACT_HI_ACTINST RES
     WHERE  RES.EXECUTION_ID_ = ?
      
      
      
        and RES.ACT_ID_ = ?
      
      
      
      
      
      
      
      
        and RES.END_TIME_ is null 
   
     order by  order by RES.ID_ asc  
    LIMIT ? OFFSET ? [42001-176]
	at org.h2.message.DbException.getJdbcSQLException(DbException.java:344)
	at org.h2.message.DbException.getSyntaxError(DbException.java:204)
	at org.h2.command.Parser.getSyntaxError(Parser.java:524)
	at org.h2.command.Parser.readTerm(Parser.java:2688)
	at org.h2.command.Parser.readFactor(Parser.java:2244)
	at org.h2.command.Parser.readSum(Parser.java:2231)
	at org.h2.command.Parser.readConcat(Parser.java:2201)
	at org.h2.command.Parser.readCondition(Parser.java:2051)
	at org.h2.command.Parser.readAnd(Parser.java:2023)
	at org.h2.command.Parser.readExpression(Parser.java:2015)
	at org.h2.command.Parser.parseEndOfQuery(Parser.java:1726)
	at org.h2.command.Parser.parseSelectUnionExtension(Parser.java:1706)
	at org.h2.command.Parser.parseSelectUnion(Parser.java:1675)
	at org.h2.command.Parser.parseSelect(Parser.java:1662)
	at org.h2.command.Parser.parsePrepared(Parser.java:434)
	at org.h2.command.Parser.parse(Parser.java:306)
	at org.h2.command.Parser.parse(Parser.java:282)
	at org.h2.command.Parser.prepareCommand(Parser.java:243)
	at org.h2.engine.Session.prepareLocal(Session.java:442)
	at org.h2.engine.Session.prepareCommand(Session.java:384)
	at org.h2.jdbc.JdbcConnection.prepareCommand(JdbcConnection.java:1188)
	at org.h2.jdbc.JdbcPreparedStatement.&lt;init&gt;(JdbcPreparedStatement.java:73)
	at org.h2.jdbc.JdbcConnection.prepareStatement(JdbcConnection.java:276)
	at sun.reflect.GeneratedMethodAccessor6.invoke(Unknown Source)
	at sun.reflect.DelegatingMethodAccessorImpl.invoke(DelegatingMethodAccessorImpl.java:43)
	at java.lang.reflect.Method.invoke(Method.java:498)
	at org.apache.ibatis.datasource.pooled.PooledConnection.invoke(PooledConnection.java:245)
	at com.sun.proxy.$Proxy12.prepareStatement(Unknown Source)
	at sun.reflect.GeneratedMethodAccessor6.invoke(Unknown Source)
	at sun.reflect.DelegatingMethodAccessorImpl.invoke(DelegatingMethodAccessorImpl.java:43)
	at java.lang.reflect.Method.invoke(Method.java:498)
	at org.apache.ibatis.logging.jdbc.ConnectionLogger.invoke(ConnectionLogger.java:55)
	at com.sun.proxy.$Proxy12.prepareStatement(Unknown Source)
	at org.apache.ibatis.executor.statement.PreparedStatementHandler.instantiateStatement(PreparedStatementHandler.java:79)
	at org.apache.ibatis.executor.statement.BaseStatementHandler.prepare(BaseStatementHandler.java:88)
	at org.apache.ibatis.executor.statement.RoutingStatementHandler.prepare(RoutingStatementHandler.java:58)
	at org.apache.ibatis.executor.SimpleExecutor.prepareStatement(SimpleExecutor.java:76)
	at org.apache.ibatis.executor.SimpleExecutor.doQuery(SimpleExecutor.java:61)
	at org.apache.ibatis.executor.BaseExecutor.queryFromDatabase(BaseExecutor.java:303)
	at org.apache.ibatis.executor.BaseExecutor.query(BaseExecutor.java:154)
	at org.apache.ibatis.executor.CachingExecutor.query(CachingExecutor.java:102)
	at org.apache.ibatis.executor.CachingExecutor.query(CachingExecutor.java:82)
	at org.apache.ibatis.session.defaults.DefaultSqlSession.selectList(DefaultSqlSession.java:120)
	... 160 more
10:47:09,630 [main] DEBUG org.activiti.engine.impl.cfg.standalone.StandaloneMybatisTransactionContext  - firing event rolling back...
10:47:09,630 [main] DEBUG org.activiti.engine.impl.cfg.standalone.StandaloneMybatisTransactionContext  - rolling back ibatis sql session...
10:47:09,630 [main] DEBUG org.activiti.engine.impl.cfg.standalone.StandaloneMybatisTransactionContext  - firing event rolled back...
10:47:09,630 [main] DEBUG org.apache.ibatis.transaction.jdbc.JdbcTransaction  - Resetting autocommit to true on JDBC Connection [conn3: url=jdbc:h2:mem:activiti user=SA]
10:47:09,630 [main] DEBUG org.apache.ibatis.transaction.jdbc.JdbcTransaction  - Closing JDBC Connection [conn3: url=jdbc:h2:mem:activiti user=SA]
10:47:09,630 [main] DEBUG org.apache.ibatis.datasource.pooled.PooledDataSource  - Returned connection 180014677 to pool.
10:47:09,631 [main] DEBUG org.activiti.engine.impl.interceptor.LogInterceptor  - --- StartProcessInstanceCmd finished --------------------------------------------------------
10:47:09,631 [main] DEBUG org.activiti.engine.impl.interceptor.LogInterceptor  - 

10:47:09,631 [main] ERROR org.activiti.engine.impl.test.PvmTestCase  - 

10:47:09,631 [main] ERROR org.activiti.engine.impl.test.PvmTestCase  - EXCEPTION: org.apache.ibatis.exceptions.PersistenceException: 
### Error querying database.  Cause: org.h2.jdbc.JdbcSQLException: Syntax error in SQL statement &quot;SELECT RES.* 
     
    FROM ACT_HI_ACTINST RES
     WHERE  RES.EXECUTION_ID_ = ?
      
      
      
        AND RES.ACT_ID_ = ?
      
      
      
      
      
      
      
      
        AND RES.END_TIME_ IS NULL 
   
     ORDER BY  ORDER[*] BY RES.ID_ ASC  
    LIMIT ? OFFSET ? &quot;; expected &quot;=, NOT, EXISTS, INTERSECTS, SELECT, FROM&quot;; SQL statement:
select RES.* 
     
    from ACT_HI_ACTINST RES
     WHERE  RES.EXECUTION_ID_ = ?
      
      
      
        and RES.ACT_ID_ = ?
      
      
      
      
      
      
      
      
        and RES.END_TIME_ is null 
   
     order by  order by RES.ID_ asc  
    LIMIT ? OFFSET ? [42001-176]
### The error may exist in org/activiti/db/mapping/entity/HistoricActivityInstance.xml
### The error may involve org.activiti.engine.impl.persistence.entity.HistoricActivityInstanceEntity.selectHistoricActivityInstancesByQueryCriteria
### The error occurred while executing a query
### SQL: select RES.*            from ACT_HI_ACTINST RES      WHERE  RES.EXECUTION_ID_ = ?                              and RES.ACT_ID_ = ?                                                                 and RES.END_TIME_ is null           order by  order by RES.ID_ asc       LIMIT ? OFFSET ?
### Cause: org.h2.jdbc.JdbcSQLException: Syntax error in SQL statement &quot;SELECT RES.* 
     
    FROM ACT_HI_ACTINST RES
     WHERE  RES.EXECUTION_ID_ = ?
      
      
      
        AND RES.ACT_ID_ = ?
      
      
      
      
      
      
      
      
        AND RES.END_TIME_ IS NULL 
   
     ORDER BY  ORDER[*] BY RES.ID_ ASC  
    LIMIT ? OFFSET ? &quot;; expected &quot;=, NOT, EXISTS, INTERSECTS, SELECT, FROM&quot;; SQL statement:
select RES.* 
     
    from ACT_HI_ACTINST RES
     WHERE  RES.EXECUTION_ID_ = ?
      
      
      
        and RES.ACT_ID_ = ?
      
      
      
      
      
      
      
      
        and RES.END_TIME_ is null 
   
     order by  order by RES.ID_ asc  
    LIMIT ? OFFSET ? [42001-176]
org.apache.ibatis.exceptions.PersistenceException: 
### Error querying database.  Cause: org.h2.jdbc.JdbcSQLException: Syntax error in SQL statement &quot;SELECT RES.* 
     
    FROM ACT_HI_ACTINST RES
     WHERE  RES.EXECUTION_ID_ = ?
      
      
      
        AND RES.ACT_ID_ = ?
      
      
      
      
      
      
      
      
        AND RES.END_TIME_ IS NULL 
   
     ORDER BY  ORDER[*] BY RES.ID_ ASC  
    LIMIT ? OFFSET ? &quot;; expected &quot;=, NOT, EXISTS, INTERSECTS, SELECT, FROM&quot;; SQL statement:
select RES.* 
     
    from ACT_HI_ACTINST RES
     WHERE  RES.EXECUTION_ID_ = ?
      
      
      
        and RES.ACT_ID_ = ?
      
      
      
      
      
      
      
      
        and RES.END_TIME_ is null 
   
     order by  order by RES.ID_ asc  
    LIMIT ? OFFSET ? [42001-176]
### The error may exist in org/activiti/db/mapping/entity/HistoricActivityInstance.xml
### The error may involve org.activiti.engine.impl.persistence.entity.HistoricActivityInstanceEntity.selectHistoricActivityInstancesByQueryCriteria
### The error occurred while executing a query
### SQL: select RES.*            from ACT_HI_ACTINST RES      WHERE  RES.EXECUTION_ID_ = ?                              and RES.ACT_ID_ = ?                                                                 and RES.END_TIME_ is null           order by  order by RES.ID_ asc       LIMIT ? OFFSET ?
### Cause: org.h2.jdbc.JdbcSQLException: Syntax error in SQL statement &quot;SELECT RES.* 
     
    FROM ACT_HI_ACTINST RES
     WHERE  RES.EXECUTION_ID_ = ?
      
      
      
        AND RES.ACT_ID_ = ?
      
      
      
      
      
      
      
      
        AND RES.END_TIME_ IS NULL 
   
     ORDER BY  ORDER[*] BY RES.ID_ ASC  
    LIMIT ? OFFSET ? &quot;; expected &quot;=, NOT, EXISTS, INTERSECTS, SELECT, FROM&quot;; SQL statement:
select RES.* 
     
    from ACT_HI_ACTINST RES
     WHERE  RES.EXECUTION_ID_ = ?
      
      
      
        and RES.ACT_ID_ = ?
      
      
      
      
      
      
      
      
        and RES.END_TIME_ is null 
   
     order by  order by RES.ID_ asc  
    LIMIT ? OFFSET ? [42001-176]
	at org.apache.ibatis.exceptions.ExceptionFactory.wrapException(ExceptionFactory.java:30)
	at org.apache.ibatis.session.defaults.DefaultSqlSession.selectList(DefaultSqlSession.java:122)
	at org.apache.ibatis.session.defaults.DefaultSqlSession.selectList(DefaultSqlSession.java:113)
	at org.activiti.engine.impl.db.DbSqlSession.selectListWithRawParameter(DbSqlSession.java:438)
	at org.activiti.engine.impl.db.DbSqlSession.selectList(DbSqlSession.java:429)
	at org.activiti.engine.impl.db.DbSqlSession.selectList(DbSqlSession.java:419)
	at org.activiti.engine.impl.persistence.entity.HistoricActivityInstanceEntityManager.findHistoricActivityInstancesByQueryCriteria(HistoricActivityInstanceEntityManager.java:56)
	at org.activiti.engine.impl.HistoricActivityInstanceQueryImpl.executeList(HistoricActivityInstanceQueryImpl.java:70)
	at org.activiti.engine.impl.AbstractQuery.listPage(AbstractQuery.java:151)
	at org.activiti.engine.impl.history.DefaultHistoryManager.findActivityInstance(DefaultHistoryManager.java:355)
	at org.activiti.engine.impl.history.DefaultHistoryManager.recordActivityEnd(DefaultHistoryManager.java:281)
	at org.activiti.engine.impl.history.handler.ActivityInstanceEndHandler.notify(ActivityInstanceEndHandler.java:29)
	at org.activiti.engine.impl.pvm.runtime.AbstractEventAtomicOperation.execute(AbstractEventAtomicOperation.java:42)
	at org.activiti.engine.impl.interceptor.CommandContext.performOperation(CommandContext.java:97)
	at org.activiti.engine.impl.persistence.entity.ExecutionEntity.performOperationSync(ExecutionEntity.java:636)
	at org.activiti.engine.impl.persistence.entity.ExecutionEntity.performOperation(ExecutionEntity.java:629)
	at org.activiti.engine.impl.persistence.entity.ExecutionEntity.take(ExecutionEntity.java:453)
	at org.activiti.engine.impl.pvm.runtime.OutgoingExecution.take(OutgoingExecution.java:48)
	at org.activiti.engine.impl.persistence.entity.ExecutionEntity.takeAll(ExecutionEntity.java:589)
	at org.activiti.engine.impl.bpmn.behavior.ParallelGatewayActivityBehavior.execute(ParallelGatewayActivityBehavior.java:78)
	at org.activiti.engine.impl.pvm.runtime.AtomicOperationActivityExecute.execute(AtomicOperationActivityExecute.java:60)
	at org.activiti.engine.impl.interceptor.CommandContext.performOperation(CommandContext.java:97)
	at org.activiti.engine.impl.persistence.entity.ExecutionEntity.performOperationSync(ExecutionEntity.java:636)
	at org.activiti.engine.impl.persistence.entity.ExecutionEntity.performOperation(ExecutionEntity.java:629)
	at org.activiti.engine.impl.pvm.runtime.AtomicOperationTransitionNotifyListenerStart.eventNotificationsCompleted(AtomicOperationTransitionNotifyListenerStart.java:52)
	at org.activiti.engine.impl.pvm.runtime.AbstractEventAtomicOperation.execute(AbstractEventAtomicOperation.java:56)
	at org.activiti.engine.impl.interceptor.CommandContext.performOperation(CommandContext.java:97)
	at org.activiti.engine.impl.persistence.entity.ExecutionEntity.performOperationSync(ExecutionEntity.java:636)
	at org.activiti.engine.impl.persistence.entity.ExecutionEntity.performOperation(ExecutionEntity.java:629)
	at org.activiti.engine.impl.pvm.runtime.AbstractEventAtomicOperation.execute(AbstractEventAtomicOperation.java:49)
	at org.activiti.engine.impl.interceptor.CommandContext.performOperation(CommandContext.java:97)
	at org.activiti.engine.impl.persistence.entity.ExecutionEntity.performOperationSync(ExecutionEntity.java:636)
	at org.activiti.engine.impl.persistence.entity.ExecutionEntity.performOperation(ExecutionEntity.java:629)
	at org.activiti.engine.impl.pvm.runtime.AtomicOperationTransitionCreateScope.execute(AtomicOperationTransitionCreateScope.java:49)
	at org.activiti.engine.impl.interceptor.CommandContext.performOperation(CommandContext.java:97)
	at org.activiti.engine.impl.persistence.entity.ExecutionEntity.performOperationSync(ExecutionEntity.java:636)
	at org.activiti.engine.impl.persistence.entity.ExecutionEntity.performOperation(ExecutionEntity.java:629)
	at org.activiti.engine.impl.pvm.runtime.AtomicOperationTransitionNotifyListenerTake.execute(AtomicOperationTransitionNotifyListenerTake.java:80)
	at org.activiti.engine.impl.interceptor.CommandContext.performOperation(CommandContext.java:97)
	at org.activiti.engine.impl.persistence.entity.ExecutionEntity.performOperationSync(ExecutionEntity.java:636)
	at org.activiti.engine.impl.persistence.entity.ExecutionEntity.performOperation(ExecutionEntity.java:629)
	at org.activiti.engine.impl.pvm.runtime.AtomicOperationTransitionDestroyScope.execute(AtomicOperationTransitionDestroyScope.java:116)
	at org.activiti.engine.impl.interceptor.CommandContext.performOperation(CommandContext.java:97)
	at org.activiti.engine.impl.persistence.entity.ExecutionEntity.performOperationSync(ExecutionEntity.java:636)
	at org.activiti.engine.impl.persistence.entity.ExecutionEntity.performOperation(ExecutionEntity.java:629)
	at org.activiti.engine.impl.pvm.runtime.AtomicOperationTransitionNotifyListenerEnd.eventNotificationsCompleted(AtomicOperationTransitionNotifyListenerEnd.java:35)
	at org.activiti.engine.impl.pvm.runtime.AbstractEventAtomicOperation.execute(AbstractEventAtomicOperation.java:56)
	at org.activiti.engine.impl.interceptor.CommandContext.performOperation(CommandContext.java:97)
	at org.activiti.engine.impl.persistence.entity.ExecutionEntity.performOperationSync(ExecutionEntity.java:636)
	at org.activiti.engine.impl.persistence.entity.ExecutionEntity.performOperation(ExecutionEntity.java:629)
	at org.activiti.engine.impl.pvm.runtime.AbstractEventAtomicOperation.execute(AbstractEventAtomicOperation.java:49)
	at org.activiti.engine.impl.interceptor.CommandContext.performOperation(CommandContext.java:97)
	at org.activiti.engine.impl.persistence.entity.ExecutionEntity.performOperationSync(ExecutionEntity.java:636)
	at org.activiti.engine.impl.persistence.entity.ExecutionEntity.performOperation(ExecutionEntity.java:629)
	at org.activiti.engine.impl.persistence.entity.ExecutionEntity.take(ExecutionEntity.java:453)
	at org.activiti.engine.impl.persistence.entity.ExecutionEntity.take(ExecutionEntity.java:431)
	at org.activiti.engine.impl.bpmn.behavior.BpmnActivityBehavior.performOutgoingBehavior(BpmnActivityBehavior.java:140)
	at org.activiti.engine.impl.bpmn.behavior.BpmnActivityBehavior.performDefaultOutgoingBehavior(BpmnActivityBehavior.java:66)
	at org.activiti.engine.impl.bpmn.behavior.FlowNodeActivityBehavior.leave(FlowNodeActivityBehavior.java:44)
	at org.activiti.engine.impl.bpmn.behavior.FlowNodeActivityBehavior.execute(FlowNodeActivityBehavior.java:36)
	at org.activiti.engine.impl.pvm.runtime.AtomicOperationActivityExecute.execute(AtomicOperationActivityExecute.java:60)
	at org.activiti.engine.impl.interceptor.CommandContext.performOperation(CommandContext.java:97)
	at org.activiti.engine.impl.persistence.entity.ExecutionEntity.performOperationSync(ExecutionEntity.java:636)
	at org.activiti.engine.impl.persistence.entity.ExecutionEntity.performOperation(ExecutionEntity.java:629)
	at org.activiti.engine.impl.pvm.runtime.AtomicOperationActivityStart.eventNotificationsCompleted(AtomicOperationActivityStart.java:26)
	at org.activiti.engine.impl.pvm.runtime.AbstractEventAtomicOperation.execute(AbstractEventAtomicOperation.java:56)
	at org.activiti.engine.impl.interceptor.CommandContext.performOperation(CommandContext.java:97)
	at org.activiti.engine.impl.persistence.entity.ExecutionEntity.performOperationSync(ExecutionEntity.java:636)
	at org.activiti.engine.impl.persistence.entity.ExecutionEntity.performOperation(ExecutionEntity.java:629)
	at org.activiti.engine.impl.persistence.entity.ExecutionEntity.executeActivity(ExecutionEntity.java:458)
	at org.activiti.engine.impl.bpmn.behavior.SubProcessActivityBehavior.execute(SubProcessActivityBehavior.java:55)
	at org.activiti.engine.impl.pvm.runtime.AtomicOperationActivityExecute.execute(AtomicOperationActivityExecute.java:60)
	at org.activiti.engine.impl.interceptor.CommandContext.performOperation(CommandContext.java:97)
	at org.activiti.engine.impl.persistence.entity.ExecutionEntity.performOperationSync(ExecutionEntity.java:636)
	at org.activiti.engine.impl.persistence.entity.ExecutionEntity.performOperation(ExecutionEntity.java:629)
	at org.activiti.engine.impl.pvm.runtime.AtomicOperationTransitionNotifyListenerStart.eventNotificationsCompleted(AtomicOperationTransitionNotifyListenerStart.java:52)
	at org.activiti.engine.impl.pvm.runtime.AbstractEventAtomicOperation.execute(AbstractEventAtomicOperation.java:56)
	at org.activiti.engine.impl.interceptor.CommandContext.performOperation(CommandContext.java:97)
	at org.activiti.engine.impl.persistence.entity.ExecutionEntity.performOperationSync(ExecutionEntity.java:636)
	at org.activiti.engine.impl.persistence.entity.ExecutionEntity.performOperation(ExecutionEntity.java:629)
	at org.activiti.engine.impl.pvm.runtime.AbstractEventAtomicOperation.execute(AbstractEventAtomicOperation.java:49)
	at org.activiti.engine.impl.interceptor.CommandContext.performOperation(CommandContext.java:97)
	at org.activiti.engine.impl.persistence.entity.ExecutionEntity.performOperationSync(ExecutionEntity.java:636)
	at org.activiti.engine.impl.persistence.entity.ExecutionEntity.performOperation(ExecutionEntity.java:629)
	at org.activiti.engine.impl.pvm.runtime.AtomicOperationTransitionCreateScope.execute(AtomicOperationTransitionCreateScope.java:49)
	at org.activiti.engine.impl.interceptor.CommandContext.performOperation(CommandContext.java:97)
	at org.activiti.engine.impl.persistence.entity.ExecutionEntity.performOperationSync(ExecutionEntity.java:636)
	at org.activiti.engine.impl.persistence.entity.ExecutionEntity.performOperation(ExecutionEntity.java:629)
	at org.activiti.engine.impl.pvm.runtime.AtomicOperationTransitionNotifyListenerTake.execute(AtomicOperationTransitionNotifyListenerTake.java:80)
	at org.activiti.engine.impl.interceptor.CommandContext.performOperation(CommandContext.java:97)
	at org.activiti.engine.impl.persistence.entity.ExecutionEntity.performOperationSync(ExecutionEntity.java:636)
	at org.activiti.engine.impl.persistence.entity.ExecutionEntity.performOperation(ExecutionEntity.java:629)
	at org.activiti.engine.impl.pvm.runtime.AtomicOperationTransitionDestroyScope.execute(AtomicOperationTransitionDestroyScope.java:116)
	at org.activiti.engine.impl.interceptor.CommandContext.performOperation(CommandContext.java:97)
	at org.activiti.engine.impl.persistence.entity.ExecutionEntity.performOperationSync(ExecutionEntity.java:636)
	at org.activiti.engine.impl.persistence.entity.ExecutionEntity.performOperation(ExecutionEntity.java:629)
	at org.activiti.engine.impl.pvm.runtime.AtomicOperationTransitionNotifyListenerEnd.eventNotificationsCompleted(AtomicOperationTransitionNotifyListenerEnd.java:35)
	at org.activiti.engine.impl.pvm.runtime.AbstractEventAtomicOperation.execute(AbstractEventAtomicOperation.java:56)
	at org.activiti.engine.impl.interceptor.CommandContext.performOperation(CommandContext.java:97)
	at org.activiti.engine.impl.persistence.entity.ExecutionEntity.performOperationSync(ExecutionEntity.java:636)
	at org.activiti.engine.impl.persistence.entity.ExecutionEntity.performOperation(ExecutionEntity.java:629)
	at org.activiti.engine.impl.pvm.runtime.AbstractEventAtomicOperation.execute(AbstractEventAtomicOperation.java:49)
	at org.activiti.engine.impl.interceptor.CommandContext.performOperation(CommandContext.java:97)
	at org.activiti.engine.impl.persistence.entity.ExecutionEntity.performOperationSync(ExecutionEntity.java:636)
	at org.activiti.engine.impl.persistence.entity.ExecutionEntity.performOperation(ExecutionEntity.java:629)
	at org.activiti.engine.impl.persistence.entity.ExecutionEntity.take(ExecutionEntity.java:453)
	at org.activiti.engine.impl.persistence.entity.ExecutionEntity.take(ExecutionEntity.java:431)
	at org.activiti.engine.impl.bpmn.behavior.BpmnActivityBehavior.performOutgoingBehavior(BpmnActivityBehavior.java:140)
	at org.activiti.engine.impl.bpmn.behavior.BpmnActivityBehavior.performDefaultOutgoingBehavior(BpmnActivityBehavior.java:66)
	at org.activiti.engine.impl.bpmn.behavior.FlowNodeActivityBehavior.leave(FlowNodeActivityBehavior.java:44)
	at org.activiti.engine.impl.bpmn.behavior.FlowNodeActivityBehavior.execute(FlowNodeActivityBehavior.java:36)
	at org.activiti.engine.impl.pvm.runtime.AtomicOperationActivityExecute.execute(AtomicOperationActivityExecute.java:60)
	at org.activiti.engine.impl.interceptor.CommandContext.performOperation(CommandContext.java:97)
	at org.activiti.engine.impl.persistence.entity.ExecutionEntity.performOperationSync(ExecutionEntity.java:636)
	at org.activiti.engine.impl.persistence.entity.ExecutionEntity.performOperation(ExecutionEntity.java:629)
	at org.activiti.engine.impl.pvm.runtime.AtomicOperationProcessStartInitial.eventNotificationsCompleted(AtomicOperationProcessStartInitial.java:45)
	at org.activiti.engine.impl.pvm.runtime.AbstractEventAtomicOperation.execute(AbstractEventAtomicOperation.java:56)
	at org.activiti.engine.impl.interceptor.CommandContext.performOperation(CommandContext.java:97)
	at org.activiti.engine.impl.persistence.entity.ExecutionEntity.performOperationSync(ExecutionEntity.java:636)
	at org.activiti.engine.impl.persistence.entity.ExecutionEntity.performOperation(ExecutionEntity.java:629)
	at org.activiti.engine.impl.pvm.runtime.AtomicOperationProcessStart.eventNotificationsCompleted(AtomicOperationProcessStart.java:64)
	at org.activiti.engine.impl.pvm.runtime.AbstractEventAtomicOperation.execute(AbstractEventAtomicOperation.java:56)
	at org.activiti.engine.impl.interceptor.CommandContext.performOperation(CommandContext.java:97)
	at org.activiti.engine.impl.persistence.entity.ExecutionEntity.performOperationSync(ExecutionEntity.java:636)
	at org.activiti.engine.impl.persistence.entity.ExecutionEntity.performOperation(ExecutionEntity.java:629)
	at org.activiti.engine.impl.persistence.entity.ExecutionEntity.start(ExecutionEntity.java:381)
	at org.activiti.engine.impl.cmd.StartProcessInstanceCmd.execute(StartProcessInstanceCmd.java:110)
	at org.activiti.engine.impl.cmd.StartProcessInstanceCmd.execute(StartProcessInstanceCmd.java:37)
	at org.activiti.engine.impl.interceptor.CommandInvoker.execute(CommandInvoker.java:24)
	at org.activiti.engine.impl.interceptor.CommandContextInterceptor.execute(CommandContextInterceptor.java:57)
	at org.activiti.engine.impl.interceptor.LogInterceptor.execute(LogInterceptor.java:37)
	at org.activiti.engine.impl.cfg.CommandExecutorImpl.execute(CommandExecutorImpl.java:40)
	at org.activiti.engine.impl.cfg.CommandExecutorImpl.execute(CommandExecutorImpl.java:35)
	at org.activiti.engine.impl.RuntimeServiceImpl.startProcessInstanceByKey(RuntimeServiceImpl.java:69)
	at org.activiti.engine.test.bpmn.subprocess.SubProcessTest.testTwoSubProcessInParallelWithinSubProcess(SubProcessTest.java:273)
	at sun.reflect.NativeMethodAccessorImpl.invoke0(Native Method)
	at sun.reflect.NativeMethodAccessorImpl.invoke(NativeMethodAccessorImpl.java:62)
	at sun.reflect.DelegatingMethodAccessorImpl.invoke(DelegatingMethodAccessorImpl.java:43)
	at java.lang.reflect.Method.invoke(Method.java:498)
	at junit.framework.TestCase.runTest(TestCase.java:176)
	at org.activiti.engine.impl.test.PvmTestCase.runTest(PvmTestCase.java:65)
	at junit.framework.TestCase.runBare(TestCase.java:141)
	at org.activiti.engine.impl.test.AbstractActivitiTestCase.runBare(AbstractActivitiTestCase.java:100)
	at junit.framework.TestResult$1.protect(TestResult.java:122)
	at junit.framework.TestResult.runProtected(TestResult.java:142)
	at junit.framework.TestResult.run(TestResult.java:125)
	at junit.framework.TestCase.run(TestCase.java:129)
	at junit.framework.TestSuite.runTest(TestSuite.java:255)
	at junit.framework.TestSuite.run(TestSuite.java:250)
	at org.junit.internal.runners.JUnit38ClassRunner.run(JUnit38ClassRunner.java:84)
	at org.apache.maven.surefire.junit4.JUnit4TestSet.execute(JUnit4TestSet.java:35)
	at org.apache.maven.surefire.junit4.JUnit4Provider.executeTestSet(JUnit4Provider.java:146)
	at org.apache.maven.surefire.junit4.JUnit4Provider.invoke(JUnit4Provider.java:97)
	at sun.reflect.NativeMethodAccessorImpl.invoke0(Native Method)
	at sun.reflect.NativeMethodAccessorImpl.invoke(NativeMethodAccessorImpl.java:62)
	at sun.reflect.DelegatingMethodAccessorImpl.invoke(DelegatingMethodAccessorImpl.java:43)
	at java.lang.reflect.Method.invoke(Method.java:498)
	at org.apache.maven.surefire.booter.ProviderFactory$ClassLoaderProxy.invoke(ProviderFactory.java:103)
	at com.sun.proxy.$Proxy0.invoke(Unknown Source)
	at org.apache.maven.surefire.booter.SurefireStarter.invokeProvider(SurefireStarter.java:145)
	at org.apache.maven.surefire.booter.SurefireStarter.runSuitesInProcess(SurefireStarter.java:87)
	at org.apache.maven.surefire.booter.ForkedBooter.main(ForkedBooter.java:69)
Caused by: org.h2.jdbc.JdbcSQLException: Syntax error in SQL statement &quot;SELECT RES.* 
     
    FROM ACT_HI_ACTINST RES
     WHERE  RES.EXECUTION_ID_ = ?
      
      
      
        AND RES.ACT_ID_ = ?
      
      
      
      
      
      
      
      
        AND RES.END_TIME_ IS NULL 
   
     ORDER BY  ORDER[*] BY RES.ID_ ASC  
    LIMIT ? OFFSET ? &quot;; expected &quot;=, NOT, EXISTS, INTERSECTS, SELECT, FROM&quot;; SQL statement:
select RES.* 
     
    from ACT_HI_ACTINST RES
     WHERE  RES.EXECUTION_ID_ = ?
      
      
      
        and RES.ACT_ID_ = ?
      
      
      
      
      
      
      
      
        and RES.END_TIME_ is null 
   
     order by  order by RES.ID_ asc  
    LIMIT ? OFFSET ? [42001-176]
	at org.h2.message.DbException.getJdbcSQLException(DbException.java:344)
	at org.h2.message.DbException.getSyntaxError(DbException.java:204)
	at org.h2.command.Parser.getSyntaxError(Parser.java:524)
	at org.h2.command.Parser.readTerm(Parser.java:2688)
	at org.h2.command.Parser.readFactor(Parser.java:2244)
	at org.h2.command.Parser.readSum(Parser.java:2231)
	at org.h2.command.Parser.readConcat(Parser.java:2201)
	at org.h2.command.Parser.readCondition(Parser.java:2051)
	at org.h2.command.Parser.readAnd(Parser.java:2023)
	at org.h2.command.Parser.readExpression(Parser.java:2015)
	at org.h2.command.Parser.parseEndOfQuery(Parser.java:1726)
	at org.h2.command.Parser.parseSelectUnionExtension(Parser.java:1706)
	at org.h2.command.Parser.parseSelectUnion(Parser.java:1675)
	at org.h2.command.Parser.parseSelect(Parser.java:1662)
	at org.h2.command.Parser.parsePrepared(Parser.java:434)
	at org.h2.command.Parser.parse(Parser.java:306)
	at org.h2.command.Parser.parse(Parser.java:282)
	at org.h2.command.Parser.prepareCommand(Parser.java:243)
	at org.h2.engine.Session.prepareLocal(Session.java:442)
	at org.h2.engine.Session.prepareCommand(Session.java:384)
	at org.h2.jdbc.JdbcConnection.prepareCommand(JdbcConnection.java:1188)
	at org.h2.jdbc.JdbcPreparedStatement.&lt;init&gt;(JdbcPreparedStatement.java:73)
	at org.h2.jdbc.JdbcConnection.prepareStatement(JdbcConnection.java:276)
	at sun.reflect.GeneratedMethodAccessor6.invoke(Unknown Source)
	at sun.reflect.DelegatingMethodAccessorImpl.invoke(DelegatingMethodAccessorImpl.java:43)
	at java.lang.reflect.Method.invoke(Method.java:498)
	at org.apache.ibatis.datasource.pooled.PooledConnection.invoke(PooledConnection.java:245)
	at com.sun.proxy.$Proxy12.prepareStatement(Unknown Source)
	at sun.reflect.GeneratedMethodAccessor6.invoke(Unknown Source)
	at sun.reflect.DelegatingMethodAccessorImpl.invoke(DelegatingMethodAccessorImpl.java:43)
	at java.lang.reflect.Method.invoke(Method.java:498)
	at org.apache.ibatis.logging.jdbc.ConnectionLogger.invoke(ConnectionLogger.java:55)
	at com.sun.proxy.$Proxy12.prepareStatement(Unknown Source)
	at org.apache.ibatis.executor.statement.PreparedStatementHandler.instantiateStatement(PreparedStatementHandler.java:79)
	at org.apache.ibatis.executor.statement.BaseStatementHandler.prepare(BaseStatementHandler.java:88)
	at org.apache.ibatis.executor.statement.RoutingStatementHandler.prepare(RoutingStatementHandler.java:58)
	at org.apache.ibatis.executor.SimpleExecutor.prepareStatement(SimpleExecutor.java:76)
	at org.apache.ibatis.executor.SimpleExecutor.doQuery(SimpleExecutor.java:61)
	at org.apache.ibatis.executor.BaseExecutor.queryFromDatabase(BaseExecutor.java:303)
	at org.apache.ibatis.executor.BaseExecutor.query(BaseExecutor.java:154)
	at org.apache.ibatis.executor.CachingExecutor.query(CachingExecutor.java:102)
	at org.apache.ibatis.executor.CachingExecutor.query(CachingExecutor.java:82)
	at org.apache.ibatis.session.defaults.DefaultSqlSession.selectList(DefaultSqlSession.java:120)
	... 160 more
10:47:09,631 [main] DEBUG org.activiti.engine.impl.test.PvmTestCase  - #### END SubProcessTest.testTwoSubProcessInParallelWithinSubProcess #############################################################
10:47:09,631 [main] ERROR org.activiti.engine.impl.test.PvmTestCase  - 

10:47:09,631 [main] ERROR org.activiti.engine.impl.test.PvmTestCase  - EXCEPTION: org.apache.ibatis.exceptions.PersistenceException: 
### Error querying database.  Cause: org.h2.jdbc.JdbcSQLException: Syntax error in SQL statement &quot;SELECT RES.* 
     
    FROM ACT_HI_ACTINST RES
     WHERE  RES.EXECUTION_ID_ = ?
      
      
      
        AND RES.ACT_ID_ = ?
      
      
      
      
      
      
      
      
        AND RES.END_TIME_ IS NULL 
   
     ORDER BY  ORDER[*] BY RES.ID_ ASC  
    LIMIT ? OFFSET ? &quot;; expected &quot;=, NOT, EXISTS, INTERSECTS, SELECT, FROM&quot;; SQL statement:
select RES.* 
     
    from ACT_HI_ACTINST RES
     WHERE  RES.EXECUTION_ID_ = ?
      
      
      
        and RES.ACT_ID_ = ?
      
      
      
      
      
      
      
      
        and RES.END_TIME_ is null 
   
     order by  order by RES.ID_ asc  
    LIMIT ? OFFSET ? [42001-176]
### The error may exist in org/activiti/db/mapping/entity/HistoricActivityInstance.xml
### The error may involve org.activiti.engine.impl.persistence.entity.HistoricActivityInstanceEntity.selectHistoricActivityInstancesByQueryCriteria
### The error occurred while executing a query
### SQL: select RES.*            from ACT_HI_ACTINST RES      WHERE  RES.EXECUTION_ID_ = ?                              and RES.ACT_ID_ = ?                                                                 and RES.END_TIME_ is null           order by  order by RES.ID_ asc       LIMIT ? OFFSET ?
### Cause: org.h2.jdbc.JdbcSQLException: Syntax error in SQL statement &quot;SELECT RES.* 
     
    FROM ACT_HI_ACTINST RES
     WHERE  RES.EXECUTION_ID_ = ?
      
      
      
        AND RES.ACT_ID_ = ?
      
      
      
      
      
      
      
      
        AND RES.END_TIME_ IS NULL 
   
     ORDER BY  ORDER[*] BY RES.ID_ ASC  
    LIMIT ? OFFSET ? &quot;; expected &quot;=, NOT, EXISTS, INTERSECTS, SELECT, FROM&quot;; SQL statement:
select RES.* 
     
    from ACT_HI_ACTINST RES
     WHERE  RES.EXECUTION_ID_ = ?
      
      
      
        and RES.ACT_ID_ = ?
      
      
      
      
      
      
      
      
        and RES.END_TIME_ is null 
   
     order by  order by RES.ID_ asc  
    LIMIT ? OFFSET ? [42001-176]
org.apache.ibatis.exceptions.PersistenceException: 
### Error querying database.  Cause: org.h2.jdbc.JdbcSQLException: Syntax error in SQL statement &quot;SELECT RES.* 
     
    FROM ACT_HI_ACTINST RES
     WHERE  RES.EXECUTION_ID_ = ?
      
      
      
        AND RES.ACT_ID_ = ?
      
      
      
      
      
      
      
      
        AND RES.END_TIME_ IS NULL 
   
     ORDER BY  ORDER[*] BY RES.ID_ ASC  
    LIMIT ? OFFSET ? &quot;; expected &quot;=, NOT, EXISTS, INTERSECTS, SELECT, FROM&quot;; SQL statement:
select RES.* 
     
    from ACT_HI_ACTINST RES
     WHERE  RES.EXECUTION_ID_ = ?
      
      
      
        and RES.ACT_ID_ = ?
      
      
      
      
      
      
      
      
        and RES.END_TIME_ is null 
   
     order by  order by RES.ID_ asc  
    LIMIT ? OFFSET ? [42001-176]
### The error may exist in org/activiti/db/mapping/entity/HistoricActivityInstance.xml
### The error may involve org.activiti.engine.impl.persistence.entity.HistoricActivityInstanceEntity.selectHistoricActivityInstancesByQueryCriteria
### The error occurred while executing a query
### SQL: select RES.*            from ACT_HI_ACTINST RES      WHERE  RES.EXECUTION_ID_ = ?                              and RES.ACT_ID_ = ?                                                                 and RES.END_TIME_ is null           order by  order by RES.ID_ asc       LIMIT ? OFFSET ?
### Cause: org.h2.jdbc.JdbcSQLException: Syntax error in SQL statement &quot;SELECT RES.* 
     
    FROM ACT_HI_ACTINST RES
     WHERE  RES.EXECUTION_ID_ = ?
      
      
      
        AND RES.ACT_ID_ = ?
      
      
      
      
      
      
      
      
        AND RES.END_TIME_ IS NULL 
   
     ORDER BY  ORDER[*] BY RES.ID_ ASC  
    LIMIT ? OFFSET ? &quot;; expected &quot;=, NOT, EXISTS, INTERSECTS, SELECT, FROM&quot;; SQL statement:
select RES.* 
     
    from ACT_HI_ACTINST RES
     WHERE  RES.EXECUTION_ID_ = ?
      
      
      
        and RES.ACT_ID_ = ?
      
      
      
      
      
      
      
      
        and RES.END_TIME_ is null 
   
     order by  order by RES.ID_ asc  
    LIMIT ? OFFSET ? [42001-176]
	at org.apache.ibatis.exceptions.ExceptionFactory.wrapException(ExceptionFactory.java:30)
	at org.apache.ibatis.session.defaults.DefaultSqlSession.selectList(DefaultSqlSession.java:122)
	at org.apache.ibatis.session.defaults.DefaultSqlSession.selectList(DefaultSqlSession.java:113)
	at org.activiti.engine.impl.db.DbSqlSession.selectListWithRawParameter(DbSqlSession.java:438)
	at org.activiti.engine.impl.db.DbSqlSession.selectList(DbSqlSession.java:429)
	at org.activiti.engine.impl.db.DbSqlSession.selectList(DbSqlSession.java:419)
	at org.activiti.engine.impl.persistence.entity.HistoricActivityInstanceEntityManager.findHistoricActivityInstancesByQueryCriteria(HistoricActivityInstanceEntityManager.java:56)
	at org.activiti.engine.impl.HistoricActivityInstanceQueryImpl.executeList(HistoricActivityInstanceQueryImpl.java:70)
	at org.activiti.engine.impl.AbstractQuery.listPage(AbstractQuery.java:151)
	at org.activiti.engine.impl.history.DefaultHistoryManager.findActivityInstance(DefaultHistoryManager.java:355)
	at org.activiti.engine.impl.history.DefaultHistoryManager.recordActivityEnd(DefaultHistoryManager.java:281)
	at org.activiti.engine.impl.history.handler.ActivityInstanceEndHandler.notify(ActivityInstanceEndHandler.java:29)
	at org.activiti.engine.impl.pvm.runtime.AbstractEventAtomicOperation.execute(AbstractEventAtomicOperation.java:42)
	at org.activiti.engine.impl.interceptor.CommandContext.performOperation(CommandContext.java:97)
	at org.activiti.engine.impl.persistence.entity.ExecutionEntity.performOperationSync(ExecutionEntity.java:636)
	at org.activiti.engine.impl.persistence.entity.ExecutionEntity.performOperation(ExecutionEntity.java:629)
	at org.activiti.engine.impl.persistence.entity.ExecutionEntity.take(ExecutionEntity.java:453)
	at org.activiti.engine.impl.pvm.runtime.OutgoingExecution.take(OutgoingExecution.java:48)
	at org.activiti.engine.impl.persistence.entity.ExecutionEntity.takeAll(ExecutionEntity.java:589)
	at org.activiti.engine.impl.bpmn.behavior.ParallelGatewayActivityBehavior.execute(ParallelGatewayActivityBehavior.java:78)
	at org.activiti.engine.impl.pvm.runtime.AtomicOperationActivityExecute.execute(AtomicOperationActivityExecute.java:60)
	at org.activiti.engine.impl.interceptor.CommandContext.performOperation(CommandContext.java:97)
	at org.activiti.engine.impl.persistence.entity.ExecutionEntity.performOperationSync(ExecutionEntity.java:636)
	at org.activiti.engine.impl.persistence.entity.ExecutionEntity.performOperation(ExecutionEntity.java:629)
	at org.activiti.engine.impl.pvm.runtime.AtomicOperationTransitionNotifyListenerStart.eventNotificationsCompleted(AtomicOperationTransitionNotifyListenerStart.java:52)
	at org.activiti.engine.impl.pvm.runtime.AbstractEventAtomicOperation.execute(AbstractEventAtomicOperation.java:56)
	at org.activiti.engine.impl.interceptor.CommandContext.performOperation(CommandContext.java:97)
	at org.activiti.engine.impl.persistence.entity.ExecutionEntity.performOperationSync(ExecutionEntity.java:636)
	at org.activiti.engine.impl.persistence.entity.ExecutionEntity.performOperation(ExecutionEntity.java:629)
	at org.activiti.engine.impl.pvm.runtime.AbstractEventAtomicOperation.execute(AbstractEventAtomicOperation.java:49)
	at org.activiti.engine.impl.interceptor.CommandContext.performOperation(CommandContext.java:97)
	at org.activiti.engine.impl.persistence.entity.ExecutionEntity.performOperationSync(ExecutionEntity.java:636)
	at org.activiti.engine.impl.persistence.entity.ExecutionEntity.performOperation(ExecutionEntity.java:629)
	at org.activiti.engine.impl.pvm.runtime.AtomicOperationTransitionCreateScope.execute(AtomicOperationTransitionCreateScope.java:49)
	at org.activiti.engine.impl.interceptor.CommandContext.performOperation(CommandContext.java:97)
	at org.activiti.engine.impl.persistence.entity.ExecutionEntity.performOperationSync(ExecutionEntity.java:636)
	at org.activiti.engine.impl.persistence.entity.ExecutionEntity.performOperation(ExecutionEntity.java:629)
	at org.activiti.engine.impl.pvm.runtime.AtomicOperationTransitionNotifyListenerTake.execute(AtomicOperationTransitionNotifyListenerTake.java:80)
	at org.activiti.engine.impl.interceptor.CommandContext.performOperation(CommandContext.java:97)
	at org.activiti.engine.impl.persistence.entity.ExecutionEntity.performOperationSync(ExecutionEntity.java:636)
	at org.activiti.engine.impl.persistence.entity.ExecutionEntity.performOperation(ExecutionEntity.java:629)
	at org.activiti.engine.impl.pvm.runtime.AtomicOperationTransitionDestroyScope.execute(AtomicOperationTransitionDestroyScope.java:116)
	at org.activiti.engine.impl.interceptor.CommandContext.performOperation(CommandContext.java:97)
	at org.activiti.engine.impl.persistence.entity.ExecutionEntity.performOperationSync(ExecutionEntity.java:636)
	at org.activiti.engine.impl.persistence.entity.ExecutionEntity.performOperation(ExecutionEntity.java:629)
	at org.activiti.engine.impl.pvm.runtime.AtomicOperationTransitionNotifyListenerEnd.eventNotificationsCompleted(AtomicOperationTransitionNotifyListenerEnd.java:35)
	at org.activiti.engine.impl.pvm.runtime.AbstractEventAtomicOperation.execute(AbstractEventAtomicOperation.java:56)
	at org.activiti.engine.impl.interceptor.CommandContext.performOperation(CommandContext.java:97)
	at org.activiti.engine.impl.persistence.entity.ExecutionEntity.performOperationSync(ExecutionEntity.java:636)
	at org.activiti.engine.impl.persistence.entity.ExecutionEntity.performOperation(ExecutionEntity.java:629)
	at org.activiti.engine.impl.pvm.runtime.AbstractEventAtomicOperation.execute(AbstractEventAtomicOperation.java:49)
	at org.activiti.engine.impl.interceptor.CommandContext.performOperation(CommandContext.java:97)
	at org.activiti.engine.impl.persistence.entity.ExecutionEntity.performOperationSync(ExecutionEntity.java:636)
	at org.activiti.engine.impl.persistence.entity.ExecutionEntity.performOperation(ExecutionEntity.java:629)
	at org.activiti.engine.impl.persistence.entity.ExecutionEntity.take(ExecutionEntity.java:453)
	at org.activiti.engine.impl.persistence.entity.ExecutionEntity.take(ExecutionEntity.java:431)
	at org.activiti.engine.impl.bpmn.behavior.BpmnActivityBehavior.performOutgoingBehavior(BpmnActivityBehavior.java:140)
	at org.activiti.engine.impl.bpmn.behavior.BpmnActivityBehavior.performDefaultOutgoingBehavior(BpmnActivityBehavior.java:66)
	at org.activiti.engine.impl.bpmn.behavior.FlowNodeActivityBehavior.leave(FlowNodeActivityBehavior.java:44)
	at org.activiti.engine.impl.bpmn.behavior.FlowNodeActivityBehavior.execute(FlowNodeActivityBehavior.java:36)
	at org.activiti.engine.impl.pvm.runtime.AtomicOperationActivityExecute.execute(AtomicOperationActivityExecute.java:60)
	at org.activiti.engine.impl.interceptor.CommandContext.performOperation(CommandContext.java:97)
	at org.activiti.engine.impl.persistence.entity.ExecutionEntity.performOperationSync(ExecutionEntity.java:636)
	at org.activiti.engine.impl.persistence.entity.ExecutionEntity.performOperation(ExecutionEntity.java:629)
	at org.activiti.engine.impl.pvm.runtime.AtomicOperationActivityStart.eventNotificationsCompleted(AtomicOperationActivityStart.java:26)
	at org.activiti.engine.impl.pvm.runtime.AbstractEventAtomicOperation.execute(AbstractEventAtomicOperation.java:56)
	at org.activiti.engine.impl.interceptor.CommandContext.performOperation(CommandContext.java:97)
	at org.activiti.engine.impl.persistence.entity.ExecutionEntity.performOperationSync(ExecutionEntity.java:636)
	at org.activiti.engine.impl.persistence.entity.ExecutionEntity.performOperation(ExecutionEntity.java:629)
	at org.activiti.engine.impl.persistence.entity.ExecutionEntity.executeActivity(ExecutionEntity.java:458)
	at org.activiti.engine.impl.bpmn.behavior.SubProcessActivityBehavior.execute(SubProcessActivityBehavior.java:55)
	at org.activiti.engine.impl.pvm.runtime.AtomicOperationActivityExecute.execute(AtomicOperationActivityExecute.java:60)
	at org.activiti.engine.impl.interceptor.CommandContext.performOperation(CommandContext.java:97)
	at org.activiti.engine.impl.persistence.entity.ExecutionEntity.performOperationSync(ExecutionEntity.java:636)
	at org.activiti.engine.impl.persistence.entity.ExecutionEntity.performOperation(ExecutionEntity.java:629)
	at org.activiti.engine.impl.pvm.runtime.AtomicOperationTransitionNotifyListenerStart.eventNotificationsCompleted(AtomicOperationTransitionNotifyListenerStart.java:52)
	at org.activiti.engine.impl.pvm.runtime.AbstractEventAtomicOperation.execute(AbstractEventAtomicOperation.java:56)
	at org.activiti.engine.impl.interceptor.CommandContext.performOperation(CommandContext.java:97)
	at org.activiti.engine.impl.persistence.entity.ExecutionEntity.performOperationSync(ExecutionEntity.java:636)
	at org.activiti.engine.impl.persistence.entity.ExecutionEntity.performOperation(ExecutionEntity.java:629)
	at org.activiti.engine.impl.pvm.runtime.AbstractEventAtomicOperation.execute(AbstractEventAtomicOperation.java:49)
	at org.activiti.engine.impl.interceptor.CommandContext.performOperation(CommandContext.java:97)
	at org.activiti.engine.impl.persistence.entity.ExecutionEntity.performOperationSync(ExecutionEntity.java:636)
	at org.activiti.engine.impl.persistence.entity.ExecutionEntity.performOperation(ExecutionEntity.java:629)
	at org.activiti.engine.impl.pvm.runtime.AtomicOperationTransitionCreateScope.execute(AtomicOperationTransitionCreateScope.java:49)
	at org.activiti.engine.impl.interceptor.CommandContext.performOperation(CommandContext.java:97)
	at org.activiti.engine.impl.persistence.entity.ExecutionEntity.performOperationSync(ExecutionEntity.java:636)
	at org.activiti.engine.impl.persistence.entity.ExecutionEntity.performOperation(ExecutionEntity.java:629)
	at org.activiti.engine.impl.pvm.runtime.AtomicOperationTransitionNotifyListenerTake.execute(AtomicOperationTransitionNotifyListenerTake.java:80)
	at org.activiti.engine.impl.interceptor.CommandContext.performOperation(CommandContext.java:97)
	at org.activiti.engine.impl.persistence.entity.ExecutionEntity.performOperationSync(ExecutionEntity.java:636)
	at org.activiti.engine.impl.persistence.entity.ExecutionEntity.performOperation(ExecutionEntity.java:629)
	at org.activiti.engine.impl.pvm.runtime.AtomicOperationTransitionDestroyScope.execute(AtomicOperationTransitionDestroyScope.java:116)
	at org.activiti.engine.impl.interceptor.CommandContext.performOperation(CommandContext.java:97)
	at org.activiti.engine.impl.persistence.entity.ExecutionEntity.performOperationSync(ExecutionEntity.java:636)
	at org.activiti.engine.impl.persistence.entity.ExecutionEntity.performOperation(ExecutionEntity.java:629)
	at org.activiti.engine.impl.pvm.runtime.AtomicOperationTransitionNotifyListenerEnd.eventNotificationsCompleted(AtomicOperationTransitionNotifyListenerEnd.java:35)
	at org.activiti.engine.impl.pvm.runtime.AbstractEventAtomicOperation.execute(AbstractEventAtomicOperation.java:56)
	at org.activiti.engine.impl.interceptor.CommandContext.performOperation(CommandContext.java:97)
	at org.activiti.engine.impl.persistence.entity.ExecutionEntity.performOperationSync(ExecutionEntity.java:636)
	at org.activiti.engine.impl.persistence.entity.ExecutionEntity.performOperation(ExecutionEntity.java:629)
	at org.activiti.engine.impl.pvm.runtime.AbstractEventAtomicOperation.execute(AbstractEventAtomicOperation.java:49)
	at org.activiti.engine.impl.interceptor.CommandContext.performOperation(CommandContext.java:97)
	at org.activiti.engine.impl.persistence.entity.ExecutionEntity.performOperationSync(ExecutionEntity.java:636)
	at org.activiti.engine.impl.persistence.entity.ExecutionEntity.performOperation(ExecutionEntity.java:629)
	at org.activiti.engine.impl.persistence.entity.ExecutionEntity.take(ExecutionEntity.java:453)
	at org.activiti.engine.impl.persistence.entity.ExecutionEntity.take(ExecutionEntity.java:431)
	at org.activiti.engine.impl.bpmn.behavior.BpmnActivityBehavior.performOutgoingBehavior(BpmnActivityBehavior.java:140)
	at org.activiti.engine.impl.bpmn.behavior.BpmnActivityBehavior.performDefaultOutgoingBehavior(BpmnActivityBehavior.java:66)
	at org.activiti.engine.impl.bpmn.behavior.FlowNodeActivityBehavior.leave(FlowNodeActivityBehavior.java:44)
	at org.activiti.engine.impl.bpmn.behavior.FlowNodeActivityBehavior.execute(FlowNodeActivityBehavior.java:36)
	at org.activiti.engine.impl.pvm.runtime.AtomicOperationActivityExecute.execute(AtomicOperationActivityExecute.java:60)
	at org.activiti.engine.impl.interceptor.CommandContext.performOperation(CommandContext.java:97)
	at org.activiti.engine.impl.persistence.entity.ExecutionEntity.performOperationSync(ExecutionEntity.java:636)
	at org.activiti.engine.impl.persistence.entity.ExecutionEntity.performOperation(ExecutionEntity.java:629)
	at org.activiti.engine.impl.pvm.runtime.AtomicOperationProcessStartInitial.eventNotificationsCompleted(AtomicOperationProcessStartInitial.java:45)
	at org.activiti.engine.impl.pvm.runtime.AbstractEventAtomicOperation.execute(AbstractEventAtomicOperation.java:56)
	at org.activiti.engine.impl.interceptor.CommandContext.performOperation(CommandContext.java:97)
	at org.activiti.engine.impl.persistence.entity.ExecutionEntity.performOperationSync(ExecutionEntity.java:636)
	at org.activiti.engine.impl.persistence.entity.ExecutionEntity.performOperation(ExecutionEntity.java:629)
	at org.activiti.engine.impl.pvm.runtime.AtomicOperationProcessStart.eventNotificationsCompleted(AtomicOperationProcessStart.java:64)
	at org.activiti.engine.impl.pvm.runtime.AbstractEventAtomicOperation.execute(AbstractEventAtomicOperation.java:56)
	at org.activiti.engine.impl.interceptor.CommandContext.performOperation(CommandContext.java:97)
	at org.activiti.engine.impl.persistence.entity.ExecutionEntity.performOperationSync(ExecutionEntity.java:636)
	at org.activiti.engine.impl.persistence.entity.ExecutionEntity.performOperation(ExecutionEntity.java:629)
	at org.activiti.engine.impl.persistence.entity.ExecutionEntity.start(ExecutionEntity.java:381)
	at org.activiti.engine.impl.cmd.StartProcessInstanceCmd.execute(StartProcessInstanceCmd.java:110)
	at org.activiti.engine.impl.cmd.StartProcessInstanceCmd.execute(StartProcessInstanceCmd.java:37)
	at org.activiti.engine.impl.interceptor.CommandInvoker.execute(CommandInvoker.java:24)
	at org.activiti.engine.impl.interceptor.CommandContextInterceptor.execute(CommandContextInterceptor.java:57)
	at org.activiti.engine.impl.interceptor.LogInterceptor.execute(LogInterceptor.java:37)
	at org.activiti.engine.impl.cfg.CommandExecutorImpl.execute(CommandExecutorImpl.java:40)
	at org.activiti.engine.impl.cfg.CommandExecutorImpl.execute(CommandExecutorImpl.java:35)
	at org.activiti.engine.impl.RuntimeServiceImpl.startProcessInstanceByKey(RuntimeServiceImpl.java:69)
	at org.activiti.engine.test.bpmn.subprocess.SubProcessTest.testTwoSubProcessInParallelWithinSubProcess(SubProcessTest.java:273)
	at sun.reflect.NativeMethodAccessorImpl.invoke0(Native Method)
	at sun.reflect.NativeMethodAccessorImpl.invoke(NativeMethodAccessorImpl.java:62)
	at sun.reflect.DelegatingMethodAccessorImpl.invoke(DelegatingMethodAccessorImpl.java:43)
	at java.lang.reflect.Method.invoke(Method.java:498)
	at junit.framework.TestCase.runTest(TestCase.java:176)
	at org.activiti.engine.impl.test.PvmTestCase.runTest(PvmTestCase.java:65)
	at junit.framework.TestCase.runBare(TestCase.java:141)
	at org.activiti.engine.impl.test.AbstractActivitiTestCase.runBare(AbstractActivitiTestCase.java:100)
	at junit.framework.TestResult$1.protect(TestResult.java:122)
	at junit.framework.TestResult.runProtected(TestResult.java:142)
	at junit.framework.TestResult.run(TestResult.java:125)
	at junit.framework.TestCase.run(TestCase.java:129)
	at junit.framework.TestSuite.runTest(TestSuite.java:255)
	at junit.framework.TestSuite.run(TestSuite.java:250)
	at org.junit.internal.runners.JUnit38ClassRunner.run(JUnit38ClassRunner.java:84)
	at org.apache.maven.surefire.junit4.JUnit4TestSet.execute(JUnit4TestSet.java:35)
	at org.apache.maven.surefire.junit4.JUnit4Provider.executeTestSet(JUnit4Provider.java:146)
	at org.apache.maven.surefire.junit4.JUnit4Provider.invoke(JUnit4Provider.java:97)
	at sun.reflect.NativeMethodAccessorImpl.invoke0(Native Method)
	at sun.reflect.NativeMethodAccessorImpl.invoke(NativeMethodAccessorImpl.java:62)
	at sun.reflect.DelegatingMethodAccessorImpl.invoke(DelegatingMethodAccessorImpl.java:43)
	at java.lang.reflect.Method.invoke(Method.java:498)
	at org.apache.maven.surefire.booter.ProviderFactory$ClassLoaderProxy.invoke(ProviderFactory.java:103)
	at com.sun.proxy.$Proxy0.invoke(Unknown Source)
	at org.apache.maven.surefire.booter.SurefireStarter.invokeProvider(SurefireStarter.java:145)
	at org.apache.maven.surefire.booter.SurefireStarter.runSuitesInProcess(SurefireStarter.java:87)
	at org.apache.maven.surefire.booter.ForkedBooter.main(ForkedBooter.java:69)
Caused by: org.h2.jdbc.JdbcSQLException: Syntax error in SQL statement &quot;SELECT RES.* 
     
    FROM ACT_HI_ACTINST RES
     WHERE  RES.EXECUTION_ID_ = ?
      
      
      
        AND RES.ACT_ID_ = ?
      
      
      
      
      
      
      
      
        AND RES.END_TIME_ IS NULL 
   
     ORDER BY  ORDER[*] BY RES.ID_ ASC  
    LIMIT ? OFFSET ? &quot;; expected &quot;=, NOT, EXISTS, INTERSECTS, SELECT, FROM&quot;; SQL statement:
select RES.* 
     
    from ACT_HI_ACTINST RES
     WHERE  RES.EXECUTION_ID_ = ?
      
      
      
        and RES.ACT_ID_ = ?
      
      
      
      
      
      
      
      
        and RES.END_TIME_ is null 
   
     order by  order by RES.ID_ asc  
    LIMIT ? OFFSET ? [42001-176]
	at org.h2.message.DbException.getJdbcSQLException(DbException.java:344)
	at org.h2.message.DbException.getSyntaxError(DbException.java:204)
	at org.h2.command.Parser.getSyntaxError(Parser.java:524)
	at org.h2.command.Parser.readTerm(Parser.java:2688)
	at org.h2.command.Parser.readFactor(Parser.java:2244)
	at org.h2.command.Parser.readSum(Parser.java:2231)
	at org.h2.command.Parser.readConcat(Parser.java:2201)
	at org.h2.command.Parser.readCondition(Parser.java:2051)
	at org.h2.command.Parser.readAnd(Parser.java:2023)
	at org.h2.command.Parser.readExpression(Parser.java:2015)
	at org.h2.command.Parser.parseEndOfQuery(Parser.java:1726)
	at org.h2.command.Parser.parseSelectUnionExtension(Parser.java:1706)
	at org.h2.command.Parser.parseSelectUnion(Parser.java:1675)
	at org.h2.command.Parser.parseSelect(Parser.java:1662)
	at org.h2.command.Parser.parsePrepared(Parser.java:434)
	at org.h2.command.Parser.parse(Parser.java:306)
	at org.h2.command.Parser.parse(Parser.java:282)
	at org.h2.command.Parser.prepareCommand(Parser.java:243)
	at org.h2.engine.Session.prepareLocal(Session.java:442)
	at org.h2.engine.Session.prepareCommand(Session.java:384)
	at org.h2.jdbc.JdbcConnection.prepareCommand(JdbcConnection.java:1188)
	at org.h2.jdbc.JdbcPreparedStatement.&lt;init&gt;(JdbcPreparedStatement.java:73)
	at org.h2.jdbc.JdbcConnection.prepareStatement(JdbcConnection.java:276)
	at sun.reflect.GeneratedMethodAccessor6.invoke(Unknown Source)
	at sun.reflect.DelegatingMethodAccessorImpl.invoke(DelegatingMethodAccessorImpl.java:43)
	at java.lang.reflect.Method.invoke(Method.java:498)
	at org.apache.ibatis.datasource.pooled.PooledConnection.invoke(PooledConnection.java:245)
	at com.sun.proxy.$Proxy12.prepareStatement(Unknown Source)
	at sun.reflect.GeneratedMethodAccessor6.invoke(Unknown Source)
	at sun.reflect.DelegatingMethodAccessorImpl.invoke(DelegatingMethodAccessorImpl.java:43)
	at java.lang.reflect.Method.invoke(Method.java:498)
	at org.apache.ibatis.logging.jdbc.ConnectionLogger.invoke(ConnectionLogger.java:55)
	at com.sun.proxy.$Proxy12.prepareStatement(Unknown Source)
	at org.apache.ibatis.executor.statement.PreparedStatementHandler.instantiateStatement(PreparedStatementHandler.java:79)
	at org.apache.ibatis.executor.statement.BaseStatementHandler.prepare(BaseStatementHandler.java:88)
	at org.apache.ibatis.executor.statement.RoutingStatementHandler.prepare(RoutingStatementHandler.java:58)
	at org.apache.ibatis.executor.SimpleExecutor.prepareStatement(SimpleExecutor.java:76)
	at org.apache.ibatis.executor.SimpleExecutor.doQuery(SimpleExecutor.java:61)
	at org.apache.ibatis.executor.BaseExecutor.queryFromDatabase(BaseExecutor.java:303)
	at org.apache.ibatis.executor.BaseExecutor.query(BaseExecutor.java:154)
	at org.apache.ibatis.executor.CachingExecutor.query(CachingExecutor.java:102)
	at org.apache.ibatis.executor.CachingExecutor.query(CachingExecutor.java:82)
	at org.apache.ibatis.session.defaults.DefaultSqlSession.selectList(DefaultSqlSession.java:120)
	... 160 more
10:47:09,631 [main] DEBUG org.activiti.engine.impl.test.TestHelper  - annotation @Deployment deletes deployment for SubProcessTest.testTwoSubProcessInParallelWithinSubProcess
10:47:09,631 [main] DEBUG org.activiti.engine.impl.interceptor.LogInterceptor  - 

10:47:09,631 [main] DEBUG org.activiti.engine.impl.interceptor.LogInterceptor  - --- starting DeleteDeploymentCmd --------------------------------------------------------
10:47:09,631 [main] DEBUG org.apache.ibatis.transaction.jdbc.JdbcTransaction  - Opening JDBC Connection
10:47:09,631 [main] DEBUG org.apache.ibatis.datasource.pooled.PooledDataSource  - Checked out connection 486346394 from pool.
10:47:09,631 [main] DEBUG org.apache.ibatis.transaction.jdbc.JdbcTransaction  - Setting autocommit to false on JDBC Connection [conn6: url=jdbc:h2:mem:activiti user=SA]
10:47:09,631 [main] DEBUG org.activiti.engine.impl.persistence.entity.DeploymentEntity.selectDeploymentById  - ==&gt;  Preparing: select * from ACT_RE_DEPLOYMENT where ID_ = ? 
10:47:09,632 [main] DEBUG org.activiti.engine.impl.persistence.entity.DeploymentEntity.selectDeploymentById  - ==&gt; Parameters: 113(String)
10:47:09,632 [main] DEBUG org.activiti.engine.impl.persistence.entity.DeploymentEntity.selectDeploymentById  - &lt;==      Total: 1
10:47:09,632 [main] DEBUG org.activiti.engine.impl.persistence.entity.ProcessDefinitionEntity.selectProcessDefinitionsByQueryCriteria  - ==&gt;  Preparing: select RES.* from ACT_RE_PROCDEF RES WHERE RES.DEPLOYMENT_ID_ = ? order by order by RES.ID_ asc LIMIT ? OFFSET ? 
10:47:09,632 [main] DEBUG org.activiti.engine.impl.interceptor.CommandContext  - Error while closing command context
org.apache.ibatis.exceptions.PersistenceException: 
### Error querying database.  Cause: org.h2.jdbc.JdbcSQLException: Syntax error in SQL statement &quot;SELECT RES.* 
       
    FROM ACT_RE_PROCDEF RES
     
     WHERE  RES.DEPLOYMENT_ID_ = ? 
   
     ORDER BY  ORDER[*] BY RES.ID_ ASC  
    LIMIT ? OFFSET ? &quot;; expected &quot;=, NOT, EXISTS, INTERSECTS, SELECT, FROM&quot;; SQL statement:
select RES.* 
       
    from ACT_RE_PROCDEF RES
     
     WHERE  RES.DEPLOYMENT_ID_ = ? 
   
     order by  order by RES.ID_ asc  
    LIMIT ? OFFSET ? [42001-176]
### The error may exist in org/activiti/db/mapping/entity/ProcessDefinition.xml
### The error may involve org.activiti.engine.impl.persistence.entity.ProcessDefinitionEntity.selectProcessDefinitionsByQueryCriteria
### The error occurred while executing a query
### SQL: select RES.*              from ACT_RE_PROCDEF RES            WHERE  RES.DEPLOYMENT_ID_ = ?           order by  order by RES.ID_ asc       LIMIT ? OFFSET ?
### Cause: org.h2.jdbc.JdbcSQLException: Syntax error in SQL statement &quot;SELECT RES.* 
       
    FROM ACT_RE_PROCDEF RES
     
     WHERE  RES.DEPLOYMENT_ID_ = ? 
   
     ORDER BY  ORDER[*] BY RES.ID_ ASC  
    LIMIT ? OFFSET ? &quot;; expected &quot;=, NOT, EXISTS, INTERSECTS, SELECT, FROM&quot;; SQL statement:
select RES.* 
       
    from ACT_RE_PROCDEF RES
     
     WHERE  RES.DEPLOYMENT_ID_ = ? 
   
     order by  order by RES.ID_ asc  
    LIMIT ? OFFSET ? [42001-176]
	at org.apache.ibatis.exceptions.ExceptionFactory.wrapException(ExceptionFactory.java:30)
	at org.apache.ibatis.session.defaults.DefaultSqlSession.selectList(DefaultSqlSession.java:122)
	at org.apache.ibatis.session.defaults.DefaultSqlSession.selectList(DefaultSqlSession.java:113)
	at org.activiti.engine.impl.db.DbSqlSession.selectListWithRawParameter(DbSqlSession.java:438)
	at org.activiti.engine.impl.db.DbSqlSession.selectList(DbSqlSession.java:429)
	at org.activiti.engine.impl.db.DbSqlSession.selectList(DbSqlSession.java:419)
	at org.activiti.engine.impl.persistence.entity.ProcessDefinitionEntityManager.findProcessDefinitionsByQueryCriteria(ProcessDefinitionEntityManager.java:57)
	at org.activiti.engine.impl.ProcessDefinitionQueryImpl.executeList(ProcessDefinitionQueryImpl.java:307)
	at org.activiti.engine.impl.AbstractQuery.list(AbstractQuery.java:140)
	at org.activiti.engine.impl.persistence.deploy.DeploymentManager.removeDeployment(DeploymentManager.java:187)
	at org.activiti.engine.impl.cmd.DeleteDeploymentCmd.execute(DeleteDeploymentCmd.java:44)
	at org.activiti.engine.impl.cmd.DeleteDeploymentCmd.execute(DeleteDeploymentCmd.java:24)
	at org.activiti.engine.impl.interceptor.CommandInvoker.execute(CommandInvoker.java:24)
	at org.activiti.engine.impl.interceptor.CommandContextInterceptor.execute(CommandContextInterceptor.java:57)
	at org.activiti.engine.impl.interceptor.LogInterceptor.execute(LogInterceptor.java:37)
	at org.activiti.engine.impl.cfg.CommandExecutorImpl.execute(CommandExecutorImpl.java:40)
	at org.activiti.engine.impl.cfg.CommandExecutorImpl.execute(CommandExecutorImpl.java:35)
	at org.activiti.engine.impl.RepositoryServiceImpl.deleteDeployment(RepositoryServiceImpl.java:90)
	at org.activiti.engine.impl.test.TestHelper.annotationDeploymentTearDown(TestHelper.java:116)
	at org.activiti.engine.impl.test.AbstractActivitiTestCase.runBare(AbstractActivitiTestCase.java:116)
	at junit.framework.TestResult$1.protect(TestResult.java:122)
	at junit.framework.TestResult.runProtected(TestResult.java:142)
	at junit.framework.TestResult.run(TestResult.java:125)
	at junit.framework.TestCase.run(TestCase.java:129)
	at junit.framework.TestSuite.runTest(TestSuite.java:255)
	at junit.framework.TestSuite.run(TestSuite.java:250)
	at org.junit.internal.runners.JUnit38ClassRunner.run(JUnit38ClassRunner.java:84)
	at org.apache.maven.surefire.junit4.JUnit4TestSet.execute(JUnit4TestSet.java:35)
	at org.apache.maven.surefire.junit4.JUnit4Provider.executeTestSet(JUnit4Provider.java:146)
	at org.apache.maven.surefire.junit4.JUnit4Provider.invoke(JUnit4Provider.java:97)
	at sun.reflect.NativeMethodAccessorImpl.invoke0(Native Method)
	at sun.reflect.NativeMethodAccessorImpl.invoke(NativeMethodAccessorImpl.java:62)
	at sun.reflect.DelegatingMethodAccessorImpl.invoke(DelegatingMethodAccessorImpl.java:43)
	at java.lang.reflect.Method.invoke(Method.java:498)
	at org.apache.maven.surefire.booter.ProviderFactory$ClassLoaderProxy.invoke(ProviderFactory.java:103)
	at com.sun.proxy.$Proxy0.invoke(Unknown Source)
	at org.apache.maven.surefire.booter.SurefireStarter.invokeProvider(SurefireStarter.java:145)
	at org.apache.maven.surefire.booter.SurefireStarter.runSuitesInProcess(SurefireStarter.java:87)
	at org.apache.maven.surefire.booter.ForkedBooter.main(ForkedBooter.java:69)
Caused by: org.h2.jdbc.JdbcSQLException: Syntax error in SQL statement &quot;SELECT RES.* 
       
    FROM ACT_RE_PROCDEF RES
     
     WHERE  RES.DEPLOYMENT_ID_ = ? 
   
     ORDER BY  ORDER[*] BY RES.ID_ ASC  
    LIMIT ? OFFSET ? &quot;; expected &quot;=, NOT, EXISTS, INTERSECTS, SELECT, FROM&quot;; SQL statement:
select RES.* 
       
    from ACT_RE_PROCDEF RES
     
     WHERE  RES.DEPLOYMENT_ID_ = ? 
   
     order by  order by RES.ID_ asc  
    LIMIT ? OFFSET ? [42001-176]
	at org.h2.message.DbException.getJdbcSQLException(DbException.java:344)
	at org.h2.message.DbException.getSyntaxError(DbException.java:204)
	at org.h2.command.Parser.getSyntaxError(Parser.java:524)
	at org.h2.command.Parser.readTerm(Parser.java:2688)
	at org.h2.command.Parser.readFactor(Parser.java:2244)
	at org.h2.command.Parser.readSum(Parser.java:2231)
	at org.h2.command.Parser.readConcat(Parser.java:2201)
	at org.h2.command.Parser.readCondition(Parser.java:2051)
	at org.h2.command.Parser.readAnd(Parser.java:2023)
	at org.h2.command.Parser.readExpression(Parser.java:2015)
	at org.h2.command.Parser.parseEndOfQuery(Parser.java:1726)
	at org.h2.command.Parser.parseSelectUnionExtension(Parser.java:1706)
	at org.h2.command.Parser.parseSelectUnion(Parser.java:1675)
	at org.h2.command.Parser.parseSelect(Parser.java:1662)
	at org.h2.command.Parser.parsePrepared(Parser.java:434)
	at org.h2.command.Parser.parse(Parser.java:306)
	at org.h2.command.Parser.parse(Parser.java:282)
	at org.h2.command.Parser.prepareCommand(Parser.java:243)
	at org.h2.engine.Session.prepareLocal(Session.java:442)
	at org.h2.engine.Session.prepareCommand(Session.java:384)
	at org.h2.jdbc.JdbcConnection.prepareCommand(JdbcConnection.java:1188)
	at org.h2.jdbc.JdbcPreparedStatement.&lt;init&gt;(JdbcPreparedStatement.java:73)
	at org.h2.jdbc.JdbcConnection.prepareStatement(JdbcConnection.java:276)
	at sun.reflect.GeneratedMethodAccessor6.invoke(Unknown Source)
	at sun.reflect.DelegatingMethodAccessorImpl.invoke(DelegatingMethodAccessorImpl.java:43)
	at java.lang.reflect.Method.invoke(Method.java:498)
	at org.apache.ibatis.datasource.pooled.PooledConnection.invoke(PooledConnection.java:245)
	at com.sun.proxy.$Proxy12.prepareStatement(Unknown Source)
	at sun.reflect.GeneratedMethodAccessor6.invoke(Unknown Source)
	at sun.reflect.DelegatingMethodAccessorImpl.invoke(DelegatingMethodAccessorImpl.java:43)
	at java.lang.reflect.Method.invoke(Method.java:498)
	at org.apache.ibatis.logging.jdbc.ConnectionLogger.invoke(ConnectionLogger.java:55)
	at com.sun.proxy.$Proxy12.prepareStatement(Unknown Source)
	at org.apache.ibatis.executor.statement.PreparedStatementHandler.instantiateStatement(PreparedStatementHandler.java:79)
	at org.apache.ibatis.executor.statement.BaseStatementHandler.prepare(BaseStatementHandler.java:88)
	at org.apache.ibatis.executor.statement.RoutingStatementHandler.prepare(RoutingStatementHandler.java:58)
	at org.apache.ibatis.executor.SimpleExecutor.prepareStatement(SimpleExecutor.java:76)
	at org.apache.ibatis.executor.SimpleExecutor.doQuery(SimpleExecutor.java:61)
	at org.apache.ibatis.executor.BaseExecutor.queryFromDatabase(BaseExecutor.java:303)
	at org.apache.ibatis.executor.BaseExecutor.query(BaseExecutor.java:154)
	at org.apache.ibatis.executor.CachingExecutor.query(CachingExecutor.java:102)
	at org.apache.ibatis.executor.CachingExecutor.query(CachingExecutor.java:82)
	at org.apache.ibatis.session.defaults.DefaultSqlSession.selectList(DefaultSqlSession.java:120)
	... 37 more
10:47:09,632 [main] DEBUG org.activiti.engine.impl.cfg.standalone.StandaloneMybatisTransactionContext  - firing event rolling back...
10:47:09,632 [main] DEBUG org.activiti.engine.impl.cfg.standalone.StandaloneMybatisTransactionContext  - rolling back ibatis sql session...
10:47:09,632 [main] DEBUG org.activiti.engine.impl.cfg.standalone.StandaloneMybatisTransactionContext  - firing event rolled back...
10:47:09,632 [main] DEBUG org.apache.ibatis.transaction.jdbc.JdbcTransaction  - Resetting autocommit to true on JDBC Connection [conn6: url=jdbc:h2:mem:activiti user=SA]
10:47:09,632 [main] DEBUG org.apache.ibatis.transaction.jdbc.JdbcTransaction  - Closing JDBC Connection [conn6: url=jdbc:h2:mem:activiti user=SA]
10:47:09,633 [main] DEBUG org.apache.ibatis.datasource.pooled.PooledDataSource  - Returned connection 486346394 to pool.
10:47:09,633 [main] DEBUG org.activiti.engine.impl.interceptor.LogInterceptor  - --- DeleteDeploymentCmd finished --------------------------------------------------------
10:47:09,633 [main] DEBUG org.activiti.engine.impl.interceptor.LogInterceptor  - 

</system-out>
  </testcase>
  <testcase classname="org.activiti.engine.test.bpmn.subprocess.SubProcessTest" name="testDataObjectScope" time="0.12">
    <error message="
### Error querying database.  Cause: org.h2.jdbc.JdbcSQLException: Syntax error in SQL statement &quot;SELECT RES.* 
       
    FROM ACT_RE_PROCDEF RES
     
     WHERE  RES.DEPLOYMENT_ID_ = ? 
   
     ORDER BY  ORDER[*] BY RES.ID_ ASC  
    LIMIT ? OFFSET ? &quot;; expected &quot;=, NOT, EXISTS, INTERSECTS, SELECT, FROM&quot;; SQL statement:
select RES.* 
       
    from ACT_RE_PROCDEF RES
     
     WHERE  RES.DEPLOYMENT_ID_ = ? 
   
     order by  order by RES.ID_ asc  
    LIMIT ? OFFSET ? [42001-176]
### The error may exist in org/activiti/db/mapping/entity/ProcessDefinition.xml
### The error may involve org.activiti.engine.impl.persistence.entity.ProcessDefinitionEntity.selectProcessDefinitionsByQueryCriteria
### The error occurred while executing a query
### SQL: select RES.*              from ACT_RE_PROCDEF RES            WHERE  RES.DEPLOYMENT_ID_ = ?           order by  order by RES.ID_ asc       LIMIT ? OFFSET ?
### Cause: org.h2.jdbc.JdbcSQLException: Syntax error in SQL statement &quot;SELECT RES.* 
       
    FROM ACT_RE_PROCDEF RES
     
     WHERE  RES.DEPLOYMENT_ID_ = ? 
   
     ORDER BY  ORDER[*] BY RES.ID_ ASC  
    LIMIT ? OFFSET ? &quot;; expected &quot;=, NOT, EXISTS, INTERSECTS, SELECT, FROM&quot;; SQL statement:
select RES.* 
       
    from ACT_RE_PROCDEF RES
     
     WHERE  RES.DEPLOYMENT_ID_ = ? 
   
     order by  order by RES.ID_ asc  
    LIMIT ? OFFSET ? [42001-176]" type="org.apache.ibatis.exceptions.PersistenceException">org.apache.ibatis.exceptions.PersistenceException: 
### Error querying database.  Cause: org.h2.jdbc.JdbcSQLException: Syntax error in SQL statement &quot;SELECT RES.* 
       
    FROM ACT_RE_PROCDEF RES
     
     WHERE  RES.DEPLOYMENT_ID_ = ? 
   
     ORDER BY  ORDER[*] BY RES.ID_ ASC  
    LIMIT ? OFFSET ? &quot;; expected &quot;=, NOT, EXISTS, INTERSECTS, SELECT, FROM&quot;; SQL statement:
select RES.* 
       
    from ACT_RE_PROCDEF RES
     
     WHERE  RES.DEPLOYMENT_ID_ = ? 
   
     order by  order by RES.ID_ asc  
    LIMIT ? OFFSET ? [42001-176]
### The error may exist in org/activiti/db/mapping/entity/ProcessDefinition.xml
### The error may involve org.activiti.engine.impl.persistence.entity.ProcessDefinitionEntity.selectProcessDefinitionsByQueryCriteria
### The error occurred while executing a query
### SQL: select RES.*              from ACT_RE_PROCDEF RES            WHERE  RES.DEPLOYMENT_ID_ = ?           order by  order by RES.ID_ asc       LIMIT ? OFFSET ?
### Cause: org.h2.jdbc.JdbcSQLException: Syntax error in SQL statement &quot;SELECT RES.* 
       
    FROM ACT_RE_PROCDEF RES
     
     WHERE  RES.DEPLOYMENT_ID_ = ? 
   
     ORDER BY  ORDER[*] BY RES.ID_ ASC  
    LIMIT ? OFFSET ? &quot;; expected &quot;=, NOT, EXISTS, INTERSECTS, SELECT, FROM&quot;; SQL statement:
select RES.* 
       
    from ACT_RE_PROCDEF RES
     
     WHERE  RES.DEPLOYMENT_ID_ = ? 
   
     order by  order by RES.ID_ asc  
    LIMIT ? OFFSET ? [42001-176]
	at org.apache.ibatis.exceptions.ExceptionFactory.wrapException(ExceptionFactory.java:30)
	at org.apache.ibatis.session.defaults.DefaultSqlSession.selectList(DefaultSqlSession.java:122)
	at org.apache.ibatis.session.defaults.DefaultSqlSession.selectList(DefaultSqlSession.java:113)
	at org.activiti.engine.impl.db.DbSqlSession.selectListWithRawParameter(DbSqlSession.java:438)
	at org.activiti.engine.impl.db.DbSqlSession.selectList(DbSqlSession.java:429)
	at org.activiti.engine.impl.db.DbSqlSession.selectList(DbSqlSession.java:419)
	at org.activiti.engine.impl.persistence.entity.ProcessDefinitionEntityManager.findProcessDefinitionsByQueryCriteria(ProcessDefinitionEntityManager.java:57)
	at org.activiti.engine.impl.ProcessDefinitionQueryImpl.executeList(ProcessDefinitionQueryImpl.java:307)
	at org.activiti.engine.impl.AbstractQuery.list(AbstractQuery.java:140)
	at org.activiti.engine.impl.persistence.deploy.DeploymentManager.removeDeployment(DeploymentManager.java:187)
	at org.activiti.engine.impl.cmd.DeleteDeploymentCmd.execute(DeleteDeploymentCmd.java:44)
	at org.activiti.engine.impl.cmd.DeleteDeploymentCmd.execute(DeleteDeploymentCmd.java:24)
	at org.activiti.engine.impl.interceptor.CommandInvoker.execute(CommandInvoker.java:24)
	at org.activiti.engine.impl.interceptor.CommandContextInterceptor.execute(CommandContextInterceptor.java:57)
	at org.activiti.engine.impl.interceptor.LogInterceptor.execute(LogInterceptor.java:37)
	at org.activiti.engine.impl.cfg.CommandExecutorImpl.execute(CommandExecutorImpl.java:40)
	at org.activiti.engine.impl.cfg.CommandExecutorImpl.execute(CommandExecutorImpl.java:35)
	at org.activiti.engine.impl.RepositoryServiceImpl.deleteDeployment(RepositoryServiceImpl.java:90)
	at org.activiti.engine.impl.test.TestHelper.annotationDeploymentTearDown(TestHelper.java:116)
	at org.activiti.engine.impl.test.AbstractActivitiTestCase.runBare(AbstractActivitiTestCase.java:116)
	at junit.framework.TestResult$1.protect(TestResult.java:122)
	at junit.framework.TestResult.runProtected(TestResult.java:142)
	at junit.framework.TestResult.run(TestResult.java:125)
	at junit.framework.TestCase.run(TestCase.java:129)
	at junit.framework.TestSuite.runTest(TestSuite.java:255)
	at junit.framework.TestSuite.run(TestSuite.java:250)
	at org.junit.internal.runners.JUnit38ClassRunner.run(JUnit38ClassRunner.java:84)
	at org.apache.maven.surefire.junit4.JUnit4TestSet.execute(JUnit4TestSet.java:35)
	at org.apache.maven.surefire.junit4.JUnit4Provider.executeTestSet(JUnit4Provider.java:146)
	at org.apache.maven.surefire.junit4.JUnit4Provider.invoke(JUnit4Provider.java:97)
	at sun.reflect.NativeMethodAccessorImpl.invoke0(Native Method)
	at sun.reflect.NativeMethodAccessorImpl.invoke(NativeMethodAccessorImpl.java:62)
	at sun.reflect.DelegatingMethodAccessorImpl.invoke(DelegatingMethodAccessorImpl.java:43)
	at java.lang.reflect.Method.invoke(Method.java:498)
	at org.apache.maven.surefire.booter.ProviderFactory$ClassLoaderProxy.invoke(ProviderFactory.java:103)
	at com.sun.proxy.$Proxy0.invoke(Unknown Source)
	at org.apache.maven.surefire.booter.SurefireStarter.invokeProvider(SurefireStarter.java:145)
	at org.apache.maven.surefire.booter.SurefireStarter.runSuitesInProcess(SurefireStarter.java:87)
	at org.apache.maven.surefire.booter.ForkedBooter.main(ForkedBooter.java:69)
Caused by: org.h2.jdbc.JdbcSQLException: Syntax error in SQL statement &quot;SELECT RES.* 
       
    FROM ACT_RE_PROCDEF RES
     
     WHERE  RES.DEPLOYMENT_ID_ = ? 
   
     ORDER BY  ORDER[*] BY RES.ID_ ASC  
    LIMIT ? OFFSET ? &quot;; expected &quot;=, NOT, EXISTS, INTERSECTS, SELECT, FROM&quot;; SQL statement:
select RES.* 
       
    from ACT_RE_PROCDEF RES
     
     WHERE  RES.DEPLOYMENT_ID_ = ? 
   
     order by  order by RES.ID_ asc  
    LIMIT ? OFFSET ? [42001-176]
	at org.h2.message.DbException.getJdbcSQLException(DbException.java:344)
	at org.h2.message.DbException.getSyntaxError(DbException.java:204)
	at org.h2.command.Parser.getSyntaxError(Parser.java:524)
	at org.h2.command.Parser.readTerm(Parser.java:2688)
	at org.h2.command.Parser.readFactor(Parser.java:2244)
	at org.h2.command.Parser.readSum(Parser.java:2231)
	at org.h2.command.Parser.readConcat(Parser.java:2201)
	at org.h2.command.Parser.readCondition(Parser.java:2051)
	at org.h2.command.Parser.readAnd(Parser.java:2023)
	at org.h2.command.Parser.readExpression(Parser.java:2015)
	at org.h2.command.Parser.parseEndOfQuery(Parser.java:1726)
	at org.h2.command.Parser.parseSelectUnionExtension(Parser.java:1706)
	at org.h2.command.Parser.parseSelectUnion(Parser.java:1675)
	at org.h2.command.Parser.parseSelect(Parser.java:1662)
	at org.h2.command.Parser.parsePrepared(Parser.java:434)
	at org.h2.command.Parser.parse(Parser.java:306)
	at org.h2.command.Parser.parse(Parser.java:282)
	at org.h2.command.Parser.prepareCommand(Parser.java:243)
	at org.h2.engine.Session.prepareLocal(Session.java:442)
	at org.h2.engine.Session.prepareCommand(Session.java:384)
	at org.h2.jdbc.JdbcConnection.prepareCommand(JdbcConnection.java:1188)
	at org.h2.jdbc.JdbcPreparedStatement.&lt;init&gt;(JdbcPreparedStatement.java:73)
	at org.h2.jdbc.JdbcConnection.prepareStatement(JdbcConnection.java:276)
	at sun.reflect.GeneratedMethodAccessor6.invoke(Unknown Source)
	at sun.reflect.DelegatingMethodAccessorImpl.invoke(DelegatingMethodAccessorImpl.java:43)
	at java.lang.reflect.Method.invoke(Method.java:498)
	at org.apache.ibatis.datasource.pooled.PooledConnection.invoke(PooledConnection.java:245)
	at com.sun.proxy.$Proxy12.prepareStatement(Unknown Source)
	at sun.reflect.GeneratedMethodAccessor6.invoke(Unknown Source)
	at sun.reflect.DelegatingMethodAccessorImpl.invoke(DelegatingMethodAccessorImpl.java:43)
	at java.lang.reflect.Method.invoke(Method.java:498)
	at org.apache.ibatis.logging.jdbc.ConnectionLogger.invoke(ConnectionLogger.java:55)
	at com.sun.proxy.$Proxy12.prepareStatement(Unknown Source)
	at org.apache.ibatis.executor.statement.PreparedStatementHandler.instantiateStatement(PreparedStatementHandler.java:79)
	at org.apache.ibatis.executor.statement.BaseStatementHandler.prepare(BaseStatementHandler.java:88)
	at org.apache.ibatis.executor.statement.RoutingStatementHandler.prepare(RoutingStatementHandler.java:58)
	at org.apache.ibatis.executor.SimpleExecutor.prepareStatement(SimpleExecutor.java:76)
	at org.apache.ibatis.executor.SimpleExecutor.doQuery(SimpleExecutor.java:61)
	at org.apache.ibatis.executor.BaseExecutor.queryFromDatabase(BaseExecutor.java:303)
	at org.apache.ibatis.executor.BaseExecutor.query(BaseExecutor.java:154)
	at org.apache.ibatis.executor.CachingExecutor.query(CachingExecutor.java:102)
	at org.apache.ibatis.executor.CachingExecutor.query(CachingExecutor.java:82)
	at org.apache.ibatis.session.defaults.DefaultSqlSession.selectList(DefaultSqlSession.java:120)
	... 37 more
</error>
    <system-out>10:47:09,633 [main] DEBUG org.activiti.engine.impl.test.TestHelper  - annotation @Deployment creates deployment for SubProcessTest.testDataObjectScope
10:47:09,634 [main] DEBUG org.activiti.engine.impl.interceptor.LogInterceptor  - 

10:47:09,634 [main] DEBUG org.activiti.engine.impl.interceptor.LogInterceptor  - --- starting DeployCmd --------------------------------------------------------
10:47:09,634 [main] DEBUG org.activiti.engine.impl.bpmn.deployer.BpmnDeployer  - Processing deployment SubProcessTest.testDataObjectScope
10:47:09,634 [main] INFO  org.activiti.engine.impl.bpmn.deployer.BpmnDeployer  - Processing resource org/activiti/engine/test/bpmn/subprocess/SubProcessTest.testDataObjectScope.bpmn20.xml
10:47:09,642 [main] DEBUG org.activiti.engine.impl.bpmn.parser.handler.ProcessParseHandler  - Parsing process dataObjectScope
10:47:09,642 [main] DEBUG org.activiti.engine.impl.bpmn.parser.handler.AbstractBpmnParseHandler  - Parsing activity subprocess1
10:47:09,642 [main] DEBUG org.activiti.engine.impl.bpmn.parser.handler.AbstractBpmnParseHandler  - Parsing activity userTask2
10:47:09,642 [main] DEBUG org.activiti.engine.impl.bpmn.parser.handler.AbstractBpmnParseHandler  - Parsing activity end2
10:47:09,642 [main] DEBUG org.activiti.engine.impl.bpmn.parser.handler.AbstractBpmnParseHandler  - Parsing activity start2
10:47:09,642 [main] DEBUG org.activiti.engine.impl.bpmn.parser.handler.AbstractBpmnParseHandler  - Parsing activity userTask1
10:47:09,642 [main] DEBUG org.activiti.engine.impl.bpmn.parser.handler.AbstractBpmnParseHandler  - Parsing activity userTask3
10:47:09,642 [main] DEBUG org.activiti.engine.impl.bpmn.parser.handler.AbstractBpmnParseHandler  - Parsing activity start1
10:47:09,642 [main] DEBUG org.activiti.engine.impl.bpmn.parser.handler.AbstractBpmnParseHandler  - Parsing activity end1
10:47:09,748 [main] DEBUG org.apache.ibatis.transaction.jdbc.JdbcTransaction  - Opening JDBC Connection
10:47:09,748 [main] DEBUG org.apache.ibatis.datasource.pooled.PooledDataSource  - Checked out connection 297240765 from pool.
10:47:09,748 [main] DEBUG org.apache.ibatis.transaction.jdbc.JdbcTransaction  - Setting autocommit to false on JDBC Connection [conn4: url=jdbc:h2:mem:activiti user=SA]
10:47:09,748 [main] DEBUG org.activiti.engine.impl.persistence.entity.ProcessDefinitionEntity.selectLatestProcessDefinitionByKey  - ==&gt;  Preparing: select * from ACT_RE_PROCDEF where KEY_ = ? and (TENANT_ID_ = &apos;&apos; or TENANT_ID_ is null) and VERSION_ = (select max(VERSION_) from ACT_RE_PROCDEF where KEY_ = ? and (TENANT_ID_ = &apos;&apos; or TENANT_ID_ is null)) 
10:47:09,748 [main] DEBUG org.activiti.engine.impl.persistence.entity.ProcessDefinitionEntity.selectLatestProcessDefinitionByKey  - ==&gt; Parameters: dataObjectScope(String), dataObjectScope(String)
10:47:09,748 [main] DEBUG org.activiti.engine.impl.persistence.entity.ProcessDefinitionEntity.selectLatestProcessDefinitionByKey  - &lt;==      Total: 0
10:47:09,748 [main] DEBUG org.activiti.engine.impl.persistence.entity.JobEntity.selectJobByTypeAndProcessDefinitionKeyNoTenantId  - ==&gt;  Preparing: select J.* from ACT_RU_JOB J inner join ACT_RE_PROCDEF P on J.PROC_DEF_ID_ = P.ID_ where J.HANDLER_TYPE_ = ? and P.KEY_ = ? and (P.TENANT_ID_ = &apos;&apos; or P.TENANT_ID_ is null) 
10:47:09,748 [main] DEBUG org.activiti.engine.impl.persistence.entity.JobEntity.selectJobByTypeAndProcessDefinitionKeyNoTenantId  - ==&gt; Parameters: timer-start-event(String), dataObjectScope(String)
10:47:09,748 [main] DEBUG org.activiti.engine.impl.persistence.entity.JobEntity.selectJobByTypeAndProcessDefinitionKeyNoTenantId  - &lt;==      Total: 0
10:47:09,748 [main] DEBUG org.activiti.engine.impl.persistence.entity.ProcessDefinitionInfoEntity.selectProcessDefinitionInfoByProcessDefinitionId  - ==&gt;  Preparing: select * from ACT_PROCDEF_INFO where PROC_DEF_ID_ = ? 
10:47:09,748 [main] DEBUG org.activiti.engine.impl.persistence.entity.ProcessDefinitionInfoEntity.selectProcessDefinitionInfoByProcessDefinitionId  - ==&gt; Parameters: dataObjectScope:1:127(String)
10:47:09,748 [main] DEBUG org.activiti.engine.impl.persistence.entity.ProcessDefinitionInfoEntity.selectProcessDefinitionInfoByProcessDefinitionId  - &lt;==      Total: 0
10:47:09,748 [main] DEBUG org.activiti.engine.impl.interceptor.LogInterceptor  - 

10:47:09,748 [main] DEBUG org.activiti.engine.impl.interceptor.LogInterceptor  - --- starting GetProcessDefinitionInfoCmd --------------------------------------------------------
10:47:09,748 [main] DEBUG org.activiti.engine.impl.interceptor.CommandContextInterceptor  - Valid context found. Reusing it for the current command &apos;org.activiti.engine.impl.cmd.GetProcessDefinitionInfoCmd&apos;
10:47:09,748 [main] DEBUG org.activiti.engine.impl.interceptor.LogInterceptor  - 

10:47:09,748 [main] DEBUG org.activiti.engine.impl.interceptor.LogInterceptor  - --- starting  --------------------------------------------------------
10:47:09,748 [main] DEBUG org.activiti.engine.impl.interceptor.CommandContextInterceptor  - Valid context found. Reusing it for the current command &apos;null&apos;
10:47:09,749 [main] DEBUG org.activiti.engine.impl.interceptor.LogInterceptor  - ---  finished --------------------------------------------------------
10:47:09,749 [main] DEBUG org.activiti.engine.impl.interceptor.LogInterceptor  - 

10:47:09,749 [main] DEBUG org.activiti.engine.impl.interceptor.LogInterceptor  - --- GetProcessDefinitionInfoCmd finished --------------------------------------------------------
10:47:09,749 [main] DEBUG org.activiti.engine.impl.interceptor.LogInterceptor  - 

10:47:09,749 [main] DEBUG org.activiti.engine.impl.db.DbSqlSession  -   insert ResourceEntity[id=125, name=org/activiti/engine/test/bpmn/subprocess/SubProcessTest.testDataObjectScope.bpmn20.xml]
10:47:09,749 [main] DEBUG org.activiti.engine.impl.db.DbSqlSession  -   insert ResourceEntity[id=126, name=org/activiti/engine/test/bpmn/subprocess/SubProcessTest.testDataObjectScope.dataObjectScope.png]
10:47:09,749 [main] DEBUG org.activiti.engine.impl.db.DbSqlSession  -   insert DeploymentEntity[id=124, name=SubProcessTest.testDataObjectScope]
10:47:09,749 [main] DEBUG org.activiti.engine.impl.db.DbSqlSession  -   insert ProcessDefinitionEntity[dataObjectScope:1:127]
10:47:09,749 [main] DEBUG org.activiti.engine.impl.db.DbSqlSession  - flush summary: 4 insert, 0 update, 0 delete.
10:47:09,749 [main] DEBUG org.activiti.engine.impl.db.DbSqlSession  - now executing flush...
10:47:09,749 [main] DEBUG org.activiti.engine.impl.db.DbSqlSession  - inserting: ProcessDefinitionEntity[dataObjectScope:1:127]
10:47:09,749 [main] DEBUG org.activiti.engine.impl.persistence.entity.ProcessDefinitionEntity.insertProcessDefinition  - ==&gt;  Preparing: insert into ACT_RE_PROCDEF(ID_, REV_, CATEGORY_, NAME_, KEY_, VERSION_, DEPLOYMENT_ID_, RESOURCE_NAME_, DGRM_RESOURCE_NAME_, DESCRIPTION_, HAS_START_FORM_KEY_, HAS_GRAPHICAL_NOTATION_ , SUSPENSION_STATE_, TENANT_ID_) values (?, 1, ?, ?, ?, ?, ?, ?, ?, ?, ?, ?, ?, ?) 
10:47:09,749 [main] DEBUG org.activiti.engine.impl.persistence.entity.ProcessDefinitionEntity.insertProcessDefinition  - ==&gt; Parameters: dataObjectScope:1:127(String), http://www.activiti.org/test(String), Data Object Scope(String), dataObjectScope(String), 1(Integer), 124(String), org/activiti/engine/test/bpmn/subprocess/SubProcessTest.testDataObjectScope.bpmn20.xml(String), org/activiti/engine/test/bpmn/subprocess/SubProcessTest.testDataObjectScope.dataObjectScope.png(String), null, false(Boolean), true(Boolean), 1(Integer), (String)
10:47:09,749 [main] DEBUG org.activiti.engine.impl.persistence.entity.ProcessDefinitionEntity.insertProcessDefinition  - &lt;==    Updates: 1
10:47:09,749 [main] DEBUG org.activiti.engine.impl.db.DbSqlSession  - inserting: DeploymentEntity[id=124, name=SubProcessTest.testDataObjectScope]
10:47:09,749 [main] DEBUG org.activiti.engine.impl.persistence.entity.DeploymentEntity.insertDeployment  - ==&gt;  Preparing: insert into ACT_RE_DEPLOYMENT(ID_, NAME_, CATEGORY_, TENANT_ID_, DEPLOY_TIME_) values(?, ?, ?, ?, ?) 
10:47:09,749 [main] DEBUG org.activiti.engine.impl.persistence.entity.DeploymentEntity.insertDeployment  - ==&gt; Parameters: 124(String), SubProcessTest.testDataObjectScope(String), null, (String), 2023-03-20 10:46:46.742(Timestamp)
10:47:09,749 [main] DEBUG org.activiti.engine.impl.persistence.entity.DeploymentEntity.insertDeployment  - &lt;==    Updates: 1
10:47:09,749 [main] DEBUG org.activiti.engine.impl.persistence.entity.ResourceEntity.bulkInsertResource  - ==&gt;  Preparing: INSERT INTO ACT_GE_BYTEARRAY(ID_, REV_, NAME_, BYTES_, DEPLOYMENT_ID_, GENERATED_) VALUES (?, 1, ?, ?, ?, ?) , (?, 1, ?, ?, ?, ?) 
10:47:09,749 [main] DEBUG org.activiti.engine.impl.persistence.entity.ResourceEntity.bulkInsertResource  - ==&gt; Parameters: 125(String), org/activiti/engine/test/bpmn/subprocess/SubProcessTest.testDataObjectScope.bpmn20.xml(String), java.io.ByteArrayInputStream@5f99ff48(ByteArrayInputStream), 124(String), false(Boolean), 126(String), org/activiti/engine/test/bpmn/subprocess/SubProcessTest.testDataObjectScope.dataObjectScope.png(String), java.io.ByteArrayInputStream@5daa5cce(ByteArrayInputStream), 124(String), true(Boolean)
10:47:09,749 [main] DEBUG org.activiti.engine.impl.persistence.entity.ResourceEntity.bulkInsertResource  - &lt;==    Updates: 2
10:47:09,749 [main] DEBUG org.activiti.engine.impl.cfg.standalone.StandaloneMybatisTransactionContext  - firing event committing...
10:47:09,749 [main] DEBUG org.activiti.engine.impl.cfg.standalone.StandaloneMybatisTransactionContext  - committing the ibatis sql session...
10:47:09,749 [main] DEBUG org.apache.ibatis.transaction.jdbc.JdbcTransaction  - Committing JDBC Connection [conn4: url=jdbc:h2:mem:activiti user=SA]
10:47:09,749 [main] DEBUG org.activiti.engine.impl.cfg.standalone.StandaloneMybatisTransactionContext  - firing event committed...
10:47:09,749 [main] DEBUG org.apache.ibatis.transaction.jdbc.JdbcTransaction  - Resetting autocommit to true on JDBC Connection [conn4: url=jdbc:h2:mem:activiti user=SA]
10:47:09,750 [main] DEBUG org.apache.ibatis.transaction.jdbc.JdbcTransaction  - Closing JDBC Connection [conn4: url=jdbc:h2:mem:activiti user=SA]
10:47:09,750 [main] DEBUG org.apache.ibatis.datasource.pooled.PooledDataSource  - Returned connection 297240765 to pool.
10:47:09,750 [main] DEBUG org.activiti.engine.impl.interceptor.LogInterceptor  - --- DeployCmd finished --------------------------------------------------------
10:47:09,750 [main] DEBUG org.activiti.engine.impl.interceptor.LogInterceptor  - 

10:47:09,750 [main] DEBUG org.activiti.engine.impl.test.PvmTestCase  - 

10:47:09,750 [main] DEBUG org.activiti.engine.impl.test.PvmTestCase  - #### START SubProcessTest.testDataObjectScope ###########################################################
10:47:09,750 [main] DEBUG org.activiti.engine.impl.interceptor.LogInterceptor  - 

10:47:09,750 [main] DEBUG org.activiti.engine.impl.interceptor.LogInterceptor  - --- starting StartProcessInstanceCmd --------------------------------------------------------
10:47:09,750 [main] DEBUG org.apache.ibatis.transaction.jdbc.JdbcTransaction  - Opening JDBC Connection
10:47:09,750 [main] DEBUG org.apache.ibatis.datasource.pooled.PooledDataSource  - Checked out connection 363509958 from pool.
10:47:09,750 [main] DEBUG org.apache.ibatis.transaction.jdbc.JdbcTransaction  - Setting autocommit to false on JDBC Connection [conn2: url=jdbc:h2:mem:activiti user=SA]
10:47:09,750 [main] DEBUG org.activiti.engine.impl.persistence.entity.ProcessDefinitionEntity.selectLatestProcessDefinitionByKey  - ==&gt;  Preparing: select * from ACT_RE_PROCDEF where KEY_ = ? and (TENANT_ID_ = &apos;&apos; or TENANT_ID_ is null) and VERSION_ = (select max(VERSION_) from ACT_RE_PROCDEF where KEY_ = ? and (TENANT_ID_ = &apos;&apos; or TENANT_ID_ is null)) 
10:47:09,750 [main] DEBUG org.activiti.engine.impl.persistence.entity.ProcessDefinitionEntity.selectLatestProcessDefinitionByKey  - ==&gt; Parameters: dataObjectScope(String), dataObjectScope(String)
10:47:09,750 [main] DEBUG org.activiti.engine.impl.persistence.entity.ProcessDefinitionEntity.selectLatestProcessDefinitionByKey  - &lt;==      Total: 1
10:47:09,751 [main] DEBUG org.activiti.engine.impl.persistence.entity.ExecutionEntity  - initializing ProcessInstance[128]
10:47:09,751 [main] DEBUG org.activiti.engine.impl.history.DefaultHistoryManager  - Current history level: FULL, level required: ACTIVITY
10:47:09,751 [main] DEBUG org.activiti.engine.impl.history.DefaultHistoryManager  - Current history level: FULL, level required: FULL
10:47:09,751 [main] DEBUG org.activiti.engine.impl.persistence.entity.HistoricActivityInstanceEntity.selectHistoricActivityInstancesByQueryCriteria  - ==&gt;  Preparing: select RES.* from ACT_HI_ACTINST RES WHERE RES.EXECUTION_ID_ = ? and RES.ACT_ID_ = ? and RES.END_TIME_ is null order by order by RES.ID_ asc LIMIT ? OFFSET ? 
10:47:09,751 [main] DEBUG org.activiti.engine.impl.interceptor.CommandContext  - Error while closing command context
org.apache.ibatis.exceptions.PersistenceException: 
### Error querying database.  Cause: org.h2.jdbc.JdbcSQLException: Syntax error in SQL statement &quot;SELECT RES.* 
     
    FROM ACT_HI_ACTINST RES
     WHERE  RES.EXECUTION_ID_ = ?
      
      
      
        AND RES.ACT_ID_ = ?
      
      
      
      
      
      
      
      
        AND RES.END_TIME_ IS NULL 
   
     ORDER BY  ORDER[*] BY RES.ID_ ASC  
    LIMIT ? OFFSET ? &quot;; expected &quot;=, NOT, EXISTS, INTERSECTS, SELECT, FROM&quot;; SQL statement:
select RES.* 
     
    from ACT_HI_ACTINST RES
     WHERE  RES.EXECUTION_ID_ = ?
      
      
      
        and RES.ACT_ID_ = ?
      
      
      
      
      
      
      
      
        and RES.END_TIME_ is null 
   
     order by  order by RES.ID_ asc  
    LIMIT ? OFFSET ? [42001-176]
### The error may exist in org/activiti/db/mapping/entity/HistoricActivityInstance.xml
### The error may involve org.activiti.engine.impl.persistence.entity.HistoricActivityInstanceEntity.selectHistoricActivityInstancesByQueryCriteria
### The error occurred while executing a query
### SQL: select RES.*            from ACT_HI_ACTINST RES      WHERE  RES.EXECUTION_ID_ = ?                              and RES.ACT_ID_ = ?                                                                 and RES.END_TIME_ is null           order by  order by RES.ID_ asc       LIMIT ? OFFSET ?
### Cause: org.h2.jdbc.JdbcSQLException: Syntax error in SQL statement &quot;SELECT RES.* 
     
    FROM ACT_HI_ACTINST RES
     WHERE  RES.EXECUTION_ID_ = ?
      
      
      
        AND RES.ACT_ID_ = ?
      
      
      
      
      
      
      
      
        AND RES.END_TIME_ IS NULL 
   
     ORDER BY  ORDER[*] BY RES.ID_ ASC  
    LIMIT ? OFFSET ? &quot;; expected &quot;=, NOT, EXISTS, INTERSECTS, SELECT, FROM&quot;; SQL statement:
select RES.* 
     
    from ACT_HI_ACTINST RES
     WHERE  RES.EXECUTION_ID_ = ?
      
      
      
        and RES.ACT_ID_ = ?
      
      
      
      
      
      
      
      
        and RES.END_TIME_ is null 
   
     order by  order by RES.ID_ asc  
    LIMIT ? OFFSET ? [42001-176]
	at org.apache.ibatis.exceptions.ExceptionFactory.wrapException(ExceptionFactory.java:30)
	at org.apache.ibatis.session.defaults.DefaultSqlSession.selectList(DefaultSqlSession.java:122)
	at org.apache.ibatis.session.defaults.DefaultSqlSession.selectList(DefaultSqlSession.java:113)
	at org.activiti.engine.impl.db.DbSqlSession.selectListWithRawParameter(DbSqlSession.java:438)
	at org.activiti.engine.impl.db.DbSqlSession.selectList(DbSqlSession.java:429)
	at org.activiti.engine.impl.db.DbSqlSession.selectList(DbSqlSession.java:419)
	at org.activiti.engine.impl.persistence.entity.HistoricActivityInstanceEntityManager.findHistoricActivityInstancesByQueryCriteria(HistoricActivityInstanceEntityManager.java:56)
	at org.activiti.engine.impl.HistoricActivityInstanceQueryImpl.executeList(HistoricActivityInstanceQueryImpl.java:70)
	at org.activiti.engine.impl.AbstractQuery.listPage(AbstractQuery.java:151)
	at org.activiti.engine.impl.history.DefaultHistoryManager.findActivityInstance(DefaultHistoryManager.java:355)
	at org.activiti.engine.impl.history.DefaultHistoryManager.recordHistoricDetailVariableCreate(DefaultHistoryManager.java:659)
	at org.activiti.engine.impl.persistence.entity.VariableScopeImpl.createVariableInstance(VariableScopeImpl.java:710)
	at org.activiti.engine.impl.persistence.entity.ExecutionEntity.createVariableInstance(ExecutionEntity.java:1174)
	at org.activiti.engine.impl.persistence.entity.VariableScopeImpl.createVariableLocal(VariableScopeImpl.java:610)
	at org.activiti.engine.impl.persistence.entity.VariableScopeImpl.createVariableLocal(VariableScopeImpl.java:597)
	at org.activiti.engine.impl.persistence.entity.VariableScopeImpl.setVariable(VariableScopeImpl.java:491)
	at org.activiti.engine.impl.persistence.entity.VariableScopeImpl.setVariable(VariableScopeImpl.java:448)
	at org.activiti.engine.impl.persistence.entity.VariableScopeImpl.setVariables(VariableScopeImpl.java:392)
	at org.activiti.engine.impl.persistence.entity.ProcessDefinitionEntity.createProcessInstance(ProcessDefinitionEntity.java:112)
	at org.activiti.engine.impl.persistence.entity.ProcessDefinitionEntity.createProcessInstance(ProcessDefinitionEntity.java:135)
	at org.activiti.engine.impl.cmd.StartProcessInstanceCmd.execute(StartProcessInstanceCmd.java:99)
	at org.activiti.engine.impl.cmd.StartProcessInstanceCmd.execute(StartProcessInstanceCmd.java:37)
	at org.activiti.engine.impl.interceptor.CommandInvoker.execute(CommandInvoker.java:24)
	at org.activiti.engine.impl.interceptor.CommandContextInterceptor.execute(CommandContextInterceptor.java:57)
	at org.activiti.engine.impl.interceptor.LogInterceptor.execute(LogInterceptor.java:37)
	at org.activiti.engine.impl.cfg.CommandExecutorImpl.execute(CommandExecutorImpl.java:40)
	at org.activiti.engine.impl.cfg.CommandExecutorImpl.execute(CommandExecutorImpl.java:35)
	at org.activiti.engine.impl.RuntimeServiceImpl.startProcessInstanceByKey(RuntimeServiceImpl.java:69)
	at org.activiti.engine.test.bpmn.subprocess.SubProcessTest.testDataObjectScope(SubProcessTest.java:365)
	at sun.reflect.NativeMethodAccessorImpl.invoke0(Native Method)
	at sun.reflect.NativeMethodAccessorImpl.invoke(NativeMethodAccessorImpl.java:62)
	at sun.reflect.DelegatingMethodAccessorImpl.invoke(DelegatingMethodAccessorImpl.java:43)
	at java.lang.reflect.Method.invoke(Method.java:498)
	at junit.framework.TestCase.runTest(TestCase.java:176)
	at org.activiti.engine.impl.test.PvmTestCase.runTest(PvmTestCase.java:65)
	at junit.framework.TestCase.runBare(TestCase.java:141)
	at org.activiti.engine.impl.test.AbstractActivitiTestCase.runBare(AbstractActivitiTestCase.java:100)
	at junit.framework.TestResult$1.protect(TestResult.java:122)
	at junit.framework.TestResult.runProtected(TestResult.java:142)
	at junit.framework.TestResult.run(TestResult.java:125)
	at junit.framework.TestCase.run(TestCase.java:129)
	at junit.framework.TestSuite.runTest(TestSuite.java:255)
	at junit.framework.TestSuite.run(TestSuite.java:250)
	at org.junit.internal.runners.JUnit38ClassRunner.run(JUnit38ClassRunner.java:84)
	at org.apache.maven.surefire.junit4.JUnit4TestSet.execute(JUnit4TestSet.java:35)
	at org.apache.maven.surefire.junit4.JUnit4Provider.executeTestSet(JUnit4Provider.java:146)
	at org.apache.maven.surefire.junit4.JUnit4Provider.invoke(JUnit4Provider.java:97)
	at sun.reflect.NativeMethodAccessorImpl.invoke0(Native Method)
	at sun.reflect.NativeMethodAccessorImpl.invoke(NativeMethodAccessorImpl.java:62)
	at sun.reflect.DelegatingMethodAccessorImpl.invoke(DelegatingMethodAccessorImpl.java:43)
	at java.lang.reflect.Method.invoke(Method.java:498)
	at org.apache.maven.surefire.booter.ProviderFactory$ClassLoaderProxy.invoke(ProviderFactory.java:103)
	at com.sun.proxy.$Proxy0.invoke(Unknown Source)
	at org.apache.maven.surefire.booter.SurefireStarter.invokeProvider(SurefireStarter.java:145)
	at org.apache.maven.surefire.booter.SurefireStarter.runSuitesInProcess(SurefireStarter.java:87)
	at org.apache.maven.surefire.booter.ForkedBooter.main(ForkedBooter.java:69)
Caused by: org.h2.jdbc.JdbcSQLException: Syntax error in SQL statement &quot;SELECT RES.* 
     
    FROM ACT_HI_ACTINST RES
     WHERE  RES.EXECUTION_ID_ = ?
      
      
      
        AND RES.ACT_ID_ = ?
      
      
      
      
      
      
      
      
        AND RES.END_TIME_ IS NULL 
   
     ORDER BY  ORDER[*] BY RES.ID_ ASC  
    LIMIT ? OFFSET ? &quot;; expected &quot;=, NOT, EXISTS, INTERSECTS, SELECT, FROM&quot;; SQL statement:
select RES.* 
     
    from ACT_HI_ACTINST RES
     WHERE  RES.EXECUTION_ID_ = ?
      
      
      
        and RES.ACT_ID_ = ?
      
      
      
      
      
      
      
      
        and RES.END_TIME_ is null 
   
     order by  order by RES.ID_ asc  
    LIMIT ? OFFSET ? [42001-176]
	at org.h2.message.DbException.getJdbcSQLException(DbException.java:344)
	at org.h2.message.DbException.getSyntaxError(DbException.java:204)
	at org.h2.command.Parser.getSyntaxError(Parser.java:524)
	at org.h2.command.Parser.readTerm(Parser.java:2688)
	at org.h2.command.Parser.readFactor(Parser.java:2244)
	at org.h2.command.Parser.readSum(Parser.java:2231)
	at org.h2.command.Parser.readConcat(Parser.java:2201)
	at org.h2.command.Parser.readCondition(Parser.java:2051)
	at org.h2.command.Parser.readAnd(Parser.java:2023)
	at org.h2.command.Parser.readExpression(Parser.java:2015)
	at org.h2.command.Parser.parseEndOfQuery(Parser.java:1726)
	at org.h2.command.Parser.parseSelectUnionExtension(Parser.java:1706)
	at org.h2.command.Parser.parseSelectUnion(Parser.java:1675)
	at org.h2.command.Parser.parseSelect(Parser.java:1662)
	at org.h2.command.Parser.parsePrepared(Parser.java:434)
	at org.h2.command.Parser.parse(Parser.java:306)
	at org.h2.command.Parser.parse(Parser.java:282)
	at org.h2.command.Parser.prepareCommand(Parser.java:243)
	at org.h2.engine.Session.prepareLocal(Session.java:442)
	at org.h2.engine.Session.prepareCommand(Session.java:384)
	at org.h2.jdbc.JdbcConnection.prepareCommand(JdbcConnection.java:1188)
	at org.h2.jdbc.JdbcPreparedStatement.&lt;init&gt;(JdbcPreparedStatement.java:73)
	at org.h2.jdbc.JdbcConnection.prepareStatement(JdbcConnection.java:276)
	at sun.reflect.GeneratedMethodAccessor6.invoke(Unknown Source)
	at sun.reflect.DelegatingMethodAccessorImpl.invoke(DelegatingMethodAccessorImpl.java:43)
	at java.lang.reflect.Method.invoke(Method.java:498)
	at org.apache.ibatis.datasource.pooled.PooledConnection.invoke(PooledConnection.java:245)
	at com.sun.proxy.$Proxy12.prepareStatement(Unknown Source)
	at sun.reflect.GeneratedMethodAccessor6.invoke(Unknown Source)
	at sun.reflect.DelegatingMethodAccessorImpl.invoke(DelegatingMethodAccessorImpl.java:43)
	at java.lang.reflect.Method.invoke(Method.java:498)
	at org.apache.ibatis.logging.jdbc.ConnectionLogger.invoke(ConnectionLogger.java:55)
	at com.sun.proxy.$Proxy12.prepareStatement(Unknown Source)
	at org.apache.ibatis.executor.statement.PreparedStatementHandler.instantiateStatement(PreparedStatementHandler.java:79)
	at org.apache.ibatis.executor.statement.BaseStatementHandler.prepare(BaseStatementHandler.java:88)
	at org.apache.ibatis.executor.statement.RoutingStatementHandler.prepare(RoutingStatementHandler.java:58)
	at org.apache.ibatis.executor.SimpleExecutor.prepareStatement(SimpleExecutor.java:76)
	at org.apache.ibatis.executor.SimpleExecutor.doQuery(SimpleExecutor.java:61)
	at org.apache.ibatis.executor.BaseExecutor.queryFromDatabase(BaseExecutor.java:303)
	at org.apache.ibatis.executor.BaseExecutor.query(BaseExecutor.java:154)
	at org.apache.ibatis.executor.CachingExecutor.query(CachingExecutor.java:102)
	at org.apache.ibatis.executor.CachingExecutor.query(CachingExecutor.java:82)
	at org.apache.ibatis.session.defaults.DefaultSqlSession.selectList(DefaultSqlSession.java:120)
	... 54 more
10:47:09,751 [main] DEBUG org.activiti.engine.impl.cfg.standalone.StandaloneMybatisTransactionContext  - firing event rolling back...
10:47:09,751 [main] DEBUG org.activiti.engine.impl.cfg.standalone.StandaloneMybatisTransactionContext  - rolling back ibatis sql session...
10:47:09,751 [main] DEBUG org.activiti.engine.impl.cfg.standalone.StandaloneMybatisTransactionContext  - firing event rolled back...
10:47:09,751 [main] DEBUG org.apache.ibatis.transaction.jdbc.JdbcTransaction  - Resetting autocommit to true on JDBC Connection [conn2: url=jdbc:h2:mem:activiti user=SA]
10:47:09,751 [main] DEBUG org.apache.ibatis.transaction.jdbc.JdbcTransaction  - Closing JDBC Connection [conn2: url=jdbc:h2:mem:activiti user=SA]
10:47:09,751 [main] DEBUG org.apache.ibatis.datasource.pooled.PooledDataSource  - Returned connection 363509958 to pool.
10:47:09,751 [main] DEBUG org.activiti.engine.impl.interceptor.LogInterceptor  - --- StartProcessInstanceCmd finished --------------------------------------------------------
10:47:09,751 [main] DEBUG org.activiti.engine.impl.interceptor.LogInterceptor  - 

10:47:09,751 [main] ERROR org.activiti.engine.impl.test.PvmTestCase  - 

10:47:09,751 [main] ERROR org.activiti.engine.impl.test.PvmTestCase  - EXCEPTION: org.apache.ibatis.exceptions.PersistenceException: 
### Error querying database.  Cause: org.h2.jdbc.JdbcSQLException: Syntax error in SQL statement &quot;SELECT RES.* 
     
    FROM ACT_HI_ACTINST RES
     WHERE  RES.EXECUTION_ID_ = ?
      
      
      
        AND RES.ACT_ID_ = ?
      
      
      
      
      
      
      
      
        AND RES.END_TIME_ IS NULL 
   
     ORDER BY  ORDER[*] BY RES.ID_ ASC  
    LIMIT ? OFFSET ? &quot;; expected &quot;=, NOT, EXISTS, INTERSECTS, SELECT, FROM&quot;; SQL statement:
select RES.* 
     
    from ACT_HI_ACTINST RES
     WHERE  RES.EXECUTION_ID_ = ?
      
      
      
        and RES.ACT_ID_ = ?
      
      
      
      
      
      
      
      
        and RES.END_TIME_ is null 
   
     order by  order by RES.ID_ asc  
    LIMIT ? OFFSET ? [42001-176]
### The error may exist in org/activiti/db/mapping/entity/HistoricActivityInstance.xml
### The error may involve org.activiti.engine.impl.persistence.entity.HistoricActivityInstanceEntity.selectHistoricActivityInstancesByQueryCriteria
### The error occurred while executing a query
### SQL: select RES.*            from ACT_HI_ACTINST RES      WHERE  RES.EXECUTION_ID_ = ?                              and RES.ACT_ID_ = ?                                                                 and RES.END_TIME_ is null           order by  order by RES.ID_ asc       LIMIT ? OFFSET ?
### Cause: org.h2.jdbc.JdbcSQLException: Syntax error in SQL statement &quot;SELECT RES.* 
     
    FROM ACT_HI_ACTINST RES
     WHERE  RES.EXECUTION_ID_ = ?
      
      
      
        AND RES.ACT_ID_ = ?
      
      
      
      
      
      
      
      
        AND RES.END_TIME_ IS NULL 
   
     ORDER BY  ORDER[*] BY RES.ID_ ASC  
    LIMIT ? OFFSET ? &quot;; expected &quot;=, NOT, EXISTS, INTERSECTS, SELECT, FROM&quot;; SQL statement:
select RES.* 
     
    from ACT_HI_ACTINST RES
     WHERE  RES.EXECUTION_ID_ = ?
      
      
      
        and RES.ACT_ID_ = ?
      
      
      
      
      
      
      
      
        and RES.END_TIME_ is null 
   
     order by  order by RES.ID_ asc  
    LIMIT ? OFFSET ? [42001-176]
org.apache.ibatis.exceptions.PersistenceException: 
### Error querying database.  Cause: org.h2.jdbc.JdbcSQLException: Syntax error in SQL statement &quot;SELECT RES.* 
     
    FROM ACT_HI_ACTINST RES
     WHERE  RES.EXECUTION_ID_ = ?
      
      
      
        AND RES.ACT_ID_ = ?
      
      
      
      
      
      
      
      
        AND RES.END_TIME_ IS NULL 
   
     ORDER BY  ORDER[*] BY RES.ID_ ASC  
    LIMIT ? OFFSET ? &quot;; expected &quot;=, NOT, EXISTS, INTERSECTS, SELECT, FROM&quot;; SQL statement:
select RES.* 
     
    from ACT_HI_ACTINST RES
     WHERE  RES.EXECUTION_ID_ = ?
      
      
      
        and RES.ACT_ID_ = ?
      
      
      
      
      
      
      
      
        and RES.END_TIME_ is null 
   
     order by  order by RES.ID_ asc  
    LIMIT ? OFFSET ? [42001-176]
### The error may exist in org/activiti/db/mapping/entity/HistoricActivityInstance.xml
### The error may involve org.activiti.engine.impl.persistence.entity.HistoricActivityInstanceEntity.selectHistoricActivityInstancesByQueryCriteria
### The error occurred while executing a query
### SQL: select RES.*            from ACT_HI_ACTINST RES      WHERE  RES.EXECUTION_ID_ = ?                              and RES.ACT_ID_ = ?                                                                 and RES.END_TIME_ is null           order by  order by RES.ID_ asc       LIMIT ? OFFSET ?
### Cause: org.h2.jdbc.JdbcSQLException: Syntax error in SQL statement &quot;SELECT RES.* 
     
    FROM ACT_HI_ACTINST RES
     WHERE  RES.EXECUTION_ID_ = ?
      
      
      
        AND RES.ACT_ID_ = ?
      
      
      
      
      
      
      
      
        AND RES.END_TIME_ IS NULL 
   
     ORDER BY  ORDER[*] BY RES.ID_ ASC  
    LIMIT ? OFFSET ? &quot;; expected &quot;=, NOT, EXISTS, INTERSECTS, SELECT, FROM&quot;; SQL statement:
select RES.* 
     
    from ACT_HI_ACTINST RES
     WHERE  RES.EXECUTION_ID_ = ?
      
      
      
        and RES.ACT_ID_ = ?
      
      
      
      
      
      
      
      
        and RES.END_TIME_ is null 
   
     order by  order by RES.ID_ asc  
    LIMIT ? OFFSET ? [42001-176]
	at org.apache.ibatis.exceptions.ExceptionFactory.wrapException(ExceptionFactory.java:30)
	at org.apache.ibatis.session.defaults.DefaultSqlSession.selectList(DefaultSqlSession.java:122)
	at org.apache.ibatis.session.defaults.DefaultSqlSession.selectList(DefaultSqlSession.java:113)
	at org.activiti.engine.impl.db.DbSqlSession.selectListWithRawParameter(DbSqlSession.java:438)
	at org.activiti.engine.impl.db.DbSqlSession.selectList(DbSqlSession.java:429)
	at org.activiti.engine.impl.db.DbSqlSession.selectList(DbSqlSession.java:419)
	at org.activiti.engine.impl.persistence.entity.HistoricActivityInstanceEntityManager.findHistoricActivityInstancesByQueryCriteria(HistoricActivityInstanceEntityManager.java:56)
	at org.activiti.engine.impl.HistoricActivityInstanceQueryImpl.executeList(HistoricActivityInstanceQueryImpl.java:70)
	at org.activiti.engine.impl.AbstractQuery.listPage(AbstractQuery.java:151)
	at org.activiti.engine.impl.history.DefaultHistoryManager.findActivityInstance(DefaultHistoryManager.java:355)
	at org.activiti.engine.impl.history.DefaultHistoryManager.recordHistoricDetailVariableCreate(DefaultHistoryManager.java:659)
	at org.activiti.engine.impl.persistence.entity.VariableScopeImpl.createVariableInstance(VariableScopeImpl.java:710)
	at org.activiti.engine.impl.persistence.entity.ExecutionEntity.createVariableInstance(ExecutionEntity.java:1174)
	at org.activiti.engine.impl.persistence.entity.VariableScopeImpl.createVariableLocal(VariableScopeImpl.java:610)
	at org.activiti.engine.impl.persistence.entity.VariableScopeImpl.createVariableLocal(VariableScopeImpl.java:597)
	at org.activiti.engine.impl.persistence.entity.VariableScopeImpl.setVariable(VariableScopeImpl.java:491)
	at org.activiti.engine.impl.persistence.entity.VariableScopeImpl.setVariable(VariableScopeImpl.java:448)
	at org.activiti.engine.impl.persistence.entity.VariableScopeImpl.setVariables(VariableScopeImpl.java:392)
	at org.activiti.engine.impl.persistence.entity.ProcessDefinitionEntity.createProcessInstance(ProcessDefinitionEntity.java:112)
	at org.activiti.engine.impl.persistence.entity.ProcessDefinitionEntity.createProcessInstance(ProcessDefinitionEntity.java:135)
	at org.activiti.engine.impl.cmd.StartProcessInstanceCmd.execute(StartProcessInstanceCmd.java:99)
	at org.activiti.engine.impl.cmd.StartProcessInstanceCmd.execute(StartProcessInstanceCmd.java:37)
	at org.activiti.engine.impl.interceptor.CommandInvoker.execute(CommandInvoker.java:24)
	at org.activiti.engine.impl.interceptor.CommandContextInterceptor.execute(CommandContextInterceptor.java:57)
	at org.activiti.engine.impl.interceptor.LogInterceptor.execute(LogInterceptor.java:37)
	at org.activiti.engine.impl.cfg.CommandExecutorImpl.execute(CommandExecutorImpl.java:40)
	at org.activiti.engine.impl.cfg.CommandExecutorImpl.execute(CommandExecutorImpl.java:35)
	at org.activiti.engine.impl.RuntimeServiceImpl.startProcessInstanceByKey(RuntimeServiceImpl.java:69)
	at org.activiti.engine.test.bpmn.subprocess.SubProcessTest.testDataObjectScope(SubProcessTest.java:365)
	at sun.reflect.NativeMethodAccessorImpl.invoke0(Native Method)
	at sun.reflect.NativeMethodAccessorImpl.invoke(NativeMethodAccessorImpl.java:62)
	at sun.reflect.DelegatingMethodAccessorImpl.invoke(DelegatingMethodAccessorImpl.java:43)
	at java.lang.reflect.Method.invoke(Method.java:498)
	at junit.framework.TestCase.runTest(TestCase.java:176)
	at org.activiti.engine.impl.test.PvmTestCase.runTest(PvmTestCase.java:65)
	at junit.framework.TestCase.runBare(TestCase.java:141)
	at org.activiti.engine.impl.test.AbstractActivitiTestCase.runBare(AbstractActivitiTestCase.java:100)
	at junit.framework.TestResult$1.protect(TestResult.java:122)
	at junit.framework.TestResult.runProtected(TestResult.java:142)
	at junit.framework.TestResult.run(TestResult.java:125)
	at junit.framework.TestCase.run(TestCase.java:129)
	at junit.framework.TestSuite.runTest(TestSuite.java:255)
	at junit.framework.TestSuite.run(TestSuite.java:250)
	at org.junit.internal.runners.JUnit38ClassRunner.run(JUnit38ClassRunner.java:84)
	at org.apache.maven.surefire.junit4.JUnit4TestSet.execute(JUnit4TestSet.java:35)
	at org.apache.maven.surefire.junit4.JUnit4Provider.executeTestSet(JUnit4Provider.java:146)
	at org.apache.maven.surefire.junit4.JUnit4Provider.invoke(JUnit4Provider.java:97)
	at sun.reflect.NativeMethodAccessorImpl.invoke0(Native Method)
	at sun.reflect.NativeMethodAccessorImpl.invoke(NativeMethodAccessorImpl.java:62)
	at sun.reflect.DelegatingMethodAccessorImpl.invoke(DelegatingMethodAccessorImpl.java:43)
	at java.lang.reflect.Method.invoke(Method.java:498)
	at org.apache.maven.surefire.booter.ProviderFactory$ClassLoaderProxy.invoke(ProviderFactory.java:103)
	at com.sun.proxy.$Proxy0.invoke(Unknown Source)
	at org.apache.maven.surefire.booter.SurefireStarter.invokeProvider(SurefireStarter.java:145)
	at org.apache.maven.surefire.booter.SurefireStarter.runSuitesInProcess(SurefireStarter.java:87)
	at org.apache.maven.surefire.booter.ForkedBooter.main(ForkedBooter.java:69)
Caused by: org.h2.jdbc.JdbcSQLException: Syntax error in SQL statement &quot;SELECT RES.* 
     
    FROM ACT_HI_ACTINST RES
     WHERE  RES.EXECUTION_ID_ = ?
      
      
      
        AND RES.ACT_ID_ = ?
      
      
      
      
      
      
      
      
        AND RES.END_TIME_ IS NULL 
   
     ORDER BY  ORDER[*] BY RES.ID_ ASC  
    LIMIT ? OFFSET ? &quot;; expected &quot;=, NOT, EXISTS, INTERSECTS, SELECT, FROM&quot;; SQL statement:
select RES.* 
     
    from ACT_HI_ACTINST RES
     WHERE  RES.EXECUTION_ID_ = ?
      
      
      
        and RES.ACT_ID_ = ?
      
      
      
      
      
      
      
      
        and RES.END_TIME_ is null 
   
     order by  order by RES.ID_ asc  
    LIMIT ? OFFSET ? [42001-176]
	at org.h2.message.DbException.getJdbcSQLException(DbException.java:344)
	at org.h2.message.DbException.getSyntaxError(DbException.java:204)
	at org.h2.command.Parser.getSyntaxError(Parser.java:524)
	at org.h2.command.Parser.readTerm(Parser.java:2688)
	at org.h2.command.Parser.readFactor(Parser.java:2244)
	at org.h2.command.Parser.readSum(Parser.java:2231)
	at org.h2.command.Parser.readConcat(Parser.java:2201)
	at org.h2.command.Parser.readCondition(Parser.java:2051)
	at org.h2.command.Parser.readAnd(Parser.java:2023)
	at org.h2.command.Parser.readExpression(Parser.java:2015)
	at org.h2.command.Parser.parseEndOfQuery(Parser.java:1726)
	at org.h2.command.Parser.parseSelectUnionExtension(Parser.java:1706)
	at org.h2.command.Parser.parseSelectUnion(Parser.java:1675)
	at org.h2.command.Parser.parseSelect(Parser.java:1662)
	at org.h2.command.Parser.parsePrepared(Parser.java:434)
	at org.h2.command.Parser.parse(Parser.java:306)
	at org.h2.command.Parser.parse(Parser.java:282)
	at org.h2.command.Parser.prepareCommand(Parser.java:243)
	at org.h2.engine.Session.prepareLocal(Session.java:442)
	at org.h2.engine.Session.prepareCommand(Session.java:384)
	at org.h2.jdbc.JdbcConnection.prepareCommand(JdbcConnection.java:1188)
	at org.h2.jdbc.JdbcPreparedStatement.&lt;init&gt;(JdbcPreparedStatement.java:73)
	at org.h2.jdbc.JdbcConnection.prepareStatement(JdbcConnection.java:276)
	at sun.reflect.GeneratedMethodAccessor6.invoke(Unknown Source)
	at sun.reflect.DelegatingMethodAccessorImpl.invoke(DelegatingMethodAccessorImpl.java:43)
	at java.lang.reflect.Method.invoke(Method.java:498)
	at org.apache.ibatis.datasource.pooled.PooledConnection.invoke(PooledConnection.java:245)
	at com.sun.proxy.$Proxy12.prepareStatement(Unknown Source)
	at sun.reflect.GeneratedMethodAccessor6.invoke(Unknown Source)
	at sun.reflect.DelegatingMethodAccessorImpl.invoke(DelegatingMethodAccessorImpl.java:43)
	at java.lang.reflect.Method.invoke(Method.java:498)
	at org.apache.ibatis.logging.jdbc.ConnectionLogger.invoke(ConnectionLogger.java:55)
	at com.sun.proxy.$Proxy12.prepareStatement(Unknown Source)
	at org.apache.ibatis.executor.statement.PreparedStatementHandler.instantiateStatement(PreparedStatementHandler.java:79)
	at org.apache.ibatis.executor.statement.BaseStatementHandler.prepare(BaseStatementHandler.java:88)
	at org.apache.ibatis.executor.statement.RoutingStatementHandler.prepare(RoutingStatementHandler.java:58)
	at org.apache.ibatis.executor.SimpleExecutor.prepareStatement(SimpleExecutor.java:76)
	at org.apache.ibatis.executor.SimpleExecutor.doQuery(SimpleExecutor.java:61)
	at org.apache.ibatis.executor.BaseExecutor.queryFromDatabase(BaseExecutor.java:303)
	at org.apache.ibatis.executor.BaseExecutor.query(BaseExecutor.java:154)
	at org.apache.ibatis.executor.CachingExecutor.query(CachingExecutor.java:102)
	at org.apache.ibatis.executor.CachingExecutor.query(CachingExecutor.java:82)
	at org.apache.ibatis.session.defaults.DefaultSqlSession.selectList(DefaultSqlSession.java:120)
	... 54 more
10:47:09,752 [main] DEBUG org.activiti.engine.impl.test.PvmTestCase  - #### END SubProcessTest.testDataObjectScope #############################################################
10:47:09,752 [main] ERROR org.activiti.engine.impl.test.PvmTestCase  - 

10:47:09,752 [main] ERROR org.activiti.engine.impl.test.PvmTestCase  - EXCEPTION: org.apache.ibatis.exceptions.PersistenceException: 
### Error querying database.  Cause: org.h2.jdbc.JdbcSQLException: Syntax error in SQL statement &quot;SELECT RES.* 
     
    FROM ACT_HI_ACTINST RES
     WHERE  RES.EXECUTION_ID_ = ?
      
      
      
        AND RES.ACT_ID_ = ?
      
      
      
      
      
      
      
      
        AND RES.END_TIME_ IS NULL 
   
     ORDER BY  ORDER[*] BY RES.ID_ ASC  
    LIMIT ? OFFSET ? &quot;; expected &quot;=, NOT, EXISTS, INTERSECTS, SELECT, FROM&quot;; SQL statement:
select RES.* 
     
    from ACT_HI_ACTINST RES
     WHERE  RES.EXECUTION_ID_ = ?
      
      
      
        and RES.ACT_ID_ = ?
      
      
      
      
      
      
      
      
        and RES.END_TIME_ is null 
   
     order by  order by RES.ID_ asc  
    LIMIT ? OFFSET ? [42001-176]
### The error may exist in org/activiti/db/mapping/entity/HistoricActivityInstance.xml
### The error may involve org.activiti.engine.impl.persistence.entity.HistoricActivityInstanceEntity.selectHistoricActivityInstancesByQueryCriteria
### The error occurred while executing a query
### SQL: select RES.*            from ACT_HI_ACTINST RES      WHERE  RES.EXECUTION_ID_ = ?                              and RES.ACT_ID_ = ?                                                                 and RES.END_TIME_ is null           order by  order by RES.ID_ asc       LIMIT ? OFFSET ?
### Cause: org.h2.jdbc.JdbcSQLException: Syntax error in SQL statement &quot;SELECT RES.* 
     
    FROM ACT_HI_ACTINST RES
     WHERE  RES.EXECUTION_ID_ = ?
      
      
      
        AND RES.ACT_ID_ = ?
      
      
      
      
      
      
      
      
        AND RES.END_TIME_ IS NULL 
   
     ORDER BY  ORDER[*] BY RES.ID_ ASC  
    LIMIT ? OFFSET ? &quot;; expected &quot;=, NOT, EXISTS, INTERSECTS, SELECT, FROM&quot;; SQL statement:
select RES.* 
     
    from ACT_HI_ACTINST RES
     WHERE  RES.EXECUTION_ID_ = ?
      
      
      
        and RES.ACT_ID_ = ?
      
      
      
      
      
      
      
      
        and RES.END_TIME_ is null 
   
     order by  order by RES.ID_ asc  
    LIMIT ? OFFSET ? [42001-176]
org.apache.ibatis.exceptions.PersistenceException: 
### Error querying database.  Cause: org.h2.jdbc.JdbcSQLException: Syntax error in SQL statement &quot;SELECT RES.* 
     
    FROM ACT_HI_ACTINST RES
     WHERE  RES.EXECUTION_ID_ = ?
      
      
      
        AND RES.ACT_ID_ = ?
      
      
      
      
      
      
      
      
        AND RES.END_TIME_ IS NULL 
   
     ORDER BY  ORDER[*] BY RES.ID_ ASC  
    LIMIT ? OFFSET ? &quot;; expected &quot;=, NOT, EXISTS, INTERSECTS, SELECT, FROM&quot;; SQL statement:
select RES.* 
     
    from ACT_HI_ACTINST RES
     WHERE  RES.EXECUTION_ID_ = ?
      
      
      
        and RES.ACT_ID_ = ?
      
      
      
      
      
      
      
      
        and RES.END_TIME_ is null 
   
     order by  order by RES.ID_ asc  
    LIMIT ? OFFSET ? [42001-176]
### The error may exist in org/activiti/db/mapping/entity/HistoricActivityInstance.xml
### The error may involve org.activiti.engine.impl.persistence.entity.HistoricActivityInstanceEntity.selectHistoricActivityInstancesByQueryCriteria
### The error occurred while executing a query
### SQL: select RES.*            from ACT_HI_ACTINST RES      WHERE  RES.EXECUTION_ID_ = ?                              and RES.ACT_ID_ = ?                                                                 and RES.END_TIME_ is null           order by  order by RES.ID_ asc       LIMIT ? OFFSET ?
### Cause: org.h2.jdbc.JdbcSQLException: Syntax error in SQL statement &quot;SELECT RES.* 
     
    FROM ACT_HI_ACTINST RES
     WHERE  RES.EXECUTION_ID_ = ?
      
      
      
        AND RES.ACT_ID_ = ?
      
      
      
      
      
      
      
      
        AND RES.END_TIME_ IS NULL 
   
     ORDER BY  ORDER[*] BY RES.ID_ ASC  
    LIMIT ? OFFSET ? &quot;; expected &quot;=, NOT, EXISTS, INTERSECTS, SELECT, FROM&quot;; SQL statement:
select RES.* 
     
    from ACT_HI_ACTINST RES
     WHERE  RES.EXECUTION_ID_ = ?
      
      
      
        and RES.ACT_ID_ = ?
      
      
      
      
      
      
      
      
        and RES.END_TIME_ is null 
   
     order by  order by RES.ID_ asc  
    LIMIT ? OFFSET ? [42001-176]
	at org.apache.ibatis.exceptions.ExceptionFactory.wrapException(ExceptionFactory.java:30)
	at org.apache.ibatis.session.defaults.DefaultSqlSession.selectList(DefaultSqlSession.java:122)
	at org.apache.ibatis.session.defaults.DefaultSqlSession.selectList(DefaultSqlSession.java:113)
	at org.activiti.engine.impl.db.DbSqlSession.selectListWithRawParameter(DbSqlSession.java:438)
	at org.activiti.engine.impl.db.DbSqlSession.selectList(DbSqlSession.java:429)
	at org.activiti.engine.impl.db.DbSqlSession.selectList(DbSqlSession.java:419)
	at org.activiti.engine.impl.persistence.entity.HistoricActivityInstanceEntityManager.findHistoricActivityInstancesByQueryCriteria(HistoricActivityInstanceEntityManager.java:56)
	at org.activiti.engine.impl.HistoricActivityInstanceQueryImpl.executeList(HistoricActivityInstanceQueryImpl.java:70)
	at org.activiti.engine.impl.AbstractQuery.listPage(AbstractQuery.java:151)
	at org.activiti.engine.impl.history.DefaultHistoryManager.findActivityInstance(DefaultHistoryManager.java:355)
	at org.activiti.engine.impl.history.DefaultHistoryManager.recordHistoricDetailVariableCreate(DefaultHistoryManager.java:659)
	at org.activiti.engine.impl.persistence.entity.VariableScopeImpl.createVariableInstance(VariableScopeImpl.java:710)
	at org.activiti.engine.impl.persistence.entity.ExecutionEntity.createVariableInstance(ExecutionEntity.java:1174)
	at org.activiti.engine.impl.persistence.entity.VariableScopeImpl.createVariableLocal(VariableScopeImpl.java:610)
	at org.activiti.engine.impl.persistence.entity.VariableScopeImpl.createVariableLocal(VariableScopeImpl.java:597)
	at org.activiti.engine.impl.persistence.entity.VariableScopeImpl.setVariable(VariableScopeImpl.java:491)
	at org.activiti.engine.impl.persistence.entity.VariableScopeImpl.setVariable(VariableScopeImpl.java:448)
	at org.activiti.engine.impl.persistence.entity.VariableScopeImpl.setVariables(VariableScopeImpl.java:392)
	at org.activiti.engine.impl.persistence.entity.ProcessDefinitionEntity.createProcessInstance(ProcessDefinitionEntity.java:112)
	at org.activiti.engine.impl.persistence.entity.ProcessDefinitionEntity.createProcessInstance(ProcessDefinitionEntity.java:135)
	at org.activiti.engine.impl.cmd.StartProcessInstanceCmd.execute(StartProcessInstanceCmd.java:99)
	at org.activiti.engine.impl.cmd.StartProcessInstanceCmd.execute(StartProcessInstanceCmd.java:37)
	at org.activiti.engine.impl.interceptor.CommandInvoker.execute(CommandInvoker.java:24)
	at org.activiti.engine.impl.interceptor.CommandContextInterceptor.execute(CommandContextInterceptor.java:57)
	at org.activiti.engine.impl.interceptor.LogInterceptor.execute(LogInterceptor.java:37)
	at org.activiti.engine.impl.cfg.CommandExecutorImpl.execute(CommandExecutorImpl.java:40)
	at org.activiti.engine.impl.cfg.CommandExecutorImpl.execute(CommandExecutorImpl.java:35)
	at org.activiti.engine.impl.RuntimeServiceImpl.startProcessInstanceByKey(RuntimeServiceImpl.java:69)
	at org.activiti.engine.test.bpmn.subprocess.SubProcessTest.testDataObjectScope(SubProcessTest.java:365)
	at sun.reflect.NativeMethodAccessorImpl.invoke0(Native Method)
	at sun.reflect.NativeMethodAccessorImpl.invoke(NativeMethodAccessorImpl.java:62)
	at sun.reflect.DelegatingMethodAccessorImpl.invoke(DelegatingMethodAccessorImpl.java:43)
	at java.lang.reflect.Method.invoke(Method.java:498)
	at junit.framework.TestCase.runTest(TestCase.java:176)
	at org.activiti.engine.impl.test.PvmTestCase.runTest(PvmTestCase.java:65)
	at junit.framework.TestCase.runBare(TestCase.java:141)
	at org.activiti.engine.impl.test.AbstractActivitiTestCase.runBare(AbstractActivitiTestCase.java:100)
	at junit.framework.TestResult$1.protect(TestResult.java:122)
	at junit.framework.TestResult.runProtected(TestResult.java:142)
	at junit.framework.TestResult.run(TestResult.java:125)
	at junit.framework.TestCase.run(TestCase.java:129)
	at junit.framework.TestSuite.runTest(TestSuite.java:255)
	at junit.framework.TestSuite.run(TestSuite.java:250)
	at org.junit.internal.runners.JUnit38ClassRunner.run(JUnit38ClassRunner.java:84)
	at org.apache.maven.surefire.junit4.JUnit4TestSet.execute(JUnit4TestSet.java:35)
	at org.apache.maven.surefire.junit4.JUnit4Provider.executeTestSet(JUnit4Provider.java:146)
	at org.apache.maven.surefire.junit4.JUnit4Provider.invoke(JUnit4Provider.java:97)
	at sun.reflect.NativeMethodAccessorImpl.invoke0(Native Method)
	at sun.reflect.NativeMethodAccessorImpl.invoke(NativeMethodAccessorImpl.java:62)
	at sun.reflect.DelegatingMethodAccessorImpl.invoke(DelegatingMethodAccessorImpl.java:43)
	at java.lang.reflect.Method.invoke(Method.java:498)
	at org.apache.maven.surefire.booter.ProviderFactory$ClassLoaderProxy.invoke(ProviderFactory.java:103)
	at com.sun.proxy.$Proxy0.invoke(Unknown Source)
	at org.apache.maven.surefire.booter.SurefireStarter.invokeProvider(SurefireStarter.java:145)
	at org.apache.maven.surefire.booter.SurefireStarter.runSuitesInProcess(SurefireStarter.java:87)
	at org.apache.maven.surefire.booter.ForkedBooter.main(ForkedBooter.java:69)
Caused by: org.h2.jdbc.JdbcSQLException: Syntax error in SQL statement &quot;SELECT RES.* 
     
    FROM ACT_HI_ACTINST RES
     WHERE  RES.EXECUTION_ID_ = ?
      
      
      
        AND RES.ACT_ID_ = ?
      
      
      
      
      
      
      
      
        AND RES.END_TIME_ IS NULL 
   
     ORDER BY  ORDER[*] BY RES.ID_ ASC  
    LIMIT ? OFFSET ? &quot;; expected &quot;=, NOT, EXISTS, INTERSECTS, SELECT, FROM&quot;; SQL statement:
select RES.* 
     
    from ACT_HI_ACTINST RES
     WHERE  RES.EXECUTION_ID_ = ?
      
      
      
        and RES.ACT_ID_ = ?
      
      
      
      
      
      
      
      
        and RES.END_TIME_ is null 
   
     order by  order by RES.ID_ asc  
    LIMIT ? OFFSET ? [42001-176]
	at org.h2.message.DbException.getJdbcSQLException(DbException.java:344)
	at org.h2.message.DbException.getSyntaxError(DbException.java:204)
	at org.h2.command.Parser.getSyntaxError(Parser.java:524)
	at org.h2.command.Parser.readTerm(Parser.java:2688)
	at org.h2.command.Parser.readFactor(Parser.java:2244)
	at org.h2.command.Parser.readSum(Parser.java:2231)
	at org.h2.command.Parser.readConcat(Parser.java:2201)
	at org.h2.command.Parser.readCondition(Parser.java:2051)
	at org.h2.command.Parser.readAnd(Parser.java:2023)
	at org.h2.command.Parser.readExpression(Parser.java:2015)
	at org.h2.command.Parser.parseEndOfQuery(Parser.java:1726)
	at org.h2.command.Parser.parseSelectUnionExtension(Parser.java:1706)
	at org.h2.command.Parser.parseSelectUnion(Parser.java:1675)
	at org.h2.command.Parser.parseSelect(Parser.java:1662)
	at org.h2.command.Parser.parsePrepared(Parser.java:434)
	at org.h2.command.Parser.parse(Parser.java:306)
	at org.h2.command.Parser.parse(Parser.java:282)
	at org.h2.command.Parser.prepareCommand(Parser.java:243)
	at org.h2.engine.Session.prepareLocal(Session.java:442)
	at org.h2.engine.Session.prepareCommand(Session.java:384)
	at org.h2.jdbc.JdbcConnection.prepareCommand(JdbcConnection.java:1188)
	at org.h2.jdbc.JdbcPreparedStatement.&lt;init&gt;(JdbcPreparedStatement.java:73)
	at org.h2.jdbc.JdbcConnection.prepareStatement(JdbcConnection.java:276)
	at sun.reflect.GeneratedMethodAccessor6.invoke(Unknown Source)
	at sun.reflect.DelegatingMethodAccessorImpl.invoke(DelegatingMethodAccessorImpl.java:43)
	at java.lang.reflect.Method.invoke(Method.java:498)
	at org.apache.ibatis.datasource.pooled.PooledConnection.invoke(PooledConnection.java:245)
	at com.sun.proxy.$Proxy12.prepareStatement(Unknown Source)
	at sun.reflect.GeneratedMethodAccessor6.invoke(Unknown Source)
	at sun.reflect.DelegatingMethodAccessorImpl.invoke(DelegatingMethodAccessorImpl.java:43)
	at java.lang.reflect.Method.invoke(Method.java:498)
	at org.apache.ibatis.logging.jdbc.ConnectionLogger.invoke(ConnectionLogger.java:55)
	at com.sun.proxy.$Proxy12.prepareStatement(Unknown Source)
	at org.apache.ibatis.executor.statement.PreparedStatementHandler.instantiateStatement(PreparedStatementHandler.java:79)
	at org.apache.ibatis.executor.statement.BaseStatementHandler.prepare(BaseStatementHandler.java:88)
	at org.apache.ibatis.executor.statement.RoutingStatementHandler.prepare(RoutingStatementHandler.java:58)
	at org.apache.ibatis.executor.SimpleExecutor.prepareStatement(SimpleExecutor.java:76)
	at org.apache.ibatis.executor.SimpleExecutor.doQuery(SimpleExecutor.java:61)
	at org.apache.ibatis.executor.BaseExecutor.queryFromDatabase(BaseExecutor.java:303)
	at org.apache.ibatis.executor.BaseExecutor.query(BaseExecutor.java:154)
	at org.apache.ibatis.executor.CachingExecutor.query(CachingExecutor.java:102)
	at org.apache.ibatis.executor.CachingExecutor.query(CachingExecutor.java:82)
	at org.apache.ibatis.session.defaults.DefaultSqlSession.selectList(DefaultSqlSession.java:120)
	... 54 more
10:47:09,752 [main] DEBUG org.activiti.engine.impl.test.TestHelper  - annotation @Deployment deletes deployment for SubProcessTest.testDataObjectScope
10:47:09,752 [main] DEBUG org.activiti.engine.impl.interceptor.LogInterceptor  - 

10:47:09,752 [main] DEBUG org.activiti.engine.impl.interceptor.LogInterceptor  - --- starting DeleteDeploymentCmd --------------------------------------------------------
10:47:09,752 [main] DEBUG org.apache.ibatis.transaction.jdbc.JdbcTransaction  - Opening JDBC Connection
10:47:09,752 [main] DEBUG org.apache.ibatis.datasource.pooled.PooledDataSource  - Checked out connection 180014677 from pool.
10:47:09,752 [main] DEBUG org.apache.ibatis.transaction.jdbc.JdbcTransaction  - Setting autocommit to false on JDBC Connection [conn3: url=jdbc:h2:mem:activiti user=SA]
10:47:09,752 [main] DEBUG org.activiti.engine.impl.persistence.entity.DeploymentEntity.selectDeploymentById  - ==&gt;  Preparing: select * from ACT_RE_DEPLOYMENT where ID_ = ? 
10:47:09,752 [main] DEBUG org.activiti.engine.impl.persistence.entity.DeploymentEntity.selectDeploymentById  - ==&gt; Parameters: 124(String)
10:47:09,752 [main] DEBUG org.activiti.engine.impl.persistence.entity.DeploymentEntity.selectDeploymentById  - &lt;==      Total: 1
10:47:09,752 [main] DEBUG org.activiti.engine.impl.persistence.entity.ProcessDefinitionEntity.selectProcessDefinitionsByQueryCriteria  - ==&gt;  Preparing: select RES.* from ACT_RE_PROCDEF RES WHERE RES.DEPLOYMENT_ID_ = ? order by order by RES.ID_ asc LIMIT ? OFFSET ? 
10:47:09,752 [main] DEBUG org.activiti.engine.impl.interceptor.CommandContext  - Error while closing command context
org.apache.ibatis.exceptions.PersistenceException: 
### Error querying database.  Cause: org.h2.jdbc.JdbcSQLException: Syntax error in SQL statement &quot;SELECT RES.* 
       
    FROM ACT_RE_PROCDEF RES
     
     WHERE  RES.DEPLOYMENT_ID_ = ? 
   
     ORDER BY  ORDER[*] BY RES.ID_ ASC  
    LIMIT ? OFFSET ? &quot;; expected &quot;=, NOT, EXISTS, INTERSECTS, SELECT, FROM&quot;; SQL statement:
select RES.* 
       
    from ACT_RE_PROCDEF RES
     
     WHERE  RES.DEPLOYMENT_ID_ = ? 
   
     order by  order by RES.ID_ asc  
    LIMIT ? OFFSET ? [42001-176]
### The error may exist in org/activiti/db/mapping/entity/ProcessDefinition.xml
### The error may involve org.activiti.engine.impl.persistence.entity.ProcessDefinitionEntity.selectProcessDefinitionsByQueryCriteria
### The error occurred while executing a query
### SQL: select RES.*              from ACT_RE_PROCDEF RES            WHERE  RES.DEPLOYMENT_ID_ = ?           order by  order by RES.ID_ asc       LIMIT ? OFFSET ?
### Cause: org.h2.jdbc.JdbcSQLException: Syntax error in SQL statement &quot;SELECT RES.* 
       
    FROM ACT_RE_PROCDEF RES
     
     WHERE  RES.DEPLOYMENT_ID_ = ? 
   
     ORDER BY  ORDER[*] BY RES.ID_ ASC  
    LIMIT ? OFFSET ? &quot;; expected &quot;=, NOT, EXISTS, INTERSECTS, SELECT, FROM&quot;; SQL statement:
select RES.* 
       
    from ACT_RE_PROCDEF RES
     
     WHERE  RES.DEPLOYMENT_ID_ = ? 
   
     order by  order by RES.ID_ asc  
    LIMIT ? OFFSET ? [42001-176]
	at org.apache.ibatis.exceptions.ExceptionFactory.wrapException(ExceptionFactory.java:30)
	at org.apache.ibatis.session.defaults.DefaultSqlSession.selectList(DefaultSqlSession.java:122)
	at org.apache.ibatis.session.defaults.DefaultSqlSession.selectList(DefaultSqlSession.java:113)
	at org.activiti.engine.impl.db.DbSqlSession.selectListWithRawParameter(DbSqlSession.java:438)
	at org.activiti.engine.impl.db.DbSqlSession.selectList(DbSqlSession.java:429)
	at org.activiti.engine.impl.db.DbSqlSession.selectList(DbSqlSession.java:419)
	at org.activiti.engine.impl.persistence.entity.ProcessDefinitionEntityManager.findProcessDefinitionsByQueryCriteria(ProcessDefinitionEntityManager.java:57)
	at org.activiti.engine.impl.ProcessDefinitionQueryImpl.executeList(ProcessDefinitionQueryImpl.java:307)
	at org.activiti.engine.impl.AbstractQuery.list(AbstractQuery.java:140)
	at org.activiti.engine.impl.persistence.deploy.DeploymentManager.removeDeployment(DeploymentManager.java:187)
	at org.activiti.engine.impl.cmd.DeleteDeploymentCmd.execute(DeleteDeploymentCmd.java:44)
	at org.activiti.engine.impl.cmd.DeleteDeploymentCmd.execute(DeleteDeploymentCmd.java:24)
	at org.activiti.engine.impl.interceptor.CommandInvoker.execute(CommandInvoker.java:24)
	at org.activiti.engine.impl.interceptor.CommandContextInterceptor.execute(CommandContextInterceptor.java:57)
	at org.activiti.engine.impl.interceptor.LogInterceptor.execute(LogInterceptor.java:37)
	at org.activiti.engine.impl.cfg.CommandExecutorImpl.execute(CommandExecutorImpl.java:40)
	at org.activiti.engine.impl.cfg.CommandExecutorImpl.execute(CommandExecutorImpl.java:35)
	at org.activiti.engine.impl.RepositoryServiceImpl.deleteDeployment(RepositoryServiceImpl.java:90)
	at org.activiti.engine.impl.test.TestHelper.annotationDeploymentTearDown(TestHelper.java:116)
	at org.activiti.engine.impl.test.AbstractActivitiTestCase.runBare(AbstractActivitiTestCase.java:116)
	at junit.framework.TestResult$1.protect(TestResult.java:122)
	at junit.framework.TestResult.runProtected(TestResult.java:142)
	at junit.framework.TestResult.run(TestResult.java:125)
	at junit.framework.TestCase.run(TestCase.java:129)
	at junit.framework.TestSuite.runTest(TestSuite.java:255)
	at junit.framework.TestSuite.run(TestSuite.java:250)
	at org.junit.internal.runners.JUnit38ClassRunner.run(JUnit38ClassRunner.java:84)
	at org.apache.maven.surefire.junit4.JUnit4TestSet.execute(JUnit4TestSet.java:35)
	at org.apache.maven.surefire.junit4.JUnit4Provider.executeTestSet(JUnit4Provider.java:146)
	at org.apache.maven.surefire.junit4.JUnit4Provider.invoke(JUnit4Provider.java:97)
	at sun.reflect.NativeMethodAccessorImpl.invoke0(Native Method)
	at sun.reflect.NativeMethodAccessorImpl.invoke(NativeMethodAccessorImpl.java:62)
	at sun.reflect.DelegatingMethodAccessorImpl.invoke(DelegatingMethodAccessorImpl.java:43)
	at java.lang.reflect.Method.invoke(Method.java:498)
	at org.apache.maven.surefire.booter.ProviderFactory$ClassLoaderProxy.invoke(ProviderFactory.java:103)
	at com.sun.proxy.$Proxy0.invoke(Unknown Source)
	at org.apache.maven.surefire.booter.SurefireStarter.invokeProvider(SurefireStarter.java:145)
	at org.apache.maven.surefire.booter.SurefireStarter.runSuitesInProcess(SurefireStarter.java:87)
	at org.apache.maven.surefire.booter.ForkedBooter.main(ForkedBooter.java:69)
Caused by: org.h2.jdbc.JdbcSQLException: Syntax error in SQL statement &quot;SELECT RES.* 
       
    FROM ACT_RE_PROCDEF RES
     
     WHERE  RES.DEPLOYMENT_ID_ = ? 
   
     ORDER BY  ORDER[*] BY RES.ID_ ASC  
    LIMIT ? OFFSET ? &quot;; expected &quot;=, NOT, EXISTS, INTERSECTS, SELECT, FROM&quot;; SQL statement:
select RES.* 
       
    from ACT_RE_PROCDEF RES
     
     WHERE  RES.DEPLOYMENT_ID_ = ? 
   
     order by  order by RES.ID_ asc  
    LIMIT ? OFFSET ? [42001-176]
	at org.h2.message.DbException.getJdbcSQLException(DbException.java:344)
	at org.h2.message.DbException.getSyntaxError(DbException.java:204)
	at org.h2.command.Parser.getSyntaxError(Parser.java:524)
	at org.h2.command.Parser.readTerm(Parser.java:2688)
	at org.h2.command.Parser.readFactor(Parser.java:2244)
	at org.h2.command.Parser.readSum(Parser.java:2231)
	at org.h2.command.Parser.readConcat(Parser.java:2201)
	at org.h2.command.Parser.readCondition(Parser.java:2051)
	at org.h2.command.Parser.readAnd(Parser.java:2023)
	at org.h2.command.Parser.readExpression(Parser.java:2015)
	at org.h2.command.Parser.parseEndOfQuery(Parser.java:1726)
	at org.h2.command.Parser.parseSelectUnionExtension(Parser.java:1706)
	at org.h2.command.Parser.parseSelectUnion(Parser.java:1675)
	at org.h2.command.Parser.parseSelect(Parser.java:1662)
	at org.h2.command.Parser.parsePrepared(Parser.java:434)
	at org.h2.command.Parser.parse(Parser.java:306)
	at org.h2.command.Parser.parse(Parser.java:282)
	at org.h2.command.Parser.prepareCommand(Parser.java:243)
	at org.h2.engine.Session.prepareLocal(Session.java:442)
	at org.h2.engine.Session.prepareCommand(Session.java:384)
	at org.h2.jdbc.JdbcConnection.prepareCommand(JdbcConnection.java:1188)
	at org.h2.jdbc.JdbcPreparedStatement.&lt;init&gt;(JdbcPreparedStatement.java:73)
	at org.h2.jdbc.JdbcConnection.prepareStatement(JdbcConnection.java:276)
	at sun.reflect.GeneratedMethodAccessor6.invoke(Unknown Source)
	at sun.reflect.DelegatingMethodAccessorImpl.invoke(DelegatingMethodAccessorImpl.java:43)
	at java.lang.reflect.Method.invoke(Method.java:498)
	at org.apache.ibatis.datasource.pooled.PooledConnection.invoke(PooledConnection.java:245)
	at com.sun.proxy.$Proxy12.prepareStatement(Unknown Source)
	at sun.reflect.GeneratedMethodAccessor6.invoke(Unknown Source)
	at sun.reflect.DelegatingMethodAccessorImpl.invoke(DelegatingMethodAccessorImpl.java:43)
	at java.lang.reflect.Method.invoke(Method.java:498)
	at org.apache.ibatis.logging.jdbc.ConnectionLogger.invoke(ConnectionLogger.java:55)
	at com.sun.proxy.$Proxy12.prepareStatement(Unknown Source)
	at org.apache.ibatis.executor.statement.PreparedStatementHandler.instantiateStatement(PreparedStatementHandler.java:79)
	at org.apache.ibatis.executor.statement.BaseStatementHandler.prepare(BaseStatementHandler.java:88)
	at org.apache.ibatis.executor.statement.RoutingStatementHandler.prepare(RoutingStatementHandler.java:58)
	at org.apache.ibatis.executor.SimpleExecutor.prepareStatement(SimpleExecutor.java:76)
	at org.apache.ibatis.executor.SimpleExecutor.doQuery(SimpleExecutor.java:61)
	at org.apache.ibatis.executor.BaseExecutor.queryFromDatabase(BaseExecutor.java:303)
	at org.apache.ibatis.executor.BaseExecutor.query(BaseExecutor.java:154)
	at org.apache.ibatis.executor.CachingExecutor.query(CachingExecutor.java:102)
	at org.apache.ibatis.executor.CachingExecutor.query(CachingExecutor.java:82)
	at org.apache.ibatis.session.defaults.DefaultSqlSession.selectList(DefaultSqlSession.java:120)
	... 37 more
10:47:09,752 [main] DEBUG org.activiti.engine.impl.cfg.standalone.StandaloneMybatisTransactionContext  - firing event rolling back...
10:47:09,752 [main] DEBUG org.activiti.engine.impl.cfg.standalone.StandaloneMybatisTransactionContext  - rolling back ibatis sql session...
10:47:09,752 [main] DEBUG org.activiti.engine.impl.cfg.standalone.StandaloneMybatisTransactionContext  - firing event rolled back...
10:47:09,752 [main] DEBUG org.apache.ibatis.transaction.jdbc.JdbcTransaction  - Resetting autocommit to true on JDBC Connection [conn3: url=jdbc:h2:mem:activiti user=SA]
10:47:09,752 [main] DEBUG org.apache.ibatis.transaction.jdbc.JdbcTransaction  - Closing JDBC Connection [conn3: url=jdbc:h2:mem:activiti user=SA]
10:47:09,753 [main] DEBUG org.apache.ibatis.datasource.pooled.PooledDataSource  - Returned connection 180014677 to pool.
10:47:09,753 [main] DEBUG org.activiti.engine.impl.interceptor.LogInterceptor  - --- DeleteDeploymentCmd finished --------------------------------------------------------
10:47:09,753 [main] DEBUG org.activiti.engine.impl.interceptor.LogInterceptor  - 

</system-out>
  </testcase>
  <testcase classname="org.activiti.engine.test.bpmn.subprocess.SubProcessTest" name="testSimpleAutomaticSubProcess" time="0.019">
    <error message="
### Error querying database.  Cause: org.h2.jdbc.JdbcSQLException: Syntax error in SQL statement &quot;SELECT RES.* 
       
    FROM ACT_RE_PROCDEF RES
     
     WHERE  RES.DEPLOYMENT_ID_ = ? 
   
     ORDER BY  ORDER[*] BY RES.ID_ ASC  
    LIMIT ? OFFSET ? &quot;; expected &quot;=, NOT, EXISTS, INTERSECTS, SELECT, FROM&quot;; SQL statement:
select RES.* 
       
    from ACT_RE_PROCDEF RES
     
     WHERE  RES.DEPLOYMENT_ID_ = ? 
   
     order by  order by RES.ID_ asc  
    LIMIT ? OFFSET ? [42001-176]
### The error may exist in org/activiti/db/mapping/entity/ProcessDefinition.xml
### The error may involve org.activiti.engine.impl.persistence.entity.ProcessDefinitionEntity.selectProcessDefinitionsByQueryCriteria
### The error occurred while executing a query
### SQL: select RES.*              from ACT_RE_PROCDEF RES            WHERE  RES.DEPLOYMENT_ID_ = ?           order by  order by RES.ID_ asc       LIMIT ? OFFSET ?
### Cause: org.h2.jdbc.JdbcSQLException: Syntax error in SQL statement &quot;SELECT RES.* 
       
    FROM ACT_RE_PROCDEF RES
     
     WHERE  RES.DEPLOYMENT_ID_ = ? 
   
     ORDER BY  ORDER[*] BY RES.ID_ ASC  
    LIMIT ? OFFSET ? &quot;; expected &quot;=, NOT, EXISTS, INTERSECTS, SELECT, FROM&quot;; SQL statement:
select RES.* 
       
    from ACT_RE_PROCDEF RES
     
     WHERE  RES.DEPLOYMENT_ID_ = ? 
   
     order by  order by RES.ID_ asc  
    LIMIT ? OFFSET ? [42001-176]" type="org.apache.ibatis.exceptions.PersistenceException">org.apache.ibatis.exceptions.PersistenceException: 
### Error querying database.  Cause: org.h2.jdbc.JdbcSQLException: Syntax error in SQL statement &quot;SELECT RES.* 
       
    FROM ACT_RE_PROCDEF RES
     
     WHERE  RES.DEPLOYMENT_ID_ = ? 
   
     ORDER BY  ORDER[*] BY RES.ID_ ASC  
    LIMIT ? OFFSET ? &quot;; expected &quot;=, NOT, EXISTS, INTERSECTS, SELECT, FROM&quot;; SQL statement:
select RES.* 
       
    from ACT_RE_PROCDEF RES
     
     WHERE  RES.DEPLOYMENT_ID_ = ? 
   
     order by  order by RES.ID_ asc  
    LIMIT ? OFFSET ? [42001-176]
### The error may exist in org/activiti/db/mapping/entity/ProcessDefinition.xml
### The error may involve org.activiti.engine.impl.persistence.entity.ProcessDefinitionEntity.selectProcessDefinitionsByQueryCriteria
### The error occurred while executing a query
### SQL: select RES.*              from ACT_RE_PROCDEF RES            WHERE  RES.DEPLOYMENT_ID_ = ?           order by  order by RES.ID_ asc       LIMIT ? OFFSET ?
### Cause: org.h2.jdbc.JdbcSQLException: Syntax error in SQL statement &quot;SELECT RES.* 
       
    FROM ACT_RE_PROCDEF RES
     
     WHERE  RES.DEPLOYMENT_ID_ = ? 
   
     ORDER BY  ORDER[*] BY RES.ID_ ASC  
    LIMIT ? OFFSET ? &quot;; expected &quot;=, NOT, EXISTS, INTERSECTS, SELECT, FROM&quot;; SQL statement:
select RES.* 
       
    from ACT_RE_PROCDEF RES
     
     WHERE  RES.DEPLOYMENT_ID_ = ? 
   
     order by  order by RES.ID_ asc  
    LIMIT ? OFFSET ? [42001-176]
	at org.apache.ibatis.exceptions.ExceptionFactory.wrapException(ExceptionFactory.java:30)
	at org.apache.ibatis.session.defaults.DefaultSqlSession.selectList(DefaultSqlSession.java:122)
	at org.apache.ibatis.session.defaults.DefaultSqlSession.selectList(DefaultSqlSession.java:113)
	at org.activiti.engine.impl.db.DbSqlSession.selectListWithRawParameter(DbSqlSession.java:438)
	at org.activiti.engine.impl.db.DbSqlSession.selectList(DbSqlSession.java:429)
	at org.activiti.engine.impl.db.DbSqlSession.selectList(DbSqlSession.java:419)
	at org.activiti.engine.impl.persistence.entity.ProcessDefinitionEntityManager.findProcessDefinitionsByQueryCriteria(ProcessDefinitionEntityManager.java:57)
	at org.activiti.engine.impl.ProcessDefinitionQueryImpl.executeList(ProcessDefinitionQueryImpl.java:307)
	at org.activiti.engine.impl.AbstractQuery.list(AbstractQuery.java:140)
	at org.activiti.engine.impl.persistence.deploy.DeploymentManager.removeDeployment(DeploymentManager.java:187)
	at org.activiti.engine.impl.cmd.DeleteDeploymentCmd.execute(DeleteDeploymentCmd.java:44)
	at org.activiti.engine.impl.cmd.DeleteDeploymentCmd.execute(DeleteDeploymentCmd.java:24)
	at org.activiti.engine.impl.interceptor.CommandInvoker.execute(CommandInvoker.java:24)
	at org.activiti.engine.impl.interceptor.CommandContextInterceptor.execute(CommandContextInterceptor.java:57)
	at org.activiti.engine.impl.interceptor.LogInterceptor.execute(LogInterceptor.java:37)
	at org.activiti.engine.impl.cfg.CommandExecutorImpl.execute(CommandExecutorImpl.java:40)
	at org.activiti.engine.impl.cfg.CommandExecutorImpl.execute(CommandExecutorImpl.java:35)
	at org.activiti.engine.impl.RepositoryServiceImpl.deleteDeployment(RepositoryServiceImpl.java:90)
	at org.activiti.engine.impl.test.TestHelper.annotationDeploymentTearDown(TestHelper.java:116)
	at org.activiti.engine.impl.test.AbstractActivitiTestCase.runBare(AbstractActivitiTestCase.java:116)
	at junit.framework.TestResult$1.protect(TestResult.java:122)
	at junit.framework.TestResult.runProtected(TestResult.java:142)
	at junit.framework.TestResult.run(TestResult.java:125)
	at junit.framework.TestCase.run(TestCase.java:129)
	at junit.framework.TestSuite.runTest(TestSuite.java:255)
	at junit.framework.TestSuite.run(TestSuite.java:250)
	at org.junit.internal.runners.JUnit38ClassRunner.run(JUnit38ClassRunner.java:84)
	at org.apache.maven.surefire.junit4.JUnit4TestSet.execute(JUnit4TestSet.java:35)
	at org.apache.maven.surefire.junit4.JUnit4Provider.executeTestSet(JUnit4Provider.java:146)
	at org.apache.maven.surefire.junit4.JUnit4Provider.invoke(JUnit4Provider.java:97)
	at sun.reflect.NativeMethodAccessorImpl.invoke0(Native Method)
	at sun.reflect.NativeMethodAccessorImpl.invoke(NativeMethodAccessorImpl.java:62)
	at sun.reflect.DelegatingMethodAccessorImpl.invoke(DelegatingMethodAccessorImpl.java:43)
	at java.lang.reflect.Method.invoke(Method.java:498)
	at org.apache.maven.surefire.booter.ProviderFactory$ClassLoaderProxy.invoke(ProviderFactory.java:103)
	at com.sun.proxy.$Proxy0.invoke(Unknown Source)
	at org.apache.maven.surefire.booter.SurefireStarter.invokeProvider(SurefireStarter.java:145)
	at org.apache.maven.surefire.booter.SurefireStarter.runSuitesInProcess(SurefireStarter.java:87)
	at org.apache.maven.surefire.booter.ForkedBooter.main(ForkedBooter.java:69)
Caused by: org.h2.jdbc.JdbcSQLException: Syntax error in SQL statement &quot;SELECT RES.* 
       
    FROM ACT_RE_PROCDEF RES
     
     WHERE  RES.DEPLOYMENT_ID_ = ? 
   
     ORDER BY  ORDER[*] BY RES.ID_ ASC  
    LIMIT ? OFFSET ? &quot;; expected &quot;=, NOT, EXISTS, INTERSECTS, SELECT, FROM&quot;; SQL statement:
select RES.* 
       
    from ACT_RE_PROCDEF RES
     
     WHERE  RES.DEPLOYMENT_ID_ = ? 
   
     order by  order by RES.ID_ asc  
    LIMIT ? OFFSET ? [42001-176]
	at org.h2.message.DbException.getJdbcSQLException(DbException.java:344)
	at org.h2.message.DbException.getSyntaxError(DbException.java:204)
	at org.h2.command.Parser.getSyntaxError(Parser.java:524)
	at org.h2.command.Parser.readTerm(Parser.java:2688)
	at org.h2.command.Parser.readFactor(Parser.java:2244)
	at org.h2.command.Parser.readSum(Parser.java:2231)
	at org.h2.command.Parser.readConcat(Parser.java:2201)
	at org.h2.command.Parser.readCondition(Parser.java:2051)
	at org.h2.command.Parser.readAnd(Parser.java:2023)
	at org.h2.command.Parser.readExpression(Parser.java:2015)
	at org.h2.command.Parser.parseEndOfQuery(Parser.java:1726)
	at org.h2.command.Parser.parseSelectUnionExtension(Parser.java:1706)
	at org.h2.command.Parser.parseSelectUnion(Parser.java:1675)
	at org.h2.command.Parser.parseSelect(Parser.java:1662)
	at org.h2.command.Parser.parsePrepared(Parser.java:434)
	at org.h2.command.Parser.parse(Parser.java:306)
	at org.h2.command.Parser.parse(Parser.java:282)
	at org.h2.command.Parser.prepareCommand(Parser.java:243)
	at org.h2.engine.Session.prepareLocal(Session.java:442)
	at org.h2.engine.Session.prepareCommand(Session.java:384)
	at org.h2.jdbc.JdbcConnection.prepareCommand(JdbcConnection.java:1188)
	at org.h2.jdbc.JdbcPreparedStatement.&lt;init&gt;(JdbcPreparedStatement.java:73)
	at org.h2.jdbc.JdbcConnection.prepareStatement(JdbcConnection.java:276)
	at sun.reflect.GeneratedMethodAccessor6.invoke(Unknown Source)
	at sun.reflect.DelegatingMethodAccessorImpl.invoke(DelegatingMethodAccessorImpl.java:43)
	at java.lang.reflect.Method.invoke(Method.java:498)
	at org.apache.ibatis.datasource.pooled.PooledConnection.invoke(PooledConnection.java:245)
	at com.sun.proxy.$Proxy12.prepareStatement(Unknown Source)
	at sun.reflect.GeneratedMethodAccessor6.invoke(Unknown Source)
	at sun.reflect.DelegatingMethodAccessorImpl.invoke(DelegatingMethodAccessorImpl.java:43)
	at java.lang.reflect.Method.invoke(Method.java:498)
	at org.apache.ibatis.logging.jdbc.ConnectionLogger.invoke(ConnectionLogger.java:55)
	at com.sun.proxy.$Proxy12.prepareStatement(Unknown Source)
	at org.apache.ibatis.executor.statement.PreparedStatementHandler.instantiateStatement(PreparedStatementHandler.java:79)
	at org.apache.ibatis.executor.statement.BaseStatementHandler.prepare(BaseStatementHandler.java:88)
	at org.apache.ibatis.executor.statement.RoutingStatementHandler.prepare(RoutingStatementHandler.java:58)
	at org.apache.ibatis.executor.SimpleExecutor.prepareStatement(SimpleExecutor.java:76)
	at org.apache.ibatis.executor.SimpleExecutor.doQuery(SimpleExecutor.java:61)
	at org.apache.ibatis.executor.BaseExecutor.queryFromDatabase(BaseExecutor.java:303)
	at org.apache.ibatis.executor.BaseExecutor.query(BaseExecutor.java:154)
	at org.apache.ibatis.executor.CachingExecutor.query(CachingExecutor.java:102)
	at org.apache.ibatis.executor.CachingExecutor.query(CachingExecutor.java:82)
	at org.apache.ibatis.session.defaults.DefaultSqlSession.selectList(DefaultSqlSession.java:120)
	... 37 more
</error>
    <system-out>10:47:09,753 [main] DEBUG org.activiti.engine.impl.test.TestHelper  - annotation @Deployment creates deployment for SubProcessTest.testSimpleAutomaticSubProcess
10:47:09,754 [main] DEBUG org.activiti.engine.impl.interceptor.LogInterceptor  - 

10:47:09,754 [main] DEBUG org.activiti.engine.impl.interceptor.LogInterceptor  - --- starting DeployCmd --------------------------------------------------------
10:47:09,754 [main] DEBUG org.activiti.engine.impl.bpmn.deployer.BpmnDeployer  - Processing deployment SubProcessTest.testSimpleAutomaticSubProcess
10:47:09,754 [main] INFO  org.activiti.engine.impl.bpmn.deployer.BpmnDeployer  - Processing resource org/activiti/engine/test/bpmn/subprocess/SubProcessTest.testSimpleAutomaticSubProcess.bpmn20.xml
10:47:09,759 [main] DEBUG org.activiti.engine.impl.bpmn.parser.handler.ProcessParseHandler  - Parsing process simpleSubProcessAutomatic
10:47:09,759 [main] DEBUG org.activiti.engine.impl.bpmn.parser.handler.AbstractBpmnParseHandler  - Parsing activity subProcess
10:47:09,759 [main] DEBUG org.activiti.engine.impl.bpmn.parser.handler.AbstractBpmnParseHandler  - Parsing activity subProcessTask
10:47:09,760 [main] DEBUG org.activiti.engine.impl.bpmn.parser.handler.AbstractBpmnParseHandler  - Parsing activity subProcessStart
10:47:09,760 [main] DEBUG org.activiti.engine.impl.bpmn.parser.handler.AbstractBpmnParseHandler  - Parsing activity subProcessEnd
10:47:09,760 [main] DEBUG org.activiti.engine.impl.bpmn.parser.handler.AbstractBpmnParseHandler  - Parsing activity theStart
10:47:09,760 [main] DEBUG org.activiti.engine.impl.bpmn.parser.handler.AbstractBpmnParseHandler  - Parsing activity theEnd
10:47:09,760 [main] DEBUG org.apache.ibatis.transaction.jdbc.JdbcTransaction  - Opening JDBC Connection
10:47:09,760 [main] DEBUG org.apache.ibatis.datasource.pooled.PooledDataSource  - Checked out connection 486346394 from pool.
10:47:09,760 [main] DEBUG org.apache.ibatis.transaction.jdbc.JdbcTransaction  - Setting autocommit to false on JDBC Connection [conn6: url=jdbc:h2:mem:activiti user=SA]
10:47:09,760 [main] DEBUG org.activiti.engine.impl.persistence.entity.ProcessDefinitionEntity.selectLatestProcessDefinitionByKey  - ==&gt;  Preparing: select * from ACT_RE_PROCDEF where KEY_ = ? and (TENANT_ID_ = &apos;&apos; or TENANT_ID_ is null) and VERSION_ = (select max(VERSION_) from ACT_RE_PROCDEF where KEY_ = ? and (TENANT_ID_ = &apos;&apos; or TENANT_ID_ is null)) 
10:47:09,760 [main] DEBUG org.activiti.engine.impl.persistence.entity.ProcessDefinitionEntity.selectLatestProcessDefinitionByKey  - ==&gt; Parameters: simpleSubProcessAutomatic(String), simpleSubProcessAutomatic(String)
10:47:09,760 [main] DEBUG org.activiti.engine.impl.persistence.entity.ProcessDefinitionEntity.selectLatestProcessDefinitionByKey  - &lt;==      Total: 0
10:47:09,760 [main] DEBUG org.activiti.engine.impl.persistence.entity.JobEntity.selectJobByTypeAndProcessDefinitionKeyNoTenantId  - ==&gt;  Preparing: select J.* from ACT_RU_JOB J inner join ACT_RE_PROCDEF P on J.PROC_DEF_ID_ = P.ID_ where J.HANDLER_TYPE_ = ? and P.KEY_ = ? and (P.TENANT_ID_ = &apos;&apos; or P.TENANT_ID_ is null) 
10:47:09,760 [main] DEBUG org.activiti.engine.impl.persistence.entity.JobEntity.selectJobByTypeAndProcessDefinitionKeyNoTenantId  - ==&gt; Parameters: timer-start-event(String), simpleSubProcessAutomatic(String)
10:47:09,760 [main] DEBUG org.activiti.engine.impl.persistence.entity.JobEntity.selectJobByTypeAndProcessDefinitionKeyNoTenantId  - &lt;==      Total: 0
10:47:09,760 [main] DEBUG org.activiti.engine.impl.persistence.entity.ProcessDefinitionInfoEntity.selectProcessDefinitionInfoByProcessDefinitionId  - ==&gt;  Preparing: select * from ACT_PROCDEF_INFO where PROC_DEF_ID_ = ? 
10:47:09,760 [main] DEBUG org.activiti.engine.impl.persistence.entity.ProcessDefinitionInfoEntity.selectProcessDefinitionInfoByProcessDefinitionId  - ==&gt; Parameters: simpleSubProcessAutomatic:1:133(String)
10:47:09,760 [main] DEBUG org.activiti.engine.impl.persistence.entity.ProcessDefinitionInfoEntity.selectProcessDefinitionInfoByProcessDefinitionId  - &lt;==      Total: 0
10:47:09,760 [main] DEBUG org.activiti.engine.impl.interceptor.LogInterceptor  - 

10:47:09,760 [main] DEBUG org.activiti.engine.impl.interceptor.LogInterceptor  - --- starting GetProcessDefinitionInfoCmd --------------------------------------------------------
10:47:09,760 [main] DEBUG org.activiti.engine.impl.interceptor.CommandContextInterceptor  - Valid context found. Reusing it for the current command &apos;org.activiti.engine.impl.cmd.GetProcessDefinitionInfoCmd&apos;
10:47:09,760 [main] DEBUG org.activiti.engine.impl.interceptor.LogInterceptor  - 

10:47:09,760 [main] DEBUG org.activiti.engine.impl.interceptor.LogInterceptor  - --- starting  --------------------------------------------------------
10:47:09,760 [main] DEBUG org.activiti.engine.impl.interceptor.CommandContextInterceptor  - Valid context found. Reusing it for the current command &apos;null&apos;
10:47:09,760 [main] DEBUG org.activiti.engine.impl.interceptor.LogInterceptor  - ---  finished --------------------------------------------------------
10:47:09,760 [main] DEBUG org.activiti.engine.impl.interceptor.LogInterceptor  - 

10:47:09,760 [main] DEBUG org.activiti.engine.impl.interceptor.LogInterceptor  - --- GetProcessDefinitionInfoCmd finished --------------------------------------------------------
10:47:09,760 [main] DEBUG org.activiti.engine.impl.interceptor.LogInterceptor  - 

10:47:09,761 [main] DEBUG org.activiti.engine.impl.db.DbSqlSession  -   insert ResourceEntity[id=132, name=org/activiti/engine/test/bpmn/subprocess/SubProcessTest.testSimpleAutomaticSubProcess.bpmn20.xml]
10:47:09,761 [main] DEBUG org.activiti.engine.impl.db.DbSqlSession  -   insert DeploymentEntity[id=131, name=SubProcessTest.testSimpleAutomaticSubProcess]
10:47:09,761 [main] DEBUG org.activiti.engine.impl.db.DbSqlSession  -   insert ProcessDefinitionEntity[simpleSubProcessAutomatic:1:133]
10:47:09,761 [main] DEBUG org.activiti.engine.impl.db.DbSqlSession  - flush summary: 3 insert, 0 update, 0 delete.
10:47:09,761 [main] DEBUG org.activiti.engine.impl.db.DbSqlSession  - now executing flush...
10:47:09,761 [main] DEBUG org.activiti.engine.impl.db.DbSqlSession  - inserting: ProcessDefinitionEntity[simpleSubProcessAutomatic:1:133]
10:47:09,761 [main] DEBUG org.activiti.engine.impl.persistence.entity.ProcessDefinitionEntity.insertProcessDefinition  - ==&gt;  Preparing: insert into ACT_RE_PROCDEF(ID_, REV_, CATEGORY_, NAME_, KEY_, VERSION_, DEPLOYMENT_ID_, RESOURCE_NAME_, DGRM_RESOURCE_NAME_, DESCRIPTION_, HAS_START_FORM_KEY_, HAS_GRAPHICAL_NOTATION_ , SUSPENSION_STATE_, TENANT_ID_) values (?, 1, ?, ?, ?, ?, ?, ?, ?, ?, ?, ?, ?, ?) 
10:47:09,761 [main] DEBUG org.activiti.engine.impl.persistence.entity.ProcessDefinitionEntity.insertProcessDefinition  - ==&gt; Parameters: simpleSubProcessAutomatic:1:133(String), Examples(String), null, simpleSubProcessAutomatic(String), 1(Integer), 131(String), org/activiti/engine/test/bpmn/subprocess/SubProcessTest.testSimpleAutomaticSubProcess.bpmn20.xml(String), null, null, false(Boolean), false(Boolean), 1(Integer), (String)
10:47:09,761 [main] DEBUG org.activiti.engine.impl.persistence.entity.ProcessDefinitionEntity.insertProcessDefinition  - &lt;==    Updates: 1
10:47:09,761 [main] DEBUG org.activiti.engine.impl.db.DbSqlSession  - inserting: DeploymentEntity[id=131, name=SubProcessTest.testSimpleAutomaticSubProcess]
10:47:09,761 [main] DEBUG org.activiti.engine.impl.persistence.entity.DeploymentEntity.insertDeployment  - ==&gt;  Preparing: insert into ACT_RE_DEPLOYMENT(ID_, NAME_, CATEGORY_, TENANT_ID_, DEPLOY_TIME_) values(?, ?, ?, ?, ?) 
10:47:09,761 [main] DEBUG org.activiti.engine.impl.persistence.entity.DeploymentEntity.insertDeployment  - ==&gt; Parameters: 131(String), SubProcessTest.testSimpleAutomaticSubProcess(String), null, (String), 2023-03-20 10:46:46.742(Timestamp)
10:47:09,761 [main] DEBUG org.activiti.engine.impl.persistence.entity.DeploymentEntity.insertDeployment  - &lt;==    Updates: 1
10:47:09,761 [main] DEBUG org.activiti.engine.impl.db.DbSqlSession  - inserting: ResourceEntity[id=132, name=org/activiti/engine/test/bpmn/subprocess/SubProcessTest.testSimpleAutomaticSubProcess.bpmn20.xml]
10:47:09,761 [main] DEBUG org.activiti.engine.impl.persistence.entity.ResourceEntity.insertResource  - ==&gt;  Preparing: insert into ACT_GE_BYTEARRAY(ID_, REV_, NAME_, BYTES_, DEPLOYMENT_ID_, GENERATED_) values (?, 1, ?, ?, ?, ?) 
10:47:09,761 [main] DEBUG org.activiti.engine.impl.persistence.entity.ResourceEntity.insertResource  - ==&gt; Parameters: 132(String), org/activiti/engine/test/bpmn/subprocess/SubProcessTest.testSimpleAutomaticSubProcess.bpmn20.xml(String), java.io.ByteArrayInputStream@487c98c4(ByteArrayInputStream), 131(String), false(Boolean)
10:47:09,761 [main] DEBUG org.activiti.engine.impl.persistence.entity.ResourceEntity.insertResource  - &lt;==    Updates: 1
10:47:09,761 [main] DEBUG org.activiti.engine.impl.cfg.standalone.StandaloneMybatisTransactionContext  - firing event committing...
10:47:09,761 [main] DEBUG org.activiti.engine.impl.cfg.standalone.StandaloneMybatisTransactionContext  - committing the ibatis sql session...
10:47:09,761 [main] DEBUG org.apache.ibatis.transaction.jdbc.JdbcTransaction  - Committing JDBC Connection [conn6: url=jdbc:h2:mem:activiti user=SA]
10:47:09,761 [main] DEBUG org.activiti.engine.impl.cfg.standalone.StandaloneMybatisTransactionContext  - firing event committed...
10:47:09,761 [main] DEBUG org.apache.ibatis.transaction.jdbc.JdbcTransaction  - Resetting autocommit to true on JDBC Connection [conn6: url=jdbc:h2:mem:activiti user=SA]
10:47:09,761 [main] DEBUG org.apache.ibatis.transaction.jdbc.JdbcTransaction  - Closing JDBC Connection [conn6: url=jdbc:h2:mem:activiti user=SA]
10:47:09,762 [main] DEBUG org.apache.ibatis.datasource.pooled.PooledDataSource  - Returned connection 486346394 to pool.
10:47:09,762 [main] DEBUG org.activiti.engine.impl.interceptor.LogInterceptor  - --- DeployCmd finished --------------------------------------------------------
10:47:09,762 [main] DEBUG org.activiti.engine.impl.interceptor.LogInterceptor  - 

10:47:09,762 [main] DEBUG org.activiti.engine.impl.test.PvmTestCase  - 

10:47:09,762 [main] DEBUG org.activiti.engine.impl.test.PvmTestCase  - #### START SubProcessTest.testSimpleAutomaticSubProcess ###########################################################
10:47:09,762 [main] DEBUG org.activiti.engine.impl.interceptor.LogInterceptor  - 

10:47:09,762 [main] DEBUG org.activiti.engine.impl.interceptor.LogInterceptor  - --- starting StartProcessInstanceCmd --------------------------------------------------------
10:47:09,762 [main] DEBUG org.apache.ibatis.transaction.jdbc.JdbcTransaction  - Opening JDBC Connection
10:47:09,762 [main] DEBUG org.apache.ibatis.datasource.pooled.PooledDataSource  - Checked out connection 297240765 from pool.
10:47:09,762 [main] DEBUG org.apache.ibatis.transaction.jdbc.JdbcTransaction  - Setting autocommit to false on JDBC Connection [conn4: url=jdbc:h2:mem:activiti user=SA]
10:47:09,762 [main] DEBUG org.activiti.engine.impl.persistence.entity.ProcessDefinitionEntity.selectLatestProcessDefinitionByKey  - ==&gt;  Preparing: select * from ACT_RE_PROCDEF where KEY_ = ? and (TENANT_ID_ = &apos;&apos; or TENANT_ID_ is null) and VERSION_ = (select max(VERSION_) from ACT_RE_PROCDEF where KEY_ = ? and (TENANT_ID_ = &apos;&apos; or TENANT_ID_ is null)) 
10:47:09,762 [main] DEBUG org.activiti.engine.impl.persistence.entity.ProcessDefinitionEntity.selectLatestProcessDefinitionByKey  - ==&gt; Parameters: simpleSubProcessAutomatic(String), simpleSubProcessAutomatic(String)
10:47:09,762 [main] DEBUG org.activiti.engine.impl.persistence.entity.ProcessDefinitionEntity.selectLatestProcessDefinitionByKey  - &lt;==      Total: 1
10:47:09,762 [main] DEBUG org.activiti.engine.impl.persistence.entity.ExecutionEntity  - initializing ProcessInstance[134]
10:47:09,762 [main] DEBUG org.activiti.engine.impl.history.DefaultHistoryManager  - Current history level: FULL, level required: ACTIVITY
10:47:09,762 [main] DEBUG org.activiti.engine.impl.pvm.runtime.AtomicOperationActivityExecute  - ProcessInstance[134] executes Activity(theStart): org.activiti.engine.impl.bpmn.behavior.NoneStartEventActivityBehavior
10:47:09,762 [main] DEBUG org.activiti.engine.impl.persistence.entity.JobEntity.selectJobsByExecutionId  - ==&gt;  Preparing: select * from ACT_RU_JOB J where J.EXECUTION_ID_ = ? 
10:47:09,762 [main] DEBUG org.activiti.engine.impl.persistence.entity.JobEntity.selectJobsByExecutionId  - ==&gt; Parameters: 134(String)
10:47:09,762 [main] DEBUG org.activiti.engine.impl.persistence.entity.JobEntity.selectJobsByExecutionId  - &lt;==      Total: 0
10:47:09,762 [main] DEBUG org.activiti.engine.impl.bpmn.behavior.BpmnActivityBehavior  - Leaving activity &apos;theStart&apos;
10:47:09,762 [main] DEBUG org.activiti.engine.impl.history.DefaultHistoryManager  - Current history level: FULL, level required: ACTIVITY
10:47:09,762 [main] DEBUG org.activiti.engine.impl.pvm.runtime.AtomicOperationTransitionNotifyListenerTake  - ProcessInstance[134] takes transition (theStart)--flow1--&gt;(subProcess)
10:47:09,762 [main] DEBUG org.activiti.engine.impl.persistence.entity.ExecutionEntity  - Child execution ScopeExecution[136] created with parent 
10:47:09,762 [main] DEBUG org.activiti.engine.impl.pvm.runtime.AtomicOperationTransitionCreateScope  - create scope: parent ProcessInstance[134] continues as execution ScopeExecution[136]
10:47:09,762 [main] DEBUG org.activiti.engine.impl.persistence.entity.ExecutionEntity  - initializing ScopeExecution[136]
10:47:09,763 [main] DEBUG org.activiti.engine.impl.history.DefaultHistoryManager  - Current history level: FULL, level required: ACTIVITY
10:47:09,763 [main] DEBUG org.activiti.engine.impl.pvm.runtime.AtomicOperationActivityExecute  - ScopeExecution[136] executes Activity(subProcess): org.activiti.engine.impl.bpmn.behavior.SubProcessActivityBehavior
10:47:09,763 [main] DEBUG org.activiti.engine.impl.history.DefaultHistoryManager  - Current history level: FULL, level required: ACTIVITY
10:47:09,763 [main] DEBUG org.activiti.engine.impl.pvm.runtime.AtomicOperationActivityExecute  - ScopeExecution[136] executes Activity(subProcessStart): org.activiti.engine.impl.bpmn.behavior.NoneStartEventActivityBehavior
10:47:09,763 [main] DEBUG org.activiti.engine.impl.persistence.entity.JobEntity.selectJobsByExecutionId  - ==&gt;  Preparing: select * from ACT_RU_JOB J where J.EXECUTION_ID_ = ? 
10:47:09,763 [main] DEBUG org.activiti.engine.impl.persistence.entity.JobEntity.selectJobsByExecutionId  - ==&gt; Parameters: 136(String)
10:47:09,763 [main] DEBUG org.activiti.engine.impl.persistence.entity.JobEntity.selectJobsByExecutionId  - &lt;==      Total: 0
10:47:09,763 [main] DEBUG org.activiti.engine.impl.bpmn.behavior.BpmnActivityBehavior  - Leaving activity &apos;subProcessStart&apos;
10:47:09,763 [main] DEBUG org.activiti.engine.impl.history.DefaultHistoryManager  - Current history level: FULL, level required: ACTIVITY
10:47:09,763 [main] DEBUG org.activiti.engine.impl.pvm.runtime.AtomicOperationTransitionNotifyListenerTake  - ScopeExecution[136] takes transition (subProcessStart)--flow2--&gt;(subProcessTask)
10:47:09,763 [main] DEBUG org.activiti.engine.impl.history.DefaultHistoryManager  - Current history level: FULL, level required: ACTIVITY
10:47:09,763 [main] DEBUG org.activiti.engine.impl.pvm.runtime.AtomicOperationActivityExecute  - ScopeExecution[136] executes Activity(subProcessTask): org.activiti.engine.impl.bpmn.behavior.ManualTaskActivityBehavior
10:47:09,764 [main] DEBUG org.activiti.engine.impl.bpmn.behavior.BpmnActivityBehavior  - Leaving activity &apos;subProcessTask&apos;
10:47:09,764 [main] DEBUG org.activiti.engine.impl.history.DefaultHistoryManager  - Current history level: FULL, level required: ACTIVITY
10:47:09,764 [main] DEBUG org.activiti.engine.impl.pvm.runtime.AtomicOperationTransitionNotifyListenerTake  - ScopeExecution[136] takes transition (subProcessTask)--flow3--&gt;(subProcessEnd)
10:47:09,764 [main] DEBUG org.activiti.engine.impl.history.DefaultHistoryManager  - Current history level: FULL, level required: ACTIVITY
10:47:09,764 [main] DEBUG org.activiti.engine.impl.pvm.runtime.AtomicOperationActivityExecute  - ScopeExecution[136] executes Activity(subProcessEnd): org.activiti.engine.impl.bpmn.behavior.NoneEndEventActivityBehavior
10:47:09,764 [main] DEBUG org.activiti.engine.impl.history.DefaultHistoryManager  - Current history level: FULL, level required: ACTIVITY
10:47:09,764 [main] DEBUG org.activiti.engine.impl.bpmn.behavior.BpmnActivityBehavior  - Leaving activity &apos;subProcess&apos;
10:47:09,764 [main] DEBUG org.activiti.engine.impl.history.DefaultHistoryManager  - Current history level: FULL, level required: ACTIVITY
10:47:09,764 [main] DEBUG org.activiti.engine.impl.pvm.runtime.AtomicOperationTransitionDestroyScope  - destroy scope: scoped ScopeExecution[136] continues as parent scope ProcessInstance[134]
10:47:09,764 [main] DEBUG org.activiti.engine.impl.persistence.entity.ExecutionEntity  - destroying ScopeExecution[136]
10:47:09,764 [main] DEBUG org.activiti.engine.impl.persistence.entity.TaskEntity.selectTasksByExecutionId  - ==&gt;  Preparing: select distinct T.* from ACT_RU_TASK T where T.EXECUTION_ID_ = ? 
10:47:09,764 [main] DEBUG org.activiti.engine.impl.persistence.entity.TaskEntity.selectTasksByExecutionId  - ==&gt; Parameters: 136(String)
10:47:09,764 [main] DEBUG org.activiti.engine.impl.persistence.entity.TaskEntity.selectTasksByExecutionId  - &lt;==      Total: 0
10:47:09,765 [main] DEBUG org.activiti.engine.impl.persistence.entity.IdentityLinkEntity.selectIdentityLinksByProcessInstance  - ==&gt;  Preparing: select * from ACT_RU_IDENTITYLINK where PROC_INST_ID_ = ? 
10:47:09,765 [main] DEBUG org.activiti.engine.impl.persistence.entity.IdentityLinkEntity.selectIdentityLinksByProcessInstance  - ==&gt; Parameters: 136(String)
10:47:09,765 [main] DEBUG org.activiti.engine.impl.persistence.entity.IdentityLinkEntity.selectIdentityLinksByProcessInstance  - &lt;==      Total: 0
10:47:09,765 [main] DEBUG org.activiti.engine.impl.pvm.runtime.AtomicOperationTransitionNotifyListenerTake  - ProcessInstance[134] takes transition (subProcess)--flow4--&gt;(theEnd)
10:47:09,765 [main] DEBUG org.activiti.engine.impl.history.DefaultHistoryManager  - Current history level: FULL, level required: ACTIVITY
10:47:09,765 [main] DEBUG org.activiti.engine.impl.pvm.runtime.AtomicOperationActivityExecute  - ProcessInstance[134] executes Activity(theEnd): org.activiti.engine.impl.bpmn.behavior.NoneEndEventActivityBehavior
10:47:09,765 [main] DEBUG org.activiti.engine.impl.history.DefaultHistoryManager  - Current history level: FULL, level required: ACTIVITY
10:47:09,765 [main] DEBUG org.activiti.engine.impl.history.DefaultHistoryManager  - Current history level: FULL, level required: ACTIVITY
10:47:09,765 [main] DEBUG org.activiti.engine.impl.history.DefaultHistoryManager  - Current history level: FULL
10:47:09,765 [main] DEBUG org.activiti.engine.impl.persistence.entity.ExecutionEntity  - destroying ProcessInstance[134]
10:47:09,765 [main] DEBUG org.activiti.engine.impl.persistence.entity.TaskEntity.selectTasksByExecutionId  - ==&gt;  Preparing: select distinct T.* from ACT_RU_TASK T where T.EXECUTION_ID_ = ? 
10:47:09,766 [main] DEBUG org.activiti.engine.impl.persistence.entity.TaskEntity.selectTasksByExecutionId  - ==&gt; Parameters: 134(String)
10:47:09,766 [main] DEBUG org.activiti.engine.impl.persistence.entity.TaskEntity.selectTasksByExecutionId  - &lt;==      Total: 0
10:47:09,766 [main] DEBUG org.activiti.engine.impl.persistence.entity.IdentityLinkEntity.selectIdentityLinksByProcessInstance  - ==&gt;  Preparing: select * from ACT_RU_IDENTITYLINK where PROC_INST_ID_ = ? 
10:47:09,766 [main] DEBUG org.activiti.engine.impl.persistence.entity.IdentityLinkEntity.selectIdentityLinksByProcessInstance  - ==&gt; Parameters: 134(String)
10:47:09,766 [main] DEBUG org.activiti.engine.impl.persistence.entity.IdentityLinkEntity.selectIdentityLinksByProcessInstance  - &lt;==      Total: 0
10:47:09,766 [main] DEBUG org.activiti.engine.impl.db.DbSqlSession  -   insert HistoricProcessInstanceEntity[superProcessInstanceId=null]
10:47:09,766 [main] DEBUG org.activiti.engine.impl.db.DbSqlSession  -   insert HistoricActivityInstanceEntity[activityId=theStart, activityName=null]
10:47:09,766 [main] DEBUG org.activiti.engine.impl.db.DbSqlSession  -   insert HistoricActivityInstanceEntity[activityId=subProcess, activityName=null]
10:47:09,766 [main] DEBUG org.activiti.engine.impl.db.DbSqlSession  -   insert HistoricActivityInstanceEntity[activityId=subProcessStart, activityName=null]
10:47:09,766 [main] DEBUG org.activiti.engine.impl.db.DbSqlSession  -   insert HistoricActivityInstanceEntity[activityId=subProcessTask, activityName=null]
10:47:09,766 [main] DEBUG org.activiti.engine.impl.db.DbSqlSession  -   insert HistoricActivityInstanceEntity[activityId=subProcessEnd, activityName=null]
10:47:09,766 [main] DEBUG org.activiti.engine.impl.db.DbSqlSession  -   insert HistoricActivityInstanceEntity[activityId=theEnd, activityName=null]
10:47:09,766 [main] DEBUG org.activiti.engine.impl.db.DbSqlSession  - flush summary: 7 insert, 0 update, 0 delete.
10:47:09,766 [main] DEBUG org.activiti.engine.impl.db.DbSqlSession  - now executing flush...
10:47:09,766 [main] DEBUG org.activiti.engine.impl.db.DbSqlSession  - inserting: HistoricProcessInstanceEntity[superProcessInstanceId=null]
10:47:09,766 [main] DEBUG org.activiti.engine.impl.persistence.entity.HistoricProcessInstanceEntity.insertHistoricProcessInstance  - ==&gt;  Preparing: insert into ACT_HI_PROCINST ( ID_, PROC_INST_ID_, BUSINESS_KEY_, PROC_DEF_ID_, START_TIME_, END_TIME_, DURATION_, START_USER_ID_, START_ACT_ID_, END_ACT_ID_, SUPER_PROCESS_INSTANCE_ID_, DELETE_REASON_, TENANT_ID_, NAME_ ) values ( ?, ?, ?, ?, ?, ?, ?, ?, ?, ?, ?, ?, ?, ? ) 
10:47:09,767 [main] DEBUG org.activiti.engine.impl.persistence.entity.HistoricProcessInstanceEntity.insertHistoricProcessInstance  - ==&gt; Parameters: 134(String), 134(String), null, simpleSubProcessAutomatic:1:133(String), 2023-03-20 10:46:46.742(Timestamp), 2023-03-20 10:46:46.742(Timestamp), 0(Long), null, theStart(String), theEnd(String), null, null, (String), null
10:47:09,767 [main] DEBUG org.activiti.engine.impl.persistence.entity.HistoricProcessInstanceEntity.insertHistoricProcessInstance  - &lt;==    Updates: 1
10:47:09,767 [main] DEBUG org.activiti.engine.impl.persistence.entity.HistoricActivityInstanceEntity.bulkInsertHistoricActivityInstance  - ==&gt;  Preparing: insert into ACT_HI_ACTINST ( ID_, PROC_DEF_ID_, PROC_INST_ID_, EXECUTION_ID_, ACT_ID_, TASK_ID_, CALL_PROC_INST_ID_, ACT_NAME_, ACT_TYPE_, ASSIGNEE_, START_TIME_, END_TIME_, DURATION_, TENANT_ID_ ) values (?, ?, ?, ?, ?, ?, ?, ?, ?, ?, ?, ?, ?, ?) , (?, ?, ?, ?, ?, ?, ?, ?, ?, ?, ?, ?, ?, ?) , (?, ?, ?, ?, ?, ?, ?, ?, ?, ?, ?, ?, ?, ?) , (?, ?, ?, ?, ?, ?, ?, ?, ?, ?, ?, ?, ?, ?) , (?, ?, ?, ?, ?, ?, ?, ?, ?, ?, ?, ?, ?, ?) , (?, ?, ?, ?, ?, ?, ?, ?, ?, ?, ?, ?, ?, ?) 
10:47:09,768 [main] DEBUG org.activiti.engine.impl.persistence.entity.HistoricActivityInstanceEntity.bulkInsertHistoricActivityInstance  - ==&gt; Parameters: 135(String), simpleSubProcessAutomatic:1:133(String), 134(String), 134(String), theStart(String), null, null, null, startEvent(String), null, 2023-03-20 10:46:46.742(Timestamp), 2023-03-20 10:46:46.742(Timestamp), 0(Long), (String), 137(String), simpleSubProcessAutomatic:1:133(String), 134(String), 136(String), subProcess(String), null, null, null, subProcess(String), null, 2023-03-20 10:46:46.742(Timestamp), 2023-03-20 10:46:46.742(Timestamp), 0(Long), (String), 138(String), simpleSubProcessAutomatic:1:133(String), 134(String), 136(String), subProcessStart(String), null, null, null, startEvent(String), null, 2023-03-20 10:46:46.742(Timestamp), 2023-03-20 10:46:46.742(Timestamp), 0(Long), (String), 139(String), simpleSubProcessAutomatic:1:133(String), 134(String), 136(String), subProcessTask(String), null, null, null, manualTask(String), null, 2023-03-20 10:46:46.742(Timestamp), 2023-03-20 10:46:46.742(Timestamp), 0(Long), (String), 140(String), simpleSubProcessAutomatic:1:133(String), 134(String), 136(String), subProcessEnd(String), null, null, null, endEvent(String), null, 2023-03-20 10:46:46.742(Timestamp), 2023-03-20 10:46:46.742(Timestamp), 0(Long), (String), 141(String), simpleSubProcessAutomatic:1:133(String), 134(String), 134(String), theEnd(String), null, null, null, endEvent(String), null, 2023-03-20 10:46:46.742(Timestamp), 2023-03-20 10:46:46.742(Timestamp), 0(Long), (String)
10:47:09,768 [main] DEBUG org.activiti.engine.impl.persistence.entity.HistoricActivityInstanceEntity.bulkInsertHistoricActivityInstance  - &lt;==    Updates: 6
10:47:09,768 [main] DEBUG org.activiti.engine.impl.cfg.standalone.StandaloneMybatisTransactionContext  - firing event committing...
10:47:09,768 [main] DEBUG org.activiti.engine.impl.cfg.standalone.StandaloneMybatisTransactionContext  - committing the ibatis sql session...
10:47:09,768 [main] DEBUG org.apache.ibatis.transaction.jdbc.JdbcTransaction  - Committing JDBC Connection [conn4: url=jdbc:h2:mem:activiti user=SA]
10:47:09,768 [main] DEBUG org.activiti.engine.impl.cfg.standalone.StandaloneMybatisTransactionContext  - firing event committed...
10:47:09,768 [main] DEBUG org.apache.ibatis.transaction.jdbc.JdbcTransaction  - Resetting autocommit to true on JDBC Connection [conn4: url=jdbc:h2:mem:activiti user=SA]
10:47:09,768 [main] DEBUG org.apache.ibatis.transaction.jdbc.JdbcTransaction  - Closing JDBC Connection [conn4: url=jdbc:h2:mem:activiti user=SA]
10:47:09,768 [main] DEBUG org.apache.ibatis.datasource.pooled.PooledDataSource  - Returned connection 297240765 to pool.
10:47:09,768 [main] DEBUG org.activiti.engine.impl.interceptor.LogInterceptor  - --- StartProcessInstanceCmd finished --------------------------------------------------------
10:47:09,768 [main] DEBUG org.activiti.engine.impl.interceptor.LogInterceptor  - 

10:47:09,768 [main] DEBUG org.activiti.engine.impl.interceptor.LogInterceptor  - 

10:47:09,768 [main] DEBUG org.activiti.engine.impl.interceptor.LogInterceptor  - --- starting ProcessInstanceQueryImpl --------------------------------------------------------
10:47:09,768 [main] DEBUG org.apache.ibatis.transaction.jdbc.JdbcTransaction  - Opening JDBC Connection
10:47:09,768 [main] DEBUG org.apache.ibatis.datasource.pooled.PooledDataSource  - Checked out connection 363509958 from pool.
10:47:09,768 [main] DEBUG org.apache.ibatis.transaction.jdbc.JdbcTransaction  - Setting autocommit to false on JDBC Connection [conn2: url=jdbc:h2:mem:activiti user=SA]
10:47:09,768 [main] DEBUG org.activiti.engine.impl.persistence.entity.ExecutionEntity.selectProcessInstanceByQueryCriteria  - ==&gt;  Preparing: select distinct RES.* , P.KEY_ as ProcessDefinitionKey, P.ID_ as ProcessDefinitionId, P.NAME_ as ProcessDefinitionName, P.VERSION_ as ProcessDefinitionVersion, P.DEPLOYMENT_ID_ as DeploymentId from ACT_RU_EXECUTION RES inner join ACT_RE_PROCDEF P on RES.PROC_DEF_ID_ = P.ID_ WHERE RES.PARENT_ID_ is null and RES.ID_ = ? and RES.PROC_INST_ID_ = ? order by order by RES.ID_ asc LIMIT ? OFFSET ? 
10:47:09,769 [main] DEBUG org.activiti.engine.impl.interceptor.CommandContext  - Error while closing command context
org.apache.ibatis.exceptions.PersistenceException: 
### Error querying database.  Cause: org.h2.jdbc.JdbcSQLException: Syntax error in SQL statement &quot;SELECT DISTINCT RES.* , P.KEY_ AS PROCESSDEFINITIONKEY, P.ID_ AS PROCESSDEFINITIONID, P.NAME_ AS PROCESSDEFINITIONNAME, P.VERSION_ AS PROCESSDEFINITIONVERSION, P.DEPLOYMENT_ID_ AS DEPLOYMENTID
       
    FROM ACT_RU_EXECUTION RES
    INNER JOIN ACT_RE_PROCDEF P ON RES.PROC_DEF_ID_ = P.ID_
     
     
     
     
     
     
     WHERE RES.PARENT_ID_ IS NULL
      
      
      
      
      
      
      
        AND RES.ID_ = ?
      
      
        AND RES.PROC_INST_ID_ = ? 
   
   
     ORDER BY  ORDER[*] BY RES.ID_ ASC  
    LIMIT ? OFFSET ? &quot;; expected &quot;=, NOT, EXISTS, INTERSECTS, SELECT, FROM&quot;; SQL statement:
select distinct RES.* , P.KEY_ as ProcessDefinitionKey, P.ID_ as ProcessDefinitionId, P.NAME_ as ProcessDefinitionName, P.VERSION_ as ProcessDefinitionVersion, P.DEPLOYMENT_ID_ as DeploymentId
       
    from ACT_RU_EXECUTION RES
    inner join ACT_RE_PROCDEF P on RES.PROC_DEF_ID_ = P.ID_
     
     
     
     
     
     
     WHERE RES.PARENT_ID_ is null
      
      
      
      
      
      
      
        and RES.ID_ = ?
      
      
        and RES.PROC_INST_ID_ = ? 
   
   
     order by  order by RES.ID_ asc  
    LIMIT ? OFFSET ? [42001-176]
### The error may exist in org/activiti/db/mapping/entity/Execution.xml
### The error may involve org.activiti.engine.impl.persistence.entity.ExecutionEntity.selectProcessInstanceByQueryCriteria
### The error occurred while executing a query
### SQL: select distinct RES.* , P.KEY_ as ProcessDefinitionKey, P.ID_ as ProcessDefinitionId, P.NAME_ as ProcessDefinitionName, P.VERSION_ as ProcessDefinitionVersion, P.DEPLOYMENT_ID_ as DeploymentId             from ACT_RU_EXECUTION RES     inner join ACT_RE_PROCDEF P on RES.PROC_DEF_ID_ = P.ID_                                          WHERE RES.PARENT_ID_ is null                                                          and RES.ID_ = ?                       and RES.PROC_INST_ID_ = ?               order by  order by RES.ID_ asc       LIMIT ? OFFSET ?
### Cause: org.h2.jdbc.JdbcSQLException: Syntax error in SQL statement &quot;SELECT DISTINCT RES.* , P.KEY_ AS PROCESSDEFINITIONKEY, P.ID_ AS PROCESSDEFINITIONID, P.NAME_ AS PROCESSDEFINITIONNAME, P.VERSION_ AS PROCESSDEFINITIONVERSION, P.DEPLOYMENT_ID_ AS DEPLOYMENTID
       
    FROM ACT_RU_EXECUTION RES
    INNER JOIN ACT_RE_PROCDEF P ON RES.PROC_DEF_ID_ = P.ID_
     
     
     
     
     
     
     WHERE RES.PARENT_ID_ IS NULL
      
      
      
      
      
      
      
        AND RES.ID_ = ?
      
      
        AND RES.PROC_INST_ID_ = ? 
   
   
     ORDER BY  ORDER[*] BY RES.ID_ ASC  
    LIMIT ? OFFSET ? &quot;; expected &quot;=, NOT, EXISTS, INTERSECTS, SELECT, FROM&quot;; SQL statement:
select distinct RES.* , P.KEY_ as ProcessDefinitionKey, P.ID_ as ProcessDefinitionId, P.NAME_ as ProcessDefinitionName, P.VERSION_ as ProcessDefinitionVersion, P.DEPLOYMENT_ID_ as DeploymentId
       
    from ACT_RU_EXECUTION RES
    inner join ACT_RE_PROCDEF P on RES.PROC_DEF_ID_ = P.ID_
     
     
     
     
     
     
     WHERE RES.PARENT_ID_ is null
      
      
      
      
      
      
      
        and RES.ID_ = ?
      
      
        and RES.PROC_INST_ID_ = ? 
   
   
     order by  order by RES.ID_ asc  
    LIMIT ? OFFSET ? [42001-176]
	at org.apache.ibatis.exceptions.ExceptionFactory.wrapException(ExceptionFactory.java:30)
	at org.apache.ibatis.session.defaults.DefaultSqlSession.selectList(DefaultSqlSession.java:122)
	at org.apache.ibatis.session.defaults.DefaultSqlSession.selectList(DefaultSqlSession.java:113)
	at org.activiti.engine.impl.db.DbSqlSession.selectListWithRawParameter(DbSqlSession.java:438)
	at org.activiti.engine.impl.db.DbSqlSession.selectList(DbSqlSession.java:429)
	at org.activiti.engine.impl.persistence.entity.ExecutionEntityManager.findProcessInstanceByQueryCriteria(ExecutionEntityManager.java:127)
	at org.activiti.engine.impl.ProcessInstanceQueryImpl.executeList(ProcessInstanceQueryImpl.java:541)
	at org.activiti.engine.impl.AbstractQuery.executeSingleResult(AbstractQuery.java:183)
	at org.activiti.engine.impl.AbstractQuery.execute(AbstractQuery.java:166)
	at org.activiti.engine.impl.interceptor.CommandInvoker.execute(CommandInvoker.java:24)
	at org.activiti.engine.impl.interceptor.CommandContextInterceptor.execute(CommandContextInterceptor.java:57)
	at org.activiti.engine.impl.interceptor.LogInterceptor.execute(LogInterceptor.java:37)
	at org.activiti.engine.impl.cfg.CommandExecutorImpl.execute(CommandExecutorImpl.java:40)
	at org.activiti.engine.impl.cfg.CommandExecutorImpl.execute(CommandExecutorImpl.java:35)
	at org.activiti.engine.impl.AbstractQuery.singleResult(AbstractQuery.java:129)
	at org.activiti.engine.impl.test.AbstractActivitiTestCase.assertProcessEnded(AbstractActivitiTestCase.java:196)
	at org.activiti.engine.test.bpmn.subprocess.SubProcessTest.testSimpleAutomaticSubProcess(SubProcessTest.java:59)
	at sun.reflect.NativeMethodAccessorImpl.invoke0(Native Method)
	at sun.reflect.NativeMethodAccessorImpl.invoke(NativeMethodAccessorImpl.java:62)
	at sun.reflect.DelegatingMethodAccessorImpl.invoke(DelegatingMethodAccessorImpl.java:43)
	at java.lang.reflect.Method.invoke(Method.java:498)
	at junit.framework.TestCase.runTest(TestCase.java:176)
	at org.activiti.engine.impl.test.PvmTestCase.runTest(PvmTestCase.java:65)
	at junit.framework.TestCase.runBare(TestCase.java:141)
	at org.activiti.engine.impl.test.AbstractActivitiTestCase.runBare(AbstractActivitiTestCase.java:100)
	at junit.framework.TestResult$1.protect(TestResult.java:122)
	at junit.framework.TestResult.runProtected(TestResult.java:142)
	at junit.framework.TestResult.run(TestResult.java:125)
	at junit.framework.TestCase.run(TestCase.java:129)
	at junit.framework.TestSuite.runTest(TestSuite.java:255)
	at junit.framework.TestSuite.run(TestSuite.java:250)
	at org.junit.internal.runners.JUnit38ClassRunner.run(JUnit38ClassRunner.java:84)
	at org.apache.maven.surefire.junit4.JUnit4TestSet.execute(JUnit4TestSet.java:35)
	at org.apache.maven.surefire.junit4.JUnit4Provider.executeTestSet(JUnit4Provider.java:146)
	at org.apache.maven.surefire.junit4.JUnit4Provider.invoke(JUnit4Provider.java:97)
	at sun.reflect.NativeMethodAccessorImpl.invoke0(Native Method)
	at sun.reflect.NativeMethodAccessorImpl.invoke(NativeMethodAccessorImpl.java:62)
	at sun.reflect.DelegatingMethodAccessorImpl.invoke(DelegatingMethodAccessorImpl.java:43)
	at java.lang.reflect.Method.invoke(Method.java:498)
	at org.apache.maven.surefire.booter.ProviderFactory$ClassLoaderProxy.invoke(ProviderFactory.java:103)
	at com.sun.proxy.$Proxy0.invoke(Unknown Source)
	at org.apache.maven.surefire.booter.SurefireStarter.invokeProvider(SurefireStarter.java:145)
	at org.apache.maven.surefire.booter.SurefireStarter.runSuitesInProcess(SurefireStarter.java:87)
	at org.apache.maven.surefire.booter.ForkedBooter.main(ForkedBooter.java:69)
Caused by: org.h2.jdbc.JdbcSQLException: Syntax error in SQL statement &quot;SELECT DISTINCT RES.* , P.KEY_ AS PROCESSDEFINITIONKEY, P.ID_ AS PROCESSDEFINITIONID, P.NAME_ AS PROCESSDEFINITIONNAME, P.VERSION_ AS PROCESSDEFINITIONVERSION, P.DEPLOYMENT_ID_ AS DEPLOYMENTID
       
    FROM ACT_RU_EXECUTION RES
    INNER JOIN ACT_RE_PROCDEF P ON RES.PROC_DEF_ID_ = P.ID_
     
     
     
     
     
     
     WHERE RES.PARENT_ID_ IS NULL
      
      
      
      
      
      
      
        AND RES.ID_ = ?
      
      
        AND RES.PROC_INST_ID_ = ? 
   
   
     ORDER BY  ORDER[*] BY RES.ID_ ASC  
    LIMIT ? OFFSET ? &quot;; expected &quot;=, NOT, EXISTS, INTERSECTS, SELECT, FROM&quot;; SQL statement:
select distinct RES.* , P.KEY_ as ProcessDefinitionKey, P.ID_ as ProcessDefinitionId, P.NAME_ as ProcessDefinitionName, P.VERSION_ as ProcessDefinitionVersion, P.DEPLOYMENT_ID_ as DeploymentId
       
    from ACT_RU_EXECUTION RES
    inner join ACT_RE_PROCDEF P on RES.PROC_DEF_ID_ = P.ID_
     
     
     
     
     
     
     WHERE RES.PARENT_ID_ is null
      
      
      
      
      
      
      
        and RES.ID_ = ?
      
      
        and RES.PROC_INST_ID_ = ? 
   
   
     order by  order by RES.ID_ asc  
    LIMIT ? OFFSET ? [42001-176]
	at org.h2.message.DbException.getJdbcSQLException(DbException.java:344)
	at org.h2.message.DbException.getSyntaxError(DbException.java:204)
	at org.h2.command.Parser.getSyntaxError(Parser.java:524)
	at org.h2.command.Parser.readTerm(Parser.java:2688)
	at org.h2.command.Parser.readFactor(Parser.java:2244)
	at org.h2.command.Parser.readSum(Parser.java:2231)
	at org.h2.command.Parser.readConcat(Parser.java:2201)
	at org.h2.command.Parser.readCondition(Parser.java:2051)
	at org.h2.command.Parser.readAnd(Parser.java:2023)
	at org.h2.command.Parser.readExpression(Parser.java:2015)
	at org.h2.command.Parser.parseEndOfQuery(Parser.java:1726)
	at org.h2.command.Parser.parseSelectUnionExtension(Parser.java:1706)
	at org.h2.command.Parser.parseSelectUnion(Parser.java:1675)
	at org.h2.command.Parser.parseSelect(Parser.java:1662)
	at org.h2.command.Parser.parsePrepared(Parser.java:434)
	at org.h2.command.Parser.parse(Parser.java:306)
	at org.h2.command.Parser.parse(Parser.java:282)
	at org.h2.command.Parser.prepareCommand(Parser.java:243)
	at org.h2.engine.Session.prepareLocal(Session.java:442)
	at org.h2.engine.Session.prepareCommand(Session.java:384)
	at org.h2.jdbc.JdbcConnection.prepareCommand(JdbcConnection.java:1188)
	at org.h2.jdbc.JdbcPreparedStatement.&lt;init&gt;(JdbcPreparedStatement.java:73)
	at org.h2.jdbc.JdbcConnection.prepareStatement(JdbcConnection.java:276)
	at sun.reflect.GeneratedMethodAccessor6.invoke(Unknown Source)
	at sun.reflect.DelegatingMethodAccessorImpl.invoke(DelegatingMethodAccessorImpl.java:43)
	at java.lang.reflect.Method.invoke(Method.java:498)
	at org.apache.ibatis.datasource.pooled.PooledConnection.invoke(PooledConnection.java:245)
	at com.sun.proxy.$Proxy12.prepareStatement(Unknown Source)
	at sun.reflect.GeneratedMethodAccessor6.invoke(Unknown Source)
	at sun.reflect.DelegatingMethodAccessorImpl.invoke(DelegatingMethodAccessorImpl.java:43)
	at java.lang.reflect.Method.invoke(Method.java:498)
	at org.apache.ibatis.logging.jdbc.ConnectionLogger.invoke(ConnectionLogger.java:55)
	at com.sun.proxy.$Proxy12.prepareStatement(Unknown Source)
	at org.apache.ibatis.executor.statement.PreparedStatementHandler.instantiateStatement(PreparedStatementHandler.java:79)
	at org.apache.ibatis.executor.statement.BaseStatementHandler.prepare(BaseStatementHandler.java:88)
	at org.apache.ibatis.executor.statement.RoutingStatementHandler.prepare(RoutingStatementHandler.java:58)
	at org.apache.ibatis.executor.SimpleExecutor.prepareStatement(SimpleExecutor.java:76)
	at org.apache.ibatis.executor.SimpleExecutor.doQuery(SimpleExecutor.java:61)
	at org.apache.ibatis.executor.BaseExecutor.queryFromDatabase(BaseExecutor.java:303)
	at org.apache.ibatis.executor.BaseExecutor.query(BaseExecutor.java:154)
	at org.apache.ibatis.executor.CachingExecutor.query(CachingExecutor.java:102)
	at org.apache.ibatis.executor.CachingExecutor.query(CachingExecutor.java:82)
	at org.apache.ibatis.session.defaults.DefaultSqlSession.selectList(DefaultSqlSession.java:120)
	... 42 more
10:47:09,769 [main] DEBUG org.activiti.engine.impl.cfg.standalone.StandaloneMybatisTransactionContext  - firing event rolling back...
10:47:09,769 [main] DEBUG org.activiti.engine.impl.cfg.standalone.StandaloneMybatisTransactionContext  - rolling back ibatis sql session...
10:47:09,769 [main] DEBUG org.activiti.engine.impl.cfg.standalone.StandaloneMybatisTransactionContext  - firing event rolled back...
10:47:09,769 [main] DEBUG org.apache.ibatis.transaction.jdbc.JdbcTransaction  - Resetting autocommit to true on JDBC Connection [conn2: url=jdbc:h2:mem:activiti user=SA]
10:47:09,769 [main] DEBUG org.apache.ibatis.transaction.jdbc.JdbcTransaction  - Closing JDBC Connection [conn2: url=jdbc:h2:mem:activiti user=SA]
10:47:09,769 [main] DEBUG org.apache.ibatis.datasource.pooled.PooledDataSource  - Returned connection 363509958 to pool.
10:47:09,769 [main] DEBUG org.activiti.engine.impl.interceptor.LogInterceptor  - --- ProcessInstanceQueryImpl finished --------------------------------------------------------
10:47:09,769 [main] DEBUG org.activiti.engine.impl.interceptor.LogInterceptor  - 

10:47:09,770 [main] ERROR org.activiti.engine.impl.test.PvmTestCase  - 

10:47:09,770 [main] ERROR org.activiti.engine.impl.test.PvmTestCase  - EXCEPTION: org.apache.ibatis.exceptions.PersistenceException: 
### Error querying database.  Cause: org.h2.jdbc.JdbcSQLException: Syntax error in SQL statement &quot;SELECT DISTINCT RES.* , P.KEY_ AS PROCESSDEFINITIONKEY, P.ID_ AS PROCESSDEFINITIONID, P.NAME_ AS PROCESSDEFINITIONNAME, P.VERSION_ AS PROCESSDEFINITIONVERSION, P.DEPLOYMENT_ID_ AS DEPLOYMENTID
       
    FROM ACT_RU_EXECUTION RES
    INNER JOIN ACT_RE_PROCDEF P ON RES.PROC_DEF_ID_ = P.ID_
     
     
     
     
     
     
     WHERE RES.PARENT_ID_ IS NULL
      
      
      
      
      
      
      
        AND RES.ID_ = ?
      
      
        AND RES.PROC_INST_ID_ = ? 
   
   
     ORDER BY  ORDER[*] BY RES.ID_ ASC  
    LIMIT ? OFFSET ? &quot;; expected &quot;=, NOT, EXISTS, INTERSECTS, SELECT, FROM&quot;; SQL statement:
select distinct RES.* , P.KEY_ as ProcessDefinitionKey, P.ID_ as ProcessDefinitionId, P.NAME_ as ProcessDefinitionName, P.VERSION_ as ProcessDefinitionVersion, P.DEPLOYMENT_ID_ as DeploymentId
       
    from ACT_RU_EXECUTION RES
    inner join ACT_RE_PROCDEF P on RES.PROC_DEF_ID_ = P.ID_
     
     
     
     
     
     
     WHERE RES.PARENT_ID_ is null
      
      
      
      
      
      
      
        and RES.ID_ = ?
      
      
        and RES.PROC_INST_ID_ = ? 
   
   
     order by  order by RES.ID_ asc  
    LIMIT ? OFFSET ? [42001-176]
### The error may exist in org/activiti/db/mapping/entity/Execution.xml
### The error may involve org.activiti.engine.impl.persistence.entity.ExecutionEntity.selectProcessInstanceByQueryCriteria
### The error occurred while executing a query
### SQL: select distinct RES.* , P.KEY_ as ProcessDefinitionKey, P.ID_ as ProcessDefinitionId, P.NAME_ as ProcessDefinitionName, P.VERSION_ as ProcessDefinitionVersion, P.DEPLOYMENT_ID_ as DeploymentId             from ACT_RU_EXECUTION RES     inner join ACT_RE_PROCDEF P on RES.PROC_DEF_ID_ = P.ID_                                          WHERE RES.PARENT_ID_ is null                                                          and RES.ID_ = ?                       and RES.PROC_INST_ID_ = ?               order by  order by RES.ID_ asc       LIMIT ? OFFSET ?
### Cause: org.h2.jdbc.JdbcSQLException: Syntax error in SQL statement &quot;SELECT DISTINCT RES.* , P.KEY_ AS PROCESSDEFINITIONKEY, P.ID_ AS PROCESSDEFINITIONID, P.NAME_ AS PROCESSDEFINITIONNAME, P.VERSION_ AS PROCESSDEFINITIONVERSION, P.DEPLOYMENT_ID_ AS DEPLOYMENTID
       
    FROM ACT_RU_EXECUTION RES
    INNER JOIN ACT_RE_PROCDEF P ON RES.PROC_DEF_ID_ = P.ID_
     
     
     
     
     
     
     WHERE RES.PARENT_ID_ IS NULL
      
      
      
      
      
      
      
        AND RES.ID_ = ?
      
      
        AND RES.PROC_INST_ID_ = ? 
   
   
     ORDER BY  ORDER[*] BY RES.ID_ ASC  
    LIMIT ? OFFSET ? &quot;; expected &quot;=, NOT, EXISTS, INTERSECTS, SELECT, FROM&quot;; SQL statement:
select distinct RES.* , P.KEY_ as ProcessDefinitionKey, P.ID_ as ProcessDefinitionId, P.NAME_ as ProcessDefinitionName, P.VERSION_ as ProcessDefinitionVersion, P.DEPLOYMENT_ID_ as DeploymentId
       
    from ACT_RU_EXECUTION RES
    inner join ACT_RE_PROCDEF P on RES.PROC_DEF_ID_ = P.ID_
     
     
     
     
     
     
     WHERE RES.PARENT_ID_ is null
      
      
      
      
      
      
      
        and RES.ID_ = ?
      
      
        and RES.PROC_INST_ID_ = ? 
   
   
     order by  order by RES.ID_ asc  
    LIMIT ? OFFSET ? [42001-176]
org.apache.ibatis.exceptions.PersistenceException: 
### Error querying database.  Cause: org.h2.jdbc.JdbcSQLException: Syntax error in SQL statement &quot;SELECT DISTINCT RES.* , P.KEY_ AS PROCESSDEFINITIONKEY, P.ID_ AS PROCESSDEFINITIONID, P.NAME_ AS PROCESSDEFINITIONNAME, P.VERSION_ AS PROCESSDEFINITIONVERSION, P.DEPLOYMENT_ID_ AS DEPLOYMENTID
       
    FROM ACT_RU_EXECUTION RES
    INNER JOIN ACT_RE_PROCDEF P ON RES.PROC_DEF_ID_ = P.ID_
     
     
     
     
     
     
     WHERE RES.PARENT_ID_ IS NULL
      
      
      
      
      
      
      
        AND RES.ID_ = ?
      
      
        AND RES.PROC_INST_ID_ = ? 
   
   
     ORDER BY  ORDER[*] BY RES.ID_ ASC  
    LIMIT ? OFFSET ? &quot;; expected &quot;=, NOT, EXISTS, INTERSECTS, SELECT, FROM&quot;; SQL statement:
select distinct RES.* , P.KEY_ as ProcessDefinitionKey, P.ID_ as ProcessDefinitionId, P.NAME_ as ProcessDefinitionName, P.VERSION_ as ProcessDefinitionVersion, P.DEPLOYMENT_ID_ as DeploymentId
       
    from ACT_RU_EXECUTION RES
    inner join ACT_RE_PROCDEF P on RES.PROC_DEF_ID_ = P.ID_
     
     
     
     
     
     
     WHERE RES.PARENT_ID_ is null
      
      
      
      
      
      
      
        and RES.ID_ = ?
      
      
        and RES.PROC_INST_ID_ = ? 
   
   
     order by  order by RES.ID_ asc  
    LIMIT ? OFFSET ? [42001-176]
### The error may exist in org/activiti/db/mapping/entity/Execution.xml
### The error may involve org.activiti.engine.impl.persistence.entity.ExecutionEntity.selectProcessInstanceByQueryCriteria
### The error occurred while executing a query
### SQL: select distinct RES.* , P.KEY_ as ProcessDefinitionKey, P.ID_ as ProcessDefinitionId, P.NAME_ as ProcessDefinitionName, P.VERSION_ as ProcessDefinitionVersion, P.DEPLOYMENT_ID_ as DeploymentId             from ACT_RU_EXECUTION RES     inner join ACT_RE_PROCDEF P on RES.PROC_DEF_ID_ = P.ID_                                          WHERE RES.PARENT_ID_ is null                                                          and RES.ID_ = ?                       and RES.PROC_INST_ID_ = ?               order by  order by RES.ID_ asc       LIMIT ? OFFSET ?
### Cause: org.h2.jdbc.JdbcSQLException: Syntax error in SQL statement &quot;SELECT DISTINCT RES.* , P.KEY_ AS PROCESSDEFINITIONKEY, P.ID_ AS PROCESSDEFINITIONID, P.NAME_ AS PROCESSDEFINITIONNAME, P.VERSION_ AS PROCESSDEFINITIONVERSION, P.DEPLOYMENT_ID_ AS DEPLOYMENTID
       
    FROM ACT_RU_EXECUTION RES
    INNER JOIN ACT_RE_PROCDEF P ON RES.PROC_DEF_ID_ = P.ID_
     
     
     
     
     
     
     WHERE RES.PARENT_ID_ IS NULL
      
      
      
      
      
      
      
        AND RES.ID_ = ?
      
      
        AND RES.PROC_INST_ID_ = ? 
   
   
     ORDER BY  ORDER[*] BY RES.ID_ ASC  
    LIMIT ? OFFSET ? &quot;; expected &quot;=, NOT, EXISTS, INTERSECTS, SELECT, FROM&quot;; SQL statement:
select distinct RES.* , P.KEY_ as ProcessDefinitionKey, P.ID_ as ProcessDefinitionId, P.NAME_ as ProcessDefinitionName, P.VERSION_ as ProcessDefinitionVersion, P.DEPLOYMENT_ID_ as DeploymentId
       
    from ACT_RU_EXECUTION RES
    inner join ACT_RE_PROCDEF P on RES.PROC_DEF_ID_ = P.ID_
     
     
     
     
     
     
     WHERE RES.PARENT_ID_ is null
      
      
      
      
      
      
      
        and RES.ID_ = ?
      
      
        and RES.PROC_INST_ID_ = ? 
   
   
     order by  order by RES.ID_ asc  
    LIMIT ? OFFSET ? [42001-176]
	at org.apache.ibatis.exceptions.ExceptionFactory.wrapException(ExceptionFactory.java:30)
	at org.apache.ibatis.session.defaults.DefaultSqlSession.selectList(DefaultSqlSession.java:122)
	at org.apache.ibatis.session.defaults.DefaultSqlSession.selectList(DefaultSqlSession.java:113)
	at org.activiti.engine.impl.db.DbSqlSession.selectListWithRawParameter(DbSqlSession.java:438)
	at org.activiti.engine.impl.db.DbSqlSession.selectList(DbSqlSession.java:429)
	at org.activiti.engine.impl.persistence.entity.ExecutionEntityManager.findProcessInstanceByQueryCriteria(ExecutionEntityManager.java:127)
	at org.activiti.engine.impl.ProcessInstanceQueryImpl.executeList(ProcessInstanceQueryImpl.java:541)
	at org.activiti.engine.impl.AbstractQuery.executeSingleResult(AbstractQuery.java:183)
	at org.activiti.engine.impl.AbstractQuery.execute(AbstractQuery.java:166)
	at org.activiti.engine.impl.interceptor.CommandInvoker.execute(CommandInvoker.java:24)
	at org.activiti.engine.impl.interceptor.CommandContextInterceptor.execute(CommandContextInterceptor.java:57)
	at org.activiti.engine.impl.interceptor.LogInterceptor.execute(LogInterceptor.java:37)
	at org.activiti.engine.impl.cfg.CommandExecutorImpl.execute(CommandExecutorImpl.java:40)
	at org.activiti.engine.impl.cfg.CommandExecutorImpl.execute(CommandExecutorImpl.java:35)
	at org.activiti.engine.impl.AbstractQuery.singleResult(AbstractQuery.java:129)
	at org.activiti.engine.impl.test.AbstractActivitiTestCase.assertProcessEnded(AbstractActivitiTestCase.java:196)
	at org.activiti.engine.test.bpmn.subprocess.SubProcessTest.testSimpleAutomaticSubProcess(SubProcessTest.java:59)
	at sun.reflect.NativeMethodAccessorImpl.invoke0(Native Method)
	at sun.reflect.NativeMethodAccessorImpl.invoke(NativeMethodAccessorImpl.java:62)
	at sun.reflect.DelegatingMethodAccessorImpl.invoke(DelegatingMethodAccessorImpl.java:43)
	at java.lang.reflect.Method.invoke(Method.java:498)
	at junit.framework.TestCase.runTest(TestCase.java:176)
	at org.activiti.engine.impl.test.PvmTestCase.runTest(PvmTestCase.java:65)
	at junit.framework.TestCase.runBare(TestCase.java:141)
	at org.activiti.engine.impl.test.AbstractActivitiTestCase.runBare(AbstractActivitiTestCase.java:100)
	at junit.framework.TestResult$1.protect(TestResult.java:122)
	at junit.framework.TestResult.runProtected(TestResult.java:142)
	at junit.framework.TestResult.run(TestResult.java:125)
	at junit.framework.TestCase.run(TestCase.java:129)
	at junit.framework.TestSuite.runTest(TestSuite.java:255)
	at junit.framework.TestSuite.run(TestSuite.java:250)
	at org.junit.internal.runners.JUnit38ClassRunner.run(JUnit38ClassRunner.java:84)
	at org.apache.maven.surefire.junit4.JUnit4TestSet.execute(JUnit4TestSet.java:35)
	at org.apache.maven.surefire.junit4.JUnit4Provider.executeTestSet(JUnit4Provider.java:146)
	at org.apache.maven.surefire.junit4.JUnit4Provider.invoke(JUnit4Provider.java:97)
	at sun.reflect.NativeMethodAccessorImpl.invoke0(Native Method)
	at sun.reflect.NativeMethodAccessorImpl.invoke(NativeMethodAccessorImpl.java:62)
	at sun.reflect.DelegatingMethodAccessorImpl.invoke(DelegatingMethodAccessorImpl.java:43)
	at java.lang.reflect.Method.invoke(Method.java:498)
	at org.apache.maven.surefire.booter.ProviderFactory$ClassLoaderProxy.invoke(ProviderFactory.java:103)
	at com.sun.proxy.$Proxy0.invoke(Unknown Source)
	at org.apache.maven.surefire.booter.SurefireStarter.invokeProvider(SurefireStarter.java:145)
	at org.apache.maven.surefire.booter.SurefireStarter.runSuitesInProcess(SurefireStarter.java:87)
	at org.apache.maven.surefire.booter.ForkedBooter.main(ForkedBooter.java:69)
Caused by: org.h2.jdbc.JdbcSQLException: Syntax error in SQL statement &quot;SELECT DISTINCT RES.* , P.KEY_ AS PROCESSDEFINITIONKEY, P.ID_ AS PROCESSDEFINITIONID, P.NAME_ AS PROCESSDEFINITIONNAME, P.VERSION_ AS PROCESSDEFINITIONVERSION, P.DEPLOYMENT_ID_ AS DEPLOYMENTID
       
    FROM ACT_RU_EXECUTION RES
    INNER JOIN ACT_RE_PROCDEF P ON RES.PROC_DEF_ID_ = P.ID_
     
     
     
     
     
     
     WHERE RES.PARENT_ID_ IS NULL
      
      
      
      
      
      
      
        AND RES.ID_ = ?
      
      
        AND RES.PROC_INST_ID_ = ? 
   
   
     ORDER BY  ORDER[*] BY RES.ID_ ASC  
    LIMIT ? OFFSET ? &quot;; expected &quot;=, NOT, EXISTS, INTERSECTS, SELECT, FROM&quot;; SQL statement:
select distinct RES.* , P.KEY_ as ProcessDefinitionKey, P.ID_ as ProcessDefinitionId, P.NAME_ as ProcessDefinitionName, P.VERSION_ as ProcessDefinitionVersion, P.DEPLOYMENT_ID_ as DeploymentId
       
    from ACT_RU_EXECUTION RES
    inner join ACT_RE_PROCDEF P on RES.PROC_DEF_ID_ = P.ID_
     
     
     
     
     
     
     WHERE RES.PARENT_ID_ is null
      
      
      
      
      
      
      
        and RES.ID_ = ?
      
      
        and RES.PROC_INST_ID_ = ? 
   
   
     order by  order by RES.ID_ asc  
    LIMIT ? OFFSET ? [42001-176]
	at org.h2.message.DbException.getJdbcSQLException(DbException.java:344)
	at org.h2.message.DbException.getSyntaxError(DbException.java:204)
	at org.h2.command.Parser.getSyntaxError(Parser.java:524)
	at org.h2.command.Parser.readTerm(Parser.java:2688)
	at org.h2.command.Parser.readFactor(Parser.java:2244)
	at org.h2.command.Parser.readSum(Parser.java:2231)
	at org.h2.command.Parser.readConcat(Parser.java:2201)
	at org.h2.command.Parser.readCondition(Parser.java:2051)
	at org.h2.command.Parser.readAnd(Parser.java:2023)
	at org.h2.command.Parser.readExpression(Parser.java:2015)
	at org.h2.command.Parser.parseEndOfQuery(Parser.java:1726)
	at org.h2.command.Parser.parseSelectUnionExtension(Parser.java:1706)
	at org.h2.command.Parser.parseSelectUnion(Parser.java:1675)
	at org.h2.command.Parser.parseSelect(Parser.java:1662)
	at org.h2.command.Parser.parsePrepared(Parser.java:434)
	at org.h2.command.Parser.parse(Parser.java:306)
	at org.h2.command.Parser.parse(Parser.java:282)
	at org.h2.command.Parser.prepareCommand(Parser.java:243)
	at org.h2.engine.Session.prepareLocal(Session.java:442)
	at org.h2.engine.Session.prepareCommand(Session.java:384)
	at org.h2.jdbc.JdbcConnection.prepareCommand(JdbcConnection.java:1188)
	at org.h2.jdbc.JdbcPreparedStatement.&lt;init&gt;(JdbcPreparedStatement.java:73)
	at org.h2.jdbc.JdbcConnection.prepareStatement(JdbcConnection.java:276)
	at sun.reflect.GeneratedMethodAccessor6.invoke(Unknown Source)
	at sun.reflect.DelegatingMethodAccessorImpl.invoke(DelegatingMethodAccessorImpl.java:43)
	at java.lang.reflect.Method.invoke(Method.java:498)
	at org.apache.ibatis.datasource.pooled.PooledConnection.invoke(PooledConnection.java:245)
	at com.sun.proxy.$Proxy12.prepareStatement(Unknown Source)
	at sun.reflect.GeneratedMethodAccessor6.invoke(Unknown Source)
	at sun.reflect.DelegatingMethodAccessorImpl.invoke(DelegatingMethodAccessorImpl.java:43)
	at java.lang.reflect.Method.invoke(Method.java:498)
	at org.apache.ibatis.logging.jdbc.ConnectionLogger.invoke(ConnectionLogger.java:55)
	at com.sun.proxy.$Proxy12.prepareStatement(Unknown Source)
	at org.apache.ibatis.executor.statement.PreparedStatementHandler.instantiateStatement(PreparedStatementHandler.java:79)
	at org.apache.ibatis.executor.statement.BaseStatementHandler.prepare(BaseStatementHandler.java:88)
	at org.apache.ibatis.executor.statement.RoutingStatementHandler.prepare(RoutingStatementHandler.java:58)
	at org.apache.ibatis.executor.SimpleExecutor.prepareStatement(SimpleExecutor.java:76)
	at org.apache.ibatis.executor.SimpleExecutor.doQuery(SimpleExecutor.java:61)
	at org.apache.ibatis.executor.BaseExecutor.queryFromDatabase(BaseExecutor.java:303)
	at org.apache.ibatis.executor.BaseExecutor.query(BaseExecutor.java:154)
	at org.apache.ibatis.executor.CachingExecutor.query(CachingExecutor.java:102)
	at org.apache.ibatis.executor.CachingExecutor.query(CachingExecutor.java:82)
	at org.apache.ibatis.session.defaults.DefaultSqlSession.selectList(DefaultSqlSession.java:120)
	... 42 more
10:47:09,770 [main] DEBUG org.activiti.engine.impl.test.PvmTestCase  - #### END SubProcessTest.testSimpleAutomaticSubProcess #############################################################
10:47:09,770 [main] ERROR org.activiti.engine.impl.test.PvmTestCase  - 

10:47:09,770 [main] ERROR org.activiti.engine.impl.test.PvmTestCase  - EXCEPTION: org.apache.ibatis.exceptions.PersistenceException: 
### Error querying database.  Cause: org.h2.jdbc.JdbcSQLException: Syntax error in SQL statement &quot;SELECT DISTINCT RES.* , P.KEY_ AS PROCESSDEFINITIONKEY, P.ID_ AS PROCESSDEFINITIONID, P.NAME_ AS PROCESSDEFINITIONNAME, P.VERSION_ AS PROCESSDEFINITIONVERSION, P.DEPLOYMENT_ID_ AS DEPLOYMENTID
       
    FROM ACT_RU_EXECUTION RES
    INNER JOIN ACT_RE_PROCDEF P ON RES.PROC_DEF_ID_ = P.ID_
     
     
     
     
     
     
     WHERE RES.PARENT_ID_ IS NULL
      
      
      
      
      
      
      
        AND RES.ID_ = ?
      
      
        AND RES.PROC_INST_ID_ = ? 
   
   
     ORDER BY  ORDER[*] BY RES.ID_ ASC  
    LIMIT ? OFFSET ? &quot;; expected &quot;=, NOT, EXISTS, INTERSECTS, SELECT, FROM&quot;; SQL statement:
select distinct RES.* , P.KEY_ as ProcessDefinitionKey, P.ID_ as ProcessDefinitionId, P.NAME_ as ProcessDefinitionName, P.VERSION_ as ProcessDefinitionVersion, P.DEPLOYMENT_ID_ as DeploymentId
       
    from ACT_RU_EXECUTION RES
    inner join ACT_RE_PROCDEF P on RES.PROC_DEF_ID_ = P.ID_
     
     
     
     
     
     
     WHERE RES.PARENT_ID_ is null
      
      
      
      
      
      
      
        and RES.ID_ = ?
      
      
        and RES.PROC_INST_ID_ = ? 
   
   
     order by  order by RES.ID_ asc  
    LIMIT ? OFFSET ? [42001-176]
### The error may exist in org/activiti/db/mapping/entity/Execution.xml
### The error may involve org.activiti.engine.impl.persistence.entity.ExecutionEntity.selectProcessInstanceByQueryCriteria
### The error occurred while executing a query
### SQL: select distinct RES.* , P.KEY_ as ProcessDefinitionKey, P.ID_ as ProcessDefinitionId, P.NAME_ as ProcessDefinitionName, P.VERSION_ as ProcessDefinitionVersion, P.DEPLOYMENT_ID_ as DeploymentId             from ACT_RU_EXECUTION RES     inner join ACT_RE_PROCDEF P on RES.PROC_DEF_ID_ = P.ID_                                          WHERE RES.PARENT_ID_ is null                                                          and RES.ID_ = ?                       and RES.PROC_INST_ID_ = ?               order by  order by RES.ID_ asc       LIMIT ? OFFSET ?
### Cause: org.h2.jdbc.JdbcSQLException: Syntax error in SQL statement &quot;SELECT DISTINCT RES.* , P.KEY_ AS PROCESSDEFINITIONKEY, P.ID_ AS PROCESSDEFINITIONID, P.NAME_ AS PROCESSDEFINITIONNAME, P.VERSION_ AS PROCESSDEFINITIONVERSION, P.DEPLOYMENT_ID_ AS DEPLOYMENTID
       
    FROM ACT_RU_EXECUTION RES
    INNER JOIN ACT_RE_PROCDEF P ON RES.PROC_DEF_ID_ = P.ID_
     
     
     
     
     
     
     WHERE RES.PARENT_ID_ IS NULL
      
      
      
      
      
      
      
        AND RES.ID_ = ?
      
      
        AND RES.PROC_INST_ID_ = ? 
   
   
     ORDER BY  ORDER[*] BY RES.ID_ ASC  
    LIMIT ? OFFSET ? &quot;; expected &quot;=, NOT, EXISTS, INTERSECTS, SELECT, FROM&quot;; SQL statement:
select distinct RES.* , P.KEY_ as ProcessDefinitionKey, P.ID_ as ProcessDefinitionId, P.NAME_ as ProcessDefinitionName, P.VERSION_ as ProcessDefinitionVersion, P.DEPLOYMENT_ID_ as DeploymentId
       
    from ACT_RU_EXECUTION RES
    inner join ACT_RE_PROCDEF P on RES.PROC_DEF_ID_ = P.ID_
     
     
     
     
     
     
     WHERE RES.PARENT_ID_ is null
      
      
      
      
      
      
      
        and RES.ID_ = ?
      
      
        and RES.PROC_INST_ID_ = ? 
   
   
     order by  order by RES.ID_ asc  
    LIMIT ? OFFSET ? [42001-176]
org.apache.ibatis.exceptions.PersistenceException: 
### Error querying database.  Cause: org.h2.jdbc.JdbcSQLException: Syntax error in SQL statement &quot;SELECT DISTINCT RES.* , P.KEY_ AS PROCESSDEFINITIONKEY, P.ID_ AS PROCESSDEFINITIONID, P.NAME_ AS PROCESSDEFINITIONNAME, P.VERSION_ AS PROCESSDEFINITIONVERSION, P.DEPLOYMENT_ID_ AS DEPLOYMENTID
       
    FROM ACT_RU_EXECUTION RES
    INNER JOIN ACT_RE_PROCDEF P ON RES.PROC_DEF_ID_ = P.ID_
     
     
     
     
     
     
     WHERE RES.PARENT_ID_ IS NULL
      
      
      
      
      
      
      
        AND RES.ID_ = ?
      
      
        AND RES.PROC_INST_ID_ = ? 
   
   
     ORDER BY  ORDER[*] BY RES.ID_ ASC  
    LIMIT ? OFFSET ? &quot;; expected &quot;=, NOT, EXISTS, INTERSECTS, SELECT, FROM&quot;; SQL statement:
select distinct RES.* , P.KEY_ as ProcessDefinitionKey, P.ID_ as ProcessDefinitionId, P.NAME_ as ProcessDefinitionName, P.VERSION_ as ProcessDefinitionVersion, P.DEPLOYMENT_ID_ as DeploymentId
       
    from ACT_RU_EXECUTION RES
    inner join ACT_RE_PROCDEF P on RES.PROC_DEF_ID_ = P.ID_
     
     
     
     
     
     
     WHERE RES.PARENT_ID_ is null
      
      
      
      
      
      
      
        and RES.ID_ = ?
      
      
        and RES.PROC_INST_ID_ = ? 
   
   
     order by  order by RES.ID_ asc  
    LIMIT ? OFFSET ? [42001-176]
### The error may exist in org/activiti/db/mapping/entity/Execution.xml
### The error may involve org.activiti.engine.impl.persistence.entity.ExecutionEntity.selectProcessInstanceByQueryCriteria
### The error occurred while executing a query
### SQL: select distinct RES.* , P.KEY_ as ProcessDefinitionKey, P.ID_ as ProcessDefinitionId, P.NAME_ as ProcessDefinitionName, P.VERSION_ as ProcessDefinitionVersion, P.DEPLOYMENT_ID_ as DeploymentId             from ACT_RU_EXECUTION RES     inner join ACT_RE_PROCDEF P on RES.PROC_DEF_ID_ = P.ID_                                          WHERE RES.PARENT_ID_ is null                                                          and RES.ID_ = ?                       and RES.PROC_INST_ID_ = ?               order by  order by RES.ID_ asc       LIMIT ? OFFSET ?
### Cause: org.h2.jdbc.JdbcSQLException: Syntax error in SQL statement &quot;SELECT DISTINCT RES.* , P.KEY_ AS PROCESSDEFINITIONKEY, P.ID_ AS PROCESSDEFINITIONID, P.NAME_ AS PROCESSDEFINITIONNAME, P.VERSION_ AS PROCESSDEFINITIONVERSION, P.DEPLOYMENT_ID_ AS DEPLOYMENTID
       
    FROM ACT_RU_EXECUTION RES
    INNER JOIN ACT_RE_PROCDEF P ON RES.PROC_DEF_ID_ = P.ID_
     
     
     
     
     
     
     WHERE RES.PARENT_ID_ IS NULL
      
      
      
      
      
      
      
        AND RES.ID_ = ?
      
      
        AND RES.PROC_INST_ID_ = ? 
   
   
     ORDER BY  ORDER[*] BY RES.ID_ ASC  
    LIMIT ? OFFSET ? &quot;; expected &quot;=, NOT, EXISTS, INTERSECTS, SELECT, FROM&quot;; SQL statement:
select distinct RES.* , P.KEY_ as ProcessDefinitionKey, P.ID_ as ProcessDefinitionId, P.NAME_ as ProcessDefinitionName, P.VERSION_ as ProcessDefinitionVersion, P.DEPLOYMENT_ID_ as DeploymentId
       
    from ACT_RU_EXECUTION RES
    inner join ACT_RE_PROCDEF P on RES.PROC_DEF_ID_ = P.ID_
     
     
     
     
     
     
     WHERE RES.PARENT_ID_ is null
      
      
      
      
      
      
      
        and RES.ID_ = ?
      
      
        and RES.PROC_INST_ID_ = ? 
   
   
     order by  order by RES.ID_ asc  
    LIMIT ? OFFSET ? [42001-176]
	at org.apache.ibatis.exceptions.ExceptionFactory.wrapException(ExceptionFactory.java:30)
	at org.apache.ibatis.session.defaults.DefaultSqlSession.selectList(DefaultSqlSession.java:122)
	at org.apache.ibatis.session.defaults.DefaultSqlSession.selectList(DefaultSqlSession.java:113)
	at org.activiti.engine.impl.db.DbSqlSession.selectListWithRawParameter(DbSqlSession.java:438)
	at org.activiti.engine.impl.db.DbSqlSession.selectList(DbSqlSession.java:429)
	at org.activiti.engine.impl.persistence.entity.ExecutionEntityManager.findProcessInstanceByQueryCriteria(ExecutionEntityManager.java:127)
	at org.activiti.engine.impl.ProcessInstanceQueryImpl.executeList(ProcessInstanceQueryImpl.java:541)
	at org.activiti.engine.impl.AbstractQuery.executeSingleResult(AbstractQuery.java:183)
	at org.activiti.engine.impl.AbstractQuery.execute(AbstractQuery.java:166)
	at org.activiti.engine.impl.interceptor.CommandInvoker.execute(CommandInvoker.java:24)
	at org.activiti.engine.impl.interceptor.CommandContextInterceptor.execute(CommandContextInterceptor.java:57)
	at org.activiti.engine.impl.interceptor.LogInterceptor.execute(LogInterceptor.java:37)
	at org.activiti.engine.impl.cfg.CommandExecutorImpl.execute(CommandExecutorImpl.java:40)
	at org.activiti.engine.impl.cfg.CommandExecutorImpl.execute(CommandExecutorImpl.java:35)
	at org.activiti.engine.impl.AbstractQuery.singleResult(AbstractQuery.java:129)
	at org.activiti.engine.impl.test.AbstractActivitiTestCase.assertProcessEnded(AbstractActivitiTestCase.java:196)
	at org.activiti.engine.test.bpmn.subprocess.SubProcessTest.testSimpleAutomaticSubProcess(SubProcessTest.java:59)
	at sun.reflect.NativeMethodAccessorImpl.invoke0(Native Method)
	at sun.reflect.NativeMethodAccessorImpl.invoke(NativeMethodAccessorImpl.java:62)
	at sun.reflect.DelegatingMethodAccessorImpl.invoke(DelegatingMethodAccessorImpl.java:43)
	at java.lang.reflect.Method.invoke(Method.java:498)
	at junit.framework.TestCase.runTest(TestCase.java:176)
	at org.activiti.engine.impl.test.PvmTestCase.runTest(PvmTestCase.java:65)
	at junit.framework.TestCase.runBare(TestCase.java:141)
	at org.activiti.engine.impl.test.AbstractActivitiTestCase.runBare(AbstractActivitiTestCase.java:100)
	at junit.framework.TestResult$1.protect(TestResult.java:122)
	at junit.framework.TestResult.runProtected(TestResult.java:142)
	at junit.framework.TestResult.run(TestResult.java:125)
	at junit.framework.TestCase.run(TestCase.java:129)
	at junit.framework.TestSuite.runTest(TestSuite.java:255)
	at junit.framework.TestSuite.run(TestSuite.java:250)
	at org.junit.internal.runners.JUnit38ClassRunner.run(JUnit38ClassRunner.java:84)
	at org.apache.maven.surefire.junit4.JUnit4TestSet.execute(JUnit4TestSet.java:35)
	at org.apache.maven.surefire.junit4.JUnit4Provider.executeTestSet(JUnit4Provider.java:146)
	at org.apache.maven.surefire.junit4.JUnit4Provider.invoke(JUnit4Provider.java:97)
	at sun.reflect.NativeMethodAccessorImpl.invoke0(Native Method)
	at sun.reflect.NativeMethodAccessorImpl.invoke(NativeMethodAccessorImpl.java:62)
	at sun.reflect.DelegatingMethodAccessorImpl.invoke(DelegatingMethodAccessorImpl.java:43)
	at java.lang.reflect.Method.invoke(Method.java:498)
	at org.apache.maven.surefire.booter.ProviderFactory$ClassLoaderProxy.invoke(ProviderFactory.java:103)
	at com.sun.proxy.$Proxy0.invoke(Unknown Source)
	at org.apache.maven.surefire.booter.SurefireStarter.invokeProvider(SurefireStarter.java:145)
	at org.apache.maven.surefire.booter.SurefireStarter.runSuitesInProcess(SurefireStarter.java:87)
	at org.apache.maven.surefire.booter.ForkedBooter.main(ForkedBooter.java:69)
Caused by: org.h2.jdbc.JdbcSQLException: Syntax error in SQL statement &quot;SELECT DISTINCT RES.* , P.KEY_ AS PROCESSDEFINITIONKEY, P.ID_ AS PROCESSDEFINITIONID, P.NAME_ AS PROCESSDEFINITIONNAME, P.VERSION_ AS PROCESSDEFINITIONVERSION, P.DEPLOYMENT_ID_ AS DEPLOYMENTID
       
    FROM ACT_RU_EXECUTION RES
    INNER JOIN ACT_RE_PROCDEF P ON RES.PROC_DEF_ID_ = P.ID_
     
     
     
     
     
     
     WHERE RES.PARENT_ID_ IS NULL
      
      
      
      
      
      
      
        AND RES.ID_ = ?
      
      
        AND RES.PROC_INST_ID_ = ? 
   
   
     ORDER BY  ORDER[*] BY RES.ID_ ASC  
    LIMIT ? OFFSET ? &quot;; expected &quot;=, NOT, EXISTS, INTERSECTS, SELECT, FROM&quot;; SQL statement:
select distinct RES.* , P.KEY_ as ProcessDefinitionKey, P.ID_ as ProcessDefinitionId, P.NAME_ as ProcessDefinitionName, P.VERSION_ as ProcessDefinitionVersion, P.DEPLOYMENT_ID_ as DeploymentId
       
    from ACT_RU_EXECUTION RES
    inner join ACT_RE_PROCDEF P on RES.PROC_DEF_ID_ = P.ID_
     
     
     
     
     
     
     WHERE RES.PARENT_ID_ is null
      
      
      
      
      
      
      
        and RES.ID_ = ?
      
      
        and RES.PROC_INST_ID_ = ? 
   
   
     order by  order by RES.ID_ asc  
    LIMIT ? OFFSET ? [42001-176]
	at org.h2.message.DbException.getJdbcSQLException(DbException.java:344)
	at org.h2.message.DbException.getSyntaxError(DbException.java:204)
	at org.h2.command.Parser.getSyntaxError(Parser.java:524)
	at org.h2.command.Parser.readTerm(Parser.java:2688)
	at org.h2.command.Parser.readFactor(Parser.java:2244)
	at org.h2.command.Parser.readSum(Parser.java:2231)
	at org.h2.command.Parser.readConcat(Parser.java:2201)
	at org.h2.command.Parser.readCondition(Parser.java:2051)
	at org.h2.command.Parser.readAnd(Parser.java:2023)
	at org.h2.command.Parser.readExpression(Parser.java:2015)
	at org.h2.command.Parser.parseEndOfQuery(Parser.java:1726)
	at org.h2.command.Parser.parseSelectUnionExtension(Parser.java:1706)
	at org.h2.command.Parser.parseSelectUnion(Parser.java:1675)
	at org.h2.command.Parser.parseSelect(Parser.java:1662)
	at org.h2.command.Parser.parsePrepared(Parser.java:434)
	at org.h2.command.Parser.parse(Parser.java:306)
	at org.h2.command.Parser.parse(Parser.java:282)
	at org.h2.command.Parser.prepareCommand(Parser.java:243)
	at org.h2.engine.Session.prepareLocal(Session.java:442)
	at org.h2.engine.Session.prepareCommand(Session.java:384)
	at org.h2.jdbc.JdbcConnection.prepareCommand(JdbcConnection.java:1188)
	at org.h2.jdbc.JdbcPreparedStatement.&lt;init&gt;(JdbcPreparedStatement.java:73)
	at org.h2.jdbc.JdbcConnection.prepareStatement(JdbcConnection.java:276)
	at sun.reflect.GeneratedMethodAccessor6.invoke(Unknown Source)
	at sun.reflect.DelegatingMethodAccessorImpl.invoke(DelegatingMethodAccessorImpl.java:43)
	at java.lang.reflect.Method.invoke(Method.java:498)
	at org.apache.ibatis.datasource.pooled.PooledConnection.invoke(PooledConnection.java:245)
	at com.sun.proxy.$Proxy12.prepareStatement(Unknown Source)
	at sun.reflect.GeneratedMethodAccessor6.invoke(Unknown Source)
	at sun.reflect.DelegatingMethodAccessorImpl.invoke(DelegatingMethodAccessorImpl.java:43)
	at java.lang.reflect.Method.invoke(Method.java:498)
	at org.apache.ibatis.logging.jdbc.ConnectionLogger.invoke(ConnectionLogger.java:55)
	at com.sun.proxy.$Proxy12.prepareStatement(Unknown Source)
	at org.apache.ibatis.executor.statement.PreparedStatementHandler.instantiateStatement(PreparedStatementHandler.java:79)
	at org.apache.ibatis.executor.statement.BaseStatementHandler.prepare(BaseStatementHandler.java:88)
	at org.apache.ibatis.executor.statement.RoutingStatementHandler.prepare(RoutingStatementHandler.java:58)
	at org.apache.ibatis.executor.SimpleExecutor.prepareStatement(SimpleExecutor.java:76)
	at org.apache.ibatis.executor.SimpleExecutor.doQuery(SimpleExecutor.java:61)
	at org.apache.ibatis.executor.BaseExecutor.queryFromDatabase(BaseExecutor.java:303)
	at org.apache.ibatis.executor.BaseExecutor.query(BaseExecutor.java:154)
	at org.apache.ibatis.executor.CachingExecutor.query(CachingExecutor.java:102)
	at org.apache.ibatis.executor.CachingExecutor.query(CachingExecutor.java:82)
	at org.apache.ibatis.session.defaults.DefaultSqlSession.selectList(DefaultSqlSession.java:120)
	... 42 more
10:47:09,770 [main] DEBUG org.activiti.engine.impl.test.TestHelper  - annotation @Deployment deletes deployment for SubProcessTest.testSimpleAutomaticSubProcess
10:47:09,770 [main] DEBUG org.activiti.engine.impl.interceptor.LogInterceptor  - 

10:47:09,770 [main] DEBUG org.activiti.engine.impl.interceptor.LogInterceptor  - --- starting DeleteDeploymentCmd --------------------------------------------------------
10:47:09,770 [main] DEBUG org.apache.ibatis.transaction.jdbc.JdbcTransaction  - Opening JDBC Connection
10:47:09,770 [main] DEBUG org.apache.ibatis.datasource.pooled.PooledDataSource  - Checked out connection 180014677 from pool.
10:47:09,770 [main] DEBUG org.apache.ibatis.transaction.jdbc.JdbcTransaction  - Setting autocommit to false on JDBC Connection [conn3: url=jdbc:h2:mem:activiti user=SA]
10:47:09,770 [main] DEBUG org.activiti.engine.impl.persistence.entity.DeploymentEntity.selectDeploymentById  - ==&gt;  Preparing: select * from ACT_RE_DEPLOYMENT where ID_ = ? 
10:47:09,770 [main] DEBUG org.activiti.engine.impl.persistence.entity.DeploymentEntity.selectDeploymentById  - ==&gt; Parameters: 131(String)
10:47:09,770 [main] DEBUG org.activiti.engine.impl.persistence.entity.DeploymentEntity.selectDeploymentById  - &lt;==      Total: 1
10:47:09,771 [main] DEBUG org.activiti.engine.impl.persistence.entity.ProcessDefinitionEntity.selectProcessDefinitionsByQueryCriteria  - ==&gt;  Preparing: select RES.* from ACT_RE_PROCDEF RES WHERE RES.DEPLOYMENT_ID_ = ? order by order by RES.ID_ asc LIMIT ? OFFSET ? 
10:47:09,771 [main] DEBUG org.activiti.engine.impl.interceptor.CommandContext  - Error while closing command context
org.apache.ibatis.exceptions.PersistenceException: 
### Error querying database.  Cause: org.h2.jdbc.JdbcSQLException: Syntax error in SQL statement &quot;SELECT RES.* 
       
    FROM ACT_RE_PROCDEF RES
     
     WHERE  RES.DEPLOYMENT_ID_ = ? 
   
     ORDER BY  ORDER[*] BY RES.ID_ ASC  
    LIMIT ? OFFSET ? &quot;; expected &quot;=, NOT, EXISTS, INTERSECTS, SELECT, FROM&quot;; SQL statement:
select RES.* 
       
    from ACT_RE_PROCDEF RES
     
     WHERE  RES.DEPLOYMENT_ID_ = ? 
   
     order by  order by RES.ID_ asc  
    LIMIT ? OFFSET ? [42001-176]
### The error may exist in org/activiti/db/mapping/entity/ProcessDefinition.xml
### The error may involve org.activiti.engine.impl.persistence.entity.ProcessDefinitionEntity.selectProcessDefinitionsByQueryCriteria
### The error occurred while executing a query
### SQL: select RES.*              from ACT_RE_PROCDEF RES            WHERE  RES.DEPLOYMENT_ID_ = ?           order by  order by RES.ID_ asc       LIMIT ? OFFSET ?
### Cause: org.h2.jdbc.JdbcSQLException: Syntax error in SQL statement &quot;SELECT RES.* 
       
    FROM ACT_RE_PROCDEF RES
     
     WHERE  RES.DEPLOYMENT_ID_ = ? 
   
     ORDER BY  ORDER[*] BY RES.ID_ ASC  
    LIMIT ? OFFSET ? &quot;; expected &quot;=, NOT, EXISTS, INTERSECTS, SELECT, FROM&quot;; SQL statement:
select RES.* 
       
    from ACT_RE_PROCDEF RES
     
     WHERE  RES.DEPLOYMENT_ID_ = ? 
   
     order by  order by RES.ID_ asc  
    LIMIT ? OFFSET ? [42001-176]
	at org.apache.ibatis.exceptions.ExceptionFactory.wrapException(ExceptionFactory.java:30)
	at org.apache.ibatis.session.defaults.DefaultSqlSession.selectList(DefaultSqlSession.java:122)
	at org.apache.ibatis.session.defaults.DefaultSqlSession.selectList(DefaultSqlSession.java:113)
	at org.activiti.engine.impl.db.DbSqlSession.selectListWithRawParameter(DbSqlSession.java:438)
	at org.activiti.engine.impl.db.DbSqlSession.selectList(DbSqlSession.java:429)
	at org.activiti.engine.impl.db.DbSqlSession.selectList(DbSqlSession.java:419)
	at org.activiti.engine.impl.persistence.entity.ProcessDefinitionEntityManager.findProcessDefinitionsByQueryCriteria(ProcessDefinitionEntityManager.java:57)
	at org.activiti.engine.impl.ProcessDefinitionQueryImpl.executeList(ProcessDefinitionQueryImpl.java:307)
	at org.activiti.engine.impl.AbstractQuery.list(AbstractQuery.java:140)
	at org.activiti.engine.impl.persistence.deploy.DeploymentManager.removeDeployment(DeploymentManager.java:187)
	at org.activiti.engine.impl.cmd.DeleteDeploymentCmd.execute(DeleteDeploymentCmd.java:44)
	at org.activiti.engine.impl.cmd.DeleteDeploymentCmd.execute(DeleteDeploymentCmd.java:24)
	at org.activiti.engine.impl.interceptor.CommandInvoker.execute(CommandInvoker.java:24)
	at org.activiti.engine.impl.interceptor.CommandContextInterceptor.execute(CommandContextInterceptor.java:57)
	at org.activiti.engine.impl.interceptor.LogInterceptor.execute(LogInterceptor.java:37)
	at org.activiti.engine.impl.cfg.CommandExecutorImpl.execute(CommandExecutorImpl.java:40)
	at org.activiti.engine.impl.cfg.CommandExecutorImpl.execute(CommandExecutorImpl.java:35)
	at org.activiti.engine.impl.RepositoryServiceImpl.deleteDeployment(RepositoryServiceImpl.java:90)
	at org.activiti.engine.impl.test.TestHelper.annotationDeploymentTearDown(TestHelper.java:116)
	at org.activiti.engine.impl.test.AbstractActivitiTestCase.runBare(AbstractActivitiTestCase.java:116)
	at junit.framework.TestResult$1.protect(TestResult.java:122)
	at junit.framework.TestResult.runProtected(TestResult.java:142)
	at junit.framework.TestResult.run(TestResult.java:125)
	at junit.framework.TestCase.run(TestCase.java:129)
	at junit.framework.TestSuite.runTest(TestSuite.java:255)
	at junit.framework.TestSuite.run(TestSuite.java:250)
	at org.junit.internal.runners.JUnit38ClassRunner.run(JUnit38ClassRunner.java:84)
	at org.apache.maven.surefire.junit4.JUnit4TestSet.execute(JUnit4TestSet.java:35)
	at org.apache.maven.surefire.junit4.JUnit4Provider.executeTestSet(JUnit4Provider.java:146)
	at org.apache.maven.surefire.junit4.JUnit4Provider.invoke(JUnit4Provider.java:97)
	at sun.reflect.NativeMethodAccessorImpl.invoke0(Native Method)
	at sun.reflect.NativeMethodAccessorImpl.invoke(NativeMethodAccessorImpl.java:62)
	at sun.reflect.DelegatingMethodAccessorImpl.invoke(DelegatingMethodAccessorImpl.java:43)
	at java.lang.reflect.Method.invoke(Method.java:498)
	at org.apache.maven.surefire.booter.ProviderFactory$ClassLoaderProxy.invoke(ProviderFactory.java:103)
	at com.sun.proxy.$Proxy0.invoke(Unknown Source)
	at org.apache.maven.surefire.booter.SurefireStarter.invokeProvider(SurefireStarter.java:145)
	at org.apache.maven.surefire.booter.SurefireStarter.runSuitesInProcess(SurefireStarter.java:87)
	at org.apache.maven.surefire.booter.ForkedBooter.main(ForkedBooter.java:69)
Caused by: org.h2.jdbc.JdbcSQLException: Syntax error in SQL statement &quot;SELECT RES.* 
       
    FROM ACT_RE_PROCDEF RES
     
     WHERE  RES.DEPLOYMENT_ID_ = ? 
   
     ORDER BY  ORDER[*] BY RES.ID_ ASC  
    LIMIT ? OFFSET ? &quot;; expected &quot;=, NOT, EXISTS, INTERSECTS, SELECT, FROM&quot;; SQL statement:
select RES.* 
       
    from ACT_RE_PROCDEF RES
     
     WHERE  RES.DEPLOYMENT_ID_ = ? 
   
     order by  order by RES.ID_ asc  
    LIMIT ? OFFSET ? [42001-176]
	at org.h2.message.DbException.getJdbcSQLException(DbException.java:344)
	at org.h2.message.DbException.getSyntaxError(DbException.java:204)
	at org.h2.command.Parser.getSyntaxError(Parser.java:524)
	at org.h2.command.Parser.readTerm(Parser.java:2688)
	at org.h2.command.Parser.readFactor(Parser.java:2244)
	at org.h2.command.Parser.readSum(Parser.java:2231)
	at org.h2.command.Parser.readConcat(Parser.java:2201)
	at org.h2.command.Parser.readCondition(Parser.java:2051)
	at org.h2.command.Parser.readAnd(Parser.java:2023)
	at org.h2.command.Parser.readExpression(Parser.java:2015)
	at org.h2.command.Parser.parseEndOfQuery(Parser.java:1726)
	at org.h2.command.Parser.parseSelectUnionExtension(Parser.java:1706)
	at org.h2.command.Parser.parseSelectUnion(Parser.java:1675)
	at org.h2.command.Parser.parseSelect(Parser.java:1662)
	at org.h2.command.Parser.parsePrepared(Parser.java:434)
	at org.h2.command.Parser.parse(Parser.java:306)
	at org.h2.command.Parser.parse(Parser.java:282)
	at org.h2.command.Parser.prepareCommand(Parser.java:243)
	at org.h2.engine.Session.prepareLocal(Session.java:442)
	at org.h2.engine.Session.prepareCommand(Session.java:384)
	at org.h2.jdbc.JdbcConnection.prepareCommand(JdbcConnection.java:1188)
	at org.h2.jdbc.JdbcPreparedStatement.&lt;init&gt;(JdbcPreparedStatement.java:73)
	at org.h2.jdbc.JdbcConnection.prepareStatement(JdbcConnection.java:276)
	at sun.reflect.GeneratedMethodAccessor6.invoke(Unknown Source)
	at sun.reflect.DelegatingMethodAccessorImpl.invoke(DelegatingMethodAccessorImpl.java:43)
	at java.lang.reflect.Method.invoke(Method.java:498)
	at org.apache.ibatis.datasource.pooled.PooledConnection.invoke(PooledConnection.java:245)
	at com.sun.proxy.$Proxy12.prepareStatement(Unknown Source)
	at sun.reflect.GeneratedMethodAccessor6.invoke(Unknown Source)
	at sun.reflect.DelegatingMethodAccessorImpl.invoke(DelegatingMethodAccessorImpl.java:43)
	at java.lang.reflect.Method.invoke(Method.java:498)
	at org.apache.ibatis.logging.jdbc.ConnectionLogger.invoke(ConnectionLogger.java:55)
	at com.sun.proxy.$Proxy12.prepareStatement(Unknown Source)
	at org.apache.ibatis.executor.statement.PreparedStatementHandler.instantiateStatement(PreparedStatementHandler.java:79)
	at org.apache.ibatis.executor.statement.BaseStatementHandler.prepare(BaseStatementHandler.java:88)
	at org.apache.ibatis.executor.statement.RoutingStatementHandler.prepare(RoutingStatementHandler.java:58)
	at org.apache.ibatis.executor.SimpleExecutor.prepareStatement(SimpleExecutor.java:76)
	at org.apache.ibatis.executor.SimpleExecutor.doQuery(SimpleExecutor.java:61)
	at org.apache.ibatis.executor.BaseExecutor.queryFromDatabase(BaseExecutor.java:303)
	at org.apache.ibatis.executor.BaseExecutor.query(BaseExecutor.java:154)
	at org.apache.ibatis.executor.CachingExecutor.query(CachingExecutor.java:102)
	at org.apache.ibatis.executor.CachingExecutor.query(CachingExecutor.java:82)
	at org.apache.ibatis.session.defaults.DefaultSqlSession.selectList(DefaultSqlSession.java:120)
	... 37 more
10:47:09,771 [main] DEBUG org.activiti.engine.impl.cfg.standalone.StandaloneMybatisTransactionContext  - firing event rolling back...
10:47:09,771 [main] DEBUG org.activiti.engine.impl.cfg.standalone.StandaloneMybatisTransactionContext  - rolling back ibatis sql session...
10:47:09,771 [main] DEBUG org.activiti.engine.impl.cfg.standalone.StandaloneMybatisTransactionContext  - firing event rolled back...
10:47:09,771 [main] DEBUG org.apache.ibatis.transaction.jdbc.JdbcTransaction  - Resetting autocommit to true on JDBC Connection [conn3: url=jdbc:h2:mem:activiti user=SA]
10:47:09,771 [main] DEBUG org.apache.ibatis.transaction.jdbc.JdbcTransaction  - Closing JDBC Connection [conn3: url=jdbc:h2:mem:activiti user=SA]
10:47:09,771 [main] DEBUG org.apache.ibatis.datasource.pooled.PooledDataSource  - Returned connection 180014677 to pool.
10:47:09,771 [main] DEBUG org.activiti.engine.impl.interceptor.LogInterceptor  - --- DeleteDeploymentCmd finished --------------------------------------------------------
10:47:09,771 [main] DEBUG org.activiti.engine.impl.interceptor.LogInterceptor  - 

</system-out>
  </testcase>
  <testcase classname="org.activiti.engine.test.bpmn.subprocess.SubProcessTest" name="testNestedSimpleSubprocessWithTimerOnInnerSubProcess" time="0.023">
    <error message="
### Error querying database.  Cause: org.h2.jdbc.JdbcSQLException: Syntax error in SQL statement &quot;SELECT RES.* 
       
    FROM ACT_RE_PROCDEF RES
     
     WHERE  RES.DEPLOYMENT_ID_ = ? 
   
     ORDER BY  ORDER[*] BY RES.ID_ ASC  
    LIMIT ? OFFSET ? &quot;; expected &quot;=, NOT, EXISTS, INTERSECTS, SELECT, FROM&quot;; SQL statement:
select RES.* 
       
    from ACT_RE_PROCDEF RES
     
     WHERE  RES.DEPLOYMENT_ID_ = ? 
   
     order by  order by RES.ID_ asc  
    LIMIT ? OFFSET ? [42001-176]
### The error may exist in org/activiti/db/mapping/entity/ProcessDefinition.xml
### The error may involve org.activiti.engine.impl.persistence.entity.ProcessDefinitionEntity.selectProcessDefinitionsByQueryCriteria
### The error occurred while executing a query
### SQL: select RES.*              from ACT_RE_PROCDEF RES            WHERE  RES.DEPLOYMENT_ID_ = ?           order by  order by RES.ID_ asc       LIMIT ? OFFSET ?
### Cause: org.h2.jdbc.JdbcSQLException: Syntax error in SQL statement &quot;SELECT RES.* 
       
    FROM ACT_RE_PROCDEF RES
     
     WHERE  RES.DEPLOYMENT_ID_ = ? 
   
     ORDER BY  ORDER[*] BY RES.ID_ ASC  
    LIMIT ? OFFSET ? &quot;; expected &quot;=, NOT, EXISTS, INTERSECTS, SELECT, FROM&quot;; SQL statement:
select RES.* 
       
    from ACT_RE_PROCDEF RES
     
     WHERE  RES.DEPLOYMENT_ID_ = ? 
   
     order by  order by RES.ID_ asc  
    LIMIT ? OFFSET ? [42001-176]" type="org.apache.ibatis.exceptions.PersistenceException">org.apache.ibatis.exceptions.PersistenceException: 
### Error querying database.  Cause: org.h2.jdbc.JdbcSQLException: Syntax error in SQL statement &quot;SELECT RES.* 
       
    FROM ACT_RE_PROCDEF RES
     
     WHERE  RES.DEPLOYMENT_ID_ = ? 
   
     ORDER BY  ORDER[*] BY RES.ID_ ASC  
    LIMIT ? OFFSET ? &quot;; expected &quot;=, NOT, EXISTS, INTERSECTS, SELECT, FROM&quot;; SQL statement:
select RES.* 
       
    from ACT_RE_PROCDEF RES
     
     WHERE  RES.DEPLOYMENT_ID_ = ? 
   
     order by  order by RES.ID_ asc  
    LIMIT ? OFFSET ? [42001-176]
### The error may exist in org/activiti/db/mapping/entity/ProcessDefinition.xml
### The error may involve org.activiti.engine.impl.persistence.entity.ProcessDefinitionEntity.selectProcessDefinitionsByQueryCriteria
### The error occurred while executing a query
### SQL: select RES.*              from ACT_RE_PROCDEF RES            WHERE  RES.DEPLOYMENT_ID_ = ?           order by  order by RES.ID_ asc       LIMIT ? OFFSET ?
### Cause: org.h2.jdbc.JdbcSQLException: Syntax error in SQL statement &quot;SELECT RES.* 
       
    FROM ACT_RE_PROCDEF RES
     
     WHERE  RES.DEPLOYMENT_ID_ = ? 
   
     ORDER BY  ORDER[*] BY RES.ID_ ASC  
    LIMIT ? OFFSET ? &quot;; expected &quot;=, NOT, EXISTS, INTERSECTS, SELECT, FROM&quot;; SQL statement:
select RES.* 
       
    from ACT_RE_PROCDEF RES
     
     WHERE  RES.DEPLOYMENT_ID_ = ? 
   
     order by  order by RES.ID_ asc  
    LIMIT ? OFFSET ? [42001-176]
	at org.apache.ibatis.exceptions.ExceptionFactory.wrapException(ExceptionFactory.java:30)
	at org.apache.ibatis.session.defaults.DefaultSqlSession.selectList(DefaultSqlSession.java:122)
	at org.apache.ibatis.session.defaults.DefaultSqlSession.selectList(DefaultSqlSession.java:113)
	at org.activiti.engine.impl.db.DbSqlSession.selectListWithRawParameter(DbSqlSession.java:438)
	at org.activiti.engine.impl.db.DbSqlSession.selectList(DbSqlSession.java:429)
	at org.activiti.engine.impl.db.DbSqlSession.selectList(DbSqlSession.java:419)
	at org.activiti.engine.impl.persistence.entity.ProcessDefinitionEntityManager.findProcessDefinitionsByQueryCriteria(ProcessDefinitionEntityManager.java:57)
	at org.activiti.engine.impl.ProcessDefinitionQueryImpl.executeList(ProcessDefinitionQueryImpl.java:307)
	at org.activiti.engine.impl.AbstractQuery.list(AbstractQuery.java:140)
	at org.activiti.engine.impl.persistence.deploy.DeploymentManager.removeDeployment(DeploymentManager.java:187)
	at org.activiti.engine.impl.cmd.DeleteDeploymentCmd.execute(DeleteDeploymentCmd.java:44)
	at org.activiti.engine.impl.cmd.DeleteDeploymentCmd.execute(DeleteDeploymentCmd.java:24)
	at org.activiti.engine.impl.interceptor.CommandInvoker.execute(CommandInvoker.java:24)
	at org.activiti.engine.impl.interceptor.CommandContextInterceptor.execute(CommandContextInterceptor.java:57)
	at org.activiti.engine.impl.interceptor.LogInterceptor.execute(LogInterceptor.java:37)
	at org.activiti.engine.impl.cfg.CommandExecutorImpl.execute(CommandExecutorImpl.java:40)
	at org.activiti.engine.impl.cfg.CommandExecutorImpl.execute(CommandExecutorImpl.java:35)
	at org.activiti.engine.impl.RepositoryServiceImpl.deleteDeployment(RepositoryServiceImpl.java:90)
	at org.activiti.engine.impl.test.TestHelper.annotationDeploymentTearDown(TestHelper.java:116)
	at org.activiti.engine.impl.test.AbstractActivitiTestCase.runBare(AbstractActivitiTestCase.java:116)
	at junit.framework.TestResult$1.protect(TestResult.java:122)
	at junit.framework.TestResult.runProtected(TestResult.java:142)
	at junit.framework.TestResult.run(TestResult.java:125)
	at junit.framework.TestCase.run(TestCase.java:129)
	at junit.framework.TestSuite.runTest(TestSuite.java:255)
	at junit.framework.TestSuite.run(TestSuite.java:250)
	at org.junit.internal.runners.JUnit38ClassRunner.run(JUnit38ClassRunner.java:84)
	at org.apache.maven.surefire.junit4.JUnit4TestSet.execute(JUnit4TestSet.java:35)
	at org.apache.maven.surefire.junit4.JUnit4Provider.executeTestSet(JUnit4Provider.java:146)
	at org.apache.maven.surefire.junit4.JUnit4Provider.invoke(JUnit4Provider.java:97)
	at sun.reflect.NativeMethodAccessorImpl.invoke0(Native Method)
	at sun.reflect.NativeMethodAccessorImpl.invoke(NativeMethodAccessorImpl.java:62)
	at sun.reflect.DelegatingMethodAccessorImpl.invoke(DelegatingMethodAccessorImpl.java:43)
	at java.lang.reflect.Method.invoke(Method.java:498)
	at org.apache.maven.surefire.booter.ProviderFactory$ClassLoaderProxy.invoke(ProviderFactory.java:103)
	at com.sun.proxy.$Proxy0.invoke(Unknown Source)
	at org.apache.maven.surefire.booter.SurefireStarter.invokeProvider(SurefireStarter.java:145)
	at org.apache.maven.surefire.booter.SurefireStarter.runSuitesInProcess(SurefireStarter.java:87)
	at org.apache.maven.surefire.booter.ForkedBooter.main(ForkedBooter.java:69)
Caused by: org.h2.jdbc.JdbcSQLException: Syntax error in SQL statement &quot;SELECT RES.* 
       
    FROM ACT_RE_PROCDEF RES
     
     WHERE  RES.DEPLOYMENT_ID_ = ? 
   
     ORDER BY  ORDER[*] BY RES.ID_ ASC  
    LIMIT ? OFFSET ? &quot;; expected &quot;=, NOT, EXISTS, INTERSECTS, SELECT, FROM&quot;; SQL statement:
select RES.* 
       
    from ACT_RE_PROCDEF RES
     
     WHERE  RES.DEPLOYMENT_ID_ = ? 
   
     order by  order by RES.ID_ asc  
    LIMIT ? OFFSET ? [42001-176]
	at org.h2.message.DbException.getJdbcSQLException(DbException.java:344)
	at org.h2.message.DbException.getSyntaxError(DbException.java:204)
	at org.h2.command.Parser.getSyntaxError(Parser.java:524)
	at org.h2.command.Parser.readTerm(Parser.java:2688)
	at org.h2.command.Parser.readFactor(Parser.java:2244)
	at org.h2.command.Parser.readSum(Parser.java:2231)
	at org.h2.command.Parser.readConcat(Parser.java:2201)
	at org.h2.command.Parser.readCondition(Parser.java:2051)
	at org.h2.command.Parser.readAnd(Parser.java:2023)
	at org.h2.command.Parser.readExpression(Parser.java:2015)
	at org.h2.command.Parser.parseEndOfQuery(Parser.java:1726)
	at org.h2.command.Parser.parseSelectUnionExtension(Parser.java:1706)
	at org.h2.command.Parser.parseSelectUnion(Parser.java:1675)
	at org.h2.command.Parser.parseSelect(Parser.java:1662)
	at org.h2.command.Parser.parsePrepared(Parser.java:434)
	at org.h2.command.Parser.parse(Parser.java:306)
	at org.h2.command.Parser.parse(Parser.java:282)
	at org.h2.command.Parser.prepareCommand(Parser.java:243)
	at org.h2.engine.Session.prepareLocal(Session.java:442)
	at org.h2.engine.Session.prepareCommand(Session.java:384)
	at org.h2.jdbc.JdbcConnection.prepareCommand(JdbcConnection.java:1188)
	at org.h2.jdbc.JdbcPreparedStatement.&lt;init&gt;(JdbcPreparedStatement.java:73)
	at org.h2.jdbc.JdbcConnection.prepareStatement(JdbcConnection.java:276)
	at sun.reflect.GeneratedMethodAccessor6.invoke(Unknown Source)
	at sun.reflect.DelegatingMethodAccessorImpl.invoke(DelegatingMethodAccessorImpl.java:43)
	at java.lang.reflect.Method.invoke(Method.java:498)
	at org.apache.ibatis.datasource.pooled.PooledConnection.invoke(PooledConnection.java:245)
	at com.sun.proxy.$Proxy12.prepareStatement(Unknown Source)
	at sun.reflect.GeneratedMethodAccessor6.invoke(Unknown Source)
	at sun.reflect.DelegatingMethodAccessorImpl.invoke(DelegatingMethodAccessorImpl.java:43)
	at java.lang.reflect.Method.invoke(Method.java:498)
	at org.apache.ibatis.logging.jdbc.ConnectionLogger.invoke(ConnectionLogger.java:55)
	at com.sun.proxy.$Proxy12.prepareStatement(Unknown Source)
	at org.apache.ibatis.executor.statement.PreparedStatementHandler.instantiateStatement(PreparedStatementHandler.java:79)
	at org.apache.ibatis.executor.statement.BaseStatementHandler.prepare(BaseStatementHandler.java:88)
	at org.apache.ibatis.executor.statement.RoutingStatementHandler.prepare(RoutingStatementHandler.java:58)
	at org.apache.ibatis.executor.SimpleExecutor.prepareStatement(SimpleExecutor.java:76)
	at org.apache.ibatis.executor.SimpleExecutor.doQuery(SimpleExecutor.java:61)
	at org.apache.ibatis.executor.BaseExecutor.queryFromDatabase(BaseExecutor.java:303)
	at org.apache.ibatis.executor.BaseExecutor.query(BaseExecutor.java:154)
	at org.apache.ibatis.executor.CachingExecutor.query(CachingExecutor.java:102)
	at org.apache.ibatis.executor.CachingExecutor.query(CachingExecutor.java:82)
	at org.apache.ibatis.session.defaults.DefaultSqlSession.selectList(DefaultSqlSession.java:120)
	... 37 more
</error>
    <system-out>10:47:09,772 [main] DEBUG org.activiti.engine.impl.test.TestHelper  - annotation @Deployment creates deployment for SubProcessTest.testNestedSimpleSubprocessWithTimerOnInnerSubProcess
10:47:09,773 [main] DEBUG org.activiti.engine.impl.interceptor.LogInterceptor  - 

10:47:09,773 [main] DEBUG org.activiti.engine.impl.interceptor.LogInterceptor  - --- starting DeployCmd --------------------------------------------------------
10:47:09,774 [main] DEBUG org.activiti.engine.impl.bpmn.deployer.BpmnDeployer  - Processing deployment SubProcessTest.testNestedSimpleSubprocessWithTimerOnInnerSubProcess
10:47:09,774 [main] INFO  org.activiti.engine.impl.bpmn.deployer.BpmnDeployer  - Processing resource org/activiti/engine/test/bpmn/subprocess/SubProcessTest.testNestedSimpleSubprocessWithTimerOnInnerSubProcess.bpmn20.xml
10:47:09,782 [main] DEBUG org.activiti.engine.impl.bpmn.parser.handler.ProcessParseHandler  - Parsing process nestedSubProcessWithTimer
10:47:09,782 [main] DEBUG org.activiti.engine.impl.bpmn.parser.handler.AbstractBpmnParseHandler  - Parsing activity outerSubProcess
10:47:09,782 [main] DEBUG org.activiti.engine.impl.bpmn.parser.handler.AbstractBpmnParseHandler  - Parsing activity innerSubProcess
10:47:09,782 [main] DEBUG org.activiti.engine.impl.bpmn.parser.handler.AbstractBpmnParseHandler  - Parsing activity innerSubProcessTask
10:47:09,782 [main] DEBUG org.activiti.engine.impl.bpmn.parser.handler.AbstractBpmnParseHandler  - Parsing activity innerSubProcessStart
10:47:09,782 [main] DEBUG org.activiti.engine.impl.bpmn.parser.handler.AbstractBpmnParseHandler  - Parsing activity innerSubProcessEnd
10:47:09,782 [main] DEBUG org.activiti.engine.impl.bpmn.parser.handler.AbstractBpmnParseHandler  - Parsing activity escalationTask
10:47:09,782 [main] DEBUG org.activiti.engine.impl.bpmn.parser.handler.AbstractBpmnParseHandler  - Parsing activity outerSubProcessStart
10:47:09,782 [main] DEBUG org.activiti.engine.impl.bpmn.parser.handler.AbstractBpmnParseHandler  - Parsing activity outerSubProcessEnd
10:47:09,782 [main] DEBUG org.activiti.engine.impl.bpmn.parser.handler.AbstractBpmnParseHandler  - Parsing activity outerSubProcessEnd1
10:47:09,782 [main] DEBUG org.activiti.engine.impl.bpmn.parser.handler.AbstractBpmnParseHandler  - Parsing activity escalationTimer
10:47:09,782 [main] DEBUG org.activiti.engine.impl.bpmn.parser.handler.AbstractBpmnParseHandler  - Parsing activity afterSubProcessTask
10:47:09,782 [main] DEBUG org.activiti.engine.impl.bpmn.parser.handler.AbstractBpmnParseHandler  - Parsing activity theStart
10:47:09,782 [main] DEBUG org.activiti.engine.impl.bpmn.parser.handler.AbstractBpmnParseHandler  - Parsing activity theEnd
10:47:09,782 [main] DEBUG org.apache.ibatis.transaction.jdbc.JdbcTransaction  - Opening JDBC Connection
10:47:09,782 [main] DEBUG org.apache.ibatis.datasource.pooled.PooledDataSource  - Checked out connection 486346394 from pool.
10:47:09,783 [main] DEBUG org.apache.ibatis.transaction.jdbc.JdbcTransaction  - Setting autocommit to false on JDBC Connection [conn6: url=jdbc:h2:mem:activiti user=SA]
10:47:09,783 [main] DEBUG org.activiti.engine.impl.persistence.entity.ProcessDefinitionEntity.selectLatestProcessDefinitionByKey  - ==&gt;  Preparing: select * from ACT_RE_PROCDEF where KEY_ = ? and (TENANT_ID_ = &apos;&apos; or TENANT_ID_ is null) and VERSION_ = (select max(VERSION_) from ACT_RE_PROCDEF where KEY_ = ? and (TENANT_ID_ = &apos;&apos; or TENANT_ID_ is null)) 
10:47:09,783 [main] DEBUG org.activiti.engine.impl.persistence.entity.ProcessDefinitionEntity.selectLatestProcessDefinitionByKey  - ==&gt; Parameters: nestedSubProcessWithTimer(String), nestedSubProcessWithTimer(String)
10:47:09,783 [main] DEBUG org.activiti.engine.impl.persistence.entity.ProcessDefinitionEntity.selectLatestProcessDefinitionByKey  - &lt;==      Total: 0
10:47:09,783 [main] DEBUG org.activiti.engine.impl.persistence.entity.JobEntity.selectJobByTypeAndProcessDefinitionKeyNoTenantId  - ==&gt;  Preparing: select J.* from ACT_RU_JOB J inner join ACT_RE_PROCDEF P on J.PROC_DEF_ID_ = P.ID_ where J.HANDLER_TYPE_ = ? and P.KEY_ = ? and (P.TENANT_ID_ = &apos;&apos; or P.TENANT_ID_ is null) 
10:47:09,783 [main] DEBUG org.activiti.engine.impl.persistence.entity.JobEntity.selectJobByTypeAndProcessDefinitionKeyNoTenantId  - ==&gt; Parameters: timer-start-event(String), nestedSubProcessWithTimer(String)
10:47:09,783 [main] DEBUG org.activiti.engine.impl.persistence.entity.JobEntity.selectJobByTypeAndProcessDefinitionKeyNoTenantId  - &lt;==      Total: 0
10:47:09,783 [main] DEBUG org.activiti.engine.impl.persistence.entity.ProcessDefinitionInfoEntity.selectProcessDefinitionInfoByProcessDefinitionId  - ==&gt;  Preparing: select * from ACT_PROCDEF_INFO where PROC_DEF_ID_ = ? 
10:47:09,783 [main] DEBUG org.activiti.engine.impl.persistence.entity.ProcessDefinitionInfoEntity.selectProcessDefinitionInfoByProcessDefinitionId  - ==&gt; Parameters: nestedSubProcessWithTimer:1:144(String)
10:47:09,783 [main] DEBUG org.activiti.engine.impl.persistence.entity.ProcessDefinitionInfoEntity.selectProcessDefinitionInfoByProcessDefinitionId  - &lt;==      Total: 0
10:47:09,783 [main] DEBUG org.activiti.engine.impl.interceptor.LogInterceptor  - 

10:47:09,783 [main] DEBUG org.activiti.engine.impl.interceptor.LogInterceptor  - --- starting GetProcessDefinitionInfoCmd --------------------------------------------------------
10:47:09,783 [main] DEBUG org.activiti.engine.impl.interceptor.CommandContextInterceptor  - Valid context found. Reusing it for the current command &apos;org.activiti.engine.impl.cmd.GetProcessDefinitionInfoCmd&apos;
10:47:09,783 [main] DEBUG org.activiti.engine.impl.interceptor.LogInterceptor  - 

10:47:09,783 [main] DEBUG org.activiti.engine.impl.interceptor.LogInterceptor  - --- starting  --------------------------------------------------------
10:47:09,783 [main] DEBUG org.activiti.engine.impl.interceptor.CommandContextInterceptor  - Valid context found. Reusing it for the current command &apos;null&apos;
10:47:09,783 [main] DEBUG org.activiti.engine.impl.interceptor.LogInterceptor  - ---  finished --------------------------------------------------------
10:47:09,783 [main] DEBUG org.activiti.engine.impl.interceptor.LogInterceptor  - 

10:47:09,783 [main] DEBUG org.activiti.engine.impl.interceptor.LogInterceptor  - --- GetProcessDefinitionInfoCmd finished --------------------------------------------------------
10:47:09,783 [main] DEBUG org.activiti.engine.impl.interceptor.LogInterceptor  - 

10:47:09,783 [main] DEBUG org.activiti.engine.impl.db.DbSqlSession  -   insert ResourceEntity[id=143, name=org/activiti/engine/test/bpmn/subprocess/SubProcessTest.testNestedSimpleSubprocessWithTimerOnInnerSubProcess.bpmn20.xml]
10:47:09,783 [main] DEBUG org.activiti.engine.impl.db.DbSqlSession  -   insert DeploymentEntity[id=142, name=SubProcessTest.testNestedSimpleSubprocessWithTimerOnInnerSubProcess]
10:47:09,784 [main] DEBUG org.activiti.engine.impl.db.DbSqlSession  -   insert ProcessDefinitionEntity[nestedSubProcessWithTimer:1:144]
10:47:09,784 [main] DEBUG org.activiti.engine.impl.db.DbSqlSession  - flush summary: 3 insert, 0 update, 0 delete.
10:47:09,784 [main] DEBUG org.activiti.engine.impl.db.DbSqlSession  - now executing flush...
10:47:09,784 [main] DEBUG org.activiti.engine.impl.db.DbSqlSession  - inserting: ProcessDefinitionEntity[nestedSubProcessWithTimer:1:144]
10:47:09,784 [main] DEBUG org.activiti.engine.impl.persistence.entity.ProcessDefinitionEntity.insertProcessDefinition  - ==&gt;  Preparing: insert into ACT_RE_PROCDEF(ID_, REV_, CATEGORY_, NAME_, KEY_, VERSION_, DEPLOYMENT_ID_, RESOURCE_NAME_, DGRM_RESOURCE_NAME_, DESCRIPTION_, HAS_START_FORM_KEY_, HAS_GRAPHICAL_NOTATION_ , SUSPENSION_STATE_, TENANT_ID_) values (?, 1, ?, ?, ?, ?, ?, ?, ?, ?, ?, ?, ?, ?) 
10:47:09,784 [main] DEBUG org.activiti.engine.impl.persistence.entity.ProcessDefinitionEntity.insertProcessDefinition  - ==&gt; Parameters: nestedSubProcessWithTimer:1:144(String), Examples(String), null, nestedSubProcessWithTimer(String), 1(Integer), 142(String), org/activiti/engine/test/bpmn/subprocess/SubProcessTest.testNestedSimpleSubprocessWithTimerOnInnerSubProcess.bpmn20.xml(String), null, null, false(Boolean), false(Boolean), 1(Integer), (String)
10:47:09,784 [main] DEBUG org.activiti.engine.impl.persistence.entity.ProcessDefinitionEntity.insertProcessDefinition  - &lt;==    Updates: 1
10:47:09,784 [main] DEBUG org.activiti.engine.impl.db.DbSqlSession  - inserting: DeploymentEntity[id=142, name=SubProcessTest.testNestedSimpleSubprocessWithTimerOnInnerSubProcess]
10:47:09,784 [main] DEBUG org.activiti.engine.impl.persistence.entity.DeploymentEntity.insertDeployment  - ==&gt;  Preparing: insert into ACT_RE_DEPLOYMENT(ID_, NAME_, CATEGORY_, TENANT_ID_, DEPLOY_TIME_) values(?, ?, ?, ?, ?) 
10:47:09,784 [main] DEBUG org.activiti.engine.impl.persistence.entity.DeploymentEntity.insertDeployment  - ==&gt; Parameters: 142(String), SubProcessTest.testNestedSimpleSubprocessWithTimerOnInnerSubProcess(String), null, (String), 2023-03-20 10:46:46.742(Timestamp)
10:47:09,784 [main] DEBUG org.activiti.engine.impl.persistence.entity.DeploymentEntity.insertDeployment  - &lt;==    Updates: 1
10:47:09,784 [main] DEBUG org.activiti.engine.impl.db.DbSqlSession  - inserting: ResourceEntity[id=143, name=org/activiti/engine/test/bpmn/subprocess/SubProcessTest.testNestedSimpleSubprocessWithTimerOnInnerSubProcess.bpmn20.xml]
10:47:09,784 [main] DEBUG org.activiti.engine.impl.persistence.entity.ResourceEntity.insertResource  - ==&gt;  Preparing: insert into ACT_GE_BYTEARRAY(ID_, REV_, NAME_, BYTES_, DEPLOYMENT_ID_, GENERATED_) values (?, 1, ?, ?, ?, ?) 
10:47:09,784 [main] DEBUG org.activiti.engine.impl.persistence.entity.ResourceEntity.insertResource  - ==&gt; Parameters: 143(String), org/activiti/engine/test/bpmn/subprocess/SubProcessTest.testNestedSimpleSubprocessWithTimerOnInnerSubProcess.bpmn20.xml(String), java.io.ByteArrayInputStream@62442217(ByteArrayInputStream), 142(String), false(Boolean)
10:47:09,784 [main] DEBUG org.activiti.engine.impl.persistence.entity.ResourceEntity.insertResource  - &lt;==    Updates: 1
10:47:09,784 [main] DEBUG org.activiti.engine.impl.cfg.standalone.StandaloneMybatisTransactionContext  - firing event committing...
10:47:09,784 [main] DEBUG org.activiti.engine.impl.cfg.standalone.StandaloneMybatisTransactionContext  - committing the ibatis sql session...
10:47:09,784 [main] DEBUG org.apache.ibatis.transaction.jdbc.JdbcTransaction  - Committing JDBC Connection [conn6: url=jdbc:h2:mem:activiti user=SA]
10:47:09,784 [main] DEBUG org.activiti.engine.impl.cfg.standalone.StandaloneMybatisTransactionContext  - firing event committed...
10:47:09,784 [main] DEBUG org.apache.ibatis.transaction.jdbc.JdbcTransaction  - Resetting autocommit to true on JDBC Connection [conn6: url=jdbc:h2:mem:activiti user=SA]
10:47:09,784 [main] DEBUG org.apache.ibatis.transaction.jdbc.JdbcTransaction  - Closing JDBC Connection [conn6: url=jdbc:h2:mem:activiti user=SA]
10:47:09,784 [main] DEBUG org.apache.ibatis.datasource.pooled.PooledDataSource  - Returned connection 486346394 to pool.
10:47:09,784 [main] DEBUG org.activiti.engine.impl.interceptor.LogInterceptor  - --- DeployCmd finished --------------------------------------------------------
10:47:09,784 [main] DEBUG org.activiti.engine.impl.interceptor.LogInterceptor  - 

10:47:09,784 [main] DEBUG org.activiti.engine.impl.test.PvmTestCase  - 

10:47:09,784 [main] DEBUG org.activiti.engine.impl.test.PvmTestCase  - #### START SubProcessTest.testNestedSimpleSubprocessWithTimerOnInnerSubProcess ###########################################################
10:47:09,785 [main] DEBUG org.activiti.engine.impl.interceptor.LogInterceptor  - 

10:47:09,785 [main] DEBUG org.activiti.engine.impl.interceptor.LogInterceptor  - --- starting StartProcessInstanceCmd --------------------------------------------------------
10:47:09,785 [main] DEBUG org.apache.ibatis.transaction.jdbc.JdbcTransaction  - Opening JDBC Connection
10:47:09,785 [main] DEBUG org.apache.ibatis.datasource.pooled.PooledDataSource  - Checked out connection 297240765 from pool.
10:47:09,785 [main] DEBUG org.apache.ibatis.transaction.jdbc.JdbcTransaction  - Setting autocommit to false on JDBC Connection [conn4: url=jdbc:h2:mem:activiti user=SA]
10:47:09,785 [main] DEBUG org.activiti.engine.impl.persistence.entity.ProcessDefinitionEntity.selectLatestProcessDefinitionByKey  - ==&gt;  Preparing: select * from ACT_RE_PROCDEF where KEY_ = ? and (TENANT_ID_ = &apos;&apos; or TENANT_ID_ is null) and VERSION_ = (select max(VERSION_) from ACT_RE_PROCDEF where KEY_ = ? and (TENANT_ID_ = &apos;&apos; or TENANT_ID_ is null)) 
10:47:09,785 [main] DEBUG org.activiti.engine.impl.persistence.entity.ProcessDefinitionEntity.selectLatestProcessDefinitionByKey  - ==&gt; Parameters: nestedSubProcessWithTimer(String), nestedSubProcessWithTimer(String)
10:47:09,785 [main] DEBUG org.activiti.engine.impl.persistence.entity.ProcessDefinitionEntity.selectLatestProcessDefinitionByKey  - &lt;==      Total: 1
10:47:09,785 [main] DEBUG org.activiti.engine.impl.persistence.entity.ExecutionEntity  - initializing ProcessInstance[145]
10:47:09,785 [main] DEBUG org.activiti.engine.impl.history.DefaultHistoryManager  - Current history level: FULL, level required: ACTIVITY
10:47:09,785 [main] DEBUG org.activiti.engine.impl.pvm.runtime.AtomicOperationActivityExecute  - ProcessInstance[145] executes Activity(theStart): org.activiti.engine.impl.bpmn.behavior.NoneStartEventActivityBehavior
10:47:09,785 [main] DEBUG org.activiti.engine.impl.persistence.entity.JobEntity.selectJobsByExecutionId  - ==&gt;  Preparing: select * from ACT_RU_JOB J where J.EXECUTION_ID_ = ? 
10:47:09,785 [main] DEBUG org.activiti.engine.impl.persistence.entity.JobEntity.selectJobsByExecutionId  - ==&gt; Parameters: 145(String)
10:47:09,785 [main] DEBUG org.activiti.engine.impl.persistence.entity.JobEntity.selectJobsByExecutionId  - &lt;==      Total: 0
10:47:09,785 [main] DEBUG org.activiti.engine.impl.bpmn.behavior.BpmnActivityBehavior  - Leaving activity &apos;theStart&apos;
10:47:09,785 [main] DEBUG org.activiti.engine.impl.history.DefaultHistoryManager  - Current history level: FULL, level required: ACTIVITY
10:47:09,785 [main] DEBUG org.activiti.engine.impl.pvm.runtime.AtomicOperationTransitionNotifyListenerTake  - ProcessInstance[145] takes transition (theStart)--flow1--&gt;(outerSubProcess)
10:47:09,786 [main] DEBUG org.activiti.engine.impl.persistence.entity.ExecutionEntity  - Child execution ScopeExecution[147] created with parent 
10:47:09,786 [main] DEBUG org.activiti.engine.impl.pvm.runtime.AtomicOperationTransitionCreateScope  - create scope: parent ProcessInstance[145] continues as execution ScopeExecution[147]
10:47:09,786 [main] DEBUG org.activiti.engine.impl.persistence.entity.ExecutionEntity  - initializing ScopeExecution[147]
10:47:09,786 [main] DEBUG org.activiti.engine.impl.history.DefaultHistoryManager  - Current history level: FULL, level required: ACTIVITY
10:47:09,786 [main] DEBUG org.activiti.engine.impl.pvm.runtime.AtomicOperationActivityExecute  - ScopeExecution[147] executes Activity(outerSubProcess): org.activiti.engine.impl.bpmn.behavior.SubProcessActivityBehavior
10:47:09,786 [main] DEBUG org.activiti.engine.impl.history.DefaultHistoryManager  - Current history level: FULL, level required: ACTIVITY
10:47:09,786 [main] DEBUG org.activiti.engine.impl.pvm.runtime.AtomicOperationActivityExecute  - ScopeExecution[147] executes Activity(outerSubProcessStart): org.activiti.engine.impl.bpmn.behavior.NoneStartEventActivityBehavior
10:47:09,786 [main] DEBUG org.activiti.engine.impl.persistence.entity.JobEntity.selectJobsByExecutionId  - ==&gt;  Preparing: select * from ACT_RU_JOB J where J.EXECUTION_ID_ = ? 
10:47:09,786 [main] DEBUG org.activiti.engine.impl.persistence.entity.JobEntity.selectJobsByExecutionId  - ==&gt; Parameters: 147(String)
10:47:09,786 [main] DEBUG org.activiti.engine.impl.persistence.entity.JobEntity.selectJobsByExecutionId  - &lt;==      Total: 0
10:47:09,786 [main] DEBUG org.activiti.engine.impl.bpmn.behavior.BpmnActivityBehavior  - Leaving activity &apos;outerSubProcessStart&apos;
10:47:09,786 [main] DEBUG org.activiti.engine.impl.history.DefaultHistoryManager  - Current history level: FULL, level required: ACTIVITY
10:47:09,786 [main] DEBUG org.activiti.engine.impl.pvm.runtime.AtomicOperationTransitionNotifyListenerTake  - ScopeExecution[147] takes transition (outerSubProcessStart)--flow2--&gt;(innerSubProcess)
10:47:09,786 [main] DEBUG org.activiti.engine.impl.persistence.entity.ExecutionEntity  - Child execution ScopeExecution[150] created with parent 
10:47:09,786 [main] DEBUG org.activiti.engine.impl.pvm.runtime.AtomicOperationTransitionCreateScope  - create scope: parent ScopeExecution[147] continues as execution ScopeExecution[150]
10:47:09,786 [main] DEBUG org.activiti.engine.impl.persistence.entity.ExecutionEntity  - initializing ScopeExecution[150]
10:47:09,787 [main] DEBUG org.activiti.engine.impl.persistence.entity.JobEntity.selectJobsByExecutionId  - ==&gt;  Preparing: select * from ACT_RU_JOB J where J.EXECUTION_ID_ = ? 
10:47:09,787 [main] DEBUG org.activiti.engine.impl.persistence.entity.JobEntity.selectJobsByExecutionId  - ==&gt; Parameters: 150(String)
10:47:09,787 [main] DEBUG org.activiti.engine.impl.persistence.entity.JobEntity.selectJobsByExecutionId  - &lt;==      Total: 0
10:47:09,787 [main] DEBUG org.activiti.engine.impl.history.DefaultHistoryManager  - Current history level: FULL, level required: ACTIVITY
10:47:09,787 [main] DEBUG org.activiti.engine.impl.pvm.runtime.AtomicOperationActivityExecute  - ScopeExecution[150] executes Activity(innerSubProcess): org.activiti.engine.impl.bpmn.behavior.SubProcessActivityBehavior
10:47:09,787 [main] DEBUG org.activiti.engine.impl.history.DefaultHistoryManager  - Current history level: FULL, level required: ACTIVITY
10:47:09,787 [main] DEBUG org.activiti.engine.impl.pvm.runtime.AtomicOperationActivityExecute  - ScopeExecution[150] executes Activity(innerSubProcessStart): org.activiti.engine.impl.bpmn.behavior.NoneStartEventActivityBehavior
10:47:09,787 [main] DEBUG org.activiti.engine.impl.bpmn.behavior.BpmnActivityBehavior  - Leaving activity &apos;innerSubProcessStart&apos;
10:47:09,787 [main] DEBUG org.activiti.engine.impl.history.DefaultHistoryManager  - Current history level: FULL, level required: ACTIVITY
10:47:09,787 [main] DEBUG org.activiti.engine.impl.pvm.runtime.AtomicOperationTransitionNotifyListenerTake  - ScopeExecution[150] takes transition (innerSubProcessStart)--flow3--&gt;(innerSubProcessTask)
10:47:09,787 [main] DEBUG org.activiti.engine.impl.history.DefaultHistoryManager  - Current history level: FULL, level required: ACTIVITY
10:47:09,787 [main] DEBUG org.activiti.engine.impl.pvm.runtime.AtomicOperationActivityExecute  - ScopeExecution[150] executes Activity(innerSubProcessTask): org.activiti.engine.impl.bpmn.behavior.UserTaskActivityBehavior
10:47:09,787 [main] DEBUG org.activiti.engine.impl.persistence.entity.TaskEntity.selectTasksByExecutionId  - ==&gt;  Preparing: select distinct T.* from ACT_RU_TASK T where T.EXECUTION_ID_ = ? 
10:47:09,788 [main] DEBUG org.activiti.engine.impl.persistence.entity.TaskEntity.selectTasksByExecutionId  - ==&gt; Parameters: 150(String)
10:47:09,788 [main] DEBUG org.activiti.engine.impl.persistence.entity.TaskEntity.selectTasksByExecutionId  - &lt;==      Total: 0
10:47:09,788 [main] DEBUG org.activiti.engine.impl.history.DefaultHistoryManager  - Current history level: FULL, level required: AUDIT
10:47:09,788 [main] DEBUG org.activiti.engine.impl.history.DefaultHistoryManager  - Current history level: FULL, level required: AUDIT
10:47:09,788 [main] DEBUG org.activiti.engine.impl.interceptor.LogInterceptor  - 

10:47:09,788 [main] DEBUG org.activiti.engine.impl.interceptor.LogInterceptor  - --- starting  --------------------------------------------------------
10:47:09,788 [main] DEBUG org.activiti.engine.impl.interceptor.CommandContextInterceptor  - Valid context found. Reusing it for the current command &apos;null&apos;
10:47:09,788 [main] DEBUG org.activiti.engine.impl.persistence.entity.ProcessDefinitionInfoEntity.selectProcessDefinitionInfoByProcessDefinitionId  - ==&gt;  Preparing: select * from ACT_PROCDEF_INFO where PROC_DEF_ID_ = ? 
10:47:09,788 [main] DEBUG org.activiti.engine.impl.persistence.entity.ProcessDefinitionInfoEntity.selectProcessDefinitionInfoByProcessDefinitionId  - ==&gt; Parameters: nestedSubProcessWithTimer:1:144(String)
10:47:09,788 [main] DEBUG org.activiti.engine.impl.persistence.entity.ProcessDefinitionInfoEntity.selectProcessDefinitionInfoByProcessDefinitionId  - &lt;==      Total: 0
10:47:09,788 [main] DEBUG org.activiti.engine.impl.interceptor.LogInterceptor  - ---  finished --------------------------------------------------------
10:47:09,788 [main] DEBUG org.activiti.engine.impl.interceptor.LogInterceptor  - 

10:47:09,788 [main] DEBUG org.activiti.engine.impl.history.DefaultHistoryManager  - Current history level: FULL, level required: AUDIT
10:47:09,788 [main] DEBUG org.activiti.engine.impl.history.DefaultHistoryManager  - Current history level: FULL, level required: AUDIT
10:47:09,788 [main] DEBUG org.activiti.engine.impl.history.DefaultHistoryManager  - Current history level: FULL, level required: ACTIVITY
10:47:09,789 [main] DEBUG org.activiti.engine.impl.db.DbSqlSession  -   insert ProcessInstance[145]
10:47:09,789 [main] DEBUG org.activiti.engine.impl.db.DbSqlSession  -   insert ScopeExecution[147]
10:47:09,789 [main] DEBUG org.activiti.engine.impl.db.DbSqlSession  -   insert ScopeExecution[150]
10:47:09,789 [main] DEBUG org.activiti.engine.impl.db.DbSqlSession  -   insert HistoricProcessInstanceEntity[superProcessInstanceId=null]
10:47:09,789 [main] DEBUG org.activiti.engine.impl.db.DbSqlSession  -   insert Task[id=155, name=Task in subprocess]
10:47:09,789 [main] DEBUG org.activiti.engine.impl.db.DbSqlSession  -   insert HistoricTaskInstanceEntity[id=155, name=Task in subprocess]
10:47:09,789 [main] DEBUG org.activiti.engine.impl.db.DbSqlSession  -   insert HistoricActivityInstanceEntity[activityId=theStart, activityName=null]
10:47:09,789 [main] DEBUG org.activiti.engine.impl.db.DbSqlSession  -   insert HistoricActivityInstanceEntity[activityId=outerSubProcess, activityName=null]
10:47:09,789 [main] DEBUG org.activiti.engine.impl.db.DbSqlSession  -   insert HistoricActivityInstanceEntity[activityId=outerSubProcessStart, activityName=null]
10:47:09,789 [main] DEBUG org.activiti.engine.impl.db.DbSqlSession  -   insert HistoricActivityInstanceEntity[activityId=innerSubProcess, activityName=null]
10:47:09,789 [main] DEBUG org.activiti.engine.impl.db.DbSqlSession  -   insert HistoricActivityInstanceEntity[activityId=innerSubProcessStart, activityName=null]
10:47:09,789 [main] DEBUG org.activiti.engine.impl.db.DbSqlSession  -   insert HistoricActivityInstanceEntity[activityId=innerSubProcessTask, activityName=Task in subprocess]
10:47:09,789 [main] DEBUG org.activiti.engine.impl.db.DbSqlSession  -   insert JobEntity [id=151]
10:47:09,789 [main] DEBUG org.activiti.engine.impl.db.DbSqlSession  - flush summary: 13 insert, 0 update, 0 delete.
10:47:09,789 [main] DEBUG org.activiti.engine.impl.db.DbSqlSession  - now executing flush...
10:47:09,789 [main] DEBUG org.activiti.engine.impl.db.DbSqlSession  - inserting: HistoricTaskInstanceEntity[id=155, name=Task in subprocess]
10:47:09,789 [main] DEBUG org.activiti.engine.impl.persistence.entity.HistoricTaskInstanceEntity.insertHistoricTaskInstance  - ==&gt;  Preparing: insert into ACT_HI_TASKINST ( ID_, PROC_DEF_ID_, PROC_INST_ID_, EXECUTION_ID_, NAME_, PARENT_TASK_ID_, DESCRIPTION_, OWNER_, ASSIGNEE_, START_TIME_, CLAIM_TIME_, END_TIME_, DURATION_, DELETE_REASON_, TASK_DEF_KEY_, FORM_KEY_, PRIORITY_, DUE_DATE_, CATEGORY_, TENANT_ID_ ) values ( ?, ?, ?, ?, ?, ?, ?, ?, ?, ?, ?, ?, ?, ?, ?, ?, ?, ?, ?, ? ) 
10:47:09,789 [main] DEBUG org.activiti.engine.impl.persistence.entity.HistoricTaskInstanceEntity.insertHistoricTaskInstance  - ==&gt; Parameters: 155(String), nestedSubProcessWithTimer:1:144(String), 145(String), 150(String), Task in subprocess(String), null, null, null, null, 2023-03-20 10:46:46.742(Timestamp), null, null, null, null, innerSubProcessTask(String), null, 50(Integer), null, null, (String)
10:47:09,789 [main] DEBUG org.activiti.engine.impl.persistence.entity.HistoricTaskInstanceEntity.insertHistoricTaskInstance  - &lt;==    Updates: 1
10:47:09,789 [main] DEBUG org.activiti.engine.impl.db.DbSqlSession  - inserting: HistoricProcessInstanceEntity[superProcessInstanceId=null]
10:47:09,789 [main] DEBUG org.activiti.engine.impl.persistence.entity.HistoricProcessInstanceEntity.insertHistoricProcessInstance  - ==&gt;  Preparing: insert into ACT_HI_PROCINST ( ID_, PROC_INST_ID_, BUSINESS_KEY_, PROC_DEF_ID_, START_TIME_, END_TIME_, DURATION_, START_USER_ID_, START_ACT_ID_, END_ACT_ID_, SUPER_PROCESS_INSTANCE_ID_, DELETE_REASON_, TENANT_ID_, NAME_ ) values ( ?, ?, ?, ?, ?, ?, ?, ?, ?, ?, ?, ?, ?, ? ) 
10:47:09,789 [main] DEBUG org.activiti.engine.impl.persistence.entity.HistoricProcessInstanceEntity.insertHistoricProcessInstance  - ==&gt; Parameters: 145(String), 145(String), null, nestedSubProcessWithTimer:1:144(String), 2023-03-20 10:46:46.742(Timestamp), null, null, null, theStart(String), null, null, null, (String), null
10:47:09,789 [main] DEBUG org.activiti.engine.impl.persistence.entity.HistoricProcessInstanceEntity.insertHistoricProcessInstance  - &lt;==    Updates: 1
10:47:09,790 [main] DEBUG org.activiti.engine.impl.persistence.entity.HistoricActivityInstanceEntity.bulkInsertHistoricActivityInstance  - ==&gt;  Preparing: insert into ACT_HI_ACTINST ( ID_, PROC_DEF_ID_, PROC_INST_ID_, EXECUTION_ID_, ACT_ID_, TASK_ID_, CALL_PROC_INST_ID_, ACT_NAME_, ACT_TYPE_, ASSIGNEE_, START_TIME_, END_TIME_, DURATION_, TENANT_ID_ ) values (?, ?, ?, ?, ?, ?, ?, ?, ?, ?, ?, ?, ?, ?) , (?, ?, ?, ?, ?, ?, ?, ?, ?, ?, ?, ?, ?, ?) , (?, ?, ?, ?, ?, ?, ?, ?, ?, ?, ?, ?, ?, ?) , (?, ?, ?, ?, ?, ?, ?, ?, ?, ?, ?, ?, ?, ?) , (?, ?, ?, ?, ?, ?, ?, ?, ?, ?, ?, ?, ?, ?) , (?, ?, ?, ?, ?, ?, ?, ?, ?, ?, ?, ?, ?, ?) 
10:47:09,790 [main] DEBUG org.activiti.engine.impl.persistence.entity.HistoricActivityInstanceEntity.bulkInsertHistoricActivityInstance  - ==&gt; Parameters: 146(String), nestedSubProcessWithTimer:1:144(String), 145(String), 145(String), theStart(String), null, null, null, startEvent(String), null, 2023-03-20 10:46:46.742(Timestamp), 2023-03-20 10:46:46.742(Timestamp), 0(Long), (String), 148(String), nestedSubProcessWithTimer:1:144(String), 145(String), 147(String), outerSubProcess(String), null, null, null, subProcess(String), null, 2023-03-20 10:46:46.742(Timestamp), null, null, (String), 149(String), nestedSubProcessWithTimer:1:144(String), 145(String), 147(String), outerSubProcessStart(String), null, null, null, startEvent(String), null, 2023-03-20 10:46:46.742(Timestamp), 2023-03-20 10:46:46.742(Timestamp), 0(Long), (String), 152(String), nestedSubProcessWithTimer:1:144(String), 145(String), 150(String), innerSubProcess(String), null, null, null, subProcess(String), null, 2023-03-20 10:46:46.742(Timestamp), null, null, (String), 153(String), nestedSubProcessWithTimer:1:144(String), 145(String), 150(String), innerSubProcessStart(String), null, null, null, startEvent(String), null, 2023-03-20 10:46:46.742(Timestamp), 2023-03-20 10:46:46.742(Timestamp), 0(Long), (String), 154(String), nestedSubProcessWithTimer:1:144(String), 145(String), 150(String), innerSubProcessTask(String), 155(String), null, Task in subprocess(String), userTask(String), null, 2023-03-20 10:46:46.742(Timestamp), null, null, (String)
10:47:09,790 [main] DEBUG org.activiti.engine.impl.persistence.entity.HistoricActivityInstanceEntity.bulkInsertHistoricActivityInstance  - &lt;==    Updates: 6
10:47:09,791 [main] DEBUG org.activiti.engine.impl.persistence.entity.ExecutionEntity.bulkInsertExecution  - ==&gt;  Preparing: insert into ACT_RU_EXECUTION (ID_, REV_, PROC_INST_ID_, BUSINESS_KEY_, PROC_DEF_ID_, ACT_ID_, IS_ACTIVE_, IS_CONCURRENT_, IS_SCOPE_,IS_EVENT_SCOPE_, PARENT_ID_, SUPER_EXEC_, SUSPENSION_STATE_, CACHED_ENT_STATE_, TENANT_ID_, NAME_) values (?, 1, ?, ?, ?, ?, ?, ?, ?, ?, ?, ?, ?, ?, ?, ?) , (?, 1, ?, ?, ?, ?, ?, ?, ?, ?, ?, ?, ?, ?, ?, ?) , (?, 1, ?, ?, ?, ?, ?, ?, ?, ?, ?, ?, ?, ?, ?, ?) 
10:47:09,791 [main] DEBUG org.activiti.engine.impl.persistence.entity.ExecutionEntity.bulkInsertExecution  - ==&gt; Parameters: 145(String), 145(String), null, nestedSubProcessWithTimer:1:144(String), null, false(Boolean), false(Boolean), true(Boolean), false(Boolean), null, null, 1(Integer), 2(Integer), (String), null, 147(String), 145(String), null, nestedSubProcessWithTimer:1:144(String), null, false(Boolean), false(Boolean), true(Boolean), false(Boolean), 145(String), null, 1(Integer), 2(Integer), (String), null, 150(String), 145(String), null, nestedSubProcessWithTimer:1:144(String), innerSubProcessTask(String), true(Boolean), false(Boolean), true(Boolean), false(Boolean), 147(String), null, 1(Integer), 6(Integer), (String), null
10:47:09,791 [main] DEBUG org.activiti.engine.impl.persistence.entity.ExecutionEntity.bulkInsertExecution  - &lt;==    Updates: 3
10:47:09,791 [main] DEBUG org.activiti.engine.impl.db.DbSqlSession  - inserting: Task[id=155, name=Task in subprocess]
10:47:09,791 [main] DEBUG org.activiti.engine.impl.persistence.entity.TaskEntity.insertTask  - ==&gt;  Preparing: insert into ACT_RU_TASK (ID_, REV_, NAME_, PARENT_TASK_ID_, DESCRIPTION_, PRIORITY_, CREATE_TIME_, OWNER_, ASSIGNEE_, DELEGATION_, EXECUTION_ID_, PROC_INST_ID_, PROC_DEF_ID_, TASK_DEF_KEY_, DUE_DATE_, CATEGORY_, SUSPENSION_STATE_, TENANT_ID_, FORM_KEY_) values (?, 1, ?, ?, ?, ?, ?, ?, ?, ?, ?, ?, ?, ?, ?, ?, ?, ?, ? ) 
10:47:09,791 [main] DEBUG org.activiti.engine.impl.persistence.entity.TaskEntity.insertTask  - ==&gt; Parameters: 155(String), Task in subprocess(String), null, null, 50(Integer), 2023-03-20 10:46:46.742(Timestamp), null, null, null, 150(String), 145(String), nestedSubProcessWithTimer:1:144(String), innerSubProcessTask(String), null, null, 1(Integer), (String), null
10:47:09,791 [main] DEBUG org.activiti.engine.impl.persistence.entity.TaskEntity.insertTask  - &lt;==    Updates: 1
10:47:09,791 [main] DEBUG org.activiti.engine.impl.db.DbSqlSession  - inserting: JobEntity [id=151]
10:47:09,791 [main] DEBUG org.activiti.engine.impl.persistence.entity.JobEntity.insertTimer  - ==&gt;  Preparing: insert into ACT_RU_JOB ( ID_, REV_, TYPE_, LOCK_OWNER_, LOCK_EXP_TIME_, EXCLUSIVE_, EXECUTION_ID_, PROCESS_INSTANCE_ID_, PROC_DEF_ID_, RETRIES_, EXCEPTION_STACK_ID_, EXCEPTION_MSG_, DUEDATE_, REPEAT_, HANDLER_TYPE_, HANDLER_CFG_, TENANT_ID_) values (?, 1, &apos;timer&apos;, ?, ?, ?, ?, ?, ?, ?, ?, ?, ?, ?, ?, ?, ? ) 
10:47:09,791 [main] DEBUG org.activiti.engine.impl.persistence.entity.JobEntity.insertTimer  - ==&gt; Parameters: 151(String), null, null, true(Boolean), 150(String), 145(String), nestedSubProcessWithTimer:1:144(String), 3(Integer), null, null, 2023-03-20 11:46:46.742(Timestamp), null, timer-transition(String), {&quot;activityId&quot;:&quot;escalationTimer&quot;}(String), (String)
10:47:09,791 [main] DEBUG org.activiti.engine.impl.persistence.entity.JobEntity.insertTimer  - &lt;==    Updates: 1
10:47:09,791 [main] DEBUG org.activiti.engine.impl.cfg.standalone.StandaloneMybatisTransactionContext  - firing event committing...
10:47:09,791 [main] DEBUG org.activiti.engine.impl.cfg.standalone.StandaloneMybatisTransactionContext  - committing the ibatis sql session...
10:47:09,791 [main] DEBUG org.apache.ibatis.transaction.jdbc.JdbcTransaction  - Committing JDBC Connection [conn4: url=jdbc:h2:mem:activiti user=SA]
10:47:09,791 [main] DEBUG org.activiti.engine.impl.cfg.standalone.StandaloneMybatisTransactionContext  - firing event committed...
10:47:09,791 [main] DEBUG org.apache.ibatis.transaction.jdbc.JdbcTransaction  - Resetting autocommit to true on JDBC Connection [conn4: url=jdbc:h2:mem:activiti user=SA]
10:47:09,791 [main] DEBUG org.apache.ibatis.transaction.jdbc.JdbcTransaction  - Closing JDBC Connection [conn4: url=jdbc:h2:mem:activiti user=SA]
10:47:09,792 [main] DEBUG org.apache.ibatis.datasource.pooled.PooledDataSource  - Returned connection 297240765 to pool.
10:47:09,792 [main] DEBUG org.activiti.engine.impl.interceptor.LogInterceptor  - --- StartProcessInstanceCmd finished --------------------------------------------------------
10:47:09,792 [main] DEBUG org.activiti.engine.impl.interceptor.LogInterceptor  - 

10:47:09,792 [main] DEBUG org.activiti.engine.impl.interceptor.LogInterceptor  - 

10:47:09,792 [main] DEBUG org.activiti.engine.impl.interceptor.LogInterceptor  - --- starting TaskQueryImpl --------------------------------------------------------
10:47:09,792 [main] DEBUG org.apache.ibatis.transaction.jdbc.JdbcTransaction  - Opening JDBC Connection
10:47:09,792 [main] DEBUG org.apache.ibatis.datasource.pooled.PooledDataSource  - Checked out connection 363509958 from pool.
10:47:09,792 [main] DEBUG org.apache.ibatis.transaction.jdbc.JdbcTransaction  - Setting autocommit to false on JDBC Connection [conn2: url=jdbc:h2:mem:activiti user=SA]
10:47:09,792 [main] DEBUG org.activiti.engine.impl.persistence.entity.TaskEntity.selectTaskByQueryCriteria  - ==&gt;  Preparing: select distinct RES.* from ACT_RU_TASK RES WHERE RES.PROC_INST_ID_ = ? order by order by RES.ID_ asc LIMIT ? OFFSET ? 
10:47:09,792 [main] DEBUG org.activiti.engine.impl.interceptor.CommandContext  - Error while closing command context
org.apache.ibatis.exceptions.PersistenceException: 
### Error querying database.  Cause: org.h2.jdbc.JdbcSQLException: Syntax error in SQL statement &quot;SELECT DISTINCT RES.* 
       
    FROM ACT_RU_TASK RES
     
     
     
     
    
     
     
     
     WHERE  RES.PROC_INST_ID_ = ? 
   
    
     ORDER BY  ORDER[*] BY RES.ID_ ASC  
    LIMIT ? OFFSET ? &quot;; expected &quot;=, NOT, EXISTS, INTERSECTS, SELECT, FROM&quot;; SQL statement:
select distinct RES.* 
       
    from ACT_RU_TASK RES
     
     
     
     
    
     
     
     
     WHERE  RES.PROC_INST_ID_ = ? 
   
    
     order by  order by RES.ID_ asc  
    LIMIT ? OFFSET ? [42001-176]
### The error may exist in org/activiti/db/mapping/entity/Task.xml
### The error may involve org.activiti.engine.impl.persistence.entity.TaskEntity.selectTaskByQueryCriteria
### The error occurred while executing a query
### SQL: select distinct RES.*              from ACT_RU_TASK RES                                                     WHERE  RES.PROC_INST_ID_ = ?                order by  order by RES.ID_ asc       LIMIT ? OFFSET ?
### Cause: org.h2.jdbc.JdbcSQLException: Syntax error in SQL statement &quot;SELECT DISTINCT RES.* 
       
    FROM ACT_RU_TASK RES
     
     
     
     
    
     
     
     
     WHERE  RES.PROC_INST_ID_ = ? 
   
    
     ORDER BY  ORDER[*] BY RES.ID_ ASC  
    LIMIT ? OFFSET ? &quot;; expected &quot;=, NOT, EXISTS, INTERSECTS, SELECT, FROM&quot;; SQL statement:
select distinct RES.* 
       
    from ACT_RU_TASK RES
     
     
     
     
    
     
     
     
     WHERE  RES.PROC_INST_ID_ = ? 
   
    
     order by  order by RES.ID_ asc  
    LIMIT ? OFFSET ? [42001-176]
	at org.apache.ibatis.exceptions.ExceptionFactory.wrapException(ExceptionFactory.java:30)
	at org.apache.ibatis.session.defaults.DefaultSqlSession.selectList(DefaultSqlSession.java:122)
	at org.apache.ibatis.session.defaults.DefaultSqlSession.selectList(DefaultSqlSession.java:113)
	at org.activiti.engine.impl.db.DbSqlSession.selectListWithRawParameter(DbSqlSession.java:438)
	at org.activiti.engine.impl.db.DbSqlSession.selectList(DbSqlSession.java:429)
	at org.activiti.engine.impl.persistence.entity.TaskEntityManager.findTasksByQueryCriteria(TaskEntityManager.java:135)
	at org.activiti.engine.impl.TaskQueryImpl.executeList(TaskQueryImpl.java:1256)
	at org.activiti.engine.impl.AbstractQuery.executeSingleResult(AbstractQuery.java:183)
	at org.activiti.engine.impl.AbstractQuery.execute(AbstractQuery.java:166)
	at org.activiti.engine.impl.interceptor.CommandInvoker.execute(CommandInvoker.java:24)
	at org.activiti.engine.impl.interceptor.CommandContextInterceptor.execute(CommandContextInterceptor.java:57)
	at org.activiti.engine.impl.interceptor.LogInterceptor.execute(LogInterceptor.java:37)
	at org.activiti.engine.impl.cfg.CommandExecutorImpl.execute(CommandExecutorImpl.java:40)
	at org.activiti.engine.impl.cfg.CommandExecutorImpl.execute(CommandExecutorImpl.java:35)
	at org.activiti.engine.impl.AbstractQuery.singleResult(AbstractQuery.java:129)
	at org.activiti.engine.test.bpmn.subprocess.SubProcessTest.testNestedSimpleSubprocessWithTimerOnInnerSubProcess(SubProcessTest.java:152)
	at sun.reflect.NativeMethodAccessorImpl.invoke0(Native Method)
	at sun.reflect.NativeMethodAccessorImpl.invoke(NativeMethodAccessorImpl.java:62)
	at sun.reflect.DelegatingMethodAccessorImpl.invoke(DelegatingMethodAccessorImpl.java:43)
	at java.lang.reflect.Method.invoke(Method.java:498)
	at junit.framework.TestCase.runTest(TestCase.java:176)
	at org.activiti.engine.impl.test.PvmTestCase.runTest(PvmTestCase.java:65)
	at junit.framework.TestCase.runBare(TestCase.java:141)
	at org.activiti.engine.impl.test.AbstractActivitiTestCase.runBare(AbstractActivitiTestCase.java:100)
	at junit.framework.TestResult$1.protect(TestResult.java:122)
	at junit.framework.TestResult.runProtected(TestResult.java:142)
	at junit.framework.TestResult.run(TestResult.java:125)
	at junit.framework.TestCase.run(TestCase.java:129)
	at junit.framework.TestSuite.runTest(TestSuite.java:255)
	at junit.framework.TestSuite.run(TestSuite.java:250)
	at org.junit.internal.runners.JUnit38ClassRunner.run(JUnit38ClassRunner.java:84)
	at org.apache.maven.surefire.junit4.JUnit4TestSet.execute(JUnit4TestSet.java:35)
	at org.apache.maven.surefire.junit4.JUnit4Provider.executeTestSet(JUnit4Provider.java:146)
	at org.apache.maven.surefire.junit4.JUnit4Provider.invoke(JUnit4Provider.java:97)
	at sun.reflect.NativeMethodAccessorImpl.invoke0(Native Method)
	at sun.reflect.NativeMethodAccessorImpl.invoke(NativeMethodAccessorImpl.java:62)
	at sun.reflect.DelegatingMethodAccessorImpl.invoke(DelegatingMethodAccessorImpl.java:43)
	at java.lang.reflect.Method.invoke(Method.java:498)
	at org.apache.maven.surefire.booter.ProviderFactory$ClassLoaderProxy.invoke(ProviderFactory.java:103)
	at com.sun.proxy.$Proxy0.invoke(Unknown Source)
	at org.apache.maven.surefire.booter.SurefireStarter.invokeProvider(SurefireStarter.java:145)
	at org.apache.maven.surefire.booter.SurefireStarter.runSuitesInProcess(SurefireStarter.java:87)
	at org.apache.maven.surefire.booter.ForkedBooter.main(ForkedBooter.java:69)
Caused by: org.h2.jdbc.JdbcSQLException: Syntax error in SQL statement &quot;SELECT DISTINCT RES.* 
       
    FROM ACT_RU_TASK RES
     
     
     
     
    
     
     
     
     WHERE  RES.PROC_INST_ID_ = ? 
   
    
     ORDER BY  ORDER[*] BY RES.ID_ ASC  
    LIMIT ? OFFSET ? &quot;; expected &quot;=, NOT, EXISTS, INTERSECTS, SELECT, FROM&quot;; SQL statement:
select distinct RES.* 
       
    from ACT_RU_TASK RES
     
     
     
     
    
     
     
     
     WHERE  RES.PROC_INST_ID_ = ? 
   
    
     order by  order by RES.ID_ asc  
    LIMIT ? OFFSET ? [42001-176]
	at org.h2.message.DbException.getJdbcSQLException(DbException.java:344)
	at org.h2.message.DbException.getSyntaxError(DbException.java:204)
	at org.h2.command.Parser.getSyntaxError(Parser.java:524)
	at org.h2.command.Parser.readTerm(Parser.java:2688)
	at org.h2.command.Parser.readFactor(Parser.java:2244)
	at org.h2.command.Parser.readSum(Parser.java:2231)
	at org.h2.command.Parser.readConcat(Parser.java:2201)
	at org.h2.command.Parser.readCondition(Parser.java:2051)
	at org.h2.command.Parser.readAnd(Parser.java:2023)
	at org.h2.command.Parser.readExpression(Parser.java:2015)
	at org.h2.command.Parser.parseEndOfQuery(Parser.java:1726)
	at org.h2.command.Parser.parseSelectUnionExtension(Parser.java:1706)
	at org.h2.command.Parser.parseSelectUnion(Parser.java:1675)
	at org.h2.command.Parser.parseSelect(Parser.java:1662)
	at org.h2.command.Parser.parsePrepared(Parser.java:434)
	at org.h2.command.Parser.parse(Parser.java:306)
	at org.h2.command.Parser.parse(Parser.java:282)
	at org.h2.command.Parser.prepareCommand(Parser.java:243)
	at org.h2.engine.Session.prepareLocal(Session.java:442)
	at org.h2.engine.Session.prepareCommand(Session.java:384)
	at org.h2.jdbc.JdbcConnection.prepareCommand(JdbcConnection.java:1188)
	at org.h2.jdbc.JdbcPreparedStatement.&lt;init&gt;(JdbcPreparedStatement.java:73)
	at org.h2.jdbc.JdbcConnection.prepareStatement(JdbcConnection.java:276)
	at sun.reflect.GeneratedMethodAccessor6.invoke(Unknown Source)
	at sun.reflect.DelegatingMethodAccessorImpl.invoke(DelegatingMethodAccessorImpl.java:43)
	at java.lang.reflect.Method.invoke(Method.java:498)
	at org.apache.ibatis.datasource.pooled.PooledConnection.invoke(PooledConnection.java:245)
	at com.sun.proxy.$Proxy12.prepareStatement(Unknown Source)
	at sun.reflect.GeneratedMethodAccessor6.invoke(Unknown Source)
	at sun.reflect.DelegatingMethodAccessorImpl.invoke(DelegatingMethodAccessorImpl.java:43)
	at java.lang.reflect.Method.invoke(Method.java:498)
	at org.apache.ibatis.logging.jdbc.ConnectionLogger.invoke(ConnectionLogger.java:55)
	at com.sun.proxy.$Proxy12.prepareStatement(Unknown Source)
	at org.apache.ibatis.executor.statement.PreparedStatementHandler.instantiateStatement(PreparedStatementHandler.java:79)
	at org.apache.ibatis.executor.statement.BaseStatementHandler.prepare(BaseStatementHandler.java:88)
	at org.apache.ibatis.executor.statement.RoutingStatementHandler.prepare(RoutingStatementHandler.java:58)
	at org.apache.ibatis.executor.SimpleExecutor.prepareStatement(SimpleExecutor.java:76)
	at org.apache.ibatis.executor.SimpleExecutor.doQuery(SimpleExecutor.java:61)
	at org.apache.ibatis.executor.BaseExecutor.queryFromDatabase(BaseExecutor.java:303)
	at org.apache.ibatis.executor.BaseExecutor.query(BaseExecutor.java:154)
	at org.apache.ibatis.executor.CachingExecutor.query(CachingExecutor.java:102)
	at org.apache.ibatis.executor.CachingExecutor.query(CachingExecutor.java:82)
	at org.apache.ibatis.session.defaults.DefaultSqlSession.selectList(DefaultSqlSession.java:120)
	... 41 more
10:47:09,793 [main] DEBUG org.activiti.engine.impl.cfg.standalone.StandaloneMybatisTransactionContext  - firing event rolling back...
10:47:09,793 [main] DEBUG org.activiti.engine.impl.cfg.standalone.StandaloneMybatisTransactionContext  - rolling back ibatis sql session...
10:47:09,793 [main] DEBUG org.activiti.engine.impl.cfg.standalone.StandaloneMybatisTransactionContext  - firing event rolled back...
10:47:09,793 [main] DEBUG org.apache.ibatis.transaction.jdbc.JdbcTransaction  - Resetting autocommit to true on JDBC Connection [conn2: url=jdbc:h2:mem:activiti user=SA]
10:47:09,793 [main] DEBUG org.apache.ibatis.transaction.jdbc.JdbcTransaction  - Closing JDBC Connection [conn2: url=jdbc:h2:mem:activiti user=SA]
10:47:09,793 [main] DEBUG org.apache.ibatis.datasource.pooled.PooledDataSource  - Returned connection 363509958 to pool.
10:47:09,793 [main] DEBUG org.activiti.engine.impl.interceptor.LogInterceptor  - --- TaskQueryImpl finished --------------------------------------------------------
10:47:09,793 [main] DEBUG org.activiti.engine.impl.interceptor.LogInterceptor  - 

10:47:09,793 [main] ERROR org.activiti.engine.impl.test.PvmTestCase  - 

10:47:09,793 [main] ERROR org.activiti.engine.impl.test.PvmTestCase  - EXCEPTION: org.apache.ibatis.exceptions.PersistenceException: 
### Error querying database.  Cause: org.h2.jdbc.JdbcSQLException: Syntax error in SQL statement &quot;SELECT DISTINCT RES.* 
       
    FROM ACT_RU_TASK RES
     
     
     
     
    
     
     
     
     WHERE  RES.PROC_INST_ID_ = ? 
   
    
     ORDER BY  ORDER[*] BY RES.ID_ ASC  
    LIMIT ? OFFSET ? &quot;; expected &quot;=, NOT, EXISTS, INTERSECTS, SELECT, FROM&quot;; SQL statement:
select distinct RES.* 
       
    from ACT_RU_TASK RES
     
     
     
     
    
     
     
     
     WHERE  RES.PROC_INST_ID_ = ? 
   
    
     order by  order by RES.ID_ asc  
    LIMIT ? OFFSET ? [42001-176]
### The error may exist in org/activiti/db/mapping/entity/Task.xml
### The error may involve org.activiti.engine.impl.persistence.entity.TaskEntity.selectTaskByQueryCriteria
### The error occurred while executing a query
### SQL: select distinct RES.*              from ACT_RU_TASK RES                                                     WHERE  RES.PROC_INST_ID_ = ?                order by  order by RES.ID_ asc       LIMIT ? OFFSET ?
### Cause: org.h2.jdbc.JdbcSQLException: Syntax error in SQL statement &quot;SELECT DISTINCT RES.* 
       
    FROM ACT_RU_TASK RES
     
     
     
     
    
     
     
     
     WHERE  RES.PROC_INST_ID_ = ? 
   
    
     ORDER BY  ORDER[*] BY RES.ID_ ASC  
    LIMIT ? OFFSET ? &quot;; expected &quot;=, NOT, EXISTS, INTERSECTS, SELECT, FROM&quot;; SQL statement:
select distinct RES.* 
       
    from ACT_RU_TASK RES
     
     
     
     
    
     
     
     
     WHERE  RES.PROC_INST_ID_ = ? 
   
    
     order by  order by RES.ID_ asc  
    LIMIT ? OFFSET ? [42001-176]
org.apache.ibatis.exceptions.PersistenceException: 
### Error querying database.  Cause: org.h2.jdbc.JdbcSQLException: Syntax error in SQL statement &quot;SELECT DISTINCT RES.* 
       
    FROM ACT_RU_TASK RES
     
     
     
     
    
     
     
     
     WHERE  RES.PROC_INST_ID_ = ? 
   
    
     ORDER BY  ORDER[*] BY RES.ID_ ASC  
    LIMIT ? OFFSET ? &quot;; expected &quot;=, NOT, EXISTS, INTERSECTS, SELECT, FROM&quot;; SQL statement:
select distinct RES.* 
       
    from ACT_RU_TASK RES
     
     
     
     
    
     
     
     
     WHERE  RES.PROC_INST_ID_ = ? 
   
    
     order by  order by RES.ID_ asc  
    LIMIT ? OFFSET ? [42001-176]
### The error may exist in org/activiti/db/mapping/entity/Task.xml
### The error may involve org.activiti.engine.impl.persistence.entity.TaskEntity.selectTaskByQueryCriteria
### The error occurred while executing a query
### SQL: select distinct RES.*              from ACT_RU_TASK RES                                                     WHERE  RES.PROC_INST_ID_ = ?                order by  order by RES.ID_ asc       LIMIT ? OFFSET ?
### Cause: org.h2.jdbc.JdbcSQLException: Syntax error in SQL statement &quot;SELECT DISTINCT RES.* 
       
    FROM ACT_RU_TASK RES
     
     
     
     
    
     
     
     
     WHERE  RES.PROC_INST_ID_ = ? 
   
    
     ORDER BY  ORDER[*] BY RES.ID_ ASC  
    LIMIT ? OFFSET ? &quot;; expected &quot;=, NOT, EXISTS, INTERSECTS, SELECT, FROM&quot;; SQL statement:
select distinct RES.* 
       
    from ACT_RU_TASK RES
     
     
     
     
    
     
     
     
     WHERE  RES.PROC_INST_ID_ = ? 
   
    
     order by  order by RES.ID_ asc  
    LIMIT ? OFFSET ? [42001-176]
	at org.apache.ibatis.exceptions.ExceptionFactory.wrapException(ExceptionFactory.java:30)
	at org.apache.ibatis.session.defaults.DefaultSqlSession.selectList(DefaultSqlSession.java:122)
	at org.apache.ibatis.session.defaults.DefaultSqlSession.selectList(DefaultSqlSession.java:113)
	at org.activiti.engine.impl.db.DbSqlSession.selectListWithRawParameter(DbSqlSession.java:438)
	at org.activiti.engine.impl.db.DbSqlSession.selectList(DbSqlSession.java:429)
	at org.activiti.engine.impl.persistence.entity.TaskEntityManager.findTasksByQueryCriteria(TaskEntityManager.java:135)
	at org.activiti.engine.impl.TaskQueryImpl.executeList(TaskQueryImpl.java:1256)
	at org.activiti.engine.impl.AbstractQuery.executeSingleResult(AbstractQuery.java:183)
	at org.activiti.engine.impl.AbstractQuery.execute(AbstractQuery.java:166)
	at org.activiti.engine.impl.interceptor.CommandInvoker.execute(CommandInvoker.java:24)
	at org.activiti.engine.impl.interceptor.CommandContextInterceptor.execute(CommandContextInterceptor.java:57)
	at org.activiti.engine.impl.interceptor.LogInterceptor.execute(LogInterceptor.java:37)
	at org.activiti.engine.impl.cfg.CommandExecutorImpl.execute(CommandExecutorImpl.java:40)
	at org.activiti.engine.impl.cfg.CommandExecutorImpl.execute(CommandExecutorImpl.java:35)
	at org.activiti.engine.impl.AbstractQuery.singleResult(AbstractQuery.java:129)
	at org.activiti.engine.test.bpmn.subprocess.SubProcessTest.testNestedSimpleSubprocessWithTimerOnInnerSubProcess(SubProcessTest.java:152)
	at sun.reflect.NativeMethodAccessorImpl.invoke0(Native Method)
	at sun.reflect.NativeMethodAccessorImpl.invoke(NativeMethodAccessorImpl.java:62)
	at sun.reflect.DelegatingMethodAccessorImpl.invoke(DelegatingMethodAccessorImpl.java:43)
	at java.lang.reflect.Method.invoke(Method.java:498)
	at junit.framework.TestCase.runTest(TestCase.java:176)
	at org.activiti.engine.impl.test.PvmTestCase.runTest(PvmTestCase.java:65)
	at junit.framework.TestCase.runBare(TestCase.java:141)
	at org.activiti.engine.impl.test.AbstractActivitiTestCase.runBare(AbstractActivitiTestCase.java:100)
	at junit.framework.TestResult$1.protect(TestResult.java:122)
	at junit.framework.TestResult.runProtected(TestResult.java:142)
	at junit.framework.TestResult.run(TestResult.java:125)
	at junit.framework.TestCase.run(TestCase.java:129)
	at junit.framework.TestSuite.runTest(TestSuite.java:255)
	at junit.framework.TestSuite.run(TestSuite.java:250)
	at org.junit.internal.runners.JUnit38ClassRunner.run(JUnit38ClassRunner.java:84)
	at org.apache.maven.surefire.junit4.JUnit4TestSet.execute(JUnit4TestSet.java:35)
	at org.apache.maven.surefire.junit4.JUnit4Provider.executeTestSet(JUnit4Provider.java:146)
	at org.apache.maven.surefire.junit4.JUnit4Provider.invoke(JUnit4Provider.java:97)
	at sun.reflect.NativeMethodAccessorImpl.invoke0(Native Method)
	at sun.reflect.NativeMethodAccessorImpl.invoke(NativeMethodAccessorImpl.java:62)
	at sun.reflect.DelegatingMethodAccessorImpl.invoke(DelegatingMethodAccessorImpl.java:43)
	at java.lang.reflect.Method.invoke(Method.java:498)
	at org.apache.maven.surefire.booter.ProviderFactory$ClassLoaderProxy.invoke(ProviderFactory.java:103)
	at com.sun.proxy.$Proxy0.invoke(Unknown Source)
	at org.apache.maven.surefire.booter.SurefireStarter.invokeProvider(SurefireStarter.java:145)
	at org.apache.maven.surefire.booter.SurefireStarter.runSuitesInProcess(SurefireStarter.java:87)
	at org.apache.maven.surefire.booter.ForkedBooter.main(ForkedBooter.java:69)
Caused by: org.h2.jdbc.JdbcSQLException: Syntax error in SQL statement &quot;SELECT DISTINCT RES.* 
       
    FROM ACT_RU_TASK RES
     
     
     
     
    
     
     
     
     WHERE  RES.PROC_INST_ID_ = ? 
   
    
     ORDER BY  ORDER[*] BY RES.ID_ ASC  
    LIMIT ? OFFSET ? &quot;; expected &quot;=, NOT, EXISTS, INTERSECTS, SELECT, FROM&quot;; SQL statement:
select distinct RES.* 
       
    from ACT_RU_TASK RES
     
     
     
     
    
     
     
     
     WHERE  RES.PROC_INST_ID_ = ? 
   
    
     order by  order by RES.ID_ asc  
    LIMIT ? OFFSET ? [42001-176]
	at org.h2.message.DbException.getJdbcSQLException(DbException.java:344)
	at org.h2.message.DbException.getSyntaxError(DbException.java:204)
	at org.h2.command.Parser.getSyntaxError(Parser.java:524)
	at org.h2.command.Parser.readTerm(Parser.java:2688)
	at org.h2.command.Parser.readFactor(Parser.java:2244)
	at org.h2.command.Parser.readSum(Parser.java:2231)
	at org.h2.command.Parser.readConcat(Parser.java:2201)
	at org.h2.command.Parser.readCondition(Parser.java:2051)
	at org.h2.command.Parser.readAnd(Parser.java:2023)
	at org.h2.command.Parser.readExpression(Parser.java:2015)
	at org.h2.command.Parser.parseEndOfQuery(Parser.java:1726)
	at org.h2.command.Parser.parseSelectUnionExtension(Parser.java:1706)
	at org.h2.command.Parser.parseSelectUnion(Parser.java:1675)
	at org.h2.command.Parser.parseSelect(Parser.java:1662)
	at org.h2.command.Parser.parsePrepared(Parser.java:434)
	at org.h2.command.Parser.parse(Parser.java:306)
	at org.h2.command.Parser.parse(Parser.java:282)
	at org.h2.command.Parser.prepareCommand(Parser.java:243)
	at org.h2.engine.Session.prepareLocal(Session.java:442)
	at org.h2.engine.Session.prepareCommand(Session.java:384)
	at org.h2.jdbc.JdbcConnection.prepareCommand(JdbcConnection.java:1188)
	at org.h2.jdbc.JdbcPreparedStatement.&lt;init&gt;(JdbcPreparedStatement.java:73)
	at org.h2.jdbc.JdbcConnection.prepareStatement(JdbcConnection.java:276)
	at sun.reflect.GeneratedMethodAccessor6.invoke(Unknown Source)
	at sun.reflect.DelegatingMethodAccessorImpl.invoke(DelegatingMethodAccessorImpl.java:43)
	at java.lang.reflect.Method.invoke(Method.java:498)
	at org.apache.ibatis.datasource.pooled.PooledConnection.invoke(PooledConnection.java:245)
	at com.sun.proxy.$Proxy12.prepareStatement(Unknown Source)
	at sun.reflect.GeneratedMethodAccessor6.invoke(Unknown Source)
	at sun.reflect.DelegatingMethodAccessorImpl.invoke(DelegatingMethodAccessorImpl.java:43)
	at java.lang.reflect.Method.invoke(Method.java:498)
	at org.apache.ibatis.logging.jdbc.ConnectionLogger.invoke(ConnectionLogger.java:55)
	at com.sun.proxy.$Proxy12.prepareStatement(Unknown Source)
	at org.apache.ibatis.executor.statement.PreparedStatementHandler.instantiateStatement(PreparedStatementHandler.java:79)
	at org.apache.ibatis.executor.statement.BaseStatementHandler.prepare(BaseStatementHandler.java:88)
	at org.apache.ibatis.executor.statement.RoutingStatementHandler.prepare(RoutingStatementHandler.java:58)
	at org.apache.ibatis.executor.SimpleExecutor.prepareStatement(SimpleExecutor.java:76)
	at org.apache.ibatis.executor.SimpleExecutor.doQuery(SimpleExecutor.java:61)
	at org.apache.ibatis.executor.BaseExecutor.queryFromDatabase(BaseExecutor.java:303)
	at org.apache.ibatis.executor.BaseExecutor.query(BaseExecutor.java:154)
	at org.apache.ibatis.executor.CachingExecutor.query(CachingExecutor.java:102)
	at org.apache.ibatis.executor.CachingExecutor.query(CachingExecutor.java:82)
	at org.apache.ibatis.session.defaults.DefaultSqlSession.selectList(DefaultSqlSession.java:120)
	... 41 more
10:47:09,793 [main] DEBUG org.activiti.engine.impl.test.PvmTestCase  - #### END SubProcessTest.testNestedSimpleSubprocessWithTimerOnInnerSubProcess #############################################################
10:47:09,793 [main] ERROR org.activiti.engine.impl.test.PvmTestCase  - 

10:47:09,793 [main] ERROR org.activiti.engine.impl.test.PvmTestCase  - EXCEPTION: org.apache.ibatis.exceptions.PersistenceException: 
### Error querying database.  Cause: org.h2.jdbc.JdbcSQLException: Syntax error in SQL statement &quot;SELECT DISTINCT RES.* 
       
    FROM ACT_RU_TASK RES
     
     
     
     
    
     
     
     
     WHERE  RES.PROC_INST_ID_ = ? 
   
    
     ORDER BY  ORDER[*] BY RES.ID_ ASC  
    LIMIT ? OFFSET ? &quot;; expected &quot;=, NOT, EXISTS, INTERSECTS, SELECT, FROM&quot;; SQL statement:
select distinct RES.* 
       
    from ACT_RU_TASK RES
     
     
     
     
    
     
     
     
     WHERE  RES.PROC_INST_ID_ = ? 
   
    
     order by  order by RES.ID_ asc  
    LIMIT ? OFFSET ? [42001-176]
### The error may exist in org/activiti/db/mapping/entity/Task.xml
### The error may involve org.activiti.engine.impl.persistence.entity.TaskEntity.selectTaskByQueryCriteria
### The error occurred while executing a query
### SQL: select distinct RES.*              from ACT_RU_TASK RES                                                     WHERE  RES.PROC_INST_ID_ = ?                order by  order by RES.ID_ asc       LIMIT ? OFFSET ?
### Cause: org.h2.jdbc.JdbcSQLException: Syntax error in SQL statement &quot;SELECT DISTINCT RES.* 
       
    FROM ACT_RU_TASK RES
     
     
     
     
    
     
     
     
     WHERE  RES.PROC_INST_ID_ = ? 
   
    
     ORDER BY  ORDER[*] BY RES.ID_ ASC  
    LIMIT ? OFFSET ? &quot;; expected &quot;=, NOT, EXISTS, INTERSECTS, SELECT, FROM&quot;; SQL statement:
select distinct RES.* 
       
    from ACT_RU_TASK RES
     
     
     
     
    
     
     
     
     WHERE  RES.PROC_INST_ID_ = ? 
   
    
     order by  order by RES.ID_ asc  
    LIMIT ? OFFSET ? [42001-176]
org.apache.ibatis.exceptions.PersistenceException: 
### Error querying database.  Cause: org.h2.jdbc.JdbcSQLException: Syntax error in SQL statement &quot;SELECT DISTINCT RES.* 
       
    FROM ACT_RU_TASK RES
     
     
     
     
    
     
     
     
     WHERE  RES.PROC_INST_ID_ = ? 
   
    
     ORDER BY  ORDER[*] BY RES.ID_ ASC  
    LIMIT ? OFFSET ? &quot;; expected &quot;=, NOT, EXISTS, INTERSECTS, SELECT, FROM&quot;; SQL statement:
select distinct RES.* 
       
    from ACT_RU_TASK RES
     
     
     
     
    
     
     
     
     WHERE  RES.PROC_INST_ID_ = ? 
   
    
     order by  order by RES.ID_ asc  
    LIMIT ? OFFSET ? [42001-176]
### The error may exist in org/activiti/db/mapping/entity/Task.xml
### The error may involve org.activiti.engine.impl.persistence.entity.TaskEntity.selectTaskByQueryCriteria
### The error occurred while executing a query
### SQL: select distinct RES.*              from ACT_RU_TASK RES                                                     WHERE  RES.PROC_INST_ID_ = ?                order by  order by RES.ID_ asc       LIMIT ? OFFSET ?
### Cause: org.h2.jdbc.JdbcSQLException: Syntax error in SQL statement &quot;SELECT DISTINCT RES.* 
       
    FROM ACT_RU_TASK RES
     
     
     
     
    
     
     
     
     WHERE  RES.PROC_INST_ID_ = ? 
   
    
     ORDER BY  ORDER[*] BY RES.ID_ ASC  
    LIMIT ? OFFSET ? &quot;; expected &quot;=, NOT, EXISTS, INTERSECTS, SELECT, FROM&quot;; SQL statement:
select distinct RES.* 
       
    from ACT_RU_TASK RES
     
     
     
     
    
     
     
     
     WHERE  RES.PROC_INST_ID_ = ? 
   
    
     order by  order by RES.ID_ asc  
    LIMIT ? OFFSET ? [42001-176]
	at org.apache.ibatis.exceptions.ExceptionFactory.wrapException(ExceptionFactory.java:30)
	at org.apache.ibatis.session.defaults.DefaultSqlSession.selectList(DefaultSqlSession.java:122)
	at org.apache.ibatis.session.defaults.DefaultSqlSession.selectList(DefaultSqlSession.java:113)
	at org.activiti.engine.impl.db.DbSqlSession.selectListWithRawParameter(DbSqlSession.java:438)
	at org.activiti.engine.impl.db.DbSqlSession.selectList(DbSqlSession.java:429)
	at org.activiti.engine.impl.persistence.entity.TaskEntityManager.findTasksByQueryCriteria(TaskEntityManager.java:135)
	at org.activiti.engine.impl.TaskQueryImpl.executeList(TaskQueryImpl.java:1256)
	at org.activiti.engine.impl.AbstractQuery.executeSingleResult(AbstractQuery.java:183)
	at org.activiti.engine.impl.AbstractQuery.execute(AbstractQuery.java:166)
	at org.activiti.engine.impl.interceptor.CommandInvoker.execute(CommandInvoker.java:24)
	at org.activiti.engine.impl.interceptor.CommandContextInterceptor.execute(CommandContextInterceptor.java:57)
	at org.activiti.engine.impl.interceptor.LogInterceptor.execute(LogInterceptor.java:37)
	at org.activiti.engine.impl.cfg.CommandExecutorImpl.execute(CommandExecutorImpl.java:40)
	at org.activiti.engine.impl.cfg.CommandExecutorImpl.execute(CommandExecutorImpl.java:35)
	at org.activiti.engine.impl.AbstractQuery.singleResult(AbstractQuery.java:129)
	at org.activiti.engine.test.bpmn.subprocess.SubProcessTest.testNestedSimpleSubprocessWithTimerOnInnerSubProcess(SubProcessTest.java:152)
	at sun.reflect.NativeMethodAccessorImpl.invoke0(Native Method)
	at sun.reflect.NativeMethodAccessorImpl.invoke(NativeMethodAccessorImpl.java:62)
	at sun.reflect.DelegatingMethodAccessorImpl.invoke(DelegatingMethodAccessorImpl.java:43)
	at java.lang.reflect.Method.invoke(Method.java:498)
	at junit.framework.TestCase.runTest(TestCase.java:176)
	at org.activiti.engine.impl.test.PvmTestCase.runTest(PvmTestCase.java:65)
	at junit.framework.TestCase.runBare(TestCase.java:141)
	at org.activiti.engine.impl.test.AbstractActivitiTestCase.runBare(AbstractActivitiTestCase.java:100)
	at junit.framework.TestResult$1.protect(TestResult.java:122)
	at junit.framework.TestResult.runProtected(TestResult.java:142)
	at junit.framework.TestResult.run(TestResult.java:125)
	at junit.framework.TestCase.run(TestCase.java:129)
	at junit.framework.TestSuite.runTest(TestSuite.java:255)
	at junit.framework.TestSuite.run(TestSuite.java:250)
	at org.junit.internal.runners.JUnit38ClassRunner.run(JUnit38ClassRunner.java:84)
	at org.apache.maven.surefire.junit4.JUnit4TestSet.execute(JUnit4TestSet.java:35)
	at org.apache.maven.surefire.junit4.JUnit4Provider.executeTestSet(JUnit4Provider.java:146)
	at org.apache.maven.surefire.junit4.JUnit4Provider.invoke(JUnit4Provider.java:97)
	at sun.reflect.NativeMethodAccessorImpl.invoke0(Native Method)
	at sun.reflect.NativeMethodAccessorImpl.invoke(NativeMethodAccessorImpl.java:62)
	at sun.reflect.DelegatingMethodAccessorImpl.invoke(DelegatingMethodAccessorImpl.java:43)
	at java.lang.reflect.Method.invoke(Method.java:498)
	at org.apache.maven.surefire.booter.ProviderFactory$ClassLoaderProxy.invoke(ProviderFactory.java:103)
	at com.sun.proxy.$Proxy0.invoke(Unknown Source)
	at org.apache.maven.surefire.booter.SurefireStarter.invokeProvider(SurefireStarter.java:145)
	at org.apache.maven.surefire.booter.SurefireStarter.runSuitesInProcess(SurefireStarter.java:87)
	at org.apache.maven.surefire.booter.ForkedBooter.main(ForkedBooter.java:69)
Caused by: org.h2.jdbc.JdbcSQLException: Syntax error in SQL statement &quot;SELECT DISTINCT RES.* 
       
    FROM ACT_RU_TASK RES
     
     
     
     
    
     
     
     
     WHERE  RES.PROC_INST_ID_ = ? 
   
    
     ORDER BY  ORDER[*] BY RES.ID_ ASC  
    LIMIT ? OFFSET ? &quot;; expected &quot;=, NOT, EXISTS, INTERSECTS, SELECT, FROM&quot;; SQL statement:
select distinct RES.* 
       
    from ACT_RU_TASK RES
     
     
     
     
    
     
     
     
     WHERE  RES.PROC_INST_ID_ = ? 
   
    
     order by  order by RES.ID_ asc  
    LIMIT ? OFFSET ? [42001-176]
	at org.h2.message.DbException.getJdbcSQLException(DbException.java:344)
	at org.h2.message.DbException.getSyntaxError(DbException.java:204)
	at org.h2.command.Parser.getSyntaxError(Parser.java:524)
	at org.h2.command.Parser.readTerm(Parser.java:2688)
	at org.h2.command.Parser.readFactor(Parser.java:2244)
	at org.h2.command.Parser.readSum(Parser.java:2231)
	at org.h2.command.Parser.readConcat(Parser.java:2201)
	at org.h2.command.Parser.readCondition(Parser.java:2051)
	at org.h2.command.Parser.readAnd(Parser.java:2023)
	at org.h2.command.Parser.readExpression(Parser.java:2015)
	at org.h2.command.Parser.parseEndOfQuery(Parser.java:1726)
	at org.h2.command.Parser.parseSelectUnionExtension(Parser.java:1706)
	at org.h2.command.Parser.parseSelectUnion(Parser.java:1675)
	at org.h2.command.Parser.parseSelect(Parser.java:1662)
	at org.h2.command.Parser.parsePrepared(Parser.java:434)
	at org.h2.command.Parser.parse(Parser.java:306)
	at org.h2.command.Parser.parse(Parser.java:282)
	at org.h2.command.Parser.prepareCommand(Parser.java:243)
	at org.h2.engine.Session.prepareLocal(Session.java:442)
	at org.h2.engine.Session.prepareCommand(Session.java:384)
	at org.h2.jdbc.JdbcConnection.prepareCommand(JdbcConnection.java:1188)
	at org.h2.jdbc.JdbcPreparedStatement.&lt;init&gt;(JdbcPreparedStatement.java:73)
	at org.h2.jdbc.JdbcConnection.prepareStatement(JdbcConnection.java:276)
	at sun.reflect.GeneratedMethodAccessor6.invoke(Unknown Source)
	at sun.reflect.DelegatingMethodAccessorImpl.invoke(DelegatingMethodAccessorImpl.java:43)
	at java.lang.reflect.Method.invoke(Method.java:498)
	at org.apache.ibatis.datasource.pooled.PooledConnection.invoke(PooledConnection.java:245)
	at com.sun.proxy.$Proxy12.prepareStatement(Unknown Source)
	at sun.reflect.GeneratedMethodAccessor6.invoke(Unknown Source)
	at sun.reflect.DelegatingMethodAccessorImpl.invoke(DelegatingMethodAccessorImpl.java:43)
	at java.lang.reflect.Method.invoke(Method.java:498)
	at org.apache.ibatis.logging.jdbc.ConnectionLogger.invoke(ConnectionLogger.java:55)
	at com.sun.proxy.$Proxy12.prepareStatement(Unknown Source)
	at org.apache.ibatis.executor.statement.PreparedStatementHandler.instantiateStatement(PreparedStatementHandler.java:79)
	at org.apache.ibatis.executor.statement.BaseStatementHandler.prepare(BaseStatementHandler.java:88)
	at org.apache.ibatis.executor.statement.RoutingStatementHandler.prepare(RoutingStatementHandler.java:58)
	at org.apache.ibatis.executor.SimpleExecutor.prepareStatement(SimpleExecutor.java:76)
	at org.apache.ibatis.executor.SimpleExecutor.doQuery(SimpleExecutor.java:61)
	at org.apache.ibatis.executor.BaseExecutor.queryFromDatabase(BaseExecutor.java:303)
	at org.apache.ibatis.executor.BaseExecutor.query(BaseExecutor.java:154)
	at org.apache.ibatis.executor.CachingExecutor.query(CachingExecutor.java:102)
	at org.apache.ibatis.executor.CachingExecutor.query(CachingExecutor.java:82)
	at org.apache.ibatis.session.defaults.DefaultSqlSession.selectList(DefaultSqlSession.java:120)
	... 41 more
10:47:09,793 [main] DEBUG org.activiti.engine.impl.test.TestHelper  - annotation @Deployment deletes deployment for SubProcessTest.testNestedSimpleSubprocessWithTimerOnInnerSubProcess
10:47:09,793 [main] DEBUG org.activiti.engine.impl.interceptor.LogInterceptor  - 

10:47:09,793 [main] DEBUG org.activiti.engine.impl.interceptor.LogInterceptor  - --- starting DeleteDeploymentCmd --------------------------------------------------------
10:47:09,793 [main] DEBUG org.apache.ibatis.transaction.jdbc.JdbcTransaction  - Opening JDBC Connection
10:47:09,793 [main] DEBUG org.apache.ibatis.datasource.pooled.PooledDataSource  - Checked out connection 180014677 from pool.
10:47:09,794 [main] DEBUG org.apache.ibatis.transaction.jdbc.JdbcTransaction  - Setting autocommit to false on JDBC Connection [conn3: url=jdbc:h2:mem:activiti user=SA]
10:47:09,794 [main] DEBUG org.activiti.engine.impl.persistence.entity.DeploymentEntity.selectDeploymentById  - ==&gt;  Preparing: select * from ACT_RE_DEPLOYMENT where ID_ = ? 
10:47:09,794 [main] DEBUG org.activiti.engine.impl.persistence.entity.DeploymentEntity.selectDeploymentById  - ==&gt; Parameters: 142(String)
10:47:09,794 [main] DEBUG org.activiti.engine.impl.persistence.entity.DeploymentEntity.selectDeploymentById  - &lt;==      Total: 1
10:47:09,794 [main] DEBUG org.activiti.engine.impl.persistence.entity.ProcessDefinitionEntity.selectProcessDefinitionsByQueryCriteria  - ==&gt;  Preparing: select RES.* from ACT_RE_PROCDEF RES WHERE RES.DEPLOYMENT_ID_ = ? order by order by RES.ID_ asc LIMIT ? OFFSET ? 
10:47:09,794 [main] DEBUG org.activiti.engine.impl.interceptor.CommandContext  - Error while closing command context
org.apache.ibatis.exceptions.PersistenceException: 
### Error querying database.  Cause: org.h2.jdbc.JdbcSQLException: Syntax error in SQL statement &quot;SELECT RES.* 
       
    FROM ACT_RE_PROCDEF RES
     
     WHERE  RES.DEPLOYMENT_ID_ = ? 
   
     ORDER BY  ORDER[*] BY RES.ID_ ASC  
    LIMIT ? OFFSET ? &quot;; expected &quot;=, NOT, EXISTS, INTERSECTS, SELECT, FROM&quot;; SQL statement:
select RES.* 
       
    from ACT_RE_PROCDEF RES
     
     WHERE  RES.DEPLOYMENT_ID_ = ? 
   
     order by  order by RES.ID_ asc  
    LIMIT ? OFFSET ? [42001-176]
### The error may exist in org/activiti/db/mapping/entity/ProcessDefinition.xml
### The error may involve org.activiti.engine.impl.persistence.entity.ProcessDefinitionEntity.selectProcessDefinitionsByQueryCriteria
### The error occurred while executing a query
### SQL: select RES.*              from ACT_RE_PROCDEF RES            WHERE  RES.DEPLOYMENT_ID_ = ?           order by  order by RES.ID_ asc       LIMIT ? OFFSET ?
### Cause: org.h2.jdbc.JdbcSQLException: Syntax error in SQL statement &quot;SELECT RES.* 
       
    FROM ACT_RE_PROCDEF RES
     
     WHERE  RES.DEPLOYMENT_ID_ = ? 
   
     ORDER BY  ORDER[*] BY RES.ID_ ASC  
    LIMIT ? OFFSET ? &quot;; expected &quot;=, NOT, EXISTS, INTERSECTS, SELECT, FROM&quot;; SQL statement:
select RES.* 
       
    from ACT_RE_PROCDEF RES
     
     WHERE  RES.DEPLOYMENT_ID_ = ? 
   
     order by  order by RES.ID_ asc  
    LIMIT ? OFFSET ? [42001-176]
	at org.apache.ibatis.exceptions.ExceptionFactory.wrapException(ExceptionFactory.java:30)
	at org.apache.ibatis.session.defaults.DefaultSqlSession.selectList(DefaultSqlSession.java:122)
	at org.apache.ibatis.session.defaults.DefaultSqlSession.selectList(DefaultSqlSession.java:113)
	at org.activiti.engine.impl.db.DbSqlSession.selectListWithRawParameter(DbSqlSession.java:438)
	at org.activiti.engine.impl.db.DbSqlSession.selectList(DbSqlSession.java:429)
	at org.activiti.engine.impl.db.DbSqlSession.selectList(DbSqlSession.java:419)
	at org.activiti.engine.impl.persistence.entity.ProcessDefinitionEntityManager.findProcessDefinitionsByQueryCriteria(ProcessDefinitionEntityManager.java:57)
	at org.activiti.engine.impl.ProcessDefinitionQueryImpl.executeList(ProcessDefinitionQueryImpl.java:307)
	at org.activiti.engine.impl.AbstractQuery.list(AbstractQuery.java:140)
	at org.activiti.engine.impl.persistence.deploy.DeploymentManager.removeDeployment(DeploymentManager.java:187)
	at org.activiti.engine.impl.cmd.DeleteDeploymentCmd.execute(DeleteDeploymentCmd.java:44)
	at org.activiti.engine.impl.cmd.DeleteDeploymentCmd.execute(DeleteDeploymentCmd.java:24)
	at org.activiti.engine.impl.interceptor.CommandInvoker.execute(CommandInvoker.java:24)
	at org.activiti.engine.impl.interceptor.CommandContextInterceptor.execute(CommandContextInterceptor.java:57)
	at org.activiti.engine.impl.interceptor.LogInterceptor.execute(LogInterceptor.java:37)
	at org.activiti.engine.impl.cfg.CommandExecutorImpl.execute(CommandExecutorImpl.java:40)
	at org.activiti.engine.impl.cfg.CommandExecutorImpl.execute(CommandExecutorImpl.java:35)
	at org.activiti.engine.impl.RepositoryServiceImpl.deleteDeployment(RepositoryServiceImpl.java:90)
	at org.activiti.engine.impl.test.TestHelper.annotationDeploymentTearDown(TestHelper.java:116)
	at org.activiti.engine.impl.test.AbstractActivitiTestCase.runBare(AbstractActivitiTestCase.java:116)
	at junit.framework.TestResult$1.protect(TestResult.java:122)
	at junit.framework.TestResult.runProtected(TestResult.java:142)
	at junit.framework.TestResult.run(TestResult.java:125)
	at junit.framework.TestCase.run(TestCase.java:129)
	at junit.framework.TestSuite.runTest(TestSuite.java:255)
	at junit.framework.TestSuite.run(TestSuite.java:250)
	at org.junit.internal.runners.JUnit38ClassRunner.run(JUnit38ClassRunner.java:84)
	at org.apache.maven.surefire.junit4.JUnit4TestSet.execute(JUnit4TestSet.java:35)
	at org.apache.maven.surefire.junit4.JUnit4Provider.executeTestSet(JUnit4Provider.java:146)
	at org.apache.maven.surefire.junit4.JUnit4Provider.invoke(JUnit4Provider.java:97)
	at sun.reflect.NativeMethodAccessorImpl.invoke0(Native Method)
	at sun.reflect.NativeMethodAccessorImpl.invoke(NativeMethodAccessorImpl.java:62)
	at sun.reflect.DelegatingMethodAccessorImpl.invoke(DelegatingMethodAccessorImpl.java:43)
	at java.lang.reflect.Method.invoke(Method.java:498)
	at org.apache.maven.surefire.booter.ProviderFactory$ClassLoaderProxy.invoke(ProviderFactory.java:103)
	at com.sun.proxy.$Proxy0.invoke(Unknown Source)
	at org.apache.maven.surefire.booter.SurefireStarter.invokeProvider(SurefireStarter.java:145)
	at org.apache.maven.surefire.booter.SurefireStarter.runSuitesInProcess(SurefireStarter.java:87)
	at org.apache.maven.surefire.booter.ForkedBooter.main(ForkedBooter.java:69)
Caused by: org.h2.jdbc.JdbcSQLException: Syntax error in SQL statement &quot;SELECT RES.* 
       
    FROM ACT_RE_PROCDEF RES
     
     WHERE  RES.DEPLOYMENT_ID_ = ? 
   
     ORDER BY  ORDER[*] BY RES.ID_ ASC  
    LIMIT ? OFFSET ? &quot;; expected &quot;=, NOT, EXISTS, INTERSECTS, SELECT, FROM&quot;; SQL statement:
select RES.* 
       
    from ACT_RE_PROCDEF RES
     
     WHERE  RES.DEPLOYMENT_ID_ = ? 
   
     order by  order by RES.ID_ asc  
    LIMIT ? OFFSET ? [42001-176]
	at org.h2.message.DbException.getJdbcSQLException(DbException.java:344)
	at org.h2.message.DbException.getSyntaxError(DbException.java:204)
	at org.h2.command.Parser.getSyntaxError(Parser.java:524)
	at org.h2.command.Parser.readTerm(Parser.java:2688)
	at org.h2.command.Parser.readFactor(Parser.java:2244)
	at org.h2.command.Parser.readSum(Parser.java:2231)
	at org.h2.command.Parser.readConcat(Parser.java:2201)
	at org.h2.command.Parser.readCondition(Parser.java:2051)
	at org.h2.command.Parser.readAnd(Parser.java:2023)
	at org.h2.command.Parser.readExpression(Parser.java:2015)
	at org.h2.command.Parser.parseEndOfQuery(Parser.java:1726)
	at org.h2.command.Parser.parseSelectUnionExtension(Parser.java:1706)
	at org.h2.command.Parser.parseSelectUnion(Parser.java:1675)
	at org.h2.command.Parser.parseSelect(Parser.java:1662)
	at org.h2.command.Parser.parsePrepared(Parser.java:434)
	at org.h2.command.Parser.parse(Parser.java:306)
	at org.h2.command.Parser.parse(Parser.java:282)
	at org.h2.command.Parser.prepareCommand(Parser.java:243)
	at org.h2.engine.Session.prepareLocal(Session.java:442)
	at org.h2.engine.Session.prepareCommand(Session.java:384)
	at org.h2.jdbc.JdbcConnection.prepareCommand(JdbcConnection.java:1188)
	at org.h2.jdbc.JdbcPreparedStatement.&lt;init&gt;(JdbcPreparedStatement.java:73)
	at org.h2.jdbc.JdbcConnection.prepareStatement(JdbcConnection.java:276)
	at sun.reflect.GeneratedMethodAccessor6.invoke(Unknown Source)
	at sun.reflect.DelegatingMethodAccessorImpl.invoke(DelegatingMethodAccessorImpl.java:43)
	at java.lang.reflect.Method.invoke(Method.java:498)
	at org.apache.ibatis.datasource.pooled.PooledConnection.invoke(PooledConnection.java:245)
	at com.sun.proxy.$Proxy12.prepareStatement(Unknown Source)
	at sun.reflect.GeneratedMethodAccessor6.invoke(Unknown Source)
	at sun.reflect.DelegatingMethodAccessorImpl.invoke(DelegatingMethodAccessorImpl.java:43)
	at java.lang.reflect.Method.invoke(Method.java:498)
	at org.apache.ibatis.logging.jdbc.ConnectionLogger.invoke(ConnectionLogger.java:55)
	at com.sun.proxy.$Proxy12.prepareStatement(Unknown Source)
	at org.apache.ibatis.executor.statement.PreparedStatementHandler.instantiateStatement(PreparedStatementHandler.java:79)
	at org.apache.ibatis.executor.statement.BaseStatementHandler.prepare(BaseStatementHandler.java:88)
	at org.apache.ibatis.executor.statement.RoutingStatementHandler.prepare(RoutingStatementHandler.java:58)
	at org.apache.ibatis.executor.SimpleExecutor.prepareStatement(SimpleExecutor.java:76)
	at org.apache.ibatis.executor.SimpleExecutor.doQuery(SimpleExecutor.java:61)
	at org.apache.ibatis.executor.BaseExecutor.queryFromDatabase(BaseExecutor.java:303)
	at org.apache.ibatis.executor.BaseExecutor.query(BaseExecutor.java:154)
	at org.apache.ibatis.executor.CachingExecutor.query(CachingExecutor.java:102)
	at org.apache.ibatis.executor.CachingExecutor.query(CachingExecutor.java:82)
	at org.apache.ibatis.session.defaults.DefaultSqlSession.selectList(DefaultSqlSession.java:120)
	... 37 more
10:47:09,794 [main] DEBUG org.activiti.engine.impl.cfg.standalone.StandaloneMybatisTransactionContext  - firing event rolling back...
10:47:09,794 [main] DEBUG org.activiti.engine.impl.cfg.standalone.StandaloneMybatisTransactionContext  - rolling back ibatis sql session...
10:47:09,794 [main] DEBUG org.activiti.engine.impl.cfg.standalone.StandaloneMybatisTransactionContext  - firing event rolled back...
10:47:09,794 [main] DEBUG org.apache.ibatis.transaction.jdbc.JdbcTransaction  - Resetting autocommit to true on JDBC Connection [conn3: url=jdbc:h2:mem:activiti user=SA]
10:47:09,794 [main] DEBUG org.apache.ibatis.transaction.jdbc.JdbcTransaction  - Closing JDBC Connection [conn3: url=jdbc:h2:mem:activiti user=SA]
10:47:09,794 [main] DEBUG org.apache.ibatis.datasource.pooled.PooledDataSource  - Returned connection 180014677 to pool.
10:47:09,794 [main] DEBUG org.activiti.engine.impl.interceptor.LogInterceptor  - --- DeleteDeploymentCmd finished --------------------------------------------------------
10:47:09,795 [main] DEBUG org.activiti.engine.impl.interceptor.LogInterceptor  - 

</system-out>
  </testcase>
  <testcase classname="org.activiti.engine.test.bpmn.subprocess.SubProcessTest" name="testTwoSubProcessInParallel" time="0.012">
    <error message="
### Error querying database.  Cause: org.h2.jdbc.JdbcSQLException: Syntax error in SQL statement &quot;SELECT RES.* 
       
    FROM ACT_RE_PROCDEF RES
     
     WHERE  RES.DEPLOYMENT_ID_ = ? 
   
     ORDER BY  ORDER[*] BY RES.ID_ ASC  
    LIMIT ? OFFSET ? &quot;; expected &quot;=, NOT, EXISTS, INTERSECTS, SELECT, FROM&quot;; SQL statement:
select RES.* 
       
    from ACT_RE_PROCDEF RES
     
     WHERE  RES.DEPLOYMENT_ID_ = ? 
   
     order by  order by RES.ID_ asc  
    LIMIT ? OFFSET ? [42001-176]
### The error may exist in org/activiti/db/mapping/entity/ProcessDefinition.xml
### The error may involve org.activiti.engine.impl.persistence.entity.ProcessDefinitionEntity.selectProcessDefinitionsByQueryCriteria
### The error occurred while executing a query
### SQL: select RES.*              from ACT_RE_PROCDEF RES            WHERE  RES.DEPLOYMENT_ID_ = ?           order by  order by RES.ID_ asc       LIMIT ? OFFSET ?
### Cause: org.h2.jdbc.JdbcSQLException: Syntax error in SQL statement &quot;SELECT RES.* 
       
    FROM ACT_RE_PROCDEF RES
     
     WHERE  RES.DEPLOYMENT_ID_ = ? 
   
     ORDER BY  ORDER[*] BY RES.ID_ ASC  
    LIMIT ? OFFSET ? &quot;; expected &quot;=, NOT, EXISTS, INTERSECTS, SELECT, FROM&quot;; SQL statement:
select RES.* 
       
    from ACT_RE_PROCDEF RES
     
     WHERE  RES.DEPLOYMENT_ID_ = ? 
   
     order by  order by RES.ID_ asc  
    LIMIT ? OFFSET ? [42001-176]" type="org.apache.ibatis.exceptions.PersistenceException">org.apache.ibatis.exceptions.PersistenceException: 
### Error querying database.  Cause: org.h2.jdbc.JdbcSQLException: Syntax error in SQL statement &quot;SELECT RES.* 
       
    FROM ACT_RE_PROCDEF RES
     
     WHERE  RES.DEPLOYMENT_ID_ = ? 
   
     ORDER BY  ORDER[*] BY RES.ID_ ASC  
    LIMIT ? OFFSET ? &quot;; expected &quot;=, NOT, EXISTS, INTERSECTS, SELECT, FROM&quot;; SQL statement:
select RES.* 
       
    from ACT_RE_PROCDEF RES
     
     WHERE  RES.DEPLOYMENT_ID_ = ? 
   
     order by  order by RES.ID_ asc  
    LIMIT ? OFFSET ? [42001-176]
### The error may exist in org/activiti/db/mapping/entity/ProcessDefinition.xml
### The error may involve org.activiti.engine.impl.persistence.entity.ProcessDefinitionEntity.selectProcessDefinitionsByQueryCriteria
### The error occurred while executing a query
### SQL: select RES.*              from ACT_RE_PROCDEF RES            WHERE  RES.DEPLOYMENT_ID_ = ?           order by  order by RES.ID_ asc       LIMIT ? OFFSET ?
### Cause: org.h2.jdbc.JdbcSQLException: Syntax error in SQL statement &quot;SELECT RES.* 
       
    FROM ACT_RE_PROCDEF RES
     
     WHERE  RES.DEPLOYMENT_ID_ = ? 
   
     ORDER BY  ORDER[*] BY RES.ID_ ASC  
    LIMIT ? OFFSET ? &quot;; expected &quot;=, NOT, EXISTS, INTERSECTS, SELECT, FROM&quot;; SQL statement:
select RES.* 
       
    from ACT_RE_PROCDEF RES
     
     WHERE  RES.DEPLOYMENT_ID_ = ? 
   
     order by  order by RES.ID_ asc  
    LIMIT ? OFFSET ? [42001-176]
	at org.apache.ibatis.exceptions.ExceptionFactory.wrapException(ExceptionFactory.java:30)
	at org.apache.ibatis.session.defaults.DefaultSqlSession.selectList(DefaultSqlSession.java:122)
	at org.apache.ibatis.session.defaults.DefaultSqlSession.selectList(DefaultSqlSession.java:113)
	at org.activiti.engine.impl.db.DbSqlSession.selectListWithRawParameter(DbSqlSession.java:438)
	at org.activiti.engine.impl.db.DbSqlSession.selectList(DbSqlSession.java:429)
	at org.activiti.engine.impl.db.DbSqlSession.selectList(DbSqlSession.java:419)
	at org.activiti.engine.impl.persistence.entity.ProcessDefinitionEntityManager.findProcessDefinitionsByQueryCriteria(ProcessDefinitionEntityManager.java:57)
	at org.activiti.engine.impl.ProcessDefinitionQueryImpl.executeList(ProcessDefinitionQueryImpl.java:307)
	at org.activiti.engine.impl.AbstractQuery.list(AbstractQuery.java:140)
	at org.activiti.engine.impl.persistence.deploy.DeploymentManager.removeDeployment(DeploymentManager.java:187)
	at org.activiti.engine.impl.cmd.DeleteDeploymentCmd.execute(DeleteDeploymentCmd.java:44)
	at org.activiti.engine.impl.cmd.DeleteDeploymentCmd.execute(DeleteDeploymentCmd.java:24)
	at org.activiti.engine.impl.interceptor.CommandInvoker.execute(CommandInvoker.java:24)
	at org.activiti.engine.impl.interceptor.CommandContextInterceptor.execute(CommandContextInterceptor.java:57)
	at org.activiti.engine.impl.interceptor.LogInterceptor.execute(LogInterceptor.java:37)
	at org.activiti.engine.impl.cfg.CommandExecutorImpl.execute(CommandExecutorImpl.java:40)
	at org.activiti.engine.impl.cfg.CommandExecutorImpl.execute(CommandExecutorImpl.java:35)
	at org.activiti.engine.impl.RepositoryServiceImpl.deleteDeployment(RepositoryServiceImpl.java:90)
	at org.activiti.engine.impl.test.TestHelper.annotationDeploymentTearDown(TestHelper.java:116)
	at org.activiti.engine.impl.test.AbstractActivitiTestCase.runBare(AbstractActivitiTestCase.java:116)
	at junit.framework.TestResult$1.protect(TestResult.java:122)
	at junit.framework.TestResult.runProtected(TestResult.java:142)
	at junit.framework.TestResult.run(TestResult.java:125)
	at junit.framework.TestCase.run(TestCase.java:129)
	at junit.framework.TestSuite.runTest(TestSuite.java:255)
	at junit.framework.TestSuite.run(TestSuite.java:250)
	at org.junit.internal.runners.JUnit38ClassRunner.run(JUnit38ClassRunner.java:84)
	at org.apache.maven.surefire.junit4.JUnit4TestSet.execute(JUnit4TestSet.java:35)
	at org.apache.maven.surefire.junit4.JUnit4Provider.executeTestSet(JUnit4Provider.java:146)
	at org.apache.maven.surefire.junit4.JUnit4Provider.invoke(JUnit4Provider.java:97)
	at sun.reflect.NativeMethodAccessorImpl.invoke0(Native Method)
	at sun.reflect.NativeMethodAccessorImpl.invoke(NativeMethodAccessorImpl.java:62)
	at sun.reflect.DelegatingMethodAccessorImpl.invoke(DelegatingMethodAccessorImpl.java:43)
	at java.lang.reflect.Method.invoke(Method.java:498)
	at org.apache.maven.surefire.booter.ProviderFactory$ClassLoaderProxy.invoke(ProviderFactory.java:103)
	at com.sun.proxy.$Proxy0.invoke(Unknown Source)
	at org.apache.maven.surefire.booter.SurefireStarter.invokeProvider(SurefireStarter.java:145)
	at org.apache.maven.surefire.booter.SurefireStarter.runSuitesInProcess(SurefireStarter.java:87)
	at org.apache.maven.surefire.booter.ForkedBooter.main(ForkedBooter.java:69)
Caused by: org.h2.jdbc.JdbcSQLException: Syntax error in SQL statement &quot;SELECT RES.* 
       
    FROM ACT_RE_PROCDEF RES
     
     WHERE  RES.DEPLOYMENT_ID_ = ? 
   
     ORDER BY  ORDER[*] BY RES.ID_ ASC  
    LIMIT ? OFFSET ? &quot;; expected &quot;=, NOT, EXISTS, INTERSECTS, SELECT, FROM&quot;; SQL statement:
select RES.* 
       
    from ACT_RE_PROCDEF RES
     
     WHERE  RES.DEPLOYMENT_ID_ = ? 
   
     order by  order by RES.ID_ asc  
    LIMIT ? OFFSET ? [42001-176]
	at org.h2.message.DbException.getJdbcSQLException(DbException.java:344)
	at org.h2.message.DbException.getSyntaxError(DbException.java:204)
	at org.h2.command.Parser.getSyntaxError(Parser.java:524)
	at org.h2.command.Parser.readTerm(Parser.java:2688)
	at org.h2.command.Parser.readFactor(Parser.java:2244)
	at org.h2.command.Parser.readSum(Parser.java:2231)
	at org.h2.command.Parser.readConcat(Parser.java:2201)
	at org.h2.command.Parser.readCondition(Parser.java:2051)
	at org.h2.command.Parser.readAnd(Parser.java:2023)
	at org.h2.command.Parser.readExpression(Parser.java:2015)
	at org.h2.command.Parser.parseEndOfQuery(Parser.java:1726)
	at org.h2.command.Parser.parseSelectUnionExtension(Parser.java:1706)
	at org.h2.command.Parser.parseSelectUnion(Parser.java:1675)
	at org.h2.command.Parser.parseSelect(Parser.java:1662)
	at org.h2.command.Parser.parsePrepared(Parser.java:434)
	at org.h2.command.Parser.parse(Parser.java:306)
	at org.h2.command.Parser.parse(Parser.java:282)
	at org.h2.command.Parser.prepareCommand(Parser.java:243)
	at org.h2.engine.Session.prepareLocal(Session.java:442)
	at org.h2.engine.Session.prepareCommand(Session.java:384)
	at org.h2.jdbc.JdbcConnection.prepareCommand(JdbcConnection.java:1188)
	at org.h2.jdbc.JdbcPreparedStatement.&lt;init&gt;(JdbcPreparedStatement.java:73)
	at org.h2.jdbc.JdbcConnection.prepareStatement(JdbcConnection.java:276)
	at sun.reflect.GeneratedMethodAccessor6.invoke(Unknown Source)
	at sun.reflect.DelegatingMethodAccessorImpl.invoke(DelegatingMethodAccessorImpl.java:43)
	at java.lang.reflect.Method.invoke(Method.java:498)
	at org.apache.ibatis.datasource.pooled.PooledConnection.invoke(PooledConnection.java:245)
	at com.sun.proxy.$Proxy12.prepareStatement(Unknown Source)
	at sun.reflect.GeneratedMethodAccessor6.invoke(Unknown Source)
	at sun.reflect.DelegatingMethodAccessorImpl.invoke(DelegatingMethodAccessorImpl.java:43)
	at java.lang.reflect.Method.invoke(Method.java:498)
	at org.apache.ibatis.logging.jdbc.ConnectionLogger.invoke(ConnectionLogger.java:55)
	at com.sun.proxy.$Proxy12.prepareStatement(Unknown Source)
	at org.apache.ibatis.executor.statement.PreparedStatementHandler.instantiateStatement(PreparedStatementHandler.java:79)
	at org.apache.ibatis.executor.statement.BaseStatementHandler.prepare(BaseStatementHandler.java:88)
	at org.apache.ibatis.executor.statement.RoutingStatementHandler.prepare(RoutingStatementHandler.java:58)
	at org.apache.ibatis.executor.SimpleExecutor.prepareStatement(SimpleExecutor.java:76)
	at org.apache.ibatis.executor.SimpleExecutor.doQuery(SimpleExecutor.java:61)
	at org.apache.ibatis.executor.BaseExecutor.queryFromDatabase(BaseExecutor.java:303)
	at org.apache.ibatis.executor.BaseExecutor.query(BaseExecutor.java:154)
	at org.apache.ibatis.executor.CachingExecutor.query(CachingExecutor.java:102)
	at org.apache.ibatis.executor.CachingExecutor.query(CachingExecutor.java:82)
	at org.apache.ibatis.session.defaults.DefaultSqlSession.selectList(DefaultSqlSession.java:120)
	... 37 more
</error>
    <system-out>10:47:09,795 [main] DEBUG org.activiti.engine.impl.test.TestHelper  - annotation @Deployment creates deployment for SubProcessTest.testTwoSubProcessInParallel
10:47:09,796 [main] DEBUG org.activiti.engine.impl.interceptor.LogInterceptor  - 

10:47:09,796 [main] DEBUG org.activiti.engine.impl.interceptor.LogInterceptor  - --- starting DeployCmd --------------------------------------------------------
10:47:09,796 [main] DEBUG org.activiti.engine.impl.bpmn.deployer.BpmnDeployer  - Processing deployment SubProcessTest.testTwoSubProcessInParallel
10:47:09,796 [main] INFO  org.activiti.engine.impl.bpmn.deployer.BpmnDeployer  - Processing resource org/activiti/engine/test/bpmn/subprocess/SubProcessTest.testTwoSubProcessInParallel.bpmn20.xml
10:47:09,801 [main] DEBUG org.activiti.engine.impl.bpmn.parser.handler.ProcessParseHandler  - Parsing process twoSubProcessInParallel
10:47:09,801 [main] DEBUG org.activiti.engine.impl.bpmn.parser.handler.AbstractBpmnParseHandler  - Parsing activity fork
10:47:09,801 [main] DEBUG org.activiti.engine.impl.bpmn.parser.handler.AbstractBpmnParseHandler  - Parsing activity subProcessA
10:47:09,802 [main] DEBUG org.activiti.engine.impl.bpmn.parser.handler.AbstractBpmnParseHandler  - Parsing activity subProcessATask
10:47:09,802 [main] DEBUG org.activiti.engine.impl.bpmn.parser.handler.AbstractBpmnParseHandler  - Parsing activity subProcessAStart
10:47:09,802 [main] DEBUG org.activiti.engine.impl.bpmn.parser.handler.AbstractBpmnParseHandler  - Parsing activity subProcessAEnd
10:47:09,802 [main] DEBUG org.activiti.engine.impl.bpmn.parser.handler.AbstractBpmnParseHandler  - Parsing activity taskAfterSubProcessA
10:47:09,802 [main] DEBUG org.activiti.engine.impl.bpmn.parser.handler.AbstractBpmnParseHandler  - Parsing activity subProcessB
10:47:09,802 [main] DEBUG org.activiti.engine.impl.bpmn.parser.handler.AbstractBpmnParseHandler  - Parsing activity subProcessBTask
10:47:09,802 [main] DEBUG org.activiti.engine.impl.bpmn.parser.handler.AbstractBpmnParseHandler  - Parsing activity subProcessBStart
10:47:09,802 [main] DEBUG org.activiti.engine.impl.bpmn.parser.handler.AbstractBpmnParseHandler  - Parsing activity subProcessBEnd
10:47:09,802 [main] DEBUG org.activiti.engine.impl.bpmn.parser.handler.AbstractBpmnParseHandler  - Parsing activity taskAfterSubProcessB
10:47:09,802 [main] DEBUG org.activiti.engine.impl.bpmn.parser.handler.AbstractBpmnParseHandler  - Parsing activity theStart
10:47:09,802 [main] DEBUG org.activiti.engine.impl.bpmn.parser.handler.AbstractBpmnParseHandler  - Parsing activity theEnd1
10:47:09,802 [main] DEBUG org.activiti.engine.impl.bpmn.parser.handler.AbstractBpmnParseHandler  - Parsing activity theEnd2
10:47:09,802 [main] DEBUG org.apache.ibatis.transaction.jdbc.JdbcTransaction  - Opening JDBC Connection
10:47:09,802 [main] DEBUG org.apache.ibatis.datasource.pooled.PooledDataSource  - Checked out connection 486346394 from pool.
10:47:09,802 [main] DEBUG org.apache.ibatis.transaction.jdbc.JdbcTransaction  - Setting autocommit to false on JDBC Connection [conn6: url=jdbc:h2:mem:activiti user=SA]
10:47:09,802 [main] DEBUG org.activiti.engine.impl.persistence.entity.ProcessDefinitionEntity.selectLatestProcessDefinitionByKey  - ==&gt;  Preparing: select * from ACT_RE_PROCDEF where KEY_ = ? and (TENANT_ID_ = &apos;&apos; or TENANT_ID_ is null) and VERSION_ = (select max(VERSION_) from ACT_RE_PROCDEF where KEY_ = ? and (TENANT_ID_ = &apos;&apos; or TENANT_ID_ is null)) 
10:47:09,802 [main] DEBUG org.activiti.engine.impl.persistence.entity.ProcessDefinitionEntity.selectLatestProcessDefinitionByKey  - ==&gt; Parameters: twoSubProcessInParallel(String), twoSubProcessInParallel(String)
10:47:09,802 [main] DEBUG org.activiti.engine.impl.persistence.entity.ProcessDefinitionEntity.selectLatestProcessDefinitionByKey  - &lt;==      Total: 0
10:47:09,802 [main] DEBUG org.activiti.engine.impl.persistence.entity.JobEntity.selectJobByTypeAndProcessDefinitionKeyNoTenantId  - ==&gt;  Preparing: select J.* from ACT_RU_JOB J inner join ACT_RE_PROCDEF P on J.PROC_DEF_ID_ = P.ID_ where J.HANDLER_TYPE_ = ? and P.KEY_ = ? and (P.TENANT_ID_ = &apos;&apos; or P.TENANT_ID_ is null) 
10:47:09,802 [main] DEBUG org.activiti.engine.impl.persistence.entity.JobEntity.selectJobByTypeAndProcessDefinitionKeyNoTenantId  - ==&gt; Parameters: timer-start-event(String), twoSubProcessInParallel(String)
10:47:09,802 [main] DEBUG org.activiti.engine.impl.persistence.entity.JobEntity.selectJobByTypeAndProcessDefinitionKeyNoTenantId  - &lt;==      Total: 0
10:47:09,802 [main] DEBUG org.activiti.engine.impl.persistence.entity.ProcessDefinitionInfoEntity.selectProcessDefinitionInfoByProcessDefinitionId  - ==&gt;  Preparing: select * from ACT_PROCDEF_INFO where PROC_DEF_ID_ = ? 
10:47:09,802 [main] DEBUG org.activiti.engine.impl.persistence.entity.ProcessDefinitionInfoEntity.selectProcessDefinitionInfoByProcessDefinitionId  - ==&gt; Parameters: twoSubProcessInParallel:1:158(String)
10:47:09,802 [main] DEBUG org.activiti.engine.impl.persistence.entity.ProcessDefinitionInfoEntity.selectProcessDefinitionInfoByProcessDefinitionId  - &lt;==      Total: 0
10:47:09,802 [main] DEBUG org.activiti.engine.impl.interceptor.LogInterceptor  - 

10:47:09,802 [main] DEBUG org.activiti.engine.impl.interceptor.LogInterceptor  - --- starting GetProcessDefinitionInfoCmd --------------------------------------------------------
10:47:09,802 [main] DEBUG org.activiti.engine.impl.interceptor.CommandContextInterceptor  - Valid context found. Reusing it for the current command &apos;org.activiti.engine.impl.cmd.GetProcessDefinitionInfoCmd&apos;
10:47:09,803 [main] DEBUG org.activiti.engine.impl.interceptor.LogInterceptor  - 

10:47:09,803 [main] DEBUG org.activiti.engine.impl.interceptor.LogInterceptor  - --- starting  --------------------------------------------------------
10:47:09,803 [main] DEBUG org.activiti.engine.impl.interceptor.CommandContextInterceptor  - Valid context found. Reusing it for the current command &apos;null&apos;
10:47:09,803 [main] DEBUG org.activiti.engine.impl.interceptor.LogInterceptor  - ---  finished --------------------------------------------------------
10:47:09,803 [main] DEBUG org.activiti.engine.impl.interceptor.LogInterceptor  - 

10:47:09,803 [main] DEBUG org.activiti.engine.impl.interceptor.LogInterceptor  - --- GetProcessDefinitionInfoCmd finished --------------------------------------------------------
10:47:09,803 [main] DEBUG org.activiti.engine.impl.interceptor.LogInterceptor  - 

10:47:09,803 [main] DEBUG org.activiti.engine.impl.db.DbSqlSession  -   insert ResourceEntity[id=157, name=org/activiti/engine/test/bpmn/subprocess/SubProcessTest.testTwoSubProcessInParallel.bpmn20.xml]
10:47:09,803 [main] DEBUG org.activiti.engine.impl.db.DbSqlSession  -   insert DeploymentEntity[id=156, name=SubProcessTest.testTwoSubProcessInParallel]
10:47:09,803 [main] DEBUG org.activiti.engine.impl.db.DbSqlSession  -   insert ProcessDefinitionEntity[twoSubProcessInParallel:1:158]
10:47:09,803 [main] DEBUG org.activiti.engine.impl.db.DbSqlSession  - flush summary: 3 insert, 0 update, 0 delete.
10:47:09,803 [main] DEBUG org.activiti.engine.impl.db.DbSqlSession  - now executing flush...
10:47:09,803 [main] DEBUG org.activiti.engine.impl.db.DbSqlSession  - inserting: ProcessDefinitionEntity[twoSubProcessInParallel:1:158]
10:47:09,803 [main] DEBUG org.activiti.engine.impl.persistence.entity.ProcessDefinitionEntity.insertProcessDefinition  - ==&gt;  Preparing: insert into ACT_RE_PROCDEF(ID_, REV_, CATEGORY_, NAME_, KEY_, VERSION_, DEPLOYMENT_ID_, RESOURCE_NAME_, DGRM_RESOURCE_NAME_, DESCRIPTION_, HAS_START_FORM_KEY_, HAS_GRAPHICAL_NOTATION_ , SUSPENSION_STATE_, TENANT_ID_) values (?, 1, ?, ?, ?, ?, ?, ?, ?, ?, ?, ?, ?, ?) 
10:47:09,803 [main] DEBUG org.activiti.engine.impl.persistence.entity.ProcessDefinitionEntity.insertProcessDefinition  - ==&gt; Parameters: twoSubProcessInParallel:1:158(String), Examples(String), null, twoSubProcessInParallel(String), 1(Integer), 156(String), org/activiti/engine/test/bpmn/subprocess/SubProcessTest.testTwoSubProcessInParallel.bpmn20.xml(String), null, null, false(Boolean), false(Boolean), 1(Integer), (String)
10:47:09,803 [main] DEBUG org.activiti.engine.impl.persistence.entity.ProcessDefinitionEntity.insertProcessDefinition  - &lt;==    Updates: 1
10:47:09,803 [main] DEBUG org.activiti.engine.impl.db.DbSqlSession  - inserting: DeploymentEntity[id=156, name=SubProcessTest.testTwoSubProcessInParallel]
10:47:09,803 [main] DEBUG org.activiti.engine.impl.persistence.entity.DeploymentEntity.insertDeployment  - ==&gt;  Preparing: insert into ACT_RE_DEPLOYMENT(ID_, NAME_, CATEGORY_, TENANT_ID_, DEPLOY_TIME_) values(?, ?, ?, ?, ?) 
10:47:09,803 [main] DEBUG org.activiti.engine.impl.persistence.entity.DeploymentEntity.insertDeployment  - ==&gt; Parameters: 156(String), SubProcessTest.testTwoSubProcessInParallel(String), null, (String), 2023-03-20 10:46:46.742(Timestamp)
10:47:09,803 [main] DEBUG org.activiti.engine.impl.persistence.entity.DeploymentEntity.insertDeployment  - &lt;==    Updates: 1
10:47:09,803 [main] DEBUG org.activiti.engine.impl.db.DbSqlSession  - inserting: ResourceEntity[id=157, name=org/activiti/engine/test/bpmn/subprocess/SubProcessTest.testTwoSubProcessInParallel.bpmn20.xml]
10:47:09,803 [main] DEBUG org.activiti.engine.impl.persistence.entity.ResourceEntity.insertResource  - ==&gt;  Preparing: insert into ACT_GE_BYTEARRAY(ID_, REV_, NAME_, BYTES_, DEPLOYMENT_ID_, GENERATED_) values (?, 1, ?, ?, ?, ?) 
10:47:09,803 [main] DEBUG org.activiti.engine.impl.persistence.entity.ResourceEntity.insertResource  - ==&gt; Parameters: 157(String), org/activiti/engine/test/bpmn/subprocess/SubProcessTest.testTwoSubProcessInParallel.bpmn20.xml(String), java.io.ByteArrayInputStream@7a2d6483(ByteArrayInputStream), 156(String), false(Boolean)
10:47:09,803 [main] DEBUG org.activiti.engine.impl.persistence.entity.ResourceEntity.insertResource  - &lt;==    Updates: 1
10:47:09,803 [main] DEBUG org.activiti.engine.impl.cfg.standalone.StandaloneMybatisTransactionContext  - firing event committing...
10:47:09,803 [main] DEBUG org.activiti.engine.impl.cfg.standalone.StandaloneMybatisTransactionContext  - committing the ibatis sql session...
10:47:09,803 [main] DEBUG org.apache.ibatis.transaction.jdbc.JdbcTransaction  - Committing JDBC Connection [conn6: url=jdbc:h2:mem:activiti user=SA]
10:47:09,803 [main] DEBUG org.activiti.engine.impl.cfg.standalone.StandaloneMybatisTransactionContext  - firing event committed...
10:47:09,803 [main] DEBUG org.apache.ibatis.transaction.jdbc.JdbcTransaction  - Resetting autocommit to true on JDBC Connection [conn6: url=jdbc:h2:mem:activiti user=SA]
10:47:09,803 [main] DEBUG org.apache.ibatis.transaction.jdbc.JdbcTransaction  - Closing JDBC Connection [conn6: url=jdbc:h2:mem:activiti user=SA]
10:47:09,803 [main] DEBUG org.apache.ibatis.datasource.pooled.PooledDataSource  - Returned connection 486346394 to pool.
10:47:09,803 [main] DEBUG org.activiti.engine.impl.interceptor.LogInterceptor  - --- DeployCmd finished --------------------------------------------------------
10:47:09,803 [main] DEBUG org.activiti.engine.impl.interceptor.LogInterceptor  - 

10:47:09,803 [main] DEBUG org.activiti.engine.impl.test.PvmTestCase  - 

10:47:09,803 [main] DEBUG org.activiti.engine.impl.test.PvmTestCase  - #### START SubProcessTest.testTwoSubProcessInParallel ###########################################################
10:47:09,803 [main] DEBUG org.activiti.engine.impl.interceptor.LogInterceptor  - 

10:47:09,803 [main] DEBUG org.activiti.engine.impl.interceptor.LogInterceptor  - --- starting StartProcessInstanceCmd --------------------------------------------------------
10:47:09,804 [main] DEBUG org.apache.ibatis.transaction.jdbc.JdbcTransaction  - Opening JDBC Connection
10:47:09,804 [main] DEBUG org.apache.ibatis.datasource.pooled.PooledDataSource  - Checked out connection 297240765 from pool.
10:47:09,804 [main] DEBUG org.apache.ibatis.transaction.jdbc.JdbcTransaction  - Setting autocommit to false on JDBC Connection [conn4: url=jdbc:h2:mem:activiti user=SA]
10:47:09,804 [main] DEBUG org.activiti.engine.impl.persistence.entity.ProcessDefinitionEntity.selectLatestProcessDefinitionByKey  - ==&gt;  Preparing: select * from ACT_RE_PROCDEF where KEY_ = ? and (TENANT_ID_ = &apos;&apos; or TENANT_ID_ is null) and VERSION_ = (select max(VERSION_) from ACT_RE_PROCDEF where KEY_ = ? and (TENANT_ID_ = &apos;&apos; or TENANT_ID_ is null)) 
10:47:09,804 [main] DEBUG org.activiti.engine.impl.persistence.entity.ProcessDefinitionEntity.selectLatestProcessDefinitionByKey  - ==&gt; Parameters: twoSubProcessInParallel(String), twoSubProcessInParallel(String)
10:47:09,804 [main] DEBUG org.activiti.engine.impl.persistence.entity.ProcessDefinitionEntity.selectLatestProcessDefinitionByKey  - &lt;==      Total: 1
10:47:09,804 [main] DEBUG org.activiti.engine.impl.persistence.entity.ExecutionEntity  - initializing ProcessInstance[159]
10:47:09,804 [main] DEBUG org.activiti.engine.impl.history.DefaultHistoryManager  - Current history level: FULL, level required: ACTIVITY
10:47:09,804 [main] DEBUG org.activiti.engine.impl.pvm.runtime.AtomicOperationActivityExecute  - ProcessInstance[159] executes Activity(theStart): org.activiti.engine.impl.bpmn.behavior.NoneStartEventActivityBehavior
10:47:09,804 [main] DEBUG org.activiti.engine.impl.persistence.entity.JobEntity.selectJobsByExecutionId  - ==&gt;  Preparing: select * from ACT_RU_JOB J where J.EXECUTION_ID_ = ? 
10:47:09,804 [main] DEBUG org.activiti.engine.impl.persistence.entity.JobEntity.selectJobsByExecutionId  - ==&gt; Parameters: 159(String)
10:47:09,804 [main] DEBUG org.activiti.engine.impl.persistence.entity.JobEntity.selectJobsByExecutionId  - &lt;==      Total: 0
10:47:09,804 [main] DEBUG org.activiti.engine.impl.bpmn.behavior.BpmnActivityBehavior  - Leaving activity &apos;theStart&apos;
10:47:09,804 [main] DEBUG org.activiti.engine.impl.history.DefaultHistoryManager  - Current history level: FULL, level required: ACTIVITY
10:47:09,804 [main] DEBUG org.activiti.engine.impl.pvm.runtime.AtomicOperationTransitionNotifyListenerTake  - ProcessInstance[159] takes transition (theStart)--flow1--&gt;(fork)
10:47:09,804 [main] DEBUG org.activiti.engine.impl.history.DefaultHistoryManager  - Current history level: FULL, level required: ACTIVITY
10:47:09,804 [main] DEBUG org.activiti.engine.impl.pvm.runtime.AtomicOperationActivityExecute  - ProcessInstance[159] executes Activity(fork): org.activiti.engine.impl.bpmn.behavior.ParallelGatewayActivityBehavior
10:47:09,804 [main] DEBUG org.activiti.engine.impl.persistence.entity.ExecutionEntity  - inactive concurrent executions in &apos;Activity(fork)&apos;: [ProcessInstance[159]]
10:47:09,804 [main] DEBUG org.activiti.engine.impl.persistence.entity.ExecutionEntity  - other concurrent executions: []
10:47:09,804 [main] DEBUG org.activiti.engine.impl.history.DefaultHistoryManager  - Current history level: FULL, level required: ACTIVITY
10:47:09,804 [main] DEBUG org.activiti.engine.impl.bpmn.behavior.ParallelGatewayActivityBehavior  - parallel gateway &apos;fork&apos; activates: 1 of 1 joined
10:47:09,804 [main] DEBUG org.activiti.engine.impl.persistence.entity.ExecutionEntity  - transitions to take concurrent: [(fork)--flow2--&gt;(subProcessA), (fork)--flow3--&gt;(subProcessB)]
10:47:09,804 [main] DEBUG org.activiti.engine.impl.persistence.entity.ExecutionEntity  - active concurrent executions: []
10:47:09,804 [main] DEBUG org.activiti.engine.impl.persistence.entity.ExecutionEntity  - recyclable executions for reuse: []
10:47:09,804 [main] DEBUG org.activiti.engine.impl.persistence.entity.ExecutionEntity  - Child execution ScopeExecution[162] created with parent 
10:47:09,805 [main] DEBUG org.activiti.engine.impl.persistence.entity.ExecutionEntity  - new ScopeExecution[162] with parent ProcessInstance[159] created to take transition (fork)--flow2--&gt;(subProcessA)
10:47:09,805 [main] DEBUG org.activiti.engine.impl.persistence.entity.ExecutionEntity  - Child execution ScopeExecution[163] created with parent 
10:47:09,805 [main] DEBUG org.activiti.engine.impl.persistence.entity.ExecutionEntity  - new ScopeExecution[163] with parent ProcessInstance[159] created to take transition (fork)--flow3--&gt;(subProcessB)
10:47:09,805 [main] DEBUG org.activiti.engine.impl.history.DefaultHistoryManager  - Current history level: FULL, level required: ACTIVITY
10:47:09,805 [main] DEBUG org.activiti.engine.impl.persistence.entity.HistoricActivityInstanceEntity.selectHistoricActivityInstancesByQueryCriteria  - ==&gt;  Preparing: select RES.* from ACT_HI_ACTINST RES WHERE RES.EXECUTION_ID_ = ? and RES.ACT_ID_ = ? and RES.END_TIME_ is null order by order by RES.ID_ asc LIMIT ? OFFSET ? 
10:47:09,805 [main] DEBUG org.activiti.engine.impl.interceptor.CommandContext  - Error while closing command context
org.apache.ibatis.exceptions.PersistenceException: 
### Error querying database.  Cause: org.h2.jdbc.JdbcSQLException: Syntax error in SQL statement &quot;SELECT RES.* 
     
    FROM ACT_HI_ACTINST RES
     WHERE  RES.EXECUTION_ID_ = ?
      
      
      
        AND RES.ACT_ID_ = ?
      
      
      
      
      
      
      
      
        AND RES.END_TIME_ IS NULL 
   
     ORDER BY  ORDER[*] BY RES.ID_ ASC  
    LIMIT ? OFFSET ? &quot;; expected &quot;=, NOT, EXISTS, INTERSECTS, SELECT, FROM&quot;; SQL statement:
select RES.* 
     
    from ACT_HI_ACTINST RES
     WHERE  RES.EXECUTION_ID_ = ?
      
      
      
        and RES.ACT_ID_ = ?
      
      
      
      
      
      
      
      
        and RES.END_TIME_ is null 
   
     order by  order by RES.ID_ asc  
    LIMIT ? OFFSET ? [42001-176]
### The error may exist in org/activiti/db/mapping/entity/HistoricActivityInstance.xml
### The error may involve org.activiti.engine.impl.persistence.entity.HistoricActivityInstanceEntity.selectHistoricActivityInstancesByQueryCriteria
### The error occurred while executing a query
### SQL: select RES.*            from ACT_HI_ACTINST RES      WHERE  RES.EXECUTION_ID_ = ?                              and RES.ACT_ID_ = ?                                                                 and RES.END_TIME_ is null           order by  order by RES.ID_ asc       LIMIT ? OFFSET ?
### Cause: org.h2.jdbc.JdbcSQLException: Syntax error in SQL statement &quot;SELECT RES.* 
     
    FROM ACT_HI_ACTINST RES
     WHERE  RES.EXECUTION_ID_ = ?
      
      
      
        AND RES.ACT_ID_ = ?
      
      
      
      
      
      
      
      
        AND RES.END_TIME_ IS NULL 
   
     ORDER BY  ORDER[*] BY RES.ID_ ASC  
    LIMIT ? OFFSET ? &quot;; expected &quot;=, NOT, EXISTS, INTERSECTS, SELECT, FROM&quot;; SQL statement:
select RES.* 
     
    from ACT_HI_ACTINST RES
     WHERE  RES.EXECUTION_ID_ = ?
      
      
      
        and RES.ACT_ID_ = ?
      
      
      
      
      
      
      
      
        and RES.END_TIME_ is null 
   
     order by  order by RES.ID_ asc  
    LIMIT ? OFFSET ? [42001-176]
	at org.apache.ibatis.exceptions.ExceptionFactory.wrapException(ExceptionFactory.java:30)
	at org.apache.ibatis.session.defaults.DefaultSqlSession.selectList(DefaultSqlSession.java:122)
	at org.apache.ibatis.session.defaults.DefaultSqlSession.selectList(DefaultSqlSession.java:113)
	at org.activiti.engine.impl.db.DbSqlSession.selectListWithRawParameter(DbSqlSession.java:438)
	at org.activiti.engine.impl.db.DbSqlSession.selectList(DbSqlSession.java:429)
	at org.activiti.engine.impl.db.DbSqlSession.selectList(DbSqlSession.java:419)
	at org.activiti.engine.impl.persistence.entity.HistoricActivityInstanceEntityManager.findHistoricActivityInstancesByQueryCriteria(HistoricActivityInstanceEntityManager.java:56)
	at org.activiti.engine.impl.HistoricActivityInstanceQueryImpl.executeList(HistoricActivityInstanceQueryImpl.java:70)
	at org.activiti.engine.impl.AbstractQuery.listPage(AbstractQuery.java:151)
	at org.activiti.engine.impl.history.DefaultHistoryManager.findActivityInstance(DefaultHistoryManager.java:355)
	at org.activiti.engine.impl.history.DefaultHistoryManager.recordActivityEnd(DefaultHistoryManager.java:281)
	at org.activiti.engine.impl.history.handler.ActivityInstanceEndHandler.notify(ActivityInstanceEndHandler.java:29)
	at org.activiti.engine.impl.pvm.runtime.AbstractEventAtomicOperation.execute(AbstractEventAtomicOperation.java:42)
	at org.activiti.engine.impl.interceptor.CommandContext.performOperation(CommandContext.java:97)
	at org.activiti.engine.impl.persistence.entity.ExecutionEntity.performOperationSync(ExecutionEntity.java:636)
	at org.activiti.engine.impl.persistence.entity.ExecutionEntity.performOperation(ExecutionEntity.java:629)
	at org.activiti.engine.impl.persistence.entity.ExecutionEntity.take(ExecutionEntity.java:453)
	at org.activiti.engine.impl.pvm.runtime.OutgoingExecution.take(OutgoingExecution.java:48)
	at org.activiti.engine.impl.persistence.entity.ExecutionEntity.takeAll(ExecutionEntity.java:589)
	at org.activiti.engine.impl.bpmn.behavior.ParallelGatewayActivityBehavior.execute(ParallelGatewayActivityBehavior.java:78)
	at org.activiti.engine.impl.pvm.runtime.AtomicOperationActivityExecute.execute(AtomicOperationActivityExecute.java:60)
	at org.activiti.engine.impl.interceptor.CommandContext.performOperation(CommandContext.java:97)
	at org.activiti.engine.impl.persistence.entity.ExecutionEntity.performOperationSync(ExecutionEntity.java:636)
	at org.activiti.engine.impl.persistence.entity.ExecutionEntity.performOperation(ExecutionEntity.java:629)
	at org.activiti.engine.impl.pvm.runtime.AtomicOperationTransitionNotifyListenerStart.eventNotificationsCompleted(AtomicOperationTransitionNotifyListenerStart.java:52)
	at org.activiti.engine.impl.pvm.runtime.AbstractEventAtomicOperation.execute(AbstractEventAtomicOperation.java:56)
	at org.activiti.engine.impl.interceptor.CommandContext.performOperation(CommandContext.java:97)
	at org.activiti.engine.impl.persistence.entity.ExecutionEntity.performOperationSync(ExecutionEntity.java:636)
	at org.activiti.engine.impl.persistence.entity.ExecutionEntity.performOperation(ExecutionEntity.java:629)
	at org.activiti.engine.impl.pvm.runtime.AbstractEventAtomicOperation.execute(AbstractEventAtomicOperation.java:49)
	at org.activiti.engine.impl.interceptor.CommandContext.performOperation(CommandContext.java:97)
	at org.activiti.engine.impl.persistence.entity.ExecutionEntity.performOperationSync(ExecutionEntity.java:636)
	at org.activiti.engine.impl.persistence.entity.ExecutionEntity.performOperation(ExecutionEntity.java:629)
	at org.activiti.engine.impl.pvm.runtime.AtomicOperationTransitionCreateScope.execute(AtomicOperationTransitionCreateScope.java:49)
	at org.activiti.engine.impl.interceptor.CommandContext.performOperation(CommandContext.java:97)
	at org.activiti.engine.impl.persistence.entity.ExecutionEntity.performOperationSync(ExecutionEntity.java:636)
	at org.activiti.engine.impl.persistence.entity.ExecutionEntity.performOperation(ExecutionEntity.java:629)
	at org.activiti.engine.impl.pvm.runtime.AtomicOperationTransitionNotifyListenerTake.execute(AtomicOperationTransitionNotifyListenerTake.java:80)
	at org.activiti.engine.impl.interceptor.CommandContext.performOperation(CommandContext.java:97)
	at org.activiti.engine.impl.persistence.entity.ExecutionEntity.performOperationSync(ExecutionEntity.java:636)
	at org.activiti.engine.impl.persistence.entity.ExecutionEntity.performOperation(ExecutionEntity.java:629)
	at org.activiti.engine.impl.pvm.runtime.AtomicOperationTransitionDestroyScope.execute(AtomicOperationTransitionDestroyScope.java:116)
	at org.activiti.engine.impl.interceptor.CommandContext.performOperation(CommandContext.java:97)
	at org.activiti.engine.impl.persistence.entity.ExecutionEntity.performOperationSync(ExecutionEntity.java:636)
	at org.activiti.engine.impl.persistence.entity.ExecutionEntity.performOperation(ExecutionEntity.java:629)
	at org.activiti.engine.impl.pvm.runtime.AtomicOperationTransitionNotifyListenerEnd.eventNotificationsCompleted(AtomicOperationTransitionNotifyListenerEnd.java:35)
	at org.activiti.engine.impl.pvm.runtime.AbstractEventAtomicOperation.execute(AbstractEventAtomicOperation.java:56)
	at org.activiti.engine.impl.interceptor.CommandContext.performOperation(CommandContext.java:97)
	at org.activiti.engine.impl.persistence.entity.ExecutionEntity.performOperationSync(ExecutionEntity.java:636)
	at org.activiti.engine.impl.persistence.entity.ExecutionEntity.performOperation(ExecutionEntity.java:629)
	at org.activiti.engine.impl.pvm.runtime.AbstractEventAtomicOperation.execute(AbstractEventAtomicOperation.java:49)
	at org.activiti.engine.impl.interceptor.CommandContext.performOperation(CommandContext.java:97)
	at org.activiti.engine.impl.persistence.entity.ExecutionEntity.performOperationSync(ExecutionEntity.java:636)
	at org.activiti.engine.impl.persistence.entity.ExecutionEntity.performOperation(ExecutionEntity.java:629)
	at org.activiti.engine.impl.persistence.entity.ExecutionEntity.take(ExecutionEntity.java:453)
	at org.activiti.engine.impl.persistence.entity.ExecutionEntity.take(ExecutionEntity.java:431)
	at org.activiti.engine.impl.bpmn.behavior.BpmnActivityBehavior.performOutgoingBehavior(BpmnActivityBehavior.java:140)
	at org.activiti.engine.impl.bpmn.behavior.BpmnActivityBehavior.performDefaultOutgoingBehavior(BpmnActivityBehavior.java:66)
	at org.activiti.engine.impl.bpmn.behavior.FlowNodeActivityBehavior.leave(FlowNodeActivityBehavior.java:44)
	at org.activiti.engine.impl.bpmn.behavior.FlowNodeActivityBehavior.execute(FlowNodeActivityBehavior.java:36)
	at org.activiti.engine.impl.pvm.runtime.AtomicOperationActivityExecute.execute(AtomicOperationActivityExecute.java:60)
	at org.activiti.engine.impl.interceptor.CommandContext.performOperation(CommandContext.java:97)
	at org.activiti.engine.impl.persistence.entity.ExecutionEntity.performOperationSync(ExecutionEntity.java:636)
	at org.activiti.engine.impl.persistence.entity.ExecutionEntity.performOperation(ExecutionEntity.java:629)
	at org.activiti.engine.impl.pvm.runtime.AtomicOperationProcessStartInitial.eventNotificationsCompleted(AtomicOperationProcessStartInitial.java:45)
	at org.activiti.engine.impl.pvm.runtime.AbstractEventAtomicOperation.execute(AbstractEventAtomicOperation.java:56)
	at org.activiti.engine.impl.interceptor.CommandContext.performOperation(CommandContext.java:97)
	at org.activiti.engine.impl.persistence.entity.ExecutionEntity.performOperationSync(ExecutionEntity.java:636)
	at org.activiti.engine.impl.persistence.entity.ExecutionEntity.performOperation(ExecutionEntity.java:629)
	at org.activiti.engine.impl.pvm.runtime.AtomicOperationProcessStart.eventNotificationsCompleted(AtomicOperationProcessStart.java:64)
	at org.activiti.engine.impl.pvm.runtime.AbstractEventAtomicOperation.execute(AbstractEventAtomicOperation.java:56)
	at org.activiti.engine.impl.interceptor.CommandContext.performOperation(CommandContext.java:97)
	at org.activiti.engine.impl.persistence.entity.ExecutionEntity.performOperationSync(ExecutionEntity.java:636)
	at org.activiti.engine.impl.persistence.entity.ExecutionEntity.performOperation(ExecutionEntity.java:629)
	at org.activiti.engine.impl.persistence.entity.ExecutionEntity.start(ExecutionEntity.java:381)
	at org.activiti.engine.impl.cmd.StartProcessInstanceCmd.execute(StartProcessInstanceCmd.java:110)
	at org.activiti.engine.impl.cmd.StartProcessInstanceCmd.execute(StartProcessInstanceCmd.java:37)
	at org.activiti.engine.impl.interceptor.CommandInvoker.execute(CommandInvoker.java:24)
	at org.activiti.engine.impl.interceptor.CommandContextInterceptor.execute(CommandContextInterceptor.java:57)
	at org.activiti.engine.impl.interceptor.LogInterceptor.execute(LogInterceptor.java:37)
	at org.activiti.engine.impl.cfg.CommandExecutorImpl.execute(CommandExecutorImpl.java:40)
	at org.activiti.engine.impl.cfg.CommandExecutorImpl.execute(CommandExecutorImpl.java:35)
	at org.activiti.engine.impl.RuntimeServiceImpl.startProcessInstanceByKey(RuntimeServiceImpl.java:69)
	at org.activiti.engine.test.bpmn.subprocess.SubProcessTest.testTwoSubProcessInParallel(SubProcessTest.java:238)
	at sun.reflect.NativeMethodAccessorImpl.invoke0(Native Method)
	at sun.reflect.NativeMethodAccessorImpl.invoke(NativeMethodAccessorImpl.java:62)
	at sun.reflect.DelegatingMethodAccessorImpl.invoke(DelegatingMethodAccessorImpl.java:43)
	at java.lang.reflect.Method.invoke(Method.java:498)
	at junit.framework.TestCase.runTest(TestCase.java:176)
	at org.activiti.engine.impl.test.PvmTestCase.runTest(PvmTestCase.java:65)
	at junit.framework.TestCase.runBare(TestCase.java:141)
	at org.activiti.engine.impl.test.AbstractActivitiTestCase.runBare(AbstractActivitiTestCase.java:100)
	at junit.framework.TestResult$1.protect(TestResult.java:122)
	at junit.framework.TestResult.runProtected(TestResult.java:142)
	at junit.framework.TestResult.run(TestResult.java:125)
	at junit.framework.TestCase.run(TestCase.java:129)
	at junit.framework.TestSuite.runTest(TestSuite.java:255)
	at junit.framework.TestSuite.run(TestSuite.java:250)
	at org.junit.internal.runners.JUnit38ClassRunner.run(JUnit38ClassRunner.java:84)
	at org.apache.maven.surefire.junit4.JUnit4TestSet.execute(JUnit4TestSet.java:35)
	at org.apache.maven.surefire.junit4.JUnit4Provider.executeTestSet(JUnit4Provider.java:146)
	at org.apache.maven.surefire.junit4.JUnit4Provider.invoke(JUnit4Provider.java:97)
	at sun.reflect.NativeMethodAccessorImpl.invoke0(Native Method)
	at sun.reflect.NativeMethodAccessorImpl.invoke(NativeMethodAccessorImpl.java:62)
	at sun.reflect.DelegatingMethodAccessorImpl.invoke(DelegatingMethodAccessorImpl.java:43)
	at java.lang.reflect.Method.invoke(Method.java:498)
	at org.apache.maven.surefire.booter.ProviderFactory$ClassLoaderProxy.invoke(ProviderFactory.java:103)
	at com.sun.proxy.$Proxy0.invoke(Unknown Source)
	at org.apache.maven.surefire.booter.SurefireStarter.invokeProvider(SurefireStarter.java:145)
	at org.apache.maven.surefire.booter.SurefireStarter.runSuitesInProcess(SurefireStarter.java:87)
	at org.apache.maven.surefire.booter.ForkedBooter.main(ForkedBooter.java:69)
Caused by: org.h2.jdbc.JdbcSQLException: Syntax error in SQL statement &quot;SELECT RES.* 
     
    FROM ACT_HI_ACTINST RES
     WHERE  RES.EXECUTION_ID_ = ?
      
      
      
        AND RES.ACT_ID_ = ?
      
      
      
      
      
      
      
      
        AND RES.END_TIME_ IS NULL 
   
     ORDER BY  ORDER[*] BY RES.ID_ ASC  
    LIMIT ? OFFSET ? &quot;; expected &quot;=, NOT, EXISTS, INTERSECTS, SELECT, FROM&quot;; SQL statement:
select RES.* 
     
    from ACT_HI_ACTINST RES
     WHERE  RES.EXECUTION_ID_ = ?
      
      
      
        and RES.ACT_ID_ = ?
      
      
      
      
      
      
      
      
        and RES.END_TIME_ is null 
   
     order by  order by RES.ID_ asc  
    LIMIT ? OFFSET ? [42001-176]
	at org.h2.message.DbException.getJdbcSQLException(DbException.java:344)
	at org.h2.message.DbException.getSyntaxError(DbException.java:204)
	at org.h2.command.Parser.getSyntaxError(Parser.java:524)
	at org.h2.command.Parser.readTerm(Parser.java:2688)
	at org.h2.command.Parser.readFactor(Parser.java:2244)
	at org.h2.command.Parser.readSum(Parser.java:2231)
	at org.h2.command.Parser.readConcat(Parser.java:2201)
	at org.h2.command.Parser.readCondition(Parser.java:2051)
	at org.h2.command.Parser.readAnd(Parser.java:2023)
	at org.h2.command.Parser.readExpression(Parser.java:2015)
	at org.h2.command.Parser.parseEndOfQuery(Parser.java:1726)
	at org.h2.command.Parser.parseSelectUnionExtension(Parser.java:1706)
	at org.h2.command.Parser.parseSelectUnion(Parser.java:1675)
	at org.h2.command.Parser.parseSelect(Parser.java:1662)
	at org.h2.command.Parser.parsePrepared(Parser.java:434)
	at org.h2.command.Parser.parse(Parser.java:306)
	at org.h2.command.Parser.parse(Parser.java:282)
	at org.h2.command.Parser.prepareCommand(Parser.java:243)
	at org.h2.engine.Session.prepareLocal(Session.java:442)
	at org.h2.engine.Session.prepareCommand(Session.java:384)
	at org.h2.jdbc.JdbcConnection.prepareCommand(JdbcConnection.java:1188)
	at org.h2.jdbc.JdbcPreparedStatement.&lt;init&gt;(JdbcPreparedStatement.java:73)
	at org.h2.jdbc.JdbcConnection.prepareStatement(JdbcConnection.java:276)
	at sun.reflect.GeneratedMethodAccessor6.invoke(Unknown Source)
	at sun.reflect.DelegatingMethodAccessorImpl.invoke(DelegatingMethodAccessorImpl.java:43)
	at java.lang.reflect.Method.invoke(Method.java:498)
	at org.apache.ibatis.datasource.pooled.PooledConnection.invoke(PooledConnection.java:245)
	at com.sun.proxy.$Proxy12.prepareStatement(Unknown Source)
	at sun.reflect.GeneratedMethodAccessor6.invoke(Unknown Source)
	at sun.reflect.DelegatingMethodAccessorImpl.invoke(DelegatingMethodAccessorImpl.java:43)
	at java.lang.reflect.Method.invoke(Method.java:498)
	at org.apache.ibatis.logging.jdbc.ConnectionLogger.invoke(ConnectionLogger.java:55)
	at com.sun.proxy.$Proxy12.prepareStatement(Unknown Source)
	at org.apache.ibatis.executor.statement.PreparedStatementHandler.instantiateStatement(PreparedStatementHandler.java:79)
	at org.apache.ibatis.executor.statement.BaseStatementHandler.prepare(BaseStatementHandler.java:88)
	at org.apache.ibatis.executor.statement.RoutingStatementHandler.prepare(RoutingStatementHandler.java:58)
	at org.apache.ibatis.executor.SimpleExecutor.prepareStatement(SimpleExecutor.java:76)
	at org.apache.ibatis.executor.SimpleExecutor.doQuery(SimpleExecutor.java:61)
	at org.apache.ibatis.executor.BaseExecutor.queryFromDatabase(BaseExecutor.java:303)
	at org.apache.ibatis.executor.BaseExecutor.query(BaseExecutor.java:154)
	at org.apache.ibatis.executor.CachingExecutor.query(CachingExecutor.java:102)
	at org.apache.ibatis.executor.CachingExecutor.query(CachingExecutor.java:82)
	at org.apache.ibatis.session.defaults.DefaultSqlSession.selectList(DefaultSqlSession.java:120)
	... 109 more
10:47:09,805 [main] DEBUG org.activiti.engine.impl.cfg.standalone.StandaloneMybatisTransactionContext  - firing event rolling back...
10:47:09,805 [main] DEBUG org.activiti.engine.impl.cfg.standalone.StandaloneMybatisTransactionContext  - rolling back ibatis sql session...
10:47:09,805 [main] DEBUG org.activiti.engine.impl.cfg.standalone.StandaloneMybatisTransactionContext  - firing event rolled back...
10:47:09,805 [main] DEBUG org.apache.ibatis.transaction.jdbc.JdbcTransaction  - Resetting autocommit to true on JDBC Connection [conn4: url=jdbc:h2:mem:activiti user=SA]
10:47:09,805 [main] DEBUG org.apache.ibatis.transaction.jdbc.JdbcTransaction  - Closing JDBC Connection [conn4: url=jdbc:h2:mem:activiti user=SA]
10:47:09,805 [main] DEBUG org.apache.ibatis.datasource.pooled.PooledDataSource  - Returned connection 297240765 to pool.
10:47:09,806 [main] DEBUG org.activiti.engine.impl.interceptor.LogInterceptor  - --- StartProcessInstanceCmd finished --------------------------------------------------------
10:47:09,806 [main] DEBUG org.activiti.engine.impl.interceptor.LogInterceptor  - 

10:47:09,806 [main] ERROR org.activiti.engine.impl.test.PvmTestCase  - 

10:47:09,806 [main] ERROR org.activiti.engine.impl.test.PvmTestCase  - EXCEPTION: org.apache.ibatis.exceptions.PersistenceException: 
### Error querying database.  Cause: org.h2.jdbc.JdbcSQLException: Syntax error in SQL statement &quot;SELECT RES.* 
     
    FROM ACT_HI_ACTINST RES
     WHERE  RES.EXECUTION_ID_ = ?
      
      
      
        AND RES.ACT_ID_ = ?
      
      
      
      
      
      
      
      
        AND RES.END_TIME_ IS NULL 
   
     ORDER BY  ORDER[*] BY RES.ID_ ASC  
    LIMIT ? OFFSET ? &quot;; expected &quot;=, NOT, EXISTS, INTERSECTS, SELECT, FROM&quot;; SQL statement:
select RES.* 
     
    from ACT_HI_ACTINST RES
     WHERE  RES.EXECUTION_ID_ = ?
      
      
      
        and RES.ACT_ID_ = ?
      
      
      
      
      
      
      
      
        and RES.END_TIME_ is null 
   
     order by  order by RES.ID_ asc  
    LIMIT ? OFFSET ? [42001-176]
### The error may exist in org/activiti/db/mapping/entity/HistoricActivityInstance.xml
### The error may involve org.activiti.engine.impl.persistence.entity.HistoricActivityInstanceEntity.selectHistoricActivityInstancesByQueryCriteria
### The error occurred while executing a query
### SQL: select RES.*            from ACT_HI_ACTINST RES      WHERE  RES.EXECUTION_ID_ = ?                              and RES.ACT_ID_ = ?                                                                 and RES.END_TIME_ is null           order by  order by RES.ID_ asc       LIMIT ? OFFSET ?
### Cause: org.h2.jdbc.JdbcSQLException: Syntax error in SQL statement &quot;SELECT RES.* 
     
    FROM ACT_HI_ACTINST RES
     WHERE  RES.EXECUTION_ID_ = ?
      
      
      
        AND RES.ACT_ID_ = ?
      
      
      
      
      
      
      
      
        AND RES.END_TIME_ IS NULL 
   
     ORDER BY  ORDER[*] BY RES.ID_ ASC  
    LIMIT ? OFFSET ? &quot;; expected &quot;=, NOT, EXISTS, INTERSECTS, SELECT, FROM&quot;; SQL statement:
select RES.* 
     
    from ACT_HI_ACTINST RES
     WHERE  RES.EXECUTION_ID_ = ?
      
      
      
        and RES.ACT_ID_ = ?
      
      
      
      
      
      
      
      
        and RES.END_TIME_ is null 
   
     order by  order by RES.ID_ asc  
    LIMIT ? OFFSET ? [42001-176]
org.apache.ibatis.exceptions.PersistenceException: 
### Error querying database.  Cause: org.h2.jdbc.JdbcSQLException: Syntax error in SQL statement &quot;SELECT RES.* 
     
    FROM ACT_HI_ACTINST RES
     WHERE  RES.EXECUTION_ID_ = ?
      
      
      
        AND RES.ACT_ID_ = ?
      
      
      
      
      
      
      
      
        AND RES.END_TIME_ IS NULL 
   
     ORDER BY  ORDER[*] BY RES.ID_ ASC  
    LIMIT ? OFFSET ? &quot;; expected &quot;=, NOT, EXISTS, INTERSECTS, SELECT, FROM&quot;; SQL statement:
select RES.* 
     
    from ACT_HI_ACTINST RES
     WHERE  RES.EXECUTION_ID_ = ?
      
      
      
        and RES.ACT_ID_ = ?
      
      
      
      
      
      
      
      
        and RES.END_TIME_ is null 
   
     order by  order by RES.ID_ asc  
    LIMIT ? OFFSET ? [42001-176]
### The error may exist in org/activiti/db/mapping/entity/HistoricActivityInstance.xml
### The error may involve org.activiti.engine.impl.persistence.entity.HistoricActivityInstanceEntity.selectHistoricActivityInstancesByQueryCriteria
### The error occurred while executing a query
### SQL: select RES.*            from ACT_HI_ACTINST RES      WHERE  RES.EXECUTION_ID_ = ?                              and RES.ACT_ID_ = ?                                                                 and RES.END_TIME_ is null           order by  order by RES.ID_ asc       LIMIT ? OFFSET ?
### Cause: org.h2.jdbc.JdbcSQLException: Syntax error in SQL statement &quot;SELECT RES.* 
     
    FROM ACT_HI_ACTINST RES
     WHERE  RES.EXECUTION_ID_ = ?
      
      
      
        AND RES.ACT_ID_ = ?
      
      
      
      
      
      
      
      
        AND RES.END_TIME_ IS NULL 
   
     ORDER BY  ORDER[*] BY RES.ID_ ASC  
    LIMIT ? OFFSET ? &quot;; expected &quot;=, NOT, EXISTS, INTERSECTS, SELECT, FROM&quot;; SQL statement:
select RES.* 
     
    from ACT_HI_ACTINST RES
     WHERE  RES.EXECUTION_ID_ = ?
      
      
      
        and RES.ACT_ID_ = ?
      
      
      
      
      
      
      
      
        and RES.END_TIME_ is null 
   
     order by  order by RES.ID_ asc  
    LIMIT ? OFFSET ? [42001-176]
	at org.apache.ibatis.exceptions.ExceptionFactory.wrapException(ExceptionFactory.java:30)
	at org.apache.ibatis.session.defaults.DefaultSqlSession.selectList(DefaultSqlSession.java:122)
	at org.apache.ibatis.session.defaults.DefaultSqlSession.selectList(DefaultSqlSession.java:113)
	at org.activiti.engine.impl.db.DbSqlSession.selectListWithRawParameter(DbSqlSession.java:438)
	at org.activiti.engine.impl.db.DbSqlSession.selectList(DbSqlSession.java:429)
	at org.activiti.engine.impl.db.DbSqlSession.selectList(DbSqlSession.java:419)
	at org.activiti.engine.impl.persistence.entity.HistoricActivityInstanceEntityManager.findHistoricActivityInstancesByQueryCriteria(HistoricActivityInstanceEntityManager.java:56)
	at org.activiti.engine.impl.HistoricActivityInstanceQueryImpl.executeList(HistoricActivityInstanceQueryImpl.java:70)
	at org.activiti.engine.impl.AbstractQuery.listPage(AbstractQuery.java:151)
	at org.activiti.engine.impl.history.DefaultHistoryManager.findActivityInstance(DefaultHistoryManager.java:355)
	at org.activiti.engine.impl.history.DefaultHistoryManager.recordActivityEnd(DefaultHistoryManager.java:281)
	at org.activiti.engine.impl.history.handler.ActivityInstanceEndHandler.notify(ActivityInstanceEndHandler.java:29)
	at org.activiti.engine.impl.pvm.runtime.AbstractEventAtomicOperation.execute(AbstractEventAtomicOperation.java:42)
	at org.activiti.engine.impl.interceptor.CommandContext.performOperation(CommandContext.java:97)
	at org.activiti.engine.impl.persistence.entity.ExecutionEntity.performOperationSync(ExecutionEntity.java:636)
	at org.activiti.engine.impl.persistence.entity.ExecutionEntity.performOperation(ExecutionEntity.java:629)
	at org.activiti.engine.impl.persistence.entity.ExecutionEntity.take(ExecutionEntity.java:453)
	at org.activiti.engine.impl.pvm.runtime.OutgoingExecution.take(OutgoingExecution.java:48)
	at org.activiti.engine.impl.persistence.entity.ExecutionEntity.takeAll(ExecutionEntity.java:589)
	at org.activiti.engine.impl.bpmn.behavior.ParallelGatewayActivityBehavior.execute(ParallelGatewayActivityBehavior.java:78)
	at org.activiti.engine.impl.pvm.runtime.AtomicOperationActivityExecute.execute(AtomicOperationActivityExecute.java:60)
	at org.activiti.engine.impl.interceptor.CommandContext.performOperation(CommandContext.java:97)
	at org.activiti.engine.impl.persistence.entity.ExecutionEntity.performOperationSync(ExecutionEntity.java:636)
	at org.activiti.engine.impl.persistence.entity.ExecutionEntity.performOperation(ExecutionEntity.java:629)
	at org.activiti.engine.impl.pvm.runtime.AtomicOperationTransitionNotifyListenerStart.eventNotificationsCompleted(AtomicOperationTransitionNotifyListenerStart.java:52)
	at org.activiti.engine.impl.pvm.runtime.AbstractEventAtomicOperation.execute(AbstractEventAtomicOperation.java:56)
	at org.activiti.engine.impl.interceptor.CommandContext.performOperation(CommandContext.java:97)
	at org.activiti.engine.impl.persistence.entity.ExecutionEntity.performOperationSync(ExecutionEntity.java:636)
	at org.activiti.engine.impl.persistence.entity.ExecutionEntity.performOperation(ExecutionEntity.java:629)
	at org.activiti.engine.impl.pvm.runtime.AbstractEventAtomicOperation.execute(AbstractEventAtomicOperation.java:49)
	at org.activiti.engine.impl.interceptor.CommandContext.performOperation(CommandContext.java:97)
	at org.activiti.engine.impl.persistence.entity.ExecutionEntity.performOperationSync(ExecutionEntity.java:636)
	at org.activiti.engine.impl.persistence.entity.ExecutionEntity.performOperation(ExecutionEntity.java:629)
	at org.activiti.engine.impl.pvm.runtime.AtomicOperationTransitionCreateScope.execute(AtomicOperationTransitionCreateScope.java:49)
	at org.activiti.engine.impl.interceptor.CommandContext.performOperation(CommandContext.java:97)
	at org.activiti.engine.impl.persistence.entity.ExecutionEntity.performOperationSync(ExecutionEntity.java:636)
	at org.activiti.engine.impl.persistence.entity.ExecutionEntity.performOperation(ExecutionEntity.java:629)
	at org.activiti.engine.impl.pvm.runtime.AtomicOperationTransitionNotifyListenerTake.execute(AtomicOperationTransitionNotifyListenerTake.java:80)
	at org.activiti.engine.impl.interceptor.CommandContext.performOperation(CommandContext.java:97)
	at org.activiti.engine.impl.persistence.entity.ExecutionEntity.performOperationSync(ExecutionEntity.java:636)
	at org.activiti.engine.impl.persistence.entity.ExecutionEntity.performOperation(ExecutionEntity.java:629)
	at org.activiti.engine.impl.pvm.runtime.AtomicOperationTransitionDestroyScope.execute(AtomicOperationTransitionDestroyScope.java:116)
	at org.activiti.engine.impl.interceptor.CommandContext.performOperation(CommandContext.java:97)
	at org.activiti.engine.impl.persistence.entity.ExecutionEntity.performOperationSync(ExecutionEntity.java:636)
	at org.activiti.engine.impl.persistence.entity.ExecutionEntity.performOperation(ExecutionEntity.java:629)
	at org.activiti.engine.impl.pvm.runtime.AtomicOperationTransitionNotifyListenerEnd.eventNotificationsCompleted(AtomicOperationTransitionNotifyListenerEnd.java:35)
	at org.activiti.engine.impl.pvm.runtime.AbstractEventAtomicOperation.execute(AbstractEventAtomicOperation.java:56)
	at org.activiti.engine.impl.interceptor.CommandContext.performOperation(CommandContext.java:97)
	at org.activiti.engine.impl.persistence.entity.ExecutionEntity.performOperationSync(ExecutionEntity.java:636)
	at org.activiti.engine.impl.persistence.entity.ExecutionEntity.performOperation(ExecutionEntity.java:629)
	at org.activiti.engine.impl.pvm.runtime.AbstractEventAtomicOperation.execute(AbstractEventAtomicOperation.java:49)
	at org.activiti.engine.impl.interceptor.CommandContext.performOperation(CommandContext.java:97)
	at org.activiti.engine.impl.persistence.entity.ExecutionEntity.performOperationSync(ExecutionEntity.java:636)
	at org.activiti.engine.impl.persistence.entity.ExecutionEntity.performOperation(ExecutionEntity.java:629)
	at org.activiti.engine.impl.persistence.entity.ExecutionEntity.take(ExecutionEntity.java:453)
	at org.activiti.engine.impl.persistence.entity.ExecutionEntity.take(ExecutionEntity.java:431)
	at org.activiti.engine.impl.bpmn.behavior.BpmnActivityBehavior.performOutgoingBehavior(BpmnActivityBehavior.java:140)
	at org.activiti.engine.impl.bpmn.behavior.BpmnActivityBehavior.performDefaultOutgoingBehavior(BpmnActivityBehavior.java:66)
	at org.activiti.engine.impl.bpmn.behavior.FlowNodeActivityBehavior.leave(FlowNodeActivityBehavior.java:44)
	at org.activiti.engine.impl.bpmn.behavior.FlowNodeActivityBehavior.execute(FlowNodeActivityBehavior.java:36)
	at org.activiti.engine.impl.pvm.runtime.AtomicOperationActivityExecute.execute(AtomicOperationActivityExecute.java:60)
	at org.activiti.engine.impl.interceptor.CommandContext.performOperation(CommandContext.java:97)
	at org.activiti.engine.impl.persistence.entity.ExecutionEntity.performOperationSync(ExecutionEntity.java:636)
	at org.activiti.engine.impl.persistence.entity.ExecutionEntity.performOperation(ExecutionEntity.java:629)
	at org.activiti.engine.impl.pvm.runtime.AtomicOperationProcessStartInitial.eventNotificationsCompleted(AtomicOperationProcessStartInitial.java:45)
	at org.activiti.engine.impl.pvm.runtime.AbstractEventAtomicOperation.execute(AbstractEventAtomicOperation.java:56)
	at org.activiti.engine.impl.interceptor.CommandContext.performOperation(CommandContext.java:97)
	at org.activiti.engine.impl.persistence.entity.ExecutionEntity.performOperationSync(ExecutionEntity.java:636)
	at org.activiti.engine.impl.persistence.entity.ExecutionEntity.performOperation(ExecutionEntity.java:629)
	at org.activiti.engine.impl.pvm.runtime.AtomicOperationProcessStart.eventNotificationsCompleted(AtomicOperationProcessStart.java:64)
	at org.activiti.engine.impl.pvm.runtime.AbstractEventAtomicOperation.execute(AbstractEventAtomicOperation.java:56)
	at org.activiti.engine.impl.interceptor.CommandContext.performOperation(CommandContext.java:97)
	at org.activiti.engine.impl.persistence.entity.ExecutionEntity.performOperationSync(ExecutionEntity.java:636)
	at org.activiti.engine.impl.persistence.entity.ExecutionEntity.performOperation(ExecutionEntity.java:629)
	at org.activiti.engine.impl.persistence.entity.ExecutionEntity.start(ExecutionEntity.java:381)
	at org.activiti.engine.impl.cmd.StartProcessInstanceCmd.execute(StartProcessInstanceCmd.java:110)
	at org.activiti.engine.impl.cmd.StartProcessInstanceCmd.execute(StartProcessInstanceCmd.java:37)
	at org.activiti.engine.impl.interceptor.CommandInvoker.execute(CommandInvoker.java:24)
	at org.activiti.engine.impl.interceptor.CommandContextInterceptor.execute(CommandContextInterceptor.java:57)
	at org.activiti.engine.impl.interceptor.LogInterceptor.execute(LogInterceptor.java:37)
	at org.activiti.engine.impl.cfg.CommandExecutorImpl.execute(CommandExecutorImpl.java:40)
	at org.activiti.engine.impl.cfg.CommandExecutorImpl.execute(CommandExecutorImpl.java:35)
	at org.activiti.engine.impl.RuntimeServiceImpl.startProcessInstanceByKey(RuntimeServiceImpl.java:69)
	at org.activiti.engine.test.bpmn.subprocess.SubProcessTest.testTwoSubProcessInParallel(SubProcessTest.java:238)
	at sun.reflect.NativeMethodAccessorImpl.invoke0(Native Method)
	at sun.reflect.NativeMethodAccessorImpl.invoke(NativeMethodAccessorImpl.java:62)
	at sun.reflect.DelegatingMethodAccessorImpl.invoke(DelegatingMethodAccessorImpl.java:43)
	at java.lang.reflect.Method.invoke(Method.java:498)
	at junit.framework.TestCase.runTest(TestCase.java:176)
	at org.activiti.engine.impl.test.PvmTestCase.runTest(PvmTestCase.java:65)
	at junit.framework.TestCase.runBare(TestCase.java:141)
	at org.activiti.engine.impl.test.AbstractActivitiTestCase.runBare(AbstractActivitiTestCase.java:100)
	at junit.framework.TestResult$1.protect(TestResult.java:122)
	at junit.framework.TestResult.runProtected(TestResult.java:142)
	at junit.framework.TestResult.run(TestResult.java:125)
	at junit.framework.TestCase.run(TestCase.java:129)
	at junit.framework.TestSuite.runTest(TestSuite.java:255)
	at junit.framework.TestSuite.run(TestSuite.java:250)
	at org.junit.internal.runners.JUnit38ClassRunner.run(JUnit38ClassRunner.java:84)
	at org.apache.maven.surefire.junit4.JUnit4TestSet.execute(JUnit4TestSet.java:35)
	at org.apache.maven.surefire.junit4.JUnit4Provider.executeTestSet(JUnit4Provider.java:146)
	at org.apache.maven.surefire.junit4.JUnit4Provider.invoke(JUnit4Provider.java:97)
	at sun.reflect.NativeMethodAccessorImpl.invoke0(Native Method)
	at sun.reflect.NativeMethodAccessorImpl.invoke(NativeMethodAccessorImpl.java:62)
	at sun.reflect.DelegatingMethodAccessorImpl.invoke(DelegatingMethodAccessorImpl.java:43)
	at java.lang.reflect.Method.invoke(Method.java:498)
	at org.apache.maven.surefire.booter.ProviderFactory$ClassLoaderProxy.invoke(ProviderFactory.java:103)
	at com.sun.proxy.$Proxy0.invoke(Unknown Source)
	at org.apache.maven.surefire.booter.SurefireStarter.invokeProvider(SurefireStarter.java:145)
	at org.apache.maven.surefire.booter.SurefireStarter.runSuitesInProcess(SurefireStarter.java:87)
	at org.apache.maven.surefire.booter.ForkedBooter.main(ForkedBooter.java:69)
Caused by: org.h2.jdbc.JdbcSQLException: Syntax error in SQL statement &quot;SELECT RES.* 
     
    FROM ACT_HI_ACTINST RES
     WHERE  RES.EXECUTION_ID_ = ?
      
      
      
        AND RES.ACT_ID_ = ?
      
      
      
      
      
      
      
      
        AND RES.END_TIME_ IS NULL 
   
     ORDER BY  ORDER[*] BY RES.ID_ ASC  
    LIMIT ? OFFSET ? &quot;; expected &quot;=, NOT, EXISTS, INTERSECTS, SELECT, FROM&quot;; SQL statement:
select RES.* 
     
    from ACT_HI_ACTINST RES
     WHERE  RES.EXECUTION_ID_ = ?
      
      
      
        and RES.ACT_ID_ = ?
      
      
      
      
      
      
      
      
        and RES.END_TIME_ is null 
   
     order by  order by RES.ID_ asc  
    LIMIT ? OFFSET ? [42001-176]
	at org.h2.message.DbException.getJdbcSQLException(DbException.java:344)
	at org.h2.message.DbException.getSyntaxError(DbException.java:204)
	at org.h2.command.Parser.getSyntaxError(Parser.java:524)
	at org.h2.command.Parser.readTerm(Parser.java:2688)
	at org.h2.command.Parser.readFactor(Parser.java:2244)
	at org.h2.command.Parser.readSum(Parser.java:2231)
	at org.h2.command.Parser.readConcat(Parser.java:2201)
	at org.h2.command.Parser.readCondition(Parser.java:2051)
	at org.h2.command.Parser.readAnd(Parser.java:2023)
	at org.h2.command.Parser.readExpression(Parser.java:2015)
	at org.h2.command.Parser.parseEndOfQuery(Parser.java:1726)
	at org.h2.command.Parser.parseSelectUnionExtension(Parser.java:1706)
	at org.h2.command.Parser.parseSelectUnion(Parser.java:1675)
	at org.h2.command.Parser.parseSelect(Parser.java:1662)
	at org.h2.command.Parser.parsePrepared(Parser.java:434)
	at org.h2.command.Parser.parse(Parser.java:306)
	at org.h2.command.Parser.parse(Parser.java:282)
	at org.h2.command.Parser.prepareCommand(Parser.java:243)
	at org.h2.engine.Session.prepareLocal(Session.java:442)
	at org.h2.engine.Session.prepareCommand(Session.java:384)
	at org.h2.jdbc.JdbcConnection.prepareCommand(JdbcConnection.java:1188)
	at org.h2.jdbc.JdbcPreparedStatement.&lt;init&gt;(JdbcPreparedStatement.java:73)
	at org.h2.jdbc.JdbcConnection.prepareStatement(JdbcConnection.java:276)
	at sun.reflect.GeneratedMethodAccessor6.invoke(Unknown Source)
	at sun.reflect.DelegatingMethodAccessorImpl.invoke(DelegatingMethodAccessorImpl.java:43)
	at java.lang.reflect.Method.invoke(Method.java:498)
	at org.apache.ibatis.datasource.pooled.PooledConnection.invoke(PooledConnection.java:245)
	at com.sun.proxy.$Proxy12.prepareStatement(Unknown Source)
	at sun.reflect.GeneratedMethodAccessor6.invoke(Unknown Source)
	at sun.reflect.DelegatingMethodAccessorImpl.invoke(DelegatingMethodAccessorImpl.java:43)
	at java.lang.reflect.Method.invoke(Method.java:498)
	at org.apache.ibatis.logging.jdbc.ConnectionLogger.invoke(ConnectionLogger.java:55)
	at com.sun.proxy.$Proxy12.prepareStatement(Unknown Source)
	at org.apache.ibatis.executor.statement.PreparedStatementHandler.instantiateStatement(PreparedStatementHandler.java:79)
	at org.apache.ibatis.executor.statement.BaseStatementHandler.prepare(BaseStatementHandler.java:88)
	at org.apache.ibatis.executor.statement.RoutingStatementHandler.prepare(RoutingStatementHandler.java:58)
	at org.apache.ibatis.executor.SimpleExecutor.prepareStatement(SimpleExecutor.java:76)
	at org.apache.ibatis.executor.SimpleExecutor.doQuery(SimpleExecutor.java:61)
	at org.apache.ibatis.executor.BaseExecutor.queryFromDatabase(BaseExecutor.java:303)
	at org.apache.ibatis.executor.BaseExecutor.query(BaseExecutor.java:154)
	at org.apache.ibatis.executor.CachingExecutor.query(CachingExecutor.java:102)
	at org.apache.ibatis.executor.CachingExecutor.query(CachingExecutor.java:82)
	at org.apache.ibatis.session.defaults.DefaultSqlSession.selectList(DefaultSqlSession.java:120)
	... 109 more
10:47:09,806 [main] DEBUG org.activiti.engine.impl.test.PvmTestCase  - #### END SubProcessTest.testTwoSubProcessInParallel #############################################################
10:47:09,806 [main] ERROR org.activiti.engine.impl.test.PvmTestCase  - 

10:47:09,806 [main] ERROR org.activiti.engine.impl.test.PvmTestCase  - EXCEPTION: org.apache.ibatis.exceptions.PersistenceException: 
### Error querying database.  Cause: org.h2.jdbc.JdbcSQLException: Syntax error in SQL statement &quot;SELECT RES.* 
     
    FROM ACT_HI_ACTINST RES
     WHERE  RES.EXECUTION_ID_ = ?
      
      
      
        AND RES.ACT_ID_ = ?
      
      
      
      
      
      
      
      
        AND RES.END_TIME_ IS NULL 
   
     ORDER BY  ORDER[*] BY RES.ID_ ASC  
    LIMIT ? OFFSET ? &quot;; expected &quot;=, NOT, EXISTS, INTERSECTS, SELECT, FROM&quot;; SQL statement:
select RES.* 
     
    from ACT_HI_ACTINST RES
     WHERE  RES.EXECUTION_ID_ = ?
      
      
      
        and RES.ACT_ID_ = ?
      
      
      
      
      
      
      
      
        and RES.END_TIME_ is null 
   
     order by  order by RES.ID_ asc  
    LIMIT ? OFFSET ? [42001-176]
### The error may exist in org/activiti/db/mapping/entity/HistoricActivityInstance.xml
### The error may involve org.activiti.engine.impl.persistence.entity.HistoricActivityInstanceEntity.selectHistoricActivityInstancesByQueryCriteria
### The error occurred while executing a query
### SQL: select RES.*            from ACT_HI_ACTINST RES      WHERE  RES.EXECUTION_ID_ = ?                              and RES.ACT_ID_ = ?                                                                 and RES.END_TIME_ is null           order by  order by RES.ID_ asc       LIMIT ? OFFSET ?
### Cause: org.h2.jdbc.JdbcSQLException: Syntax error in SQL statement &quot;SELECT RES.* 
     
    FROM ACT_HI_ACTINST RES
     WHERE  RES.EXECUTION_ID_ = ?
      
      
      
        AND RES.ACT_ID_ = ?
      
      
      
      
      
      
      
      
        AND RES.END_TIME_ IS NULL 
   
     ORDER BY  ORDER[*] BY RES.ID_ ASC  
    LIMIT ? OFFSET ? &quot;; expected &quot;=, NOT, EXISTS, INTERSECTS, SELECT, FROM&quot;; SQL statement:
select RES.* 
     
    from ACT_HI_ACTINST RES
     WHERE  RES.EXECUTION_ID_ = ?
      
      
      
        and RES.ACT_ID_ = ?
      
      
      
      
      
      
      
      
        and RES.END_TIME_ is null 
   
     order by  order by RES.ID_ asc  
    LIMIT ? OFFSET ? [42001-176]
org.apache.ibatis.exceptions.PersistenceException: 
### Error querying database.  Cause: org.h2.jdbc.JdbcSQLException: Syntax error in SQL statement &quot;SELECT RES.* 
     
    FROM ACT_HI_ACTINST RES
     WHERE  RES.EXECUTION_ID_ = ?
      
      
      
        AND RES.ACT_ID_ = ?
      
      
      
      
      
      
      
      
        AND RES.END_TIME_ IS NULL 
   
     ORDER BY  ORDER[*] BY RES.ID_ ASC  
    LIMIT ? OFFSET ? &quot;; expected &quot;=, NOT, EXISTS, INTERSECTS, SELECT, FROM&quot;; SQL statement:
select RES.* 
     
    from ACT_HI_ACTINST RES
     WHERE  RES.EXECUTION_ID_ = ?
      
      
      
        and RES.ACT_ID_ = ?
      
      
      
      
      
      
      
      
        and RES.END_TIME_ is null 
   
     order by  order by RES.ID_ asc  
    LIMIT ? OFFSET ? [42001-176]
### The error may exist in org/activiti/db/mapping/entity/HistoricActivityInstance.xml
### The error may involve org.activiti.engine.impl.persistence.entity.HistoricActivityInstanceEntity.selectHistoricActivityInstancesByQueryCriteria
### The error occurred while executing a query
### SQL: select RES.*            from ACT_HI_ACTINST RES      WHERE  RES.EXECUTION_ID_ = ?                              and RES.ACT_ID_ = ?                                                                 and RES.END_TIME_ is null           order by  order by RES.ID_ asc       LIMIT ? OFFSET ?
### Cause: org.h2.jdbc.JdbcSQLException: Syntax error in SQL statement &quot;SELECT RES.* 
     
    FROM ACT_HI_ACTINST RES
     WHERE  RES.EXECUTION_ID_ = ?
      
      
      
        AND RES.ACT_ID_ = ?
      
      
      
      
      
      
      
      
        AND RES.END_TIME_ IS NULL 
   
     ORDER BY  ORDER[*] BY RES.ID_ ASC  
    LIMIT ? OFFSET ? &quot;; expected &quot;=, NOT, EXISTS, INTERSECTS, SELECT, FROM&quot;; SQL statement:
select RES.* 
     
    from ACT_HI_ACTINST RES
     WHERE  RES.EXECUTION_ID_ = ?
      
      
      
        and RES.ACT_ID_ = ?
      
      
      
      
      
      
      
      
        and RES.END_TIME_ is null 
   
     order by  order by RES.ID_ asc  
    LIMIT ? OFFSET ? [42001-176]
	at org.apache.ibatis.exceptions.ExceptionFactory.wrapException(ExceptionFactory.java:30)
	at org.apache.ibatis.session.defaults.DefaultSqlSession.selectList(DefaultSqlSession.java:122)
	at org.apache.ibatis.session.defaults.DefaultSqlSession.selectList(DefaultSqlSession.java:113)
	at org.activiti.engine.impl.db.DbSqlSession.selectListWithRawParameter(DbSqlSession.java:438)
	at org.activiti.engine.impl.db.DbSqlSession.selectList(DbSqlSession.java:429)
	at org.activiti.engine.impl.db.DbSqlSession.selectList(DbSqlSession.java:419)
	at org.activiti.engine.impl.persistence.entity.HistoricActivityInstanceEntityManager.findHistoricActivityInstancesByQueryCriteria(HistoricActivityInstanceEntityManager.java:56)
	at org.activiti.engine.impl.HistoricActivityInstanceQueryImpl.executeList(HistoricActivityInstanceQueryImpl.java:70)
	at org.activiti.engine.impl.AbstractQuery.listPage(AbstractQuery.java:151)
	at org.activiti.engine.impl.history.DefaultHistoryManager.findActivityInstance(DefaultHistoryManager.java:355)
	at org.activiti.engine.impl.history.DefaultHistoryManager.recordActivityEnd(DefaultHistoryManager.java:281)
	at org.activiti.engine.impl.history.handler.ActivityInstanceEndHandler.notify(ActivityInstanceEndHandler.java:29)
	at org.activiti.engine.impl.pvm.runtime.AbstractEventAtomicOperation.execute(AbstractEventAtomicOperation.java:42)
	at org.activiti.engine.impl.interceptor.CommandContext.performOperation(CommandContext.java:97)
	at org.activiti.engine.impl.persistence.entity.ExecutionEntity.performOperationSync(ExecutionEntity.java:636)
	at org.activiti.engine.impl.persistence.entity.ExecutionEntity.performOperation(ExecutionEntity.java:629)
	at org.activiti.engine.impl.persistence.entity.ExecutionEntity.take(ExecutionEntity.java:453)
	at org.activiti.engine.impl.pvm.runtime.OutgoingExecution.take(OutgoingExecution.java:48)
	at org.activiti.engine.impl.persistence.entity.ExecutionEntity.takeAll(ExecutionEntity.java:589)
	at org.activiti.engine.impl.bpmn.behavior.ParallelGatewayActivityBehavior.execute(ParallelGatewayActivityBehavior.java:78)
	at org.activiti.engine.impl.pvm.runtime.AtomicOperationActivityExecute.execute(AtomicOperationActivityExecute.java:60)
	at org.activiti.engine.impl.interceptor.CommandContext.performOperation(CommandContext.java:97)
	at org.activiti.engine.impl.persistence.entity.ExecutionEntity.performOperationSync(ExecutionEntity.java:636)
	at org.activiti.engine.impl.persistence.entity.ExecutionEntity.performOperation(ExecutionEntity.java:629)
	at org.activiti.engine.impl.pvm.runtime.AtomicOperationTransitionNotifyListenerStart.eventNotificationsCompleted(AtomicOperationTransitionNotifyListenerStart.java:52)
	at org.activiti.engine.impl.pvm.runtime.AbstractEventAtomicOperation.execute(AbstractEventAtomicOperation.java:56)
	at org.activiti.engine.impl.interceptor.CommandContext.performOperation(CommandContext.java:97)
	at org.activiti.engine.impl.persistence.entity.ExecutionEntity.performOperationSync(ExecutionEntity.java:636)
	at org.activiti.engine.impl.persistence.entity.ExecutionEntity.performOperation(ExecutionEntity.java:629)
	at org.activiti.engine.impl.pvm.runtime.AbstractEventAtomicOperation.execute(AbstractEventAtomicOperation.java:49)
	at org.activiti.engine.impl.interceptor.CommandContext.performOperation(CommandContext.java:97)
	at org.activiti.engine.impl.persistence.entity.ExecutionEntity.performOperationSync(ExecutionEntity.java:636)
	at org.activiti.engine.impl.persistence.entity.ExecutionEntity.performOperation(ExecutionEntity.java:629)
	at org.activiti.engine.impl.pvm.runtime.AtomicOperationTransitionCreateScope.execute(AtomicOperationTransitionCreateScope.java:49)
	at org.activiti.engine.impl.interceptor.CommandContext.performOperation(CommandContext.java:97)
	at org.activiti.engine.impl.persistence.entity.ExecutionEntity.performOperationSync(ExecutionEntity.java:636)
	at org.activiti.engine.impl.persistence.entity.ExecutionEntity.performOperation(ExecutionEntity.java:629)
	at org.activiti.engine.impl.pvm.runtime.AtomicOperationTransitionNotifyListenerTake.execute(AtomicOperationTransitionNotifyListenerTake.java:80)
	at org.activiti.engine.impl.interceptor.CommandContext.performOperation(CommandContext.java:97)
	at org.activiti.engine.impl.persistence.entity.ExecutionEntity.performOperationSync(ExecutionEntity.java:636)
	at org.activiti.engine.impl.persistence.entity.ExecutionEntity.performOperation(ExecutionEntity.java:629)
	at org.activiti.engine.impl.pvm.runtime.AtomicOperationTransitionDestroyScope.execute(AtomicOperationTransitionDestroyScope.java:116)
	at org.activiti.engine.impl.interceptor.CommandContext.performOperation(CommandContext.java:97)
	at org.activiti.engine.impl.persistence.entity.ExecutionEntity.performOperationSync(ExecutionEntity.java:636)
	at org.activiti.engine.impl.persistence.entity.ExecutionEntity.performOperation(ExecutionEntity.java:629)
	at org.activiti.engine.impl.pvm.runtime.AtomicOperationTransitionNotifyListenerEnd.eventNotificationsCompleted(AtomicOperationTransitionNotifyListenerEnd.java:35)
	at org.activiti.engine.impl.pvm.runtime.AbstractEventAtomicOperation.execute(AbstractEventAtomicOperation.java:56)
	at org.activiti.engine.impl.interceptor.CommandContext.performOperation(CommandContext.java:97)
	at org.activiti.engine.impl.persistence.entity.ExecutionEntity.performOperationSync(ExecutionEntity.java:636)
	at org.activiti.engine.impl.persistence.entity.ExecutionEntity.performOperation(ExecutionEntity.java:629)
	at org.activiti.engine.impl.pvm.runtime.AbstractEventAtomicOperation.execute(AbstractEventAtomicOperation.java:49)
	at org.activiti.engine.impl.interceptor.CommandContext.performOperation(CommandContext.java:97)
	at org.activiti.engine.impl.persistence.entity.ExecutionEntity.performOperationSync(ExecutionEntity.java:636)
	at org.activiti.engine.impl.persistence.entity.ExecutionEntity.performOperation(ExecutionEntity.java:629)
	at org.activiti.engine.impl.persistence.entity.ExecutionEntity.take(ExecutionEntity.java:453)
	at org.activiti.engine.impl.persistence.entity.ExecutionEntity.take(ExecutionEntity.java:431)
	at org.activiti.engine.impl.bpmn.behavior.BpmnActivityBehavior.performOutgoingBehavior(BpmnActivityBehavior.java:140)
	at org.activiti.engine.impl.bpmn.behavior.BpmnActivityBehavior.performDefaultOutgoingBehavior(BpmnActivityBehavior.java:66)
	at org.activiti.engine.impl.bpmn.behavior.FlowNodeActivityBehavior.leave(FlowNodeActivityBehavior.java:44)
	at org.activiti.engine.impl.bpmn.behavior.FlowNodeActivityBehavior.execute(FlowNodeActivityBehavior.java:36)
	at org.activiti.engine.impl.pvm.runtime.AtomicOperationActivityExecute.execute(AtomicOperationActivityExecute.java:60)
	at org.activiti.engine.impl.interceptor.CommandContext.performOperation(CommandContext.java:97)
	at org.activiti.engine.impl.persistence.entity.ExecutionEntity.performOperationSync(ExecutionEntity.java:636)
	at org.activiti.engine.impl.persistence.entity.ExecutionEntity.performOperation(ExecutionEntity.java:629)
	at org.activiti.engine.impl.pvm.runtime.AtomicOperationProcessStartInitial.eventNotificationsCompleted(AtomicOperationProcessStartInitial.java:45)
	at org.activiti.engine.impl.pvm.runtime.AbstractEventAtomicOperation.execute(AbstractEventAtomicOperation.java:56)
	at org.activiti.engine.impl.interceptor.CommandContext.performOperation(CommandContext.java:97)
	at org.activiti.engine.impl.persistence.entity.ExecutionEntity.performOperationSync(ExecutionEntity.java:636)
	at org.activiti.engine.impl.persistence.entity.ExecutionEntity.performOperation(ExecutionEntity.java:629)
	at org.activiti.engine.impl.pvm.runtime.AtomicOperationProcessStart.eventNotificationsCompleted(AtomicOperationProcessStart.java:64)
	at org.activiti.engine.impl.pvm.runtime.AbstractEventAtomicOperation.execute(AbstractEventAtomicOperation.java:56)
	at org.activiti.engine.impl.interceptor.CommandContext.performOperation(CommandContext.java:97)
	at org.activiti.engine.impl.persistence.entity.ExecutionEntity.performOperationSync(ExecutionEntity.java:636)
	at org.activiti.engine.impl.persistence.entity.ExecutionEntity.performOperation(ExecutionEntity.java:629)
	at org.activiti.engine.impl.persistence.entity.ExecutionEntity.start(ExecutionEntity.java:381)
	at org.activiti.engine.impl.cmd.StartProcessInstanceCmd.execute(StartProcessInstanceCmd.java:110)
	at org.activiti.engine.impl.cmd.StartProcessInstanceCmd.execute(StartProcessInstanceCmd.java:37)
	at org.activiti.engine.impl.interceptor.CommandInvoker.execute(CommandInvoker.java:24)
	at org.activiti.engine.impl.interceptor.CommandContextInterceptor.execute(CommandContextInterceptor.java:57)
	at org.activiti.engine.impl.interceptor.LogInterceptor.execute(LogInterceptor.java:37)
	at org.activiti.engine.impl.cfg.CommandExecutorImpl.execute(CommandExecutorImpl.java:40)
	at org.activiti.engine.impl.cfg.CommandExecutorImpl.execute(CommandExecutorImpl.java:35)
	at org.activiti.engine.impl.RuntimeServiceImpl.startProcessInstanceByKey(RuntimeServiceImpl.java:69)
	at org.activiti.engine.test.bpmn.subprocess.SubProcessTest.testTwoSubProcessInParallel(SubProcessTest.java:238)
	at sun.reflect.NativeMethodAccessorImpl.invoke0(Native Method)
	at sun.reflect.NativeMethodAccessorImpl.invoke(NativeMethodAccessorImpl.java:62)
	at sun.reflect.DelegatingMethodAccessorImpl.invoke(DelegatingMethodAccessorImpl.java:43)
	at java.lang.reflect.Method.invoke(Method.java:498)
	at junit.framework.TestCase.runTest(TestCase.java:176)
	at org.activiti.engine.impl.test.PvmTestCase.runTest(PvmTestCase.java:65)
	at junit.framework.TestCase.runBare(TestCase.java:141)
	at org.activiti.engine.impl.test.AbstractActivitiTestCase.runBare(AbstractActivitiTestCase.java:100)
	at junit.framework.TestResult$1.protect(TestResult.java:122)
	at junit.framework.TestResult.runProtected(TestResult.java:142)
	at junit.framework.TestResult.run(TestResult.java:125)
	at junit.framework.TestCase.run(TestCase.java:129)
	at junit.framework.TestSuite.runTest(TestSuite.java:255)
	at junit.framework.TestSuite.run(TestSuite.java:250)
	at org.junit.internal.runners.JUnit38ClassRunner.run(JUnit38ClassRunner.java:84)
	at org.apache.maven.surefire.junit4.JUnit4TestSet.execute(JUnit4TestSet.java:35)
	at org.apache.maven.surefire.junit4.JUnit4Provider.executeTestSet(JUnit4Provider.java:146)
	at org.apache.maven.surefire.junit4.JUnit4Provider.invoke(JUnit4Provider.java:97)
	at sun.reflect.NativeMethodAccessorImpl.invoke0(Native Method)
	at sun.reflect.NativeMethodAccessorImpl.invoke(NativeMethodAccessorImpl.java:62)
	at sun.reflect.DelegatingMethodAccessorImpl.invoke(DelegatingMethodAccessorImpl.java:43)
	at java.lang.reflect.Method.invoke(Method.java:498)
	at org.apache.maven.surefire.booter.ProviderFactory$ClassLoaderProxy.invoke(ProviderFactory.java:103)
	at com.sun.proxy.$Proxy0.invoke(Unknown Source)
	at org.apache.maven.surefire.booter.SurefireStarter.invokeProvider(SurefireStarter.java:145)
	at org.apache.maven.surefire.booter.SurefireStarter.runSuitesInProcess(SurefireStarter.java:87)
	at org.apache.maven.surefire.booter.ForkedBooter.main(ForkedBooter.java:69)
Caused by: org.h2.jdbc.JdbcSQLException: Syntax error in SQL statement &quot;SELECT RES.* 
     
    FROM ACT_HI_ACTINST RES
     WHERE  RES.EXECUTION_ID_ = ?
      
      
      
        AND RES.ACT_ID_ = ?
      
      
      
      
      
      
      
      
        AND RES.END_TIME_ IS NULL 
   
     ORDER BY  ORDER[*] BY RES.ID_ ASC  
    LIMIT ? OFFSET ? &quot;; expected &quot;=, NOT, EXISTS, INTERSECTS, SELECT, FROM&quot;; SQL statement:
select RES.* 
     
    from ACT_HI_ACTINST RES
     WHERE  RES.EXECUTION_ID_ = ?
      
      
      
        and RES.ACT_ID_ = ?
      
      
      
      
      
      
      
      
        and RES.END_TIME_ is null 
   
     order by  order by RES.ID_ asc  
    LIMIT ? OFFSET ? [42001-176]
	at org.h2.message.DbException.getJdbcSQLException(DbException.java:344)
	at org.h2.message.DbException.getSyntaxError(DbException.java:204)
	at org.h2.command.Parser.getSyntaxError(Parser.java:524)
	at org.h2.command.Parser.readTerm(Parser.java:2688)
	at org.h2.command.Parser.readFactor(Parser.java:2244)
	at org.h2.command.Parser.readSum(Parser.java:2231)
	at org.h2.command.Parser.readConcat(Parser.java:2201)
	at org.h2.command.Parser.readCondition(Parser.java:2051)
	at org.h2.command.Parser.readAnd(Parser.java:2023)
	at org.h2.command.Parser.readExpression(Parser.java:2015)
	at org.h2.command.Parser.parseEndOfQuery(Parser.java:1726)
	at org.h2.command.Parser.parseSelectUnionExtension(Parser.java:1706)
	at org.h2.command.Parser.parseSelectUnion(Parser.java:1675)
	at org.h2.command.Parser.parseSelect(Parser.java:1662)
	at org.h2.command.Parser.parsePrepared(Parser.java:434)
	at org.h2.command.Parser.parse(Parser.java:306)
	at org.h2.command.Parser.parse(Parser.java:282)
	at org.h2.command.Parser.prepareCommand(Parser.java:243)
	at org.h2.engine.Session.prepareLocal(Session.java:442)
	at org.h2.engine.Session.prepareCommand(Session.java:384)
	at org.h2.jdbc.JdbcConnection.prepareCommand(JdbcConnection.java:1188)
	at org.h2.jdbc.JdbcPreparedStatement.&lt;init&gt;(JdbcPreparedStatement.java:73)
	at org.h2.jdbc.JdbcConnection.prepareStatement(JdbcConnection.java:276)
	at sun.reflect.GeneratedMethodAccessor6.invoke(Unknown Source)
	at sun.reflect.DelegatingMethodAccessorImpl.invoke(DelegatingMethodAccessorImpl.java:43)
	at java.lang.reflect.Method.invoke(Method.java:498)
	at org.apache.ibatis.datasource.pooled.PooledConnection.invoke(PooledConnection.java:245)
	at com.sun.proxy.$Proxy12.prepareStatement(Unknown Source)
	at sun.reflect.GeneratedMethodAccessor6.invoke(Unknown Source)
	at sun.reflect.DelegatingMethodAccessorImpl.invoke(DelegatingMethodAccessorImpl.java:43)
	at java.lang.reflect.Method.invoke(Method.java:498)
	at org.apache.ibatis.logging.jdbc.ConnectionLogger.invoke(ConnectionLogger.java:55)
	at com.sun.proxy.$Proxy12.prepareStatement(Unknown Source)
	at org.apache.ibatis.executor.statement.PreparedStatementHandler.instantiateStatement(PreparedStatementHandler.java:79)
	at org.apache.ibatis.executor.statement.BaseStatementHandler.prepare(BaseStatementHandler.java:88)
	at org.apache.ibatis.executor.statement.RoutingStatementHandler.prepare(RoutingStatementHandler.java:58)
	at org.apache.ibatis.executor.SimpleExecutor.prepareStatement(SimpleExecutor.java:76)
	at org.apache.ibatis.executor.SimpleExecutor.doQuery(SimpleExecutor.java:61)
	at org.apache.ibatis.executor.BaseExecutor.queryFromDatabase(BaseExecutor.java:303)
	at org.apache.ibatis.executor.BaseExecutor.query(BaseExecutor.java:154)
	at org.apache.ibatis.executor.CachingExecutor.query(CachingExecutor.java:102)
	at org.apache.ibatis.executor.CachingExecutor.query(CachingExecutor.java:82)
	at org.apache.ibatis.session.defaults.DefaultSqlSession.selectList(DefaultSqlSession.java:120)
	... 109 more
10:47:09,806 [main] DEBUG org.activiti.engine.impl.test.TestHelper  - annotation @Deployment deletes deployment for SubProcessTest.testTwoSubProcessInParallel
10:47:09,806 [main] DEBUG org.activiti.engine.impl.interceptor.LogInterceptor  - 

10:47:09,806 [main] DEBUG org.activiti.engine.impl.interceptor.LogInterceptor  - --- starting DeleteDeploymentCmd --------------------------------------------------------
10:47:09,806 [main] DEBUG org.apache.ibatis.transaction.jdbc.JdbcTransaction  - Opening JDBC Connection
10:47:09,806 [main] DEBUG org.apache.ibatis.datasource.pooled.PooledDataSource  - Checked out connection 363509958 from pool.
10:47:09,806 [main] DEBUG org.apache.ibatis.transaction.jdbc.JdbcTransaction  - Setting autocommit to false on JDBC Connection [conn2: url=jdbc:h2:mem:activiti user=SA]
10:47:09,806 [main] DEBUG org.activiti.engine.impl.persistence.entity.DeploymentEntity.selectDeploymentById  - ==&gt;  Preparing: select * from ACT_RE_DEPLOYMENT where ID_ = ? 
10:47:09,806 [main] DEBUG org.activiti.engine.impl.persistence.entity.DeploymentEntity.selectDeploymentById  - ==&gt; Parameters: 156(String)
10:47:09,806 [main] DEBUG org.activiti.engine.impl.persistence.entity.DeploymentEntity.selectDeploymentById  - &lt;==      Total: 1
10:47:09,806 [main] DEBUG org.activiti.engine.impl.persistence.entity.ProcessDefinitionEntity.selectProcessDefinitionsByQueryCriteria  - ==&gt;  Preparing: select RES.* from ACT_RE_PROCDEF RES WHERE RES.DEPLOYMENT_ID_ = ? order by order by RES.ID_ asc LIMIT ? OFFSET ? 
10:47:09,806 [main] DEBUG org.activiti.engine.impl.interceptor.CommandContext  - Error while closing command context
org.apache.ibatis.exceptions.PersistenceException: 
### Error querying database.  Cause: org.h2.jdbc.JdbcSQLException: Syntax error in SQL statement &quot;SELECT RES.* 
       
    FROM ACT_RE_PROCDEF RES
     
     WHERE  RES.DEPLOYMENT_ID_ = ? 
   
     ORDER BY  ORDER[*] BY RES.ID_ ASC  
    LIMIT ? OFFSET ? &quot;; expected &quot;=, NOT, EXISTS, INTERSECTS, SELECT, FROM&quot;; SQL statement:
select RES.* 
       
    from ACT_RE_PROCDEF RES
     
     WHERE  RES.DEPLOYMENT_ID_ = ? 
   
     order by  order by RES.ID_ asc  
    LIMIT ? OFFSET ? [42001-176]
### The error may exist in org/activiti/db/mapping/entity/ProcessDefinition.xml
### The error may involve org.activiti.engine.impl.persistence.entity.ProcessDefinitionEntity.selectProcessDefinitionsByQueryCriteria
### The error occurred while executing a query
### SQL: select RES.*              from ACT_RE_PROCDEF RES            WHERE  RES.DEPLOYMENT_ID_ = ?           order by  order by RES.ID_ asc       LIMIT ? OFFSET ?
### Cause: org.h2.jdbc.JdbcSQLException: Syntax error in SQL statement &quot;SELECT RES.* 
       
    FROM ACT_RE_PROCDEF RES
     
     WHERE  RES.DEPLOYMENT_ID_ = ? 
   
     ORDER BY  ORDER[*] BY RES.ID_ ASC  
    LIMIT ? OFFSET ? &quot;; expected &quot;=, NOT, EXISTS, INTERSECTS, SELECT, FROM&quot;; SQL statement:
select RES.* 
       
    from ACT_RE_PROCDEF RES
     
     WHERE  RES.DEPLOYMENT_ID_ = ? 
   
     order by  order by RES.ID_ asc  
    LIMIT ? OFFSET ? [42001-176]
	at org.apache.ibatis.exceptions.ExceptionFactory.wrapException(ExceptionFactory.java:30)
	at org.apache.ibatis.session.defaults.DefaultSqlSession.selectList(DefaultSqlSession.java:122)
	at org.apache.ibatis.session.defaults.DefaultSqlSession.selectList(DefaultSqlSession.java:113)
	at org.activiti.engine.impl.db.DbSqlSession.selectListWithRawParameter(DbSqlSession.java:438)
	at org.activiti.engine.impl.db.DbSqlSession.selectList(DbSqlSession.java:429)
	at org.activiti.engine.impl.db.DbSqlSession.selectList(DbSqlSession.java:419)
	at org.activiti.engine.impl.persistence.entity.ProcessDefinitionEntityManager.findProcessDefinitionsByQueryCriteria(ProcessDefinitionEntityManager.java:57)
	at org.activiti.engine.impl.ProcessDefinitionQueryImpl.executeList(ProcessDefinitionQueryImpl.java:307)
	at org.activiti.engine.impl.AbstractQuery.list(AbstractQuery.java:140)
	at org.activiti.engine.impl.persistence.deploy.DeploymentManager.removeDeployment(DeploymentManager.java:187)
	at org.activiti.engine.impl.cmd.DeleteDeploymentCmd.execute(DeleteDeploymentCmd.java:44)
	at org.activiti.engine.impl.cmd.DeleteDeploymentCmd.execute(DeleteDeploymentCmd.java:24)
	at org.activiti.engine.impl.interceptor.CommandInvoker.execute(CommandInvoker.java:24)
	at org.activiti.engine.impl.interceptor.CommandContextInterceptor.execute(CommandContextInterceptor.java:57)
	at org.activiti.engine.impl.interceptor.LogInterceptor.execute(LogInterceptor.java:37)
	at org.activiti.engine.impl.cfg.CommandExecutorImpl.execute(CommandExecutorImpl.java:40)
	at org.activiti.engine.impl.cfg.CommandExecutorImpl.execute(CommandExecutorImpl.java:35)
	at org.activiti.engine.impl.RepositoryServiceImpl.deleteDeployment(RepositoryServiceImpl.java:90)
	at org.activiti.engine.impl.test.TestHelper.annotationDeploymentTearDown(TestHelper.java:116)
	at org.activiti.engine.impl.test.AbstractActivitiTestCase.runBare(AbstractActivitiTestCase.java:116)
	at junit.framework.TestResult$1.protect(TestResult.java:122)
	at junit.framework.TestResult.runProtected(TestResult.java:142)
	at junit.framework.TestResult.run(TestResult.java:125)
	at junit.framework.TestCase.run(TestCase.java:129)
	at junit.framework.TestSuite.runTest(TestSuite.java:255)
	at junit.framework.TestSuite.run(TestSuite.java:250)
	at org.junit.internal.runners.JUnit38ClassRunner.run(JUnit38ClassRunner.java:84)
	at org.apache.maven.surefire.junit4.JUnit4TestSet.execute(JUnit4TestSet.java:35)
	at org.apache.maven.surefire.junit4.JUnit4Provider.executeTestSet(JUnit4Provider.java:146)
	at org.apache.maven.surefire.junit4.JUnit4Provider.invoke(JUnit4Provider.java:97)
	at sun.reflect.NativeMethodAccessorImpl.invoke0(Native Method)
	at sun.reflect.NativeMethodAccessorImpl.invoke(NativeMethodAccessorImpl.java:62)
	at sun.reflect.DelegatingMethodAccessorImpl.invoke(DelegatingMethodAccessorImpl.java:43)
	at java.lang.reflect.Method.invoke(Method.java:498)
	at org.apache.maven.surefire.booter.ProviderFactory$ClassLoaderProxy.invoke(ProviderFactory.java:103)
	at com.sun.proxy.$Proxy0.invoke(Unknown Source)
	at org.apache.maven.surefire.booter.SurefireStarter.invokeProvider(SurefireStarter.java:145)
	at org.apache.maven.surefire.booter.SurefireStarter.runSuitesInProcess(SurefireStarter.java:87)
	at org.apache.maven.surefire.booter.ForkedBooter.main(ForkedBooter.java:69)
Caused by: org.h2.jdbc.JdbcSQLException: Syntax error in SQL statement &quot;SELECT RES.* 
       
    FROM ACT_RE_PROCDEF RES
     
     WHERE  RES.DEPLOYMENT_ID_ = ? 
   
     ORDER BY  ORDER[*] BY RES.ID_ ASC  
    LIMIT ? OFFSET ? &quot;; expected &quot;=, NOT, EXISTS, INTERSECTS, SELECT, FROM&quot;; SQL statement:
select RES.* 
       
    from ACT_RE_PROCDEF RES
     
     WHERE  RES.DEPLOYMENT_ID_ = ? 
   
     order by  order by RES.ID_ asc  
    LIMIT ? OFFSET ? [42001-176]
	at org.h2.message.DbException.getJdbcSQLException(DbException.java:344)
	at org.h2.message.DbException.getSyntaxError(DbException.java:204)
	at org.h2.command.Parser.getSyntaxError(Parser.java:524)
	at org.h2.command.Parser.readTerm(Parser.java:2688)
	at org.h2.command.Parser.readFactor(Parser.java:2244)
	at org.h2.command.Parser.readSum(Parser.java:2231)
	at org.h2.command.Parser.readConcat(Parser.java:2201)
	at org.h2.command.Parser.readCondition(Parser.java:2051)
	at org.h2.command.Parser.readAnd(Parser.java:2023)
	at org.h2.command.Parser.readExpression(Parser.java:2015)
	at org.h2.command.Parser.parseEndOfQuery(Parser.java:1726)
	at org.h2.command.Parser.parseSelectUnionExtension(Parser.java:1706)
	at org.h2.command.Parser.parseSelectUnion(Parser.java:1675)
	at org.h2.command.Parser.parseSelect(Parser.java:1662)
	at org.h2.command.Parser.parsePrepared(Parser.java:434)
	at org.h2.command.Parser.parse(Parser.java:306)
	at org.h2.command.Parser.parse(Parser.java:282)
	at org.h2.command.Parser.prepareCommand(Parser.java:243)
	at org.h2.engine.Session.prepareLocal(Session.java:442)
	at org.h2.engine.Session.prepareCommand(Session.java:384)
	at org.h2.jdbc.JdbcConnection.prepareCommand(JdbcConnection.java:1188)
	at org.h2.jdbc.JdbcPreparedStatement.&lt;init&gt;(JdbcPreparedStatement.java:73)
	at org.h2.jdbc.JdbcConnection.prepareStatement(JdbcConnection.java:276)
	at sun.reflect.GeneratedMethodAccessor6.invoke(Unknown Source)
	at sun.reflect.DelegatingMethodAccessorImpl.invoke(DelegatingMethodAccessorImpl.java:43)
	at java.lang.reflect.Method.invoke(Method.java:498)
	at org.apache.ibatis.datasource.pooled.PooledConnection.invoke(PooledConnection.java:245)
	at com.sun.proxy.$Proxy12.prepareStatement(Unknown Source)
	at sun.reflect.GeneratedMethodAccessor6.invoke(Unknown Source)
	at sun.reflect.DelegatingMethodAccessorImpl.invoke(DelegatingMethodAccessorImpl.java:43)
	at java.lang.reflect.Method.invoke(Method.java:498)
	at org.apache.ibatis.logging.jdbc.ConnectionLogger.invoke(ConnectionLogger.java:55)
	at com.sun.proxy.$Proxy12.prepareStatement(Unknown Source)
	at org.apache.ibatis.executor.statement.PreparedStatementHandler.instantiateStatement(PreparedStatementHandler.java:79)
	at org.apache.ibatis.executor.statement.BaseStatementHandler.prepare(BaseStatementHandler.java:88)
	at org.apache.ibatis.executor.statement.RoutingStatementHandler.prepare(RoutingStatementHandler.java:58)
	at org.apache.ibatis.executor.SimpleExecutor.prepareStatement(SimpleExecutor.java:76)
	at org.apache.ibatis.executor.SimpleExecutor.doQuery(SimpleExecutor.java:61)
	at org.apache.ibatis.executor.BaseExecutor.queryFromDatabase(BaseExecutor.java:303)
	at org.apache.ibatis.executor.BaseExecutor.query(BaseExecutor.java:154)
	at org.apache.ibatis.executor.CachingExecutor.query(CachingExecutor.java:102)
	at org.apache.ibatis.executor.CachingExecutor.query(CachingExecutor.java:82)
	at org.apache.ibatis.session.defaults.DefaultSqlSession.selectList(DefaultSqlSession.java:120)
	... 37 more
10:47:09,807 [main] DEBUG org.activiti.engine.impl.cfg.standalone.StandaloneMybatisTransactionContext  - firing event rolling back...
10:47:09,807 [main] DEBUG org.activiti.engine.impl.cfg.standalone.StandaloneMybatisTransactionContext  - rolling back ibatis sql session...
10:47:09,807 [main] DEBUG org.activiti.engine.impl.cfg.standalone.StandaloneMybatisTransactionContext  - firing event rolled back...
10:47:09,807 [main] DEBUG org.apache.ibatis.transaction.jdbc.JdbcTransaction  - Resetting autocommit to true on JDBC Connection [conn2: url=jdbc:h2:mem:activiti user=SA]
10:47:09,807 [main] DEBUG org.apache.ibatis.transaction.jdbc.JdbcTransaction  - Closing JDBC Connection [conn2: url=jdbc:h2:mem:activiti user=SA]
10:47:09,807 [main] DEBUG org.apache.ibatis.datasource.pooled.PooledDataSource  - Returned connection 363509958 to pool.
10:47:09,807 [main] DEBUG org.activiti.engine.impl.interceptor.LogInterceptor  - --- DeleteDeploymentCmd finished --------------------------------------------------------
10:47:09,807 [main] DEBUG org.activiti.engine.impl.interceptor.LogInterceptor  - 

</system-out>
  </testcase>
  <testcase classname="org.activiti.engine.test.bpmn.subprocess.SubProcessTest" name="testSimpleParallelSubProcessWithTimer" time="0.018">
    <error message="
### Error querying database.  Cause: org.h2.jdbc.JdbcSQLException: Syntax error in SQL statement &quot;SELECT RES.* 
       
    FROM ACT_RE_PROCDEF RES
     
     WHERE  RES.DEPLOYMENT_ID_ = ? 
   
     ORDER BY  ORDER[*] BY RES.ID_ ASC  
    LIMIT ? OFFSET ? &quot;; expected &quot;=, NOT, EXISTS, INTERSECTS, SELECT, FROM&quot;; SQL statement:
select RES.* 
       
    from ACT_RE_PROCDEF RES
     
     WHERE  RES.DEPLOYMENT_ID_ = ? 
   
     order by  order by RES.ID_ asc  
    LIMIT ? OFFSET ? [42001-176]
### The error may exist in org/activiti/db/mapping/entity/ProcessDefinition.xml
### The error may involve org.activiti.engine.impl.persistence.entity.ProcessDefinitionEntity.selectProcessDefinitionsByQueryCriteria
### The error occurred while executing a query
### SQL: select RES.*              from ACT_RE_PROCDEF RES            WHERE  RES.DEPLOYMENT_ID_ = ?           order by  order by RES.ID_ asc       LIMIT ? OFFSET ?
### Cause: org.h2.jdbc.JdbcSQLException: Syntax error in SQL statement &quot;SELECT RES.* 
       
    FROM ACT_RE_PROCDEF RES
     
     WHERE  RES.DEPLOYMENT_ID_ = ? 
   
     ORDER BY  ORDER[*] BY RES.ID_ ASC  
    LIMIT ? OFFSET ? &quot;; expected &quot;=, NOT, EXISTS, INTERSECTS, SELECT, FROM&quot;; SQL statement:
select RES.* 
       
    from ACT_RE_PROCDEF RES
     
     WHERE  RES.DEPLOYMENT_ID_ = ? 
   
     order by  order by RES.ID_ asc  
    LIMIT ? OFFSET ? [42001-176]" type="org.apache.ibatis.exceptions.PersistenceException">org.apache.ibatis.exceptions.PersistenceException: 
### Error querying database.  Cause: org.h2.jdbc.JdbcSQLException: Syntax error in SQL statement &quot;SELECT RES.* 
       
    FROM ACT_RE_PROCDEF RES
     
     WHERE  RES.DEPLOYMENT_ID_ = ? 
   
     ORDER BY  ORDER[*] BY RES.ID_ ASC  
    LIMIT ? OFFSET ? &quot;; expected &quot;=, NOT, EXISTS, INTERSECTS, SELECT, FROM&quot;; SQL statement:
select RES.* 
       
    from ACT_RE_PROCDEF RES
     
     WHERE  RES.DEPLOYMENT_ID_ = ? 
   
     order by  order by RES.ID_ asc  
    LIMIT ? OFFSET ? [42001-176]
### The error may exist in org/activiti/db/mapping/entity/ProcessDefinition.xml
### The error may involve org.activiti.engine.impl.persistence.entity.ProcessDefinitionEntity.selectProcessDefinitionsByQueryCriteria
### The error occurred while executing a query
### SQL: select RES.*              from ACT_RE_PROCDEF RES            WHERE  RES.DEPLOYMENT_ID_ = ?           order by  order by RES.ID_ asc       LIMIT ? OFFSET ?
### Cause: org.h2.jdbc.JdbcSQLException: Syntax error in SQL statement &quot;SELECT RES.* 
       
    FROM ACT_RE_PROCDEF RES
     
     WHERE  RES.DEPLOYMENT_ID_ = ? 
   
     ORDER BY  ORDER[*] BY RES.ID_ ASC  
    LIMIT ? OFFSET ? &quot;; expected &quot;=, NOT, EXISTS, INTERSECTS, SELECT, FROM&quot;; SQL statement:
select RES.* 
       
    from ACT_RE_PROCDEF RES
     
     WHERE  RES.DEPLOYMENT_ID_ = ? 
   
     order by  order by RES.ID_ asc  
    LIMIT ? OFFSET ? [42001-176]
	at org.apache.ibatis.exceptions.ExceptionFactory.wrapException(ExceptionFactory.java:30)
	at org.apache.ibatis.session.defaults.DefaultSqlSession.selectList(DefaultSqlSession.java:122)
	at org.apache.ibatis.session.defaults.DefaultSqlSession.selectList(DefaultSqlSession.java:113)
	at org.activiti.engine.impl.db.DbSqlSession.selectListWithRawParameter(DbSqlSession.java:438)
	at org.activiti.engine.impl.db.DbSqlSession.selectList(DbSqlSession.java:429)
	at org.activiti.engine.impl.db.DbSqlSession.selectList(DbSqlSession.java:419)
	at org.activiti.engine.impl.persistence.entity.ProcessDefinitionEntityManager.findProcessDefinitionsByQueryCriteria(ProcessDefinitionEntityManager.java:57)
	at org.activiti.engine.impl.ProcessDefinitionQueryImpl.executeList(ProcessDefinitionQueryImpl.java:307)
	at org.activiti.engine.impl.AbstractQuery.list(AbstractQuery.java:140)
	at org.activiti.engine.impl.persistence.deploy.DeploymentManager.removeDeployment(DeploymentManager.java:187)
	at org.activiti.engine.impl.cmd.DeleteDeploymentCmd.execute(DeleteDeploymentCmd.java:44)
	at org.activiti.engine.impl.cmd.DeleteDeploymentCmd.execute(DeleteDeploymentCmd.java:24)
	at org.activiti.engine.impl.interceptor.CommandInvoker.execute(CommandInvoker.java:24)
	at org.activiti.engine.impl.interceptor.CommandContextInterceptor.execute(CommandContextInterceptor.java:57)
	at org.activiti.engine.impl.interceptor.LogInterceptor.execute(LogInterceptor.java:37)
	at org.activiti.engine.impl.cfg.CommandExecutorImpl.execute(CommandExecutorImpl.java:40)
	at org.activiti.engine.impl.cfg.CommandExecutorImpl.execute(CommandExecutorImpl.java:35)
	at org.activiti.engine.impl.RepositoryServiceImpl.deleteDeployment(RepositoryServiceImpl.java:90)
	at org.activiti.engine.impl.test.TestHelper.annotationDeploymentTearDown(TestHelper.java:116)
	at org.activiti.engine.impl.test.AbstractActivitiTestCase.runBare(AbstractActivitiTestCase.java:116)
	at junit.framework.TestResult$1.protect(TestResult.java:122)
	at junit.framework.TestResult.runProtected(TestResult.java:142)
	at junit.framework.TestResult.run(TestResult.java:125)
	at junit.framework.TestCase.run(TestCase.java:129)
	at junit.framework.TestSuite.runTest(TestSuite.java:255)
	at junit.framework.TestSuite.run(TestSuite.java:250)
	at org.junit.internal.runners.JUnit38ClassRunner.run(JUnit38ClassRunner.java:84)
	at org.apache.maven.surefire.junit4.JUnit4TestSet.execute(JUnit4TestSet.java:35)
	at org.apache.maven.surefire.junit4.JUnit4Provider.executeTestSet(JUnit4Provider.java:146)
	at org.apache.maven.surefire.junit4.JUnit4Provider.invoke(JUnit4Provider.java:97)
	at sun.reflect.NativeMethodAccessorImpl.invoke0(Native Method)
	at sun.reflect.NativeMethodAccessorImpl.invoke(NativeMethodAccessorImpl.java:62)
	at sun.reflect.DelegatingMethodAccessorImpl.invoke(DelegatingMethodAccessorImpl.java:43)
	at java.lang.reflect.Method.invoke(Method.java:498)
	at org.apache.maven.surefire.booter.ProviderFactory$ClassLoaderProxy.invoke(ProviderFactory.java:103)
	at com.sun.proxy.$Proxy0.invoke(Unknown Source)
	at org.apache.maven.surefire.booter.SurefireStarter.invokeProvider(SurefireStarter.java:145)
	at org.apache.maven.surefire.booter.SurefireStarter.runSuitesInProcess(SurefireStarter.java:87)
	at org.apache.maven.surefire.booter.ForkedBooter.main(ForkedBooter.java:69)
Caused by: org.h2.jdbc.JdbcSQLException: Syntax error in SQL statement &quot;SELECT RES.* 
       
    FROM ACT_RE_PROCDEF RES
     
     WHERE  RES.DEPLOYMENT_ID_ = ? 
   
     ORDER BY  ORDER[*] BY RES.ID_ ASC  
    LIMIT ? OFFSET ? &quot;; expected &quot;=, NOT, EXISTS, INTERSECTS, SELECT, FROM&quot;; SQL statement:
select RES.* 
       
    from ACT_RE_PROCDEF RES
     
     WHERE  RES.DEPLOYMENT_ID_ = ? 
   
     order by  order by RES.ID_ asc  
    LIMIT ? OFFSET ? [42001-176]
	at org.h2.message.DbException.getJdbcSQLException(DbException.java:344)
	at org.h2.message.DbException.getSyntaxError(DbException.java:204)
	at org.h2.command.Parser.getSyntaxError(Parser.java:524)
	at org.h2.command.Parser.readTerm(Parser.java:2688)
	at org.h2.command.Parser.readFactor(Parser.java:2244)
	at org.h2.command.Parser.readSum(Parser.java:2231)
	at org.h2.command.Parser.readConcat(Parser.java:2201)
	at org.h2.command.Parser.readCondition(Parser.java:2051)
	at org.h2.command.Parser.readAnd(Parser.java:2023)
	at org.h2.command.Parser.readExpression(Parser.java:2015)
	at org.h2.command.Parser.parseEndOfQuery(Parser.java:1726)
	at org.h2.command.Parser.parseSelectUnionExtension(Parser.java:1706)
	at org.h2.command.Parser.parseSelectUnion(Parser.java:1675)
	at org.h2.command.Parser.parseSelect(Parser.java:1662)
	at org.h2.command.Parser.parsePrepared(Parser.java:434)
	at org.h2.command.Parser.parse(Parser.java:306)
	at org.h2.command.Parser.parse(Parser.java:282)
	at org.h2.command.Parser.prepareCommand(Parser.java:243)
	at org.h2.engine.Session.prepareLocal(Session.java:442)
	at org.h2.engine.Session.prepareCommand(Session.java:384)
	at org.h2.jdbc.JdbcConnection.prepareCommand(JdbcConnection.java:1188)
	at org.h2.jdbc.JdbcPreparedStatement.&lt;init&gt;(JdbcPreparedStatement.java:73)
	at org.h2.jdbc.JdbcConnection.prepareStatement(JdbcConnection.java:276)
	at sun.reflect.GeneratedMethodAccessor6.invoke(Unknown Source)
	at sun.reflect.DelegatingMethodAccessorImpl.invoke(DelegatingMethodAccessorImpl.java:43)
	at java.lang.reflect.Method.invoke(Method.java:498)
	at org.apache.ibatis.datasource.pooled.PooledConnection.invoke(PooledConnection.java:245)
	at com.sun.proxy.$Proxy12.prepareStatement(Unknown Source)
	at sun.reflect.GeneratedMethodAccessor6.invoke(Unknown Source)
	at sun.reflect.DelegatingMethodAccessorImpl.invoke(DelegatingMethodAccessorImpl.java:43)
	at java.lang.reflect.Method.invoke(Method.java:498)
	at org.apache.ibatis.logging.jdbc.ConnectionLogger.invoke(ConnectionLogger.java:55)
	at com.sun.proxy.$Proxy12.prepareStatement(Unknown Source)
	at org.apache.ibatis.executor.statement.PreparedStatementHandler.instantiateStatement(PreparedStatementHandler.java:79)
	at org.apache.ibatis.executor.statement.BaseStatementHandler.prepare(BaseStatementHandler.java:88)
	at org.apache.ibatis.executor.statement.RoutingStatementHandler.prepare(RoutingStatementHandler.java:58)
	at org.apache.ibatis.executor.SimpleExecutor.prepareStatement(SimpleExecutor.java:76)
	at org.apache.ibatis.executor.SimpleExecutor.doQuery(SimpleExecutor.java:61)
	at org.apache.ibatis.executor.BaseExecutor.queryFromDatabase(BaseExecutor.java:303)
	at org.apache.ibatis.executor.BaseExecutor.query(BaseExecutor.java:154)
	at org.apache.ibatis.executor.CachingExecutor.query(CachingExecutor.java:102)
	at org.apache.ibatis.executor.CachingExecutor.query(CachingExecutor.java:82)
	at org.apache.ibatis.session.defaults.DefaultSqlSession.selectList(DefaultSqlSession.java:120)
	... 37 more
</error>
    <system-out>10:47:09,807 [main] DEBUG org.activiti.engine.impl.test.TestHelper  - annotation @Deployment creates deployment for SubProcessTest.testSimpleParallelSubProcessWithTimer
10:47:09,808 [main] DEBUG org.activiti.engine.impl.interceptor.LogInterceptor  - 

10:47:09,808 [main] DEBUG org.activiti.engine.impl.interceptor.LogInterceptor  - --- starting DeployCmd --------------------------------------------------------
10:47:09,808 [main] DEBUG org.activiti.engine.impl.bpmn.deployer.BpmnDeployer  - Processing deployment SubProcessTest.testSimpleParallelSubProcessWithTimer
10:47:09,808 [main] INFO  org.activiti.engine.impl.bpmn.deployer.BpmnDeployer  - Processing resource org/activiti/engine/test/bpmn/subprocess/SubProcessTest.testSimpleParallelSubProcessWithTimer.bpmn20.xml
10:47:09,815 [main] DEBUG org.activiti.engine.impl.bpmn.parser.handler.ProcessParseHandler  - Parsing process simpleParallelSubProcessWithTimer
10:47:09,815 [main] DEBUG org.activiti.engine.impl.bpmn.parser.handler.AbstractBpmnParseHandler  - Parsing activity subProcess
10:47:09,815 [main] DEBUG org.activiti.engine.impl.bpmn.parser.handler.AbstractBpmnParseHandler  - Parsing activity subProcessFork
10:47:09,815 [main] DEBUG org.activiti.engine.impl.bpmn.parser.handler.AbstractBpmnParseHandler  - Parsing activity task1
10:47:09,815 [main] DEBUG org.activiti.engine.impl.bpmn.parser.handler.AbstractBpmnParseHandler  - Parsing activity task2
10:47:09,815 [main] DEBUG org.activiti.engine.impl.bpmn.parser.handler.AbstractBpmnParseHandler  - Parsing activity subProcessJoin
10:47:09,815 [main] DEBUG org.activiti.engine.impl.bpmn.parser.handler.AbstractBpmnParseHandler  - Parsing activity subProcessStart
10:47:09,815 [main] DEBUG org.activiti.engine.impl.bpmn.parser.handler.AbstractBpmnParseHandler  - Parsing activity subProcessEnd
10:47:09,815 [main] DEBUG org.activiti.engine.impl.bpmn.parser.handler.AbstractBpmnParseHandler  - Parsing activity taskAfterTimer
10:47:09,815 [main] DEBUG org.activiti.engine.impl.bpmn.parser.handler.AbstractBpmnParseHandler  - Parsing activity taskAfterSubProcess
10:47:09,815 [main] DEBUG org.activiti.engine.impl.bpmn.parser.handler.AbstractBpmnParseHandler  - Parsing activity theStart
10:47:09,815 [main] DEBUG org.activiti.engine.impl.bpmn.parser.handler.AbstractBpmnParseHandler  - Parsing activity theEnd1
10:47:09,815 [main] DEBUG org.activiti.engine.impl.bpmn.parser.handler.AbstractBpmnParseHandler  - Parsing activity theEnd
10:47:09,815 [main] DEBUG org.activiti.engine.impl.bpmn.parser.handler.AbstractBpmnParseHandler  - Parsing activity timer
10:47:09,815 [main] DEBUG org.apache.ibatis.transaction.jdbc.JdbcTransaction  - Opening JDBC Connection
10:47:09,816 [main] DEBUG org.apache.ibatis.datasource.pooled.PooledDataSource  - Checked out connection 180014677 from pool.
10:47:09,816 [main] DEBUG org.apache.ibatis.transaction.jdbc.JdbcTransaction  - Setting autocommit to false on JDBC Connection [conn3: url=jdbc:h2:mem:activiti user=SA]
10:47:09,816 [main] DEBUG org.activiti.engine.impl.persistence.entity.ProcessDefinitionEntity.selectLatestProcessDefinitionByKey  - ==&gt;  Preparing: select * from ACT_RE_PROCDEF where KEY_ = ? and (TENANT_ID_ = &apos;&apos; or TENANT_ID_ is null) and VERSION_ = (select max(VERSION_) from ACT_RE_PROCDEF where KEY_ = ? and (TENANT_ID_ = &apos;&apos; or TENANT_ID_ is null)) 
10:47:09,816 [main] DEBUG org.activiti.engine.impl.persistence.entity.ProcessDefinitionEntity.selectLatestProcessDefinitionByKey  - ==&gt; Parameters: simpleParallelSubProcessWithTimer(String), simpleParallelSubProcessWithTimer(String)
10:47:09,816 [main] DEBUG org.activiti.engine.impl.persistence.entity.ProcessDefinitionEntity.selectLatestProcessDefinitionByKey  - &lt;==      Total: 0
10:47:09,816 [main] DEBUG org.activiti.engine.impl.persistence.entity.JobEntity.selectJobByTypeAndProcessDefinitionKeyNoTenantId  - ==&gt;  Preparing: select J.* from ACT_RU_JOB J inner join ACT_RE_PROCDEF P on J.PROC_DEF_ID_ = P.ID_ where J.HANDLER_TYPE_ = ? and P.KEY_ = ? and (P.TENANT_ID_ = &apos;&apos; or P.TENANT_ID_ is null) 
10:47:09,816 [main] DEBUG org.activiti.engine.impl.persistence.entity.JobEntity.selectJobByTypeAndProcessDefinitionKeyNoTenantId  - ==&gt; Parameters: timer-start-event(String), simpleParallelSubProcessWithTimer(String)
10:47:09,816 [main] DEBUG org.activiti.engine.impl.persistence.entity.JobEntity.selectJobByTypeAndProcessDefinitionKeyNoTenantId  - &lt;==      Total: 0
10:47:09,816 [main] DEBUG org.activiti.engine.impl.persistence.entity.ProcessDefinitionInfoEntity.selectProcessDefinitionInfoByProcessDefinitionId  - ==&gt;  Preparing: select * from ACT_PROCDEF_INFO where PROC_DEF_ID_ = ? 
10:47:09,816 [main] DEBUG org.activiti.engine.impl.persistence.entity.ProcessDefinitionInfoEntity.selectProcessDefinitionInfoByProcessDefinitionId  - ==&gt; Parameters: simpleParallelSubProcessWithTimer:1:166(String)
10:47:09,816 [main] DEBUG org.activiti.engine.impl.persistence.entity.ProcessDefinitionInfoEntity.selectProcessDefinitionInfoByProcessDefinitionId  - &lt;==      Total: 0
10:47:09,816 [main] DEBUG org.activiti.engine.impl.interceptor.LogInterceptor  - 

10:47:09,816 [main] DEBUG org.activiti.engine.impl.interceptor.LogInterceptor  - --- starting GetProcessDefinitionInfoCmd --------------------------------------------------------
10:47:09,816 [main] DEBUG org.activiti.engine.impl.interceptor.CommandContextInterceptor  - Valid context found. Reusing it for the current command &apos;org.activiti.engine.impl.cmd.GetProcessDefinitionInfoCmd&apos;
10:47:09,816 [main] DEBUG org.activiti.engine.impl.interceptor.LogInterceptor  - 

10:47:09,816 [main] DEBUG org.activiti.engine.impl.interceptor.LogInterceptor  - --- starting  --------------------------------------------------------
10:47:09,816 [main] DEBUG org.activiti.engine.impl.interceptor.CommandContextInterceptor  - Valid context found. Reusing it for the current command &apos;null&apos;
10:47:09,816 [main] DEBUG org.activiti.engine.impl.interceptor.LogInterceptor  - ---  finished --------------------------------------------------------
10:47:09,816 [main] DEBUG org.activiti.engine.impl.interceptor.LogInterceptor  - 

10:47:09,816 [main] DEBUG org.activiti.engine.impl.interceptor.LogInterceptor  - --- GetProcessDefinitionInfoCmd finished --------------------------------------------------------
10:47:09,817 [main] DEBUG org.activiti.engine.impl.interceptor.LogInterceptor  - 

10:47:09,817 [main] DEBUG org.activiti.engine.impl.db.DbSqlSession  -   insert ResourceEntity[id=165, name=org/activiti/engine/test/bpmn/subprocess/SubProcessTest.testSimpleParallelSubProcessWithTimer.bpmn20.xml]
10:47:09,817 [main] DEBUG org.activiti.engine.impl.db.DbSqlSession  -   insert DeploymentEntity[id=164, name=SubProcessTest.testSimpleParallelSubProcessWithTimer]
10:47:09,817 [main] DEBUG org.activiti.engine.impl.db.DbSqlSession  -   insert ProcessDefinitionEntity[simpleParallelSubProcessWithTimer:1:166]
10:47:09,817 [main] DEBUG org.activiti.engine.impl.db.DbSqlSession  - flush summary: 3 insert, 0 update, 0 delete.
10:47:09,817 [main] DEBUG org.activiti.engine.impl.db.DbSqlSession  - now executing flush...
10:47:09,817 [main] DEBUG org.activiti.engine.impl.db.DbSqlSession  - inserting: ProcessDefinitionEntity[simpleParallelSubProcessWithTimer:1:166]
10:47:09,817 [main] DEBUG org.activiti.engine.impl.persistence.entity.ProcessDefinitionEntity.insertProcessDefinition  - ==&gt;  Preparing: insert into ACT_RE_PROCDEF(ID_, REV_, CATEGORY_, NAME_, KEY_, VERSION_, DEPLOYMENT_ID_, RESOURCE_NAME_, DGRM_RESOURCE_NAME_, DESCRIPTION_, HAS_START_FORM_KEY_, HAS_GRAPHICAL_NOTATION_ , SUSPENSION_STATE_, TENANT_ID_) values (?, 1, ?, ?, ?, ?, ?, ?, ?, ?, ?, ?, ?, ?) 
10:47:09,817 [main] DEBUG org.activiti.engine.impl.persistence.entity.ProcessDefinitionEntity.insertProcessDefinition  - ==&gt; Parameters: simpleParallelSubProcessWithTimer:1:166(String), Examples(String), null, simpleParallelSubProcessWithTimer(String), 1(Integer), 164(String), org/activiti/engine/test/bpmn/subprocess/SubProcessTest.testSimpleParallelSubProcessWithTimer.bpmn20.xml(String), null, null, false(Boolean), false(Boolean), 1(Integer), (String)
10:47:09,817 [main] DEBUG org.activiti.engine.impl.persistence.entity.ProcessDefinitionEntity.insertProcessDefinition  - &lt;==    Updates: 1
10:47:09,817 [main] DEBUG org.activiti.engine.impl.db.DbSqlSession  - inserting: DeploymentEntity[id=164, name=SubProcessTest.testSimpleParallelSubProcessWithTimer]
10:47:09,817 [main] DEBUG org.activiti.engine.impl.persistence.entity.DeploymentEntity.insertDeployment  - ==&gt;  Preparing: insert into ACT_RE_DEPLOYMENT(ID_, NAME_, CATEGORY_, TENANT_ID_, DEPLOY_TIME_) values(?, ?, ?, ?, ?) 
10:47:09,817 [main] DEBUG org.activiti.engine.impl.persistence.entity.DeploymentEntity.insertDeployment  - ==&gt; Parameters: 164(String), SubProcessTest.testSimpleParallelSubProcessWithTimer(String), null, (String), 2023-03-20 10:46:46.742(Timestamp)
10:47:09,817 [main] DEBUG org.activiti.engine.impl.persistence.entity.DeploymentEntity.insertDeployment  - &lt;==    Updates: 1
10:47:09,817 [main] DEBUG org.activiti.engine.impl.db.DbSqlSession  - inserting: ResourceEntity[id=165, name=org/activiti/engine/test/bpmn/subprocess/SubProcessTest.testSimpleParallelSubProcessWithTimer.bpmn20.xml]
10:47:09,817 [main] DEBUG org.activiti.engine.impl.persistence.entity.ResourceEntity.insertResource  - ==&gt;  Preparing: insert into ACT_GE_BYTEARRAY(ID_, REV_, NAME_, BYTES_, DEPLOYMENT_ID_, GENERATED_) values (?, 1, ?, ?, ?, ?) 
10:47:09,817 [main] DEBUG org.activiti.engine.impl.persistence.entity.ResourceEntity.insertResource  - ==&gt; Parameters: 165(String), org/activiti/engine/test/bpmn/subprocess/SubProcessTest.testSimpleParallelSubProcessWithTimer.bpmn20.xml(String), java.io.ByteArrayInputStream@7daa8bc2(ByteArrayInputStream), 164(String), false(Boolean)
10:47:09,817 [main] DEBUG org.activiti.engine.impl.persistence.entity.ResourceEntity.insertResource  - &lt;==    Updates: 1
10:47:09,817 [main] DEBUG org.activiti.engine.impl.cfg.standalone.StandaloneMybatisTransactionContext  - firing event committing...
10:47:09,817 [main] DEBUG org.activiti.engine.impl.cfg.standalone.StandaloneMybatisTransactionContext  - committing the ibatis sql session...
10:47:09,817 [main] DEBUG org.apache.ibatis.transaction.jdbc.JdbcTransaction  - Committing JDBC Connection [conn3: url=jdbc:h2:mem:activiti user=SA]
10:47:09,817 [main] DEBUG org.activiti.engine.impl.cfg.standalone.StandaloneMybatisTransactionContext  - firing event committed...
10:47:09,818 [main] DEBUG org.apache.ibatis.transaction.jdbc.JdbcTransaction  - Resetting autocommit to true on JDBC Connection [conn3: url=jdbc:h2:mem:activiti user=SA]
10:47:09,818 [main] DEBUG org.apache.ibatis.transaction.jdbc.JdbcTransaction  - Closing JDBC Connection [conn3: url=jdbc:h2:mem:activiti user=SA]
10:47:09,818 [main] DEBUG org.apache.ibatis.datasource.pooled.PooledDataSource  - Returned connection 180014677 to pool.
10:47:09,818 [main] DEBUG org.activiti.engine.impl.interceptor.LogInterceptor  - --- DeployCmd finished --------------------------------------------------------
10:47:09,818 [main] DEBUG org.activiti.engine.impl.interceptor.LogInterceptor  - 

10:47:09,818 [main] DEBUG org.activiti.engine.impl.test.PvmTestCase  - 

10:47:09,818 [main] DEBUG org.activiti.engine.impl.test.PvmTestCase  - #### START SubProcessTest.testSimpleParallelSubProcessWithTimer ###########################################################
10:47:09,818 [main] DEBUG org.activiti.engine.impl.interceptor.LogInterceptor  - 

10:47:09,818 [main] DEBUG org.activiti.engine.impl.interceptor.LogInterceptor  - --- starting StartProcessInstanceCmd --------------------------------------------------------
10:47:09,818 [main] DEBUG org.apache.ibatis.transaction.jdbc.JdbcTransaction  - Opening JDBC Connection
10:47:09,818 [main] DEBUG org.apache.ibatis.datasource.pooled.PooledDataSource  - Checked out connection 486346394 from pool.
10:47:09,818 [main] DEBUG org.apache.ibatis.transaction.jdbc.JdbcTransaction  - Setting autocommit to false on JDBC Connection [conn6: url=jdbc:h2:mem:activiti user=SA]
10:47:09,818 [main] DEBUG org.activiti.engine.impl.persistence.entity.ProcessDefinitionEntity.selectLatestProcessDefinitionByKey  - ==&gt;  Preparing: select * from ACT_RE_PROCDEF where KEY_ = ? and (TENANT_ID_ = &apos;&apos; or TENANT_ID_ is null) and VERSION_ = (select max(VERSION_) from ACT_RE_PROCDEF where KEY_ = ? and (TENANT_ID_ = &apos;&apos; or TENANT_ID_ is null)) 
10:47:09,818 [main] DEBUG org.activiti.engine.impl.persistence.entity.ProcessDefinitionEntity.selectLatestProcessDefinitionByKey  - ==&gt; Parameters: simpleParallelSubProcessWithTimer(String), simpleParallelSubProcessWithTimer(String)
10:47:09,818 [main] DEBUG org.activiti.engine.impl.persistence.entity.ProcessDefinitionEntity.selectLatestProcessDefinitionByKey  - &lt;==      Total: 1
10:47:09,818 [main] DEBUG org.activiti.engine.impl.persistence.entity.ExecutionEntity  - initializing ProcessInstance[167]
10:47:09,818 [main] DEBUG org.activiti.engine.impl.history.DefaultHistoryManager  - Current history level: FULL, level required: ACTIVITY
10:47:09,818 [main] DEBUG org.activiti.engine.impl.pvm.runtime.AtomicOperationActivityExecute  - ProcessInstance[167] executes Activity(theStart): org.activiti.engine.impl.bpmn.behavior.NoneStartEventActivityBehavior
10:47:09,818 [main] DEBUG org.activiti.engine.impl.persistence.entity.JobEntity.selectJobsByExecutionId  - ==&gt;  Preparing: select * from ACT_RU_JOB J where J.EXECUTION_ID_ = ? 
10:47:09,819 [main] DEBUG org.activiti.engine.impl.persistence.entity.JobEntity.selectJobsByExecutionId  - ==&gt; Parameters: 167(String)
10:47:09,819 [main] DEBUG org.activiti.engine.impl.persistence.entity.JobEntity.selectJobsByExecutionId  - &lt;==      Total: 0
10:47:09,819 [main] DEBUG org.activiti.engine.impl.bpmn.behavior.BpmnActivityBehavior  - Leaving activity &apos;theStart&apos;
10:47:09,819 [main] DEBUG org.activiti.engine.impl.history.DefaultHistoryManager  - Current history level: FULL, level required: ACTIVITY
10:47:09,819 [main] DEBUG org.activiti.engine.impl.pvm.runtime.AtomicOperationTransitionNotifyListenerTake  - ProcessInstance[167] takes transition (theStart)--flow1--&gt;(subProcess)
10:47:09,819 [main] DEBUG org.activiti.engine.impl.persistence.entity.ExecutionEntity  - Child execution ScopeExecution[169] created with parent 
10:47:09,819 [main] DEBUG org.activiti.engine.impl.pvm.runtime.AtomicOperationTransitionCreateScope  - create scope: parent ProcessInstance[167] continues as execution ScopeExecution[169]
10:47:09,819 [main] DEBUG org.activiti.engine.impl.persistence.entity.ExecutionEntity  - initializing ScopeExecution[169]
10:47:09,819 [main] DEBUG org.activiti.engine.impl.persistence.entity.JobEntity.selectJobsByExecutionId  - ==&gt;  Preparing: select * from ACT_RU_JOB J where J.EXECUTION_ID_ = ? 
10:47:09,819 [main] DEBUG org.activiti.engine.impl.persistence.entity.JobEntity.selectJobsByExecutionId  - ==&gt; Parameters: 169(String)
10:47:09,819 [main] DEBUG org.activiti.engine.impl.persistence.entity.JobEntity.selectJobsByExecutionId  - &lt;==      Total: 0
10:47:09,820 [main] DEBUG org.activiti.engine.impl.history.DefaultHistoryManager  - Current history level: FULL, level required: ACTIVITY
10:47:09,820 [main] DEBUG org.activiti.engine.impl.pvm.runtime.AtomicOperationActivityExecute  - ScopeExecution[169] executes Activity(subProcess): org.activiti.engine.impl.bpmn.behavior.SubProcessActivityBehavior
10:47:09,820 [main] DEBUG org.activiti.engine.impl.history.DefaultHistoryManager  - Current history level: FULL, level required: ACTIVITY
10:47:09,820 [main] DEBUG org.activiti.engine.impl.pvm.runtime.AtomicOperationActivityExecute  - ScopeExecution[169] executes Activity(subProcessStart): org.activiti.engine.impl.bpmn.behavior.NoneStartEventActivityBehavior
10:47:09,820 [main] DEBUG org.activiti.engine.impl.bpmn.behavior.BpmnActivityBehavior  - Leaving activity &apos;subProcessStart&apos;
10:47:09,820 [main] DEBUG org.activiti.engine.impl.history.DefaultHistoryManager  - Current history level: FULL, level required: ACTIVITY
10:47:09,820 [main] DEBUG org.activiti.engine.impl.pvm.runtime.AtomicOperationTransitionNotifyListenerTake  - ScopeExecution[169] takes transition (subProcessStart)--flow2--&gt;(subProcessFork)
10:47:09,820 [main] DEBUG org.activiti.engine.impl.history.DefaultHistoryManager  - Current history level: FULL, level required: ACTIVITY
10:47:09,820 [main] DEBUG org.activiti.engine.impl.pvm.runtime.AtomicOperationActivityExecute  - ScopeExecution[169] executes Activity(subProcessFork): org.activiti.engine.impl.bpmn.behavior.ParallelGatewayActivityBehavior
10:47:09,820 [main] DEBUG org.activiti.engine.impl.persistence.entity.ExecutionEntity  - inactive concurrent executions in &apos;Activity(subProcessFork)&apos;: [ScopeExecution[169]]
10:47:09,820 [main] DEBUG org.activiti.engine.impl.persistence.entity.ExecutionEntity  - other concurrent executions: []
10:47:09,820 [main] DEBUG org.activiti.engine.impl.history.DefaultHistoryManager  - Current history level: FULL, level required: ACTIVITY
10:47:09,820 [main] DEBUG org.activiti.engine.impl.bpmn.behavior.ParallelGatewayActivityBehavior  - parallel gateway &apos;subProcessFork&apos; activates: 1 of 1 joined
10:47:09,820 [main] DEBUG org.activiti.engine.impl.persistence.entity.ExecutionEntity  - transitions to take concurrent: [(subProcessFork)--flow3--&gt;(task1), (subProcessFork)--flow4--&gt;(task2)]
10:47:09,820 [main] DEBUG org.activiti.engine.impl.persistence.entity.ExecutionEntity  - active concurrent executions: []
10:47:09,820 [main] DEBUG org.activiti.engine.impl.persistence.entity.ExecutionEntity  - recyclable executions for reuse: []
10:47:09,820 [main] DEBUG org.activiti.engine.impl.persistence.entity.ExecutionEntity  - Child execution ScopeExecution[174] created with parent 
10:47:09,820 [main] DEBUG org.activiti.engine.impl.persistence.entity.ExecutionEntity  - new ScopeExecution[174] with parent ScopeExecution[169] created to take transition (subProcessFork)--flow3--&gt;(task1)
10:47:09,820 [main] DEBUG org.activiti.engine.impl.persistence.entity.ExecutionEntity  - Child execution ScopeExecution[175] created with parent 
10:47:09,821 [main] DEBUG org.activiti.engine.impl.persistence.entity.ExecutionEntity  - new ScopeExecution[175] with parent ScopeExecution[169] created to take transition (subProcessFork)--flow4--&gt;(task2)
10:47:09,821 [main] DEBUG org.activiti.engine.impl.history.DefaultHistoryManager  - Current history level: FULL, level required: ACTIVITY
10:47:09,821 [main] DEBUG org.activiti.engine.impl.persistence.entity.HistoricActivityInstanceEntity.selectHistoricActivityInstancesByQueryCriteria  - ==&gt;  Preparing: select RES.* from ACT_HI_ACTINST RES WHERE RES.EXECUTION_ID_ = ? and RES.ACT_ID_ = ? and RES.END_TIME_ is null order by order by RES.ID_ asc LIMIT ? OFFSET ? 
10:47:09,821 [main] DEBUG org.activiti.engine.impl.interceptor.CommandContext  - Error while closing command context
org.apache.ibatis.exceptions.PersistenceException: 
### Error querying database.  Cause: org.h2.jdbc.JdbcSQLException: Syntax error in SQL statement &quot;SELECT RES.* 
     
    FROM ACT_HI_ACTINST RES
     WHERE  RES.EXECUTION_ID_ = ?
      
      
      
        AND RES.ACT_ID_ = ?
      
      
      
      
      
      
      
      
        AND RES.END_TIME_ IS NULL 
   
     ORDER BY  ORDER[*] BY RES.ID_ ASC  
    LIMIT ? OFFSET ? &quot;; expected &quot;=, NOT, EXISTS, INTERSECTS, SELECT, FROM&quot;; SQL statement:
select RES.* 
     
    from ACT_HI_ACTINST RES
     WHERE  RES.EXECUTION_ID_ = ?
      
      
      
        and RES.ACT_ID_ = ?
      
      
      
      
      
      
      
      
        and RES.END_TIME_ is null 
   
     order by  order by RES.ID_ asc  
    LIMIT ? OFFSET ? [42001-176]
### The error may exist in org/activiti/db/mapping/entity/HistoricActivityInstance.xml
### The error may involve org.activiti.engine.impl.persistence.entity.HistoricActivityInstanceEntity.selectHistoricActivityInstancesByQueryCriteria
### The error occurred while executing a query
### SQL: select RES.*            from ACT_HI_ACTINST RES      WHERE  RES.EXECUTION_ID_ = ?                              and RES.ACT_ID_ = ?                                                                 and RES.END_TIME_ is null           order by  order by RES.ID_ asc       LIMIT ? OFFSET ?
### Cause: org.h2.jdbc.JdbcSQLException: Syntax error in SQL statement &quot;SELECT RES.* 
     
    FROM ACT_HI_ACTINST RES
     WHERE  RES.EXECUTION_ID_ = ?
      
      
      
        AND RES.ACT_ID_ = ?
      
      
      
      
      
      
      
      
        AND RES.END_TIME_ IS NULL 
   
     ORDER BY  ORDER[*] BY RES.ID_ ASC  
    LIMIT ? OFFSET ? &quot;; expected &quot;=, NOT, EXISTS, INTERSECTS, SELECT, FROM&quot;; SQL statement:
select RES.* 
     
    from ACT_HI_ACTINST RES
     WHERE  RES.EXECUTION_ID_ = ?
      
      
      
        and RES.ACT_ID_ = ?
      
      
      
      
      
      
      
      
        and RES.END_TIME_ is null 
   
     order by  order by RES.ID_ asc  
    LIMIT ? OFFSET ? [42001-176]
	at org.apache.ibatis.exceptions.ExceptionFactory.wrapException(ExceptionFactory.java:30)
	at org.apache.ibatis.session.defaults.DefaultSqlSession.selectList(DefaultSqlSession.java:122)
	at org.apache.ibatis.session.defaults.DefaultSqlSession.selectList(DefaultSqlSession.java:113)
	at org.activiti.engine.impl.db.DbSqlSession.selectListWithRawParameter(DbSqlSession.java:438)
	at org.activiti.engine.impl.db.DbSqlSession.selectList(DbSqlSession.java:429)
	at org.activiti.engine.impl.db.DbSqlSession.selectList(DbSqlSession.java:419)
	at org.activiti.engine.impl.persistence.entity.HistoricActivityInstanceEntityManager.findHistoricActivityInstancesByQueryCriteria(HistoricActivityInstanceEntityManager.java:56)
	at org.activiti.engine.impl.HistoricActivityInstanceQueryImpl.executeList(HistoricActivityInstanceQueryImpl.java:70)
	at org.activiti.engine.impl.AbstractQuery.listPage(AbstractQuery.java:151)
	at org.activiti.engine.impl.history.DefaultHistoryManager.findActivityInstance(DefaultHistoryManager.java:355)
	at org.activiti.engine.impl.history.DefaultHistoryManager.recordActivityEnd(DefaultHistoryManager.java:281)
	at org.activiti.engine.impl.history.handler.ActivityInstanceEndHandler.notify(ActivityInstanceEndHandler.java:29)
	at org.activiti.engine.impl.pvm.runtime.AbstractEventAtomicOperation.execute(AbstractEventAtomicOperation.java:42)
	at org.activiti.engine.impl.interceptor.CommandContext.performOperation(CommandContext.java:97)
	at org.activiti.engine.impl.persistence.entity.ExecutionEntity.performOperationSync(ExecutionEntity.java:636)
	at org.activiti.engine.impl.persistence.entity.ExecutionEntity.performOperation(ExecutionEntity.java:629)
	at org.activiti.engine.impl.persistence.entity.ExecutionEntity.take(ExecutionEntity.java:453)
	at org.activiti.engine.impl.pvm.runtime.OutgoingExecution.take(OutgoingExecution.java:48)
	at org.activiti.engine.impl.persistence.entity.ExecutionEntity.takeAll(ExecutionEntity.java:589)
	at org.activiti.engine.impl.bpmn.behavior.ParallelGatewayActivityBehavior.execute(ParallelGatewayActivityBehavior.java:78)
	at org.activiti.engine.impl.pvm.runtime.AtomicOperationActivityExecute.execute(AtomicOperationActivityExecute.java:60)
	at org.activiti.engine.impl.interceptor.CommandContext.performOperation(CommandContext.java:97)
	at org.activiti.engine.impl.persistence.entity.ExecutionEntity.performOperationSync(ExecutionEntity.java:636)
	at org.activiti.engine.impl.persistence.entity.ExecutionEntity.performOperation(ExecutionEntity.java:629)
	at org.activiti.engine.impl.pvm.runtime.AtomicOperationTransitionNotifyListenerStart.eventNotificationsCompleted(AtomicOperationTransitionNotifyListenerStart.java:52)
	at org.activiti.engine.impl.pvm.runtime.AbstractEventAtomicOperation.execute(AbstractEventAtomicOperation.java:56)
	at org.activiti.engine.impl.interceptor.CommandContext.performOperation(CommandContext.java:97)
	at org.activiti.engine.impl.persistence.entity.ExecutionEntity.performOperationSync(ExecutionEntity.java:636)
	at org.activiti.engine.impl.persistence.entity.ExecutionEntity.performOperation(ExecutionEntity.java:629)
	at org.activiti.engine.impl.pvm.runtime.AbstractEventAtomicOperation.execute(AbstractEventAtomicOperation.java:49)
	at org.activiti.engine.impl.interceptor.CommandContext.performOperation(CommandContext.java:97)
	at org.activiti.engine.impl.persistence.entity.ExecutionEntity.performOperationSync(ExecutionEntity.java:636)
	at org.activiti.engine.impl.persistence.entity.ExecutionEntity.performOperation(ExecutionEntity.java:629)
	at org.activiti.engine.impl.pvm.runtime.AtomicOperationTransitionCreateScope.execute(AtomicOperationTransitionCreateScope.java:49)
	at org.activiti.engine.impl.interceptor.CommandContext.performOperation(CommandContext.java:97)
	at org.activiti.engine.impl.persistence.entity.ExecutionEntity.performOperationSync(ExecutionEntity.java:636)
	at org.activiti.engine.impl.persistence.entity.ExecutionEntity.performOperation(ExecutionEntity.java:629)
	at org.activiti.engine.impl.pvm.runtime.AtomicOperationTransitionNotifyListenerTake.execute(AtomicOperationTransitionNotifyListenerTake.java:80)
	at org.activiti.engine.impl.interceptor.CommandContext.performOperation(CommandContext.java:97)
	at org.activiti.engine.impl.persistence.entity.ExecutionEntity.performOperationSync(ExecutionEntity.java:636)
	at org.activiti.engine.impl.persistence.entity.ExecutionEntity.performOperation(ExecutionEntity.java:629)
	at org.activiti.engine.impl.pvm.runtime.AtomicOperationTransitionDestroyScope.execute(AtomicOperationTransitionDestroyScope.java:116)
	at org.activiti.engine.impl.interceptor.CommandContext.performOperation(CommandContext.java:97)
	at org.activiti.engine.impl.persistence.entity.ExecutionEntity.performOperationSync(ExecutionEntity.java:636)
	at org.activiti.engine.impl.persistence.entity.ExecutionEntity.performOperation(ExecutionEntity.java:629)
	at org.activiti.engine.impl.pvm.runtime.AtomicOperationTransitionNotifyListenerEnd.eventNotificationsCompleted(AtomicOperationTransitionNotifyListenerEnd.java:35)
	at org.activiti.engine.impl.pvm.runtime.AbstractEventAtomicOperation.execute(AbstractEventAtomicOperation.java:56)
	at org.activiti.engine.impl.interceptor.CommandContext.performOperation(CommandContext.java:97)
	at org.activiti.engine.impl.persistence.entity.ExecutionEntity.performOperationSync(ExecutionEntity.java:636)
	at org.activiti.engine.impl.persistence.entity.ExecutionEntity.performOperation(ExecutionEntity.java:629)
	at org.activiti.engine.impl.pvm.runtime.AbstractEventAtomicOperation.execute(AbstractEventAtomicOperation.java:49)
	at org.activiti.engine.impl.interceptor.CommandContext.performOperation(CommandContext.java:97)
	at org.activiti.engine.impl.persistence.entity.ExecutionEntity.performOperationSync(ExecutionEntity.java:636)
	at org.activiti.engine.impl.persistence.entity.ExecutionEntity.performOperation(ExecutionEntity.java:629)
	at org.activiti.engine.impl.persistence.entity.ExecutionEntity.take(ExecutionEntity.java:453)
	at org.activiti.engine.impl.persistence.entity.ExecutionEntity.take(ExecutionEntity.java:431)
	at org.activiti.engine.impl.bpmn.behavior.BpmnActivityBehavior.performOutgoingBehavior(BpmnActivityBehavior.java:140)
	at org.activiti.engine.impl.bpmn.behavior.BpmnActivityBehavior.performDefaultOutgoingBehavior(BpmnActivityBehavior.java:66)
	at org.activiti.engine.impl.bpmn.behavior.FlowNodeActivityBehavior.leave(FlowNodeActivityBehavior.java:44)
	at org.activiti.engine.impl.bpmn.behavior.FlowNodeActivityBehavior.execute(FlowNodeActivityBehavior.java:36)
	at org.activiti.engine.impl.pvm.runtime.AtomicOperationActivityExecute.execute(AtomicOperationActivityExecute.java:60)
	at org.activiti.engine.impl.interceptor.CommandContext.performOperation(CommandContext.java:97)
	at org.activiti.engine.impl.persistence.entity.ExecutionEntity.performOperationSync(ExecutionEntity.java:636)
	at org.activiti.engine.impl.persistence.entity.ExecutionEntity.performOperation(ExecutionEntity.java:629)
	at org.activiti.engine.impl.pvm.runtime.AtomicOperationActivityStart.eventNotificationsCompleted(AtomicOperationActivityStart.java:26)
	at org.activiti.engine.impl.pvm.runtime.AbstractEventAtomicOperation.execute(AbstractEventAtomicOperation.java:56)
	at org.activiti.engine.impl.interceptor.CommandContext.performOperation(CommandContext.java:97)
	at org.activiti.engine.impl.persistence.entity.ExecutionEntity.performOperationSync(ExecutionEntity.java:636)
	at org.activiti.engine.impl.persistence.entity.ExecutionEntity.performOperation(ExecutionEntity.java:629)
	at org.activiti.engine.impl.persistence.entity.ExecutionEntity.executeActivity(ExecutionEntity.java:458)
	at org.activiti.engine.impl.bpmn.behavior.SubProcessActivityBehavior.execute(SubProcessActivityBehavior.java:55)
	at org.activiti.engine.impl.pvm.runtime.AtomicOperationActivityExecute.execute(AtomicOperationActivityExecute.java:60)
	at org.activiti.engine.impl.interceptor.CommandContext.performOperation(CommandContext.java:97)
	at org.activiti.engine.impl.persistence.entity.ExecutionEntity.performOperationSync(ExecutionEntity.java:636)
	at org.activiti.engine.impl.persistence.entity.ExecutionEntity.performOperation(ExecutionEntity.java:629)
	at org.activiti.engine.impl.pvm.runtime.AtomicOperationTransitionNotifyListenerStart.eventNotificationsCompleted(AtomicOperationTransitionNotifyListenerStart.java:52)
	at org.activiti.engine.impl.pvm.runtime.AbstractEventAtomicOperation.execute(AbstractEventAtomicOperation.java:56)
	at org.activiti.engine.impl.interceptor.CommandContext.performOperation(CommandContext.java:97)
	at org.activiti.engine.impl.persistence.entity.ExecutionEntity.performOperationSync(ExecutionEntity.java:636)
	at org.activiti.engine.impl.persistence.entity.ExecutionEntity.performOperation(ExecutionEntity.java:629)
	at org.activiti.engine.impl.pvm.runtime.AbstractEventAtomicOperation.execute(AbstractEventAtomicOperation.java:49)
	at org.activiti.engine.impl.interceptor.CommandContext.performOperation(CommandContext.java:97)
	at org.activiti.engine.impl.persistence.entity.ExecutionEntity.performOperationSync(ExecutionEntity.java:636)
	at org.activiti.engine.impl.persistence.entity.ExecutionEntity.performOperation(ExecutionEntity.java:629)
	at org.activiti.engine.impl.pvm.runtime.AtomicOperationTransitionCreateScope.execute(AtomicOperationTransitionCreateScope.java:49)
	at org.activiti.engine.impl.interceptor.CommandContext.performOperation(CommandContext.java:97)
	at org.activiti.engine.impl.persistence.entity.ExecutionEntity.performOperationSync(ExecutionEntity.java:636)
	at org.activiti.engine.impl.persistence.entity.ExecutionEntity.performOperation(ExecutionEntity.java:629)
	at org.activiti.engine.impl.pvm.runtime.AtomicOperationTransitionNotifyListenerTake.execute(AtomicOperationTransitionNotifyListenerTake.java:80)
	at org.activiti.engine.impl.interceptor.CommandContext.performOperation(CommandContext.java:97)
	at org.activiti.engine.impl.persistence.entity.ExecutionEntity.performOperationSync(ExecutionEntity.java:636)
	at org.activiti.engine.impl.persistence.entity.ExecutionEntity.performOperation(ExecutionEntity.java:629)
	at org.activiti.engine.impl.pvm.runtime.AtomicOperationTransitionDestroyScope.execute(AtomicOperationTransitionDestroyScope.java:116)
	at org.activiti.engine.impl.interceptor.CommandContext.performOperation(CommandContext.java:97)
	at org.activiti.engine.impl.persistence.entity.ExecutionEntity.performOperationSync(ExecutionEntity.java:636)
	at org.activiti.engine.impl.persistence.entity.ExecutionEntity.performOperation(ExecutionEntity.java:629)
	at org.activiti.engine.impl.pvm.runtime.AtomicOperationTransitionNotifyListenerEnd.eventNotificationsCompleted(AtomicOperationTransitionNotifyListenerEnd.java:35)
	at org.activiti.engine.impl.pvm.runtime.AbstractEventAtomicOperation.execute(AbstractEventAtomicOperation.java:56)
	at org.activiti.engine.impl.interceptor.CommandContext.performOperation(CommandContext.java:97)
	at org.activiti.engine.impl.persistence.entity.ExecutionEntity.performOperationSync(ExecutionEntity.java:636)
	at org.activiti.engine.impl.persistence.entity.ExecutionEntity.performOperation(ExecutionEntity.java:629)
	at org.activiti.engine.impl.pvm.runtime.AbstractEventAtomicOperation.execute(AbstractEventAtomicOperation.java:49)
	at org.activiti.engine.impl.interceptor.CommandContext.performOperation(CommandContext.java:97)
	at org.activiti.engine.impl.persistence.entity.ExecutionEntity.performOperationSync(ExecutionEntity.java:636)
	at org.activiti.engine.impl.persistence.entity.ExecutionEntity.performOperation(ExecutionEntity.java:629)
	at org.activiti.engine.impl.persistence.entity.ExecutionEntity.take(ExecutionEntity.java:453)
	at org.activiti.engine.impl.persistence.entity.ExecutionEntity.take(ExecutionEntity.java:431)
	at org.activiti.engine.impl.bpmn.behavior.BpmnActivityBehavior.performOutgoingBehavior(BpmnActivityBehavior.java:140)
	at org.activiti.engine.impl.bpmn.behavior.BpmnActivityBehavior.performDefaultOutgoingBehavior(BpmnActivityBehavior.java:66)
	at org.activiti.engine.impl.bpmn.behavior.FlowNodeActivityBehavior.leave(FlowNodeActivityBehavior.java:44)
	at org.activiti.engine.impl.bpmn.behavior.FlowNodeActivityBehavior.execute(FlowNodeActivityBehavior.java:36)
	at org.activiti.engine.impl.pvm.runtime.AtomicOperationActivityExecute.execute(AtomicOperationActivityExecute.java:60)
	at org.activiti.engine.impl.interceptor.CommandContext.performOperation(CommandContext.java:97)
	at org.activiti.engine.impl.persistence.entity.ExecutionEntity.performOperationSync(ExecutionEntity.java:636)
	at org.activiti.engine.impl.persistence.entity.ExecutionEntity.performOperation(ExecutionEntity.java:629)
	at org.activiti.engine.impl.pvm.runtime.AtomicOperationProcessStartInitial.eventNotificationsCompleted(AtomicOperationProcessStartInitial.java:45)
	at org.activiti.engine.impl.pvm.runtime.AbstractEventAtomicOperation.execute(AbstractEventAtomicOperation.java:56)
	at org.activiti.engine.impl.interceptor.CommandContext.performOperation(CommandContext.java:97)
	at org.activiti.engine.impl.persistence.entity.ExecutionEntity.performOperationSync(ExecutionEntity.java:636)
	at org.activiti.engine.impl.persistence.entity.ExecutionEntity.performOperation(ExecutionEntity.java:629)
	at org.activiti.engine.impl.pvm.runtime.AtomicOperationProcessStart.eventNotificationsCompleted(AtomicOperationProcessStart.java:64)
	at org.activiti.engine.impl.pvm.runtime.AbstractEventAtomicOperation.execute(AbstractEventAtomicOperation.java:56)
	at org.activiti.engine.impl.interceptor.CommandContext.performOperation(CommandContext.java:97)
	at org.activiti.engine.impl.persistence.entity.ExecutionEntity.performOperationSync(ExecutionEntity.java:636)
	at org.activiti.engine.impl.persistence.entity.ExecutionEntity.performOperation(ExecutionEntity.java:629)
	at org.activiti.engine.impl.persistence.entity.ExecutionEntity.start(ExecutionEntity.java:381)
	at org.activiti.engine.impl.cmd.StartProcessInstanceCmd.execute(StartProcessInstanceCmd.java:110)
	at org.activiti.engine.impl.cmd.StartProcessInstanceCmd.execute(StartProcessInstanceCmd.java:37)
	at org.activiti.engine.impl.interceptor.CommandInvoker.execute(CommandInvoker.java:24)
	at org.activiti.engine.impl.interceptor.CommandContextInterceptor.execute(CommandContextInterceptor.java:57)
	at org.activiti.engine.impl.interceptor.LogInterceptor.execute(LogInterceptor.java:37)
	at org.activiti.engine.impl.cfg.CommandExecutorImpl.execute(CommandExecutorImpl.java:40)
	at org.activiti.engine.impl.cfg.CommandExecutorImpl.execute(CommandExecutorImpl.java:35)
	at org.activiti.engine.impl.RuntimeServiceImpl.startProcessInstanceByKey(RuntimeServiceImpl.java:69)
	at org.activiti.engine.test.bpmn.subprocess.SubProcessTest.testSimpleParallelSubProcessWithTimer(SubProcessTest.java:211)
	at sun.reflect.NativeMethodAccessorImpl.invoke0(Native Method)
	at sun.reflect.NativeMethodAccessorImpl.invoke(NativeMethodAccessorImpl.java:62)
	at sun.reflect.DelegatingMethodAccessorImpl.invoke(DelegatingMethodAccessorImpl.java:43)
	at java.lang.reflect.Method.invoke(Method.java:498)
	at junit.framework.TestCase.runTest(TestCase.java:176)
	at org.activiti.engine.impl.test.PvmTestCase.runTest(PvmTestCase.java:65)
	at junit.framework.TestCase.runBare(TestCase.java:141)
	at org.activiti.engine.impl.test.AbstractActivitiTestCase.runBare(AbstractActivitiTestCase.java:100)
	at junit.framework.TestResult$1.protect(TestResult.java:122)
	at junit.framework.TestResult.runProtected(TestResult.java:142)
	at junit.framework.TestResult.run(TestResult.java:125)
	at junit.framework.TestCase.run(TestCase.java:129)
	at junit.framework.TestSuite.runTest(TestSuite.java:255)
	at junit.framework.TestSuite.run(TestSuite.java:250)
	at org.junit.internal.runners.JUnit38ClassRunner.run(JUnit38ClassRunner.java:84)
	at org.apache.maven.surefire.junit4.JUnit4TestSet.execute(JUnit4TestSet.java:35)
	at org.apache.maven.surefire.junit4.JUnit4Provider.executeTestSet(JUnit4Provider.java:146)
	at org.apache.maven.surefire.junit4.JUnit4Provider.invoke(JUnit4Provider.java:97)
	at sun.reflect.NativeMethodAccessorImpl.invoke0(Native Method)
	at sun.reflect.NativeMethodAccessorImpl.invoke(NativeMethodAccessorImpl.java:62)
	at sun.reflect.DelegatingMethodAccessorImpl.invoke(DelegatingMethodAccessorImpl.java:43)
	at java.lang.reflect.Method.invoke(Method.java:498)
	at org.apache.maven.surefire.booter.ProviderFactory$ClassLoaderProxy.invoke(ProviderFactory.java:103)
	at com.sun.proxy.$Proxy0.invoke(Unknown Source)
	at org.apache.maven.surefire.booter.SurefireStarter.invokeProvider(SurefireStarter.java:145)
	at org.apache.maven.surefire.booter.SurefireStarter.runSuitesInProcess(SurefireStarter.java:87)
	at org.apache.maven.surefire.booter.ForkedBooter.main(ForkedBooter.java:69)
Caused by: org.h2.jdbc.JdbcSQLException: Syntax error in SQL statement &quot;SELECT RES.* 
     
    FROM ACT_HI_ACTINST RES
     WHERE  RES.EXECUTION_ID_ = ?
      
      
      
        AND RES.ACT_ID_ = ?
      
      
      
      
      
      
      
      
        AND RES.END_TIME_ IS NULL 
   
     ORDER BY  ORDER[*] BY RES.ID_ ASC  
    LIMIT ? OFFSET ? &quot;; expected &quot;=, NOT, EXISTS, INTERSECTS, SELECT, FROM&quot;; SQL statement:
select RES.* 
     
    from ACT_HI_ACTINST RES
     WHERE  RES.EXECUTION_ID_ = ?
      
      
      
        and RES.ACT_ID_ = ?
      
      
      
      
      
      
      
      
        and RES.END_TIME_ is null 
   
     order by  order by RES.ID_ asc  
    LIMIT ? OFFSET ? [42001-176]
	at org.h2.message.DbException.getJdbcSQLException(DbException.java:344)
	at org.h2.message.DbException.getSyntaxError(DbException.java:204)
	at org.h2.command.Parser.getSyntaxError(Parser.java:524)
	at org.h2.command.Parser.readTerm(Parser.java:2688)
	at org.h2.command.Parser.readFactor(Parser.java:2244)
	at org.h2.command.Parser.readSum(Parser.java:2231)
	at org.h2.command.Parser.readConcat(Parser.java:2201)
	at org.h2.command.Parser.readCondition(Parser.java:2051)
	at org.h2.command.Parser.readAnd(Parser.java:2023)
	at org.h2.command.Parser.readExpression(Parser.java:2015)
	at org.h2.command.Parser.parseEndOfQuery(Parser.java:1726)
	at org.h2.command.Parser.parseSelectUnionExtension(Parser.java:1706)
	at org.h2.command.Parser.parseSelectUnion(Parser.java:1675)
	at org.h2.command.Parser.parseSelect(Parser.java:1662)
	at org.h2.command.Parser.parsePrepared(Parser.java:434)
	at org.h2.command.Parser.parse(Parser.java:306)
	at org.h2.command.Parser.parse(Parser.java:282)
	at org.h2.command.Parser.prepareCommand(Parser.java:243)
	at org.h2.engine.Session.prepareLocal(Session.java:442)
	at org.h2.engine.Session.prepareCommand(Session.java:384)
	at org.h2.jdbc.JdbcConnection.prepareCommand(JdbcConnection.java:1188)
	at org.h2.jdbc.JdbcPreparedStatement.&lt;init&gt;(JdbcPreparedStatement.java:73)
	at org.h2.jdbc.JdbcConnection.prepareStatement(JdbcConnection.java:276)
	at sun.reflect.GeneratedMethodAccessor6.invoke(Unknown Source)
	at sun.reflect.DelegatingMethodAccessorImpl.invoke(DelegatingMethodAccessorImpl.java:43)
	at java.lang.reflect.Method.invoke(Method.java:498)
	at org.apache.ibatis.datasource.pooled.PooledConnection.invoke(PooledConnection.java:245)
	at com.sun.proxy.$Proxy12.prepareStatement(Unknown Source)
	at sun.reflect.GeneratedMethodAccessor6.invoke(Unknown Source)
	at sun.reflect.DelegatingMethodAccessorImpl.invoke(DelegatingMethodAccessorImpl.java:43)
	at java.lang.reflect.Method.invoke(Method.java:498)
	at org.apache.ibatis.logging.jdbc.ConnectionLogger.invoke(ConnectionLogger.java:55)
	at com.sun.proxy.$Proxy12.prepareStatement(Unknown Source)
	at org.apache.ibatis.executor.statement.PreparedStatementHandler.instantiateStatement(PreparedStatementHandler.java:79)
	at org.apache.ibatis.executor.statement.BaseStatementHandler.prepare(BaseStatementHandler.java:88)
	at org.apache.ibatis.executor.statement.RoutingStatementHandler.prepare(RoutingStatementHandler.java:58)
	at org.apache.ibatis.executor.SimpleExecutor.prepareStatement(SimpleExecutor.java:76)
	at org.apache.ibatis.executor.SimpleExecutor.doQuery(SimpleExecutor.java:61)
	at org.apache.ibatis.executor.BaseExecutor.queryFromDatabase(BaseExecutor.java:303)
	at org.apache.ibatis.executor.BaseExecutor.query(BaseExecutor.java:154)
	at org.apache.ibatis.executor.CachingExecutor.query(CachingExecutor.java:102)
	at org.apache.ibatis.executor.CachingExecutor.query(CachingExecutor.java:82)
	at org.apache.ibatis.session.defaults.DefaultSqlSession.selectList(DefaultSqlSession.java:120)
	... 160 more
10:47:09,822 [main] DEBUG org.activiti.engine.impl.cfg.standalone.StandaloneMybatisTransactionContext  - firing event rolling back...
10:47:09,822 [main] DEBUG org.activiti.engine.impl.cfg.standalone.StandaloneMybatisTransactionContext  - rolling back ibatis sql session...
10:47:09,822 [main] DEBUG org.activiti.engine.impl.cfg.standalone.StandaloneMybatisTransactionContext  - firing event rolled back...
10:47:09,822 [main] DEBUG org.apache.ibatis.transaction.jdbc.JdbcTransaction  - Resetting autocommit to true on JDBC Connection [conn6: url=jdbc:h2:mem:activiti user=SA]
10:47:09,822 [main] DEBUG org.apache.ibatis.transaction.jdbc.JdbcTransaction  - Closing JDBC Connection [conn6: url=jdbc:h2:mem:activiti user=SA]
10:47:09,822 [main] DEBUG org.apache.ibatis.datasource.pooled.PooledDataSource  - Returned connection 486346394 to pool.
10:47:09,822 [main] DEBUG org.activiti.engine.impl.interceptor.LogInterceptor  - --- StartProcessInstanceCmd finished --------------------------------------------------------
10:47:09,822 [main] DEBUG org.activiti.engine.impl.interceptor.LogInterceptor  - 

10:47:09,822 [main] ERROR org.activiti.engine.impl.test.PvmTestCase  - 

10:47:09,822 [main] ERROR org.activiti.engine.impl.test.PvmTestCase  - EXCEPTION: org.apache.ibatis.exceptions.PersistenceException: 
### Error querying database.  Cause: org.h2.jdbc.JdbcSQLException: Syntax error in SQL statement &quot;SELECT RES.* 
     
    FROM ACT_HI_ACTINST RES
     WHERE  RES.EXECUTION_ID_ = ?
      
      
      
        AND RES.ACT_ID_ = ?
      
      
      
      
      
      
      
      
        AND RES.END_TIME_ IS NULL 
   
     ORDER BY  ORDER[*] BY RES.ID_ ASC  
    LIMIT ? OFFSET ? &quot;; expected &quot;=, NOT, EXISTS, INTERSECTS, SELECT, FROM&quot;; SQL statement:
select RES.* 
     
    from ACT_HI_ACTINST RES
     WHERE  RES.EXECUTION_ID_ = ?
      
      
      
        and RES.ACT_ID_ = ?
      
      
      
      
      
      
      
      
        and RES.END_TIME_ is null 
   
     order by  order by RES.ID_ asc  
    LIMIT ? OFFSET ? [42001-176]
### The error may exist in org/activiti/db/mapping/entity/HistoricActivityInstance.xml
### The error may involve org.activiti.engine.impl.persistence.entity.HistoricActivityInstanceEntity.selectHistoricActivityInstancesByQueryCriteria
### The error occurred while executing a query
### SQL: select RES.*            from ACT_HI_ACTINST RES      WHERE  RES.EXECUTION_ID_ = ?                              and RES.ACT_ID_ = ?                                                                 and RES.END_TIME_ is null           order by  order by RES.ID_ asc       LIMIT ? OFFSET ?
### Cause: org.h2.jdbc.JdbcSQLException: Syntax error in SQL statement &quot;SELECT RES.* 
     
    FROM ACT_HI_ACTINST RES
     WHERE  RES.EXECUTION_ID_ = ?
      
      
      
        AND RES.ACT_ID_ = ?
      
      
      
      
      
      
      
      
        AND RES.END_TIME_ IS NULL 
   
     ORDER BY  ORDER[*] BY RES.ID_ ASC  
    LIMIT ? OFFSET ? &quot;; expected &quot;=, NOT, EXISTS, INTERSECTS, SELECT, FROM&quot;; SQL statement:
select RES.* 
     
    from ACT_HI_ACTINST RES
     WHERE  RES.EXECUTION_ID_ = ?
      
      
      
        and RES.ACT_ID_ = ?
      
      
      
      
      
      
      
      
        and RES.END_TIME_ is null 
   
     order by  order by RES.ID_ asc  
    LIMIT ? OFFSET ? [42001-176]
org.apache.ibatis.exceptions.PersistenceException: 
### Error querying database.  Cause: org.h2.jdbc.JdbcSQLException: Syntax error in SQL statement &quot;SELECT RES.* 
     
    FROM ACT_HI_ACTINST RES
     WHERE  RES.EXECUTION_ID_ = ?
      
      
      
        AND RES.ACT_ID_ = ?
      
      
      
      
      
      
      
      
        AND RES.END_TIME_ IS NULL 
   
     ORDER BY  ORDER[*] BY RES.ID_ ASC  
    LIMIT ? OFFSET ? &quot;; expected &quot;=, NOT, EXISTS, INTERSECTS, SELECT, FROM&quot;; SQL statement:
select RES.* 
     
    from ACT_HI_ACTINST RES
     WHERE  RES.EXECUTION_ID_ = ?
      
      
      
        and RES.ACT_ID_ = ?
      
      
      
      
      
      
      
      
        and RES.END_TIME_ is null 
   
     order by  order by RES.ID_ asc  
    LIMIT ? OFFSET ? [42001-176]
### The error may exist in org/activiti/db/mapping/entity/HistoricActivityInstance.xml
### The error may involve org.activiti.engine.impl.persistence.entity.HistoricActivityInstanceEntity.selectHistoricActivityInstancesByQueryCriteria
### The error occurred while executing a query
### SQL: select RES.*            from ACT_HI_ACTINST RES      WHERE  RES.EXECUTION_ID_ = ?                              and RES.ACT_ID_ = ?                                                                 and RES.END_TIME_ is null           order by  order by RES.ID_ asc       LIMIT ? OFFSET ?
### Cause: org.h2.jdbc.JdbcSQLException: Syntax error in SQL statement &quot;SELECT RES.* 
     
    FROM ACT_HI_ACTINST RES
     WHERE  RES.EXECUTION_ID_ = ?
      
      
      
        AND RES.ACT_ID_ = ?
      
      
      
      
      
      
      
      
        AND RES.END_TIME_ IS NULL 
   
     ORDER BY  ORDER[*] BY RES.ID_ ASC  
    LIMIT ? OFFSET ? &quot;; expected &quot;=, NOT, EXISTS, INTERSECTS, SELECT, FROM&quot;; SQL statement:
select RES.* 
     
    from ACT_HI_ACTINST RES
     WHERE  RES.EXECUTION_ID_ = ?
      
      
      
        and RES.ACT_ID_ = ?
      
      
      
      
      
      
      
      
        and RES.END_TIME_ is null 
   
     order by  order by RES.ID_ asc  
    LIMIT ? OFFSET ? [42001-176]
	at org.apache.ibatis.exceptions.ExceptionFactory.wrapException(ExceptionFactory.java:30)
	at org.apache.ibatis.session.defaults.DefaultSqlSession.selectList(DefaultSqlSession.java:122)
	at org.apache.ibatis.session.defaults.DefaultSqlSession.selectList(DefaultSqlSession.java:113)
	at org.activiti.engine.impl.db.DbSqlSession.selectListWithRawParameter(DbSqlSession.java:438)
	at org.activiti.engine.impl.db.DbSqlSession.selectList(DbSqlSession.java:429)
	at org.activiti.engine.impl.db.DbSqlSession.selectList(DbSqlSession.java:419)
	at org.activiti.engine.impl.persistence.entity.HistoricActivityInstanceEntityManager.findHistoricActivityInstancesByQueryCriteria(HistoricActivityInstanceEntityManager.java:56)
	at org.activiti.engine.impl.HistoricActivityInstanceQueryImpl.executeList(HistoricActivityInstanceQueryImpl.java:70)
	at org.activiti.engine.impl.AbstractQuery.listPage(AbstractQuery.java:151)
	at org.activiti.engine.impl.history.DefaultHistoryManager.findActivityInstance(DefaultHistoryManager.java:355)
	at org.activiti.engine.impl.history.DefaultHistoryManager.recordActivityEnd(DefaultHistoryManager.java:281)
	at org.activiti.engine.impl.history.handler.ActivityInstanceEndHandler.notify(ActivityInstanceEndHandler.java:29)
	at org.activiti.engine.impl.pvm.runtime.AbstractEventAtomicOperation.execute(AbstractEventAtomicOperation.java:42)
	at org.activiti.engine.impl.interceptor.CommandContext.performOperation(CommandContext.java:97)
	at org.activiti.engine.impl.persistence.entity.ExecutionEntity.performOperationSync(ExecutionEntity.java:636)
	at org.activiti.engine.impl.persistence.entity.ExecutionEntity.performOperation(ExecutionEntity.java:629)
	at org.activiti.engine.impl.persistence.entity.ExecutionEntity.take(ExecutionEntity.java:453)
	at org.activiti.engine.impl.pvm.runtime.OutgoingExecution.take(OutgoingExecution.java:48)
	at org.activiti.engine.impl.persistence.entity.ExecutionEntity.takeAll(ExecutionEntity.java:589)
	at org.activiti.engine.impl.bpmn.behavior.ParallelGatewayActivityBehavior.execute(ParallelGatewayActivityBehavior.java:78)
	at org.activiti.engine.impl.pvm.runtime.AtomicOperationActivityExecute.execute(AtomicOperationActivityExecute.java:60)
	at org.activiti.engine.impl.interceptor.CommandContext.performOperation(CommandContext.java:97)
	at org.activiti.engine.impl.persistence.entity.ExecutionEntity.performOperationSync(ExecutionEntity.java:636)
	at org.activiti.engine.impl.persistence.entity.ExecutionEntity.performOperation(ExecutionEntity.java:629)
	at org.activiti.engine.impl.pvm.runtime.AtomicOperationTransitionNotifyListenerStart.eventNotificationsCompleted(AtomicOperationTransitionNotifyListenerStart.java:52)
	at org.activiti.engine.impl.pvm.runtime.AbstractEventAtomicOperation.execute(AbstractEventAtomicOperation.java:56)
	at org.activiti.engine.impl.interceptor.CommandContext.performOperation(CommandContext.java:97)
	at org.activiti.engine.impl.persistence.entity.ExecutionEntity.performOperationSync(ExecutionEntity.java:636)
	at org.activiti.engine.impl.persistence.entity.ExecutionEntity.performOperation(ExecutionEntity.java:629)
	at org.activiti.engine.impl.pvm.runtime.AbstractEventAtomicOperation.execute(AbstractEventAtomicOperation.java:49)
	at org.activiti.engine.impl.interceptor.CommandContext.performOperation(CommandContext.java:97)
	at org.activiti.engine.impl.persistence.entity.ExecutionEntity.performOperationSync(ExecutionEntity.java:636)
	at org.activiti.engine.impl.persistence.entity.ExecutionEntity.performOperation(ExecutionEntity.java:629)
	at org.activiti.engine.impl.pvm.runtime.AtomicOperationTransitionCreateScope.execute(AtomicOperationTransitionCreateScope.java:49)
	at org.activiti.engine.impl.interceptor.CommandContext.performOperation(CommandContext.java:97)
	at org.activiti.engine.impl.persistence.entity.ExecutionEntity.performOperationSync(ExecutionEntity.java:636)
	at org.activiti.engine.impl.persistence.entity.ExecutionEntity.performOperation(ExecutionEntity.java:629)
	at org.activiti.engine.impl.pvm.runtime.AtomicOperationTransitionNotifyListenerTake.execute(AtomicOperationTransitionNotifyListenerTake.java:80)
	at org.activiti.engine.impl.interceptor.CommandContext.performOperation(CommandContext.java:97)
	at org.activiti.engine.impl.persistence.entity.ExecutionEntity.performOperationSync(ExecutionEntity.java:636)
	at org.activiti.engine.impl.persistence.entity.ExecutionEntity.performOperation(ExecutionEntity.java:629)
	at org.activiti.engine.impl.pvm.runtime.AtomicOperationTransitionDestroyScope.execute(AtomicOperationTransitionDestroyScope.java:116)
	at org.activiti.engine.impl.interceptor.CommandContext.performOperation(CommandContext.java:97)
	at org.activiti.engine.impl.persistence.entity.ExecutionEntity.performOperationSync(ExecutionEntity.java:636)
	at org.activiti.engine.impl.persistence.entity.ExecutionEntity.performOperation(ExecutionEntity.java:629)
	at org.activiti.engine.impl.pvm.runtime.AtomicOperationTransitionNotifyListenerEnd.eventNotificationsCompleted(AtomicOperationTransitionNotifyListenerEnd.java:35)
	at org.activiti.engine.impl.pvm.runtime.AbstractEventAtomicOperation.execute(AbstractEventAtomicOperation.java:56)
	at org.activiti.engine.impl.interceptor.CommandContext.performOperation(CommandContext.java:97)
	at org.activiti.engine.impl.persistence.entity.ExecutionEntity.performOperationSync(ExecutionEntity.java:636)
	at org.activiti.engine.impl.persistence.entity.ExecutionEntity.performOperation(ExecutionEntity.java:629)
	at org.activiti.engine.impl.pvm.runtime.AbstractEventAtomicOperation.execute(AbstractEventAtomicOperation.java:49)
	at org.activiti.engine.impl.interceptor.CommandContext.performOperation(CommandContext.java:97)
	at org.activiti.engine.impl.persistence.entity.ExecutionEntity.performOperationSync(ExecutionEntity.java:636)
	at org.activiti.engine.impl.persistence.entity.ExecutionEntity.performOperation(ExecutionEntity.java:629)
	at org.activiti.engine.impl.persistence.entity.ExecutionEntity.take(ExecutionEntity.java:453)
	at org.activiti.engine.impl.persistence.entity.ExecutionEntity.take(ExecutionEntity.java:431)
	at org.activiti.engine.impl.bpmn.behavior.BpmnActivityBehavior.performOutgoingBehavior(BpmnActivityBehavior.java:140)
	at org.activiti.engine.impl.bpmn.behavior.BpmnActivityBehavior.performDefaultOutgoingBehavior(BpmnActivityBehavior.java:66)
	at org.activiti.engine.impl.bpmn.behavior.FlowNodeActivityBehavior.leave(FlowNodeActivityBehavior.java:44)
	at org.activiti.engine.impl.bpmn.behavior.FlowNodeActivityBehavior.execute(FlowNodeActivityBehavior.java:36)
	at org.activiti.engine.impl.pvm.runtime.AtomicOperationActivityExecute.execute(AtomicOperationActivityExecute.java:60)
	at org.activiti.engine.impl.interceptor.CommandContext.performOperation(CommandContext.java:97)
	at org.activiti.engine.impl.persistence.entity.ExecutionEntity.performOperationSync(ExecutionEntity.java:636)
	at org.activiti.engine.impl.persistence.entity.ExecutionEntity.performOperation(ExecutionEntity.java:629)
	at org.activiti.engine.impl.pvm.runtime.AtomicOperationActivityStart.eventNotificationsCompleted(AtomicOperationActivityStart.java:26)
	at org.activiti.engine.impl.pvm.runtime.AbstractEventAtomicOperation.execute(AbstractEventAtomicOperation.java:56)
	at org.activiti.engine.impl.interceptor.CommandContext.performOperation(CommandContext.java:97)
	at org.activiti.engine.impl.persistence.entity.ExecutionEntity.performOperationSync(ExecutionEntity.java:636)
	at org.activiti.engine.impl.persistence.entity.ExecutionEntity.performOperation(ExecutionEntity.java:629)
	at org.activiti.engine.impl.persistence.entity.ExecutionEntity.executeActivity(ExecutionEntity.java:458)
	at org.activiti.engine.impl.bpmn.behavior.SubProcessActivityBehavior.execute(SubProcessActivityBehavior.java:55)
	at org.activiti.engine.impl.pvm.runtime.AtomicOperationActivityExecute.execute(AtomicOperationActivityExecute.java:60)
	at org.activiti.engine.impl.interceptor.CommandContext.performOperation(CommandContext.java:97)
	at org.activiti.engine.impl.persistence.entity.ExecutionEntity.performOperationSync(ExecutionEntity.java:636)
	at org.activiti.engine.impl.persistence.entity.ExecutionEntity.performOperation(ExecutionEntity.java:629)
	at org.activiti.engine.impl.pvm.runtime.AtomicOperationTransitionNotifyListenerStart.eventNotificationsCompleted(AtomicOperationTransitionNotifyListenerStart.java:52)
	at org.activiti.engine.impl.pvm.runtime.AbstractEventAtomicOperation.execute(AbstractEventAtomicOperation.java:56)
	at org.activiti.engine.impl.interceptor.CommandContext.performOperation(CommandContext.java:97)
	at org.activiti.engine.impl.persistence.entity.ExecutionEntity.performOperationSync(ExecutionEntity.java:636)
	at org.activiti.engine.impl.persistence.entity.ExecutionEntity.performOperation(ExecutionEntity.java:629)
	at org.activiti.engine.impl.pvm.runtime.AbstractEventAtomicOperation.execute(AbstractEventAtomicOperation.java:49)
	at org.activiti.engine.impl.interceptor.CommandContext.performOperation(CommandContext.java:97)
	at org.activiti.engine.impl.persistence.entity.ExecutionEntity.performOperationSync(ExecutionEntity.java:636)
	at org.activiti.engine.impl.persistence.entity.ExecutionEntity.performOperation(ExecutionEntity.java:629)
	at org.activiti.engine.impl.pvm.runtime.AtomicOperationTransitionCreateScope.execute(AtomicOperationTransitionCreateScope.java:49)
	at org.activiti.engine.impl.interceptor.CommandContext.performOperation(CommandContext.java:97)
	at org.activiti.engine.impl.persistence.entity.ExecutionEntity.performOperationSync(ExecutionEntity.java:636)
	at org.activiti.engine.impl.persistence.entity.ExecutionEntity.performOperation(ExecutionEntity.java:629)
	at org.activiti.engine.impl.pvm.runtime.AtomicOperationTransitionNotifyListenerTake.execute(AtomicOperationTransitionNotifyListenerTake.java:80)
	at org.activiti.engine.impl.interceptor.CommandContext.performOperation(CommandContext.java:97)
	at org.activiti.engine.impl.persistence.entity.ExecutionEntity.performOperationSync(ExecutionEntity.java:636)
	at org.activiti.engine.impl.persistence.entity.ExecutionEntity.performOperation(ExecutionEntity.java:629)
	at org.activiti.engine.impl.pvm.runtime.AtomicOperationTransitionDestroyScope.execute(AtomicOperationTransitionDestroyScope.java:116)
	at org.activiti.engine.impl.interceptor.CommandContext.performOperation(CommandContext.java:97)
	at org.activiti.engine.impl.persistence.entity.ExecutionEntity.performOperationSync(ExecutionEntity.java:636)
	at org.activiti.engine.impl.persistence.entity.ExecutionEntity.performOperation(ExecutionEntity.java:629)
	at org.activiti.engine.impl.pvm.runtime.AtomicOperationTransitionNotifyListenerEnd.eventNotificationsCompleted(AtomicOperationTransitionNotifyListenerEnd.java:35)
	at org.activiti.engine.impl.pvm.runtime.AbstractEventAtomicOperation.execute(AbstractEventAtomicOperation.java:56)
	at org.activiti.engine.impl.interceptor.CommandContext.performOperation(CommandContext.java:97)
	at org.activiti.engine.impl.persistence.entity.ExecutionEntity.performOperationSync(ExecutionEntity.java:636)
	at org.activiti.engine.impl.persistence.entity.ExecutionEntity.performOperation(ExecutionEntity.java:629)
	at org.activiti.engine.impl.pvm.runtime.AbstractEventAtomicOperation.execute(AbstractEventAtomicOperation.java:49)
	at org.activiti.engine.impl.interceptor.CommandContext.performOperation(CommandContext.java:97)
	at org.activiti.engine.impl.persistence.entity.ExecutionEntity.performOperationSync(ExecutionEntity.java:636)
	at org.activiti.engine.impl.persistence.entity.ExecutionEntity.performOperation(ExecutionEntity.java:629)
	at org.activiti.engine.impl.persistence.entity.ExecutionEntity.take(ExecutionEntity.java:453)
	at org.activiti.engine.impl.persistence.entity.ExecutionEntity.take(ExecutionEntity.java:431)
	at org.activiti.engine.impl.bpmn.behavior.BpmnActivityBehavior.performOutgoingBehavior(BpmnActivityBehavior.java:140)
	at org.activiti.engine.impl.bpmn.behavior.BpmnActivityBehavior.performDefaultOutgoingBehavior(BpmnActivityBehavior.java:66)
	at org.activiti.engine.impl.bpmn.behavior.FlowNodeActivityBehavior.leave(FlowNodeActivityBehavior.java:44)
	at org.activiti.engine.impl.bpmn.behavior.FlowNodeActivityBehavior.execute(FlowNodeActivityBehavior.java:36)
	at org.activiti.engine.impl.pvm.runtime.AtomicOperationActivityExecute.execute(AtomicOperationActivityExecute.java:60)
	at org.activiti.engine.impl.interceptor.CommandContext.performOperation(CommandContext.java:97)
	at org.activiti.engine.impl.persistence.entity.ExecutionEntity.performOperationSync(ExecutionEntity.java:636)
	at org.activiti.engine.impl.persistence.entity.ExecutionEntity.performOperation(ExecutionEntity.java:629)
	at org.activiti.engine.impl.pvm.runtime.AtomicOperationProcessStartInitial.eventNotificationsCompleted(AtomicOperationProcessStartInitial.java:45)
	at org.activiti.engine.impl.pvm.runtime.AbstractEventAtomicOperation.execute(AbstractEventAtomicOperation.java:56)
	at org.activiti.engine.impl.interceptor.CommandContext.performOperation(CommandContext.java:97)
	at org.activiti.engine.impl.persistence.entity.ExecutionEntity.performOperationSync(ExecutionEntity.java:636)
	at org.activiti.engine.impl.persistence.entity.ExecutionEntity.performOperation(ExecutionEntity.java:629)
	at org.activiti.engine.impl.pvm.runtime.AtomicOperationProcessStart.eventNotificationsCompleted(AtomicOperationProcessStart.java:64)
	at org.activiti.engine.impl.pvm.runtime.AbstractEventAtomicOperation.execute(AbstractEventAtomicOperation.java:56)
	at org.activiti.engine.impl.interceptor.CommandContext.performOperation(CommandContext.java:97)
	at org.activiti.engine.impl.persistence.entity.ExecutionEntity.performOperationSync(ExecutionEntity.java:636)
	at org.activiti.engine.impl.persistence.entity.ExecutionEntity.performOperation(ExecutionEntity.java:629)
	at org.activiti.engine.impl.persistence.entity.ExecutionEntity.start(ExecutionEntity.java:381)
	at org.activiti.engine.impl.cmd.StartProcessInstanceCmd.execute(StartProcessInstanceCmd.java:110)
	at org.activiti.engine.impl.cmd.StartProcessInstanceCmd.execute(StartProcessInstanceCmd.java:37)
	at org.activiti.engine.impl.interceptor.CommandInvoker.execute(CommandInvoker.java:24)
	at org.activiti.engine.impl.interceptor.CommandContextInterceptor.execute(CommandContextInterceptor.java:57)
	at org.activiti.engine.impl.interceptor.LogInterceptor.execute(LogInterceptor.java:37)
	at org.activiti.engine.impl.cfg.CommandExecutorImpl.execute(CommandExecutorImpl.java:40)
	at org.activiti.engine.impl.cfg.CommandExecutorImpl.execute(CommandExecutorImpl.java:35)
	at org.activiti.engine.impl.RuntimeServiceImpl.startProcessInstanceByKey(RuntimeServiceImpl.java:69)
	at org.activiti.engine.test.bpmn.subprocess.SubProcessTest.testSimpleParallelSubProcessWithTimer(SubProcessTest.java:211)
	at sun.reflect.NativeMethodAccessorImpl.invoke0(Native Method)
	at sun.reflect.NativeMethodAccessorImpl.invoke(NativeMethodAccessorImpl.java:62)
	at sun.reflect.DelegatingMethodAccessorImpl.invoke(DelegatingMethodAccessorImpl.java:43)
	at java.lang.reflect.Method.invoke(Method.java:498)
	at junit.framework.TestCase.runTest(TestCase.java:176)
	at org.activiti.engine.impl.test.PvmTestCase.runTest(PvmTestCase.java:65)
	at junit.framework.TestCase.runBare(TestCase.java:141)
	at org.activiti.engine.impl.test.AbstractActivitiTestCase.runBare(AbstractActivitiTestCase.java:100)
	at junit.framework.TestResult$1.protect(TestResult.java:122)
	at junit.framework.TestResult.runProtected(TestResult.java:142)
	at junit.framework.TestResult.run(TestResult.java:125)
	at junit.framework.TestCase.run(TestCase.java:129)
	at junit.framework.TestSuite.runTest(TestSuite.java:255)
	at junit.framework.TestSuite.run(TestSuite.java:250)
	at org.junit.internal.runners.JUnit38ClassRunner.run(JUnit38ClassRunner.java:84)
	at org.apache.maven.surefire.junit4.JUnit4TestSet.execute(JUnit4TestSet.java:35)
	at org.apache.maven.surefire.junit4.JUnit4Provider.executeTestSet(JUnit4Provider.java:146)
	at org.apache.maven.surefire.junit4.JUnit4Provider.invoke(JUnit4Provider.java:97)
	at sun.reflect.NativeMethodAccessorImpl.invoke0(Native Method)
	at sun.reflect.NativeMethodAccessorImpl.invoke(NativeMethodAccessorImpl.java:62)
	at sun.reflect.DelegatingMethodAccessorImpl.invoke(DelegatingMethodAccessorImpl.java:43)
	at java.lang.reflect.Method.invoke(Method.java:498)
	at org.apache.maven.surefire.booter.ProviderFactory$ClassLoaderProxy.invoke(ProviderFactory.java:103)
	at com.sun.proxy.$Proxy0.invoke(Unknown Source)
	at org.apache.maven.surefire.booter.SurefireStarter.invokeProvider(SurefireStarter.java:145)
	at org.apache.maven.surefire.booter.SurefireStarter.runSuitesInProcess(SurefireStarter.java:87)
	at org.apache.maven.surefire.booter.ForkedBooter.main(ForkedBooter.java:69)
Caused by: org.h2.jdbc.JdbcSQLException: Syntax error in SQL statement &quot;SELECT RES.* 
     
    FROM ACT_HI_ACTINST RES
     WHERE  RES.EXECUTION_ID_ = ?
      
      
      
        AND RES.ACT_ID_ = ?
      
      
      
      
      
      
      
      
        AND RES.END_TIME_ IS NULL 
   
     ORDER BY  ORDER[*] BY RES.ID_ ASC  
    LIMIT ? OFFSET ? &quot;; expected &quot;=, NOT, EXISTS, INTERSECTS, SELECT, FROM&quot;; SQL statement:
select RES.* 
     
    from ACT_HI_ACTINST RES
     WHERE  RES.EXECUTION_ID_ = ?
      
      
      
        and RES.ACT_ID_ = ?
      
      
      
      
      
      
      
      
        and RES.END_TIME_ is null 
   
     order by  order by RES.ID_ asc  
    LIMIT ? OFFSET ? [42001-176]
	at org.h2.message.DbException.getJdbcSQLException(DbException.java:344)
	at org.h2.message.DbException.getSyntaxError(DbException.java:204)
	at org.h2.command.Parser.getSyntaxError(Parser.java:524)
	at org.h2.command.Parser.readTerm(Parser.java:2688)
	at org.h2.command.Parser.readFactor(Parser.java:2244)
	at org.h2.command.Parser.readSum(Parser.java:2231)
	at org.h2.command.Parser.readConcat(Parser.java:2201)
	at org.h2.command.Parser.readCondition(Parser.java:2051)
	at org.h2.command.Parser.readAnd(Parser.java:2023)
	at org.h2.command.Parser.readExpression(Parser.java:2015)
	at org.h2.command.Parser.parseEndOfQuery(Parser.java:1726)
	at org.h2.command.Parser.parseSelectUnionExtension(Parser.java:1706)
	at org.h2.command.Parser.parseSelectUnion(Parser.java:1675)
	at org.h2.command.Parser.parseSelect(Parser.java:1662)
	at org.h2.command.Parser.parsePrepared(Parser.java:434)
	at org.h2.command.Parser.parse(Parser.java:306)
	at org.h2.command.Parser.parse(Parser.java:282)
	at org.h2.command.Parser.prepareCommand(Parser.java:243)
	at org.h2.engine.Session.prepareLocal(Session.java:442)
	at org.h2.engine.Session.prepareCommand(Session.java:384)
	at org.h2.jdbc.JdbcConnection.prepareCommand(JdbcConnection.java:1188)
	at org.h2.jdbc.JdbcPreparedStatement.&lt;init&gt;(JdbcPreparedStatement.java:73)
	at org.h2.jdbc.JdbcConnection.prepareStatement(JdbcConnection.java:276)
	at sun.reflect.GeneratedMethodAccessor6.invoke(Unknown Source)
	at sun.reflect.DelegatingMethodAccessorImpl.invoke(DelegatingMethodAccessorImpl.java:43)
	at java.lang.reflect.Method.invoke(Method.java:498)
	at org.apache.ibatis.datasource.pooled.PooledConnection.invoke(PooledConnection.java:245)
	at com.sun.proxy.$Proxy12.prepareStatement(Unknown Source)
	at sun.reflect.GeneratedMethodAccessor6.invoke(Unknown Source)
	at sun.reflect.DelegatingMethodAccessorImpl.invoke(DelegatingMethodAccessorImpl.java:43)
	at java.lang.reflect.Method.invoke(Method.java:498)
	at org.apache.ibatis.logging.jdbc.ConnectionLogger.invoke(ConnectionLogger.java:55)
	at com.sun.proxy.$Proxy12.prepareStatement(Unknown Source)
	at org.apache.ibatis.executor.statement.PreparedStatementHandler.instantiateStatement(PreparedStatementHandler.java:79)
	at org.apache.ibatis.executor.statement.BaseStatementHandler.prepare(BaseStatementHandler.java:88)
	at org.apache.ibatis.executor.statement.RoutingStatementHandler.prepare(RoutingStatementHandler.java:58)
	at org.apache.ibatis.executor.SimpleExecutor.prepareStatement(SimpleExecutor.java:76)
	at org.apache.ibatis.executor.SimpleExecutor.doQuery(SimpleExecutor.java:61)
	at org.apache.ibatis.executor.BaseExecutor.queryFromDatabase(BaseExecutor.java:303)
	at org.apache.ibatis.executor.BaseExecutor.query(BaseExecutor.java:154)
	at org.apache.ibatis.executor.CachingExecutor.query(CachingExecutor.java:102)
	at org.apache.ibatis.executor.CachingExecutor.query(CachingExecutor.java:82)
	at org.apache.ibatis.session.defaults.DefaultSqlSession.selectList(DefaultSqlSession.java:120)
	... 160 more
10:47:09,823 [main] DEBUG org.activiti.engine.impl.test.PvmTestCase  - #### END SubProcessTest.testSimpleParallelSubProcessWithTimer #############################################################
10:47:09,823 [main] ERROR org.activiti.engine.impl.test.PvmTestCase  - 

10:47:09,823 [main] ERROR org.activiti.engine.impl.test.PvmTestCase  - EXCEPTION: org.apache.ibatis.exceptions.PersistenceException: 
### Error querying database.  Cause: org.h2.jdbc.JdbcSQLException: Syntax error in SQL statement &quot;SELECT RES.* 
     
    FROM ACT_HI_ACTINST RES
     WHERE  RES.EXECUTION_ID_ = ?
      
      
      
        AND RES.ACT_ID_ = ?
      
      
      
      
      
      
      
      
        AND RES.END_TIME_ IS NULL 
   
     ORDER BY  ORDER[*] BY RES.ID_ ASC  
    LIMIT ? OFFSET ? &quot;; expected &quot;=, NOT, EXISTS, INTERSECTS, SELECT, FROM&quot;; SQL statement:
select RES.* 
     
    from ACT_HI_ACTINST RES
     WHERE  RES.EXECUTION_ID_ = ?
      
      
      
        and RES.ACT_ID_ = ?
      
      
      
      
      
      
      
      
        and RES.END_TIME_ is null 
   
     order by  order by RES.ID_ asc  
    LIMIT ? OFFSET ? [42001-176]
### The error may exist in org/activiti/db/mapping/entity/HistoricActivityInstance.xml
### The error may involve org.activiti.engine.impl.persistence.entity.HistoricActivityInstanceEntity.selectHistoricActivityInstancesByQueryCriteria
### The error occurred while executing a query
### SQL: select RES.*            from ACT_HI_ACTINST RES      WHERE  RES.EXECUTION_ID_ = ?                              and RES.ACT_ID_ = ?                                                                 and RES.END_TIME_ is null           order by  order by RES.ID_ asc       LIMIT ? OFFSET ?
### Cause: org.h2.jdbc.JdbcSQLException: Syntax error in SQL statement &quot;SELECT RES.* 
     
    FROM ACT_HI_ACTINST RES
     WHERE  RES.EXECUTION_ID_ = ?
      
      
      
        AND RES.ACT_ID_ = ?
      
      
      
      
      
      
      
      
        AND RES.END_TIME_ IS NULL 
   
     ORDER BY  ORDER[*] BY RES.ID_ ASC  
    LIMIT ? OFFSET ? &quot;; expected &quot;=, NOT, EXISTS, INTERSECTS, SELECT, FROM&quot;; SQL statement:
select RES.* 
     
    from ACT_HI_ACTINST RES
     WHERE  RES.EXECUTION_ID_ = ?
      
      
      
        and RES.ACT_ID_ = ?
      
      
      
      
      
      
      
      
        and RES.END_TIME_ is null 
   
     order by  order by RES.ID_ asc  
    LIMIT ? OFFSET ? [42001-176]
org.apache.ibatis.exceptions.PersistenceException: 
### Error querying database.  Cause: org.h2.jdbc.JdbcSQLException: Syntax error in SQL statement &quot;SELECT RES.* 
     
    FROM ACT_HI_ACTINST RES
     WHERE  RES.EXECUTION_ID_ = ?
      
      
      
        AND RES.ACT_ID_ = ?
      
      
      
      
      
      
      
      
        AND RES.END_TIME_ IS NULL 
   
     ORDER BY  ORDER[*] BY RES.ID_ ASC  
    LIMIT ? OFFSET ? &quot;; expected &quot;=, NOT, EXISTS, INTERSECTS, SELECT, FROM&quot;; SQL statement:
select RES.* 
     
    from ACT_HI_ACTINST RES
     WHERE  RES.EXECUTION_ID_ = ?
      
      
      
        and RES.ACT_ID_ = ?
      
      
      
      
      
      
      
      
        and RES.END_TIME_ is null 
   
     order by  order by RES.ID_ asc  
    LIMIT ? OFFSET ? [42001-176]
### The error may exist in org/activiti/db/mapping/entity/HistoricActivityInstance.xml
### The error may involve org.activiti.engine.impl.persistence.entity.HistoricActivityInstanceEntity.selectHistoricActivityInstancesByQueryCriteria
### The error occurred while executing a query
### SQL: select RES.*            from ACT_HI_ACTINST RES      WHERE  RES.EXECUTION_ID_ = ?                              and RES.ACT_ID_ = ?                                                                 and RES.END_TIME_ is null           order by  order by RES.ID_ asc       LIMIT ? OFFSET ?
### Cause: org.h2.jdbc.JdbcSQLException: Syntax error in SQL statement &quot;SELECT RES.* 
     
    FROM ACT_HI_ACTINST RES
     WHERE  RES.EXECUTION_ID_ = ?
      
      
      
        AND RES.ACT_ID_ = ?
      
      
      
      
      
      
      
      
        AND RES.END_TIME_ IS NULL 
   
     ORDER BY  ORDER[*] BY RES.ID_ ASC  
    LIMIT ? OFFSET ? &quot;; expected &quot;=, NOT, EXISTS, INTERSECTS, SELECT, FROM&quot;; SQL statement:
select RES.* 
     
    from ACT_HI_ACTINST RES
     WHERE  RES.EXECUTION_ID_ = ?
      
      
      
        and RES.ACT_ID_ = ?
      
      
      
      
      
      
      
      
        and RES.END_TIME_ is null 
   
     order by  order by RES.ID_ asc  
    LIMIT ? OFFSET ? [42001-176]
	at org.apache.ibatis.exceptions.ExceptionFactory.wrapException(ExceptionFactory.java:30)
	at org.apache.ibatis.session.defaults.DefaultSqlSession.selectList(DefaultSqlSession.java:122)
	at org.apache.ibatis.session.defaults.DefaultSqlSession.selectList(DefaultSqlSession.java:113)
	at org.activiti.engine.impl.db.DbSqlSession.selectListWithRawParameter(DbSqlSession.java:438)
	at org.activiti.engine.impl.db.DbSqlSession.selectList(DbSqlSession.java:429)
	at org.activiti.engine.impl.db.DbSqlSession.selectList(DbSqlSession.java:419)
	at org.activiti.engine.impl.persistence.entity.HistoricActivityInstanceEntityManager.findHistoricActivityInstancesByQueryCriteria(HistoricActivityInstanceEntityManager.java:56)
	at org.activiti.engine.impl.HistoricActivityInstanceQueryImpl.executeList(HistoricActivityInstanceQueryImpl.java:70)
	at org.activiti.engine.impl.AbstractQuery.listPage(AbstractQuery.java:151)
	at org.activiti.engine.impl.history.DefaultHistoryManager.findActivityInstance(DefaultHistoryManager.java:355)
	at org.activiti.engine.impl.history.DefaultHistoryManager.recordActivityEnd(DefaultHistoryManager.java:281)
	at org.activiti.engine.impl.history.handler.ActivityInstanceEndHandler.notify(ActivityInstanceEndHandler.java:29)
	at org.activiti.engine.impl.pvm.runtime.AbstractEventAtomicOperation.execute(AbstractEventAtomicOperation.java:42)
	at org.activiti.engine.impl.interceptor.CommandContext.performOperation(CommandContext.java:97)
	at org.activiti.engine.impl.persistence.entity.ExecutionEntity.performOperationSync(ExecutionEntity.java:636)
	at org.activiti.engine.impl.persistence.entity.ExecutionEntity.performOperation(ExecutionEntity.java:629)
	at org.activiti.engine.impl.persistence.entity.ExecutionEntity.take(ExecutionEntity.java:453)
	at org.activiti.engine.impl.pvm.runtime.OutgoingExecution.take(OutgoingExecution.java:48)
	at org.activiti.engine.impl.persistence.entity.ExecutionEntity.takeAll(ExecutionEntity.java:589)
	at org.activiti.engine.impl.bpmn.behavior.ParallelGatewayActivityBehavior.execute(ParallelGatewayActivityBehavior.java:78)
	at org.activiti.engine.impl.pvm.runtime.AtomicOperationActivityExecute.execute(AtomicOperationActivityExecute.java:60)
	at org.activiti.engine.impl.interceptor.CommandContext.performOperation(CommandContext.java:97)
	at org.activiti.engine.impl.persistence.entity.ExecutionEntity.performOperationSync(ExecutionEntity.java:636)
	at org.activiti.engine.impl.persistence.entity.ExecutionEntity.performOperation(ExecutionEntity.java:629)
	at org.activiti.engine.impl.pvm.runtime.AtomicOperationTransitionNotifyListenerStart.eventNotificationsCompleted(AtomicOperationTransitionNotifyListenerStart.java:52)
	at org.activiti.engine.impl.pvm.runtime.AbstractEventAtomicOperation.execute(AbstractEventAtomicOperation.java:56)
	at org.activiti.engine.impl.interceptor.CommandContext.performOperation(CommandContext.java:97)
	at org.activiti.engine.impl.persistence.entity.ExecutionEntity.performOperationSync(ExecutionEntity.java:636)
	at org.activiti.engine.impl.persistence.entity.ExecutionEntity.performOperation(ExecutionEntity.java:629)
	at org.activiti.engine.impl.pvm.runtime.AbstractEventAtomicOperation.execute(AbstractEventAtomicOperation.java:49)
	at org.activiti.engine.impl.interceptor.CommandContext.performOperation(CommandContext.java:97)
	at org.activiti.engine.impl.persistence.entity.ExecutionEntity.performOperationSync(ExecutionEntity.java:636)
	at org.activiti.engine.impl.persistence.entity.ExecutionEntity.performOperation(ExecutionEntity.java:629)
	at org.activiti.engine.impl.pvm.runtime.AtomicOperationTransitionCreateScope.execute(AtomicOperationTransitionCreateScope.java:49)
	at org.activiti.engine.impl.interceptor.CommandContext.performOperation(CommandContext.java:97)
	at org.activiti.engine.impl.persistence.entity.ExecutionEntity.performOperationSync(ExecutionEntity.java:636)
	at org.activiti.engine.impl.persistence.entity.ExecutionEntity.performOperation(ExecutionEntity.java:629)
	at org.activiti.engine.impl.pvm.runtime.AtomicOperationTransitionNotifyListenerTake.execute(AtomicOperationTransitionNotifyListenerTake.java:80)
	at org.activiti.engine.impl.interceptor.CommandContext.performOperation(CommandContext.java:97)
	at org.activiti.engine.impl.persistence.entity.ExecutionEntity.performOperationSync(ExecutionEntity.java:636)
	at org.activiti.engine.impl.persistence.entity.ExecutionEntity.performOperation(ExecutionEntity.java:629)
	at org.activiti.engine.impl.pvm.runtime.AtomicOperationTransitionDestroyScope.execute(AtomicOperationTransitionDestroyScope.java:116)
	at org.activiti.engine.impl.interceptor.CommandContext.performOperation(CommandContext.java:97)
	at org.activiti.engine.impl.persistence.entity.ExecutionEntity.performOperationSync(ExecutionEntity.java:636)
	at org.activiti.engine.impl.persistence.entity.ExecutionEntity.performOperation(ExecutionEntity.java:629)
	at org.activiti.engine.impl.pvm.runtime.AtomicOperationTransitionNotifyListenerEnd.eventNotificationsCompleted(AtomicOperationTransitionNotifyListenerEnd.java:35)
	at org.activiti.engine.impl.pvm.runtime.AbstractEventAtomicOperation.execute(AbstractEventAtomicOperation.java:56)
	at org.activiti.engine.impl.interceptor.CommandContext.performOperation(CommandContext.java:97)
	at org.activiti.engine.impl.persistence.entity.ExecutionEntity.performOperationSync(ExecutionEntity.java:636)
	at org.activiti.engine.impl.persistence.entity.ExecutionEntity.performOperation(ExecutionEntity.java:629)
	at org.activiti.engine.impl.pvm.runtime.AbstractEventAtomicOperation.execute(AbstractEventAtomicOperation.java:49)
	at org.activiti.engine.impl.interceptor.CommandContext.performOperation(CommandContext.java:97)
	at org.activiti.engine.impl.persistence.entity.ExecutionEntity.performOperationSync(ExecutionEntity.java:636)
	at org.activiti.engine.impl.persistence.entity.ExecutionEntity.performOperation(ExecutionEntity.java:629)
	at org.activiti.engine.impl.persistence.entity.ExecutionEntity.take(ExecutionEntity.java:453)
	at org.activiti.engine.impl.persistence.entity.ExecutionEntity.take(ExecutionEntity.java:431)
	at org.activiti.engine.impl.bpmn.behavior.BpmnActivityBehavior.performOutgoingBehavior(BpmnActivityBehavior.java:140)
	at org.activiti.engine.impl.bpmn.behavior.BpmnActivityBehavior.performDefaultOutgoingBehavior(BpmnActivityBehavior.java:66)
	at org.activiti.engine.impl.bpmn.behavior.FlowNodeActivityBehavior.leave(FlowNodeActivityBehavior.java:44)
	at org.activiti.engine.impl.bpmn.behavior.FlowNodeActivityBehavior.execute(FlowNodeActivityBehavior.java:36)
	at org.activiti.engine.impl.pvm.runtime.AtomicOperationActivityExecute.execute(AtomicOperationActivityExecute.java:60)
	at org.activiti.engine.impl.interceptor.CommandContext.performOperation(CommandContext.java:97)
	at org.activiti.engine.impl.persistence.entity.ExecutionEntity.performOperationSync(ExecutionEntity.java:636)
	at org.activiti.engine.impl.persistence.entity.ExecutionEntity.performOperation(ExecutionEntity.java:629)
	at org.activiti.engine.impl.pvm.runtime.AtomicOperationActivityStart.eventNotificationsCompleted(AtomicOperationActivityStart.java:26)
	at org.activiti.engine.impl.pvm.runtime.AbstractEventAtomicOperation.execute(AbstractEventAtomicOperation.java:56)
	at org.activiti.engine.impl.interceptor.CommandContext.performOperation(CommandContext.java:97)
	at org.activiti.engine.impl.persistence.entity.ExecutionEntity.performOperationSync(ExecutionEntity.java:636)
	at org.activiti.engine.impl.persistence.entity.ExecutionEntity.performOperation(ExecutionEntity.java:629)
	at org.activiti.engine.impl.persistence.entity.ExecutionEntity.executeActivity(ExecutionEntity.java:458)
	at org.activiti.engine.impl.bpmn.behavior.SubProcessActivityBehavior.execute(SubProcessActivityBehavior.java:55)
	at org.activiti.engine.impl.pvm.runtime.AtomicOperationActivityExecute.execute(AtomicOperationActivityExecute.java:60)
	at org.activiti.engine.impl.interceptor.CommandContext.performOperation(CommandContext.java:97)
	at org.activiti.engine.impl.persistence.entity.ExecutionEntity.performOperationSync(ExecutionEntity.java:636)
	at org.activiti.engine.impl.persistence.entity.ExecutionEntity.performOperation(ExecutionEntity.java:629)
	at org.activiti.engine.impl.pvm.runtime.AtomicOperationTransitionNotifyListenerStart.eventNotificationsCompleted(AtomicOperationTransitionNotifyListenerStart.java:52)
	at org.activiti.engine.impl.pvm.runtime.AbstractEventAtomicOperation.execute(AbstractEventAtomicOperation.java:56)
	at org.activiti.engine.impl.interceptor.CommandContext.performOperation(CommandContext.java:97)
	at org.activiti.engine.impl.persistence.entity.ExecutionEntity.performOperationSync(ExecutionEntity.java:636)
	at org.activiti.engine.impl.persistence.entity.ExecutionEntity.performOperation(ExecutionEntity.java:629)
	at org.activiti.engine.impl.pvm.runtime.AbstractEventAtomicOperation.execute(AbstractEventAtomicOperation.java:49)
	at org.activiti.engine.impl.interceptor.CommandContext.performOperation(CommandContext.java:97)
	at org.activiti.engine.impl.persistence.entity.ExecutionEntity.performOperationSync(ExecutionEntity.java:636)
	at org.activiti.engine.impl.persistence.entity.ExecutionEntity.performOperation(ExecutionEntity.java:629)
	at org.activiti.engine.impl.pvm.runtime.AtomicOperationTransitionCreateScope.execute(AtomicOperationTransitionCreateScope.java:49)
	at org.activiti.engine.impl.interceptor.CommandContext.performOperation(CommandContext.java:97)
	at org.activiti.engine.impl.persistence.entity.ExecutionEntity.performOperationSync(ExecutionEntity.java:636)
	at org.activiti.engine.impl.persistence.entity.ExecutionEntity.performOperation(ExecutionEntity.java:629)
	at org.activiti.engine.impl.pvm.runtime.AtomicOperationTransitionNotifyListenerTake.execute(AtomicOperationTransitionNotifyListenerTake.java:80)
	at org.activiti.engine.impl.interceptor.CommandContext.performOperation(CommandContext.java:97)
	at org.activiti.engine.impl.persistence.entity.ExecutionEntity.performOperationSync(ExecutionEntity.java:636)
	at org.activiti.engine.impl.persistence.entity.ExecutionEntity.performOperation(ExecutionEntity.java:629)
	at org.activiti.engine.impl.pvm.runtime.AtomicOperationTransitionDestroyScope.execute(AtomicOperationTransitionDestroyScope.java:116)
	at org.activiti.engine.impl.interceptor.CommandContext.performOperation(CommandContext.java:97)
	at org.activiti.engine.impl.persistence.entity.ExecutionEntity.performOperationSync(ExecutionEntity.java:636)
	at org.activiti.engine.impl.persistence.entity.ExecutionEntity.performOperation(ExecutionEntity.java:629)
	at org.activiti.engine.impl.pvm.runtime.AtomicOperationTransitionNotifyListenerEnd.eventNotificationsCompleted(AtomicOperationTransitionNotifyListenerEnd.java:35)
	at org.activiti.engine.impl.pvm.runtime.AbstractEventAtomicOperation.execute(AbstractEventAtomicOperation.java:56)
	at org.activiti.engine.impl.interceptor.CommandContext.performOperation(CommandContext.java:97)
	at org.activiti.engine.impl.persistence.entity.ExecutionEntity.performOperationSync(ExecutionEntity.java:636)
	at org.activiti.engine.impl.persistence.entity.ExecutionEntity.performOperation(ExecutionEntity.java:629)
	at org.activiti.engine.impl.pvm.runtime.AbstractEventAtomicOperation.execute(AbstractEventAtomicOperation.java:49)
	at org.activiti.engine.impl.interceptor.CommandContext.performOperation(CommandContext.java:97)
	at org.activiti.engine.impl.persistence.entity.ExecutionEntity.performOperationSync(ExecutionEntity.java:636)
	at org.activiti.engine.impl.persistence.entity.ExecutionEntity.performOperation(ExecutionEntity.java:629)
	at org.activiti.engine.impl.persistence.entity.ExecutionEntity.take(ExecutionEntity.java:453)
	at org.activiti.engine.impl.persistence.entity.ExecutionEntity.take(ExecutionEntity.java:431)
	at org.activiti.engine.impl.bpmn.behavior.BpmnActivityBehavior.performOutgoingBehavior(BpmnActivityBehavior.java:140)
	at org.activiti.engine.impl.bpmn.behavior.BpmnActivityBehavior.performDefaultOutgoingBehavior(BpmnActivityBehavior.java:66)
	at org.activiti.engine.impl.bpmn.behavior.FlowNodeActivityBehavior.leave(FlowNodeActivityBehavior.java:44)
	at org.activiti.engine.impl.bpmn.behavior.FlowNodeActivityBehavior.execute(FlowNodeActivityBehavior.java:36)
	at org.activiti.engine.impl.pvm.runtime.AtomicOperationActivityExecute.execute(AtomicOperationActivityExecute.java:60)
	at org.activiti.engine.impl.interceptor.CommandContext.performOperation(CommandContext.java:97)
	at org.activiti.engine.impl.persistence.entity.ExecutionEntity.performOperationSync(ExecutionEntity.java:636)
	at org.activiti.engine.impl.persistence.entity.ExecutionEntity.performOperation(ExecutionEntity.java:629)
	at org.activiti.engine.impl.pvm.runtime.AtomicOperationProcessStartInitial.eventNotificationsCompleted(AtomicOperationProcessStartInitial.java:45)
	at org.activiti.engine.impl.pvm.runtime.AbstractEventAtomicOperation.execute(AbstractEventAtomicOperation.java:56)
	at org.activiti.engine.impl.interceptor.CommandContext.performOperation(CommandContext.java:97)
	at org.activiti.engine.impl.persistence.entity.ExecutionEntity.performOperationSync(ExecutionEntity.java:636)
	at org.activiti.engine.impl.persistence.entity.ExecutionEntity.performOperation(ExecutionEntity.java:629)
	at org.activiti.engine.impl.pvm.runtime.AtomicOperationProcessStart.eventNotificationsCompleted(AtomicOperationProcessStart.java:64)
	at org.activiti.engine.impl.pvm.runtime.AbstractEventAtomicOperation.execute(AbstractEventAtomicOperation.java:56)
	at org.activiti.engine.impl.interceptor.CommandContext.performOperation(CommandContext.java:97)
	at org.activiti.engine.impl.persistence.entity.ExecutionEntity.performOperationSync(ExecutionEntity.java:636)
	at org.activiti.engine.impl.persistence.entity.ExecutionEntity.performOperation(ExecutionEntity.java:629)
	at org.activiti.engine.impl.persistence.entity.ExecutionEntity.start(ExecutionEntity.java:381)
	at org.activiti.engine.impl.cmd.StartProcessInstanceCmd.execute(StartProcessInstanceCmd.java:110)
	at org.activiti.engine.impl.cmd.StartProcessInstanceCmd.execute(StartProcessInstanceCmd.java:37)
	at org.activiti.engine.impl.interceptor.CommandInvoker.execute(CommandInvoker.java:24)
	at org.activiti.engine.impl.interceptor.CommandContextInterceptor.execute(CommandContextInterceptor.java:57)
	at org.activiti.engine.impl.interceptor.LogInterceptor.execute(LogInterceptor.java:37)
	at org.activiti.engine.impl.cfg.CommandExecutorImpl.execute(CommandExecutorImpl.java:40)
	at org.activiti.engine.impl.cfg.CommandExecutorImpl.execute(CommandExecutorImpl.java:35)
	at org.activiti.engine.impl.RuntimeServiceImpl.startProcessInstanceByKey(RuntimeServiceImpl.java:69)
	at org.activiti.engine.test.bpmn.subprocess.SubProcessTest.testSimpleParallelSubProcessWithTimer(SubProcessTest.java:211)
	at sun.reflect.NativeMethodAccessorImpl.invoke0(Native Method)
	at sun.reflect.NativeMethodAccessorImpl.invoke(NativeMethodAccessorImpl.java:62)
	at sun.reflect.DelegatingMethodAccessorImpl.invoke(DelegatingMethodAccessorImpl.java:43)
	at java.lang.reflect.Method.invoke(Method.java:498)
	at junit.framework.TestCase.runTest(TestCase.java:176)
	at org.activiti.engine.impl.test.PvmTestCase.runTest(PvmTestCase.java:65)
	at junit.framework.TestCase.runBare(TestCase.java:141)
	at org.activiti.engine.impl.test.AbstractActivitiTestCase.runBare(AbstractActivitiTestCase.java:100)
	at junit.framework.TestResult$1.protect(TestResult.java:122)
	at junit.framework.TestResult.runProtected(TestResult.java:142)
	at junit.framework.TestResult.run(TestResult.java:125)
	at junit.framework.TestCase.run(TestCase.java:129)
	at junit.framework.TestSuite.runTest(TestSuite.java:255)
	at junit.framework.TestSuite.run(TestSuite.java:250)
	at org.junit.internal.runners.JUnit38ClassRunner.run(JUnit38ClassRunner.java:84)
	at org.apache.maven.surefire.junit4.JUnit4TestSet.execute(JUnit4TestSet.java:35)
	at org.apache.maven.surefire.junit4.JUnit4Provider.executeTestSet(JUnit4Provider.java:146)
	at org.apache.maven.surefire.junit4.JUnit4Provider.invoke(JUnit4Provider.java:97)
	at sun.reflect.NativeMethodAccessorImpl.invoke0(Native Method)
	at sun.reflect.NativeMethodAccessorImpl.invoke(NativeMethodAccessorImpl.java:62)
	at sun.reflect.DelegatingMethodAccessorImpl.invoke(DelegatingMethodAccessorImpl.java:43)
	at java.lang.reflect.Method.invoke(Method.java:498)
	at org.apache.maven.surefire.booter.ProviderFactory$ClassLoaderProxy.invoke(ProviderFactory.java:103)
	at com.sun.proxy.$Proxy0.invoke(Unknown Source)
	at org.apache.maven.surefire.booter.SurefireStarter.invokeProvider(SurefireStarter.java:145)
	at org.apache.maven.surefire.booter.SurefireStarter.runSuitesInProcess(SurefireStarter.java:87)
	at org.apache.maven.surefire.booter.ForkedBooter.main(ForkedBooter.java:69)
Caused by: org.h2.jdbc.JdbcSQLException: Syntax error in SQL statement &quot;SELECT RES.* 
     
    FROM ACT_HI_ACTINST RES
     WHERE  RES.EXECUTION_ID_ = ?
      
      
      
        AND RES.ACT_ID_ = ?
      
      
      
      
      
      
      
      
        AND RES.END_TIME_ IS NULL 
   
     ORDER BY  ORDER[*] BY RES.ID_ ASC  
    LIMIT ? OFFSET ? &quot;; expected &quot;=, NOT, EXISTS, INTERSECTS, SELECT, FROM&quot;; SQL statement:
select RES.* 
     
    from ACT_HI_ACTINST RES
     WHERE  RES.EXECUTION_ID_ = ?
      
      
      
        and RES.ACT_ID_ = ?
      
      
      
      
      
      
      
      
        and RES.END_TIME_ is null 
   
     order by  order by RES.ID_ asc  
    LIMIT ? OFFSET ? [42001-176]
	at org.h2.message.DbException.getJdbcSQLException(DbException.java:344)
	at org.h2.message.DbException.getSyntaxError(DbException.java:204)
	at org.h2.command.Parser.getSyntaxError(Parser.java:524)
	at org.h2.command.Parser.readTerm(Parser.java:2688)
	at org.h2.command.Parser.readFactor(Parser.java:2244)
	at org.h2.command.Parser.readSum(Parser.java:2231)
	at org.h2.command.Parser.readConcat(Parser.java:2201)
	at org.h2.command.Parser.readCondition(Parser.java:2051)
	at org.h2.command.Parser.readAnd(Parser.java:2023)
	at org.h2.command.Parser.readExpression(Parser.java:2015)
	at org.h2.command.Parser.parseEndOfQuery(Parser.java:1726)
	at org.h2.command.Parser.parseSelectUnionExtension(Parser.java:1706)
	at org.h2.command.Parser.parseSelectUnion(Parser.java:1675)
	at org.h2.command.Parser.parseSelect(Parser.java:1662)
	at org.h2.command.Parser.parsePrepared(Parser.java:434)
	at org.h2.command.Parser.parse(Parser.java:306)
	at org.h2.command.Parser.parse(Parser.java:282)
	at org.h2.command.Parser.prepareCommand(Parser.java:243)
	at org.h2.engine.Session.prepareLocal(Session.java:442)
	at org.h2.engine.Session.prepareCommand(Session.java:384)
	at org.h2.jdbc.JdbcConnection.prepareCommand(JdbcConnection.java:1188)
	at org.h2.jdbc.JdbcPreparedStatement.&lt;init&gt;(JdbcPreparedStatement.java:73)
	at org.h2.jdbc.JdbcConnection.prepareStatement(JdbcConnection.java:276)
	at sun.reflect.GeneratedMethodAccessor6.invoke(Unknown Source)
	at sun.reflect.DelegatingMethodAccessorImpl.invoke(DelegatingMethodAccessorImpl.java:43)
	at java.lang.reflect.Method.invoke(Method.java:498)
	at org.apache.ibatis.datasource.pooled.PooledConnection.invoke(PooledConnection.java:245)
	at com.sun.proxy.$Proxy12.prepareStatement(Unknown Source)
	at sun.reflect.GeneratedMethodAccessor6.invoke(Unknown Source)
	at sun.reflect.DelegatingMethodAccessorImpl.invoke(DelegatingMethodAccessorImpl.java:43)
	at java.lang.reflect.Method.invoke(Method.java:498)
	at org.apache.ibatis.logging.jdbc.ConnectionLogger.invoke(ConnectionLogger.java:55)
	at com.sun.proxy.$Proxy12.prepareStatement(Unknown Source)
	at org.apache.ibatis.executor.statement.PreparedStatementHandler.instantiateStatement(PreparedStatementHandler.java:79)
	at org.apache.ibatis.executor.statement.BaseStatementHandler.prepare(BaseStatementHandler.java:88)
	at org.apache.ibatis.executor.statement.RoutingStatementHandler.prepare(RoutingStatementHandler.java:58)
	at org.apache.ibatis.executor.SimpleExecutor.prepareStatement(SimpleExecutor.java:76)
	at org.apache.ibatis.executor.SimpleExecutor.doQuery(SimpleExecutor.java:61)
	at org.apache.ibatis.executor.BaseExecutor.queryFromDatabase(BaseExecutor.java:303)
	at org.apache.ibatis.executor.BaseExecutor.query(BaseExecutor.java:154)
	at org.apache.ibatis.executor.CachingExecutor.query(CachingExecutor.java:102)
	at org.apache.ibatis.executor.CachingExecutor.query(CachingExecutor.java:82)
	at org.apache.ibatis.session.defaults.DefaultSqlSession.selectList(DefaultSqlSession.java:120)
	... 160 more
10:47:09,823 [main] DEBUG org.activiti.engine.impl.test.TestHelper  - annotation @Deployment deletes deployment for SubProcessTest.testSimpleParallelSubProcessWithTimer
10:47:09,823 [main] DEBUG org.activiti.engine.impl.interceptor.LogInterceptor  - 

10:47:09,823 [main] DEBUG org.activiti.engine.impl.interceptor.LogInterceptor  - --- starting DeleteDeploymentCmd --------------------------------------------------------
10:47:09,823 [main] DEBUG org.apache.ibatis.transaction.jdbc.JdbcTransaction  - Opening JDBC Connection
10:47:09,823 [main] DEBUG org.apache.ibatis.datasource.pooled.PooledDataSource  - Checked out connection 297240765 from pool.
10:47:09,823 [main] DEBUG org.apache.ibatis.transaction.jdbc.JdbcTransaction  - Setting autocommit to false on JDBC Connection [conn4: url=jdbc:h2:mem:activiti user=SA]
10:47:09,823 [main] DEBUG org.activiti.engine.impl.persistence.entity.DeploymentEntity.selectDeploymentById  - ==&gt;  Preparing: select * from ACT_RE_DEPLOYMENT where ID_ = ? 
10:47:09,823 [main] DEBUG org.activiti.engine.impl.persistence.entity.DeploymentEntity.selectDeploymentById  - ==&gt; Parameters: 164(String)
10:47:09,823 [main] DEBUG org.activiti.engine.impl.persistence.entity.DeploymentEntity.selectDeploymentById  - &lt;==      Total: 1
10:47:09,823 [main] DEBUG org.activiti.engine.impl.persistence.entity.ProcessDefinitionEntity.selectProcessDefinitionsByQueryCriteria  - ==&gt;  Preparing: select RES.* from ACT_RE_PROCDEF RES WHERE RES.DEPLOYMENT_ID_ = ? order by order by RES.ID_ asc LIMIT ? OFFSET ? 
10:47:09,824 [main] DEBUG org.activiti.engine.impl.interceptor.CommandContext  - Error while closing command context
org.apache.ibatis.exceptions.PersistenceException: 
### Error querying database.  Cause: org.h2.jdbc.JdbcSQLException: Syntax error in SQL statement &quot;SELECT RES.* 
       
    FROM ACT_RE_PROCDEF RES
     
     WHERE  RES.DEPLOYMENT_ID_ = ? 
   
     ORDER BY  ORDER[*] BY RES.ID_ ASC  
    LIMIT ? OFFSET ? &quot;; expected &quot;=, NOT, EXISTS, INTERSECTS, SELECT, FROM&quot;; SQL statement:
select RES.* 
       
    from ACT_RE_PROCDEF RES
     
     WHERE  RES.DEPLOYMENT_ID_ = ? 
   
     order by  order by RES.ID_ asc  
    LIMIT ? OFFSET ? [42001-176]
### The error may exist in org/activiti/db/mapping/entity/ProcessDefinition.xml
### The error may involve org.activiti.engine.impl.persistence.entity.ProcessDefinitionEntity.selectProcessDefinitionsByQueryCriteria
### The error occurred while executing a query
### SQL: select RES.*              from ACT_RE_PROCDEF RES            WHERE  RES.DEPLOYMENT_ID_ = ?           order by  order by RES.ID_ asc       LIMIT ? OFFSET ?
### Cause: org.h2.jdbc.JdbcSQLException: Syntax error in SQL statement &quot;SELECT RES.* 
       
    FROM ACT_RE_PROCDEF RES
     
     WHERE  RES.DEPLOYMENT_ID_ = ? 
   
     ORDER BY  ORDER[*] BY RES.ID_ ASC  
    LIMIT ? OFFSET ? &quot;; expected &quot;=, NOT, EXISTS, INTERSECTS, SELECT, FROM&quot;; SQL statement:
select RES.* 
       
    from ACT_RE_PROCDEF RES
     
     WHERE  RES.DEPLOYMENT_ID_ = ? 
   
     order by  order by RES.ID_ asc  
    LIMIT ? OFFSET ? [42001-176]
	at org.apache.ibatis.exceptions.ExceptionFactory.wrapException(ExceptionFactory.java:30)
	at org.apache.ibatis.session.defaults.DefaultSqlSession.selectList(DefaultSqlSession.java:122)
	at org.apache.ibatis.session.defaults.DefaultSqlSession.selectList(DefaultSqlSession.java:113)
	at org.activiti.engine.impl.db.DbSqlSession.selectListWithRawParameter(DbSqlSession.java:438)
	at org.activiti.engine.impl.db.DbSqlSession.selectList(DbSqlSession.java:429)
	at org.activiti.engine.impl.db.DbSqlSession.selectList(DbSqlSession.java:419)
	at org.activiti.engine.impl.persistence.entity.ProcessDefinitionEntityManager.findProcessDefinitionsByQueryCriteria(ProcessDefinitionEntityManager.java:57)
	at org.activiti.engine.impl.ProcessDefinitionQueryImpl.executeList(ProcessDefinitionQueryImpl.java:307)
	at org.activiti.engine.impl.AbstractQuery.list(AbstractQuery.java:140)
	at org.activiti.engine.impl.persistence.deploy.DeploymentManager.removeDeployment(DeploymentManager.java:187)
	at org.activiti.engine.impl.cmd.DeleteDeploymentCmd.execute(DeleteDeploymentCmd.java:44)
	at org.activiti.engine.impl.cmd.DeleteDeploymentCmd.execute(DeleteDeploymentCmd.java:24)
	at org.activiti.engine.impl.interceptor.CommandInvoker.execute(CommandInvoker.java:24)
	at org.activiti.engine.impl.interceptor.CommandContextInterceptor.execute(CommandContextInterceptor.java:57)
	at org.activiti.engine.impl.interceptor.LogInterceptor.execute(LogInterceptor.java:37)
	at org.activiti.engine.impl.cfg.CommandExecutorImpl.execute(CommandExecutorImpl.java:40)
	at org.activiti.engine.impl.cfg.CommandExecutorImpl.execute(CommandExecutorImpl.java:35)
	at org.activiti.engine.impl.RepositoryServiceImpl.deleteDeployment(RepositoryServiceImpl.java:90)
	at org.activiti.engine.impl.test.TestHelper.annotationDeploymentTearDown(TestHelper.java:116)
	at org.activiti.engine.impl.test.AbstractActivitiTestCase.runBare(AbstractActivitiTestCase.java:116)
	at junit.framework.TestResult$1.protect(TestResult.java:122)
	at junit.framework.TestResult.runProtected(TestResult.java:142)
	at junit.framework.TestResult.run(TestResult.java:125)
	at junit.framework.TestCase.run(TestCase.java:129)
	at junit.framework.TestSuite.runTest(TestSuite.java:255)
	at junit.framework.TestSuite.run(TestSuite.java:250)
	at org.junit.internal.runners.JUnit38ClassRunner.run(JUnit38ClassRunner.java:84)
	at org.apache.maven.surefire.junit4.JUnit4TestSet.execute(JUnit4TestSet.java:35)
	at org.apache.maven.surefire.junit4.JUnit4Provider.executeTestSet(JUnit4Provider.java:146)
	at org.apache.maven.surefire.junit4.JUnit4Provider.invoke(JUnit4Provider.java:97)
	at sun.reflect.NativeMethodAccessorImpl.invoke0(Native Method)
	at sun.reflect.NativeMethodAccessorImpl.invoke(NativeMethodAccessorImpl.java:62)
	at sun.reflect.DelegatingMethodAccessorImpl.invoke(DelegatingMethodAccessorImpl.java:43)
	at java.lang.reflect.Method.invoke(Method.java:498)
	at org.apache.maven.surefire.booter.ProviderFactory$ClassLoaderProxy.invoke(ProviderFactory.java:103)
	at com.sun.proxy.$Proxy0.invoke(Unknown Source)
	at org.apache.maven.surefire.booter.SurefireStarter.invokeProvider(SurefireStarter.java:145)
	at org.apache.maven.surefire.booter.SurefireStarter.runSuitesInProcess(SurefireStarter.java:87)
	at org.apache.maven.surefire.booter.ForkedBooter.main(ForkedBooter.java:69)
Caused by: org.h2.jdbc.JdbcSQLException: Syntax error in SQL statement &quot;SELECT RES.* 
       
    FROM ACT_RE_PROCDEF RES
     
     WHERE  RES.DEPLOYMENT_ID_ = ? 
   
     ORDER BY  ORDER[*] BY RES.ID_ ASC  
    LIMIT ? OFFSET ? &quot;; expected &quot;=, NOT, EXISTS, INTERSECTS, SELECT, FROM&quot;; SQL statement:
select RES.* 
       
    from ACT_RE_PROCDEF RES
     
     WHERE  RES.DEPLOYMENT_ID_ = ? 
   
     order by  order by RES.ID_ asc  
    LIMIT ? OFFSET ? [42001-176]
	at org.h2.message.DbException.getJdbcSQLException(DbException.java:344)
	at org.h2.message.DbException.getSyntaxError(DbException.java:204)
	at org.h2.command.Parser.getSyntaxError(Parser.java:524)
	at org.h2.command.Parser.readTerm(Parser.java:2688)
	at org.h2.command.Parser.readFactor(Parser.java:2244)
	at org.h2.command.Parser.readSum(Parser.java:2231)
	at org.h2.command.Parser.readConcat(Parser.java:2201)
	at org.h2.command.Parser.readCondition(Parser.java:2051)
	at org.h2.command.Parser.readAnd(Parser.java:2023)
	at org.h2.command.Parser.readExpression(Parser.java:2015)
	at org.h2.command.Parser.parseEndOfQuery(Parser.java:1726)
	at org.h2.command.Parser.parseSelectUnionExtension(Parser.java:1706)
	at org.h2.command.Parser.parseSelectUnion(Parser.java:1675)
	at org.h2.command.Parser.parseSelect(Parser.java:1662)
	at org.h2.command.Parser.parsePrepared(Parser.java:434)
	at org.h2.command.Parser.parse(Parser.java:306)
	at org.h2.command.Parser.parse(Parser.java:282)
	at org.h2.command.Parser.prepareCommand(Parser.java:243)
	at org.h2.engine.Session.prepareLocal(Session.java:442)
	at org.h2.engine.Session.prepareCommand(Session.java:384)
	at org.h2.jdbc.JdbcConnection.prepareCommand(JdbcConnection.java:1188)
	at org.h2.jdbc.JdbcPreparedStatement.&lt;init&gt;(JdbcPreparedStatement.java:73)
	at org.h2.jdbc.JdbcConnection.prepareStatement(JdbcConnection.java:276)
	at sun.reflect.GeneratedMethodAccessor6.invoke(Unknown Source)
	at sun.reflect.DelegatingMethodAccessorImpl.invoke(DelegatingMethodAccessorImpl.java:43)
	at java.lang.reflect.Method.invoke(Method.java:498)
	at org.apache.ibatis.datasource.pooled.PooledConnection.invoke(PooledConnection.java:245)
	at com.sun.proxy.$Proxy12.prepareStatement(Unknown Source)
	at sun.reflect.GeneratedMethodAccessor6.invoke(Unknown Source)
	at sun.reflect.DelegatingMethodAccessorImpl.invoke(DelegatingMethodAccessorImpl.java:43)
	at java.lang.reflect.Method.invoke(Method.java:498)
	at org.apache.ibatis.logging.jdbc.ConnectionLogger.invoke(ConnectionLogger.java:55)
	at com.sun.proxy.$Proxy12.prepareStatement(Unknown Source)
	at org.apache.ibatis.executor.statement.PreparedStatementHandler.instantiateStatement(PreparedStatementHandler.java:79)
	at org.apache.ibatis.executor.statement.BaseStatementHandler.prepare(BaseStatementHandler.java:88)
	at org.apache.ibatis.executor.statement.RoutingStatementHandler.prepare(RoutingStatementHandler.java:58)
	at org.apache.ibatis.executor.SimpleExecutor.prepareStatement(SimpleExecutor.java:76)
	at org.apache.ibatis.executor.SimpleExecutor.doQuery(SimpleExecutor.java:61)
	at org.apache.ibatis.executor.BaseExecutor.queryFromDatabase(BaseExecutor.java:303)
	at org.apache.ibatis.executor.BaseExecutor.query(BaseExecutor.java:154)
	at org.apache.ibatis.executor.CachingExecutor.query(CachingExecutor.java:102)
	at org.apache.ibatis.executor.CachingExecutor.query(CachingExecutor.java:82)
	at org.apache.ibatis.session.defaults.DefaultSqlSession.selectList(DefaultSqlSession.java:120)
	... 37 more
10:47:09,824 [main] DEBUG org.activiti.engine.impl.cfg.standalone.StandaloneMybatisTransactionContext  - firing event rolling back...
10:47:09,824 [main] DEBUG org.activiti.engine.impl.cfg.standalone.StandaloneMybatisTransactionContext  - rolling back ibatis sql session...
10:47:09,824 [main] DEBUG org.activiti.engine.impl.cfg.standalone.StandaloneMybatisTransactionContext  - firing event rolled back...
10:47:09,824 [main] DEBUG org.apache.ibatis.transaction.jdbc.JdbcTransaction  - Resetting autocommit to true on JDBC Connection [conn4: url=jdbc:h2:mem:activiti user=SA]
10:47:09,824 [main] DEBUG org.apache.ibatis.transaction.jdbc.JdbcTransaction  - Closing JDBC Connection [conn4: url=jdbc:h2:mem:activiti user=SA]
10:47:09,824 [main] DEBUG org.apache.ibatis.datasource.pooled.PooledDataSource  - Returned connection 297240765 to pool.
10:47:09,824 [main] DEBUG org.activiti.engine.impl.interceptor.LogInterceptor  - --- DeleteDeploymentCmd finished --------------------------------------------------------
10:47:09,824 [main] DEBUG org.activiti.engine.impl.interceptor.LogInterceptor  - 

</system-out>
  </testcase>
  <testcase classname="org.activiti.engine.test.bpmn.subprocess.SubProcessTest" name="testSimpleSubProcessWithTimer" time="0.017">
    <error message="
### Error querying database.  Cause: org.h2.jdbc.JdbcSQLException: Syntax error in SQL statement &quot;SELECT RES.* 
       
    FROM ACT_RE_PROCDEF RES
     
     WHERE  RES.DEPLOYMENT_ID_ = ? 
   
     ORDER BY  ORDER[*] BY RES.ID_ ASC  
    LIMIT ? OFFSET ? &quot;; expected &quot;=, NOT, EXISTS, INTERSECTS, SELECT, FROM&quot;; SQL statement:
select RES.* 
       
    from ACT_RE_PROCDEF RES
     
     WHERE  RES.DEPLOYMENT_ID_ = ? 
   
     order by  order by RES.ID_ asc  
    LIMIT ? OFFSET ? [42001-176]
### The error may exist in org/activiti/db/mapping/entity/ProcessDefinition.xml
### The error may involve org.activiti.engine.impl.persistence.entity.ProcessDefinitionEntity.selectProcessDefinitionsByQueryCriteria
### The error occurred while executing a query
### SQL: select RES.*              from ACT_RE_PROCDEF RES            WHERE  RES.DEPLOYMENT_ID_ = ?           order by  order by RES.ID_ asc       LIMIT ? OFFSET ?
### Cause: org.h2.jdbc.JdbcSQLException: Syntax error in SQL statement &quot;SELECT RES.* 
       
    FROM ACT_RE_PROCDEF RES
     
     WHERE  RES.DEPLOYMENT_ID_ = ? 
   
     ORDER BY  ORDER[*] BY RES.ID_ ASC  
    LIMIT ? OFFSET ? &quot;; expected &quot;=, NOT, EXISTS, INTERSECTS, SELECT, FROM&quot;; SQL statement:
select RES.* 
       
    from ACT_RE_PROCDEF RES
     
     WHERE  RES.DEPLOYMENT_ID_ = ? 
   
     order by  order by RES.ID_ asc  
    LIMIT ? OFFSET ? [42001-176]" type="org.apache.ibatis.exceptions.PersistenceException">org.apache.ibatis.exceptions.PersistenceException: 
### Error querying database.  Cause: org.h2.jdbc.JdbcSQLException: Syntax error in SQL statement &quot;SELECT RES.* 
       
    FROM ACT_RE_PROCDEF RES
     
     WHERE  RES.DEPLOYMENT_ID_ = ? 
   
     ORDER BY  ORDER[*] BY RES.ID_ ASC  
    LIMIT ? OFFSET ? &quot;; expected &quot;=, NOT, EXISTS, INTERSECTS, SELECT, FROM&quot;; SQL statement:
select RES.* 
       
    from ACT_RE_PROCDEF RES
     
     WHERE  RES.DEPLOYMENT_ID_ = ? 
   
     order by  order by RES.ID_ asc  
    LIMIT ? OFFSET ? [42001-176]
### The error may exist in org/activiti/db/mapping/entity/ProcessDefinition.xml
### The error may involve org.activiti.engine.impl.persistence.entity.ProcessDefinitionEntity.selectProcessDefinitionsByQueryCriteria
### The error occurred while executing a query
### SQL: select RES.*              from ACT_RE_PROCDEF RES            WHERE  RES.DEPLOYMENT_ID_ = ?           order by  order by RES.ID_ asc       LIMIT ? OFFSET ?
### Cause: org.h2.jdbc.JdbcSQLException: Syntax error in SQL statement &quot;SELECT RES.* 
       
    FROM ACT_RE_PROCDEF RES
     
     WHERE  RES.DEPLOYMENT_ID_ = ? 
   
     ORDER BY  ORDER[*] BY RES.ID_ ASC  
    LIMIT ? OFFSET ? &quot;; expected &quot;=, NOT, EXISTS, INTERSECTS, SELECT, FROM&quot;; SQL statement:
select RES.* 
       
    from ACT_RE_PROCDEF RES
     
     WHERE  RES.DEPLOYMENT_ID_ = ? 
   
     order by  order by RES.ID_ asc  
    LIMIT ? OFFSET ? [42001-176]
	at org.apache.ibatis.exceptions.ExceptionFactory.wrapException(ExceptionFactory.java:30)
	at org.apache.ibatis.session.defaults.DefaultSqlSession.selectList(DefaultSqlSession.java:122)
	at org.apache.ibatis.session.defaults.DefaultSqlSession.selectList(DefaultSqlSession.java:113)
	at org.activiti.engine.impl.db.DbSqlSession.selectListWithRawParameter(DbSqlSession.java:438)
	at org.activiti.engine.impl.db.DbSqlSession.selectList(DbSqlSession.java:429)
	at org.activiti.engine.impl.db.DbSqlSession.selectList(DbSqlSession.java:419)
	at org.activiti.engine.impl.persistence.entity.ProcessDefinitionEntityManager.findProcessDefinitionsByQueryCriteria(ProcessDefinitionEntityManager.java:57)
	at org.activiti.engine.impl.ProcessDefinitionQueryImpl.executeList(ProcessDefinitionQueryImpl.java:307)
	at org.activiti.engine.impl.AbstractQuery.list(AbstractQuery.java:140)
	at org.activiti.engine.impl.persistence.deploy.DeploymentManager.removeDeployment(DeploymentManager.java:187)
	at org.activiti.engine.impl.cmd.DeleteDeploymentCmd.execute(DeleteDeploymentCmd.java:44)
	at org.activiti.engine.impl.cmd.DeleteDeploymentCmd.execute(DeleteDeploymentCmd.java:24)
	at org.activiti.engine.impl.interceptor.CommandInvoker.execute(CommandInvoker.java:24)
	at org.activiti.engine.impl.interceptor.CommandContextInterceptor.execute(CommandContextInterceptor.java:57)
	at org.activiti.engine.impl.interceptor.LogInterceptor.execute(LogInterceptor.java:37)
	at org.activiti.engine.impl.cfg.CommandExecutorImpl.execute(CommandExecutorImpl.java:40)
	at org.activiti.engine.impl.cfg.CommandExecutorImpl.execute(CommandExecutorImpl.java:35)
	at org.activiti.engine.impl.RepositoryServiceImpl.deleteDeployment(RepositoryServiceImpl.java:90)
	at org.activiti.engine.impl.test.TestHelper.annotationDeploymentTearDown(TestHelper.java:116)
	at org.activiti.engine.impl.test.AbstractActivitiTestCase.runBare(AbstractActivitiTestCase.java:116)
	at junit.framework.TestResult$1.protect(TestResult.java:122)
	at junit.framework.TestResult.runProtected(TestResult.java:142)
	at junit.framework.TestResult.run(TestResult.java:125)
	at junit.framework.TestCase.run(TestCase.java:129)
	at junit.framework.TestSuite.runTest(TestSuite.java:255)
	at junit.framework.TestSuite.run(TestSuite.java:250)
	at org.junit.internal.runners.JUnit38ClassRunner.run(JUnit38ClassRunner.java:84)
	at org.apache.maven.surefire.junit4.JUnit4TestSet.execute(JUnit4TestSet.java:35)
	at org.apache.maven.surefire.junit4.JUnit4Provider.executeTestSet(JUnit4Provider.java:146)
	at org.apache.maven.surefire.junit4.JUnit4Provider.invoke(JUnit4Provider.java:97)
	at sun.reflect.NativeMethodAccessorImpl.invoke0(Native Method)
	at sun.reflect.NativeMethodAccessorImpl.invoke(NativeMethodAccessorImpl.java:62)
	at sun.reflect.DelegatingMethodAccessorImpl.invoke(DelegatingMethodAccessorImpl.java:43)
	at java.lang.reflect.Method.invoke(Method.java:498)
	at org.apache.maven.surefire.booter.ProviderFactory$ClassLoaderProxy.invoke(ProviderFactory.java:103)
	at com.sun.proxy.$Proxy0.invoke(Unknown Source)
	at org.apache.maven.surefire.booter.SurefireStarter.invokeProvider(SurefireStarter.java:145)
	at org.apache.maven.surefire.booter.SurefireStarter.runSuitesInProcess(SurefireStarter.java:87)
	at org.apache.maven.surefire.booter.ForkedBooter.main(ForkedBooter.java:69)
Caused by: org.h2.jdbc.JdbcSQLException: Syntax error in SQL statement &quot;SELECT RES.* 
       
    FROM ACT_RE_PROCDEF RES
     
     WHERE  RES.DEPLOYMENT_ID_ = ? 
   
     ORDER BY  ORDER[*] BY RES.ID_ ASC  
    LIMIT ? OFFSET ? &quot;; expected &quot;=, NOT, EXISTS, INTERSECTS, SELECT, FROM&quot;; SQL statement:
select RES.* 
       
    from ACT_RE_PROCDEF RES
     
     WHERE  RES.DEPLOYMENT_ID_ = ? 
   
     order by  order by RES.ID_ asc  
    LIMIT ? OFFSET ? [42001-176]
	at org.h2.message.DbException.getJdbcSQLException(DbException.java:344)
	at org.h2.message.DbException.getSyntaxError(DbException.java:204)
	at org.h2.command.Parser.getSyntaxError(Parser.java:524)
	at org.h2.command.Parser.readTerm(Parser.java:2688)
	at org.h2.command.Parser.readFactor(Parser.java:2244)
	at org.h2.command.Parser.readSum(Parser.java:2231)
	at org.h2.command.Parser.readConcat(Parser.java:2201)
	at org.h2.command.Parser.readCondition(Parser.java:2051)
	at org.h2.command.Parser.readAnd(Parser.java:2023)
	at org.h2.command.Parser.readExpression(Parser.java:2015)
	at org.h2.command.Parser.parseEndOfQuery(Parser.java:1726)
	at org.h2.command.Parser.parseSelectUnionExtension(Parser.java:1706)
	at org.h2.command.Parser.parseSelectUnion(Parser.java:1675)
	at org.h2.command.Parser.parseSelect(Parser.java:1662)
	at org.h2.command.Parser.parsePrepared(Parser.java:434)
	at org.h2.command.Parser.parse(Parser.java:306)
	at org.h2.command.Parser.parse(Parser.java:282)
	at org.h2.command.Parser.prepareCommand(Parser.java:243)
	at org.h2.engine.Session.prepareLocal(Session.java:442)
	at org.h2.engine.Session.prepareCommand(Session.java:384)
	at org.h2.jdbc.JdbcConnection.prepareCommand(JdbcConnection.java:1188)
	at org.h2.jdbc.JdbcPreparedStatement.&lt;init&gt;(JdbcPreparedStatement.java:73)
	at org.h2.jdbc.JdbcConnection.prepareStatement(JdbcConnection.java:276)
	at sun.reflect.GeneratedMethodAccessor6.invoke(Unknown Source)
	at sun.reflect.DelegatingMethodAccessorImpl.invoke(DelegatingMethodAccessorImpl.java:43)
	at java.lang.reflect.Method.invoke(Method.java:498)
	at org.apache.ibatis.datasource.pooled.PooledConnection.invoke(PooledConnection.java:245)
	at com.sun.proxy.$Proxy12.prepareStatement(Unknown Source)
	at sun.reflect.GeneratedMethodAccessor6.invoke(Unknown Source)
	at sun.reflect.DelegatingMethodAccessorImpl.invoke(DelegatingMethodAccessorImpl.java:43)
	at java.lang.reflect.Method.invoke(Method.java:498)
	at org.apache.ibatis.logging.jdbc.ConnectionLogger.invoke(ConnectionLogger.java:55)
	at com.sun.proxy.$Proxy12.prepareStatement(Unknown Source)
	at org.apache.ibatis.executor.statement.PreparedStatementHandler.instantiateStatement(PreparedStatementHandler.java:79)
	at org.apache.ibatis.executor.statement.BaseStatementHandler.prepare(BaseStatementHandler.java:88)
	at org.apache.ibatis.executor.statement.RoutingStatementHandler.prepare(RoutingStatementHandler.java:58)
	at org.apache.ibatis.executor.SimpleExecutor.prepareStatement(SimpleExecutor.java:76)
	at org.apache.ibatis.executor.SimpleExecutor.doQuery(SimpleExecutor.java:61)
	at org.apache.ibatis.executor.BaseExecutor.queryFromDatabase(BaseExecutor.java:303)
	at org.apache.ibatis.executor.BaseExecutor.query(BaseExecutor.java:154)
	at org.apache.ibatis.executor.CachingExecutor.query(CachingExecutor.java:102)
	at org.apache.ibatis.executor.CachingExecutor.query(CachingExecutor.java:82)
	at org.apache.ibatis.session.defaults.DefaultSqlSession.selectList(DefaultSqlSession.java:120)
	... 37 more
</error>
    <system-out>10:47:09,825 [main] DEBUG org.activiti.engine.impl.test.TestHelper  - annotation @Deployment creates deployment for SubProcessTest.testSimpleSubProcessWithTimer
10:47:09,826 [main] DEBUG org.activiti.engine.impl.interceptor.LogInterceptor  - 

10:47:09,826 [main] DEBUG org.activiti.engine.impl.interceptor.LogInterceptor  - --- starting DeployCmd --------------------------------------------------------
10:47:09,826 [main] DEBUG org.activiti.engine.impl.bpmn.deployer.BpmnDeployer  - Processing deployment SubProcessTest.testSimpleSubProcessWithTimer
10:47:09,826 [main] INFO  org.activiti.engine.impl.bpmn.deployer.BpmnDeployer  - Processing resource org/activiti/engine/test/bpmn/subprocess/SubProcessTest.testSimpleSubProcessWithTimer.bpmn20.xml
10:47:09,831 [main] DEBUG org.activiti.engine.impl.bpmn.parser.handler.ProcessParseHandler  - Parsing process simpleSubProcess
10:47:09,831 [main] DEBUG org.activiti.engine.impl.bpmn.parser.handler.AbstractBpmnParseHandler  - Parsing activity subProcess
10:47:09,831 [main] DEBUG org.activiti.engine.impl.bpmn.parser.handler.AbstractBpmnParseHandler  - Parsing activity subProcessTask
10:47:09,831 [main] DEBUG org.activiti.engine.impl.bpmn.parser.handler.AbstractBpmnParseHandler  - Parsing activity subProcessStart
10:47:09,831 [main] DEBUG org.activiti.engine.impl.bpmn.parser.handler.AbstractBpmnParseHandler  - Parsing activity subProcessEnd
10:47:09,831 [main] DEBUG org.activiti.engine.impl.bpmn.parser.handler.AbstractBpmnParseHandler  - Parsing activity escalationTask
10:47:09,831 [main] DEBUG org.activiti.engine.impl.bpmn.parser.handler.AbstractBpmnParseHandler  - Parsing activity theStart
10:47:09,831 [main] DEBUG org.activiti.engine.impl.bpmn.parser.handler.AbstractBpmnParseHandler  - Parsing activity theEnd
10:47:09,831 [main] DEBUG org.activiti.engine.impl.bpmn.parser.handler.AbstractBpmnParseHandler  - Parsing activity escalationTimer
10:47:09,832 [main] DEBUG org.apache.ibatis.transaction.jdbc.JdbcTransaction  - Opening JDBC Connection
10:47:09,832 [main] DEBUG org.apache.ibatis.datasource.pooled.PooledDataSource  - Checked out connection 363509958 from pool.
10:47:09,832 [main] DEBUG org.apache.ibatis.transaction.jdbc.JdbcTransaction  - Setting autocommit to false on JDBC Connection [conn2: url=jdbc:h2:mem:activiti user=SA]
10:47:09,832 [main] DEBUG org.activiti.engine.impl.persistence.entity.ProcessDefinitionEntity.selectLatestProcessDefinitionByKey  - ==&gt;  Preparing: select * from ACT_RE_PROCDEF where KEY_ = ? and (TENANT_ID_ = &apos;&apos; or TENANT_ID_ is null) and VERSION_ = (select max(VERSION_) from ACT_RE_PROCDEF where KEY_ = ? and (TENANT_ID_ = &apos;&apos; or TENANT_ID_ is null)) 
10:47:09,832 [main] DEBUG org.activiti.engine.impl.persistence.entity.ProcessDefinitionEntity.selectLatestProcessDefinitionByKey  - ==&gt; Parameters: simpleSubProcess(String), simpleSubProcess(String)
10:47:09,832 [main] DEBUG org.activiti.engine.impl.persistence.entity.ProcessDefinitionEntity.selectLatestProcessDefinitionByKey  - &lt;==      Total: 0
10:47:09,832 [main] DEBUG org.activiti.engine.impl.persistence.entity.JobEntity.selectJobByTypeAndProcessDefinitionKeyNoTenantId  - ==&gt;  Preparing: select J.* from ACT_RU_JOB J inner join ACT_RE_PROCDEF P on J.PROC_DEF_ID_ = P.ID_ where J.HANDLER_TYPE_ = ? and P.KEY_ = ? and (P.TENANT_ID_ = &apos;&apos; or P.TENANT_ID_ is null) 
10:47:09,832 [main] DEBUG org.activiti.engine.impl.persistence.entity.JobEntity.selectJobByTypeAndProcessDefinitionKeyNoTenantId  - ==&gt; Parameters: timer-start-event(String), simpleSubProcess(String)
10:47:09,832 [main] DEBUG org.activiti.engine.impl.persistence.entity.JobEntity.selectJobByTypeAndProcessDefinitionKeyNoTenantId  - &lt;==      Total: 0
10:47:09,832 [main] DEBUG org.activiti.engine.impl.persistence.entity.ProcessDefinitionInfoEntity.selectProcessDefinitionInfoByProcessDefinitionId  - ==&gt;  Preparing: select * from ACT_PROCDEF_INFO where PROC_DEF_ID_ = ? 
10:47:09,832 [main] DEBUG org.activiti.engine.impl.persistence.entity.ProcessDefinitionInfoEntity.selectProcessDefinitionInfoByProcessDefinitionId  - ==&gt; Parameters: simpleSubProcess:1:178(String)
10:47:09,832 [main] DEBUG org.activiti.engine.impl.persistence.entity.ProcessDefinitionInfoEntity.selectProcessDefinitionInfoByProcessDefinitionId  - &lt;==      Total: 0
10:47:09,832 [main] DEBUG org.activiti.engine.impl.interceptor.LogInterceptor  - 

10:47:09,832 [main] DEBUG org.activiti.engine.impl.interceptor.LogInterceptor  - --- starting GetProcessDefinitionInfoCmd --------------------------------------------------------
10:47:09,832 [main] DEBUG org.activiti.engine.impl.interceptor.CommandContextInterceptor  - Valid context found. Reusing it for the current command &apos;org.activiti.engine.impl.cmd.GetProcessDefinitionInfoCmd&apos;
10:47:09,832 [main] DEBUG org.activiti.engine.impl.interceptor.LogInterceptor  - 

10:47:09,832 [main] DEBUG org.activiti.engine.impl.interceptor.LogInterceptor  - --- starting  --------------------------------------------------------
10:47:09,832 [main] DEBUG org.activiti.engine.impl.interceptor.CommandContextInterceptor  - Valid context found. Reusing it for the current command &apos;null&apos;
10:47:09,832 [main] DEBUG org.activiti.engine.impl.interceptor.LogInterceptor  - ---  finished --------------------------------------------------------
10:47:09,832 [main] DEBUG org.activiti.engine.impl.interceptor.LogInterceptor  - 

10:47:09,832 [main] DEBUG org.activiti.engine.impl.interceptor.LogInterceptor  - --- GetProcessDefinitionInfoCmd finished --------------------------------------------------------
10:47:09,832 [main] DEBUG org.activiti.engine.impl.interceptor.LogInterceptor  - 

10:47:09,832 [main] DEBUG org.activiti.engine.impl.db.DbSqlSession  -   insert ResourceEntity[id=177, name=org/activiti/engine/test/bpmn/subprocess/SubProcessTest.testSimpleSubProcessWithTimer.bpmn20.xml]
10:47:09,832 [main] DEBUG org.activiti.engine.impl.db.DbSqlSession  -   insert DeploymentEntity[id=176, name=SubProcessTest.testSimpleSubProcessWithTimer]
10:47:09,832 [main] DEBUG org.activiti.engine.impl.db.DbSqlSession  -   insert ProcessDefinitionEntity[simpleSubProcess:1:178]
10:47:09,832 [main] DEBUG org.activiti.engine.impl.db.DbSqlSession  - flush summary: 3 insert, 0 update, 0 delete.
10:47:09,832 [main] DEBUG org.activiti.engine.impl.db.DbSqlSession  - now executing flush...
10:47:09,832 [main] DEBUG org.activiti.engine.impl.db.DbSqlSession  - inserting: ProcessDefinitionEntity[simpleSubProcess:1:178]
10:47:09,832 [main] DEBUG org.activiti.engine.impl.persistence.entity.ProcessDefinitionEntity.insertProcessDefinition  - ==&gt;  Preparing: insert into ACT_RE_PROCDEF(ID_, REV_, CATEGORY_, NAME_, KEY_, VERSION_, DEPLOYMENT_ID_, RESOURCE_NAME_, DGRM_RESOURCE_NAME_, DESCRIPTION_, HAS_START_FORM_KEY_, HAS_GRAPHICAL_NOTATION_ , SUSPENSION_STATE_, TENANT_ID_) values (?, 1, ?, ?, ?, ?, ?, ?, ?, ?, ?, ?, ?, ?) 
10:47:09,832 [main] DEBUG org.activiti.engine.impl.persistence.entity.ProcessDefinitionEntity.insertProcessDefinition  - ==&gt; Parameters: simpleSubProcess:1:178(String), Examples(String), null, simpleSubProcess(String), 1(Integer), 176(String), org/activiti/engine/test/bpmn/subprocess/SubProcessTest.testSimpleSubProcessWithTimer.bpmn20.xml(String), null, null, false(Boolean), false(Boolean), 1(Integer), (String)
10:47:09,832 [main] DEBUG org.activiti.engine.impl.persistence.entity.ProcessDefinitionEntity.insertProcessDefinition  - &lt;==    Updates: 1
10:47:09,833 [main] DEBUG org.activiti.engine.impl.db.DbSqlSession  - inserting: DeploymentEntity[id=176, name=SubProcessTest.testSimpleSubProcessWithTimer]
10:47:09,833 [main] DEBUG org.activiti.engine.impl.persistence.entity.DeploymentEntity.insertDeployment  - ==&gt;  Preparing: insert into ACT_RE_DEPLOYMENT(ID_, NAME_, CATEGORY_, TENANT_ID_, DEPLOY_TIME_) values(?, ?, ?, ?, ?) 
10:47:09,833 [main] DEBUG org.activiti.engine.impl.persistence.entity.DeploymentEntity.insertDeployment  - ==&gt; Parameters: 176(String), SubProcessTest.testSimpleSubProcessWithTimer(String), null, (String), 2023-03-20 10:46:46.742(Timestamp)
10:47:09,833 [main] DEBUG org.activiti.engine.impl.persistence.entity.DeploymentEntity.insertDeployment  - &lt;==    Updates: 1
10:47:09,833 [main] DEBUG org.activiti.engine.impl.db.DbSqlSession  - inserting: ResourceEntity[id=177, name=org/activiti/engine/test/bpmn/subprocess/SubProcessTest.testSimpleSubProcessWithTimer.bpmn20.xml]
10:47:09,833 [main] DEBUG org.activiti.engine.impl.persistence.entity.ResourceEntity.insertResource  - ==&gt;  Preparing: insert into ACT_GE_BYTEARRAY(ID_, REV_, NAME_, BYTES_, DEPLOYMENT_ID_, GENERATED_) values (?, 1, ?, ?, ?, ?) 
10:47:09,833 [main] DEBUG org.activiti.engine.impl.persistence.entity.ResourceEntity.insertResource  - ==&gt; Parameters: 177(String), org/activiti/engine/test/bpmn/subprocess/SubProcessTest.testSimpleSubProcessWithTimer.bpmn20.xml(String), java.io.ByteArrayInputStream@36609701(ByteArrayInputStream), 176(String), false(Boolean)
10:47:09,833 [main] DEBUG org.activiti.engine.impl.persistence.entity.ResourceEntity.insertResource  - &lt;==    Updates: 1
10:47:09,833 [main] DEBUG org.activiti.engine.impl.cfg.standalone.StandaloneMybatisTransactionContext  - firing event committing...
10:47:09,833 [main] DEBUG org.activiti.engine.impl.cfg.standalone.StandaloneMybatisTransactionContext  - committing the ibatis sql session...
10:47:09,833 [main] DEBUG org.apache.ibatis.transaction.jdbc.JdbcTransaction  - Committing JDBC Connection [conn2: url=jdbc:h2:mem:activiti user=SA]
10:47:09,833 [main] DEBUG org.activiti.engine.impl.cfg.standalone.StandaloneMybatisTransactionContext  - firing event committed...
10:47:09,833 [main] DEBUG org.apache.ibatis.transaction.jdbc.JdbcTransaction  - Resetting autocommit to true on JDBC Connection [conn2: url=jdbc:h2:mem:activiti user=SA]
10:47:09,833 [main] DEBUG org.apache.ibatis.transaction.jdbc.JdbcTransaction  - Closing JDBC Connection [conn2: url=jdbc:h2:mem:activiti user=SA]
10:47:09,833 [main] DEBUG org.apache.ibatis.datasource.pooled.PooledDataSource  - Returned connection 363509958 to pool.
10:47:09,833 [main] DEBUG org.activiti.engine.impl.interceptor.LogInterceptor  - --- DeployCmd finished --------------------------------------------------------
10:47:09,833 [main] DEBUG org.activiti.engine.impl.interceptor.LogInterceptor  - 

10:47:09,833 [main] DEBUG org.activiti.engine.impl.test.PvmTestCase  - 

10:47:09,833 [main] DEBUG org.activiti.engine.impl.test.PvmTestCase  - #### START SubProcessTest.testSimpleSubProcessWithTimer ###########################################################
10:47:09,833 [main] DEBUG org.activiti.engine.impl.interceptor.LogInterceptor  - 

10:47:09,833 [main] DEBUG org.activiti.engine.impl.interceptor.LogInterceptor  - --- starting StartProcessInstanceCmd --------------------------------------------------------
10:47:09,833 [main] DEBUG org.apache.ibatis.transaction.jdbc.JdbcTransaction  - Opening JDBC Connection
10:47:09,833 [main] DEBUG org.apache.ibatis.datasource.pooled.PooledDataSource  - Checked out connection 180014677 from pool.
10:47:09,833 [main] DEBUG org.apache.ibatis.transaction.jdbc.JdbcTransaction  - Setting autocommit to false on JDBC Connection [conn3: url=jdbc:h2:mem:activiti user=SA]
10:47:09,833 [main] DEBUG org.activiti.engine.impl.persistence.entity.ProcessDefinitionEntity.selectLatestProcessDefinitionByKey  - ==&gt;  Preparing: select * from ACT_RE_PROCDEF where KEY_ = ? and (TENANT_ID_ = &apos;&apos; or TENANT_ID_ is null) and VERSION_ = (select max(VERSION_) from ACT_RE_PROCDEF where KEY_ = ? and (TENANT_ID_ = &apos;&apos; or TENANT_ID_ is null)) 
10:47:09,833 [main] DEBUG org.activiti.engine.impl.persistence.entity.ProcessDefinitionEntity.selectLatestProcessDefinitionByKey  - ==&gt; Parameters: simpleSubProcess(String), simpleSubProcess(String)
10:47:09,833 [main] DEBUG org.activiti.engine.impl.persistence.entity.ProcessDefinitionEntity.selectLatestProcessDefinitionByKey  - &lt;==      Total: 1
10:47:09,833 [main] DEBUG org.activiti.engine.impl.persistence.entity.ExecutionEntity  - initializing ProcessInstance[179]
10:47:09,833 [main] DEBUG org.activiti.engine.impl.history.DefaultHistoryManager  - Current history level: FULL, level required: ACTIVITY
10:47:09,833 [main] DEBUG org.activiti.engine.impl.pvm.runtime.AtomicOperationActivityExecute  - ProcessInstance[179] executes Activity(theStart): org.activiti.engine.impl.bpmn.behavior.NoneStartEventActivityBehavior
10:47:09,834 [main] DEBUG org.activiti.engine.impl.persistence.entity.JobEntity.selectJobsByExecutionId  - ==&gt;  Preparing: select * from ACT_RU_JOB J where J.EXECUTION_ID_ = ? 
10:47:09,834 [main] DEBUG org.activiti.engine.impl.persistence.entity.JobEntity.selectJobsByExecutionId  - ==&gt; Parameters: 179(String)
10:47:09,834 [main] DEBUG org.activiti.engine.impl.persistence.entity.JobEntity.selectJobsByExecutionId  - &lt;==      Total: 0
10:47:09,834 [main] DEBUG org.activiti.engine.impl.bpmn.behavior.BpmnActivityBehavior  - Leaving activity &apos;theStart&apos;
10:47:09,834 [main] DEBUG org.activiti.engine.impl.history.DefaultHistoryManager  - Current history level: FULL, level required: ACTIVITY
10:47:09,834 [main] DEBUG org.activiti.engine.impl.pvm.runtime.AtomicOperationTransitionNotifyListenerTake  - ProcessInstance[179] takes transition (theStart)--flow1--&gt;(subProcess)
10:47:09,834 [main] DEBUG org.activiti.engine.impl.persistence.entity.ExecutionEntity  - Child execution ScopeExecution[181] created with parent 
10:47:09,834 [main] DEBUG org.activiti.engine.impl.pvm.runtime.AtomicOperationTransitionCreateScope  - create scope: parent ProcessInstance[179] continues as execution ScopeExecution[181]
10:47:09,834 [main] DEBUG org.activiti.engine.impl.persistence.entity.ExecutionEntity  - initializing ScopeExecution[181]
10:47:09,834 [main] DEBUG org.activiti.engine.impl.persistence.entity.JobEntity.selectJobsByExecutionId  - ==&gt;  Preparing: select * from ACT_RU_JOB J where J.EXECUTION_ID_ = ? 
10:47:09,834 [main] DEBUG org.activiti.engine.impl.persistence.entity.JobEntity.selectJobsByExecutionId  - ==&gt; Parameters: 181(String)
10:47:09,834 [main] DEBUG org.activiti.engine.impl.persistence.entity.JobEntity.selectJobsByExecutionId  - &lt;==      Total: 0
10:47:09,834 [main] DEBUG org.activiti.engine.impl.history.DefaultHistoryManager  - Current history level: FULL, level required: ACTIVITY
10:47:09,834 [main] DEBUG org.activiti.engine.impl.pvm.runtime.AtomicOperationActivityExecute  - ScopeExecution[181] executes Activity(subProcess): org.activiti.engine.impl.bpmn.behavior.SubProcessActivityBehavior
10:47:09,834 [main] DEBUG org.activiti.engine.impl.history.DefaultHistoryManager  - Current history level: FULL, level required: ACTIVITY
10:47:09,834 [main] DEBUG org.activiti.engine.impl.pvm.runtime.AtomicOperationActivityExecute  - ScopeExecution[181] executes Activity(subProcessStart): org.activiti.engine.impl.bpmn.behavior.NoneStartEventActivityBehavior
10:47:09,834 [main] DEBUG org.activiti.engine.impl.bpmn.behavior.BpmnActivityBehavior  - Leaving activity &apos;subProcessStart&apos;
10:47:09,834 [main] DEBUG org.activiti.engine.impl.history.DefaultHistoryManager  - Current history level: FULL, level required: ACTIVITY
10:47:09,834 [main] DEBUG org.activiti.engine.impl.pvm.runtime.AtomicOperationTransitionNotifyListenerTake  - ScopeExecution[181] takes transition (subProcessStart)--flow2--&gt;(subProcessTask)
10:47:09,834 [main] DEBUG org.activiti.engine.impl.history.DefaultHistoryManager  - Current history level: FULL, level required: ACTIVITY
10:47:09,834 [main] DEBUG org.activiti.engine.impl.pvm.runtime.AtomicOperationActivityExecute  - ScopeExecution[181] executes Activity(subProcessTask): org.activiti.engine.impl.bpmn.behavior.UserTaskActivityBehavior
10:47:09,835 [main] DEBUG org.activiti.engine.impl.persistence.entity.TaskEntity.selectTasksByExecutionId  - ==&gt;  Preparing: select distinct T.* from ACT_RU_TASK T where T.EXECUTION_ID_ = ? 
10:47:09,835 [main] DEBUG org.activiti.engine.impl.persistence.entity.TaskEntity.selectTasksByExecutionId  - ==&gt; Parameters: 181(String)
10:47:09,835 [main] DEBUG org.activiti.engine.impl.persistence.entity.TaskEntity.selectTasksByExecutionId  - &lt;==      Total: 0
10:47:09,835 [main] DEBUG org.activiti.engine.impl.history.DefaultHistoryManager  - Current history level: FULL, level required: AUDIT
10:47:09,835 [main] DEBUG org.activiti.engine.impl.history.DefaultHistoryManager  - Current history level: FULL, level required: AUDIT
10:47:09,835 [main] DEBUG org.activiti.engine.impl.interceptor.LogInterceptor  - 

10:47:09,835 [main] DEBUG org.activiti.engine.impl.interceptor.LogInterceptor  - --- starting  --------------------------------------------------------
10:47:09,835 [main] DEBUG org.activiti.engine.impl.interceptor.CommandContextInterceptor  - Valid context found. Reusing it for the current command &apos;null&apos;
10:47:09,835 [main] DEBUG org.activiti.engine.impl.persistence.entity.ProcessDefinitionInfoEntity.selectProcessDefinitionInfoByProcessDefinitionId  - ==&gt;  Preparing: select * from ACT_PROCDEF_INFO where PROC_DEF_ID_ = ? 
10:47:09,835 [main] DEBUG org.activiti.engine.impl.persistence.entity.ProcessDefinitionInfoEntity.selectProcessDefinitionInfoByProcessDefinitionId  - ==&gt; Parameters: simpleSubProcess:1:178(String)
10:47:09,835 [main] DEBUG org.activiti.engine.impl.persistence.entity.ProcessDefinitionInfoEntity.selectProcessDefinitionInfoByProcessDefinitionId  - &lt;==      Total: 0
10:47:09,835 [main] DEBUG org.activiti.engine.impl.interceptor.LogInterceptor  - ---  finished --------------------------------------------------------
10:47:09,835 [main] DEBUG org.activiti.engine.impl.interceptor.LogInterceptor  - 

10:47:09,835 [main] DEBUG org.activiti.engine.impl.history.DefaultHistoryManager  - Current history level: FULL, level required: AUDIT
10:47:09,835 [main] DEBUG org.activiti.engine.impl.history.DefaultHistoryManager  - Current history level: FULL, level required: AUDIT
10:47:09,835 [main] DEBUG org.activiti.engine.impl.history.DefaultHistoryManager  - Current history level: FULL, level required: ACTIVITY
10:47:09,835 [main] DEBUG org.activiti.engine.impl.db.DbSqlSession  -   insert ProcessInstance[179]
10:47:09,835 [main] DEBUG org.activiti.engine.impl.db.DbSqlSession  -   insert ScopeExecution[181]
10:47:09,835 [main] DEBUG org.activiti.engine.impl.db.DbSqlSession  -   insert HistoricProcessInstanceEntity[superProcessInstanceId=null]
10:47:09,835 [main] DEBUG org.activiti.engine.impl.db.DbSqlSession  -   insert Task[id=186, name=Task in subprocess]
10:47:09,835 [main] DEBUG org.activiti.engine.impl.db.DbSqlSession  -   insert HistoricTaskInstanceEntity[id=186, name=Task in subprocess]
10:47:09,835 [main] DEBUG org.activiti.engine.impl.db.DbSqlSession  -   insert HistoricActivityInstanceEntity[activityId=theStart, activityName=null]
10:47:09,835 [main] DEBUG org.activiti.engine.impl.db.DbSqlSession  -   insert HistoricActivityInstanceEntity[activityId=subProcess, activityName=null]
10:47:09,835 [main] DEBUG org.activiti.engine.impl.db.DbSqlSession  -   insert HistoricActivityInstanceEntity[activityId=subProcessStart, activityName=null]
10:47:09,835 [main] DEBUG org.activiti.engine.impl.db.DbSqlSession  -   insert HistoricActivityInstanceEntity[activityId=subProcessTask, activityName=Task in subprocess]
10:47:09,835 [main] DEBUG org.activiti.engine.impl.db.DbSqlSession  -   insert JobEntity [id=182]
10:47:09,835 [main] DEBUG org.activiti.engine.impl.db.DbSqlSession  - flush summary: 10 insert, 0 update, 0 delete.
10:47:09,835 [main] DEBUG org.activiti.engine.impl.db.DbSqlSession  - now executing flush...
10:47:09,836 [main] DEBUG org.activiti.engine.impl.db.DbSqlSession  - inserting: HistoricTaskInstanceEntity[id=186, name=Task in subprocess]
10:47:09,836 [main] DEBUG org.activiti.engine.impl.persistence.entity.HistoricTaskInstanceEntity.insertHistoricTaskInstance  - ==&gt;  Preparing: insert into ACT_HI_TASKINST ( ID_, PROC_DEF_ID_, PROC_INST_ID_, EXECUTION_ID_, NAME_, PARENT_TASK_ID_, DESCRIPTION_, OWNER_, ASSIGNEE_, START_TIME_, CLAIM_TIME_, END_TIME_, DURATION_, DELETE_REASON_, TASK_DEF_KEY_, FORM_KEY_, PRIORITY_, DUE_DATE_, CATEGORY_, TENANT_ID_ ) values ( ?, ?, ?, ?, ?, ?, ?, ?, ?, ?, ?, ?, ?, ?, ?, ?, ?, ?, ?, ? ) 
10:47:09,836 [main] DEBUG org.activiti.engine.impl.persistence.entity.HistoricTaskInstanceEntity.insertHistoricTaskInstance  - ==&gt; Parameters: 186(String), simpleSubProcess:1:178(String), 179(String), 181(String), Task in subprocess(String), null, null, null, null, 2023-03-20 10:46:46.742(Timestamp), null, null, null, null, subProcessTask(String), null, 50(Integer), null, null, (String)
10:47:09,836 [main] DEBUG org.activiti.engine.impl.persistence.entity.HistoricTaskInstanceEntity.insertHistoricTaskInstance  - &lt;==    Updates: 1
10:47:09,836 [main] DEBUG org.activiti.engine.impl.db.DbSqlSession  - inserting: HistoricProcessInstanceEntity[superProcessInstanceId=null]
10:47:09,836 [main] DEBUG org.activiti.engine.impl.persistence.entity.HistoricProcessInstanceEntity.insertHistoricProcessInstance  - ==&gt;  Preparing: insert into ACT_HI_PROCINST ( ID_, PROC_INST_ID_, BUSINESS_KEY_, PROC_DEF_ID_, START_TIME_, END_TIME_, DURATION_, START_USER_ID_, START_ACT_ID_, END_ACT_ID_, SUPER_PROCESS_INSTANCE_ID_, DELETE_REASON_, TENANT_ID_, NAME_ ) values ( ?, ?, ?, ?, ?, ?, ?, ?, ?, ?, ?, ?, ?, ? ) 
10:47:09,836 [main] DEBUG org.activiti.engine.impl.persistence.entity.HistoricProcessInstanceEntity.insertHistoricProcessInstance  - ==&gt; Parameters: 179(String), 179(String), null, simpleSubProcess:1:178(String), 2023-03-20 10:46:46.742(Timestamp), null, null, null, theStart(String), null, null, null, (String), null
10:47:09,836 [main] DEBUG org.activiti.engine.impl.persistence.entity.HistoricProcessInstanceEntity.insertHistoricProcessInstance  - &lt;==    Updates: 1
10:47:09,836 [main] DEBUG org.activiti.engine.impl.persistence.entity.HistoricActivityInstanceEntity.bulkInsertHistoricActivityInstance  - ==&gt;  Preparing: insert into ACT_HI_ACTINST ( ID_, PROC_DEF_ID_, PROC_INST_ID_, EXECUTION_ID_, ACT_ID_, TASK_ID_, CALL_PROC_INST_ID_, ACT_NAME_, ACT_TYPE_, ASSIGNEE_, START_TIME_, END_TIME_, DURATION_, TENANT_ID_ ) values (?, ?, ?, ?, ?, ?, ?, ?, ?, ?, ?, ?, ?, ?) , (?, ?, ?, ?, ?, ?, ?, ?, ?, ?, ?, ?, ?, ?) , (?, ?, ?, ?, ?, ?, ?, ?, ?, ?, ?, ?, ?, ?) , (?, ?, ?, ?, ?, ?, ?, ?, ?, ?, ?, ?, ?, ?) 
10:47:09,837 [main] DEBUG org.activiti.engine.impl.persistence.entity.HistoricActivityInstanceEntity.bulkInsertHistoricActivityInstance  - ==&gt; Parameters: 180(String), simpleSubProcess:1:178(String), 179(String), 179(String), theStart(String), null, null, null, startEvent(String), null, 2023-03-20 10:46:46.742(Timestamp), 2023-03-20 10:46:46.742(Timestamp), 0(Long), (String), 183(String), simpleSubProcess:1:178(String), 179(String), 181(String), subProcess(String), null, null, null, subProcess(String), null, 2023-03-20 10:46:46.742(Timestamp), null, null, (String), 184(String), simpleSubProcess:1:178(String), 179(String), 181(String), subProcessStart(String), null, null, null, startEvent(String), null, 2023-03-20 10:46:46.742(Timestamp), 2023-03-20 10:46:46.742(Timestamp), 0(Long), (String), 185(String), simpleSubProcess:1:178(String), 179(String), 181(String), subProcessTask(String), 186(String), null, Task in subprocess(String), userTask(String), null, 2023-03-20 10:46:46.742(Timestamp), null, null, (String)
10:47:09,837 [main] DEBUG org.activiti.engine.impl.persistence.entity.HistoricActivityInstanceEntity.bulkInsertHistoricActivityInstance  - &lt;==    Updates: 4
10:47:09,837 [main] DEBUG org.activiti.engine.impl.persistence.entity.ExecutionEntity.bulkInsertExecution  - ==&gt;  Preparing: insert into ACT_RU_EXECUTION (ID_, REV_, PROC_INST_ID_, BUSINESS_KEY_, PROC_DEF_ID_, ACT_ID_, IS_ACTIVE_, IS_CONCURRENT_, IS_SCOPE_,IS_EVENT_SCOPE_, PARENT_ID_, SUPER_EXEC_, SUSPENSION_STATE_, CACHED_ENT_STATE_, TENANT_ID_, NAME_) values (?, 1, ?, ?, ?, ?, ?, ?, ?, ?, ?, ?, ?, ?, ?, ?) , (?, 1, ?, ?, ?, ?, ?, ?, ?, ?, ?, ?, ?, ?, ?, ?) 
10:47:09,837 [main] DEBUG org.activiti.engine.impl.persistence.entity.ExecutionEntity.bulkInsertExecution  - ==&gt; Parameters: 179(String), 179(String), null, simpleSubProcess:1:178(String), null, false(Boolean), false(Boolean), true(Boolean), false(Boolean), null, null, 1(Integer), 2(Integer), (String), null, 181(String), 179(String), null, simpleSubProcess:1:178(String), subProcessTask(String), true(Boolean), false(Boolean), true(Boolean), false(Boolean), 179(String), null, 1(Integer), 6(Integer), (String), null
10:47:09,837 [main] DEBUG org.activiti.engine.impl.persistence.entity.ExecutionEntity.bulkInsertExecution  - &lt;==    Updates: 2
10:47:09,837 [main] DEBUG org.activiti.engine.impl.db.DbSqlSession  - inserting: Task[id=186, name=Task in subprocess]
10:47:09,837 [main] DEBUG org.activiti.engine.impl.persistence.entity.TaskEntity.insertTask  - ==&gt;  Preparing: insert into ACT_RU_TASK (ID_, REV_, NAME_, PARENT_TASK_ID_, DESCRIPTION_, PRIORITY_, CREATE_TIME_, OWNER_, ASSIGNEE_, DELEGATION_, EXECUTION_ID_, PROC_INST_ID_, PROC_DEF_ID_, TASK_DEF_KEY_, DUE_DATE_, CATEGORY_, SUSPENSION_STATE_, TENANT_ID_, FORM_KEY_) values (?, 1, ?, ?, ?, ?, ?, ?, ?, ?, ?, ?, ?, ?, ?, ?, ?, ?, ? ) 
10:47:09,837 [main] DEBUG org.activiti.engine.impl.persistence.entity.TaskEntity.insertTask  - ==&gt; Parameters: 186(String), Task in subprocess(String), null, null, 50(Integer), 2023-03-20 10:46:46.742(Timestamp), null, null, null, 181(String), 179(String), simpleSubProcess:1:178(String), subProcessTask(String), null, null, 1(Integer), (String), null
10:47:09,837 [main] DEBUG org.activiti.engine.impl.persistence.entity.TaskEntity.insertTask  - &lt;==    Updates: 1
10:47:09,838 [main] DEBUG org.activiti.engine.impl.db.DbSqlSession  - inserting: JobEntity [id=182]
10:47:09,838 [main] DEBUG org.activiti.engine.impl.persistence.entity.JobEntity.insertTimer  - ==&gt;  Preparing: insert into ACT_RU_JOB ( ID_, REV_, TYPE_, LOCK_OWNER_, LOCK_EXP_TIME_, EXCLUSIVE_, EXECUTION_ID_, PROCESS_INSTANCE_ID_, PROC_DEF_ID_, RETRIES_, EXCEPTION_STACK_ID_, EXCEPTION_MSG_, DUEDATE_, REPEAT_, HANDLER_TYPE_, HANDLER_CFG_, TENANT_ID_) values (?, 1, &apos;timer&apos;, ?, ?, ?, ?, ?, ?, ?, ?, ?, ?, ?, ?, ?, ? ) 
10:47:09,838 [main] DEBUG org.activiti.engine.impl.persistence.entity.JobEntity.insertTimer  - ==&gt; Parameters: 182(String), null, null, true(Boolean), 181(String), 179(String), simpleSubProcess:1:178(String), 3(Integer), null, null, 2023-03-20 12:46:46.742(Timestamp), null, timer-transition(String), {&quot;activityId&quot;:&quot;escalationTimer&quot;}(String), (String)
10:47:09,838 [main] DEBUG org.activiti.engine.impl.persistence.entity.JobEntity.insertTimer  - &lt;==    Updates: 1
10:47:09,838 [main] DEBUG org.activiti.engine.impl.cfg.standalone.StandaloneMybatisTransactionContext  - firing event committing...
10:47:09,838 [main] DEBUG org.activiti.engine.impl.cfg.standalone.StandaloneMybatisTransactionContext  - committing the ibatis sql session...
10:47:09,838 [main] DEBUG org.apache.ibatis.transaction.jdbc.JdbcTransaction  - Committing JDBC Connection [conn3: url=jdbc:h2:mem:activiti user=SA]
10:47:09,838 [main] DEBUG org.activiti.engine.impl.cfg.standalone.StandaloneMybatisTransactionContext  - firing event committed...
10:47:09,838 [main] DEBUG org.apache.ibatis.transaction.jdbc.JdbcTransaction  - Resetting autocommit to true on JDBC Connection [conn3: url=jdbc:h2:mem:activiti user=SA]
10:47:09,838 [main] DEBUG org.apache.ibatis.transaction.jdbc.JdbcTransaction  - Closing JDBC Connection [conn3: url=jdbc:h2:mem:activiti user=SA]
10:47:09,838 [main] DEBUG org.apache.ibatis.datasource.pooled.PooledDataSource  - Returned connection 180014677 to pool.
10:47:09,838 [main] DEBUG org.activiti.engine.impl.interceptor.LogInterceptor  - --- StartProcessInstanceCmd finished --------------------------------------------------------
10:47:09,838 [main] DEBUG org.activiti.engine.impl.interceptor.LogInterceptor  - 

10:47:09,838 [main] DEBUG org.activiti.engine.impl.interceptor.LogInterceptor  - 

10:47:09,838 [main] DEBUG org.activiti.engine.impl.interceptor.LogInterceptor  - --- starting TaskQueryImpl --------------------------------------------------------
10:47:09,838 [main] DEBUG org.apache.ibatis.transaction.jdbc.JdbcTransaction  - Opening JDBC Connection
10:47:09,838 [main] DEBUG org.apache.ibatis.datasource.pooled.PooledDataSource  - Checked out connection 486346394 from pool.
10:47:09,838 [main] DEBUG org.apache.ibatis.transaction.jdbc.JdbcTransaction  - Setting autocommit to false on JDBC Connection [conn6: url=jdbc:h2:mem:activiti user=SA]
10:47:09,839 [main] DEBUG org.activiti.engine.impl.persistence.entity.TaskEntity.selectTaskByQueryCriteria  - ==&gt;  Preparing: select distinct RES.* from ACT_RU_TASK RES WHERE RES.PROC_INST_ID_ = ? order by order by RES.ID_ asc LIMIT ? OFFSET ? 
10:47:09,839 [main] DEBUG org.activiti.engine.impl.interceptor.CommandContext  - Error while closing command context
org.apache.ibatis.exceptions.PersistenceException: 
### Error querying database.  Cause: org.h2.jdbc.JdbcSQLException: Syntax error in SQL statement &quot;SELECT DISTINCT RES.* 
       
    FROM ACT_RU_TASK RES
     
     
     
     
    
     
     
     
     WHERE  RES.PROC_INST_ID_ = ? 
   
    
     ORDER BY  ORDER[*] BY RES.ID_ ASC  
    LIMIT ? OFFSET ? &quot;; expected &quot;=, NOT, EXISTS, INTERSECTS, SELECT, FROM&quot;; SQL statement:
select distinct RES.* 
       
    from ACT_RU_TASK RES
     
     
     
     
    
     
     
     
     WHERE  RES.PROC_INST_ID_ = ? 
   
    
     order by  order by RES.ID_ asc  
    LIMIT ? OFFSET ? [42001-176]
### The error may exist in org/activiti/db/mapping/entity/Task.xml
### The error may involve org.activiti.engine.impl.persistence.entity.TaskEntity.selectTaskByQueryCriteria
### The error occurred while executing a query
### SQL: select distinct RES.*              from ACT_RU_TASK RES                                                     WHERE  RES.PROC_INST_ID_ = ?                order by  order by RES.ID_ asc       LIMIT ? OFFSET ?
### Cause: org.h2.jdbc.JdbcSQLException: Syntax error in SQL statement &quot;SELECT DISTINCT RES.* 
       
    FROM ACT_RU_TASK RES
     
     
     
     
    
     
     
     
     WHERE  RES.PROC_INST_ID_ = ? 
   
    
     ORDER BY  ORDER[*] BY RES.ID_ ASC  
    LIMIT ? OFFSET ? &quot;; expected &quot;=, NOT, EXISTS, INTERSECTS, SELECT, FROM&quot;; SQL statement:
select distinct RES.* 
       
    from ACT_RU_TASK RES
     
     
     
     
    
     
     
     
     WHERE  RES.PROC_INST_ID_ = ? 
   
    
     order by  order by RES.ID_ asc  
    LIMIT ? OFFSET ? [42001-176]
	at org.apache.ibatis.exceptions.ExceptionFactory.wrapException(ExceptionFactory.java:30)
	at org.apache.ibatis.session.defaults.DefaultSqlSession.selectList(DefaultSqlSession.java:122)
	at org.apache.ibatis.session.defaults.DefaultSqlSession.selectList(DefaultSqlSession.java:113)
	at org.activiti.engine.impl.db.DbSqlSession.selectListWithRawParameter(DbSqlSession.java:438)
	at org.activiti.engine.impl.db.DbSqlSession.selectList(DbSqlSession.java:429)
	at org.activiti.engine.impl.persistence.entity.TaskEntityManager.findTasksByQueryCriteria(TaskEntityManager.java:135)
	at org.activiti.engine.impl.TaskQueryImpl.executeList(TaskQueryImpl.java:1256)
	at org.activiti.engine.impl.AbstractQuery.executeSingleResult(AbstractQuery.java:183)
	at org.activiti.engine.impl.AbstractQuery.execute(AbstractQuery.java:166)
	at org.activiti.engine.impl.interceptor.CommandInvoker.execute(CommandInvoker.java:24)
	at org.activiti.engine.impl.interceptor.CommandContextInterceptor.execute(CommandContextInterceptor.java:57)
	at org.activiti.engine.impl.interceptor.LogInterceptor.execute(LogInterceptor.java:37)
	at org.activiti.engine.impl.cfg.CommandExecutorImpl.execute(CommandExecutorImpl.java:40)
	at org.activiti.engine.impl.cfg.CommandExecutorImpl.execute(CommandExecutorImpl.java:35)
	at org.activiti.engine.impl.AbstractQuery.singleResult(AbstractQuery.java:129)
	at org.activiti.engine.test.bpmn.subprocess.SubProcessTest.testSimpleSubProcessWithTimer(SubProcessTest.java:71)
	at sun.reflect.NativeMethodAccessorImpl.invoke0(Native Method)
	at sun.reflect.NativeMethodAccessorImpl.invoke(NativeMethodAccessorImpl.java:62)
	at sun.reflect.DelegatingMethodAccessorImpl.invoke(DelegatingMethodAccessorImpl.java:43)
	at java.lang.reflect.Method.invoke(Method.java:498)
	at junit.framework.TestCase.runTest(TestCase.java:176)
	at org.activiti.engine.impl.test.PvmTestCase.runTest(PvmTestCase.java:65)
	at junit.framework.TestCase.runBare(TestCase.java:141)
	at org.activiti.engine.impl.test.AbstractActivitiTestCase.runBare(AbstractActivitiTestCase.java:100)
	at junit.framework.TestResult$1.protect(TestResult.java:122)
	at junit.framework.TestResult.runProtected(TestResult.java:142)
	at junit.framework.TestResult.run(TestResult.java:125)
	at junit.framework.TestCase.run(TestCase.java:129)
	at junit.framework.TestSuite.runTest(TestSuite.java:255)
	at junit.framework.TestSuite.run(TestSuite.java:250)
	at org.junit.internal.runners.JUnit38ClassRunner.run(JUnit38ClassRunner.java:84)
	at org.apache.maven.surefire.junit4.JUnit4TestSet.execute(JUnit4TestSet.java:35)
	at org.apache.maven.surefire.junit4.JUnit4Provider.executeTestSet(JUnit4Provider.java:146)
	at org.apache.maven.surefire.junit4.JUnit4Provider.invoke(JUnit4Provider.java:97)
	at sun.reflect.NativeMethodAccessorImpl.invoke0(Native Method)
	at sun.reflect.NativeMethodAccessorImpl.invoke(NativeMethodAccessorImpl.java:62)
	at sun.reflect.DelegatingMethodAccessorImpl.invoke(DelegatingMethodAccessorImpl.java:43)
	at java.lang.reflect.Method.invoke(Method.java:498)
	at org.apache.maven.surefire.booter.ProviderFactory$ClassLoaderProxy.invoke(ProviderFactory.java:103)
	at com.sun.proxy.$Proxy0.invoke(Unknown Source)
	at org.apache.maven.surefire.booter.SurefireStarter.invokeProvider(SurefireStarter.java:145)
	at org.apache.maven.surefire.booter.SurefireStarter.runSuitesInProcess(SurefireStarter.java:87)
	at org.apache.maven.surefire.booter.ForkedBooter.main(ForkedBooter.java:69)
Caused by: org.h2.jdbc.JdbcSQLException: Syntax error in SQL statement &quot;SELECT DISTINCT RES.* 
       
    FROM ACT_RU_TASK RES
     
     
     
     
    
     
     
     
     WHERE  RES.PROC_INST_ID_ = ? 
   
    
     ORDER BY  ORDER[*] BY RES.ID_ ASC  
    LIMIT ? OFFSET ? &quot;; expected &quot;=, NOT, EXISTS, INTERSECTS, SELECT, FROM&quot;; SQL statement:
select distinct RES.* 
       
    from ACT_RU_TASK RES
     
     
     
     
    
     
     
     
     WHERE  RES.PROC_INST_ID_ = ? 
   
    
     order by  order by RES.ID_ asc  
    LIMIT ? OFFSET ? [42001-176]
	at org.h2.message.DbException.getJdbcSQLException(DbException.java:344)
	at org.h2.message.DbException.getSyntaxError(DbException.java:204)
	at org.h2.command.Parser.getSyntaxError(Parser.java:524)
	at org.h2.command.Parser.readTerm(Parser.java:2688)
	at org.h2.command.Parser.readFactor(Parser.java:2244)
	at org.h2.command.Parser.readSum(Parser.java:2231)
	at org.h2.command.Parser.readConcat(Parser.java:2201)
	at org.h2.command.Parser.readCondition(Parser.java:2051)
	at org.h2.command.Parser.readAnd(Parser.java:2023)
	at org.h2.command.Parser.readExpression(Parser.java:2015)
	at org.h2.command.Parser.parseEndOfQuery(Parser.java:1726)
	at org.h2.command.Parser.parseSelectUnionExtension(Parser.java:1706)
	at org.h2.command.Parser.parseSelectUnion(Parser.java:1675)
	at org.h2.command.Parser.parseSelect(Parser.java:1662)
	at org.h2.command.Parser.parsePrepared(Parser.java:434)
	at org.h2.command.Parser.parse(Parser.java:306)
	at org.h2.command.Parser.parse(Parser.java:282)
	at org.h2.command.Parser.prepareCommand(Parser.java:243)
	at org.h2.engine.Session.prepareLocal(Session.java:442)
	at org.h2.engine.Session.prepareCommand(Session.java:384)
	at org.h2.jdbc.JdbcConnection.prepareCommand(JdbcConnection.java:1188)
	at org.h2.jdbc.JdbcPreparedStatement.&lt;init&gt;(JdbcPreparedStatement.java:73)
	at org.h2.jdbc.JdbcConnection.prepareStatement(JdbcConnection.java:276)
	at sun.reflect.GeneratedMethodAccessor6.invoke(Unknown Source)
	at sun.reflect.DelegatingMethodAccessorImpl.invoke(DelegatingMethodAccessorImpl.java:43)
	at java.lang.reflect.Method.invoke(Method.java:498)
	at org.apache.ibatis.datasource.pooled.PooledConnection.invoke(PooledConnection.java:245)
	at com.sun.proxy.$Proxy12.prepareStatement(Unknown Source)
	at sun.reflect.GeneratedMethodAccessor6.invoke(Unknown Source)
	at sun.reflect.DelegatingMethodAccessorImpl.invoke(DelegatingMethodAccessorImpl.java:43)
	at java.lang.reflect.Method.invoke(Method.java:498)
	at org.apache.ibatis.logging.jdbc.ConnectionLogger.invoke(ConnectionLogger.java:55)
	at com.sun.proxy.$Proxy12.prepareStatement(Unknown Source)
	at org.apache.ibatis.executor.statement.PreparedStatementHandler.instantiateStatement(PreparedStatementHandler.java:79)
	at org.apache.ibatis.executor.statement.BaseStatementHandler.prepare(BaseStatementHandler.java:88)
	at org.apache.ibatis.executor.statement.RoutingStatementHandler.prepare(RoutingStatementHandler.java:58)
	at org.apache.ibatis.executor.SimpleExecutor.prepareStatement(SimpleExecutor.java:76)
	at org.apache.ibatis.executor.SimpleExecutor.doQuery(SimpleExecutor.java:61)
	at org.apache.ibatis.executor.BaseExecutor.queryFromDatabase(BaseExecutor.java:303)
	at org.apache.ibatis.executor.BaseExecutor.query(BaseExecutor.java:154)
	at org.apache.ibatis.executor.CachingExecutor.query(CachingExecutor.java:102)
	at org.apache.ibatis.executor.CachingExecutor.query(CachingExecutor.java:82)
	at org.apache.ibatis.session.defaults.DefaultSqlSession.selectList(DefaultSqlSession.java:120)
	... 41 more
10:47:09,839 [main] DEBUG org.activiti.engine.impl.cfg.standalone.StandaloneMybatisTransactionContext  - firing event rolling back...
10:47:09,839 [main] DEBUG org.activiti.engine.impl.cfg.standalone.StandaloneMybatisTransactionContext  - rolling back ibatis sql session...
10:47:09,839 [main] DEBUG org.activiti.engine.impl.cfg.standalone.StandaloneMybatisTransactionContext  - firing event rolled back...
10:47:09,839 [main] DEBUG org.apache.ibatis.transaction.jdbc.JdbcTransaction  - Resetting autocommit to true on JDBC Connection [conn6: url=jdbc:h2:mem:activiti user=SA]
10:47:09,839 [main] DEBUG org.apache.ibatis.transaction.jdbc.JdbcTransaction  - Closing JDBC Connection [conn6: url=jdbc:h2:mem:activiti user=SA]
10:47:09,839 [main] DEBUG org.apache.ibatis.datasource.pooled.PooledDataSource  - Returned connection 486346394 to pool.
10:47:09,839 [main] DEBUG org.activiti.engine.impl.interceptor.LogInterceptor  - --- TaskQueryImpl finished --------------------------------------------------------
10:47:09,839 [main] DEBUG org.activiti.engine.impl.interceptor.LogInterceptor  - 

10:47:09,840 [main] ERROR org.activiti.engine.impl.test.PvmTestCase  - 

10:47:09,840 [main] ERROR org.activiti.engine.impl.test.PvmTestCase  - EXCEPTION: org.apache.ibatis.exceptions.PersistenceException: 
### Error querying database.  Cause: org.h2.jdbc.JdbcSQLException: Syntax error in SQL statement &quot;SELECT DISTINCT RES.* 
       
    FROM ACT_RU_TASK RES
     
     
     
     
    
     
     
     
     WHERE  RES.PROC_INST_ID_ = ? 
   
    
     ORDER BY  ORDER[*] BY RES.ID_ ASC  
    LIMIT ? OFFSET ? &quot;; expected &quot;=, NOT, EXISTS, INTERSECTS, SELECT, FROM&quot;; SQL statement:
select distinct RES.* 
       
    from ACT_RU_TASK RES
     
     
     
     
    
     
     
     
     WHERE  RES.PROC_INST_ID_ = ? 
   
    
     order by  order by RES.ID_ asc  
    LIMIT ? OFFSET ? [42001-176]
### The error may exist in org/activiti/db/mapping/entity/Task.xml
### The error may involve org.activiti.engine.impl.persistence.entity.TaskEntity.selectTaskByQueryCriteria
### The error occurred while executing a query
### SQL: select distinct RES.*              from ACT_RU_TASK RES                                                     WHERE  RES.PROC_INST_ID_ = ?                order by  order by RES.ID_ asc       LIMIT ? OFFSET ?
### Cause: org.h2.jdbc.JdbcSQLException: Syntax error in SQL statement &quot;SELECT DISTINCT RES.* 
       
    FROM ACT_RU_TASK RES
     
     
     
     
    
     
     
     
     WHERE  RES.PROC_INST_ID_ = ? 
   
    
     ORDER BY  ORDER[*] BY RES.ID_ ASC  
    LIMIT ? OFFSET ? &quot;; expected &quot;=, NOT, EXISTS, INTERSECTS, SELECT, FROM&quot;; SQL statement:
select distinct RES.* 
       
    from ACT_RU_TASK RES
     
     
     
     
    
     
     
     
     WHERE  RES.PROC_INST_ID_ = ? 
   
    
     order by  order by RES.ID_ asc  
    LIMIT ? OFFSET ? [42001-176]
org.apache.ibatis.exceptions.PersistenceException: 
### Error querying database.  Cause: org.h2.jdbc.JdbcSQLException: Syntax error in SQL statement &quot;SELECT DISTINCT RES.* 
       
    FROM ACT_RU_TASK RES
     
     
     
     
    
     
     
     
     WHERE  RES.PROC_INST_ID_ = ? 
   
    
     ORDER BY  ORDER[*] BY RES.ID_ ASC  
    LIMIT ? OFFSET ? &quot;; expected &quot;=, NOT, EXISTS, INTERSECTS, SELECT, FROM&quot;; SQL statement:
select distinct RES.* 
       
    from ACT_RU_TASK RES
     
     
     
     
    
     
     
     
     WHERE  RES.PROC_INST_ID_ = ? 
   
    
     order by  order by RES.ID_ asc  
    LIMIT ? OFFSET ? [42001-176]
### The error may exist in org/activiti/db/mapping/entity/Task.xml
### The error may involve org.activiti.engine.impl.persistence.entity.TaskEntity.selectTaskByQueryCriteria
### The error occurred while executing a query
### SQL: select distinct RES.*              from ACT_RU_TASK RES                                                     WHERE  RES.PROC_INST_ID_ = ?                order by  order by RES.ID_ asc       LIMIT ? OFFSET ?
### Cause: org.h2.jdbc.JdbcSQLException: Syntax error in SQL statement &quot;SELECT DISTINCT RES.* 
       
    FROM ACT_RU_TASK RES
     
     
     
     
    
     
     
     
     WHERE  RES.PROC_INST_ID_ = ? 
   
    
     ORDER BY  ORDER[*] BY RES.ID_ ASC  
    LIMIT ? OFFSET ? &quot;; expected &quot;=, NOT, EXISTS, INTERSECTS, SELECT, FROM&quot;; SQL statement:
select distinct RES.* 
       
    from ACT_RU_TASK RES
     
     
     
     
    
     
     
     
     WHERE  RES.PROC_INST_ID_ = ? 
   
    
     order by  order by RES.ID_ asc  
    LIMIT ? OFFSET ? [42001-176]
	at org.apache.ibatis.exceptions.ExceptionFactory.wrapException(ExceptionFactory.java:30)
	at org.apache.ibatis.session.defaults.DefaultSqlSession.selectList(DefaultSqlSession.java:122)
	at org.apache.ibatis.session.defaults.DefaultSqlSession.selectList(DefaultSqlSession.java:113)
	at org.activiti.engine.impl.db.DbSqlSession.selectListWithRawParameter(DbSqlSession.java:438)
	at org.activiti.engine.impl.db.DbSqlSession.selectList(DbSqlSession.java:429)
	at org.activiti.engine.impl.persistence.entity.TaskEntityManager.findTasksByQueryCriteria(TaskEntityManager.java:135)
	at org.activiti.engine.impl.TaskQueryImpl.executeList(TaskQueryImpl.java:1256)
	at org.activiti.engine.impl.AbstractQuery.executeSingleResult(AbstractQuery.java:183)
	at org.activiti.engine.impl.AbstractQuery.execute(AbstractQuery.java:166)
	at org.activiti.engine.impl.interceptor.CommandInvoker.execute(CommandInvoker.java:24)
	at org.activiti.engine.impl.interceptor.CommandContextInterceptor.execute(CommandContextInterceptor.java:57)
	at org.activiti.engine.impl.interceptor.LogInterceptor.execute(LogInterceptor.java:37)
	at org.activiti.engine.impl.cfg.CommandExecutorImpl.execute(CommandExecutorImpl.java:40)
	at org.activiti.engine.impl.cfg.CommandExecutorImpl.execute(CommandExecutorImpl.java:35)
	at org.activiti.engine.impl.AbstractQuery.singleResult(AbstractQuery.java:129)
	at org.activiti.engine.test.bpmn.subprocess.SubProcessTest.testSimpleSubProcessWithTimer(SubProcessTest.java:71)
	at sun.reflect.NativeMethodAccessorImpl.invoke0(Native Method)
	at sun.reflect.NativeMethodAccessorImpl.invoke(NativeMethodAccessorImpl.java:62)
	at sun.reflect.DelegatingMethodAccessorImpl.invoke(DelegatingMethodAccessorImpl.java:43)
	at java.lang.reflect.Method.invoke(Method.java:498)
	at junit.framework.TestCase.runTest(TestCase.java:176)
	at org.activiti.engine.impl.test.PvmTestCase.runTest(PvmTestCase.java:65)
	at junit.framework.TestCase.runBare(TestCase.java:141)
	at org.activiti.engine.impl.test.AbstractActivitiTestCase.runBare(AbstractActivitiTestCase.java:100)
	at junit.framework.TestResult$1.protect(TestResult.java:122)
	at junit.framework.TestResult.runProtected(TestResult.java:142)
	at junit.framework.TestResult.run(TestResult.java:125)
	at junit.framework.TestCase.run(TestCase.java:129)
	at junit.framework.TestSuite.runTest(TestSuite.java:255)
	at junit.framework.TestSuite.run(TestSuite.java:250)
	at org.junit.internal.runners.JUnit38ClassRunner.run(JUnit38ClassRunner.java:84)
	at org.apache.maven.surefire.junit4.JUnit4TestSet.execute(JUnit4TestSet.java:35)
	at org.apache.maven.surefire.junit4.JUnit4Provider.executeTestSet(JUnit4Provider.java:146)
	at org.apache.maven.surefire.junit4.JUnit4Provider.invoke(JUnit4Provider.java:97)
	at sun.reflect.NativeMethodAccessorImpl.invoke0(Native Method)
	at sun.reflect.NativeMethodAccessorImpl.invoke(NativeMethodAccessorImpl.java:62)
	at sun.reflect.DelegatingMethodAccessorImpl.invoke(DelegatingMethodAccessorImpl.java:43)
	at java.lang.reflect.Method.invoke(Method.java:498)
	at org.apache.maven.surefire.booter.ProviderFactory$ClassLoaderProxy.invoke(ProviderFactory.java:103)
	at com.sun.proxy.$Proxy0.invoke(Unknown Source)
	at org.apache.maven.surefire.booter.SurefireStarter.invokeProvider(SurefireStarter.java:145)
	at org.apache.maven.surefire.booter.SurefireStarter.runSuitesInProcess(SurefireStarter.java:87)
	at org.apache.maven.surefire.booter.ForkedBooter.main(ForkedBooter.java:69)
Caused by: org.h2.jdbc.JdbcSQLException: Syntax error in SQL statement &quot;SELECT DISTINCT RES.* 
       
    FROM ACT_RU_TASK RES
     
     
     
     
    
     
     
     
     WHERE  RES.PROC_INST_ID_ = ? 
   
    
     ORDER BY  ORDER[*] BY RES.ID_ ASC  
    LIMIT ? OFFSET ? &quot;; expected &quot;=, NOT, EXISTS, INTERSECTS, SELECT, FROM&quot;; SQL statement:
select distinct RES.* 
       
    from ACT_RU_TASK RES
     
     
     
     
    
     
     
     
     WHERE  RES.PROC_INST_ID_ = ? 
   
    
     order by  order by RES.ID_ asc  
    LIMIT ? OFFSET ? [42001-176]
	at org.h2.message.DbException.getJdbcSQLException(DbException.java:344)
	at org.h2.message.DbException.getSyntaxError(DbException.java:204)
	at org.h2.command.Parser.getSyntaxError(Parser.java:524)
	at org.h2.command.Parser.readTerm(Parser.java:2688)
	at org.h2.command.Parser.readFactor(Parser.java:2244)
	at org.h2.command.Parser.readSum(Parser.java:2231)
	at org.h2.command.Parser.readConcat(Parser.java:2201)
	at org.h2.command.Parser.readCondition(Parser.java:2051)
	at org.h2.command.Parser.readAnd(Parser.java:2023)
	at org.h2.command.Parser.readExpression(Parser.java:2015)
	at org.h2.command.Parser.parseEndOfQuery(Parser.java:1726)
	at org.h2.command.Parser.parseSelectUnionExtension(Parser.java:1706)
	at org.h2.command.Parser.parseSelectUnion(Parser.java:1675)
	at org.h2.command.Parser.parseSelect(Parser.java:1662)
	at org.h2.command.Parser.parsePrepared(Parser.java:434)
	at org.h2.command.Parser.parse(Parser.java:306)
	at org.h2.command.Parser.parse(Parser.java:282)
	at org.h2.command.Parser.prepareCommand(Parser.java:243)
	at org.h2.engine.Session.prepareLocal(Session.java:442)
	at org.h2.engine.Session.prepareCommand(Session.java:384)
	at org.h2.jdbc.JdbcConnection.prepareCommand(JdbcConnection.java:1188)
	at org.h2.jdbc.JdbcPreparedStatement.&lt;init&gt;(JdbcPreparedStatement.java:73)
	at org.h2.jdbc.JdbcConnection.prepareStatement(JdbcConnection.java:276)
	at sun.reflect.GeneratedMethodAccessor6.invoke(Unknown Source)
	at sun.reflect.DelegatingMethodAccessorImpl.invoke(DelegatingMethodAccessorImpl.java:43)
	at java.lang.reflect.Method.invoke(Method.java:498)
	at org.apache.ibatis.datasource.pooled.PooledConnection.invoke(PooledConnection.java:245)
	at com.sun.proxy.$Proxy12.prepareStatement(Unknown Source)
	at sun.reflect.GeneratedMethodAccessor6.invoke(Unknown Source)
	at sun.reflect.DelegatingMethodAccessorImpl.invoke(DelegatingMethodAccessorImpl.java:43)
	at java.lang.reflect.Method.invoke(Method.java:498)
	at org.apache.ibatis.logging.jdbc.ConnectionLogger.invoke(ConnectionLogger.java:55)
	at com.sun.proxy.$Proxy12.prepareStatement(Unknown Source)
	at org.apache.ibatis.executor.statement.PreparedStatementHandler.instantiateStatement(PreparedStatementHandler.java:79)
	at org.apache.ibatis.executor.statement.BaseStatementHandler.prepare(BaseStatementHandler.java:88)
	at org.apache.ibatis.executor.statement.RoutingStatementHandler.prepare(RoutingStatementHandler.java:58)
	at org.apache.ibatis.executor.SimpleExecutor.prepareStatement(SimpleExecutor.java:76)
	at org.apache.ibatis.executor.SimpleExecutor.doQuery(SimpleExecutor.java:61)
	at org.apache.ibatis.executor.BaseExecutor.queryFromDatabase(BaseExecutor.java:303)
	at org.apache.ibatis.executor.BaseExecutor.query(BaseExecutor.java:154)
	at org.apache.ibatis.executor.CachingExecutor.query(CachingExecutor.java:102)
	at org.apache.ibatis.executor.CachingExecutor.query(CachingExecutor.java:82)
	at org.apache.ibatis.session.defaults.DefaultSqlSession.selectList(DefaultSqlSession.java:120)
	... 41 more
10:47:09,840 [main] DEBUG org.activiti.engine.impl.test.PvmTestCase  - #### END SubProcessTest.testSimpleSubProcessWithTimer #############################################################
10:47:09,840 [main] ERROR org.activiti.engine.impl.test.PvmTestCase  - 

10:47:09,840 [main] ERROR org.activiti.engine.impl.test.PvmTestCase  - EXCEPTION: org.apache.ibatis.exceptions.PersistenceException: 
### Error querying database.  Cause: org.h2.jdbc.JdbcSQLException: Syntax error in SQL statement &quot;SELECT DISTINCT RES.* 
       
    FROM ACT_RU_TASK RES
     
     
     
     
    
     
     
     
     WHERE  RES.PROC_INST_ID_ = ? 
   
    
     ORDER BY  ORDER[*] BY RES.ID_ ASC  
    LIMIT ? OFFSET ? &quot;; expected &quot;=, NOT, EXISTS, INTERSECTS, SELECT, FROM&quot;; SQL statement:
select distinct RES.* 
       
    from ACT_RU_TASK RES
     
     
     
     
    
     
     
     
     WHERE  RES.PROC_INST_ID_ = ? 
   
    
     order by  order by RES.ID_ asc  
    LIMIT ? OFFSET ? [42001-176]
### The error may exist in org/activiti/db/mapping/entity/Task.xml
### The error may involve org.activiti.engine.impl.persistence.entity.TaskEntity.selectTaskByQueryCriteria
### The error occurred while executing a query
### SQL: select distinct RES.*              from ACT_RU_TASK RES                                                     WHERE  RES.PROC_INST_ID_ = ?                order by  order by RES.ID_ asc       LIMIT ? OFFSET ?
### Cause: org.h2.jdbc.JdbcSQLException: Syntax error in SQL statement &quot;SELECT DISTINCT RES.* 
       
    FROM ACT_RU_TASK RES
     
     
     
     
    
     
     
     
     WHERE  RES.PROC_INST_ID_ = ? 
   
    
     ORDER BY  ORDER[*] BY RES.ID_ ASC  
    LIMIT ? OFFSET ? &quot;; expected &quot;=, NOT, EXISTS, INTERSECTS, SELECT, FROM&quot;; SQL statement:
select distinct RES.* 
       
    from ACT_RU_TASK RES
     
     
     
     
    
     
     
     
     WHERE  RES.PROC_INST_ID_ = ? 
   
    
     order by  order by RES.ID_ asc  
    LIMIT ? OFFSET ? [42001-176]
org.apache.ibatis.exceptions.PersistenceException: 
### Error querying database.  Cause: org.h2.jdbc.JdbcSQLException: Syntax error in SQL statement &quot;SELECT DISTINCT RES.* 
       
    FROM ACT_RU_TASK RES
     
     
     
     
    
     
     
     
     WHERE  RES.PROC_INST_ID_ = ? 
   
    
     ORDER BY  ORDER[*] BY RES.ID_ ASC  
    LIMIT ? OFFSET ? &quot;; expected &quot;=, NOT, EXISTS, INTERSECTS, SELECT, FROM&quot;; SQL statement:
select distinct RES.* 
       
    from ACT_RU_TASK RES
     
     
     
     
    
     
     
     
     WHERE  RES.PROC_INST_ID_ = ? 
   
    
     order by  order by RES.ID_ asc  
    LIMIT ? OFFSET ? [42001-176]
### The error may exist in org/activiti/db/mapping/entity/Task.xml
### The error may involve org.activiti.engine.impl.persistence.entity.TaskEntity.selectTaskByQueryCriteria
### The error occurred while executing a query
### SQL: select distinct RES.*              from ACT_RU_TASK RES                                                     WHERE  RES.PROC_INST_ID_ = ?                order by  order by RES.ID_ asc       LIMIT ? OFFSET ?
### Cause: org.h2.jdbc.JdbcSQLException: Syntax error in SQL statement &quot;SELECT DISTINCT RES.* 
       
    FROM ACT_RU_TASK RES
     
     
     
     
    
     
     
     
     WHERE  RES.PROC_INST_ID_ = ? 
   
    
     ORDER BY  ORDER[*] BY RES.ID_ ASC  
    LIMIT ? OFFSET ? &quot;; expected &quot;=, NOT, EXISTS, INTERSECTS, SELECT, FROM&quot;; SQL statement:
select distinct RES.* 
       
    from ACT_RU_TASK RES
     
     
     
     
    
     
     
     
     WHERE  RES.PROC_INST_ID_ = ? 
   
    
     order by  order by RES.ID_ asc  
    LIMIT ? OFFSET ? [42001-176]
	at org.apache.ibatis.exceptions.ExceptionFactory.wrapException(ExceptionFactory.java:30)
	at org.apache.ibatis.session.defaults.DefaultSqlSession.selectList(DefaultSqlSession.java:122)
	at org.apache.ibatis.session.defaults.DefaultSqlSession.selectList(DefaultSqlSession.java:113)
	at org.activiti.engine.impl.db.DbSqlSession.selectListWithRawParameter(DbSqlSession.java:438)
	at org.activiti.engine.impl.db.DbSqlSession.selectList(DbSqlSession.java:429)
	at org.activiti.engine.impl.persistence.entity.TaskEntityManager.findTasksByQueryCriteria(TaskEntityManager.java:135)
	at org.activiti.engine.impl.TaskQueryImpl.executeList(TaskQueryImpl.java:1256)
	at org.activiti.engine.impl.AbstractQuery.executeSingleResult(AbstractQuery.java:183)
	at org.activiti.engine.impl.AbstractQuery.execute(AbstractQuery.java:166)
	at org.activiti.engine.impl.interceptor.CommandInvoker.execute(CommandInvoker.java:24)
	at org.activiti.engine.impl.interceptor.CommandContextInterceptor.execute(CommandContextInterceptor.java:57)
	at org.activiti.engine.impl.interceptor.LogInterceptor.execute(LogInterceptor.java:37)
	at org.activiti.engine.impl.cfg.CommandExecutorImpl.execute(CommandExecutorImpl.java:40)
	at org.activiti.engine.impl.cfg.CommandExecutorImpl.execute(CommandExecutorImpl.java:35)
	at org.activiti.engine.impl.AbstractQuery.singleResult(AbstractQuery.java:129)
	at org.activiti.engine.test.bpmn.subprocess.SubProcessTest.testSimpleSubProcessWithTimer(SubProcessTest.java:71)
	at sun.reflect.NativeMethodAccessorImpl.invoke0(Native Method)
	at sun.reflect.NativeMethodAccessorImpl.invoke(NativeMethodAccessorImpl.java:62)
	at sun.reflect.DelegatingMethodAccessorImpl.invoke(DelegatingMethodAccessorImpl.java:43)
	at java.lang.reflect.Method.invoke(Method.java:498)
	at junit.framework.TestCase.runTest(TestCase.java:176)
	at org.activiti.engine.impl.test.PvmTestCase.runTest(PvmTestCase.java:65)
	at junit.framework.TestCase.runBare(TestCase.java:141)
	at org.activiti.engine.impl.test.AbstractActivitiTestCase.runBare(AbstractActivitiTestCase.java:100)
	at junit.framework.TestResult$1.protect(TestResult.java:122)
	at junit.framework.TestResult.runProtected(TestResult.java:142)
	at junit.framework.TestResult.run(TestResult.java:125)
	at junit.framework.TestCase.run(TestCase.java:129)
	at junit.framework.TestSuite.runTest(TestSuite.java:255)
	at junit.framework.TestSuite.run(TestSuite.java:250)
	at org.junit.internal.runners.JUnit38ClassRunner.run(JUnit38ClassRunner.java:84)
	at org.apache.maven.surefire.junit4.JUnit4TestSet.execute(JUnit4TestSet.java:35)
	at org.apache.maven.surefire.junit4.JUnit4Provider.executeTestSet(JUnit4Provider.java:146)
	at org.apache.maven.surefire.junit4.JUnit4Provider.invoke(JUnit4Provider.java:97)
	at sun.reflect.NativeMethodAccessorImpl.invoke0(Native Method)
	at sun.reflect.NativeMethodAccessorImpl.invoke(NativeMethodAccessorImpl.java:62)
	at sun.reflect.DelegatingMethodAccessorImpl.invoke(DelegatingMethodAccessorImpl.java:43)
	at java.lang.reflect.Method.invoke(Method.java:498)
	at org.apache.maven.surefire.booter.ProviderFactory$ClassLoaderProxy.invoke(ProviderFactory.java:103)
	at com.sun.proxy.$Proxy0.invoke(Unknown Source)
	at org.apache.maven.surefire.booter.SurefireStarter.invokeProvider(SurefireStarter.java:145)
	at org.apache.maven.surefire.booter.SurefireStarter.runSuitesInProcess(SurefireStarter.java:87)
	at org.apache.maven.surefire.booter.ForkedBooter.main(ForkedBooter.java:69)
Caused by: org.h2.jdbc.JdbcSQLException: Syntax error in SQL statement &quot;SELECT DISTINCT RES.* 
       
    FROM ACT_RU_TASK RES
     
     
     
     
    
     
     
     
     WHERE  RES.PROC_INST_ID_ = ? 
   
    
     ORDER BY  ORDER[*] BY RES.ID_ ASC  
    LIMIT ? OFFSET ? &quot;; expected &quot;=, NOT, EXISTS, INTERSECTS, SELECT, FROM&quot;; SQL statement:
select distinct RES.* 
       
    from ACT_RU_TASK RES
     
     
     
     
    
     
     
     
     WHERE  RES.PROC_INST_ID_ = ? 
   
    
     order by  order by RES.ID_ asc  
    LIMIT ? OFFSET ? [42001-176]
	at org.h2.message.DbException.getJdbcSQLException(DbException.java:344)
	at org.h2.message.DbException.getSyntaxError(DbException.java:204)
	at org.h2.command.Parser.getSyntaxError(Parser.java:524)
	at org.h2.command.Parser.readTerm(Parser.java:2688)
	at org.h2.command.Parser.readFactor(Parser.java:2244)
	at org.h2.command.Parser.readSum(Parser.java:2231)
	at org.h2.command.Parser.readConcat(Parser.java:2201)
	at org.h2.command.Parser.readCondition(Parser.java:2051)
	at org.h2.command.Parser.readAnd(Parser.java:2023)
	at org.h2.command.Parser.readExpression(Parser.java:2015)
	at org.h2.command.Parser.parseEndOfQuery(Parser.java:1726)
	at org.h2.command.Parser.parseSelectUnionExtension(Parser.java:1706)
	at org.h2.command.Parser.parseSelectUnion(Parser.java:1675)
	at org.h2.command.Parser.parseSelect(Parser.java:1662)
	at org.h2.command.Parser.parsePrepared(Parser.java:434)
	at org.h2.command.Parser.parse(Parser.java:306)
	at org.h2.command.Parser.parse(Parser.java:282)
	at org.h2.command.Parser.prepareCommand(Parser.java:243)
	at org.h2.engine.Session.prepareLocal(Session.java:442)
	at org.h2.engine.Session.prepareCommand(Session.java:384)
	at org.h2.jdbc.JdbcConnection.prepareCommand(JdbcConnection.java:1188)
	at org.h2.jdbc.JdbcPreparedStatement.&lt;init&gt;(JdbcPreparedStatement.java:73)
	at org.h2.jdbc.JdbcConnection.prepareStatement(JdbcConnection.java:276)
	at sun.reflect.GeneratedMethodAccessor6.invoke(Unknown Source)
	at sun.reflect.DelegatingMethodAccessorImpl.invoke(DelegatingMethodAccessorImpl.java:43)
	at java.lang.reflect.Method.invoke(Method.java:498)
	at org.apache.ibatis.datasource.pooled.PooledConnection.invoke(PooledConnection.java:245)
	at com.sun.proxy.$Proxy12.prepareStatement(Unknown Source)
	at sun.reflect.GeneratedMethodAccessor6.invoke(Unknown Source)
	at sun.reflect.DelegatingMethodAccessorImpl.invoke(DelegatingMethodAccessorImpl.java:43)
	at java.lang.reflect.Method.invoke(Method.java:498)
	at org.apache.ibatis.logging.jdbc.ConnectionLogger.invoke(ConnectionLogger.java:55)
	at com.sun.proxy.$Proxy12.prepareStatement(Unknown Source)
	at org.apache.ibatis.executor.statement.PreparedStatementHandler.instantiateStatement(PreparedStatementHandler.java:79)
	at org.apache.ibatis.executor.statement.BaseStatementHandler.prepare(BaseStatementHandler.java:88)
	at org.apache.ibatis.executor.statement.RoutingStatementHandler.prepare(RoutingStatementHandler.java:58)
	at org.apache.ibatis.executor.SimpleExecutor.prepareStatement(SimpleExecutor.java:76)
	at org.apache.ibatis.executor.SimpleExecutor.doQuery(SimpleExecutor.java:61)
	at org.apache.ibatis.executor.BaseExecutor.queryFromDatabase(BaseExecutor.java:303)
	at org.apache.ibatis.executor.BaseExecutor.query(BaseExecutor.java:154)
	at org.apache.ibatis.executor.CachingExecutor.query(CachingExecutor.java:102)
	at org.apache.ibatis.executor.CachingExecutor.query(CachingExecutor.java:82)
	at org.apache.ibatis.session.defaults.DefaultSqlSession.selectList(DefaultSqlSession.java:120)
	... 41 more
10:47:09,840 [main] DEBUG org.activiti.engine.impl.test.TestHelper  - annotation @Deployment deletes deployment for SubProcessTest.testSimpleSubProcessWithTimer
10:47:09,840 [main] DEBUG org.activiti.engine.impl.interceptor.LogInterceptor  - 

10:47:09,840 [main] DEBUG org.activiti.engine.impl.interceptor.LogInterceptor  - --- starting DeleteDeploymentCmd --------------------------------------------------------
10:47:09,840 [main] DEBUG org.apache.ibatis.transaction.jdbc.JdbcTransaction  - Opening JDBC Connection
10:47:09,840 [main] DEBUG org.apache.ibatis.datasource.pooled.PooledDataSource  - Checked out connection 297240765 from pool.
10:47:09,840 [main] DEBUG org.apache.ibatis.transaction.jdbc.JdbcTransaction  - Setting autocommit to false on JDBC Connection [conn4: url=jdbc:h2:mem:activiti user=SA]
10:47:09,840 [main] DEBUG org.activiti.engine.impl.persistence.entity.DeploymentEntity.selectDeploymentById  - ==&gt;  Preparing: select * from ACT_RE_DEPLOYMENT where ID_ = ? 
10:47:09,840 [main] DEBUG org.activiti.engine.impl.persistence.entity.DeploymentEntity.selectDeploymentById  - ==&gt; Parameters: 176(String)
10:47:09,840 [main] DEBUG org.activiti.engine.impl.persistence.entity.DeploymentEntity.selectDeploymentById  - &lt;==      Total: 1
10:47:09,841 [main] DEBUG org.activiti.engine.impl.persistence.entity.ProcessDefinitionEntity.selectProcessDefinitionsByQueryCriteria  - ==&gt;  Preparing: select RES.* from ACT_RE_PROCDEF RES WHERE RES.DEPLOYMENT_ID_ = ? order by order by RES.ID_ asc LIMIT ? OFFSET ? 
10:47:09,841 [main] DEBUG org.activiti.engine.impl.interceptor.CommandContext  - Error while closing command context
org.apache.ibatis.exceptions.PersistenceException: 
### Error querying database.  Cause: org.h2.jdbc.JdbcSQLException: Syntax error in SQL statement &quot;SELECT RES.* 
       
    FROM ACT_RE_PROCDEF RES
     
     WHERE  RES.DEPLOYMENT_ID_ = ? 
   
     ORDER BY  ORDER[*] BY RES.ID_ ASC  
    LIMIT ? OFFSET ? &quot;; expected &quot;=, NOT, EXISTS, INTERSECTS, SELECT, FROM&quot;; SQL statement:
select RES.* 
       
    from ACT_RE_PROCDEF RES
     
     WHERE  RES.DEPLOYMENT_ID_ = ? 
   
     order by  order by RES.ID_ asc  
    LIMIT ? OFFSET ? [42001-176]
### The error may exist in org/activiti/db/mapping/entity/ProcessDefinition.xml
### The error may involve org.activiti.engine.impl.persistence.entity.ProcessDefinitionEntity.selectProcessDefinitionsByQueryCriteria
### The error occurred while executing a query
### SQL: select RES.*              from ACT_RE_PROCDEF RES            WHERE  RES.DEPLOYMENT_ID_ = ?           order by  order by RES.ID_ asc       LIMIT ? OFFSET ?
### Cause: org.h2.jdbc.JdbcSQLException: Syntax error in SQL statement &quot;SELECT RES.* 
       
    FROM ACT_RE_PROCDEF RES
     
     WHERE  RES.DEPLOYMENT_ID_ = ? 
   
     ORDER BY  ORDER[*] BY RES.ID_ ASC  
    LIMIT ? OFFSET ? &quot;; expected &quot;=, NOT, EXISTS, INTERSECTS, SELECT, FROM&quot;; SQL statement:
select RES.* 
       
    from ACT_RE_PROCDEF RES
     
     WHERE  RES.DEPLOYMENT_ID_ = ? 
   
     order by  order by RES.ID_ asc  
    LIMIT ? OFFSET ? [42001-176]
	at org.apache.ibatis.exceptions.ExceptionFactory.wrapException(ExceptionFactory.java:30)
	at org.apache.ibatis.session.defaults.DefaultSqlSession.selectList(DefaultSqlSession.java:122)
	at org.apache.ibatis.session.defaults.DefaultSqlSession.selectList(DefaultSqlSession.java:113)
	at org.activiti.engine.impl.db.DbSqlSession.selectListWithRawParameter(DbSqlSession.java:438)
	at org.activiti.engine.impl.db.DbSqlSession.selectList(DbSqlSession.java:429)
	at org.activiti.engine.impl.db.DbSqlSession.selectList(DbSqlSession.java:419)
	at org.activiti.engine.impl.persistence.entity.ProcessDefinitionEntityManager.findProcessDefinitionsByQueryCriteria(ProcessDefinitionEntityManager.java:57)
	at org.activiti.engine.impl.ProcessDefinitionQueryImpl.executeList(ProcessDefinitionQueryImpl.java:307)
	at org.activiti.engine.impl.AbstractQuery.list(AbstractQuery.java:140)
	at org.activiti.engine.impl.persistence.deploy.DeploymentManager.removeDeployment(DeploymentManager.java:187)
	at org.activiti.engine.impl.cmd.DeleteDeploymentCmd.execute(DeleteDeploymentCmd.java:44)
	at org.activiti.engine.impl.cmd.DeleteDeploymentCmd.execute(DeleteDeploymentCmd.java:24)
	at org.activiti.engine.impl.interceptor.CommandInvoker.execute(CommandInvoker.java:24)
	at org.activiti.engine.impl.interceptor.CommandContextInterceptor.execute(CommandContextInterceptor.java:57)
	at org.activiti.engine.impl.interceptor.LogInterceptor.execute(LogInterceptor.java:37)
	at org.activiti.engine.impl.cfg.CommandExecutorImpl.execute(CommandExecutorImpl.java:40)
	at org.activiti.engine.impl.cfg.CommandExecutorImpl.execute(CommandExecutorImpl.java:35)
	at org.activiti.engine.impl.RepositoryServiceImpl.deleteDeployment(RepositoryServiceImpl.java:90)
	at org.activiti.engine.impl.test.TestHelper.annotationDeploymentTearDown(TestHelper.java:116)
	at org.activiti.engine.impl.test.AbstractActivitiTestCase.runBare(AbstractActivitiTestCase.java:116)
	at junit.framework.TestResult$1.protect(TestResult.java:122)
	at junit.framework.TestResult.runProtected(TestResult.java:142)
	at junit.framework.TestResult.run(TestResult.java:125)
	at junit.framework.TestCase.run(TestCase.java:129)
	at junit.framework.TestSuite.runTest(TestSuite.java:255)
	at junit.framework.TestSuite.run(TestSuite.java:250)
	at org.junit.internal.runners.JUnit38ClassRunner.run(JUnit38ClassRunner.java:84)
	at org.apache.maven.surefire.junit4.JUnit4TestSet.execute(JUnit4TestSet.java:35)
	at org.apache.maven.surefire.junit4.JUnit4Provider.executeTestSet(JUnit4Provider.java:146)
	at org.apache.maven.surefire.junit4.JUnit4Provider.invoke(JUnit4Provider.java:97)
	at sun.reflect.NativeMethodAccessorImpl.invoke0(Native Method)
	at sun.reflect.NativeMethodAccessorImpl.invoke(NativeMethodAccessorImpl.java:62)
	at sun.reflect.DelegatingMethodAccessorImpl.invoke(DelegatingMethodAccessorImpl.java:43)
	at java.lang.reflect.Method.invoke(Method.java:498)
	at org.apache.maven.surefire.booter.ProviderFactory$ClassLoaderProxy.invoke(ProviderFactory.java:103)
	at com.sun.proxy.$Proxy0.invoke(Unknown Source)
	at org.apache.maven.surefire.booter.SurefireStarter.invokeProvider(SurefireStarter.java:145)
	at org.apache.maven.surefire.booter.SurefireStarter.runSuitesInProcess(SurefireStarter.java:87)
	at org.apache.maven.surefire.booter.ForkedBooter.main(ForkedBooter.java:69)
Caused by: org.h2.jdbc.JdbcSQLException: Syntax error in SQL statement &quot;SELECT RES.* 
       
    FROM ACT_RE_PROCDEF RES
     
     WHERE  RES.DEPLOYMENT_ID_ = ? 
   
     ORDER BY  ORDER[*] BY RES.ID_ ASC  
    LIMIT ? OFFSET ? &quot;; expected &quot;=, NOT, EXISTS, INTERSECTS, SELECT, FROM&quot;; SQL statement:
select RES.* 
       
    from ACT_RE_PROCDEF RES
     
     WHERE  RES.DEPLOYMENT_ID_ = ? 
   
     order by  order by RES.ID_ asc  
    LIMIT ? OFFSET ? [42001-176]
	at org.h2.message.DbException.getJdbcSQLException(DbException.java:344)
	at org.h2.message.DbException.getSyntaxError(DbException.java:204)
	at org.h2.command.Parser.getSyntaxError(Parser.java:524)
	at org.h2.command.Parser.readTerm(Parser.java:2688)
	at org.h2.command.Parser.readFactor(Parser.java:2244)
	at org.h2.command.Parser.readSum(Parser.java:2231)
	at org.h2.command.Parser.readConcat(Parser.java:2201)
	at org.h2.command.Parser.readCondition(Parser.java:2051)
	at org.h2.command.Parser.readAnd(Parser.java:2023)
	at org.h2.command.Parser.readExpression(Parser.java:2015)
	at org.h2.command.Parser.parseEndOfQuery(Parser.java:1726)
	at org.h2.command.Parser.parseSelectUnionExtension(Parser.java:1706)
	at org.h2.command.Parser.parseSelectUnion(Parser.java:1675)
	at org.h2.command.Parser.parseSelect(Parser.java:1662)
	at org.h2.command.Parser.parsePrepared(Parser.java:434)
	at org.h2.command.Parser.parse(Parser.java:306)
	at org.h2.command.Parser.parse(Parser.java:282)
	at org.h2.command.Parser.prepareCommand(Parser.java:243)
	at org.h2.engine.Session.prepareLocal(Session.java:442)
	at org.h2.engine.Session.prepareCommand(Session.java:384)
	at org.h2.jdbc.JdbcConnection.prepareCommand(JdbcConnection.java:1188)
	at org.h2.jdbc.JdbcPreparedStatement.&lt;init&gt;(JdbcPreparedStatement.java:73)
	at org.h2.jdbc.JdbcConnection.prepareStatement(JdbcConnection.java:276)
	at sun.reflect.GeneratedMethodAccessor6.invoke(Unknown Source)
	at sun.reflect.DelegatingMethodAccessorImpl.invoke(DelegatingMethodAccessorImpl.java:43)
	at java.lang.reflect.Method.invoke(Method.java:498)
	at org.apache.ibatis.datasource.pooled.PooledConnection.invoke(PooledConnection.java:245)
	at com.sun.proxy.$Proxy12.prepareStatement(Unknown Source)
	at sun.reflect.GeneratedMethodAccessor6.invoke(Unknown Source)
	at sun.reflect.DelegatingMethodAccessorImpl.invoke(DelegatingMethodAccessorImpl.java:43)
	at java.lang.reflect.Method.invoke(Method.java:498)
	at org.apache.ibatis.logging.jdbc.ConnectionLogger.invoke(ConnectionLogger.java:55)
	at com.sun.proxy.$Proxy12.prepareStatement(Unknown Source)
	at org.apache.ibatis.executor.statement.PreparedStatementHandler.instantiateStatement(PreparedStatementHandler.java:79)
	at org.apache.ibatis.executor.statement.BaseStatementHandler.prepare(BaseStatementHandler.java:88)
	at org.apache.ibatis.executor.statement.RoutingStatementHandler.prepare(RoutingStatementHandler.java:58)
	at org.apache.ibatis.executor.SimpleExecutor.prepareStatement(SimpleExecutor.java:76)
	at org.apache.ibatis.executor.SimpleExecutor.doQuery(SimpleExecutor.java:61)
	at org.apache.ibatis.executor.BaseExecutor.queryFromDatabase(BaseExecutor.java:303)
	at org.apache.ibatis.executor.BaseExecutor.query(BaseExecutor.java:154)
	at org.apache.ibatis.executor.CachingExecutor.query(CachingExecutor.java:102)
	at org.apache.ibatis.executor.CachingExecutor.query(CachingExecutor.java:82)
	at org.apache.ibatis.session.defaults.DefaultSqlSession.selectList(DefaultSqlSession.java:120)
	... 37 more
10:47:09,841 [main] DEBUG org.activiti.engine.impl.cfg.standalone.StandaloneMybatisTransactionContext  - firing event rolling back...
10:47:09,841 [main] DEBUG org.activiti.engine.impl.cfg.standalone.StandaloneMybatisTransactionContext  - rolling back ibatis sql session...
10:47:09,841 [main] DEBUG org.activiti.engine.impl.cfg.standalone.StandaloneMybatisTransactionContext  - firing event rolled back...
10:47:09,841 [main] DEBUG org.apache.ibatis.transaction.jdbc.JdbcTransaction  - Resetting autocommit to true on JDBC Connection [conn4: url=jdbc:h2:mem:activiti user=SA]
10:47:09,841 [main] DEBUG org.apache.ibatis.transaction.jdbc.JdbcTransaction  - Closing JDBC Connection [conn4: url=jdbc:h2:mem:activiti user=SA]
10:47:09,841 [main] DEBUG org.apache.ibatis.datasource.pooled.PooledDataSource  - Returned connection 297240765 to pool.
10:47:09,841 [main] DEBUG org.activiti.engine.impl.interceptor.LogInterceptor  - --- DeleteDeploymentCmd finished --------------------------------------------------------
10:47:09,841 [main] DEBUG org.activiti.engine.impl.interceptor.LogInterceptor  - 

</system-out>
  </testcase>
  <testcase classname="org.activiti.engine.test.bpmn.subprocess.SubProcessTest" name="testTwoNestedSubProcessesInParallelWithTimer" time="0.013">
    <error message="
### Error querying database.  Cause: org.h2.jdbc.JdbcSQLException: Syntax error in SQL statement &quot;SELECT RES.* 
       
    FROM ACT_RE_PROCDEF RES
     
     WHERE  RES.DEPLOYMENT_ID_ = ? 
   
     ORDER BY  ORDER[*] BY RES.ID_ ASC  
    LIMIT ? OFFSET ? &quot;; expected &quot;=, NOT, EXISTS, INTERSECTS, SELECT, FROM&quot;; SQL statement:
select RES.* 
       
    from ACT_RE_PROCDEF RES
     
     WHERE  RES.DEPLOYMENT_ID_ = ? 
   
     order by  order by RES.ID_ asc  
    LIMIT ? OFFSET ? [42001-176]
### The error may exist in org/activiti/db/mapping/entity/ProcessDefinition.xml
### The error may involve org.activiti.engine.impl.persistence.entity.ProcessDefinitionEntity.selectProcessDefinitionsByQueryCriteria
### The error occurred while executing a query
### SQL: select RES.*              from ACT_RE_PROCDEF RES            WHERE  RES.DEPLOYMENT_ID_ = ?           order by  order by RES.ID_ asc       LIMIT ? OFFSET ?
### Cause: org.h2.jdbc.JdbcSQLException: Syntax error in SQL statement &quot;SELECT RES.* 
       
    FROM ACT_RE_PROCDEF RES
     
     WHERE  RES.DEPLOYMENT_ID_ = ? 
   
     ORDER BY  ORDER[*] BY RES.ID_ ASC  
    LIMIT ? OFFSET ? &quot;; expected &quot;=, NOT, EXISTS, INTERSECTS, SELECT, FROM&quot;; SQL statement:
select RES.* 
       
    from ACT_RE_PROCDEF RES
     
     WHERE  RES.DEPLOYMENT_ID_ = ? 
   
     order by  order by RES.ID_ asc  
    LIMIT ? OFFSET ? [42001-176]" type="org.apache.ibatis.exceptions.PersistenceException">org.apache.ibatis.exceptions.PersistenceException: 
### Error querying database.  Cause: org.h2.jdbc.JdbcSQLException: Syntax error in SQL statement &quot;SELECT RES.* 
       
    FROM ACT_RE_PROCDEF RES
     
     WHERE  RES.DEPLOYMENT_ID_ = ? 
   
     ORDER BY  ORDER[*] BY RES.ID_ ASC  
    LIMIT ? OFFSET ? &quot;; expected &quot;=, NOT, EXISTS, INTERSECTS, SELECT, FROM&quot;; SQL statement:
select RES.* 
       
    from ACT_RE_PROCDEF RES
     
     WHERE  RES.DEPLOYMENT_ID_ = ? 
   
     order by  order by RES.ID_ asc  
    LIMIT ? OFFSET ? [42001-176]
### The error may exist in org/activiti/db/mapping/entity/ProcessDefinition.xml
### The error may involve org.activiti.engine.impl.persistence.entity.ProcessDefinitionEntity.selectProcessDefinitionsByQueryCriteria
### The error occurred while executing a query
### SQL: select RES.*              from ACT_RE_PROCDEF RES            WHERE  RES.DEPLOYMENT_ID_ = ?           order by  order by RES.ID_ asc       LIMIT ? OFFSET ?
### Cause: org.h2.jdbc.JdbcSQLException: Syntax error in SQL statement &quot;SELECT RES.* 
       
    FROM ACT_RE_PROCDEF RES
     
     WHERE  RES.DEPLOYMENT_ID_ = ? 
   
     ORDER BY  ORDER[*] BY RES.ID_ ASC  
    LIMIT ? OFFSET ? &quot;; expected &quot;=, NOT, EXISTS, INTERSECTS, SELECT, FROM&quot;; SQL statement:
select RES.* 
       
    from ACT_RE_PROCDEF RES
     
     WHERE  RES.DEPLOYMENT_ID_ = ? 
   
     order by  order by RES.ID_ asc  
    LIMIT ? OFFSET ? [42001-176]
	at org.apache.ibatis.exceptions.ExceptionFactory.wrapException(ExceptionFactory.java:30)
	at org.apache.ibatis.session.defaults.DefaultSqlSession.selectList(DefaultSqlSession.java:122)
	at org.apache.ibatis.session.defaults.DefaultSqlSession.selectList(DefaultSqlSession.java:113)
	at org.activiti.engine.impl.db.DbSqlSession.selectListWithRawParameter(DbSqlSession.java:438)
	at org.activiti.engine.impl.db.DbSqlSession.selectList(DbSqlSession.java:429)
	at org.activiti.engine.impl.db.DbSqlSession.selectList(DbSqlSession.java:419)
	at org.activiti.engine.impl.persistence.entity.ProcessDefinitionEntityManager.findProcessDefinitionsByQueryCriteria(ProcessDefinitionEntityManager.java:57)
	at org.activiti.engine.impl.ProcessDefinitionQueryImpl.executeList(ProcessDefinitionQueryImpl.java:307)
	at org.activiti.engine.impl.AbstractQuery.list(AbstractQuery.java:140)
	at org.activiti.engine.impl.persistence.deploy.DeploymentManager.removeDeployment(DeploymentManager.java:187)
	at org.activiti.engine.impl.cmd.DeleteDeploymentCmd.execute(DeleteDeploymentCmd.java:44)
	at org.activiti.engine.impl.cmd.DeleteDeploymentCmd.execute(DeleteDeploymentCmd.java:24)
	at org.activiti.engine.impl.interceptor.CommandInvoker.execute(CommandInvoker.java:24)
	at org.activiti.engine.impl.interceptor.CommandContextInterceptor.execute(CommandContextInterceptor.java:57)
	at org.activiti.engine.impl.interceptor.LogInterceptor.execute(LogInterceptor.java:37)
	at org.activiti.engine.impl.cfg.CommandExecutorImpl.execute(CommandExecutorImpl.java:40)
	at org.activiti.engine.impl.cfg.CommandExecutorImpl.execute(CommandExecutorImpl.java:35)
	at org.activiti.engine.impl.RepositoryServiceImpl.deleteDeployment(RepositoryServiceImpl.java:90)
	at org.activiti.engine.impl.test.TestHelper.annotationDeploymentTearDown(TestHelper.java:116)
	at org.activiti.engine.impl.test.AbstractActivitiTestCase.runBare(AbstractActivitiTestCase.java:116)
	at junit.framework.TestResult$1.protect(TestResult.java:122)
	at junit.framework.TestResult.runProtected(TestResult.java:142)
	at junit.framework.TestResult.run(TestResult.java:125)
	at junit.framework.TestCase.run(TestCase.java:129)
	at junit.framework.TestSuite.runTest(TestSuite.java:255)
	at junit.framework.TestSuite.run(TestSuite.java:250)
	at org.junit.internal.runners.JUnit38ClassRunner.run(JUnit38ClassRunner.java:84)
	at org.apache.maven.surefire.junit4.JUnit4TestSet.execute(JUnit4TestSet.java:35)
	at org.apache.maven.surefire.junit4.JUnit4Provider.executeTestSet(JUnit4Provider.java:146)
	at org.apache.maven.surefire.junit4.JUnit4Provider.invoke(JUnit4Provider.java:97)
	at sun.reflect.NativeMethodAccessorImpl.invoke0(Native Method)
	at sun.reflect.NativeMethodAccessorImpl.invoke(NativeMethodAccessorImpl.java:62)
	at sun.reflect.DelegatingMethodAccessorImpl.invoke(DelegatingMethodAccessorImpl.java:43)
	at java.lang.reflect.Method.invoke(Method.java:498)
	at org.apache.maven.surefire.booter.ProviderFactory$ClassLoaderProxy.invoke(ProviderFactory.java:103)
	at com.sun.proxy.$Proxy0.invoke(Unknown Source)
	at org.apache.maven.surefire.booter.SurefireStarter.invokeProvider(SurefireStarter.java:145)
	at org.apache.maven.surefire.booter.SurefireStarter.runSuitesInProcess(SurefireStarter.java:87)
	at org.apache.maven.surefire.booter.ForkedBooter.main(ForkedBooter.java:69)
Caused by: org.h2.jdbc.JdbcSQLException: Syntax error in SQL statement &quot;SELECT RES.* 
       
    FROM ACT_RE_PROCDEF RES
     
     WHERE  RES.DEPLOYMENT_ID_ = ? 
   
     ORDER BY  ORDER[*] BY RES.ID_ ASC  
    LIMIT ? OFFSET ? &quot;; expected &quot;=, NOT, EXISTS, INTERSECTS, SELECT, FROM&quot;; SQL statement:
select RES.* 
       
    from ACT_RE_PROCDEF RES
     
     WHERE  RES.DEPLOYMENT_ID_ = ? 
   
     order by  order by RES.ID_ asc  
    LIMIT ? OFFSET ? [42001-176]
	at org.h2.message.DbException.getJdbcSQLException(DbException.java:344)
	at org.h2.message.DbException.getSyntaxError(DbException.java:204)
	at org.h2.command.Parser.getSyntaxError(Parser.java:524)
	at org.h2.command.Parser.readTerm(Parser.java:2688)
	at org.h2.command.Parser.readFactor(Parser.java:2244)
	at org.h2.command.Parser.readSum(Parser.java:2231)
	at org.h2.command.Parser.readConcat(Parser.java:2201)
	at org.h2.command.Parser.readCondition(Parser.java:2051)
	at org.h2.command.Parser.readAnd(Parser.java:2023)
	at org.h2.command.Parser.readExpression(Parser.java:2015)
	at org.h2.command.Parser.parseEndOfQuery(Parser.java:1726)
	at org.h2.command.Parser.parseSelectUnionExtension(Parser.java:1706)
	at org.h2.command.Parser.parseSelectUnion(Parser.java:1675)
	at org.h2.command.Parser.parseSelect(Parser.java:1662)
	at org.h2.command.Parser.parsePrepared(Parser.java:434)
	at org.h2.command.Parser.parse(Parser.java:306)
	at org.h2.command.Parser.parse(Parser.java:282)
	at org.h2.command.Parser.prepareCommand(Parser.java:243)
	at org.h2.engine.Session.prepareLocal(Session.java:442)
	at org.h2.engine.Session.prepareCommand(Session.java:384)
	at org.h2.jdbc.JdbcConnection.prepareCommand(JdbcConnection.java:1188)
	at org.h2.jdbc.JdbcPreparedStatement.&lt;init&gt;(JdbcPreparedStatement.java:73)
	at org.h2.jdbc.JdbcConnection.prepareStatement(JdbcConnection.java:276)
	at sun.reflect.GeneratedMethodAccessor6.invoke(Unknown Source)
	at sun.reflect.DelegatingMethodAccessorImpl.invoke(DelegatingMethodAccessorImpl.java:43)
	at java.lang.reflect.Method.invoke(Method.java:498)
	at org.apache.ibatis.datasource.pooled.PooledConnection.invoke(PooledConnection.java:245)
	at com.sun.proxy.$Proxy12.prepareStatement(Unknown Source)
	at sun.reflect.GeneratedMethodAccessor6.invoke(Unknown Source)
	at sun.reflect.DelegatingMethodAccessorImpl.invoke(DelegatingMethodAccessorImpl.java:43)
	at java.lang.reflect.Method.invoke(Method.java:498)
	at org.apache.ibatis.logging.jdbc.ConnectionLogger.invoke(ConnectionLogger.java:55)
	at com.sun.proxy.$Proxy12.prepareStatement(Unknown Source)
	at org.apache.ibatis.executor.statement.PreparedStatementHandler.instantiateStatement(PreparedStatementHandler.java:79)
	at org.apache.ibatis.executor.statement.BaseStatementHandler.prepare(BaseStatementHandler.java:88)
	at org.apache.ibatis.executor.statement.RoutingStatementHandler.prepare(RoutingStatementHandler.java:58)
	at org.apache.ibatis.executor.SimpleExecutor.prepareStatement(SimpleExecutor.java:76)
	at org.apache.ibatis.executor.SimpleExecutor.doQuery(SimpleExecutor.java:61)
	at org.apache.ibatis.executor.BaseExecutor.queryFromDatabase(BaseExecutor.java:303)
	at org.apache.ibatis.executor.BaseExecutor.query(BaseExecutor.java:154)
	at org.apache.ibatis.executor.CachingExecutor.query(CachingExecutor.java:102)
	at org.apache.ibatis.executor.CachingExecutor.query(CachingExecutor.java:82)
	at org.apache.ibatis.session.defaults.DefaultSqlSession.selectList(DefaultSqlSession.java:120)
	... 37 more
</error>
    <system-out>10:47:09,842 [main] DEBUG org.activiti.engine.impl.test.TestHelper  - annotation @Deployment creates deployment for SubProcessTest.testTwoNestedSubProcessesInParallelWithTimer
10:47:09,843 [main] DEBUG org.activiti.engine.impl.interceptor.LogInterceptor  - 

10:47:09,843 [main] DEBUG org.activiti.engine.impl.interceptor.LogInterceptor  - --- starting DeployCmd --------------------------------------------------------
10:47:09,843 [main] DEBUG org.activiti.engine.impl.bpmn.deployer.BpmnDeployer  - Processing deployment SubProcessTest.testTwoNestedSubProcessesInParallelWithTimer
10:47:09,844 [main] INFO  org.activiti.engine.impl.bpmn.deployer.BpmnDeployer  - Processing resource org/activiti/engine/test/bpmn/subprocess/SubProcessTest.testTwoNestedSubProcessesInParallelWithTimer.bpmn20.xml
10:47:09,848 [main] DEBUG org.activiti.engine.impl.bpmn.parser.handler.ProcessParseHandler  - Parsing process nestedParallelSubProcessesWithTimer
10:47:09,848 [main] DEBUG org.activiti.engine.impl.bpmn.parser.handler.AbstractBpmnParseHandler  - Parsing activity outerSubProcess
10:47:09,848 [main] DEBUG org.activiti.engine.impl.bpmn.parser.handler.AbstractBpmnParseHandler  - Parsing activity fork
10:47:09,848 [main] DEBUG org.activiti.engine.impl.bpmn.parser.handler.AbstractBpmnParseHandler  - Parsing activity subProcessA
10:47:09,848 [main] DEBUG org.activiti.engine.impl.bpmn.parser.handler.AbstractBpmnParseHandler  - Parsing activity subProcessATask
10:47:09,848 [main] DEBUG org.activiti.engine.impl.bpmn.parser.handler.AbstractBpmnParseHandler  - Parsing activity subProcessAStart
10:47:09,848 [main] DEBUG org.activiti.engine.impl.bpmn.parser.handler.AbstractBpmnParseHandler  - Parsing activity subProcessAEnd
10:47:09,848 [main] DEBUG org.activiti.engine.impl.bpmn.parser.handler.AbstractBpmnParseHandler  - Parsing activity subProcessB
10:47:09,848 [main] DEBUG org.activiti.engine.impl.bpmn.parser.handler.AbstractBpmnParseHandler  - Parsing activity subProcessBTask
10:47:09,848 [main] DEBUG org.activiti.engine.impl.bpmn.parser.handler.AbstractBpmnParseHandler  - Parsing activity subProcessBStart
10:47:09,848 [main] DEBUG org.activiti.engine.impl.bpmn.parser.handler.AbstractBpmnParseHandler  - Parsing activity subProcessBEnd
10:47:09,848 [main] DEBUG org.activiti.engine.impl.bpmn.parser.handler.AbstractBpmnParseHandler  - Parsing activity join
10:47:09,848 [main] DEBUG org.activiti.engine.impl.bpmn.parser.handler.AbstractBpmnParseHandler  - Parsing activity outerSubProcessStart
10:47:09,848 [main] DEBUG org.activiti.engine.impl.bpmn.parser.handler.AbstractBpmnParseHandler  - Parsing activity outerSubProcessEnd
10:47:09,848 [main] DEBUG org.activiti.engine.impl.bpmn.parser.handler.AbstractBpmnParseHandler  - Parsing activity taskAfterSubProcess
10:47:09,848 [main] DEBUG org.activiti.engine.impl.bpmn.parser.handler.AbstractBpmnParseHandler  - Parsing activity taskAfterTimer
10:47:09,848 [main] DEBUG org.activiti.engine.impl.bpmn.parser.handler.AbstractBpmnParseHandler  - Parsing activity theStart
10:47:09,849 [main] DEBUG org.activiti.engine.impl.bpmn.parser.handler.AbstractBpmnParseHandler  - Parsing activity theEnd
10:47:09,849 [main] DEBUG org.activiti.engine.impl.bpmn.parser.handler.AbstractBpmnParseHandler  - Parsing activity timerEnd
10:47:09,849 [main] DEBUG org.activiti.engine.impl.bpmn.parser.handler.AbstractBpmnParseHandler  - Parsing activity timer
10:47:09,849 [main] DEBUG org.apache.ibatis.transaction.jdbc.JdbcTransaction  - Opening JDBC Connection
10:47:09,849 [main] DEBUG org.apache.ibatis.datasource.pooled.PooledDataSource  - Checked out connection 363509958 from pool.
10:47:09,849 [main] DEBUG org.apache.ibatis.transaction.jdbc.JdbcTransaction  - Setting autocommit to false on JDBC Connection [conn2: url=jdbc:h2:mem:activiti user=SA]
10:47:09,849 [main] DEBUG org.activiti.engine.impl.persistence.entity.ProcessDefinitionEntity.selectLatestProcessDefinitionByKey  - ==&gt;  Preparing: select * from ACT_RE_PROCDEF where KEY_ = ? and (TENANT_ID_ = &apos;&apos; or TENANT_ID_ is null) and VERSION_ = (select max(VERSION_) from ACT_RE_PROCDEF where KEY_ = ? and (TENANT_ID_ = &apos;&apos; or TENANT_ID_ is null)) 
10:47:09,849 [main] DEBUG org.activiti.engine.impl.persistence.entity.ProcessDefinitionEntity.selectLatestProcessDefinitionByKey  - ==&gt; Parameters: nestedParallelSubProcessesWithTimer(String), nestedParallelSubProcessesWithTimer(String)
10:47:09,849 [main] DEBUG org.activiti.engine.impl.persistence.entity.ProcessDefinitionEntity.selectLatestProcessDefinitionByKey  - &lt;==      Total: 0
10:47:09,849 [main] DEBUG org.activiti.engine.impl.persistence.entity.JobEntity.selectJobByTypeAndProcessDefinitionKeyNoTenantId  - ==&gt;  Preparing: select J.* from ACT_RU_JOB J inner join ACT_RE_PROCDEF P on J.PROC_DEF_ID_ = P.ID_ where J.HANDLER_TYPE_ = ? and P.KEY_ = ? and (P.TENANT_ID_ = &apos;&apos; or P.TENANT_ID_ is null) 
10:47:09,849 [main] DEBUG org.activiti.engine.impl.persistence.entity.JobEntity.selectJobByTypeAndProcessDefinitionKeyNoTenantId  - ==&gt; Parameters: timer-start-event(String), nestedParallelSubProcessesWithTimer(String)
10:47:09,849 [main] DEBUG org.activiti.engine.impl.persistence.entity.JobEntity.selectJobByTypeAndProcessDefinitionKeyNoTenantId  - &lt;==      Total: 0
10:47:09,849 [main] DEBUG org.activiti.engine.impl.persistence.entity.ProcessDefinitionInfoEntity.selectProcessDefinitionInfoByProcessDefinitionId  - ==&gt;  Preparing: select * from ACT_PROCDEF_INFO where PROC_DEF_ID_ = ? 
10:47:09,849 [main] DEBUG org.activiti.engine.impl.persistence.entity.ProcessDefinitionInfoEntity.selectProcessDefinitionInfoByProcessDefinitionId  - ==&gt; Parameters: nestedParallelSubProcessesWithTimer:1:189(String)
10:47:09,849 [main] DEBUG org.activiti.engine.impl.persistence.entity.ProcessDefinitionInfoEntity.selectProcessDefinitionInfoByProcessDefinitionId  - &lt;==      Total: 0
10:47:09,849 [main] DEBUG org.activiti.engine.impl.interceptor.LogInterceptor  - 

10:47:09,849 [main] DEBUG org.activiti.engine.impl.interceptor.LogInterceptor  - --- starting GetProcessDefinitionInfoCmd --------------------------------------------------------
10:47:09,849 [main] DEBUG org.activiti.engine.impl.interceptor.CommandContextInterceptor  - Valid context found. Reusing it for the current command &apos;org.activiti.engine.impl.cmd.GetProcessDefinitionInfoCmd&apos;
10:47:09,849 [main] DEBUG org.activiti.engine.impl.interceptor.LogInterceptor  - 

10:47:09,849 [main] DEBUG org.activiti.engine.impl.interceptor.LogInterceptor  - --- starting  --------------------------------------------------------
10:47:09,849 [main] DEBUG org.activiti.engine.impl.interceptor.CommandContextInterceptor  - Valid context found. Reusing it for the current command &apos;null&apos;
10:47:09,849 [main] DEBUG org.activiti.engine.impl.interceptor.LogInterceptor  - ---  finished --------------------------------------------------------
10:47:09,849 [main] DEBUG org.activiti.engine.impl.interceptor.LogInterceptor  - 

10:47:09,849 [main] DEBUG org.activiti.engine.impl.interceptor.LogInterceptor  - --- GetProcessDefinitionInfoCmd finished --------------------------------------------------------
10:47:09,849 [main] DEBUG org.activiti.engine.impl.interceptor.LogInterceptor  - 

10:47:09,849 [main] DEBUG org.activiti.engine.impl.db.DbSqlSession  -   insert ResourceEntity[id=188, name=org/activiti/engine/test/bpmn/subprocess/SubProcessTest.testTwoNestedSubProcessesInParallelWithTimer.bpmn20.xml]
10:47:09,849 [main] DEBUG org.activiti.engine.impl.db.DbSqlSession  -   insert DeploymentEntity[id=187, name=SubProcessTest.testTwoNestedSubProcessesInParallelWithTimer]
10:47:09,849 [main] DEBUG org.activiti.engine.impl.db.DbSqlSession  -   insert ProcessDefinitionEntity[nestedParallelSubProcessesWithTimer:1:189]
10:47:09,849 [main] DEBUG org.activiti.engine.impl.db.DbSqlSession  - flush summary: 3 insert, 0 update, 0 delete.
10:47:09,849 [main] DEBUG org.activiti.engine.impl.db.DbSqlSession  - now executing flush...
10:47:09,849 [main] DEBUG org.activiti.engine.impl.db.DbSqlSession  - inserting: ProcessDefinitionEntity[nestedParallelSubProcessesWithTimer:1:189]
10:47:09,849 [main] DEBUG org.activiti.engine.impl.persistence.entity.ProcessDefinitionEntity.insertProcessDefinition  - ==&gt;  Preparing: insert into ACT_RE_PROCDEF(ID_, REV_, CATEGORY_, NAME_, KEY_, VERSION_, DEPLOYMENT_ID_, RESOURCE_NAME_, DGRM_RESOURCE_NAME_, DESCRIPTION_, HAS_START_FORM_KEY_, HAS_GRAPHICAL_NOTATION_ , SUSPENSION_STATE_, TENANT_ID_) values (?, 1, ?, ?, ?, ?, ?, ?, ?, ?, ?, ?, ?, ?) 
10:47:09,850 [main] DEBUG org.activiti.engine.impl.persistence.entity.ProcessDefinitionEntity.insertProcessDefinition  - ==&gt; Parameters: nestedParallelSubProcessesWithTimer:1:189(String), Examples(String), null, nestedParallelSubProcessesWithTimer(String), 1(Integer), 187(String), org/activiti/engine/test/bpmn/subprocess/SubProcessTest.testTwoNestedSubProcessesInParallelWithTimer.bpmn20.xml(String), null, null, false(Boolean), false(Boolean), 1(Integer), (String)
10:47:09,850 [main] DEBUG org.activiti.engine.impl.persistence.entity.ProcessDefinitionEntity.insertProcessDefinition  - &lt;==    Updates: 1
10:47:09,850 [main] DEBUG org.activiti.engine.impl.db.DbSqlSession  - inserting: DeploymentEntity[id=187, name=SubProcessTest.testTwoNestedSubProcessesInParallelWithTimer]
10:47:09,850 [main] DEBUG org.activiti.engine.impl.persistence.entity.DeploymentEntity.insertDeployment  - ==&gt;  Preparing: insert into ACT_RE_DEPLOYMENT(ID_, NAME_, CATEGORY_, TENANT_ID_, DEPLOY_TIME_) values(?, ?, ?, ?, ?) 
10:47:09,850 [main] DEBUG org.activiti.engine.impl.persistence.entity.DeploymentEntity.insertDeployment  - ==&gt; Parameters: 187(String), SubProcessTest.testTwoNestedSubProcessesInParallelWithTimer(String), null, (String), 2023-03-20 10:46:46.742(Timestamp)
10:47:09,850 [main] DEBUG org.activiti.engine.impl.persistence.entity.DeploymentEntity.insertDeployment  - &lt;==    Updates: 1
10:47:09,850 [main] DEBUG org.activiti.engine.impl.db.DbSqlSession  - inserting: ResourceEntity[id=188, name=org/activiti/engine/test/bpmn/subprocess/SubProcessTest.testTwoNestedSubProcessesInParallelWithTimer.bpmn20.xml]
10:47:09,850 [main] DEBUG org.activiti.engine.impl.persistence.entity.ResourceEntity.insertResource  - ==&gt;  Preparing: insert into ACT_GE_BYTEARRAY(ID_, REV_, NAME_, BYTES_, DEPLOYMENT_ID_, GENERATED_) values (?, 1, ?, ?, ?, ?) 
10:47:09,850 [main] DEBUG org.activiti.engine.impl.persistence.entity.ResourceEntity.insertResource  - ==&gt; Parameters: 188(String), org/activiti/engine/test/bpmn/subprocess/SubProcessTest.testTwoNestedSubProcessesInParallelWithTimer.bpmn20.xml(String), java.io.ByteArrayInputStream@5dc9edc7(ByteArrayInputStream), 187(String), false(Boolean)
10:47:09,850 [main] DEBUG org.activiti.engine.impl.persistence.entity.ResourceEntity.insertResource  - &lt;==    Updates: 1
10:47:09,850 [main] DEBUG org.activiti.engine.impl.cfg.standalone.StandaloneMybatisTransactionContext  - firing event committing...
10:47:09,850 [main] DEBUG org.activiti.engine.impl.cfg.standalone.StandaloneMybatisTransactionContext  - committing the ibatis sql session...
10:47:09,850 [main] DEBUG org.apache.ibatis.transaction.jdbc.JdbcTransaction  - Committing JDBC Connection [conn2: url=jdbc:h2:mem:activiti user=SA]
10:47:09,850 [main] DEBUG org.activiti.engine.impl.cfg.standalone.StandaloneMybatisTransactionContext  - firing event committed...
10:47:09,850 [main] DEBUG org.apache.ibatis.transaction.jdbc.JdbcTransaction  - Resetting autocommit to true on JDBC Connection [conn2: url=jdbc:h2:mem:activiti user=SA]
10:47:09,850 [main] DEBUG org.apache.ibatis.transaction.jdbc.JdbcTransaction  - Closing JDBC Connection [conn2: url=jdbc:h2:mem:activiti user=SA]
10:47:09,850 [main] DEBUG org.apache.ibatis.datasource.pooled.PooledDataSource  - Returned connection 363509958 to pool.
10:47:09,850 [main] DEBUG org.activiti.engine.impl.interceptor.LogInterceptor  - --- DeployCmd finished --------------------------------------------------------
10:47:09,850 [main] DEBUG org.activiti.engine.impl.interceptor.LogInterceptor  - 

10:47:09,850 [main] DEBUG org.activiti.engine.impl.test.PvmTestCase  - 

10:47:09,850 [main] DEBUG org.activiti.engine.impl.test.PvmTestCase  - #### START SubProcessTest.testTwoNestedSubProcessesInParallelWithTimer ###########################################################
10:47:09,850 [main] DEBUG org.activiti.engine.impl.interceptor.LogInterceptor  - 

10:47:09,850 [main] DEBUG org.activiti.engine.impl.interceptor.LogInterceptor  - --- starting StartProcessInstanceCmd --------------------------------------------------------
10:47:09,850 [main] DEBUG org.apache.ibatis.transaction.jdbc.JdbcTransaction  - Opening JDBC Connection
10:47:09,850 [main] DEBUG org.apache.ibatis.datasource.pooled.PooledDataSource  - Checked out connection 180014677 from pool.
10:47:09,850 [main] DEBUG org.apache.ibatis.transaction.jdbc.JdbcTransaction  - Setting autocommit to false on JDBC Connection [conn3: url=jdbc:h2:mem:activiti user=SA]
10:47:09,850 [main] DEBUG org.activiti.engine.impl.persistence.entity.ProcessDefinitionEntity.selectLatestProcessDefinitionByKey  - ==&gt;  Preparing: select * from ACT_RE_PROCDEF where KEY_ = ? and (TENANT_ID_ = &apos;&apos; or TENANT_ID_ is null) and VERSION_ = (select max(VERSION_) from ACT_RE_PROCDEF where KEY_ = ? and (TENANT_ID_ = &apos;&apos; or TENANT_ID_ is null)) 
10:47:09,850 [main] DEBUG org.activiti.engine.impl.persistence.entity.ProcessDefinitionEntity.selectLatestProcessDefinitionByKey  - ==&gt; Parameters: nestedParallelSubProcessesWithTimer(String), nestedParallelSubProcessesWithTimer(String)
10:47:09,850 [main] DEBUG org.activiti.engine.impl.persistence.entity.ProcessDefinitionEntity.selectLatestProcessDefinitionByKey  - &lt;==      Total: 1
10:47:09,850 [main] DEBUG org.activiti.engine.impl.persistence.entity.ExecutionEntity  - initializing ProcessInstance[190]
10:47:09,851 [main] DEBUG org.activiti.engine.impl.history.DefaultHistoryManager  - Current history level: FULL, level required: ACTIVITY
10:47:09,851 [main] DEBUG org.activiti.engine.impl.pvm.runtime.AtomicOperationActivityExecute  - ProcessInstance[190] executes Activity(theStart): org.activiti.engine.impl.bpmn.behavior.NoneStartEventActivityBehavior
10:47:09,851 [main] DEBUG org.activiti.engine.impl.persistence.entity.JobEntity.selectJobsByExecutionId  - ==&gt;  Preparing: select * from ACT_RU_JOB J where J.EXECUTION_ID_ = ? 
10:47:09,851 [main] DEBUG org.activiti.engine.impl.persistence.entity.JobEntity.selectJobsByExecutionId  - ==&gt; Parameters: 190(String)
10:47:09,851 [main] DEBUG org.activiti.engine.impl.persistence.entity.JobEntity.selectJobsByExecutionId  - &lt;==      Total: 0
10:47:09,851 [main] DEBUG org.activiti.engine.impl.bpmn.behavior.BpmnActivityBehavior  - Leaving activity &apos;theStart&apos;
10:47:09,851 [main] DEBUG org.activiti.engine.impl.history.DefaultHistoryManager  - Current history level: FULL, level required: ACTIVITY
10:47:09,851 [main] DEBUG org.activiti.engine.impl.pvm.runtime.AtomicOperationTransitionNotifyListenerTake  - ProcessInstance[190] takes transition (theStart)--flow1--&gt;(outerSubProcess)
10:47:09,851 [main] DEBUG org.activiti.engine.impl.persistence.entity.ExecutionEntity  - Child execution ScopeExecution[192] created with parent 
10:47:09,851 [main] DEBUG org.activiti.engine.impl.pvm.runtime.AtomicOperationTransitionCreateScope  - create scope: parent ProcessInstance[190] continues as execution ScopeExecution[192]
10:47:09,851 [main] DEBUG org.activiti.engine.impl.persistence.entity.ExecutionEntity  - initializing ScopeExecution[192]
10:47:09,851 [main] DEBUG org.activiti.engine.impl.persistence.entity.JobEntity.selectJobsByExecutionId  - ==&gt;  Preparing: select * from ACT_RU_JOB J where J.EXECUTION_ID_ = ? 
10:47:09,851 [main] DEBUG org.activiti.engine.impl.persistence.entity.JobEntity.selectJobsByExecutionId  - ==&gt; Parameters: 192(String)
10:47:09,851 [main] DEBUG org.activiti.engine.impl.persistence.entity.JobEntity.selectJobsByExecutionId  - &lt;==      Total: 0
10:47:09,851 [main] DEBUG org.activiti.engine.impl.history.DefaultHistoryManager  - Current history level: FULL, level required: ACTIVITY
10:47:09,851 [main] DEBUG org.activiti.engine.impl.pvm.runtime.AtomicOperationActivityExecute  - ScopeExecution[192] executes Activity(outerSubProcess): org.activiti.engine.impl.bpmn.behavior.SubProcessActivityBehavior
10:47:09,851 [main] DEBUG org.activiti.engine.impl.history.DefaultHistoryManager  - Current history level: FULL, level required: ACTIVITY
10:47:09,851 [main] DEBUG org.activiti.engine.impl.pvm.runtime.AtomicOperationActivityExecute  - ScopeExecution[192] executes Activity(outerSubProcessStart): org.activiti.engine.impl.bpmn.behavior.NoneStartEventActivityBehavior
10:47:09,851 [main] DEBUG org.activiti.engine.impl.bpmn.behavior.BpmnActivityBehavior  - Leaving activity &apos;outerSubProcessStart&apos;
10:47:09,851 [main] DEBUG org.activiti.engine.impl.history.DefaultHistoryManager  - Current history level: FULL, level required: ACTIVITY
10:47:09,851 [main] DEBUG org.activiti.engine.impl.pvm.runtime.AtomicOperationTransitionNotifyListenerTake  - ScopeExecution[192] takes transition (outerSubProcessStart)--flow2--&gt;(fork)
10:47:09,852 [main] DEBUG org.activiti.engine.impl.history.DefaultHistoryManager  - Current history level: FULL, level required: ACTIVITY
10:47:09,852 [main] DEBUG org.activiti.engine.impl.pvm.runtime.AtomicOperationActivityExecute  - ScopeExecution[192] executes Activity(fork): org.activiti.engine.impl.bpmn.behavior.ParallelGatewayActivityBehavior
10:47:09,852 [main] DEBUG org.activiti.engine.impl.persistence.entity.ExecutionEntity  - inactive concurrent executions in &apos;Activity(fork)&apos;: [ScopeExecution[192]]
10:47:09,852 [main] DEBUG org.activiti.engine.impl.persistence.entity.ExecutionEntity  - other concurrent executions: []
10:47:09,852 [main] DEBUG org.activiti.engine.impl.history.DefaultHistoryManager  - Current history level: FULL, level required: ACTIVITY
10:47:09,852 [main] DEBUG org.activiti.engine.impl.bpmn.behavior.ParallelGatewayActivityBehavior  - parallel gateway &apos;fork&apos; activates: 1 of 1 joined
10:47:09,852 [main] DEBUG org.activiti.engine.impl.persistence.entity.ExecutionEntity  - transitions to take concurrent: [(fork)--flow3--&gt;(subProcessA), (fork)--flow4--&gt;(subProcessB)]
10:47:09,852 [main] DEBUG org.activiti.engine.impl.persistence.entity.ExecutionEntity  - active concurrent executions: []
10:47:09,852 [main] DEBUG org.activiti.engine.impl.persistence.entity.ExecutionEntity  - recyclable executions for reuse: []
10:47:09,852 [main] DEBUG org.activiti.engine.impl.persistence.entity.ExecutionEntity  - Child execution ScopeExecution[197] created with parent 
10:47:09,852 [main] DEBUG org.activiti.engine.impl.persistence.entity.ExecutionEntity  - new ScopeExecution[197] with parent ScopeExecution[192] created to take transition (fork)--flow3--&gt;(subProcessA)
10:47:09,852 [main] DEBUG org.activiti.engine.impl.persistence.entity.ExecutionEntity  - Child execution ScopeExecution[198] created with parent 
10:47:09,852 [main] DEBUG org.activiti.engine.impl.persistence.entity.ExecutionEntity  - new ScopeExecution[198] with parent ScopeExecution[192] created to take transition (fork)--flow4--&gt;(subProcessB)
10:47:09,852 [main] DEBUG org.activiti.engine.impl.history.DefaultHistoryManager  - Current history level: FULL, level required: ACTIVITY
10:47:09,852 [main] DEBUG org.activiti.engine.impl.persistence.entity.HistoricActivityInstanceEntity.selectHistoricActivityInstancesByQueryCriteria  - ==&gt;  Preparing: select RES.* from ACT_HI_ACTINST RES WHERE RES.EXECUTION_ID_ = ? and RES.ACT_ID_ = ? and RES.END_TIME_ is null order by order by RES.ID_ asc LIMIT ? OFFSET ? 
10:47:09,852 [main] DEBUG org.activiti.engine.impl.interceptor.CommandContext  - Error while closing command context
org.apache.ibatis.exceptions.PersistenceException: 
### Error querying database.  Cause: org.h2.jdbc.JdbcSQLException: Syntax error in SQL statement &quot;SELECT RES.* 
     
    FROM ACT_HI_ACTINST RES
     WHERE  RES.EXECUTION_ID_ = ?
      
      
      
        AND RES.ACT_ID_ = ?
      
      
      
      
      
      
      
      
        AND RES.END_TIME_ IS NULL 
   
     ORDER BY  ORDER[*] BY RES.ID_ ASC  
    LIMIT ? OFFSET ? &quot;; expected &quot;=, NOT, EXISTS, INTERSECTS, SELECT, FROM&quot;; SQL statement:
select RES.* 
     
    from ACT_HI_ACTINST RES
     WHERE  RES.EXECUTION_ID_ = ?
      
      
      
        and RES.ACT_ID_ = ?
      
      
      
      
      
      
      
      
        and RES.END_TIME_ is null 
   
     order by  order by RES.ID_ asc  
    LIMIT ? OFFSET ? [42001-176]
### The error may exist in org/activiti/db/mapping/entity/HistoricActivityInstance.xml
### The error may involve org.activiti.engine.impl.persistence.entity.HistoricActivityInstanceEntity.selectHistoricActivityInstancesByQueryCriteria
### The error occurred while executing a query
### SQL: select RES.*            from ACT_HI_ACTINST RES      WHERE  RES.EXECUTION_ID_ = ?                              and RES.ACT_ID_ = ?                                                                 and RES.END_TIME_ is null           order by  order by RES.ID_ asc       LIMIT ? OFFSET ?
### Cause: org.h2.jdbc.JdbcSQLException: Syntax error in SQL statement &quot;SELECT RES.* 
     
    FROM ACT_HI_ACTINST RES
     WHERE  RES.EXECUTION_ID_ = ?
      
      
      
        AND RES.ACT_ID_ = ?
      
      
      
      
      
      
      
      
        AND RES.END_TIME_ IS NULL 
   
     ORDER BY  ORDER[*] BY RES.ID_ ASC  
    LIMIT ? OFFSET ? &quot;; expected &quot;=, NOT, EXISTS, INTERSECTS, SELECT, FROM&quot;; SQL statement:
select RES.* 
     
    from ACT_HI_ACTINST RES
     WHERE  RES.EXECUTION_ID_ = ?
      
      
      
        and RES.ACT_ID_ = ?
      
      
      
      
      
      
      
      
        and RES.END_TIME_ is null 
   
     order by  order by RES.ID_ asc  
    LIMIT ? OFFSET ? [42001-176]
	at org.apache.ibatis.exceptions.ExceptionFactory.wrapException(ExceptionFactory.java:30)
	at org.apache.ibatis.session.defaults.DefaultSqlSession.selectList(DefaultSqlSession.java:122)
	at org.apache.ibatis.session.defaults.DefaultSqlSession.selectList(DefaultSqlSession.java:113)
	at org.activiti.engine.impl.db.DbSqlSession.selectListWithRawParameter(DbSqlSession.java:438)
	at org.activiti.engine.impl.db.DbSqlSession.selectList(DbSqlSession.java:429)
	at org.activiti.engine.impl.db.DbSqlSession.selectList(DbSqlSession.java:419)
	at org.activiti.engine.impl.persistence.entity.HistoricActivityInstanceEntityManager.findHistoricActivityInstancesByQueryCriteria(HistoricActivityInstanceEntityManager.java:56)
	at org.activiti.engine.impl.HistoricActivityInstanceQueryImpl.executeList(HistoricActivityInstanceQueryImpl.java:70)
	at org.activiti.engine.impl.AbstractQuery.listPage(AbstractQuery.java:151)
	at org.activiti.engine.impl.history.DefaultHistoryManager.findActivityInstance(DefaultHistoryManager.java:355)
	at org.activiti.engine.impl.history.DefaultHistoryManager.recordActivityEnd(DefaultHistoryManager.java:281)
	at org.activiti.engine.impl.history.handler.ActivityInstanceEndHandler.notify(ActivityInstanceEndHandler.java:29)
	at org.activiti.engine.impl.pvm.runtime.AbstractEventAtomicOperation.execute(AbstractEventAtomicOperation.java:42)
	at org.activiti.engine.impl.interceptor.CommandContext.performOperation(CommandContext.java:97)
	at org.activiti.engine.impl.persistence.entity.ExecutionEntity.performOperationSync(ExecutionEntity.java:636)
	at org.activiti.engine.impl.persistence.entity.ExecutionEntity.performOperation(ExecutionEntity.java:629)
	at org.activiti.engine.impl.persistence.entity.ExecutionEntity.take(ExecutionEntity.java:453)
	at org.activiti.engine.impl.pvm.runtime.OutgoingExecution.take(OutgoingExecution.java:48)
	at org.activiti.engine.impl.persistence.entity.ExecutionEntity.takeAll(ExecutionEntity.java:589)
	at org.activiti.engine.impl.bpmn.behavior.ParallelGatewayActivityBehavior.execute(ParallelGatewayActivityBehavior.java:78)
	at org.activiti.engine.impl.pvm.runtime.AtomicOperationActivityExecute.execute(AtomicOperationActivityExecute.java:60)
	at org.activiti.engine.impl.interceptor.CommandContext.performOperation(CommandContext.java:97)
	at org.activiti.engine.impl.persistence.entity.ExecutionEntity.performOperationSync(ExecutionEntity.java:636)
	at org.activiti.engine.impl.persistence.entity.ExecutionEntity.performOperation(ExecutionEntity.java:629)
	at org.activiti.engine.impl.pvm.runtime.AtomicOperationTransitionNotifyListenerStart.eventNotificationsCompleted(AtomicOperationTransitionNotifyListenerStart.java:52)
	at org.activiti.engine.impl.pvm.runtime.AbstractEventAtomicOperation.execute(AbstractEventAtomicOperation.java:56)
	at org.activiti.engine.impl.interceptor.CommandContext.performOperation(CommandContext.java:97)
	at org.activiti.engine.impl.persistence.entity.ExecutionEntity.performOperationSync(ExecutionEntity.java:636)
	at org.activiti.engine.impl.persistence.entity.ExecutionEntity.performOperation(ExecutionEntity.java:629)
	at org.activiti.engine.impl.pvm.runtime.AbstractEventAtomicOperation.execute(AbstractEventAtomicOperation.java:49)
	at org.activiti.engine.impl.interceptor.CommandContext.performOperation(CommandContext.java:97)
	at org.activiti.engine.impl.persistence.entity.ExecutionEntity.performOperationSync(ExecutionEntity.java:636)
	at org.activiti.engine.impl.persistence.entity.ExecutionEntity.performOperation(ExecutionEntity.java:629)
	at org.activiti.engine.impl.pvm.runtime.AtomicOperationTransitionCreateScope.execute(AtomicOperationTransitionCreateScope.java:49)
	at org.activiti.engine.impl.interceptor.CommandContext.performOperation(CommandContext.java:97)
	at org.activiti.engine.impl.persistence.entity.ExecutionEntity.performOperationSync(ExecutionEntity.java:636)
	at org.activiti.engine.impl.persistence.entity.ExecutionEntity.performOperation(ExecutionEntity.java:629)
	at org.activiti.engine.impl.pvm.runtime.AtomicOperationTransitionNotifyListenerTake.execute(AtomicOperationTransitionNotifyListenerTake.java:80)
	at org.activiti.engine.impl.interceptor.CommandContext.performOperation(CommandContext.java:97)
	at org.activiti.engine.impl.persistence.entity.ExecutionEntity.performOperationSync(ExecutionEntity.java:636)
	at org.activiti.engine.impl.persistence.entity.ExecutionEntity.performOperation(ExecutionEntity.java:629)
	at org.activiti.engine.impl.pvm.runtime.AtomicOperationTransitionDestroyScope.execute(AtomicOperationTransitionDestroyScope.java:116)
	at org.activiti.engine.impl.interceptor.CommandContext.performOperation(CommandContext.java:97)
	at org.activiti.engine.impl.persistence.entity.ExecutionEntity.performOperationSync(ExecutionEntity.java:636)
	at org.activiti.engine.impl.persistence.entity.ExecutionEntity.performOperation(ExecutionEntity.java:629)
	at org.activiti.engine.impl.pvm.runtime.AtomicOperationTransitionNotifyListenerEnd.eventNotificationsCompleted(AtomicOperationTransitionNotifyListenerEnd.java:35)
	at org.activiti.engine.impl.pvm.runtime.AbstractEventAtomicOperation.execute(AbstractEventAtomicOperation.java:56)
	at org.activiti.engine.impl.interceptor.CommandContext.performOperation(CommandContext.java:97)
	at org.activiti.engine.impl.persistence.entity.ExecutionEntity.performOperationSync(ExecutionEntity.java:636)
	at org.activiti.engine.impl.persistence.entity.ExecutionEntity.performOperation(ExecutionEntity.java:629)
	at org.activiti.engine.impl.pvm.runtime.AbstractEventAtomicOperation.execute(AbstractEventAtomicOperation.java:49)
	at org.activiti.engine.impl.interceptor.CommandContext.performOperation(CommandContext.java:97)
	at org.activiti.engine.impl.persistence.entity.ExecutionEntity.performOperationSync(ExecutionEntity.java:636)
	at org.activiti.engine.impl.persistence.entity.ExecutionEntity.performOperation(ExecutionEntity.java:629)
	at org.activiti.engine.impl.persistence.entity.ExecutionEntity.take(ExecutionEntity.java:453)
	at org.activiti.engine.impl.persistence.entity.ExecutionEntity.take(ExecutionEntity.java:431)
	at org.activiti.engine.impl.bpmn.behavior.BpmnActivityBehavior.performOutgoingBehavior(BpmnActivityBehavior.java:140)
	at org.activiti.engine.impl.bpmn.behavior.BpmnActivityBehavior.performDefaultOutgoingBehavior(BpmnActivityBehavior.java:66)
	at org.activiti.engine.impl.bpmn.behavior.FlowNodeActivityBehavior.leave(FlowNodeActivityBehavior.java:44)
	at org.activiti.engine.impl.bpmn.behavior.FlowNodeActivityBehavior.execute(FlowNodeActivityBehavior.java:36)
	at org.activiti.engine.impl.pvm.runtime.AtomicOperationActivityExecute.execute(AtomicOperationActivityExecute.java:60)
	at org.activiti.engine.impl.interceptor.CommandContext.performOperation(CommandContext.java:97)
	at org.activiti.engine.impl.persistence.entity.ExecutionEntity.performOperationSync(ExecutionEntity.java:636)
	at org.activiti.engine.impl.persistence.entity.ExecutionEntity.performOperation(ExecutionEntity.java:629)
	at org.activiti.engine.impl.pvm.runtime.AtomicOperationActivityStart.eventNotificationsCompleted(AtomicOperationActivityStart.java:26)
	at org.activiti.engine.impl.pvm.runtime.AbstractEventAtomicOperation.execute(AbstractEventAtomicOperation.java:56)
	at org.activiti.engine.impl.interceptor.CommandContext.performOperation(CommandContext.java:97)
	at org.activiti.engine.impl.persistence.entity.ExecutionEntity.performOperationSync(ExecutionEntity.java:636)
	at org.activiti.engine.impl.persistence.entity.ExecutionEntity.performOperation(ExecutionEntity.java:629)
	at org.activiti.engine.impl.persistence.entity.ExecutionEntity.executeActivity(ExecutionEntity.java:458)
	at org.activiti.engine.impl.bpmn.behavior.SubProcessActivityBehavior.execute(SubProcessActivityBehavior.java:55)
	at org.activiti.engine.impl.pvm.runtime.AtomicOperationActivityExecute.execute(AtomicOperationActivityExecute.java:60)
	at org.activiti.engine.impl.interceptor.CommandContext.performOperation(CommandContext.java:97)
	at org.activiti.engine.impl.persistence.entity.ExecutionEntity.performOperationSync(ExecutionEntity.java:636)
	at org.activiti.engine.impl.persistence.entity.ExecutionEntity.performOperation(ExecutionEntity.java:629)
	at org.activiti.engine.impl.pvm.runtime.AtomicOperationTransitionNotifyListenerStart.eventNotificationsCompleted(AtomicOperationTransitionNotifyListenerStart.java:52)
	at org.activiti.engine.impl.pvm.runtime.AbstractEventAtomicOperation.execute(AbstractEventAtomicOperation.java:56)
	at org.activiti.engine.impl.interceptor.CommandContext.performOperation(CommandContext.java:97)
	at org.activiti.engine.impl.persistence.entity.ExecutionEntity.performOperationSync(ExecutionEntity.java:636)
	at org.activiti.engine.impl.persistence.entity.ExecutionEntity.performOperation(ExecutionEntity.java:629)
	at org.activiti.engine.impl.pvm.runtime.AbstractEventAtomicOperation.execute(AbstractEventAtomicOperation.java:49)
	at org.activiti.engine.impl.interceptor.CommandContext.performOperation(CommandContext.java:97)
	at org.activiti.engine.impl.persistence.entity.ExecutionEntity.performOperationSync(ExecutionEntity.java:636)
	at org.activiti.engine.impl.persistence.entity.ExecutionEntity.performOperation(ExecutionEntity.java:629)
	at org.activiti.engine.impl.pvm.runtime.AtomicOperationTransitionCreateScope.execute(AtomicOperationTransitionCreateScope.java:49)
	at org.activiti.engine.impl.interceptor.CommandContext.performOperation(CommandContext.java:97)
	at org.activiti.engine.impl.persistence.entity.ExecutionEntity.performOperationSync(ExecutionEntity.java:636)
	at org.activiti.engine.impl.persistence.entity.ExecutionEntity.performOperation(ExecutionEntity.java:629)
	at org.activiti.engine.impl.pvm.runtime.AtomicOperationTransitionNotifyListenerTake.execute(AtomicOperationTransitionNotifyListenerTake.java:80)
	at org.activiti.engine.impl.interceptor.CommandContext.performOperation(CommandContext.java:97)
	at org.activiti.engine.impl.persistence.entity.ExecutionEntity.performOperationSync(ExecutionEntity.java:636)
	at org.activiti.engine.impl.persistence.entity.ExecutionEntity.performOperation(ExecutionEntity.java:629)
	at org.activiti.engine.impl.pvm.runtime.AtomicOperationTransitionDestroyScope.execute(AtomicOperationTransitionDestroyScope.java:116)
	at org.activiti.engine.impl.interceptor.CommandContext.performOperation(CommandContext.java:97)
	at org.activiti.engine.impl.persistence.entity.ExecutionEntity.performOperationSync(ExecutionEntity.java:636)
	at org.activiti.engine.impl.persistence.entity.ExecutionEntity.performOperation(ExecutionEntity.java:629)
	at org.activiti.engine.impl.pvm.runtime.AtomicOperationTransitionNotifyListenerEnd.eventNotificationsCompleted(AtomicOperationTransitionNotifyListenerEnd.java:35)
	at org.activiti.engine.impl.pvm.runtime.AbstractEventAtomicOperation.execute(AbstractEventAtomicOperation.java:56)
	at org.activiti.engine.impl.interceptor.CommandContext.performOperation(CommandContext.java:97)
	at org.activiti.engine.impl.persistence.entity.ExecutionEntity.performOperationSync(ExecutionEntity.java:636)
	at org.activiti.engine.impl.persistence.entity.ExecutionEntity.performOperation(ExecutionEntity.java:629)
	at org.activiti.engine.impl.pvm.runtime.AbstractEventAtomicOperation.execute(AbstractEventAtomicOperation.java:49)
	at org.activiti.engine.impl.interceptor.CommandContext.performOperation(CommandContext.java:97)
	at org.activiti.engine.impl.persistence.entity.ExecutionEntity.performOperationSync(ExecutionEntity.java:636)
	at org.activiti.engine.impl.persistence.entity.ExecutionEntity.performOperation(ExecutionEntity.java:629)
	at org.activiti.engine.impl.persistence.entity.ExecutionEntity.take(ExecutionEntity.java:453)
	at org.activiti.engine.impl.persistence.entity.ExecutionEntity.take(ExecutionEntity.java:431)
	at org.activiti.engine.impl.bpmn.behavior.BpmnActivityBehavior.performOutgoingBehavior(BpmnActivityBehavior.java:140)
	at org.activiti.engine.impl.bpmn.behavior.BpmnActivityBehavior.performDefaultOutgoingBehavior(BpmnActivityBehavior.java:66)
	at org.activiti.engine.impl.bpmn.behavior.FlowNodeActivityBehavior.leave(FlowNodeActivityBehavior.java:44)
	at org.activiti.engine.impl.bpmn.behavior.FlowNodeActivityBehavior.execute(FlowNodeActivityBehavior.java:36)
	at org.activiti.engine.impl.pvm.runtime.AtomicOperationActivityExecute.execute(AtomicOperationActivityExecute.java:60)
	at org.activiti.engine.impl.interceptor.CommandContext.performOperation(CommandContext.java:97)
	at org.activiti.engine.impl.persistence.entity.ExecutionEntity.performOperationSync(ExecutionEntity.java:636)
	at org.activiti.engine.impl.persistence.entity.ExecutionEntity.performOperation(ExecutionEntity.java:629)
	at org.activiti.engine.impl.pvm.runtime.AtomicOperationProcessStartInitial.eventNotificationsCompleted(AtomicOperationProcessStartInitial.java:45)
	at org.activiti.engine.impl.pvm.runtime.AbstractEventAtomicOperation.execute(AbstractEventAtomicOperation.java:56)
	at org.activiti.engine.impl.interceptor.CommandContext.performOperation(CommandContext.java:97)
	at org.activiti.engine.impl.persistence.entity.ExecutionEntity.performOperationSync(ExecutionEntity.java:636)
	at org.activiti.engine.impl.persistence.entity.ExecutionEntity.performOperation(ExecutionEntity.java:629)
	at org.activiti.engine.impl.pvm.runtime.AtomicOperationProcessStart.eventNotificationsCompleted(AtomicOperationProcessStart.java:64)
	at org.activiti.engine.impl.pvm.runtime.AbstractEventAtomicOperation.execute(AbstractEventAtomicOperation.java:56)
	at org.activiti.engine.impl.interceptor.CommandContext.performOperation(CommandContext.java:97)
	at org.activiti.engine.impl.persistence.entity.ExecutionEntity.performOperationSync(ExecutionEntity.java:636)
	at org.activiti.engine.impl.persistence.entity.ExecutionEntity.performOperation(ExecutionEntity.java:629)
	at org.activiti.engine.impl.persistence.entity.ExecutionEntity.start(ExecutionEntity.java:381)
	at org.activiti.engine.impl.cmd.StartProcessInstanceCmd.execute(StartProcessInstanceCmd.java:110)
	at org.activiti.engine.impl.cmd.StartProcessInstanceCmd.execute(StartProcessInstanceCmd.java:37)
	at org.activiti.engine.impl.interceptor.CommandInvoker.execute(CommandInvoker.java:24)
	at org.activiti.engine.impl.interceptor.CommandContextInterceptor.execute(CommandContextInterceptor.java:57)
	at org.activiti.engine.impl.interceptor.LogInterceptor.execute(LogInterceptor.java:37)
	at org.activiti.engine.impl.cfg.CommandExecutorImpl.execute(CommandExecutorImpl.java:40)
	at org.activiti.engine.impl.cfg.CommandExecutorImpl.execute(CommandExecutorImpl.java:35)
	at org.activiti.engine.impl.RuntimeServiceImpl.startProcessInstanceByKey(RuntimeServiceImpl.java:69)
	at org.activiti.engine.test.bpmn.subprocess.SubProcessTest.testTwoNestedSubProcessesInParallelWithTimer(SubProcessTest.java:304)
	at sun.reflect.NativeMethodAccessorImpl.invoke0(Native Method)
	at sun.reflect.NativeMethodAccessorImpl.invoke(NativeMethodAccessorImpl.java:62)
	at sun.reflect.DelegatingMethodAccessorImpl.invoke(DelegatingMethodAccessorImpl.java:43)
	at java.lang.reflect.Method.invoke(Method.java:498)
	at junit.framework.TestCase.runTest(TestCase.java:176)
	at org.activiti.engine.impl.test.PvmTestCase.runTest(PvmTestCase.java:65)
	at junit.framework.TestCase.runBare(TestCase.java:141)
	at org.activiti.engine.impl.test.AbstractActivitiTestCase.runBare(AbstractActivitiTestCase.java:100)
	at junit.framework.TestResult$1.protect(TestResult.java:122)
	at junit.framework.TestResult.runProtected(TestResult.java:142)
	at junit.framework.TestResult.run(TestResult.java:125)
	at junit.framework.TestCase.run(TestCase.java:129)
	at junit.framework.TestSuite.runTest(TestSuite.java:255)
	at junit.framework.TestSuite.run(TestSuite.java:250)
	at org.junit.internal.runners.JUnit38ClassRunner.run(JUnit38ClassRunner.java:84)
	at org.apache.maven.surefire.junit4.JUnit4TestSet.execute(JUnit4TestSet.java:35)
	at org.apache.maven.surefire.junit4.JUnit4Provider.executeTestSet(JUnit4Provider.java:146)
	at org.apache.maven.surefire.junit4.JUnit4Provider.invoke(JUnit4Provider.java:97)
	at sun.reflect.NativeMethodAccessorImpl.invoke0(Native Method)
	at sun.reflect.NativeMethodAccessorImpl.invoke(NativeMethodAccessorImpl.java:62)
	at sun.reflect.DelegatingMethodAccessorImpl.invoke(DelegatingMethodAccessorImpl.java:43)
	at java.lang.reflect.Method.invoke(Method.java:498)
	at org.apache.maven.surefire.booter.ProviderFactory$ClassLoaderProxy.invoke(ProviderFactory.java:103)
	at com.sun.proxy.$Proxy0.invoke(Unknown Source)
	at org.apache.maven.surefire.booter.SurefireStarter.invokeProvider(SurefireStarter.java:145)
	at org.apache.maven.surefire.booter.SurefireStarter.runSuitesInProcess(SurefireStarter.java:87)
	at org.apache.maven.surefire.booter.ForkedBooter.main(ForkedBooter.java:69)
Caused by: org.h2.jdbc.JdbcSQLException: Syntax error in SQL statement &quot;SELECT RES.* 
     
    FROM ACT_HI_ACTINST RES
     WHERE  RES.EXECUTION_ID_ = ?
      
      
      
        AND RES.ACT_ID_ = ?
      
      
      
      
      
      
      
      
        AND RES.END_TIME_ IS NULL 
   
     ORDER BY  ORDER[*] BY RES.ID_ ASC  
    LIMIT ? OFFSET ? &quot;; expected &quot;=, NOT, EXISTS, INTERSECTS, SELECT, FROM&quot;; SQL statement:
select RES.* 
     
    from ACT_HI_ACTINST RES
     WHERE  RES.EXECUTION_ID_ = ?
      
      
      
        and RES.ACT_ID_ = ?
      
      
      
      
      
      
      
      
        and RES.END_TIME_ is null 
   
     order by  order by RES.ID_ asc  
    LIMIT ? OFFSET ? [42001-176]
	at org.h2.message.DbException.getJdbcSQLException(DbException.java:344)
	at org.h2.message.DbException.getSyntaxError(DbException.java:204)
	at org.h2.command.Parser.getSyntaxError(Parser.java:524)
	at org.h2.command.Parser.readTerm(Parser.java:2688)
	at org.h2.command.Parser.readFactor(Parser.java:2244)
	at org.h2.command.Parser.readSum(Parser.java:2231)
	at org.h2.command.Parser.readConcat(Parser.java:2201)
	at org.h2.command.Parser.readCondition(Parser.java:2051)
	at org.h2.command.Parser.readAnd(Parser.java:2023)
	at org.h2.command.Parser.readExpression(Parser.java:2015)
	at org.h2.command.Parser.parseEndOfQuery(Parser.java:1726)
	at org.h2.command.Parser.parseSelectUnionExtension(Parser.java:1706)
	at org.h2.command.Parser.parseSelectUnion(Parser.java:1675)
	at org.h2.command.Parser.parseSelect(Parser.java:1662)
	at org.h2.command.Parser.parsePrepared(Parser.java:434)
	at org.h2.command.Parser.parse(Parser.java:306)
	at org.h2.command.Parser.parse(Parser.java:282)
	at org.h2.command.Parser.prepareCommand(Parser.java:243)
	at org.h2.engine.Session.prepareLocal(Session.java:442)
	at org.h2.engine.Session.prepareCommand(Session.java:384)
	at org.h2.jdbc.JdbcConnection.prepareCommand(JdbcConnection.java:1188)
	at org.h2.jdbc.JdbcPreparedStatement.&lt;init&gt;(JdbcPreparedStatement.java:73)
	at org.h2.jdbc.JdbcConnection.prepareStatement(JdbcConnection.java:276)
	at sun.reflect.GeneratedMethodAccessor6.invoke(Unknown Source)
	at sun.reflect.DelegatingMethodAccessorImpl.invoke(DelegatingMethodAccessorImpl.java:43)
	at java.lang.reflect.Method.invoke(Method.java:498)
	at org.apache.ibatis.datasource.pooled.PooledConnection.invoke(PooledConnection.java:245)
	at com.sun.proxy.$Proxy12.prepareStatement(Unknown Source)
	at sun.reflect.GeneratedMethodAccessor6.invoke(Unknown Source)
	at sun.reflect.DelegatingMethodAccessorImpl.invoke(DelegatingMethodAccessorImpl.java:43)
	at java.lang.reflect.Method.invoke(Method.java:498)
	at org.apache.ibatis.logging.jdbc.ConnectionLogger.invoke(ConnectionLogger.java:55)
	at com.sun.proxy.$Proxy12.prepareStatement(Unknown Source)
	at org.apache.ibatis.executor.statement.PreparedStatementHandler.instantiateStatement(PreparedStatementHandler.java:79)
	at org.apache.ibatis.executor.statement.BaseStatementHandler.prepare(BaseStatementHandler.java:88)
	at org.apache.ibatis.executor.statement.RoutingStatementHandler.prepare(RoutingStatementHandler.java:58)
	at org.apache.ibatis.executor.SimpleExecutor.prepareStatement(SimpleExecutor.java:76)
	at org.apache.ibatis.executor.SimpleExecutor.doQuery(SimpleExecutor.java:61)
	at org.apache.ibatis.executor.BaseExecutor.queryFromDatabase(BaseExecutor.java:303)
	at org.apache.ibatis.executor.BaseExecutor.query(BaseExecutor.java:154)
	at org.apache.ibatis.executor.CachingExecutor.query(CachingExecutor.java:102)
	at org.apache.ibatis.executor.CachingExecutor.query(CachingExecutor.java:82)
	at org.apache.ibatis.session.defaults.DefaultSqlSession.selectList(DefaultSqlSession.java:120)
	... 160 more
10:47:09,853 [main] DEBUG org.activiti.engine.impl.cfg.standalone.StandaloneMybatisTransactionContext  - firing event rolling back...
10:47:09,853 [main] DEBUG org.activiti.engine.impl.cfg.standalone.StandaloneMybatisTransactionContext  - rolling back ibatis sql session...
10:47:09,853 [main] DEBUG org.activiti.engine.impl.cfg.standalone.StandaloneMybatisTransactionContext  - firing event rolled back...
10:47:09,853 [main] DEBUG org.apache.ibatis.transaction.jdbc.JdbcTransaction  - Resetting autocommit to true on JDBC Connection [conn3: url=jdbc:h2:mem:activiti user=SA]
10:47:09,853 [main] DEBUG org.apache.ibatis.transaction.jdbc.JdbcTransaction  - Closing JDBC Connection [conn3: url=jdbc:h2:mem:activiti user=SA]
10:47:09,853 [main] DEBUG org.apache.ibatis.datasource.pooled.PooledDataSource  - Returned connection 180014677 to pool.
10:47:09,853 [main] DEBUG org.activiti.engine.impl.interceptor.LogInterceptor  - --- StartProcessInstanceCmd finished --------------------------------------------------------
10:47:09,853 [main] DEBUG org.activiti.engine.impl.interceptor.LogInterceptor  - 

10:47:09,853 [main] ERROR org.activiti.engine.impl.test.PvmTestCase  - 

10:47:09,853 [main] ERROR org.activiti.engine.impl.test.PvmTestCase  - EXCEPTION: org.apache.ibatis.exceptions.PersistenceException: 
### Error querying database.  Cause: org.h2.jdbc.JdbcSQLException: Syntax error in SQL statement &quot;SELECT RES.* 
     
    FROM ACT_HI_ACTINST RES
     WHERE  RES.EXECUTION_ID_ = ?
      
      
      
        AND RES.ACT_ID_ = ?
      
      
      
      
      
      
      
      
        AND RES.END_TIME_ IS NULL 
   
     ORDER BY  ORDER[*] BY RES.ID_ ASC  
    LIMIT ? OFFSET ? &quot;; expected &quot;=, NOT, EXISTS, INTERSECTS, SELECT, FROM&quot;; SQL statement:
select RES.* 
     
    from ACT_HI_ACTINST RES
     WHERE  RES.EXECUTION_ID_ = ?
      
      
      
        and RES.ACT_ID_ = ?
      
      
      
      
      
      
      
      
        and RES.END_TIME_ is null 
   
     order by  order by RES.ID_ asc  
    LIMIT ? OFFSET ? [42001-176]
### The error may exist in org/activiti/db/mapping/entity/HistoricActivityInstance.xml
### The error may involve org.activiti.engine.impl.persistence.entity.HistoricActivityInstanceEntity.selectHistoricActivityInstancesByQueryCriteria
### The error occurred while executing a query
### SQL: select RES.*            from ACT_HI_ACTINST RES      WHERE  RES.EXECUTION_ID_ = ?                              and RES.ACT_ID_ = ?                                                                 and RES.END_TIME_ is null           order by  order by RES.ID_ asc       LIMIT ? OFFSET ?
### Cause: org.h2.jdbc.JdbcSQLException: Syntax error in SQL statement &quot;SELECT RES.* 
     
    FROM ACT_HI_ACTINST RES
     WHERE  RES.EXECUTION_ID_ = ?
      
      
      
        AND RES.ACT_ID_ = ?
      
      
      
      
      
      
      
      
        AND RES.END_TIME_ IS NULL 
   
     ORDER BY  ORDER[*] BY RES.ID_ ASC  
    LIMIT ? OFFSET ? &quot;; expected &quot;=, NOT, EXISTS, INTERSECTS, SELECT, FROM&quot;; SQL statement:
select RES.* 
     
    from ACT_HI_ACTINST RES
     WHERE  RES.EXECUTION_ID_ = ?
      
      
      
        and RES.ACT_ID_ = ?
      
      
      
      
      
      
      
      
        and RES.END_TIME_ is null 
   
     order by  order by RES.ID_ asc  
    LIMIT ? OFFSET ? [42001-176]
org.apache.ibatis.exceptions.PersistenceException: 
### Error querying database.  Cause: org.h2.jdbc.JdbcSQLException: Syntax error in SQL statement &quot;SELECT RES.* 
     
    FROM ACT_HI_ACTINST RES
     WHERE  RES.EXECUTION_ID_ = ?
      
      
      
        AND RES.ACT_ID_ = ?
      
      
      
      
      
      
      
      
        AND RES.END_TIME_ IS NULL 
   
     ORDER BY  ORDER[*] BY RES.ID_ ASC  
    LIMIT ? OFFSET ? &quot;; expected &quot;=, NOT, EXISTS, INTERSECTS, SELECT, FROM&quot;; SQL statement:
select RES.* 
     
    from ACT_HI_ACTINST RES
     WHERE  RES.EXECUTION_ID_ = ?
      
      
      
        and RES.ACT_ID_ = ?
      
      
      
      
      
      
      
      
        and RES.END_TIME_ is null 
   
     order by  order by RES.ID_ asc  
    LIMIT ? OFFSET ? [42001-176]
### The error may exist in org/activiti/db/mapping/entity/HistoricActivityInstance.xml
### The error may involve org.activiti.engine.impl.persistence.entity.HistoricActivityInstanceEntity.selectHistoricActivityInstancesByQueryCriteria
### The error occurred while executing a query
### SQL: select RES.*            from ACT_HI_ACTINST RES      WHERE  RES.EXECUTION_ID_ = ?                              and RES.ACT_ID_ = ?                                                                 and RES.END_TIME_ is null           order by  order by RES.ID_ asc       LIMIT ? OFFSET ?
### Cause: org.h2.jdbc.JdbcSQLException: Syntax error in SQL statement &quot;SELECT RES.* 
     
    FROM ACT_HI_ACTINST RES
     WHERE  RES.EXECUTION_ID_ = ?
      
      
      
        AND RES.ACT_ID_ = ?
      
      
      
      
      
      
      
      
        AND RES.END_TIME_ IS NULL 
   
     ORDER BY  ORDER[*] BY RES.ID_ ASC  
    LIMIT ? OFFSET ? &quot;; expected &quot;=, NOT, EXISTS, INTERSECTS, SELECT, FROM&quot;; SQL statement:
select RES.* 
     
    from ACT_HI_ACTINST RES
     WHERE  RES.EXECUTION_ID_ = ?
      
      
      
        and RES.ACT_ID_ = ?
      
      
      
      
      
      
      
      
        and RES.END_TIME_ is null 
   
     order by  order by RES.ID_ asc  
    LIMIT ? OFFSET ? [42001-176]
	at org.apache.ibatis.exceptions.ExceptionFactory.wrapException(ExceptionFactory.java:30)
	at org.apache.ibatis.session.defaults.DefaultSqlSession.selectList(DefaultSqlSession.java:122)
	at org.apache.ibatis.session.defaults.DefaultSqlSession.selectList(DefaultSqlSession.java:113)
	at org.activiti.engine.impl.db.DbSqlSession.selectListWithRawParameter(DbSqlSession.java:438)
	at org.activiti.engine.impl.db.DbSqlSession.selectList(DbSqlSession.java:429)
	at org.activiti.engine.impl.db.DbSqlSession.selectList(DbSqlSession.java:419)
	at org.activiti.engine.impl.persistence.entity.HistoricActivityInstanceEntityManager.findHistoricActivityInstancesByQueryCriteria(HistoricActivityInstanceEntityManager.java:56)
	at org.activiti.engine.impl.HistoricActivityInstanceQueryImpl.executeList(HistoricActivityInstanceQueryImpl.java:70)
	at org.activiti.engine.impl.AbstractQuery.listPage(AbstractQuery.java:151)
	at org.activiti.engine.impl.history.DefaultHistoryManager.findActivityInstance(DefaultHistoryManager.java:355)
	at org.activiti.engine.impl.history.DefaultHistoryManager.recordActivityEnd(DefaultHistoryManager.java:281)
	at org.activiti.engine.impl.history.handler.ActivityInstanceEndHandler.notify(ActivityInstanceEndHandler.java:29)
	at org.activiti.engine.impl.pvm.runtime.AbstractEventAtomicOperation.execute(AbstractEventAtomicOperation.java:42)
	at org.activiti.engine.impl.interceptor.CommandContext.performOperation(CommandContext.java:97)
	at org.activiti.engine.impl.persistence.entity.ExecutionEntity.performOperationSync(ExecutionEntity.java:636)
	at org.activiti.engine.impl.persistence.entity.ExecutionEntity.performOperation(ExecutionEntity.java:629)
	at org.activiti.engine.impl.persistence.entity.ExecutionEntity.take(ExecutionEntity.java:453)
	at org.activiti.engine.impl.pvm.runtime.OutgoingExecution.take(OutgoingExecution.java:48)
	at org.activiti.engine.impl.persistence.entity.ExecutionEntity.takeAll(ExecutionEntity.java:589)
	at org.activiti.engine.impl.bpmn.behavior.ParallelGatewayActivityBehavior.execute(ParallelGatewayActivityBehavior.java:78)
	at org.activiti.engine.impl.pvm.runtime.AtomicOperationActivityExecute.execute(AtomicOperationActivityExecute.java:60)
	at org.activiti.engine.impl.interceptor.CommandContext.performOperation(CommandContext.java:97)
	at org.activiti.engine.impl.persistence.entity.ExecutionEntity.performOperationSync(ExecutionEntity.java:636)
	at org.activiti.engine.impl.persistence.entity.ExecutionEntity.performOperation(ExecutionEntity.java:629)
	at org.activiti.engine.impl.pvm.runtime.AtomicOperationTransitionNotifyListenerStart.eventNotificationsCompleted(AtomicOperationTransitionNotifyListenerStart.java:52)
	at org.activiti.engine.impl.pvm.runtime.AbstractEventAtomicOperation.execute(AbstractEventAtomicOperation.java:56)
	at org.activiti.engine.impl.interceptor.CommandContext.performOperation(CommandContext.java:97)
	at org.activiti.engine.impl.persistence.entity.ExecutionEntity.performOperationSync(ExecutionEntity.java:636)
	at org.activiti.engine.impl.persistence.entity.ExecutionEntity.performOperation(ExecutionEntity.java:629)
	at org.activiti.engine.impl.pvm.runtime.AbstractEventAtomicOperation.execute(AbstractEventAtomicOperation.java:49)
	at org.activiti.engine.impl.interceptor.CommandContext.performOperation(CommandContext.java:97)
	at org.activiti.engine.impl.persistence.entity.ExecutionEntity.performOperationSync(ExecutionEntity.java:636)
	at org.activiti.engine.impl.persistence.entity.ExecutionEntity.performOperation(ExecutionEntity.java:629)
	at org.activiti.engine.impl.pvm.runtime.AtomicOperationTransitionCreateScope.execute(AtomicOperationTransitionCreateScope.java:49)
	at org.activiti.engine.impl.interceptor.CommandContext.performOperation(CommandContext.java:97)
	at org.activiti.engine.impl.persistence.entity.ExecutionEntity.performOperationSync(ExecutionEntity.java:636)
	at org.activiti.engine.impl.persistence.entity.ExecutionEntity.performOperation(ExecutionEntity.java:629)
	at org.activiti.engine.impl.pvm.runtime.AtomicOperationTransitionNotifyListenerTake.execute(AtomicOperationTransitionNotifyListenerTake.java:80)
	at org.activiti.engine.impl.interceptor.CommandContext.performOperation(CommandContext.java:97)
	at org.activiti.engine.impl.persistence.entity.ExecutionEntity.performOperationSync(ExecutionEntity.java:636)
	at org.activiti.engine.impl.persistence.entity.ExecutionEntity.performOperation(ExecutionEntity.java:629)
	at org.activiti.engine.impl.pvm.runtime.AtomicOperationTransitionDestroyScope.execute(AtomicOperationTransitionDestroyScope.java:116)
	at org.activiti.engine.impl.interceptor.CommandContext.performOperation(CommandContext.java:97)
	at org.activiti.engine.impl.persistence.entity.ExecutionEntity.performOperationSync(ExecutionEntity.java:636)
	at org.activiti.engine.impl.persistence.entity.ExecutionEntity.performOperation(ExecutionEntity.java:629)
	at org.activiti.engine.impl.pvm.runtime.AtomicOperationTransitionNotifyListenerEnd.eventNotificationsCompleted(AtomicOperationTransitionNotifyListenerEnd.java:35)
	at org.activiti.engine.impl.pvm.runtime.AbstractEventAtomicOperation.execute(AbstractEventAtomicOperation.java:56)
	at org.activiti.engine.impl.interceptor.CommandContext.performOperation(CommandContext.java:97)
	at org.activiti.engine.impl.persistence.entity.ExecutionEntity.performOperationSync(ExecutionEntity.java:636)
	at org.activiti.engine.impl.persistence.entity.ExecutionEntity.performOperation(ExecutionEntity.java:629)
	at org.activiti.engine.impl.pvm.runtime.AbstractEventAtomicOperation.execute(AbstractEventAtomicOperation.java:49)
	at org.activiti.engine.impl.interceptor.CommandContext.performOperation(CommandContext.java:97)
	at org.activiti.engine.impl.persistence.entity.ExecutionEntity.performOperationSync(ExecutionEntity.java:636)
	at org.activiti.engine.impl.persistence.entity.ExecutionEntity.performOperation(ExecutionEntity.java:629)
	at org.activiti.engine.impl.persistence.entity.ExecutionEntity.take(ExecutionEntity.java:453)
	at org.activiti.engine.impl.persistence.entity.ExecutionEntity.take(ExecutionEntity.java:431)
	at org.activiti.engine.impl.bpmn.behavior.BpmnActivityBehavior.performOutgoingBehavior(BpmnActivityBehavior.java:140)
	at org.activiti.engine.impl.bpmn.behavior.BpmnActivityBehavior.performDefaultOutgoingBehavior(BpmnActivityBehavior.java:66)
	at org.activiti.engine.impl.bpmn.behavior.FlowNodeActivityBehavior.leave(FlowNodeActivityBehavior.java:44)
	at org.activiti.engine.impl.bpmn.behavior.FlowNodeActivityBehavior.execute(FlowNodeActivityBehavior.java:36)
	at org.activiti.engine.impl.pvm.runtime.AtomicOperationActivityExecute.execute(AtomicOperationActivityExecute.java:60)
	at org.activiti.engine.impl.interceptor.CommandContext.performOperation(CommandContext.java:97)
	at org.activiti.engine.impl.persistence.entity.ExecutionEntity.performOperationSync(ExecutionEntity.java:636)
	at org.activiti.engine.impl.persistence.entity.ExecutionEntity.performOperation(ExecutionEntity.java:629)
	at org.activiti.engine.impl.pvm.runtime.AtomicOperationActivityStart.eventNotificationsCompleted(AtomicOperationActivityStart.java:26)
	at org.activiti.engine.impl.pvm.runtime.AbstractEventAtomicOperation.execute(AbstractEventAtomicOperation.java:56)
	at org.activiti.engine.impl.interceptor.CommandContext.performOperation(CommandContext.java:97)
	at org.activiti.engine.impl.persistence.entity.ExecutionEntity.performOperationSync(ExecutionEntity.java:636)
	at org.activiti.engine.impl.persistence.entity.ExecutionEntity.performOperation(ExecutionEntity.java:629)
	at org.activiti.engine.impl.persistence.entity.ExecutionEntity.executeActivity(ExecutionEntity.java:458)
	at org.activiti.engine.impl.bpmn.behavior.SubProcessActivityBehavior.execute(SubProcessActivityBehavior.java:55)
	at org.activiti.engine.impl.pvm.runtime.AtomicOperationActivityExecute.execute(AtomicOperationActivityExecute.java:60)
	at org.activiti.engine.impl.interceptor.CommandContext.performOperation(CommandContext.java:97)
	at org.activiti.engine.impl.persistence.entity.ExecutionEntity.performOperationSync(ExecutionEntity.java:636)
	at org.activiti.engine.impl.persistence.entity.ExecutionEntity.performOperation(ExecutionEntity.java:629)
	at org.activiti.engine.impl.pvm.runtime.AtomicOperationTransitionNotifyListenerStart.eventNotificationsCompleted(AtomicOperationTransitionNotifyListenerStart.java:52)
	at org.activiti.engine.impl.pvm.runtime.AbstractEventAtomicOperation.execute(AbstractEventAtomicOperation.java:56)
	at org.activiti.engine.impl.interceptor.CommandContext.performOperation(CommandContext.java:97)
	at org.activiti.engine.impl.persistence.entity.ExecutionEntity.performOperationSync(ExecutionEntity.java:636)
	at org.activiti.engine.impl.persistence.entity.ExecutionEntity.performOperation(ExecutionEntity.java:629)
	at org.activiti.engine.impl.pvm.runtime.AbstractEventAtomicOperation.execute(AbstractEventAtomicOperation.java:49)
	at org.activiti.engine.impl.interceptor.CommandContext.performOperation(CommandContext.java:97)
	at org.activiti.engine.impl.persistence.entity.ExecutionEntity.performOperationSync(ExecutionEntity.java:636)
	at org.activiti.engine.impl.persistence.entity.ExecutionEntity.performOperation(ExecutionEntity.java:629)
	at org.activiti.engine.impl.pvm.runtime.AtomicOperationTransitionCreateScope.execute(AtomicOperationTransitionCreateScope.java:49)
	at org.activiti.engine.impl.interceptor.CommandContext.performOperation(CommandContext.java:97)
	at org.activiti.engine.impl.persistence.entity.ExecutionEntity.performOperationSync(ExecutionEntity.java:636)
	at org.activiti.engine.impl.persistence.entity.ExecutionEntity.performOperation(ExecutionEntity.java:629)
	at org.activiti.engine.impl.pvm.runtime.AtomicOperationTransitionNotifyListenerTake.execute(AtomicOperationTransitionNotifyListenerTake.java:80)
	at org.activiti.engine.impl.interceptor.CommandContext.performOperation(CommandContext.java:97)
	at org.activiti.engine.impl.persistence.entity.ExecutionEntity.performOperationSync(ExecutionEntity.java:636)
	at org.activiti.engine.impl.persistence.entity.ExecutionEntity.performOperation(ExecutionEntity.java:629)
	at org.activiti.engine.impl.pvm.runtime.AtomicOperationTransitionDestroyScope.execute(AtomicOperationTransitionDestroyScope.java:116)
	at org.activiti.engine.impl.interceptor.CommandContext.performOperation(CommandContext.java:97)
	at org.activiti.engine.impl.persistence.entity.ExecutionEntity.performOperationSync(ExecutionEntity.java:636)
	at org.activiti.engine.impl.persistence.entity.ExecutionEntity.performOperation(ExecutionEntity.java:629)
	at org.activiti.engine.impl.pvm.runtime.AtomicOperationTransitionNotifyListenerEnd.eventNotificationsCompleted(AtomicOperationTransitionNotifyListenerEnd.java:35)
	at org.activiti.engine.impl.pvm.runtime.AbstractEventAtomicOperation.execute(AbstractEventAtomicOperation.java:56)
	at org.activiti.engine.impl.interceptor.CommandContext.performOperation(CommandContext.java:97)
	at org.activiti.engine.impl.persistence.entity.ExecutionEntity.performOperationSync(ExecutionEntity.java:636)
	at org.activiti.engine.impl.persistence.entity.ExecutionEntity.performOperation(ExecutionEntity.java:629)
	at org.activiti.engine.impl.pvm.runtime.AbstractEventAtomicOperation.execute(AbstractEventAtomicOperation.java:49)
	at org.activiti.engine.impl.interceptor.CommandContext.performOperation(CommandContext.java:97)
	at org.activiti.engine.impl.persistence.entity.ExecutionEntity.performOperationSync(ExecutionEntity.java:636)
	at org.activiti.engine.impl.persistence.entity.ExecutionEntity.performOperation(ExecutionEntity.java:629)
	at org.activiti.engine.impl.persistence.entity.ExecutionEntity.take(ExecutionEntity.java:453)
	at org.activiti.engine.impl.persistence.entity.ExecutionEntity.take(ExecutionEntity.java:431)
	at org.activiti.engine.impl.bpmn.behavior.BpmnActivityBehavior.performOutgoingBehavior(BpmnActivityBehavior.java:140)
	at org.activiti.engine.impl.bpmn.behavior.BpmnActivityBehavior.performDefaultOutgoingBehavior(BpmnActivityBehavior.java:66)
	at org.activiti.engine.impl.bpmn.behavior.FlowNodeActivityBehavior.leave(FlowNodeActivityBehavior.java:44)
	at org.activiti.engine.impl.bpmn.behavior.FlowNodeActivityBehavior.execute(FlowNodeActivityBehavior.java:36)
	at org.activiti.engine.impl.pvm.runtime.AtomicOperationActivityExecute.execute(AtomicOperationActivityExecute.java:60)
	at org.activiti.engine.impl.interceptor.CommandContext.performOperation(CommandContext.java:97)
	at org.activiti.engine.impl.persistence.entity.ExecutionEntity.performOperationSync(ExecutionEntity.java:636)
	at org.activiti.engine.impl.persistence.entity.ExecutionEntity.performOperation(ExecutionEntity.java:629)
	at org.activiti.engine.impl.pvm.runtime.AtomicOperationProcessStartInitial.eventNotificationsCompleted(AtomicOperationProcessStartInitial.java:45)
	at org.activiti.engine.impl.pvm.runtime.AbstractEventAtomicOperation.execute(AbstractEventAtomicOperation.java:56)
	at org.activiti.engine.impl.interceptor.CommandContext.performOperation(CommandContext.java:97)
	at org.activiti.engine.impl.persistence.entity.ExecutionEntity.performOperationSync(ExecutionEntity.java:636)
	at org.activiti.engine.impl.persistence.entity.ExecutionEntity.performOperation(ExecutionEntity.java:629)
	at org.activiti.engine.impl.pvm.runtime.AtomicOperationProcessStart.eventNotificationsCompleted(AtomicOperationProcessStart.java:64)
	at org.activiti.engine.impl.pvm.runtime.AbstractEventAtomicOperation.execute(AbstractEventAtomicOperation.java:56)
	at org.activiti.engine.impl.interceptor.CommandContext.performOperation(CommandContext.java:97)
	at org.activiti.engine.impl.persistence.entity.ExecutionEntity.performOperationSync(ExecutionEntity.java:636)
	at org.activiti.engine.impl.persistence.entity.ExecutionEntity.performOperation(ExecutionEntity.java:629)
	at org.activiti.engine.impl.persistence.entity.ExecutionEntity.start(ExecutionEntity.java:381)
	at org.activiti.engine.impl.cmd.StartProcessInstanceCmd.execute(StartProcessInstanceCmd.java:110)
	at org.activiti.engine.impl.cmd.StartProcessInstanceCmd.execute(StartProcessInstanceCmd.java:37)
	at org.activiti.engine.impl.interceptor.CommandInvoker.execute(CommandInvoker.java:24)
	at org.activiti.engine.impl.interceptor.CommandContextInterceptor.execute(CommandContextInterceptor.java:57)
	at org.activiti.engine.impl.interceptor.LogInterceptor.execute(LogInterceptor.java:37)
	at org.activiti.engine.impl.cfg.CommandExecutorImpl.execute(CommandExecutorImpl.java:40)
	at org.activiti.engine.impl.cfg.CommandExecutorImpl.execute(CommandExecutorImpl.java:35)
	at org.activiti.engine.impl.RuntimeServiceImpl.startProcessInstanceByKey(RuntimeServiceImpl.java:69)
	at org.activiti.engine.test.bpmn.subprocess.SubProcessTest.testTwoNestedSubProcessesInParallelWithTimer(SubProcessTest.java:304)
	at sun.reflect.NativeMethodAccessorImpl.invoke0(Native Method)
	at sun.reflect.NativeMethodAccessorImpl.invoke(NativeMethodAccessorImpl.java:62)
	at sun.reflect.DelegatingMethodAccessorImpl.invoke(DelegatingMethodAccessorImpl.java:43)
	at java.lang.reflect.Method.invoke(Method.java:498)
	at junit.framework.TestCase.runTest(TestCase.java:176)
	at org.activiti.engine.impl.test.PvmTestCase.runTest(PvmTestCase.java:65)
	at junit.framework.TestCase.runBare(TestCase.java:141)
	at org.activiti.engine.impl.test.AbstractActivitiTestCase.runBare(AbstractActivitiTestCase.java:100)
	at junit.framework.TestResult$1.protect(TestResult.java:122)
	at junit.framework.TestResult.runProtected(TestResult.java:142)
	at junit.framework.TestResult.run(TestResult.java:125)
	at junit.framework.TestCase.run(TestCase.java:129)
	at junit.framework.TestSuite.runTest(TestSuite.java:255)
	at junit.framework.TestSuite.run(TestSuite.java:250)
	at org.junit.internal.runners.JUnit38ClassRunner.run(JUnit38ClassRunner.java:84)
	at org.apache.maven.surefire.junit4.JUnit4TestSet.execute(JUnit4TestSet.java:35)
	at org.apache.maven.surefire.junit4.JUnit4Provider.executeTestSet(JUnit4Provider.java:146)
	at org.apache.maven.surefire.junit4.JUnit4Provider.invoke(JUnit4Provider.java:97)
	at sun.reflect.NativeMethodAccessorImpl.invoke0(Native Method)
	at sun.reflect.NativeMethodAccessorImpl.invoke(NativeMethodAccessorImpl.java:62)
	at sun.reflect.DelegatingMethodAccessorImpl.invoke(DelegatingMethodAccessorImpl.java:43)
	at java.lang.reflect.Method.invoke(Method.java:498)
	at org.apache.maven.surefire.booter.ProviderFactory$ClassLoaderProxy.invoke(ProviderFactory.java:103)
	at com.sun.proxy.$Proxy0.invoke(Unknown Source)
	at org.apache.maven.surefire.booter.SurefireStarter.invokeProvider(SurefireStarter.java:145)
	at org.apache.maven.surefire.booter.SurefireStarter.runSuitesInProcess(SurefireStarter.java:87)
	at org.apache.maven.surefire.booter.ForkedBooter.main(ForkedBooter.java:69)
Caused by: org.h2.jdbc.JdbcSQLException: Syntax error in SQL statement &quot;SELECT RES.* 
     
    FROM ACT_HI_ACTINST RES
     WHERE  RES.EXECUTION_ID_ = ?
      
      
      
        AND RES.ACT_ID_ = ?
      
      
      
      
      
      
      
      
        AND RES.END_TIME_ IS NULL 
   
     ORDER BY  ORDER[*] BY RES.ID_ ASC  
    LIMIT ? OFFSET ? &quot;; expected &quot;=, NOT, EXISTS, INTERSECTS, SELECT, FROM&quot;; SQL statement:
select RES.* 
     
    from ACT_HI_ACTINST RES
     WHERE  RES.EXECUTION_ID_ = ?
      
      
      
        and RES.ACT_ID_ = ?
      
      
      
      
      
      
      
      
        and RES.END_TIME_ is null 
   
     order by  order by RES.ID_ asc  
    LIMIT ? OFFSET ? [42001-176]
	at org.h2.message.DbException.getJdbcSQLException(DbException.java:344)
	at org.h2.message.DbException.getSyntaxError(DbException.java:204)
	at org.h2.command.Parser.getSyntaxError(Parser.java:524)
	at org.h2.command.Parser.readTerm(Parser.java:2688)
	at org.h2.command.Parser.readFactor(Parser.java:2244)
	at org.h2.command.Parser.readSum(Parser.java:2231)
	at org.h2.command.Parser.readConcat(Parser.java:2201)
	at org.h2.command.Parser.readCondition(Parser.java:2051)
	at org.h2.command.Parser.readAnd(Parser.java:2023)
	at org.h2.command.Parser.readExpression(Parser.java:2015)
	at org.h2.command.Parser.parseEndOfQuery(Parser.java:1726)
	at org.h2.command.Parser.parseSelectUnionExtension(Parser.java:1706)
	at org.h2.command.Parser.parseSelectUnion(Parser.java:1675)
	at org.h2.command.Parser.parseSelect(Parser.java:1662)
	at org.h2.command.Parser.parsePrepared(Parser.java:434)
	at org.h2.command.Parser.parse(Parser.java:306)
	at org.h2.command.Parser.parse(Parser.java:282)
	at org.h2.command.Parser.prepareCommand(Parser.java:243)
	at org.h2.engine.Session.prepareLocal(Session.java:442)
	at org.h2.engine.Session.prepareCommand(Session.java:384)
	at org.h2.jdbc.JdbcConnection.prepareCommand(JdbcConnection.java:1188)
	at org.h2.jdbc.JdbcPreparedStatement.&lt;init&gt;(JdbcPreparedStatement.java:73)
	at org.h2.jdbc.JdbcConnection.prepareStatement(JdbcConnection.java:276)
	at sun.reflect.GeneratedMethodAccessor6.invoke(Unknown Source)
	at sun.reflect.DelegatingMethodAccessorImpl.invoke(DelegatingMethodAccessorImpl.java:43)
	at java.lang.reflect.Method.invoke(Method.java:498)
	at org.apache.ibatis.datasource.pooled.PooledConnection.invoke(PooledConnection.java:245)
	at com.sun.proxy.$Proxy12.prepareStatement(Unknown Source)
	at sun.reflect.GeneratedMethodAccessor6.invoke(Unknown Source)
	at sun.reflect.DelegatingMethodAccessorImpl.invoke(DelegatingMethodAccessorImpl.java:43)
	at java.lang.reflect.Method.invoke(Method.java:498)
	at org.apache.ibatis.logging.jdbc.ConnectionLogger.invoke(ConnectionLogger.java:55)
	at com.sun.proxy.$Proxy12.prepareStatement(Unknown Source)
	at org.apache.ibatis.executor.statement.PreparedStatementHandler.instantiateStatement(PreparedStatementHandler.java:79)
	at org.apache.ibatis.executor.statement.BaseStatementHandler.prepare(BaseStatementHandler.java:88)
	at org.apache.ibatis.executor.statement.RoutingStatementHandler.prepare(RoutingStatementHandler.java:58)
	at org.apache.ibatis.executor.SimpleExecutor.prepareStatement(SimpleExecutor.java:76)
	at org.apache.ibatis.executor.SimpleExecutor.doQuery(SimpleExecutor.java:61)
	at org.apache.ibatis.executor.BaseExecutor.queryFromDatabase(BaseExecutor.java:303)
	at org.apache.ibatis.executor.BaseExecutor.query(BaseExecutor.java:154)
	at org.apache.ibatis.executor.CachingExecutor.query(CachingExecutor.java:102)
	at org.apache.ibatis.executor.CachingExecutor.query(CachingExecutor.java:82)
	at org.apache.ibatis.session.defaults.DefaultSqlSession.selectList(DefaultSqlSession.java:120)
	... 160 more
10:47:09,853 [main] DEBUG org.activiti.engine.impl.test.PvmTestCase  - #### END SubProcessTest.testTwoNestedSubProcessesInParallelWithTimer #############################################################
10:47:09,853 [main] ERROR org.activiti.engine.impl.test.PvmTestCase  - 

10:47:09,853 [main] ERROR org.activiti.engine.impl.test.PvmTestCase  - EXCEPTION: org.apache.ibatis.exceptions.PersistenceException: 
### Error querying database.  Cause: org.h2.jdbc.JdbcSQLException: Syntax error in SQL statement &quot;SELECT RES.* 
     
    FROM ACT_HI_ACTINST RES
     WHERE  RES.EXECUTION_ID_ = ?
      
      
      
        AND RES.ACT_ID_ = ?
      
      
      
      
      
      
      
      
        AND RES.END_TIME_ IS NULL 
   
     ORDER BY  ORDER[*] BY RES.ID_ ASC  
    LIMIT ? OFFSET ? &quot;; expected &quot;=, NOT, EXISTS, INTERSECTS, SELECT, FROM&quot;; SQL statement:
select RES.* 
     
    from ACT_HI_ACTINST RES
     WHERE  RES.EXECUTION_ID_ = ?
      
      
      
        and RES.ACT_ID_ = ?
      
      
      
      
      
      
      
      
        and RES.END_TIME_ is null 
   
     order by  order by RES.ID_ asc  
    LIMIT ? OFFSET ? [42001-176]
### The error may exist in org/activiti/db/mapping/entity/HistoricActivityInstance.xml
### The error may involve org.activiti.engine.impl.persistence.entity.HistoricActivityInstanceEntity.selectHistoricActivityInstancesByQueryCriteria
### The error occurred while executing a query
### SQL: select RES.*            from ACT_HI_ACTINST RES      WHERE  RES.EXECUTION_ID_ = ?                              and RES.ACT_ID_ = ?                                                                 and RES.END_TIME_ is null           order by  order by RES.ID_ asc       LIMIT ? OFFSET ?
### Cause: org.h2.jdbc.JdbcSQLException: Syntax error in SQL statement &quot;SELECT RES.* 
     
    FROM ACT_HI_ACTINST RES
     WHERE  RES.EXECUTION_ID_ = ?
      
      
      
        AND RES.ACT_ID_ = ?
      
      
      
      
      
      
      
      
        AND RES.END_TIME_ IS NULL 
   
     ORDER BY  ORDER[*] BY RES.ID_ ASC  
    LIMIT ? OFFSET ? &quot;; expected &quot;=, NOT, EXISTS, INTERSECTS, SELECT, FROM&quot;; SQL statement:
select RES.* 
     
    from ACT_HI_ACTINST RES
     WHERE  RES.EXECUTION_ID_ = ?
      
      
      
        and RES.ACT_ID_ = ?
      
      
      
      
      
      
      
      
        and RES.END_TIME_ is null 
   
     order by  order by RES.ID_ asc  
    LIMIT ? OFFSET ? [42001-176]
org.apache.ibatis.exceptions.PersistenceException: 
### Error querying database.  Cause: org.h2.jdbc.JdbcSQLException: Syntax error in SQL statement &quot;SELECT RES.* 
     
    FROM ACT_HI_ACTINST RES
     WHERE  RES.EXECUTION_ID_ = ?
      
      
      
        AND RES.ACT_ID_ = ?
      
      
      
      
      
      
      
      
        AND RES.END_TIME_ IS NULL 
   
     ORDER BY  ORDER[*] BY RES.ID_ ASC  
    LIMIT ? OFFSET ? &quot;; expected &quot;=, NOT, EXISTS, INTERSECTS, SELECT, FROM&quot;; SQL statement:
select RES.* 
     
    from ACT_HI_ACTINST RES
     WHERE  RES.EXECUTION_ID_ = ?
      
      
      
        and RES.ACT_ID_ = ?
      
      
      
      
      
      
      
      
        and RES.END_TIME_ is null 
   
     order by  order by RES.ID_ asc  
    LIMIT ? OFFSET ? [42001-176]
### The error may exist in org/activiti/db/mapping/entity/HistoricActivityInstance.xml
### The error may involve org.activiti.engine.impl.persistence.entity.HistoricActivityInstanceEntity.selectHistoricActivityInstancesByQueryCriteria
### The error occurred while executing a query
### SQL: select RES.*            from ACT_HI_ACTINST RES      WHERE  RES.EXECUTION_ID_ = ?                              and RES.ACT_ID_ = ?                                                                 and RES.END_TIME_ is null           order by  order by RES.ID_ asc       LIMIT ? OFFSET ?
### Cause: org.h2.jdbc.JdbcSQLException: Syntax error in SQL statement &quot;SELECT RES.* 
     
    FROM ACT_HI_ACTINST RES
     WHERE  RES.EXECUTION_ID_ = ?
      
      
      
        AND RES.ACT_ID_ = ?
      
      
      
      
      
      
      
      
        AND RES.END_TIME_ IS NULL 
   
     ORDER BY  ORDER[*] BY RES.ID_ ASC  
    LIMIT ? OFFSET ? &quot;; expected &quot;=, NOT, EXISTS, INTERSECTS, SELECT, FROM&quot;; SQL statement:
select RES.* 
     
    from ACT_HI_ACTINST RES
     WHERE  RES.EXECUTION_ID_ = ?
      
      
      
        and RES.ACT_ID_ = ?
      
      
      
      
      
      
      
      
        and RES.END_TIME_ is null 
   
     order by  order by RES.ID_ asc  
    LIMIT ? OFFSET ? [42001-176]
	at org.apache.ibatis.exceptions.ExceptionFactory.wrapException(ExceptionFactory.java:30)
	at org.apache.ibatis.session.defaults.DefaultSqlSession.selectList(DefaultSqlSession.java:122)
	at org.apache.ibatis.session.defaults.DefaultSqlSession.selectList(DefaultSqlSession.java:113)
	at org.activiti.engine.impl.db.DbSqlSession.selectListWithRawParameter(DbSqlSession.java:438)
	at org.activiti.engine.impl.db.DbSqlSession.selectList(DbSqlSession.java:429)
	at org.activiti.engine.impl.db.DbSqlSession.selectList(DbSqlSession.java:419)
	at org.activiti.engine.impl.persistence.entity.HistoricActivityInstanceEntityManager.findHistoricActivityInstancesByQueryCriteria(HistoricActivityInstanceEntityManager.java:56)
	at org.activiti.engine.impl.HistoricActivityInstanceQueryImpl.executeList(HistoricActivityInstanceQueryImpl.java:70)
	at org.activiti.engine.impl.AbstractQuery.listPage(AbstractQuery.java:151)
	at org.activiti.engine.impl.history.DefaultHistoryManager.findActivityInstance(DefaultHistoryManager.java:355)
	at org.activiti.engine.impl.history.DefaultHistoryManager.recordActivityEnd(DefaultHistoryManager.java:281)
	at org.activiti.engine.impl.history.handler.ActivityInstanceEndHandler.notify(ActivityInstanceEndHandler.java:29)
	at org.activiti.engine.impl.pvm.runtime.AbstractEventAtomicOperation.execute(AbstractEventAtomicOperation.java:42)
	at org.activiti.engine.impl.interceptor.CommandContext.performOperation(CommandContext.java:97)
	at org.activiti.engine.impl.persistence.entity.ExecutionEntity.performOperationSync(ExecutionEntity.java:636)
	at org.activiti.engine.impl.persistence.entity.ExecutionEntity.performOperation(ExecutionEntity.java:629)
	at org.activiti.engine.impl.persistence.entity.ExecutionEntity.take(ExecutionEntity.java:453)
	at org.activiti.engine.impl.pvm.runtime.OutgoingExecution.take(OutgoingExecution.java:48)
	at org.activiti.engine.impl.persistence.entity.ExecutionEntity.takeAll(ExecutionEntity.java:589)
	at org.activiti.engine.impl.bpmn.behavior.ParallelGatewayActivityBehavior.execute(ParallelGatewayActivityBehavior.java:78)
	at org.activiti.engine.impl.pvm.runtime.AtomicOperationActivityExecute.execute(AtomicOperationActivityExecute.java:60)
	at org.activiti.engine.impl.interceptor.CommandContext.performOperation(CommandContext.java:97)
	at org.activiti.engine.impl.persistence.entity.ExecutionEntity.performOperationSync(ExecutionEntity.java:636)
	at org.activiti.engine.impl.persistence.entity.ExecutionEntity.performOperation(ExecutionEntity.java:629)
	at org.activiti.engine.impl.pvm.runtime.AtomicOperationTransitionNotifyListenerStart.eventNotificationsCompleted(AtomicOperationTransitionNotifyListenerStart.java:52)
	at org.activiti.engine.impl.pvm.runtime.AbstractEventAtomicOperation.execute(AbstractEventAtomicOperation.java:56)
	at org.activiti.engine.impl.interceptor.CommandContext.performOperation(CommandContext.java:97)
	at org.activiti.engine.impl.persistence.entity.ExecutionEntity.performOperationSync(ExecutionEntity.java:636)
	at org.activiti.engine.impl.persistence.entity.ExecutionEntity.performOperation(ExecutionEntity.java:629)
	at org.activiti.engine.impl.pvm.runtime.AbstractEventAtomicOperation.execute(AbstractEventAtomicOperation.java:49)
	at org.activiti.engine.impl.interceptor.CommandContext.performOperation(CommandContext.java:97)
	at org.activiti.engine.impl.persistence.entity.ExecutionEntity.performOperationSync(ExecutionEntity.java:636)
	at org.activiti.engine.impl.persistence.entity.ExecutionEntity.performOperation(ExecutionEntity.java:629)
	at org.activiti.engine.impl.pvm.runtime.AtomicOperationTransitionCreateScope.execute(AtomicOperationTransitionCreateScope.java:49)
	at org.activiti.engine.impl.interceptor.CommandContext.performOperation(CommandContext.java:97)
	at org.activiti.engine.impl.persistence.entity.ExecutionEntity.performOperationSync(ExecutionEntity.java:636)
	at org.activiti.engine.impl.persistence.entity.ExecutionEntity.performOperation(ExecutionEntity.java:629)
	at org.activiti.engine.impl.pvm.runtime.AtomicOperationTransitionNotifyListenerTake.execute(AtomicOperationTransitionNotifyListenerTake.java:80)
	at org.activiti.engine.impl.interceptor.CommandContext.performOperation(CommandContext.java:97)
	at org.activiti.engine.impl.persistence.entity.ExecutionEntity.performOperationSync(ExecutionEntity.java:636)
	at org.activiti.engine.impl.persistence.entity.ExecutionEntity.performOperation(ExecutionEntity.java:629)
	at org.activiti.engine.impl.pvm.runtime.AtomicOperationTransitionDestroyScope.execute(AtomicOperationTransitionDestroyScope.java:116)
	at org.activiti.engine.impl.interceptor.CommandContext.performOperation(CommandContext.java:97)
	at org.activiti.engine.impl.persistence.entity.ExecutionEntity.performOperationSync(ExecutionEntity.java:636)
	at org.activiti.engine.impl.persistence.entity.ExecutionEntity.performOperation(ExecutionEntity.java:629)
	at org.activiti.engine.impl.pvm.runtime.AtomicOperationTransitionNotifyListenerEnd.eventNotificationsCompleted(AtomicOperationTransitionNotifyListenerEnd.java:35)
	at org.activiti.engine.impl.pvm.runtime.AbstractEventAtomicOperation.execute(AbstractEventAtomicOperation.java:56)
	at org.activiti.engine.impl.interceptor.CommandContext.performOperation(CommandContext.java:97)
	at org.activiti.engine.impl.persistence.entity.ExecutionEntity.performOperationSync(ExecutionEntity.java:636)
	at org.activiti.engine.impl.persistence.entity.ExecutionEntity.performOperation(ExecutionEntity.java:629)
	at org.activiti.engine.impl.pvm.runtime.AbstractEventAtomicOperation.execute(AbstractEventAtomicOperation.java:49)
	at org.activiti.engine.impl.interceptor.CommandContext.performOperation(CommandContext.java:97)
	at org.activiti.engine.impl.persistence.entity.ExecutionEntity.performOperationSync(ExecutionEntity.java:636)
	at org.activiti.engine.impl.persistence.entity.ExecutionEntity.performOperation(ExecutionEntity.java:629)
	at org.activiti.engine.impl.persistence.entity.ExecutionEntity.take(ExecutionEntity.java:453)
	at org.activiti.engine.impl.persistence.entity.ExecutionEntity.take(ExecutionEntity.java:431)
	at org.activiti.engine.impl.bpmn.behavior.BpmnActivityBehavior.performOutgoingBehavior(BpmnActivityBehavior.java:140)
	at org.activiti.engine.impl.bpmn.behavior.BpmnActivityBehavior.performDefaultOutgoingBehavior(BpmnActivityBehavior.java:66)
	at org.activiti.engine.impl.bpmn.behavior.FlowNodeActivityBehavior.leave(FlowNodeActivityBehavior.java:44)
	at org.activiti.engine.impl.bpmn.behavior.FlowNodeActivityBehavior.execute(FlowNodeActivityBehavior.java:36)
	at org.activiti.engine.impl.pvm.runtime.AtomicOperationActivityExecute.execute(AtomicOperationActivityExecute.java:60)
	at org.activiti.engine.impl.interceptor.CommandContext.performOperation(CommandContext.java:97)
	at org.activiti.engine.impl.persistence.entity.ExecutionEntity.performOperationSync(ExecutionEntity.java:636)
	at org.activiti.engine.impl.persistence.entity.ExecutionEntity.performOperation(ExecutionEntity.java:629)
	at org.activiti.engine.impl.pvm.runtime.AtomicOperationActivityStart.eventNotificationsCompleted(AtomicOperationActivityStart.java:26)
	at org.activiti.engine.impl.pvm.runtime.AbstractEventAtomicOperation.execute(AbstractEventAtomicOperation.java:56)
	at org.activiti.engine.impl.interceptor.CommandContext.performOperation(CommandContext.java:97)
	at org.activiti.engine.impl.persistence.entity.ExecutionEntity.performOperationSync(ExecutionEntity.java:636)
	at org.activiti.engine.impl.persistence.entity.ExecutionEntity.performOperation(ExecutionEntity.java:629)
	at org.activiti.engine.impl.persistence.entity.ExecutionEntity.executeActivity(ExecutionEntity.java:458)
	at org.activiti.engine.impl.bpmn.behavior.SubProcessActivityBehavior.execute(SubProcessActivityBehavior.java:55)
	at org.activiti.engine.impl.pvm.runtime.AtomicOperationActivityExecute.execute(AtomicOperationActivityExecute.java:60)
	at org.activiti.engine.impl.interceptor.CommandContext.performOperation(CommandContext.java:97)
	at org.activiti.engine.impl.persistence.entity.ExecutionEntity.performOperationSync(ExecutionEntity.java:636)
	at org.activiti.engine.impl.persistence.entity.ExecutionEntity.performOperation(ExecutionEntity.java:629)
	at org.activiti.engine.impl.pvm.runtime.AtomicOperationTransitionNotifyListenerStart.eventNotificationsCompleted(AtomicOperationTransitionNotifyListenerStart.java:52)
	at org.activiti.engine.impl.pvm.runtime.AbstractEventAtomicOperation.execute(AbstractEventAtomicOperation.java:56)
	at org.activiti.engine.impl.interceptor.CommandContext.performOperation(CommandContext.java:97)
	at org.activiti.engine.impl.persistence.entity.ExecutionEntity.performOperationSync(ExecutionEntity.java:636)
	at org.activiti.engine.impl.persistence.entity.ExecutionEntity.performOperation(ExecutionEntity.java:629)
	at org.activiti.engine.impl.pvm.runtime.AbstractEventAtomicOperation.execute(AbstractEventAtomicOperation.java:49)
	at org.activiti.engine.impl.interceptor.CommandContext.performOperation(CommandContext.java:97)
	at org.activiti.engine.impl.persistence.entity.ExecutionEntity.performOperationSync(ExecutionEntity.java:636)
	at org.activiti.engine.impl.persistence.entity.ExecutionEntity.performOperation(ExecutionEntity.java:629)
	at org.activiti.engine.impl.pvm.runtime.AtomicOperationTransitionCreateScope.execute(AtomicOperationTransitionCreateScope.java:49)
	at org.activiti.engine.impl.interceptor.CommandContext.performOperation(CommandContext.java:97)
	at org.activiti.engine.impl.persistence.entity.ExecutionEntity.performOperationSync(ExecutionEntity.java:636)
	at org.activiti.engine.impl.persistence.entity.ExecutionEntity.performOperation(ExecutionEntity.java:629)
	at org.activiti.engine.impl.pvm.runtime.AtomicOperationTransitionNotifyListenerTake.execute(AtomicOperationTransitionNotifyListenerTake.java:80)
	at org.activiti.engine.impl.interceptor.CommandContext.performOperation(CommandContext.java:97)
	at org.activiti.engine.impl.persistence.entity.ExecutionEntity.performOperationSync(ExecutionEntity.java:636)
	at org.activiti.engine.impl.persistence.entity.ExecutionEntity.performOperation(ExecutionEntity.java:629)
	at org.activiti.engine.impl.pvm.runtime.AtomicOperationTransitionDestroyScope.execute(AtomicOperationTransitionDestroyScope.java:116)
	at org.activiti.engine.impl.interceptor.CommandContext.performOperation(CommandContext.java:97)
	at org.activiti.engine.impl.persistence.entity.ExecutionEntity.performOperationSync(ExecutionEntity.java:636)
	at org.activiti.engine.impl.persistence.entity.ExecutionEntity.performOperation(ExecutionEntity.java:629)
	at org.activiti.engine.impl.pvm.runtime.AtomicOperationTransitionNotifyListenerEnd.eventNotificationsCompleted(AtomicOperationTransitionNotifyListenerEnd.java:35)
	at org.activiti.engine.impl.pvm.runtime.AbstractEventAtomicOperation.execute(AbstractEventAtomicOperation.java:56)
	at org.activiti.engine.impl.interceptor.CommandContext.performOperation(CommandContext.java:97)
	at org.activiti.engine.impl.persistence.entity.ExecutionEntity.performOperationSync(ExecutionEntity.java:636)
	at org.activiti.engine.impl.persistence.entity.ExecutionEntity.performOperation(ExecutionEntity.java:629)
	at org.activiti.engine.impl.pvm.runtime.AbstractEventAtomicOperation.execute(AbstractEventAtomicOperation.java:49)
	at org.activiti.engine.impl.interceptor.CommandContext.performOperation(CommandContext.java:97)
	at org.activiti.engine.impl.persistence.entity.ExecutionEntity.performOperationSync(ExecutionEntity.java:636)
	at org.activiti.engine.impl.persistence.entity.ExecutionEntity.performOperation(ExecutionEntity.java:629)
	at org.activiti.engine.impl.persistence.entity.ExecutionEntity.take(ExecutionEntity.java:453)
	at org.activiti.engine.impl.persistence.entity.ExecutionEntity.take(ExecutionEntity.java:431)
	at org.activiti.engine.impl.bpmn.behavior.BpmnActivityBehavior.performOutgoingBehavior(BpmnActivityBehavior.java:140)
	at org.activiti.engine.impl.bpmn.behavior.BpmnActivityBehavior.performDefaultOutgoingBehavior(BpmnActivityBehavior.java:66)
	at org.activiti.engine.impl.bpmn.behavior.FlowNodeActivityBehavior.leave(FlowNodeActivityBehavior.java:44)
	at org.activiti.engine.impl.bpmn.behavior.FlowNodeActivityBehavior.execute(FlowNodeActivityBehavior.java:36)
	at org.activiti.engine.impl.pvm.runtime.AtomicOperationActivityExecute.execute(AtomicOperationActivityExecute.java:60)
	at org.activiti.engine.impl.interceptor.CommandContext.performOperation(CommandContext.java:97)
	at org.activiti.engine.impl.persistence.entity.ExecutionEntity.performOperationSync(ExecutionEntity.java:636)
	at org.activiti.engine.impl.persistence.entity.ExecutionEntity.performOperation(ExecutionEntity.java:629)
	at org.activiti.engine.impl.pvm.runtime.AtomicOperationProcessStartInitial.eventNotificationsCompleted(AtomicOperationProcessStartInitial.java:45)
	at org.activiti.engine.impl.pvm.runtime.AbstractEventAtomicOperation.execute(AbstractEventAtomicOperation.java:56)
	at org.activiti.engine.impl.interceptor.CommandContext.performOperation(CommandContext.java:97)
	at org.activiti.engine.impl.persistence.entity.ExecutionEntity.performOperationSync(ExecutionEntity.java:636)
	at org.activiti.engine.impl.persistence.entity.ExecutionEntity.performOperation(ExecutionEntity.java:629)
	at org.activiti.engine.impl.pvm.runtime.AtomicOperationProcessStart.eventNotificationsCompleted(AtomicOperationProcessStart.java:64)
	at org.activiti.engine.impl.pvm.runtime.AbstractEventAtomicOperation.execute(AbstractEventAtomicOperation.java:56)
	at org.activiti.engine.impl.interceptor.CommandContext.performOperation(CommandContext.java:97)
	at org.activiti.engine.impl.persistence.entity.ExecutionEntity.performOperationSync(ExecutionEntity.java:636)
	at org.activiti.engine.impl.persistence.entity.ExecutionEntity.performOperation(ExecutionEntity.java:629)
	at org.activiti.engine.impl.persistence.entity.ExecutionEntity.start(ExecutionEntity.java:381)
	at org.activiti.engine.impl.cmd.StartProcessInstanceCmd.execute(StartProcessInstanceCmd.java:110)
	at org.activiti.engine.impl.cmd.StartProcessInstanceCmd.execute(StartProcessInstanceCmd.java:37)
	at org.activiti.engine.impl.interceptor.CommandInvoker.execute(CommandInvoker.java:24)
	at org.activiti.engine.impl.interceptor.CommandContextInterceptor.execute(CommandContextInterceptor.java:57)
	at org.activiti.engine.impl.interceptor.LogInterceptor.execute(LogInterceptor.java:37)
	at org.activiti.engine.impl.cfg.CommandExecutorImpl.execute(CommandExecutorImpl.java:40)
	at org.activiti.engine.impl.cfg.CommandExecutorImpl.execute(CommandExecutorImpl.java:35)
	at org.activiti.engine.impl.RuntimeServiceImpl.startProcessInstanceByKey(RuntimeServiceImpl.java:69)
	at org.activiti.engine.test.bpmn.subprocess.SubProcessTest.testTwoNestedSubProcessesInParallelWithTimer(SubProcessTest.java:304)
	at sun.reflect.NativeMethodAccessorImpl.invoke0(Native Method)
	at sun.reflect.NativeMethodAccessorImpl.invoke(NativeMethodAccessorImpl.java:62)
	at sun.reflect.DelegatingMethodAccessorImpl.invoke(DelegatingMethodAccessorImpl.java:43)
	at java.lang.reflect.Method.invoke(Method.java:498)
	at junit.framework.TestCase.runTest(TestCase.java:176)
	at org.activiti.engine.impl.test.PvmTestCase.runTest(PvmTestCase.java:65)
	at junit.framework.TestCase.runBare(TestCase.java:141)
	at org.activiti.engine.impl.test.AbstractActivitiTestCase.runBare(AbstractActivitiTestCase.java:100)
	at junit.framework.TestResult$1.protect(TestResult.java:122)
	at junit.framework.TestResult.runProtected(TestResult.java:142)
	at junit.framework.TestResult.run(TestResult.java:125)
	at junit.framework.TestCase.run(TestCase.java:129)
	at junit.framework.TestSuite.runTest(TestSuite.java:255)
	at junit.framework.TestSuite.run(TestSuite.java:250)
	at org.junit.internal.runners.JUnit38ClassRunner.run(JUnit38ClassRunner.java:84)
	at org.apache.maven.surefire.junit4.JUnit4TestSet.execute(JUnit4TestSet.java:35)
	at org.apache.maven.surefire.junit4.JUnit4Provider.executeTestSet(JUnit4Provider.java:146)
	at org.apache.maven.surefire.junit4.JUnit4Provider.invoke(JUnit4Provider.java:97)
	at sun.reflect.NativeMethodAccessorImpl.invoke0(Native Method)
	at sun.reflect.NativeMethodAccessorImpl.invoke(NativeMethodAccessorImpl.java:62)
	at sun.reflect.DelegatingMethodAccessorImpl.invoke(DelegatingMethodAccessorImpl.java:43)
	at java.lang.reflect.Method.invoke(Method.java:498)
	at org.apache.maven.surefire.booter.ProviderFactory$ClassLoaderProxy.invoke(ProviderFactory.java:103)
	at com.sun.proxy.$Proxy0.invoke(Unknown Source)
	at org.apache.maven.surefire.booter.SurefireStarter.invokeProvider(SurefireStarter.java:145)
	at org.apache.maven.surefire.booter.SurefireStarter.runSuitesInProcess(SurefireStarter.java:87)
	at org.apache.maven.surefire.booter.ForkedBooter.main(ForkedBooter.java:69)
Caused by: org.h2.jdbc.JdbcSQLException: Syntax error in SQL statement &quot;SELECT RES.* 
     
    FROM ACT_HI_ACTINST RES
     WHERE  RES.EXECUTION_ID_ = ?
      
      
      
        AND RES.ACT_ID_ = ?
      
      
      
      
      
      
      
      
        AND RES.END_TIME_ IS NULL 
   
     ORDER BY  ORDER[*] BY RES.ID_ ASC  
    LIMIT ? OFFSET ? &quot;; expected &quot;=, NOT, EXISTS, INTERSECTS, SELECT, FROM&quot;; SQL statement:
select RES.* 
     
    from ACT_HI_ACTINST RES
     WHERE  RES.EXECUTION_ID_ = ?
      
      
      
        and RES.ACT_ID_ = ?
      
      
      
      
      
      
      
      
        and RES.END_TIME_ is null 
   
     order by  order by RES.ID_ asc  
    LIMIT ? OFFSET ? [42001-176]
	at org.h2.message.DbException.getJdbcSQLException(DbException.java:344)
	at org.h2.message.DbException.getSyntaxError(DbException.java:204)
	at org.h2.command.Parser.getSyntaxError(Parser.java:524)
	at org.h2.command.Parser.readTerm(Parser.java:2688)
	at org.h2.command.Parser.readFactor(Parser.java:2244)
	at org.h2.command.Parser.readSum(Parser.java:2231)
	at org.h2.command.Parser.readConcat(Parser.java:2201)
	at org.h2.command.Parser.readCondition(Parser.java:2051)
	at org.h2.command.Parser.readAnd(Parser.java:2023)
	at org.h2.command.Parser.readExpression(Parser.java:2015)
	at org.h2.command.Parser.parseEndOfQuery(Parser.java:1726)
	at org.h2.command.Parser.parseSelectUnionExtension(Parser.java:1706)
	at org.h2.command.Parser.parseSelectUnion(Parser.java:1675)
	at org.h2.command.Parser.parseSelect(Parser.java:1662)
	at org.h2.command.Parser.parsePrepared(Parser.java:434)
	at org.h2.command.Parser.parse(Parser.java:306)
	at org.h2.command.Parser.parse(Parser.java:282)
	at org.h2.command.Parser.prepareCommand(Parser.java:243)
	at org.h2.engine.Session.prepareLocal(Session.java:442)
	at org.h2.engine.Session.prepareCommand(Session.java:384)
	at org.h2.jdbc.JdbcConnection.prepareCommand(JdbcConnection.java:1188)
	at org.h2.jdbc.JdbcPreparedStatement.&lt;init&gt;(JdbcPreparedStatement.java:73)
	at org.h2.jdbc.JdbcConnection.prepareStatement(JdbcConnection.java:276)
	at sun.reflect.GeneratedMethodAccessor6.invoke(Unknown Source)
	at sun.reflect.DelegatingMethodAccessorImpl.invoke(DelegatingMethodAccessorImpl.java:43)
	at java.lang.reflect.Method.invoke(Method.java:498)
	at org.apache.ibatis.datasource.pooled.PooledConnection.invoke(PooledConnection.java:245)
	at com.sun.proxy.$Proxy12.prepareStatement(Unknown Source)
	at sun.reflect.GeneratedMethodAccessor6.invoke(Unknown Source)
	at sun.reflect.DelegatingMethodAccessorImpl.invoke(DelegatingMethodAccessorImpl.java:43)
	at java.lang.reflect.Method.invoke(Method.java:498)
	at org.apache.ibatis.logging.jdbc.ConnectionLogger.invoke(ConnectionLogger.java:55)
	at com.sun.proxy.$Proxy12.prepareStatement(Unknown Source)
	at org.apache.ibatis.executor.statement.PreparedStatementHandler.instantiateStatement(PreparedStatementHandler.java:79)
	at org.apache.ibatis.executor.statement.BaseStatementHandler.prepare(BaseStatementHandler.java:88)
	at org.apache.ibatis.executor.statement.RoutingStatementHandler.prepare(RoutingStatementHandler.java:58)
	at org.apache.ibatis.executor.SimpleExecutor.prepareStatement(SimpleExecutor.java:76)
	at org.apache.ibatis.executor.SimpleExecutor.doQuery(SimpleExecutor.java:61)
	at org.apache.ibatis.executor.BaseExecutor.queryFromDatabase(BaseExecutor.java:303)
	at org.apache.ibatis.executor.BaseExecutor.query(BaseExecutor.java:154)
	at org.apache.ibatis.executor.CachingExecutor.query(CachingExecutor.java:102)
	at org.apache.ibatis.executor.CachingExecutor.query(CachingExecutor.java:82)
	at org.apache.ibatis.session.defaults.DefaultSqlSession.selectList(DefaultSqlSession.java:120)
	... 160 more
10:47:09,854 [main] DEBUG org.activiti.engine.impl.test.TestHelper  - annotation @Deployment deletes deployment for SubProcessTest.testTwoNestedSubProcessesInParallelWithTimer
10:47:09,854 [main] DEBUG org.activiti.engine.impl.interceptor.LogInterceptor  - 

10:47:09,854 [main] DEBUG org.activiti.engine.impl.interceptor.LogInterceptor  - --- starting DeleteDeploymentCmd --------------------------------------------------------
10:47:09,854 [main] DEBUG org.apache.ibatis.transaction.jdbc.JdbcTransaction  - Opening JDBC Connection
10:47:09,854 [main] DEBUG org.apache.ibatis.datasource.pooled.PooledDataSource  - Checked out connection 486346394 from pool.
10:47:09,854 [main] DEBUG org.apache.ibatis.transaction.jdbc.JdbcTransaction  - Setting autocommit to false on JDBC Connection [conn6: url=jdbc:h2:mem:activiti user=SA]
10:47:09,854 [main] DEBUG org.activiti.engine.impl.persistence.entity.DeploymentEntity.selectDeploymentById  - ==&gt;  Preparing: select * from ACT_RE_DEPLOYMENT where ID_ = ? 
10:47:09,854 [main] DEBUG org.activiti.engine.impl.persistence.entity.DeploymentEntity.selectDeploymentById  - ==&gt; Parameters: 187(String)
10:47:09,854 [main] DEBUG org.activiti.engine.impl.persistence.entity.DeploymentEntity.selectDeploymentById  - &lt;==      Total: 1
10:47:09,854 [main] DEBUG org.activiti.engine.impl.persistence.entity.ProcessDefinitionEntity.selectProcessDefinitionsByQueryCriteria  - ==&gt;  Preparing: select RES.* from ACT_RE_PROCDEF RES WHERE RES.DEPLOYMENT_ID_ = ? order by order by RES.ID_ asc LIMIT ? OFFSET ? 
10:47:09,854 [main] DEBUG org.activiti.engine.impl.interceptor.CommandContext  - Error while closing command context
org.apache.ibatis.exceptions.PersistenceException: 
### Error querying database.  Cause: org.h2.jdbc.JdbcSQLException: Syntax error in SQL statement &quot;SELECT RES.* 
       
    FROM ACT_RE_PROCDEF RES
     
     WHERE  RES.DEPLOYMENT_ID_ = ? 
   
     ORDER BY  ORDER[*] BY RES.ID_ ASC  
    LIMIT ? OFFSET ? &quot;; expected &quot;=, NOT, EXISTS, INTERSECTS, SELECT, FROM&quot;; SQL statement:
select RES.* 
       
    from ACT_RE_PROCDEF RES
     
     WHERE  RES.DEPLOYMENT_ID_ = ? 
   
     order by  order by RES.ID_ asc  
    LIMIT ? OFFSET ? [42001-176]
### The error may exist in org/activiti/db/mapping/entity/ProcessDefinition.xml
### The error may involve org.activiti.engine.impl.persistence.entity.ProcessDefinitionEntity.selectProcessDefinitionsByQueryCriteria
### The error occurred while executing a query
### SQL: select RES.*              from ACT_RE_PROCDEF RES            WHERE  RES.DEPLOYMENT_ID_ = ?           order by  order by RES.ID_ asc       LIMIT ? OFFSET ?
### Cause: org.h2.jdbc.JdbcSQLException: Syntax error in SQL statement &quot;SELECT RES.* 
       
    FROM ACT_RE_PROCDEF RES
     
     WHERE  RES.DEPLOYMENT_ID_ = ? 
   
     ORDER BY  ORDER[*] BY RES.ID_ ASC  
    LIMIT ? OFFSET ? &quot;; expected &quot;=, NOT, EXISTS, INTERSECTS, SELECT, FROM&quot;; SQL statement:
select RES.* 
       
    from ACT_RE_PROCDEF RES
     
     WHERE  RES.DEPLOYMENT_ID_ = ? 
   
     order by  order by RES.ID_ asc  
    LIMIT ? OFFSET ? [42001-176]
	at org.apache.ibatis.exceptions.ExceptionFactory.wrapException(ExceptionFactory.java:30)
	at org.apache.ibatis.session.defaults.DefaultSqlSession.selectList(DefaultSqlSession.java:122)
	at org.apache.ibatis.session.defaults.DefaultSqlSession.selectList(DefaultSqlSession.java:113)
	at org.activiti.engine.impl.db.DbSqlSession.selectListWithRawParameter(DbSqlSession.java:438)
	at org.activiti.engine.impl.db.DbSqlSession.selectList(DbSqlSession.java:429)
	at org.activiti.engine.impl.db.DbSqlSession.selectList(DbSqlSession.java:419)
	at org.activiti.engine.impl.persistence.entity.ProcessDefinitionEntityManager.findProcessDefinitionsByQueryCriteria(ProcessDefinitionEntityManager.java:57)
	at org.activiti.engine.impl.ProcessDefinitionQueryImpl.executeList(ProcessDefinitionQueryImpl.java:307)
	at org.activiti.engine.impl.AbstractQuery.list(AbstractQuery.java:140)
	at org.activiti.engine.impl.persistence.deploy.DeploymentManager.removeDeployment(DeploymentManager.java:187)
	at org.activiti.engine.impl.cmd.DeleteDeploymentCmd.execute(DeleteDeploymentCmd.java:44)
	at org.activiti.engine.impl.cmd.DeleteDeploymentCmd.execute(DeleteDeploymentCmd.java:24)
	at org.activiti.engine.impl.interceptor.CommandInvoker.execute(CommandInvoker.java:24)
	at org.activiti.engine.impl.interceptor.CommandContextInterceptor.execute(CommandContextInterceptor.java:57)
	at org.activiti.engine.impl.interceptor.LogInterceptor.execute(LogInterceptor.java:37)
	at org.activiti.engine.impl.cfg.CommandExecutorImpl.execute(CommandExecutorImpl.java:40)
	at org.activiti.engine.impl.cfg.CommandExecutorImpl.execute(CommandExecutorImpl.java:35)
	at org.activiti.engine.impl.RepositoryServiceImpl.deleteDeployment(RepositoryServiceImpl.java:90)
	at org.activiti.engine.impl.test.TestHelper.annotationDeploymentTearDown(TestHelper.java:116)
	at org.activiti.engine.impl.test.AbstractActivitiTestCase.runBare(AbstractActivitiTestCase.java:116)
	at junit.framework.TestResult$1.protect(TestResult.java:122)
	at junit.framework.TestResult.runProtected(TestResult.java:142)
	at junit.framework.TestResult.run(TestResult.java:125)
	at junit.framework.TestCase.run(TestCase.java:129)
	at junit.framework.TestSuite.runTest(TestSuite.java:255)
	at junit.framework.TestSuite.run(TestSuite.java:250)
	at org.junit.internal.runners.JUnit38ClassRunner.run(JUnit38ClassRunner.java:84)
	at org.apache.maven.surefire.junit4.JUnit4TestSet.execute(JUnit4TestSet.java:35)
	at org.apache.maven.surefire.junit4.JUnit4Provider.executeTestSet(JUnit4Provider.java:146)
	at org.apache.maven.surefire.junit4.JUnit4Provider.invoke(JUnit4Provider.java:97)
	at sun.reflect.NativeMethodAccessorImpl.invoke0(Native Method)
	at sun.reflect.NativeMethodAccessorImpl.invoke(NativeMethodAccessorImpl.java:62)
	at sun.reflect.DelegatingMethodAccessorImpl.invoke(DelegatingMethodAccessorImpl.java:43)
	at java.lang.reflect.Method.invoke(Method.java:498)
	at org.apache.maven.surefire.booter.ProviderFactory$ClassLoaderProxy.invoke(ProviderFactory.java:103)
	at com.sun.proxy.$Proxy0.invoke(Unknown Source)
	at org.apache.maven.surefire.booter.SurefireStarter.invokeProvider(SurefireStarter.java:145)
	at org.apache.maven.surefire.booter.SurefireStarter.runSuitesInProcess(SurefireStarter.java:87)
	at org.apache.maven.surefire.booter.ForkedBooter.main(ForkedBooter.java:69)
Caused by: org.h2.jdbc.JdbcSQLException: Syntax error in SQL statement &quot;SELECT RES.* 
       
    FROM ACT_RE_PROCDEF RES
     
     WHERE  RES.DEPLOYMENT_ID_ = ? 
   
     ORDER BY  ORDER[*] BY RES.ID_ ASC  
    LIMIT ? OFFSET ? &quot;; expected &quot;=, NOT, EXISTS, INTERSECTS, SELECT, FROM&quot;; SQL statement:
select RES.* 
       
    from ACT_RE_PROCDEF RES
     
     WHERE  RES.DEPLOYMENT_ID_ = ? 
   
     order by  order by RES.ID_ asc  
    LIMIT ? OFFSET ? [42001-176]
	at org.h2.message.DbException.getJdbcSQLException(DbException.java:344)
	at org.h2.message.DbException.getSyntaxError(DbException.java:204)
	at org.h2.command.Parser.getSyntaxError(Parser.java:524)
	at org.h2.command.Parser.readTerm(Parser.java:2688)
	at org.h2.command.Parser.readFactor(Parser.java:2244)
	at org.h2.command.Parser.readSum(Parser.java:2231)
	at org.h2.command.Parser.readConcat(Parser.java:2201)
	at org.h2.command.Parser.readCondition(Parser.java:2051)
	at org.h2.command.Parser.readAnd(Parser.java:2023)
	at org.h2.command.Parser.readExpression(Parser.java:2015)
	at org.h2.command.Parser.parseEndOfQuery(Parser.java:1726)
	at org.h2.command.Parser.parseSelectUnionExtension(Parser.java:1706)
	at org.h2.command.Parser.parseSelectUnion(Parser.java:1675)
	at org.h2.command.Parser.parseSelect(Parser.java:1662)
	at org.h2.command.Parser.parsePrepared(Parser.java:434)
	at org.h2.command.Parser.parse(Parser.java:306)
	at org.h2.command.Parser.parse(Parser.java:282)
	at org.h2.command.Parser.prepareCommand(Parser.java:243)
	at org.h2.engine.Session.prepareLocal(Session.java:442)
	at org.h2.engine.Session.prepareCommand(Session.java:384)
	at org.h2.jdbc.JdbcConnection.prepareCommand(JdbcConnection.java:1188)
	at org.h2.jdbc.JdbcPreparedStatement.&lt;init&gt;(JdbcPreparedStatement.java:73)
	at org.h2.jdbc.JdbcConnection.prepareStatement(JdbcConnection.java:276)
	at sun.reflect.GeneratedMethodAccessor6.invoke(Unknown Source)
	at sun.reflect.DelegatingMethodAccessorImpl.invoke(DelegatingMethodAccessorImpl.java:43)
	at java.lang.reflect.Method.invoke(Method.java:498)
	at org.apache.ibatis.datasource.pooled.PooledConnection.invoke(PooledConnection.java:245)
	at com.sun.proxy.$Proxy12.prepareStatement(Unknown Source)
	at sun.reflect.GeneratedMethodAccessor6.invoke(Unknown Source)
	at sun.reflect.DelegatingMethodAccessorImpl.invoke(DelegatingMethodAccessorImpl.java:43)
	at java.lang.reflect.Method.invoke(Method.java:498)
	at org.apache.ibatis.logging.jdbc.ConnectionLogger.invoke(ConnectionLogger.java:55)
	at com.sun.proxy.$Proxy12.prepareStatement(Unknown Source)
	at org.apache.ibatis.executor.statement.PreparedStatementHandler.instantiateStatement(PreparedStatementHandler.java:79)
	at org.apache.ibatis.executor.statement.BaseStatementHandler.prepare(BaseStatementHandler.java:88)
	at org.apache.ibatis.executor.statement.RoutingStatementHandler.prepare(RoutingStatementHandler.java:58)
	at org.apache.ibatis.executor.SimpleExecutor.prepareStatement(SimpleExecutor.java:76)
	at org.apache.ibatis.executor.SimpleExecutor.doQuery(SimpleExecutor.java:61)
	at org.apache.ibatis.executor.BaseExecutor.queryFromDatabase(BaseExecutor.java:303)
	at org.apache.ibatis.executor.BaseExecutor.query(BaseExecutor.java:154)
	at org.apache.ibatis.executor.CachingExecutor.query(CachingExecutor.java:102)
	at org.apache.ibatis.executor.CachingExecutor.query(CachingExecutor.java:82)
	at org.apache.ibatis.session.defaults.DefaultSqlSession.selectList(DefaultSqlSession.java:120)
	... 37 more
10:47:09,854 [main] DEBUG org.activiti.engine.impl.cfg.standalone.StandaloneMybatisTransactionContext  - firing event rolling back...
10:47:09,854 [main] DEBUG org.activiti.engine.impl.cfg.standalone.StandaloneMybatisTransactionContext  - rolling back ibatis sql session...
10:47:09,854 [main] DEBUG org.activiti.engine.impl.cfg.standalone.StandaloneMybatisTransactionContext  - firing event rolled back...
10:47:09,854 [main] DEBUG org.apache.ibatis.transaction.jdbc.JdbcTransaction  - Resetting autocommit to true on JDBC Connection [conn6: url=jdbc:h2:mem:activiti user=SA]
10:47:09,854 [main] DEBUG org.apache.ibatis.transaction.jdbc.JdbcTransaction  - Closing JDBC Connection [conn6: url=jdbc:h2:mem:activiti user=SA]
10:47:09,854 [main] DEBUG org.apache.ibatis.datasource.pooled.PooledDataSource  - Returned connection 486346394 to pool.
10:47:09,854 [main] DEBUG org.activiti.engine.impl.interceptor.LogInterceptor  - --- DeleteDeploymentCmd finished --------------------------------------------------------
10:47:09,854 [main] DEBUG org.activiti.engine.impl.interceptor.LogInterceptor  - 

</system-out>
  </testcase>
  <testcase classname="org.activiti.engine.test.bpmn.subprocess.SubProcessTest" name="testSimpleSubProcessWithoutEndEvent" time="0.023">
    <error message="
### Error querying database.  Cause: org.h2.jdbc.JdbcSQLException: Syntax error in SQL statement &quot;SELECT RES.* 
       
    FROM ACT_RE_PROCDEF RES
     
     WHERE  RES.DEPLOYMENT_ID_ = ? 
   
     ORDER BY  ORDER[*] BY RES.ID_ ASC  
    LIMIT ? OFFSET ? &quot;; expected &quot;=, NOT, EXISTS, INTERSECTS, SELECT, FROM&quot;; SQL statement:
select RES.* 
       
    from ACT_RE_PROCDEF RES
     
     WHERE  RES.DEPLOYMENT_ID_ = ? 
   
     order by  order by RES.ID_ asc  
    LIMIT ? OFFSET ? [42001-176]
### The error may exist in org/activiti/db/mapping/entity/ProcessDefinition.xml
### The error may involve org.activiti.engine.impl.persistence.entity.ProcessDefinitionEntity.selectProcessDefinitionsByQueryCriteria
### The error occurred while executing a query
### SQL: select RES.*              from ACT_RE_PROCDEF RES            WHERE  RES.DEPLOYMENT_ID_ = ?           order by  order by RES.ID_ asc       LIMIT ? OFFSET ?
### Cause: org.h2.jdbc.JdbcSQLException: Syntax error in SQL statement &quot;SELECT RES.* 
       
    FROM ACT_RE_PROCDEF RES
     
     WHERE  RES.DEPLOYMENT_ID_ = ? 
   
     ORDER BY  ORDER[*] BY RES.ID_ ASC  
    LIMIT ? OFFSET ? &quot;; expected &quot;=, NOT, EXISTS, INTERSECTS, SELECT, FROM&quot;; SQL statement:
select RES.* 
       
    from ACT_RE_PROCDEF RES
     
     WHERE  RES.DEPLOYMENT_ID_ = ? 
   
     order by  order by RES.ID_ asc  
    LIMIT ? OFFSET ? [42001-176]" type="org.apache.ibatis.exceptions.PersistenceException">org.apache.ibatis.exceptions.PersistenceException: 
### Error querying database.  Cause: org.h2.jdbc.JdbcSQLException: Syntax error in SQL statement &quot;SELECT RES.* 
       
    FROM ACT_RE_PROCDEF RES
     
     WHERE  RES.DEPLOYMENT_ID_ = ? 
   
     ORDER BY  ORDER[*] BY RES.ID_ ASC  
    LIMIT ? OFFSET ? &quot;; expected &quot;=, NOT, EXISTS, INTERSECTS, SELECT, FROM&quot;; SQL statement:
select RES.* 
       
    from ACT_RE_PROCDEF RES
     
     WHERE  RES.DEPLOYMENT_ID_ = ? 
   
     order by  order by RES.ID_ asc  
    LIMIT ? OFFSET ? [42001-176]
### The error may exist in org/activiti/db/mapping/entity/ProcessDefinition.xml
### The error may involve org.activiti.engine.impl.persistence.entity.ProcessDefinitionEntity.selectProcessDefinitionsByQueryCriteria
### The error occurred while executing a query
### SQL: select RES.*              from ACT_RE_PROCDEF RES            WHERE  RES.DEPLOYMENT_ID_ = ?           order by  order by RES.ID_ asc       LIMIT ? OFFSET ?
### Cause: org.h2.jdbc.JdbcSQLException: Syntax error in SQL statement &quot;SELECT RES.* 
       
    FROM ACT_RE_PROCDEF RES
     
     WHERE  RES.DEPLOYMENT_ID_ = ? 
   
     ORDER BY  ORDER[*] BY RES.ID_ ASC  
    LIMIT ? OFFSET ? &quot;; expected &quot;=, NOT, EXISTS, INTERSECTS, SELECT, FROM&quot;; SQL statement:
select RES.* 
       
    from ACT_RE_PROCDEF RES
     
     WHERE  RES.DEPLOYMENT_ID_ = ? 
   
     order by  order by RES.ID_ asc  
    LIMIT ? OFFSET ? [42001-176]
	at org.apache.ibatis.exceptions.ExceptionFactory.wrapException(ExceptionFactory.java:30)
	at org.apache.ibatis.session.defaults.DefaultSqlSession.selectList(DefaultSqlSession.java:122)
	at org.apache.ibatis.session.defaults.DefaultSqlSession.selectList(DefaultSqlSession.java:113)
	at org.activiti.engine.impl.db.DbSqlSession.selectListWithRawParameter(DbSqlSession.java:438)
	at org.activiti.engine.impl.db.DbSqlSession.selectList(DbSqlSession.java:429)
	at org.activiti.engine.impl.db.DbSqlSession.selectList(DbSqlSession.java:419)
	at org.activiti.engine.impl.persistence.entity.ProcessDefinitionEntityManager.findProcessDefinitionsByQueryCriteria(ProcessDefinitionEntityManager.java:57)
	at org.activiti.engine.impl.ProcessDefinitionQueryImpl.executeList(ProcessDefinitionQueryImpl.java:307)
	at org.activiti.engine.impl.AbstractQuery.list(AbstractQuery.java:140)
	at org.activiti.engine.impl.persistence.deploy.DeploymentManager.removeDeployment(DeploymentManager.java:187)
	at org.activiti.engine.impl.cmd.DeleteDeploymentCmd.execute(DeleteDeploymentCmd.java:44)
	at org.activiti.engine.impl.cmd.DeleteDeploymentCmd.execute(DeleteDeploymentCmd.java:24)
	at org.activiti.engine.impl.interceptor.CommandInvoker.execute(CommandInvoker.java:24)
	at org.activiti.engine.impl.interceptor.CommandContextInterceptor.execute(CommandContextInterceptor.java:57)
	at org.activiti.engine.impl.interceptor.LogInterceptor.execute(LogInterceptor.java:37)
	at org.activiti.engine.impl.cfg.CommandExecutorImpl.execute(CommandExecutorImpl.java:40)
	at org.activiti.engine.impl.cfg.CommandExecutorImpl.execute(CommandExecutorImpl.java:35)
	at org.activiti.engine.impl.RepositoryServiceImpl.deleteDeployment(RepositoryServiceImpl.java:90)
	at org.activiti.engine.impl.test.TestHelper.annotationDeploymentTearDown(TestHelper.java:116)
	at org.activiti.engine.impl.test.AbstractActivitiTestCase.runBare(AbstractActivitiTestCase.java:116)
	at junit.framework.TestResult$1.protect(TestResult.java:122)
	at junit.framework.TestResult.runProtected(TestResult.java:142)
	at junit.framework.TestResult.run(TestResult.java:125)
	at junit.framework.TestCase.run(TestCase.java:129)
	at junit.framework.TestSuite.runTest(TestSuite.java:255)
	at junit.framework.TestSuite.run(TestSuite.java:250)
	at org.junit.internal.runners.JUnit38ClassRunner.run(JUnit38ClassRunner.java:84)
	at org.apache.maven.surefire.junit4.JUnit4TestSet.execute(JUnit4TestSet.java:35)
	at org.apache.maven.surefire.junit4.JUnit4Provider.executeTestSet(JUnit4Provider.java:146)
	at org.apache.maven.surefire.junit4.JUnit4Provider.invoke(JUnit4Provider.java:97)
	at sun.reflect.NativeMethodAccessorImpl.invoke0(Native Method)
	at sun.reflect.NativeMethodAccessorImpl.invoke(NativeMethodAccessorImpl.java:62)
	at sun.reflect.DelegatingMethodAccessorImpl.invoke(DelegatingMethodAccessorImpl.java:43)
	at java.lang.reflect.Method.invoke(Method.java:498)
	at org.apache.maven.surefire.booter.ProviderFactory$ClassLoaderProxy.invoke(ProviderFactory.java:103)
	at com.sun.proxy.$Proxy0.invoke(Unknown Source)
	at org.apache.maven.surefire.booter.SurefireStarter.invokeProvider(SurefireStarter.java:145)
	at org.apache.maven.surefire.booter.SurefireStarter.runSuitesInProcess(SurefireStarter.java:87)
	at org.apache.maven.surefire.booter.ForkedBooter.main(ForkedBooter.java:69)
Caused by: org.h2.jdbc.JdbcSQLException: Syntax error in SQL statement &quot;SELECT RES.* 
       
    FROM ACT_RE_PROCDEF RES
     
     WHERE  RES.DEPLOYMENT_ID_ = ? 
   
     ORDER BY  ORDER[*] BY RES.ID_ ASC  
    LIMIT ? OFFSET ? &quot;; expected &quot;=, NOT, EXISTS, INTERSECTS, SELECT, FROM&quot;; SQL statement:
select RES.* 
       
    from ACT_RE_PROCDEF RES
     
     WHERE  RES.DEPLOYMENT_ID_ = ? 
   
     order by  order by RES.ID_ asc  
    LIMIT ? OFFSET ? [42001-176]
	at org.h2.message.DbException.getJdbcSQLException(DbException.java:344)
	at org.h2.message.DbException.getSyntaxError(DbException.java:204)
	at org.h2.command.Parser.getSyntaxError(Parser.java:524)
	at org.h2.command.Parser.readTerm(Parser.java:2688)
	at org.h2.command.Parser.readFactor(Parser.java:2244)
	at org.h2.command.Parser.readSum(Parser.java:2231)
	at org.h2.command.Parser.readConcat(Parser.java:2201)
	at org.h2.command.Parser.readCondition(Parser.java:2051)
	at org.h2.command.Parser.readAnd(Parser.java:2023)
	at org.h2.command.Parser.readExpression(Parser.java:2015)
	at org.h2.command.Parser.parseEndOfQuery(Parser.java:1726)
	at org.h2.command.Parser.parseSelectUnionExtension(Parser.java:1706)
	at org.h2.command.Parser.parseSelectUnion(Parser.java:1675)
	at org.h2.command.Parser.parseSelect(Parser.java:1662)
	at org.h2.command.Parser.parsePrepared(Parser.java:434)
	at org.h2.command.Parser.parse(Parser.java:306)
	at org.h2.command.Parser.parse(Parser.java:282)
	at org.h2.command.Parser.prepareCommand(Parser.java:243)
	at org.h2.engine.Session.prepareLocal(Session.java:442)
	at org.h2.engine.Session.prepareCommand(Session.java:384)
	at org.h2.jdbc.JdbcConnection.prepareCommand(JdbcConnection.java:1188)
	at org.h2.jdbc.JdbcPreparedStatement.&lt;init&gt;(JdbcPreparedStatement.java:73)
	at org.h2.jdbc.JdbcConnection.prepareStatement(JdbcConnection.java:276)
	at sun.reflect.GeneratedMethodAccessor6.invoke(Unknown Source)
	at sun.reflect.DelegatingMethodAccessorImpl.invoke(DelegatingMethodAccessorImpl.java:43)
	at java.lang.reflect.Method.invoke(Method.java:498)
	at org.apache.ibatis.datasource.pooled.PooledConnection.invoke(PooledConnection.java:245)
	at com.sun.proxy.$Proxy12.prepareStatement(Unknown Source)
	at sun.reflect.GeneratedMethodAccessor6.invoke(Unknown Source)
	at sun.reflect.DelegatingMethodAccessorImpl.invoke(DelegatingMethodAccessorImpl.java:43)
	at java.lang.reflect.Method.invoke(Method.java:498)
	at org.apache.ibatis.logging.jdbc.ConnectionLogger.invoke(ConnectionLogger.java:55)
	at com.sun.proxy.$Proxy12.prepareStatement(Unknown Source)
	at org.apache.ibatis.executor.statement.PreparedStatementHandler.instantiateStatement(PreparedStatementHandler.java:79)
	at org.apache.ibatis.executor.statement.BaseStatementHandler.prepare(BaseStatementHandler.java:88)
	at org.apache.ibatis.executor.statement.RoutingStatementHandler.prepare(RoutingStatementHandler.java:58)
	at org.apache.ibatis.executor.SimpleExecutor.prepareStatement(SimpleExecutor.java:76)
	at org.apache.ibatis.executor.SimpleExecutor.doQuery(SimpleExecutor.java:61)
	at org.apache.ibatis.executor.BaseExecutor.queryFromDatabase(BaseExecutor.java:303)
	at org.apache.ibatis.executor.BaseExecutor.query(BaseExecutor.java:154)
	at org.apache.ibatis.executor.CachingExecutor.query(CachingExecutor.java:102)
	at org.apache.ibatis.executor.CachingExecutor.query(CachingExecutor.java:82)
	at org.apache.ibatis.session.defaults.DefaultSqlSession.selectList(DefaultSqlSession.java:120)
	... 37 more
</error>
    <system-out>10:47:09,855 [main] DEBUG org.activiti.engine.impl.test.TestHelper  - annotation @Deployment creates deployment for SubProcessTest.testSimpleSubProcessWithoutEndEvent
10:47:09,856 [main] DEBUG org.activiti.engine.impl.interceptor.LogInterceptor  - 

10:47:09,856 [main] DEBUG org.activiti.engine.impl.interceptor.LogInterceptor  - --- starting DeployCmd --------------------------------------------------------
10:47:09,856 [main] DEBUG org.activiti.engine.impl.bpmn.deployer.BpmnDeployer  - Processing deployment SubProcessTest.testSimpleSubProcessWithoutEndEvent
10:47:09,856 [main] INFO  org.activiti.engine.impl.bpmn.deployer.BpmnDeployer  - Processing resource org/activiti/engine/test/bpmn/subprocess/SubProcessTest.testSimpleSubProcessWithoutEndEvent.bpmn20.xml
10:47:09,862 [main] DEBUG org.activiti.engine.impl.bpmn.parser.handler.ProcessParseHandler  - Parsing process testSimpleSubProcessWithoutEndEvent
10:47:09,862 [main] DEBUG org.activiti.engine.impl.bpmn.parser.handler.AbstractBpmnParseHandler  - Parsing activity subprocess
10:47:09,862 [main] DEBUG org.activiti.engine.impl.bpmn.parser.handler.AbstractBpmnParseHandler  - Parsing activity subprocessScriptTask
10:47:09,862 [main] DEBUG org.activiti.engine.impl.bpmn.parser.handler.AbstractBpmnParseHandler  - Parsing activity subprocessStart
10:47:09,862 [main] DEBUG org.activiti.engine.impl.bpmn.parser.handler.AbstractBpmnParseHandler  - Parsing activity theStart
10:47:09,862 [main] DEBUG org.apache.ibatis.transaction.jdbc.JdbcTransaction  - Opening JDBC Connection
10:47:09,862 [main] DEBUG org.apache.ibatis.datasource.pooled.PooledDataSource  - Checked out connection 297240765 from pool.
10:47:09,862 [main] DEBUG org.apache.ibatis.transaction.jdbc.JdbcTransaction  - Setting autocommit to false on JDBC Connection [conn4: url=jdbc:h2:mem:activiti user=SA]
10:47:09,862 [main] DEBUG org.activiti.engine.impl.persistence.entity.ProcessDefinitionEntity.selectLatestProcessDefinitionByKey  - ==&gt;  Preparing: select * from ACT_RE_PROCDEF where KEY_ = ? and (TENANT_ID_ = &apos;&apos; or TENANT_ID_ is null) and VERSION_ = (select max(VERSION_) from ACT_RE_PROCDEF where KEY_ = ? and (TENANT_ID_ = &apos;&apos; or TENANT_ID_ is null)) 
10:47:09,862 [main] DEBUG org.activiti.engine.impl.persistence.entity.ProcessDefinitionEntity.selectLatestProcessDefinitionByKey  - ==&gt; Parameters: testSimpleSubProcessWithoutEndEvent(String), testSimpleSubProcessWithoutEndEvent(String)
10:47:09,862 [main] DEBUG org.activiti.engine.impl.persistence.entity.ProcessDefinitionEntity.selectLatestProcessDefinitionByKey  - &lt;==      Total: 0
10:47:09,862 [main] DEBUG org.activiti.engine.impl.persistence.entity.JobEntity.selectJobByTypeAndProcessDefinitionKeyNoTenantId  - ==&gt;  Preparing: select J.* from ACT_RU_JOB J inner join ACT_RE_PROCDEF P on J.PROC_DEF_ID_ = P.ID_ where J.HANDLER_TYPE_ = ? and P.KEY_ = ? and (P.TENANT_ID_ = &apos;&apos; or P.TENANT_ID_ is null) 
10:47:09,862 [main] DEBUG org.activiti.engine.impl.persistence.entity.JobEntity.selectJobByTypeAndProcessDefinitionKeyNoTenantId  - ==&gt; Parameters: timer-start-event(String), testSimpleSubProcessWithoutEndEvent(String)
10:47:09,862 [main] DEBUG org.activiti.engine.impl.persistence.entity.JobEntity.selectJobByTypeAndProcessDefinitionKeyNoTenantId  - &lt;==      Total: 0
10:47:09,862 [main] DEBUG org.activiti.engine.impl.persistence.entity.ProcessDefinitionInfoEntity.selectProcessDefinitionInfoByProcessDefinitionId  - ==&gt;  Preparing: select * from ACT_PROCDEF_INFO where PROC_DEF_ID_ = ? 
10:47:09,863 [main] DEBUG org.activiti.engine.impl.persistence.entity.ProcessDefinitionInfoEntity.selectProcessDefinitionInfoByProcessDefinitionId  - ==&gt; Parameters: testSimpleSubProcessWithoutEndEvent:1:201(String)
10:47:09,863 [main] DEBUG org.activiti.engine.impl.persistence.entity.ProcessDefinitionInfoEntity.selectProcessDefinitionInfoByProcessDefinitionId  - &lt;==      Total: 0
10:47:09,863 [main] DEBUG org.activiti.engine.impl.interceptor.LogInterceptor  - 

10:47:09,863 [main] DEBUG org.activiti.engine.impl.interceptor.LogInterceptor  - --- starting GetProcessDefinitionInfoCmd --------------------------------------------------------
10:47:09,863 [main] DEBUG org.activiti.engine.impl.interceptor.CommandContextInterceptor  - Valid context found. Reusing it for the current command &apos;org.activiti.engine.impl.cmd.GetProcessDefinitionInfoCmd&apos;
10:47:09,863 [main] DEBUG org.activiti.engine.impl.interceptor.LogInterceptor  - 

10:47:09,863 [main] DEBUG org.activiti.engine.impl.interceptor.LogInterceptor  - --- starting  --------------------------------------------------------
10:47:09,863 [main] DEBUG org.activiti.engine.impl.interceptor.CommandContextInterceptor  - Valid context found. Reusing it for the current command &apos;null&apos;
10:47:09,863 [main] DEBUG org.activiti.engine.impl.interceptor.LogInterceptor  - ---  finished --------------------------------------------------------
10:47:09,863 [main] DEBUG org.activiti.engine.impl.interceptor.LogInterceptor  - 

10:47:09,863 [main] DEBUG org.activiti.engine.impl.interceptor.LogInterceptor  - --- GetProcessDefinitionInfoCmd finished --------------------------------------------------------
10:47:09,863 [main] DEBUG org.activiti.engine.impl.interceptor.LogInterceptor  - 

10:47:09,863 [main] DEBUG org.activiti.engine.impl.db.DbSqlSession  -   insert ResourceEntity[id=200, name=org/activiti/engine/test/bpmn/subprocess/SubProcessTest.testSimpleSubProcessWithoutEndEvent.bpmn20.xml]
10:47:09,863 [main] DEBUG org.activiti.engine.impl.db.DbSqlSession  -   insert DeploymentEntity[id=199, name=SubProcessTest.testSimpleSubProcessWithoutEndEvent]
10:47:09,863 [main] DEBUG org.activiti.engine.impl.db.DbSqlSession  -   insert ProcessDefinitionEntity[testSimpleSubProcessWithoutEndEvent:1:201]
10:47:09,863 [main] DEBUG org.activiti.engine.impl.db.DbSqlSession  - flush summary: 3 insert, 0 update, 0 delete.
10:47:09,863 [main] DEBUG org.activiti.engine.impl.db.DbSqlSession  - now executing flush...
10:47:09,863 [main] DEBUG org.activiti.engine.impl.db.DbSqlSession  - inserting: ProcessDefinitionEntity[testSimpleSubProcessWithoutEndEvent:1:201]
10:47:09,863 [main] DEBUG org.activiti.engine.impl.persistence.entity.ProcessDefinitionEntity.insertProcessDefinition  - ==&gt;  Preparing: insert into ACT_RE_PROCDEF(ID_, REV_, CATEGORY_, NAME_, KEY_, VERSION_, DEPLOYMENT_ID_, RESOURCE_NAME_, DGRM_RESOURCE_NAME_, DESCRIPTION_, HAS_START_FORM_KEY_, HAS_GRAPHICAL_NOTATION_ , SUSPENSION_STATE_, TENANT_ID_) values (?, 1, ?, ?, ?, ?, ?, ?, ?, ?, ?, ?, ?, ?) 
10:47:09,863 [main] DEBUG org.activiti.engine.impl.persistence.entity.ProcessDefinitionEntity.insertProcessDefinition  - ==&gt; Parameters: testSimpleSubProcessWithoutEndEvent:1:201(String), Examples(String), null, testSimpleSubProcessWithoutEndEvent(String), 1(Integer), 199(String), org/activiti/engine/test/bpmn/subprocess/SubProcessTest.testSimpleSubProcessWithoutEndEvent.bpmn20.xml(String), null, null, false(Boolean), false(Boolean), 1(Integer), (String)
10:47:09,863 [main] DEBUG org.activiti.engine.impl.persistence.entity.ProcessDefinitionEntity.insertProcessDefinition  - &lt;==    Updates: 1
10:47:09,863 [main] DEBUG org.activiti.engine.impl.db.DbSqlSession  - inserting: DeploymentEntity[id=199, name=SubProcessTest.testSimpleSubProcessWithoutEndEvent]
10:47:09,863 [main] DEBUG org.activiti.engine.impl.persistence.entity.DeploymentEntity.insertDeployment  - ==&gt;  Preparing: insert into ACT_RE_DEPLOYMENT(ID_, NAME_, CATEGORY_, TENANT_ID_, DEPLOY_TIME_) values(?, ?, ?, ?, ?) 
10:47:09,863 [main] DEBUG org.activiti.engine.impl.persistence.entity.DeploymentEntity.insertDeployment  - ==&gt; Parameters: 199(String), SubProcessTest.testSimpleSubProcessWithoutEndEvent(String), null, (String), 2023-03-20 10:46:46.742(Timestamp)
10:47:09,864 [main] DEBUG org.activiti.engine.impl.persistence.entity.DeploymentEntity.insertDeployment  - &lt;==    Updates: 1
10:47:09,864 [main] DEBUG org.activiti.engine.impl.db.DbSqlSession  - inserting: ResourceEntity[id=200, name=org/activiti/engine/test/bpmn/subprocess/SubProcessTest.testSimpleSubProcessWithoutEndEvent.bpmn20.xml]
10:47:09,864 [main] DEBUG org.activiti.engine.impl.persistence.entity.ResourceEntity.insertResource  - ==&gt;  Preparing: insert into ACT_GE_BYTEARRAY(ID_, REV_, NAME_, BYTES_, DEPLOYMENT_ID_, GENERATED_) values (?, 1, ?, ?, ?, ?) 
10:47:09,864 [main] DEBUG org.activiti.engine.impl.persistence.entity.ResourceEntity.insertResource  - ==&gt; Parameters: 200(String), org/activiti/engine/test/bpmn/subprocess/SubProcessTest.testSimpleSubProcessWithoutEndEvent.bpmn20.xml(String), java.io.ByteArrayInputStream@5dbb410b(ByteArrayInputStream), 199(String), false(Boolean)
10:47:09,864 [main] DEBUG org.activiti.engine.impl.persistence.entity.ResourceEntity.insertResource  - &lt;==    Updates: 1
10:47:09,864 [main] DEBUG org.activiti.engine.impl.cfg.standalone.StandaloneMybatisTransactionContext  - firing event committing...
10:47:09,864 [main] DEBUG org.activiti.engine.impl.cfg.standalone.StandaloneMybatisTransactionContext  - committing the ibatis sql session...
10:47:09,864 [main] DEBUG org.apache.ibatis.transaction.jdbc.JdbcTransaction  - Committing JDBC Connection [conn4: url=jdbc:h2:mem:activiti user=SA]
10:47:09,864 [main] DEBUG org.activiti.engine.impl.cfg.standalone.StandaloneMybatisTransactionContext  - firing event committed...
10:47:09,864 [main] DEBUG org.apache.ibatis.transaction.jdbc.JdbcTransaction  - Resetting autocommit to true on JDBC Connection [conn4: url=jdbc:h2:mem:activiti user=SA]
10:47:09,864 [main] DEBUG org.apache.ibatis.transaction.jdbc.JdbcTransaction  - Closing JDBC Connection [conn4: url=jdbc:h2:mem:activiti user=SA]
10:47:09,864 [main] DEBUG org.apache.ibatis.datasource.pooled.PooledDataSource  - Returned connection 297240765 to pool.
10:47:09,864 [main] DEBUG org.activiti.engine.impl.interceptor.LogInterceptor  - --- DeployCmd finished --------------------------------------------------------
10:47:09,864 [main] DEBUG org.activiti.engine.impl.interceptor.LogInterceptor  - 

10:47:09,864 [main] DEBUG org.activiti.engine.impl.test.PvmTestCase  - 

10:47:09,864 [main] DEBUG org.activiti.engine.impl.test.PvmTestCase  - #### START SubProcessTest.testSimpleSubProcessWithoutEndEvent ###########################################################
10:47:09,864 [main] DEBUG org.activiti.engine.impl.interceptor.LogInterceptor  - 

10:47:09,864 [main] DEBUG org.activiti.engine.impl.interceptor.LogInterceptor  - --- starting StartProcessInstanceCmd --------------------------------------------------------
10:47:09,864 [main] DEBUG org.apache.ibatis.transaction.jdbc.JdbcTransaction  - Opening JDBC Connection
10:47:09,864 [main] DEBUG org.apache.ibatis.datasource.pooled.PooledDataSource  - Checked out connection 363509958 from pool.
10:47:09,864 [main] DEBUG org.apache.ibatis.transaction.jdbc.JdbcTransaction  - Setting autocommit to false on JDBC Connection [conn2: url=jdbc:h2:mem:activiti user=SA]
10:47:09,864 [main] DEBUG org.activiti.engine.impl.persistence.entity.ProcessDefinitionEntity.selectLatestProcessDefinitionByKey  - ==&gt;  Preparing: select * from ACT_RE_PROCDEF where KEY_ = ? and (TENANT_ID_ = &apos;&apos; or TENANT_ID_ is null) and VERSION_ = (select max(VERSION_) from ACT_RE_PROCDEF where KEY_ = ? and (TENANT_ID_ = &apos;&apos; or TENANT_ID_ is null)) 
10:47:09,864 [main] DEBUG org.activiti.engine.impl.persistence.entity.ProcessDefinitionEntity.selectLatestProcessDefinitionByKey  - ==&gt; Parameters: testSimpleSubProcessWithoutEndEvent(String), testSimpleSubProcessWithoutEndEvent(String)
10:47:09,865 [main] DEBUG org.activiti.engine.impl.persistence.entity.ProcessDefinitionEntity.selectLatestProcessDefinitionByKey  - &lt;==      Total: 1
10:47:09,865 [main] DEBUG org.activiti.engine.impl.persistence.entity.ExecutionEntity  - initializing ProcessInstance[202]
10:47:09,865 [main] DEBUG org.activiti.engine.impl.history.DefaultHistoryManager  - Current history level: FULL, level required: ACTIVITY
10:47:09,865 [main] DEBUG org.activiti.engine.impl.pvm.runtime.AtomicOperationActivityExecute  - ProcessInstance[202] executes Activity(theStart): org.activiti.engine.impl.bpmn.behavior.NoneStartEventActivityBehavior
10:47:09,865 [main] DEBUG org.activiti.engine.impl.persistence.entity.JobEntity.selectJobsByExecutionId  - ==&gt;  Preparing: select * from ACT_RU_JOB J where J.EXECUTION_ID_ = ? 
10:47:09,865 [main] DEBUG org.activiti.engine.impl.persistence.entity.JobEntity.selectJobsByExecutionId  - ==&gt; Parameters: 202(String)
10:47:09,865 [main] DEBUG org.activiti.engine.impl.persistence.entity.JobEntity.selectJobsByExecutionId  - &lt;==      Total: 0
10:47:09,865 [main] DEBUG org.activiti.engine.impl.bpmn.behavior.BpmnActivityBehavior  - Leaving activity &apos;theStart&apos;
10:47:09,865 [main] DEBUG org.activiti.engine.impl.history.DefaultHistoryManager  - Current history level: FULL, level required: ACTIVITY
10:47:09,865 [main] DEBUG org.activiti.engine.impl.pvm.runtime.AtomicOperationTransitionNotifyListenerTake  - ProcessInstance[202] takes transition (theStart)--flow1--&gt;(subprocess)
10:47:09,865 [main] DEBUG org.activiti.engine.impl.persistence.entity.ExecutionEntity  - Child execution ScopeExecution[204] created with parent 
10:47:09,865 [main] DEBUG org.activiti.engine.impl.pvm.runtime.AtomicOperationTransitionCreateScope  - create scope: parent ProcessInstance[202] continues as execution ScopeExecution[204]
10:47:09,865 [main] DEBUG org.activiti.engine.impl.persistence.entity.ExecutionEntity  - initializing ScopeExecution[204]
10:47:09,865 [main] DEBUG org.activiti.engine.impl.history.DefaultHistoryManager  - Current history level: FULL, level required: ACTIVITY
10:47:09,865 [main] DEBUG org.activiti.engine.impl.pvm.runtime.AtomicOperationActivityExecute  - ScopeExecution[204] executes Activity(subprocess): org.activiti.engine.impl.bpmn.behavior.SubProcessActivityBehavior
10:47:09,865 [main] DEBUG org.activiti.engine.impl.history.DefaultHistoryManager  - Current history level: FULL, level required: ACTIVITY
10:47:09,865 [main] DEBUG org.activiti.engine.impl.pvm.runtime.AtomicOperationActivityExecute  - ScopeExecution[204] executes Activity(subprocessStart): org.activiti.engine.impl.bpmn.behavior.NoneStartEventActivityBehavior
10:47:09,866 [main] DEBUG org.activiti.engine.impl.persistence.entity.JobEntity.selectJobsByExecutionId  - ==&gt;  Preparing: select * from ACT_RU_JOB J where J.EXECUTION_ID_ = ? 
10:47:09,866 [main] DEBUG org.activiti.engine.impl.persistence.entity.JobEntity.selectJobsByExecutionId  - ==&gt; Parameters: 204(String)
10:47:09,866 [main] DEBUG org.activiti.engine.impl.persistence.entity.JobEntity.selectJobsByExecutionId  - &lt;==      Total: 0
10:47:09,866 [main] DEBUG org.activiti.engine.impl.bpmn.behavior.BpmnActivityBehavior  - Leaving activity &apos;subprocessStart&apos;
10:47:09,866 [main] DEBUG org.activiti.engine.impl.history.DefaultHistoryManager  - Current history level: FULL, level required: ACTIVITY
10:47:09,866 [main] DEBUG org.activiti.engine.impl.pvm.runtime.AtomicOperationTransitionNotifyListenerTake  - ScopeExecution[204] takes transition (subprocessStart)--subFlow1--&gt;(subprocessScriptTask)
10:47:09,866 [main] DEBUG org.activiti.engine.impl.history.DefaultHistoryManager  - Current history level: FULL, level required: ACTIVITY
10:47:09,866 [main] DEBUG org.activiti.engine.impl.pvm.runtime.AtomicOperationActivityExecute  - ScopeExecution[204] executes Activity(subprocessScriptTask): org.activiti.engine.impl.bpmn.behavior.ScriptTaskActivityBehavior
10:47:09,866 [main] DEBUG org.activiti.engine.impl.interceptor.LogInterceptor  - 

10:47:09,866 [main] DEBUG org.activiti.engine.impl.interceptor.LogInterceptor  - --- starting  --------------------------------------------------------
10:47:09,866 [main] DEBUG org.activiti.engine.impl.interceptor.CommandContextInterceptor  - Valid context found. Reusing it for the current command &apos;null&apos;
10:47:09,866 [main] DEBUG org.activiti.engine.impl.persistence.entity.ProcessDefinitionInfoEntity.selectProcessDefinitionInfoByProcessDefinitionId  - ==&gt;  Preparing: select * from ACT_PROCDEF_INFO where PROC_DEF_ID_ = ? 
10:47:09,866 [main] DEBUG org.activiti.engine.impl.persistence.entity.ProcessDefinitionInfoEntity.selectProcessDefinitionInfoByProcessDefinitionId  - ==&gt; Parameters: testSimpleSubProcessWithoutEndEvent:1:201(String)
10:47:09,866 [main] DEBUG org.activiti.engine.impl.persistence.entity.ProcessDefinitionInfoEntity.selectProcessDefinitionInfoByProcessDefinitionId  - &lt;==      Total: 0
10:47:09,866 [main] DEBUG org.activiti.engine.impl.interceptor.LogInterceptor  - ---  finished --------------------------------------------------------
10:47:09,866 [main] DEBUG org.activiti.engine.impl.interceptor.LogInterceptor  - 

Hello from Script Task
10:47:09,873 [main] DEBUG org.activiti.engine.impl.bpmn.behavior.BpmnActivityBehavior  - Leaving activity &apos;subprocessScriptTask&apos;
10:47:09,873 [main] DEBUG org.activiti.engine.impl.bpmn.behavior.BpmnActivityBehavior  - No outgoing sequence flow found for subprocessScriptTask. Ending execution.
10:47:09,873 [main] DEBUG org.activiti.engine.impl.history.DefaultHistoryManager  - Current history level: FULL, level required: ACTIVITY
10:47:09,873 [main] DEBUG org.activiti.engine.impl.bpmn.behavior.BpmnActivityBehavior  - Leaving activity &apos;subprocess&apos;
10:47:09,873 [main] DEBUG org.activiti.engine.impl.bpmn.behavior.BpmnActivityBehavior  - No outgoing sequence flow found for subprocess. Ending execution.
10:47:09,873 [main] DEBUG org.activiti.engine.impl.history.DefaultHistoryManager  - Current history level: FULL, level required: ACTIVITY
10:47:09,873 [main] DEBUG org.activiti.engine.impl.persistence.entity.ExecutionEntity  - destroying ScopeExecution[204]
10:47:09,874 [main] DEBUG org.activiti.engine.impl.persistence.entity.TaskEntity.selectTasksByExecutionId  - ==&gt;  Preparing: select distinct T.* from ACT_RU_TASK T where T.EXECUTION_ID_ = ? 
10:47:09,874 [main] DEBUG org.activiti.engine.impl.persistence.entity.TaskEntity.selectTasksByExecutionId  - ==&gt; Parameters: 204(String)
10:47:09,874 [main] DEBUG org.activiti.engine.impl.persistence.entity.TaskEntity.selectTasksByExecutionId  - &lt;==      Total: 0
10:47:09,874 [main] DEBUG org.activiti.engine.impl.persistence.entity.IdentityLinkEntity.selectIdentityLinksByProcessInstance  - ==&gt;  Preparing: select * from ACT_RU_IDENTITYLINK where PROC_INST_ID_ = ? 
10:47:09,874 [main] DEBUG org.activiti.engine.impl.persistence.entity.IdentityLinkEntity.selectIdentityLinksByProcessInstance  - ==&gt; Parameters: 204(String)
10:47:09,874 [main] DEBUG org.activiti.engine.impl.persistence.entity.IdentityLinkEntity.selectIdentityLinksByProcessInstance  - &lt;==      Total: 0
10:47:09,874 [main] DEBUG org.activiti.engine.impl.history.DefaultHistoryManager  - Current history level: FULL, level required: ACTIVITY
10:47:09,875 [main] DEBUG org.activiti.engine.impl.persistence.entity.HistoricActivityInstanceEntity.selectHistoricActivityInstancesByQueryCriteria  - ==&gt;  Preparing: select RES.* from ACT_HI_ACTINST RES WHERE RES.EXECUTION_ID_ = ? and RES.ACT_ID_ = ? and RES.END_TIME_ is null order by order by RES.ID_ asc LIMIT ? OFFSET ? 
10:47:09,875 [main] DEBUG org.activiti.engine.impl.interceptor.CommandContext  - Error while closing command context
org.apache.ibatis.exceptions.PersistenceException: 
### Error querying database.  Cause: org.h2.jdbc.JdbcSQLException: Syntax error in SQL statement &quot;SELECT RES.* 
     
    FROM ACT_HI_ACTINST RES
     WHERE  RES.EXECUTION_ID_ = ?
      
      
      
        AND RES.ACT_ID_ = ?
      
      
      
      
      
      
      
      
        AND RES.END_TIME_ IS NULL 
   
     ORDER BY  ORDER[*] BY RES.ID_ ASC  
    LIMIT ? OFFSET ? &quot;; expected &quot;=, NOT, EXISTS, INTERSECTS, SELECT, FROM&quot;; SQL statement:
select RES.* 
     
    from ACT_HI_ACTINST RES
     WHERE  RES.EXECUTION_ID_ = ?
      
      
      
        and RES.ACT_ID_ = ?
      
      
      
      
      
      
      
      
        and RES.END_TIME_ is null 
   
     order by  order by RES.ID_ asc  
    LIMIT ? OFFSET ? [42001-176]
### The error may exist in org/activiti/db/mapping/entity/HistoricActivityInstance.xml
### The error may involve org.activiti.engine.impl.persistence.entity.HistoricActivityInstanceEntity.selectHistoricActivityInstancesByQueryCriteria
### The error occurred while executing a query
### SQL: select RES.*            from ACT_HI_ACTINST RES      WHERE  RES.EXECUTION_ID_ = ?                              and RES.ACT_ID_ = ?                                                                 and RES.END_TIME_ is null           order by  order by RES.ID_ asc       LIMIT ? OFFSET ?
### Cause: org.h2.jdbc.JdbcSQLException: Syntax error in SQL statement &quot;SELECT RES.* 
     
    FROM ACT_HI_ACTINST RES
     WHERE  RES.EXECUTION_ID_ = ?
      
      
      
        AND RES.ACT_ID_ = ?
      
      
      
      
      
      
      
      
        AND RES.END_TIME_ IS NULL 
   
     ORDER BY  ORDER[*] BY RES.ID_ ASC  
    LIMIT ? OFFSET ? &quot;; expected &quot;=, NOT, EXISTS, INTERSECTS, SELECT, FROM&quot;; SQL statement:
select RES.* 
     
    from ACT_HI_ACTINST RES
     WHERE  RES.EXECUTION_ID_ = ?
      
      
      
        and RES.ACT_ID_ = ?
      
      
      
      
      
      
      
      
        and RES.END_TIME_ is null 
   
     order by  order by RES.ID_ asc  
    LIMIT ? OFFSET ? [42001-176]
	at org.apache.ibatis.exceptions.ExceptionFactory.wrapException(ExceptionFactory.java:30)
	at org.apache.ibatis.session.defaults.DefaultSqlSession.selectList(DefaultSqlSession.java:122)
	at org.apache.ibatis.session.defaults.DefaultSqlSession.selectList(DefaultSqlSession.java:113)
	at org.activiti.engine.impl.db.DbSqlSession.selectListWithRawParameter(DbSqlSession.java:438)
	at org.activiti.engine.impl.db.DbSqlSession.selectList(DbSqlSession.java:429)
	at org.activiti.engine.impl.db.DbSqlSession.selectList(DbSqlSession.java:419)
	at org.activiti.engine.impl.persistence.entity.HistoricActivityInstanceEntityManager.findHistoricActivityInstancesByQueryCriteria(HistoricActivityInstanceEntityManager.java:56)
	at org.activiti.engine.impl.HistoricActivityInstanceQueryImpl.executeList(HistoricActivityInstanceQueryImpl.java:70)
	at org.activiti.engine.impl.AbstractQuery.listPage(AbstractQuery.java:151)
	at org.activiti.engine.impl.history.DefaultHistoryManager.findActivityInstance(DefaultHistoryManager.java:355)
	at org.activiti.engine.impl.history.DefaultHistoryManager.recordActivityEnd(DefaultHistoryManager.java:281)
	at org.activiti.engine.impl.history.handler.ActivityInstanceEndHandler.notify(ActivityInstanceEndHandler.java:29)
	at org.activiti.engine.impl.pvm.runtime.AbstractEventAtomicOperation.execute(AbstractEventAtomicOperation.java:42)
	at org.activiti.engine.impl.interceptor.CommandContext.performOperation(CommandContext.java:97)
	at org.activiti.engine.impl.persistence.entity.ExecutionEntity.performOperationSync(ExecutionEntity.java:636)
	at org.activiti.engine.impl.persistence.entity.ExecutionEntity.performOperation(ExecutionEntity.java:629)
	at org.activiti.engine.impl.persistence.entity.ExecutionEntity.end(ExecutionEntity.java:399)
	at org.activiti.engine.impl.pvm.runtime.AtomicOperationActivityEnd.eventNotificationsCompleted(AtomicOperationActivityEnd.java:108)
	at org.activiti.engine.impl.pvm.runtime.AbstractEventAtomicOperation.execute(AbstractEventAtomicOperation.java:56)
	at org.activiti.engine.impl.interceptor.CommandContext.performOperation(CommandContext.java:97)
	at org.activiti.engine.impl.persistence.entity.ExecutionEntity.performOperationSync(ExecutionEntity.java:636)
	at org.activiti.engine.impl.persistence.entity.ExecutionEntity.performOperation(ExecutionEntity.java:629)
	at org.activiti.engine.impl.pvm.runtime.AbstractEventAtomicOperation.execute(AbstractEventAtomicOperation.java:49)
	at org.activiti.engine.impl.interceptor.CommandContext.performOperation(CommandContext.java:97)
	at org.activiti.engine.impl.persistence.entity.ExecutionEntity.performOperationSync(ExecutionEntity.java:636)
	at org.activiti.engine.impl.persistence.entity.ExecutionEntity.performOperation(ExecutionEntity.java:629)
	at org.activiti.engine.impl.persistence.entity.ExecutionEntity.end(ExecutionEntity.java:399)
	at org.activiti.engine.impl.bpmn.behavior.BpmnActivityBehavior.performOutgoingBehavior(BpmnActivityBehavior.java:176)
	at org.activiti.engine.impl.bpmn.behavior.BpmnActivityBehavior.performDefaultOutgoingBehavior(BpmnActivityBehavior.java:66)
	at org.activiti.engine.impl.bpmn.behavior.SubProcessActivityBehavior.lastExecutionEnded(SubProcessActivityBehavior.java:67)
	at org.activiti.engine.impl.pvm.runtime.AtomicOperationActivityEnd.eventNotificationsCompleted(AtomicOperationActivityEnd.java:95)
	at org.activiti.engine.impl.pvm.runtime.AbstractEventAtomicOperation.execute(AbstractEventAtomicOperation.java:56)
	at org.activiti.engine.impl.interceptor.CommandContext.performOperation(CommandContext.java:97)
	at org.activiti.engine.impl.persistence.entity.ExecutionEntity.performOperationSync(ExecutionEntity.java:636)
	at org.activiti.engine.impl.persistence.entity.ExecutionEntity.performOperation(ExecutionEntity.java:629)
	at org.activiti.engine.impl.pvm.runtime.AbstractEventAtomicOperation.execute(AbstractEventAtomicOperation.java:49)
	at org.activiti.engine.impl.interceptor.CommandContext.performOperation(CommandContext.java:97)
	at org.activiti.engine.impl.persistence.entity.ExecutionEntity.performOperationSync(ExecutionEntity.java:636)
	at org.activiti.engine.impl.persistence.entity.ExecutionEntity.performOperation(ExecutionEntity.java:629)
	at org.activiti.engine.impl.persistence.entity.ExecutionEntity.end(ExecutionEntity.java:399)
	at org.activiti.engine.impl.bpmn.behavior.BpmnActivityBehavior.performOutgoingBehavior(BpmnActivityBehavior.java:176)
	at org.activiti.engine.impl.bpmn.behavior.BpmnActivityBehavior.performDefaultOutgoingBehavior(BpmnActivityBehavior.java:66)
	at org.activiti.engine.impl.bpmn.behavior.FlowNodeActivityBehavior.leave(FlowNodeActivityBehavior.java:44)
	at org.activiti.engine.impl.bpmn.behavior.AbstractBpmnActivityBehavior.leave(AbstractBpmnActivityBehavior.java:47)
	at org.activiti.engine.impl.bpmn.behavior.ScriptTaskActivityBehavior.execute(ScriptTaskActivityBehavior.java:97)
	at org.activiti.engine.impl.pvm.runtime.AtomicOperationActivityExecute.execute(AtomicOperationActivityExecute.java:60)
	at org.activiti.engine.impl.interceptor.CommandContext.performOperation(CommandContext.java:97)
	at org.activiti.engine.impl.persistence.entity.ExecutionEntity.performOperationSync(ExecutionEntity.java:636)
	at org.activiti.engine.impl.persistence.entity.ExecutionEntity.performOperation(ExecutionEntity.java:629)
	at org.activiti.engine.impl.pvm.runtime.AtomicOperationTransitionNotifyListenerStart.eventNotificationsCompleted(AtomicOperationTransitionNotifyListenerStart.java:52)
	at org.activiti.engine.impl.pvm.runtime.AbstractEventAtomicOperation.execute(AbstractEventAtomicOperation.java:56)
	at org.activiti.engine.impl.interceptor.CommandContext.performOperation(CommandContext.java:97)
	at org.activiti.engine.impl.persistence.entity.ExecutionEntity.performOperationSync(ExecutionEntity.java:636)
	at org.activiti.engine.impl.persistence.entity.ExecutionEntity.performOperation(ExecutionEntity.java:629)
	at org.activiti.engine.impl.pvm.runtime.AbstractEventAtomicOperation.execute(AbstractEventAtomicOperation.java:49)
	at org.activiti.engine.impl.interceptor.CommandContext.performOperation(CommandContext.java:97)
	at org.activiti.engine.impl.persistence.entity.ExecutionEntity.performOperationSync(ExecutionEntity.java:636)
	at org.activiti.engine.impl.persistence.entity.ExecutionEntity.performOperation(ExecutionEntity.java:629)
	at org.activiti.engine.impl.pvm.runtime.AtomicOperationTransitionCreateScope.execute(AtomicOperationTransitionCreateScope.java:49)
	at org.activiti.engine.impl.interceptor.CommandContext.performOperation(CommandContext.java:97)
	at org.activiti.engine.impl.persistence.entity.ExecutionEntity.performOperationSync(ExecutionEntity.java:636)
	at org.activiti.engine.impl.persistence.entity.ExecutionEntity.performOperation(ExecutionEntity.java:629)
	at org.activiti.engine.impl.pvm.runtime.AtomicOperationTransitionNotifyListenerTake.execute(AtomicOperationTransitionNotifyListenerTake.java:80)
	at org.activiti.engine.impl.interceptor.CommandContext.performOperation(CommandContext.java:97)
	at org.activiti.engine.impl.persistence.entity.ExecutionEntity.performOperationSync(ExecutionEntity.java:636)
	at org.activiti.engine.impl.persistence.entity.ExecutionEntity.performOperation(ExecutionEntity.java:629)
	at org.activiti.engine.impl.pvm.runtime.AtomicOperationTransitionDestroyScope.execute(AtomicOperationTransitionDestroyScope.java:116)
	at org.activiti.engine.impl.interceptor.CommandContext.performOperation(CommandContext.java:97)
	at org.activiti.engine.impl.persistence.entity.ExecutionEntity.performOperationSync(ExecutionEntity.java:636)
	at org.activiti.engine.impl.persistence.entity.ExecutionEntity.performOperation(ExecutionEntity.java:629)
	at org.activiti.engine.impl.pvm.runtime.AtomicOperationTransitionNotifyListenerEnd.eventNotificationsCompleted(AtomicOperationTransitionNotifyListenerEnd.java:35)
	at org.activiti.engine.impl.pvm.runtime.AbstractEventAtomicOperation.execute(AbstractEventAtomicOperation.java:56)
	at org.activiti.engine.impl.interceptor.CommandContext.performOperation(CommandContext.java:97)
	at org.activiti.engine.impl.persistence.entity.ExecutionEntity.performOperationSync(ExecutionEntity.java:636)
	at org.activiti.engine.impl.persistence.entity.ExecutionEntity.performOperation(ExecutionEntity.java:629)
	at org.activiti.engine.impl.pvm.runtime.AbstractEventAtomicOperation.execute(AbstractEventAtomicOperation.java:49)
	at org.activiti.engine.impl.interceptor.CommandContext.performOperation(CommandContext.java:97)
	at org.activiti.engine.impl.persistence.entity.ExecutionEntity.performOperationSync(ExecutionEntity.java:636)
	at org.activiti.engine.impl.persistence.entity.ExecutionEntity.performOperation(ExecutionEntity.java:629)
	at org.activiti.engine.impl.persistence.entity.ExecutionEntity.take(ExecutionEntity.java:453)
	at org.activiti.engine.impl.persistence.entity.ExecutionEntity.take(ExecutionEntity.java:431)
	at org.activiti.engine.impl.bpmn.behavior.BpmnActivityBehavior.performOutgoingBehavior(BpmnActivityBehavior.java:140)
	at org.activiti.engine.impl.bpmn.behavior.BpmnActivityBehavior.performDefaultOutgoingBehavior(BpmnActivityBehavior.java:66)
	at org.activiti.engine.impl.bpmn.behavior.FlowNodeActivityBehavior.leave(FlowNodeActivityBehavior.java:44)
	at org.activiti.engine.impl.bpmn.behavior.FlowNodeActivityBehavior.execute(FlowNodeActivityBehavior.java:36)
	at org.activiti.engine.impl.pvm.runtime.AtomicOperationActivityExecute.execute(AtomicOperationActivityExecute.java:60)
	at org.activiti.engine.impl.interceptor.CommandContext.performOperation(CommandContext.java:97)
	at org.activiti.engine.impl.persistence.entity.ExecutionEntity.performOperationSync(ExecutionEntity.java:636)
	at org.activiti.engine.impl.persistence.entity.ExecutionEntity.performOperation(ExecutionEntity.java:629)
	at org.activiti.engine.impl.pvm.runtime.AtomicOperationActivityStart.eventNotificationsCompleted(AtomicOperationActivityStart.java:26)
	at org.activiti.engine.impl.pvm.runtime.AbstractEventAtomicOperation.execute(AbstractEventAtomicOperation.java:56)
	at org.activiti.engine.impl.interceptor.CommandContext.performOperation(CommandContext.java:97)
	at org.activiti.engine.impl.persistence.entity.ExecutionEntity.performOperationSync(ExecutionEntity.java:636)
	at org.activiti.engine.impl.persistence.entity.ExecutionEntity.performOperation(ExecutionEntity.java:629)
	at org.activiti.engine.impl.persistence.entity.ExecutionEntity.executeActivity(ExecutionEntity.java:458)
	at org.activiti.engine.impl.bpmn.behavior.SubProcessActivityBehavior.execute(SubProcessActivityBehavior.java:55)
	at org.activiti.engine.impl.pvm.runtime.AtomicOperationActivityExecute.execute(AtomicOperationActivityExecute.java:60)
	at org.activiti.engine.impl.interceptor.CommandContext.performOperation(CommandContext.java:97)
	at org.activiti.engine.impl.persistence.entity.ExecutionEntity.performOperationSync(ExecutionEntity.java:636)
	at org.activiti.engine.impl.persistence.entity.ExecutionEntity.performOperation(ExecutionEntity.java:629)
	at org.activiti.engine.impl.pvm.runtime.AtomicOperationTransitionNotifyListenerStart.eventNotificationsCompleted(AtomicOperationTransitionNotifyListenerStart.java:52)
	at org.activiti.engine.impl.pvm.runtime.AbstractEventAtomicOperation.execute(AbstractEventAtomicOperation.java:56)
	at org.activiti.engine.impl.interceptor.CommandContext.performOperation(CommandContext.java:97)
	at org.activiti.engine.impl.persistence.entity.ExecutionEntity.performOperationSync(ExecutionEntity.java:636)
	at org.activiti.engine.impl.persistence.entity.ExecutionEntity.performOperation(ExecutionEntity.java:629)
	at org.activiti.engine.impl.pvm.runtime.AbstractEventAtomicOperation.execute(AbstractEventAtomicOperation.java:49)
	at org.activiti.engine.impl.interceptor.CommandContext.performOperation(CommandContext.java:97)
	at org.activiti.engine.impl.persistence.entity.ExecutionEntity.performOperationSync(ExecutionEntity.java:636)
	at org.activiti.engine.impl.persistence.entity.ExecutionEntity.performOperation(ExecutionEntity.java:629)
	at org.activiti.engine.impl.pvm.runtime.AtomicOperationTransitionCreateScope.execute(AtomicOperationTransitionCreateScope.java:49)
	at org.activiti.engine.impl.interceptor.CommandContext.performOperation(CommandContext.java:97)
	at org.activiti.engine.impl.persistence.entity.ExecutionEntity.performOperationSync(ExecutionEntity.java:636)
	at org.activiti.engine.impl.persistence.entity.ExecutionEntity.performOperation(ExecutionEntity.java:629)
	at org.activiti.engine.impl.pvm.runtime.AtomicOperationTransitionNotifyListenerTake.execute(AtomicOperationTransitionNotifyListenerTake.java:80)
	at org.activiti.engine.impl.interceptor.CommandContext.performOperation(CommandContext.java:97)
	at org.activiti.engine.impl.persistence.entity.ExecutionEntity.performOperationSync(ExecutionEntity.java:636)
	at org.activiti.engine.impl.persistence.entity.ExecutionEntity.performOperation(ExecutionEntity.java:629)
	at org.activiti.engine.impl.pvm.runtime.AtomicOperationTransitionDestroyScope.execute(AtomicOperationTransitionDestroyScope.java:116)
	at org.activiti.engine.impl.interceptor.CommandContext.performOperation(CommandContext.java:97)
	at org.activiti.engine.impl.persistence.entity.ExecutionEntity.performOperationSync(ExecutionEntity.java:636)
	at org.activiti.engine.impl.persistence.entity.ExecutionEntity.performOperation(ExecutionEntity.java:629)
	at org.activiti.engine.impl.pvm.runtime.AtomicOperationTransitionNotifyListenerEnd.eventNotificationsCompleted(AtomicOperationTransitionNotifyListenerEnd.java:35)
	at org.activiti.engine.impl.pvm.runtime.AbstractEventAtomicOperation.execute(AbstractEventAtomicOperation.java:56)
	at org.activiti.engine.impl.interceptor.CommandContext.performOperation(CommandContext.java:97)
	at org.activiti.engine.impl.persistence.entity.ExecutionEntity.performOperationSync(ExecutionEntity.java:636)
	at org.activiti.engine.impl.persistence.entity.ExecutionEntity.performOperation(ExecutionEntity.java:629)
	at org.activiti.engine.impl.pvm.runtime.AbstractEventAtomicOperation.execute(AbstractEventAtomicOperation.java:49)
	at org.activiti.engine.impl.interceptor.CommandContext.performOperation(CommandContext.java:97)
	at org.activiti.engine.impl.persistence.entity.ExecutionEntity.performOperationSync(ExecutionEntity.java:636)
	at org.activiti.engine.impl.persistence.entity.ExecutionEntity.performOperation(ExecutionEntity.java:629)
	at org.activiti.engine.impl.persistence.entity.ExecutionEntity.take(ExecutionEntity.java:453)
	at org.activiti.engine.impl.persistence.entity.ExecutionEntity.take(ExecutionEntity.java:431)
	at org.activiti.engine.impl.bpmn.behavior.BpmnActivityBehavior.performOutgoingBehavior(BpmnActivityBehavior.java:140)
	at org.activiti.engine.impl.bpmn.behavior.BpmnActivityBehavior.performDefaultOutgoingBehavior(BpmnActivityBehavior.java:66)
	at org.activiti.engine.impl.bpmn.behavior.FlowNodeActivityBehavior.leave(FlowNodeActivityBehavior.java:44)
	at org.activiti.engine.impl.bpmn.behavior.FlowNodeActivityBehavior.execute(FlowNodeActivityBehavior.java:36)
	at org.activiti.engine.impl.pvm.runtime.AtomicOperationActivityExecute.execute(AtomicOperationActivityExecute.java:60)
	at org.activiti.engine.impl.interceptor.CommandContext.performOperation(CommandContext.java:97)
	at org.activiti.engine.impl.persistence.entity.ExecutionEntity.performOperationSync(ExecutionEntity.java:636)
	at org.activiti.engine.impl.persistence.entity.ExecutionEntity.performOperation(ExecutionEntity.java:629)
	at org.activiti.engine.impl.pvm.runtime.AtomicOperationProcessStartInitial.eventNotificationsCompleted(AtomicOperationProcessStartInitial.java:45)
	at org.activiti.engine.impl.pvm.runtime.AbstractEventAtomicOperation.execute(AbstractEventAtomicOperation.java:56)
	at org.activiti.engine.impl.interceptor.CommandContext.performOperation(CommandContext.java:97)
	at org.activiti.engine.impl.persistence.entity.ExecutionEntity.performOperationSync(ExecutionEntity.java:636)
	at org.activiti.engine.impl.persistence.entity.ExecutionEntity.performOperation(ExecutionEntity.java:629)
	at org.activiti.engine.impl.pvm.runtime.AtomicOperationProcessStart.eventNotificationsCompleted(AtomicOperationProcessStart.java:64)
	at org.activiti.engine.impl.pvm.runtime.AbstractEventAtomicOperation.execute(AbstractEventAtomicOperation.java:56)
	at org.activiti.engine.impl.interceptor.CommandContext.performOperation(CommandContext.java:97)
	at org.activiti.engine.impl.persistence.entity.ExecutionEntity.performOperationSync(ExecutionEntity.java:636)
	at org.activiti.engine.impl.persistence.entity.ExecutionEntity.performOperation(ExecutionEntity.java:629)
	at org.activiti.engine.impl.persistence.entity.ExecutionEntity.start(ExecutionEntity.java:381)
	at org.activiti.engine.impl.cmd.StartProcessInstanceCmd.execute(StartProcessInstanceCmd.java:110)
	at org.activiti.engine.impl.cmd.StartProcessInstanceCmd.execute(StartProcessInstanceCmd.java:37)
	at org.activiti.engine.impl.interceptor.CommandInvoker.execute(CommandInvoker.java:24)
	at org.activiti.engine.impl.interceptor.CommandContextInterceptor.execute(CommandContextInterceptor.java:57)
	at org.activiti.engine.impl.interceptor.LogInterceptor.execute(LogInterceptor.java:37)
	at org.activiti.engine.impl.cfg.CommandExecutorImpl.execute(CommandExecutorImpl.java:40)
	at org.activiti.engine.impl.cfg.CommandExecutorImpl.execute(CommandExecutorImpl.java:35)
	at org.activiti.engine.impl.RuntimeServiceImpl.startProcessInstanceByKey(RuntimeServiceImpl.java:69)
	at org.activiti.engine.test.bpmn.subprocess.SubProcessTest.testSimpleSubProcessWithoutEndEvent(SubProcessTest.java:345)
	at sun.reflect.NativeMethodAccessorImpl.invoke0(Native Method)
	at sun.reflect.NativeMethodAccessorImpl.invoke(NativeMethodAccessorImpl.java:62)
	at sun.reflect.DelegatingMethodAccessorImpl.invoke(DelegatingMethodAccessorImpl.java:43)
	at java.lang.reflect.Method.invoke(Method.java:498)
	at junit.framework.TestCase.runTest(TestCase.java:176)
	at org.activiti.engine.impl.test.PvmTestCase.runTest(PvmTestCase.java:65)
	at junit.framework.TestCase.runBare(TestCase.java:141)
	at org.activiti.engine.impl.test.AbstractActivitiTestCase.runBare(AbstractActivitiTestCase.java:100)
	at junit.framework.TestResult$1.protect(TestResult.java:122)
	at junit.framework.TestResult.runProtected(TestResult.java:142)
	at junit.framework.TestResult.run(TestResult.java:125)
	at junit.framework.TestCase.run(TestCase.java:129)
	at junit.framework.TestSuite.runTest(TestSuite.java:255)
	at junit.framework.TestSuite.run(TestSuite.java:250)
	at org.junit.internal.runners.JUnit38ClassRunner.run(JUnit38ClassRunner.java:84)
	at org.apache.maven.surefire.junit4.JUnit4TestSet.execute(JUnit4TestSet.java:35)
	at org.apache.maven.surefire.junit4.JUnit4Provider.executeTestSet(JUnit4Provider.java:146)
	at org.apache.maven.surefire.junit4.JUnit4Provider.invoke(JUnit4Provider.java:97)
	at sun.reflect.NativeMethodAccessorImpl.invoke0(Native Method)
	at sun.reflect.NativeMethodAccessorImpl.invoke(NativeMethodAccessorImpl.java:62)
	at sun.reflect.DelegatingMethodAccessorImpl.invoke(DelegatingMethodAccessorImpl.java:43)
	at java.lang.reflect.Method.invoke(Method.java:498)
	at org.apache.maven.surefire.booter.ProviderFactory$ClassLoaderProxy.invoke(ProviderFactory.java:103)
	at com.sun.proxy.$Proxy0.invoke(Unknown Source)
	at org.apache.maven.surefire.booter.SurefireStarter.invokeProvider(SurefireStarter.java:145)
	at org.apache.maven.surefire.booter.SurefireStarter.runSuitesInProcess(SurefireStarter.java:87)
	at org.apache.maven.surefire.booter.ForkedBooter.main(ForkedBooter.java:69)
Caused by: org.h2.jdbc.JdbcSQLException: Syntax error in SQL statement &quot;SELECT RES.* 
     
    FROM ACT_HI_ACTINST RES
     WHERE  RES.EXECUTION_ID_ = ?
      
      
      
        AND RES.ACT_ID_ = ?
      
      
      
      
      
      
      
      
        AND RES.END_TIME_ IS NULL 
   
     ORDER BY  ORDER[*] BY RES.ID_ ASC  
    LIMIT ? OFFSET ? &quot;; expected &quot;=, NOT, EXISTS, INTERSECTS, SELECT, FROM&quot;; SQL statement:
select RES.* 
     
    from ACT_HI_ACTINST RES
     WHERE  RES.EXECUTION_ID_ = ?
      
      
      
        and RES.ACT_ID_ = ?
      
      
      
      
      
      
      
      
        and RES.END_TIME_ is null 
   
     order by  order by RES.ID_ asc  
    LIMIT ? OFFSET ? [42001-176]
	at org.h2.message.DbException.getJdbcSQLException(DbException.java:344)
	at org.h2.message.DbException.getSyntaxError(DbException.java:204)
	at org.h2.command.Parser.getSyntaxError(Parser.java:524)
	at org.h2.command.Parser.readTerm(Parser.java:2688)
	at org.h2.command.Parser.readFactor(Parser.java:2244)
	at org.h2.command.Parser.readSum(Parser.java:2231)
	at org.h2.command.Parser.readConcat(Parser.java:2201)
	at org.h2.command.Parser.readCondition(Parser.java:2051)
	at org.h2.command.Parser.readAnd(Parser.java:2023)
	at org.h2.command.Parser.readExpression(Parser.java:2015)
	at org.h2.command.Parser.parseEndOfQuery(Parser.java:1726)
	at org.h2.command.Parser.parseSelectUnionExtension(Parser.java:1706)
	at org.h2.command.Parser.parseSelectUnion(Parser.java:1675)
	at org.h2.command.Parser.parseSelect(Parser.java:1662)
	at org.h2.command.Parser.parsePrepared(Parser.java:434)
	at org.h2.command.Parser.parse(Parser.java:306)
	at org.h2.command.Parser.parse(Parser.java:282)
	at org.h2.command.Parser.prepareCommand(Parser.java:243)
	at org.h2.engine.Session.prepareLocal(Session.java:442)
	at org.h2.engine.Session.prepareCommand(Session.java:384)
	at org.h2.jdbc.JdbcConnection.prepareCommand(JdbcConnection.java:1188)
	at org.h2.jdbc.JdbcPreparedStatement.&lt;init&gt;(JdbcPreparedStatement.java:73)
	at org.h2.jdbc.JdbcConnection.prepareStatement(JdbcConnection.java:276)
	at sun.reflect.GeneratedMethodAccessor6.invoke(Unknown Source)
	at sun.reflect.DelegatingMethodAccessorImpl.invoke(DelegatingMethodAccessorImpl.java:43)
	at java.lang.reflect.Method.invoke(Method.java:498)
	at org.apache.ibatis.datasource.pooled.PooledConnection.invoke(PooledConnection.java:245)
	at com.sun.proxy.$Proxy12.prepareStatement(Unknown Source)
	at sun.reflect.GeneratedMethodAccessor6.invoke(Unknown Source)
	at sun.reflect.DelegatingMethodAccessorImpl.invoke(DelegatingMethodAccessorImpl.java:43)
	at java.lang.reflect.Method.invoke(Method.java:498)
	at org.apache.ibatis.logging.jdbc.ConnectionLogger.invoke(ConnectionLogger.java:55)
	at com.sun.proxy.$Proxy12.prepareStatement(Unknown Source)
	at org.apache.ibatis.executor.statement.PreparedStatementHandler.instantiateStatement(PreparedStatementHandler.java:79)
	at org.apache.ibatis.executor.statement.BaseStatementHandler.prepare(BaseStatementHandler.java:88)
	at org.apache.ibatis.executor.statement.RoutingStatementHandler.prepare(RoutingStatementHandler.java:58)
	at org.apache.ibatis.executor.SimpleExecutor.prepareStatement(SimpleExecutor.java:76)
	at org.apache.ibatis.executor.SimpleExecutor.doQuery(SimpleExecutor.java:61)
	at org.apache.ibatis.executor.BaseExecutor.queryFromDatabase(BaseExecutor.java:303)
	at org.apache.ibatis.executor.BaseExecutor.query(BaseExecutor.java:154)
	at org.apache.ibatis.executor.CachingExecutor.query(CachingExecutor.java:102)
	at org.apache.ibatis.executor.CachingExecutor.query(CachingExecutor.java:82)
	at org.apache.ibatis.session.defaults.DefaultSqlSession.selectList(DefaultSqlSession.java:120)
	... 185 more
10:47:09,876 [main] DEBUG org.activiti.engine.impl.cfg.standalone.StandaloneMybatisTransactionContext  - firing event rolling back...
10:47:09,876 [main] DEBUG org.activiti.engine.impl.cfg.standalone.StandaloneMybatisTransactionContext  - rolling back ibatis sql session...
10:47:09,876 [main] DEBUG org.activiti.engine.impl.cfg.standalone.StandaloneMybatisTransactionContext  - firing event rolled back...
10:47:09,876 [main] DEBUG org.apache.ibatis.transaction.jdbc.JdbcTransaction  - Resetting autocommit to true on JDBC Connection [conn2: url=jdbc:h2:mem:activiti user=SA]
10:47:09,876 [main] DEBUG org.apache.ibatis.transaction.jdbc.JdbcTransaction  - Closing JDBC Connection [conn2: url=jdbc:h2:mem:activiti user=SA]
10:47:09,876 [main] DEBUG org.apache.ibatis.datasource.pooled.PooledDataSource  - Returned connection 363509958 to pool.
10:47:09,876 [main] DEBUG org.activiti.engine.impl.interceptor.LogInterceptor  - --- StartProcessInstanceCmd finished --------------------------------------------------------
10:47:09,876 [main] DEBUG org.activiti.engine.impl.interceptor.LogInterceptor  - 

10:47:09,876 [main] ERROR org.activiti.engine.impl.test.PvmTestCase  - 

10:47:09,876 [main] ERROR org.activiti.engine.impl.test.PvmTestCase  - EXCEPTION: org.apache.ibatis.exceptions.PersistenceException: 
### Error querying database.  Cause: org.h2.jdbc.JdbcSQLException: Syntax error in SQL statement &quot;SELECT RES.* 
     
    FROM ACT_HI_ACTINST RES
     WHERE  RES.EXECUTION_ID_ = ?
      
      
      
        AND RES.ACT_ID_ = ?
      
      
      
      
      
      
      
      
        AND RES.END_TIME_ IS NULL 
   
     ORDER BY  ORDER[*] BY RES.ID_ ASC  
    LIMIT ? OFFSET ? &quot;; expected &quot;=, NOT, EXISTS, INTERSECTS, SELECT, FROM&quot;; SQL statement:
select RES.* 
     
    from ACT_HI_ACTINST RES
     WHERE  RES.EXECUTION_ID_ = ?
      
      
      
        and RES.ACT_ID_ = ?
      
      
      
      
      
      
      
      
        and RES.END_TIME_ is null 
   
     order by  order by RES.ID_ asc  
    LIMIT ? OFFSET ? [42001-176]
### The error may exist in org/activiti/db/mapping/entity/HistoricActivityInstance.xml
### The error may involve org.activiti.engine.impl.persistence.entity.HistoricActivityInstanceEntity.selectHistoricActivityInstancesByQueryCriteria
### The error occurred while executing a query
### SQL: select RES.*            from ACT_HI_ACTINST RES      WHERE  RES.EXECUTION_ID_ = ?                              and RES.ACT_ID_ = ?                                                                 and RES.END_TIME_ is null           order by  order by RES.ID_ asc       LIMIT ? OFFSET ?
### Cause: org.h2.jdbc.JdbcSQLException: Syntax error in SQL statement &quot;SELECT RES.* 
     
    FROM ACT_HI_ACTINST RES
     WHERE  RES.EXECUTION_ID_ = ?
      
      
      
        AND RES.ACT_ID_ = ?
      
      
      
      
      
      
      
      
        AND RES.END_TIME_ IS NULL 
   
     ORDER BY  ORDER[*] BY RES.ID_ ASC  
    LIMIT ? OFFSET ? &quot;; expected &quot;=, NOT, EXISTS, INTERSECTS, SELECT, FROM&quot;; SQL statement:
select RES.* 
     
    from ACT_HI_ACTINST RES
     WHERE  RES.EXECUTION_ID_ = ?
      
      
      
        and RES.ACT_ID_ = ?
      
      
      
      
      
      
      
      
        and RES.END_TIME_ is null 
   
     order by  order by RES.ID_ asc  
    LIMIT ? OFFSET ? [42001-176]
org.apache.ibatis.exceptions.PersistenceException: 
### Error querying database.  Cause: org.h2.jdbc.JdbcSQLException: Syntax error in SQL statement &quot;SELECT RES.* 
     
    FROM ACT_HI_ACTINST RES
     WHERE  RES.EXECUTION_ID_ = ?
      
      
      
        AND RES.ACT_ID_ = ?
      
      
      
      
      
      
      
      
        AND RES.END_TIME_ IS NULL 
   
     ORDER BY  ORDER[*] BY RES.ID_ ASC  
    LIMIT ? OFFSET ? &quot;; expected &quot;=, NOT, EXISTS, INTERSECTS, SELECT, FROM&quot;; SQL statement:
select RES.* 
     
    from ACT_HI_ACTINST RES
     WHERE  RES.EXECUTION_ID_ = ?
      
      
      
        and RES.ACT_ID_ = ?
      
      
      
      
      
      
      
      
        and RES.END_TIME_ is null 
   
     order by  order by RES.ID_ asc  
    LIMIT ? OFFSET ? [42001-176]
### The error may exist in org/activiti/db/mapping/entity/HistoricActivityInstance.xml
### The error may involve org.activiti.engine.impl.persistence.entity.HistoricActivityInstanceEntity.selectHistoricActivityInstancesByQueryCriteria
### The error occurred while executing a query
### SQL: select RES.*            from ACT_HI_ACTINST RES      WHERE  RES.EXECUTION_ID_ = ?                              and RES.ACT_ID_ = ?                                                                 and RES.END_TIME_ is null           order by  order by RES.ID_ asc       LIMIT ? OFFSET ?
### Cause: org.h2.jdbc.JdbcSQLException: Syntax error in SQL statement &quot;SELECT RES.* 
     
    FROM ACT_HI_ACTINST RES
     WHERE  RES.EXECUTION_ID_ = ?
      
      
      
        AND RES.ACT_ID_ = ?
      
      
      
      
      
      
      
      
        AND RES.END_TIME_ IS NULL 
   
     ORDER BY  ORDER[*] BY RES.ID_ ASC  
    LIMIT ? OFFSET ? &quot;; expected &quot;=, NOT, EXISTS, INTERSECTS, SELECT, FROM&quot;; SQL statement:
select RES.* 
     
    from ACT_HI_ACTINST RES
     WHERE  RES.EXECUTION_ID_ = ?
      
      
      
        and RES.ACT_ID_ = ?
      
      
      
      
      
      
      
      
        and RES.END_TIME_ is null 
   
     order by  order by RES.ID_ asc  
    LIMIT ? OFFSET ? [42001-176]
	at org.apache.ibatis.exceptions.ExceptionFactory.wrapException(ExceptionFactory.java:30)
	at org.apache.ibatis.session.defaults.DefaultSqlSession.selectList(DefaultSqlSession.java:122)
	at org.apache.ibatis.session.defaults.DefaultSqlSession.selectList(DefaultSqlSession.java:113)
	at org.activiti.engine.impl.db.DbSqlSession.selectListWithRawParameter(DbSqlSession.java:438)
	at org.activiti.engine.impl.db.DbSqlSession.selectList(DbSqlSession.java:429)
	at org.activiti.engine.impl.db.DbSqlSession.selectList(DbSqlSession.java:419)
	at org.activiti.engine.impl.persistence.entity.HistoricActivityInstanceEntityManager.findHistoricActivityInstancesByQueryCriteria(HistoricActivityInstanceEntityManager.java:56)
	at org.activiti.engine.impl.HistoricActivityInstanceQueryImpl.executeList(HistoricActivityInstanceQueryImpl.java:70)
	at org.activiti.engine.impl.AbstractQuery.listPage(AbstractQuery.java:151)
	at org.activiti.engine.impl.history.DefaultHistoryManager.findActivityInstance(DefaultHistoryManager.java:355)
	at org.activiti.engine.impl.history.DefaultHistoryManager.recordActivityEnd(DefaultHistoryManager.java:281)
	at org.activiti.engine.impl.history.handler.ActivityInstanceEndHandler.notify(ActivityInstanceEndHandler.java:29)
	at org.activiti.engine.impl.pvm.runtime.AbstractEventAtomicOperation.execute(AbstractEventAtomicOperation.java:42)
	at org.activiti.engine.impl.interceptor.CommandContext.performOperation(CommandContext.java:97)
	at org.activiti.engine.impl.persistence.entity.ExecutionEntity.performOperationSync(ExecutionEntity.java:636)
	at org.activiti.engine.impl.persistence.entity.ExecutionEntity.performOperation(ExecutionEntity.java:629)
	at org.activiti.engine.impl.persistence.entity.ExecutionEntity.end(ExecutionEntity.java:399)
	at org.activiti.engine.impl.pvm.runtime.AtomicOperationActivityEnd.eventNotificationsCompleted(AtomicOperationActivityEnd.java:108)
	at org.activiti.engine.impl.pvm.runtime.AbstractEventAtomicOperation.execute(AbstractEventAtomicOperation.java:56)
	at org.activiti.engine.impl.interceptor.CommandContext.performOperation(CommandContext.java:97)
	at org.activiti.engine.impl.persistence.entity.ExecutionEntity.performOperationSync(ExecutionEntity.java:636)
	at org.activiti.engine.impl.persistence.entity.ExecutionEntity.performOperation(ExecutionEntity.java:629)
	at org.activiti.engine.impl.pvm.runtime.AbstractEventAtomicOperation.execute(AbstractEventAtomicOperation.java:49)
	at org.activiti.engine.impl.interceptor.CommandContext.performOperation(CommandContext.java:97)
	at org.activiti.engine.impl.persistence.entity.ExecutionEntity.performOperationSync(ExecutionEntity.java:636)
	at org.activiti.engine.impl.persistence.entity.ExecutionEntity.performOperation(ExecutionEntity.java:629)
	at org.activiti.engine.impl.persistence.entity.ExecutionEntity.end(ExecutionEntity.java:399)
	at org.activiti.engine.impl.bpmn.behavior.BpmnActivityBehavior.performOutgoingBehavior(BpmnActivityBehavior.java:176)
	at org.activiti.engine.impl.bpmn.behavior.BpmnActivityBehavior.performDefaultOutgoingBehavior(BpmnActivityBehavior.java:66)
	at org.activiti.engine.impl.bpmn.behavior.SubProcessActivityBehavior.lastExecutionEnded(SubProcessActivityBehavior.java:67)
	at org.activiti.engine.impl.pvm.runtime.AtomicOperationActivityEnd.eventNotificationsCompleted(AtomicOperationActivityEnd.java:95)
	at org.activiti.engine.impl.pvm.runtime.AbstractEventAtomicOperation.execute(AbstractEventAtomicOperation.java:56)
	at org.activiti.engine.impl.interceptor.CommandContext.performOperation(CommandContext.java:97)
	at org.activiti.engine.impl.persistence.entity.ExecutionEntity.performOperationSync(ExecutionEntity.java:636)
	at org.activiti.engine.impl.persistence.entity.ExecutionEntity.performOperation(ExecutionEntity.java:629)
	at org.activiti.engine.impl.pvm.runtime.AbstractEventAtomicOperation.execute(AbstractEventAtomicOperation.java:49)
	at org.activiti.engine.impl.interceptor.CommandContext.performOperation(CommandContext.java:97)
	at org.activiti.engine.impl.persistence.entity.ExecutionEntity.performOperationSync(ExecutionEntity.java:636)
	at org.activiti.engine.impl.persistence.entity.ExecutionEntity.performOperation(ExecutionEntity.java:629)
	at org.activiti.engine.impl.persistence.entity.ExecutionEntity.end(ExecutionEntity.java:399)
	at org.activiti.engine.impl.bpmn.behavior.BpmnActivityBehavior.performOutgoingBehavior(BpmnActivityBehavior.java:176)
	at org.activiti.engine.impl.bpmn.behavior.BpmnActivityBehavior.performDefaultOutgoingBehavior(BpmnActivityBehavior.java:66)
	at org.activiti.engine.impl.bpmn.behavior.FlowNodeActivityBehavior.leave(FlowNodeActivityBehavior.java:44)
	at org.activiti.engine.impl.bpmn.behavior.AbstractBpmnActivityBehavior.leave(AbstractBpmnActivityBehavior.java:47)
	at org.activiti.engine.impl.bpmn.behavior.ScriptTaskActivityBehavior.execute(ScriptTaskActivityBehavior.java:97)
	at org.activiti.engine.impl.pvm.runtime.AtomicOperationActivityExecute.execute(AtomicOperationActivityExecute.java:60)
	at org.activiti.engine.impl.interceptor.CommandContext.performOperation(CommandContext.java:97)
	at org.activiti.engine.impl.persistence.entity.ExecutionEntity.performOperationSync(ExecutionEntity.java:636)
	at org.activiti.engine.impl.persistence.entity.ExecutionEntity.performOperation(ExecutionEntity.java:629)
	at org.activiti.engine.impl.pvm.runtime.AtomicOperationTransitionNotifyListenerStart.eventNotificationsCompleted(AtomicOperationTransitionNotifyListenerStart.java:52)
	at org.activiti.engine.impl.pvm.runtime.AbstractEventAtomicOperation.execute(AbstractEventAtomicOperation.java:56)
	at org.activiti.engine.impl.interceptor.CommandContext.performOperation(CommandContext.java:97)
	at org.activiti.engine.impl.persistence.entity.ExecutionEntity.performOperationSync(ExecutionEntity.java:636)
	at org.activiti.engine.impl.persistence.entity.ExecutionEntity.performOperation(ExecutionEntity.java:629)
	at org.activiti.engine.impl.pvm.runtime.AbstractEventAtomicOperation.execute(AbstractEventAtomicOperation.java:49)
	at org.activiti.engine.impl.interceptor.CommandContext.performOperation(CommandContext.java:97)
	at org.activiti.engine.impl.persistence.entity.ExecutionEntity.performOperationSync(ExecutionEntity.java:636)
	at org.activiti.engine.impl.persistence.entity.ExecutionEntity.performOperation(ExecutionEntity.java:629)
	at org.activiti.engine.impl.pvm.runtime.AtomicOperationTransitionCreateScope.execute(AtomicOperationTransitionCreateScope.java:49)
	at org.activiti.engine.impl.interceptor.CommandContext.performOperation(CommandContext.java:97)
	at org.activiti.engine.impl.persistence.entity.ExecutionEntity.performOperationSync(ExecutionEntity.java:636)
	at org.activiti.engine.impl.persistence.entity.ExecutionEntity.performOperation(ExecutionEntity.java:629)
	at org.activiti.engine.impl.pvm.runtime.AtomicOperationTransitionNotifyListenerTake.execute(AtomicOperationTransitionNotifyListenerTake.java:80)
	at org.activiti.engine.impl.interceptor.CommandContext.performOperation(CommandContext.java:97)
	at org.activiti.engine.impl.persistence.entity.ExecutionEntity.performOperationSync(ExecutionEntity.java:636)
	at org.activiti.engine.impl.persistence.entity.ExecutionEntity.performOperation(ExecutionEntity.java:629)
	at org.activiti.engine.impl.pvm.runtime.AtomicOperationTransitionDestroyScope.execute(AtomicOperationTransitionDestroyScope.java:116)
	at org.activiti.engine.impl.interceptor.CommandContext.performOperation(CommandContext.java:97)
	at org.activiti.engine.impl.persistence.entity.ExecutionEntity.performOperationSync(ExecutionEntity.java:636)
	at org.activiti.engine.impl.persistence.entity.ExecutionEntity.performOperation(ExecutionEntity.java:629)
	at org.activiti.engine.impl.pvm.runtime.AtomicOperationTransitionNotifyListenerEnd.eventNotificationsCompleted(AtomicOperationTransitionNotifyListenerEnd.java:35)
	at org.activiti.engine.impl.pvm.runtime.AbstractEventAtomicOperation.execute(AbstractEventAtomicOperation.java:56)
	at org.activiti.engine.impl.interceptor.CommandContext.performOperation(CommandContext.java:97)
	at org.activiti.engine.impl.persistence.entity.ExecutionEntity.performOperationSync(ExecutionEntity.java:636)
	at org.activiti.engine.impl.persistence.entity.ExecutionEntity.performOperation(ExecutionEntity.java:629)
	at org.activiti.engine.impl.pvm.runtime.AbstractEventAtomicOperation.execute(AbstractEventAtomicOperation.java:49)
	at org.activiti.engine.impl.interceptor.CommandContext.performOperation(CommandContext.java:97)
	at org.activiti.engine.impl.persistence.entity.ExecutionEntity.performOperationSync(ExecutionEntity.java:636)
	at org.activiti.engine.impl.persistence.entity.ExecutionEntity.performOperation(ExecutionEntity.java:629)
	at org.activiti.engine.impl.persistence.entity.ExecutionEntity.take(ExecutionEntity.java:453)
	at org.activiti.engine.impl.persistence.entity.ExecutionEntity.take(ExecutionEntity.java:431)
	at org.activiti.engine.impl.bpmn.behavior.BpmnActivityBehavior.performOutgoingBehavior(BpmnActivityBehavior.java:140)
	at org.activiti.engine.impl.bpmn.behavior.BpmnActivityBehavior.performDefaultOutgoingBehavior(BpmnActivityBehavior.java:66)
	at org.activiti.engine.impl.bpmn.behavior.FlowNodeActivityBehavior.leave(FlowNodeActivityBehavior.java:44)
	at org.activiti.engine.impl.bpmn.behavior.FlowNodeActivityBehavior.execute(FlowNodeActivityBehavior.java:36)
	at org.activiti.engine.impl.pvm.runtime.AtomicOperationActivityExecute.execute(AtomicOperationActivityExecute.java:60)
	at org.activiti.engine.impl.interceptor.CommandContext.performOperation(CommandContext.java:97)
	at org.activiti.engine.impl.persistence.entity.ExecutionEntity.performOperationSync(ExecutionEntity.java:636)
	at org.activiti.engine.impl.persistence.entity.ExecutionEntity.performOperation(ExecutionEntity.java:629)
	at org.activiti.engine.impl.pvm.runtime.AtomicOperationActivityStart.eventNotificationsCompleted(AtomicOperationActivityStart.java:26)
	at org.activiti.engine.impl.pvm.runtime.AbstractEventAtomicOperation.execute(AbstractEventAtomicOperation.java:56)
	at org.activiti.engine.impl.interceptor.CommandContext.performOperation(CommandContext.java:97)
	at org.activiti.engine.impl.persistence.entity.ExecutionEntity.performOperationSync(ExecutionEntity.java:636)
	at org.activiti.engine.impl.persistence.entity.ExecutionEntity.performOperation(ExecutionEntity.java:629)
	at org.activiti.engine.impl.persistence.entity.ExecutionEntity.executeActivity(ExecutionEntity.java:458)
	at org.activiti.engine.impl.bpmn.behavior.SubProcessActivityBehavior.execute(SubProcessActivityBehavior.java:55)
	at org.activiti.engine.impl.pvm.runtime.AtomicOperationActivityExecute.execute(AtomicOperationActivityExecute.java:60)
	at org.activiti.engine.impl.interceptor.CommandContext.performOperation(CommandContext.java:97)
	at org.activiti.engine.impl.persistence.entity.ExecutionEntity.performOperationSync(ExecutionEntity.java:636)
	at org.activiti.engine.impl.persistence.entity.ExecutionEntity.performOperation(ExecutionEntity.java:629)
	at org.activiti.engine.impl.pvm.runtime.AtomicOperationTransitionNotifyListenerStart.eventNotificationsCompleted(AtomicOperationTransitionNotifyListenerStart.java:52)
	at org.activiti.engine.impl.pvm.runtime.AbstractEventAtomicOperation.execute(AbstractEventAtomicOperation.java:56)
	at org.activiti.engine.impl.interceptor.CommandContext.performOperation(CommandContext.java:97)
	at org.activiti.engine.impl.persistence.entity.ExecutionEntity.performOperationSync(ExecutionEntity.java:636)
	at org.activiti.engine.impl.persistence.entity.ExecutionEntity.performOperation(ExecutionEntity.java:629)
	at org.activiti.engine.impl.pvm.runtime.AbstractEventAtomicOperation.execute(AbstractEventAtomicOperation.java:49)
	at org.activiti.engine.impl.interceptor.CommandContext.performOperation(CommandContext.java:97)
	at org.activiti.engine.impl.persistence.entity.ExecutionEntity.performOperationSync(ExecutionEntity.java:636)
	at org.activiti.engine.impl.persistence.entity.ExecutionEntity.performOperation(ExecutionEntity.java:629)
	at org.activiti.engine.impl.pvm.runtime.AtomicOperationTransitionCreateScope.execute(AtomicOperationTransitionCreateScope.java:49)
	at org.activiti.engine.impl.interceptor.CommandContext.performOperation(CommandContext.java:97)
	at org.activiti.engine.impl.persistence.entity.ExecutionEntity.performOperationSync(ExecutionEntity.java:636)
	at org.activiti.engine.impl.persistence.entity.ExecutionEntity.performOperation(ExecutionEntity.java:629)
	at org.activiti.engine.impl.pvm.runtime.AtomicOperationTransitionNotifyListenerTake.execute(AtomicOperationTransitionNotifyListenerTake.java:80)
	at org.activiti.engine.impl.interceptor.CommandContext.performOperation(CommandContext.java:97)
	at org.activiti.engine.impl.persistence.entity.ExecutionEntity.performOperationSync(ExecutionEntity.java:636)
	at org.activiti.engine.impl.persistence.entity.ExecutionEntity.performOperation(ExecutionEntity.java:629)
	at org.activiti.engine.impl.pvm.runtime.AtomicOperationTransitionDestroyScope.execute(AtomicOperationTransitionDestroyScope.java:116)
	at org.activiti.engine.impl.interceptor.CommandContext.performOperation(CommandContext.java:97)
	at org.activiti.engine.impl.persistence.entity.ExecutionEntity.performOperationSync(ExecutionEntity.java:636)
	at org.activiti.engine.impl.persistence.entity.ExecutionEntity.performOperation(ExecutionEntity.java:629)
	at org.activiti.engine.impl.pvm.runtime.AtomicOperationTransitionNotifyListenerEnd.eventNotificationsCompleted(AtomicOperationTransitionNotifyListenerEnd.java:35)
	at org.activiti.engine.impl.pvm.runtime.AbstractEventAtomicOperation.execute(AbstractEventAtomicOperation.java:56)
	at org.activiti.engine.impl.interceptor.CommandContext.performOperation(CommandContext.java:97)
	at org.activiti.engine.impl.persistence.entity.ExecutionEntity.performOperationSync(ExecutionEntity.java:636)
	at org.activiti.engine.impl.persistence.entity.ExecutionEntity.performOperation(ExecutionEntity.java:629)
	at org.activiti.engine.impl.pvm.runtime.AbstractEventAtomicOperation.execute(AbstractEventAtomicOperation.java:49)
	at org.activiti.engine.impl.interceptor.CommandContext.performOperation(CommandContext.java:97)
	at org.activiti.engine.impl.persistence.entity.ExecutionEntity.performOperationSync(ExecutionEntity.java:636)
	at org.activiti.engine.impl.persistence.entity.ExecutionEntity.performOperation(ExecutionEntity.java:629)
	at org.activiti.engine.impl.persistence.entity.ExecutionEntity.take(ExecutionEntity.java:453)
	at org.activiti.engine.impl.persistence.entity.ExecutionEntity.take(ExecutionEntity.java:431)
	at org.activiti.engine.impl.bpmn.behavior.BpmnActivityBehavior.performOutgoingBehavior(BpmnActivityBehavior.java:140)
	at org.activiti.engine.impl.bpmn.behavior.BpmnActivityBehavior.performDefaultOutgoingBehavior(BpmnActivityBehavior.java:66)
	at org.activiti.engine.impl.bpmn.behavior.FlowNodeActivityBehavior.leave(FlowNodeActivityBehavior.java:44)
	at org.activiti.engine.impl.bpmn.behavior.FlowNodeActivityBehavior.execute(FlowNodeActivityBehavior.java:36)
	at org.activiti.engine.impl.pvm.runtime.AtomicOperationActivityExecute.execute(AtomicOperationActivityExecute.java:60)
	at org.activiti.engine.impl.interceptor.CommandContext.performOperation(CommandContext.java:97)
	at org.activiti.engine.impl.persistence.entity.ExecutionEntity.performOperationSync(ExecutionEntity.java:636)
	at org.activiti.engine.impl.persistence.entity.ExecutionEntity.performOperation(ExecutionEntity.java:629)
	at org.activiti.engine.impl.pvm.runtime.AtomicOperationProcessStartInitial.eventNotificationsCompleted(AtomicOperationProcessStartInitial.java:45)
	at org.activiti.engine.impl.pvm.runtime.AbstractEventAtomicOperation.execute(AbstractEventAtomicOperation.java:56)
	at org.activiti.engine.impl.interceptor.CommandContext.performOperation(CommandContext.java:97)
	at org.activiti.engine.impl.persistence.entity.ExecutionEntity.performOperationSync(ExecutionEntity.java:636)
	at org.activiti.engine.impl.persistence.entity.ExecutionEntity.performOperation(ExecutionEntity.java:629)
	at org.activiti.engine.impl.pvm.runtime.AtomicOperationProcessStart.eventNotificationsCompleted(AtomicOperationProcessStart.java:64)
	at org.activiti.engine.impl.pvm.runtime.AbstractEventAtomicOperation.execute(AbstractEventAtomicOperation.java:56)
	at org.activiti.engine.impl.interceptor.CommandContext.performOperation(CommandContext.java:97)
	at org.activiti.engine.impl.persistence.entity.ExecutionEntity.performOperationSync(ExecutionEntity.java:636)
	at org.activiti.engine.impl.persistence.entity.ExecutionEntity.performOperation(ExecutionEntity.java:629)
	at org.activiti.engine.impl.persistence.entity.ExecutionEntity.start(ExecutionEntity.java:381)
	at org.activiti.engine.impl.cmd.StartProcessInstanceCmd.execute(StartProcessInstanceCmd.java:110)
	at org.activiti.engine.impl.cmd.StartProcessInstanceCmd.execute(StartProcessInstanceCmd.java:37)
	at org.activiti.engine.impl.interceptor.CommandInvoker.execute(CommandInvoker.java:24)
	at org.activiti.engine.impl.interceptor.CommandContextInterceptor.execute(CommandContextInterceptor.java:57)
	at org.activiti.engine.impl.interceptor.LogInterceptor.execute(LogInterceptor.java:37)
	at org.activiti.engine.impl.cfg.CommandExecutorImpl.execute(CommandExecutorImpl.java:40)
	at org.activiti.engine.impl.cfg.CommandExecutorImpl.execute(CommandExecutorImpl.java:35)
	at org.activiti.engine.impl.RuntimeServiceImpl.startProcessInstanceByKey(RuntimeServiceImpl.java:69)
	at org.activiti.engine.test.bpmn.subprocess.SubProcessTest.testSimpleSubProcessWithoutEndEvent(SubProcessTest.java:345)
	at sun.reflect.NativeMethodAccessorImpl.invoke0(Native Method)
	at sun.reflect.NativeMethodAccessorImpl.invoke(NativeMethodAccessorImpl.java:62)
	at sun.reflect.DelegatingMethodAccessorImpl.invoke(DelegatingMethodAccessorImpl.java:43)
	at java.lang.reflect.Method.invoke(Method.java:498)
	at junit.framework.TestCase.runTest(TestCase.java:176)
	at org.activiti.engine.impl.test.PvmTestCase.runTest(PvmTestCase.java:65)
	at junit.framework.TestCase.runBare(TestCase.java:141)
	at org.activiti.engine.impl.test.AbstractActivitiTestCase.runBare(AbstractActivitiTestCase.java:100)
	at junit.framework.TestResult$1.protect(TestResult.java:122)
	at junit.framework.TestResult.runProtected(TestResult.java:142)
	at junit.framework.TestResult.run(TestResult.java:125)
	at junit.framework.TestCase.run(TestCase.java:129)
	at junit.framework.TestSuite.runTest(TestSuite.java:255)
	at junit.framework.TestSuite.run(TestSuite.java:250)
	at org.junit.internal.runners.JUnit38ClassRunner.run(JUnit38ClassRunner.java:84)
	at org.apache.maven.surefire.junit4.JUnit4TestSet.execute(JUnit4TestSet.java:35)
	at org.apache.maven.surefire.junit4.JUnit4Provider.executeTestSet(JUnit4Provider.java:146)
	at org.apache.maven.surefire.junit4.JUnit4Provider.invoke(JUnit4Provider.java:97)
	at sun.reflect.NativeMethodAccessorImpl.invoke0(Native Method)
	at sun.reflect.NativeMethodAccessorImpl.invoke(NativeMethodAccessorImpl.java:62)
	at sun.reflect.DelegatingMethodAccessorImpl.invoke(DelegatingMethodAccessorImpl.java:43)
	at java.lang.reflect.Method.invoke(Method.java:498)
	at org.apache.maven.surefire.booter.ProviderFactory$ClassLoaderProxy.invoke(ProviderFactory.java:103)
	at com.sun.proxy.$Proxy0.invoke(Unknown Source)
	at org.apache.maven.surefire.booter.SurefireStarter.invokeProvider(SurefireStarter.java:145)
	at org.apache.maven.surefire.booter.SurefireStarter.runSuitesInProcess(SurefireStarter.java:87)
	at org.apache.maven.surefire.booter.ForkedBooter.main(ForkedBooter.java:69)
Caused by: org.h2.jdbc.JdbcSQLException: Syntax error in SQL statement &quot;SELECT RES.* 
     
    FROM ACT_HI_ACTINST RES
     WHERE  RES.EXECUTION_ID_ = ?
      
      
      
        AND RES.ACT_ID_ = ?
      
      
      
      
      
      
      
      
        AND RES.END_TIME_ IS NULL 
   
     ORDER BY  ORDER[*] BY RES.ID_ ASC  
    LIMIT ? OFFSET ? &quot;; expected &quot;=, NOT, EXISTS, INTERSECTS, SELECT, FROM&quot;; SQL statement:
select RES.* 
     
    from ACT_HI_ACTINST RES
     WHERE  RES.EXECUTION_ID_ = ?
      
      
      
        and RES.ACT_ID_ = ?
      
      
      
      
      
      
      
      
        and RES.END_TIME_ is null 
   
     order by  order by RES.ID_ asc  
    LIMIT ? OFFSET ? [42001-176]
	at org.h2.message.DbException.getJdbcSQLException(DbException.java:344)
	at org.h2.message.DbException.getSyntaxError(DbException.java:204)
	at org.h2.command.Parser.getSyntaxError(Parser.java:524)
	at org.h2.command.Parser.readTerm(Parser.java:2688)
	at org.h2.command.Parser.readFactor(Parser.java:2244)
	at org.h2.command.Parser.readSum(Parser.java:2231)
	at org.h2.command.Parser.readConcat(Parser.java:2201)
	at org.h2.command.Parser.readCondition(Parser.java:2051)
	at org.h2.command.Parser.readAnd(Parser.java:2023)
	at org.h2.command.Parser.readExpression(Parser.java:2015)
	at org.h2.command.Parser.parseEndOfQuery(Parser.java:1726)
	at org.h2.command.Parser.parseSelectUnionExtension(Parser.java:1706)
	at org.h2.command.Parser.parseSelectUnion(Parser.java:1675)
	at org.h2.command.Parser.parseSelect(Parser.java:1662)
	at org.h2.command.Parser.parsePrepared(Parser.java:434)
	at org.h2.command.Parser.parse(Parser.java:306)
	at org.h2.command.Parser.parse(Parser.java:282)
	at org.h2.command.Parser.prepareCommand(Parser.java:243)
	at org.h2.engine.Session.prepareLocal(Session.java:442)
	at org.h2.engine.Session.prepareCommand(Session.java:384)
	at org.h2.jdbc.JdbcConnection.prepareCommand(JdbcConnection.java:1188)
	at org.h2.jdbc.JdbcPreparedStatement.&lt;init&gt;(JdbcPreparedStatement.java:73)
	at org.h2.jdbc.JdbcConnection.prepareStatement(JdbcConnection.java:276)
	at sun.reflect.GeneratedMethodAccessor6.invoke(Unknown Source)
	at sun.reflect.DelegatingMethodAccessorImpl.invoke(DelegatingMethodAccessorImpl.java:43)
	at java.lang.reflect.Method.invoke(Method.java:498)
	at org.apache.ibatis.datasource.pooled.PooledConnection.invoke(PooledConnection.java:245)
	at com.sun.proxy.$Proxy12.prepareStatement(Unknown Source)
	at sun.reflect.GeneratedMethodAccessor6.invoke(Unknown Source)
	at sun.reflect.DelegatingMethodAccessorImpl.invoke(DelegatingMethodAccessorImpl.java:43)
	at java.lang.reflect.Method.invoke(Method.java:498)
	at org.apache.ibatis.logging.jdbc.ConnectionLogger.invoke(ConnectionLogger.java:55)
	at com.sun.proxy.$Proxy12.prepareStatement(Unknown Source)
	at org.apache.ibatis.executor.statement.PreparedStatementHandler.instantiateStatement(PreparedStatementHandler.java:79)
	at org.apache.ibatis.executor.statement.BaseStatementHandler.prepare(BaseStatementHandler.java:88)
	at org.apache.ibatis.executor.statement.RoutingStatementHandler.prepare(RoutingStatementHandler.java:58)
	at org.apache.ibatis.executor.SimpleExecutor.prepareStatement(SimpleExecutor.java:76)
	at org.apache.ibatis.executor.SimpleExecutor.doQuery(SimpleExecutor.java:61)
	at org.apache.ibatis.executor.BaseExecutor.queryFromDatabase(BaseExecutor.java:303)
	at org.apache.ibatis.executor.BaseExecutor.query(BaseExecutor.java:154)
	at org.apache.ibatis.executor.CachingExecutor.query(CachingExecutor.java:102)
	at org.apache.ibatis.executor.CachingExecutor.query(CachingExecutor.java:82)
	at org.apache.ibatis.session.defaults.DefaultSqlSession.selectList(DefaultSqlSession.java:120)
	... 185 more
10:47:09,876 [main] DEBUG org.activiti.engine.impl.test.PvmTestCase  - #### END SubProcessTest.testSimpleSubProcessWithoutEndEvent #############################################################
10:47:09,876 [main] ERROR org.activiti.engine.impl.test.PvmTestCase  - 

10:47:09,876 [main] ERROR org.activiti.engine.impl.test.PvmTestCase  - EXCEPTION: org.apache.ibatis.exceptions.PersistenceException: 
### Error querying database.  Cause: org.h2.jdbc.JdbcSQLException: Syntax error in SQL statement &quot;SELECT RES.* 
     
    FROM ACT_HI_ACTINST RES
     WHERE  RES.EXECUTION_ID_ = ?
      
      
      
        AND RES.ACT_ID_ = ?
      
      
      
      
      
      
      
      
        AND RES.END_TIME_ IS NULL 
   
     ORDER BY  ORDER[*] BY RES.ID_ ASC  
    LIMIT ? OFFSET ? &quot;; expected &quot;=, NOT, EXISTS, INTERSECTS, SELECT, FROM&quot;; SQL statement:
select RES.* 
     
    from ACT_HI_ACTINST RES
     WHERE  RES.EXECUTION_ID_ = ?
      
      
      
        and RES.ACT_ID_ = ?
      
      
      
      
      
      
      
      
        and RES.END_TIME_ is null 
   
     order by  order by RES.ID_ asc  
    LIMIT ? OFFSET ? [42001-176]
### The error may exist in org/activiti/db/mapping/entity/HistoricActivityInstance.xml
### The error may involve org.activiti.engine.impl.persistence.entity.HistoricActivityInstanceEntity.selectHistoricActivityInstancesByQueryCriteria
### The error occurred while executing a query
### SQL: select RES.*            from ACT_HI_ACTINST RES      WHERE  RES.EXECUTION_ID_ = ?                              and RES.ACT_ID_ = ?                                                                 and RES.END_TIME_ is null           order by  order by RES.ID_ asc       LIMIT ? OFFSET ?
### Cause: org.h2.jdbc.JdbcSQLException: Syntax error in SQL statement &quot;SELECT RES.* 
     
    FROM ACT_HI_ACTINST RES
     WHERE  RES.EXECUTION_ID_ = ?
      
      
      
        AND RES.ACT_ID_ = ?
      
      
      
      
      
      
      
      
        AND RES.END_TIME_ IS NULL 
   
     ORDER BY  ORDER[*] BY RES.ID_ ASC  
    LIMIT ? OFFSET ? &quot;; expected &quot;=, NOT, EXISTS, INTERSECTS, SELECT, FROM&quot;; SQL statement:
select RES.* 
     
    from ACT_HI_ACTINST RES
     WHERE  RES.EXECUTION_ID_ = ?
      
      
      
        and RES.ACT_ID_ = ?
      
      
      
      
      
      
      
      
        and RES.END_TIME_ is null 
   
     order by  order by RES.ID_ asc  
    LIMIT ? OFFSET ? [42001-176]
org.apache.ibatis.exceptions.PersistenceException: 
### Error querying database.  Cause: org.h2.jdbc.JdbcSQLException: Syntax error in SQL statement &quot;SELECT RES.* 
     
    FROM ACT_HI_ACTINST RES
     WHERE  RES.EXECUTION_ID_ = ?
      
      
      
        AND RES.ACT_ID_ = ?
      
      
      
      
      
      
      
      
        AND RES.END_TIME_ IS NULL 
   
     ORDER BY  ORDER[*] BY RES.ID_ ASC  
    LIMIT ? OFFSET ? &quot;; expected &quot;=, NOT, EXISTS, INTERSECTS, SELECT, FROM&quot;; SQL statement:
select RES.* 
     
    from ACT_HI_ACTINST RES
     WHERE  RES.EXECUTION_ID_ = ?
      
      
      
        and RES.ACT_ID_ = ?
      
      
      
      
      
      
      
      
        and RES.END_TIME_ is null 
   
     order by  order by RES.ID_ asc  
    LIMIT ? OFFSET ? [42001-176]
### The error may exist in org/activiti/db/mapping/entity/HistoricActivityInstance.xml
### The error may involve org.activiti.engine.impl.persistence.entity.HistoricActivityInstanceEntity.selectHistoricActivityInstancesByQueryCriteria
### The error occurred while executing a query
### SQL: select RES.*            from ACT_HI_ACTINST RES      WHERE  RES.EXECUTION_ID_ = ?                              and RES.ACT_ID_ = ?                                                                 and RES.END_TIME_ is null           order by  order by RES.ID_ asc       LIMIT ? OFFSET ?
### Cause: org.h2.jdbc.JdbcSQLException: Syntax error in SQL statement &quot;SELECT RES.* 
     
    FROM ACT_HI_ACTINST RES
     WHERE  RES.EXECUTION_ID_ = ?
      
      
      
        AND RES.ACT_ID_ = ?
      
      
      
      
      
      
      
      
        AND RES.END_TIME_ IS NULL 
   
     ORDER BY  ORDER[*] BY RES.ID_ ASC  
    LIMIT ? OFFSET ? &quot;; expected &quot;=, NOT, EXISTS, INTERSECTS, SELECT, FROM&quot;; SQL statement:
select RES.* 
     
    from ACT_HI_ACTINST RES
     WHERE  RES.EXECUTION_ID_ = ?
      
      
      
        and RES.ACT_ID_ = ?
      
      
      
      
      
      
      
      
        and RES.END_TIME_ is null 
   
     order by  order by RES.ID_ asc  
    LIMIT ? OFFSET ? [42001-176]
	at org.apache.ibatis.exceptions.ExceptionFactory.wrapException(ExceptionFactory.java:30)
	at org.apache.ibatis.session.defaults.DefaultSqlSession.selectList(DefaultSqlSession.java:122)
	at org.apache.ibatis.session.defaults.DefaultSqlSession.selectList(DefaultSqlSession.java:113)
	at org.activiti.engine.impl.db.DbSqlSession.selectListWithRawParameter(DbSqlSession.java:438)
	at org.activiti.engine.impl.db.DbSqlSession.selectList(DbSqlSession.java:429)
	at org.activiti.engine.impl.db.DbSqlSession.selectList(DbSqlSession.java:419)
	at org.activiti.engine.impl.persistence.entity.HistoricActivityInstanceEntityManager.findHistoricActivityInstancesByQueryCriteria(HistoricActivityInstanceEntityManager.java:56)
	at org.activiti.engine.impl.HistoricActivityInstanceQueryImpl.executeList(HistoricActivityInstanceQueryImpl.java:70)
	at org.activiti.engine.impl.AbstractQuery.listPage(AbstractQuery.java:151)
	at org.activiti.engine.impl.history.DefaultHistoryManager.findActivityInstance(DefaultHistoryManager.java:355)
	at org.activiti.engine.impl.history.DefaultHistoryManager.recordActivityEnd(DefaultHistoryManager.java:281)
	at org.activiti.engine.impl.history.handler.ActivityInstanceEndHandler.notify(ActivityInstanceEndHandler.java:29)
	at org.activiti.engine.impl.pvm.runtime.AbstractEventAtomicOperation.execute(AbstractEventAtomicOperation.java:42)
	at org.activiti.engine.impl.interceptor.CommandContext.performOperation(CommandContext.java:97)
	at org.activiti.engine.impl.persistence.entity.ExecutionEntity.performOperationSync(ExecutionEntity.java:636)
	at org.activiti.engine.impl.persistence.entity.ExecutionEntity.performOperation(ExecutionEntity.java:629)
	at org.activiti.engine.impl.persistence.entity.ExecutionEntity.end(ExecutionEntity.java:399)
	at org.activiti.engine.impl.pvm.runtime.AtomicOperationActivityEnd.eventNotificationsCompleted(AtomicOperationActivityEnd.java:108)
	at org.activiti.engine.impl.pvm.runtime.AbstractEventAtomicOperation.execute(AbstractEventAtomicOperation.java:56)
	at org.activiti.engine.impl.interceptor.CommandContext.performOperation(CommandContext.java:97)
	at org.activiti.engine.impl.persistence.entity.ExecutionEntity.performOperationSync(ExecutionEntity.java:636)
	at org.activiti.engine.impl.persistence.entity.ExecutionEntity.performOperation(ExecutionEntity.java:629)
	at org.activiti.engine.impl.pvm.runtime.AbstractEventAtomicOperation.execute(AbstractEventAtomicOperation.java:49)
	at org.activiti.engine.impl.interceptor.CommandContext.performOperation(CommandContext.java:97)
	at org.activiti.engine.impl.persistence.entity.ExecutionEntity.performOperationSync(ExecutionEntity.java:636)
	at org.activiti.engine.impl.persistence.entity.ExecutionEntity.performOperation(ExecutionEntity.java:629)
	at org.activiti.engine.impl.persistence.entity.ExecutionEntity.end(ExecutionEntity.java:399)
	at org.activiti.engine.impl.bpmn.behavior.BpmnActivityBehavior.performOutgoingBehavior(BpmnActivityBehavior.java:176)
	at org.activiti.engine.impl.bpmn.behavior.BpmnActivityBehavior.performDefaultOutgoingBehavior(BpmnActivityBehavior.java:66)
	at org.activiti.engine.impl.bpmn.behavior.SubProcessActivityBehavior.lastExecutionEnded(SubProcessActivityBehavior.java:67)
	at org.activiti.engine.impl.pvm.runtime.AtomicOperationActivityEnd.eventNotificationsCompleted(AtomicOperationActivityEnd.java:95)
	at org.activiti.engine.impl.pvm.runtime.AbstractEventAtomicOperation.execute(AbstractEventAtomicOperation.java:56)
	at org.activiti.engine.impl.interceptor.CommandContext.performOperation(CommandContext.java:97)
	at org.activiti.engine.impl.persistence.entity.ExecutionEntity.performOperationSync(ExecutionEntity.java:636)
	at org.activiti.engine.impl.persistence.entity.ExecutionEntity.performOperation(ExecutionEntity.java:629)
	at org.activiti.engine.impl.pvm.runtime.AbstractEventAtomicOperation.execute(AbstractEventAtomicOperation.java:49)
	at org.activiti.engine.impl.interceptor.CommandContext.performOperation(CommandContext.java:97)
	at org.activiti.engine.impl.persistence.entity.ExecutionEntity.performOperationSync(ExecutionEntity.java:636)
	at org.activiti.engine.impl.persistence.entity.ExecutionEntity.performOperation(ExecutionEntity.java:629)
	at org.activiti.engine.impl.persistence.entity.ExecutionEntity.end(ExecutionEntity.java:399)
	at org.activiti.engine.impl.bpmn.behavior.BpmnActivityBehavior.performOutgoingBehavior(BpmnActivityBehavior.java:176)
	at org.activiti.engine.impl.bpmn.behavior.BpmnActivityBehavior.performDefaultOutgoingBehavior(BpmnActivityBehavior.java:66)
	at org.activiti.engine.impl.bpmn.behavior.FlowNodeActivityBehavior.leave(FlowNodeActivityBehavior.java:44)
	at org.activiti.engine.impl.bpmn.behavior.AbstractBpmnActivityBehavior.leave(AbstractBpmnActivityBehavior.java:47)
	at org.activiti.engine.impl.bpmn.behavior.ScriptTaskActivityBehavior.execute(ScriptTaskActivityBehavior.java:97)
	at org.activiti.engine.impl.pvm.runtime.AtomicOperationActivityExecute.execute(AtomicOperationActivityExecute.java:60)
	at org.activiti.engine.impl.interceptor.CommandContext.performOperation(CommandContext.java:97)
	at org.activiti.engine.impl.persistence.entity.ExecutionEntity.performOperationSync(ExecutionEntity.java:636)
	at org.activiti.engine.impl.persistence.entity.ExecutionEntity.performOperation(ExecutionEntity.java:629)
	at org.activiti.engine.impl.pvm.runtime.AtomicOperationTransitionNotifyListenerStart.eventNotificationsCompleted(AtomicOperationTransitionNotifyListenerStart.java:52)
	at org.activiti.engine.impl.pvm.runtime.AbstractEventAtomicOperation.execute(AbstractEventAtomicOperation.java:56)
	at org.activiti.engine.impl.interceptor.CommandContext.performOperation(CommandContext.java:97)
	at org.activiti.engine.impl.persistence.entity.ExecutionEntity.performOperationSync(ExecutionEntity.java:636)
	at org.activiti.engine.impl.persistence.entity.ExecutionEntity.performOperation(ExecutionEntity.java:629)
	at org.activiti.engine.impl.pvm.runtime.AbstractEventAtomicOperation.execute(AbstractEventAtomicOperation.java:49)
	at org.activiti.engine.impl.interceptor.CommandContext.performOperation(CommandContext.java:97)
	at org.activiti.engine.impl.persistence.entity.ExecutionEntity.performOperationSync(ExecutionEntity.java:636)
	at org.activiti.engine.impl.persistence.entity.ExecutionEntity.performOperation(ExecutionEntity.java:629)
	at org.activiti.engine.impl.pvm.runtime.AtomicOperationTransitionCreateScope.execute(AtomicOperationTransitionCreateScope.java:49)
	at org.activiti.engine.impl.interceptor.CommandContext.performOperation(CommandContext.java:97)
	at org.activiti.engine.impl.persistence.entity.ExecutionEntity.performOperationSync(ExecutionEntity.java:636)
	at org.activiti.engine.impl.persistence.entity.ExecutionEntity.performOperation(ExecutionEntity.java:629)
	at org.activiti.engine.impl.pvm.runtime.AtomicOperationTransitionNotifyListenerTake.execute(AtomicOperationTransitionNotifyListenerTake.java:80)
	at org.activiti.engine.impl.interceptor.CommandContext.performOperation(CommandContext.java:97)
	at org.activiti.engine.impl.persistence.entity.ExecutionEntity.performOperationSync(ExecutionEntity.java:636)
	at org.activiti.engine.impl.persistence.entity.ExecutionEntity.performOperation(ExecutionEntity.java:629)
	at org.activiti.engine.impl.pvm.runtime.AtomicOperationTransitionDestroyScope.execute(AtomicOperationTransitionDestroyScope.java:116)
	at org.activiti.engine.impl.interceptor.CommandContext.performOperation(CommandContext.java:97)
	at org.activiti.engine.impl.persistence.entity.ExecutionEntity.performOperationSync(ExecutionEntity.java:636)
	at org.activiti.engine.impl.persistence.entity.ExecutionEntity.performOperation(ExecutionEntity.java:629)
	at org.activiti.engine.impl.pvm.runtime.AtomicOperationTransitionNotifyListenerEnd.eventNotificationsCompleted(AtomicOperationTransitionNotifyListenerEnd.java:35)
	at org.activiti.engine.impl.pvm.runtime.AbstractEventAtomicOperation.execute(AbstractEventAtomicOperation.java:56)
	at org.activiti.engine.impl.interceptor.CommandContext.performOperation(CommandContext.java:97)
	at org.activiti.engine.impl.persistence.entity.ExecutionEntity.performOperationSync(ExecutionEntity.java:636)
	at org.activiti.engine.impl.persistence.entity.ExecutionEntity.performOperation(ExecutionEntity.java:629)
	at org.activiti.engine.impl.pvm.runtime.AbstractEventAtomicOperation.execute(AbstractEventAtomicOperation.java:49)
	at org.activiti.engine.impl.interceptor.CommandContext.performOperation(CommandContext.java:97)
	at org.activiti.engine.impl.persistence.entity.ExecutionEntity.performOperationSync(ExecutionEntity.java:636)
	at org.activiti.engine.impl.persistence.entity.ExecutionEntity.performOperation(ExecutionEntity.java:629)
	at org.activiti.engine.impl.persistence.entity.ExecutionEntity.take(ExecutionEntity.java:453)
	at org.activiti.engine.impl.persistence.entity.ExecutionEntity.take(ExecutionEntity.java:431)
	at org.activiti.engine.impl.bpmn.behavior.BpmnActivityBehavior.performOutgoingBehavior(BpmnActivityBehavior.java:140)
	at org.activiti.engine.impl.bpmn.behavior.BpmnActivityBehavior.performDefaultOutgoingBehavior(BpmnActivityBehavior.java:66)
	at org.activiti.engine.impl.bpmn.behavior.FlowNodeActivityBehavior.leave(FlowNodeActivityBehavior.java:44)
	at org.activiti.engine.impl.bpmn.behavior.FlowNodeActivityBehavior.execute(FlowNodeActivityBehavior.java:36)
	at org.activiti.engine.impl.pvm.runtime.AtomicOperationActivityExecute.execute(AtomicOperationActivityExecute.java:60)
	at org.activiti.engine.impl.interceptor.CommandContext.performOperation(CommandContext.java:97)
	at org.activiti.engine.impl.persistence.entity.ExecutionEntity.performOperationSync(ExecutionEntity.java:636)
	at org.activiti.engine.impl.persistence.entity.ExecutionEntity.performOperation(ExecutionEntity.java:629)
	at org.activiti.engine.impl.pvm.runtime.AtomicOperationActivityStart.eventNotificationsCompleted(AtomicOperationActivityStart.java:26)
	at org.activiti.engine.impl.pvm.runtime.AbstractEventAtomicOperation.execute(AbstractEventAtomicOperation.java:56)
	at org.activiti.engine.impl.interceptor.CommandContext.performOperation(CommandContext.java:97)
	at org.activiti.engine.impl.persistence.entity.ExecutionEntity.performOperationSync(ExecutionEntity.java:636)
	at org.activiti.engine.impl.persistence.entity.ExecutionEntity.performOperation(ExecutionEntity.java:629)
	at org.activiti.engine.impl.persistence.entity.ExecutionEntity.executeActivity(ExecutionEntity.java:458)
	at org.activiti.engine.impl.bpmn.behavior.SubProcessActivityBehavior.execute(SubProcessActivityBehavior.java:55)
	at org.activiti.engine.impl.pvm.runtime.AtomicOperationActivityExecute.execute(AtomicOperationActivityExecute.java:60)
	at org.activiti.engine.impl.interceptor.CommandContext.performOperation(CommandContext.java:97)
	at org.activiti.engine.impl.persistence.entity.ExecutionEntity.performOperationSync(ExecutionEntity.java:636)
	at org.activiti.engine.impl.persistence.entity.ExecutionEntity.performOperation(ExecutionEntity.java:629)
	at org.activiti.engine.impl.pvm.runtime.AtomicOperationTransitionNotifyListenerStart.eventNotificationsCompleted(AtomicOperationTransitionNotifyListenerStart.java:52)
	at org.activiti.engine.impl.pvm.runtime.AbstractEventAtomicOperation.execute(AbstractEventAtomicOperation.java:56)
	at org.activiti.engine.impl.interceptor.CommandContext.performOperation(CommandContext.java:97)
	at org.activiti.engine.impl.persistence.entity.ExecutionEntity.performOperationSync(ExecutionEntity.java:636)
	at org.activiti.engine.impl.persistence.entity.ExecutionEntity.performOperation(ExecutionEntity.java:629)
	at org.activiti.engine.impl.pvm.runtime.AbstractEventAtomicOperation.execute(AbstractEventAtomicOperation.java:49)
	at org.activiti.engine.impl.interceptor.CommandContext.performOperation(CommandContext.java:97)
	at org.activiti.engine.impl.persistence.entity.ExecutionEntity.performOperationSync(ExecutionEntity.java:636)
	at org.activiti.engine.impl.persistence.entity.ExecutionEntity.performOperation(ExecutionEntity.java:629)
	at org.activiti.engine.impl.pvm.runtime.AtomicOperationTransitionCreateScope.execute(AtomicOperationTransitionCreateScope.java:49)
	at org.activiti.engine.impl.interceptor.CommandContext.performOperation(CommandContext.java:97)
	at org.activiti.engine.impl.persistence.entity.ExecutionEntity.performOperationSync(ExecutionEntity.java:636)
	at org.activiti.engine.impl.persistence.entity.ExecutionEntity.performOperation(ExecutionEntity.java:629)
	at org.activiti.engine.impl.pvm.runtime.AtomicOperationTransitionNotifyListenerTake.execute(AtomicOperationTransitionNotifyListenerTake.java:80)
	at org.activiti.engine.impl.interceptor.CommandContext.performOperation(CommandContext.java:97)
	at org.activiti.engine.impl.persistence.entity.ExecutionEntity.performOperationSync(ExecutionEntity.java:636)
	at org.activiti.engine.impl.persistence.entity.ExecutionEntity.performOperation(ExecutionEntity.java:629)
	at org.activiti.engine.impl.pvm.runtime.AtomicOperationTransitionDestroyScope.execute(AtomicOperationTransitionDestroyScope.java:116)
	at org.activiti.engine.impl.interceptor.CommandContext.performOperation(CommandContext.java:97)
	at org.activiti.engine.impl.persistence.entity.ExecutionEntity.performOperationSync(ExecutionEntity.java:636)
	at org.activiti.engine.impl.persistence.entity.ExecutionEntity.performOperation(ExecutionEntity.java:629)
	at org.activiti.engine.impl.pvm.runtime.AtomicOperationTransitionNotifyListenerEnd.eventNotificationsCompleted(AtomicOperationTransitionNotifyListenerEnd.java:35)
	at org.activiti.engine.impl.pvm.runtime.AbstractEventAtomicOperation.execute(AbstractEventAtomicOperation.java:56)
	at org.activiti.engine.impl.interceptor.CommandContext.performOperation(CommandContext.java:97)
	at org.activiti.engine.impl.persistence.entity.ExecutionEntity.performOperationSync(ExecutionEntity.java:636)
	at org.activiti.engine.impl.persistence.entity.ExecutionEntity.performOperation(ExecutionEntity.java:629)
	at org.activiti.engine.impl.pvm.runtime.AbstractEventAtomicOperation.execute(AbstractEventAtomicOperation.java:49)
	at org.activiti.engine.impl.interceptor.CommandContext.performOperation(CommandContext.java:97)
	at org.activiti.engine.impl.persistence.entity.ExecutionEntity.performOperationSync(ExecutionEntity.java:636)
	at org.activiti.engine.impl.persistence.entity.ExecutionEntity.performOperation(ExecutionEntity.java:629)
	at org.activiti.engine.impl.persistence.entity.ExecutionEntity.take(ExecutionEntity.java:453)
	at org.activiti.engine.impl.persistence.entity.ExecutionEntity.take(ExecutionEntity.java:431)
	at org.activiti.engine.impl.bpmn.behavior.BpmnActivityBehavior.performOutgoingBehavior(BpmnActivityBehavior.java:140)
	at org.activiti.engine.impl.bpmn.behavior.BpmnActivityBehavior.performDefaultOutgoingBehavior(BpmnActivityBehavior.java:66)
	at org.activiti.engine.impl.bpmn.behavior.FlowNodeActivityBehavior.leave(FlowNodeActivityBehavior.java:44)
	at org.activiti.engine.impl.bpmn.behavior.FlowNodeActivityBehavior.execute(FlowNodeActivityBehavior.java:36)
	at org.activiti.engine.impl.pvm.runtime.AtomicOperationActivityExecute.execute(AtomicOperationActivityExecute.java:60)
	at org.activiti.engine.impl.interceptor.CommandContext.performOperation(CommandContext.java:97)
	at org.activiti.engine.impl.persistence.entity.ExecutionEntity.performOperationSync(ExecutionEntity.java:636)
	at org.activiti.engine.impl.persistence.entity.ExecutionEntity.performOperation(ExecutionEntity.java:629)
	at org.activiti.engine.impl.pvm.runtime.AtomicOperationProcessStartInitial.eventNotificationsCompleted(AtomicOperationProcessStartInitial.java:45)
	at org.activiti.engine.impl.pvm.runtime.AbstractEventAtomicOperation.execute(AbstractEventAtomicOperation.java:56)
	at org.activiti.engine.impl.interceptor.CommandContext.performOperation(CommandContext.java:97)
	at org.activiti.engine.impl.persistence.entity.ExecutionEntity.performOperationSync(ExecutionEntity.java:636)
	at org.activiti.engine.impl.persistence.entity.ExecutionEntity.performOperation(ExecutionEntity.java:629)
	at org.activiti.engine.impl.pvm.runtime.AtomicOperationProcessStart.eventNotificationsCompleted(AtomicOperationProcessStart.java:64)
	at org.activiti.engine.impl.pvm.runtime.AbstractEventAtomicOperation.execute(AbstractEventAtomicOperation.java:56)
	at org.activiti.engine.impl.interceptor.CommandContext.performOperation(CommandContext.java:97)
	at org.activiti.engine.impl.persistence.entity.ExecutionEntity.performOperationSync(ExecutionEntity.java:636)
	at org.activiti.engine.impl.persistence.entity.ExecutionEntity.performOperation(ExecutionEntity.java:629)
	at org.activiti.engine.impl.persistence.entity.ExecutionEntity.start(ExecutionEntity.java:381)
	at org.activiti.engine.impl.cmd.StartProcessInstanceCmd.execute(StartProcessInstanceCmd.java:110)
	at org.activiti.engine.impl.cmd.StartProcessInstanceCmd.execute(StartProcessInstanceCmd.java:37)
	at org.activiti.engine.impl.interceptor.CommandInvoker.execute(CommandInvoker.java:24)
	at org.activiti.engine.impl.interceptor.CommandContextInterceptor.execute(CommandContextInterceptor.java:57)
	at org.activiti.engine.impl.interceptor.LogInterceptor.execute(LogInterceptor.java:37)
	at org.activiti.engine.impl.cfg.CommandExecutorImpl.execute(CommandExecutorImpl.java:40)
	at org.activiti.engine.impl.cfg.CommandExecutorImpl.execute(CommandExecutorImpl.java:35)
	at org.activiti.engine.impl.RuntimeServiceImpl.startProcessInstanceByKey(RuntimeServiceImpl.java:69)
	at org.activiti.engine.test.bpmn.subprocess.SubProcessTest.testSimpleSubProcessWithoutEndEvent(SubProcessTest.java:345)
	at sun.reflect.NativeMethodAccessorImpl.invoke0(Native Method)
	at sun.reflect.NativeMethodAccessorImpl.invoke(NativeMethodAccessorImpl.java:62)
	at sun.reflect.DelegatingMethodAccessorImpl.invoke(DelegatingMethodAccessorImpl.java:43)
	at java.lang.reflect.Method.invoke(Method.java:498)
	at junit.framework.TestCase.runTest(TestCase.java:176)
	at org.activiti.engine.impl.test.PvmTestCase.runTest(PvmTestCase.java:65)
	at junit.framework.TestCase.runBare(TestCase.java:141)
	at org.activiti.engine.impl.test.AbstractActivitiTestCase.runBare(AbstractActivitiTestCase.java:100)
	at junit.framework.TestResult$1.protect(TestResult.java:122)
	at junit.framework.TestResult.runProtected(TestResult.java:142)
	at junit.framework.TestResult.run(TestResult.java:125)
	at junit.framework.TestCase.run(TestCase.java:129)
	at junit.framework.TestSuite.runTest(TestSuite.java:255)
	at junit.framework.TestSuite.run(TestSuite.java:250)
	at org.junit.internal.runners.JUnit38ClassRunner.run(JUnit38ClassRunner.java:84)
	at org.apache.maven.surefire.junit4.JUnit4TestSet.execute(JUnit4TestSet.java:35)
	at org.apache.maven.surefire.junit4.JUnit4Provider.executeTestSet(JUnit4Provider.java:146)
	at org.apache.maven.surefire.junit4.JUnit4Provider.invoke(JUnit4Provider.java:97)
	at sun.reflect.NativeMethodAccessorImpl.invoke0(Native Method)
	at sun.reflect.NativeMethodAccessorImpl.invoke(NativeMethodAccessorImpl.java:62)
	at sun.reflect.DelegatingMethodAccessorImpl.invoke(DelegatingMethodAccessorImpl.java:43)
	at java.lang.reflect.Method.invoke(Method.java:498)
	at org.apache.maven.surefire.booter.ProviderFactory$ClassLoaderProxy.invoke(ProviderFactory.java:103)
	at com.sun.proxy.$Proxy0.invoke(Unknown Source)
	at org.apache.maven.surefire.booter.SurefireStarter.invokeProvider(SurefireStarter.java:145)
	at org.apache.maven.surefire.booter.SurefireStarter.runSuitesInProcess(SurefireStarter.java:87)
	at org.apache.maven.surefire.booter.ForkedBooter.main(ForkedBooter.java:69)
Caused by: org.h2.jdbc.JdbcSQLException: Syntax error in SQL statement &quot;SELECT RES.* 
     
    FROM ACT_HI_ACTINST RES
     WHERE  RES.EXECUTION_ID_ = ?
      
      
      
        AND RES.ACT_ID_ = ?
      
      
      
      
      
      
      
      
        AND RES.END_TIME_ IS NULL 
   
     ORDER BY  ORDER[*] BY RES.ID_ ASC  
    LIMIT ? OFFSET ? &quot;; expected &quot;=, NOT, EXISTS, INTERSECTS, SELECT, FROM&quot;; SQL statement:
select RES.* 
     
    from ACT_HI_ACTINST RES
     WHERE  RES.EXECUTION_ID_ = ?
      
      
      
        and RES.ACT_ID_ = ?
      
      
      
      
      
      
      
      
        and RES.END_TIME_ is null 
   
     order by  order by RES.ID_ asc  
    LIMIT ? OFFSET ? [42001-176]
	at org.h2.message.DbException.getJdbcSQLException(DbException.java:344)
	at org.h2.message.DbException.getSyntaxError(DbException.java:204)
	at org.h2.command.Parser.getSyntaxError(Parser.java:524)
	at org.h2.command.Parser.readTerm(Parser.java:2688)
	at org.h2.command.Parser.readFactor(Parser.java:2244)
	at org.h2.command.Parser.readSum(Parser.java:2231)
	at org.h2.command.Parser.readConcat(Parser.java:2201)
	at org.h2.command.Parser.readCondition(Parser.java:2051)
	at org.h2.command.Parser.readAnd(Parser.java:2023)
	at org.h2.command.Parser.readExpression(Parser.java:2015)
	at org.h2.command.Parser.parseEndOfQuery(Parser.java:1726)
	at org.h2.command.Parser.parseSelectUnionExtension(Parser.java:1706)
	at org.h2.command.Parser.parseSelectUnion(Parser.java:1675)
	at org.h2.command.Parser.parseSelect(Parser.java:1662)
	at org.h2.command.Parser.parsePrepared(Parser.java:434)
	at org.h2.command.Parser.parse(Parser.java:306)
	at org.h2.command.Parser.parse(Parser.java:282)
	at org.h2.command.Parser.prepareCommand(Parser.java:243)
	at org.h2.engine.Session.prepareLocal(Session.java:442)
	at org.h2.engine.Session.prepareCommand(Session.java:384)
	at org.h2.jdbc.JdbcConnection.prepareCommand(JdbcConnection.java:1188)
	at org.h2.jdbc.JdbcPreparedStatement.&lt;init&gt;(JdbcPreparedStatement.java:73)
	at org.h2.jdbc.JdbcConnection.prepareStatement(JdbcConnection.java:276)
	at sun.reflect.GeneratedMethodAccessor6.invoke(Unknown Source)
	at sun.reflect.DelegatingMethodAccessorImpl.invoke(DelegatingMethodAccessorImpl.java:43)
	at java.lang.reflect.Method.invoke(Method.java:498)
	at org.apache.ibatis.datasource.pooled.PooledConnection.invoke(PooledConnection.java:245)
	at com.sun.proxy.$Proxy12.prepareStatement(Unknown Source)
	at sun.reflect.GeneratedMethodAccessor6.invoke(Unknown Source)
	at sun.reflect.DelegatingMethodAccessorImpl.invoke(DelegatingMethodAccessorImpl.java:43)
	at java.lang.reflect.Method.invoke(Method.java:498)
	at org.apache.ibatis.logging.jdbc.ConnectionLogger.invoke(ConnectionLogger.java:55)
	at com.sun.proxy.$Proxy12.prepareStatement(Unknown Source)
	at org.apache.ibatis.executor.statement.PreparedStatementHandler.instantiateStatement(PreparedStatementHandler.java:79)
	at org.apache.ibatis.executor.statement.BaseStatementHandler.prepare(BaseStatementHandler.java:88)
	at org.apache.ibatis.executor.statement.RoutingStatementHandler.prepare(RoutingStatementHandler.java:58)
	at org.apache.ibatis.executor.SimpleExecutor.prepareStatement(SimpleExecutor.java:76)
	at org.apache.ibatis.executor.SimpleExecutor.doQuery(SimpleExecutor.java:61)
	at org.apache.ibatis.executor.BaseExecutor.queryFromDatabase(BaseExecutor.java:303)
	at org.apache.ibatis.executor.BaseExecutor.query(BaseExecutor.java:154)
	at org.apache.ibatis.executor.CachingExecutor.query(CachingExecutor.java:102)
	at org.apache.ibatis.executor.CachingExecutor.query(CachingExecutor.java:82)
	at org.apache.ibatis.session.defaults.DefaultSqlSession.selectList(DefaultSqlSession.java:120)
	... 185 more
10:47:09,877 [main] DEBUG org.activiti.engine.impl.test.TestHelper  - annotation @Deployment deletes deployment for SubProcessTest.testSimpleSubProcessWithoutEndEvent
10:47:09,877 [main] DEBUG org.activiti.engine.impl.interceptor.LogInterceptor  - 

10:47:09,877 [main] DEBUG org.activiti.engine.impl.interceptor.LogInterceptor  - --- starting DeleteDeploymentCmd --------------------------------------------------------
10:47:09,877 [main] DEBUG org.apache.ibatis.transaction.jdbc.JdbcTransaction  - Opening JDBC Connection
10:47:09,877 [main] DEBUG org.apache.ibatis.datasource.pooled.PooledDataSource  - Checked out connection 180014677 from pool.
10:47:09,877 [main] DEBUG org.apache.ibatis.transaction.jdbc.JdbcTransaction  - Setting autocommit to false on JDBC Connection [conn3: url=jdbc:h2:mem:activiti user=SA]
10:47:09,877 [main] DEBUG org.activiti.engine.impl.persistence.entity.DeploymentEntity.selectDeploymentById  - ==&gt;  Preparing: select * from ACT_RE_DEPLOYMENT where ID_ = ? 
10:47:09,877 [main] DEBUG org.activiti.engine.impl.persistence.entity.DeploymentEntity.selectDeploymentById  - ==&gt; Parameters: 199(String)
10:47:09,877 [main] DEBUG org.activiti.engine.impl.persistence.entity.DeploymentEntity.selectDeploymentById  - &lt;==      Total: 1
10:47:09,877 [main] DEBUG org.activiti.engine.impl.persistence.entity.ProcessDefinitionEntity.selectProcessDefinitionsByQueryCriteria  - ==&gt;  Preparing: select RES.* from ACT_RE_PROCDEF RES WHERE RES.DEPLOYMENT_ID_ = ? order by order by RES.ID_ asc LIMIT ? OFFSET ? 
10:47:09,877 [main] DEBUG org.activiti.engine.impl.interceptor.CommandContext  - Error while closing command context
org.apache.ibatis.exceptions.PersistenceException: 
### Error querying database.  Cause: org.h2.jdbc.JdbcSQLException: Syntax error in SQL statement &quot;SELECT RES.* 
       
    FROM ACT_RE_PROCDEF RES
     
     WHERE  RES.DEPLOYMENT_ID_ = ? 
   
     ORDER BY  ORDER[*] BY RES.ID_ ASC  
    LIMIT ? OFFSET ? &quot;; expected &quot;=, NOT, EXISTS, INTERSECTS, SELECT, FROM&quot;; SQL statement:
select RES.* 
       
    from ACT_RE_PROCDEF RES
     
     WHERE  RES.DEPLOYMENT_ID_ = ? 
   
     order by  order by RES.ID_ asc  
    LIMIT ? OFFSET ? [42001-176]
### The error may exist in org/activiti/db/mapping/entity/ProcessDefinition.xml
### The error may involve org.activiti.engine.impl.persistence.entity.ProcessDefinitionEntity.selectProcessDefinitionsByQueryCriteria
### The error occurred while executing a query
### SQL: select RES.*              from ACT_RE_PROCDEF RES            WHERE  RES.DEPLOYMENT_ID_ = ?           order by  order by RES.ID_ asc       LIMIT ? OFFSET ?
### Cause: org.h2.jdbc.JdbcSQLException: Syntax error in SQL statement &quot;SELECT RES.* 
       
    FROM ACT_RE_PROCDEF RES
     
     WHERE  RES.DEPLOYMENT_ID_ = ? 
   
     ORDER BY  ORDER[*] BY RES.ID_ ASC  
    LIMIT ? OFFSET ? &quot;; expected &quot;=, NOT, EXISTS, INTERSECTS, SELECT, FROM&quot;; SQL statement:
select RES.* 
       
    from ACT_RE_PROCDEF RES
     
     WHERE  RES.DEPLOYMENT_ID_ = ? 
   
     order by  order by RES.ID_ asc  
    LIMIT ? OFFSET ? [42001-176]
	at org.apache.ibatis.exceptions.ExceptionFactory.wrapException(ExceptionFactory.java:30)
	at org.apache.ibatis.session.defaults.DefaultSqlSession.selectList(DefaultSqlSession.java:122)
	at org.apache.ibatis.session.defaults.DefaultSqlSession.selectList(DefaultSqlSession.java:113)
	at org.activiti.engine.impl.db.DbSqlSession.selectListWithRawParameter(DbSqlSession.java:438)
	at org.activiti.engine.impl.db.DbSqlSession.selectList(DbSqlSession.java:429)
	at org.activiti.engine.impl.db.DbSqlSession.selectList(DbSqlSession.java:419)
	at org.activiti.engine.impl.persistence.entity.ProcessDefinitionEntityManager.findProcessDefinitionsByQueryCriteria(ProcessDefinitionEntityManager.java:57)
	at org.activiti.engine.impl.ProcessDefinitionQueryImpl.executeList(ProcessDefinitionQueryImpl.java:307)
	at org.activiti.engine.impl.AbstractQuery.list(AbstractQuery.java:140)
	at org.activiti.engine.impl.persistence.deploy.DeploymentManager.removeDeployment(DeploymentManager.java:187)
	at org.activiti.engine.impl.cmd.DeleteDeploymentCmd.execute(DeleteDeploymentCmd.java:44)
	at org.activiti.engine.impl.cmd.DeleteDeploymentCmd.execute(DeleteDeploymentCmd.java:24)
	at org.activiti.engine.impl.interceptor.CommandInvoker.execute(CommandInvoker.java:24)
	at org.activiti.engine.impl.interceptor.CommandContextInterceptor.execute(CommandContextInterceptor.java:57)
	at org.activiti.engine.impl.interceptor.LogInterceptor.execute(LogInterceptor.java:37)
	at org.activiti.engine.impl.cfg.CommandExecutorImpl.execute(CommandExecutorImpl.java:40)
	at org.activiti.engine.impl.cfg.CommandExecutorImpl.execute(CommandExecutorImpl.java:35)
	at org.activiti.engine.impl.RepositoryServiceImpl.deleteDeployment(RepositoryServiceImpl.java:90)
	at org.activiti.engine.impl.test.TestHelper.annotationDeploymentTearDown(TestHelper.java:116)
	at org.activiti.engine.impl.test.AbstractActivitiTestCase.runBare(AbstractActivitiTestCase.java:116)
	at junit.framework.TestResult$1.protect(TestResult.java:122)
	at junit.framework.TestResult.runProtected(TestResult.java:142)
	at junit.framework.TestResult.run(TestResult.java:125)
	at junit.framework.TestCase.run(TestCase.java:129)
	at junit.framework.TestSuite.runTest(TestSuite.java:255)
	at junit.framework.TestSuite.run(TestSuite.java:250)
	at org.junit.internal.runners.JUnit38ClassRunner.run(JUnit38ClassRunner.java:84)
	at org.apache.maven.surefire.junit4.JUnit4TestSet.execute(JUnit4TestSet.java:35)
	at org.apache.maven.surefire.junit4.JUnit4Provider.executeTestSet(JUnit4Provider.java:146)
	at org.apache.maven.surefire.junit4.JUnit4Provider.invoke(JUnit4Provider.java:97)
	at sun.reflect.NativeMethodAccessorImpl.invoke0(Native Method)
	at sun.reflect.NativeMethodAccessorImpl.invoke(NativeMethodAccessorImpl.java:62)
	at sun.reflect.DelegatingMethodAccessorImpl.invoke(DelegatingMethodAccessorImpl.java:43)
	at java.lang.reflect.Method.invoke(Method.java:498)
	at org.apache.maven.surefire.booter.ProviderFactory$ClassLoaderProxy.invoke(ProviderFactory.java:103)
	at com.sun.proxy.$Proxy0.invoke(Unknown Source)
	at org.apache.maven.surefire.booter.SurefireStarter.invokeProvider(SurefireStarter.java:145)
	at org.apache.maven.surefire.booter.SurefireStarter.runSuitesInProcess(SurefireStarter.java:87)
	at org.apache.maven.surefire.booter.ForkedBooter.main(ForkedBooter.java:69)
Caused by: org.h2.jdbc.JdbcSQLException: Syntax error in SQL statement &quot;SELECT RES.* 
       
    FROM ACT_RE_PROCDEF RES
     
     WHERE  RES.DEPLOYMENT_ID_ = ? 
   
     ORDER BY  ORDER[*] BY RES.ID_ ASC  
    LIMIT ? OFFSET ? &quot;; expected &quot;=, NOT, EXISTS, INTERSECTS, SELECT, FROM&quot;; SQL statement:
select RES.* 
       
    from ACT_RE_PROCDEF RES
     
     WHERE  RES.DEPLOYMENT_ID_ = ? 
   
     order by  order by RES.ID_ asc  
    LIMIT ? OFFSET ? [42001-176]
	at org.h2.message.DbException.getJdbcSQLException(DbException.java:344)
	at org.h2.message.DbException.getSyntaxError(DbException.java:204)
	at org.h2.command.Parser.getSyntaxError(Parser.java:524)
	at org.h2.command.Parser.readTerm(Parser.java:2688)
	at org.h2.command.Parser.readFactor(Parser.java:2244)
	at org.h2.command.Parser.readSum(Parser.java:2231)
	at org.h2.command.Parser.readConcat(Parser.java:2201)
	at org.h2.command.Parser.readCondition(Parser.java:2051)
	at org.h2.command.Parser.readAnd(Parser.java:2023)
	at org.h2.command.Parser.readExpression(Parser.java:2015)
	at org.h2.command.Parser.parseEndOfQuery(Parser.java:1726)
	at org.h2.command.Parser.parseSelectUnionExtension(Parser.java:1706)
	at org.h2.command.Parser.parseSelectUnion(Parser.java:1675)
	at org.h2.command.Parser.parseSelect(Parser.java:1662)
	at org.h2.command.Parser.parsePrepared(Parser.java:434)
	at org.h2.command.Parser.parse(Parser.java:306)
	at org.h2.command.Parser.parse(Parser.java:282)
	at org.h2.command.Parser.prepareCommand(Parser.java:243)
	at org.h2.engine.Session.prepareLocal(Session.java:442)
	at org.h2.engine.Session.prepareCommand(Session.java:384)
	at org.h2.jdbc.JdbcConnection.prepareCommand(JdbcConnection.java:1188)
	at org.h2.jdbc.JdbcPreparedStatement.&lt;init&gt;(JdbcPreparedStatement.java:73)
	at org.h2.jdbc.JdbcConnection.prepareStatement(JdbcConnection.java:276)
	at sun.reflect.GeneratedMethodAccessor6.invoke(Unknown Source)
	at sun.reflect.DelegatingMethodAccessorImpl.invoke(DelegatingMethodAccessorImpl.java:43)
	at java.lang.reflect.Method.invoke(Method.java:498)
	at org.apache.ibatis.datasource.pooled.PooledConnection.invoke(PooledConnection.java:245)
	at com.sun.proxy.$Proxy12.prepareStatement(Unknown Source)
	at sun.reflect.GeneratedMethodAccessor6.invoke(Unknown Source)
	at sun.reflect.DelegatingMethodAccessorImpl.invoke(DelegatingMethodAccessorImpl.java:43)
	at java.lang.reflect.Method.invoke(Method.java:498)
	at org.apache.ibatis.logging.jdbc.ConnectionLogger.invoke(ConnectionLogger.java:55)
	at com.sun.proxy.$Proxy12.prepareStatement(Unknown Source)
	at org.apache.ibatis.executor.statement.PreparedStatementHandler.instantiateStatement(PreparedStatementHandler.java:79)
	at org.apache.ibatis.executor.statement.BaseStatementHandler.prepare(BaseStatementHandler.java:88)
	at org.apache.ibatis.executor.statement.RoutingStatementHandler.prepare(RoutingStatementHandler.java:58)
	at org.apache.ibatis.executor.SimpleExecutor.prepareStatement(SimpleExecutor.java:76)
	at org.apache.ibatis.executor.SimpleExecutor.doQuery(SimpleExecutor.java:61)
	at org.apache.ibatis.executor.BaseExecutor.queryFromDatabase(BaseExecutor.java:303)
	at org.apache.ibatis.executor.BaseExecutor.query(BaseExecutor.java:154)
	at org.apache.ibatis.executor.CachingExecutor.query(CachingExecutor.java:102)
	at org.apache.ibatis.executor.CachingExecutor.query(CachingExecutor.java:82)
	at org.apache.ibatis.session.defaults.DefaultSqlSession.selectList(DefaultSqlSession.java:120)
	... 37 more
10:47:09,877 [main] DEBUG org.activiti.engine.impl.cfg.standalone.StandaloneMybatisTransactionContext  - firing event rolling back...
10:47:09,877 [main] DEBUG org.activiti.engine.impl.cfg.standalone.StandaloneMybatisTransactionContext  - rolling back ibatis sql session...
10:47:09,877 [main] DEBUG org.activiti.engine.impl.cfg.standalone.StandaloneMybatisTransactionContext  - firing event rolled back...
10:47:09,877 [main] DEBUG org.apache.ibatis.transaction.jdbc.JdbcTransaction  - Resetting autocommit to true on JDBC Connection [conn3: url=jdbc:h2:mem:activiti user=SA]
10:47:09,877 [main] DEBUG org.apache.ibatis.transaction.jdbc.JdbcTransaction  - Closing JDBC Connection [conn3: url=jdbc:h2:mem:activiti user=SA]
10:47:09,877 [main] DEBUG org.apache.ibatis.datasource.pooled.PooledDataSource  - Returned connection 180014677 to pool.
10:47:09,877 [main] DEBUG org.activiti.engine.impl.interceptor.LogInterceptor  - --- DeleteDeploymentCmd finished --------------------------------------------------------
10:47:09,877 [main] DEBUG org.activiti.engine.impl.interceptor.LogInterceptor  - 

</system-out>
  </testcase>
  <testcase classname="org.activiti.engine.test.bpmn.subprocess.SubProcessTest" name="testNestedSimpleSubProcessWithoutEndEvent" time="0.017">
    <error message="
### Error querying database.  Cause: org.h2.jdbc.JdbcSQLException: Syntax error in SQL statement &quot;SELECT RES.* 
       
    FROM ACT_RE_PROCDEF RES
     
     WHERE  RES.DEPLOYMENT_ID_ = ? 
   
     ORDER BY  ORDER[*] BY RES.ID_ ASC  
    LIMIT ? OFFSET ? &quot;; expected &quot;=, NOT, EXISTS, INTERSECTS, SELECT, FROM&quot;; SQL statement:
select RES.* 
       
    from ACT_RE_PROCDEF RES
     
     WHERE  RES.DEPLOYMENT_ID_ = ? 
   
     order by  order by RES.ID_ asc  
    LIMIT ? OFFSET ? [42001-176]
### The error may exist in org/activiti/db/mapping/entity/ProcessDefinition.xml
### The error may involve org.activiti.engine.impl.persistence.entity.ProcessDefinitionEntity.selectProcessDefinitionsByQueryCriteria
### The error occurred while executing a query
### SQL: select RES.*              from ACT_RE_PROCDEF RES            WHERE  RES.DEPLOYMENT_ID_ = ?           order by  order by RES.ID_ asc       LIMIT ? OFFSET ?
### Cause: org.h2.jdbc.JdbcSQLException: Syntax error in SQL statement &quot;SELECT RES.* 
       
    FROM ACT_RE_PROCDEF RES
     
     WHERE  RES.DEPLOYMENT_ID_ = ? 
   
     ORDER BY  ORDER[*] BY RES.ID_ ASC  
    LIMIT ? OFFSET ? &quot;; expected &quot;=, NOT, EXISTS, INTERSECTS, SELECT, FROM&quot;; SQL statement:
select RES.* 
       
    from ACT_RE_PROCDEF RES
     
     WHERE  RES.DEPLOYMENT_ID_ = ? 
   
     order by  order by RES.ID_ asc  
    LIMIT ? OFFSET ? [42001-176]" type="org.apache.ibatis.exceptions.PersistenceException">org.apache.ibatis.exceptions.PersistenceException: 
### Error querying database.  Cause: org.h2.jdbc.JdbcSQLException: Syntax error in SQL statement &quot;SELECT RES.* 
       
    FROM ACT_RE_PROCDEF RES
     
     WHERE  RES.DEPLOYMENT_ID_ = ? 
   
     ORDER BY  ORDER[*] BY RES.ID_ ASC  
    LIMIT ? OFFSET ? &quot;; expected &quot;=, NOT, EXISTS, INTERSECTS, SELECT, FROM&quot;; SQL statement:
select RES.* 
       
    from ACT_RE_PROCDEF RES
     
     WHERE  RES.DEPLOYMENT_ID_ = ? 
   
     order by  order by RES.ID_ asc  
    LIMIT ? OFFSET ? [42001-176]
### The error may exist in org/activiti/db/mapping/entity/ProcessDefinition.xml
### The error may involve org.activiti.engine.impl.persistence.entity.ProcessDefinitionEntity.selectProcessDefinitionsByQueryCriteria
### The error occurred while executing a query
### SQL: select RES.*              from ACT_RE_PROCDEF RES            WHERE  RES.DEPLOYMENT_ID_ = ?           order by  order by RES.ID_ asc       LIMIT ? OFFSET ?
### Cause: org.h2.jdbc.JdbcSQLException: Syntax error in SQL statement &quot;SELECT RES.* 
       
    FROM ACT_RE_PROCDEF RES
     
     WHERE  RES.DEPLOYMENT_ID_ = ? 
   
     ORDER BY  ORDER[*] BY RES.ID_ ASC  
    LIMIT ? OFFSET ? &quot;; expected &quot;=, NOT, EXISTS, INTERSECTS, SELECT, FROM&quot;; SQL statement:
select RES.* 
       
    from ACT_RE_PROCDEF RES
     
     WHERE  RES.DEPLOYMENT_ID_ = ? 
   
     order by  order by RES.ID_ asc  
    LIMIT ? OFFSET ? [42001-176]
	at org.apache.ibatis.exceptions.ExceptionFactory.wrapException(ExceptionFactory.java:30)
	at org.apache.ibatis.session.defaults.DefaultSqlSession.selectList(DefaultSqlSession.java:122)
	at org.apache.ibatis.session.defaults.DefaultSqlSession.selectList(DefaultSqlSession.java:113)
	at org.activiti.engine.impl.db.DbSqlSession.selectListWithRawParameter(DbSqlSession.java:438)
	at org.activiti.engine.impl.db.DbSqlSession.selectList(DbSqlSession.java:429)
	at org.activiti.engine.impl.db.DbSqlSession.selectList(DbSqlSession.java:419)
	at org.activiti.engine.impl.persistence.entity.ProcessDefinitionEntityManager.findProcessDefinitionsByQueryCriteria(ProcessDefinitionEntityManager.java:57)
	at org.activiti.engine.impl.ProcessDefinitionQueryImpl.executeList(ProcessDefinitionQueryImpl.java:307)
	at org.activiti.engine.impl.AbstractQuery.list(AbstractQuery.java:140)
	at org.activiti.engine.impl.persistence.deploy.DeploymentManager.removeDeployment(DeploymentManager.java:187)
	at org.activiti.engine.impl.cmd.DeleteDeploymentCmd.execute(DeleteDeploymentCmd.java:44)
	at org.activiti.engine.impl.cmd.DeleteDeploymentCmd.execute(DeleteDeploymentCmd.java:24)
	at org.activiti.engine.impl.interceptor.CommandInvoker.execute(CommandInvoker.java:24)
	at org.activiti.engine.impl.interceptor.CommandContextInterceptor.execute(CommandContextInterceptor.java:57)
	at org.activiti.engine.impl.interceptor.LogInterceptor.execute(LogInterceptor.java:37)
	at org.activiti.engine.impl.cfg.CommandExecutorImpl.execute(CommandExecutorImpl.java:40)
	at org.activiti.engine.impl.cfg.CommandExecutorImpl.execute(CommandExecutorImpl.java:35)
	at org.activiti.engine.impl.RepositoryServiceImpl.deleteDeployment(RepositoryServiceImpl.java:90)
	at org.activiti.engine.impl.test.TestHelper.annotationDeploymentTearDown(TestHelper.java:116)
	at org.activiti.engine.impl.test.AbstractActivitiTestCase.runBare(AbstractActivitiTestCase.java:116)
	at junit.framework.TestResult$1.protect(TestResult.java:122)
	at junit.framework.TestResult.runProtected(TestResult.java:142)
	at junit.framework.TestResult.run(TestResult.java:125)
	at junit.framework.TestCase.run(TestCase.java:129)
	at junit.framework.TestSuite.runTest(TestSuite.java:255)
	at junit.framework.TestSuite.run(TestSuite.java:250)
	at org.junit.internal.runners.JUnit38ClassRunner.run(JUnit38ClassRunner.java:84)
	at org.apache.maven.surefire.junit4.JUnit4TestSet.execute(JUnit4TestSet.java:35)
	at org.apache.maven.surefire.junit4.JUnit4Provider.executeTestSet(JUnit4Provider.java:146)
	at org.apache.maven.surefire.junit4.JUnit4Provider.invoke(JUnit4Provider.java:97)
	at sun.reflect.NativeMethodAccessorImpl.invoke0(Native Method)
	at sun.reflect.NativeMethodAccessorImpl.invoke(NativeMethodAccessorImpl.java:62)
	at sun.reflect.DelegatingMethodAccessorImpl.invoke(DelegatingMethodAccessorImpl.java:43)
	at java.lang.reflect.Method.invoke(Method.java:498)
	at org.apache.maven.surefire.booter.ProviderFactory$ClassLoaderProxy.invoke(ProviderFactory.java:103)
	at com.sun.proxy.$Proxy0.invoke(Unknown Source)
	at org.apache.maven.surefire.booter.SurefireStarter.invokeProvider(SurefireStarter.java:145)
	at org.apache.maven.surefire.booter.SurefireStarter.runSuitesInProcess(SurefireStarter.java:87)
	at org.apache.maven.surefire.booter.ForkedBooter.main(ForkedBooter.java:69)
Caused by: org.h2.jdbc.JdbcSQLException: Syntax error in SQL statement &quot;SELECT RES.* 
       
    FROM ACT_RE_PROCDEF RES
     
     WHERE  RES.DEPLOYMENT_ID_ = ? 
   
     ORDER BY  ORDER[*] BY RES.ID_ ASC  
    LIMIT ? OFFSET ? &quot;; expected &quot;=, NOT, EXISTS, INTERSECTS, SELECT, FROM&quot;; SQL statement:
select RES.* 
       
    from ACT_RE_PROCDEF RES
     
     WHERE  RES.DEPLOYMENT_ID_ = ? 
   
     order by  order by RES.ID_ asc  
    LIMIT ? OFFSET ? [42001-176]
	at org.h2.message.DbException.getJdbcSQLException(DbException.java:344)
	at org.h2.message.DbException.getSyntaxError(DbException.java:204)
	at org.h2.command.Parser.getSyntaxError(Parser.java:524)
	at org.h2.command.Parser.readTerm(Parser.java:2688)
	at org.h2.command.Parser.readFactor(Parser.java:2244)
	at org.h2.command.Parser.readSum(Parser.java:2231)
	at org.h2.command.Parser.readConcat(Parser.java:2201)
	at org.h2.command.Parser.readCondition(Parser.java:2051)
	at org.h2.command.Parser.readAnd(Parser.java:2023)
	at org.h2.command.Parser.readExpression(Parser.java:2015)
	at org.h2.command.Parser.parseEndOfQuery(Parser.java:1726)
	at org.h2.command.Parser.parseSelectUnionExtension(Parser.java:1706)
	at org.h2.command.Parser.parseSelectUnion(Parser.java:1675)
	at org.h2.command.Parser.parseSelect(Parser.java:1662)
	at org.h2.command.Parser.parsePrepared(Parser.java:434)
	at org.h2.command.Parser.parse(Parser.java:306)
	at org.h2.command.Parser.parse(Parser.java:282)
	at org.h2.command.Parser.prepareCommand(Parser.java:243)
	at org.h2.engine.Session.prepareLocal(Session.java:442)
	at org.h2.engine.Session.prepareCommand(Session.java:384)
	at org.h2.jdbc.JdbcConnection.prepareCommand(JdbcConnection.java:1188)
	at org.h2.jdbc.JdbcPreparedStatement.&lt;init&gt;(JdbcPreparedStatement.java:73)
	at org.h2.jdbc.JdbcConnection.prepareStatement(JdbcConnection.java:276)
	at sun.reflect.GeneratedMethodAccessor6.invoke(Unknown Source)
	at sun.reflect.DelegatingMethodAccessorImpl.invoke(DelegatingMethodAccessorImpl.java:43)
	at java.lang.reflect.Method.invoke(Method.java:498)
	at org.apache.ibatis.datasource.pooled.PooledConnection.invoke(PooledConnection.java:245)
	at com.sun.proxy.$Proxy12.prepareStatement(Unknown Source)
	at sun.reflect.GeneratedMethodAccessor6.invoke(Unknown Source)
	at sun.reflect.DelegatingMethodAccessorImpl.invoke(DelegatingMethodAccessorImpl.java:43)
	at java.lang.reflect.Method.invoke(Method.java:498)
	at org.apache.ibatis.logging.jdbc.ConnectionLogger.invoke(ConnectionLogger.java:55)
	at com.sun.proxy.$Proxy12.prepareStatement(Unknown Source)
	at org.apache.ibatis.executor.statement.PreparedStatementHandler.instantiateStatement(PreparedStatementHandler.java:79)
	at org.apache.ibatis.executor.statement.BaseStatementHandler.prepare(BaseStatementHandler.java:88)
	at org.apache.ibatis.executor.statement.RoutingStatementHandler.prepare(RoutingStatementHandler.java:58)
	at org.apache.ibatis.executor.SimpleExecutor.prepareStatement(SimpleExecutor.java:76)
	at org.apache.ibatis.executor.SimpleExecutor.doQuery(SimpleExecutor.java:61)
	at org.apache.ibatis.executor.BaseExecutor.queryFromDatabase(BaseExecutor.java:303)
	at org.apache.ibatis.executor.BaseExecutor.query(BaseExecutor.java:154)
	at org.apache.ibatis.executor.CachingExecutor.query(CachingExecutor.java:102)
	at org.apache.ibatis.executor.CachingExecutor.query(CachingExecutor.java:82)
	at org.apache.ibatis.session.defaults.DefaultSqlSession.selectList(DefaultSqlSession.java:120)
	... 37 more
</error>
    <system-out>10:47:09,878 [main] DEBUG org.activiti.engine.impl.test.TestHelper  - annotation @Deployment creates deployment for SubProcessTest.testNestedSimpleSubProcessWithoutEndEvent
10:47:09,879 [main] DEBUG org.activiti.engine.impl.interceptor.LogInterceptor  - 

10:47:09,879 [main] DEBUG org.activiti.engine.impl.interceptor.LogInterceptor  - --- starting DeployCmd --------------------------------------------------------
10:47:09,879 [main] DEBUG org.activiti.engine.impl.bpmn.deployer.BpmnDeployer  - Processing deployment SubProcessTest.testNestedSimpleSubProcessWithoutEndEvent
10:47:09,879 [main] INFO  org.activiti.engine.impl.bpmn.deployer.BpmnDeployer  - Processing resource org/activiti/engine/test/bpmn/subprocess/SubProcessTest.testNestedSimpleSubProcessWithoutEndEvent.bpmn20.xml
10:47:09,884 [main] DEBUG org.activiti.engine.impl.bpmn.parser.handler.ProcessParseHandler  - Parsing process nestedSimpleSubProcess
10:47:09,884 [main] DEBUG org.activiti.engine.impl.bpmn.parser.handler.AbstractBpmnParseHandler  - Parsing activity outerSubProcess
10:47:09,884 [main] DEBUG org.activiti.engine.impl.bpmn.parser.handler.AbstractBpmnParseHandler  - Parsing activity innerSubProcess
10:47:09,884 [main] DEBUG org.activiti.engine.impl.bpmn.parser.handler.AbstractBpmnParseHandler  - Parsing activity innerSubProcessTask
10:47:09,884 [main] DEBUG org.activiti.engine.impl.bpmn.parser.handler.AbstractBpmnParseHandler  - Parsing activity innerSubProcessStart
10:47:09,884 [main] DEBUG org.activiti.engine.impl.bpmn.parser.handler.AbstractBpmnParseHandler  - Parsing activity innerSubProcessEnd
10:47:09,884 [main] DEBUG org.activiti.engine.impl.bpmn.parser.handler.AbstractBpmnParseHandler  - Parsing activity outerSubProcessStart
10:47:09,884 [main] DEBUG org.activiti.engine.impl.bpmn.parser.handler.AbstractBpmnParseHandler  - Parsing activity afterSubProcessTask
10:47:09,884 [main] DEBUG org.activiti.engine.impl.bpmn.parser.handler.AbstractBpmnParseHandler  - Parsing activity theStart
10:47:09,884 [main] DEBUG org.activiti.engine.impl.bpmn.parser.handler.AbstractBpmnParseHandler  - Parsing activity theEnd
10:47:09,884 [main] DEBUG org.apache.ibatis.transaction.jdbc.JdbcTransaction  - Opening JDBC Connection
10:47:09,884 [main] DEBUG org.apache.ibatis.datasource.pooled.PooledDataSource  - Checked out connection 486346394 from pool.
10:47:09,884 [main] DEBUG org.apache.ibatis.transaction.jdbc.JdbcTransaction  - Setting autocommit to false on JDBC Connection [conn6: url=jdbc:h2:mem:activiti user=SA]
10:47:09,884 [main] DEBUG org.activiti.engine.impl.persistence.entity.ProcessDefinitionEntity.selectLatestProcessDefinitionByKey  - ==&gt;  Preparing: select * from ACT_RE_PROCDEF where KEY_ = ? and (TENANT_ID_ = &apos;&apos; or TENANT_ID_ is null) and VERSION_ = (select max(VERSION_) from ACT_RE_PROCDEF where KEY_ = ? and (TENANT_ID_ = &apos;&apos; or TENANT_ID_ is null)) 
10:47:09,884 [main] DEBUG org.activiti.engine.impl.persistence.entity.ProcessDefinitionEntity.selectLatestProcessDefinitionByKey  - ==&gt; Parameters: nestedSimpleSubProcess(String), nestedSimpleSubProcess(String)
10:47:09,885 [main] DEBUG org.activiti.engine.impl.persistence.entity.ProcessDefinitionEntity.selectLatestProcessDefinitionByKey  - &lt;==      Total: 1
10:47:09,885 [main] DEBUG org.activiti.engine.impl.persistence.entity.JobEntity.selectJobByTypeAndProcessDefinitionKeyNoTenantId  - ==&gt;  Preparing: select J.* from ACT_RU_JOB J inner join ACT_RE_PROCDEF P on J.PROC_DEF_ID_ = P.ID_ where J.HANDLER_TYPE_ = ? and P.KEY_ = ? and (P.TENANT_ID_ = &apos;&apos; or P.TENANT_ID_ is null) 
10:47:09,885 [main] DEBUG org.activiti.engine.impl.persistence.entity.JobEntity.selectJobByTypeAndProcessDefinitionKeyNoTenantId  - ==&gt; Parameters: timer-start-event(String), nestedSimpleSubProcess(String)
10:47:09,885 [main] DEBUG org.activiti.engine.impl.persistence.entity.JobEntity.selectJobByTypeAndProcessDefinitionKeyNoTenantId  - &lt;==      Total: 0
10:47:09,885 [main] DEBUG org.activiti.engine.impl.persistence.entity.EventSubscriptionEntity.selectEventSubscriptionsByConfiguration  - ==&gt;  Preparing: select * from ACT_RU_EVENT_SUBSCR where (EVENT_TYPE_ = ?) and ( (CONFIGURATION_ = ?) or (PROC_DEF_ID_ = ?) ) and (TENANT_ID_ = &apos;&apos; or TENANT_ID_ is null) 
10:47:09,885 [main] DEBUG org.activiti.engine.impl.persistence.entity.EventSubscriptionEntity.selectEventSubscriptionsByConfiguration  - ==&gt; Parameters: message(String), nestedSimpleSubProcess:2:99(String), nestedSimpleSubProcess:2:99(String)
10:47:09,885 [main] DEBUG org.activiti.engine.impl.persistence.entity.EventSubscriptionEntity.selectEventSubscriptionsByConfiguration  - &lt;==      Total: 0
10:47:09,885 [main] DEBUG org.activiti.engine.impl.persistence.entity.EventSubscriptionEntity.selectEventSubscriptionsByConfiguration  - ==&gt;  Preparing: select * from ACT_RU_EVENT_SUBSCR where (EVENT_TYPE_ = ?) and ( (CONFIGURATION_ = ?) or (PROC_DEF_ID_ = ?) ) and (TENANT_ID_ = &apos;&apos; or TENANT_ID_ is null) 
10:47:09,885 [main] DEBUG org.activiti.engine.impl.persistence.entity.EventSubscriptionEntity.selectEventSubscriptionsByConfiguration  - ==&gt; Parameters: signal(String), nestedSimpleSubProcess:2:99(String), nestedSimpleSubProcess:2:99(String)
10:47:09,885 [main] DEBUG org.activiti.engine.impl.persistence.entity.EventSubscriptionEntity.selectEventSubscriptionsByConfiguration  - &lt;==      Total: 0
10:47:09,885 [main] DEBUG org.activiti.engine.impl.persistence.entity.ProcessDefinitionInfoEntity.selectProcessDefinitionInfoByProcessDefinitionId  - ==&gt;  Preparing: select * from ACT_PROCDEF_INFO where PROC_DEF_ID_ = ? 
10:47:09,885 [main] DEBUG org.activiti.engine.impl.persistence.entity.ProcessDefinitionInfoEntity.selectProcessDefinitionInfoByProcessDefinitionId  - ==&gt; Parameters: nestedSimpleSubProcess:3:210(String)
10:47:09,885 [main] DEBUG org.activiti.engine.impl.persistence.entity.ProcessDefinitionInfoEntity.selectProcessDefinitionInfoByProcessDefinitionId  - &lt;==      Total: 0
10:47:09,885 [main] DEBUG org.activiti.engine.impl.interceptor.LogInterceptor  - 

10:47:09,885 [main] DEBUG org.activiti.engine.impl.interceptor.LogInterceptor  - --- starting GetProcessDefinitionInfoCmd --------------------------------------------------------
10:47:09,885 [main] DEBUG org.activiti.engine.impl.interceptor.CommandContextInterceptor  - Valid context found. Reusing it for the current command &apos;org.activiti.engine.impl.cmd.GetProcessDefinitionInfoCmd&apos;
10:47:09,885 [main] DEBUG org.activiti.engine.impl.interceptor.LogInterceptor  - 

10:47:09,885 [main] DEBUG org.activiti.engine.impl.interceptor.LogInterceptor  - --- starting  --------------------------------------------------------
10:47:09,885 [main] DEBUG org.activiti.engine.impl.interceptor.CommandContextInterceptor  - Valid context found. Reusing it for the current command &apos;null&apos;
10:47:09,885 [main] DEBUG org.activiti.engine.impl.interceptor.LogInterceptor  - ---  finished --------------------------------------------------------
10:47:09,885 [main] DEBUG org.activiti.engine.impl.interceptor.LogInterceptor  - 

10:47:09,885 [main] DEBUG org.activiti.engine.impl.interceptor.LogInterceptor  - --- GetProcessDefinitionInfoCmd finished --------------------------------------------------------
10:47:09,885 [main] DEBUG org.activiti.engine.impl.interceptor.LogInterceptor  - 

10:47:09,885 [main] DEBUG org.activiti.engine.impl.db.DbSqlSession  -   insert ResourceEntity[id=209, name=org/activiti/engine/test/bpmn/subprocess/SubProcessTest.testNestedSimpleSubProcessWithoutEndEvent.bpmn20.xml]
10:47:09,885 [main] DEBUG org.activiti.engine.impl.db.DbSqlSession  -   insert DeploymentEntity[id=208, name=SubProcessTest.testNestedSimpleSubProcessWithoutEndEvent]
10:47:09,885 [main] DEBUG org.activiti.engine.impl.db.DbSqlSession  -   insert ProcessDefinitionEntity[nestedSimpleSubProcess:3:210]
10:47:09,885 [main] DEBUG org.activiti.engine.impl.db.DbSqlSession  - flush summary: 3 insert, 0 update, 0 delete.
10:47:09,885 [main] DEBUG org.activiti.engine.impl.db.DbSqlSession  - now executing flush...
10:47:09,885 [main] DEBUG org.activiti.engine.impl.db.DbSqlSession  - inserting: ProcessDefinitionEntity[nestedSimpleSubProcess:3:210]
10:47:09,885 [main] DEBUG org.activiti.engine.impl.persistence.entity.ProcessDefinitionEntity.insertProcessDefinition  - ==&gt;  Preparing: insert into ACT_RE_PROCDEF(ID_, REV_, CATEGORY_, NAME_, KEY_, VERSION_, DEPLOYMENT_ID_, RESOURCE_NAME_, DGRM_RESOURCE_NAME_, DESCRIPTION_, HAS_START_FORM_KEY_, HAS_GRAPHICAL_NOTATION_ , SUSPENSION_STATE_, TENANT_ID_) values (?, 1, ?, ?, ?, ?, ?, ?, ?, ?, ?, ?, ?, ?) 
10:47:09,886 [main] DEBUG org.activiti.engine.impl.persistence.entity.ProcessDefinitionEntity.insertProcessDefinition  - ==&gt; Parameters: nestedSimpleSubProcess:3:210(String), Examples(String), null, nestedSimpleSubProcess(String), 3(Integer), 208(String), org/activiti/engine/test/bpmn/subprocess/SubProcessTest.testNestedSimpleSubProcessWithoutEndEvent.bpmn20.xml(String), null, null, false(Boolean), false(Boolean), 1(Integer), (String)
10:47:09,886 [main] DEBUG org.activiti.engine.impl.persistence.entity.ProcessDefinitionEntity.insertProcessDefinition  - &lt;==    Updates: 1
10:47:09,886 [main] DEBUG org.activiti.engine.impl.db.DbSqlSession  - inserting: DeploymentEntity[id=208, name=SubProcessTest.testNestedSimpleSubProcessWithoutEndEvent]
10:47:09,886 [main] DEBUG org.activiti.engine.impl.persistence.entity.DeploymentEntity.insertDeployment  - ==&gt;  Preparing: insert into ACT_RE_DEPLOYMENT(ID_, NAME_, CATEGORY_, TENANT_ID_, DEPLOY_TIME_) values(?, ?, ?, ?, ?) 
10:47:09,886 [main] DEBUG org.activiti.engine.impl.persistence.entity.DeploymentEntity.insertDeployment  - ==&gt; Parameters: 208(String), SubProcessTest.testNestedSimpleSubProcessWithoutEndEvent(String), null, (String), 2023-03-20 10:46:46.742(Timestamp)
10:47:09,886 [main] DEBUG org.activiti.engine.impl.persistence.entity.DeploymentEntity.insertDeployment  - &lt;==    Updates: 1
10:47:09,886 [main] DEBUG org.activiti.engine.impl.db.DbSqlSession  - inserting: ResourceEntity[id=209, name=org/activiti/engine/test/bpmn/subprocess/SubProcessTest.testNestedSimpleSubProcessWithoutEndEvent.bpmn20.xml]
10:47:09,886 [main] DEBUG org.activiti.engine.impl.persistence.entity.ResourceEntity.insertResource  - ==&gt;  Preparing: insert into ACT_GE_BYTEARRAY(ID_, REV_, NAME_, BYTES_, DEPLOYMENT_ID_, GENERATED_) values (?, 1, ?, ?, ?, ?) 
10:47:09,886 [main] DEBUG org.activiti.engine.impl.persistence.entity.ResourceEntity.insertResource  - ==&gt; Parameters: 209(String), org/activiti/engine/test/bpmn/subprocess/SubProcessTest.testNestedSimpleSubProcessWithoutEndEvent.bpmn20.xml(String), java.io.ByteArrayInputStream@1f474cbe(ByteArrayInputStream), 208(String), false(Boolean)
10:47:09,886 [main] DEBUG org.activiti.engine.impl.persistence.entity.ResourceEntity.insertResource  - &lt;==    Updates: 1
10:47:09,886 [main] DEBUG org.activiti.engine.impl.cfg.standalone.StandaloneMybatisTransactionContext  - firing event committing...
10:47:09,886 [main] DEBUG org.activiti.engine.impl.cfg.standalone.StandaloneMybatisTransactionContext  - committing the ibatis sql session...
10:47:09,886 [main] DEBUG org.apache.ibatis.transaction.jdbc.JdbcTransaction  - Committing JDBC Connection [conn6: url=jdbc:h2:mem:activiti user=SA]
10:47:09,886 [main] DEBUG org.activiti.engine.impl.cfg.standalone.StandaloneMybatisTransactionContext  - firing event committed...
10:47:09,886 [main] DEBUG org.apache.ibatis.transaction.jdbc.JdbcTransaction  - Resetting autocommit to true on JDBC Connection [conn6: url=jdbc:h2:mem:activiti user=SA]
10:47:09,886 [main] DEBUG org.apache.ibatis.transaction.jdbc.JdbcTransaction  - Closing JDBC Connection [conn6: url=jdbc:h2:mem:activiti user=SA]
10:47:09,886 [main] DEBUG org.apache.ibatis.datasource.pooled.PooledDataSource  - Returned connection 486346394 to pool.
10:47:09,886 [main] DEBUG org.activiti.engine.impl.interceptor.LogInterceptor  - --- DeployCmd finished --------------------------------------------------------
10:47:09,886 [main] DEBUG org.activiti.engine.impl.interceptor.LogInterceptor  - 

10:47:09,886 [main] DEBUG org.activiti.engine.impl.test.PvmTestCase  - 

10:47:09,886 [main] DEBUG org.activiti.engine.impl.test.PvmTestCase  - #### START SubProcessTest.testNestedSimpleSubProcessWithoutEndEvent ###########################################################
10:47:09,886 [main] DEBUG org.activiti.engine.impl.interceptor.LogInterceptor  - 

10:47:09,886 [main] DEBUG org.activiti.engine.impl.interceptor.LogInterceptor  - --- starting StartProcessInstanceCmd --------------------------------------------------------
10:47:09,886 [main] DEBUG org.apache.ibatis.transaction.jdbc.JdbcTransaction  - Opening JDBC Connection
10:47:09,886 [main] DEBUG org.apache.ibatis.datasource.pooled.PooledDataSource  - Checked out connection 297240765 from pool.
10:47:09,886 [main] DEBUG org.apache.ibatis.transaction.jdbc.JdbcTransaction  - Setting autocommit to false on JDBC Connection [conn4: url=jdbc:h2:mem:activiti user=SA]
10:47:09,886 [main] DEBUG org.activiti.engine.impl.persistence.entity.ProcessDefinitionEntity.selectLatestProcessDefinitionByKey  - ==&gt;  Preparing: select * from ACT_RE_PROCDEF where KEY_ = ? and (TENANT_ID_ = &apos;&apos; or TENANT_ID_ is null) and VERSION_ = (select max(VERSION_) from ACT_RE_PROCDEF where KEY_ = ? and (TENANT_ID_ = &apos;&apos; or TENANT_ID_ is null)) 
10:47:09,886 [main] DEBUG org.activiti.engine.impl.persistence.entity.ProcessDefinitionEntity.selectLatestProcessDefinitionByKey  - ==&gt; Parameters: nestedSimpleSubProcess(String), nestedSimpleSubProcess(String)
10:47:09,887 [main] DEBUG org.activiti.engine.impl.persistence.entity.ProcessDefinitionEntity.selectLatestProcessDefinitionByKey  - &lt;==      Total: 1
10:47:09,887 [main] DEBUG org.activiti.engine.impl.persistence.entity.ExecutionEntity  - initializing ProcessInstance[211]
10:47:09,887 [main] DEBUG org.activiti.engine.impl.history.DefaultHistoryManager  - Current history level: FULL, level required: ACTIVITY
10:47:09,887 [main] DEBUG org.activiti.engine.impl.history.DefaultHistoryManager  - Current history level: FULL, level required: ACTIVITY
10:47:09,887 [main] DEBUG org.activiti.engine.impl.history.DefaultHistoryManager  - Current history level: FULL, level required: FULL
10:47:09,887 [main] DEBUG org.activiti.engine.impl.pvm.runtime.AtomicOperationActivityExecute  - ProcessInstance[211] executes Activity(theStart): org.activiti.engine.impl.bpmn.behavior.NoneStartEventActivityBehavior
10:47:09,887 [main] DEBUG org.activiti.engine.impl.persistence.entity.JobEntity.selectJobsByExecutionId  - ==&gt;  Preparing: select * from ACT_RU_JOB J where J.EXECUTION_ID_ = ? 
10:47:09,887 [main] DEBUG org.activiti.engine.impl.persistence.entity.JobEntity.selectJobsByExecutionId  - ==&gt; Parameters: 211(String)
10:47:09,887 [main] DEBUG org.activiti.engine.impl.persistence.entity.JobEntity.selectJobsByExecutionId  - &lt;==      Total: 0
10:47:09,887 [main] DEBUG org.activiti.engine.impl.bpmn.behavior.BpmnActivityBehavior  - Leaving activity &apos;theStart&apos;
10:47:09,887 [main] DEBUG org.activiti.engine.impl.history.DefaultHistoryManager  - Current history level: FULL, level required: ACTIVITY
10:47:09,887 [main] DEBUG org.activiti.engine.impl.pvm.runtime.AtomicOperationTransitionNotifyListenerTake  - ProcessInstance[211] takes transition (theStart)--flow1--&gt;(outerSubProcess)
10:47:09,887 [main] DEBUG org.activiti.engine.impl.persistence.entity.ExecutionEntity  - Child execution ScopeExecution[215] created with parent 
10:47:09,887 [main] DEBUG org.activiti.engine.impl.pvm.runtime.AtomicOperationTransitionCreateScope  - create scope: parent ProcessInstance[211] continues as execution ScopeExecution[215]
10:47:09,887 [main] DEBUG org.activiti.engine.impl.persistence.entity.ExecutionEntity  - initializing ScopeExecution[215]
10:47:09,887 [main] DEBUG org.activiti.engine.impl.history.DefaultHistoryManager  - Current history level: FULL, level required: ACTIVITY
10:47:09,887 [main] DEBUG org.activiti.engine.impl.pvm.runtime.AtomicOperationActivityExecute  - ScopeExecution[215] executes Activity(outerSubProcess): org.activiti.engine.impl.bpmn.behavior.SubProcessActivityBehavior
10:47:09,887 [main] DEBUG org.activiti.engine.impl.history.DefaultHistoryManager  - Current history level: FULL, level required: ACTIVITY
10:47:09,887 [main] DEBUG org.activiti.engine.impl.pvm.runtime.AtomicOperationActivityExecute  - ScopeExecution[215] executes Activity(outerSubProcessStart): org.activiti.engine.impl.bpmn.behavior.NoneStartEventActivityBehavior
10:47:09,887 [main] DEBUG org.activiti.engine.impl.persistence.entity.JobEntity.selectJobsByExecutionId  - ==&gt;  Preparing: select * from ACT_RU_JOB J where J.EXECUTION_ID_ = ? 
10:47:09,887 [main] DEBUG org.activiti.engine.impl.persistence.entity.JobEntity.selectJobsByExecutionId  - ==&gt; Parameters: 215(String)
10:47:09,887 [main] DEBUG org.activiti.engine.impl.persistence.entity.JobEntity.selectJobsByExecutionId  - &lt;==      Total: 0
10:47:09,887 [main] DEBUG org.activiti.engine.impl.bpmn.behavior.BpmnActivityBehavior  - Leaving activity &apos;outerSubProcessStart&apos;
10:47:09,887 [main] DEBUG org.activiti.engine.impl.history.DefaultHistoryManager  - Current history level: FULL, level required: ACTIVITY
10:47:09,887 [main] DEBUG org.activiti.engine.impl.pvm.runtime.AtomicOperationTransitionNotifyListenerTake  - ScopeExecution[215] takes transition (outerSubProcessStart)--flow2--&gt;(innerSubProcess)
10:47:09,887 [main] DEBUG org.activiti.engine.impl.persistence.entity.ExecutionEntity  - Child execution ScopeExecution[218] created with parent 
10:47:09,888 [main] DEBUG org.activiti.engine.impl.pvm.runtime.AtomicOperationTransitionCreateScope  - create scope: parent ScopeExecution[215] continues as execution ScopeExecution[218]
10:47:09,888 [main] DEBUG org.activiti.engine.impl.persistence.entity.ExecutionEntity  - initializing ScopeExecution[218]
10:47:09,888 [main] DEBUG org.activiti.engine.impl.history.DefaultHistoryManager  - Current history level: FULL, level required: ACTIVITY
10:47:09,888 [main] DEBUG org.activiti.engine.impl.pvm.runtime.AtomicOperationActivityExecute  - ScopeExecution[218] executes Activity(innerSubProcess): org.activiti.engine.impl.bpmn.behavior.SubProcessActivityBehavior
10:47:09,888 [main] DEBUG org.activiti.engine.impl.history.DefaultHistoryManager  - Current history level: FULL, level required: ACTIVITY
10:47:09,888 [main] DEBUG org.activiti.engine.impl.pvm.runtime.AtomicOperationActivityExecute  - ScopeExecution[218] executes Activity(innerSubProcessStart): org.activiti.engine.impl.bpmn.behavior.NoneStartEventActivityBehavior
10:47:09,888 [main] DEBUG org.activiti.engine.impl.persistence.entity.JobEntity.selectJobsByExecutionId  - ==&gt;  Preparing: select * from ACT_RU_JOB J where J.EXECUTION_ID_ = ? 
10:47:09,888 [main] DEBUG org.activiti.engine.impl.persistence.entity.JobEntity.selectJobsByExecutionId  - ==&gt; Parameters: 218(String)
10:47:09,888 [main] DEBUG org.activiti.engine.impl.persistence.entity.JobEntity.selectJobsByExecutionId  - &lt;==      Total: 0
10:47:09,888 [main] DEBUG org.activiti.engine.impl.bpmn.behavior.BpmnActivityBehavior  - Leaving activity &apos;innerSubProcessStart&apos;
10:47:09,888 [main] DEBUG org.activiti.engine.impl.history.DefaultHistoryManager  - Current history level: FULL, level required: ACTIVITY
10:47:09,888 [main] DEBUG org.activiti.engine.impl.pvm.runtime.AtomicOperationTransitionNotifyListenerTake  - ScopeExecution[218] takes transition (innerSubProcessStart)--flow3--&gt;(innerSubProcessTask)
10:47:09,888 [main] DEBUG org.activiti.engine.impl.history.DefaultHistoryManager  - Current history level: FULL, level required: ACTIVITY
10:47:09,888 [main] DEBUG org.activiti.engine.impl.pvm.runtime.AtomicOperationActivityExecute  - ScopeExecution[218] executes Activity(innerSubProcessTask): org.activiti.engine.impl.bpmn.behavior.UserTaskActivityBehavior
10:47:09,888 [main] DEBUG org.activiti.engine.impl.persistence.entity.TaskEntity.selectTasksByExecutionId  - ==&gt;  Preparing: select distinct T.* from ACT_RU_TASK T where T.EXECUTION_ID_ = ? 
10:47:09,888 [main] DEBUG org.activiti.engine.impl.persistence.entity.TaskEntity.selectTasksByExecutionId  - ==&gt; Parameters: 218(String)
10:47:09,888 [main] DEBUG org.activiti.engine.impl.persistence.entity.TaskEntity.selectTasksByExecutionId  - &lt;==      Total: 0
10:47:09,888 [main] DEBUG org.activiti.engine.impl.history.DefaultHistoryManager  - Current history level: FULL, level required: AUDIT
10:47:09,888 [main] DEBUG org.activiti.engine.impl.history.DefaultHistoryManager  - Current history level: FULL, level required: AUDIT
10:47:09,888 [main] DEBUG org.activiti.engine.impl.interceptor.LogInterceptor  - 

10:47:09,888 [main] DEBUG org.activiti.engine.impl.interceptor.LogInterceptor  - --- starting  --------------------------------------------------------
10:47:09,888 [main] DEBUG org.activiti.engine.impl.interceptor.CommandContextInterceptor  - Valid context found. Reusing it for the current command &apos;null&apos;
10:47:09,888 [main] DEBUG org.activiti.engine.impl.persistence.entity.ProcessDefinitionInfoEntity.selectProcessDefinitionInfoByProcessDefinitionId  - ==&gt;  Preparing: select * from ACT_PROCDEF_INFO where PROC_DEF_ID_ = ? 
10:47:09,888 [main] DEBUG org.activiti.engine.impl.persistence.entity.ProcessDefinitionInfoEntity.selectProcessDefinitionInfoByProcessDefinitionId  - ==&gt; Parameters: nestedSimpleSubProcess:3:210(String)
10:47:09,888 [main] DEBUG org.activiti.engine.impl.persistence.entity.ProcessDefinitionInfoEntity.selectProcessDefinitionInfoByProcessDefinitionId  - &lt;==      Total: 0
10:47:09,888 [main] DEBUG org.activiti.engine.impl.interceptor.LogInterceptor  - ---  finished --------------------------------------------------------
10:47:09,889 [main] DEBUG org.activiti.engine.impl.interceptor.LogInterceptor  - 

10:47:09,889 [main] DEBUG org.activiti.engine.impl.history.DefaultHistoryManager  - Current history level: FULL, level required: AUDIT
10:47:09,889 [main] DEBUG org.activiti.engine.impl.history.DefaultHistoryManager  - Current history level: FULL, level required: AUDIT
10:47:09,889 [main] DEBUG org.activiti.engine.impl.history.DefaultHistoryManager  - Current history level: FULL, level required: ACTIVITY
10:47:09,889 [main] DEBUG org.activiti.engine.impl.db.DbSqlSession  -   insert ProcessInstance[211]
10:47:09,889 [main] DEBUG org.activiti.engine.impl.db.DbSqlSession  -   insert ScopeExecution[215]
10:47:09,889 [main] DEBUG org.activiti.engine.impl.db.DbSqlSession  -   insert ScopeExecution[218]
10:47:09,889 [main] DEBUG org.activiti.engine.impl.db.DbSqlSession  -   insert VariableInstanceEntity[id=213, name=someVar, type=string, textValue=abc]
10:47:09,889 [main] DEBUG org.activiti.engine.impl.db.DbSqlSession  -   insert HistoricProcessInstanceEntity[superProcessInstanceId=null]
10:47:09,889 [main] DEBUG org.activiti.engine.impl.db.DbSqlSession  -   insert Task[id=222, name=Task in subprocess]
10:47:09,889 [main] DEBUG org.activiti.engine.impl.db.DbSqlSession  -   insert HistoricDetailVariableInstanceUpdateEntity[id=214, name=someVar, type=string, textValue=abc]
10:47:09,889 [main] DEBUG org.activiti.engine.impl.db.DbSqlSession  -   insert HistoricTaskInstanceEntity[id=222, name=Task in subprocess]
10:47:09,889 [main] DEBUG org.activiti.engine.impl.db.DbSqlSession  -   insert HistoricActivityInstanceEntity[activityId=theStart, activityName=null]
10:47:09,889 [main] DEBUG org.activiti.engine.impl.db.DbSqlSession  -   insert HistoricActivityInstanceEntity[activityId=outerSubProcess, activityName=null]
10:47:09,889 [main] DEBUG org.activiti.engine.impl.db.DbSqlSession  -   insert HistoricActivityInstanceEntity[activityId=outerSubProcessStart, activityName=null]
10:47:09,889 [main] DEBUG org.activiti.engine.impl.db.DbSqlSession  -   insert HistoricActivityInstanceEntity[activityId=innerSubProcess, activityName=null]
10:47:09,889 [main] DEBUG org.activiti.engine.impl.db.DbSqlSession  -   insert HistoricActivityInstanceEntity[activityId=innerSubProcessStart, activityName=null]
10:47:09,889 [main] DEBUG org.activiti.engine.impl.db.DbSqlSession  -   insert HistoricActivityInstanceEntity[activityId=innerSubProcessTask, activityName=Task in subprocess]
10:47:09,889 [main] DEBUG org.activiti.engine.impl.db.DbSqlSession  -   insert HistoricVariableInstanceEntity[id=213, name=someVar, revision=0, type=string, textValue=abc]
10:47:09,889 [main] DEBUG org.activiti.engine.impl.db.DbSqlSession  - flush summary: 15 insert, 0 update, 0 delete.
10:47:09,889 [main] DEBUG org.activiti.engine.impl.db.DbSqlSession  - now executing flush...
10:47:09,889 [main] DEBUG org.activiti.engine.impl.db.DbSqlSession  - inserting: HistoricDetailVariableInstanceUpdateEntity[id=214, name=someVar, type=string, textValue=abc]
10:47:09,889 [main] DEBUG org.activiti.engine.impl.persistence.entity.HistoricDetailEntity.insertHistoricDetailVariableInstanceUpdate  - ==&gt;  Preparing: insert into ACT_HI_DETAIL (ID_, TYPE_, PROC_INST_ID_, EXECUTION_ID_, ACT_INST_ID_, TASK_ID_, NAME_, REV_, VAR_TYPE_, TIME_, BYTEARRAY_ID_, DOUBLE_, LONG_ , TEXT_, TEXT2_) values ( ?, &apos;VariableUpdate&apos;, ?, ?, ?, ?, ?, ?, ?, ?, ?, ?, ?, ?, ? ) 
10:47:09,889 [main] DEBUG org.activiti.engine.impl.persistence.entity.HistoricDetailEntity.insertHistoricDetailVariableInstanceUpdate  - ==&gt; Parameters: 214(String), 211(String), 211(String), 212(String), null, someVar(String), 0(Integer), string(String), 2023-03-20 10:46:46.742(Timestamp), null, null, null, abc(String), null
10:47:09,889 [main] DEBUG org.activiti.engine.impl.persistence.entity.HistoricDetailEntity.insertHistoricDetailVariableInstanceUpdate  - &lt;==    Updates: 1
10:47:09,889 [main] DEBUG org.activiti.engine.impl.db.DbSqlSession  - inserting: HistoricVariableInstanceEntity[id=213, name=someVar, revision=0, type=string, textValue=abc]
10:47:09,889 [main] DEBUG org.activiti.engine.impl.persistence.entity.HistoricVariableInstanceEntity.insertHistoricVariableInstance  - ==&gt;  Preparing: insert into ACT_HI_VARINST (ID_, PROC_INST_ID_, EXECUTION_ID_, TASK_ID_, NAME_, REV_, VAR_TYPE_, BYTEARRAY_ID_, DOUBLE_, LONG_ , TEXT_, TEXT2_, CREATE_TIME_, LAST_UPDATED_TIME_) values ( ?, ?, ?, ?, ?, ?, ?, ?, ?, ?, ?, ?, ?, ? ) 
10:47:09,889 [main] DEBUG org.activiti.engine.impl.persistence.entity.HistoricVariableInstanceEntity.insertHistoricVariableInstance  - ==&gt; Parameters: 213(String), 211(String), 211(String), null, someVar(String), 0(Integer), string(String), null, null, null, abc(String), null, 2023-03-20 10:46:46.742(Timestamp), 2023-03-20 10:46:46.742(Timestamp)
10:47:09,889 [main] DEBUG org.activiti.engine.impl.persistence.entity.HistoricVariableInstanceEntity.insertHistoricVariableInstance  - &lt;==    Updates: 1
10:47:09,889 [main] DEBUG org.activiti.engine.impl.db.DbSqlSession  - inserting: HistoricTaskInstanceEntity[id=222, name=Task in subprocess]
10:47:09,889 [main] DEBUG org.activiti.engine.impl.persistence.entity.HistoricTaskInstanceEntity.insertHistoricTaskInstance  - ==&gt;  Preparing: insert into ACT_HI_TASKINST ( ID_, PROC_DEF_ID_, PROC_INST_ID_, EXECUTION_ID_, NAME_, PARENT_TASK_ID_, DESCRIPTION_, OWNER_, ASSIGNEE_, START_TIME_, CLAIM_TIME_, END_TIME_, DURATION_, DELETE_REASON_, TASK_DEF_KEY_, FORM_KEY_, PRIORITY_, DUE_DATE_, CATEGORY_, TENANT_ID_ ) values ( ?, ?, ?, ?, ?, ?, ?, ?, ?, ?, ?, ?, ?, ?, ?, ?, ?, ?, ?, ? ) 
10:47:09,890 [main] DEBUG org.activiti.engine.impl.persistence.entity.HistoricTaskInstanceEntity.insertHistoricTaskInstance  - ==&gt; Parameters: 222(String), nestedSimpleSubProcess:3:210(String), 211(String), 218(String), Task in subprocess(String), null, null, null, null, 2023-03-20 10:46:46.742(Timestamp), null, null, null, null, innerSubProcessTask(String), null, 50(Integer), null, null, (String)
10:47:09,890 [main] DEBUG org.activiti.engine.impl.persistence.entity.HistoricTaskInstanceEntity.insertHistoricTaskInstance  - &lt;==    Updates: 1
10:47:09,890 [main] DEBUG org.activiti.engine.impl.db.DbSqlSession  - inserting: HistoricProcessInstanceEntity[superProcessInstanceId=null]
10:47:09,890 [main] DEBUG org.activiti.engine.impl.persistence.entity.HistoricProcessInstanceEntity.insertHistoricProcessInstance  - ==&gt;  Preparing: insert into ACT_HI_PROCINST ( ID_, PROC_INST_ID_, BUSINESS_KEY_, PROC_DEF_ID_, START_TIME_, END_TIME_, DURATION_, START_USER_ID_, START_ACT_ID_, END_ACT_ID_, SUPER_PROCESS_INSTANCE_ID_, DELETE_REASON_, TENANT_ID_, NAME_ ) values ( ?, ?, ?, ?, ?, ?, ?, ?, ?, ?, ?, ?, ?, ? ) 
10:47:09,890 [main] DEBUG org.activiti.engine.impl.persistence.entity.HistoricProcessInstanceEntity.insertHistoricProcessInstance  - ==&gt; Parameters: 211(String), 211(String), null, nestedSimpleSubProcess:3:210(String), 2023-03-20 10:46:46.742(Timestamp), null, null, null, theStart(String), null, null, null, (String), null
10:47:09,890 [main] DEBUG org.activiti.engine.impl.persistence.entity.HistoricProcessInstanceEntity.insertHistoricProcessInstance  - &lt;==    Updates: 1
10:47:09,891 [main] DEBUG org.activiti.engine.impl.persistence.entity.HistoricActivityInstanceEntity.bulkInsertHistoricActivityInstance  - ==&gt;  Preparing: insert into ACT_HI_ACTINST ( ID_, PROC_DEF_ID_, PROC_INST_ID_, EXECUTION_ID_, ACT_ID_, TASK_ID_, CALL_PROC_INST_ID_, ACT_NAME_, ACT_TYPE_, ASSIGNEE_, START_TIME_, END_TIME_, DURATION_, TENANT_ID_ ) values (?, ?, ?, ?, ?, ?, ?, ?, ?, ?, ?, ?, ?, ?) , (?, ?, ?, ?, ?, ?, ?, ?, ?, ?, ?, ?, ?, ?) , (?, ?, ?, ?, ?, ?, ?, ?, ?, ?, ?, ?, ?, ?) , (?, ?, ?, ?, ?, ?, ?, ?, ?, ?, ?, ?, ?, ?) , (?, ?, ?, ?, ?, ?, ?, ?, ?, ?, ?, ?, ?, ?) , (?, ?, ?, ?, ?, ?, ?, ?, ?, ?, ?, ?, ?, ?) 
10:47:09,891 [main] DEBUG org.activiti.engine.impl.persistence.entity.HistoricActivityInstanceEntity.bulkInsertHistoricActivityInstance  - ==&gt; Parameters: 212(String), nestedSimpleSubProcess:3:210(String), 211(String), 211(String), theStart(String), null, null, null, startEvent(String), null, 2023-03-20 10:46:46.742(Timestamp), 2023-03-20 10:46:46.742(Timestamp), 0(Long), (String), 216(String), nestedSimpleSubProcess:3:210(String), 211(String), 215(String), outerSubProcess(String), null, null, null, subProcess(String), null, 2023-03-20 10:46:46.742(Timestamp), null, null, (String), 217(String), nestedSimpleSubProcess:3:210(String), 211(String), 215(String), outerSubProcessStart(String), null, null, null, startEvent(String), null, 2023-03-20 10:46:46.742(Timestamp), 2023-03-20 10:46:46.742(Timestamp), 0(Long), (String), 219(String), nestedSimpleSubProcess:3:210(String), 211(String), 218(String), innerSubProcess(String), null, null, null, subProcess(String), null, 2023-03-20 10:46:46.742(Timestamp), null, null, (String), 220(String), nestedSimpleSubProcess:3:210(String), 211(String), 218(String), innerSubProcessStart(String), null, null, null, startEvent(String), null, 2023-03-20 10:46:46.742(Timestamp), 2023-03-20 10:46:46.742(Timestamp), 0(Long), (String), 221(String), nestedSimpleSubProcess:3:210(String), 211(String), 218(String), innerSubProcessTask(String), 222(String), null, Task in subprocess(String), userTask(String), null, 2023-03-20 10:46:46.742(Timestamp), null, null, (String)
10:47:09,891 [main] DEBUG org.activiti.engine.impl.persistence.entity.HistoricActivityInstanceEntity.bulkInsertHistoricActivityInstance  - &lt;==    Updates: 6
10:47:09,891 [main] DEBUG org.activiti.engine.impl.persistence.entity.ExecutionEntity.bulkInsertExecution  - ==&gt;  Preparing: insert into ACT_RU_EXECUTION (ID_, REV_, PROC_INST_ID_, BUSINESS_KEY_, PROC_DEF_ID_, ACT_ID_, IS_ACTIVE_, IS_CONCURRENT_, IS_SCOPE_,IS_EVENT_SCOPE_, PARENT_ID_, SUPER_EXEC_, SUSPENSION_STATE_, CACHED_ENT_STATE_, TENANT_ID_, NAME_) values (?, 1, ?, ?, ?, ?, ?, ?, ?, ?, ?, ?, ?, ?, ?, ?) , (?, 1, ?, ?, ?, ?, ?, ?, ?, ?, ?, ?, ?, ?, ?, ?) , (?, 1, ?, ?, ?, ?, ?, ?, ?, ?, ?, ?, ?, ?, ?, ?) 
10:47:09,892 [main] DEBUG org.activiti.engine.impl.persistence.entity.ExecutionEntity.bulkInsertExecution  - ==&gt; Parameters: 211(String), 211(String), null, nestedSimpleSubProcess:3:210(String), null, false(Boolean), false(Boolean), true(Boolean), false(Boolean), null, null, 1(Integer), 2(Integer), (String), null, 215(String), 211(String), null, nestedSimpleSubProcess:3:210(String), null, false(Boolean), false(Boolean), true(Boolean), false(Boolean), 211(String), null, 1(Integer), 2(Integer), (String), null, 218(String), 211(String), null, nestedSimpleSubProcess:3:210(String), innerSubProcessTask(String), true(Boolean), false(Boolean), true(Boolean), false(Boolean), 215(String), null, 1(Integer), 2(Integer), (String), null
10:47:09,892 [main] DEBUG org.activiti.engine.impl.persistence.entity.ExecutionEntity.bulkInsertExecution  - &lt;==    Updates: 3
10:47:09,892 [main] DEBUG org.activiti.engine.impl.db.DbSqlSession  - inserting: Task[id=222, name=Task in subprocess]
10:47:09,892 [main] DEBUG org.activiti.engine.impl.persistence.entity.TaskEntity.insertTask  - ==&gt;  Preparing: insert into ACT_RU_TASK (ID_, REV_, NAME_, PARENT_TASK_ID_, DESCRIPTION_, PRIORITY_, CREATE_TIME_, OWNER_, ASSIGNEE_, DELEGATION_, EXECUTION_ID_, PROC_INST_ID_, PROC_DEF_ID_, TASK_DEF_KEY_, DUE_DATE_, CATEGORY_, SUSPENSION_STATE_, TENANT_ID_, FORM_KEY_) values (?, 1, ?, ?, ?, ?, ?, ?, ?, ?, ?, ?, ?, ?, ?, ?, ?, ?, ? ) 
10:47:09,892 [main] DEBUG org.activiti.engine.impl.persistence.entity.TaskEntity.insertTask  - ==&gt; Parameters: 222(String), Task in subprocess(String), null, null, 50(Integer), 2023-03-20 10:46:46.742(Timestamp), null, null, null, 218(String), 211(String), nestedSimpleSubProcess:3:210(String), innerSubProcessTask(String), null, null, 1(Integer), (String), null
10:47:09,892 [main] DEBUG org.activiti.engine.impl.persistence.entity.TaskEntity.insertTask  - &lt;==    Updates: 1
10:47:09,892 [main] DEBUG org.activiti.engine.impl.db.DbSqlSession  - inserting: VariableInstanceEntity[id=213, name=someVar, type=string, textValue=abc]
10:47:09,892 [main] DEBUG org.activiti.engine.impl.persistence.entity.VariableInstanceEntity.insertVariableInstance  - ==&gt;  Preparing: insert into ACT_RU_VARIABLE (ID_, REV_, TYPE_, NAME_, PROC_INST_ID_, EXECUTION_ID_, TASK_ID_, BYTEARRAY_ID_, DOUBLE_, LONG_ , TEXT_, TEXT2_) values ( ?, 1, ?, ?, ?, ?, ?, ?, ?, ?, ?, ? ) 
10:47:09,892 [main] DEBUG org.activiti.engine.impl.persistence.entity.VariableInstanceEntity.insertVariableInstance  - ==&gt; Parameters: 213(String), string(String), someVar(String), 211(String), 211(String), null, null, null, null, abc(String), null
10:47:09,892 [main] DEBUG org.activiti.engine.impl.persistence.entity.VariableInstanceEntity.insertVariableInstance  - &lt;==    Updates: 1
10:47:09,892 [main] DEBUG org.activiti.engine.impl.cfg.standalone.StandaloneMybatisTransactionContext  - firing event committing...
10:47:09,892 [main] DEBUG org.activiti.engine.impl.cfg.standalone.StandaloneMybatisTransactionContext  - committing the ibatis sql session...
10:47:09,892 [main] DEBUG org.apache.ibatis.transaction.jdbc.JdbcTransaction  - Committing JDBC Connection [conn4: url=jdbc:h2:mem:activiti user=SA]
10:47:09,892 [main] DEBUG org.activiti.engine.impl.cfg.standalone.StandaloneMybatisTransactionContext  - firing event committed...
10:47:09,892 [main] DEBUG org.apache.ibatis.transaction.jdbc.JdbcTransaction  - Resetting autocommit to true on JDBC Connection [conn4: url=jdbc:h2:mem:activiti user=SA]
10:47:09,892 [main] DEBUG org.apache.ibatis.transaction.jdbc.JdbcTransaction  - Closing JDBC Connection [conn4: url=jdbc:h2:mem:activiti user=SA]
10:47:09,892 [main] DEBUG org.apache.ibatis.datasource.pooled.PooledDataSource  - Returned connection 297240765 to pool.
10:47:09,892 [main] DEBUG org.activiti.engine.impl.interceptor.LogInterceptor  - --- StartProcessInstanceCmd finished --------------------------------------------------------
10:47:09,892 [main] DEBUG org.activiti.engine.impl.interceptor.LogInterceptor  - 

10:47:09,892 [main] DEBUG org.activiti.engine.impl.interceptor.LogInterceptor  - 

10:47:09,892 [main] DEBUG org.activiti.engine.impl.interceptor.LogInterceptor  - --- starting DeleteProcessInstanceCmd --------------------------------------------------------
10:47:09,892 [main] DEBUG org.apache.ibatis.transaction.jdbc.JdbcTransaction  - Opening JDBC Connection
10:47:09,892 [main] DEBUG org.apache.ibatis.datasource.pooled.PooledDataSource  - Checked out connection 363509958 from pool.
10:47:09,892 [main] DEBUG org.apache.ibatis.transaction.jdbc.JdbcTransaction  - Setting autocommit to false on JDBC Connection [conn2: url=jdbc:h2:mem:activiti user=SA]
10:47:09,892 [main] DEBUG org.activiti.engine.impl.persistence.entity.ExecutionEntity.selectExecution  - ==&gt;  Preparing: select * from ACT_RU_EXECUTION where ID_ = ? 
10:47:09,892 [main] DEBUG org.activiti.engine.impl.persistence.entity.ExecutionEntity.selectExecution  - ==&gt; Parameters: 211(String)
10:47:09,892 [main] DEBUG org.activiti.engine.impl.persistence.entity.ExecutionEntity.selectExecution  - &lt;==      Total: 1
10:47:09,892 [main] DEBUG org.activiti.engine.impl.persistence.entity.ExecutionEntity.selectExecutionsByParentExecutionId  - ==&gt;  Preparing: select * from ACT_RU_EXECUTION where PARENT_ID_ = ? 
10:47:09,893 [main] DEBUG org.activiti.engine.impl.persistence.entity.ExecutionEntity.selectExecutionsByParentExecutionId  - ==&gt; Parameters: 211(String)
10:47:09,893 [main] DEBUG org.activiti.engine.impl.persistence.entity.ExecutionEntity.selectExecutionsByParentExecutionId  - &lt;==      Total: 1
10:47:09,893 [main] DEBUG org.activiti.engine.impl.persistence.entity.ExecutionEntity.selectSubProcessInstanceBySuperExecutionId  - ==&gt;  Preparing: select * from ACT_RU_EXECUTION where SUPER_EXEC_ = ? 
10:47:09,893 [main] DEBUG org.activiti.engine.impl.persistence.entity.ExecutionEntity.selectSubProcessInstanceBySuperExecutionId  - ==&gt; Parameters: 215(String)
10:47:09,893 [main] DEBUG org.activiti.engine.impl.persistence.entity.ExecutionEntity.selectSubProcessInstanceBySuperExecutionId  - &lt;==      Total: 0
10:47:09,893 [main] DEBUG org.activiti.engine.impl.persistence.entity.TaskEntity.selectTaskByQueryCriteria  - ==&gt;  Preparing: select distinct RES.* from ACT_RU_TASK RES WHERE RES.PROC_INST_ID_ = ? order by order by RES.ID_ asc LIMIT ? OFFSET ? 
10:47:09,893 [main] DEBUG org.activiti.engine.impl.interceptor.CommandContext  - Error while closing command context
org.apache.ibatis.exceptions.PersistenceException: 
### Error querying database.  Cause: org.h2.jdbc.JdbcSQLException: Syntax error in SQL statement &quot;SELECT DISTINCT RES.* 
       
    FROM ACT_RU_TASK RES
     
     
     
     
    
     
     
     
     WHERE  RES.PROC_INST_ID_ = ? 
   
    
     ORDER BY  ORDER[*] BY RES.ID_ ASC  
    LIMIT ? OFFSET ? &quot;; expected &quot;=, NOT, EXISTS, INTERSECTS, SELECT, FROM&quot;; SQL statement:
select distinct RES.* 
       
    from ACT_RU_TASK RES
     
     
     
     
    
     
     
     
     WHERE  RES.PROC_INST_ID_ = ? 
   
    
     order by  order by RES.ID_ asc  
    LIMIT ? OFFSET ? [42001-176]
### The error may exist in org/activiti/db/mapping/entity/Task.xml
### The error may involve org.activiti.engine.impl.persistence.entity.TaskEntity.selectTaskByQueryCriteria
### The error occurred while executing a query
### SQL: select distinct RES.*              from ACT_RU_TASK RES                                                     WHERE  RES.PROC_INST_ID_ = ?                order by  order by RES.ID_ asc       LIMIT ? OFFSET ?
### Cause: org.h2.jdbc.JdbcSQLException: Syntax error in SQL statement &quot;SELECT DISTINCT RES.* 
       
    FROM ACT_RU_TASK RES
     
     
     
     
    
     
     
     
     WHERE  RES.PROC_INST_ID_ = ? 
   
    
     ORDER BY  ORDER[*] BY RES.ID_ ASC  
    LIMIT ? OFFSET ? &quot;; expected &quot;=, NOT, EXISTS, INTERSECTS, SELECT, FROM&quot;; SQL statement:
select distinct RES.* 
       
    from ACT_RU_TASK RES
     
     
     
     
    
     
     
     
     WHERE  RES.PROC_INST_ID_ = ? 
   
    
     order by  order by RES.ID_ asc  
    LIMIT ? OFFSET ? [42001-176]
	at org.apache.ibatis.exceptions.ExceptionFactory.wrapException(ExceptionFactory.java:30)
	at org.apache.ibatis.session.defaults.DefaultSqlSession.selectList(DefaultSqlSession.java:122)
	at org.apache.ibatis.session.defaults.DefaultSqlSession.selectList(DefaultSqlSession.java:113)
	at org.activiti.engine.impl.db.DbSqlSession.selectListWithRawParameter(DbSqlSession.java:438)
	at org.activiti.engine.impl.db.DbSqlSession.selectList(DbSqlSession.java:429)
	at org.activiti.engine.impl.persistence.entity.TaskEntityManager.findTasksByQueryCriteria(TaskEntityManager.java:135)
	at org.activiti.engine.impl.TaskQueryImpl.executeList(TaskQueryImpl.java:1256)
	at org.activiti.engine.impl.AbstractQuery.list(AbstractQuery.java:140)
	at org.activiti.engine.impl.persistence.entity.TaskEntityManager.deleteTasksByProcessInstanceId(TaskEntityManager.java:45)
	at org.activiti.engine.impl.persistence.entity.ExecutionEntityManager.deleteProcessInstanceCascade(ExecutionEntityManager.java:82)
	at org.activiti.engine.impl.persistence.entity.ExecutionEntityManager.deleteProcessInstance(ExecutionEntityManager.java:69)
	at org.activiti.engine.impl.persistence.entity.ExecutionEntityManager.deleteProcessInstance(ExecutionEntityManager.java:59)
	at org.activiti.engine.impl.cmd.DeleteProcessInstanceCmd.execute(DeleteProcessInstanceCmd.java:54)
	at org.activiti.engine.impl.cmd.DeleteProcessInstanceCmd.execute(DeleteProcessInstanceCmd.java:25)
	at org.activiti.engine.impl.interceptor.CommandInvoker.execute(CommandInvoker.java:24)
	at org.activiti.engine.impl.interceptor.CommandContextInterceptor.execute(CommandContextInterceptor.java:57)
	at org.activiti.engine.impl.interceptor.LogInterceptor.execute(LogInterceptor.java:37)
	at org.activiti.engine.impl.cfg.CommandExecutorImpl.execute(CommandExecutorImpl.java:40)
	at org.activiti.engine.impl.cfg.CommandExecutorImpl.execute(CommandExecutorImpl.java:35)
	at org.activiti.engine.impl.RuntimeServiceImpl.deleteProcessInstance(RuntimeServiceImpl.java:117)
	at org.activiti.engine.test.bpmn.subprocess.SubProcessTest.testNestedSimpleSubProcess(SubProcessTest.java:129)
	at org.activiti.engine.test.bpmn.subprocess.SubProcessTest.testNestedSimpleSubProcessWithoutEndEvent(SubProcessTest.java:337)
	at sun.reflect.NativeMethodAccessorImpl.invoke0(Native Method)
	at sun.reflect.NativeMethodAccessorImpl.invoke(NativeMethodAccessorImpl.java:62)
	at sun.reflect.DelegatingMethodAccessorImpl.invoke(DelegatingMethodAccessorImpl.java:43)
	at java.lang.reflect.Method.invoke(Method.java:498)
	at junit.framework.TestCase.runTest(TestCase.java:176)
	at org.activiti.engine.impl.test.PvmTestCase.runTest(PvmTestCase.java:65)
	at junit.framework.TestCase.runBare(TestCase.java:141)
	at org.activiti.engine.impl.test.AbstractActivitiTestCase.runBare(AbstractActivitiTestCase.java:100)
	at junit.framework.TestResult$1.protect(TestResult.java:122)
	at junit.framework.TestResult.runProtected(TestResult.java:142)
	at junit.framework.TestResult.run(TestResult.java:125)
	at junit.framework.TestCase.run(TestCase.java:129)
	at junit.framework.TestSuite.runTest(TestSuite.java:255)
	at junit.framework.TestSuite.run(TestSuite.java:250)
	at org.junit.internal.runners.JUnit38ClassRunner.run(JUnit38ClassRunner.java:84)
	at org.apache.maven.surefire.junit4.JUnit4TestSet.execute(JUnit4TestSet.java:35)
	at org.apache.maven.surefire.junit4.JUnit4Provider.executeTestSet(JUnit4Provider.java:146)
	at org.apache.maven.surefire.junit4.JUnit4Provider.invoke(JUnit4Provider.java:97)
	at sun.reflect.NativeMethodAccessorImpl.invoke0(Native Method)
	at sun.reflect.NativeMethodAccessorImpl.invoke(NativeMethodAccessorImpl.java:62)
	at sun.reflect.DelegatingMethodAccessorImpl.invoke(DelegatingMethodAccessorImpl.java:43)
	at java.lang.reflect.Method.invoke(Method.java:498)
	at org.apache.maven.surefire.booter.ProviderFactory$ClassLoaderProxy.invoke(ProviderFactory.java:103)
	at com.sun.proxy.$Proxy0.invoke(Unknown Source)
	at org.apache.maven.surefire.booter.SurefireStarter.invokeProvider(SurefireStarter.java:145)
	at org.apache.maven.surefire.booter.SurefireStarter.runSuitesInProcess(SurefireStarter.java:87)
	at org.apache.maven.surefire.booter.ForkedBooter.main(ForkedBooter.java:69)
Caused by: org.h2.jdbc.JdbcSQLException: Syntax error in SQL statement &quot;SELECT DISTINCT RES.* 
       
    FROM ACT_RU_TASK RES
     
     
     
     
    
     
     
     
     WHERE  RES.PROC_INST_ID_ = ? 
   
    
     ORDER BY  ORDER[*] BY RES.ID_ ASC  
    LIMIT ? OFFSET ? &quot;; expected &quot;=, NOT, EXISTS, INTERSECTS, SELECT, FROM&quot;; SQL statement:
select distinct RES.* 
       
    from ACT_RU_TASK RES
     
     
     
     
    
     
     
     
     WHERE  RES.PROC_INST_ID_ = ? 
   
    
     order by  order by RES.ID_ asc  
    LIMIT ? OFFSET ? [42001-176]
	at org.h2.message.DbException.getJdbcSQLException(DbException.java:344)
	at org.h2.message.DbException.getSyntaxError(DbException.java:204)
	at org.h2.command.Parser.getSyntaxError(Parser.java:524)
	at org.h2.command.Parser.readTerm(Parser.java:2688)
	at org.h2.command.Parser.readFactor(Parser.java:2244)
	at org.h2.command.Parser.readSum(Parser.java:2231)
	at org.h2.command.Parser.readConcat(Parser.java:2201)
	at org.h2.command.Parser.readCondition(Parser.java:2051)
	at org.h2.command.Parser.readAnd(Parser.java:2023)
	at org.h2.command.Parser.readExpression(Parser.java:2015)
	at org.h2.command.Parser.parseEndOfQuery(Parser.java:1726)
	at org.h2.command.Parser.parseSelectUnionExtension(Parser.java:1706)
	at org.h2.command.Parser.parseSelectUnion(Parser.java:1675)
	at org.h2.command.Parser.parseSelect(Parser.java:1662)
	at org.h2.command.Parser.parsePrepared(Parser.java:434)
	at org.h2.command.Parser.parse(Parser.java:306)
	at org.h2.command.Parser.parse(Parser.java:282)
	at org.h2.command.Parser.prepareCommand(Parser.java:243)
	at org.h2.engine.Session.prepareLocal(Session.java:442)
	at org.h2.engine.Session.prepareCommand(Session.java:384)
	at org.h2.jdbc.JdbcConnection.prepareCommand(JdbcConnection.java:1188)
	at org.h2.jdbc.JdbcPreparedStatement.&lt;init&gt;(JdbcPreparedStatement.java:73)
	at org.h2.jdbc.JdbcConnection.prepareStatement(JdbcConnection.java:276)
	at sun.reflect.GeneratedMethodAccessor6.invoke(Unknown Source)
	at sun.reflect.DelegatingMethodAccessorImpl.invoke(DelegatingMethodAccessorImpl.java:43)
	at java.lang.reflect.Method.invoke(Method.java:498)
	at org.apache.ibatis.datasource.pooled.PooledConnection.invoke(PooledConnection.java:245)
	at com.sun.proxy.$Proxy12.prepareStatement(Unknown Source)
	at sun.reflect.GeneratedMethodAccessor6.invoke(Unknown Source)
	at sun.reflect.DelegatingMethodAccessorImpl.invoke(DelegatingMethodAccessorImpl.java:43)
	at java.lang.reflect.Method.invoke(Method.java:498)
	at org.apache.ibatis.logging.jdbc.ConnectionLogger.invoke(ConnectionLogger.java:55)
	at com.sun.proxy.$Proxy12.prepareStatement(Unknown Source)
	at org.apache.ibatis.executor.statement.PreparedStatementHandler.instantiateStatement(PreparedStatementHandler.java:79)
	at org.apache.ibatis.executor.statement.BaseStatementHandler.prepare(BaseStatementHandler.java:88)
	at org.apache.ibatis.executor.statement.RoutingStatementHandler.prepare(RoutingStatementHandler.java:58)
	at org.apache.ibatis.executor.SimpleExecutor.prepareStatement(SimpleExecutor.java:76)
	at org.apache.ibatis.executor.SimpleExecutor.doQuery(SimpleExecutor.java:61)
	at org.apache.ibatis.executor.BaseExecutor.queryFromDatabase(BaseExecutor.java:303)
	at org.apache.ibatis.executor.BaseExecutor.query(BaseExecutor.java:154)
	at org.apache.ibatis.executor.CachingExecutor.query(CachingExecutor.java:102)
	at org.apache.ibatis.executor.CachingExecutor.query(CachingExecutor.java:82)
	at org.apache.ibatis.session.defaults.DefaultSqlSession.selectList(DefaultSqlSession.java:120)
	... 47 more
10:47:09,893 [main] DEBUG org.activiti.engine.impl.cfg.standalone.StandaloneMybatisTransactionContext  - firing event rolling back...
10:47:09,893 [main] DEBUG org.activiti.engine.impl.cfg.standalone.StandaloneMybatisTransactionContext  - rolling back ibatis sql session...
10:47:09,893 [main] DEBUG org.activiti.engine.impl.cfg.standalone.StandaloneMybatisTransactionContext  - firing event rolled back...
10:47:09,893 [main] DEBUG org.apache.ibatis.transaction.jdbc.JdbcTransaction  - Resetting autocommit to true on JDBC Connection [conn2: url=jdbc:h2:mem:activiti user=SA]
10:47:09,893 [main] DEBUG org.apache.ibatis.transaction.jdbc.JdbcTransaction  - Closing JDBC Connection [conn2: url=jdbc:h2:mem:activiti user=SA]
10:47:09,893 [main] DEBUG org.apache.ibatis.datasource.pooled.PooledDataSource  - Returned connection 363509958 to pool.
10:47:09,893 [main] DEBUG org.activiti.engine.impl.interceptor.LogInterceptor  - --- DeleteProcessInstanceCmd finished --------------------------------------------------------
10:47:09,893 [main] DEBUG org.activiti.engine.impl.interceptor.LogInterceptor  - 

10:47:09,894 [main] ERROR org.activiti.engine.impl.test.PvmTestCase  - 

10:47:09,894 [main] ERROR org.activiti.engine.impl.test.PvmTestCase  - EXCEPTION: org.apache.ibatis.exceptions.PersistenceException: 
### Error querying database.  Cause: org.h2.jdbc.JdbcSQLException: Syntax error in SQL statement &quot;SELECT DISTINCT RES.* 
       
    FROM ACT_RU_TASK RES
     
     
     
     
    
     
     
     
     WHERE  RES.PROC_INST_ID_ = ? 
   
    
     ORDER BY  ORDER[*] BY RES.ID_ ASC  
    LIMIT ? OFFSET ? &quot;; expected &quot;=, NOT, EXISTS, INTERSECTS, SELECT, FROM&quot;; SQL statement:
select distinct RES.* 
       
    from ACT_RU_TASK RES
     
     
     
     
    
     
     
     
     WHERE  RES.PROC_INST_ID_ = ? 
   
    
     order by  order by RES.ID_ asc  
    LIMIT ? OFFSET ? [42001-176]
### The error may exist in org/activiti/db/mapping/entity/Task.xml
### The error may involve org.activiti.engine.impl.persistence.entity.TaskEntity.selectTaskByQueryCriteria
### The error occurred while executing a query
### SQL: select distinct RES.*              from ACT_RU_TASK RES                                                     WHERE  RES.PROC_INST_ID_ = ?                order by  order by RES.ID_ asc       LIMIT ? OFFSET ?
### Cause: org.h2.jdbc.JdbcSQLException: Syntax error in SQL statement &quot;SELECT DISTINCT RES.* 
       
    FROM ACT_RU_TASK RES
     
     
     
     
    
     
     
     
     WHERE  RES.PROC_INST_ID_ = ? 
   
    
     ORDER BY  ORDER[*] BY RES.ID_ ASC  
    LIMIT ? OFFSET ? &quot;; expected &quot;=, NOT, EXISTS, INTERSECTS, SELECT, FROM&quot;; SQL statement:
select distinct RES.* 
       
    from ACT_RU_TASK RES
     
     
     
     
    
     
     
     
     WHERE  RES.PROC_INST_ID_ = ? 
   
    
     order by  order by RES.ID_ asc  
    LIMIT ? OFFSET ? [42001-176]
org.apache.ibatis.exceptions.PersistenceException: 
### Error querying database.  Cause: org.h2.jdbc.JdbcSQLException: Syntax error in SQL statement &quot;SELECT DISTINCT RES.* 
       
    FROM ACT_RU_TASK RES
     
     
     
     
    
     
     
     
     WHERE  RES.PROC_INST_ID_ = ? 
   
    
     ORDER BY  ORDER[*] BY RES.ID_ ASC  
    LIMIT ? OFFSET ? &quot;; expected &quot;=, NOT, EXISTS, INTERSECTS, SELECT, FROM&quot;; SQL statement:
select distinct RES.* 
       
    from ACT_RU_TASK RES
     
     
     
     
    
     
     
     
     WHERE  RES.PROC_INST_ID_ = ? 
   
    
     order by  order by RES.ID_ asc  
    LIMIT ? OFFSET ? [42001-176]
### The error may exist in org/activiti/db/mapping/entity/Task.xml
### The error may involve org.activiti.engine.impl.persistence.entity.TaskEntity.selectTaskByQueryCriteria
### The error occurred while executing a query
### SQL: select distinct RES.*              from ACT_RU_TASK RES                                                     WHERE  RES.PROC_INST_ID_ = ?                order by  order by RES.ID_ asc       LIMIT ? OFFSET ?
### Cause: org.h2.jdbc.JdbcSQLException: Syntax error in SQL statement &quot;SELECT DISTINCT RES.* 
       
    FROM ACT_RU_TASK RES
     
     
     
     
    
     
     
     
     WHERE  RES.PROC_INST_ID_ = ? 
   
    
     ORDER BY  ORDER[*] BY RES.ID_ ASC  
    LIMIT ? OFFSET ? &quot;; expected &quot;=, NOT, EXISTS, INTERSECTS, SELECT, FROM&quot;; SQL statement:
select distinct RES.* 
       
    from ACT_RU_TASK RES
     
     
     
     
    
     
     
     
     WHERE  RES.PROC_INST_ID_ = ? 
   
    
     order by  order by RES.ID_ asc  
    LIMIT ? OFFSET ? [42001-176]
	at org.apache.ibatis.exceptions.ExceptionFactory.wrapException(ExceptionFactory.java:30)
	at org.apache.ibatis.session.defaults.DefaultSqlSession.selectList(DefaultSqlSession.java:122)
	at org.apache.ibatis.session.defaults.DefaultSqlSession.selectList(DefaultSqlSession.java:113)
	at org.activiti.engine.impl.db.DbSqlSession.selectListWithRawParameter(DbSqlSession.java:438)
	at org.activiti.engine.impl.db.DbSqlSession.selectList(DbSqlSession.java:429)
	at org.activiti.engine.impl.persistence.entity.TaskEntityManager.findTasksByQueryCriteria(TaskEntityManager.java:135)
	at org.activiti.engine.impl.TaskQueryImpl.executeList(TaskQueryImpl.java:1256)
	at org.activiti.engine.impl.AbstractQuery.list(AbstractQuery.java:140)
	at org.activiti.engine.impl.persistence.entity.TaskEntityManager.deleteTasksByProcessInstanceId(TaskEntityManager.java:45)
	at org.activiti.engine.impl.persistence.entity.ExecutionEntityManager.deleteProcessInstanceCascade(ExecutionEntityManager.java:82)
	at org.activiti.engine.impl.persistence.entity.ExecutionEntityManager.deleteProcessInstance(ExecutionEntityManager.java:69)
	at org.activiti.engine.impl.persistence.entity.ExecutionEntityManager.deleteProcessInstance(ExecutionEntityManager.java:59)
	at org.activiti.engine.impl.cmd.DeleteProcessInstanceCmd.execute(DeleteProcessInstanceCmd.java:54)
	at org.activiti.engine.impl.cmd.DeleteProcessInstanceCmd.execute(DeleteProcessInstanceCmd.java:25)
	at org.activiti.engine.impl.interceptor.CommandInvoker.execute(CommandInvoker.java:24)
	at org.activiti.engine.impl.interceptor.CommandContextInterceptor.execute(CommandContextInterceptor.java:57)
	at org.activiti.engine.impl.interceptor.LogInterceptor.execute(LogInterceptor.java:37)
	at org.activiti.engine.impl.cfg.CommandExecutorImpl.execute(CommandExecutorImpl.java:40)
	at org.activiti.engine.impl.cfg.CommandExecutorImpl.execute(CommandExecutorImpl.java:35)
	at org.activiti.engine.impl.RuntimeServiceImpl.deleteProcessInstance(RuntimeServiceImpl.java:117)
	at org.activiti.engine.test.bpmn.subprocess.SubProcessTest.testNestedSimpleSubProcess(SubProcessTest.java:129)
	at org.activiti.engine.test.bpmn.subprocess.SubProcessTest.testNestedSimpleSubProcessWithoutEndEvent(SubProcessTest.java:337)
	at sun.reflect.NativeMethodAccessorImpl.invoke0(Native Method)
	at sun.reflect.NativeMethodAccessorImpl.invoke(NativeMethodAccessorImpl.java:62)
	at sun.reflect.DelegatingMethodAccessorImpl.invoke(DelegatingMethodAccessorImpl.java:43)
	at java.lang.reflect.Method.invoke(Method.java:498)
	at junit.framework.TestCase.runTest(TestCase.java:176)
	at org.activiti.engine.impl.test.PvmTestCase.runTest(PvmTestCase.java:65)
	at junit.framework.TestCase.runBare(TestCase.java:141)
	at org.activiti.engine.impl.test.AbstractActivitiTestCase.runBare(AbstractActivitiTestCase.java:100)
	at junit.framework.TestResult$1.protect(TestResult.java:122)
	at junit.framework.TestResult.runProtected(TestResult.java:142)
	at junit.framework.TestResult.run(TestResult.java:125)
	at junit.framework.TestCase.run(TestCase.java:129)
	at junit.framework.TestSuite.runTest(TestSuite.java:255)
	at junit.framework.TestSuite.run(TestSuite.java:250)
	at org.junit.internal.runners.JUnit38ClassRunner.run(JUnit38ClassRunner.java:84)
	at org.apache.maven.surefire.junit4.JUnit4TestSet.execute(JUnit4TestSet.java:35)
	at org.apache.maven.surefire.junit4.JUnit4Provider.executeTestSet(JUnit4Provider.java:146)
	at org.apache.maven.surefire.junit4.JUnit4Provider.invoke(JUnit4Provider.java:97)
	at sun.reflect.NativeMethodAccessorImpl.invoke0(Native Method)
	at sun.reflect.NativeMethodAccessorImpl.invoke(NativeMethodAccessorImpl.java:62)
	at sun.reflect.DelegatingMethodAccessorImpl.invoke(DelegatingMethodAccessorImpl.java:43)
	at java.lang.reflect.Method.invoke(Method.java:498)
	at org.apache.maven.surefire.booter.ProviderFactory$ClassLoaderProxy.invoke(ProviderFactory.java:103)
	at com.sun.proxy.$Proxy0.invoke(Unknown Source)
	at org.apache.maven.surefire.booter.SurefireStarter.invokeProvider(SurefireStarter.java:145)
	at org.apache.maven.surefire.booter.SurefireStarter.runSuitesInProcess(SurefireStarter.java:87)
	at org.apache.maven.surefire.booter.ForkedBooter.main(ForkedBooter.java:69)
Caused by: org.h2.jdbc.JdbcSQLException: Syntax error in SQL statement &quot;SELECT DISTINCT RES.* 
       
    FROM ACT_RU_TASK RES
     
     
     
     
    
     
     
     
     WHERE  RES.PROC_INST_ID_ = ? 
   
    
     ORDER BY  ORDER[*] BY RES.ID_ ASC  
    LIMIT ? OFFSET ? &quot;; expected &quot;=, NOT, EXISTS, INTERSECTS, SELECT, FROM&quot;; SQL statement:
select distinct RES.* 
       
    from ACT_RU_TASK RES
     
     
     
     
    
     
     
     
     WHERE  RES.PROC_INST_ID_ = ? 
   
    
     order by  order by RES.ID_ asc  
    LIMIT ? OFFSET ? [42001-176]
	at org.h2.message.DbException.getJdbcSQLException(DbException.java:344)
	at org.h2.message.DbException.getSyntaxError(DbException.java:204)
	at org.h2.command.Parser.getSyntaxError(Parser.java:524)
	at org.h2.command.Parser.readTerm(Parser.java:2688)
	at org.h2.command.Parser.readFactor(Parser.java:2244)
	at org.h2.command.Parser.readSum(Parser.java:2231)
	at org.h2.command.Parser.readConcat(Parser.java:2201)
	at org.h2.command.Parser.readCondition(Parser.java:2051)
	at org.h2.command.Parser.readAnd(Parser.java:2023)
	at org.h2.command.Parser.readExpression(Parser.java:2015)
	at org.h2.command.Parser.parseEndOfQuery(Parser.java:1726)
	at org.h2.command.Parser.parseSelectUnionExtension(Parser.java:1706)
	at org.h2.command.Parser.parseSelectUnion(Parser.java:1675)
	at org.h2.command.Parser.parseSelect(Parser.java:1662)
	at org.h2.command.Parser.parsePrepared(Parser.java:434)
	at org.h2.command.Parser.parse(Parser.java:306)
	at org.h2.command.Parser.parse(Parser.java:282)
	at org.h2.command.Parser.prepareCommand(Parser.java:243)
	at org.h2.engine.Session.prepareLocal(Session.java:442)
	at org.h2.engine.Session.prepareCommand(Session.java:384)
	at org.h2.jdbc.JdbcConnection.prepareCommand(JdbcConnection.java:1188)
	at org.h2.jdbc.JdbcPreparedStatement.&lt;init&gt;(JdbcPreparedStatement.java:73)
	at org.h2.jdbc.JdbcConnection.prepareStatement(JdbcConnection.java:276)
	at sun.reflect.GeneratedMethodAccessor6.invoke(Unknown Source)
	at sun.reflect.DelegatingMethodAccessorImpl.invoke(DelegatingMethodAccessorImpl.java:43)
	at java.lang.reflect.Method.invoke(Method.java:498)
	at org.apache.ibatis.datasource.pooled.PooledConnection.invoke(PooledConnection.java:245)
	at com.sun.proxy.$Proxy12.prepareStatement(Unknown Source)
	at sun.reflect.GeneratedMethodAccessor6.invoke(Unknown Source)
	at sun.reflect.DelegatingMethodAccessorImpl.invoke(DelegatingMethodAccessorImpl.java:43)
	at java.lang.reflect.Method.invoke(Method.java:498)
	at org.apache.ibatis.logging.jdbc.ConnectionLogger.invoke(ConnectionLogger.java:55)
	at com.sun.proxy.$Proxy12.prepareStatement(Unknown Source)
	at org.apache.ibatis.executor.statement.PreparedStatementHandler.instantiateStatement(PreparedStatementHandler.java:79)
	at org.apache.ibatis.executor.statement.BaseStatementHandler.prepare(BaseStatementHandler.java:88)
	at org.apache.ibatis.executor.statement.RoutingStatementHandler.prepare(RoutingStatementHandler.java:58)
	at org.apache.ibatis.executor.SimpleExecutor.prepareStatement(SimpleExecutor.java:76)
	at org.apache.ibatis.executor.SimpleExecutor.doQuery(SimpleExecutor.java:61)
	at org.apache.ibatis.executor.BaseExecutor.queryFromDatabase(BaseExecutor.java:303)
	at org.apache.ibatis.executor.BaseExecutor.query(BaseExecutor.java:154)
	at org.apache.ibatis.executor.CachingExecutor.query(CachingExecutor.java:102)
	at org.apache.ibatis.executor.CachingExecutor.query(CachingExecutor.java:82)
	at org.apache.ibatis.session.defaults.DefaultSqlSession.selectList(DefaultSqlSession.java:120)
	... 47 more
10:47:09,894 [main] DEBUG org.activiti.engine.impl.test.PvmTestCase  - #### END SubProcessTest.testNestedSimpleSubProcessWithoutEndEvent #############################################################
10:47:09,894 [main] ERROR org.activiti.engine.impl.test.PvmTestCase  - 

10:47:09,894 [main] ERROR org.activiti.engine.impl.test.PvmTestCase  - EXCEPTION: org.apache.ibatis.exceptions.PersistenceException: 
### Error querying database.  Cause: org.h2.jdbc.JdbcSQLException: Syntax error in SQL statement &quot;SELECT DISTINCT RES.* 
       
    FROM ACT_RU_TASK RES
     
     
     
     
    
     
     
     
     WHERE  RES.PROC_INST_ID_ = ? 
   
    
     ORDER BY  ORDER[*] BY RES.ID_ ASC  
    LIMIT ? OFFSET ? &quot;; expected &quot;=, NOT, EXISTS, INTERSECTS, SELECT, FROM&quot;; SQL statement:
select distinct RES.* 
       
    from ACT_RU_TASK RES
     
     
     
     
    
     
     
     
     WHERE  RES.PROC_INST_ID_ = ? 
   
    
     order by  order by RES.ID_ asc  
    LIMIT ? OFFSET ? [42001-176]
### The error may exist in org/activiti/db/mapping/entity/Task.xml
### The error may involve org.activiti.engine.impl.persistence.entity.TaskEntity.selectTaskByQueryCriteria
### The error occurred while executing a query
### SQL: select distinct RES.*              from ACT_RU_TASK RES                                                     WHERE  RES.PROC_INST_ID_ = ?                order by  order by RES.ID_ asc       LIMIT ? OFFSET ?
### Cause: org.h2.jdbc.JdbcSQLException: Syntax error in SQL statement &quot;SELECT DISTINCT RES.* 
       
    FROM ACT_RU_TASK RES
     
     
     
     
    
     
     
     
     WHERE  RES.PROC_INST_ID_ = ? 
   
    
     ORDER BY  ORDER[*] BY RES.ID_ ASC  
    LIMIT ? OFFSET ? &quot;; expected &quot;=, NOT, EXISTS, INTERSECTS, SELECT, FROM&quot;; SQL statement:
select distinct RES.* 
       
    from ACT_RU_TASK RES
     
     
     
     
    
     
     
     
     WHERE  RES.PROC_INST_ID_ = ? 
   
    
     order by  order by RES.ID_ asc  
    LIMIT ? OFFSET ? [42001-176]
org.apache.ibatis.exceptions.PersistenceException: 
### Error querying database.  Cause: org.h2.jdbc.JdbcSQLException: Syntax error in SQL statement &quot;SELECT DISTINCT RES.* 
       
    FROM ACT_RU_TASK RES
     
     
     
     
    
     
     
     
     WHERE  RES.PROC_INST_ID_ = ? 
   
    
     ORDER BY  ORDER[*] BY RES.ID_ ASC  
    LIMIT ? OFFSET ? &quot;; expected &quot;=, NOT, EXISTS, INTERSECTS, SELECT, FROM&quot;; SQL statement:
select distinct RES.* 
       
    from ACT_RU_TASK RES
     
     
     
     
    
     
     
     
     WHERE  RES.PROC_INST_ID_ = ? 
   
    
     order by  order by RES.ID_ asc  
    LIMIT ? OFFSET ? [42001-176]
### The error may exist in org/activiti/db/mapping/entity/Task.xml
### The error may involve org.activiti.engine.impl.persistence.entity.TaskEntity.selectTaskByQueryCriteria
### The error occurred while executing a query
### SQL: select distinct RES.*              from ACT_RU_TASK RES                                                     WHERE  RES.PROC_INST_ID_ = ?                order by  order by RES.ID_ asc       LIMIT ? OFFSET ?
### Cause: org.h2.jdbc.JdbcSQLException: Syntax error in SQL statement &quot;SELECT DISTINCT RES.* 
       
    FROM ACT_RU_TASK RES
     
     
     
     
    
     
     
     
     WHERE  RES.PROC_INST_ID_ = ? 
   
    
     ORDER BY  ORDER[*] BY RES.ID_ ASC  
    LIMIT ? OFFSET ? &quot;; expected &quot;=, NOT, EXISTS, INTERSECTS, SELECT, FROM&quot;; SQL statement:
select distinct RES.* 
       
    from ACT_RU_TASK RES
     
     
     
     
    
     
     
     
     WHERE  RES.PROC_INST_ID_ = ? 
   
    
     order by  order by RES.ID_ asc  
    LIMIT ? OFFSET ? [42001-176]
	at org.apache.ibatis.exceptions.ExceptionFactory.wrapException(ExceptionFactory.java:30)
	at org.apache.ibatis.session.defaults.DefaultSqlSession.selectList(DefaultSqlSession.java:122)
	at org.apache.ibatis.session.defaults.DefaultSqlSession.selectList(DefaultSqlSession.java:113)
	at org.activiti.engine.impl.db.DbSqlSession.selectListWithRawParameter(DbSqlSession.java:438)
	at org.activiti.engine.impl.db.DbSqlSession.selectList(DbSqlSession.java:429)
	at org.activiti.engine.impl.persistence.entity.TaskEntityManager.findTasksByQueryCriteria(TaskEntityManager.java:135)
	at org.activiti.engine.impl.TaskQueryImpl.executeList(TaskQueryImpl.java:1256)
	at org.activiti.engine.impl.AbstractQuery.list(AbstractQuery.java:140)
	at org.activiti.engine.impl.persistence.entity.TaskEntityManager.deleteTasksByProcessInstanceId(TaskEntityManager.java:45)
	at org.activiti.engine.impl.persistence.entity.ExecutionEntityManager.deleteProcessInstanceCascade(ExecutionEntityManager.java:82)
	at org.activiti.engine.impl.persistence.entity.ExecutionEntityManager.deleteProcessInstance(ExecutionEntityManager.java:69)
	at org.activiti.engine.impl.persistence.entity.ExecutionEntityManager.deleteProcessInstance(ExecutionEntityManager.java:59)
	at org.activiti.engine.impl.cmd.DeleteProcessInstanceCmd.execute(DeleteProcessInstanceCmd.java:54)
	at org.activiti.engine.impl.cmd.DeleteProcessInstanceCmd.execute(DeleteProcessInstanceCmd.java:25)
	at org.activiti.engine.impl.interceptor.CommandInvoker.execute(CommandInvoker.java:24)
	at org.activiti.engine.impl.interceptor.CommandContextInterceptor.execute(CommandContextInterceptor.java:57)
	at org.activiti.engine.impl.interceptor.LogInterceptor.execute(LogInterceptor.java:37)
	at org.activiti.engine.impl.cfg.CommandExecutorImpl.execute(CommandExecutorImpl.java:40)
	at org.activiti.engine.impl.cfg.CommandExecutorImpl.execute(CommandExecutorImpl.java:35)
	at org.activiti.engine.impl.RuntimeServiceImpl.deleteProcessInstance(RuntimeServiceImpl.java:117)
	at org.activiti.engine.test.bpmn.subprocess.SubProcessTest.testNestedSimpleSubProcess(SubProcessTest.java:129)
	at org.activiti.engine.test.bpmn.subprocess.SubProcessTest.testNestedSimpleSubProcessWithoutEndEvent(SubProcessTest.java:337)
	at sun.reflect.NativeMethodAccessorImpl.invoke0(Native Method)
	at sun.reflect.NativeMethodAccessorImpl.invoke(NativeMethodAccessorImpl.java:62)
	at sun.reflect.DelegatingMethodAccessorImpl.invoke(DelegatingMethodAccessorImpl.java:43)
	at java.lang.reflect.Method.invoke(Method.java:498)
	at junit.framework.TestCase.runTest(TestCase.java:176)
	at org.activiti.engine.impl.test.PvmTestCase.runTest(PvmTestCase.java:65)
	at junit.framework.TestCase.runBare(TestCase.java:141)
	at org.activiti.engine.impl.test.AbstractActivitiTestCase.runBare(AbstractActivitiTestCase.java:100)
	at junit.framework.TestResult$1.protect(TestResult.java:122)
	at junit.framework.TestResult.runProtected(TestResult.java:142)
	at junit.framework.TestResult.run(TestResult.java:125)
	at junit.framework.TestCase.run(TestCase.java:129)
	at junit.framework.TestSuite.runTest(TestSuite.java:255)
	at junit.framework.TestSuite.run(TestSuite.java:250)
	at org.junit.internal.runners.JUnit38ClassRunner.run(JUnit38ClassRunner.java:84)
	at org.apache.maven.surefire.junit4.JUnit4TestSet.execute(JUnit4TestSet.java:35)
	at org.apache.maven.surefire.junit4.JUnit4Provider.executeTestSet(JUnit4Provider.java:146)
	at org.apache.maven.surefire.junit4.JUnit4Provider.invoke(JUnit4Provider.java:97)
	at sun.reflect.NativeMethodAccessorImpl.invoke0(Native Method)
	at sun.reflect.NativeMethodAccessorImpl.invoke(NativeMethodAccessorImpl.java:62)
	at sun.reflect.DelegatingMethodAccessorImpl.invoke(DelegatingMethodAccessorImpl.java:43)
	at java.lang.reflect.Method.invoke(Method.java:498)
	at org.apache.maven.surefire.booter.ProviderFactory$ClassLoaderProxy.invoke(ProviderFactory.java:103)
	at com.sun.proxy.$Proxy0.invoke(Unknown Source)
	at org.apache.maven.surefire.booter.SurefireStarter.invokeProvider(SurefireStarter.java:145)
	at org.apache.maven.surefire.booter.SurefireStarter.runSuitesInProcess(SurefireStarter.java:87)
	at org.apache.maven.surefire.booter.ForkedBooter.main(ForkedBooter.java:69)
Caused by: org.h2.jdbc.JdbcSQLException: Syntax error in SQL statement &quot;SELECT DISTINCT RES.* 
       
    FROM ACT_RU_TASK RES
     
     
     
     
    
     
     
     
     WHERE  RES.PROC_INST_ID_ = ? 
   
    
     ORDER BY  ORDER[*] BY RES.ID_ ASC  
    LIMIT ? OFFSET ? &quot;; expected &quot;=, NOT, EXISTS, INTERSECTS, SELECT, FROM&quot;; SQL statement:
select distinct RES.* 
       
    from ACT_RU_TASK RES
     
     
     
     
    
     
     
     
     WHERE  RES.PROC_INST_ID_ = ? 
   
    
     order by  order by RES.ID_ asc  
    LIMIT ? OFFSET ? [42001-176]
	at org.h2.message.DbException.getJdbcSQLException(DbException.java:344)
	at org.h2.message.DbException.getSyntaxError(DbException.java:204)
	at org.h2.command.Parser.getSyntaxError(Parser.java:524)
	at org.h2.command.Parser.readTerm(Parser.java:2688)
	at org.h2.command.Parser.readFactor(Parser.java:2244)
	at org.h2.command.Parser.readSum(Parser.java:2231)
	at org.h2.command.Parser.readConcat(Parser.java:2201)
	at org.h2.command.Parser.readCondition(Parser.java:2051)
	at org.h2.command.Parser.readAnd(Parser.java:2023)
	at org.h2.command.Parser.readExpression(Parser.java:2015)
	at org.h2.command.Parser.parseEndOfQuery(Parser.java:1726)
	at org.h2.command.Parser.parseSelectUnionExtension(Parser.java:1706)
	at org.h2.command.Parser.parseSelectUnion(Parser.java:1675)
	at org.h2.command.Parser.parseSelect(Parser.java:1662)
	at org.h2.command.Parser.parsePrepared(Parser.java:434)
	at org.h2.command.Parser.parse(Parser.java:306)
	at org.h2.command.Parser.parse(Parser.java:282)
	at org.h2.command.Parser.prepareCommand(Parser.java:243)
	at org.h2.engine.Session.prepareLocal(Session.java:442)
	at org.h2.engine.Session.prepareCommand(Session.java:384)
	at org.h2.jdbc.JdbcConnection.prepareCommand(JdbcConnection.java:1188)
	at org.h2.jdbc.JdbcPreparedStatement.&lt;init&gt;(JdbcPreparedStatement.java:73)
	at org.h2.jdbc.JdbcConnection.prepareStatement(JdbcConnection.java:276)
	at sun.reflect.GeneratedMethodAccessor6.invoke(Unknown Source)
	at sun.reflect.DelegatingMethodAccessorImpl.invoke(DelegatingMethodAccessorImpl.java:43)
	at java.lang.reflect.Method.invoke(Method.java:498)
	at org.apache.ibatis.datasource.pooled.PooledConnection.invoke(PooledConnection.java:245)
	at com.sun.proxy.$Proxy12.prepareStatement(Unknown Source)
	at sun.reflect.GeneratedMethodAccessor6.invoke(Unknown Source)
	at sun.reflect.DelegatingMethodAccessorImpl.invoke(DelegatingMethodAccessorImpl.java:43)
	at java.lang.reflect.Method.invoke(Method.java:498)
	at org.apache.ibatis.logging.jdbc.ConnectionLogger.invoke(ConnectionLogger.java:55)
	at com.sun.proxy.$Proxy12.prepareStatement(Unknown Source)
	at org.apache.ibatis.executor.statement.PreparedStatementHandler.instantiateStatement(PreparedStatementHandler.java:79)
	at org.apache.ibatis.executor.statement.BaseStatementHandler.prepare(BaseStatementHandler.java:88)
	at org.apache.ibatis.executor.statement.RoutingStatementHandler.prepare(RoutingStatementHandler.java:58)
	at org.apache.ibatis.executor.SimpleExecutor.prepareStatement(SimpleExecutor.java:76)
	at org.apache.ibatis.executor.SimpleExecutor.doQuery(SimpleExecutor.java:61)
	at org.apache.ibatis.executor.BaseExecutor.queryFromDatabase(BaseExecutor.java:303)
	at org.apache.ibatis.executor.BaseExecutor.query(BaseExecutor.java:154)
	at org.apache.ibatis.executor.CachingExecutor.query(CachingExecutor.java:102)
	at org.apache.ibatis.executor.CachingExecutor.query(CachingExecutor.java:82)
	at org.apache.ibatis.session.defaults.DefaultSqlSession.selectList(DefaultSqlSession.java:120)
	... 47 more
10:47:09,894 [main] DEBUG org.activiti.engine.impl.test.TestHelper  - annotation @Deployment deletes deployment for SubProcessTest.testNestedSimpleSubProcessWithoutEndEvent
10:47:09,894 [main] DEBUG org.activiti.engine.impl.interceptor.LogInterceptor  - 

10:47:09,894 [main] DEBUG org.activiti.engine.impl.interceptor.LogInterceptor  - --- starting DeleteDeploymentCmd --------------------------------------------------------
10:47:09,894 [main] DEBUG org.apache.ibatis.transaction.jdbc.JdbcTransaction  - Opening JDBC Connection
10:47:09,894 [main] DEBUG org.apache.ibatis.datasource.pooled.PooledDataSource  - Checked out connection 180014677 from pool.
10:47:09,894 [main] DEBUG org.apache.ibatis.transaction.jdbc.JdbcTransaction  - Setting autocommit to false on JDBC Connection [conn3: url=jdbc:h2:mem:activiti user=SA]
10:47:09,894 [main] DEBUG org.activiti.engine.impl.persistence.entity.DeploymentEntity.selectDeploymentById  - ==&gt;  Preparing: select * from ACT_RE_DEPLOYMENT where ID_ = ? 
10:47:09,894 [main] DEBUG org.activiti.engine.impl.persistence.entity.DeploymentEntity.selectDeploymentById  - ==&gt; Parameters: 208(String)
10:47:09,894 [main] DEBUG org.activiti.engine.impl.persistence.entity.DeploymentEntity.selectDeploymentById  - &lt;==      Total: 1
10:47:09,894 [main] DEBUG org.activiti.engine.impl.persistence.entity.ProcessDefinitionEntity.selectProcessDefinitionsByQueryCriteria  - ==&gt;  Preparing: select RES.* from ACT_RE_PROCDEF RES WHERE RES.DEPLOYMENT_ID_ = ? order by order by RES.ID_ asc LIMIT ? OFFSET ? 
10:47:09,894 [main] DEBUG org.activiti.engine.impl.interceptor.CommandContext  - Error while closing command context
org.apache.ibatis.exceptions.PersistenceException: 
### Error querying database.  Cause: org.h2.jdbc.JdbcSQLException: Syntax error in SQL statement &quot;SELECT RES.* 
       
    FROM ACT_RE_PROCDEF RES
     
     WHERE  RES.DEPLOYMENT_ID_ = ? 
   
     ORDER BY  ORDER[*] BY RES.ID_ ASC  
    LIMIT ? OFFSET ? &quot;; expected &quot;=, NOT, EXISTS, INTERSECTS, SELECT, FROM&quot;; SQL statement:
select RES.* 
       
    from ACT_RE_PROCDEF RES
     
     WHERE  RES.DEPLOYMENT_ID_ = ? 
   
     order by  order by RES.ID_ asc  
    LIMIT ? OFFSET ? [42001-176]
### The error may exist in org/activiti/db/mapping/entity/ProcessDefinition.xml
### The error may involve org.activiti.engine.impl.persistence.entity.ProcessDefinitionEntity.selectProcessDefinitionsByQueryCriteria
### The error occurred while executing a query
### SQL: select RES.*              from ACT_RE_PROCDEF RES            WHERE  RES.DEPLOYMENT_ID_ = ?           order by  order by RES.ID_ asc       LIMIT ? OFFSET ?
### Cause: org.h2.jdbc.JdbcSQLException: Syntax error in SQL statement &quot;SELECT RES.* 
       
    FROM ACT_RE_PROCDEF RES
     
     WHERE  RES.DEPLOYMENT_ID_ = ? 
   
     ORDER BY  ORDER[*] BY RES.ID_ ASC  
    LIMIT ? OFFSET ? &quot;; expected &quot;=, NOT, EXISTS, INTERSECTS, SELECT, FROM&quot;; SQL statement:
select RES.* 
       
    from ACT_RE_PROCDEF RES
     
     WHERE  RES.DEPLOYMENT_ID_ = ? 
   
     order by  order by RES.ID_ asc  
    LIMIT ? OFFSET ? [42001-176]
	at org.apache.ibatis.exceptions.ExceptionFactory.wrapException(ExceptionFactory.java:30)
	at org.apache.ibatis.session.defaults.DefaultSqlSession.selectList(DefaultSqlSession.java:122)
	at org.apache.ibatis.session.defaults.DefaultSqlSession.selectList(DefaultSqlSession.java:113)
	at org.activiti.engine.impl.db.DbSqlSession.selectListWithRawParameter(DbSqlSession.java:438)
	at org.activiti.engine.impl.db.DbSqlSession.selectList(DbSqlSession.java:429)
	at org.activiti.engine.impl.db.DbSqlSession.selectList(DbSqlSession.java:419)
	at org.activiti.engine.impl.persistence.entity.ProcessDefinitionEntityManager.findProcessDefinitionsByQueryCriteria(ProcessDefinitionEntityManager.java:57)
	at org.activiti.engine.impl.ProcessDefinitionQueryImpl.executeList(ProcessDefinitionQueryImpl.java:307)
	at org.activiti.engine.impl.AbstractQuery.list(AbstractQuery.java:140)
	at org.activiti.engine.impl.persistence.deploy.DeploymentManager.removeDeployment(DeploymentManager.java:187)
	at org.activiti.engine.impl.cmd.DeleteDeploymentCmd.execute(DeleteDeploymentCmd.java:44)
	at org.activiti.engine.impl.cmd.DeleteDeploymentCmd.execute(DeleteDeploymentCmd.java:24)
	at org.activiti.engine.impl.interceptor.CommandInvoker.execute(CommandInvoker.java:24)
	at org.activiti.engine.impl.interceptor.CommandContextInterceptor.execute(CommandContextInterceptor.java:57)
	at org.activiti.engine.impl.interceptor.LogInterceptor.execute(LogInterceptor.java:37)
	at org.activiti.engine.impl.cfg.CommandExecutorImpl.execute(CommandExecutorImpl.java:40)
	at org.activiti.engine.impl.cfg.CommandExecutorImpl.execute(CommandExecutorImpl.java:35)
	at org.activiti.engine.impl.RepositoryServiceImpl.deleteDeployment(RepositoryServiceImpl.java:90)
	at org.activiti.engine.impl.test.TestHelper.annotationDeploymentTearDown(TestHelper.java:116)
	at org.activiti.engine.impl.test.AbstractActivitiTestCase.runBare(AbstractActivitiTestCase.java:116)
	at junit.framework.TestResult$1.protect(TestResult.java:122)
	at junit.framework.TestResult.runProtected(TestResult.java:142)
	at junit.framework.TestResult.run(TestResult.java:125)
	at junit.framework.TestCase.run(TestCase.java:129)
	at junit.framework.TestSuite.runTest(TestSuite.java:255)
	at junit.framework.TestSuite.run(TestSuite.java:250)
	at org.junit.internal.runners.JUnit38ClassRunner.run(JUnit38ClassRunner.java:84)
	at org.apache.maven.surefire.junit4.JUnit4TestSet.execute(JUnit4TestSet.java:35)
	at org.apache.maven.surefire.junit4.JUnit4Provider.executeTestSet(JUnit4Provider.java:146)
	at org.apache.maven.surefire.junit4.JUnit4Provider.invoke(JUnit4Provider.java:97)
	at sun.reflect.NativeMethodAccessorImpl.invoke0(Native Method)
	at sun.reflect.NativeMethodAccessorImpl.invoke(NativeMethodAccessorImpl.java:62)
	at sun.reflect.DelegatingMethodAccessorImpl.invoke(DelegatingMethodAccessorImpl.java:43)
	at java.lang.reflect.Method.invoke(Method.java:498)
	at org.apache.maven.surefire.booter.ProviderFactory$ClassLoaderProxy.invoke(ProviderFactory.java:103)
	at com.sun.proxy.$Proxy0.invoke(Unknown Source)
	at org.apache.maven.surefire.booter.SurefireStarter.invokeProvider(SurefireStarter.java:145)
	at org.apache.maven.surefire.booter.SurefireStarter.runSuitesInProcess(SurefireStarter.java:87)
	at org.apache.maven.surefire.booter.ForkedBooter.main(ForkedBooter.java:69)
Caused by: org.h2.jdbc.JdbcSQLException: Syntax error in SQL statement &quot;SELECT RES.* 
       
    FROM ACT_RE_PROCDEF RES
     
     WHERE  RES.DEPLOYMENT_ID_ = ? 
   
     ORDER BY  ORDER[*] BY RES.ID_ ASC  
    LIMIT ? OFFSET ? &quot;; expected &quot;=, NOT, EXISTS, INTERSECTS, SELECT, FROM&quot;; SQL statement:
select RES.* 
       
    from ACT_RE_PROCDEF RES
     
     WHERE  RES.DEPLOYMENT_ID_ = ? 
   
     order by  order by RES.ID_ asc  
    LIMIT ? OFFSET ? [42001-176]
	at org.h2.message.DbException.getJdbcSQLException(DbException.java:344)
	at org.h2.message.DbException.getSyntaxError(DbException.java:204)
	at org.h2.command.Parser.getSyntaxError(Parser.java:524)
	at org.h2.command.Parser.readTerm(Parser.java:2688)
	at org.h2.command.Parser.readFactor(Parser.java:2244)
	at org.h2.command.Parser.readSum(Parser.java:2231)
	at org.h2.command.Parser.readConcat(Parser.java:2201)
	at org.h2.command.Parser.readCondition(Parser.java:2051)
	at org.h2.command.Parser.readAnd(Parser.java:2023)
	at org.h2.command.Parser.readExpression(Parser.java:2015)
	at org.h2.command.Parser.parseEndOfQuery(Parser.java:1726)
	at org.h2.command.Parser.parseSelectUnionExtension(Parser.java:1706)
	at org.h2.command.Parser.parseSelectUnion(Parser.java:1675)
	at org.h2.command.Parser.parseSelect(Parser.java:1662)
	at org.h2.command.Parser.parsePrepared(Parser.java:434)
	at org.h2.command.Parser.parse(Parser.java:306)
	at org.h2.command.Parser.parse(Parser.java:282)
	at org.h2.command.Parser.prepareCommand(Parser.java:243)
	at org.h2.engine.Session.prepareLocal(Session.java:442)
	at org.h2.engine.Session.prepareCommand(Session.java:384)
	at org.h2.jdbc.JdbcConnection.prepareCommand(JdbcConnection.java:1188)
	at org.h2.jdbc.JdbcPreparedStatement.&lt;init&gt;(JdbcPreparedStatement.java:73)
	at org.h2.jdbc.JdbcConnection.prepareStatement(JdbcConnection.java:276)
	at sun.reflect.GeneratedMethodAccessor6.invoke(Unknown Source)
	at sun.reflect.DelegatingMethodAccessorImpl.invoke(DelegatingMethodAccessorImpl.java:43)
	at java.lang.reflect.Method.invoke(Method.java:498)
	at org.apache.ibatis.datasource.pooled.PooledConnection.invoke(PooledConnection.java:245)
	at com.sun.proxy.$Proxy12.prepareStatement(Unknown Source)
	at sun.reflect.GeneratedMethodAccessor6.invoke(Unknown Source)
	at sun.reflect.DelegatingMethodAccessorImpl.invoke(DelegatingMethodAccessorImpl.java:43)
	at java.lang.reflect.Method.invoke(Method.java:498)
	at org.apache.ibatis.logging.jdbc.ConnectionLogger.invoke(ConnectionLogger.java:55)
	at com.sun.proxy.$Proxy12.prepareStatement(Unknown Source)
	at org.apache.ibatis.executor.statement.PreparedStatementHandler.instantiateStatement(PreparedStatementHandler.java:79)
	at org.apache.ibatis.executor.statement.BaseStatementHandler.prepare(BaseStatementHandler.java:88)
	at org.apache.ibatis.executor.statement.RoutingStatementHandler.prepare(RoutingStatementHandler.java:58)
	at org.apache.ibatis.executor.SimpleExecutor.prepareStatement(SimpleExecutor.java:76)
	at org.apache.ibatis.executor.SimpleExecutor.doQuery(SimpleExecutor.java:61)
	at org.apache.ibatis.executor.BaseExecutor.queryFromDatabase(BaseExecutor.java:303)
	at org.apache.ibatis.executor.BaseExecutor.query(BaseExecutor.java:154)
	at org.apache.ibatis.executor.CachingExecutor.query(CachingExecutor.java:102)
	at org.apache.ibatis.executor.CachingExecutor.query(CachingExecutor.java:82)
	at org.apache.ibatis.session.defaults.DefaultSqlSession.selectList(DefaultSqlSession.java:120)
	... 37 more
10:47:09,894 [main] DEBUG org.activiti.engine.impl.cfg.standalone.StandaloneMybatisTransactionContext  - firing event rolling back...
10:47:09,894 [main] DEBUG org.activiti.engine.impl.cfg.standalone.StandaloneMybatisTransactionContext  - rolling back ibatis sql session...
10:47:09,894 [main] DEBUG org.activiti.engine.impl.cfg.standalone.StandaloneMybatisTransactionContext  - firing event rolled back...
10:47:09,895 [main] DEBUG org.apache.ibatis.transaction.jdbc.JdbcTransaction  - Resetting autocommit to true on JDBC Connection [conn3: url=jdbc:h2:mem:activiti user=SA]
10:47:09,895 [main] DEBUG org.apache.ibatis.transaction.jdbc.JdbcTransaction  - Closing JDBC Connection [conn3: url=jdbc:h2:mem:activiti user=SA]
10:47:09,895 [main] DEBUG org.apache.ibatis.datasource.pooled.PooledDataSource  - Returned connection 180014677 to pool.
10:47:09,895 [main] DEBUG org.activiti.engine.impl.interceptor.LogInterceptor  - --- DeleteDeploymentCmd finished --------------------------------------------------------
10:47:09,895 [main] DEBUG org.activiti.engine.impl.interceptor.LogInterceptor  - 

</system-out>
  </testcase>
  <testcase classname="org.activiti.engine.test.bpmn.subprocess.SubProcessTest" name="testNestedSubProcessesWithoutEndEvents" time="0.021">
    <error message="
### Error querying database.  Cause: org.h2.jdbc.JdbcSQLException: Syntax error in SQL statement &quot;SELECT RES.* 
       
    FROM ACT_RE_PROCDEF RES
     
     WHERE  RES.DEPLOYMENT_ID_ = ? 
   
     ORDER BY  ORDER[*] BY RES.ID_ ASC  
    LIMIT ? OFFSET ? &quot;; expected &quot;=, NOT, EXISTS, INTERSECTS, SELECT, FROM&quot;; SQL statement:
select RES.* 
       
    from ACT_RE_PROCDEF RES
     
     WHERE  RES.DEPLOYMENT_ID_ = ? 
   
     order by  order by RES.ID_ asc  
    LIMIT ? OFFSET ? [42001-176]
### The error may exist in org/activiti/db/mapping/entity/ProcessDefinition.xml
### The error may involve org.activiti.engine.impl.persistence.entity.ProcessDefinitionEntity.selectProcessDefinitionsByQueryCriteria
### The error occurred while executing a query
### SQL: select RES.*              from ACT_RE_PROCDEF RES            WHERE  RES.DEPLOYMENT_ID_ = ?           order by  order by RES.ID_ asc       LIMIT ? OFFSET ?
### Cause: org.h2.jdbc.JdbcSQLException: Syntax error in SQL statement &quot;SELECT RES.* 
       
    FROM ACT_RE_PROCDEF RES
     
     WHERE  RES.DEPLOYMENT_ID_ = ? 
   
     ORDER BY  ORDER[*] BY RES.ID_ ASC  
    LIMIT ? OFFSET ? &quot;; expected &quot;=, NOT, EXISTS, INTERSECTS, SELECT, FROM&quot;; SQL statement:
select RES.* 
       
    from ACT_RE_PROCDEF RES
     
     WHERE  RES.DEPLOYMENT_ID_ = ? 
   
     order by  order by RES.ID_ asc  
    LIMIT ? OFFSET ? [42001-176]" type="org.apache.ibatis.exceptions.PersistenceException">org.apache.ibatis.exceptions.PersistenceException: 
### Error querying database.  Cause: org.h2.jdbc.JdbcSQLException: Syntax error in SQL statement &quot;SELECT RES.* 
       
    FROM ACT_RE_PROCDEF RES
     
     WHERE  RES.DEPLOYMENT_ID_ = ? 
   
     ORDER BY  ORDER[*] BY RES.ID_ ASC  
    LIMIT ? OFFSET ? &quot;; expected &quot;=, NOT, EXISTS, INTERSECTS, SELECT, FROM&quot;; SQL statement:
select RES.* 
       
    from ACT_RE_PROCDEF RES
     
     WHERE  RES.DEPLOYMENT_ID_ = ? 
   
     order by  order by RES.ID_ asc  
    LIMIT ? OFFSET ? [42001-176]
### The error may exist in org/activiti/db/mapping/entity/ProcessDefinition.xml
### The error may involve org.activiti.engine.impl.persistence.entity.ProcessDefinitionEntity.selectProcessDefinitionsByQueryCriteria
### The error occurred while executing a query
### SQL: select RES.*              from ACT_RE_PROCDEF RES            WHERE  RES.DEPLOYMENT_ID_ = ?           order by  order by RES.ID_ asc       LIMIT ? OFFSET ?
### Cause: org.h2.jdbc.JdbcSQLException: Syntax error in SQL statement &quot;SELECT RES.* 
       
    FROM ACT_RE_PROCDEF RES
     
     WHERE  RES.DEPLOYMENT_ID_ = ? 
   
     ORDER BY  ORDER[*] BY RES.ID_ ASC  
    LIMIT ? OFFSET ? &quot;; expected &quot;=, NOT, EXISTS, INTERSECTS, SELECT, FROM&quot;; SQL statement:
select RES.* 
       
    from ACT_RE_PROCDEF RES
     
     WHERE  RES.DEPLOYMENT_ID_ = ? 
   
     order by  order by RES.ID_ asc  
    LIMIT ? OFFSET ? [42001-176]
	at org.apache.ibatis.exceptions.ExceptionFactory.wrapException(ExceptionFactory.java:30)
	at org.apache.ibatis.session.defaults.DefaultSqlSession.selectList(DefaultSqlSession.java:122)
	at org.apache.ibatis.session.defaults.DefaultSqlSession.selectList(DefaultSqlSession.java:113)
	at org.activiti.engine.impl.db.DbSqlSession.selectListWithRawParameter(DbSqlSession.java:438)
	at org.activiti.engine.impl.db.DbSqlSession.selectList(DbSqlSession.java:429)
	at org.activiti.engine.impl.db.DbSqlSession.selectList(DbSqlSession.java:419)
	at org.activiti.engine.impl.persistence.entity.ProcessDefinitionEntityManager.findProcessDefinitionsByQueryCriteria(ProcessDefinitionEntityManager.java:57)
	at org.activiti.engine.impl.ProcessDefinitionQueryImpl.executeList(ProcessDefinitionQueryImpl.java:307)
	at org.activiti.engine.impl.AbstractQuery.list(AbstractQuery.java:140)
	at org.activiti.engine.impl.persistence.deploy.DeploymentManager.removeDeployment(DeploymentManager.java:187)
	at org.activiti.engine.impl.cmd.DeleteDeploymentCmd.execute(DeleteDeploymentCmd.java:44)
	at org.activiti.engine.impl.cmd.DeleteDeploymentCmd.execute(DeleteDeploymentCmd.java:24)
	at org.activiti.engine.impl.interceptor.CommandInvoker.execute(CommandInvoker.java:24)
	at org.activiti.engine.impl.interceptor.CommandContextInterceptor.execute(CommandContextInterceptor.java:57)
	at org.activiti.engine.impl.interceptor.LogInterceptor.execute(LogInterceptor.java:37)
	at org.activiti.engine.impl.cfg.CommandExecutorImpl.execute(CommandExecutorImpl.java:40)
	at org.activiti.engine.impl.cfg.CommandExecutorImpl.execute(CommandExecutorImpl.java:35)
	at org.activiti.engine.impl.RepositoryServiceImpl.deleteDeployment(RepositoryServiceImpl.java:90)
	at org.activiti.engine.impl.test.TestHelper.annotationDeploymentTearDown(TestHelper.java:116)
	at org.activiti.engine.impl.test.AbstractActivitiTestCase.runBare(AbstractActivitiTestCase.java:116)
	at junit.framework.TestResult$1.protect(TestResult.java:122)
	at junit.framework.TestResult.runProtected(TestResult.java:142)
	at junit.framework.TestResult.run(TestResult.java:125)
	at junit.framework.TestCase.run(TestCase.java:129)
	at junit.framework.TestSuite.runTest(TestSuite.java:255)
	at junit.framework.TestSuite.run(TestSuite.java:250)
	at org.junit.internal.runners.JUnit38ClassRunner.run(JUnit38ClassRunner.java:84)
	at org.apache.maven.surefire.junit4.JUnit4TestSet.execute(JUnit4TestSet.java:35)
	at org.apache.maven.surefire.junit4.JUnit4Provider.executeTestSet(JUnit4Provider.java:146)
	at org.apache.maven.surefire.junit4.JUnit4Provider.invoke(JUnit4Provider.java:97)
	at sun.reflect.NativeMethodAccessorImpl.invoke0(Native Method)
	at sun.reflect.NativeMethodAccessorImpl.invoke(NativeMethodAccessorImpl.java:62)
	at sun.reflect.DelegatingMethodAccessorImpl.invoke(DelegatingMethodAccessorImpl.java:43)
	at java.lang.reflect.Method.invoke(Method.java:498)
	at org.apache.maven.surefire.booter.ProviderFactory$ClassLoaderProxy.invoke(ProviderFactory.java:103)
	at com.sun.proxy.$Proxy0.invoke(Unknown Source)
	at org.apache.maven.surefire.booter.SurefireStarter.invokeProvider(SurefireStarter.java:145)
	at org.apache.maven.surefire.booter.SurefireStarter.runSuitesInProcess(SurefireStarter.java:87)
	at org.apache.maven.surefire.booter.ForkedBooter.main(ForkedBooter.java:69)
Caused by: org.h2.jdbc.JdbcSQLException: Syntax error in SQL statement &quot;SELECT RES.* 
       
    FROM ACT_RE_PROCDEF RES
     
     WHERE  RES.DEPLOYMENT_ID_ = ? 
   
     ORDER BY  ORDER[*] BY RES.ID_ ASC  
    LIMIT ? OFFSET ? &quot;; expected &quot;=, NOT, EXISTS, INTERSECTS, SELECT, FROM&quot;; SQL statement:
select RES.* 
       
    from ACT_RE_PROCDEF RES
     
     WHERE  RES.DEPLOYMENT_ID_ = ? 
   
     order by  order by RES.ID_ asc  
    LIMIT ? OFFSET ? [42001-176]
	at org.h2.message.DbException.getJdbcSQLException(DbException.java:344)
	at org.h2.message.DbException.getSyntaxError(DbException.java:204)
	at org.h2.command.Parser.getSyntaxError(Parser.java:524)
	at org.h2.command.Parser.readTerm(Parser.java:2688)
	at org.h2.command.Parser.readFactor(Parser.java:2244)
	at org.h2.command.Parser.readSum(Parser.java:2231)
	at org.h2.command.Parser.readConcat(Parser.java:2201)
	at org.h2.command.Parser.readCondition(Parser.java:2051)
	at org.h2.command.Parser.readAnd(Parser.java:2023)
	at org.h2.command.Parser.readExpression(Parser.java:2015)
	at org.h2.command.Parser.parseEndOfQuery(Parser.java:1726)
	at org.h2.command.Parser.parseSelectUnionExtension(Parser.java:1706)
	at org.h2.command.Parser.parseSelectUnion(Parser.java:1675)
	at org.h2.command.Parser.parseSelect(Parser.java:1662)
	at org.h2.command.Parser.parsePrepared(Parser.java:434)
	at org.h2.command.Parser.parse(Parser.java:306)
	at org.h2.command.Parser.parse(Parser.java:282)
	at org.h2.command.Parser.prepareCommand(Parser.java:243)
	at org.h2.engine.Session.prepareLocal(Session.java:442)
	at org.h2.engine.Session.prepareCommand(Session.java:384)
	at org.h2.jdbc.JdbcConnection.prepareCommand(JdbcConnection.java:1188)
	at org.h2.jdbc.JdbcPreparedStatement.&lt;init&gt;(JdbcPreparedStatement.java:73)
	at org.h2.jdbc.JdbcConnection.prepareStatement(JdbcConnection.java:276)
	at sun.reflect.GeneratedMethodAccessor6.invoke(Unknown Source)
	at sun.reflect.DelegatingMethodAccessorImpl.invoke(DelegatingMethodAccessorImpl.java:43)
	at java.lang.reflect.Method.invoke(Method.java:498)
	at org.apache.ibatis.datasource.pooled.PooledConnection.invoke(PooledConnection.java:245)
	at com.sun.proxy.$Proxy12.prepareStatement(Unknown Source)
	at sun.reflect.GeneratedMethodAccessor6.invoke(Unknown Source)
	at sun.reflect.DelegatingMethodAccessorImpl.invoke(DelegatingMethodAccessorImpl.java:43)
	at java.lang.reflect.Method.invoke(Method.java:498)
	at org.apache.ibatis.logging.jdbc.ConnectionLogger.invoke(ConnectionLogger.java:55)
	at com.sun.proxy.$Proxy12.prepareStatement(Unknown Source)
	at org.apache.ibatis.executor.statement.PreparedStatementHandler.instantiateStatement(PreparedStatementHandler.java:79)
	at org.apache.ibatis.executor.statement.BaseStatementHandler.prepare(BaseStatementHandler.java:88)
	at org.apache.ibatis.executor.statement.RoutingStatementHandler.prepare(RoutingStatementHandler.java:58)
	at org.apache.ibatis.executor.SimpleExecutor.prepareStatement(SimpleExecutor.java:76)
	at org.apache.ibatis.executor.SimpleExecutor.doQuery(SimpleExecutor.java:61)
	at org.apache.ibatis.executor.BaseExecutor.queryFromDatabase(BaseExecutor.java:303)
	at org.apache.ibatis.executor.BaseExecutor.query(BaseExecutor.java:154)
	at org.apache.ibatis.executor.CachingExecutor.query(CachingExecutor.java:102)
	at org.apache.ibatis.executor.CachingExecutor.query(CachingExecutor.java:82)
	at org.apache.ibatis.session.defaults.DefaultSqlSession.selectList(DefaultSqlSession.java:120)
	... 37 more
</error>
    <system-out>10:47:09,895 [main] DEBUG org.activiti.engine.impl.test.TestHelper  - annotation @Deployment creates deployment for SubProcessTest.testNestedSubProcessesWithoutEndEvents
10:47:09,896 [main] DEBUG org.activiti.engine.impl.interceptor.LogInterceptor  - 

10:47:09,896 [main] DEBUG org.activiti.engine.impl.interceptor.LogInterceptor  - --- starting DeployCmd --------------------------------------------------------
10:47:09,896 [main] DEBUG org.activiti.engine.impl.bpmn.deployer.BpmnDeployer  - Processing deployment SubProcessTest.testNestedSubProcessesWithoutEndEvents
10:47:09,896 [main] INFO  org.activiti.engine.impl.bpmn.deployer.BpmnDeployer  - Processing resource org/activiti/engine/test/bpmn/subprocess/SubProcessTest.testNestedSubProcessesWithoutEndEvents.bpmn20.xml
10:47:09,900 [main] DEBUG org.activiti.engine.impl.bpmn.parser.handler.ProcessParseHandler  - Parsing process testNestedSubProcessesWithoutEndEvents
10:47:09,900 [main] DEBUG org.activiti.engine.impl.bpmn.parser.handler.AbstractBpmnParseHandler  - Parsing activity outerSubProcess
10:47:09,900 [main] DEBUG org.activiti.engine.impl.bpmn.parser.handler.AbstractBpmnParseHandler  - Parsing activity innerSubProcess1
10:47:09,900 [main] DEBUG org.activiti.engine.impl.bpmn.parser.handler.AbstractBpmnParseHandler  - Parsing activity innerSubProcess
10:47:09,900 [main] DEBUG org.activiti.engine.impl.bpmn.parser.handler.AbstractBpmnParseHandler  - Parsing activity innerSubProcessTask
10:47:09,900 [main] DEBUG org.activiti.engine.impl.bpmn.parser.handler.AbstractBpmnParseHandler  - Parsing activity innerSubProcessStart
10:47:09,900 [main] DEBUG org.activiti.engine.impl.bpmn.parser.handler.AbstractBpmnParseHandler  - Parsing activity innerSubProcess1Start
10:47:09,900 [main] DEBUG org.activiti.engine.impl.bpmn.parser.handler.AbstractBpmnParseHandler  - Parsing activity outerSubProcessStart
10:47:09,900 [main] DEBUG org.activiti.engine.impl.bpmn.parser.handler.AbstractBpmnParseHandler  - Parsing activity theStart
10:47:09,900 [main] DEBUG org.apache.ibatis.transaction.jdbc.JdbcTransaction  - Opening JDBC Connection
10:47:09,900 [main] DEBUG org.apache.ibatis.datasource.pooled.PooledDataSource  - Checked out connection 486346394 from pool.
10:47:09,901 [main] DEBUG org.apache.ibatis.transaction.jdbc.JdbcTransaction  - Setting autocommit to false on JDBC Connection [conn6: url=jdbc:h2:mem:activiti user=SA]
10:47:09,901 [main] DEBUG org.activiti.engine.impl.persistence.entity.ProcessDefinitionEntity.selectLatestProcessDefinitionByKey  - ==&gt;  Preparing: select * from ACT_RE_PROCDEF where KEY_ = ? and (TENANT_ID_ = &apos;&apos; or TENANT_ID_ is null) and VERSION_ = (select max(VERSION_) from ACT_RE_PROCDEF where KEY_ = ? and (TENANT_ID_ = &apos;&apos; or TENANT_ID_ is null)) 
10:47:09,901 [main] DEBUG org.activiti.engine.impl.persistence.entity.ProcessDefinitionEntity.selectLatestProcessDefinitionByKey  - ==&gt; Parameters: testNestedSubProcessesWithoutEndEvents(String), testNestedSubProcessesWithoutEndEvents(String)
10:47:09,901 [main] DEBUG org.activiti.engine.impl.persistence.entity.ProcessDefinitionEntity.selectLatestProcessDefinitionByKey  - &lt;==      Total: 0
10:47:09,901 [main] DEBUG org.activiti.engine.impl.persistence.entity.JobEntity.selectJobByTypeAndProcessDefinitionKeyNoTenantId  - ==&gt;  Preparing: select J.* from ACT_RU_JOB J inner join ACT_RE_PROCDEF P on J.PROC_DEF_ID_ = P.ID_ where J.HANDLER_TYPE_ = ? and P.KEY_ = ? and (P.TENANT_ID_ = &apos;&apos; or P.TENANT_ID_ is null) 
10:47:09,901 [main] DEBUG org.activiti.engine.impl.persistence.entity.JobEntity.selectJobByTypeAndProcessDefinitionKeyNoTenantId  - ==&gt; Parameters: timer-start-event(String), testNestedSubProcessesWithoutEndEvents(String)
10:47:09,901 [main] DEBUG org.activiti.engine.impl.persistence.entity.JobEntity.selectJobByTypeAndProcessDefinitionKeyNoTenantId  - &lt;==      Total: 0
10:47:09,901 [main] DEBUG org.activiti.engine.impl.persistence.entity.ProcessDefinitionInfoEntity.selectProcessDefinitionInfoByProcessDefinitionId  - ==&gt;  Preparing: select * from ACT_PROCDEF_INFO where PROC_DEF_ID_ = ? 
10:47:09,901 [main] DEBUG org.activiti.engine.impl.persistence.entity.ProcessDefinitionInfoEntity.selectProcessDefinitionInfoByProcessDefinitionId  - ==&gt; Parameters: testNestedSubProcessesWithoutEndEvents:1:225(String)
10:47:09,901 [main] DEBUG org.activiti.engine.impl.persistence.entity.ProcessDefinitionInfoEntity.selectProcessDefinitionInfoByProcessDefinitionId  - &lt;==      Total: 0
10:47:09,901 [main] DEBUG org.activiti.engine.impl.interceptor.LogInterceptor  - 

10:47:09,901 [main] DEBUG org.activiti.engine.impl.interceptor.LogInterceptor  - --- starting GetProcessDefinitionInfoCmd --------------------------------------------------------
10:47:09,901 [main] DEBUG org.activiti.engine.impl.interceptor.CommandContextInterceptor  - Valid context found. Reusing it for the current command &apos;org.activiti.engine.impl.cmd.GetProcessDefinitionInfoCmd&apos;
10:47:09,901 [main] DEBUG org.activiti.engine.impl.interceptor.LogInterceptor  - 

10:47:09,901 [main] DEBUG org.activiti.engine.impl.interceptor.LogInterceptor  - --- starting  --------------------------------------------------------
10:47:09,901 [main] DEBUG org.activiti.engine.impl.interceptor.CommandContextInterceptor  - Valid context found. Reusing it for the current command &apos;null&apos;
10:47:09,901 [main] DEBUG org.activiti.engine.impl.interceptor.LogInterceptor  - ---  finished --------------------------------------------------------
10:47:09,901 [main] DEBUG org.activiti.engine.impl.interceptor.LogInterceptor  - 

10:47:09,901 [main] DEBUG org.activiti.engine.impl.interceptor.LogInterceptor  - --- GetProcessDefinitionInfoCmd finished --------------------------------------------------------
10:47:09,901 [main] DEBUG org.activiti.engine.impl.interceptor.LogInterceptor  - 

10:47:09,901 [main] DEBUG org.activiti.engine.impl.db.DbSqlSession  -   insert ResourceEntity[id=224, name=org/activiti/engine/test/bpmn/subprocess/SubProcessTest.testNestedSubProcessesWithoutEndEvents.bpmn20.xml]
10:47:09,901 [main] DEBUG org.activiti.engine.impl.db.DbSqlSession  -   insert DeploymentEntity[id=223, name=SubProcessTest.testNestedSubProcessesWithoutEndEvents]
10:47:09,901 [main] DEBUG org.activiti.engine.impl.db.DbSqlSession  -   insert ProcessDefinitionEntity[testNestedSubProcessesWithoutEndEvents:1:225]
10:47:09,901 [main] DEBUG org.activiti.engine.impl.db.DbSqlSession  - flush summary: 3 insert, 0 update, 0 delete.
10:47:09,901 [main] DEBUG org.activiti.engine.impl.db.DbSqlSession  - now executing flush...
10:47:09,901 [main] DEBUG org.activiti.engine.impl.db.DbSqlSession  - inserting: ProcessDefinitionEntity[testNestedSubProcessesWithoutEndEvents:1:225]
10:47:09,901 [main] DEBUG org.activiti.engine.impl.persistence.entity.ProcessDefinitionEntity.insertProcessDefinition  - ==&gt;  Preparing: insert into ACT_RE_PROCDEF(ID_, REV_, CATEGORY_, NAME_, KEY_, VERSION_, DEPLOYMENT_ID_, RESOURCE_NAME_, DGRM_RESOURCE_NAME_, DESCRIPTION_, HAS_START_FORM_KEY_, HAS_GRAPHICAL_NOTATION_ , SUSPENSION_STATE_, TENANT_ID_) values (?, 1, ?, ?, ?, ?, ?, ?, ?, ?, ?, ?, ?, ?) 
10:47:09,901 [main] DEBUG org.activiti.engine.impl.persistence.entity.ProcessDefinitionEntity.insertProcessDefinition  - ==&gt; Parameters: testNestedSubProcessesWithoutEndEvents:1:225(String), Examples(String), null, testNestedSubProcessesWithoutEndEvents(String), 1(Integer), 223(String), org/activiti/engine/test/bpmn/subprocess/SubProcessTest.testNestedSubProcessesWithoutEndEvents.bpmn20.xml(String), null, null, false(Boolean), false(Boolean), 1(Integer), (String)
10:47:09,901 [main] DEBUG org.activiti.engine.impl.persistence.entity.ProcessDefinitionEntity.insertProcessDefinition  - &lt;==    Updates: 1
10:47:09,901 [main] DEBUG org.activiti.engine.impl.db.DbSqlSession  - inserting: DeploymentEntity[id=223, name=SubProcessTest.testNestedSubProcessesWithoutEndEvents]
10:47:09,901 [main] DEBUG org.activiti.engine.impl.persistence.entity.DeploymentEntity.insertDeployment  - ==&gt;  Preparing: insert into ACT_RE_DEPLOYMENT(ID_, NAME_, CATEGORY_, TENANT_ID_, DEPLOY_TIME_) values(?, ?, ?, ?, ?) 
10:47:09,901 [main] DEBUG org.activiti.engine.impl.persistence.entity.DeploymentEntity.insertDeployment  - ==&gt; Parameters: 223(String), SubProcessTest.testNestedSubProcessesWithoutEndEvents(String), null, (String), 2023-03-20 10:46:46.742(Timestamp)
10:47:09,901 [main] DEBUG org.activiti.engine.impl.persistence.entity.DeploymentEntity.insertDeployment  - &lt;==    Updates: 1
10:47:09,901 [main] DEBUG org.activiti.engine.impl.db.DbSqlSession  - inserting: ResourceEntity[id=224, name=org/activiti/engine/test/bpmn/subprocess/SubProcessTest.testNestedSubProcessesWithoutEndEvents.bpmn20.xml]
10:47:09,902 [main] DEBUG org.activiti.engine.impl.persistence.entity.ResourceEntity.insertResource  - ==&gt;  Preparing: insert into ACT_GE_BYTEARRAY(ID_, REV_, NAME_, BYTES_, DEPLOYMENT_ID_, GENERATED_) values (?, 1, ?, ?, ?, ?) 
10:47:09,902 [main] DEBUG org.activiti.engine.impl.persistence.entity.ResourceEntity.insertResource  - ==&gt; Parameters: 224(String), org/activiti/engine/test/bpmn/subprocess/SubProcessTest.testNestedSubProcessesWithoutEndEvents.bpmn20.xml(String), java.io.ByteArrayInputStream@cab0abd(ByteArrayInputStream), 223(String), false(Boolean)
10:47:09,902 [main] DEBUG org.activiti.engine.impl.persistence.entity.ResourceEntity.insertResource  - &lt;==    Updates: 1
10:47:09,902 [main] DEBUG org.activiti.engine.impl.cfg.standalone.StandaloneMybatisTransactionContext  - firing event committing...
10:47:09,902 [main] DEBUG org.activiti.engine.impl.cfg.standalone.StandaloneMybatisTransactionContext  - committing the ibatis sql session...
10:47:09,902 [main] DEBUG org.apache.ibatis.transaction.jdbc.JdbcTransaction  - Committing JDBC Connection [conn6: url=jdbc:h2:mem:activiti user=SA]
10:47:09,902 [main] DEBUG org.activiti.engine.impl.cfg.standalone.StandaloneMybatisTransactionContext  - firing event committed...
10:47:09,902 [main] DEBUG org.apache.ibatis.transaction.jdbc.JdbcTransaction  - Resetting autocommit to true on JDBC Connection [conn6: url=jdbc:h2:mem:activiti user=SA]
10:47:09,902 [main] DEBUG org.apache.ibatis.transaction.jdbc.JdbcTransaction  - Closing JDBC Connection [conn6: url=jdbc:h2:mem:activiti user=SA]
10:47:09,902 [main] DEBUG org.apache.ibatis.datasource.pooled.PooledDataSource  - Returned connection 486346394 to pool.
10:47:09,902 [main] DEBUG org.activiti.engine.impl.interceptor.LogInterceptor  - --- DeployCmd finished --------------------------------------------------------
10:47:09,902 [main] DEBUG org.activiti.engine.impl.interceptor.LogInterceptor  - 

10:47:09,902 [main] DEBUG org.activiti.engine.impl.test.PvmTestCase  - 

10:47:09,902 [main] DEBUG org.activiti.engine.impl.test.PvmTestCase  - #### START SubProcessTest.testNestedSubProcessesWithoutEndEvents ###########################################################
10:47:09,903 [main] DEBUG org.activiti.engine.impl.interceptor.LogInterceptor  - 

10:47:09,903 [main] DEBUG org.activiti.engine.impl.interceptor.LogInterceptor  - --- starting StartProcessInstanceCmd --------------------------------------------------------
10:47:09,903 [main] DEBUG org.apache.ibatis.transaction.jdbc.JdbcTransaction  - Opening JDBC Connection
10:47:09,903 [main] DEBUG org.apache.ibatis.datasource.pooled.PooledDataSource  - Checked out connection 297240765 from pool.
10:47:09,903 [main] DEBUG org.apache.ibatis.transaction.jdbc.JdbcTransaction  - Setting autocommit to false on JDBC Connection [conn4: url=jdbc:h2:mem:activiti user=SA]
10:47:09,903 [main] DEBUG org.activiti.engine.impl.persistence.entity.ProcessDefinitionEntity.selectLatestProcessDefinitionByKey  - ==&gt;  Preparing: select * from ACT_RE_PROCDEF where KEY_ = ? and (TENANT_ID_ = &apos;&apos; or TENANT_ID_ is null) and VERSION_ = (select max(VERSION_) from ACT_RE_PROCDEF where KEY_ = ? and (TENANT_ID_ = &apos;&apos; or TENANT_ID_ is null)) 
10:47:09,903 [main] DEBUG org.activiti.engine.impl.persistence.entity.ProcessDefinitionEntity.selectLatestProcessDefinitionByKey  - ==&gt; Parameters: testNestedSubProcessesWithoutEndEvents(String), testNestedSubProcessesWithoutEndEvents(String)
10:47:09,903 [main] DEBUG org.activiti.engine.impl.persistence.entity.ProcessDefinitionEntity.selectLatestProcessDefinitionByKey  - &lt;==      Total: 1
10:47:09,903 [main] DEBUG org.activiti.engine.impl.persistence.entity.ExecutionEntity  - initializing ProcessInstance[226]
10:47:09,903 [main] DEBUG org.activiti.engine.impl.history.DefaultHistoryManager  - Current history level: FULL, level required: ACTIVITY
10:47:09,903 [main] DEBUG org.activiti.engine.impl.pvm.runtime.AtomicOperationActivityExecute  - ProcessInstance[226] executes Activity(theStart): org.activiti.engine.impl.bpmn.behavior.NoneStartEventActivityBehavior
10:47:09,903 [main] DEBUG org.activiti.engine.impl.persistence.entity.JobEntity.selectJobsByExecutionId  - ==&gt;  Preparing: select * from ACT_RU_JOB J where J.EXECUTION_ID_ = ? 
10:47:09,903 [main] DEBUG org.activiti.engine.impl.persistence.entity.JobEntity.selectJobsByExecutionId  - ==&gt; Parameters: 226(String)
10:47:09,903 [main] DEBUG org.activiti.engine.impl.persistence.entity.JobEntity.selectJobsByExecutionId  - &lt;==      Total: 0
10:47:09,903 [main] DEBUG org.activiti.engine.impl.bpmn.behavior.BpmnActivityBehavior  - Leaving activity &apos;theStart&apos;
10:47:09,903 [main] DEBUG org.activiti.engine.impl.history.DefaultHistoryManager  - Current history level: FULL, level required: ACTIVITY
10:47:09,903 [main] DEBUG org.activiti.engine.impl.pvm.runtime.AtomicOperationTransitionNotifyListenerTake  - ProcessInstance[226] takes transition (theStart)--flow1--&gt;(outerSubProcess)
10:47:09,903 [main] DEBUG org.activiti.engine.impl.persistence.entity.ExecutionEntity  - Child execution ScopeExecution[228] created with parent 
10:47:09,903 [main] DEBUG org.activiti.engine.impl.pvm.runtime.AtomicOperationTransitionCreateScope  - create scope: parent ProcessInstance[226] continues as execution ScopeExecution[228]
10:47:09,903 [main] DEBUG org.activiti.engine.impl.persistence.entity.ExecutionEntity  - initializing ScopeExecution[228]
10:47:09,903 [main] DEBUG org.activiti.engine.impl.history.DefaultHistoryManager  - Current history level: FULL, level required: ACTIVITY
10:47:09,903 [main] DEBUG org.activiti.engine.impl.pvm.runtime.AtomicOperationActivityExecute  - ScopeExecution[228] executes Activity(outerSubProcess): org.activiti.engine.impl.bpmn.behavior.SubProcessActivityBehavior
10:47:09,903 [main] DEBUG org.activiti.engine.impl.history.DefaultHistoryManager  - Current history level: FULL, level required: ACTIVITY
10:47:09,903 [main] DEBUG org.activiti.engine.impl.pvm.runtime.AtomicOperationActivityExecute  - ScopeExecution[228] executes Activity(outerSubProcessStart): org.activiti.engine.impl.bpmn.behavior.NoneStartEventActivityBehavior
10:47:09,904 [main] DEBUG org.activiti.engine.impl.persistence.entity.JobEntity.selectJobsByExecutionId  - ==&gt;  Preparing: select * from ACT_RU_JOB J where J.EXECUTION_ID_ = ? 
10:47:09,904 [main] DEBUG org.activiti.engine.impl.persistence.entity.JobEntity.selectJobsByExecutionId  - ==&gt; Parameters: 228(String)
10:47:09,904 [main] DEBUG org.activiti.engine.impl.persistence.entity.JobEntity.selectJobsByExecutionId  - &lt;==      Total: 0
10:47:09,904 [main] DEBUG org.activiti.engine.impl.bpmn.behavior.BpmnActivityBehavior  - Leaving activity &apos;outerSubProcessStart&apos;
10:47:09,904 [main] DEBUG org.activiti.engine.impl.history.DefaultHistoryManager  - Current history level: FULL, level required: ACTIVITY
10:47:09,904 [main] DEBUG org.activiti.engine.impl.pvm.runtime.AtomicOperationTransitionNotifyListenerTake  - ScopeExecution[228] takes transition (outerSubProcessStart)--flow2--&gt;(innerSubProcess1)
10:47:09,904 [main] DEBUG org.activiti.engine.impl.persistence.entity.ExecutionEntity  - Child execution ScopeExecution[231] created with parent 
10:47:09,904 [main] DEBUG org.activiti.engine.impl.pvm.runtime.AtomicOperationTransitionCreateScope  - create scope: parent ScopeExecution[228] continues as execution ScopeExecution[231]
10:47:09,904 [main] DEBUG org.activiti.engine.impl.persistence.entity.ExecutionEntity  - initializing ScopeExecution[231]
10:47:09,904 [main] DEBUG org.activiti.engine.impl.history.DefaultHistoryManager  - Current history level: FULL, level required: ACTIVITY
10:47:09,904 [main] DEBUG org.activiti.engine.impl.pvm.runtime.AtomicOperationActivityExecute  - ScopeExecution[231] executes Activity(innerSubProcess1): org.activiti.engine.impl.bpmn.behavior.SubProcessActivityBehavior
10:47:09,904 [main] DEBUG org.activiti.engine.impl.history.DefaultHistoryManager  - Current history level: FULL, level required: ACTIVITY
10:47:09,904 [main] DEBUG org.activiti.engine.impl.pvm.runtime.AtomicOperationActivityExecute  - ScopeExecution[231] executes Activity(innerSubProcess1Start): org.activiti.engine.impl.bpmn.behavior.NoneStartEventActivityBehavior
10:47:09,904 [main] DEBUG org.activiti.engine.impl.persistence.entity.JobEntity.selectJobsByExecutionId  - ==&gt;  Preparing: select * from ACT_RU_JOB J where J.EXECUTION_ID_ = ? 
10:47:09,904 [main] DEBUG org.activiti.engine.impl.persistence.entity.JobEntity.selectJobsByExecutionId  - ==&gt; Parameters: 231(String)
10:47:09,904 [main] DEBUG org.activiti.engine.impl.persistence.entity.JobEntity.selectJobsByExecutionId  - &lt;==      Total: 0
10:47:09,904 [main] DEBUG org.activiti.engine.impl.bpmn.behavior.BpmnActivityBehavior  - Leaving activity &apos;innerSubProcess1Start&apos;
10:47:09,904 [main] DEBUG org.activiti.engine.impl.history.DefaultHistoryManager  - Current history level: FULL, level required: ACTIVITY
10:47:09,904 [main] DEBUG org.activiti.engine.impl.pvm.runtime.AtomicOperationTransitionNotifyListenerTake  - ScopeExecution[231] takes transition (innerSubProcess1Start)--&gt;(innerSubProcess)
10:47:09,904 [main] DEBUG org.activiti.engine.impl.persistence.entity.ExecutionEntity  - Child execution ScopeExecution[234] created with parent 
10:47:09,904 [main] DEBUG org.activiti.engine.impl.pvm.runtime.AtomicOperationTransitionCreateScope  - create scope: parent ScopeExecution[231] continues as execution ScopeExecution[234]
10:47:09,904 [main] DEBUG org.activiti.engine.impl.persistence.entity.ExecutionEntity  - initializing ScopeExecution[234]
10:47:09,904 [main] DEBUG org.activiti.engine.impl.history.DefaultHistoryManager  - Current history level: FULL, level required: ACTIVITY
10:47:09,905 [main] DEBUG org.activiti.engine.impl.pvm.runtime.AtomicOperationActivityExecute  - ScopeExecution[234] executes Activity(innerSubProcess): org.activiti.engine.impl.bpmn.behavior.SubProcessActivityBehavior
10:47:09,905 [main] DEBUG org.activiti.engine.impl.history.DefaultHistoryManager  - Current history level: FULL, level required: ACTIVITY
10:47:09,905 [main] DEBUG org.activiti.engine.impl.pvm.runtime.AtomicOperationActivityExecute  - ScopeExecution[234] executes Activity(innerSubProcessStart): org.activiti.engine.impl.bpmn.behavior.NoneStartEventActivityBehavior
10:47:09,905 [main] DEBUG org.activiti.engine.impl.persistence.entity.JobEntity.selectJobsByExecutionId  - ==&gt;  Preparing: select * from ACT_RU_JOB J where J.EXECUTION_ID_ = ? 
10:47:09,905 [main] DEBUG org.activiti.engine.impl.persistence.entity.JobEntity.selectJobsByExecutionId  - ==&gt; Parameters: 234(String)
10:47:09,905 [main] DEBUG org.activiti.engine.impl.persistence.entity.JobEntity.selectJobsByExecutionId  - &lt;==      Total: 0
10:47:09,905 [main] DEBUG org.activiti.engine.impl.bpmn.behavior.BpmnActivityBehavior  - Leaving activity &apos;innerSubProcessStart&apos;
10:47:09,905 [main] DEBUG org.activiti.engine.impl.history.DefaultHistoryManager  - Current history level: FULL, level required: ACTIVITY
10:47:09,905 [main] DEBUG org.activiti.engine.impl.pvm.runtime.AtomicOperationTransitionNotifyListenerTake  - ScopeExecution[234] takes transition (innerSubProcessStart)--flow3--&gt;(innerSubProcessTask)
10:47:09,905 [main] DEBUG org.activiti.engine.impl.history.DefaultHistoryManager  - Current history level: FULL, level required: ACTIVITY
10:47:09,905 [main] DEBUG org.activiti.engine.impl.pvm.runtime.AtomicOperationActivityExecute  - ScopeExecution[234] executes Activity(innerSubProcessTask): org.activiti.engine.impl.bpmn.behavior.ScriptTaskActivityBehavior
10:47:09,905 [main] DEBUG org.activiti.engine.impl.interceptor.LogInterceptor  - 

10:47:09,905 [main] DEBUG org.activiti.engine.impl.interceptor.LogInterceptor  - --- starting  --------------------------------------------------------
10:47:09,905 [main] DEBUG org.activiti.engine.impl.interceptor.CommandContextInterceptor  - Valid context found. Reusing it for the current command &apos;null&apos;
10:47:09,905 [main] DEBUG org.activiti.engine.impl.persistence.entity.ProcessDefinitionInfoEntity.selectProcessDefinitionInfoByProcessDefinitionId  - ==&gt;  Preparing: select * from ACT_PROCDEF_INFO where PROC_DEF_ID_ = ? 
10:47:09,905 [main] DEBUG org.activiti.engine.impl.persistence.entity.ProcessDefinitionInfoEntity.selectProcessDefinitionInfoByProcessDefinitionId  - ==&gt; Parameters: testNestedSubProcessesWithoutEndEvents:1:225(String)
10:47:09,905 [main] DEBUG org.activiti.engine.impl.persistence.entity.ProcessDefinitionInfoEntity.selectProcessDefinitionInfoByProcessDefinitionId  - &lt;==      Total: 0
10:47:09,905 [main] DEBUG org.activiti.engine.impl.interceptor.LogInterceptor  - ---  finished --------------------------------------------------------
10:47:09,905 [main] DEBUG org.activiti.engine.impl.interceptor.LogInterceptor  - 

Hello from Script Task
10:47:09,910 [main] DEBUG org.activiti.engine.impl.bpmn.behavior.BpmnActivityBehavior  - Leaving activity &apos;innerSubProcessTask&apos;
10:47:09,911 [main] DEBUG org.activiti.engine.impl.bpmn.behavior.BpmnActivityBehavior  - No outgoing sequence flow found for innerSubProcessTask. Ending execution.
10:47:09,911 [main] DEBUG org.activiti.engine.impl.history.DefaultHistoryManager  - Current history level: FULL, level required: ACTIVITY
10:47:09,911 [main] DEBUG org.activiti.engine.impl.bpmn.behavior.BpmnActivityBehavior  - Leaving activity &apos;innerSubProcess&apos;
10:47:09,911 [main] DEBUG org.activiti.engine.impl.bpmn.behavior.BpmnActivityBehavior  - No outgoing sequence flow found for innerSubProcess. Ending execution.
10:47:09,911 [main] DEBUG org.activiti.engine.impl.history.DefaultHistoryManager  - Current history level: FULL, level required: ACTIVITY
10:47:09,911 [main] DEBUG org.activiti.engine.impl.persistence.entity.ExecutionEntity  - destroying ScopeExecution[234]
10:47:09,911 [main] DEBUG org.activiti.engine.impl.persistence.entity.TaskEntity.selectTasksByExecutionId  - ==&gt;  Preparing: select distinct T.* from ACT_RU_TASK T where T.EXECUTION_ID_ = ? 
10:47:09,911 [main] DEBUG org.activiti.engine.impl.persistence.entity.TaskEntity.selectTasksByExecutionId  - ==&gt; Parameters: 234(String)
10:47:09,911 [main] DEBUG org.activiti.engine.impl.persistence.entity.TaskEntity.selectTasksByExecutionId  - &lt;==      Total: 0
10:47:09,911 [main] DEBUG org.activiti.engine.impl.persistence.entity.IdentityLinkEntity.selectIdentityLinksByProcessInstance  - ==&gt;  Preparing: select * from ACT_RU_IDENTITYLINK where PROC_INST_ID_ = ? 
10:47:09,911 [main] DEBUG org.activiti.engine.impl.persistence.entity.IdentityLinkEntity.selectIdentityLinksByProcessInstance  - ==&gt; Parameters: 234(String)
10:47:09,911 [main] DEBUG org.activiti.engine.impl.persistence.entity.IdentityLinkEntity.selectIdentityLinksByProcessInstance  - &lt;==      Total: 0
10:47:09,911 [main] DEBUG org.activiti.engine.impl.bpmn.behavior.BpmnActivityBehavior  - Leaving activity &apos;innerSubProcess1&apos;
10:47:09,911 [main] DEBUG org.activiti.engine.impl.bpmn.behavior.BpmnActivityBehavior  - No outgoing sequence flow found for innerSubProcess1. Ending execution.
10:47:09,911 [main] DEBUG org.activiti.engine.impl.history.DefaultHistoryManager  - Current history level: FULL, level required: ACTIVITY
10:47:09,911 [main] DEBUG org.activiti.engine.impl.persistence.entity.ExecutionEntity  - destroying ScopeExecution[231]
10:47:09,911 [main] DEBUG org.activiti.engine.impl.persistence.entity.TaskEntity.selectTasksByExecutionId  - ==&gt;  Preparing: select distinct T.* from ACT_RU_TASK T where T.EXECUTION_ID_ = ? 
10:47:09,912 [main] DEBUG org.activiti.engine.impl.persistence.entity.TaskEntity.selectTasksByExecutionId  - ==&gt; Parameters: 231(String)
10:47:09,912 [main] DEBUG org.activiti.engine.impl.persistence.entity.TaskEntity.selectTasksByExecutionId  - &lt;==      Total: 0
10:47:09,912 [main] DEBUG org.activiti.engine.impl.persistence.entity.IdentityLinkEntity.selectIdentityLinksByProcessInstance  - ==&gt;  Preparing: select * from ACT_RU_IDENTITYLINK where PROC_INST_ID_ = ? 
10:47:09,912 [main] DEBUG org.activiti.engine.impl.persistence.entity.IdentityLinkEntity.selectIdentityLinksByProcessInstance  - ==&gt; Parameters: 231(String)
10:47:09,912 [main] DEBUG org.activiti.engine.impl.persistence.entity.IdentityLinkEntity.selectIdentityLinksByProcessInstance  - &lt;==      Total: 0
10:47:09,912 [main] DEBUG org.activiti.engine.impl.bpmn.behavior.BpmnActivityBehavior  - Leaving activity &apos;outerSubProcess&apos;
10:47:09,912 [main] DEBUG org.activiti.engine.impl.bpmn.behavior.BpmnActivityBehavior  - No outgoing sequence flow found for outerSubProcess. Ending execution.
10:47:09,912 [main] DEBUG org.activiti.engine.impl.history.DefaultHistoryManager  - Current history level: FULL, level required: ACTIVITY
10:47:09,912 [main] DEBUG org.activiti.engine.impl.persistence.entity.ExecutionEntity  - destroying ScopeExecution[228]
10:47:09,912 [main] DEBUG org.activiti.engine.impl.persistence.entity.TaskEntity.selectTasksByExecutionId  - ==&gt;  Preparing: select distinct T.* from ACT_RU_TASK T where T.EXECUTION_ID_ = ? 
10:47:09,912 [main] DEBUG org.activiti.engine.impl.persistence.entity.TaskEntity.selectTasksByExecutionId  - ==&gt; Parameters: 228(String)
10:47:09,912 [main] DEBUG org.activiti.engine.impl.persistence.entity.TaskEntity.selectTasksByExecutionId  - &lt;==      Total: 0
10:47:09,912 [main] DEBUG org.activiti.engine.impl.persistence.entity.IdentityLinkEntity.selectIdentityLinksByProcessInstance  - ==&gt;  Preparing: select * from ACT_RU_IDENTITYLINK where PROC_INST_ID_ = ? 
10:47:09,912 [main] DEBUG org.activiti.engine.impl.persistence.entity.IdentityLinkEntity.selectIdentityLinksByProcessInstance  - ==&gt; Parameters: 228(String)
10:47:09,912 [main] DEBUG org.activiti.engine.impl.persistence.entity.IdentityLinkEntity.selectIdentityLinksByProcessInstance  - &lt;==      Total: 0
10:47:09,912 [main] DEBUG org.activiti.engine.impl.history.DefaultHistoryManager  - Current history level: FULL, level required: ACTIVITY
10:47:09,912 [main] DEBUG org.activiti.engine.impl.persistence.entity.HistoricActivityInstanceEntity.selectHistoricActivityInstancesByQueryCriteria  - ==&gt;  Preparing: select RES.* from ACT_HI_ACTINST RES WHERE RES.EXECUTION_ID_ = ? and RES.ACT_ID_ = ? and RES.END_TIME_ is null order by order by RES.ID_ asc LIMIT ? OFFSET ? 
10:47:09,913 [main] DEBUG org.activiti.engine.impl.interceptor.CommandContext  - Error while closing command context
org.apache.ibatis.exceptions.PersistenceException: 
### Error querying database.  Cause: org.h2.jdbc.JdbcSQLException: Syntax error in SQL statement &quot;SELECT RES.* 
     
    FROM ACT_HI_ACTINST RES
     WHERE  RES.EXECUTION_ID_ = ?
      
      
      
        AND RES.ACT_ID_ = ?
      
      
      
      
      
      
      
      
        AND RES.END_TIME_ IS NULL 
   
     ORDER BY  ORDER[*] BY RES.ID_ ASC  
    LIMIT ? OFFSET ? &quot;; expected &quot;=, NOT, EXISTS, INTERSECTS, SELECT, FROM&quot;; SQL statement:
select RES.* 
     
    from ACT_HI_ACTINST RES
     WHERE  RES.EXECUTION_ID_ = ?
      
      
      
        and RES.ACT_ID_ = ?
      
      
      
      
      
      
      
      
        and RES.END_TIME_ is null 
   
     order by  order by RES.ID_ asc  
    LIMIT ? OFFSET ? [42001-176]
### The error may exist in org/activiti/db/mapping/entity/HistoricActivityInstance.xml
### The error may involve org.activiti.engine.impl.persistence.entity.HistoricActivityInstanceEntity.selectHistoricActivityInstancesByQueryCriteria
### The error occurred while executing a query
### SQL: select RES.*            from ACT_HI_ACTINST RES      WHERE  RES.EXECUTION_ID_ = ?                              and RES.ACT_ID_ = ?                                                                 and RES.END_TIME_ is null           order by  order by RES.ID_ asc       LIMIT ? OFFSET ?
### Cause: org.h2.jdbc.JdbcSQLException: Syntax error in SQL statement &quot;SELECT RES.* 
     
    FROM ACT_HI_ACTINST RES
     WHERE  RES.EXECUTION_ID_ = ?
      
      
      
        AND RES.ACT_ID_ = ?
      
      
      
      
      
      
      
      
        AND RES.END_TIME_ IS NULL 
   
     ORDER BY  ORDER[*] BY RES.ID_ ASC  
    LIMIT ? OFFSET ? &quot;; expected &quot;=, NOT, EXISTS, INTERSECTS, SELECT, FROM&quot;; SQL statement:
select RES.* 
     
    from ACT_HI_ACTINST RES
     WHERE  RES.EXECUTION_ID_ = ?
      
      
      
        and RES.ACT_ID_ = ?
      
      
      
      
      
      
      
      
        and RES.END_TIME_ is null 
   
     order by  order by RES.ID_ asc  
    LIMIT ? OFFSET ? [42001-176]
	at org.apache.ibatis.exceptions.ExceptionFactory.wrapException(ExceptionFactory.java:30)
	at org.apache.ibatis.session.defaults.DefaultSqlSession.selectList(DefaultSqlSession.java:122)
	at org.apache.ibatis.session.defaults.DefaultSqlSession.selectList(DefaultSqlSession.java:113)
	at org.activiti.engine.impl.db.DbSqlSession.selectListWithRawParameter(DbSqlSession.java:438)
	at org.activiti.engine.impl.db.DbSqlSession.selectList(DbSqlSession.java:429)
	at org.activiti.engine.impl.db.DbSqlSession.selectList(DbSqlSession.java:419)
	at org.activiti.engine.impl.persistence.entity.HistoricActivityInstanceEntityManager.findHistoricActivityInstancesByQueryCriteria(HistoricActivityInstanceEntityManager.java:56)
	at org.activiti.engine.impl.HistoricActivityInstanceQueryImpl.executeList(HistoricActivityInstanceQueryImpl.java:70)
	at org.activiti.engine.impl.AbstractQuery.listPage(AbstractQuery.java:151)
	at org.activiti.engine.impl.history.DefaultHistoryManager.findActivityInstance(DefaultHistoryManager.java:355)
	at org.activiti.engine.impl.history.DefaultHistoryManager.recordActivityEnd(DefaultHistoryManager.java:281)
	at org.activiti.engine.impl.history.handler.ActivityInstanceEndHandler.notify(ActivityInstanceEndHandler.java:29)
	at org.activiti.engine.impl.pvm.runtime.AbstractEventAtomicOperation.execute(AbstractEventAtomicOperation.java:42)
	at org.activiti.engine.impl.interceptor.CommandContext.performOperation(CommandContext.java:97)
	at org.activiti.engine.impl.persistence.entity.ExecutionEntity.performOperationSync(ExecutionEntity.java:636)
	at org.activiti.engine.impl.persistence.entity.ExecutionEntity.performOperation(ExecutionEntity.java:629)
	at org.activiti.engine.impl.persistence.entity.ExecutionEntity.end(ExecutionEntity.java:399)
	at org.activiti.engine.impl.pvm.runtime.AtomicOperationActivityEnd.eventNotificationsCompleted(AtomicOperationActivityEnd.java:108)
	at org.activiti.engine.impl.pvm.runtime.AbstractEventAtomicOperation.execute(AbstractEventAtomicOperation.java:56)
	at org.activiti.engine.impl.interceptor.CommandContext.performOperation(CommandContext.java:97)
	at org.activiti.engine.impl.persistence.entity.ExecutionEntity.performOperationSync(ExecutionEntity.java:636)
	at org.activiti.engine.impl.persistence.entity.ExecutionEntity.performOperation(ExecutionEntity.java:629)
	at org.activiti.engine.impl.pvm.runtime.AbstractEventAtomicOperation.execute(AbstractEventAtomicOperation.java:49)
	at org.activiti.engine.impl.interceptor.CommandContext.performOperation(CommandContext.java:97)
	at org.activiti.engine.impl.persistence.entity.ExecutionEntity.performOperationSync(ExecutionEntity.java:636)
	at org.activiti.engine.impl.persistence.entity.ExecutionEntity.performOperation(ExecutionEntity.java:629)
	at org.activiti.engine.impl.persistence.entity.ExecutionEntity.end(ExecutionEntity.java:399)
	at org.activiti.engine.impl.bpmn.behavior.BpmnActivityBehavior.performOutgoingBehavior(BpmnActivityBehavior.java:176)
	at org.activiti.engine.impl.bpmn.behavior.BpmnActivityBehavior.performDefaultOutgoingBehavior(BpmnActivityBehavior.java:66)
	at org.activiti.engine.impl.bpmn.behavior.SubProcessActivityBehavior.lastExecutionEnded(SubProcessActivityBehavior.java:67)
	at org.activiti.engine.impl.pvm.runtime.AtomicOperationActivityEnd.eventNotificationsCompleted(AtomicOperationActivityEnd.java:92)
	at org.activiti.engine.impl.pvm.runtime.AbstractEventAtomicOperation.execute(AbstractEventAtomicOperation.java:56)
	at org.activiti.engine.impl.interceptor.CommandContext.performOperation(CommandContext.java:97)
	at org.activiti.engine.impl.persistence.entity.ExecutionEntity.performOperationSync(ExecutionEntity.java:636)
	at org.activiti.engine.impl.persistence.entity.ExecutionEntity.performOperation(ExecutionEntity.java:629)
	at org.activiti.engine.impl.pvm.runtime.AbstractEventAtomicOperation.execute(AbstractEventAtomicOperation.java:49)
	at org.activiti.engine.impl.interceptor.CommandContext.performOperation(CommandContext.java:97)
	at org.activiti.engine.impl.persistence.entity.ExecutionEntity.performOperationSync(ExecutionEntity.java:636)
	at org.activiti.engine.impl.persistence.entity.ExecutionEntity.performOperation(ExecutionEntity.java:629)
	at org.activiti.engine.impl.persistence.entity.ExecutionEntity.end(ExecutionEntity.java:399)
	at org.activiti.engine.impl.bpmn.behavior.BpmnActivityBehavior.performOutgoingBehavior(BpmnActivityBehavior.java:176)
	at org.activiti.engine.impl.bpmn.behavior.BpmnActivityBehavior.performDefaultOutgoingBehavior(BpmnActivityBehavior.java:66)
	at org.activiti.engine.impl.bpmn.behavior.SubProcessActivityBehavior.lastExecutionEnded(SubProcessActivityBehavior.java:67)
	at org.activiti.engine.impl.pvm.runtime.AtomicOperationActivityEnd.eventNotificationsCompleted(AtomicOperationActivityEnd.java:92)
	at org.activiti.engine.impl.pvm.runtime.AbstractEventAtomicOperation.execute(AbstractEventAtomicOperation.java:56)
	at org.activiti.engine.impl.interceptor.CommandContext.performOperation(CommandContext.java:97)
	at org.activiti.engine.impl.persistence.entity.ExecutionEntity.performOperationSync(ExecutionEntity.java:636)
	at org.activiti.engine.impl.persistence.entity.ExecutionEntity.performOperation(ExecutionEntity.java:629)
	at org.activiti.engine.impl.pvm.runtime.AbstractEventAtomicOperation.execute(AbstractEventAtomicOperation.java:49)
	at org.activiti.engine.impl.interceptor.CommandContext.performOperation(CommandContext.java:97)
	at org.activiti.engine.impl.persistence.entity.ExecutionEntity.performOperationSync(ExecutionEntity.java:636)
	at org.activiti.engine.impl.persistence.entity.ExecutionEntity.performOperation(ExecutionEntity.java:629)
	at org.activiti.engine.impl.persistence.entity.ExecutionEntity.end(ExecutionEntity.java:399)
	at org.activiti.engine.impl.bpmn.behavior.BpmnActivityBehavior.performOutgoingBehavior(BpmnActivityBehavior.java:176)
	at org.activiti.engine.impl.bpmn.behavior.BpmnActivityBehavior.performDefaultOutgoingBehavior(BpmnActivityBehavior.java:66)
	at org.activiti.engine.impl.bpmn.behavior.SubProcessActivityBehavior.lastExecutionEnded(SubProcessActivityBehavior.java:67)
	at org.activiti.engine.impl.pvm.runtime.AtomicOperationActivityEnd.eventNotificationsCompleted(AtomicOperationActivityEnd.java:95)
	at org.activiti.engine.impl.pvm.runtime.AbstractEventAtomicOperation.execute(AbstractEventAtomicOperation.java:56)
	at org.activiti.engine.impl.interceptor.CommandContext.performOperation(CommandContext.java:97)
	at org.activiti.engine.impl.persistence.entity.ExecutionEntity.performOperationSync(ExecutionEntity.java:636)
	at org.activiti.engine.impl.persistence.entity.ExecutionEntity.performOperation(ExecutionEntity.java:629)
	at org.activiti.engine.impl.pvm.runtime.AbstractEventAtomicOperation.execute(AbstractEventAtomicOperation.java:49)
	at org.activiti.engine.impl.interceptor.CommandContext.performOperation(CommandContext.java:97)
	at org.activiti.engine.impl.persistence.entity.ExecutionEntity.performOperationSync(ExecutionEntity.java:636)
	at org.activiti.engine.impl.persistence.entity.ExecutionEntity.performOperation(ExecutionEntity.java:629)
	at org.activiti.engine.impl.persistence.entity.ExecutionEntity.end(ExecutionEntity.java:399)
	at org.activiti.engine.impl.bpmn.behavior.BpmnActivityBehavior.performOutgoingBehavior(BpmnActivityBehavior.java:176)
	at org.activiti.engine.impl.bpmn.behavior.BpmnActivityBehavior.performDefaultOutgoingBehavior(BpmnActivityBehavior.java:66)
	at org.activiti.engine.impl.bpmn.behavior.FlowNodeActivityBehavior.leave(FlowNodeActivityBehavior.java:44)
	at org.activiti.engine.impl.bpmn.behavior.AbstractBpmnActivityBehavior.leave(AbstractBpmnActivityBehavior.java:47)
	at org.activiti.engine.impl.bpmn.behavior.ScriptTaskActivityBehavior.execute(ScriptTaskActivityBehavior.java:97)
	at org.activiti.engine.impl.pvm.runtime.AtomicOperationActivityExecute.execute(AtomicOperationActivityExecute.java:60)
	at org.activiti.engine.impl.interceptor.CommandContext.performOperation(CommandContext.java:97)
	at org.activiti.engine.impl.persistence.entity.ExecutionEntity.performOperationSync(ExecutionEntity.java:636)
	at org.activiti.engine.impl.persistence.entity.ExecutionEntity.performOperation(ExecutionEntity.java:629)
	at org.activiti.engine.impl.pvm.runtime.AtomicOperationTransitionNotifyListenerStart.eventNotificationsCompleted(AtomicOperationTransitionNotifyListenerStart.java:52)
	at org.activiti.engine.impl.pvm.runtime.AbstractEventAtomicOperation.execute(AbstractEventAtomicOperation.java:56)
	at org.activiti.engine.impl.interceptor.CommandContext.performOperation(CommandContext.java:97)
	at org.activiti.engine.impl.persistence.entity.ExecutionEntity.performOperationSync(ExecutionEntity.java:636)
	at org.activiti.engine.impl.persistence.entity.ExecutionEntity.performOperation(ExecutionEntity.java:629)
	at org.activiti.engine.impl.pvm.runtime.AbstractEventAtomicOperation.execute(AbstractEventAtomicOperation.java:49)
	at org.activiti.engine.impl.interceptor.CommandContext.performOperation(CommandContext.java:97)
	at org.activiti.engine.impl.persistence.entity.ExecutionEntity.performOperationSync(ExecutionEntity.java:636)
	at org.activiti.engine.impl.persistence.entity.ExecutionEntity.performOperation(ExecutionEntity.java:629)
	at org.activiti.engine.impl.pvm.runtime.AtomicOperationTransitionCreateScope.execute(AtomicOperationTransitionCreateScope.java:49)
	at org.activiti.engine.impl.interceptor.CommandContext.performOperation(CommandContext.java:97)
	at org.activiti.engine.impl.persistence.entity.ExecutionEntity.performOperationSync(ExecutionEntity.java:636)
	at org.activiti.engine.impl.persistence.entity.ExecutionEntity.performOperation(ExecutionEntity.java:629)
	at org.activiti.engine.impl.pvm.runtime.AtomicOperationTransitionNotifyListenerTake.execute(AtomicOperationTransitionNotifyListenerTake.java:80)
	at org.activiti.engine.impl.interceptor.CommandContext.performOperation(CommandContext.java:97)
	at org.activiti.engine.impl.persistence.entity.ExecutionEntity.performOperationSync(ExecutionEntity.java:636)
	at org.activiti.engine.impl.persistence.entity.ExecutionEntity.performOperation(ExecutionEntity.java:629)
	at org.activiti.engine.impl.pvm.runtime.AtomicOperationTransitionDestroyScope.execute(AtomicOperationTransitionDestroyScope.java:116)
	at org.activiti.engine.impl.interceptor.CommandContext.performOperation(CommandContext.java:97)
	at org.activiti.engine.impl.persistence.entity.ExecutionEntity.performOperationSync(ExecutionEntity.java:636)
	at org.activiti.engine.impl.persistence.entity.ExecutionEntity.performOperation(ExecutionEntity.java:629)
	at org.activiti.engine.impl.pvm.runtime.AtomicOperationTransitionNotifyListenerEnd.eventNotificationsCompleted(AtomicOperationTransitionNotifyListenerEnd.java:35)
	at org.activiti.engine.impl.pvm.runtime.AbstractEventAtomicOperation.execute(AbstractEventAtomicOperation.java:56)
	at org.activiti.engine.impl.interceptor.CommandContext.performOperation(CommandContext.java:97)
	at org.activiti.engine.impl.persistence.entity.ExecutionEntity.performOperationSync(ExecutionEntity.java:636)
	at org.activiti.engine.impl.persistence.entity.ExecutionEntity.performOperation(ExecutionEntity.java:629)
	at org.activiti.engine.impl.pvm.runtime.AbstractEventAtomicOperation.execute(AbstractEventAtomicOperation.java:49)
	at org.activiti.engine.impl.interceptor.CommandContext.performOperation(CommandContext.java:97)
	at org.activiti.engine.impl.persistence.entity.ExecutionEntity.performOperationSync(ExecutionEntity.java:636)
	at org.activiti.engine.impl.persistence.entity.ExecutionEntity.performOperation(ExecutionEntity.java:629)
	at org.activiti.engine.impl.persistence.entity.ExecutionEntity.take(ExecutionEntity.java:453)
	at org.activiti.engine.impl.persistence.entity.ExecutionEntity.take(ExecutionEntity.java:431)
	at org.activiti.engine.impl.bpmn.behavior.BpmnActivityBehavior.performOutgoingBehavior(BpmnActivityBehavior.java:140)
	at org.activiti.engine.impl.bpmn.behavior.BpmnActivityBehavior.performDefaultOutgoingBehavior(BpmnActivityBehavior.java:66)
	at org.activiti.engine.impl.bpmn.behavior.FlowNodeActivityBehavior.leave(FlowNodeActivityBehavior.java:44)
	at org.activiti.engine.impl.bpmn.behavior.FlowNodeActivityBehavior.execute(FlowNodeActivityBehavior.java:36)
	at org.activiti.engine.impl.pvm.runtime.AtomicOperationActivityExecute.execute(AtomicOperationActivityExecute.java:60)
	at org.activiti.engine.impl.interceptor.CommandContext.performOperation(CommandContext.java:97)
	at org.activiti.engine.impl.persistence.entity.ExecutionEntity.performOperationSync(ExecutionEntity.java:636)
	at org.activiti.engine.impl.persistence.entity.ExecutionEntity.performOperation(ExecutionEntity.java:629)
	at org.activiti.engine.impl.pvm.runtime.AtomicOperationActivityStart.eventNotificationsCompleted(AtomicOperationActivityStart.java:26)
	at org.activiti.engine.impl.pvm.runtime.AbstractEventAtomicOperation.execute(AbstractEventAtomicOperation.java:56)
	at org.activiti.engine.impl.interceptor.CommandContext.performOperation(CommandContext.java:97)
	at org.activiti.engine.impl.persistence.entity.ExecutionEntity.performOperationSync(ExecutionEntity.java:636)
	at org.activiti.engine.impl.persistence.entity.ExecutionEntity.performOperation(ExecutionEntity.java:629)
	at org.activiti.engine.impl.persistence.entity.ExecutionEntity.executeActivity(ExecutionEntity.java:458)
	at org.activiti.engine.impl.bpmn.behavior.SubProcessActivityBehavior.execute(SubProcessActivityBehavior.java:55)
	at org.activiti.engine.impl.pvm.runtime.AtomicOperationActivityExecute.execute(AtomicOperationActivityExecute.java:60)
	at org.activiti.engine.impl.interceptor.CommandContext.performOperation(CommandContext.java:97)
	at org.activiti.engine.impl.persistence.entity.ExecutionEntity.performOperationSync(ExecutionEntity.java:636)
	at org.activiti.engine.impl.persistence.entity.ExecutionEntity.performOperation(ExecutionEntity.java:629)
	at org.activiti.engine.impl.pvm.runtime.AtomicOperationTransitionNotifyListenerStart.eventNotificationsCompleted(AtomicOperationTransitionNotifyListenerStart.java:52)
	at org.activiti.engine.impl.pvm.runtime.AbstractEventAtomicOperation.execute(AbstractEventAtomicOperation.java:56)
	at org.activiti.engine.impl.interceptor.CommandContext.performOperation(CommandContext.java:97)
	at org.activiti.engine.impl.persistence.entity.ExecutionEntity.performOperationSync(ExecutionEntity.java:636)
	at org.activiti.engine.impl.persistence.entity.ExecutionEntity.performOperation(ExecutionEntity.java:629)
	at org.activiti.engine.impl.pvm.runtime.AbstractEventAtomicOperation.execute(AbstractEventAtomicOperation.java:49)
	at org.activiti.engine.impl.interceptor.CommandContext.performOperation(CommandContext.java:97)
	at org.activiti.engine.impl.persistence.entity.ExecutionEntity.performOperationSync(ExecutionEntity.java:636)
	at org.activiti.engine.impl.persistence.entity.ExecutionEntity.performOperation(ExecutionEntity.java:629)
	at org.activiti.engine.impl.pvm.runtime.AtomicOperationTransitionCreateScope.execute(AtomicOperationTransitionCreateScope.java:49)
	at org.activiti.engine.impl.interceptor.CommandContext.performOperation(CommandContext.java:97)
	at org.activiti.engine.impl.persistence.entity.ExecutionEntity.performOperationSync(ExecutionEntity.java:636)
	at org.activiti.engine.impl.persistence.entity.ExecutionEntity.performOperation(ExecutionEntity.java:629)
	at org.activiti.engine.impl.pvm.runtime.AtomicOperationTransitionNotifyListenerTake.execute(AtomicOperationTransitionNotifyListenerTake.java:80)
	at org.activiti.engine.impl.interceptor.CommandContext.performOperation(CommandContext.java:97)
	at org.activiti.engine.impl.persistence.entity.ExecutionEntity.performOperationSync(ExecutionEntity.java:636)
	at org.activiti.engine.impl.persistence.entity.ExecutionEntity.performOperation(ExecutionEntity.java:629)
	at org.activiti.engine.impl.pvm.runtime.AtomicOperationTransitionDestroyScope.execute(AtomicOperationTransitionDestroyScope.java:116)
	at org.activiti.engine.impl.interceptor.CommandContext.performOperation(CommandContext.java:97)
	at org.activiti.engine.impl.persistence.entity.ExecutionEntity.performOperationSync(ExecutionEntity.java:636)
	at org.activiti.engine.impl.persistence.entity.ExecutionEntity.performOperation(ExecutionEntity.java:629)
	at org.activiti.engine.impl.pvm.runtime.AtomicOperationTransitionNotifyListenerEnd.eventNotificationsCompleted(AtomicOperationTransitionNotifyListenerEnd.java:35)
	at org.activiti.engine.impl.pvm.runtime.AbstractEventAtomicOperation.execute(AbstractEventAtomicOperation.java:56)
	at org.activiti.engine.impl.interceptor.CommandContext.performOperation(CommandContext.java:97)
	at org.activiti.engine.impl.persistence.entity.ExecutionEntity.performOperationSync(ExecutionEntity.java:636)
	at org.activiti.engine.impl.persistence.entity.ExecutionEntity.performOperation(ExecutionEntity.java:629)
	at org.activiti.engine.impl.pvm.runtime.AbstractEventAtomicOperation.execute(AbstractEventAtomicOperation.java:49)
	at org.activiti.engine.impl.interceptor.CommandContext.performOperation(CommandContext.java:97)
	at org.activiti.engine.impl.persistence.entity.ExecutionEntity.performOperationSync(ExecutionEntity.java:636)
	at org.activiti.engine.impl.persistence.entity.ExecutionEntity.performOperation(ExecutionEntity.java:629)
	at org.activiti.engine.impl.persistence.entity.ExecutionEntity.take(ExecutionEntity.java:453)
	at org.activiti.engine.impl.persistence.entity.ExecutionEntity.take(ExecutionEntity.java:431)
	at org.activiti.engine.impl.bpmn.behavior.BpmnActivityBehavior.performOutgoingBehavior(BpmnActivityBehavior.java:140)
	at org.activiti.engine.impl.bpmn.behavior.BpmnActivityBehavior.performDefaultOutgoingBehavior(BpmnActivityBehavior.java:66)
	at org.activiti.engine.impl.bpmn.behavior.FlowNodeActivityBehavior.leave(FlowNodeActivityBehavior.java:44)
	at org.activiti.engine.impl.bpmn.behavior.FlowNodeActivityBehavior.execute(FlowNodeActivityBehavior.java:36)
	at org.activiti.engine.impl.pvm.runtime.AtomicOperationActivityExecute.execute(AtomicOperationActivityExecute.java:60)
	at org.activiti.engine.impl.interceptor.CommandContext.performOperation(CommandContext.java:97)
	at org.activiti.engine.impl.persistence.entity.ExecutionEntity.performOperationSync(ExecutionEntity.java:636)
	at org.activiti.engine.impl.persistence.entity.ExecutionEntity.performOperation(ExecutionEntity.java:629)
	at org.activiti.engine.impl.pvm.runtime.AtomicOperationActivityStart.eventNotificationsCompleted(AtomicOperationActivityStart.java:26)
	at org.activiti.engine.impl.pvm.runtime.AbstractEventAtomicOperation.execute(AbstractEventAtomicOperation.java:56)
	at org.activiti.engine.impl.interceptor.CommandContext.performOperation(CommandContext.java:97)
	at org.activiti.engine.impl.persistence.entity.ExecutionEntity.performOperationSync(ExecutionEntity.java:636)
	at org.activiti.engine.impl.persistence.entity.ExecutionEntity.performOperation(ExecutionEntity.java:629)
	at org.activiti.engine.impl.persistence.entity.ExecutionEntity.executeActivity(ExecutionEntity.java:458)
	at org.activiti.engine.impl.bpmn.behavior.SubProcessActivityBehavior.execute(SubProcessActivityBehavior.java:55)
	at org.activiti.engine.impl.pvm.runtime.AtomicOperationActivityExecute.execute(AtomicOperationActivityExecute.java:60)
	at org.activiti.engine.impl.interceptor.CommandContext.performOperation(CommandContext.java:97)
	at org.activiti.engine.impl.persistence.entity.ExecutionEntity.performOperationSync(ExecutionEntity.java:636)
	at org.activiti.engine.impl.persistence.entity.ExecutionEntity.performOperation(ExecutionEntity.java:629)
	at org.activiti.engine.impl.pvm.runtime.AtomicOperationTransitionNotifyListenerStart.eventNotificationsCompleted(AtomicOperationTransitionNotifyListenerStart.java:52)
	at org.activiti.engine.impl.pvm.runtime.AbstractEventAtomicOperation.execute(AbstractEventAtomicOperation.java:56)
	at org.activiti.engine.impl.interceptor.CommandContext.performOperation(CommandContext.java:97)
	at org.activiti.engine.impl.persistence.entity.ExecutionEntity.performOperationSync(ExecutionEntity.java:636)
	at org.activiti.engine.impl.persistence.entity.ExecutionEntity.performOperation(ExecutionEntity.java:629)
	at org.activiti.engine.impl.pvm.runtime.AbstractEventAtomicOperation.execute(AbstractEventAtomicOperation.java:49)
	at org.activiti.engine.impl.interceptor.CommandContext.performOperation(CommandContext.java:97)
	at org.activiti.engine.impl.persistence.entity.ExecutionEntity.performOperationSync(ExecutionEntity.java:636)
	at org.activiti.engine.impl.persistence.entity.ExecutionEntity.performOperation(ExecutionEntity.java:629)
	at org.activiti.engine.impl.pvm.runtime.AtomicOperationTransitionCreateScope.execute(AtomicOperationTransitionCreateScope.java:49)
	at org.activiti.engine.impl.interceptor.CommandContext.performOperation(CommandContext.java:97)
	at org.activiti.engine.impl.persistence.entity.ExecutionEntity.performOperationSync(ExecutionEntity.java:636)
	at org.activiti.engine.impl.persistence.entity.ExecutionEntity.performOperation(ExecutionEntity.java:629)
	at org.activiti.engine.impl.pvm.runtime.AtomicOperationTransitionNotifyListenerTake.execute(AtomicOperationTransitionNotifyListenerTake.java:80)
	at org.activiti.engine.impl.interceptor.CommandContext.performOperation(CommandContext.java:97)
	at org.activiti.engine.impl.persistence.entity.ExecutionEntity.performOperationSync(ExecutionEntity.java:636)
	at org.activiti.engine.impl.persistence.entity.ExecutionEntity.performOperation(ExecutionEntity.java:629)
	at org.activiti.engine.impl.pvm.runtime.AtomicOperationTransitionDestroyScope.execute(AtomicOperationTransitionDestroyScope.java:116)
	at org.activiti.engine.impl.interceptor.CommandContext.performOperation(CommandContext.java:97)
	at org.activiti.engine.impl.persistence.entity.ExecutionEntity.performOperationSync(ExecutionEntity.java:636)
	at org.activiti.engine.impl.persistence.entity.ExecutionEntity.performOperation(ExecutionEntity.java:629)
	at org.activiti.engine.impl.pvm.runtime.AtomicOperationTransitionNotifyListenerEnd.eventNotificationsCompleted(AtomicOperationTransitionNotifyListenerEnd.java:35)
	at org.activiti.engine.impl.pvm.runtime.AbstractEventAtomicOperation.execute(AbstractEventAtomicOperation.java:56)
	at org.activiti.engine.impl.interceptor.CommandContext.performOperation(CommandContext.java:97)
	at org.activiti.engine.impl.persistence.entity.ExecutionEntity.performOperationSync(ExecutionEntity.java:636)
	at org.activiti.engine.impl.persistence.entity.ExecutionEntity.performOperation(ExecutionEntity.java:629)
	at org.activiti.engine.impl.pvm.runtime.AbstractEventAtomicOperation.execute(AbstractEventAtomicOperation.java:49)
	at org.activiti.engine.impl.interceptor.CommandContext.performOperation(CommandContext.java:97)
	at org.activiti.engine.impl.persistence.entity.ExecutionEntity.performOperationSync(ExecutionEntity.java:636)
	at org.activiti.engine.impl.persistence.entity.ExecutionEntity.performOperation(ExecutionEntity.java:629)
	at org.activiti.engine.impl.persistence.entity.ExecutionEntity.take(ExecutionEntity.java:453)
	at org.activiti.engine.impl.persistence.entity.ExecutionEntity.take(ExecutionEntity.java:431)
	at org.activiti.engine.impl.bpmn.behavior.BpmnActivityBehavior.performOutgoingBehavior(BpmnActivityBehavior.java:140)
	at org.activiti.engine.impl.bpmn.behavior.BpmnActivityBehavior.performDefaultOutgoingBehavior(BpmnActivityBehavior.java:66)
	at org.activiti.engine.impl.bpmn.behavior.FlowNodeActivityBehavior.leave(FlowNodeActivityBehavior.java:44)
	at org.activiti.engine.impl.bpmn.behavior.FlowNodeActivityBehavior.execute(FlowNodeActivityBehavior.java:36)
	at org.activiti.engine.impl.pvm.runtime.AtomicOperationActivityExecute.execute(AtomicOperationActivityExecute.java:60)
	at org.activiti.engine.impl.interceptor.CommandContext.performOperation(CommandContext.java:97)
	at org.activiti.engine.impl.persistence.entity.ExecutionEntity.performOperationSync(ExecutionEntity.java:636)
	at org.activiti.engine.impl.persistence.entity.ExecutionEntity.performOperation(ExecutionEntity.java:629)
	at org.activiti.engine.impl.pvm.runtime.AtomicOperationActivityStart.eventNotificationsCompleted(AtomicOperationActivityStart.java:26)
	at org.activiti.engine.impl.pvm.runtime.AbstractEventAtomicOperation.execute(AbstractEventAtomicOperation.java:56)
	at org.activiti.engine.impl.interceptor.CommandContext.performOperation(CommandContext.java:97)
	at org.activiti.engine.impl.persistence.entity.ExecutionEntity.performOperationSync(ExecutionEntity.java:636)
	at org.activiti.engine.impl.persistence.entity.ExecutionEntity.performOperation(ExecutionEntity.java:629)
	at org.activiti.engine.impl.persistence.entity.ExecutionEntity.executeActivity(ExecutionEntity.java:458)
	at org.activiti.engine.impl.bpmn.behavior.SubProcessActivityBehavior.execute(SubProcessActivityBehavior.java:55)
	at org.activiti.engine.impl.pvm.runtime.AtomicOperationActivityExecute.execute(AtomicOperationActivityExecute.java:60)
	at org.activiti.engine.impl.interceptor.CommandContext.performOperation(CommandContext.java:97)
	at org.activiti.engine.impl.persistence.entity.ExecutionEntity.performOperationSync(ExecutionEntity.java:636)
	at org.activiti.engine.impl.persistence.entity.ExecutionEntity.performOperation(ExecutionEntity.java:629)
	at org.activiti.engine.impl.pvm.runtime.AtomicOperationTransitionNotifyListenerStart.eventNotificationsCompleted(AtomicOperationTransitionNotifyListenerStart.java:52)
	at org.activiti.engine.impl.pvm.runtime.AbstractEventAtomicOperation.execute(AbstractEventAtomicOperation.java:56)
	at org.activiti.engine.impl.interceptor.CommandContext.performOperation(CommandContext.java:97)
	at org.activiti.engine.impl.persistence.entity.ExecutionEntity.performOperationSync(ExecutionEntity.java:636)
	at org.activiti.engine.impl.persistence.entity.ExecutionEntity.performOperation(ExecutionEntity.java:629)
	at org.activiti.engine.impl.pvm.runtime.AbstractEventAtomicOperation.execute(AbstractEventAtomicOperation.java:49)
	at org.activiti.engine.impl.interceptor.CommandContext.performOperation(CommandContext.java:97)
	at org.activiti.engine.impl.persistence.entity.ExecutionEntity.performOperationSync(ExecutionEntity.java:636)
	at org.activiti.engine.impl.persistence.entity.ExecutionEntity.performOperation(ExecutionEntity.java:629)
	at org.activiti.engine.impl.pvm.runtime.AtomicOperationTransitionCreateScope.execute(AtomicOperationTransitionCreateScope.java:49)
	at org.activiti.engine.impl.interceptor.CommandContext.performOperation(CommandContext.java:97)
	at org.activiti.engine.impl.persistence.entity.ExecutionEntity.performOperationSync(ExecutionEntity.java:636)
	at org.activiti.engine.impl.persistence.entity.ExecutionEntity.performOperation(ExecutionEntity.java:629)
	at org.activiti.engine.impl.pvm.runtime.AtomicOperationTransitionNotifyListenerTake.execute(AtomicOperationTransitionNotifyListenerTake.java:80)
	at org.activiti.engine.impl.interceptor.CommandContext.performOperation(CommandContext.java:97)
	at org.activiti.engine.impl.persistence.entity.ExecutionEntity.performOperationSync(ExecutionEntity.java:636)
	at org.activiti.engine.impl.persistence.entity.ExecutionEntity.performOperation(ExecutionEntity.java:629)
	at org.activiti.engine.impl.pvm.runtime.AtomicOperationTransitionDestroyScope.execute(AtomicOperationTransitionDestroyScope.java:116)
	at org.activiti.engine.impl.interceptor.CommandContext.performOperation(CommandContext.java:97)
	at org.activiti.engine.impl.persistence.entity.ExecutionEntity.performOperationSync(ExecutionEntity.java:636)
	at org.activiti.engine.impl.persistence.entity.ExecutionEntity.performOperation(ExecutionEntity.java:629)
	at org.activiti.engine.impl.pvm.runtime.AtomicOperationTransitionNotifyListenerEnd.eventNotificationsCompleted(AtomicOperationTransitionNotifyListenerEnd.java:35)
	at org.activiti.engine.impl.pvm.runtime.AbstractEventAtomicOperation.execute(AbstractEventAtomicOperation.java:56)
	at org.activiti.engine.impl.interceptor.CommandContext.performOperation(CommandContext.java:97)
	at org.activiti.engine.impl.persistence.entity.ExecutionEntity.performOperationSync(ExecutionEntity.java:636)
	at org.activiti.engine.impl.persistence.entity.ExecutionEntity.performOperation(ExecutionEntity.java:629)
	at org.activiti.engine.impl.pvm.runtime.AbstractEventAtomicOperation.execute(AbstractEventAtomicOperation.java:49)
	at org.activiti.engine.impl.interceptor.CommandContext.performOperation(CommandContext.java:97)
	at org.activiti.engine.impl.persistence.entity.ExecutionEntity.performOperationSync(ExecutionEntity.java:636)
	at org.activiti.engine.impl.persistence.entity.ExecutionEntity.performOperation(ExecutionEntity.java:629)
	at org.activiti.engine.impl.persistence.entity.ExecutionEntity.take(ExecutionEntity.java:453)
	at org.activiti.engine.impl.persistence.entity.ExecutionEntity.take(ExecutionEntity.java:431)
	at org.activiti.engine.impl.bpmn.behavior.BpmnActivityBehavior.performOutgoingBehavior(BpmnActivityBehavior.java:140)
	at org.activiti.engine.impl.bpmn.behavior.BpmnActivityBehavior.performDefaultOutgoingBehavior(BpmnActivityBehavior.java:66)
	at org.activiti.engine.impl.bpmn.behavior.FlowNodeActivityBehavior.leave(FlowNodeActivityBehavior.java:44)
	at org.activiti.engine.impl.bpmn.behavior.FlowNodeActivityBehavior.execute(FlowNodeActivityBehavior.java:36)
	at org.activiti.engine.impl.pvm.runtime.AtomicOperationActivityExecute.execute(AtomicOperationActivityExecute.java:60)
	at org.activiti.engine.impl.interceptor.CommandContext.performOperation(CommandContext.java:97)
	at org.activiti.engine.impl.persistence.entity.ExecutionEntity.performOperationSync(ExecutionEntity.java:636)
	at org.activiti.engine.impl.persistence.entity.ExecutionEntity.performOperation(ExecutionEntity.java:629)
	at org.activiti.engine.impl.pvm.runtime.AtomicOperationProcessStartInitial.eventNotificationsCompleted(AtomicOperationProcessStartInitial.java:45)
	at org.activiti.engine.impl.pvm.runtime.AbstractEventAtomicOperation.execute(AbstractEventAtomicOperation.java:56)
	at org.activiti.engine.impl.interceptor.CommandContext.performOperation(CommandContext.java:97)
	at org.activiti.engine.impl.persistence.entity.ExecutionEntity.performOperationSync(ExecutionEntity.java:636)
	at org.activiti.engine.impl.persistence.entity.ExecutionEntity.performOperation(ExecutionEntity.java:629)
	at org.activiti.engine.impl.pvm.runtime.AtomicOperationProcessStart.eventNotificationsCompleted(AtomicOperationProcessStart.java:64)
	at org.activiti.engine.impl.pvm.runtime.AbstractEventAtomicOperation.execute(AbstractEventAtomicOperation.java:56)
	at org.activiti.engine.impl.interceptor.CommandContext.performOperation(CommandContext.java:97)
	at org.activiti.engine.impl.persistence.entity.ExecutionEntity.performOperationSync(ExecutionEntity.java:636)
	at org.activiti.engine.impl.persistence.entity.ExecutionEntity.performOperation(ExecutionEntity.java:629)
	at org.activiti.engine.impl.persistence.entity.ExecutionEntity.start(ExecutionEntity.java:381)
	at org.activiti.engine.impl.cmd.StartProcessInstanceCmd.execute(StartProcessInstanceCmd.java:110)
	at org.activiti.engine.impl.cmd.StartProcessInstanceCmd.execute(StartProcessInstanceCmd.java:37)
	at org.activiti.engine.impl.interceptor.CommandInvoker.execute(CommandInvoker.java:24)
	at org.activiti.engine.impl.interceptor.CommandContextInterceptor.execute(CommandContextInterceptor.java:57)
	at org.activiti.engine.impl.interceptor.LogInterceptor.execute(LogInterceptor.java:37)
	at org.activiti.engine.impl.cfg.CommandExecutorImpl.execute(CommandExecutorImpl.java:40)
	at org.activiti.engine.impl.cfg.CommandExecutorImpl.execute(CommandExecutorImpl.java:35)
	at org.activiti.engine.impl.RuntimeServiceImpl.startProcessInstanceByKey(RuntimeServiceImpl.java:69)
	at org.activiti.engine.test.bpmn.subprocess.SubProcessTest.testNestedSubProcessesWithoutEndEvents(SubProcessTest.java:354)
	at sun.reflect.NativeMethodAccessorImpl.invoke0(Native Method)
	at sun.reflect.NativeMethodAccessorImpl.invoke(NativeMethodAccessorImpl.java:62)
	at sun.reflect.DelegatingMethodAccessorImpl.invoke(DelegatingMethodAccessorImpl.java:43)
	at java.lang.reflect.Method.invoke(Method.java:498)
	at junit.framework.TestCase.runTest(TestCase.java:176)
	at org.activiti.engine.impl.test.PvmTestCase.runTest(PvmTestCase.java:65)
	at junit.framework.TestCase.runBare(TestCase.java:141)
	at org.activiti.engine.impl.test.AbstractActivitiTestCase.runBare(AbstractActivitiTestCase.java:100)
	at junit.framework.TestResult$1.protect(TestResult.java:122)
	at junit.framework.TestResult.runProtected(TestResult.java:142)
	at junit.framework.TestResult.run(TestResult.java:125)
	at junit.framework.TestCase.run(TestCase.java:129)
	at junit.framework.TestSuite.runTest(TestSuite.java:255)
	at junit.framework.TestSuite.run(TestSuite.java:250)
	at org.junit.internal.runners.JUnit38ClassRunner.run(JUnit38ClassRunner.java:84)
	at org.apache.maven.surefire.junit4.JUnit4TestSet.execute(JUnit4TestSet.java:35)
	at org.apache.maven.surefire.junit4.JUnit4Provider.executeTestSet(JUnit4Provider.java:146)
	at org.apache.maven.surefire.junit4.JUnit4Provider.invoke(JUnit4Provider.java:97)
	at sun.reflect.NativeMethodAccessorImpl.invoke0(Native Method)
	at sun.reflect.NativeMethodAccessorImpl.invoke(NativeMethodAccessorImpl.java:62)
	at sun.reflect.DelegatingMethodAccessorImpl.invoke(DelegatingMethodAccessorImpl.java:43)
	at java.lang.reflect.Method.invoke(Method.java:498)
	at org.apache.maven.surefire.booter.ProviderFactory$ClassLoaderProxy.invoke(ProviderFactory.java:103)
	at com.sun.proxy.$Proxy0.invoke(Unknown Source)
	at org.apache.maven.surefire.booter.SurefireStarter.invokeProvider(SurefireStarter.java:145)
	at org.apache.maven.surefire.booter.SurefireStarter.runSuitesInProcess(SurefireStarter.java:87)
	at org.apache.maven.surefire.booter.ForkedBooter.main(ForkedBooter.java:69)
Caused by: org.h2.jdbc.JdbcSQLException: Syntax error in SQL statement &quot;SELECT RES.* 
     
    FROM ACT_HI_ACTINST RES
     WHERE  RES.EXECUTION_ID_ = ?
      
      
      
        AND RES.ACT_ID_ = ?
      
      
      
      
      
      
      
      
        AND RES.END_TIME_ IS NULL 
   
     ORDER BY  ORDER[*] BY RES.ID_ ASC  
    LIMIT ? OFFSET ? &quot;; expected &quot;=, NOT, EXISTS, INTERSECTS, SELECT, FROM&quot;; SQL statement:
select RES.* 
     
    from ACT_HI_ACTINST RES
     WHERE  RES.EXECUTION_ID_ = ?
      
      
      
        and RES.ACT_ID_ = ?
      
      
      
      
      
      
      
      
        and RES.END_TIME_ is null 
   
     order by  order by RES.ID_ asc  
    LIMIT ? OFFSET ? [42001-176]
	at org.h2.message.DbException.getJdbcSQLException(DbException.java:344)
	at org.h2.message.DbException.getSyntaxError(DbException.java:204)
	at org.h2.command.Parser.getSyntaxError(Parser.java:524)
	at org.h2.command.Parser.readTerm(Parser.java:2688)
	at org.h2.command.Parser.readFactor(Parser.java:2244)
	at org.h2.command.Parser.readSum(Parser.java:2231)
	at org.h2.command.Parser.readConcat(Parser.java:2201)
	at org.h2.command.Parser.readCondition(Parser.java:2051)
	at org.h2.command.Parser.readAnd(Parser.java:2023)
	at org.h2.command.Parser.readExpression(Parser.java:2015)
	at org.h2.command.Parser.parseEndOfQuery(Parser.java:1726)
	at org.h2.command.Parser.parseSelectUnionExtension(Parser.java:1706)
	at org.h2.command.Parser.parseSelectUnion(Parser.java:1675)
	at org.h2.command.Parser.parseSelect(Parser.java:1662)
	at org.h2.command.Parser.parsePrepared(Parser.java:434)
	at org.h2.command.Parser.parse(Parser.java:306)
	at org.h2.command.Parser.parse(Parser.java:282)
	at org.h2.command.Parser.prepareCommand(Parser.java:243)
	at org.h2.engine.Session.prepareLocal(Session.java:442)
	at org.h2.engine.Session.prepareCommand(Session.java:384)
	at org.h2.jdbc.JdbcConnection.prepareCommand(JdbcConnection.java:1188)
	at org.h2.jdbc.JdbcPreparedStatement.&lt;init&gt;(JdbcPreparedStatement.java:73)
	at org.h2.jdbc.JdbcConnection.prepareStatement(JdbcConnection.java:276)
	at sun.reflect.GeneratedMethodAccessor6.invoke(Unknown Source)
	at sun.reflect.DelegatingMethodAccessorImpl.invoke(DelegatingMethodAccessorImpl.java:43)
	at java.lang.reflect.Method.invoke(Method.java:498)
	at org.apache.ibatis.datasource.pooled.PooledConnection.invoke(PooledConnection.java:245)
	at com.sun.proxy.$Proxy12.prepareStatement(Unknown Source)
	at sun.reflect.GeneratedMethodAccessor6.invoke(Unknown Source)
	at sun.reflect.DelegatingMethodAccessorImpl.invoke(DelegatingMethodAccessorImpl.java:43)
	at java.lang.reflect.Method.invoke(Method.java:498)
	at org.apache.ibatis.logging.jdbc.ConnectionLogger.invoke(ConnectionLogger.java:55)
	at com.sun.proxy.$Proxy12.prepareStatement(Unknown Source)
	at org.apache.ibatis.executor.statement.PreparedStatementHandler.instantiateStatement(PreparedStatementHandler.java:79)
	at org.apache.ibatis.executor.statement.BaseStatementHandler.prepare(BaseStatementHandler.java:88)
	at org.apache.ibatis.executor.statement.RoutingStatementHandler.prepare(RoutingStatementHandler.java:58)
	at org.apache.ibatis.executor.SimpleExecutor.prepareStatement(SimpleExecutor.java:76)
	at org.apache.ibatis.executor.SimpleExecutor.doQuery(SimpleExecutor.java:61)
	at org.apache.ibatis.executor.BaseExecutor.queryFromDatabase(BaseExecutor.java:303)
	at org.apache.ibatis.executor.BaseExecutor.query(BaseExecutor.java:154)
	at org.apache.ibatis.executor.CachingExecutor.query(CachingExecutor.java:102)
	at org.apache.ibatis.executor.CachingExecutor.query(CachingExecutor.java:82)
	at org.apache.ibatis.session.defaults.DefaultSqlSession.selectList(DefaultSqlSession.java:120)
	... 313 more
10:47:09,914 [main] DEBUG org.activiti.engine.impl.cfg.standalone.StandaloneMybatisTransactionContext  - firing event rolling back...
10:47:09,914 [main] DEBUG org.activiti.engine.impl.cfg.standalone.StandaloneMybatisTransactionContext  - rolling back ibatis sql session...
10:47:09,914 [main] DEBUG org.activiti.engine.impl.cfg.standalone.StandaloneMybatisTransactionContext  - firing event rolled back...
10:47:09,914 [main] DEBUG org.apache.ibatis.transaction.jdbc.JdbcTransaction  - Resetting autocommit to true on JDBC Connection [conn4: url=jdbc:h2:mem:activiti user=SA]
10:47:09,914 [main] DEBUG org.apache.ibatis.transaction.jdbc.JdbcTransaction  - Closing JDBC Connection [conn4: url=jdbc:h2:mem:activiti user=SA]
10:47:09,914 [main] DEBUG org.apache.ibatis.datasource.pooled.PooledDataSource  - Returned connection 297240765 to pool.
10:47:09,914 [main] DEBUG org.activiti.engine.impl.interceptor.LogInterceptor  - --- StartProcessInstanceCmd finished --------------------------------------------------------
10:47:09,914 [main] DEBUG org.activiti.engine.impl.interceptor.LogInterceptor  - 

10:47:09,914 [main] ERROR org.activiti.engine.impl.test.PvmTestCase  - 

10:47:09,914 [main] ERROR org.activiti.engine.impl.test.PvmTestCase  - EXCEPTION: org.apache.ibatis.exceptions.PersistenceException: 
### Error querying database.  Cause: org.h2.jdbc.JdbcSQLException: Syntax error in SQL statement &quot;SELECT RES.* 
     
    FROM ACT_HI_ACTINST RES
     WHERE  RES.EXECUTION_ID_ = ?
      
      
      
        AND RES.ACT_ID_ = ?
      
      
      
      
      
      
      
      
        AND RES.END_TIME_ IS NULL 
   
     ORDER BY  ORDER[*] BY RES.ID_ ASC  
    LIMIT ? OFFSET ? &quot;; expected &quot;=, NOT, EXISTS, INTERSECTS, SELECT, FROM&quot;; SQL statement:
select RES.* 
     
    from ACT_HI_ACTINST RES
     WHERE  RES.EXECUTION_ID_ = ?
      
      
      
        and RES.ACT_ID_ = ?
      
      
      
      
      
      
      
      
        and RES.END_TIME_ is null 
   
     order by  order by RES.ID_ asc  
    LIMIT ? OFFSET ? [42001-176]
### The error may exist in org/activiti/db/mapping/entity/HistoricActivityInstance.xml
### The error may involve org.activiti.engine.impl.persistence.entity.HistoricActivityInstanceEntity.selectHistoricActivityInstancesByQueryCriteria
### The error occurred while executing a query
### SQL: select RES.*            from ACT_HI_ACTINST RES      WHERE  RES.EXECUTION_ID_ = ?                              and RES.ACT_ID_ = ?                                                                 and RES.END_TIME_ is null           order by  order by RES.ID_ asc       LIMIT ? OFFSET ?
### Cause: org.h2.jdbc.JdbcSQLException: Syntax error in SQL statement &quot;SELECT RES.* 
     
    FROM ACT_HI_ACTINST RES
     WHERE  RES.EXECUTION_ID_ = ?
      
      
      
        AND RES.ACT_ID_ = ?
      
      
      
      
      
      
      
      
        AND RES.END_TIME_ IS NULL 
   
     ORDER BY  ORDER[*] BY RES.ID_ ASC  
    LIMIT ? OFFSET ? &quot;; expected &quot;=, NOT, EXISTS, INTERSECTS, SELECT, FROM&quot;; SQL statement:
select RES.* 
     
    from ACT_HI_ACTINST RES
     WHERE  RES.EXECUTION_ID_ = ?
      
      
      
        and RES.ACT_ID_ = ?
      
      
      
      
      
      
      
      
        and RES.END_TIME_ is null 
   
     order by  order by RES.ID_ asc  
    LIMIT ? OFFSET ? [42001-176]
org.apache.ibatis.exceptions.PersistenceException: 
### Error querying database.  Cause: org.h2.jdbc.JdbcSQLException: Syntax error in SQL statement &quot;SELECT RES.* 
     
    FROM ACT_HI_ACTINST RES
     WHERE  RES.EXECUTION_ID_ = ?
      
      
      
        AND RES.ACT_ID_ = ?
      
      
      
      
      
      
      
      
        AND RES.END_TIME_ IS NULL 
   
     ORDER BY  ORDER[*] BY RES.ID_ ASC  
    LIMIT ? OFFSET ? &quot;; expected &quot;=, NOT, EXISTS, INTERSECTS, SELECT, FROM&quot;; SQL statement:
select RES.* 
     
    from ACT_HI_ACTINST RES
     WHERE  RES.EXECUTION_ID_ = ?
      
      
      
        and RES.ACT_ID_ = ?
      
      
      
      
      
      
      
      
        and RES.END_TIME_ is null 
   
     order by  order by RES.ID_ asc  
    LIMIT ? OFFSET ? [42001-176]
### The error may exist in org/activiti/db/mapping/entity/HistoricActivityInstance.xml
### The error may involve org.activiti.engine.impl.persistence.entity.HistoricActivityInstanceEntity.selectHistoricActivityInstancesByQueryCriteria
### The error occurred while executing a query
### SQL: select RES.*            from ACT_HI_ACTINST RES      WHERE  RES.EXECUTION_ID_ = ?                              and RES.ACT_ID_ = ?                                                                 and RES.END_TIME_ is null           order by  order by RES.ID_ asc       LIMIT ? OFFSET ?
### Cause: org.h2.jdbc.JdbcSQLException: Syntax error in SQL statement &quot;SELECT RES.* 
     
    FROM ACT_HI_ACTINST RES
     WHERE  RES.EXECUTION_ID_ = ?
      
      
      
        AND RES.ACT_ID_ = ?
      
      
      
      
      
      
      
      
        AND RES.END_TIME_ IS NULL 
   
     ORDER BY  ORDER[*] BY RES.ID_ ASC  
    LIMIT ? OFFSET ? &quot;; expected &quot;=, NOT, EXISTS, INTERSECTS, SELECT, FROM&quot;; SQL statement:
select RES.* 
     
    from ACT_HI_ACTINST RES
     WHERE  RES.EXECUTION_ID_ = ?
      
      
      
        and RES.ACT_ID_ = ?
      
      
      
      
      
      
      
      
        and RES.END_TIME_ is null 
   
     order by  order by RES.ID_ asc  
    LIMIT ? OFFSET ? [42001-176]
	at org.apache.ibatis.exceptions.ExceptionFactory.wrapException(ExceptionFactory.java:30)
	at org.apache.ibatis.session.defaults.DefaultSqlSession.selectList(DefaultSqlSession.java:122)
	at org.apache.ibatis.session.defaults.DefaultSqlSession.selectList(DefaultSqlSession.java:113)
	at org.activiti.engine.impl.db.DbSqlSession.selectListWithRawParameter(DbSqlSession.java:438)
	at org.activiti.engine.impl.db.DbSqlSession.selectList(DbSqlSession.java:429)
	at org.activiti.engine.impl.db.DbSqlSession.selectList(DbSqlSession.java:419)
	at org.activiti.engine.impl.persistence.entity.HistoricActivityInstanceEntityManager.findHistoricActivityInstancesByQueryCriteria(HistoricActivityInstanceEntityManager.java:56)
	at org.activiti.engine.impl.HistoricActivityInstanceQueryImpl.executeList(HistoricActivityInstanceQueryImpl.java:70)
	at org.activiti.engine.impl.AbstractQuery.listPage(AbstractQuery.java:151)
	at org.activiti.engine.impl.history.DefaultHistoryManager.findActivityInstance(DefaultHistoryManager.java:355)
	at org.activiti.engine.impl.history.DefaultHistoryManager.recordActivityEnd(DefaultHistoryManager.java:281)
	at org.activiti.engine.impl.history.handler.ActivityInstanceEndHandler.notify(ActivityInstanceEndHandler.java:29)
	at org.activiti.engine.impl.pvm.runtime.AbstractEventAtomicOperation.execute(AbstractEventAtomicOperation.java:42)
	at org.activiti.engine.impl.interceptor.CommandContext.performOperation(CommandContext.java:97)
	at org.activiti.engine.impl.persistence.entity.ExecutionEntity.performOperationSync(ExecutionEntity.java:636)
	at org.activiti.engine.impl.persistence.entity.ExecutionEntity.performOperation(ExecutionEntity.java:629)
	at org.activiti.engine.impl.persistence.entity.ExecutionEntity.end(ExecutionEntity.java:399)
	at org.activiti.engine.impl.pvm.runtime.AtomicOperationActivityEnd.eventNotificationsCompleted(AtomicOperationActivityEnd.java:108)
	at org.activiti.engine.impl.pvm.runtime.AbstractEventAtomicOperation.execute(AbstractEventAtomicOperation.java:56)
	at org.activiti.engine.impl.interceptor.CommandContext.performOperation(CommandContext.java:97)
	at org.activiti.engine.impl.persistence.entity.ExecutionEntity.performOperationSync(ExecutionEntity.java:636)
	at org.activiti.engine.impl.persistence.entity.ExecutionEntity.performOperation(ExecutionEntity.java:629)
	at org.activiti.engine.impl.pvm.runtime.AbstractEventAtomicOperation.execute(AbstractEventAtomicOperation.java:49)
	at org.activiti.engine.impl.interceptor.CommandContext.performOperation(CommandContext.java:97)
	at org.activiti.engine.impl.persistence.entity.ExecutionEntity.performOperationSync(ExecutionEntity.java:636)
	at org.activiti.engine.impl.persistence.entity.ExecutionEntity.performOperation(ExecutionEntity.java:629)
	at org.activiti.engine.impl.persistence.entity.ExecutionEntity.end(ExecutionEntity.java:399)
	at org.activiti.engine.impl.bpmn.behavior.BpmnActivityBehavior.performOutgoingBehavior(BpmnActivityBehavior.java:176)
	at org.activiti.engine.impl.bpmn.behavior.BpmnActivityBehavior.performDefaultOutgoingBehavior(BpmnActivityBehavior.java:66)
	at org.activiti.engine.impl.bpmn.behavior.SubProcessActivityBehavior.lastExecutionEnded(SubProcessActivityBehavior.java:67)
	at org.activiti.engine.impl.pvm.runtime.AtomicOperationActivityEnd.eventNotificationsCompleted(AtomicOperationActivityEnd.java:92)
	at org.activiti.engine.impl.pvm.runtime.AbstractEventAtomicOperation.execute(AbstractEventAtomicOperation.java:56)
	at org.activiti.engine.impl.interceptor.CommandContext.performOperation(CommandContext.java:97)
	at org.activiti.engine.impl.persistence.entity.ExecutionEntity.performOperationSync(ExecutionEntity.java:636)
	at org.activiti.engine.impl.persistence.entity.ExecutionEntity.performOperation(ExecutionEntity.java:629)
	at org.activiti.engine.impl.pvm.runtime.AbstractEventAtomicOperation.execute(AbstractEventAtomicOperation.java:49)
	at org.activiti.engine.impl.interceptor.CommandContext.performOperation(CommandContext.java:97)
	at org.activiti.engine.impl.persistence.entity.ExecutionEntity.performOperationSync(ExecutionEntity.java:636)
	at org.activiti.engine.impl.persistence.entity.ExecutionEntity.performOperation(ExecutionEntity.java:629)
	at org.activiti.engine.impl.persistence.entity.ExecutionEntity.end(ExecutionEntity.java:399)
	at org.activiti.engine.impl.bpmn.behavior.BpmnActivityBehavior.performOutgoingBehavior(BpmnActivityBehavior.java:176)
	at org.activiti.engine.impl.bpmn.behavior.BpmnActivityBehavior.performDefaultOutgoingBehavior(BpmnActivityBehavior.java:66)
	at org.activiti.engine.impl.bpmn.behavior.SubProcessActivityBehavior.lastExecutionEnded(SubProcessActivityBehavior.java:67)
	at org.activiti.engine.impl.pvm.runtime.AtomicOperationActivityEnd.eventNotificationsCompleted(AtomicOperationActivityEnd.java:92)
	at org.activiti.engine.impl.pvm.runtime.AbstractEventAtomicOperation.execute(AbstractEventAtomicOperation.java:56)
	at org.activiti.engine.impl.interceptor.CommandContext.performOperation(CommandContext.java:97)
	at org.activiti.engine.impl.persistence.entity.ExecutionEntity.performOperationSync(ExecutionEntity.java:636)
	at org.activiti.engine.impl.persistence.entity.ExecutionEntity.performOperation(ExecutionEntity.java:629)
	at org.activiti.engine.impl.pvm.runtime.AbstractEventAtomicOperation.execute(AbstractEventAtomicOperation.java:49)
	at org.activiti.engine.impl.interceptor.CommandContext.performOperation(CommandContext.java:97)
	at org.activiti.engine.impl.persistence.entity.ExecutionEntity.performOperationSync(ExecutionEntity.java:636)
	at org.activiti.engine.impl.persistence.entity.ExecutionEntity.performOperation(ExecutionEntity.java:629)
	at org.activiti.engine.impl.persistence.entity.ExecutionEntity.end(ExecutionEntity.java:399)
	at org.activiti.engine.impl.bpmn.behavior.BpmnActivityBehavior.performOutgoingBehavior(BpmnActivityBehavior.java:176)
	at org.activiti.engine.impl.bpmn.behavior.BpmnActivityBehavior.performDefaultOutgoingBehavior(BpmnActivityBehavior.java:66)
	at org.activiti.engine.impl.bpmn.behavior.SubProcessActivityBehavior.lastExecutionEnded(SubProcessActivityBehavior.java:67)
	at org.activiti.engine.impl.pvm.runtime.AtomicOperationActivityEnd.eventNotificationsCompleted(AtomicOperationActivityEnd.java:95)
	at org.activiti.engine.impl.pvm.runtime.AbstractEventAtomicOperation.execute(AbstractEventAtomicOperation.java:56)
	at org.activiti.engine.impl.interceptor.CommandContext.performOperation(CommandContext.java:97)
	at org.activiti.engine.impl.persistence.entity.ExecutionEntity.performOperationSync(ExecutionEntity.java:636)
	at org.activiti.engine.impl.persistence.entity.ExecutionEntity.performOperation(ExecutionEntity.java:629)
	at org.activiti.engine.impl.pvm.runtime.AbstractEventAtomicOperation.execute(AbstractEventAtomicOperation.java:49)
	at org.activiti.engine.impl.interceptor.CommandContext.performOperation(CommandContext.java:97)
	at org.activiti.engine.impl.persistence.entity.ExecutionEntity.performOperationSync(ExecutionEntity.java:636)
	at org.activiti.engine.impl.persistence.entity.ExecutionEntity.performOperation(ExecutionEntity.java:629)
	at org.activiti.engine.impl.persistence.entity.ExecutionEntity.end(ExecutionEntity.java:399)
	at org.activiti.engine.impl.bpmn.behavior.BpmnActivityBehavior.performOutgoingBehavior(BpmnActivityBehavior.java:176)
	at org.activiti.engine.impl.bpmn.behavior.BpmnActivityBehavior.performDefaultOutgoingBehavior(BpmnActivityBehavior.java:66)
	at org.activiti.engine.impl.bpmn.behavior.FlowNodeActivityBehavior.leave(FlowNodeActivityBehavior.java:44)
	at org.activiti.engine.impl.bpmn.behavior.AbstractBpmnActivityBehavior.leave(AbstractBpmnActivityBehavior.java:47)
	at org.activiti.engine.impl.bpmn.behavior.ScriptTaskActivityBehavior.execute(ScriptTaskActivityBehavior.java:97)
	at org.activiti.engine.impl.pvm.runtime.AtomicOperationActivityExecute.execute(AtomicOperationActivityExecute.java:60)
	at org.activiti.engine.impl.interceptor.CommandContext.performOperation(CommandContext.java:97)
	at org.activiti.engine.impl.persistence.entity.ExecutionEntity.performOperationSync(ExecutionEntity.java:636)
	at org.activiti.engine.impl.persistence.entity.ExecutionEntity.performOperation(ExecutionEntity.java:629)
	at org.activiti.engine.impl.pvm.runtime.AtomicOperationTransitionNotifyListenerStart.eventNotificationsCompleted(AtomicOperationTransitionNotifyListenerStart.java:52)
	at org.activiti.engine.impl.pvm.runtime.AbstractEventAtomicOperation.execute(AbstractEventAtomicOperation.java:56)
	at org.activiti.engine.impl.interceptor.CommandContext.performOperation(CommandContext.java:97)
	at org.activiti.engine.impl.persistence.entity.ExecutionEntity.performOperationSync(ExecutionEntity.java:636)
	at org.activiti.engine.impl.persistence.entity.ExecutionEntity.performOperation(ExecutionEntity.java:629)
	at org.activiti.engine.impl.pvm.runtime.AbstractEventAtomicOperation.execute(AbstractEventAtomicOperation.java:49)
	at org.activiti.engine.impl.interceptor.CommandContext.performOperation(CommandContext.java:97)
	at org.activiti.engine.impl.persistence.entity.ExecutionEntity.performOperationSync(ExecutionEntity.java:636)
	at org.activiti.engine.impl.persistence.entity.ExecutionEntity.performOperation(ExecutionEntity.java:629)
	at org.activiti.engine.impl.pvm.runtime.AtomicOperationTransitionCreateScope.execute(AtomicOperationTransitionCreateScope.java:49)
	at org.activiti.engine.impl.interceptor.CommandContext.performOperation(CommandContext.java:97)
	at org.activiti.engine.impl.persistence.entity.ExecutionEntity.performOperationSync(ExecutionEntity.java:636)
	at org.activiti.engine.impl.persistence.entity.ExecutionEntity.performOperation(ExecutionEntity.java:629)
	at org.activiti.engine.impl.pvm.runtime.AtomicOperationTransitionNotifyListenerTake.execute(AtomicOperationTransitionNotifyListenerTake.java:80)
	at org.activiti.engine.impl.interceptor.CommandContext.performOperation(CommandContext.java:97)
	at org.activiti.engine.impl.persistence.entity.ExecutionEntity.performOperationSync(ExecutionEntity.java:636)
	at org.activiti.engine.impl.persistence.entity.ExecutionEntity.performOperation(ExecutionEntity.java:629)
	at org.activiti.engine.impl.pvm.runtime.AtomicOperationTransitionDestroyScope.execute(AtomicOperationTransitionDestroyScope.java:116)
	at org.activiti.engine.impl.interceptor.CommandContext.performOperation(CommandContext.java:97)
	at org.activiti.engine.impl.persistence.entity.ExecutionEntity.performOperationSync(ExecutionEntity.java:636)
	at org.activiti.engine.impl.persistence.entity.ExecutionEntity.performOperation(ExecutionEntity.java:629)
	at org.activiti.engine.impl.pvm.runtime.AtomicOperationTransitionNotifyListenerEnd.eventNotificationsCompleted(AtomicOperationTransitionNotifyListenerEnd.java:35)
	at org.activiti.engine.impl.pvm.runtime.AbstractEventAtomicOperation.execute(AbstractEventAtomicOperation.java:56)
	at org.activiti.engine.impl.interceptor.CommandContext.performOperation(CommandContext.java:97)
	at org.activiti.engine.impl.persistence.entity.ExecutionEntity.performOperationSync(ExecutionEntity.java:636)
	at org.activiti.engine.impl.persistence.entity.ExecutionEntity.performOperation(ExecutionEntity.java:629)
	at org.activiti.engine.impl.pvm.runtime.AbstractEventAtomicOperation.execute(AbstractEventAtomicOperation.java:49)
	at org.activiti.engine.impl.interceptor.CommandContext.performOperation(CommandContext.java:97)
	at org.activiti.engine.impl.persistence.entity.ExecutionEntity.performOperationSync(ExecutionEntity.java:636)
	at org.activiti.engine.impl.persistence.entity.ExecutionEntity.performOperation(ExecutionEntity.java:629)
	at org.activiti.engine.impl.persistence.entity.ExecutionEntity.take(ExecutionEntity.java:453)
	at org.activiti.engine.impl.persistence.entity.ExecutionEntity.take(ExecutionEntity.java:431)
	at org.activiti.engine.impl.bpmn.behavior.BpmnActivityBehavior.performOutgoingBehavior(BpmnActivityBehavior.java:140)
	at org.activiti.engine.impl.bpmn.behavior.BpmnActivityBehavior.performDefaultOutgoingBehavior(BpmnActivityBehavior.java:66)
	at org.activiti.engine.impl.bpmn.behavior.FlowNodeActivityBehavior.leave(FlowNodeActivityBehavior.java:44)
	at org.activiti.engine.impl.bpmn.behavior.FlowNodeActivityBehavior.execute(FlowNodeActivityBehavior.java:36)
	at org.activiti.engine.impl.pvm.runtime.AtomicOperationActivityExecute.execute(AtomicOperationActivityExecute.java:60)
	at org.activiti.engine.impl.interceptor.CommandContext.performOperation(CommandContext.java:97)
	at org.activiti.engine.impl.persistence.entity.ExecutionEntity.performOperationSync(ExecutionEntity.java:636)
	at org.activiti.engine.impl.persistence.entity.ExecutionEntity.performOperation(ExecutionEntity.java:629)
	at org.activiti.engine.impl.pvm.runtime.AtomicOperationActivityStart.eventNotificationsCompleted(AtomicOperationActivityStart.java:26)
	at org.activiti.engine.impl.pvm.runtime.AbstractEventAtomicOperation.execute(AbstractEventAtomicOperation.java:56)
	at org.activiti.engine.impl.interceptor.CommandContext.performOperation(CommandContext.java:97)
	at org.activiti.engine.impl.persistence.entity.ExecutionEntity.performOperationSync(ExecutionEntity.java:636)
	at org.activiti.engine.impl.persistence.entity.ExecutionEntity.performOperation(ExecutionEntity.java:629)
	at org.activiti.engine.impl.persistence.entity.ExecutionEntity.executeActivity(ExecutionEntity.java:458)
	at org.activiti.engine.impl.bpmn.behavior.SubProcessActivityBehavior.execute(SubProcessActivityBehavior.java:55)
	at org.activiti.engine.impl.pvm.runtime.AtomicOperationActivityExecute.execute(AtomicOperationActivityExecute.java:60)
	at org.activiti.engine.impl.interceptor.CommandContext.performOperation(CommandContext.java:97)
	at org.activiti.engine.impl.persistence.entity.ExecutionEntity.performOperationSync(ExecutionEntity.java:636)
	at org.activiti.engine.impl.persistence.entity.ExecutionEntity.performOperation(ExecutionEntity.java:629)
	at org.activiti.engine.impl.pvm.runtime.AtomicOperationTransitionNotifyListenerStart.eventNotificationsCompleted(AtomicOperationTransitionNotifyListenerStart.java:52)
	at org.activiti.engine.impl.pvm.runtime.AbstractEventAtomicOperation.execute(AbstractEventAtomicOperation.java:56)
	at org.activiti.engine.impl.interceptor.CommandContext.performOperation(CommandContext.java:97)
	at org.activiti.engine.impl.persistence.entity.ExecutionEntity.performOperationSync(ExecutionEntity.java:636)
	at org.activiti.engine.impl.persistence.entity.ExecutionEntity.performOperation(ExecutionEntity.java:629)
	at org.activiti.engine.impl.pvm.runtime.AbstractEventAtomicOperation.execute(AbstractEventAtomicOperation.java:49)
	at org.activiti.engine.impl.interceptor.CommandContext.performOperation(CommandContext.java:97)
	at org.activiti.engine.impl.persistence.entity.ExecutionEntity.performOperationSync(ExecutionEntity.java:636)
	at org.activiti.engine.impl.persistence.entity.ExecutionEntity.performOperation(ExecutionEntity.java:629)
	at org.activiti.engine.impl.pvm.runtime.AtomicOperationTransitionCreateScope.execute(AtomicOperationTransitionCreateScope.java:49)
	at org.activiti.engine.impl.interceptor.CommandContext.performOperation(CommandContext.java:97)
	at org.activiti.engine.impl.persistence.entity.ExecutionEntity.performOperationSync(ExecutionEntity.java:636)
	at org.activiti.engine.impl.persistence.entity.ExecutionEntity.performOperation(ExecutionEntity.java:629)
	at org.activiti.engine.impl.pvm.runtime.AtomicOperationTransitionNotifyListenerTake.execute(AtomicOperationTransitionNotifyListenerTake.java:80)
	at org.activiti.engine.impl.interceptor.CommandContext.performOperation(CommandContext.java:97)
	at org.activiti.engine.impl.persistence.entity.ExecutionEntity.performOperationSync(ExecutionEntity.java:636)
	at org.activiti.engine.impl.persistence.entity.ExecutionEntity.performOperation(ExecutionEntity.java:629)
	at org.activiti.engine.impl.pvm.runtime.AtomicOperationTransitionDestroyScope.execute(AtomicOperationTransitionDestroyScope.java:116)
	at org.activiti.engine.impl.interceptor.CommandContext.performOperation(CommandContext.java:97)
	at org.activiti.engine.impl.persistence.entity.ExecutionEntity.performOperationSync(ExecutionEntity.java:636)
	at org.activiti.engine.impl.persistence.entity.ExecutionEntity.performOperation(ExecutionEntity.java:629)
	at org.activiti.engine.impl.pvm.runtime.AtomicOperationTransitionNotifyListenerEnd.eventNotificationsCompleted(AtomicOperationTransitionNotifyListenerEnd.java:35)
	at org.activiti.engine.impl.pvm.runtime.AbstractEventAtomicOperation.execute(AbstractEventAtomicOperation.java:56)
	at org.activiti.engine.impl.interceptor.CommandContext.performOperation(CommandContext.java:97)
	at org.activiti.engine.impl.persistence.entity.ExecutionEntity.performOperationSync(ExecutionEntity.java:636)
	at org.activiti.engine.impl.persistence.entity.ExecutionEntity.performOperation(ExecutionEntity.java:629)
	at org.activiti.engine.impl.pvm.runtime.AbstractEventAtomicOperation.execute(AbstractEventAtomicOperation.java:49)
	at org.activiti.engine.impl.interceptor.CommandContext.performOperation(CommandContext.java:97)
	at org.activiti.engine.impl.persistence.entity.ExecutionEntity.performOperationSync(ExecutionEntity.java:636)
	at org.activiti.engine.impl.persistence.entity.ExecutionEntity.performOperation(ExecutionEntity.java:629)
	at org.activiti.engine.impl.persistence.entity.ExecutionEntity.take(ExecutionEntity.java:453)
	at org.activiti.engine.impl.persistence.entity.ExecutionEntity.take(ExecutionEntity.java:431)
	at org.activiti.engine.impl.bpmn.behavior.BpmnActivityBehavior.performOutgoingBehavior(BpmnActivityBehavior.java:140)
	at org.activiti.engine.impl.bpmn.behavior.BpmnActivityBehavior.performDefaultOutgoingBehavior(BpmnActivityBehavior.java:66)
	at org.activiti.engine.impl.bpmn.behavior.FlowNodeActivityBehavior.leave(FlowNodeActivityBehavior.java:44)
	at org.activiti.engine.impl.bpmn.behavior.FlowNodeActivityBehavior.execute(FlowNodeActivityBehavior.java:36)
	at org.activiti.engine.impl.pvm.runtime.AtomicOperationActivityExecute.execute(AtomicOperationActivityExecute.java:60)
	at org.activiti.engine.impl.interceptor.CommandContext.performOperation(CommandContext.java:97)
	at org.activiti.engine.impl.persistence.entity.ExecutionEntity.performOperationSync(ExecutionEntity.java:636)
	at org.activiti.engine.impl.persistence.entity.ExecutionEntity.performOperation(ExecutionEntity.java:629)
	at org.activiti.engine.impl.pvm.runtime.AtomicOperationActivityStart.eventNotificationsCompleted(AtomicOperationActivityStart.java:26)
	at org.activiti.engine.impl.pvm.runtime.AbstractEventAtomicOperation.execute(AbstractEventAtomicOperation.java:56)
	at org.activiti.engine.impl.interceptor.CommandContext.performOperation(CommandContext.java:97)
	at org.activiti.engine.impl.persistence.entity.ExecutionEntity.performOperationSync(ExecutionEntity.java:636)
	at org.activiti.engine.impl.persistence.entity.ExecutionEntity.performOperation(ExecutionEntity.java:629)
	at org.activiti.engine.impl.persistence.entity.ExecutionEntity.executeActivity(ExecutionEntity.java:458)
	at org.activiti.engine.impl.bpmn.behavior.SubProcessActivityBehavior.execute(SubProcessActivityBehavior.java:55)
	at org.activiti.engine.impl.pvm.runtime.AtomicOperationActivityExecute.execute(AtomicOperationActivityExecute.java:60)
	at org.activiti.engine.impl.interceptor.CommandContext.performOperation(CommandContext.java:97)
	at org.activiti.engine.impl.persistence.entity.ExecutionEntity.performOperationSync(ExecutionEntity.java:636)
	at org.activiti.engine.impl.persistence.entity.ExecutionEntity.performOperation(ExecutionEntity.java:629)
	at org.activiti.engine.impl.pvm.runtime.AtomicOperationTransitionNotifyListenerStart.eventNotificationsCompleted(AtomicOperationTransitionNotifyListenerStart.java:52)
	at org.activiti.engine.impl.pvm.runtime.AbstractEventAtomicOperation.execute(AbstractEventAtomicOperation.java:56)
	at org.activiti.engine.impl.interceptor.CommandContext.performOperation(CommandContext.java:97)
	at org.activiti.engine.impl.persistence.entity.ExecutionEntity.performOperationSync(ExecutionEntity.java:636)
	at org.activiti.engine.impl.persistence.entity.ExecutionEntity.performOperation(ExecutionEntity.java:629)
	at org.activiti.engine.impl.pvm.runtime.AbstractEventAtomicOperation.execute(AbstractEventAtomicOperation.java:49)
	at org.activiti.engine.impl.interceptor.CommandContext.performOperation(CommandContext.java:97)
	at org.activiti.engine.impl.persistence.entity.ExecutionEntity.performOperationSync(ExecutionEntity.java:636)
	at org.activiti.engine.impl.persistence.entity.ExecutionEntity.performOperation(ExecutionEntity.java:629)
	at org.activiti.engine.impl.pvm.runtime.AtomicOperationTransitionCreateScope.execute(AtomicOperationTransitionCreateScope.java:49)
	at org.activiti.engine.impl.interceptor.CommandContext.performOperation(CommandContext.java:97)
	at org.activiti.engine.impl.persistence.entity.ExecutionEntity.performOperationSync(ExecutionEntity.java:636)
	at org.activiti.engine.impl.persistence.entity.ExecutionEntity.performOperation(ExecutionEntity.java:629)
	at org.activiti.engine.impl.pvm.runtime.AtomicOperationTransitionNotifyListenerTake.execute(AtomicOperationTransitionNotifyListenerTake.java:80)
	at org.activiti.engine.impl.interceptor.CommandContext.performOperation(CommandContext.java:97)
	at org.activiti.engine.impl.persistence.entity.ExecutionEntity.performOperationSync(ExecutionEntity.java:636)
	at org.activiti.engine.impl.persistence.entity.ExecutionEntity.performOperation(ExecutionEntity.java:629)
	at org.activiti.engine.impl.pvm.runtime.AtomicOperationTransitionDestroyScope.execute(AtomicOperationTransitionDestroyScope.java:116)
	at org.activiti.engine.impl.interceptor.CommandContext.performOperation(CommandContext.java:97)
	at org.activiti.engine.impl.persistence.entity.ExecutionEntity.performOperationSync(ExecutionEntity.java:636)
	at org.activiti.engine.impl.persistence.entity.ExecutionEntity.performOperation(ExecutionEntity.java:629)
	at org.activiti.engine.impl.pvm.runtime.AtomicOperationTransitionNotifyListenerEnd.eventNotificationsCompleted(AtomicOperationTransitionNotifyListenerEnd.java:35)
	at org.activiti.engine.impl.pvm.runtime.AbstractEventAtomicOperation.execute(AbstractEventAtomicOperation.java:56)
	at org.activiti.engine.impl.interceptor.CommandContext.performOperation(CommandContext.java:97)
	at org.activiti.engine.impl.persistence.entity.ExecutionEntity.performOperationSync(ExecutionEntity.java:636)
	at org.activiti.engine.impl.persistence.entity.ExecutionEntity.performOperation(ExecutionEntity.java:629)
	at org.activiti.engine.impl.pvm.runtime.AbstractEventAtomicOperation.execute(AbstractEventAtomicOperation.java:49)
	at org.activiti.engine.impl.interceptor.CommandContext.performOperation(CommandContext.java:97)
	at org.activiti.engine.impl.persistence.entity.ExecutionEntity.performOperationSync(ExecutionEntity.java:636)
	at org.activiti.engine.impl.persistence.entity.ExecutionEntity.performOperation(ExecutionEntity.java:629)
	at org.activiti.engine.impl.persistence.entity.ExecutionEntity.take(ExecutionEntity.java:453)
	at org.activiti.engine.impl.persistence.entity.ExecutionEntity.take(ExecutionEntity.java:431)
	at org.activiti.engine.impl.bpmn.behavior.BpmnActivityBehavior.performOutgoingBehavior(BpmnActivityBehavior.java:140)
	at org.activiti.engine.impl.bpmn.behavior.BpmnActivityBehavior.performDefaultOutgoingBehavior(BpmnActivityBehavior.java:66)
	at org.activiti.engine.impl.bpmn.behavior.FlowNodeActivityBehavior.leave(FlowNodeActivityBehavior.java:44)
	at org.activiti.engine.impl.bpmn.behavior.FlowNodeActivityBehavior.execute(FlowNodeActivityBehavior.java:36)
	at org.activiti.engine.impl.pvm.runtime.AtomicOperationActivityExecute.execute(AtomicOperationActivityExecute.java:60)
	at org.activiti.engine.impl.interceptor.CommandContext.performOperation(CommandContext.java:97)
	at org.activiti.engine.impl.persistence.entity.ExecutionEntity.performOperationSync(ExecutionEntity.java:636)
	at org.activiti.engine.impl.persistence.entity.ExecutionEntity.performOperation(ExecutionEntity.java:629)
	at org.activiti.engine.impl.pvm.runtime.AtomicOperationActivityStart.eventNotificationsCompleted(AtomicOperationActivityStart.java:26)
	at org.activiti.engine.impl.pvm.runtime.AbstractEventAtomicOperation.execute(AbstractEventAtomicOperation.java:56)
	at org.activiti.engine.impl.interceptor.CommandContext.performOperation(CommandContext.java:97)
	at org.activiti.engine.impl.persistence.entity.ExecutionEntity.performOperationSync(ExecutionEntity.java:636)
	at org.activiti.engine.impl.persistence.entity.ExecutionEntity.performOperation(ExecutionEntity.java:629)
	at org.activiti.engine.impl.persistence.entity.ExecutionEntity.executeActivity(ExecutionEntity.java:458)
	at org.activiti.engine.impl.bpmn.behavior.SubProcessActivityBehavior.execute(SubProcessActivityBehavior.java:55)
	at org.activiti.engine.impl.pvm.runtime.AtomicOperationActivityExecute.execute(AtomicOperationActivityExecute.java:60)
	at org.activiti.engine.impl.interceptor.CommandContext.performOperation(CommandContext.java:97)
	at org.activiti.engine.impl.persistence.entity.ExecutionEntity.performOperationSync(ExecutionEntity.java:636)
	at org.activiti.engine.impl.persistence.entity.ExecutionEntity.performOperation(ExecutionEntity.java:629)
	at org.activiti.engine.impl.pvm.runtime.AtomicOperationTransitionNotifyListenerStart.eventNotificationsCompleted(AtomicOperationTransitionNotifyListenerStart.java:52)
	at org.activiti.engine.impl.pvm.runtime.AbstractEventAtomicOperation.execute(AbstractEventAtomicOperation.java:56)
	at org.activiti.engine.impl.interceptor.CommandContext.performOperation(CommandContext.java:97)
	at org.activiti.engine.impl.persistence.entity.ExecutionEntity.performOperationSync(ExecutionEntity.java:636)
	at org.activiti.engine.impl.persistence.entity.ExecutionEntity.performOperation(ExecutionEntity.java:629)
	at org.activiti.engine.impl.pvm.runtime.AbstractEventAtomicOperation.execute(AbstractEventAtomicOperation.java:49)
	at org.activiti.engine.impl.interceptor.CommandContext.performOperation(CommandContext.java:97)
	at org.activiti.engine.impl.persistence.entity.ExecutionEntity.performOperationSync(ExecutionEntity.java:636)
	at org.activiti.engine.impl.persistence.entity.ExecutionEntity.performOperation(ExecutionEntity.java:629)
	at org.activiti.engine.impl.pvm.runtime.AtomicOperationTransitionCreateScope.execute(AtomicOperationTransitionCreateScope.java:49)
	at org.activiti.engine.impl.interceptor.CommandContext.performOperation(CommandContext.java:97)
	at org.activiti.engine.impl.persistence.entity.ExecutionEntity.performOperationSync(ExecutionEntity.java:636)
	at org.activiti.engine.impl.persistence.entity.ExecutionEntity.performOperation(ExecutionEntity.java:629)
	at org.activiti.engine.impl.pvm.runtime.AtomicOperationTransitionNotifyListenerTake.execute(AtomicOperationTransitionNotifyListenerTake.java:80)
	at org.activiti.engine.impl.interceptor.CommandContext.performOperation(CommandContext.java:97)
	at org.activiti.engine.impl.persistence.entity.ExecutionEntity.performOperationSync(ExecutionEntity.java:636)
	at org.activiti.engine.impl.persistence.entity.ExecutionEntity.performOperation(ExecutionEntity.java:629)
	at org.activiti.engine.impl.pvm.runtime.AtomicOperationTransitionDestroyScope.execute(AtomicOperationTransitionDestroyScope.java:116)
	at org.activiti.engine.impl.interceptor.CommandContext.performOperation(CommandContext.java:97)
	at org.activiti.engine.impl.persistence.entity.ExecutionEntity.performOperationSync(ExecutionEntity.java:636)
	at org.activiti.engine.impl.persistence.entity.ExecutionEntity.performOperation(ExecutionEntity.java:629)
	at org.activiti.engine.impl.pvm.runtime.AtomicOperationTransitionNotifyListenerEnd.eventNotificationsCompleted(AtomicOperationTransitionNotifyListenerEnd.java:35)
	at org.activiti.engine.impl.pvm.runtime.AbstractEventAtomicOperation.execute(AbstractEventAtomicOperation.java:56)
	at org.activiti.engine.impl.interceptor.CommandContext.performOperation(CommandContext.java:97)
	at org.activiti.engine.impl.persistence.entity.ExecutionEntity.performOperationSync(ExecutionEntity.java:636)
	at org.activiti.engine.impl.persistence.entity.ExecutionEntity.performOperation(ExecutionEntity.java:629)
	at org.activiti.engine.impl.pvm.runtime.AbstractEventAtomicOperation.execute(AbstractEventAtomicOperation.java:49)
	at org.activiti.engine.impl.interceptor.CommandContext.performOperation(CommandContext.java:97)
	at org.activiti.engine.impl.persistence.entity.ExecutionEntity.performOperationSync(ExecutionEntity.java:636)
	at org.activiti.engine.impl.persistence.entity.ExecutionEntity.performOperation(ExecutionEntity.java:629)
	at org.activiti.engine.impl.persistence.entity.ExecutionEntity.take(ExecutionEntity.java:453)
	at org.activiti.engine.impl.persistence.entity.ExecutionEntity.take(ExecutionEntity.java:431)
	at org.activiti.engine.impl.bpmn.behavior.BpmnActivityBehavior.performOutgoingBehavior(BpmnActivityBehavior.java:140)
	at org.activiti.engine.impl.bpmn.behavior.BpmnActivityBehavior.performDefaultOutgoingBehavior(BpmnActivityBehavior.java:66)
	at org.activiti.engine.impl.bpmn.behavior.FlowNodeActivityBehavior.leave(FlowNodeActivityBehavior.java:44)
	at org.activiti.engine.impl.bpmn.behavior.FlowNodeActivityBehavior.execute(FlowNodeActivityBehavior.java:36)
	at org.activiti.engine.impl.pvm.runtime.AtomicOperationActivityExecute.execute(AtomicOperationActivityExecute.java:60)
	at org.activiti.engine.impl.interceptor.CommandContext.performOperation(CommandContext.java:97)
	at org.activiti.engine.impl.persistence.entity.ExecutionEntity.performOperationSync(ExecutionEntity.java:636)
	at org.activiti.engine.impl.persistence.entity.ExecutionEntity.performOperation(ExecutionEntity.java:629)
	at org.activiti.engine.impl.pvm.runtime.AtomicOperationProcessStartInitial.eventNotificationsCompleted(AtomicOperationProcessStartInitial.java:45)
	at org.activiti.engine.impl.pvm.runtime.AbstractEventAtomicOperation.execute(AbstractEventAtomicOperation.java:56)
	at org.activiti.engine.impl.interceptor.CommandContext.performOperation(CommandContext.java:97)
	at org.activiti.engine.impl.persistence.entity.ExecutionEntity.performOperationSync(ExecutionEntity.java:636)
	at org.activiti.engine.impl.persistence.entity.ExecutionEntity.performOperation(ExecutionEntity.java:629)
	at org.activiti.engine.impl.pvm.runtime.AtomicOperationProcessStart.eventNotificationsCompleted(AtomicOperationProcessStart.java:64)
	at org.activiti.engine.impl.pvm.runtime.AbstractEventAtomicOperation.execute(AbstractEventAtomicOperation.java:56)
	at org.activiti.engine.impl.interceptor.CommandContext.performOperation(CommandContext.java:97)
	at org.activiti.engine.impl.persistence.entity.ExecutionEntity.performOperationSync(ExecutionEntity.java:636)
	at org.activiti.engine.impl.persistence.entity.ExecutionEntity.performOperation(ExecutionEntity.java:629)
	at org.activiti.engine.impl.persistence.entity.ExecutionEntity.start(ExecutionEntity.java:381)
	at org.activiti.engine.impl.cmd.StartProcessInstanceCmd.execute(StartProcessInstanceCmd.java:110)
	at org.activiti.engine.impl.cmd.StartProcessInstanceCmd.execute(StartProcessInstanceCmd.java:37)
	at org.activiti.engine.impl.interceptor.CommandInvoker.execute(CommandInvoker.java:24)
	at org.activiti.engine.impl.interceptor.CommandContextInterceptor.execute(CommandContextInterceptor.java:57)
	at org.activiti.engine.impl.interceptor.LogInterceptor.execute(LogInterceptor.java:37)
	at org.activiti.engine.impl.cfg.CommandExecutorImpl.execute(CommandExecutorImpl.java:40)
	at org.activiti.engine.impl.cfg.CommandExecutorImpl.execute(CommandExecutorImpl.java:35)
	at org.activiti.engine.impl.RuntimeServiceImpl.startProcessInstanceByKey(RuntimeServiceImpl.java:69)
	at org.activiti.engine.test.bpmn.subprocess.SubProcessTest.testNestedSubProcessesWithoutEndEvents(SubProcessTest.java:354)
	at sun.reflect.NativeMethodAccessorImpl.invoke0(Native Method)
	at sun.reflect.NativeMethodAccessorImpl.invoke(NativeMethodAccessorImpl.java:62)
	at sun.reflect.DelegatingMethodAccessorImpl.invoke(DelegatingMethodAccessorImpl.java:43)
	at java.lang.reflect.Method.invoke(Method.java:498)
	at junit.framework.TestCase.runTest(TestCase.java:176)
	at org.activiti.engine.impl.test.PvmTestCase.runTest(PvmTestCase.java:65)
	at junit.framework.TestCase.runBare(TestCase.java:141)
	at org.activiti.engine.impl.test.AbstractActivitiTestCase.runBare(AbstractActivitiTestCase.java:100)
	at junit.framework.TestResult$1.protect(TestResult.java:122)
	at junit.framework.TestResult.runProtected(TestResult.java:142)
	at junit.framework.TestResult.run(TestResult.java:125)
	at junit.framework.TestCase.run(TestCase.java:129)
	at junit.framework.TestSuite.runTest(TestSuite.java:255)
	at junit.framework.TestSuite.run(TestSuite.java:250)
	at org.junit.internal.runners.JUnit38ClassRunner.run(JUnit38ClassRunner.java:84)
	at org.apache.maven.surefire.junit4.JUnit4TestSet.execute(JUnit4TestSet.java:35)
	at org.apache.maven.surefire.junit4.JUnit4Provider.executeTestSet(JUnit4Provider.java:146)
	at org.apache.maven.surefire.junit4.JUnit4Provider.invoke(JUnit4Provider.java:97)
	at sun.reflect.NativeMethodAccessorImpl.invoke0(Native Method)
	at sun.reflect.NativeMethodAccessorImpl.invoke(NativeMethodAccessorImpl.java:62)
	at sun.reflect.DelegatingMethodAccessorImpl.invoke(DelegatingMethodAccessorImpl.java:43)
	at java.lang.reflect.Method.invoke(Method.java:498)
	at org.apache.maven.surefire.booter.ProviderFactory$ClassLoaderProxy.invoke(ProviderFactory.java:103)
	at com.sun.proxy.$Proxy0.invoke(Unknown Source)
	at org.apache.maven.surefire.booter.SurefireStarter.invokeProvider(SurefireStarter.java:145)
	at org.apache.maven.surefire.booter.SurefireStarter.runSuitesInProcess(SurefireStarter.java:87)
	at org.apache.maven.surefire.booter.ForkedBooter.main(ForkedBooter.java:69)
Caused by: org.h2.jdbc.JdbcSQLException: Syntax error in SQL statement &quot;SELECT RES.* 
     
    FROM ACT_HI_ACTINST RES
     WHERE  RES.EXECUTION_ID_ = ?
      
      
      
        AND RES.ACT_ID_ = ?
      
      
      
      
      
      
      
      
        AND RES.END_TIME_ IS NULL 
   
     ORDER BY  ORDER[*] BY RES.ID_ ASC  
    LIMIT ? OFFSET ? &quot;; expected &quot;=, NOT, EXISTS, INTERSECTS, SELECT, FROM&quot;; SQL statement:
select RES.* 
     
    from ACT_HI_ACTINST RES
     WHERE  RES.EXECUTION_ID_ = ?
      
      
      
        and RES.ACT_ID_ = ?
      
      
      
      
      
      
      
      
        and RES.END_TIME_ is null 
   
     order by  order by RES.ID_ asc  
    LIMIT ? OFFSET ? [42001-176]
	at org.h2.message.DbException.getJdbcSQLException(DbException.java:344)
	at org.h2.message.DbException.getSyntaxError(DbException.java:204)
	at org.h2.command.Parser.getSyntaxError(Parser.java:524)
	at org.h2.command.Parser.readTerm(Parser.java:2688)
	at org.h2.command.Parser.readFactor(Parser.java:2244)
	at org.h2.command.Parser.readSum(Parser.java:2231)
	at org.h2.command.Parser.readConcat(Parser.java:2201)
	at org.h2.command.Parser.readCondition(Parser.java:2051)
	at org.h2.command.Parser.readAnd(Parser.java:2023)
	at org.h2.command.Parser.readExpression(Parser.java:2015)
	at org.h2.command.Parser.parseEndOfQuery(Parser.java:1726)
	at org.h2.command.Parser.parseSelectUnionExtension(Parser.java:1706)
	at org.h2.command.Parser.parseSelectUnion(Parser.java:1675)
	at org.h2.command.Parser.parseSelect(Parser.java:1662)
	at org.h2.command.Parser.parsePrepared(Parser.java:434)
	at org.h2.command.Parser.parse(Parser.java:306)
	at org.h2.command.Parser.parse(Parser.java:282)
	at org.h2.command.Parser.prepareCommand(Parser.java:243)
	at org.h2.engine.Session.prepareLocal(Session.java:442)
	at org.h2.engine.Session.prepareCommand(Session.java:384)
	at org.h2.jdbc.JdbcConnection.prepareCommand(JdbcConnection.java:1188)
	at org.h2.jdbc.JdbcPreparedStatement.&lt;init&gt;(JdbcPreparedStatement.java:73)
	at org.h2.jdbc.JdbcConnection.prepareStatement(JdbcConnection.java:276)
	at sun.reflect.GeneratedMethodAccessor6.invoke(Unknown Source)
	at sun.reflect.DelegatingMethodAccessorImpl.invoke(DelegatingMethodAccessorImpl.java:43)
	at java.lang.reflect.Method.invoke(Method.java:498)
	at org.apache.ibatis.datasource.pooled.PooledConnection.invoke(PooledConnection.java:245)
	at com.sun.proxy.$Proxy12.prepareStatement(Unknown Source)
	at sun.reflect.GeneratedMethodAccessor6.invoke(Unknown Source)
	at sun.reflect.DelegatingMethodAccessorImpl.invoke(DelegatingMethodAccessorImpl.java:43)
	at java.lang.reflect.Method.invoke(Method.java:498)
	at org.apache.ibatis.logging.jdbc.ConnectionLogger.invoke(ConnectionLogger.java:55)
	at com.sun.proxy.$Proxy12.prepareStatement(Unknown Source)
	at org.apache.ibatis.executor.statement.PreparedStatementHandler.instantiateStatement(PreparedStatementHandler.java:79)
	at org.apache.ibatis.executor.statement.BaseStatementHandler.prepare(BaseStatementHandler.java:88)
	at org.apache.ibatis.executor.statement.RoutingStatementHandler.prepare(RoutingStatementHandler.java:58)
	at org.apache.ibatis.executor.SimpleExecutor.prepareStatement(SimpleExecutor.java:76)
	at org.apache.ibatis.executor.SimpleExecutor.doQuery(SimpleExecutor.java:61)
	at org.apache.ibatis.executor.BaseExecutor.queryFromDatabase(BaseExecutor.java:303)
	at org.apache.ibatis.executor.BaseExecutor.query(BaseExecutor.java:154)
	at org.apache.ibatis.executor.CachingExecutor.query(CachingExecutor.java:102)
	at org.apache.ibatis.executor.CachingExecutor.query(CachingExecutor.java:82)
	at org.apache.ibatis.session.defaults.DefaultSqlSession.selectList(DefaultSqlSession.java:120)
	... 313 more
10:47:09,914 [main] DEBUG org.activiti.engine.impl.test.PvmTestCase  - #### END SubProcessTest.testNestedSubProcessesWithoutEndEvents #############################################################
10:47:09,914 [main] ERROR org.activiti.engine.impl.test.PvmTestCase  - 

10:47:09,914 [main] ERROR org.activiti.engine.impl.test.PvmTestCase  - EXCEPTION: org.apache.ibatis.exceptions.PersistenceException: 
### Error querying database.  Cause: org.h2.jdbc.JdbcSQLException: Syntax error in SQL statement &quot;SELECT RES.* 
     
    FROM ACT_HI_ACTINST RES
     WHERE  RES.EXECUTION_ID_ = ?
      
      
      
        AND RES.ACT_ID_ = ?
      
      
      
      
      
      
      
      
        AND RES.END_TIME_ IS NULL 
   
     ORDER BY  ORDER[*] BY RES.ID_ ASC  
    LIMIT ? OFFSET ? &quot;; expected &quot;=, NOT, EXISTS, INTERSECTS, SELECT, FROM&quot;; SQL statement:
select RES.* 
     
    from ACT_HI_ACTINST RES
     WHERE  RES.EXECUTION_ID_ = ?
      
      
      
        and RES.ACT_ID_ = ?
      
      
      
      
      
      
      
      
        and RES.END_TIME_ is null 
   
     order by  order by RES.ID_ asc  
    LIMIT ? OFFSET ? [42001-176]
### The error may exist in org/activiti/db/mapping/entity/HistoricActivityInstance.xml
### The error may involve org.activiti.engine.impl.persistence.entity.HistoricActivityInstanceEntity.selectHistoricActivityInstancesByQueryCriteria
### The error occurred while executing a query
### SQL: select RES.*            from ACT_HI_ACTINST RES      WHERE  RES.EXECUTION_ID_ = ?                              and RES.ACT_ID_ = ?                                                                 and RES.END_TIME_ is null           order by  order by RES.ID_ asc       LIMIT ? OFFSET ?
### Cause: org.h2.jdbc.JdbcSQLException: Syntax error in SQL statement &quot;SELECT RES.* 
     
    FROM ACT_HI_ACTINST RES
     WHERE  RES.EXECUTION_ID_ = ?
      
      
      
        AND RES.ACT_ID_ = ?
      
      
      
      
      
      
      
      
        AND RES.END_TIME_ IS NULL 
   
     ORDER BY  ORDER[*] BY RES.ID_ ASC  
    LIMIT ? OFFSET ? &quot;; expected &quot;=, NOT, EXISTS, INTERSECTS, SELECT, FROM&quot;; SQL statement:
select RES.* 
     
    from ACT_HI_ACTINST RES
     WHERE  RES.EXECUTION_ID_ = ?
      
      
      
        and RES.ACT_ID_ = ?
      
      
      
      
      
      
      
      
        and RES.END_TIME_ is null 
   
     order by  order by RES.ID_ asc  
    LIMIT ? OFFSET ? [42001-176]
org.apache.ibatis.exceptions.PersistenceException: 
### Error querying database.  Cause: org.h2.jdbc.JdbcSQLException: Syntax error in SQL statement &quot;SELECT RES.* 
     
    FROM ACT_HI_ACTINST RES
     WHERE  RES.EXECUTION_ID_ = ?
      
      
      
        AND RES.ACT_ID_ = ?
      
      
      
      
      
      
      
      
        AND RES.END_TIME_ IS NULL 
   
     ORDER BY  ORDER[*] BY RES.ID_ ASC  
    LIMIT ? OFFSET ? &quot;; expected &quot;=, NOT, EXISTS, INTERSECTS, SELECT, FROM&quot;; SQL statement:
select RES.* 
     
    from ACT_HI_ACTINST RES
     WHERE  RES.EXECUTION_ID_ = ?
      
      
      
        and RES.ACT_ID_ = ?
      
      
      
      
      
      
      
      
        and RES.END_TIME_ is null 
   
     order by  order by RES.ID_ asc  
    LIMIT ? OFFSET ? [42001-176]
### The error may exist in org/activiti/db/mapping/entity/HistoricActivityInstance.xml
### The error may involve org.activiti.engine.impl.persistence.entity.HistoricActivityInstanceEntity.selectHistoricActivityInstancesByQueryCriteria
### The error occurred while executing a query
### SQL: select RES.*            from ACT_HI_ACTINST RES      WHERE  RES.EXECUTION_ID_ = ?                              and RES.ACT_ID_ = ?                                                                 and RES.END_TIME_ is null           order by  order by RES.ID_ asc       LIMIT ? OFFSET ?
### Cause: org.h2.jdbc.JdbcSQLException: Syntax error in SQL statement &quot;SELECT RES.* 
     
    FROM ACT_HI_ACTINST RES
     WHERE  RES.EXECUTION_ID_ = ?
      
      
      
        AND RES.ACT_ID_ = ?
      
      
      
      
      
      
      
      
        AND RES.END_TIME_ IS NULL 
   
     ORDER BY  ORDER[*] BY RES.ID_ ASC  
    LIMIT ? OFFSET ? &quot;; expected &quot;=, NOT, EXISTS, INTERSECTS, SELECT, FROM&quot;; SQL statement:
select RES.* 
     
    from ACT_HI_ACTINST RES
     WHERE  RES.EXECUTION_ID_ = ?
      
      
      
        and RES.ACT_ID_ = ?
      
      
      
      
      
      
      
      
        and RES.END_TIME_ is null 
   
     order by  order by RES.ID_ asc  
    LIMIT ? OFFSET ? [42001-176]
	at org.apache.ibatis.exceptions.ExceptionFactory.wrapException(ExceptionFactory.java:30)
	at org.apache.ibatis.session.defaults.DefaultSqlSession.selectList(DefaultSqlSession.java:122)
	at org.apache.ibatis.session.defaults.DefaultSqlSession.selectList(DefaultSqlSession.java:113)
	at org.activiti.engine.impl.db.DbSqlSession.selectListWithRawParameter(DbSqlSession.java:438)
	at org.activiti.engine.impl.db.DbSqlSession.selectList(DbSqlSession.java:429)
	at org.activiti.engine.impl.db.DbSqlSession.selectList(DbSqlSession.java:419)
	at org.activiti.engine.impl.persistence.entity.HistoricActivityInstanceEntityManager.findHistoricActivityInstancesByQueryCriteria(HistoricActivityInstanceEntityManager.java:56)
	at org.activiti.engine.impl.HistoricActivityInstanceQueryImpl.executeList(HistoricActivityInstanceQueryImpl.java:70)
	at org.activiti.engine.impl.AbstractQuery.listPage(AbstractQuery.java:151)
	at org.activiti.engine.impl.history.DefaultHistoryManager.findActivityInstance(DefaultHistoryManager.java:355)
	at org.activiti.engine.impl.history.DefaultHistoryManager.recordActivityEnd(DefaultHistoryManager.java:281)
	at org.activiti.engine.impl.history.handler.ActivityInstanceEndHandler.notify(ActivityInstanceEndHandler.java:29)
	at org.activiti.engine.impl.pvm.runtime.AbstractEventAtomicOperation.execute(AbstractEventAtomicOperation.java:42)
	at org.activiti.engine.impl.interceptor.CommandContext.performOperation(CommandContext.java:97)
	at org.activiti.engine.impl.persistence.entity.ExecutionEntity.performOperationSync(ExecutionEntity.java:636)
	at org.activiti.engine.impl.persistence.entity.ExecutionEntity.performOperation(ExecutionEntity.java:629)
	at org.activiti.engine.impl.persistence.entity.ExecutionEntity.end(ExecutionEntity.java:399)
	at org.activiti.engine.impl.pvm.runtime.AtomicOperationActivityEnd.eventNotificationsCompleted(AtomicOperationActivityEnd.java:108)
	at org.activiti.engine.impl.pvm.runtime.AbstractEventAtomicOperation.execute(AbstractEventAtomicOperation.java:56)
	at org.activiti.engine.impl.interceptor.CommandContext.performOperation(CommandContext.java:97)
	at org.activiti.engine.impl.persistence.entity.ExecutionEntity.performOperationSync(ExecutionEntity.java:636)
	at org.activiti.engine.impl.persistence.entity.ExecutionEntity.performOperation(ExecutionEntity.java:629)
	at org.activiti.engine.impl.pvm.runtime.AbstractEventAtomicOperation.execute(AbstractEventAtomicOperation.java:49)
	at org.activiti.engine.impl.interceptor.CommandContext.performOperation(CommandContext.java:97)
	at org.activiti.engine.impl.persistence.entity.ExecutionEntity.performOperationSync(ExecutionEntity.java:636)
	at org.activiti.engine.impl.persistence.entity.ExecutionEntity.performOperation(ExecutionEntity.java:629)
	at org.activiti.engine.impl.persistence.entity.ExecutionEntity.end(ExecutionEntity.java:399)
	at org.activiti.engine.impl.bpmn.behavior.BpmnActivityBehavior.performOutgoingBehavior(BpmnActivityBehavior.java:176)
	at org.activiti.engine.impl.bpmn.behavior.BpmnActivityBehavior.performDefaultOutgoingBehavior(BpmnActivityBehavior.java:66)
	at org.activiti.engine.impl.bpmn.behavior.SubProcessActivityBehavior.lastExecutionEnded(SubProcessActivityBehavior.java:67)
	at org.activiti.engine.impl.pvm.runtime.AtomicOperationActivityEnd.eventNotificationsCompleted(AtomicOperationActivityEnd.java:92)
	at org.activiti.engine.impl.pvm.runtime.AbstractEventAtomicOperation.execute(AbstractEventAtomicOperation.java:56)
	at org.activiti.engine.impl.interceptor.CommandContext.performOperation(CommandContext.java:97)
	at org.activiti.engine.impl.persistence.entity.ExecutionEntity.performOperationSync(ExecutionEntity.java:636)
	at org.activiti.engine.impl.persistence.entity.ExecutionEntity.performOperation(ExecutionEntity.java:629)
	at org.activiti.engine.impl.pvm.runtime.AbstractEventAtomicOperation.execute(AbstractEventAtomicOperation.java:49)
	at org.activiti.engine.impl.interceptor.CommandContext.performOperation(CommandContext.java:97)
	at org.activiti.engine.impl.persistence.entity.ExecutionEntity.performOperationSync(ExecutionEntity.java:636)
	at org.activiti.engine.impl.persistence.entity.ExecutionEntity.performOperation(ExecutionEntity.java:629)
	at org.activiti.engine.impl.persistence.entity.ExecutionEntity.end(ExecutionEntity.java:399)
	at org.activiti.engine.impl.bpmn.behavior.BpmnActivityBehavior.performOutgoingBehavior(BpmnActivityBehavior.java:176)
	at org.activiti.engine.impl.bpmn.behavior.BpmnActivityBehavior.performDefaultOutgoingBehavior(BpmnActivityBehavior.java:66)
	at org.activiti.engine.impl.bpmn.behavior.SubProcessActivityBehavior.lastExecutionEnded(SubProcessActivityBehavior.java:67)
	at org.activiti.engine.impl.pvm.runtime.AtomicOperationActivityEnd.eventNotificationsCompleted(AtomicOperationActivityEnd.java:92)
	at org.activiti.engine.impl.pvm.runtime.AbstractEventAtomicOperation.execute(AbstractEventAtomicOperation.java:56)
	at org.activiti.engine.impl.interceptor.CommandContext.performOperation(CommandContext.java:97)
	at org.activiti.engine.impl.persistence.entity.ExecutionEntity.performOperationSync(ExecutionEntity.java:636)
	at org.activiti.engine.impl.persistence.entity.ExecutionEntity.performOperation(ExecutionEntity.java:629)
	at org.activiti.engine.impl.pvm.runtime.AbstractEventAtomicOperation.execute(AbstractEventAtomicOperation.java:49)
	at org.activiti.engine.impl.interceptor.CommandContext.performOperation(CommandContext.java:97)
	at org.activiti.engine.impl.persistence.entity.ExecutionEntity.performOperationSync(ExecutionEntity.java:636)
	at org.activiti.engine.impl.persistence.entity.ExecutionEntity.performOperation(ExecutionEntity.java:629)
	at org.activiti.engine.impl.persistence.entity.ExecutionEntity.end(ExecutionEntity.java:399)
	at org.activiti.engine.impl.bpmn.behavior.BpmnActivityBehavior.performOutgoingBehavior(BpmnActivityBehavior.java:176)
	at org.activiti.engine.impl.bpmn.behavior.BpmnActivityBehavior.performDefaultOutgoingBehavior(BpmnActivityBehavior.java:66)
	at org.activiti.engine.impl.bpmn.behavior.SubProcessActivityBehavior.lastExecutionEnded(SubProcessActivityBehavior.java:67)
	at org.activiti.engine.impl.pvm.runtime.AtomicOperationActivityEnd.eventNotificationsCompleted(AtomicOperationActivityEnd.java:95)
	at org.activiti.engine.impl.pvm.runtime.AbstractEventAtomicOperation.execute(AbstractEventAtomicOperation.java:56)
	at org.activiti.engine.impl.interceptor.CommandContext.performOperation(CommandContext.java:97)
	at org.activiti.engine.impl.persistence.entity.ExecutionEntity.performOperationSync(ExecutionEntity.java:636)
	at org.activiti.engine.impl.persistence.entity.ExecutionEntity.performOperation(ExecutionEntity.java:629)
	at org.activiti.engine.impl.pvm.runtime.AbstractEventAtomicOperation.execute(AbstractEventAtomicOperation.java:49)
	at org.activiti.engine.impl.interceptor.CommandContext.performOperation(CommandContext.java:97)
	at org.activiti.engine.impl.persistence.entity.ExecutionEntity.performOperationSync(ExecutionEntity.java:636)
	at org.activiti.engine.impl.persistence.entity.ExecutionEntity.performOperation(ExecutionEntity.java:629)
	at org.activiti.engine.impl.persistence.entity.ExecutionEntity.end(ExecutionEntity.java:399)
	at org.activiti.engine.impl.bpmn.behavior.BpmnActivityBehavior.performOutgoingBehavior(BpmnActivityBehavior.java:176)
	at org.activiti.engine.impl.bpmn.behavior.BpmnActivityBehavior.performDefaultOutgoingBehavior(BpmnActivityBehavior.java:66)
	at org.activiti.engine.impl.bpmn.behavior.FlowNodeActivityBehavior.leave(FlowNodeActivityBehavior.java:44)
	at org.activiti.engine.impl.bpmn.behavior.AbstractBpmnActivityBehavior.leave(AbstractBpmnActivityBehavior.java:47)
	at org.activiti.engine.impl.bpmn.behavior.ScriptTaskActivityBehavior.execute(ScriptTaskActivityBehavior.java:97)
	at org.activiti.engine.impl.pvm.runtime.AtomicOperationActivityExecute.execute(AtomicOperationActivityExecute.java:60)
	at org.activiti.engine.impl.interceptor.CommandContext.performOperation(CommandContext.java:97)
	at org.activiti.engine.impl.persistence.entity.ExecutionEntity.performOperationSync(ExecutionEntity.java:636)
	at org.activiti.engine.impl.persistence.entity.ExecutionEntity.performOperation(ExecutionEntity.java:629)
	at org.activiti.engine.impl.pvm.runtime.AtomicOperationTransitionNotifyListenerStart.eventNotificationsCompleted(AtomicOperationTransitionNotifyListenerStart.java:52)
	at org.activiti.engine.impl.pvm.runtime.AbstractEventAtomicOperation.execute(AbstractEventAtomicOperation.java:56)
	at org.activiti.engine.impl.interceptor.CommandContext.performOperation(CommandContext.java:97)
	at org.activiti.engine.impl.persistence.entity.ExecutionEntity.performOperationSync(ExecutionEntity.java:636)
	at org.activiti.engine.impl.persistence.entity.ExecutionEntity.performOperation(ExecutionEntity.java:629)
	at org.activiti.engine.impl.pvm.runtime.AbstractEventAtomicOperation.execute(AbstractEventAtomicOperation.java:49)
	at org.activiti.engine.impl.interceptor.CommandContext.performOperation(CommandContext.java:97)
	at org.activiti.engine.impl.persistence.entity.ExecutionEntity.performOperationSync(ExecutionEntity.java:636)
	at org.activiti.engine.impl.persistence.entity.ExecutionEntity.performOperation(ExecutionEntity.java:629)
	at org.activiti.engine.impl.pvm.runtime.AtomicOperationTransitionCreateScope.execute(AtomicOperationTransitionCreateScope.java:49)
	at org.activiti.engine.impl.interceptor.CommandContext.performOperation(CommandContext.java:97)
	at org.activiti.engine.impl.persistence.entity.ExecutionEntity.performOperationSync(ExecutionEntity.java:636)
	at org.activiti.engine.impl.persistence.entity.ExecutionEntity.performOperation(ExecutionEntity.java:629)
	at org.activiti.engine.impl.pvm.runtime.AtomicOperationTransitionNotifyListenerTake.execute(AtomicOperationTransitionNotifyListenerTake.java:80)
	at org.activiti.engine.impl.interceptor.CommandContext.performOperation(CommandContext.java:97)
	at org.activiti.engine.impl.persistence.entity.ExecutionEntity.performOperationSync(ExecutionEntity.java:636)
	at org.activiti.engine.impl.persistence.entity.ExecutionEntity.performOperation(ExecutionEntity.java:629)
	at org.activiti.engine.impl.pvm.runtime.AtomicOperationTransitionDestroyScope.execute(AtomicOperationTransitionDestroyScope.java:116)
	at org.activiti.engine.impl.interceptor.CommandContext.performOperation(CommandContext.java:97)
	at org.activiti.engine.impl.persistence.entity.ExecutionEntity.performOperationSync(ExecutionEntity.java:636)
	at org.activiti.engine.impl.persistence.entity.ExecutionEntity.performOperation(ExecutionEntity.java:629)
	at org.activiti.engine.impl.pvm.runtime.AtomicOperationTransitionNotifyListenerEnd.eventNotificationsCompleted(AtomicOperationTransitionNotifyListenerEnd.java:35)
	at org.activiti.engine.impl.pvm.runtime.AbstractEventAtomicOperation.execute(AbstractEventAtomicOperation.java:56)
	at org.activiti.engine.impl.interceptor.CommandContext.performOperation(CommandContext.java:97)
	at org.activiti.engine.impl.persistence.entity.ExecutionEntity.performOperationSync(ExecutionEntity.java:636)
	at org.activiti.engine.impl.persistence.entity.ExecutionEntity.performOperation(ExecutionEntity.java:629)
	at org.activiti.engine.impl.pvm.runtime.AbstractEventAtomicOperation.execute(AbstractEventAtomicOperation.java:49)
	at org.activiti.engine.impl.interceptor.CommandContext.performOperation(CommandContext.java:97)
	at org.activiti.engine.impl.persistence.entity.ExecutionEntity.performOperationSync(ExecutionEntity.java:636)
	at org.activiti.engine.impl.persistence.entity.ExecutionEntity.performOperation(ExecutionEntity.java:629)
	at org.activiti.engine.impl.persistence.entity.ExecutionEntity.take(ExecutionEntity.java:453)
	at org.activiti.engine.impl.persistence.entity.ExecutionEntity.take(ExecutionEntity.java:431)
	at org.activiti.engine.impl.bpmn.behavior.BpmnActivityBehavior.performOutgoingBehavior(BpmnActivityBehavior.java:140)
	at org.activiti.engine.impl.bpmn.behavior.BpmnActivityBehavior.performDefaultOutgoingBehavior(BpmnActivityBehavior.java:66)
	at org.activiti.engine.impl.bpmn.behavior.FlowNodeActivityBehavior.leave(FlowNodeActivityBehavior.java:44)
	at org.activiti.engine.impl.bpmn.behavior.FlowNodeActivityBehavior.execute(FlowNodeActivityBehavior.java:36)
	at org.activiti.engine.impl.pvm.runtime.AtomicOperationActivityExecute.execute(AtomicOperationActivityExecute.java:60)
	at org.activiti.engine.impl.interceptor.CommandContext.performOperation(CommandContext.java:97)
	at org.activiti.engine.impl.persistence.entity.ExecutionEntity.performOperationSync(ExecutionEntity.java:636)
	at org.activiti.engine.impl.persistence.entity.ExecutionEntity.performOperation(ExecutionEntity.java:629)
	at org.activiti.engine.impl.pvm.runtime.AtomicOperationActivityStart.eventNotificationsCompleted(AtomicOperationActivityStart.java:26)
	at org.activiti.engine.impl.pvm.runtime.AbstractEventAtomicOperation.execute(AbstractEventAtomicOperation.java:56)
	at org.activiti.engine.impl.interceptor.CommandContext.performOperation(CommandContext.java:97)
	at org.activiti.engine.impl.persistence.entity.ExecutionEntity.performOperationSync(ExecutionEntity.java:636)
	at org.activiti.engine.impl.persistence.entity.ExecutionEntity.performOperation(ExecutionEntity.java:629)
	at org.activiti.engine.impl.persistence.entity.ExecutionEntity.executeActivity(ExecutionEntity.java:458)
	at org.activiti.engine.impl.bpmn.behavior.SubProcessActivityBehavior.execute(SubProcessActivityBehavior.java:55)
	at org.activiti.engine.impl.pvm.runtime.AtomicOperationActivityExecute.execute(AtomicOperationActivityExecute.java:60)
	at org.activiti.engine.impl.interceptor.CommandContext.performOperation(CommandContext.java:97)
	at org.activiti.engine.impl.persistence.entity.ExecutionEntity.performOperationSync(ExecutionEntity.java:636)
	at org.activiti.engine.impl.persistence.entity.ExecutionEntity.performOperation(ExecutionEntity.java:629)
	at org.activiti.engine.impl.pvm.runtime.AtomicOperationTransitionNotifyListenerStart.eventNotificationsCompleted(AtomicOperationTransitionNotifyListenerStart.java:52)
	at org.activiti.engine.impl.pvm.runtime.AbstractEventAtomicOperation.execute(AbstractEventAtomicOperation.java:56)
	at org.activiti.engine.impl.interceptor.CommandContext.performOperation(CommandContext.java:97)
	at org.activiti.engine.impl.persistence.entity.ExecutionEntity.performOperationSync(ExecutionEntity.java:636)
	at org.activiti.engine.impl.persistence.entity.ExecutionEntity.performOperation(ExecutionEntity.java:629)
	at org.activiti.engine.impl.pvm.runtime.AbstractEventAtomicOperation.execute(AbstractEventAtomicOperation.java:49)
	at org.activiti.engine.impl.interceptor.CommandContext.performOperation(CommandContext.java:97)
	at org.activiti.engine.impl.persistence.entity.ExecutionEntity.performOperationSync(ExecutionEntity.java:636)
	at org.activiti.engine.impl.persistence.entity.ExecutionEntity.performOperation(ExecutionEntity.java:629)
	at org.activiti.engine.impl.pvm.runtime.AtomicOperationTransitionCreateScope.execute(AtomicOperationTransitionCreateScope.java:49)
	at org.activiti.engine.impl.interceptor.CommandContext.performOperation(CommandContext.java:97)
	at org.activiti.engine.impl.persistence.entity.ExecutionEntity.performOperationSync(ExecutionEntity.java:636)
	at org.activiti.engine.impl.persistence.entity.ExecutionEntity.performOperation(ExecutionEntity.java:629)
	at org.activiti.engine.impl.pvm.runtime.AtomicOperationTransitionNotifyListenerTake.execute(AtomicOperationTransitionNotifyListenerTake.java:80)
	at org.activiti.engine.impl.interceptor.CommandContext.performOperation(CommandContext.java:97)
	at org.activiti.engine.impl.persistence.entity.ExecutionEntity.performOperationSync(ExecutionEntity.java:636)
	at org.activiti.engine.impl.persistence.entity.ExecutionEntity.performOperation(ExecutionEntity.java:629)
	at org.activiti.engine.impl.pvm.runtime.AtomicOperationTransitionDestroyScope.execute(AtomicOperationTransitionDestroyScope.java:116)
	at org.activiti.engine.impl.interceptor.CommandContext.performOperation(CommandContext.java:97)
	at org.activiti.engine.impl.persistence.entity.ExecutionEntity.performOperationSync(ExecutionEntity.java:636)
	at org.activiti.engine.impl.persistence.entity.ExecutionEntity.performOperation(ExecutionEntity.java:629)
	at org.activiti.engine.impl.pvm.runtime.AtomicOperationTransitionNotifyListenerEnd.eventNotificationsCompleted(AtomicOperationTransitionNotifyListenerEnd.java:35)
	at org.activiti.engine.impl.pvm.runtime.AbstractEventAtomicOperation.execute(AbstractEventAtomicOperation.java:56)
	at org.activiti.engine.impl.interceptor.CommandContext.performOperation(CommandContext.java:97)
	at org.activiti.engine.impl.persistence.entity.ExecutionEntity.performOperationSync(ExecutionEntity.java:636)
	at org.activiti.engine.impl.persistence.entity.ExecutionEntity.performOperation(ExecutionEntity.java:629)
	at org.activiti.engine.impl.pvm.runtime.AbstractEventAtomicOperation.execute(AbstractEventAtomicOperation.java:49)
	at org.activiti.engine.impl.interceptor.CommandContext.performOperation(CommandContext.java:97)
	at org.activiti.engine.impl.persistence.entity.ExecutionEntity.performOperationSync(ExecutionEntity.java:636)
	at org.activiti.engine.impl.persistence.entity.ExecutionEntity.performOperation(ExecutionEntity.java:629)
	at org.activiti.engine.impl.persistence.entity.ExecutionEntity.take(ExecutionEntity.java:453)
	at org.activiti.engine.impl.persistence.entity.ExecutionEntity.take(ExecutionEntity.java:431)
	at org.activiti.engine.impl.bpmn.behavior.BpmnActivityBehavior.performOutgoingBehavior(BpmnActivityBehavior.java:140)
	at org.activiti.engine.impl.bpmn.behavior.BpmnActivityBehavior.performDefaultOutgoingBehavior(BpmnActivityBehavior.java:66)
	at org.activiti.engine.impl.bpmn.behavior.FlowNodeActivityBehavior.leave(FlowNodeActivityBehavior.java:44)
	at org.activiti.engine.impl.bpmn.behavior.FlowNodeActivityBehavior.execute(FlowNodeActivityBehavior.java:36)
	at org.activiti.engine.impl.pvm.runtime.AtomicOperationActivityExecute.execute(AtomicOperationActivityExecute.java:60)
	at org.activiti.engine.impl.interceptor.CommandContext.performOperation(CommandContext.java:97)
	at org.activiti.engine.impl.persistence.entity.ExecutionEntity.performOperationSync(ExecutionEntity.java:636)
	at org.activiti.engine.impl.persistence.entity.ExecutionEntity.performOperation(ExecutionEntity.java:629)
	at org.activiti.engine.impl.pvm.runtime.AtomicOperationActivityStart.eventNotificationsCompleted(AtomicOperationActivityStart.java:26)
	at org.activiti.engine.impl.pvm.runtime.AbstractEventAtomicOperation.execute(AbstractEventAtomicOperation.java:56)
	at org.activiti.engine.impl.interceptor.CommandContext.performOperation(CommandContext.java:97)
	at org.activiti.engine.impl.persistence.entity.ExecutionEntity.performOperationSync(ExecutionEntity.java:636)
	at org.activiti.engine.impl.persistence.entity.ExecutionEntity.performOperation(ExecutionEntity.java:629)
	at org.activiti.engine.impl.persistence.entity.ExecutionEntity.executeActivity(ExecutionEntity.java:458)
	at org.activiti.engine.impl.bpmn.behavior.SubProcessActivityBehavior.execute(SubProcessActivityBehavior.java:55)
	at org.activiti.engine.impl.pvm.runtime.AtomicOperationActivityExecute.execute(AtomicOperationActivityExecute.java:60)
	at org.activiti.engine.impl.interceptor.CommandContext.performOperation(CommandContext.java:97)
	at org.activiti.engine.impl.persistence.entity.ExecutionEntity.performOperationSync(ExecutionEntity.java:636)
	at org.activiti.engine.impl.persistence.entity.ExecutionEntity.performOperation(ExecutionEntity.java:629)
	at org.activiti.engine.impl.pvm.runtime.AtomicOperationTransitionNotifyListenerStart.eventNotificationsCompleted(AtomicOperationTransitionNotifyListenerStart.java:52)
	at org.activiti.engine.impl.pvm.runtime.AbstractEventAtomicOperation.execute(AbstractEventAtomicOperation.java:56)
	at org.activiti.engine.impl.interceptor.CommandContext.performOperation(CommandContext.java:97)
	at org.activiti.engine.impl.persistence.entity.ExecutionEntity.performOperationSync(ExecutionEntity.java:636)
	at org.activiti.engine.impl.persistence.entity.ExecutionEntity.performOperation(ExecutionEntity.java:629)
	at org.activiti.engine.impl.pvm.runtime.AbstractEventAtomicOperation.execute(AbstractEventAtomicOperation.java:49)
	at org.activiti.engine.impl.interceptor.CommandContext.performOperation(CommandContext.java:97)
	at org.activiti.engine.impl.persistence.entity.ExecutionEntity.performOperationSync(ExecutionEntity.java:636)
	at org.activiti.engine.impl.persistence.entity.ExecutionEntity.performOperation(ExecutionEntity.java:629)
	at org.activiti.engine.impl.pvm.runtime.AtomicOperationTransitionCreateScope.execute(AtomicOperationTransitionCreateScope.java:49)
	at org.activiti.engine.impl.interceptor.CommandContext.performOperation(CommandContext.java:97)
	at org.activiti.engine.impl.persistence.entity.ExecutionEntity.performOperationSync(ExecutionEntity.java:636)
	at org.activiti.engine.impl.persistence.entity.ExecutionEntity.performOperation(ExecutionEntity.java:629)
	at org.activiti.engine.impl.pvm.runtime.AtomicOperationTransitionNotifyListenerTake.execute(AtomicOperationTransitionNotifyListenerTake.java:80)
	at org.activiti.engine.impl.interceptor.CommandContext.performOperation(CommandContext.java:97)
	at org.activiti.engine.impl.persistence.entity.ExecutionEntity.performOperationSync(ExecutionEntity.java:636)
	at org.activiti.engine.impl.persistence.entity.ExecutionEntity.performOperation(ExecutionEntity.java:629)
	at org.activiti.engine.impl.pvm.runtime.AtomicOperationTransitionDestroyScope.execute(AtomicOperationTransitionDestroyScope.java:116)
	at org.activiti.engine.impl.interceptor.CommandContext.performOperation(CommandContext.java:97)
	at org.activiti.engine.impl.persistence.entity.ExecutionEntity.performOperationSync(ExecutionEntity.java:636)
	at org.activiti.engine.impl.persistence.entity.ExecutionEntity.performOperation(ExecutionEntity.java:629)
	at org.activiti.engine.impl.pvm.runtime.AtomicOperationTransitionNotifyListenerEnd.eventNotificationsCompleted(AtomicOperationTransitionNotifyListenerEnd.java:35)
	at org.activiti.engine.impl.pvm.runtime.AbstractEventAtomicOperation.execute(AbstractEventAtomicOperation.java:56)
	at org.activiti.engine.impl.interceptor.CommandContext.performOperation(CommandContext.java:97)
	at org.activiti.engine.impl.persistence.entity.ExecutionEntity.performOperationSync(ExecutionEntity.java:636)
	at org.activiti.engine.impl.persistence.entity.ExecutionEntity.performOperation(ExecutionEntity.java:629)
	at org.activiti.engine.impl.pvm.runtime.AbstractEventAtomicOperation.execute(AbstractEventAtomicOperation.java:49)
	at org.activiti.engine.impl.interceptor.CommandContext.performOperation(CommandContext.java:97)
	at org.activiti.engine.impl.persistence.entity.ExecutionEntity.performOperationSync(ExecutionEntity.java:636)
	at org.activiti.engine.impl.persistence.entity.ExecutionEntity.performOperation(ExecutionEntity.java:629)
	at org.activiti.engine.impl.persistence.entity.ExecutionEntity.take(ExecutionEntity.java:453)
	at org.activiti.engine.impl.persistence.entity.ExecutionEntity.take(ExecutionEntity.java:431)
	at org.activiti.engine.impl.bpmn.behavior.BpmnActivityBehavior.performOutgoingBehavior(BpmnActivityBehavior.java:140)
	at org.activiti.engine.impl.bpmn.behavior.BpmnActivityBehavior.performDefaultOutgoingBehavior(BpmnActivityBehavior.java:66)
	at org.activiti.engine.impl.bpmn.behavior.FlowNodeActivityBehavior.leave(FlowNodeActivityBehavior.java:44)
	at org.activiti.engine.impl.bpmn.behavior.FlowNodeActivityBehavior.execute(FlowNodeActivityBehavior.java:36)
	at org.activiti.engine.impl.pvm.runtime.AtomicOperationActivityExecute.execute(AtomicOperationActivityExecute.java:60)
	at org.activiti.engine.impl.interceptor.CommandContext.performOperation(CommandContext.java:97)
	at org.activiti.engine.impl.persistence.entity.ExecutionEntity.performOperationSync(ExecutionEntity.java:636)
	at org.activiti.engine.impl.persistence.entity.ExecutionEntity.performOperation(ExecutionEntity.java:629)
	at org.activiti.engine.impl.pvm.runtime.AtomicOperationActivityStart.eventNotificationsCompleted(AtomicOperationActivityStart.java:26)
	at org.activiti.engine.impl.pvm.runtime.AbstractEventAtomicOperation.execute(AbstractEventAtomicOperation.java:56)
	at org.activiti.engine.impl.interceptor.CommandContext.performOperation(CommandContext.java:97)
	at org.activiti.engine.impl.persistence.entity.ExecutionEntity.performOperationSync(ExecutionEntity.java:636)
	at org.activiti.engine.impl.persistence.entity.ExecutionEntity.performOperation(ExecutionEntity.java:629)
	at org.activiti.engine.impl.persistence.entity.ExecutionEntity.executeActivity(ExecutionEntity.java:458)
	at org.activiti.engine.impl.bpmn.behavior.SubProcessActivityBehavior.execute(SubProcessActivityBehavior.java:55)
	at org.activiti.engine.impl.pvm.runtime.AtomicOperationActivityExecute.execute(AtomicOperationActivityExecute.java:60)
	at org.activiti.engine.impl.interceptor.CommandContext.performOperation(CommandContext.java:97)
	at org.activiti.engine.impl.persistence.entity.ExecutionEntity.performOperationSync(ExecutionEntity.java:636)
	at org.activiti.engine.impl.persistence.entity.ExecutionEntity.performOperation(ExecutionEntity.java:629)
	at org.activiti.engine.impl.pvm.runtime.AtomicOperationTransitionNotifyListenerStart.eventNotificationsCompleted(AtomicOperationTransitionNotifyListenerStart.java:52)
	at org.activiti.engine.impl.pvm.runtime.AbstractEventAtomicOperation.execute(AbstractEventAtomicOperation.java:56)
	at org.activiti.engine.impl.interceptor.CommandContext.performOperation(CommandContext.java:97)
	at org.activiti.engine.impl.persistence.entity.ExecutionEntity.performOperationSync(ExecutionEntity.java:636)
	at org.activiti.engine.impl.persistence.entity.ExecutionEntity.performOperation(ExecutionEntity.java:629)
	at org.activiti.engine.impl.pvm.runtime.AbstractEventAtomicOperation.execute(AbstractEventAtomicOperation.java:49)
	at org.activiti.engine.impl.interceptor.CommandContext.performOperation(CommandContext.java:97)
	at org.activiti.engine.impl.persistence.entity.ExecutionEntity.performOperationSync(ExecutionEntity.java:636)
	at org.activiti.engine.impl.persistence.entity.ExecutionEntity.performOperation(ExecutionEntity.java:629)
	at org.activiti.engine.impl.pvm.runtime.AtomicOperationTransitionCreateScope.execute(AtomicOperationTransitionCreateScope.java:49)
	at org.activiti.engine.impl.interceptor.CommandContext.performOperation(CommandContext.java:97)
	at org.activiti.engine.impl.persistence.entity.ExecutionEntity.performOperationSync(ExecutionEntity.java:636)
	at org.activiti.engine.impl.persistence.entity.ExecutionEntity.performOperation(ExecutionEntity.java:629)
	at org.activiti.engine.impl.pvm.runtime.AtomicOperationTransitionNotifyListenerTake.execute(AtomicOperationTransitionNotifyListenerTake.java:80)
	at org.activiti.engine.impl.interceptor.CommandContext.performOperation(CommandContext.java:97)
	at org.activiti.engine.impl.persistence.entity.ExecutionEntity.performOperationSync(ExecutionEntity.java:636)
	at org.activiti.engine.impl.persistence.entity.ExecutionEntity.performOperation(ExecutionEntity.java:629)
	at org.activiti.engine.impl.pvm.runtime.AtomicOperationTransitionDestroyScope.execute(AtomicOperationTransitionDestroyScope.java:116)
	at org.activiti.engine.impl.interceptor.CommandContext.performOperation(CommandContext.java:97)
	at org.activiti.engine.impl.persistence.entity.ExecutionEntity.performOperationSync(ExecutionEntity.java:636)
	at org.activiti.engine.impl.persistence.entity.ExecutionEntity.performOperation(ExecutionEntity.java:629)
	at org.activiti.engine.impl.pvm.runtime.AtomicOperationTransitionNotifyListenerEnd.eventNotificationsCompleted(AtomicOperationTransitionNotifyListenerEnd.java:35)
	at org.activiti.engine.impl.pvm.runtime.AbstractEventAtomicOperation.execute(AbstractEventAtomicOperation.java:56)
	at org.activiti.engine.impl.interceptor.CommandContext.performOperation(CommandContext.java:97)
	at org.activiti.engine.impl.persistence.entity.ExecutionEntity.performOperationSync(ExecutionEntity.java:636)
	at org.activiti.engine.impl.persistence.entity.ExecutionEntity.performOperation(ExecutionEntity.java:629)
	at org.activiti.engine.impl.pvm.runtime.AbstractEventAtomicOperation.execute(AbstractEventAtomicOperation.java:49)
	at org.activiti.engine.impl.interceptor.CommandContext.performOperation(CommandContext.java:97)
	at org.activiti.engine.impl.persistence.entity.ExecutionEntity.performOperationSync(ExecutionEntity.java:636)
	at org.activiti.engine.impl.persistence.entity.ExecutionEntity.performOperation(ExecutionEntity.java:629)
	at org.activiti.engine.impl.persistence.entity.ExecutionEntity.take(ExecutionEntity.java:453)
	at org.activiti.engine.impl.persistence.entity.ExecutionEntity.take(ExecutionEntity.java:431)
	at org.activiti.engine.impl.bpmn.behavior.BpmnActivityBehavior.performOutgoingBehavior(BpmnActivityBehavior.java:140)
	at org.activiti.engine.impl.bpmn.behavior.BpmnActivityBehavior.performDefaultOutgoingBehavior(BpmnActivityBehavior.java:66)
	at org.activiti.engine.impl.bpmn.behavior.FlowNodeActivityBehavior.leave(FlowNodeActivityBehavior.java:44)
	at org.activiti.engine.impl.bpmn.behavior.FlowNodeActivityBehavior.execute(FlowNodeActivityBehavior.java:36)
	at org.activiti.engine.impl.pvm.runtime.AtomicOperationActivityExecute.execute(AtomicOperationActivityExecute.java:60)
	at org.activiti.engine.impl.interceptor.CommandContext.performOperation(CommandContext.java:97)
	at org.activiti.engine.impl.persistence.entity.ExecutionEntity.performOperationSync(ExecutionEntity.java:636)
	at org.activiti.engine.impl.persistence.entity.ExecutionEntity.performOperation(ExecutionEntity.java:629)
	at org.activiti.engine.impl.pvm.runtime.AtomicOperationProcessStartInitial.eventNotificationsCompleted(AtomicOperationProcessStartInitial.java:45)
	at org.activiti.engine.impl.pvm.runtime.AbstractEventAtomicOperation.execute(AbstractEventAtomicOperation.java:56)
	at org.activiti.engine.impl.interceptor.CommandContext.performOperation(CommandContext.java:97)
	at org.activiti.engine.impl.persistence.entity.ExecutionEntity.performOperationSync(ExecutionEntity.java:636)
	at org.activiti.engine.impl.persistence.entity.ExecutionEntity.performOperation(ExecutionEntity.java:629)
	at org.activiti.engine.impl.pvm.runtime.AtomicOperationProcessStart.eventNotificationsCompleted(AtomicOperationProcessStart.java:64)
	at org.activiti.engine.impl.pvm.runtime.AbstractEventAtomicOperation.execute(AbstractEventAtomicOperation.java:56)
	at org.activiti.engine.impl.interceptor.CommandContext.performOperation(CommandContext.java:97)
	at org.activiti.engine.impl.persistence.entity.ExecutionEntity.performOperationSync(ExecutionEntity.java:636)
	at org.activiti.engine.impl.persistence.entity.ExecutionEntity.performOperation(ExecutionEntity.java:629)
	at org.activiti.engine.impl.persistence.entity.ExecutionEntity.start(ExecutionEntity.java:381)
	at org.activiti.engine.impl.cmd.StartProcessInstanceCmd.execute(StartProcessInstanceCmd.java:110)
	at org.activiti.engine.impl.cmd.StartProcessInstanceCmd.execute(StartProcessInstanceCmd.java:37)
	at org.activiti.engine.impl.interceptor.CommandInvoker.execute(CommandInvoker.java:24)
	at org.activiti.engine.impl.interceptor.CommandContextInterceptor.execute(CommandContextInterceptor.java:57)
	at org.activiti.engine.impl.interceptor.LogInterceptor.execute(LogInterceptor.java:37)
	at org.activiti.engine.impl.cfg.CommandExecutorImpl.execute(CommandExecutorImpl.java:40)
	at org.activiti.engine.impl.cfg.CommandExecutorImpl.execute(CommandExecutorImpl.java:35)
	at org.activiti.engine.impl.RuntimeServiceImpl.startProcessInstanceByKey(RuntimeServiceImpl.java:69)
	at org.activiti.engine.test.bpmn.subprocess.SubProcessTest.testNestedSubProcessesWithoutEndEvents(SubProcessTest.java:354)
	at sun.reflect.NativeMethodAccessorImpl.invoke0(Native Method)
	at sun.reflect.NativeMethodAccessorImpl.invoke(NativeMethodAccessorImpl.java:62)
	at sun.reflect.DelegatingMethodAccessorImpl.invoke(DelegatingMethodAccessorImpl.java:43)
	at java.lang.reflect.Method.invoke(Method.java:498)
	at junit.framework.TestCase.runTest(TestCase.java:176)
	at org.activiti.engine.impl.test.PvmTestCase.runTest(PvmTestCase.java:65)
	at junit.framework.TestCase.runBare(TestCase.java:141)
	at org.activiti.engine.impl.test.AbstractActivitiTestCase.runBare(AbstractActivitiTestCase.java:100)
	at junit.framework.TestResult$1.protect(TestResult.java:122)
	at junit.framework.TestResult.runProtected(TestResult.java:142)
	at junit.framework.TestResult.run(TestResult.java:125)
	at junit.framework.TestCase.run(TestCase.java:129)
	at junit.framework.TestSuite.runTest(TestSuite.java:255)
	at junit.framework.TestSuite.run(TestSuite.java:250)
	at org.junit.internal.runners.JUnit38ClassRunner.run(JUnit38ClassRunner.java:84)
	at org.apache.maven.surefire.junit4.JUnit4TestSet.execute(JUnit4TestSet.java:35)
	at org.apache.maven.surefire.junit4.JUnit4Provider.executeTestSet(JUnit4Provider.java:146)
	at org.apache.maven.surefire.junit4.JUnit4Provider.invoke(JUnit4Provider.java:97)
	at sun.reflect.NativeMethodAccessorImpl.invoke0(Native Method)
	at sun.reflect.NativeMethodAccessorImpl.invoke(NativeMethodAccessorImpl.java:62)
	at sun.reflect.DelegatingMethodAccessorImpl.invoke(DelegatingMethodAccessorImpl.java:43)
	at java.lang.reflect.Method.invoke(Method.java:498)
	at org.apache.maven.surefire.booter.ProviderFactory$ClassLoaderProxy.invoke(ProviderFactory.java:103)
	at com.sun.proxy.$Proxy0.invoke(Unknown Source)
	at org.apache.maven.surefire.booter.SurefireStarter.invokeProvider(SurefireStarter.java:145)
	at org.apache.maven.surefire.booter.SurefireStarter.runSuitesInProcess(SurefireStarter.java:87)
	at org.apache.maven.surefire.booter.ForkedBooter.main(ForkedBooter.java:69)
Caused by: org.h2.jdbc.JdbcSQLException: Syntax error in SQL statement &quot;SELECT RES.* 
     
    FROM ACT_HI_ACTINST RES
     WHERE  RES.EXECUTION_ID_ = ?
      
      
      
        AND RES.ACT_ID_ = ?
      
      
      
      
      
      
      
      
        AND RES.END_TIME_ IS NULL 
   
     ORDER BY  ORDER[*] BY RES.ID_ ASC  
    LIMIT ? OFFSET ? &quot;; expected &quot;=, NOT, EXISTS, INTERSECTS, SELECT, FROM&quot;; SQL statement:
select RES.* 
     
    from ACT_HI_ACTINST RES
     WHERE  RES.EXECUTION_ID_ = ?
      
      
      
        and RES.ACT_ID_ = ?
      
      
      
      
      
      
      
      
        and RES.END_TIME_ is null 
   
     order by  order by RES.ID_ asc  
    LIMIT ? OFFSET ? [42001-176]
	at org.h2.message.DbException.getJdbcSQLException(DbException.java:344)
	at org.h2.message.DbException.getSyntaxError(DbException.java:204)
	at org.h2.command.Parser.getSyntaxError(Parser.java:524)
	at org.h2.command.Parser.readTerm(Parser.java:2688)
	at org.h2.command.Parser.readFactor(Parser.java:2244)
	at org.h2.command.Parser.readSum(Parser.java:2231)
	at org.h2.command.Parser.readConcat(Parser.java:2201)
	at org.h2.command.Parser.readCondition(Parser.java:2051)
	at org.h2.command.Parser.readAnd(Parser.java:2023)
	at org.h2.command.Parser.readExpression(Parser.java:2015)
	at org.h2.command.Parser.parseEndOfQuery(Parser.java:1726)
	at org.h2.command.Parser.parseSelectUnionExtension(Parser.java:1706)
	at org.h2.command.Parser.parseSelectUnion(Parser.java:1675)
	at org.h2.command.Parser.parseSelect(Parser.java:1662)
	at org.h2.command.Parser.parsePrepared(Parser.java:434)
	at org.h2.command.Parser.parse(Parser.java:306)
	at org.h2.command.Parser.parse(Parser.java:282)
	at org.h2.command.Parser.prepareCommand(Parser.java:243)
	at org.h2.engine.Session.prepareLocal(Session.java:442)
	at org.h2.engine.Session.prepareCommand(Session.java:384)
	at org.h2.jdbc.JdbcConnection.prepareCommand(JdbcConnection.java:1188)
	at org.h2.jdbc.JdbcPreparedStatement.&lt;init&gt;(JdbcPreparedStatement.java:73)
	at org.h2.jdbc.JdbcConnection.prepareStatement(JdbcConnection.java:276)
	at sun.reflect.GeneratedMethodAccessor6.invoke(Unknown Source)
	at sun.reflect.DelegatingMethodAccessorImpl.invoke(DelegatingMethodAccessorImpl.java:43)
	at java.lang.reflect.Method.invoke(Method.java:498)
	at org.apache.ibatis.datasource.pooled.PooledConnection.invoke(PooledConnection.java:245)
	at com.sun.proxy.$Proxy12.prepareStatement(Unknown Source)
	at sun.reflect.GeneratedMethodAccessor6.invoke(Unknown Source)
	at sun.reflect.DelegatingMethodAccessorImpl.invoke(DelegatingMethodAccessorImpl.java:43)
	at java.lang.reflect.Method.invoke(Method.java:498)
	at org.apache.ibatis.logging.jdbc.ConnectionLogger.invoke(ConnectionLogger.java:55)
	at com.sun.proxy.$Proxy12.prepareStatement(Unknown Source)
	at org.apache.ibatis.executor.statement.PreparedStatementHandler.instantiateStatement(PreparedStatementHandler.java:79)
	at org.apache.ibatis.executor.statement.BaseStatementHandler.prepare(BaseStatementHandler.java:88)
	at org.apache.ibatis.executor.statement.RoutingStatementHandler.prepare(RoutingStatementHandler.java:58)
	at org.apache.ibatis.executor.SimpleExecutor.prepareStatement(SimpleExecutor.java:76)
	at org.apache.ibatis.executor.SimpleExecutor.doQuery(SimpleExecutor.java:61)
	at org.apache.ibatis.executor.BaseExecutor.queryFromDatabase(BaseExecutor.java:303)
	at org.apache.ibatis.executor.BaseExecutor.query(BaseExecutor.java:154)
	at org.apache.ibatis.executor.CachingExecutor.query(CachingExecutor.java:102)
	at org.apache.ibatis.executor.CachingExecutor.query(CachingExecutor.java:82)
	at org.apache.ibatis.session.defaults.DefaultSqlSession.selectList(DefaultSqlSession.java:120)
	... 313 more
10:47:09,915 [main] DEBUG org.activiti.engine.impl.test.TestHelper  - annotation @Deployment deletes deployment for SubProcessTest.testNestedSubProcessesWithoutEndEvents
10:47:09,915 [main] DEBUG org.activiti.engine.impl.interceptor.LogInterceptor  - 

10:47:09,915 [main] DEBUG org.activiti.engine.impl.interceptor.LogInterceptor  - --- starting DeleteDeploymentCmd --------------------------------------------------------
10:47:09,915 [main] DEBUG org.apache.ibatis.transaction.jdbc.JdbcTransaction  - Opening JDBC Connection
10:47:09,915 [main] DEBUG org.apache.ibatis.datasource.pooled.PooledDataSource  - Checked out connection 363509958 from pool.
10:47:09,915 [main] DEBUG org.apache.ibatis.transaction.jdbc.JdbcTransaction  - Setting autocommit to false on JDBC Connection [conn2: url=jdbc:h2:mem:activiti user=SA]
10:47:09,915 [main] DEBUG org.activiti.engine.impl.persistence.entity.DeploymentEntity.selectDeploymentById  - ==&gt;  Preparing: select * from ACT_RE_DEPLOYMENT where ID_ = ? 
10:47:09,915 [main] DEBUG org.activiti.engine.impl.persistence.entity.DeploymentEntity.selectDeploymentById  - ==&gt; Parameters: 223(String)
10:47:09,915 [main] DEBUG org.activiti.engine.impl.persistence.entity.DeploymentEntity.selectDeploymentById  - &lt;==      Total: 1
10:47:09,915 [main] DEBUG org.activiti.engine.impl.persistence.entity.ProcessDefinitionEntity.selectProcessDefinitionsByQueryCriteria  - ==&gt;  Preparing: select RES.* from ACT_RE_PROCDEF RES WHERE RES.DEPLOYMENT_ID_ = ? order by order by RES.ID_ asc LIMIT ? OFFSET ? 
10:47:09,915 [main] DEBUG org.activiti.engine.impl.interceptor.CommandContext  - Error while closing command context
org.apache.ibatis.exceptions.PersistenceException: 
### Error querying database.  Cause: org.h2.jdbc.JdbcSQLException: Syntax error in SQL statement &quot;SELECT RES.* 
       
    FROM ACT_RE_PROCDEF RES
     
     WHERE  RES.DEPLOYMENT_ID_ = ? 
   
     ORDER BY  ORDER[*] BY RES.ID_ ASC  
    LIMIT ? OFFSET ? &quot;; expected &quot;=, NOT, EXISTS, INTERSECTS, SELECT, FROM&quot;; SQL statement:
select RES.* 
       
    from ACT_RE_PROCDEF RES
     
     WHERE  RES.DEPLOYMENT_ID_ = ? 
   
     order by  order by RES.ID_ asc  
    LIMIT ? OFFSET ? [42001-176]
### The error may exist in org/activiti/db/mapping/entity/ProcessDefinition.xml
### The error may involve org.activiti.engine.impl.persistence.entity.ProcessDefinitionEntity.selectProcessDefinitionsByQueryCriteria
### The error occurred while executing a query
### SQL: select RES.*              from ACT_RE_PROCDEF RES            WHERE  RES.DEPLOYMENT_ID_ = ?           order by  order by RES.ID_ asc       LIMIT ? OFFSET ?
### Cause: org.h2.jdbc.JdbcSQLException: Syntax error in SQL statement &quot;SELECT RES.* 
       
    FROM ACT_RE_PROCDEF RES
     
     WHERE  RES.DEPLOYMENT_ID_ = ? 
   
     ORDER BY  ORDER[*] BY RES.ID_ ASC  
    LIMIT ? OFFSET ? &quot;; expected &quot;=, NOT, EXISTS, INTERSECTS, SELECT, FROM&quot;; SQL statement:
select RES.* 
       
    from ACT_RE_PROCDEF RES
     
     WHERE  RES.DEPLOYMENT_ID_ = ? 
   
     order by  order by RES.ID_ asc  
    LIMIT ? OFFSET ? [42001-176]
	at org.apache.ibatis.exceptions.ExceptionFactory.wrapException(ExceptionFactory.java:30)
	at org.apache.ibatis.session.defaults.DefaultSqlSession.selectList(DefaultSqlSession.java:122)
	at org.apache.ibatis.session.defaults.DefaultSqlSession.selectList(DefaultSqlSession.java:113)
	at org.activiti.engine.impl.db.DbSqlSession.selectListWithRawParameter(DbSqlSession.java:438)
	at org.activiti.engine.impl.db.DbSqlSession.selectList(DbSqlSession.java:429)
	at org.activiti.engine.impl.db.DbSqlSession.selectList(DbSqlSession.java:419)
	at org.activiti.engine.impl.persistence.entity.ProcessDefinitionEntityManager.findProcessDefinitionsByQueryCriteria(ProcessDefinitionEntityManager.java:57)
	at org.activiti.engine.impl.ProcessDefinitionQueryImpl.executeList(ProcessDefinitionQueryImpl.java:307)
	at org.activiti.engine.impl.AbstractQuery.list(AbstractQuery.java:140)
	at org.activiti.engine.impl.persistence.deploy.DeploymentManager.removeDeployment(DeploymentManager.java:187)
	at org.activiti.engine.impl.cmd.DeleteDeploymentCmd.execute(DeleteDeploymentCmd.java:44)
	at org.activiti.engine.impl.cmd.DeleteDeploymentCmd.execute(DeleteDeploymentCmd.java:24)
	at org.activiti.engine.impl.interceptor.CommandInvoker.execute(CommandInvoker.java:24)
	at org.activiti.engine.impl.interceptor.CommandContextInterceptor.execute(CommandContextInterceptor.java:57)
	at org.activiti.engine.impl.interceptor.LogInterceptor.execute(LogInterceptor.java:37)
	at org.activiti.engine.impl.cfg.CommandExecutorImpl.execute(CommandExecutorImpl.java:40)
	at org.activiti.engine.impl.cfg.CommandExecutorImpl.execute(CommandExecutorImpl.java:35)
	at org.activiti.engine.impl.RepositoryServiceImpl.deleteDeployment(RepositoryServiceImpl.java:90)
	at org.activiti.engine.impl.test.TestHelper.annotationDeploymentTearDown(TestHelper.java:116)
	at org.activiti.engine.impl.test.AbstractActivitiTestCase.runBare(AbstractActivitiTestCase.java:116)
	at junit.framework.TestResult$1.protect(TestResult.java:122)
	at junit.framework.TestResult.runProtected(TestResult.java:142)
	at junit.framework.TestResult.run(TestResult.java:125)
	at junit.framework.TestCase.run(TestCase.java:129)
	at junit.framework.TestSuite.runTest(TestSuite.java:255)
	at junit.framework.TestSuite.run(TestSuite.java:250)
	at org.junit.internal.runners.JUnit38ClassRunner.run(JUnit38ClassRunner.java:84)
	at org.apache.maven.surefire.junit4.JUnit4TestSet.execute(JUnit4TestSet.java:35)
	at org.apache.maven.surefire.junit4.JUnit4Provider.executeTestSet(JUnit4Provider.java:146)
	at org.apache.maven.surefire.junit4.JUnit4Provider.invoke(JUnit4Provider.java:97)
	at sun.reflect.NativeMethodAccessorImpl.invoke0(Native Method)
	at sun.reflect.NativeMethodAccessorImpl.invoke(NativeMethodAccessorImpl.java:62)
	at sun.reflect.DelegatingMethodAccessorImpl.invoke(DelegatingMethodAccessorImpl.java:43)
	at java.lang.reflect.Method.invoke(Method.java:498)
	at org.apache.maven.surefire.booter.ProviderFactory$ClassLoaderProxy.invoke(ProviderFactory.java:103)
	at com.sun.proxy.$Proxy0.invoke(Unknown Source)
	at org.apache.maven.surefire.booter.SurefireStarter.invokeProvider(SurefireStarter.java:145)
	at org.apache.maven.surefire.booter.SurefireStarter.runSuitesInProcess(SurefireStarter.java:87)
	at org.apache.maven.surefire.booter.ForkedBooter.main(ForkedBooter.java:69)
Caused by: org.h2.jdbc.JdbcSQLException: Syntax error in SQL statement &quot;SELECT RES.* 
       
    FROM ACT_RE_PROCDEF RES
     
     WHERE  RES.DEPLOYMENT_ID_ = ? 
   
     ORDER BY  ORDER[*] BY RES.ID_ ASC  
    LIMIT ? OFFSET ? &quot;; expected &quot;=, NOT, EXISTS, INTERSECTS, SELECT, FROM&quot;; SQL statement:
select RES.* 
       
    from ACT_RE_PROCDEF RES
     
     WHERE  RES.DEPLOYMENT_ID_ = ? 
   
     order by  order by RES.ID_ asc  
    LIMIT ? OFFSET ? [42001-176]
	at org.h2.message.DbException.getJdbcSQLException(DbException.java:344)
	at org.h2.message.DbException.getSyntaxError(DbException.java:204)
	at org.h2.command.Parser.getSyntaxError(Parser.java:524)
	at org.h2.command.Parser.readTerm(Parser.java:2688)
	at org.h2.command.Parser.readFactor(Parser.java:2244)
	at org.h2.command.Parser.readSum(Parser.java:2231)
	at org.h2.command.Parser.readConcat(Parser.java:2201)
	at org.h2.command.Parser.readCondition(Parser.java:2051)
	at org.h2.command.Parser.readAnd(Parser.java:2023)
	at org.h2.command.Parser.readExpression(Parser.java:2015)
	at org.h2.command.Parser.parseEndOfQuery(Parser.java:1726)
	at org.h2.command.Parser.parseSelectUnionExtension(Parser.java:1706)
	at org.h2.command.Parser.parseSelectUnion(Parser.java:1675)
	at org.h2.command.Parser.parseSelect(Parser.java:1662)
	at org.h2.command.Parser.parsePrepared(Parser.java:434)
	at org.h2.command.Parser.parse(Parser.java:306)
	at org.h2.command.Parser.parse(Parser.java:282)
	at org.h2.command.Parser.prepareCommand(Parser.java:243)
	at org.h2.engine.Session.prepareLocal(Session.java:442)
	at org.h2.engine.Session.prepareCommand(Session.java:384)
	at org.h2.jdbc.JdbcConnection.prepareCommand(JdbcConnection.java:1188)
	at org.h2.jdbc.JdbcPreparedStatement.&lt;init&gt;(JdbcPreparedStatement.java:73)
	at org.h2.jdbc.JdbcConnection.prepareStatement(JdbcConnection.java:276)
	at sun.reflect.GeneratedMethodAccessor6.invoke(Unknown Source)
	at sun.reflect.DelegatingMethodAccessorImpl.invoke(DelegatingMethodAccessorImpl.java:43)
	at java.lang.reflect.Method.invoke(Method.java:498)
	at org.apache.ibatis.datasource.pooled.PooledConnection.invoke(PooledConnection.java:245)
	at com.sun.proxy.$Proxy12.prepareStatement(Unknown Source)
	at sun.reflect.GeneratedMethodAccessor6.invoke(Unknown Source)
	at sun.reflect.DelegatingMethodAccessorImpl.invoke(DelegatingMethodAccessorImpl.java:43)
	at java.lang.reflect.Method.invoke(Method.java:498)
	at org.apache.ibatis.logging.jdbc.ConnectionLogger.invoke(ConnectionLogger.java:55)
	at com.sun.proxy.$Proxy12.prepareStatement(Unknown Source)
	at org.apache.ibatis.executor.statement.PreparedStatementHandler.instantiateStatement(PreparedStatementHandler.java:79)
	at org.apache.ibatis.executor.statement.BaseStatementHandler.prepare(BaseStatementHandler.java:88)
	at org.apache.ibatis.executor.statement.RoutingStatementHandler.prepare(RoutingStatementHandler.java:58)
	at org.apache.ibatis.executor.SimpleExecutor.prepareStatement(SimpleExecutor.java:76)
	at org.apache.ibatis.executor.SimpleExecutor.doQuery(SimpleExecutor.java:61)
	at org.apache.ibatis.executor.BaseExecutor.queryFromDatabase(BaseExecutor.java:303)
	at org.apache.ibatis.executor.BaseExecutor.query(BaseExecutor.java:154)
	at org.apache.ibatis.executor.CachingExecutor.query(CachingExecutor.java:102)
	at org.apache.ibatis.executor.CachingExecutor.query(CachingExecutor.java:82)
	at org.apache.ibatis.session.defaults.DefaultSqlSession.selectList(DefaultSqlSession.java:120)
	... 37 more
10:47:09,915 [main] DEBUG org.activiti.engine.impl.cfg.standalone.StandaloneMybatisTransactionContext  - firing event rolling back...
10:47:09,915 [main] DEBUG org.activiti.engine.impl.cfg.standalone.StandaloneMybatisTransactionContext  - rolling back ibatis sql session...
10:47:09,915 [main] DEBUG org.activiti.engine.impl.cfg.standalone.StandaloneMybatisTransactionContext  - firing event rolled back...
10:47:09,915 [main] DEBUG org.apache.ibatis.transaction.jdbc.JdbcTransaction  - Resetting autocommit to true on JDBC Connection [conn2: url=jdbc:h2:mem:activiti user=SA]
10:47:09,915 [main] DEBUG org.apache.ibatis.transaction.jdbc.JdbcTransaction  - Closing JDBC Connection [conn2: url=jdbc:h2:mem:activiti user=SA]
10:47:09,915 [main] DEBUG org.apache.ibatis.datasource.pooled.PooledDataSource  - Returned connection 363509958 to pool.
10:47:09,916 [main] DEBUG org.activiti.engine.impl.interceptor.LogInterceptor  - --- DeleteDeploymentCmd finished --------------------------------------------------------
10:47:09,916 [main] DEBUG org.activiti.engine.impl.interceptor.LogInterceptor  - 

</system-out>
  </testcase>
  <testcase classname="org.activiti.engine.test.bpmn.subprocess.SubProcessTest" name="testSimpleSubProcess" time="0.019">
    <error message="
### Error querying database.  Cause: org.h2.jdbc.JdbcSQLException: Syntax error in SQL statement &quot;SELECT RES.* 
       
    FROM ACT_RE_PROCDEF RES
     
     WHERE  RES.DEPLOYMENT_ID_ = ? 
   
     ORDER BY  ORDER[*] BY RES.ID_ ASC  
    LIMIT ? OFFSET ? &quot;; expected &quot;=, NOT, EXISTS, INTERSECTS, SELECT, FROM&quot;; SQL statement:
select RES.* 
       
    from ACT_RE_PROCDEF RES
     
     WHERE  RES.DEPLOYMENT_ID_ = ? 
   
     order by  order by RES.ID_ asc  
    LIMIT ? OFFSET ? [42001-176]
### The error may exist in org/activiti/db/mapping/entity/ProcessDefinition.xml
### The error may involve org.activiti.engine.impl.persistence.entity.ProcessDefinitionEntity.selectProcessDefinitionsByQueryCriteria
### The error occurred while executing a query
### SQL: select RES.*              from ACT_RE_PROCDEF RES            WHERE  RES.DEPLOYMENT_ID_ = ?           order by  order by RES.ID_ asc       LIMIT ? OFFSET ?
### Cause: org.h2.jdbc.JdbcSQLException: Syntax error in SQL statement &quot;SELECT RES.* 
       
    FROM ACT_RE_PROCDEF RES
     
     WHERE  RES.DEPLOYMENT_ID_ = ? 
   
     ORDER BY  ORDER[*] BY RES.ID_ ASC  
    LIMIT ? OFFSET ? &quot;; expected &quot;=, NOT, EXISTS, INTERSECTS, SELECT, FROM&quot;; SQL statement:
select RES.* 
       
    from ACT_RE_PROCDEF RES
     
     WHERE  RES.DEPLOYMENT_ID_ = ? 
   
     order by  order by RES.ID_ asc  
    LIMIT ? OFFSET ? [42001-176]" type="org.apache.ibatis.exceptions.PersistenceException">org.apache.ibatis.exceptions.PersistenceException: 
### Error querying database.  Cause: org.h2.jdbc.JdbcSQLException: Syntax error in SQL statement &quot;SELECT RES.* 
       
    FROM ACT_RE_PROCDEF RES
     
     WHERE  RES.DEPLOYMENT_ID_ = ? 
   
     ORDER BY  ORDER[*] BY RES.ID_ ASC  
    LIMIT ? OFFSET ? &quot;; expected &quot;=, NOT, EXISTS, INTERSECTS, SELECT, FROM&quot;; SQL statement:
select RES.* 
       
    from ACT_RE_PROCDEF RES
     
     WHERE  RES.DEPLOYMENT_ID_ = ? 
   
     order by  order by RES.ID_ asc  
    LIMIT ? OFFSET ? [42001-176]
### The error may exist in org/activiti/db/mapping/entity/ProcessDefinition.xml
### The error may involve org.activiti.engine.impl.persistence.entity.ProcessDefinitionEntity.selectProcessDefinitionsByQueryCriteria
### The error occurred while executing a query
### SQL: select RES.*              from ACT_RE_PROCDEF RES            WHERE  RES.DEPLOYMENT_ID_ = ?           order by  order by RES.ID_ asc       LIMIT ? OFFSET ?
### Cause: org.h2.jdbc.JdbcSQLException: Syntax error in SQL statement &quot;SELECT RES.* 
       
    FROM ACT_RE_PROCDEF RES
     
     WHERE  RES.DEPLOYMENT_ID_ = ? 
   
     ORDER BY  ORDER[*] BY RES.ID_ ASC  
    LIMIT ? OFFSET ? &quot;; expected &quot;=, NOT, EXISTS, INTERSECTS, SELECT, FROM&quot;; SQL statement:
select RES.* 
       
    from ACT_RE_PROCDEF RES
     
     WHERE  RES.DEPLOYMENT_ID_ = ? 
   
     order by  order by RES.ID_ asc  
    LIMIT ? OFFSET ? [42001-176]
	at org.apache.ibatis.exceptions.ExceptionFactory.wrapException(ExceptionFactory.java:30)
	at org.apache.ibatis.session.defaults.DefaultSqlSession.selectList(DefaultSqlSession.java:122)
	at org.apache.ibatis.session.defaults.DefaultSqlSession.selectList(DefaultSqlSession.java:113)
	at org.activiti.engine.impl.db.DbSqlSession.selectListWithRawParameter(DbSqlSession.java:438)
	at org.activiti.engine.impl.db.DbSqlSession.selectList(DbSqlSession.java:429)
	at org.activiti.engine.impl.db.DbSqlSession.selectList(DbSqlSession.java:419)
	at org.activiti.engine.impl.persistence.entity.ProcessDefinitionEntityManager.findProcessDefinitionsByQueryCriteria(ProcessDefinitionEntityManager.java:57)
	at org.activiti.engine.impl.ProcessDefinitionQueryImpl.executeList(ProcessDefinitionQueryImpl.java:307)
	at org.activiti.engine.impl.AbstractQuery.list(AbstractQuery.java:140)
	at org.activiti.engine.impl.persistence.deploy.DeploymentManager.removeDeployment(DeploymentManager.java:187)
	at org.activiti.engine.impl.cmd.DeleteDeploymentCmd.execute(DeleteDeploymentCmd.java:44)
	at org.activiti.engine.impl.cmd.DeleteDeploymentCmd.execute(DeleteDeploymentCmd.java:24)
	at org.activiti.engine.impl.interceptor.CommandInvoker.execute(CommandInvoker.java:24)
	at org.activiti.engine.impl.interceptor.CommandContextInterceptor.execute(CommandContextInterceptor.java:57)
	at org.activiti.engine.impl.interceptor.LogInterceptor.execute(LogInterceptor.java:37)
	at org.activiti.engine.impl.cfg.CommandExecutorImpl.execute(CommandExecutorImpl.java:40)
	at org.activiti.engine.impl.cfg.CommandExecutorImpl.execute(CommandExecutorImpl.java:35)
	at org.activiti.engine.impl.RepositoryServiceImpl.deleteDeployment(RepositoryServiceImpl.java:90)
	at org.activiti.engine.impl.test.TestHelper.annotationDeploymentTearDown(TestHelper.java:116)
	at org.activiti.engine.impl.test.AbstractActivitiTestCase.runBare(AbstractActivitiTestCase.java:116)
	at junit.framework.TestResult$1.protect(TestResult.java:122)
	at junit.framework.TestResult.runProtected(TestResult.java:142)
	at junit.framework.TestResult.run(TestResult.java:125)
	at junit.framework.TestCase.run(TestCase.java:129)
	at junit.framework.TestSuite.runTest(TestSuite.java:255)
	at junit.framework.TestSuite.run(TestSuite.java:250)
	at org.junit.internal.runners.JUnit38ClassRunner.run(JUnit38ClassRunner.java:84)
	at org.apache.maven.surefire.junit4.JUnit4TestSet.execute(JUnit4TestSet.java:35)
	at org.apache.maven.surefire.junit4.JUnit4Provider.executeTestSet(JUnit4Provider.java:146)
	at org.apache.maven.surefire.junit4.JUnit4Provider.invoke(JUnit4Provider.java:97)
	at sun.reflect.NativeMethodAccessorImpl.invoke0(Native Method)
	at sun.reflect.NativeMethodAccessorImpl.invoke(NativeMethodAccessorImpl.java:62)
	at sun.reflect.DelegatingMethodAccessorImpl.invoke(DelegatingMethodAccessorImpl.java:43)
	at java.lang.reflect.Method.invoke(Method.java:498)
	at org.apache.maven.surefire.booter.ProviderFactory$ClassLoaderProxy.invoke(ProviderFactory.java:103)
	at com.sun.proxy.$Proxy0.invoke(Unknown Source)
	at org.apache.maven.surefire.booter.SurefireStarter.invokeProvider(SurefireStarter.java:145)
	at org.apache.maven.surefire.booter.SurefireStarter.runSuitesInProcess(SurefireStarter.java:87)
	at org.apache.maven.surefire.booter.ForkedBooter.main(ForkedBooter.java:69)
Caused by: org.h2.jdbc.JdbcSQLException: Syntax error in SQL statement &quot;SELECT RES.* 
       
    FROM ACT_RE_PROCDEF RES
     
     WHERE  RES.DEPLOYMENT_ID_ = ? 
   
     ORDER BY  ORDER[*] BY RES.ID_ ASC  
    LIMIT ? OFFSET ? &quot;; expected &quot;=, NOT, EXISTS, INTERSECTS, SELECT, FROM&quot;; SQL statement:
select RES.* 
       
    from ACT_RE_PROCDEF RES
     
     WHERE  RES.DEPLOYMENT_ID_ = ? 
   
     order by  order by RES.ID_ asc  
    LIMIT ? OFFSET ? [42001-176]
	at org.h2.message.DbException.getJdbcSQLException(DbException.java:344)
	at org.h2.message.DbException.getSyntaxError(DbException.java:204)
	at org.h2.command.Parser.getSyntaxError(Parser.java:524)
	at org.h2.command.Parser.readTerm(Parser.java:2688)
	at org.h2.command.Parser.readFactor(Parser.java:2244)
	at org.h2.command.Parser.readSum(Parser.java:2231)
	at org.h2.command.Parser.readConcat(Parser.java:2201)
	at org.h2.command.Parser.readCondition(Parser.java:2051)
	at org.h2.command.Parser.readAnd(Parser.java:2023)
	at org.h2.command.Parser.readExpression(Parser.java:2015)
	at org.h2.command.Parser.parseEndOfQuery(Parser.java:1726)
	at org.h2.command.Parser.parseSelectUnionExtension(Parser.java:1706)
	at org.h2.command.Parser.parseSelectUnion(Parser.java:1675)
	at org.h2.command.Parser.parseSelect(Parser.java:1662)
	at org.h2.command.Parser.parsePrepared(Parser.java:434)
	at org.h2.command.Parser.parse(Parser.java:306)
	at org.h2.command.Parser.parse(Parser.java:282)
	at org.h2.command.Parser.prepareCommand(Parser.java:243)
	at org.h2.engine.Session.prepareLocal(Session.java:442)
	at org.h2.engine.Session.prepareCommand(Session.java:384)
	at org.h2.jdbc.JdbcConnection.prepareCommand(JdbcConnection.java:1188)
	at org.h2.jdbc.JdbcPreparedStatement.&lt;init&gt;(JdbcPreparedStatement.java:73)
	at org.h2.jdbc.JdbcConnection.prepareStatement(JdbcConnection.java:276)
	at sun.reflect.GeneratedMethodAccessor6.invoke(Unknown Source)
	at sun.reflect.DelegatingMethodAccessorImpl.invoke(DelegatingMethodAccessorImpl.java:43)
	at java.lang.reflect.Method.invoke(Method.java:498)
	at org.apache.ibatis.datasource.pooled.PooledConnection.invoke(PooledConnection.java:245)
	at com.sun.proxy.$Proxy12.prepareStatement(Unknown Source)
	at sun.reflect.GeneratedMethodAccessor6.invoke(Unknown Source)
	at sun.reflect.DelegatingMethodAccessorImpl.invoke(DelegatingMethodAccessorImpl.java:43)
	at java.lang.reflect.Method.invoke(Method.java:498)
	at org.apache.ibatis.logging.jdbc.ConnectionLogger.invoke(ConnectionLogger.java:55)
	at com.sun.proxy.$Proxy12.prepareStatement(Unknown Source)
	at org.apache.ibatis.executor.statement.PreparedStatementHandler.instantiateStatement(PreparedStatementHandler.java:79)
	at org.apache.ibatis.executor.statement.BaseStatementHandler.prepare(BaseStatementHandler.java:88)
	at org.apache.ibatis.executor.statement.RoutingStatementHandler.prepare(RoutingStatementHandler.java:58)
	at org.apache.ibatis.executor.SimpleExecutor.prepareStatement(SimpleExecutor.java:76)
	at org.apache.ibatis.executor.SimpleExecutor.doQuery(SimpleExecutor.java:61)
	at org.apache.ibatis.executor.BaseExecutor.queryFromDatabase(BaseExecutor.java:303)
	at org.apache.ibatis.executor.BaseExecutor.query(BaseExecutor.java:154)
	at org.apache.ibatis.executor.CachingExecutor.query(CachingExecutor.java:102)
	at org.apache.ibatis.executor.CachingExecutor.query(CachingExecutor.java:82)
	at org.apache.ibatis.session.defaults.DefaultSqlSession.selectList(DefaultSqlSession.java:120)
	... 37 more
</error>
    <system-out>10:47:09,916 [main] DEBUG org.activiti.engine.impl.test.TestHelper  - annotation @Deployment creates deployment for SubProcessTest.testSimpleSubProcess
10:47:09,917 [main] DEBUG org.activiti.engine.impl.interceptor.LogInterceptor  - 

10:47:09,917 [main] DEBUG org.activiti.engine.impl.interceptor.LogInterceptor  - --- starting DeployCmd --------------------------------------------------------
10:47:09,917 [main] DEBUG org.activiti.engine.impl.bpmn.deployer.BpmnDeployer  - Processing deployment SubProcessTest.testSimpleSubProcess
10:47:09,917 [main] INFO  org.activiti.engine.impl.bpmn.deployer.BpmnDeployer  - Processing resource org/activiti/engine/test/bpmn/subprocess/SubProcessTest.testSimpleSubProcess.bpmn20.xml
10:47:09,923 [main] DEBUG org.activiti.engine.impl.bpmn.parser.handler.ProcessParseHandler  - Parsing process simpleSubProcess
10:47:09,923 [main] DEBUG org.activiti.engine.impl.bpmn.parser.handler.AbstractBpmnParseHandler  - Parsing activity subProcess
10:47:09,923 [main] DEBUG org.activiti.engine.impl.bpmn.parser.handler.AbstractBpmnParseHandler  - Parsing activity subProcessTask
10:47:09,923 [main] DEBUG org.activiti.engine.impl.bpmn.parser.handler.AbstractBpmnParseHandler  - Parsing activity subProcessStart
10:47:09,923 [main] DEBUG org.activiti.engine.impl.bpmn.parser.handler.AbstractBpmnParseHandler  - Parsing activity subProcessEnd
10:47:09,923 [main] DEBUG org.activiti.engine.impl.bpmn.parser.handler.AbstractBpmnParseHandler  - Parsing activity theStart
10:47:09,923 [main] DEBUG org.activiti.engine.impl.bpmn.parser.handler.AbstractBpmnParseHandler  - Parsing activity theEnd
10:47:09,923 [main] DEBUG org.apache.ibatis.transaction.jdbc.JdbcTransaction  - Opening JDBC Connection
10:47:09,923 [main] DEBUG org.apache.ibatis.datasource.pooled.PooledDataSource  - Checked out connection 180014677 from pool.
10:47:09,923 [main] DEBUG org.apache.ibatis.transaction.jdbc.JdbcTransaction  - Setting autocommit to false on JDBC Connection [conn3: url=jdbc:h2:mem:activiti user=SA]
10:47:09,923 [main] DEBUG org.activiti.engine.impl.persistence.entity.ProcessDefinitionEntity.selectLatestProcessDefinitionByKey  - ==&gt;  Preparing: select * from ACT_RE_PROCDEF where KEY_ = ? and (TENANT_ID_ = &apos;&apos; or TENANT_ID_ is null) and VERSION_ = (select max(VERSION_) from ACT_RE_PROCDEF where KEY_ = ? and (TENANT_ID_ = &apos;&apos; or TENANT_ID_ is null)) 
10:47:09,923 [main] DEBUG org.activiti.engine.impl.persistence.entity.ProcessDefinitionEntity.selectLatestProcessDefinitionByKey  - ==&gt; Parameters: simpleSubProcess(String), simpleSubProcess(String)
10:47:09,924 [main] DEBUG org.activiti.engine.impl.persistence.entity.ProcessDefinitionEntity.selectLatestProcessDefinitionByKey  - &lt;==      Total: 1
10:47:09,924 [main] DEBUG org.activiti.engine.impl.persistence.entity.JobEntity.selectJobByTypeAndProcessDefinitionKeyNoTenantId  - ==&gt;  Preparing: select J.* from ACT_RU_JOB J inner join ACT_RE_PROCDEF P on J.PROC_DEF_ID_ = P.ID_ where J.HANDLER_TYPE_ = ? and P.KEY_ = ? and (P.TENANT_ID_ = &apos;&apos; or P.TENANT_ID_ is null) 
10:47:09,924 [main] DEBUG org.activiti.engine.impl.persistence.entity.JobEntity.selectJobByTypeAndProcessDefinitionKeyNoTenantId  - ==&gt; Parameters: timer-start-event(String), simpleSubProcess(String)
10:47:09,924 [main] DEBUG org.activiti.engine.impl.persistence.entity.JobEntity.selectJobByTypeAndProcessDefinitionKeyNoTenantId  - &lt;==      Total: 0
10:47:09,924 [main] DEBUG org.activiti.engine.impl.persistence.entity.EventSubscriptionEntity.selectEventSubscriptionsByConfiguration  - ==&gt;  Preparing: select * from ACT_RU_EVENT_SUBSCR where (EVENT_TYPE_ = ?) and ( (CONFIGURATION_ = ?) or (PROC_DEF_ID_ = ?) ) and (TENANT_ID_ = &apos;&apos; or TENANT_ID_ is null) 
10:47:09,924 [main] DEBUG org.activiti.engine.impl.persistence.entity.EventSubscriptionEntity.selectEventSubscriptionsByConfiguration  - ==&gt; Parameters: message(String), simpleSubProcess:1:178(String), simpleSubProcess:1:178(String)
10:47:09,924 [main] DEBUG org.activiti.engine.impl.persistence.entity.EventSubscriptionEntity.selectEventSubscriptionsByConfiguration  - &lt;==      Total: 0
10:47:09,924 [main] DEBUG org.activiti.engine.impl.persistence.entity.EventSubscriptionEntity.selectEventSubscriptionsByConfiguration  - ==&gt;  Preparing: select * from ACT_RU_EVENT_SUBSCR where (EVENT_TYPE_ = ?) and ( (CONFIGURATION_ = ?) or (PROC_DEF_ID_ = ?) ) and (TENANT_ID_ = &apos;&apos; or TENANT_ID_ is null) 
10:47:09,924 [main] DEBUG org.activiti.engine.impl.persistence.entity.EventSubscriptionEntity.selectEventSubscriptionsByConfiguration  - ==&gt; Parameters: signal(String), simpleSubProcess:1:178(String), simpleSubProcess:1:178(String)
10:47:09,924 [main] DEBUG org.activiti.engine.impl.persistence.entity.EventSubscriptionEntity.selectEventSubscriptionsByConfiguration  - &lt;==      Total: 0
10:47:09,924 [main] DEBUG org.activiti.engine.impl.persistence.entity.ProcessDefinitionInfoEntity.selectProcessDefinitionInfoByProcessDefinitionId  - ==&gt;  Preparing: select * from ACT_PROCDEF_INFO where PROC_DEF_ID_ = ? 
10:47:09,924 [main] DEBUG org.activiti.engine.impl.persistence.entity.ProcessDefinitionInfoEntity.selectProcessDefinitionInfoByProcessDefinitionId  - ==&gt; Parameters: simpleSubProcess:2:240(String)
10:47:09,924 [main] DEBUG org.activiti.engine.impl.persistence.entity.ProcessDefinitionInfoEntity.selectProcessDefinitionInfoByProcessDefinitionId  - &lt;==      Total: 0
10:47:09,924 [main] DEBUG org.activiti.engine.impl.interceptor.LogInterceptor  - 

10:47:09,924 [main] DEBUG org.activiti.engine.impl.interceptor.LogInterceptor  - --- starting GetProcessDefinitionInfoCmd --------------------------------------------------------
10:47:09,924 [main] DEBUG org.activiti.engine.impl.interceptor.CommandContextInterceptor  - Valid context found. Reusing it for the current command &apos;org.activiti.engine.impl.cmd.GetProcessDefinitionInfoCmd&apos;
10:47:09,924 [main] DEBUG org.activiti.engine.impl.interceptor.LogInterceptor  - 

10:47:09,925 [main] DEBUG org.activiti.engine.impl.interceptor.LogInterceptor  - --- starting  --------------------------------------------------------
10:47:09,925 [main] DEBUG org.activiti.engine.impl.interceptor.CommandContextInterceptor  - Valid context found. Reusing it for the current command &apos;null&apos;
10:47:09,925 [main] DEBUG org.activiti.engine.impl.interceptor.LogInterceptor  - ---  finished --------------------------------------------------------
10:47:09,925 [main] DEBUG org.activiti.engine.impl.interceptor.LogInterceptor  - 

10:47:09,925 [main] DEBUG org.activiti.engine.impl.interceptor.LogInterceptor  - --- GetProcessDefinitionInfoCmd finished --------------------------------------------------------
10:47:09,925 [main] DEBUG org.activiti.engine.impl.interceptor.LogInterceptor  - 

10:47:09,925 [main] DEBUG org.activiti.engine.impl.db.DbSqlSession  -   insert ResourceEntity[id=239, name=org/activiti/engine/test/bpmn/subprocess/SubProcessTest.testSimpleSubProcess.bpmn20.xml]
10:47:09,925 [main] DEBUG org.activiti.engine.impl.db.DbSqlSession  -   insert DeploymentEntity[id=238, name=SubProcessTest.testSimpleSubProcess]
10:47:09,925 [main] DEBUG org.activiti.engine.impl.db.DbSqlSession  -   insert ProcessDefinitionEntity[simpleSubProcess:2:240]
10:47:09,925 [main] DEBUG org.activiti.engine.impl.db.DbSqlSession  - flush summary: 3 insert, 0 update, 0 delete.
10:47:09,925 [main] DEBUG org.activiti.engine.impl.db.DbSqlSession  - now executing flush...
10:47:09,925 [main] DEBUG org.activiti.engine.impl.db.DbSqlSession  - inserting: ProcessDefinitionEntity[simpleSubProcess:2:240]
10:47:09,925 [main] DEBUG org.activiti.engine.impl.persistence.entity.ProcessDefinitionEntity.insertProcessDefinition  - ==&gt;  Preparing: insert into ACT_RE_PROCDEF(ID_, REV_, CATEGORY_, NAME_, KEY_, VERSION_, DEPLOYMENT_ID_, RESOURCE_NAME_, DGRM_RESOURCE_NAME_, DESCRIPTION_, HAS_START_FORM_KEY_, HAS_GRAPHICAL_NOTATION_ , SUSPENSION_STATE_, TENANT_ID_) values (?, 1, ?, ?, ?, ?, ?, ?, ?, ?, ?, ?, ?, ?) 
10:47:09,925 [main] DEBUG org.activiti.engine.impl.persistence.entity.ProcessDefinitionEntity.insertProcessDefinition  - ==&gt; Parameters: simpleSubProcess:2:240(String), Examples(String), null, simpleSubProcess(String), 2(Integer), 238(String), org/activiti/engine/test/bpmn/subprocess/SubProcessTest.testSimpleSubProcess.bpmn20.xml(String), null, null, false(Boolean), false(Boolean), 1(Integer), (String)
10:47:09,925 [main] DEBUG org.activiti.engine.impl.persistence.entity.ProcessDefinitionEntity.insertProcessDefinition  - &lt;==    Updates: 1
10:47:09,925 [main] DEBUG org.activiti.engine.impl.db.DbSqlSession  - inserting: DeploymentEntity[id=238, name=SubProcessTest.testSimpleSubProcess]
10:47:09,925 [main] DEBUG org.activiti.engine.impl.persistence.entity.DeploymentEntity.insertDeployment  - ==&gt;  Preparing: insert into ACT_RE_DEPLOYMENT(ID_, NAME_, CATEGORY_, TENANT_ID_, DEPLOY_TIME_) values(?, ?, ?, ?, ?) 
10:47:09,925 [main] DEBUG org.activiti.engine.impl.persistence.entity.DeploymentEntity.insertDeployment  - ==&gt; Parameters: 238(String), SubProcessTest.testSimpleSubProcess(String), null, (String), 2023-03-20 10:46:46.742(Timestamp)
10:47:09,925 [main] DEBUG org.activiti.engine.impl.persistence.entity.DeploymentEntity.insertDeployment  - &lt;==    Updates: 1
10:47:09,925 [main] DEBUG org.activiti.engine.impl.db.DbSqlSession  - inserting: ResourceEntity[id=239, name=org/activiti/engine/test/bpmn/subprocess/SubProcessTest.testSimpleSubProcess.bpmn20.xml]
10:47:09,925 [main] DEBUG org.activiti.engine.impl.persistence.entity.ResourceEntity.insertResource  - ==&gt;  Preparing: insert into ACT_GE_BYTEARRAY(ID_, REV_, NAME_, BYTES_, DEPLOYMENT_ID_, GENERATED_) values (?, 1, ?, ?, ?, ?) 
10:47:09,925 [main] DEBUG org.activiti.engine.impl.persistence.entity.ResourceEntity.insertResource  - ==&gt; Parameters: 239(String), org/activiti/engine/test/bpmn/subprocess/SubProcessTest.testSimpleSubProcess.bpmn20.xml(String), java.io.ByteArrayInputStream@2f22ff4(ByteArrayInputStream), 238(String), false(Boolean)
10:47:09,926 [main] DEBUG org.activiti.engine.impl.persistence.entity.ResourceEntity.insertResource  - &lt;==    Updates: 1
10:47:09,926 [main] DEBUG org.activiti.engine.impl.cfg.standalone.StandaloneMybatisTransactionContext  - firing event committing...
10:47:09,926 [main] DEBUG org.activiti.engine.impl.cfg.standalone.StandaloneMybatisTransactionContext  - committing the ibatis sql session...
10:47:09,926 [main] DEBUG org.apache.ibatis.transaction.jdbc.JdbcTransaction  - Committing JDBC Connection [conn3: url=jdbc:h2:mem:activiti user=SA]
10:47:09,926 [main] DEBUG org.activiti.engine.impl.cfg.standalone.StandaloneMybatisTransactionContext  - firing event committed...
10:47:09,926 [main] DEBUG org.apache.ibatis.transaction.jdbc.JdbcTransaction  - Resetting autocommit to true on JDBC Connection [conn3: url=jdbc:h2:mem:activiti user=SA]
10:47:09,926 [main] DEBUG org.apache.ibatis.transaction.jdbc.JdbcTransaction  - Closing JDBC Connection [conn3: url=jdbc:h2:mem:activiti user=SA]
10:47:09,926 [main] DEBUG org.apache.ibatis.datasource.pooled.PooledDataSource  - Returned connection 180014677 to pool.
10:47:09,926 [main] DEBUG org.activiti.engine.impl.interceptor.LogInterceptor  - --- DeployCmd finished --------------------------------------------------------
10:47:09,926 [main] DEBUG org.activiti.engine.impl.interceptor.LogInterceptor  - 

10:47:09,926 [main] DEBUG org.activiti.engine.impl.test.PvmTestCase  - 

10:47:09,926 [main] DEBUG org.activiti.engine.impl.test.PvmTestCase  - #### START SubProcessTest.testSimpleSubProcess ###########################################################
10:47:09,926 [main] DEBUG org.activiti.engine.impl.interceptor.LogInterceptor  - 

10:47:09,926 [main] DEBUG org.activiti.engine.impl.interceptor.LogInterceptor  - --- starting StartProcessInstanceCmd --------------------------------------------------------
10:47:09,926 [main] DEBUG org.apache.ibatis.transaction.jdbc.JdbcTransaction  - Opening JDBC Connection
10:47:09,926 [main] DEBUG org.apache.ibatis.datasource.pooled.PooledDataSource  - Checked out connection 486346394 from pool.
10:47:09,926 [main] DEBUG org.apache.ibatis.transaction.jdbc.JdbcTransaction  - Setting autocommit to false on JDBC Connection [conn6: url=jdbc:h2:mem:activiti user=SA]
10:47:09,926 [main] DEBUG org.activiti.engine.impl.persistence.entity.ProcessDefinitionEntity.selectLatestProcessDefinitionByKey  - ==&gt;  Preparing: select * from ACT_RE_PROCDEF where KEY_ = ? and (TENANT_ID_ = &apos;&apos; or TENANT_ID_ is null) and VERSION_ = (select max(VERSION_) from ACT_RE_PROCDEF where KEY_ = ? and (TENANT_ID_ = &apos;&apos; or TENANT_ID_ is null)) 
10:47:09,926 [main] DEBUG org.activiti.engine.impl.persistence.entity.ProcessDefinitionEntity.selectLatestProcessDefinitionByKey  - ==&gt; Parameters: simpleSubProcess(String), simpleSubProcess(String)
10:47:09,926 [main] DEBUG org.activiti.engine.impl.persistence.entity.ProcessDefinitionEntity.selectLatestProcessDefinitionByKey  - &lt;==      Total: 1
10:47:09,926 [main] DEBUG org.activiti.engine.impl.persistence.entity.ExecutionEntity  - initializing ProcessInstance[241]
10:47:09,927 [main] DEBUG org.activiti.engine.impl.history.DefaultHistoryManager  - Current history level: FULL, level required: ACTIVITY
10:47:09,927 [main] DEBUG org.activiti.engine.impl.pvm.runtime.AtomicOperationActivityExecute  - ProcessInstance[241] executes Activity(theStart): org.activiti.engine.impl.bpmn.behavior.NoneStartEventActivityBehavior
10:47:09,927 [main] DEBUG org.activiti.engine.impl.persistence.entity.JobEntity.selectJobsByExecutionId  - ==&gt;  Preparing: select * from ACT_RU_JOB J where J.EXECUTION_ID_ = ? 
10:47:09,927 [main] DEBUG org.activiti.engine.impl.persistence.entity.JobEntity.selectJobsByExecutionId  - ==&gt; Parameters: 241(String)
10:47:09,927 [main] DEBUG org.activiti.engine.impl.persistence.entity.JobEntity.selectJobsByExecutionId  - &lt;==      Total: 0
10:47:09,927 [main] DEBUG org.activiti.engine.impl.bpmn.behavior.BpmnActivityBehavior  - Leaving activity &apos;theStart&apos;
10:47:09,927 [main] DEBUG org.activiti.engine.impl.history.DefaultHistoryManager  - Current history level: FULL, level required: ACTIVITY
10:47:09,927 [main] DEBUG org.activiti.engine.impl.pvm.runtime.AtomicOperationTransitionNotifyListenerTake  - ProcessInstance[241] takes transition (theStart)--flow1--&gt;(subProcess)
10:47:09,927 [main] DEBUG org.activiti.engine.impl.persistence.entity.ExecutionEntity  - Child execution ScopeExecution[243] created with parent 
10:47:09,927 [main] DEBUG org.activiti.engine.impl.pvm.runtime.AtomicOperationTransitionCreateScope  - create scope: parent ProcessInstance[241] continues as execution ScopeExecution[243]
10:47:09,927 [main] DEBUG org.activiti.engine.impl.persistence.entity.ExecutionEntity  - initializing ScopeExecution[243]
10:47:09,927 [main] DEBUG org.activiti.engine.impl.history.DefaultHistoryManager  - Current history level: FULL, level required: ACTIVITY
10:47:09,927 [main] DEBUG org.activiti.engine.impl.pvm.runtime.AtomicOperationActivityExecute  - ScopeExecution[243] executes Activity(subProcess): org.activiti.engine.impl.bpmn.behavior.SubProcessActivityBehavior
10:47:09,927 [main] DEBUG org.activiti.engine.impl.history.DefaultHistoryManager  - Current history level: FULL, level required: ACTIVITY
10:47:09,927 [main] DEBUG org.activiti.engine.impl.pvm.runtime.AtomicOperationActivityExecute  - ScopeExecution[243] executes Activity(subProcessStart): org.activiti.engine.impl.bpmn.behavior.NoneStartEventActivityBehavior
10:47:09,927 [main] DEBUG org.activiti.engine.impl.persistence.entity.JobEntity.selectJobsByExecutionId  - ==&gt;  Preparing: select * from ACT_RU_JOB J where J.EXECUTION_ID_ = ? 
10:47:09,927 [main] DEBUG org.activiti.engine.impl.persistence.entity.JobEntity.selectJobsByExecutionId  - ==&gt; Parameters: 243(String)
10:47:09,928 [main] DEBUG org.activiti.engine.impl.persistence.entity.JobEntity.selectJobsByExecutionId  - &lt;==      Total: 0
10:47:09,928 [main] DEBUG org.activiti.engine.impl.bpmn.behavior.BpmnActivityBehavior  - Leaving activity &apos;subProcessStart&apos;
10:47:09,928 [main] DEBUG org.activiti.engine.impl.history.DefaultHistoryManager  - Current history level: FULL, level required: ACTIVITY
10:47:09,928 [main] DEBUG org.activiti.engine.impl.pvm.runtime.AtomicOperationTransitionNotifyListenerTake  - ScopeExecution[243] takes transition (subProcessStart)--flow2--&gt;(subProcessTask)
10:47:09,928 [main] DEBUG org.activiti.engine.impl.history.DefaultHistoryManager  - Current history level: FULL, level required: ACTIVITY
10:47:09,928 [main] DEBUG org.activiti.engine.impl.pvm.runtime.AtomicOperationActivityExecute  - ScopeExecution[243] executes Activity(subProcessTask): org.activiti.engine.impl.bpmn.behavior.UserTaskActivityBehavior
10:47:09,928 [main] DEBUG org.activiti.engine.impl.persistence.entity.TaskEntity.selectTasksByExecutionId  - ==&gt;  Preparing: select distinct T.* from ACT_RU_TASK T where T.EXECUTION_ID_ = ? 
10:47:09,928 [main] DEBUG org.activiti.engine.impl.persistence.entity.TaskEntity.selectTasksByExecutionId  - ==&gt; Parameters: 243(String)
10:47:09,928 [main] DEBUG org.activiti.engine.impl.persistence.entity.TaskEntity.selectTasksByExecutionId  - &lt;==      Total: 0
10:47:09,928 [main] DEBUG org.activiti.engine.impl.history.DefaultHistoryManager  - Current history level: FULL, level required: AUDIT
10:47:09,928 [main] DEBUG org.activiti.engine.impl.history.DefaultHistoryManager  - Current history level: FULL, level required: AUDIT
10:47:09,928 [main] DEBUG org.activiti.engine.impl.interceptor.LogInterceptor  - 

10:47:09,928 [main] DEBUG org.activiti.engine.impl.interceptor.LogInterceptor  - --- starting  --------------------------------------------------------
10:47:09,928 [main] DEBUG org.activiti.engine.impl.interceptor.CommandContextInterceptor  - Valid context found. Reusing it for the current command &apos;null&apos;
10:47:09,928 [main] DEBUG org.activiti.engine.impl.persistence.entity.ProcessDefinitionInfoEntity.selectProcessDefinitionInfoByProcessDefinitionId  - ==&gt;  Preparing: select * from ACT_PROCDEF_INFO where PROC_DEF_ID_ = ? 
10:47:09,928 [main] DEBUG org.activiti.engine.impl.persistence.entity.ProcessDefinitionInfoEntity.selectProcessDefinitionInfoByProcessDefinitionId  - ==&gt; Parameters: simpleSubProcess:2:240(String)
10:47:09,929 [main] DEBUG org.activiti.engine.impl.persistence.entity.ProcessDefinitionInfoEntity.selectProcessDefinitionInfoByProcessDefinitionId  - &lt;==      Total: 0
10:47:09,929 [main] DEBUG org.activiti.engine.impl.interceptor.LogInterceptor  - ---  finished --------------------------------------------------------
10:47:09,929 [main] DEBUG org.activiti.engine.impl.interceptor.LogInterceptor  - 

10:47:09,929 [main] DEBUG org.activiti.engine.impl.history.DefaultHistoryManager  - Current history level: FULL, level required: AUDIT
10:47:09,929 [main] DEBUG org.activiti.engine.impl.history.DefaultHistoryManager  - Current history level: FULL, level required: AUDIT
10:47:09,929 [main] DEBUG org.activiti.engine.impl.history.DefaultHistoryManager  - Current history level: FULL, level required: ACTIVITY
10:47:09,929 [main] DEBUG org.activiti.engine.impl.db.DbSqlSession  -   insert ProcessInstance[241]
10:47:09,929 [main] DEBUG org.activiti.engine.impl.db.DbSqlSession  -   insert ScopeExecution[243]
10:47:09,929 [main] DEBUG org.activiti.engine.impl.db.DbSqlSession  -   insert HistoricProcessInstanceEntity[superProcessInstanceId=null]
10:47:09,929 [main] DEBUG org.activiti.engine.impl.db.DbSqlSession  -   insert Task[id=247, name=Task in subprocess]
10:47:09,929 [main] DEBUG org.activiti.engine.impl.db.DbSqlSession  -   insert HistoricTaskInstanceEntity[id=247, name=Task in subprocess]
10:47:09,929 [main] DEBUG org.activiti.engine.impl.db.DbSqlSession  -   insert HistoricActivityInstanceEntity[activityId=theStart, activityName=null]
10:47:09,929 [main] DEBUG org.activiti.engine.impl.db.DbSqlSession  -   insert HistoricActivityInstanceEntity[activityId=subProcess, activityName=null]
10:47:09,929 [main] DEBUG org.activiti.engine.impl.db.DbSqlSession  -   insert HistoricActivityInstanceEntity[activityId=subProcessStart, activityName=null]
10:47:09,929 [main] DEBUG org.activiti.engine.impl.db.DbSqlSession  -   insert HistoricActivityInstanceEntity[activityId=subProcessTask, activityName=Task in subprocess]
10:47:09,929 [main] DEBUG org.activiti.engine.impl.db.DbSqlSession  - flush summary: 9 insert, 0 update, 0 delete.
10:47:09,929 [main] DEBUG org.activiti.engine.impl.db.DbSqlSession  - now executing flush...
10:47:09,929 [main] DEBUG org.activiti.engine.impl.db.DbSqlSession  - inserting: HistoricTaskInstanceEntity[id=247, name=Task in subprocess]
10:47:09,929 [main] DEBUG org.activiti.engine.impl.persistence.entity.HistoricTaskInstanceEntity.insertHistoricTaskInstance  - ==&gt;  Preparing: insert into ACT_HI_TASKINST ( ID_, PROC_DEF_ID_, PROC_INST_ID_, EXECUTION_ID_, NAME_, PARENT_TASK_ID_, DESCRIPTION_, OWNER_, ASSIGNEE_, START_TIME_, CLAIM_TIME_, END_TIME_, DURATION_, DELETE_REASON_, TASK_DEF_KEY_, FORM_KEY_, PRIORITY_, DUE_DATE_, CATEGORY_, TENANT_ID_ ) values ( ?, ?, ?, ?, ?, ?, ?, ?, ?, ?, ?, ?, ?, ?, ?, ?, ?, ?, ?, ? ) 
10:47:09,929 [main] DEBUG org.activiti.engine.impl.persistence.entity.HistoricTaskInstanceEntity.insertHistoricTaskInstance  - ==&gt; Parameters: 247(String), simpleSubProcess:2:240(String), 241(String), 243(String), Task in subprocess(String), null, null, null, null, 2023-03-20 10:46:46.742(Timestamp), null, null, null, null, subProcessTask(String), null, 50(Integer), null, null, (String)
10:47:09,930 [main] DEBUG org.activiti.engine.impl.persistence.entity.HistoricTaskInstanceEntity.insertHistoricTaskInstance  - &lt;==    Updates: 1
10:47:09,930 [main] DEBUG org.activiti.engine.impl.db.DbSqlSession  - inserting: HistoricProcessInstanceEntity[superProcessInstanceId=null]
10:47:09,930 [main] DEBUG org.activiti.engine.impl.persistence.entity.HistoricProcessInstanceEntity.insertHistoricProcessInstance  - ==&gt;  Preparing: insert into ACT_HI_PROCINST ( ID_, PROC_INST_ID_, BUSINESS_KEY_, PROC_DEF_ID_, START_TIME_, END_TIME_, DURATION_, START_USER_ID_, START_ACT_ID_, END_ACT_ID_, SUPER_PROCESS_INSTANCE_ID_, DELETE_REASON_, TENANT_ID_, NAME_ ) values ( ?, ?, ?, ?, ?, ?, ?, ?, ?, ?, ?, ?, ?, ? ) 
10:47:09,930 [main] DEBUG org.activiti.engine.impl.persistence.entity.HistoricProcessInstanceEntity.insertHistoricProcessInstance  - ==&gt; Parameters: 241(String), 241(String), null, simpleSubProcess:2:240(String), 2023-03-20 10:46:46.742(Timestamp), null, null, null, theStart(String), null, null, null, (String), null
10:47:09,930 [main] DEBUG org.activiti.engine.impl.persistence.entity.HistoricProcessInstanceEntity.insertHistoricProcessInstance  - &lt;==    Updates: 1
10:47:09,930 [main] DEBUG org.activiti.engine.impl.persistence.entity.HistoricActivityInstanceEntity.bulkInsertHistoricActivityInstance  - ==&gt;  Preparing: insert into ACT_HI_ACTINST ( ID_, PROC_DEF_ID_, PROC_INST_ID_, EXECUTION_ID_, ACT_ID_, TASK_ID_, CALL_PROC_INST_ID_, ACT_NAME_, ACT_TYPE_, ASSIGNEE_, START_TIME_, END_TIME_, DURATION_, TENANT_ID_ ) values (?, ?, ?, ?, ?, ?, ?, ?, ?, ?, ?, ?, ?, ?) , (?, ?, ?, ?, ?, ?, ?, ?, ?, ?, ?, ?, ?, ?) , (?, ?, ?, ?, ?, ?, ?, ?, ?, ?, ?, ?, ?, ?) , (?, ?, ?, ?, ?, ?, ?, ?, ?, ?, ?, ?, ?, ?) 
10:47:09,930 [main] DEBUG org.activiti.engine.impl.persistence.entity.HistoricActivityInstanceEntity.bulkInsertHistoricActivityInstance  - ==&gt; Parameters: 242(String), simpleSubProcess:2:240(String), 241(String), 241(String), theStart(String), null, null, null, startEvent(String), null, 2023-03-20 10:46:46.742(Timestamp), 2023-03-20 10:46:46.742(Timestamp), 0(Long), (String), 244(String), simpleSubProcess:2:240(String), 241(String), 243(String), subProcess(String), null, null, null, subProcess(String), null, 2023-03-20 10:46:46.742(Timestamp), null, null, (String), 245(String), simpleSubProcess:2:240(String), 241(String), 243(String), subProcessStart(String), null, null, null, startEvent(String), null, 2023-03-20 10:46:46.742(Timestamp), 2023-03-20 10:46:46.742(Timestamp), 0(Long), (String), 246(String), simpleSubProcess:2:240(String), 241(String), 243(String), subProcessTask(String), 247(String), null, Task in subprocess(String), userTask(String), null, 2023-03-20 10:46:46.742(Timestamp), null, null, (String)
10:47:09,931 [main] DEBUG org.activiti.engine.impl.persistence.entity.HistoricActivityInstanceEntity.bulkInsertHistoricActivityInstance  - &lt;==    Updates: 4
10:47:09,931 [main] DEBUG org.activiti.engine.impl.persistence.entity.ExecutionEntity.bulkInsertExecution  - ==&gt;  Preparing: insert into ACT_RU_EXECUTION (ID_, REV_, PROC_INST_ID_, BUSINESS_KEY_, PROC_DEF_ID_, ACT_ID_, IS_ACTIVE_, IS_CONCURRENT_, IS_SCOPE_,IS_EVENT_SCOPE_, PARENT_ID_, SUPER_EXEC_, SUSPENSION_STATE_, CACHED_ENT_STATE_, TENANT_ID_, NAME_) values (?, 1, ?, ?, ?, ?, ?, ?, ?, ?, ?, ?, ?, ?, ?, ?) , (?, 1, ?, ?, ?, ?, ?, ?, ?, ?, ?, ?, ?, ?, ?, ?) 
10:47:09,931 [main] DEBUG org.activiti.engine.impl.persistence.entity.ExecutionEntity.bulkInsertExecution  - ==&gt; Parameters: 241(String), 241(String), null, simpleSubProcess:2:240(String), null, false(Boolean), false(Boolean), true(Boolean), false(Boolean), null, null, 1(Integer), 2(Integer), (String), null, 243(String), 241(String), null, simpleSubProcess:2:240(String), subProcessTask(String), true(Boolean), false(Boolean), true(Boolean), false(Boolean), 241(String), null, 1(Integer), 2(Integer), (String), null
10:47:09,931 [main] DEBUG org.activiti.engine.impl.persistence.entity.ExecutionEntity.bulkInsertExecution  - &lt;==    Updates: 2
10:47:09,931 [main] DEBUG org.activiti.engine.impl.db.DbSqlSession  - inserting: Task[id=247, name=Task in subprocess]
10:47:09,931 [main] DEBUG org.activiti.engine.impl.persistence.entity.TaskEntity.insertTask  - ==&gt;  Preparing: insert into ACT_RU_TASK (ID_, REV_, NAME_, PARENT_TASK_ID_, DESCRIPTION_, PRIORITY_, CREATE_TIME_, OWNER_, ASSIGNEE_, DELEGATION_, EXECUTION_ID_, PROC_INST_ID_, PROC_DEF_ID_, TASK_DEF_KEY_, DUE_DATE_, CATEGORY_, SUSPENSION_STATE_, TENANT_ID_, FORM_KEY_) values (?, 1, ?, ?, ?, ?, ?, ?, ?, ?, ?, ?, ?, ?, ?, ?, ?, ?, ? ) 
10:47:09,931 [main] DEBUG org.activiti.engine.impl.persistence.entity.TaskEntity.insertTask  - ==&gt; Parameters: 247(String), Task in subprocess(String), null, null, 50(Integer), 2023-03-20 10:46:46.742(Timestamp), null, null, null, 243(String), 241(String), simpleSubProcess:2:240(String), subProcessTask(String), null, null, 1(Integer), (String), null
10:47:09,931 [main] DEBUG org.activiti.engine.impl.persistence.entity.TaskEntity.insertTask  - &lt;==    Updates: 1
10:47:09,931 [main] DEBUG org.activiti.engine.impl.cfg.standalone.StandaloneMybatisTransactionContext  - firing event committing...
10:47:09,931 [main] DEBUG org.activiti.engine.impl.cfg.standalone.StandaloneMybatisTransactionContext  - committing the ibatis sql session...
10:47:09,931 [main] DEBUG org.apache.ibatis.transaction.jdbc.JdbcTransaction  - Committing JDBC Connection [conn6: url=jdbc:h2:mem:activiti user=SA]
10:47:09,931 [main] DEBUG org.activiti.engine.impl.cfg.standalone.StandaloneMybatisTransactionContext  - firing event committed...
10:47:09,931 [main] DEBUG org.apache.ibatis.transaction.jdbc.JdbcTransaction  - Resetting autocommit to true on JDBC Connection [conn6: url=jdbc:h2:mem:activiti user=SA]
10:47:09,931 [main] DEBUG org.apache.ibatis.transaction.jdbc.JdbcTransaction  - Closing JDBC Connection [conn6: url=jdbc:h2:mem:activiti user=SA]
10:47:09,931 [main] DEBUG org.apache.ibatis.datasource.pooled.PooledDataSource  - Returned connection 486346394 to pool.
10:47:09,932 [main] DEBUG org.activiti.engine.impl.interceptor.LogInterceptor  - --- StartProcessInstanceCmd finished --------------------------------------------------------
10:47:09,932 [main] DEBUG org.activiti.engine.impl.interceptor.LogInterceptor  - 

10:47:09,932 [main] DEBUG org.activiti.engine.impl.interceptor.LogInterceptor  - 

10:47:09,932 [main] DEBUG org.activiti.engine.impl.interceptor.LogInterceptor  - --- starting TaskQueryImpl --------------------------------------------------------
10:47:09,932 [main] DEBUG org.apache.ibatis.transaction.jdbc.JdbcTransaction  - Opening JDBC Connection
10:47:09,932 [main] DEBUG org.apache.ibatis.datasource.pooled.PooledDataSource  - Checked out connection 297240765 from pool.
10:47:09,932 [main] DEBUG org.apache.ibatis.transaction.jdbc.JdbcTransaction  - Setting autocommit to false on JDBC Connection [conn4: url=jdbc:h2:mem:activiti user=SA]
10:47:09,932 [main] DEBUG org.activiti.engine.impl.persistence.entity.TaskEntity.selectTaskByQueryCriteria  - ==&gt;  Preparing: select distinct RES.* from ACT_RU_TASK RES WHERE RES.PROC_INST_ID_ = ? order by order by RES.ID_ asc LIMIT ? OFFSET ? 
10:47:09,932 [main] DEBUG org.activiti.engine.impl.interceptor.CommandContext  - Error while closing command context
org.apache.ibatis.exceptions.PersistenceException: 
### Error querying database.  Cause: org.h2.jdbc.JdbcSQLException: Syntax error in SQL statement &quot;SELECT DISTINCT RES.* 
       
    FROM ACT_RU_TASK RES
     
     
     
     
    
     
     
     
     WHERE  RES.PROC_INST_ID_ = ? 
   
    
     ORDER BY  ORDER[*] BY RES.ID_ ASC  
    LIMIT ? OFFSET ? &quot;; expected &quot;=, NOT, EXISTS, INTERSECTS, SELECT, FROM&quot;; SQL statement:
select distinct RES.* 
       
    from ACT_RU_TASK RES
     
     
     
     
    
     
     
     
     WHERE  RES.PROC_INST_ID_ = ? 
   
    
     order by  order by RES.ID_ asc  
    LIMIT ? OFFSET ? [42001-176]
### The error may exist in org/activiti/db/mapping/entity/Task.xml
### The error may involve org.activiti.engine.impl.persistence.entity.TaskEntity.selectTaskByQueryCriteria
### The error occurred while executing a query
### SQL: select distinct RES.*              from ACT_RU_TASK RES                                                     WHERE  RES.PROC_INST_ID_ = ?                order by  order by RES.ID_ asc       LIMIT ? OFFSET ?
### Cause: org.h2.jdbc.JdbcSQLException: Syntax error in SQL statement &quot;SELECT DISTINCT RES.* 
       
    FROM ACT_RU_TASK RES
     
     
     
     
    
     
     
     
     WHERE  RES.PROC_INST_ID_ = ? 
   
    
     ORDER BY  ORDER[*] BY RES.ID_ ASC  
    LIMIT ? OFFSET ? &quot;; expected &quot;=, NOT, EXISTS, INTERSECTS, SELECT, FROM&quot;; SQL statement:
select distinct RES.* 
       
    from ACT_RU_TASK RES
     
     
     
     
    
     
     
     
     WHERE  RES.PROC_INST_ID_ = ? 
   
    
     order by  order by RES.ID_ asc  
    LIMIT ? OFFSET ? [42001-176]
	at org.apache.ibatis.exceptions.ExceptionFactory.wrapException(ExceptionFactory.java:30)
	at org.apache.ibatis.session.defaults.DefaultSqlSession.selectList(DefaultSqlSession.java:122)
	at org.apache.ibatis.session.defaults.DefaultSqlSession.selectList(DefaultSqlSession.java:113)
	at org.activiti.engine.impl.db.DbSqlSession.selectListWithRawParameter(DbSqlSession.java:438)
	at org.activiti.engine.impl.db.DbSqlSession.selectList(DbSqlSession.java:429)
	at org.activiti.engine.impl.persistence.entity.TaskEntityManager.findTasksByQueryCriteria(TaskEntityManager.java:135)
	at org.activiti.engine.impl.TaskQueryImpl.executeList(TaskQueryImpl.java:1256)
	at org.activiti.engine.impl.AbstractQuery.executeSingleResult(AbstractQuery.java:183)
	at org.activiti.engine.impl.AbstractQuery.execute(AbstractQuery.java:166)
	at org.activiti.engine.impl.interceptor.CommandInvoker.execute(CommandInvoker.java:24)
	at org.activiti.engine.impl.interceptor.CommandContextInterceptor.execute(CommandContextInterceptor.java:57)
	at org.activiti.engine.impl.interceptor.LogInterceptor.execute(LogInterceptor.java:37)
	at org.activiti.engine.impl.cfg.CommandExecutorImpl.execute(CommandExecutorImpl.java:40)
	at org.activiti.engine.impl.cfg.CommandExecutorImpl.execute(CommandExecutorImpl.java:35)
	at org.activiti.engine.impl.AbstractQuery.singleResult(AbstractQuery.java:129)
	at org.activiti.engine.test.bpmn.subprocess.SubProcessTest.testSimpleSubProcess(SubProcessTest.java:43)
	at sun.reflect.NativeMethodAccessorImpl.invoke0(Native Method)
	at sun.reflect.NativeMethodAccessorImpl.invoke(NativeMethodAccessorImpl.java:62)
	at sun.reflect.DelegatingMethodAccessorImpl.invoke(DelegatingMethodAccessorImpl.java:43)
	at java.lang.reflect.Method.invoke(Method.java:498)
	at junit.framework.TestCase.runTest(TestCase.java:176)
	at org.activiti.engine.impl.test.PvmTestCase.runTest(PvmTestCase.java:65)
	at junit.framework.TestCase.runBare(TestCase.java:141)
	at org.activiti.engine.impl.test.AbstractActivitiTestCase.runBare(AbstractActivitiTestCase.java:100)
	at junit.framework.TestResult$1.protect(TestResult.java:122)
	at junit.framework.TestResult.runProtected(TestResult.java:142)
	at junit.framework.TestResult.run(TestResult.java:125)
	at junit.framework.TestCase.run(TestCase.java:129)
	at junit.framework.TestSuite.runTest(TestSuite.java:255)
	at junit.framework.TestSuite.run(TestSuite.java:250)
	at org.junit.internal.runners.JUnit38ClassRunner.run(JUnit38ClassRunner.java:84)
	at org.apache.maven.surefire.junit4.JUnit4TestSet.execute(JUnit4TestSet.java:35)
	at org.apache.maven.surefire.junit4.JUnit4Provider.executeTestSet(JUnit4Provider.java:146)
	at org.apache.maven.surefire.junit4.JUnit4Provider.invoke(JUnit4Provider.java:97)
	at sun.reflect.NativeMethodAccessorImpl.invoke0(Native Method)
	at sun.reflect.NativeMethodAccessorImpl.invoke(NativeMethodAccessorImpl.java:62)
	at sun.reflect.DelegatingMethodAccessorImpl.invoke(DelegatingMethodAccessorImpl.java:43)
	at java.lang.reflect.Method.invoke(Method.java:498)
	at org.apache.maven.surefire.booter.ProviderFactory$ClassLoaderProxy.invoke(ProviderFactory.java:103)
	at com.sun.proxy.$Proxy0.invoke(Unknown Source)
	at org.apache.maven.surefire.booter.SurefireStarter.invokeProvider(SurefireStarter.java:145)
	at org.apache.maven.surefire.booter.SurefireStarter.runSuitesInProcess(SurefireStarter.java:87)
	at org.apache.maven.surefire.booter.ForkedBooter.main(ForkedBooter.java:69)
Caused by: org.h2.jdbc.JdbcSQLException: Syntax error in SQL statement &quot;SELECT DISTINCT RES.* 
       
    FROM ACT_RU_TASK RES
     
     
     
     
    
     
     
     
     WHERE  RES.PROC_INST_ID_ = ? 
   
    
     ORDER BY  ORDER[*] BY RES.ID_ ASC  
    LIMIT ? OFFSET ? &quot;; expected &quot;=, NOT, EXISTS, INTERSECTS, SELECT, FROM&quot;; SQL statement:
select distinct RES.* 
       
    from ACT_RU_TASK RES
     
     
     
     
    
     
     
     
     WHERE  RES.PROC_INST_ID_ = ? 
   
    
     order by  order by RES.ID_ asc  
    LIMIT ? OFFSET ? [42001-176]
	at org.h2.message.DbException.getJdbcSQLException(DbException.java:344)
	at org.h2.message.DbException.getSyntaxError(DbException.java:204)
	at org.h2.command.Parser.getSyntaxError(Parser.java:524)
	at org.h2.command.Parser.readTerm(Parser.java:2688)
	at org.h2.command.Parser.readFactor(Parser.java:2244)
	at org.h2.command.Parser.readSum(Parser.java:2231)
	at org.h2.command.Parser.readConcat(Parser.java:2201)
	at org.h2.command.Parser.readCondition(Parser.java:2051)
	at org.h2.command.Parser.readAnd(Parser.java:2023)
	at org.h2.command.Parser.readExpression(Parser.java:2015)
	at org.h2.command.Parser.parseEndOfQuery(Parser.java:1726)
	at org.h2.command.Parser.parseSelectUnionExtension(Parser.java:1706)
	at org.h2.command.Parser.parseSelectUnion(Parser.java:1675)
	at org.h2.command.Parser.parseSelect(Parser.java:1662)
	at org.h2.command.Parser.parsePrepared(Parser.java:434)
	at org.h2.command.Parser.parse(Parser.java:306)
	at org.h2.command.Parser.parse(Parser.java:282)
	at org.h2.command.Parser.prepareCommand(Parser.java:243)
	at org.h2.engine.Session.prepareLocal(Session.java:442)
	at org.h2.engine.Session.prepareCommand(Session.java:384)
	at org.h2.jdbc.JdbcConnection.prepareCommand(JdbcConnection.java:1188)
	at org.h2.jdbc.JdbcPreparedStatement.&lt;init&gt;(JdbcPreparedStatement.java:73)
	at org.h2.jdbc.JdbcConnection.prepareStatement(JdbcConnection.java:276)
	at sun.reflect.GeneratedMethodAccessor6.invoke(Unknown Source)
	at sun.reflect.DelegatingMethodAccessorImpl.invoke(DelegatingMethodAccessorImpl.java:43)
	at java.lang.reflect.Method.invoke(Method.java:498)
	at org.apache.ibatis.datasource.pooled.PooledConnection.invoke(PooledConnection.java:245)
	at com.sun.proxy.$Proxy12.prepareStatement(Unknown Source)
	at sun.reflect.GeneratedMethodAccessor6.invoke(Unknown Source)
	at sun.reflect.DelegatingMethodAccessorImpl.invoke(DelegatingMethodAccessorImpl.java:43)
	at java.lang.reflect.Method.invoke(Method.java:498)
	at org.apache.ibatis.logging.jdbc.ConnectionLogger.invoke(ConnectionLogger.java:55)
	at com.sun.proxy.$Proxy12.prepareStatement(Unknown Source)
	at org.apache.ibatis.executor.statement.PreparedStatementHandler.instantiateStatement(PreparedStatementHandler.java:79)
	at org.apache.ibatis.executor.statement.BaseStatementHandler.prepare(BaseStatementHandler.java:88)
	at org.apache.ibatis.executor.statement.RoutingStatementHandler.prepare(RoutingStatementHandler.java:58)
	at org.apache.ibatis.executor.SimpleExecutor.prepareStatement(SimpleExecutor.java:76)
	at org.apache.ibatis.executor.SimpleExecutor.doQuery(SimpleExecutor.java:61)
	at org.apache.ibatis.executor.BaseExecutor.queryFromDatabase(BaseExecutor.java:303)
	at org.apache.ibatis.executor.BaseExecutor.query(BaseExecutor.java:154)
	at org.apache.ibatis.executor.CachingExecutor.query(CachingExecutor.java:102)
	at org.apache.ibatis.executor.CachingExecutor.query(CachingExecutor.java:82)
	at org.apache.ibatis.session.defaults.DefaultSqlSession.selectList(DefaultSqlSession.java:120)
	... 41 more
10:47:09,933 [main] DEBUG org.activiti.engine.impl.cfg.standalone.StandaloneMybatisTransactionContext  - firing event rolling back...
10:47:09,933 [main] DEBUG org.activiti.engine.impl.cfg.standalone.StandaloneMybatisTransactionContext  - rolling back ibatis sql session...
10:47:09,933 [main] DEBUG org.activiti.engine.impl.cfg.standalone.StandaloneMybatisTransactionContext  - firing event rolled back...
10:47:09,933 [main] DEBUG org.apache.ibatis.transaction.jdbc.JdbcTransaction  - Resetting autocommit to true on JDBC Connection [conn4: url=jdbc:h2:mem:activiti user=SA]
10:47:09,933 [main] DEBUG org.apache.ibatis.transaction.jdbc.JdbcTransaction  - Closing JDBC Connection [conn4: url=jdbc:h2:mem:activiti user=SA]
10:47:09,933 [main] DEBUG org.apache.ibatis.datasource.pooled.PooledDataSource  - Returned connection 297240765 to pool.
10:47:09,933 [main] DEBUG org.activiti.engine.impl.interceptor.LogInterceptor  - --- TaskQueryImpl finished --------------------------------------------------------
10:47:09,933 [main] DEBUG org.activiti.engine.impl.interceptor.LogInterceptor  - 

10:47:09,933 [main] ERROR org.activiti.engine.impl.test.PvmTestCase  - 

10:47:09,933 [main] ERROR org.activiti.engine.impl.test.PvmTestCase  - EXCEPTION: org.apache.ibatis.exceptions.PersistenceException: 
### Error querying database.  Cause: org.h2.jdbc.JdbcSQLException: Syntax error in SQL statement &quot;SELECT DISTINCT RES.* 
       
    FROM ACT_RU_TASK RES
     
     
     
     
    
     
     
     
     WHERE  RES.PROC_INST_ID_ = ? 
   
    
     ORDER BY  ORDER[*] BY RES.ID_ ASC  
    LIMIT ? OFFSET ? &quot;; expected &quot;=, NOT, EXISTS, INTERSECTS, SELECT, FROM&quot;; SQL statement:
select distinct RES.* 
       
    from ACT_RU_TASK RES
     
     
     
     
    
     
     
     
     WHERE  RES.PROC_INST_ID_ = ? 
   
    
     order by  order by RES.ID_ asc  
    LIMIT ? OFFSET ? [42001-176]
### The error may exist in org/activiti/db/mapping/entity/Task.xml
### The error may involve org.activiti.engine.impl.persistence.entity.TaskEntity.selectTaskByQueryCriteria
### The error occurred while executing a query
### SQL: select distinct RES.*              from ACT_RU_TASK RES                                                     WHERE  RES.PROC_INST_ID_ = ?                order by  order by RES.ID_ asc       LIMIT ? OFFSET ?
### Cause: org.h2.jdbc.JdbcSQLException: Syntax error in SQL statement &quot;SELECT DISTINCT RES.* 
       
    FROM ACT_RU_TASK RES
     
     
     
     
    
     
     
     
     WHERE  RES.PROC_INST_ID_ = ? 
   
    
     ORDER BY  ORDER[*] BY RES.ID_ ASC  
    LIMIT ? OFFSET ? &quot;; expected &quot;=, NOT, EXISTS, INTERSECTS, SELECT, FROM&quot;; SQL statement:
select distinct RES.* 
       
    from ACT_RU_TASK RES
     
     
     
     
    
     
     
     
     WHERE  RES.PROC_INST_ID_ = ? 
   
    
     order by  order by RES.ID_ asc  
    LIMIT ? OFFSET ? [42001-176]
org.apache.ibatis.exceptions.PersistenceException: 
### Error querying database.  Cause: org.h2.jdbc.JdbcSQLException: Syntax error in SQL statement &quot;SELECT DISTINCT RES.* 
       
    FROM ACT_RU_TASK RES
     
     
     
     
    
     
     
     
     WHERE  RES.PROC_INST_ID_ = ? 
   
    
     ORDER BY  ORDER[*] BY RES.ID_ ASC  
    LIMIT ? OFFSET ? &quot;; expected &quot;=, NOT, EXISTS, INTERSECTS, SELECT, FROM&quot;; SQL statement:
select distinct RES.* 
       
    from ACT_RU_TASK RES
     
     
     
     
    
     
     
     
     WHERE  RES.PROC_INST_ID_ = ? 
   
    
     order by  order by RES.ID_ asc  
    LIMIT ? OFFSET ? [42001-176]
### The error may exist in org/activiti/db/mapping/entity/Task.xml
### The error may involve org.activiti.engine.impl.persistence.entity.TaskEntity.selectTaskByQueryCriteria
### The error occurred while executing a query
### SQL: select distinct RES.*              from ACT_RU_TASK RES                                                     WHERE  RES.PROC_INST_ID_ = ?                order by  order by RES.ID_ asc       LIMIT ? OFFSET ?
### Cause: org.h2.jdbc.JdbcSQLException: Syntax error in SQL statement &quot;SELECT DISTINCT RES.* 
       
    FROM ACT_RU_TASK RES
     
     
     
     
    
     
     
     
     WHERE  RES.PROC_INST_ID_ = ? 
   
    
     ORDER BY  ORDER[*] BY RES.ID_ ASC  
    LIMIT ? OFFSET ? &quot;; expected &quot;=, NOT, EXISTS, INTERSECTS, SELECT, FROM&quot;; SQL statement:
select distinct RES.* 
       
    from ACT_RU_TASK RES
     
     
     
     
    
     
     
     
     WHERE  RES.PROC_INST_ID_ = ? 
   
    
     order by  order by RES.ID_ asc  
    LIMIT ? OFFSET ? [42001-176]
	at org.apache.ibatis.exceptions.ExceptionFactory.wrapException(ExceptionFactory.java:30)
	at org.apache.ibatis.session.defaults.DefaultSqlSession.selectList(DefaultSqlSession.java:122)
	at org.apache.ibatis.session.defaults.DefaultSqlSession.selectList(DefaultSqlSession.java:113)
	at org.activiti.engine.impl.db.DbSqlSession.selectListWithRawParameter(DbSqlSession.java:438)
	at org.activiti.engine.impl.db.DbSqlSession.selectList(DbSqlSession.java:429)
	at org.activiti.engine.impl.persistence.entity.TaskEntityManager.findTasksByQueryCriteria(TaskEntityManager.java:135)
	at org.activiti.engine.impl.TaskQueryImpl.executeList(TaskQueryImpl.java:1256)
	at org.activiti.engine.impl.AbstractQuery.executeSingleResult(AbstractQuery.java:183)
	at org.activiti.engine.impl.AbstractQuery.execute(AbstractQuery.java:166)
	at org.activiti.engine.impl.interceptor.CommandInvoker.execute(CommandInvoker.java:24)
	at org.activiti.engine.impl.interceptor.CommandContextInterceptor.execute(CommandContextInterceptor.java:57)
	at org.activiti.engine.impl.interceptor.LogInterceptor.execute(LogInterceptor.java:37)
	at org.activiti.engine.impl.cfg.CommandExecutorImpl.execute(CommandExecutorImpl.java:40)
	at org.activiti.engine.impl.cfg.CommandExecutorImpl.execute(CommandExecutorImpl.java:35)
	at org.activiti.engine.impl.AbstractQuery.singleResult(AbstractQuery.java:129)
	at org.activiti.engine.test.bpmn.subprocess.SubProcessTest.testSimpleSubProcess(SubProcessTest.java:43)
	at sun.reflect.NativeMethodAccessorImpl.invoke0(Native Method)
	at sun.reflect.NativeMethodAccessorImpl.invoke(NativeMethodAccessorImpl.java:62)
	at sun.reflect.DelegatingMethodAccessorImpl.invoke(DelegatingMethodAccessorImpl.java:43)
	at java.lang.reflect.Method.invoke(Method.java:498)
	at junit.framework.TestCase.runTest(TestCase.java:176)
	at org.activiti.engine.impl.test.PvmTestCase.runTest(PvmTestCase.java:65)
	at junit.framework.TestCase.runBare(TestCase.java:141)
	at org.activiti.engine.impl.test.AbstractActivitiTestCase.runBare(AbstractActivitiTestCase.java:100)
	at junit.framework.TestResult$1.protect(TestResult.java:122)
	at junit.framework.TestResult.runProtected(TestResult.java:142)
	at junit.framework.TestResult.run(TestResult.java:125)
	at junit.framework.TestCase.run(TestCase.java:129)
	at junit.framework.TestSuite.runTest(TestSuite.java:255)
	at junit.framework.TestSuite.run(TestSuite.java:250)
	at org.junit.internal.runners.JUnit38ClassRunner.run(JUnit38ClassRunner.java:84)
	at org.apache.maven.surefire.junit4.JUnit4TestSet.execute(JUnit4TestSet.java:35)
	at org.apache.maven.surefire.junit4.JUnit4Provider.executeTestSet(JUnit4Provider.java:146)
	at org.apache.maven.surefire.junit4.JUnit4Provider.invoke(JUnit4Provider.java:97)
	at sun.reflect.NativeMethodAccessorImpl.invoke0(Native Method)
	at sun.reflect.NativeMethodAccessorImpl.invoke(NativeMethodAccessorImpl.java:62)
	at sun.reflect.DelegatingMethodAccessorImpl.invoke(DelegatingMethodAccessorImpl.java:43)
	at java.lang.reflect.Method.invoke(Method.java:498)
	at org.apache.maven.surefire.booter.ProviderFactory$ClassLoaderProxy.invoke(ProviderFactory.java:103)
	at com.sun.proxy.$Proxy0.invoke(Unknown Source)
	at org.apache.maven.surefire.booter.SurefireStarter.invokeProvider(SurefireStarter.java:145)
	at org.apache.maven.surefire.booter.SurefireStarter.runSuitesInProcess(SurefireStarter.java:87)
	at org.apache.maven.surefire.booter.ForkedBooter.main(ForkedBooter.java:69)
Caused by: org.h2.jdbc.JdbcSQLException: Syntax error in SQL statement &quot;SELECT DISTINCT RES.* 
       
    FROM ACT_RU_TASK RES
     
     
     
     
    
     
     
     
     WHERE  RES.PROC_INST_ID_ = ? 
   
    
     ORDER BY  ORDER[*] BY RES.ID_ ASC  
    LIMIT ? OFFSET ? &quot;; expected &quot;=, NOT, EXISTS, INTERSECTS, SELECT, FROM&quot;; SQL statement:
select distinct RES.* 
       
    from ACT_RU_TASK RES
     
     
     
     
    
     
     
     
     WHERE  RES.PROC_INST_ID_ = ? 
   
    
     order by  order by RES.ID_ asc  
    LIMIT ? OFFSET ? [42001-176]
	at org.h2.message.DbException.getJdbcSQLException(DbException.java:344)
	at org.h2.message.DbException.getSyntaxError(DbException.java:204)
	at org.h2.command.Parser.getSyntaxError(Parser.java:524)
	at org.h2.command.Parser.readTerm(Parser.java:2688)
	at org.h2.command.Parser.readFactor(Parser.java:2244)
	at org.h2.command.Parser.readSum(Parser.java:2231)
	at org.h2.command.Parser.readConcat(Parser.java:2201)
	at org.h2.command.Parser.readCondition(Parser.java:2051)
	at org.h2.command.Parser.readAnd(Parser.java:2023)
	at org.h2.command.Parser.readExpression(Parser.java:2015)
	at org.h2.command.Parser.parseEndOfQuery(Parser.java:1726)
	at org.h2.command.Parser.parseSelectUnionExtension(Parser.java:1706)
	at org.h2.command.Parser.parseSelectUnion(Parser.java:1675)
	at org.h2.command.Parser.parseSelect(Parser.java:1662)
	at org.h2.command.Parser.parsePrepared(Parser.java:434)
	at org.h2.command.Parser.parse(Parser.java:306)
	at org.h2.command.Parser.parse(Parser.java:282)
	at org.h2.command.Parser.prepareCommand(Parser.java:243)
	at org.h2.engine.Session.prepareLocal(Session.java:442)
	at org.h2.engine.Session.prepareCommand(Session.java:384)
	at org.h2.jdbc.JdbcConnection.prepareCommand(JdbcConnection.java:1188)
	at org.h2.jdbc.JdbcPreparedStatement.&lt;init&gt;(JdbcPreparedStatement.java:73)
	at org.h2.jdbc.JdbcConnection.prepareStatement(JdbcConnection.java:276)
	at sun.reflect.GeneratedMethodAccessor6.invoke(Unknown Source)
	at sun.reflect.DelegatingMethodAccessorImpl.invoke(DelegatingMethodAccessorImpl.java:43)
	at java.lang.reflect.Method.invoke(Method.java:498)
	at org.apache.ibatis.datasource.pooled.PooledConnection.invoke(PooledConnection.java:245)
	at com.sun.proxy.$Proxy12.prepareStatement(Unknown Source)
	at sun.reflect.GeneratedMethodAccessor6.invoke(Unknown Source)
	at sun.reflect.DelegatingMethodAccessorImpl.invoke(DelegatingMethodAccessorImpl.java:43)
	at java.lang.reflect.Method.invoke(Method.java:498)
	at org.apache.ibatis.logging.jdbc.ConnectionLogger.invoke(ConnectionLogger.java:55)
	at com.sun.proxy.$Proxy12.prepareStatement(Unknown Source)
	at org.apache.ibatis.executor.statement.PreparedStatementHandler.instantiateStatement(PreparedStatementHandler.java:79)
	at org.apache.ibatis.executor.statement.BaseStatementHandler.prepare(BaseStatementHandler.java:88)
	at org.apache.ibatis.executor.statement.RoutingStatementHandler.prepare(RoutingStatementHandler.java:58)
	at org.apache.ibatis.executor.SimpleExecutor.prepareStatement(SimpleExecutor.java:76)
	at org.apache.ibatis.executor.SimpleExecutor.doQuery(SimpleExecutor.java:61)
	at org.apache.ibatis.executor.BaseExecutor.queryFromDatabase(BaseExecutor.java:303)
	at org.apache.ibatis.executor.BaseExecutor.query(BaseExecutor.java:154)
	at org.apache.ibatis.executor.CachingExecutor.query(CachingExecutor.java:102)
	at org.apache.ibatis.executor.CachingExecutor.query(CachingExecutor.java:82)
	at org.apache.ibatis.session.defaults.DefaultSqlSession.selectList(DefaultSqlSession.java:120)
	... 41 more
10:47:09,933 [main] DEBUG org.activiti.engine.impl.test.PvmTestCase  - #### END SubProcessTest.testSimpleSubProcess #############################################################
10:47:09,933 [main] ERROR org.activiti.engine.impl.test.PvmTestCase  - 

10:47:09,933 [main] ERROR org.activiti.engine.impl.test.PvmTestCase  - EXCEPTION: org.apache.ibatis.exceptions.PersistenceException: 
### Error querying database.  Cause: org.h2.jdbc.JdbcSQLException: Syntax error in SQL statement &quot;SELECT DISTINCT RES.* 
       
    FROM ACT_RU_TASK RES
     
     
     
     
    
     
     
     
     WHERE  RES.PROC_INST_ID_ = ? 
   
    
     ORDER BY  ORDER[*] BY RES.ID_ ASC  
    LIMIT ? OFFSET ? &quot;; expected &quot;=, NOT, EXISTS, INTERSECTS, SELECT, FROM&quot;; SQL statement:
select distinct RES.* 
       
    from ACT_RU_TASK RES
     
     
     
     
    
     
     
     
     WHERE  RES.PROC_INST_ID_ = ? 
   
    
     order by  order by RES.ID_ asc  
    LIMIT ? OFFSET ? [42001-176]
### The error may exist in org/activiti/db/mapping/entity/Task.xml
### The error may involve org.activiti.engine.impl.persistence.entity.TaskEntity.selectTaskByQueryCriteria
### The error occurred while executing a query
### SQL: select distinct RES.*              from ACT_RU_TASK RES                                                     WHERE  RES.PROC_INST_ID_ = ?                order by  order by RES.ID_ asc       LIMIT ? OFFSET ?
### Cause: org.h2.jdbc.JdbcSQLException: Syntax error in SQL statement &quot;SELECT DISTINCT RES.* 
       
    FROM ACT_RU_TASK RES
     
     
     
     
    
     
     
     
     WHERE  RES.PROC_INST_ID_ = ? 
   
    
     ORDER BY  ORDER[*] BY RES.ID_ ASC  
    LIMIT ? OFFSET ? &quot;; expected &quot;=, NOT, EXISTS, INTERSECTS, SELECT, FROM&quot;; SQL statement:
select distinct RES.* 
       
    from ACT_RU_TASK RES
     
     
     
     
    
     
     
     
     WHERE  RES.PROC_INST_ID_ = ? 
   
    
     order by  order by RES.ID_ asc  
    LIMIT ? OFFSET ? [42001-176]
org.apache.ibatis.exceptions.PersistenceException: 
### Error querying database.  Cause: org.h2.jdbc.JdbcSQLException: Syntax error in SQL statement &quot;SELECT DISTINCT RES.* 
       
    FROM ACT_RU_TASK RES
     
     
     
     
    
     
     
     
     WHERE  RES.PROC_INST_ID_ = ? 
   
    
     ORDER BY  ORDER[*] BY RES.ID_ ASC  
    LIMIT ? OFFSET ? &quot;; expected &quot;=, NOT, EXISTS, INTERSECTS, SELECT, FROM&quot;; SQL statement:
select distinct RES.* 
       
    from ACT_RU_TASK RES
     
     
     
     
    
     
     
     
     WHERE  RES.PROC_INST_ID_ = ? 
   
    
     order by  order by RES.ID_ asc  
    LIMIT ? OFFSET ? [42001-176]
### The error may exist in org/activiti/db/mapping/entity/Task.xml
### The error may involve org.activiti.engine.impl.persistence.entity.TaskEntity.selectTaskByQueryCriteria
### The error occurred while executing a query
### SQL: select distinct RES.*              from ACT_RU_TASK RES                                                     WHERE  RES.PROC_INST_ID_ = ?                order by  order by RES.ID_ asc       LIMIT ? OFFSET ?
### Cause: org.h2.jdbc.JdbcSQLException: Syntax error in SQL statement &quot;SELECT DISTINCT RES.* 
       
    FROM ACT_RU_TASK RES
     
     
     
     
    
     
     
     
     WHERE  RES.PROC_INST_ID_ = ? 
   
    
     ORDER BY  ORDER[*] BY RES.ID_ ASC  
    LIMIT ? OFFSET ? &quot;; expected &quot;=, NOT, EXISTS, INTERSECTS, SELECT, FROM&quot;; SQL statement:
select distinct RES.* 
       
    from ACT_RU_TASK RES
     
     
     
     
    
     
     
     
     WHERE  RES.PROC_INST_ID_ = ? 
   
    
     order by  order by RES.ID_ asc  
    LIMIT ? OFFSET ? [42001-176]
	at org.apache.ibatis.exceptions.ExceptionFactory.wrapException(ExceptionFactory.java:30)
	at org.apache.ibatis.session.defaults.DefaultSqlSession.selectList(DefaultSqlSession.java:122)
	at org.apache.ibatis.session.defaults.DefaultSqlSession.selectList(DefaultSqlSession.java:113)
	at org.activiti.engine.impl.db.DbSqlSession.selectListWithRawParameter(DbSqlSession.java:438)
	at org.activiti.engine.impl.db.DbSqlSession.selectList(DbSqlSession.java:429)
	at org.activiti.engine.impl.persistence.entity.TaskEntityManager.findTasksByQueryCriteria(TaskEntityManager.java:135)
	at org.activiti.engine.impl.TaskQueryImpl.executeList(TaskQueryImpl.java:1256)
	at org.activiti.engine.impl.AbstractQuery.executeSingleResult(AbstractQuery.java:183)
	at org.activiti.engine.impl.AbstractQuery.execute(AbstractQuery.java:166)
	at org.activiti.engine.impl.interceptor.CommandInvoker.execute(CommandInvoker.java:24)
	at org.activiti.engine.impl.interceptor.CommandContextInterceptor.execute(CommandContextInterceptor.java:57)
	at org.activiti.engine.impl.interceptor.LogInterceptor.execute(LogInterceptor.java:37)
	at org.activiti.engine.impl.cfg.CommandExecutorImpl.execute(CommandExecutorImpl.java:40)
	at org.activiti.engine.impl.cfg.CommandExecutorImpl.execute(CommandExecutorImpl.java:35)
	at org.activiti.engine.impl.AbstractQuery.singleResult(AbstractQuery.java:129)
	at org.activiti.engine.test.bpmn.subprocess.SubProcessTest.testSimpleSubProcess(SubProcessTest.java:43)
	at sun.reflect.NativeMethodAccessorImpl.invoke0(Native Method)
	at sun.reflect.NativeMethodAccessorImpl.invoke(NativeMethodAccessorImpl.java:62)
	at sun.reflect.DelegatingMethodAccessorImpl.invoke(DelegatingMethodAccessorImpl.java:43)
	at java.lang.reflect.Method.invoke(Method.java:498)
	at junit.framework.TestCase.runTest(TestCase.java:176)
	at org.activiti.engine.impl.test.PvmTestCase.runTest(PvmTestCase.java:65)
	at junit.framework.TestCase.runBare(TestCase.java:141)
	at org.activiti.engine.impl.test.AbstractActivitiTestCase.runBare(AbstractActivitiTestCase.java:100)
	at junit.framework.TestResult$1.protect(TestResult.java:122)
	at junit.framework.TestResult.runProtected(TestResult.java:142)
	at junit.framework.TestResult.run(TestResult.java:125)
	at junit.framework.TestCase.run(TestCase.java:129)
	at junit.framework.TestSuite.runTest(TestSuite.java:255)
	at junit.framework.TestSuite.run(TestSuite.java:250)
	at org.junit.internal.runners.JUnit38ClassRunner.run(JUnit38ClassRunner.java:84)
	at org.apache.maven.surefire.junit4.JUnit4TestSet.execute(JUnit4TestSet.java:35)
	at org.apache.maven.surefire.junit4.JUnit4Provider.executeTestSet(JUnit4Provider.java:146)
	at org.apache.maven.surefire.junit4.JUnit4Provider.invoke(JUnit4Provider.java:97)
	at sun.reflect.NativeMethodAccessorImpl.invoke0(Native Method)
	at sun.reflect.NativeMethodAccessorImpl.invoke(NativeMethodAccessorImpl.java:62)
	at sun.reflect.DelegatingMethodAccessorImpl.invoke(DelegatingMethodAccessorImpl.java:43)
	at java.lang.reflect.Method.invoke(Method.java:498)
	at org.apache.maven.surefire.booter.ProviderFactory$ClassLoaderProxy.invoke(ProviderFactory.java:103)
	at com.sun.proxy.$Proxy0.invoke(Unknown Source)
	at org.apache.maven.surefire.booter.SurefireStarter.invokeProvider(SurefireStarter.java:145)
	at org.apache.maven.surefire.booter.SurefireStarter.runSuitesInProcess(SurefireStarter.java:87)
	at org.apache.maven.surefire.booter.ForkedBooter.main(ForkedBooter.java:69)
Caused by: org.h2.jdbc.JdbcSQLException: Syntax error in SQL statement &quot;SELECT DISTINCT RES.* 
       
    FROM ACT_RU_TASK RES
     
     
     
     
    
     
     
     
     WHERE  RES.PROC_INST_ID_ = ? 
   
    
     ORDER BY  ORDER[*] BY RES.ID_ ASC  
    LIMIT ? OFFSET ? &quot;; expected &quot;=, NOT, EXISTS, INTERSECTS, SELECT, FROM&quot;; SQL statement:
select distinct RES.* 
       
    from ACT_RU_TASK RES
     
     
     
     
    
     
     
     
     WHERE  RES.PROC_INST_ID_ = ? 
   
    
     order by  order by RES.ID_ asc  
    LIMIT ? OFFSET ? [42001-176]
	at org.h2.message.DbException.getJdbcSQLException(DbException.java:344)
	at org.h2.message.DbException.getSyntaxError(DbException.java:204)
	at org.h2.command.Parser.getSyntaxError(Parser.java:524)
	at org.h2.command.Parser.readTerm(Parser.java:2688)
	at org.h2.command.Parser.readFactor(Parser.java:2244)
	at org.h2.command.Parser.readSum(Parser.java:2231)
	at org.h2.command.Parser.readConcat(Parser.java:2201)
	at org.h2.command.Parser.readCondition(Parser.java:2051)
	at org.h2.command.Parser.readAnd(Parser.java:2023)
	at org.h2.command.Parser.readExpression(Parser.java:2015)
	at org.h2.command.Parser.parseEndOfQuery(Parser.java:1726)
	at org.h2.command.Parser.parseSelectUnionExtension(Parser.java:1706)
	at org.h2.command.Parser.parseSelectUnion(Parser.java:1675)
	at org.h2.command.Parser.parseSelect(Parser.java:1662)
	at org.h2.command.Parser.parsePrepared(Parser.java:434)
	at org.h2.command.Parser.parse(Parser.java:306)
	at org.h2.command.Parser.parse(Parser.java:282)
	at org.h2.command.Parser.prepareCommand(Parser.java:243)
	at org.h2.engine.Session.prepareLocal(Session.java:442)
	at org.h2.engine.Session.prepareCommand(Session.java:384)
	at org.h2.jdbc.JdbcConnection.prepareCommand(JdbcConnection.java:1188)
	at org.h2.jdbc.JdbcPreparedStatement.&lt;init&gt;(JdbcPreparedStatement.java:73)
	at org.h2.jdbc.JdbcConnection.prepareStatement(JdbcConnection.java:276)
	at sun.reflect.GeneratedMethodAccessor6.invoke(Unknown Source)
	at sun.reflect.DelegatingMethodAccessorImpl.invoke(DelegatingMethodAccessorImpl.java:43)
	at java.lang.reflect.Method.invoke(Method.java:498)
	at org.apache.ibatis.datasource.pooled.PooledConnection.invoke(PooledConnection.java:245)
	at com.sun.proxy.$Proxy12.prepareStatement(Unknown Source)
	at sun.reflect.GeneratedMethodAccessor6.invoke(Unknown Source)
	at sun.reflect.DelegatingMethodAccessorImpl.invoke(DelegatingMethodAccessorImpl.java:43)
	at java.lang.reflect.Method.invoke(Method.java:498)
	at org.apache.ibatis.logging.jdbc.ConnectionLogger.invoke(ConnectionLogger.java:55)
	at com.sun.proxy.$Proxy12.prepareStatement(Unknown Source)
	at org.apache.ibatis.executor.statement.PreparedStatementHandler.instantiateStatement(PreparedStatementHandler.java:79)
	at org.apache.ibatis.executor.statement.BaseStatementHandler.prepare(BaseStatementHandler.java:88)
	at org.apache.ibatis.executor.statement.RoutingStatementHandler.prepare(RoutingStatementHandler.java:58)
	at org.apache.ibatis.executor.SimpleExecutor.prepareStatement(SimpleExecutor.java:76)
	at org.apache.ibatis.executor.SimpleExecutor.doQuery(SimpleExecutor.java:61)
	at org.apache.ibatis.executor.BaseExecutor.queryFromDatabase(BaseExecutor.java:303)
	at org.apache.ibatis.executor.BaseExecutor.query(BaseExecutor.java:154)
	at org.apache.ibatis.executor.CachingExecutor.query(CachingExecutor.java:102)
	at org.apache.ibatis.executor.CachingExecutor.query(CachingExecutor.java:82)
	at org.apache.ibatis.session.defaults.DefaultSqlSession.selectList(DefaultSqlSession.java:120)
	... 41 more
10:47:09,933 [main] DEBUG org.activiti.engine.impl.test.TestHelper  - annotation @Deployment deletes deployment for SubProcessTest.testSimpleSubProcess
10:47:09,933 [main] DEBUG org.activiti.engine.impl.interceptor.LogInterceptor  - 

10:47:09,933 [main] DEBUG org.activiti.engine.impl.interceptor.LogInterceptor  - --- starting DeleteDeploymentCmd --------------------------------------------------------
10:47:09,933 [main] DEBUG org.apache.ibatis.transaction.jdbc.JdbcTransaction  - Opening JDBC Connection
10:47:09,933 [main] DEBUG org.apache.ibatis.datasource.pooled.PooledDataSource  - Checked out connection 363509958 from pool.
10:47:09,934 [main] DEBUG org.apache.ibatis.transaction.jdbc.JdbcTransaction  - Setting autocommit to false on JDBC Connection [conn2: url=jdbc:h2:mem:activiti user=SA]
10:47:09,934 [main] DEBUG org.activiti.engine.impl.persistence.entity.DeploymentEntity.selectDeploymentById  - ==&gt;  Preparing: select * from ACT_RE_DEPLOYMENT where ID_ = ? 
10:47:09,934 [main] DEBUG org.activiti.engine.impl.persistence.entity.DeploymentEntity.selectDeploymentById  - ==&gt; Parameters: 238(String)
10:47:09,934 [main] DEBUG org.activiti.engine.impl.persistence.entity.DeploymentEntity.selectDeploymentById  - &lt;==      Total: 1
10:47:09,934 [main] DEBUG org.activiti.engine.impl.persistence.entity.ProcessDefinitionEntity.selectProcessDefinitionsByQueryCriteria  - ==&gt;  Preparing: select RES.* from ACT_RE_PROCDEF RES WHERE RES.DEPLOYMENT_ID_ = ? order by order by RES.ID_ asc LIMIT ? OFFSET ? 
10:47:09,934 [main] DEBUG org.activiti.engine.impl.interceptor.CommandContext  - Error while closing command context
org.apache.ibatis.exceptions.PersistenceException: 
### Error querying database.  Cause: org.h2.jdbc.JdbcSQLException: Syntax error in SQL statement &quot;SELECT RES.* 
       
    FROM ACT_RE_PROCDEF RES
     
     WHERE  RES.DEPLOYMENT_ID_ = ? 
   
     ORDER BY  ORDER[*] BY RES.ID_ ASC  
    LIMIT ? OFFSET ? &quot;; expected &quot;=, NOT, EXISTS, INTERSECTS, SELECT, FROM&quot;; SQL statement:
select RES.* 
       
    from ACT_RE_PROCDEF RES
     
     WHERE  RES.DEPLOYMENT_ID_ = ? 
   
     order by  order by RES.ID_ asc  
    LIMIT ? OFFSET ? [42001-176]
### The error may exist in org/activiti/db/mapping/entity/ProcessDefinition.xml
### The error may involve org.activiti.engine.impl.persistence.entity.ProcessDefinitionEntity.selectProcessDefinitionsByQueryCriteria
### The error occurred while executing a query
### SQL: select RES.*              from ACT_RE_PROCDEF RES            WHERE  RES.DEPLOYMENT_ID_ = ?           order by  order by RES.ID_ asc       LIMIT ? OFFSET ?
### Cause: org.h2.jdbc.JdbcSQLException: Syntax error in SQL statement &quot;SELECT RES.* 
       
    FROM ACT_RE_PROCDEF RES
     
     WHERE  RES.DEPLOYMENT_ID_ = ? 
   
     ORDER BY  ORDER[*] BY RES.ID_ ASC  
    LIMIT ? OFFSET ? &quot;; expected &quot;=, NOT, EXISTS, INTERSECTS, SELECT, FROM&quot;; SQL statement:
select RES.* 
       
    from ACT_RE_PROCDEF RES
     
     WHERE  RES.DEPLOYMENT_ID_ = ? 
   
     order by  order by RES.ID_ asc  
    LIMIT ? OFFSET ? [42001-176]
	at org.apache.ibatis.exceptions.ExceptionFactory.wrapException(ExceptionFactory.java:30)
	at org.apache.ibatis.session.defaults.DefaultSqlSession.selectList(DefaultSqlSession.java:122)
	at org.apache.ibatis.session.defaults.DefaultSqlSession.selectList(DefaultSqlSession.java:113)
	at org.activiti.engine.impl.db.DbSqlSession.selectListWithRawParameter(DbSqlSession.java:438)
	at org.activiti.engine.impl.db.DbSqlSession.selectList(DbSqlSession.java:429)
	at org.activiti.engine.impl.db.DbSqlSession.selectList(DbSqlSession.java:419)
	at org.activiti.engine.impl.persistence.entity.ProcessDefinitionEntityManager.findProcessDefinitionsByQueryCriteria(ProcessDefinitionEntityManager.java:57)
	at org.activiti.engine.impl.ProcessDefinitionQueryImpl.executeList(ProcessDefinitionQueryImpl.java:307)
	at org.activiti.engine.impl.AbstractQuery.list(AbstractQuery.java:140)
	at org.activiti.engine.impl.persistence.deploy.DeploymentManager.removeDeployment(DeploymentManager.java:187)
	at org.activiti.engine.impl.cmd.DeleteDeploymentCmd.execute(DeleteDeploymentCmd.java:44)
	at org.activiti.engine.impl.cmd.DeleteDeploymentCmd.execute(DeleteDeploymentCmd.java:24)
	at org.activiti.engine.impl.interceptor.CommandInvoker.execute(CommandInvoker.java:24)
	at org.activiti.engine.impl.interceptor.CommandContextInterceptor.execute(CommandContextInterceptor.java:57)
	at org.activiti.engine.impl.interceptor.LogInterceptor.execute(LogInterceptor.java:37)
	at org.activiti.engine.impl.cfg.CommandExecutorImpl.execute(CommandExecutorImpl.java:40)
	at org.activiti.engine.impl.cfg.CommandExecutorImpl.execute(CommandExecutorImpl.java:35)
	at org.activiti.engine.impl.RepositoryServiceImpl.deleteDeployment(RepositoryServiceImpl.java:90)
	at org.activiti.engine.impl.test.TestHelper.annotationDeploymentTearDown(TestHelper.java:116)
	at org.activiti.engine.impl.test.AbstractActivitiTestCase.runBare(AbstractActivitiTestCase.java:116)
	at junit.framework.TestResult$1.protect(TestResult.java:122)
	at junit.framework.TestResult.runProtected(TestResult.java:142)
	at junit.framework.TestResult.run(TestResult.java:125)
	at junit.framework.TestCase.run(TestCase.java:129)
	at junit.framework.TestSuite.runTest(TestSuite.java:255)
	at junit.framework.TestSuite.run(TestSuite.java:250)
	at org.junit.internal.runners.JUnit38ClassRunner.run(JUnit38ClassRunner.java:84)
	at org.apache.maven.surefire.junit4.JUnit4TestSet.execute(JUnit4TestSet.java:35)
	at org.apache.maven.surefire.junit4.JUnit4Provider.executeTestSet(JUnit4Provider.java:146)
	at org.apache.maven.surefire.junit4.JUnit4Provider.invoke(JUnit4Provider.java:97)
	at sun.reflect.NativeMethodAccessorImpl.invoke0(Native Method)
	at sun.reflect.NativeMethodAccessorImpl.invoke(NativeMethodAccessorImpl.java:62)
	at sun.reflect.DelegatingMethodAccessorImpl.invoke(DelegatingMethodAccessorImpl.java:43)
	at java.lang.reflect.Method.invoke(Method.java:498)
	at org.apache.maven.surefire.booter.ProviderFactory$ClassLoaderProxy.invoke(ProviderFactory.java:103)
	at com.sun.proxy.$Proxy0.invoke(Unknown Source)
	at org.apache.maven.surefire.booter.SurefireStarter.invokeProvider(SurefireStarter.java:145)
	at org.apache.maven.surefire.booter.SurefireStarter.runSuitesInProcess(SurefireStarter.java:87)
	at org.apache.maven.surefire.booter.ForkedBooter.main(ForkedBooter.java:69)
Caused by: org.h2.jdbc.JdbcSQLException: Syntax error in SQL statement &quot;SELECT RES.* 
       
    FROM ACT_RE_PROCDEF RES
     
     WHERE  RES.DEPLOYMENT_ID_ = ? 
   
     ORDER BY  ORDER[*] BY RES.ID_ ASC  
    LIMIT ? OFFSET ? &quot;; expected &quot;=, NOT, EXISTS, INTERSECTS, SELECT, FROM&quot;; SQL statement:
select RES.* 
       
    from ACT_RE_PROCDEF RES
     
     WHERE  RES.DEPLOYMENT_ID_ = ? 
   
     order by  order by RES.ID_ asc  
    LIMIT ? OFFSET ? [42001-176]
	at org.h2.message.DbException.getJdbcSQLException(DbException.java:344)
	at org.h2.message.DbException.getSyntaxError(DbException.java:204)
	at org.h2.command.Parser.getSyntaxError(Parser.java:524)
	at org.h2.command.Parser.readTerm(Parser.java:2688)
	at org.h2.command.Parser.readFactor(Parser.java:2244)
	at org.h2.command.Parser.readSum(Parser.java:2231)
	at org.h2.command.Parser.readConcat(Parser.java:2201)
	at org.h2.command.Parser.readCondition(Parser.java:2051)
	at org.h2.command.Parser.readAnd(Parser.java:2023)
	at org.h2.command.Parser.readExpression(Parser.java:2015)
	at org.h2.command.Parser.parseEndOfQuery(Parser.java:1726)
	at org.h2.command.Parser.parseSelectUnionExtension(Parser.java:1706)
	at org.h2.command.Parser.parseSelectUnion(Parser.java:1675)
	at org.h2.command.Parser.parseSelect(Parser.java:1662)
	at org.h2.command.Parser.parsePrepared(Parser.java:434)
	at org.h2.command.Parser.parse(Parser.java:306)
	at org.h2.command.Parser.parse(Parser.java:282)
	at org.h2.command.Parser.prepareCommand(Parser.java:243)
	at org.h2.engine.Session.prepareLocal(Session.java:442)
	at org.h2.engine.Session.prepareCommand(Session.java:384)
	at org.h2.jdbc.JdbcConnection.prepareCommand(JdbcConnection.java:1188)
	at org.h2.jdbc.JdbcPreparedStatement.&lt;init&gt;(JdbcPreparedStatement.java:73)
	at org.h2.jdbc.JdbcConnection.prepareStatement(JdbcConnection.java:276)
	at sun.reflect.GeneratedMethodAccessor6.invoke(Unknown Source)
	at sun.reflect.DelegatingMethodAccessorImpl.invoke(DelegatingMethodAccessorImpl.java:43)
	at java.lang.reflect.Method.invoke(Method.java:498)
	at org.apache.ibatis.datasource.pooled.PooledConnection.invoke(PooledConnection.java:245)
	at com.sun.proxy.$Proxy12.prepareStatement(Unknown Source)
	at sun.reflect.GeneratedMethodAccessor6.invoke(Unknown Source)
	at sun.reflect.DelegatingMethodAccessorImpl.invoke(DelegatingMethodAccessorImpl.java:43)
	at java.lang.reflect.Method.invoke(Method.java:498)
	at org.apache.ibatis.logging.jdbc.ConnectionLogger.invoke(ConnectionLogger.java:55)
	at com.sun.proxy.$Proxy12.prepareStatement(Unknown Source)
	at org.apache.ibatis.executor.statement.PreparedStatementHandler.instantiateStatement(PreparedStatementHandler.java:79)
	at org.apache.ibatis.executor.statement.BaseStatementHandler.prepare(BaseStatementHandler.java:88)
	at org.apache.ibatis.executor.statement.RoutingStatementHandler.prepare(RoutingStatementHandler.java:58)
	at org.apache.ibatis.executor.SimpleExecutor.prepareStatement(SimpleExecutor.java:76)
	at org.apache.ibatis.executor.SimpleExecutor.doQuery(SimpleExecutor.java:61)
	at org.apache.ibatis.executor.BaseExecutor.queryFromDatabase(BaseExecutor.java:303)
	at org.apache.ibatis.executor.BaseExecutor.query(BaseExecutor.java:154)
	at org.apache.ibatis.executor.CachingExecutor.query(CachingExecutor.java:102)
	at org.apache.ibatis.executor.CachingExecutor.query(CachingExecutor.java:82)
	at org.apache.ibatis.session.defaults.DefaultSqlSession.selectList(DefaultSqlSession.java:120)
	... 37 more
10:47:09,934 [main] DEBUG org.activiti.engine.impl.cfg.standalone.StandaloneMybatisTransactionContext  - firing event rolling back...
10:47:09,934 [main] DEBUG org.activiti.engine.impl.cfg.standalone.StandaloneMybatisTransactionContext  - rolling back ibatis sql session...
10:47:09,934 [main] DEBUG org.activiti.engine.impl.cfg.standalone.StandaloneMybatisTransactionContext  - firing event rolled back...
10:47:09,934 [main] DEBUG org.apache.ibatis.transaction.jdbc.JdbcTransaction  - Resetting autocommit to true on JDBC Connection [conn2: url=jdbc:h2:mem:activiti user=SA]
10:47:09,935 [main] DEBUG org.apache.ibatis.transaction.jdbc.JdbcTransaction  - Closing JDBC Connection [conn2: url=jdbc:h2:mem:activiti user=SA]
10:47:09,935 [main] DEBUG org.apache.ibatis.datasource.pooled.PooledDataSource  - Returned connection 363509958 to pool.
10:47:09,935 [main] DEBUG org.activiti.engine.impl.interceptor.LogInterceptor  - --- DeleteDeploymentCmd finished --------------------------------------------------------
10:47:09,935 [main] DEBUG org.activiti.engine.impl.interceptor.LogInterceptor  - 

</system-out>
  </testcase>
</testsuite>