<?xml version="1.0" encoding="UTF-8" ?>
<testsuite tests="13" failures="0" name="org.activiti.engine.test.api.identity.GroupQueryTest" time="0.14" errors="11" skipped="0">
  <properties>
    <property name="idea.version" value="2022.3.1"/>
    <property name="java.runtime.name" value="Java(TM) SE Runtime Environment"/>
    <property name="sun.boot.library.path" value="C:\Program Files\Java\jdk1.8.0_351\jre\bin"/>
    <property name="java.vm.version" value="25.351-b10"/>
    <property name="java.vm.vendor" value="Oracle Corporation"/>
    <property name="java.vendor.url" value="http://java.oracle.com/"/>
    <property name="path.separator" value=";"/>
    <property name="java.vm.name" value="Java HotSpot(TM) 64-Bit Server VM"/>
    <property name="file.encoding.pkg" value="sun.io"/>
    <property name="user.script" value=""/>
    <property name="user.country" value="CN"/>
    <property name="sun.java.launcher" value="SUN_STANDARD"/>
    <property name="sun.os.patch.level" value=""/>
    <property name="java.vm.specification.name" value="Java Virtual Machine Specification"/>
    <property name="user.dir" value="D:\xinchuang\activiti-engine-5.19.0.2"/>
    <property name="java.runtime.version" value="1.8.0_351-b10"/>
    <property name="java.awt.graphicsenv" value="sun.awt.Win32GraphicsEnvironment"/>
    <property name="basedir" value="D:\xinchuang\activiti-engine-5.19.0.2"/>
    <property name="java.endorsed.dirs" value="C:\Program Files\Java\jdk1.8.0_351\jre\lib\endorsed"/>
    <property name="os.arch" value="amd64"/>
    <property name="surefire.real.class.path" value="D:\xinchuang\activiti-engine-5.19.0.2\target\surefire\surefirebooter2972839343429811619.jar"/>
    <property name="java.io.tmpdir" value="C:\Users\ryan\AppData\Local\Temp\"/>
    <property name="line.separator" value="
"/>
    <property name="java.vm.specification.vendor" value="Oracle Corporation"/>
    <property name="user.variant" value=""/>
    <property name="os.name" value="Windows 11"/>
    <property name="sun.jnu.encoding" value="GBK"/>
    <property name="java.library.path" value="C:\Program Files\Java\jdk1.8.0_351\jre\bin;C:\WINDOWS\Sun\Java\bin;C:\WINDOWS\system32;C:\WINDOWS;C:\Program Files (x86)\Common Files\Oracle\Java\javapath;D:\Program Files (x86)\VMware\VMware Workstation\bin\;C:\ProgramData\Oracle\Java\javapath;C:\WINDOWS\system32;C:\WINDOWS;C:\WINDOWS\System32\Wbem;C:\WINDOWS\System32\WindowsPowerShell\v1.0\;C:\WINDOWS\System32\OpenSSH\;d:\Program Files\Git\cmd;D:\Program Files\apache-maven-3.6.1\bin;C:\Program Files\Java\jdk1.8.0_351\bin;D:\Program Files\nodejs\;C:\Program Files\Bandizip\;D:\Program Files (x86)\NetSarang\Xshell 7\;D:\Program Files (x86)\NetSarang\Xftp 7\;D:\Program Files\cmder;;C:\Program Files (x86)\Tencent\微信web开发者工具\dll;C:\Users\ryan\.app\;C:\Users\ryan\AppData\Local\Programs\Python\Python38\Scripts\;C:\Users\ryan\AppData\Local\Programs\Python\Python38\;C:\Users\ryan\AppData\Local\Microsoft\WindowsApps;D:\Program Files\Microsoft VS Code\bin;C:\Users\ryan\AppData\Roaming\npm;d:\Program Files\JetBrains\IntelliJ IDEA 2020.3\bin;;d:\Program Files\JetBrains\DataGrip 2021.1.3\bin;;;."/>
    <property name="surefire.test.class.path" value="D:\xinchuang\activiti-engine-5.19.0.2\target\test-classes;D:\xinchuang\activiti-engine-5.19.0.2\target\classes;D:\Program Files\apache-maven-3.6.1\shanxi\org\activiti\activiti-bpmn-converter\5.19.0.2\activiti-bpmn-converter-5.19.0.2.jar;D:\Program Files\apache-maven-3.6.1\shanxi\org\activiti\activiti-bpmn-model\5.19.0.2\activiti-bpmn-model-5.19.0.2.jar;D:\Program Files\apache-maven-3.6.1\shanxi\com\fasterxml\jackson\core\jackson-core\2.2.3\jackson-core-2.2.3.jar;D:\Program Files\apache-maven-3.6.1\shanxi\com\fasterxml\jackson\core\jackson-databind\2.2.3\jackson-databind-2.2.3.jar;D:\Program Files\apache-maven-3.6.1\shanxi\com\fasterxml\jackson\core\jackson-annotations\2.2.3\jackson-annotations-2.2.3.jar;D:\Program Files\apache-maven-3.6.1\shanxi\org\activiti\activiti-process-validation\5.19.0.2\activiti-process-validation-5.19.0.2.jar;D:\Program Files\apache-maven-3.6.1\shanxi\org\activiti\activiti-image-generator\5.19.0.2\activiti-image-generator-5.19.0.2.jar;D:\Program Files\apache-maven-3.6.1\shanxi\org\apache\commons\commons-email\1.4\commons-email-1.4.jar;D:\Program Files\apache-maven-3.6.1\shanxi\com\sun\mail\javax.mail\1.5.2\javax.mail-1.5.2.jar;D:\Program Files\apache-maven-3.6.1\shanxi\javax\activation\activation\1.1.1\activation-1.1.1.jar;D:\Program Files\apache-maven-3.6.1\shanxi\org\apache\commons\commons-lang3\3.3.2\commons-lang3-3.3.2.jar;D:\Program Files\apache-maven-3.6.1\shanxi\org\mybatis\mybatis\3.3.0\mybatis-3.3.0.jar;D:\Program Files\apache-maven-3.6.1\shanxi\org\springframework\spring-beans\4.1.5.RELEASE\spring-beans-4.1.5.RELEASE.jar;D:\Program Files\apache-maven-3.6.1\shanxi\org\springframework\spring-core\4.1.5.RELEASE\spring-core-4.1.5.RELEASE.jar;D:\Program Files\apache-maven-3.6.1\shanxi\junit\junit\4.11\junit-4.11.jar;D:\Program Files\apache-maven-3.6.1\shanxi\org\hamcrest\hamcrest-core\1.3\hamcrest-core-1.3.jar;D:\Program Files\apache-maven-3.6.1\shanxi\org\codehaus\groovy\groovy-all\2.4.3\groovy-all-2.4.3.jar;D:\Program Files\apache-maven-3.6.1\shanxi\org\drools\drools-core\5.5.0.Final\drools-core-5.5.0.Final.jar;D:\Program Files\apache-maven-3.6.1\shanxi\org\mvel\mvel2\2.1.3.Final\mvel2-2.1.3.Final.jar;D:\Program Files\apache-maven-3.6.1\shanxi\org\drools\knowledge-api\5.5.0.Final\knowledge-api-5.5.0.Final.jar;D:\Program Files\apache-maven-3.6.1\shanxi\org\drools\knowledge-internal-api\5.5.0.Final\knowledge-internal-api-5.5.0.Final.jar;D:\Program Files\apache-maven-3.6.1\shanxi\org\drools\drools-compiler\5.5.0.Final\drools-compiler-5.5.0.Final.jar;D:\Program Files\apache-maven-3.6.1\shanxi\org\antlr\antlr-runtime\3.3\antlr-runtime-3.3.jar;D:\Program Files\apache-maven-3.6.1\shanxi\org\antlr\antlr\3.3\antlr-3.3.jar;D:\Program Files\apache-maven-3.6.1\shanxi\org\antlr\stringtemplate\3.2.1\stringtemplate-3.2.1.jar;D:\Program Files\apache-maven-3.6.1\shanxi\antlr\antlr\2.7.7\antlr-2.7.7.jar;D:\Program Files\apache-maven-3.6.1\shanxi\org\eclipse\jdt\core\compiler\ecj\3.5.1\ecj-3.5.1.jar;D:\Program Files\apache-maven-3.6.1\shanxi\com\thoughtworks\xstream\xstream\1.4.1\xstream-1.4.1.jar;D:\Program Files\apache-maven-3.6.1\shanxi\xmlpull\xmlpull\1.1.3.1\xmlpull-1.1.3.1.jar;D:\Program Files\apache-maven-3.6.1\shanxi\xpp3\xpp3_min\1.1.4c\xpp3_min-1.1.4c.jar;D:\Program Files\apache-maven-3.6.1\shanxi\javax\persistence\persistence-api\1.0\persistence-api-1.0.jar;D:\Program Files\apache-maven-3.6.1\shanxi\org\apache\geronimo\specs\geronimo-jta_1.1_spec\1.1.1\geronimo-jta_1.1_spec-1.1.1.jar;D:\Program Files\apache-maven-3.6.1\shanxi\javax\enterprise\concurrent\javax.enterprise.concurrent-api\1.0\javax.enterprise.concurrent-api-1.0.jar;D:\Program Files\apache-maven-3.6.1\shanxi\com\h2database\h2\1.3.176\h2-1.3.176.jar;D:\Program Files\apache-maven-3.6.1\shanxi\org\mockito\mockito-core\1.8.2\mockito-core-1.8.2.jar;D:\Program Files\apache-maven-3.6.1\shanxi\org\objenesis\objenesis\1.0\objenesis-1.0.jar;D:\Program Files\apache-maven-3.6.1\shanxi\org\apache\openjpa\openjpa\1.2.2\openjpa-1.2.2.jar;D:\Program Files\apache-maven-3.6.1\shanxi\net\sourceforge\serp\serp\1.13.1\serp-1.13.1.jar;D:\Program Files\apache-maven-3.6.1\shanxi\commons-lang\commons-lang\2.1\commons-lang-2.1.jar;D:\Program Files\apache-maven-3.6.1\shanxi\commons-collections\commons-collections\3.2\commons-collections-3.2.jar;D:\Program Files\apache-maven-3.6.1\shanxi\commons-pool\commons-pool\1.3\commons-pool-1.3.jar;D:\Program Files\apache-maven-3.6.1\shanxi\org\apache\geronimo\specs\geronimo-jms_1.1_spec\1.0.1\geronimo-jms_1.1_spec-1.0.1.jar;D:\Program Files\apache-maven-3.6.1\shanxi\org\apache\geronimo\specs\geronimo-jpa_3.0_spec\1.0\geronimo-jpa_3.0_spec-1.0.jar;D:\Program Files\apache-maven-3.6.1\shanxi\org\subethamail\subethasmtp-wiser\1.2\subethasmtp-wiser-1.2.jar;D:\Program Files\apache-maven-3.6.1\shanxi\org\subethamail\subethasmtp-smtp\1.2\subethasmtp-smtp-1.2.jar;D:\Program Files\apache-maven-3.6.1\shanxi\javax\mail\mail\1.4.1\mail-1.4.1.jar;D:\Program Files\apache-maven-3.6.1\shanxi\mysql\mysql-connector-java\5.1.27\mysql-connector-java-5.1.27.jar;D:\Program Files\apache-maven-3.6.1\shanxi\org\postgresql\postgresql\9.4-1201-jdbc4\postgresql-9.4-1201-jdbc4.jar;D:\Program Files\apache-maven-3.6.1\shanxi\net\sourceforge\jtds\jtds\1.3.0\jtds-1.3.0.jar;D:\Program Files\apache-maven-3.6.1\shanxi\com\fasterxml\uuid\java-uuid-generator\3.1.3\java-uuid-generator-3.1.3.jar;D:\Program Files\apache-maven-3.6.1\shanxi\log4j\log4j\1.2.13\log4j-1.2.13.jar;D:\Program Files\apache-maven-3.6.1\shanxi\commons-io\commons-io\2.0.1\commons-io-2.0.1.jar;D:\Program Files\apache-maven-3.6.1\shanxi\joda-time\joda-time\2.6\joda-time-2.6.jar;D:\Program Files\apache-maven-3.6.1\shanxi\org\slf4j\slf4j-api\1.7.6\slf4j-api-1.7.6.jar;D:\Program Files\apache-maven-3.6.1\shanxi\org\slf4j\jcl-over-slf4j\1.7.6\jcl-over-slf4j-1.7.6.jar;D:\Program Files\apache-maven-3.6.1\shanxi\org\slf4j\slf4j-log4j12\1.7.6\slf4j-log4j12-1.7.6.jar;D:\Program Files\apache-maven-3.6.1\shanxi\com\googlecode\catch-exception\catch-exception\1.2.0\catch-exception-1.2.0.jar;D:\Program Files\apache-maven-3.6.1\shanxi\org\codehaus\btm\btm\2.1.3\btm-2.1.3.jar;D:\Program Files\apache-maven-3.6.1\shanxi\javax\transaction\jta\1.1\jta-1.1.jar;"/>
    <property name="sun.awt.enableExtraMouseButtons" value="true"/>
    <property name="java.specification.name" value="Java Platform API Specification"/>
    <property name="java.class.version" value="52.0"/>
    <property name="sun.management.compiler" value="HotSpot 64-Bit Tiered Compilers"/>
    <property name="maven.repo.local" value="D:\Program Files\apache-maven-3.6.1\shanxi"/>
    <property name="os.version" value="10.0"/>
    <property name="user.home" value="C:\Users\ryan"/>
    <property name="user.timezone" value="Asia/Shanghai"/>
    <property name="java.awt.printerjob" value="sun.awt.windows.WPrinterJob"/>
    <property name="java.specification.version" value="1.8"/>
    <property name="file.encoding" value="GBK"/>
    <property name="user.name" value="ryan"/>
    <property name="java.class.path" value="D:\xinchuang\activiti-engine-5.19.0.2\target\test-classes;D:\xinchuang\activiti-engine-5.19.0.2\target\classes;D:\Program Files\apache-maven-3.6.1\shanxi\org\activiti\activiti-bpmn-converter\5.19.0.2\activiti-bpmn-converter-5.19.0.2.jar;D:\Program Files\apache-maven-3.6.1\shanxi\org\activiti\activiti-bpmn-model\5.19.0.2\activiti-bpmn-model-5.19.0.2.jar;D:\Program Files\apache-maven-3.6.1\shanxi\com\fasterxml\jackson\core\jackson-core\2.2.3\jackson-core-2.2.3.jar;D:\Program Files\apache-maven-3.6.1\shanxi\com\fasterxml\jackson\core\jackson-databind\2.2.3\jackson-databind-2.2.3.jar;D:\Program Files\apache-maven-3.6.1\shanxi\com\fasterxml\jackson\core\jackson-annotations\2.2.3\jackson-annotations-2.2.3.jar;D:\Program Files\apache-maven-3.6.1\shanxi\org\activiti\activiti-process-validation\5.19.0.2\activiti-process-validation-5.19.0.2.jar;D:\Program Files\apache-maven-3.6.1\shanxi\org\activiti\activiti-image-generator\5.19.0.2\activiti-image-generator-5.19.0.2.jar;D:\Program Files\apache-maven-3.6.1\shanxi\org\apache\commons\commons-email\1.4\commons-email-1.4.jar;D:\Program Files\apache-maven-3.6.1\shanxi\com\sun\mail\javax.mail\1.5.2\javax.mail-1.5.2.jar;D:\Program Files\apache-maven-3.6.1\shanxi\javax\activation\activation\1.1.1\activation-1.1.1.jar;D:\Program Files\apache-maven-3.6.1\shanxi\org\apache\commons\commons-lang3\3.3.2\commons-lang3-3.3.2.jar;D:\Program Files\apache-maven-3.6.1\shanxi\org\mybatis\mybatis\3.3.0\mybatis-3.3.0.jar;D:\Program Files\apache-maven-3.6.1\shanxi\org\springframework\spring-beans\4.1.5.RELEASE\spring-beans-4.1.5.RELEASE.jar;D:\Program Files\apache-maven-3.6.1\shanxi\org\springframework\spring-core\4.1.5.RELEASE\spring-core-4.1.5.RELEASE.jar;D:\Program Files\apache-maven-3.6.1\shanxi\junit\junit\4.11\junit-4.11.jar;D:\Program Files\apache-maven-3.6.1\shanxi\org\hamcrest\hamcrest-core\1.3\hamcrest-core-1.3.jar;D:\Program Files\apache-maven-3.6.1\shanxi\org\codehaus\groovy\groovy-all\2.4.3\groovy-all-2.4.3.jar;D:\Program Files\apache-maven-3.6.1\shanxi\org\drools\drools-core\5.5.0.Final\drools-core-5.5.0.Final.jar;D:\Program Files\apache-maven-3.6.1\shanxi\org\mvel\mvel2\2.1.3.Final\mvel2-2.1.3.Final.jar;D:\Program Files\apache-maven-3.6.1\shanxi\org\drools\knowledge-api\5.5.0.Final\knowledge-api-5.5.0.Final.jar;D:\Program Files\apache-maven-3.6.1\shanxi\org\drools\knowledge-internal-api\5.5.0.Final\knowledge-internal-api-5.5.0.Final.jar;D:\Program Files\apache-maven-3.6.1\shanxi\org\drools\drools-compiler\5.5.0.Final\drools-compiler-5.5.0.Final.jar;D:\Program Files\apache-maven-3.6.1\shanxi\org\antlr\antlr-runtime\3.3\antlr-runtime-3.3.jar;D:\Program Files\apache-maven-3.6.1\shanxi\org\antlr\antlr\3.3\antlr-3.3.jar;D:\Program Files\apache-maven-3.6.1\shanxi\org\antlr\stringtemplate\3.2.1\stringtemplate-3.2.1.jar;D:\Program Files\apache-maven-3.6.1\shanxi\antlr\antlr\2.7.7\antlr-2.7.7.jar;D:\Program Files\apache-maven-3.6.1\shanxi\org\eclipse\jdt\core\compiler\ecj\3.5.1\ecj-3.5.1.jar;D:\Program Files\apache-maven-3.6.1\shanxi\com\thoughtworks\xstream\xstream\1.4.1\xstream-1.4.1.jar;D:\Program Files\apache-maven-3.6.1\shanxi\xmlpull\xmlpull\1.1.3.1\xmlpull-1.1.3.1.jar;D:\Program Files\apache-maven-3.6.1\shanxi\xpp3\xpp3_min\1.1.4c\xpp3_min-1.1.4c.jar;D:\Program Files\apache-maven-3.6.1\shanxi\javax\persistence\persistence-api\1.0\persistence-api-1.0.jar;D:\Program Files\apache-maven-3.6.1\shanxi\org\apache\geronimo\specs\geronimo-jta_1.1_spec\1.1.1\geronimo-jta_1.1_spec-1.1.1.jar;D:\Program Files\apache-maven-3.6.1\shanxi\javax\enterprise\concurrent\javax.enterprise.concurrent-api\1.0\javax.enterprise.concurrent-api-1.0.jar;D:\Program Files\apache-maven-3.6.1\shanxi\com\h2database\h2\1.3.176\h2-1.3.176.jar;D:\Program Files\apache-maven-3.6.1\shanxi\org\mockito\mockito-core\1.8.2\mockito-core-1.8.2.jar;D:\Program Files\apache-maven-3.6.1\shanxi\org\objenesis\objenesis\1.0\objenesis-1.0.jar;D:\Program Files\apache-maven-3.6.1\shanxi\org\apache\openjpa\openjpa\1.2.2\openjpa-1.2.2.jar;D:\Program Files\apache-maven-3.6.1\shanxi\net\sourceforge\serp\serp\1.13.1\serp-1.13.1.jar;D:\Program Files\apache-maven-3.6.1\shanxi\commons-lang\commons-lang\2.1\commons-lang-2.1.jar;D:\Program Files\apache-maven-3.6.1\shanxi\commons-collections\commons-collections\3.2\commons-collections-3.2.jar;D:\Program Files\apache-maven-3.6.1\shanxi\commons-pool\commons-pool\1.3\commons-pool-1.3.jar;D:\Program Files\apache-maven-3.6.1\shanxi\org\apache\geronimo\specs\geronimo-jms_1.1_spec\1.0.1\geronimo-jms_1.1_spec-1.0.1.jar;D:\Program Files\apache-maven-3.6.1\shanxi\org\apache\geronimo\specs\geronimo-jpa_3.0_spec\1.0\geronimo-jpa_3.0_spec-1.0.jar;D:\Program Files\apache-maven-3.6.1\shanxi\org\subethamail\subethasmtp-wiser\1.2\subethasmtp-wiser-1.2.jar;D:\Program Files\apache-maven-3.6.1\shanxi\org\subethamail\subethasmtp-smtp\1.2\subethasmtp-smtp-1.2.jar;D:\Program Files\apache-maven-3.6.1\shanxi\javax\mail\mail\1.4.1\mail-1.4.1.jar;D:\Program Files\apache-maven-3.6.1\shanxi\mysql\mysql-connector-java\5.1.27\mysql-connector-java-5.1.27.jar;D:\Program Files\apache-maven-3.6.1\shanxi\org\postgresql\postgresql\9.4-1201-jdbc4\postgresql-9.4-1201-jdbc4.jar;D:\Program Files\apache-maven-3.6.1\shanxi\net\sourceforge\jtds\jtds\1.3.0\jtds-1.3.0.jar;D:\Program Files\apache-maven-3.6.1\shanxi\com\fasterxml\uuid\java-uuid-generator\3.1.3\java-uuid-generator-3.1.3.jar;D:\Program Files\apache-maven-3.6.1\shanxi\log4j\log4j\1.2.13\log4j-1.2.13.jar;D:\Program Files\apache-maven-3.6.1\shanxi\commons-io\commons-io\2.0.1\commons-io-2.0.1.jar;D:\Program Files\apache-maven-3.6.1\shanxi\joda-time\joda-time\2.6\joda-time-2.6.jar;D:\Program Files\apache-maven-3.6.1\shanxi\org\slf4j\slf4j-api\1.7.6\slf4j-api-1.7.6.jar;D:\Program Files\apache-maven-3.6.1\shanxi\org\slf4j\jcl-over-slf4j\1.7.6\jcl-over-slf4j-1.7.6.jar;D:\Program Files\apache-maven-3.6.1\shanxi\org\slf4j\slf4j-log4j12\1.7.6\slf4j-log4j12-1.7.6.jar;D:\Program Files\apache-maven-3.6.1\shanxi\com\googlecode\catch-exception\catch-exception\1.2.0\catch-exception-1.2.0.jar;D:\Program Files\apache-maven-3.6.1\shanxi\org\codehaus\btm\btm\2.1.3\btm-2.1.3.jar;D:\Program Files\apache-maven-3.6.1\shanxi\javax\transaction\jta\1.1\jta-1.1.jar;"/>
    <property name="java.vm.specification.version" value="1.8"/>
    <property name="sun.arch.data.model" value="64"/>
    <property name="java.home" value="C:\Program Files\Java\jdk1.8.0_351\jre"/>
    <property name="sun.java.command" value="D:\xinchuang\activiti-engine-5.19.0.2\target\surefire\surefirebooter2972839343429811619.jar D:\xinchuang\activiti-engine-5.19.0.2\target\surefire\surefire1197127065150889766tmp D:\xinchuang\activiti-engine-5.19.0.2\target\surefire\surefire3285776718944652178tmp"/>
    <property name="java.specification.vendor" value="Oracle Corporation"/>
    <property name="user.language" value="en"/>
    <property name="awt.toolkit" value="sun.awt.windows.WToolkit"/>
    <property name="java.vm.info" value="mixed mode"/>
    <property name="java.version" value="1.8.0_351"/>
    <property name="java.ext.dirs" value="C:\Program Files\Java\jdk1.8.0_351\jre\lib\ext;C:\WINDOWS\Sun\Java\lib\ext"/>
    <property name="sun.boot.class.path" value="C:\Program Files\Java\jdk1.8.0_351\jre\lib\resources.jar;C:\Program Files\Java\jdk1.8.0_351\jre\lib\rt.jar;C:\Program Files\Java\jdk1.8.0_351\jre\lib\jsse.jar;C:\Program Files\Java\jdk1.8.0_351\jre\lib\jce.jar;C:\Program Files\Java\jdk1.8.0_351\jre\lib\charsets.jar;C:\Program Files\Java\jdk1.8.0_351\jre\lib\jfr.jar;C:\Program Files\Java\jdk1.8.0_351\jre\classes"/>
    <property name="java.vendor" value="Oracle Corporation"/>
    <property name="java.specification.maintenance.version" value="4"/>
    <property name="localRepository" value="D:\Program Files\apache-maven-3.6.1\shanxi"/>
    <property name="file.separator" value="\"/>
    <property name="java.vendor.url.bug" value="http://bugreport.sun.com/bugreport/"/>
    <property name="sun.cpu.endian" value="little"/>
    <property name="sun.io.unicode.encoding" value="UnicodeLittle"/>
    <property name="sun.desktop" value="windows"/>
    <property name="sun.cpu.isalist" value="amd64"/>
  </properties>
  <testcase classname="org.activiti.engine.test.api.identity.GroupQueryTest" name="testQueryById" time="0.02">
    <error message="
### Error querying database.  Cause: org.h2.jdbc.JdbcSQLException: Syntax error in SQL statement &quot;SELECT RES.* 
     
    FROM ACT_ID_GROUP RES
     
     WHERE RES.ID_ = ? 
   
     ORDER BY  ORDER[*] BY RES.ID_ ASC  
    LIMIT ? OFFSET ? &quot;; expected &quot;=, NOT, EXISTS, INTERSECTS, SELECT, FROM&quot;; SQL statement:
select RES.* 
     
    from ACT_ID_GROUP RES
     
     WHERE RES.ID_ = ? 
   
     order by  order by RES.ID_ asc  
    LIMIT ? OFFSET ? [42001-176]
### The error may exist in org/activiti/db/mapping/entity/Group.xml
### The error may involve org.activiti.engine.impl.persistence.entity.GroupEntity.selectGroupByQueryCriteria
### The error occurred while executing a query
### SQL: select RES.*            from ACT_ID_GROUP RES            WHERE RES.ID_ = ?           order by  order by RES.ID_ asc       LIMIT ? OFFSET ?
### Cause: org.h2.jdbc.JdbcSQLException: Syntax error in SQL statement &quot;SELECT RES.* 
     
    FROM ACT_ID_GROUP RES
     
     WHERE RES.ID_ = ? 
   
     ORDER BY  ORDER[*] BY RES.ID_ ASC  
    LIMIT ? OFFSET ? &quot;; expected &quot;=, NOT, EXISTS, INTERSECTS, SELECT, FROM&quot;; SQL statement:
select RES.* 
     
    from ACT_ID_GROUP RES
     
     WHERE RES.ID_ = ? 
   
     order by  order by RES.ID_ asc  
    LIMIT ? OFFSET ? [42001-176]" type="org.apache.ibatis.exceptions.PersistenceException">org.apache.ibatis.exceptions.PersistenceException: 
### Error querying database.  Cause: org.h2.jdbc.JdbcSQLException: Syntax error in SQL statement &quot;SELECT RES.* 
     
    FROM ACT_ID_GROUP RES
     
     WHERE RES.ID_ = ? 
   
     ORDER BY  ORDER[*] BY RES.ID_ ASC  
    LIMIT ? OFFSET ? &quot;; expected &quot;=, NOT, EXISTS, INTERSECTS, SELECT, FROM&quot;; SQL statement:
select RES.* 
     
    from ACT_ID_GROUP RES
     
     WHERE RES.ID_ = ? 
   
     order by  order by RES.ID_ asc  
    LIMIT ? OFFSET ? [42001-176]
### The error may exist in org/activiti/db/mapping/entity/Group.xml
### The error may involve org.activiti.engine.impl.persistence.entity.GroupEntity.selectGroupByQueryCriteria
### The error occurred while executing a query
### SQL: select RES.*            from ACT_ID_GROUP RES            WHERE RES.ID_ = ?           order by  order by RES.ID_ asc       LIMIT ? OFFSET ?
### Cause: org.h2.jdbc.JdbcSQLException: Syntax error in SQL statement &quot;SELECT RES.* 
     
    FROM ACT_ID_GROUP RES
     
     WHERE RES.ID_ = ? 
   
     ORDER BY  ORDER[*] BY RES.ID_ ASC  
    LIMIT ? OFFSET ? &quot;; expected &quot;=, NOT, EXISTS, INTERSECTS, SELECT, FROM&quot;; SQL statement:
select RES.* 
     
    from ACT_ID_GROUP RES
     
     WHERE RES.ID_ = ? 
   
     order by  order by RES.ID_ asc  
    LIMIT ? OFFSET ? [42001-176]
	at org.apache.ibatis.exceptions.ExceptionFactory.wrapException(ExceptionFactory.java:30)
	at org.apache.ibatis.session.defaults.DefaultSqlSession.selectList(DefaultSqlSession.java:122)
	at org.apache.ibatis.session.defaults.DefaultSqlSession.selectList(DefaultSqlSession.java:113)
	at org.activiti.engine.impl.db.DbSqlSession.selectListWithRawParameter(DbSqlSession.java:438)
	at org.activiti.engine.impl.db.DbSqlSession.selectList(DbSqlSession.java:429)
	at org.activiti.engine.impl.db.DbSqlSession.selectList(DbSqlSession.java:419)
	at org.activiti.engine.impl.persistence.entity.GroupEntityManager.findGroupByQueryCriteria(GroupEntityManager.java:90)
	at org.activiti.engine.impl.GroupQueryImpl.executeList(GroupQueryImpl.java:125)
	at org.activiti.engine.impl.AbstractQuery.execute(AbstractQuery.java:164)
	at org.activiti.engine.impl.interceptor.CommandInvoker.execute(CommandInvoker.java:24)
	at org.activiti.engine.impl.interceptor.CommandContextInterceptor.execute(CommandContextInterceptor.java:57)
	at org.activiti.engine.impl.interceptor.LogInterceptor.execute(LogInterceptor.java:37)
	at org.activiti.engine.impl.cfg.CommandExecutorImpl.execute(CommandExecutorImpl.java:40)
	at org.activiti.engine.impl.cfg.CommandExecutorImpl.execute(CommandExecutorImpl.java:35)
	at org.activiti.engine.impl.AbstractQuery.list(AbstractQuery.java:138)
	at org.activiti.engine.test.api.identity.GroupQueryTest.verifyQueryResults(GroupQueryTest.java:221)
	at org.activiti.engine.test.api.identity.GroupQueryTest.testQueryById(GroupQueryTest.java:80)
	at sun.reflect.NativeMethodAccessorImpl.invoke0(Native Method)
	at sun.reflect.NativeMethodAccessorImpl.invoke(NativeMethodAccessorImpl.java:62)
	at sun.reflect.DelegatingMethodAccessorImpl.invoke(DelegatingMethodAccessorImpl.java:43)
	at java.lang.reflect.Method.invoke(Method.java:498)
	at junit.framework.TestCase.runTest(TestCase.java:176)
	at org.activiti.engine.impl.test.PvmTestCase.runTest(PvmTestCase.java:65)
	at junit.framework.TestCase.runBare(TestCase.java:141)
	at org.activiti.engine.impl.test.AbstractActivitiTestCase.runBare(AbstractActivitiTestCase.java:100)
	at junit.framework.TestResult$1.protect(TestResult.java:122)
	at junit.framework.TestResult.runProtected(TestResult.java:142)
	at junit.framework.TestResult.run(TestResult.java:125)
	at junit.framework.TestCase.run(TestCase.java:129)
	at junit.framework.TestSuite.runTest(TestSuite.java:255)
	at junit.framework.TestSuite.run(TestSuite.java:250)
	at org.junit.internal.runners.JUnit38ClassRunner.run(JUnit38ClassRunner.java:84)
	at org.apache.maven.surefire.junit4.JUnit4TestSet.execute(JUnit4TestSet.java:35)
	at org.apache.maven.surefire.junit4.JUnit4Provider.executeTestSet(JUnit4Provider.java:146)
	at org.apache.maven.surefire.junit4.JUnit4Provider.invoke(JUnit4Provider.java:97)
	at sun.reflect.NativeMethodAccessorImpl.invoke0(Native Method)
	at sun.reflect.NativeMethodAccessorImpl.invoke(NativeMethodAccessorImpl.java:62)
	at sun.reflect.DelegatingMethodAccessorImpl.invoke(DelegatingMethodAccessorImpl.java:43)
	at java.lang.reflect.Method.invoke(Method.java:498)
	at org.apache.maven.surefire.booter.ProviderFactory$ClassLoaderProxy.invoke(ProviderFactory.java:103)
	at com.sun.proxy.$Proxy0.invoke(Unknown Source)
	at org.apache.maven.surefire.booter.SurefireStarter.invokeProvider(SurefireStarter.java:145)
	at org.apache.maven.surefire.booter.SurefireStarter.runSuitesInProcess(SurefireStarter.java:87)
	at org.apache.maven.surefire.booter.ForkedBooter.main(ForkedBooter.java:69)
Caused by: org.h2.jdbc.JdbcSQLException: Syntax error in SQL statement &quot;SELECT RES.* 
     
    FROM ACT_ID_GROUP RES
     
     WHERE RES.ID_ = ? 
   
     ORDER BY  ORDER[*] BY RES.ID_ ASC  
    LIMIT ? OFFSET ? &quot;; expected &quot;=, NOT, EXISTS, INTERSECTS, SELECT, FROM&quot;; SQL statement:
select RES.* 
     
    from ACT_ID_GROUP RES
     
     WHERE RES.ID_ = ? 
   
     order by  order by RES.ID_ asc  
    LIMIT ? OFFSET ? [42001-176]
	at org.h2.message.DbException.getJdbcSQLException(DbException.java:344)
	at org.h2.message.DbException.getSyntaxError(DbException.java:204)
	at org.h2.command.Parser.getSyntaxError(Parser.java:524)
	at org.h2.command.Parser.readTerm(Parser.java:2688)
	at org.h2.command.Parser.readFactor(Parser.java:2244)
	at org.h2.command.Parser.readSum(Parser.java:2231)
	at org.h2.command.Parser.readConcat(Parser.java:2201)
	at org.h2.command.Parser.readCondition(Parser.java:2051)
	at org.h2.command.Parser.readAnd(Parser.java:2023)
	at org.h2.command.Parser.readExpression(Parser.java:2015)
	at org.h2.command.Parser.parseEndOfQuery(Parser.java:1726)
	at org.h2.command.Parser.parseSelectUnionExtension(Parser.java:1706)
	at org.h2.command.Parser.parseSelectUnion(Parser.java:1675)
	at org.h2.command.Parser.parseSelect(Parser.java:1662)
	at org.h2.command.Parser.parsePrepared(Parser.java:434)
	at org.h2.command.Parser.parse(Parser.java:306)
	at org.h2.command.Parser.parse(Parser.java:282)
	at org.h2.command.Parser.prepareCommand(Parser.java:243)
	at org.h2.engine.Session.prepareLocal(Session.java:442)
	at org.h2.engine.Session.prepareCommand(Session.java:384)
	at org.h2.jdbc.JdbcConnection.prepareCommand(JdbcConnection.java:1188)
	at org.h2.jdbc.JdbcPreparedStatement.&lt;init&gt;(JdbcPreparedStatement.java:73)
	at org.h2.jdbc.JdbcConnection.prepareStatement(JdbcConnection.java:276)
	at sun.reflect.GeneratedMethodAccessor6.invoke(Unknown Source)
	at sun.reflect.DelegatingMethodAccessorImpl.invoke(DelegatingMethodAccessorImpl.java:43)
	at java.lang.reflect.Method.invoke(Method.java:498)
	at org.apache.ibatis.datasource.pooled.PooledConnection.invoke(PooledConnection.java:245)
	at com.sun.proxy.$Proxy12.prepareStatement(Unknown Source)
	at sun.reflect.GeneratedMethodAccessor6.invoke(Unknown Source)
	at sun.reflect.DelegatingMethodAccessorImpl.invoke(DelegatingMethodAccessorImpl.java:43)
	at java.lang.reflect.Method.invoke(Method.java:498)
	at org.apache.ibatis.logging.jdbc.ConnectionLogger.invoke(ConnectionLogger.java:55)
	at com.sun.proxy.$Proxy12.prepareStatement(Unknown Source)
	at org.apache.ibatis.executor.statement.PreparedStatementHandler.instantiateStatement(PreparedStatementHandler.java:79)
	at org.apache.ibatis.executor.statement.BaseStatementHandler.prepare(BaseStatementHandler.java:88)
	at org.apache.ibatis.executor.statement.RoutingStatementHandler.prepare(RoutingStatementHandler.java:58)
	at org.apache.ibatis.executor.SimpleExecutor.prepareStatement(SimpleExecutor.java:76)
	at org.apache.ibatis.executor.SimpleExecutor.doQuery(SimpleExecutor.java:61)
	at org.apache.ibatis.executor.BaseExecutor.queryFromDatabase(BaseExecutor.java:303)
	at org.apache.ibatis.executor.BaseExecutor.query(BaseExecutor.java:154)
	at org.apache.ibatis.executor.CachingExecutor.query(CachingExecutor.java:102)
	at org.apache.ibatis.executor.CachingExecutor.query(CachingExecutor.java:82)
	at org.apache.ibatis.session.defaults.DefaultSqlSession.selectList(DefaultSqlSession.java:120)
	... 42 more
</error>
    <system-out>@SLTests run: 8, Failures: 0, Errors: 8, Skipped: 0, Time elapsed: 0.101 sec &lt;&lt;&lt; FAILURE!
@SLRunning org.activiti.engine.test.api.identity.GroupQueryTest
10:44:56,413 [main] DEBUG org.activiti.engine.impl.interceptor.LogInterceptor  - 

10:44:56,413 [main] DEBUG org.activiti.engine.impl.interceptor.LogInterceptor  - --- starting CreateGroupCmd --------------------------------------------------------
10:44:56,413 [main] DEBUG org.activiti.engine.impl.cfg.standalone.StandaloneMybatisTransactionContext  - firing event committing...
10:44:56,413 [main] DEBUG org.activiti.engine.impl.cfg.standalone.StandaloneMybatisTransactionContext  - committing the ibatis sql session...
10:44:56,413 [main] DEBUG org.activiti.engine.impl.cfg.standalone.StandaloneMybatisTransactionContext  - firing event committed...
10:44:56,413 [main] DEBUG org.activiti.engine.impl.interceptor.LogInterceptor  - --- CreateGroupCmd finished --------------------------------------------------------
10:44:56,413 [main] DEBUG org.activiti.engine.impl.interceptor.LogInterceptor  - 

10:44:56,413 [main] DEBUG org.activiti.engine.impl.interceptor.LogInterceptor  - 

10:44:56,413 [main] DEBUG org.activiti.engine.impl.interceptor.LogInterceptor  - --- starting SaveGroupCmd --------------------------------------------------------
10:44:56,413 [main] DEBUG org.activiti.engine.impl.db.DbSqlSession  -   insert org.activiti.engine.impl.persistence.entity.GroupEntity@61a91c9b
10:44:56,413 [main] DEBUG org.activiti.engine.impl.db.DbSqlSession  - flush summary: 1 insert, 0 update, 0 delete.
10:44:56,413 [main] DEBUG org.activiti.engine.impl.db.DbSqlSession  - now executing flush...
10:44:56,413 [main] DEBUG org.activiti.engine.impl.db.DbSqlSession  - inserting: org.activiti.engine.impl.persistence.entity.GroupEntity@61a91c9b
10:44:56,413 [main] DEBUG org.apache.ibatis.transaction.jdbc.JdbcTransaction  - Opening JDBC Connection
10:44:56,413 [main] DEBUG org.apache.ibatis.datasource.pooled.PooledDataSource  - Checked out connection 297240765 from pool.
10:44:56,413 [main] DEBUG org.apache.ibatis.transaction.jdbc.JdbcTransaction  - Setting autocommit to false on JDBC Connection [conn4: url=jdbc:h2:mem:activiti user=SA]
10:44:56,413 [main] DEBUG org.activiti.engine.impl.persistence.entity.GroupEntity.insertGroup  - ==&gt;  Preparing: insert into ACT_ID_GROUP (ID_, REV_, NAME_, TYPE_) values ( ?, 1, ?, ? ) 
10:44:56,413 [main] DEBUG org.activiti.engine.impl.persistence.entity.GroupEntity.insertGroup  - ==&gt; Parameters: muppets(String), Muppet show characters(String), user(String)
10:44:56,413 [main] DEBUG org.activiti.engine.impl.persistence.entity.GroupEntity.insertGroup  - &lt;==    Updates: 1
10:44:56,413 [main] DEBUG org.activiti.engine.impl.cfg.standalone.StandaloneMybatisTransactionContext  - firing event committing...
10:44:56,413 [main] DEBUG org.activiti.engine.impl.cfg.standalone.StandaloneMybatisTransactionContext  - committing the ibatis sql session...
10:44:56,413 [main] DEBUG org.apache.ibatis.transaction.jdbc.JdbcTransaction  - Committing JDBC Connection [conn4: url=jdbc:h2:mem:activiti user=SA]
10:44:56,413 [main] DEBUG org.activiti.engine.impl.cfg.standalone.StandaloneMybatisTransactionContext  - firing event committed...
10:44:56,413 [main] DEBUG org.apache.ibatis.transaction.jdbc.JdbcTransaction  - Resetting autocommit to true on JDBC Connection [conn4: url=jdbc:h2:mem:activiti user=SA]
10:44:56,413 [main] DEBUG org.apache.ibatis.transaction.jdbc.JdbcTransaction  - Closing JDBC Connection [conn4: url=jdbc:h2:mem:activiti user=SA]
10:44:56,413 [main] DEBUG org.apache.ibatis.datasource.pooled.PooledDataSource  - Returned connection 297240765 to pool.
10:44:56,413 [main] DEBUG org.activiti.engine.impl.interceptor.LogInterceptor  - --- SaveGroupCmd finished --------------------------------------------------------
10:44:56,413 [main] DEBUG org.activiti.engine.impl.interceptor.LogInterceptor  - 

10:44:56,413 [main] DEBUG org.activiti.engine.impl.interceptor.LogInterceptor  - 

10:44:56,413 [main] DEBUG org.activiti.engine.impl.interceptor.LogInterceptor  - --- starting CreateGroupCmd --------------------------------------------------------
10:44:56,413 [main] DEBUG org.activiti.engine.impl.cfg.standalone.StandaloneMybatisTransactionContext  - firing event committing...
10:44:56,416 [main] DEBUG org.activiti.engine.impl.cfg.standalone.StandaloneMybatisTransactionContext  - committing the ibatis sql session...
10:44:56,416 [main] DEBUG org.activiti.engine.impl.cfg.standalone.StandaloneMybatisTransactionContext  - firing event committed...
10:44:56,416 [main] DEBUG org.activiti.engine.impl.interceptor.LogInterceptor  - --- CreateGroupCmd finished --------------------------------------------------------
10:44:56,416 [main] DEBUG org.activiti.engine.impl.interceptor.LogInterceptor  - 

10:44:56,416 [main] DEBUG org.activiti.engine.impl.interceptor.LogInterceptor  - 

10:44:56,416 [main] DEBUG org.activiti.engine.impl.interceptor.LogInterceptor  - --- starting SaveGroupCmd --------------------------------------------------------
10:44:56,416 [main] DEBUG org.activiti.engine.impl.db.DbSqlSession  -   insert org.activiti.engine.impl.persistence.entity.GroupEntity@17092fff
10:44:56,416 [main] DEBUG org.activiti.engine.impl.db.DbSqlSession  - flush summary: 1 insert, 0 update, 0 delete.
10:44:56,416 [main] DEBUG org.activiti.engine.impl.db.DbSqlSession  - now executing flush...
10:44:56,416 [main] DEBUG org.activiti.engine.impl.db.DbSqlSession  - inserting: org.activiti.engine.impl.persistence.entity.GroupEntity@17092fff
10:44:56,416 [main] DEBUG org.apache.ibatis.transaction.jdbc.JdbcTransaction  - Opening JDBC Connection
10:44:56,416 [main] DEBUG org.apache.ibatis.datasource.pooled.PooledDataSource  - Checked out connection 363509958 from pool.
10:44:56,416 [main] DEBUG org.apache.ibatis.transaction.jdbc.JdbcTransaction  - Setting autocommit to false on JDBC Connection [conn2: url=jdbc:h2:mem:activiti user=SA]
10:44:56,416 [main] DEBUG org.activiti.engine.impl.persistence.entity.GroupEntity.insertGroup  - ==&gt;  Preparing: insert into ACT_ID_GROUP (ID_, REV_, NAME_, TYPE_) values ( ?, 1, ?, ? ) 
10:44:56,416 [main] DEBUG org.activiti.engine.impl.persistence.entity.GroupEntity.insertGroup  - ==&gt; Parameters: frogs(String), Famous frogs(String), user(String)
10:44:56,416 [main] DEBUG org.activiti.engine.impl.persistence.entity.GroupEntity.insertGroup  - &lt;==    Updates: 1
10:44:56,416 [main] DEBUG org.activiti.engine.impl.cfg.standalone.StandaloneMybatisTransactionContext  - firing event committing...
10:44:56,416 [main] DEBUG org.activiti.engine.impl.cfg.standalone.StandaloneMybatisTransactionContext  - committing the ibatis sql session...
10:44:56,416 [main] DEBUG org.apache.ibatis.transaction.jdbc.JdbcTransaction  - Committing JDBC Connection [conn2: url=jdbc:h2:mem:activiti user=SA]
10:44:56,416 [main] DEBUG org.activiti.engine.impl.cfg.standalone.StandaloneMybatisTransactionContext  - firing event committed...
10:44:56,416 [main] DEBUG org.apache.ibatis.transaction.jdbc.JdbcTransaction  - Resetting autocommit to true on JDBC Connection [conn2: url=jdbc:h2:mem:activiti user=SA]
10:44:56,416 [main] DEBUG org.apache.ibatis.transaction.jdbc.JdbcTransaction  - Closing JDBC Connection [conn2: url=jdbc:h2:mem:activiti user=SA]
10:44:56,416 [main] DEBUG org.apache.ibatis.datasource.pooled.PooledDataSource  - Returned connection 363509958 to pool.
10:44:56,416 [main] DEBUG org.activiti.engine.impl.interceptor.LogInterceptor  - --- SaveGroupCmd finished --------------------------------------------------------
10:44:56,416 [main] DEBUG org.activiti.engine.impl.interceptor.LogInterceptor  - 

10:44:56,416 [main] DEBUG org.activiti.engine.impl.interceptor.LogInterceptor  - 

10:44:56,416 [main] DEBUG org.activiti.engine.impl.interceptor.LogInterceptor  - --- starting CreateGroupCmd --------------------------------------------------------
10:44:56,416 [main] DEBUG org.activiti.engine.impl.cfg.standalone.StandaloneMybatisTransactionContext  - firing event committing...
10:44:56,416 [main] DEBUG org.activiti.engine.impl.cfg.standalone.StandaloneMybatisTransactionContext  - committing the ibatis sql session...
10:44:56,416 [main] DEBUG org.activiti.engine.impl.cfg.standalone.StandaloneMybatisTransactionContext  - firing event committed...
10:44:56,416 [main] DEBUG org.activiti.engine.impl.interceptor.LogInterceptor  - --- CreateGroupCmd finished --------------------------------------------------------
10:44:56,416 [main] DEBUG org.activiti.engine.impl.interceptor.LogInterceptor  - 

10:44:56,416 [main] DEBUG org.activiti.engine.impl.interceptor.LogInterceptor  - 

10:44:56,416 [main] DEBUG org.activiti.engine.impl.interceptor.LogInterceptor  - --- starting SaveGroupCmd --------------------------------------------------------
10:44:56,416 [main] DEBUG org.activiti.engine.impl.db.DbSqlSession  -   insert org.activiti.engine.impl.persistence.entity.GroupEntity@2121d1f9
10:44:56,416 [main] DEBUG org.activiti.engine.impl.db.DbSqlSession  - flush summary: 1 insert, 0 update, 0 delete.
10:44:56,416 [main] DEBUG org.activiti.engine.impl.db.DbSqlSession  - now executing flush...
10:44:56,416 [main] DEBUG org.activiti.engine.impl.db.DbSqlSession  - inserting: org.activiti.engine.impl.persistence.entity.GroupEntity@2121d1f9
10:44:56,416 [main] DEBUG org.apache.ibatis.transaction.jdbc.JdbcTransaction  - Opening JDBC Connection
10:44:56,416 [main] DEBUG org.apache.ibatis.datasource.pooled.PooledDataSource  - Checked out connection 180014677 from pool.
10:44:56,416 [main] DEBUG org.apache.ibatis.transaction.jdbc.JdbcTransaction  - Setting autocommit to false on JDBC Connection [conn3: url=jdbc:h2:mem:activiti user=SA]
10:44:56,416 [main] DEBUG org.activiti.engine.impl.persistence.entity.GroupEntity.insertGroup  - ==&gt;  Preparing: insert into ACT_ID_GROUP (ID_, REV_, NAME_, TYPE_) values ( ?, 1, ?, ? ) 
10:44:56,417 [main] DEBUG org.activiti.engine.impl.persistence.entity.GroupEntity.insertGroup  - ==&gt; Parameters: mammals(String), Famous mammals from eighties(String), user(String)
10:44:56,417 [main] DEBUG org.activiti.engine.impl.persistence.entity.GroupEntity.insertGroup  - &lt;==    Updates: 1
10:44:56,417 [main] DEBUG org.activiti.engine.impl.cfg.standalone.StandaloneMybatisTransactionContext  - firing event committing...
10:44:56,417 [main] DEBUG org.activiti.engine.impl.cfg.standalone.StandaloneMybatisTransactionContext  - committing the ibatis sql session...
10:44:56,417 [main] DEBUG org.apache.ibatis.transaction.jdbc.JdbcTransaction  - Committing JDBC Connection [conn3: url=jdbc:h2:mem:activiti user=SA]
10:44:56,417 [main] DEBUG org.activiti.engine.impl.cfg.standalone.StandaloneMybatisTransactionContext  - firing event committed...
10:44:56,417 [main] DEBUG org.apache.ibatis.transaction.jdbc.JdbcTransaction  - Resetting autocommit to true on JDBC Connection [conn3: url=jdbc:h2:mem:activiti user=SA]
10:44:56,417 [main] DEBUG org.apache.ibatis.transaction.jdbc.JdbcTransaction  - Closing JDBC Connection [conn3: url=jdbc:h2:mem:activiti user=SA]
10:44:56,417 [main] DEBUG org.apache.ibatis.datasource.pooled.PooledDataSource  - Returned connection 180014677 to pool.
10:44:56,417 [main] DEBUG org.activiti.engine.impl.interceptor.LogInterceptor  - --- SaveGroupCmd finished --------------------------------------------------------
10:44:56,417 [main] DEBUG org.activiti.engine.impl.interceptor.LogInterceptor  - 

10:44:56,417 [main] DEBUG org.activiti.engine.impl.interceptor.LogInterceptor  - 

10:44:56,417 [main] DEBUG org.activiti.engine.impl.interceptor.LogInterceptor  - --- starting CreateGroupCmd --------------------------------------------------------
10:44:56,417 [main] DEBUG org.activiti.engine.impl.cfg.standalone.StandaloneMybatisTransactionContext  - firing event committing...
10:44:56,417 [main] DEBUG org.activiti.engine.impl.cfg.standalone.StandaloneMybatisTransactionContext  - committing the ibatis sql session...
10:44:56,417 [main] DEBUG org.activiti.engine.impl.cfg.standalone.StandaloneMybatisTransactionContext  - firing event committed...
10:44:56,417 [main] DEBUG org.activiti.engine.impl.interceptor.LogInterceptor  - --- CreateGroupCmd finished --------------------------------------------------------
10:44:56,417 [main] DEBUG org.activiti.engine.impl.interceptor.LogInterceptor  - 

10:44:56,417 [main] DEBUG org.activiti.engine.impl.interceptor.LogInterceptor  - 

10:44:56,417 [main] DEBUG org.activiti.engine.impl.interceptor.LogInterceptor  - --- starting SaveGroupCmd --------------------------------------------------------
10:44:56,417 [main] DEBUG org.activiti.engine.impl.db.DbSqlSession  -   insert org.activiti.engine.impl.persistence.entity.GroupEntity@462e1e64
10:44:56,417 [main] DEBUG org.activiti.engine.impl.db.DbSqlSession  - flush summary: 1 insert, 0 update, 0 delete.
10:44:56,417 [main] DEBUG org.activiti.engine.impl.db.DbSqlSession  - now executing flush...
10:44:56,417 [main] DEBUG org.activiti.engine.impl.db.DbSqlSession  - inserting: org.activiti.engine.impl.persistence.entity.GroupEntity@462e1e64
10:44:56,417 [main] DEBUG org.apache.ibatis.transaction.jdbc.JdbcTransaction  - Opening JDBC Connection
10:44:56,417 [main] DEBUG org.apache.ibatis.datasource.pooled.PooledDataSource  - Checked out connection 297240765 from pool.
10:44:56,417 [main] DEBUG org.apache.ibatis.transaction.jdbc.JdbcTransaction  - Setting autocommit to false on JDBC Connection [conn4: url=jdbc:h2:mem:activiti user=SA]
10:44:56,417 [main] DEBUG org.activiti.engine.impl.persistence.entity.GroupEntity.insertGroup  - ==&gt;  Preparing: insert into ACT_ID_GROUP (ID_, REV_, NAME_, TYPE_) values ( ?, 1, ?, ? ) 
10:44:56,417 [main] DEBUG org.activiti.engine.impl.persistence.entity.GroupEntity.insertGroup  - ==&gt; Parameters: admin(String), Administrators(String), security(String)
10:44:56,417 [main] DEBUG org.activiti.engine.impl.persistence.entity.GroupEntity.insertGroup  - &lt;==    Updates: 1
10:44:56,417 [main] DEBUG org.activiti.engine.impl.cfg.standalone.StandaloneMybatisTransactionContext  - firing event committing...
10:44:56,417 [main] DEBUG org.activiti.engine.impl.cfg.standalone.StandaloneMybatisTransactionContext  - committing the ibatis sql session...
10:44:56,417 [main] DEBUG org.apache.ibatis.transaction.jdbc.JdbcTransaction  - Committing JDBC Connection [conn4: url=jdbc:h2:mem:activiti user=SA]
10:44:56,417 [main] DEBUG org.activiti.engine.impl.cfg.standalone.StandaloneMybatisTransactionContext  - firing event committed...
10:44:56,417 [main] DEBUG org.apache.ibatis.transaction.jdbc.JdbcTransaction  - Resetting autocommit to true on JDBC Connection [conn4: url=jdbc:h2:mem:activiti user=SA]
10:44:56,417 [main] DEBUG org.apache.ibatis.transaction.jdbc.JdbcTransaction  - Closing JDBC Connection [conn4: url=jdbc:h2:mem:activiti user=SA]
10:44:56,417 [main] DEBUG org.apache.ibatis.datasource.pooled.PooledDataSource  - Returned connection 297240765 to pool.
10:44:56,417 [main] DEBUG org.activiti.engine.impl.interceptor.LogInterceptor  - --- SaveGroupCmd finished --------------------------------------------------------
10:44:56,417 [main] DEBUG org.activiti.engine.impl.interceptor.LogInterceptor  - 

10:44:56,417 [main] DEBUG org.activiti.engine.impl.interceptor.LogInterceptor  - 

10:44:56,417 [main] DEBUG org.activiti.engine.impl.interceptor.LogInterceptor  - --- starting CreateUserCmd --------------------------------------------------------
10:44:56,417 [main] DEBUG org.activiti.engine.impl.cfg.standalone.StandaloneMybatisTransactionContext  - firing event committing...
10:44:56,417 [main] DEBUG org.activiti.engine.impl.cfg.standalone.StandaloneMybatisTransactionContext  - committing the ibatis sql session...
10:44:56,417 [main] DEBUG org.activiti.engine.impl.cfg.standalone.StandaloneMybatisTransactionContext  - firing event committed...
10:44:56,417 [main] DEBUG org.activiti.engine.impl.interceptor.LogInterceptor  - --- CreateUserCmd finished --------------------------------------------------------
10:44:56,417 [main] DEBUG org.activiti.engine.impl.interceptor.LogInterceptor  - 

10:44:56,417 [main] DEBUG org.activiti.engine.impl.interceptor.LogInterceptor  - 

10:44:56,417 [main] DEBUG org.activiti.engine.impl.interceptor.LogInterceptor  - --- starting SaveUserCmd --------------------------------------------------------
10:44:56,417 [main] DEBUG org.activiti.engine.impl.db.DbSqlSession  -   insert org.activiti.engine.impl.persistence.entity.UserEntity@69afa141
10:44:56,417 [main] DEBUG org.activiti.engine.impl.db.DbSqlSession  - flush summary: 1 insert, 0 update, 0 delete.
10:44:56,417 [main] DEBUG org.activiti.engine.impl.db.DbSqlSession  - now executing flush...
10:44:56,417 [main] DEBUG org.activiti.engine.impl.db.DbSqlSession  - inserting: org.activiti.engine.impl.persistence.entity.UserEntity@69afa141
10:44:56,417 [main] DEBUG org.apache.ibatis.transaction.jdbc.JdbcTransaction  - Opening JDBC Connection
10:44:56,417 [main] DEBUG org.apache.ibatis.datasource.pooled.PooledDataSource  - Checked out connection 363509958 from pool.
10:44:56,417 [main] DEBUG org.apache.ibatis.transaction.jdbc.JdbcTransaction  - Setting autocommit to false on JDBC Connection [conn2: url=jdbc:h2:mem:activiti user=SA]
10:44:56,417 [main] DEBUG org.activiti.engine.impl.persistence.entity.UserEntity.insertUser  - ==&gt;  Preparing: insert into ACT_ID_USER (ID_, REV_, FIRST_, LAST_, EMAIL_, PWD_) values ( ?, 1, ?, ?, ?, ? ) 
10:44:56,417 [main] DEBUG org.activiti.engine.impl.persistence.entity.UserEntity.insertUser  - ==&gt; Parameters: kermit(String), null, null, null, null
10:44:56,417 [main] DEBUG org.activiti.engine.impl.persistence.entity.UserEntity.insertUser  - &lt;==    Updates: 1
10:44:56,417 [main] DEBUG org.activiti.engine.impl.cfg.standalone.StandaloneMybatisTransactionContext  - firing event committing...
10:44:56,417 [main] DEBUG org.activiti.engine.impl.cfg.standalone.StandaloneMybatisTransactionContext  - committing the ibatis sql session...
10:44:56,417 [main] DEBUG org.apache.ibatis.transaction.jdbc.JdbcTransaction  - Committing JDBC Connection [conn2: url=jdbc:h2:mem:activiti user=SA]
10:44:56,417 [main] DEBUG org.activiti.engine.impl.cfg.standalone.StandaloneMybatisTransactionContext  - firing event committed...
10:44:56,417 [main] DEBUG org.apache.ibatis.transaction.jdbc.JdbcTransaction  - Resetting autocommit to true on JDBC Connection [conn2: url=jdbc:h2:mem:activiti user=SA]
10:44:56,417 [main] DEBUG org.apache.ibatis.transaction.jdbc.JdbcTransaction  - Closing JDBC Connection [conn2: url=jdbc:h2:mem:activiti user=SA]
10:44:56,417 [main] DEBUG org.apache.ibatis.datasource.pooled.PooledDataSource  - Returned connection 363509958 to pool.
10:44:56,417 [main] DEBUG org.activiti.engine.impl.interceptor.LogInterceptor  - --- SaveUserCmd finished --------------------------------------------------------
10:44:56,417 [main] DEBUG org.activiti.engine.impl.interceptor.LogInterceptor  - 

10:44:56,417 [main] DEBUG org.activiti.engine.impl.interceptor.LogInterceptor  - 

10:44:56,417 [main] DEBUG org.activiti.engine.impl.interceptor.LogInterceptor  - --- starting CreateUserCmd --------------------------------------------------------
10:44:56,417 [main] DEBUG org.activiti.engine.impl.cfg.standalone.StandaloneMybatisTransactionContext  - firing event committing...
10:44:56,417 [main] DEBUG org.activiti.engine.impl.cfg.standalone.StandaloneMybatisTransactionContext  - committing the ibatis sql session...
10:44:56,417 [main] DEBUG org.activiti.engine.impl.cfg.standalone.StandaloneMybatisTransactionContext  - firing event committed...
10:44:56,417 [main] DEBUG org.activiti.engine.impl.interceptor.LogInterceptor  - --- CreateUserCmd finished --------------------------------------------------------
10:44:56,417 [main] DEBUG org.activiti.engine.impl.interceptor.LogInterceptor  - 

10:44:56,417 [main] DEBUG org.activiti.engine.impl.interceptor.LogInterceptor  - 

10:44:56,417 [main] DEBUG org.activiti.engine.impl.interceptor.LogInterceptor  - --- starting SaveUserCmd --------------------------------------------------------
10:44:56,417 [main] DEBUG org.activiti.engine.impl.db.DbSqlSession  -   insert org.activiti.engine.impl.persistence.entity.UserEntity@49f40c00
10:44:56,417 [main] DEBUG org.activiti.engine.impl.db.DbSqlSession  - flush summary: 1 insert, 0 update, 0 delete.
10:44:56,417 [main] DEBUG org.activiti.engine.impl.db.DbSqlSession  - now executing flush...
10:44:56,417 [main] DEBUG org.activiti.engine.impl.db.DbSqlSession  - inserting: org.activiti.engine.impl.persistence.entity.UserEntity@49f40c00
10:44:56,417 [main] DEBUG org.apache.ibatis.transaction.jdbc.JdbcTransaction  - Opening JDBC Connection
10:44:56,417 [main] DEBUG org.apache.ibatis.datasource.pooled.PooledDataSource  - Checked out connection 180014677 from pool.
10:44:56,417 [main] DEBUG org.apache.ibatis.transaction.jdbc.JdbcTransaction  - Setting autocommit to false on JDBC Connection [conn3: url=jdbc:h2:mem:activiti user=SA]
10:44:56,417 [main] DEBUG org.activiti.engine.impl.persistence.entity.UserEntity.insertUser  - ==&gt;  Preparing: insert into ACT_ID_USER (ID_, REV_, FIRST_, LAST_, EMAIL_, PWD_) values ( ?, 1, ?, ?, ?, ? ) 
10:44:56,417 [main] DEBUG org.activiti.engine.impl.persistence.entity.UserEntity.insertUser  - ==&gt; Parameters: fozzie(String), null, null, null, null
10:44:56,417 [main] DEBUG org.activiti.engine.impl.persistence.entity.UserEntity.insertUser  - &lt;==    Updates: 1
10:44:56,417 [main] DEBUG org.activiti.engine.impl.cfg.standalone.StandaloneMybatisTransactionContext  - firing event committing...
10:44:56,417 [main] DEBUG org.activiti.engine.impl.cfg.standalone.StandaloneMybatisTransactionContext  - committing the ibatis sql session...
10:44:56,417 [main] DEBUG org.apache.ibatis.transaction.jdbc.JdbcTransaction  - Committing JDBC Connection [conn3: url=jdbc:h2:mem:activiti user=SA]
10:44:56,417 [main] DEBUG org.activiti.engine.impl.cfg.standalone.StandaloneMybatisTransactionContext  - firing event committed...
10:44:56,417 [main] DEBUG org.apache.ibatis.transaction.jdbc.JdbcTransaction  - Resetting autocommit to true on JDBC Connection [conn3: url=jdbc:h2:mem:activiti user=SA]
10:44:56,417 [main] DEBUG org.apache.ibatis.transaction.jdbc.JdbcTransaction  - Closing JDBC Connection [conn3: url=jdbc:h2:mem:activiti user=SA]
10:44:56,417 [main] DEBUG org.apache.ibatis.datasource.pooled.PooledDataSource  - Returned connection 180014677 to pool.
10:44:56,417 [main] DEBUG org.activiti.engine.impl.interceptor.LogInterceptor  - --- SaveUserCmd finished --------------------------------------------------------
10:44:56,417 [main] DEBUG org.activiti.engine.impl.interceptor.LogInterceptor  - 

10:44:56,417 [main] DEBUG org.activiti.engine.impl.interceptor.LogInterceptor  - 

10:44:56,417 [main] DEBUG org.activiti.engine.impl.interceptor.LogInterceptor  - --- starting CreateUserCmd --------------------------------------------------------
10:44:56,417 [main] DEBUG org.activiti.engine.impl.cfg.standalone.StandaloneMybatisTransactionContext  - firing event committing...
10:44:56,417 [main] DEBUG org.activiti.engine.impl.cfg.standalone.StandaloneMybatisTransactionContext  - committing the ibatis sql session...
10:44:56,417 [main] DEBUG org.activiti.engine.impl.cfg.standalone.StandaloneMybatisTransactionContext  - firing event committed...
10:44:56,417 [main] DEBUG org.activiti.engine.impl.interceptor.LogInterceptor  - --- CreateUserCmd finished --------------------------------------------------------
10:44:56,417 [main] DEBUG org.activiti.engine.impl.interceptor.LogInterceptor  - 

10:44:56,417 [main] DEBUG org.activiti.engine.impl.interceptor.LogInterceptor  - 

10:44:56,417 [main] DEBUG org.activiti.engine.impl.interceptor.LogInterceptor  - --- starting SaveUserCmd --------------------------------------------------------
10:44:56,417 [main] DEBUG org.activiti.engine.impl.db.DbSqlSession  -   insert org.activiti.engine.impl.persistence.entity.UserEntity@643d2dae
10:44:56,417 [main] DEBUG org.activiti.engine.impl.db.DbSqlSession  - flush summary: 1 insert, 0 update, 0 delete.
10:44:56,417 [main] DEBUG org.activiti.engine.impl.db.DbSqlSession  - now executing flush...
10:44:56,417 [main] DEBUG org.activiti.engine.impl.db.DbSqlSession  - inserting: org.activiti.engine.impl.persistence.entity.UserEntity@643d2dae
10:44:56,417 [main] DEBUG org.apache.ibatis.transaction.jdbc.JdbcTransaction  - Opening JDBC Connection
10:44:56,417 [main] DEBUG org.apache.ibatis.datasource.pooled.PooledDataSource  - Checked out connection 297240765 from pool.
10:44:56,417 [main] DEBUG org.apache.ibatis.transaction.jdbc.JdbcTransaction  - Setting autocommit to false on JDBC Connection [conn4: url=jdbc:h2:mem:activiti user=SA]
10:44:56,417 [main] DEBUG org.activiti.engine.impl.persistence.entity.UserEntity.insertUser  - ==&gt;  Preparing: insert into ACT_ID_USER (ID_, REV_, FIRST_, LAST_, EMAIL_, PWD_) values ( ?, 1, ?, ?, ?, ? ) 
10:44:56,417 [main] DEBUG org.activiti.engine.impl.persistence.entity.UserEntity.insertUser  - ==&gt; Parameters: mispiggy(String), null, null, null, null
10:44:56,417 [main] DEBUG org.activiti.engine.impl.persistence.entity.UserEntity.insertUser  - &lt;==    Updates: 1
10:44:56,417 [main] DEBUG org.activiti.engine.impl.cfg.standalone.StandaloneMybatisTransactionContext  - firing event committing...
10:44:56,417 [main] DEBUG org.activiti.engine.impl.cfg.standalone.StandaloneMybatisTransactionContext  - committing the ibatis sql session...
10:44:56,417 [main] DEBUG org.apache.ibatis.transaction.jdbc.JdbcTransaction  - Committing JDBC Connection [conn4: url=jdbc:h2:mem:activiti user=SA]
10:44:56,417 [main] DEBUG org.activiti.engine.impl.cfg.standalone.StandaloneMybatisTransactionContext  - firing event committed...
10:44:56,417 [main] DEBUG org.apache.ibatis.transaction.jdbc.JdbcTransaction  - Resetting autocommit to true on JDBC Connection [conn4: url=jdbc:h2:mem:activiti user=SA]
10:44:56,417 [main] DEBUG org.apache.ibatis.transaction.jdbc.JdbcTransaction  - Closing JDBC Connection [conn4: url=jdbc:h2:mem:activiti user=SA]
10:44:56,417 [main] DEBUG org.apache.ibatis.datasource.pooled.PooledDataSource  - Returned connection 297240765 to pool.
10:44:56,417 [main] DEBUG org.activiti.engine.impl.interceptor.LogInterceptor  - --- SaveUserCmd finished --------------------------------------------------------
10:44:56,417 [main] DEBUG org.activiti.engine.impl.interceptor.LogInterceptor  - 

10:44:56,417 [main] DEBUG org.activiti.engine.impl.interceptor.LogInterceptor  - 

10:44:56,417 [main] DEBUG org.activiti.engine.impl.interceptor.LogInterceptor  - --- starting CreateMembershipCmd --------------------------------------------------------
10:44:56,417 [main] DEBUG org.activiti.engine.impl.db.DbSqlSession  -   insert org.activiti.engine.impl.persistence.entity.MembershipEntity@52d6d273
10:44:56,417 [main] DEBUG org.activiti.engine.impl.db.DbSqlSession  - flush summary: 1 insert, 0 update, 0 delete.
10:44:56,417 [main] DEBUG org.activiti.engine.impl.db.DbSqlSession  - now executing flush...
10:44:56,417 [main] DEBUG org.activiti.engine.impl.db.DbSqlSession  - inserting: org.activiti.engine.impl.persistence.entity.MembershipEntity@52d6d273
10:44:56,417 [main] DEBUG org.apache.ibatis.transaction.jdbc.JdbcTransaction  - Opening JDBC Connection
10:44:56,417 [main] DEBUG org.apache.ibatis.datasource.pooled.PooledDataSource  - Checked out connection 363509958 from pool.
10:44:56,417 [main] DEBUG org.apache.ibatis.transaction.jdbc.JdbcTransaction  - Setting autocommit to false on JDBC Connection [conn2: url=jdbc:h2:mem:activiti user=SA]
10:44:56,417 [main] DEBUG org.activiti.engine.impl.persistence.entity.MembershipRelation.insertMembership  - ==&gt;  Preparing: insert into ACT_ID_MEMBERSHIP (USER_ID_, GROUP_ID_) values ( ?, ? ) 
10:44:56,417 [main] DEBUG org.activiti.engine.impl.persistence.entity.MembershipRelation.insertMembership  - ==&gt; Parameters: kermit(String), muppets(String)
10:44:56,417 [main] DEBUG org.activiti.engine.impl.persistence.entity.MembershipRelation.insertMembership  - &lt;==    Updates: 1
10:44:56,417 [main] DEBUG org.activiti.engine.impl.cfg.standalone.StandaloneMybatisTransactionContext  - firing event committing...
10:44:56,417 [main] DEBUG org.activiti.engine.impl.cfg.standalone.StandaloneMybatisTransactionContext  - committing the ibatis sql session...
10:44:56,417 [main] DEBUG org.apache.ibatis.transaction.jdbc.JdbcTransaction  - Committing JDBC Connection [conn2: url=jdbc:h2:mem:activiti user=SA]
10:44:56,417 [main] DEBUG org.activiti.engine.impl.cfg.standalone.StandaloneMybatisTransactionContext  - firing event committed...
10:44:56,417 [main] DEBUG org.apache.ibatis.transaction.jdbc.JdbcTransaction  - Resetting autocommit to true on JDBC Connection [conn2: url=jdbc:h2:mem:activiti user=SA]
10:44:56,417 [main] DEBUG org.apache.ibatis.transaction.jdbc.JdbcTransaction  - Closing JDBC Connection [conn2: url=jdbc:h2:mem:activiti user=SA]
10:44:56,417 [main] DEBUG org.apache.ibatis.datasource.pooled.PooledDataSource  - Returned connection 363509958 to pool.
10:44:56,417 [main] DEBUG org.activiti.engine.impl.interceptor.LogInterceptor  - --- CreateMembershipCmd finished --------------------------------------------------------
10:44:56,417 [main] DEBUG org.activiti.engine.impl.interceptor.LogInterceptor  - 

10:44:56,417 [main] DEBUG org.activiti.engine.impl.interceptor.LogInterceptor  - 

10:44:56,417 [main] DEBUG org.activiti.engine.impl.interceptor.LogInterceptor  - --- starting CreateMembershipCmd --------------------------------------------------------
10:44:56,417 [main] DEBUG org.activiti.engine.impl.db.DbSqlSession  -   insert org.activiti.engine.impl.persistence.entity.MembershipEntity@4667c4c1
10:44:56,417 [main] DEBUG org.activiti.engine.impl.db.DbSqlSession  - flush summary: 1 insert, 0 update, 0 delete.
10:44:56,417 [main] DEBUG org.activiti.engine.impl.db.DbSqlSession  - now executing flush...
10:44:56,417 [main] DEBUG org.activiti.engine.impl.db.DbSqlSession  - inserting: org.activiti.engine.impl.persistence.entity.MembershipEntity@4667c4c1
10:44:56,417 [main] DEBUG org.apache.ibatis.transaction.jdbc.JdbcTransaction  - Opening JDBC Connection
10:44:56,417 [main] DEBUG org.apache.ibatis.datasource.pooled.PooledDataSource  - Checked out connection 180014677 from pool.
10:44:56,417 [main] DEBUG org.apache.ibatis.transaction.jdbc.JdbcTransaction  - Setting autocommit to false on JDBC Connection [conn3: url=jdbc:h2:mem:activiti user=SA]
10:44:56,417 [main] DEBUG org.activiti.engine.impl.persistence.entity.MembershipRelation.insertMembership  - ==&gt;  Preparing: insert into ACT_ID_MEMBERSHIP (USER_ID_, GROUP_ID_) values ( ?, ? ) 
10:44:56,417 [main] DEBUG org.activiti.engine.impl.persistence.entity.MembershipRelation.insertMembership  - ==&gt; Parameters: fozzie(String), muppets(String)
10:44:56,418 [main] DEBUG org.activiti.engine.impl.persistence.entity.MembershipRelation.insertMembership  - &lt;==    Updates: 1
10:44:56,418 [main] DEBUG org.activiti.engine.impl.cfg.standalone.StandaloneMybatisTransactionContext  - firing event committing...
10:44:56,418 [main] DEBUG org.activiti.engine.impl.cfg.standalone.StandaloneMybatisTransactionContext  - committing the ibatis sql session...
10:44:56,418 [main] DEBUG org.apache.ibatis.transaction.jdbc.JdbcTransaction  - Committing JDBC Connection [conn3: url=jdbc:h2:mem:activiti user=SA]
10:44:56,418 [main] DEBUG org.activiti.engine.impl.cfg.standalone.StandaloneMybatisTransactionContext  - firing event committed...
10:44:56,418 [main] DEBUG org.apache.ibatis.transaction.jdbc.JdbcTransaction  - Resetting autocommit to true on JDBC Connection [conn3: url=jdbc:h2:mem:activiti user=SA]
10:44:56,418 [main] DEBUG org.apache.ibatis.transaction.jdbc.JdbcTransaction  - Closing JDBC Connection [conn3: url=jdbc:h2:mem:activiti user=SA]
10:44:56,418 [main] DEBUG org.apache.ibatis.datasource.pooled.PooledDataSource  - Returned connection 180014677 to pool.
10:44:56,418 [main] DEBUG org.activiti.engine.impl.interceptor.LogInterceptor  - --- CreateMembershipCmd finished --------------------------------------------------------
10:44:56,418 [main] DEBUG org.activiti.engine.impl.interceptor.LogInterceptor  - 

10:44:56,418 [main] DEBUG org.activiti.engine.impl.interceptor.LogInterceptor  - 

10:44:56,418 [main] DEBUG org.activiti.engine.impl.interceptor.LogInterceptor  - --- starting CreateMembershipCmd --------------------------------------------------------
10:44:56,418 [main] DEBUG org.activiti.engine.impl.db.DbSqlSession  -   insert org.activiti.engine.impl.persistence.entity.MembershipEntity@2f9a4401
10:44:56,418 [main] DEBUG org.activiti.engine.impl.db.DbSqlSession  - flush summary: 1 insert, 0 update, 0 delete.
10:44:56,418 [main] DEBUG org.activiti.engine.impl.db.DbSqlSession  - now executing flush...
10:44:56,418 [main] DEBUG org.activiti.engine.impl.db.DbSqlSession  - inserting: org.activiti.engine.impl.persistence.entity.MembershipEntity@2f9a4401
10:44:56,418 [main] DEBUG org.apache.ibatis.transaction.jdbc.JdbcTransaction  - Opening JDBC Connection
10:44:56,418 [main] DEBUG org.apache.ibatis.datasource.pooled.PooledDataSource  - Checked out connection 297240765 from pool.
10:44:56,418 [main] DEBUG org.apache.ibatis.transaction.jdbc.JdbcTransaction  - Setting autocommit to false on JDBC Connection [conn4: url=jdbc:h2:mem:activiti user=SA]
10:44:56,418 [main] DEBUG org.activiti.engine.impl.persistence.entity.MembershipRelation.insertMembership  - ==&gt;  Preparing: insert into ACT_ID_MEMBERSHIP (USER_ID_, GROUP_ID_) values ( ?, ? ) 
10:44:56,418 [main] DEBUG org.activiti.engine.impl.persistence.entity.MembershipRelation.insertMembership  - ==&gt; Parameters: mispiggy(String), muppets(String)
10:44:56,418 [main] DEBUG org.activiti.engine.impl.persistence.entity.MembershipRelation.insertMembership  - &lt;==    Updates: 1
10:44:56,418 [main] DEBUG org.activiti.engine.impl.cfg.standalone.StandaloneMybatisTransactionContext  - firing event committing...
10:44:56,418 [main] DEBUG org.activiti.engine.impl.cfg.standalone.StandaloneMybatisTransactionContext  - committing the ibatis sql session...
10:44:56,418 [main] DEBUG org.apache.ibatis.transaction.jdbc.JdbcTransaction  - Committing JDBC Connection [conn4: url=jdbc:h2:mem:activiti user=SA]
10:44:56,418 [main] DEBUG org.activiti.engine.impl.cfg.standalone.StandaloneMybatisTransactionContext  - firing event committed...
10:44:56,418 [main] DEBUG org.apache.ibatis.transaction.jdbc.JdbcTransaction  - Resetting autocommit to true on JDBC Connection [conn4: url=jdbc:h2:mem:activiti user=SA]
10:44:56,418 [main] DEBUG org.apache.ibatis.transaction.jdbc.JdbcTransaction  - Closing JDBC Connection [conn4: url=jdbc:h2:mem:activiti user=SA]
10:44:56,418 [main] DEBUG org.apache.ibatis.datasource.pooled.PooledDataSource  - Returned connection 297240765 to pool.
10:44:56,418 [main] DEBUG org.activiti.engine.impl.interceptor.LogInterceptor  - --- CreateMembershipCmd finished --------------------------------------------------------
10:44:56,418 [main] DEBUG org.activiti.engine.impl.interceptor.LogInterceptor  - 

10:44:56,418 [main] DEBUG org.activiti.engine.impl.interceptor.LogInterceptor  - 

10:44:56,418 [main] DEBUG org.activiti.engine.impl.interceptor.LogInterceptor  - --- starting CreateMembershipCmd --------------------------------------------------------
10:44:56,418 [main] DEBUG org.activiti.engine.impl.db.DbSqlSession  -   insert org.activiti.engine.impl.persistence.entity.MembershipEntity@22c75c01
10:44:56,418 [main] DEBUG org.activiti.engine.impl.db.DbSqlSession  - flush summary: 1 insert, 0 update, 0 delete.
10:44:56,418 [main] DEBUG org.activiti.engine.impl.db.DbSqlSession  - now executing flush...
10:44:56,418 [main] DEBUG org.activiti.engine.impl.db.DbSqlSession  - inserting: org.activiti.engine.impl.persistence.entity.MembershipEntity@22c75c01
10:44:56,418 [main] DEBUG org.apache.ibatis.transaction.jdbc.JdbcTransaction  - Opening JDBC Connection
10:44:56,418 [main] DEBUG org.apache.ibatis.datasource.pooled.PooledDataSource  - Checked out connection 363509958 from pool.
10:44:56,418 [main] DEBUG org.apache.ibatis.transaction.jdbc.JdbcTransaction  - Setting autocommit to false on JDBC Connection [conn2: url=jdbc:h2:mem:activiti user=SA]
10:44:56,418 [main] DEBUG org.activiti.engine.impl.persistence.entity.MembershipRelation.insertMembership  - ==&gt;  Preparing: insert into ACT_ID_MEMBERSHIP (USER_ID_, GROUP_ID_) values ( ?, ? ) 
10:44:56,418 [main] DEBUG org.activiti.engine.impl.persistence.entity.MembershipRelation.insertMembership  - ==&gt; Parameters: kermit(String), frogs(String)
10:44:56,418 [main] DEBUG org.activiti.engine.impl.persistence.entity.MembershipRelation.insertMembership  - &lt;==    Updates: 1
10:44:56,418 [main] DEBUG org.activiti.engine.impl.cfg.standalone.StandaloneMybatisTransactionContext  - firing event committing...
10:44:56,418 [main] DEBUG org.activiti.engine.impl.cfg.standalone.StandaloneMybatisTransactionContext  - committing the ibatis sql session...
10:44:56,418 [main] DEBUG org.apache.ibatis.transaction.jdbc.JdbcTransaction  - Committing JDBC Connection [conn2: url=jdbc:h2:mem:activiti user=SA]
10:44:56,418 [main] DEBUG org.activiti.engine.impl.cfg.standalone.StandaloneMybatisTransactionContext  - firing event committed...
10:44:56,418 [main] DEBUG org.apache.ibatis.transaction.jdbc.JdbcTransaction  - Resetting autocommit to true on JDBC Connection [conn2: url=jdbc:h2:mem:activiti user=SA]
10:44:56,418 [main] DEBUG org.apache.ibatis.transaction.jdbc.JdbcTransaction  - Closing JDBC Connection [conn2: url=jdbc:h2:mem:activiti user=SA]
10:44:56,418 [main] DEBUG org.apache.ibatis.datasource.pooled.PooledDataSource  - Returned connection 363509958 to pool.
10:44:56,418 [main] DEBUG org.activiti.engine.impl.interceptor.LogInterceptor  - --- CreateMembershipCmd finished --------------------------------------------------------
10:44:56,418 [main] DEBUG org.activiti.engine.impl.interceptor.LogInterceptor  - 

10:44:56,418 [main] DEBUG org.activiti.engine.impl.interceptor.LogInterceptor  - 

10:44:56,418 [main] DEBUG org.activiti.engine.impl.interceptor.LogInterceptor  - --- starting CreateMembershipCmd --------------------------------------------------------
10:44:56,418 [main] DEBUG org.activiti.engine.impl.db.DbSqlSession  -   insert org.activiti.engine.impl.persistence.entity.MembershipEntity@46e64760
10:44:56,418 [main] DEBUG org.activiti.engine.impl.db.DbSqlSession  - flush summary: 1 insert, 0 update, 0 delete.
10:44:56,418 [main] DEBUG org.activiti.engine.impl.db.DbSqlSession  - now executing flush...
10:44:56,418 [main] DEBUG org.activiti.engine.impl.db.DbSqlSession  - inserting: org.activiti.engine.impl.persistence.entity.MembershipEntity@46e64760
10:44:56,418 [main] DEBUG org.apache.ibatis.transaction.jdbc.JdbcTransaction  - Opening JDBC Connection
10:44:56,418 [main] DEBUG org.apache.ibatis.datasource.pooled.PooledDataSource  - Checked out connection 180014677 from pool.
10:44:56,418 [main] DEBUG org.apache.ibatis.transaction.jdbc.JdbcTransaction  - Setting autocommit to false on JDBC Connection [conn3: url=jdbc:h2:mem:activiti user=SA]
10:44:56,418 [main] DEBUG org.activiti.engine.impl.persistence.entity.MembershipRelation.insertMembership  - ==&gt;  Preparing: insert into ACT_ID_MEMBERSHIP (USER_ID_, GROUP_ID_) values ( ?, ? ) 
10:44:56,418 [main] DEBUG org.activiti.engine.impl.persistence.entity.MembershipRelation.insertMembership  - ==&gt; Parameters: fozzie(String), mammals(String)
10:44:56,418 [main] DEBUG org.activiti.engine.impl.persistence.entity.MembershipRelation.insertMembership  - &lt;==    Updates: 1
10:44:56,418 [main] DEBUG org.activiti.engine.impl.cfg.standalone.StandaloneMybatisTransactionContext  - firing event committing...
10:44:56,418 [main] DEBUG org.activiti.engine.impl.cfg.standalone.StandaloneMybatisTransactionContext  - committing the ibatis sql session...
10:44:56,418 [main] DEBUG org.apache.ibatis.transaction.jdbc.JdbcTransaction  - Committing JDBC Connection [conn3: url=jdbc:h2:mem:activiti user=SA]
10:44:56,418 [main] DEBUG org.activiti.engine.impl.cfg.standalone.StandaloneMybatisTransactionContext  - firing event committed...
10:44:56,418 [main] DEBUG org.apache.ibatis.transaction.jdbc.JdbcTransaction  - Resetting autocommit to true on JDBC Connection [conn3: url=jdbc:h2:mem:activiti user=SA]
10:44:56,418 [main] DEBUG org.apache.ibatis.transaction.jdbc.JdbcTransaction  - Closing JDBC Connection [conn3: url=jdbc:h2:mem:activiti user=SA]
10:44:56,418 [main] DEBUG org.apache.ibatis.datasource.pooled.PooledDataSource  - Returned connection 180014677 to pool.
10:44:56,418 [main] DEBUG org.activiti.engine.impl.interceptor.LogInterceptor  - --- CreateMembershipCmd finished --------------------------------------------------------
10:44:56,418 [main] DEBUG org.activiti.engine.impl.interceptor.LogInterceptor  - 

10:44:56,418 [main] DEBUG org.activiti.engine.impl.interceptor.LogInterceptor  - 

10:44:56,418 [main] DEBUG org.activiti.engine.impl.interceptor.LogInterceptor  - --- starting CreateMembershipCmd --------------------------------------------------------
10:44:56,418 [main] DEBUG org.activiti.engine.impl.db.DbSqlSession  -   insert org.activiti.engine.impl.persistence.entity.MembershipEntity@3e5fd2b1
10:44:56,418 [main] DEBUG org.activiti.engine.impl.db.DbSqlSession  - flush summary: 1 insert, 0 update, 0 delete.
10:44:56,418 [main] DEBUG org.activiti.engine.impl.db.DbSqlSession  - now executing flush...
10:44:56,418 [main] DEBUG org.activiti.engine.impl.db.DbSqlSession  - inserting: org.activiti.engine.impl.persistence.entity.MembershipEntity@3e5fd2b1
10:44:56,418 [main] DEBUG org.apache.ibatis.transaction.jdbc.JdbcTransaction  - Opening JDBC Connection
10:44:56,418 [main] DEBUG org.apache.ibatis.datasource.pooled.PooledDataSource  - Checked out connection 297240765 from pool.
10:44:56,418 [main] DEBUG org.apache.ibatis.transaction.jdbc.JdbcTransaction  - Setting autocommit to false on JDBC Connection [conn4: url=jdbc:h2:mem:activiti user=SA]
10:44:56,418 [main] DEBUG org.activiti.engine.impl.persistence.entity.MembershipRelation.insertMembership  - ==&gt;  Preparing: insert into ACT_ID_MEMBERSHIP (USER_ID_, GROUP_ID_) values ( ?, ? ) 
10:44:56,418 [main] DEBUG org.activiti.engine.impl.persistence.entity.MembershipRelation.insertMembership  - ==&gt; Parameters: mispiggy(String), mammals(String)
10:44:56,418 [main] DEBUG org.activiti.engine.impl.persistence.entity.MembershipRelation.insertMembership  - &lt;==    Updates: 1
10:44:56,418 [main] DEBUG org.activiti.engine.impl.cfg.standalone.StandaloneMybatisTransactionContext  - firing event committing...
10:44:56,418 [main] DEBUG org.activiti.engine.impl.cfg.standalone.StandaloneMybatisTransactionContext  - committing the ibatis sql session...
10:44:56,418 [main] DEBUG org.apache.ibatis.transaction.jdbc.JdbcTransaction  - Committing JDBC Connection [conn4: url=jdbc:h2:mem:activiti user=SA]
10:44:56,418 [main] DEBUG org.activiti.engine.impl.cfg.standalone.StandaloneMybatisTransactionContext  - firing event committed...
10:44:56,418 [main] DEBUG org.apache.ibatis.transaction.jdbc.JdbcTransaction  - Resetting autocommit to true on JDBC Connection [conn4: url=jdbc:h2:mem:activiti user=SA]
10:44:56,418 [main] DEBUG org.apache.ibatis.transaction.jdbc.JdbcTransaction  - Closing JDBC Connection [conn4: url=jdbc:h2:mem:activiti user=SA]
10:44:56,418 [main] DEBUG org.apache.ibatis.datasource.pooled.PooledDataSource  - Returned connection 297240765 to pool.
10:44:56,418 [main] DEBUG org.activiti.engine.impl.interceptor.LogInterceptor  - --- CreateMembershipCmd finished --------------------------------------------------------
10:44:56,418 [main] DEBUG org.activiti.engine.impl.interceptor.LogInterceptor  - 

10:44:56,418 [main] DEBUG org.activiti.engine.impl.interceptor.LogInterceptor  - 

10:44:56,418 [main] DEBUG org.activiti.engine.impl.interceptor.LogInterceptor  - --- starting CreateMembershipCmd --------------------------------------------------------
10:44:56,418 [main] DEBUG org.activiti.engine.impl.db.DbSqlSession  -   insert org.activiti.engine.impl.persistence.entity.MembershipEntity@43982337
10:44:56,418 [main] DEBUG org.activiti.engine.impl.db.DbSqlSession  - flush summary: 1 insert, 0 update, 0 delete.
10:44:56,418 [main] DEBUG org.activiti.engine.impl.db.DbSqlSession  - now executing flush...
10:44:56,418 [main] DEBUG org.activiti.engine.impl.db.DbSqlSession  - inserting: org.activiti.engine.impl.persistence.entity.MembershipEntity@43982337
10:44:56,418 [main] DEBUG org.apache.ibatis.transaction.jdbc.JdbcTransaction  - Opening JDBC Connection
10:44:56,418 [main] DEBUG org.apache.ibatis.datasource.pooled.PooledDataSource  - Checked out connection 363509958 from pool.
10:44:56,418 [main] DEBUG org.apache.ibatis.transaction.jdbc.JdbcTransaction  - Setting autocommit to false on JDBC Connection [conn2: url=jdbc:h2:mem:activiti user=SA]
10:44:56,418 [main] DEBUG org.activiti.engine.impl.persistence.entity.MembershipRelation.insertMembership  - ==&gt;  Preparing: insert into ACT_ID_MEMBERSHIP (USER_ID_, GROUP_ID_) values ( ?, ? ) 
10:44:56,418 [main] DEBUG org.activiti.engine.impl.persistence.entity.MembershipRelation.insertMembership  - ==&gt; Parameters: kermit(String), admin(String)
10:44:56,418 [main] DEBUG org.activiti.engine.impl.persistence.entity.MembershipRelation.insertMembership  - &lt;==    Updates: 1
10:44:56,418 [main] DEBUG org.activiti.engine.impl.cfg.standalone.StandaloneMybatisTransactionContext  - firing event committing...
10:44:56,418 [main] DEBUG org.activiti.engine.impl.cfg.standalone.StandaloneMybatisTransactionContext  - committing the ibatis sql session...
10:44:56,418 [main] DEBUG org.apache.ibatis.transaction.jdbc.JdbcTransaction  - Committing JDBC Connection [conn2: url=jdbc:h2:mem:activiti user=SA]
10:44:56,418 [main] DEBUG org.activiti.engine.impl.cfg.standalone.StandaloneMybatisTransactionContext  - firing event committed...
10:44:56,418 [main] DEBUG org.apache.ibatis.transaction.jdbc.JdbcTransaction  - Resetting autocommit to true on JDBC Connection [conn2: url=jdbc:h2:mem:activiti user=SA]
10:44:56,418 [main] DEBUG org.apache.ibatis.transaction.jdbc.JdbcTransaction  - Closing JDBC Connection [conn2: url=jdbc:h2:mem:activiti user=SA]
10:44:56,418 [main] DEBUG org.apache.ibatis.datasource.pooled.PooledDataSource  - Returned connection 363509958 to pool.
10:44:56,418 [main] DEBUG org.activiti.engine.impl.interceptor.LogInterceptor  - --- CreateMembershipCmd finished --------------------------------------------------------
10:44:56,418 [main] DEBUG org.activiti.engine.impl.interceptor.LogInterceptor  - 

10:44:56,418 [main] DEBUG org.activiti.engine.impl.test.PvmTestCase  - 

10:44:56,418 [main] DEBUG org.activiti.engine.impl.test.PvmTestCase  - #### START GroupQueryTest.testQueryById ###########################################################
10:44:56,419 [main] DEBUG org.activiti.engine.impl.interceptor.LogInterceptor  - 

10:44:56,419 [main] DEBUG org.activiti.engine.impl.interceptor.LogInterceptor  - --- starting CreateGroupQueryCmd --------------------------------------------------------
10:44:56,419 [main] DEBUG org.activiti.engine.impl.cfg.standalone.StandaloneMybatisTransactionContext  - firing event committing...
10:44:56,419 [main] DEBUG org.activiti.engine.impl.cfg.standalone.StandaloneMybatisTransactionContext  - committing the ibatis sql session...
10:44:56,419 [main] DEBUG org.activiti.engine.impl.cfg.standalone.StandaloneMybatisTransactionContext  - firing event committed...
10:44:56,419 [main] DEBUG org.activiti.engine.impl.interceptor.LogInterceptor  - --- CreateGroupQueryCmd finished --------------------------------------------------------
10:44:56,419 [main] DEBUG org.activiti.engine.impl.interceptor.LogInterceptor  - 

10:44:56,419 [main] DEBUG org.activiti.engine.impl.interceptor.LogInterceptor  - 

10:44:56,419 [main] DEBUG org.activiti.engine.impl.interceptor.LogInterceptor  - --- starting GroupQueryImpl --------------------------------------------------------
10:44:56,419 [main] DEBUG org.apache.ibatis.transaction.jdbc.JdbcTransaction  - Opening JDBC Connection
10:44:56,419 [main] DEBUG org.apache.ibatis.datasource.pooled.PooledDataSource  - Checked out connection 180014677 from pool.
10:44:56,419 [main] DEBUG org.apache.ibatis.transaction.jdbc.JdbcTransaction  - Setting autocommit to false on JDBC Connection [conn3: url=jdbc:h2:mem:activiti user=SA]
10:44:56,419 [main] DEBUG org.activiti.engine.impl.persistence.entity.GroupEntity.selectGroupByQueryCriteria  - ==&gt;  Preparing: select RES.* from ACT_ID_GROUP RES WHERE RES.ID_ = ? order by order by RES.ID_ asc LIMIT ? OFFSET ? 
10:44:56,419 [main] DEBUG org.activiti.engine.impl.interceptor.CommandContext  - Error while closing command context
org.apache.ibatis.exceptions.PersistenceException: 
### Error querying database.  Cause: org.h2.jdbc.JdbcSQLException: Syntax error in SQL statement &quot;SELECT RES.* 
     
    FROM ACT_ID_GROUP RES
     
     WHERE RES.ID_ = ? 
   
     ORDER BY  ORDER[*] BY RES.ID_ ASC  
    LIMIT ? OFFSET ? &quot;; expected &quot;=, NOT, EXISTS, INTERSECTS, SELECT, FROM&quot;; SQL statement:
select RES.* 
     
    from ACT_ID_GROUP RES
     
     WHERE RES.ID_ = ? 
   
     order by  order by RES.ID_ asc  
    LIMIT ? OFFSET ? [42001-176]
### The error may exist in org/activiti/db/mapping/entity/Group.xml
### The error may involve org.activiti.engine.impl.persistence.entity.GroupEntity.selectGroupByQueryCriteria
### The error occurred while executing a query
### SQL: select RES.*            from ACT_ID_GROUP RES            WHERE RES.ID_ = ?           order by  order by RES.ID_ asc       LIMIT ? OFFSET ?
### Cause: org.h2.jdbc.JdbcSQLException: Syntax error in SQL statement &quot;SELECT RES.* 
     
    FROM ACT_ID_GROUP RES
     
     WHERE RES.ID_ = ? 
   
     ORDER BY  ORDER[*] BY RES.ID_ ASC  
    LIMIT ? OFFSET ? &quot;; expected &quot;=, NOT, EXISTS, INTERSECTS, SELECT, FROM&quot;; SQL statement:
select RES.* 
     
    from ACT_ID_GROUP RES
     
     WHERE RES.ID_ = ? 
   
     order by  order by RES.ID_ asc  
    LIMIT ? OFFSET ? [42001-176]
	at org.apache.ibatis.exceptions.ExceptionFactory.wrapException(ExceptionFactory.java:30)
	at org.apache.ibatis.session.defaults.DefaultSqlSession.selectList(DefaultSqlSession.java:122)
	at org.apache.ibatis.session.defaults.DefaultSqlSession.selectList(DefaultSqlSession.java:113)
	at org.activiti.engine.impl.db.DbSqlSession.selectListWithRawParameter(DbSqlSession.java:438)
	at org.activiti.engine.impl.db.DbSqlSession.selectList(DbSqlSession.java:429)
	at org.activiti.engine.impl.db.DbSqlSession.selectList(DbSqlSession.java:419)
	at org.activiti.engine.impl.persistence.entity.GroupEntityManager.findGroupByQueryCriteria(GroupEntityManager.java:90)
	at org.activiti.engine.impl.GroupQueryImpl.executeList(GroupQueryImpl.java:125)
	at org.activiti.engine.impl.AbstractQuery.execute(AbstractQuery.java:164)
	at org.activiti.engine.impl.interceptor.CommandInvoker.execute(CommandInvoker.java:24)
	at org.activiti.engine.impl.interceptor.CommandContextInterceptor.execute(CommandContextInterceptor.java:57)
	at org.activiti.engine.impl.interceptor.LogInterceptor.execute(LogInterceptor.java:37)
	at org.activiti.engine.impl.cfg.CommandExecutorImpl.execute(CommandExecutorImpl.java:40)
	at org.activiti.engine.impl.cfg.CommandExecutorImpl.execute(CommandExecutorImpl.java:35)
	at org.activiti.engine.impl.AbstractQuery.list(AbstractQuery.java:138)
	at org.activiti.engine.test.api.identity.GroupQueryTest.verifyQueryResults(GroupQueryTest.java:221)
	at org.activiti.engine.test.api.identity.GroupQueryTest.testQueryById(GroupQueryTest.java:80)
	at sun.reflect.NativeMethodAccessorImpl.invoke0(Native Method)
	at sun.reflect.NativeMethodAccessorImpl.invoke(NativeMethodAccessorImpl.java:62)
	at sun.reflect.DelegatingMethodAccessorImpl.invoke(DelegatingMethodAccessorImpl.java:43)
	at java.lang.reflect.Method.invoke(Method.java:498)
	at junit.framework.TestCase.runTest(TestCase.java:176)
	at org.activiti.engine.impl.test.PvmTestCase.runTest(PvmTestCase.java:65)
	at junit.framework.TestCase.runBare(TestCase.java:141)
	at org.activiti.engine.impl.test.AbstractActivitiTestCase.runBare(AbstractActivitiTestCase.java:100)
	at junit.framework.TestResult$1.protect(TestResult.java:122)
	at junit.framework.TestResult.runProtected(TestResult.java:142)
	at junit.framework.TestResult.run(TestResult.java:125)
	at junit.framework.TestCase.run(TestCase.java:129)
	at junit.framework.TestSuite.runTest(TestSuite.java:255)
	at junit.framework.TestSuite.run(TestSuite.java:250)
	at org.junit.internal.runners.JUnit38ClassRunner.run(JUnit38ClassRunner.java:84)
	at org.apache.maven.surefire.junit4.JUnit4TestSet.execute(JUnit4TestSet.java:35)
	at org.apache.maven.surefire.junit4.JUnit4Provider.executeTestSet(JUnit4Provider.java:146)
	at org.apache.maven.surefire.junit4.JUnit4Provider.invoke(JUnit4Provider.java:97)
	at sun.reflect.NativeMethodAccessorImpl.invoke0(Native Method)
	at sun.reflect.NativeMethodAccessorImpl.invoke(NativeMethodAccessorImpl.java:62)
	at sun.reflect.DelegatingMethodAccessorImpl.invoke(DelegatingMethodAccessorImpl.java:43)
	at java.lang.reflect.Method.invoke(Method.java:498)
	at org.apache.maven.surefire.booter.ProviderFactory$ClassLoaderProxy.invoke(ProviderFactory.java:103)
	at com.sun.proxy.$Proxy0.invoke(Unknown Source)
	at org.apache.maven.surefire.booter.SurefireStarter.invokeProvider(SurefireStarter.java:145)
	at org.apache.maven.surefire.booter.SurefireStarter.runSuitesInProcess(SurefireStarter.java:87)
	at org.apache.maven.surefire.booter.ForkedBooter.main(ForkedBooter.java:69)
Caused by: org.h2.jdbc.JdbcSQLException: Syntax error in SQL statement &quot;SELECT RES.* 
     
    FROM ACT_ID_GROUP RES
     
     WHERE RES.ID_ = ? 
   
     ORDER BY  ORDER[*] BY RES.ID_ ASC  
    LIMIT ? OFFSET ? &quot;; expected &quot;=, NOT, EXISTS, INTERSECTS, SELECT, FROM&quot;; SQL statement:
select RES.* 
     
    from ACT_ID_GROUP RES
     
     WHERE RES.ID_ = ? 
   
     order by  order by RES.ID_ asc  
    LIMIT ? OFFSET ? [42001-176]
	at org.h2.message.DbException.getJdbcSQLException(DbException.java:344)
	at org.h2.message.DbException.getSyntaxError(DbException.java:204)
	at org.h2.command.Parser.getSyntaxError(Parser.java:524)
	at org.h2.command.Parser.readTerm(Parser.java:2688)
	at org.h2.command.Parser.readFactor(Parser.java:2244)
	at org.h2.command.Parser.readSum(Parser.java:2231)
	at org.h2.command.Parser.readConcat(Parser.java:2201)
	at org.h2.command.Parser.readCondition(Parser.java:2051)
	at org.h2.command.Parser.readAnd(Parser.java:2023)
	at org.h2.command.Parser.readExpression(Parser.java:2015)
	at org.h2.command.Parser.parseEndOfQuery(Parser.java:1726)
	at org.h2.command.Parser.parseSelectUnionExtension(Parser.java:1706)
	at org.h2.command.Parser.parseSelectUnion(Parser.java:1675)
	at org.h2.command.Parser.parseSelect(Parser.java:1662)
	at org.h2.command.Parser.parsePrepared(Parser.java:434)
	at org.h2.command.Parser.parse(Parser.java:306)
	at org.h2.command.Parser.parse(Parser.java:282)
	at org.h2.command.Parser.prepareCommand(Parser.java:243)
	at org.h2.engine.Session.prepareLocal(Session.java:442)
	at org.h2.engine.Session.prepareCommand(Session.java:384)
	at org.h2.jdbc.JdbcConnection.prepareCommand(JdbcConnection.java:1188)
	at org.h2.jdbc.JdbcPreparedStatement.&lt;init&gt;(JdbcPreparedStatement.java:73)
	at org.h2.jdbc.JdbcConnection.prepareStatement(JdbcConnection.java:276)
	at sun.reflect.GeneratedMethodAccessor6.invoke(Unknown Source)
	at sun.reflect.DelegatingMethodAccessorImpl.invoke(DelegatingMethodAccessorImpl.java:43)
	at java.lang.reflect.Method.invoke(Method.java:498)
	at org.apache.ibatis.datasource.pooled.PooledConnection.invoke(PooledConnection.java:245)
	at com.sun.proxy.$Proxy12.prepareStatement(Unknown Source)
	at sun.reflect.GeneratedMethodAccessor6.invoke(Unknown Source)
	at sun.reflect.DelegatingMethodAccessorImpl.invoke(DelegatingMethodAccessorImpl.java:43)
	at java.lang.reflect.Method.invoke(Method.java:498)
	at org.apache.ibatis.logging.jdbc.ConnectionLogger.invoke(ConnectionLogger.java:55)
	at com.sun.proxy.$Proxy12.prepareStatement(Unknown Source)
	at org.apache.ibatis.executor.statement.PreparedStatementHandler.instantiateStatement(PreparedStatementHandler.java:79)
	at org.apache.ibatis.executor.statement.BaseStatementHandler.prepare(BaseStatementHandler.java:88)
	at org.apache.ibatis.executor.statement.RoutingStatementHandler.prepare(RoutingStatementHandler.java:58)
	at org.apache.ibatis.executor.SimpleExecutor.prepareStatement(SimpleExecutor.java:76)
	at org.apache.ibatis.executor.SimpleExecutor.doQuery(SimpleExecutor.java:61)
	at org.apache.ibatis.executor.BaseExecutor.queryFromDatabase(BaseExecutor.java:303)
	at org.apache.ibatis.executor.BaseExecutor.query(BaseExecutor.java:154)
	at org.apache.ibatis.executor.CachingExecutor.query(CachingExecutor.java:102)
	at org.apache.ibatis.executor.CachingExecutor.query(CachingExecutor.java:82)
	at org.apache.ibatis.session.defaults.DefaultSqlSession.selectList(DefaultSqlSession.java:120)
	... 42 more
10:44:56,419 [main] DEBUG org.activiti.engine.impl.cfg.standalone.StandaloneMybatisTransactionContext  - firing event rolling back...
10:44:56,419 [main] DEBUG org.activiti.engine.impl.cfg.standalone.StandaloneMybatisTransactionContext  - rolling back ibatis sql session...
10:44:56,419 [main] DEBUG org.activiti.engine.impl.cfg.standalone.StandaloneMybatisTransactionContext  - firing event rolled back...
10:44:56,419 [main] DEBUG org.apache.ibatis.transaction.jdbc.JdbcTransaction  - Resetting autocommit to true on JDBC Connection [conn3: url=jdbc:h2:mem:activiti user=SA]
10:44:56,420 [main] DEBUG org.apache.ibatis.transaction.jdbc.JdbcTransaction  - Closing JDBC Connection [conn3: url=jdbc:h2:mem:activiti user=SA]
10:44:56,420 [main] DEBUG org.apache.ibatis.datasource.pooled.PooledDataSource  - Returned connection 180014677 to pool.
10:44:56,420 [main] DEBUG org.activiti.engine.impl.interceptor.LogInterceptor  - --- GroupQueryImpl finished --------------------------------------------------------
10:44:56,420 [main] DEBUG org.activiti.engine.impl.interceptor.LogInterceptor  - 

10:44:56,420 [main] ERROR org.activiti.engine.impl.test.PvmTestCase  - 

10:44:56,420 [main] ERROR org.activiti.engine.impl.test.PvmTestCase  - EXCEPTION: org.apache.ibatis.exceptions.PersistenceException: 
### Error querying database.  Cause: org.h2.jdbc.JdbcSQLException: Syntax error in SQL statement &quot;SELECT RES.* 
     
    FROM ACT_ID_GROUP RES
     
     WHERE RES.ID_ = ? 
   
     ORDER BY  ORDER[*] BY RES.ID_ ASC  
    LIMIT ? OFFSET ? &quot;; expected &quot;=, NOT, EXISTS, INTERSECTS, SELECT, FROM&quot;; SQL statement:
select RES.* 
     
    from ACT_ID_GROUP RES
     
     WHERE RES.ID_ = ? 
   
     order by  order by RES.ID_ asc  
    LIMIT ? OFFSET ? [42001-176]
### The error may exist in org/activiti/db/mapping/entity/Group.xml
### The error may involve org.activiti.engine.impl.persistence.entity.GroupEntity.selectGroupByQueryCriteria
### The error occurred while executing a query
### SQL: select RES.*            from ACT_ID_GROUP RES            WHERE RES.ID_ = ?           order by  order by RES.ID_ asc       LIMIT ? OFFSET ?
### Cause: org.h2.jdbc.JdbcSQLException: Syntax error in SQL statement &quot;SELECT RES.* 
     
    FROM ACT_ID_GROUP RES
     
     WHERE RES.ID_ = ? 
   
     ORDER BY  ORDER[*] BY RES.ID_ ASC  
    LIMIT ? OFFSET ? &quot;; expected &quot;=, NOT, EXISTS, INTERSECTS, SELECT, FROM&quot;; SQL statement:
select RES.* 
     
    from ACT_ID_GROUP RES
     
     WHERE RES.ID_ = ? 
   
     order by  order by RES.ID_ asc  
    LIMIT ? OFFSET ? [42001-176]
org.apache.ibatis.exceptions.PersistenceException: 
### Error querying database.  Cause: org.h2.jdbc.JdbcSQLException: Syntax error in SQL statement &quot;SELECT RES.* 
     
    FROM ACT_ID_GROUP RES
     
     WHERE RES.ID_ = ? 
   
     ORDER BY  ORDER[*] BY RES.ID_ ASC  
    LIMIT ? OFFSET ? &quot;; expected &quot;=, NOT, EXISTS, INTERSECTS, SELECT, FROM&quot;; SQL statement:
select RES.* 
     
    from ACT_ID_GROUP RES
     
     WHERE RES.ID_ = ? 
   
     order by  order by RES.ID_ asc  
    LIMIT ? OFFSET ? [42001-176]
### The error may exist in org/activiti/db/mapping/entity/Group.xml
### The error may involve org.activiti.engine.impl.persistence.entity.GroupEntity.selectGroupByQueryCriteria
### The error occurred while executing a query
### SQL: select RES.*            from ACT_ID_GROUP RES            WHERE RES.ID_ = ?           order by  order by RES.ID_ asc       LIMIT ? OFFSET ?
### Cause: org.h2.jdbc.JdbcSQLException: Syntax error in SQL statement &quot;SELECT RES.* 
     
    FROM ACT_ID_GROUP RES
     
     WHERE RES.ID_ = ? 
   
     ORDER BY  ORDER[*] BY RES.ID_ ASC  
    LIMIT ? OFFSET ? &quot;; expected &quot;=, NOT, EXISTS, INTERSECTS, SELECT, FROM&quot;; SQL statement:
select RES.* 
     
    from ACT_ID_GROUP RES
     
     WHERE RES.ID_ = ? 
   
     order by  order by RES.ID_ asc  
    LIMIT ? OFFSET ? [42001-176]
	at org.apache.ibatis.exceptions.ExceptionFactory.wrapException(ExceptionFactory.java:30)
	at org.apache.ibatis.session.defaults.DefaultSqlSession.selectList(DefaultSqlSession.java:122)
	at org.apache.ibatis.session.defaults.DefaultSqlSession.selectList(DefaultSqlSession.java:113)
	at org.activiti.engine.impl.db.DbSqlSession.selectListWithRawParameter(DbSqlSession.java:438)
	at org.activiti.engine.impl.db.DbSqlSession.selectList(DbSqlSession.java:429)
	at org.activiti.engine.impl.db.DbSqlSession.selectList(DbSqlSession.java:419)
	at org.activiti.engine.impl.persistence.entity.GroupEntityManager.findGroupByQueryCriteria(GroupEntityManager.java:90)
	at org.activiti.engine.impl.GroupQueryImpl.executeList(GroupQueryImpl.java:125)
	at org.activiti.engine.impl.AbstractQuery.execute(AbstractQuery.java:164)
	at org.activiti.engine.impl.interceptor.CommandInvoker.execute(CommandInvoker.java:24)
	at org.activiti.engine.impl.interceptor.CommandContextInterceptor.execute(CommandContextInterceptor.java:57)
	at org.activiti.engine.impl.interceptor.LogInterceptor.execute(LogInterceptor.java:37)
	at org.activiti.engine.impl.cfg.CommandExecutorImpl.execute(CommandExecutorImpl.java:40)
	at org.activiti.engine.impl.cfg.CommandExecutorImpl.execute(CommandExecutorImpl.java:35)
	at org.activiti.engine.impl.AbstractQuery.list(AbstractQuery.java:138)
	at org.activiti.engine.test.api.identity.GroupQueryTest.verifyQueryResults(GroupQueryTest.java:221)
	at org.activiti.engine.test.api.identity.GroupQueryTest.testQueryById(GroupQueryTest.java:80)
	at sun.reflect.NativeMethodAccessorImpl.invoke0(Native Method)
	at sun.reflect.NativeMethodAccessorImpl.invoke(NativeMethodAccessorImpl.java:62)
	at sun.reflect.DelegatingMethodAccessorImpl.invoke(DelegatingMethodAccessorImpl.java:43)
	at java.lang.reflect.Method.invoke(Method.java:498)
	at junit.framework.TestCase.runTest(TestCase.java:176)
	at org.activiti.engine.impl.test.PvmTestCase.runTest(PvmTestCase.java:65)
	at junit.framework.TestCase.runBare(TestCase.java:141)
	at org.activiti.engine.impl.test.AbstractActivitiTestCase.runBare(AbstractActivitiTestCase.java:100)
	at junit.framework.TestResult$1.protect(TestResult.java:122)
	at junit.framework.TestResult.runProtected(TestResult.java:142)
	at junit.framework.TestResult.run(TestResult.java:125)
	at junit.framework.TestCase.run(TestCase.java:129)
	at junit.framework.TestSuite.runTest(TestSuite.java:255)
	at junit.framework.TestSuite.run(TestSuite.java:250)
	at org.junit.internal.runners.JUnit38ClassRunner.run(JUnit38ClassRunner.java:84)
	at org.apache.maven.surefire.junit4.JUnit4TestSet.execute(JUnit4TestSet.java:35)
	at org.apache.maven.surefire.junit4.JUnit4Provider.executeTestSet(JUnit4Provider.java:146)
	at org.apache.maven.surefire.junit4.JUnit4Provider.invoke(JUnit4Provider.java:97)
	at sun.reflect.NativeMethodAccessorImpl.invoke0(Native Method)
	at sun.reflect.NativeMethodAccessorImpl.invoke(NativeMethodAccessorImpl.java:62)
	at sun.reflect.DelegatingMethodAccessorImpl.invoke(DelegatingMethodAccessorImpl.java:43)
	at java.lang.reflect.Method.invoke(Method.java:498)
	at org.apache.maven.surefire.booter.ProviderFactory$ClassLoaderProxy.invoke(ProviderFactory.java:103)
	at com.sun.proxy.$Proxy0.invoke(Unknown Source)
	at org.apache.maven.surefire.booter.SurefireStarter.invokeProvider(SurefireStarter.java:145)
	at org.apache.maven.surefire.booter.SurefireStarter.runSuitesInProcess(SurefireStarter.java:87)
	at org.apache.maven.surefire.booter.ForkedBooter.main(ForkedBooter.java:69)
Caused by: org.h2.jdbc.JdbcSQLException: Syntax error in SQL statement &quot;SELECT RES.* 
     
    FROM ACT_ID_GROUP RES
     
     WHERE RES.ID_ = ? 
   
     ORDER BY  ORDER[*] BY RES.ID_ ASC  
    LIMIT ? OFFSET ? &quot;; expected &quot;=, NOT, EXISTS, INTERSECTS, SELECT, FROM&quot;; SQL statement:
select RES.* 
     
    from ACT_ID_GROUP RES
     
     WHERE RES.ID_ = ? 
   
     order by  order by RES.ID_ asc  
    LIMIT ? OFFSET ? [42001-176]
	at org.h2.message.DbException.getJdbcSQLException(DbException.java:344)
	at org.h2.message.DbException.getSyntaxError(DbException.java:204)
	at org.h2.command.Parser.getSyntaxError(Parser.java:524)
	at org.h2.command.Parser.readTerm(Parser.java:2688)
	at org.h2.command.Parser.readFactor(Parser.java:2244)
	at org.h2.command.Parser.readSum(Parser.java:2231)
	at org.h2.command.Parser.readConcat(Parser.java:2201)
	at org.h2.command.Parser.readCondition(Parser.java:2051)
	at org.h2.command.Parser.readAnd(Parser.java:2023)
	at org.h2.command.Parser.readExpression(Parser.java:2015)
	at org.h2.command.Parser.parseEndOfQuery(Parser.java:1726)
	at org.h2.command.Parser.parseSelectUnionExtension(Parser.java:1706)
	at org.h2.command.Parser.parseSelectUnion(Parser.java:1675)
	at org.h2.command.Parser.parseSelect(Parser.java:1662)
	at org.h2.command.Parser.parsePrepared(Parser.java:434)
	at org.h2.command.Parser.parse(Parser.java:306)
	at org.h2.command.Parser.parse(Parser.java:282)
	at org.h2.command.Parser.prepareCommand(Parser.java:243)
	at org.h2.engine.Session.prepareLocal(Session.java:442)
	at org.h2.engine.Session.prepareCommand(Session.java:384)
	at org.h2.jdbc.JdbcConnection.prepareCommand(JdbcConnection.java:1188)
	at org.h2.jdbc.JdbcPreparedStatement.&lt;init&gt;(JdbcPreparedStatement.java:73)
	at org.h2.jdbc.JdbcConnection.prepareStatement(JdbcConnection.java:276)
	at sun.reflect.GeneratedMethodAccessor6.invoke(Unknown Source)
	at sun.reflect.DelegatingMethodAccessorImpl.invoke(DelegatingMethodAccessorImpl.java:43)
	at java.lang.reflect.Method.invoke(Method.java:498)
	at org.apache.ibatis.datasource.pooled.PooledConnection.invoke(PooledConnection.java:245)
	at com.sun.proxy.$Proxy12.prepareStatement(Unknown Source)
	at sun.reflect.GeneratedMethodAccessor6.invoke(Unknown Source)
	at sun.reflect.DelegatingMethodAccessorImpl.invoke(DelegatingMethodAccessorImpl.java:43)
	at java.lang.reflect.Method.invoke(Method.java:498)
	at org.apache.ibatis.logging.jdbc.ConnectionLogger.invoke(ConnectionLogger.java:55)
	at com.sun.proxy.$Proxy12.prepareStatement(Unknown Source)
	at org.apache.ibatis.executor.statement.PreparedStatementHandler.instantiateStatement(PreparedStatementHandler.java:79)
	at org.apache.ibatis.executor.statement.BaseStatementHandler.prepare(BaseStatementHandler.java:88)
	at org.apache.ibatis.executor.statement.RoutingStatementHandler.prepare(RoutingStatementHandler.java:58)
	at org.apache.ibatis.executor.SimpleExecutor.prepareStatement(SimpleExecutor.java:76)
	at org.apache.ibatis.executor.SimpleExecutor.doQuery(SimpleExecutor.java:61)
	at org.apache.ibatis.executor.BaseExecutor.queryFromDatabase(BaseExecutor.java:303)
	at org.apache.ibatis.executor.BaseExecutor.query(BaseExecutor.java:154)
	at org.apache.ibatis.executor.CachingExecutor.query(CachingExecutor.java:102)
	at org.apache.ibatis.executor.CachingExecutor.query(CachingExecutor.java:82)
	at org.apache.ibatis.session.defaults.DefaultSqlSession.selectList(DefaultSqlSession.java:120)
	... 42 more
10:44:56,420 [main] DEBUG org.activiti.engine.impl.test.PvmTestCase  - #### END GroupQueryTest.testQueryById #############################################################
10:44:56,420 [main] DEBUG org.activiti.engine.impl.interceptor.LogInterceptor  - 

10:44:56,420 [main] DEBUG org.activiti.engine.impl.interceptor.LogInterceptor  - --- starting DeleteUserCmd --------------------------------------------------------
10:44:56,420 [main] DEBUG org.apache.ibatis.transaction.jdbc.JdbcTransaction  - Opening JDBC Connection
10:44:56,420 [main] DEBUG org.apache.ibatis.datasource.pooled.PooledDataSource  - Checked out connection 297240765 from pool.
10:44:56,420 [main] DEBUG org.apache.ibatis.transaction.jdbc.JdbcTransaction  - Setting autocommit to false on JDBC Connection [conn4: url=jdbc:h2:mem:activiti user=SA]
10:44:56,420 [main] DEBUG org.activiti.engine.impl.persistence.entity.UserEntity.selectUserById  - ==&gt;  Preparing: select * from ACT_ID_USER where ID_ = ? 
10:44:56,420 [main] DEBUG org.activiti.engine.impl.persistence.entity.UserEntity.selectUserById  - ==&gt; Parameters: kermit(String)
10:44:56,420 [main] DEBUG org.activiti.engine.impl.persistence.entity.UserEntity.selectUserById  - &lt;==      Total: 1
10:44:56,420 [main] DEBUG org.activiti.engine.impl.persistence.entity.IdentityInfoEntity.selectIdentityInfoByUserId  - ==&gt;  Preparing: select * from ACT_ID_INFO where USER_ID_ = ? 
10:44:56,420 [main] DEBUG org.activiti.engine.impl.persistence.entity.IdentityInfoEntity.selectIdentityInfoByUserId  - ==&gt; Parameters: kermit(String)
10:44:56,420 [main] DEBUG org.activiti.engine.impl.persistence.entity.IdentityInfoEntity.selectIdentityInfoByUserId  - &lt;==      Total: 0
10:44:56,420 [main] DEBUG org.activiti.engine.impl.db.DbSqlSession  -   bulk delete: deleteMembershipsByUserId(kermit)
10:44:56,420 [main] DEBUG org.activiti.engine.impl.db.DbSqlSession  -   delete org.activiti.engine.impl.persistence.entity.UserEntity@c017175
10:44:56,420 [main] DEBUG org.activiti.engine.impl.db.DbSqlSession  - flush summary: 0 insert, 0 update, 2 delete.
10:44:56,420 [main] DEBUG org.activiti.engine.impl.db.DbSqlSession  - now executing flush...
10:44:56,420 [main] DEBUG org.activiti.engine.impl.db.DbSqlSession  - executing: bulk delete: deleteMembershipsByUserId(kermit)
10:44:56,420 [main] DEBUG org.activiti.engine.impl.persistence.entity.MembershipRelation.deleteMembershipsByUserId  - ==&gt;  Preparing: delete from ACT_ID_MEMBERSHIP where USER_ID_ = ? 
10:44:56,420 [main] DEBUG org.activiti.engine.impl.persistence.entity.MembershipRelation.deleteMembershipsByUserId  - ==&gt; Parameters: kermit(String)
10:44:56,420 [main] DEBUG org.activiti.engine.impl.persistence.entity.MembershipRelation.deleteMembershipsByUserId  - &lt;==    Updates: 3
10:44:56,420 [main] DEBUG org.activiti.engine.impl.db.DbSqlSession  - executing: delete org.activiti.engine.impl.persistence.entity.UserEntity@c017175
10:44:56,420 [main] DEBUG org.activiti.engine.impl.persistence.entity.UserEntity.deleteUser  - ==&gt;  Preparing: delete from ACT_ID_USER where ID_ = ? and REV_ = ? 
10:44:56,420 [main] DEBUG org.activiti.engine.impl.persistence.entity.UserEntity.deleteUser  - ==&gt; Parameters: kermit(String), 1(Integer)
10:44:56,420 [main] DEBUG org.activiti.engine.impl.persistence.entity.UserEntity.deleteUser  - &lt;==    Updates: 1
10:44:56,420 [main] DEBUG org.activiti.engine.impl.cfg.standalone.StandaloneMybatisTransactionContext  - firing event committing...
10:44:56,420 [main] DEBUG org.activiti.engine.impl.cfg.standalone.StandaloneMybatisTransactionContext  - committing the ibatis sql session...
10:44:56,420 [main] DEBUG org.apache.ibatis.transaction.jdbc.JdbcTransaction  - Committing JDBC Connection [conn4: url=jdbc:h2:mem:activiti user=SA]
10:44:56,420 [main] DEBUG org.activiti.engine.impl.cfg.standalone.StandaloneMybatisTransactionContext  - firing event committed...
10:44:56,420 [main] DEBUG org.apache.ibatis.transaction.jdbc.JdbcTransaction  - Resetting autocommit to true on JDBC Connection [conn4: url=jdbc:h2:mem:activiti user=SA]
10:44:56,420 [main] DEBUG org.apache.ibatis.transaction.jdbc.JdbcTransaction  - Closing JDBC Connection [conn4: url=jdbc:h2:mem:activiti user=SA]
10:44:56,420 [main] DEBUG org.apache.ibatis.datasource.pooled.PooledDataSource  - Returned connection 297240765 to pool.
10:44:56,420 [main] DEBUG org.activiti.engine.impl.interceptor.LogInterceptor  - --- DeleteUserCmd finished --------------------------------------------------------
10:44:56,420 [main] DEBUG org.activiti.engine.impl.interceptor.LogInterceptor  - 

10:44:56,420 [main] DEBUG org.activiti.engine.impl.interceptor.LogInterceptor  - 

10:44:56,420 [main] DEBUG org.activiti.engine.impl.interceptor.LogInterceptor  - --- starting DeleteUserCmd --------------------------------------------------------
10:44:56,420 [main] DEBUG org.apache.ibatis.transaction.jdbc.JdbcTransaction  - Opening JDBC Connection
10:44:56,420 [main] DEBUG org.apache.ibatis.datasource.pooled.PooledDataSource  - Checked out connection 363509958 from pool.
10:44:56,420 [main] DEBUG org.apache.ibatis.transaction.jdbc.JdbcTransaction  - Setting autocommit to false on JDBC Connection [conn2: url=jdbc:h2:mem:activiti user=SA]
10:44:56,420 [main] DEBUG org.activiti.engine.impl.persistence.entity.UserEntity.selectUserById  - ==&gt;  Preparing: select * from ACT_ID_USER where ID_ = ? 
10:44:56,420 [main] DEBUG org.activiti.engine.impl.persistence.entity.UserEntity.selectUserById  - ==&gt; Parameters: fozzie(String)
10:44:56,420 [main] DEBUG org.activiti.engine.impl.persistence.entity.UserEntity.selectUserById  - &lt;==      Total: 1
10:44:56,420 [main] DEBUG org.activiti.engine.impl.persistence.entity.IdentityInfoEntity.selectIdentityInfoByUserId  - ==&gt;  Preparing: select * from ACT_ID_INFO where USER_ID_ = ? 
10:44:56,420 [main] DEBUG org.activiti.engine.impl.persistence.entity.IdentityInfoEntity.selectIdentityInfoByUserId  - ==&gt; Parameters: fozzie(String)
10:44:56,420 [main] DEBUG org.activiti.engine.impl.persistence.entity.IdentityInfoEntity.selectIdentityInfoByUserId  - &lt;==      Total: 0
10:44:56,420 [main] DEBUG org.activiti.engine.impl.db.DbSqlSession  -   bulk delete: deleteMembershipsByUserId(fozzie)
10:44:56,420 [main] DEBUG org.activiti.engine.impl.db.DbSqlSession  -   delete org.activiti.engine.impl.persistence.entity.UserEntity@559cedee
10:44:56,420 [main] DEBUG org.activiti.engine.impl.db.DbSqlSession  - flush summary: 0 insert, 0 update, 2 delete.
10:44:56,420 [main] DEBUG org.activiti.engine.impl.db.DbSqlSession  - now executing flush...
10:44:56,420 [main] DEBUG org.activiti.engine.impl.db.DbSqlSession  - executing: bulk delete: deleteMembershipsByUserId(fozzie)
10:44:56,420 [main] DEBUG org.activiti.engine.impl.persistence.entity.MembershipRelation.deleteMembershipsByUserId  - ==&gt;  Preparing: delete from ACT_ID_MEMBERSHIP where USER_ID_ = ? 
10:44:56,421 [main] DEBUG org.activiti.engine.impl.persistence.entity.MembershipRelation.deleteMembershipsByUserId  - ==&gt; Parameters: fozzie(String)
10:44:56,421 [main] DEBUG org.activiti.engine.impl.persistence.entity.MembershipRelation.deleteMembershipsByUserId  - &lt;==    Updates: 2
10:44:56,421 [main] DEBUG org.activiti.engine.impl.db.DbSqlSession  - executing: delete org.activiti.engine.impl.persistence.entity.UserEntity@559cedee
10:44:56,421 [main] DEBUG org.activiti.engine.impl.persistence.entity.UserEntity.deleteUser  - ==&gt;  Preparing: delete from ACT_ID_USER where ID_ = ? and REV_ = ? 
10:44:56,421 [main] DEBUG org.activiti.engine.impl.persistence.entity.UserEntity.deleteUser  - ==&gt; Parameters: fozzie(String), 1(Integer)
10:44:56,421 [main] DEBUG org.activiti.engine.impl.persistence.entity.UserEntity.deleteUser  - &lt;==    Updates: 1
10:44:56,421 [main] DEBUG org.activiti.engine.impl.cfg.standalone.StandaloneMybatisTransactionContext  - firing event committing...
10:44:56,421 [main] DEBUG org.activiti.engine.impl.cfg.standalone.StandaloneMybatisTransactionContext  - committing the ibatis sql session...
10:44:56,421 [main] DEBUG org.apache.ibatis.transaction.jdbc.JdbcTransaction  - Committing JDBC Connection [conn2: url=jdbc:h2:mem:activiti user=SA]
10:44:56,421 [main] DEBUG org.activiti.engine.impl.cfg.standalone.StandaloneMybatisTransactionContext  - firing event committed...
10:44:56,421 [main] DEBUG org.apache.ibatis.transaction.jdbc.JdbcTransaction  - Resetting autocommit to true on JDBC Connection [conn2: url=jdbc:h2:mem:activiti user=SA]
10:44:56,421 [main] DEBUG org.apache.ibatis.transaction.jdbc.JdbcTransaction  - Closing JDBC Connection [conn2: url=jdbc:h2:mem:activiti user=SA]
10:44:56,421 [main] DEBUG org.apache.ibatis.datasource.pooled.PooledDataSource  - Returned connection 363509958 to pool.
10:44:56,421 [main] DEBUG org.activiti.engine.impl.interceptor.LogInterceptor  - --- DeleteUserCmd finished --------------------------------------------------------
10:44:56,421 [main] DEBUG org.activiti.engine.impl.interceptor.LogInterceptor  - 

10:44:56,421 [main] DEBUG org.activiti.engine.impl.interceptor.LogInterceptor  - 

10:44:56,421 [main] DEBUG org.activiti.engine.impl.interceptor.LogInterceptor  - --- starting DeleteUserCmd --------------------------------------------------------
10:44:56,421 [main] DEBUG org.apache.ibatis.transaction.jdbc.JdbcTransaction  - Opening JDBC Connection
10:44:56,421 [main] DEBUG org.apache.ibatis.datasource.pooled.PooledDataSource  - Checked out connection 180014677 from pool.
10:44:56,421 [main] DEBUG org.apache.ibatis.transaction.jdbc.JdbcTransaction  - Setting autocommit to false on JDBC Connection [conn3: url=jdbc:h2:mem:activiti user=SA]
10:44:56,421 [main] DEBUG org.activiti.engine.impl.persistence.entity.UserEntity.selectUserById  - ==&gt;  Preparing: select * from ACT_ID_USER where ID_ = ? 
10:44:56,421 [main] DEBUG org.activiti.engine.impl.persistence.entity.UserEntity.selectUserById  - ==&gt; Parameters: mispiggy(String)
10:44:56,421 [main] DEBUG org.activiti.engine.impl.persistence.entity.UserEntity.selectUserById  - &lt;==      Total: 1
10:44:56,421 [main] DEBUG org.activiti.engine.impl.persistence.entity.IdentityInfoEntity.selectIdentityInfoByUserId  - ==&gt;  Preparing: select * from ACT_ID_INFO where USER_ID_ = ? 
10:44:56,421 [main] DEBUG org.activiti.engine.impl.persistence.entity.IdentityInfoEntity.selectIdentityInfoByUserId  - ==&gt; Parameters: mispiggy(String)
10:44:56,421 [main] DEBUG org.activiti.engine.impl.persistence.entity.IdentityInfoEntity.selectIdentityInfoByUserId  - &lt;==      Total: 0
10:44:56,421 [main] DEBUG org.activiti.engine.impl.db.DbSqlSession  -   bulk delete: deleteMembershipsByUserId(mispiggy)
10:44:56,421 [main] DEBUG org.activiti.engine.impl.db.DbSqlSession  -   delete org.activiti.engine.impl.persistence.entity.UserEntity@18371d89
10:44:56,421 [main] DEBUG org.activiti.engine.impl.db.DbSqlSession  - flush summary: 0 insert, 0 update, 2 delete.
10:44:56,421 [main] DEBUG org.activiti.engine.impl.db.DbSqlSession  - now executing flush...
10:44:56,421 [main] DEBUG org.activiti.engine.impl.db.DbSqlSession  - executing: bulk delete: deleteMembershipsByUserId(mispiggy)
10:44:56,421 [main] DEBUG org.activiti.engine.impl.persistence.entity.MembershipRelation.deleteMembershipsByUserId  - ==&gt;  Preparing: delete from ACT_ID_MEMBERSHIP where USER_ID_ = ? 
10:44:56,421 [main] DEBUG org.activiti.engine.impl.persistence.entity.MembershipRelation.deleteMembershipsByUserId  - ==&gt; Parameters: mispiggy(String)
10:44:56,421 [main] DEBUG org.activiti.engine.impl.persistence.entity.MembershipRelation.deleteMembershipsByUserId  - &lt;==    Updates: 2
10:44:56,421 [main] DEBUG org.activiti.engine.impl.db.DbSqlSession  - executing: delete org.activiti.engine.impl.persistence.entity.UserEntity@18371d89
10:44:56,421 [main] DEBUG org.activiti.engine.impl.persistence.entity.UserEntity.deleteUser  - ==&gt;  Preparing: delete from ACT_ID_USER where ID_ = ? and REV_ = ? 
10:44:56,421 [main] DEBUG org.activiti.engine.impl.persistence.entity.UserEntity.deleteUser  - ==&gt; Parameters: mispiggy(String), 1(Integer)
10:44:56,421 [main] DEBUG org.activiti.engine.impl.persistence.entity.UserEntity.deleteUser  - &lt;==    Updates: 1
10:44:56,421 [main] DEBUG org.activiti.engine.impl.cfg.standalone.StandaloneMybatisTransactionContext  - firing event committing...
10:44:56,421 [main] DEBUG org.activiti.engine.impl.cfg.standalone.StandaloneMybatisTransactionContext  - committing the ibatis sql session...
10:44:56,421 [main] DEBUG org.apache.ibatis.transaction.jdbc.JdbcTransaction  - Committing JDBC Connection [conn3: url=jdbc:h2:mem:activiti user=SA]
10:44:56,421 [main] DEBUG org.activiti.engine.impl.cfg.standalone.StandaloneMybatisTransactionContext  - firing event committed...
10:44:56,421 [main] DEBUG org.apache.ibatis.transaction.jdbc.JdbcTransaction  - Resetting autocommit to true on JDBC Connection [conn3: url=jdbc:h2:mem:activiti user=SA]
10:44:56,421 [main] DEBUG org.apache.ibatis.transaction.jdbc.JdbcTransaction  - Closing JDBC Connection [conn3: url=jdbc:h2:mem:activiti user=SA]
10:44:56,421 [main] DEBUG org.apache.ibatis.datasource.pooled.PooledDataSource  - Returned connection 180014677 to pool.
10:44:56,421 [main] DEBUG org.activiti.engine.impl.interceptor.LogInterceptor  - --- DeleteUserCmd finished --------------------------------------------------------
10:44:56,421 [main] DEBUG org.activiti.engine.impl.interceptor.LogInterceptor  - 

10:44:56,421 [main] DEBUG org.activiti.engine.impl.interceptor.LogInterceptor  - 

10:44:56,421 [main] DEBUG org.activiti.engine.impl.interceptor.LogInterceptor  - --- starting DeleteGroupCmd --------------------------------------------------------
10:44:56,421 [main] DEBUG org.apache.ibatis.transaction.jdbc.JdbcTransaction  - Opening JDBC Connection
10:44:56,421 [main] DEBUG org.apache.ibatis.datasource.pooled.PooledDataSource  - Checked out connection 297240765 from pool.
10:44:56,421 [main] DEBUG org.apache.ibatis.transaction.jdbc.JdbcTransaction  - Setting autocommit to false on JDBC Connection [conn4: url=jdbc:h2:mem:activiti user=SA]
10:44:56,421 [main] DEBUG org.activiti.engine.impl.persistence.entity.GroupEntity.selectGroup  - ==&gt;  Preparing: select * from ACT_ID_GROUP where ID_ = ? 
10:44:56,421 [main] DEBUG org.activiti.engine.impl.persistence.entity.GroupEntity.selectGroup  - ==&gt; Parameters: muppets(String)
10:44:56,421 [main] DEBUG org.activiti.engine.impl.persistence.entity.GroupEntity.selectGroup  - &lt;==      Total: 1
10:44:56,421 [main] DEBUG org.activiti.engine.impl.db.DbSqlSession  -   bulk delete: deleteMembershipsByGroupId(muppets)
10:44:56,421 [main] DEBUG org.activiti.engine.impl.db.DbSqlSession  -   delete org.activiti.engine.impl.persistence.entity.GroupEntity@4f3faa70
10:44:56,421 [main] DEBUG org.activiti.engine.impl.db.DbSqlSession  - flush summary: 0 insert, 0 update, 2 delete.
10:44:56,421 [main] DEBUG org.activiti.engine.impl.db.DbSqlSession  - now executing flush...
10:44:56,421 [main] DEBUG org.activiti.engine.impl.db.DbSqlSession  - executing: bulk delete: deleteMembershipsByGroupId(muppets)
10:44:56,421 [main] DEBUG org.activiti.engine.impl.persistence.entity.MembershipRelation.deleteMembershipsByGroupId  - ==&gt;  Preparing: delete from ACT_ID_MEMBERSHIP where GROUP_ID_ = ? 
10:44:56,421 [main] DEBUG org.activiti.engine.impl.persistence.entity.MembershipRelation.deleteMembershipsByGroupId  - ==&gt; Parameters: muppets(String)
10:44:56,421 [main] DEBUG org.activiti.engine.impl.persistence.entity.MembershipRelation.deleteMembershipsByGroupId  - &lt;==    Updates: 0
10:44:56,421 [main] DEBUG org.activiti.engine.impl.db.DbSqlSession  - executing: delete org.activiti.engine.impl.persistence.entity.GroupEntity@4f3faa70
10:44:56,421 [main] DEBUG org.activiti.engine.impl.persistence.entity.GroupEntity.deleteGroup  - ==&gt;  Preparing: delete from ACT_ID_GROUP where ID_ = ? and REV_ = ? 
10:44:56,421 [main] DEBUG org.activiti.engine.impl.persistence.entity.GroupEntity.deleteGroup  - ==&gt; Parameters: muppets(String), 1(Integer)
10:44:56,421 [main] DEBUG org.activiti.engine.impl.persistence.entity.GroupEntity.deleteGroup  - &lt;==    Updates: 1
10:44:56,421 [main] DEBUG org.activiti.engine.impl.cfg.standalone.StandaloneMybatisTransactionContext  - firing event committing...
10:44:56,421 [main] DEBUG org.activiti.engine.impl.cfg.standalone.StandaloneMybatisTransactionContext  - committing the ibatis sql session...
10:44:56,421 [main] DEBUG org.apache.ibatis.transaction.jdbc.JdbcTransaction  - Committing JDBC Connection [conn4: url=jdbc:h2:mem:activiti user=SA]
10:44:56,421 [main] DEBUG org.activiti.engine.impl.cfg.standalone.StandaloneMybatisTransactionContext  - firing event committed...
10:44:56,421 [main] DEBUG org.apache.ibatis.transaction.jdbc.JdbcTransaction  - Resetting autocommit to true on JDBC Connection [conn4: url=jdbc:h2:mem:activiti user=SA]
10:44:56,421 [main] DEBUG org.apache.ibatis.transaction.jdbc.JdbcTransaction  - Closing JDBC Connection [conn4: url=jdbc:h2:mem:activiti user=SA]
10:44:56,421 [main] DEBUG org.apache.ibatis.datasource.pooled.PooledDataSource  - Returned connection 297240765 to pool.
10:44:56,421 [main] DEBUG org.activiti.engine.impl.interceptor.LogInterceptor  - --- DeleteGroupCmd finished --------------------------------------------------------
10:44:56,421 [main] DEBUG org.activiti.engine.impl.interceptor.LogInterceptor  - 

10:44:56,421 [main] DEBUG org.activiti.engine.impl.interceptor.LogInterceptor  - 

10:44:56,421 [main] DEBUG org.activiti.engine.impl.interceptor.LogInterceptor  - --- starting DeleteGroupCmd --------------------------------------------------------
10:44:56,421 [main] DEBUG org.apache.ibatis.transaction.jdbc.JdbcTransaction  - Opening JDBC Connection
10:44:56,421 [main] DEBUG org.apache.ibatis.datasource.pooled.PooledDataSource  - Checked out connection 363509958 from pool.
10:44:56,421 [main] DEBUG org.apache.ibatis.transaction.jdbc.JdbcTransaction  - Setting autocommit to false on JDBC Connection [conn2: url=jdbc:h2:mem:activiti user=SA]
10:44:56,421 [main] DEBUG org.activiti.engine.impl.persistence.entity.GroupEntity.selectGroup  - ==&gt;  Preparing: select * from ACT_ID_GROUP where ID_ = ? 
10:44:56,421 [main] DEBUG org.activiti.engine.impl.persistence.entity.GroupEntity.selectGroup  - ==&gt; Parameters: mammals(String)
10:44:56,422 [main] DEBUG org.activiti.engine.impl.persistence.entity.GroupEntity.selectGroup  - &lt;==      Total: 1
10:44:56,422 [main] DEBUG org.activiti.engine.impl.db.DbSqlSession  -   bulk delete: deleteMembershipsByGroupId(mammals)
10:44:56,422 [main] DEBUG org.activiti.engine.impl.db.DbSqlSession  -   delete org.activiti.engine.impl.persistence.entity.GroupEntity@68565bc7
10:44:56,422 [main] DEBUG org.activiti.engine.impl.db.DbSqlSession  - flush summary: 0 insert, 0 update, 2 delete.
10:44:56,422 [main] DEBUG org.activiti.engine.impl.db.DbSqlSession  - now executing flush...
10:44:56,422 [main] DEBUG org.activiti.engine.impl.db.DbSqlSession  - executing: bulk delete: deleteMembershipsByGroupId(mammals)
10:44:56,422 [main] DEBUG org.activiti.engine.impl.persistence.entity.MembershipRelation.deleteMembershipsByGroupId  - ==&gt;  Preparing: delete from ACT_ID_MEMBERSHIP where GROUP_ID_ = ? 
10:44:56,422 [main] DEBUG org.activiti.engine.impl.persistence.entity.MembershipRelation.deleteMembershipsByGroupId  - ==&gt; Parameters: mammals(String)
10:44:56,422 [main] DEBUG org.activiti.engine.impl.persistence.entity.MembershipRelation.deleteMembershipsByGroupId  - &lt;==    Updates: 0
10:44:56,422 [main] DEBUG org.activiti.engine.impl.db.DbSqlSession  - executing: delete org.activiti.engine.impl.persistence.entity.GroupEntity@68565bc7
10:44:56,422 [main] DEBUG org.activiti.engine.impl.persistence.entity.GroupEntity.deleteGroup  - ==&gt;  Preparing: delete from ACT_ID_GROUP where ID_ = ? and REV_ = ? 
10:44:56,422 [main] DEBUG org.activiti.engine.impl.persistence.entity.GroupEntity.deleteGroup  - ==&gt; Parameters: mammals(String), 1(Integer)
10:44:56,422 [main] DEBUG org.activiti.engine.impl.persistence.entity.GroupEntity.deleteGroup  - &lt;==    Updates: 1
10:44:56,422 [main] DEBUG org.activiti.engine.impl.cfg.standalone.StandaloneMybatisTransactionContext  - firing event committing...
10:44:56,422 [main] DEBUG org.activiti.engine.impl.cfg.standalone.StandaloneMybatisTransactionContext  - committing the ibatis sql session...
10:44:56,422 [main] DEBUG org.apache.ibatis.transaction.jdbc.JdbcTransaction  - Committing JDBC Connection [conn2: url=jdbc:h2:mem:activiti user=SA]
10:44:56,422 [main] DEBUG org.activiti.engine.impl.cfg.standalone.StandaloneMybatisTransactionContext  - firing event committed...
10:44:56,422 [main] DEBUG org.apache.ibatis.transaction.jdbc.JdbcTransaction  - Resetting autocommit to true on JDBC Connection [conn2: url=jdbc:h2:mem:activiti user=SA]
10:44:56,422 [main] DEBUG org.apache.ibatis.transaction.jdbc.JdbcTransaction  - Closing JDBC Connection [conn2: url=jdbc:h2:mem:activiti user=SA]
10:44:56,422 [main] DEBUG org.apache.ibatis.datasource.pooled.PooledDataSource  - Returned connection 363509958 to pool.
10:44:56,422 [main] DEBUG org.activiti.engine.impl.interceptor.LogInterceptor  - --- DeleteGroupCmd finished --------------------------------------------------------
10:44:56,422 [main] DEBUG org.activiti.engine.impl.interceptor.LogInterceptor  - 

10:44:56,422 [main] DEBUG org.activiti.engine.impl.interceptor.LogInterceptor  - 

10:44:56,422 [main] DEBUG org.activiti.engine.impl.interceptor.LogInterceptor  - --- starting DeleteGroupCmd --------------------------------------------------------
10:44:56,422 [main] DEBUG org.apache.ibatis.transaction.jdbc.JdbcTransaction  - Opening JDBC Connection
10:44:56,422 [main] DEBUG org.apache.ibatis.datasource.pooled.PooledDataSource  - Checked out connection 180014677 from pool.
10:44:56,422 [main] DEBUG org.apache.ibatis.transaction.jdbc.JdbcTransaction  - Setting autocommit to false on JDBC Connection [conn3: url=jdbc:h2:mem:activiti user=SA]
10:44:56,422 [main] DEBUG org.activiti.engine.impl.persistence.entity.GroupEntity.selectGroup  - ==&gt;  Preparing: select * from ACT_ID_GROUP where ID_ = ? 
10:44:56,422 [main] DEBUG org.activiti.engine.impl.persistence.entity.GroupEntity.selectGroup  - ==&gt; Parameters: frogs(String)
10:44:56,422 [main] DEBUG org.activiti.engine.impl.persistence.entity.GroupEntity.selectGroup  - &lt;==      Total: 1
10:44:56,422 [main] DEBUG org.activiti.engine.impl.db.DbSqlSession  -   bulk delete: deleteMembershipsByGroupId(frogs)
10:44:56,422 [main] DEBUG org.activiti.engine.impl.db.DbSqlSession  -   delete org.activiti.engine.impl.persistence.entity.GroupEntity@37baddde
10:44:56,422 [main] DEBUG org.activiti.engine.impl.db.DbSqlSession  - flush summary: 0 insert, 0 update, 2 delete.
10:44:56,422 [main] DEBUG org.activiti.engine.impl.db.DbSqlSession  - now executing flush...
10:44:56,422 [main] DEBUG org.activiti.engine.impl.db.DbSqlSession  - executing: bulk delete: deleteMembershipsByGroupId(frogs)
10:44:56,422 [main] DEBUG org.activiti.engine.impl.persistence.entity.MembershipRelation.deleteMembershipsByGroupId  - ==&gt;  Preparing: delete from ACT_ID_MEMBERSHIP where GROUP_ID_ = ? 
10:44:56,422 [main] DEBUG org.activiti.engine.impl.persistence.entity.MembershipRelation.deleteMembershipsByGroupId  - ==&gt; Parameters: frogs(String)
10:44:56,422 [main] DEBUG org.activiti.engine.impl.persistence.entity.MembershipRelation.deleteMembershipsByGroupId  - &lt;==    Updates: 0
10:44:56,422 [main] DEBUG org.activiti.engine.impl.db.DbSqlSession  - executing: delete org.activiti.engine.impl.persistence.entity.GroupEntity@37baddde
10:44:56,422 [main] DEBUG org.activiti.engine.impl.persistence.entity.GroupEntity.deleteGroup  - ==&gt;  Preparing: delete from ACT_ID_GROUP where ID_ = ? and REV_ = ? 
10:44:56,423 [main] DEBUG org.activiti.engine.impl.persistence.entity.GroupEntity.deleteGroup  - ==&gt; Parameters: frogs(String), 1(Integer)
10:44:56,423 [main] DEBUG org.activiti.engine.impl.persistence.entity.GroupEntity.deleteGroup  - &lt;==    Updates: 1
10:44:56,423 [main] DEBUG org.activiti.engine.impl.cfg.standalone.StandaloneMybatisTransactionContext  - firing event committing...
10:44:56,423 [main] DEBUG org.activiti.engine.impl.cfg.standalone.StandaloneMybatisTransactionContext  - committing the ibatis sql session...
10:44:56,423 [main] DEBUG org.apache.ibatis.transaction.jdbc.JdbcTransaction  - Committing JDBC Connection [conn3: url=jdbc:h2:mem:activiti user=SA]
10:44:56,423 [main] DEBUG org.activiti.engine.impl.cfg.standalone.StandaloneMybatisTransactionContext  - firing event committed...
10:44:56,423 [main] DEBUG org.apache.ibatis.transaction.jdbc.JdbcTransaction  - Resetting autocommit to true on JDBC Connection [conn3: url=jdbc:h2:mem:activiti user=SA]
10:44:56,423 [main] DEBUG org.apache.ibatis.transaction.jdbc.JdbcTransaction  - Closing JDBC Connection [conn3: url=jdbc:h2:mem:activiti user=SA]
10:44:56,423 [main] DEBUG org.apache.ibatis.datasource.pooled.PooledDataSource  - Returned connection 180014677 to pool.
10:44:56,423 [main] DEBUG org.activiti.engine.impl.interceptor.LogInterceptor  - --- DeleteGroupCmd finished --------------------------------------------------------
10:44:56,423 [main] DEBUG org.activiti.engine.impl.interceptor.LogInterceptor  - 

10:44:56,423 [main] DEBUG org.activiti.engine.impl.interceptor.LogInterceptor  - 

10:44:56,423 [main] DEBUG org.activiti.engine.impl.interceptor.LogInterceptor  - --- starting DeleteGroupCmd --------------------------------------------------------
10:44:56,423 [main] DEBUG org.apache.ibatis.transaction.jdbc.JdbcTransaction  - Opening JDBC Connection
10:44:56,423 [main] DEBUG org.apache.ibatis.datasource.pooled.PooledDataSource  - Checked out connection 297240765 from pool.
10:44:56,423 [main] DEBUG org.apache.ibatis.transaction.jdbc.JdbcTransaction  - Setting autocommit to false on JDBC Connection [conn4: url=jdbc:h2:mem:activiti user=SA]
10:44:56,423 [main] DEBUG org.activiti.engine.impl.persistence.entity.GroupEntity.selectGroup  - ==&gt;  Preparing: select * from ACT_ID_GROUP where ID_ = ? 
10:44:56,423 [main] DEBUG org.activiti.engine.impl.persistence.entity.GroupEntity.selectGroup  - ==&gt; Parameters: admin(String)
10:44:56,423 [main] DEBUG org.activiti.engine.impl.persistence.entity.GroupEntity.selectGroup  - &lt;==      Total: 1
10:44:56,423 [main] DEBUG org.activiti.engine.impl.db.DbSqlSession  -   bulk delete: deleteMembershipsByGroupId(admin)
10:44:56,423 [main] DEBUG org.activiti.engine.impl.db.DbSqlSession  -   delete org.activiti.engine.impl.persistence.entity.GroupEntity@4b31a708
10:44:56,423 [main] DEBUG org.activiti.engine.impl.db.DbSqlSession  - flush summary: 0 insert, 0 update, 2 delete.
10:44:56,423 [main] DEBUG org.activiti.engine.impl.db.DbSqlSession  - now executing flush...
10:44:56,423 [main] DEBUG org.activiti.engine.impl.db.DbSqlSession  - executing: bulk delete: deleteMembershipsByGroupId(admin)
10:44:56,423 [main] DEBUG org.activiti.engine.impl.persistence.entity.MembershipRelation.deleteMembershipsByGroupId  - ==&gt;  Preparing: delete from ACT_ID_MEMBERSHIP where GROUP_ID_ = ? 
10:44:56,423 [main] DEBUG org.activiti.engine.impl.persistence.entity.MembershipRelation.deleteMembershipsByGroupId  - ==&gt; Parameters: admin(String)
10:44:56,423 [main] DEBUG org.activiti.engine.impl.persistence.entity.MembershipRelation.deleteMembershipsByGroupId  - &lt;==    Updates: 0
10:44:56,423 [main] DEBUG org.activiti.engine.impl.db.DbSqlSession  - executing: delete org.activiti.engine.impl.persistence.entity.GroupEntity@4b31a708
10:44:56,423 [main] DEBUG org.activiti.engine.impl.persistence.entity.GroupEntity.deleteGroup  - ==&gt;  Preparing: delete from ACT_ID_GROUP where ID_ = ? and REV_ = ? 
10:44:56,423 [main] DEBUG org.activiti.engine.impl.persistence.entity.GroupEntity.deleteGroup  - ==&gt; Parameters: admin(String), 1(Integer)
10:44:56,423 [main] DEBUG org.activiti.engine.impl.persistence.entity.GroupEntity.deleteGroup  - &lt;==    Updates: 1
10:44:56,423 [main] DEBUG org.activiti.engine.impl.cfg.standalone.StandaloneMybatisTransactionContext  - firing event committing...
10:44:56,423 [main] DEBUG org.activiti.engine.impl.cfg.standalone.StandaloneMybatisTransactionContext  - committing the ibatis sql session...
10:44:56,423 [main] DEBUG org.apache.ibatis.transaction.jdbc.JdbcTransaction  - Committing JDBC Connection [conn4: url=jdbc:h2:mem:activiti user=SA]
10:44:56,423 [main] DEBUG org.activiti.engine.impl.cfg.standalone.StandaloneMybatisTransactionContext  - firing event committed...
10:44:56,423 [main] DEBUG org.apache.ibatis.transaction.jdbc.JdbcTransaction  - Resetting autocommit to true on JDBC Connection [conn4: url=jdbc:h2:mem:activiti user=SA]
10:44:56,423 [main] DEBUG org.apache.ibatis.transaction.jdbc.JdbcTransaction  - Closing JDBC Connection [conn4: url=jdbc:h2:mem:activiti user=SA]
10:44:56,423 [main] DEBUG org.apache.ibatis.datasource.pooled.PooledDataSource  - Returned connection 297240765 to pool.
10:44:56,423 [main] DEBUG org.activiti.engine.impl.interceptor.LogInterceptor  - --- DeleteGroupCmd finished --------------------------------------------------------
10:44:56,423 [main] DEBUG org.activiti.engine.impl.interceptor.LogInterceptor  - 

10:44:56,423 [main] ERROR org.activiti.engine.impl.test.PvmTestCase  - 

10:44:56,423 [main] ERROR org.activiti.engine.impl.test.PvmTestCase  - EXCEPTION: org.apache.ibatis.exceptions.PersistenceException: 
### Error querying database.  Cause: org.h2.jdbc.JdbcSQLException: Syntax error in SQL statement &quot;SELECT RES.* 
     
    FROM ACT_ID_GROUP RES
     
     WHERE RES.ID_ = ? 
   
     ORDER BY  ORDER[*] BY RES.ID_ ASC  
    LIMIT ? OFFSET ? &quot;; expected &quot;=, NOT, EXISTS, INTERSECTS, SELECT, FROM&quot;; SQL statement:
select RES.* 
     
    from ACT_ID_GROUP RES
     
     WHERE RES.ID_ = ? 
   
     order by  order by RES.ID_ asc  
    LIMIT ? OFFSET ? [42001-176]
### The error may exist in org/activiti/db/mapping/entity/Group.xml
### The error may involve org.activiti.engine.impl.persistence.entity.GroupEntity.selectGroupByQueryCriteria
### The error occurred while executing a query
### SQL: select RES.*            from ACT_ID_GROUP RES            WHERE RES.ID_ = ?           order by  order by RES.ID_ asc       LIMIT ? OFFSET ?
### Cause: org.h2.jdbc.JdbcSQLException: Syntax error in SQL statement &quot;SELECT RES.* 
     
    FROM ACT_ID_GROUP RES
     
     WHERE RES.ID_ = ? 
   
     ORDER BY  ORDER[*] BY RES.ID_ ASC  
    LIMIT ? OFFSET ? &quot;; expected &quot;=, NOT, EXISTS, INTERSECTS, SELECT, FROM&quot;; SQL statement:
select RES.* 
     
    from ACT_ID_GROUP RES
     
     WHERE RES.ID_ = ? 
   
     order by  order by RES.ID_ asc  
    LIMIT ? OFFSET ? [42001-176]
org.apache.ibatis.exceptions.PersistenceException: 
### Error querying database.  Cause: org.h2.jdbc.JdbcSQLException: Syntax error in SQL statement &quot;SELECT RES.* 
     
    FROM ACT_ID_GROUP RES
     
     WHERE RES.ID_ = ? 
   
     ORDER BY  ORDER[*] BY RES.ID_ ASC  
    LIMIT ? OFFSET ? &quot;; expected &quot;=, NOT, EXISTS, INTERSECTS, SELECT, FROM&quot;; SQL statement:
select RES.* 
     
    from ACT_ID_GROUP RES
     
     WHERE RES.ID_ = ? 
   
     order by  order by RES.ID_ asc  
    LIMIT ? OFFSET ? [42001-176]
### The error may exist in org/activiti/db/mapping/entity/Group.xml
### The error may involve org.activiti.engine.impl.persistence.entity.GroupEntity.selectGroupByQueryCriteria
### The error occurred while executing a query
### SQL: select RES.*            from ACT_ID_GROUP RES            WHERE RES.ID_ = ?           order by  order by RES.ID_ asc       LIMIT ? OFFSET ?
### Cause: org.h2.jdbc.JdbcSQLException: Syntax error in SQL statement &quot;SELECT RES.* 
     
    FROM ACT_ID_GROUP RES
     
     WHERE RES.ID_ = ? 
   
     ORDER BY  ORDER[*] BY RES.ID_ ASC  
    LIMIT ? OFFSET ? &quot;; expected &quot;=, NOT, EXISTS, INTERSECTS, SELECT, FROM&quot;; SQL statement:
select RES.* 
     
    from ACT_ID_GROUP RES
     
     WHERE RES.ID_ = ? 
   
     order by  order by RES.ID_ asc  
    LIMIT ? OFFSET ? [42001-176]
	at org.apache.ibatis.exceptions.ExceptionFactory.wrapException(ExceptionFactory.java:30)
	at org.apache.ibatis.session.defaults.DefaultSqlSession.selectList(DefaultSqlSession.java:122)
	at org.apache.ibatis.session.defaults.DefaultSqlSession.selectList(DefaultSqlSession.java:113)
	at org.activiti.engine.impl.db.DbSqlSession.selectListWithRawParameter(DbSqlSession.java:438)
	at org.activiti.engine.impl.db.DbSqlSession.selectList(DbSqlSession.java:429)
	at org.activiti.engine.impl.db.DbSqlSession.selectList(DbSqlSession.java:419)
	at org.activiti.engine.impl.persistence.entity.GroupEntityManager.findGroupByQueryCriteria(GroupEntityManager.java:90)
	at org.activiti.engine.impl.GroupQueryImpl.executeList(GroupQueryImpl.java:125)
	at org.activiti.engine.impl.AbstractQuery.execute(AbstractQuery.java:164)
	at org.activiti.engine.impl.interceptor.CommandInvoker.execute(CommandInvoker.java:24)
	at org.activiti.engine.impl.interceptor.CommandContextInterceptor.execute(CommandContextInterceptor.java:57)
	at org.activiti.engine.impl.interceptor.LogInterceptor.execute(LogInterceptor.java:37)
	at org.activiti.engine.impl.cfg.CommandExecutorImpl.execute(CommandExecutorImpl.java:40)
	at org.activiti.engine.impl.cfg.CommandExecutorImpl.execute(CommandExecutorImpl.java:35)
	at org.activiti.engine.impl.AbstractQuery.list(AbstractQuery.java:138)
	at org.activiti.engine.test.api.identity.GroupQueryTest.verifyQueryResults(GroupQueryTest.java:221)
	at org.activiti.engine.test.api.identity.GroupQueryTest.testQueryById(GroupQueryTest.java:80)
	at sun.reflect.NativeMethodAccessorImpl.invoke0(Native Method)
	at sun.reflect.NativeMethodAccessorImpl.invoke(NativeMethodAccessorImpl.java:62)
	at sun.reflect.DelegatingMethodAccessorImpl.invoke(DelegatingMethodAccessorImpl.java:43)
	at java.lang.reflect.Method.invoke(Method.java:498)
	at junit.framework.TestCase.runTest(TestCase.java:176)
	at org.activiti.engine.impl.test.PvmTestCase.runTest(PvmTestCase.java:65)
	at junit.framework.TestCase.runBare(TestCase.java:141)
	at org.activiti.engine.impl.test.AbstractActivitiTestCase.runBare(AbstractActivitiTestCase.java:100)
	at junit.framework.TestResult$1.protect(TestResult.java:122)
	at junit.framework.TestResult.runProtected(TestResult.java:142)
	at junit.framework.TestResult.run(TestResult.java:125)
	at junit.framework.TestCase.run(TestCase.java:129)
	at junit.framework.TestSuite.runTest(TestSuite.java:255)
	at junit.framework.TestSuite.run(TestSuite.java:250)
	at org.junit.internal.runners.JUnit38ClassRunner.run(JUnit38ClassRunner.java:84)
	at org.apache.maven.surefire.junit4.JUnit4TestSet.execute(JUnit4TestSet.java:35)
	at org.apache.maven.surefire.junit4.JUnit4Provider.executeTestSet(JUnit4Provider.java:146)
	at org.apache.maven.surefire.junit4.JUnit4Provider.invoke(JUnit4Provider.java:97)
	at sun.reflect.NativeMethodAccessorImpl.invoke0(Native Method)
	at sun.reflect.NativeMethodAccessorImpl.invoke(NativeMethodAccessorImpl.java:62)
	at sun.reflect.DelegatingMethodAccessorImpl.invoke(DelegatingMethodAccessorImpl.java:43)
	at java.lang.reflect.Method.invoke(Method.java:498)
	at org.apache.maven.surefire.booter.ProviderFactory$ClassLoaderProxy.invoke(ProviderFactory.java:103)
	at com.sun.proxy.$Proxy0.invoke(Unknown Source)
	at org.apache.maven.surefire.booter.SurefireStarter.invokeProvider(SurefireStarter.java:145)
	at org.apache.maven.surefire.booter.SurefireStarter.runSuitesInProcess(SurefireStarter.java:87)
	at org.apache.maven.surefire.booter.ForkedBooter.main(ForkedBooter.java:69)
Caused by: org.h2.jdbc.JdbcSQLException: Syntax error in SQL statement &quot;SELECT RES.* 
     
    FROM ACT_ID_GROUP RES
     
     WHERE RES.ID_ = ? 
   
     ORDER BY  ORDER[*] BY RES.ID_ ASC  
    LIMIT ? OFFSET ? &quot;; expected &quot;=, NOT, EXISTS, INTERSECTS, SELECT, FROM&quot;; SQL statement:
select RES.* 
     
    from ACT_ID_GROUP RES
     
     WHERE RES.ID_ = ? 
   
     order by  order by RES.ID_ asc  
    LIMIT ? OFFSET ? [42001-176]
	at org.h2.message.DbException.getJdbcSQLException(DbException.java:344)
	at org.h2.message.DbException.getSyntaxError(DbException.java:204)
	at org.h2.command.Parser.getSyntaxError(Parser.java:524)
	at org.h2.command.Parser.readTerm(Parser.java:2688)
	at org.h2.command.Parser.readFactor(Parser.java:2244)
	at org.h2.command.Parser.readSum(Parser.java:2231)
	at org.h2.command.Parser.readConcat(Parser.java:2201)
	at org.h2.command.Parser.readCondition(Parser.java:2051)
	at org.h2.command.Parser.readAnd(Parser.java:2023)
	at org.h2.command.Parser.readExpression(Parser.java:2015)
	at org.h2.command.Parser.parseEndOfQuery(Parser.java:1726)
	at org.h2.command.Parser.parseSelectUnionExtension(Parser.java:1706)
	at org.h2.command.Parser.parseSelectUnion(Parser.java:1675)
	at org.h2.command.Parser.parseSelect(Parser.java:1662)
	at org.h2.command.Parser.parsePrepared(Parser.java:434)
	at org.h2.command.Parser.parse(Parser.java:306)
	at org.h2.command.Parser.parse(Parser.java:282)
	at org.h2.command.Parser.prepareCommand(Parser.java:243)
	at org.h2.engine.Session.prepareLocal(Session.java:442)
	at org.h2.engine.Session.prepareCommand(Session.java:384)
	at org.h2.jdbc.JdbcConnection.prepareCommand(JdbcConnection.java:1188)
	at org.h2.jdbc.JdbcPreparedStatement.&lt;init&gt;(JdbcPreparedStatement.java:73)
	at org.h2.jdbc.JdbcConnection.prepareStatement(JdbcConnection.java:276)
	at sun.reflect.GeneratedMethodAccessor6.invoke(Unknown Source)
	at sun.reflect.DelegatingMethodAccessorImpl.invoke(DelegatingMethodAccessorImpl.java:43)
	at java.lang.reflect.Method.invoke(Method.java:498)
	at org.apache.ibatis.datasource.pooled.PooledConnection.invoke(PooledConnection.java:245)
	at com.sun.proxy.$Proxy12.prepareStatement(Unknown Source)
	at sun.reflect.GeneratedMethodAccessor6.invoke(Unknown Source)
	at sun.reflect.DelegatingMethodAccessorImpl.invoke(DelegatingMethodAccessorImpl.java:43)
	at java.lang.reflect.Method.invoke(Method.java:498)
	at org.apache.ibatis.logging.jdbc.ConnectionLogger.invoke(ConnectionLogger.java:55)
	at com.sun.proxy.$Proxy12.prepareStatement(Unknown Source)
	at org.apache.ibatis.executor.statement.PreparedStatementHandler.instantiateStatement(PreparedStatementHandler.java:79)
	at org.apache.ibatis.executor.statement.BaseStatementHandler.prepare(BaseStatementHandler.java:88)
	at org.apache.ibatis.executor.statement.RoutingStatementHandler.prepare(RoutingStatementHandler.java:58)
	at org.apache.ibatis.executor.SimpleExecutor.prepareStatement(SimpleExecutor.java:76)
	at org.apache.ibatis.executor.SimpleExecutor.doQuery(SimpleExecutor.java:61)
	at org.apache.ibatis.executor.BaseExecutor.queryFromDatabase(BaseExecutor.java:303)
	at org.apache.ibatis.executor.BaseExecutor.query(BaseExecutor.java:154)
	at org.apache.ibatis.executor.CachingExecutor.query(CachingExecutor.java:102)
	at org.apache.ibatis.executor.CachingExecutor.query(CachingExecutor.java:82)
	at org.apache.ibatis.session.defaults.DefaultSqlSession.selectList(DefaultSqlSession.java:120)
	... 42 more
10:44:56,423 [main] DEBUG org.activiti.engine.impl.test.PvmTestCase  - verifying that db is clean after test
10:44:56,423 [main] DEBUG org.activiti.engine.impl.interceptor.LogInterceptor  - 

10:44:56,423 [main] DEBUG org.activiti.engine.impl.interceptor.LogInterceptor  - --- starting GetTableCountCmd --------------------------------------------------------
10:44:56,423 [main] DEBUG org.apache.ibatis.transaction.jdbc.JdbcTransaction  - Opening JDBC Connection
10:44:56,423 [main] DEBUG org.apache.ibatis.datasource.pooled.PooledDataSource  - Checked out connection 363509958 from pool.
10:44:56,423 [main] DEBUG org.apache.ibatis.transaction.jdbc.JdbcTransaction  - Setting autocommit to false on JDBC Connection [conn2: url=jdbc:h2:mem:activiti user=SA]
10:44:56,423 [main] DEBUG org.activiti.engine.impl.persistence.entity.TableDataManager  - retrieving activiti tables from jdbc metadata
10:44:56,424 [main] DEBUG org.activiti.engine.impl.persistence.entity.TableDataManager  -   retrieved activiti table name ACT_EVT_LOG
10:44:56,424 [main] DEBUG org.activiti.engine.impl.persistence.entity.TableDataManager  -   retrieved activiti table name ACT_GE_BYTEARRAY
10:44:56,424 [main] DEBUG org.activiti.engine.impl.persistence.entity.TableDataManager  -   retrieved activiti table name ACT_GE_PROPERTY
10:44:56,424 [main] DEBUG org.activiti.engine.impl.persistence.entity.TableDataManager  -   retrieved activiti table name ACT_HI_ACTINST
10:44:56,424 [main] DEBUG org.activiti.engine.impl.persistence.entity.TableDataManager  -   retrieved activiti table name ACT_HI_ATTACHMENT
10:44:56,424 [main] DEBUG org.activiti.engine.impl.persistence.entity.TableDataManager  -   retrieved activiti table name ACT_HI_COMMENT
10:44:56,424 [main] DEBUG org.activiti.engine.impl.persistence.entity.TableDataManager  -   retrieved activiti table name ACT_HI_DETAIL
10:44:56,424 [main] DEBUG org.activiti.engine.impl.persistence.entity.TableDataManager  -   retrieved activiti table name ACT_HI_IDENTITYLINK
10:44:56,424 [main] DEBUG org.activiti.engine.impl.persistence.entity.TableDataManager  -   retrieved activiti table name ACT_HI_PROCINST
10:44:56,424 [main] DEBUG org.activiti.engine.impl.persistence.entity.TableDataManager  -   retrieved activiti table name ACT_HI_TASKINST
10:44:56,424 [main] DEBUG org.activiti.engine.impl.persistence.entity.TableDataManager  -   retrieved activiti table name ACT_HI_VARINST
10:44:56,424 [main] DEBUG org.activiti.engine.impl.persistence.entity.TableDataManager  -   retrieved activiti table name ACT_ID_GROUP
10:44:56,424 [main] DEBUG org.activiti.engine.impl.persistence.entity.TableDataManager  -   retrieved activiti table name ACT_ID_INFO
10:44:56,424 [main] DEBUG org.activiti.engine.impl.persistence.entity.TableDataManager  -   retrieved activiti table name ACT_ID_MEMBERSHIP
10:44:56,424 [main] DEBUG org.activiti.engine.impl.persistence.entity.TableDataManager  -   retrieved activiti table name ACT_ID_USER
10:44:56,424 [main] DEBUG org.activiti.engine.impl.persistence.entity.TableDataManager  -   retrieved activiti table name ACT_PROCDEF_INFO
10:44:56,424 [main] DEBUG org.activiti.engine.impl.persistence.entity.TableDataManager  -   retrieved activiti table name ACT_RE_DEPLOYMENT
10:44:56,424 [main] DEBUG org.activiti.engine.impl.persistence.entity.TableDataManager  -   retrieved activiti table name ACT_RE_MODEL
10:44:56,424 [main] DEBUG org.activiti.engine.impl.persistence.entity.TableDataManager  -   retrieved activiti table name ACT_RE_PROCDEF
10:44:56,424 [main] DEBUG org.activiti.engine.impl.persistence.entity.TableDataManager  -   retrieved activiti table name ACT_RU_EVENT_SUBSCR
10:44:56,424 [main] DEBUG org.activiti.engine.impl.persistence.entity.TableDataManager  -   retrieved activiti table name ACT_RU_EXECUTION
10:44:56,424 [main] DEBUG org.activiti.engine.impl.persistence.entity.TableDataManager  -   retrieved activiti table name ACT_RU_IDENTITYLINK
10:44:56,424 [main] DEBUG org.activiti.engine.impl.persistence.entity.TableDataManager  -   retrieved activiti table name ACT_RU_JOB
10:44:56,424 [main] DEBUG org.activiti.engine.impl.persistence.entity.TableDataManager  -   retrieved activiti table name ACT_RU_TASK
10:44:56,424 [main] DEBUG org.activiti.engine.impl.persistence.entity.TableDataManager  -   retrieved activiti table name ACT_RU_VARIABLE
10:44:56,424 [main] DEBUG org.activiti.engine.impl.persistence.entity.TableDataManager  - selecting table count for ACT_EVT_LOG
10:44:56,424 [main] DEBUG org.activiti.engine.impl.TablePageMap.selectTableCount  - ==&gt;  Preparing: select count(*) from ACT_EVT_LOG 
10:44:56,424 [main] DEBUG org.activiti.engine.impl.TablePageMap.selectTableCount  - ==&gt; Parameters: 
10:44:56,424 [main] DEBUG org.activiti.engine.impl.TablePageMap.selectTableCount  - &lt;==      Total: 1
10:44:56,424 [main] DEBUG org.activiti.engine.impl.persistence.entity.TableDataManager  - selecting table count for ACT_GE_BYTEARRAY
10:44:56,424 [main] DEBUG org.activiti.engine.impl.TablePageMap.selectTableCount  - ==&gt;  Preparing: select count(*) from ACT_GE_BYTEARRAY 
10:44:56,424 [main] DEBUG org.activiti.engine.impl.TablePageMap.selectTableCount  - ==&gt; Parameters: 
10:44:56,424 [main] DEBUG org.activiti.engine.impl.TablePageMap.selectTableCount  - &lt;==      Total: 1
10:44:56,424 [main] DEBUG org.activiti.engine.impl.persistence.entity.TableDataManager  - selecting table count for ACT_GE_PROPERTY
10:44:56,424 [main] DEBUG org.activiti.engine.impl.TablePageMap.selectTableCount  - ==&gt;  Preparing: select count(*) from ACT_GE_PROPERTY 
10:44:56,424 [main] DEBUG org.activiti.engine.impl.TablePageMap.selectTableCount  - ==&gt; Parameters: 
10:44:56,424 [main] DEBUG org.activiti.engine.impl.TablePageMap.selectTableCount  - &lt;==      Total: 1
10:44:56,424 [main] DEBUG org.activiti.engine.impl.persistence.entity.TableDataManager  - selecting table count for ACT_HI_ACTINST
10:44:56,424 [main] DEBUG org.activiti.engine.impl.TablePageMap.selectTableCount  - ==&gt;  Preparing: select count(*) from ACT_HI_ACTINST 
10:44:56,424 [main] DEBUG org.activiti.engine.impl.TablePageMap.selectTableCount  - ==&gt; Parameters: 
10:44:56,424 [main] DEBUG org.activiti.engine.impl.TablePageMap.selectTableCount  - &lt;==      Total: 1
10:44:56,424 [main] DEBUG org.activiti.engine.impl.persistence.entity.TableDataManager  - selecting table count for ACT_HI_ATTACHMENT
10:44:56,424 [main] DEBUG org.activiti.engine.impl.TablePageMap.selectTableCount  - ==&gt;  Preparing: select count(*) from ACT_HI_ATTACHMENT 
10:44:56,424 [main] DEBUG org.activiti.engine.impl.TablePageMap.selectTableCount  - ==&gt; Parameters: 
10:44:56,424 [main] DEBUG org.activiti.engine.impl.TablePageMap.selectTableCount  - &lt;==      Total: 1
10:44:56,424 [main] DEBUG org.activiti.engine.impl.persistence.entity.TableDataManager  - selecting table count for ACT_HI_COMMENT
10:44:56,424 [main] DEBUG org.activiti.engine.impl.TablePageMap.selectTableCount  - ==&gt;  Preparing: select count(*) from ACT_HI_COMMENT 
10:44:56,424 [main] DEBUG org.activiti.engine.impl.TablePageMap.selectTableCount  - ==&gt; Parameters: 
10:44:56,424 [main] DEBUG org.activiti.engine.impl.TablePageMap.selectTableCount  - &lt;==      Total: 1
10:44:56,424 [main] DEBUG org.activiti.engine.impl.persistence.entity.TableDataManager  - selecting table count for ACT_HI_DETAIL
10:44:56,424 [main] DEBUG org.activiti.engine.impl.TablePageMap.selectTableCount  - ==&gt;  Preparing: select count(*) from ACT_HI_DETAIL 
10:44:56,424 [main] DEBUG org.activiti.engine.impl.TablePageMap.selectTableCount  - ==&gt; Parameters: 
10:44:56,424 [main] DEBUG org.activiti.engine.impl.TablePageMap.selectTableCount  - &lt;==      Total: 1
10:44:56,424 [main] DEBUG org.activiti.engine.impl.persistence.entity.TableDataManager  - selecting table count for ACT_HI_IDENTITYLINK
10:44:56,424 [main] DEBUG org.activiti.engine.impl.TablePageMap.selectTableCount  - ==&gt;  Preparing: select count(*) from ACT_HI_IDENTITYLINK 
10:44:56,424 [main] DEBUG org.activiti.engine.impl.TablePageMap.selectTableCount  - ==&gt; Parameters: 
10:44:56,424 [main] DEBUG org.activiti.engine.impl.TablePageMap.selectTableCount  - &lt;==      Total: 1
10:44:56,424 [main] DEBUG org.activiti.engine.impl.persistence.entity.TableDataManager  - selecting table count for ACT_HI_PROCINST
10:44:56,424 [main] DEBUG org.activiti.engine.impl.TablePageMap.selectTableCount  - ==&gt;  Preparing: select count(*) from ACT_HI_PROCINST 
10:44:56,424 [main] DEBUG org.activiti.engine.impl.TablePageMap.selectTableCount  - ==&gt; Parameters: 
10:44:56,424 [main] DEBUG org.activiti.engine.impl.TablePageMap.selectTableCount  - &lt;==      Total: 1
10:44:56,424 [main] DEBUG org.activiti.engine.impl.persistence.entity.TableDataManager  - selecting table count for ACT_HI_TASKINST
10:44:56,424 [main] DEBUG org.activiti.engine.impl.TablePageMap.selectTableCount  - ==&gt;  Preparing: select count(*) from ACT_HI_TASKINST 
10:44:56,424 [main] DEBUG org.activiti.engine.impl.TablePageMap.selectTableCount  - ==&gt; Parameters: 
10:44:56,424 [main] DEBUG org.activiti.engine.impl.TablePageMap.selectTableCount  - &lt;==      Total: 1
10:44:56,424 [main] DEBUG org.activiti.engine.impl.persistence.entity.TableDataManager  - selecting table count for ACT_HI_VARINST
10:44:56,424 [main] DEBUG org.activiti.engine.impl.TablePageMap.selectTableCount  - ==&gt;  Preparing: select count(*) from ACT_HI_VARINST 
10:44:56,424 [main] DEBUG org.activiti.engine.impl.TablePageMap.selectTableCount  - ==&gt; Parameters: 
10:44:56,424 [main] DEBUG org.activiti.engine.impl.TablePageMap.selectTableCount  - &lt;==      Total: 1
10:44:56,424 [main] DEBUG org.activiti.engine.impl.persistence.entity.TableDataManager  - selecting table count for ACT_ID_GROUP
10:44:56,424 [main] DEBUG org.activiti.engine.impl.TablePageMap.selectTableCount  - ==&gt;  Preparing: select count(*) from ACT_ID_GROUP 
10:44:56,424 [main] DEBUG org.activiti.engine.impl.TablePageMap.selectTableCount  - ==&gt; Parameters: 
10:44:56,424 [main] DEBUG org.activiti.engine.impl.TablePageMap.selectTableCount  - &lt;==      Total: 1
10:44:56,424 [main] DEBUG org.activiti.engine.impl.persistence.entity.TableDataManager  - selecting table count for ACT_ID_INFO
10:44:56,424 [main] DEBUG org.activiti.engine.impl.TablePageMap.selectTableCount  - ==&gt;  Preparing: select count(*) from ACT_ID_INFO 
10:44:56,424 [main] DEBUG org.activiti.engine.impl.TablePageMap.selectTableCount  - ==&gt; Parameters: 
10:44:56,424 [main] DEBUG org.activiti.engine.impl.TablePageMap.selectTableCount  - &lt;==      Total: 1
10:44:56,424 [main] DEBUG org.activiti.engine.impl.persistence.entity.TableDataManager  - selecting table count for ACT_ID_MEMBERSHIP
10:44:56,424 [main] DEBUG org.activiti.engine.impl.TablePageMap.selectTableCount  - ==&gt;  Preparing: select count(*) from ACT_ID_MEMBERSHIP 
10:44:56,424 [main] DEBUG org.activiti.engine.impl.TablePageMap.selectTableCount  - ==&gt; Parameters: 
10:44:56,424 [main] DEBUG org.activiti.engine.impl.TablePageMap.selectTableCount  - &lt;==      Total: 1
10:44:56,424 [main] DEBUG org.activiti.engine.impl.persistence.entity.TableDataManager  - selecting table count for ACT_ID_USER
10:44:56,424 [main] DEBUG org.activiti.engine.impl.TablePageMap.selectTableCount  - ==&gt;  Preparing: select count(*) from ACT_ID_USER 
10:44:56,424 [main] DEBUG org.activiti.engine.impl.TablePageMap.selectTableCount  - ==&gt; Parameters: 
10:44:56,424 [main] DEBUG org.activiti.engine.impl.TablePageMap.selectTableCount  - &lt;==      Total: 1
10:44:56,424 [main] DEBUG org.activiti.engine.impl.persistence.entity.TableDataManager  - selecting table count for ACT_PROCDEF_INFO
10:44:56,424 [main] DEBUG org.activiti.engine.impl.TablePageMap.selectTableCount  - ==&gt;  Preparing: select count(*) from ACT_PROCDEF_INFO 
10:44:56,424 [main] DEBUG org.activiti.engine.impl.TablePageMap.selectTableCount  - ==&gt; Parameters: 
10:44:56,424 [main] DEBUG org.activiti.engine.impl.TablePageMap.selectTableCount  - &lt;==      Total: 1
10:44:56,424 [main] DEBUG org.activiti.engine.impl.persistence.entity.TableDataManager  - selecting table count for ACT_RE_DEPLOYMENT
10:44:56,424 [main] DEBUG org.activiti.engine.impl.TablePageMap.selectTableCount  - ==&gt;  Preparing: select count(*) from ACT_RE_DEPLOYMENT 
10:44:56,424 [main] DEBUG org.activiti.engine.impl.TablePageMap.selectTableCount  - ==&gt; Parameters: 
10:44:56,424 [main] DEBUG org.activiti.engine.impl.TablePageMap.selectTableCount  - &lt;==      Total: 1
10:44:56,424 [main] DEBUG org.activiti.engine.impl.persistence.entity.TableDataManager  - selecting table count for ACT_RE_MODEL
10:44:56,424 [main] DEBUG org.activiti.engine.impl.TablePageMap.selectTableCount  - ==&gt;  Preparing: select count(*) from ACT_RE_MODEL 
10:44:56,424 [main] DEBUG org.activiti.engine.impl.TablePageMap.selectTableCount  - ==&gt; Parameters: 
10:44:56,424 [main] DEBUG org.activiti.engine.impl.TablePageMap.selectTableCount  - &lt;==      Total: 1
10:44:56,424 [main] DEBUG org.activiti.engine.impl.persistence.entity.TableDataManager  - selecting table count for ACT_RE_PROCDEF
10:44:56,424 [main] DEBUG org.activiti.engine.impl.TablePageMap.selectTableCount  - ==&gt;  Preparing: select count(*) from ACT_RE_PROCDEF 
10:44:56,424 [main] DEBUG org.activiti.engine.impl.TablePageMap.selectTableCount  - ==&gt; Parameters: 
10:44:56,424 [main] DEBUG org.activiti.engine.impl.TablePageMap.selectTableCount  - &lt;==      Total: 1
10:44:56,424 [main] DEBUG org.activiti.engine.impl.persistence.entity.TableDataManager  - selecting table count for ACT_RU_EVENT_SUBSCR
10:44:56,424 [main] DEBUG org.activiti.engine.impl.TablePageMap.selectTableCount  - ==&gt;  Preparing: select count(*) from ACT_RU_EVENT_SUBSCR 
10:44:56,424 [main] DEBUG org.activiti.engine.impl.TablePageMap.selectTableCount  - ==&gt; Parameters: 
10:44:56,425 [main] DEBUG org.activiti.engine.impl.TablePageMap.selectTableCount  - &lt;==      Total: 1
10:44:56,425 [main] DEBUG org.activiti.engine.impl.persistence.entity.TableDataManager  - selecting table count for ACT_RU_EXECUTION
10:44:56,425 [main] DEBUG org.activiti.engine.impl.TablePageMap.selectTableCount  - ==&gt;  Preparing: select count(*) from ACT_RU_EXECUTION 
10:44:56,425 [main] DEBUG org.activiti.engine.impl.TablePageMap.selectTableCount  - ==&gt; Parameters: 
10:44:56,425 [main] DEBUG org.activiti.engine.impl.TablePageMap.selectTableCount  - &lt;==      Total: 1
10:44:56,425 [main] DEBUG org.activiti.engine.impl.persistence.entity.TableDataManager  - selecting table count for ACT_RU_IDENTITYLINK
10:44:56,425 [main] DEBUG org.activiti.engine.impl.TablePageMap.selectTableCount  - ==&gt;  Preparing: select count(*) from ACT_RU_IDENTITYLINK 
10:44:56,425 [main] DEBUG org.activiti.engine.impl.TablePageMap.selectTableCount  - ==&gt; Parameters: 
10:44:56,425 [main] DEBUG org.activiti.engine.impl.TablePageMap.selectTableCount  - &lt;==      Total: 1
10:44:56,425 [main] DEBUG org.activiti.engine.impl.persistence.entity.TableDataManager  - selecting table count for ACT_RU_JOB
10:44:56,425 [main] DEBUG org.activiti.engine.impl.TablePageMap.selectTableCount  - ==&gt;  Preparing: select count(*) from ACT_RU_JOB 
10:44:56,425 [main] DEBUG org.activiti.engine.impl.TablePageMap.selectTableCount  - ==&gt; Parameters: 
10:44:56,425 [main] DEBUG org.activiti.engine.impl.TablePageMap.selectTableCount  - &lt;==      Total: 1
10:44:56,425 [main] DEBUG org.activiti.engine.impl.persistence.entity.TableDataManager  - selecting table count for ACT_RU_TASK
10:44:56,425 [main] DEBUG org.activiti.engine.impl.TablePageMap.selectTableCount  - ==&gt;  Preparing: select count(*) from ACT_RU_TASK 
10:44:56,425 [main] DEBUG org.activiti.engine.impl.TablePageMap.selectTableCount  - ==&gt; Parameters: 
10:44:56,425 [main] DEBUG org.activiti.engine.impl.TablePageMap.selectTableCount  - &lt;==      Total: 1
10:44:56,425 [main] DEBUG org.activiti.engine.impl.persistence.entity.TableDataManager  - selecting table count for ACT_RU_VARIABLE
10:44:56,425 [main] DEBUG org.activiti.engine.impl.TablePageMap.selectTableCount  - ==&gt;  Preparing: select count(*) from ACT_RU_VARIABLE 
10:44:56,425 [main] DEBUG org.activiti.engine.impl.TablePageMap.selectTableCount  - ==&gt; Parameters: 
10:44:56,425 [main] DEBUG org.activiti.engine.impl.TablePageMap.selectTableCount  - &lt;==      Total: 1
10:44:56,425 [main] DEBUG org.activiti.engine.impl.persistence.entity.TableDataManager  - Number of rows per activiti table: {ACT_RU_EVENT_SUBSCR=0, ACT_ID_USER=0, ACT_HI_ATTACHMENT=0, ACT_GE_BYTEARRAY=18, ACT_RE_MODEL=0, ACT_RU_VARIABLE=0, ACT_RU_TASK=8, ACT_RE_DEPLOYMENT=14, ACT_RE_PROCDEF=17, ACT_ID_GROUP=0, ACT_HI_VARINST=0, ACT_HI_COMMENT=0, ACT_HI_PROCINST=9, ACT_ID_INFO=0, ACT_ID_MEMBERSHIP=0, ACT_RU_JOB=0, ACT_PROCDEF_INFO=0, ACT_HI_ACTINST=19, ACT_RU_EXECUTION=10, ACT_HI_TASKINST=8, ACT_HI_DETAIL=0, ACT_EVT_LOG=0, ACT_HI_IDENTITYLINK=0, ACT_RU_IDENTITYLINK=0, ACT_GE_PROPERTY=3}
10:44:56,425 [main] DEBUG org.activiti.engine.impl.db.DbSqlSession  - flush summary: 0 insert, 0 update, 0 delete.
10:44:56,425 [main] DEBUG org.activiti.engine.impl.db.DbSqlSession  - now executing flush...
10:44:56,425 [main] DEBUG org.activiti.engine.impl.cfg.standalone.StandaloneMybatisTransactionContext  - firing event committing...
10:44:56,425 [main] DEBUG org.activiti.engine.impl.cfg.standalone.StandaloneMybatisTransactionContext  - committing the ibatis sql session...
10:44:56,425 [main] DEBUG org.activiti.engine.impl.cfg.standalone.StandaloneMybatisTransactionContext  - firing event committed...
10:44:56,425 [main] DEBUG org.apache.ibatis.transaction.jdbc.JdbcTransaction  - Resetting autocommit to true on JDBC Connection [conn2: url=jdbc:h2:mem:activiti user=SA]
10:44:56,425 [main] DEBUG org.apache.ibatis.transaction.jdbc.JdbcTransaction  - Closing JDBC Connection [conn2: url=jdbc:h2:mem:activiti user=SA]
10:44:56,425 [main] DEBUG org.apache.ibatis.datasource.pooled.PooledDataSource  - Returned connection 363509958 to pool.
10:44:56,425 [main] DEBUG org.activiti.engine.impl.interceptor.LogInterceptor  - --- GetTableCountCmd finished --------------------------------------------------------
10:44:56,425 [main] DEBUG org.activiti.engine.impl.interceptor.LogInterceptor  - 

10:44:56,425 [main] ERROR org.activiti.engine.impl.test.PvmTestCase  - 

10:44:56,425 [main] ERROR org.activiti.engine.impl.test.PvmTestCase  - DB NOT CLEAN: 
  ACT_GE_BYTEARRAY: 18 record(s)   ACT_RU_TASK: 8 record(s)   ACT_RE_DEPLOYMENT: 14 record(s)   ACT_RE_PROCDEF: 17 record(s)   ACT_HI_PROCINST: 9 record(s)   ACT_HI_ACTINST: 19 record(s)   ACT_RU_EXECUTION: 10 record(s)   ACT_HI_TASKINST: 8 record(s) 
10:44:56,425 [main] INFO  org.activiti.engine.impl.test.PvmTestCase  - dropping and recreating db
10:44:56,425 [main] DEBUG org.activiti.engine.impl.interceptor.LogInterceptor  - 

10:44:56,425 [main] DEBUG org.activiti.engine.impl.interceptor.LogInterceptor  - --- starting  --------------------------------------------------------
10:44:56,425 [main] INFO  org.activiti.engine.impl.db.DbSqlSession  - performing drop on engine with resource org/activiti/db/drop/activiti.h2.drop.engine.sql
10:44:56,425 [main] DEBUG org.apache.ibatis.transaction.jdbc.JdbcTransaction  - Opening JDBC Connection
10:44:56,425 [main] DEBUG org.apache.ibatis.datasource.pooled.PooledDataSource  - Checked out connection 180014677 from pool.
10:44:56,425 [main] DEBUG org.apache.ibatis.transaction.jdbc.JdbcTransaction  - Setting autocommit to false on JDBC Connection [conn3: url=jdbc:h2:mem:activiti user=SA]
10:44:56,425 [main] DEBUG org.activiti.engine.impl.db.DbSqlSession  - SQL: drop table if exists ACT_GE_PROPERTY cascade constraints
10:44:56,425 [main] DEBUG org.activiti.engine.impl.db.DbSqlSession  - SQL: drop table if exists ACT_GE_BYTEARRAY cascade constraints
10:44:56,426 [main] DEBUG org.activiti.engine.impl.db.DbSqlSession  - SQL: drop table if exists ACT_RE_DEPLOYMENT cascade constraints
10:44:56,426 [main] DEBUG org.activiti.engine.impl.db.DbSqlSession  - SQL: drop table if exists ACT_RE_MODEL cascade constraints
10:44:56,426 [main] DEBUG org.activiti.engine.impl.db.DbSqlSession  - SQL: drop table if exists ACT_RU_EXECUTION cascade constraints
10:44:56,426 [main] DEBUG org.activiti.engine.impl.db.DbSqlSession  - SQL: drop table if exists ACT_RU_JOB cascade constraints
10:44:56,426 [main] DEBUG org.activiti.engine.impl.db.DbSqlSession  - SQL: drop table if exists ACT_RE_PROCDEF cascade constraints
10:44:56,426 [main] DEBUG org.activiti.engine.impl.db.DbSqlSession  - SQL: drop table if exists ACT_RU_TASK cascade constraints
10:44:56,426 [main] DEBUG org.activiti.engine.impl.db.DbSqlSession  - SQL: drop table if exists ACT_RU_IDENTITYLINK cascade constraints
10:44:56,426 [main] DEBUG org.activiti.engine.impl.db.DbSqlSession  - SQL: drop table if exists ACT_RU_VARIABLE cascade constraints
10:44:56,426 [main] DEBUG org.activiti.engine.impl.db.DbSqlSession  - SQL: drop table if exists ACT_RU_EVENT_SUBSCR cascade constraints
10:44:56,426 [main] DEBUG org.activiti.engine.impl.db.DbSqlSession  - SQL: drop table if exists ACT_EVT_LOG cascade constraints
10:44:56,426 [main] DEBUG org.activiti.engine.impl.db.DbSqlSession  - SQL: drop table if exists ACT_PROCDEF_INFO cascade constraints
10:44:56,426 [main] DEBUG org.activiti.engine.impl.db.DbSqlSession  - SQL: drop index if exists ACT_IDX_EXEC_BUSKEY
10:44:56,426 [main] DEBUG org.activiti.engine.impl.db.DbSqlSession  - SQL: drop index if exists ACT_IDX_TASK_CREATE
10:44:56,426 [main] DEBUG org.activiti.engine.impl.db.DbSqlSession  - SQL: drop index if exists ACT_IDX_IDENT_LNK_USER
10:44:56,426 [main] DEBUG org.activiti.engine.impl.db.DbSqlSession  - SQL: drop index if exists ACT_IDX_IDENT_LNK_GROUP
10:44:56,426 [main] DEBUG org.activiti.engine.impl.db.DbSqlSession  - SQL: drop index if exists ACT_IDX_VARIABLE_TASK_ID
10:44:56,426 [main] DEBUG org.activiti.engine.impl.db.DbSqlSession  - SQL: drop index if exists ACT_IDX_EVENT_SUBSCR_CONFIG_
10:44:56,426 [main] DEBUG org.activiti.engine.impl.db.DbSqlSession  - SQL: drop index if exists ACT_IDX_ATHRZ_PROCEDEF
10:44:56,426 [main] DEBUG org.activiti.engine.impl.db.DbSqlSession  - SQL: drop index if exists ACT_IDX_INFO_PROCDEF
10:44:56,426 [main] DEBUG org.activiti.engine.impl.db.DbSqlSession  - activiti db schema drop for component engine successful
10:44:56,426 [main] INFO  org.activiti.engine.impl.db.DbSqlSession  - performing drop on history with resource org/activiti/db/drop/activiti.h2.drop.history.sql
10:44:56,427 [main] DEBUG org.activiti.engine.impl.db.DbSqlSession  - SQL: drop table if exists ACT_HI_PROCINST cascade constraints
10:44:56,427 [main] DEBUG org.activiti.engine.impl.db.DbSqlSession  - SQL: drop table if exists ACT_HI_ACTINST cascade constraints
10:44:56,427 [main] DEBUG org.activiti.engine.impl.db.DbSqlSession  - SQL: drop table if exists ACT_HI_VARINST cascade constraints
10:44:56,427 [main] DEBUG org.activiti.engine.impl.db.DbSqlSession  - SQL: drop table if exists ACT_HI_TASKINST cascade constraints
10:44:56,427 [main] DEBUG org.activiti.engine.impl.db.DbSqlSession  - SQL: drop table if exists ACT_HI_DETAIL cascade constraints
10:44:56,427 [main] DEBUG org.activiti.engine.impl.db.DbSqlSession  - SQL: drop table if exists ACT_HI_COMMENT cascade constraints
10:44:56,427 [main] DEBUG org.activiti.engine.impl.db.DbSqlSession  - SQL: drop table if exists ACT_HI_ATTACHMENT cascade constraints
10:44:56,427 [main] DEBUG org.activiti.engine.impl.db.DbSqlSession  - SQL: drop table if exists ACT_HI_IDENTITYLINK cascade constraints
10:44:56,427 [main] DEBUG org.activiti.engine.impl.db.DbSqlSession  - SQL: drop index if exists ACT_IDX_HI_PRO_INST_END
10:44:56,427 [main] DEBUG org.activiti.engine.impl.db.DbSqlSession  - SQL: drop index if exists ACT_IDX_HI_PRO_I_BUSKEY
10:44:56,427 [main] DEBUG org.activiti.engine.impl.db.DbSqlSession  - SQL: drop index if exists ACT_IDX_HI_ACT_INST_START
10:44:56,427 [main] DEBUG org.activiti.engine.impl.db.DbSqlSession  - SQL: drop index if exists ACT_IDX_HI_ACT_INST_END
10:44:56,427 [main] DEBUG org.activiti.engine.impl.db.DbSqlSession  - SQL: drop index if exists ACT_IDX_HI_DETAIL_PROC_INST
10:44:56,427 [main] DEBUG org.activiti.engine.impl.db.DbSqlSession  - SQL: drop index if exists ACT_IDX_HI_DETAIL_ACT_INST
10:44:56,427 [main] DEBUG org.activiti.engine.impl.db.DbSqlSession  - SQL: drop index if exists ACT_IDX_HI_DETAIL_TIME
10:44:56,427 [main] DEBUG org.activiti.engine.impl.db.DbSqlSession  - SQL: drop index if exists ACT_IDX_HI_DETAIL_NAME
10:44:56,427 [main] DEBUG org.activiti.engine.impl.db.DbSqlSession  - SQL: drop index if exists ACT_IDX_HI_DETAIL_TASK_ID
10:44:56,427 [main] DEBUG org.activiti.engine.impl.db.DbSqlSession  - SQL: drop index if exists ACT_IDX_HI_PROCVAR_PROC_INST
10:44:56,427 [main] DEBUG org.activiti.engine.impl.db.DbSqlSession  - SQL: drop index if exists ACT_IDX_HI_PROCVAR_NAME_TYPE
10:44:56,427 [main] DEBUG org.activiti.engine.impl.db.DbSqlSession  - SQL: drop index if exists ACT_IDX_HI_ACT_INST_PROCINST
10:44:56,427 [main] DEBUG org.activiti.engine.impl.db.DbSqlSession  - SQL: drop index if exists ACT_IDX_HI_IDENT_LNK_USER
10:44:56,427 [main] DEBUG org.activiti.engine.impl.db.DbSqlSession  - SQL: drop index if exists ACT_IDX_HI_IDENT_LNK_TASK
10:44:56,427 [main] DEBUG org.activiti.engine.impl.db.DbSqlSession  - SQL: drop index if exists ACT_IDX_HI_IDENT_LNK_PROCINST
10:44:56,427 [main] DEBUG org.activiti.engine.impl.db.DbSqlSession  - SQL: drop index if exists ACT_IDX_HI_TASK_INST_PROCINST
10:44:56,427 [main] DEBUG org.activiti.engine.impl.db.DbSqlSession  - activiti db schema drop for component history successful
10:44:56,427 [main] INFO  org.activiti.engine.impl.db.DbSqlSession  - performing drop on identity with resource org/activiti/db/drop/activiti.h2.drop.identity.sql
10:44:56,427 [main] DEBUG org.activiti.engine.impl.db.DbSqlSession  - SQL: drop table if exists ACT_ID_INFO cascade constraints
10:44:56,427 [main] DEBUG org.activiti.engine.impl.db.DbSqlSession  - SQL: drop table if exists ACT_ID_GROUP cascade constraints
10:44:56,427 [main] DEBUG org.activiti.engine.impl.db.DbSqlSession  - SQL: drop table if exists ACT_ID_MEMBERSHIP cascade constraints
10:44:56,427 [main] DEBUG org.activiti.engine.impl.db.DbSqlSession  - SQL: drop table if exists ACT_ID_USER cascade constraints
10:44:56,427 [main] DEBUG org.activiti.engine.impl.db.DbSqlSession  - activiti db schema drop for component identity successful
10:44:56,428 [main] INFO  org.activiti.engine.impl.db.DbSqlSession  - performing create on engine with resource org/activiti/db/create/activiti.h2.create.engine.sql
10:44:56,428 [main] DEBUG org.activiti.engine.impl.db.DbSqlSession  - SQL: create table ACT_GE_PROPERTY ( 
NAME_ varchar(64), 
VALUE_ varchar(300), 
REV_ integer, 
primary key (NAME_) 
)
10:44:56,428 [main] DEBUG org.activiti.engine.impl.db.DbSqlSession  - SQL: insert into ACT_GE_PROPERTY 
values (&apos;schema.version&apos;, &apos;5.20.0.0&apos;, 1)
10:44:56,428 [main] DEBUG org.activiti.engine.impl.db.DbSqlSession  - SQL: insert into ACT_GE_PROPERTY 
values (&apos;schema.history&apos;, &apos;create(5.20.0.0)&apos;, 1)
10:44:56,428 [main] DEBUG org.activiti.engine.impl.db.DbSqlSession  - SQL: insert into ACT_GE_PROPERTY 
values (&apos;next.dbid&apos;, &apos;1&apos;, 1)
10:44:56,428 [main] DEBUG org.activiti.engine.impl.db.DbSqlSession  - SQL: create table ACT_GE_BYTEARRAY ( 
ID_ varchar(64), 
REV_ integer, 
NAME_ varchar(255), 
DEPLOYMENT_ID_ varchar(64), 
BYTES_ longvarbinary, 
GENERATED_ bit, 
primary key (ID_) 
)
10:44:56,428 [main] DEBUG org.activiti.engine.impl.db.DbSqlSession  - SQL: create table ACT_RE_DEPLOYMENT ( 
ID_ varchar(64), 
NAME_ varchar(255), 
CATEGORY_ varchar(255), 
TENANT_ID_ varchar(255) default &apos;&apos;, 
DEPLOY_TIME_ timestamp, 
primary key (ID_) 
)
10:44:56,428 [main] DEBUG org.activiti.engine.impl.db.DbSqlSession  - SQL: create table ACT_RE_MODEL ( 
ID_ varchar(64) not null, 
REV_ integer, 
NAME_ varchar(255), 
KEY_ varchar(255), 
CATEGORY_ varchar(255), 
CREATE_TIME_ timestamp, 
LAST_UPDATE_TIME_ timestamp, 
VERSION_ integer, 
META_INFO_ varchar(4000), 
DEPLOYMENT_ID_ varchar(64), 
EDITOR_SOURCE_VALUE_ID_ varchar(64), 
EDITOR_SOURCE_EXTRA_VALUE_ID_ varchar(64), 
TENANT_ID_ varchar(255) default &apos;&apos;, 
primary key (ID_) 
)
10:44:56,428 [main] DEBUG org.activiti.engine.impl.db.DbSqlSession  - SQL: create table ACT_RU_EXECUTION ( 
ID_ varchar(64), 
REV_ integer, 
PROC_INST_ID_ varchar(64), 
BUSINESS_KEY_ varchar(255), 
PARENT_ID_ varchar(64), 
PROC_DEF_ID_ varchar(64), 
SUPER_EXEC_ varchar(64), 
ACT_ID_ varchar(255), 
IS_ACTIVE_ bit, 
IS_CONCURRENT_ bit, 
IS_SCOPE_ bit, 
IS_EVENT_SCOPE_ bit, 
SUSPENSION_STATE_ integer, 
CACHED_ENT_STATE_ integer, 
TENANT_ID_ varchar(255) default &apos;&apos;, 
NAME_ varchar(255), 
LOCK_TIME_ timestamp, 
primary key (ID_) 
)
10:44:56,428 [main] DEBUG org.activiti.engine.impl.db.DbSqlSession  - SQL: create table ACT_RU_JOB ( 
ID_ varchar(64) NOT NULL, 
REV_ integer, 
TYPE_ varchar(255) NOT NULL, 
LOCK_EXP_TIME_ timestamp, 
LOCK_OWNER_ varchar(255), 
EXCLUSIVE_ boolean, 
EXECUTION_ID_ varchar(64), 
PROCESS_INSTANCE_ID_ varchar(64), 
PROC_DEF_ID_ varchar(64), 
RETRIES_ integer, 
EXCEPTION_STACK_ID_ varchar(64), 
EXCEPTION_MSG_ varchar(4000), 
DUEDATE_ timestamp, 
REPEAT_ varchar(255), 
HANDLER_TYPE_ varchar(255), 
HANDLER_CFG_ varchar(4000), 
TENANT_ID_ varchar(255) default &apos;&apos;, 
primary key (ID_) 
)
10:44:56,428 [main] DEBUG org.activiti.engine.impl.db.DbSqlSession  - SQL: create table ACT_RE_PROCDEF ( 
ID_ varchar(64) NOT NULL, 
REV_ integer, 
CATEGORY_ varchar(255), 
NAME_ varchar(255), 
KEY_ varchar(255) NOT NULL, 
VERSION_ integer NOT NULL, 
DEPLOYMENT_ID_ varchar(64), 
RESOURCE_NAME_ varchar(4000), 
DGRM_RESOURCE_NAME_ varchar(4000), 
DESCRIPTION_ varchar(4000), 
HAS_START_FORM_KEY_ bit, 
HAS_GRAPHICAL_NOTATION_ bit, 
SUSPENSION_STATE_ integer, 
TENANT_ID_ varchar(255) default &apos;&apos;, 
primary key (ID_) 
)
10:44:56,428 [main] DEBUG org.activiti.engine.impl.db.DbSqlSession  - SQL: create table ACT_RU_TASK ( 
ID_ varchar(64), 
REV_ integer, 
EXECUTION_ID_ varchar(64), 
PROC_INST_ID_ varchar(64), 
PROC_DEF_ID_ varchar(64), 
NAME_ varchar(255), 
PARENT_TASK_ID_ varchar(64), 
DESCRIPTION_ varchar(4000), 
TASK_DEF_KEY_ varchar(255), 
OWNER_ varchar(255), 
ASSIGNEE_ varchar(255), 
DELEGATION_ varchar(64), 
PRIORITY_ integer, 
CREATE_TIME_ timestamp, 
DUE_DATE_ timestamp, 
CATEGORY_ varchar(255), 
SUSPENSION_STATE_ integer, 
TENANT_ID_ varchar(255) default &apos;&apos;, 
FORM_KEY_ varchar(255), 
primary key (ID_) 
)
10:44:56,428 [main] DEBUG org.activiti.engine.impl.db.DbSqlSession  - SQL: create table ACT_RU_IDENTITYLINK ( 
ID_ varchar(64), 
REV_ integer, 
GROUP_ID_ varchar(255), 
TYPE_ varchar(255), 
USER_ID_ varchar(255), 
TASK_ID_ varchar(64), 
PROC_INST_ID_ varchar(64) null, 
PROC_DEF_ID_ varchar(64), 
primary key (ID_) 
)
10:44:56,428 [main] DEBUG org.activiti.engine.impl.db.DbSqlSession  - SQL: create table ACT_RU_VARIABLE ( 
ID_ varchar(64) not null, 
REV_ integer, 
TYPE_ varchar(255) not null, 
NAME_ varchar(255) not null, 
EXECUTION_ID_ varchar(64), 
PROC_INST_ID_ varchar(64), 
TASK_ID_ varchar(64), 
BYTEARRAY_ID_ varchar(64), 
DOUBLE_ double, 
LONG_ bigint, 
TEXT_ varchar(4000), 
TEXT2_ varchar(4000), 
primary key (ID_) 
)
10:44:56,428 [main] DEBUG org.activiti.engine.impl.db.DbSqlSession  - SQL: create table ACT_RU_EVENT_SUBSCR ( 
ID_ varchar(64) not null, 
REV_ integer, 
EVENT_TYPE_ varchar(255) not null, 
EVENT_NAME_ varchar(255), 
EXECUTION_ID_ varchar(64), 
PROC_INST_ID_ varchar(64), 
ACTIVITY_ID_ varchar(64), 
CONFIGURATION_ varchar(255), 
CREATED_ timestamp not null, 
PROC_DEF_ID_ varchar(64), 
TENANT_ID_ varchar(255) default &apos;&apos;, 
primary key (ID_) 
)
10:44:56,428 [main] DEBUG org.activiti.engine.impl.db.DbSqlSession  - SQL: create table ACT_EVT_LOG ( 
LOG_NR_ identity, 
TYPE_ varchar(64), 
PROC_DEF_ID_ varchar(64), 
PROC_INST_ID_ varchar(64), 
EXECUTION_ID_ varchar(64), 
TASK_ID_ varchar(64), 
TIME_STAMP_ timestamp not null, 
USER_ID_ varchar(255), 
DATA_ longvarbinary, 
LOCK_OWNER_ varchar(255), 
LOCK_TIME_ timestamp, 
IS_PROCESSED_ bit default 0 
)
10:44:56,428 [main] DEBUG org.activiti.engine.impl.db.DbSqlSession  - SQL: create table ACT_PROCDEF_INFO ( 
ID_ varchar(64) not null, 
PROC_DEF_ID_ varchar(64) not null, 
REV_ integer, 
INFO_JSON_ID_ varchar(64), 
primary key (ID_) 
)
10:44:56,428 [main] DEBUG org.activiti.engine.impl.db.DbSqlSession  - SQL: create index ACT_IDX_EXEC_BUSKEY on ACT_RU_EXECUTION(BUSINESS_KEY_)
10:44:56,428 [main] DEBUG org.activiti.engine.impl.db.DbSqlSession  - SQL: create index ACT_IDX_TASK_CREATE on ACT_RU_TASK(CREATE_TIME_)
10:44:56,428 [main] DEBUG org.activiti.engine.impl.db.DbSqlSession  - SQL: create index ACT_IDX_IDENT_LNK_USER on ACT_RU_IDENTITYLINK(USER_ID_)
10:44:56,428 [main] DEBUG org.activiti.engine.impl.db.DbSqlSession  - SQL: create index ACT_IDX_IDENT_LNK_GROUP on ACT_RU_IDENTITYLINK(GROUP_ID_)
10:44:56,428 [main] DEBUG org.activiti.engine.impl.db.DbSqlSession  - SQL: create index ACT_IDX_EVENT_SUBSCR_CONFIG_ on ACT_RU_EVENT_SUBSCR(CONFIGURATION_)
10:44:56,428 [main] DEBUG org.activiti.engine.impl.db.DbSqlSession  - SQL: create index ACT_IDX_VARIABLE_TASK_ID on ACT_RU_VARIABLE(TASK_ID_)
10:44:56,428 [main] DEBUG org.activiti.engine.impl.db.DbSqlSession  - SQL: create index ACT_IDX_ATHRZ_PROCEDEF on ACT_RU_IDENTITYLINK(PROC_DEF_ID_)
10:44:56,428 [main] DEBUG org.activiti.engine.impl.db.DbSqlSession  - SQL: create index ACT_IDX_INFO_PROCDEF on ACT_PROCDEF_INFO(PROC_DEF_ID_)
10:44:56,428 [main] DEBUG org.activiti.engine.impl.db.DbSqlSession  - SQL: alter table ACT_GE_BYTEARRAY 
add constraint ACT_FK_BYTEARR_DEPL 
foreign key (DEPLOYMENT_ID_) 
references ACT_RE_DEPLOYMENT
10:44:56,429 [main] DEBUG org.activiti.engine.impl.db.DbSqlSession  - SQL: alter table ACT_RE_PROCDEF 
add constraint ACT_UNIQ_PROCDEF 
unique (KEY_,VERSION_, TENANT_ID_)
10:44:56,429 [main] DEBUG org.activiti.engine.impl.db.DbSqlSession  - SQL: alter table ACT_RU_EXECUTION 
add constraint ACT_FK_EXE_PROCINST 
foreign key (PROC_INST_ID_) 
references ACT_RU_EXECUTION
10:44:56,429 [main] DEBUG org.activiti.engine.impl.db.DbSqlSession  - SQL: alter table ACT_RU_EXECUTION 
add constraint ACT_FK_EXE_PARENT 
foreign key (PARENT_ID_) 
references ACT_RU_EXECUTION
10:44:56,429 [main] DEBUG org.activiti.engine.impl.db.DbSqlSession  - SQL: alter table ACT_RU_EXECUTION 
add constraint ACT_FK_EXE_SUPER 
foreign key (SUPER_EXEC_) 
references ACT_RU_EXECUTION
10:44:56,429 [main] DEBUG org.activiti.engine.impl.db.DbSqlSession  - SQL: alter table ACT_RU_EXECUTION 
add constraint ACT_FK_EXE_PROCDEF 
foreign key (PROC_DEF_ID_) 
references ACT_RE_PROCDEF (ID_)
10:44:56,429 [main] DEBUG org.activiti.engine.impl.db.DbSqlSession  - SQL: alter table ACT_RU_IDENTITYLINK 
add constraint ACT_FK_TSKASS_TASK 
foreign key (TASK_ID_) 
references ACT_RU_TASK
10:44:56,430 [main] DEBUG org.activiti.engine.impl.db.DbSqlSession  - SQL: alter table ACT_RU_IDENTITYLINK 
add constraint ACT_FK_ATHRZ_PROCEDEF 
foreign key (PROC_DEF_ID_) 
references ACT_RE_PROCDEF
10:44:56,430 [main] DEBUG org.activiti.engine.impl.db.DbSqlSession  - SQL: alter table ACT_RU_IDENTITYLINK 
add constraint ACT_FK_IDL_PROCINST 
foreign key (PROC_INST_ID_) 
references ACT_RU_EXECUTION (ID_)
10:44:56,430 [main] DEBUG org.activiti.engine.impl.db.DbSqlSession  - SQL: alter table ACT_RU_TASK 
add constraint ACT_FK_TASK_EXE 
foreign key (EXECUTION_ID_) 
references ACT_RU_EXECUTION
10:44:56,430 [main] DEBUG org.activiti.engine.impl.db.DbSqlSession  - SQL: alter table ACT_RU_TASK 
add constraint ACT_FK_TASK_PROCINST 
foreign key (PROC_INST_ID_) 
references ACT_RU_EXECUTION
10:44:56,430 [main] DEBUG org.activiti.engine.impl.db.DbSqlSession  - SQL: alter table ACT_RU_TASK 
add constraint ACT_FK_TASK_PROCDEF 
foreign key (PROC_DEF_ID_) 
references ACT_RE_PROCDEF
10:44:56,430 [main] DEBUG org.activiti.engine.impl.db.DbSqlSession  - SQL: alter table ACT_RU_VARIABLE 
add constraint ACT_FK_VAR_EXE 
foreign key (EXECUTION_ID_) 
references ACT_RU_EXECUTION
10:44:56,430 [main] DEBUG org.activiti.engine.impl.db.DbSqlSession  - SQL: alter table ACT_RU_VARIABLE 
add constraint ACT_FK_VAR_PROCINST 
foreign key (PROC_INST_ID_) 
references ACT_RU_EXECUTION
10:44:56,430 [main] DEBUG org.activiti.engine.impl.db.DbSqlSession  - SQL: alter table ACT_RU_VARIABLE 
add constraint ACT_FK_VAR_BYTEARRAY 
foreign key (BYTEARRAY_ID_) 
references ACT_GE_BYTEARRAY
10:44:56,430 [main] DEBUG org.activiti.engine.impl.db.DbSqlSession  - SQL: alter table ACT_RU_JOB 
add constraint ACT_FK_JOB_EXCEPTION 
foreign key (EXCEPTION_STACK_ID_) 
references ACT_GE_BYTEARRAY
10:44:56,431 [main] DEBUG org.activiti.engine.impl.db.DbSqlSession  - SQL: alter table ACT_RU_EVENT_SUBSCR 
add constraint ACT_FK_EVENT_EXEC 
foreign key (EXECUTION_ID_) 
references ACT_RU_EXECUTION
10:44:56,431 [main] DEBUG org.activiti.engine.impl.db.DbSqlSession  - SQL: alter table ACT_RE_MODEL 
add constraint ACT_FK_MODEL_SOURCE 
foreign key (EDITOR_SOURCE_VALUE_ID_) 
references ACT_GE_BYTEARRAY (ID_)
10:44:56,431 [main] DEBUG org.activiti.engine.impl.db.DbSqlSession  - SQL: alter table ACT_RE_MODEL 
add constraint ACT_FK_MODEL_SOURCE_EXTRA 
foreign key (EDITOR_SOURCE_EXTRA_VALUE_ID_) 
references ACT_GE_BYTEARRAY (ID_)
10:44:56,431 [main] DEBUG org.activiti.engine.impl.db.DbSqlSession  - SQL: alter table ACT_RE_MODEL 
add constraint ACT_FK_MODEL_DEPLOYMENT 
foreign key (DEPLOYMENT_ID_) 
references ACT_RE_DEPLOYMENT (ID_)
10:44:56,431 [main] DEBUG org.activiti.engine.impl.db.DbSqlSession  - SQL: alter table ACT_PROCDEF_INFO 
add constraint ACT_FK_INFO_JSON_BA 
foreign key (INFO_JSON_ID_) 
references ACT_GE_BYTEARRAY (ID_)
10:44:56,431 [main] DEBUG org.activiti.engine.impl.db.DbSqlSession  - SQL: alter table ACT_PROCDEF_INFO 
add constraint ACT_FK_INFO_PROCDEF 
foreign key (PROC_DEF_ID_) 
references ACT_RE_PROCDEF (ID_)
10:44:56,431 [main] DEBUG org.activiti.engine.impl.db.DbSqlSession  - SQL: alter table ACT_PROCDEF_INFO 
add constraint ACT_UNIQ_INFO_PROCDEF 
unique (PROC_DEF_ID_)
10:44:56,431 [main] DEBUG org.activiti.engine.impl.db.DbSqlSession  - activiti db schema create for component engine successful
10:44:56,431 [main] INFO  org.activiti.engine.impl.db.DbSqlSession  - performing create on history with resource org/activiti/db/create/activiti.h2.create.history.sql
10:44:56,431 [main] DEBUG org.activiti.engine.impl.db.DbSqlSession  - SQL: create table ACT_HI_PROCINST ( 
ID_ varchar(64) not null, 
PROC_INST_ID_ varchar(64) not null, 
BUSINESS_KEY_ varchar(255), 
PROC_DEF_ID_ varchar(64) not null, 
START_TIME_ timestamp not null, 
END_TIME_ timestamp, 
DURATION_ bigint, 
START_USER_ID_ varchar(255), 
START_ACT_ID_ varchar(255), 
END_ACT_ID_ varchar(255), 
SUPER_PROCESS_INSTANCE_ID_ varchar(64), 
DELETE_REASON_ varchar(4000), 
TENANT_ID_ varchar(255) default &apos;&apos;, 
NAME_ varchar(255), 
primary key (ID_), 
unique (PROC_INST_ID_) 
)
10:44:56,431 [main] DEBUG org.activiti.engine.impl.db.DbSqlSession  - SQL: create table ACT_HI_ACTINST ( 
ID_ varchar(64) not null, 
PROC_DEF_ID_ varchar(64) not null, 
PROC_INST_ID_ varchar(64) not null, 
EXECUTION_ID_ varchar(64) not null, 
ACT_ID_ varchar(255) not null, 
TASK_ID_ varchar(64), 
CALL_PROC_INST_ID_ varchar(64), 
ACT_NAME_ varchar(255), 
ACT_TYPE_ varchar(255) not null, 
ASSIGNEE_ varchar(255), 
START_TIME_ timestamp not null, 
END_TIME_ timestamp, 
DURATION_ bigint, 
TENANT_ID_ varchar(255) default &apos;&apos;, 
primary key (ID_) 
)
10:44:56,431 [main] DEBUG org.activiti.engine.impl.db.DbSqlSession  - SQL: create table ACT_HI_TASKINST ( 
ID_ varchar(64) not null, 
PROC_DEF_ID_ varchar(64), 
TASK_DEF_KEY_ varchar(255), 
PROC_INST_ID_ varchar(64), 
EXECUTION_ID_ varchar(64), 
NAME_ varchar(255), 
PARENT_TASK_ID_ varchar(64), 
DESCRIPTION_ varchar(4000), 
OWNER_ varchar(255), 
ASSIGNEE_ varchar(255), 
START_TIME_ timestamp not null, 
CLAIM_TIME_ timestamp, 
END_TIME_ timestamp, 
DURATION_ bigint, 
DELETE_REASON_ varchar(4000), 
PRIORITY_ integer, 
DUE_DATE_ timestamp, 
FORM_KEY_ varchar(255), 
CATEGORY_ varchar(255), 
TENANT_ID_ varchar(255) default &apos;&apos;, 
primary key (ID_) 
)
10:44:56,431 [main] DEBUG org.activiti.engine.impl.db.DbSqlSession  - SQL: create table ACT_HI_VARINST ( 
ID_ varchar(64) not null, 
PROC_INST_ID_ varchar(64), 
EXECUTION_ID_ varchar(64), 
TASK_ID_ varchar(64), 
NAME_ varchar(255) not null, 
VAR_TYPE_ varchar(100), 
REV_ integer, 
BYTEARRAY_ID_ varchar(64), 
DOUBLE_ double, 
LONG_ bigint, 
TEXT_ varchar(4000), 
TEXT2_ varchar(4000), 
CREATE_TIME_ timestamp, 
LAST_UPDATED_TIME_ timestamp, 
primary key (ID_) 
)
10:44:56,431 [main] DEBUG org.activiti.engine.impl.db.DbSqlSession  - SQL: create table ACT_HI_DETAIL ( 
ID_ varchar(64) not null, 
TYPE_ varchar(255) not null, 
TIME_ timestamp not null, 
NAME_ varchar(255), 
PROC_INST_ID_ varchar(64), 
EXECUTION_ID_ varchar(64), 
TASK_ID_ varchar(64), 
ACT_INST_ID_ varchar(64), 
VAR_TYPE_ varchar(255), 
REV_ integer, 
BYTEARRAY_ID_ varchar(64), 
DOUBLE_ double, 
LONG_ bigint, 
TEXT_ varchar(4000), 
TEXT2_ varchar(4000), 
primary key (ID_) 
)
10:44:56,431 [main] DEBUG org.activiti.engine.impl.db.DbSqlSession  - SQL: create table ACT_HI_COMMENT ( 
ID_ varchar(64) not null, 
TYPE_ varchar(255), 
TIME_ timestamp not null, 
USER_ID_ varchar(255), 
TASK_ID_ varchar(64), 
PROC_INST_ID_ varchar(64), 
ACTION_ varchar(255), 
MESSAGE_ varchar(4000), 
FULL_MSG_ longvarbinary, 
primary key (ID_) 
)
10:44:56,432 [main] DEBUG org.activiti.engine.impl.db.DbSqlSession  - SQL: create table ACT_HI_ATTACHMENT ( 
ID_ varchar(64) not null, 
REV_ integer, 
USER_ID_ varchar(255), 
NAME_ varchar(255), 
DESCRIPTION_ varchar(4000), 
TYPE_ varchar(255), 
TASK_ID_ varchar(64), 
PROC_INST_ID_ varchar(64), 
URL_ varchar(4000), 
CONTENT_ID_ varchar(64), 
TIME_ timestamp, 
primary key (ID_) 
)
10:44:56,432 [main] DEBUG org.activiti.engine.impl.db.DbSqlSession  - SQL: create table ACT_HI_IDENTITYLINK ( 
ID_ varchar(64), 
GROUP_ID_ varchar(255), 
TYPE_ varchar(255), 
USER_ID_ varchar(255), 
TASK_ID_ varchar(64), 
PROC_INST_ID_ varchar(64) null, 
primary key (ID_) 
)
10:44:56,432 [main] DEBUG org.activiti.engine.impl.db.DbSqlSession  - SQL: create index ACT_IDX_HI_PRO_INST_END on ACT_HI_PROCINST(END_TIME_)
10:44:56,432 [main] DEBUG org.activiti.engine.impl.db.DbSqlSession  - SQL: create index ACT_IDX_HI_PRO_I_BUSKEY on ACT_HI_PROCINST(BUSINESS_KEY_)
10:44:56,432 [main] DEBUG org.activiti.engine.impl.db.DbSqlSession  - SQL: create index ACT_IDX_HI_ACT_INST_START on ACT_HI_ACTINST(START_TIME_)
10:44:56,432 [main] DEBUG org.activiti.engine.impl.db.DbSqlSession  - SQL: create index ACT_IDX_HI_ACT_INST_END on ACT_HI_ACTINST(END_TIME_)
10:44:56,432 [main] DEBUG org.activiti.engine.impl.db.DbSqlSession  - SQL: create index ACT_IDX_HI_DETAIL_PROC_INST on ACT_HI_DETAIL(PROC_INST_ID_)
10:44:56,432 [main] DEBUG org.activiti.engine.impl.db.DbSqlSession  - SQL: create index ACT_IDX_HI_DETAIL_ACT_INST on ACT_HI_DETAIL(ACT_INST_ID_)
10:44:56,432 [main] DEBUG org.activiti.engine.impl.db.DbSqlSession  - SQL: create index ACT_IDX_HI_DETAIL_TIME on ACT_HI_DETAIL(TIME_)
10:44:56,432 [main] DEBUG org.activiti.engine.impl.db.DbSqlSession  - SQL: create index ACT_IDX_HI_DETAIL_NAME on ACT_HI_DETAIL(NAME_)
10:44:56,432 [main] DEBUG org.activiti.engine.impl.db.DbSqlSession  - SQL: create index ACT_IDX_HI_DETAIL_TASK_ID on ACT_HI_DETAIL(TASK_ID_)
10:44:56,432 [main] DEBUG org.activiti.engine.impl.db.DbSqlSession  - SQL: create index ACT_IDX_HI_PROCVAR_PROC_INST on ACT_HI_VARINST(PROC_INST_ID_)
10:44:56,432 [main] DEBUG org.activiti.engine.impl.db.DbSqlSession  - SQL: create index ACT_IDX_HI_PROCVAR_NAME_TYPE on ACT_HI_VARINST(NAME_, VAR_TYPE_)
10:44:56,432 [main] DEBUG org.activiti.engine.impl.db.DbSqlSession  - SQL: create index ACT_IDX_HI_PROCVAR_TASK_ID on ACT_HI_VARINST(TASK_ID_)
10:44:56,432 [main] DEBUG org.activiti.engine.impl.db.DbSqlSession  - SQL: create index ACT_IDX_HI_ACT_INST_PROCINST on ACT_HI_ACTINST(PROC_INST_ID_, ACT_ID_)
10:44:56,432 [main] DEBUG org.activiti.engine.impl.db.DbSqlSession  - SQL: create index ACT_IDX_HI_IDENT_LNK_USER on ACT_HI_IDENTITYLINK(USER_ID_)
10:44:56,432 [main] DEBUG org.activiti.engine.impl.db.DbSqlSession  - SQL: create index ACT_IDX_HI_IDENT_LNK_TASK on ACT_HI_IDENTITYLINK(TASK_ID_)
10:44:56,432 [main] DEBUG org.activiti.engine.impl.db.DbSqlSession  - SQL: create index ACT_IDX_HI_IDENT_LNK_PROCINST on ACT_HI_IDENTITYLINK(PROC_INST_ID_)
10:44:56,432 [main] DEBUG org.activiti.engine.impl.db.DbSqlSession  - SQL: create index ACT_IDX_HI_ACT_INST_EXEC on ACT_HI_ACTINST(EXECUTION_ID_, ACT_ID_)
10:44:56,432 [main] DEBUG org.activiti.engine.impl.db.DbSqlSession  - SQL: create index ACT_IDX_HI_TASK_INST_PROCINST on ACT_HI_TASKINST(PROC_INST_ID_)
10:44:56,432 [main] DEBUG org.activiti.engine.impl.db.DbSqlSession  - activiti db schema create for component history successful
10:44:56,432 [main] INFO  org.activiti.engine.impl.db.DbSqlSession  - performing create on identity with resource org/activiti/db/create/activiti.h2.create.identity.sql
10:44:56,432 [main] DEBUG org.activiti.engine.impl.db.DbSqlSession  - SQL: create table ACT_ID_GROUP ( 
ID_ varchar(64), 
REV_ integer, 
NAME_ varchar(255), 
TYPE_ varchar(255), 
primary key (ID_) 
)
10:44:56,432 [main] DEBUG org.activiti.engine.impl.db.DbSqlSession  - SQL: create table ACT_ID_MEMBERSHIP ( 
USER_ID_ varchar(64), 
GROUP_ID_ varchar(64), 
primary key (USER_ID_, GROUP_ID_) 
)
10:44:56,432 [main] DEBUG org.activiti.engine.impl.db.DbSqlSession  - SQL: create table ACT_ID_USER ( 
ID_ varchar(64), 
REV_ integer, 
FIRST_ varchar(255), 
LAST_ varchar(255), 
EMAIL_ varchar(255), 
PWD_ varchar(255), 
PICTURE_ID_ varchar(64), 
primary key (ID_) 
)
10:44:56,432 [main] DEBUG org.activiti.engine.impl.db.DbSqlSession  - SQL: create table ACT_ID_INFO ( 
ID_ varchar(64), 
REV_ integer, 
USER_ID_ varchar(64), 
TYPE_ varchar(64), 
KEY_ varchar(255), 
VALUE_ varchar(255), 
PASSWORD_ longvarbinary, 
PARENT_ID_ varchar(255), 
primary key (ID_) 
)
10:44:56,432 [main] DEBUG org.activiti.engine.impl.db.DbSqlSession  - SQL: alter table ACT_ID_MEMBERSHIP 
add constraint ACT_FK_MEMB_GROUP 
foreign key (GROUP_ID_) 
references ACT_ID_GROUP
10:44:56,433 [main] DEBUG org.activiti.engine.impl.db.DbSqlSession  - SQL: alter table ACT_ID_MEMBERSHIP 
add constraint ACT_FK_MEMB_USER 
foreign key (USER_ID_) 
references ACT_ID_USER
10:44:56,433 [main] DEBUG org.activiti.engine.impl.db.DbSqlSession  - activiti db schema create for component identity successful
10:44:56,433 [main] DEBUG org.activiti.engine.impl.db.DbSqlSession  - flush summary: 0 insert, 0 update, 0 delete.
10:44:56,433 [main] DEBUG org.activiti.engine.impl.db.DbSqlSession  - now executing flush...
10:44:56,433 [main] DEBUG org.activiti.engine.impl.cfg.standalone.StandaloneMybatisTransactionContext  - firing event committing...
10:44:56,433 [main] DEBUG org.activiti.engine.impl.cfg.standalone.StandaloneMybatisTransactionContext  - committing the ibatis sql session...
10:44:56,433 [main] DEBUG org.activiti.engine.impl.cfg.standalone.StandaloneMybatisTransactionContext  - firing event committed...
10:44:56,433 [main] DEBUG org.apache.ibatis.transaction.jdbc.JdbcTransaction  - Resetting autocommit to true on JDBC Connection [conn3: url=jdbc:h2:mem:activiti user=SA]
10:44:56,433 [main] DEBUG org.apache.ibatis.transaction.jdbc.JdbcTransaction  - Closing JDBC Connection [conn3: url=jdbc:h2:mem:activiti user=SA]
10:44:56,433 [main] DEBUG org.apache.ibatis.datasource.pooled.PooledDataSource  - Returned connection 180014677 to pool.
10:44:56,433 [main] DEBUG org.activiti.engine.impl.interceptor.LogInterceptor  - ---  finished --------------------------------------------------------
10:44:56,433 [main] DEBUG org.activiti.engine.impl.interceptor.LogInterceptor  - 

</system-out>
  </testcase>
  <testcase classname="org.activiti.engine.test.api.identity.GroupQueryTest" name="testQueryByInvalidMember" time="0.009">
    <error message="
### Error querying database.  Cause: org.h2.jdbc.JdbcSQLException: Syntax error in SQL statement &quot;SELECT RES.* 
     
    FROM ACT_ID_GROUP RES
     
      INNER JOIN ACT_ID_MEMBERSHIP M ON RES.ID_ = M.GROUP_ID_
      INNER JOIN ACT_ID_USER U ON M.USER_ID_ = U.ID_
     
     WHERE  U.ID_ = ? 
   
     ORDER BY  ORDER[*] BY RES.ID_ ASC  
    LIMIT ? OFFSET ? &quot;; expected &quot;=, NOT, EXISTS, INTERSECTS, SELECT, FROM&quot;; SQL statement:
select RES.* 
     
    from ACT_ID_GROUP RES
     
      inner join ACT_ID_MEMBERSHIP M on RES.ID_ = M.GROUP_ID_
      inner join ACT_ID_USER U on M.USER_ID_ = U.ID_
     
     WHERE  U.ID_ = ? 
   
     order by  order by RES.ID_ asc  
    LIMIT ? OFFSET ? [42001-176]
### The error may exist in org/activiti/db/mapping/entity/Group.xml
### The error may involve org.activiti.engine.impl.persistence.entity.GroupEntity.selectGroupByQueryCriteria
### The error occurred while executing a query
### SQL: select RES.*            from ACT_ID_GROUP RES             inner join ACT_ID_MEMBERSHIP M on RES.ID_ = M.GROUP_ID_       inner join ACT_ID_USER U on M.USER_ID_ = U.ID_            WHERE  U.ID_ = ?           order by  order by RES.ID_ asc       LIMIT ? OFFSET ?
### Cause: org.h2.jdbc.JdbcSQLException: Syntax error in SQL statement &quot;SELECT RES.* 
     
    FROM ACT_ID_GROUP RES
     
      INNER JOIN ACT_ID_MEMBERSHIP M ON RES.ID_ = M.GROUP_ID_
      INNER JOIN ACT_ID_USER U ON M.USER_ID_ = U.ID_
     
     WHERE  U.ID_ = ? 
   
     ORDER BY  ORDER[*] BY RES.ID_ ASC  
    LIMIT ? OFFSET ? &quot;; expected &quot;=, NOT, EXISTS, INTERSECTS, SELECT, FROM&quot;; SQL statement:
select RES.* 
     
    from ACT_ID_GROUP RES
     
      inner join ACT_ID_MEMBERSHIP M on RES.ID_ = M.GROUP_ID_
      inner join ACT_ID_USER U on M.USER_ID_ = U.ID_
     
     WHERE  U.ID_ = ? 
   
     order by  order by RES.ID_ asc  
    LIMIT ? OFFSET ? [42001-176]" type="org.apache.ibatis.exceptions.PersistenceException">org.apache.ibatis.exceptions.PersistenceException: 
### Error querying database.  Cause: org.h2.jdbc.JdbcSQLException: Syntax error in SQL statement &quot;SELECT RES.* 
     
    FROM ACT_ID_GROUP RES
     
      INNER JOIN ACT_ID_MEMBERSHIP M ON RES.ID_ = M.GROUP_ID_
      INNER JOIN ACT_ID_USER U ON M.USER_ID_ = U.ID_
     
     WHERE  U.ID_ = ? 
   
     ORDER BY  ORDER[*] BY RES.ID_ ASC  
    LIMIT ? OFFSET ? &quot;; expected &quot;=, NOT, EXISTS, INTERSECTS, SELECT, FROM&quot;; SQL statement:
select RES.* 
     
    from ACT_ID_GROUP RES
     
      inner join ACT_ID_MEMBERSHIP M on RES.ID_ = M.GROUP_ID_
      inner join ACT_ID_USER U on M.USER_ID_ = U.ID_
     
     WHERE  U.ID_ = ? 
   
     order by  order by RES.ID_ asc  
    LIMIT ? OFFSET ? [42001-176]
### The error may exist in org/activiti/db/mapping/entity/Group.xml
### The error may involve org.activiti.engine.impl.persistence.entity.GroupEntity.selectGroupByQueryCriteria
### The error occurred while executing a query
### SQL: select RES.*            from ACT_ID_GROUP RES             inner join ACT_ID_MEMBERSHIP M on RES.ID_ = M.GROUP_ID_       inner join ACT_ID_USER U on M.USER_ID_ = U.ID_            WHERE  U.ID_ = ?           order by  order by RES.ID_ asc       LIMIT ? OFFSET ?
### Cause: org.h2.jdbc.JdbcSQLException: Syntax error in SQL statement &quot;SELECT RES.* 
     
    FROM ACT_ID_GROUP RES
     
      INNER JOIN ACT_ID_MEMBERSHIP M ON RES.ID_ = M.GROUP_ID_
      INNER JOIN ACT_ID_USER U ON M.USER_ID_ = U.ID_
     
     WHERE  U.ID_ = ? 
   
     ORDER BY  ORDER[*] BY RES.ID_ ASC  
    LIMIT ? OFFSET ? &quot;; expected &quot;=, NOT, EXISTS, INTERSECTS, SELECT, FROM&quot;; SQL statement:
select RES.* 
     
    from ACT_ID_GROUP RES
     
      inner join ACT_ID_MEMBERSHIP M on RES.ID_ = M.GROUP_ID_
      inner join ACT_ID_USER U on M.USER_ID_ = U.ID_
     
     WHERE  U.ID_ = ? 
   
     order by  order by RES.ID_ asc  
    LIMIT ? OFFSET ? [42001-176]
	at org.apache.ibatis.exceptions.ExceptionFactory.wrapException(ExceptionFactory.java:30)
	at org.apache.ibatis.session.defaults.DefaultSqlSession.selectList(DefaultSqlSession.java:122)
	at org.apache.ibatis.session.defaults.DefaultSqlSession.selectList(DefaultSqlSession.java:113)
	at org.activiti.engine.impl.db.DbSqlSession.selectListWithRawParameter(DbSqlSession.java:438)
	at org.activiti.engine.impl.db.DbSqlSession.selectList(DbSqlSession.java:429)
	at org.activiti.engine.impl.db.DbSqlSession.selectList(DbSqlSession.java:419)
	at org.activiti.engine.impl.persistence.entity.GroupEntityManager.findGroupByQueryCriteria(GroupEntityManager.java:90)
	at org.activiti.engine.impl.GroupQueryImpl.executeList(GroupQueryImpl.java:125)
	at org.activiti.engine.impl.AbstractQuery.execute(AbstractQuery.java:164)
	at org.activiti.engine.impl.interceptor.CommandInvoker.execute(CommandInvoker.java:24)
	at org.activiti.engine.impl.interceptor.CommandContextInterceptor.execute(CommandContextInterceptor.java:57)
	at org.activiti.engine.impl.interceptor.LogInterceptor.execute(LogInterceptor.java:37)
	at org.activiti.engine.impl.cfg.CommandExecutorImpl.execute(CommandExecutorImpl.java:40)
	at org.activiti.engine.impl.cfg.CommandExecutorImpl.execute(CommandExecutorImpl.java:35)
	at org.activiti.engine.impl.AbstractQuery.list(AbstractQuery.java:138)
	at org.activiti.engine.test.api.identity.GroupQueryTest.verifyQueryResults(GroupQueryTest.java:221)
	at org.activiti.engine.test.api.identity.GroupQueryTest.testQueryByInvalidMember(GroupQueryTest.java:173)
	at sun.reflect.NativeMethodAccessorImpl.invoke0(Native Method)
	at sun.reflect.NativeMethodAccessorImpl.invoke(NativeMethodAccessorImpl.java:62)
	at sun.reflect.DelegatingMethodAccessorImpl.invoke(DelegatingMethodAccessorImpl.java:43)
	at java.lang.reflect.Method.invoke(Method.java:498)
	at junit.framework.TestCase.runTest(TestCase.java:176)
	at org.activiti.engine.impl.test.PvmTestCase.runTest(PvmTestCase.java:65)
	at junit.framework.TestCase.runBare(TestCase.java:141)
	at org.activiti.engine.impl.test.AbstractActivitiTestCase.runBare(AbstractActivitiTestCase.java:100)
	at junit.framework.TestResult$1.protect(TestResult.java:122)
	at junit.framework.TestResult.runProtected(TestResult.java:142)
	at junit.framework.TestResult.run(TestResult.java:125)
	at junit.framework.TestCase.run(TestCase.java:129)
	at junit.framework.TestSuite.runTest(TestSuite.java:255)
	at junit.framework.TestSuite.run(TestSuite.java:250)
	at org.junit.internal.runners.JUnit38ClassRunner.run(JUnit38ClassRunner.java:84)
	at org.apache.maven.surefire.junit4.JUnit4TestSet.execute(JUnit4TestSet.java:35)
	at org.apache.maven.surefire.junit4.JUnit4Provider.executeTestSet(JUnit4Provider.java:146)
	at org.apache.maven.surefire.junit4.JUnit4Provider.invoke(JUnit4Provider.java:97)
	at sun.reflect.NativeMethodAccessorImpl.invoke0(Native Method)
	at sun.reflect.NativeMethodAccessorImpl.invoke(NativeMethodAccessorImpl.java:62)
	at sun.reflect.DelegatingMethodAccessorImpl.invoke(DelegatingMethodAccessorImpl.java:43)
	at java.lang.reflect.Method.invoke(Method.java:498)
	at org.apache.maven.surefire.booter.ProviderFactory$ClassLoaderProxy.invoke(ProviderFactory.java:103)
	at com.sun.proxy.$Proxy0.invoke(Unknown Source)
	at org.apache.maven.surefire.booter.SurefireStarter.invokeProvider(SurefireStarter.java:145)
	at org.apache.maven.surefire.booter.SurefireStarter.runSuitesInProcess(SurefireStarter.java:87)
	at org.apache.maven.surefire.booter.ForkedBooter.main(ForkedBooter.java:69)
Caused by: org.h2.jdbc.JdbcSQLException: Syntax error in SQL statement &quot;SELECT RES.* 
     
    FROM ACT_ID_GROUP RES
     
      INNER JOIN ACT_ID_MEMBERSHIP M ON RES.ID_ = M.GROUP_ID_
      INNER JOIN ACT_ID_USER U ON M.USER_ID_ = U.ID_
     
     WHERE  U.ID_ = ? 
   
     ORDER BY  ORDER[*] BY RES.ID_ ASC  
    LIMIT ? OFFSET ? &quot;; expected &quot;=, NOT, EXISTS, INTERSECTS, SELECT, FROM&quot;; SQL statement:
select RES.* 
     
    from ACT_ID_GROUP RES
     
      inner join ACT_ID_MEMBERSHIP M on RES.ID_ = M.GROUP_ID_
      inner join ACT_ID_USER U on M.USER_ID_ = U.ID_
     
     WHERE  U.ID_ = ? 
   
     order by  order by RES.ID_ asc  
    LIMIT ? OFFSET ? [42001-176]
	at org.h2.message.DbException.getJdbcSQLException(DbException.java:344)
	at org.h2.message.DbException.getSyntaxError(DbException.java:204)
	at org.h2.command.Parser.getSyntaxError(Parser.java:524)
	at org.h2.command.Parser.readTerm(Parser.java:2688)
	at org.h2.command.Parser.readFactor(Parser.java:2244)
	at org.h2.command.Parser.readSum(Parser.java:2231)
	at org.h2.command.Parser.readConcat(Parser.java:2201)
	at org.h2.command.Parser.readCondition(Parser.java:2051)
	at org.h2.command.Parser.readAnd(Parser.java:2023)
	at org.h2.command.Parser.readExpression(Parser.java:2015)
	at org.h2.command.Parser.parseEndOfQuery(Parser.java:1726)
	at org.h2.command.Parser.parseSelectUnionExtension(Parser.java:1706)
	at org.h2.command.Parser.parseSelectUnion(Parser.java:1675)
	at org.h2.command.Parser.parseSelect(Parser.java:1662)
	at org.h2.command.Parser.parsePrepared(Parser.java:434)
	at org.h2.command.Parser.parse(Parser.java:306)
	at org.h2.command.Parser.parse(Parser.java:282)
	at org.h2.command.Parser.prepareCommand(Parser.java:243)
	at org.h2.engine.Session.prepareLocal(Session.java:442)
	at org.h2.engine.Session.prepareCommand(Session.java:384)
	at org.h2.jdbc.JdbcConnection.prepareCommand(JdbcConnection.java:1188)
	at org.h2.jdbc.JdbcPreparedStatement.&lt;init&gt;(JdbcPreparedStatement.java:73)
	at org.h2.jdbc.JdbcConnection.prepareStatement(JdbcConnection.java:276)
	at sun.reflect.GeneratedMethodAccessor6.invoke(Unknown Source)
	at sun.reflect.DelegatingMethodAccessorImpl.invoke(DelegatingMethodAccessorImpl.java:43)
	at java.lang.reflect.Method.invoke(Method.java:498)
	at org.apache.ibatis.datasource.pooled.PooledConnection.invoke(PooledConnection.java:245)
	at com.sun.proxy.$Proxy12.prepareStatement(Unknown Source)
	at sun.reflect.GeneratedMethodAccessor6.invoke(Unknown Source)
	at sun.reflect.DelegatingMethodAccessorImpl.invoke(DelegatingMethodAccessorImpl.java:43)
	at java.lang.reflect.Method.invoke(Method.java:498)
	at org.apache.ibatis.logging.jdbc.ConnectionLogger.invoke(ConnectionLogger.java:55)
	at com.sun.proxy.$Proxy12.prepareStatement(Unknown Source)
	at org.apache.ibatis.executor.statement.PreparedStatementHandler.instantiateStatement(PreparedStatementHandler.java:79)
	at org.apache.ibatis.executor.statement.BaseStatementHandler.prepare(BaseStatementHandler.java:88)
	at org.apache.ibatis.executor.statement.RoutingStatementHandler.prepare(RoutingStatementHandler.java:58)
	at org.apache.ibatis.executor.SimpleExecutor.prepareStatement(SimpleExecutor.java:76)
	at org.apache.ibatis.executor.SimpleExecutor.doQuery(SimpleExecutor.java:61)
	at org.apache.ibatis.executor.BaseExecutor.queryFromDatabase(BaseExecutor.java:303)
	at org.apache.ibatis.executor.BaseExecutor.query(BaseExecutor.java:154)
	at org.apache.ibatis.executor.CachingExecutor.query(CachingExecutor.java:102)
	at org.apache.ibatis.executor.CachingExecutor.query(CachingExecutor.java:82)
	at org.apache.ibatis.session.defaults.DefaultSqlSession.selectList(DefaultSqlSession.java:120)
	... 42 more
</error>
    <system-out>10:44:56,434 [main] DEBUG org.activiti.engine.impl.interceptor.LogInterceptor  - 

10:44:56,434 [main] DEBUG org.activiti.engine.impl.interceptor.LogInterceptor  - --- starting CreateGroupCmd --------------------------------------------------------
10:44:56,434 [main] DEBUG org.activiti.engine.impl.cfg.standalone.StandaloneMybatisTransactionContext  - firing event committing...
10:44:56,434 [main] DEBUG org.activiti.engine.impl.cfg.standalone.StandaloneMybatisTransactionContext  - committing the ibatis sql session...
10:44:56,434 [main] DEBUG org.activiti.engine.impl.cfg.standalone.StandaloneMybatisTransactionContext  - firing event committed...
10:44:56,434 [main] DEBUG org.activiti.engine.impl.interceptor.LogInterceptor  - --- CreateGroupCmd finished --------------------------------------------------------
10:44:56,434 [main] DEBUG org.activiti.engine.impl.interceptor.LogInterceptor  - 

10:44:56,434 [main] DEBUG org.activiti.engine.impl.interceptor.LogInterceptor  - 

10:44:56,434 [main] DEBUG org.activiti.engine.impl.interceptor.LogInterceptor  - --- starting SaveGroupCmd --------------------------------------------------------
10:44:56,434 [main] DEBUG org.activiti.engine.impl.db.DbSqlSession  -   insert org.activiti.engine.impl.persistence.entity.GroupEntity@141d3d43
10:44:56,434 [main] DEBUG org.activiti.engine.impl.db.DbSqlSession  - flush summary: 1 insert, 0 update, 0 delete.
10:44:56,434 [main] DEBUG org.activiti.engine.impl.db.DbSqlSession  - now executing flush...
10:44:56,434 [main] DEBUG org.activiti.engine.impl.db.DbSqlSession  - inserting: org.activiti.engine.impl.persistence.entity.GroupEntity@141d3d43
10:44:56,434 [main] DEBUG org.apache.ibatis.transaction.jdbc.JdbcTransaction  - Opening JDBC Connection
10:44:56,434 [main] DEBUG org.apache.ibatis.datasource.pooled.PooledDataSource  - Checked out connection 297240765 from pool.
10:44:56,434 [main] DEBUG org.apache.ibatis.transaction.jdbc.JdbcTransaction  - Setting autocommit to false on JDBC Connection [conn4: url=jdbc:h2:mem:activiti user=SA]
10:44:56,434 [main] DEBUG org.activiti.engine.impl.persistence.entity.GroupEntity.insertGroup  - ==&gt;  Preparing: insert into ACT_ID_GROUP (ID_, REV_, NAME_, TYPE_) values ( ?, 1, ?, ? ) 
10:44:56,434 [main] DEBUG org.activiti.engine.impl.persistence.entity.GroupEntity.insertGroup  - ==&gt; Parameters: muppets(String), Muppet show characters(String), user(String)
10:44:56,434 [main] DEBUG org.activiti.engine.impl.persistence.entity.GroupEntity.insertGroup  - &lt;==    Updates: 1
10:44:56,434 [main] DEBUG org.activiti.engine.impl.cfg.standalone.StandaloneMybatisTransactionContext  - firing event committing...
10:44:56,434 [main] DEBUG org.activiti.engine.impl.cfg.standalone.StandaloneMybatisTransactionContext  - committing the ibatis sql session...
10:44:56,434 [main] DEBUG org.apache.ibatis.transaction.jdbc.JdbcTransaction  - Committing JDBC Connection [conn4: url=jdbc:h2:mem:activiti user=SA]
10:44:56,434 [main] DEBUG org.activiti.engine.impl.cfg.standalone.StandaloneMybatisTransactionContext  - firing event committed...
10:44:56,434 [main] DEBUG org.apache.ibatis.transaction.jdbc.JdbcTransaction  - Resetting autocommit to true on JDBC Connection [conn4: url=jdbc:h2:mem:activiti user=SA]
10:44:56,434 [main] DEBUG org.apache.ibatis.transaction.jdbc.JdbcTransaction  - Closing JDBC Connection [conn4: url=jdbc:h2:mem:activiti user=SA]
10:44:56,434 [main] DEBUG org.apache.ibatis.datasource.pooled.PooledDataSource  - Returned connection 297240765 to pool.
10:44:56,434 [main] DEBUG org.activiti.engine.impl.interceptor.LogInterceptor  - --- SaveGroupCmd finished --------------------------------------------------------
10:44:56,434 [main] DEBUG org.activiti.engine.impl.interceptor.LogInterceptor  - 

10:44:56,434 [main] DEBUG org.activiti.engine.impl.interceptor.LogInterceptor  - 

10:44:56,434 [main] DEBUG org.activiti.engine.impl.interceptor.LogInterceptor  - --- starting CreateGroupCmd --------------------------------------------------------
10:44:56,434 [main] DEBUG org.activiti.engine.impl.cfg.standalone.StandaloneMybatisTransactionContext  - firing event committing...
10:44:56,434 [main] DEBUG org.activiti.engine.impl.cfg.standalone.StandaloneMybatisTransactionContext  - committing the ibatis sql session...
10:44:56,434 [main] DEBUG org.activiti.engine.impl.cfg.standalone.StandaloneMybatisTransactionContext  - firing event committed...
10:44:56,434 [main] DEBUG org.activiti.engine.impl.interceptor.LogInterceptor  - --- CreateGroupCmd finished --------------------------------------------------------
10:44:56,434 [main] DEBUG org.activiti.engine.impl.interceptor.LogInterceptor  - 

10:44:56,434 [main] DEBUG org.activiti.engine.impl.interceptor.LogInterceptor  - 

10:44:56,434 [main] DEBUG org.activiti.engine.impl.interceptor.LogInterceptor  - --- starting SaveGroupCmd --------------------------------------------------------
10:44:56,434 [main] DEBUG org.activiti.engine.impl.db.DbSqlSession  -   insert org.activiti.engine.impl.persistence.entity.GroupEntity@6ca372ef
10:44:56,434 [main] DEBUG org.activiti.engine.impl.db.DbSqlSession  - flush summary: 1 insert, 0 update, 0 delete.
10:44:56,434 [main] DEBUG org.activiti.engine.impl.db.DbSqlSession  - now executing flush...
10:44:56,434 [main] DEBUG org.activiti.engine.impl.db.DbSqlSession  - inserting: org.activiti.engine.impl.persistence.entity.GroupEntity@6ca372ef
10:44:56,434 [main] DEBUG org.apache.ibatis.transaction.jdbc.JdbcTransaction  - Opening JDBC Connection
10:44:56,434 [main] DEBUG org.apache.ibatis.datasource.pooled.PooledDataSource  - Checked out connection 363509958 from pool.
10:44:56,434 [main] DEBUG org.apache.ibatis.transaction.jdbc.JdbcTransaction  - Setting autocommit to false on JDBC Connection [conn2: url=jdbc:h2:mem:activiti user=SA]
10:44:56,434 [main] DEBUG org.activiti.engine.impl.persistence.entity.GroupEntity.insertGroup  - ==&gt;  Preparing: insert into ACT_ID_GROUP (ID_, REV_, NAME_, TYPE_) values ( ?, 1, ?, ? ) 
10:44:56,434 [main] DEBUG org.activiti.engine.impl.persistence.entity.GroupEntity.insertGroup  - ==&gt; Parameters: frogs(String), Famous frogs(String), user(String)
10:44:56,434 [main] DEBUG org.activiti.engine.impl.persistence.entity.GroupEntity.insertGroup  - &lt;==    Updates: 1
10:44:56,434 [main] DEBUG org.activiti.engine.impl.cfg.standalone.StandaloneMybatisTransactionContext  - firing event committing...
10:44:56,434 [main] DEBUG org.activiti.engine.impl.cfg.standalone.StandaloneMybatisTransactionContext  - committing the ibatis sql session...
10:44:56,434 [main] DEBUG org.apache.ibatis.transaction.jdbc.JdbcTransaction  - Committing JDBC Connection [conn2: url=jdbc:h2:mem:activiti user=SA]
10:44:56,434 [main] DEBUG org.activiti.engine.impl.cfg.standalone.StandaloneMybatisTransactionContext  - firing event committed...
10:44:56,434 [main] DEBUG org.apache.ibatis.transaction.jdbc.JdbcTransaction  - Resetting autocommit to true on JDBC Connection [conn2: url=jdbc:h2:mem:activiti user=SA]
10:44:56,434 [main] DEBUG org.apache.ibatis.transaction.jdbc.JdbcTransaction  - Closing JDBC Connection [conn2: url=jdbc:h2:mem:activiti user=SA]
10:44:56,434 [main] DEBUG org.apache.ibatis.datasource.pooled.PooledDataSource  - Returned connection 363509958 to pool.
10:44:56,434 [main] DEBUG org.activiti.engine.impl.interceptor.LogInterceptor  - --- SaveGroupCmd finished --------------------------------------------------------
10:44:56,434 [main] DEBUG org.activiti.engine.impl.interceptor.LogInterceptor  - 

10:44:56,434 [main] DEBUG org.activiti.engine.impl.interceptor.LogInterceptor  - 

10:44:56,434 [main] DEBUG org.activiti.engine.impl.interceptor.LogInterceptor  - --- starting CreateGroupCmd --------------------------------------------------------
10:44:56,434 [main] DEBUG org.activiti.engine.impl.cfg.standalone.StandaloneMybatisTransactionContext  - firing event committing...
10:44:56,434 [main] DEBUG org.activiti.engine.impl.cfg.standalone.StandaloneMybatisTransactionContext  - committing the ibatis sql session...
10:44:56,434 [main] DEBUG org.activiti.engine.impl.cfg.standalone.StandaloneMybatisTransactionContext  - firing event committed...
10:44:56,434 [main] DEBUG org.activiti.engine.impl.interceptor.LogInterceptor  - --- CreateGroupCmd finished --------------------------------------------------------
10:44:56,434 [main] DEBUG org.activiti.engine.impl.interceptor.LogInterceptor  - 

10:44:56,434 [main] DEBUG org.activiti.engine.impl.interceptor.LogInterceptor  - 

10:44:56,434 [main] DEBUG org.activiti.engine.impl.interceptor.LogInterceptor  - --- starting SaveGroupCmd --------------------------------------------------------
10:44:56,434 [main] DEBUG org.activiti.engine.impl.db.DbSqlSession  -   insert org.activiti.engine.impl.persistence.entity.GroupEntity@3ebe4ccc
10:44:56,434 [main] DEBUG org.activiti.engine.impl.db.DbSqlSession  - flush summary: 1 insert, 0 update, 0 delete.
10:44:56,434 [main] DEBUG org.activiti.engine.impl.db.DbSqlSession  - now executing flush...
10:44:56,434 [main] DEBUG org.activiti.engine.impl.db.DbSqlSession  - inserting: org.activiti.engine.impl.persistence.entity.GroupEntity@3ebe4ccc
10:44:56,434 [main] DEBUG org.apache.ibatis.transaction.jdbc.JdbcTransaction  - Opening JDBC Connection
10:44:56,434 [main] DEBUG org.apache.ibatis.datasource.pooled.PooledDataSource  - Checked out connection 180014677 from pool.
10:44:56,434 [main] DEBUG org.apache.ibatis.transaction.jdbc.JdbcTransaction  - Setting autocommit to false on JDBC Connection [conn3: url=jdbc:h2:mem:activiti user=SA]
10:44:56,434 [main] DEBUG org.activiti.engine.impl.persistence.entity.GroupEntity.insertGroup  - ==&gt;  Preparing: insert into ACT_ID_GROUP (ID_, REV_, NAME_, TYPE_) values ( ?, 1, ?, ? ) 
10:44:56,434 [main] DEBUG org.activiti.engine.impl.persistence.entity.GroupEntity.insertGroup  - ==&gt; Parameters: mammals(String), Famous mammals from eighties(String), user(String)
10:44:56,434 [main] DEBUG org.activiti.engine.impl.persistence.entity.GroupEntity.insertGroup  - &lt;==    Updates: 1
10:44:56,434 [main] DEBUG org.activiti.engine.impl.cfg.standalone.StandaloneMybatisTransactionContext  - firing event committing...
10:44:56,434 [main] DEBUG org.activiti.engine.impl.cfg.standalone.StandaloneMybatisTransactionContext  - committing the ibatis sql session...
10:44:56,434 [main] DEBUG org.apache.ibatis.transaction.jdbc.JdbcTransaction  - Committing JDBC Connection [conn3: url=jdbc:h2:mem:activiti user=SA]
10:44:56,434 [main] DEBUG org.activiti.engine.impl.cfg.standalone.StandaloneMybatisTransactionContext  - firing event committed...
10:44:56,434 [main] DEBUG org.apache.ibatis.transaction.jdbc.JdbcTransaction  - Resetting autocommit to true on JDBC Connection [conn3: url=jdbc:h2:mem:activiti user=SA]
10:44:56,434 [main] DEBUG org.apache.ibatis.transaction.jdbc.JdbcTransaction  - Closing JDBC Connection [conn3: url=jdbc:h2:mem:activiti user=SA]
10:44:56,434 [main] DEBUG org.apache.ibatis.datasource.pooled.PooledDataSource  - Returned connection 180014677 to pool.
10:44:56,434 [main] DEBUG org.activiti.engine.impl.interceptor.LogInterceptor  - --- SaveGroupCmd finished --------------------------------------------------------
10:44:56,434 [main] DEBUG org.activiti.engine.impl.interceptor.LogInterceptor  - 

10:44:56,434 [main] DEBUG org.activiti.engine.impl.interceptor.LogInterceptor  - 

10:44:56,434 [main] DEBUG org.activiti.engine.impl.interceptor.LogInterceptor  - --- starting CreateGroupCmd --------------------------------------------------------
10:44:56,434 [main] DEBUG org.activiti.engine.impl.cfg.standalone.StandaloneMybatisTransactionContext  - firing event committing...
10:44:56,434 [main] DEBUG org.activiti.engine.impl.cfg.standalone.StandaloneMybatisTransactionContext  - committing the ibatis sql session...
10:44:56,434 [main] DEBUG org.activiti.engine.impl.cfg.standalone.StandaloneMybatisTransactionContext  - firing event committed...
10:44:56,434 [main] DEBUG org.activiti.engine.impl.interceptor.LogInterceptor  - --- CreateGroupCmd finished --------------------------------------------------------
10:44:56,434 [main] DEBUG org.activiti.engine.impl.interceptor.LogInterceptor  - 

10:44:56,434 [main] DEBUG org.activiti.engine.impl.interceptor.LogInterceptor  - 

10:44:56,434 [main] DEBUG org.activiti.engine.impl.interceptor.LogInterceptor  - --- starting SaveGroupCmd --------------------------------------------------------
10:44:56,434 [main] DEBUG org.activiti.engine.impl.db.DbSqlSession  -   insert org.activiti.engine.impl.persistence.entity.GroupEntity@6ed043d3
10:44:56,434 [main] DEBUG org.activiti.engine.impl.db.DbSqlSession  - flush summary: 1 insert, 0 update, 0 delete.
10:44:56,434 [main] DEBUG org.activiti.engine.impl.db.DbSqlSession  - now executing flush...
10:44:56,434 [main] DEBUG org.activiti.engine.impl.db.DbSqlSession  - inserting: org.activiti.engine.impl.persistence.entity.GroupEntity@6ed043d3
10:44:56,434 [main] DEBUG org.apache.ibatis.transaction.jdbc.JdbcTransaction  - Opening JDBC Connection
10:44:56,434 [main] DEBUG org.apache.ibatis.datasource.pooled.PooledDataSource  - Checked out connection 297240765 from pool.
10:44:56,434 [main] DEBUG org.apache.ibatis.transaction.jdbc.JdbcTransaction  - Setting autocommit to false on JDBC Connection [conn4: url=jdbc:h2:mem:activiti user=SA]
10:44:56,434 [main] DEBUG org.activiti.engine.impl.persistence.entity.GroupEntity.insertGroup  - ==&gt;  Preparing: insert into ACT_ID_GROUP (ID_, REV_, NAME_, TYPE_) values ( ?, 1, ?, ? ) 
10:44:56,434 [main] DEBUG org.activiti.engine.impl.persistence.entity.GroupEntity.insertGroup  - ==&gt; Parameters: admin(String), Administrators(String), security(String)
10:44:56,434 [main] DEBUG org.activiti.engine.impl.persistence.entity.GroupEntity.insertGroup  - &lt;==    Updates: 1
10:44:56,434 [main] DEBUG org.activiti.engine.impl.cfg.standalone.StandaloneMybatisTransactionContext  - firing event committing...
10:44:56,434 [main] DEBUG org.activiti.engine.impl.cfg.standalone.StandaloneMybatisTransactionContext  - committing the ibatis sql session...
10:44:56,434 [main] DEBUG org.apache.ibatis.transaction.jdbc.JdbcTransaction  - Committing JDBC Connection [conn4: url=jdbc:h2:mem:activiti user=SA]
10:44:56,434 [main] DEBUG org.activiti.engine.impl.cfg.standalone.StandaloneMybatisTransactionContext  - firing event committed...
10:44:56,434 [main] DEBUG org.apache.ibatis.transaction.jdbc.JdbcTransaction  - Resetting autocommit to true on JDBC Connection [conn4: url=jdbc:h2:mem:activiti user=SA]
10:44:56,434 [main] DEBUG org.apache.ibatis.transaction.jdbc.JdbcTransaction  - Closing JDBC Connection [conn4: url=jdbc:h2:mem:activiti user=SA]
10:44:56,434 [main] DEBUG org.apache.ibatis.datasource.pooled.PooledDataSource  - Returned connection 297240765 to pool.
10:44:56,434 [main] DEBUG org.activiti.engine.impl.interceptor.LogInterceptor  - --- SaveGroupCmd finished --------------------------------------------------------
10:44:56,434 [main] DEBUG org.activiti.engine.impl.interceptor.LogInterceptor  - 

10:44:56,434 [main] DEBUG org.activiti.engine.impl.interceptor.LogInterceptor  - 

10:44:56,434 [main] DEBUG org.activiti.engine.impl.interceptor.LogInterceptor  - --- starting CreateUserCmd --------------------------------------------------------
10:44:56,434 [main] DEBUG org.activiti.engine.impl.cfg.standalone.StandaloneMybatisTransactionContext  - firing event committing...
10:44:56,434 [main] DEBUG org.activiti.engine.impl.cfg.standalone.StandaloneMybatisTransactionContext  - committing the ibatis sql session...
10:44:56,434 [main] DEBUG org.activiti.engine.impl.cfg.standalone.StandaloneMybatisTransactionContext  - firing event committed...
10:44:56,434 [main] DEBUG org.activiti.engine.impl.interceptor.LogInterceptor  - --- CreateUserCmd finished --------------------------------------------------------
10:44:56,434 [main] DEBUG org.activiti.engine.impl.interceptor.LogInterceptor  - 

10:44:56,434 [main] DEBUG org.activiti.engine.impl.interceptor.LogInterceptor  - 

10:44:56,434 [main] DEBUG org.activiti.engine.impl.interceptor.LogInterceptor  - --- starting SaveUserCmd --------------------------------------------------------
10:44:56,434 [main] DEBUG org.activiti.engine.impl.db.DbSqlSession  -   insert org.activiti.engine.impl.persistence.entity.UserEntity@135a8c6f
10:44:56,434 [main] DEBUG org.activiti.engine.impl.db.DbSqlSession  - flush summary: 1 insert, 0 update, 0 delete.
10:44:56,434 [main] DEBUG org.activiti.engine.impl.db.DbSqlSession  - now executing flush...
10:44:56,435 [main] DEBUG org.activiti.engine.impl.db.DbSqlSession  - inserting: org.activiti.engine.impl.persistence.entity.UserEntity@135a8c6f
10:44:56,435 [main] DEBUG org.apache.ibatis.transaction.jdbc.JdbcTransaction  - Opening JDBC Connection
10:44:56,435 [main] DEBUG org.apache.ibatis.datasource.pooled.PooledDataSource  - Checked out connection 363509958 from pool.
10:44:56,435 [main] DEBUG org.apache.ibatis.transaction.jdbc.JdbcTransaction  - Setting autocommit to false on JDBC Connection [conn2: url=jdbc:h2:mem:activiti user=SA]
10:44:56,435 [main] DEBUG org.activiti.engine.impl.persistence.entity.UserEntity.insertUser  - ==&gt;  Preparing: insert into ACT_ID_USER (ID_, REV_, FIRST_, LAST_, EMAIL_, PWD_) values ( ?, 1, ?, ?, ?, ? ) 
10:44:56,435 [main] DEBUG org.activiti.engine.impl.persistence.entity.UserEntity.insertUser  - ==&gt; Parameters: kermit(String), null, null, null, null
10:44:56,435 [main] DEBUG org.activiti.engine.impl.persistence.entity.UserEntity.insertUser  - &lt;==    Updates: 1
10:44:56,435 [main] DEBUG org.activiti.engine.impl.cfg.standalone.StandaloneMybatisTransactionContext  - firing event committing...
10:44:56,435 [main] DEBUG org.activiti.engine.impl.cfg.standalone.StandaloneMybatisTransactionContext  - committing the ibatis sql session...
10:44:56,435 [main] DEBUG org.apache.ibatis.transaction.jdbc.JdbcTransaction  - Committing JDBC Connection [conn2: url=jdbc:h2:mem:activiti user=SA]
10:44:56,435 [main] DEBUG org.activiti.engine.impl.cfg.standalone.StandaloneMybatisTransactionContext  - firing event committed...
10:44:56,435 [main] DEBUG org.apache.ibatis.transaction.jdbc.JdbcTransaction  - Resetting autocommit to true on JDBC Connection [conn2: url=jdbc:h2:mem:activiti user=SA]
10:44:56,435 [main] DEBUG org.apache.ibatis.transaction.jdbc.JdbcTransaction  - Closing JDBC Connection [conn2: url=jdbc:h2:mem:activiti user=SA]
10:44:56,435 [main] DEBUG org.apache.ibatis.datasource.pooled.PooledDataSource  - Returned connection 363509958 to pool.
10:44:56,435 [main] DEBUG org.activiti.engine.impl.interceptor.LogInterceptor  - --- SaveUserCmd finished --------------------------------------------------------
10:44:56,435 [main] DEBUG org.activiti.engine.impl.interceptor.LogInterceptor  - 

10:44:56,435 [main] DEBUG org.activiti.engine.impl.interceptor.LogInterceptor  - 

10:44:56,435 [main] DEBUG org.activiti.engine.impl.interceptor.LogInterceptor  - --- starting CreateUserCmd --------------------------------------------------------
10:44:56,435 [main] DEBUG org.activiti.engine.impl.cfg.standalone.StandaloneMybatisTransactionContext  - firing event committing...
10:44:56,435 [main] DEBUG org.activiti.engine.impl.cfg.standalone.StandaloneMybatisTransactionContext  - committing the ibatis sql session...
10:44:56,435 [main] DEBUG org.activiti.engine.impl.cfg.standalone.StandaloneMybatisTransactionContext  - firing event committed...
10:44:56,435 [main] DEBUG org.activiti.engine.impl.interceptor.LogInterceptor  - --- CreateUserCmd finished --------------------------------------------------------
10:44:56,435 [main] DEBUG org.activiti.engine.impl.interceptor.LogInterceptor  - 

10:44:56,435 [main] DEBUG org.activiti.engine.impl.interceptor.LogInterceptor  - 

10:44:56,435 [main] DEBUG org.activiti.engine.impl.interceptor.LogInterceptor  - --- starting SaveUserCmd --------------------------------------------------------
10:44:56,435 [main] DEBUG org.activiti.engine.impl.db.DbSqlSession  -   insert org.activiti.engine.impl.persistence.entity.UserEntity@6419a0e1
10:44:56,435 [main] DEBUG org.activiti.engine.impl.db.DbSqlSession  - flush summary: 1 insert, 0 update, 0 delete.
10:44:56,435 [main] DEBUG org.activiti.engine.impl.db.DbSqlSession  - now executing flush...
10:44:56,435 [main] DEBUG org.activiti.engine.impl.db.DbSqlSession  - inserting: org.activiti.engine.impl.persistence.entity.UserEntity@6419a0e1
10:44:56,435 [main] DEBUG org.apache.ibatis.transaction.jdbc.JdbcTransaction  - Opening JDBC Connection
10:44:56,435 [main] DEBUG org.apache.ibatis.datasource.pooled.PooledDataSource  - Checked out connection 180014677 from pool.
10:44:56,435 [main] DEBUG org.apache.ibatis.transaction.jdbc.JdbcTransaction  - Setting autocommit to false on JDBC Connection [conn3: url=jdbc:h2:mem:activiti user=SA]
10:44:56,435 [main] DEBUG org.activiti.engine.impl.persistence.entity.UserEntity.insertUser  - ==&gt;  Preparing: insert into ACT_ID_USER (ID_, REV_, FIRST_, LAST_, EMAIL_, PWD_) values ( ?, 1, ?, ?, ?, ? ) 
10:44:56,435 [main] DEBUG org.activiti.engine.impl.persistence.entity.UserEntity.insertUser  - ==&gt; Parameters: fozzie(String), null, null, null, null
10:44:56,435 [main] DEBUG org.activiti.engine.impl.persistence.entity.UserEntity.insertUser  - &lt;==    Updates: 1
10:44:56,435 [main] DEBUG org.activiti.engine.impl.cfg.standalone.StandaloneMybatisTransactionContext  - firing event committing...
10:44:56,435 [main] DEBUG org.activiti.engine.impl.cfg.standalone.StandaloneMybatisTransactionContext  - committing the ibatis sql session...
10:44:56,435 [main] DEBUG org.apache.ibatis.transaction.jdbc.JdbcTransaction  - Committing JDBC Connection [conn3: url=jdbc:h2:mem:activiti user=SA]
10:44:56,435 [main] DEBUG org.activiti.engine.impl.cfg.standalone.StandaloneMybatisTransactionContext  - firing event committed...
10:44:56,435 [main] DEBUG org.apache.ibatis.transaction.jdbc.JdbcTransaction  - Resetting autocommit to true on JDBC Connection [conn3: url=jdbc:h2:mem:activiti user=SA]
10:44:56,435 [main] DEBUG org.apache.ibatis.transaction.jdbc.JdbcTransaction  - Closing JDBC Connection [conn3: url=jdbc:h2:mem:activiti user=SA]
10:44:56,435 [main] DEBUG org.apache.ibatis.datasource.pooled.PooledDataSource  - Returned connection 180014677 to pool.
10:44:56,435 [main] DEBUG org.activiti.engine.impl.interceptor.LogInterceptor  - --- SaveUserCmd finished --------------------------------------------------------
10:44:56,435 [main] DEBUG org.activiti.engine.impl.interceptor.LogInterceptor  - 

10:44:56,435 [main] DEBUG org.activiti.engine.impl.interceptor.LogInterceptor  - 

10:44:56,435 [main] DEBUG org.activiti.engine.impl.interceptor.LogInterceptor  - --- starting CreateUserCmd --------------------------------------------------------
10:44:56,435 [main] DEBUG org.activiti.engine.impl.cfg.standalone.StandaloneMybatisTransactionContext  - firing event committing...
10:44:56,435 [main] DEBUG org.activiti.engine.impl.cfg.standalone.StandaloneMybatisTransactionContext  - committing the ibatis sql session...
10:44:56,435 [main] DEBUG org.activiti.engine.impl.cfg.standalone.StandaloneMybatisTransactionContext  - firing event committed...
10:44:56,435 [main] DEBUG org.activiti.engine.impl.interceptor.LogInterceptor  - --- CreateUserCmd finished --------------------------------------------------------
10:44:56,435 [main] DEBUG org.activiti.engine.impl.interceptor.LogInterceptor  - 

10:44:56,435 [main] DEBUG org.activiti.engine.impl.interceptor.LogInterceptor  - 

10:44:56,435 [main] DEBUG org.activiti.engine.impl.interceptor.LogInterceptor  - --- starting SaveUserCmd --------------------------------------------------------
10:44:56,435 [main] DEBUG org.activiti.engine.impl.db.DbSqlSession  -   insert org.activiti.engine.impl.persistence.entity.UserEntity@280d4882
10:44:56,435 [main] DEBUG org.activiti.engine.impl.db.DbSqlSession  - flush summary: 1 insert, 0 update, 0 delete.
10:44:56,435 [main] DEBUG org.activiti.engine.impl.db.DbSqlSession  - now executing flush...
10:44:56,435 [main] DEBUG org.activiti.engine.impl.db.DbSqlSession  - inserting: org.activiti.engine.impl.persistence.entity.UserEntity@280d4882
10:44:56,435 [main] DEBUG org.apache.ibatis.transaction.jdbc.JdbcTransaction  - Opening JDBC Connection
10:44:56,435 [main] DEBUG org.apache.ibatis.datasource.pooled.PooledDataSource  - Checked out connection 297240765 from pool.
10:44:56,435 [main] DEBUG org.apache.ibatis.transaction.jdbc.JdbcTransaction  - Setting autocommit to false on JDBC Connection [conn4: url=jdbc:h2:mem:activiti user=SA]
10:44:56,435 [main] DEBUG org.activiti.engine.impl.persistence.entity.UserEntity.insertUser  - ==&gt;  Preparing: insert into ACT_ID_USER (ID_, REV_, FIRST_, LAST_, EMAIL_, PWD_) values ( ?, 1, ?, ?, ?, ? ) 
10:44:56,435 [main] DEBUG org.activiti.engine.impl.persistence.entity.UserEntity.insertUser  - ==&gt; Parameters: mispiggy(String), null, null, null, null
10:44:56,435 [main] DEBUG org.activiti.engine.impl.persistence.entity.UserEntity.insertUser  - &lt;==    Updates: 1
10:44:56,435 [main] DEBUG org.activiti.engine.impl.cfg.standalone.StandaloneMybatisTransactionContext  - firing event committing...
10:44:56,435 [main] DEBUG org.activiti.engine.impl.cfg.standalone.StandaloneMybatisTransactionContext  - committing the ibatis sql session...
10:44:56,435 [main] DEBUG org.apache.ibatis.transaction.jdbc.JdbcTransaction  - Committing JDBC Connection [conn4: url=jdbc:h2:mem:activiti user=SA]
10:44:56,435 [main] DEBUG org.activiti.engine.impl.cfg.standalone.StandaloneMybatisTransactionContext  - firing event committed...
10:44:56,435 [main] DEBUG org.apache.ibatis.transaction.jdbc.JdbcTransaction  - Resetting autocommit to true on JDBC Connection [conn4: url=jdbc:h2:mem:activiti user=SA]
10:44:56,435 [main] DEBUG org.apache.ibatis.transaction.jdbc.JdbcTransaction  - Closing JDBC Connection [conn4: url=jdbc:h2:mem:activiti user=SA]
10:44:56,435 [main] DEBUG org.apache.ibatis.datasource.pooled.PooledDataSource  - Returned connection 297240765 to pool.
10:44:56,435 [main] DEBUG org.activiti.engine.impl.interceptor.LogInterceptor  - --- SaveUserCmd finished --------------------------------------------------------
10:44:56,435 [main] DEBUG org.activiti.engine.impl.interceptor.LogInterceptor  - 

10:44:56,435 [main] DEBUG org.activiti.engine.impl.interceptor.LogInterceptor  - 

10:44:56,435 [main] DEBUG org.activiti.engine.impl.interceptor.LogInterceptor  - --- starting CreateMembershipCmd --------------------------------------------------------
10:44:56,435 [main] DEBUG org.activiti.engine.impl.db.DbSqlSession  -   insert org.activiti.engine.impl.persistence.entity.MembershipEntity@44af588b
10:44:56,435 [main] DEBUG org.activiti.engine.impl.db.DbSqlSession  - flush summary: 1 insert, 0 update, 0 delete.
10:44:56,435 [main] DEBUG org.activiti.engine.impl.db.DbSqlSession  - now executing flush...
10:44:56,435 [main] DEBUG org.activiti.engine.impl.db.DbSqlSession  - inserting: org.activiti.engine.impl.persistence.entity.MembershipEntity@44af588b
10:44:56,435 [main] DEBUG org.apache.ibatis.transaction.jdbc.JdbcTransaction  - Opening JDBC Connection
10:44:56,435 [main] DEBUG org.apache.ibatis.datasource.pooled.PooledDataSource  - Checked out connection 363509958 from pool.
10:44:56,435 [main] DEBUG org.apache.ibatis.transaction.jdbc.JdbcTransaction  - Setting autocommit to false on JDBC Connection [conn2: url=jdbc:h2:mem:activiti user=SA]
10:44:56,435 [main] DEBUG org.activiti.engine.impl.persistence.entity.MembershipRelation.insertMembership  - ==&gt;  Preparing: insert into ACT_ID_MEMBERSHIP (USER_ID_, GROUP_ID_) values ( ?, ? ) 
10:44:56,435 [main] DEBUG org.activiti.engine.impl.persistence.entity.MembershipRelation.insertMembership  - ==&gt; Parameters: kermit(String), muppets(String)
10:44:56,435 [main] DEBUG org.activiti.engine.impl.persistence.entity.MembershipRelation.insertMembership  - &lt;==    Updates: 1
10:44:56,435 [main] DEBUG org.activiti.engine.impl.cfg.standalone.StandaloneMybatisTransactionContext  - firing event committing...
10:44:56,435 [main] DEBUG org.activiti.engine.impl.cfg.standalone.StandaloneMybatisTransactionContext  - committing the ibatis sql session...
10:44:56,435 [main] DEBUG org.apache.ibatis.transaction.jdbc.JdbcTransaction  - Committing JDBC Connection [conn2: url=jdbc:h2:mem:activiti user=SA]
10:44:56,435 [main] DEBUG org.activiti.engine.impl.cfg.standalone.StandaloneMybatisTransactionContext  - firing event committed...
10:44:56,435 [main] DEBUG org.apache.ibatis.transaction.jdbc.JdbcTransaction  - Resetting autocommit to true on JDBC Connection [conn2: url=jdbc:h2:mem:activiti user=SA]
10:44:56,435 [main] DEBUG org.apache.ibatis.transaction.jdbc.JdbcTransaction  - Closing JDBC Connection [conn2: url=jdbc:h2:mem:activiti user=SA]
10:44:56,435 [main] DEBUG org.apache.ibatis.datasource.pooled.PooledDataSource  - Returned connection 363509958 to pool.
10:44:56,435 [main] DEBUG org.activiti.engine.impl.interceptor.LogInterceptor  - --- CreateMembershipCmd finished --------------------------------------------------------
10:44:56,435 [main] DEBUG org.activiti.engine.impl.interceptor.LogInterceptor  - 

10:44:56,435 [main] DEBUG org.activiti.engine.impl.interceptor.LogInterceptor  - 

10:44:56,435 [main] DEBUG org.activiti.engine.impl.interceptor.LogInterceptor  - --- starting CreateMembershipCmd --------------------------------------------------------
10:44:56,435 [main] DEBUG org.activiti.engine.impl.db.DbSqlSession  -   insert org.activiti.engine.impl.persistence.entity.MembershipEntity@3d19d85
10:44:56,435 [main] DEBUG org.activiti.engine.impl.db.DbSqlSession  - flush summary: 1 insert, 0 update, 0 delete.
10:44:56,435 [main] DEBUG org.activiti.engine.impl.db.DbSqlSession  - now executing flush...
10:44:56,435 [main] DEBUG org.activiti.engine.impl.db.DbSqlSession  - inserting: org.activiti.engine.impl.persistence.entity.MembershipEntity@3d19d85
10:44:56,435 [main] DEBUG org.apache.ibatis.transaction.jdbc.JdbcTransaction  - Opening JDBC Connection
10:44:56,435 [main] DEBUG org.apache.ibatis.datasource.pooled.PooledDataSource  - Checked out connection 180014677 from pool.
10:44:56,435 [main] DEBUG org.apache.ibatis.transaction.jdbc.JdbcTransaction  - Setting autocommit to false on JDBC Connection [conn3: url=jdbc:h2:mem:activiti user=SA]
10:44:56,435 [main] DEBUG org.activiti.engine.impl.persistence.entity.MembershipRelation.insertMembership  - ==&gt;  Preparing: insert into ACT_ID_MEMBERSHIP (USER_ID_, GROUP_ID_) values ( ?, ? ) 
10:44:56,435 [main] DEBUG org.activiti.engine.impl.persistence.entity.MembershipRelation.insertMembership  - ==&gt; Parameters: fozzie(String), muppets(String)
10:44:56,435 [main] DEBUG org.activiti.engine.impl.persistence.entity.MembershipRelation.insertMembership  - &lt;==    Updates: 1
10:44:56,435 [main] DEBUG org.activiti.engine.impl.cfg.standalone.StandaloneMybatisTransactionContext  - firing event committing...
10:44:56,435 [main] DEBUG org.activiti.engine.impl.cfg.standalone.StandaloneMybatisTransactionContext  - committing the ibatis sql session...
10:44:56,435 [main] DEBUG org.apache.ibatis.transaction.jdbc.JdbcTransaction  - Committing JDBC Connection [conn3: url=jdbc:h2:mem:activiti user=SA]
10:44:56,435 [main] DEBUG org.activiti.engine.impl.cfg.standalone.StandaloneMybatisTransactionContext  - firing event committed...
10:44:56,435 [main] DEBUG org.apache.ibatis.transaction.jdbc.JdbcTransaction  - Resetting autocommit to true on JDBC Connection [conn3: url=jdbc:h2:mem:activiti user=SA]
10:44:56,435 [main] DEBUG org.apache.ibatis.transaction.jdbc.JdbcTransaction  - Closing JDBC Connection [conn3: url=jdbc:h2:mem:activiti user=SA]
10:44:56,435 [main] DEBUG org.apache.ibatis.datasource.pooled.PooledDataSource  - Returned connection 180014677 to pool.
10:44:56,435 [main] DEBUG org.activiti.engine.impl.interceptor.LogInterceptor  - --- CreateMembershipCmd finished --------------------------------------------------------
10:44:56,435 [main] DEBUG org.activiti.engine.impl.interceptor.LogInterceptor  - 

10:44:56,435 [main] DEBUG org.activiti.engine.impl.interceptor.LogInterceptor  - 

10:44:56,435 [main] DEBUG org.activiti.engine.impl.interceptor.LogInterceptor  - --- starting CreateMembershipCmd --------------------------------------------------------
10:44:56,435 [main] DEBUG org.activiti.engine.impl.db.DbSqlSession  -   insert org.activiti.engine.impl.persistence.entity.MembershipEntity@2ae62bb6
10:44:56,435 [main] DEBUG org.activiti.engine.impl.db.DbSqlSession  - flush summary: 1 insert, 0 update, 0 delete.
10:44:56,435 [main] DEBUG org.activiti.engine.impl.db.DbSqlSession  - now executing flush...
10:44:56,435 [main] DEBUG org.activiti.engine.impl.db.DbSqlSession  - inserting: org.activiti.engine.impl.persistence.entity.MembershipEntity@2ae62bb6
10:44:56,435 [main] DEBUG org.apache.ibatis.transaction.jdbc.JdbcTransaction  - Opening JDBC Connection
10:44:56,435 [main] DEBUG org.apache.ibatis.datasource.pooled.PooledDataSource  - Checked out connection 297240765 from pool.
10:44:56,435 [main] DEBUG org.apache.ibatis.transaction.jdbc.JdbcTransaction  - Setting autocommit to false on JDBC Connection [conn4: url=jdbc:h2:mem:activiti user=SA]
10:44:56,435 [main] DEBUG org.activiti.engine.impl.persistence.entity.MembershipRelation.insertMembership  - ==&gt;  Preparing: insert into ACT_ID_MEMBERSHIP (USER_ID_, GROUP_ID_) values ( ?, ? ) 
10:44:56,435 [main] DEBUG org.activiti.engine.impl.persistence.entity.MembershipRelation.insertMembership  - ==&gt; Parameters: mispiggy(String), muppets(String)
10:44:56,435 [main] DEBUG org.activiti.engine.impl.persistence.entity.MembershipRelation.insertMembership  - &lt;==    Updates: 1
10:44:56,435 [main] DEBUG org.activiti.engine.impl.cfg.standalone.StandaloneMybatisTransactionContext  - firing event committing...
10:44:56,435 [main] DEBUG org.activiti.engine.impl.cfg.standalone.StandaloneMybatisTransactionContext  - committing the ibatis sql session...
10:44:56,435 [main] DEBUG org.apache.ibatis.transaction.jdbc.JdbcTransaction  - Committing JDBC Connection [conn4: url=jdbc:h2:mem:activiti user=SA]
10:44:56,435 [main] DEBUG org.activiti.engine.impl.cfg.standalone.StandaloneMybatisTransactionContext  - firing event committed...
10:44:56,435 [main] DEBUG org.apache.ibatis.transaction.jdbc.JdbcTransaction  - Resetting autocommit to true on JDBC Connection [conn4: url=jdbc:h2:mem:activiti user=SA]
10:44:56,435 [main] DEBUG org.apache.ibatis.transaction.jdbc.JdbcTransaction  - Closing JDBC Connection [conn4: url=jdbc:h2:mem:activiti user=SA]
10:44:56,435 [main] DEBUG org.apache.ibatis.datasource.pooled.PooledDataSource  - Returned connection 297240765 to pool.
10:44:56,435 [main] DEBUG org.activiti.engine.impl.interceptor.LogInterceptor  - --- CreateMembershipCmd finished --------------------------------------------------------
10:44:56,435 [main] DEBUG org.activiti.engine.impl.interceptor.LogInterceptor  - 

10:44:56,435 [main] DEBUG org.activiti.engine.impl.interceptor.LogInterceptor  - 

10:44:56,435 [main] DEBUG org.activiti.engine.impl.interceptor.LogInterceptor  - --- starting CreateMembershipCmd --------------------------------------------------------
10:44:56,435 [main] DEBUG org.activiti.engine.impl.db.DbSqlSession  -   insert org.activiti.engine.impl.persistence.entity.MembershipEntity@68ed3f30
10:44:56,435 [main] DEBUG org.activiti.engine.impl.db.DbSqlSession  - flush summary: 1 insert, 0 update, 0 delete.
10:44:56,435 [main] DEBUG org.activiti.engine.impl.db.DbSqlSession  - now executing flush...
10:44:56,435 [main] DEBUG org.activiti.engine.impl.db.DbSqlSession  - inserting: org.activiti.engine.impl.persistence.entity.MembershipEntity@68ed3f30
10:44:56,435 [main] DEBUG org.apache.ibatis.transaction.jdbc.JdbcTransaction  - Opening JDBC Connection
10:44:56,435 [main] DEBUG org.apache.ibatis.datasource.pooled.PooledDataSource  - Checked out connection 363509958 from pool.
10:44:56,435 [main] DEBUG org.apache.ibatis.transaction.jdbc.JdbcTransaction  - Setting autocommit to false on JDBC Connection [conn2: url=jdbc:h2:mem:activiti user=SA]
10:44:56,435 [main] DEBUG org.activiti.engine.impl.persistence.entity.MembershipRelation.insertMembership  - ==&gt;  Preparing: insert into ACT_ID_MEMBERSHIP (USER_ID_, GROUP_ID_) values ( ?, ? ) 
10:44:56,435 [main] DEBUG org.activiti.engine.impl.persistence.entity.MembershipRelation.insertMembership  - ==&gt; Parameters: kermit(String), frogs(String)
10:44:56,435 [main] DEBUG org.activiti.engine.impl.persistence.entity.MembershipRelation.insertMembership  - &lt;==    Updates: 1
10:44:56,435 [main] DEBUG org.activiti.engine.impl.cfg.standalone.StandaloneMybatisTransactionContext  - firing event committing...
10:44:56,435 [main] DEBUG org.activiti.engine.impl.cfg.standalone.StandaloneMybatisTransactionContext  - committing the ibatis sql session...
10:44:56,435 [main] DEBUG org.apache.ibatis.transaction.jdbc.JdbcTransaction  - Committing JDBC Connection [conn2: url=jdbc:h2:mem:activiti user=SA]
10:44:56,435 [main] DEBUG org.activiti.engine.impl.cfg.standalone.StandaloneMybatisTransactionContext  - firing event committed...
10:44:56,435 [main] DEBUG org.apache.ibatis.transaction.jdbc.JdbcTransaction  - Resetting autocommit to true on JDBC Connection [conn2: url=jdbc:h2:mem:activiti user=SA]
10:44:56,435 [main] DEBUG org.apache.ibatis.transaction.jdbc.JdbcTransaction  - Closing JDBC Connection [conn2: url=jdbc:h2:mem:activiti user=SA]
10:44:56,435 [main] DEBUG org.apache.ibatis.datasource.pooled.PooledDataSource  - Returned connection 363509958 to pool.
10:44:56,435 [main] DEBUG org.activiti.engine.impl.interceptor.LogInterceptor  - --- CreateMembershipCmd finished --------------------------------------------------------
10:44:56,435 [main] DEBUG org.activiti.engine.impl.interceptor.LogInterceptor  - 

10:44:56,435 [main] DEBUG org.activiti.engine.impl.interceptor.LogInterceptor  - 

10:44:56,435 [main] DEBUG org.activiti.engine.impl.interceptor.LogInterceptor  - --- starting CreateMembershipCmd --------------------------------------------------------
10:44:56,435 [main] DEBUG org.activiti.engine.impl.db.DbSqlSession  -   insert org.activiti.engine.impl.persistence.entity.MembershipEntity@56b859a6
10:44:56,435 [main] DEBUG org.activiti.engine.impl.db.DbSqlSession  - flush summary: 1 insert, 0 update, 0 delete.
10:44:56,435 [main] DEBUG org.activiti.engine.impl.db.DbSqlSession  - now executing flush...
10:44:56,435 [main] DEBUG org.activiti.engine.impl.db.DbSqlSession  - inserting: org.activiti.engine.impl.persistence.entity.MembershipEntity@56b859a6
10:44:56,435 [main] DEBUG org.apache.ibatis.transaction.jdbc.JdbcTransaction  - Opening JDBC Connection
10:44:56,435 [main] DEBUG org.apache.ibatis.datasource.pooled.PooledDataSource  - Checked out connection 180014677 from pool.
10:44:56,435 [main] DEBUG org.apache.ibatis.transaction.jdbc.JdbcTransaction  - Setting autocommit to false on JDBC Connection [conn3: url=jdbc:h2:mem:activiti user=SA]
10:44:56,435 [main] DEBUG org.activiti.engine.impl.persistence.entity.MembershipRelation.insertMembership  - ==&gt;  Preparing: insert into ACT_ID_MEMBERSHIP (USER_ID_, GROUP_ID_) values ( ?, ? ) 
10:44:56,435 [main] DEBUG org.activiti.engine.impl.persistence.entity.MembershipRelation.insertMembership  - ==&gt; Parameters: fozzie(String), mammals(String)
10:44:56,436 [main] DEBUG org.activiti.engine.impl.persistence.entity.MembershipRelation.insertMembership  - &lt;==    Updates: 1
10:44:56,436 [main] DEBUG org.activiti.engine.impl.cfg.standalone.StandaloneMybatisTransactionContext  - firing event committing...
10:44:56,436 [main] DEBUG org.activiti.engine.impl.cfg.standalone.StandaloneMybatisTransactionContext  - committing the ibatis sql session...
10:44:56,436 [main] DEBUG org.apache.ibatis.transaction.jdbc.JdbcTransaction  - Committing JDBC Connection [conn3: url=jdbc:h2:mem:activiti user=SA]
10:44:56,436 [main] DEBUG org.activiti.engine.impl.cfg.standalone.StandaloneMybatisTransactionContext  - firing event committed...
10:44:56,436 [main] DEBUG org.apache.ibatis.transaction.jdbc.JdbcTransaction  - Resetting autocommit to true on JDBC Connection [conn3: url=jdbc:h2:mem:activiti user=SA]
10:44:56,436 [main] DEBUG org.apache.ibatis.transaction.jdbc.JdbcTransaction  - Closing JDBC Connection [conn3: url=jdbc:h2:mem:activiti user=SA]
10:44:56,436 [main] DEBUG org.apache.ibatis.datasource.pooled.PooledDataSource  - Returned connection 180014677 to pool.
10:44:56,436 [main] DEBUG org.activiti.engine.impl.interceptor.LogInterceptor  - --- CreateMembershipCmd finished --------------------------------------------------------
10:44:56,436 [main] DEBUG org.activiti.engine.impl.interceptor.LogInterceptor  - 

10:44:56,436 [main] DEBUG org.activiti.engine.impl.interceptor.LogInterceptor  - 

10:44:56,436 [main] DEBUG org.activiti.engine.impl.interceptor.LogInterceptor  - --- starting CreateMembershipCmd --------------------------------------------------------
10:44:56,436 [main] DEBUG org.activiti.engine.impl.db.DbSqlSession  -   insert org.activiti.engine.impl.persistence.entity.MembershipEntity@590adb41
10:44:56,436 [main] DEBUG org.activiti.engine.impl.db.DbSqlSession  - flush summary: 1 insert, 0 update, 0 delete.
10:44:56,436 [main] DEBUG org.activiti.engine.impl.db.DbSqlSession  - now executing flush...
10:44:56,436 [main] DEBUG org.activiti.engine.impl.db.DbSqlSession  - inserting: org.activiti.engine.impl.persistence.entity.MembershipEntity@590adb41
10:44:56,436 [main] DEBUG org.apache.ibatis.transaction.jdbc.JdbcTransaction  - Opening JDBC Connection
10:44:56,436 [main] DEBUG org.apache.ibatis.datasource.pooled.PooledDataSource  - Checked out connection 297240765 from pool.
10:44:56,436 [main] DEBUG org.apache.ibatis.transaction.jdbc.JdbcTransaction  - Setting autocommit to false on JDBC Connection [conn4: url=jdbc:h2:mem:activiti user=SA]
10:44:56,436 [main] DEBUG org.activiti.engine.impl.persistence.entity.MembershipRelation.insertMembership  - ==&gt;  Preparing: insert into ACT_ID_MEMBERSHIP (USER_ID_, GROUP_ID_) values ( ?, ? ) 
10:44:56,436 [main] DEBUG org.activiti.engine.impl.persistence.entity.MembershipRelation.insertMembership  - ==&gt; Parameters: mispiggy(String), mammals(String)
10:44:56,436 [main] DEBUG org.activiti.engine.impl.persistence.entity.MembershipRelation.insertMembership  - &lt;==    Updates: 1
10:44:56,436 [main] DEBUG org.activiti.engine.impl.cfg.standalone.StandaloneMybatisTransactionContext  - firing event committing...
10:44:56,436 [main] DEBUG org.activiti.engine.impl.cfg.standalone.StandaloneMybatisTransactionContext  - committing the ibatis sql session...
10:44:56,436 [main] DEBUG org.apache.ibatis.transaction.jdbc.JdbcTransaction  - Committing JDBC Connection [conn4: url=jdbc:h2:mem:activiti user=SA]
10:44:56,436 [main] DEBUG org.activiti.engine.impl.cfg.standalone.StandaloneMybatisTransactionContext  - firing event committed...
10:44:56,436 [main] DEBUG org.apache.ibatis.transaction.jdbc.JdbcTransaction  - Resetting autocommit to true on JDBC Connection [conn4: url=jdbc:h2:mem:activiti user=SA]
10:44:56,436 [main] DEBUG org.apache.ibatis.transaction.jdbc.JdbcTransaction  - Closing JDBC Connection [conn4: url=jdbc:h2:mem:activiti user=SA]
10:44:56,436 [main] DEBUG org.apache.ibatis.datasource.pooled.PooledDataSource  - Returned connection 297240765 to pool.
10:44:56,436 [main] DEBUG org.activiti.engine.impl.interceptor.LogInterceptor  - --- CreateMembershipCmd finished --------------------------------------------------------
10:44:56,436 [main] DEBUG org.activiti.engine.impl.interceptor.LogInterceptor  - 

10:44:56,436 [main] DEBUG org.activiti.engine.impl.interceptor.LogInterceptor  - 

10:44:56,436 [main] DEBUG org.activiti.engine.impl.interceptor.LogInterceptor  - --- starting CreateMembershipCmd --------------------------------------------------------
10:44:56,436 [main] DEBUG org.activiti.engine.impl.db.DbSqlSession  -   insert org.activiti.engine.impl.persistence.entity.MembershipEntity@42aae04d
10:44:56,436 [main] DEBUG org.activiti.engine.impl.db.DbSqlSession  - flush summary: 1 insert, 0 update, 0 delete.
10:44:56,436 [main] DEBUG org.activiti.engine.impl.db.DbSqlSession  - now executing flush...
10:44:56,436 [main] DEBUG org.activiti.engine.impl.db.DbSqlSession  - inserting: org.activiti.engine.impl.persistence.entity.MembershipEntity@42aae04d
10:44:56,436 [main] DEBUG org.apache.ibatis.transaction.jdbc.JdbcTransaction  - Opening JDBC Connection
10:44:56,436 [main] DEBUG org.apache.ibatis.datasource.pooled.PooledDataSource  - Checked out connection 363509958 from pool.
10:44:56,436 [main] DEBUG org.apache.ibatis.transaction.jdbc.JdbcTransaction  - Setting autocommit to false on JDBC Connection [conn2: url=jdbc:h2:mem:activiti user=SA]
10:44:56,436 [main] DEBUG org.activiti.engine.impl.persistence.entity.MembershipRelation.insertMembership  - ==&gt;  Preparing: insert into ACT_ID_MEMBERSHIP (USER_ID_, GROUP_ID_) values ( ?, ? ) 
10:44:56,436 [main] DEBUG org.activiti.engine.impl.persistence.entity.MembershipRelation.insertMembership  - ==&gt; Parameters: kermit(String), admin(String)
10:44:56,436 [main] DEBUG org.activiti.engine.impl.persistence.entity.MembershipRelation.insertMembership  - &lt;==    Updates: 1
10:44:56,436 [main] DEBUG org.activiti.engine.impl.cfg.standalone.StandaloneMybatisTransactionContext  - firing event committing...
10:44:56,436 [main] DEBUG org.activiti.engine.impl.cfg.standalone.StandaloneMybatisTransactionContext  - committing the ibatis sql session...
10:44:56,436 [main] DEBUG org.apache.ibatis.transaction.jdbc.JdbcTransaction  - Committing JDBC Connection [conn2: url=jdbc:h2:mem:activiti user=SA]
10:44:56,436 [main] DEBUG org.activiti.engine.impl.cfg.standalone.StandaloneMybatisTransactionContext  - firing event committed...
10:44:56,436 [main] DEBUG org.apache.ibatis.transaction.jdbc.JdbcTransaction  - Resetting autocommit to true on JDBC Connection [conn2: url=jdbc:h2:mem:activiti user=SA]
10:44:56,436 [main] DEBUG org.apache.ibatis.transaction.jdbc.JdbcTransaction  - Closing JDBC Connection [conn2: url=jdbc:h2:mem:activiti user=SA]
10:44:56,436 [main] DEBUG org.apache.ibatis.datasource.pooled.PooledDataSource  - Returned connection 363509958 to pool.
10:44:56,436 [main] DEBUG org.activiti.engine.impl.interceptor.LogInterceptor  - --- CreateMembershipCmd finished --------------------------------------------------------
10:44:56,436 [main] DEBUG org.activiti.engine.impl.interceptor.LogInterceptor  - 

10:44:56,436 [main] DEBUG org.activiti.engine.impl.test.PvmTestCase  - 

10:44:56,436 [main] DEBUG org.activiti.engine.impl.test.PvmTestCase  - #### START GroupQueryTest.testQueryByInvalidMember ###########################################################
10:44:56,436 [main] DEBUG org.activiti.engine.impl.interceptor.LogInterceptor  - 

10:44:56,436 [main] DEBUG org.activiti.engine.impl.interceptor.LogInterceptor  - --- starting CreateGroupQueryCmd --------------------------------------------------------
10:44:56,436 [main] DEBUG org.activiti.engine.impl.cfg.standalone.StandaloneMybatisTransactionContext  - firing event committing...
10:44:56,436 [main] DEBUG org.activiti.engine.impl.cfg.standalone.StandaloneMybatisTransactionContext  - committing the ibatis sql session...
10:44:56,436 [main] DEBUG org.activiti.engine.impl.cfg.standalone.StandaloneMybatisTransactionContext  - firing event committed...
10:44:56,436 [main] DEBUG org.activiti.engine.impl.interceptor.LogInterceptor  - --- CreateGroupQueryCmd finished --------------------------------------------------------
10:44:56,436 [main] DEBUG org.activiti.engine.impl.interceptor.LogInterceptor  - 

10:44:56,436 [main] DEBUG org.activiti.engine.impl.interceptor.LogInterceptor  - 

10:44:56,436 [main] DEBUG org.activiti.engine.impl.interceptor.LogInterceptor  - --- starting GroupQueryImpl --------------------------------------------------------
10:44:56,436 [main] DEBUG org.apache.ibatis.transaction.jdbc.JdbcTransaction  - Opening JDBC Connection
10:44:56,436 [main] DEBUG org.apache.ibatis.datasource.pooled.PooledDataSource  - Checked out connection 180014677 from pool.
10:44:56,436 [main] DEBUG org.apache.ibatis.transaction.jdbc.JdbcTransaction  - Setting autocommit to false on JDBC Connection [conn3: url=jdbc:h2:mem:activiti user=SA]
10:44:56,436 [main] DEBUG org.activiti.engine.impl.persistence.entity.GroupEntity.selectGroupByQueryCriteria  - ==&gt;  Preparing: select RES.* from ACT_ID_GROUP RES inner join ACT_ID_MEMBERSHIP M on RES.ID_ = M.GROUP_ID_ inner join ACT_ID_USER U on M.USER_ID_ = U.ID_ WHERE U.ID_ = ? order by order by RES.ID_ asc LIMIT ? OFFSET ? 
10:44:56,436 [main] DEBUG org.activiti.engine.impl.interceptor.CommandContext  - Error while closing command context
org.apache.ibatis.exceptions.PersistenceException: 
### Error querying database.  Cause: org.h2.jdbc.JdbcSQLException: Syntax error in SQL statement &quot;SELECT RES.* 
     
    FROM ACT_ID_GROUP RES
     
      INNER JOIN ACT_ID_MEMBERSHIP M ON RES.ID_ = M.GROUP_ID_
      INNER JOIN ACT_ID_USER U ON M.USER_ID_ = U.ID_
     
     WHERE  U.ID_ = ? 
   
     ORDER BY  ORDER[*] BY RES.ID_ ASC  
    LIMIT ? OFFSET ? &quot;; expected &quot;=, NOT, EXISTS, INTERSECTS, SELECT, FROM&quot;; SQL statement:
select RES.* 
     
    from ACT_ID_GROUP RES
     
      inner join ACT_ID_MEMBERSHIP M on RES.ID_ = M.GROUP_ID_
      inner join ACT_ID_USER U on M.USER_ID_ = U.ID_
     
     WHERE  U.ID_ = ? 
   
     order by  order by RES.ID_ asc  
    LIMIT ? OFFSET ? [42001-176]
### The error may exist in org/activiti/db/mapping/entity/Group.xml
### The error may involve org.activiti.engine.impl.persistence.entity.GroupEntity.selectGroupByQueryCriteria
### The error occurred while executing a query
### SQL: select RES.*            from ACT_ID_GROUP RES             inner join ACT_ID_MEMBERSHIP M on RES.ID_ = M.GROUP_ID_       inner join ACT_ID_USER U on M.USER_ID_ = U.ID_            WHERE  U.ID_ = ?           order by  order by RES.ID_ asc       LIMIT ? OFFSET ?
### Cause: org.h2.jdbc.JdbcSQLException: Syntax error in SQL statement &quot;SELECT RES.* 
     
    FROM ACT_ID_GROUP RES
     
      INNER JOIN ACT_ID_MEMBERSHIP M ON RES.ID_ = M.GROUP_ID_
      INNER JOIN ACT_ID_USER U ON M.USER_ID_ = U.ID_
     
     WHERE  U.ID_ = ? 
   
     ORDER BY  ORDER[*] BY RES.ID_ ASC  
    LIMIT ? OFFSET ? &quot;; expected &quot;=, NOT, EXISTS, INTERSECTS, SELECT, FROM&quot;; SQL statement:
select RES.* 
     
    from ACT_ID_GROUP RES
     
      inner join ACT_ID_MEMBERSHIP M on RES.ID_ = M.GROUP_ID_
      inner join ACT_ID_USER U on M.USER_ID_ = U.ID_
     
     WHERE  U.ID_ = ? 
   
     order by  order by RES.ID_ asc  
    LIMIT ? OFFSET ? [42001-176]
	at org.apache.ibatis.exceptions.ExceptionFactory.wrapException(ExceptionFactory.java:30)
	at org.apache.ibatis.session.defaults.DefaultSqlSession.selectList(DefaultSqlSession.java:122)
	at org.apache.ibatis.session.defaults.DefaultSqlSession.selectList(DefaultSqlSession.java:113)
	at org.activiti.engine.impl.db.DbSqlSession.selectListWithRawParameter(DbSqlSession.java:438)
	at org.activiti.engine.impl.db.DbSqlSession.selectList(DbSqlSession.java:429)
	at org.activiti.engine.impl.db.DbSqlSession.selectList(DbSqlSession.java:419)
	at org.activiti.engine.impl.persistence.entity.GroupEntityManager.findGroupByQueryCriteria(GroupEntityManager.java:90)
	at org.activiti.engine.impl.GroupQueryImpl.executeList(GroupQueryImpl.java:125)
	at org.activiti.engine.impl.AbstractQuery.execute(AbstractQuery.java:164)
	at org.activiti.engine.impl.interceptor.CommandInvoker.execute(CommandInvoker.java:24)
	at org.activiti.engine.impl.interceptor.CommandContextInterceptor.execute(CommandContextInterceptor.java:57)
	at org.activiti.engine.impl.interceptor.LogInterceptor.execute(LogInterceptor.java:37)
	at org.activiti.engine.impl.cfg.CommandExecutorImpl.execute(CommandExecutorImpl.java:40)
	at org.activiti.engine.impl.cfg.CommandExecutorImpl.execute(CommandExecutorImpl.java:35)
	at org.activiti.engine.impl.AbstractQuery.list(AbstractQuery.java:138)
	at org.activiti.engine.test.api.identity.GroupQueryTest.verifyQueryResults(GroupQueryTest.java:221)
	at org.activiti.engine.test.api.identity.GroupQueryTest.testQueryByInvalidMember(GroupQueryTest.java:173)
	at sun.reflect.NativeMethodAccessorImpl.invoke0(Native Method)
	at sun.reflect.NativeMethodAccessorImpl.invoke(NativeMethodAccessorImpl.java:62)
	at sun.reflect.DelegatingMethodAccessorImpl.invoke(DelegatingMethodAccessorImpl.java:43)
	at java.lang.reflect.Method.invoke(Method.java:498)
	at junit.framework.TestCase.runTest(TestCase.java:176)
	at org.activiti.engine.impl.test.PvmTestCase.runTest(PvmTestCase.java:65)
	at junit.framework.TestCase.runBare(TestCase.java:141)
	at org.activiti.engine.impl.test.AbstractActivitiTestCase.runBare(AbstractActivitiTestCase.java:100)
	at junit.framework.TestResult$1.protect(TestResult.java:122)
	at junit.framework.TestResult.runProtected(TestResult.java:142)
	at junit.framework.TestResult.run(TestResult.java:125)
	at junit.framework.TestCase.run(TestCase.java:129)
	at junit.framework.TestSuite.runTest(TestSuite.java:255)
	at junit.framework.TestSuite.run(TestSuite.java:250)
	at org.junit.internal.runners.JUnit38ClassRunner.run(JUnit38ClassRunner.java:84)
	at org.apache.maven.surefire.junit4.JUnit4TestSet.execute(JUnit4TestSet.java:35)
	at org.apache.maven.surefire.junit4.JUnit4Provider.executeTestSet(JUnit4Provider.java:146)
	at org.apache.maven.surefire.junit4.JUnit4Provider.invoke(JUnit4Provider.java:97)
	at sun.reflect.NativeMethodAccessorImpl.invoke0(Native Method)
	at sun.reflect.NativeMethodAccessorImpl.invoke(NativeMethodAccessorImpl.java:62)
	at sun.reflect.DelegatingMethodAccessorImpl.invoke(DelegatingMethodAccessorImpl.java:43)
	at java.lang.reflect.Method.invoke(Method.java:498)
	at org.apache.maven.surefire.booter.ProviderFactory$ClassLoaderProxy.invoke(ProviderFactory.java:103)
	at com.sun.proxy.$Proxy0.invoke(Unknown Source)
	at org.apache.maven.surefire.booter.SurefireStarter.invokeProvider(SurefireStarter.java:145)
	at org.apache.maven.surefire.booter.SurefireStarter.runSuitesInProcess(SurefireStarter.java:87)
	at org.apache.maven.surefire.booter.ForkedBooter.main(ForkedBooter.java:69)
Caused by: org.h2.jdbc.JdbcSQLException: Syntax error in SQL statement &quot;SELECT RES.* 
     
    FROM ACT_ID_GROUP RES
     
      INNER JOIN ACT_ID_MEMBERSHIP M ON RES.ID_ = M.GROUP_ID_
      INNER JOIN ACT_ID_USER U ON M.USER_ID_ = U.ID_
     
     WHERE  U.ID_ = ? 
   
     ORDER BY  ORDER[*] BY RES.ID_ ASC  
    LIMIT ? OFFSET ? &quot;; expected &quot;=, NOT, EXISTS, INTERSECTS, SELECT, FROM&quot;; SQL statement:
select RES.* 
     
    from ACT_ID_GROUP RES
     
      inner join ACT_ID_MEMBERSHIP M on RES.ID_ = M.GROUP_ID_
      inner join ACT_ID_USER U on M.USER_ID_ = U.ID_
     
     WHERE  U.ID_ = ? 
   
     order by  order by RES.ID_ asc  
    LIMIT ? OFFSET ? [42001-176]
	at org.h2.message.DbException.getJdbcSQLException(DbException.java:344)
	at org.h2.message.DbException.getSyntaxError(DbException.java:204)
	at org.h2.command.Parser.getSyntaxError(Parser.java:524)
	at org.h2.command.Parser.readTerm(Parser.java:2688)
	at org.h2.command.Parser.readFactor(Parser.java:2244)
	at org.h2.command.Parser.readSum(Parser.java:2231)
	at org.h2.command.Parser.readConcat(Parser.java:2201)
	at org.h2.command.Parser.readCondition(Parser.java:2051)
	at org.h2.command.Parser.readAnd(Parser.java:2023)
	at org.h2.command.Parser.readExpression(Parser.java:2015)
	at org.h2.command.Parser.parseEndOfQuery(Parser.java:1726)
	at org.h2.command.Parser.parseSelectUnionExtension(Parser.java:1706)
	at org.h2.command.Parser.parseSelectUnion(Parser.java:1675)
	at org.h2.command.Parser.parseSelect(Parser.java:1662)
	at org.h2.command.Parser.parsePrepared(Parser.java:434)
	at org.h2.command.Parser.parse(Parser.java:306)
	at org.h2.command.Parser.parse(Parser.java:282)
	at org.h2.command.Parser.prepareCommand(Parser.java:243)
	at org.h2.engine.Session.prepareLocal(Session.java:442)
	at org.h2.engine.Session.prepareCommand(Session.java:384)
	at org.h2.jdbc.JdbcConnection.prepareCommand(JdbcConnection.java:1188)
	at org.h2.jdbc.JdbcPreparedStatement.&lt;init&gt;(JdbcPreparedStatement.java:73)
	at org.h2.jdbc.JdbcConnection.prepareStatement(JdbcConnection.java:276)
	at sun.reflect.GeneratedMethodAccessor6.invoke(Unknown Source)
	at sun.reflect.DelegatingMethodAccessorImpl.invoke(DelegatingMethodAccessorImpl.java:43)
	at java.lang.reflect.Method.invoke(Method.java:498)
	at org.apache.ibatis.datasource.pooled.PooledConnection.invoke(PooledConnection.java:245)
	at com.sun.proxy.$Proxy12.prepareStatement(Unknown Source)
	at sun.reflect.GeneratedMethodAccessor6.invoke(Unknown Source)
	at sun.reflect.DelegatingMethodAccessorImpl.invoke(DelegatingMethodAccessorImpl.java:43)
	at java.lang.reflect.Method.invoke(Method.java:498)
	at org.apache.ibatis.logging.jdbc.ConnectionLogger.invoke(ConnectionLogger.java:55)
	at com.sun.proxy.$Proxy12.prepareStatement(Unknown Source)
	at org.apache.ibatis.executor.statement.PreparedStatementHandler.instantiateStatement(PreparedStatementHandler.java:79)
	at org.apache.ibatis.executor.statement.BaseStatementHandler.prepare(BaseStatementHandler.java:88)
	at org.apache.ibatis.executor.statement.RoutingStatementHandler.prepare(RoutingStatementHandler.java:58)
	at org.apache.ibatis.executor.SimpleExecutor.prepareStatement(SimpleExecutor.java:76)
	at org.apache.ibatis.executor.SimpleExecutor.doQuery(SimpleExecutor.java:61)
	at org.apache.ibatis.executor.BaseExecutor.queryFromDatabase(BaseExecutor.java:303)
	at org.apache.ibatis.executor.BaseExecutor.query(BaseExecutor.java:154)
	at org.apache.ibatis.executor.CachingExecutor.query(CachingExecutor.java:102)
	at org.apache.ibatis.executor.CachingExecutor.query(CachingExecutor.java:82)
	at org.apache.ibatis.session.defaults.DefaultSqlSession.selectList(DefaultSqlSession.java:120)
	... 42 more
10:44:56,437 [main] DEBUG org.activiti.engine.impl.cfg.standalone.StandaloneMybatisTransactionContext  - firing event rolling back...
10:44:56,437 [main] DEBUG org.activiti.engine.impl.cfg.standalone.StandaloneMybatisTransactionContext  - rolling back ibatis sql session...
10:44:56,437 [main] DEBUG org.activiti.engine.impl.cfg.standalone.StandaloneMybatisTransactionContext  - firing event rolled back...
10:44:56,437 [main] DEBUG org.apache.ibatis.transaction.jdbc.JdbcTransaction  - Resetting autocommit to true on JDBC Connection [conn3: url=jdbc:h2:mem:activiti user=SA]
10:44:56,437 [main] DEBUG org.apache.ibatis.transaction.jdbc.JdbcTransaction  - Closing JDBC Connection [conn3: url=jdbc:h2:mem:activiti user=SA]
10:44:56,437 [main] DEBUG org.apache.ibatis.datasource.pooled.PooledDataSource  - Returned connection 180014677 to pool.
10:44:56,437 [main] DEBUG org.activiti.engine.impl.interceptor.LogInterceptor  - --- GroupQueryImpl finished --------------------------------------------------------
10:44:56,437 [main] DEBUG org.activiti.engine.impl.interceptor.LogInterceptor  - 

10:44:56,437 [main] ERROR org.activiti.engine.impl.test.PvmTestCase  - 

10:44:56,437 [main] ERROR org.activiti.engine.impl.test.PvmTestCase  - EXCEPTION: org.apache.ibatis.exceptions.PersistenceException: 
### Error querying database.  Cause: org.h2.jdbc.JdbcSQLException: Syntax error in SQL statement &quot;SELECT RES.* 
     
    FROM ACT_ID_GROUP RES
     
      INNER JOIN ACT_ID_MEMBERSHIP M ON RES.ID_ = M.GROUP_ID_
      INNER JOIN ACT_ID_USER U ON M.USER_ID_ = U.ID_
     
     WHERE  U.ID_ = ? 
   
     ORDER BY  ORDER[*] BY RES.ID_ ASC  
    LIMIT ? OFFSET ? &quot;; expected &quot;=, NOT, EXISTS, INTERSECTS, SELECT, FROM&quot;; SQL statement:
select RES.* 
     
    from ACT_ID_GROUP RES
     
      inner join ACT_ID_MEMBERSHIP M on RES.ID_ = M.GROUP_ID_
      inner join ACT_ID_USER U on M.USER_ID_ = U.ID_
     
     WHERE  U.ID_ = ? 
   
     order by  order by RES.ID_ asc  
    LIMIT ? OFFSET ? [42001-176]
### The error may exist in org/activiti/db/mapping/entity/Group.xml
### The error may involve org.activiti.engine.impl.persistence.entity.GroupEntity.selectGroupByQueryCriteria
### The error occurred while executing a query
### SQL: select RES.*            from ACT_ID_GROUP RES             inner join ACT_ID_MEMBERSHIP M on RES.ID_ = M.GROUP_ID_       inner join ACT_ID_USER U on M.USER_ID_ = U.ID_            WHERE  U.ID_ = ?           order by  order by RES.ID_ asc       LIMIT ? OFFSET ?
### Cause: org.h2.jdbc.JdbcSQLException: Syntax error in SQL statement &quot;SELECT RES.* 
     
    FROM ACT_ID_GROUP RES
     
      INNER JOIN ACT_ID_MEMBERSHIP M ON RES.ID_ = M.GROUP_ID_
      INNER JOIN ACT_ID_USER U ON M.USER_ID_ = U.ID_
     
     WHERE  U.ID_ = ? 
   
     ORDER BY  ORDER[*] BY RES.ID_ ASC  
    LIMIT ? OFFSET ? &quot;; expected &quot;=, NOT, EXISTS, INTERSECTS, SELECT, FROM&quot;; SQL statement:
select RES.* 
     
    from ACT_ID_GROUP RES
     
      inner join ACT_ID_MEMBERSHIP M on RES.ID_ = M.GROUP_ID_
      inner join ACT_ID_USER U on M.USER_ID_ = U.ID_
     
     WHERE  U.ID_ = ? 
   
     order by  order by RES.ID_ asc  
    LIMIT ? OFFSET ? [42001-176]
org.apache.ibatis.exceptions.PersistenceException: 
### Error querying database.  Cause: org.h2.jdbc.JdbcSQLException: Syntax error in SQL statement &quot;SELECT RES.* 
     
    FROM ACT_ID_GROUP RES
     
      INNER JOIN ACT_ID_MEMBERSHIP M ON RES.ID_ = M.GROUP_ID_
      INNER JOIN ACT_ID_USER U ON M.USER_ID_ = U.ID_
     
     WHERE  U.ID_ = ? 
   
     ORDER BY  ORDER[*] BY RES.ID_ ASC  
    LIMIT ? OFFSET ? &quot;; expected &quot;=, NOT, EXISTS, INTERSECTS, SELECT, FROM&quot;; SQL statement:
select RES.* 
     
    from ACT_ID_GROUP RES
     
      inner join ACT_ID_MEMBERSHIP M on RES.ID_ = M.GROUP_ID_
      inner join ACT_ID_USER U on M.USER_ID_ = U.ID_
     
     WHERE  U.ID_ = ? 
   
     order by  order by RES.ID_ asc  
    LIMIT ? OFFSET ? [42001-176]
### The error may exist in org/activiti/db/mapping/entity/Group.xml
### The error may involve org.activiti.engine.impl.persistence.entity.GroupEntity.selectGroupByQueryCriteria
### The error occurred while executing a query
### SQL: select RES.*            from ACT_ID_GROUP RES             inner join ACT_ID_MEMBERSHIP M on RES.ID_ = M.GROUP_ID_       inner join ACT_ID_USER U on M.USER_ID_ = U.ID_            WHERE  U.ID_ = ?           order by  order by RES.ID_ asc       LIMIT ? OFFSET ?
### Cause: org.h2.jdbc.JdbcSQLException: Syntax error in SQL statement &quot;SELECT RES.* 
     
    FROM ACT_ID_GROUP RES
     
      INNER JOIN ACT_ID_MEMBERSHIP M ON RES.ID_ = M.GROUP_ID_
      INNER JOIN ACT_ID_USER U ON M.USER_ID_ = U.ID_
     
     WHERE  U.ID_ = ? 
   
     ORDER BY  ORDER[*] BY RES.ID_ ASC  
    LIMIT ? OFFSET ? &quot;; expected &quot;=, NOT, EXISTS, INTERSECTS, SELECT, FROM&quot;; SQL statement:
select RES.* 
     
    from ACT_ID_GROUP RES
     
      inner join ACT_ID_MEMBERSHIP M on RES.ID_ = M.GROUP_ID_
      inner join ACT_ID_USER U on M.USER_ID_ = U.ID_
     
     WHERE  U.ID_ = ? 
   
     order by  order by RES.ID_ asc  
    LIMIT ? OFFSET ? [42001-176]
	at org.apache.ibatis.exceptions.ExceptionFactory.wrapException(ExceptionFactory.java:30)
	at org.apache.ibatis.session.defaults.DefaultSqlSession.selectList(DefaultSqlSession.java:122)
	at org.apache.ibatis.session.defaults.DefaultSqlSession.selectList(DefaultSqlSession.java:113)
	at org.activiti.engine.impl.db.DbSqlSession.selectListWithRawParameter(DbSqlSession.java:438)
	at org.activiti.engine.impl.db.DbSqlSession.selectList(DbSqlSession.java:429)
	at org.activiti.engine.impl.db.DbSqlSession.selectList(DbSqlSession.java:419)
	at org.activiti.engine.impl.persistence.entity.GroupEntityManager.findGroupByQueryCriteria(GroupEntityManager.java:90)
	at org.activiti.engine.impl.GroupQueryImpl.executeList(GroupQueryImpl.java:125)
	at org.activiti.engine.impl.AbstractQuery.execute(AbstractQuery.java:164)
	at org.activiti.engine.impl.interceptor.CommandInvoker.execute(CommandInvoker.java:24)
	at org.activiti.engine.impl.interceptor.CommandContextInterceptor.execute(CommandContextInterceptor.java:57)
	at org.activiti.engine.impl.interceptor.LogInterceptor.execute(LogInterceptor.java:37)
	at org.activiti.engine.impl.cfg.CommandExecutorImpl.execute(CommandExecutorImpl.java:40)
	at org.activiti.engine.impl.cfg.CommandExecutorImpl.execute(CommandExecutorImpl.java:35)
	at org.activiti.engine.impl.AbstractQuery.list(AbstractQuery.java:138)
	at org.activiti.engine.test.api.identity.GroupQueryTest.verifyQueryResults(GroupQueryTest.java:221)
	at org.activiti.engine.test.api.identity.GroupQueryTest.testQueryByInvalidMember(GroupQueryTest.java:173)
	at sun.reflect.NativeMethodAccessorImpl.invoke0(Native Method)
	at sun.reflect.NativeMethodAccessorImpl.invoke(NativeMethodAccessorImpl.java:62)
	at sun.reflect.DelegatingMethodAccessorImpl.invoke(DelegatingMethodAccessorImpl.java:43)
	at java.lang.reflect.Method.invoke(Method.java:498)
	at junit.framework.TestCase.runTest(TestCase.java:176)
	at org.activiti.engine.impl.test.PvmTestCase.runTest(PvmTestCase.java:65)
	at junit.framework.TestCase.runBare(TestCase.java:141)
	at org.activiti.engine.impl.test.AbstractActivitiTestCase.runBare(AbstractActivitiTestCase.java:100)
	at junit.framework.TestResult$1.protect(TestResult.java:122)
	at junit.framework.TestResult.runProtected(TestResult.java:142)
	at junit.framework.TestResult.run(TestResult.java:125)
	at junit.framework.TestCase.run(TestCase.java:129)
	at junit.framework.TestSuite.runTest(TestSuite.java:255)
	at junit.framework.TestSuite.run(TestSuite.java:250)
	at org.junit.internal.runners.JUnit38ClassRunner.run(JUnit38ClassRunner.java:84)
	at org.apache.maven.surefire.junit4.JUnit4TestSet.execute(JUnit4TestSet.java:35)
	at org.apache.maven.surefire.junit4.JUnit4Provider.executeTestSet(JUnit4Provider.java:146)
	at org.apache.maven.surefire.junit4.JUnit4Provider.invoke(JUnit4Provider.java:97)
	at sun.reflect.NativeMethodAccessorImpl.invoke0(Native Method)
	at sun.reflect.NativeMethodAccessorImpl.invoke(NativeMethodAccessorImpl.java:62)
	at sun.reflect.DelegatingMethodAccessorImpl.invoke(DelegatingMethodAccessorImpl.java:43)
	at java.lang.reflect.Method.invoke(Method.java:498)
	at org.apache.maven.surefire.booter.ProviderFactory$ClassLoaderProxy.invoke(ProviderFactory.java:103)
	at com.sun.proxy.$Proxy0.invoke(Unknown Source)
	at org.apache.maven.surefire.booter.SurefireStarter.invokeProvider(SurefireStarter.java:145)
	at org.apache.maven.surefire.booter.SurefireStarter.runSuitesInProcess(SurefireStarter.java:87)
	at org.apache.maven.surefire.booter.ForkedBooter.main(ForkedBooter.java:69)
Caused by: org.h2.jdbc.JdbcSQLException: Syntax error in SQL statement &quot;SELECT RES.* 
     
    FROM ACT_ID_GROUP RES
     
      INNER JOIN ACT_ID_MEMBERSHIP M ON RES.ID_ = M.GROUP_ID_
      INNER JOIN ACT_ID_USER U ON M.USER_ID_ = U.ID_
     
     WHERE  U.ID_ = ? 
   
     ORDER BY  ORDER[*] BY RES.ID_ ASC  
    LIMIT ? OFFSET ? &quot;; expected &quot;=, NOT, EXISTS, INTERSECTS, SELECT, FROM&quot;; SQL statement:
select RES.* 
     
    from ACT_ID_GROUP RES
     
      inner join ACT_ID_MEMBERSHIP M on RES.ID_ = M.GROUP_ID_
      inner join ACT_ID_USER U on M.USER_ID_ = U.ID_
     
     WHERE  U.ID_ = ? 
   
     order by  order by RES.ID_ asc  
    LIMIT ? OFFSET ? [42001-176]
	at org.h2.message.DbException.getJdbcSQLException(DbException.java:344)
	at org.h2.message.DbException.getSyntaxError(DbException.java:204)
	at org.h2.command.Parser.getSyntaxError(Parser.java:524)
	at org.h2.command.Parser.readTerm(Parser.java:2688)
	at org.h2.command.Parser.readFactor(Parser.java:2244)
	at org.h2.command.Parser.readSum(Parser.java:2231)
	at org.h2.command.Parser.readConcat(Parser.java:2201)
	at org.h2.command.Parser.readCondition(Parser.java:2051)
	at org.h2.command.Parser.readAnd(Parser.java:2023)
	at org.h2.command.Parser.readExpression(Parser.java:2015)
	at org.h2.command.Parser.parseEndOfQuery(Parser.java:1726)
	at org.h2.command.Parser.parseSelectUnionExtension(Parser.java:1706)
	at org.h2.command.Parser.parseSelectUnion(Parser.java:1675)
	at org.h2.command.Parser.parseSelect(Parser.java:1662)
	at org.h2.command.Parser.parsePrepared(Parser.java:434)
	at org.h2.command.Parser.parse(Parser.java:306)
	at org.h2.command.Parser.parse(Parser.java:282)
	at org.h2.command.Parser.prepareCommand(Parser.java:243)
	at org.h2.engine.Session.prepareLocal(Session.java:442)
	at org.h2.engine.Session.prepareCommand(Session.java:384)
	at org.h2.jdbc.JdbcConnection.prepareCommand(JdbcConnection.java:1188)
	at org.h2.jdbc.JdbcPreparedStatement.&lt;init&gt;(JdbcPreparedStatement.java:73)
	at org.h2.jdbc.JdbcConnection.prepareStatement(JdbcConnection.java:276)
	at sun.reflect.GeneratedMethodAccessor6.invoke(Unknown Source)
	at sun.reflect.DelegatingMethodAccessorImpl.invoke(DelegatingMethodAccessorImpl.java:43)
	at java.lang.reflect.Method.invoke(Method.java:498)
	at org.apache.ibatis.datasource.pooled.PooledConnection.invoke(PooledConnection.java:245)
	at com.sun.proxy.$Proxy12.prepareStatement(Unknown Source)
	at sun.reflect.GeneratedMethodAccessor6.invoke(Unknown Source)
	at sun.reflect.DelegatingMethodAccessorImpl.invoke(DelegatingMethodAccessorImpl.java:43)
	at java.lang.reflect.Method.invoke(Method.java:498)
	at org.apache.ibatis.logging.jdbc.ConnectionLogger.invoke(ConnectionLogger.java:55)
	at com.sun.proxy.$Proxy12.prepareStatement(Unknown Source)
	at org.apache.ibatis.executor.statement.PreparedStatementHandler.instantiateStatement(PreparedStatementHandler.java:79)
	at org.apache.ibatis.executor.statement.BaseStatementHandler.prepare(BaseStatementHandler.java:88)
	at org.apache.ibatis.executor.statement.RoutingStatementHandler.prepare(RoutingStatementHandler.java:58)
	at org.apache.ibatis.executor.SimpleExecutor.prepareStatement(SimpleExecutor.java:76)
	at org.apache.ibatis.executor.SimpleExecutor.doQuery(SimpleExecutor.java:61)
	at org.apache.ibatis.executor.BaseExecutor.queryFromDatabase(BaseExecutor.java:303)
	at org.apache.ibatis.executor.BaseExecutor.query(BaseExecutor.java:154)
	at org.apache.ibatis.executor.CachingExecutor.query(CachingExecutor.java:102)
	at org.apache.ibatis.executor.CachingExecutor.query(CachingExecutor.java:82)
	at org.apache.ibatis.session.defaults.DefaultSqlSession.selectList(DefaultSqlSession.java:120)
	... 42 more
10:44:56,437 [main] DEBUG org.activiti.engine.impl.test.PvmTestCase  - #### END GroupQueryTest.testQueryByInvalidMember #############################################################
10:44:56,437 [main] DEBUG org.activiti.engine.impl.interceptor.LogInterceptor  - 

10:44:56,437 [main] DEBUG org.activiti.engine.impl.interceptor.LogInterceptor  - --- starting DeleteUserCmd --------------------------------------------------------
10:44:56,437 [main] DEBUG org.apache.ibatis.transaction.jdbc.JdbcTransaction  - Opening JDBC Connection
10:44:56,437 [main] DEBUG org.apache.ibatis.datasource.pooled.PooledDataSource  - Checked out connection 297240765 from pool.
10:44:56,437 [main] DEBUG org.apache.ibatis.transaction.jdbc.JdbcTransaction  - Setting autocommit to false on JDBC Connection [conn4: url=jdbc:h2:mem:activiti user=SA]
10:44:56,437 [main] DEBUG org.activiti.engine.impl.persistence.entity.UserEntity.selectUserById  - ==&gt;  Preparing: select * from ACT_ID_USER where ID_ = ? 
10:44:56,437 [main] DEBUG org.activiti.engine.impl.persistence.entity.UserEntity.selectUserById  - ==&gt; Parameters: kermit(String)
10:44:56,438 [main] DEBUG org.activiti.engine.impl.persistence.entity.UserEntity.selectUserById  - &lt;==      Total: 1
10:44:56,438 [main] DEBUG org.activiti.engine.impl.persistence.entity.IdentityInfoEntity.selectIdentityInfoByUserId  - ==&gt;  Preparing: select * from ACT_ID_INFO where USER_ID_ = ? 
10:44:56,438 [main] DEBUG org.activiti.engine.impl.persistence.entity.IdentityInfoEntity.selectIdentityInfoByUserId  - ==&gt; Parameters: kermit(String)
10:44:56,438 [main] DEBUG org.activiti.engine.impl.persistence.entity.IdentityInfoEntity.selectIdentityInfoByUserId  - &lt;==      Total: 0
10:44:56,438 [main] DEBUG org.activiti.engine.impl.db.DbSqlSession  -   bulk delete: deleteMembershipsByUserId(kermit)
10:44:56,438 [main] DEBUG org.activiti.engine.impl.db.DbSqlSession  -   delete org.activiti.engine.impl.persistence.entity.UserEntity@58015e56
10:44:56,438 [main] DEBUG org.activiti.engine.impl.db.DbSqlSession  - flush summary: 0 insert, 0 update, 2 delete.
10:44:56,438 [main] DEBUG org.activiti.engine.impl.db.DbSqlSession  - now executing flush...
10:44:56,438 [main] DEBUG org.activiti.engine.impl.db.DbSqlSession  - executing: bulk delete: deleteMembershipsByUserId(kermit)
10:44:56,438 [main] DEBUG org.activiti.engine.impl.persistence.entity.MembershipRelation.deleteMembershipsByUserId  - ==&gt;  Preparing: delete from ACT_ID_MEMBERSHIP where USER_ID_ = ? 
10:44:56,438 [main] DEBUG org.activiti.engine.impl.persistence.entity.MembershipRelation.deleteMembershipsByUserId  - ==&gt; Parameters: kermit(String)
10:44:56,438 [main] DEBUG org.activiti.engine.impl.persistence.entity.MembershipRelation.deleteMembershipsByUserId  - &lt;==    Updates: 3
10:44:56,438 [main] DEBUG org.activiti.engine.impl.db.DbSqlSession  - executing: delete org.activiti.engine.impl.persistence.entity.UserEntity@58015e56
10:44:56,438 [main] DEBUG org.activiti.engine.impl.persistence.entity.UserEntity.deleteUser  - ==&gt;  Preparing: delete from ACT_ID_USER where ID_ = ? and REV_ = ? 
10:44:56,438 [main] DEBUG org.activiti.engine.impl.persistence.entity.UserEntity.deleteUser  - ==&gt; Parameters: kermit(String), 1(Integer)
10:44:56,438 [main] DEBUG org.activiti.engine.impl.persistence.entity.UserEntity.deleteUser  - &lt;==    Updates: 1
10:44:56,438 [main] DEBUG org.activiti.engine.impl.cfg.standalone.StandaloneMybatisTransactionContext  - firing event committing...
10:44:56,438 [main] DEBUG org.activiti.engine.impl.cfg.standalone.StandaloneMybatisTransactionContext  - committing the ibatis sql session...
10:44:56,438 [main] DEBUG org.apache.ibatis.transaction.jdbc.JdbcTransaction  - Committing JDBC Connection [conn4: url=jdbc:h2:mem:activiti user=SA]
10:44:56,438 [main] DEBUG org.activiti.engine.impl.cfg.standalone.StandaloneMybatisTransactionContext  - firing event committed...
10:44:56,438 [main] DEBUG org.apache.ibatis.transaction.jdbc.JdbcTransaction  - Resetting autocommit to true on JDBC Connection [conn4: url=jdbc:h2:mem:activiti user=SA]
10:44:56,438 [main] DEBUG org.apache.ibatis.transaction.jdbc.JdbcTransaction  - Closing JDBC Connection [conn4: url=jdbc:h2:mem:activiti user=SA]
10:44:56,438 [main] DEBUG org.apache.ibatis.datasource.pooled.PooledDataSource  - Returned connection 297240765 to pool.
10:44:56,438 [main] DEBUG org.activiti.engine.impl.interceptor.LogInterceptor  - --- DeleteUserCmd finished --------------------------------------------------------
10:44:56,438 [main] DEBUG org.activiti.engine.impl.interceptor.LogInterceptor  - 

10:44:56,438 [main] DEBUG org.activiti.engine.impl.interceptor.LogInterceptor  - 

10:44:56,438 [main] DEBUG org.activiti.engine.impl.interceptor.LogInterceptor  - --- starting DeleteUserCmd --------------------------------------------------------
10:44:56,438 [main] DEBUG org.apache.ibatis.transaction.jdbc.JdbcTransaction  - Opening JDBC Connection
10:44:56,438 [main] DEBUG org.apache.ibatis.datasource.pooled.PooledDataSource  - Checked out connection 363509958 from pool.
10:44:56,438 [main] DEBUG org.apache.ibatis.transaction.jdbc.JdbcTransaction  - Setting autocommit to false on JDBC Connection [conn2: url=jdbc:h2:mem:activiti user=SA]
10:44:56,438 [main] DEBUG org.activiti.engine.impl.persistence.entity.UserEntity.selectUserById  - ==&gt;  Preparing: select * from ACT_ID_USER where ID_ = ? 
10:44:56,438 [main] DEBUG org.activiti.engine.impl.persistence.entity.UserEntity.selectUserById  - ==&gt; Parameters: fozzie(String)
10:44:56,438 [main] DEBUG org.activiti.engine.impl.persistence.entity.UserEntity.selectUserById  - &lt;==      Total: 1
10:44:56,438 [main] DEBUG org.activiti.engine.impl.persistence.entity.IdentityInfoEntity.selectIdentityInfoByUserId  - ==&gt;  Preparing: select * from ACT_ID_INFO where USER_ID_ = ? 
10:44:56,438 [main] DEBUG org.activiti.engine.impl.persistence.entity.IdentityInfoEntity.selectIdentityInfoByUserId  - ==&gt; Parameters: fozzie(String)
10:44:56,438 [main] DEBUG org.activiti.engine.impl.persistence.entity.IdentityInfoEntity.selectIdentityInfoByUserId  - &lt;==      Total: 0
10:44:56,438 [main] DEBUG org.activiti.engine.impl.db.DbSqlSession  -   bulk delete: deleteMembershipsByUserId(fozzie)
10:44:56,438 [main] DEBUG org.activiti.engine.impl.db.DbSqlSession  -   delete org.activiti.engine.impl.persistence.entity.UserEntity@4d3c6593
10:44:56,438 [main] DEBUG org.activiti.engine.impl.db.DbSqlSession  - flush summary: 0 insert, 0 update, 2 delete.
10:44:56,438 [main] DEBUG org.activiti.engine.impl.db.DbSqlSession  - now executing flush...
10:44:56,438 [main] DEBUG org.activiti.engine.impl.db.DbSqlSession  - executing: bulk delete: deleteMembershipsByUserId(fozzie)
10:44:56,438 [main] DEBUG org.activiti.engine.impl.persistence.entity.MembershipRelation.deleteMembershipsByUserId  - ==&gt;  Preparing: delete from ACT_ID_MEMBERSHIP where USER_ID_ = ? 
10:44:56,438 [main] DEBUG org.activiti.engine.impl.persistence.entity.MembershipRelation.deleteMembershipsByUserId  - ==&gt; Parameters: fozzie(String)
10:44:56,438 [main] DEBUG org.activiti.engine.impl.persistence.entity.MembershipRelation.deleteMembershipsByUserId  - &lt;==    Updates: 2
10:44:56,438 [main] DEBUG org.activiti.engine.impl.db.DbSqlSession  - executing: delete org.activiti.engine.impl.persistence.entity.UserEntity@4d3c6593
10:44:56,438 [main] DEBUG org.activiti.engine.impl.persistence.entity.UserEntity.deleteUser  - ==&gt;  Preparing: delete from ACT_ID_USER where ID_ = ? and REV_ = ? 
10:44:56,438 [main] DEBUG org.activiti.engine.impl.persistence.entity.UserEntity.deleteUser  - ==&gt; Parameters: fozzie(String), 1(Integer)
10:44:56,438 [main] DEBUG org.activiti.engine.impl.persistence.entity.UserEntity.deleteUser  - &lt;==    Updates: 1
10:44:56,438 [main] DEBUG org.activiti.engine.impl.cfg.standalone.StandaloneMybatisTransactionContext  - firing event committing...
10:44:56,438 [main] DEBUG org.activiti.engine.impl.cfg.standalone.StandaloneMybatisTransactionContext  - committing the ibatis sql session...
10:44:56,438 [main] DEBUG org.apache.ibatis.transaction.jdbc.JdbcTransaction  - Committing JDBC Connection [conn2: url=jdbc:h2:mem:activiti user=SA]
10:44:56,438 [main] DEBUG org.activiti.engine.impl.cfg.standalone.StandaloneMybatisTransactionContext  - firing event committed...
10:44:56,438 [main] DEBUG org.apache.ibatis.transaction.jdbc.JdbcTransaction  - Resetting autocommit to true on JDBC Connection [conn2: url=jdbc:h2:mem:activiti user=SA]
10:44:56,438 [main] DEBUG org.apache.ibatis.transaction.jdbc.JdbcTransaction  - Closing JDBC Connection [conn2: url=jdbc:h2:mem:activiti user=SA]
10:44:56,438 [main] DEBUG org.apache.ibatis.datasource.pooled.PooledDataSource  - Returned connection 363509958 to pool.
10:44:56,438 [main] DEBUG org.activiti.engine.impl.interceptor.LogInterceptor  - --- DeleteUserCmd finished --------------------------------------------------------
10:44:56,438 [main] DEBUG org.activiti.engine.impl.interceptor.LogInterceptor  - 

10:44:56,438 [main] DEBUG org.activiti.engine.impl.interceptor.LogInterceptor  - 

10:44:56,438 [main] DEBUG org.activiti.engine.impl.interceptor.LogInterceptor  - --- starting DeleteUserCmd --------------------------------------------------------
10:44:56,438 [main] DEBUG org.apache.ibatis.transaction.jdbc.JdbcTransaction  - Opening JDBC Connection
10:44:56,438 [main] DEBUG org.apache.ibatis.datasource.pooled.PooledDataSource  - Checked out connection 180014677 from pool.
10:44:56,438 [main] DEBUG org.apache.ibatis.transaction.jdbc.JdbcTransaction  - Setting autocommit to false on JDBC Connection [conn3: url=jdbc:h2:mem:activiti user=SA]
10:44:56,438 [main] DEBUG org.activiti.engine.impl.persistence.entity.UserEntity.selectUserById  - ==&gt;  Preparing: select * from ACT_ID_USER where ID_ = ? 
10:44:56,438 [main] DEBUG org.activiti.engine.impl.persistence.entity.UserEntity.selectUserById  - ==&gt; Parameters: mispiggy(String)
10:44:56,438 [main] DEBUG org.activiti.engine.impl.persistence.entity.UserEntity.selectUserById  - &lt;==      Total: 1
10:44:56,438 [main] DEBUG org.activiti.engine.impl.persistence.entity.IdentityInfoEntity.selectIdentityInfoByUserId  - ==&gt;  Preparing: select * from ACT_ID_INFO where USER_ID_ = ? 
10:44:56,438 [main] DEBUG org.activiti.engine.impl.persistence.entity.IdentityInfoEntity.selectIdentityInfoByUserId  - ==&gt; Parameters: mispiggy(String)
10:44:56,438 [main] DEBUG org.activiti.engine.impl.persistence.entity.IdentityInfoEntity.selectIdentityInfoByUserId  - &lt;==      Total: 0
10:44:56,438 [main] DEBUG org.activiti.engine.impl.db.DbSqlSession  -   bulk delete: deleteMembershipsByUserId(mispiggy)
10:44:56,438 [main] DEBUG org.activiti.engine.impl.db.DbSqlSession  -   delete org.activiti.engine.impl.persistence.entity.UserEntity@7426a448
10:44:56,438 [main] DEBUG org.activiti.engine.impl.db.DbSqlSession  - flush summary: 0 insert, 0 update, 2 delete.
10:44:56,438 [main] DEBUG org.activiti.engine.impl.db.DbSqlSession  - now executing flush...
10:44:56,438 [main] DEBUG org.activiti.engine.impl.db.DbSqlSession  - executing: bulk delete: deleteMembershipsByUserId(mispiggy)
10:44:56,438 [main] DEBUG org.activiti.engine.impl.persistence.entity.MembershipRelation.deleteMembershipsByUserId  - ==&gt;  Preparing: delete from ACT_ID_MEMBERSHIP where USER_ID_ = ? 
10:44:56,438 [main] DEBUG org.activiti.engine.impl.persistence.entity.MembershipRelation.deleteMembershipsByUserId  - ==&gt; Parameters: mispiggy(String)
10:44:56,438 [main] DEBUG org.activiti.engine.impl.persistence.entity.MembershipRelation.deleteMembershipsByUserId  - &lt;==    Updates: 2
10:44:56,438 [main] DEBUG org.activiti.engine.impl.db.DbSqlSession  - executing: delete org.activiti.engine.impl.persistence.entity.UserEntity@7426a448
10:44:56,438 [main] DEBUG org.activiti.engine.impl.persistence.entity.UserEntity.deleteUser  - ==&gt;  Preparing: delete from ACT_ID_USER where ID_ = ? and REV_ = ? 
10:44:56,438 [main] DEBUG org.activiti.engine.impl.persistence.entity.UserEntity.deleteUser  - ==&gt; Parameters: mispiggy(String), 1(Integer)
10:44:56,438 [main] DEBUG org.activiti.engine.impl.persistence.entity.UserEntity.deleteUser  - &lt;==    Updates: 1
10:44:56,438 [main] DEBUG org.activiti.engine.impl.cfg.standalone.StandaloneMybatisTransactionContext  - firing event committing...
10:44:56,438 [main] DEBUG org.activiti.engine.impl.cfg.standalone.StandaloneMybatisTransactionContext  - committing the ibatis sql session...
10:44:56,438 [main] DEBUG org.apache.ibatis.transaction.jdbc.JdbcTransaction  - Committing JDBC Connection [conn3: url=jdbc:h2:mem:activiti user=SA]
10:44:56,438 [main] DEBUG org.activiti.engine.impl.cfg.standalone.StandaloneMybatisTransactionContext  - firing event committed...
10:44:56,438 [main] DEBUG org.apache.ibatis.transaction.jdbc.JdbcTransaction  - Resetting autocommit to true on JDBC Connection [conn3: url=jdbc:h2:mem:activiti user=SA]
10:44:56,438 [main] DEBUG org.apache.ibatis.transaction.jdbc.JdbcTransaction  - Closing JDBC Connection [conn3: url=jdbc:h2:mem:activiti user=SA]
10:44:56,438 [main] DEBUG org.apache.ibatis.datasource.pooled.PooledDataSource  - Returned connection 180014677 to pool.
10:44:56,438 [main] DEBUG org.activiti.engine.impl.interceptor.LogInterceptor  - --- DeleteUserCmd finished --------------------------------------------------------
10:44:56,438 [main] DEBUG org.activiti.engine.impl.interceptor.LogInterceptor  - 

10:44:56,438 [main] DEBUG org.activiti.engine.impl.interceptor.LogInterceptor  - 

10:44:56,438 [main] DEBUG org.activiti.engine.impl.interceptor.LogInterceptor  - --- starting DeleteGroupCmd --------------------------------------------------------
10:44:56,438 [main] DEBUG org.apache.ibatis.transaction.jdbc.JdbcTransaction  - Opening JDBC Connection
10:44:56,438 [main] DEBUG org.apache.ibatis.datasource.pooled.PooledDataSource  - Checked out connection 297240765 from pool.
10:44:56,438 [main] DEBUG org.apache.ibatis.transaction.jdbc.JdbcTransaction  - Setting autocommit to false on JDBC Connection [conn4: url=jdbc:h2:mem:activiti user=SA]
10:44:56,438 [main] DEBUG org.activiti.engine.impl.persistence.entity.GroupEntity.selectGroup  - ==&gt;  Preparing: select * from ACT_ID_GROUP where ID_ = ? 
10:44:56,438 [main] DEBUG org.activiti.engine.impl.persistence.entity.GroupEntity.selectGroup  - ==&gt; Parameters: muppets(String)
10:44:56,438 [main] DEBUG org.activiti.engine.impl.persistence.entity.GroupEntity.selectGroup  - &lt;==      Total: 1
10:44:56,438 [main] DEBUG org.activiti.engine.impl.db.DbSqlSession  -   bulk delete: deleteMembershipsByGroupId(muppets)
10:44:56,438 [main] DEBUG org.activiti.engine.impl.db.DbSqlSession  -   delete org.activiti.engine.impl.persistence.entity.GroupEntity@516462cc
10:44:56,438 [main] DEBUG org.activiti.engine.impl.db.DbSqlSession  - flush summary: 0 insert, 0 update, 2 delete.
10:44:56,438 [main] DEBUG org.activiti.engine.impl.db.DbSqlSession  - now executing flush...
10:44:56,438 [main] DEBUG org.activiti.engine.impl.db.DbSqlSession  - executing: bulk delete: deleteMembershipsByGroupId(muppets)
10:44:56,440 [main] DEBUG org.activiti.engine.impl.persistence.entity.MembershipRelation.deleteMembershipsByGroupId  - ==&gt;  Preparing: delete from ACT_ID_MEMBERSHIP where GROUP_ID_ = ? 
10:44:56,440 [main] DEBUG org.activiti.engine.impl.persistence.entity.MembershipRelation.deleteMembershipsByGroupId  - ==&gt; Parameters: muppets(String)
10:44:56,440 [main] DEBUG org.activiti.engine.impl.persistence.entity.MembershipRelation.deleteMembershipsByGroupId  - &lt;==    Updates: 0
10:44:56,440 [main] DEBUG org.activiti.engine.impl.db.DbSqlSession  - executing: delete org.activiti.engine.impl.persistence.entity.GroupEntity@516462cc
10:44:56,440 [main] DEBUG org.activiti.engine.impl.persistence.entity.GroupEntity.deleteGroup  - ==&gt;  Preparing: delete from ACT_ID_GROUP where ID_ = ? and REV_ = ? 
10:44:56,440 [main] DEBUG org.activiti.engine.impl.persistence.entity.GroupEntity.deleteGroup  - ==&gt; Parameters: muppets(String), 1(Integer)
10:44:56,440 [main] DEBUG org.activiti.engine.impl.persistence.entity.GroupEntity.deleteGroup  - &lt;==    Updates: 1
10:44:56,440 [main] DEBUG org.activiti.engine.impl.cfg.standalone.StandaloneMybatisTransactionContext  - firing event committing...
10:44:56,440 [main] DEBUG org.activiti.engine.impl.cfg.standalone.StandaloneMybatisTransactionContext  - committing the ibatis sql session...
10:44:56,440 [main] DEBUG org.apache.ibatis.transaction.jdbc.JdbcTransaction  - Committing JDBC Connection [conn4: url=jdbc:h2:mem:activiti user=SA]
10:44:56,440 [main] DEBUG org.activiti.engine.impl.cfg.standalone.StandaloneMybatisTransactionContext  - firing event committed...
10:44:56,440 [main] DEBUG org.apache.ibatis.transaction.jdbc.JdbcTransaction  - Resetting autocommit to true on JDBC Connection [conn4: url=jdbc:h2:mem:activiti user=SA]
10:44:56,440 [main] DEBUG org.apache.ibatis.transaction.jdbc.JdbcTransaction  - Closing JDBC Connection [conn4: url=jdbc:h2:mem:activiti user=SA]
10:44:56,440 [main] DEBUG org.apache.ibatis.datasource.pooled.PooledDataSource  - Returned connection 297240765 to pool.
10:44:56,440 [main] DEBUG org.activiti.engine.impl.interceptor.LogInterceptor  - --- DeleteGroupCmd finished --------------------------------------------------------
10:44:56,440 [main] DEBUG org.activiti.engine.impl.interceptor.LogInterceptor  - 

10:44:56,440 [main] DEBUG org.activiti.engine.impl.interceptor.LogInterceptor  - 

10:44:56,440 [main] DEBUG org.activiti.engine.impl.interceptor.LogInterceptor  - --- starting DeleteGroupCmd --------------------------------------------------------
10:44:56,440 [main] DEBUG org.apache.ibatis.transaction.jdbc.JdbcTransaction  - Opening JDBC Connection
10:44:56,440 [main] DEBUG org.apache.ibatis.datasource.pooled.PooledDataSource  - Checked out connection 363509958 from pool.
10:44:56,440 [main] DEBUG org.apache.ibatis.transaction.jdbc.JdbcTransaction  - Setting autocommit to false on JDBC Connection [conn2: url=jdbc:h2:mem:activiti user=SA]
10:44:56,440 [main] DEBUG org.activiti.engine.impl.persistence.entity.GroupEntity.selectGroup  - ==&gt;  Preparing: select * from ACT_ID_GROUP where ID_ = ? 
10:44:56,440 [main] DEBUG org.activiti.engine.impl.persistence.entity.GroupEntity.selectGroup  - ==&gt; Parameters: mammals(String)
10:44:56,440 [main] DEBUG org.activiti.engine.impl.persistence.entity.GroupEntity.selectGroup  - &lt;==      Total: 1
10:44:56,440 [main] DEBUG org.activiti.engine.impl.db.DbSqlSession  -   bulk delete: deleteMembershipsByGroupId(mammals)
10:44:56,440 [main] DEBUG org.activiti.engine.impl.db.DbSqlSession  -   delete org.activiti.engine.impl.persistence.entity.GroupEntity@3456558
10:44:56,440 [main] DEBUG org.activiti.engine.impl.db.DbSqlSession  - flush summary: 0 insert, 0 update, 2 delete.
10:44:56,440 [main] DEBUG org.activiti.engine.impl.db.DbSqlSession  - now executing flush...
10:44:56,440 [main] DEBUG org.activiti.engine.impl.db.DbSqlSession  - executing: bulk delete: deleteMembershipsByGroupId(mammals)
10:44:56,440 [main] DEBUG org.activiti.engine.impl.persistence.entity.MembershipRelation.deleteMembershipsByGroupId  - ==&gt;  Preparing: delete from ACT_ID_MEMBERSHIP where GROUP_ID_ = ? 
10:44:56,440 [main] DEBUG org.activiti.engine.impl.persistence.entity.MembershipRelation.deleteMembershipsByGroupId  - ==&gt; Parameters: mammals(String)
10:44:56,440 [main] DEBUG org.activiti.engine.impl.persistence.entity.MembershipRelation.deleteMembershipsByGroupId  - &lt;==    Updates: 0
10:44:56,440 [main] DEBUG org.activiti.engine.impl.db.DbSqlSession  - executing: delete org.activiti.engine.impl.persistence.entity.GroupEntity@3456558
10:44:56,440 [main] DEBUG org.activiti.engine.impl.persistence.entity.GroupEntity.deleteGroup  - ==&gt;  Preparing: delete from ACT_ID_GROUP where ID_ = ? and REV_ = ? 
10:44:56,440 [main] DEBUG org.activiti.engine.impl.persistence.entity.GroupEntity.deleteGroup  - ==&gt; Parameters: mammals(String), 1(Integer)
10:44:56,440 [main] DEBUG org.activiti.engine.impl.persistence.entity.GroupEntity.deleteGroup  - &lt;==    Updates: 1
10:44:56,440 [main] DEBUG org.activiti.engine.impl.cfg.standalone.StandaloneMybatisTransactionContext  - firing event committing...
10:44:56,440 [main] DEBUG org.activiti.engine.impl.cfg.standalone.StandaloneMybatisTransactionContext  - committing the ibatis sql session...
10:44:56,440 [main] DEBUG org.apache.ibatis.transaction.jdbc.JdbcTransaction  - Committing JDBC Connection [conn2: url=jdbc:h2:mem:activiti user=SA]
10:44:56,440 [main] DEBUG org.activiti.engine.impl.cfg.standalone.StandaloneMybatisTransactionContext  - firing event committed...
10:44:56,440 [main] DEBUG org.apache.ibatis.transaction.jdbc.JdbcTransaction  - Resetting autocommit to true on JDBC Connection [conn2: url=jdbc:h2:mem:activiti user=SA]
10:44:56,440 [main] DEBUG org.apache.ibatis.transaction.jdbc.JdbcTransaction  - Closing JDBC Connection [conn2: url=jdbc:h2:mem:activiti user=SA]
10:44:56,440 [main] DEBUG org.apache.ibatis.datasource.pooled.PooledDataSource  - Returned connection 363509958 to pool.
10:44:56,440 [main] DEBUG org.activiti.engine.impl.interceptor.LogInterceptor  - --- DeleteGroupCmd finished --------------------------------------------------------
10:44:56,440 [main] DEBUG org.activiti.engine.impl.interceptor.LogInterceptor  - 

10:44:56,440 [main] DEBUG org.activiti.engine.impl.interceptor.LogInterceptor  - 

10:44:56,440 [main] DEBUG org.activiti.engine.impl.interceptor.LogInterceptor  - --- starting DeleteGroupCmd --------------------------------------------------------
10:44:56,440 [main] DEBUG org.apache.ibatis.transaction.jdbc.JdbcTransaction  - Opening JDBC Connection
10:44:56,440 [main] DEBUG org.apache.ibatis.datasource.pooled.PooledDataSource  - Checked out connection 180014677 from pool.
10:44:56,440 [main] DEBUG org.apache.ibatis.transaction.jdbc.JdbcTransaction  - Setting autocommit to false on JDBC Connection [conn3: url=jdbc:h2:mem:activiti user=SA]
10:44:56,440 [main] DEBUG org.activiti.engine.impl.persistence.entity.GroupEntity.selectGroup  - ==&gt;  Preparing: select * from ACT_ID_GROUP where ID_ = ? 
10:44:56,440 [main] DEBUG org.activiti.engine.impl.persistence.entity.GroupEntity.selectGroup  - ==&gt; Parameters: frogs(String)
10:44:56,440 [main] DEBUG org.activiti.engine.impl.persistence.entity.GroupEntity.selectGroup  - &lt;==      Total: 1
10:44:56,440 [main] DEBUG org.activiti.engine.impl.db.DbSqlSession  -   bulk delete: deleteMembershipsByGroupId(frogs)
10:44:56,440 [main] DEBUG org.activiti.engine.impl.db.DbSqlSession  -   delete org.activiti.engine.impl.persistence.entity.GroupEntity@2dfb885e
10:44:56,440 [main] DEBUG org.activiti.engine.impl.db.DbSqlSession  - flush summary: 0 insert, 0 update, 2 delete.
10:44:56,440 [main] DEBUG org.activiti.engine.impl.db.DbSqlSession  - now executing flush...
10:44:56,440 [main] DEBUG org.activiti.engine.impl.db.DbSqlSession  - executing: bulk delete: deleteMembershipsByGroupId(frogs)
10:44:56,440 [main] DEBUG org.activiti.engine.impl.persistence.entity.MembershipRelation.deleteMembershipsByGroupId  - ==&gt;  Preparing: delete from ACT_ID_MEMBERSHIP where GROUP_ID_ = ? 
10:44:56,440 [main] DEBUG org.activiti.engine.impl.persistence.entity.MembershipRelation.deleteMembershipsByGroupId  - ==&gt; Parameters: frogs(String)
10:44:56,440 [main] DEBUG org.activiti.engine.impl.persistence.entity.MembershipRelation.deleteMembershipsByGroupId  - &lt;==    Updates: 0
10:44:56,440 [main] DEBUG org.activiti.engine.impl.db.DbSqlSession  - executing: delete org.activiti.engine.impl.persistence.entity.GroupEntity@2dfb885e
10:44:56,440 [main] DEBUG org.activiti.engine.impl.persistence.entity.GroupEntity.deleteGroup  - ==&gt;  Preparing: delete from ACT_ID_GROUP where ID_ = ? and REV_ = ? 
10:44:56,440 [main] DEBUG org.activiti.engine.impl.persistence.entity.GroupEntity.deleteGroup  - ==&gt; Parameters: frogs(String), 1(Integer)
10:44:56,440 [main] DEBUG org.activiti.engine.impl.persistence.entity.GroupEntity.deleteGroup  - &lt;==    Updates: 1
10:44:56,440 [main] DEBUG org.activiti.engine.impl.cfg.standalone.StandaloneMybatisTransactionContext  - firing event committing...
10:44:56,440 [main] DEBUG org.activiti.engine.impl.cfg.standalone.StandaloneMybatisTransactionContext  - committing the ibatis sql session...
10:44:56,440 [main] DEBUG org.apache.ibatis.transaction.jdbc.JdbcTransaction  - Committing JDBC Connection [conn3: url=jdbc:h2:mem:activiti user=SA]
10:44:56,440 [main] DEBUG org.activiti.engine.impl.cfg.standalone.StandaloneMybatisTransactionContext  - firing event committed...
10:44:56,440 [main] DEBUG org.apache.ibatis.transaction.jdbc.JdbcTransaction  - Resetting autocommit to true on JDBC Connection [conn3: url=jdbc:h2:mem:activiti user=SA]
10:44:56,440 [main] DEBUG org.apache.ibatis.transaction.jdbc.JdbcTransaction  - Closing JDBC Connection [conn3: url=jdbc:h2:mem:activiti user=SA]
10:44:56,440 [main] DEBUG org.apache.ibatis.datasource.pooled.PooledDataSource  - Returned connection 180014677 to pool.
10:44:56,440 [main] DEBUG org.activiti.engine.impl.interceptor.LogInterceptor  - --- DeleteGroupCmd finished --------------------------------------------------------
10:44:56,440 [main] DEBUG org.activiti.engine.impl.interceptor.LogInterceptor  - 

10:44:56,440 [main] DEBUG org.activiti.engine.impl.interceptor.LogInterceptor  - 

10:44:56,440 [main] DEBUG org.activiti.engine.impl.interceptor.LogInterceptor  - --- starting DeleteGroupCmd --------------------------------------------------------
10:44:56,440 [main] DEBUG org.apache.ibatis.transaction.jdbc.JdbcTransaction  - Opening JDBC Connection
10:44:56,440 [main] DEBUG org.apache.ibatis.datasource.pooled.PooledDataSource  - Checked out connection 297240765 from pool.
10:44:56,440 [main] DEBUG org.apache.ibatis.transaction.jdbc.JdbcTransaction  - Setting autocommit to false on JDBC Connection [conn4: url=jdbc:h2:mem:activiti user=SA]
10:44:56,440 [main] DEBUG org.activiti.engine.impl.persistence.entity.GroupEntity.selectGroup  - ==&gt;  Preparing: select * from ACT_ID_GROUP where ID_ = ? 
10:44:56,440 [main] DEBUG org.activiti.engine.impl.persistence.entity.GroupEntity.selectGroup  - ==&gt; Parameters: admin(String)
10:44:56,440 [main] DEBUG org.activiti.engine.impl.persistence.entity.GroupEntity.selectGroup  - &lt;==      Total: 1
10:44:56,440 [main] DEBUG org.activiti.engine.impl.db.DbSqlSession  -   bulk delete: deleteMembershipsByGroupId(admin)
10:44:56,440 [main] DEBUG org.activiti.engine.impl.db.DbSqlSession  -   delete org.activiti.engine.impl.persistence.entity.GroupEntity@6cbe7d4d
10:44:56,440 [main] DEBUG org.activiti.engine.impl.db.DbSqlSession  - flush summary: 0 insert, 0 update, 2 delete.
10:44:56,440 [main] DEBUG org.activiti.engine.impl.db.DbSqlSession  - now executing flush...
10:44:56,440 [main] DEBUG org.activiti.engine.impl.db.DbSqlSession  - executing: bulk delete: deleteMembershipsByGroupId(admin)
10:44:56,441 [main] DEBUG org.activiti.engine.impl.persistence.entity.MembershipRelation.deleteMembershipsByGroupId  - ==&gt;  Preparing: delete from ACT_ID_MEMBERSHIP where GROUP_ID_ = ? 
10:44:56,441 [main] DEBUG org.activiti.engine.impl.persistence.entity.MembershipRelation.deleteMembershipsByGroupId  - ==&gt; Parameters: admin(String)
10:44:56,441 [main] DEBUG org.activiti.engine.impl.persistence.entity.MembershipRelation.deleteMembershipsByGroupId  - &lt;==    Updates: 0
10:44:56,441 [main] DEBUG org.activiti.engine.impl.db.DbSqlSession  - executing: delete org.activiti.engine.impl.persistence.entity.GroupEntity@6cbe7d4d
10:44:56,441 [main] DEBUG org.activiti.engine.impl.persistence.entity.GroupEntity.deleteGroup  - ==&gt;  Preparing: delete from ACT_ID_GROUP where ID_ = ? and REV_ = ? 
10:44:56,441 [main] DEBUG org.activiti.engine.impl.persistence.entity.GroupEntity.deleteGroup  - ==&gt; Parameters: admin(String), 1(Integer)
10:44:56,441 [main] DEBUG org.activiti.engine.impl.persistence.entity.GroupEntity.deleteGroup  - &lt;==    Updates: 1
10:44:56,441 [main] DEBUG org.activiti.engine.impl.cfg.standalone.StandaloneMybatisTransactionContext  - firing event committing...
10:44:56,441 [main] DEBUG org.activiti.engine.impl.cfg.standalone.StandaloneMybatisTransactionContext  - committing the ibatis sql session...
10:44:56,441 [main] DEBUG org.apache.ibatis.transaction.jdbc.JdbcTransaction  - Committing JDBC Connection [conn4: url=jdbc:h2:mem:activiti user=SA]
10:44:56,441 [main] DEBUG org.activiti.engine.impl.cfg.standalone.StandaloneMybatisTransactionContext  - firing event committed...
10:44:56,441 [main] DEBUG org.apache.ibatis.transaction.jdbc.JdbcTransaction  - Resetting autocommit to true on JDBC Connection [conn4: url=jdbc:h2:mem:activiti user=SA]
10:44:56,441 [main] DEBUG org.apache.ibatis.transaction.jdbc.JdbcTransaction  - Closing JDBC Connection [conn4: url=jdbc:h2:mem:activiti user=SA]
10:44:56,441 [main] DEBUG org.apache.ibatis.datasource.pooled.PooledDataSource  - Returned connection 297240765 to pool.
10:44:56,441 [main] DEBUG org.activiti.engine.impl.interceptor.LogInterceptor  - --- DeleteGroupCmd finished --------------------------------------------------------
10:44:56,441 [main] DEBUG org.activiti.engine.impl.interceptor.LogInterceptor  - 

10:44:56,441 [main] ERROR org.activiti.engine.impl.test.PvmTestCase  - 

10:44:56,441 [main] ERROR org.activiti.engine.impl.test.PvmTestCase  - EXCEPTION: org.apache.ibatis.exceptions.PersistenceException: 
### Error querying database.  Cause: org.h2.jdbc.JdbcSQLException: Syntax error in SQL statement &quot;SELECT RES.* 
     
    FROM ACT_ID_GROUP RES
     
      INNER JOIN ACT_ID_MEMBERSHIP M ON RES.ID_ = M.GROUP_ID_
      INNER JOIN ACT_ID_USER U ON M.USER_ID_ = U.ID_
     
     WHERE  U.ID_ = ? 
   
     ORDER BY  ORDER[*] BY RES.ID_ ASC  
    LIMIT ? OFFSET ? &quot;; expected &quot;=, NOT, EXISTS, INTERSECTS, SELECT, FROM&quot;; SQL statement:
select RES.* 
     
    from ACT_ID_GROUP RES
     
      inner join ACT_ID_MEMBERSHIP M on RES.ID_ = M.GROUP_ID_
      inner join ACT_ID_USER U on M.USER_ID_ = U.ID_
     
     WHERE  U.ID_ = ? 
   
     order by  order by RES.ID_ asc  
    LIMIT ? OFFSET ? [42001-176]
### The error may exist in org/activiti/db/mapping/entity/Group.xml
### The error may involve org.activiti.engine.impl.persistence.entity.GroupEntity.selectGroupByQueryCriteria
### The error occurred while executing a query
### SQL: select RES.*            from ACT_ID_GROUP RES             inner join ACT_ID_MEMBERSHIP M on RES.ID_ = M.GROUP_ID_       inner join ACT_ID_USER U on M.USER_ID_ = U.ID_            WHERE  U.ID_ = ?           order by  order by RES.ID_ asc       LIMIT ? OFFSET ?
### Cause: org.h2.jdbc.JdbcSQLException: Syntax error in SQL statement &quot;SELECT RES.* 
     
    FROM ACT_ID_GROUP RES
     
      INNER JOIN ACT_ID_MEMBERSHIP M ON RES.ID_ = M.GROUP_ID_
      INNER JOIN ACT_ID_USER U ON M.USER_ID_ = U.ID_
     
     WHERE  U.ID_ = ? 
   
     ORDER BY  ORDER[*] BY RES.ID_ ASC  
    LIMIT ? OFFSET ? &quot;; expected &quot;=, NOT, EXISTS, INTERSECTS, SELECT, FROM&quot;; SQL statement:
select RES.* 
     
    from ACT_ID_GROUP RES
     
      inner join ACT_ID_MEMBERSHIP M on RES.ID_ = M.GROUP_ID_
      inner join ACT_ID_USER U on M.USER_ID_ = U.ID_
     
     WHERE  U.ID_ = ? 
   
     order by  order by RES.ID_ asc  
    LIMIT ? OFFSET ? [42001-176]
org.apache.ibatis.exceptions.PersistenceException: 
### Error querying database.  Cause: org.h2.jdbc.JdbcSQLException: Syntax error in SQL statement &quot;SELECT RES.* 
     
    FROM ACT_ID_GROUP RES
     
      INNER JOIN ACT_ID_MEMBERSHIP M ON RES.ID_ = M.GROUP_ID_
      INNER JOIN ACT_ID_USER U ON M.USER_ID_ = U.ID_
     
     WHERE  U.ID_ = ? 
   
     ORDER BY  ORDER[*] BY RES.ID_ ASC  
    LIMIT ? OFFSET ? &quot;; expected &quot;=, NOT, EXISTS, INTERSECTS, SELECT, FROM&quot;; SQL statement:
select RES.* 
     
    from ACT_ID_GROUP RES
     
      inner join ACT_ID_MEMBERSHIP M on RES.ID_ = M.GROUP_ID_
      inner join ACT_ID_USER U on M.USER_ID_ = U.ID_
     
     WHERE  U.ID_ = ? 
   
     order by  order by RES.ID_ asc  
    LIMIT ? OFFSET ? [42001-176]
### The error may exist in org/activiti/db/mapping/entity/Group.xml
### The error may involve org.activiti.engine.impl.persistence.entity.GroupEntity.selectGroupByQueryCriteria
### The error occurred while executing a query
### SQL: select RES.*            from ACT_ID_GROUP RES             inner join ACT_ID_MEMBERSHIP M on RES.ID_ = M.GROUP_ID_       inner join ACT_ID_USER U on M.USER_ID_ = U.ID_            WHERE  U.ID_ = ?           order by  order by RES.ID_ asc       LIMIT ? OFFSET ?
### Cause: org.h2.jdbc.JdbcSQLException: Syntax error in SQL statement &quot;SELECT RES.* 
     
    FROM ACT_ID_GROUP RES
     
      INNER JOIN ACT_ID_MEMBERSHIP M ON RES.ID_ = M.GROUP_ID_
      INNER JOIN ACT_ID_USER U ON M.USER_ID_ = U.ID_
     
     WHERE  U.ID_ = ? 
   
     ORDER BY  ORDER[*] BY RES.ID_ ASC  
    LIMIT ? OFFSET ? &quot;; expected &quot;=, NOT, EXISTS, INTERSECTS, SELECT, FROM&quot;; SQL statement:
select RES.* 
     
    from ACT_ID_GROUP RES
     
      inner join ACT_ID_MEMBERSHIP M on RES.ID_ = M.GROUP_ID_
      inner join ACT_ID_USER U on M.USER_ID_ = U.ID_
     
     WHERE  U.ID_ = ? 
   
     order by  order by RES.ID_ asc  
    LIMIT ? OFFSET ? [42001-176]
	at org.apache.ibatis.exceptions.ExceptionFactory.wrapException(ExceptionFactory.java:30)
	at org.apache.ibatis.session.defaults.DefaultSqlSession.selectList(DefaultSqlSession.java:122)
	at org.apache.ibatis.session.defaults.DefaultSqlSession.selectList(DefaultSqlSession.java:113)
	at org.activiti.engine.impl.db.DbSqlSession.selectListWithRawParameter(DbSqlSession.java:438)
	at org.activiti.engine.impl.db.DbSqlSession.selectList(DbSqlSession.java:429)
	at org.activiti.engine.impl.db.DbSqlSession.selectList(DbSqlSession.java:419)
	at org.activiti.engine.impl.persistence.entity.GroupEntityManager.findGroupByQueryCriteria(GroupEntityManager.java:90)
	at org.activiti.engine.impl.GroupQueryImpl.executeList(GroupQueryImpl.java:125)
	at org.activiti.engine.impl.AbstractQuery.execute(AbstractQuery.java:164)
	at org.activiti.engine.impl.interceptor.CommandInvoker.execute(CommandInvoker.java:24)
	at org.activiti.engine.impl.interceptor.CommandContextInterceptor.execute(CommandContextInterceptor.java:57)
	at org.activiti.engine.impl.interceptor.LogInterceptor.execute(LogInterceptor.java:37)
	at org.activiti.engine.impl.cfg.CommandExecutorImpl.execute(CommandExecutorImpl.java:40)
	at org.activiti.engine.impl.cfg.CommandExecutorImpl.execute(CommandExecutorImpl.java:35)
	at org.activiti.engine.impl.AbstractQuery.list(AbstractQuery.java:138)
	at org.activiti.engine.test.api.identity.GroupQueryTest.verifyQueryResults(GroupQueryTest.java:221)
	at org.activiti.engine.test.api.identity.GroupQueryTest.testQueryByInvalidMember(GroupQueryTest.java:173)
	at sun.reflect.NativeMethodAccessorImpl.invoke0(Native Method)
	at sun.reflect.NativeMethodAccessorImpl.invoke(NativeMethodAccessorImpl.java:62)
	at sun.reflect.DelegatingMethodAccessorImpl.invoke(DelegatingMethodAccessorImpl.java:43)
	at java.lang.reflect.Method.invoke(Method.java:498)
	at junit.framework.TestCase.runTest(TestCase.java:176)
	at org.activiti.engine.impl.test.PvmTestCase.runTest(PvmTestCase.java:65)
	at junit.framework.TestCase.runBare(TestCase.java:141)
	at org.activiti.engine.impl.test.AbstractActivitiTestCase.runBare(AbstractActivitiTestCase.java:100)
	at junit.framework.TestResult$1.protect(TestResult.java:122)
	at junit.framework.TestResult.runProtected(TestResult.java:142)
	at junit.framework.TestResult.run(TestResult.java:125)
	at junit.framework.TestCase.run(TestCase.java:129)
	at junit.framework.TestSuite.runTest(TestSuite.java:255)
	at junit.framework.TestSuite.run(TestSuite.java:250)
	at org.junit.internal.runners.JUnit38ClassRunner.run(JUnit38ClassRunner.java:84)
	at org.apache.maven.surefire.junit4.JUnit4TestSet.execute(JUnit4TestSet.java:35)
	at org.apache.maven.surefire.junit4.JUnit4Provider.executeTestSet(JUnit4Provider.java:146)
	at org.apache.maven.surefire.junit4.JUnit4Provider.invoke(JUnit4Provider.java:97)
	at sun.reflect.NativeMethodAccessorImpl.invoke0(Native Method)
	at sun.reflect.NativeMethodAccessorImpl.invoke(NativeMethodAccessorImpl.java:62)
	at sun.reflect.DelegatingMethodAccessorImpl.invoke(DelegatingMethodAccessorImpl.java:43)
	at java.lang.reflect.Method.invoke(Method.java:498)
	at org.apache.maven.surefire.booter.ProviderFactory$ClassLoaderProxy.invoke(ProviderFactory.java:103)
	at com.sun.proxy.$Proxy0.invoke(Unknown Source)
	at org.apache.maven.surefire.booter.SurefireStarter.invokeProvider(SurefireStarter.java:145)
	at org.apache.maven.surefire.booter.SurefireStarter.runSuitesInProcess(SurefireStarter.java:87)
	at org.apache.maven.surefire.booter.ForkedBooter.main(ForkedBooter.java:69)
Caused by: org.h2.jdbc.JdbcSQLException: Syntax error in SQL statement &quot;SELECT RES.* 
     
    FROM ACT_ID_GROUP RES
     
      INNER JOIN ACT_ID_MEMBERSHIP M ON RES.ID_ = M.GROUP_ID_
      INNER JOIN ACT_ID_USER U ON M.USER_ID_ = U.ID_
     
     WHERE  U.ID_ = ? 
   
     ORDER BY  ORDER[*] BY RES.ID_ ASC  
    LIMIT ? OFFSET ? &quot;; expected &quot;=, NOT, EXISTS, INTERSECTS, SELECT, FROM&quot;; SQL statement:
select RES.* 
     
    from ACT_ID_GROUP RES
     
      inner join ACT_ID_MEMBERSHIP M on RES.ID_ = M.GROUP_ID_
      inner join ACT_ID_USER U on M.USER_ID_ = U.ID_
     
     WHERE  U.ID_ = ? 
   
     order by  order by RES.ID_ asc  
    LIMIT ? OFFSET ? [42001-176]
	at org.h2.message.DbException.getJdbcSQLException(DbException.java:344)
	at org.h2.message.DbException.getSyntaxError(DbException.java:204)
	at org.h2.command.Parser.getSyntaxError(Parser.java:524)
	at org.h2.command.Parser.readTerm(Parser.java:2688)
	at org.h2.command.Parser.readFactor(Parser.java:2244)
	at org.h2.command.Parser.readSum(Parser.java:2231)
	at org.h2.command.Parser.readConcat(Parser.java:2201)
	at org.h2.command.Parser.readCondition(Parser.java:2051)
	at org.h2.command.Parser.readAnd(Parser.java:2023)
	at org.h2.command.Parser.readExpression(Parser.java:2015)
	at org.h2.command.Parser.parseEndOfQuery(Parser.java:1726)
	at org.h2.command.Parser.parseSelectUnionExtension(Parser.java:1706)
	at org.h2.command.Parser.parseSelectUnion(Parser.java:1675)
	at org.h2.command.Parser.parseSelect(Parser.java:1662)
	at org.h2.command.Parser.parsePrepared(Parser.java:434)
	at org.h2.command.Parser.parse(Parser.java:306)
	at org.h2.command.Parser.parse(Parser.java:282)
	at org.h2.command.Parser.prepareCommand(Parser.java:243)
	at org.h2.engine.Session.prepareLocal(Session.java:442)
	at org.h2.engine.Session.prepareCommand(Session.java:384)
	at org.h2.jdbc.JdbcConnection.prepareCommand(JdbcConnection.java:1188)
	at org.h2.jdbc.JdbcPreparedStatement.&lt;init&gt;(JdbcPreparedStatement.java:73)
	at org.h2.jdbc.JdbcConnection.prepareStatement(JdbcConnection.java:276)
	at sun.reflect.GeneratedMethodAccessor6.invoke(Unknown Source)
	at sun.reflect.DelegatingMethodAccessorImpl.invoke(DelegatingMethodAccessorImpl.java:43)
	at java.lang.reflect.Method.invoke(Method.java:498)
	at org.apache.ibatis.datasource.pooled.PooledConnection.invoke(PooledConnection.java:245)
	at com.sun.proxy.$Proxy12.prepareStatement(Unknown Source)
	at sun.reflect.GeneratedMethodAccessor6.invoke(Unknown Source)
	at sun.reflect.DelegatingMethodAccessorImpl.invoke(DelegatingMethodAccessorImpl.java:43)
	at java.lang.reflect.Method.invoke(Method.java:498)
	at org.apache.ibatis.logging.jdbc.ConnectionLogger.invoke(ConnectionLogger.java:55)
	at com.sun.proxy.$Proxy12.prepareStatement(Unknown Source)
	at org.apache.ibatis.executor.statement.PreparedStatementHandler.instantiateStatement(PreparedStatementHandler.java:79)
	at org.apache.ibatis.executor.statement.BaseStatementHandler.prepare(BaseStatementHandler.java:88)
	at org.apache.ibatis.executor.statement.RoutingStatementHandler.prepare(RoutingStatementHandler.java:58)
	at org.apache.ibatis.executor.SimpleExecutor.prepareStatement(SimpleExecutor.java:76)
	at org.apache.ibatis.executor.SimpleExecutor.doQuery(SimpleExecutor.java:61)
	at org.apache.ibatis.executor.BaseExecutor.queryFromDatabase(BaseExecutor.java:303)
	at org.apache.ibatis.executor.BaseExecutor.query(BaseExecutor.java:154)
	at org.apache.ibatis.executor.CachingExecutor.query(CachingExecutor.java:102)
	at org.apache.ibatis.executor.CachingExecutor.query(CachingExecutor.java:82)
	at org.apache.ibatis.session.defaults.DefaultSqlSession.selectList(DefaultSqlSession.java:120)
	... 42 more
10:44:56,441 [main] DEBUG org.activiti.engine.impl.test.PvmTestCase  - verifying that db is clean after test
10:44:56,441 [main] DEBUG org.activiti.engine.impl.interceptor.LogInterceptor  - 

10:44:56,441 [main] DEBUG org.activiti.engine.impl.interceptor.LogInterceptor  - --- starting GetTableCountCmd --------------------------------------------------------
10:44:56,441 [main] DEBUG org.apache.ibatis.transaction.jdbc.JdbcTransaction  - Opening JDBC Connection
10:44:56,441 [main] DEBUG org.apache.ibatis.datasource.pooled.PooledDataSource  - Checked out connection 363509958 from pool.
10:44:56,441 [main] DEBUG org.apache.ibatis.transaction.jdbc.JdbcTransaction  - Setting autocommit to false on JDBC Connection [conn2: url=jdbc:h2:mem:activiti user=SA]
10:44:56,441 [main] DEBUG org.activiti.engine.impl.persistence.entity.TableDataManager  - retrieving activiti tables from jdbc metadata
10:44:56,442 [main] DEBUG org.activiti.engine.impl.persistence.entity.TableDataManager  -   retrieved activiti table name ACT_EVT_LOG
10:44:56,442 [main] DEBUG org.activiti.engine.impl.persistence.entity.TableDataManager  -   retrieved activiti table name ACT_GE_BYTEARRAY
10:44:56,442 [main] DEBUG org.activiti.engine.impl.persistence.entity.TableDataManager  -   retrieved activiti table name ACT_GE_PROPERTY
10:44:56,442 [main] DEBUG org.activiti.engine.impl.persistence.entity.TableDataManager  -   retrieved activiti table name ACT_HI_ACTINST
10:44:56,442 [main] DEBUG org.activiti.engine.impl.persistence.entity.TableDataManager  -   retrieved activiti table name ACT_HI_ATTACHMENT
10:44:56,442 [main] DEBUG org.activiti.engine.impl.persistence.entity.TableDataManager  -   retrieved activiti table name ACT_HI_COMMENT
10:44:56,442 [main] DEBUG org.activiti.engine.impl.persistence.entity.TableDataManager  -   retrieved activiti table name ACT_HI_DETAIL
10:44:56,442 [main] DEBUG org.activiti.engine.impl.persistence.entity.TableDataManager  -   retrieved activiti table name ACT_HI_IDENTITYLINK
10:44:56,442 [main] DEBUG org.activiti.engine.impl.persistence.entity.TableDataManager  -   retrieved activiti table name ACT_HI_PROCINST
10:44:56,442 [main] DEBUG org.activiti.engine.impl.persistence.entity.TableDataManager  -   retrieved activiti table name ACT_HI_TASKINST
10:44:56,442 [main] DEBUG org.activiti.engine.impl.persistence.entity.TableDataManager  -   retrieved activiti table name ACT_HI_VARINST
10:44:56,442 [main] DEBUG org.activiti.engine.impl.persistence.entity.TableDataManager  -   retrieved activiti table name ACT_ID_GROUP
10:44:56,442 [main] DEBUG org.activiti.engine.impl.persistence.entity.TableDataManager  -   retrieved activiti table name ACT_ID_INFO
10:44:56,442 [main] DEBUG org.activiti.engine.impl.persistence.entity.TableDataManager  -   retrieved activiti table name ACT_ID_MEMBERSHIP
10:44:56,442 [main] DEBUG org.activiti.engine.impl.persistence.entity.TableDataManager  -   retrieved activiti table name ACT_ID_USER
10:44:56,442 [main] DEBUG org.activiti.engine.impl.persistence.entity.TableDataManager  -   retrieved activiti table name ACT_PROCDEF_INFO
10:44:56,442 [main] DEBUG org.activiti.engine.impl.persistence.entity.TableDataManager  -   retrieved activiti table name ACT_RE_DEPLOYMENT
10:44:56,442 [main] DEBUG org.activiti.engine.impl.persistence.entity.TableDataManager  -   retrieved activiti table name ACT_RE_MODEL
10:44:56,442 [main] DEBUG org.activiti.engine.impl.persistence.entity.TableDataManager  -   retrieved activiti table name ACT_RE_PROCDEF
10:44:56,442 [main] DEBUG org.activiti.engine.impl.persistence.entity.TableDataManager  -   retrieved activiti table name ACT_RU_EVENT_SUBSCR
10:44:56,442 [main] DEBUG org.activiti.engine.impl.persistence.entity.TableDataManager  -   retrieved activiti table name ACT_RU_EXECUTION
10:44:56,442 [main] DEBUG org.activiti.engine.impl.persistence.entity.TableDataManager  -   retrieved activiti table name ACT_RU_IDENTITYLINK
10:44:56,442 [main] DEBUG org.activiti.engine.impl.persistence.entity.TableDataManager  -   retrieved activiti table name ACT_RU_JOB
10:44:56,442 [main] DEBUG org.activiti.engine.impl.persistence.entity.TableDataManager  -   retrieved activiti table name ACT_RU_TASK
10:44:56,442 [main] DEBUG org.activiti.engine.impl.persistence.entity.TableDataManager  -   retrieved activiti table name ACT_RU_VARIABLE
10:44:56,442 [main] DEBUG org.activiti.engine.impl.persistence.entity.TableDataManager  - selecting table count for ACT_EVT_LOG
10:44:56,442 [main] DEBUG org.activiti.engine.impl.TablePageMap.selectTableCount  - ==&gt;  Preparing: select count(*) from ACT_EVT_LOG 
10:44:56,442 [main] DEBUG org.activiti.engine.impl.TablePageMap.selectTableCount  - ==&gt; Parameters: 
10:44:56,442 [main] DEBUG org.activiti.engine.impl.TablePageMap.selectTableCount  - &lt;==      Total: 1
10:44:56,442 [main] DEBUG org.activiti.engine.impl.persistence.entity.TableDataManager  - selecting table count for ACT_GE_BYTEARRAY
10:44:56,442 [main] DEBUG org.activiti.engine.impl.TablePageMap.selectTableCount  - ==&gt;  Preparing: select count(*) from ACT_GE_BYTEARRAY 
10:44:56,442 [main] DEBUG org.activiti.engine.impl.TablePageMap.selectTableCount  - ==&gt; Parameters: 
10:44:56,442 [main] DEBUG org.activiti.engine.impl.TablePageMap.selectTableCount  - &lt;==      Total: 1
10:44:56,442 [main] DEBUG org.activiti.engine.impl.persistence.entity.TableDataManager  - selecting table count for ACT_GE_PROPERTY
10:44:56,442 [main] DEBUG org.activiti.engine.impl.TablePageMap.selectTableCount  - ==&gt;  Preparing: select count(*) from ACT_GE_PROPERTY 
10:44:56,442 [main] DEBUG org.activiti.engine.impl.TablePageMap.selectTableCount  - ==&gt; Parameters: 
10:44:56,442 [main] DEBUG org.activiti.engine.impl.TablePageMap.selectTableCount  - &lt;==      Total: 1
10:44:56,442 [main] DEBUG org.activiti.engine.impl.persistence.entity.TableDataManager  - selecting table count for ACT_HI_ACTINST
10:44:56,442 [main] DEBUG org.activiti.engine.impl.TablePageMap.selectTableCount  - ==&gt;  Preparing: select count(*) from ACT_HI_ACTINST 
10:44:56,442 [main] DEBUG org.activiti.engine.impl.TablePageMap.selectTableCount  - ==&gt; Parameters: 
10:44:56,442 [main] DEBUG org.activiti.engine.impl.TablePageMap.selectTableCount  - &lt;==      Total: 1
10:44:56,442 [main] DEBUG org.activiti.engine.impl.persistence.entity.TableDataManager  - selecting table count for ACT_HI_ATTACHMENT
10:44:56,442 [main] DEBUG org.activiti.engine.impl.TablePageMap.selectTableCount  - ==&gt;  Preparing: select count(*) from ACT_HI_ATTACHMENT 
10:44:56,442 [main] DEBUG org.activiti.engine.impl.TablePageMap.selectTableCount  - ==&gt; Parameters: 
10:44:56,442 [main] DEBUG org.activiti.engine.impl.TablePageMap.selectTableCount  - &lt;==      Total: 1
10:44:56,442 [main] DEBUG org.activiti.engine.impl.persistence.entity.TableDataManager  - selecting table count for ACT_HI_COMMENT
10:44:56,442 [main] DEBUG org.activiti.engine.impl.TablePageMap.selectTableCount  - ==&gt;  Preparing: select count(*) from ACT_HI_COMMENT 
10:44:56,442 [main] DEBUG org.activiti.engine.impl.TablePageMap.selectTableCount  - ==&gt; Parameters: 
10:44:56,442 [main] DEBUG org.activiti.engine.impl.TablePageMap.selectTableCount  - &lt;==      Total: 1
10:44:56,442 [main] DEBUG org.activiti.engine.impl.persistence.entity.TableDataManager  - selecting table count for ACT_HI_DETAIL
10:44:56,442 [main] DEBUG org.activiti.engine.impl.TablePageMap.selectTableCount  - ==&gt;  Preparing: select count(*) from ACT_HI_DETAIL 
10:44:56,442 [main] DEBUG org.activiti.engine.impl.TablePageMap.selectTableCount  - ==&gt; Parameters: 
10:44:56,442 [main] DEBUG org.activiti.engine.impl.TablePageMap.selectTableCount  - &lt;==      Total: 1
10:44:56,442 [main] DEBUG org.activiti.engine.impl.persistence.entity.TableDataManager  - selecting table count for ACT_HI_IDENTITYLINK
10:44:56,442 [main] DEBUG org.activiti.engine.impl.TablePageMap.selectTableCount  - ==&gt;  Preparing: select count(*) from ACT_HI_IDENTITYLINK 
10:44:56,442 [main] DEBUG org.activiti.engine.impl.TablePageMap.selectTableCount  - ==&gt; Parameters: 
10:44:56,442 [main] DEBUG org.activiti.engine.impl.TablePageMap.selectTableCount  - &lt;==      Total: 1
10:44:56,442 [main] DEBUG org.activiti.engine.impl.persistence.entity.TableDataManager  - selecting table count for ACT_HI_PROCINST
10:44:56,442 [main] DEBUG org.activiti.engine.impl.TablePageMap.selectTableCount  - ==&gt;  Preparing: select count(*) from ACT_HI_PROCINST 
10:44:56,442 [main] DEBUG org.activiti.engine.impl.TablePageMap.selectTableCount  - ==&gt; Parameters: 
10:44:56,442 [main] DEBUG org.activiti.engine.impl.TablePageMap.selectTableCount  - &lt;==      Total: 1
10:44:56,442 [main] DEBUG org.activiti.engine.impl.persistence.entity.TableDataManager  - selecting table count for ACT_HI_TASKINST
10:44:56,442 [main] DEBUG org.activiti.engine.impl.TablePageMap.selectTableCount  - ==&gt;  Preparing: select count(*) from ACT_HI_TASKINST 
10:44:56,442 [main] DEBUG org.activiti.engine.impl.TablePageMap.selectTableCount  - ==&gt; Parameters: 
10:44:56,442 [main] DEBUG org.activiti.engine.impl.TablePageMap.selectTableCount  - &lt;==      Total: 1
10:44:56,442 [main] DEBUG org.activiti.engine.impl.persistence.entity.TableDataManager  - selecting table count for ACT_HI_VARINST
10:44:56,442 [main] DEBUG org.activiti.engine.impl.TablePageMap.selectTableCount  - ==&gt;  Preparing: select count(*) from ACT_HI_VARINST 
10:44:56,442 [main] DEBUG org.activiti.engine.impl.TablePageMap.selectTableCount  - ==&gt; Parameters: 
10:44:56,442 [main] DEBUG org.activiti.engine.impl.TablePageMap.selectTableCount  - &lt;==      Total: 1
10:44:56,442 [main] DEBUG org.activiti.engine.impl.persistence.entity.TableDataManager  - selecting table count for ACT_ID_GROUP
10:44:56,442 [main] DEBUG org.activiti.engine.impl.TablePageMap.selectTableCount  - ==&gt;  Preparing: select count(*) from ACT_ID_GROUP 
10:44:56,442 [main] DEBUG org.activiti.engine.impl.TablePageMap.selectTableCount  - ==&gt; Parameters: 
10:44:56,442 [main] DEBUG org.activiti.engine.impl.TablePageMap.selectTableCount  - &lt;==      Total: 1
10:44:56,442 [main] DEBUG org.activiti.engine.impl.persistence.entity.TableDataManager  - selecting table count for ACT_ID_INFO
10:44:56,442 [main] DEBUG org.activiti.engine.impl.TablePageMap.selectTableCount  - ==&gt;  Preparing: select count(*) from ACT_ID_INFO 
10:44:56,442 [main] DEBUG org.activiti.engine.impl.TablePageMap.selectTableCount  - ==&gt; Parameters: 
10:44:56,442 [main] DEBUG org.activiti.engine.impl.TablePageMap.selectTableCount  - &lt;==      Total: 1
10:44:56,442 [main] DEBUG org.activiti.engine.impl.persistence.entity.TableDataManager  - selecting table count for ACT_ID_MEMBERSHIP
10:44:56,442 [main] DEBUG org.activiti.engine.impl.TablePageMap.selectTableCount  - ==&gt;  Preparing: select count(*) from ACT_ID_MEMBERSHIP 
10:44:56,442 [main] DEBUG org.activiti.engine.impl.TablePageMap.selectTableCount  - ==&gt; Parameters: 
10:44:56,442 [main] DEBUG org.activiti.engine.impl.TablePageMap.selectTableCount  - &lt;==      Total: 1
10:44:56,442 [main] DEBUG org.activiti.engine.impl.persistence.entity.TableDataManager  - selecting table count for ACT_ID_USER
10:44:56,442 [main] DEBUG org.activiti.engine.impl.TablePageMap.selectTableCount  - ==&gt;  Preparing: select count(*) from ACT_ID_USER 
10:44:56,442 [main] DEBUG org.activiti.engine.impl.TablePageMap.selectTableCount  - ==&gt; Parameters: 
10:44:56,442 [main] DEBUG org.activiti.engine.impl.TablePageMap.selectTableCount  - &lt;==      Total: 1
10:44:56,442 [main] DEBUG org.activiti.engine.impl.persistence.entity.TableDataManager  - selecting table count for ACT_PROCDEF_INFO
10:44:56,442 [main] DEBUG org.activiti.engine.impl.TablePageMap.selectTableCount  - ==&gt;  Preparing: select count(*) from ACT_PROCDEF_INFO 
10:44:56,442 [main] DEBUG org.activiti.engine.impl.TablePageMap.selectTableCount  - ==&gt; Parameters: 
10:44:56,442 [main] DEBUG org.activiti.engine.impl.TablePageMap.selectTableCount  - &lt;==      Total: 1
10:44:56,442 [main] DEBUG org.activiti.engine.impl.persistence.entity.TableDataManager  - selecting table count for ACT_RE_DEPLOYMENT
10:44:56,442 [main] DEBUG org.activiti.engine.impl.TablePageMap.selectTableCount  - ==&gt;  Preparing: select count(*) from ACT_RE_DEPLOYMENT 
10:44:56,442 [main] DEBUG org.activiti.engine.impl.TablePageMap.selectTableCount  - ==&gt; Parameters: 
10:44:56,442 [main] DEBUG org.activiti.engine.impl.TablePageMap.selectTableCount  - &lt;==      Total: 1
10:44:56,442 [main] DEBUG org.activiti.engine.impl.persistence.entity.TableDataManager  - selecting table count for ACT_RE_MODEL
10:44:56,442 [main] DEBUG org.activiti.engine.impl.TablePageMap.selectTableCount  - ==&gt;  Preparing: select count(*) from ACT_RE_MODEL 
10:44:56,442 [main] DEBUG org.activiti.engine.impl.TablePageMap.selectTableCount  - ==&gt; Parameters: 
10:44:56,442 [main] DEBUG org.activiti.engine.impl.TablePageMap.selectTableCount  - &lt;==      Total: 1
10:44:56,442 [main] DEBUG org.activiti.engine.impl.persistence.entity.TableDataManager  - selecting table count for ACT_RE_PROCDEF
10:44:56,442 [main] DEBUG org.activiti.engine.impl.TablePageMap.selectTableCount  - ==&gt;  Preparing: select count(*) from ACT_RE_PROCDEF 
10:44:56,442 [main] DEBUG org.activiti.engine.impl.TablePageMap.selectTableCount  - ==&gt; Parameters: 
10:44:56,442 [main] DEBUG org.activiti.engine.impl.TablePageMap.selectTableCount  - &lt;==      Total: 1
10:44:56,442 [main] DEBUG org.activiti.engine.impl.persistence.entity.TableDataManager  - selecting table count for ACT_RU_EVENT_SUBSCR
10:44:56,442 [main] DEBUG org.activiti.engine.impl.TablePageMap.selectTableCount  - ==&gt;  Preparing: select count(*) from ACT_RU_EVENT_SUBSCR 
10:44:56,442 [main] DEBUG org.activiti.engine.impl.TablePageMap.selectTableCount  - ==&gt; Parameters: 
10:44:56,442 [main] DEBUG org.activiti.engine.impl.TablePageMap.selectTableCount  - &lt;==      Total: 1
10:44:56,442 [main] DEBUG org.activiti.engine.impl.persistence.entity.TableDataManager  - selecting table count for ACT_RU_EXECUTION
10:44:56,442 [main] DEBUG org.activiti.engine.impl.TablePageMap.selectTableCount  - ==&gt;  Preparing: select count(*) from ACT_RU_EXECUTION 
10:44:56,442 [main] DEBUG org.activiti.engine.impl.TablePageMap.selectTableCount  - ==&gt; Parameters: 
10:44:56,442 [main] DEBUG org.activiti.engine.impl.TablePageMap.selectTableCount  - &lt;==      Total: 1
10:44:56,442 [main] DEBUG org.activiti.engine.impl.persistence.entity.TableDataManager  - selecting table count for ACT_RU_IDENTITYLINK
10:44:56,442 [main] DEBUG org.activiti.engine.impl.TablePageMap.selectTableCount  - ==&gt;  Preparing: select count(*) from ACT_RU_IDENTITYLINK 
10:44:56,442 [main] DEBUG org.activiti.engine.impl.TablePageMap.selectTableCount  - ==&gt; Parameters: 
10:44:56,442 [main] DEBUG org.activiti.engine.impl.TablePageMap.selectTableCount  - &lt;==      Total: 1
10:44:56,442 [main] DEBUG org.activiti.engine.impl.persistence.entity.TableDataManager  - selecting table count for ACT_RU_JOB
10:44:56,442 [main] DEBUG org.activiti.engine.impl.TablePageMap.selectTableCount  - ==&gt;  Preparing: select count(*) from ACT_RU_JOB 
10:44:56,442 [main] DEBUG org.activiti.engine.impl.TablePageMap.selectTableCount  - ==&gt; Parameters: 
10:44:56,443 [main] DEBUG org.activiti.engine.impl.TablePageMap.selectTableCount  - &lt;==      Total: 1
10:44:56,443 [main] DEBUG org.activiti.engine.impl.persistence.entity.TableDataManager  - selecting table count for ACT_RU_TASK
10:44:56,443 [main] DEBUG org.activiti.engine.impl.TablePageMap.selectTableCount  - ==&gt;  Preparing: select count(*) from ACT_RU_TASK 
10:44:56,443 [main] DEBUG org.activiti.engine.impl.TablePageMap.selectTableCount  - ==&gt; Parameters: 
10:44:56,443 [main] DEBUG org.activiti.engine.impl.TablePageMap.selectTableCount  - &lt;==      Total: 1
10:44:56,443 [main] DEBUG org.activiti.engine.impl.persistence.entity.TableDataManager  - selecting table count for ACT_RU_VARIABLE
10:44:56,443 [main] DEBUG org.activiti.engine.impl.TablePageMap.selectTableCount  - ==&gt;  Preparing: select count(*) from ACT_RU_VARIABLE 
10:44:56,443 [main] DEBUG org.activiti.engine.impl.TablePageMap.selectTableCount  - ==&gt; Parameters: 
10:44:56,443 [main] DEBUG org.activiti.engine.impl.TablePageMap.selectTableCount  - &lt;==      Total: 1
10:44:56,443 [main] DEBUG org.activiti.engine.impl.persistence.entity.TableDataManager  - Number of rows per activiti table: {ACT_RU_EVENT_SUBSCR=0, ACT_ID_USER=0, ACT_HI_ATTACHMENT=0, ACT_GE_BYTEARRAY=0, ACT_RE_MODEL=0, ACT_RU_VARIABLE=0, ACT_RU_TASK=0, ACT_RE_DEPLOYMENT=0, ACT_RE_PROCDEF=0, ACT_ID_GROUP=0, ACT_HI_VARINST=0, ACT_HI_COMMENT=0, ACT_HI_PROCINST=0, ACT_ID_INFO=0, ACT_ID_MEMBERSHIP=0, ACT_RU_JOB=0, ACT_PROCDEF_INFO=0, ACT_HI_ACTINST=0, ACT_RU_EXECUTION=0, ACT_HI_TASKINST=0, ACT_HI_DETAIL=0, ACT_EVT_LOG=0, ACT_HI_IDENTITYLINK=0, ACT_RU_IDENTITYLINK=0, ACT_GE_PROPERTY=3}
10:44:56,443 [main] DEBUG org.activiti.engine.impl.db.DbSqlSession  - flush summary: 0 insert, 0 update, 0 delete.
10:44:56,443 [main] DEBUG org.activiti.engine.impl.db.DbSqlSession  - now executing flush...
10:44:56,443 [main] DEBUG org.activiti.engine.impl.cfg.standalone.StandaloneMybatisTransactionContext  - firing event committing...
10:44:56,443 [main] DEBUG org.activiti.engine.impl.cfg.standalone.StandaloneMybatisTransactionContext  - committing the ibatis sql session...
10:44:56,443 [main] DEBUG org.activiti.engine.impl.cfg.standalone.StandaloneMybatisTransactionContext  - firing event committed...
10:44:56,443 [main] DEBUG org.apache.ibatis.transaction.jdbc.JdbcTransaction  - Resetting autocommit to true on JDBC Connection [conn2: url=jdbc:h2:mem:activiti user=SA]
10:44:56,443 [main] DEBUG org.apache.ibatis.transaction.jdbc.JdbcTransaction  - Closing JDBC Connection [conn2: url=jdbc:h2:mem:activiti user=SA]
10:44:56,443 [main] DEBUG org.apache.ibatis.datasource.pooled.PooledDataSource  - Returned connection 363509958 to pool.
10:44:56,443 [main] DEBUG org.activiti.engine.impl.interceptor.LogInterceptor  - --- GetTableCountCmd finished --------------------------------------------------------
10:44:56,443 [main] DEBUG org.activiti.engine.impl.interceptor.LogInterceptor  - 

10:44:56,443 [main] INFO  org.activiti.engine.impl.test.PvmTestCase  - database was clean
</system-out>
  </testcase>
  <testcase classname="org.activiti.engine.test.api.identity.GroupQueryTest" name="testQueryInvalidSortingUsage" time="0.008"/>
  <testcase classname="org.activiti.engine.test.api.identity.GroupQueryTest" name="testQuerySorting" time="0.009">
    <error message="
### Error querying database.  Cause: org.h2.jdbc.JdbcSQLException: Syntax error in SQL statement &quot;SELECT RES.* 
     
    FROM ACT_ID_GROUP RES
     
      
   
     ORDER BY  ORDER[*] BY RES.TYPE_ ASC, RES.NAME_ DESC  
    LIMIT ? OFFSET ? &quot;; expected &quot;=, NOT, EXISTS, INTERSECTS, SELECT, FROM&quot;; SQL statement:
select RES.* 
     
    from ACT_ID_GROUP RES
     
      
   
     order by  order by RES.TYPE_ asc, RES.NAME_ desc  
    LIMIT ? OFFSET ? [42001-176]
### The error may exist in org/activiti/db/mapping/entity/Group.xml
### The error may involve org.activiti.engine.impl.persistence.entity.GroupEntity.selectGroupByQueryCriteria
### The error occurred while executing a query
### SQL: select RES.*            from ACT_ID_GROUP RES                       order by  order by RES.TYPE_ asc, RES.NAME_ desc       LIMIT ? OFFSET ?
### Cause: org.h2.jdbc.JdbcSQLException: Syntax error in SQL statement &quot;SELECT RES.* 
     
    FROM ACT_ID_GROUP RES
     
      
   
     ORDER BY  ORDER[*] BY RES.TYPE_ ASC, RES.NAME_ DESC  
    LIMIT ? OFFSET ? &quot;; expected &quot;=, NOT, EXISTS, INTERSECTS, SELECT, FROM&quot;; SQL statement:
select RES.* 
     
    from ACT_ID_GROUP RES
     
      
   
     order by  order by RES.TYPE_ asc, RES.NAME_ desc  
    LIMIT ? OFFSET ? [42001-176]" type="org.apache.ibatis.exceptions.PersistenceException">org.apache.ibatis.exceptions.PersistenceException: 
### Error querying database.  Cause: org.h2.jdbc.JdbcSQLException: Syntax error in SQL statement &quot;SELECT RES.* 
     
    FROM ACT_ID_GROUP RES
     
      
   
     ORDER BY  ORDER[*] BY RES.TYPE_ ASC, RES.NAME_ DESC  
    LIMIT ? OFFSET ? &quot;; expected &quot;=, NOT, EXISTS, INTERSECTS, SELECT, FROM&quot;; SQL statement:
select RES.* 
     
    from ACT_ID_GROUP RES
     
      
   
     order by  order by RES.TYPE_ asc, RES.NAME_ desc  
    LIMIT ? OFFSET ? [42001-176]
### The error may exist in org/activiti/db/mapping/entity/Group.xml
### The error may involve org.activiti.engine.impl.persistence.entity.GroupEntity.selectGroupByQueryCriteria
### The error occurred while executing a query
### SQL: select RES.*            from ACT_ID_GROUP RES                       order by  order by RES.TYPE_ asc, RES.NAME_ desc       LIMIT ? OFFSET ?
### Cause: org.h2.jdbc.JdbcSQLException: Syntax error in SQL statement &quot;SELECT RES.* 
     
    FROM ACT_ID_GROUP RES
     
      
   
     ORDER BY  ORDER[*] BY RES.TYPE_ ASC, RES.NAME_ DESC  
    LIMIT ? OFFSET ? &quot;; expected &quot;=, NOT, EXISTS, INTERSECTS, SELECT, FROM&quot;; SQL statement:
select RES.* 
     
    from ACT_ID_GROUP RES
     
      
   
     order by  order by RES.TYPE_ asc, RES.NAME_ desc  
    LIMIT ? OFFSET ? [42001-176]
	at org.apache.ibatis.exceptions.ExceptionFactory.wrapException(ExceptionFactory.java:30)
	at org.apache.ibatis.session.defaults.DefaultSqlSession.selectList(DefaultSqlSession.java:122)
	at org.apache.ibatis.session.defaults.DefaultSqlSession.selectList(DefaultSqlSession.java:113)
	at org.activiti.engine.impl.db.DbSqlSession.selectListWithRawParameter(DbSqlSession.java:438)
	at org.activiti.engine.impl.db.DbSqlSession.selectList(DbSqlSession.java:429)
	at org.activiti.engine.impl.db.DbSqlSession.selectList(DbSqlSession.java:419)
	at org.activiti.engine.impl.persistence.entity.GroupEntityManager.findGroupByQueryCriteria(GroupEntityManager.java:90)
	at org.activiti.engine.impl.GroupQueryImpl.executeList(GroupQueryImpl.java:125)
	at org.activiti.engine.impl.AbstractQuery.execute(AbstractQuery.java:164)
	at org.activiti.engine.impl.interceptor.CommandInvoker.execute(CommandInvoker.java:24)
	at org.activiti.engine.impl.interceptor.CommandContextInterceptor.execute(CommandContextInterceptor.java:57)
	at org.activiti.engine.impl.interceptor.LogInterceptor.execute(LogInterceptor.java:37)
	at org.activiti.engine.impl.cfg.CommandExecutorImpl.execute(CommandExecutorImpl.java:40)
	at org.activiti.engine.impl.cfg.CommandExecutorImpl.execute(CommandExecutorImpl.java:35)
	at org.activiti.engine.impl.AbstractQuery.list(AbstractQuery.java:138)
	at org.activiti.engine.test.api.identity.GroupQueryTest.testQuerySorting(GroupQueryTest.java:194)
	at sun.reflect.NativeMethodAccessorImpl.invoke0(Native Method)
	at sun.reflect.NativeMethodAccessorImpl.invoke(NativeMethodAccessorImpl.java:62)
	at sun.reflect.DelegatingMethodAccessorImpl.invoke(DelegatingMethodAccessorImpl.java:43)
	at java.lang.reflect.Method.invoke(Method.java:498)
	at junit.framework.TestCase.runTest(TestCase.java:176)
	at org.activiti.engine.impl.test.PvmTestCase.runTest(PvmTestCase.java:65)
	at junit.framework.TestCase.runBare(TestCase.java:141)
	at org.activiti.engine.impl.test.AbstractActivitiTestCase.runBare(AbstractActivitiTestCase.java:100)
	at junit.framework.TestResult$1.protect(TestResult.java:122)
	at junit.framework.TestResult.runProtected(TestResult.java:142)
	at junit.framework.TestResult.run(TestResult.java:125)
	at junit.framework.TestCase.run(TestCase.java:129)
	at junit.framework.TestSuite.runTest(TestSuite.java:255)
	at junit.framework.TestSuite.run(TestSuite.java:250)
	at org.junit.internal.runners.JUnit38ClassRunner.run(JUnit38ClassRunner.java:84)
	at org.apache.maven.surefire.junit4.JUnit4TestSet.execute(JUnit4TestSet.java:35)
	at org.apache.maven.surefire.junit4.JUnit4Provider.executeTestSet(JUnit4Provider.java:146)
	at org.apache.maven.surefire.junit4.JUnit4Provider.invoke(JUnit4Provider.java:97)
	at sun.reflect.NativeMethodAccessorImpl.invoke0(Native Method)
	at sun.reflect.NativeMethodAccessorImpl.invoke(NativeMethodAccessorImpl.java:62)
	at sun.reflect.DelegatingMethodAccessorImpl.invoke(DelegatingMethodAccessorImpl.java:43)
	at java.lang.reflect.Method.invoke(Method.java:498)
	at org.apache.maven.surefire.booter.ProviderFactory$ClassLoaderProxy.invoke(ProviderFactory.java:103)
	at com.sun.proxy.$Proxy0.invoke(Unknown Source)
	at org.apache.maven.surefire.booter.SurefireStarter.invokeProvider(SurefireStarter.java:145)
	at org.apache.maven.surefire.booter.SurefireStarter.runSuitesInProcess(SurefireStarter.java:87)
	at org.apache.maven.surefire.booter.ForkedBooter.main(ForkedBooter.java:69)
Caused by: org.h2.jdbc.JdbcSQLException: Syntax error in SQL statement &quot;SELECT RES.* 
     
    FROM ACT_ID_GROUP RES
     
      
   
     ORDER BY  ORDER[*] BY RES.TYPE_ ASC, RES.NAME_ DESC  
    LIMIT ? OFFSET ? &quot;; expected &quot;=, NOT, EXISTS, INTERSECTS, SELECT, FROM&quot;; SQL statement:
select RES.* 
     
    from ACT_ID_GROUP RES
     
      
   
     order by  order by RES.TYPE_ asc, RES.NAME_ desc  
    LIMIT ? OFFSET ? [42001-176]
	at org.h2.message.DbException.getJdbcSQLException(DbException.java:344)
	at org.h2.message.DbException.getSyntaxError(DbException.java:204)
	at org.h2.command.Parser.getSyntaxError(Parser.java:524)
	at org.h2.command.Parser.readTerm(Parser.java:2688)
	at org.h2.command.Parser.readFactor(Parser.java:2244)
	at org.h2.command.Parser.readSum(Parser.java:2231)
	at org.h2.command.Parser.readConcat(Parser.java:2201)
	at org.h2.command.Parser.readCondition(Parser.java:2051)
	at org.h2.command.Parser.readAnd(Parser.java:2023)
	at org.h2.command.Parser.readExpression(Parser.java:2015)
	at org.h2.command.Parser.parseEndOfQuery(Parser.java:1726)
	at org.h2.command.Parser.parseSelectUnionExtension(Parser.java:1706)
	at org.h2.command.Parser.parseSelectUnion(Parser.java:1675)
	at org.h2.command.Parser.parseSelect(Parser.java:1662)
	at org.h2.command.Parser.parsePrepared(Parser.java:434)
	at org.h2.command.Parser.parse(Parser.java:306)
	at org.h2.command.Parser.parse(Parser.java:282)
	at org.h2.command.Parser.prepareCommand(Parser.java:243)
	at org.h2.engine.Session.prepareLocal(Session.java:442)
	at org.h2.engine.Session.prepareCommand(Session.java:384)
	at org.h2.jdbc.JdbcConnection.prepareCommand(JdbcConnection.java:1188)
	at org.h2.jdbc.JdbcPreparedStatement.&lt;init&gt;(JdbcPreparedStatement.java:73)
	at org.h2.jdbc.JdbcConnection.prepareStatement(JdbcConnection.java:276)
	at sun.reflect.GeneratedMethodAccessor6.invoke(Unknown Source)
	at sun.reflect.DelegatingMethodAccessorImpl.invoke(DelegatingMethodAccessorImpl.java:43)
	at java.lang.reflect.Method.invoke(Method.java:498)
	at org.apache.ibatis.datasource.pooled.PooledConnection.invoke(PooledConnection.java:245)
	at com.sun.proxy.$Proxy12.prepareStatement(Unknown Source)
	at sun.reflect.GeneratedMethodAccessor6.invoke(Unknown Source)
	at sun.reflect.DelegatingMethodAccessorImpl.invoke(DelegatingMethodAccessorImpl.java:43)
	at java.lang.reflect.Method.invoke(Method.java:498)
	at org.apache.ibatis.logging.jdbc.ConnectionLogger.invoke(ConnectionLogger.java:55)
	at com.sun.proxy.$Proxy12.prepareStatement(Unknown Source)
	at org.apache.ibatis.executor.statement.PreparedStatementHandler.instantiateStatement(PreparedStatementHandler.java:79)
	at org.apache.ibatis.executor.statement.BaseStatementHandler.prepare(BaseStatementHandler.java:88)
	at org.apache.ibatis.executor.statement.RoutingStatementHandler.prepare(RoutingStatementHandler.java:58)
	at org.apache.ibatis.executor.SimpleExecutor.prepareStatement(SimpleExecutor.java:76)
	at org.apache.ibatis.executor.SimpleExecutor.doQuery(SimpleExecutor.java:61)
	at org.apache.ibatis.executor.BaseExecutor.queryFromDatabase(BaseExecutor.java:303)
	at org.apache.ibatis.executor.BaseExecutor.query(BaseExecutor.java:154)
	at org.apache.ibatis.executor.CachingExecutor.query(CachingExecutor.java:102)
	at org.apache.ibatis.executor.CachingExecutor.query(CachingExecutor.java:82)
	at org.apache.ibatis.session.defaults.DefaultSqlSession.selectList(DefaultSqlSession.java:120)
	... 41 more
</error>
    <system-out>10:44:56,451 [main] DEBUG org.activiti.engine.impl.interceptor.LogInterceptor  - 

10:44:56,451 [main] DEBUG org.activiti.engine.impl.interceptor.LogInterceptor  - --- starting CreateGroupCmd --------------------------------------------------------
10:44:56,451 [main] DEBUG org.activiti.engine.impl.cfg.standalone.StandaloneMybatisTransactionContext  - firing event committing...
10:44:56,451 [main] DEBUG org.activiti.engine.impl.cfg.standalone.StandaloneMybatisTransactionContext  - committing the ibatis sql session...
10:44:56,451 [main] DEBUG org.activiti.engine.impl.cfg.standalone.StandaloneMybatisTransactionContext  - firing event committed...
10:44:56,451 [main] DEBUG org.activiti.engine.impl.interceptor.LogInterceptor  - --- CreateGroupCmd finished --------------------------------------------------------
10:44:56,451 [main] DEBUG org.activiti.engine.impl.interceptor.LogInterceptor  - 

10:44:56,451 [main] DEBUG org.activiti.engine.impl.interceptor.LogInterceptor  - 

10:44:56,451 [main] DEBUG org.activiti.engine.impl.interceptor.LogInterceptor  - --- starting SaveGroupCmd --------------------------------------------------------
10:44:56,451 [main] DEBUG org.activiti.engine.impl.db.DbSqlSession  -   insert org.activiti.engine.impl.persistence.entity.GroupEntity@7c3e4b1a
10:44:56,451 [main] DEBUG org.activiti.engine.impl.db.DbSqlSession  - flush summary: 1 insert, 0 update, 0 delete.
10:44:56,451 [main] DEBUG org.activiti.engine.impl.db.DbSqlSession  - now executing flush...
10:44:56,451 [main] DEBUG org.activiti.engine.impl.db.DbSqlSession  - inserting: org.activiti.engine.impl.persistence.entity.GroupEntity@7c3e4b1a
10:44:56,451 [main] DEBUG org.apache.ibatis.transaction.jdbc.JdbcTransaction  - Opening JDBC Connection
10:44:56,451 [main] DEBUG org.apache.ibatis.datasource.pooled.PooledDataSource  - Checked out connection 297240765 from pool.
10:44:56,451 [main] DEBUG org.apache.ibatis.transaction.jdbc.JdbcTransaction  - Setting autocommit to false on JDBC Connection [conn4: url=jdbc:h2:mem:activiti user=SA]
10:44:56,451 [main] DEBUG org.activiti.engine.impl.persistence.entity.GroupEntity.insertGroup  - ==&gt;  Preparing: insert into ACT_ID_GROUP (ID_, REV_, NAME_, TYPE_) values ( ?, 1, ?, ? ) 
10:44:56,451 [main] DEBUG org.activiti.engine.impl.persistence.entity.GroupEntity.insertGroup  - ==&gt; Parameters: muppets(String), Muppet show characters(String), user(String)
10:44:56,451 [main] DEBUG org.activiti.engine.impl.persistence.entity.GroupEntity.insertGroup  - &lt;==    Updates: 1
10:44:56,451 [main] DEBUG org.activiti.engine.impl.cfg.standalone.StandaloneMybatisTransactionContext  - firing event committing...
10:44:56,451 [main] DEBUG org.activiti.engine.impl.cfg.standalone.StandaloneMybatisTransactionContext  - committing the ibatis sql session...
10:44:56,451 [main] DEBUG org.apache.ibatis.transaction.jdbc.JdbcTransaction  - Committing JDBC Connection [conn4: url=jdbc:h2:mem:activiti user=SA]
10:44:56,451 [main] DEBUG org.activiti.engine.impl.cfg.standalone.StandaloneMybatisTransactionContext  - firing event committed...
10:44:56,451 [main] DEBUG org.apache.ibatis.transaction.jdbc.JdbcTransaction  - Resetting autocommit to true on JDBC Connection [conn4: url=jdbc:h2:mem:activiti user=SA]
10:44:56,451 [main] DEBUG org.apache.ibatis.transaction.jdbc.JdbcTransaction  - Closing JDBC Connection [conn4: url=jdbc:h2:mem:activiti user=SA]
10:44:56,451 [main] DEBUG org.apache.ibatis.datasource.pooled.PooledDataSource  - Returned connection 297240765 to pool.
10:44:56,451 [main] DEBUG org.activiti.engine.impl.interceptor.LogInterceptor  - --- SaveGroupCmd finished --------------------------------------------------------
10:44:56,451 [main] DEBUG org.activiti.engine.impl.interceptor.LogInterceptor  - 

10:44:56,451 [main] DEBUG org.activiti.engine.impl.interceptor.LogInterceptor  - 

10:44:56,451 [main] DEBUG org.activiti.engine.impl.interceptor.LogInterceptor  - --- starting CreateGroupCmd --------------------------------------------------------
10:44:56,451 [main] DEBUG org.activiti.engine.impl.cfg.standalone.StandaloneMybatisTransactionContext  - firing event committing...
10:44:56,451 [main] DEBUG org.activiti.engine.impl.cfg.standalone.StandaloneMybatisTransactionContext  - committing the ibatis sql session...
10:44:56,451 [main] DEBUG org.activiti.engine.impl.cfg.standalone.StandaloneMybatisTransactionContext  - firing event committed...
10:44:56,451 [main] DEBUG org.activiti.engine.impl.interceptor.LogInterceptor  - --- CreateGroupCmd finished --------------------------------------------------------
10:44:56,451 [main] DEBUG org.activiti.engine.impl.interceptor.LogInterceptor  - 

10:44:56,451 [main] DEBUG org.activiti.engine.impl.interceptor.LogInterceptor  - 

10:44:56,451 [main] DEBUG org.activiti.engine.impl.interceptor.LogInterceptor  - --- starting SaveGroupCmd --------------------------------------------------------
10:44:56,451 [main] DEBUG org.activiti.engine.impl.db.DbSqlSession  -   insert org.activiti.engine.impl.persistence.entity.GroupEntity@2db4ad1
10:44:56,451 [main] DEBUG org.activiti.engine.impl.db.DbSqlSession  - flush summary: 1 insert, 0 update, 0 delete.
10:44:56,451 [main] DEBUG org.activiti.engine.impl.db.DbSqlSession  - now executing flush...
10:44:56,451 [main] DEBUG org.activiti.engine.impl.db.DbSqlSession  - inserting: org.activiti.engine.impl.persistence.entity.GroupEntity@2db4ad1
10:44:56,451 [main] DEBUG org.apache.ibatis.transaction.jdbc.JdbcTransaction  - Opening JDBC Connection
10:44:56,451 [main] DEBUG org.apache.ibatis.datasource.pooled.PooledDataSource  - Checked out connection 363509958 from pool.
10:44:56,451 [main] DEBUG org.apache.ibatis.transaction.jdbc.JdbcTransaction  - Setting autocommit to false on JDBC Connection [conn2: url=jdbc:h2:mem:activiti user=SA]
10:44:56,451 [main] DEBUG org.activiti.engine.impl.persistence.entity.GroupEntity.insertGroup  - ==&gt;  Preparing: insert into ACT_ID_GROUP (ID_, REV_, NAME_, TYPE_) values ( ?, 1, ?, ? ) 
10:44:56,452 [main] DEBUG org.activiti.engine.impl.persistence.entity.GroupEntity.insertGroup  - ==&gt; Parameters: frogs(String), Famous frogs(String), user(String)
10:44:56,452 [main] DEBUG org.activiti.engine.impl.persistence.entity.GroupEntity.insertGroup  - &lt;==    Updates: 1
10:44:56,452 [main] DEBUG org.activiti.engine.impl.cfg.standalone.StandaloneMybatisTransactionContext  - firing event committing...
10:44:56,452 [main] DEBUG org.activiti.engine.impl.cfg.standalone.StandaloneMybatisTransactionContext  - committing the ibatis sql session...
10:44:56,452 [main] DEBUG org.apache.ibatis.transaction.jdbc.JdbcTransaction  - Committing JDBC Connection [conn2: url=jdbc:h2:mem:activiti user=SA]
10:44:56,452 [main] DEBUG org.activiti.engine.impl.cfg.standalone.StandaloneMybatisTransactionContext  - firing event committed...
10:44:56,452 [main] DEBUG org.apache.ibatis.transaction.jdbc.JdbcTransaction  - Resetting autocommit to true on JDBC Connection [conn2: url=jdbc:h2:mem:activiti user=SA]
10:44:56,452 [main] DEBUG org.apache.ibatis.transaction.jdbc.JdbcTransaction  - Closing JDBC Connection [conn2: url=jdbc:h2:mem:activiti user=SA]
10:44:56,452 [main] DEBUG org.apache.ibatis.datasource.pooled.PooledDataSource  - Returned connection 363509958 to pool.
10:44:56,452 [main] DEBUG org.activiti.engine.impl.interceptor.LogInterceptor  - --- SaveGroupCmd finished --------------------------------------------------------
10:44:56,452 [main] DEBUG org.activiti.engine.impl.interceptor.LogInterceptor  - 

10:44:56,452 [main] DEBUG org.activiti.engine.impl.interceptor.LogInterceptor  - 

10:44:56,452 [main] DEBUG org.activiti.engine.impl.interceptor.LogInterceptor  - --- starting CreateGroupCmd --------------------------------------------------------
10:44:56,452 [main] DEBUG org.activiti.engine.impl.cfg.standalone.StandaloneMybatisTransactionContext  - firing event committing...
10:44:56,452 [main] DEBUG org.activiti.engine.impl.cfg.standalone.StandaloneMybatisTransactionContext  - committing the ibatis sql session...
10:44:56,452 [main] DEBUG org.activiti.engine.impl.cfg.standalone.StandaloneMybatisTransactionContext  - firing event committed...
10:44:56,452 [main] DEBUG org.activiti.engine.impl.interceptor.LogInterceptor  - --- CreateGroupCmd finished --------------------------------------------------------
10:44:56,452 [main] DEBUG org.activiti.engine.impl.interceptor.LogInterceptor  - 

10:44:56,452 [main] DEBUG org.activiti.engine.impl.interceptor.LogInterceptor  - 

10:44:56,452 [main] DEBUG org.activiti.engine.impl.interceptor.LogInterceptor  - --- starting SaveGroupCmd --------------------------------------------------------
10:44:56,452 [main] DEBUG org.activiti.engine.impl.db.DbSqlSession  -   insert org.activiti.engine.impl.persistence.entity.GroupEntity@765d55d5
10:44:56,452 [main] DEBUG org.activiti.engine.impl.db.DbSqlSession  - flush summary: 1 insert, 0 update, 0 delete.
10:44:56,452 [main] DEBUG org.activiti.engine.impl.db.DbSqlSession  - now executing flush...
10:44:56,452 [main] DEBUG org.activiti.engine.impl.db.DbSqlSession  - inserting: org.activiti.engine.impl.persistence.entity.GroupEntity@765d55d5
10:44:56,452 [main] DEBUG org.apache.ibatis.transaction.jdbc.JdbcTransaction  - Opening JDBC Connection
10:44:56,452 [main] DEBUG org.apache.ibatis.datasource.pooled.PooledDataSource  - Checked out connection 180014677 from pool.
10:44:56,452 [main] DEBUG org.apache.ibatis.transaction.jdbc.JdbcTransaction  - Setting autocommit to false on JDBC Connection [conn3: url=jdbc:h2:mem:activiti user=SA]
10:44:56,452 [main] DEBUG org.activiti.engine.impl.persistence.entity.GroupEntity.insertGroup  - ==&gt;  Preparing: insert into ACT_ID_GROUP (ID_, REV_, NAME_, TYPE_) values ( ?, 1, ?, ? ) 
10:44:56,452 [main] DEBUG org.activiti.engine.impl.persistence.entity.GroupEntity.insertGroup  - ==&gt; Parameters: mammals(String), Famous mammals from eighties(String), user(String)
10:44:56,452 [main] DEBUG org.activiti.engine.impl.persistence.entity.GroupEntity.insertGroup  - &lt;==    Updates: 1
10:44:56,452 [main] DEBUG org.activiti.engine.impl.cfg.standalone.StandaloneMybatisTransactionContext  - firing event committing...
10:44:56,452 [main] DEBUG org.activiti.engine.impl.cfg.standalone.StandaloneMybatisTransactionContext  - committing the ibatis sql session...
10:44:56,452 [main] DEBUG org.apache.ibatis.transaction.jdbc.JdbcTransaction  - Committing JDBC Connection [conn3: url=jdbc:h2:mem:activiti user=SA]
10:44:56,452 [main] DEBUG org.activiti.engine.impl.cfg.standalone.StandaloneMybatisTransactionContext  - firing event committed...
10:44:56,452 [main] DEBUG org.apache.ibatis.transaction.jdbc.JdbcTransaction  - Resetting autocommit to true on JDBC Connection [conn3: url=jdbc:h2:mem:activiti user=SA]
10:44:56,452 [main] DEBUG org.apache.ibatis.transaction.jdbc.JdbcTransaction  - Closing JDBC Connection [conn3: url=jdbc:h2:mem:activiti user=SA]
10:44:56,452 [main] DEBUG org.apache.ibatis.datasource.pooled.PooledDataSource  - Returned connection 180014677 to pool.
10:44:56,452 [main] DEBUG org.activiti.engine.impl.interceptor.LogInterceptor  - --- SaveGroupCmd finished --------------------------------------------------------
10:44:56,452 [main] DEBUG org.activiti.engine.impl.interceptor.LogInterceptor  - 

10:44:56,452 [main] DEBUG org.activiti.engine.impl.interceptor.LogInterceptor  - 

10:44:56,452 [main] DEBUG org.activiti.engine.impl.interceptor.LogInterceptor  - --- starting CreateGroupCmd --------------------------------------------------------
10:44:56,452 [main] DEBUG org.activiti.engine.impl.cfg.standalone.StandaloneMybatisTransactionContext  - firing event committing...
10:44:56,452 [main] DEBUG org.activiti.engine.impl.cfg.standalone.StandaloneMybatisTransactionContext  - committing the ibatis sql session...
10:44:56,452 [main] DEBUG org.activiti.engine.impl.cfg.standalone.StandaloneMybatisTransactionContext  - firing event committed...
10:44:56,452 [main] DEBUG org.activiti.engine.impl.interceptor.LogInterceptor  - --- CreateGroupCmd finished --------------------------------------------------------
10:44:56,452 [main] DEBUG org.activiti.engine.impl.interceptor.LogInterceptor  - 

10:44:56,452 [main] DEBUG org.activiti.engine.impl.interceptor.LogInterceptor  - 

10:44:56,452 [main] DEBUG org.activiti.engine.impl.interceptor.LogInterceptor  - --- starting SaveGroupCmd --------------------------------------------------------
10:44:56,452 [main] DEBUG org.activiti.engine.impl.db.DbSqlSession  -   insert org.activiti.engine.impl.persistence.entity.GroupEntity@2513a118
10:44:56,452 [main] DEBUG org.activiti.engine.impl.db.DbSqlSession  - flush summary: 1 insert, 0 update, 0 delete.
10:44:56,452 [main] DEBUG org.activiti.engine.impl.db.DbSqlSession  - now executing flush...
10:44:56,452 [main] DEBUG org.activiti.engine.impl.db.DbSqlSession  - inserting: org.activiti.engine.impl.persistence.entity.GroupEntity@2513a118
10:44:56,452 [main] DEBUG org.apache.ibatis.transaction.jdbc.JdbcTransaction  - Opening JDBC Connection
10:44:56,452 [main] DEBUG org.apache.ibatis.datasource.pooled.PooledDataSource  - Checked out connection 297240765 from pool.
10:44:56,452 [main] DEBUG org.apache.ibatis.transaction.jdbc.JdbcTransaction  - Setting autocommit to false on JDBC Connection [conn4: url=jdbc:h2:mem:activiti user=SA]
10:44:56,452 [main] DEBUG org.activiti.engine.impl.persistence.entity.GroupEntity.insertGroup  - ==&gt;  Preparing: insert into ACT_ID_GROUP (ID_, REV_, NAME_, TYPE_) values ( ?, 1, ?, ? ) 
10:44:56,452 [main] DEBUG org.activiti.engine.impl.persistence.entity.GroupEntity.insertGroup  - ==&gt; Parameters: admin(String), Administrators(String), security(String)
10:44:56,452 [main] DEBUG org.activiti.engine.impl.persistence.entity.GroupEntity.insertGroup  - &lt;==    Updates: 1
10:44:56,452 [main] DEBUG org.activiti.engine.impl.cfg.standalone.StandaloneMybatisTransactionContext  - firing event committing...
10:44:56,452 [main] DEBUG org.activiti.engine.impl.cfg.standalone.StandaloneMybatisTransactionContext  - committing the ibatis sql session...
10:44:56,452 [main] DEBUG org.apache.ibatis.transaction.jdbc.JdbcTransaction  - Committing JDBC Connection [conn4: url=jdbc:h2:mem:activiti user=SA]
10:44:56,452 [main] DEBUG org.activiti.engine.impl.cfg.standalone.StandaloneMybatisTransactionContext  - firing event committed...
10:44:56,452 [main] DEBUG org.apache.ibatis.transaction.jdbc.JdbcTransaction  - Resetting autocommit to true on JDBC Connection [conn4: url=jdbc:h2:mem:activiti user=SA]
10:44:56,452 [main] DEBUG org.apache.ibatis.transaction.jdbc.JdbcTransaction  - Closing JDBC Connection [conn4: url=jdbc:h2:mem:activiti user=SA]
10:44:56,452 [main] DEBUG org.apache.ibatis.datasource.pooled.PooledDataSource  - Returned connection 297240765 to pool.
10:44:56,452 [main] DEBUG org.activiti.engine.impl.interceptor.LogInterceptor  - --- SaveGroupCmd finished --------------------------------------------------------
10:44:56,452 [main] DEBUG org.activiti.engine.impl.interceptor.LogInterceptor  - 

10:44:56,452 [main] DEBUG org.activiti.engine.impl.interceptor.LogInterceptor  - 

10:44:56,452 [main] DEBUG org.activiti.engine.impl.interceptor.LogInterceptor  - --- starting CreateUserCmd --------------------------------------------------------
10:44:56,452 [main] DEBUG org.activiti.engine.impl.cfg.standalone.StandaloneMybatisTransactionContext  - firing event committing...
10:44:56,452 [main] DEBUG org.activiti.engine.impl.cfg.standalone.StandaloneMybatisTransactionContext  - committing the ibatis sql session...
10:44:56,452 [main] DEBUG org.activiti.engine.impl.cfg.standalone.StandaloneMybatisTransactionContext  - firing event committed...
10:44:56,452 [main] DEBUG org.activiti.engine.impl.interceptor.LogInterceptor  - --- CreateUserCmd finished --------------------------------------------------------
10:44:56,452 [main] DEBUG org.activiti.engine.impl.interceptor.LogInterceptor  - 

10:44:56,452 [main] DEBUG org.activiti.engine.impl.interceptor.LogInterceptor  - 

10:44:56,452 [main] DEBUG org.activiti.engine.impl.interceptor.LogInterceptor  - --- starting SaveUserCmd --------------------------------------------------------
10:44:56,452 [main] DEBUG org.activiti.engine.impl.db.DbSqlSession  -   insert org.activiti.engine.impl.persistence.entity.UserEntity@2bfb583b
10:44:56,452 [main] DEBUG org.activiti.engine.impl.db.DbSqlSession  - flush summary: 1 insert, 0 update, 0 delete.
10:44:56,452 [main] DEBUG org.activiti.engine.impl.db.DbSqlSession  - now executing flush...
10:44:56,452 [main] DEBUG org.activiti.engine.impl.db.DbSqlSession  - inserting: org.activiti.engine.impl.persistence.entity.UserEntity@2bfb583b
10:44:56,452 [main] DEBUG org.apache.ibatis.transaction.jdbc.JdbcTransaction  - Opening JDBC Connection
10:44:56,452 [main] DEBUG org.apache.ibatis.datasource.pooled.PooledDataSource  - Checked out connection 363509958 from pool.
10:44:56,452 [main] DEBUG org.apache.ibatis.transaction.jdbc.JdbcTransaction  - Setting autocommit to false on JDBC Connection [conn2: url=jdbc:h2:mem:activiti user=SA]
10:44:56,452 [main] DEBUG org.activiti.engine.impl.persistence.entity.UserEntity.insertUser  - ==&gt;  Preparing: insert into ACT_ID_USER (ID_, REV_, FIRST_, LAST_, EMAIL_, PWD_) values ( ?, 1, ?, ?, ?, ? ) 
10:44:56,452 [main] DEBUG org.activiti.engine.impl.persistence.entity.UserEntity.insertUser  - ==&gt; Parameters: kermit(String), null, null, null, null
10:44:56,452 [main] DEBUG org.activiti.engine.impl.persistence.entity.UserEntity.insertUser  - &lt;==    Updates: 1
10:44:56,452 [main] DEBUG org.activiti.engine.impl.cfg.standalone.StandaloneMybatisTransactionContext  - firing event committing...
10:44:56,452 [main] DEBUG org.activiti.engine.impl.cfg.standalone.StandaloneMybatisTransactionContext  - committing the ibatis sql session...
10:44:56,452 [main] DEBUG org.apache.ibatis.transaction.jdbc.JdbcTransaction  - Committing JDBC Connection [conn2: url=jdbc:h2:mem:activiti user=SA]
10:44:56,452 [main] DEBUG org.activiti.engine.impl.cfg.standalone.StandaloneMybatisTransactionContext  - firing event committed...
10:44:56,452 [main] DEBUG org.apache.ibatis.transaction.jdbc.JdbcTransaction  - Resetting autocommit to true on JDBC Connection [conn2: url=jdbc:h2:mem:activiti user=SA]
10:44:56,452 [main] DEBUG org.apache.ibatis.transaction.jdbc.JdbcTransaction  - Closing JDBC Connection [conn2: url=jdbc:h2:mem:activiti user=SA]
10:44:56,452 [main] DEBUG org.apache.ibatis.datasource.pooled.PooledDataSource  - Returned connection 363509958 to pool.
10:44:56,452 [main] DEBUG org.activiti.engine.impl.interceptor.LogInterceptor  - --- SaveUserCmd finished --------------------------------------------------------
10:44:56,452 [main] DEBUG org.activiti.engine.impl.interceptor.LogInterceptor  - 

10:44:56,452 [main] DEBUG org.activiti.engine.impl.interceptor.LogInterceptor  - 

10:44:56,452 [main] DEBUG org.activiti.engine.impl.interceptor.LogInterceptor  - --- starting CreateUserCmd --------------------------------------------------------
10:44:56,452 [main] DEBUG org.activiti.engine.impl.cfg.standalone.StandaloneMybatisTransactionContext  - firing event committing...
10:44:56,452 [main] DEBUG org.activiti.engine.impl.cfg.standalone.StandaloneMybatisTransactionContext  - committing the ibatis sql session...
10:44:56,452 [main] DEBUG org.activiti.engine.impl.cfg.standalone.StandaloneMybatisTransactionContext  - firing event committed...
10:44:56,452 [main] DEBUG org.activiti.engine.impl.interceptor.LogInterceptor  - --- CreateUserCmd finished --------------------------------------------------------
10:44:56,452 [main] DEBUG org.activiti.engine.impl.interceptor.LogInterceptor  - 

10:44:56,452 [main] DEBUG org.activiti.engine.impl.interceptor.LogInterceptor  - 

10:44:56,452 [main] DEBUG org.activiti.engine.impl.interceptor.LogInterceptor  - --- starting SaveUserCmd --------------------------------------------------------
10:44:56,452 [main] DEBUG org.activiti.engine.impl.db.DbSqlSession  -   insert org.activiti.engine.impl.persistence.entity.UserEntity@73ae0257
10:44:56,452 [main] DEBUG org.activiti.engine.impl.db.DbSqlSession  - flush summary: 1 insert, 0 update, 0 delete.
10:44:56,452 [main] DEBUG org.activiti.engine.impl.db.DbSqlSession  - now executing flush...
10:44:56,452 [main] DEBUG org.activiti.engine.impl.db.DbSqlSession  - inserting: org.activiti.engine.impl.persistence.entity.UserEntity@73ae0257
10:44:56,452 [main] DEBUG org.apache.ibatis.transaction.jdbc.JdbcTransaction  - Opening JDBC Connection
10:44:56,452 [main] DEBUG org.apache.ibatis.datasource.pooled.PooledDataSource  - Checked out connection 180014677 from pool.
10:44:56,452 [main] DEBUG org.apache.ibatis.transaction.jdbc.JdbcTransaction  - Setting autocommit to false on JDBC Connection [conn3: url=jdbc:h2:mem:activiti user=SA]
10:44:56,452 [main] DEBUG org.activiti.engine.impl.persistence.entity.UserEntity.insertUser  - ==&gt;  Preparing: insert into ACT_ID_USER (ID_, REV_, FIRST_, LAST_, EMAIL_, PWD_) values ( ?, 1, ?, ?, ?, ? ) 
10:44:56,452 [main] DEBUG org.activiti.engine.impl.persistence.entity.UserEntity.insertUser  - ==&gt; Parameters: fozzie(String), null, null, null, null
10:44:56,452 [main] DEBUG org.activiti.engine.impl.persistence.entity.UserEntity.insertUser  - &lt;==    Updates: 1
10:44:56,452 [main] DEBUG org.activiti.engine.impl.cfg.standalone.StandaloneMybatisTransactionContext  - firing event committing...
10:44:56,452 [main] DEBUG org.activiti.engine.impl.cfg.standalone.StandaloneMybatisTransactionContext  - committing the ibatis sql session...
10:44:56,452 [main] DEBUG org.apache.ibatis.transaction.jdbc.JdbcTransaction  - Committing JDBC Connection [conn3: url=jdbc:h2:mem:activiti user=SA]
10:44:56,452 [main] DEBUG org.activiti.engine.impl.cfg.standalone.StandaloneMybatisTransactionContext  - firing event committed...
10:44:56,452 [main] DEBUG org.apache.ibatis.transaction.jdbc.JdbcTransaction  - Resetting autocommit to true on JDBC Connection [conn3: url=jdbc:h2:mem:activiti user=SA]
10:44:56,452 [main] DEBUG org.apache.ibatis.transaction.jdbc.JdbcTransaction  - Closing JDBC Connection [conn3: url=jdbc:h2:mem:activiti user=SA]
10:44:56,452 [main] DEBUG org.apache.ibatis.datasource.pooled.PooledDataSource  - Returned connection 180014677 to pool.
10:44:56,452 [main] DEBUG org.activiti.engine.impl.interceptor.LogInterceptor  - --- SaveUserCmd finished --------------------------------------------------------
10:44:56,452 [main] DEBUG org.activiti.engine.impl.interceptor.LogInterceptor  - 

10:44:56,452 [main] DEBUG org.activiti.engine.impl.interceptor.LogInterceptor  - 

10:44:56,452 [main] DEBUG org.activiti.engine.impl.interceptor.LogInterceptor  - --- starting CreateUserCmd --------------------------------------------------------
10:44:56,452 [main] DEBUG org.activiti.engine.impl.cfg.standalone.StandaloneMybatisTransactionContext  - firing event committing...
10:44:56,452 [main] DEBUG org.activiti.engine.impl.cfg.standalone.StandaloneMybatisTransactionContext  - committing the ibatis sql session...
10:44:56,452 [main] DEBUG org.activiti.engine.impl.cfg.standalone.StandaloneMybatisTransactionContext  - firing event committed...
10:44:56,452 [main] DEBUG org.activiti.engine.impl.interceptor.LogInterceptor  - --- CreateUserCmd finished --------------------------------------------------------
10:44:56,452 [main] DEBUG org.activiti.engine.impl.interceptor.LogInterceptor  - 

10:44:56,452 [main] DEBUG org.activiti.engine.impl.interceptor.LogInterceptor  - 

10:44:56,452 [main] DEBUG org.activiti.engine.impl.interceptor.LogInterceptor  - --- starting SaveUserCmd --------------------------------------------------------
10:44:56,452 [main] DEBUG org.activiti.engine.impl.db.DbSqlSession  -   insert org.activiti.engine.impl.persistence.entity.UserEntity@6fc1020a
10:44:56,452 [main] DEBUG org.activiti.engine.impl.db.DbSqlSession  - flush summary: 1 insert, 0 update, 0 delete.
10:44:56,452 [main] DEBUG org.activiti.engine.impl.db.DbSqlSession  - now executing flush...
10:44:56,452 [main] DEBUG org.activiti.engine.impl.db.DbSqlSession  - inserting: org.activiti.engine.impl.persistence.entity.UserEntity@6fc1020a
10:44:56,452 [main] DEBUG org.apache.ibatis.transaction.jdbc.JdbcTransaction  - Opening JDBC Connection
10:44:56,452 [main] DEBUG org.apache.ibatis.datasource.pooled.PooledDataSource  - Checked out connection 297240765 from pool.
10:44:56,452 [main] DEBUG org.apache.ibatis.transaction.jdbc.JdbcTransaction  - Setting autocommit to false on JDBC Connection [conn4: url=jdbc:h2:mem:activiti user=SA]
10:44:56,452 [main] DEBUG org.activiti.engine.impl.persistence.entity.UserEntity.insertUser  - ==&gt;  Preparing: insert into ACT_ID_USER (ID_, REV_, FIRST_, LAST_, EMAIL_, PWD_) values ( ?, 1, ?, ?, ?, ? ) 
10:44:56,452 [main] DEBUG org.activiti.engine.impl.persistence.entity.UserEntity.insertUser  - ==&gt; Parameters: mispiggy(String), null, null, null, null
10:44:56,452 [main] DEBUG org.activiti.engine.impl.persistence.entity.UserEntity.insertUser  - &lt;==    Updates: 1
10:44:56,452 [main] DEBUG org.activiti.engine.impl.cfg.standalone.StandaloneMybatisTransactionContext  - firing event committing...
10:44:56,452 [main] DEBUG org.activiti.engine.impl.cfg.standalone.StandaloneMybatisTransactionContext  - committing the ibatis sql session...
10:44:56,452 [main] DEBUG org.apache.ibatis.transaction.jdbc.JdbcTransaction  - Committing JDBC Connection [conn4: url=jdbc:h2:mem:activiti user=SA]
10:44:56,452 [main] DEBUG org.activiti.engine.impl.cfg.standalone.StandaloneMybatisTransactionContext  - firing event committed...
10:44:56,452 [main] DEBUG org.apache.ibatis.transaction.jdbc.JdbcTransaction  - Resetting autocommit to true on JDBC Connection [conn4: url=jdbc:h2:mem:activiti user=SA]
10:44:56,452 [main] DEBUG org.apache.ibatis.transaction.jdbc.JdbcTransaction  - Closing JDBC Connection [conn4: url=jdbc:h2:mem:activiti user=SA]
10:44:56,452 [main] DEBUG org.apache.ibatis.datasource.pooled.PooledDataSource  - Returned connection 297240765 to pool.
10:44:56,452 [main] DEBUG org.activiti.engine.impl.interceptor.LogInterceptor  - --- SaveUserCmd finished --------------------------------------------------------
10:44:56,452 [main] DEBUG org.activiti.engine.impl.interceptor.LogInterceptor  - 

10:44:56,452 [main] DEBUG org.activiti.engine.impl.interceptor.LogInterceptor  - 

10:44:56,452 [main] DEBUG org.activiti.engine.impl.interceptor.LogInterceptor  - --- starting CreateMembershipCmd --------------------------------------------------------
10:44:56,452 [main] DEBUG org.activiti.engine.impl.db.DbSqlSession  -   insert org.activiti.engine.impl.persistence.entity.MembershipEntity@5762658b
10:44:56,452 [main] DEBUG org.activiti.engine.impl.db.DbSqlSession  - flush summary: 1 insert, 0 update, 0 delete.
10:44:56,452 [main] DEBUG org.activiti.engine.impl.db.DbSqlSession  - now executing flush...
10:44:56,452 [main] DEBUG org.activiti.engine.impl.db.DbSqlSession  - inserting: org.activiti.engine.impl.persistence.entity.MembershipEntity@5762658b
10:44:56,452 [main] DEBUG org.apache.ibatis.transaction.jdbc.JdbcTransaction  - Opening JDBC Connection
10:44:56,452 [main] DEBUG org.apache.ibatis.datasource.pooled.PooledDataSource  - Checked out connection 363509958 from pool.
10:44:56,452 [main] DEBUG org.apache.ibatis.transaction.jdbc.JdbcTransaction  - Setting autocommit to false on JDBC Connection [conn2: url=jdbc:h2:mem:activiti user=SA]
10:44:56,452 [main] DEBUG org.activiti.engine.impl.persistence.entity.MembershipRelation.insertMembership  - ==&gt;  Preparing: insert into ACT_ID_MEMBERSHIP (USER_ID_, GROUP_ID_) values ( ?, ? ) 
10:44:56,452 [main] DEBUG org.activiti.engine.impl.persistence.entity.MembershipRelation.insertMembership  - ==&gt; Parameters: kermit(String), muppets(String)
10:44:56,453 [main] DEBUG org.activiti.engine.impl.persistence.entity.MembershipRelation.insertMembership  - &lt;==    Updates: 1
10:44:56,453 [main] DEBUG org.activiti.engine.impl.cfg.standalone.StandaloneMybatisTransactionContext  - firing event committing...
10:44:56,453 [main] DEBUG org.activiti.engine.impl.cfg.standalone.StandaloneMybatisTransactionContext  - committing the ibatis sql session...
10:44:56,453 [main] DEBUG org.apache.ibatis.transaction.jdbc.JdbcTransaction  - Committing JDBC Connection [conn2: url=jdbc:h2:mem:activiti user=SA]
10:44:56,453 [main] DEBUG org.activiti.engine.impl.cfg.standalone.StandaloneMybatisTransactionContext  - firing event committed...
10:44:56,453 [main] DEBUG org.apache.ibatis.transaction.jdbc.JdbcTransaction  - Resetting autocommit to true on JDBC Connection [conn2: url=jdbc:h2:mem:activiti user=SA]
10:44:56,453 [main] DEBUG org.apache.ibatis.transaction.jdbc.JdbcTransaction  - Closing JDBC Connection [conn2: url=jdbc:h2:mem:activiti user=SA]
10:44:56,453 [main] DEBUG org.apache.ibatis.datasource.pooled.PooledDataSource  - Returned connection 363509958 to pool.
10:44:56,453 [main] DEBUG org.activiti.engine.impl.interceptor.LogInterceptor  - --- CreateMembershipCmd finished --------------------------------------------------------
10:44:56,453 [main] DEBUG org.activiti.engine.impl.interceptor.LogInterceptor  - 

10:44:56,453 [main] DEBUG org.activiti.engine.impl.interceptor.LogInterceptor  - 

10:44:56,453 [main] DEBUG org.activiti.engine.impl.interceptor.LogInterceptor  - --- starting CreateMembershipCmd --------------------------------------------------------
10:44:56,453 [main] DEBUG org.activiti.engine.impl.db.DbSqlSession  -   insert org.activiti.engine.impl.persistence.entity.MembershipEntity@2629d5dc
10:44:56,453 [main] DEBUG org.activiti.engine.impl.db.DbSqlSession  - flush summary: 1 insert, 0 update, 0 delete.
10:44:56,453 [main] DEBUG org.activiti.engine.impl.db.DbSqlSession  - now executing flush...
10:44:56,453 [main] DEBUG org.activiti.engine.impl.db.DbSqlSession  - inserting: org.activiti.engine.impl.persistence.entity.MembershipEntity@2629d5dc
10:44:56,453 [main] DEBUG org.apache.ibatis.transaction.jdbc.JdbcTransaction  - Opening JDBC Connection
10:44:56,453 [main] DEBUG org.apache.ibatis.datasource.pooled.PooledDataSource  - Checked out connection 180014677 from pool.
10:44:56,453 [main] DEBUG org.apache.ibatis.transaction.jdbc.JdbcTransaction  - Setting autocommit to false on JDBC Connection [conn3: url=jdbc:h2:mem:activiti user=SA]
10:44:56,453 [main] DEBUG org.activiti.engine.impl.persistence.entity.MembershipRelation.insertMembership  - ==&gt;  Preparing: insert into ACT_ID_MEMBERSHIP (USER_ID_, GROUP_ID_) values ( ?, ? ) 
10:44:56,453 [main] DEBUG org.activiti.engine.impl.persistence.entity.MembershipRelation.insertMembership  - ==&gt; Parameters: fozzie(String), muppets(String)
10:44:56,453 [main] DEBUG org.activiti.engine.impl.persistence.entity.MembershipRelation.insertMembership  - &lt;==    Updates: 1
10:44:56,453 [main] DEBUG org.activiti.engine.impl.cfg.standalone.StandaloneMybatisTransactionContext  - firing event committing...
10:44:56,453 [main] DEBUG org.activiti.engine.impl.cfg.standalone.StandaloneMybatisTransactionContext  - committing the ibatis sql session...
10:44:56,453 [main] DEBUG org.apache.ibatis.transaction.jdbc.JdbcTransaction  - Committing JDBC Connection [conn3: url=jdbc:h2:mem:activiti user=SA]
10:44:56,453 [main] DEBUG org.activiti.engine.impl.cfg.standalone.StandaloneMybatisTransactionContext  - firing event committed...
10:44:56,453 [main] DEBUG org.apache.ibatis.transaction.jdbc.JdbcTransaction  - Resetting autocommit to true on JDBC Connection [conn3: url=jdbc:h2:mem:activiti user=SA]
10:44:56,453 [main] DEBUG org.apache.ibatis.transaction.jdbc.JdbcTransaction  - Closing JDBC Connection [conn3: url=jdbc:h2:mem:activiti user=SA]
10:44:56,453 [main] DEBUG org.apache.ibatis.datasource.pooled.PooledDataSource  - Returned connection 180014677 to pool.
10:44:56,453 [main] DEBUG org.activiti.engine.impl.interceptor.LogInterceptor  - --- CreateMembershipCmd finished --------------------------------------------------------
10:44:56,453 [main] DEBUG org.activiti.engine.impl.interceptor.LogInterceptor  - 

10:44:56,453 [main] DEBUG org.activiti.engine.impl.interceptor.LogInterceptor  - 

10:44:56,453 [main] DEBUG org.activiti.engine.impl.interceptor.LogInterceptor  - --- starting CreateMembershipCmd --------------------------------------------------------
10:44:56,453 [main] DEBUG org.activiti.engine.impl.db.DbSqlSession  -   insert org.activiti.engine.impl.persistence.entity.MembershipEntity@2596d7f4
10:44:56,453 [main] DEBUG org.activiti.engine.impl.db.DbSqlSession  - flush summary: 1 insert, 0 update, 0 delete.
10:44:56,453 [main] DEBUG org.activiti.engine.impl.db.DbSqlSession  - now executing flush...
10:44:56,453 [main] DEBUG org.activiti.engine.impl.db.DbSqlSession  - inserting: org.activiti.engine.impl.persistence.entity.MembershipEntity@2596d7f4
10:44:56,453 [main] DEBUG org.apache.ibatis.transaction.jdbc.JdbcTransaction  - Opening JDBC Connection
10:44:56,453 [main] DEBUG org.apache.ibatis.datasource.pooled.PooledDataSource  - Checked out connection 297240765 from pool.
10:44:56,453 [main] DEBUG org.apache.ibatis.transaction.jdbc.JdbcTransaction  - Setting autocommit to false on JDBC Connection [conn4: url=jdbc:h2:mem:activiti user=SA]
10:44:56,453 [main] DEBUG org.activiti.engine.impl.persistence.entity.MembershipRelation.insertMembership  - ==&gt;  Preparing: insert into ACT_ID_MEMBERSHIP (USER_ID_, GROUP_ID_) values ( ?, ? ) 
10:44:56,453 [main] DEBUG org.activiti.engine.impl.persistence.entity.MembershipRelation.insertMembership  - ==&gt; Parameters: mispiggy(String), muppets(String)
10:44:56,453 [main] DEBUG org.activiti.engine.impl.persistence.entity.MembershipRelation.insertMembership  - &lt;==    Updates: 1
10:44:56,453 [main] DEBUG org.activiti.engine.impl.cfg.standalone.StandaloneMybatisTransactionContext  - firing event committing...
10:44:56,453 [main] DEBUG org.activiti.engine.impl.cfg.standalone.StandaloneMybatisTransactionContext  - committing the ibatis sql session...
10:44:56,453 [main] DEBUG org.apache.ibatis.transaction.jdbc.JdbcTransaction  - Committing JDBC Connection [conn4: url=jdbc:h2:mem:activiti user=SA]
10:44:56,453 [main] DEBUG org.activiti.engine.impl.cfg.standalone.StandaloneMybatisTransactionContext  - firing event committed...
10:44:56,453 [main] DEBUG org.apache.ibatis.transaction.jdbc.JdbcTransaction  - Resetting autocommit to true on JDBC Connection [conn4: url=jdbc:h2:mem:activiti user=SA]
10:44:56,453 [main] DEBUG org.apache.ibatis.transaction.jdbc.JdbcTransaction  - Closing JDBC Connection [conn4: url=jdbc:h2:mem:activiti user=SA]
10:44:56,453 [main] DEBUG org.apache.ibatis.datasource.pooled.PooledDataSource  - Returned connection 297240765 to pool.
10:44:56,453 [main] DEBUG org.activiti.engine.impl.interceptor.LogInterceptor  - --- CreateMembershipCmd finished --------------------------------------------------------
10:44:56,453 [main] DEBUG org.activiti.engine.impl.interceptor.LogInterceptor  - 

10:44:56,453 [main] DEBUG org.activiti.engine.impl.interceptor.LogInterceptor  - 

10:44:56,453 [main] DEBUG org.activiti.engine.impl.interceptor.LogInterceptor  - --- starting CreateMembershipCmd --------------------------------------------------------
10:44:56,453 [main] DEBUG org.activiti.engine.impl.db.DbSqlSession  -   insert org.activiti.engine.impl.persistence.entity.MembershipEntity@42a0501e
10:44:56,453 [main] DEBUG org.activiti.engine.impl.db.DbSqlSession  - flush summary: 1 insert, 0 update, 0 delete.
10:44:56,453 [main] DEBUG org.activiti.engine.impl.db.DbSqlSession  - now executing flush...
10:44:56,453 [main] DEBUG org.activiti.engine.impl.db.DbSqlSession  - inserting: org.activiti.engine.impl.persistence.entity.MembershipEntity@42a0501e
10:44:56,453 [main] DEBUG org.apache.ibatis.transaction.jdbc.JdbcTransaction  - Opening JDBC Connection
10:44:56,453 [main] DEBUG org.apache.ibatis.datasource.pooled.PooledDataSource  - Checked out connection 363509958 from pool.
10:44:56,453 [main] DEBUG org.apache.ibatis.transaction.jdbc.JdbcTransaction  - Setting autocommit to false on JDBC Connection [conn2: url=jdbc:h2:mem:activiti user=SA]
10:44:56,453 [main] DEBUG org.activiti.engine.impl.persistence.entity.MembershipRelation.insertMembership  - ==&gt;  Preparing: insert into ACT_ID_MEMBERSHIP (USER_ID_, GROUP_ID_) values ( ?, ? ) 
10:44:56,453 [main] DEBUG org.activiti.engine.impl.persistence.entity.MembershipRelation.insertMembership  - ==&gt; Parameters: kermit(String), frogs(String)
10:44:56,453 [main] DEBUG org.activiti.engine.impl.persistence.entity.MembershipRelation.insertMembership  - &lt;==    Updates: 1
10:44:56,453 [main] DEBUG org.activiti.engine.impl.cfg.standalone.StandaloneMybatisTransactionContext  - firing event committing...
10:44:56,453 [main] DEBUG org.activiti.engine.impl.cfg.standalone.StandaloneMybatisTransactionContext  - committing the ibatis sql session...
10:44:56,453 [main] DEBUG org.apache.ibatis.transaction.jdbc.JdbcTransaction  - Committing JDBC Connection [conn2: url=jdbc:h2:mem:activiti user=SA]
10:44:56,453 [main] DEBUG org.activiti.engine.impl.cfg.standalone.StandaloneMybatisTransactionContext  - firing event committed...
10:44:56,453 [main] DEBUG org.apache.ibatis.transaction.jdbc.JdbcTransaction  - Resetting autocommit to true on JDBC Connection [conn2: url=jdbc:h2:mem:activiti user=SA]
10:44:56,453 [main] DEBUG org.apache.ibatis.transaction.jdbc.JdbcTransaction  - Closing JDBC Connection [conn2: url=jdbc:h2:mem:activiti user=SA]
10:44:56,453 [main] DEBUG org.apache.ibatis.datasource.pooled.PooledDataSource  - Returned connection 363509958 to pool.
10:44:56,453 [main] DEBUG org.activiti.engine.impl.interceptor.LogInterceptor  - --- CreateMembershipCmd finished --------------------------------------------------------
10:44:56,453 [main] DEBUG org.activiti.engine.impl.interceptor.LogInterceptor  - 

10:44:56,453 [main] DEBUG org.activiti.engine.impl.interceptor.LogInterceptor  - 

10:44:56,453 [main] DEBUG org.activiti.engine.impl.interceptor.LogInterceptor  - --- starting CreateMembershipCmd --------------------------------------------------------
10:44:56,453 [main] DEBUG org.activiti.engine.impl.db.DbSqlSession  -   insert org.activiti.engine.impl.persistence.entity.MembershipEntity@6aa3bfc
10:44:56,453 [main] DEBUG org.activiti.engine.impl.db.DbSqlSession  - flush summary: 1 insert, 0 update, 0 delete.
10:44:56,453 [main] DEBUG org.activiti.engine.impl.db.DbSqlSession  - now executing flush...
10:44:56,453 [main] DEBUG org.activiti.engine.impl.db.DbSqlSession  - inserting: org.activiti.engine.impl.persistence.entity.MembershipEntity@6aa3bfc
10:44:56,453 [main] DEBUG org.apache.ibatis.transaction.jdbc.JdbcTransaction  - Opening JDBC Connection
10:44:56,453 [main] DEBUG org.apache.ibatis.datasource.pooled.PooledDataSource  - Checked out connection 180014677 from pool.
10:44:56,453 [main] DEBUG org.apache.ibatis.transaction.jdbc.JdbcTransaction  - Setting autocommit to false on JDBC Connection [conn3: url=jdbc:h2:mem:activiti user=SA]
10:44:56,453 [main] DEBUG org.activiti.engine.impl.persistence.entity.MembershipRelation.insertMembership  - ==&gt;  Preparing: insert into ACT_ID_MEMBERSHIP (USER_ID_, GROUP_ID_) values ( ?, ? ) 
10:44:56,453 [main] DEBUG org.activiti.engine.impl.persistence.entity.MembershipRelation.insertMembership  - ==&gt; Parameters: fozzie(String), mammals(String)
10:44:56,453 [main] DEBUG org.activiti.engine.impl.persistence.entity.MembershipRelation.insertMembership  - &lt;==    Updates: 1
10:44:56,453 [main] DEBUG org.activiti.engine.impl.cfg.standalone.StandaloneMybatisTransactionContext  - firing event committing...
10:44:56,453 [main] DEBUG org.activiti.engine.impl.cfg.standalone.StandaloneMybatisTransactionContext  - committing the ibatis sql session...
10:44:56,453 [main] DEBUG org.apache.ibatis.transaction.jdbc.JdbcTransaction  - Committing JDBC Connection [conn3: url=jdbc:h2:mem:activiti user=SA]
10:44:56,453 [main] DEBUG org.activiti.engine.impl.cfg.standalone.StandaloneMybatisTransactionContext  - firing event committed...
10:44:56,453 [main] DEBUG org.apache.ibatis.transaction.jdbc.JdbcTransaction  - Resetting autocommit to true on JDBC Connection [conn3: url=jdbc:h2:mem:activiti user=SA]
10:44:56,453 [main] DEBUG org.apache.ibatis.transaction.jdbc.JdbcTransaction  - Closing JDBC Connection [conn3: url=jdbc:h2:mem:activiti user=SA]
10:44:56,453 [main] DEBUG org.apache.ibatis.datasource.pooled.PooledDataSource  - Returned connection 180014677 to pool.
10:44:56,453 [main] DEBUG org.activiti.engine.impl.interceptor.LogInterceptor  - --- CreateMembershipCmd finished --------------------------------------------------------
10:44:56,453 [main] DEBUG org.activiti.engine.impl.interceptor.LogInterceptor  - 

10:44:56,453 [main] DEBUG org.activiti.engine.impl.interceptor.LogInterceptor  - 

10:44:56,453 [main] DEBUG org.activiti.engine.impl.interceptor.LogInterceptor  - --- starting CreateMembershipCmd --------------------------------------------------------
10:44:56,453 [main] DEBUG org.activiti.engine.impl.db.DbSqlSession  -   insert org.activiti.engine.impl.persistence.entity.MembershipEntity@6e4599c0
10:44:56,453 [main] DEBUG org.activiti.engine.impl.db.DbSqlSession  - flush summary: 1 insert, 0 update, 0 delete.
10:44:56,453 [main] DEBUG org.activiti.engine.impl.db.DbSqlSession  - now executing flush...
10:44:56,453 [main] DEBUG org.activiti.engine.impl.db.DbSqlSession  - inserting: org.activiti.engine.impl.persistence.entity.MembershipEntity@6e4599c0
10:44:56,453 [main] DEBUG org.apache.ibatis.transaction.jdbc.JdbcTransaction  - Opening JDBC Connection
10:44:56,453 [main] DEBUG org.apache.ibatis.datasource.pooled.PooledDataSource  - Checked out connection 297240765 from pool.
10:44:56,453 [main] DEBUG org.apache.ibatis.transaction.jdbc.JdbcTransaction  - Setting autocommit to false on JDBC Connection [conn4: url=jdbc:h2:mem:activiti user=SA]
10:44:56,453 [main] DEBUG org.activiti.engine.impl.persistence.entity.MembershipRelation.insertMembership  - ==&gt;  Preparing: insert into ACT_ID_MEMBERSHIP (USER_ID_, GROUP_ID_) values ( ?, ? ) 
10:44:56,453 [main] DEBUG org.activiti.engine.impl.persistence.entity.MembershipRelation.insertMembership  - ==&gt; Parameters: mispiggy(String), mammals(String)
10:44:56,453 [main] DEBUG org.activiti.engine.impl.persistence.entity.MembershipRelation.insertMembership  - &lt;==    Updates: 1
10:44:56,453 [main] DEBUG org.activiti.engine.impl.cfg.standalone.StandaloneMybatisTransactionContext  - firing event committing...
10:44:56,453 [main] DEBUG org.activiti.engine.impl.cfg.standalone.StandaloneMybatisTransactionContext  - committing the ibatis sql session...
10:44:56,453 [main] DEBUG org.apache.ibatis.transaction.jdbc.JdbcTransaction  - Committing JDBC Connection [conn4: url=jdbc:h2:mem:activiti user=SA]
10:44:56,453 [main] DEBUG org.activiti.engine.impl.cfg.standalone.StandaloneMybatisTransactionContext  - firing event committed...
10:44:56,453 [main] DEBUG org.apache.ibatis.transaction.jdbc.JdbcTransaction  - Resetting autocommit to true on JDBC Connection [conn4: url=jdbc:h2:mem:activiti user=SA]
10:44:56,453 [main] DEBUG org.apache.ibatis.transaction.jdbc.JdbcTransaction  - Closing JDBC Connection [conn4: url=jdbc:h2:mem:activiti user=SA]
10:44:56,453 [main] DEBUG org.apache.ibatis.datasource.pooled.PooledDataSource  - Returned connection 297240765 to pool.
10:44:56,453 [main] DEBUG org.activiti.engine.impl.interceptor.LogInterceptor  - --- CreateMembershipCmd finished --------------------------------------------------------
10:44:56,453 [main] DEBUG org.activiti.engine.impl.interceptor.LogInterceptor  - 

10:44:56,453 [main] DEBUG org.activiti.engine.impl.interceptor.LogInterceptor  - 

10:44:56,453 [main] DEBUG org.activiti.engine.impl.interceptor.LogInterceptor  - --- starting CreateMembershipCmd --------------------------------------------------------
10:44:56,453 [main] DEBUG org.activiti.engine.impl.db.DbSqlSession  -   insert org.activiti.engine.impl.persistence.entity.MembershipEntity@7dffda8b
10:44:56,453 [main] DEBUG org.activiti.engine.impl.db.DbSqlSession  - flush summary: 1 insert, 0 update, 0 delete.
10:44:56,453 [main] DEBUG org.activiti.engine.impl.db.DbSqlSession  - now executing flush...
10:44:56,453 [main] DEBUG org.activiti.engine.impl.db.DbSqlSession  - inserting: org.activiti.engine.impl.persistence.entity.MembershipEntity@7dffda8b
10:44:56,453 [main] DEBUG org.apache.ibatis.transaction.jdbc.JdbcTransaction  - Opening JDBC Connection
10:44:56,453 [main] DEBUG org.apache.ibatis.datasource.pooled.PooledDataSource  - Checked out connection 363509958 from pool.
10:44:56,453 [main] DEBUG org.apache.ibatis.transaction.jdbc.JdbcTransaction  - Setting autocommit to false on JDBC Connection [conn2: url=jdbc:h2:mem:activiti user=SA]
10:44:56,453 [main] DEBUG org.activiti.engine.impl.persistence.entity.MembershipRelation.insertMembership  - ==&gt;  Preparing: insert into ACT_ID_MEMBERSHIP (USER_ID_, GROUP_ID_) values ( ?, ? ) 
10:44:56,453 [main] DEBUG org.activiti.engine.impl.persistence.entity.MembershipRelation.insertMembership  - ==&gt; Parameters: kermit(String), admin(String)
10:44:56,453 [main] DEBUG org.activiti.engine.impl.persistence.entity.MembershipRelation.insertMembership  - &lt;==    Updates: 1
10:44:56,453 [main] DEBUG org.activiti.engine.impl.cfg.standalone.StandaloneMybatisTransactionContext  - firing event committing...
10:44:56,453 [main] DEBUG org.activiti.engine.impl.cfg.standalone.StandaloneMybatisTransactionContext  - committing the ibatis sql session...
10:44:56,453 [main] DEBUG org.apache.ibatis.transaction.jdbc.JdbcTransaction  - Committing JDBC Connection [conn2: url=jdbc:h2:mem:activiti user=SA]
10:44:56,453 [main] DEBUG org.activiti.engine.impl.cfg.standalone.StandaloneMybatisTransactionContext  - firing event committed...
10:44:56,453 [main] DEBUG org.apache.ibatis.transaction.jdbc.JdbcTransaction  - Resetting autocommit to true on JDBC Connection [conn2: url=jdbc:h2:mem:activiti user=SA]
10:44:56,453 [main] DEBUG org.apache.ibatis.transaction.jdbc.JdbcTransaction  - Closing JDBC Connection [conn2: url=jdbc:h2:mem:activiti user=SA]
10:44:56,453 [main] DEBUG org.apache.ibatis.datasource.pooled.PooledDataSource  - Returned connection 363509958 to pool.
10:44:56,453 [main] DEBUG org.activiti.engine.impl.interceptor.LogInterceptor  - --- CreateMembershipCmd finished --------------------------------------------------------
10:44:56,453 [main] DEBUG org.activiti.engine.impl.interceptor.LogInterceptor  - 

10:44:56,453 [main] DEBUG org.activiti.engine.impl.test.PvmTestCase  - 

10:44:56,453 [main] DEBUG org.activiti.engine.impl.test.PvmTestCase  - #### START GroupQueryTest.testQuerySorting ###########################################################
10:44:56,453 [main] DEBUG org.activiti.engine.impl.interceptor.LogInterceptor  - 

10:44:56,453 [main] DEBUG org.activiti.engine.impl.interceptor.LogInterceptor  - --- starting CreateGroupQueryCmd --------------------------------------------------------
10:44:56,453 [main] DEBUG org.activiti.engine.impl.cfg.standalone.StandaloneMybatisTransactionContext  - firing event committing...
10:44:56,453 [main] DEBUG org.activiti.engine.impl.cfg.standalone.StandaloneMybatisTransactionContext  - committing the ibatis sql session...
10:44:56,453 [main] DEBUG org.activiti.engine.impl.cfg.standalone.StandaloneMybatisTransactionContext  - firing event committed...
10:44:56,453 [main] DEBUG org.activiti.engine.impl.interceptor.LogInterceptor  - --- CreateGroupQueryCmd finished --------------------------------------------------------
10:44:56,453 [main] DEBUG org.activiti.engine.impl.interceptor.LogInterceptor  - 

10:44:56,453 [main] DEBUG org.activiti.engine.impl.interceptor.LogInterceptor  - 

10:44:56,453 [main] DEBUG org.activiti.engine.impl.interceptor.LogInterceptor  - --- starting GroupQueryImpl --------------------------------------------------------
10:44:56,454 [main] DEBUG org.apache.ibatis.transaction.jdbc.JdbcTransaction  - Opening JDBC Connection
10:44:56,454 [main] DEBUG org.apache.ibatis.datasource.pooled.PooledDataSource  - Checked out connection 180014677 from pool.
10:44:56,454 [main] DEBUG org.apache.ibatis.transaction.jdbc.JdbcTransaction  - Setting autocommit to false on JDBC Connection [conn3: url=jdbc:h2:mem:activiti user=SA]
10:44:56,454 [main] DEBUG org.activiti.engine.impl.persistence.entity.GroupEntity.selectGroupCountByQueryCriteria  - ==&gt;  Preparing: select count(RES.ID_) from ACT_ID_GROUP RES 
10:44:56,454 [main] DEBUG org.activiti.engine.impl.persistence.entity.GroupEntity.selectGroupCountByQueryCriteria  - ==&gt; Parameters: 
10:44:56,454 [main] DEBUG org.activiti.engine.impl.persistence.entity.GroupEntity.selectGroupCountByQueryCriteria  - &lt;==      Total: 1
10:44:56,454 [main] DEBUG org.activiti.engine.impl.db.DbSqlSession  - flush summary: 0 insert, 0 update, 0 delete.
10:44:56,454 [main] DEBUG org.activiti.engine.impl.db.DbSqlSession  - now executing flush...
10:44:56,454 [main] DEBUG org.activiti.engine.impl.cfg.standalone.StandaloneMybatisTransactionContext  - firing event committing...
10:44:56,454 [main] DEBUG org.activiti.engine.impl.cfg.standalone.StandaloneMybatisTransactionContext  - committing the ibatis sql session...
10:44:56,454 [main] DEBUG org.activiti.engine.impl.cfg.standalone.StandaloneMybatisTransactionContext  - firing event committed...
10:44:56,454 [main] DEBUG org.apache.ibatis.transaction.jdbc.JdbcTransaction  - Resetting autocommit to true on JDBC Connection [conn3: url=jdbc:h2:mem:activiti user=SA]
10:44:56,454 [main] DEBUG org.apache.ibatis.transaction.jdbc.JdbcTransaction  - Closing JDBC Connection [conn3: url=jdbc:h2:mem:activiti user=SA]
10:44:56,454 [main] DEBUG org.apache.ibatis.datasource.pooled.PooledDataSource  - Returned connection 180014677 to pool.
10:44:56,454 [main] DEBUG org.activiti.engine.impl.interceptor.LogInterceptor  - --- GroupQueryImpl finished --------------------------------------------------------
10:44:56,454 [main] DEBUG org.activiti.engine.impl.interceptor.LogInterceptor  - 

10:44:56,454 [main] DEBUG org.activiti.engine.impl.interceptor.LogInterceptor  - 

10:44:56,454 [main] DEBUG org.activiti.engine.impl.interceptor.LogInterceptor  - --- starting CreateGroupQueryCmd --------------------------------------------------------
10:44:56,454 [main] DEBUG org.activiti.engine.impl.cfg.standalone.StandaloneMybatisTransactionContext  - firing event committing...
10:44:56,454 [main] DEBUG org.activiti.engine.impl.cfg.standalone.StandaloneMybatisTransactionContext  - committing the ibatis sql session...
10:44:56,454 [main] DEBUG org.activiti.engine.impl.cfg.standalone.StandaloneMybatisTransactionContext  - firing event committed...
10:44:56,454 [main] DEBUG org.activiti.engine.impl.interceptor.LogInterceptor  - --- CreateGroupQueryCmd finished --------------------------------------------------------
10:44:56,454 [main] DEBUG org.activiti.engine.impl.interceptor.LogInterceptor  - 

10:44:56,454 [main] DEBUG org.activiti.engine.impl.interceptor.LogInterceptor  - 

10:44:56,454 [main] DEBUG org.activiti.engine.impl.interceptor.LogInterceptor  - --- starting GroupQueryImpl --------------------------------------------------------
10:44:56,454 [main] DEBUG org.apache.ibatis.transaction.jdbc.JdbcTransaction  - Opening JDBC Connection
10:44:56,454 [main] DEBUG org.apache.ibatis.datasource.pooled.PooledDataSource  - Checked out connection 297240765 from pool.
10:44:56,454 [main] DEBUG org.apache.ibatis.transaction.jdbc.JdbcTransaction  - Setting autocommit to false on JDBC Connection [conn4: url=jdbc:h2:mem:activiti user=SA]
10:44:56,454 [main] DEBUG org.activiti.engine.impl.persistence.entity.GroupEntity.selectGroupCountByQueryCriteria  - ==&gt;  Preparing: select count(RES.ID_) from ACT_ID_GROUP RES 
10:44:56,454 [main] DEBUG org.activiti.engine.impl.persistence.entity.GroupEntity.selectGroupCountByQueryCriteria  - ==&gt; Parameters: 
10:44:56,454 [main] DEBUG org.activiti.engine.impl.persistence.entity.GroupEntity.selectGroupCountByQueryCriteria  - &lt;==      Total: 1
10:44:56,454 [main] DEBUG org.activiti.engine.impl.db.DbSqlSession  - flush summary: 0 insert, 0 update, 0 delete.
10:44:56,454 [main] DEBUG org.activiti.engine.impl.db.DbSqlSession  - now executing flush...
10:44:56,454 [main] DEBUG org.activiti.engine.impl.cfg.standalone.StandaloneMybatisTransactionContext  - firing event committing...
10:44:56,454 [main] DEBUG org.activiti.engine.impl.cfg.standalone.StandaloneMybatisTransactionContext  - committing the ibatis sql session...
10:44:56,454 [main] DEBUG org.activiti.engine.impl.cfg.standalone.StandaloneMybatisTransactionContext  - firing event committed...
10:44:56,454 [main] DEBUG org.apache.ibatis.transaction.jdbc.JdbcTransaction  - Resetting autocommit to true on JDBC Connection [conn4: url=jdbc:h2:mem:activiti user=SA]
10:44:56,454 [main] DEBUG org.apache.ibatis.transaction.jdbc.JdbcTransaction  - Closing JDBC Connection [conn4: url=jdbc:h2:mem:activiti user=SA]
10:44:56,454 [main] DEBUG org.apache.ibatis.datasource.pooled.PooledDataSource  - Returned connection 297240765 to pool.
10:44:56,454 [main] DEBUG org.activiti.engine.impl.interceptor.LogInterceptor  - --- GroupQueryImpl finished --------------------------------------------------------
10:44:56,454 [main] DEBUG org.activiti.engine.impl.interceptor.LogInterceptor  - 

10:44:56,454 [main] DEBUG org.activiti.engine.impl.interceptor.LogInterceptor  - 

10:44:56,454 [main] DEBUG org.activiti.engine.impl.interceptor.LogInterceptor  - --- starting CreateGroupQueryCmd --------------------------------------------------------
10:44:56,454 [main] DEBUG org.activiti.engine.impl.cfg.standalone.StandaloneMybatisTransactionContext  - firing event committing...
10:44:56,454 [main] DEBUG org.activiti.engine.impl.cfg.standalone.StandaloneMybatisTransactionContext  - committing the ibatis sql session...
10:44:56,454 [main] DEBUG org.activiti.engine.impl.cfg.standalone.StandaloneMybatisTransactionContext  - firing event committed...
10:44:56,454 [main] DEBUG org.activiti.engine.impl.interceptor.LogInterceptor  - --- CreateGroupQueryCmd finished --------------------------------------------------------
10:44:56,454 [main] DEBUG org.activiti.engine.impl.interceptor.LogInterceptor  - 

10:44:56,454 [main] DEBUG org.activiti.engine.impl.interceptor.LogInterceptor  - 

10:44:56,454 [main] DEBUG org.activiti.engine.impl.interceptor.LogInterceptor  - --- starting GroupQueryImpl --------------------------------------------------------
10:44:56,454 [main] DEBUG org.apache.ibatis.transaction.jdbc.JdbcTransaction  - Opening JDBC Connection
10:44:56,454 [main] DEBUG org.apache.ibatis.datasource.pooled.PooledDataSource  - Checked out connection 363509958 from pool.
10:44:56,454 [main] DEBUG org.apache.ibatis.transaction.jdbc.JdbcTransaction  - Setting autocommit to false on JDBC Connection [conn2: url=jdbc:h2:mem:activiti user=SA]
10:44:56,454 [main] DEBUG org.activiti.engine.impl.persistence.entity.GroupEntity.selectGroupCountByQueryCriteria  - ==&gt;  Preparing: select count(RES.ID_) from ACT_ID_GROUP RES 
10:44:56,454 [main] DEBUG org.activiti.engine.impl.persistence.entity.GroupEntity.selectGroupCountByQueryCriteria  - ==&gt; Parameters: 
10:44:56,454 [main] DEBUG org.activiti.engine.impl.persistence.entity.GroupEntity.selectGroupCountByQueryCriteria  - &lt;==      Total: 1
10:44:56,454 [main] DEBUG org.activiti.engine.impl.db.DbSqlSession  - flush summary: 0 insert, 0 update, 0 delete.
10:44:56,454 [main] DEBUG org.activiti.engine.impl.db.DbSqlSession  - now executing flush...
10:44:56,454 [main] DEBUG org.activiti.engine.impl.cfg.standalone.StandaloneMybatisTransactionContext  - firing event committing...
10:44:56,454 [main] DEBUG org.activiti.engine.impl.cfg.standalone.StandaloneMybatisTransactionContext  - committing the ibatis sql session...
10:44:56,454 [main] DEBUG org.activiti.engine.impl.cfg.standalone.StandaloneMybatisTransactionContext  - firing event committed...
10:44:56,454 [main] DEBUG org.apache.ibatis.transaction.jdbc.JdbcTransaction  - Resetting autocommit to true on JDBC Connection [conn2: url=jdbc:h2:mem:activiti user=SA]
10:44:56,454 [main] DEBUG org.apache.ibatis.transaction.jdbc.JdbcTransaction  - Closing JDBC Connection [conn2: url=jdbc:h2:mem:activiti user=SA]
10:44:56,454 [main] DEBUG org.apache.ibatis.datasource.pooled.PooledDataSource  - Returned connection 363509958 to pool.
10:44:56,454 [main] DEBUG org.activiti.engine.impl.interceptor.LogInterceptor  - --- GroupQueryImpl finished --------------------------------------------------------
10:44:56,454 [main] DEBUG org.activiti.engine.impl.interceptor.LogInterceptor  - 

10:44:56,454 [main] DEBUG org.activiti.engine.impl.interceptor.LogInterceptor  - 

10:44:56,454 [main] DEBUG org.activiti.engine.impl.interceptor.LogInterceptor  - --- starting CreateGroupQueryCmd --------------------------------------------------------
10:44:56,454 [main] DEBUG org.activiti.engine.impl.cfg.standalone.StandaloneMybatisTransactionContext  - firing event committing...
10:44:56,454 [main] DEBUG org.activiti.engine.impl.cfg.standalone.StandaloneMybatisTransactionContext  - committing the ibatis sql session...
10:44:56,454 [main] DEBUG org.activiti.engine.impl.cfg.standalone.StandaloneMybatisTransactionContext  - firing event committed...
10:44:56,454 [main] DEBUG org.activiti.engine.impl.interceptor.LogInterceptor  - --- CreateGroupQueryCmd finished --------------------------------------------------------
10:44:56,454 [main] DEBUG org.activiti.engine.impl.interceptor.LogInterceptor  - 

10:44:56,454 [main] DEBUG org.activiti.engine.impl.interceptor.LogInterceptor  - 

10:44:56,454 [main] DEBUG org.activiti.engine.impl.interceptor.LogInterceptor  - --- starting GroupQueryImpl --------------------------------------------------------
10:44:56,454 [main] DEBUG org.apache.ibatis.transaction.jdbc.JdbcTransaction  - Opening JDBC Connection
10:44:56,454 [main] DEBUG org.apache.ibatis.datasource.pooled.PooledDataSource  - Checked out connection 180014677 from pool.
10:44:56,454 [main] DEBUG org.apache.ibatis.transaction.jdbc.JdbcTransaction  - Setting autocommit to false on JDBC Connection [conn3: url=jdbc:h2:mem:activiti user=SA]
10:44:56,454 [main] DEBUG org.activiti.engine.impl.persistence.entity.GroupEntity.selectGroupCountByQueryCriteria  - ==&gt;  Preparing: select count(RES.ID_) from ACT_ID_GROUP RES 
10:44:56,454 [main] DEBUG org.activiti.engine.impl.persistence.entity.GroupEntity.selectGroupCountByQueryCriteria  - ==&gt; Parameters: 
10:44:56,454 [main] DEBUG org.activiti.engine.impl.persistence.entity.GroupEntity.selectGroupCountByQueryCriteria  - &lt;==      Total: 1
10:44:56,454 [main] DEBUG org.activiti.engine.impl.db.DbSqlSession  - flush summary: 0 insert, 0 update, 0 delete.
10:44:56,454 [main] DEBUG org.activiti.engine.impl.db.DbSqlSession  - now executing flush...
10:44:56,454 [main] DEBUG org.activiti.engine.impl.cfg.standalone.StandaloneMybatisTransactionContext  - firing event committing...
10:44:56,454 [main] DEBUG org.activiti.engine.impl.cfg.standalone.StandaloneMybatisTransactionContext  - committing the ibatis sql session...
10:44:56,454 [main] DEBUG org.activiti.engine.impl.cfg.standalone.StandaloneMybatisTransactionContext  - firing event committed...
10:44:56,454 [main] DEBUG org.apache.ibatis.transaction.jdbc.JdbcTransaction  - Resetting autocommit to true on JDBC Connection [conn3: url=jdbc:h2:mem:activiti user=SA]
10:44:56,454 [main] DEBUG org.apache.ibatis.transaction.jdbc.JdbcTransaction  - Closing JDBC Connection [conn3: url=jdbc:h2:mem:activiti user=SA]
10:44:56,454 [main] DEBUG org.apache.ibatis.datasource.pooled.PooledDataSource  - Returned connection 180014677 to pool.
10:44:56,454 [main] DEBUG org.activiti.engine.impl.interceptor.LogInterceptor  - --- GroupQueryImpl finished --------------------------------------------------------
10:44:56,454 [main] DEBUG org.activiti.engine.impl.interceptor.LogInterceptor  - 

10:44:56,454 [main] DEBUG org.activiti.engine.impl.interceptor.LogInterceptor  - 

10:44:56,454 [main] DEBUG org.activiti.engine.impl.interceptor.LogInterceptor  - --- starting CreateGroupQueryCmd --------------------------------------------------------
10:44:56,454 [main] DEBUG org.activiti.engine.impl.cfg.standalone.StandaloneMybatisTransactionContext  - firing event committing...
10:44:56,454 [main] DEBUG org.activiti.engine.impl.cfg.standalone.StandaloneMybatisTransactionContext  - committing the ibatis sql session...
10:44:56,454 [main] DEBUG org.activiti.engine.impl.cfg.standalone.StandaloneMybatisTransactionContext  - firing event committed...
10:44:56,454 [main] DEBUG org.activiti.engine.impl.interceptor.LogInterceptor  - --- CreateGroupQueryCmd finished --------------------------------------------------------
10:44:56,454 [main] DEBUG org.activiti.engine.impl.interceptor.LogInterceptor  - 

10:44:56,454 [main] DEBUG org.activiti.engine.impl.interceptor.LogInterceptor  - 

10:44:56,454 [main] DEBUG org.activiti.engine.impl.interceptor.LogInterceptor  - --- starting GroupQueryImpl --------------------------------------------------------
10:44:56,454 [main] DEBUG org.apache.ibatis.transaction.jdbc.JdbcTransaction  - Opening JDBC Connection
10:44:56,454 [main] DEBUG org.apache.ibatis.datasource.pooled.PooledDataSource  - Checked out connection 297240765 from pool.
10:44:56,454 [main] DEBUG org.apache.ibatis.transaction.jdbc.JdbcTransaction  - Setting autocommit to false on JDBC Connection [conn4: url=jdbc:h2:mem:activiti user=SA]
10:44:56,454 [main] DEBUG org.activiti.engine.impl.persistence.entity.GroupEntity.selectGroupCountByQueryCriteria  - ==&gt;  Preparing: select count(RES.ID_) from ACT_ID_GROUP RES 
10:44:56,454 [main] DEBUG org.activiti.engine.impl.persistence.entity.GroupEntity.selectGroupCountByQueryCriteria  - ==&gt; Parameters: 
10:44:56,454 [main] DEBUG org.activiti.engine.impl.persistence.entity.GroupEntity.selectGroupCountByQueryCriteria  - &lt;==      Total: 1
10:44:56,454 [main] DEBUG org.activiti.engine.impl.db.DbSqlSession  - flush summary: 0 insert, 0 update, 0 delete.
10:44:56,454 [main] DEBUG org.activiti.engine.impl.db.DbSqlSession  - now executing flush...
10:44:56,454 [main] DEBUG org.activiti.engine.impl.cfg.standalone.StandaloneMybatisTransactionContext  - firing event committing...
10:44:56,454 [main] DEBUG org.activiti.engine.impl.cfg.standalone.StandaloneMybatisTransactionContext  - committing the ibatis sql session...
10:44:56,454 [main] DEBUG org.activiti.engine.impl.cfg.standalone.StandaloneMybatisTransactionContext  - firing event committed...
10:44:56,454 [main] DEBUG org.apache.ibatis.transaction.jdbc.JdbcTransaction  - Resetting autocommit to true on JDBC Connection [conn4: url=jdbc:h2:mem:activiti user=SA]
10:44:56,454 [main] DEBUG org.apache.ibatis.transaction.jdbc.JdbcTransaction  - Closing JDBC Connection [conn4: url=jdbc:h2:mem:activiti user=SA]
10:44:56,454 [main] DEBUG org.apache.ibatis.datasource.pooled.PooledDataSource  - Returned connection 297240765 to pool.
10:44:56,454 [main] DEBUG org.activiti.engine.impl.interceptor.LogInterceptor  - --- GroupQueryImpl finished --------------------------------------------------------
10:44:56,454 [main] DEBUG org.activiti.engine.impl.interceptor.LogInterceptor  - 

10:44:56,454 [main] DEBUG org.activiti.engine.impl.interceptor.LogInterceptor  - 

10:44:56,454 [main] DEBUG org.activiti.engine.impl.interceptor.LogInterceptor  - --- starting CreateGroupQueryCmd --------------------------------------------------------
10:44:56,454 [main] DEBUG org.activiti.engine.impl.cfg.standalone.StandaloneMybatisTransactionContext  - firing event committing...
10:44:56,454 [main] DEBUG org.activiti.engine.impl.cfg.standalone.StandaloneMybatisTransactionContext  - committing the ibatis sql session...
10:44:56,454 [main] DEBUG org.activiti.engine.impl.cfg.standalone.StandaloneMybatisTransactionContext  - firing event committed...
10:44:56,454 [main] DEBUG org.activiti.engine.impl.interceptor.LogInterceptor  - --- CreateGroupQueryCmd finished --------------------------------------------------------
10:44:56,454 [main] DEBUG org.activiti.engine.impl.interceptor.LogInterceptor  - 

10:44:56,454 [main] DEBUG org.activiti.engine.impl.interceptor.LogInterceptor  - 

10:44:56,454 [main] DEBUG org.activiti.engine.impl.interceptor.LogInterceptor  - --- starting GroupQueryImpl --------------------------------------------------------
10:44:56,455 [main] DEBUG org.apache.ibatis.transaction.jdbc.JdbcTransaction  - Opening JDBC Connection
10:44:56,455 [main] DEBUG org.apache.ibatis.datasource.pooled.PooledDataSource  - Checked out connection 363509958 from pool.
10:44:56,455 [main] DEBUG org.apache.ibatis.transaction.jdbc.JdbcTransaction  - Setting autocommit to false on JDBC Connection [conn2: url=jdbc:h2:mem:activiti user=SA]
10:44:56,455 [main] DEBUG org.activiti.engine.impl.persistence.entity.GroupEntity.selectGroupCountByQueryCriteria  - ==&gt;  Preparing: select count(RES.ID_) from ACT_ID_GROUP RES 
10:44:56,455 [main] DEBUG org.activiti.engine.impl.persistence.entity.GroupEntity.selectGroupCountByQueryCriteria  - ==&gt; Parameters: 
10:44:56,455 [main] DEBUG org.activiti.engine.impl.persistence.entity.GroupEntity.selectGroupCountByQueryCriteria  - &lt;==      Total: 1
10:44:56,455 [main] DEBUG org.activiti.engine.impl.db.DbSqlSession  - flush summary: 0 insert, 0 update, 0 delete.
10:44:56,455 [main] DEBUG org.activiti.engine.impl.db.DbSqlSession  - now executing flush...
10:44:56,455 [main] DEBUG org.activiti.engine.impl.cfg.standalone.StandaloneMybatisTransactionContext  - firing event committing...
10:44:56,455 [main] DEBUG org.activiti.engine.impl.cfg.standalone.StandaloneMybatisTransactionContext  - committing the ibatis sql session...
10:44:56,455 [main] DEBUG org.activiti.engine.impl.cfg.standalone.StandaloneMybatisTransactionContext  - firing event committed...
10:44:56,455 [main] DEBUG org.apache.ibatis.transaction.jdbc.JdbcTransaction  - Resetting autocommit to true on JDBC Connection [conn2: url=jdbc:h2:mem:activiti user=SA]
10:44:56,455 [main] DEBUG org.apache.ibatis.transaction.jdbc.JdbcTransaction  - Closing JDBC Connection [conn2: url=jdbc:h2:mem:activiti user=SA]
10:44:56,455 [main] DEBUG org.apache.ibatis.datasource.pooled.PooledDataSource  - Returned connection 363509958 to pool.
10:44:56,455 [main] DEBUG org.activiti.engine.impl.interceptor.LogInterceptor  - --- GroupQueryImpl finished --------------------------------------------------------
10:44:56,455 [main] DEBUG org.activiti.engine.impl.interceptor.LogInterceptor  - 

10:44:56,455 [main] DEBUG org.activiti.engine.impl.interceptor.LogInterceptor  - 

10:44:56,455 [main] DEBUG org.activiti.engine.impl.interceptor.LogInterceptor  - --- starting CreateGroupQueryCmd --------------------------------------------------------
10:44:56,455 [main] DEBUG org.activiti.engine.impl.cfg.standalone.StandaloneMybatisTransactionContext  - firing event committing...
10:44:56,455 [main] DEBUG org.activiti.engine.impl.cfg.standalone.StandaloneMybatisTransactionContext  - committing the ibatis sql session...
10:44:56,455 [main] DEBUG org.activiti.engine.impl.cfg.standalone.StandaloneMybatisTransactionContext  - firing event committed...
10:44:56,455 [main] DEBUG org.activiti.engine.impl.interceptor.LogInterceptor  - --- CreateGroupQueryCmd finished --------------------------------------------------------
10:44:56,455 [main] DEBUG org.activiti.engine.impl.interceptor.LogInterceptor  - 

10:44:56,455 [main] DEBUG org.activiti.engine.impl.interceptor.LogInterceptor  - 

10:44:56,455 [main] DEBUG org.activiti.engine.impl.interceptor.LogInterceptor  - --- starting GroupQueryImpl --------------------------------------------------------
10:44:56,455 [main] DEBUG org.apache.ibatis.transaction.jdbc.JdbcTransaction  - Opening JDBC Connection
10:44:56,455 [main] DEBUG org.apache.ibatis.datasource.pooled.PooledDataSource  - Checked out connection 180014677 from pool.
10:44:56,455 [main] DEBUG org.apache.ibatis.transaction.jdbc.JdbcTransaction  - Setting autocommit to false on JDBC Connection [conn3: url=jdbc:h2:mem:activiti user=SA]
10:44:56,455 [main] DEBUG org.activiti.engine.impl.persistence.entity.GroupEntity.selectGroupByQueryCriteria  - ==&gt;  Preparing: select RES.* from ACT_ID_GROUP RES order by order by RES.TYPE_ asc, RES.NAME_ desc LIMIT ? OFFSET ? 
10:44:56,455 [main] DEBUG org.activiti.engine.impl.interceptor.CommandContext  - Error while closing command context
org.apache.ibatis.exceptions.PersistenceException: 
### Error querying database.  Cause: org.h2.jdbc.JdbcSQLException: Syntax error in SQL statement &quot;SELECT RES.* 
     
    FROM ACT_ID_GROUP RES
     
      
   
     ORDER BY  ORDER[*] BY RES.TYPE_ ASC, RES.NAME_ DESC  
    LIMIT ? OFFSET ? &quot;; expected &quot;=, NOT, EXISTS, INTERSECTS, SELECT, FROM&quot;; SQL statement:
select RES.* 
     
    from ACT_ID_GROUP RES
     
      
   
     order by  order by RES.TYPE_ asc, RES.NAME_ desc  
    LIMIT ? OFFSET ? [42001-176]
### The error may exist in org/activiti/db/mapping/entity/Group.xml
### The error may involve org.activiti.engine.impl.persistence.entity.GroupEntity.selectGroupByQueryCriteria
### The error occurred while executing a query
### SQL: select RES.*            from ACT_ID_GROUP RES                       order by  order by RES.TYPE_ asc, RES.NAME_ desc       LIMIT ? OFFSET ?
### Cause: org.h2.jdbc.JdbcSQLException: Syntax error in SQL statement &quot;SELECT RES.* 
     
    FROM ACT_ID_GROUP RES
     
      
   
     ORDER BY  ORDER[*] BY RES.TYPE_ ASC, RES.NAME_ DESC  
    LIMIT ? OFFSET ? &quot;; expected &quot;=, NOT, EXISTS, INTERSECTS, SELECT, FROM&quot;; SQL statement:
select RES.* 
     
    from ACT_ID_GROUP RES
     
      
   
     order by  order by RES.TYPE_ asc, RES.NAME_ desc  
    LIMIT ? OFFSET ? [42001-176]
	at org.apache.ibatis.exceptions.ExceptionFactory.wrapException(ExceptionFactory.java:30)
	at org.apache.ibatis.session.defaults.DefaultSqlSession.selectList(DefaultSqlSession.java:122)
	at org.apache.ibatis.session.defaults.DefaultSqlSession.selectList(DefaultSqlSession.java:113)
	at org.activiti.engine.impl.db.DbSqlSession.selectListWithRawParameter(DbSqlSession.java:438)
	at org.activiti.engine.impl.db.DbSqlSession.selectList(DbSqlSession.java:429)
	at org.activiti.engine.impl.db.DbSqlSession.selectList(DbSqlSession.java:419)
	at org.activiti.engine.impl.persistence.entity.GroupEntityManager.findGroupByQueryCriteria(GroupEntityManager.java:90)
	at org.activiti.engine.impl.GroupQueryImpl.executeList(GroupQueryImpl.java:125)
	at org.activiti.engine.impl.AbstractQuery.execute(AbstractQuery.java:164)
	at org.activiti.engine.impl.interceptor.CommandInvoker.execute(CommandInvoker.java:24)
	at org.activiti.engine.impl.interceptor.CommandContextInterceptor.execute(CommandContextInterceptor.java:57)
	at org.activiti.engine.impl.interceptor.LogInterceptor.execute(LogInterceptor.java:37)
	at org.activiti.engine.impl.cfg.CommandExecutorImpl.execute(CommandExecutorImpl.java:40)
	at org.activiti.engine.impl.cfg.CommandExecutorImpl.execute(CommandExecutorImpl.java:35)
	at org.activiti.engine.impl.AbstractQuery.list(AbstractQuery.java:138)
	at org.activiti.engine.test.api.identity.GroupQueryTest.testQuerySorting(GroupQueryTest.java:194)
	at sun.reflect.NativeMethodAccessorImpl.invoke0(Native Method)
	at sun.reflect.NativeMethodAccessorImpl.invoke(NativeMethodAccessorImpl.java:62)
	at sun.reflect.DelegatingMethodAccessorImpl.invoke(DelegatingMethodAccessorImpl.java:43)
	at java.lang.reflect.Method.invoke(Method.java:498)
	at junit.framework.TestCase.runTest(TestCase.java:176)
	at org.activiti.engine.impl.test.PvmTestCase.runTest(PvmTestCase.java:65)
	at junit.framework.TestCase.runBare(TestCase.java:141)
	at org.activiti.engine.impl.test.AbstractActivitiTestCase.runBare(AbstractActivitiTestCase.java:100)
	at junit.framework.TestResult$1.protect(TestResult.java:122)
	at junit.framework.TestResult.runProtected(TestResult.java:142)
	at junit.framework.TestResult.run(TestResult.java:125)
	at junit.framework.TestCase.run(TestCase.java:129)
	at junit.framework.TestSuite.runTest(TestSuite.java:255)
	at junit.framework.TestSuite.run(TestSuite.java:250)
	at org.junit.internal.runners.JUnit38ClassRunner.run(JUnit38ClassRunner.java:84)
	at org.apache.maven.surefire.junit4.JUnit4TestSet.execute(JUnit4TestSet.java:35)
	at org.apache.maven.surefire.junit4.JUnit4Provider.executeTestSet(JUnit4Provider.java:146)
	at org.apache.maven.surefire.junit4.JUnit4Provider.invoke(JUnit4Provider.java:97)
	at sun.reflect.NativeMethodAccessorImpl.invoke0(Native Method)
	at sun.reflect.NativeMethodAccessorImpl.invoke(NativeMethodAccessorImpl.java:62)
	at sun.reflect.DelegatingMethodAccessorImpl.invoke(DelegatingMethodAccessorImpl.java:43)
	at java.lang.reflect.Method.invoke(Method.java:498)
	at org.apache.maven.surefire.booter.ProviderFactory$ClassLoaderProxy.invoke(ProviderFactory.java:103)
	at com.sun.proxy.$Proxy0.invoke(Unknown Source)
	at org.apache.maven.surefire.booter.SurefireStarter.invokeProvider(SurefireStarter.java:145)
	at org.apache.maven.surefire.booter.SurefireStarter.runSuitesInProcess(SurefireStarter.java:87)
	at org.apache.maven.surefire.booter.ForkedBooter.main(ForkedBooter.java:69)
Caused by: org.h2.jdbc.JdbcSQLException: Syntax error in SQL statement &quot;SELECT RES.* 
     
    FROM ACT_ID_GROUP RES
     
      
   
     ORDER BY  ORDER[*] BY RES.TYPE_ ASC, RES.NAME_ DESC  
    LIMIT ? OFFSET ? &quot;; expected &quot;=, NOT, EXISTS, INTERSECTS, SELECT, FROM&quot;; SQL statement:
select RES.* 
     
    from ACT_ID_GROUP RES
     
      
   
     order by  order by RES.TYPE_ asc, RES.NAME_ desc  
    LIMIT ? OFFSET ? [42001-176]
	at org.h2.message.DbException.getJdbcSQLException(DbException.java:344)
	at org.h2.message.DbException.getSyntaxError(DbException.java:204)
	at org.h2.command.Parser.getSyntaxError(Parser.java:524)
	at org.h2.command.Parser.readTerm(Parser.java:2688)
	at org.h2.command.Parser.readFactor(Parser.java:2244)
	at org.h2.command.Parser.readSum(Parser.java:2231)
	at org.h2.command.Parser.readConcat(Parser.java:2201)
	at org.h2.command.Parser.readCondition(Parser.java:2051)
	at org.h2.command.Parser.readAnd(Parser.java:2023)
	at org.h2.command.Parser.readExpression(Parser.java:2015)
	at org.h2.command.Parser.parseEndOfQuery(Parser.java:1726)
	at org.h2.command.Parser.parseSelectUnionExtension(Parser.java:1706)
	at org.h2.command.Parser.parseSelectUnion(Parser.java:1675)
	at org.h2.command.Parser.parseSelect(Parser.java:1662)
	at org.h2.command.Parser.parsePrepared(Parser.java:434)
	at org.h2.command.Parser.parse(Parser.java:306)
	at org.h2.command.Parser.parse(Parser.java:282)
	at org.h2.command.Parser.prepareCommand(Parser.java:243)
	at org.h2.engine.Session.prepareLocal(Session.java:442)
	at org.h2.engine.Session.prepareCommand(Session.java:384)
	at org.h2.jdbc.JdbcConnection.prepareCommand(JdbcConnection.java:1188)
	at org.h2.jdbc.JdbcPreparedStatement.&lt;init&gt;(JdbcPreparedStatement.java:73)
	at org.h2.jdbc.JdbcConnection.prepareStatement(JdbcConnection.java:276)
	at sun.reflect.GeneratedMethodAccessor6.invoke(Unknown Source)
	at sun.reflect.DelegatingMethodAccessorImpl.invoke(DelegatingMethodAccessorImpl.java:43)
	at java.lang.reflect.Method.invoke(Method.java:498)
	at org.apache.ibatis.datasource.pooled.PooledConnection.invoke(PooledConnection.java:245)
	at com.sun.proxy.$Proxy12.prepareStatement(Unknown Source)
	at sun.reflect.GeneratedMethodAccessor6.invoke(Unknown Source)
	at sun.reflect.DelegatingMethodAccessorImpl.invoke(DelegatingMethodAccessorImpl.java:43)
	at java.lang.reflect.Method.invoke(Method.java:498)
	at org.apache.ibatis.logging.jdbc.ConnectionLogger.invoke(ConnectionLogger.java:55)
	at com.sun.proxy.$Proxy12.prepareStatement(Unknown Source)
	at org.apache.ibatis.executor.statement.PreparedStatementHandler.instantiateStatement(PreparedStatementHandler.java:79)
	at org.apache.ibatis.executor.statement.BaseStatementHandler.prepare(BaseStatementHandler.java:88)
	at org.apache.ibatis.executor.statement.RoutingStatementHandler.prepare(RoutingStatementHandler.java:58)
	at org.apache.ibatis.executor.SimpleExecutor.prepareStatement(SimpleExecutor.java:76)
	at org.apache.ibatis.executor.SimpleExecutor.doQuery(SimpleExecutor.java:61)
	at org.apache.ibatis.executor.BaseExecutor.queryFromDatabase(BaseExecutor.java:303)
	at org.apache.ibatis.executor.BaseExecutor.query(BaseExecutor.java:154)
	at org.apache.ibatis.executor.CachingExecutor.query(CachingExecutor.java:102)
	at org.apache.ibatis.executor.CachingExecutor.query(CachingExecutor.java:82)
	at org.apache.ibatis.session.defaults.DefaultSqlSession.selectList(DefaultSqlSession.java:120)
	... 41 more
10:44:56,455 [main] DEBUG org.activiti.engine.impl.cfg.standalone.StandaloneMybatisTransactionContext  - firing event rolling back...
10:44:56,455 [main] DEBUG org.activiti.engine.impl.cfg.standalone.StandaloneMybatisTransactionContext  - rolling back ibatis sql session...
10:44:56,455 [main] DEBUG org.activiti.engine.impl.cfg.standalone.StandaloneMybatisTransactionContext  - firing event rolled back...
10:44:56,455 [main] DEBUG org.apache.ibatis.transaction.jdbc.JdbcTransaction  - Resetting autocommit to true on JDBC Connection [conn3: url=jdbc:h2:mem:activiti user=SA]
10:44:56,455 [main] DEBUG org.apache.ibatis.transaction.jdbc.JdbcTransaction  - Closing JDBC Connection [conn3: url=jdbc:h2:mem:activiti user=SA]
10:44:56,455 [main] DEBUG org.apache.ibatis.datasource.pooled.PooledDataSource  - Returned connection 180014677 to pool.
10:44:56,455 [main] DEBUG org.activiti.engine.impl.interceptor.LogInterceptor  - --- GroupQueryImpl finished --------------------------------------------------------
10:44:56,455 [main] DEBUG org.activiti.engine.impl.interceptor.LogInterceptor  - 

10:44:56,455 [main] ERROR org.activiti.engine.impl.test.PvmTestCase  - 

10:44:56,455 [main] ERROR org.activiti.engine.impl.test.PvmTestCase  - EXCEPTION: org.apache.ibatis.exceptions.PersistenceException: 
### Error querying database.  Cause: org.h2.jdbc.JdbcSQLException: Syntax error in SQL statement &quot;SELECT RES.* 
     
    FROM ACT_ID_GROUP RES
     
      
   
     ORDER BY  ORDER[*] BY RES.TYPE_ ASC, RES.NAME_ DESC  
    LIMIT ? OFFSET ? &quot;; expected &quot;=, NOT, EXISTS, INTERSECTS, SELECT, FROM&quot;; SQL statement:
select RES.* 
     
    from ACT_ID_GROUP RES
     
      
   
     order by  order by RES.TYPE_ asc, RES.NAME_ desc  
    LIMIT ? OFFSET ? [42001-176]
### The error may exist in org/activiti/db/mapping/entity/Group.xml
### The error may involve org.activiti.engine.impl.persistence.entity.GroupEntity.selectGroupByQueryCriteria
### The error occurred while executing a query
### SQL: select RES.*            from ACT_ID_GROUP RES                       order by  order by RES.TYPE_ asc, RES.NAME_ desc       LIMIT ? OFFSET ?
### Cause: org.h2.jdbc.JdbcSQLException: Syntax error in SQL statement &quot;SELECT RES.* 
     
    FROM ACT_ID_GROUP RES
     
      
   
     ORDER BY  ORDER[*] BY RES.TYPE_ ASC, RES.NAME_ DESC  
    LIMIT ? OFFSET ? &quot;; expected &quot;=, NOT, EXISTS, INTERSECTS, SELECT, FROM&quot;; SQL statement:
select RES.* 
     
    from ACT_ID_GROUP RES
     
      
   
     order by  order by RES.TYPE_ asc, RES.NAME_ desc  
    LIMIT ? OFFSET ? [42001-176]
org.apache.ibatis.exceptions.PersistenceException: 
### Error querying database.  Cause: org.h2.jdbc.JdbcSQLException: Syntax error in SQL statement &quot;SELECT RES.* 
     
    FROM ACT_ID_GROUP RES
     
      
   
     ORDER BY  ORDER[*] BY RES.TYPE_ ASC, RES.NAME_ DESC  
    LIMIT ? OFFSET ? &quot;; expected &quot;=, NOT, EXISTS, INTERSECTS, SELECT, FROM&quot;; SQL statement:
select RES.* 
     
    from ACT_ID_GROUP RES
     
      
   
     order by  order by RES.TYPE_ asc, RES.NAME_ desc  
    LIMIT ? OFFSET ? [42001-176]
### The error may exist in org/activiti/db/mapping/entity/Group.xml
### The error may involve org.activiti.engine.impl.persistence.entity.GroupEntity.selectGroupByQueryCriteria
### The error occurred while executing a query
### SQL: select RES.*            from ACT_ID_GROUP RES                       order by  order by RES.TYPE_ asc, RES.NAME_ desc       LIMIT ? OFFSET ?
### Cause: org.h2.jdbc.JdbcSQLException: Syntax error in SQL statement &quot;SELECT RES.* 
     
    FROM ACT_ID_GROUP RES
     
      
   
     ORDER BY  ORDER[*] BY RES.TYPE_ ASC, RES.NAME_ DESC  
    LIMIT ? OFFSET ? &quot;; expected &quot;=, NOT, EXISTS, INTERSECTS, SELECT, FROM&quot;; SQL statement:
select RES.* 
     
    from ACT_ID_GROUP RES
     
      
   
     order by  order by RES.TYPE_ asc, RES.NAME_ desc  
    LIMIT ? OFFSET ? [42001-176]
	at org.apache.ibatis.exceptions.ExceptionFactory.wrapException(ExceptionFactory.java:30)
	at org.apache.ibatis.session.defaults.DefaultSqlSession.selectList(DefaultSqlSession.java:122)
	at org.apache.ibatis.session.defaults.DefaultSqlSession.selectList(DefaultSqlSession.java:113)
	at org.activiti.engine.impl.db.DbSqlSession.selectListWithRawParameter(DbSqlSession.java:438)
	at org.activiti.engine.impl.db.DbSqlSession.selectList(DbSqlSession.java:429)
	at org.activiti.engine.impl.db.DbSqlSession.selectList(DbSqlSession.java:419)
	at org.activiti.engine.impl.persistence.entity.GroupEntityManager.findGroupByQueryCriteria(GroupEntityManager.java:90)
	at org.activiti.engine.impl.GroupQueryImpl.executeList(GroupQueryImpl.java:125)
	at org.activiti.engine.impl.AbstractQuery.execute(AbstractQuery.java:164)
	at org.activiti.engine.impl.interceptor.CommandInvoker.execute(CommandInvoker.java:24)
	at org.activiti.engine.impl.interceptor.CommandContextInterceptor.execute(CommandContextInterceptor.java:57)
	at org.activiti.engine.impl.interceptor.LogInterceptor.execute(LogInterceptor.java:37)
	at org.activiti.engine.impl.cfg.CommandExecutorImpl.execute(CommandExecutorImpl.java:40)
	at org.activiti.engine.impl.cfg.CommandExecutorImpl.execute(CommandExecutorImpl.java:35)
	at org.activiti.engine.impl.AbstractQuery.list(AbstractQuery.java:138)
	at org.activiti.engine.test.api.identity.GroupQueryTest.testQuerySorting(GroupQueryTest.java:194)
	at sun.reflect.NativeMethodAccessorImpl.invoke0(Native Method)
	at sun.reflect.NativeMethodAccessorImpl.invoke(NativeMethodAccessorImpl.java:62)
	at sun.reflect.DelegatingMethodAccessorImpl.invoke(DelegatingMethodAccessorImpl.java:43)
	at java.lang.reflect.Method.invoke(Method.java:498)
	at junit.framework.TestCase.runTest(TestCase.java:176)
	at org.activiti.engine.impl.test.PvmTestCase.runTest(PvmTestCase.java:65)
	at junit.framework.TestCase.runBare(TestCase.java:141)
	at org.activiti.engine.impl.test.AbstractActivitiTestCase.runBare(AbstractActivitiTestCase.java:100)
	at junit.framework.TestResult$1.protect(TestResult.java:122)
	at junit.framework.TestResult.runProtected(TestResult.java:142)
	at junit.framework.TestResult.run(TestResult.java:125)
	at junit.framework.TestCase.run(TestCase.java:129)
	at junit.framework.TestSuite.runTest(TestSuite.java:255)
	at junit.framework.TestSuite.run(TestSuite.java:250)
	at org.junit.internal.runners.JUnit38ClassRunner.run(JUnit38ClassRunner.java:84)
	at org.apache.maven.surefire.junit4.JUnit4TestSet.execute(JUnit4TestSet.java:35)
	at org.apache.maven.surefire.junit4.JUnit4Provider.executeTestSet(JUnit4Provider.java:146)
	at org.apache.maven.surefire.junit4.JUnit4Provider.invoke(JUnit4Provider.java:97)
	at sun.reflect.NativeMethodAccessorImpl.invoke0(Native Method)
	at sun.reflect.NativeMethodAccessorImpl.invoke(NativeMethodAccessorImpl.java:62)
	at sun.reflect.DelegatingMethodAccessorImpl.invoke(DelegatingMethodAccessorImpl.java:43)
	at java.lang.reflect.Method.invoke(Method.java:498)
	at org.apache.maven.surefire.booter.ProviderFactory$ClassLoaderProxy.invoke(ProviderFactory.java:103)
	at com.sun.proxy.$Proxy0.invoke(Unknown Source)
	at org.apache.maven.surefire.booter.SurefireStarter.invokeProvider(SurefireStarter.java:145)
	at org.apache.maven.surefire.booter.SurefireStarter.runSuitesInProcess(SurefireStarter.java:87)
	at org.apache.maven.surefire.booter.ForkedBooter.main(ForkedBooter.java:69)
Caused by: org.h2.jdbc.JdbcSQLException: Syntax error in SQL statement &quot;SELECT RES.* 
     
    FROM ACT_ID_GROUP RES
     
      
   
     ORDER BY  ORDER[*] BY RES.TYPE_ ASC, RES.NAME_ DESC  
    LIMIT ? OFFSET ? &quot;; expected &quot;=, NOT, EXISTS, INTERSECTS, SELECT, FROM&quot;; SQL statement:
select RES.* 
     
    from ACT_ID_GROUP RES
     
      
   
     order by  order by RES.TYPE_ asc, RES.NAME_ desc  
    LIMIT ? OFFSET ? [42001-176]
	at org.h2.message.DbException.getJdbcSQLException(DbException.java:344)
	at org.h2.message.DbException.getSyntaxError(DbException.java:204)
	at org.h2.command.Parser.getSyntaxError(Parser.java:524)
	at org.h2.command.Parser.readTerm(Parser.java:2688)
	at org.h2.command.Parser.readFactor(Parser.java:2244)
	at org.h2.command.Parser.readSum(Parser.java:2231)
	at org.h2.command.Parser.readConcat(Parser.java:2201)
	at org.h2.command.Parser.readCondition(Parser.java:2051)
	at org.h2.command.Parser.readAnd(Parser.java:2023)
	at org.h2.command.Parser.readExpression(Parser.java:2015)
	at org.h2.command.Parser.parseEndOfQuery(Parser.java:1726)
	at org.h2.command.Parser.parseSelectUnionExtension(Parser.java:1706)
	at org.h2.command.Parser.parseSelectUnion(Parser.java:1675)
	at org.h2.command.Parser.parseSelect(Parser.java:1662)
	at org.h2.command.Parser.parsePrepared(Parser.java:434)
	at org.h2.command.Parser.parse(Parser.java:306)
	at org.h2.command.Parser.parse(Parser.java:282)
	at org.h2.command.Parser.prepareCommand(Parser.java:243)
	at org.h2.engine.Session.prepareLocal(Session.java:442)
	at org.h2.engine.Session.prepareCommand(Session.java:384)
	at org.h2.jdbc.JdbcConnection.prepareCommand(JdbcConnection.java:1188)
	at org.h2.jdbc.JdbcPreparedStatement.&lt;init&gt;(JdbcPreparedStatement.java:73)
	at org.h2.jdbc.JdbcConnection.prepareStatement(JdbcConnection.java:276)
	at sun.reflect.GeneratedMethodAccessor6.invoke(Unknown Source)
	at sun.reflect.DelegatingMethodAccessorImpl.invoke(DelegatingMethodAccessorImpl.java:43)
	at java.lang.reflect.Method.invoke(Method.java:498)
	at org.apache.ibatis.datasource.pooled.PooledConnection.invoke(PooledConnection.java:245)
	at com.sun.proxy.$Proxy12.prepareStatement(Unknown Source)
	at sun.reflect.GeneratedMethodAccessor6.invoke(Unknown Source)
	at sun.reflect.DelegatingMethodAccessorImpl.invoke(DelegatingMethodAccessorImpl.java:43)
	at java.lang.reflect.Method.invoke(Method.java:498)
	at org.apache.ibatis.logging.jdbc.ConnectionLogger.invoke(ConnectionLogger.java:55)
	at com.sun.proxy.$Proxy12.prepareStatement(Unknown Source)
	at org.apache.ibatis.executor.statement.PreparedStatementHandler.instantiateStatement(PreparedStatementHandler.java:79)
	at org.apache.ibatis.executor.statement.BaseStatementHandler.prepare(BaseStatementHandler.java:88)
	at org.apache.ibatis.executor.statement.RoutingStatementHandler.prepare(RoutingStatementHandler.java:58)
	at org.apache.ibatis.executor.SimpleExecutor.prepareStatement(SimpleExecutor.java:76)
	at org.apache.ibatis.executor.SimpleExecutor.doQuery(SimpleExecutor.java:61)
	at org.apache.ibatis.executor.BaseExecutor.queryFromDatabase(BaseExecutor.java:303)
	at org.apache.ibatis.executor.BaseExecutor.query(BaseExecutor.java:154)
	at org.apache.ibatis.executor.CachingExecutor.query(CachingExecutor.java:102)
	at org.apache.ibatis.executor.CachingExecutor.query(CachingExecutor.java:82)
	at org.apache.ibatis.session.defaults.DefaultSqlSession.selectList(DefaultSqlSession.java:120)
	... 41 more
10:44:56,455 [main] DEBUG org.activiti.engine.impl.test.PvmTestCase  - #### END GroupQueryTest.testQuerySorting #############################################################
10:44:56,455 [main] DEBUG org.activiti.engine.impl.interceptor.LogInterceptor  - 

10:44:56,455 [main] DEBUG org.activiti.engine.impl.interceptor.LogInterceptor  - --- starting DeleteUserCmd --------------------------------------------------------
10:44:56,455 [main] DEBUG org.apache.ibatis.transaction.jdbc.JdbcTransaction  - Opening JDBC Connection
10:44:56,455 [main] DEBUG org.apache.ibatis.datasource.pooled.PooledDataSource  - Checked out connection 297240765 from pool.
10:44:56,455 [main] DEBUG org.apache.ibatis.transaction.jdbc.JdbcTransaction  - Setting autocommit to false on JDBC Connection [conn4: url=jdbc:h2:mem:activiti user=SA]
10:44:56,455 [main] DEBUG org.activiti.engine.impl.persistence.entity.UserEntity.selectUserById  - ==&gt;  Preparing: select * from ACT_ID_USER where ID_ = ? 
10:44:56,455 [main] DEBUG org.activiti.engine.impl.persistence.entity.UserEntity.selectUserById  - ==&gt; Parameters: kermit(String)
10:44:56,455 [main] DEBUG org.activiti.engine.impl.persistence.entity.UserEntity.selectUserById  - &lt;==      Total: 1
10:44:56,456 [main] DEBUG org.activiti.engine.impl.persistence.entity.IdentityInfoEntity.selectIdentityInfoByUserId  - ==&gt;  Preparing: select * from ACT_ID_INFO where USER_ID_ = ? 
10:44:56,456 [main] DEBUG org.activiti.engine.impl.persistence.entity.IdentityInfoEntity.selectIdentityInfoByUserId  - ==&gt; Parameters: kermit(String)
10:44:56,456 [main] DEBUG org.activiti.engine.impl.persistence.entity.IdentityInfoEntity.selectIdentityInfoByUserId  - &lt;==      Total: 0
10:44:56,456 [main] DEBUG org.activiti.engine.impl.db.DbSqlSession  -   bulk delete: deleteMembershipsByUserId(kermit)
10:44:56,456 [main] DEBUG org.activiti.engine.impl.db.DbSqlSession  -   delete org.activiti.engine.impl.persistence.entity.UserEntity@2b5c4f17
10:44:56,456 [main] DEBUG org.activiti.engine.impl.db.DbSqlSession  - flush summary: 0 insert, 0 update, 2 delete.
10:44:56,456 [main] DEBUG org.activiti.engine.impl.db.DbSqlSession  - now executing flush...
10:44:56,456 [main] DEBUG org.activiti.engine.impl.db.DbSqlSession  - executing: bulk delete: deleteMembershipsByUserId(kermit)
10:44:56,456 [main] DEBUG org.activiti.engine.impl.persistence.entity.MembershipRelation.deleteMembershipsByUserId  - ==&gt;  Preparing: delete from ACT_ID_MEMBERSHIP where USER_ID_ = ? 
10:44:56,456 [main] DEBUG org.activiti.engine.impl.persistence.entity.MembershipRelation.deleteMembershipsByUserId  - ==&gt; Parameters: kermit(String)
10:44:56,456 [main] DEBUG org.activiti.engine.impl.persistence.entity.MembershipRelation.deleteMembershipsByUserId  - &lt;==    Updates: 3
10:44:56,456 [main] DEBUG org.activiti.engine.impl.db.DbSqlSession  - executing: delete org.activiti.engine.impl.persistence.entity.UserEntity@2b5c4f17
10:44:56,456 [main] DEBUG org.activiti.engine.impl.persistence.entity.UserEntity.deleteUser  - ==&gt;  Preparing: delete from ACT_ID_USER where ID_ = ? and REV_ = ? 
10:44:56,456 [main] DEBUG org.activiti.engine.impl.persistence.entity.UserEntity.deleteUser  - ==&gt; Parameters: kermit(String), 1(Integer)
10:44:56,456 [main] DEBUG org.activiti.engine.impl.persistence.entity.UserEntity.deleteUser  - &lt;==    Updates: 1
10:44:56,456 [main] DEBUG org.activiti.engine.impl.cfg.standalone.StandaloneMybatisTransactionContext  - firing event committing...
10:44:56,456 [main] DEBUG org.activiti.engine.impl.cfg.standalone.StandaloneMybatisTransactionContext  - committing the ibatis sql session...
10:44:56,456 [main] DEBUG org.apache.ibatis.transaction.jdbc.JdbcTransaction  - Committing JDBC Connection [conn4: url=jdbc:h2:mem:activiti user=SA]
10:44:56,456 [main] DEBUG org.activiti.engine.impl.cfg.standalone.StandaloneMybatisTransactionContext  - firing event committed...
10:44:56,456 [main] DEBUG org.apache.ibatis.transaction.jdbc.JdbcTransaction  - Resetting autocommit to true on JDBC Connection [conn4: url=jdbc:h2:mem:activiti user=SA]
10:44:56,456 [main] DEBUG org.apache.ibatis.transaction.jdbc.JdbcTransaction  - Closing JDBC Connection [conn4: url=jdbc:h2:mem:activiti user=SA]
10:44:56,456 [main] DEBUG org.apache.ibatis.datasource.pooled.PooledDataSource  - Returned connection 297240765 to pool.
10:44:56,456 [main] DEBUG org.activiti.engine.impl.interceptor.LogInterceptor  - --- DeleteUserCmd finished --------------------------------------------------------
10:44:56,456 [main] DEBUG org.activiti.engine.impl.interceptor.LogInterceptor  - 

10:44:56,456 [main] DEBUG org.activiti.engine.impl.interceptor.LogInterceptor  - 

10:44:56,456 [main] DEBUG org.activiti.engine.impl.interceptor.LogInterceptor  - --- starting DeleteUserCmd --------------------------------------------------------
10:44:56,456 [main] DEBUG org.apache.ibatis.transaction.jdbc.JdbcTransaction  - Opening JDBC Connection
10:44:56,456 [main] DEBUG org.apache.ibatis.datasource.pooled.PooledDataSource  - Checked out connection 363509958 from pool.
10:44:56,456 [main] DEBUG org.apache.ibatis.transaction.jdbc.JdbcTransaction  - Setting autocommit to false on JDBC Connection [conn2: url=jdbc:h2:mem:activiti user=SA]
10:44:56,456 [main] DEBUG org.activiti.engine.impl.persistence.entity.UserEntity.selectUserById  - ==&gt;  Preparing: select * from ACT_ID_USER where ID_ = ? 
10:44:56,456 [main] DEBUG org.activiti.engine.impl.persistence.entity.UserEntity.selectUserById  - ==&gt; Parameters: fozzie(String)
10:44:56,456 [main] DEBUG org.activiti.engine.impl.persistence.entity.UserEntity.selectUserById  - &lt;==      Total: 1
10:44:56,456 [main] DEBUG org.activiti.engine.impl.persistence.entity.IdentityInfoEntity.selectIdentityInfoByUserId  - ==&gt;  Preparing: select * from ACT_ID_INFO where USER_ID_ = ? 
10:44:56,456 [main] DEBUG org.activiti.engine.impl.persistence.entity.IdentityInfoEntity.selectIdentityInfoByUserId  - ==&gt; Parameters: fozzie(String)
10:44:56,456 [main] DEBUG org.activiti.engine.impl.persistence.entity.IdentityInfoEntity.selectIdentityInfoByUserId  - &lt;==      Total: 0
10:44:56,456 [main] DEBUG org.activiti.engine.impl.db.DbSqlSession  -   bulk delete: deleteMembershipsByUserId(fozzie)
10:44:56,456 [main] DEBUG org.activiti.engine.impl.db.DbSqlSession  -   delete org.activiti.engine.impl.persistence.entity.UserEntity@6ca8fcf3
10:44:56,456 [main] DEBUG org.activiti.engine.impl.db.DbSqlSession  - flush summary: 0 insert, 0 update, 2 delete.
10:44:56,456 [main] DEBUG org.activiti.engine.impl.db.DbSqlSession  - now executing flush...
10:44:56,456 [main] DEBUG org.activiti.engine.impl.db.DbSqlSession  - executing: bulk delete: deleteMembershipsByUserId(fozzie)
10:44:56,456 [main] DEBUG org.activiti.engine.impl.persistence.entity.MembershipRelation.deleteMembershipsByUserId  - ==&gt;  Preparing: delete from ACT_ID_MEMBERSHIP where USER_ID_ = ? 
10:44:56,456 [main] DEBUG org.activiti.engine.impl.persistence.entity.MembershipRelation.deleteMembershipsByUserId  - ==&gt; Parameters: fozzie(String)
10:44:56,456 [main] DEBUG org.activiti.engine.impl.persistence.entity.MembershipRelation.deleteMembershipsByUserId  - &lt;==    Updates: 2
10:44:56,456 [main] DEBUG org.activiti.engine.impl.db.DbSqlSession  - executing: delete org.activiti.engine.impl.persistence.entity.UserEntity@6ca8fcf3
10:44:56,456 [main] DEBUG org.activiti.engine.impl.persistence.entity.UserEntity.deleteUser  - ==&gt;  Preparing: delete from ACT_ID_USER where ID_ = ? and REV_ = ? 
10:44:56,456 [main] DEBUG org.activiti.engine.impl.persistence.entity.UserEntity.deleteUser  - ==&gt; Parameters: fozzie(String), 1(Integer)
10:44:56,456 [main] DEBUG org.activiti.engine.impl.persistence.entity.UserEntity.deleteUser  - &lt;==    Updates: 1
10:44:56,456 [main] DEBUG org.activiti.engine.impl.cfg.standalone.StandaloneMybatisTransactionContext  - firing event committing...
10:44:56,456 [main] DEBUG org.activiti.engine.impl.cfg.standalone.StandaloneMybatisTransactionContext  - committing the ibatis sql session...
10:44:56,456 [main] DEBUG org.apache.ibatis.transaction.jdbc.JdbcTransaction  - Committing JDBC Connection [conn2: url=jdbc:h2:mem:activiti user=SA]
10:44:56,456 [main] DEBUG org.activiti.engine.impl.cfg.standalone.StandaloneMybatisTransactionContext  - firing event committed...
10:44:56,456 [main] DEBUG org.apache.ibatis.transaction.jdbc.JdbcTransaction  - Resetting autocommit to true on JDBC Connection [conn2: url=jdbc:h2:mem:activiti user=SA]
10:44:56,456 [main] DEBUG org.apache.ibatis.transaction.jdbc.JdbcTransaction  - Closing JDBC Connection [conn2: url=jdbc:h2:mem:activiti user=SA]
10:44:56,456 [main] DEBUG org.apache.ibatis.datasource.pooled.PooledDataSource  - Returned connection 363509958 to pool.
10:44:56,456 [main] DEBUG org.activiti.engine.impl.interceptor.LogInterceptor  - --- DeleteUserCmd finished --------------------------------------------------------
10:44:56,456 [main] DEBUG org.activiti.engine.impl.interceptor.LogInterceptor  - 

10:44:56,456 [main] DEBUG org.activiti.engine.impl.interceptor.LogInterceptor  - 

10:44:56,456 [main] DEBUG org.activiti.engine.impl.interceptor.LogInterceptor  - --- starting DeleteUserCmd --------------------------------------------------------
10:44:56,456 [main] DEBUG org.apache.ibatis.transaction.jdbc.JdbcTransaction  - Opening JDBC Connection
10:44:56,456 [main] DEBUG org.apache.ibatis.datasource.pooled.PooledDataSource  - Checked out connection 180014677 from pool.
10:44:56,456 [main] DEBUG org.apache.ibatis.transaction.jdbc.JdbcTransaction  - Setting autocommit to false on JDBC Connection [conn3: url=jdbc:h2:mem:activiti user=SA]
10:44:56,456 [main] DEBUG org.activiti.engine.impl.persistence.entity.UserEntity.selectUserById  - ==&gt;  Preparing: select * from ACT_ID_USER where ID_ = ? 
10:44:56,456 [main] DEBUG org.activiti.engine.impl.persistence.entity.UserEntity.selectUserById  - ==&gt; Parameters: mispiggy(String)
10:44:56,456 [main] DEBUG org.activiti.engine.impl.persistence.entity.UserEntity.selectUserById  - &lt;==      Total: 1
10:44:56,456 [main] DEBUG org.activiti.engine.impl.persistence.entity.IdentityInfoEntity.selectIdentityInfoByUserId  - ==&gt;  Preparing: select * from ACT_ID_INFO where USER_ID_ = ? 
10:44:56,456 [main] DEBUG org.activiti.engine.impl.persistence.entity.IdentityInfoEntity.selectIdentityInfoByUserId  - ==&gt; Parameters: mispiggy(String)
10:44:56,456 [main] DEBUG org.activiti.engine.impl.persistence.entity.IdentityInfoEntity.selectIdentityInfoByUserId  - &lt;==      Total: 0
10:44:56,456 [main] DEBUG org.activiti.engine.impl.db.DbSqlSession  -   bulk delete: deleteMembershipsByUserId(mispiggy)
10:44:56,456 [main] DEBUG org.activiti.engine.impl.db.DbSqlSession  -   delete org.activiti.engine.impl.persistence.entity.UserEntity@69f0b0f4
10:44:56,456 [main] DEBUG org.activiti.engine.impl.db.DbSqlSession  - flush summary: 0 insert, 0 update, 2 delete.
10:44:56,456 [main] DEBUG org.activiti.engine.impl.db.DbSqlSession  - now executing flush...
10:44:56,456 [main] DEBUG org.activiti.engine.impl.db.DbSqlSession  - executing: bulk delete: deleteMembershipsByUserId(mispiggy)
10:44:56,456 [main] DEBUG org.activiti.engine.impl.persistence.entity.MembershipRelation.deleteMembershipsByUserId  - ==&gt;  Preparing: delete from ACT_ID_MEMBERSHIP where USER_ID_ = ? 
10:44:56,456 [main] DEBUG org.activiti.engine.impl.persistence.entity.MembershipRelation.deleteMembershipsByUserId  - ==&gt; Parameters: mispiggy(String)
10:44:56,456 [main] DEBUG org.activiti.engine.impl.persistence.entity.MembershipRelation.deleteMembershipsByUserId  - &lt;==    Updates: 2
10:44:56,456 [main] DEBUG org.activiti.engine.impl.db.DbSqlSession  - executing: delete org.activiti.engine.impl.persistence.entity.UserEntity@69f0b0f4
10:44:56,456 [main] DEBUG org.activiti.engine.impl.persistence.entity.UserEntity.deleteUser  - ==&gt;  Preparing: delete from ACT_ID_USER where ID_ = ? and REV_ = ? 
10:44:56,456 [main] DEBUG org.activiti.engine.impl.persistence.entity.UserEntity.deleteUser  - ==&gt; Parameters: mispiggy(String), 1(Integer)
10:44:56,456 [main] DEBUG org.activiti.engine.impl.persistence.entity.UserEntity.deleteUser  - &lt;==    Updates: 1
10:44:56,456 [main] DEBUG org.activiti.engine.impl.cfg.standalone.StandaloneMybatisTransactionContext  - firing event committing...
10:44:56,456 [main] DEBUG org.activiti.engine.impl.cfg.standalone.StandaloneMybatisTransactionContext  - committing the ibatis sql session...
10:44:56,456 [main] DEBUG org.apache.ibatis.transaction.jdbc.JdbcTransaction  - Committing JDBC Connection [conn3: url=jdbc:h2:mem:activiti user=SA]
10:44:56,456 [main] DEBUG org.activiti.engine.impl.cfg.standalone.StandaloneMybatisTransactionContext  - firing event committed...
10:44:56,456 [main] DEBUG org.apache.ibatis.transaction.jdbc.JdbcTransaction  - Resetting autocommit to true on JDBC Connection [conn3: url=jdbc:h2:mem:activiti user=SA]
10:44:56,456 [main] DEBUG org.apache.ibatis.transaction.jdbc.JdbcTransaction  - Closing JDBC Connection [conn3: url=jdbc:h2:mem:activiti user=SA]
10:44:56,457 [main] DEBUG org.apache.ibatis.datasource.pooled.PooledDataSource  - Returned connection 180014677 to pool.
10:44:56,457 [main] DEBUG org.activiti.engine.impl.interceptor.LogInterceptor  - --- DeleteUserCmd finished --------------------------------------------------------
10:44:56,457 [main] DEBUG org.activiti.engine.impl.interceptor.LogInterceptor  - 

10:44:56,457 [main] DEBUG org.activiti.engine.impl.interceptor.LogInterceptor  - 

10:44:56,457 [main] DEBUG org.activiti.engine.impl.interceptor.LogInterceptor  - --- starting DeleteGroupCmd --------------------------------------------------------
10:44:56,457 [main] DEBUG org.apache.ibatis.transaction.jdbc.JdbcTransaction  - Opening JDBC Connection
10:44:56,457 [main] DEBUG org.apache.ibatis.datasource.pooled.PooledDataSource  - Checked out connection 297240765 from pool.
10:44:56,457 [main] DEBUG org.apache.ibatis.transaction.jdbc.JdbcTransaction  - Setting autocommit to false on JDBC Connection [conn4: url=jdbc:h2:mem:activiti user=SA]
10:44:56,457 [main] DEBUG org.activiti.engine.impl.persistence.entity.GroupEntity.selectGroup  - ==&gt;  Preparing: select * from ACT_ID_GROUP where ID_ = ? 
10:44:56,457 [main] DEBUG org.activiti.engine.impl.persistence.entity.GroupEntity.selectGroup  - ==&gt; Parameters: muppets(String)
10:44:56,457 [main] DEBUG org.activiti.engine.impl.persistence.entity.GroupEntity.selectGroup  - &lt;==      Total: 1
10:44:56,457 [main] DEBUG org.activiti.engine.impl.db.DbSqlSession  -   bulk delete: deleteMembershipsByGroupId(muppets)
10:44:56,457 [main] DEBUG org.activiti.engine.impl.db.DbSqlSession  -   delete org.activiti.engine.impl.persistence.entity.GroupEntity@66933239
10:44:56,457 [main] DEBUG org.activiti.engine.impl.db.DbSqlSession  - flush summary: 0 insert, 0 update, 2 delete.
10:44:56,457 [main] DEBUG org.activiti.engine.impl.db.DbSqlSession  - now executing flush...
10:44:56,457 [main] DEBUG org.activiti.engine.impl.db.DbSqlSession  - executing: bulk delete: deleteMembershipsByGroupId(muppets)
10:44:56,457 [main] DEBUG org.activiti.engine.impl.persistence.entity.MembershipRelation.deleteMembershipsByGroupId  - ==&gt;  Preparing: delete from ACT_ID_MEMBERSHIP where GROUP_ID_ = ? 
10:44:56,457 [main] DEBUG org.activiti.engine.impl.persistence.entity.MembershipRelation.deleteMembershipsByGroupId  - ==&gt; Parameters: muppets(String)
10:44:56,457 [main] DEBUG org.activiti.engine.impl.persistence.entity.MembershipRelation.deleteMembershipsByGroupId  - &lt;==    Updates: 0
10:44:56,457 [main] DEBUG org.activiti.engine.impl.db.DbSqlSession  - executing: delete org.activiti.engine.impl.persistence.entity.GroupEntity@66933239
10:44:56,457 [main] DEBUG org.activiti.engine.impl.persistence.entity.GroupEntity.deleteGroup  - ==&gt;  Preparing: delete from ACT_ID_GROUP where ID_ = ? and REV_ = ? 
10:44:56,457 [main] DEBUG org.activiti.engine.impl.persistence.entity.GroupEntity.deleteGroup  - ==&gt; Parameters: muppets(String), 1(Integer)
10:44:56,457 [main] DEBUG org.activiti.engine.impl.persistence.entity.GroupEntity.deleteGroup  - &lt;==    Updates: 1
10:44:56,457 [main] DEBUG org.activiti.engine.impl.cfg.standalone.StandaloneMybatisTransactionContext  - firing event committing...
10:44:56,457 [main] DEBUG org.activiti.engine.impl.cfg.standalone.StandaloneMybatisTransactionContext  - committing the ibatis sql session...
10:44:56,457 [main] DEBUG org.apache.ibatis.transaction.jdbc.JdbcTransaction  - Committing JDBC Connection [conn4: url=jdbc:h2:mem:activiti user=SA]
10:44:56,457 [main] DEBUG org.activiti.engine.impl.cfg.standalone.StandaloneMybatisTransactionContext  - firing event committed...
10:44:56,457 [main] DEBUG org.apache.ibatis.transaction.jdbc.JdbcTransaction  - Resetting autocommit to true on JDBC Connection [conn4: url=jdbc:h2:mem:activiti user=SA]
10:44:56,457 [main] DEBUG org.apache.ibatis.transaction.jdbc.JdbcTransaction  - Closing JDBC Connection [conn4: url=jdbc:h2:mem:activiti user=SA]
10:44:56,457 [main] DEBUG org.apache.ibatis.datasource.pooled.PooledDataSource  - Returned connection 297240765 to pool.
10:44:56,457 [main] DEBUG org.activiti.engine.impl.interceptor.LogInterceptor  - --- DeleteGroupCmd finished --------------------------------------------------------
10:44:56,457 [main] DEBUG org.activiti.engine.impl.interceptor.LogInterceptor  - 

10:44:56,457 [main] DEBUG org.activiti.engine.impl.interceptor.LogInterceptor  - 

10:44:56,457 [main] DEBUG org.activiti.engine.impl.interceptor.LogInterceptor  - --- starting DeleteGroupCmd --------------------------------------------------------
10:44:56,457 [main] DEBUG org.apache.ibatis.transaction.jdbc.JdbcTransaction  - Opening JDBC Connection
10:44:56,457 [main] DEBUG org.apache.ibatis.datasource.pooled.PooledDataSource  - Checked out connection 363509958 from pool.
10:44:56,457 [main] DEBUG org.apache.ibatis.transaction.jdbc.JdbcTransaction  - Setting autocommit to false on JDBC Connection [conn2: url=jdbc:h2:mem:activiti user=SA]
10:44:56,457 [main] DEBUG org.activiti.engine.impl.persistence.entity.GroupEntity.selectGroup  - ==&gt;  Preparing: select * from ACT_ID_GROUP where ID_ = ? 
10:44:56,457 [main] DEBUG org.activiti.engine.impl.persistence.entity.GroupEntity.selectGroup  - ==&gt; Parameters: mammals(String)
10:44:56,457 [main] DEBUG org.activiti.engine.impl.persistence.entity.GroupEntity.selectGroup  - &lt;==      Total: 1
10:44:56,457 [main] DEBUG org.activiti.engine.impl.db.DbSqlSession  -   bulk delete: deleteMembershipsByGroupId(mammals)
10:44:56,457 [main] DEBUG org.activiti.engine.impl.db.DbSqlSession  -   delete org.activiti.engine.impl.persistence.entity.GroupEntity@2f7efd0b
10:44:56,457 [main] DEBUG org.activiti.engine.impl.db.DbSqlSession  - flush summary: 0 insert, 0 update, 2 delete.
10:44:56,457 [main] DEBUG org.activiti.engine.impl.db.DbSqlSession  - now executing flush...
10:44:56,457 [main] DEBUG org.activiti.engine.impl.db.DbSqlSession  - executing: bulk delete: deleteMembershipsByGroupId(mammals)
10:44:56,457 [main] DEBUG org.activiti.engine.impl.persistence.entity.MembershipRelation.deleteMembershipsByGroupId  - ==&gt;  Preparing: delete from ACT_ID_MEMBERSHIP where GROUP_ID_ = ? 
10:44:56,457 [main] DEBUG org.activiti.engine.impl.persistence.entity.MembershipRelation.deleteMembershipsByGroupId  - ==&gt; Parameters: mammals(String)
10:44:56,457 [main] DEBUG org.activiti.engine.impl.persistence.entity.MembershipRelation.deleteMembershipsByGroupId  - &lt;==    Updates: 0
10:44:56,457 [main] DEBUG org.activiti.engine.impl.db.DbSqlSession  - executing: delete org.activiti.engine.impl.persistence.entity.GroupEntity@2f7efd0b
10:44:56,457 [main] DEBUG org.activiti.engine.impl.persistence.entity.GroupEntity.deleteGroup  - ==&gt;  Preparing: delete from ACT_ID_GROUP where ID_ = ? and REV_ = ? 
10:44:56,457 [main] DEBUG org.activiti.engine.impl.persistence.entity.GroupEntity.deleteGroup  - ==&gt; Parameters: mammals(String), 1(Integer)
10:44:56,457 [main] DEBUG org.activiti.engine.impl.persistence.entity.GroupEntity.deleteGroup  - &lt;==    Updates: 1
10:44:56,457 [main] DEBUG org.activiti.engine.impl.cfg.standalone.StandaloneMybatisTransactionContext  - firing event committing...
10:44:56,457 [main] DEBUG org.activiti.engine.impl.cfg.standalone.StandaloneMybatisTransactionContext  - committing the ibatis sql session...
10:44:56,457 [main] DEBUG org.apache.ibatis.transaction.jdbc.JdbcTransaction  - Committing JDBC Connection [conn2: url=jdbc:h2:mem:activiti user=SA]
10:44:56,457 [main] DEBUG org.activiti.engine.impl.cfg.standalone.StandaloneMybatisTransactionContext  - firing event committed...
10:44:56,457 [main] DEBUG org.apache.ibatis.transaction.jdbc.JdbcTransaction  - Resetting autocommit to true on JDBC Connection [conn2: url=jdbc:h2:mem:activiti user=SA]
10:44:56,457 [main] DEBUG org.apache.ibatis.transaction.jdbc.JdbcTransaction  - Closing JDBC Connection [conn2: url=jdbc:h2:mem:activiti user=SA]
10:44:56,457 [main] DEBUG org.apache.ibatis.datasource.pooled.PooledDataSource  - Returned connection 363509958 to pool.
10:44:56,457 [main] DEBUG org.activiti.engine.impl.interceptor.LogInterceptor  - --- DeleteGroupCmd finished --------------------------------------------------------
10:44:56,457 [main] DEBUG org.activiti.engine.impl.interceptor.LogInterceptor  - 

10:44:56,457 [main] DEBUG org.activiti.engine.impl.interceptor.LogInterceptor  - 

10:44:56,457 [main] DEBUG org.activiti.engine.impl.interceptor.LogInterceptor  - --- starting DeleteGroupCmd --------------------------------------------------------
10:44:56,457 [main] DEBUG org.apache.ibatis.transaction.jdbc.JdbcTransaction  - Opening JDBC Connection
10:44:56,457 [main] DEBUG org.apache.ibatis.datasource.pooled.PooledDataSource  - Checked out connection 180014677 from pool.
10:44:56,457 [main] DEBUG org.apache.ibatis.transaction.jdbc.JdbcTransaction  - Setting autocommit to false on JDBC Connection [conn3: url=jdbc:h2:mem:activiti user=SA]
10:44:56,457 [main] DEBUG org.activiti.engine.impl.persistence.entity.GroupEntity.selectGroup  - ==&gt;  Preparing: select * from ACT_ID_GROUP where ID_ = ? 
10:44:56,457 [main] DEBUG org.activiti.engine.impl.persistence.entity.GroupEntity.selectGroup  - ==&gt; Parameters: frogs(String)
10:44:56,457 [main] DEBUG org.activiti.engine.impl.persistence.entity.GroupEntity.selectGroup  - &lt;==      Total: 1
10:44:56,457 [main] DEBUG org.activiti.engine.impl.db.DbSqlSession  -   bulk delete: deleteMembershipsByGroupId(frogs)
10:44:56,457 [main] DEBUG org.activiti.engine.impl.db.DbSqlSession  -   delete org.activiti.engine.impl.persistence.entity.GroupEntity@177c41d7
10:44:56,457 [main] DEBUG org.activiti.engine.impl.db.DbSqlSession  - flush summary: 0 insert, 0 update, 2 delete.
10:44:56,457 [main] DEBUG org.activiti.engine.impl.db.DbSqlSession  - now executing flush...
10:44:56,457 [main] DEBUG org.activiti.engine.impl.db.DbSqlSession  - executing: bulk delete: deleteMembershipsByGroupId(frogs)
10:44:56,457 [main] DEBUG org.activiti.engine.impl.persistence.entity.MembershipRelation.deleteMembershipsByGroupId  - ==&gt;  Preparing: delete from ACT_ID_MEMBERSHIP where GROUP_ID_ = ? 
10:44:56,457 [main] DEBUG org.activiti.engine.impl.persistence.entity.MembershipRelation.deleteMembershipsByGroupId  - ==&gt; Parameters: frogs(String)
10:44:56,457 [main] DEBUG org.activiti.engine.impl.persistence.entity.MembershipRelation.deleteMembershipsByGroupId  - &lt;==    Updates: 0
10:44:56,457 [main] DEBUG org.activiti.engine.impl.db.DbSqlSession  - executing: delete org.activiti.engine.impl.persistence.entity.GroupEntity@177c41d7
10:44:56,457 [main] DEBUG org.activiti.engine.impl.persistence.entity.GroupEntity.deleteGroup  - ==&gt;  Preparing: delete from ACT_ID_GROUP where ID_ = ? and REV_ = ? 
10:44:56,457 [main] DEBUG org.activiti.engine.impl.persistence.entity.GroupEntity.deleteGroup  - ==&gt; Parameters: frogs(String), 1(Integer)
10:44:56,457 [main] DEBUG org.activiti.engine.impl.persistence.entity.GroupEntity.deleteGroup  - &lt;==    Updates: 1
10:44:56,457 [main] DEBUG org.activiti.engine.impl.cfg.standalone.StandaloneMybatisTransactionContext  - firing event committing...
10:44:56,457 [main] DEBUG org.activiti.engine.impl.cfg.standalone.StandaloneMybatisTransactionContext  - committing the ibatis sql session...
10:44:56,457 [main] DEBUG org.apache.ibatis.transaction.jdbc.JdbcTransaction  - Committing JDBC Connection [conn3: url=jdbc:h2:mem:activiti user=SA]
10:44:56,457 [main] DEBUG org.activiti.engine.impl.cfg.standalone.StandaloneMybatisTransactionContext  - firing event committed...
10:44:56,457 [main] DEBUG org.apache.ibatis.transaction.jdbc.JdbcTransaction  - Resetting autocommit to true on JDBC Connection [conn3: url=jdbc:h2:mem:activiti user=SA]
10:44:56,457 [main] DEBUG org.apache.ibatis.transaction.jdbc.JdbcTransaction  - Closing JDBC Connection [conn3: url=jdbc:h2:mem:activiti user=SA]
10:44:56,457 [main] DEBUG org.apache.ibatis.datasource.pooled.PooledDataSource  - Returned connection 180014677 to pool.
10:44:56,457 [main] DEBUG org.activiti.engine.impl.interceptor.LogInterceptor  - --- DeleteGroupCmd finished --------------------------------------------------------
10:44:56,457 [main] DEBUG org.activiti.engine.impl.interceptor.LogInterceptor  - 

10:44:56,457 [main] DEBUG org.activiti.engine.impl.interceptor.LogInterceptor  - 

10:44:56,457 [main] DEBUG org.activiti.engine.impl.interceptor.LogInterceptor  - --- starting DeleteGroupCmd --------------------------------------------------------
10:44:56,457 [main] DEBUG org.apache.ibatis.transaction.jdbc.JdbcTransaction  - Opening JDBC Connection
10:44:56,457 [main] DEBUG org.apache.ibatis.datasource.pooled.PooledDataSource  - Checked out connection 297240765 from pool.
10:44:56,457 [main] DEBUG org.apache.ibatis.transaction.jdbc.JdbcTransaction  - Setting autocommit to false on JDBC Connection [conn4: url=jdbc:h2:mem:activiti user=SA]
10:44:56,457 [main] DEBUG org.activiti.engine.impl.persistence.entity.GroupEntity.selectGroup  - ==&gt;  Preparing: select * from ACT_ID_GROUP where ID_ = ? 
10:44:56,457 [main] DEBUG org.activiti.engine.impl.persistence.entity.GroupEntity.selectGroup  - ==&gt; Parameters: admin(String)
10:44:56,457 [main] DEBUG org.activiti.engine.impl.persistence.entity.GroupEntity.selectGroup  - &lt;==      Total: 1
10:44:56,457 [main] DEBUG org.activiti.engine.impl.db.DbSqlSession  -   bulk delete: deleteMembershipsByGroupId(admin)
10:44:56,457 [main] DEBUG org.activiti.engine.impl.db.DbSqlSession  -   delete org.activiti.engine.impl.persistence.entity.GroupEntity@4f327096
10:44:56,457 [main] DEBUG org.activiti.engine.impl.db.DbSqlSession  - flush summary: 0 insert, 0 update, 2 delete.
10:44:56,457 [main] DEBUG org.activiti.engine.impl.db.DbSqlSession  - now executing flush...
10:44:56,457 [main] DEBUG org.activiti.engine.impl.db.DbSqlSession  - executing: bulk delete: deleteMembershipsByGroupId(admin)
10:44:56,457 [main] DEBUG org.activiti.engine.impl.persistence.entity.MembershipRelation.deleteMembershipsByGroupId  - ==&gt;  Preparing: delete from ACT_ID_MEMBERSHIP where GROUP_ID_ = ? 
10:44:56,457 [main] DEBUG org.activiti.engine.impl.persistence.entity.MembershipRelation.deleteMembershipsByGroupId  - ==&gt; Parameters: admin(String)
10:44:56,457 [main] DEBUG org.activiti.engine.impl.persistence.entity.MembershipRelation.deleteMembershipsByGroupId  - &lt;==    Updates: 0
10:44:56,457 [main] DEBUG org.activiti.engine.impl.db.DbSqlSession  - executing: delete org.activiti.engine.impl.persistence.entity.GroupEntity@4f327096
10:44:56,457 [main] DEBUG org.activiti.engine.impl.persistence.entity.GroupEntity.deleteGroup  - ==&gt;  Preparing: delete from ACT_ID_GROUP where ID_ = ? and REV_ = ? 
10:44:56,457 [main] DEBUG org.activiti.engine.impl.persistence.entity.GroupEntity.deleteGroup  - ==&gt; Parameters: admin(String), 1(Integer)
10:44:56,457 [main] DEBUG org.activiti.engine.impl.persistence.entity.GroupEntity.deleteGroup  - &lt;==    Updates: 1
10:44:56,457 [main] DEBUG org.activiti.engine.impl.cfg.standalone.StandaloneMybatisTransactionContext  - firing event committing...
10:44:56,457 [main] DEBUG org.activiti.engine.impl.cfg.standalone.StandaloneMybatisTransactionContext  - committing the ibatis sql session...
10:44:56,457 [main] DEBUG org.apache.ibatis.transaction.jdbc.JdbcTransaction  - Committing JDBC Connection [conn4: url=jdbc:h2:mem:activiti user=SA]
10:44:56,457 [main] DEBUG org.activiti.engine.impl.cfg.standalone.StandaloneMybatisTransactionContext  - firing event committed...
10:44:56,457 [main] DEBUG org.apache.ibatis.transaction.jdbc.JdbcTransaction  - Resetting autocommit to true on JDBC Connection [conn4: url=jdbc:h2:mem:activiti user=SA]
10:44:56,457 [main] DEBUG org.apache.ibatis.transaction.jdbc.JdbcTransaction  - Closing JDBC Connection [conn4: url=jdbc:h2:mem:activiti user=SA]
10:44:56,457 [main] DEBUG org.apache.ibatis.datasource.pooled.PooledDataSource  - Returned connection 297240765 to pool.
10:44:56,457 [main] DEBUG org.activiti.engine.impl.interceptor.LogInterceptor  - --- DeleteGroupCmd finished --------------------------------------------------------
10:44:56,457 [main] DEBUG org.activiti.engine.impl.interceptor.LogInterceptor  - 

10:44:56,457 [main] ERROR org.activiti.engine.impl.test.PvmTestCase  - 

10:44:56,457 [main] ERROR org.activiti.engine.impl.test.PvmTestCase  - EXCEPTION: org.apache.ibatis.exceptions.PersistenceException: 
### Error querying database.  Cause: org.h2.jdbc.JdbcSQLException: Syntax error in SQL statement &quot;SELECT RES.* 
     
    FROM ACT_ID_GROUP RES
     
      
   
     ORDER BY  ORDER[*] BY RES.TYPE_ ASC, RES.NAME_ DESC  
    LIMIT ? OFFSET ? &quot;; expected &quot;=, NOT, EXISTS, INTERSECTS, SELECT, FROM&quot;; SQL statement:
select RES.* 
     
    from ACT_ID_GROUP RES
     
      
   
     order by  order by RES.TYPE_ asc, RES.NAME_ desc  
    LIMIT ? OFFSET ? [42001-176]
### The error may exist in org/activiti/db/mapping/entity/Group.xml
### The error may involve org.activiti.engine.impl.persistence.entity.GroupEntity.selectGroupByQueryCriteria
### The error occurred while executing a query
### SQL: select RES.*            from ACT_ID_GROUP RES                       order by  order by RES.TYPE_ asc, RES.NAME_ desc       LIMIT ? OFFSET ?
### Cause: org.h2.jdbc.JdbcSQLException: Syntax error in SQL statement &quot;SELECT RES.* 
     
    FROM ACT_ID_GROUP RES
     
      
   
     ORDER BY  ORDER[*] BY RES.TYPE_ ASC, RES.NAME_ DESC  
    LIMIT ? OFFSET ? &quot;; expected &quot;=, NOT, EXISTS, INTERSECTS, SELECT, FROM&quot;; SQL statement:
select RES.* 
     
    from ACT_ID_GROUP RES
     
      
   
     order by  order by RES.TYPE_ asc, RES.NAME_ desc  
    LIMIT ? OFFSET ? [42001-176]
org.apache.ibatis.exceptions.PersistenceException: 
### Error querying database.  Cause: org.h2.jdbc.JdbcSQLException: Syntax error in SQL statement &quot;SELECT RES.* 
     
    FROM ACT_ID_GROUP RES
     
      
   
     ORDER BY  ORDER[*] BY RES.TYPE_ ASC, RES.NAME_ DESC  
    LIMIT ? OFFSET ? &quot;; expected &quot;=, NOT, EXISTS, INTERSECTS, SELECT, FROM&quot;; SQL statement:
select RES.* 
     
    from ACT_ID_GROUP RES
     
      
   
     order by  order by RES.TYPE_ asc, RES.NAME_ desc  
    LIMIT ? OFFSET ? [42001-176]
### The error may exist in org/activiti/db/mapping/entity/Group.xml
### The error may involve org.activiti.engine.impl.persistence.entity.GroupEntity.selectGroupByQueryCriteria
### The error occurred while executing a query
### SQL: select RES.*            from ACT_ID_GROUP RES                       order by  order by RES.TYPE_ asc, RES.NAME_ desc       LIMIT ? OFFSET ?
### Cause: org.h2.jdbc.JdbcSQLException: Syntax error in SQL statement &quot;SELECT RES.* 
     
    FROM ACT_ID_GROUP RES
     
      
   
     ORDER BY  ORDER[*] BY RES.TYPE_ ASC, RES.NAME_ DESC  
    LIMIT ? OFFSET ? &quot;; expected &quot;=, NOT, EXISTS, INTERSECTS, SELECT, FROM&quot;; SQL statement:
select RES.* 
     
    from ACT_ID_GROUP RES
     
      
   
     order by  order by RES.TYPE_ asc, RES.NAME_ desc  
    LIMIT ? OFFSET ? [42001-176]
	at org.apache.ibatis.exceptions.ExceptionFactory.wrapException(ExceptionFactory.java:30)
	at org.apache.ibatis.session.defaults.DefaultSqlSession.selectList(DefaultSqlSession.java:122)
	at org.apache.ibatis.session.defaults.DefaultSqlSession.selectList(DefaultSqlSession.java:113)
	at org.activiti.engine.impl.db.DbSqlSession.selectListWithRawParameter(DbSqlSession.java:438)
	at org.activiti.engine.impl.db.DbSqlSession.selectList(DbSqlSession.java:429)
	at org.activiti.engine.impl.db.DbSqlSession.selectList(DbSqlSession.java:419)
	at org.activiti.engine.impl.persistence.entity.GroupEntityManager.findGroupByQueryCriteria(GroupEntityManager.java:90)
	at org.activiti.engine.impl.GroupQueryImpl.executeList(GroupQueryImpl.java:125)
	at org.activiti.engine.impl.AbstractQuery.execute(AbstractQuery.java:164)
	at org.activiti.engine.impl.interceptor.CommandInvoker.execute(CommandInvoker.java:24)
	at org.activiti.engine.impl.interceptor.CommandContextInterceptor.execute(CommandContextInterceptor.java:57)
	at org.activiti.engine.impl.interceptor.LogInterceptor.execute(LogInterceptor.java:37)
	at org.activiti.engine.impl.cfg.CommandExecutorImpl.execute(CommandExecutorImpl.java:40)
	at org.activiti.engine.impl.cfg.CommandExecutorImpl.execute(CommandExecutorImpl.java:35)
	at org.activiti.engine.impl.AbstractQuery.list(AbstractQuery.java:138)
	at org.activiti.engine.test.api.identity.GroupQueryTest.testQuerySorting(GroupQueryTest.java:194)
	at sun.reflect.NativeMethodAccessorImpl.invoke0(Native Method)
	at sun.reflect.NativeMethodAccessorImpl.invoke(NativeMethodAccessorImpl.java:62)
	at sun.reflect.DelegatingMethodAccessorImpl.invoke(DelegatingMethodAccessorImpl.java:43)
	at java.lang.reflect.Method.invoke(Method.java:498)
	at junit.framework.TestCase.runTest(TestCase.java:176)
	at org.activiti.engine.impl.test.PvmTestCase.runTest(PvmTestCase.java:65)
	at junit.framework.TestCase.runBare(TestCase.java:141)
	at org.activiti.engine.impl.test.AbstractActivitiTestCase.runBare(AbstractActivitiTestCase.java:100)
	at junit.framework.TestResult$1.protect(TestResult.java:122)
	at junit.framework.TestResult.runProtected(TestResult.java:142)
	at junit.framework.TestResult.run(TestResult.java:125)
	at junit.framework.TestCase.run(TestCase.java:129)
	at junit.framework.TestSuite.runTest(TestSuite.java:255)
	at junit.framework.TestSuite.run(TestSuite.java:250)
	at org.junit.internal.runners.JUnit38ClassRunner.run(JUnit38ClassRunner.java:84)
	at org.apache.maven.surefire.junit4.JUnit4TestSet.execute(JUnit4TestSet.java:35)
	at org.apache.maven.surefire.junit4.JUnit4Provider.executeTestSet(JUnit4Provider.java:146)
	at org.apache.maven.surefire.junit4.JUnit4Provider.invoke(JUnit4Provider.java:97)
	at sun.reflect.NativeMethodAccessorImpl.invoke0(Native Method)
	at sun.reflect.NativeMethodAccessorImpl.invoke(NativeMethodAccessorImpl.java:62)
	at sun.reflect.DelegatingMethodAccessorImpl.invoke(DelegatingMethodAccessorImpl.java:43)
	at java.lang.reflect.Method.invoke(Method.java:498)
	at org.apache.maven.surefire.booter.ProviderFactory$ClassLoaderProxy.invoke(ProviderFactory.java:103)
	at com.sun.proxy.$Proxy0.invoke(Unknown Source)
	at org.apache.maven.surefire.booter.SurefireStarter.invokeProvider(SurefireStarter.java:145)
	at org.apache.maven.surefire.booter.SurefireStarter.runSuitesInProcess(SurefireStarter.java:87)
	at org.apache.maven.surefire.booter.ForkedBooter.main(ForkedBooter.java:69)
Caused by: org.h2.jdbc.JdbcSQLException: Syntax error in SQL statement &quot;SELECT RES.* 
     
    FROM ACT_ID_GROUP RES
     
      
   
     ORDER BY  ORDER[*] BY RES.TYPE_ ASC, RES.NAME_ DESC  
    LIMIT ? OFFSET ? &quot;; expected &quot;=, NOT, EXISTS, INTERSECTS, SELECT, FROM&quot;; SQL statement:
select RES.* 
     
    from ACT_ID_GROUP RES
     
      
   
     order by  order by RES.TYPE_ asc, RES.NAME_ desc  
    LIMIT ? OFFSET ? [42001-176]
	at org.h2.message.DbException.getJdbcSQLException(DbException.java:344)
	at org.h2.message.DbException.getSyntaxError(DbException.java:204)
	at org.h2.command.Parser.getSyntaxError(Parser.java:524)
	at org.h2.command.Parser.readTerm(Parser.java:2688)
	at org.h2.command.Parser.readFactor(Parser.java:2244)
	at org.h2.command.Parser.readSum(Parser.java:2231)
	at org.h2.command.Parser.readConcat(Parser.java:2201)
	at org.h2.command.Parser.readCondition(Parser.java:2051)
	at org.h2.command.Parser.readAnd(Parser.java:2023)
	at org.h2.command.Parser.readExpression(Parser.java:2015)
	at org.h2.command.Parser.parseEndOfQuery(Parser.java:1726)
	at org.h2.command.Parser.parseSelectUnionExtension(Parser.java:1706)
	at org.h2.command.Parser.parseSelectUnion(Parser.java:1675)
	at org.h2.command.Parser.parseSelect(Parser.java:1662)
	at org.h2.command.Parser.parsePrepared(Parser.java:434)
	at org.h2.command.Parser.parse(Parser.java:306)
	at org.h2.command.Parser.parse(Parser.java:282)
	at org.h2.command.Parser.prepareCommand(Parser.java:243)
	at org.h2.engine.Session.prepareLocal(Session.java:442)
	at org.h2.engine.Session.prepareCommand(Session.java:384)
	at org.h2.jdbc.JdbcConnection.prepareCommand(JdbcConnection.java:1188)
	at org.h2.jdbc.JdbcPreparedStatement.&lt;init&gt;(JdbcPreparedStatement.java:73)
	at org.h2.jdbc.JdbcConnection.prepareStatement(JdbcConnection.java:276)
	at sun.reflect.GeneratedMethodAccessor6.invoke(Unknown Source)
	at sun.reflect.DelegatingMethodAccessorImpl.invoke(DelegatingMethodAccessorImpl.java:43)
	at java.lang.reflect.Method.invoke(Method.java:498)
	at org.apache.ibatis.datasource.pooled.PooledConnection.invoke(PooledConnection.java:245)
	at com.sun.proxy.$Proxy12.prepareStatement(Unknown Source)
	at sun.reflect.GeneratedMethodAccessor6.invoke(Unknown Source)
	at sun.reflect.DelegatingMethodAccessorImpl.invoke(DelegatingMethodAccessorImpl.java:43)
	at java.lang.reflect.Method.invoke(Method.java:498)
	at org.apache.ibatis.logging.jdbc.ConnectionLogger.invoke(ConnectionLogger.java:55)
	at com.sun.proxy.$Proxy12.prepareStatement(Unknown Source)
	at org.apache.ibatis.executor.statement.PreparedStatementHandler.instantiateStatement(PreparedStatementHandler.java:79)
	at org.apache.ibatis.executor.statement.BaseStatementHandler.prepare(BaseStatementHandler.java:88)
	at org.apache.ibatis.executor.statement.RoutingStatementHandler.prepare(RoutingStatementHandler.java:58)
	at org.apache.ibatis.executor.SimpleExecutor.prepareStatement(SimpleExecutor.java:76)
	at org.apache.ibatis.executor.SimpleExecutor.doQuery(SimpleExecutor.java:61)
	at org.apache.ibatis.executor.BaseExecutor.queryFromDatabase(BaseExecutor.java:303)
	at org.apache.ibatis.executor.BaseExecutor.query(BaseExecutor.java:154)
	at org.apache.ibatis.executor.CachingExecutor.query(CachingExecutor.java:102)
	at org.apache.ibatis.executor.CachingExecutor.query(CachingExecutor.java:82)
	at org.apache.ibatis.session.defaults.DefaultSqlSession.selectList(DefaultSqlSession.java:120)
	... 41 more
10:44:56,457 [main] DEBUG org.activiti.engine.impl.test.PvmTestCase  - verifying that db is clean after test
10:44:56,457 [main] DEBUG org.activiti.engine.impl.interceptor.LogInterceptor  - 

10:44:56,457 [main] DEBUG org.activiti.engine.impl.interceptor.LogInterceptor  - --- starting GetTableCountCmd --------------------------------------------------------
10:44:56,457 [main] DEBUG org.apache.ibatis.transaction.jdbc.JdbcTransaction  - Opening JDBC Connection
10:44:56,457 [main] DEBUG org.apache.ibatis.datasource.pooled.PooledDataSource  - Checked out connection 363509958 from pool.
10:44:56,457 [main] DEBUG org.apache.ibatis.transaction.jdbc.JdbcTransaction  - Setting autocommit to false on JDBC Connection [conn2: url=jdbc:h2:mem:activiti user=SA]
10:44:56,458 [main] DEBUG org.activiti.engine.impl.persistence.entity.TableDataManager  - retrieving activiti tables from jdbc metadata
10:44:56,458 [main] DEBUG org.activiti.engine.impl.persistence.entity.TableDataManager  -   retrieved activiti table name ACT_EVT_LOG
10:44:56,458 [main] DEBUG org.activiti.engine.impl.persistence.entity.TableDataManager  -   retrieved activiti table name ACT_GE_BYTEARRAY
10:44:56,458 [main] DEBUG org.activiti.engine.impl.persistence.entity.TableDataManager  -   retrieved activiti table name ACT_GE_PROPERTY
10:44:56,458 [main] DEBUG org.activiti.engine.impl.persistence.entity.TableDataManager  -   retrieved activiti table name ACT_HI_ACTINST
10:44:56,458 [main] DEBUG org.activiti.engine.impl.persistence.entity.TableDataManager  -   retrieved activiti table name ACT_HI_ATTACHMENT
10:44:56,458 [main] DEBUG org.activiti.engine.impl.persistence.entity.TableDataManager  -   retrieved activiti table name ACT_HI_COMMENT
10:44:56,458 [main] DEBUG org.activiti.engine.impl.persistence.entity.TableDataManager  -   retrieved activiti table name ACT_HI_DETAIL
10:44:56,458 [main] DEBUG org.activiti.engine.impl.persistence.entity.TableDataManager  -   retrieved activiti table name ACT_HI_IDENTITYLINK
10:44:56,458 [main] DEBUG org.activiti.engine.impl.persistence.entity.TableDataManager  -   retrieved activiti table name ACT_HI_PROCINST
10:44:56,458 [main] DEBUG org.activiti.engine.impl.persistence.entity.TableDataManager  -   retrieved activiti table name ACT_HI_TASKINST
10:44:56,458 [main] DEBUG org.activiti.engine.impl.persistence.entity.TableDataManager  -   retrieved activiti table name ACT_HI_VARINST
10:44:56,458 [main] DEBUG org.activiti.engine.impl.persistence.entity.TableDataManager  -   retrieved activiti table name ACT_ID_GROUP
10:44:56,458 [main] DEBUG org.activiti.engine.impl.persistence.entity.TableDataManager  -   retrieved activiti table name ACT_ID_INFO
10:44:56,458 [main] DEBUG org.activiti.engine.impl.persistence.entity.TableDataManager  -   retrieved activiti table name ACT_ID_MEMBERSHIP
10:44:56,458 [main] DEBUG org.activiti.engine.impl.persistence.entity.TableDataManager  -   retrieved activiti table name ACT_ID_USER
10:44:56,458 [main] DEBUG org.activiti.engine.impl.persistence.entity.TableDataManager  -   retrieved activiti table name ACT_PROCDEF_INFO
10:44:56,458 [main] DEBUG org.activiti.engine.impl.persistence.entity.TableDataManager  -   retrieved activiti table name ACT_RE_DEPLOYMENT
10:44:56,458 [main] DEBUG org.activiti.engine.impl.persistence.entity.TableDataManager  -   retrieved activiti table name ACT_RE_MODEL
10:44:56,458 [main] DEBUG org.activiti.engine.impl.persistence.entity.TableDataManager  -   retrieved activiti table name ACT_RE_PROCDEF
10:44:56,458 [main] DEBUG org.activiti.engine.impl.persistence.entity.TableDataManager  -   retrieved activiti table name ACT_RU_EVENT_SUBSCR
10:44:56,458 [main] DEBUG org.activiti.engine.impl.persistence.entity.TableDataManager  -   retrieved activiti table name ACT_RU_EXECUTION
10:44:56,458 [main] DEBUG org.activiti.engine.impl.persistence.entity.TableDataManager  -   retrieved activiti table name ACT_RU_IDENTITYLINK
10:44:56,458 [main] DEBUG org.activiti.engine.impl.persistence.entity.TableDataManager  -   retrieved activiti table name ACT_RU_JOB
10:44:56,458 [main] DEBUG org.activiti.engine.impl.persistence.entity.TableDataManager  -   retrieved activiti table name ACT_RU_TASK
10:44:56,458 [main] DEBUG org.activiti.engine.impl.persistence.entity.TableDataManager  -   retrieved activiti table name ACT_RU_VARIABLE
10:44:56,458 [main] DEBUG org.activiti.engine.impl.persistence.entity.TableDataManager  - selecting table count for ACT_EVT_LOG
10:44:56,458 [main] DEBUG org.activiti.engine.impl.TablePageMap.selectTableCount  - ==&gt;  Preparing: select count(*) from ACT_EVT_LOG 
10:44:56,458 [main] DEBUG org.activiti.engine.impl.TablePageMap.selectTableCount  - ==&gt; Parameters: 
10:44:56,458 [main] DEBUG org.activiti.engine.impl.TablePageMap.selectTableCount  - &lt;==      Total: 1
10:44:56,458 [main] DEBUG org.activiti.engine.impl.persistence.entity.TableDataManager  - selecting table count for ACT_GE_BYTEARRAY
10:44:56,458 [main] DEBUG org.activiti.engine.impl.TablePageMap.selectTableCount  - ==&gt;  Preparing: select count(*) from ACT_GE_BYTEARRAY 
10:44:56,458 [main] DEBUG org.activiti.engine.impl.TablePageMap.selectTableCount  - ==&gt; Parameters: 
10:44:56,458 [main] DEBUG org.activiti.engine.impl.TablePageMap.selectTableCount  - &lt;==      Total: 1
10:44:56,458 [main] DEBUG org.activiti.engine.impl.persistence.entity.TableDataManager  - selecting table count for ACT_GE_PROPERTY
10:44:56,458 [main] DEBUG org.activiti.engine.impl.TablePageMap.selectTableCount  - ==&gt;  Preparing: select count(*) from ACT_GE_PROPERTY 
10:44:56,458 [main] DEBUG org.activiti.engine.impl.TablePageMap.selectTableCount  - ==&gt; Parameters: 
10:44:56,458 [main] DEBUG org.activiti.engine.impl.TablePageMap.selectTableCount  - &lt;==      Total: 1
10:44:56,458 [main] DEBUG org.activiti.engine.impl.persistence.entity.TableDataManager  - selecting table count for ACT_HI_ACTINST
10:44:56,458 [main] DEBUG org.activiti.engine.impl.TablePageMap.selectTableCount  - ==&gt;  Preparing: select count(*) from ACT_HI_ACTINST 
10:44:56,458 [main] DEBUG org.activiti.engine.impl.TablePageMap.selectTableCount  - ==&gt; Parameters: 
10:44:56,458 [main] DEBUG org.activiti.engine.impl.TablePageMap.selectTableCount  - &lt;==      Total: 1
10:44:56,458 [main] DEBUG org.activiti.engine.impl.persistence.entity.TableDataManager  - selecting table count for ACT_HI_ATTACHMENT
10:44:56,458 [main] DEBUG org.activiti.engine.impl.TablePageMap.selectTableCount  - ==&gt;  Preparing: select count(*) from ACT_HI_ATTACHMENT 
10:44:56,458 [main] DEBUG org.activiti.engine.impl.TablePageMap.selectTableCount  - ==&gt; Parameters: 
10:44:56,458 [main] DEBUG org.activiti.engine.impl.TablePageMap.selectTableCount  - &lt;==      Total: 1
10:44:56,458 [main] DEBUG org.activiti.engine.impl.persistence.entity.TableDataManager  - selecting table count for ACT_HI_COMMENT
10:44:56,458 [main] DEBUG org.activiti.engine.impl.TablePageMap.selectTableCount  - ==&gt;  Preparing: select count(*) from ACT_HI_COMMENT 
10:44:56,458 [main] DEBUG org.activiti.engine.impl.TablePageMap.selectTableCount  - ==&gt; Parameters: 
10:44:56,458 [main] DEBUG org.activiti.engine.impl.TablePageMap.selectTableCount  - &lt;==      Total: 1
10:44:56,458 [main] DEBUG org.activiti.engine.impl.persistence.entity.TableDataManager  - selecting table count for ACT_HI_DETAIL
10:44:56,458 [main] DEBUG org.activiti.engine.impl.TablePageMap.selectTableCount  - ==&gt;  Preparing: select count(*) from ACT_HI_DETAIL 
10:44:56,458 [main] DEBUG org.activiti.engine.impl.TablePageMap.selectTableCount  - ==&gt; Parameters: 
10:44:56,459 [main] DEBUG org.activiti.engine.impl.TablePageMap.selectTableCount  - &lt;==      Total: 1
10:44:56,459 [main] DEBUG org.activiti.engine.impl.persistence.entity.TableDataManager  - selecting table count for ACT_HI_IDENTITYLINK
10:44:56,459 [main] DEBUG org.activiti.engine.impl.TablePageMap.selectTableCount  - ==&gt;  Preparing: select count(*) from ACT_HI_IDENTITYLINK 
10:44:56,459 [main] DEBUG org.activiti.engine.impl.TablePageMap.selectTableCount  - ==&gt; Parameters: 
10:44:56,459 [main] DEBUG org.activiti.engine.impl.TablePageMap.selectTableCount  - &lt;==      Total: 1
10:44:56,459 [main] DEBUG org.activiti.engine.impl.persistence.entity.TableDataManager  - selecting table count for ACT_HI_PROCINST
10:44:56,459 [main] DEBUG org.activiti.engine.impl.TablePageMap.selectTableCount  - ==&gt;  Preparing: select count(*) from ACT_HI_PROCINST 
10:44:56,459 [main] DEBUG org.activiti.engine.impl.TablePageMap.selectTableCount  - ==&gt; Parameters: 
10:44:56,459 [main] DEBUG org.activiti.engine.impl.TablePageMap.selectTableCount  - &lt;==      Total: 1
10:44:56,459 [main] DEBUG org.activiti.engine.impl.persistence.entity.TableDataManager  - selecting table count for ACT_HI_TASKINST
10:44:56,459 [main] DEBUG org.activiti.engine.impl.TablePageMap.selectTableCount  - ==&gt;  Preparing: select count(*) from ACT_HI_TASKINST 
10:44:56,459 [main] DEBUG org.activiti.engine.impl.TablePageMap.selectTableCount  - ==&gt; Parameters: 
10:44:56,459 [main] DEBUG org.activiti.engine.impl.TablePageMap.selectTableCount  - &lt;==      Total: 1
10:44:56,459 [main] DEBUG org.activiti.engine.impl.persistence.entity.TableDataManager  - selecting table count for ACT_HI_VARINST
10:44:56,459 [main] DEBUG org.activiti.engine.impl.TablePageMap.selectTableCount  - ==&gt;  Preparing: select count(*) from ACT_HI_VARINST 
10:44:56,459 [main] DEBUG org.activiti.engine.impl.TablePageMap.selectTableCount  - ==&gt; Parameters: 
10:44:56,459 [main] DEBUG org.activiti.engine.impl.TablePageMap.selectTableCount  - &lt;==      Total: 1
10:44:56,459 [main] DEBUG org.activiti.engine.impl.persistence.entity.TableDataManager  - selecting table count for ACT_ID_GROUP
10:44:56,459 [main] DEBUG org.activiti.engine.impl.TablePageMap.selectTableCount  - ==&gt;  Preparing: select count(*) from ACT_ID_GROUP 
10:44:56,459 [main] DEBUG org.activiti.engine.impl.TablePageMap.selectTableCount  - ==&gt; Parameters: 
10:44:56,459 [main] DEBUG org.activiti.engine.impl.TablePageMap.selectTableCount  - &lt;==      Total: 1
10:44:56,459 [main] DEBUG org.activiti.engine.impl.persistence.entity.TableDataManager  - selecting table count for ACT_ID_INFO
10:44:56,459 [main] DEBUG org.activiti.engine.impl.TablePageMap.selectTableCount  - ==&gt;  Preparing: select count(*) from ACT_ID_INFO 
10:44:56,459 [main] DEBUG org.activiti.engine.impl.TablePageMap.selectTableCount  - ==&gt; Parameters: 
10:44:56,459 [main] DEBUG org.activiti.engine.impl.TablePageMap.selectTableCount  - &lt;==      Total: 1
10:44:56,459 [main] DEBUG org.activiti.engine.impl.persistence.entity.TableDataManager  - selecting table count for ACT_ID_MEMBERSHIP
10:44:56,459 [main] DEBUG org.activiti.engine.impl.TablePageMap.selectTableCount  - ==&gt;  Preparing: select count(*) from ACT_ID_MEMBERSHIP 
10:44:56,459 [main] DEBUG org.activiti.engine.impl.TablePageMap.selectTableCount  - ==&gt; Parameters: 
10:44:56,459 [main] DEBUG org.activiti.engine.impl.TablePageMap.selectTableCount  - &lt;==      Total: 1
10:44:56,459 [main] DEBUG org.activiti.engine.impl.persistence.entity.TableDataManager  - selecting table count for ACT_ID_USER
10:44:56,459 [main] DEBUG org.activiti.engine.impl.TablePageMap.selectTableCount  - ==&gt;  Preparing: select count(*) from ACT_ID_USER 
10:44:56,459 [main] DEBUG org.activiti.engine.impl.TablePageMap.selectTableCount  - ==&gt; Parameters: 
10:44:56,459 [main] DEBUG org.activiti.engine.impl.TablePageMap.selectTableCount  - &lt;==      Total: 1
10:44:56,459 [main] DEBUG org.activiti.engine.impl.persistence.entity.TableDataManager  - selecting table count for ACT_PROCDEF_INFO
10:44:56,459 [main] DEBUG org.activiti.engine.impl.TablePageMap.selectTableCount  - ==&gt;  Preparing: select count(*) from ACT_PROCDEF_INFO 
10:44:56,459 [main] DEBUG org.activiti.engine.impl.TablePageMap.selectTableCount  - ==&gt; Parameters: 
10:44:56,459 [main] DEBUG org.activiti.engine.impl.TablePageMap.selectTableCount  - &lt;==      Total: 1
10:44:56,459 [main] DEBUG org.activiti.engine.impl.persistence.entity.TableDataManager  - selecting table count for ACT_RE_DEPLOYMENT
10:44:56,459 [main] DEBUG org.activiti.engine.impl.TablePageMap.selectTableCount  - ==&gt;  Preparing: select count(*) from ACT_RE_DEPLOYMENT 
10:44:56,459 [main] DEBUG org.activiti.engine.impl.TablePageMap.selectTableCount  - ==&gt; Parameters: 
10:44:56,459 [main] DEBUG org.activiti.engine.impl.TablePageMap.selectTableCount  - &lt;==      Total: 1
10:44:56,459 [main] DEBUG org.activiti.engine.impl.persistence.entity.TableDataManager  - selecting table count for ACT_RE_MODEL
10:44:56,459 [main] DEBUG org.activiti.engine.impl.TablePageMap.selectTableCount  - ==&gt;  Preparing: select count(*) from ACT_RE_MODEL 
10:44:56,459 [main] DEBUG org.activiti.engine.impl.TablePageMap.selectTableCount  - ==&gt; Parameters: 
10:44:56,459 [main] DEBUG org.activiti.engine.impl.TablePageMap.selectTableCount  - &lt;==      Total: 1
10:44:56,459 [main] DEBUG org.activiti.engine.impl.persistence.entity.TableDataManager  - selecting table count for ACT_RE_PROCDEF
10:44:56,459 [main] DEBUG org.activiti.engine.impl.TablePageMap.selectTableCount  - ==&gt;  Preparing: select count(*) from ACT_RE_PROCDEF 
10:44:56,459 [main] DEBUG org.activiti.engine.impl.TablePageMap.selectTableCount  - ==&gt; Parameters: 
10:44:56,459 [main] DEBUG org.activiti.engine.impl.TablePageMap.selectTableCount  - &lt;==      Total: 1
10:44:56,459 [main] DEBUG org.activiti.engine.impl.persistence.entity.TableDataManager  - selecting table count for ACT_RU_EVENT_SUBSCR
10:44:56,459 [main] DEBUG org.activiti.engine.impl.TablePageMap.selectTableCount  - ==&gt;  Preparing: select count(*) from ACT_RU_EVENT_SUBSCR 
10:44:56,459 [main] DEBUG org.activiti.engine.impl.TablePageMap.selectTableCount  - ==&gt; Parameters: 
10:44:56,459 [main] DEBUG org.activiti.engine.impl.TablePageMap.selectTableCount  - &lt;==      Total: 1
10:44:56,459 [main] DEBUG org.activiti.engine.impl.persistence.entity.TableDataManager  - selecting table count for ACT_RU_EXECUTION
10:44:56,459 [main] DEBUG org.activiti.engine.impl.TablePageMap.selectTableCount  - ==&gt;  Preparing: select count(*) from ACT_RU_EXECUTION 
10:44:56,459 [main] DEBUG org.activiti.engine.impl.TablePageMap.selectTableCount  - ==&gt; Parameters: 
10:44:56,459 [main] DEBUG org.activiti.engine.impl.TablePageMap.selectTableCount  - &lt;==      Total: 1
10:44:56,459 [main] DEBUG org.activiti.engine.impl.persistence.entity.TableDataManager  - selecting table count for ACT_RU_IDENTITYLINK
10:44:56,459 [main] DEBUG org.activiti.engine.impl.TablePageMap.selectTableCount  - ==&gt;  Preparing: select count(*) from ACT_RU_IDENTITYLINK 
10:44:56,459 [main] DEBUG org.activiti.engine.impl.TablePageMap.selectTableCount  - ==&gt; Parameters: 
10:44:56,459 [main] DEBUG org.activiti.engine.impl.TablePageMap.selectTableCount  - &lt;==      Total: 1
10:44:56,459 [main] DEBUG org.activiti.engine.impl.persistence.entity.TableDataManager  - selecting table count for ACT_RU_JOB
10:44:56,459 [main] DEBUG org.activiti.engine.impl.TablePageMap.selectTableCount  - ==&gt;  Preparing: select count(*) from ACT_RU_JOB 
10:44:56,459 [main] DEBUG org.activiti.engine.impl.TablePageMap.selectTableCount  - ==&gt; Parameters: 
10:44:56,459 [main] DEBUG org.activiti.engine.impl.TablePageMap.selectTableCount  - &lt;==      Total: 1
10:44:56,459 [main] DEBUG org.activiti.engine.impl.persistence.entity.TableDataManager  - selecting table count for ACT_RU_TASK
10:44:56,459 [main] DEBUG org.activiti.engine.impl.TablePageMap.selectTableCount  - ==&gt;  Preparing: select count(*) from ACT_RU_TASK 
10:44:56,459 [main] DEBUG org.activiti.engine.impl.TablePageMap.selectTableCount  - ==&gt; Parameters: 
10:44:56,459 [main] DEBUG org.activiti.engine.impl.TablePageMap.selectTableCount  - &lt;==      Total: 1
10:44:56,459 [main] DEBUG org.activiti.engine.impl.persistence.entity.TableDataManager  - selecting table count for ACT_RU_VARIABLE
10:44:56,459 [main] DEBUG org.activiti.engine.impl.TablePageMap.selectTableCount  - ==&gt;  Preparing: select count(*) from ACT_RU_VARIABLE 
10:44:56,459 [main] DEBUG org.activiti.engine.impl.TablePageMap.selectTableCount  - ==&gt; Parameters: 
10:44:56,459 [main] DEBUG org.activiti.engine.impl.TablePageMap.selectTableCount  - &lt;==      Total: 1
10:44:56,459 [main] DEBUG org.activiti.engine.impl.persistence.entity.TableDataManager  - Number of rows per activiti table: {ACT_RU_EVENT_SUBSCR=0, ACT_ID_USER=0, ACT_HI_ATTACHMENT=0, ACT_GE_BYTEARRAY=0, ACT_RE_MODEL=0, ACT_RU_VARIABLE=0, ACT_RU_TASK=0, ACT_RE_DEPLOYMENT=0, ACT_RE_PROCDEF=0, ACT_ID_GROUP=0, ACT_HI_VARINST=0, ACT_HI_COMMENT=0, ACT_HI_PROCINST=0, ACT_ID_INFO=0, ACT_ID_MEMBERSHIP=0, ACT_RU_JOB=0, ACT_PROCDEF_INFO=0, ACT_HI_ACTINST=0, ACT_RU_EXECUTION=0, ACT_HI_TASKINST=0, ACT_HI_DETAIL=0, ACT_EVT_LOG=0, ACT_HI_IDENTITYLINK=0, ACT_RU_IDENTITYLINK=0, ACT_GE_PROPERTY=3}
10:44:56,459 [main] DEBUG org.activiti.engine.impl.db.DbSqlSession  - flush summary: 0 insert, 0 update, 0 delete.
10:44:56,459 [main] DEBUG org.activiti.engine.impl.db.DbSqlSession  - now executing flush...
10:44:56,459 [main] DEBUG org.activiti.engine.impl.cfg.standalone.StandaloneMybatisTransactionContext  - firing event committing...
10:44:56,459 [main] DEBUG org.activiti.engine.impl.cfg.standalone.StandaloneMybatisTransactionContext  - committing the ibatis sql session...
10:44:56,459 [main] DEBUG org.activiti.engine.impl.cfg.standalone.StandaloneMybatisTransactionContext  - firing event committed...
10:44:56,459 [main] DEBUG org.apache.ibatis.transaction.jdbc.JdbcTransaction  - Resetting autocommit to true on JDBC Connection [conn2: url=jdbc:h2:mem:activiti user=SA]
10:44:56,459 [main] DEBUG org.apache.ibatis.transaction.jdbc.JdbcTransaction  - Closing JDBC Connection [conn2: url=jdbc:h2:mem:activiti user=SA]
10:44:56,459 [main] DEBUG org.apache.ibatis.datasource.pooled.PooledDataSource  - Returned connection 363509958 to pool.
10:44:56,459 [main] DEBUG org.activiti.engine.impl.interceptor.LogInterceptor  - --- GetTableCountCmd finished --------------------------------------------------------
10:44:56,459 [main] DEBUG org.activiti.engine.impl.interceptor.LogInterceptor  - 

10:44:56,459 [main] INFO  org.activiti.engine.impl.test.PvmTestCase  - database was clean
</system-out>
  </testcase>
  <testcase classname="org.activiti.engine.test.api.identity.GroupQueryTest" name="testQueryByMember" time="0.009">
    <error message="
### Error querying database.  Cause: org.h2.jdbc.JdbcSQLException: Syntax error in SQL statement &quot;SELECT RES.* 
     
    FROM ACT_ID_GROUP RES
     
      INNER JOIN ACT_ID_MEMBERSHIP M ON RES.ID_ = M.GROUP_ID_
      INNER JOIN ACT_ID_USER U ON M.USER_ID_ = U.ID_
     
     WHERE  U.ID_ = ? 
   
     ORDER BY  ORDER[*] BY RES.ID_ ASC  
    LIMIT ? OFFSET ? &quot;; expected &quot;=, NOT, EXISTS, INTERSECTS, SELECT, FROM&quot;; SQL statement:
select RES.* 
     
    from ACT_ID_GROUP RES
     
      inner join ACT_ID_MEMBERSHIP M on RES.ID_ = M.GROUP_ID_
      inner join ACT_ID_USER U on M.USER_ID_ = U.ID_
     
     WHERE  U.ID_ = ? 
   
     order by  order by RES.ID_ asc  
    LIMIT ? OFFSET ? [42001-176]
### The error may exist in org/activiti/db/mapping/entity/Group.xml
### The error may involve org.activiti.engine.impl.persistence.entity.GroupEntity.selectGroupByQueryCriteria
### The error occurred while executing a query
### SQL: select RES.*            from ACT_ID_GROUP RES             inner join ACT_ID_MEMBERSHIP M on RES.ID_ = M.GROUP_ID_       inner join ACT_ID_USER U on M.USER_ID_ = U.ID_            WHERE  U.ID_ = ?           order by  order by RES.ID_ asc       LIMIT ? OFFSET ?
### Cause: org.h2.jdbc.JdbcSQLException: Syntax error in SQL statement &quot;SELECT RES.* 
     
    FROM ACT_ID_GROUP RES
     
      INNER JOIN ACT_ID_MEMBERSHIP M ON RES.ID_ = M.GROUP_ID_
      INNER JOIN ACT_ID_USER U ON M.USER_ID_ = U.ID_
     
     WHERE  U.ID_ = ? 
   
     ORDER BY  ORDER[*] BY RES.ID_ ASC  
    LIMIT ? OFFSET ? &quot;; expected &quot;=, NOT, EXISTS, INTERSECTS, SELECT, FROM&quot;; SQL statement:
select RES.* 
     
    from ACT_ID_GROUP RES
     
      inner join ACT_ID_MEMBERSHIP M on RES.ID_ = M.GROUP_ID_
      inner join ACT_ID_USER U on M.USER_ID_ = U.ID_
     
     WHERE  U.ID_ = ? 
   
     order by  order by RES.ID_ asc  
    LIMIT ? OFFSET ? [42001-176]" type="org.apache.ibatis.exceptions.PersistenceException">org.apache.ibatis.exceptions.PersistenceException: 
### Error querying database.  Cause: org.h2.jdbc.JdbcSQLException: Syntax error in SQL statement &quot;SELECT RES.* 
     
    FROM ACT_ID_GROUP RES
     
      INNER JOIN ACT_ID_MEMBERSHIP M ON RES.ID_ = M.GROUP_ID_
      INNER JOIN ACT_ID_USER U ON M.USER_ID_ = U.ID_
     
     WHERE  U.ID_ = ? 
   
     ORDER BY  ORDER[*] BY RES.ID_ ASC  
    LIMIT ? OFFSET ? &quot;; expected &quot;=, NOT, EXISTS, INTERSECTS, SELECT, FROM&quot;; SQL statement:
select RES.* 
     
    from ACT_ID_GROUP RES
     
      inner join ACT_ID_MEMBERSHIP M on RES.ID_ = M.GROUP_ID_
      inner join ACT_ID_USER U on M.USER_ID_ = U.ID_
     
     WHERE  U.ID_ = ? 
   
     order by  order by RES.ID_ asc  
    LIMIT ? OFFSET ? [42001-176]
### The error may exist in org/activiti/db/mapping/entity/Group.xml
### The error may involve org.activiti.engine.impl.persistence.entity.GroupEntity.selectGroupByQueryCriteria
### The error occurred while executing a query
### SQL: select RES.*            from ACT_ID_GROUP RES             inner join ACT_ID_MEMBERSHIP M on RES.ID_ = M.GROUP_ID_       inner join ACT_ID_USER U on M.USER_ID_ = U.ID_            WHERE  U.ID_ = ?           order by  order by RES.ID_ asc       LIMIT ? OFFSET ?
### Cause: org.h2.jdbc.JdbcSQLException: Syntax error in SQL statement &quot;SELECT RES.* 
     
    FROM ACT_ID_GROUP RES
     
      INNER JOIN ACT_ID_MEMBERSHIP M ON RES.ID_ = M.GROUP_ID_
      INNER JOIN ACT_ID_USER U ON M.USER_ID_ = U.ID_
     
     WHERE  U.ID_ = ? 
   
     ORDER BY  ORDER[*] BY RES.ID_ ASC  
    LIMIT ? OFFSET ? &quot;; expected &quot;=, NOT, EXISTS, INTERSECTS, SELECT, FROM&quot;; SQL statement:
select RES.* 
     
    from ACT_ID_GROUP RES
     
      inner join ACT_ID_MEMBERSHIP M on RES.ID_ = M.GROUP_ID_
      inner join ACT_ID_USER U on M.USER_ID_ = U.ID_
     
     WHERE  U.ID_ = ? 
   
     order by  order by RES.ID_ asc  
    LIMIT ? OFFSET ? [42001-176]
	at org.apache.ibatis.exceptions.ExceptionFactory.wrapException(ExceptionFactory.java:30)
	at org.apache.ibatis.session.defaults.DefaultSqlSession.selectList(DefaultSqlSession.java:122)
	at org.apache.ibatis.session.defaults.DefaultSqlSession.selectList(DefaultSqlSession.java:113)
	at org.activiti.engine.impl.db.DbSqlSession.selectListWithRawParameter(DbSqlSession.java:438)
	at org.activiti.engine.impl.db.DbSqlSession.selectList(DbSqlSession.java:429)
	at org.activiti.engine.impl.db.DbSqlSession.selectList(DbSqlSession.java:419)
	at org.activiti.engine.impl.persistence.entity.GroupEntityManager.findGroupByQueryCriteria(GroupEntityManager.java:90)
	at org.activiti.engine.impl.GroupQueryImpl.executeList(GroupQueryImpl.java:125)
	at org.activiti.engine.impl.AbstractQuery.execute(AbstractQuery.java:164)
	at org.activiti.engine.impl.interceptor.CommandInvoker.execute(CommandInvoker.java:24)
	at org.activiti.engine.impl.interceptor.CommandContextInterceptor.execute(CommandContextInterceptor.java:57)
	at org.activiti.engine.impl.interceptor.LogInterceptor.execute(LogInterceptor.java:37)
	at org.activiti.engine.impl.cfg.CommandExecutorImpl.execute(CommandExecutorImpl.java:40)
	at org.activiti.engine.impl.cfg.CommandExecutorImpl.execute(CommandExecutorImpl.java:35)
	at org.activiti.engine.impl.AbstractQuery.list(AbstractQuery.java:138)
	at org.activiti.engine.test.api.identity.GroupQueryTest.verifyQueryResults(GroupQueryTest.java:221)
	at org.activiti.engine.test.api.identity.GroupQueryTest.testQueryByMember(GroupQueryTest.java:152)
	at sun.reflect.NativeMethodAccessorImpl.invoke0(Native Method)
	at sun.reflect.NativeMethodAccessorImpl.invoke(NativeMethodAccessorImpl.java:62)
	at sun.reflect.DelegatingMethodAccessorImpl.invoke(DelegatingMethodAccessorImpl.java:43)
	at java.lang.reflect.Method.invoke(Method.java:498)
	at junit.framework.TestCase.runTest(TestCase.java:176)
	at org.activiti.engine.impl.test.PvmTestCase.runTest(PvmTestCase.java:65)
	at junit.framework.TestCase.runBare(TestCase.java:141)
	at org.activiti.engine.impl.test.AbstractActivitiTestCase.runBare(AbstractActivitiTestCase.java:100)
	at junit.framework.TestResult$1.protect(TestResult.java:122)
	at junit.framework.TestResult.runProtected(TestResult.java:142)
	at junit.framework.TestResult.run(TestResult.java:125)
	at junit.framework.TestCase.run(TestCase.java:129)
	at junit.framework.TestSuite.runTest(TestSuite.java:255)
	at junit.framework.TestSuite.run(TestSuite.java:250)
	at org.junit.internal.runners.JUnit38ClassRunner.run(JUnit38ClassRunner.java:84)
	at org.apache.maven.surefire.junit4.JUnit4TestSet.execute(JUnit4TestSet.java:35)
	at org.apache.maven.surefire.junit4.JUnit4Provider.executeTestSet(JUnit4Provider.java:146)
	at org.apache.maven.surefire.junit4.JUnit4Provider.invoke(JUnit4Provider.java:97)
	at sun.reflect.NativeMethodAccessorImpl.invoke0(Native Method)
	at sun.reflect.NativeMethodAccessorImpl.invoke(NativeMethodAccessorImpl.java:62)
	at sun.reflect.DelegatingMethodAccessorImpl.invoke(DelegatingMethodAccessorImpl.java:43)
	at java.lang.reflect.Method.invoke(Method.java:498)
	at org.apache.maven.surefire.booter.ProviderFactory$ClassLoaderProxy.invoke(ProviderFactory.java:103)
	at com.sun.proxy.$Proxy0.invoke(Unknown Source)
	at org.apache.maven.surefire.booter.SurefireStarter.invokeProvider(SurefireStarter.java:145)
	at org.apache.maven.surefire.booter.SurefireStarter.runSuitesInProcess(SurefireStarter.java:87)
	at org.apache.maven.surefire.booter.ForkedBooter.main(ForkedBooter.java:69)
Caused by: org.h2.jdbc.JdbcSQLException: Syntax error in SQL statement &quot;SELECT RES.* 
     
    FROM ACT_ID_GROUP RES
     
      INNER JOIN ACT_ID_MEMBERSHIP M ON RES.ID_ = M.GROUP_ID_
      INNER JOIN ACT_ID_USER U ON M.USER_ID_ = U.ID_
     
     WHERE  U.ID_ = ? 
   
     ORDER BY  ORDER[*] BY RES.ID_ ASC  
    LIMIT ? OFFSET ? &quot;; expected &quot;=, NOT, EXISTS, INTERSECTS, SELECT, FROM&quot;; SQL statement:
select RES.* 
     
    from ACT_ID_GROUP RES
     
      inner join ACT_ID_MEMBERSHIP M on RES.ID_ = M.GROUP_ID_
      inner join ACT_ID_USER U on M.USER_ID_ = U.ID_
     
     WHERE  U.ID_ = ? 
   
     order by  order by RES.ID_ asc  
    LIMIT ? OFFSET ? [42001-176]
	at org.h2.message.DbException.getJdbcSQLException(DbException.java:344)
	at org.h2.message.DbException.getSyntaxError(DbException.java:204)
	at org.h2.command.Parser.getSyntaxError(Parser.java:524)
	at org.h2.command.Parser.readTerm(Parser.java:2688)
	at org.h2.command.Parser.readFactor(Parser.java:2244)
	at org.h2.command.Parser.readSum(Parser.java:2231)
	at org.h2.command.Parser.readConcat(Parser.java:2201)
	at org.h2.command.Parser.readCondition(Parser.java:2051)
	at org.h2.command.Parser.readAnd(Parser.java:2023)
	at org.h2.command.Parser.readExpression(Parser.java:2015)
	at org.h2.command.Parser.parseEndOfQuery(Parser.java:1726)
	at org.h2.command.Parser.parseSelectUnionExtension(Parser.java:1706)
	at org.h2.command.Parser.parseSelectUnion(Parser.java:1675)
	at org.h2.command.Parser.parseSelect(Parser.java:1662)
	at org.h2.command.Parser.parsePrepared(Parser.java:434)
	at org.h2.command.Parser.parse(Parser.java:306)
	at org.h2.command.Parser.parse(Parser.java:282)
	at org.h2.command.Parser.prepareCommand(Parser.java:243)
	at org.h2.engine.Session.prepareLocal(Session.java:442)
	at org.h2.engine.Session.prepareCommand(Session.java:384)
	at org.h2.jdbc.JdbcConnection.prepareCommand(JdbcConnection.java:1188)
	at org.h2.jdbc.JdbcPreparedStatement.&lt;init&gt;(JdbcPreparedStatement.java:73)
	at org.h2.jdbc.JdbcConnection.prepareStatement(JdbcConnection.java:276)
	at sun.reflect.GeneratedMethodAccessor6.invoke(Unknown Source)
	at sun.reflect.DelegatingMethodAccessorImpl.invoke(DelegatingMethodAccessorImpl.java:43)
	at java.lang.reflect.Method.invoke(Method.java:498)
	at org.apache.ibatis.datasource.pooled.PooledConnection.invoke(PooledConnection.java:245)
	at com.sun.proxy.$Proxy12.prepareStatement(Unknown Source)
	at sun.reflect.GeneratedMethodAccessor6.invoke(Unknown Source)
	at sun.reflect.DelegatingMethodAccessorImpl.invoke(DelegatingMethodAccessorImpl.java:43)
	at java.lang.reflect.Method.invoke(Method.java:498)
	at org.apache.ibatis.logging.jdbc.ConnectionLogger.invoke(ConnectionLogger.java:55)
	at com.sun.proxy.$Proxy12.prepareStatement(Unknown Source)
	at org.apache.ibatis.executor.statement.PreparedStatementHandler.instantiateStatement(PreparedStatementHandler.java:79)
	at org.apache.ibatis.executor.statement.BaseStatementHandler.prepare(BaseStatementHandler.java:88)
	at org.apache.ibatis.executor.statement.RoutingStatementHandler.prepare(RoutingStatementHandler.java:58)
	at org.apache.ibatis.executor.SimpleExecutor.prepareStatement(SimpleExecutor.java:76)
	at org.apache.ibatis.executor.SimpleExecutor.doQuery(SimpleExecutor.java:61)
	at org.apache.ibatis.executor.BaseExecutor.queryFromDatabase(BaseExecutor.java:303)
	at org.apache.ibatis.executor.BaseExecutor.query(BaseExecutor.java:154)
	at org.apache.ibatis.executor.CachingExecutor.query(CachingExecutor.java:102)
	at org.apache.ibatis.executor.CachingExecutor.query(CachingExecutor.java:82)
	at org.apache.ibatis.session.defaults.DefaultSqlSession.selectList(DefaultSqlSession.java:120)
	... 42 more
</error>
    <system-out>10:44:56,460 [main] DEBUG org.activiti.engine.impl.interceptor.LogInterceptor  - 

10:44:56,460 [main] DEBUG org.activiti.engine.impl.interceptor.LogInterceptor  - --- starting CreateGroupCmd --------------------------------------------------------
10:44:56,460 [main] DEBUG org.activiti.engine.impl.cfg.standalone.StandaloneMybatisTransactionContext  - firing event committing...
10:44:56,460 [main] DEBUG org.activiti.engine.impl.cfg.standalone.StandaloneMybatisTransactionContext  - committing the ibatis sql session...
10:44:56,460 [main] DEBUG org.activiti.engine.impl.cfg.standalone.StandaloneMybatisTransactionContext  - firing event committed...
10:44:56,460 [main] DEBUG org.activiti.engine.impl.interceptor.LogInterceptor  - --- CreateGroupCmd finished --------------------------------------------------------
10:44:56,460 [main] DEBUG org.activiti.engine.impl.interceptor.LogInterceptor  - 

10:44:56,460 [main] DEBUG org.activiti.engine.impl.interceptor.LogInterceptor  - 

10:44:56,460 [main] DEBUG org.activiti.engine.impl.interceptor.LogInterceptor  - --- starting SaveGroupCmd --------------------------------------------------------
10:44:56,460 [main] DEBUG org.activiti.engine.impl.db.DbSqlSession  -   insert org.activiti.engine.impl.persistence.entity.GroupEntity@1d61a348
10:44:56,460 [main] DEBUG org.activiti.engine.impl.db.DbSqlSession  - flush summary: 1 insert, 0 update, 0 delete.
10:44:56,460 [main] DEBUG org.activiti.engine.impl.db.DbSqlSession  - now executing flush...
10:44:56,460 [main] DEBUG org.activiti.engine.impl.db.DbSqlSession  - inserting: org.activiti.engine.impl.persistence.entity.GroupEntity@1d61a348
10:44:56,460 [main] DEBUG org.apache.ibatis.transaction.jdbc.JdbcTransaction  - Opening JDBC Connection
10:44:56,460 [main] DEBUG org.apache.ibatis.datasource.pooled.PooledDataSource  - Checked out connection 180014677 from pool.
10:44:56,460 [main] DEBUG org.apache.ibatis.transaction.jdbc.JdbcTransaction  - Setting autocommit to false on JDBC Connection [conn3: url=jdbc:h2:mem:activiti user=SA]
10:44:56,460 [main] DEBUG org.activiti.engine.impl.persistence.entity.GroupEntity.insertGroup  - ==&gt;  Preparing: insert into ACT_ID_GROUP (ID_, REV_, NAME_, TYPE_) values ( ?, 1, ?, ? ) 
10:44:56,460 [main] DEBUG org.activiti.engine.impl.persistence.entity.GroupEntity.insertGroup  - ==&gt; Parameters: muppets(String), Muppet show characters(String), user(String)
10:44:56,460 [main] DEBUG org.activiti.engine.impl.persistence.entity.GroupEntity.insertGroup  - &lt;==    Updates: 1
10:44:56,460 [main] DEBUG org.activiti.engine.impl.cfg.standalone.StandaloneMybatisTransactionContext  - firing event committing...
10:44:56,461 [main] DEBUG org.activiti.engine.impl.cfg.standalone.StandaloneMybatisTransactionContext  - committing the ibatis sql session...
10:44:56,461 [main] DEBUG org.apache.ibatis.transaction.jdbc.JdbcTransaction  - Committing JDBC Connection [conn3: url=jdbc:h2:mem:activiti user=SA]
10:44:56,461 [main] DEBUG org.activiti.engine.impl.cfg.standalone.StandaloneMybatisTransactionContext  - firing event committed...
10:44:56,461 [main] DEBUG org.apache.ibatis.transaction.jdbc.JdbcTransaction  - Resetting autocommit to true on JDBC Connection [conn3: url=jdbc:h2:mem:activiti user=SA]
10:44:56,461 [main] DEBUG org.apache.ibatis.transaction.jdbc.JdbcTransaction  - Closing JDBC Connection [conn3: url=jdbc:h2:mem:activiti user=SA]
10:44:56,461 [main] DEBUG org.apache.ibatis.datasource.pooled.PooledDataSource  - Returned connection 180014677 to pool.
10:44:56,461 [main] DEBUG org.activiti.engine.impl.interceptor.LogInterceptor  - --- SaveGroupCmd finished --------------------------------------------------------
10:44:56,461 [main] DEBUG org.activiti.engine.impl.interceptor.LogInterceptor  - 

10:44:56,461 [main] DEBUG org.activiti.engine.impl.interceptor.LogInterceptor  - 

10:44:56,461 [main] DEBUG org.activiti.engine.impl.interceptor.LogInterceptor  - --- starting CreateGroupCmd --------------------------------------------------------
10:44:56,461 [main] DEBUG org.activiti.engine.impl.cfg.standalone.StandaloneMybatisTransactionContext  - firing event committing...
10:44:56,461 [main] DEBUG org.activiti.engine.impl.cfg.standalone.StandaloneMybatisTransactionContext  - committing the ibatis sql session...
10:44:56,461 [main] DEBUG org.activiti.engine.impl.cfg.standalone.StandaloneMybatisTransactionContext  - firing event committed...
10:44:56,461 [main] DEBUG org.activiti.engine.impl.interceptor.LogInterceptor  - --- CreateGroupCmd finished --------------------------------------------------------
10:44:56,461 [main] DEBUG org.activiti.engine.impl.interceptor.LogInterceptor  - 

10:44:56,461 [main] DEBUG org.activiti.engine.impl.interceptor.LogInterceptor  - 

10:44:56,461 [main] DEBUG org.activiti.engine.impl.interceptor.LogInterceptor  - --- starting SaveGroupCmd --------------------------------------------------------
10:44:56,461 [main] DEBUG org.activiti.engine.impl.db.DbSqlSession  -   insert org.activiti.engine.impl.persistence.entity.GroupEntity@78a515e4
10:44:56,461 [main] DEBUG org.activiti.engine.impl.db.DbSqlSession  - flush summary: 1 insert, 0 update, 0 delete.
10:44:56,461 [main] DEBUG org.activiti.engine.impl.db.DbSqlSession  - now executing flush...
10:44:56,461 [main] DEBUG org.activiti.engine.impl.db.DbSqlSession  - inserting: org.activiti.engine.impl.persistence.entity.GroupEntity@78a515e4
10:44:56,461 [main] DEBUG org.apache.ibatis.transaction.jdbc.JdbcTransaction  - Opening JDBC Connection
10:44:56,461 [main] DEBUG org.apache.ibatis.datasource.pooled.PooledDataSource  - Checked out connection 297240765 from pool.
10:44:56,461 [main] DEBUG org.apache.ibatis.transaction.jdbc.JdbcTransaction  - Setting autocommit to false on JDBC Connection [conn4: url=jdbc:h2:mem:activiti user=SA]
10:44:56,461 [main] DEBUG org.activiti.engine.impl.persistence.entity.GroupEntity.insertGroup  - ==&gt;  Preparing: insert into ACT_ID_GROUP (ID_, REV_, NAME_, TYPE_) values ( ?, 1, ?, ? ) 
10:44:56,461 [main] DEBUG org.activiti.engine.impl.persistence.entity.GroupEntity.insertGroup  - ==&gt; Parameters: frogs(String), Famous frogs(String), user(String)
10:44:56,461 [main] DEBUG org.activiti.engine.impl.persistence.entity.GroupEntity.insertGroup  - &lt;==    Updates: 1
10:44:56,461 [main] DEBUG org.activiti.engine.impl.cfg.standalone.StandaloneMybatisTransactionContext  - firing event committing...
10:44:56,461 [main] DEBUG org.activiti.engine.impl.cfg.standalone.StandaloneMybatisTransactionContext  - committing the ibatis sql session...
10:44:56,461 [main] DEBUG org.apache.ibatis.transaction.jdbc.JdbcTransaction  - Committing JDBC Connection [conn4: url=jdbc:h2:mem:activiti user=SA]
10:44:56,461 [main] DEBUG org.activiti.engine.impl.cfg.standalone.StandaloneMybatisTransactionContext  - firing event committed...
10:44:56,461 [main] DEBUG org.apache.ibatis.transaction.jdbc.JdbcTransaction  - Resetting autocommit to true on JDBC Connection [conn4: url=jdbc:h2:mem:activiti user=SA]
10:44:56,461 [main] DEBUG org.apache.ibatis.transaction.jdbc.JdbcTransaction  - Closing JDBC Connection [conn4: url=jdbc:h2:mem:activiti user=SA]
10:44:56,461 [main] DEBUG org.apache.ibatis.datasource.pooled.PooledDataSource  - Returned connection 297240765 to pool.
10:44:56,461 [main] DEBUG org.activiti.engine.impl.interceptor.LogInterceptor  - --- SaveGroupCmd finished --------------------------------------------------------
10:44:56,461 [main] DEBUG org.activiti.engine.impl.interceptor.LogInterceptor  - 

10:44:56,461 [main] DEBUG org.activiti.engine.impl.interceptor.LogInterceptor  - 

10:44:56,461 [main] DEBUG org.activiti.engine.impl.interceptor.LogInterceptor  - --- starting CreateGroupCmd --------------------------------------------------------
10:44:56,461 [main] DEBUG org.activiti.engine.impl.cfg.standalone.StandaloneMybatisTransactionContext  - firing event committing...
10:44:56,461 [main] DEBUG org.activiti.engine.impl.cfg.standalone.StandaloneMybatisTransactionContext  - committing the ibatis sql session...
10:44:56,461 [main] DEBUG org.activiti.engine.impl.cfg.standalone.StandaloneMybatisTransactionContext  - firing event committed...
10:44:56,461 [main] DEBUG org.activiti.engine.impl.interceptor.LogInterceptor  - --- CreateGroupCmd finished --------------------------------------------------------
10:44:56,461 [main] DEBUG org.activiti.engine.impl.interceptor.LogInterceptor  - 

10:44:56,461 [main] DEBUG org.activiti.engine.impl.interceptor.LogInterceptor  - 

10:44:56,461 [main] DEBUG org.activiti.engine.impl.interceptor.LogInterceptor  - --- starting SaveGroupCmd --------------------------------------------------------
10:44:56,461 [main] DEBUG org.activiti.engine.impl.db.DbSqlSession  -   insert org.activiti.engine.impl.persistence.entity.GroupEntity@d2291de
10:44:56,461 [main] DEBUG org.activiti.engine.impl.db.DbSqlSession  - flush summary: 1 insert, 0 update, 0 delete.
10:44:56,461 [main] DEBUG org.activiti.engine.impl.db.DbSqlSession  - now executing flush...
10:44:56,461 [main] DEBUG org.activiti.engine.impl.db.DbSqlSession  - inserting: org.activiti.engine.impl.persistence.entity.GroupEntity@d2291de
10:44:56,461 [main] DEBUG org.apache.ibatis.transaction.jdbc.JdbcTransaction  - Opening JDBC Connection
10:44:56,461 [main] DEBUG org.apache.ibatis.datasource.pooled.PooledDataSource  - Checked out connection 363509958 from pool.
10:44:56,461 [main] DEBUG org.apache.ibatis.transaction.jdbc.JdbcTransaction  - Setting autocommit to false on JDBC Connection [conn2: url=jdbc:h2:mem:activiti user=SA]
10:44:56,461 [main] DEBUG org.activiti.engine.impl.persistence.entity.GroupEntity.insertGroup  - ==&gt;  Preparing: insert into ACT_ID_GROUP (ID_, REV_, NAME_, TYPE_) values ( ?, 1, ?, ? ) 
10:44:56,461 [main] DEBUG org.activiti.engine.impl.persistence.entity.GroupEntity.insertGroup  - ==&gt; Parameters: mammals(String), Famous mammals from eighties(String), user(String)
10:44:56,461 [main] DEBUG org.activiti.engine.impl.persistence.entity.GroupEntity.insertGroup  - &lt;==    Updates: 1
10:44:56,461 [main] DEBUG org.activiti.engine.impl.cfg.standalone.StandaloneMybatisTransactionContext  - firing event committing...
10:44:56,461 [main] DEBUG org.activiti.engine.impl.cfg.standalone.StandaloneMybatisTransactionContext  - committing the ibatis sql session...
10:44:56,461 [main] DEBUG org.apache.ibatis.transaction.jdbc.JdbcTransaction  - Committing JDBC Connection [conn2: url=jdbc:h2:mem:activiti user=SA]
10:44:56,461 [main] DEBUG org.activiti.engine.impl.cfg.standalone.StandaloneMybatisTransactionContext  - firing event committed...
10:44:56,461 [main] DEBUG org.apache.ibatis.transaction.jdbc.JdbcTransaction  - Resetting autocommit to true on JDBC Connection [conn2: url=jdbc:h2:mem:activiti user=SA]
10:44:56,461 [main] DEBUG org.apache.ibatis.transaction.jdbc.JdbcTransaction  - Closing JDBC Connection [conn2: url=jdbc:h2:mem:activiti user=SA]
10:44:56,461 [main] DEBUG org.apache.ibatis.datasource.pooled.PooledDataSource  - Returned connection 363509958 to pool.
10:44:56,461 [main] DEBUG org.activiti.engine.impl.interceptor.LogInterceptor  - --- SaveGroupCmd finished --------------------------------------------------------
10:44:56,461 [main] DEBUG org.activiti.engine.impl.interceptor.LogInterceptor  - 

10:44:56,461 [main] DEBUG org.activiti.engine.impl.interceptor.LogInterceptor  - 

10:44:56,461 [main] DEBUG org.activiti.engine.impl.interceptor.LogInterceptor  - --- starting CreateGroupCmd --------------------------------------------------------
10:44:56,461 [main] DEBUG org.activiti.engine.impl.cfg.standalone.StandaloneMybatisTransactionContext  - firing event committing...
10:44:56,461 [main] DEBUG org.activiti.engine.impl.cfg.standalone.StandaloneMybatisTransactionContext  - committing the ibatis sql session...
10:44:56,461 [main] DEBUG org.activiti.engine.impl.cfg.standalone.StandaloneMybatisTransactionContext  - firing event committed...
10:44:56,461 [main] DEBUG org.activiti.engine.impl.interceptor.LogInterceptor  - --- CreateGroupCmd finished --------------------------------------------------------
10:44:56,461 [main] DEBUG org.activiti.engine.impl.interceptor.LogInterceptor  - 

10:44:56,461 [main] DEBUG org.activiti.engine.impl.interceptor.LogInterceptor  - 

10:44:56,461 [main] DEBUG org.activiti.engine.impl.interceptor.LogInterceptor  - --- starting SaveGroupCmd --------------------------------------------------------
10:44:56,461 [main] DEBUG org.activiti.engine.impl.db.DbSqlSession  -   insert org.activiti.engine.impl.persistence.entity.GroupEntity@51c8f62c
10:44:56,461 [main] DEBUG org.activiti.engine.impl.db.DbSqlSession  - flush summary: 1 insert, 0 update, 0 delete.
10:44:56,461 [main] DEBUG org.activiti.engine.impl.db.DbSqlSession  - now executing flush...
10:44:56,461 [main] DEBUG org.activiti.engine.impl.db.DbSqlSession  - inserting: org.activiti.engine.impl.persistence.entity.GroupEntity@51c8f62c
10:44:56,461 [main] DEBUG org.apache.ibatis.transaction.jdbc.JdbcTransaction  - Opening JDBC Connection
10:44:56,461 [main] DEBUG org.apache.ibatis.datasource.pooled.PooledDataSource  - Checked out connection 180014677 from pool.
10:44:56,461 [main] DEBUG org.apache.ibatis.transaction.jdbc.JdbcTransaction  - Setting autocommit to false on JDBC Connection [conn3: url=jdbc:h2:mem:activiti user=SA]
10:44:56,461 [main] DEBUG org.activiti.engine.impl.persistence.entity.GroupEntity.insertGroup  - ==&gt;  Preparing: insert into ACT_ID_GROUP (ID_, REV_, NAME_, TYPE_) values ( ?, 1, ?, ? ) 
10:44:56,461 [main] DEBUG org.activiti.engine.impl.persistence.entity.GroupEntity.insertGroup  - ==&gt; Parameters: admin(String), Administrators(String), security(String)
10:44:56,461 [main] DEBUG org.activiti.engine.impl.persistence.entity.GroupEntity.insertGroup  - &lt;==    Updates: 1
10:44:56,461 [main] DEBUG org.activiti.engine.impl.cfg.standalone.StandaloneMybatisTransactionContext  - firing event committing...
10:44:56,461 [main] DEBUG org.activiti.engine.impl.cfg.standalone.StandaloneMybatisTransactionContext  - committing the ibatis sql session...
10:44:56,461 [main] DEBUG org.apache.ibatis.transaction.jdbc.JdbcTransaction  - Committing JDBC Connection [conn3: url=jdbc:h2:mem:activiti user=SA]
10:44:56,461 [main] DEBUG org.activiti.engine.impl.cfg.standalone.StandaloneMybatisTransactionContext  - firing event committed...
10:44:56,461 [main] DEBUG org.apache.ibatis.transaction.jdbc.JdbcTransaction  - Resetting autocommit to true on JDBC Connection [conn3: url=jdbc:h2:mem:activiti user=SA]
10:44:56,461 [main] DEBUG org.apache.ibatis.transaction.jdbc.JdbcTransaction  - Closing JDBC Connection [conn3: url=jdbc:h2:mem:activiti user=SA]
10:44:56,461 [main] DEBUG org.apache.ibatis.datasource.pooled.PooledDataSource  - Returned connection 180014677 to pool.
10:44:56,461 [main] DEBUG org.activiti.engine.impl.interceptor.LogInterceptor  - --- SaveGroupCmd finished --------------------------------------------------------
10:44:56,461 [main] DEBUG org.activiti.engine.impl.interceptor.LogInterceptor  - 

10:44:56,461 [main] DEBUG org.activiti.engine.impl.interceptor.LogInterceptor  - 

10:44:56,461 [main] DEBUG org.activiti.engine.impl.interceptor.LogInterceptor  - --- starting CreateUserCmd --------------------------------------------------------
10:44:56,461 [main] DEBUG org.activiti.engine.impl.cfg.standalone.StandaloneMybatisTransactionContext  - firing event committing...
10:44:56,461 [main] DEBUG org.activiti.engine.impl.cfg.standalone.StandaloneMybatisTransactionContext  - committing the ibatis sql session...
10:44:56,461 [main] DEBUG org.activiti.engine.impl.cfg.standalone.StandaloneMybatisTransactionContext  - firing event committed...
10:44:56,461 [main] DEBUG org.activiti.engine.impl.interceptor.LogInterceptor  - --- CreateUserCmd finished --------------------------------------------------------
10:44:56,461 [main] DEBUG org.activiti.engine.impl.interceptor.LogInterceptor  - 

10:44:56,461 [main] DEBUG org.activiti.engine.impl.interceptor.LogInterceptor  - 

10:44:56,461 [main] DEBUG org.activiti.engine.impl.interceptor.LogInterceptor  - --- starting SaveUserCmd --------------------------------------------------------
10:44:56,461 [main] DEBUG org.activiti.engine.impl.db.DbSqlSession  -   insert org.activiti.engine.impl.persistence.entity.UserEntity@41a374be
10:44:56,461 [main] DEBUG org.activiti.engine.impl.db.DbSqlSession  - flush summary: 1 insert, 0 update, 0 delete.
10:44:56,461 [main] DEBUG org.activiti.engine.impl.db.DbSqlSession  - now executing flush...
10:44:56,461 [main] DEBUG org.activiti.engine.impl.db.DbSqlSession  - inserting: org.activiti.engine.impl.persistence.entity.UserEntity@41a374be
10:44:56,461 [main] DEBUG org.apache.ibatis.transaction.jdbc.JdbcTransaction  - Opening JDBC Connection
10:44:56,461 [main] DEBUG org.apache.ibatis.datasource.pooled.PooledDataSource  - Checked out connection 297240765 from pool.
10:44:56,461 [main] DEBUG org.apache.ibatis.transaction.jdbc.JdbcTransaction  - Setting autocommit to false on JDBC Connection [conn4: url=jdbc:h2:mem:activiti user=SA]
10:44:56,461 [main] DEBUG org.activiti.engine.impl.persistence.entity.UserEntity.insertUser  - ==&gt;  Preparing: insert into ACT_ID_USER (ID_, REV_, FIRST_, LAST_, EMAIL_, PWD_) values ( ?, 1, ?, ?, ?, ? ) 
10:44:56,461 [main] DEBUG org.activiti.engine.impl.persistence.entity.UserEntity.insertUser  - ==&gt; Parameters: kermit(String), null, null, null, null
10:44:56,461 [main] DEBUG org.activiti.engine.impl.persistence.entity.UserEntity.insertUser  - &lt;==    Updates: 1
10:44:56,461 [main] DEBUG org.activiti.engine.impl.cfg.standalone.StandaloneMybatisTransactionContext  - firing event committing...
10:44:56,461 [main] DEBUG org.activiti.engine.impl.cfg.standalone.StandaloneMybatisTransactionContext  - committing the ibatis sql session...
10:44:56,461 [main] DEBUG org.apache.ibatis.transaction.jdbc.JdbcTransaction  - Committing JDBC Connection [conn4: url=jdbc:h2:mem:activiti user=SA]
10:44:56,461 [main] DEBUG org.activiti.engine.impl.cfg.standalone.StandaloneMybatisTransactionContext  - firing event committed...
10:44:56,461 [main] DEBUG org.apache.ibatis.transaction.jdbc.JdbcTransaction  - Resetting autocommit to true on JDBC Connection [conn4: url=jdbc:h2:mem:activiti user=SA]
10:44:56,461 [main] DEBUG org.apache.ibatis.transaction.jdbc.JdbcTransaction  - Closing JDBC Connection [conn4: url=jdbc:h2:mem:activiti user=SA]
10:44:56,461 [main] DEBUG org.apache.ibatis.datasource.pooled.PooledDataSource  - Returned connection 297240765 to pool.
10:44:56,461 [main] DEBUG org.activiti.engine.impl.interceptor.LogInterceptor  - --- SaveUserCmd finished --------------------------------------------------------
10:44:56,461 [main] DEBUG org.activiti.engine.impl.interceptor.LogInterceptor  - 

10:44:56,461 [main] DEBUG org.activiti.engine.impl.interceptor.LogInterceptor  - 

10:44:56,461 [main] DEBUG org.activiti.engine.impl.interceptor.LogInterceptor  - --- starting CreateUserCmd --------------------------------------------------------
10:44:56,461 [main] DEBUG org.activiti.engine.impl.cfg.standalone.StandaloneMybatisTransactionContext  - firing event committing...
10:44:56,461 [main] DEBUG org.activiti.engine.impl.cfg.standalone.StandaloneMybatisTransactionContext  - committing the ibatis sql session...
10:44:56,461 [main] DEBUG org.activiti.engine.impl.cfg.standalone.StandaloneMybatisTransactionContext  - firing event committed...
10:44:56,461 [main] DEBUG org.activiti.engine.impl.interceptor.LogInterceptor  - --- CreateUserCmd finished --------------------------------------------------------
10:44:56,461 [main] DEBUG org.activiti.engine.impl.interceptor.LogInterceptor  - 

10:44:56,461 [main] DEBUG org.activiti.engine.impl.interceptor.LogInterceptor  - 

10:44:56,461 [main] DEBUG org.activiti.engine.impl.interceptor.LogInterceptor  - --- starting SaveUserCmd --------------------------------------------------------
10:44:56,461 [main] DEBUG org.activiti.engine.impl.db.DbSqlSession  -   insert org.activiti.engine.impl.persistence.entity.UserEntity@11f9535b
10:44:56,461 [main] DEBUG org.activiti.engine.impl.db.DbSqlSession  - flush summary: 1 insert, 0 update, 0 delete.
10:44:56,461 [main] DEBUG org.activiti.engine.impl.db.DbSqlSession  - now executing flush...
10:44:56,461 [main] DEBUG org.activiti.engine.impl.db.DbSqlSession  - inserting: org.activiti.engine.impl.persistence.entity.UserEntity@11f9535b
10:44:56,461 [main] DEBUG org.apache.ibatis.transaction.jdbc.JdbcTransaction  - Opening JDBC Connection
10:44:56,461 [main] DEBUG org.apache.ibatis.datasource.pooled.PooledDataSource  - Checked out connection 363509958 from pool.
10:44:56,461 [main] DEBUG org.apache.ibatis.transaction.jdbc.JdbcTransaction  - Setting autocommit to false on JDBC Connection [conn2: url=jdbc:h2:mem:activiti user=SA]
10:44:56,461 [main] DEBUG org.activiti.engine.impl.persistence.entity.UserEntity.insertUser  - ==&gt;  Preparing: insert into ACT_ID_USER (ID_, REV_, FIRST_, LAST_, EMAIL_, PWD_) values ( ?, 1, ?, ?, ?, ? ) 
10:44:56,461 [main] DEBUG org.activiti.engine.impl.persistence.entity.UserEntity.insertUser  - ==&gt; Parameters: fozzie(String), null, null, null, null
10:44:56,461 [main] DEBUG org.activiti.engine.impl.persistence.entity.UserEntity.insertUser  - &lt;==    Updates: 1
10:44:56,461 [main] DEBUG org.activiti.engine.impl.cfg.standalone.StandaloneMybatisTransactionContext  - firing event committing...
10:44:56,461 [main] DEBUG org.activiti.engine.impl.cfg.standalone.StandaloneMybatisTransactionContext  - committing the ibatis sql session...
10:44:56,461 [main] DEBUG org.apache.ibatis.transaction.jdbc.JdbcTransaction  - Committing JDBC Connection [conn2: url=jdbc:h2:mem:activiti user=SA]
10:44:56,461 [main] DEBUG org.activiti.engine.impl.cfg.standalone.StandaloneMybatisTransactionContext  - firing event committed...
10:44:56,461 [main] DEBUG org.apache.ibatis.transaction.jdbc.JdbcTransaction  - Resetting autocommit to true on JDBC Connection [conn2: url=jdbc:h2:mem:activiti user=SA]
10:44:56,461 [main] DEBUG org.apache.ibatis.transaction.jdbc.JdbcTransaction  - Closing JDBC Connection [conn2: url=jdbc:h2:mem:activiti user=SA]
10:44:56,461 [main] DEBUG org.apache.ibatis.datasource.pooled.PooledDataSource  - Returned connection 363509958 to pool.
10:44:56,461 [main] DEBUG org.activiti.engine.impl.interceptor.LogInterceptor  - --- SaveUserCmd finished --------------------------------------------------------
10:44:56,461 [main] DEBUG org.activiti.engine.impl.interceptor.LogInterceptor  - 

10:44:56,461 [main] DEBUG org.activiti.engine.impl.interceptor.LogInterceptor  - 

10:44:56,461 [main] DEBUG org.activiti.engine.impl.interceptor.LogInterceptor  - --- starting CreateUserCmd --------------------------------------------------------
10:44:56,461 [main] DEBUG org.activiti.engine.impl.cfg.standalone.StandaloneMybatisTransactionContext  - firing event committing...
10:44:56,461 [main] DEBUG org.activiti.engine.impl.cfg.standalone.StandaloneMybatisTransactionContext  - committing the ibatis sql session...
10:44:56,461 [main] DEBUG org.activiti.engine.impl.cfg.standalone.StandaloneMybatisTransactionContext  - firing event committed...
10:44:56,461 [main] DEBUG org.activiti.engine.impl.interceptor.LogInterceptor  - --- CreateUserCmd finished --------------------------------------------------------
10:44:56,461 [main] DEBUG org.activiti.engine.impl.interceptor.LogInterceptor  - 

10:44:56,461 [main] DEBUG org.activiti.engine.impl.interceptor.LogInterceptor  - 

10:44:56,461 [main] DEBUG org.activiti.engine.impl.interceptor.LogInterceptor  - --- starting SaveUserCmd --------------------------------------------------------
10:44:56,462 [main] DEBUG org.activiti.engine.impl.db.DbSqlSession  -   insert org.activiti.engine.impl.persistence.entity.UserEntity@8cc8cdb
10:44:56,462 [main] DEBUG org.activiti.engine.impl.db.DbSqlSession  - flush summary: 1 insert, 0 update, 0 delete.
10:44:56,462 [main] DEBUG org.activiti.engine.impl.db.DbSqlSession  - now executing flush...
10:44:56,462 [main] DEBUG org.activiti.engine.impl.db.DbSqlSession  - inserting: org.activiti.engine.impl.persistence.entity.UserEntity@8cc8cdb
10:44:56,462 [main] DEBUG org.apache.ibatis.transaction.jdbc.JdbcTransaction  - Opening JDBC Connection
10:44:56,462 [main] DEBUG org.apache.ibatis.datasource.pooled.PooledDataSource  - Checked out connection 180014677 from pool.
10:44:56,462 [main] DEBUG org.apache.ibatis.transaction.jdbc.JdbcTransaction  - Setting autocommit to false on JDBC Connection [conn3: url=jdbc:h2:mem:activiti user=SA]
10:44:56,462 [main] DEBUG org.activiti.engine.impl.persistence.entity.UserEntity.insertUser  - ==&gt;  Preparing: insert into ACT_ID_USER (ID_, REV_, FIRST_, LAST_, EMAIL_, PWD_) values ( ?, 1, ?, ?, ?, ? ) 
10:44:56,462 [main] DEBUG org.activiti.engine.impl.persistence.entity.UserEntity.insertUser  - ==&gt; Parameters: mispiggy(String), null, null, null, null
10:44:56,462 [main] DEBUG org.activiti.engine.impl.persistence.entity.UserEntity.insertUser  - &lt;==    Updates: 1
10:44:56,462 [main] DEBUG org.activiti.engine.impl.cfg.standalone.StandaloneMybatisTransactionContext  - firing event committing...
10:44:56,462 [main] DEBUG org.activiti.engine.impl.cfg.standalone.StandaloneMybatisTransactionContext  - committing the ibatis sql session...
10:44:56,462 [main] DEBUG org.apache.ibatis.transaction.jdbc.JdbcTransaction  - Committing JDBC Connection [conn3: url=jdbc:h2:mem:activiti user=SA]
10:44:56,462 [main] DEBUG org.activiti.engine.impl.cfg.standalone.StandaloneMybatisTransactionContext  - firing event committed...
10:44:56,462 [main] DEBUG org.apache.ibatis.transaction.jdbc.JdbcTransaction  - Resetting autocommit to true on JDBC Connection [conn3: url=jdbc:h2:mem:activiti user=SA]
10:44:56,462 [main] DEBUG org.apache.ibatis.transaction.jdbc.JdbcTransaction  - Closing JDBC Connection [conn3: url=jdbc:h2:mem:activiti user=SA]
10:44:56,462 [main] DEBUG org.apache.ibatis.datasource.pooled.PooledDataSource  - Returned connection 180014677 to pool.
10:44:56,462 [main] DEBUG org.activiti.engine.impl.interceptor.LogInterceptor  - --- SaveUserCmd finished --------------------------------------------------------
10:44:56,462 [main] DEBUG org.activiti.engine.impl.interceptor.LogInterceptor  - 

10:44:56,462 [main] DEBUG org.activiti.engine.impl.interceptor.LogInterceptor  - 

10:44:56,462 [main] DEBUG org.activiti.engine.impl.interceptor.LogInterceptor  - --- starting CreateMembershipCmd --------------------------------------------------------
10:44:56,462 [main] DEBUG org.activiti.engine.impl.db.DbSqlSession  -   insert org.activiti.engine.impl.persistence.entity.MembershipEntity@1e236278
10:44:56,462 [main] DEBUG org.activiti.engine.impl.db.DbSqlSession  - flush summary: 1 insert, 0 update, 0 delete.
10:44:56,462 [main] DEBUG org.activiti.engine.impl.db.DbSqlSession  - now executing flush...
10:44:56,462 [main] DEBUG org.activiti.engine.impl.db.DbSqlSession  - inserting: org.activiti.engine.impl.persistence.entity.MembershipEntity@1e236278
10:44:56,462 [main] DEBUG org.apache.ibatis.transaction.jdbc.JdbcTransaction  - Opening JDBC Connection
10:44:56,462 [main] DEBUG org.apache.ibatis.datasource.pooled.PooledDataSource  - Checked out connection 297240765 from pool.
10:44:56,462 [main] DEBUG org.apache.ibatis.transaction.jdbc.JdbcTransaction  - Setting autocommit to false on JDBC Connection [conn4: url=jdbc:h2:mem:activiti user=SA]
10:44:56,462 [main] DEBUG org.activiti.engine.impl.persistence.entity.MembershipRelation.insertMembership  - ==&gt;  Preparing: insert into ACT_ID_MEMBERSHIP (USER_ID_, GROUP_ID_) values ( ?, ? ) 
10:44:56,462 [main] DEBUG org.activiti.engine.impl.persistence.entity.MembershipRelation.insertMembership  - ==&gt; Parameters: kermit(String), muppets(String)
10:44:56,462 [main] DEBUG org.activiti.engine.impl.persistence.entity.MembershipRelation.insertMembership  - &lt;==    Updates: 1
10:44:56,462 [main] DEBUG org.activiti.engine.impl.cfg.standalone.StandaloneMybatisTransactionContext  - firing event committing...
10:44:56,462 [main] DEBUG org.activiti.engine.impl.cfg.standalone.StandaloneMybatisTransactionContext  - committing the ibatis sql session...
10:44:56,462 [main] DEBUG org.apache.ibatis.transaction.jdbc.JdbcTransaction  - Committing JDBC Connection [conn4: url=jdbc:h2:mem:activiti user=SA]
10:44:56,462 [main] DEBUG org.activiti.engine.impl.cfg.standalone.StandaloneMybatisTransactionContext  - firing event committed...
10:44:56,462 [main] DEBUG org.apache.ibatis.transaction.jdbc.JdbcTransaction  - Resetting autocommit to true on JDBC Connection [conn4: url=jdbc:h2:mem:activiti user=SA]
10:44:56,462 [main] DEBUG org.apache.ibatis.transaction.jdbc.JdbcTransaction  - Closing JDBC Connection [conn4: url=jdbc:h2:mem:activiti user=SA]
10:44:56,462 [main] DEBUG org.apache.ibatis.datasource.pooled.PooledDataSource  - Returned connection 297240765 to pool.
10:44:56,462 [main] DEBUG org.activiti.engine.impl.interceptor.LogInterceptor  - --- CreateMembershipCmd finished --------------------------------------------------------
10:44:56,462 [main] DEBUG org.activiti.engine.impl.interceptor.LogInterceptor  - 

10:44:56,462 [main] DEBUG org.activiti.engine.impl.interceptor.LogInterceptor  - 

10:44:56,462 [main] DEBUG org.activiti.engine.impl.interceptor.LogInterceptor  - --- starting CreateMembershipCmd --------------------------------------------------------
10:44:56,462 [main] DEBUG org.activiti.engine.impl.db.DbSqlSession  -   insert org.activiti.engine.impl.persistence.entity.MembershipEntity@44fff386
10:44:56,462 [main] DEBUG org.activiti.engine.impl.db.DbSqlSession  - flush summary: 1 insert, 0 update, 0 delete.
10:44:56,462 [main] DEBUG org.activiti.engine.impl.db.DbSqlSession  - now executing flush...
10:44:56,462 [main] DEBUG org.activiti.engine.impl.db.DbSqlSession  - inserting: org.activiti.engine.impl.persistence.entity.MembershipEntity@44fff386
10:44:56,462 [main] DEBUG org.apache.ibatis.transaction.jdbc.JdbcTransaction  - Opening JDBC Connection
10:44:56,462 [main] DEBUG org.apache.ibatis.datasource.pooled.PooledDataSource  - Checked out connection 363509958 from pool.
10:44:56,462 [main] DEBUG org.apache.ibatis.transaction.jdbc.JdbcTransaction  - Setting autocommit to false on JDBC Connection [conn2: url=jdbc:h2:mem:activiti user=SA]
10:44:56,462 [main] DEBUG org.activiti.engine.impl.persistence.entity.MembershipRelation.insertMembership  - ==&gt;  Preparing: insert into ACT_ID_MEMBERSHIP (USER_ID_, GROUP_ID_) values ( ?, ? ) 
10:44:56,462 [main] DEBUG org.activiti.engine.impl.persistence.entity.MembershipRelation.insertMembership  - ==&gt; Parameters: fozzie(String), muppets(String)
10:44:56,462 [main] DEBUG org.activiti.engine.impl.persistence.entity.MembershipRelation.insertMembership  - &lt;==    Updates: 1
10:44:56,462 [main] DEBUG org.activiti.engine.impl.cfg.standalone.StandaloneMybatisTransactionContext  - firing event committing...
10:44:56,462 [main] DEBUG org.activiti.engine.impl.cfg.standalone.StandaloneMybatisTransactionContext  - committing the ibatis sql session...
10:44:56,462 [main] DEBUG org.apache.ibatis.transaction.jdbc.JdbcTransaction  - Committing JDBC Connection [conn2: url=jdbc:h2:mem:activiti user=SA]
10:44:56,462 [main] DEBUG org.activiti.engine.impl.cfg.standalone.StandaloneMybatisTransactionContext  - firing event committed...
10:44:56,462 [main] DEBUG org.apache.ibatis.transaction.jdbc.JdbcTransaction  - Resetting autocommit to true on JDBC Connection [conn2: url=jdbc:h2:mem:activiti user=SA]
10:44:56,462 [main] DEBUG org.apache.ibatis.transaction.jdbc.JdbcTransaction  - Closing JDBC Connection [conn2: url=jdbc:h2:mem:activiti user=SA]
10:44:56,462 [main] DEBUG org.apache.ibatis.datasource.pooled.PooledDataSource  - Returned connection 363509958 to pool.
10:44:56,462 [main] DEBUG org.activiti.engine.impl.interceptor.LogInterceptor  - --- CreateMembershipCmd finished --------------------------------------------------------
10:44:56,462 [main] DEBUG org.activiti.engine.impl.interceptor.LogInterceptor  - 

10:44:56,462 [main] DEBUG org.activiti.engine.impl.interceptor.LogInterceptor  - 

10:44:56,462 [main] DEBUG org.activiti.engine.impl.interceptor.LogInterceptor  - --- starting CreateMembershipCmd --------------------------------------------------------
10:44:56,462 [main] DEBUG org.activiti.engine.impl.db.DbSqlSession  -   insert org.activiti.engine.impl.persistence.entity.MembershipEntity@1fc713c9
10:44:56,462 [main] DEBUG org.activiti.engine.impl.db.DbSqlSession  - flush summary: 1 insert, 0 update, 0 delete.
10:44:56,462 [main] DEBUG org.activiti.engine.impl.db.DbSqlSession  - now executing flush...
10:44:56,462 [main] DEBUG org.activiti.engine.impl.db.DbSqlSession  - inserting: org.activiti.engine.impl.persistence.entity.MembershipEntity@1fc713c9
10:44:56,462 [main] DEBUG org.apache.ibatis.transaction.jdbc.JdbcTransaction  - Opening JDBC Connection
10:44:56,462 [main] DEBUG org.apache.ibatis.datasource.pooled.PooledDataSource  - Checked out connection 180014677 from pool.
10:44:56,462 [main] DEBUG org.apache.ibatis.transaction.jdbc.JdbcTransaction  - Setting autocommit to false on JDBC Connection [conn3: url=jdbc:h2:mem:activiti user=SA]
10:44:56,462 [main] DEBUG org.activiti.engine.impl.persistence.entity.MembershipRelation.insertMembership  - ==&gt;  Preparing: insert into ACT_ID_MEMBERSHIP (USER_ID_, GROUP_ID_) values ( ?, ? ) 
10:44:56,462 [main] DEBUG org.activiti.engine.impl.persistence.entity.MembershipRelation.insertMembership  - ==&gt; Parameters: mispiggy(String), muppets(String)
10:44:56,462 [main] DEBUG org.activiti.engine.impl.persistence.entity.MembershipRelation.insertMembership  - &lt;==    Updates: 1
10:44:56,462 [main] DEBUG org.activiti.engine.impl.cfg.standalone.StandaloneMybatisTransactionContext  - firing event committing...
10:44:56,462 [main] DEBUG org.activiti.engine.impl.cfg.standalone.StandaloneMybatisTransactionContext  - committing the ibatis sql session...
10:44:56,462 [main] DEBUG org.apache.ibatis.transaction.jdbc.JdbcTransaction  - Committing JDBC Connection [conn3: url=jdbc:h2:mem:activiti user=SA]
10:44:56,462 [main] DEBUG org.activiti.engine.impl.cfg.standalone.StandaloneMybatisTransactionContext  - firing event committed...
10:44:56,462 [main] DEBUG org.apache.ibatis.transaction.jdbc.JdbcTransaction  - Resetting autocommit to true on JDBC Connection [conn3: url=jdbc:h2:mem:activiti user=SA]
10:44:56,462 [main] DEBUG org.apache.ibatis.transaction.jdbc.JdbcTransaction  - Closing JDBC Connection [conn3: url=jdbc:h2:mem:activiti user=SA]
10:44:56,462 [main] DEBUG org.apache.ibatis.datasource.pooled.PooledDataSource  - Returned connection 180014677 to pool.
10:44:56,462 [main] DEBUG org.activiti.engine.impl.interceptor.LogInterceptor  - --- CreateMembershipCmd finished --------------------------------------------------------
10:44:56,462 [main] DEBUG org.activiti.engine.impl.interceptor.LogInterceptor  - 

10:44:56,462 [main] DEBUG org.activiti.engine.impl.interceptor.LogInterceptor  - 

10:44:56,462 [main] DEBUG org.activiti.engine.impl.interceptor.LogInterceptor  - --- starting CreateMembershipCmd --------------------------------------------------------
10:44:56,462 [main] DEBUG org.activiti.engine.impl.db.DbSqlSession  -   insert org.activiti.engine.impl.persistence.entity.MembershipEntity@7301eebe
10:44:56,462 [main] DEBUG org.activiti.engine.impl.db.DbSqlSession  - flush summary: 1 insert, 0 update, 0 delete.
10:44:56,462 [main] DEBUG org.activiti.engine.impl.db.DbSqlSession  - now executing flush...
10:44:56,462 [main] DEBUG org.activiti.engine.impl.db.DbSqlSession  - inserting: org.activiti.engine.impl.persistence.entity.MembershipEntity@7301eebe
10:44:56,462 [main] DEBUG org.apache.ibatis.transaction.jdbc.JdbcTransaction  - Opening JDBC Connection
10:44:56,462 [main] DEBUG org.apache.ibatis.datasource.pooled.PooledDataSource  - Checked out connection 297240765 from pool.
10:44:56,462 [main] DEBUG org.apache.ibatis.transaction.jdbc.JdbcTransaction  - Setting autocommit to false on JDBC Connection [conn4: url=jdbc:h2:mem:activiti user=SA]
10:44:56,462 [main] DEBUG org.activiti.engine.impl.persistence.entity.MembershipRelation.insertMembership  - ==&gt;  Preparing: insert into ACT_ID_MEMBERSHIP (USER_ID_, GROUP_ID_) values ( ?, ? ) 
10:44:56,462 [main] DEBUG org.activiti.engine.impl.persistence.entity.MembershipRelation.insertMembership  - ==&gt; Parameters: kermit(String), frogs(String)
10:44:56,462 [main] DEBUG org.activiti.engine.impl.persistence.entity.MembershipRelation.insertMembership  - &lt;==    Updates: 1
10:44:56,462 [main] DEBUG org.activiti.engine.impl.cfg.standalone.StandaloneMybatisTransactionContext  - firing event committing...
10:44:56,462 [main] DEBUG org.activiti.engine.impl.cfg.standalone.StandaloneMybatisTransactionContext  - committing the ibatis sql session...
10:44:56,462 [main] DEBUG org.apache.ibatis.transaction.jdbc.JdbcTransaction  - Committing JDBC Connection [conn4: url=jdbc:h2:mem:activiti user=SA]
10:44:56,462 [main] DEBUG org.activiti.engine.impl.cfg.standalone.StandaloneMybatisTransactionContext  - firing event committed...
10:44:56,462 [main] DEBUG org.apache.ibatis.transaction.jdbc.JdbcTransaction  - Resetting autocommit to true on JDBC Connection [conn4: url=jdbc:h2:mem:activiti user=SA]
10:44:56,462 [main] DEBUG org.apache.ibatis.transaction.jdbc.JdbcTransaction  - Closing JDBC Connection [conn4: url=jdbc:h2:mem:activiti user=SA]
10:44:56,462 [main] DEBUG org.apache.ibatis.datasource.pooled.PooledDataSource  - Returned connection 297240765 to pool.
10:44:56,462 [main] DEBUG org.activiti.engine.impl.interceptor.LogInterceptor  - --- CreateMembershipCmd finished --------------------------------------------------------
10:44:56,462 [main] DEBUG org.activiti.engine.impl.interceptor.LogInterceptor  - 

10:44:56,462 [main] DEBUG org.activiti.engine.impl.interceptor.LogInterceptor  - 

10:44:56,462 [main] DEBUG org.activiti.engine.impl.interceptor.LogInterceptor  - --- starting CreateMembershipCmd --------------------------------------------------------
10:44:56,462 [main] DEBUG org.activiti.engine.impl.db.DbSqlSession  -   insert org.activiti.engine.impl.persistence.entity.MembershipEntity@76b47204
10:44:56,462 [main] DEBUG org.activiti.engine.impl.db.DbSqlSession  - flush summary: 1 insert, 0 update, 0 delete.
10:44:56,462 [main] DEBUG org.activiti.engine.impl.db.DbSqlSession  - now executing flush...
10:44:56,462 [main] DEBUG org.activiti.engine.impl.db.DbSqlSession  - inserting: org.activiti.engine.impl.persistence.entity.MembershipEntity@76b47204
10:44:56,462 [main] DEBUG org.apache.ibatis.transaction.jdbc.JdbcTransaction  - Opening JDBC Connection
10:44:56,462 [main] DEBUG org.apache.ibatis.datasource.pooled.PooledDataSource  - Checked out connection 363509958 from pool.
10:44:56,462 [main] DEBUG org.apache.ibatis.transaction.jdbc.JdbcTransaction  - Setting autocommit to false on JDBC Connection [conn2: url=jdbc:h2:mem:activiti user=SA]
10:44:56,462 [main] DEBUG org.activiti.engine.impl.persistence.entity.MembershipRelation.insertMembership  - ==&gt;  Preparing: insert into ACT_ID_MEMBERSHIP (USER_ID_, GROUP_ID_) values ( ?, ? ) 
10:44:56,462 [main] DEBUG org.activiti.engine.impl.persistence.entity.MembershipRelation.insertMembership  - ==&gt; Parameters: fozzie(String), mammals(String)
10:44:56,462 [main] DEBUG org.activiti.engine.impl.persistence.entity.MembershipRelation.insertMembership  - &lt;==    Updates: 1
10:44:56,462 [main] DEBUG org.activiti.engine.impl.cfg.standalone.StandaloneMybatisTransactionContext  - firing event committing...
10:44:56,462 [main] DEBUG org.activiti.engine.impl.cfg.standalone.StandaloneMybatisTransactionContext  - committing the ibatis sql session...
10:44:56,462 [main] DEBUG org.apache.ibatis.transaction.jdbc.JdbcTransaction  - Committing JDBC Connection [conn2: url=jdbc:h2:mem:activiti user=SA]
10:44:56,462 [main] DEBUG org.activiti.engine.impl.cfg.standalone.StandaloneMybatisTransactionContext  - firing event committed...
10:44:56,462 [main] DEBUG org.apache.ibatis.transaction.jdbc.JdbcTransaction  - Resetting autocommit to true on JDBC Connection [conn2: url=jdbc:h2:mem:activiti user=SA]
10:44:56,462 [main] DEBUG org.apache.ibatis.transaction.jdbc.JdbcTransaction  - Closing JDBC Connection [conn2: url=jdbc:h2:mem:activiti user=SA]
10:44:56,462 [main] DEBUG org.apache.ibatis.datasource.pooled.PooledDataSource  - Returned connection 363509958 to pool.
10:44:56,462 [main] DEBUG org.activiti.engine.impl.interceptor.LogInterceptor  - --- CreateMembershipCmd finished --------------------------------------------------------
10:44:56,462 [main] DEBUG org.activiti.engine.impl.interceptor.LogInterceptor  - 

10:44:56,462 [main] DEBUG org.activiti.engine.impl.interceptor.LogInterceptor  - 

10:44:56,462 [main] DEBUG org.activiti.engine.impl.interceptor.LogInterceptor  - --- starting CreateMembershipCmd --------------------------------------------------------
10:44:56,462 [main] DEBUG org.activiti.engine.impl.db.DbSqlSession  -   insert org.activiti.engine.impl.persistence.entity.MembershipEntity@4d6ccc97
10:44:56,462 [main] DEBUG org.activiti.engine.impl.db.DbSqlSession  - flush summary: 1 insert, 0 update, 0 delete.
10:44:56,462 [main] DEBUG org.activiti.engine.impl.db.DbSqlSession  - now executing flush...
10:44:56,462 [main] DEBUG org.activiti.engine.impl.db.DbSqlSession  - inserting: org.activiti.engine.impl.persistence.entity.MembershipEntity@4d6ccc97
10:44:56,462 [main] DEBUG org.apache.ibatis.transaction.jdbc.JdbcTransaction  - Opening JDBC Connection
10:44:56,462 [main] DEBUG org.apache.ibatis.datasource.pooled.PooledDataSource  - Checked out connection 180014677 from pool.
10:44:56,462 [main] DEBUG org.apache.ibatis.transaction.jdbc.JdbcTransaction  - Setting autocommit to false on JDBC Connection [conn3: url=jdbc:h2:mem:activiti user=SA]
10:44:56,462 [main] DEBUG org.activiti.engine.impl.persistence.entity.MembershipRelation.insertMembership  - ==&gt;  Preparing: insert into ACT_ID_MEMBERSHIP (USER_ID_, GROUP_ID_) values ( ?, ? ) 
10:44:56,462 [main] DEBUG org.activiti.engine.impl.persistence.entity.MembershipRelation.insertMembership  - ==&gt; Parameters: mispiggy(String), mammals(String)
10:44:56,462 [main] DEBUG org.activiti.engine.impl.persistence.entity.MembershipRelation.insertMembership  - &lt;==    Updates: 1
10:44:56,462 [main] DEBUG org.activiti.engine.impl.cfg.standalone.StandaloneMybatisTransactionContext  - firing event committing...
10:44:56,462 [main] DEBUG org.activiti.engine.impl.cfg.standalone.StandaloneMybatisTransactionContext  - committing the ibatis sql session...
10:44:56,462 [main] DEBUG org.apache.ibatis.transaction.jdbc.JdbcTransaction  - Committing JDBC Connection [conn3: url=jdbc:h2:mem:activiti user=SA]
10:44:56,462 [main] DEBUG org.activiti.engine.impl.cfg.standalone.StandaloneMybatisTransactionContext  - firing event committed...
10:44:56,462 [main] DEBUG org.apache.ibatis.transaction.jdbc.JdbcTransaction  - Resetting autocommit to true on JDBC Connection [conn3: url=jdbc:h2:mem:activiti user=SA]
10:44:56,462 [main] DEBUG org.apache.ibatis.transaction.jdbc.JdbcTransaction  - Closing JDBC Connection [conn3: url=jdbc:h2:mem:activiti user=SA]
10:44:56,462 [main] DEBUG org.apache.ibatis.datasource.pooled.PooledDataSource  - Returned connection 180014677 to pool.
10:44:56,462 [main] DEBUG org.activiti.engine.impl.interceptor.LogInterceptor  - --- CreateMembershipCmd finished --------------------------------------------------------
10:44:56,462 [main] DEBUG org.activiti.engine.impl.interceptor.LogInterceptor  - 

10:44:56,462 [main] DEBUG org.activiti.engine.impl.interceptor.LogInterceptor  - 

10:44:56,462 [main] DEBUG org.activiti.engine.impl.interceptor.LogInterceptor  - --- starting CreateMembershipCmd --------------------------------------------------------
10:44:56,462 [main] DEBUG org.activiti.engine.impl.db.DbSqlSession  -   insert org.activiti.engine.impl.persistence.entity.MembershipEntity@6a12c7a8
10:44:56,462 [main] DEBUG org.activiti.engine.impl.db.DbSqlSession  - flush summary: 1 insert, 0 update, 0 delete.
10:44:56,462 [main] DEBUG org.activiti.engine.impl.db.DbSqlSession  - now executing flush...
10:44:56,462 [main] DEBUG org.activiti.engine.impl.db.DbSqlSession  - inserting: org.activiti.engine.impl.persistence.entity.MembershipEntity@6a12c7a8
10:44:56,462 [main] DEBUG org.apache.ibatis.transaction.jdbc.JdbcTransaction  - Opening JDBC Connection
10:44:56,462 [main] DEBUG org.apache.ibatis.datasource.pooled.PooledDataSource  - Checked out connection 297240765 from pool.
10:44:56,462 [main] DEBUG org.apache.ibatis.transaction.jdbc.JdbcTransaction  - Setting autocommit to false on JDBC Connection [conn4: url=jdbc:h2:mem:activiti user=SA]
10:44:56,462 [main] DEBUG org.activiti.engine.impl.persistence.entity.MembershipRelation.insertMembership  - ==&gt;  Preparing: insert into ACT_ID_MEMBERSHIP (USER_ID_, GROUP_ID_) values ( ?, ? ) 
10:44:56,462 [main] DEBUG org.activiti.engine.impl.persistence.entity.MembershipRelation.insertMembership  - ==&gt; Parameters: kermit(String), admin(String)
10:44:56,462 [main] DEBUG org.activiti.engine.impl.persistence.entity.MembershipRelation.insertMembership  - &lt;==    Updates: 1
10:44:56,462 [main] DEBUG org.activiti.engine.impl.cfg.standalone.StandaloneMybatisTransactionContext  - firing event committing...
10:44:56,462 [main] DEBUG org.activiti.engine.impl.cfg.standalone.StandaloneMybatisTransactionContext  - committing the ibatis sql session...
10:44:56,462 [main] DEBUG org.apache.ibatis.transaction.jdbc.JdbcTransaction  - Committing JDBC Connection [conn4: url=jdbc:h2:mem:activiti user=SA]
10:44:56,462 [main] DEBUG org.activiti.engine.impl.cfg.standalone.StandaloneMybatisTransactionContext  - firing event committed...
10:44:56,462 [main] DEBUG org.apache.ibatis.transaction.jdbc.JdbcTransaction  - Resetting autocommit to true on JDBC Connection [conn4: url=jdbc:h2:mem:activiti user=SA]
10:44:56,462 [main] DEBUG org.apache.ibatis.transaction.jdbc.JdbcTransaction  - Closing JDBC Connection [conn4: url=jdbc:h2:mem:activiti user=SA]
10:44:56,462 [main] DEBUG org.apache.ibatis.datasource.pooled.PooledDataSource  - Returned connection 297240765 to pool.
10:44:56,462 [main] DEBUG org.activiti.engine.impl.interceptor.LogInterceptor  - --- CreateMembershipCmd finished --------------------------------------------------------
10:44:56,462 [main] DEBUG org.activiti.engine.impl.interceptor.LogInterceptor  - 

10:44:56,462 [main] DEBUG org.activiti.engine.impl.test.PvmTestCase  - 

10:44:56,462 [main] DEBUG org.activiti.engine.impl.test.PvmTestCase  - #### START GroupQueryTest.testQueryByMember ###########################################################
10:44:56,462 [main] DEBUG org.activiti.engine.impl.interceptor.LogInterceptor  - 

10:44:56,462 [main] DEBUG org.activiti.engine.impl.interceptor.LogInterceptor  - --- starting CreateGroupQueryCmd --------------------------------------------------------
10:44:56,462 [main] DEBUG org.activiti.engine.impl.cfg.standalone.StandaloneMybatisTransactionContext  - firing event committing...
10:44:56,462 [main] DEBUG org.activiti.engine.impl.cfg.standalone.StandaloneMybatisTransactionContext  - committing the ibatis sql session...
10:44:56,462 [main] DEBUG org.activiti.engine.impl.cfg.standalone.StandaloneMybatisTransactionContext  - firing event committed...
10:44:56,462 [main] DEBUG org.activiti.engine.impl.interceptor.LogInterceptor  - --- CreateGroupQueryCmd finished --------------------------------------------------------
10:44:56,462 [main] DEBUG org.activiti.engine.impl.interceptor.LogInterceptor  - 

10:44:56,462 [main] DEBUG org.activiti.engine.impl.interceptor.LogInterceptor  - 

10:44:56,462 [main] DEBUG org.activiti.engine.impl.interceptor.LogInterceptor  - --- starting GroupQueryImpl --------------------------------------------------------
10:44:56,463 [main] DEBUG org.apache.ibatis.transaction.jdbc.JdbcTransaction  - Opening JDBC Connection
10:44:56,463 [main] DEBUG org.apache.ibatis.datasource.pooled.PooledDataSource  - Checked out connection 363509958 from pool.
10:44:56,463 [main] DEBUG org.apache.ibatis.transaction.jdbc.JdbcTransaction  - Setting autocommit to false on JDBC Connection [conn2: url=jdbc:h2:mem:activiti user=SA]
10:44:56,463 [main] DEBUG org.activiti.engine.impl.persistence.entity.GroupEntity.selectGroupByQueryCriteria  - ==&gt;  Preparing: select RES.* from ACT_ID_GROUP RES inner join ACT_ID_MEMBERSHIP M on RES.ID_ = M.GROUP_ID_ inner join ACT_ID_USER U on M.USER_ID_ = U.ID_ WHERE U.ID_ = ? order by order by RES.ID_ asc LIMIT ? OFFSET ? 
10:44:56,463 [main] DEBUG org.activiti.engine.impl.interceptor.CommandContext  - Error while closing command context
org.apache.ibatis.exceptions.PersistenceException: 
### Error querying database.  Cause: org.h2.jdbc.JdbcSQLException: Syntax error in SQL statement &quot;SELECT RES.* 
     
    FROM ACT_ID_GROUP RES
     
      INNER JOIN ACT_ID_MEMBERSHIP M ON RES.ID_ = M.GROUP_ID_
      INNER JOIN ACT_ID_USER U ON M.USER_ID_ = U.ID_
     
     WHERE  U.ID_ = ? 
   
     ORDER BY  ORDER[*] BY RES.ID_ ASC  
    LIMIT ? OFFSET ? &quot;; expected &quot;=, NOT, EXISTS, INTERSECTS, SELECT, FROM&quot;; SQL statement:
select RES.* 
     
    from ACT_ID_GROUP RES
     
      inner join ACT_ID_MEMBERSHIP M on RES.ID_ = M.GROUP_ID_
      inner join ACT_ID_USER U on M.USER_ID_ = U.ID_
     
     WHERE  U.ID_ = ? 
   
     order by  order by RES.ID_ asc  
    LIMIT ? OFFSET ? [42001-176]
### The error may exist in org/activiti/db/mapping/entity/Group.xml
### The error may involve org.activiti.engine.impl.persistence.entity.GroupEntity.selectGroupByQueryCriteria
### The error occurred while executing a query
### SQL: select RES.*            from ACT_ID_GROUP RES             inner join ACT_ID_MEMBERSHIP M on RES.ID_ = M.GROUP_ID_       inner join ACT_ID_USER U on M.USER_ID_ = U.ID_            WHERE  U.ID_ = ?           order by  order by RES.ID_ asc       LIMIT ? OFFSET ?
### Cause: org.h2.jdbc.JdbcSQLException: Syntax error in SQL statement &quot;SELECT RES.* 
     
    FROM ACT_ID_GROUP RES
     
      INNER JOIN ACT_ID_MEMBERSHIP M ON RES.ID_ = M.GROUP_ID_
      INNER JOIN ACT_ID_USER U ON M.USER_ID_ = U.ID_
     
     WHERE  U.ID_ = ? 
   
     ORDER BY  ORDER[*] BY RES.ID_ ASC  
    LIMIT ? OFFSET ? &quot;; expected &quot;=, NOT, EXISTS, INTERSECTS, SELECT, FROM&quot;; SQL statement:
select RES.* 
     
    from ACT_ID_GROUP RES
     
      inner join ACT_ID_MEMBERSHIP M on RES.ID_ = M.GROUP_ID_
      inner join ACT_ID_USER U on M.USER_ID_ = U.ID_
     
     WHERE  U.ID_ = ? 
   
     order by  order by RES.ID_ asc  
    LIMIT ? OFFSET ? [42001-176]
	at org.apache.ibatis.exceptions.ExceptionFactory.wrapException(ExceptionFactory.java:30)
	at org.apache.ibatis.session.defaults.DefaultSqlSession.selectList(DefaultSqlSession.java:122)
	at org.apache.ibatis.session.defaults.DefaultSqlSession.selectList(DefaultSqlSession.java:113)
	at org.activiti.engine.impl.db.DbSqlSession.selectListWithRawParameter(DbSqlSession.java:438)
	at org.activiti.engine.impl.db.DbSqlSession.selectList(DbSqlSession.java:429)
	at org.activiti.engine.impl.db.DbSqlSession.selectList(DbSqlSession.java:419)
	at org.activiti.engine.impl.persistence.entity.GroupEntityManager.findGroupByQueryCriteria(GroupEntityManager.java:90)
	at org.activiti.engine.impl.GroupQueryImpl.executeList(GroupQueryImpl.java:125)
	at org.activiti.engine.impl.AbstractQuery.execute(AbstractQuery.java:164)
	at org.activiti.engine.impl.interceptor.CommandInvoker.execute(CommandInvoker.java:24)
	at org.activiti.engine.impl.interceptor.CommandContextInterceptor.execute(CommandContextInterceptor.java:57)
	at org.activiti.engine.impl.interceptor.LogInterceptor.execute(LogInterceptor.java:37)
	at org.activiti.engine.impl.cfg.CommandExecutorImpl.execute(CommandExecutorImpl.java:40)
	at org.activiti.engine.impl.cfg.CommandExecutorImpl.execute(CommandExecutorImpl.java:35)
	at org.activiti.engine.impl.AbstractQuery.list(AbstractQuery.java:138)
	at org.activiti.engine.test.api.identity.GroupQueryTest.verifyQueryResults(GroupQueryTest.java:221)
	at org.activiti.engine.test.api.identity.GroupQueryTest.testQueryByMember(GroupQueryTest.java:152)
	at sun.reflect.NativeMethodAccessorImpl.invoke0(Native Method)
	at sun.reflect.NativeMethodAccessorImpl.invoke(NativeMethodAccessorImpl.java:62)
	at sun.reflect.DelegatingMethodAccessorImpl.invoke(DelegatingMethodAccessorImpl.java:43)
	at java.lang.reflect.Method.invoke(Method.java:498)
	at junit.framework.TestCase.runTest(TestCase.java:176)
	at org.activiti.engine.impl.test.PvmTestCase.runTest(PvmTestCase.java:65)
	at junit.framework.TestCase.runBare(TestCase.java:141)
	at org.activiti.engine.impl.test.AbstractActivitiTestCase.runBare(AbstractActivitiTestCase.java:100)
	at junit.framework.TestResult$1.protect(TestResult.java:122)
	at junit.framework.TestResult.runProtected(TestResult.java:142)
	at junit.framework.TestResult.run(TestResult.java:125)
	at junit.framework.TestCase.run(TestCase.java:129)
	at junit.framework.TestSuite.runTest(TestSuite.java:255)
	at junit.framework.TestSuite.run(TestSuite.java:250)
	at org.junit.internal.runners.JUnit38ClassRunner.run(JUnit38ClassRunner.java:84)
	at org.apache.maven.surefire.junit4.JUnit4TestSet.execute(JUnit4TestSet.java:35)
	at org.apache.maven.surefire.junit4.JUnit4Provider.executeTestSet(JUnit4Provider.java:146)
	at org.apache.maven.surefire.junit4.JUnit4Provider.invoke(JUnit4Provider.java:97)
	at sun.reflect.NativeMethodAccessorImpl.invoke0(Native Method)
	at sun.reflect.NativeMethodAccessorImpl.invoke(NativeMethodAccessorImpl.java:62)
	at sun.reflect.DelegatingMethodAccessorImpl.invoke(DelegatingMethodAccessorImpl.java:43)
	at java.lang.reflect.Method.invoke(Method.java:498)
	at org.apache.maven.surefire.booter.ProviderFactory$ClassLoaderProxy.invoke(ProviderFactory.java:103)
	at com.sun.proxy.$Proxy0.invoke(Unknown Source)
	at org.apache.maven.surefire.booter.SurefireStarter.invokeProvider(SurefireStarter.java:145)
	at org.apache.maven.surefire.booter.SurefireStarter.runSuitesInProcess(SurefireStarter.java:87)
	at org.apache.maven.surefire.booter.ForkedBooter.main(ForkedBooter.java:69)
Caused by: org.h2.jdbc.JdbcSQLException: Syntax error in SQL statement &quot;SELECT RES.* 
     
    FROM ACT_ID_GROUP RES
     
      INNER JOIN ACT_ID_MEMBERSHIP M ON RES.ID_ = M.GROUP_ID_
      INNER JOIN ACT_ID_USER U ON M.USER_ID_ = U.ID_
     
     WHERE  U.ID_ = ? 
   
     ORDER BY  ORDER[*] BY RES.ID_ ASC  
    LIMIT ? OFFSET ? &quot;; expected &quot;=, NOT, EXISTS, INTERSECTS, SELECT, FROM&quot;; SQL statement:
select RES.* 
     
    from ACT_ID_GROUP RES
     
      inner join ACT_ID_MEMBERSHIP M on RES.ID_ = M.GROUP_ID_
      inner join ACT_ID_USER U on M.USER_ID_ = U.ID_
     
     WHERE  U.ID_ = ? 
   
     order by  order by RES.ID_ asc  
    LIMIT ? OFFSET ? [42001-176]
	at org.h2.message.DbException.getJdbcSQLException(DbException.java:344)
	at org.h2.message.DbException.getSyntaxError(DbException.java:204)
	at org.h2.command.Parser.getSyntaxError(Parser.java:524)
	at org.h2.command.Parser.readTerm(Parser.java:2688)
	at org.h2.command.Parser.readFactor(Parser.java:2244)
	at org.h2.command.Parser.readSum(Parser.java:2231)
	at org.h2.command.Parser.readConcat(Parser.java:2201)
	at org.h2.command.Parser.readCondition(Parser.java:2051)
	at org.h2.command.Parser.readAnd(Parser.java:2023)
	at org.h2.command.Parser.readExpression(Parser.java:2015)
	at org.h2.command.Parser.parseEndOfQuery(Parser.java:1726)
	at org.h2.command.Parser.parseSelectUnionExtension(Parser.java:1706)
	at org.h2.command.Parser.parseSelectUnion(Parser.java:1675)
	at org.h2.command.Parser.parseSelect(Parser.java:1662)
	at org.h2.command.Parser.parsePrepared(Parser.java:434)
	at org.h2.command.Parser.parse(Parser.java:306)
	at org.h2.command.Parser.parse(Parser.java:282)
	at org.h2.command.Parser.prepareCommand(Parser.java:243)
	at org.h2.engine.Session.prepareLocal(Session.java:442)
	at org.h2.engine.Session.prepareCommand(Session.java:384)
	at org.h2.jdbc.JdbcConnection.prepareCommand(JdbcConnection.java:1188)
	at org.h2.jdbc.JdbcPreparedStatement.&lt;init&gt;(JdbcPreparedStatement.java:73)
	at org.h2.jdbc.JdbcConnection.prepareStatement(JdbcConnection.java:276)
	at sun.reflect.GeneratedMethodAccessor6.invoke(Unknown Source)
	at sun.reflect.DelegatingMethodAccessorImpl.invoke(DelegatingMethodAccessorImpl.java:43)
	at java.lang.reflect.Method.invoke(Method.java:498)
	at org.apache.ibatis.datasource.pooled.PooledConnection.invoke(PooledConnection.java:245)
	at com.sun.proxy.$Proxy12.prepareStatement(Unknown Source)
	at sun.reflect.GeneratedMethodAccessor6.invoke(Unknown Source)
	at sun.reflect.DelegatingMethodAccessorImpl.invoke(DelegatingMethodAccessorImpl.java:43)
	at java.lang.reflect.Method.invoke(Method.java:498)
	at org.apache.ibatis.logging.jdbc.ConnectionLogger.invoke(ConnectionLogger.java:55)
	at com.sun.proxy.$Proxy12.prepareStatement(Unknown Source)
	at org.apache.ibatis.executor.statement.PreparedStatementHandler.instantiateStatement(PreparedStatementHandler.java:79)
	at org.apache.ibatis.executor.statement.BaseStatementHandler.prepare(BaseStatementHandler.java:88)
	at org.apache.ibatis.executor.statement.RoutingStatementHandler.prepare(RoutingStatementHandler.java:58)
	at org.apache.ibatis.executor.SimpleExecutor.prepareStatement(SimpleExecutor.java:76)
	at org.apache.ibatis.executor.SimpleExecutor.doQuery(SimpleExecutor.java:61)
	at org.apache.ibatis.executor.BaseExecutor.queryFromDatabase(BaseExecutor.java:303)
	at org.apache.ibatis.executor.BaseExecutor.query(BaseExecutor.java:154)
	at org.apache.ibatis.executor.CachingExecutor.query(CachingExecutor.java:102)
	at org.apache.ibatis.executor.CachingExecutor.query(CachingExecutor.java:82)
	at org.apache.ibatis.session.defaults.DefaultSqlSession.selectList(DefaultSqlSession.java:120)
	... 42 more
10:44:56,463 [main] DEBUG org.activiti.engine.impl.cfg.standalone.StandaloneMybatisTransactionContext  - firing event rolling back...
10:44:56,463 [main] DEBUG org.activiti.engine.impl.cfg.standalone.StandaloneMybatisTransactionContext  - rolling back ibatis sql session...
10:44:56,463 [main] DEBUG org.activiti.engine.impl.cfg.standalone.StandaloneMybatisTransactionContext  - firing event rolled back...
10:44:56,463 [main] DEBUG org.apache.ibatis.transaction.jdbc.JdbcTransaction  - Resetting autocommit to true on JDBC Connection [conn2: url=jdbc:h2:mem:activiti user=SA]
10:44:56,463 [main] DEBUG org.apache.ibatis.transaction.jdbc.JdbcTransaction  - Closing JDBC Connection [conn2: url=jdbc:h2:mem:activiti user=SA]
10:44:56,463 [main] DEBUG org.apache.ibatis.datasource.pooled.PooledDataSource  - Returned connection 363509958 to pool.
10:44:56,463 [main] DEBUG org.activiti.engine.impl.interceptor.LogInterceptor  - --- GroupQueryImpl finished --------------------------------------------------------
10:44:56,463 [main] DEBUG org.activiti.engine.impl.interceptor.LogInterceptor  - 

10:44:56,463 [main] ERROR org.activiti.engine.impl.test.PvmTestCase  - 

10:44:56,463 [main] ERROR org.activiti.engine.impl.test.PvmTestCase  - EXCEPTION: org.apache.ibatis.exceptions.PersistenceException: 
### Error querying database.  Cause: org.h2.jdbc.JdbcSQLException: Syntax error in SQL statement &quot;SELECT RES.* 
     
    FROM ACT_ID_GROUP RES
     
      INNER JOIN ACT_ID_MEMBERSHIP M ON RES.ID_ = M.GROUP_ID_
      INNER JOIN ACT_ID_USER U ON M.USER_ID_ = U.ID_
     
     WHERE  U.ID_ = ? 
   
     ORDER BY  ORDER[*] BY RES.ID_ ASC  
    LIMIT ? OFFSET ? &quot;; expected &quot;=, NOT, EXISTS, INTERSECTS, SELECT, FROM&quot;; SQL statement:
select RES.* 
     
    from ACT_ID_GROUP RES
     
      inner join ACT_ID_MEMBERSHIP M on RES.ID_ = M.GROUP_ID_
      inner join ACT_ID_USER U on M.USER_ID_ = U.ID_
     
     WHERE  U.ID_ = ? 
   
     order by  order by RES.ID_ asc  
    LIMIT ? OFFSET ? [42001-176]
### The error may exist in org/activiti/db/mapping/entity/Group.xml
### The error may involve org.activiti.engine.impl.persistence.entity.GroupEntity.selectGroupByQueryCriteria
### The error occurred while executing a query
### SQL: select RES.*            from ACT_ID_GROUP RES             inner join ACT_ID_MEMBERSHIP M on RES.ID_ = M.GROUP_ID_       inner join ACT_ID_USER U on M.USER_ID_ = U.ID_            WHERE  U.ID_ = ?           order by  order by RES.ID_ asc       LIMIT ? OFFSET ?
### Cause: org.h2.jdbc.JdbcSQLException: Syntax error in SQL statement &quot;SELECT RES.* 
     
    FROM ACT_ID_GROUP RES
     
      INNER JOIN ACT_ID_MEMBERSHIP M ON RES.ID_ = M.GROUP_ID_
      INNER JOIN ACT_ID_USER U ON M.USER_ID_ = U.ID_
     
     WHERE  U.ID_ = ? 
   
     ORDER BY  ORDER[*] BY RES.ID_ ASC  
    LIMIT ? OFFSET ? &quot;; expected &quot;=, NOT, EXISTS, INTERSECTS, SELECT, FROM&quot;; SQL statement:
select RES.* 
     
    from ACT_ID_GROUP RES
     
      inner join ACT_ID_MEMBERSHIP M on RES.ID_ = M.GROUP_ID_
      inner join ACT_ID_USER U on M.USER_ID_ = U.ID_
     
     WHERE  U.ID_ = ? 
   
     order by  order by RES.ID_ asc  
    LIMIT ? OFFSET ? [42001-176]
org.apache.ibatis.exceptions.PersistenceException: 
### Error querying database.  Cause: org.h2.jdbc.JdbcSQLException: Syntax error in SQL statement &quot;SELECT RES.* 
     
    FROM ACT_ID_GROUP RES
     
      INNER JOIN ACT_ID_MEMBERSHIP M ON RES.ID_ = M.GROUP_ID_
      INNER JOIN ACT_ID_USER U ON M.USER_ID_ = U.ID_
     
     WHERE  U.ID_ = ? 
   
     ORDER BY  ORDER[*] BY RES.ID_ ASC  
    LIMIT ? OFFSET ? &quot;; expected &quot;=, NOT, EXISTS, INTERSECTS, SELECT, FROM&quot;; SQL statement:
select RES.* 
     
    from ACT_ID_GROUP RES
     
      inner join ACT_ID_MEMBERSHIP M on RES.ID_ = M.GROUP_ID_
      inner join ACT_ID_USER U on M.USER_ID_ = U.ID_
     
     WHERE  U.ID_ = ? 
   
     order by  order by RES.ID_ asc  
    LIMIT ? OFFSET ? [42001-176]
### The error may exist in org/activiti/db/mapping/entity/Group.xml
### The error may involve org.activiti.engine.impl.persistence.entity.GroupEntity.selectGroupByQueryCriteria
### The error occurred while executing a query
### SQL: select RES.*            from ACT_ID_GROUP RES             inner join ACT_ID_MEMBERSHIP M on RES.ID_ = M.GROUP_ID_       inner join ACT_ID_USER U on M.USER_ID_ = U.ID_            WHERE  U.ID_ = ?           order by  order by RES.ID_ asc       LIMIT ? OFFSET ?
### Cause: org.h2.jdbc.JdbcSQLException: Syntax error in SQL statement &quot;SELECT RES.* 
     
    FROM ACT_ID_GROUP RES
     
      INNER JOIN ACT_ID_MEMBERSHIP M ON RES.ID_ = M.GROUP_ID_
      INNER JOIN ACT_ID_USER U ON M.USER_ID_ = U.ID_
     
     WHERE  U.ID_ = ? 
   
     ORDER BY  ORDER[*] BY RES.ID_ ASC  
    LIMIT ? OFFSET ? &quot;; expected &quot;=, NOT, EXISTS, INTERSECTS, SELECT, FROM&quot;; SQL statement:
select RES.* 
     
    from ACT_ID_GROUP RES
     
      inner join ACT_ID_MEMBERSHIP M on RES.ID_ = M.GROUP_ID_
      inner join ACT_ID_USER U on M.USER_ID_ = U.ID_
     
     WHERE  U.ID_ = ? 
   
     order by  order by RES.ID_ asc  
    LIMIT ? OFFSET ? [42001-176]
	at org.apache.ibatis.exceptions.ExceptionFactory.wrapException(ExceptionFactory.java:30)
	at org.apache.ibatis.session.defaults.DefaultSqlSession.selectList(DefaultSqlSession.java:122)
	at org.apache.ibatis.session.defaults.DefaultSqlSession.selectList(DefaultSqlSession.java:113)
	at org.activiti.engine.impl.db.DbSqlSession.selectListWithRawParameter(DbSqlSession.java:438)
	at org.activiti.engine.impl.db.DbSqlSession.selectList(DbSqlSession.java:429)
	at org.activiti.engine.impl.db.DbSqlSession.selectList(DbSqlSession.java:419)
	at org.activiti.engine.impl.persistence.entity.GroupEntityManager.findGroupByQueryCriteria(GroupEntityManager.java:90)
	at org.activiti.engine.impl.GroupQueryImpl.executeList(GroupQueryImpl.java:125)
	at org.activiti.engine.impl.AbstractQuery.execute(AbstractQuery.java:164)
	at org.activiti.engine.impl.interceptor.CommandInvoker.execute(CommandInvoker.java:24)
	at org.activiti.engine.impl.interceptor.CommandContextInterceptor.execute(CommandContextInterceptor.java:57)
	at org.activiti.engine.impl.interceptor.LogInterceptor.execute(LogInterceptor.java:37)
	at org.activiti.engine.impl.cfg.CommandExecutorImpl.execute(CommandExecutorImpl.java:40)
	at org.activiti.engine.impl.cfg.CommandExecutorImpl.execute(CommandExecutorImpl.java:35)
	at org.activiti.engine.impl.AbstractQuery.list(AbstractQuery.java:138)
	at org.activiti.engine.test.api.identity.GroupQueryTest.verifyQueryResults(GroupQueryTest.java:221)
	at org.activiti.engine.test.api.identity.GroupQueryTest.testQueryByMember(GroupQueryTest.java:152)
	at sun.reflect.NativeMethodAccessorImpl.invoke0(Native Method)
	at sun.reflect.NativeMethodAccessorImpl.invoke(NativeMethodAccessorImpl.java:62)
	at sun.reflect.DelegatingMethodAccessorImpl.invoke(DelegatingMethodAccessorImpl.java:43)
	at java.lang.reflect.Method.invoke(Method.java:498)
	at junit.framework.TestCase.runTest(TestCase.java:176)
	at org.activiti.engine.impl.test.PvmTestCase.runTest(PvmTestCase.java:65)
	at junit.framework.TestCase.runBare(TestCase.java:141)
	at org.activiti.engine.impl.test.AbstractActivitiTestCase.runBare(AbstractActivitiTestCase.java:100)
	at junit.framework.TestResult$1.protect(TestResult.java:122)
	at junit.framework.TestResult.runProtected(TestResult.java:142)
	at junit.framework.TestResult.run(TestResult.java:125)
	at junit.framework.TestCase.run(TestCase.java:129)
	at junit.framework.TestSuite.runTest(TestSuite.java:255)
	at junit.framework.TestSuite.run(TestSuite.java:250)
	at org.junit.internal.runners.JUnit38ClassRunner.run(JUnit38ClassRunner.java:84)
	at org.apache.maven.surefire.junit4.JUnit4TestSet.execute(JUnit4TestSet.java:35)
	at org.apache.maven.surefire.junit4.JUnit4Provider.executeTestSet(JUnit4Provider.java:146)
	at org.apache.maven.surefire.junit4.JUnit4Provider.invoke(JUnit4Provider.java:97)
	at sun.reflect.NativeMethodAccessorImpl.invoke0(Native Method)
	at sun.reflect.NativeMethodAccessorImpl.invoke(NativeMethodAccessorImpl.java:62)
	at sun.reflect.DelegatingMethodAccessorImpl.invoke(DelegatingMethodAccessorImpl.java:43)
	at java.lang.reflect.Method.invoke(Method.java:498)
	at org.apache.maven.surefire.booter.ProviderFactory$ClassLoaderProxy.invoke(ProviderFactory.java:103)
	at com.sun.proxy.$Proxy0.invoke(Unknown Source)
	at org.apache.maven.surefire.booter.SurefireStarter.invokeProvider(SurefireStarter.java:145)
	at org.apache.maven.surefire.booter.SurefireStarter.runSuitesInProcess(SurefireStarter.java:87)
	at org.apache.maven.surefire.booter.ForkedBooter.main(ForkedBooter.java:69)
Caused by: org.h2.jdbc.JdbcSQLException: Syntax error in SQL statement &quot;SELECT RES.* 
     
    FROM ACT_ID_GROUP RES
     
      INNER JOIN ACT_ID_MEMBERSHIP M ON RES.ID_ = M.GROUP_ID_
      INNER JOIN ACT_ID_USER U ON M.USER_ID_ = U.ID_
     
     WHERE  U.ID_ = ? 
   
     ORDER BY  ORDER[*] BY RES.ID_ ASC  
    LIMIT ? OFFSET ? &quot;; expected &quot;=, NOT, EXISTS, INTERSECTS, SELECT, FROM&quot;; SQL statement:
select RES.* 
     
    from ACT_ID_GROUP RES
     
      inner join ACT_ID_MEMBERSHIP M on RES.ID_ = M.GROUP_ID_
      inner join ACT_ID_USER U on M.USER_ID_ = U.ID_
     
     WHERE  U.ID_ = ? 
   
     order by  order by RES.ID_ asc  
    LIMIT ? OFFSET ? [42001-176]
	at org.h2.message.DbException.getJdbcSQLException(DbException.java:344)
	at org.h2.message.DbException.getSyntaxError(DbException.java:204)
	at org.h2.command.Parser.getSyntaxError(Parser.java:524)
	at org.h2.command.Parser.readTerm(Parser.java:2688)
	at org.h2.command.Parser.readFactor(Parser.java:2244)
	at org.h2.command.Parser.readSum(Parser.java:2231)
	at org.h2.command.Parser.readConcat(Parser.java:2201)
	at org.h2.command.Parser.readCondition(Parser.java:2051)
	at org.h2.command.Parser.readAnd(Parser.java:2023)
	at org.h2.command.Parser.readExpression(Parser.java:2015)
	at org.h2.command.Parser.parseEndOfQuery(Parser.java:1726)
	at org.h2.command.Parser.parseSelectUnionExtension(Parser.java:1706)
	at org.h2.command.Parser.parseSelectUnion(Parser.java:1675)
	at org.h2.command.Parser.parseSelect(Parser.java:1662)
	at org.h2.command.Parser.parsePrepared(Parser.java:434)
	at org.h2.command.Parser.parse(Parser.java:306)
	at org.h2.command.Parser.parse(Parser.java:282)
	at org.h2.command.Parser.prepareCommand(Parser.java:243)
	at org.h2.engine.Session.prepareLocal(Session.java:442)
	at org.h2.engine.Session.prepareCommand(Session.java:384)
	at org.h2.jdbc.JdbcConnection.prepareCommand(JdbcConnection.java:1188)
	at org.h2.jdbc.JdbcPreparedStatement.&lt;init&gt;(JdbcPreparedStatement.java:73)
	at org.h2.jdbc.JdbcConnection.prepareStatement(JdbcConnection.java:276)
	at sun.reflect.GeneratedMethodAccessor6.invoke(Unknown Source)
	at sun.reflect.DelegatingMethodAccessorImpl.invoke(DelegatingMethodAccessorImpl.java:43)
	at java.lang.reflect.Method.invoke(Method.java:498)
	at org.apache.ibatis.datasource.pooled.PooledConnection.invoke(PooledConnection.java:245)
	at com.sun.proxy.$Proxy12.prepareStatement(Unknown Source)
	at sun.reflect.GeneratedMethodAccessor6.invoke(Unknown Source)
	at sun.reflect.DelegatingMethodAccessorImpl.invoke(DelegatingMethodAccessorImpl.java:43)
	at java.lang.reflect.Method.invoke(Method.java:498)
	at org.apache.ibatis.logging.jdbc.ConnectionLogger.invoke(ConnectionLogger.java:55)
	at com.sun.proxy.$Proxy12.prepareStatement(Unknown Source)
	at org.apache.ibatis.executor.statement.PreparedStatementHandler.instantiateStatement(PreparedStatementHandler.java:79)
	at org.apache.ibatis.executor.statement.BaseStatementHandler.prepare(BaseStatementHandler.java:88)
	at org.apache.ibatis.executor.statement.RoutingStatementHandler.prepare(RoutingStatementHandler.java:58)
	at org.apache.ibatis.executor.SimpleExecutor.prepareStatement(SimpleExecutor.java:76)
	at org.apache.ibatis.executor.SimpleExecutor.doQuery(SimpleExecutor.java:61)
	at org.apache.ibatis.executor.BaseExecutor.queryFromDatabase(BaseExecutor.java:303)
	at org.apache.ibatis.executor.BaseExecutor.query(BaseExecutor.java:154)
	at org.apache.ibatis.executor.CachingExecutor.query(CachingExecutor.java:102)
	at org.apache.ibatis.executor.CachingExecutor.query(CachingExecutor.java:82)
	at org.apache.ibatis.session.defaults.DefaultSqlSession.selectList(DefaultSqlSession.java:120)
	... 42 more
10:44:56,463 [main] DEBUG org.activiti.engine.impl.test.PvmTestCase  - #### END GroupQueryTest.testQueryByMember #############################################################
10:44:56,463 [main] DEBUG org.activiti.engine.impl.interceptor.LogInterceptor  - 

10:44:56,463 [main] DEBUG org.activiti.engine.impl.interceptor.LogInterceptor  - --- starting DeleteUserCmd --------------------------------------------------------
10:44:56,463 [main] DEBUG org.apache.ibatis.transaction.jdbc.JdbcTransaction  - Opening JDBC Connection
10:44:56,463 [main] DEBUG org.apache.ibatis.datasource.pooled.PooledDataSource  - Checked out connection 180014677 from pool.
10:44:56,463 [main] DEBUG org.apache.ibatis.transaction.jdbc.JdbcTransaction  - Setting autocommit to false on JDBC Connection [conn3: url=jdbc:h2:mem:activiti user=SA]
10:44:56,463 [main] DEBUG org.activiti.engine.impl.persistence.entity.UserEntity.selectUserById  - ==&gt;  Preparing: select * from ACT_ID_USER where ID_ = ? 
10:44:56,463 [main] DEBUG org.activiti.engine.impl.persistence.entity.UserEntity.selectUserById  - ==&gt; Parameters: kermit(String)
10:44:56,464 [main] DEBUG org.activiti.engine.impl.persistence.entity.UserEntity.selectUserById  - &lt;==      Total: 1
10:44:56,464 [main] DEBUG org.activiti.engine.impl.persistence.entity.IdentityInfoEntity.selectIdentityInfoByUserId  - ==&gt;  Preparing: select * from ACT_ID_INFO where USER_ID_ = ? 
10:44:56,464 [main] DEBUG org.activiti.engine.impl.persistence.entity.IdentityInfoEntity.selectIdentityInfoByUserId  - ==&gt; Parameters: kermit(String)
10:44:56,464 [main] DEBUG org.activiti.engine.impl.persistence.entity.IdentityInfoEntity.selectIdentityInfoByUserId  - &lt;==      Total: 0
10:44:56,464 [main] DEBUG org.activiti.engine.impl.db.DbSqlSession  -   bulk delete: deleteMembershipsByUserId(kermit)
10:44:56,464 [main] DEBUG org.activiti.engine.impl.db.DbSqlSession  -   delete org.activiti.engine.impl.persistence.entity.UserEntity@6848a051
10:44:56,464 [main] DEBUG org.activiti.engine.impl.db.DbSqlSession  - flush summary: 0 insert, 0 update, 2 delete.
10:44:56,464 [main] DEBUG org.activiti.engine.impl.db.DbSqlSession  - now executing flush...
10:44:56,464 [main] DEBUG org.activiti.engine.impl.db.DbSqlSession  - executing: bulk delete: deleteMembershipsByUserId(kermit)
10:44:56,464 [main] DEBUG org.activiti.engine.impl.persistence.entity.MembershipRelation.deleteMembershipsByUserId  - ==&gt;  Preparing: delete from ACT_ID_MEMBERSHIP where USER_ID_ = ? 
10:44:56,464 [main] DEBUG org.activiti.engine.impl.persistence.entity.MembershipRelation.deleteMembershipsByUserId  - ==&gt; Parameters: kermit(String)
10:44:56,464 [main] DEBUG org.activiti.engine.impl.persistence.entity.MembershipRelation.deleteMembershipsByUserId  - &lt;==    Updates: 3
10:44:56,464 [main] DEBUG org.activiti.engine.impl.db.DbSqlSession  - executing: delete org.activiti.engine.impl.persistence.entity.UserEntity@6848a051
10:44:56,464 [main] DEBUG org.activiti.engine.impl.persistence.entity.UserEntity.deleteUser  - ==&gt;  Preparing: delete from ACT_ID_USER where ID_ = ? and REV_ = ? 
10:44:56,464 [main] DEBUG org.activiti.engine.impl.persistence.entity.UserEntity.deleteUser  - ==&gt; Parameters: kermit(String), 1(Integer)
10:44:56,464 [main] DEBUG org.activiti.engine.impl.persistence.entity.UserEntity.deleteUser  - &lt;==    Updates: 1
10:44:56,464 [main] DEBUG org.activiti.engine.impl.cfg.standalone.StandaloneMybatisTransactionContext  - firing event committing...
10:44:56,464 [main] DEBUG org.activiti.engine.impl.cfg.standalone.StandaloneMybatisTransactionContext  - committing the ibatis sql session...
10:44:56,464 [main] DEBUG org.apache.ibatis.transaction.jdbc.JdbcTransaction  - Committing JDBC Connection [conn3: url=jdbc:h2:mem:activiti user=SA]
10:44:56,464 [main] DEBUG org.activiti.engine.impl.cfg.standalone.StandaloneMybatisTransactionContext  - firing event committed...
10:44:56,464 [main] DEBUG org.apache.ibatis.transaction.jdbc.JdbcTransaction  - Resetting autocommit to true on JDBC Connection [conn3: url=jdbc:h2:mem:activiti user=SA]
10:44:56,464 [main] DEBUG org.apache.ibatis.transaction.jdbc.JdbcTransaction  - Closing JDBC Connection [conn3: url=jdbc:h2:mem:activiti user=SA]
10:44:56,464 [main] DEBUG org.apache.ibatis.datasource.pooled.PooledDataSource  - Returned connection 180014677 to pool.
10:44:56,464 [main] DEBUG org.activiti.engine.impl.interceptor.LogInterceptor  - --- DeleteUserCmd finished --------------------------------------------------------
10:44:56,464 [main] DEBUG org.activiti.engine.impl.interceptor.LogInterceptor  - 

10:44:56,464 [main] DEBUG org.activiti.engine.impl.interceptor.LogInterceptor  - 

10:44:56,464 [main] DEBUG org.activiti.engine.impl.interceptor.LogInterceptor  - --- starting DeleteUserCmd --------------------------------------------------------
10:44:56,464 [main] DEBUG org.apache.ibatis.transaction.jdbc.JdbcTransaction  - Opening JDBC Connection
10:44:56,464 [main] DEBUG org.apache.ibatis.datasource.pooled.PooledDataSource  - Checked out connection 297240765 from pool.
10:44:56,464 [main] DEBUG org.apache.ibatis.transaction.jdbc.JdbcTransaction  - Setting autocommit to false on JDBC Connection [conn4: url=jdbc:h2:mem:activiti user=SA]
10:44:56,464 [main] DEBUG org.activiti.engine.impl.persistence.entity.UserEntity.selectUserById  - ==&gt;  Preparing: select * from ACT_ID_USER where ID_ = ? 
10:44:56,464 [main] DEBUG org.activiti.engine.impl.persistence.entity.UserEntity.selectUserById  - ==&gt; Parameters: fozzie(String)
10:44:56,464 [main] DEBUG org.activiti.engine.impl.persistence.entity.UserEntity.selectUserById  - &lt;==      Total: 1
10:44:56,464 [main] DEBUG org.activiti.engine.impl.persistence.entity.IdentityInfoEntity.selectIdentityInfoByUserId  - ==&gt;  Preparing: select * from ACT_ID_INFO where USER_ID_ = ? 
10:44:56,464 [main] DEBUG org.activiti.engine.impl.persistence.entity.IdentityInfoEntity.selectIdentityInfoByUserId  - ==&gt; Parameters: fozzie(String)
10:44:56,464 [main] DEBUG org.activiti.engine.impl.persistence.entity.IdentityInfoEntity.selectIdentityInfoByUserId  - &lt;==      Total: 0
10:44:56,464 [main] DEBUG org.activiti.engine.impl.db.DbSqlSession  -   bulk delete: deleteMembershipsByUserId(fozzie)
10:44:56,464 [main] DEBUG org.activiti.engine.impl.db.DbSqlSession  -   delete org.activiti.engine.impl.persistence.entity.UserEntity@149b0577
10:44:56,464 [main] DEBUG org.activiti.engine.impl.db.DbSqlSession  - flush summary: 0 insert, 0 update, 2 delete.
10:44:56,464 [main] DEBUG org.activiti.engine.impl.db.DbSqlSession  - now executing flush...
10:44:56,464 [main] DEBUG org.activiti.engine.impl.db.DbSqlSession  - executing: bulk delete: deleteMembershipsByUserId(fozzie)
10:44:56,464 [main] DEBUG org.activiti.engine.impl.persistence.entity.MembershipRelation.deleteMembershipsByUserId  - ==&gt;  Preparing: delete from ACT_ID_MEMBERSHIP where USER_ID_ = ? 
10:44:56,464 [main] DEBUG org.activiti.engine.impl.persistence.entity.MembershipRelation.deleteMembershipsByUserId  - ==&gt; Parameters: fozzie(String)
10:44:56,464 [main] DEBUG org.activiti.engine.impl.persistence.entity.MembershipRelation.deleteMembershipsByUserId  - &lt;==    Updates: 2
10:44:56,464 [main] DEBUG org.activiti.engine.impl.db.DbSqlSession  - executing: delete org.activiti.engine.impl.persistence.entity.UserEntity@149b0577
10:44:56,464 [main] DEBUG org.activiti.engine.impl.persistence.entity.UserEntity.deleteUser  - ==&gt;  Preparing: delete from ACT_ID_USER where ID_ = ? and REV_ = ? 
10:44:56,464 [main] DEBUG org.activiti.engine.impl.persistence.entity.UserEntity.deleteUser  - ==&gt; Parameters: fozzie(String), 1(Integer)
10:44:56,464 [main] DEBUG org.activiti.engine.impl.persistence.entity.UserEntity.deleteUser  - &lt;==    Updates: 1
10:44:56,464 [main] DEBUG org.activiti.engine.impl.cfg.standalone.StandaloneMybatisTransactionContext  - firing event committing...
10:44:56,464 [main] DEBUG org.activiti.engine.impl.cfg.standalone.StandaloneMybatisTransactionContext  - committing the ibatis sql session...
10:44:56,464 [main] DEBUG org.apache.ibatis.transaction.jdbc.JdbcTransaction  - Committing JDBC Connection [conn4: url=jdbc:h2:mem:activiti user=SA]
10:44:56,464 [main] DEBUG org.activiti.engine.impl.cfg.standalone.StandaloneMybatisTransactionContext  - firing event committed...
10:44:56,464 [main] DEBUG org.apache.ibatis.transaction.jdbc.JdbcTransaction  - Resetting autocommit to true on JDBC Connection [conn4: url=jdbc:h2:mem:activiti user=SA]
10:44:56,464 [main] DEBUG org.apache.ibatis.transaction.jdbc.JdbcTransaction  - Closing JDBC Connection [conn4: url=jdbc:h2:mem:activiti user=SA]
10:44:56,464 [main] DEBUG org.apache.ibatis.datasource.pooled.PooledDataSource  - Returned connection 297240765 to pool.
10:44:56,464 [main] DEBUG org.activiti.engine.impl.interceptor.LogInterceptor  - --- DeleteUserCmd finished --------------------------------------------------------
10:44:56,464 [main] DEBUG org.activiti.engine.impl.interceptor.LogInterceptor  - 

10:44:56,464 [main] DEBUG org.activiti.engine.impl.interceptor.LogInterceptor  - 

10:44:56,464 [main] DEBUG org.activiti.engine.impl.interceptor.LogInterceptor  - --- starting DeleteUserCmd --------------------------------------------------------
10:44:56,464 [main] DEBUG org.apache.ibatis.transaction.jdbc.JdbcTransaction  - Opening JDBC Connection
10:44:56,464 [main] DEBUG org.apache.ibatis.datasource.pooled.PooledDataSource  - Checked out connection 363509958 from pool.
10:44:56,464 [main] DEBUG org.apache.ibatis.transaction.jdbc.JdbcTransaction  - Setting autocommit to false on JDBC Connection [conn2: url=jdbc:h2:mem:activiti user=SA]
10:44:56,464 [main] DEBUG org.activiti.engine.impl.persistence.entity.UserEntity.selectUserById  - ==&gt;  Preparing: select * from ACT_ID_USER where ID_ = ? 
10:44:56,464 [main] DEBUG org.activiti.engine.impl.persistence.entity.UserEntity.selectUserById  - ==&gt; Parameters: mispiggy(String)
10:44:56,464 [main] DEBUG org.activiti.engine.impl.persistence.entity.UserEntity.selectUserById  - &lt;==      Total: 1
10:44:56,464 [main] DEBUG org.activiti.engine.impl.persistence.entity.IdentityInfoEntity.selectIdentityInfoByUserId  - ==&gt;  Preparing: select * from ACT_ID_INFO where USER_ID_ = ? 
10:44:56,464 [main] DEBUG org.activiti.engine.impl.persistence.entity.IdentityInfoEntity.selectIdentityInfoByUserId  - ==&gt; Parameters: mispiggy(String)
10:44:56,464 [main] DEBUG org.activiti.engine.impl.persistence.entity.IdentityInfoEntity.selectIdentityInfoByUserId  - &lt;==      Total: 0
10:44:56,464 [main] DEBUG org.activiti.engine.impl.db.DbSqlSession  -   bulk delete: deleteMembershipsByUserId(mispiggy)
10:44:56,464 [main] DEBUG org.activiti.engine.impl.db.DbSqlSession  -   delete org.activiti.engine.impl.persistence.entity.UserEntity@5740ff5e
10:44:56,464 [main] DEBUG org.activiti.engine.impl.db.DbSqlSession  - flush summary: 0 insert, 0 update, 2 delete.
10:44:56,464 [main] DEBUG org.activiti.engine.impl.db.DbSqlSession  - now executing flush...
10:44:56,464 [main] DEBUG org.activiti.engine.impl.db.DbSqlSession  - executing: bulk delete: deleteMembershipsByUserId(mispiggy)
10:44:56,464 [main] DEBUG org.activiti.engine.impl.persistence.entity.MembershipRelation.deleteMembershipsByUserId  - ==&gt;  Preparing: delete from ACT_ID_MEMBERSHIP where USER_ID_ = ? 
10:44:56,464 [main] DEBUG org.activiti.engine.impl.persistence.entity.MembershipRelation.deleteMembershipsByUserId  - ==&gt; Parameters: mispiggy(String)
10:44:56,464 [main] DEBUG org.activiti.engine.impl.persistence.entity.MembershipRelation.deleteMembershipsByUserId  - &lt;==    Updates: 2
10:44:56,464 [main] DEBUG org.activiti.engine.impl.db.DbSqlSession  - executing: delete org.activiti.engine.impl.persistence.entity.UserEntity@5740ff5e
10:44:56,464 [main] DEBUG org.activiti.engine.impl.persistence.entity.UserEntity.deleteUser  - ==&gt;  Preparing: delete from ACT_ID_USER where ID_ = ? and REV_ = ? 
10:44:56,465 [main] DEBUG org.activiti.engine.impl.persistence.entity.UserEntity.deleteUser  - ==&gt; Parameters: mispiggy(String), 1(Integer)
10:44:56,465 [main] DEBUG org.activiti.engine.impl.persistence.entity.UserEntity.deleteUser  - &lt;==    Updates: 1
10:44:56,465 [main] DEBUG org.activiti.engine.impl.cfg.standalone.StandaloneMybatisTransactionContext  - firing event committing...
10:44:56,465 [main] DEBUG org.activiti.engine.impl.cfg.standalone.StandaloneMybatisTransactionContext  - committing the ibatis sql session...
10:44:56,465 [main] DEBUG org.apache.ibatis.transaction.jdbc.JdbcTransaction  - Committing JDBC Connection [conn2: url=jdbc:h2:mem:activiti user=SA]
10:44:56,465 [main] DEBUG org.activiti.engine.impl.cfg.standalone.StandaloneMybatisTransactionContext  - firing event committed...
10:44:56,465 [main] DEBUG org.apache.ibatis.transaction.jdbc.JdbcTransaction  - Resetting autocommit to true on JDBC Connection [conn2: url=jdbc:h2:mem:activiti user=SA]
10:44:56,465 [main] DEBUG org.apache.ibatis.transaction.jdbc.JdbcTransaction  - Closing JDBC Connection [conn2: url=jdbc:h2:mem:activiti user=SA]
10:44:56,465 [main] DEBUG org.apache.ibatis.datasource.pooled.PooledDataSource  - Returned connection 363509958 to pool.
10:44:56,465 [main] DEBUG org.activiti.engine.impl.interceptor.LogInterceptor  - --- DeleteUserCmd finished --------------------------------------------------------
10:44:56,465 [main] DEBUG org.activiti.engine.impl.interceptor.LogInterceptor  - 

10:44:56,465 [main] DEBUG org.activiti.engine.impl.interceptor.LogInterceptor  - 

10:44:56,465 [main] DEBUG org.activiti.engine.impl.interceptor.LogInterceptor  - --- starting DeleteGroupCmd --------------------------------------------------------
10:44:56,465 [main] DEBUG org.apache.ibatis.transaction.jdbc.JdbcTransaction  - Opening JDBC Connection
10:44:56,465 [main] DEBUG org.apache.ibatis.datasource.pooled.PooledDataSource  - Checked out connection 180014677 from pool.
10:44:56,465 [main] DEBUG org.apache.ibatis.transaction.jdbc.JdbcTransaction  - Setting autocommit to false on JDBC Connection [conn3: url=jdbc:h2:mem:activiti user=SA]
10:44:56,465 [main] DEBUG org.activiti.engine.impl.persistence.entity.GroupEntity.selectGroup  - ==&gt;  Preparing: select * from ACT_ID_GROUP where ID_ = ? 
10:44:56,465 [main] DEBUG org.activiti.engine.impl.persistence.entity.GroupEntity.selectGroup  - ==&gt; Parameters: muppets(String)
10:44:56,465 [main] DEBUG org.activiti.engine.impl.persistence.entity.GroupEntity.selectGroup  - &lt;==      Total: 1
10:44:56,465 [main] DEBUG org.activiti.engine.impl.db.DbSqlSession  -   bulk delete: deleteMembershipsByGroupId(muppets)
10:44:56,465 [main] DEBUG org.activiti.engine.impl.db.DbSqlSession  -   delete org.activiti.engine.impl.persistence.entity.GroupEntity@4a901445
10:44:56,465 [main] DEBUG org.activiti.engine.impl.db.DbSqlSession  - flush summary: 0 insert, 0 update, 2 delete.
10:44:56,465 [main] DEBUG org.activiti.engine.impl.db.DbSqlSession  - now executing flush...
10:44:56,465 [main] DEBUG org.activiti.engine.impl.db.DbSqlSession  - executing: bulk delete: deleteMembershipsByGroupId(muppets)
10:44:56,465 [main] DEBUG org.activiti.engine.impl.persistence.entity.MembershipRelation.deleteMembershipsByGroupId  - ==&gt;  Preparing: delete from ACT_ID_MEMBERSHIP where GROUP_ID_ = ? 
10:44:56,465 [main] DEBUG org.activiti.engine.impl.persistence.entity.MembershipRelation.deleteMembershipsByGroupId  - ==&gt; Parameters: muppets(String)
10:44:56,465 [main] DEBUG org.activiti.engine.impl.persistence.entity.MembershipRelation.deleteMembershipsByGroupId  - &lt;==    Updates: 0
10:44:56,465 [main] DEBUG org.activiti.engine.impl.db.DbSqlSession  - executing: delete org.activiti.engine.impl.persistence.entity.GroupEntity@4a901445
10:44:56,465 [main] DEBUG org.activiti.engine.impl.persistence.entity.GroupEntity.deleteGroup  - ==&gt;  Preparing: delete from ACT_ID_GROUP where ID_ = ? and REV_ = ? 
10:44:56,465 [main] DEBUG org.activiti.engine.impl.persistence.entity.GroupEntity.deleteGroup  - ==&gt; Parameters: muppets(String), 1(Integer)
10:44:56,465 [main] DEBUG org.activiti.engine.impl.persistence.entity.GroupEntity.deleteGroup  - &lt;==    Updates: 1
10:44:56,465 [main] DEBUG org.activiti.engine.impl.cfg.standalone.StandaloneMybatisTransactionContext  - firing event committing...
10:44:56,465 [main] DEBUG org.activiti.engine.impl.cfg.standalone.StandaloneMybatisTransactionContext  - committing the ibatis sql session...
10:44:56,465 [main] DEBUG org.apache.ibatis.transaction.jdbc.JdbcTransaction  - Committing JDBC Connection [conn3: url=jdbc:h2:mem:activiti user=SA]
10:44:56,465 [main] DEBUG org.activiti.engine.impl.cfg.standalone.StandaloneMybatisTransactionContext  - firing event committed...
10:44:56,465 [main] DEBUG org.apache.ibatis.transaction.jdbc.JdbcTransaction  - Resetting autocommit to true on JDBC Connection [conn3: url=jdbc:h2:mem:activiti user=SA]
10:44:56,465 [main] DEBUG org.apache.ibatis.transaction.jdbc.JdbcTransaction  - Closing JDBC Connection [conn3: url=jdbc:h2:mem:activiti user=SA]
10:44:56,465 [main] DEBUG org.apache.ibatis.datasource.pooled.PooledDataSource  - Returned connection 180014677 to pool.
10:44:56,465 [main] DEBUG org.activiti.engine.impl.interceptor.LogInterceptor  - --- DeleteGroupCmd finished --------------------------------------------------------
10:44:56,465 [main] DEBUG org.activiti.engine.impl.interceptor.LogInterceptor  - 

10:44:56,465 [main] DEBUG org.activiti.engine.impl.interceptor.LogInterceptor  - 

10:44:56,465 [main] DEBUG org.activiti.engine.impl.interceptor.LogInterceptor  - --- starting DeleteGroupCmd --------------------------------------------------------
10:44:56,465 [main] DEBUG org.apache.ibatis.transaction.jdbc.JdbcTransaction  - Opening JDBC Connection
10:44:56,465 [main] DEBUG org.apache.ibatis.datasource.pooled.PooledDataSource  - Checked out connection 297240765 from pool.
10:44:56,465 [main] DEBUG org.apache.ibatis.transaction.jdbc.JdbcTransaction  - Setting autocommit to false on JDBC Connection [conn4: url=jdbc:h2:mem:activiti user=SA]
10:44:56,465 [main] DEBUG org.activiti.engine.impl.persistence.entity.GroupEntity.selectGroup  - ==&gt;  Preparing: select * from ACT_ID_GROUP where ID_ = ? 
10:44:56,465 [main] DEBUG org.activiti.engine.impl.persistence.entity.GroupEntity.selectGroup  - ==&gt; Parameters: mammals(String)
10:44:56,465 [main] DEBUG org.activiti.engine.impl.persistence.entity.GroupEntity.selectGroup  - &lt;==      Total: 1
10:44:56,465 [main] DEBUG org.activiti.engine.impl.db.DbSqlSession  -   bulk delete: deleteMembershipsByGroupId(mammals)
10:44:56,465 [main] DEBUG org.activiti.engine.impl.db.DbSqlSession  -   delete org.activiti.engine.impl.persistence.entity.GroupEntity@67f77f6e
10:44:56,465 [main] DEBUG org.activiti.engine.impl.db.DbSqlSession  - flush summary: 0 insert, 0 update, 2 delete.
10:44:56,465 [main] DEBUG org.activiti.engine.impl.db.DbSqlSession  - now executing flush...
10:44:56,465 [main] DEBUG org.activiti.engine.impl.db.DbSqlSession  - executing: bulk delete: deleteMembershipsByGroupId(mammals)
10:44:56,465 [main] DEBUG org.activiti.engine.impl.persistence.entity.MembershipRelation.deleteMembershipsByGroupId  - ==&gt;  Preparing: delete from ACT_ID_MEMBERSHIP where GROUP_ID_ = ? 
10:44:56,465 [main] DEBUG org.activiti.engine.impl.persistence.entity.MembershipRelation.deleteMembershipsByGroupId  - ==&gt; Parameters: mammals(String)
10:44:56,465 [main] DEBUG org.activiti.engine.impl.persistence.entity.MembershipRelation.deleteMembershipsByGroupId  - &lt;==    Updates: 0
10:44:56,465 [main] DEBUG org.activiti.engine.impl.db.DbSqlSession  - executing: delete org.activiti.engine.impl.persistence.entity.GroupEntity@67f77f6e
10:44:56,465 [main] DEBUG org.activiti.engine.impl.persistence.entity.GroupEntity.deleteGroup  - ==&gt;  Preparing: delete from ACT_ID_GROUP where ID_ = ? and REV_ = ? 
10:44:56,465 [main] DEBUG org.activiti.engine.impl.persistence.entity.GroupEntity.deleteGroup  - ==&gt; Parameters: mammals(String), 1(Integer)
10:44:56,465 [main] DEBUG org.activiti.engine.impl.persistence.entity.GroupEntity.deleteGroup  - &lt;==    Updates: 1
10:44:56,465 [main] DEBUG org.activiti.engine.impl.cfg.standalone.StandaloneMybatisTransactionContext  - firing event committing...
10:44:56,465 [main] DEBUG org.activiti.engine.impl.cfg.standalone.StandaloneMybatisTransactionContext  - committing the ibatis sql session...
10:44:56,465 [main] DEBUG org.apache.ibatis.transaction.jdbc.JdbcTransaction  - Committing JDBC Connection [conn4: url=jdbc:h2:mem:activiti user=SA]
10:44:56,465 [main] DEBUG org.activiti.engine.impl.cfg.standalone.StandaloneMybatisTransactionContext  - firing event committed...
10:44:56,465 [main] DEBUG org.apache.ibatis.transaction.jdbc.JdbcTransaction  - Resetting autocommit to true on JDBC Connection [conn4: url=jdbc:h2:mem:activiti user=SA]
10:44:56,465 [main] DEBUG org.apache.ibatis.transaction.jdbc.JdbcTransaction  - Closing JDBC Connection [conn4: url=jdbc:h2:mem:activiti user=SA]
10:44:56,465 [main] DEBUG org.apache.ibatis.datasource.pooled.PooledDataSource  - Returned connection 297240765 to pool.
10:44:56,465 [main] DEBUG org.activiti.engine.impl.interceptor.LogInterceptor  - --- DeleteGroupCmd finished --------------------------------------------------------
10:44:56,465 [main] DEBUG org.activiti.engine.impl.interceptor.LogInterceptor  - 

10:44:56,465 [main] DEBUG org.activiti.engine.impl.interceptor.LogInterceptor  - 

10:44:56,465 [main] DEBUG org.activiti.engine.impl.interceptor.LogInterceptor  - --- starting DeleteGroupCmd --------------------------------------------------------
10:44:56,465 [main] DEBUG org.apache.ibatis.transaction.jdbc.JdbcTransaction  - Opening JDBC Connection
10:44:56,465 [main] DEBUG org.apache.ibatis.datasource.pooled.PooledDataSource  - Checked out connection 363509958 from pool.
10:44:56,465 [main] DEBUG org.apache.ibatis.transaction.jdbc.JdbcTransaction  - Setting autocommit to false on JDBC Connection [conn2: url=jdbc:h2:mem:activiti user=SA]
10:44:56,465 [main] DEBUG org.activiti.engine.impl.persistence.entity.GroupEntity.selectGroup  - ==&gt;  Preparing: select * from ACT_ID_GROUP where ID_ = ? 
10:44:56,465 [main] DEBUG org.activiti.engine.impl.persistence.entity.GroupEntity.selectGroup  - ==&gt; Parameters: frogs(String)
10:44:56,465 [main] DEBUG org.activiti.engine.impl.persistence.entity.GroupEntity.selectGroup  - &lt;==      Total: 1
10:44:56,465 [main] DEBUG org.activiti.engine.impl.db.DbSqlSession  -   bulk delete: deleteMembershipsByGroupId(frogs)
10:44:56,465 [main] DEBUG org.activiti.engine.impl.db.DbSqlSession  -   delete org.activiti.engine.impl.persistence.entity.GroupEntity@2b0b7e5a
10:44:56,465 [main] DEBUG org.activiti.engine.impl.db.DbSqlSession  - flush summary: 0 insert, 0 update, 2 delete.
10:44:56,465 [main] DEBUG org.activiti.engine.impl.db.DbSqlSession  - now executing flush...
10:44:56,465 [main] DEBUG org.activiti.engine.impl.db.DbSqlSession  - executing: bulk delete: deleteMembershipsByGroupId(frogs)
10:44:56,465 [main] DEBUG org.activiti.engine.impl.persistence.entity.MembershipRelation.deleteMembershipsByGroupId  - ==&gt;  Preparing: delete from ACT_ID_MEMBERSHIP where GROUP_ID_ = ? 
10:44:56,465 [main] DEBUG org.activiti.engine.impl.persistence.entity.MembershipRelation.deleteMembershipsByGroupId  - ==&gt; Parameters: frogs(String)
10:44:56,465 [main] DEBUG org.activiti.engine.impl.persistence.entity.MembershipRelation.deleteMembershipsByGroupId  - &lt;==    Updates: 0
10:44:56,465 [main] DEBUG org.activiti.engine.impl.db.DbSqlSession  - executing: delete org.activiti.engine.impl.persistence.entity.GroupEntity@2b0b7e5a
10:44:56,465 [main] DEBUG org.activiti.engine.impl.persistence.entity.GroupEntity.deleteGroup  - ==&gt;  Preparing: delete from ACT_ID_GROUP where ID_ = ? and REV_ = ? 
10:44:56,466 [main] DEBUG org.activiti.engine.impl.persistence.entity.GroupEntity.deleteGroup  - ==&gt; Parameters: frogs(String), 1(Integer)
10:44:56,466 [main] DEBUG org.activiti.engine.impl.persistence.entity.GroupEntity.deleteGroup  - &lt;==    Updates: 1
10:44:56,466 [main] DEBUG org.activiti.engine.impl.cfg.standalone.StandaloneMybatisTransactionContext  - firing event committing...
10:44:56,466 [main] DEBUG org.activiti.engine.impl.cfg.standalone.StandaloneMybatisTransactionContext  - committing the ibatis sql session...
10:44:56,466 [main] DEBUG org.apache.ibatis.transaction.jdbc.JdbcTransaction  - Committing JDBC Connection [conn2: url=jdbc:h2:mem:activiti user=SA]
10:44:56,466 [main] DEBUG org.activiti.engine.impl.cfg.standalone.StandaloneMybatisTransactionContext  - firing event committed...
10:44:56,466 [main] DEBUG org.apache.ibatis.transaction.jdbc.JdbcTransaction  - Resetting autocommit to true on JDBC Connection [conn2: url=jdbc:h2:mem:activiti user=SA]
10:44:56,466 [main] DEBUG org.apache.ibatis.transaction.jdbc.JdbcTransaction  - Closing JDBC Connection [conn2: url=jdbc:h2:mem:activiti user=SA]
10:44:56,466 [main] DEBUG org.apache.ibatis.datasource.pooled.PooledDataSource  - Returned connection 363509958 to pool.
10:44:56,466 [main] DEBUG org.activiti.engine.impl.interceptor.LogInterceptor  - --- DeleteGroupCmd finished --------------------------------------------------------
10:44:56,466 [main] DEBUG org.activiti.engine.impl.interceptor.LogInterceptor  - 

10:44:56,466 [main] DEBUG org.activiti.engine.impl.interceptor.LogInterceptor  - 

10:44:56,466 [main] DEBUG org.activiti.engine.impl.interceptor.LogInterceptor  - --- starting DeleteGroupCmd --------------------------------------------------------
10:44:56,466 [main] DEBUG org.apache.ibatis.transaction.jdbc.JdbcTransaction  - Opening JDBC Connection
10:44:56,466 [main] DEBUG org.apache.ibatis.datasource.pooled.PooledDataSource  - Checked out connection 180014677 from pool.
10:44:56,466 [main] DEBUG org.apache.ibatis.transaction.jdbc.JdbcTransaction  - Setting autocommit to false on JDBC Connection [conn3: url=jdbc:h2:mem:activiti user=SA]
10:44:56,466 [main] DEBUG org.activiti.engine.impl.persistence.entity.GroupEntity.selectGroup  - ==&gt;  Preparing: select * from ACT_ID_GROUP where ID_ = ? 
10:44:56,466 [main] DEBUG org.activiti.engine.impl.persistence.entity.GroupEntity.selectGroup  - ==&gt; Parameters: admin(String)
10:44:56,466 [main] DEBUG org.activiti.engine.impl.persistence.entity.GroupEntity.selectGroup  - &lt;==      Total: 1
10:44:56,466 [main] DEBUG org.activiti.engine.impl.db.DbSqlSession  -   bulk delete: deleteMembershipsByGroupId(admin)
10:44:56,466 [main] DEBUG org.activiti.engine.impl.db.DbSqlSession  -   delete org.activiti.engine.impl.persistence.entity.GroupEntity@7be1ce6a
10:44:56,466 [main] DEBUG org.activiti.engine.impl.db.DbSqlSession  - flush summary: 0 insert, 0 update, 2 delete.
10:44:56,466 [main] DEBUG org.activiti.engine.impl.db.DbSqlSession  - now executing flush...
10:44:56,466 [main] DEBUG org.activiti.engine.impl.db.DbSqlSession  - executing: bulk delete: deleteMembershipsByGroupId(admin)
10:44:56,466 [main] DEBUG org.activiti.engine.impl.persistence.entity.MembershipRelation.deleteMembershipsByGroupId  - ==&gt;  Preparing: delete from ACT_ID_MEMBERSHIP where GROUP_ID_ = ? 
10:44:56,466 [main] DEBUG org.activiti.engine.impl.persistence.entity.MembershipRelation.deleteMembershipsByGroupId  - ==&gt; Parameters: admin(String)
10:44:56,466 [main] DEBUG org.activiti.engine.impl.persistence.entity.MembershipRelation.deleteMembershipsByGroupId  - &lt;==    Updates: 0
10:44:56,466 [main] DEBUG org.activiti.engine.impl.db.DbSqlSession  - executing: delete org.activiti.engine.impl.persistence.entity.GroupEntity@7be1ce6a
10:44:56,466 [main] DEBUG org.activiti.engine.impl.persistence.entity.GroupEntity.deleteGroup  - ==&gt;  Preparing: delete from ACT_ID_GROUP where ID_ = ? and REV_ = ? 
10:44:56,466 [main] DEBUG org.activiti.engine.impl.persistence.entity.GroupEntity.deleteGroup  - ==&gt; Parameters: admin(String), 1(Integer)
10:44:56,466 [main] DEBUG org.activiti.engine.impl.persistence.entity.GroupEntity.deleteGroup  - &lt;==    Updates: 1
10:44:56,466 [main] DEBUG org.activiti.engine.impl.cfg.standalone.StandaloneMybatisTransactionContext  - firing event committing...
10:44:56,466 [main] DEBUG org.activiti.engine.impl.cfg.standalone.StandaloneMybatisTransactionContext  - committing the ibatis sql session...
10:44:56,466 [main] DEBUG org.apache.ibatis.transaction.jdbc.JdbcTransaction  - Committing JDBC Connection [conn3: url=jdbc:h2:mem:activiti user=SA]
10:44:56,466 [main] DEBUG org.activiti.engine.impl.cfg.standalone.StandaloneMybatisTransactionContext  - firing event committed...
10:44:56,466 [main] DEBUG org.apache.ibatis.transaction.jdbc.JdbcTransaction  - Resetting autocommit to true on JDBC Connection [conn3: url=jdbc:h2:mem:activiti user=SA]
10:44:56,466 [main] DEBUG org.apache.ibatis.transaction.jdbc.JdbcTransaction  - Closing JDBC Connection [conn3: url=jdbc:h2:mem:activiti user=SA]
10:44:56,466 [main] DEBUG org.apache.ibatis.datasource.pooled.PooledDataSource  - Returned connection 180014677 to pool.
10:44:56,466 [main] DEBUG org.activiti.engine.impl.interceptor.LogInterceptor  - --- DeleteGroupCmd finished --------------------------------------------------------
10:44:56,466 [main] DEBUG org.activiti.engine.impl.interceptor.LogInterceptor  - 

10:44:56,466 [main] ERROR org.activiti.engine.impl.test.PvmTestCase  - 

10:44:56,466 [main] ERROR org.activiti.engine.impl.test.PvmTestCase  - EXCEPTION: org.apache.ibatis.exceptions.PersistenceException: 
### Error querying database.  Cause: org.h2.jdbc.JdbcSQLException: Syntax error in SQL statement &quot;SELECT RES.* 
     
    FROM ACT_ID_GROUP RES
     
      INNER JOIN ACT_ID_MEMBERSHIP M ON RES.ID_ = M.GROUP_ID_
      INNER JOIN ACT_ID_USER U ON M.USER_ID_ = U.ID_
     
     WHERE  U.ID_ = ? 
   
     ORDER BY  ORDER[*] BY RES.ID_ ASC  
    LIMIT ? OFFSET ? &quot;; expected &quot;=, NOT, EXISTS, INTERSECTS, SELECT, FROM&quot;; SQL statement:
select RES.* 
     
    from ACT_ID_GROUP RES
     
      inner join ACT_ID_MEMBERSHIP M on RES.ID_ = M.GROUP_ID_
      inner join ACT_ID_USER U on M.USER_ID_ = U.ID_
     
     WHERE  U.ID_ = ? 
   
     order by  order by RES.ID_ asc  
    LIMIT ? OFFSET ? [42001-176]
### The error may exist in org/activiti/db/mapping/entity/Group.xml
### The error may involve org.activiti.engine.impl.persistence.entity.GroupEntity.selectGroupByQueryCriteria
### The error occurred while executing a query
### SQL: select RES.*            from ACT_ID_GROUP RES             inner join ACT_ID_MEMBERSHIP M on RES.ID_ = M.GROUP_ID_       inner join ACT_ID_USER U on M.USER_ID_ = U.ID_            WHERE  U.ID_ = ?           order by  order by RES.ID_ asc       LIMIT ? OFFSET ?
### Cause: org.h2.jdbc.JdbcSQLException: Syntax error in SQL statement &quot;SELECT RES.* 
     
    FROM ACT_ID_GROUP RES
     
      INNER JOIN ACT_ID_MEMBERSHIP M ON RES.ID_ = M.GROUP_ID_
      INNER JOIN ACT_ID_USER U ON M.USER_ID_ = U.ID_
     
     WHERE  U.ID_ = ? 
   
     ORDER BY  ORDER[*] BY RES.ID_ ASC  
    LIMIT ? OFFSET ? &quot;; expected &quot;=, NOT, EXISTS, INTERSECTS, SELECT, FROM&quot;; SQL statement:
select RES.* 
     
    from ACT_ID_GROUP RES
     
      inner join ACT_ID_MEMBERSHIP M on RES.ID_ = M.GROUP_ID_
      inner join ACT_ID_USER U on M.USER_ID_ = U.ID_
     
     WHERE  U.ID_ = ? 
   
     order by  order by RES.ID_ asc  
    LIMIT ? OFFSET ? [42001-176]
org.apache.ibatis.exceptions.PersistenceException: 
### Error querying database.  Cause: org.h2.jdbc.JdbcSQLException: Syntax error in SQL statement &quot;SELECT RES.* 
     
    FROM ACT_ID_GROUP RES
     
      INNER JOIN ACT_ID_MEMBERSHIP M ON RES.ID_ = M.GROUP_ID_
      INNER JOIN ACT_ID_USER U ON M.USER_ID_ = U.ID_
     
     WHERE  U.ID_ = ? 
   
     ORDER BY  ORDER[*] BY RES.ID_ ASC  
    LIMIT ? OFFSET ? &quot;; expected &quot;=, NOT, EXISTS, INTERSECTS, SELECT, FROM&quot;; SQL statement:
select RES.* 
     
    from ACT_ID_GROUP RES
     
      inner join ACT_ID_MEMBERSHIP M on RES.ID_ = M.GROUP_ID_
      inner join ACT_ID_USER U on M.USER_ID_ = U.ID_
     
     WHERE  U.ID_ = ? 
   
     order by  order by RES.ID_ asc  
    LIMIT ? OFFSET ? [42001-176]
### The error may exist in org/activiti/db/mapping/entity/Group.xml
### The error may involve org.activiti.engine.impl.persistence.entity.GroupEntity.selectGroupByQueryCriteria
### The error occurred while executing a query
### SQL: select RES.*            from ACT_ID_GROUP RES             inner join ACT_ID_MEMBERSHIP M on RES.ID_ = M.GROUP_ID_       inner join ACT_ID_USER U on M.USER_ID_ = U.ID_            WHERE  U.ID_ = ?           order by  order by RES.ID_ asc       LIMIT ? OFFSET ?
### Cause: org.h2.jdbc.JdbcSQLException: Syntax error in SQL statement &quot;SELECT RES.* 
     
    FROM ACT_ID_GROUP RES
     
      INNER JOIN ACT_ID_MEMBERSHIP M ON RES.ID_ = M.GROUP_ID_
      INNER JOIN ACT_ID_USER U ON M.USER_ID_ = U.ID_
     
     WHERE  U.ID_ = ? 
   
     ORDER BY  ORDER[*] BY RES.ID_ ASC  
    LIMIT ? OFFSET ? &quot;; expected &quot;=, NOT, EXISTS, INTERSECTS, SELECT, FROM&quot;; SQL statement:
select RES.* 
     
    from ACT_ID_GROUP RES
     
      inner join ACT_ID_MEMBERSHIP M on RES.ID_ = M.GROUP_ID_
      inner join ACT_ID_USER U on M.USER_ID_ = U.ID_
     
     WHERE  U.ID_ = ? 
   
     order by  order by RES.ID_ asc  
    LIMIT ? OFFSET ? [42001-176]
	at org.apache.ibatis.exceptions.ExceptionFactory.wrapException(ExceptionFactory.java:30)
	at org.apache.ibatis.session.defaults.DefaultSqlSession.selectList(DefaultSqlSession.java:122)
	at org.apache.ibatis.session.defaults.DefaultSqlSession.selectList(DefaultSqlSession.java:113)
	at org.activiti.engine.impl.db.DbSqlSession.selectListWithRawParameter(DbSqlSession.java:438)
	at org.activiti.engine.impl.db.DbSqlSession.selectList(DbSqlSession.java:429)
	at org.activiti.engine.impl.db.DbSqlSession.selectList(DbSqlSession.java:419)
	at org.activiti.engine.impl.persistence.entity.GroupEntityManager.findGroupByQueryCriteria(GroupEntityManager.java:90)
	at org.activiti.engine.impl.GroupQueryImpl.executeList(GroupQueryImpl.java:125)
	at org.activiti.engine.impl.AbstractQuery.execute(AbstractQuery.java:164)
	at org.activiti.engine.impl.interceptor.CommandInvoker.execute(CommandInvoker.java:24)
	at org.activiti.engine.impl.interceptor.CommandContextInterceptor.execute(CommandContextInterceptor.java:57)
	at org.activiti.engine.impl.interceptor.LogInterceptor.execute(LogInterceptor.java:37)
	at org.activiti.engine.impl.cfg.CommandExecutorImpl.execute(CommandExecutorImpl.java:40)
	at org.activiti.engine.impl.cfg.CommandExecutorImpl.execute(CommandExecutorImpl.java:35)
	at org.activiti.engine.impl.AbstractQuery.list(AbstractQuery.java:138)
	at org.activiti.engine.test.api.identity.GroupQueryTest.verifyQueryResults(GroupQueryTest.java:221)
	at org.activiti.engine.test.api.identity.GroupQueryTest.testQueryByMember(GroupQueryTest.java:152)
	at sun.reflect.NativeMethodAccessorImpl.invoke0(Native Method)
	at sun.reflect.NativeMethodAccessorImpl.invoke(NativeMethodAccessorImpl.java:62)
	at sun.reflect.DelegatingMethodAccessorImpl.invoke(DelegatingMethodAccessorImpl.java:43)
	at java.lang.reflect.Method.invoke(Method.java:498)
	at junit.framework.TestCase.runTest(TestCase.java:176)
	at org.activiti.engine.impl.test.PvmTestCase.runTest(PvmTestCase.java:65)
	at junit.framework.TestCase.runBare(TestCase.java:141)
	at org.activiti.engine.impl.test.AbstractActivitiTestCase.runBare(AbstractActivitiTestCase.java:100)
	at junit.framework.TestResult$1.protect(TestResult.java:122)
	at junit.framework.TestResult.runProtected(TestResult.java:142)
	at junit.framework.TestResult.run(TestResult.java:125)
	at junit.framework.TestCase.run(TestCase.java:129)
	at junit.framework.TestSuite.runTest(TestSuite.java:255)
	at junit.framework.TestSuite.run(TestSuite.java:250)
	at org.junit.internal.runners.JUnit38ClassRunner.run(JUnit38ClassRunner.java:84)
	at org.apache.maven.surefire.junit4.JUnit4TestSet.execute(JUnit4TestSet.java:35)
	at org.apache.maven.surefire.junit4.JUnit4Provider.executeTestSet(JUnit4Provider.java:146)
	at org.apache.maven.surefire.junit4.JUnit4Provider.invoke(JUnit4Provider.java:97)
	at sun.reflect.NativeMethodAccessorImpl.invoke0(Native Method)
	at sun.reflect.NativeMethodAccessorImpl.invoke(NativeMethodAccessorImpl.java:62)
	at sun.reflect.DelegatingMethodAccessorImpl.invoke(DelegatingMethodAccessorImpl.java:43)
	at java.lang.reflect.Method.invoke(Method.java:498)
	at org.apache.maven.surefire.booter.ProviderFactory$ClassLoaderProxy.invoke(ProviderFactory.java:103)
	at com.sun.proxy.$Proxy0.invoke(Unknown Source)
	at org.apache.maven.surefire.booter.SurefireStarter.invokeProvider(SurefireStarter.java:145)
	at org.apache.maven.surefire.booter.SurefireStarter.runSuitesInProcess(SurefireStarter.java:87)
	at org.apache.maven.surefire.booter.ForkedBooter.main(ForkedBooter.java:69)
Caused by: org.h2.jdbc.JdbcSQLException: Syntax error in SQL statement &quot;SELECT RES.* 
     
    FROM ACT_ID_GROUP RES
     
      INNER JOIN ACT_ID_MEMBERSHIP M ON RES.ID_ = M.GROUP_ID_
      INNER JOIN ACT_ID_USER U ON M.USER_ID_ = U.ID_
     
     WHERE  U.ID_ = ? 
   
     ORDER BY  ORDER[*] BY RES.ID_ ASC  
    LIMIT ? OFFSET ? &quot;; expected &quot;=, NOT, EXISTS, INTERSECTS, SELECT, FROM&quot;; SQL statement:
select RES.* 
     
    from ACT_ID_GROUP RES
     
      inner join ACT_ID_MEMBERSHIP M on RES.ID_ = M.GROUP_ID_
      inner join ACT_ID_USER U on M.USER_ID_ = U.ID_
     
     WHERE  U.ID_ = ? 
   
     order by  order by RES.ID_ asc  
    LIMIT ? OFFSET ? [42001-176]
	at org.h2.message.DbException.getJdbcSQLException(DbException.java:344)
	at org.h2.message.DbException.getSyntaxError(DbException.java:204)
	at org.h2.command.Parser.getSyntaxError(Parser.java:524)
	at org.h2.command.Parser.readTerm(Parser.java:2688)
	at org.h2.command.Parser.readFactor(Parser.java:2244)
	at org.h2.command.Parser.readSum(Parser.java:2231)
	at org.h2.command.Parser.readConcat(Parser.java:2201)
	at org.h2.command.Parser.readCondition(Parser.java:2051)
	at org.h2.command.Parser.readAnd(Parser.java:2023)
	at org.h2.command.Parser.readExpression(Parser.java:2015)
	at org.h2.command.Parser.parseEndOfQuery(Parser.java:1726)
	at org.h2.command.Parser.parseSelectUnionExtension(Parser.java:1706)
	at org.h2.command.Parser.parseSelectUnion(Parser.java:1675)
	at org.h2.command.Parser.parseSelect(Parser.java:1662)
	at org.h2.command.Parser.parsePrepared(Parser.java:434)
	at org.h2.command.Parser.parse(Parser.java:306)
	at org.h2.command.Parser.parse(Parser.java:282)
	at org.h2.command.Parser.prepareCommand(Parser.java:243)
	at org.h2.engine.Session.prepareLocal(Session.java:442)
	at org.h2.engine.Session.prepareCommand(Session.java:384)
	at org.h2.jdbc.JdbcConnection.prepareCommand(JdbcConnection.java:1188)
	at org.h2.jdbc.JdbcPreparedStatement.&lt;init&gt;(JdbcPreparedStatement.java:73)
	at org.h2.jdbc.JdbcConnection.prepareStatement(JdbcConnection.java:276)
	at sun.reflect.GeneratedMethodAccessor6.invoke(Unknown Source)
	at sun.reflect.DelegatingMethodAccessorImpl.invoke(DelegatingMethodAccessorImpl.java:43)
	at java.lang.reflect.Method.invoke(Method.java:498)
	at org.apache.ibatis.datasource.pooled.PooledConnection.invoke(PooledConnection.java:245)
	at com.sun.proxy.$Proxy12.prepareStatement(Unknown Source)
	at sun.reflect.GeneratedMethodAccessor6.invoke(Unknown Source)
	at sun.reflect.DelegatingMethodAccessorImpl.invoke(DelegatingMethodAccessorImpl.java:43)
	at java.lang.reflect.Method.invoke(Method.java:498)
	at org.apache.ibatis.logging.jdbc.ConnectionLogger.invoke(ConnectionLogger.java:55)
	at com.sun.proxy.$Proxy12.prepareStatement(Unknown Source)
	at org.apache.ibatis.executor.statement.PreparedStatementHandler.instantiateStatement(PreparedStatementHandler.java:79)
	at org.apache.ibatis.executor.statement.BaseStatementHandler.prepare(BaseStatementHandler.java:88)
	at org.apache.ibatis.executor.statement.RoutingStatementHandler.prepare(RoutingStatementHandler.java:58)
	at org.apache.ibatis.executor.SimpleExecutor.prepareStatement(SimpleExecutor.java:76)
	at org.apache.ibatis.executor.SimpleExecutor.doQuery(SimpleExecutor.java:61)
	at org.apache.ibatis.executor.BaseExecutor.queryFromDatabase(BaseExecutor.java:303)
	at org.apache.ibatis.executor.BaseExecutor.query(BaseExecutor.java:154)
	at org.apache.ibatis.executor.CachingExecutor.query(CachingExecutor.java:102)
	at org.apache.ibatis.executor.CachingExecutor.query(CachingExecutor.java:82)
	at org.apache.ibatis.session.defaults.DefaultSqlSession.selectList(DefaultSqlSession.java:120)
	... 42 more
10:44:56,466 [main] DEBUG org.activiti.engine.impl.test.PvmTestCase  - verifying that db is clean after test
10:44:56,466 [main] DEBUG org.activiti.engine.impl.interceptor.LogInterceptor  - 

10:44:56,466 [main] DEBUG org.activiti.engine.impl.interceptor.LogInterceptor  - --- starting GetTableCountCmd --------------------------------------------------------
10:44:56,466 [main] DEBUG org.apache.ibatis.transaction.jdbc.JdbcTransaction  - Opening JDBC Connection
10:44:56,466 [main] DEBUG org.apache.ibatis.datasource.pooled.PooledDataSource  - Checked out connection 297240765 from pool.
10:44:56,466 [main] DEBUG org.apache.ibatis.transaction.jdbc.JdbcTransaction  - Setting autocommit to false on JDBC Connection [conn4: url=jdbc:h2:mem:activiti user=SA]
10:44:56,466 [main] DEBUG org.activiti.engine.impl.persistence.entity.TableDataManager  - retrieving activiti tables from jdbc metadata
10:44:56,468 [main] DEBUG org.activiti.engine.impl.persistence.entity.TableDataManager  -   retrieved activiti table name ACT_EVT_LOG
10:44:56,468 [main] DEBUG org.activiti.engine.impl.persistence.entity.TableDataManager  -   retrieved activiti table name ACT_GE_BYTEARRAY
10:44:56,468 [main] DEBUG org.activiti.engine.impl.persistence.entity.TableDataManager  -   retrieved activiti table name ACT_GE_PROPERTY
10:44:56,468 [main] DEBUG org.activiti.engine.impl.persistence.entity.TableDataManager  -   retrieved activiti table name ACT_HI_ACTINST
10:44:56,468 [main] DEBUG org.activiti.engine.impl.persistence.entity.TableDataManager  -   retrieved activiti table name ACT_HI_ATTACHMENT
10:44:56,468 [main] DEBUG org.activiti.engine.impl.persistence.entity.TableDataManager  -   retrieved activiti table name ACT_HI_COMMENT
10:44:56,468 [main] DEBUG org.activiti.engine.impl.persistence.entity.TableDataManager  -   retrieved activiti table name ACT_HI_DETAIL
10:44:56,468 [main] DEBUG org.activiti.engine.impl.persistence.entity.TableDataManager  -   retrieved activiti table name ACT_HI_IDENTITYLINK
10:44:56,468 [main] DEBUG org.activiti.engine.impl.persistence.entity.TableDataManager  -   retrieved activiti table name ACT_HI_PROCINST
10:44:56,468 [main] DEBUG org.activiti.engine.impl.persistence.entity.TableDataManager  -   retrieved activiti table name ACT_HI_TASKINST
10:44:56,468 [main] DEBUG org.activiti.engine.impl.persistence.entity.TableDataManager  -   retrieved activiti table name ACT_HI_VARINST
10:44:56,468 [main] DEBUG org.activiti.engine.impl.persistence.entity.TableDataManager  -   retrieved activiti table name ACT_ID_GROUP
10:44:56,468 [main] DEBUG org.activiti.engine.impl.persistence.entity.TableDataManager  -   retrieved activiti table name ACT_ID_INFO
10:44:56,468 [main] DEBUG org.activiti.engine.impl.persistence.entity.TableDataManager  -   retrieved activiti table name ACT_ID_MEMBERSHIP
10:44:56,468 [main] DEBUG org.activiti.engine.impl.persistence.entity.TableDataManager  -   retrieved activiti table name ACT_ID_USER
10:44:56,468 [main] DEBUG org.activiti.engine.impl.persistence.entity.TableDataManager  -   retrieved activiti table name ACT_PROCDEF_INFO
10:44:56,468 [main] DEBUG org.activiti.engine.impl.persistence.entity.TableDataManager  -   retrieved activiti table name ACT_RE_DEPLOYMENT
10:44:56,468 [main] DEBUG org.activiti.engine.impl.persistence.entity.TableDataManager  -   retrieved activiti table name ACT_RE_MODEL
10:44:56,468 [main] DEBUG org.activiti.engine.impl.persistence.entity.TableDataManager  -   retrieved activiti table name ACT_RE_PROCDEF
10:44:56,468 [main] DEBUG org.activiti.engine.impl.persistence.entity.TableDataManager  -   retrieved activiti table name ACT_RU_EVENT_SUBSCR
10:44:56,468 [main] DEBUG org.activiti.engine.impl.persistence.entity.TableDataManager  -   retrieved activiti table name ACT_RU_EXECUTION
10:44:56,468 [main] DEBUG org.activiti.engine.impl.persistence.entity.TableDataManager  -   retrieved activiti table name ACT_RU_IDENTITYLINK
10:44:56,468 [main] DEBUG org.activiti.engine.impl.persistence.entity.TableDataManager  -   retrieved activiti table name ACT_RU_JOB
10:44:56,468 [main] DEBUG org.activiti.engine.impl.persistence.entity.TableDataManager  -   retrieved activiti table name ACT_RU_TASK
10:44:56,468 [main] DEBUG org.activiti.engine.impl.persistence.entity.TableDataManager  -   retrieved activiti table name ACT_RU_VARIABLE
10:44:56,468 [main] DEBUG org.activiti.engine.impl.persistence.entity.TableDataManager  - selecting table count for ACT_EVT_LOG
10:44:56,468 [main] DEBUG org.activiti.engine.impl.TablePageMap.selectTableCount  - ==&gt;  Preparing: select count(*) from ACT_EVT_LOG 
10:44:56,468 [main] DEBUG org.activiti.engine.impl.TablePageMap.selectTableCount  - ==&gt; Parameters: 
10:44:56,468 [main] DEBUG org.activiti.engine.impl.TablePageMap.selectTableCount  - &lt;==      Total: 1
10:44:56,468 [main] DEBUG org.activiti.engine.impl.persistence.entity.TableDataManager  - selecting table count for ACT_GE_BYTEARRAY
10:44:56,468 [main] DEBUG org.activiti.engine.impl.TablePageMap.selectTableCount  - ==&gt;  Preparing: select count(*) from ACT_GE_BYTEARRAY 
10:44:56,468 [main] DEBUG org.activiti.engine.impl.TablePageMap.selectTableCount  - ==&gt; Parameters: 
10:44:56,468 [main] DEBUG org.activiti.engine.impl.TablePageMap.selectTableCount  - &lt;==      Total: 1
10:44:56,468 [main] DEBUG org.activiti.engine.impl.persistence.entity.TableDataManager  - selecting table count for ACT_GE_PROPERTY
10:44:56,468 [main] DEBUG org.activiti.engine.impl.TablePageMap.selectTableCount  - ==&gt;  Preparing: select count(*) from ACT_GE_PROPERTY 
10:44:56,468 [main] DEBUG org.activiti.engine.impl.TablePageMap.selectTableCount  - ==&gt; Parameters: 
10:44:56,468 [main] DEBUG org.activiti.engine.impl.TablePageMap.selectTableCount  - &lt;==      Total: 1
10:44:56,468 [main] DEBUG org.activiti.engine.impl.persistence.entity.TableDataManager  - selecting table count for ACT_HI_ACTINST
10:44:56,468 [main] DEBUG org.activiti.engine.impl.TablePageMap.selectTableCount  - ==&gt;  Preparing: select count(*) from ACT_HI_ACTINST 
10:44:56,468 [main] DEBUG org.activiti.engine.impl.TablePageMap.selectTableCount  - ==&gt; Parameters: 
10:44:56,468 [main] DEBUG org.activiti.engine.impl.TablePageMap.selectTableCount  - &lt;==      Total: 1
10:44:56,468 [main] DEBUG org.activiti.engine.impl.persistence.entity.TableDataManager  - selecting table count for ACT_HI_ATTACHMENT
10:44:56,468 [main] DEBUG org.activiti.engine.impl.TablePageMap.selectTableCount  - ==&gt;  Preparing: select count(*) from ACT_HI_ATTACHMENT 
10:44:56,468 [main] DEBUG org.activiti.engine.impl.TablePageMap.selectTableCount  - ==&gt; Parameters: 
10:44:56,468 [main] DEBUG org.activiti.engine.impl.TablePageMap.selectTableCount  - &lt;==      Total: 1
10:44:56,468 [main] DEBUG org.activiti.engine.impl.persistence.entity.TableDataManager  - selecting table count for ACT_HI_COMMENT
10:44:56,468 [main] DEBUG org.activiti.engine.impl.TablePageMap.selectTableCount  - ==&gt;  Preparing: select count(*) from ACT_HI_COMMENT 
10:44:56,468 [main] DEBUG org.activiti.engine.impl.TablePageMap.selectTableCount  - ==&gt; Parameters: 
10:44:56,468 [main] DEBUG org.activiti.engine.impl.TablePageMap.selectTableCount  - &lt;==      Total: 1
10:44:56,468 [main] DEBUG org.activiti.engine.impl.persistence.entity.TableDataManager  - selecting table count for ACT_HI_DETAIL
10:44:56,468 [main] DEBUG org.activiti.engine.impl.TablePageMap.selectTableCount  - ==&gt;  Preparing: select count(*) from ACT_HI_DETAIL 
10:44:56,468 [main] DEBUG org.activiti.engine.impl.TablePageMap.selectTableCount  - ==&gt; Parameters: 
10:44:56,468 [main] DEBUG org.activiti.engine.impl.TablePageMap.selectTableCount  - &lt;==      Total: 1
10:44:56,468 [main] DEBUG org.activiti.engine.impl.persistence.entity.TableDataManager  - selecting table count for ACT_HI_IDENTITYLINK
10:44:56,468 [main] DEBUG org.activiti.engine.impl.TablePageMap.selectTableCount  - ==&gt;  Preparing: select count(*) from ACT_HI_IDENTITYLINK 
10:44:56,468 [main] DEBUG org.activiti.engine.impl.TablePageMap.selectTableCount  - ==&gt; Parameters: 
10:44:56,468 [main] DEBUG org.activiti.engine.impl.TablePageMap.selectTableCount  - &lt;==      Total: 1
10:44:56,468 [main] DEBUG org.activiti.engine.impl.persistence.entity.TableDataManager  - selecting table count for ACT_HI_PROCINST
10:44:56,468 [main] DEBUG org.activiti.engine.impl.TablePageMap.selectTableCount  - ==&gt;  Preparing: select count(*) from ACT_HI_PROCINST 
10:44:56,468 [main] DEBUG org.activiti.engine.impl.TablePageMap.selectTableCount  - ==&gt; Parameters: 
10:44:56,468 [main] DEBUG org.activiti.engine.impl.TablePageMap.selectTableCount  - &lt;==      Total: 1
10:44:56,468 [main] DEBUG org.activiti.engine.impl.persistence.entity.TableDataManager  - selecting table count for ACT_HI_TASKINST
10:44:56,468 [main] DEBUG org.activiti.engine.impl.TablePageMap.selectTableCount  - ==&gt;  Preparing: select count(*) from ACT_HI_TASKINST 
10:44:56,468 [main] DEBUG org.activiti.engine.impl.TablePageMap.selectTableCount  - ==&gt; Parameters: 
10:44:56,468 [main] DEBUG org.activiti.engine.impl.TablePageMap.selectTableCount  - &lt;==      Total: 1
10:44:56,468 [main] DEBUG org.activiti.engine.impl.persistence.entity.TableDataManager  - selecting table count for ACT_HI_VARINST
10:44:56,468 [main] DEBUG org.activiti.engine.impl.TablePageMap.selectTableCount  - ==&gt;  Preparing: select count(*) from ACT_HI_VARINST 
10:44:56,468 [main] DEBUG org.activiti.engine.impl.TablePageMap.selectTableCount  - ==&gt; Parameters: 
10:44:56,468 [main] DEBUG org.activiti.engine.impl.TablePageMap.selectTableCount  - &lt;==      Total: 1
10:44:56,468 [main] DEBUG org.activiti.engine.impl.persistence.entity.TableDataManager  - selecting table count for ACT_ID_GROUP
10:44:56,468 [main] DEBUG org.activiti.engine.impl.TablePageMap.selectTableCount  - ==&gt;  Preparing: select count(*) from ACT_ID_GROUP 
10:44:56,468 [main] DEBUG org.activiti.engine.impl.TablePageMap.selectTableCount  - ==&gt; Parameters: 
10:44:56,468 [main] DEBUG org.activiti.engine.impl.TablePageMap.selectTableCount  - &lt;==      Total: 1
10:44:56,468 [main] DEBUG org.activiti.engine.impl.persistence.entity.TableDataManager  - selecting table count for ACT_ID_INFO
10:44:56,468 [main] DEBUG org.activiti.engine.impl.TablePageMap.selectTableCount  - ==&gt;  Preparing: select count(*) from ACT_ID_INFO 
10:44:56,468 [main] DEBUG org.activiti.engine.impl.TablePageMap.selectTableCount  - ==&gt; Parameters: 
10:44:56,468 [main] DEBUG org.activiti.engine.impl.TablePageMap.selectTableCount  - &lt;==      Total: 1
10:44:56,468 [main] DEBUG org.activiti.engine.impl.persistence.entity.TableDataManager  - selecting table count for ACT_ID_MEMBERSHIP
10:44:56,468 [main] DEBUG org.activiti.engine.impl.TablePageMap.selectTableCount  - ==&gt;  Preparing: select count(*) from ACT_ID_MEMBERSHIP 
10:44:56,468 [main] DEBUG org.activiti.engine.impl.TablePageMap.selectTableCount  - ==&gt; Parameters: 
10:44:56,468 [main] DEBUG org.activiti.engine.impl.TablePageMap.selectTableCount  - &lt;==      Total: 1
10:44:56,468 [main] DEBUG org.activiti.engine.impl.persistence.entity.TableDataManager  - selecting table count for ACT_ID_USER
10:44:56,468 [main] DEBUG org.activiti.engine.impl.TablePageMap.selectTableCount  - ==&gt;  Preparing: select count(*) from ACT_ID_USER 
10:44:56,468 [main] DEBUG org.activiti.engine.impl.TablePageMap.selectTableCount  - ==&gt; Parameters: 
10:44:56,468 [main] DEBUG org.activiti.engine.impl.TablePageMap.selectTableCount  - &lt;==      Total: 1
10:44:56,468 [main] DEBUG org.activiti.engine.impl.persistence.entity.TableDataManager  - selecting table count for ACT_PROCDEF_INFO
10:44:56,468 [main] DEBUG org.activiti.engine.impl.TablePageMap.selectTableCount  - ==&gt;  Preparing: select count(*) from ACT_PROCDEF_INFO 
10:44:56,468 [main] DEBUG org.activiti.engine.impl.TablePageMap.selectTableCount  - ==&gt; Parameters: 
10:44:56,468 [main] DEBUG org.activiti.engine.impl.TablePageMap.selectTableCount  - &lt;==      Total: 1
10:44:56,468 [main] DEBUG org.activiti.engine.impl.persistence.entity.TableDataManager  - selecting table count for ACT_RE_DEPLOYMENT
10:44:56,468 [main] DEBUG org.activiti.engine.impl.TablePageMap.selectTableCount  - ==&gt;  Preparing: select count(*) from ACT_RE_DEPLOYMENT 
10:44:56,468 [main] DEBUG org.activiti.engine.impl.TablePageMap.selectTableCount  - ==&gt; Parameters: 
10:44:56,468 [main] DEBUG org.activiti.engine.impl.TablePageMap.selectTableCount  - &lt;==      Total: 1
10:44:56,468 [main] DEBUG org.activiti.engine.impl.persistence.entity.TableDataManager  - selecting table count for ACT_RE_MODEL
10:44:56,468 [main] DEBUG org.activiti.engine.impl.TablePageMap.selectTableCount  - ==&gt;  Preparing: select count(*) from ACT_RE_MODEL 
10:44:56,468 [main] DEBUG org.activiti.engine.impl.TablePageMap.selectTableCount  - ==&gt; Parameters: 
10:44:56,468 [main] DEBUG org.activiti.engine.impl.TablePageMap.selectTableCount  - &lt;==      Total: 1
10:44:56,468 [main] DEBUG org.activiti.engine.impl.persistence.entity.TableDataManager  - selecting table count for ACT_RE_PROCDEF
10:44:56,468 [main] DEBUG org.activiti.engine.impl.TablePageMap.selectTableCount  - ==&gt;  Preparing: select count(*) from ACT_RE_PROCDEF 
10:44:56,468 [main] DEBUG org.activiti.engine.impl.TablePageMap.selectTableCount  - ==&gt; Parameters: 
10:44:56,468 [main] DEBUG org.activiti.engine.impl.TablePageMap.selectTableCount  - &lt;==      Total: 1
10:44:56,468 [main] DEBUG org.activiti.engine.impl.persistence.entity.TableDataManager  - selecting table count for ACT_RU_EVENT_SUBSCR
10:44:56,468 [main] DEBUG org.activiti.engine.impl.TablePageMap.selectTableCount  - ==&gt;  Preparing: select count(*) from ACT_RU_EVENT_SUBSCR 
10:44:56,468 [main] DEBUG org.activiti.engine.impl.TablePageMap.selectTableCount  - ==&gt; Parameters: 
10:44:56,468 [main] DEBUG org.activiti.engine.impl.TablePageMap.selectTableCount  - &lt;==      Total: 1
10:44:56,468 [main] DEBUG org.activiti.engine.impl.persistence.entity.TableDataManager  - selecting table count for ACT_RU_EXECUTION
10:44:56,468 [main] DEBUG org.activiti.engine.impl.TablePageMap.selectTableCount  - ==&gt;  Preparing: select count(*) from ACT_RU_EXECUTION 
10:44:56,468 [main] DEBUG org.activiti.engine.impl.TablePageMap.selectTableCount  - ==&gt; Parameters: 
10:44:56,468 [main] DEBUG org.activiti.engine.impl.TablePageMap.selectTableCount  - &lt;==      Total: 1
10:44:56,468 [main] DEBUG org.activiti.engine.impl.persistence.entity.TableDataManager  - selecting table count for ACT_RU_IDENTITYLINK
10:44:56,468 [main] DEBUG org.activiti.engine.impl.TablePageMap.selectTableCount  - ==&gt;  Preparing: select count(*) from ACT_RU_IDENTITYLINK 
10:44:56,468 [main] DEBUG org.activiti.engine.impl.TablePageMap.selectTableCount  - ==&gt; Parameters: 
10:44:56,468 [main] DEBUG org.activiti.engine.impl.TablePageMap.selectTableCount  - &lt;==      Total: 1
10:44:56,468 [main] DEBUG org.activiti.engine.impl.persistence.entity.TableDataManager  - selecting table count for ACT_RU_JOB
10:44:56,468 [main] DEBUG org.activiti.engine.impl.TablePageMap.selectTableCount  - ==&gt;  Preparing: select count(*) from ACT_RU_JOB 
10:44:56,468 [main] DEBUG org.activiti.engine.impl.TablePageMap.selectTableCount  - ==&gt; Parameters: 
10:44:56,468 [main] DEBUG org.activiti.engine.impl.TablePageMap.selectTableCount  - &lt;==      Total: 1
10:44:56,468 [main] DEBUG org.activiti.engine.impl.persistence.entity.TableDataManager  - selecting table count for ACT_RU_TASK
10:44:56,468 [main] DEBUG org.activiti.engine.impl.TablePageMap.selectTableCount  - ==&gt;  Preparing: select count(*) from ACT_RU_TASK 
10:44:56,468 [main] DEBUG org.activiti.engine.impl.TablePageMap.selectTableCount  - ==&gt; Parameters: 
10:44:56,468 [main] DEBUG org.activiti.engine.impl.TablePageMap.selectTableCount  - &lt;==      Total: 1
10:44:56,468 [main] DEBUG org.activiti.engine.impl.persistence.entity.TableDataManager  - selecting table count for ACT_RU_VARIABLE
10:44:56,468 [main] DEBUG org.activiti.engine.impl.TablePageMap.selectTableCount  - ==&gt;  Preparing: select count(*) from ACT_RU_VARIABLE 
10:44:56,468 [main] DEBUG org.activiti.engine.impl.TablePageMap.selectTableCount  - ==&gt; Parameters: 
10:44:56,468 [main] DEBUG org.activiti.engine.impl.TablePageMap.selectTableCount  - &lt;==      Total: 1
10:44:56,468 [main] DEBUG org.activiti.engine.impl.persistence.entity.TableDataManager  - Number of rows per activiti table: {ACT_RU_EVENT_SUBSCR=0, ACT_ID_USER=0, ACT_HI_ATTACHMENT=0, ACT_GE_BYTEARRAY=0, ACT_RE_MODEL=0, ACT_RU_VARIABLE=0, ACT_RU_TASK=0, ACT_RE_DEPLOYMENT=0, ACT_RE_PROCDEF=0, ACT_ID_GROUP=0, ACT_HI_VARINST=0, ACT_HI_COMMENT=0, ACT_HI_PROCINST=0, ACT_ID_INFO=0, ACT_ID_MEMBERSHIP=0, ACT_RU_JOB=0, ACT_PROCDEF_INFO=0, ACT_HI_ACTINST=0, ACT_RU_EXECUTION=0, ACT_HI_TASKINST=0, ACT_HI_DETAIL=0, ACT_EVT_LOG=0, ACT_HI_IDENTITYLINK=0, ACT_RU_IDENTITYLINK=0, ACT_GE_PROPERTY=3}
10:44:56,468 [main] DEBUG org.activiti.engine.impl.db.DbSqlSession  - flush summary: 0 insert, 0 update, 0 delete.
10:44:56,468 [main] DEBUG org.activiti.engine.impl.db.DbSqlSession  - now executing flush...
10:44:56,468 [main] DEBUG org.activiti.engine.impl.cfg.standalone.StandaloneMybatisTransactionContext  - firing event committing...
10:44:56,468 [main] DEBUG org.activiti.engine.impl.cfg.standalone.StandaloneMybatisTransactionContext  - committing the ibatis sql session...
10:44:56,468 [main] DEBUG org.activiti.engine.impl.cfg.standalone.StandaloneMybatisTransactionContext  - firing event committed...
10:44:56,468 [main] DEBUG org.apache.ibatis.transaction.jdbc.JdbcTransaction  - Resetting autocommit to true on JDBC Connection [conn4: url=jdbc:h2:mem:activiti user=SA]
10:44:56,468 [main] DEBUG org.apache.ibatis.transaction.jdbc.JdbcTransaction  - Closing JDBC Connection [conn4: url=jdbc:h2:mem:activiti user=SA]
10:44:56,468 [main] DEBUG org.apache.ibatis.datasource.pooled.PooledDataSource  - Returned connection 297240765 to pool.
10:44:56,468 [main] DEBUG org.activiti.engine.impl.interceptor.LogInterceptor  - --- GetTableCountCmd finished --------------------------------------------------------
10:44:56,468 [main] DEBUG org.activiti.engine.impl.interceptor.LogInterceptor  - 

10:44:56,468 [main] INFO  org.activiti.engine.impl.test.PvmTestCase  - database was clean
</system-out>
  </testcase>
  <testcase classname="org.activiti.engine.test.api.identity.GroupQueryTest" name="testQueryByInvalidId" time="0.008">
    <error message="
### Error querying database.  Cause: org.h2.jdbc.JdbcSQLException: Syntax error in SQL statement &quot;SELECT RES.* 
     
    FROM ACT_ID_GROUP RES
     
     WHERE RES.ID_ = ? 
   
     ORDER BY  ORDER[*] BY RES.ID_ ASC  
    LIMIT ? OFFSET ? &quot;; expected &quot;=, NOT, EXISTS, INTERSECTS, SELECT, FROM&quot;; SQL statement:
select RES.* 
     
    from ACT_ID_GROUP RES
     
     WHERE RES.ID_ = ? 
   
     order by  order by RES.ID_ asc  
    LIMIT ? OFFSET ? [42001-176]
### The error may exist in org/activiti/db/mapping/entity/Group.xml
### The error may involve org.activiti.engine.impl.persistence.entity.GroupEntity.selectGroupByQueryCriteria
### The error occurred while executing a query
### SQL: select RES.*            from ACT_ID_GROUP RES            WHERE RES.ID_ = ?           order by  order by RES.ID_ asc       LIMIT ? OFFSET ?
### Cause: org.h2.jdbc.JdbcSQLException: Syntax error in SQL statement &quot;SELECT RES.* 
     
    FROM ACT_ID_GROUP RES
     
     WHERE RES.ID_ = ? 
   
     ORDER BY  ORDER[*] BY RES.ID_ ASC  
    LIMIT ? OFFSET ? &quot;; expected &quot;=, NOT, EXISTS, INTERSECTS, SELECT, FROM&quot;; SQL statement:
select RES.* 
     
    from ACT_ID_GROUP RES
     
     WHERE RES.ID_ = ? 
   
     order by  order by RES.ID_ asc  
    LIMIT ? OFFSET ? [42001-176]" type="org.apache.ibatis.exceptions.PersistenceException">org.apache.ibatis.exceptions.PersistenceException: 
### Error querying database.  Cause: org.h2.jdbc.JdbcSQLException: Syntax error in SQL statement &quot;SELECT RES.* 
     
    FROM ACT_ID_GROUP RES
     
     WHERE RES.ID_ = ? 
   
     ORDER BY  ORDER[*] BY RES.ID_ ASC  
    LIMIT ? OFFSET ? &quot;; expected &quot;=, NOT, EXISTS, INTERSECTS, SELECT, FROM&quot;; SQL statement:
select RES.* 
     
    from ACT_ID_GROUP RES
     
     WHERE RES.ID_ = ? 
   
     order by  order by RES.ID_ asc  
    LIMIT ? OFFSET ? [42001-176]
### The error may exist in org/activiti/db/mapping/entity/Group.xml
### The error may involve org.activiti.engine.impl.persistence.entity.GroupEntity.selectGroupByQueryCriteria
### The error occurred while executing a query
### SQL: select RES.*            from ACT_ID_GROUP RES            WHERE RES.ID_ = ?           order by  order by RES.ID_ asc       LIMIT ? OFFSET ?
### Cause: org.h2.jdbc.JdbcSQLException: Syntax error in SQL statement &quot;SELECT RES.* 
     
    FROM ACT_ID_GROUP RES
     
     WHERE RES.ID_ = ? 
   
     ORDER BY  ORDER[*] BY RES.ID_ ASC  
    LIMIT ? OFFSET ? &quot;; expected &quot;=, NOT, EXISTS, INTERSECTS, SELECT, FROM&quot;; SQL statement:
select RES.* 
     
    from ACT_ID_GROUP RES
     
     WHERE RES.ID_ = ? 
   
     order by  order by RES.ID_ asc  
    LIMIT ? OFFSET ? [42001-176]
	at org.apache.ibatis.exceptions.ExceptionFactory.wrapException(ExceptionFactory.java:30)
	at org.apache.ibatis.session.defaults.DefaultSqlSession.selectList(DefaultSqlSession.java:122)
	at org.apache.ibatis.session.defaults.DefaultSqlSession.selectList(DefaultSqlSession.java:113)
	at org.activiti.engine.impl.db.DbSqlSession.selectListWithRawParameter(DbSqlSession.java:438)
	at org.activiti.engine.impl.db.DbSqlSession.selectList(DbSqlSession.java:429)
	at org.activiti.engine.impl.db.DbSqlSession.selectList(DbSqlSession.java:419)
	at org.activiti.engine.impl.persistence.entity.GroupEntityManager.findGroupByQueryCriteria(GroupEntityManager.java:90)
	at org.activiti.engine.impl.GroupQueryImpl.executeList(GroupQueryImpl.java:125)
	at org.activiti.engine.impl.AbstractQuery.execute(AbstractQuery.java:164)
	at org.activiti.engine.impl.interceptor.CommandInvoker.execute(CommandInvoker.java:24)
	at org.activiti.engine.impl.interceptor.CommandContextInterceptor.execute(CommandContextInterceptor.java:57)
	at org.activiti.engine.impl.interceptor.LogInterceptor.execute(LogInterceptor.java:37)
	at org.activiti.engine.impl.cfg.CommandExecutorImpl.execute(CommandExecutorImpl.java:40)
	at org.activiti.engine.impl.cfg.CommandExecutorImpl.execute(CommandExecutorImpl.java:35)
	at org.activiti.engine.impl.AbstractQuery.list(AbstractQuery.java:138)
	at org.activiti.engine.test.api.identity.GroupQueryTest.verifyQueryResults(GroupQueryTest.java:221)
	at org.activiti.engine.test.api.identity.GroupQueryTest.testQueryByInvalidId(GroupQueryTest.java:85)
	at sun.reflect.NativeMethodAccessorImpl.invoke0(Native Method)
	at sun.reflect.NativeMethodAccessorImpl.invoke(NativeMethodAccessorImpl.java:62)
	at sun.reflect.DelegatingMethodAccessorImpl.invoke(DelegatingMethodAccessorImpl.java:43)
	at java.lang.reflect.Method.invoke(Method.java:498)
	at junit.framework.TestCase.runTest(TestCase.java:176)
	at org.activiti.engine.impl.test.PvmTestCase.runTest(PvmTestCase.java:65)
	at junit.framework.TestCase.runBare(TestCase.java:141)
	at org.activiti.engine.impl.test.AbstractActivitiTestCase.runBare(AbstractActivitiTestCase.java:100)
	at junit.framework.TestResult$1.protect(TestResult.java:122)
	at junit.framework.TestResult.runProtected(TestResult.java:142)
	at junit.framework.TestResult.run(TestResult.java:125)
	at junit.framework.TestCase.run(TestCase.java:129)
	at junit.framework.TestSuite.runTest(TestSuite.java:255)
	at junit.framework.TestSuite.run(TestSuite.java:250)
	at org.junit.internal.runners.JUnit38ClassRunner.run(JUnit38ClassRunner.java:84)
	at org.apache.maven.surefire.junit4.JUnit4TestSet.execute(JUnit4TestSet.java:35)
	at org.apache.maven.surefire.junit4.JUnit4Provider.executeTestSet(JUnit4Provider.java:146)
	at org.apache.maven.surefire.junit4.JUnit4Provider.invoke(JUnit4Provider.java:97)
	at sun.reflect.NativeMethodAccessorImpl.invoke0(Native Method)
	at sun.reflect.NativeMethodAccessorImpl.invoke(NativeMethodAccessorImpl.java:62)
	at sun.reflect.DelegatingMethodAccessorImpl.invoke(DelegatingMethodAccessorImpl.java:43)
	at java.lang.reflect.Method.invoke(Method.java:498)
	at org.apache.maven.surefire.booter.ProviderFactory$ClassLoaderProxy.invoke(ProviderFactory.java:103)
	at com.sun.proxy.$Proxy0.invoke(Unknown Source)
	at org.apache.maven.surefire.booter.SurefireStarter.invokeProvider(SurefireStarter.java:145)
	at org.apache.maven.surefire.booter.SurefireStarter.runSuitesInProcess(SurefireStarter.java:87)
	at org.apache.maven.surefire.booter.ForkedBooter.main(ForkedBooter.java:69)
Caused by: org.h2.jdbc.JdbcSQLException: Syntax error in SQL statement &quot;SELECT RES.* 
     
    FROM ACT_ID_GROUP RES
     
     WHERE RES.ID_ = ? 
   
     ORDER BY  ORDER[*] BY RES.ID_ ASC  
    LIMIT ? OFFSET ? &quot;; expected &quot;=, NOT, EXISTS, INTERSECTS, SELECT, FROM&quot;; SQL statement:
select RES.* 
     
    from ACT_ID_GROUP RES
     
     WHERE RES.ID_ = ? 
   
     order by  order by RES.ID_ asc  
    LIMIT ? OFFSET ? [42001-176]
	at org.h2.message.DbException.getJdbcSQLException(DbException.java:344)
	at org.h2.message.DbException.getSyntaxError(DbException.java:204)
	at org.h2.command.Parser.getSyntaxError(Parser.java:524)
	at org.h2.command.Parser.readTerm(Parser.java:2688)
	at org.h2.command.Parser.readFactor(Parser.java:2244)
	at org.h2.command.Parser.readSum(Parser.java:2231)
	at org.h2.command.Parser.readConcat(Parser.java:2201)
	at org.h2.command.Parser.readCondition(Parser.java:2051)
	at org.h2.command.Parser.readAnd(Parser.java:2023)
	at org.h2.command.Parser.readExpression(Parser.java:2015)
	at org.h2.command.Parser.parseEndOfQuery(Parser.java:1726)
	at org.h2.command.Parser.parseSelectUnionExtension(Parser.java:1706)
	at org.h2.command.Parser.parseSelectUnion(Parser.java:1675)
	at org.h2.command.Parser.parseSelect(Parser.java:1662)
	at org.h2.command.Parser.parsePrepared(Parser.java:434)
	at org.h2.command.Parser.parse(Parser.java:306)
	at org.h2.command.Parser.parse(Parser.java:282)
	at org.h2.command.Parser.prepareCommand(Parser.java:243)
	at org.h2.engine.Session.prepareLocal(Session.java:442)
	at org.h2.engine.Session.prepareCommand(Session.java:384)
	at org.h2.jdbc.JdbcConnection.prepareCommand(JdbcConnection.java:1188)
	at org.h2.jdbc.JdbcPreparedStatement.&lt;init&gt;(JdbcPreparedStatement.java:73)
	at org.h2.jdbc.JdbcConnection.prepareStatement(JdbcConnection.java:276)
	at sun.reflect.GeneratedMethodAccessor6.invoke(Unknown Source)
	at sun.reflect.DelegatingMethodAccessorImpl.invoke(DelegatingMethodAccessorImpl.java:43)
	at java.lang.reflect.Method.invoke(Method.java:498)
	at org.apache.ibatis.datasource.pooled.PooledConnection.invoke(PooledConnection.java:245)
	at com.sun.proxy.$Proxy12.prepareStatement(Unknown Source)
	at sun.reflect.GeneratedMethodAccessor6.invoke(Unknown Source)
	at sun.reflect.DelegatingMethodAccessorImpl.invoke(DelegatingMethodAccessorImpl.java:43)
	at java.lang.reflect.Method.invoke(Method.java:498)
	at org.apache.ibatis.logging.jdbc.ConnectionLogger.invoke(ConnectionLogger.java:55)
	at com.sun.proxy.$Proxy12.prepareStatement(Unknown Source)
	at org.apache.ibatis.executor.statement.PreparedStatementHandler.instantiateStatement(PreparedStatementHandler.java:79)
	at org.apache.ibatis.executor.statement.BaseStatementHandler.prepare(BaseStatementHandler.java:88)
	at org.apache.ibatis.executor.statement.RoutingStatementHandler.prepare(RoutingStatementHandler.java:58)
	at org.apache.ibatis.executor.SimpleExecutor.prepareStatement(SimpleExecutor.java:76)
	at org.apache.ibatis.executor.SimpleExecutor.doQuery(SimpleExecutor.java:61)
	at org.apache.ibatis.executor.BaseExecutor.queryFromDatabase(BaseExecutor.java:303)
	at org.apache.ibatis.executor.BaseExecutor.query(BaseExecutor.java:154)
	at org.apache.ibatis.executor.CachingExecutor.query(CachingExecutor.java:102)
	at org.apache.ibatis.executor.CachingExecutor.query(CachingExecutor.java:82)
	at org.apache.ibatis.session.defaults.DefaultSqlSession.selectList(DefaultSqlSession.java:120)
	... 42 more
</error>
    <system-out>10:44:56,469 [main] DEBUG org.activiti.engine.impl.interceptor.LogInterceptor  - 

10:44:56,469 [main] DEBUG org.activiti.engine.impl.interceptor.LogInterceptor  - --- starting CreateGroupCmd --------------------------------------------------------
10:44:56,469 [main] DEBUG org.activiti.engine.impl.cfg.standalone.StandaloneMybatisTransactionContext  - firing event committing...
10:44:56,469 [main] DEBUG org.activiti.engine.impl.cfg.standalone.StandaloneMybatisTransactionContext  - committing the ibatis sql session...
10:44:56,469 [main] DEBUG org.activiti.engine.impl.cfg.standalone.StandaloneMybatisTransactionContext  - firing event committed...
10:44:56,469 [main] DEBUG org.activiti.engine.impl.interceptor.LogInterceptor  - --- CreateGroupCmd finished --------------------------------------------------------
10:44:56,469 [main] DEBUG org.activiti.engine.impl.interceptor.LogInterceptor  - 

10:44:56,469 [main] DEBUG org.activiti.engine.impl.interceptor.LogInterceptor  - 

10:44:56,469 [main] DEBUG org.activiti.engine.impl.interceptor.LogInterceptor  - --- starting SaveGroupCmd --------------------------------------------------------
10:44:56,469 [main] DEBUG org.activiti.engine.impl.db.DbSqlSession  -   insert org.activiti.engine.impl.persistence.entity.GroupEntity@3119cf6f
10:44:56,469 [main] DEBUG org.activiti.engine.impl.db.DbSqlSession  - flush summary: 1 insert, 0 update, 0 delete.
10:44:56,469 [main] DEBUG org.activiti.engine.impl.db.DbSqlSession  - now executing flush...
10:44:56,469 [main] DEBUG org.activiti.engine.impl.db.DbSqlSession  - inserting: org.activiti.engine.impl.persistence.entity.GroupEntity@3119cf6f
10:44:56,469 [main] DEBUG org.apache.ibatis.transaction.jdbc.JdbcTransaction  - Opening JDBC Connection
10:44:56,469 [main] DEBUG org.apache.ibatis.datasource.pooled.PooledDataSource  - Checked out connection 363509958 from pool.
10:44:56,469 [main] DEBUG org.apache.ibatis.transaction.jdbc.JdbcTransaction  - Setting autocommit to false on JDBC Connection [conn2: url=jdbc:h2:mem:activiti user=SA]
10:44:56,469 [main] DEBUG org.activiti.engine.impl.persistence.entity.GroupEntity.insertGroup  - ==&gt;  Preparing: insert into ACT_ID_GROUP (ID_, REV_, NAME_, TYPE_) values ( ?, 1, ?, ? ) 
10:44:56,469 [main] DEBUG org.activiti.engine.impl.persistence.entity.GroupEntity.insertGroup  - ==&gt; Parameters: muppets(String), Muppet show characters(String), user(String)
10:44:56,469 [main] DEBUG org.activiti.engine.impl.persistence.entity.GroupEntity.insertGroup  - &lt;==    Updates: 1
10:44:56,469 [main] DEBUG org.activiti.engine.impl.cfg.standalone.StandaloneMybatisTransactionContext  - firing event committing...
10:44:56,469 [main] DEBUG org.activiti.engine.impl.cfg.standalone.StandaloneMybatisTransactionContext  - committing the ibatis sql session...
10:44:56,469 [main] DEBUG org.apache.ibatis.transaction.jdbc.JdbcTransaction  - Committing JDBC Connection [conn2: url=jdbc:h2:mem:activiti user=SA]
10:44:56,469 [main] DEBUG org.activiti.engine.impl.cfg.standalone.StandaloneMybatisTransactionContext  - firing event committed...
10:44:56,469 [main] DEBUG org.apache.ibatis.transaction.jdbc.JdbcTransaction  - Resetting autocommit to true on JDBC Connection [conn2: url=jdbc:h2:mem:activiti user=SA]
10:44:56,469 [main] DEBUG org.apache.ibatis.transaction.jdbc.JdbcTransaction  - Closing JDBC Connection [conn2: url=jdbc:h2:mem:activiti user=SA]
10:44:56,469 [main] DEBUG org.apache.ibatis.datasource.pooled.PooledDataSource  - Returned connection 363509958 to pool.
10:44:56,469 [main] DEBUG org.activiti.engine.impl.interceptor.LogInterceptor  - --- SaveGroupCmd finished --------------------------------------------------------
10:44:56,469 [main] DEBUG org.activiti.engine.impl.interceptor.LogInterceptor  - 

10:44:56,469 [main] DEBUG org.activiti.engine.impl.interceptor.LogInterceptor  - 

10:44:56,469 [main] DEBUG org.activiti.engine.impl.interceptor.LogInterceptor  - --- starting CreateGroupCmd --------------------------------------------------------
10:44:56,469 [main] DEBUG org.activiti.engine.impl.cfg.standalone.StandaloneMybatisTransactionContext  - firing event committing...
10:44:56,469 [main] DEBUG org.activiti.engine.impl.cfg.standalone.StandaloneMybatisTransactionContext  - committing the ibatis sql session...
10:44:56,469 [main] DEBUG org.activiti.engine.impl.cfg.standalone.StandaloneMybatisTransactionContext  - firing event committed...
10:44:56,469 [main] DEBUG org.activiti.engine.impl.interceptor.LogInterceptor  - --- CreateGroupCmd finished --------------------------------------------------------
10:44:56,469 [main] DEBUG org.activiti.engine.impl.interceptor.LogInterceptor  - 

10:44:56,469 [main] DEBUG org.activiti.engine.impl.interceptor.LogInterceptor  - 

10:44:56,469 [main] DEBUG org.activiti.engine.impl.interceptor.LogInterceptor  - --- starting SaveGroupCmd --------------------------------------------------------
10:44:56,469 [main] DEBUG org.activiti.engine.impl.db.DbSqlSession  -   insert org.activiti.engine.impl.persistence.entity.GroupEntity@6dc9da2d
10:44:56,469 [main] DEBUG org.activiti.engine.impl.db.DbSqlSession  - flush summary: 1 insert, 0 update, 0 delete.
10:44:56,469 [main] DEBUG org.activiti.engine.impl.db.DbSqlSession  - now executing flush...
10:44:56,469 [main] DEBUG org.activiti.engine.impl.db.DbSqlSession  - inserting: org.activiti.engine.impl.persistence.entity.GroupEntity@6dc9da2d
10:44:56,469 [main] DEBUG org.apache.ibatis.transaction.jdbc.JdbcTransaction  - Opening JDBC Connection
10:44:56,469 [main] DEBUG org.apache.ibatis.datasource.pooled.PooledDataSource  - Checked out connection 180014677 from pool.
10:44:56,469 [main] DEBUG org.apache.ibatis.transaction.jdbc.JdbcTransaction  - Setting autocommit to false on JDBC Connection [conn3: url=jdbc:h2:mem:activiti user=SA]
10:44:56,469 [main] DEBUG org.activiti.engine.impl.persistence.entity.GroupEntity.insertGroup  - ==&gt;  Preparing: insert into ACT_ID_GROUP (ID_, REV_, NAME_, TYPE_) values ( ?, 1, ?, ? ) 
10:44:56,469 [main] DEBUG org.activiti.engine.impl.persistence.entity.GroupEntity.insertGroup  - ==&gt; Parameters: frogs(String), Famous frogs(String), user(String)
10:44:56,469 [main] DEBUG org.activiti.engine.impl.persistence.entity.GroupEntity.insertGroup  - &lt;==    Updates: 1
10:44:56,469 [main] DEBUG org.activiti.engine.impl.cfg.standalone.StandaloneMybatisTransactionContext  - firing event committing...
10:44:56,469 [main] DEBUG org.activiti.engine.impl.cfg.standalone.StandaloneMybatisTransactionContext  - committing the ibatis sql session...
10:44:56,469 [main] DEBUG org.apache.ibatis.transaction.jdbc.JdbcTransaction  - Committing JDBC Connection [conn3: url=jdbc:h2:mem:activiti user=SA]
10:44:56,469 [main] DEBUG org.activiti.engine.impl.cfg.standalone.StandaloneMybatisTransactionContext  - firing event committed...
10:44:56,469 [main] DEBUG org.apache.ibatis.transaction.jdbc.JdbcTransaction  - Resetting autocommit to true on JDBC Connection [conn3: url=jdbc:h2:mem:activiti user=SA]
10:44:56,469 [main] DEBUG org.apache.ibatis.transaction.jdbc.JdbcTransaction  - Closing JDBC Connection [conn3: url=jdbc:h2:mem:activiti user=SA]
10:44:56,469 [main] DEBUG org.apache.ibatis.datasource.pooled.PooledDataSource  - Returned connection 180014677 to pool.
10:44:56,469 [main] DEBUG org.activiti.engine.impl.interceptor.LogInterceptor  - --- SaveGroupCmd finished --------------------------------------------------------
10:44:56,469 [main] DEBUG org.activiti.engine.impl.interceptor.LogInterceptor  - 

10:44:56,469 [main] DEBUG org.activiti.engine.impl.interceptor.LogInterceptor  - 

10:44:56,469 [main] DEBUG org.activiti.engine.impl.interceptor.LogInterceptor  - --- starting CreateGroupCmd --------------------------------------------------------
10:44:56,469 [main] DEBUG org.activiti.engine.impl.cfg.standalone.StandaloneMybatisTransactionContext  - firing event committing...
10:44:56,469 [main] DEBUG org.activiti.engine.impl.cfg.standalone.StandaloneMybatisTransactionContext  - committing the ibatis sql session...
10:44:56,469 [main] DEBUG org.activiti.engine.impl.cfg.standalone.StandaloneMybatisTransactionContext  - firing event committed...
10:44:56,469 [main] DEBUG org.activiti.engine.impl.interceptor.LogInterceptor  - --- CreateGroupCmd finished --------------------------------------------------------
10:44:56,469 [main] DEBUG org.activiti.engine.impl.interceptor.LogInterceptor  - 

10:44:56,469 [main] DEBUG org.activiti.engine.impl.interceptor.LogInterceptor  - 

10:44:56,469 [main] DEBUG org.activiti.engine.impl.interceptor.LogInterceptor  - --- starting SaveGroupCmd --------------------------------------------------------
10:44:56,469 [main] DEBUG org.activiti.engine.impl.db.DbSqlSession  -   insert org.activiti.engine.impl.persistence.entity.GroupEntity@1d408060
10:44:56,469 [main] DEBUG org.activiti.engine.impl.db.DbSqlSession  - flush summary: 1 insert, 0 update, 0 delete.
10:44:56,469 [main] DEBUG org.activiti.engine.impl.db.DbSqlSession  - now executing flush...
10:44:56,469 [main] DEBUG org.activiti.engine.impl.db.DbSqlSession  - inserting: org.activiti.engine.impl.persistence.entity.GroupEntity@1d408060
10:44:56,469 [main] DEBUG org.apache.ibatis.transaction.jdbc.JdbcTransaction  - Opening JDBC Connection
10:44:56,469 [main] DEBUG org.apache.ibatis.datasource.pooled.PooledDataSource  - Checked out connection 297240765 from pool.
10:44:56,469 [main] DEBUG org.apache.ibatis.transaction.jdbc.JdbcTransaction  - Setting autocommit to false on JDBC Connection [conn4: url=jdbc:h2:mem:activiti user=SA]
10:44:56,469 [main] DEBUG org.activiti.engine.impl.persistence.entity.GroupEntity.insertGroup  - ==&gt;  Preparing: insert into ACT_ID_GROUP (ID_, REV_, NAME_, TYPE_) values ( ?, 1, ?, ? ) 
10:44:56,469 [main] DEBUG org.activiti.engine.impl.persistence.entity.GroupEntity.insertGroup  - ==&gt; Parameters: mammals(String), Famous mammals from eighties(String), user(String)
10:44:56,469 [main] DEBUG org.activiti.engine.impl.persistence.entity.GroupEntity.insertGroup  - &lt;==    Updates: 1
10:44:56,469 [main] DEBUG org.activiti.engine.impl.cfg.standalone.StandaloneMybatisTransactionContext  - firing event committing...
10:44:56,469 [main] DEBUG org.activiti.engine.impl.cfg.standalone.StandaloneMybatisTransactionContext  - committing the ibatis sql session...
10:44:56,469 [main] DEBUG org.apache.ibatis.transaction.jdbc.JdbcTransaction  - Committing JDBC Connection [conn4: url=jdbc:h2:mem:activiti user=SA]
10:44:56,469 [main] DEBUG org.activiti.engine.impl.cfg.standalone.StandaloneMybatisTransactionContext  - firing event committed...
10:44:56,469 [main] DEBUG org.apache.ibatis.transaction.jdbc.JdbcTransaction  - Resetting autocommit to true on JDBC Connection [conn4: url=jdbc:h2:mem:activiti user=SA]
10:44:56,469 [main] DEBUG org.apache.ibatis.transaction.jdbc.JdbcTransaction  - Closing JDBC Connection [conn4: url=jdbc:h2:mem:activiti user=SA]
10:44:56,469 [main] DEBUG org.apache.ibatis.datasource.pooled.PooledDataSource  - Returned connection 297240765 to pool.
10:44:56,469 [main] DEBUG org.activiti.engine.impl.interceptor.LogInterceptor  - --- SaveGroupCmd finished --------------------------------------------------------
10:44:56,469 [main] DEBUG org.activiti.engine.impl.interceptor.LogInterceptor  - 

10:44:56,469 [main] DEBUG org.activiti.engine.impl.interceptor.LogInterceptor  - 

10:44:56,469 [main] DEBUG org.activiti.engine.impl.interceptor.LogInterceptor  - --- starting CreateGroupCmd --------------------------------------------------------
10:44:56,469 [main] DEBUG org.activiti.engine.impl.cfg.standalone.StandaloneMybatisTransactionContext  - firing event committing...
10:44:56,469 [main] DEBUG org.activiti.engine.impl.cfg.standalone.StandaloneMybatisTransactionContext  - committing the ibatis sql session...
10:44:56,469 [main] DEBUG org.activiti.engine.impl.cfg.standalone.StandaloneMybatisTransactionContext  - firing event committed...
10:44:56,469 [main] DEBUG org.activiti.engine.impl.interceptor.LogInterceptor  - --- CreateGroupCmd finished --------------------------------------------------------
10:44:56,469 [main] DEBUG org.activiti.engine.impl.interceptor.LogInterceptor  - 

10:44:56,469 [main] DEBUG org.activiti.engine.impl.interceptor.LogInterceptor  - 

10:44:56,469 [main] DEBUG org.activiti.engine.impl.interceptor.LogInterceptor  - --- starting SaveGroupCmd --------------------------------------------------------
10:44:56,469 [main] DEBUG org.activiti.engine.impl.db.DbSqlSession  -   insert org.activiti.engine.impl.persistence.entity.GroupEntity@68a78f3c
10:44:56,469 [main] DEBUG org.activiti.engine.impl.db.DbSqlSession  - flush summary: 1 insert, 0 update, 0 delete.
10:44:56,469 [main] DEBUG org.activiti.engine.impl.db.DbSqlSession  - now executing flush...
10:44:56,469 [main] DEBUG org.activiti.engine.impl.db.DbSqlSession  - inserting: org.activiti.engine.impl.persistence.entity.GroupEntity@68a78f3c
10:44:56,469 [main] DEBUG org.apache.ibatis.transaction.jdbc.JdbcTransaction  - Opening JDBC Connection
10:44:56,469 [main] DEBUG org.apache.ibatis.datasource.pooled.PooledDataSource  - Checked out connection 363509958 from pool.
10:44:56,469 [main] DEBUG org.apache.ibatis.transaction.jdbc.JdbcTransaction  - Setting autocommit to false on JDBC Connection [conn2: url=jdbc:h2:mem:activiti user=SA]
10:44:56,469 [main] DEBUG org.activiti.engine.impl.persistence.entity.GroupEntity.insertGroup  - ==&gt;  Preparing: insert into ACT_ID_GROUP (ID_, REV_, NAME_, TYPE_) values ( ?, 1, ?, ? ) 
10:44:56,470 [main] DEBUG org.activiti.engine.impl.persistence.entity.GroupEntity.insertGroup  - ==&gt; Parameters: admin(String), Administrators(String), security(String)
10:44:56,470 [main] DEBUG org.activiti.engine.impl.persistence.entity.GroupEntity.insertGroup  - &lt;==    Updates: 1
10:44:56,470 [main] DEBUG org.activiti.engine.impl.cfg.standalone.StandaloneMybatisTransactionContext  - firing event committing...
10:44:56,470 [main] DEBUG org.activiti.engine.impl.cfg.standalone.StandaloneMybatisTransactionContext  - committing the ibatis sql session...
10:44:56,470 [main] DEBUG org.apache.ibatis.transaction.jdbc.JdbcTransaction  - Committing JDBC Connection [conn2: url=jdbc:h2:mem:activiti user=SA]
10:44:56,470 [main] DEBUG org.activiti.engine.impl.cfg.standalone.StandaloneMybatisTransactionContext  - firing event committed...
10:44:56,470 [main] DEBUG org.apache.ibatis.transaction.jdbc.JdbcTransaction  - Resetting autocommit to true on JDBC Connection [conn2: url=jdbc:h2:mem:activiti user=SA]
10:44:56,470 [main] DEBUG org.apache.ibatis.transaction.jdbc.JdbcTransaction  - Closing JDBC Connection [conn2: url=jdbc:h2:mem:activiti user=SA]
10:44:56,470 [main] DEBUG org.apache.ibatis.datasource.pooled.PooledDataSource  - Returned connection 363509958 to pool.
10:44:56,470 [main] DEBUG org.activiti.engine.impl.interceptor.LogInterceptor  - --- SaveGroupCmd finished --------------------------------------------------------
10:44:56,470 [main] DEBUG org.activiti.engine.impl.interceptor.LogInterceptor  - 

10:44:56,470 [main] DEBUG org.activiti.engine.impl.interceptor.LogInterceptor  - 

10:44:56,470 [main] DEBUG org.activiti.engine.impl.interceptor.LogInterceptor  - --- starting CreateUserCmd --------------------------------------------------------
10:44:56,470 [main] DEBUG org.activiti.engine.impl.cfg.standalone.StandaloneMybatisTransactionContext  - firing event committing...
10:44:56,470 [main] DEBUG org.activiti.engine.impl.cfg.standalone.StandaloneMybatisTransactionContext  - committing the ibatis sql session...
10:44:56,470 [main] DEBUG org.activiti.engine.impl.cfg.standalone.StandaloneMybatisTransactionContext  - firing event committed...
10:44:56,470 [main] DEBUG org.activiti.engine.impl.interceptor.LogInterceptor  - --- CreateUserCmd finished --------------------------------------------------------
10:44:56,470 [main] DEBUG org.activiti.engine.impl.interceptor.LogInterceptor  - 

10:44:56,470 [main] DEBUG org.activiti.engine.impl.interceptor.LogInterceptor  - 

10:44:56,470 [main] DEBUG org.activiti.engine.impl.interceptor.LogInterceptor  - --- starting SaveUserCmd --------------------------------------------------------
10:44:56,470 [main] DEBUG org.activiti.engine.impl.db.DbSqlSession  -   insert org.activiti.engine.impl.persistence.entity.UserEntity@17ba57f0
10:44:56,470 [main] DEBUG org.activiti.engine.impl.db.DbSqlSession  - flush summary: 1 insert, 0 update, 0 delete.
10:44:56,470 [main] DEBUG org.activiti.engine.impl.db.DbSqlSession  - now executing flush...
10:44:56,470 [main] DEBUG org.activiti.engine.impl.db.DbSqlSession  - inserting: org.activiti.engine.impl.persistence.entity.UserEntity@17ba57f0
10:44:56,470 [main] DEBUG org.apache.ibatis.transaction.jdbc.JdbcTransaction  - Opening JDBC Connection
10:44:56,470 [main] DEBUG org.apache.ibatis.datasource.pooled.PooledDataSource  - Checked out connection 180014677 from pool.
10:44:56,470 [main] DEBUG org.apache.ibatis.transaction.jdbc.JdbcTransaction  - Setting autocommit to false on JDBC Connection [conn3: url=jdbc:h2:mem:activiti user=SA]
10:44:56,470 [main] DEBUG org.activiti.engine.impl.persistence.entity.UserEntity.insertUser  - ==&gt;  Preparing: insert into ACT_ID_USER (ID_, REV_, FIRST_, LAST_, EMAIL_, PWD_) values ( ?, 1, ?, ?, ?, ? ) 
10:44:56,470 [main] DEBUG org.activiti.engine.impl.persistence.entity.UserEntity.insertUser  - ==&gt; Parameters: kermit(String), null, null, null, null
10:44:56,470 [main] DEBUG org.activiti.engine.impl.persistence.entity.UserEntity.insertUser  - &lt;==    Updates: 1
10:44:56,470 [main] DEBUG org.activiti.engine.impl.cfg.standalone.StandaloneMybatisTransactionContext  - firing event committing...
10:44:56,470 [main] DEBUG org.activiti.engine.impl.cfg.standalone.StandaloneMybatisTransactionContext  - committing the ibatis sql session...
10:44:56,470 [main] DEBUG org.apache.ibatis.transaction.jdbc.JdbcTransaction  - Committing JDBC Connection [conn3: url=jdbc:h2:mem:activiti user=SA]
10:44:56,470 [main] DEBUG org.activiti.engine.impl.cfg.standalone.StandaloneMybatisTransactionContext  - firing event committed...
10:44:56,470 [main] DEBUG org.apache.ibatis.transaction.jdbc.JdbcTransaction  - Resetting autocommit to true on JDBC Connection [conn3: url=jdbc:h2:mem:activiti user=SA]
10:44:56,470 [main] DEBUG org.apache.ibatis.transaction.jdbc.JdbcTransaction  - Closing JDBC Connection [conn3: url=jdbc:h2:mem:activiti user=SA]
10:44:56,470 [main] DEBUG org.apache.ibatis.datasource.pooled.PooledDataSource  - Returned connection 180014677 to pool.
10:44:56,470 [main] DEBUG org.activiti.engine.impl.interceptor.LogInterceptor  - --- SaveUserCmd finished --------------------------------------------------------
10:44:56,470 [main] DEBUG org.activiti.engine.impl.interceptor.LogInterceptor  - 

10:44:56,470 [main] DEBUG org.activiti.engine.impl.interceptor.LogInterceptor  - 

10:44:56,470 [main] DEBUG org.activiti.engine.impl.interceptor.LogInterceptor  - --- starting CreateUserCmd --------------------------------------------------------
10:44:56,470 [main] DEBUG org.activiti.engine.impl.cfg.standalone.StandaloneMybatisTransactionContext  - firing event committing...
10:44:56,470 [main] DEBUG org.activiti.engine.impl.cfg.standalone.StandaloneMybatisTransactionContext  - committing the ibatis sql session...
10:44:56,470 [main] DEBUG org.activiti.engine.impl.cfg.standalone.StandaloneMybatisTransactionContext  - firing event committed...
10:44:56,470 [main] DEBUG org.activiti.engine.impl.interceptor.LogInterceptor  - --- CreateUserCmd finished --------------------------------------------------------
10:44:56,470 [main] DEBUG org.activiti.engine.impl.interceptor.LogInterceptor  - 

10:44:56,470 [main] DEBUG org.activiti.engine.impl.interceptor.LogInterceptor  - 

10:44:56,470 [main] DEBUG org.activiti.engine.impl.interceptor.LogInterceptor  - --- starting SaveUserCmd --------------------------------------------------------
10:44:56,470 [main] DEBUG org.activiti.engine.impl.db.DbSqlSession  -   insert org.activiti.engine.impl.persistence.entity.UserEntity@3481ff98
10:44:56,470 [main] DEBUG org.activiti.engine.impl.db.DbSqlSession  - flush summary: 1 insert, 0 update, 0 delete.
10:44:56,470 [main] DEBUG org.activiti.engine.impl.db.DbSqlSession  - now executing flush...
10:44:56,470 [main] DEBUG org.activiti.engine.impl.db.DbSqlSession  - inserting: org.activiti.engine.impl.persistence.entity.UserEntity@3481ff98
10:44:56,470 [main] DEBUG org.apache.ibatis.transaction.jdbc.JdbcTransaction  - Opening JDBC Connection
10:44:56,470 [main] DEBUG org.apache.ibatis.datasource.pooled.PooledDataSource  - Checked out connection 297240765 from pool.
10:44:56,470 [main] DEBUG org.apache.ibatis.transaction.jdbc.JdbcTransaction  - Setting autocommit to false on JDBC Connection [conn4: url=jdbc:h2:mem:activiti user=SA]
10:44:56,470 [main] DEBUG org.activiti.engine.impl.persistence.entity.UserEntity.insertUser  - ==&gt;  Preparing: insert into ACT_ID_USER (ID_, REV_, FIRST_, LAST_, EMAIL_, PWD_) values ( ?, 1, ?, ?, ?, ? ) 
10:44:56,470 [main] DEBUG org.activiti.engine.impl.persistence.entity.UserEntity.insertUser  - ==&gt; Parameters: fozzie(String), null, null, null, null
10:44:56,470 [main] DEBUG org.activiti.engine.impl.persistence.entity.UserEntity.insertUser  - &lt;==    Updates: 1
10:44:56,470 [main] DEBUG org.activiti.engine.impl.cfg.standalone.StandaloneMybatisTransactionContext  - firing event committing...
10:44:56,470 [main] DEBUG org.activiti.engine.impl.cfg.standalone.StandaloneMybatisTransactionContext  - committing the ibatis sql session...
10:44:56,470 [main] DEBUG org.apache.ibatis.transaction.jdbc.JdbcTransaction  - Committing JDBC Connection [conn4: url=jdbc:h2:mem:activiti user=SA]
10:44:56,470 [main] DEBUG org.activiti.engine.impl.cfg.standalone.StandaloneMybatisTransactionContext  - firing event committed...
10:44:56,470 [main] DEBUG org.apache.ibatis.transaction.jdbc.JdbcTransaction  - Resetting autocommit to true on JDBC Connection [conn4: url=jdbc:h2:mem:activiti user=SA]
10:44:56,470 [main] DEBUG org.apache.ibatis.transaction.jdbc.JdbcTransaction  - Closing JDBC Connection [conn4: url=jdbc:h2:mem:activiti user=SA]
10:44:56,470 [main] DEBUG org.apache.ibatis.datasource.pooled.PooledDataSource  - Returned connection 297240765 to pool.
10:44:56,470 [main] DEBUG org.activiti.engine.impl.interceptor.LogInterceptor  - --- SaveUserCmd finished --------------------------------------------------------
10:44:56,470 [main] DEBUG org.activiti.engine.impl.interceptor.LogInterceptor  - 

10:44:56,470 [main] DEBUG org.activiti.engine.impl.interceptor.LogInterceptor  - 

10:44:56,470 [main] DEBUG org.activiti.engine.impl.interceptor.LogInterceptor  - --- starting CreateUserCmd --------------------------------------------------------
10:44:56,470 [main] DEBUG org.activiti.engine.impl.cfg.standalone.StandaloneMybatisTransactionContext  - firing event committing...
10:44:56,470 [main] DEBUG org.activiti.engine.impl.cfg.standalone.StandaloneMybatisTransactionContext  - committing the ibatis sql session...
10:44:56,470 [main] DEBUG org.activiti.engine.impl.cfg.standalone.StandaloneMybatisTransactionContext  - firing event committed...
10:44:56,470 [main] DEBUG org.activiti.engine.impl.interceptor.LogInterceptor  - --- CreateUserCmd finished --------------------------------------------------------
10:44:56,470 [main] DEBUG org.activiti.engine.impl.interceptor.LogInterceptor  - 

10:44:56,470 [main] DEBUG org.activiti.engine.impl.interceptor.LogInterceptor  - 

10:44:56,470 [main] DEBUG org.activiti.engine.impl.interceptor.LogInterceptor  - --- starting SaveUserCmd --------------------------------------------------------
10:44:56,470 [main] DEBUG org.activiti.engine.impl.db.DbSqlSession  -   insert org.activiti.engine.impl.persistence.entity.UserEntity@2ddb3ae8
10:44:56,470 [main] DEBUG org.activiti.engine.impl.db.DbSqlSession  - flush summary: 1 insert, 0 update, 0 delete.
10:44:56,470 [main] DEBUG org.activiti.engine.impl.db.DbSqlSession  - now executing flush...
10:44:56,470 [main] DEBUG org.activiti.engine.impl.db.DbSqlSession  - inserting: org.activiti.engine.impl.persistence.entity.UserEntity@2ddb3ae8
10:44:56,470 [main] DEBUG org.apache.ibatis.transaction.jdbc.JdbcTransaction  - Opening JDBC Connection
10:44:56,470 [main] DEBUG org.apache.ibatis.datasource.pooled.PooledDataSource  - Checked out connection 363509958 from pool.
10:44:56,470 [main] DEBUG org.apache.ibatis.transaction.jdbc.JdbcTransaction  - Setting autocommit to false on JDBC Connection [conn2: url=jdbc:h2:mem:activiti user=SA]
10:44:56,470 [main] DEBUG org.activiti.engine.impl.persistence.entity.UserEntity.insertUser  - ==&gt;  Preparing: insert into ACT_ID_USER (ID_, REV_, FIRST_, LAST_, EMAIL_, PWD_) values ( ?, 1, ?, ?, ?, ? ) 
10:44:56,470 [main] DEBUG org.activiti.engine.impl.persistence.entity.UserEntity.insertUser  - ==&gt; Parameters: mispiggy(String), null, null, null, null
10:44:56,470 [main] DEBUG org.activiti.engine.impl.persistence.entity.UserEntity.insertUser  - &lt;==    Updates: 1
10:44:56,470 [main] DEBUG org.activiti.engine.impl.cfg.standalone.StandaloneMybatisTransactionContext  - firing event committing...
10:44:56,470 [main] DEBUG org.activiti.engine.impl.cfg.standalone.StandaloneMybatisTransactionContext  - committing the ibatis sql session...
10:44:56,470 [main] DEBUG org.apache.ibatis.transaction.jdbc.JdbcTransaction  - Committing JDBC Connection [conn2: url=jdbc:h2:mem:activiti user=SA]
10:44:56,470 [main] DEBUG org.activiti.engine.impl.cfg.standalone.StandaloneMybatisTransactionContext  - firing event committed...
10:44:56,470 [main] DEBUG org.apache.ibatis.transaction.jdbc.JdbcTransaction  - Resetting autocommit to true on JDBC Connection [conn2: url=jdbc:h2:mem:activiti user=SA]
10:44:56,470 [main] DEBUG org.apache.ibatis.transaction.jdbc.JdbcTransaction  - Closing JDBC Connection [conn2: url=jdbc:h2:mem:activiti user=SA]
10:44:56,470 [main] DEBUG org.apache.ibatis.datasource.pooled.PooledDataSource  - Returned connection 363509958 to pool.
10:44:56,470 [main] DEBUG org.activiti.engine.impl.interceptor.LogInterceptor  - --- SaveUserCmd finished --------------------------------------------------------
10:44:56,470 [main] DEBUG org.activiti.engine.impl.interceptor.LogInterceptor  - 

10:44:56,470 [main] DEBUG org.activiti.engine.impl.interceptor.LogInterceptor  - 

10:44:56,470 [main] DEBUG org.activiti.engine.impl.interceptor.LogInterceptor  - --- starting CreateMembershipCmd --------------------------------------------------------
10:44:56,470 [main] DEBUG org.activiti.engine.impl.db.DbSqlSession  -   insert org.activiti.engine.impl.persistence.entity.MembershipEntity@79518e00
10:44:56,470 [main] DEBUG org.activiti.engine.impl.db.DbSqlSession  - flush summary: 1 insert, 0 update, 0 delete.
10:44:56,470 [main] DEBUG org.activiti.engine.impl.db.DbSqlSession  - now executing flush...
10:44:56,470 [main] DEBUG org.activiti.engine.impl.db.DbSqlSession  - inserting: org.activiti.engine.impl.persistence.entity.MembershipEntity@79518e00
10:44:56,470 [main] DEBUG org.apache.ibatis.transaction.jdbc.JdbcTransaction  - Opening JDBC Connection
10:44:56,470 [main] DEBUG org.apache.ibatis.datasource.pooled.PooledDataSource  - Checked out connection 180014677 from pool.
10:44:56,470 [main] DEBUG org.apache.ibatis.transaction.jdbc.JdbcTransaction  - Setting autocommit to false on JDBC Connection [conn3: url=jdbc:h2:mem:activiti user=SA]
10:44:56,470 [main] DEBUG org.activiti.engine.impl.persistence.entity.MembershipRelation.insertMembership  - ==&gt;  Preparing: insert into ACT_ID_MEMBERSHIP (USER_ID_, GROUP_ID_) values ( ?, ? ) 
10:44:56,470 [main] DEBUG org.activiti.engine.impl.persistence.entity.MembershipRelation.insertMembership  - ==&gt; Parameters: kermit(String), muppets(String)
10:44:56,470 [main] DEBUG org.activiti.engine.impl.persistence.entity.MembershipRelation.insertMembership  - &lt;==    Updates: 1
10:44:56,470 [main] DEBUG org.activiti.engine.impl.cfg.standalone.StandaloneMybatisTransactionContext  - firing event committing...
10:44:56,470 [main] DEBUG org.activiti.engine.impl.cfg.standalone.StandaloneMybatisTransactionContext  - committing the ibatis sql session...
10:44:56,470 [main] DEBUG org.apache.ibatis.transaction.jdbc.JdbcTransaction  - Committing JDBC Connection [conn3: url=jdbc:h2:mem:activiti user=SA]
10:44:56,470 [main] DEBUG org.activiti.engine.impl.cfg.standalone.StandaloneMybatisTransactionContext  - firing event committed...
10:44:56,470 [main] DEBUG org.apache.ibatis.transaction.jdbc.JdbcTransaction  - Resetting autocommit to true on JDBC Connection [conn3: url=jdbc:h2:mem:activiti user=SA]
10:44:56,470 [main] DEBUG org.apache.ibatis.transaction.jdbc.JdbcTransaction  - Closing JDBC Connection [conn3: url=jdbc:h2:mem:activiti user=SA]
10:44:56,470 [main] DEBUG org.apache.ibatis.datasource.pooled.PooledDataSource  - Returned connection 180014677 to pool.
10:44:56,470 [main] DEBUG org.activiti.engine.impl.interceptor.LogInterceptor  - --- CreateMembershipCmd finished --------------------------------------------------------
10:44:56,470 [main] DEBUG org.activiti.engine.impl.interceptor.LogInterceptor  - 

10:44:56,470 [main] DEBUG org.activiti.engine.impl.interceptor.LogInterceptor  - 

10:44:56,470 [main] DEBUG org.activiti.engine.impl.interceptor.LogInterceptor  - --- starting CreateMembershipCmd --------------------------------------------------------
10:44:56,470 [main] DEBUG org.activiti.engine.impl.db.DbSqlSession  -   insert org.activiti.engine.impl.persistence.entity.MembershipEntity@3c91530d
10:44:56,470 [main] DEBUG org.activiti.engine.impl.db.DbSqlSession  - flush summary: 1 insert, 0 update, 0 delete.
10:44:56,470 [main] DEBUG org.activiti.engine.impl.db.DbSqlSession  - now executing flush...
10:44:56,470 [main] DEBUG org.activiti.engine.impl.db.DbSqlSession  - inserting: org.activiti.engine.impl.persistence.entity.MembershipEntity@3c91530d
10:44:56,470 [main] DEBUG org.apache.ibatis.transaction.jdbc.JdbcTransaction  - Opening JDBC Connection
10:44:56,470 [main] DEBUG org.apache.ibatis.datasource.pooled.PooledDataSource  - Checked out connection 297240765 from pool.
10:44:56,470 [main] DEBUG org.apache.ibatis.transaction.jdbc.JdbcTransaction  - Setting autocommit to false on JDBC Connection [conn4: url=jdbc:h2:mem:activiti user=SA]
10:44:56,470 [main] DEBUG org.activiti.engine.impl.persistence.entity.MembershipRelation.insertMembership  - ==&gt;  Preparing: insert into ACT_ID_MEMBERSHIP (USER_ID_, GROUP_ID_) values ( ?, ? ) 
10:44:56,470 [main] DEBUG org.activiti.engine.impl.persistence.entity.MembershipRelation.insertMembership  - ==&gt; Parameters: fozzie(String), muppets(String)
10:44:56,470 [main] DEBUG org.activiti.engine.impl.persistence.entity.MembershipRelation.insertMembership  - &lt;==    Updates: 1
10:44:56,470 [main] DEBUG org.activiti.engine.impl.cfg.standalone.StandaloneMybatisTransactionContext  - firing event committing...
10:44:56,470 [main] DEBUG org.activiti.engine.impl.cfg.standalone.StandaloneMybatisTransactionContext  - committing the ibatis sql session...
10:44:56,470 [main] DEBUG org.apache.ibatis.transaction.jdbc.JdbcTransaction  - Committing JDBC Connection [conn4: url=jdbc:h2:mem:activiti user=SA]
10:44:56,470 [main] DEBUG org.activiti.engine.impl.cfg.standalone.StandaloneMybatisTransactionContext  - firing event committed...
10:44:56,470 [main] DEBUG org.apache.ibatis.transaction.jdbc.JdbcTransaction  - Resetting autocommit to true on JDBC Connection [conn4: url=jdbc:h2:mem:activiti user=SA]
10:44:56,470 [main] DEBUG org.apache.ibatis.transaction.jdbc.JdbcTransaction  - Closing JDBC Connection [conn4: url=jdbc:h2:mem:activiti user=SA]
10:44:56,470 [main] DEBUG org.apache.ibatis.datasource.pooled.PooledDataSource  - Returned connection 297240765 to pool.
10:44:56,470 [main] DEBUG org.activiti.engine.impl.interceptor.LogInterceptor  - --- CreateMembershipCmd finished --------------------------------------------------------
10:44:56,470 [main] DEBUG org.activiti.engine.impl.interceptor.LogInterceptor  - 

10:44:56,470 [main] DEBUG org.activiti.engine.impl.interceptor.LogInterceptor  - 

10:44:56,470 [main] DEBUG org.activiti.engine.impl.interceptor.LogInterceptor  - --- starting CreateMembershipCmd --------------------------------------------------------
10:44:56,470 [main] DEBUG org.activiti.engine.impl.db.DbSqlSession  -   insert org.activiti.engine.impl.persistence.entity.MembershipEntity@7d70638
10:44:56,470 [main] DEBUG org.activiti.engine.impl.db.DbSqlSession  - flush summary: 1 insert, 0 update, 0 delete.
10:44:56,470 [main] DEBUG org.activiti.engine.impl.db.DbSqlSession  - now executing flush...
10:44:56,470 [main] DEBUG org.activiti.engine.impl.db.DbSqlSession  - inserting: org.activiti.engine.impl.persistence.entity.MembershipEntity@7d70638
10:44:56,470 [main] DEBUG org.apache.ibatis.transaction.jdbc.JdbcTransaction  - Opening JDBC Connection
10:44:56,470 [main] DEBUG org.apache.ibatis.datasource.pooled.PooledDataSource  - Checked out connection 363509958 from pool.
10:44:56,470 [main] DEBUG org.apache.ibatis.transaction.jdbc.JdbcTransaction  - Setting autocommit to false on JDBC Connection [conn2: url=jdbc:h2:mem:activiti user=SA]
10:44:56,470 [main] DEBUG org.activiti.engine.impl.persistence.entity.MembershipRelation.insertMembership  - ==&gt;  Preparing: insert into ACT_ID_MEMBERSHIP (USER_ID_, GROUP_ID_) values ( ?, ? ) 
10:44:56,470 [main] DEBUG org.activiti.engine.impl.persistence.entity.MembershipRelation.insertMembership  - ==&gt; Parameters: mispiggy(String), muppets(String)
10:44:56,470 [main] DEBUG org.activiti.engine.impl.persistence.entity.MembershipRelation.insertMembership  - &lt;==    Updates: 1
10:44:56,470 [main] DEBUG org.activiti.engine.impl.cfg.standalone.StandaloneMybatisTransactionContext  - firing event committing...
10:44:56,470 [main] DEBUG org.activiti.engine.impl.cfg.standalone.StandaloneMybatisTransactionContext  - committing the ibatis sql session...
10:44:56,470 [main] DEBUG org.apache.ibatis.transaction.jdbc.JdbcTransaction  - Committing JDBC Connection [conn2: url=jdbc:h2:mem:activiti user=SA]
10:44:56,470 [main] DEBUG org.activiti.engine.impl.cfg.standalone.StandaloneMybatisTransactionContext  - firing event committed...
10:44:56,470 [main] DEBUG org.apache.ibatis.transaction.jdbc.JdbcTransaction  - Resetting autocommit to true on JDBC Connection [conn2: url=jdbc:h2:mem:activiti user=SA]
10:44:56,471 [main] DEBUG org.apache.ibatis.transaction.jdbc.JdbcTransaction  - Closing JDBC Connection [conn2: url=jdbc:h2:mem:activiti user=SA]
10:44:56,471 [main] DEBUG org.apache.ibatis.datasource.pooled.PooledDataSource  - Returned connection 363509958 to pool.
10:44:56,471 [main] DEBUG org.activiti.engine.impl.interceptor.LogInterceptor  - --- CreateMembershipCmd finished --------------------------------------------------------
10:44:56,471 [main] DEBUG org.activiti.engine.impl.interceptor.LogInterceptor  - 

10:44:56,471 [main] DEBUG org.activiti.engine.impl.interceptor.LogInterceptor  - 

10:44:56,471 [main] DEBUG org.activiti.engine.impl.interceptor.LogInterceptor  - --- starting CreateMembershipCmd --------------------------------------------------------
10:44:56,471 [main] DEBUG org.activiti.engine.impl.db.DbSqlSession  -   insert org.activiti.engine.impl.persistence.entity.MembershipEntity@732f6050
10:44:56,471 [main] DEBUG org.activiti.engine.impl.db.DbSqlSession  - flush summary: 1 insert, 0 update, 0 delete.
10:44:56,471 [main] DEBUG org.activiti.engine.impl.db.DbSqlSession  - now executing flush...
10:44:56,471 [main] DEBUG org.activiti.engine.impl.db.DbSqlSession  - inserting: org.activiti.engine.impl.persistence.entity.MembershipEntity@732f6050
10:44:56,471 [main] DEBUG org.apache.ibatis.transaction.jdbc.JdbcTransaction  - Opening JDBC Connection
10:44:56,471 [main] DEBUG org.apache.ibatis.datasource.pooled.PooledDataSource  - Checked out connection 180014677 from pool.
10:44:56,471 [main] DEBUG org.apache.ibatis.transaction.jdbc.JdbcTransaction  - Setting autocommit to false on JDBC Connection [conn3: url=jdbc:h2:mem:activiti user=SA]
10:44:56,471 [main] DEBUG org.activiti.engine.impl.persistence.entity.MembershipRelation.insertMembership  - ==&gt;  Preparing: insert into ACT_ID_MEMBERSHIP (USER_ID_, GROUP_ID_) values ( ?, ? ) 
10:44:56,471 [main] DEBUG org.activiti.engine.impl.persistence.entity.MembershipRelation.insertMembership  - ==&gt; Parameters: kermit(String), frogs(String)
10:44:56,471 [main] DEBUG org.activiti.engine.impl.persistence.entity.MembershipRelation.insertMembership  - &lt;==    Updates: 1
10:44:56,471 [main] DEBUG org.activiti.engine.impl.cfg.standalone.StandaloneMybatisTransactionContext  - firing event committing...
10:44:56,471 [main] DEBUG org.activiti.engine.impl.cfg.standalone.StandaloneMybatisTransactionContext  - committing the ibatis sql session...
10:44:56,471 [main] DEBUG org.apache.ibatis.transaction.jdbc.JdbcTransaction  - Committing JDBC Connection [conn3: url=jdbc:h2:mem:activiti user=SA]
10:44:56,471 [main] DEBUG org.activiti.engine.impl.cfg.standalone.StandaloneMybatisTransactionContext  - firing event committed...
10:44:56,471 [main] DEBUG org.apache.ibatis.transaction.jdbc.JdbcTransaction  - Resetting autocommit to true on JDBC Connection [conn3: url=jdbc:h2:mem:activiti user=SA]
10:44:56,471 [main] DEBUG org.apache.ibatis.transaction.jdbc.JdbcTransaction  - Closing JDBC Connection [conn3: url=jdbc:h2:mem:activiti user=SA]
10:44:56,471 [main] DEBUG org.apache.ibatis.datasource.pooled.PooledDataSource  - Returned connection 180014677 to pool.
10:44:56,471 [main] DEBUG org.activiti.engine.impl.interceptor.LogInterceptor  - --- CreateMembershipCmd finished --------------------------------------------------------
10:44:56,471 [main] DEBUG org.activiti.engine.impl.interceptor.LogInterceptor  - 

10:44:56,471 [main] DEBUG org.activiti.engine.impl.interceptor.LogInterceptor  - 

10:44:56,471 [main] DEBUG org.activiti.engine.impl.interceptor.LogInterceptor  - --- starting CreateMembershipCmd --------------------------------------------------------
10:44:56,471 [main] DEBUG org.activiti.engine.impl.db.DbSqlSession  -   insert org.activiti.engine.impl.persistence.entity.MembershipEntity@6fbc1bb
10:44:56,471 [main] DEBUG org.activiti.engine.impl.db.DbSqlSession  - flush summary: 1 insert, 0 update, 0 delete.
10:44:56,471 [main] DEBUG org.activiti.engine.impl.db.DbSqlSession  - now executing flush...
10:44:56,471 [main] DEBUG org.activiti.engine.impl.db.DbSqlSession  - inserting: org.activiti.engine.impl.persistence.entity.MembershipEntity@6fbc1bb
10:44:56,471 [main] DEBUG org.apache.ibatis.transaction.jdbc.JdbcTransaction  - Opening JDBC Connection
10:44:56,471 [main] DEBUG org.apache.ibatis.datasource.pooled.PooledDataSource  - Checked out connection 297240765 from pool.
10:44:56,471 [main] DEBUG org.apache.ibatis.transaction.jdbc.JdbcTransaction  - Setting autocommit to false on JDBC Connection [conn4: url=jdbc:h2:mem:activiti user=SA]
10:44:56,471 [main] DEBUG org.activiti.engine.impl.persistence.entity.MembershipRelation.insertMembership  - ==&gt;  Preparing: insert into ACT_ID_MEMBERSHIP (USER_ID_, GROUP_ID_) values ( ?, ? ) 
10:44:56,471 [main] DEBUG org.activiti.engine.impl.persistence.entity.MembershipRelation.insertMembership  - ==&gt; Parameters: fozzie(String), mammals(String)
10:44:56,471 [main] DEBUG org.activiti.engine.impl.persistence.entity.MembershipRelation.insertMembership  - &lt;==    Updates: 1
10:44:56,471 [main] DEBUG org.activiti.engine.impl.cfg.standalone.StandaloneMybatisTransactionContext  - firing event committing...
10:44:56,471 [main] DEBUG org.activiti.engine.impl.cfg.standalone.StandaloneMybatisTransactionContext  - committing the ibatis sql session...
10:44:56,471 [main] DEBUG org.apache.ibatis.transaction.jdbc.JdbcTransaction  - Committing JDBC Connection [conn4: url=jdbc:h2:mem:activiti user=SA]
10:44:56,471 [main] DEBUG org.activiti.engine.impl.cfg.standalone.StandaloneMybatisTransactionContext  - firing event committed...
10:44:56,471 [main] DEBUG org.apache.ibatis.transaction.jdbc.JdbcTransaction  - Resetting autocommit to true on JDBC Connection [conn4: url=jdbc:h2:mem:activiti user=SA]
10:44:56,471 [main] DEBUG org.apache.ibatis.transaction.jdbc.JdbcTransaction  - Closing JDBC Connection [conn4: url=jdbc:h2:mem:activiti user=SA]
10:44:56,471 [main] DEBUG org.apache.ibatis.datasource.pooled.PooledDataSource  - Returned connection 297240765 to pool.
10:44:56,471 [main] DEBUG org.activiti.engine.impl.interceptor.LogInterceptor  - --- CreateMembershipCmd finished --------------------------------------------------------
10:44:56,471 [main] DEBUG org.activiti.engine.impl.interceptor.LogInterceptor  - 

10:44:56,471 [main] DEBUG org.activiti.engine.impl.interceptor.LogInterceptor  - 

10:44:56,471 [main] DEBUG org.activiti.engine.impl.interceptor.LogInterceptor  - --- starting CreateMembershipCmd --------------------------------------------------------
10:44:56,471 [main] DEBUG org.activiti.engine.impl.db.DbSqlSession  -   insert org.activiti.engine.impl.persistence.entity.MembershipEntity@30c4e352
10:44:56,471 [main] DEBUG org.activiti.engine.impl.db.DbSqlSession  - flush summary: 1 insert, 0 update, 0 delete.
10:44:56,471 [main] DEBUG org.activiti.engine.impl.db.DbSqlSession  - now executing flush...
10:44:56,471 [main] DEBUG org.activiti.engine.impl.db.DbSqlSession  - inserting: org.activiti.engine.impl.persistence.entity.MembershipEntity@30c4e352
10:44:56,471 [main] DEBUG org.apache.ibatis.transaction.jdbc.JdbcTransaction  - Opening JDBC Connection
10:44:56,471 [main] DEBUG org.apache.ibatis.datasource.pooled.PooledDataSource  - Checked out connection 363509958 from pool.
10:44:56,471 [main] DEBUG org.apache.ibatis.transaction.jdbc.JdbcTransaction  - Setting autocommit to false on JDBC Connection [conn2: url=jdbc:h2:mem:activiti user=SA]
10:44:56,471 [main] DEBUG org.activiti.engine.impl.persistence.entity.MembershipRelation.insertMembership  - ==&gt;  Preparing: insert into ACT_ID_MEMBERSHIP (USER_ID_, GROUP_ID_) values ( ?, ? ) 
10:44:56,471 [main] DEBUG org.activiti.engine.impl.persistence.entity.MembershipRelation.insertMembership  - ==&gt; Parameters: mispiggy(String), mammals(String)
10:44:56,471 [main] DEBUG org.activiti.engine.impl.persistence.entity.MembershipRelation.insertMembership  - &lt;==    Updates: 1
10:44:56,471 [main] DEBUG org.activiti.engine.impl.cfg.standalone.StandaloneMybatisTransactionContext  - firing event committing...
10:44:56,471 [main] DEBUG org.activiti.engine.impl.cfg.standalone.StandaloneMybatisTransactionContext  - committing the ibatis sql session...
10:44:56,471 [main] DEBUG org.apache.ibatis.transaction.jdbc.JdbcTransaction  - Committing JDBC Connection [conn2: url=jdbc:h2:mem:activiti user=SA]
10:44:56,471 [main] DEBUG org.activiti.engine.impl.cfg.standalone.StandaloneMybatisTransactionContext  - firing event committed...
10:44:56,471 [main] DEBUG org.apache.ibatis.transaction.jdbc.JdbcTransaction  - Resetting autocommit to true on JDBC Connection [conn2: url=jdbc:h2:mem:activiti user=SA]
10:44:56,471 [main] DEBUG org.apache.ibatis.transaction.jdbc.JdbcTransaction  - Closing JDBC Connection [conn2: url=jdbc:h2:mem:activiti user=SA]
10:44:56,471 [main] DEBUG org.apache.ibatis.datasource.pooled.PooledDataSource  - Returned connection 363509958 to pool.
10:44:56,471 [main] DEBUG org.activiti.engine.impl.interceptor.LogInterceptor  - --- CreateMembershipCmd finished --------------------------------------------------------
10:44:56,471 [main] DEBUG org.activiti.engine.impl.interceptor.LogInterceptor  - 

10:44:56,471 [main] DEBUG org.activiti.engine.impl.interceptor.LogInterceptor  - 

10:44:56,471 [main] DEBUG org.activiti.engine.impl.interceptor.LogInterceptor  - --- starting CreateMembershipCmd --------------------------------------------------------
10:44:56,471 [main] DEBUG org.activiti.engine.impl.db.DbSqlSession  -   insert org.activiti.engine.impl.persistence.entity.MembershipEntity@f1dd5b4
10:44:56,471 [main] DEBUG org.activiti.engine.impl.db.DbSqlSession  - flush summary: 1 insert, 0 update, 0 delete.
10:44:56,471 [main] DEBUG org.activiti.engine.impl.db.DbSqlSession  - now executing flush...
10:44:56,471 [main] DEBUG org.activiti.engine.impl.db.DbSqlSession  - inserting: org.activiti.engine.impl.persistence.entity.MembershipEntity@f1dd5b4
10:44:56,471 [main] DEBUG org.apache.ibatis.transaction.jdbc.JdbcTransaction  - Opening JDBC Connection
10:44:56,471 [main] DEBUG org.apache.ibatis.datasource.pooled.PooledDataSource  - Checked out connection 180014677 from pool.
10:44:56,471 [main] DEBUG org.apache.ibatis.transaction.jdbc.JdbcTransaction  - Setting autocommit to false on JDBC Connection [conn3: url=jdbc:h2:mem:activiti user=SA]
10:44:56,471 [main] DEBUG org.activiti.engine.impl.persistence.entity.MembershipRelation.insertMembership  - ==&gt;  Preparing: insert into ACT_ID_MEMBERSHIP (USER_ID_, GROUP_ID_) values ( ?, ? ) 
10:44:56,471 [main] DEBUG org.activiti.engine.impl.persistence.entity.MembershipRelation.insertMembership  - ==&gt; Parameters: kermit(String), admin(String)
10:44:56,471 [main] DEBUG org.activiti.engine.impl.persistence.entity.MembershipRelation.insertMembership  - &lt;==    Updates: 1
10:44:56,471 [main] DEBUG org.activiti.engine.impl.cfg.standalone.StandaloneMybatisTransactionContext  - firing event committing...
10:44:56,471 [main] DEBUG org.activiti.engine.impl.cfg.standalone.StandaloneMybatisTransactionContext  - committing the ibatis sql session...
10:44:56,471 [main] DEBUG org.apache.ibatis.transaction.jdbc.JdbcTransaction  - Committing JDBC Connection [conn3: url=jdbc:h2:mem:activiti user=SA]
10:44:56,471 [main] DEBUG org.activiti.engine.impl.cfg.standalone.StandaloneMybatisTransactionContext  - firing event committed...
10:44:56,471 [main] DEBUG org.apache.ibatis.transaction.jdbc.JdbcTransaction  - Resetting autocommit to true on JDBC Connection [conn3: url=jdbc:h2:mem:activiti user=SA]
10:44:56,471 [main] DEBUG org.apache.ibatis.transaction.jdbc.JdbcTransaction  - Closing JDBC Connection [conn3: url=jdbc:h2:mem:activiti user=SA]
10:44:56,471 [main] DEBUG org.apache.ibatis.datasource.pooled.PooledDataSource  - Returned connection 180014677 to pool.
10:44:56,471 [main] DEBUG org.activiti.engine.impl.interceptor.LogInterceptor  - --- CreateMembershipCmd finished --------------------------------------------------------
10:44:56,471 [main] DEBUG org.activiti.engine.impl.interceptor.LogInterceptor  - 

10:44:56,471 [main] DEBUG org.activiti.engine.impl.test.PvmTestCase  - 

10:44:56,471 [main] DEBUG org.activiti.engine.impl.test.PvmTestCase  - #### START GroupQueryTest.testQueryByInvalidId ###########################################################
10:44:56,471 [main] DEBUG org.activiti.engine.impl.interceptor.LogInterceptor  - 

10:44:56,471 [main] DEBUG org.activiti.engine.impl.interceptor.LogInterceptor  - --- starting CreateGroupQueryCmd --------------------------------------------------------
10:44:56,471 [main] DEBUG org.activiti.engine.impl.cfg.standalone.StandaloneMybatisTransactionContext  - firing event committing...
10:44:56,471 [main] DEBUG org.activiti.engine.impl.cfg.standalone.StandaloneMybatisTransactionContext  - committing the ibatis sql session...
10:44:56,471 [main] DEBUG org.activiti.engine.impl.cfg.standalone.StandaloneMybatisTransactionContext  - firing event committed...
10:44:56,471 [main] DEBUG org.activiti.engine.impl.interceptor.LogInterceptor  - --- CreateGroupQueryCmd finished --------------------------------------------------------
10:44:56,471 [main] DEBUG org.activiti.engine.impl.interceptor.LogInterceptor  - 

10:44:56,471 [main] DEBUG org.activiti.engine.impl.interceptor.LogInterceptor  - 

10:44:56,471 [main] DEBUG org.activiti.engine.impl.interceptor.LogInterceptor  - --- starting GroupQueryImpl --------------------------------------------------------
10:44:56,471 [main] DEBUG org.apache.ibatis.transaction.jdbc.JdbcTransaction  - Opening JDBC Connection
10:44:56,471 [main] DEBUG org.apache.ibatis.datasource.pooled.PooledDataSource  - Checked out connection 297240765 from pool.
10:44:56,471 [main] DEBUG org.apache.ibatis.transaction.jdbc.JdbcTransaction  - Setting autocommit to false on JDBC Connection [conn4: url=jdbc:h2:mem:activiti user=SA]
10:44:56,471 [main] DEBUG org.activiti.engine.impl.persistence.entity.GroupEntity.selectGroupByQueryCriteria  - ==&gt;  Preparing: select RES.* from ACT_ID_GROUP RES WHERE RES.ID_ = ? order by order by RES.ID_ asc LIMIT ? OFFSET ? 
10:44:56,471 [main] DEBUG org.activiti.engine.impl.interceptor.CommandContext  - Error while closing command context
org.apache.ibatis.exceptions.PersistenceException: 
### Error querying database.  Cause: org.h2.jdbc.JdbcSQLException: Syntax error in SQL statement &quot;SELECT RES.* 
     
    FROM ACT_ID_GROUP RES
     
     WHERE RES.ID_ = ? 
   
     ORDER BY  ORDER[*] BY RES.ID_ ASC  
    LIMIT ? OFFSET ? &quot;; expected &quot;=, NOT, EXISTS, INTERSECTS, SELECT, FROM&quot;; SQL statement:
select RES.* 
     
    from ACT_ID_GROUP RES
     
     WHERE RES.ID_ = ? 
   
     order by  order by RES.ID_ asc  
    LIMIT ? OFFSET ? [42001-176]
### The error may exist in org/activiti/db/mapping/entity/Group.xml
### The error may involve org.activiti.engine.impl.persistence.entity.GroupEntity.selectGroupByQueryCriteria
### The error occurred while executing a query
### SQL: select RES.*            from ACT_ID_GROUP RES            WHERE RES.ID_ = ?           order by  order by RES.ID_ asc       LIMIT ? OFFSET ?
### Cause: org.h2.jdbc.JdbcSQLException: Syntax error in SQL statement &quot;SELECT RES.* 
     
    FROM ACT_ID_GROUP RES
     
     WHERE RES.ID_ = ? 
   
     ORDER BY  ORDER[*] BY RES.ID_ ASC  
    LIMIT ? OFFSET ? &quot;; expected &quot;=, NOT, EXISTS, INTERSECTS, SELECT, FROM&quot;; SQL statement:
select RES.* 
     
    from ACT_ID_GROUP RES
     
     WHERE RES.ID_ = ? 
   
     order by  order by RES.ID_ asc  
    LIMIT ? OFFSET ? [42001-176]
	at org.apache.ibatis.exceptions.ExceptionFactory.wrapException(ExceptionFactory.java:30)
	at org.apache.ibatis.session.defaults.DefaultSqlSession.selectList(DefaultSqlSession.java:122)
	at org.apache.ibatis.session.defaults.DefaultSqlSession.selectList(DefaultSqlSession.java:113)
	at org.activiti.engine.impl.db.DbSqlSession.selectListWithRawParameter(DbSqlSession.java:438)
	at org.activiti.engine.impl.db.DbSqlSession.selectList(DbSqlSession.java:429)
	at org.activiti.engine.impl.db.DbSqlSession.selectList(DbSqlSession.java:419)
	at org.activiti.engine.impl.persistence.entity.GroupEntityManager.findGroupByQueryCriteria(GroupEntityManager.java:90)
	at org.activiti.engine.impl.GroupQueryImpl.executeList(GroupQueryImpl.java:125)
	at org.activiti.engine.impl.AbstractQuery.execute(AbstractQuery.java:164)
	at org.activiti.engine.impl.interceptor.CommandInvoker.execute(CommandInvoker.java:24)
	at org.activiti.engine.impl.interceptor.CommandContextInterceptor.execute(CommandContextInterceptor.java:57)
	at org.activiti.engine.impl.interceptor.LogInterceptor.execute(LogInterceptor.java:37)
	at org.activiti.engine.impl.cfg.CommandExecutorImpl.execute(CommandExecutorImpl.java:40)
	at org.activiti.engine.impl.cfg.CommandExecutorImpl.execute(CommandExecutorImpl.java:35)
	at org.activiti.engine.impl.AbstractQuery.list(AbstractQuery.java:138)
	at org.activiti.engine.test.api.identity.GroupQueryTest.verifyQueryResults(GroupQueryTest.java:221)
	at org.activiti.engine.test.api.identity.GroupQueryTest.testQueryByInvalidId(GroupQueryTest.java:85)
	at sun.reflect.NativeMethodAccessorImpl.invoke0(Native Method)
	at sun.reflect.NativeMethodAccessorImpl.invoke(NativeMethodAccessorImpl.java:62)
	at sun.reflect.DelegatingMethodAccessorImpl.invoke(DelegatingMethodAccessorImpl.java:43)
	at java.lang.reflect.Method.invoke(Method.java:498)
	at junit.framework.TestCase.runTest(TestCase.java:176)
	at org.activiti.engine.impl.test.PvmTestCase.runTest(PvmTestCase.java:65)
	at junit.framework.TestCase.runBare(TestCase.java:141)
	at org.activiti.engine.impl.test.AbstractActivitiTestCase.runBare(AbstractActivitiTestCase.java:100)
	at junit.framework.TestResult$1.protect(TestResult.java:122)
	at junit.framework.TestResult.runProtected(TestResult.java:142)
	at junit.framework.TestResult.run(TestResult.java:125)
	at junit.framework.TestCase.run(TestCase.java:129)
	at junit.framework.TestSuite.runTest(TestSuite.java:255)
	at junit.framework.TestSuite.run(TestSuite.java:250)
	at org.junit.internal.runners.JUnit38ClassRunner.run(JUnit38ClassRunner.java:84)
	at org.apache.maven.surefire.junit4.JUnit4TestSet.execute(JUnit4TestSet.java:35)
	at org.apache.maven.surefire.junit4.JUnit4Provider.executeTestSet(JUnit4Provider.java:146)
	at org.apache.maven.surefire.junit4.JUnit4Provider.invoke(JUnit4Provider.java:97)
	at sun.reflect.NativeMethodAccessorImpl.invoke0(Native Method)
	at sun.reflect.NativeMethodAccessorImpl.invoke(NativeMethodAccessorImpl.java:62)
	at sun.reflect.DelegatingMethodAccessorImpl.invoke(DelegatingMethodAccessorImpl.java:43)
	at java.lang.reflect.Method.invoke(Method.java:498)
	at org.apache.maven.surefire.booter.ProviderFactory$ClassLoaderProxy.invoke(ProviderFactory.java:103)
	at com.sun.proxy.$Proxy0.invoke(Unknown Source)
	at org.apache.maven.surefire.booter.SurefireStarter.invokeProvider(SurefireStarter.java:145)
	at org.apache.maven.surefire.booter.SurefireStarter.runSuitesInProcess(SurefireStarter.java:87)
	at org.apache.maven.surefire.booter.ForkedBooter.main(ForkedBooter.java:69)
Caused by: org.h2.jdbc.JdbcSQLException: Syntax error in SQL statement &quot;SELECT RES.* 
     
    FROM ACT_ID_GROUP RES
     
     WHERE RES.ID_ = ? 
   
     ORDER BY  ORDER[*] BY RES.ID_ ASC  
    LIMIT ? OFFSET ? &quot;; expected &quot;=, NOT, EXISTS, INTERSECTS, SELECT, FROM&quot;; SQL statement:
select RES.* 
     
    from ACT_ID_GROUP RES
     
     WHERE RES.ID_ = ? 
   
     order by  order by RES.ID_ asc  
    LIMIT ? OFFSET ? [42001-176]
	at org.h2.message.DbException.getJdbcSQLException(DbException.java:344)
	at org.h2.message.DbException.getSyntaxError(DbException.java:204)
	at org.h2.command.Parser.getSyntaxError(Parser.java:524)
	at org.h2.command.Parser.readTerm(Parser.java:2688)
	at org.h2.command.Parser.readFactor(Parser.java:2244)
	at org.h2.command.Parser.readSum(Parser.java:2231)
	at org.h2.command.Parser.readConcat(Parser.java:2201)
	at org.h2.command.Parser.readCondition(Parser.java:2051)
	at org.h2.command.Parser.readAnd(Parser.java:2023)
	at org.h2.command.Parser.readExpression(Parser.java:2015)
	at org.h2.command.Parser.parseEndOfQuery(Parser.java:1726)
	at org.h2.command.Parser.parseSelectUnionExtension(Parser.java:1706)
	at org.h2.command.Parser.parseSelectUnion(Parser.java:1675)
	at org.h2.command.Parser.parseSelect(Parser.java:1662)
	at org.h2.command.Parser.parsePrepared(Parser.java:434)
	at org.h2.command.Parser.parse(Parser.java:306)
	at org.h2.command.Parser.parse(Parser.java:282)
	at org.h2.command.Parser.prepareCommand(Parser.java:243)
	at org.h2.engine.Session.prepareLocal(Session.java:442)
	at org.h2.engine.Session.prepareCommand(Session.java:384)
	at org.h2.jdbc.JdbcConnection.prepareCommand(JdbcConnection.java:1188)
	at org.h2.jdbc.JdbcPreparedStatement.&lt;init&gt;(JdbcPreparedStatement.java:73)
	at org.h2.jdbc.JdbcConnection.prepareStatement(JdbcConnection.java:276)
	at sun.reflect.GeneratedMethodAccessor6.invoke(Unknown Source)
	at sun.reflect.DelegatingMethodAccessorImpl.invoke(DelegatingMethodAccessorImpl.java:43)
	at java.lang.reflect.Method.invoke(Method.java:498)
	at org.apache.ibatis.datasource.pooled.PooledConnection.invoke(PooledConnection.java:245)
	at com.sun.proxy.$Proxy12.prepareStatement(Unknown Source)
	at sun.reflect.GeneratedMethodAccessor6.invoke(Unknown Source)
	at sun.reflect.DelegatingMethodAccessorImpl.invoke(DelegatingMethodAccessorImpl.java:43)
	at java.lang.reflect.Method.invoke(Method.java:498)
	at org.apache.ibatis.logging.jdbc.ConnectionLogger.invoke(ConnectionLogger.java:55)
	at com.sun.proxy.$Proxy12.prepareStatement(Unknown Source)
	at org.apache.ibatis.executor.statement.PreparedStatementHandler.instantiateStatement(PreparedStatementHandler.java:79)
	at org.apache.ibatis.executor.statement.BaseStatementHandler.prepare(BaseStatementHandler.java:88)
	at org.apache.ibatis.executor.statement.RoutingStatementHandler.prepare(RoutingStatementHandler.java:58)
	at org.apache.ibatis.executor.SimpleExecutor.prepareStatement(SimpleExecutor.java:76)
	at org.apache.ibatis.executor.SimpleExecutor.doQuery(SimpleExecutor.java:61)
	at org.apache.ibatis.executor.BaseExecutor.queryFromDatabase(BaseExecutor.java:303)
	at org.apache.ibatis.executor.BaseExecutor.query(BaseExecutor.java:154)
	at org.apache.ibatis.executor.CachingExecutor.query(CachingExecutor.java:102)
	at org.apache.ibatis.executor.CachingExecutor.query(CachingExecutor.java:82)
	at org.apache.ibatis.session.defaults.DefaultSqlSession.selectList(DefaultSqlSession.java:120)
	... 42 more
10:44:56,472 [main] DEBUG org.activiti.engine.impl.cfg.standalone.StandaloneMybatisTransactionContext  - firing event rolling back...
10:44:56,472 [main] DEBUG org.activiti.engine.impl.cfg.standalone.StandaloneMybatisTransactionContext  - rolling back ibatis sql session...
10:44:56,472 [main] DEBUG org.activiti.engine.impl.cfg.standalone.StandaloneMybatisTransactionContext  - firing event rolled back...
10:44:56,472 [main] DEBUG org.apache.ibatis.transaction.jdbc.JdbcTransaction  - Resetting autocommit to true on JDBC Connection [conn4: url=jdbc:h2:mem:activiti user=SA]
10:44:56,472 [main] DEBUG org.apache.ibatis.transaction.jdbc.JdbcTransaction  - Closing JDBC Connection [conn4: url=jdbc:h2:mem:activiti user=SA]
10:44:56,472 [main] DEBUG org.apache.ibatis.datasource.pooled.PooledDataSource  - Returned connection 297240765 to pool.
10:44:56,472 [main] DEBUG org.activiti.engine.impl.interceptor.LogInterceptor  - --- GroupQueryImpl finished --------------------------------------------------------
10:44:56,472 [main] DEBUG org.activiti.engine.impl.interceptor.LogInterceptor  - 

10:44:56,472 [main] ERROR org.activiti.engine.impl.test.PvmTestCase  - 

10:44:56,472 [main] ERROR org.activiti.engine.impl.test.PvmTestCase  - EXCEPTION: org.apache.ibatis.exceptions.PersistenceException: 
### Error querying database.  Cause: org.h2.jdbc.JdbcSQLException: Syntax error in SQL statement &quot;SELECT RES.* 
     
    FROM ACT_ID_GROUP RES
     
     WHERE RES.ID_ = ? 
   
     ORDER BY  ORDER[*] BY RES.ID_ ASC  
    LIMIT ? OFFSET ? &quot;; expected &quot;=, NOT, EXISTS, INTERSECTS, SELECT, FROM&quot;; SQL statement:
select RES.* 
     
    from ACT_ID_GROUP RES
     
     WHERE RES.ID_ = ? 
   
     order by  order by RES.ID_ asc  
    LIMIT ? OFFSET ? [42001-176]
### The error may exist in org/activiti/db/mapping/entity/Group.xml
### The error may involve org.activiti.engine.impl.persistence.entity.GroupEntity.selectGroupByQueryCriteria
### The error occurred while executing a query
### SQL: select RES.*            from ACT_ID_GROUP RES            WHERE RES.ID_ = ?           order by  order by RES.ID_ asc       LIMIT ? OFFSET ?
### Cause: org.h2.jdbc.JdbcSQLException: Syntax error in SQL statement &quot;SELECT RES.* 
     
    FROM ACT_ID_GROUP RES
     
     WHERE RES.ID_ = ? 
   
     ORDER BY  ORDER[*] BY RES.ID_ ASC  
    LIMIT ? OFFSET ? &quot;; expected &quot;=, NOT, EXISTS, INTERSECTS, SELECT, FROM&quot;; SQL statement:
select RES.* 
     
    from ACT_ID_GROUP RES
     
     WHERE RES.ID_ = ? 
   
     order by  order by RES.ID_ asc  
    LIMIT ? OFFSET ? [42001-176]
org.apache.ibatis.exceptions.PersistenceException: 
### Error querying database.  Cause: org.h2.jdbc.JdbcSQLException: Syntax error in SQL statement &quot;SELECT RES.* 
     
    FROM ACT_ID_GROUP RES
     
     WHERE RES.ID_ = ? 
   
     ORDER BY  ORDER[*] BY RES.ID_ ASC  
    LIMIT ? OFFSET ? &quot;; expected &quot;=, NOT, EXISTS, INTERSECTS, SELECT, FROM&quot;; SQL statement:
select RES.* 
     
    from ACT_ID_GROUP RES
     
     WHERE RES.ID_ = ? 
   
     order by  order by RES.ID_ asc  
    LIMIT ? OFFSET ? [42001-176]
### The error may exist in org/activiti/db/mapping/entity/Group.xml
### The error may involve org.activiti.engine.impl.persistence.entity.GroupEntity.selectGroupByQueryCriteria
### The error occurred while executing a query
### SQL: select RES.*            from ACT_ID_GROUP RES            WHERE RES.ID_ = ?           order by  order by RES.ID_ asc       LIMIT ? OFFSET ?
### Cause: org.h2.jdbc.JdbcSQLException: Syntax error in SQL statement &quot;SELECT RES.* 
     
    FROM ACT_ID_GROUP RES
     
     WHERE RES.ID_ = ? 
   
     ORDER BY  ORDER[*] BY RES.ID_ ASC  
    LIMIT ? OFFSET ? &quot;; expected &quot;=, NOT, EXISTS, INTERSECTS, SELECT, FROM&quot;; SQL statement:
select RES.* 
     
    from ACT_ID_GROUP RES
     
     WHERE RES.ID_ = ? 
   
     order by  order by RES.ID_ asc  
    LIMIT ? OFFSET ? [42001-176]
	at org.apache.ibatis.exceptions.ExceptionFactory.wrapException(ExceptionFactory.java:30)
	at org.apache.ibatis.session.defaults.DefaultSqlSession.selectList(DefaultSqlSession.java:122)
	at org.apache.ibatis.session.defaults.DefaultSqlSession.selectList(DefaultSqlSession.java:113)
	at org.activiti.engine.impl.db.DbSqlSession.selectListWithRawParameter(DbSqlSession.java:438)
	at org.activiti.engine.impl.db.DbSqlSession.selectList(DbSqlSession.java:429)
	at org.activiti.engine.impl.db.DbSqlSession.selectList(DbSqlSession.java:419)
	at org.activiti.engine.impl.persistence.entity.GroupEntityManager.findGroupByQueryCriteria(GroupEntityManager.java:90)
	at org.activiti.engine.impl.GroupQueryImpl.executeList(GroupQueryImpl.java:125)
	at org.activiti.engine.impl.AbstractQuery.execute(AbstractQuery.java:164)
	at org.activiti.engine.impl.interceptor.CommandInvoker.execute(CommandInvoker.java:24)
	at org.activiti.engine.impl.interceptor.CommandContextInterceptor.execute(CommandContextInterceptor.java:57)
	at org.activiti.engine.impl.interceptor.LogInterceptor.execute(LogInterceptor.java:37)
	at org.activiti.engine.impl.cfg.CommandExecutorImpl.execute(CommandExecutorImpl.java:40)
	at org.activiti.engine.impl.cfg.CommandExecutorImpl.execute(CommandExecutorImpl.java:35)
	at org.activiti.engine.impl.AbstractQuery.list(AbstractQuery.java:138)
	at org.activiti.engine.test.api.identity.GroupQueryTest.verifyQueryResults(GroupQueryTest.java:221)
	at org.activiti.engine.test.api.identity.GroupQueryTest.testQueryByInvalidId(GroupQueryTest.java:85)
	at sun.reflect.NativeMethodAccessorImpl.invoke0(Native Method)
	at sun.reflect.NativeMethodAccessorImpl.invoke(NativeMethodAccessorImpl.java:62)
	at sun.reflect.DelegatingMethodAccessorImpl.invoke(DelegatingMethodAccessorImpl.java:43)
	at java.lang.reflect.Method.invoke(Method.java:498)
	at junit.framework.TestCase.runTest(TestCase.java:176)
	at org.activiti.engine.impl.test.PvmTestCase.runTest(PvmTestCase.java:65)
	at junit.framework.TestCase.runBare(TestCase.java:141)
	at org.activiti.engine.impl.test.AbstractActivitiTestCase.runBare(AbstractActivitiTestCase.java:100)
	at junit.framework.TestResult$1.protect(TestResult.java:122)
	at junit.framework.TestResult.runProtected(TestResult.java:142)
	at junit.framework.TestResult.run(TestResult.java:125)
	at junit.framework.TestCase.run(TestCase.java:129)
	at junit.framework.TestSuite.runTest(TestSuite.java:255)
	at junit.framework.TestSuite.run(TestSuite.java:250)
	at org.junit.internal.runners.JUnit38ClassRunner.run(JUnit38ClassRunner.java:84)
	at org.apache.maven.surefire.junit4.JUnit4TestSet.execute(JUnit4TestSet.java:35)
	at org.apache.maven.surefire.junit4.JUnit4Provider.executeTestSet(JUnit4Provider.java:146)
	at org.apache.maven.surefire.junit4.JUnit4Provider.invoke(JUnit4Provider.java:97)
	at sun.reflect.NativeMethodAccessorImpl.invoke0(Native Method)
	at sun.reflect.NativeMethodAccessorImpl.invoke(NativeMethodAccessorImpl.java:62)
	at sun.reflect.DelegatingMethodAccessorImpl.invoke(DelegatingMethodAccessorImpl.java:43)
	at java.lang.reflect.Method.invoke(Method.java:498)
	at org.apache.maven.surefire.booter.ProviderFactory$ClassLoaderProxy.invoke(ProviderFactory.java:103)
	at com.sun.proxy.$Proxy0.invoke(Unknown Source)
	at org.apache.maven.surefire.booter.SurefireStarter.invokeProvider(SurefireStarter.java:145)
	at org.apache.maven.surefire.booter.SurefireStarter.runSuitesInProcess(SurefireStarter.java:87)
	at org.apache.maven.surefire.booter.ForkedBooter.main(ForkedBooter.java:69)
Caused by: org.h2.jdbc.JdbcSQLException: Syntax error in SQL statement &quot;SELECT RES.* 
     
    FROM ACT_ID_GROUP RES
     
     WHERE RES.ID_ = ? 
   
     ORDER BY  ORDER[*] BY RES.ID_ ASC  
    LIMIT ? OFFSET ? &quot;; expected &quot;=, NOT, EXISTS, INTERSECTS, SELECT, FROM&quot;; SQL statement:
select RES.* 
     
    from ACT_ID_GROUP RES
     
     WHERE RES.ID_ = ? 
   
     order by  order by RES.ID_ asc  
    LIMIT ? OFFSET ? [42001-176]
	at org.h2.message.DbException.getJdbcSQLException(DbException.java:344)
	at org.h2.message.DbException.getSyntaxError(DbException.java:204)
	at org.h2.command.Parser.getSyntaxError(Parser.java:524)
	at org.h2.command.Parser.readTerm(Parser.java:2688)
	at org.h2.command.Parser.readFactor(Parser.java:2244)
	at org.h2.command.Parser.readSum(Parser.java:2231)
	at org.h2.command.Parser.readConcat(Parser.java:2201)
	at org.h2.command.Parser.readCondition(Parser.java:2051)
	at org.h2.command.Parser.readAnd(Parser.java:2023)
	at org.h2.command.Parser.readExpression(Parser.java:2015)
	at org.h2.command.Parser.parseEndOfQuery(Parser.java:1726)
	at org.h2.command.Parser.parseSelectUnionExtension(Parser.java:1706)
	at org.h2.command.Parser.parseSelectUnion(Parser.java:1675)
	at org.h2.command.Parser.parseSelect(Parser.java:1662)
	at org.h2.command.Parser.parsePrepared(Parser.java:434)
	at org.h2.command.Parser.parse(Parser.java:306)
	at org.h2.command.Parser.parse(Parser.java:282)
	at org.h2.command.Parser.prepareCommand(Parser.java:243)
	at org.h2.engine.Session.prepareLocal(Session.java:442)
	at org.h2.engine.Session.prepareCommand(Session.java:384)
	at org.h2.jdbc.JdbcConnection.prepareCommand(JdbcConnection.java:1188)
	at org.h2.jdbc.JdbcPreparedStatement.&lt;init&gt;(JdbcPreparedStatement.java:73)
	at org.h2.jdbc.JdbcConnection.prepareStatement(JdbcConnection.java:276)
	at sun.reflect.GeneratedMethodAccessor6.invoke(Unknown Source)
	at sun.reflect.DelegatingMethodAccessorImpl.invoke(DelegatingMethodAccessorImpl.java:43)
	at java.lang.reflect.Method.invoke(Method.java:498)
	at org.apache.ibatis.datasource.pooled.PooledConnection.invoke(PooledConnection.java:245)
	at com.sun.proxy.$Proxy12.prepareStatement(Unknown Source)
	at sun.reflect.GeneratedMethodAccessor6.invoke(Unknown Source)
	at sun.reflect.DelegatingMethodAccessorImpl.invoke(DelegatingMethodAccessorImpl.java:43)
	at java.lang.reflect.Method.invoke(Method.java:498)
	at org.apache.ibatis.logging.jdbc.ConnectionLogger.invoke(ConnectionLogger.java:55)
	at com.sun.proxy.$Proxy12.prepareStatement(Unknown Source)
	at org.apache.ibatis.executor.statement.PreparedStatementHandler.instantiateStatement(PreparedStatementHandler.java:79)
	at org.apache.ibatis.executor.statement.BaseStatementHandler.prepare(BaseStatementHandler.java:88)
	at org.apache.ibatis.executor.statement.RoutingStatementHandler.prepare(RoutingStatementHandler.java:58)
	at org.apache.ibatis.executor.SimpleExecutor.prepareStatement(SimpleExecutor.java:76)
	at org.apache.ibatis.executor.SimpleExecutor.doQuery(SimpleExecutor.java:61)
	at org.apache.ibatis.executor.BaseExecutor.queryFromDatabase(BaseExecutor.java:303)
	at org.apache.ibatis.executor.BaseExecutor.query(BaseExecutor.java:154)
	at org.apache.ibatis.executor.CachingExecutor.query(CachingExecutor.java:102)
	at org.apache.ibatis.executor.CachingExecutor.query(CachingExecutor.java:82)
	at org.apache.ibatis.session.defaults.DefaultSqlSession.selectList(DefaultSqlSession.java:120)
	... 42 more
10:44:56,472 [main] DEBUG org.activiti.engine.impl.test.PvmTestCase  - #### END GroupQueryTest.testQueryByInvalidId #############################################################
10:44:56,472 [main] DEBUG org.activiti.engine.impl.interceptor.LogInterceptor  - 

10:44:56,472 [main] DEBUG org.activiti.engine.impl.interceptor.LogInterceptor  - --- starting DeleteUserCmd --------------------------------------------------------
10:44:56,472 [main] DEBUG org.apache.ibatis.transaction.jdbc.JdbcTransaction  - Opening JDBC Connection
10:44:56,472 [main] DEBUG org.apache.ibatis.datasource.pooled.PooledDataSource  - Checked out connection 363509958 from pool.
10:44:56,472 [main] DEBUG org.apache.ibatis.transaction.jdbc.JdbcTransaction  - Setting autocommit to false on JDBC Connection [conn2: url=jdbc:h2:mem:activiti user=SA]
10:44:56,472 [main] DEBUG org.activiti.engine.impl.persistence.entity.UserEntity.selectUserById  - ==&gt;  Preparing: select * from ACT_ID_USER where ID_ = ? 
10:44:56,472 [main] DEBUG org.activiti.engine.impl.persistence.entity.UserEntity.selectUserById  - ==&gt; Parameters: kermit(String)
10:44:56,472 [main] DEBUG org.activiti.engine.impl.persistence.entity.UserEntity.selectUserById  - &lt;==      Total: 1
10:44:56,472 [main] DEBUG org.activiti.engine.impl.persistence.entity.IdentityInfoEntity.selectIdentityInfoByUserId  - ==&gt;  Preparing: select * from ACT_ID_INFO where USER_ID_ = ? 
10:44:56,472 [main] DEBUG org.activiti.engine.impl.persistence.entity.IdentityInfoEntity.selectIdentityInfoByUserId  - ==&gt; Parameters: kermit(String)
10:44:56,472 [main] DEBUG org.activiti.engine.impl.persistence.entity.IdentityInfoEntity.selectIdentityInfoByUserId  - &lt;==      Total: 0
10:44:56,472 [main] DEBUG org.activiti.engine.impl.db.DbSqlSession  -   bulk delete: deleteMembershipsByUserId(kermit)
10:44:56,472 [main] DEBUG org.activiti.engine.impl.db.DbSqlSession  -   delete org.activiti.engine.impl.persistence.entity.UserEntity@48df4071
10:44:56,472 [main] DEBUG org.activiti.engine.impl.db.DbSqlSession  - flush summary: 0 insert, 0 update, 2 delete.
10:44:56,472 [main] DEBUG org.activiti.engine.impl.db.DbSqlSession  - now executing flush...
10:44:56,472 [main] DEBUG org.activiti.engine.impl.db.DbSqlSession  - executing: bulk delete: deleteMembershipsByUserId(kermit)
10:44:56,472 [main] DEBUG org.activiti.engine.impl.persistence.entity.MembershipRelation.deleteMembershipsByUserId  - ==&gt;  Preparing: delete from ACT_ID_MEMBERSHIP where USER_ID_ = ? 
10:44:56,472 [main] DEBUG org.activiti.engine.impl.persistence.entity.MembershipRelation.deleteMembershipsByUserId  - ==&gt; Parameters: kermit(String)
10:44:56,472 [main] DEBUG org.activiti.engine.impl.persistence.entity.MembershipRelation.deleteMembershipsByUserId  - &lt;==    Updates: 3
10:44:56,472 [main] DEBUG org.activiti.engine.impl.db.DbSqlSession  - executing: delete org.activiti.engine.impl.persistence.entity.UserEntity@48df4071
10:44:56,472 [main] DEBUG org.activiti.engine.impl.persistence.entity.UserEntity.deleteUser  - ==&gt;  Preparing: delete from ACT_ID_USER where ID_ = ? and REV_ = ? 
10:44:56,472 [main] DEBUG org.activiti.engine.impl.persistence.entity.UserEntity.deleteUser  - ==&gt; Parameters: kermit(String), 1(Integer)
10:44:56,472 [main] DEBUG org.activiti.engine.impl.persistence.entity.UserEntity.deleteUser  - &lt;==    Updates: 1
10:44:56,472 [main] DEBUG org.activiti.engine.impl.cfg.standalone.StandaloneMybatisTransactionContext  - firing event committing...
10:44:56,472 [main] DEBUG org.activiti.engine.impl.cfg.standalone.StandaloneMybatisTransactionContext  - committing the ibatis sql session...
10:44:56,472 [main] DEBUG org.apache.ibatis.transaction.jdbc.JdbcTransaction  - Committing JDBC Connection [conn2: url=jdbc:h2:mem:activiti user=SA]
10:44:56,472 [main] DEBUG org.activiti.engine.impl.cfg.standalone.StandaloneMybatisTransactionContext  - firing event committed...
10:44:56,472 [main] DEBUG org.apache.ibatis.transaction.jdbc.JdbcTransaction  - Resetting autocommit to true on JDBC Connection [conn2: url=jdbc:h2:mem:activiti user=SA]
10:44:56,472 [main] DEBUG org.apache.ibatis.transaction.jdbc.JdbcTransaction  - Closing JDBC Connection [conn2: url=jdbc:h2:mem:activiti user=SA]
10:44:56,472 [main] DEBUG org.apache.ibatis.datasource.pooled.PooledDataSource  - Returned connection 363509958 to pool.
10:44:56,472 [main] DEBUG org.activiti.engine.impl.interceptor.LogInterceptor  - --- DeleteUserCmd finished --------------------------------------------------------
10:44:56,472 [main] DEBUG org.activiti.engine.impl.interceptor.LogInterceptor  - 

10:44:56,472 [main] DEBUG org.activiti.engine.impl.interceptor.LogInterceptor  - 

10:44:56,472 [main] DEBUG org.activiti.engine.impl.interceptor.LogInterceptor  - --- starting DeleteUserCmd --------------------------------------------------------
10:44:56,472 [main] DEBUG org.apache.ibatis.transaction.jdbc.JdbcTransaction  - Opening JDBC Connection
10:44:56,472 [main] DEBUG org.apache.ibatis.datasource.pooled.PooledDataSource  - Checked out connection 180014677 from pool.
10:44:56,472 [main] DEBUG org.apache.ibatis.transaction.jdbc.JdbcTransaction  - Setting autocommit to false on JDBC Connection [conn3: url=jdbc:h2:mem:activiti user=SA]
10:44:56,472 [main] DEBUG org.activiti.engine.impl.persistence.entity.UserEntity.selectUserById  - ==&gt;  Preparing: select * from ACT_ID_USER where ID_ = ? 
10:44:56,472 [main] DEBUG org.activiti.engine.impl.persistence.entity.UserEntity.selectUserById  - ==&gt; Parameters: fozzie(String)
10:44:56,472 [main] DEBUG org.activiti.engine.impl.persistence.entity.UserEntity.selectUserById  - &lt;==      Total: 1
10:44:56,472 [main] DEBUG org.activiti.engine.impl.persistence.entity.IdentityInfoEntity.selectIdentityInfoByUserId  - ==&gt;  Preparing: select * from ACT_ID_INFO where USER_ID_ = ? 
10:44:56,472 [main] DEBUG org.activiti.engine.impl.persistence.entity.IdentityInfoEntity.selectIdentityInfoByUserId  - ==&gt; Parameters: fozzie(String)
10:44:56,472 [main] DEBUG org.activiti.engine.impl.persistence.entity.IdentityInfoEntity.selectIdentityInfoByUserId  - &lt;==      Total: 0
10:44:56,472 [main] DEBUG org.activiti.engine.impl.db.DbSqlSession  -   bulk delete: deleteMembershipsByUserId(fozzie)
10:44:56,472 [main] DEBUG org.activiti.engine.impl.db.DbSqlSession  -   delete org.activiti.engine.impl.persistence.entity.UserEntity@290e8cab
10:44:56,472 [main] DEBUG org.activiti.engine.impl.db.DbSqlSession  - flush summary: 0 insert, 0 update, 2 delete.
10:44:56,472 [main] DEBUG org.activiti.engine.impl.db.DbSqlSession  - now executing flush...
10:44:56,472 [main] DEBUG org.activiti.engine.impl.db.DbSqlSession  - executing: bulk delete: deleteMembershipsByUserId(fozzie)
10:44:56,472 [main] DEBUG org.activiti.engine.impl.persistence.entity.MembershipRelation.deleteMembershipsByUserId  - ==&gt;  Preparing: delete from ACT_ID_MEMBERSHIP where USER_ID_ = ? 
10:44:56,473 [main] DEBUG org.activiti.engine.impl.persistence.entity.MembershipRelation.deleteMembershipsByUserId  - ==&gt; Parameters: fozzie(String)
10:44:56,473 [main] DEBUG org.activiti.engine.impl.persistence.entity.MembershipRelation.deleteMembershipsByUserId  - &lt;==    Updates: 2
10:44:56,473 [main] DEBUG org.activiti.engine.impl.db.DbSqlSession  - executing: delete org.activiti.engine.impl.persistence.entity.UserEntity@290e8cab
10:44:56,473 [main] DEBUG org.activiti.engine.impl.persistence.entity.UserEntity.deleteUser  - ==&gt;  Preparing: delete from ACT_ID_USER where ID_ = ? and REV_ = ? 
10:44:56,473 [main] DEBUG org.activiti.engine.impl.persistence.entity.UserEntity.deleteUser  - ==&gt; Parameters: fozzie(String), 1(Integer)
10:44:56,473 [main] DEBUG org.activiti.engine.impl.persistence.entity.UserEntity.deleteUser  - &lt;==    Updates: 1
10:44:56,473 [main] DEBUG org.activiti.engine.impl.cfg.standalone.StandaloneMybatisTransactionContext  - firing event committing...
10:44:56,473 [main] DEBUG org.activiti.engine.impl.cfg.standalone.StandaloneMybatisTransactionContext  - committing the ibatis sql session...
10:44:56,473 [main] DEBUG org.apache.ibatis.transaction.jdbc.JdbcTransaction  - Committing JDBC Connection [conn3: url=jdbc:h2:mem:activiti user=SA]
10:44:56,473 [main] DEBUG org.activiti.engine.impl.cfg.standalone.StandaloneMybatisTransactionContext  - firing event committed...
10:44:56,473 [main] DEBUG org.apache.ibatis.transaction.jdbc.JdbcTransaction  - Resetting autocommit to true on JDBC Connection [conn3: url=jdbc:h2:mem:activiti user=SA]
10:44:56,473 [main] DEBUG org.apache.ibatis.transaction.jdbc.JdbcTransaction  - Closing JDBC Connection [conn3: url=jdbc:h2:mem:activiti user=SA]
10:44:56,473 [main] DEBUG org.apache.ibatis.datasource.pooled.PooledDataSource  - Returned connection 180014677 to pool.
10:44:56,473 [main] DEBUG org.activiti.engine.impl.interceptor.LogInterceptor  - --- DeleteUserCmd finished --------------------------------------------------------
10:44:56,473 [main] DEBUG org.activiti.engine.impl.interceptor.LogInterceptor  - 

10:44:56,473 [main] DEBUG org.activiti.engine.impl.interceptor.LogInterceptor  - 

10:44:56,473 [main] DEBUG org.activiti.engine.impl.interceptor.LogInterceptor  - --- starting DeleteUserCmd --------------------------------------------------------
10:44:56,473 [main] DEBUG org.apache.ibatis.transaction.jdbc.JdbcTransaction  - Opening JDBC Connection
10:44:56,473 [main] DEBUG org.apache.ibatis.datasource.pooled.PooledDataSource  - Checked out connection 297240765 from pool.
10:44:56,473 [main] DEBUG org.apache.ibatis.transaction.jdbc.JdbcTransaction  - Setting autocommit to false on JDBC Connection [conn4: url=jdbc:h2:mem:activiti user=SA]
10:44:56,473 [main] DEBUG org.activiti.engine.impl.persistence.entity.UserEntity.selectUserById  - ==&gt;  Preparing: select * from ACT_ID_USER where ID_ = ? 
10:44:56,473 [main] DEBUG org.activiti.engine.impl.persistence.entity.UserEntity.selectUserById  - ==&gt; Parameters: mispiggy(String)
10:44:56,473 [main] DEBUG org.activiti.engine.impl.persistence.entity.UserEntity.selectUserById  - &lt;==      Total: 1
10:44:56,473 [main] DEBUG org.activiti.engine.impl.persistence.entity.IdentityInfoEntity.selectIdentityInfoByUserId  - ==&gt;  Preparing: select * from ACT_ID_INFO where USER_ID_ = ? 
10:44:56,473 [main] DEBUG org.activiti.engine.impl.persistence.entity.IdentityInfoEntity.selectIdentityInfoByUserId  - ==&gt; Parameters: mispiggy(String)
10:44:56,473 [main] DEBUG org.activiti.engine.impl.persistence.entity.IdentityInfoEntity.selectIdentityInfoByUserId  - &lt;==      Total: 0
10:44:56,473 [main] DEBUG org.activiti.engine.impl.db.DbSqlSession  -   bulk delete: deleteMembershipsByUserId(mispiggy)
10:44:56,473 [main] DEBUG org.activiti.engine.impl.db.DbSqlSession  -   delete org.activiti.engine.impl.persistence.entity.UserEntity@6e3ecf5c
10:44:56,473 [main] DEBUG org.activiti.engine.impl.db.DbSqlSession  - flush summary: 0 insert, 0 update, 2 delete.
10:44:56,473 [main] DEBUG org.activiti.engine.impl.db.DbSqlSession  - now executing flush...
10:44:56,473 [main] DEBUG org.activiti.engine.impl.db.DbSqlSession  - executing: bulk delete: deleteMembershipsByUserId(mispiggy)
10:44:56,473 [main] DEBUG org.activiti.engine.impl.persistence.entity.MembershipRelation.deleteMembershipsByUserId  - ==&gt;  Preparing: delete from ACT_ID_MEMBERSHIP where USER_ID_ = ? 
10:44:56,473 [main] DEBUG org.activiti.engine.impl.persistence.entity.MembershipRelation.deleteMembershipsByUserId  - ==&gt; Parameters: mispiggy(String)
10:44:56,473 [main] DEBUG org.activiti.engine.impl.persistence.entity.MembershipRelation.deleteMembershipsByUserId  - &lt;==    Updates: 2
10:44:56,473 [main] DEBUG org.activiti.engine.impl.db.DbSqlSession  - executing: delete org.activiti.engine.impl.persistence.entity.UserEntity@6e3ecf5c
10:44:56,473 [main] DEBUG org.activiti.engine.impl.persistence.entity.UserEntity.deleteUser  - ==&gt;  Preparing: delete from ACT_ID_USER where ID_ = ? and REV_ = ? 
10:44:56,473 [main] DEBUG org.activiti.engine.impl.persistence.entity.UserEntity.deleteUser  - ==&gt; Parameters: mispiggy(String), 1(Integer)
10:44:56,473 [main] DEBUG org.activiti.engine.impl.persistence.entity.UserEntity.deleteUser  - &lt;==    Updates: 1
10:44:56,473 [main] DEBUG org.activiti.engine.impl.cfg.standalone.StandaloneMybatisTransactionContext  - firing event committing...
10:44:56,473 [main] DEBUG org.activiti.engine.impl.cfg.standalone.StandaloneMybatisTransactionContext  - committing the ibatis sql session...
10:44:56,473 [main] DEBUG org.apache.ibatis.transaction.jdbc.JdbcTransaction  - Committing JDBC Connection [conn4: url=jdbc:h2:mem:activiti user=SA]
10:44:56,473 [main] DEBUG org.activiti.engine.impl.cfg.standalone.StandaloneMybatisTransactionContext  - firing event committed...
10:44:56,473 [main] DEBUG org.apache.ibatis.transaction.jdbc.JdbcTransaction  - Resetting autocommit to true on JDBC Connection [conn4: url=jdbc:h2:mem:activiti user=SA]
10:44:56,473 [main] DEBUG org.apache.ibatis.transaction.jdbc.JdbcTransaction  - Closing JDBC Connection [conn4: url=jdbc:h2:mem:activiti user=SA]
10:44:56,473 [main] DEBUG org.apache.ibatis.datasource.pooled.PooledDataSource  - Returned connection 297240765 to pool.
10:44:56,473 [main] DEBUG org.activiti.engine.impl.interceptor.LogInterceptor  - --- DeleteUserCmd finished --------------------------------------------------------
10:44:56,473 [main] DEBUG org.activiti.engine.impl.interceptor.LogInterceptor  - 

10:44:56,473 [main] DEBUG org.activiti.engine.impl.interceptor.LogInterceptor  - 

10:44:56,473 [main] DEBUG org.activiti.engine.impl.interceptor.LogInterceptor  - --- starting DeleteGroupCmd --------------------------------------------------------
10:44:56,473 [main] DEBUG org.apache.ibatis.transaction.jdbc.JdbcTransaction  - Opening JDBC Connection
10:44:56,473 [main] DEBUG org.apache.ibatis.datasource.pooled.PooledDataSource  - Checked out connection 363509958 from pool.
10:44:56,473 [main] DEBUG org.apache.ibatis.transaction.jdbc.JdbcTransaction  - Setting autocommit to false on JDBC Connection [conn2: url=jdbc:h2:mem:activiti user=SA]
10:44:56,473 [main] DEBUG org.activiti.engine.impl.persistence.entity.GroupEntity.selectGroup  - ==&gt;  Preparing: select * from ACT_ID_GROUP where ID_ = ? 
10:44:56,473 [main] DEBUG org.activiti.engine.impl.persistence.entity.GroupEntity.selectGroup  - ==&gt; Parameters: muppets(String)
10:44:56,473 [main] DEBUG org.activiti.engine.impl.persistence.entity.GroupEntity.selectGroup  - &lt;==      Total: 1
10:44:56,473 [main] DEBUG org.activiti.engine.impl.db.DbSqlSession  -   bulk delete: deleteMembershipsByGroupId(muppets)
10:44:56,473 [main] DEBUG org.activiti.engine.impl.db.DbSqlSession  -   delete org.activiti.engine.impl.persistence.entity.GroupEntity@67507df
10:44:56,473 [main] DEBUG org.activiti.engine.impl.db.DbSqlSession  - flush summary: 0 insert, 0 update, 2 delete.
10:44:56,473 [main] DEBUG org.activiti.engine.impl.db.DbSqlSession  - now executing flush...
10:44:56,473 [main] DEBUG org.activiti.engine.impl.db.DbSqlSession  - executing: bulk delete: deleteMembershipsByGroupId(muppets)
10:44:56,473 [main] DEBUG org.activiti.engine.impl.persistence.entity.MembershipRelation.deleteMembershipsByGroupId  - ==&gt;  Preparing: delete from ACT_ID_MEMBERSHIP where GROUP_ID_ = ? 
10:44:56,473 [main] DEBUG org.activiti.engine.impl.persistence.entity.MembershipRelation.deleteMembershipsByGroupId  - ==&gt; Parameters: muppets(String)
10:44:56,473 [main] DEBUG org.activiti.engine.impl.persistence.entity.MembershipRelation.deleteMembershipsByGroupId  - &lt;==    Updates: 0
10:44:56,473 [main] DEBUG org.activiti.engine.impl.db.DbSqlSession  - executing: delete org.activiti.engine.impl.persistence.entity.GroupEntity@67507df
10:44:56,473 [main] DEBUG org.activiti.engine.impl.persistence.entity.GroupEntity.deleteGroup  - ==&gt;  Preparing: delete from ACT_ID_GROUP where ID_ = ? and REV_ = ? 
10:44:56,473 [main] DEBUG org.activiti.engine.impl.persistence.entity.GroupEntity.deleteGroup  - ==&gt; Parameters: muppets(String), 1(Integer)
10:44:56,473 [main] DEBUG org.activiti.engine.impl.persistence.entity.GroupEntity.deleteGroup  - &lt;==    Updates: 1
10:44:56,473 [main] DEBUG org.activiti.engine.impl.cfg.standalone.StandaloneMybatisTransactionContext  - firing event committing...
10:44:56,473 [main] DEBUG org.activiti.engine.impl.cfg.standalone.StandaloneMybatisTransactionContext  - committing the ibatis sql session...
10:44:56,473 [main] DEBUG org.apache.ibatis.transaction.jdbc.JdbcTransaction  - Committing JDBC Connection [conn2: url=jdbc:h2:mem:activiti user=SA]
10:44:56,473 [main] DEBUG org.activiti.engine.impl.cfg.standalone.StandaloneMybatisTransactionContext  - firing event committed...
10:44:56,473 [main] DEBUG org.apache.ibatis.transaction.jdbc.JdbcTransaction  - Resetting autocommit to true on JDBC Connection [conn2: url=jdbc:h2:mem:activiti user=SA]
10:44:56,473 [main] DEBUG org.apache.ibatis.transaction.jdbc.JdbcTransaction  - Closing JDBC Connection [conn2: url=jdbc:h2:mem:activiti user=SA]
10:44:56,473 [main] DEBUG org.apache.ibatis.datasource.pooled.PooledDataSource  - Returned connection 363509958 to pool.
10:44:56,473 [main] DEBUG org.activiti.engine.impl.interceptor.LogInterceptor  - --- DeleteGroupCmd finished --------------------------------------------------------
10:44:56,473 [main] DEBUG org.activiti.engine.impl.interceptor.LogInterceptor  - 

10:44:56,473 [main] DEBUG org.activiti.engine.impl.interceptor.LogInterceptor  - 

10:44:56,473 [main] DEBUG org.activiti.engine.impl.interceptor.LogInterceptor  - --- starting DeleteGroupCmd --------------------------------------------------------
10:44:56,473 [main] DEBUG org.apache.ibatis.transaction.jdbc.JdbcTransaction  - Opening JDBC Connection
10:44:56,473 [main] DEBUG org.apache.ibatis.datasource.pooled.PooledDataSource  - Checked out connection 180014677 from pool.
10:44:56,473 [main] DEBUG org.apache.ibatis.transaction.jdbc.JdbcTransaction  - Setting autocommit to false on JDBC Connection [conn3: url=jdbc:h2:mem:activiti user=SA]
10:44:56,473 [main] DEBUG org.activiti.engine.impl.persistence.entity.GroupEntity.selectGroup  - ==&gt;  Preparing: select * from ACT_ID_GROUP where ID_ = ? 
10:44:56,473 [main] DEBUG org.activiti.engine.impl.persistence.entity.GroupEntity.selectGroup  - ==&gt; Parameters: mammals(String)
10:44:56,473 [main] DEBUG org.activiti.engine.impl.persistence.entity.GroupEntity.selectGroup  - &lt;==      Total: 1
10:44:56,473 [main] DEBUG org.activiti.engine.impl.db.DbSqlSession  -   bulk delete: deleteMembershipsByGroupId(mammals)
10:44:56,473 [main] DEBUG org.activiti.engine.impl.db.DbSqlSession  -   delete org.activiti.engine.impl.persistence.entity.GroupEntity@341b13a8
10:44:56,473 [main] DEBUG org.activiti.engine.impl.db.DbSqlSession  - flush summary: 0 insert, 0 update, 2 delete.
10:44:56,473 [main] DEBUG org.activiti.engine.impl.db.DbSqlSession  - now executing flush...
10:44:56,473 [main] DEBUG org.activiti.engine.impl.db.DbSqlSession  - executing: bulk delete: deleteMembershipsByGroupId(mammals)
10:44:56,473 [main] DEBUG org.activiti.engine.impl.persistence.entity.MembershipRelation.deleteMembershipsByGroupId  - ==&gt;  Preparing: delete from ACT_ID_MEMBERSHIP where GROUP_ID_ = ? 
10:44:56,473 [main] DEBUG org.activiti.engine.impl.persistence.entity.MembershipRelation.deleteMembershipsByGroupId  - ==&gt; Parameters: mammals(String)
10:44:56,473 [main] DEBUG org.activiti.engine.impl.persistence.entity.MembershipRelation.deleteMembershipsByGroupId  - &lt;==    Updates: 0
10:44:56,473 [main] DEBUG org.activiti.engine.impl.db.DbSqlSession  - executing: delete org.activiti.engine.impl.persistence.entity.GroupEntity@341b13a8
10:44:56,473 [main] DEBUG org.activiti.engine.impl.persistence.entity.GroupEntity.deleteGroup  - ==&gt;  Preparing: delete from ACT_ID_GROUP where ID_ = ? and REV_ = ? 
10:44:56,473 [main] DEBUG org.activiti.engine.impl.persistence.entity.GroupEntity.deleteGroup  - ==&gt; Parameters: mammals(String), 1(Integer)
10:44:56,473 [main] DEBUG org.activiti.engine.impl.persistence.entity.GroupEntity.deleteGroup  - &lt;==    Updates: 1
10:44:56,473 [main] DEBUG org.activiti.engine.impl.cfg.standalone.StandaloneMybatisTransactionContext  - firing event committing...
10:44:56,473 [main] DEBUG org.activiti.engine.impl.cfg.standalone.StandaloneMybatisTransactionContext  - committing the ibatis sql session...
10:44:56,473 [main] DEBUG org.apache.ibatis.transaction.jdbc.JdbcTransaction  - Committing JDBC Connection [conn3: url=jdbc:h2:mem:activiti user=SA]
10:44:56,473 [main] DEBUG org.activiti.engine.impl.cfg.standalone.StandaloneMybatisTransactionContext  - firing event committed...
10:44:56,473 [main] DEBUG org.apache.ibatis.transaction.jdbc.JdbcTransaction  - Resetting autocommit to true on JDBC Connection [conn3: url=jdbc:h2:mem:activiti user=SA]
10:44:56,473 [main] DEBUG org.apache.ibatis.transaction.jdbc.JdbcTransaction  - Closing JDBC Connection [conn3: url=jdbc:h2:mem:activiti user=SA]
10:44:56,473 [main] DEBUG org.apache.ibatis.datasource.pooled.PooledDataSource  - Returned connection 180014677 to pool.
10:44:56,473 [main] DEBUG org.activiti.engine.impl.interceptor.LogInterceptor  - --- DeleteGroupCmd finished --------------------------------------------------------
10:44:56,473 [main] DEBUG org.activiti.engine.impl.interceptor.LogInterceptor  - 

10:44:56,473 [main] DEBUG org.activiti.engine.impl.interceptor.LogInterceptor  - 

10:44:56,473 [main] DEBUG org.activiti.engine.impl.interceptor.LogInterceptor  - --- starting DeleteGroupCmd --------------------------------------------------------
10:44:56,474 [main] DEBUG org.apache.ibatis.transaction.jdbc.JdbcTransaction  - Opening JDBC Connection
10:44:56,474 [main] DEBUG org.apache.ibatis.datasource.pooled.PooledDataSource  - Checked out connection 297240765 from pool.
10:44:56,474 [main] DEBUG org.apache.ibatis.transaction.jdbc.JdbcTransaction  - Setting autocommit to false on JDBC Connection [conn4: url=jdbc:h2:mem:activiti user=SA]
10:44:56,474 [main] DEBUG org.activiti.engine.impl.persistence.entity.GroupEntity.selectGroup  - ==&gt;  Preparing: select * from ACT_ID_GROUP where ID_ = ? 
10:44:56,474 [main] DEBUG org.activiti.engine.impl.persistence.entity.GroupEntity.selectGroup  - ==&gt; Parameters: frogs(String)
10:44:56,474 [main] DEBUG org.activiti.engine.impl.persistence.entity.GroupEntity.selectGroup  - &lt;==      Total: 1
10:44:56,474 [main] DEBUG org.activiti.engine.impl.db.DbSqlSession  -   bulk delete: deleteMembershipsByGroupId(frogs)
10:44:56,474 [main] DEBUG org.activiti.engine.impl.db.DbSqlSession  -   delete org.activiti.engine.impl.persistence.entity.GroupEntity@692dba54
10:44:56,474 [main] DEBUG org.activiti.engine.impl.db.DbSqlSession  - flush summary: 0 insert, 0 update, 2 delete.
10:44:56,474 [main] DEBUG org.activiti.engine.impl.db.DbSqlSession  - now executing flush...
10:44:56,474 [main] DEBUG org.activiti.engine.impl.db.DbSqlSession  - executing: bulk delete: deleteMembershipsByGroupId(frogs)
10:44:56,474 [main] DEBUG org.activiti.engine.impl.persistence.entity.MembershipRelation.deleteMembershipsByGroupId  - ==&gt;  Preparing: delete from ACT_ID_MEMBERSHIP where GROUP_ID_ = ? 
10:44:56,474 [main] DEBUG org.activiti.engine.impl.persistence.entity.MembershipRelation.deleteMembershipsByGroupId  - ==&gt; Parameters: frogs(String)
10:44:56,474 [main] DEBUG org.activiti.engine.impl.persistence.entity.MembershipRelation.deleteMembershipsByGroupId  - &lt;==    Updates: 0
10:44:56,474 [main] DEBUG org.activiti.engine.impl.db.DbSqlSession  - executing: delete org.activiti.engine.impl.persistence.entity.GroupEntity@692dba54
10:44:56,474 [main] DEBUG org.activiti.engine.impl.persistence.entity.GroupEntity.deleteGroup  - ==&gt;  Preparing: delete from ACT_ID_GROUP where ID_ = ? and REV_ = ? 
10:44:56,474 [main] DEBUG org.activiti.engine.impl.persistence.entity.GroupEntity.deleteGroup  - ==&gt; Parameters: frogs(String), 1(Integer)
10:44:56,474 [main] DEBUG org.activiti.engine.impl.persistence.entity.GroupEntity.deleteGroup  - &lt;==    Updates: 1
10:44:56,474 [main] DEBUG org.activiti.engine.impl.cfg.standalone.StandaloneMybatisTransactionContext  - firing event committing...
10:44:56,474 [main] DEBUG org.activiti.engine.impl.cfg.standalone.StandaloneMybatisTransactionContext  - committing the ibatis sql session...
10:44:56,474 [main] DEBUG org.apache.ibatis.transaction.jdbc.JdbcTransaction  - Committing JDBC Connection [conn4: url=jdbc:h2:mem:activiti user=SA]
10:44:56,474 [main] DEBUG org.activiti.engine.impl.cfg.standalone.StandaloneMybatisTransactionContext  - firing event committed...
10:44:56,474 [main] DEBUG org.apache.ibatis.transaction.jdbc.JdbcTransaction  - Resetting autocommit to true on JDBC Connection [conn4: url=jdbc:h2:mem:activiti user=SA]
10:44:56,474 [main] DEBUG org.apache.ibatis.transaction.jdbc.JdbcTransaction  - Closing JDBC Connection [conn4: url=jdbc:h2:mem:activiti user=SA]
10:44:56,474 [main] DEBUG org.apache.ibatis.datasource.pooled.PooledDataSource  - Returned connection 297240765 to pool.
10:44:56,474 [main] DEBUG org.activiti.engine.impl.interceptor.LogInterceptor  - --- DeleteGroupCmd finished --------------------------------------------------------
10:44:56,474 [main] DEBUG org.activiti.engine.impl.interceptor.LogInterceptor  - 

10:44:56,474 [main] DEBUG org.activiti.engine.impl.interceptor.LogInterceptor  - 

10:44:56,474 [main] DEBUG org.activiti.engine.impl.interceptor.LogInterceptor  - --- starting DeleteGroupCmd --------------------------------------------------------
10:44:56,474 [main] DEBUG org.apache.ibatis.transaction.jdbc.JdbcTransaction  - Opening JDBC Connection
10:44:56,474 [main] DEBUG org.apache.ibatis.datasource.pooled.PooledDataSource  - Checked out connection 363509958 from pool.
10:44:56,474 [main] DEBUG org.apache.ibatis.transaction.jdbc.JdbcTransaction  - Setting autocommit to false on JDBC Connection [conn2: url=jdbc:h2:mem:activiti user=SA]
10:44:56,474 [main] DEBUG org.activiti.engine.impl.persistence.entity.GroupEntity.selectGroup  - ==&gt;  Preparing: select * from ACT_ID_GROUP where ID_ = ? 
10:44:56,474 [main] DEBUG org.activiti.engine.impl.persistence.entity.GroupEntity.selectGroup  - ==&gt; Parameters: admin(String)
10:44:56,474 [main] DEBUG org.activiti.engine.impl.persistence.entity.GroupEntity.selectGroup  - &lt;==      Total: 1
10:44:56,474 [main] DEBUG org.activiti.engine.impl.db.DbSqlSession  -   bulk delete: deleteMembershipsByGroupId(admin)
10:44:56,474 [main] DEBUG org.activiti.engine.impl.db.DbSqlSession  -   delete org.activiti.engine.impl.persistence.entity.GroupEntity@71f1cc02
10:44:56,474 [main] DEBUG org.activiti.engine.impl.db.DbSqlSession  - flush summary: 0 insert, 0 update, 2 delete.
10:44:56,474 [main] DEBUG org.activiti.engine.impl.db.DbSqlSession  - now executing flush...
10:44:56,474 [main] DEBUG org.activiti.engine.impl.db.DbSqlSession  - executing: bulk delete: deleteMembershipsByGroupId(admin)
10:44:56,474 [main] DEBUG org.activiti.engine.impl.persistence.entity.MembershipRelation.deleteMembershipsByGroupId  - ==&gt;  Preparing: delete from ACT_ID_MEMBERSHIP where GROUP_ID_ = ? 
10:44:56,474 [main] DEBUG org.activiti.engine.impl.persistence.entity.MembershipRelation.deleteMembershipsByGroupId  - ==&gt; Parameters: admin(String)
10:44:56,474 [main] DEBUG org.activiti.engine.impl.persistence.entity.MembershipRelation.deleteMembershipsByGroupId  - &lt;==    Updates: 0
10:44:56,474 [main] DEBUG org.activiti.engine.impl.db.DbSqlSession  - executing: delete org.activiti.engine.impl.persistence.entity.GroupEntity@71f1cc02
10:44:56,474 [main] DEBUG org.activiti.engine.impl.persistence.entity.GroupEntity.deleteGroup  - ==&gt;  Preparing: delete from ACT_ID_GROUP where ID_ = ? and REV_ = ? 
10:44:56,474 [main] DEBUG org.activiti.engine.impl.persistence.entity.GroupEntity.deleteGroup  - ==&gt; Parameters: admin(String), 1(Integer)
10:44:56,474 [main] DEBUG org.activiti.engine.impl.persistence.entity.GroupEntity.deleteGroup  - &lt;==    Updates: 1
10:44:56,474 [main] DEBUG org.activiti.engine.impl.cfg.standalone.StandaloneMybatisTransactionContext  - firing event committing...
10:44:56,474 [main] DEBUG org.activiti.engine.impl.cfg.standalone.StandaloneMybatisTransactionContext  - committing the ibatis sql session...
10:44:56,474 [main] DEBUG org.apache.ibatis.transaction.jdbc.JdbcTransaction  - Committing JDBC Connection [conn2: url=jdbc:h2:mem:activiti user=SA]
10:44:56,474 [main] DEBUG org.activiti.engine.impl.cfg.standalone.StandaloneMybatisTransactionContext  - firing event committed...
10:44:56,474 [main] DEBUG org.apache.ibatis.transaction.jdbc.JdbcTransaction  - Resetting autocommit to true on JDBC Connection [conn2: url=jdbc:h2:mem:activiti user=SA]
10:44:56,474 [main] DEBUG org.apache.ibatis.transaction.jdbc.JdbcTransaction  - Closing JDBC Connection [conn2: url=jdbc:h2:mem:activiti user=SA]
10:44:56,474 [main] DEBUG org.apache.ibatis.datasource.pooled.PooledDataSource  - Returned connection 363509958 to pool.
10:44:56,474 [main] DEBUG org.activiti.engine.impl.interceptor.LogInterceptor  - --- DeleteGroupCmd finished --------------------------------------------------------
10:44:56,474 [main] DEBUG org.activiti.engine.impl.interceptor.LogInterceptor  - 

10:44:56,474 [main] ERROR org.activiti.engine.impl.test.PvmTestCase  - 

10:44:56,474 [main] ERROR org.activiti.engine.impl.test.PvmTestCase  - EXCEPTION: org.apache.ibatis.exceptions.PersistenceException: 
### Error querying database.  Cause: org.h2.jdbc.JdbcSQLException: Syntax error in SQL statement &quot;SELECT RES.* 
     
    FROM ACT_ID_GROUP RES
     
     WHERE RES.ID_ = ? 
   
     ORDER BY  ORDER[*] BY RES.ID_ ASC  
    LIMIT ? OFFSET ? &quot;; expected &quot;=, NOT, EXISTS, INTERSECTS, SELECT, FROM&quot;; SQL statement:
select RES.* 
     
    from ACT_ID_GROUP RES
     
     WHERE RES.ID_ = ? 
   
     order by  order by RES.ID_ asc  
    LIMIT ? OFFSET ? [42001-176]
### The error may exist in org/activiti/db/mapping/entity/Group.xml
### The error may involve org.activiti.engine.impl.persistence.entity.GroupEntity.selectGroupByQueryCriteria
### The error occurred while executing a query
### SQL: select RES.*            from ACT_ID_GROUP RES            WHERE RES.ID_ = ?           order by  order by RES.ID_ asc       LIMIT ? OFFSET ?
### Cause: org.h2.jdbc.JdbcSQLException: Syntax error in SQL statement &quot;SELECT RES.* 
     
    FROM ACT_ID_GROUP RES
     
     WHERE RES.ID_ = ? 
   
     ORDER BY  ORDER[*] BY RES.ID_ ASC  
    LIMIT ? OFFSET ? &quot;; expected &quot;=, NOT, EXISTS, INTERSECTS, SELECT, FROM&quot;; SQL statement:
select RES.* 
     
    from ACT_ID_GROUP RES
     
     WHERE RES.ID_ = ? 
   
     order by  order by RES.ID_ asc  
    LIMIT ? OFFSET ? [42001-176]
org.apache.ibatis.exceptions.PersistenceException: 
### Error querying database.  Cause: org.h2.jdbc.JdbcSQLException: Syntax error in SQL statement &quot;SELECT RES.* 
     
    FROM ACT_ID_GROUP RES
     
     WHERE RES.ID_ = ? 
   
     ORDER BY  ORDER[*] BY RES.ID_ ASC  
    LIMIT ? OFFSET ? &quot;; expected &quot;=, NOT, EXISTS, INTERSECTS, SELECT, FROM&quot;; SQL statement:
select RES.* 
     
    from ACT_ID_GROUP RES
     
     WHERE RES.ID_ = ? 
   
     order by  order by RES.ID_ asc  
    LIMIT ? OFFSET ? [42001-176]
### The error may exist in org/activiti/db/mapping/entity/Group.xml
### The error may involve org.activiti.engine.impl.persistence.entity.GroupEntity.selectGroupByQueryCriteria
### The error occurred while executing a query
### SQL: select RES.*            from ACT_ID_GROUP RES            WHERE RES.ID_ = ?           order by  order by RES.ID_ asc       LIMIT ? OFFSET ?
### Cause: org.h2.jdbc.JdbcSQLException: Syntax error in SQL statement &quot;SELECT RES.* 
     
    FROM ACT_ID_GROUP RES
     
     WHERE RES.ID_ = ? 
   
     ORDER BY  ORDER[*] BY RES.ID_ ASC  
    LIMIT ? OFFSET ? &quot;; expected &quot;=, NOT, EXISTS, INTERSECTS, SELECT, FROM&quot;; SQL statement:
select RES.* 
     
    from ACT_ID_GROUP RES
     
     WHERE RES.ID_ = ? 
   
     order by  order by RES.ID_ asc  
    LIMIT ? OFFSET ? [42001-176]
	at org.apache.ibatis.exceptions.ExceptionFactory.wrapException(ExceptionFactory.java:30)
	at org.apache.ibatis.session.defaults.DefaultSqlSession.selectList(DefaultSqlSession.java:122)
	at org.apache.ibatis.session.defaults.DefaultSqlSession.selectList(DefaultSqlSession.java:113)
	at org.activiti.engine.impl.db.DbSqlSession.selectListWithRawParameter(DbSqlSession.java:438)
	at org.activiti.engine.impl.db.DbSqlSession.selectList(DbSqlSession.java:429)
	at org.activiti.engine.impl.db.DbSqlSession.selectList(DbSqlSession.java:419)
	at org.activiti.engine.impl.persistence.entity.GroupEntityManager.findGroupByQueryCriteria(GroupEntityManager.java:90)
	at org.activiti.engine.impl.GroupQueryImpl.executeList(GroupQueryImpl.java:125)
	at org.activiti.engine.impl.AbstractQuery.execute(AbstractQuery.java:164)
	at org.activiti.engine.impl.interceptor.CommandInvoker.execute(CommandInvoker.java:24)
	at org.activiti.engine.impl.interceptor.CommandContextInterceptor.execute(CommandContextInterceptor.java:57)
	at org.activiti.engine.impl.interceptor.LogInterceptor.execute(LogInterceptor.java:37)
	at org.activiti.engine.impl.cfg.CommandExecutorImpl.execute(CommandExecutorImpl.java:40)
	at org.activiti.engine.impl.cfg.CommandExecutorImpl.execute(CommandExecutorImpl.java:35)
	at org.activiti.engine.impl.AbstractQuery.list(AbstractQuery.java:138)
	at org.activiti.engine.test.api.identity.GroupQueryTest.verifyQueryResults(GroupQueryTest.java:221)
	at org.activiti.engine.test.api.identity.GroupQueryTest.testQueryByInvalidId(GroupQueryTest.java:85)
	at sun.reflect.NativeMethodAccessorImpl.invoke0(Native Method)
	at sun.reflect.NativeMethodAccessorImpl.invoke(NativeMethodAccessorImpl.java:62)
	at sun.reflect.DelegatingMethodAccessorImpl.invoke(DelegatingMethodAccessorImpl.java:43)
	at java.lang.reflect.Method.invoke(Method.java:498)
	at junit.framework.TestCase.runTest(TestCase.java:176)
	at org.activiti.engine.impl.test.PvmTestCase.runTest(PvmTestCase.java:65)
	at junit.framework.TestCase.runBare(TestCase.java:141)
	at org.activiti.engine.impl.test.AbstractActivitiTestCase.runBare(AbstractActivitiTestCase.java:100)
	at junit.framework.TestResult$1.protect(TestResult.java:122)
	at junit.framework.TestResult.runProtected(TestResult.java:142)
	at junit.framework.TestResult.run(TestResult.java:125)
	at junit.framework.TestCase.run(TestCase.java:129)
	at junit.framework.TestSuite.runTest(TestSuite.java:255)
	at junit.framework.TestSuite.run(TestSuite.java:250)
	at org.junit.internal.runners.JUnit38ClassRunner.run(JUnit38ClassRunner.java:84)
	at org.apache.maven.surefire.junit4.JUnit4TestSet.execute(JUnit4TestSet.java:35)
	at org.apache.maven.surefire.junit4.JUnit4Provider.executeTestSet(JUnit4Provider.java:146)
	at org.apache.maven.surefire.junit4.JUnit4Provider.invoke(JUnit4Provider.java:97)
	at sun.reflect.NativeMethodAccessorImpl.invoke0(Native Method)
	at sun.reflect.NativeMethodAccessorImpl.invoke(NativeMethodAccessorImpl.java:62)
	at sun.reflect.DelegatingMethodAccessorImpl.invoke(DelegatingMethodAccessorImpl.java:43)
	at java.lang.reflect.Method.invoke(Method.java:498)
	at org.apache.maven.surefire.booter.ProviderFactory$ClassLoaderProxy.invoke(ProviderFactory.java:103)
	at com.sun.proxy.$Proxy0.invoke(Unknown Source)
	at org.apache.maven.surefire.booter.SurefireStarter.invokeProvider(SurefireStarter.java:145)
	at org.apache.maven.surefire.booter.SurefireStarter.runSuitesInProcess(SurefireStarter.java:87)
	at org.apache.maven.surefire.booter.ForkedBooter.main(ForkedBooter.java:69)
Caused by: org.h2.jdbc.JdbcSQLException: Syntax error in SQL statement &quot;SELECT RES.* 
     
    FROM ACT_ID_GROUP RES
     
     WHERE RES.ID_ = ? 
   
     ORDER BY  ORDER[*] BY RES.ID_ ASC  
    LIMIT ? OFFSET ? &quot;; expected &quot;=, NOT, EXISTS, INTERSECTS, SELECT, FROM&quot;; SQL statement:
select RES.* 
     
    from ACT_ID_GROUP RES
     
     WHERE RES.ID_ = ? 
   
     order by  order by RES.ID_ asc  
    LIMIT ? OFFSET ? [42001-176]
	at org.h2.message.DbException.getJdbcSQLException(DbException.java:344)
	at org.h2.message.DbException.getSyntaxError(DbException.java:204)
	at org.h2.command.Parser.getSyntaxError(Parser.java:524)
	at org.h2.command.Parser.readTerm(Parser.java:2688)
	at org.h2.command.Parser.readFactor(Parser.java:2244)
	at org.h2.command.Parser.readSum(Parser.java:2231)
	at org.h2.command.Parser.readConcat(Parser.java:2201)
	at org.h2.command.Parser.readCondition(Parser.java:2051)
	at org.h2.command.Parser.readAnd(Parser.java:2023)
	at org.h2.command.Parser.readExpression(Parser.java:2015)
	at org.h2.command.Parser.parseEndOfQuery(Parser.java:1726)
	at org.h2.command.Parser.parseSelectUnionExtension(Parser.java:1706)
	at org.h2.command.Parser.parseSelectUnion(Parser.java:1675)
	at org.h2.command.Parser.parseSelect(Parser.java:1662)
	at org.h2.command.Parser.parsePrepared(Parser.java:434)
	at org.h2.command.Parser.parse(Parser.java:306)
	at org.h2.command.Parser.parse(Parser.java:282)
	at org.h2.command.Parser.prepareCommand(Parser.java:243)
	at org.h2.engine.Session.prepareLocal(Session.java:442)
	at org.h2.engine.Session.prepareCommand(Session.java:384)
	at org.h2.jdbc.JdbcConnection.prepareCommand(JdbcConnection.java:1188)
	at org.h2.jdbc.JdbcPreparedStatement.&lt;init&gt;(JdbcPreparedStatement.java:73)
	at org.h2.jdbc.JdbcConnection.prepareStatement(JdbcConnection.java:276)
	at sun.reflect.GeneratedMethodAccessor6.invoke(Unknown Source)
	at sun.reflect.DelegatingMethodAccessorImpl.invoke(DelegatingMethodAccessorImpl.java:43)
	at java.lang.reflect.Method.invoke(Method.java:498)
	at org.apache.ibatis.datasource.pooled.PooledConnection.invoke(PooledConnection.java:245)
	at com.sun.proxy.$Proxy12.prepareStatement(Unknown Source)
	at sun.reflect.GeneratedMethodAccessor6.invoke(Unknown Source)
	at sun.reflect.DelegatingMethodAccessorImpl.invoke(DelegatingMethodAccessorImpl.java:43)
	at java.lang.reflect.Method.invoke(Method.java:498)
	at org.apache.ibatis.logging.jdbc.ConnectionLogger.invoke(ConnectionLogger.java:55)
	at com.sun.proxy.$Proxy12.prepareStatement(Unknown Source)
	at org.apache.ibatis.executor.statement.PreparedStatementHandler.instantiateStatement(PreparedStatementHandler.java:79)
	at org.apache.ibatis.executor.statement.BaseStatementHandler.prepare(BaseStatementHandler.java:88)
	at org.apache.ibatis.executor.statement.RoutingStatementHandler.prepare(RoutingStatementHandler.java:58)
	at org.apache.ibatis.executor.SimpleExecutor.prepareStatement(SimpleExecutor.java:76)
	at org.apache.ibatis.executor.SimpleExecutor.doQuery(SimpleExecutor.java:61)
	at org.apache.ibatis.executor.BaseExecutor.queryFromDatabase(BaseExecutor.java:303)
	at org.apache.ibatis.executor.BaseExecutor.query(BaseExecutor.java:154)
	at org.apache.ibatis.executor.CachingExecutor.query(CachingExecutor.java:102)
	at org.apache.ibatis.executor.CachingExecutor.query(CachingExecutor.java:82)
	at org.apache.ibatis.session.defaults.DefaultSqlSession.selectList(DefaultSqlSession.java:120)
	... 42 more
10:44:56,475 [main] DEBUG org.activiti.engine.impl.test.PvmTestCase  - verifying that db is clean after test
10:44:56,475 [main] DEBUG org.activiti.engine.impl.interceptor.LogInterceptor  - 

10:44:56,475 [main] DEBUG org.activiti.engine.impl.interceptor.LogInterceptor  - --- starting GetTableCountCmd --------------------------------------------------------
10:44:56,475 [main] DEBUG org.apache.ibatis.transaction.jdbc.JdbcTransaction  - Opening JDBC Connection
10:44:56,475 [main] DEBUG org.apache.ibatis.datasource.pooled.PooledDataSource  - Checked out connection 180014677 from pool.
10:44:56,475 [main] DEBUG org.apache.ibatis.transaction.jdbc.JdbcTransaction  - Setting autocommit to false on JDBC Connection [conn3: url=jdbc:h2:mem:activiti user=SA]
10:44:56,475 [main] DEBUG org.activiti.engine.impl.persistence.entity.TableDataManager  - retrieving activiti tables from jdbc metadata
10:44:56,475 [main] DEBUG org.activiti.engine.impl.persistence.entity.TableDataManager  -   retrieved activiti table name ACT_EVT_LOG
10:44:56,475 [main] DEBUG org.activiti.engine.impl.persistence.entity.TableDataManager  -   retrieved activiti table name ACT_GE_BYTEARRAY
10:44:56,475 [main] DEBUG org.activiti.engine.impl.persistence.entity.TableDataManager  -   retrieved activiti table name ACT_GE_PROPERTY
10:44:56,475 [main] DEBUG org.activiti.engine.impl.persistence.entity.TableDataManager  -   retrieved activiti table name ACT_HI_ACTINST
10:44:56,475 [main] DEBUG org.activiti.engine.impl.persistence.entity.TableDataManager  -   retrieved activiti table name ACT_HI_ATTACHMENT
10:44:56,475 [main] DEBUG org.activiti.engine.impl.persistence.entity.TableDataManager  -   retrieved activiti table name ACT_HI_COMMENT
10:44:56,475 [main] DEBUG org.activiti.engine.impl.persistence.entity.TableDataManager  -   retrieved activiti table name ACT_HI_DETAIL
10:44:56,475 [main] DEBUG org.activiti.engine.impl.persistence.entity.TableDataManager  -   retrieved activiti table name ACT_HI_IDENTITYLINK
10:44:56,475 [main] DEBUG org.activiti.engine.impl.persistence.entity.TableDataManager  -   retrieved activiti table name ACT_HI_PROCINST
10:44:56,475 [main] DEBUG org.activiti.engine.impl.persistence.entity.TableDataManager  -   retrieved activiti table name ACT_HI_TASKINST
10:44:56,475 [main] DEBUG org.activiti.engine.impl.persistence.entity.TableDataManager  -   retrieved activiti table name ACT_HI_VARINST
10:44:56,475 [main] DEBUG org.activiti.engine.impl.persistence.entity.TableDataManager  -   retrieved activiti table name ACT_ID_GROUP
10:44:56,475 [main] DEBUG org.activiti.engine.impl.persistence.entity.TableDataManager  -   retrieved activiti table name ACT_ID_INFO
10:44:56,475 [main] DEBUG org.activiti.engine.impl.persistence.entity.TableDataManager  -   retrieved activiti table name ACT_ID_MEMBERSHIP
10:44:56,475 [main] DEBUG org.activiti.engine.impl.persistence.entity.TableDataManager  -   retrieved activiti table name ACT_ID_USER
10:44:56,475 [main] DEBUG org.activiti.engine.impl.persistence.entity.TableDataManager  -   retrieved activiti table name ACT_PROCDEF_INFO
10:44:56,475 [main] DEBUG org.activiti.engine.impl.persistence.entity.TableDataManager  -   retrieved activiti table name ACT_RE_DEPLOYMENT
10:44:56,475 [main] DEBUG org.activiti.engine.impl.persistence.entity.TableDataManager  -   retrieved activiti table name ACT_RE_MODEL
10:44:56,475 [main] DEBUG org.activiti.engine.impl.persistence.entity.TableDataManager  -   retrieved activiti table name ACT_RE_PROCDEF
10:44:56,475 [main] DEBUG org.activiti.engine.impl.persistence.entity.TableDataManager  -   retrieved activiti table name ACT_RU_EVENT_SUBSCR
10:44:56,475 [main] DEBUG org.activiti.engine.impl.persistence.entity.TableDataManager  -   retrieved activiti table name ACT_RU_EXECUTION
10:44:56,475 [main] DEBUG org.activiti.engine.impl.persistence.entity.TableDataManager  -   retrieved activiti table name ACT_RU_IDENTITYLINK
10:44:56,475 [main] DEBUG org.activiti.engine.impl.persistence.entity.TableDataManager  -   retrieved activiti table name ACT_RU_JOB
10:44:56,475 [main] DEBUG org.activiti.engine.impl.persistence.entity.TableDataManager  -   retrieved activiti table name ACT_RU_TASK
10:44:56,475 [main] DEBUG org.activiti.engine.impl.persistence.entity.TableDataManager  -   retrieved activiti table name ACT_RU_VARIABLE
10:44:56,475 [main] DEBUG org.activiti.engine.impl.persistence.entity.TableDataManager  - selecting table count for ACT_EVT_LOG
10:44:56,475 [main] DEBUG org.activiti.engine.impl.TablePageMap.selectTableCount  - ==&gt;  Preparing: select count(*) from ACT_EVT_LOG 
10:44:56,475 [main] DEBUG org.activiti.engine.impl.TablePageMap.selectTableCount  - ==&gt; Parameters: 
10:44:56,475 [main] DEBUG org.activiti.engine.impl.TablePageMap.selectTableCount  - &lt;==      Total: 1
10:44:56,475 [main] DEBUG org.activiti.engine.impl.persistence.entity.TableDataManager  - selecting table count for ACT_GE_BYTEARRAY
10:44:56,475 [main] DEBUG org.activiti.engine.impl.TablePageMap.selectTableCount  - ==&gt;  Preparing: select count(*) from ACT_GE_BYTEARRAY 
10:44:56,476 [main] DEBUG org.activiti.engine.impl.TablePageMap.selectTableCount  - ==&gt; Parameters: 
10:44:56,476 [main] DEBUG org.activiti.engine.impl.TablePageMap.selectTableCount  - &lt;==      Total: 1
10:44:56,476 [main] DEBUG org.activiti.engine.impl.persistence.entity.TableDataManager  - selecting table count for ACT_GE_PROPERTY
10:44:56,476 [main] DEBUG org.activiti.engine.impl.TablePageMap.selectTableCount  - ==&gt;  Preparing: select count(*) from ACT_GE_PROPERTY 
10:44:56,476 [main] DEBUG org.activiti.engine.impl.TablePageMap.selectTableCount  - ==&gt; Parameters: 
10:44:56,476 [main] DEBUG org.activiti.engine.impl.TablePageMap.selectTableCount  - &lt;==      Total: 1
10:44:56,476 [main] DEBUG org.activiti.engine.impl.persistence.entity.TableDataManager  - selecting table count for ACT_HI_ACTINST
10:44:56,476 [main] DEBUG org.activiti.engine.impl.TablePageMap.selectTableCount  - ==&gt;  Preparing: select count(*) from ACT_HI_ACTINST 
10:44:56,476 [main] DEBUG org.activiti.engine.impl.TablePageMap.selectTableCount  - ==&gt; Parameters: 
10:44:56,476 [main] DEBUG org.activiti.engine.impl.TablePageMap.selectTableCount  - &lt;==      Total: 1
10:44:56,476 [main] DEBUG org.activiti.engine.impl.persistence.entity.TableDataManager  - selecting table count for ACT_HI_ATTACHMENT
10:44:56,476 [main] DEBUG org.activiti.engine.impl.TablePageMap.selectTableCount  - ==&gt;  Preparing: select count(*) from ACT_HI_ATTACHMENT 
10:44:56,476 [main] DEBUG org.activiti.engine.impl.TablePageMap.selectTableCount  - ==&gt; Parameters: 
10:44:56,476 [main] DEBUG org.activiti.engine.impl.TablePageMap.selectTableCount  - &lt;==      Total: 1
10:44:56,476 [main] DEBUG org.activiti.engine.impl.persistence.entity.TableDataManager  - selecting table count for ACT_HI_COMMENT
10:44:56,476 [main] DEBUG org.activiti.engine.impl.TablePageMap.selectTableCount  - ==&gt;  Preparing: select count(*) from ACT_HI_COMMENT 
10:44:56,476 [main] DEBUG org.activiti.engine.impl.TablePageMap.selectTableCount  - ==&gt; Parameters: 
10:44:56,476 [main] DEBUG org.activiti.engine.impl.TablePageMap.selectTableCount  - &lt;==      Total: 1
10:44:56,476 [main] DEBUG org.activiti.engine.impl.persistence.entity.TableDataManager  - selecting table count for ACT_HI_DETAIL
10:44:56,476 [main] DEBUG org.activiti.engine.impl.TablePageMap.selectTableCount  - ==&gt;  Preparing: select count(*) from ACT_HI_DETAIL 
10:44:56,476 [main] DEBUG org.activiti.engine.impl.TablePageMap.selectTableCount  - ==&gt; Parameters: 
10:44:56,476 [main] DEBUG org.activiti.engine.impl.TablePageMap.selectTableCount  - &lt;==      Total: 1
10:44:56,476 [main] DEBUG org.activiti.engine.impl.persistence.entity.TableDataManager  - selecting table count for ACT_HI_IDENTITYLINK
10:44:56,476 [main] DEBUG org.activiti.engine.impl.TablePageMap.selectTableCount  - ==&gt;  Preparing: select count(*) from ACT_HI_IDENTITYLINK 
10:44:56,476 [main] DEBUG org.activiti.engine.impl.TablePageMap.selectTableCount  - ==&gt; Parameters: 
10:44:56,476 [main] DEBUG org.activiti.engine.impl.TablePageMap.selectTableCount  - &lt;==      Total: 1
10:44:56,476 [main] DEBUG org.activiti.engine.impl.persistence.entity.TableDataManager  - selecting table count for ACT_HI_PROCINST
10:44:56,476 [main] DEBUG org.activiti.engine.impl.TablePageMap.selectTableCount  - ==&gt;  Preparing: select count(*) from ACT_HI_PROCINST 
10:44:56,476 [main] DEBUG org.activiti.engine.impl.TablePageMap.selectTableCount  - ==&gt; Parameters: 
10:44:56,476 [main] DEBUG org.activiti.engine.impl.TablePageMap.selectTableCount  - &lt;==      Total: 1
10:44:56,476 [main] DEBUG org.activiti.engine.impl.persistence.entity.TableDataManager  - selecting table count for ACT_HI_TASKINST
10:44:56,476 [main] DEBUG org.activiti.engine.impl.TablePageMap.selectTableCount  - ==&gt;  Preparing: select count(*) from ACT_HI_TASKINST 
10:44:56,476 [main] DEBUG org.activiti.engine.impl.TablePageMap.selectTableCount  - ==&gt; Parameters: 
10:44:56,476 [main] DEBUG org.activiti.engine.impl.TablePageMap.selectTableCount  - &lt;==      Total: 1
10:44:56,476 [main] DEBUG org.activiti.engine.impl.persistence.entity.TableDataManager  - selecting table count for ACT_HI_VARINST
10:44:56,476 [main] DEBUG org.activiti.engine.impl.TablePageMap.selectTableCount  - ==&gt;  Preparing: select count(*) from ACT_HI_VARINST 
10:44:56,476 [main] DEBUG org.activiti.engine.impl.TablePageMap.selectTableCount  - ==&gt; Parameters: 
10:44:56,476 [main] DEBUG org.activiti.engine.impl.TablePageMap.selectTableCount  - &lt;==      Total: 1
10:44:56,476 [main] DEBUG org.activiti.engine.impl.persistence.entity.TableDataManager  - selecting table count for ACT_ID_GROUP
10:44:56,476 [main] DEBUG org.activiti.engine.impl.TablePageMap.selectTableCount  - ==&gt;  Preparing: select count(*) from ACT_ID_GROUP 
10:44:56,476 [main] DEBUG org.activiti.engine.impl.TablePageMap.selectTableCount  - ==&gt; Parameters: 
10:44:56,476 [main] DEBUG org.activiti.engine.impl.TablePageMap.selectTableCount  - &lt;==      Total: 1
10:44:56,476 [main] DEBUG org.activiti.engine.impl.persistence.entity.TableDataManager  - selecting table count for ACT_ID_INFO
10:44:56,476 [main] DEBUG org.activiti.engine.impl.TablePageMap.selectTableCount  - ==&gt;  Preparing: select count(*) from ACT_ID_INFO 
10:44:56,476 [main] DEBUG org.activiti.engine.impl.TablePageMap.selectTableCount  - ==&gt; Parameters: 
10:44:56,476 [main] DEBUG org.activiti.engine.impl.TablePageMap.selectTableCount  - &lt;==      Total: 1
10:44:56,476 [main] DEBUG org.activiti.engine.impl.persistence.entity.TableDataManager  - selecting table count for ACT_ID_MEMBERSHIP
10:44:56,476 [main] DEBUG org.activiti.engine.impl.TablePageMap.selectTableCount  - ==&gt;  Preparing: select count(*) from ACT_ID_MEMBERSHIP 
10:44:56,476 [main] DEBUG org.activiti.engine.impl.TablePageMap.selectTableCount  - ==&gt; Parameters: 
10:44:56,476 [main] DEBUG org.activiti.engine.impl.TablePageMap.selectTableCount  - &lt;==      Total: 1
10:44:56,476 [main] DEBUG org.activiti.engine.impl.persistence.entity.TableDataManager  - selecting table count for ACT_ID_USER
10:44:56,476 [main] DEBUG org.activiti.engine.impl.TablePageMap.selectTableCount  - ==&gt;  Preparing: select count(*) from ACT_ID_USER 
10:44:56,476 [main] DEBUG org.activiti.engine.impl.TablePageMap.selectTableCount  - ==&gt; Parameters: 
10:44:56,476 [main] DEBUG org.activiti.engine.impl.TablePageMap.selectTableCount  - &lt;==      Total: 1
10:44:56,476 [main] DEBUG org.activiti.engine.impl.persistence.entity.TableDataManager  - selecting table count for ACT_PROCDEF_INFO
10:44:56,476 [main] DEBUG org.activiti.engine.impl.TablePageMap.selectTableCount  - ==&gt;  Preparing: select count(*) from ACT_PROCDEF_INFO 
10:44:56,476 [main] DEBUG org.activiti.engine.impl.TablePageMap.selectTableCount  - ==&gt; Parameters: 
10:44:56,476 [main] DEBUG org.activiti.engine.impl.TablePageMap.selectTableCount  - &lt;==      Total: 1
10:44:56,476 [main] DEBUG org.activiti.engine.impl.persistence.entity.TableDataManager  - selecting table count for ACT_RE_DEPLOYMENT
10:44:56,476 [main] DEBUG org.activiti.engine.impl.TablePageMap.selectTableCount  - ==&gt;  Preparing: select count(*) from ACT_RE_DEPLOYMENT 
10:44:56,476 [main] DEBUG org.activiti.engine.impl.TablePageMap.selectTableCount  - ==&gt; Parameters: 
10:44:56,476 [main] DEBUG org.activiti.engine.impl.TablePageMap.selectTableCount  - &lt;==      Total: 1
10:44:56,476 [main] DEBUG org.activiti.engine.impl.persistence.entity.TableDataManager  - selecting table count for ACT_RE_MODEL
10:44:56,476 [main] DEBUG org.activiti.engine.impl.TablePageMap.selectTableCount  - ==&gt;  Preparing: select count(*) from ACT_RE_MODEL 
10:44:56,476 [main] DEBUG org.activiti.engine.impl.TablePageMap.selectTableCount  - ==&gt; Parameters: 
10:44:56,476 [main] DEBUG org.activiti.engine.impl.TablePageMap.selectTableCount  - &lt;==      Total: 1
10:44:56,476 [main] DEBUG org.activiti.engine.impl.persistence.entity.TableDataManager  - selecting table count for ACT_RE_PROCDEF
10:44:56,476 [main] DEBUG org.activiti.engine.impl.TablePageMap.selectTableCount  - ==&gt;  Preparing: select count(*) from ACT_RE_PROCDEF 
10:44:56,476 [main] DEBUG org.activiti.engine.impl.TablePageMap.selectTableCount  - ==&gt; Parameters: 
10:44:56,476 [main] DEBUG org.activiti.engine.impl.TablePageMap.selectTableCount  - &lt;==      Total: 1
10:44:56,476 [main] DEBUG org.activiti.engine.impl.persistence.entity.TableDataManager  - selecting table count for ACT_RU_EVENT_SUBSCR
10:44:56,476 [main] DEBUG org.activiti.engine.impl.TablePageMap.selectTableCount  - ==&gt;  Preparing: select count(*) from ACT_RU_EVENT_SUBSCR 
10:44:56,476 [main] DEBUG org.activiti.engine.impl.TablePageMap.selectTableCount  - ==&gt; Parameters: 
10:44:56,476 [main] DEBUG org.activiti.engine.impl.TablePageMap.selectTableCount  - &lt;==      Total: 1
10:44:56,476 [main] DEBUG org.activiti.engine.impl.persistence.entity.TableDataManager  - selecting table count for ACT_RU_EXECUTION
10:44:56,476 [main] DEBUG org.activiti.engine.impl.TablePageMap.selectTableCount  - ==&gt;  Preparing: select count(*) from ACT_RU_EXECUTION 
10:44:56,476 [main] DEBUG org.activiti.engine.impl.TablePageMap.selectTableCount  - ==&gt; Parameters: 
10:44:56,476 [main] DEBUG org.activiti.engine.impl.TablePageMap.selectTableCount  - &lt;==      Total: 1
10:44:56,476 [main] DEBUG org.activiti.engine.impl.persistence.entity.TableDataManager  - selecting table count for ACT_RU_IDENTITYLINK
10:44:56,476 [main] DEBUG org.activiti.engine.impl.TablePageMap.selectTableCount  - ==&gt;  Preparing: select count(*) from ACT_RU_IDENTITYLINK 
10:44:56,476 [main] DEBUG org.activiti.engine.impl.TablePageMap.selectTableCount  - ==&gt; Parameters: 
10:44:56,476 [main] DEBUG org.activiti.engine.impl.TablePageMap.selectTableCount  - &lt;==      Total: 1
10:44:56,476 [main] DEBUG org.activiti.engine.impl.persistence.entity.TableDataManager  - selecting table count for ACT_RU_JOB
10:44:56,477 [main] DEBUG org.activiti.engine.impl.TablePageMap.selectTableCount  - ==&gt;  Preparing: select count(*) from ACT_RU_JOB 
10:44:56,477 [main] DEBUG org.activiti.engine.impl.TablePageMap.selectTableCount  - ==&gt; Parameters: 
10:44:56,477 [main] DEBUG org.activiti.engine.impl.TablePageMap.selectTableCount  - &lt;==      Total: 1
10:44:56,477 [main] DEBUG org.activiti.engine.impl.persistence.entity.TableDataManager  - selecting table count for ACT_RU_TASK
10:44:56,477 [main] DEBUG org.activiti.engine.impl.TablePageMap.selectTableCount  - ==&gt;  Preparing: select count(*) from ACT_RU_TASK 
10:44:56,477 [main] DEBUG org.activiti.engine.impl.TablePageMap.selectTableCount  - ==&gt; Parameters: 
10:44:56,477 [main] DEBUG org.activiti.engine.impl.TablePageMap.selectTableCount  - &lt;==      Total: 1
10:44:56,477 [main] DEBUG org.activiti.engine.impl.persistence.entity.TableDataManager  - selecting table count for ACT_RU_VARIABLE
10:44:56,477 [main] DEBUG org.activiti.engine.impl.TablePageMap.selectTableCount  - ==&gt;  Preparing: select count(*) from ACT_RU_VARIABLE 
10:44:56,477 [main] DEBUG org.activiti.engine.impl.TablePageMap.selectTableCount  - ==&gt; Parameters: 
10:44:56,477 [main] DEBUG org.activiti.engine.impl.TablePageMap.selectTableCount  - &lt;==      Total: 1
10:44:56,477 [main] DEBUG org.activiti.engine.impl.persistence.entity.TableDataManager  - Number of rows per activiti table: {ACT_RU_EVENT_SUBSCR=0, ACT_ID_USER=0, ACT_HI_ATTACHMENT=0, ACT_GE_BYTEARRAY=0, ACT_RE_MODEL=0, ACT_RU_VARIABLE=0, ACT_RU_TASK=0, ACT_RE_DEPLOYMENT=0, ACT_RE_PROCDEF=0, ACT_ID_GROUP=0, ACT_HI_VARINST=0, ACT_HI_COMMENT=0, ACT_HI_PROCINST=0, ACT_ID_INFO=0, ACT_ID_MEMBERSHIP=0, ACT_RU_JOB=0, ACT_PROCDEF_INFO=0, ACT_HI_ACTINST=0, ACT_RU_EXECUTION=0, ACT_HI_TASKINST=0, ACT_HI_DETAIL=0, ACT_EVT_LOG=0, ACT_HI_IDENTITYLINK=0, ACT_RU_IDENTITYLINK=0, ACT_GE_PROPERTY=3}
10:44:56,477 [main] DEBUG org.activiti.engine.impl.db.DbSqlSession  - flush summary: 0 insert, 0 update, 0 delete.
10:44:56,477 [main] DEBUG org.activiti.engine.impl.db.DbSqlSession  - now executing flush...
10:44:56,477 [main] DEBUG org.activiti.engine.impl.cfg.standalone.StandaloneMybatisTransactionContext  - firing event committing...
10:44:56,477 [main] DEBUG org.activiti.engine.impl.cfg.standalone.StandaloneMybatisTransactionContext  - committing the ibatis sql session...
10:44:56,477 [main] DEBUG org.activiti.engine.impl.cfg.standalone.StandaloneMybatisTransactionContext  - firing event committed...
10:44:56,477 [main] DEBUG org.apache.ibatis.transaction.jdbc.JdbcTransaction  - Resetting autocommit to true on JDBC Connection [conn3: url=jdbc:h2:mem:activiti user=SA]
10:44:56,477 [main] DEBUG org.apache.ibatis.transaction.jdbc.JdbcTransaction  - Closing JDBC Connection [conn3: url=jdbc:h2:mem:activiti user=SA]
10:44:56,477 [main] DEBUG org.apache.ibatis.datasource.pooled.PooledDataSource  - Returned connection 180014677 to pool.
10:44:56,477 [main] DEBUG org.activiti.engine.impl.interceptor.LogInterceptor  - --- GetTableCountCmd finished --------------------------------------------------------
10:44:56,477 [main] DEBUG org.activiti.engine.impl.interceptor.LogInterceptor  - 

10:44:56,477 [main] INFO  org.activiti.engine.impl.test.PvmTestCase  - database was clean
</system-out>
  </testcase>
  <testcase classname="org.activiti.engine.test.api.identity.GroupQueryTest" name="testNativeQuery" time="0.013"/>
  <testcase classname="org.activiti.engine.test.api.identity.GroupQueryTest" name="testQueryByNameLike" time="0.01">
    <error message="
### Error querying database.  Cause: org.h2.jdbc.JdbcSQLException: Syntax error in SQL statement &quot;SELECT RES.* 
     
    FROM ACT_ID_GROUP RES
     
     WHERE  RES.NAME_ LIKE ? 
   
     ORDER BY  ORDER[*] BY RES.ID_ ASC  
    LIMIT ? OFFSET ? &quot;; expected &quot;=, NOT, EXISTS, INTERSECTS, SELECT, FROM&quot;; SQL statement:
select RES.* 
     
    from ACT_ID_GROUP RES
     
     WHERE  RES.NAME_ like ? 
   
     order by  order by RES.ID_ asc  
    LIMIT ? OFFSET ? [42001-176]
### The error may exist in org/activiti/db/mapping/entity/Group.xml
### The error may involve org.activiti.engine.impl.persistence.entity.GroupEntity.selectGroupByQueryCriteria
### The error occurred while executing a query
### SQL: select RES.*            from ACT_ID_GROUP RES            WHERE  RES.NAME_ like ?           order by  order by RES.ID_ asc       LIMIT ? OFFSET ?
### Cause: org.h2.jdbc.JdbcSQLException: Syntax error in SQL statement &quot;SELECT RES.* 
     
    FROM ACT_ID_GROUP RES
     
     WHERE  RES.NAME_ LIKE ? 
   
     ORDER BY  ORDER[*] BY RES.ID_ ASC  
    LIMIT ? OFFSET ? &quot;; expected &quot;=, NOT, EXISTS, INTERSECTS, SELECT, FROM&quot;; SQL statement:
select RES.* 
     
    from ACT_ID_GROUP RES
     
     WHERE  RES.NAME_ like ? 
   
     order by  order by RES.ID_ asc  
    LIMIT ? OFFSET ? [42001-176]" type="org.apache.ibatis.exceptions.PersistenceException">org.apache.ibatis.exceptions.PersistenceException: 
### Error querying database.  Cause: org.h2.jdbc.JdbcSQLException: Syntax error in SQL statement &quot;SELECT RES.* 
     
    FROM ACT_ID_GROUP RES
     
     WHERE  RES.NAME_ LIKE ? 
   
     ORDER BY  ORDER[*] BY RES.ID_ ASC  
    LIMIT ? OFFSET ? &quot;; expected &quot;=, NOT, EXISTS, INTERSECTS, SELECT, FROM&quot;; SQL statement:
select RES.* 
     
    from ACT_ID_GROUP RES
     
     WHERE  RES.NAME_ like ? 
   
     order by  order by RES.ID_ asc  
    LIMIT ? OFFSET ? [42001-176]
### The error may exist in org/activiti/db/mapping/entity/Group.xml
### The error may involve org.activiti.engine.impl.persistence.entity.GroupEntity.selectGroupByQueryCriteria
### The error occurred while executing a query
### SQL: select RES.*            from ACT_ID_GROUP RES            WHERE  RES.NAME_ like ?           order by  order by RES.ID_ asc       LIMIT ? OFFSET ?
### Cause: org.h2.jdbc.JdbcSQLException: Syntax error in SQL statement &quot;SELECT RES.* 
     
    FROM ACT_ID_GROUP RES
     
     WHERE  RES.NAME_ LIKE ? 
   
     ORDER BY  ORDER[*] BY RES.ID_ ASC  
    LIMIT ? OFFSET ? &quot;; expected &quot;=, NOT, EXISTS, INTERSECTS, SELECT, FROM&quot;; SQL statement:
select RES.* 
     
    from ACT_ID_GROUP RES
     
     WHERE  RES.NAME_ like ? 
   
     order by  order by RES.ID_ asc  
    LIMIT ? OFFSET ? [42001-176]
	at org.apache.ibatis.exceptions.ExceptionFactory.wrapException(ExceptionFactory.java:30)
	at org.apache.ibatis.session.defaults.DefaultSqlSession.selectList(DefaultSqlSession.java:122)
	at org.apache.ibatis.session.defaults.DefaultSqlSession.selectList(DefaultSqlSession.java:113)
	at org.activiti.engine.impl.db.DbSqlSession.selectListWithRawParameter(DbSqlSession.java:438)
	at org.activiti.engine.impl.db.DbSqlSession.selectList(DbSqlSession.java:429)
	at org.activiti.engine.impl.db.DbSqlSession.selectList(DbSqlSession.java:419)
	at org.activiti.engine.impl.persistence.entity.GroupEntityManager.findGroupByQueryCriteria(GroupEntityManager.java:90)
	at org.activiti.engine.impl.GroupQueryImpl.executeList(GroupQueryImpl.java:125)
	at org.activiti.engine.impl.AbstractQuery.execute(AbstractQuery.java:164)
	at org.activiti.engine.impl.interceptor.CommandInvoker.execute(CommandInvoker.java:24)
	at org.activiti.engine.impl.interceptor.CommandContextInterceptor.execute(CommandContextInterceptor.java:57)
	at org.activiti.engine.impl.interceptor.LogInterceptor.execute(LogInterceptor.java:37)
	at org.activiti.engine.impl.cfg.CommandExecutorImpl.execute(CommandExecutorImpl.java:40)
	at org.activiti.engine.impl.cfg.CommandExecutorImpl.execute(CommandExecutorImpl.java:35)
	at org.activiti.engine.impl.AbstractQuery.list(AbstractQuery.java:138)
	at org.activiti.engine.test.api.identity.GroupQueryTest.verifyQueryResults(GroupQueryTest.java:221)
	at org.activiti.engine.test.api.identity.GroupQueryTest.testQueryByNameLike(GroupQueryTest.java:113)
	at sun.reflect.NativeMethodAccessorImpl.invoke0(Native Method)
	at sun.reflect.NativeMethodAccessorImpl.invoke(NativeMethodAccessorImpl.java:62)
	at sun.reflect.DelegatingMethodAccessorImpl.invoke(DelegatingMethodAccessorImpl.java:43)
	at java.lang.reflect.Method.invoke(Method.java:498)
	at junit.framework.TestCase.runTest(TestCase.java:176)
	at org.activiti.engine.impl.test.PvmTestCase.runTest(PvmTestCase.java:65)
	at junit.framework.TestCase.runBare(TestCase.java:141)
	at org.activiti.engine.impl.test.AbstractActivitiTestCase.runBare(AbstractActivitiTestCase.java:100)
	at junit.framework.TestResult$1.protect(TestResult.java:122)
	at junit.framework.TestResult.runProtected(TestResult.java:142)
	at junit.framework.TestResult.run(TestResult.java:125)
	at junit.framework.TestCase.run(TestCase.java:129)
	at junit.framework.TestSuite.runTest(TestSuite.java:255)
	at junit.framework.TestSuite.run(TestSuite.java:250)
	at org.junit.internal.runners.JUnit38ClassRunner.run(JUnit38ClassRunner.java:84)
	at org.apache.maven.surefire.junit4.JUnit4TestSet.execute(JUnit4TestSet.java:35)
	at org.apache.maven.surefire.junit4.JUnit4Provider.executeTestSet(JUnit4Provider.java:146)
	at org.apache.maven.surefire.junit4.JUnit4Provider.invoke(JUnit4Provider.java:97)
	at sun.reflect.NativeMethodAccessorImpl.invoke0(Native Method)
	at sun.reflect.NativeMethodAccessorImpl.invoke(NativeMethodAccessorImpl.java:62)
	at sun.reflect.DelegatingMethodAccessorImpl.invoke(DelegatingMethodAccessorImpl.java:43)
	at java.lang.reflect.Method.invoke(Method.java:498)
	at org.apache.maven.surefire.booter.ProviderFactory$ClassLoaderProxy.invoke(ProviderFactory.java:103)
	at com.sun.proxy.$Proxy0.invoke(Unknown Source)
	at org.apache.maven.surefire.booter.SurefireStarter.invokeProvider(SurefireStarter.java:145)
	at org.apache.maven.surefire.booter.SurefireStarter.runSuitesInProcess(SurefireStarter.java:87)
	at org.apache.maven.surefire.booter.ForkedBooter.main(ForkedBooter.java:69)
Caused by: org.h2.jdbc.JdbcSQLException: Syntax error in SQL statement &quot;SELECT RES.* 
     
    FROM ACT_ID_GROUP RES
     
     WHERE  RES.NAME_ LIKE ? 
   
     ORDER BY  ORDER[*] BY RES.ID_ ASC  
    LIMIT ? OFFSET ? &quot;; expected &quot;=, NOT, EXISTS, INTERSECTS, SELECT, FROM&quot;; SQL statement:
select RES.* 
     
    from ACT_ID_GROUP RES
     
     WHERE  RES.NAME_ like ? 
   
     order by  order by RES.ID_ asc  
    LIMIT ? OFFSET ? [42001-176]
	at org.h2.message.DbException.getJdbcSQLException(DbException.java:344)
	at org.h2.message.DbException.getSyntaxError(DbException.java:204)
	at org.h2.command.Parser.getSyntaxError(Parser.java:524)
	at org.h2.command.Parser.readTerm(Parser.java:2688)
	at org.h2.command.Parser.readFactor(Parser.java:2244)
	at org.h2.command.Parser.readSum(Parser.java:2231)
	at org.h2.command.Parser.readConcat(Parser.java:2201)
	at org.h2.command.Parser.readCondition(Parser.java:2051)
	at org.h2.command.Parser.readAnd(Parser.java:2023)
	at org.h2.command.Parser.readExpression(Parser.java:2015)
	at org.h2.command.Parser.parseEndOfQuery(Parser.java:1726)
	at org.h2.command.Parser.parseSelectUnionExtension(Parser.java:1706)
	at org.h2.command.Parser.parseSelectUnion(Parser.java:1675)
	at org.h2.command.Parser.parseSelect(Parser.java:1662)
	at org.h2.command.Parser.parsePrepared(Parser.java:434)
	at org.h2.command.Parser.parse(Parser.java:306)
	at org.h2.command.Parser.parse(Parser.java:282)
	at org.h2.command.Parser.prepareCommand(Parser.java:243)
	at org.h2.engine.Session.prepareLocal(Session.java:442)
	at org.h2.engine.Session.prepareCommand(Session.java:384)
	at org.h2.jdbc.JdbcConnection.prepareCommand(JdbcConnection.java:1188)
	at org.h2.jdbc.JdbcPreparedStatement.&lt;init&gt;(JdbcPreparedStatement.java:73)
	at org.h2.jdbc.JdbcConnection.prepareStatement(JdbcConnection.java:276)
	at sun.reflect.GeneratedMethodAccessor6.invoke(Unknown Source)
	at sun.reflect.DelegatingMethodAccessorImpl.invoke(DelegatingMethodAccessorImpl.java:43)
	at java.lang.reflect.Method.invoke(Method.java:498)
	at org.apache.ibatis.datasource.pooled.PooledConnection.invoke(PooledConnection.java:245)
	at com.sun.proxy.$Proxy12.prepareStatement(Unknown Source)
	at sun.reflect.GeneratedMethodAccessor6.invoke(Unknown Source)
	at sun.reflect.DelegatingMethodAccessorImpl.invoke(DelegatingMethodAccessorImpl.java:43)
	at java.lang.reflect.Method.invoke(Method.java:498)
	at org.apache.ibatis.logging.jdbc.ConnectionLogger.invoke(ConnectionLogger.java:55)
	at com.sun.proxy.$Proxy12.prepareStatement(Unknown Source)
	at org.apache.ibatis.executor.statement.PreparedStatementHandler.instantiateStatement(PreparedStatementHandler.java:79)
	at org.apache.ibatis.executor.statement.BaseStatementHandler.prepare(BaseStatementHandler.java:88)
	at org.apache.ibatis.executor.statement.RoutingStatementHandler.prepare(RoutingStatementHandler.java:58)
	at org.apache.ibatis.executor.SimpleExecutor.prepareStatement(SimpleExecutor.java:76)
	at org.apache.ibatis.executor.SimpleExecutor.doQuery(SimpleExecutor.java:61)
	at org.apache.ibatis.executor.BaseExecutor.queryFromDatabase(BaseExecutor.java:303)
	at org.apache.ibatis.executor.BaseExecutor.query(BaseExecutor.java:154)
	at org.apache.ibatis.executor.CachingExecutor.query(CachingExecutor.java:102)
	at org.apache.ibatis.executor.CachingExecutor.query(CachingExecutor.java:82)
	at org.apache.ibatis.session.defaults.DefaultSqlSession.selectList(DefaultSqlSession.java:120)
	... 42 more
</error>
    <system-out>10:44:56,491 [main] DEBUG org.activiti.engine.impl.interceptor.LogInterceptor  - 

10:44:56,491 [main] DEBUG org.activiti.engine.impl.interceptor.LogInterceptor  - --- starting CreateGroupCmd --------------------------------------------------------
10:44:56,491 [main] DEBUG org.activiti.engine.impl.cfg.standalone.StandaloneMybatisTransactionContext  - firing event committing...
10:44:56,491 [main] DEBUG org.activiti.engine.impl.cfg.standalone.StandaloneMybatisTransactionContext  - committing the ibatis sql session...
10:44:56,491 [main] DEBUG org.activiti.engine.impl.cfg.standalone.StandaloneMybatisTransactionContext  - firing event committed...
10:44:56,491 [main] DEBUG org.activiti.engine.impl.interceptor.LogInterceptor  - --- CreateGroupCmd finished --------------------------------------------------------
10:44:56,492 [main] DEBUG org.activiti.engine.impl.interceptor.LogInterceptor  - 

10:44:56,492 [main] DEBUG org.activiti.engine.impl.interceptor.LogInterceptor  - 

10:44:56,492 [main] DEBUG org.activiti.engine.impl.interceptor.LogInterceptor  - --- starting SaveGroupCmd --------------------------------------------------------
10:44:56,492 [main] DEBUG org.activiti.engine.impl.db.DbSqlSession  -   insert org.activiti.engine.impl.persistence.entity.GroupEntity@29b40b3
10:44:56,492 [main] DEBUG org.activiti.engine.impl.db.DbSqlSession  - flush summary: 1 insert, 0 update, 0 delete.
10:44:56,492 [main] DEBUG org.activiti.engine.impl.db.DbSqlSession  - now executing flush...
10:44:56,492 [main] DEBUG org.activiti.engine.impl.db.DbSqlSession  - inserting: org.activiti.engine.impl.persistence.entity.GroupEntity@29b40b3
10:44:56,492 [main] DEBUG org.apache.ibatis.transaction.jdbc.JdbcTransaction  - Opening JDBC Connection
10:44:56,492 [main] DEBUG org.apache.ibatis.datasource.pooled.PooledDataSource  - Checked out connection 363509958 from pool.
10:44:56,492 [main] DEBUG org.apache.ibatis.transaction.jdbc.JdbcTransaction  - Setting autocommit to false on JDBC Connection [conn2: url=jdbc:h2:mem:activiti user=SA]
10:44:56,492 [main] DEBUG org.activiti.engine.impl.persistence.entity.GroupEntity.insertGroup  - ==&gt;  Preparing: insert into ACT_ID_GROUP (ID_, REV_, NAME_, TYPE_) values ( ?, 1, ?, ? ) 
10:44:56,492 [main] DEBUG org.activiti.engine.impl.persistence.entity.GroupEntity.insertGroup  - ==&gt; Parameters: muppets(String), Muppet show characters(String), user(String)
10:44:56,492 [main] DEBUG org.activiti.engine.impl.persistence.entity.GroupEntity.insertGroup  - &lt;==    Updates: 1
10:44:56,492 [main] DEBUG org.activiti.engine.impl.cfg.standalone.StandaloneMybatisTransactionContext  - firing event committing...
10:44:56,492 [main] DEBUG org.activiti.engine.impl.cfg.standalone.StandaloneMybatisTransactionContext  - committing the ibatis sql session...
10:44:56,492 [main] DEBUG org.apache.ibatis.transaction.jdbc.JdbcTransaction  - Committing JDBC Connection [conn2: url=jdbc:h2:mem:activiti user=SA]
10:44:56,492 [main] DEBUG org.activiti.engine.impl.cfg.standalone.StandaloneMybatisTransactionContext  - firing event committed...
10:44:56,492 [main] DEBUG org.apache.ibatis.transaction.jdbc.JdbcTransaction  - Resetting autocommit to true on JDBC Connection [conn2: url=jdbc:h2:mem:activiti user=SA]
10:44:56,492 [main] DEBUG org.apache.ibatis.transaction.jdbc.JdbcTransaction  - Closing JDBC Connection [conn2: url=jdbc:h2:mem:activiti user=SA]
10:44:56,492 [main] DEBUG org.apache.ibatis.datasource.pooled.PooledDataSource  - Returned connection 363509958 to pool.
10:44:56,492 [main] DEBUG org.activiti.engine.impl.interceptor.LogInterceptor  - --- SaveGroupCmd finished --------------------------------------------------------
10:44:56,492 [main] DEBUG org.activiti.engine.impl.interceptor.LogInterceptor  - 

10:44:56,492 [main] DEBUG org.activiti.engine.impl.interceptor.LogInterceptor  - 

10:44:56,492 [main] DEBUG org.activiti.engine.impl.interceptor.LogInterceptor  - --- starting CreateGroupCmd --------------------------------------------------------
10:44:56,492 [main] DEBUG org.activiti.engine.impl.cfg.standalone.StandaloneMybatisTransactionContext  - firing event committing...
10:44:56,492 [main] DEBUG org.activiti.engine.impl.cfg.standalone.StandaloneMybatisTransactionContext  - committing the ibatis sql session...
10:44:56,492 [main] DEBUG org.activiti.engine.impl.cfg.standalone.StandaloneMybatisTransactionContext  - firing event committed...
10:44:56,492 [main] DEBUG org.activiti.engine.impl.interceptor.LogInterceptor  - --- CreateGroupCmd finished --------------------------------------------------------
10:44:56,492 [main] DEBUG org.activiti.engine.impl.interceptor.LogInterceptor  - 

10:44:56,492 [main] DEBUG org.activiti.engine.impl.interceptor.LogInterceptor  - 

10:44:56,492 [main] DEBUG org.activiti.engine.impl.interceptor.LogInterceptor  - --- starting SaveGroupCmd --------------------------------------------------------
10:44:56,492 [main] DEBUG org.activiti.engine.impl.db.DbSqlSession  -   insert org.activiti.engine.impl.persistence.entity.GroupEntity@7d247660
10:44:56,492 [main] DEBUG org.activiti.engine.impl.db.DbSqlSession  - flush summary: 1 insert, 0 update, 0 delete.
10:44:56,492 [main] DEBUG org.activiti.engine.impl.db.DbSqlSession  - now executing flush...
10:44:56,492 [main] DEBUG org.activiti.engine.impl.db.DbSqlSession  - inserting: org.activiti.engine.impl.persistence.entity.GroupEntity@7d247660
10:44:56,492 [main] DEBUG org.apache.ibatis.transaction.jdbc.JdbcTransaction  - Opening JDBC Connection
10:44:56,492 [main] DEBUG org.apache.ibatis.datasource.pooled.PooledDataSource  - Checked out connection 180014677 from pool.
10:44:56,492 [main] DEBUG org.apache.ibatis.transaction.jdbc.JdbcTransaction  - Setting autocommit to false on JDBC Connection [conn3: url=jdbc:h2:mem:activiti user=SA]
10:44:56,492 [main] DEBUG org.activiti.engine.impl.persistence.entity.GroupEntity.insertGroup  - ==&gt;  Preparing: insert into ACT_ID_GROUP (ID_, REV_, NAME_, TYPE_) values ( ?, 1, ?, ? ) 
10:44:56,492 [main] DEBUG org.activiti.engine.impl.persistence.entity.GroupEntity.insertGroup  - ==&gt; Parameters: frogs(String), Famous frogs(String), user(String)
10:44:56,492 [main] DEBUG org.activiti.engine.impl.persistence.entity.GroupEntity.insertGroup  - &lt;==    Updates: 1
10:44:56,492 [main] DEBUG org.activiti.engine.impl.cfg.standalone.StandaloneMybatisTransactionContext  - firing event committing...
10:44:56,492 [main] DEBUG org.activiti.engine.impl.cfg.standalone.StandaloneMybatisTransactionContext  - committing the ibatis sql session...
10:44:56,492 [main] DEBUG org.apache.ibatis.transaction.jdbc.JdbcTransaction  - Committing JDBC Connection [conn3: url=jdbc:h2:mem:activiti user=SA]
10:44:56,492 [main] DEBUG org.activiti.engine.impl.cfg.standalone.StandaloneMybatisTransactionContext  - firing event committed...
10:44:56,492 [main] DEBUG org.apache.ibatis.transaction.jdbc.JdbcTransaction  - Resetting autocommit to true on JDBC Connection [conn3: url=jdbc:h2:mem:activiti user=SA]
10:44:56,492 [main] DEBUG org.apache.ibatis.transaction.jdbc.JdbcTransaction  - Closing JDBC Connection [conn3: url=jdbc:h2:mem:activiti user=SA]
10:44:56,492 [main] DEBUG org.apache.ibatis.datasource.pooled.PooledDataSource  - Returned connection 180014677 to pool.
10:44:56,492 [main] DEBUG org.activiti.engine.impl.interceptor.LogInterceptor  - --- SaveGroupCmd finished --------------------------------------------------------
10:44:56,492 [main] DEBUG org.activiti.engine.impl.interceptor.LogInterceptor  - 

10:44:56,492 [main] DEBUG org.activiti.engine.impl.interceptor.LogInterceptor  - 

10:44:56,492 [main] DEBUG org.activiti.engine.impl.interceptor.LogInterceptor  - --- starting CreateGroupCmd --------------------------------------------------------
10:44:56,492 [main] DEBUG org.activiti.engine.impl.cfg.standalone.StandaloneMybatisTransactionContext  - firing event committing...
10:44:56,492 [main] DEBUG org.activiti.engine.impl.cfg.standalone.StandaloneMybatisTransactionContext  - committing the ibatis sql session...
10:44:56,492 [main] DEBUG org.activiti.engine.impl.cfg.standalone.StandaloneMybatisTransactionContext  - firing event committed...
10:44:56,492 [main] DEBUG org.activiti.engine.impl.interceptor.LogInterceptor  - --- CreateGroupCmd finished --------------------------------------------------------
10:44:56,492 [main] DEBUG org.activiti.engine.impl.interceptor.LogInterceptor  - 

10:44:56,492 [main] DEBUG org.activiti.engine.impl.interceptor.LogInterceptor  - 

10:44:56,492 [main] DEBUG org.activiti.engine.impl.interceptor.LogInterceptor  - --- starting SaveGroupCmd --------------------------------------------------------
10:44:56,492 [main] DEBUG org.activiti.engine.impl.db.DbSqlSession  -   insert org.activiti.engine.impl.persistence.entity.GroupEntity@656f62dc
10:44:56,492 [main] DEBUG org.activiti.engine.impl.db.DbSqlSession  - flush summary: 1 insert, 0 update, 0 delete.
10:44:56,492 [main] DEBUG org.activiti.engine.impl.db.DbSqlSession  - now executing flush...
10:44:56,492 [main] DEBUG org.activiti.engine.impl.db.DbSqlSession  - inserting: org.activiti.engine.impl.persistence.entity.GroupEntity@656f62dc
10:44:56,492 [main] DEBUG org.apache.ibatis.transaction.jdbc.JdbcTransaction  - Opening JDBC Connection
10:44:56,492 [main] DEBUG org.apache.ibatis.datasource.pooled.PooledDataSource  - Checked out connection 297240765 from pool.
10:44:56,492 [main] DEBUG org.apache.ibatis.transaction.jdbc.JdbcTransaction  - Setting autocommit to false on JDBC Connection [conn4: url=jdbc:h2:mem:activiti user=SA]
10:44:56,492 [main] DEBUG org.activiti.engine.impl.persistence.entity.GroupEntity.insertGroup  - ==&gt;  Preparing: insert into ACT_ID_GROUP (ID_, REV_, NAME_, TYPE_) values ( ?, 1, ?, ? ) 
10:44:56,492 [main] DEBUG org.activiti.engine.impl.persistence.entity.GroupEntity.insertGroup  - ==&gt; Parameters: mammals(String), Famous mammals from eighties(String), user(String)
10:44:56,492 [main] DEBUG org.activiti.engine.impl.persistence.entity.GroupEntity.insertGroup  - &lt;==    Updates: 1
10:44:56,492 [main] DEBUG org.activiti.engine.impl.cfg.standalone.StandaloneMybatisTransactionContext  - firing event committing...
10:44:56,492 [main] DEBUG org.activiti.engine.impl.cfg.standalone.StandaloneMybatisTransactionContext  - committing the ibatis sql session...
10:44:56,492 [main] DEBUG org.apache.ibatis.transaction.jdbc.JdbcTransaction  - Committing JDBC Connection [conn4: url=jdbc:h2:mem:activiti user=SA]
10:44:56,492 [main] DEBUG org.activiti.engine.impl.cfg.standalone.StandaloneMybatisTransactionContext  - firing event committed...
10:44:56,492 [main] DEBUG org.apache.ibatis.transaction.jdbc.JdbcTransaction  - Resetting autocommit to true on JDBC Connection [conn4: url=jdbc:h2:mem:activiti user=SA]
10:44:56,492 [main] DEBUG org.apache.ibatis.transaction.jdbc.JdbcTransaction  - Closing JDBC Connection [conn4: url=jdbc:h2:mem:activiti user=SA]
10:44:56,492 [main] DEBUG org.apache.ibatis.datasource.pooled.PooledDataSource  - Returned connection 297240765 to pool.
10:44:56,492 [main] DEBUG org.activiti.engine.impl.interceptor.LogInterceptor  - --- SaveGroupCmd finished --------------------------------------------------------
10:44:56,492 [main] DEBUG org.activiti.engine.impl.interceptor.LogInterceptor  - 

10:44:56,492 [main] DEBUG org.activiti.engine.impl.interceptor.LogInterceptor  - 

10:44:56,492 [main] DEBUG org.activiti.engine.impl.interceptor.LogInterceptor  - --- starting CreateGroupCmd --------------------------------------------------------
10:44:56,492 [main] DEBUG org.activiti.engine.impl.cfg.standalone.StandaloneMybatisTransactionContext  - firing event committing...
10:44:56,492 [main] DEBUG org.activiti.engine.impl.cfg.standalone.StandaloneMybatisTransactionContext  - committing the ibatis sql session...
10:44:56,492 [main] DEBUG org.activiti.engine.impl.cfg.standalone.StandaloneMybatisTransactionContext  - firing event committed...
10:44:56,492 [main] DEBUG org.activiti.engine.impl.interceptor.LogInterceptor  - --- CreateGroupCmd finished --------------------------------------------------------
10:44:56,492 [main] DEBUG org.activiti.engine.impl.interceptor.LogInterceptor  - 

10:44:56,492 [main] DEBUG org.activiti.engine.impl.interceptor.LogInterceptor  - 

10:44:56,492 [main] DEBUG org.activiti.engine.impl.interceptor.LogInterceptor  - --- starting SaveGroupCmd --------------------------------------------------------
10:44:56,492 [main] DEBUG org.activiti.engine.impl.db.DbSqlSession  -   insert org.activiti.engine.impl.persistence.entity.GroupEntity@49d30c6f
10:44:56,492 [main] DEBUG org.activiti.engine.impl.db.DbSqlSession  - flush summary: 1 insert, 0 update, 0 delete.
10:44:56,492 [main] DEBUG org.activiti.engine.impl.db.DbSqlSession  - now executing flush...
10:44:56,492 [main] DEBUG org.activiti.engine.impl.db.DbSqlSession  - inserting: org.activiti.engine.impl.persistence.entity.GroupEntity@49d30c6f
10:44:56,492 [main] DEBUG org.apache.ibatis.transaction.jdbc.JdbcTransaction  - Opening JDBC Connection
10:44:56,492 [main] DEBUG org.apache.ibatis.datasource.pooled.PooledDataSource  - Checked out connection 363509958 from pool.
10:44:56,492 [main] DEBUG org.apache.ibatis.transaction.jdbc.JdbcTransaction  - Setting autocommit to false on JDBC Connection [conn2: url=jdbc:h2:mem:activiti user=SA]
10:44:56,492 [main] DEBUG org.activiti.engine.impl.persistence.entity.GroupEntity.insertGroup  - ==&gt;  Preparing: insert into ACT_ID_GROUP (ID_, REV_, NAME_, TYPE_) values ( ?, 1, ?, ? ) 
10:44:56,492 [main] DEBUG org.activiti.engine.impl.persistence.entity.GroupEntity.insertGroup  - ==&gt; Parameters: admin(String), Administrators(String), security(String)
10:44:56,492 [main] DEBUG org.activiti.engine.impl.persistence.entity.GroupEntity.insertGroup  - &lt;==    Updates: 1
10:44:56,492 [main] DEBUG org.activiti.engine.impl.cfg.standalone.StandaloneMybatisTransactionContext  - firing event committing...
10:44:56,492 [main] DEBUG org.activiti.engine.impl.cfg.standalone.StandaloneMybatisTransactionContext  - committing the ibatis sql session...
10:44:56,492 [main] DEBUG org.apache.ibatis.transaction.jdbc.JdbcTransaction  - Committing JDBC Connection [conn2: url=jdbc:h2:mem:activiti user=SA]
10:44:56,492 [main] DEBUG org.activiti.engine.impl.cfg.standalone.StandaloneMybatisTransactionContext  - firing event committed...
10:44:56,492 [main] DEBUG org.apache.ibatis.transaction.jdbc.JdbcTransaction  - Resetting autocommit to true on JDBC Connection [conn2: url=jdbc:h2:mem:activiti user=SA]
10:44:56,492 [main] DEBUG org.apache.ibatis.transaction.jdbc.JdbcTransaction  - Closing JDBC Connection [conn2: url=jdbc:h2:mem:activiti user=SA]
10:44:56,492 [main] DEBUG org.apache.ibatis.datasource.pooled.PooledDataSource  - Returned connection 363509958 to pool.
10:44:56,492 [main] DEBUG org.activiti.engine.impl.interceptor.LogInterceptor  - --- SaveGroupCmd finished --------------------------------------------------------
10:44:56,492 [main] DEBUG org.activiti.engine.impl.interceptor.LogInterceptor  - 

10:44:56,492 [main] DEBUG org.activiti.engine.impl.interceptor.LogInterceptor  - 

10:44:56,492 [main] DEBUG org.activiti.engine.impl.interceptor.LogInterceptor  - --- starting CreateUserCmd --------------------------------------------------------
10:44:56,492 [main] DEBUG org.activiti.engine.impl.cfg.standalone.StandaloneMybatisTransactionContext  - firing event committing...
10:44:56,492 [main] DEBUG org.activiti.engine.impl.cfg.standalone.StandaloneMybatisTransactionContext  - committing the ibatis sql session...
10:44:56,492 [main] DEBUG org.activiti.engine.impl.cfg.standalone.StandaloneMybatisTransactionContext  - firing event committed...
10:44:56,492 [main] DEBUG org.activiti.engine.impl.interceptor.LogInterceptor  - --- CreateUserCmd finished --------------------------------------------------------
10:44:56,492 [main] DEBUG org.activiti.engine.impl.interceptor.LogInterceptor  - 

10:44:56,492 [main] DEBUG org.activiti.engine.impl.interceptor.LogInterceptor  - 

10:44:56,492 [main] DEBUG org.activiti.engine.impl.interceptor.LogInterceptor  - --- starting SaveUserCmd --------------------------------------------------------
10:44:56,492 [main] DEBUG org.activiti.engine.impl.db.DbSqlSession  -   insert org.activiti.engine.impl.persistence.entity.UserEntity@1115433e
10:44:56,492 [main] DEBUG org.activiti.engine.impl.db.DbSqlSession  - flush summary: 1 insert, 0 update, 0 delete.
10:44:56,492 [main] DEBUG org.activiti.engine.impl.db.DbSqlSession  - now executing flush...
10:44:56,492 [main] DEBUG org.activiti.engine.impl.db.DbSqlSession  - inserting: org.activiti.engine.impl.persistence.entity.UserEntity@1115433e
10:44:56,492 [main] DEBUG org.apache.ibatis.transaction.jdbc.JdbcTransaction  - Opening JDBC Connection
10:44:56,492 [main] DEBUG org.apache.ibatis.datasource.pooled.PooledDataSource  - Checked out connection 180014677 from pool.
10:44:56,492 [main] DEBUG org.apache.ibatis.transaction.jdbc.JdbcTransaction  - Setting autocommit to false on JDBC Connection [conn3: url=jdbc:h2:mem:activiti user=SA]
10:44:56,492 [main] DEBUG org.activiti.engine.impl.persistence.entity.UserEntity.insertUser  - ==&gt;  Preparing: insert into ACT_ID_USER (ID_, REV_, FIRST_, LAST_, EMAIL_, PWD_) values ( ?, 1, ?, ?, ?, ? ) 
10:44:56,492 [main] DEBUG org.activiti.engine.impl.persistence.entity.UserEntity.insertUser  - ==&gt; Parameters: kermit(String), null, null, null, null
10:44:56,492 [main] DEBUG org.activiti.engine.impl.persistence.entity.UserEntity.insertUser  - &lt;==    Updates: 1
10:44:56,492 [main] DEBUG org.activiti.engine.impl.cfg.standalone.StandaloneMybatisTransactionContext  - firing event committing...
10:44:56,492 [main] DEBUG org.activiti.engine.impl.cfg.standalone.StandaloneMybatisTransactionContext  - committing the ibatis sql session...
10:44:56,492 [main] DEBUG org.apache.ibatis.transaction.jdbc.JdbcTransaction  - Committing JDBC Connection [conn3: url=jdbc:h2:mem:activiti user=SA]
10:44:56,492 [main] DEBUG org.activiti.engine.impl.cfg.standalone.StandaloneMybatisTransactionContext  - firing event committed...
10:44:56,492 [main] DEBUG org.apache.ibatis.transaction.jdbc.JdbcTransaction  - Resetting autocommit to true on JDBC Connection [conn3: url=jdbc:h2:mem:activiti user=SA]
10:44:56,492 [main] DEBUG org.apache.ibatis.transaction.jdbc.JdbcTransaction  - Closing JDBC Connection [conn3: url=jdbc:h2:mem:activiti user=SA]
10:44:56,492 [main] DEBUG org.apache.ibatis.datasource.pooled.PooledDataSource  - Returned connection 180014677 to pool.
10:44:56,492 [main] DEBUG org.activiti.engine.impl.interceptor.LogInterceptor  - --- SaveUserCmd finished --------------------------------------------------------
10:44:56,492 [main] DEBUG org.activiti.engine.impl.interceptor.LogInterceptor  - 

10:44:56,492 [main] DEBUG org.activiti.engine.impl.interceptor.LogInterceptor  - 

10:44:56,492 [main] DEBUG org.activiti.engine.impl.interceptor.LogInterceptor  - --- starting CreateUserCmd --------------------------------------------------------
10:44:56,492 [main] DEBUG org.activiti.engine.impl.cfg.standalone.StandaloneMybatisTransactionContext  - firing event committing...
10:44:56,492 [main] DEBUG org.activiti.engine.impl.cfg.standalone.StandaloneMybatisTransactionContext  - committing the ibatis sql session...
10:44:56,492 [main] DEBUG org.activiti.engine.impl.cfg.standalone.StandaloneMybatisTransactionContext  - firing event committed...
10:44:56,492 [main] DEBUG org.activiti.engine.impl.interceptor.LogInterceptor  - --- CreateUserCmd finished --------------------------------------------------------
10:44:56,492 [main] DEBUG org.activiti.engine.impl.interceptor.LogInterceptor  - 

10:44:56,492 [main] DEBUG org.activiti.engine.impl.interceptor.LogInterceptor  - 

10:44:56,492 [main] DEBUG org.activiti.engine.impl.interceptor.LogInterceptor  - --- starting SaveUserCmd --------------------------------------------------------
10:44:56,492 [main] DEBUG org.activiti.engine.impl.db.DbSqlSession  -   insert org.activiti.engine.impl.persistence.entity.UserEntity@4fdca00a
10:44:56,492 [main] DEBUG org.activiti.engine.impl.db.DbSqlSession  - flush summary: 1 insert, 0 update, 0 delete.
10:44:56,492 [main] DEBUG org.activiti.engine.impl.db.DbSqlSession  - now executing flush...
10:44:56,492 [main] DEBUG org.activiti.engine.impl.db.DbSqlSession  - inserting: org.activiti.engine.impl.persistence.entity.UserEntity@4fdca00a
10:44:56,492 [main] DEBUG org.apache.ibatis.transaction.jdbc.JdbcTransaction  - Opening JDBC Connection
10:44:56,492 [main] DEBUG org.apache.ibatis.datasource.pooled.PooledDataSource  - Checked out connection 297240765 from pool.
10:44:56,492 [main] DEBUG org.apache.ibatis.transaction.jdbc.JdbcTransaction  - Setting autocommit to false on JDBC Connection [conn4: url=jdbc:h2:mem:activiti user=SA]
10:44:56,492 [main] DEBUG org.activiti.engine.impl.persistence.entity.UserEntity.insertUser  - ==&gt;  Preparing: insert into ACT_ID_USER (ID_, REV_, FIRST_, LAST_, EMAIL_, PWD_) values ( ?, 1, ?, ?, ?, ? ) 
10:44:56,492 [main] DEBUG org.activiti.engine.impl.persistence.entity.UserEntity.insertUser  - ==&gt; Parameters: fozzie(String), null, null, null, null
10:44:56,492 [main] DEBUG org.activiti.engine.impl.persistence.entity.UserEntity.insertUser  - &lt;==    Updates: 1
10:44:56,492 [main] DEBUG org.activiti.engine.impl.cfg.standalone.StandaloneMybatisTransactionContext  - firing event committing...
10:44:56,492 [main] DEBUG org.activiti.engine.impl.cfg.standalone.StandaloneMybatisTransactionContext  - committing the ibatis sql session...
10:44:56,492 [main] DEBUG org.apache.ibatis.transaction.jdbc.JdbcTransaction  - Committing JDBC Connection [conn4: url=jdbc:h2:mem:activiti user=SA]
10:44:56,492 [main] DEBUG org.activiti.engine.impl.cfg.standalone.StandaloneMybatisTransactionContext  - firing event committed...
10:44:56,493 [main] DEBUG org.apache.ibatis.transaction.jdbc.JdbcTransaction  - Resetting autocommit to true on JDBC Connection [conn4: url=jdbc:h2:mem:activiti user=SA]
10:44:56,493 [main] DEBUG org.apache.ibatis.transaction.jdbc.JdbcTransaction  - Closing JDBC Connection [conn4: url=jdbc:h2:mem:activiti user=SA]
10:44:56,493 [main] DEBUG org.apache.ibatis.datasource.pooled.PooledDataSource  - Returned connection 297240765 to pool.
10:44:56,493 [main] DEBUG org.activiti.engine.impl.interceptor.LogInterceptor  - --- SaveUserCmd finished --------------------------------------------------------
10:44:56,493 [main] DEBUG org.activiti.engine.impl.interceptor.LogInterceptor  - 

10:44:56,493 [main] DEBUG org.activiti.engine.impl.interceptor.LogInterceptor  - 

10:44:56,493 [main] DEBUG org.activiti.engine.impl.interceptor.LogInterceptor  - --- starting CreateUserCmd --------------------------------------------------------
10:44:56,493 [main] DEBUG org.activiti.engine.impl.cfg.standalone.StandaloneMybatisTransactionContext  - firing event committing...
10:44:56,493 [main] DEBUG org.activiti.engine.impl.cfg.standalone.StandaloneMybatisTransactionContext  - committing the ibatis sql session...
10:44:56,493 [main] DEBUG org.activiti.engine.impl.cfg.standalone.StandaloneMybatisTransactionContext  - firing event committed...
10:44:56,493 [main] DEBUG org.activiti.engine.impl.interceptor.LogInterceptor  - --- CreateUserCmd finished --------------------------------------------------------
10:44:56,493 [main] DEBUG org.activiti.engine.impl.interceptor.LogInterceptor  - 

10:44:56,493 [main] DEBUG org.activiti.engine.impl.interceptor.LogInterceptor  - 

10:44:56,493 [main] DEBUG org.activiti.engine.impl.interceptor.LogInterceptor  - --- starting SaveUserCmd --------------------------------------------------------
10:44:56,493 [main] DEBUG org.activiti.engine.impl.db.DbSqlSession  -   insert org.activiti.engine.impl.persistence.entity.UserEntity@513b52af
10:44:56,493 [main] DEBUG org.activiti.engine.impl.db.DbSqlSession  - flush summary: 1 insert, 0 update, 0 delete.
10:44:56,493 [main] DEBUG org.activiti.engine.impl.db.DbSqlSession  - now executing flush...
10:44:56,493 [main] DEBUG org.activiti.engine.impl.db.DbSqlSession  - inserting: org.activiti.engine.impl.persistence.entity.UserEntity@513b52af
10:44:56,493 [main] DEBUG org.apache.ibatis.transaction.jdbc.JdbcTransaction  - Opening JDBC Connection
10:44:56,493 [main] DEBUG org.apache.ibatis.datasource.pooled.PooledDataSource  - Checked out connection 363509958 from pool.
10:44:56,493 [main] DEBUG org.apache.ibatis.transaction.jdbc.JdbcTransaction  - Setting autocommit to false on JDBC Connection [conn2: url=jdbc:h2:mem:activiti user=SA]
10:44:56,493 [main] DEBUG org.activiti.engine.impl.persistence.entity.UserEntity.insertUser  - ==&gt;  Preparing: insert into ACT_ID_USER (ID_, REV_, FIRST_, LAST_, EMAIL_, PWD_) values ( ?, 1, ?, ?, ?, ? ) 
10:44:56,493 [main] DEBUG org.activiti.engine.impl.persistence.entity.UserEntity.insertUser  - ==&gt; Parameters: mispiggy(String), null, null, null, null
10:44:56,493 [main] DEBUG org.activiti.engine.impl.persistence.entity.UserEntity.insertUser  - &lt;==    Updates: 1
10:44:56,493 [main] DEBUG org.activiti.engine.impl.cfg.standalone.StandaloneMybatisTransactionContext  - firing event committing...
10:44:56,493 [main] DEBUG org.activiti.engine.impl.cfg.standalone.StandaloneMybatisTransactionContext  - committing the ibatis sql session...
10:44:56,493 [main] DEBUG org.apache.ibatis.transaction.jdbc.JdbcTransaction  - Committing JDBC Connection [conn2: url=jdbc:h2:mem:activiti user=SA]
10:44:56,493 [main] DEBUG org.activiti.engine.impl.cfg.standalone.StandaloneMybatisTransactionContext  - firing event committed...
10:44:56,493 [main] DEBUG org.apache.ibatis.transaction.jdbc.JdbcTransaction  - Resetting autocommit to true on JDBC Connection [conn2: url=jdbc:h2:mem:activiti user=SA]
10:44:56,493 [main] DEBUG org.apache.ibatis.transaction.jdbc.JdbcTransaction  - Closing JDBC Connection [conn2: url=jdbc:h2:mem:activiti user=SA]
10:44:56,493 [main] DEBUG org.apache.ibatis.datasource.pooled.PooledDataSource  - Returned connection 363509958 to pool.
10:44:56,493 [main] DEBUG org.activiti.engine.impl.interceptor.LogInterceptor  - --- SaveUserCmd finished --------------------------------------------------------
10:44:56,493 [main] DEBUG org.activiti.engine.impl.interceptor.LogInterceptor  - 

10:44:56,493 [main] DEBUG org.activiti.engine.impl.interceptor.LogInterceptor  - 

10:44:56,493 [main] DEBUG org.activiti.engine.impl.interceptor.LogInterceptor  - --- starting CreateMembershipCmd --------------------------------------------------------
10:44:56,493 [main] DEBUG org.activiti.engine.impl.db.DbSqlSession  -   insert org.activiti.engine.impl.persistence.entity.MembershipEntity@5a8c93
10:44:56,493 [main] DEBUG org.activiti.engine.impl.db.DbSqlSession  - flush summary: 1 insert, 0 update, 0 delete.
10:44:56,493 [main] DEBUG org.activiti.engine.impl.db.DbSqlSession  - now executing flush...
10:44:56,493 [main] DEBUG org.activiti.engine.impl.db.DbSqlSession  - inserting: org.activiti.engine.impl.persistence.entity.MembershipEntity@5a8c93
10:44:56,493 [main] DEBUG org.apache.ibatis.transaction.jdbc.JdbcTransaction  - Opening JDBC Connection
10:44:56,493 [main] DEBUG org.apache.ibatis.datasource.pooled.PooledDataSource  - Checked out connection 180014677 from pool.
10:44:56,493 [main] DEBUG org.apache.ibatis.transaction.jdbc.JdbcTransaction  - Setting autocommit to false on JDBC Connection [conn3: url=jdbc:h2:mem:activiti user=SA]
10:44:56,493 [main] DEBUG org.activiti.engine.impl.persistence.entity.MembershipRelation.insertMembership  - ==&gt;  Preparing: insert into ACT_ID_MEMBERSHIP (USER_ID_, GROUP_ID_) values ( ?, ? ) 
10:44:56,493 [main] DEBUG org.activiti.engine.impl.persistence.entity.MembershipRelation.insertMembership  - ==&gt; Parameters: kermit(String), muppets(String)
10:44:56,493 [main] DEBUG org.activiti.engine.impl.persistence.entity.MembershipRelation.insertMembership  - &lt;==    Updates: 1
10:44:56,493 [main] DEBUG org.activiti.engine.impl.cfg.standalone.StandaloneMybatisTransactionContext  - firing event committing...
10:44:56,493 [main] DEBUG org.activiti.engine.impl.cfg.standalone.StandaloneMybatisTransactionContext  - committing the ibatis sql session...
10:44:56,493 [main] DEBUG org.apache.ibatis.transaction.jdbc.JdbcTransaction  - Committing JDBC Connection [conn3: url=jdbc:h2:mem:activiti user=SA]
10:44:56,493 [main] DEBUG org.activiti.engine.impl.cfg.standalone.StandaloneMybatisTransactionContext  - firing event committed...
10:44:56,493 [main] DEBUG org.apache.ibatis.transaction.jdbc.JdbcTransaction  - Resetting autocommit to true on JDBC Connection [conn3: url=jdbc:h2:mem:activiti user=SA]
10:44:56,493 [main] DEBUG org.apache.ibatis.transaction.jdbc.JdbcTransaction  - Closing JDBC Connection [conn3: url=jdbc:h2:mem:activiti user=SA]
10:44:56,493 [main] DEBUG org.apache.ibatis.datasource.pooled.PooledDataSource  - Returned connection 180014677 to pool.
10:44:56,493 [main] DEBUG org.activiti.engine.impl.interceptor.LogInterceptor  - --- CreateMembershipCmd finished --------------------------------------------------------
10:44:56,493 [main] DEBUG org.activiti.engine.impl.interceptor.LogInterceptor  - 

10:44:56,493 [main] DEBUG org.activiti.engine.impl.interceptor.LogInterceptor  - 

10:44:56,493 [main] DEBUG org.activiti.engine.impl.interceptor.LogInterceptor  - --- starting CreateMembershipCmd --------------------------------------------------------
10:44:56,493 [main] DEBUG org.activiti.engine.impl.db.DbSqlSession  -   insert org.activiti.engine.impl.persistence.entity.MembershipEntity@3bed3315
10:44:56,493 [main] DEBUG org.activiti.engine.impl.db.DbSqlSession  - flush summary: 1 insert, 0 update, 0 delete.
10:44:56,493 [main] DEBUG org.activiti.engine.impl.db.DbSqlSession  - now executing flush...
10:44:56,493 [main] DEBUG org.activiti.engine.impl.db.DbSqlSession  - inserting: org.activiti.engine.impl.persistence.entity.MembershipEntity@3bed3315
10:44:56,493 [main] DEBUG org.apache.ibatis.transaction.jdbc.JdbcTransaction  - Opening JDBC Connection
10:44:56,493 [main] DEBUG org.apache.ibatis.datasource.pooled.PooledDataSource  - Checked out connection 297240765 from pool.
10:44:56,493 [main] DEBUG org.apache.ibatis.transaction.jdbc.JdbcTransaction  - Setting autocommit to false on JDBC Connection [conn4: url=jdbc:h2:mem:activiti user=SA]
10:44:56,493 [main] DEBUG org.activiti.engine.impl.persistence.entity.MembershipRelation.insertMembership  - ==&gt;  Preparing: insert into ACT_ID_MEMBERSHIP (USER_ID_, GROUP_ID_) values ( ?, ? ) 
10:44:56,493 [main] DEBUG org.activiti.engine.impl.persistence.entity.MembershipRelation.insertMembership  - ==&gt; Parameters: fozzie(String), muppets(String)
10:44:56,493 [main] DEBUG org.activiti.engine.impl.persistence.entity.MembershipRelation.insertMembership  - &lt;==    Updates: 1
10:44:56,493 [main] DEBUG org.activiti.engine.impl.cfg.standalone.StandaloneMybatisTransactionContext  - firing event committing...
10:44:56,493 [main] DEBUG org.activiti.engine.impl.cfg.standalone.StandaloneMybatisTransactionContext  - committing the ibatis sql session...
10:44:56,493 [main] DEBUG org.apache.ibatis.transaction.jdbc.JdbcTransaction  - Committing JDBC Connection [conn4: url=jdbc:h2:mem:activiti user=SA]
10:44:56,493 [main] DEBUG org.activiti.engine.impl.cfg.standalone.StandaloneMybatisTransactionContext  - firing event committed...
10:44:56,493 [main] DEBUG org.apache.ibatis.transaction.jdbc.JdbcTransaction  - Resetting autocommit to true on JDBC Connection [conn4: url=jdbc:h2:mem:activiti user=SA]
10:44:56,493 [main] DEBUG org.apache.ibatis.transaction.jdbc.JdbcTransaction  - Closing JDBC Connection [conn4: url=jdbc:h2:mem:activiti user=SA]
10:44:56,493 [main] DEBUG org.apache.ibatis.datasource.pooled.PooledDataSource  - Returned connection 297240765 to pool.
10:44:56,493 [main] DEBUG org.activiti.engine.impl.interceptor.LogInterceptor  - --- CreateMembershipCmd finished --------------------------------------------------------
10:44:56,493 [main] DEBUG org.activiti.engine.impl.interceptor.LogInterceptor  - 

10:44:56,493 [main] DEBUG org.activiti.engine.impl.interceptor.LogInterceptor  - 

10:44:56,493 [main] DEBUG org.activiti.engine.impl.interceptor.LogInterceptor  - --- starting CreateMembershipCmd --------------------------------------------------------
10:44:56,493 [main] DEBUG org.activiti.engine.impl.db.DbSqlSession  -   insert org.activiti.engine.impl.persistence.entity.MembershipEntity@119b0892
10:44:56,493 [main] DEBUG org.activiti.engine.impl.db.DbSqlSession  - flush summary: 1 insert, 0 update, 0 delete.
10:44:56,493 [main] DEBUG org.activiti.engine.impl.db.DbSqlSession  - now executing flush...
10:44:56,493 [main] DEBUG org.activiti.engine.impl.db.DbSqlSession  - inserting: org.activiti.engine.impl.persistence.entity.MembershipEntity@119b0892
10:44:56,493 [main] DEBUG org.apache.ibatis.transaction.jdbc.JdbcTransaction  - Opening JDBC Connection
10:44:56,493 [main] DEBUG org.apache.ibatis.datasource.pooled.PooledDataSource  - Checked out connection 363509958 from pool.
10:44:56,493 [main] DEBUG org.apache.ibatis.transaction.jdbc.JdbcTransaction  - Setting autocommit to false on JDBC Connection [conn2: url=jdbc:h2:mem:activiti user=SA]
10:44:56,493 [main] DEBUG org.activiti.engine.impl.persistence.entity.MembershipRelation.insertMembership  - ==&gt;  Preparing: insert into ACT_ID_MEMBERSHIP (USER_ID_, GROUP_ID_) values ( ?, ? ) 
10:44:56,493 [main] DEBUG org.activiti.engine.impl.persistence.entity.MembershipRelation.insertMembership  - ==&gt; Parameters: mispiggy(String), muppets(String)
10:44:56,493 [main] DEBUG org.activiti.engine.impl.persistence.entity.MembershipRelation.insertMembership  - &lt;==    Updates: 1
10:44:56,493 [main] DEBUG org.activiti.engine.impl.cfg.standalone.StandaloneMybatisTransactionContext  - firing event committing...
10:44:56,493 [main] DEBUG org.activiti.engine.impl.cfg.standalone.StandaloneMybatisTransactionContext  - committing the ibatis sql session...
10:44:56,493 [main] DEBUG org.apache.ibatis.transaction.jdbc.JdbcTransaction  - Committing JDBC Connection [conn2: url=jdbc:h2:mem:activiti user=SA]
10:44:56,493 [main] DEBUG org.activiti.engine.impl.cfg.standalone.StandaloneMybatisTransactionContext  - firing event committed...
10:44:56,493 [main] DEBUG org.apache.ibatis.transaction.jdbc.JdbcTransaction  - Resetting autocommit to true on JDBC Connection [conn2: url=jdbc:h2:mem:activiti user=SA]
10:44:56,493 [main] DEBUG org.apache.ibatis.transaction.jdbc.JdbcTransaction  - Closing JDBC Connection [conn2: url=jdbc:h2:mem:activiti user=SA]
10:44:56,493 [main] DEBUG org.apache.ibatis.datasource.pooled.PooledDataSource  - Returned connection 363509958 to pool.
10:44:56,493 [main] DEBUG org.activiti.engine.impl.interceptor.LogInterceptor  - --- CreateMembershipCmd finished --------------------------------------------------------
10:44:56,493 [main] DEBUG org.activiti.engine.impl.interceptor.LogInterceptor  - 

10:44:56,493 [main] DEBUG org.activiti.engine.impl.interceptor.LogInterceptor  - 

10:44:56,493 [main] DEBUG org.activiti.engine.impl.interceptor.LogInterceptor  - --- starting CreateMembershipCmd --------------------------------------------------------
10:44:56,493 [main] DEBUG org.activiti.engine.impl.db.DbSqlSession  -   insert org.activiti.engine.impl.persistence.entity.MembershipEntity@1a3e8e24
10:44:56,493 [main] DEBUG org.activiti.engine.impl.db.DbSqlSession  - flush summary: 1 insert, 0 update, 0 delete.
10:44:56,493 [main] DEBUG org.activiti.engine.impl.db.DbSqlSession  - now executing flush...
10:44:56,493 [main] DEBUG org.activiti.engine.impl.db.DbSqlSession  - inserting: org.activiti.engine.impl.persistence.entity.MembershipEntity@1a3e8e24
10:44:56,493 [main] DEBUG org.apache.ibatis.transaction.jdbc.JdbcTransaction  - Opening JDBC Connection
10:44:56,493 [main] DEBUG org.apache.ibatis.datasource.pooled.PooledDataSource  - Checked out connection 180014677 from pool.
10:44:56,493 [main] DEBUG org.apache.ibatis.transaction.jdbc.JdbcTransaction  - Setting autocommit to false on JDBC Connection [conn3: url=jdbc:h2:mem:activiti user=SA]
10:44:56,493 [main] DEBUG org.activiti.engine.impl.persistence.entity.MembershipRelation.insertMembership  - ==&gt;  Preparing: insert into ACT_ID_MEMBERSHIP (USER_ID_, GROUP_ID_) values ( ?, ? ) 
10:44:56,493 [main] DEBUG org.activiti.engine.impl.persistence.entity.MembershipRelation.insertMembership  - ==&gt; Parameters: kermit(String), frogs(String)
10:44:56,493 [main] DEBUG org.activiti.engine.impl.persistence.entity.MembershipRelation.insertMembership  - &lt;==    Updates: 1
10:44:56,493 [main] DEBUG org.activiti.engine.impl.cfg.standalone.StandaloneMybatisTransactionContext  - firing event committing...
10:44:56,493 [main] DEBUG org.activiti.engine.impl.cfg.standalone.StandaloneMybatisTransactionContext  - committing the ibatis sql session...
10:44:56,493 [main] DEBUG org.apache.ibatis.transaction.jdbc.JdbcTransaction  - Committing JDBC Connection [conn3: url=jdbc:h2:mem:activiti user=SA]
10:44:56,493 [main] DEBUG org.activiti.engine.impl.cfg.standalone.StandaloneMybatisTransactionContext  - firing event committed...
10:44:56,493 [main] DEBUG org.apache.ibatis.transaction.jdbc.JdbcTransaction  - Resetting autocommit to true on JDBC Connection [conn3: url=jdbc:h2:mem:activiti user=SA]
10:44:56,493 [main] DEBUG org.apache.ibatis.transaction.jdbc.JdbcTransaction  - Closing JDBC Connection [conn3: url=jdbc:h2:mem:activiti user=SA]
10:44:56,493 [main] DEBUG org.apache.ibatis.datasource.pooled.PooledDataSource  - Returned connection 180014677 to pool.
10:44:56,493 [main] DEBUG org.activiti.engine.impl.interceptor.LogInterceptor  - --- CreateMembershipCmd finished --------------------------------------------------------
10:44:56,493 [main] DEBUG org.activiti.engine.impl.interceptor.LogInterceptor  - 

10:44:56,493 [main] DEBUG org.activiti.engine.impl.interceptor.LogInterceptor  - 

10:44:56,493 [main] DEBUG org.activiti.engine.impl.interceptor.LogInterceptor  - --- starting CreateMembershipCmd --------------------------------------------------------
10:44:56,493 [main] DEBUG org.activiti.engine.impl.db.DbSqlSession  -   insert org.activiti.engine.impl.persistence.entity.MembershipEntity@4ed4a7e4
10:44:56,493 [main] DEBUG org.activiti.engine.impl.db.DbSqlSession  - flush summary: 1 insert, 0 update, 0 delete.
10:44:56,493 [main] DEBUG org.activiti.engine.impl.db.DbSqlSession  - now executing flush...
10:44:56,493 [main] DEBUG org.activiti.engine.impl.db.DbSqlSession  - inserting: org.activiti.engine.impl.persistence.entity.MembershipEntity@4ed4a7e4
10:44:56,493 [main] DEBUG org.apache.ibatis.transaction.jdbc.JdbcTransaction  - Opening JDBC Connection
10:44:56,493 [main] DEBUG org.apache.ibatis.datasource.pooled.PooledDataSource  - Checked out connection 297240765 from pool.
10:44:56,493 [main] DEBUG org.apache.ibatis.transaction.jdbc.JdbcTransaction  - Setting autocommit to false on JDBC Connection [conn4: url=jdbc:h2:mem:activiti user=SA]
10:44:56,493 [main] DEBUG org.activiti.engine.impl.persistence.entity.MembershipRelation.insertMembership  - ==&gt;  Preparing: insert into ACT_ID_MEMBERSHIP (USER_ID_, GROUP_ID_) values ( ?, ? ) 
10:44:56,493 [main] DEBUG org.activiti.engine.impl.persistence.entity.MembershipRelation.insertMembership  - ==&gt; Parameters: fozzie(String), mammals(String)
10:44:56,493 [main] DEBUG org.activiti.engine.impl.persistence.entity.MembershipRelation.insertMembership  - &lt;==    Updates: 1
10:44:56,493 [main] DEBUG org.activiti.engine.impl.cfg.standalone.StandaloneMybatisTransactionContext  - firing event committing...
10:44:56,493 [main] DEBUG org.activiti.engine.impl.cfg.standalone.StandaloneMybatisTransactionContext  - committing the ibatis sql session...
10:44:56,493 [main] DEBUG org.apache.ibatis.transaction.jdbc.JdbcTransaction  - Committing JDBC Connection [conn4: url=jdbc:h2:mem:activiti user=SA]
10:44:56,493 [main] DEBUG org.activiti.engine.impl.cfg.standalone.StandaloneMybatisTransactionContext  - firing event committed...
10:44:56,493 [main] DEBUG org.apache.ibatis.transaction.jdbc.JdbcTransaction  - Resetting autocommit to true on JDBC Connection [conn4: url=jdbc:h2:mem:activiti user=SA]
10:44:56,493 [main] DEBUG org.apache.ibatis.transaction.jdbc.JdbcTransaction  - Closing JDBC Connection [conn4: url=jdbc:h2:mem:activiti user=SA]
10:44:56,493 [main] DEBUG org.apache.ibatis.datasource.pooled.PooledDataSource  - Returned connection 297240765 to pool.
10:44:56,493 [main] DEBUG org.activiti.engine.impl.interceptor.LogInterceptor  - --- CreateMembershipCmd finished --------------------------------------------------------
10:44:56,493 [main] DEBUG org.activiti.engine.impl.interceptor.LogInterceptor  - 

10:44:56,493 [main] DEBUG org.activiti.engine.impl.interceptor.LogInterceptor  - 

10:44:56,493 [main] DEBUG org.activiti.engine.impl.interceptor.LogInterceptor  - --- starting CreateMembershipCmd --------------------------------------------------------
10:44:56,493 [main] DEBUG org.activiti.engine.impl.db.DbSqlSession  -   insert org.activiti.engine.impl.persistence.entity.MembershipEntity@1c7350b0
10:44:56,493 [main] DEBUG org.activiti.engine.impl.db.DbSqlSession  - flush summary: 1 insert, 0 update, 0 delete.
10:44:56,493 [main] DEBUG org.activiti.engine.impl.db.DbSqlSession  - now executing flush...
10:44:56,493 [main] DEBUG org.activiti.engine.impl.db.DbSqlSession  - inserting: org.activiti.engine.impl.persistence.entity.MembershipEntity@1c7350b0
10:44:56,493 [main] DEBUG org.apache.ibatis.transaction.jdbc.JdbcTransaction  - Opening JDBC Connection
10:44:56,493 [main] DEBUG org.apache.ibatis.datasource.pooled.PooledDataSource  - Checked out connection 363509958 from pool.
10:44:56,493 [main] DEBUG org.apache.ibatis.transaction.jdbc.JdbcTransaction  - Setting autocommit to false on JDBC Connection [conn2: url=jdbc:h2:mem:activiti user=SA]
10:44:56,494 [main] DEBUG org.activiti.engine.impl.persistence.entity.MembershipRelation.insertMembership  - ==&gt;  Preparing: insert into ACT_ID_MEMBERSHIP (USER_ID_, GROUP_ID_) values ( ?, ? ) 
10:44:56,494 [main] DEBUG org.activiti.engine.impl.persistence.entity.MembershipRelation.insertMembership  - ==&gt; Parameters: mispiggy(String), mammals(String)
10:44:56,494 [main] DEBUG org.activiti.engine.impl.persistence.entity.MembershipRelation.insertMembership  - &lt;==    Updates: 1
10:44:56,494 [main] DEBUG org.activiti.engine.impl.cfg.standalone.StandaloneMybatisTransactionContext  - firing event committing...
10:44:56,494 [main] DEBUG org.activiti.engine.impl.cfg.standalone.StandaloneMybatisTransactionContext  - committing the ibatis sql session...
10:44:56,494 [main] DEBUG org.apache.ibatis.transaction.jdbc.JdbcTransaction  - Committing JDBC Connection [conn2: url=jdbc:h2:mem:activiti user=SA]
10:44:56,494 [main] DEBUG org.activiti.engine.impl.cfg.standalone.StandaloneMybatisTransactionContext  - firing event committed...
10:44:56,494 [main] DEBUG org.apache.ibatis.transaction.jdbc.JdbcTransaction  - Resetting autocommit to true on JDBC Connection [conn2: url=jdbc:h2:mem:activiti user=SA]
10:44:56,494 [main] DEBUG org.apache.ibatis.transaction.jdbc.JdbcTransaction  - Closing JDBC Connection [conn2: url=jdbc:h2:mem:activiti user=SA]
10:44:56,494 [main] DEBUG org.apache.ibatis.datasource.pooled.PooledDataSource  - Returned connection 363509958 to pool.
10:44:56,494 [main] DEBUG org.activiti.engine.impl.interceptor.LogInterceptor  - --- CreateMembershipCmd finished --------------------------------------------------------
10:44:56,494 [main] DEBUG org.activiti.engine.impl.interceptor.LogInterceptor  - 

10:44:56,494 [main] DEBUG org.activiti.engine.impl.interceptor.LogInterceptor  - 

10:44:56,494 [main] DEBUG org.activiti.engine.impl.interceptor.LogInterceptor  - --- starting CreateMembershipCmd --------------------------------------------------------
10:44:56,494 [main] DEBUG org.activiti.engine.impl.db.DbSqlSession  -   insert org.activiti.engine.impl.persistence.entity.MembershipEntity@55651434
10:44:56,494 [main] DEBUG org.activiti.engine.impl.db.DbSqlSession  - flush summary: 1 insert, 0 update, 0 delete.
10:44:56,494 [main] DEBUG org.activiti.engine.impl.db.DbSqlSession  - now executing flush...
10:44:56,494 [main] DEBUG org.activiti.engine.impl.db.DbSqlSession  - inserting: org.activiti.engine.impl.persistence.entity.MembershipEntity@55651434
10:44:56,494 [main] DEBUG org.apache.ibatis.transaction.jdbc.JdbcTransaction  - Opening JDBC Connection
10:44:56,494 [main] DEBUG org.apache.ibatis.datasource.pooled.PooledDataSource  - Checked out connection 180014677 from pool.
10:44:56,494 [main] DEBUG org.apache.ibatis.transaction.jdbc.JdbcTransaction  - Setting autocommit to false on JDBC Connection [conn3: url=jdbc:h2:mem:activiti user=SA]
10:44:56,494 [main] DEBUG org.activiti.engine.impl.persistence.entity.MembershipRelation.insertMembership  - ==&gt;  Preparing: insert into ACT_ID_MEMBERSHIP (USER_ID_, GROUP_ID_) values ( ?, ? ) 
10:44:56,494 [main] DEBUG org.activiti.engine.impl.persistence.entity.MembershipRelation.insertMembership  - ==&gt; Parameters: kermit(String), admin(String)
10:44:56,494 [main] DEBUG org.activiti.engine.impl.persistence.entity.MembershipRelation.insertMembership  - &lt;==    Updates: 1
10:44:56,494 [main] DEBUG org.activiti.engine.impl.cfg.standalone.StandaloneMybatisTransactionContext  - firing event committing...
10:44:56,494 [main] DEBUG org.activiti.engine.impl.cfg.standalone.StandaloneMybatisTransactionContext  - committing the ibatis sql session...
10:44:56,494 [main] DEBUG org.apache.ibatis.transaction.jdbc.JdbcTransaction  - Committing JDBC Connection [conn3: url=jdbc:h2:mem:activiti user=SA]
10:44:56,494 [main] DEBUG org.activiti.engine.impl.cfg.standalone.StandaloneMybatisTransactionContext  - firing event committed...
10:44:56,494 [main] DEBUG org.apache.ibatis.transaction.jdbc.JdbcTransaction  - Resetting autocommit to true on JDBC Connection [conn3: url=jdbc:h2:mem:activiti user=SA]
10:44:56,494 [main] DEBUG org.apache.ibatis.transaction.jdbc.JdbcTransaction  - Closing JDBC Connection [conn3: url=jdbc:h2:mem:activiti user=SA]
10:44:56,494 [main] DEBUG org.apache.ibatis.datasource.pooled.PooledDataSource  - Returned connection 180014677 to pool.
10:44:56,494 [main] DEBUG org.activiti.engine.impl.interceptor.LogInterceptor  - --- CreateMembershipCmd finished --------------------------------------------------------
10:44:56,494 [main] DEBUG org.activiti.engine.impl.interceptor.LogInterceptor  - 

10:44:56,494 [main] DEBUG org.activiti.engine.impl.test.PvmTestCase  - 

10:44:56,494 [main] DEBUG org.activiti.engine.impl.test.PvmTestCase  - #### START GroupQueryTest.testQueryByNameLike ###########################################################
10:44:56,494 [main] DEBUG org.activiti.engine.impl.interceptor.LogInterceptor  - 

10:44:56,494 [main] DEBUG org.activiti.engine.impl.interceptor.LogInterceptor  - --- starting CreateGroupQueryCmd --------------------------------------------------------
10:44:56,494 [main] DEBUG org.activiti.engine.impl.cfg.standalone.StandaloneMybatisTransactionContext  - firing event committing...
10:44:56,494 [main] DEBUG org.activiti.engine.impl.cfg.standalone.StandaloneMybatisTransactionContext  - committing the ibatis sql session...
10:44:56,494 [main] DEBUG org.activiti.engine.impl.cfg.standalone.StandaloneMybatisTransactionContext  - firing event committed...
10:44:56,494 [main] DEBUG org.activiti.engine.impl.interceptor.LogInterceptor  - --- CreateGroupQueryCmd finished --------------------------------------------------------
10:44:56,494 [main] DEBUG org.activiti.engine.impl.interceptor.LogInterceptor  - 

10:44:56,494 [main] DEBUG org.activiti.engine.impl.interceptor.LogInterceptor  - 

10:44:56,494 [main] DEBUG org.activiti.engine.impl.interceptor.LogInterceptor  - --- starting GroupQueryImpl --------------------------------------------------------
10:44:56,494 [main] DEBUG org.apache.ibatis.transaction.jdbc.JdbcTransaction  - Opening JDBC Connection
10:44:56,494 [main] DEBUG org.apache.ibatis.datasource.pooled.PooledDataSource  - Checked out connection 297240765 from pool.
10:44:56,494 [main] DEBUG org.apache.ibatis.transaction.jdbc.JdbcTransaction  - Setting autocommit to false on JDBC Connection [conn4: url=jdbc:h2:mem:activiti user=SA]
10:44:56,494 [main] DEBUG org.activiti.engine.impl.persistence.entity.GroupEntity.selectGroupByQueryCriteria  - ==&gt;  Preparing: select RES.* from ACT_ID_GROUP RES WHERE RES.NAME_ like ? order by order by RES.ID_ asc LIMIT ? OFFSET ? 
10:44:56,494 [main] DEBUG org.activiti.engine.impl.interceptor.CommandContext  - Error while closing command context
org.apache.ibatis.exceptions.PersistenceException: 
### Error querying database.  Cause: org.h2.jdbc.JdbcSQLException: Syntax error in SQL statement &quot;SELECT RES.* 
     
    FROM ACT_ID_GROUP RES
     
     WHERE  RES.NAME_ LIKE ? 
   
     ORDER BY  ORDER[*] BY RES.ID_ ASC  
    LIMIT ? OFFSET ? &quot;; expected &quot;=, NOT, EXISTS, INTERSECTS, SELECT, FROM&quot;; SQL statement:
select RES.* 
     
    from ACT_ID_GROUP RES
     
     WHERE  RES.NAME_ like ? 
   
     order by  order by RES.ID_ asc  
    LIMIT ? OFFSET ? [42001-176]
### The error may exist in org/activiti/db/mapping/entity/Group.xml
### The error may involve org.activiti.engine.impl.persistence.entity.GroupEntity.selectGroupByQueryCriteria
### The error occurred while executing a query
### SQL: select RES.*            from ACT_ID_GROUP RES            WHERE  RES.NAME_ like ?           order by  order by RES.ID_ asc       LIMIT ? OFFSET ?
### Cause: org.h2.jdbc.JdbcSQLException: Syntax error in SQL statement &quot;SELECT RES.* 
     
    FROM ACT_ID_GROUP RES
     
     WHERE  RES.NAME_ LIKE ? 
   
     ORDER BY  ORDER[*] BY RES.ID_ ASC  
    LIMIT ? OFFSET ? &quot;; expected &quot;=, NOT, EXISTS, INTERSECTS, SELECT, FROM&quot;; SQL statement:
select RES.* 
     
    from ACT_ID_GROUP RES
     
     WHERE  RES.NAME_ like ? 
   
     order by  order by RES.ID_ asc  
    LIMIT ? OFFSET ? [42001-176]
	at org.apache.ibatis.exceptions.ExceptionFactory.wrapException(ExceptionFactory.java:30)
	at org.apache.ibatis.session.defaults.DefaultSqlSession.selectList(DefaultSqlSession.java:122)
	at org.apache.ibatis.session.defaults.DefaultSqlSession.selectList(DefaultSqlSession.java:113)
	at org.activiti.engine.impl.db.DbSqlSession.selectListWithRawParameter(DbSqlSession.java:438)
	at org.activiti.engine.impl.db.DbSqlSession.selectList(DbSqlSession.java:429)
	at org.activiti.engine.impl.db.DbSqlSession.selectList(DbSqlSession.java:419)
	at org.activiti.engine.impl.persistence.entity.GroupEntityManager.findGroupByQueryCriteria(GroupEntityManager.java:90)
	at org.activiti.engine.impl.GroupQueryImpl.executeList(GroupQueryImpl.java:125)
	at org.activiti.engine.impl.AbstractQuery.execute(AbstractQuery.java:164)
	at org.activiti.engine.impl.interceptor.CommandInvoker.execute(CommandInvoker.java:24)
	at org.activiti.engine.impl.interceptor.CommandContextInterceptor.execute(CommandContextInterceptor.java:57)
	at org.activiti.engine.impl.interceptor.LogInterceptor.execute(LogInterceptor.java:37)
	at org.activiti.engine.impl.cfg.CommandExecutorImpl.execute(CommandExecutorImpl.java:40)
	at org.activiti.engine.impl.cfg.CommandExecutorImpl.execute(CommandExecutorImpl.java:35)
	at org.activiti.engine.impl.AbstractQuery.list(AbstractQuery.java:138)
	at org.activiti.engine.test.api.identity.GroupQueryTest.verifyQueryResults(GroupQueryTest.java:221)
	at org.activiti.engine.test.api.identity.GroupQueryTest.testQueryByNameLike(GroupQueryTest.java:113)
	at sun.reflect.NativeMethodAccessorImpl.invoke0(Native Method)
	at sun.reflect.NativeMethodAccessorImpl.invoke(NativeMethodAccessorImpl.java:62)
	at sun.reflect.DelegatingMethodAccessorImpl.invoke(DelegatingMethodAccessorImpl.java:43)
	at java.lang.reflect.Method.invoke(Method.java:498)
	at junit.framework.TestCase.runTest(TestCase.java:176)
	at org.activiti.engine.impl.test.PvmTestCase.runTest(PvmTestCase.java:65)
	at junit.framework.TestCase.runBare(TestCase.java:141)
	at org.activiti.engine.impl.test.AbstractActivitiTestCase.runBare(AbstractActivitiTestCase.java:100)
	at junit.framework.TestResult$1.protect(TestResult.java:122)
	at junit.framework.TestResult.runProtected(TestResult.java:142)
	at junit.framework.TestResult.run(TestResult.java:125)
	at junit.framework.TestCase.run(TestCase.java:129)
	at junit.framework.TestSuite.runTest(TestSuite.java:255)
	at junit.framework.TestSuite.run(TestSuite.java:250)
	at org.junit.internal.runners.JUnit38ClassRunner.run(JUnit38ClassRunner.java:84)
	at org.apache.maven.surefire.junit4.JUnit4TestSet.execute(JUnit4TestSet.java:35)
	at org.apache.maven.surefire.junit4.JUnit4Provider.executeTestSet(JUnit4Provider.java:146)
	at org.apache.maven.surefire.junit4.JUnit4Provider.invoke(JUnit4Provider.java:97)
	at sun.reflect.NativeMethodAccessorImpl.invoke0(Native Method)
	at sun.reflect.NativeMethodAccessorImpl.invoke(NativeMethodAccessorImpl.java:62)
	at sun.reflect.DelegatingMethodAccessorImpl.invoke(DelegatingMethodAccessorImpl.java:43)
	at java.lang.reflect.Method.invoke(Method.java:498)
	at org.apache.maven.surefire.booter.ProviderFactory$ClassLoaderProxy.invoke(ProviderFactory.java:103)
	at com.sun.proxy.$Proxy0.invoke(Unknown Source)
	at org.apache.maven.surefire.booter.SurefireStarter.invokeProvider(SurefireStarter.java:145)
	at org.apache.maven.surefire.booter.SurefireStarter.runSuitesInProcess(SurefireStarter.java:87)
	at org.apache.maven.surefire.booter.ForkedBooter.main(ForkedBooter.java:69)
Caused by: org.h2.jdbc.JdbcSQLException: Syntax error in SQL statement &quot;SELECT RES.* 
     
    FROM ACT_ID_GROUP RES
     
     WHERE  RES.NAME_ LIKE ? 
   
     ORDER BY  ORDER[*] BY RES.ID_ ASC  
    LIMIT ? OFFSET ? &quot;; expected &quot;=, NOT, EXISTS, INTERSECTS, SELECT, FROM&quot;; SQL statement:
select RES.* 
     
    from ACT_ID_GROUP RES
     
     WHERE  RES.NAME_ like ? 
   
     order by  order by RES.ID_ asc  
    LIMIT ? OFFSET ? [42001-176]
	at org.h2.message.DbException.getJdbcSQLException(DbException.java:344)
	at org.h2.message.DbException.getSyntaxError(DbException.java:204)
	at org.h2.command.Parser.getSyntaxError(Parser.java:524)
	at org.h2.command.Parser.readTerm(Parser.java:2688)
	at org.h2.command.Parser.readFactor(Parser.java:2244)
	at org.h2.command.Parser.readSum(Parser.java:2231)
	at org.h2.command.Parser.readConcat(Parser.java:2201)
	at org.h2.command.Parser.readCondition(Parser.java:2051)
	at org.h2.command.Parser.readAnd(Parser.java:2023)
	at org.h2.command.Parser.readExpression(Parser.java:2015)
	at org.h2.command.Parser.parseEndOfQuery(Parser.java:1726)
	at org.h2.command.Parser.parseSelectUnionExtension(Parser.java:1706)
	at org.h2.command.Parser.parseSelectUnion(Parser.java:1675)
	at org.h2.command.Parser.parseSelect(Parser.java:1662)
	at org.h2.command.Parser.parsePrepared(Parser.java:434)
	at org.h2.command.Parser.parse(Parser.java:306)
	at org.h2.command.Parser.parse(Parser.java:282)
	at org.h2.command.Parser.prepareCommand(Parser.java:243)
	at org.h2.engine.Session.prepareLocal(Session.java:442)
	at org.h2.engine.Session.prepareCommand(Session.java:384)
	at org.h2.jdbc.JdbcConnection.prepareCommand(JdbcConnection.java:1188)
	at org.h2.jdbc.JdbcPreparedStatement.&lt;init&gt;(JdbcPreparedStatement.java:73)
	at org.h2.jdbc.JdbcConnection.prepareStatement(JdbcConnection.java:276)
	at sun.reflect.GeneratedMethodAccessor6.invoke(Unknown Source)
	at sun.reflect.DelegatingMethodAccessorImpl.invoke(DelegatingMethodAccessorImpl.java:43)
	at java.lang.reflect.Method.invoke(Method.java:498)
	at org.apache.ibatis.datasource.pooled.PooledConnection.invoke(PooledConnection.java:245)
	at com.sun.proxy.$Proxy12.prepareStatement(Unknown Source)
	at sun.reflect.GeneratedMethodAccessor6.invoke(Unknown Source)
	at sun.reflect.DelegatingMethodAccessorImpl.invoke(DelegatingMethodAccessorImpl.java:43)
	at java.lang.reflect.Method.invoke(Method.java:498)
	at org.apache.ibatis.logging.jdbc.ConnectionLogger.invoke(ConnectionLogger.java:55)
	at com.sun.proxy.$Proxy12.prepareStatement(Unknown Source)
	at org.apache.ibatis.executor.statement.PreparedStatementHandler.instantiateStatement(PreparedStatementHandler.java:79)
	at org.apache.ibatis.executor.statement.BaseStatementHandler.prepare(BaseStatementHandler.java:88)
	at org.apache.ibatis.executor.statement.RoutingStatementHandler.prepare(RoutingStatementHandler.java:58)
	at org.apache.ibatis.executor.SimpleExecutor.prepareStatement(SimpleExecutor.java:76)
	at org.apache.ibatis.executor.SimpleExecutor.doQuery(SimpleExecutor.java:61)
	at org.apache.ibatis.executor.BaseExecutor.queryFromDatabase(BaseExecutor.java:303)
	at org.apache.ibatis.executor.BaseExecutor.query(BaseExecutor.java:154)
	at org.apache.ibatis.executor.CachingExecutor.query(CachingExecutor.java:102)
	at org.apache.ibatis.executor.CachingExecutor.query(CachingExecutor.java:82)
	at org.apache.ibatis.session.defaults.DefaultSqlSession.selectList(DefaultSqlSession.java:120)
	... 42 more
10:44:56,495 [main] DEBUG org.activiti.engine.impl.cfg.standalone.StandaloneMybatisTransactionContext  - firing event rolling back...
10:44:56,495 [main] DEBUG org.activiti.engine.impl.cfg.standalone.StandaloneMybatisTransactionContext  - rolling back ibatis sql session...
10:44:56,495 [main] DEBUG org.activiti.engine.impl.cfg.standalone.StandaloneMybatisTransactionContext  - firing event rolled back...
10:44:56,495 [main] DEBUG org.apache.ibatis.transaction.jdbc.JdbcTransaction  - Resetting autocommit to true on JDBC Connection [conn4: url=jdbc:h2:mem:activiti user=SA]
10:44:56,495 [main] DEBUG org.apache.ibatis.transaction.jdbc.JdbcTransaction  - Closing JDBC Connection [conn4: url=jdbc:h2:mem:activiti user=SA]
10:44:56,495 [main] DEBUG org.apache.ibatis.datasource.pooled.PooledDataSource  - Returned connection 297240765 to pool.
10:44:56,495 [main] DEBUG org.activiti.engine.impl.interceptor.LogInterceptor  - --- GroupQueryImpl finished --------------------------------------------------------
10:44:56,495 [main] DEBUG org.activiti.engine.impl.interceptor.LogInterceptor  - 

10:44:56,495 [main] ERROR org.activiti.engine.impl.test.PvmTestCase  - 

10:44:56,495 [main] ERROR org.activiti.engine.impl.test.PvmTestCase  - EXCEPTION: org.apache.ibatis.exceptions.PersistenceException: 
### Error querying database.  Cause: org.h2.jdbc.JdbcSQLException: Syntax error in SQL statement &quot;SELECT RES.* 
     
    FROM ACT_ID_GROUP RES
     
     WHERE  RES.NAME_ LIKE ? 
   
     ORDER BY  ORDER[*] BY RES.ID_ ASC  
    LIMIT ? OFFSET ? &quot;; expected &quot;=, NOT, EXISTS, INTERSECTS, SELECT, FROM&quot;; SQL statement:
select RES.* 
     
    from ACT_ID_GROUP RES
     
     WHERE  RES.NAME_ like ? 
   
     order by  order by RES.ID_ asc  
    LIMIT ? OFFSET ? [42001-176]
### The error may exist in org/activiti/db/mapping/entity/Group.xml
### The error may involve org.activiti.engine.impl.persistence.entity.GroupEntity.selectGroupByQueryCriteria
### The error occurred while executing a query
### SQL: select RES.*            from ACT_ID_GROUP RES            WHERE  RES.NAME_ like ?           order by  order by RES.ID_ asc       LIMIT ? OFFSET ?
### Cause: org.h2.jdbc.JdbcSQLException: Syntax error in SQL statement &quot;SELECT RES.* 
     
    FROM ACT_ID_GROUP RES
     
     WHERE  RES.NAME_ LIKE ? 
   
     ORDER BY  ORDER[*] BY RES.ID_ ASC  
    LIMIT ? OFFSET ? &quot;; expected &quot;=, NOT, EXISTS, INTERSECTS, SELECT, FROM&quot;; SQL statement:
select RES.* 
     
    from ACT_ID_GROUP RES
     
     WHERE  RES.NAME_ like ? 
   
     order by  order by RES.ID_ asc  
    LIMIT ? OFFSET ? [42001-176]
org.apache.ibatis.exceptions.PersistenceException: 
### Error querying database.  Cause: org.h2.jdbc.JdbcSQLException: Syntax error in SQL statement &quot;SELECT RES.* 
     
    FROM ACT_ID_GROUP RES
     
     WHERE  RES.NAME_ LIKE ? 
   
     ORDER BY  ORDER[*] BY RES.ID_ ASC  
    LIMIT ? OFFSET ? &quot;; expected &quot;=, NOT, EXISTS, INTERSECTS, SELECT, FROM&quot;; SQL statement:
select RES.* 
     
    from ACT_ID_GROUP RES
     
     WHERE  RES.NAME_ like ? 
   
     order by  order by RES.ID_ asc  
    LIMIT ? OFFSET ? [42001-176]
### The error may exist in org/activiti/db/mapping/entity/Group.xml
### The error may involve org.activiti.engine.impl.persistence.entity.GroupEntity.selectGroupByQueryCriteria
### The error occurred while executing a query
### SQL: select RES.*            from ACT_ID_GROUP RES            WHERE  RES.NAME_ like ?           order by  order by RES.ID_ asc       LIMIT ? OFFSET ?
### Cause: org.h2.jdbc.JdbcSQLException: Syntax error in SQL statement &quot;SELECT RES.* 
     
    FROM ACT_ID_GROUP RES
     
     WHERE  RES.NAME_ LIKE ? 
   
     ORDER BY  ORDER[*] BY RES.ID_ ASC  
    LIMIT ? OFFSET ? &quot;; expected &quot;=, NOT, EXISTS, INTERSECTS, SELECT, FROM&quot;; SQL statement:
select RES.* 
     
    from ACT_ID_GROUP RES
     
     WHERE  RES.NAME_ like ? 
   
     order by  order by RES.ID_ asc  
    LIMIT ? OFFSET ? [42001-176]
	at org.apache.ibatis.exceptions.ExceptionFactory.wrapException(ExceptionFactory.java:30)
	at org.apache.ibatis.session.defaults.DefaultSqlSession.selectList(DefaultSqlSession.java:122)
	at org.apache.ibatis.session.defaults.DefaultSqlSession.selectList(DefaultSqlSession.java:113)
	at org.activiti.engine.impl.db.DbSqlSession.selectListWithRawParameter(DbSqlSession.java:438)
	at org.activiti.engine.impl.db.DbSqlSession.selectList(DbSqlSession.java:429)
	at org.activiti.engine.impl.db.DbSqlSession.selectList(DbSqlSession.java:419)
	at org.activiti.engine.impl.persistence.entity.GroupEntityManager.findGroupByQueryCriteria(GroupEntityManager.java:90)
	at org.activiti.engine.impl.GroupQueryImpl.executeList(GroupQueryImpl.java:125)
	at org.activiti.engine.impl.AbstractQuery.execute(AbstractQuery.java:164)
	at org.activiti.engine.impl.interceptor.CommandInvoker.execute(CommandInvoker.java:24)
	at org.activiti.engine.impl.interceptor.CommandContextInterceptor.execute(CommandContextInterceptor.java:57)
	at org.activiti.engine.impl.interceptor.LogInterceptor.execute(LogInterceptor.java:37)
	at org.activiti.engine.impl.cfg.CommandExecutorImpl.execute(CommandExecutorImpl.java:40)
	at org.activiti.engine.impl.cfg.CommandExecutorImpl.execute(CommandExecutorImpl.java:35)
	at org.activiti.engine.impl.AbstractQuery.list(AbstractQuery.java:138)
	at org.activiti.engine.test.api.identity.GroupQueryTest.verifyQueryResults(GroupQueryTest.java:221)
	at org.activiti.engine.test.api.identity.GroupQueryTest.testQueryByNameLike(GroupQueryTest.java:113)
	at sun.reflect.NativeMethodAccessorImpl.invoke0(Native Method)
	at sun.reflect.NativeMethodAccessorImpl.invoke(NativeMethodAccessorImpl.java:62)
	at sun.reflect.DelegatingMethodAccessorImpl.invoke(DelegatingMethodAccessorImpl.java:43)
	at java.lang.reflect.Method.invoke(Method.java:498)
	at junit.framework.TestCase.runTest(TestCase.java:176)
	at org.activiti.engine.impl.test.PvmTestCase.runTest(PvmTestCase.java:65)
	at junit.framework.TestCase.runBare(TestCase.java:141)
	at org.activiti.engine.impl.test.AbstractActivitiTestCase.runBare(AbstractActivitiTestCase.java:100)
	at junit.framework.TestResult$1.protect(TestResult.java:122)
	at junit.framework.TestResult.runProtected(TestResult.java:142)
	at junit.framework.TestResult.run(TestResult.java:125)
	at junit.framework.TestCase.run(TestCase.java:129)
	at junit.framework.TestSuite.runTest(TestSuite.java:255)
	at junit.framework.TestSuite.run(TestSuite.java:250)
	at org.junit.internal.runners.JUnit38ClassRunner.run(JUnit38ClassRunner.java:84)
	at org.apache.maven.surefire.junit4.JUnit4TestSet.execute(JUnit4TestSet.java:35)
	at org.apache.maven.surefire.junit4.JUnit4Provider.executeTestSet(JUnit4Provider.java:146)
	at org.apache.maven.surefire.junit4.JUnit4Provider.invoke(JUnit4Provider.java:97)
	at sun.reflect.NativeMethodAccessorImpl.invoke0(Native Method)
	at sun.reflect.NativeMethodAccessorImpl.invoke(NativeMethodAccessorImpl.java:62)
	at sun.reflect.DelegatingMethodAccessorImpl.invoke(DelegatingMethodAccessorImpl.java:43)
	at java.lang.reflect.Method.invoke(Method.java:498)
	at org.apache.maven.surefire.booter.ProviderFactory$ClassLoaderProxy.invoke(ProviderFactory.java:103)
	at com.sun.proxy.$Proxy0.invoke(Unknown Source)
	at org.apache.maven.surefire.booter.SurefireStarter.invokeProvider(SurefireStarter.java:145)
	at org.apache.maven.surefire.booter.SurefireStarter.runSuitesInProcess(SurefireStarter.java:87)
	at org.apache.maven.surefire.booter.ForkedBooter.main(ForkedBooter.java:69)
Caused by: org.h2.jdbc.JdbcSQLException: Syntax error in SQL statement &quot;SELECT RES.* 
     
    FROM ACT_ID_GROUP RES
     
     WHERE  RES.NAME_ LIKE ? 
   
     ORDER BY  ORDER[*] BY RES.ID_ ASC  
    LIMIT ? OFFSET ? &quot;; expected &quot;=, NOT, EXISTS, INTERSECTS, SELECT, FROM&quot;; SQL statement:
select RES.* 
     
    from ACT_ID_GROUP RES
     
     WHERE  RES.NAME_ like ? 
   
     order by  order by RES.ID_ asc  
    LIMIT ? OFFSET ? [42001-176]
	at org.h2.message.DbException.getJdbcSQLException(DbException.java:344)
	at org.h2.message.DbException.getSyntaxError(DbException.java:204)
	at org.h2.command.Parser.getSyntaxError(Parser.java:524)
	at org.h2.command.Parser.readTerm(Parser.java:2688)
	at org.h2.command.Parser.readFactor(Parser.java:2244)
	at org.h2.command.Parser.readSum(Parser.java:2231)
	at org.h2.command.Parser.readConcat(Parser.java:2201)
	at org.h2.command.Parser.readCondition(Parser.java:2051)
	at org.h2.command.Parser.readAnd(Parser.java:2023)
	at org.h2.command.Parser.readExpression(Parser.java:2015)
	at org.h2.command.Parser.parseEndOfQuery(Parser.java:1726)
	at org.h2.command.Parser.parseSelectUnionExtension(Parser.java:1706)
	at org.h2.command.Parser.parseSelectUnion(Parser.java:1675)
	at org.h2.command.Parser.parseSelect(Parser.java:1662)
	at org.h2.command.Parser.parsePrepared(Parser.java:434)
	at org.h2.command.Parser.parse(Parser.java:306)
	at org.h2.command.Parser.parse(Parser.java:282)
	at org.h2.command.Parser.prepareCommand(Parser.java:243)
	at org.h2.engine.Session.prepareLocal(Session.java:442)
	at org.h2.engine.Session.prepareCommand(Session.java:384)
	at org.h2.jdbc.JdbcConnection.prepareCommand(JdbcConnection.java:1188)
	at org.h2.jdbc.JdbcPreparedStatement.&lt;init&gt;(JdbcPreparedStatement.java:73)
	at org.h2.jdbc.JdbcConnection.prepareStatement(JdbcConnection.java:276)
	at sun.reflect.GeneratedMethodAccessor6.invoke(Unknown Source)
	at sun.reflect.DelegatingMethodAccessorImpl.invoke(DelegatingMethodAccessorImpl.java:43)
	at java.lang.reflect.Method.invoke(Method.java:498)
	at org.apache.ibatis.datasource.pooled.PooledConnection.invoke(PooledConnection.java:245)
	at com.sun.proxy.$Proxy12.prepareStatement(Unknown Source)
	at sun.reflect.GeneratedMethodAccessor6.invoke(Unknown Source)
	at sun.reflect.DelegatingMethodAccessorImpl.invoke(DelegatingMethodAccessorImpl.java:43)
	at java.lang.reflect.Method.invoke(Method.java:498)
	at org.apache.ibatis.logging.jdbc.ConnectionLogger.invoke(ConnectionLogger.java:55)
	at com.sun.proxy.$Proxy12.prepareStatement(Unknown Source)
	at org.apache.ibatis.executor.statement.PreparedStatementHandler.instantiateStatement(PreparedStatementHandler.java:79)
	at org.apache.ibatis.executor.statement.BaseStatementHandler.prepare(BaseStatementHandler.java:88)
	at org.apache.ibatis.executor.statement.RoutingStatementHandler.prepare(RoutingStatementHandler.java:58)
	at org.apache.ibatis.executor.SimpleExecutor.prepareStatement(SimpleExecutor.java:76)
	at org.apache.ibatis.executor.SimpleExecutor.doQuery(SimpleExecutor.java:61)
	at org.apache.ibatis.executor.BaseExecutor.queryFromDatabase(BaseExecutor.java:303)
	at org.apache.ibatis.executor.BaseExecutor.query(BaseExecutor.java:154)
	at org.apache.ibatis.executor.CachingExecutor.query(CachingExecutor.java:102)
	at org.apache.ibatis.executor.CachingExecutor.query(CachingExecutor.java:82)
	at org.apache.ibatis.session.defaults.DefaultSqlSession.selectList(DefaultSqlSession.java:120)
	... 42 more
10:44:56,495 [main] DEBUG org.activiti.engine.impl.test.PvmTestCase  - #### END GroupQueryTest.testQueryByNameLike #############################################################
10:44:56,495 [main] DEBUG org.activiti.engine.impl.interceptor.LogInterceptor  - 

10:44:56,495 [main] DEBUG org.activiti.engine.impl.interceptor.LogInterceptor  - --- starting DeleteUserCmd --------------------------------------------------------
10:44:56,495 [main] DEBUG org.apache.ibatis.transaction.jdbc.JdbcTransaction  - Opening JDBC Connection
10:44:56,495 [main] DEBUG org.apache.ibatis.datasource.pooled.PooledDataSource  - Checked out connection 363509958 from pool.
10:44:56,495 [main] DEBUG org.apache.ibatis.transaction.jdbc.JdbcTransaction  - Setting autocommit to false on JDBC Connection [conn2: url=jdbc:h2:mem:activiti user=SA]
10:44:56,495 [main] DEBUG org.activiti.engine.impl.persistence.entity.UserEntity.selectUserById  - ==&gt;  Preparing: select * from ACT_ID_USER where ID_ = ? 
10:44:56,495 [main] DEBUG org.activiti.engine.impl.persistence.entity.UserEntity.selectUserById  - ==&gt; Parameters: kermit(String)
10:44:56,495 [main] DEBUG org.activiti.engine.impl.persistence.entity.UserEntity.selectUserById  - &lt;==      Total: 1
10:44:56,495 [main] DEBUG org.activiti.engine.impl.persistence.entity.IdentityInfoEntity.selectIdentityInfoByUserId  - ==&gt;  Preparing: select * from ACT_ID_INFO where USER_ID_ = ? 
10:44:56,495 [main] DEBUG org.activiti.engine.impl.persistence.entity.IdentityInfoEntity.selectIdentityInfoByUserId  - ==&gt; Parameters: kermit(String)
10:44:56,495 [main] DEBUG org.activiti.engine.impl.persistence.entity.IdentityInfoEntity.selectIdentityInfoByUserId  - &lt;==      Total: 0
10:44:56,495 [main] DEBUG org.activiti.engine.impl.db.DbSqlSession  -   bulk delete: deleteMembershipsByUserId(kermit)
10:44:56,495 [main] DEBUG org.activiti.engine.impl.db.DbSqlSession  -   delete org.activiti.engine.impl.persistence.entity.UserEntity@5634a861
10:44:56,495 [main] DEBUG org.activiti.engine.impl.db.DbSqlSession  - flush summary: 0 insert, 0 update, 2 delete.
10:44:56,495 [main] DEBUG org.activiti.engine.impl.db.DbSqlSession  - now executing flush...
10:44:56,495 [main] DEBUG org.activiti.engine.impl.db.DbSqlSession  - executing: bulk delete: deleteMembershipsByUserId(kermit)
10:44:56,495 [main] DEBUG org.activiti.engine.impl.persistence.entity.MembershipRelation.deleteMembershipsByUserId  - ==&gt;  Preparing: delete from ACT_ID_MEMBERSHIP where USER_ID_ = ? 
10:44:56,495 [main] DEBUG org.activiti.engine.impl.persistence.entity.MembershipRelation.deleteMembershipsByUserId  - ==&gt; Parameters: kermit(String)
10:44:56,495 [main] DEBUG org.activiti.engine.impl.persistence.entity.MembershipRelation.deleteMembershipsByUserId  - &lt;==    Updates: 3
10:44:56,495 [main] DEBUG org.activiti.engine.impl.db.DbSqlSession  - executing: delete org.activiti.engine.impl.persistence.entity.UserEntity@5634a861
10:44:56,495 [main] DEBUG org.activiti.engine.impl.persistence.entity.UserEntity.deleteUser  - ==&gt;  Preparing: delete from ACT_ID_USER where ID_ = ? and REV_ = ? 
10:44:56,495 [main] DEBUG org.activiti.engine.impl.persistence.entity.UserEntity.deleteUser  - ==&gt; Parameters: kermit(String), 1(Integer)
10:44:56,495 [main] DEBUG org.activiti.engine.impl.persistence.entity.UserEntity.deleteUser  - &lt;==    Updates: 1
10:44:56,495 [main] DEBUG org.activiti.engine.impl.cfg.standalone.StandaloneMybatisTransactionContext  - firing event committing...
10:44:56,495 [main] DEBUG org.activiti.engine.impl.cfg.standalone.StandaloneMybatisTransactionContext  - committing the ibatis sql session...
10:44:56,495 [main] DEBUG org.apache.ibatis.transaction.jdbc.JdbcTransaction  - Committing JDBC Connection [conn2: url=jdbc:h2:mem:activiti user=SA]
10:44:56,495 [main] DEBUG org.activiti.engine.impl.cfg.standalone.StandaloneMybatisTransactionContext  - firing event committed...
10:44:56,495 [main] DEBUG org.apache.ibatis.transaction.jdbc.JdbcTransaction  - Resetting autocommit to true on JDBC Connection [conn2: url=jdbc:h2:mem:activiti user=SA]
10:44:56,495 [main] DEBUG org.apache.ibatis.transaction.jdbc.JdbcTransaction  - Closing JDBC Connection [conn2: url=jdbc:h2:mem:activiti user=SA]
10:44:56,495 [main] DEBUG org.apache.ibatis.datasource.pooled.PooledDataSource  - Returned connection 363509958 to pool.
10:44:56,495 [main] DEBUG org.activiti.engine.impl.interceptor.LogInterceptor  - --- DeleteUserCmd finished --------------------------------------------------------
10:44:56,495 [main] DEBUG org.activiti.engine.impl.interceptor.LogInterceptor  - 

10:44:56,495 [main] DEBUG org.activiti.engine.impl.interceptor.LogInterceptor  - 

10:44:56,495 [main] DEBUG org.activiti.engine.impl.interceptor.LogInterceptor  - --- starting DeleteUserCmd --------------------------------------------------------
10:44:56,496 [main] DEBUG org.apache.ibatis.transaction.jdbc.JdbcTransaction  - Opening JDBC Connection
10:44:56,496 [main] DEBUG org.apache.ibatis.datasource.pooled.PooledDataSource  - Checked out connection 180014677 from pool.
10:44:56,496 [main] DEBUG org.apache.ibatis.transaction.jdbc.JdbcTransaction  - Setting autocommit to false on JDBC Connection [conn3: url=jdbc:h2:mem:activiti user=SA]
10:44:56,496 [main] DEBUG org.activiti.engine.impl.persistence.entity.UserEntity.selectUserById  - ==&gt;  Preparing: select * from ACT_ID_USER where ID_ = ? 
10:44:56,496 [main] DEBUG org.activiti.engine.impl.persistence.entity.UserEntity.selectUserById  - ==&gt; Parameters: fozzie(String)
10:44:56,496 [main] DEBUG org.activiti.engine.impl.persistence.entity.UserEntity.selectUserById  - &lt;==      Total: 1
10:44:56,496 [main] DEBUG org.activiti.engine.impl.persistence.entity.IdentityInfoEntity.selectIdentityInfoByUserId  - ==&gt;  Preparing: select * from ACT_ID_INFO where USER_ID_ = ? 
10:44:56,496 [main] DEBUG org.activiti.engine.impl.persistence.entity.IdentityInfoEntity.selectIdentityInfoByUserId  - ==&gt; Parameters: fozzie(String)
10:44:56,496 [main] DEBUG org.activiti.engine.impl.persistence.entity.IdentityInfoEntity.selectIdentityInfoByUserId  - &lt;==      Total: 0
10:44:56,496 [main] DEBUG org.activiti.engine.impl.db.DbSqlSession  -   bulk delete: deleteMembershipsByUserId(fozzie)
10:44:56,496 [main] DEBUG org.activiti.engine.impl.db.DbSqlSession  -   delete org.activiti.engine.impl.persistence.entity.UserEntity@2b0dc227
10:44:56,496 [main] DEBUG org.activiti.engine.impl.db.DbSqlSession  - flush summary: 0 insert, 0 update, 2 delete.
10:44:56,496 [main] DEBUG org.activiti.engine.impl.db.DbSqlSession  - now executing flush...
10:44:56,496 [main] DEBUG org.activiti.engine.impl.db.DbSqlSession  - executing: bulk delete: deleteMembershipsByUserId(fozzie)
10:44:56,496 [main] DEBUG org.activiti.engine.impl.persistence.entity.MembershipRelation.deleteMembershipsByUserId  - ==&gt;  Preparing: delete from ACT_ID_MEMBERSHIP where USER_ID_ = ? 
10:44:56,496 [main] DEBUG org.activiti.engine.impl.persistence.entity.MembershipRelation.deleteMembershipsByUserId  - ==&gt; Parameters: fozzie(String)
10:44:56,496 [main] DEBUG org.activiti.engine.impl.persistence.entity.MembershipRelation.deleteMembershipsByUserId  - &lt;==    Updates: 2
10:44:56,496 [main] DEBUG org.activiti.engine.impl.db.DbSqlSession  - executing: delete org.activiti.engine.impl.persistence.entity.UserEntity@2b0dc227
10:44:56,496 [main] DEBUG org.activiti.engine.impl.persistence.entity.UserEntity.deleteUser  - ==&gt;  Preparing: delete from ACT_ID_USER where ID_ = ? and REV_ = ? 
10:44:56,496 [main] DEBUG org.activiti.engine.impl.persistence.entity.UserEntity.deleteUser  - ==&gt; Parameters: fozzie(String), 1(Integer)
10:44:56,496 [main] DEBUG org.activiti.engine.impl.persistence.entity.UserEntity.deleteUser  - &lt;==    Updates: 1
10:44:56,496 [main] DEBUG org.activiti.engine.impl.cfg.standalone.StandaloneMybatisTransactionContext  - firing event committing...
10:44:56,496 [main] DEBUG org.activiti.engine.impl.cfg.standalone.StandaloneMybatisTransactionContext  - committing the ibatis sql session...
10:44:56,496 [main] DEBUG org.apache.ibatis.transaction.jdbc.JdbcTransaction  - Committing JDBC Connection [conn3: url=jdbc:h2:mem:activiti user=SA]
10:44:56,496 [main] DEBUG org.activiti.engine.impl.cfg.standalone.StandaloneMybatisTransactionContext  - firing event committed...
10:44:56,496 [main] DEBUG org.apache.ibatis.transaction.jdbc.JdbcTransaction  - Resetting autocommit to true on JDBC Connection [conn3: url=jdbc:h2:mem:activiti user=SA]
10:44:56,496 [main] DEBUG org.apache.ibatis.transaction.jdbc.JdbcTransaction  - Closing JDBC Connection [conn3: url=jdbc:h2:mem:activiti user=SA]
10:44:56,496 [main] DEBUG org.apache.ibatis.datasource.pooled.PooledDataSource  - Returned connection 180014677 to pool.
10:44:56,496 [main] DEBUG org.activiti.engine.impl.interceptor.LogInterceptor  - --- DeleteUserCmd finished --------------------------------------------------------
10:44:56,496 [main] DEBUG org.activiti.engine.impl.interceptor.LogInterceptor  - 

10:44:56,496 [main] DEBUG org.activiti.engine.impl.interceptor.LogInterceptor  - 

10:44:56,496 [main] DEBUG org.activiti.engine.impl.interceptor.LogInterceptor  - --- starting DeleteUserCmd --------------------------------------------------------
10:44:56,496 [main] DEBUG org.apache.ibatis.transaction.jdbc.JdbcTransaction  - Opening JDBC Connection
10:44:56,496 [main] DEBUG org.apache.ibatis.datasource.pooled.PooledDataSource  - Checked out connection 297240765 from pool.
10:44:56,496 [main] DEBUG org.apache.ibatis.transaction.jdbc.JdbcTransaction  - Setting autocommit to false on JDBC Connection [conn4: url=jdbc:h2:mem:activiti user=SA]
10:44:56,496 [main] DEBUG org.activiti.engine.impl.persistence.entity.UserEntity.selectUserById  - ==&gt;  Preparing: select * from ACT_ID_USER where ID_ = ? 
10:44:56,496 [main] DEBUG org.activiti.engine.impl.persistence.entity.UserEntity.selectUserById  - ==&gt; Parameters: mispiggy(String)
10:44:56,496 [main] DEBUG org.activiti.engine.impl.persistence.entity.UserEntity.selectUserById  - &lt;==      Total: 1
10:44:56,496 [main] DEBUG org.activiti.engine.impl.persistence.entity.IdentityInfoEntity.selectIdentityInfoByUserId  - ==&gt;  Preparing: select * from ACT_ID_INFO where USER_ID_ = ? 
10:44:56,496 [main] DEBUG org.activiti.engine.impl.persistence.entity.IdentityInfoEntity.selectIdentityInfoByUserId  - ==&gt; Parameters: mispiggy(String)
10:44:56,496 [main] DEBUG org.activiti.engine.impl.persistence.entity.IdentityInfoEntity.selectIdentityInfoByUserId  - &lt;==      Total: 0
10:44:56,496 [main] DEBUG org.activiti.engine.impl.db.DbSqlSession  -   bulk delete: deleteMembershipsByUserId(mispiggy)
10:44:56,496 [main] DEBUG org.activiti.engine.impl.db.DbSqlSession  -   delete org.activiti.engine.impl.persistence.entity.UserEntity@37ad042b
10:44:56,496 [main] DEBUG org.activiti.engine.impl.db.DbSqlSession  - flush summary: 0 insert, 0 update, 2 delete.
10:44:56,496 [main] DEBUG org.activiti.engine.impl.db.DbSqlSession  - now executing flush...
10:44:56,496 [main] DEBUG org.activiti.engine.impl.db.DbSqlSession  - executing: bulk delete: deleteMembershipsByUserId(mispiggy)
10:44:56,496 [main] DEBUG org.activiti.engine.impl.persistence.entity.MembershipRelation.deleteMembershipsByUserId  - ==&gt;  Preparing: delete from ACT_ID_MEMBERSHIP where USER_ID_ = ? 
10:44:56,496 [main] DEBUG org.activiti.engine.impl.persistence.entity.MembershipRelation.deleteMembershipsByUserId  - ==&gt; Parameters: mispiggy(String)
10:44:56,496 [main] DEBUG org.activiti.engine.impl.persistence.entity.MembershipRelation.deleteMembershipsByUserId  - &lt;==    Updates: 2
10:44:56,496 [main] DEBUG org.activiti.engine.impl.db.DbSqlSession  - executing: delete org.activiti.engine.impl.persistence.entity.UserEntity@37ad042b
10:44:56,496 [main] DEBUG org.activiti.engine.impl.persistence.entity.UserEntity.deleteUser  - ==&gt;  Preparing: delete from ACT_ID_USER where ID_ = ? and REV_ = ? 
10:44:56,496 [main] DEBUG org.activiti.engine.impl.persistence.entity.UserEntity.deleteUser  - ==&gt; Parameters: mispiggy(String), 1(Integer)
10:44:56,496 [main] DEBUG org.activiti.engine.impl.persistence.entity.UserEntity.deleteUser  - &lt;==    Updates: 1
10:44:56,496 [main] DEBUG org.activiti.engine.impl.cfg.standalone.StandaloneMybatisTransactionContext  - firing event committing...
10:44:56,496 [main] DEBUG org.activiti.engine.impl.cfg.standalone.StandaloneMybatisTransactionContext  - committing the ibatis sql session...
10:44:56,496 [main] DEBUG org.apache.ibatis.transaction.jdbc.JdbcTransaction  - Committing JDBC Connection [conn4: url=jdbc:h2:mem:activiti user=SA]
10:44:56,496 [main] DEBUG org.activiti.engine.impl.cfg.standalone.StandaloneMybatisTransactionContext  - firing event committed...
10:44:56,496 [main] DEBUG org.apache.ibatis.transaction.jdbc.JdbcTransaction  - Resetting autocommit to true on JDBC Connection [conn4: url=jdbc:h2:mem:activiti user=SA]
10:44:56,496 [main] DEBUG org.apache.ibatis.transaction.jdbc.JdbcTransaction  - Closing JDBC Connection [conn4: url=jdbc:h2:mem:activiti user=SA]
10:44:56,496 [main] DEBUG org.apache.ibatis.datasource.pooled.PooledDataSource  - Returned connection 297240765 to pool.
10:44:56,496 [main] DEBUG org.activiti.engine.impl.interceptor.LogInterceptor  - --- DeleteUserCmd finished --------------------------------------------------------
10:44:56,496 [main] DEBUG org.activiti.engine.impl.interceptor.LogInterceptor  - 

10:44:56,496 [main] DEBUG org.activiti.engine.impl.interceptor.LogInterceptor  - 

10:44:56,496 [main] DEBUG org.activiti.engine.impl.interceptor.LogInterceptor  - --- starting DeleteGroupCmd --------------------------------------------------------
10:44:56,496 [main] DEBUG org.apache.ibatis.transaction.jdbc.JdbcTransaction  - Opening JDBC Connection
10:44:56,496 [main] DEBUG org.apache.ibatis.datasource.pooled.PooledDataSource  - Checked out connection 363509958 from pool.
10:44:56,496 [main] DEBUG org.apache.ibatis.transaction.jdbc.JdbcTransaction  - Setting autocommit to false on JDBC Connection [conn2: url=jdbc:h2:mem:activiti user=SA]
10:44:56,496 [main] DEBUG org.activiti.engine.impl.persistence.entity.GroupEntity.selectGroup  - ==&gt;  Preparing: select * from ACT_ID_GROUP where ID_ = ? 
10:44:56,496 [main] DEBUG org.activiti.engine.impl.persistence.entity.GroupEntity.selectGroup  - ==&gt; Parameters: muppets(String)
10:44:56,496 [main] DEBUG org.activiti.engine.impl.persistence.entity.GroupEntity.selectGroup  - &lt;==      Total: 1
10:44:56,496 [main] DEBUG org.activiti.engine.impl.db.DbSqlSession  -   bulk delete: deleteMembershipsByGroupId(muppets)
10:44:56,496 [main] DEBUG org.activiti.engine.impl.db.DbSqlSession  -   delete org.activiti.engine.impl.persistence.entity.GroupEntity@43bdaa1b
10:44:56,496 [main] DEBUG org.activiti.engine.impl.db.DbSqlSession  - flush summary: 0 insert, 0 update, 2 delete.
10:44:56,496 [main] DEBUG org.activiti.engine.impl.db.DbSqlSession  - now executing flush...
10:44:56,496 [main] DEBUG org.activiti.engine.impl.db.DbSqlSession  - executing: bulk delete: deleteMembershipsByGroupId(muppets)
10:44:56,496 [main] DEBUG org.activiti.engine.impl.persistence.entity.MembershipRelation.deleteMembershipsByGroupId  - ==&gt;  Preparing: delete from ACT_ID_MEMBERSHIP where GROUP_ID_ = ? 
10:44:56,496 [main] DEBUG org.activiti.engine.impl.persistence.entity.MembershipRelation.deleteMembershipsByGroupId  - ==&gt; Parameters: muppets(String)
10:44:56,496 [main] DEBUG org.activiti.engine.impl.persistence.entity.MembershipRelation.deleteMembershipsByGroupId  - &lt;==    Updates: 0
10:44:56,496 [main] DEBUG org.activiti.engine.impl.db.DbSqlSession  - executing: delete org.activiti.engine.impl.persistence.entity.GroupEntity@43bdaa1b
10:44:56,496 [main] DEBUG org.activiti.engine.impl.persistence.entity.GroupEntity.deleteGroup  - ==&gt;  Preparing: delete from ACT_ID_GROUP where ID_ = ? and REV_ = ? 
10:44:56,496 [main] DEBUG org.activiti.engine.impl.persistence.entity.GroupEntity.deleteGroup  - ==&gt; Parameters: muppets(String), 1(Integer)
10:44:56,497 [main] DEBUG org.activiti.engine.impl.persistence.entity.GroupEntity.deleteGroup  - &lt;==    Updates: 1
10:44:56,497 [main] DEBUG org.activiti.engine.impl.cfg.standalone.StandaloneMybatisTransactionContext  - firing event committing...
10:44:56,497 [main] DEBUG org.activiti.engine.impl.cfg.standalone.StandaloneMybatisTransactionContext  - committing the ibatis sql session...
10:44:56,497 [main] DEBUG org.apache.ibatis.transaction.jdbc.JdbcTransaction  - Committing JDBC Connection [conn2: url=jdbc:h2:mem:activiti user=SA]
10:44:56,497 [main] DEBUG org.activiti.engine.impl.cfg.standalone.StandaloneMybatisTransactionContext  - firing event committed...
10:44:56,497 [main] DEBUG org.apache.ibatis.transaction.jdbc.JdbcTransaction  - Resetting autocommit to true on JDBC Connection [conn2: url=jdbc:h2:mem:activiti user=SA]
10:44:56,497 [main] DEBUG org.apache.ibatis.transaction.jdbc.JdbcTransaction  - Closing JDBC Connection [conn2: url=jdbc:h2:mem:activiti user=SA]
10:44:56,497 [main] DEBUG org.apache.ibatis.datasource.pooled.PooledDataSource  - Returned connection 363509958 to pool.
10:44:56,497 [main] DEBUG org.activiti.engine.impl.interceptor.LogInterceptor  - --- DeleteGroupCmd finished --------------------------------------------------------
10:44:56,497 [main] DEBUG org.activiti.engine.impl.interceptor.LogInterceptor  - 

10:44:56,497 [main] DEBUG org.activiti.engine.impl.interceptor.LogInterceptor  - 

10:44:56,497 [main] DEBUG org.activiti.engine.impl.interceptor.LogInterceptor  - --- starting DeleteGroupCmd --------------------------------------------------------
10:44:56,497 [main] DEBUG org.apache.ibatis.transaction.jdbc.JdbcTransaction  - Opening JDBC Connection
10:44:56,497 [main] DEBUG org.apache.ibatis.datasource.pooled.PooledDataSource  - Checked out connection 180014677 from pool.
10:44:56,497 [main] DEBUG org.apache.ibatis.transaction.jdbc.JdbcTransaction  - Setting autocommit to false on JDBC Connection [conn3: url=jdbc:h2:mem:activiti user=SA]
10:44:56,497 [main] DEBUG org.activiti.engine.impl.persistence.entity.GroupEntity.selectGroup  - ==&gt;  Preparing: select * from ACT_ID_GROUP where ID_ = ? 
10:44:56,497 [main] DEBUG org.activiti.engine.impl.persistence.entity.GroupEntity.selectGroup  - ==&gt; Parameters: mammals(String)
10:44:56,497 [main] DEBUG org.activiti.engine.impl.persistence.entity.GroupEntity.selectGroup  - &lt;==      Total: 1
10:44:56,497 [main] DEBUG org.activiti.engine.impl.db.DbSqlSession  -   bulk delete: deleteMembershipsByGroupId(mammals)
10:44:56,497 [main] DEBUG org.activiti.engine.impl.db.DbSqlSession  -   delete org.activiti.engine.impl.persistence.entity.GroupEntity@30b975ad
10:44:56,497 [main] DEBUG org.activiti.engine.impl.db.DbSqlSession  - flush summary: 0 insert, 0 update, 2 delete.
10:44:56,497 [main] DEBUG org.activiti.engine.impl.db.DbSqlSession  - now executing flush...
10:44:56,497 [main] DEBUG org.activiti.engine.impl.db.DbSqlSession  - executing: bulk delete: deleteMembershipsByGroupId(mammals)
10:44:56,497 [main] DEBUG org.activiti.engine.impl.persistence.entity.MembershipRelation.deleteMembershipsByGroupId  - ==&gt;  Preparing: delete from ACT_ID_MEMBERSHIP where GROUP_ID_ = ? 
10:44:56,497 [main] DEBUG org.activiti.engine.impl.persistence.entity.MembershipRelation.deleteMembershipsByGroupId  - ==&gt; Parameters: mammals(String)
10:44:56,497 [main] DEBUG org.activiti.engine.impl.persistence.entity.MembershipRelation.deleteMembershipsByGroupId  - &lt;==    Updates: 0
10:44:56,497 [main] DEBUG org.activiti.engine.impl.db.DbSqlSession  - executing: delete org.activiti.engine.impl.persistence.entity.GroupEntity@30b975ad
10:44:56,497 [main] DEBUG org.activiti.engine.impl.persistence.entity.GroupEntity.deleteGroup  - ==&gt;  Preparing: delete from ACT_ID_GROUP where ID_ = ? and REV_ = ? 
10:44:56,497 [main] DEBUG org.activiti.engine.impl.persistence.entity.GroupEntity.deleteGroup  - ==&gt; Parameters: mammals(String), 1(Integer)
10:44:56,497 [main] DEBUG org.activiti.engine.impl.persistence.entity.GroupEntity.deleteGroup  - &lt;==    Updates: 1
10:44:56,497 [main] DEBUG org.activiti.engine.impl.cfg.standalone.StandaloneMybatisTransactionContext  - firing event committing...
10:44:56,497 [main] DEBUG org.activiti.engine.impl.cfg.standalone.StandaloneMybatisTransactionContext  - committing the ibatis sql session...
10:44:56,497 [main] DEBUG org.apache.ibatis.transaction.jdbc.JdbcTransaction  - Committing JDBC Connection [conn3: url=jdbc:h2:mem:activiti user=SA]
10:44:56,497 [main] DEBUG org.activiti.engine.impl.cfg.standalone.StandaloneMybatisTransactionContext  - firing event committed...
10:44:56,497 [main] DEBUG org.apache.ibatis.transaction.jdbc.JdbcTransaction  - Resetting autocommit to true on JDBC Connection [conn3: url=jdbc:h2:mem:activiti user=SA]
10:44:56,497 [main] DEBUG org.apache.ibatis.transaction.jdbc.JdbcTransaction  - Closing JDBC Connection [conn3: url=jdbc:h2:mem:activiti user=SA]
10:44:56,497 [main] DEBUG org.apache.ibatis.datasource.pooled.PooledDataSource  - Returned connection 180014677 to pool.
10:44:56,497 [main] DEBUG org.activiti.engine.impl.interceptor.LogInterceptor  - --- DeleteGroupCmd finished --------------------------------------------------------
10:44:56,497 [main] DEBUG org.activiti.engine.impl.interceptor.LogInterceptor  - 

10:44:56,497 [main] DEBUG org.activiti.engine.impl.interceptor.LogInterceptor  - 

10:44:56,497 [main] DEBUG org.activiti.engine.impl.interceptor.LogInterceptor  - --- starting DeleteGroupCmd --------------------------------------------------------
10:44:56,497 [main] DEBUG org.apache.ibatis.transaction.jdbc.JdbcTransaction  - Opening JDBC Connection
10:44:56,497 [main] DEBUG org.apache.ibatis.datasource.pooled.PooledDataSource  - Checked out connection 297240765 from pool.
10:44:56,497 [main] DEBUG org.apache.ibatis.transaction.jdbc.JdbcTransaction  - Setting autocommit to false on JDBC Connection [conn4: url=jdbc:h2:mem:activiti user=SA]
10:44:56,497 [main] DEBUG org.activiti.engine.impl.persistence.entity.GroupEntity.selectGroup  - ==&gt;  Preparing: select * from ACT_ID_GROUP where ID_ = ? 
10:44:56,497 [main] DEBUG org.activiti.engine.impl.persistence.entity.GroupEntity.selectGroup  - ==&gt; Parameters: frogs(String)
10:44:56,497 [main] DEBUG org.activiti.engine.impl.persistence.entity.GroupEntity.selectGroup  - &lt;==      Total: 1
10:44:56,497 [main] DEBUG org.activiti.engine.impl.db.DbSqlSession  -   bulk delete: deleteMembershipsByGroupId(frogs)
10:44:56,497 [main] DEBUG org.activiti.engine.impl.db.DbSqlSession  -   delete org.activiti.engine.impl.persistence.entity.GroupEntity@75e09567
10:44:56,497 [main] DEBUG org.activiti.engine.impl.db.DbSqlSession  - flush summary: 0 insert, 0 update, 2 delete.
10:44:56,497 [main] DEBUG org.activiti.engine.impl.db.DbSqlSession  - now executing flush...
10:44:56,497 [main] DEBUG org.activiti.engine.impl.db.DbSqlSession  - executing: bulk delete: deleteMembershipsByGroupId(frogs)
10:44:56,497 [main] DEBUG org.activiti.engine.impl.persistence.entity.MembershipRelation.deleteMembershipsByGroupId  - ==&gt;  Preparing: delete from ACT_ID_MEMBERSHIP where GROUP_ID_ = ? 
10:44:56,497 [main] DEBUG org.activiti.engine.impl.persistence.entity.MembershipRelation.deleteMembershipsByGroupId  - ==&gt; Parameters: frogs(String)
10:44:56,497 [main] DEBUG org.activiti.engine.impl.persistence.entity.MembershipRelation.deleteMembershipsByGroupId  - &lt;==    Updates: 0
10:44:56,497 [main] DEBUG org.activiti.engine.impl.db.DbSqlSession  - executing: delete org.activiti.engine.impl.persistence.entity.GroupEntity@75e09567
10:44:56,497 [main] DEBUG org.activiti.engine.impl.persistence.entity.GroupEntity.deleteGroup  - ==&gt;  Preparing: delete from ACT_ID_GROUP where ID_ = ? and REV_ = ? 
10:44:56,497 [main] DEBUG org.activiti.engine.impl.persistence.entity.GroupEntity.deleteGroup  - ==&gt; Parameters: frogs(String), 1(Integer)
10:44:56,497 [main] DEBUG org.activiti.engine.impl.persistence.entity.GroupEntity.deleteGroup  - &lt;==    Updates: 1
10:44:56,497 [main] DEBUG org.activiti.engine.impl.cfg.standalone.StandaloneMybatisTransactionContext  - firing event committing...
10:44:56,497 [main] DEBUG org.activiti.engine.impl.cfg.standalone.StandaloneMybatisTransactionContext  - committing the ibatis sql session...
10:44:56,497 [main] DEBUG org.apache.ibatis.transaction.jdbc.JdbcTransaction  - Committing JDBC Connection [conn4: url=jdbc:h2:mem:activiti user=SA]
10:44:56,497 [main] DEBUG org.activiti.engine.impl.cfg.standalone.StandaloneMybatisTransactionContext  - firing event committed...
10:44:56,497 [main] DEBUG org.apache.ibatis.transaction.jdbc.JdbcTransaction  - Resetting autocommit to true on JDBC Connection [conn4: url=jdbc:h2:mem:activiti user=SA]
10:44:56,497 [main] DEBUG org.apache.ibatis.transaction.jdbc.JdbcTransaction  - Closing JDBC Connection [conn4: url=jdbc:h2:mem:activiti user=SA]
10:44:56,497 [main] DEBUG org.apache.ibatis.datasource.pooled.PooledDataSource  - Returned connection 297240765 to pool.
10:44:56,497 [main] DEBUG org.activiti.engine.impl.interceptor.LogInterceptor  - --- DeleteGroupCmd finished --------------------------------------------------------
10:44:56,497 [main] DEBUG org.activiti.engine.impl.interceptor.LogInterceptor  - 

10:44:56,497 [main] DEBUG org.activiti.engine.impl.interceptor.LogInterceptor  - 

10:44:56,497 [main] DEBUG org.activiti.engine.impl.interceptor.LogInterceptor  - --- starting DeleteGroupCmd --------------------------------------------------------
10:44:56,497 [main] DEBUG org.apache.ibatis.transaction.jdbc.JdbcTransaction  - Opening JDBC Connection
10:44:56,497 [main] DEBUG org.apache.ibatis.datasource.pooled.PooledDataSource  - Checked out connection 363509958 from pool.
10:44:56,497 [main] DEBUG org.apache.ibatis.transaction.jdbc.JdbcTransaction  - Setting autocommit to false on JDBC Connection [conn2: url=jdbc:h2:mem:activiti user=SA]
10:44:56,497 [main] DEBUG org.activiti.engine.impl.persistence.entity.GroupEntity.selectGroup  - ==&gt;  Preparing: select * from ACT_ID_GROUP where ID_ = ? 
10:44:56,497 [main] DEBUG org.activiti.engine.impl.persistence.entity.GroupEntity.selectGroup  - ==&gt; Parameters: admin(String)
10:44:56,497 [main] DEBUG org.activiti.engine.impl.persistence.entity.GroupEntity.selectGroup  - &lt;==      Total: 1
10:44:56,497 [main] DEBUG org.activiti.engine.impl.db.DbSqlSession  -   bulk delete: deleteMembershipsByGroupId(admin)
10:44:56,497 [main] DEBUG org.activiti.engine.impl.db.DbSqlSession  -   delete org.activiti.engine.impl.persistence.entity.GroupEntity@2a334bac
10:44:56,497 [main] DEBUG org.activiti.engine.impl.db.DbSqlSession  - flush summary: 0 insert, 0 update, 2 delete.
10:44:56,497 [main] DEBUG org.activiti.engine.impl.db.DbSqlSession  - now executing flush...
10:44:56,497 [main] DEBUG org.activiti.engine.impl.db.DbSqlSession  - executing: bulk delete: deleteMembershipsByGroupId(admin)
10:44:56,497 [main] DEBUG org.activiti.engine.impl.persistence.entity.MembershipRelation.deleteMembershipsByGroupId  - ==&gt;  Preparing: delete from ACT_ID_MEMBERSHIP where GROUP_ID_ = ? 
10:44:56,497 [main] DEBUG org.activiti.engine.impl.persistence.entity.MembershipRelation.deleteMembershipsByGroupId  - ==&gt; Parameters: admin(String)
10:44:56,497 [main] DEBUG org.activiti.engine.impl.persistence.entity.MembershipRelation.deleteMembershipsByGroupId  - &lt;==    Updates: 0
10:44:56,497 [main] DEBUG org.activiti.engine.impl.db.DbSqlSession  - executing: delete org.activiti.engine.impl.persistence.entity.GroupEntity@2a334bac
10:44:56,497 [main] DEBUG org.activiti.engine.impl.persistence.entity.GroupEntity.deleteGroup  - ==&gt;  Preparing: delete from ACT_ID_GROUP where ID_ = ? and REV_ = ? 
10:44:56,497 [main] DEBUG org.activiti.engine.impl.persistence.entity.GroupEntity.deleteGroup  - ==&gt; Parameters: admin(String), 1(Integer)
10:44:56,497 [main] DEBUG org.activiti.engine.impl.persistence.entity.GroupEntity.deleteGroup  - &lt;==    Updates: 1
10:44:56,497 [main] DEBUG org.activiti.engine.impl.cfg.standalone.StandaloneMybatisTransactionContext  - firing event committing...
10:44:56,497 [main] DEBUG org.activiti.engine.impl.cfg.standalone.StandaloneMybatisTransactionContext  - committing the ibatis sql session...
10:44:56,497 [main] DEBUG org.apache.ibatis.transaction.jdbc.JdbcTransaction  - Committing JDBC Connection [conn2: url=jdbc:h2:mem:activiti user=SA]
10:44:56,497 [main] DEBUG org.activiti.engine.impl.cfg.standalone.StandaloneMybatisTransactionContext  - firing event committed...
10:44:56,497 [main] DEBUG org.apache.ibatis.transaction.jdbc.JdbcTransaction  - Resetting autocommit to true on JDBC Connection [conn2: url=jdbc:h2:mem:activiti user=SA]
10:44:56,497 [main] DEBUG org.apache.ibatis.transaction.jdbc.JdbcTransaction  - Closing JDBC Connection [conn2: url=jdbc:h2:mem:activiti user=SA]
10:44:56,497 [main] DEBUG org.apache.ibatis.datasource.pooled.PooledDataSource  - Returned connection 363509958 to pool.
10:44:56,497 [main] DEBUG org.activiti.engine.impl.interceptor.LogInterceptor  - --- DeleteGroupCmd finished --------------------------------------------------------
10:44:56,497 [main] DEBUG org.activiti.engine.impl.interceptor.LogInterceptor  - 

10:44:56,497 [main] ERROR org.activiti.engine.impl.test.PvmTestCase  - 

10:44:56,497 [main] ERROR org.activiti.engine.impl.test.PvmTestCase  - EXCEPTION: org.apache.ibatis.exceptions.PersistenceException: 
### Error querying database.  Cause: org.h2.jdbc.JdbcSQLException: Syntax error in SQL statement &quot;SELECT RES.* 
     
    FROM ACT_ID_GROUP RES
     
     WHERE  RES.NAME_ LIKE ? 
   
     ORDER BY  ORDER[*] BY RES.ID_ ASC  
    LIMIT ? OFFSET ? &quot;; expected &quot;=, NOT, EXISTS, INTERSECTS, SELECT, FROM&quot;; SQL statement:
select RES.* 
     
    from ACT_ID_GROUP RES
     
     WHERE  RES.NAME_ like ? 
   
     order by  order by RES.ID_ asc  
    LIMIT ? OFFSET ? [42001-176]
### The error may exist in org/activiti/db/mapping/entity/Group.xml
### The error may involve org.activiti.engine.impl.persistence.entity.GroupEntity.selectGroupByQueryCriteria
### The error occurred while executing a query
### SQL: select RES.*            from ACT_ID_GROUP RES            WHERE  RES.NAME_ like ?           order by  order by RES.ID_ asc       LIMIT ? OFFSET ?
### Cause: org.h2.jdbc.JdbcSQLException: Syntax error in SQL statement &quot;SELECT RES.* 
     
    FROM ACT_ID_GROUP RES
     
     WHERE  RES.NAME_ LIKE ? 
   
     ORDER BY  ORDER[*] BY RES.ID_ ASC  
    LIMIT ? OFFSET ? &quot;; expected &quot;=, NOT, EXISTS, INTERSECTS, SELECT, FROM&quot;; SQL statement:
select RES.* 
     
    from ACT_ID_GROUP RES
     
     WHERE  RES.NAME_ like ? 
   
     order by  order by RES.ID_ asc  
    LIMIT ? OFFSET ? [42001-176]
org.apache.ibatis.exceptions.PersistenceException: 
### Error querying database.  Cause: org.h2.jdbc.JdbcSQLException: Syntax error in SQL statement &quot;SELECT RES.* 
     
    FROM ACT_ID_GROUP RES
     
     WHERE  RES.NAME_ LIKE ? 
   
     ORDER BY  ORDER[*] BY RES.ID_ ASC  
    LIMIT ? OFFSET ? &quot;; expected &quot;=, NOT, EXISTS, INTERSECTS, SELECT, FROM&quot;; SQL statement:
select RES.* 
     
    from ACT_ID_GROUP RES
     
     WHERE  RES.NAME_ like ? 
   
     order by  order by RES.ID_ asc  
    LIMIT ? OFFSET ? [42001-176]
### The error may exist in org/activiti/db/mapping/entity/Group.xml
### The error may involve org.activiti.engine.impl.persistence.entity.GroupEntity.selectGroupByQueryCriteria
### The error occurred while executing a query
### SQL: select RES.*            from ACT_ID_GROUP RES            WHERE  RES.NAME_ like ?           order by  order by RES.ID_ asc       LIMIT ? OFFSET ?
### Cause: org.h2.jdbc.JdbcSQLException: Syntax error in SQL statement &quot;SELECT RES.* 
     
    FROM ACT_ID_GROUP RES
     
     WHERE  RES.NAME_ LIKE ? 
   
     ORDER BY  ORDER[*] BY RES.ID_ ASC  
    LIMIT ? OFFSET ? &quot;; expected &quot;=, NOT, EXISTS, INTERSECTS, SELECT, FROM&quot;; SQL statement:
select RES.* 
     
    from ACT_ID_GROUP RES
     
     WHERE  RES.NAME_ like ? 
   
     order by  order by RES.ID_ asc  
    LIMIT ? OFFSET ? [42001-176]
	at org.apache.ibatis.exceptions.ExceptionFactory.wrapException(ExceptionFactory.java:30)
	at org.apache.ibatis.session.defaults.DefaultSqlSession.selectList(DefaultSqlSession.java:122)
	at org.apache.ibatis.session.defaults.DefaultSqlSession.selectList(DefaultSqlSession.java:113)
	at org.activiti.engine.impl.db.DbSqlSession.selectListWithRawParameter(DbSqlSession.java:438)
	at org.activiti.engine.impl.db.DbSqlSession.selectList(DbSqlSession.java:429)
	at org.activiti.engine.impl.db.DbSqlSession.selectList(DbSqlSession.java:419)
	at org.activiti.engine.impl.persistence.entity.GroupEntityManager.findGroupByQueryCriteria(GroupEntityManager.java:90)
	at org.activiti.engine.impl.GroupQueryImpl.executeList(GroupQueryImpl.java:125)
	at org.activiti.engine.impl.AbstractQuery.execute(AbstractQuery.java:164)
	at org.activiti.engine.impl.interceptor.CommandInvoker.execute(CommandInvoker.java:24)
	at org.activiti.engine.impl.interceptor.CommandContextInterceptor.execute(CommandContextInterceptor.java:57)
	at org.activiti.engine.impl.interceptor.LogInterceptor.execute(LogInterceptor.java:37)
	at org.activiti.engine.impl.cfg.CommandExecutorImpl.execute(CommandExecutorImpl.java:40)
	at org.activiti.engine.impl.cfg.CommandExecutorImpl.execute(CommandExecutorImpl.java:35)
	at org.activiti.engine.impl.AbstractQuery.list(AbstractQuery.java:138)
	at org.activiti.engine.test.api.identity.GroupQueryTest.verifyQueryResults(GroupQueryTest.java:221)
	at org.activiti.engine.test.api.identity.GroupQueryTest.testQueryByNameLike(GroupQueryTest.java:113)
	at sun.reflect.NativeMethodAccessorImpl.invoke0(Native Method)
	at sun.reflect.NativeMethodAccessorImpl.invoke(NativeMethodAccessorImpl.java:62)
	at sun.reflect.DelegatingMethodAccessorImpl.invoke(DelegatingMethodAccessorImpl.java:43)
	at java.lang.reflect.Method.invoke(Method.java:498)
	at junit.framework.TestCase.runTest(TestCase.java:176)
	at org.activiti.engine.impl.test.PvmTestCase.runTest(PvmTestCase.java:65)
	at junit.framework.TestCase.runBare(TestCase.java:141)
	at org.activiti.engine.impl.test.AbstractActivitiTestCase.runBare(AbstractActivitiTestCase.java:100)
	at junit.framework.TestResult$1.protect(TestResult.java:122)
	at junit.framework.TestResult.runProtected(TestResult.java:142)
	at junit.framework.TestResult.run(TestResult.java:125)
	at junit.framework.TestCase.run(TestCase.java:129)
	at junit.framework.TestSuite.runTest(TestSuite.java:255)
	at junit.framework.TestSuite.run(TestSuite.java:250)
	at org.junit.internal.runners.JUnit38ClassRunner.run(JUnit38ClassRunner.java:84)
	at org.apache.maven.surefire.junit4.JUnit4TestSet.execute(JUnit4TestSet.java:35)
	at org.apache.maven.surefire.junit4.JUnit4Provider.executeTestSet(JUnit4Provider.java:146)
	at org.apache.maven.surefire.junit4.JUnit4Provider.invoke(JUnit4Provider.java:97)
	at sun.reflect.NativeMethodAccessorImpl.invoke0(Native Method)
	at sun.reflect.NativeMethodAccessorImpl.invoke(NativeMethodAccessorImpl.java:62)
	at sun.reflect.DelegatingMethodAccessorImpl.invoke(DelegatingMethodAccessorImpl.java:43)
	at java.lang.reflect.Method.invoke(Method.java:498)
	at org.apache.maven.surefire.booter.ProviderFactory$ClassLoaderProxy.invoke(ProviderFactory.java:103)
	at com.sun.proxy.$Proxy0.invoke(Unknown Source)
	at org.apache.maven.surefire.booter.SurefireStarter.invokeProvider(SurefireStarter.java:145)
	at org.apache.maven.surefire.booter.SurefireStarter.runSuitesInProcess(SurefireStarter.java:87)
	at org.apache.maven.surefire.booter.ForkedBooter.main(ForkedBooter.java:69)
Caused by: org.h2.jdbc.JdbcSQLException: Syntax error in SQL statement &quot;SELECT RES.* 
     
    FROM ACT_ID_GROUP RES
     
     WHERE  RES.NAME_ LIKE ? 
   
     ORDER BY  ORDER[*] BY RES.ID_ ASC  
    LIMIT ? OFFSET ? &quot;; expected &quot;=, NOT, EXISTS, INTERSECTS, SELECT, FROM&quot;; SQL statement:
select RES.* 
     
    from ACT_ID_GROUP RES
     
     WHERE  RES.NAME_ like ? 
   
     order by  order by RES.ID_ asc  
    LIMIT ? OFFSET ? [42001-176]
	at org.h2.message.DbException.getJdbcSQLException(DbException.java:344)
	at org.h2.message.DbException.getSyntaxError(DbException.java:204)
	at org.h2.command.Parser.getSyntaxError(Parser.java:524)
	at org.h2.command.Parser.readTerm(Parser.java:2688)
	at org.h2.command.Parser.readFactor(Parser.java:2244)
	at org.h2.command.Parser.readSum(Parser.java:2231)
	at org.h2.command.Parser.readConcat(Parser.java:2201)
	at org.h2.command.Parser.readCondition(Parser.java:2051)
	at org.h2.command.Parser.readAnd(Parser.java:2023)
	at org.h2.command.Parser.readExpression(Parser.java:2015)
	at org.h2.command.Parser.parseEndOfQuery(Parser.java:1726)
	at org.h2.command.Parser.parseSelectUnionExtension(Parser.java:1706)
	at org.h2.command.Parser.parseSelectUnion(Parser.java:1675)
	at org.h2.command.Parser.parseSelect(Parser.java:1662)
	at org.h2.command.Parser.parsePrepared(Parser.java:434)
	at org.h2.command.Parser.parse(Parser.java:306)
	at org.h2.command.Parser.parse(Parser.java:282)
	at org.h2.command.Parser.prepareCommand(Parser.java:243)
	at org.h2.engine.Session.prepareLocal(Session.java:442)
	at org.h2.engine.Session.prepareCommand(Session.java:384)
	at org.h2.jdbc.JdbcConnection.prepareCommand(JdbcConnection.java:1188)
	at org.h2.jdbc.JdbcPreparedStatement.&lt;init&gt;(JdbcPreparedStatement.java:73)
	at org.h2.jdbc.JdbcConnection.prepareStatement(JdbcConnection.java:276)
	at sun.reflect.GeneratedMethodAccessor6.invoke(Unknown Source)
	at sun.reflect.DelegatingMethodAccessorImpl.invoke(DelegatingMethodAccessorImpl.java:43)
	at java.lang.reflect.Method.invoke(Method.java:498)
	at org.apache.ibatis.datasource.pooled.PooledConnection.invoke(PooledConnection.java:245)
	at com.sun.proxy.$Proxy12.prepareStatement(Unknown Source)
	at sun.reflect.GeneratedMethodAccessor6.invoke(Unknown Source)
	at sun.reflect.DelegatingMethodAccessorImpl.invoke(DelegatingMethodAccessorImpl.java:43)
	at java.lang.reflect.Method.invoke(Method.java:498)
	at org.apache.ibatis.logging.jdbc.ConnectionLogger.invoke(ConnectionLogger.java:55)
	at com.sun.proxy.$Proxy12.prepareStatement(Unknown Source)
	at org.apache.ibatis.executor.statement.PreparedStatementHandler.instantiateStatement(PreparedStatementHandler.java:79)
	at org.apache.ibatis.executor.statement.BaseStatementHandler.prepare(BaseStatementHandler.java:88)
	at org.apache.ibatis.executor.statement.RoutingStatementHandler.prepare(RoutingStatementHandler.java:58)
	at org.apache.ibatis.executor.SimpleExecutor.prepareStatement(SimpleExecutor.java:76)
	at org.apache.ibatis.executor.SimpleExecutor.doQuery(SimpleExecutor.java:61)
	at org.apache.ibatis.executor.BaseExecutor.queryFromDatabase(BaseExecutor.java:303)
	at org.apache.ibatis.executor.BaseExecutor.query(BaseExecutor.java:154)
	at org.apache.ibatis.executor.CachingExecutor.query(CachingExecutor.java:102)
	at org.apache.ibatis.executor.CachingExecutor.query(CachingExecutor.java:82)
	at org.apache.ibatis.session.defaults.DefaultSqlSession.selectList(DefaultSqlSession.java:120)
	... 42 more
10:44:56,498 [main] DEBUG org.activiti.engine.impl.test.PvmTestCase  - verifying that db is clean after test
10:44:56,498 [main] DEBUG org.activiti.engine.impl.interceptor.LogInterceptor  - 

10:44:56,498 [main] DEBUG org.activiti.engine.impl.interceptor.LogInterceptor  - --- starting GetTableCountCmd --------------------------------------------------------
10:44:56,498 [main] DEBUG org.apache.ibatis.transaction.jdbc.JdbcTransaction  - Opening JDBC Connection
10:44:56,498 [main] DEBUG org.apache.ibatis.datasource.pooled.PooledDataSource  - Checked out connection 180014677 from pool.
10:44:56,498 [main] DEBUG org.apache.ibatis.transaction.jdbc.JdbcTransaction  - Setting autocommit to false on JDBC Connection [conn3: url=jdbc:h2:mem:activiti user=SA]
10:44:56,498 [main] DEBUG org.activiti.engine.impl.persistence.entity.TableDataManager  - retrieving activiti tables from jdbc metadata
10:44:56,498 [main] DEBUG org.activiti.engine.impl.persistence.entity.TableDataManager  -   retrieved activiti table name ACT_EVT_LOG
10:44:56,498 [main] DEBUG org.activiti.engine.impl.persistence.entity.TableDataManager  -   retrieved activiti table name ACT_GE_BYTEARRAY
10:44:56,498 [main] DEBUG org.activiti.engine.impl.persistence.entity.TableDataManager  -   retrieved activiti table name ACT_GE_PROPERTY
10:44:56,498 [main] DEBUG org.activiti.engine.impl.persistence.entity.TableDataManager  -   retrieved activiti table name ACT_HI_ACTINST
10:44:56,498 [main] DEBUG org.activiti.engine.impl.persistence.entity.TableDataManager  -   retrieved activiti table name ACT_HI_ATTACHMENT
10:44:56,498 [main] DEBUG org.activiti.engine.impl.persistence.entity.TableDataManager  -   retrieved activiti table name ACT_HI_COMMENT
10:44:56,498 [main] DEBUG org.activiti.engine.impl.persistence.entity.TableDataManager  -   retrieved activiti table name ACT_HI_DETAIL
10:44:56,498 [main] DEBUG org.activiti.engine.impl.persistence.entity.TableDataManager  -   retrieved activiti table name ACT_HI_IDENTITYLINK
10:44:56,498 [main] DEBUG org.activiti.engine.impl.persistence.entity.TableDataManager  -   retrieved activiti table name ACT_HI_PROCINST
10:44:56,498 [main] DEBUG org.activiti.engine.impl.persistence.entity.TableDataManager  -   retrieved activiti table name ACT_HI_TASKINST
10:44:56,498 [main] DEBUG org.activiti.engine.impl.persistence.entity.TableDataManager  -   retrieved activiti table name ACT_HI_VARINST
10:44:56,498 [main] DEBUG org.activiti.engine.impl.persistence.entity.TableDataManager  -   retrieved activiti table name ACT_ID_GROUP
10:44:56,498 [main] DEBUG org.activiti.engine.impl.persistence.entity.TableDataManager  -   retrieved activiti table name ACT_ID_INFO
10:44:56,498 [main] DEBUG org.activiti.engine.impl.persistence.entity.TableDataManager  -   retrieved activiti table name ACT_ID_MEMBERSHIP
10:44:56,498 [main] DEBUG org.activiti.engine.impl.persistence.entity.TableDataManager  -   retrieved activiti table name ACT_ID_USER
10:44:56,498 [main] DEBUG org.activiti.engine.impl.persistence.entity.TableDataManager  -   retrieved activiti table name ACT_PROCDEF_INFO
10:44:56,498 [main] DEBUG org.activiti.engine.impl.persistence.entity.TableDataManager  -   retrieved activiti table name ACT_RE_DEPLOYMENT
10:44:56,498 [main] DEBUG org.activiti.engine.impl.persistence.entity.TableDataManager  -   retrieved activiti table name ACT_RE_MODEL
10:44:56,498 [main] DEBUG org.activiti.engine.impl.persistence.entity.TableDataManager  -   retrieved activiti table name ACT_RE_PROCDEF
10:44:56,498 [main] DEBUG org.activiti.engine.impl.persistence.entity.TableDataManager  -   retrieved activiti table name ACT_RU_EVENT_SUBSCR
10:44:56,498 [main] DEBUG org.activiti.engine.impl.persistence.entity.TableDataManager  -   retrieved activiti table name ACT_RU_EXECUTION
10:44:56,498 [main] DEBUG org.activiti.engine.impl.persistence.entity.TableDataManager  -   retrieved activiti table name ACT_RU_IDENTITYLINK
10:44:56,498 [main] DEBUG org.activiti.engine.impl.persistence.entity.TableDataManager  -   retrieved activiti table name ACT_RU_JOB
10:44:56,498 [main] DEBUG org.activiti.engine.impl.persistence.entity.TableDataManager  -   retrieved activiti table name ACT_RU_TASK
10:44:56,498 [main] DEBUG org.activiti.engine.impl.persistence.entity.TableDataManager  -   retrieved activiti table name ACT_RU_VARIABLE
10:44:56,498 [main] DEBUG org.activiti.engine.impl.persistence.entity.TableDataManager  - selecting table count for ACT_EVT_LOG
10:44:56,498 [main] DEBUG org.activiti.engine.impl.TablePageMap.selectTableCount  - ==&gt;  Preparing: select count(*) from ACT_EVT_LOG 
10:44:56,498 [main] DEBUG org.activiti.engine.impl.TablePageMap.selectTableCount  - ==&gt; Parameters: 
10:44:56,498 [main] DEBUG org.activiti.engine.impl.TablePageMap.selectTableCount  - &lt;==      Total: 1
10:44:56,498 [main] DEBUG org.activiti.engine.impl.persistence.entity.TableDataManager  - selecting table count for ACT_GE_BYTEARRAY
10:44:56,498 [main] DEBUG org.activiti.engine.impl.TablePageMap.selectTableCount  - ==&gt;  Preparing: select count(*) from ACT_GE_BYTEARRAY 
10:44:56,498 [main] DEBUG org.activiti.engine.impl.TablePageMap.selectTableCount  - ==&gt; Parameters: 
10:44:56,498 [main] DEBUG org.activiti.engine.impl.TablePageMap.selectTableCount  - &lt;==      Total: 1
10:44:56,498 [main] DEBUG org.activiti.engine.impl.persistence.entity.TableDataManager  - selecting table count for ACT_GE_PROPERTY
10:44:56,498 [main] DEBUG org.activiti.engine.impl.TablePageMap.selectTableCount  - ==&gt;  Preparing: select count(*) from ACT_GE_PROPERTY 
10:44:56,498 [main] DEBUG org.activiti.engine.impl.TablePageMap.selectTableCount  - ==&gt; Parameters: 
10:44:56,498 [main] DEBUG org.activiti.engine.impl.TablePageMap.selectTableCount  - &lt;==      Total: 1
10:44:56,498 [main] DEBUG org.activiti.engine.impl.persistence.entity.TableDataManager  - selecting table count for ACT_HI_ACTINST
10:44:56,499 [main] DEBUG org.activiti.engine.impl.TablePageMap.selectTableCount  - ==&gt;  Preparing: select count(*) from ACT_HI_ACTINST 
10:44:56,499 [main] DEBUG org.activiti.engine.impl.TablePageMap.selectTableCount  - ==&gt; Parameters: 
10:44:56,499 [main] DEBUG org.activiti.engine.impl.TablePageMap.selectTableCount  - &lt;==      Total: 1
10:44:56,499 [main] DEBUG org.activiti.engine.impl.persistence.entity.TableDataManager  - selecting table count for ACT_HI_ATTACHMENT
10:44:56,499 [main] DEBUG org.activiti.engine.impl.TablePageMap.selectTableCount  - ==&gt;  Preparing: select count(*) from ACT_HI_ATTACHMENT 
10:44:56,499 [main] DEBUG org.activiti.engine.impl.TablePageMap.selectTableCount  - ==&gt; Parameters: 
10:44:56,499 [main] DEBUG org.activiti.engine.impl.TablePageMap.selectTableCount  - &lt;==      Total: 1
10:44:56,499 [main] DEBUG org.activiti.engine.impl.persistence.entity.TableDataManager  - selecting table count for ACT_HI_COMMENT
10:44:56,499 [main] DEBUG org.activiti.engine.impl.TablePageMap.selectTableCount  - ==&gt;  Preparing: select count(*) from ACT_HI_COMMENT 
10:44:56,499 [main] DEBUG org.activiti.engine.impl.TablePageMap.selectTableCount  - ==&gt; Parameters: 
10:44:56,499 [main] DEBUG org.activiti.engine.impl.TablePageMap.selectTableCount  - &lt;==      Total: 1
10:44:56,499 [main] DEBUG org.activiti.engine.impl.persistence.entity.TableDataManager  - selecting table count for ACT_HI_DETAIL
10:44:56,499 [main] DEBUG org.activiti.engine.impl.TablePageMap.selectTableCount  - ==&gt;  Preparing: select count(*) from ACT_HI_DETAIL 
10:44:56,499 [main] DEBUG org.activiti.engine.impl.TablePageMap.selectTableCount  - ==&gt; Parameters: 
10:44:56,499 [main] DEBUG org.activiti.engine.impl.TablePageMap.selectTableCount  - &lt;==      Total: 1
10:44:56,499 [main] DEBUG org.activiti.engine.impl.persistence.entity.TableDataManager  - selecting table count for ACT_HI_IDENTITYLINK
10:44:56,499 [main] DEBUG org.activiti.engine.impl.TablePageMap.selectTableCount  - ==&gt;  Preparing: select count(*) from ACT_HI_IDENTITYLINK 
10:44:56,499 [main] DEBUG org.activiti.engine.impl.TablePageMap.selectTableCount  - ==&gt; Parameters: 
10:44:56,499 [main] DEBUG org.activiti.engine.impl.TablePageMap.selectTableCount  - &lt;==      Total: 1
10:44:56,499 [main] DEBUG org.activiti.engine.impl.persistence.entity.TableDataManager  - selecting table count for ACT_HI_PROCINST
10:44:56,499 [main] DEBUG org.activiti.engine.impl.TablePageMap.selectTableCount  - ==&gt;  Preparing: select count(*) from ACT_HI_PROCINST 
10:44:56,499 [main] DEBUG org.activiti.engine.impl.TablePageMap.selectTableCount  - ==&gt; Parameters: 
10:44:56,499 [main] DEBUG org.activiti.engine.impl.TablePageMap.selectTableCount  - &lt;==      Total: 1
10:44:56,499 [main] DEBUG org.activiti.engine.impl.persistence.entity.TableDataManager  - selecting table count for ACT_HI_TASKINST
10:44:56,499 [main] DEBUG org.activiti.engine.impl.TablePageMap.selectTableCount  - ==&gt;  Preparing: select count(*) from ACT_HI_TASKINST 
10:44:56,499 [main] DEBUG org.activiti.engine.impl.TablePageMap.selectTableCount  - ==&gt; Parameters: 
10:44:56,499 [main] DEBUG org.activiti.engine.impl.TablePageMap.selectTableCount  - &lt;==      Total: 1
10:44:56,499 [main] DEBUG org.activiti.engine.impl.persistence.entity.TableDataManager  - selecting table count for ACT_HI_VARINST
10:44:56,499 [main] DEBUG org.activiti.engine.impl.TablePageMap.selectTableCount  - ==&gt;  Preparing: select count(*) from ACT_HI_VARINST 
10:44:56,499 [main] DEBUG org.activiti.engine.impl.TablePageMap.selectTableCount  - ==&gt; Parameters: 
10:44:56,499 [main] DEBUG org.activiti.engine.impl.TablePageMap.selectTableCount  - &lt;==      Total: 1
10:44:56,499 [main] DEBUG org.activiti.engine.impl.persistence.entity.TableDataManager  - selecting table count for ACT_ID_GROUP
10:44:56,499 [main] DEBUG org.activiti.engine.impl.TablePageMap.selectTableCount  - ==&gt;  Preparing: select count(*) from ACT_ID_GROUP 
10:44:56,499 [main] DEBUG org.activiti.engine.impl.TablePageMap.selectTableCount  - ==&gt; Parameters: 
10:44:56,499 [main] DEBUG org.activiti.engine.impl.TablePageMap.selectTableCount  - &lt;==      Total: 1
10:44:56,499 [main] DEBUG org.activiti.engine.impl.persistence.entity.TableDataManager  - selecting table count for ACT_ID_INFO
10:44:56,499 [main] DEBUG org.activiti.engine.impl.TablePageMap.selectTableCount  - ==&gt;  Preparing: select count(*) from ACT_ID_INFO 
10:44:56,499 [main] DEBUG org.activiti.engine.impl.TablePageMap.selectTableCount  - ==&gt; Parameters: 
10:44:56,499 [main] DEBUG org.activiti.engine.impl.TablePageMap.selectTableCount  - &lt;==      Total: 1
10:44:56,499 [main] DEBUG org.activiti.engine.impl.persistence.entity.TableDataManager  - selecting table count for ACT_ID_MEMBERSHIP
10:44:56,499 [main] DEBUG org.activiti.engine.impl.TablePageMap.selectTableCount  - ==&gt;  Preparing: select count(*) from ACT_ID_MEMBERSHIP 
10:44:56,499 [main] DEBUG org.activiti.engine.impl.TablePageMap.selectTableCount  - ==&gt; Parameters: 
10:44:56,499 [main] DEBUG org.activiti.engine.impl.TablePageMap.selectTableCount  - &lt;==      Total: 1
10:44:56,499 [main] DEBUG org.activiti.engine.impl.persistence.entity.TableDataManager  - selecting table count for ACT_ID_USER
10:44:56,499 [main] DEBUG org.activiti.engine.impl.TablePageMap.selectTableCount  - ==&gt;  Preparing: select count(*) from ACT_ID_USER 
10:44:56,499 [main] DEBUG org.activiti.engine.impl.TablePageMap.selectTableCount  - ==&gt; Parameters: 
10:44:56,499 [main] DEBUG org.activiti.engine.impl.TablePageMap.selectTableCount  - &lt;==      Total: 1
10:44:56,499 [main] DEBUG org.activiti.engine.impl.persistence.entity.TableDataManager  - selecting table count for ACT_PROCDEF_INFO
10:44:56,499 [main] DEBUG org.activiti.engine.impl.TablePageMap.selectTableCount  - ==&gt;  Preparing: select count(*) from ACT_PROCDEF_INFO 
10:44:56,499 [main] DEBUG org.activiti.engine.impl.TablePageMap.selectTableCount  - ==&gt; Parameters: 
10:44:56,499 [main] DEBUG org.activiti.engine.impl.TablePageMap.selectTableCount  - &lt;==      Total: 1
10:44:56,499 [main] DEBUG org.activiti.engine.impl.persistence.entity.TableDataManager  - selecting table count for ACT_RE_DEPLOYMENT
10:44:56,499 [main] DEBUG org.activiti.engine.impl.TablePageMap.selectTableCount  - ==&gt;  Preparing: select count(*) from ACT_RE_DEPLOYMENT 
10:44:56,499 [main] DEBUG org.activiti.engine.impl.TablePageMap.selectTableCount  - ==&gt; Parameters: 
10:44:56,499 [main] DEBUG org.activiti.engine.impl.TablePageMap.selectTableCount  - &lt;==      Total: 1
10:44:56,499 [main] DEBUG org.activiti.engine.impl.persistence.entity.TableDataManager  - selecting table count for ACT_RE_MODEL
10:44:56,499 [main] DEBUG org.activiti.engine.impl.TablePageMap.selectTableCount  - ==&gt;  Preparing: select count(*) from ACT_RE_MODEL 
10:44:56,499 [main] DEBUG org.activiti.engine.impl.TablePageMap.selectTableCount  - ==&gt; Parameters: 
10:44:56,499 [main] DEBUG org.activiti.engine.impl.TablePageMap.selectTableCount  - &lt;==      Total: 1
10:44:56,499 [main] DEBUG org.activiti.engine.impl.persistence.entity.TableDataManager  - selecting table count for ACT_RE_PROCDEF
10:44:56,499 [main] DEBUG org.activiti.engine.impl.TablePageMap.selectTableCount  - ==&gt;  Preparing: select count(*) from ACT_RE_PROCDEF 
10:44:56,499 [main] DEBUG org.activiti.engine.impl.TablePageMap.selectTableCount  - ==&gt; Parameters: 
10:44:56,499 [main] DEBUG org.activiti.engine.impl.TablePageMap.selectTableCount  - &lt;==      Total: 1
10:44:56,499 [main] DEBUG org.activiti.engine.impl.persistence.entity.TableDataManager  - selecting table count for ACT_RU_EVENT_SUBSCR
10:44:56,499 [main] DEBUG org.activiti.engine.impl.TablePageMap.selectTableCount  - ==&gt;  Preparing: select count(*) from ACT_RU_EVENT_SUBSCR 
10:44:56,499 [main] DEBUG org.activiti.engine.impl.TablePageMap.selectTableCount  - ==&gt; Parameters: 
10:44:56,499 [main] DEBUG org.activiti.engine.impl.TablePageMap.selectTableCount  - &lt;==      Total: 1
10:44:56,499 [main] DEBUG org.activiti.engine.impl.persistence.entity.TableDataManager  - selecting table count for ACT_RU_EXECUTION
10:44:56,499 [main] DEBUG org.activiti.engine.impl.TablePageMap.selectTableCount  - ==&gt;  Preparing: select count(*) from ACT_RU_EXECUTION 
10:44:56,499 [main] DEBUG org.activiti.engine.impl.TablePageMap.selectTableCount  - ==&gt; Parameters: 
10:44:56,499 [main] DEBUG org.activiti.engine.impl.TablePageMap.selectTableCount  - &lt;==      Total: 1
10:44:56,499 [main] DEBUG org.activiti.engine.impl.persistence.entity.TableDataManager  - selecting table count for ACT_RU_IDENTITYLINK
10:44:56,499 [main] DEBUG org.activiti.engine.impl.TablePageMap.selectTableCount  - ==&gt;  Preparing: select count(*) from ACT_RU_IDENTITYLINK 
10:44:56,499 [main] DEBUG org.activiti.engine.impl.TablePageMap.selectTableCount  - ==&gt; Parameters: 
10:44:56,499 [main] DEBUG org.activiti.engine.impl.TablePageMap.selectTableCount  - &lt;==      Total: 1
10:44:56,499 [main] DEBUG org.activiti.engine.impl.persistence.entity.TableDataManager  - selecting table count for ACT_RU_JOB
10:44:56,499 [main] DEBUG org.activiti.engine.impl.TablePageMap.selectTableCount  - ==&gt;  Preparing: select count(*) from ACT_RU_JOB 
10:44:56,499 [main] DEBUG org.activiti.engine.impl.TablePageMap.selectTableCount  - ==&gt; Parameters: 
10:44:56,499 [main] DEBUG org.activiti.engine.impl.TablePageMap.selectTableCount  - &lt;==      Total: 1
10:44:56,499 [main] DEBUG org.activiti.engine.impl.persistence.entity.TableDataManager  - selecting table count for ACT_RU_TASK
10:44:56,499 [main] DEBUG org.activiti.engine.impl.TablePageMap.selectTableCount  - ==&gt;  Preparing: select count(*) from ACT_RU_TASK 
10:44:56,499 [main] DEBUG org.activiti.engine.impl.TablePageMap.selectTableCount  - ==&gt; Parameters: 
10:44:56,499 [main] DEBUG org.activiti.engine.impl.TablePageMap.selectTableCount  - &lt;==      Total: 1
10:44:56,499 [main] DEBUG org.activiti.engine.impl.persistence.entity.TableDataManager  - selecting table count for ACT_RU_VARIABLE
10:44:56,500 [main] DEBUG org.activiti.engine.impl.TablePageMap.selectTableCount  - ==&gt;  Preparing: select count(*) from ACT_RU_VARIABLE 
10:44:56,500 [main] DEBUG org.activiti.engine.impl.TablePageMap.selectTableCount  - ==&gt; Parameters: 
10:44:56,500 [main] DEBUG org.activiti.engine.impl.TablePageMap.selectTableCount  - &lt;==      Total: 1
10:44:56,500 [main] DEBUG org.activiti.engine.impl.persistence.entity.TableDataManager  - Number of rows per activiti table: {ACT_RU_EVENT_SUBSCR=0, ACT_ID_USER=0, ACT_HI_ATTACHMENT=0, ACT_GE_BYTEARRAY=0, ACT_RE_MODEL=0, ACT_RU_VARIABLE=0, ACT_RU_TASK=0, ACT_RE_DEPLOYMENT=0, ACT_RE_PROCDEF=0, ACT_ID_GROUP=0, ACT_HI_VARINST=0, ACT_HI_COMMENT=0, ACT_HI_PROCINST=0, ACT_ID_INFO=0, ACT_ID_MEMBERSHIP=0, ACT_RU_JOB=0, ACT_PROCDEF_INFO=0, ACT_HI_ACTINST=0, ACT_RU_EXECUTION=0, ACT_HI_TASKINST=0, ACT_HI_DETAIL=0, ACT_EVT_LOG=0, ACT_HI_IDENTITYLINK=0, ACT_RU_IDENTITYLINK=0, ACT_GE_PROPERTY=3}
10:44:56,500 [main] DEBUG org.activiti.engine.impl.db.DbSqlSession  - flush summary: 0 insert, 0 update, 0 delete.
10:44:56,500 [main] DEBUG org.activiti.engine.impl.db.DbSqlSession  - now executing flush...
10:44:56,500 [main] DEBUG org.activiti.engine.impl.cfg.standalone.StandaloneMybatisTransactionContext  - firing event committing...
10:44:56,500 [main] DEBUG org.activiti.engine.impl.cfg.standalone.StandaloneMybatisTransactionContext  - committing the ibatis sql session...
10:44:56,500 [main] DEBUG org.activiti.engine.impl.cfg.standalone.StandaloneMybatisTransactionContext  - firing event committed...
10:44:56,500 [main] DEBUG org.apache.ibatis.transaction.jdbc.JdbcTransaction  - Resetting autocommit to true on JDBC Connection [conn3: url=jdbc:h2:mem:activiti user=SA]
10:44:56,500 [main] DEBUG org.apache.ibatis.transaction.jdbc.JdbcTransaction  - Closing JDBC Connection [conn3: url=jdbc:h2:mem:activiti user=SA]
10:44:56,500 [main] DEBUG org.apache.ibatis.datasource.pooled.PooledDataSource  - Returned connection 180014677 to pool.
10:44:56,500 [main] DEBUG org.activiti.engine.impl.interceptor.LogInterceptor  - --- GetTableCountCmd finished --------------------------------------------------------
10:44:56,500 [main] DEBUG org.activiti.engine.impl.interceptor.LogInterceptor  - 

10:44:56,500 [main] INFO  org.activiti.engine.impl.test.PvmTestCase  - database was clean
</system-out>
  </testcase>
  <testcase classname="org.activiti.engine.test.api.identity.GroupQueryTest" name="testQueryByInvalidName" time="0.009">
    <error message="
### Error querying database.  Cause: org.h2.jdbc.JdbcSQLException: Syntax error in SQL statement &quot;SELECT RES.* 
     
    FROM ACT_ID_GROUP RES
     
     WHERE  RES.NAME_ = ? 
   
     ORDER BY  ORDER[*] BY RES.ID_ ASC  
    LIMIT ? OFFSET ? &quot;; expected &quot;=, NOT, EXISTS, INTERSECTS, SELECT, FROM&quot;; SQL statement:
select RES.* 
     
    from ACT_ID_GROUP RES
     
     WHERE  RES.NAME_ = ? 
   
     order by  order by RES.ID_ asc  
    LIMIT ? OFFSET ? [42001-176]
### The error may exist in org/activiti/db/mapping/entity/Group.xml
### The error may involve org.activiti.engine.impl.persistence.entity.GroupEntity.selectGroupByQueryCriteria
### The error occurred while executing a query
### SQL: select RES.*            from ACT_ID_GROUP RES            WHERE  RES.NAME_ = ?           order by  order by RES.ID_ asc       LIMIT ? OFFSET ?
### Cause: org.h2.jdbc.JdbcSQLException: Syntax error in SQL statement &quot;SELECT RES.* 
     
    FROM ACT_ID_GROUP RES
     
     WHERE  RES.NAME_ = ? 
   
     ORDER BY  ORDER[*] BY RES.ID_ ASC  
    LIMIT ? OFFSET ? &quot;; expected &quot;=, NOT, EXISTS, INTERSECTS, SELECT, FROM&quot;; SQL statement:
select RES.* 
     
    from ACT_ID_GROUP RES
     
     WHERE  RES.NAME_ = ? 
   
     order by  order by RES.ID_ asc  
    LIMIT ? OFFSET ? [42001-176]" type="org.apache.ibatis.exceptions.PersistenceException">org.apache.ibatis.exceptions.PersistenceException: 
### Error querying database.  Cause: org.h2.jdbc.JdbcSQLException: Syntax error in SQL statement &quot;SELECT RES.* 
     
    FROM ACT_ID_GROUP RES
     
     WHERE  RES.NAME_ = ? 
   
     ORDER BY  ORDER[*] BY RES.ID_ ASC  
    LIMIT ? OFFSET ? &quot;; expected &quot;=, NOT, EXISTS, INTERSECTS, SELECT, FROM&quot;; SQL statement:
select RES.* 
     
    from ACT_ID_GROUP RES
     
     WHERE  RES.NAME_ = ? 
   
     order by  order by RES.ID_ asc  
    LIMIT ? OFFSET ? [42001-176]
### The error may exist in org/activiti/db/mapping/entity/Group.xml
### The error may involve org.activiti.engine.impl.persistence.entity.GroupEntity.selectGroupByQueryCriteria
### The error occurred while executing a query
### SQL: select RES.*            from ACT_ID_GROUP RES            WHERE  RES.NAME_ = ?           order by  order by RES.ID_ asc       LIMIT ? OFFSET ?
### Cause: org.h2.jdbc.JdbcSQLException: Syntax error in SQL statement &quot;SELECT RES.* 
     
    FROM ACT_ID_GROUP RES
     
     WHERE  RES.NAME_ = ? 
   
     ORDER BY  ORDER[*] BY RES.ID_ ASC  
    LIMIT ? OFFSET ? &quot;; expected &quot;=, NOT, EXISTS, INTERSECTS, SELECT, FROM&quot;; SQL statement:
select RES.* 
     
    from ACT_ID_GROUP RES
     
     WHERE  RES.NAME_ = ? 
   
     order by  order by RES.ID_ asc  
    LIMIT ? OFFSET ? [42001-176]
	at org.apache.ibatis.exceptions.ExceptionFactory.wrapException(ExceptionFactory.java:30)
	at org.apache.ibatis.session.defaults.DefaultSqlSession.selectList(DefaultSqlSession.java:122)
	at org.apache.ibatis.session.defaults.DefaultSqlSession.selectList(DefaultSqlSession.java:113)
	at org.activiti.engine.impl.db.DbSqlSession.selectListWithRawParameter(DbSqlSession.java:438)
	at org.activiti.engine.impl.db.DbSqlSession.selectList(DbSqlSession.java:429)
	at org.activiti.engine.impl.db.DbSqlSession.selectList(DbSqlSession.java:419)
	at org.activiti.engine.impl.persistence.entity.GroupEntityManager.findGroupByQueryCriteria(GroupEntityManager.java:90)
	at org.activiti.engine.impl.GroupQueryImpl.executeList(GroupQueryImpl.java:125)
	at org.activiti.engine.impl.AbstractQuery.execute(AbstractQuery.java:164)
	at org.activiti.engine.impl.interceptor.CommandInvoker.execute(CommandInvoker.java:24)
	at org.activiti.engine.impl.interceptor.CommandContextInterceptor.execute(CommandContextInterceptor.java:57)
	at org.activiti.engine.impl.interceptor.LogInterceptor.execute(LogInterceptor.java:37)
	at org.activiti.engine.impl.cfg.CommandExecutorImpl.execute(CommandExecutorImpl.java:40)
	at org.activiti.engine.impl.cfg.CommandExecutorImpl.execute(CommandExecutorImpl.java:35)
	at org.activiti.engine.impl.AbstractQuery.list(AbstractQuery.java:138)
	at org.activiti.engine.test.api.identity.GroupQueryTest.verifyQueryResults(GroupQueryTest.java:221)
	at org.activiti.engine.test.api.identity.GroupQueryTest.testQueryByInvalidName(GroupQueryTest.java:103)
	at sun.reflect.NativeMethodAccessorImpl.invoke0(Native Method)
	at sun.reflect.NativeMethodAccessorImpl.invoke(NativeMethodAccessorImpl.java:62)
	at sun.reflect.DelegatingMethodAccessorImpl.invoke(DelegatingMethodAccessorImpl.java:43)
	at java.lang.reflect.Method.invoke(Method.java:498)
	at junit.framework.TestCase.runTest(TestCase.java:176)
	at org.activiti.engine.impl.test.PvmTestCase.runTest(PvmTestCase.java:65)
	at junit.framework.TestCase.runBare(TestCase.java:141)
	at org.activiti.engine.impl.test.AbstractActivitiTestCase.runBare(AbstractActivitiTestCase.java:100)
	at junit.framework.TestResult$1.protect(TestResult.java:122)
	at junit.framework.TestResult.runProtected(TestResult.java:142)
	at junit.framework.TestResult.run(TestResult.java:125)
	at junit.framework.TestCase.run(TestCase.java:129)
	at junit.framework.TestSuite.runTest(TestSuite.java:255)
	at junit.framework.TestSuite.run(TestSuite.java:250)
	at org.junit.internal.runners.JUnit38ClassRunner.run(JUnit38ClassRunner.java:84)
	at org.apache.maven.surefire.junit4.JUnit4TestSet.execute(JUnit4TestSet.java:35)
	at org.apache.maven.surefire.junit4.JUnit4Provider.executeTestSet(JUnit4Provider.java:146)
	at org.apache.maven.surefire.junit4.JUnit4Provider.invoke(JUnit4Provider.java:97)
	at sun.reflect.NativeMethodAccessorImpl.invoke0(Native Method)
	at sun.reflect.NativeMethodAccessorImpl.invoke(NativeMethodAccessorImpl.java:62)
	at sun.reflect.DelegatingMethodAccessorImpl.invoke(DelegatingMethodAccessorImpl.java:43)
	at java.lang.reflect.Method.invoke(Method.java:498)
	at org.apache.maven.surefire.booter.ProviderFactory$ClassLoaderProxy.invoke(ProviderFactory.java:103)
	at com.sun.proxy.$Proxy0.invoke(Unknown Source)
	at org.apache.maven.surefire.booter.SurefireStarter.invokeProvider(SurefireStarter.java:145)
	at org.apache.maven.surefire.booter.SurefireStarter.runSuitesInProcess(SurefireStarter.java:87)
	at org.apache.maven.surefire.booter.ForkedBooter.main(ForkedBooter.java:69)
Caused by: org.h2.jdbc.JdbcSQLException: Syntax error in SQL statement &quot;SELECT RES.* 
     
    FROM ACT_ID_GROUP RES
     
     WHERE  RES.NAME_ = ? 
   
     ORDER BY  ORDER[*] BY RES.ID_ ASC  
    LIMIT ? OFFSET ? &quot;; expected &quot;=, NOT, EXISTS, INTERSECTS, SELECT, FROM&quot;; SQL statement:
select RES.* 
     
    from ACT_ID_GROUP RES
     
     WHERE  RES.NAME_ = ? 
   
     order by  order by RES.ID_ asc  
    LIMIT ? OFFSET ? [42001-176]
	at org.h2.message.DbException.getJdbcSQLException(DbException.java:344)
	at org.h2.message.DbException.getSyntaxError(DbException.java:204)
	at org.h2.command.Parser.getSyntaxError(Parser.java:524)
	at org.h2.command.Parser.readTerm(Parser.java:2688)
	at org.h2.command.Parser.readFactor(Parser.java:2244)
	at org.h2.command.Parser.readSum(Parser.java:2231)
	at org.h2.command.Parser.readConcat(Parser.java:2201)
	at org.h2.command.Parser.readCondition(Parser.java:2051)
	at org.h2.command.Parser.readAnd(Parser.java:2023)
	at org.h2.command.Parser.readExpression(Parser.java:2015)
	at org.h2.command.Parser.parseEndOfQuery(Parser.java:1726)
	at org.h2.command.Parser.parseSelectUnionExtension(Parser.java:1706)
	at org.h2.command.Parser.parseSelectUnion(Parser.java:1675)
	at org.h2.command.Parser.parseSelect(Parser.java:1662)
	at org.h2.command.Parser.parsePrepared(Parser.java:434)
	at org.h2.command.Parser.parse(Parser.java:306)
	at org.h2.command.Parser.parse(Parser.java:282)
	at org.h2.command.Parser.prepareCommand(Parser.java:243)
	at org.h2.engine.Session.prepareLocal(Session.java:442)
	at org.h2.engine.Session.prepareCommand(Session.java:384)
	at org.h2.jdbc.JdbcConnection.prepareCommand(JdbcConnection.java:1188)
	at org.h2.jdbc.JdbcPreparedStatement.&lt;init&gt;(JdbcPreparedStatement.java:73)
	at org.h2.jdbc.JdbcConnection.prepareStatement(JdbcConnection.java:276)
	at sun.reflect.GeneratedMethodAccessor6.invoke(Unknown Source)
	at sun.reflect.DelegatingMethodAccessorImpl.invoke(DelegatingMethodAccessorImpl.java:43)
	at java.lang.reflect.Method.invoke(Method.java:498)
	at org.apache.ibatis.datasource.pooled.PooledConnection.invoke(PooledConnection.java:245)
	at com.sun.proxy.$Proxy12.prepareStatement(Unknown Source)
	at sun.reflect.GeneratedMethodAccessor6.invoke(Unknown Source)
	at sun.reflect.DelegatingMethodAccessorImpl.invoke(DelegatingMethodAccessorImpl.java:43)
	at java.lang.reflect.Method.invoke(Method.java:498)
	at org.apache.ibatis.logging.jdbc.ConnectionLogger.invoke(ConnectionLogger.java:55)
	at com.sun.proxy.$Proxy12.prepareStatement(Unknown Source)
	at org.apache.ibatis.executor.statement.PreparedStatementHandler.instantiateStatement(PreparedStatementHandler.java:79)
	at org.apache.ibatis.executor.statement.BaseStatementHandler.prepare(BaseStatementHandler.java:88)
	at org.apache.ibatis.executor.statement.RoutingStatementHandler.prepare(RoutingStatementHandler.java:58)
	at org.apache.ibatis.executor.SimpleExecutor.prepareStatement(SimpleExecutor.java:76)
	at org.apache.ibatis.executor.SimpleExecutor.doQuery(SimpleExecutor.java:61)
	at org.apache.ibatis.executor.BaseExecutor.queryFromDatabase(BaseExecutor.java:303)
	at org.apache.ibatis.executor.BaseExecutor.query(BaseExecutor.java:154)
	at org.apache.ibatis.executor.CachingExecutor.query(CachingExecutor.java:102)
	at org.apache.ibatis.executor.CachingExecutor.query(CachingExecutor.java:82)
	at org.apache.ibatis.session.defaults.DefaultSqlSession.selectList(DefaultSqlSession.java:120)
	... 42 more
</error>
    <system-out>10:44:56,501 [main] DEBUG org.activiti.engine.impl.interceptor.LogInterceptor  - 

10:44:56,501 [main] DEBUG org.activiti.engine.impl.interceptor.LogInterceptor  - --- starting CreateGroupCmd --------------------------------------------------------
10:44:56,501 [main] DEBUG org.activiti.engine.impl.cfg.standalone.StandaloneMybatisTransactionContext  - firing event committing...
10:44:56,501 [main] DEBUG org.activiti.engine.impl.cfg.standalone.StandaloneMybatisTransactionContext  - committing the ibatis sql session...
10:44:56,501 [main] DEBUG org.activiti.engine.impl.cfg.standalone.StandaloneMybatisTransactionContext  - firing event committed...
10:44:56,501 [main] DEBUG org.activiti.engine.impl.interceptor.LogInterceptor  - --- CreateGroupCmd finished --------------------------------------------------------
10:44:56,501 [main] DEBUG org.activiti.engine.impl.interceptor.LogInterceptor  - 

10:44:56,501 [main] DEBUG org.activiti.engine.impl.interceptor.LogInterceptor  - 

10:44:56,501 [main] DEBUG org.activiti.engine.impl.interceptor.LogInterceptor  - --- starting SaveGroupCmd --------------------------------------------------------
10:44:56,501 [main] DEBUG org.activiti.engine.impl.db.DbSqlSession  -   insert org.activiti.engine.impl.persistence.entity.GroupEntity@470d183
10:44:56,501 [main] DEBUG org.activiti.engine.impl.db.DbSqlSession  - flush summary: 1 insert, 0 update, 0 delete.
10:44:56,501 [main] DEBUG org.activiti.engine.impl.db.DbSqlSession  - now executing flush...
10:44:56,501 [main] DEBUG org.activiti.engine.impl.db.DbSqlSession  - inserting: org.activiti.engine.impl.persistence.entity.GroupEntity@470d183
10:44:56,501 [main] DEBUG org.apache.ibatis.transaction.jdbc.JdbcTransaction  - Opening JDBC Connection
10:44:56,501 [main] DEBUG org.apache.ibatis.datasource.pooled.PooledDataSource  - Checked out connection 297240765 from pool.
10:44:56,501 [main] DEBUG org.apache.ibatis.transaction.jdbc.JdbcTransaction  - Setting autocommit to false on JDBC Connection [conn4: url=jdbc:h2:mem:activiti user=SA]
10:44:56,501 [main] DEBUG org.activiti.engine.impl.persistence.entity.GroupEntity.insertGroup  - ==&gt;  Preparing: insert into ACT_ID_GROUP (ID_, REV_, NAME_, TYPE_) values ( ?, 1, ?, ? ) 
10:44:56,501 [main] DEBUG org.activiti.engine.impl.persistence.entity.GroupEntity.insertGroup  - ==&gt; Parameters: muppets(String), Muppet show characters(String), user(String)
10:44:56,501 [main] DEBUG org.activiti.engine.impl.persistence.entity.GroupEntity.insertGroup  - &lt;==    Updates: 1
10:44:56,501 [main] DEBUG org.activiti.engine.impl.cfg.standalone.StandaloneMybatisTransactionContext  - firing event committing...
10:44:56,501 [main] DEBUG org.activiti.engine.impl.cfg.standalone.StandaloneMybatisTransactionContext  - committing the ibatis sql session...
10:44:56,501 [main] DEBUG org.apache.ibatis.transaction.jdbc.JdbcTransaction  - Committing JDBC Connection [conn4: url=jdbc:h2:mem:activiti user=SA]
10:44:56,501 [main] DEBUG org.activiti.engine.impl.cfg.standalone.StandaloneMybatisTransactionContext  - firing event committed...
10:44:56,501 [main] DEBUG org.apache.ibatis.transaction.jdbc.JdbcTransaction  - Resetting autocommit to true on JDBC Connection [conn4: url=jdbc:h2:mem:activiti user=SA]
10:44:56,501 [main] DEBUG org.apache.ibatis.transaction.jdbc.JdbcTransaction  - Closing JDBC Connection [conn4: url=jdbc:h2:mem:activiti user=SA]
10:44:56,501 [main] DEBUG org.apache.ibatis.datasource.pooled.PooledDataSource  - Returned connection 297240765 to pool.
10:44:56,501 [main] DEBUG org.activiti.engine.impl.interceptor.LogInterceptor  - --- SaveGroupCmd finished --------------------------------------------------------
10:44:56,501 [main] DEBUG org.activiti.engine.impl.interceptor.LogInterceptor  - 

10:44:56,501 [main] DEBUG org.activiti.engine.impl.interceptor.LogInterceptor  - 

10:44:56,501 [main] DEBUG org.activiti.engine.impl.interceptor.LogInterceptor  - --- starting CreateGroupCmd --------------------------------------------------------
10:44:56,501 [main] DEBUG org.activiti.engine.impl.cfg.standalone.StandaloneMybatisTransactionContext  - firing event committing...
10:44:56,501 [main] DEBUG org.activiti.engine.impl.cfg.standalone.StandaloneMybatisTransactionContext  - committing the ibatis sql session...
10:44:56,501 [main] DEBUG org.activiti.engine.impl.cfg.standalone.StandaloneMybatisTransactionContext  - firing event committed...
10:44:56,501 [main] DEBUG org.activiti.engine.impl.interceptor.LogInterceptor  - --- CreateGroupCmd finished --------------------------------------------------------
10:44:56,501 [main] DEBUG org.activiti.engine.impl.interceptor.LogInterceptor  - 

10:44:56,501 [main] DEBUG org.activiti.engine.impl.interceptor.LogInterceptor  - 

10:44:56,501 [main] DEBUG org.activiti.engine.impl.interceptor.LogInterceptor  - --- starting SaveGroupCmd --------------------------------------------------------
10:44:56,501 [main] DEBUG org.activiti.engine.impl.db.DbSqlSession  -   insert org.activiti.engine.impl.persistence.entity.GroupEntity@7f9fc8bd
10:44:56,501 [main] DEBUG org.activiti.engine.impl.db.DbSqlSession  - flush summary: 1 insert, 0 update, 0 delete.
10:44:56,501 [main] DEBUG org.activiti.engine.impl.db.DbSqlSession  - now executing flush...
10:44:56,501 [main] DEBUG org.activiti.engine.impl.db.DbSqlSession  - inserting: org.activiti.engine.impl.persistence.entity.GroupEntity@7f9fc8bd
10:44:56,501 [main] DEBUG org.apache.ibatis.transaction.jdbc.JdbcTransaction  - Opening JDBC Connection
10:44:56,501 [main] DEBUG org.apache.ibatis.datasource.pooled.PooledDataSource  - Checked out connection 363509958 from pool.
10:44:56,501 [main] DEBUG org.apache.ibatis.transaction.jdbc.JdbcTransaction  - Setting autocommit to false on JDBC Connection [conn2: url=jdbc:h2:mem:activiti user=SA]
10:44:56,501 [main] DEBUG org.activiti.engine.impl.persistence.entity.GroupEntity.insertGroup  - ==&gt;  Preparing: insert into ACT_ID_GROUP (ID_, REV_, NAME_, TYPE_) values ( ?, 1, ?, ? ) 
10:44:56,501 [main] DEBUG org.activiti.engine.impl.persistence.entity.GroupEntity.insertGroup  - ==&gt; Parameters: frogs(String), Famous frogs(String), user(String)
10:44:56,501 [main] DEBUG org.activiti.engine.impl.persistence.entity.GroupEntity.insertGroup  - &lt;==    Updates: 1
10:44:56,501 [main] DEBUG org.activiti.engine.impl.cfg.standalone.StandaloneMybatisTransactionContext  - firing event committing...
10:44:56,501 [main] DEBUG org.activiti.engine.impl.cfg.standalone.StandaloneMybatisTransactionContext  - committing the ibatis sql session...
10:44:56,501 [main] DEBUG org.apache.ibatis.transaction.jdbc.JdbcTransaction  - Committing JDBC Connection [conn2: url=jdbc:h2:mem:activiti user=SA]
10:44:56,501 [main] DEBUG org.activiti.engine.impl.cfg.standalone.StandaloneMybatisTransactionContext  - firing event committed...
10:44:56,501 [main] DEBUG org.apache.ibatis.transaction.jdbc.JdbcTransaction  - Resetting autocommit to true on JDBC Connection [conn2: url=jdbc:h2:mem:activiti user=SA]
10:44:56,501 [main] DEBUG org.apache.ibatis.transaction.jdbc.JdbcTransaction  - Closing JDBC Connection [conn2: url=jdbc:h2:mem:activiti user=SA]
10:44:56,501 [main] DEBUG org.apache.ibatis.datasource.pooled.PooledDataSource  - Returned connection 363509958 to pool.
10:44:56,501 [main] DEBUG org.activiti.engine.impl.interceptor.LogInterceptor  - --- SaveGroupCmd finished --------------------------------------------------------
10:44:56,501 [main] DEBUG org.activiti.engine.impl.interceptor.LogInterceptor  - 

10:44:56,501 [main] DEBUG org.activiti.engine.impl.interceptor.LogInterceptor  - 

10:44:56,501 [main] DEBUG org.activiti.engine.impl.interceptor.LogInterceptor  - --- starting CreateGroupCmd --------------------------------------------------------
10:44:56,501 [main] DEBUG org.activiti.engine.impl.cfg.standalone.StandaloneMybatisTransactionContext  - firing event committing...
10:44:56,501 [main] DEBUG org.activiti.engine.impl.cfg.standalone.StandaloneMybatisTransactionContext  - committing the ibatis sql session...
10:44:56,501 [main] DEBUG org.activiti.engine.impl.cfg.standalone.StandaloneMybatisTransactionContext  - firing event committed...
10:44:56,501 [main] DEBUG org.activiti.engine.impl.interceptor.LogInterceptor  - --- CreateGroupCmd finished --------------------------------------------------------
10:44:56,501 [main] DEBUG org.activiti.engine.impl.interceptor.LogInterceptor  - 

10:44:56,501 [main] DEBUG org.activiti.engine.impl.interceptor.LogInterceptor  - 

10:44:56,501 [main] DEBUG org.activiti.engine.impl.interceptor.LogInterceptor  - --- starting SaveGroupCmd --------------------------------------------------------
10:44:56,501 [main] DEBUG org.activiti.engine.impl.db.DbSqlSession  -   insert org.activiti.engine.impl.persistence.entity.GroupEntity@ea52184
10:44:56,501 [main] DEBUG org.activiti.engine.impl.db.DbSqlSession  - flush summary: 1 insert, 0 update, 0 delete.
10:44:56,501 [main] DEBUG org.activiti.engine.impl.db.DbSqlSession  - now executing flush...
10:44:56,501 [main] DEBUG org.activiti.engine.impl.db.DbSqlSession  - inserting: org.activiti.engine.impl.persistence.entity.GroupEntity@ea52184
10:44:56,501 [main] DEBUG org.apache.ibatis.transaction.jdbc.JdbcTransaction  - Opening JDBC Connection
10:44:56,501 [main] DEBUG org.apache.ibatis.datasource.pooled.PooledDataSource  - Checked out connection 180014677 from pool.
10:44:56,501 [main] DEBUG org.apache.ibatis.transaction.jdbc.JdbcTransaction  - Setting autocommit to false on JDBC Connection [conn3: url=jdbc:h2:mem:activiti user=SA]
10:44:56,501 [main] DEBUG org.activiti.engine.impl.persistence.entity.GroupEntity.insertGroup  - ==&gt;  Preparing: insert into ACT_ID_GROUP (ID_, REV_, NAME_, TYPE_) values ( ?, 1, ?, ? ) 
10:44:56,501 [main] DEBUG org.activiti.engine.impl.persistence.entity.GroupEntity.insertGroup  - ==&gt; Parameters: mammals(String), Famous mammals from eighties(String), user(String)
10:44:56,501 [main] DEBUG org.activiti.engine.impl.persistence.entity.GroupEntity.insertGroup  - &lt;==    Updates: 1
10:44:56,501 [main] DEBUG org.activiti.engine.impl.cfg.standalone.StandaloneMybatisTransactionContext  - firing event committing...
10:44:56,501 [main] DEBUG org.activiti.engine.impl.cfg.standalone.StandaloneMybatisTransactionContext  - committing the ibatis sql session...
10:44:56,501 [main] DEBUG org.apache.ibatis.transaction.jdbc.JdbcTransaction  - Committing JDBC Connection [conn3: url=jdbc:h2:mem:activiti user=SA]
10:44:56,501 [main] DEBUG org.activiti.engine.impl.cfg.standalone.StandaloneMybatisTransactionContext  - firing event committed...
10:44:56,501 [main] DEBUG org.apache.ibatis.transaction.jdbc.JdbcTransaction  - Resetting autocommit to true on JDBC Connection [conn3: url=jdbc:h2:mem:activiti user=SA]
10:44:56,501 [main] DEBUG org.apache.ibatis.transaction.jdbc.JdbcTransaction  - Closing JDBC Connection [conn3: url=jdbc:h2:mem:activiti user=SA]
10:44:56,501 [main] DEBUG org.apache.ibatis.datasource.pooled.PooledDataSource  - Returned connection 180014677 to pool.
10:44:56,502 [main] DEBUG org.activiti.engine.impl.interceptor.LogInterceptor  - --- SaveGroupCmd finished --------------------------------------------------------
10:44:56,502 [main] DEBUG org.activiti.engine.impl.interceptor.LogInterceptor  - 

10:44:56,502 [main] DEBUG org.activiti.engine.impl.interceptor.LogInterceptor  - 

10:44:56,502 [main] DEBUG org.activiti.engine.impl.interceptor.LogInterceptor  - --- starting CreateGroupCmd --------------------------------------------------------
10:44:56,502 [main] DEBUG org.activiti.engine.impl.cfg.standalone.StandaloneMybatisTransactionContext  - firing event committing...
10:44:56,502 [main] DEBUG org.activiti.engine.impl.cfg.standalone.StandaloneMybatisTransactionContext  - committing the ibatis sql session...
10:44:56,502 [main] DEBUG org.activiti.engine.impl.cfg.standalone.StandaloneMybatisTransactionContext  - firing event committed...
10:44:56,502 [main] DEBUG org.activiti.engine.impl.interceptor.LogInterceptor  - --- CreateGroupCmd finished --------------------------------------------------------
10:44:56,502 [main] DEBUG org.activiti.engine.impl.interceptor.LogInterceptor  - 

10:44:56,502 [main] DEBUG org.activiti.engine.impl.interceptor.LogInterceptor  - 

10:44:56,502 [main] DEBUG org.activiti.engine.impl.interceptor.LogInterceptor  - --- starting SaveGroupCmd --------------------------------------------------------
10:44:56,502 [main] DEBUG org.activiti.engine.impl.db.DbSqlSession  -   insert org.activiti.engine.impl.persistence.entity.GroupEntity@3e7b65d7
10:44:56,502 [main] DEBUG org.activiti.engine.impl.db.DbSqlSession  - flush summary: 1 insert, 0 update, 0 delete.
10:44:56,502 [main] DEBUG org.activiti.engine.impl.db.DbSqlSession  - now executing flush...
10:44:56,502 [main] DEBUG org.activiti.engine.impl.db.DbSqlSession  - inserting: org.activiti.engine.impl.persistence.entity.GroupEntity@3e7b65d7
10:44:56,502 [main] DEBUG org.apache.ibatis.transaction.jdbc.JdbcTransaction  - Opening JDBC Connection
10:44:56,502 [main] DEBUG org.apache.ibatis.datasource.pooled.PooledDataSource  - Checked out connection 297240765 from pool.
10:44:56,502 [main] DEBUG org.apache.ibatis.transaction.jdbc.JdbcTransaction  - Setting autocommit to false on JDBC Connection [conn4: url=jdbc:h2:mem:activiti user=SA]
10:44:56,502 [main] DEBUG org.activiti.engine.impl.persistence.entity.GroupEntity.insertGroup  - ==&gt;  Preparing: insert into ACT_ID_GROUP (ID_, REV_, NAME_, TYPE_) values ( ?, 1, ?, ? ) 
10:44:56,502 [main] DEBUG org.activiti.engine.impl.persistence.entity.GroupEntity.insertGroup  - ==&gt; Parameters: admin(String), Administrators(String), security(String)
10:44:56,502 [main] DEBUG org.activiti.engine.impl.persistence.entity.GroupEntity.insertGroup  - &lt;==    Updates: 1
10:44:56,502 [main] DEBUG org.activiti.engine.impl.cfg.standalone.StandaloneMybatisTransactionContext  - firing event committing...
10:44:56,502 [main] DEBUG org.activiti.engine.impl.cfg.standalone.StandaloneMybatisTransactionContext  - committing the ibatis sql session...
10:44:56,502 [main] DEBUG org.apache.ibatis.transaction.jdbc.JdbcTransaction  - Committing JDBC Connection [conn4: url=jdbc:h2:mem:activiti user=SA]
10:44:56,502 [main] DEBUG org.activiti.engine.impl.cfg.standalone.StandaloneMybatisTransactionContext  - firing event committed...
10:44:56,502 [main] DEBUG org.apache.ibatis.transaction.jdbc.JdbcTransaction  - Resetting autocommit to true on JDBC Connection [conn4: url=jdbc:h2:mem:activiti user=SA]
10:44:56,502 [main] DEBUG org.apache.ibatis.transaction.jdbc.JdbcTransaction  - Closing JDBC Connection [conn4: url=jdbc:h2:mem:activiti user=SA]
10:44:56,502 [main] DEBUG org.apache.ibatis.datasource.pooled.PooledDataSource  - Returned connection 297240765 to pool.
10:44:56,502 [main] DEBUG org.activiti.engine.impl.interceptor.LogInterceptor  - --- SaveGroupCmd finished --------------------------------------------------------
10:44:56,502 [main] DEBUG org.activiti.engine.impl.interceptor.LogInterceptor  - 

10:44:56,502 [main] DEBUG org.activiti.engine.impl.interceptor.LogInterceptor  - 

10:44:56,502 [main] DEBUG org.activiti.engine.impl.interceptor.LogInterceptor  - --- starting CreateUserCmd --------------------------------------------------------
10:44:56,502 [main] DEBUG org.activiti.engine.impl.cfg.standalone.StandaloneMybatisTransactionContext  - firing event committing...
10:44:56,502 [main] DEBUG org.activiti.engine.impl.cfg.standalone.StandaloneMybatisTransactionContext  - committing the ibatis sql session...
10:44:56,502 [main] DEBUG org.activiti.engine.impl.cfg.standalone.StandaloneMybatisTransactionContext  - firing event committed...
10:44:56,502 [main] DEBUG org.activiti.engine.impl.interceptor.LogInterceptor  - --- CreateUserCmd finished --------------------------------------------------------
10:44:56,502 [main] DEBUG org.activiti.engine.impl.interceptor.LogInterceptor  - 

10:44:56,502 [main] DEBUG org.activiti.engine.impl.interceptor.LogInterceptor  - 

10:44:56,502 [main] DEBUG org.activiti.engine.impl.interceptor.LogInterceptor  - --- starting SaveUserCmd --------------------------------------------------------
10:44:56,502 [main] DEBUG org.activiti.engine.impl.db.DbSqlSession  -   insert org.activiti.engine.impl.persistence.entity.UserEntity@3c854752
10:44:56,502 [main] DEBUG org.activiti.engine.impl.db.DbSqlSession  - flush summary: 1 insert, 0 update, 0 delete.
10:44:56,502 [main] DEBUG org.activiti.engine.impl.db.DbSqlSession  - now executing flush...
10:44:56,502 [main] DEBUG org.activiti.engine.impl.db.DbSqlSession  - inserting: org.activiti.engine.impl.persistence.entity.UserEntity@3c854752
10:44:56,502 [main] DEBUG org.apache.ibatis.transaction.jdbc.JdbcTransaction  - Opening JDBC Connection
10:44:56,502 [main] DEBUG org.apache.ibatis.datasource.pooled.PooledDataSource  - Checked out connection 363509958 from pool.
10:44:56,502 [main] DEBUG org.apache.ibatis.transaction.jdbc.JdbcTransaction  - Setting autocommit to false on JDBC Connection [conn2: url=jdbc:h2:mem:activiti user=SA]
10:44:56,502 [main] DEBUG org.activiti.engine.impl.persistence.entity.UserEntity.insertUser  - ==&gt;  Preparing: insert into ACT_ID_USER (ID_, REV_, FIRST_, LAST_, EMAIL_, PWD_) values ( ?, 1, ?, ?, ?, ? ) 
10:44:56,502 [main] DEBUG org.activiti.engine.impl.persistence.entity.UserEntity.insertUser  - ==&gt; Parameters: kermit(String), null, null, null, null
10:44:56,502 [main] DEBUG org.activiti.engine.impl.persistence.entity.UserEntity.insertUser  - &lt;==    Updates: 1
10:44:56,502 [main] DEBUG org.activiti.engine.impl.cfg.standalone.StandaloneMybatisTransactionContext  - firing event committing...
10:44:56,502 [main] DEBUG org.activiti.engine.impl.cfg.standalone.StandaloneMybatisTransactionContext  - committing the ibatis sql session...
10:44:56,502 [main] DEBUG org.apache.ibatis.transaction.jdbc.JdbcTransaction  - Committing JDBC Connection [conn2: url=jdbc:h2:mem:activiti user=SA]
10:44:56,502 [main] DEBUG org.activiti.engine.impl.cfg.standalone.StandaloneMybatisTransactionContext  - firing event committed...
10:44:56,502 [main] DEBUG org.apache.ibatis.transaction.jdbc.JdbcTransaction  - Resetting autocommit to true on JDBC Connection [conn2: url=jdbc:h2:mem:activiti user=SA]
10:44:56,502 [main] DEBUG org.apache.ibatis.transaction.jdbc.JdbcTransaction  - Closing JDBC Connection [conn2: url=jdbc:h2:mem:activiti user=SA]
10:44:56,502 [main] DEBUG org.apache.ibatis.datasource.pooled.PooledDataSource  - Returned connection 363509958 to pool.
10:44:56,502 [main] DEBUG org.activiti.engine.impl.interceptor.LogInterceptor  - --- SaveUserCmd finished --------------------------------------------------------
10:44:56,502 [main] DEBUG org.activiti.engine.impl.interceptor.LogInterceptor  - 

10:44:56,502 [main] DEBUG org.activiti.engine.impl.interceptor.LogInterceptor  - 

10:44:56,502 [main] DEBUG org.activiti.engine.impl.interceptor.LogInterceptor  - --- starting CreateUserCmd --------------------------------------------------------
10:44:56,502 [main] DEBUG org.activiti.engine.impl.cfg.standalone.StandaloneMybatisTransactionContext  - firing event committing...
10:44:56,502 [main] DEBUG org.activiti.engine.impl.cfg.standalone.StandaloneMybatisTransactionContext  - committing the ibatis sql session...
10:44:56,502 [main] DEBUG org.activiti.engine.impl.cfg.standalone.StandaloneMybatisTransactionContext  - firing event committed...
10:44:56,502 [main] DEBUG org.activiti.engine.impl.interceptor.LogInterceptor  - --- CreateUserCmd finished --------------------------------------------------------
10:44:56,502 [main] DEBUG org.activiti.engine.impl.interceptor.LogInterceptor  - 

10:44:56,502 [main] DEBUG org.activiti.engine.impl.interceptor.LogInterceptor  - 

10:44:56,502 [main] DEBUG org.activiti.engine.impl.interceptor.LogInterceptor  - --- starting SaveUserCmd --------------------------------------------------------
10:44:56,502 [main] DEBUG org.activiti.engine.impl.db.DbSqlSession  -   insert org.activiti.engine.impl.persistence.entity.UserEntity@3ddeaa5f
10:44:56,502 [main] DEBUG org.activiti.engine.impl.db.DbSqlSession  - flush summary: 1 insert, 0 update, 0 delete.
10:44:56,502 [main] DEBUG org.activiti.engine.impl.db.DbSqlSession  - now executing flush...
10:44:56,502 [main] DEBUG org.activiti.engine.impl.db.DbSqlSession  - inserting: org.activiti.engine.impl.persistence.entity.UserEntity@3ddeaa5f
10:44:56,502 [main] DEBUG org.apache.ibatis.transaction.jdbc.JdbcTransaction  - Opening JDBC Connection
10:44:56,502 [main] DEBUG org.apache.ibatis.datasource.pooled.PooledDataSource  - Checked out connection 180014677 from pool.
10:44:56,502 [main] DEBUG org.apache.ibatis.transaction.jdbc.JdbcTransaction  - Setting autocommit to false on JDBC Connection [conn3: url=jdbc:h2:mem:activiti user=SA]
10:44:56,502 [main] DEBUG org.activiti.engine.impl.persistence.entity.UserEntity.insertUser  - ==&gt;  Preparing: insert into ACT_ID_USER (ID_, REV_, FIRST_, LAST_, EMAIL_, PWD_) values ( ?, 1, ?, ?, ?, ? ) 
10:44:56,502 [main] DEBUG org.activiti.engine.impl.persistence.entity.UserEntity.insertUser  - ==&gt; Parameters: fozzie(String), null, null, null, null
10:44:56,502 [main] DEBUG org.activiti.engine.impl.persistence.entity.UserEntity.insertUser  - &lt;==    Updates: 1
10:44:56,502 [main] DEBUG org.activiti.engine.impl.cfg.standalone.StandaloneMybatisTransactionContext  - firing event committing...
10:44:56,502 [main] DEBUG org.activiti.engine.impl.cfg.standalone.StandaloneMybatisTransactionContext  - committing the ibatis sql session...
10:44:56,502 [main] DEBUG org.apache.ibatis.transaction.jdbc.JdbcTransaction  - Committing JDBC Connection [conn3: url=jdbc:h2:mem:activiti user=SA]
10:44:56,502 [main] DEBUG org.activiti.engine.impl.cfg.standalone.StandaloneMybatisTransactionContext  - firing event committed...
10:44:56,502 [main] DEBUG org.apache.ibatis.transaction.jdbc.JdbcTransaction  - Resetting autocommit to true on JDBC Connection [conn3: url=jdbc:h2:mem:activiti user=SA]
10:44:56,502 [main] DEBUG org.apache.ibatis.transaction.jdbc.JdbcTransaction  - Closing JDBC Connection [conn3: url=jdbc:h2:mem:activiti user=SA]
10:44:56,502 [main] DEBUG org.apache.ibatis.datasource.pooled.PooledDataSource  - Returned connection 180014677 to pool.
10:44:56,502 [main] DEBUG org.activiti.engine.impl.interceptor.LogInterceptor  - --- SaveUserCmd finished --------------------------------------------------------
10:44:56,502 [main] DEBUG org.activiti.engine.impl.interceptor.LogInterceptor  - 

10:44:56,502 [main] DEBUG org.activiti.engine.impl.interceptor.LogInterceptor  - 

10:44:56,502 [main] DEBUG org.activiti.engine.impl.interceptor.LogInterceptor  - --- starting CreateUserCmd --------------------------------------------------------
10:44:56,502 [main] DEBUG org.activiti.engine.impl.cfg.standalone.StandaloneMybatisTransactionContext  - firing event committing...
10:44:56,502 [main] DEBUG org.activiti.engine.impl.cfg.standalone.StandaloneMybatisTransactionContext  - committing the ibatis sql session...
10:44:56,502 [main] DEBUG org.activiti.engine.impl.cfg.standalone.StandaloneMybatisTransactionContext  - firing event committed...
10:44:56,502 [main] DEBUG org.activiti.engine.impl.interceptor.LogInterceptor  - --- CreateUserCmd finished --------------------------------------------------------
10:44:56,502 [main] DEBUG org.activiti.engine.impl.interceptor.LogInterceptor  - 

10:44:56,502 [main] DEBUG org.activiti.engine.impl.interceptor.LogInterceptor  - 

10:44:56,502 [main] DEBUG org.activiti.engine.impl.interceptor.LogInterceptor  - --- starting SaveUserCmd --------------------------------------------------------
10:44:56,502 [main] DEBUG org.activiti.engine.impl.db.DbSqlSession  -   insert org.activiti.engine.impl.persistence.entity.UserEntity@1a500561
10:44:56,502 [main] DEBUG org.activiti.engine.impl.db.DbSqlSession  - flush summary: 1 insert, 0 update, 0 delete.
10:44:56,502 [main] DEBUG org.activiti.engine.impl.db.DbSqlSession  - now executing flush...
10:44:56,502 [main] DEBUG org.activiti.engine.impl.db.DbSqlSession  - inserting: org.activiti.engine.impl.persistence.entity.UserEntity@1a500561
10:44:56,502 [main] DEBUG org.apache.ibatis.transaction.jdbc.JdbcTransaction  - Opening JDBC Connection
10:44:56,502 [main] DEBUG org.apache.ibatis.datasource.pooled.PooledDataSource  - Checked out connection 297240765 from pool.
10:44:56,502 [main] DEBUG org.apache.ibatis.transaction.jdbc.JdbcTransaction  - Setting autocommit to false on JDBC Connection [conn4: url=jdbc:h2:mem:activiti user=SA]
10:44:56,502 [main] DEBUG org.activiti.engine.impl.persistence.entity.UserEntity.insertUser  - ==&gt;  Preparing: insert into ACT_ID_USER (ID_, REV_, FIRST_, LAST_, EMAIL_, PWD_) values ( ?, 1, ?, ?, ?, ? ) 
10:44:56,502 [main] DEBUG org.activiti.engine.impl.persistence.entity.UserEntity.insertUser  - ==&gt; Parameters: mispiggy(String), null, null, null, null
10:44:56,502 [main] DEBUG org.activiti.engine.impl.persistence.entity.UserEntity.insertUser  - &lt;==    Updates: 1
10:44:56,502 [main] DEBUG org.activiti.engine.impl.cfg.standalone.StandaloneMybatisTransactionContext  - firing event committing...
10:44:56,502 [main] DEBUG org.activiti.engine.impl.cfg.standalone.StandaloneMybatisTransactionContext  - committing the ibatis sql session...
10:44:56,502 [main] DEBUG org.apache.ibatis.transaction.jdbc.JdbcTransaction  - Committing JDBC Connection [conn4: url=jdbc:h2:mem:activiti user=SA]
10:44:56,502 [main] DEBUG org.activiti.engine.impl.cfg.standalone.StandaloneMybatisTransactionContext  - firing event committed...
10:44:56,502 [main] DEBUG org.apache.ibatis.transaction.jdbc.JdbcTransaction  - Resetting autocommit to true on JDBC Connection [conn4: url=jdbc:h2:mem:activiti user=SA]
10:44:56,502 [main] DEBUG org.apache.ibatis.transaction.jdbc.JdbcTransaction  - Closing JDBC Connection [conn4: url=jdbc:h2:mem:activiti user=SA]
10:44:56,502 [main] DEBUG org.apache.ibatis.datasource.pooled.PooledDataSource  - Returned connection 297240765 to pool.
10:44:56,502 [main] DEBUG org.activiti.engine.impl.interceptor.LogInterceptor  - --- SaveUserCmd finished --------------------------------------------------------
10:44:56,502 [main] DEBUG org.activiti.engine.impl.interceptor.LogInterceptor  - 

10:44:56,502 [main] DEBUG org.activiti.engine.impl.interceptor.LogInterceptor  - 

10:44:56,502 [main] DEBUG org.activiti.engine.impl.interceptor.LogInterceptor  - --- starting CreateMembershipCmd --------------------------------------------------------
10:44:56,502 [main] DEBUG org.activiti.engine.impl.db.DbSqlSession  -   insert org.activiti.engine.impl.persistence.entity.MembershipEntity@7f608e21
10:44:56,502 [main] DEBUG org.activiti.engine.impl.db.DbSqlSession  - flush summary: 1 insert, 0 update, 0 delete.
10:44:56,502 [main] DEBUG org.activiti.engine.impl.db.DbSqlSession  - now executing flush...
10:44:56,502 [main] DEBUG org.activiti.engine.impl.db.DbSqlSession  - inserting: org.activiti.engine.impl.persistence.entity.MembershipEntity@7f608e21
10:44:56,502 [main] DEBUG org.apache.ibatis.transaction.jdbc.JdbcTransaction  - Opening JDBC Connection
10:44:56,502 [main] DEBUG org.apache.ibatis.datasource.pooled.PooledDataSource  - Checked out connection 363509958 from pool.
10:44:56,502 [main] DEBUG org.apache.ibatis.transaction.jdbc.JdbcTransaction  - Setting autocommit to false on JDBC Connection [conn2: url=jdbc:h2:mem:activiti user=SA]
10:44:56,502 [main] DEBUG org.activiti.engine.impl.persistence.entity.MembershipRelation.insertMembership  - ==&gt;  Preparing: insert into ACT_ID_MEMBERSHIP (USER_ID_, GROUP_ID_) values ( ?, ? ) 
10:44:56,502 [main] DEBUG org.activiti.engine.impl.persistence.entity.MembershipRelation.insertMembership  - ==&gt; Parameters: kermit(String), muppets(String)
10:44:56,502 [main] DEBUG org.activiti.engine.impl.persistence.entity.MembershipRelation.insertMembership  - &lt;==    Updates: 1
10:44:56,502 [main] DEBUG org.activiti.engine.impl.cfg.standalone.StandaloneMybatisTransactionContext  - firing event committing...
10:44:56,502 [main] DEBUG org.activiti.engine.impl.cfg.standalone.StandaloneMybatisTransactionContext  - committing the ibatis sql session...
10:44:56,502 [main] DEBUG org.apache.ibatis.transaction.jdbc.JdbcTransaction  - Committing JDBC Connection [conn2: url=jdbc:h2:mem:activiti user=SA]
10:44:56,502 [main] DEBUG org.activiti.engine.impl.cfg.standalone.StandaloneMybatisTransactionContext  - firing event committed...
10:44:56,502 [main] DEBUG org.apache.ibatis.transaction.jdbc.JdbcTransaction  - Resetting autocommit to true on JDBC Connection [conn2: url=jdbc:h2:mem:activiti user=SA]
10:44:56,502 [main] DEBUG org.apache.ibatis.transaction.jdbc.JdbcTransaction  - Closing JDBC Connection [conn2: url=jdbc:h2:mem:activiti user=SA]
10:44:56,502 [main] DEBUG org.apache.ibatis.datasource.pooled.PooledDataSource  - Returned connection 363509958 to pool.
10:44:56,502 [main] DEBUG org.activiti.engine.impl.interceptor.LogInterceptor  - --- CreateMembershipCmd finished --------------------------------------------------------
10:44:56,502 [main] DEBUG org.activiti.engine.impl.interceptor.LogInterceptor  - 

10:44:56,502 [main] DEBUG org.activiti.engine.impl.interceptor.LogInterceptor  - 

10:44:56,502 [main] DEBUG org.activiti.engine.impl.interceptor.LogInterceptor  - --- starting CreateMembershipCmd --------------------------------------------------------
10:44:56,502 [main] DEBUG org.activiti.engine.impl.db.DbSqlSession  -   insert org.activiti.engine.impl.persistence.entity.MembershipEntity@6949e948
10:44:56,502 [main] DEBUG org.activiti.engine.impl.db.DbSqlSession  - flush summary: 1 insert, 0 update, 0 delete.
10:44:56,502 [main] DEBUG org.activiti.engine.impl.db.DbSqlSession  - now executing flush...
10:44:56,502 [main] DEBUG org.activiti.engine.impl.db.DbSqlSession  - inserting: org.activiti.engine.impl.persistence.entity.MembershipEntity@6949e948
10:44:56,502 [main] DEBUG org.apache.ibatis.transaction.jdbc.JdbcTransaction  - Opening JDBC Connection
10:44:56,502 [main] DEBUG org.apache.ibatis.datasource.pooled.PooledDataSource  - Checked out connection 180014677 from pool.
10:44:56,502 [main] DEBUG org.apache.ibatis.transaction.jdbc.JdbcTransaction  - Setting autocommit to false on JDBC Connection [conn3: url=jdbc:h2:mem:activiti user=SA]
10:44:56,502 [main] DEBUG org.activiti.engine.impl.persistence.entity.MembershipRelation.insertMembership  - ==&gt;  Preparing: insert into ACT_ID_MEMBERSHIP (USER_ID_, GROUP_ID_) values ( ?, ? ) 
10:44:56,502 [main] DEBUG org.activiti.engine.impl.persistence.entity.MembershipRelation.insertMembership  - ==&gt; Parameters: fozzie(String), muppets(String)
10:44:56,502 [main] DEBUG org.activiti.engine.impl.persistence.entity.MembershipRelation.insertMembership  - &lt;==    Updates: 1
10:44:56,502 [main] DEBUG org.activiti.engine.impl.cfg.standalone.StandaloneMybatisTransactionContext  - firing event committing...
10:44:56,502 [main] DEBUG org.activiti.engine.impl.cfg.standalone.StandaloneMybatisTransactionContext  - committing the ibatis sql session...
10:44:56,502 [main] DEBUG org.apache.ibatis.transaction.jdbc.JdbcTransaction  - Committing JDBC Connection [conn3: url=jdbc:h2:mem:activiti user=SA]
10:44:56,502 [main] DEBUG org.activiti.engine.impl.cfg.standalone.StandaloneMybatisTransactionContext  - firing event committed...
10:44:56,502 [main] DEBUG org.apache.ibatis.transaction.jdbc.JdbcTransaction  - Resetting autocommit to true on JDBC Connection [conn3: url=jdbc:h2:mem:activiti user=SA]
10:44:56,502 [main] DEBUG org.apache.ibatis.transaction.jdbc.JdbcTransaction  - Closing JDBC Connection [conn3: url=jdbc:h2:mem:activiti user=SA]
10:44:56,502 [main] DEBUG org.apache.ibatis.datasource.pooled.PooledDataSource  - Returned connection 180014677 to pool.
10:44:56,502 [main] DEBUG org.activiti.engine.impl.interceptor.LogInterceptor  - --- CreateMembershipCmd finished --------------------------------------------------------
10:44:56,502 [main] DEBUG org.activiti.engine.impl.interceptor.LogInterceptor  - 

10:44:56,502 [main] DEBUG org.activiti.engine.impl.interceptor.LogInterceptor  - 

10:44:56,502 [main] DEBUG org.activiti.engine.impl.interceptor.LogInterceptor  - --- starting CreateMembershipCmd --------------------------------------------------------
10:44:56,503 [main] DEBUG org.activiti.engine.impl.db.DbSqlSession  -   insert org.activiti.engine.impl.persistence.entity.MembershipEntity@210d2a6c
10:44:56,503 [main] DEBUG org.activiti.engine.impl.db.DbSqlSession  - flush summary: 1 insert, 0 update, 0 delete.
10:44:56,503 [main] DEBUG org.activiti.engine.impl.db.DbSqlSession  - now executing flush...
10:44:56,503 [main] DEBUG org.activiti.engine.impl.db.DbSqlSession  - inserting: org.activiti.engine.impl.persistence.entity.MembershipEntity@210d2a6c
10:44:56,503 [main] DEBUG org.apache.ibatis.transaction.jdbc.JdbcTransaction  - Opening JDBC Connection
10:44:56,503 [main] DEBUG org.apache.ibatis.datasource.pooled.PooledDataSource  - Checked out connection 297240765 from pool.
10:44:56,503 [main] DEBUG org.apache.ibatis.transaction.jdbc.JdbcTransaction  - Setting autocommit to false on JDBC Connection [conn4: url=jdbc:h2:mem:activiti user=SA]
10:44:56,503 [main] DEBUG org.activiti.engine.impl.persistence.entity.MembershipRelation.insertMembership  - ==&gt;  Preparing: insert into ACT_ID_MEMBERSHIP (USER_ID_, GROUP_ID_) values ( ?, ? ) 
10:44:56,503 [main] DEBUG org.activiti.engine.impl.persistence.entity.MembershipRelation.insertMembership  - ==&gt; Parameters: mispiggy(String), muppets(String)
10:44:56,503 [main] DEBUG org.activiti.engine.impl.persistence.entity.MembershipRelation.insertMembership  - &lt;==    Updates: 1
10:44:56,503 [main] DEBUG org.activiti.engine.impl.cfg.standalone.StandaloneMybatisTransactionContext  - firing event committing...
10:44:56,503 [main] DEBUG org.activiti.engine.impl.cfg.standalone.StandaloneMybatisTransactionContext  - committing the ibatis sql session...
10:44:56,503 [main] DEBUG org.apache.ibatis.transaction.jdbc.JdbcTransaction  - Committing JDBC Connection [conn4: url=jdbc:h2:mem:activiti user=SA]
10:44:56,503 [main] DEBUG org.activiti.engine.impl.cfg.standalone.StandaloneMybatisTransactionContext  - firing event committed...
10:44:56,503 [main] DEBUG org.apache.ibatis.transaction.jdbc.JdbcTransaction  - Resetting autocommit to true on JDBC Connection [conn4: url=jdbc:h2:mem:activiti user=SA]
10:44:56,503 [main] DEBUG org.apache.ibatis.transaction.jdbc.JdbcTransaction  - Closing JDBC Connection [conn4: url=jdbc:h2:mem:activiti user=SA]
10:44:56,503 [main] DEBUG org.apache.ibatis.datasource.pooled.PooledDataSource  - Returned connection 297240765 to pool.
10:44:56,503 [main] DEBUG org.activiti.engine.impl.interceptor.LogInterceptor  - --- CreateMembershipCmd finished --------------------------------------------------------
10:44:56,503 [main] DEBUG org.activiti.engine.impl.interceptor.LogInterceptor  - 

10:44:56,503 [main] DEBUG org.activiti.engine.impl.interceptor.LogInterceptor  - 

10:44:56,503 [main] DEBUG org.activiti.engine.impl.interceptor.LogInterceptor  - --- starting CreateMembershipCmd --------------------------------------------------------
10:44:56,503 [main] DEBUG org.activiti.engine.impl.db.DbSqlSession  -   insert org.activiti.engine.impl.persistence.entity.MembershipEntity@3bec5821
10:44:56,503 [main] DEBUG org.activiti.engine.impl.db.DbSqlSession  - flush summary: 1 insert, 0 update, 0 delete.
10:44:56,503 [main] DEBUG org.activiti.engine.impl.db.DbSqlSession  - now executing flush...
10:44:56,503 [main] DEBUG org.activiti.engine.impl.db.DbSqlSession  - inserting: org.activiti.engine.impl.persistence.entity.MembershipEntity@3bec5821
10:44:56,503 [main] DEBUG org.apache.ibatis.transaction.jdbc.JdbcTransaction  - Opening JDBC Connection
10:44:56,503 [main] DEBUG org.apache.ibatis.datasource.pooled.PooledDataSource  - Checked out connection 363509958 from pool.
10:44:56,503 [main] DEBUG org.apache.ibatis.transaction.jdbc.JdbcTransaction  - Setting autocommit to false on JDBC Connection [conn2: url=jdbc:h2:mem:activiti user=SA]
10:44:56,503 [main] DEBUG org.activiti.engine.impl.persistence.entity.MembershipRelation.insertMembership  - ==&gt;  Preparing: insert into ACT_ID_MEMBERSHIP (USER_ID_, GROUP_ID_) values ( ?, ? ) 
10:44:56,503 [main] DEBUG org.activiti.engine.impl.persistence.entity.MembershipRelation.insertMembership  - ==&gt; Parameters: kermit(String), frogs(String)
10:44:56,503 [main] DEBUG org.activiti.engine.impl.persistence.entity.MembershipRelation.insertMembership  - &lt;==    Updates: 1
10:44:56,503 [main] DEBUG org.activiti.engine.impl.cfg.standalone.StandaloneMybatisTransactionContext  - firing event committing...
10:44:56,503 [main] DEBUG org.activiti.engine.impl.cfg.standalone.StandaloneMybatisTransactionContext  - committing the ibatis sql session...
10:44:56,503 [main] DEBUG org.apache.ibatis.transaction.jdbc.JdbcTransaction  - Committing JDBC Connection [conn2: url=jdbc:h2:mem:activiti user=SA]
10:44:56,503 [main] DEBUG org.activiti.engine.impl.cfg.standalone.StandaloneMybatisTransactionContext  - firing event committed...
10:44:56,503 [main] DEBUG org.apache.ibatis.transaction.jdbc.JdbcTransaction  - Resetting autocommit to true on JDBC Connection [conn2: url=jdbc:h2:mem:activiti user=SA]
10:44:56,503 [main] DEBUG org.apache.ibatis.transaction.jdbc.JdbcTransaction  - Closing JDBC Connection [conn2: url=jdbc:h2:mem:activiti user=SA]
10:44:56,503 [main] DEBUG org.apache.ibatis.datasource.pooled.PooledDataSource  - Returned connection 363509958 to pool.
10:44:56,503 [main] DEBUG org.activiti.engine.impl.interceptor.LogInterceptor  - --- CreateMembershipCmd finished --------------------------------------------------------
10:44:56,503 [main] DEBUG org.activiti.engine.impl.interceptor.LogInterceptor  - 

10:44:56,503 [main] DEBUG org.activiti.engine.impl.interceptor.LogInterceptor  - 

10:44:56,503 [main] DEBUG org.activiti.engine.impl.interceptor.LogInterceptor  - --- starting CreateMembershipCmd --------------------------------------------------------
10:44:56,503 [main] DEBUG org.activiti.engine.impl.db.DbSqlSession  -   insert org.activiti.engine.impl.persistence.entity.MembershipEntity@4086d8fb
10:44:56,503 [main] DEBUG org.activiti.engine.impl.db.DbSqlSession  - flush summary: 1 insert, 0 update, 0 delete.
10:44:56,503 [main] DEBUG org.activiti.engine.impl.db.DbSqlSession  - now executing flush...
10:44:56,503 [main] DEBUG org.activiti.engine.impl.db.DbSqlSession  - inserting: org.activiti.engine.impl.persistence.entity.MembershipEntity@4086d8fb
10:44:56,503 [main] DEBUG org.apache.ibatis.transaction.jdbc.JdbcTransaction  - Opening JDBC Connection
10:44:56,503 [main] DEBUG org.apache.ibatis.datasource.pooled.PooledDataSource  - Checked out connection 180014677 from pool.
10:44:56,503 [main] DEBUG org.apache.ibatis.transaction.jdbc.JdbcTransaction  - Setting autocommit to false on JDBC Connection [conn3: url=jdbc:h2:mem:activiti user=SA]
10:44:56,503 [main] DEBUG org.activiti.engine.impl.persistence.entity.MembershipRelation.insertMembership  - ==&gt;  Preparing: insert into ACT_ID_MEMBERSHIP (USER_ID_, GROUP_ID_) values ( ?, ? ) 
10:44:56,503 [main] DEBUG org.activiti.engine.impl.persistence.entity.MembershipRelation.insertMembership  - ==&gt; Parameters: fozzie(String), mammals(String)
10:44:56,503 [main] DEBUG org.activiti.engine.impl.persistence.entity.MembershipRelation.insertMembership  - &lt;==    Updates: 1
10:44:56,503 [main] DEBUG org.activiti.engine.impl.cfg.standalone.StandaloneMybatisTransactionContext  - firing event committing...
10:44:56,503 [main] DEBUG org.activiti.engine.impl.cfg.standalone.StandaloneMybatisTransactionContext  - committing the ibatis sql session...
10:44:56,503 [main] DEBUG org.apache.ibatis.transaction.jdbc.JdbcTransaction  - Committing JDBC Connection [conn3: url=jdbc:h2:mem:activiti user=SA]
10:44:56,503 [main] DEBUG org.activiti.engine.impl.cfg.standalone.StandaloneMybatisTransactionContext  - firing event committed...
10:44:56,503 [main] DEBUG org.apache.ibatis.transaction.jdbc.JdbcTransaction  - Resetting autocommit to true on JDBC Connection [conn3: url=jdbc:h2:mem:activiti user=SA]
10:44:56,503 [main] DEBUG org.apache.ibatis.transaction.jdbc.JdbcTransaction  - Closing JDBC Connection [conn3: url=jdbc:h2:mem:activiti user=SA]
10:44:56,503 [main] DEBUG org.apache.ibatis.datasource.pooled.PooledDataSource  - Returned connection 180014677 to pool.
10:44:56,503 [main] DEBUG org.activiti.engine.impl.interceptor.LogInterceptor  - --- CreateMembershipCmd finished --------------------------------------------------------
10:44:56,503 [main] DEBUG org.activiti.engine.impl.interceptor.LogInterceptor  - 

10:44:56,503 [main] DEBUG org.activiti.engine.impl.interceptor.LogInterceptor  - 

10:44:56,503 [main] DEBUG org.activiti.engine.impl.interceptor.LogInterceptor  - --- starting CreateMembershipCmd --------------------------------------------------------
10:44:56,503 [main] DEBUG org.activiti.engine.impl.db.DbSqlSession  -   insert org.activiti.engine.impl.persistence.entity.MembershipEntity@66236a0a
10:44:56,503 [main] DEBUG org.activiti.engine.impl.db.DbSqlSession  - flush summary: 1 insert, 0 update, 0 delete.
10:44:56,503 [main] DEBUG org.activiti.engine.impl.db.DbSqlSession  - now executing flush...
10:44:56,503 [main] DEBUG org.activiti.engine.impl.db.DbSqlSession  - inserting: org.activiti.engine.impl.persistence.entity.MembershipEntity@66236a0a
10:44:56,503 [main] DEBUG org.apache.ibatis.transaction.jdbc.JdbcTransaction  - Opening JDBC Connection
10:44:56,503 [main] DEBUG org.apache.ibatis.datasource.pooled.PooledDataSource  - Checked out connection 297240765 from pool.
10:44:56,503 [main] DEBUG org.apache.ibatis.transaction.jdbc.JdbcTransaction  - Setting autocommit to false on JDBC Connection [conn4: url=jdbc:h2:mem:activiti user=SA]
10:44:56,503 [main] DEBUG org.activiti.engine.impl.persistence.entity.MembershipRelation.insertMembership  - ==&gt;  Preparing: insert into ACT_ID_MEMBERSHIP (USER_ID_, GROUP_ID_) values ( ?, ? ) 
10:44:56,503 [main] DEBUG org.activiti.engine.impl.persistence.entity.MembershipRelation.insertMembership  - ==&gt; Parameters: mispiggy(String), mammals(String)
10:44:56,503 [main] DEBUG org.activiti.engine.impl.persistence.entity.MembershipRelation.insertMembership  - &lt;==    Updates: 1
10:44:56,503 [main] DEBUG org.activiti.engine.impl.cfg.standalone.StandaloneMybatisTransactionContext  - firing event committing...
10:44:56,503 [main] DEBUG org.activiti.engine.impl.cfg.standalone.StandaloneMybatisTransactionContext  - committing the ibatis sql session...
10:44:56,503 [main] DEBUG org.apache.ibatis.transaction.jdbc.JdbcTransaction  - Committing JDBC Connection [conn4: url=jdbc:h2:mem:activiti user=SA]
10:44:56,503 [main] DEBUG org.activiti.engine.impl.cfg.standalone.StandaloneMybatisTransactionContext  - firing event committed...
10:44:56,503 [main] DEBUG org.apache.ibatis.transaction.jdbc.JdbcTransaction  - Resetting autocommit to true on JDBC Connection [conn4: url=jdbc:h2:mem:activiti user=SA]
10:44:56,503 [main] DEBUG org.apache.ibatis.transaction.jdbc.JdbcTransaction  - Closing JDBC Connection [conn4: url=jdbc:h2:mem:activiti user=SA]
10:44:56,503 [main] DEBUG org.apache.ibatis.datasource.pooled.PooledDataSource  - Returned connection 297240765 to pool.
10:44:56,503 [main] DEBUG org.activiti.engine.impl.interceptor.LogInterceptor  - --- CreateMembershipCmd finished --------------------------------------------------------
10:44:56,503 [main] DEBUG org.activiti.engine.impl.interceptor.LogInterceptor  - 

10:44:56,503 [main] DEBUG org.activiti.engine.impl.interceptor.LogInterceptor  - 

10:44:56,503 [main] DEBUG org.activiti.engine.impl.interceptor.LogInterceptor  - --- starting CreateMembershipCmd --------------------------------------------------------
10:44:56,503 [main] DEBUG org.activiti.engine.impl.db.DbSqlSession  -   insert org.activiti.engine.impl.persistence.entity.MembershipEntity@2e3572e8
10:44:56,503 [main] DEBUG org.activiti.engine.impl.db.DbSqlSession  - flush summary: 1 insert, 0 update, 0 delete.
10:44:56,503 [main] DEBUG org.activiti.engine.impl.db.DbSqlSession  - now executing flush...
10:44:56,503 [main] DEBUG org.activiti.engine.impl.db.DbSqlSession  - inserting: org.activiti.engine.impl.persistence.entity.MembershipEntity@2e3572e8
10:44:56,503 [main] DEBUG org.apache.ibatis.transaction.jdbc.JdbcTransaction  - Opening JDBC Connection
10:44:56,503 [main] DEBUG org.apache.ibatis.datasource.pooled.PooledDataSource  - Checked out connection 363509958 from pool.
10:44:56,503 [main] DEBUG org.apache.ibatis.transaction.jdbc.JdbcTransaction  - Setting autocommit to false on JDBC Connection [conn2: url=jdbc:h2:mem:activiti user=SA]
10:44:56,503 [main] DEBUG org.activiti.engine.impl.persistence.entity.MembershipRelation.insertMembership  - ==&gt;  Preparing: insert into ACT_ID_MEMBERSHIP (USER_ID_, GROUP_ID_) values ( ?, ? ) 
10:44:56,503 [main] DEBUG org.activiti.engine.impl.persistence.entity.MembershipRelation.insertMembership  - ==&gt; Parameters: kermit(String), admin(String)
10:44:56,503 [main] DEBUG org.activiti.engine.impl.persistence.entity.MembershipRelation.insertMembership  - &lt;==    Updates: 1
10:44:56,503 [main] DEBUG org.activiti.engine.impl.cfg.standalone.StandaloneMybatisTransactionContext  - firing event committing...
10:44:56,503 [main] DEBUG org.activiti.engine.impl.cfg.standalone.StandaloneMybatisTransactionContext  - committing the ibatis sql session...
10:44:56,503 [main] DEBUG org.apache.ibatis.transaction.jdbc.JdbcTransaction  - Committing JDBC Connection [conn2: url=jdbc:h2:mem:activiti user=SA]
10:44:56,503 [main] DEBUG org.activiti.engine.impl.cfg.standalone.StandaloneMybatisTransactionContext  - firing event committed...
10:44:56,503 [main] DEBUG org.apache.ibatis.transaction.jdbc.JdbcTransaction  - Resetting autocommit to true on JDBC Connection [conn2: url=jdbc:h2:mem:activiti user=SA]
10:44:56,503 [main] DEBUG org.apache.ibatis.transaction.jdbc.JdbcTransaction  - Closing JDBC Connection [conn2: url=jdbc:h2:mem:activiti user=SA]
10:44:56,503 [main] DEBUG org.apache.ibatis.datasource.pooled.PooledDataSource  - Returned connection 363509958 to pool.
10:44:56,503 [main] DEBUG org.activiti.engine.impl.interceptor.LogInterceptor  - --- CreateMembershipCmd finished --------------------------------------------------------
10:44:56,503 [main] DEBUG org.activiti.engine.impl.interceptor.LogInterceptor  - 

10:44:56,503 [main] DEBUG org.activiti.engine.impl.test.PvmTestCase  - 

10:44:56,503 [main] DEBUG org.activiti.engine.impl.test.PvmTestCase  - #### START GroupQueryTest.testQueryByInvalidName ###########################################################
10:44:56,503 [main] DEBUG org.activiti.engine.impl.interceptor.LogInterceptor  - 

10:44:56,503 [main] DEBUG org.activiti.engine.impl.interceptor.LogInterceptor  - --- starting CreateGroupQueryCmd --------------------------------------------------------
10:44:56,503 [main] DEBUG org.activiti.engine.impl.cfg.standalone.StandaloneMybatisTransactionContext  - firing event committing...
10:44:56,503 [main] DEBUG org.activiti.engine.impl.cfg.standalone.StandaloneMybatisTransactionContext  - committing the ibatis sql session...
10:44:56,503 [main] DEBUG org.activiti.engine.impl.cfg.standalone.StandaloneMybatisTransactionContext  - firing event committed...
10:44:56,503 [main] DEBUG org.activiti.engine.impl.interceptor.LogInterceptor  - --- CreateGroupQueryCmd finished --------------------------------------------------------
10:44:56,503 [main] DEBUG org.activiti.engine.impl.interceptor.LogInterceptor  - 

10:44:56,503 [main] DEBUG org.activiti.engine.impl.interceptor.LogInterceptor  - 

10:44:56,503 [main] DEBUG org.activiti.engine.impl.interceptor.LogInterceptor  - --- starting GroupQueryImpl --------------------------------------------------------
10:44:56,503 [main] DEBUG org.apache.ibatis.transaction.jdbc.JdbcTransaction  - Opening JDBC Connection
10:44:56,503 [main] DEBUG org.apache.ibatis.datasource.pooled.PooledDataSource  - Checked out connection 180014677 from pool.
10:44:56,503 [main] DEBUG org.apache.ibatis.transaction.jdbc.JdbcTransaction  - Setting autocommit to false on JDBC Connection [conn3: url=jdbc:h2:mem:activiti user=SA]
10:44:56,503 [main] DEBUG org.activiti.engine.impl.persistence.entity.GroupEntity.selectGroupByQueryCriteria  - ==&gt;  Preparing: select RES.* from ACT_ID_GROUP RES WHERE RES.NAME_ = ? order by order by RES.ID_ asc LIMIT ? OFFSET ? 
10:44:56,504 [main] DEBUG org.activiti.engine.impl.interceptor.CommandContext  - Error while closing command context
org.apache.ibatis.exceptions.PersistenceException: 
### Error querying database.  Cause: org.h2.jdbc.JdbcSQLException: Syntax error in SQL statement &quot;SELECT RES.* 
     
    FROM ACT_ID_GROUP RES
     
     WHERE  RES.NAME_ = ? 
   
     ORDER BY  ORDER[*] BY RES.ID_ ASC  
    LIMIT ? OFFSET ? &quot;; expected &quot;=, NOT, EXISTS, INTERSECTS, SELECT, FROM&quot;; SQL statement:
select RES.* 
     
    from ACT_ID_GROUP RES
     
     WHERE  RES.NAME_ = ? 
   
     order by  order by RES.ID_ asc  
    LIMIT ? OFFSET ? [42001-176]
### The error may exist in org/activiti/db/mapping/entity/Group.xml
### The error may involve org.activiti.engine.impl.persistence.entity.GroupEntity.selectGroupByQueryCriteria
### The error occurred while executing a query
### SQL: select RES.*            from ACT_ID_GROUP RES            WHERE  RES.NAME_ = ?           order by  order by RES.ID_ asc       LIMIT ? OFFSET ?
### Cause: org.h2.jdbc.JdbcSQLException: Syntax error in SQL statement &quot;SELECT RES.* 
     
    FROM ACT_ID_GROUP RES
     
     WHERE  RES.NAME_ = ? 
   
     ORDER BY  ORDER[*] BY RES.ID_ ASC  
    LIMIT ? OFFSET ? &quot;; expected &quot;=, NOT, EXISTS, INTERSECTS, SELECT, FROM&quot;; SQL statement:
select RES.* 
     
    from ACT_ID_GROUP RES
     
     WHERE  RES.NAME_ = ? 
   
     order by  order by RES.ID_ asc  
    LIMIT ? OFFSET ? [42001-176]
	at org.apache.ibatis.exceptions.ExceptionFactory.wrapException(ExceptionFactory.java:30)
	at org.apache.ibatis.session.defaults.DefaultSqlSession.selectList(DefaultSqlSession.java:122)
	at org.apache.ibatis.session.defaults.DefaultSqlSession.selectList(DefaultSqlSession.java:113)
	at org.activiti.engine.impl.db.DbSqlSession.selectListWithRawParameter(DbSqlSession.java:438)
	at org.activiti.engine.impl.db.DbSqlSession.selectList(DbSqlSession.java:429)
	at org.activiti.engine.impl.db.DbSqlSession.selectList(DbSqlSession.java:419)
	at org.activiti.engine.impl.persistence.entity.GroupEntityManager.findGroupByQueryCriteria(GroupEntityManager.java:90)
	at org.activiti.engine.impl.GroupQueryImpl.executeList(GroupQueryImpl.java:125)
	at org.activiti.engine.impl.AbstractQuery.execute(AbstractQuery.java:164)
	at org.activiti.engine.impl.interceptor.CommandInvoker.execute(CommandInvoker.java:24)
	at org.activiti.engine.impl.interceptor.CommandContextInterceptor.execute(CommandContextInterceptor.java:57)
	at org.activiti.engine.impl.interceptor.LogInterceptor.execute(LogInterceptor.java:37)
	at org.activiti.engine.impl.cfg.CommandExecutorImpl.execute(CommandExecutorImpl.java:40)
	at org.activiti.engine.impl.cfg.CommandExecutorImpl.execute(CommandExecutorImpl.java:35)
	at org.activiti.engine.impl.AbstractQuery.list(AbstractQuery.java:138)
	at org.activiti.engine.test.api.identity.GroupQueryTest.verifyQueryResults(GroupQueryTest.java:221)
	at org.activiti.engine.test.api.identity.GroupQueryTest.testQueryByInvalidName(GroupQueryTest.java:103)
	at sun.reflect.NativeMethodAccessorImpl.invoke0(Native Method)
	at sun.reflect.NativeMethodAccessorImpl.invoke(NativeMethodAccessorImpl.java:62)
	at sun.reflect.DelegatingMethodAccessorImpl.invoke(DelegatingMethodAccessorImpl.java:43)
	at java.lang.reflect.Method.invoke(Method.java:498)
	at junit.framework.TestCase.runTest(TestCase.java:176)
	at org.activiti.engine.impl.test.PvmTestCase.runTest(PvmTestCase.java:65)
	at junit.framework.TestCase.runBare(TestCase.java:141)
	at org.activiti.engine.impl.test.AbstractActivitiTestCase.runBare(AbstractActivitiTestCase.java:100)
	at junit.framework.TestResult$1.protect(TestResult.java:122)
	at junit.framework.TestResult.runProtected(TestResult.java:142)
	at junit.framework.TestResult.run(TestResult.java:125)
	at junit.framework.TestCase.run(TestCase.java:129)
	at junit.framework.TestSuite.runTest(TestSuite.java:255)
	at junit.framework.TestSuite.run(TestSuite.java:250)
	at org.junit.internal.runners.JUnit38ClassRunner.run(JUnit38ClassRunner.java:84)
	at org.apache.maven.surefire.junit4.JUnit4TestSet.execute(JUnit4TestSet.java:35)
	at org.apache.maven.surefire.junit4.JUnit4Provider.executeTestSet(JUnit4Provider.java:146)
	at org.apache.maven.surefire.junit4.JUnit4Provider.invoke(JUnit4Provider.java:97)
	at sun.reflect.NativeMethodAccessorImpl.invoke0(Native Method)
	at sun.reflect.NativeMethodAccessorImpl.invoke(NativeMethodAccessorImpl.java:62)
	at sun.reflect.DelegatingMethodAccessorImpl.invoke(DelegatingMethodAccessorImpl.java:43)
	at java.lang.reflect.Method.invoke(Method.java:498)
	at org.apache.maven.surefire.booter.ProviderFactory$ClassLoaderProxy.invoke(ProviderFactory.java:103)
	at com.sun.proxy.$Proxy0.invoke(Unknown Source)
	at org.apache.maven.surefire.booter.SurefireStarter.invokeProvider(SurefireStarter.java:145)
	at org.apache.maven.surefire.booter.SurefireStarter.runSuitesInProcess(SurefireStarter.java:87)
	at org.apache.maven.surefire.booter.ForkedBooter.main(ForkedBooter.java:69)
Caused by: org.h2.jdbc.JdbcSQLException: Syntax error in SQL statement &quot;SELECT RES.* 
     
    FROM ACT_ID_GROUP RES
     
     WHERE  RES.NAME_ = ? 
   
     ORDER BY  ORDER[*] BY RES.ID_ ASC  
    LIMIT ? OFFSET ? &quot;; expected &quot;=, NOT, EXISTS, INTERSECTS, SELECT, FROM&quot;; SQL statement:
select RES.* 
     
    from ACT_ID_GROUP RES
     
     WHERE  RES.NAME_ = ? 
   
     order by  order by RES.ID_ asc  
    LIMIT ? OFFSET ? [42001-176]
	at org.h2.message.DbException.getJdbcSQLException(DbException.java:344)
	at org.h2.message.DbException.getSyntaxError(DbException.java:204)
	at org.h2.command.Parser.getSyntaxError(Parser.java:524)
	at org.h2.command.Parser.readTerm(Parser.java:2688)
	at org.h2.command.Parser.readFactor(Parser.java:2244)
	at org.h2.command.Parser.readSum(Parser.java:2231)
	at org.h2.command.Parser.readConcat(Parser.java:2201)
	at org.h2.command.Parser.readCondition(Parser.java:2051)
	at org.h2.command.Parser.readAnd(Parser.java:2023)
	at org.h2.command.Parser.readExpression(Parser.java:2015)
	at org.h2.command.Parser.parseEndOfQuery(Parser.java:1726)
	at org.h2.command.Parser.parseSelectUnionExtension(Parser.java:1706)
	at org.h2.command.Parser.parseSelectUnion(Parser.java:1675)
	at org.h2.command.Parser.parseSelect(Parser.java:1662)
	at org.h2.command.Parser.parsePrepared(Parser.java:434)
	at org.h2.command.Parser.parse(Parser.java:306)
	at org.h2.command.Parser.parse(Parser.java:282)
	at org.h2.command.Parser.prepareCommand(Parser.java:243)
	at org.h2.engine.Session.prepareLocal(Session.java:442)
	at org.h2.engine.Session.prepareCommand(Session.java:384)
	at org.h2.jdbc.JdbcConnection.prepareCommand(JdbcConnection.java:1188)
	at org.h2.jdbc.JdbcPreparedStatement.&lt;init&gt;(JdbcPreparedStatement.java:73)
	at org.h2.jdbc.JdbcConnection.prepareStatement(JdbcConnection.java:276)
	at sun.reflect.GeneratedMethodAccessor6.invoke(Unknown Source)
	at sun.reflect.DelegatingMethodAccessorImpl.invoke(DelegatingMethodAccessorImpl.java:43)
	at java.lang.reflect.Method.invoke(Method.java:498)
	at org.apache.ibatis.datasource.pooled.PooledConnection.invoke(PooledConnection.java:245)
	at com.sun.proxy.$Proxy12.prepareStatement(Unknown Source)
	at sun.reflect.GeneratedMethodAccessor6.invoke(Unknown Source)
	at sun.reflect.DelegatingMethodAccessorImpl.invoke(DelegatingMethodAccessorImpl.java:43)
	at java.lang.reflect.Method.invoke(Method.java:498)
	at org.apache.ibatis.logging.jdbc.ConnectionLogger.invoke(ConnectionLogger.java:55)
	at com.sun.proxy.$Proxy12.prepareStatement(Unknown Source)
	at org.apache.ibatis.executor.statement.PreparedStatementHandler.instantiateStatement(PreparedStatementHandler.java:79)
	at org.apache.ibatis.executor.statement.BaseStatementHandler.prepare(BaseStatementHandler.java:88)
	at org.apache.ibatis.executor.statement.RoutingStatementHandler.prepare(RoutingStatementHandler.java:58)
	at org.apache.ibatis.executor.SimpleExecutor.prepareStatement(SimpleExecutor.java:76)
	at org.apache.ibatis.executor.SimpleExecutor.doQuery(SimpleExecutor.java:61)
	at org.apache.ibatis.executor.BaseExecutor.queryFromDatabase(BaseExecutor.java:303)
	at org.apache.ibatis.executor.BaseExecutor.query(BaseExecutor.java:154)
	at org.apache.ibatis.executor.CachingExecutor.query(CachingExecutor.java:102)
	at org.apache.ibatis.executor.CachingExecutor.query(CachingExecutor.java:82)
	at org.apache.ibatis.session.defaults.DefaultSqlSession.selectList(DefaultSqlSession.java:120)
	... 42 more
10:44:56,504 [main] DEBUG org.activiti.engine.impl.cfg.standalone.StandaloneMybatisTransactionContext  - firing event rolling back...
10:44:56,504 [main] DEBUG org.activiti.engine.impl.cfg.standalone.StandaloneMybatisTransactionContext  - rolling back ibatis sql session...
10:44:56,504 [main] DEBUG org.activiti.engine.impl.cfg.standalone.StandaloneMybatisTransactionContext  - firing event rolled back...
10:44:56,504 [main] DEBUG org.apache.ibatis.transaction.jdbc.JdbcTransaction  - Resetting autocommit to true on JDBC Connection [conn3: url=jdbc:h2:mem:activiti user=SA]
10:44:56,504 [main] DEBUG org.apache.ibatis.transaction.jdbc.JdbcTransaction  - Closing JDBC Connection [conn3: url=jdbc:h2:mem:activiti user=SA]
10:44:56,504 [main] DEBUG org.apache.ibatis.datasource.pooled.PooledDataSource  - Returned connection 180014677 to pool.
10:44:56,504 [main] DEBUG org.activiti.engine.impl.interceptor.LogInterceptor  - --- GroupQueryImpl finished --------------------------------------------------------
10:44:56,504 [main] DEBUG org.activiti.engine.impl.interceptor.LogInterceptor  - 

10:44:56,504 [main] ERROR org.activiti.engine.impl.test.PvmTestCase  - 

10:44:56,504 [main] ERROR org.activiti.engine.impl.test.PvmTestCase  - EXCEPTION: org.apache.ibatis.exceptions.PersistenceException: 
### Error querying database.  Cause: org.h2.jdbc.JdbcSQLException: Syntax error in SQL statement &quot;SELECT RES.* 
     
    FROM ACT_ID_GROUP RES
     
     WHERE  RES.NAME_ = ? 
   
     ORDER BY  ORDER[*] BY RES.ID_ ASC  
    LIMIT ? OFFSET ? &quot;; expected &quot;=, NOT, EXISTS, INTERSECTS, SELECT, FROM&quot;; SQL statement:
select RES.* 
     
    from ACT_ID_GROUP RES
     
     WHERE  RES.NAME_ = ? 
   
     order by  order by RES.ID_ asc  
    LIMIT ? OFFSET ? [42001-176]
### The error may exist in org/activiti/db/mapping/entity/Group.xml
### The error may involve org.activiti.engine.impl.persistence.entity.GroupEntity.selectGroupByQueryCriteria
### The error occurred while executing a query
### SQL: select RES.*            from ACT_ID_GROUP RES            WHERE  RES.NAME_ = ?           order by  order by RES.ID_ asc       LIMIT ? OFFSET ?
### Cause: org.h2.jdbc.JdbcSQLException: Syntax error in SQL statement &quot;SELECT RES.* 
     
    FROM ACT_ID_GROUP RES
     
     WHERE  RES.NAME_ = ? 
   
     ORDER BY  ORDER[*] BY RES.ID_ ASC  
    LIMIT ? OFFSET ? &quot;; expected &quot;=, NOT, EXISTS, INTERSECTS, SELECT, FROM&quot;; SQL statement:
select RES.* 
     
    from ACT_ID_GROUP RES
     
     WHERE  RES.NAME_ = ? 
   
     order by  order by RES.ID_ asc  
    LIMIT ? OFFSET ? [42001-176]
org.apache.ibatis.exceptions.PersistenceException: 
### Error querying database.  Cause: org.h2.jdbc.JdbcSQLException: Syntax error in SQL statement &quot;SELECT RES.* 
     
    FROM ACT_ID_GROUP RES
     
     WHERE  RES.NAME_ = ? 
   
     ORDER BY  ORDER[*] BY RES.ID_ ASC  
    LIMIT ? OFFSET ? &quot;; expected &quot;=, NOT, EXISTS, INTERSECTS, SELECT, FROM&quot;; SQL statement:
select RES.* 
     
    from ACT_ID_GROUP RES
     
     WHERE  RES.NAME_ = ? 
   
     order by  order by RES.ID_ asc  
    LIMIT ? OFFSET ? [42001-176]
### The error may exist in org/activiti/db/mapping/entity/Group.xml
### The error may involve org.activiti.engine.impl.persistence.entity.GroupEntity.selectGroupByQueryCriteria
### The error occurred while executing a query
### SQL: select RES.*            from ACT_ID_GROUP RES            WHERE  RES.NAME_ = ?           order by  order by RES.ID_ asc       LIMIT ? OFFSET ?
### Cause: org.h2.jdbc.JdbcSQLException: Syntax error in SQL statement &quot;SELECT RES.* 
     
    FROM ACT_ID_GROUP RES
     
     WHERE  RES.NAME_ = ? 
   
     ORDER BY  ORDER[*] BY RES.ID_ ASC  
    LIMIT ? OFFSET ? &quot;; expected &quot;=, NOT, EXISTS, INTERSECTS, SELECT, FROM&quot;; SQL statement:
select RES.* 
     
    from ACT_ID_GROUP RES
     
     WHERE  RES.NAME_ = ? 
   
     order by  order by RES.ID_ asc  
    LIMIT ? OFFSET ? [42001-176]
	at org.apache.ibatis.exceptions.ExceptionFactory.wrapException(ExceptionFactory.java:30)
	at org.apache.ibatis.session.defaults.DefaultSqlSession.selectList(DefaultSqlSession.java:122)
	at org.apache.ibatis.session.defaults.DefaultSqlSession.selectList(DefaultSqlSession.java:113)
	at org.activiti.engine.impl.db.DbSqlSession.selectListWithRawParameter(DbSqlSession.java:438)
	at org.activiti.engine.impl.db.DbSqlSession.selectList(DbSqlSession.java:429)
	at org.activiti.engine.impl.db.DbSqlSession.selectList(DbSqlSession.java:419)
	at org.activiti.engine.impl.persistence.entity.GroupEntityManager.findGroupByQueryCriteria(GroupEntityManager.java:90)
	at org.activiti.engine.impl.GroupQueryImpl.executeList(GroupQueryImpl.java:125)
	at org.activiti.engine.impl.AbstractQuery.execute(AbstractQuery.java:164)
	at org.activiti.engine.impl.interceptor.CommandInvoker.execute(CommandInvoker.java:24)
	at org.activiti.engine.impl.interceptor.CommandContextInterceptor.execute(CommandContextInterceptor.java:57)
	at org.activiti.engine.impl.interceptor.LogInterceptor.execute(LogInterceptor.java:37)
	at org.activiti.engine.impl.cfg.CommandExecutorImpl.execute(CommandExecutorImpl.java:40)
	at org.activiti.engine.impl.cfg.CommandExecutorImpl.execute(CommandExecutorImpl.java:35)
	at org.activiti.engine.impl.AbstractQuery.list(AbstractQuery.java:138)
	at org.activiti.engine.test.api.identity.GroupQueryTest.verifyQueryResults(GroupQueryTest.java:221)
	at org.activiti.engine.test.api.identity.GroupQueryTest.testQueryByInvalidName(GroupQueryTest.java:103)
	at sun.reflect.NativeMethodAccessorImpl.invoke0(Native Method)
	at sun.reflect.NativeMethodAccessorImpl.invoke(NativeMethodAccessorImpl.java:62)
	at sun.reflect.DelegatingMethodAccessorImpl.invoke(DelegatingMethodAccessorImpl.java:43)
	at java.lang.reflect.Method.invoke(Method.java:498)
	at junit.framework.TestCase.runTest(TestCase.java:176)
	at org.activiti.engine.impl.test.PvmTestCase.runTest(PvmTestCase.java:65)
	at junit.framework.TestCase.runBare(TestCase.java:141)
	at org.activiti.engine.impl.test.AbstractActivitiTestCase.runBare(AbstractActivitiTestCase.java:100)
	at junit.framework.TestResult$1.protect(TestResult.java:122)
	at junit.framework.TestResult.runProtected(TestResult.java:142)
	at junit.framework.TestResult.run(TestResult.java:125)
	at junit.framework.TestCase.run(TestCase.java:129)
	at junit.framework.TestSuite.runTest(TestSuite.java:255)
	at junit.framework.TestSuite.run(TestSuite.java:250)
	at org.junit.internal.runners.JUnit38ClassRunner.run(JUnit38ClassRunner.java:84)
	at org.apache.maven.surefire.junit4.JUnit4TestSet.execute(JUnit4TestSet.java:35)
	at org.apache.maven.surefire.junit4.JUnit4Provider.executeTestSet(JUnit4Provider.java:146)
	at org.apache.maven.surefire.junit4.JUnit4Provider.invoke(JUnit4Provider.java:97)
	at sun.reflect.NativeMethodAccessorImpl.invoke0(Native Method)
	at sun.reflect.NativeMethodAccessorImpl.invoke(NativeMethodAccessorImpl.java:62)
	at sun.reflect.DelegatingMethodAccessorImpl.invoke(DelegatingMethodAccessorImpl.java:43)
	at java.lang.reflect.Method.invoke(Method.java:498)
	at org.apache.maven.surefire.booter.ProviderFactory$ClassLoaderProxy.invoke(ProviderFactory.java:103)
	at com.sun.proxy.$Proxy0.invoke(Unknown Source)
	at org.apache.maven.surefire.booter.SurefireStarter.invokeProvider(SurefireStarter.java:145)
	at org.apache.maven.surefire.booter.SurefireStarter.runSuitesInProcess(SurefireStarter.java:87)
	at org.apache.maven.surefire.booter.ForkedBooter.main(ForkedBooter.java:69)
Caused by: org.h2.jdbc.JdbcSQLException: Syntax error in SQL statement &quot;SELECT RES.* 
     
    FROM ACT_ID_GROUP RES
     
     WHERE  RES.NAME_ = ? 
   
     ORDER BY  ORDER[*] BY RES.ID_ ASC  
    LIMIT ? OFFSET ? &quot;; expected &quot;=, NOT, EXISTS, INTERSECTS, SELECT, FROM&quot;; SQL statement:
select RES.* 
     
    from ACT_ID_GROUP RES
     
     WHERE  RES.NAME_ = ? 
   
     order by  order by RES.ID_ asc  
    LIMIT ? OFFSET ? [42001-176]
	at org.h2.message.DbException.getJdbcSQLException(DbException.java:344)
	at org.h2.message.DbException.getSyntaxError(DbException.java:204)
	at org.h2.command.Parser.getSyntaxError(Parser.java:524)
	at org.h2.command.Parser.readTerm(Parser.java:2688)
	at org.h2.command.Parser.readFactor(Parser.java:2244)
	at org.h2.command.Parser.readSum(Parser.java:2231)
	at org.h2.command.Parser.readConcat(Parser.java:2201)
	at org.h2.command.Parser.readCondition(Parser.java:2051)
	at org.h2.command.Parser.readAnd(Parser.java:2023)
	at org.h2.command.Parser.readExpression(Parser.java:2015)
	at org.h2.command.Parser.parseEndOfQuery(Parser.java:1726)
	at org.h2.command.Parser.parseSelectUnionExtension(Parser.java:1706)
	at org.h2.command.Parser.parseSelectUnion(Parser.java:1675)
	at org.h2.command.Parser.parseSelect(Parser.java:1662)
	at org.h2.command.Parser.parsePrepared(Parser.java:434)
	at org.h2.command.Parser.parse(Parser.java:306)
	at org.h2.command.Parser.parse(Parser.java:282)
	at org.h2.command.Parser.prepareCommand(Parser.java:243)
	at org.h2.engine.Session.prepareLocal(Session.java:442)
	at org.h2.engine.Session.prepareCommand(Session.java:384)
	at org.h2.jdbc.JdbcConnection.prepareCommand(JdbcConnection.java:1188)
	at org.h2.jdbc.JdbcPreparedStatement.&lt;init&gt;(JdbcPreparedStatement.java:73)
	at org.h2.jdbc.JdbcConnection.prepareStatement(JdbcConnection.java:276)
	at sun.reflect.GeneratedMethodAccessor6.invoke(Unknown Source)
	at sun.reflect.DelegatingMethodAccessorImpl.invoke(DelegatingMethodAccessorImpl.java:43)
	at java.lang.reflect.Method.invoke(Method.java:498)
	at org.apache.ibatis.datasource.pooled.PooledConnection.invoke(PooledConnection.java:245)
	at com.sun.proxy.$Proxy12.prepareStatement(Unknown Source)
	at sun.reflect.GeneratedMethodAccessor6.invoke(Unknown Source)
	at sun.reflect.DelegatingMethodAccessorImpl.invoke(DelegatingMethodAccessorImpl.java:43)
	at java.lang.reflect.Method.invoke(Method.java:498)
	at org.apache.ibatis.logging.jdbc.ConnectionLogger.invoke(ConnectionLogger.java:55)
	at com.sun.proxy.$Proxy12.prepareStatement(Unknown Source)
	at org.apache.ibatis.executor.statement.PreparedStatementHandler.instantiateStatement(PreparedStatementHandler.java:79)
	at org.apache.ibatis.executor.statement.BaseStatementHandler.prepare(BaseStatementHandler.java:88)
	at org.apache.ibatis.executor.statement.RoutingStatementHandler.prepare(RoutingStatementHandler.java:58)
	at org.apache.ibatis.executor.SimpleExecutor.prepareStatement(SimpleExecutor.java:76)
	at org.apache.ibatis.executor.SimpleExecutor.doQuery(SimpleExecutor.java:61)
	at org.apache.ibatis.executor.BaseExecutor.queryFromDatabase(BaseExecutor.java:303)
	at org.apache.ibatis.executor.BaseExecutor.query(BaseExecutor.java:154)
	at org.apache.ibatis.executor.CachingExecutor.query(CachingExecutor.java:102)
	at org.apache.ibatis.executor.CachingExecutor.query(CachingExecutor.java:82)
	at org.apache.ibatis.session.defaults.DefaultSqlSession.selectList(DefaultSqlSession.java:120)
	... 42 more
10:44:56,504 [main] DEBUG org.activiti.engine.impl.test.PvmTestCase  - #### END GroupQueryTest.testQueryByInvalidName #############################################################
10:44:56,504 [main] DEBUG org.activiti.engine.impl.interceptor.LogInterceptor  - 

10:44:56,504 [main] DEBUG org.activiti.engine.impl.interceptor.LogInterceptor  - --- starting DeleteUserCmd --------------------------------------------------------
10:44:56,504 [main] DEBUG org.apache.ibatis.transaction.jdbc.JdbcTransaction  - Opening JDBC Connection
10:44:56,504 [main] DEBUG org.apache.ibatis.datasource.pooled.PooledDataSource  - Checked out connection 297240765 from pool.
10:44:56,504 [main] DEBUG org.apache.ibatis.transaction.jdbc.JdbcTransaction  - Setting autocommit to false on JDBC Connection [conn4: url=jdbc:h2:mem:activiti user=SA]
10:44:56,504 [main] DEBUG org.activiti.engine.impl.persistence.entity.UserEntity.selectUserById  - ==&gt;  Preparing: select * from ACT_ID_USER where ID_ = ? 
10:44:56,504 [main] DEBUG org.activiti.engine.impl.persistence.entity.UserEntity.selectUserById  - ==&gt; Parameters: kermit(String)
10:44:56,504 [main] DEBUG org.activiti.engine.impl.persistence.entity.UserEntity.selectUserById  - &lt;==      Total: 1
10:44:56,504 [main] DEBUG org.activiti.engine.impl.persistence.entity.IdentityInfoEntity.selectIdentityInfoByUserId  - ==&gt;  Preparing: select * from ACT_ID_INFO where USER_ID_ = ? 
10:44:56,505 [main] DEBUG org.activiti.engine.impl.persistence.entity.IdentityInfoEntity.selectIdentityInfoByUserId  - ==&gt; Parameters: kermit(String)
10:44:56,505 [main] DEBUG org.activiti.engine.impl.persistence.entity.IdentityInfoEntity.selectIdentityInfoByUserId  - &lt;==      Total: 0
10:44:56,505 [main] DEBUG org.activiti.engine.impl.db.DbSqlSession  -   bulk delete: deleteMembershipsByUserId(kermit)
10:44:56,505 [main] DEBUG org.activiti.engine.impl.db.DbSqlSession  -   delete org.activiti.engine.impl.persistence.entity.UserEntity@7c781c42
10:44:56,505 [main] DEBUG org.activiti.engine.impl.db.DbSqlSession  - flush summary: 0 insert, 0 update, 2 delete.
10:44:56,505 [main] DEBUG org.activiti.engine.impl.db.DbSqlSession  - now executing flush...
10:44:56,505 [main] DEBUG org.activiti.engine.impl.db.DbSqlSession  - executing: bulk delete: deleteMembershipsByUserId(kermit)
10:44:56,505 [main] DEBUG org.activiti.engine.impl.persistence.entity.MembershipRelation.deleteMembershipsByUserId  - ==&gt;  Preparing: delete from ACT_ID_MEMBERSHIP where USER_ID_ = ? 
10:44:56,505 [main] DEBUG org.activiti.engine.impl.persistence.entity.MembershipRelation.deleteMembershipsByUserId  - ==&gt; Parameters: kermit(String)
10:44:56,505 [main] DEBUG org.activiti.engine.impl.persistence.entity.MembershipRelation.deleteMembershipsByUserId  - &lt;==    Updates: 3
10:44:56,505 [main] DEBUG org.activiti.engine.impl.db.DbSqlSession  - executing: delete org.activiti.engine.impl.persistence.entity.UserEntity@7c781c42
10:44:56,505 [main] DEBUG org.activiti.engine.impl.persistence.entity.UserEntity.deleteUser  - ==&gt;  Preparing: delete from ACT_ID_USER where ID_ = ? and REV_ = ? 
10:44:56,505 [main] DEBUG org.activiti.engine.impl.persistence.entity.UserEntity.deleteUser  - ==&gt; Parameters: kermit(String), 1(Integer)
10:44:56,505 [main] DEBUG org.activiti.engine.impl.persistence.entity.UserEntity.deleteUser  - &lt;==    Updates: 1
10:44:56,505 [main] DEBUG org.activiti.engine.impl.cfg.standalone.StandaloneMybatisTransactionContext  - firing event committing...
10:44:56,505 [main] DEBUG org.activiti.engine.impl.cfg.standalone.StandaloneMybatisTransactionContext  - committing the ibatis sql session...
10:44:56,505 [main] DEBUG org.apache.ibatis.transaction.jdbc.JdbcTransaction  - Committing JDBC Connection [conn4: url=jdbc:h2:mem:activiti user=SA]
10:44:56,505 [main] DEBUG org.activiti.engine.impl.cfg.standalone.StandaloneMybatisTransactionContext  - firing event committed...
10:44:56,505 [main] DEBUG org.apache.ibatis.transaction.jdbc.JdbcTransaction  - Resetting autocommit to true on JDBC Connection [conn4: url=jdbc:h2:mem:activiti user=SA]
10:44:56,505 [main] DEBUG org.apache.ibatis.transaction.jdbc.JdbcTransaction  - Closing JDBC Connection [conn4: url=jdbc:h2:mem:activiti user=SA]
10:44:56,505 [main] DEBUG org.apache.ibatis.datasource.pooled.PooledDataSource  - Returned connection 297240765 to pool.
10:44:56,505 [main] DEBUG org.activiti.engine.impl.interceptor.LogInterceptor  - --- DeleteUserCmd finished --------------------------------------------------------
10:44:56,505 [main] DEBUG org.activiti.engine.impl.interceptor.LogInterceptor  - 

10:44:56,505 [main] DEBUG org.activiti.engine.impl.interceptor.LogInterceptor  - 

10:44:56,505 [main] DEBUG org.activiti.engine.impl.interceptor.LogInterceptor  - --- starting DeleteUserCmd --------------------------------------------------------
10:44:56,505 [main] DEBUG org.apache.ibatis.transaction.jdbc.JdbcTransaction  - Opening JDBC Connection
10:44:56,505 [main] DEBUG org.apache.ibatis.datasource.pooled.PooledDataSource  - Checked out connection 363509958 from pool.
10:44:56,505 [main] DEBUG org.apache.ibatis.transaction.jdbc.JdbcTransaction  - Setting autocommit to false on JDBC Connection [conn2: url=jdbc:h2:mem:activiti user=SA]
10:44:56,505 [main] DEBUG org.activiti.engine.impl.persistence.entity.UserEntity.selectUserById  - ==&gt;  Preparing: select * from ACT_ID_USER where ID_ = ? 
10:44:56,505 [main] DEBUG org.activiti.engine.impl.persistence.entity.UserEntity.selectUserById  - ==&gt; Parameters: fozzie(String)
10:44:56,505 [main] DEBUG org.activiti.engine.impl.persistence.entity.UserEntity.selectUserById  - &lt;==      Total: 1
10:44:56,505 [main] DEBUG org.activiti.engine.impl.persistence.entity.IdentityInfoEntity.selectIdentityInfoByUserId  - ==&gt;  Preparing: select * from ACT_ID_INFO where USER_ID_ = ? 
10:44:56,505 [main] DEBUG org.activiti.engine.impl.persistence.entity.IdentityInfoEntity.selectIdentityInfoByUserId  - ==&gt; Parameters: fozzie(String)
10:44:56,505 [main] DEBUG org.activiti.engine.impl.persistence.entity.IdentityInfoEntity.selectIdentityInfoByUserId  - &lt;==      Total: 0
10:44:56,505 [main] DEBUG org.activiti.engine.impl.db.DbSqlSession  -   bulk delete: deleteMembershipsByUserId(fozzie)
10:44:56,505 [main] DEBUG org.activiti.engine.impl.db.DbSqlSession  -   delete org.activiti.engine.impl.persistence.entity.UserEntity@795f8317
10:44:56,505 [main] DEBUG org.activiti.engine.impl.db.DbSqlSession  - flush summary: 0 insert, 0 update, 2 delete.
10:44:56,505 [main] DEBUG org.activiti.engine.impl.db.DbSqlSession  - now executing flush...
10:44:56,505 [main] DEBUG org.activiti.engine.impl.db.DbSqlSession  - executing: bulk delete: deleteMembershipsByUserId(fozzie)
10:44:56,505 [main] DEBUG org.activiti.engine.impl.persistence.entity.MembershipRelation.deleteMembershipsByUserId  - ==&gt;  Preparing: delete from ACT_ID_MEMBERSHIP where USER_ID_ = ? 
10:44:56,505 [main] DEBUG org.activiti.engine.impl.persistence.entity.MembershipRelation.deleteMembershipsByUserId  - ==&gt; Parameters: fozzie(String)
10:44:56,505 [main] DEBUG org.activiti.engine.impl.persistence.entity.MembershipRelation.deleteMembershipsByUserId  - &lt;==    Updates: 2
10:44:56,505 [main] DEBUG org.activiti.engine.impl.db.DbSqlSession  - executing: delete org.activiti.engine.impl.persistence.entity.UserEntity@795f8317
10:44:56,505 [main] DEBUG org.activiti.engine.impl.persistence.entity.UserEntity.deleteUser  - ==&gt;  Preparing: delete from ACT_ID_USER where ID_ = ? and REV_ = ? 
10:44:56,505 [main] DEBUG org.activiti.engine.impl.persistence.entity.UserEntity.deleteUser  - ==&gt; Parameters: fozzie(String), 1(Integer)
10:44:56,505 [main] DEBUG org.activiti.engine.impl.persistence.entity.UserEntity.deleteUser  - &lt;==    Updates: 1
10:44:56,505 [main] DEBUG org.activiti.engine.impl.cfg.standalone.StandaloneMybatisTransactionContext  - firing event committing...
10:44:56,505 [main] DEBUG org.activiti.engine.impl.cfg.standalone.StandaloneMybatisTransactionContext  - committing the ibatis sql session...
10:44:56,505 [main] DEBUG org.apache.ibatis.transaction.jdbc.JdbcTransaction  - Committing JDBC Connection [conn2: url=jdbc:h2:mem:activiti user=SA]
10:44:56,505 [main] DEBUG org.activiti.engine.impl.cfg.standalone.StandaloneMybatisTransactionContext  - firing event committed...
10:44:56,505 [main] DEBUG org.apache.ibatis.transaction.jdbc.JdbcTransaction  - Resetting autocommit to true on JDBC Connection [conn2: url=jdbc:h2:mem:activiti user=SA]
10:44:56,505 [main] DEBUG org.apache.ibatis.transaction.jdbc.JdbcTransaction  - Closing JDBC Connection [conn2: url=jdbc:h2:mem:activiti user=SA]
10:44:56,505 [main] DEBUG org.apache.ibatis.datasource.pooled.PooledDataSource  - Returned connection 363509958 to pool.
10:44:56,505 [main] DEBUG org.activiti.engine.impl.interceptor.LogInterceptor  - --- DeleteUserCmd finished --------------------------------------------------------
10:44:56,505 [main] DEBUG org.activiti.engine.impl.interceptor.LogInterceptor  - 

10:44:56,505 [main] DEBUG org.activiti.engine.impl.interceptor.LogInterceptor  - 

10:44:56,505 [main] DEBUG org.activiti.engine.impl.interceptor.LogInterceptor  - --- starting DeleteUserCmd --------------------------------------------------------
10:44:56,505 [main] DEBUG org.apache.ibatis.transaction.jdbc.JdbcTransaction  - Opening JDBC Connection
10:44:56,505 [main] DEBUG org.apache.ibatis.datasource.pooled.PooledDataSource  - Checked out connection 180014677 from pool.
10:44:56,505 [main] DEBUG org.apache.ibatis.transaction.jdbc.JdbcTransaction  - Setting autocommit to false on JDBC Connection [conn3: url=jdbc:h2:mem:activiti user=SA]
10:44:56,505 [main] DEBUG org.activiti.engine.impl.persistence.entity.UserEntity.selectUserById  - ==&gt;  Preparing: select * from ACT_ID_USER where ID_ = ? 
10:44:56,505 [main] DEBUG org.activiti.engine.impl.persistence.entity.UserEntity.selectUserById  - ==&gt; Parameters: mispiggy(String)
10:44:56,505 [main] DEBUG org.activiti.engine.impl.persistence.entity.UserEntity.selectUserById  - &lt;==      Total: 1
10:44:56,505 [main] DEBUG org.activiti.engine.impl.persistence.entity.IdentityInfoEntity.selectIdentityInfoByUserId  - ==&gt;  Preparing: select * from ACT_ID_INFO where USER_ID_ = ? 
10:44:56,505 [main] DEBUG org.activiti.engine.impl.persistence.entity.IdentityInfoEntity.selectIdentityInfoByUserId  - ==&gt; Parameters: mispiggy(String)
10:44:56,505 [main] DEBUG org.activiti.engine.impl.persistence.entity.IdentityInfoEntity.selectIdentityInfoByUserId  - &lt;==      Total: 0
10:44:56,505 [main] DEBUG org.activiti.engine.impl.db.DbSqlSession  -   bulk delete: deleteMembershipsByUserId(mispiggy)
10:44:56,505 [main] DEBUG org.activiti.engine.impl.db.DbSqlSession  -   delete org.activiti.engine.impl.persistence.entity.UserEntity@633fd91
10:44:56,505 [main] DEBUG org.activiti.engine.impl.db.DbSqlSession  - flush summary: 0 insert, 0 update, 2 delete.
10:44:56,505 [main] DEBUG org.activiti.engine.impl.db.DbSqlSession  - now executing flush...
10:44:56,505 [main] DEBUG org.activiti.engine.impl.db.DbSqlSession  - executing: bulk delete: deleteMembershipsByUserId(mispiggy)
10:44:56,505 [main] DEBUG org.activiti.engine.impl.persistence.entity.MembershipRelation.deleteMembershipsByUserId  - ==&gt;  Preparing: delete from ACT_ID_MEMBERSHIP where USER_ID_ = ? 
10:44:56,506 [main] DEBUG org.activiti.engine.impl.persistence.entity.MembershipRelation.deleteMembershipsByUserId  - ==&gt; Parameters: mispiggy(String)
10:44:56,506 [main] DEBUG org.activiti.engine.impl.persistence.entity.MembershipRelation.deleteMembershipsByUserId  - &lt;==    Updates: 2
10:44:56,506 [main] DEBUG org.activiti.engine.impl.db.DbSqlSession  - executing: delete org.activiti.engine.impl.persistence.entity.UserEntity@633fd91
10:44:56,506 [main] DEBUG org.activiti.engine.impl.persistence.entity.UserEntity.deleteUser  - ==&gt;  Preparing: delete from ACT_ID_USER where ID_ = ? and REV_ = ? 
10:44:56,506 [main] DEBUG org.activiti.engine.impl.persistence.entity.UserEntity.deleteUser  - ==&gt; Parameters: mispiggy(String), 1(Integer)
10:44:56,506 [main] DEBUG org.activiti.engine.impl.persistence.entity.UserEntity.deleteUser  - &lt;==    Updates: 1
10:44:56,506 [main] DEBUG org.activiti.engine.impl.cfg.standalone.StandaloneMybatisTransactionContext  - firing event committing...
10:44:56,506 [main] DEBUG org.activiti.engine.impl.cfg.standalone.StandaloneMybatisTransactionContext  - committing the ibatis sql session...
10:44:56,506 [main] DEBUG org.apache.ibatis.transaction.jdbc.JdbcTransaction  - Committing JDBC Connection [conn3: url=jdbc:h2:mem:activiti user=SA]
10:44:56,506 [main] DEBUG org.activiti.engine.impl.cfg.standalone.StandaloneMybatisTransactionContext  - firing event committed...
10:44:56,506 [main] DEBUG org.apache.ibatis.transaction.jdbc.JdbcTransaction  - Resetting autocommit to true on JDBC Connection [conn3: url=jdbc:h2:mem:activiti user=SA]
10:44:56,506 [main] DEBUG org.apache.ibatis.transaction.jdbc.JdbcTransaction  - Closing JDBC Connection [conn3: url=jdbc:h2:mem:activiti user=SA]
10:44:56,506 [main] DEBUG org.apache.ibatis.datasource.pooled.PooledDataSource  - Returned connection 180014677 to pool.
10:44:56,506 [main] DEBUG org.activiti.engine.impl.interceptor.LogInterceptor  - --- DeleteUserCmd finished --------------------------------------------------------
10:44:56,506 [main] DEBUG org.activiti.engine.impl.interceptor.LogInterceptor  - 

10:44:56,506 [main] DEBUG org.activiti.engine.impl.interceptor.LogInterceptor  - 

10:44:56,506 [main] DEBUG org.activiti.engine.impl.interceptor.LogInterceptor  - --- starting DeleteGroupCmd --------------------------------------------------------
10:44:56,506 [main] DEBUG org.apache.ibatis.transaction.jdbc.JdbcTransaction  - Opening JDBC Connection
10:44:56,506 [main] DEBUG org.apache.ibatis.datasource.pooled.PooledDataSource  - Checked out connection 297240765 from pool.
10:44:56,506 [main] DEBUG org.apache.ibatis.transaction.jdbc.JdbcTransaction  - Setting autocommit to false on JDBC Connection [conn4: url=jdbc:h2:mem:activiti user=SA]
10:44:56,506 [main] DEBUG org.activiti.engine.impl.persistence.entity.GroupEntity.selectGroup  - ==&gt;  Preparing: select * from ACT_ID_GROUP where ID_ = ? 
10:44:56,506 [main] DEBUG org.activiti.engine.impl.persistence.entity.GroupEntity.selectGroup  - ==&gt; Parameters: muppets(String)
10:44:56,506 [main] DEBUG org.activiti.engine.impl.persistence.entity.GroupEntity.selectGroup  - &lt;==      Total: 1
10:44:56,506 [main] DEBUG org.activiti.engine.impl.db.DbSqlSession  -   bulk delete: deleteMembershipsByGroupId(muppets)
10:44:56,506 [main] DEBUG org.activiti.engine.impl.db.DbSqlSession  -   delete org.activiti.engine.impl.persistence.entity.GroupEntity@355c94be
10:44:56,506 [main] DEBUG org.activiti.engine.impl.db.DbSqlSession  - flush summary: 0 insert, 0 update, 2 delete.
10:44:56,506 [main] DEBUG org.activiti.engine.impl.db.DbSqlSession  - now executing flush...
10:44:56,506 [main] DEBUG org.activiti.engine.impl.db.DbSqlSession  - executing: bulk delete: deleteMembershipsByGroupId(muppets)
10:44:56,506 [main] DEBUG org.activiti.engine.impl.persistence.entity.MembershipRelation.deleteMembershipsByGroupId  - ==&gt;  Preparing: delete from ACT_ID_MEMBERSHIP where GROUP_ID_ = ? 
10:44:56,506 [main] DEBUG org.activiti.engine.impl.persistence.entity.MembershipRelation.deleteMembershipsByGroupId  - ==&gt; Parameters: muppets(String)
10:44:56,506 [main] DEBUG org.activiti.engine.impl.persistence.entity.MembershipRelation.deleteMembershipsByGroupId  - &lt;==    Updates: 0
10:44:56,506 [main] DEBUG org.activiti.engine.impl.db.DbSqlSession  - executing: delete org.activiti.engine.impl.persistence.entity.GroupEntity@355c94be
10:44:56,506 [main] DEBUG org.activiti.engine.impl.persistence.entity.GroupEntity.deleteGroup  - ==&gt;  Preparing: delete from ACT_ID_GROUP where ID_ = ? and REV_ = ? 
10:44:56,506 [main] DEBUG org.activiti.engine.impl.persistence.entity.GroupEntity.deleteGroup  - ==&gt; Parameters: muppets(String), 1(Integer)
10:44:56,506 [main] DEBUG org.activiti.engine.impl.persistence.entity.GroupEntity.deleteGroup  - &lt;==    Updates: 1
10:44:56,506 [main] DEBUG org.activiti.engine.impl.cfg.standalone.StandaloneMybatisTransactionContext  - firing event committing...
10:44:56,506 [main] DEBUG org.activiti.engine.impl.cfg.standalone.StandaloneMybatisTransactionContext  - committing the ibatis sql session...
10:44:56,506 [main] DEBUG org.apache.ibatis.transaction.jdbc.JdbcTransaction  - Committing JDBC Connection [conn4: url=jdbc:h2:mem:activiti user=SA]
10:44:56,506 [main] DEBUG org.activiti.engine.impl.cfg.standalone.StandaloneMybatisTransactionContext  - firing event committed...
10:44:56,506 [main] DEBUG org.apache.ibatis.transaction.jdbc.JdbcTransaction  - Resetting autocommit to true on JDBC Connection [conn4: url=jdbc:h2:mem:activiti user=SA]
10:44:56,506 [main] DEBUG org.apache.ibatis.transaction.jdbc.JdbcTransaction  - Closing JDBC Connection [conn4: url=jdbc:h2:mem:activiti user=SA]
10:44:56,506 [main] DEBUG org.apache.ibatis.datasource.pooled.PooledDataSource  - Returned connection 297240765 to pool.
10:44:56,506 [main] DEBUG org.activiti.engine.impl.interceptor.LogInterceptor  - --- DeleteGroupCmd finished --------------------------------------------------------
10:44:56,506 [main] DEBUG org.activiti.engine.impl.interceptor.LogInterceptor  - 

10:44:56,506 [main] DEBUG org.activiti.engine.impl.interceptor.LogInterceptor  - 

10:44:56,506 [main] DEBUG org.activiti.engine.impl.interceptor.LogInterceptor  - --- starting DeleteGroupCmd --------------------------------------------------------
10:44:56,506 [main] DEBUG org.apache.ibatis.transaction.jdbc.JdbcTransaction  - Opening JDBC Connection
10:44:56,506 [main] DEBUG org.apache.ibatis.datasource.pooled.PooledDataSource  - Checked out connection 363509958 from pool.
10:44:56,506 [main] DEBUG org.apache.ibatis.transaction.jdbc.JdbcTransaction  - Setting autocommit to false on JDBC Connection [conn2: url=jdbc:h2:mem:activiti user=SA]
10:44:56,506 [main] DEBUG org.activiti.engine.impl.persistence.entity.GroupEntity.selectGroup  - ==&gt;  Preparing: select * from ACT_ID_GROUP where ID_ = ? 
10:44:56,506 [main] DEBUG org.activiti.engine.impl.persistence.entity.GroupEntity.selectGroup  - ==&gt; Parameters: mammals(String)
10:44:56,506 [main] DEBUG org.activiti.engine.impl.persistence.entity.GroupEntity.selectGroup  - &lt;==      Total: 1
10:44:56,506 [main] DEBUG org.activiti.engine.impl.db.DbSqlSession  -   bulk delete: deleteMembershipsByGroupId(mammals)
10:44:56,506 [main] DEBUG org.activiti.engine.impl.db.DbSqlSession  -   delete org.activiti.engine.impl.persistence.entity.GroupEntity@97a145b
10:44:56,506 [main] DEBUG org.activiti.engine.impl.db.DbSqlSession  - flush summary: 0 insert, 0 update, 2 delete.
10:44:56,506 [main] DEBUG org.activiti.engine.impl.db.DbSqlSession  - now executing flush...
10:44:56,506 [main] DEBUG org.activiti.engine.impl.db.DbSqlSession  - executing: bulk delete: deleteMembershipsByGroupId(mammals)
10:44:56,506 [main] DEBUG org.activiti.engine.impl.persistence.entity.MembershipRelation.deleteMembershipsByGroupId  - ==&gt;  Preparing: delete from ACT_ID_MEMBERSHIP where GROUP_ID_ = ? 
10:44:56,506 [main] DEBUG org.activiti.engine.impl.persistence.entity.MembershipRelation.deleteMembershipsByGroupId  - ==&gt; Parameters: mammals(String)
10:44:56,506 [main] DEBUG org.activiti.engine.impl.persistence.entity.MembershipRelation.deleteMembershipsByGroupId  - &lt;==    Updates: 0
10:44:56,506 [main] DEBUG org.activiti.engine.impl.db.DbSqlSession  - executing: delete org.activiti.engine.impl.persistence.entity.GroupEntity@97a145b
10:44:56,506 [main] DEBUG org.activiti.engine.impl.persistence.entity.GroupEntity.deleteGroup  - ==&gt;  Preparing: delete from ACT_ID_GROUP where ID_ = ? and REV_ = ? 
10:44:56,506 [main] DEBUG org.activiti.engine.impl.persistence.entity.GroupEntity.deleteGroup  - ==&gt; Parameters: mammals(String), 1(Integer)
10:44:56,506 [main] DEBUG org.activiti.engine.impl.persistence.entity.GroupEntity.deleteGroup  - &lt;==    Updates: 1
10:44:56,506 [main] DEBUG org.activiti.engine.impl.cfg.standalone.StandaloneMybatisTransactionContext  - firing event committing...
10:44:56,506 [main] DEBUG org.activiti.engine.impl.cfg.standalone.StandaloneMybatisTransactionContext  - committing the ibatis sql session...
10:44:56,506 [main] DEBUG org.apache.ibatis.transaction.jdbc.JdbcTransaction  - Committing JDBC Connection [conn2: url=jdbc:h2:mem:activiti user=SA]
10:44:56,506 [main] DEBUG org.activiti.engine.impl.cfg.standalone.StandaloneMybatisTransactionContext  - firing event committed...
10:44:56,506 [main] DEBUG org.apache.ibatis.transaction.jdbc.JdbcTransaction  - Resetting autocommit to true on JDBC Connection [conn2: url=jdbc:h2:mem:activiti user=SA]
10:44:56,506 [main] DEBUG org.apache.ibatis.transaction.jdbc.JdbcTransaction  - Closing JDBC Connection [conn2: url=jdbc:h2:mem:activiti user=SA]
10:44:56,506 [main] DEBUG org.apache.ibatis.datasource.pooled.PooledDataSource  - Returned connection 363509958 to pool.
10:44:56,506 [main] DEBUG org.activiti.engine.impl.interceptor.LogInterceptor  - --- DeleteGroupCmd finished --------------------------------------------------------
10:44:56,506 [main] DEBUG org.activiti.engine.impl.interceptor.LogInterceptor  - 

10:44:56,506 [main] DEBUG org.activiti.engine.impl.interceptor.LogInterceptor  - 

10:44:56,506 [main] DEBUG org.activiti.engine.impl.interceptor.LogInterceptor  - --- starting DeleteGroupCmd --------------------------------------------------------
10:44:56,506 [main] DEBUG org.apache.ibatis.transaction.jdbc.JdbcTransaction  - Opening JDBC Connection
10:44:56,506 [main] DEBUG org.apache.ibatis.datasource.pooled.PooledDataSource  - Checked out connection 180014677 from pool.
10:44:56,506 [main] DEBUG org.apache.ibatis.transaction.jdbc.JdbcTransaction  - Setting autocommit to false on JDBC Connection [conn3: url=jdbc:h2:mem:activiti user=SA]
10:44:56,506 [main] DEBUG org.activiti.engine.impl.persistence.entity.GroupEntity.selectGroup  - ==&gt;  Preparing: select * from ACT_ID_GROUP where ID_ = ? 
10:44:56,506 [main] DEBUG org.activiti.engine.impl.persistence.entity.GroupEntity.selectGroup  - ==&gt; Parameters: frogs(String)
10:44:56,506 [main] DEBUG org.activiti.engine.impl.persistence.entity.GroupEntity.selectGroup  - &lt;==      Total: 1
10:44:56,506 [main] DEBUG org.activiti.engine.impl.db.DbSqlSession  -   bulk delete: deleteMembershipsByGroupId(frogs)
10:44:56,506 [main] DEBUG org.activiti.engine.impl.db.DbSqlSession  -   delete org.activiti.engine.impl.persistence.entity.GroupEntity@c386958
10:44:56,506 [main] DEBUG org.activiti.engine.impl.db.DbSqlSession  - flush summary: 0 insert, 0 update, 2 delete.
10:44:56,506 [main] DEBUG org.activiti.engine.impl.db.DbSqlSession  - now executing flush...
10:44:56,506 [main] DEBUG org.activiti.engine.impl.db.DbSqlSession  - executing: bulk delete: deleteMembershipsByGroupId(frogs)
10:44:56,506 [main] DEBUG org.activiti.engine.impl.persistence.entity.MembershipRelation.deleteMembershipsByGroupId  - ==&gt;  Preparing: delete from ACT_ID_MEMBERSHIP where GROUP_ID_ = ? 
10:44:56,506 [main] DEBUG org.activiti.engine.impl.persistence.entity.MembershipRelation.deleteMembershipsByGroupId  - ==&gt; Parameters: frogs(String)
10:44:56,507 [main] DEBUG org.activiti.engine.impl.persistence.entity.MembershipRelation.deleteMembershipsByGroupId  - &lt;==    Updates: 0
10:44:56,507 [main] DEBUG org.activiti.engine.impl.db.DbSqlSession  - executing: delete org.activiti.engine.impl.persistence.entity.GroupEntity@c386958
10:44:56,507 [main] DEBUG org.activiti.engine.impl.persistence.entity.GroupEntity.deleteGroup  - ==&gt;  Preparing: delete from ACT_ID_GROUP where ID_ = ? and REV_ = ? 
10:44:56,507 [main] DEBUG org.activiti.engine.impl.persistence.entity.GroupEntity.deleteGroup  - ==&gt; Parameters: frogs(String), 1(Integer)
10:44:56,507 [main] DEBUG org.activiti.engine.impl.persistence.entity.GroupEntity.deleteGroup  - &lt;==    Updates: 1
10:44:56,507 [main] DEBUG org.activiti.engine.impl.cfg.standalone.StandaloneMybatisTransactionContext  - firing event committing...
10:44:56,507 [main] DEBUG org.activiti.engine.impl.cfg.standalone.StandaloneMybatisTransactionContext  - committing the ibatis sql session...
10:44:56,507 [main] DEBUG org.apache.ibatis.transaction.jdbc.JdbcTransaction  - Committing JDBC Connection [conn3: url=jdbc:h2:mem:activiti user=SA]
10:44:56,507 [main] DEBUG org.activiti.engine.impl.cfg.standalone.StandaloneMybatisTransactionContext  - firing event committed...
10:44:56,507 [main] DEBUG org.apache.ibatis.transaction.jdbc.JdbcTransaction  - Resetting autocommit to true on JDBC Connection [conn3: url=jdbc:h2:mem:activiti user=SA]
10:44:56,507 [main] DEBUG org.apache.ibatis.transaction.jdbc.JdbcTransaction  - Closing JDBC Connection [conn3: url=jdbc:h2:mem:activiti user=SA]
10:44:56,507 [main] DEBUG org.apache.ibatis.datasource.pooled.PooledDataSource  - Returned connection 180014677 to pool.
10:44:56,507 [main] DEBUG org.activiti.engine.impl.interceptor.LogInterceptor  - --- DeleteGroupCmd finished --------------------------------------------------------
10:44:56,507 [main] DEBUG org.activiti.engine.impl.interceptor.LogInterceptor  - 

10:44:56,507 [main] DEBUG org.activiti.engine.impl.interceptor.LogInterceptor  - 

10:44:56,507 [main] DEBUG org.activiti.engine.impl.interceptor.LogInterceptor  - --- starting DeleteGroupCmd --------------------------------------------------------
10:44:56,507 [main] DEBUG org.apache.ibatis.transaction.jdbc.JdbcTransaction  - Opening JDBC Connection
10:44:56,507 [main] DEBUG org.apache.ibatis.datasource.pooled.PooledDataSource  - Checked out connection 297240765 from pool.
10:44:56,507 [main] DEBUG org.apache.ibatis.transaction.jdbc.JdbcTransaction  - Setting autocommit to false on JDBC Connection [conn4: url=jdbc:h2:mem:activiti user=SA]
10:44:56,507 [main] DEBUG org.activiti.engine.impl.persistence.entity.GroupEntity.selectGroup  - ==&gt;  Preparing: select * from ACT_ID_GROUP where ID_ = ? 
10:44:56,507 [main] DEBUG org.activiti.engine.impl.persistence.entity.GroupEntity.selectGroup  - ==&gt; Parameters: admin(String)
10:44:56,507 [main] DEBUG org.activiti.engine.impl.persistence.entity.GroupEntity.selectGroup  - &lt;==      Total: 1
10:44:56,507 [main] DEBUG org.activiti.engine.impl.db.DbSqlSession  -   bulk delete: deleteMembershipsByGroupId(admin)
10:44:56,507 [main] DEBUG org.activiti.engine.impl.db.DbSqlSession  -   delete org.activiti.engine.impl.persistence.entity.GroupEntity@157ec23b
10:44:56,507 [main] DEBUG org.activiti.engine.impl.db.DbSqlSession  - flush summary: 0 insert, 0 update, 2 delete.
10:44:56,507 [main] DEBUG org.activiti.engine.impl.db.DbSqlSession  - now executing flush...
10:44:56,507 [main] DEBUG org.activiti.engine.impl.db.DbSqlSession  - executing: bulk delete: deleteMembershipsByGroupId(admin)
10:44:56,507 [main] DEBUG org.activiti.engine.impl.persistence.entity.MembershipRelation.deleteMembershipsByGroupId  - ==&gt;  Preparing: delete from ACT_ID_MEMBERSHIP where GROUP_ID_ = ? 
10:44:56,507 [main] DEBUG org.activiti.engine.impl.persistence.entity.MembershipRelation.deleteMembershipsByGroupId  - ==&gt; Parameters: admin(String)
10:44:56,507 [main] DEBUG org.activiti.engine.impl.persistence.entity.MembershipRelation.deleteMembershipsByGroupId  - &lt;==    Updates: 0
10:44:56,507 [main] DEBUG org.activiti.engine.impl.db.DbSqlSession  - executing: delete org.activiti.engine.impl.persistence.entity.GroupEntity@157ec23b
10:44:56,507 [main] DEBUG org.activiti.engine.impl.persistence.entity.GroupEntity.deleteGroup  - ==&gt;  Preparing: delete from ACT_ID_GROUP where ID_ = ? and REV_ = ? 
10:44:56,507 [main] DEBUG org.activiti.engine.impl.persistence.entity.GroupEntity.deleteGroup  - ==&gt; Parameters: admin(String), 1(Integer)
10:44:56,507 [main] DEBUG org.activiti.engine.impl.persistence.entity.GroupEntity.deleteGroup  - &lt;==    Updates: 1
10:44:56,507 [main] DEBUG org.activiti.engine.impl.cfg.standalone.StandaloneMybatisTransactionContext  - firing event committing...
10:44:56,507 [main] DEBUG org.activiti.engine.impl.cfg.standalone.StandaloneMybatisTransactionContext  - committing the ibatis sql session...
10:44:56,507 [main] DEBUG org.apache.ibatis.transaction.jdbc.JdbcTransaction  - Committing JDBC Connection [conn4: url=jdbc:h2:mem:activiti user=SA]
10:44:56,507 [main] DEBUG org.activiti.engine.impl.cfg.standalone.StandaloneMybatisTransactionContext  - firing event committed...
10:44:56,507 [main] DEBUG org.apache.ibatis.transaction.jdbc.JdbcTransaction  - Resetting autocommit to true on JDBC Connection [conn4: url=jdbc:h2:mem:activiti user=SA]
10:44:56,507 [main] DEBUG org.apache.ibatis.transaction.jdbc.JdbcTransaction  - Closing JDBC Connection [conn4: url=jdbc:h2:mem:activiti user=SA]
10:44:56,507 [main] DEBUG org.apache.ibatis.datasource.pooled.PooledDataSource  - Returned connection 297240765 to pool.
10:44:56,507 [main] DEBUG org.activiti.engine.impl.interceptor.LogInterceptor  - --- DeleteGroupCmd finished --------------------------------------------------------
10:44:56,507 [main] DEBUG org.activiti.engine.impl.interceptor.LogInterceptor  - 

10:44:56,507 [main] ERROR org.activiti.engine.impl.test.PvmTestCase  - 

10:44:56,507 [main] ERROR org.activiti.engine.impl.test.PvmTestCase  - EXCEPTION: org.apache.ibatis.exceptions.PersistenceException: 
### Error querying database.  Cause: org.h2.jdbc.JdbcSQLException: Syntax error in SQL statement &quot;SELECT RES.* 
     
    FROM ACT_ID_GROUP RES
     
     WHERE  RES.NAME_ = ? 
   
     ORDER BY  ORDER[*] BY RES.ID_ ASC  
    LIMIT ? OFFSET ? &quot;; expected &quot;=, NOT, EXISTS, INTERSECTS, SELECT, FROM&quot;; SQL statement:
select RES.* 
     
    from ACT_ID_GROUP RES
     
     WHERE  RES.NAME_ = ? 
   
     order by  order by RES.ID_ asc  
    LIMIT ? OFFSET ? [42001-176]
### The error may exist in org/activiti/db/mapping/entity/Group.xml
### The error may involve org.activiti.engine.impl.persistence.entity.GroupEntity.selectGroupByQueryCriteria
### The error occurred while executing a query
### SQL: select RES.*            from ACT_ID_GROUP RES            WHERE  RES.NAME_ = ?           order by  order by RES.ID_ asc       LIMIT ? OFFSET ?
### Cause: org.h2.jdbc.JdbcSQLException: Syntax error in SQL statement &quot;SELECT RES.* 
     
    FROM ACT_ID_GROUP RES
     
     WHERE  RES.NAME_ = ? 
   
     ORDER BY  ORDER[*] BY RES.ID_ ASC  
    LIMIT ? OFFSET ? &quot;; expected &quot;=, NOT, EXISTS, INTERSECTS, SELECT, FROM&quot;; SQL statement:
select RES.* 
     
    from ACT_ID_GROUP RES
     
     WHERE  RES.NAME_ = ? 
   
     order by  order by RES.ID_ asc  
    LIMIT ? OFFSET ? [42001-176]
org.apache.ibatis.exceptions.PersistenceException: 
### Error querying database.  Cause: org.h2.jdbc.JdbcSQLException: Syntax error in SQL statement &quot;SELECT RES.* 
     
    FROM ACT_ID_GROUP RES
     
     WHERE  RES.NAME_ = ? 
   
     ORDER BY  ORDER[*] BY RES.ID_ ASC  
    LIMIT ? OFFSET ? &quot;; expected &quot;=, NOT, EXISTS, INTERSECTS, SELECT, FROM&quot;; SQL statement:
select RES.* 
     
    from ACT_ID_GROUP RES
     
     WHERE  RES.NAME_ = ? 
   
     order by  order by RES.ID_ asc  
    LIMIT ? OFFSET ? [42001-176]
### The error may exist in org/activiti/db/mapping/entity/Group.xml
### The error may involve org.activiti.engine.impl.persistence.entity.GroupEntity.selectGroupByQueryCriteria
### The error occurred while executing a query
### SQL: select RES.*            from ACT_ID_GROUP RES            WHERE  RES.NAME_ = ?           order by  order by RES.ID_ asc       LIMIT ? OFFSET ?
### Cause: org.h2.jdbc.JdbcSQLException: Syntax error in SQL statement &quot;SELECT RES.* 
     
    FROM ACT_ID_GROUP RES
     
     WHERE  RES.NAME_ = ? 
   
     ORDER BY  ORDER[*] BY RES.ID_ ASC  
    LIMIT ? OFFSET ? &quot;; expected &quot;=, NOT, EXISTS, INTERSECTS, SELECT, FROM&quot;; SQL statement:
select RES.* 
     
    from ACT_ID_GROUP RES
     
     WHERE  RES.NAME_ = ? 
   
     order by  order by RES.ID_ asc  
    LIMIT ? OFFSET ? [42001-176]
	at org.apache.ibatis.exceptions.ExceptionFactory.wrapException(ExceptionFactory.java:30)
	at org.apache.ibatis.session.defaults.DefaultSqlSession.selectList(DefaultSqlSession.java:122)
	at org.apache.ibatis.session.defaults.DefaultSqlSession.selectList(DefaultSqlSession.java:113)
	at org.activiti.engine.impl.db.DbSqlSession.selectListWithRawParameter(DbSqlSession.java:438)
	at org.activiti.engine.impl.db.DbSqlSession.selectList(DbSqlSession.java:429)
	at org.activiti.engine.impl.db.DbSqlSession.selectList(DbSqlSession.java:419)
	at org.activiti.engine.impl.persistence.entity.GroupEntityManager.findGroupByQueryCriteria(GroupEntityManager.java:90)
	at org.activiti.engine.impl.GroupQueryImpl.executeList(GroupQueryImpl.java:125)
	at org.activiti.engine.impl.AbstractQuery.execute(AbstractQuery.java:164)
	at org.activiti.engine.impl.interceptor.CommandInvoker.execute(CommandInvoker.java:24)
	at org.activiti.engine.impl.interceptor.CommandContextInterceptor.execute(CommandContextInterceptor.java:57)
	at org.activiti.engine.impl.interceptor.LogInterceptor.execute(LogInterceptor.java:37)
	at org.activiti.engine.impl.cfg.CommandExecutorImpl.execute(CommandExecutorImpl.java:40)
	at org.activiti.engine.impl.cfg.CommandExecutorImpl.execute(CommandExecutorImpl.java:35)
	at org.activiti.engine.impl.AbstractQuery.list(AbstractQuery.java:138)
	at org.activiti.engine.test.api.identity.GroupQueryTest.verifyQueryResults(GroupQueryTest.java:221)
	at org.activiti.engine.test.api.identity.GroupQueryTest.testQueryByInvalidName(GroupQueryTest.java:103)
	at sun.reflect.NativeMethodAccessorImpl.invoke0(Native Method)
	at sun.reflect.NativeMethodAccessorImpl.invoke(NativeMethodAccessorImpl.java:62)
	at sun.reflect.DelegatingMethodAccessorImpl.invoke(DelegatingMethodAccessorImpl.java:43)
	at java.lang.reflect.Method.invoke(Method.java:498)
	at junit.framework.TestCase.runTest(TestCase.java:176)
	at org.activiti.engine.impl.test.PvmTestCase.runTest(PvmTestCase.java:65)
	at junit.framework.TestCase.runBare(TestCase.java:141)
	at org.activiti.engine.impl.test.AbstractActivitiTestCase.runBare(AbstractActivitiTestCase.java:100)
	at junit.framework.TestResult$1.protect(TestResult.java:122)
	at junit.framework.TestResult.runProtected(TestResult.java:142)
	at junit.framework.TestResult.run(TestResult.java:125)
	at junit.framework.TestCase.run(TestCase.java:129)
	at junit.framework.TestSuite.runTest(TestSuite.java:255)
	at junit.framework.TestSuite.run(TestSuite.java:250)
	at org.junit.internal.runners.JUnit38ClassRunner.run(JUnit38ClassRunner.java:84)
	at org.apache.maven.surefire.junit4.JUnit4TestSet.execute(JUnit4TestSet.java:35)
	at org.apache.maven.surefire.junit4.JUnit4Provider.executeTestSet(JUnit4Provider.java:146)
	at org.apache.maven.surefire.junit4.JUnit4Provider.invoke(JUnit4Provider.java:97)
	at sun.reflect.NativeMethodAccessorImpl.invoke0(Native Method)
	at sun.reflect.NativeMethodAccessorImpl.invoke(NativeMethodAccessorImpl.java:62)
	at sun.reflect.DelegatingMethodAccessorImpl.invoke(DelegatingMethodAccessorImpl.java:43)
	at java.lang.reflect.Method.invoke(Method.java:498)
	at org.apache.maven.surefire.booter.ProviderFactory$ClassLoaderProxy.invoke(ProviderFactory.java:103)
	at com.sun.proxy.$Proxy0.invoke(Unknown Source)
	at org.apache.maven.surefire.booter.SurefireStarter.invokeProvider(SurefireStarter.java:145)
	at org.apache.maven.surefire.booter.SurefireStarter.runSuitesInProcess(SurefireStarter.java:87)
	at org.apache.maven.surefire.booter.ForkedBooter.main(ForkedBooter.java:69)
Caused by: org.h2.jdbc.JdbcSQLException: Syntax error in SQL statement &quot;SELECT RES.* 
     
    FROM ACT_ID_GROUP RES
     
     WHERE  RES.NAME_ = ? 
   
     ORDER BY  ORDER[*] BY RES.ID_ ASC  
    LIMIT ? OFFSET ? &quot;; expected &quot;=, NOT, EXISTS, INTERSECTS, SELECT, FROM&quot;; SQL statement:
select RES.* 
     
    from ACT_ID_GROUP RES
     
     WHERE  RES.NAME_ = ? 
   
     order by  order by RES.ID_ asc  
    LIMIT ? OFFSET ? [42001-176]
	at org.h2.message.DbException.getJdbcSQLException(DbException.java:344)
	at org.h2.message.DbException.getSyntaxError(DbException.java:204)
	at org.h2.command.Parser.getSyntaxError(Parser.java:524)
	at org.h2.command.Parser.readTerm(Parser.java:2688)
	at org.h2.command.Parser.readFactor(Parser.java:2244)
	at org.h2.command.Parser.readSum(Parser.java:2231)
	at org.h2.command.Parser.readConcat(Parser.java:2201)
	at org.h2.command.Parser.readCondition(Parser.java:2051)
	at org.h2.command.Parser.readAnd(Parser.java:2023)
	at org.h2.command.Parser.readExpression(Parser.java:2015)
	at org.h2.command.Parser.parseEndOfQuery(Parser.java:1726)
	at org.h2.command.Parser.parseSelectUnionExtension(Parser.java:1706)
	at org.h2.command.Parser.parseSelectUnion(Parser.java:1675)
	at org.h2.command.Parser.parseSelect(Parser.java:1662)
	at org.h2.command.Parser.parsePrepared(Parser.java:434)
	at org.h2.command.Parser.parse(Parser.java:306)
	at org.h2.command.Parser.parse(Parser.java:282)
	at org.h2.command.Parser.prepareCommand(Parser.java:243)
	at org.h2.engine.Session.prepareLocal(Session.java:442)
	at org.h2.engine.Session.prepareCommand(Session.java:384)
	at org.h2.jdbc.JdbcConnection.prepareCommand(JdbcConnection.java:1188)
	at org.h2.jdbc.JdbcPreparedStatement.&lt;init&gt;(JdbcPreparedStatement.java:73)
	at org.h2.jdbc.JdbcConnection.prepareStatement(JdbcConnection.java:276)
	at sun.reflect.GeneratedMethodAccessor6.invoke(Unknown Source)
	at sun.reflect.DelegatingMethodAccessorImpl.invoke(DelegatingMethodAccessorImpl.java:43)
	at java.lang.reflect.Method.invoke(Method.java:498)
	at org.apache.ibatis.datasource.pooled.PooledConnection.invoke(PooledConnection.java:245)
	at com.sun.proxy.$Proxy12.prepareStatement(Unknown Source)
	at sun.reflect.GeneratedMethodAccessor6.invoke(Unknown Source)
	at sun.reflect.DelegatingMethodAccessorImpl.invoke(DelegatingMethodAccessorImpl.java:43)
	at java.lang.reflect.Method.invoke(Method.java:498)
	at org.apache.ibatis.logging.jdbc.ConnectionLogger.invoke(ConnectionLogger.java:55)
	at com.sun.proxy.$Proxy12.prepareStatement(Unknown Source)
	at org.apache.ibatis.executor.statement.PreparedStatementHandler.instantiateStatement(PreparedStatementHandler.java:79)
	at org.apache.ibatis.executor.statement.BaseStatementHandler.prepare(BaseStatementHandler.java:88)
	at org.apache.ibatis.executor.statement.RoutingStatementHandler.prepare(RoutingStatementHandler.java:58)
	at org.apache.ibatis.executor.SimpleExecutor.prepareStatement(SimpleExecutor.java:76)
	at org.apache.ibatis.executor.SimpleExecutor.doQuery(SimpleExecutor.java:61)
	at org.apache.ibatis.executor.BaseExecutor.queryFromDatabase(BaseExecutor.java:303)
	at org.apache.ibatis.executor.BaseExecutor.query(BaseExecutor.java:154)
	at org.apache.ibatis.executor.CachingExecutor.query(CachingExecutor.java:102)
	at org.apache.ibatis.executor.CachingExecutor.query(CachingExecutor.java:82)
	at org.apache.ibatis.session.defaults.DefaultSqlSession.selectList(DefaultSqlSession.java:120)
	... 42 more
10:44:56,507 [main] DEBUG org.activiti.engine.impl.test.PvmTestCase  - verifying that db is clean after test
10:44:56,507 [main] DEBUG org.activiti.engine.impl.interceptor.LogInterceptor  - 

10:44:56,507 [main] DEBUG org.activiti.engine.impl.interceptor.LogInterceptor  - --- starting GetTableCountCmd --------------------------------------------------------
10:44:56,507 [main] DEBUG org.apache.ibatis.transaction.jdbc.JdbcTransaction  - Opening JDBC Connection
10:44:56,507 [main] DEBUG org.apache.ibatis.datasource.pooled.PooledDataSource  - Checked out connection 363509958 from pool.
10:44:56,507 [main] DEBUG org.apache.ibatis.transaction.jdbc.JdbcTransaction  - Setting autocommit to false on JDBC Connection [conn2: url=jdbc:h2:mem:activiti user=SA]
10:44:56,507 [main] DEBUG org.activiti.engine.impl.persistence.entity.TableDataManager  - retrieving activiti tables from jdbc metadata
10:44:56,508 [main] DEBUG org.activiti.engine.impl.persistence.entity.TableDataManager  -   retrieved activiti table name ACT_EVT_LOG
10:44:56,508 [main] DEBUG org.activiti.engine.impl.persistence.entity.TableDataManager  -   retrieved activiti table name ACT_GE_BYTEARRAY
10:44:56,508 [main] DEBUG org.activiti.engine.impl.persistence.entity.TableDataManager  -   retrieved activiti table name ACT_GE_PROPERTY
10:44:56,508 [main] DEBUG org.activiti.engine.impl.persistence.entity.TableDataManager  -   retrieved activiti table name ACT_HI_ACTINST
10:44:56,508 [main] DEBUG org.activiti.engine.impl.persistence.entity.TableDataManager  -   retrieved activiti table name ACT_HI_ATTACHMENT
10:44:56,508 [main] DEBUG org.activiti.engine.impl.persistence.entity.TableDataManager  -   retrieved activiti table name ACT_HI_COMMENT
10:44:56,508 [main] DEBUG org.activiti.engine.impl.persistence.entity.TableDataManager  -   retrieved activiti table name ACT_HI_DETAIL
10:44:56,508 [main] DEBUG org.activiti.engine.impl.persistence.entity.TableDataManager  -   retrieved activiti table name ACT_HI_IDENTITYLINK
10:44:56,508 [main] DEBUG org.activiti.engine.impl.persistence.entity.TableDataManager  -   retrieved activiti table name ACT_HI_PROCINST
10:44:56,508 [main] DEBUG org.activiti.engine.impl.persistence.entity.TableDataManager  -   retrieved activiti table name ACT_HI_TASKINST
10:44:56,508 [main] DEBUG org.activiti.engine.impl.persistence.entity.TableDataManager  -   retrieved activiti table name ACT_HI_VARINST
10:44:56,508 [main] DEBUG org.activiti.engine.impl.persistence.entity.TableDataManager  -   retrieved activiti table name ACT_ID_GROUP
10:44:56,508 [main] DEBUG org.activiti.engine.impl.persistence.entity.TableDataManager  -   retrieved activiti table name ACT_ID_INFO
10:44:56,508 [main] DEBUG org.activiti.engine.impl.persistence.entity.TableDataManager  -   retrieved activiti table name ACT_ID_MEMBERSHIP
10:44:56,508 [main] DEBUG org.activiti.engine.impl.persistence.entity.TableDataManager  -   retrieved activiti table name ACT_ID_USER
10:44:56,508 [main] DEBUG org.activiti.engine.impl.persistence.entity.TableDataManager  -   retrieved activiti table name ACT_PROCDEF_INFO
10:44:56,508 [main] DEBUG org.activiti.engine.impl.persistence.entity.TableDataManager  -   retrieved activiti table name ACT_RE_DEPLOYMENT
10:44:56,508 [main] DEBUG org.activiti.engine.impl.persistence.entity.TableDataManager  -   retrieved activiti table name ACT_RE_MODEL
10:44:56,508 [main] DEBUG org.activiti.engine.impl.persistence.entity.TableDataManager  -   retrieved activiti table name ACT_RE_PROCDEF
10:44:56,508 [main] DEBUG org.activiti.engine.impl.persistence.entity.TableDataManager  -   retrieved activiti table name ACT_RU_EVENT_SUBSCR
10:44:56,508 [main] DEBUG org.activiti.engine.impl.persistence.entity.TableDataManager  -   retrieved activiti table name ACT_RU_EXECUTION
10:44:56,508 [main] DEBUG org.activiti.engine.impl.persistence.entity.TableDataManager  -   retrieved activiti table name ACT_RU_IDENTITYLINK
10:44:56,508 [main] DEBUG org.activiti.engine.impl.persistence.entity.TableDataManager  -   retrieved activiti table name ACT_RU_JOB
10:44:56,508 [main] DEBUG org.activiti.engine.impl.persistence.entity.TableDataManager  -   retrieved activiti table name ACT_RU_TASK
10:44:56,508 [main] DEBUG org.activiti.engine.impl.persistence.entity.TableDataManager  -   retrieved activiti table name ACT_RU_VARIABLE
10:44:56,508 [main] DEBUG org.activiti.engine.impl.persistence.entity.TableDataManager  - selecting table count for ACT_EVT_LOG
10:44:56,508 [main] DEBUG org.activiti.engine.impl.TablePageMap.selectTableCount  - ==&gt;  Preparing: select count(*) from ACT_EVT_LOG 
10:44:56,508 [main] DEBUG org.activiti.engine.impl.TablePageMap.selectTableCount  - ==&gt; Parameters: 
10:44:56,508 [main] DEBUG org.activiti.engine.impl.TablePageMap.selectTableCount  - &lt;==      Total: 1
10:44:56,508 [main] DEBUG org.activiti.engine.impl.persistence.entity.TableDataManager  - selecting table count for ACT_GE_BYTEARRAY
10:44:56,508 [main] DEBUG org.activiti.engine.impl.TablePageMap.selectTableCount  - ==&gt;  Preparing: select count(*) from ACT_GE_BYTEARRAY 
10:44:56,508 [main] DEBUG org.activiti.engine.impl.TablePageMap.selectTableCount  - ==&gt; Parameters: 
10:44:56,508 [main] DEBUG org.activiti.engine.impl.TablePageMap.selectTableCount  - &lt;==      Total: 1
10:44:56,508 [main] DEBUG org.activiti.engine.impl.persistence.entity.TableDataManager  - selecting table count for ACT_GE_PROPERTY
10:44:56,508 [main] DEBUG org.activiti.engine.impl.TablePageMap.selectTableCount  - ==&gt;  Preparing: select count(*) from ACT_GE_PROPERTY 
10:44:56,508 [main] DEBUG org.activiti.engine.impl.TablePageMap.selectTableCount  - ==&gt; Parameters: 
10:44:56,508 [main] DEBUG org.activiti.engine.impl.TablePageMap.selectTableCount  - &lt;==      Total: 1
10:44:56,508 [main] DEBUG org.activiti.engine.impl.persistence.entity.TableDataManager  - selecting table count for ACT_HI_ACTINST
10:44:56,508 [main] DEBUG org.activiti.engine.impl.TablePageMap.selectTableCount  - ==&gt;  Preparing: select count(*) from ACT_HI_ACTINST 
10:44:56,508 [main] DEBUG org.activiti.engine.impl.TablePageMap.selectTableCount  - ==&gt; Parameters: 
10:44:56,508 [main] DEBUG org.activiti.engine.impl.TablePageMap.selectTableCount  - &lt;==      Total: 1
10:44:56,508 [main] DEBUG org.activiti.engine.impl.persistence.entity.TableDataManager  - selecting table count for ACT_HI_ATTACHMENT
10:44:56,508 [main] DEBUG org.activiti.engine.impl.TablePageMap.selectTableCount  - ==&gt;  Preparing: select count(*) from ACT_HI_ATTACHMENT 
10:44:56,508 [main] DEBUG org.activiti.engine.impl.TablePageMap.selectTableCount  - ==&gt; Parameters: 
10:44:56,508 [main] DEBUG org.activiti.engine.impl.TablePageMap.selectTableCount  - &lt;==      Total: 1
10:44:56,508 [main] DEBUG org.activiti.engine.impl.persistence.entity.TableDataManager  - selecting table count for ACT_HI_COMMENT
10:44:56,508 [main] DEBUG org.activiti.engine.impl.TablePageMap.selectTableCount  - ==&gt;  Preparing: select count(*) from ACT_HI_COMMENT 
10:44:56,508 [main] DEBUG org.activiti.engine.impl.TablePageMap.selectTableCount  - ==&gt; Parameters: 
10:44:56,508 [main] DEBUG org.activiti.engine.impl.TablePageMap.selectTableCount  - &lt;==      Total: 1
10:44:56,508 [main] DEBUG org.activiti.engine.impl.persistence.entity.TableDataManager  - selecting table count for ACT_HI_DETAIL
10:44:56,508 [main] DEBUG org.activiti.engine.impl.TablePageMap.selectTableCount  - ==&gt;  Preparing: select count(*) from ACT_HI_DETAIL 
10:44:56,508 [main] DEBUG org.activiti.engine.impl.TablePageMap.selectTableCount  - ==&gt; Parameters: 
10:44:56,508 [main] DEBUG org.activiti.engine.impl.TablePageMap.selectTableCount  - &lt;==      Total: 1
10:44:56,508 [main] DEBUG org.activiti.engine.impl.persistence.entity.TableDataManager  - selecting table count for ACT_HI_IDENTITYLINK
10:44:56,508 [main] DEBUG org.activiti.engine.impl.TablePageMap.selectTableCount  - ==&gt;  Preparing: select count(*) from ACT_HI_IDENTITYLINK 
10:44:56,508 [main] DEBUG org.activiti.engine.impl.TablePageMap.selectTableCount  - ==&gt; Parameters: 
10:44:56,509 [main] DEBUG org.activiti.engine.impl.TablePageMap.selectTableCount  - &lt;==      Total: 1
10:44:56,509 [main] DEBUG org.activiti.engine.impl.persistence.entity.TableDataManager  - selecting table count for ACT_HI_PROCINST
10:44:56,509 [main] DEBUG org.activiti.engine.impl.TablePageMap.selectTableCount  - ==&gt;  Preparing: select count(*) from ACT_HI_PROCINST 
10:44:56,509 [main] DEBUG org.activiti.engine.impl.TablePageMap.selectTableCount  - ==&gt; Parameters: 
10:44:56,509 [main] DEBUG org.activiti.engine.impl.TablePageMap.selectTableCount  - &lt;==      Total: 1
10:44:56,509 [main] DEBUG org.activiti.engine.impl.persistence.entity.TableDataManager  - selecting table count for ACT_HI_TASKINST
10:44:56,509 [main] DEBUG org.activiti.engine.impl.TablePageMap.selectTableCount  - ==&gt;  Preparing: select count(*) from ACT_HI_TASKINST 
10:44:56,509 [main] DEBUG org.activiti.engine.impl.TablePageMap.selectTableCount  - ==&gt; Parameters: 
10:44:56,509 [main] DEBUG org.activiti.engine.impl.TablePageMap.selectTableCount  - &lt;==      Total: 1
10:44:56,509 [main] DEBUG org.activiti.engine.impl.persistence.entity.TableDataManager  - selecting table count for ACT_HI_VARINST
10:44:56,509 [main] DEBUG org.activiti.engine.impl.TablePageMap.selectTableCount  - ==&gt;  Preparing: select count(*) from ACT_HI_VARINST 
10:44:56,509 [main] DEBUG org.activiti.engine.impl.TablePageMap.selectTableCount  - ==&gt; Parameters: 
10:44:56,509 [main] DEBUG org.activiti.engine.impl.TablePageMap.selectTableCount  - &lt;==      Total: 1
10:44:56,509 [main] DEBUG org.activiti.engine.impl.persistence.entity.TableDataManager  - selecting table count for ACT_ID_GROUP
10:44:56,509 [main] DEBUG org.activiti.engine.impl.TablePageMap.selectTableCount  - ==&gt;  Preparing: select count(*) from ACT_ID_GROUP 
10:44:56,509 [main] DEBUG org.activiti.engine.impl.TablePageMap.selectTableCount  - ==&gt; Parameters: 
10:44:56,509 [main] DEBUG org.activiti.engine.impl.TablePageMap.selectTableCount  - &lt;==      Total: 1
10:44:56,509 [main] DEBUG org.activiti.engine.impl.persistence.entity.TableDataManager  - selecting table count for ACT_ID_INFO
10:44:56,509 [main] DEBUG org.activiti.engine.impl.TablePageMap.selectTableCount  - ==&gt;  Preparing: select count(*) from ACT_ID_INFO 
10:44:56,509 [main] DEBUG org.activiti.engine.impl.TablePageMap.selectTableCount  - ==&gt; Parameters: 
10:44:56,509 [main] DEBUG org.activiti.engine.impl.TablePageMap.selectTableCount  - &lt;==      Total: 1
10:44:56,509 [main] DEBUG org.activiti.engine.impl.persistence.entity.TableDataManager  - selecting table count for ACT_ID_MEMBERSHIP
10:44:56,509 [main] DEBUG org.activiti.engine.impl.TablePageMap.selectTableCount  - ==&gt;  Preparing: select count(*) from ACT_ID_MEMBERSHIP 
10:44:56,509 [main] DEBUG org.activiti.engine.impl.TablePageMap.selectTableCount  - ==&gt; Parameters: 
10:44:56,509 [main] DEBUG org.activiti.engine.impl.TablePageMap.selectTableCount  - &lt;==      Total: 1
10:44:56,509 [main] DEBUG org.activiti.engine.impl.persistence.entity.TableDataManager  - selecting table count for ACT_ID_USER
10:44:56,509 [main] DEBUG org.activiti.engine.impl.TablePageMap.selectTableCount  - ==&gt;  Preparing: select count(*) from ACT_ID_USER 
10:44:56,509 [main] DEBUG org.activiti.engine.impl.TablePageMap.selectTableCount  - ==&gt; Parameters: 
10:44:56,509 [main] DEBUG org.activiti.engine.impl.TablePageMap.selectTableCount  - &lt;==      Total: 1
10:44:56,509 [main] DEBUG org.activiti.engine.impl.persistence.entity.TableDataManager  - selecting table count for ACT_PROCDEF_INFO
10:44:56,509 [main] DEBUG org.activiti.engine.impl.TablePageMap.selectTableCount  - ==&gt;  Preparing: select count(*) from ACT_PROCDEF_INFO 
10:44:56,509 [main] DEBUG org.activiti.engine.impl.TablePageMap.selectTableCount  - ==&gt; Parameters: 
10:44:56,509 [main] DEBUG org.activiti.engine.impl.TablePageMap.selectTableCount  - &lt;==      Total: 1
10:44:56,509 [main] DEBUG org.activiti.engine.impl.persistence.entity.TableDataManager  - selecting table count for ACT_RE_DEPLOYMENT
10:44:56,509 [main] DEBUG org.activiti.engine.impl.TablePageMap.selectTableCount  - ==&gt;  Preparing: select count(*) from ACT_RE_DEPLOYMENT 
10:44:56,509 [main] DEBUG org.activiti.engine.impl.TablePageMap.selectTableCount  - ==&gt; Parameters: 
10:44:56,509 [main] DEBUG org.activiti.engine.impl.TablePageMap.selectTableCount  - &lt;==      Total: 1
10:44:56,509 [main] DEBUG org.activiti.engine.impl.persistence.entity.TableDataManager  - selecting table count for ACT_RE_MODEL
10:44:56,509 [main] DEBUG org.activiti.engine.impl.TablePageMap.selectTableCount  - ==&gt;  Preparing: select count(*) from ACT_RE_MODEL 
10:44:56,509 [main] DEBUG org.activiti.engine.impl.TablePageMap.selectTableCount  - ==&gt; Parameters: 
10:44:56,509 [main] DEBUG org.activiti.engine.impl.TablePageMap.selectTableCount  - &lt;==      Total: 1
10:44:56,509 [main] DEBUG org.activiti.engine.impl.persistence.entity.TableDataManager  - selecting table count for ACT_RE_PROCDEF
10:44:56,509 [main] DEBUG org.activiti.engine.impl.TablePageMap.selectTableCount  - ==&gt;  Preparing: select count(*) from ACT_RE_PROCDEF 
10:44:56,509 [main] DEBUG org.activiti.engine.impl.TablePageMap.selectTableCount  - ==&gt; Parameters: 
10:44:56,509 [main] DEBUG org.activiti.engine.impl.TablePageMap.selectTableCount  - &lt;==      Total: 1
10:44:56,509 [main] DEBUG org.activiti.engine.impl.persistence.entity.TableDataManager  - selecting table count for ACT_RU_EVENT_SUBSCR
10:44:56,509 [main] DEBUG org.activiti.engine.impl.TablePageMap.selectTableCount  - ==&gt;  Preparing: select count(*) from ACT_RU_EVENT_SUBSCR 
10:44:56,509 [main] DEBUG org.activiti.engine.impl.TablePageMap.selectTableCount  - ==&gt; Parameters: 
10:44:56,509 [main] DEBUG org.activiti.engine.impl.TablePageMap.selectTableCount  - &lt;==      Total: 1
10:44:56,509 [main] DEBUG org.activiti.engine.impl.persistence.entity.TableDataManager  - selecting table count for ACT_RU_EXECUTION
10:44:56,509 [main] DEBUG org.activiti.engine.impl.TablePageMap.selectTableCount  - ==&gt;  Preparing: select count(*) from ACT_RU_EXECUTION 
10:44:56,509 [main] DEBUG org.activiti.engine.impl.TablePageMap.selectTableCount  - ==&gt; Parameters: 
10:44:56,509 [main] DEBUG org.activiti.engine.impl.TablePageMap.selectTableCount  - &lt;==      Total: 1
10:44:56,509 [main] DEBUG org.activiti.engine.impl.persistence.entity.TableDataManager  - selecting table count for ACT_RU_IDENTITYLINK
10:44:56,509 [main] DEBUG org.activiti.engine.impl.TablePageMap.selectTableCount  - ==&gt;  Preparing: select count(*) from ACT_RU_IDENTITYLINK 
10:44:56,509 [main] DEBUG org.activiti.engine.impl.TablePageMap.selectTableCount  - ==&gt; Parameters: 
10:44:56,509 [main] DEBUG org.activiti.engine.impl.TablePageMap.selectTableCount  - &lt;==      Total: 1
10:44:56,509 [main] DEBUG org.activiti.engine.impl.persistence.entity.TableDataManager  - selecting table count for ACT_RU_JOB
10:44:56,509 [main] DEBUG org.activiti.engine.impl.TablePageMap.selectTableCount  - ==&gt;  Preparing: select count(*) from ACT_RU_JOB 
10:44:56,509 [main] DEBUG org.activiti.engine.impl.TablePageMap.selectTableCount  - ==&gt; Parameters: 
10:44:56,509 [main] DEBUG org.activiti.engine.impl.TablePageMap.selectTableCount  - &lt;==      Total: 1
10:44:56,509 [main] DEBUG org.activiti.engine.impl.persistence.entity.TableDataManager  - selecting table count for ACT_RU_TASK
10:44:56,509 [main] DEBUG org.activiti.engine.impl.TablePageMap.selectTableCount  - ==&gt;  Preparing: select count(*) from ACT_RU_TASK 
10:44:56,509 [main] DEBUG org.activiti.engine.impl.TablePageMap.selectTableCount  - ==&gt; Parameters: 
10:44:56,509 [main] DEBUG org.activiti.engine.impl.TablePageMap.selectTableCount  - &lt;==      Total: 1
10:44:56,509 [main] DEBUG org.activiti.engine.impl.persistence.entity.TableDataManager  - selecting table count for ACT_RU_VARIABLE
10:44:56,509 [main] DEBUG org.activiti.engine.impl.TablePageMap.selectTableCount  - ==&gt;  Preparing: select count(*) from ACT_RU_VARIABLE 
10:44:56,509 [main] DEBUG org.activiti.engine.impl.TablePageMap.selectTableCount  - ==&gt; Parameters: 
10:44:56,509 [main] DEBUG org.activiti.engine.impl.TablePageMap.selectTableCount  - &lt;==      Total: 1
10:44:56,509 [main] DEBUG org.activiti.engine.impl.persistence.entity.TableDataManager  - Number of rows per activiti table: {ACT_RU_EVENT_SUBSCR=0, ACT_ID_USER=0, ACT_HI_ATTACHMENT=0, ACT_GE_BYTEARRAY=0, ACT_RE_MODEL=0, ACT_RU_VARIABLE=0, ACT_RU_TASK=0, ACT_RE_DEPLOYMENT=0, ACT_RE_PROCDEF=0, ACT_ID_GROUP=0, ACT_HI_VARINST=0, ACT_HI_COMMENT=0, ACT_HI_PROCINST=0, ACT_ID_INFO=0, ACT_ID_MEMBERSHIP=0, ACT_RU_JOB=0, ACT_PROCDEF_INFO=0, ACT_HI_ACTINST=0, ACT_RU_EXECUTION=0, ACT_HI_TASKINST=0, ACT_HI_DETAIL=0, ACT_EVT_LOG=0, ACT_HI_IDENTITYLINK=0, ACT_RU_IDENTITYLINK=0, ACT_GE_PROPERTY=3}
10:44:56,509 [main] DEBUG org.activiti.engine.impl.db.DbSqlSession  - flush summary: 0 insert, 0 update, 0 delete.
10:44:56,509 [main] DEBUG org.activiti.engine.impl.db.DbSqlSession  - now executing flush...
10:44:56,509 [main] DEBUG org.activiti.engine.impl.cfg.standalone.StandaloneMybatisTransactionContext  - firing event committing...
10:44:56,509 [main] DEBUG org.activiti.engine.impl.cfg.standalone.StandaloneMybatisTransactionContext  - committing the ibatis sql session...
10:44:56,509 [main] DEBUG org.activiti.engine.impl.cfg.standalone.StandaloneMybatisTransactionContext  - firing event committed...
10:44:56,509 [main] DEBUG org.apache.ibatis.transaction.jdbc.JdbcTransaction  - Resetting autocommit to true on JDBC Connection [conn2: url=jdbc:h2:mem:activiti user=SA]
10:44:56,509 [main] DEBUG org.apache.ibatis.transaction.jdbc.JdbcTransaction  - Closing JDBC Connection [conn2: url=jdbc:h2:mem:activiti user=SA]
10:44:56,509 [main] DEBUG org.apache.ibatis.datasource.pooled.PooledDataSource  - Returned connection 363509958 to pool.
10:44:56,509 [main] DEBUG org.activiti.engine.impl.interceptor.LogInterceptor  - --- GetTableCountCmd finished --------------------------------------------------------
10:44:56,509 [main] DEBUG org.activiti.engine.impl.interceptor.LogInterceptor  - 

10:44:56,509 [main] INFO  org.activiti.engine.impl.test.PvmTestCase  - database was clean
</system-out>
  </testcase>
  <testcase classname="org.activiti.engine.test.api.identity.GroupQueryTest" name="testQueryByInvalidType" time="0.01">
    <error message="
### Error querying database.  Cause: org.h2.jdbc.JdbcSQLException: Syntax error in SQL statement &quot;SELECT RES.* 
     
    FROM ACT_ID_GROUP RES
     
     WHERE  RES.TYPE_ = ? 
   
     ORDER BY  ORDER[*] BY RES.ID_ ASC  
    LIMIT ? OFFSET ? &quot;; expected &quot;=, NOT, EXISTS, INTERSECTS, SELECT, FROM&quot;; SQL statement:
select RES.* 
     
    from ACT_ID_GROUP RES
     
     WHERE  RES.TYPE_ = ? 
   
     order by  order by RES.ID_ asc  
    LIMIT ? OFFSET ? [42001-176]
### The error may exist in org/activiti/db/mapping/entity/Group.xml
### The error may involve org.activiti.engine.impl.persistence.entity.GroupEntity.selectGroupByQueryCriteria
### The error occurred while executing a query
### SQL: select RES.*            from ACT_ID_GROUP RES            WHERE  RES.TYPE_ = ?           order by  order by RES.ID_ asc       LIMIT ? OFFSET ?
### Cause: org.h2.jdbc.JdbcSQLException: Syntax error in SQL statement &quot;SELECT RES.* 
     
    FROM ACT_ID_GROUP RES
     
     WHERE  RES.TYPE_ = ? 
   
     ORDER BY  ORDER[*] BY RES.ID_ ASC  
    LIMIT ? OFFSET ? &quot;; expected &quot;=, NOT, EXISTS, INTERSECTS, SELECT, FROM&quot;; SQL statement:
select RES.* 
     
    from ACT_ID_GROUP RES
     
     WHERE  RES.TYPE_ = ? 
   
     order by  order by RES.ID_ asc  
    LIMIT ? OFFSET ? [42001-176]" type="org.apache.ibatis.exceptions.PersistenceException">org.apache.ibatis.exceptions.PersistenceException: 
### Error querying database.  Cause: org.h2.jdbc.JdbcSQLException: Syntax error in SQL statement &quot;SELECT RES.* 
     
    FROM ACT_ID_GROUP RES
     
     WHERE  RES.TYPE_ = ? 
   
     ORDER BY  ORDER[*] BY RES.ID_ ASC  
    LIMIT ? OFFSET ? &quot;; expected &quot;=, NOT, EXISTS, INTERSECTS, SELECT, FROM&quot;; SQL statement:
select RES.* 
     
    from ACT_ID_GROUP RES
     
     WHERE  RES.TYPE_ = ? 
   
     order by  order by RES.ID_ asc  
    LIMIT ? OFFSET ? [42001-176]
### The error may exist in org/activiti/db/mapping/entity/Group.xml
### The error may involve org.activiti.engine.impl.persistence.entity.GroupEntity.selectGroupByQueryCriteria
### The error occurred while executing a query
### SQL: select RES.*            from ACT_ID_GROUP RES            WHERE  RES.TYPE_ = ?           order by  order by RES.ID_ asc       LIMIT ? OFFSET ?
### Cause: org.h2.jdbc.JdbcSQLException: Syntax error in SQL statement &quot;SELECT RES.* 
     
    FROM ACT_ID_GROUP RES
     
     WHERE  RES.TYPE_ = ? 
   
     ORDER BY  ORDER[*] BY RES.ID_ ASC  
    LIMIT ? OFFSET ? &quot;; expected &quot;=, NOT, EXISTS, INTERSECTS, SELECT, FROM&quot;; SQL statement:
select RES.* 
     
    from ACT_ID_GROUP RES
     
     WHERE  RES.TYPE_ = ? 
   
     order by  order by RES.ID_ asc  
    LIMIT ? OFFSET ? [42001-176]
	at org.apache.ibatis.exceptions.ExceptionFactory.wrapException(ExceptionFactory.java:30)
	at org.apache.ibatis.session.defaults.DefaultSqlSession.selectList(DefaultSqlSession.java:122)
	at org.apache.ibatis.session.defaults.DefaultSqlSession.selectList(DefaultSqlSession.java:113)
	at org.activiti.engine.impl.db.DbSqlSession.selectListWithRawParameter(DbSqlSession.java:438)
	at org.activiti.engine.impl.db.DbSqlSession.selectList(DbSqlSession.java:429)
	at org.activiti.engine.impl.db.DbSqlSession.selectList(DbSqlSession.java:419)
	at org.activiti.engine.impl.persistence.entity.GroupEntityManager.findGroupByQueryCriteria(GroupEntityManager.java:90)
	at org.activiti.engine.impl.GroupQueryImpl.executeList(GroupQueryImpl.java:125)
	at org.activiti.engine.impl.AbstractQuery.execute(AbstractQuery.java:164)
	at org.activiti.engine.impl.interceptor.CommandInvoker.execute(CommandInvoker.java:24)
	at org.activiti.engine.impl.interceptor.CommandContextInterceptor.execute(CommandContextInterceptor.java:57)
	at org.activiti.engine.impl.interceptor.LogInterceptor.execute(LogInterceptor.java:37)
	at org.activiti.engine.impl.cfg.CommandExecutorImpl.execute(CommandExecutorImpl.java:40)
	at org.activiti.engine.impl.cfg.CommandExecutorImpl.execute(CommandExecutorImpl.java:35)
	at org.activiti.engine.impl.AbstractQuery.list(AbstractQuery.java:138)
	at org.activiti.engine.test.api.identity.GroupQueryTest.verifyQueryResults(GroupQueryTest.java:221)
	at org.activiti.engine.test.api.identity.GroupQueryTest.testQueryByInvalidType(GroupQueryTest.java:142)
	at sun.reflect.NativeMethodAccessorImpl.invoke0(Native Method)
	at sun.reflect.NativeMethodAccessorImpl.invoke(NativeMethodAccessorImpl.java:62)
	at sun.reflect.DelegatingMethodAccessorImpl.invoke(DelegatingMethodAccessorImpl.java:43)
	at java.lang.reflect.Method.invoke(Method.java:498)
	at junit.framework.TestCase.runTest(TestCase.java:176)
	at org.activiti.engine.impl.test.PvmTestCase.runTest(PvmTestCase.java:65)
	at junit.framework.TestCase.runBare(TestCase.java:141)
	at org.activiti.engine.impl.test.AbstractActivitiTestCase.runBare(AbstractActivitiTestCase.java:100)
	at junit.framework.TestResult$1.protect(TestResult.java:122)
	at junit.framework.TestResult.runProtected(TestResult.java:142)
	at junit.framework.TestResult.run(TestResult.java:125)
	at junit.framework.TestCase.run(TestCase.java:129)
	at junit.framework.TestSuite.runTest(TestSuite.java:255)
	at junit.framework.TestSuite.run(TestSuite.java:250)
	at org.junit.internal.runners.JUnit38ClassRunner.run(JUnit38ClassRunner.java:84)
	at org.apache.maven.surefire.junit4.JUnit4TestSet.execute(JUnit4TestSet.java:35)
	at org.apache.maven.surefire.junit4.JUnit4Provider.executeTestSet(JUnit4Provider.java:146)
	at org.apache.maven.surefire.junit4.JUnit4Provider.invoke(JUnit4Provider.java:97)
	at sun.reflect.NativeMethodAccessorImpl.invoke0(Native Method)
	at sun.reflect.NativeMethodAccessorImpl.invoke(NativeMethodAccessorImpl.java:62)
	at sun.reflect.DelegatingMethodAccessorImpl.invoke(DelegatingMethodAccessorImpl.java:43)
	at java.lang.reflect.Method.invoke(Method.java:498)
	at org.apache.maven.surefire.booter.ProviderFactory$ClassLoaderProxy.invoke(ProviderFactory.java:103)
	at com.sun.proxy.$Proxy0.invoke(Unknown Source)
	at org.apache.maven.surefire.booter.SurefireStarter.invokeProvider(SurefireStarter.java:145)
	at org.apache.maven.surefire.booter.SurefireStarter.runSuitesInProcess(SurefireStarter.java:87)
	at org.apache.maven.surefire.booter.ForkedBooter.main(ForkedBooter.java:69)
Caused by: org.h2.jdbc.JdbcSQLException: Syntax error in SQL statement &quot;SELECT RES.* 
     
    FROM ACT_ID_GROUP RES
     
     WHERE  RES.TYPE_ = ? 
   
     ORDER BY  ORDER[*] BY RES.ID_ ASC  
    LIMIT ? OFFSET ? &quot;; expected &quot;=, NOT, EXISTS, INTERSECTS, SELECT, FROM&quot;; SQL statement:
select RES.* 
     
    from ACT_ID_GROUP RES
     
     WHERE  RES.TYPE_ = ? 
   
     order by  order by RES.ID_ asc  
    LIMIT ? OFFSET ? [42001-176]
	at org.h2.message.DbException.getJdbcSQLException(DbException.java:344)
	at org.h2.message.DbException.getSyntaxError(DbException.java:204)
	at org.h2.command.Parser.getSyntaxError(Parser.java:524)
	at org.h2.command.Parser.readTerm(Parser.java:2688)
	at org.h2.command.Parser.readFactor(Parser.java:2244)
	at org.h2.command.Parser.readSum(Parser.java:2231)
	at org.h2.command.Parser.readConcat(Parser.java:2201)
	at org.h2.command.Parser.readCondition(Parser.java:2051)
	at org.h2.command.Parser.readAnd(Parser.java:2023)
	at org.h2.command.Parser.readExpression(Parser.java:2015)
	at org.h2.command.Parser.parseEndOfQuery(Parser.java:1726)
	at org.h2.command.Parser.parseSelectUnionExtension(Parser.java:1706)
	at org.h2.command.Parser.parseSelectUnion(Parser.java:1675)
	at org.h2.command.Parser.parseSelect(Parser.java:1662)
	at org.h2.command.Parser.parsePrepared(Parser.java:434)
	at org.h2.command.Parser.parse(Parser.java:306)
	at org.h2.command.Parser.parse(Parser.java:282)
	at org.h2.command.Parser.prepareCommand(Parser.java:243)
	at org.h2.engine.Session.prepareLocal(Session.java:442)
	at org.h2.engine.Session.prepareCommand(Session.java:384)
	at org.h2.jdbc.JdbcConnection.prepareCommand(JdbcConnection.java:1188)
	at org.h2.jdbc.JdbcPreparedStatement.&lt;init&gt;(JdbcPreparedStatement.java:73)
	at org.h2.jdbc.JdbcConnection.prepareStatement(JdbcConnection.java:276)
	at sun.reflect.GeneratedMethodAccessor6.invoke(Unknown Source)
	at sun.reflect.DelegatingMethodAccessorImpl.invoke(DelegatingMethodAccessorImpl.java:43)
	at java.lang.reflect.Method.invoke(Method.java:498)
	at org.apache.ibatis.datasource.pooled.PooledConnection.invoke(PooledConnection.java:245)
	at com.sun.proxy.$Proxy12.prepareStatement(Unknown Source)
	at sun.reflect.GeneratedMethodAccessor6.invoke(Unknown Source)
	at sun.reflect.DelegatingMethodAccessorImpl.invoke(DelegatingMethodAccessorImpl.java:43)
	at java.lang.reflect.Method.invoke(Method.java:498)
	at org.apache.ibatis.logging.jdbc.ConnectionLogger.invoke(ConnectionLogger.java:55)
	at com.sun.proxy.$Proxy12.prepareStatement(Unknown Source)
	at org.apache.ibatis.executor.statement.PreparedStatementHandler.instantiateStatement(PreparedStatementHandler.java:79)
	at org.apache.ibatis.executor.statement.BaseStatementHandler.prepare(BaseStatementHandler.java:88)
	at org.apache.ibatis.executor.statement.RoutingStatementHandler.prepare(RoutingStatementHandler.java:58)
	at org.apache.ibatis.executor.SimpleExecutor.prepareStatement(SimpleExecutor.java:76)
	at org.apache.ibatis.executor.SimpleExecutor.doQuery(SimpleExecutor.java:61)
	at org.apache.ibatis.executor.BaseExecutor.queryFromDatabase(BaseExecutor.java:303)
	at org.apache.ibatis.executor.BaseExecutor.query(BaseExecutor.java:154)
	at org.apache.ibatis.executor.CachingExecutor.query(CachingExecutor.java:102)
	at org.apache.ibatis.executor.CachingExecutor.query(CachingExecutor.java:82)
	at org.apache.ibatis.session.defaults.DefaultSqlSession.selectList(DefaultSqlSession.java:120)
	... 42 more
</error>
    <system-out>10:44:56,510 [main] DEBUG org.activiti.engine.impl.interceptor.LogInterceptor  - 

10:44:56,510 [main] DEBUG org.activiti.engine.impl.interceptor.LogInterceptor  - --- starting CreateGroupCmd --------------------------------------------------------
10:44:56,510 [main] DEBUG org.activiti.engine.impl.cfg.standalone.StandaloneMybatisTransactionContext  - firing event committing...
10:44:56,510 [main] DEBUG org.activiti.engine.impl.cfg.standalone.StandaloneMybatisTransactionContext  - committing the ibatis sql session...
10:44:56,510 [main] DEBUG org.activiti.engine.impl.cfg.standalone.StandaloneMybatisTransactionContext  - firing event committed...
10:44:56,510 [main] DEBUG org.activiti.engine.impl.interceptor.LogInterceptor  - --- CreateGroupCmd finished --------------------------------------------------------
10:44:56,510 [main] DEBUG org.activiti.engine.impl.interceptor.LogInterceptor  - 

10:44:56,510 [main] DEBUG org.activiti.engine.impl.interceptor.LogInterceptor  - 

10:44:56,510 [main] DEBUG org.activiti.engine.impl.interceptor.LogInterceptor  - --- starting SaveGroupCmd --------------------------------------------------------
10:44:56,510 [main] DEBUG org.activiti.engine.impl.db.DbSqlSession  -   insert org.activiti.engine.impl.persistence.entity.GroupEntity@44d64d4e
10:44:56,510 [main] DEBUG org.activiti.engine.impl.db.DbSqlSession  - flush summary: 1 insert, 0 update, 0 delete.
10:44:56,510 [main] DEBUG org.activiti.engine.impl.db.DbSqlSession  - now executing flush...
10:44:56,510 [main] DEBUG org.activiti.engine.impl.db.DbSqlSession  - inserting: org.activiti.engine.impl.persistence.entity.GroupEntity@44d64d4e
10:44:56,510 [main] DEBUG org.apache.ibatis.transaction.jdbc.JdbcTransaction  - Opening JDBC Connection
10:44:56,510 [main] DEBUG org.apache.ibatis.datasource.pooled.PooledDataSource  - Checked out connection 180014677 from pool.
10:44:56,510 [main] DEBUG org.apache.ibatis.transaction.jdbc.JdbcTransaction  - Setting autocommit to false on JDBC Connection [conn3: url=jdbc:h2:mem:activiti user=SA]
10:44:56,510 [main] DEBUG org.activiti.engine.impl.persistence.entity.GroupEntity.insertGroup  - ==&gt;  Preparing: insert into ACT_ID_GROUP (ID_, REV_, NAME_, TYPE_) values ( ?, 1, ?, ? ) 
10:44:56,511 [main] DEBUG org.activiti.engine.impl.persistence.entity.GroupEntity.insertGroup  - ==&gt; Parameters: muppets(String), Muppet show characters(String), user(String)
10:44:56,511 [main] DEBUG org.activiti.engine.impl.persistence.entity.GroupEntity.insertGroup  - &lt;==    Updates: 1
10:44:56,511 [main] DEBUG org.activiti.engine.impl.cfg.standalone.StandaloneMybatisTransactionContext  - firing event committing...
10:44:56,511 [main] DEBUG org.activiti.engine.impl.cfg.standalone.StandaloneMybatisTransactionContext  - committing the ibatis sql session...
10:44:56,511 [main] DEBUG org.apache.ibatis.transaction.jdbc.JdbcTransaction  - Committing JDBC Connection [conn3: url=jdbc:h2:mem:activiti user=SA]
10:44:56,511 [main] DEBUG org.activiti.engine.impl.cfg.standalone.StandaloneMybatisTransactionContext  - firing event committed...
10:44:56,511 [main] DEBUG org.apache.ibatis.transaction.jdbc.JdbcTransaction  - Resetting autocommit to true on JDBC Connection [conn3: url=jdbc:h2:mem:activiti user=SA]
10:44:56,511 [main] DEBUG org.apache.ibatis.transaction.jdbc.JdbcTransaction  - Closing JDBC Connection [conn3: url=jdbc:h2:mem:activiti user=SA]
10:44:56,511 [main] DEBUG org.apache.ibatis.datasource.pooled.PooledDataSource  - Returned connection 180014677 to pool.
10:44:56,511 [main] DEBUG org.activiti.engine.impl.interceptor.LogInterceptor  - --- SaveGroupCmd finished --------------------------------------------------------
10:44:56,511 [main] DEBUG org.activiti.engine.impl.interceptor.LogInterceptor  - 

10:44:56,511 [main] DEBUG org.activiti.engine.impl.interceptor.LogInterceptor  - 

10:44:56,511 [main] DEBUG org.activiti.engine.impl.interceptor.LogInterceptor  - --- starting CreateGroupCmd --------------------------------------------------------
10:44:56,511 [main] DEBUG org.activiti.engine.impl.cfg.standalone.StandaloneMybatisTransactionContext  - firing event committing...
10:44:56,511 [main] DEBUG org.activiti.engine.impl.cfg.standalone.StandaloneMybatisTransactionContext  - committing the ibatis sql session...
10:44:56,511 [main] DEBUG org.activiti.engine.impl.cfg.standalone.StandaloneMybatisTransactionContext  - firing event committed...
10:44:56,511 [main] DEBUG org.activiti.engine.impl.interceptor.LogInterceptor  - --- CreateGroupCmd finished --------------------------------------------------------
10:44:56,511 [main] DEBUG org.activiti.engine.impl.interceptor.LogInterceptor  - 

10:44:56,511 [main] DEBUG org.activiti.engine.impl.interceptor.LogInterceptor  - 

10:44:56,511 [main] DEBUG org.activiti.engine.impl.interceptor.LogInterceptor  - --- starting SaveGroupCmd --------------------------------------------------------
10:44:56,511 [main] DEBUG org.activiti.engine.impl.db.DbSqlSession  -   insert org.activiti.engine.impl.persistence.entity.GroupEntity@1dd74143
10:44:56,511 [main] DEBUG org.activiti.engine.impl.db.DbSqlSession  - flush summary: 1 insert, 0 update, 0 delete.
10:44:56,511 [main] DEBUG org.activiti.engine.impl.db.DbSqlSession  - now executing flush...
10:44:56,511 [main] DEBUG org.activiti.engine.impl.db.DbSqlSession  - inserting: org.activiti.engine.impl.persistence.entity.GroupEntity@1dd74143
10:44:56,511 [main] DEBUG org.apache.ibatis.transaction.jdbc.JdbcTransaction  - Opening JDBC Connection
10:44:56,511 [main] DEBUG org.apache.ibatis.datasource.pooled.PooledDataSource  - Checked out connection 297240765 from pool.
10:44:56,511 [main] DEBUG org.apache.ibatis.transaction.jdbc.JdbcTransaction  - Setting autocommit to false on JDBC Connection [conn4: url=jdbc:h2:mem:activiti user=SA]
10:44:56,511 [main] DEBUG org.activiti.engine.impl.persistence.entity.GroupEntity.insertGroup  - ==&gt;  Preparing: insert into ACT_ID_GROUP (ID_, REV_, NAME_, TYPE_) values ( ?, 1, ?, ? ) 
10:44:56,511 [main] DEBUG org.activiti.engine.impl.persistence.entity.GroupEntity.insertGroup  - ==&gt; Parameters: frogs(String), Famous frogs(String), user(String)
10:44:56,511 [main] DEBUG org.activiti.engine.impl.persistence.entity.GroupEntity.insertGroup  - &lt;==    Updates: 1
10:44:56,511 [main] DEBUG org.activiti.engine.impl.cfg.standalone.StandaloneMybatisTransactionContext  - firing event committing...
10:44:56,511 [main] DEBUG org.activiti.engine.impl.cfg.standalone.StandaloneMybatisTransactionContext  - committing the ibatis sql session...
10:44:56,511 [main] DEBUG org.apache.ibatis.transaction.jdbc.JdbcTransaction  - Committing JDBC Connection [conn4: url=jdbc:h2:mem:activiti user=SA]
10:44:56,511 [main] DEBUG org.activiti.engine.impl.cfg.standalone.StandaloneMybatisTransactionContext  - firing event committed...
10:44:56,511 [main] DEBUG org.apache.ibatis.transaction.jdbc.JdbcTransaction  - Resetting autocommit to true on JDBC Connection [conn4: url=jdbc:h2:mem:activiti user=SA]
10:44:56,511 [main] DEBUG org.apache.ibatis.transaction.jdbc.JdbcTransaction  - Closing JDBC Connection [conn4: url=jdbc:h2:mem:activiti user=SA]
10:44:56,511 [main] DEBUG org.apache.ibatis.datasource.pooled.PooledDataSource  - Returned connection 297240765 to pool.
10:44:56,511 [main] DEBUG org.activiti.engine.impl.interceptor.LogInterceptor  - --- SaveGroupCmd finished --------------------------------------------------------
10:44:56,511 [main] DEBUG org.activiti.engine.impl.interceptor.LogInterceptor  - 

10:44:56,511 [main] DEBUG org.activiti.engine.impl.interceptor.LogInterceptor  - 

10:44:56,511 [main] DEBUG org.activiti.engine.impl.interceptor.LogInterceptor  - --- starting CreateGroupCmd --------------------------------------------------------
10:44:56,511 [main] DEBUG org.activiti.engine.impl.cfg.standalone.StandaloneMybatisTransactionContext  - firing event committing...
10:44:56,511 [main] DEBUG org.activiti.engine.impl.cfg.standalone.StandaloneMybatisTransactionContext  - committing the ibatis sql session...
10:44:56,511 [main] DEBUG org.activiti.engine.impl.cfg.standalone.StandaloneMybatisTransactionContext  - firing event committed...
10:44:56,511 [main] DEBUG org.activiti.engine.impl.interceptor.LogInterceptor  - --- CreateGroupCmd finished --------------------------------------------------------
10:44:56,511 [main] DEBUG org.activiti.engine.impl.interceptor.LogInterceptor  - 

10:44:56,511 [main] DEBUG org.activiti.engine.impl.interceptor.LogInterceptor  - 

10:44:56,511 [main] DEBUG org.activiti.engine.impl.interceptor.LogInterceptor  - --- starting SaveGroupCmd --------------------------------------------------------
10:44:56,511 [main] DEBUG org.activiti.engine.impl.db.DbSqlSession  -   insert org.activiti.engine.impl.persistence.entity.GroupEntity@526a9908
10:44:56,511 [main] DEBUG org.activiti.engine.impl.db.DbSqlSession  - flush summary: 1 insert, 0 update, 0 delete.
10:44:56,511 [main] DEBUG org.activiti.engine.impl.db.DbSqlSession  - now executing flush...
10:44:56,511 [main] DEBUG org.activiti.engine.impl.db.DbSqlSession  - inserting: org.activiti.engine.impl.persistence.entity.GroupEntity@526a9908
10:44:56,511 [main] DEBUG org.apache.ibatis.transaction.jdbc.JdbcTransaction  - Opening JDBC Connection
10:44:56,511 [main] DEBUG org.apache.ibatis.datasource.pooled.PooledDataSource  - Checked out connection 363509958 from pool.
10:44:56,511 [main] DEBUG org.apache.ibatis.transaction.jdbc.JdbcTransaction  - Setting autocommit to false on JDBC Connection [conn2: url=jdbc:h2:mem:activiti user=SA]
10:44:56,511 [main] DEBUG org.activiti.engine.impl.persistence.entity.GroupEntity.insertGroup  - ==&gt;  Preparing: insert into ACT_ID_GROUP (ID_, REV_, NAME_, TYPE_) values ( ?, 1, ?, ? ) 
10:44:56,511 [main] DEBUG org.activiti.engine.impl.persistence.entity.GroupEntity.insertGroup  - ==&gt; Parameters: mammals(String), Famous mammals from eighties(String), user(String)
10:44:56,511 [main] DEBUG org.activiti.engine.impl.persistence.entity.GroupEntity.insertGroup  - &lt;==    Updates: 1
10:44:56,511 [main] DEBUG org.activiti.engine.impl.cfg.standalone.StandaloneMybatisTransactionContext  - firing event committing...
10:44:56,511 [main] DEBUG org.activiti.engine.impl.cfg.standalone.StandaloneMybatisTransactionContext  - committing the ibatis sql session...
10:44:56,511 [main] DEBUG org.apache.ibatis.transaction.jdbc.JdbcTransaction  - Committing JDBC Connection [conn2: url=jdbc:h2:mem:activiti user=SA]
10:44:56,511 [main] DEBUG org.activiti.engine.impl.cfg.standalone.StandaloneMybatisTransactionContext  - firing event committed...
10:44:56,511 [main] DEBUG org.apache.ibatis.transaction.jdbc.JdbcTransaction  - Resetting autocommit to true on JDBC Connection [conn2: url=jdbc:h2:mem:activiti user=SA]
10:44:56,511 [main] DEBUG org.apache.ibatis.transaction.jdbc.JdbcTransaction  - Closing JDBC Connection [conn2: url=jdbc:h2:mem:activiti user=SA]
10:44:56,511 [main] DEBUG org.apache.ibatis.datasource.pooled.PooledDataSource  - Returned connection 363509958 to pool.
10:44:56,511 [main] DEBUG org.activiti.engine.impl.interceptor.LogInterceptor  - --- SaveGroupCmd finished --------------------------------------------------------
10:44:56,511 [main] DEBUG org.activiti.engine.impl.interceptor.LogInterceptor  - 

10:44:56,511 [main] DEBUG org.activiti.engine.impl.interceptor.LogInterceptor  - 

10:44:56,511 [main] DEBUG org.activiti.engine.impl.interceptor.LogInterceptor  - --- starting CreateGroupCmd --------------------------------------------------------
10:44:56,511 [main] DEBUG org.activiti.engine.impl.cfg.standalone.StandaloneMybatisTransactionContext  - firing event committing...
10:44:56,511 [main] DEBUG org.activiti.engine.impl.cfg.standalone.StandaloneMybatisTransactionContext  - committing the ibatis sql session...
10:44:56,511 [main] DEBUG org.activiti.engine.impl.cfg.standalone.StandaloneMybatisTransactionContext  - firing event committed...
10:44:56,511 [main] DEBUG org.activiti.engine.impl.interceptor.LogInterceptor  - --- CreateGroupCmd finished --------------------------------------------------------
10:44:56,511 [main] DEBUG org.activiti.engine.impl.interceptor.LogInterceptor  - 

10:44:56,511 [main] DEBUG org.activiti.engine.impl.interceptor.LogInterceptor  - 

10:44:56,511 [main] DEBUG org.activiti.engine.impl.interceptor.LogInterceptor  - --- starting SaveGroupCmd --------------------------------------------------------
10:44:56,511 [main] DEBUG org.activiti.engine.impl.db.DbSqlSession  -   insert org.activiti.engine.impl.persistence.entity.GroupEntity@3166f664
10:44:56,511 [main] DEBUG org.activiti.engine.impl.db.DbSqlSession  - flush summary: 1 insert, 0 update, 0 delete.
10:44:56,511 [main] DEBUG org.activiti.engine.impl.db.DbSqlSession  - now executing flush...
10:44:56,511 [main] DEBUG org.activiti.engine.impl.db.DbSqlSession  - inserting: org.activiti.engine.impl.persistence.entity.GroupEntity@3166f664
10:44:56,511 [main] DEBUG org.apache.ibatis.transaction.jdbc.JdbcTransaction  - Opening JDBC Connection
10:44:56,511 [main] DEBUG org.apache.ibatis.datasource.pooled.PooledDataSource  - Checked out connection 180014677 from pool.
10:44:56,511 [main] DEBUG org.apache.ibatis.transaction.jdbc.JdbcTransaction  - Setting autocommit to false on JDBC Connection [conn3: url=jdbc:h2:mem:activiti user=SA]
10:44:56,511 [main] DEBUG org.activiti.engine.impl.persistence.entity.GroupEntity.insertGroup  - ==&gt;  Preparing: insert into ACT_ID_GROUP (ID_, REV_, NAME_, TYPE_) values ( ?, 1, ?, ? ) 
10:44:56,511 [main] DEBUG org.activiti.engine.impl.persistence.entity.GroupEntity.insertGroup  - ==&gt; Parameters: admin(String), Administrators(String), security(String)
10:44:56,511 [main] DEBUG org.activiti.engine.impl.persistence.entity.GroupEntity.insertGroup  - &lt;==    Updates: 1
10:44:56,511 [main] DEBUG org.activiti.engine.impl.cfg.standalone.StandaloneMybatisTransactionContext  - firing event committing...
10:44:56,511 [main] DEBUG org.activiti.engine.impl.cfg.standalone.StandaloneMybatisTransactionContext  - committing the ibatis sql session...
10:44:56,511 [main] DEBUG org.apache.ibatis.transaction.jdbc.JdbcTransaction  - Committing JDBC Connection [conn3: url=jdbc:h2:mem:activiti user=SA]
10:44:56,511 [main] DEBUG org.activiti.engine.impl.cfg.standalone.StandaloneMybatisTransactionContext  - firing event committed...
10:44:56,511 [main] DEBUG org.apache.ibatis.transaction.jdbc.JdbcTransaction  - Resetting autocommit to true on JDBC Connection [conn3: url=jdbc:h2:mem:activiti user=SA]
10:44:56,511 [main] DEBUG org.apache.ibatis.transaction.jdbc.JdbcTransaction  - Closing JDBC Connection [conn3: url=jdbc:h2:mem:activiti user=SA]
10:44:56,511 [main] DEBUG org.apache.ibatis.datasource.pooled.PooledDataSource  - Returned connection 180014677 to pool.
10:44:56,511 [main] DEBUG org.activiti.engine.impl.interceptor.LogInterceptor  - --- SaveGroupCmd finished --------------------------------------------------------
10:44:56,511 [main] DEBUG org.activiti.engine.impl.interceptor.LogInterceptor  - 

10:44:56,511 [main] DEBUG org.activiti.engine.impl.interceptor.LogInterceptor  - 

10:44:56,511 [main] DEBUG org.activiti.engine.impl.interceptor.LogInterceptor  - --- starting CreateUserCmd --------------------------------------------------------
10:44:56,511 [main] DEBUG org.activiti.engine.impl.cfg.standalone.StandaloneMybatisTransactionContext  - firing event committing...
10:44:56,511 [main] DEBUG org.activiti.engine.impl.cfg.standalone.StandaloneMybatisTransactionContext  - committing the ibatis sql session...
10:44:56,511 [main] DEBUG org.activiti.engine.impl.cfg.standalone.StandaloneMybatisTransactionContext  - firing event committed...
10:44:56,511 [main] DEBUG org.activiti.engine.impl.interceptor.LogInterceptor  - --- CreateUserCmd finished --------------------------------------------------------
10:44:56,511 [main] DEBUG org.activiti.engine.impl.interceptor.LogInterceptor  - 

10:44:56,511 [main] DEBUG org.activiti.engine.impl.interceptor.LogInterceptor  - 

10:44:56,511 [main] DEBUG org.activiti.engine.impl.interceptor.LogInterceptor  - --- starting SaveUserCmd --------------------------------------------------------
10:44:56,511 [main] DEBUG org.activiti.engine.impl.db.DbSqlSession  -   insert org.activiti.engine.impl.persistence.entity.UserEntity@47ac613b
10:44:56,511 [main] DEBUG org.activiti.engine.impl.db.DbSqlSession  - flush summary: 1 insert, 0 update, 0 delete.
10:44:56,511 [main] DEBUG org.activiti.engine.impl.db.DbSqlSession  - now executing flush...
10:44:56,511 [main] DEBUG org.activiti.engine.impl.db.DbSqlSession  - inserting: org.activiti.engine.impl.persistence.entity.UserEntity@47ac613b
10:44:56,511 [main] DEBUG org.apache.ibatis.transaction.jdbc.JdbcTransaction  - Opening JDBC Connection
10:44:56,511 [main] DEBUG org.apache.ibatis.datasource.pooled.PooledDataSource  - Checked out connection 297240765 from pool.
10:44:56,511 [main] DEBUG org.apache.ibatis.transaction.jdbc.JdbcTransaction  - Setting autocommit to false on JDBC Connection [conn4: url=jdbc:h2:mem:activiti user=SA]
10:44:56,511 [main] DEBUG org.activiti.engine.impl.persistence.entity.UserEntity.insertUser  - ==&gt;  Preparing: insert into ACT_ID_USER (ID_, REV_, FIRST_, LAST_, EMAIL_, PWD_) values ( ?, 1, ?, ?, ?, ? ) 
10:44:56,511 [main] DEBUG org.activiti.engine.impl.persistence.entity.UserEntity.insertUser  - ==&gt; Parameters: kermit(String), null, null, null, null
10:44:56,511 [main] DEBUG org.activiti.engine.impl.persistence.entity.UserEntity.insertUser  - &lt;==    Updates: 1
10:44:56,511 [main] DEBUG org.activiti.engine.impl.cfg.standalone.StandaloneMybatisTransactionContext  - firing event committing...
10:44:56,511 [main] DEBUG org.activiti.engine.impl.cfg.standalone.StandaloneMybatisTransactionContext  - committing the ibatis sql session...
10:44:56,511 [main] DEBUG org.apache.ibatis.transaction.jdbc.JdbcTransaction  - Committing JDBC Connection [conn4: url=jdbc:h2:mem:activiti user=SA]
10:44:56,511 [main] DEBUG org.activiti.engine.impl.cfg.standalone.StandaloneMybatisTransactionContext  - firing event committed...
10:44:56,511 [main] DEBUG org.apache.ibatis.transaction.jdbc.JdbcTransaction  - Resetting autocommit to true on JDBC Connection [conn4: url=jdbc:h2:mem:activiti user=SA]
10:44:56,511 [main] DEBUG org.apache.ibatis.transaction.jdbc.JdbcTransaction  - Closing JDBC Connection [conn4: url=jdbc:h2:mem:activiti user=SA]
10:44:56,511 [main] DEBUG org.apache.ibatis.datasource.pooled.PooledDataSource  - Returned connection 297240765 to pool.
10:44:56,511 [main] DEBUG org.activiti.engine.impl.interceptor.LogInterceptor  - --- SaveUserCmd finished --------------------------------------------------------
10:44:56,511 [main] DEBUG org.activiti.engine.impl.interceptor.LogInterceptor  - 

10:44:56,511 [main] DEBUG org.activiti.engine.impl.interceptor.LogInterceptor  - 

10:44:56,511 [main] DEBUG org.activiti.engine.impl.interceptor.LogInterceptor  - --- starting CreateUserCmd --------------------------------------------------------
10:44:56,511 [main] DEBUG org.activiti.engine.impl.cfg.standalone.StandaloneMybatisTransactionContext  - firing event committing...
10:44:56,511 [main] DEBUG org.activiti.engine.impl.cfg.standalone.StandaloneMybatisTransactionContext  - committing the ibatis sql session...
10:44:56,511 [main] DEBUG org.activiti.engine.impl.cfg.standalone.StandaloneMybatisTransactionContext  - firing event committed...
10:44:56,511 [main] DEBUG org.activiti.engine.impl.interceptor.LogInterceptor  - --- CreateUserCmd finished --------------------------------------------------------
10:44:56,511 [main] DEBUG org.activiti.engine.impl.interceptor.LogInterceptor  - 

10:44:56,511 [main] DEBUG org.activiti.engine.impl.interceptor.LogInterceptor  - 

10:44:56,511 [main] DEBUG org.activiti.engine.impl.interceptor.LogInterceptor  - --- starting SaveUserCmd --------------------------------------------------------
10:44:56,511 [main] DEBUG org.activiti.engine.impl.db.DbSqlSession  -   insert org.activiti.engine.impl.persistence.entity.UserEntity@60d6fdd4
10:44:56,511 [main] DEBUG org.activiti.engine.impl.db.DbSqlSession  - flush summary: 1 insert, 0 update, 0 delete.
10:44:56,511 [main] DEBUG org.activiti.engine.impl.db.DbSqlSession  - now executing flush...
10:44:56,511 [main] DEBUG org.activiti.engine.impl.db.DbSqlSession  - inserting: org.activiti.engine.impl.persistence.entity.UserEntity@60d6fdd4
10:44:56,511 [main] DEBUG org.apache.ibatis.transaction.jdbc.JdbcTransaction  - Opening JDBC Connection
10:44:56,511 [main] DEBUG org.apache.ibatis.datasource.pooled.PooledDataSource  - Checked out connection 363509958 from pool.
10:44:56,511 [main] DEBUG org.apache.ibatis.transaction.jdbc.JdbcTransaction  - Setting autocommit to false on JDBC Connection [conn2: url=jdbc:h2:mem:activiti user=SA]
10:44:56,511 [main] DEBUG org.activiti.engine.impl.persistence.entity.UserEntity.insertUser  - ==&gt;  Preparing: insert into ACT_ID_USER (ID_, REV_, FIRST_, LAST_, EMAIL_, PWD_) values ( ?, 1, ?, ?, ?, ? ) 
10:44:56,511 [main] DEBUG org.activiti.engine.impl.persistence.entity.UserEntity.insertUser  - ==&gt; Parameters: fozzie(String), null, null, null, null
10:44:56,511 [main] DEBUG org.activiti.engine.impl.persistence.entity.UserEntity.insertUser  - &lt;==    Updates: 1
10:44:56,511 [main] DEBUG org.activiti.engine.impl.cfg.standalone.StandaloneMybatisTransactionContext  - firing event committing...
10:44:56,511 [main] DEBUG org.activiti.engine.impl.cfg.standalone.StandaloneMybatisTransactionContext  - committing the ibatis sql session...
10:44:56,511 [main] DEBUG org.apache.ibatis.transaction.jdbc.JdbcTransaction  - Committing JDBC Connection [conn2: url=jdbc:h2:mem:activiti user=SA]
10:44:56,511 [main] DEBUG org.activiti.engine.impl.cfg.standalone.StandaloneMybatisTransactionContext  - firing event committed...
10:44:56,511 [main] DEBUG org.apache.ibatis.transaction.jdbc.JdbcTransaction  - Resetting autocommit to true on JDBC Connection [conn2: url=jdbc:h2:mem:activiti user=SA]
10:44:56,511 [main] DEBUG org.apache.ibatis.transaction.jdbc.JdbcTransaction  - Closing JDBC Connection [conn2: url=jdbc:h2:mem:activiti user=SA]
10:44:56,511 [main] DEBUG org.apache.ibatis.datasource.pooled.PooledDataSource  - Returned connection 363509958 to pool.
10:44:56,511 [main] DEBUG org.activiti.engine.impl.interceptor.LogInterceptor  - --- SaveUserCmd finished --------------------------------------------------------
10:44:56,511 [main] DEBUG org.activiti.engine.impl.interceptor.LogInterceptor  - 

10:44:56,511 [main] DEBUG org.activiti.engine.impl.interceptor.LogInterceptor  - 

10:44:56,511 [main] DEBUG org.activiti.engine.impl.interceptor.LogInterceptor  - --- starting CreateUserCmd --------------------------------------------------------
10:44:56,511 [main] DEBUG org.activiti.engine.impl.cfg.standalone.StandaloneMybatisTransactionContext  - firing event committing...
10:44:56,511 [main] DEBUG org.activiti.engine.impl.cfg.standalone.StandaloneMybatisTransactionContext  - committing the ibatis sql session...
10:44:56,511 [main] DEBUG org.activiti.engine.impl.cfg.standalone.StandaloneMybatisTransactionContext  - firing event committed...
10:44:56,511 [main] DEBUG org.activiti.engine.impl.interceptor.LogInterceptor  - --- CreateUserCmd finished --------------------------------------------------------
10:44:56,511 [main] DEBUG org.activiti.engine.impl.interceptor.LogInterceptor  - 

10:44:56,511 [main] DEBUG org.activiti.engine.impl.interceptor.LogInterceptor  - 

10:44:56,511 [main] DEBUG org.activiti.engine.impl.interceptor.LogInterceptor  - --- starting SaveUserCmd --------------------------------------------------------
10:44:56,511 [main] DEBUG org.activiti.engine.impl.db.DbSqlSession  -   insert org.activiti.engine.impl.persistence.entity.UserEntity@66f28a1f
10:44:56,511 [main] DEBUG org.activiti.engine.impl.db.DbSqlSession  - flush summary: 1 insert, 0 update, 0 delete.
10:44:56,511 [main] DEBUG org.activiti.engine.impl.db.DbSqlSession  - now executing flush...
10:44:56,512 [main] DEBUG org.activiti.engine.impl.db.DbSqlSession  - inserting: org.activiti.engine.impl.persistence.entity.UserEntity@66f28a1f
10:44:56,512 [main] DEBUG org.apache.ibatis.transaction.jdbc.JdbcTransaction  - Opening JDBC Connection
10:44:56,512 [main] DEBUG org.apache.ibatis.datasource.pooled.PooledDataSource  - Checked out connection 180014677 from pool.
10:44:56,512 [main] DEBUG org.apache.ibatis.transaction.jdbc.JdbcTransaction  - Setting autocommit to false on JDBC Connection [conn3: url=jdbc:h2:mem:activiti user=SA]
10:44:56,512 [main] DEBUG org.activiti.engine.impl.persistence.entity.UserEntity.insertUser  - ==&gt;  Preparing: insert into ACT_ID_USER (ID_, REV_, FIRST_, LAST_, EMAIL_, PWD_) values ( ?, 1, ?, ?, ?, ? ) 
10:44:56,512 [main] DEBUG org.activiti.engine.impl.persistence.entity.UserEntity.insertUser  - ==&gt; Parameters: mispiggy(String), null, null, null, null
10:44:56,512 [main] DEBUG org.activiti.engine.impl.persistence.entity.UserEntity.insertUser  - &lt;==    Updates: 1
10:44:56,512 [main] DEBUG org.activiti.engine.impl.cfg.standalone.StandaloneMybatisTransactionContext  - firing event committing...
10:44:56,512 [main] DEBUG org.activiti.engine.impl.cfg.standalone.StandaloneMybatisTransactionContext  - committing the ibatis sql session...
10:44:56,512 [main] DEBUG org.apache.ibatis.transaction.jdbc.JdbcTransaction  - Committing JDBC Connection [conn3: url=jdbc:h2:mem:activiti user=SA]
10:44:56,512 [main] DEBUG org.activiti.engine.impl.cfg.standalone.StandaloneMybatisTransactionContext  - firing event committed...
10:44:56,512 [main] DEBUG org.apache.ibatis.transaction.jdbc.JdbcTransaction  - Resetting autocommit to true on JDBC Connection [conn3: url=jdbc:h2:mem:activiti user=SA]
10:44:56,512 [main] DEBUG org.apache.ibatis.transaction.jdbc.JdbcTransaction  - Closing JDBC Connection [conn3: url=jdbc:h2:mem:activiti user=SA]
10:44:56,512 [main] DEBUG org.apache.ibatis.datasource.pooled.PooledDataSource  - Returned connection 180014677 to pool.
10:44:56,512 [main] DEBUG org.activiti.engine.impl.interceptor.LogInterceptor  - --- SaveUserCmd finished --------------------------------------------------------
10:44:56,512 [main] DEBUG org.activiti.engine.impl.interceptor.LogInterceptor  - 

10:44:56,512 [main] DEBUG org.activiti.engine.impl.interceptor.LogInterceptor  - 

10:44:56,512 [main] DEBUG org.activiti.engine.impl.interceptor.LogInterceptor  - --- starting CreateMembershipCmd --------------------------------------------------------
10:44:56,512 [main] DEBUG org.activiti.engine.impl.db.DbSqlSession  -   insert org.activiti.engine.impl.persistence.entity.MembershipEntity@60a19573
10:44:56,512 [main] DEBUG org.activiti.engine.impl.db.DbSqlSession  - flush summary: 1 insert, 0 update, 0 delete.
10:44:56,512 [main] DEBUG org.activiti.engine.impl.db.DbSqlSession  - now executing flush...
10:44:56,512 [main] DEBUG org.activiti.engine.impl.db.DbSqlSession  - inserting: org.activiti.engine.impl.persistence.entity.MembershipEntity@60a19573
10:44:56,512 [main] DEBUG org.apache.ibatis.transaction.jdbc.JdbcTransaction  - Opening JDBC Connection
10:44:56,512 [main] DEBUG org.apache.ibatis.datasource.pooled.PooledDataSource  - Checked out connection 297240765 from pool.
10:44:56,512 [main] DEBUG org.apache.ibatis.transaction.jdbc.JdbcTransaction  - Setting autocommit to false on JDBC Connection [conn4: url=jdbc:h2:mem:activiti user=SA]
10:44:56,512 [main] DEBUG org.activiti.engine.impl.persistence.entity.MembershipRelation.insertMembership  - ==&gt;  Preparing: insert into ACT_ID_MEMBERSHIP (USER_ID_, GROUP_ID_) values ( ?, ? ) 
10:44:56,512 [main] DEBUG org.activiti.engine.impl.persistence.entity.MembershipRelation.insertMembership  - ==&gt; Parameters: kermit(String), muppets(String)
10:44:56,512 [main] DEBUG org.activiti.engine.impl.persistence.entity.MembershipRelation.insertMembership  - &lt;==    Updates: 1
10:44:56,512 [main] DEBUG org.activiti.engine.impl.cfg.standalone.StandaloneMybatisTransactionContext  - firing event committing...
10:44:56,512 [main] DEBUG org.activiti.engine.impl.cfg.standalone.StandaloneMybatisTransactionContext  - committing the ibatis sql session...
10:44:56,512 [main] DEBUG org.apache.ibatis.transaction.jdbc.JdbcTransaction  - Committing JDBC Connection [conn4: url=jdbc:h2:mem:activiti user=SA]
10:44:56,512 [main] DEBUG org.activiti.engine.impl.cfg.standalone.StandaloneMybatisTransactionContext  - firing event committed...
10:44:56,512 [main] DEBUG org.apache.ibatis.transaction.jdbc.JdbcTransaction  - Resetting autocommit to true on JDBC Connection [conn4: url=jdbc:h2:mem:activiti user=SA]
10:44:56,512 [main] DEBUG org.apache.ibatis.transaction.jdbc.JdbcTransaction  - Closing JDBC Connection [conn4: url=jdbc:h2:mem:activiti user=SA]
10:44:56,512 [main] DEBUG org.apache.ibatis.datasource.pooled.PooledDataSource  - Returned connection 297240765 to pool.
10:44:56,512 [main] DEBUG org.activiti.engine.impl.interceptor.LogInterceptor  - --- CreateMembershipCmd finished --------------------------------------------------------
10:44:56,512 [main] DEBUG org.activiti.engine.impl.interceptor.LogInterceptor  - 

10:44:56,512 [main] DEBUG org.activiti.engine.impl.interceptor.LogInterceptor  - 

10:44:56,512 [main] DEBUG org.activiti.engine.impl.interceptor.LogInterceptor  - --- starting CreateMembershipCmd --------------------------------------------------------
10:44:56,512 [main] DEBUG org.activiti.engine.impl.db.DbSqlSession  -   insert org.activiti.engine.impl.persistence.entity.MembershipEntity@44a085e5
10:44:56,512 [main] DEBUG org.activiti.engine.impl.db.DbSqlSession  - flush summary: 1 insert, 0 update, 0 delete.
10:44:56,512 [main] DEBUG org.activiti.engine.impl.db.DbSqlSession  - now executing flush...
10:44:56,512 [main] DEBUG org.activiti.engine.impl.db.DbSqlSession  - inserting: org.activiti.engine.impl.persistence.entity.MembershipEntity@44a085e5
10:44:56,512 [main] DEBUG org.apache.ibatis.transaction.jdbc.JdbcTransaction  - Opening JDBC Connection
10:44:56,512 [main] DEBUG org.apache.ibatis.datasource.pooled.PooledDataSource  - Checked out connection 363509958 from pool.
10:44:56,512 [main] DEBUG org.apache.ibatis.transaction.jdbc.JdbcTransaction  - Setting autocommit to false on JDBC Connection [conn2: url=jdbc:h2:mem:activiti user=SA]
10:44:56,512 [main] DEBUG org.activiti.engine.impl.persistence.entity.MembershipRelation.insertMembership  - ==&gt;  Preparing: insert into ACT_ID_MEMBERSHIP (USER_ID_, GROUP_ID_) values ( ?, ? ) 
10:44:56,512 [main] DEBUG org.activiti.engine.impl.persistence.entity.MembershipRelation.insertMembership  - ==&gt; Parameters: fozzie(String), muppets(String)
10:44:56,512 [main] DEBUG org.activiti.engine.impl.persistence.entity.MembershipRelation.insertMembership  - &lt;==    Updates: 1
10:44:56,512 [main] DEBUG org.activiti.engine.impl.cfg.standalone.StandaloneMybatisTransactionContext  - firing event committing...
10:44:56,512 [main] DEBUG org.activiti.engine.impl.cfg.standalone.StandaloneMybatisTransactionContext  - committing the ibatis sql session...
10:44:56,512 [main] DEBUG org.apache.ibatis.transaction.jdbc.JdbcTransaction  - Committing JDBC Connection [conn2: url=jdbc:h2:mem:activiti user=SA]
10:44:56,512 [main] DEBUG org.activiti.engine.impl.cfg.standalone.StandaloneMybatisTransactionContext  - firing event committed...
10:44:56,512 [main] DEBUG org.apache.ibatis.transaction.jdbc.JdbcTransaction  - Resetting autocommit to true on JDBC Connection [conn2: url=jdbc:h2:mem:activiti user=SA]
10:44:56,512 [main] DEBUG org.apache.ibatis.transaction.jdbc.JdbcTransaction  - Closing JDBC Connection [conn2: url=jdbc:h2:mem:activiti user=SA]
10:44:56,512 [main] DEBUG org.apache.ibatis.datasource.pooled.PooledDataSource  - Returned connection 363509958 to pool.
10:44:56,512 [main] DEBUG org.activiti.engine.impl.interceptor.LogInterceptor  - --- CreateMembershipCmd finished --------------------------------------------------------
10:44:56,512 [main] DEBUG org.activiti.engine.impl.interceptor.LogInterceptor  - 

10:44:56,512 [main] DEBUG org.activiti.engine.impl.interceptor.LogInterceptor  - 

10:44:56,512 [main] DEBUG org.activiti.engine.impl.interceptor.LogInterceptor  - --- starting CreateMembershipCmd --------------------------------------------------------
10:44:56,512 [main] DEBUG org.activiti.engine.impl.db.DbSqlSession  -   insert org.activiti.engine.impl.persistence.entity.MembershipEntity@134ff8f8
10:44:56,512 [main] DEBUG org.activiti.engine.impl.db.DbSqlSession  - flush summary: 1 insert, 0 update, 0 delete.
10:44:56,512 [main] DEBUG org.activiti.engine.impl.db.DbSqlSession  - now executing flush...
10:44:56,512 [main] DEBUG org.activiti.engine.impl.db.DbSqlSession  - inserting: org.activiti.engine.impl.persistence.entity.MembershipEntity@134ff8f8
10:44:56,512 [main] DEBUG org.apache.ibatis.transaction.jdbc.JdbcTransaction  - Opening JDBC Connection
10:44:56,512 [main] DEBUG org.apache.ibatis.datasource.pooled.PooledDataSource  - Checked out connection 180014677 from pool.
10:44:56,512 [main] DEBUG org.apache.ibatis.transaction.jdbc.JdbcTransaction  - Setting autocommit to false on JDBC Connection [conn3: url=jdbc:h2:mem:activiti user=SA]
10:44:56,512 [main] DEBUG org.activiti.engine.impl.persistence.entity.MembershipRelation.insertMembership  - ==&gt;  Preparing: insert into ACT_ID_MEMBERSHIP (USER_ID_, GROUP_ID_) values ( ?, ? ) 
10:44:56,512 [main] DEBUG org.activiti.engine.impl.persistence.entity.MembershipRelation.insertMembership  - ==&gt; Parameters: mispiggy(String), muppets(String)
10:44:56,512 [main] DEBUG org.activiti.engine.impl.persistence.entity.MembershipRelation.insertMembership  - &lt;==    Updates: 1
10:44:56,512 [main] DEBUG org.activiti.engine.impl.cfg.standalone.StandaloneMybatisTransactionContext  - firing event committing...
10:44:56,512 [main] DEBUG org.activiti.engine.impl.cfg.standalone.StandaloneMybatisTransactionContext  - committing the ibatis sql session...
10:44:56,512 [main] DEBUG org.apache.ibatis.transaction.jdbc.JdbcTransaction  - Committing JDBC Connection [conn3: url=jdbc:h2:mem:activiti user=SA]
10:44:56,512 [main] DEBUG org.activiti.engine.impl.cfg.standalone.StandaloneMybatisTransactionContext  - firing event committed...
10:44:56,512 [main] DEBUG org.apache.ibatis.transaction.jdbc.JdbcTransaction  - Resetting autocommit to true on JDBC Connection [conn3: url=jdbc:h2:mem:activiti user=SA]
10:44:56,512 [main] DEBUG org.apache.ibatis.transaction.jdbc.JdbcTransaction  - Closing JDBC Connection [conn3: url=jdbc:h2:mem:activiti user=SA]
10:44:56,512 [main] DEBUG org.apache.ibatis.datasource.pooled.PooledDataSource  - Returned connection 180014677 to pool.
10:44:56,512 [main] DEBUG org.activiti.engine.impl.interceptor.LogInterceptor  - --- CreateMembershipCmd finished --------------------------------------------------------
10:44:56,512 [main] DEBUG org.activiti.engine.impl.interceptor.LogInterceptor  - 

10:44:56,512 [main] DEBUG org.activiti.engine.impl.interceptor.LogInterceptor  - 

10:44:56,512 [main] DEBUG org.activiti.engine.impl.interceptor.LogInterceptor  - --- starting CreateMembershipCmd --------------------------------------------------------
10:44:56,512 [main] DEBUG org.activiti.engine.impl.db.DbSqlSession  -   insert org.activiti.engine.impl.persistence.entity.MembershipEntity@619f2afc
10:44:56,512 [main] DEBUG org.activiti.engine.impl.db.DbSqlSession  - flush summary: 1 insert, 0 update, 0 delete.
10:44:56,512 [main] DEBUG org.activiti.engine.impl.db.DbSqlSession  - now executing flush...
10:44:56,512 [main] DEBUG org.activiti.engine.impl.db.DbSqlSession  - inserting: org.activiti.engine.impl.persistence.entity.MembershipEntity@619f2afc
10:44:56,512 [main] DEBUG org.apache.ibatis.transaction.jdbc.JdbcTransaction  - Opening JDBC Connection
10:44:56,512 [main] DEBUG org.apache.ibatis.datasource.pooled.PooledDataSource  - Checked out connection 297240765 from pool.
10:44:56,512 [main] DEBUG org.apache.ibatis.transaction.jdbc.JdbcTransaction  - Setting autocommit to false on JDBC Connection [conn4: url=jdbc:h2:mem:activiti user=SA]
10:44:56,512 [main] DEBUG org.activiti.engine.impl.persistence.entity.MembershipRelation.insertMembership  - ==&gt;  Preparing: insert into ACT_ID_MEMBERSHIP (USER_ID_, GROUP_ID_) values ( ?, ? ) 
10:44:56,512 [main] DEBUG org.activiti.engine.impl.persistence.entity.MembershipRelation.insertMembership  - ==&gt; Parameters: kermit(String), frogs(String)
10:44:56,512 [main] DEBUG org.activiti.engine.impl.persistence.entity.MembershipRelation.insertMembership  - &lt;==    Updates: 1
10:44:56,512 [main] DEBUG org.activiti.engine.impl.cfg.standalone.StandaloneMybatisTransactionContext  - firing event committing...
10:44:56,512 [main] DEBUG org.activiti.engine.impl.cfg.standalone.StandaloneMybatisTransactionContext  - committing the ibatis sql session...
10:44:56,512 [main] DEBUG org.apache.ibatis.transaction.jdbc.JdbcTransaction  - Committing JDBC Connection [conn4: url=jdbc:h2:mem:activiti user=SA]
10:44:56,512 [main] DEBUG org.activiti.engine.impl.cfg.standalone.StandaloneMybatisTransactionContext  - firing event committed...
10:44:56,512 [main] DEBUG org.apache.ibatis.transaction.jdbc.JdbcTransaction  - Resetting autocommit to true on JDBC Connection [conn4: url=jdbc:h2:mem:activiti user=SA]
10:44:56,512 [main] DEBUG org.apache.ibatis.transaction.jdbc.JdbcTransaction  - Closing JDBC Connection [conn4: url=jdbc:h2:mem:activiti user=SA]
10:44:56,512 [main] DEBUG org.apache.ibatis.datasource.pooled.PooledDataSource  - Returned connection 297240765 to pool.
10:44:56,512 [main] DEBUG org.activiti.engine.impl.interceptor.LogInterceptor  - --- CreateMembershipCmd finished --------------------------------------------------------
10:44:56,512 [main] DEBUG org.activiti.engine.impl.interceptor.LogInterceptor  - 

10:44:56,512 [main] DEBUG org.activiti.engine.impl.interceptor.LogInterceptor  - 

10:44:56,512 [main] DEBUG org.activiti.engine.impl.interceptor.LogInterceptor  - --- starting CreateMembershipCmd --------------------------------------------------------
10:44:56,512 [main] DEBUG org.activiti.engine.impl.db.DbSqlSession  -   insert org.activiti.engine.impl.persistence.entity.MembershipEntity@df921b1
10:44:56,512 [main] DEBUG org.activiti.engine.impl.db.DbSqlSession  - flush summary: 1 insert, 0 update, 0 delete.
10:44:56,512 [main] DEBUG org.activiti.engine.impl.db.DbSqlSession  - now executing flush...
10:44:56,512 [main] DEBUG org.activiti.engine.impl.db.DbSqlSession  - inserting: org.activiti.engine.impl.persistence.entity.MembershipEntity@df921b1
10:44:56,512 [main] DEBUG org.apache.ibatis.transaction.jdbc.JdbcTransaction  - Opening JDBC Connection
10:44:56,512 [main] DEBUG org.apache.ibatis.datasource.pooled.PooledDataSource  - Checked out connection 363509958 from pool.
10:44:56,512 [main] DEBUG org.apache.ibatis.transaction.jdbc.JdbcTransaction  - Setting autocommit to false on JDBC Connection [conn2: url=jdbc:h2:mem:activiti user=SA]
10:44:56,512 [main] DEBUG org.activiti.engine.impl.persistence.entity.MembershipRelation.insertMembership  - ==&gt;  Preparing: insert into ACT_ID_MEMBERSHIP (USER_ID_, GROUP_ID_) values ( ?, ? ) 
10:44:56,512 [main] DEBUG org.activiti.engine.impl.persistence.entity.MembershipRelation.insertMembership  - ==&gt; Parameters: fozzie(String), mammals(String)
10:44:56,512 [main] DEBUG org.activiti.engine.impl.persistence.entity.MembershipRelation.insertMembership  - &lt;==    Updates: 1
10:44:56,512 [main] DEBUG org.activiti.engine.impl.cfg.standalone.StandaloneMybatisTransactionContext  - firing event committing...
10:44:56,512 [main] DEBUG org.activiti.engine.impl.cfg.standalone.StandaloneMybatisTransactionContext  - committing the ibatis sql session...
10:44:56,512 [main] DEBUG org.apache.ibatis.transaction.jdbc.JdbcTransaction  - Committing JDBC Connection [conn2: url=jdbc:h2:mem:activiti user=SA]
10:44:56,512 [main] DEBUG org.activiti.engine.impl.cfg.standalone.StandaloneMybatisTransactionContext  - firing event committed...
10:44:56,512 [main] DEBUG org.apache.ibatis.transaction.jdbc.JdbcTransaction  - Resetting autocommit to true on JDBC Connection [conn2: url=jdbc:h2:mem:activiti user=SA]
10:44:56,512 [main] DEBUG org.apache.ibatis.transaction.jdbc.JdbcTransaction  - Closing JDBC Connection [conn2: url=jdbc:h2:mem:activiti user=SA]
10:44:56,512 [main] DEBUG org.apache.ibatis.datasource.pooled.PooledDataSource  - Returned connection 363509958 to pool.
10:44:56,512 [main] DEBUG org.activiti.engine.impl.interceptor.LogInterceptor  - --- CreateMembershipCmd finished --------------------------------------------------------
10:44:56,512 [main] DEBUG org.activiti.engine.impl.interceptor.LogInterceptor  - 

10:44:56,512 [main] DEBUG org.activiti.engine.impl.interceptor.LogInterceptor  - 

10:44:56,512 [main] DEBUG org.activiti.engine.impl.interceptor.LogInterceptor  - --- starting CreateMembershipCmd --------------------------------------------------------
10:44:56,512 [main] DEBUG org.activiti.engine.impl.db.DbSqlSession  -   insert org.activiti.engine.impl.persistence.entity.MembershipEntity@4db60246
10:44:56,512 [main] DEBUG org.activiti.engine.impl.db.DbSqlSession  - flush summary: 1 insert, 0 update, 0 delete.
10:44:56,512 [main] DEBUG org.activiti.engine.impl.db.DbSqlSession  - now executing flush...
10:44:56,512 [main] DEBUG org.activiti.engine.impl.db.DbSqlSession  - inserting: org.activiti.engine.impl.persistence.entity.MembershipEntity@4db60246
10:44:56,512 [main] DEBUG org.apache.ibatis.transaction.jdbc.JdbcTransaction  - Opening JDBC Connection
10:44:56,512 [main] DEBUG org.apache.ibatis.datasource.pooled.PooledDataSource  - Checked out connection 180014677 from pool.
10:44:56,512 [main] DEBUG org.apache.ibatis.transaction.jdbc.JdbcTransaction  - Setting autocommit to false on JDBC Connection [conn3: url=jdbc:h2:mem:activiti user=SA]
10:44:56,512 [main] DEBUG org.activiti.engine.impl.persistence.entity.MembershipRelation.insertMembership  - ==&gt;  Preparing: insert into ACT_ID_MEMBERSHIP (USER_ID_, GROUP_ID_) values ( ?, ? ) 
10:44:56,512 [main] DEBUG org.activiti.engine.impl.persistence.entity.MembershipRelation.insertMembership  - ==&gt; Parameters: mispiggy(String), mammals(String)
10:44:56,512 [main] DEBUG org.activiti.engine.impl.persistence.entity.MembershipRelation.insertMembership  - &lt;==    Updates: 1
10:44:56,512 [main] DEBUG org.activiti.engine.impl.cfg.standalone.StandaloneMybatisTransactionContext  - firing event committing...
10:44:56,512 [main] DEBUG org.activiti.engine.impl.cfg.standalone.StandaloneMybatisTransactionContext  - committing the ibatis sql session...
10:44:56,512 [main] DEBUG org.apache.ibatis.transaction.jdbc.JdbcTransaction  - Committing JDBC Connection [conn3: url=jdbc:h2:mem:activiti user=SA]
10:44:56,512 [main] DEBUG org.activiti.engine.impl.cfg.standalone.StandaloneMybatisTransactionContext  - firing event committed...
10:44:56,512 [main] DEBUG org.apache.ibatis.transaction.jdbc.JdbcTransaction  - Resetting autocommit to true on JDBC Connection [conn3: url=jdbc:h2:mem:activiti user=SA]
10:44:56,512 [main] DEBUG org.apache.ibatis.transaction.jdbc.JdbcTransaction  - Closing JDBC Connection [conn3: url=jdbc:h2:mem:activiti user=SA]
10:44:56,512 [main] DEBUG org.apache.ibatis.datasource.pooled.PooledDataSource  - Returned connection 180014677 to pool.
10:44:56,512 [main] DEBUG org.activiti.engine.impl.interceptor.LogInterceptor  - --- CreateMembershipCmd finished --------------------------------------------------------
10:44:56,512 [main] DEBUG org.activiti.engine.impl.interceptor.LogInterceptor  - 

10:44:56,512 [main] DEBUG org.activiti.engine.impl.interceptor.LogInterceptor  - 

10:44:56,512 [main] DEBUG org.activiti.engine.impl.interceptor.LogInterceptor  - --- starting CreateMembershipCmd --------------------------------------------------------
10:44:56,512 [main] DEBUG org.activiti.engine.impl.db.DbSqlSession  -   insert org.activiti.engine.impl.persistence.entity.MembershipEntity@2152ab30
10:44:56,512 [main] DEBUG org.activiti.engine.impl.db.DbSqlSession  - flush summary: 1 insert, 0 update, 0 delete.
10:44:56,512 [main] DEBUG org.activiti.engine.impl.db.DbSqlSession  - now executing flush...
10:44:56,512 [main] DEBUG org.activiti.engine.impl.db.DbSqlSession  - inserting: org.activiti.engine.impl.persistence.entity.MembershipEntity@2152ab30
10:44:56,512 [main] DEBUG org.apache.ibatis.transaction.jdbc.JdbcTransaction  - Opening JDBC Connection
10:44:56,512 [main] DEBUG org.apache.ibatis.datasource.pooled.PooledDataSource  - Checked out connection 297240765 from pool.
10:44:56,512 [main] DEBUG org.apache.ibatis.transaction.jdbc.JdbcTransaction  - Setting autocommit to false on JDBC Connection [conn4: url=jdbc:h2:mem:activiti user=SA]
10:44:56,512 [main] DEBUG org.activiti.engine.impl.persistence.entity.MembershipRelation.insertMembership  - ==&gt;  Preparing: insert into ACT_ID_MEMBERSHIP (USER_ID_, GROUP_ID_) values ( ?, ? ) 
10:44:56,512 [main] DEBUG org.activiti.engine.impl.persistence.entity.MembershipRelation.insertMembership  - ==&gt; Parameters: kermit(String), admin(String)
10:44:56,512 [main] DEBUG org.activiti.engine.impl.persistence.entity.MembershipRelation.insertMembership  - &lt;==    Updates: 1
10:44:56,512 [main] DEBUG org.activiti.engine.impl.cfg.standalone.StandaloneMybatisTransactionContext  - firing event committing...
10:44:56,512 [main] DEBUG org.activiti.engine.impl.cfg.standalone.StandaloneMybatisTransactionContext  - committing the ibatis sql session...
10:44:56,512 [main] DEBUG org.apache.ibatis.transaction.jdbc.JdbcTransaction  - Committing JDBC Connection [conn4: url=jdbc:h2:mem:activiti user=SA]
10:44:56,512 [main] DEBUG org.activiti.engine.impl.cfg.standalone.StandaloneMybatisTransactionContext  - firing event committed...
10:44:56,512 [main] DEBUG org.apache.ibatis.transaction.jdbc.JdbcTransaction  - Resetting autocommit to true on JDBC Connection [conn4: url=jdbc:h2:mem:activiti user=SA]
10:44:56,512 [main] DEBUG org.apache.ibatis.transaction.jdbc.JdbcTransaction  - Closing JDBC Connection [conn4: url=jdbc:h2:mem:activiti user=SA]
10:44:56,512 [main] DEBUG org.apache.ibatis.datasource.pooled.PooledDataSource  - Returned connection 297240765 to pool.
10:44:56,512 [main] DEBUG org.activiti.engine.impl.interceptor.LogInterceptor  - --- CreateMembershipCmd finished --------------------------------------------------------
10:44:56,512 [main] DEBUG org.activiti.engine.impl.interceptor.LogInterceptor  - 

10:44:56,512 [main] DEBUG org.activiti.engine.impl.test.PvmTestCase  - 

10:44:56,512 [main] DEBUG org.activiti.engine.impl.test.PvmTestCase  - #### START GroupQueryTest.testQueryByInvalidType ###########################################################
10:44:56,512 [main] DEBUG org.activiti.engine.impl.interceptor.LogInterceptor  - 

10:44:56,512 [main] DEBUG org.activiti.engine.impl.interceptor.LogInterceptor  - --- starting CreateGroupQueryCmd --------------------------------------------------------
10:44:56,512 [main] DEBUG org.activiti.engine.impl.cfg.standalone.StandaloneMybatisTransactionContext  - firing event committing...
10:44:56,512 [main] DEBUG org.activiti.engine.impl.cfg.standalone.StandaloneMybatisTransactionContext  - committing the ibatis sql session...
10:44:56,512 [main] DEBUG org.activiti.engine.impl.cfg.standalone.StandaloneMybatisTransactionContext  - firing event committed...
10:44:56,512 [main] DEBUG org.activiti.engine.impl.interceptor.LogInterceptor  - --- CreateGroupQueryCmd finished --------------------------------------------------------
10:44:56,512 [main] DEBUG org.activiti.engine.impl.interceptor.LogInterceptor  - 

10:44:56,513 [main] DEBUG org.activiti.engine.impl.interceptor.LogInterceptor  - 

10:44:56,513 [main] DEBUG org.activiti.engine.impl.interceptor.LogInterceptor  - --- starting GroupQueryImpl --------------------------------------------------------
10:44:56,513 [main] DEBUG org.apache.ibatis.transaction.jdbc.JdbcTransaction  - Opening JDBC Connection
10:44:56,513 [main] DEBUG org.apache.ibatis.datasource.pooled.PooledDataSource  - Checked out connection 363509958 from pool.
10:44:56,513 [main] DEBUG org.apache.ibatis.transaction.jdbc.JdbcTransaction  - Setting autocommit to false on JDBC Connection [conn2: url=jdbc:h2:mem:activiti user=SA]
10:44:56,513 [main] DEBUG org.activiti.engine.impl.persistence.entity.GroupEntity.selectGroupByQueryCriteria  - ==&gt;  Preparing: select RES.* from ACT_ID_GROUP RES WHERE RES.TYPE_ = ? order by order by RES.ID_ asc LIMIT ? OFFSET ? 
10:44:56,513 [main] DEBUG org.activiti.engine.impl.interceptor.CommandContext  - Error while closing command context
org.apache.ibatis.exceptions.PersistenceException: 
### Error querying database.  Cause: org.h2.jdbc.JdbcSQLException: Syntax error in SQL statement &quot;SELECT RES.* 
     
    FROM ACT_ID_GROUP RES
     
     WHERE  RES.TYPE_ = ? 
   
     ORDER BY  ORDER[*] BY RES.ID_ ASC  
    LIMIT ? OFFSET ? &quot;; expected &quot;=, NOT, EXISTS, INTERSECTS, SELECT, FROM&quot;; SQL statement:
select RES.* 
     
    from ACT_ID_GROUP RES
     
     WHERE  RES.TYPE_ = ? 
   
     order by  order by RES.ID_ asc  
    LIMIT ? OFFSET ? [42001-176]
### The error may exist in org/activiti/db/mapping/entity/Group.xml
### The error may involve org.activiti.engine.impl.persistence.entity.GroupEntity.selectGroupByQueryCriteria
### The error occurred while executing a query
### SQL: select RES.*            from ACT_ID_GROUP RES            WHERE  RES.TYPE_ = ?           order by  order by RES.ID_ asc       LIMIT ? OFFSET ?
### Cause: org.h2.jdbc.JdbcSQLException: Syntax error in SQL statement &quot;SELECT RES.* 
     
    FROM ACT_ID_GROUP RES
     
     WHERE  RES.TYPE_ = ? 
   
     ORDER BY  ORDER[*] BY RES.ID_ ASC  
    LIMIT ? OFFSET ? &quot;; expected &quot;=, NOT, EXISTS, INTERSECTS, SELECT, FROM&quot;; SQL statement:
select RES.* 
     
    from ACT_ID_GROUP RES
     
     WHERE  RES.TYPE_ = ? 
   
     order by  order by RES.ID_ asc  
    LIMIT ? OFFSET ? [42001-176]
	at org.apache.ibatis.exceptions.ExceptionFactory.wrapException(ExceptionFactory.java:30)
	at org.apache.ibatis.session.defaults.DefaultSqlSession.selectList(DefaultSqlSession.java:122)
	at org.apache.ibatis.session.defaults.DefaultSqlSession.selectList(DefaultSqlSession.java:113)
	at org.activiti.engine.impl.db.DbSqlSession.selectListWithRawParameter(DbSqlSession.java:438)
	at org.activiti.engine.impl.db.DbSqlSession.selectList(DbSqlSession.java:429)
	at org.activiti.engine.impl.db.DbSqlSession.selectList(DbSqlSession.java:419)
	at org.activiti.engine.impl.persistence.entity.GroupEntityManager.findGroupByQueryCriteria(GroupEntityManager.java:90)
	at org.activiti.engine.impl.GroupQueryImpl.executeList(GroupQueryImpl.java:125)
	at org.activiti.engine.impl.AbstractQuery.execute(AbstractQuery.java:164)
	at org.activiti.engine.impl.interceptor.CommandInvoker.execute(CommandInvoker.java:24)
	at org.activiti.engine.impl.interceptor.CommandContextInterceptor.execute(CommandContextInterceptor.java:57)
	at org.activiti.engine.impl.interceptor.LogInterceptor.execute(LogInterceptor.java:37)
	at org.activiti.engine.impl.cfg.CommandExecutorImpl.execute(CommandExecutorImpl.java:40)
	at org.activiti.engine.impl.cfg.CommandExecutorImpl.execute(CommandExecutorImpl.java:35)
	at org.activiti.engine.impl.AbstractQuery.list(AbstractQuery.java:138)
	at org.activiti.engine.test.api.identity.GroupQueryTest.verifyQueryResults(GroupQueryTest.java:221)
	at org.activiti.engine.test.api.identity.GroupQueryTest.testQueryByInvalidType(GroupQueryTest.java:142)
	at sun.reflect.NativeMethodAccessorImpl.invoke0(Native Method)
	at sun.reflect.NativeMethodAccessorImpl.invoke(NativeMethodAccessorImpl.java:62)
	at sun.reflect.DelegatingMethodAccessorImpl.invoke(DelegatingMethodAccessorImpl.java:43)
	at java.lang.reflect.Method.invoke(Method.java:498)
	at junit.framework.TestCase.runTest(TestCase.java:176)
	at org.activiti.engine.impl.test.PvmTestCase.runTest(PvmTestCase.java:65)
	at junit.framework.TestCase.runBare(TestCase.java:141)
	at org.activiti.engine.impl.test.AbstractActivitiTestCase.runBare(AbstractActivitiTestCase.java:100)
	at junit.framework.TestResult$1.protect(TestResult.java:122)
	at junit.framework.TestResult.runProtected(TestResult.java:142)
	at junit.framework.TestResult.run(TestResult.java:125)
	at junit.framework.TestCase.run(TestCase.java:129)
	at junit.framework.TestSuite.runTest(TestSuite.java:255)
	at junit.framework.TestSuite.run(TestSuite.java:250)
	at org.junit.internal.runners.JUnit38ClassRunner.run(JUnit38ClassRunner.java:84)
	at org.apache.maven.surefire.junit4.JUnit4TestSet.execute(JUnit4TestSet.java:35)
	at org.apache.maven.surefire.junit4.JUnit4Provider.executeTestSet(JUnit4Provider.java:146)
	at org.apache.maven.surefire.junit4.JUnit4Provider.invoke(JUnit4Provider.java:97)
	at sun.reflect.NativeMethodAccessorImpl.invoke0(Native Method)
	at sun.reflect.NativeMethodAccessorImpl.invoke(NativeMethodAccessorImpl.java:62)
	at sun.reflect.DelegatingMethodAccessorImpl.invoke(DelegatingMethodAccessorImpl.java:43)
	at java.lang.reflect.Method.invoke(Method.java:498)
	at org.apache.maven.surefire.booter.ProviderFactory$ClassLoaderProxy.invoke(ProviderFactory.java:103)
	at com.sun.proxy.$Proxy0.invoke(Unknown Source)
	at org.apache.maven.surefire.booter.SurefireStarter.invokeProvider(SurefireStarter.java:145)
	at org.apache.maven.surefire.booter.SurefireStarter.runSuitesInProcess(SurefireStarter.java:87)
	at org.apache.maven.surefire.booter.ForkedBooter.main(ForkedBooter.java:69)
Caused by: org.h2.jdbc.JdbcSQLException: Syntax error in SQL statement &quot;SELECT RES.* 
     
    FROM ACT_ID_GROUP RES
     
     WHERE  RES.TYPE_ = ? 
   
     ORDER BY  ORDER[*] BY RES.ID_ ASC  
    LIMIT ? OFFSET ? &quot;; expected &quot;=, NOT, EXISTS, INTERSECTS, SELECT, FROM&quot;; SQL statement:
select RES.* 
     
    from ACT_ID_GROUP RES
     
     WHERE  RES.TYPE_ = ? 
   
     order by  order by RES.ID_ asc  
    LIMIT ? OFFSET ? [42001-176]
	at org.h2.message.DbException.getJdbcSQLException(DbException.java:344)
	at org.h2.message.DbException.getSyntaxError(DbException.java:204)
	at org.h2.command.Parser.getSyntaxError(Parser.java:524)
	at org.h2.command.Parser.readTerm(Parser.java:2688)
	at org.h2.command.Parser.readFactor(Parser.java:2244)
	at org.h2.command.Parser.readSum(Parser.java:2231)
	at org.h2.command.Parser.readConcat(Parser.java:2201)
	at org.h2.command.Parser.readCondition(Parser.java:2051)
	at org.h2.command.Parser.readAnd(Parser.java:2023)
	at org.h2.command.Parser.readExpression(Parser.java:2015)
	at org.h2.command.Parser.parseEndOfQuery(Parser.java:1726)
	at org.h2.command.Parser.parseSelectUnionExtension(Parser.java:1706)
	at org.h2.command.Parser.parseSelectUnion(Parser.java:1675)
	at org.h2.command.Parser.parseSelect(Parser.java:1662)
	at org.h2.command.Parser.parsePrepared(Parser.java:434)
	at org.h2.command.Parser.parse(Parser.java:306)
	at org.h2.command.Parser.parse(Parser.java:282)
	at org.h2.command.Parser.prepareCommand(Parser.java:243)
	at org.h2.engine.Session.prepareLocal(Session.java:442)
	at org.h2.engine.Session.prepareCommand(Session.java:384)
	at org.h2.jdbc.JdbcConnection.prepareCommand(JdbcConnection.java:1188)
	at org.h2.jdbc.JdbcPreparedStatement.&lt;init&gt;(JdbcPreparedStatement.java:73)
	at org.h2.jdbc.JdbcConnection.prepareStatement(JdbcConnection.java:276)
	at sun.reflect.GeneratedMethodAccessor6.invoke(Unknown Source)
	at sun.reflect.DelegatingMethodAccessorImpl.invoke(DelegatingMethodAccessorImpl.java:43)
	at java.lang.reflect.Method.invoke(Method.java:498)
	at org.apache.ibatis.datasource.pooled.PooledConnection.invoke(PooledConnection.java:245)
	at com.sun.proxy.$Proxy12.prepareStatement(Unknown Source)
	at sun.reflect.GeneratedMethodAccessor6.invoke(Unknown Source)
	at sun.reflect.DelegatingMethodAccessorImpl.invoke(DelegatingMethodAccessorImpl.java:43)
	at java.lang.reflect.Method.invoke(Method.java:498)
	at org.apache.ibatis.logging.jdbc.ConnectionLogger.invoke(ConnectionLogger.java:55)
	at com.sun.proxy.$Proxy12.prepareStatement(Unknown Source)
	at org.apache.ibatis.executor.statement.PreparedStatementHandler.instantiateStatement(PreparedStatementHandler.java:79)
	at org.apache.ibatis.executor.statement.BaseStatementHandler.prepare(BaseStatementHandler.java:88)
	at org.apache.ibatis.executor.statement.RoutingStatementHandler.prepare(RoutingStatementHandler.java:58)
	at org.apache.ibatis.executor.SimpleExecutor.prepareStatement(SimpleExecutor.java:76)
	at org.apache.ibatis.executor.SimpleExecutor.doQuery(SimpleExecutor.java:61)
	at org.apache.ibatis.executor.BaseExecutor.queryFromDatabase(BaseExecutor.java:303)
	at org.apache.ibatis.executor.BaseExecutor.query(BaseExecutor.java:154)
	at org.apache.ibatis.executor.CachingExecutor.query(CachingExecutor.java:102)
	at org.apache.ibatis.executor.CachingExecutor.query(CachingExecutor.java:82)
	at org.apache.ibatis.session.defaults.DefaultSqlSession.selectList(DefaultSqlSession.java:120)
	... 42 more
10:44:56,513 [main] DEBUG org.activiti.engine.impl.cfg.standalone.StandaloneMybatisTransactionContext  - firing event rolling back...
10:44:56,513 [main] DEBUG org.activiti.engine.impl.cfg.standalone.StandaloneMybatisTransactionContext  - rolling back ibatis sql session...
10:44:56,513 [main] DEBUG org.activiti.engine.impl.cfg.standalone.StandaloneMybatisTransactionContext  - firing event rolled back...
10:44:56,513 [main] DEBUG org.apache.ibatis.transaction.jdbc.JdbcTransaction  - Resetting autocommit to true on JDBC Connection [conn2: url=jdbc:h2:mem:activiti user=SA]
10:44:56,513 [main] DEBUG org.apache.ibatis.transaction.jdbc.JdbcTransaction  - Closing JDBC Connection [conn2: url=jdbc:h2:mem:activiti user=SA]
10:44:56,513 [main] DEBUG org.apache.ibatis.datasource.pooled.PooledDataSource  - Returned connection 363509958 to pool.
10:44:56,513 [main] DEBUG org.activiti.engine.impl.interceptor.LogInterceptor  - --- GroupQueryImpl finished --------------------------------------------------------
10:44:56,513 [main] DEBUG org.activiti.engine.impl.interceptor.LogInterceptor  - 

10:44:56,514 [main] ERROR org.activiti.engine.impl.test.PvmTestCase  - 

10:44:56,514 [main] ERROR org.activiti.engine.impl.test.PvmTestCase  - EXCEPTION: org.apache.ibatis.exceptions.PersistenceException: 
### Error querying database.  Cause: org.h2.jdbc.JdbcSQLException: Syntax error in SQL statement &quot;SELECT RES.* 
     
    FROM ACT_ID_GROUP RES
     
     WHERE  RES.TYPE_ = ? 
   
     ORDER BY  ORDER[*] BY RES.ID_ ASC  
    LIMIT ? OFFSET ? &quot;; expected &quot;=, NOT, EXISTS, INTERSECTS, SELECT, FROM&quot;; SQL statement:
select RES.* 
     
    from ACT_ID_GROUP RES
     
     WHERE  RES.TYPE_ = ? 
   
     order by  order by RES.ID_ asc  
    LIMIT ? OFFSET ? [42001-176]
### The error may exist in org/activiti/db/mapping/entity/Group.xml
### The error may involve org.activiti.engine.impl.persistence.entity.GroupEntity.selectGroupByQueryCriteria
### The error occurred while executing a query
### SQL: select RES.*            from ACT_ID_GROUP RES            WHERE  RES.TYPE_ = ?           order by  order by RES.ID_ asc       LIMIT ? OFFSET ?
### Cause: org.h2.jdbc.JdbcSQLException: Syntax error in SQL statement &quot;SELECT RES.* 
     
    FROM ACT_ID_GROUP RES
     
     WHERE  RES.TYPE_ = ? 
   
     ORDER BY  ORDER[*] BY RES.ID_ ASC  
    LIMIT ? OFFSET ? &quot;; expected &quot;=, NOT, EXISTS, INTERSECTS, SELECT, FROM&quot;; SQL statement:
select RES.* 
     
    from ACT_ID_GROUP RES
     
     WHERE  RES.TYPE_ = ? 
   
     order by  order by RES.ID_ asc  
    LIMIT ? OFFSET ? [42001-176]
org.apache.ibatis.exceptions.PersistenceException: 
### Error querying database.  Cause: org.h2.jdbc.JdbcSQLException: Syntax error in SQL statement &quot;SELECT RES.* 
     
    FROM ACT_ID_GROUP RES
     
     WHERE  RES.TYPE_ = ? 
   
     ORDER BY  ORDER[*] BY RES.ID_ ASC  
    LIMIT ? OFFSET ? &quot;; expected &quot;=, NOT, EXISTS, INTERSECTS, SELECT, FROM&quot;; SQL statement:
select RES.* 
     
    from ACT_ID_GROUP RES
     
     WHERE  RES.TYPE_ = ? 
   
     order by  order by RES.ID_ asc  
    LIMIT ? OFFSET ? [42001-176]
### The error may exist in org/activiti/db/mapping/entity/Group.xml
### The error may involve org.activiti.engine.impl.persistence.entity.GroupEntity.selectGroupByQueryCriteria
### The error occurred while executing a query
### SQL: select RES.*            from ACT_ID_GROUP RES            WHERE  RES.TYPE_ = ?           order by  order by RES.ID_ asc       LIMIT ? OFFSET ?
### Cause: org.h2.jdbc.JdbcSQLException: Syntax error in SQL statement &quot;SELECT RES.* 
     
    FROM ACT_ID_GROUP RES
     
     WHERE  RES.TYPE_ = ? 
   
     ORDER BY  ORDER[*] BY RES.ID_ ASC  
    LIMIT ? OFFSET ? &quot;; expected &quot;=, NOT, EXISTS, INTERSECTS, SELECT, FROM&quot;; SQL statement:
select RES.* 
     
    from ACT_ID_GROUP RES
     
     WHERE  RES.TYPE_ = ? 
   
     order by  order by RES.ID_ asc  
    LIMIT ? OFFSET ? [42001-176]
	at org.apache.ibatis.exceptions.ExceptionFactory.wrapException(ExceptionFactory.java:30)
	at org.apache.ibatis.session.defaults.DefaultSqlSession.selectList(DefaultSqlSession.java:122)
	at org.apache.ibatis.session.defaults.DefaultSqlSession.selectList(DefaultSqlSession.java:113)
	at org.activiti.engine.impl.db.DbSqlSession.selectListWithRawParameter(DbSqlSession.java:438)
	at org.activiti.engine.impl.db.DbSqlSession.selectList(DbSqlSession.java:429)
	at org.activiti.engine.impl.db.DbSqlSession.selectList(DbSqlSession.java:419)
	at org.activiti.engine.impl.persistence.entity.GroupEntityManager.findGroupByQueryCriteria(GroupEntityManager.java:90)
	at org.activiti.engine.impl.GroupQueryImpl.executeList(GroupQueryImpl.java:125)
	at org.activiti.engine.impl.AbstractQuery.execute(AbstractQuery.java:164)
	at org.activiti.engine.impl.interceptor.CommandInvoker.execute(CommandInvoker.java:24)
	at org.activiti.engine.impl.interceptor.CommandContextInterceptor.execute(CommandContextInterceptor.java:57)
	at org.activiti.engine.impl.interceptor.LogInterceptor.execute(LogInterceptor.java:37)
	at org.activiti.engine.impl.cfg.CommandExecutorImpl.execute(CommandExecutorImpl.java:40)
	at org.activiti.engine.impl.cfg.CommandExecutorImpl.execute(CommandExecutorImpl.java:35)
	at org.activiti.engine.impl.AbstractQuery.list(AbstractQuery.java:138)
	at org.activiti.engine.test.api.identity.GroupQueryTest.verifyQueryResults(GroupQueryTest.java:221)
	at org.activiti.engine.test.api.identity.GroupQueryTest.testQueryByInvalidType(GroupQueryTest.java:142)
	at sun.reflect.NativeMethodAccessorImpl.invoke0(Native Method)
	at sun.reflect.NativeMethodAccessorImpl.invoke(NativeMethodAccessorImpl.java:62)
	at sun.reflect.DelegatingMethodAccessorImpl.invoke(DelegatingMethodAccessorImpl.java:43)
	at java.lang.reflect.Method.invoke(Method.java:498)
	at junit.framework.TestCase.runTest(TestCase.java:176)
	at org.activiti.engine.impl.test.PvmTestCase.runTest(PvmTestCase.java:65)
	at junit.framework.TestCase.runBare(TestCase.java:141)
	at org.activiti.engine.impl.test.AbstractActivitiTestCase.runBare(AbstractActivitiTestCase.java:100)
	at junit.framework.TestResult$1.protect(TestResult.java:122)
	at junit.framework.TestResult.runProtected(TestResult.java:142)
	at junit.framework.TestResult.run(TestResult.java:125)
	at junit.framework.TestCase.run(TestCase.java:129)
	at junit.framework.TestSuite.runTest(TestSuite.java:255)
	at junit.framework.TestSuite.run(TestSuite.java:250)
	at org.junit.internal.runners.JUnit38ClassRunner.run(JUnit38ClassRunner.java:84)
	at org.apache.maven.surefire.junit4.JUnit4TestSet.execute(JUnit4TestSet.java:35)
	at org.apache.maven.surefire.junit4.JUnit4Provider.executeTestSet(JUnit4Provider.java:146)
	at org.apache.maven.surefire.junit4.JUnit4Provider.invoke(JUnit4Provider.java:97)
	at sun.reflect.NativeMethodAccessorImpl.invoke0(Native Method)
	at sun.reflect.NativeMethodAccessorImpl.invoke(NativeMethodAccessorImpl.java:62)
	at sun.reflect.DelegatingMethodAccessorImpl.invoke(DelegatingMethodAccessorImpl.java:43)
	at java.lang.reflect.Method.invoke(Method.java:498)
	at org.apache.maven.surefire.booter.ProviderFactory$ClassLoaderProxy.invoke(ProviderFactory.java:103)
	at com.sun.proxy.$Proxy0.invoke(Unknown Source)
	at org.apache.maven.surefire.booter.SurefireStarter.invokeProvider(SurefireStarter.java:145)
	at org.apache.maven.surefire.booter.SurefireStarter.runSuitesInProcess(SurefireStarter.java:87)
	at org.apache.maven.surefire.booter.ForkedBooter.main(ForkedBooter.java:69)
Caused by: org.h2.jdbc.JdbcSQLException: Syntax error in SQL statement &quot;SELECT RES.* 
     
    FROM ACT_ID_GROUP RES
     
     WHERE  RES.TYPE_ = ? 
   
     ORDER BY  ORDER[*] BY RES.ID_ ASC  
    LIMIT ? OFFSET ? &quot;; expected &quot;=, NOT, EXISTS, INTERSECTS, SELECT, FROM&quot;; SQL statement:
select RES.* 
     
    from ACT_ID_GROUP RES
     
     WHERE  RES.TYPE_ = ? 
   
     order by  order by RES.ID_ asc  
    LIMIT ? OFFSET ? [42001-176]
	at org.h2.message.DbException.getJdbcSQLException(DbException.java:344)
	at org.h2.message.DbException.getSyntaxError(DbException.java:204)
	at org.h2.command.Parser.getSyntaxError(Parser.java:524)
	at org.h2.command.Parser.readTerm(Parser.java:2688)
	at org.h2.command.Parser.readFactor(Parser.java:2244)
	at org.h2.command.Parser.readSum(Parser.java:2231)
	at org.h2.command.Parser.readConcat(Parser.java:2201)
	at org.h2.command.Parser.readCondition(Parser.java:2051)
	at org.h2.command.Parser.readAnd(Parser.java:2023)
	at org.h2.command.Parser.readExpression(Parser.java:2015)
	at org.h2.command.Parser.parseEndOfQuery(Parser.java:1726)
	at org.h2.command.Parser.parseSelectUnionExtension(Parser.java:1706)
	at org.h2.command.Parser.parseSelectUnion(Parser.java:1675)
	at org.h2.command.Parser.parseSelect(Parser.java:1662)
	at org.h2.command.Parser.parsePrepared(Parser.java:434)
	at org.h2.command.Parser.parse(Parser.java:306)
	at org.h2.command.Parser.parse(Parser.java:282)
	at org.h2.command.Parser.prepareCommand(Parser.java:243)
	at org.h2.engine.Session.prepareLocal(Session.java:442)
	at org.h2.engine.Session.prepareCommand(Session.java:384)
	at org.h2.jdbc.JdbcConnection.prepareCommand(JdbcConnection.java:1188)
	at org.h2.jdbc.JdbcPreparedStatement.&lt;init&gt;(JdbcPreparedStatement.java:73)
	at org.h2.jdbc.JdbcConnection.prepareStatement(JdbcConnection.java:276)
	at sun.reflect.GeneratedMethodAccessor6.invoke(Unknown Source)
	at sun.reflect.DelegatingMethodAccessorImpl.invoke(DelegatingMethodAccessorImpl.java:43)
	at java.lang.reflect.Method.invoke(Method.java:498)
	at org.apache.ibatis.datasource.pooled.PooledConnection.invoke(PooledConnection.java:245)
	at com.sun.proxy.$Proxy12.prepareStatement(Unknown Source)
	at sun.reflect.GeneratedMethodAccessor6.invoke(Unknown Source)
	at sun.reflect.DelegatingMethodAccessorImpl.invoke(DelegatingMethodAccessorImpl.java:43)
	at java.lang.reflect.Method.invoke(Method.java:498)
	at org.apache.ibatis.logging.jdbc.ConnectionLogger.invoke(ConnectionLogger.java:55)
	at com.sun.proxy.$Proxy12.prepareStatement(Unknown Source)
	at org.apache.ibatis.executor.statement.PreparedStatementHandler.instantiateStatement(PreparedStatementHandler.java:79)
	at org.apache.ibatis.executor.statement.BaseStatementHandler.prepare(BaseStatementHandler.java:88)
	at org.apache.ibatis.executor.statement.RoutingStatementHandler.prepare(RoutingStatementHandler.java:58)
	at org.apache.ibatis.executor.SimpleExecutor.prepareStatement(SimpleExecutor.java:76)
	at org.apache.ibatis.executor.SimpleExecutor.doQuery(SimpleExecutor.java:61)
	at org.apache.ibatis.executor.BaseExecutor.queryFromDatabase(BaseExecutor.java:303)
	at org.apache.ibatis.executor.BaseExecutor.query(BaseExecutor.java:154)
	at org.apache.ibatis.executor.CachingExecutor.query(CachingExecutor.java:102)
	at org.apache.ibatis.executor.CachingExecutor.query(CachingExecutor.java:82)
	at org.apache.ibatis.session.defaults.DefaultSqlSession.selectList(DefaultSqlSession.java:120)
	... 42 more
10:44:56,514 [main] DEBUG org.activiti.engine.impl.test.PvmTestCase  - #### END GroupQueryTest.testQueryByInvalidType #############################################################
10:44:56,514 [main] DEBUG org.activiti.engine.impl.interceptor.LogInterceptor  - 

10:44:56,514 [main] DEBUG org.activiti.engine.impl.interceptor.LogInterceptor  - --- starting DeleteUserCmd --------------------------------------------------------
10:44:56,514 [main] DEBUG org.apache.ibatis.transaction.jdbc.JdbcTransaction  - Opening JDBC Connection
10:44:56,514 [main] DEBUG org.apache.ibatis.datasource.pooled.PooledDataSource  - Checked out connection 180014677 from pool.
10:44:56,514 [main] DEBUG org.apache.ibatis.transaction.jdbc.JdbcTransaction  - Setting autocommit to false on JDBC Connection [conn3: url=jdbc:h2:mem:activiti user=SA]
10:44:56,514 [main] DEBUG org.activiti.engine.impl.persistence.entity.UserEntity.selectUserById  - ==&gt;  Preparing: select * from ACT_ID_USER where ID_ = ? 
10:44:56,514 [main] DEBUG org.activiti.engine.impl.persistence.entity.UserEntity.selectUserById  - ==&gt; Parameters: kermit(String)
10:44:56,514 [main] DEBUG org.activiti.engine.impl.persistence.entity.UserEntity.selectUserById  - &lt;==      Total: 1
10:44:56,514 [main] DEBUG org.activiti.engine.impl.persistence.entity.IdentityInfoEntity.selectIdentityInfoByUserId  - ==&gt;  Preparing: select * from ACT_ID_INFO where USER_ID_ = ? 
10:44:56,514 [main] DEBUG org.activiti.engine.impl.persistence.entity.IdentityInfoEntity.selectIdentityInfoByUserId  - ==&gt; Parameters: kermit(String)
10:44:56,514 [main] DEBUG org.activiti.engine.impl.persistence.entity.IdentityInfoEntity.selectIdentityInfoByUserId  - &lt;==      Total: 0
10:44:56,514 [main] DEBUG org.activiti.engine.impl.db.DbSqlSession  -   bulk delete: deleteMembershipsByUserId(kermit)
10:44:56,514 [main] DEBUG org.activiti.engine.impl.db.DbSqlSession  -   delete org.activiti.engine.impl.persistence.entity.UserEntity@34d45ec0
10:44:56,514 [main] DEBUG org.activiti.engine.impl.db.DbSqlSession  - flush summary: 0 insert, 0 update, 2 delete.
10:44:56,514 [main] DEBUG org.activiti.engine.impl.db.DbSqlSession  - now executing flush...
10:44:56,514 [main] DEBUG org.activiti.engine.impl.db.DbSqlSession  - executing: bulk delete: deleteMembershipsByUserId(kermit)
10:44:56,514 [main] DEBUG org.activiti.engine.impl.persistence.entity.MembershipRelation.deleteMembershipsByUserId  - ==&gt;  Preparing: delete from ACT_ID_MEMBERSHIP where USER_ID_ = ? 
10:44:56,514 [main] DEBUG org.activiti.engine.impl.persistence.entity.MembershipRelation.deleteMembershipsByUserId  - ==&gt; Parameters: kermit(String)
10:44:56,514 [main] DEBUG org.activiti.engine.impl.persistence.entity.MembershipRelation.deleteMembershipsByUserId  - &lt;==    Updates: 3
10:44:56,514 [main] DEBUG org.activiti.engine.impl.db.DbSqlSession  - executing: delete org.activiti.engine.impl.persistence.entity.UserEntity@34d45ec0
10:44:56,514 [main] DEBUG org.activiti.engine.impl.persistence.entity.UserEntity.deleteUser  - ==&gt;  Preparing: delete from ACT_ID_USER where ID_ = ? and REV_ = ? 
10:44:56,514 [main] DEBUG org.activiti.engine.impl.persistence.entity.UserEntity.deleteUser  - ==&gt; Parameters: kermit(String), 1(Integer)
10:44:56,514 [main] DEBUG org.activiti.engine.impl.persistence.entity.UserEntity.deleteUser  - &lt;==    Updates: 1
10:44:56,514 [main] DEBUG org.activiti.engine.impl.cfg.standalone.StandaloneMybatisTransactionContext  - firing event committing...
10:44:56,514 [main] DEBUG org.activiti.engine.impl.cfg.standalone.StandaloneMybatisTransactionContext  - committing the ibatis sql session...
10:44:56,514 [main] DEBUG org.apache.ibatis.transaction.jdbc.JdbcTransaction  - Committing JDBC Connection [conn3: url=jdbc:h2:mem:activiti user=SA]
10:44:56,514 [main] DEBUG org.activiti.engine.impl.cfg.standalone.StandaloneMybatisTransactionContext  - firing event committed...
10:44:56,514 [main] DEBUG org.apache.ibatis.transaction.jdbc.JdbcTransaction  - Resetting autocommit to true on JDBC Connection [conn3: url=jdbc:h2:mem:activiti user=SA]
10:44:56,514 [main] DEBUG org.apache.ibatis.transaction.jdbc.JdbcTransaction  - Closing JDBC Connection [conn3: url=jdbc:h2:mem:activiti user=SA]
10:44:56,514 [main] DEBUG org.apache.ibatis.datasource.pooled.PooledDataSource  - Returned connection 180014677 to pool.
10:44:56,514 [main] DEBUG org.activiti.engine.impl.interceptor.LogInterceptor  - --- DeleteUserCmd finished --------------------------------------------------------
10:44:56,514 [main] DEBUG org.activiti.engine.impl.interceptor.LogInterceptor  - 

10:44:56,514 [main] DEBUG org.activiti.engine.impl.interceptor.LogInterceptor  - 

10:44:56,514 [main] DEBUG org.activiti.engine.impl.interceptor.LogInterceptor  - --- starting DeleteUserCmd --------------------------------------------------------
10:44:56,514 [main] DEBUG org.apache.ibatis.transaction.jdbc.JdbcTransaction  - Opening JDBC Connection
10:44:56,514 [main] DEBUG org.apache.ibatis.datasource.pooled.PooledDataSource  - Checked out connection 297240765 from pool.
10:44:56,514 [main] DEBUG org.apache.ibatis.transaction.jdbc.JdbcTransaction  - Setting autocommit to false on JDBC Connection [conn4: url=jdbc:h2:mem:activiti user=SA]
10:44:56,514 [main] DEBUG org.activiti.engine.impl.persistence.entity.UserEntity.selectUserById  - ==&gt;  Preparing: select * from ACT_ID_USER where ID_ = ? 
10:44:56,514 [main] DEBUG org.activiti.engine.impl.persistence.entity.UserEntity.selectUserById  - ==&gt; Parameters: fozzie(String)
10:44:56,514 [main] DEBUG org.activiti.engine.impl.persistence.entity.UserEntity.selectUserById  - &lt;==      Total: 1
10:44:56,514 [main] DEBUG org.activiti.engine.impl.persistence.entity.IdentityInfoEntity.selectIdentityInfoByUserId  - ==&gt;  Preparing: select * from ACT_ID_INFO where USER_ID_ = ? 
10:44:56,514 [main] DEBUG org.activiti.engine.impl.persistence.entity.IdentityInfoEntity.selectIdentityInfoByUserId  - ==&gt; Parameters: fozzie(String)
10:44:56,514 [main] DEBUG org.activiti.engine.impl.persistence.entity.IdentityInfoEntity.selectIdentityInfoByUserId  - &lt;==      Total: 0
10:44:56,514 [main] DEBUG org.activiti.engine.impl.db.DbSqlSession  -   bulk delete: deleteMembershipsByUserId(fozzie)
10:44:56,515 [main] DEBUG org.activiti.engine.impl.db.DbSqlSession  -   delete org.activiti.engine.impl.persistence.entity.UserEntity@18137eab
10:44:56,515 [main] DEBUG org.activiti.engine.impl.db.DbSqlSession  - flush summary: 0 insert, 0 update, 2 delete.
10:44:56,515 [main] DEBUG org.activiti.engine.impl.db.DbSqlSession  - now executing flush...
10:44:56,515 [main] DEBUG org.activiti.engine.impl.db.DbSqlSession  - executing: bulk delete: deleteMembershipsByUserId(fozzie)
10:44:56,515 [main] DEBUG org.activiti.engine.impl.persistence.entity.MembershipRelation.deleteMembershipsByUserId  - ==&gt;  Preparing: delete from ACT_ID_MEMBERSHIP where USER_ID_ = ? 
10:44:56,515 [main] DEBUG org.activiti.engine.impl.persistence.entity.MembershipRelation.deleteMembershipsByUserId  - ==&gt; Parameters: fozzie(String)
10:44:56,515 [main] DEBUG org.activiti.engine.impl.persistence.entity.MembershipRelation.deleteMembershipsByUserId  - &lt;==    Updates: 2
10:44:56,515 [main] DEBUG org.activiti.engine.impl.db.DbSqlSession  - executing: delete org.activiti.engine.impl.persistence.entity.UserEntity@18137eab
10:44:56,515 [main] DEBUG org.activiti.engine.impl.persistence.entity.UserEntity.deleteUser  - ==&gt;  Preparing: delete from ACT_ID_USER where ID_ = ? and REV_ = ? 
10:44:56,515 [main] DEBUG org.activiti.engine.impl.persistence.entity.UserEntity.deleteUser  - ==&gt; Parameters: fozzie(String), 1(Integer)
10:44:56,515 [main] DEBUG org.activiti.engine.impl.persistence.entity.UserEntity.deleteUser  - &lt;==    Updates: 1
10:44:56,515 [main] DEBUG org.activiti.engine.impl.cfg.standalone.StandaloneMybatisTransactionContext  - firing event committing...
10:44:56,515 [main] DEBUG org.activiti.engine.impl.cfg.standalone.StandaloneMybatisTransactionContext  - committing the ibatis sql session...
10:44:56,515 [main] DEBUG org.apache.ibatis.transaction.jdbc.JdbcTransaction  - Committing JDBC Connection [conn4: url=jdbc:h2:mem:activiti user=SA]
10:44:56,515 [main] DEBUG org.activiti.engine.impl.cfg.standalone.StandaloneMybatisTransactionContext  - firing event committed...
10:44:56,515 [main] DEBUG org.apache.ibatis.transaction.jdbc.JdbcTransaction  - Resetting autocommit to true on JDBC Connection [conn4: url=jdbc:h2:mem:activiti user=SA]
10:44:56,515 [main] DEBUG org.apache.ibatis.transaction.jdbc.JdbcTransaction  - Closing JDBC Connection [conn4: url=jdbc:h2:mem:activiti user=SA]
10:44:56,515 [main] DEBUG org.apache.ibatis.datasource.pooled.PooledDataSource  - Returned connection 297240765 to pool.
10:44:56,515 [main] DEBUG org.activiti.engine.impl.interceptor.LogInterceptor  - --- DeleteUserCmd finished --------------------------------------------------------
10:44:56,515 [main] DEBUG org.activiti.engine.impl.interceptor.LogInterceptor  - 

10:44:56,515 [main] DEBUG org.activiti.engine.impl.interceptor.LogInterceptor  - 

10:44:56,515 [main] DEBUG org.activiti.engine.impl.interceptor.LogInterceptor  - --- starting DeleteUserCmd --------------------------------------------------------
10:44:56,515 [main] DEBUG org.apache.ibatis.transaction.jdbc.JdbcTransaction  - Opening JDBC Connection
10:44:56,515 [main] DEBUG org.apache.ibatis.datasource.pooled.PooledDataSource  - Checked out connection 363509958 from pool.
10:44:56,515 [main] DEBUG org.apache.ibatis.transaction.jdbc.JdbcTransaction  - Setting autocommit to false on JDBC Connection [conn2: url=jdbc:h2:mem:activiti user=SA]
10:44:56,515 [main] DEBUG org.activiti.engine.impl.persistence.entity.UserEntity.selectUserById  - ==&gt;  Preparing: select * from ACT_ID_USER where ID_ = ? 
10:44:56,515 [main] DEBUG org.activiti.engine.impl.persistence.entity.UserEntity.selectUserById  - ==&gt; Parameters: mispiggy(String)
10:44:56,515 [main] DEBUG org.activiti.engine.impl.persistence.entity.UserEntity.selectUserById  - &lt;==      Total: 1
10:44:56,515 [main] DEBUG org.activiti.engine.impl.persistence.entity.IdentityInfoEntity.selectIdentityInfoByUserId  - ==&gt;  Preparing: select * from ACT_ID_INFO where USER_ID_ = ? 
10:44:56,515 [main] DEBUG org.activiti.engine.impl.persistence.entity.IdentityInfoEntity.selectIdentityInfoByUserId  - ==&gt; Parameters: mispiggy(String)
10:44:56,515 [main] DEBUG org.activiti.engine.impl.persistence.entity.IdentityInfoEntity.selectIdentityInfoByUserId  - &lt;==      Total: 0
10:44:56,515 [main] DEBUG org.activiti.engine.impl.db.DbSqlSession  -   bulk delete: deleteMembershipsByUserId(mispiggy)
10:44:56,515 [main] DEBUG org.activiti.engine.impl.db.DbSqlSession  -   delete org.activiti.engine.impl.persistence.entity.UserEntity@727320fa
10:44:56,515 [main] DEBUG org.activiti.engine.impl.db.DbSqlSession  - flush summary: 0 insert, 0 update, 2 delete.
10:44:56,515 [main] DEBUG org.activiti.engine.impl.db.DbSqlSession  - now executing flush...
10:44:56,515 [main] DEBUG org.activiti.engine.impl.db.DbSqlSession  - executing: bulk delete: deleteMembershipsByUserId(mispiggy)
10:44:56,515 [main] DEBUG org.activiti.engine.impl.persistence.entity.MembershipRelation.deleteMembershipsByUserId  - ==&gt;  Preparing: delete from ACT_ID_MEMBERSHIP where USER_ID_ = ? 
10:44:56,515 [main] DEBUG org.activiti.engine.impl.persistence.entity.MembershipRelation.deleteMembershipsByUserId  - ==&gt; Parameters: mispiggy(String)
10:44:56,515 [main] DEBUG org.activiti.engine.impl.persistence.entity.MembershipRelation.deleteMembershipsByUserId  - &lt;==    Updates: 2
10:44:56,515 [main] DEBUG org.activiti.engine.impl.db.DbSqlSession  - executing: delete org.activiti.engine.impl.persistence.entity.UserEntity@727320fa
10:44:56,515 [main] DEBUG org.activiti.engine.impl.persistence.entity.UserEntity.deleteUser  - ==&gt;  Preparing: delete from ACT_ID_USER where ID_ = ? and REV_ = ? 
10:44:56,515 [main] DEBUG org.activiti.engine.impl.persistence.entity.UserEntity.deleteUser  - ==&gt; Parameters: mispiggy(String), 1(Integer)
10:44:56,515 [main] DEBUG org.activiti.engine.impl.persistence.entity.UserEntity.deleteUser  - &lt;==    Updates: 1
10:44:56,515 [main] DEBUG org.activiti.engine.impl.cfg.standalone.StandaloneMybatisTransactionContext  - firing event committing...
10:44:56,515 [main] DEBUG org.activiti.engine.impl.cfg.standalone.StandaloneMybatisTransactionContext  - committing the ibatis sql session...
10:44:56,515 [main] DEBUG org.apache.ibatis.transaction.jdbc.JdbcTransaction  - Committing JDBC Connection [conn2: url=jdbc:h2:mem:activiti user=SA]
10:44:56,515 [main] DEBUG org.activiti.engine.impl.cfg.standalone.StandaloneMybatisTransactionContext  - firing event committed...
10:44:56,515 [main] DEBUG org.apache.ibatis.transaction.jdbc.JdbcTransaction  - Resetting autocommit to true on JDBC Connection [conn2: url=jdbc:h2:mem:activiti user=SA]
10:44:56,515 [main] DEBUG org.apache.ibatis.transaction.jdbc.JdbcTransaction  - Closing JDBC Connection [conn2: url=jdbc:h2:mem:activiti user=SA]
10:44:56,515 [main] DEBUG org.apache.ibatis.datasource.pooled.PooledDataSource  - Returned connection 363509958 to pool.
10:44:56,515 [main] DEBUG org.activiti.engine.impl.interceptor.LogInterceptor  - --- DeleteUserCmd finished --------------------------------------------------------
10:44:56,515 [main] DEBUG org.activiti.engine.impl.interceptor.LogInterceptor  - 

10:44:56,515 [main] DEBUG org.activiti.engine.impl.interceptor.LogInterceptor  - 

10:44:56,515 [main] DEBUG org.activiti.engine.impl.interceptor.LogInterceptor  - --- starting DeleteGroupCmd --------------------------------------------------------
10:44:56,515 [main] DEBUG org.apache.ibatis.transaction.jdbc.JdbcTransaction  - Opening JDBC Connection
10:44:56,515 [main] DEBUG org.apache.ibatis.datasource.pooled.PooledDataSource  - Checked out connection 180014677 from pool.
10:44:56,515 [main] DEBUG org.apache.ibatis.transaction.jdbc.JdbcTransaction  - Setting autocommit to false on JDBC Connection [conn3: url=jdbc:h2:mem:activiti user=SA]
10:44:56,515 [main] DEBUG org.activiti.engine.impl.persistence.entity.GroupEntity.selectGroup  - ==&gt;  Preparing: select * from ACT_ID_GROUP where ID_ = ? 
10:44:56,515 [main] DEBUG org.activiti.engine.impl.persistence.entity.GroupEntity.selectGroup  - ==&gt; Parameters: muppets(String)
10:44:56,515 [main] DEBUG org.activiti.engine.impl.persistence.entity.GroupEntity.selectGroup  - &lt;==      Total: 1
10:44:56,515 [main] DEBUG org.activiti.engine.impl.db.DbSqlSession  -   bulk delete: deleteMembershipsByGroupId(muppets)
10:44:56,515 [main] DEBUG org.activiti.engine.impl.db.DbSqlSession  -   delete org.activiti.engine.impl.persistence.entity.GroupEntity@2935fd2c
10:44:56,515 [main] DEBUG org.activiti.engine.impl.db.DbSqlSession  - flush summary: 0 insert, 0 update, 2 delete.
10:44:56,515 [main] DEBUG org.activiti.engine.impl.db.DbSqlSession  - now executing flush...
10:44:56,515 [main] DEBUG org.activiti.engine.impl.db.DbSqlSession  - executing: bulk delete: deleteMembershipsByGroupId(muppets)
10:44:56,515 [main] DEBUG org.activiti.engine.impl.persistence.entity.MembershipRelation.deleteMembershipsByGroupId  - ==&gt;  Preparing: delete from ACT_ID_MEMBERSHIP where GROUP_ID_ = ? 
10:44:56,515 [main] DEBUG org.activiti.engine.impl.persistence.entity.MembershipRelation.deleteMembershipsByGroupId  - ==&gt; Parameters: muppets(String)
10:44:56,515 [main] DEBUG org.activiti.engine.impl.persistence.entity.MembershipRelation.deleteMembershipsByGroupId  - &lt;==    Updates: 0
10:44:56,515 [main] DEBUG org.activiti.engine.impl.db.DbSqlSession  - executing: delete org.activiti.engine.impl.persistence.entity.GroupEntity@2935fd2c
10:44:56,515 [main] DEBUG org.activiti.engine.impl.persistence.entity.GroupEntity.deleteGroup  - ==&gt;  Preparing: delete from ACT_ID_GROUP where ID_ = ? and REV_ = ? 
10:44:56,516 [main] DEBUG org.activiti.engine.impl.persistence.entity.GroupEntity.deleteGroup  - ==&gt; Parameters: muppets(String), 1(Integer)
10:44:56,516 [main] DEBUG org.activiti.engine.impl.persistence.entity.GroupEntity.deleteGroup  - &lt;==    Updates: 1
10:44:56,516 [main] DEBUG org.activiti.engine.impl.cfg.standalone.StandaloneMybatisTransactionContext  - firing event committing...
10:44:56,516 [main] DEBUG org.activiti.engine.impl.cfg.standalone.StandaloneMybatisTransactionContext  - committing the ibatis sql session...
10:44:56,516 [main] DEBUG org.apache.ibatis.transaction.jdbc.JdbcTransaction  - Committing JDBC Connection [conn3: url=jdbc:h2:mem:activiti user=SA]
10:44:56,516 [main] DEBUG org.activiti.engine.impl.cfg.standalone.StandaloneMybatisTransactionContext  - firing event committed...
10:44:56,516 [main] DEBUG org.apache.ibatis.transaction.jdbc.JdbcTransaction  - Resetting autocommit to true on JDBC Connection [conn3: url=jdbc:h2:mem:activiti user=SA]
10:44:56,516 [main] DEBUG org.apache.ibatis.transaction.jdbc.JdbcTransaction  - Closing JDBC Connection [conn3: url=jdbc:h2:mem:activiti user=SA]
10:44:56,516 [main] DEBUG org.apache.ibatis.datasource.pooled.PooledDataSource  - Returned connection 180014677 to pool.
10:44:56,516 [main] DEBUG org.activiti.engine.impl.interceptor.LogInterceptor  - --- DeleteGroupCmd finished --------------------------------------------------------
10:44:56,516 [main] DEBUG org.activiti.engine.impl.interceptor.LogInterceptor  - 

10:44:56,516 [main] DEBUG org.activiti.engine.impl.interceptor.LogInterceptor  - 

10:44:56,516 [main] DEBUG org.activiti.engine.impl.interceptor.LogInterceptor  - --- starting DeleteGroupCmd --------------------------------------------------------
10:44:56,516 [main] DEBUG org.apache.ibatis.transaction.jdbc.JdbcTransaction  - Opening JDBC Connection
10:44:56,516 [main] DEBUG org.apache.ibatis.datasource.pooled.PooledDataSource  - Checked out connection 297240765 from pool.
10:44:56,516 [main] DEBUG org.apache.ibatis.transaction.jdbc.JdbcTransaction  - Setting autocommit to false on JDBC Connection [conn4: url=jdbc:h2:mem:activiti user=SA]
10:44:56,516 [main] DEBUG org.activiti.engine.impl.persistence.entity.GroupEntity.selectGroup  - ==&gt;  Preparing: select * from ACT_ID_GROUP where ID_ = ? 
10:44:56,516 [main] DEBUG org.activiti.engine.impl.persistence.entity.GroupEntity.selectGroup  - ==&gt; Parameters: mammals(String)
10:44:56,516 [main] DEBUG org.activiti.engine.impl.persistence.entity.GroupEntity.selectGroup  - &lt;==      Total: 1
10:44:56,516 [main] DEBUG org.activiti.engine.impl.db.DbSqlSession  -   bulk delete: deleteMembershipsByGroupId(mammals)
10:44:56,516 [main] DEBUG org.activiti.engine.impl.db.DbSqlSession  -   delete org.activiti.engine.impl.persistence.entity.GroupEntity@3f018494
10:44:56,516 [main] DEBUG org.activiti.engine.impl.db.DbSqlSession  - flush summary: 0 insert, 0 update, 2 delete.
10:44:56,516 [main] DEBUG org.activiti.engine.impl.db.DbSqlSession  - now executing flush...
10:44:56,516 [main] DEBUG org.activiti.engine.impl.db.DbSqlSession  - executing: bulk delete: deleteMembershipsByGroupId(mammals)
10:44:56,516 [main] DEBUG org.activiti.engine.impl.persistence.entity.MembershipRelation.deleteMembershipsByGroupId  - ==&gt;  Preparing: delete from ACT_ID_MEMBERSHIP where GROUP_ID_ = ? 
10:44:56,516 [main] DEBUG org.activiti.engine.impl.persistence.entity.MembershipRelation.deleteMembershipsByGroupId  - ==&gt; Parameters: mammals(String)
10:44:56,516 [main] DEBUG org.activiti.engine.impl.persistence.entity.MembershipRelation.deleteMembershipsByGroupId  - &lt;==    Updates: 0
10:44:56,516 [main] DEBUG org.activiti.engine.impl.db.DbSqlSession  - executing: delete org.activiti.engine.impl.persistence.entity.GroupEntity@3f018494
10:44:56,516 [main] DEBUG org.activiti.engine.impl.persistence.entity.GroupEntity.deleteGroup  - ==&gt;  Preparing: delete from ACT_ID_GROUP where ID_ = ? and REV_ = ? 
10:44:56,516 [main] DEBUG org.activiti.engine.impl.persistence.entity.GroupEntity.deleteGroup  - ==&gt; Parameters: mammals(String), 1(Integer)
10:44:56,516 [main] DEBUG org.activiti.engine.impl.persistence.entity.GroupEntity.deleteGroup  - &lt;==    Updates: 1
10:44:56,516 [main] DEBUG org.activiti.engine.impl.cfg.standalone.StandaloneMybatisTransactionContext  - firing event committing...
10:44:56,516 [main] DEBUG org.activiti.engine.impl.cfg.standalone.StandaloneMybatisTransactionContext  - committing the ibatis sql session...
10:44:56,516 [main] DEBUG org.apache.ibatis.transaction.jdbc.JdbcTransaction  - Committing JDBC Connection [conn4: url=jdbc:h2:mem:activiti user=SA]
10:44:56,516 [main] DEBUG org.activiti.engine.impl.cfg.standalone.StandaloneMybatisTransactionContext  - firing event committed...
10:44:56,516 [main] DEBUG org.apache.ibatis.transaction.jdbc.JdbcTransaction  - Resetting autocommit to true on JDBC Connection [conn4: url=jdbc:h2:mem:activiti user=SA]
10:44:56,516 [main] DEBUG org.apache.ibatis.transaction.jdbc.JdbcTransaction  - Closing JDBC Connection [conn4: url=jdbc:h2:mem:activiti user=SA]
10:44:56,516 [main] DEBUG org.apache.ibatis.datasource.pooled.PooledDataSource  - Returned connection 297240765 to pool.
10:44:56,516 [main] DEBUG org.activiti.engine.impl.interceptor.LogInterceptor  - --- DeleteGroupCmd finished --------------------------------------------------------
10:44:56,516 [main] DEBUG org.activiti.engine.impl.interceptor.LogInterceptor  - 

10:44:56,516 [main] DEBUG org.activiti.engine.impl.interceptor.LogInterceptor  - 

10:44:56,516 [main] DEBUG org.activiti.engine.impl.interceptor.LogInterceptor  - --- starting DeleteGroupCmd --------------------------------------------------------
10:44:56,516 [main] DEBUG org.apache.ibatis.transaction.jdbc.JdbcTransaction  - Opening JDBC Connection
10:44:56,516 [main] DEBUG org.apache.ibatis.datasource.pooled.PooledDataSource  - Checked out connection 363509958 from pool.
10:44:56,516 [main] DEBUG org.apache.ibatis.transaction.jdbc.JdbcTransaction  - Setting autocommit to false on JDBC Connection [conn2: url=jdbc:h2:mem:activiti user=SA]
10:44:56,516 [main] DEBUG org.activiti.engine.impl.persistence.entity.GroupEntity.selectGroup  - ==&gt;  Preparing: select * from ACT_ID_GROUP where ID_ = ? 
10:44:56,516 [main] DEBUG org.activiti.engine.impl.persistence.entity.GroupEntity.selectGroup  - ==&gt; Parameters: frogs(String)
10:44:56,516 [main] DEBUG org.activiti.engine.impl.persistence.entity.GroupEntity.selectGroup  - &lt;==      Total: 1
10:44:56,517 [main] DEBUG org.activiti.engine.impl.db.DbSqlSession  -   bulk delete: deleteMembershipsByGroupId(frogs)
10:44:56,517 [main] DEBUG org.activiti.engine.impl.db.DbSqlSession  -   delete org.activiti.engine.impl.persistence.entity.GroupEntity@3ce443f9
10:44:56,517 [main] DEBUG org.activiti.engine.impl.db.DbSqlSession  - flush summary: 0 insert, 0 update, 2 delete.
10:44:56,517 [main] DEBUG org.activiti.engine.impl.db.DbSqlSession  - now executing flush...
10:44:56,517 [main] DEBUG org.activiti.engine.impl.db.DbSqlSession  - executing: bulk delete: deleteMembershipsByGroupId(frogs)
10:44:56,517 [main] DEBUG org.activiti.engine.impl.persistence.entity.MembershipRelation.deleteMembershipsByGroupId  - ==&gt;  Preparing: delete from ACT_ID_MEMBERSHIP where GROUP_ID_ = ? 
10:44:56,517 [main] DEBUG org.activiti.engine.impl.persistence.entity.MembershipRelation.deleteMembershipsByGroupId  - ==&gt; Parameters: frogs(String)
10:44:56,517 [main] DEBUG org.activiti.engine.impl.persistence.entity.MembershipRelation.deleteMembershipsByGroupId  - &lt;==    Updates: 0
10:44:56,517 [main] DEBUG org.activiti.engine.impl.db.DbSqlSession  - executing: delete org.activiti.engine.impl.persistence.entity.GroupEntity@3ce443f9
10:44:56,517 [main] DEBUG org.activiti.engine.impl.persistence.entity.GroupEntity.deleteGroup  - ==&gt;  Preparing: delete from ACT_ID_GROUP where ID_ = ? and REV_ = ? 
10:44:56,517 [main] DEBUG org.activiti.engine.impl.persistence.entity.GroupEntity.deleteGroup  - ==&gt; Parameters: frogs(String), 1(Integer)
10:44:56,517 [main] DEBUG org.activiti.engine.impl.persistence.entity.GroupEntity.deleteGroup  - &lt;==    Updates: 1
10:44:56,517 [main] DEBUG org.activiti.engine.impl.cfg.standalone.StandaloneMybatisTransactionContext  - firing event committing...
10:44:56,517 [main] DEBUG org.activiti.engine.impl.cfg.standalone.StandaloneMybatisTransactionContext  - committing the ibatis sql session...
10:44:56,517 [main] DEBUG org.apache.ibatis.transaction.jdbc.JdbcTransaction  - Committing JDBC Connection [conn2: url=jdbc:h2:mem:activiti user=SA]
10:44:56,517 [main] DEBUG org.activiti.engine.impl.cfg.standalone.StandaloneMybatisTransactionContext  - firing event committed...
10:44:56,517 [main] DEBUG org.apache.ibatis.transaction.jdbc.JdbcTransaction  - Resetting autocommit to true on JDBC Connection [conn2: url=jdbc:h2:mem:activiti user=SA]
10:44:56,517 [main] DEBUG org.apache.ibatis.transaction.jdbc.JdbcTransaction  - Closing JDBC Connection [conn2: url=jdbc:h2:mem:activiti user=SA]
10:44:56,517 [main] DEBUG org.apache.ibatis.datasource.pooled.PooledDataSource  - Returned connection 363509958 to pool.
10:44:56,517 [main] DEBUG org.activiti.engine.impl.interceptor.LogInterceptor  - --- DeleteGroupCmd finished --------------------------------------------------------
10:44:56,517 [main] DEBUG org.activiti.engine.impl.interceptor.LogInterceptor  - 

10:44:56,517 [main] DEBUG org.activiti.engine.impl.interceptor.LogInterceptor  - 

10:44:56,517 [main] DEBUG org.activiti.engine.impl.interceptor.LogInterceptor  - --- starting DeleteGroupCmd --------------------------------------------------------
10:44:56,517 [main] DEBUG org.apache.ibatis.transaction.jdbc.JdbcTransaction  - Opening JDBC Connection
10:44:56,517 [main] DEBUG org.apache.ibatis.datasource.pooled.PooledDataSource  - Checked out connection 180014677 from pool.
10:44:56,517 [main] DEBUG org.apache.ibatis.transaction.jdbc.JdbcTransaction  - Setting autocommit to false on JDBC Connection [conn3: url=jdbc:h2:mem:activiti user=SA]
10:44:56,517 [main] DEBUG org.activiti.engine.impl.persistence.entity.GroupEntity.selectGroup  - ==&gt;  Preparing: select * from ACT_ID_GROUP where ID_ = ? 
10:44:56,517 [main] DEBUG org.activiti.engine.impl.persistence.entity.GroupEntity.selectGroup  - ==&gt; Parameters: admin(String)
10:44:56,517 [main] DEBUG org.activiti.engine.impl.persistence.entity.GroupEntity.selectGroup  - &lt;==      Total: 1
10:44:56,517 [main] DEBUG org.activiti.engine.impl.db.DbSqlSession  -   bulk delete: deleteMembershipsByGroupId(admin)
10:44:56,517 [main] DEBUG org.activiti.engine.impl.db.DbSqlSession  -   delete org.activiti.engine.impl.persistence.entity.GroupEntity@57fbc06f
10:44:56,517 [main] DEBUG org.activiti.engine.impl.db.DbSqlSession  - flush summary: 0 insert, 0 update, 2 delete.
10:44:56,517 [main] DEBUG org.activiti.engine.impl.db.DbSqlSession  - now executing flush...
10:44:56,517 [main] DEBUG org.activiti.engine.impl.db.DbSqlSession  - executing: bulk delete: deleteMembershipsByGroupId(admin)
10:44:56,517 [main] DEBUG org.activiti.engine.impl.persistence.entity.MembershipRelation.deleteMembershipsByGroupId  - ==&gt;  Preparing: delete from ACT_ID_MEMBERSHIP where GROUP_ID_ = ? 
10:44:56,517 [main] DEBUG org.activiti.engine.impl.persistence.entity.MembershipRelation.deleteMembershipsByGroupId  - ==&gt; Parameters: admin(String)
10:44:56,517 [main] DEBUG org.activiti.engine.impl.persistence.entity.MembershipRelation.deleteMembershipsByGroupId  - &lt;==    Updates: 0
10:44:56,517 [main] DEBUG org.activiti.engine.impl.db.DbSqlSession  - executing: delete org.activiti.engine.impl.persistence.entity.GroupEntity@57fbc06f
10:44:56,517 [main] DEBUG org.activiti.engine.impl.persistence.entity.GroupEntity.deleteGroup  - ==&gt;  Preparing: delete from ACT_ID_GROUP where ID_ = ? and REV_ = ? 
10:44:56,517 [main] DEBUG org.activiti.engine.impl.persistence.entity.GroupEntity.deleteGroup  - ==&gt; Parameters: admin(String), 1(Integer)
10:44:56,517 [main] DEBUG org.activiti.engine.impl.persistence.entity.GroupEntity.deleteGroup  - &lt;==    Updates: 1
10:44:56,517 [main] DEBUG org.activiti.engine.impl.cfg.standalone.StandaloneMybatisTransactionContext  - firing event committing...
10:44:56,517 [main] DEBUG org.activiti.engine.impl.cfg.standalone.StandaloneMybatisTransactionContext  - committing the ibatis sql session...
10:44:56,517 [main] DEBUG org.apache.ibatis.transaction.jdbc.JdbcTransaction  - Committing JDBC Connection [conn3: url=jdbc:h2:mem:activiti user=SA]
10:44:56,517 [main] DEBUG org.activiti.engine.impl.cfg.standalone.StandaloneMybatisTransactionContext  - firing event committed...
10:44:56,517 [main] DEBUG org.apache.ibatis.transaction.jdbc.JdbcTransaction  - Resetting autocommit to true on JDBC Connection [conn3: url=jdbc:h2:mem:activiti user=SA]
10:44:56,517 [main] DEBUG org.apache.ibatis.transaction.jdbc.JdbcTransaction  - Closing JDBC Connection [conn3: url=jdbc:h2:mem:activiti user=SA]
10:44:56,517 [main] DEBUG org.apache.ibatis.datasource.pooled.PooledDataSource  - Returned connection 180014677 to pool.
10:44:56,517 [main] DEBUG org.activiti.engine.impl.interceptor.LogInterceptor  - --- DeleteGroupCmd finished --------------------------------------------------------
10:44:56,517 [main] DEBUG org.activiti.engine.impl.interceptor.LogInterceptor  - 

10:44:56,517 [main] ERROR org.activiti.engine.impl.test.PvmTestCase  - 

10:44:56,517 [main] ERROR org.activiti.engine.impl.test.PvmTestCase  - EXCEPTION: org.apache.ibatis.exceptions.PersistenceException: 
### Error querying database.  Cause: org.h2.jdbc.JdbcSQLException: Syntax error in SQL statement &quot;SELECT RES.* 
     
    FROM ACT_ID_GROUP RES
     
     WHERE  RES.TYPE_ = ? 
   
     ORDER BY  ORDER[*] BY RES.ID_ ASC  
    LIMIT ? OFFSET ? &quot;; expected &quot;=, NOT, EXISTS, INTERSECTS, SELECT, FROM&quot;; SQL statement:
select RES.* 
     
    from ACT_ID_GROUP RES
     
     WHERE  RES.TYPE_ = ? 
   
     order by  order by RES.ID_ asc  
    LIMIT ? OFFSET ? [42001-176]
### The error may exist in org/activiti/db/mapping/entity/Group.xml
### The error may involve org.activiti.engine.impl.persistence.entity.GroupEntity.selectGroupByQueryCriteria
### The error occurred while executing a query
### SQL: select RES.*            from ACT_ID_GROUP RES            WHERE  RES.TYPE_ = ?           order by  order by RES.ID_ asc       LIMIT ? OFFSET ?
### Cause: org.h2.jdbc.JdbcSQLException: Syntax error in SQL statement &quot;SELECT RES.* 
     
    FROM ACT_ID_GROUP RES
     
     WHERE  RES.TYPE_ = ? 
   
     ORDER BY  ORDER[*] BY RES.ID_ ASC  
    LIMIT ? OFFSET ? &quot;; expected &quot;=, NOT, EXISTS, INTERSECTS, SELECT, FROM&quot;; SQL statement:
select RES.* 
     
    from ACT_ID_GROUP RES
     
     WHERE  RES.TYPE_ = ? 
   
     order by  order by RES.ID_ asc  
    LIMIT ? OFFSET ? [42001-176]
org.apache.ibatis.exceptions.PersistenceException: 
### Error querying database.  Cause: org.h2.jdbc.JdbcSQLException: Syntax error in SQL statement &quot;SELECT RES.* 
     
    FROM ACT_ID_GROUP RES
     
     WHERE  RES.TYPE_ = ? 
   
     ORDER BY  ORDER[*] BY RES.ID_ ASC  
    LIMIT ? OFFSET ? &quot;; expected &quot;=, NOT, EXISTS, INTERSECTS, SELECT, FROM&quot;; SQL statement:
select RES.* 
     
    from ACT_ID_GROUP RES
     
     WHERE  RES.TYPE_ = ? 
   
     order by  order by RES.ID_ asc  
    LIMIT ? OFFSET ? [42001-176]
### The error may exist in org/activiti/db/mapping/entity/Group.xml
### The error may involve org.activiti.engine.impl.persistence.entity.GroupEntity.selectGroupByQueryCriteria
### The error occurred while executing a query
### SQL: select RES.*            from ACT_ID_GROUP RES            WHERE  RES.TYPE_ = ?           order by  order by RES.ID_ asc       LIMIT ? OFFSET ?
### Cause: org.h2.jdbc.JdbcSQLException: Syntax error in SQL statement &quot;SELECT RES.* 
     
    FROM ACT_ID_GROUP RES
     
     WHERE  RES.TYPE_ = ? 
   
     ORDER BY  ORDER[*] BY RES.ID_ ASC  
    LIMIT ? OFFSET ? &quot;; expected &quot;=, NOT, EXISTS, INTERSECTS, SELECT, FROM&quot;; SQL statement:
select RES.* 
     
    from ACT_ID_GROUP RES
     
     WHERE  RES.TYPE_ = ? 
   
     order by  order by RES.ID_ asc  
    LIMIT ? OFFSET ? [42001-176]
	at org.apache.ibatis.exceptions.ExceptionFactory.wrapException(ExceptionFactory.java:30)
	at org.apache.ibatis.session.defaults.DefaultSqlSession.selectList(DefaultSqlSession.java:122)
	at org.apache.ibatis.session.defaults.DefaultSqlSession.selectList(DefaultSqlSession.java:113)
	at org.activiti.engine.impl.db.DbSqlSession.selectListWithRawParameter(DbSqlSession.java:438)
	at org.activiti.engine.impl.db.DbSqlSession.selectList(DbSqlSession.java:429)
	at org.activiti.engine.impl.db.DbSqlSession.selectList(DbSqlSession.java:419)
	at org.activiti.engine.impl.persistence.entity.GroupEntityManager.findGroupByQueryCriteria(GroupEntityManager.java:90)
	at org.activiti.engine.impl.GroupQueryImpl.executeList(GroupQueryImpl.java:125)
	at org.activiti.engine.impl.AbstractQuery.execute(AbstractQuery.java:164)
	at org.activiti.engine.impl.interceptor.CommandInvoker.execute(CommandInvoker.java:24)
	at org.activiti.engine.impl.interceptor.CommandContextInterceptor.execute(CommandContextInterceptor.java:57)
	at org.activiti.engine.impl.interceptor.LogInterceptor.execute(LogInterceptor.java:37)
	at org.activiti.engine.impl.cfg.CommandExecutorImpl.execute(CommandExecutorImpl.java:40)
	at org.activiti.engine.impl.cfg.CommandExecutorImpl.execute(CommandExecutorImpl.java:35)
	at org.activiti.engine.impl.AbstractQuery.list(AbstractQuery.java:138)
	at org.activiti.engine.test.api.identity.GroupQueryTest.verifyQueryResults(GroupQueryTest.java:221)
	at org.activiti.engine.test.api.identity.GroupQueryTest.testQueryByInvalidType(GroupQueryTest.java:142)
	at sun.reflect.NativeMethodAccessorImpl.invoke0(Native Method)
	at sun.reflect.NativeMethodAccessorImpl.invoke(NativeMethodAccessorImpl.java:62)
	at sun.reflect.DelegatingMethodAccessorImpl.invoke(DelegatingMethodAccessorImpl.java:43)
	at java.lang.reflect.Method.invoke(Method.java:498)
	at junit.framework.TestCase.runTest(TestCase.java:176)
	at org.activiti.engine.impl.test.PvmTestCase.runTest(PvmTestCase.java:65)
	at junit.framework.TestCase.runBare(TestCase.java:141)
	at org.activiti.engine.impl.test.AbstractActivitiTestCase.runBare(AbstractActivitiTestCase.java:100)
	at junit.framework.TestResult$1.protect(TestResult.java:122)
	at junit.framework.TestResult.runProtected(TestResult.java:142)
	at junit.framework.TestResult.run(TestResult.java:125)
	at junit.framework.TestCase.run(TestCase.java:129)
	at junit.framework.TestSuite.runTest(TestSuite.java:255)
	at junit.framework.TestSuite.run(TestSuite.java:250)
	at org.junit.internal.runners.JUnit38ClassRunner.run(JUnit38ClassRunner.java:84)
	at org.apache.maven.surefire.junit4.JUnit4TestSet.execute(JUnit4TestSet.java:35)
	at org.apache.maven.surefire.junit4.JUnit4Provider.executeTestSet(JUnit4Provider.java:146)
	at org.apache.maven.surefire.junit4.JUnit4Provider.invoke(JUnit4Provider.java:97)
	at sun.reflect.NativeMethodAccessorImpl.invoke0(Native Method)
	at sun.reflect.NativeMethodAccessorImpl.invoke(NativeMethodAccessorImpl.java:62)
	at sun.reflect.DelegatingMethodAccessorImpl.invoke(DelegatingMethodAccessorImpl.java:43)
	at java.lang.reflect.Method.invoke(Method.java:498)
	at org.apache.maven.surefire.booter.ProviderFactory$ClassLoaderProxy.invoke(ProviderFactory.java:103)
	at com.sun.proxy.$Proxy0.invoke(Unknown Source)
	at org.apache.maven.surefire.booter.SurefireStarter.invokeProvider(SurefireStarter.java:145)
	at org.apache.maven.surefire.booter.SurefireStarter.runSuitesInProcess(SurefireStarter.java:87)
	at org.apache.maven.surefire.booter.ForkedBooter.main(ForkedBooter.java:69)
Caused by: org.h2.jdbc.JdbcSQLException: Syntax error in SQL statement &quot;SELECT RES.* 
     
    FROM ACT_ID_GROUP RES
     
     WHERE  RES.TYPE_ = ? 
   
     ORDER BY  ORDER[*] BY RES.ID_ ASC  
    LIMIT ? OFFSET ? &quot;; expected &quot;=, NOT, EXISTS, INTERSECTS, SELECT, FROM&quot;; SQL statement:
select RES.* 
     
    from ACT_ID_GROUP RES
     
     WHERE  RES.TYPE_ = ? 
   
     order by  order by RES.ID_ asc  
    LIMIT ? OFFSET ? [42001-176]
	at org.h2.message.DbException.getJdbcSQLException(DbException.java:344)
	at org.h2.message.DbException.getSyntaxError(DbException.java:204)
	at org.h2.command.Parser.getSyntaxError(Parser.java:524)
	at org.h2.command.Parser.readTerm(Parser.java:2688)
	at org.h2.command.Parser.readFactor(Parser.java:2244)
	at org.h2.command.Parser.readSum(Parser.java:2231)
	at org.h2.command.Parser.readConcat(Parser.java:2201)
	at org.h2.command.Parser.readCondition(Parser.java:2051)
	at org.h2.command.Parser.readAnd(Parser.java:2023)
	at org.h2.command.Parser.readExpression(Parser.java:2015)
	at org.h2.command.Parser.parseEndOfQuery(Parser.java:1726)
	at org.h2.command.Parser.parseSelectUnionExtension(Parser.java:1706)
	at org.h2.command.Parser.parseSelectUnion(Parser.java:1675)
	at org.h2.command.Parser.parseSelect(Parser.java:1662)
	at org.h2.command.Parser.parsePrepared(Parser.java:434)
	at org.h2.command.Parser.parse(Parser.java:306)
	at org.h2.command.Parser.parse(Parser.java:282)
	at org.h2.command.Parser.prepareCommand(Parser.java:243)
	at org.h2.engine.Session.prepareLocal(Session.java:442)
	at org.h2.engine.Session.prepareCommand(Session.java:384)
	at org.h2.jdbc.JdbcConnection.prepareCommand(JdbcConnection.java:1188)
	at org.h2.jdbc.JdbcPreparedStatement.&lt;init&gt;(JdbcPreparedStatement.java:73)
	at org.h2.jdbc.JdbcConnection.prepareStatement(JdbcConnection.java:276)
	at sun.reflect.GeneratedMethodAccessor6.invoke(Unknown Source)
	at sun.reflect.DelegatingMethodAccessorImpl.invoke(DelegatingMethodAccessorImpl.java:43)
	at java.lang.reflect.Method.invoke(Method.java:498)
	at org.apache.ibatis.datasource.pooled.PooledConnection.invoke(PooledConnection.java:245)
	at com.sun.proxy.$Proxy12.prepareStatement(Unknown Source)
	at sun.reflect.GeneratedMethodAccessor6.invoke(Unknown Source)
	at sun.reflect.DelegatingMethodAccessorImpl.invoke(DelegatingMethodAccessorImpl.java:43)
	at java.lang.reflect.Method.invoke(Method.java:498)
	at org.apache.ibatis.logging.jdbc.ConnectionLogger.invoke(ConnectionLogger.java:55)
	at com.sun.proxy.$Proxy12.prepareStatement(Unknown Source)
	at org.apache.ibatis.executor.statement.PreparedStatementHandler.instantiateStatement(PreparedStatementHandler.java:79)
	at org.apache.ibatis.executor.statement.BaseStatementHandler.prepare(BaseStatementHandler.java:88)
	at org.apache.ibatis.executor.statement.RoutingStatementHandler.prepare(RoutingStatementHandler.java:58)
	at org.apache.ibatis.executor.SimpleExecutor.prepareStatement(SimpleExecutor.java:76)
	at org.apache.ibatis.executor.SimpleExecutor.doQuery(SimpleExecutor.java:61)
	at org.apache.ibatis.executor.BaseExecutor.queryFromDatabase(BaseExecutor.java:303)
	at org.apache.ibatis.executor.BaseExecutor.query(BaseExecutor.java:154)
	at org.apache.ibatis.executor.CachingExecutor.query(CachingExecutor.java:102)
	at org.apache.ibatis.executor.CachingExecutor.query(CachingExecutor.java:82)
	at org.apache.ibatis.session.defaults.DefaultSqlSession.selectList(DefaultSqlSession.java:120)
	... 42 more
10:44:56,517 [main] DEBUG org.activiti.engine.impl.test.PvmTestCase  - verifying that db is clean after test
10:44:56,517 [main] DEBUG org.activiti.engine.impl.interceptor.LogInterceptor  - 

10:44:56,517 [main] DEBUG org.activiti.engine.impl.interceptor.LogInterceptor  - --- starting GetTableCountCmd --------------------------------------------------------
10:44:56,517 [main] DEBUG org.apache.ibatis.transaction.jdbc.JdbcTransaction  - Opening JDBC Connection
10:44:56,517 [main] DEBUG org.apache.ibatis.datasource.pooled.PooledDataSource  - Checked out connection 297240765 from pool.
10:44:56,517 [main] DEBUG org.apache.ibatis.transaction.jdbc.JdbcTransaction  - Setting autocommit to false on JDBC Connection [conn4: url=jdbc:h2:mem:activiti user=SA]
10:44:56,517 [main] DEBUG org.activiti.engine.impl.persistence.entity.TableDataManager  - retrieving activiti tables from jdbc metadata
10:44:56,518 [main] DEBUG org.activiti.engine.impl.persistence.entity.TableDataManager  -   retrieved activiti table name ACT_EVT_LOG
10:44:56,518 [main] DEBUG org.activiti.engine.impl.persistence.entity.TableDataManager  -   retrieved activiti table name ACT_GE_BYTEARRAY
10:44:56,518 [main] DEBUG org.activiti.engine.impl.persistence.entity.TableDataManager  -   retrieved activiti table name ACT_GE_PROPERTY
10:44:56,518 [main] DEBUG org.activiti.engine.impl.persistence.entity.TableDataManager  -   retrieved activiti table name ACT_HI_ACTINST
10:44:56,518 [main] DEBUG org.activiti.engine.impl.persistence.entity.TableDataManager  -   retrieved activiti table name ACT_HI_ATTACHMENT
10:44:56,518 [main] DEBUG org.activiti.engine.impl.persistence.entity.TableDataManager  -   retrieved activiti table name ACT_HI_COMMENT
10:44:56,518 [main] DEBUG org.activiti.engine.impl.persistence.entity.TableDataManager  -   retrieved activiti table name ACT_HI_DETAIL
10:44:56,518 [main] DEBUG org.activiti.engine.impl.persistence.entity.TableDataManager  -   retrieved activiti table name ACT_HI_IDENTITYLINK
10:44:56,518 [main] DEBUG org.activiti.engine.impl.persistence.entity.TableDataManager  -   retrieved activiti table name ACT_HI_PROCINST
10:44:56,518 [main] DEBUG org.activiti.engine.impl.persistence.entity.TableDataManager  -   retrieved activiti table name ACT_HI_TASKINST
10:44:56,518 [main] DEBUG org.activiti.engine.impl.persistence.entity.TableDataManager  -   retrieved activiti table name ACT_HI_VARINST
10:44:56,518 [main] DEBUG org.activiti.engine.impl.persistence.entity.TableDataManager  -   retrieved activiti table name ACT_ID_GROUP
10:44:56,518 [main] DEBUG org.activiti.engine.impl.persistence.entity.TableDataManager  -   retrieved activiti table name ACT_ID_INFO
10:44:56,518 [main] DEBUG org.activiti.engine.impl.persistence.entity.TableDataManager  -   retrieved activiti table name ACT_ID_MEMBERSHIP
10:44:56,518 [main] DEBUG org.activiti.engine.impl.persistence.entity.TableDataManager  -   retrieved activiti table name ACT_ID_USER
10:44:56,518 [main] DEBUG org.activiti.engine.impl.persistence.entity.TableDataManager  -   retrieved activiti table name ACT_PROCDEF_INFO
10:44:56,518 [main] DEBUG org.activiti.engine.impl.persistence.entity.TableDataManager  -   retrieved activiti table name ACT_RE_DEPLOYMENT
10:44:56,518 [main] DEBUG org.activiti.engine.impl.persistence.entity.TableDataManager  -   retrieved activiti table name ACT_RE_MODEL
10:44:56,518 [main] DEBUG org.activiti.engine.impl.persistence.entity.TableDataManager  -   retrieved activiti table name ACT_RE_PROCDEF
10:44:56,518 [main] DEBUG org.activiti.engine.impl.persistence.entity.TableDataManager  -   retrieved activiti table name ACT_RU_EVENT_SUBSCR
10:44:56,518 [main] DEBUG org.activiti.engine.impl.persistence.entity.TableDataManager  -   retrieved activiti table name ACT_RU_EXECUTION
10:44:56,518 [main] DEBUG org.activiti.engine.impl.persistence.entity.TableDataManager  -   retrieved activiti table name ACT_RU_IDENTITYLINK
10:44:56,518 [main] DEBUG org.activiti.engine.impl.persistence.entity.TableDataManager  -   retrieved activiti table name ACT_RU_JOB
10:44:56,518 [main] DEBUG org.activiti.engine.impl.persistence.entity.TableDataManager  -   retrieved activiti table name ACT_RU_TASK
10:44:56,518 [main] DEBUG org.activiti.engine.impl.persistence.entity.TableDataManager  -   retrieved activiti table name ACT_RU_VARIABLE
10:44:56,518 [main] DEBUG org.activiti.engine.impl.persistence.entity.TableDataManager  - selecting table count for ACT_EVT_LOG
10:44:56,518 [main] DEBUG org.activiti.engine.impl.TablePageMap.selectTableCount  - ==&gt;  Preparing: select count(*) from ACT_EVT_LOG 
10:44:56,518 [main] DEBUG org.activiti.engine.impl.TablePageMap.selectTableCount  - ==&gt; Parameters: 
10:44:56,518 [main] DEBUG org.activiti.engine.impl.TablePageMap.selectTableCount  - &lt;==      Total: 1
10:44:56,518 [main] DEBUG org.activiti.engine.impl.persistence.entity.TableDataManager  - selecting table count for ACT_GE_BYTEARRAY
10:44:56,518 [main] DEBUG org.activiti.engine.impl.TablePageMap.selectTableCount  - ==&gt;  Preparing: select count(*) from ACT_GE_BYTEARRAY 
10:44:56,518 [main] DEBUG org.activiti.engine.impl.TablePageMap.selectTableCount  - ==&gt; Parameters: 
10:44:56,518 [main] DEBUG org.activiti.engine.impl.TablePageMap.selectTableCount  - &lt;==      Total: 1
10:44:56,518 [main] DEBUG org.activiti.engine.impl.persistence.entity.TableDataManager  - selecting table count for ACT_GE_PROPERTY
10:44:56,518 [main] DEBUG org.activiti.engine.impl.TablePageMap.selectTableCount  - ==&gt;  Preparing: select count(*) from ACT_GE_PROPERTY 
10:44:56,518 [main] DEBUG org.activiti.engine.impl.TablePageMap.selectTableCount  - ==&gt; Parameters: 
10:44:56,518 [main] DEBUG org.activiti.engine.impl.TablePageMap.selectTableCount  - &lt;==      Total: 1
10:44:56,518 [main] DEBUG org.activiti.engine.impl.persistence.entity.TableDataManager  - selecting table count for ACT_HI_ACTINST
10:44:56,518 [main] DEBUG org.activiti.engine.impl.TablePageMap.selectTableCount  - ==&gt;  Preparing: select count(*) from ACT_HI_ACTINST 
10:44:56,518 [main] DEBUG org.activiti.engine.impl.TablePageMap.selectTableCount  - ==&gt; Parameters: 
10:44:56,518 [main] DEBUG org.activiti.engine.impl.TablePageMap.selectTableCount  - &lt;==      Total: 1
10:44:56,518 [main] DEBUG org.activiti.engine.impl.persistence.entity.TableDataManager  - selecting table count for ACT_HI_ATTACHMENT
10:44:56,518 [main] DEBUG org.activiti.engine.impl.TablePageMap.selectTableCount  - ==&gt;  Preparing: select count(*) from ACT_HI_ATTACHMENT 
10:44:56,518 [main] DEBUG org.activiti.engine.impl.TablePageMap.selectTableCount  - ==&gt; Parameters: 
10:44:56,518 [main] DEBUG org.activiti.engine.impl.TablePageMap.selectTableCount  - &lt;==      Total: 1
10:44:56,518 [main] DEBUG org.activiti.engine.impl.persistence.entity.TableDataManager  - selecting table count for ACT_HI_COMMENT
10:44:56,518 [main] DEBUG org.activiti.engine.impl.TablePageMap.selectTableCount  - ==&gt;  Preparing: select count(*) from ACT_HI_COMMENT 
10:44:56,518 [main] DEBUG org.activiti.engine.impl.TablePageMap.selectTableCount  - ==&gt; Parameters: 
10:44:56,518 [main] DEBUG org.activiti.engine.impl.TablePageMap.selectTableCount  - &lt;==      Total: 1
10:44:56,518 [main] DEBUG org.activiti.engine.impl.persistence.entity.TableDataManager  - selecting table count for ACT_HI_DETAIL
10:44:56,518 [main] DEBUG org.activiti.engine.impl.TablePageMap.selectTableCount  - ==&gt;  Preparing: select count(*) from ACT_HI_DETAIL 
10:44:56,518 [main] DEBUG org.activiti.engine.impl.TablePageMap.selectTableCount  - ==&gt; Parameters: 
10:44:56,518 [main] DEBUG org.activiti.engine.impl.TablePageMap.selectTableCount  - &lt;==      Total: 1
10:44:56,518 [main] DEBUG org.activiti.engine.impl.persistence.entity.TableDataManager  - selecting table count for ACT_HI_IDENTITYLINK
10:44:56,518 [main] DEBUG org.activiti.engine.impl.TablePageMap.selectTableCount  - ==&gt;  Preparing: select count(*) from ACT_HI_IDENTITYLINK 
10:44:56,518 [main] DEBUG org.activiti.engine.impl.TablePageMap.selectTableCount  - ==&gt; Parameters: 
10:44:56,518 [main] DEBUG org.activiti.engine.impl.TablePageMap.selectTableCount  - &lt;==      Total: 1
10:44:56,518 [main] DEBUG org.activiti.engine.impl.persistence.entity.TableDataManager  - selecting table count for ACT_HI_PROCINST
10:44:56,518 [main] DEBUG org.activiti.engine.impl.TablePageMap.selectTableCount  - ==&gt;  Preparing: select count(*) from ACT_HI_PROCINST 
10:44:56,518 [main] DEBUG org.activiti.engine.impl.TablePageMap.selectTableCount  - ==&gt; Parameters: 
10:44:56,518 [main] DEBUG org.activiti.engine.impl.TablePageMap.selectTableCount  - &lt;==      Total: 1
10:44:56,518 [main] DEBUG org.activiti.engine.impl.persistence.entity.TableDataManager  - selecting table count for ACT_HI_TASKINST
10:44:56,518 [main] DEBUG org.activiti.engine.impl.TablePageMap.selectTableCount  - ==&gt;  Preparing: select count(*) from ACT_HI_TASKINST 
10:44:56,518 [main] DEBUG org.activiti.engine.impl.TablePageMap.selectTableCount  - ==&gt; Parameters: 
10:44:56,518 [main] DEBUG org.activiti.engine.impl.TablePageMap.selectTableCount  - &lt;==      Total: 1
10:44:56,518 [main] DEBUG org.activiti.engine.impl.persistence.entity.TableDataManager  - selecting table count for ACT_HI_VARINST
10:44:56,518 [main] DEBUG org.activiti.engine.impl.TablePageMap.selectTableCount  - ==&gt;  Preparing: select count(*) from ACT_HI_VARINST 
10:44:56,518 [main] DEBUG org.activiti.engine.impl.TablePageMap.selectTableCount  - ==&gt; Parameters: 
10:44:56,518 [main] DEBUG org.activiti.engine.impl.TablePageMap.selectTableCount  - &lt;==      Total: 1
10:44:56,518 [main] DEBUG org.activiti.engine.impl.persistence.entity.TableDataManager  - selecting table count for ACT_ID_GROUP
10:44:56,519 [main] DEBUG org.activiti.engine.impl.TablePageMap.selectTableCount  - ==&gt;  Preparing: select count(*) from ACT_ID_GROUP 
10:44:56,519 [main] DEBUG org.activiti.engine.impl.TablePageMap.selectTableCount  - ==&gt; Parameters: 
10:44:56,519 [main] DEBUG org.activiti.engine.impl.TablePageMap.selectTableCount  - &lt;==      Total: 1
10:44:56,519 [main] DEBUG org.activiti.engine.impl.persistence.entity.TableDataManager  - selecting table count for ACT_ID_INFO
10:44:56,519 [main] DEBUG org.activiti.engine.impl.TablePageMap.selectTableCount  - ==&gt;  Preparing: select count(*) from ACT_ID_INFO 
10:44:56,519 [main] DEBUG org.activiti.engine.impl.TablePageMap.selectTableCount  - ==&gt; Parameters: 
10:44:56,519 [main] DEBUG org.activiti.engine.impl.TablePageMap.selectTableCount  - &lt;==      Total: 1
10:44:56,519 [main] DEBUG org.activiti.engine.impl.persistence.entity.TableDataManager  - selecting table count for ACT_ID_MEMBERSHIP
10:44:56,519 [main] DEBUG org.activiti.engine.impl.TablePageMap.selectTableCount  - ==&gt;  Preparing: select count(*) from ACT_ID_MEMBERSHIP 
10:44:56,519 [main] DEBUG org.activiti.engine.impl.TablePageMap.selectTableCount  - ==&gt; Parameters: 
10:44:56,519 [main] DEBUG org.activiti.engine.impl.TablePageMap.selectTableCount  - &lt;==      Total: 1
10:44:56,519 [main] DEBUG org.activiti.engine.impl.persistence.entity.TableDataManager  - selecting table count for ACT_ID_USER
10:44:56,519 [main] DEBUG org.activiti.engine.impl.TablePageMap.selectTableCount  - ==&gt;  Preparing: select count(*) from ACT_ID_USER 
10:44:56,519 [main] DEBUG org.activiti.engine.impl.TablePageMap.selectTableCount  - ==&gt; Parameters: 
10:44:56,519 [main] DEBUG org.activiti.engine.impl.TablePageMap.selectTableCount  - &lt;==      Total: 1
10:44:56,519 [main] DEBUG org.activiti.engine.impl.persistence.entity.TableDataManager  - selecting table count for ACT_PROCDEF_INFO
10:44:56,519 [main] DEBUG org.activiti.engine.impl.TablePageMap.selectTableCount  - ==&gt;  Preparing: select count(*) from ACT_PROCDEF_INFO 
10:44:56,519 [main] DEBUG org.activiti.engine.impl.TablePageMap.selectTableCount  - ==&gt; Parameters: 
10:44:56,519 [main] DEBUG org.activiti.engine.impl.TablePageMap.selectTableCount  - &lt;==      Total: 1
10:44:56,519 [main] DEBUG org.activiti.engine.impl.persistence.entity.TableDataManager  - selecting table count for ACT_RE_DEPLOYMENT
10:44:56,519 [main] DEBUG org.activiti.engine.impl.TablePageMap.selectTableCount  - ==&gt;  Preparing: select count(*) from ACT_RE_DEPLOYMENT 
10:44:56,519 [main] DEBUG org.activiti.engine.impl.TablePageMap.selectTableCount  - ==&gt; Parameters: 
10:44:56,519 [main] DEBUG org.activiti.engine.impl.TablePageMap.selectTableCount  - &lt;==      Total: 1
10:44:56,519 [main] DEBUG org.activiti.engine.impl.persistence.entity.TableDataManager  - selecting table count for ACT_RE_MODEL
10:44:56,519 [main] DEBUG org.activiti.engine.impl.TablePageMap.selectTableCount  - ==&gt;  Preparing: select count(*) from ACT_RE_MODEL 
10:44:56,519 [main] DEBUG org.activiti.engine.impl.TablePageMap.selectTableCount  - ==&gt; Parameters: 
10:44:56,519 [main] DEBUG org.activiti.engine.impl.TablePageMap.selectTableCount  - &lt;==      Total: 1
10:44:56,519 [main] DEBUG org.activiti.engine.impl.persistence.entity.TableDataManager  - selecting table count for ACT_RE_PROCDEF
10:44:56,519 [main] DEBUG org.activiti.engine.impl.TablePageMap.selectTableCount  - ==&gt;  Preparing: select count(*) from ACT_RE_PROCDEF 
10:44:56,519 [main] DEBUG org.activiti.engine.impl.TablePageMap.selectTableCount  - ==&gt; Parameters: 
10:44:56,519 [main] DEBUG org.activiti.engine.impl.TablePageMap.selectTableCount  - &lt;==      Total: 1
10:44:56,519 [main] DEBUG org.activiti.engine.impl.persistence.entity.TableDataManager  - selecting table count for ACT_RU_EVENT_SUBSCR
10:44:56,519 [main] DEBUG org.activiti.engine.impl.TablePageMap.selectTableCount  - ==&gt;  Preparing: select count(*) from ACT_RU_EVENT_SUBSCR 
10:44:56,519 [main] DEBUG org.activiti.engine.impl.TablePageMap.selectTableCount  - ==&gt; Parameters: 
10:44:56,519 [main] DEBUG org.activiti.engine.impl.TablePageMap.selectTableCount  - &lt;==      Total: 1
10:44:56,519 [main] DEBUG org.activiti.engine.impl.persistence.entity.TableDataManager  - selecting table count for ACT_RU_EXECUTION
10:44:56,519 [main] DEBUG org.activiti.engine.impl.TablePageMap.selectTableCount  - ==&gt;  Preparing: select count(*) from ACT_RU_EXECUTION 
10:44:56,519 [main] DEBUG org.activiti.engine.impl.TablePageMap.selectTableCount  - ==&gt; Parameters: 
10:44:56,519 [main] DEBUG org.activiti.engine.impl.TablePageMap.selectTableCount  - &lt;==      Total: 1
10:44:56,519 [main] DEBUG org.activiti.engine.impl.persistence.entity.TableDataManager  - selecting table count for ACT_RU_IDENTITYLINK
10:44:56,519 [main] DEBUG org.activiti.engine.impl.TablePageMap.selectTableCount  - ==&gt;  Preparing: select count(*) from ACT_RU_IDENTITYLINK 
10:44:56,519 [main] DEBUG org.activiti.engine.impl.TablePageMap.selectTableCount  - ==&gt; Parameters: 
10:44:56,519 [main] DEBUG org.activiti.engine.impl.TablePageMap.selectTableCount  - &lt;==      Total: 1
10:44:56,519 [main] DEBUG org.activiti.engine.impl.persistence.entity.TableDataManager  - selecting table count for ACT_RU_JOB
10:44:56,519 [main] DEBUG org.activiti.engine.impl.TablePageMap.selectTableCount  - ==&gt;  Preparing: select count(*) from ACT_RU_JOB 
10:44:56,519 [main] DEBUG org.activiti.engine.impl.TablePageMap.selectTableCount  - ==&gt; Parameters: 
10:44:56,519 [main] DEBUG org.activiti.engine.impl.TablePageMap.selectTableCount  - &lt;==      Total: 1
10:44:56,519 [main] DEBUG org.activiti.engine.impl.persistence.entity.TableDataManager  - selecting table count for ACT_RU_TASK
10:44:56,519 [main] DEBUG org.activiti.engine.impl.TablePageMap.selectTableCount  - ==&gt;  Preparing: select count(*) from ACT_RU_TASK 
10:44:56,519 [main] DEBUG org.activiti.engine.impl.TablePageMap.selectTableCount  - ==&gt; Parameters: 
10:44:56,519 [main] DEBUG org.activiti.engine.impl.TablePageMap.selectTableCount  - &lt;==      Total: 1
10:44:56,519 [main] DEBUG org.activiti.engine.impl.persistence.entity.TableDataManager  - selecting table count for ACT_RU_VARIABLE
10:44:56,519 [main] DEBUG org.activiti.engine.impl.TablePageMap.selectTableCount  - ==&gt;  Preparing: select count(*) from ACT_RU_VARIABLE 
10:44:56,519 [main] DEBUG org.activiti.engine.impl.TablePageMap.selectTableCount  - ==&gt; Parameters: 
10:44:56,519 [main] DEBUG org.activiti.engine.impl.TablePageMap.selectTableCount  - &lt;==      Total: 1
10:44:56,519 [main] DEBUG org.activiti.engine.impl.persistence.entity.TableDataManager  - Number of rows per activiti table: {ACT_RU_EVENT_SUBSCR=0, ACT_ID_USER=0, ACT_HI_ATTACHMENT=0, ACT_GE_BYTEARRAY=0, ACT_RE_MODEL=0, ACT_RU_VARIABLE=0, ACT_RU_TASK=0, ACT_RE_DEPLOYMENT=0, ACT_RE_PROCDEF=0, ACT_ID_GROUP=0, ACT_HI_VARINST=0, ACT_HI_COMMENT=0, ACT_HI_PROCINST=0, ACT_ID_INFO=0, ACT_ID_MEMBERSHIP=0, ACT_RU_JOB=0, ACT_PROCDEF_INFO=0, ACT_HI_ACTINST=0, ACT_RU_EXECUTION=0, ACT_HI_TASKINST=0, ACT_HI_DETAIL=0, ACT_EVT_LOG=0, ACT_HI_IDENTITYLINK=0, ACT_RU_IDENTITYLINK=0, ACT_GE_PROPERTY=3}
10:44:56,519 [main] DEBUG org.activiti.engine.impl.db.DbSqlSession  - flush summary: 0 insert, 0 update, 0 delete.
10:44:56,519 [main] DEBUG org.activiti.engine.impl.db.DbSqlSession  - now executing flush...
10:44:56,519 [main] DEBUG org.activiti.engine.impl.cfg.standalone.StandaloneMybatisTransactionContext  - firing event committing...
10:44:56,519 [main] DEBUG org.activiti.engine.impl.cfg.standalone.StandaloneMybatisTransactionContext  - committing the ibatis sql session...
10:44:56,519 [main] DEBUG org.activiti.engine.impl.cfg.standalone.StandaloneMybatisTransactionContext  - firing event committed...
10:44:56,519 [main] DEBUG org.apache.ibatis.transaction.jdbc.JdbcTransaction  - Resetting autocommit to true on JDBC Connection [conn4: url=jdbc:h2:mem:activiti user=SA]
10:44:56,519 [main] DEBUG org.apache.ibatis.transaction.jdbc.JdbcTransaction  - Closing JDBC Connection [conn4: url=jdbc:h2:mem:activiti user=SA]
10:44:56,519 [main] DEBUG org.apache.ibatis.datasource.pooled.PooledDataSource  - Returned connection 297240765 to pool.
10:44:56,519 [main] DEBUG org.activiti.engine.impl.interceptor.LogInterceptor  - --- GetTableCountCmd finished --------------------------------------------------------
10:44:56,519 [main] DEBUG org.activiti.engine.impl.interceptor.LogInterceptor  - 

10:44:56,519 [main] INFO  org.activiti.engine.impl.test.PvmTestCase  - database was clean
</system-out>
  </testcase>
  <testcase classname="org.activiti.engine.test.api.identity.GroupQueryTest" name="testQueryByInvalidNameLike" time="0.009">
    <error message="
### Error querying database.  Cause: org.h2.jdbc.JdbcSQLException: Syntax error in SQL statement &quot;SELECT RES.* 
     
    FROM ACT_ID_GROUP RES
     
     WHERE  RES.NAME_ LIKE ? 
   
     ORDER BY  ORDER[*] BY RES.ID_ ASC  
    LIMIT ? OFFSET ? &quot;; expected &quot;=, NOT, EXISTS, INTERSECTS, SELECT, FROM&quot;; SQL statement:
select RES.* 
     
    from ACT_ID_GROUP RES
     
     WHERE  RES.NAME_ like ? 
   
     order by  order by RES.ID_ asc  
    LIMIT ? OFFSET ? [42001-176]
### The error may exist in org/activiti/db/mapping/entity/Group.xml
### The error may involve org.activiti.engine.impl.persistence.entity.GroupEntity.selectGroupByQueryCriteria
### The error occurred while executing a query
### SQL: select RES.*            from ACT_ID_GROUP RES            WHERE  RES.NAME_ like ?           order by  order by RES.ID_ asc       LIMIT ? OFFSET ?
### Cause: org.h2.jdbc.JdbcSQLException: Syntax error in SQL statement &quot;SELECT RES.* 
     
    FROM ACT_ID_GROUP RES
     
     WHERE  RES.NAME_ LIKE ? 
   
     ORDER BY  ORDER[*] BY RES.ID_ ASC  
    LIMIT ? OFFSET ? &quot;; expected &quot;=, NOT, EXISTS, INTERSECTS, SELECT, FROM&quot;; SQL statement:
select RES.* 
     
    from ACT_ID_GROUP RES
     
     WHERE  RES.NAME_ like ? 
   
     order by  order by RES.ID_ asc  
    LIMIT ? OFFSET ? [42001-176]" type="org.apache.ibatis.exceptions.PersistenceException">org.apache.ibatis.exceptions.PersistenceException: 
### Error querying database.  Cause: org.h2.jdbc.JdbcSQLException: Syntax error in SQL statement &quot;SELECT RES.* 
     
    FROM ACT_ID_GROUP RES
     
     WHERE  RES.NAME_ LIKE ? 
   
     ORDER BY  ORDER[*] BY RES.ID_ ASC  
    LIMIT ? OFFSET ? &quot;; expected &quot;=, NOT, EXISTS, INTERSECTS, SELECT, FROM&quot;; SQL statement:
select RES.* 
     
    from ACT_ID_GROUP RES
     
     WHERE  RES.NAME_ like ? 
   
     order by  order by RES.ID_ asc  
    LIMIT ? OFFSET ? [42001-176]
### The error may exist in org/activiti/db/mapping/entity/Group.xml
### The error may involve org.activiti.engine.impl.persistence.entity.GroupEntity.selectGroupByQueryCriteria
### The error occurred while executing a query
### SQL: select RES.*            from ACT_ID_GROUP RES            WHERE  RES.NAME_ like ?           order by  order by RES.ID_ asc       LIMIT ? OFFSET ?
### Cause: org.h2.jdbc.JdbcSQLException: Syntax error in SQL statement &quot;SELECT RES.* 
     
    FROM ACT_ID_GROUP RES
     
     WHERE  RES.NAME_ LIKE ? 
   
     ORDER BY  ORDER[*] BY RES.ID_ ASC  
    LIMIT ? OFFSET ? &quot;; expected &quot;=, NOT, EXISTS, INTERSECTS, SELECT, FROM&quot;; SQL statement:
select RES.* 
     
    from ACT_ID_GROUP RES
     
     WHERE  RES.NAME_ like ? 
   
     order by  order by RES.ID_ asc  
    LIMIT ? OFFSET ? [42001-176]
	at org.apache.ibatis.exceptions.ExceptionFactory.wrapException(ExceptionFactory.java:30)
	at org.apache.ibatis.session.defaults.DefaultSqlSession.selectList(DefaultSqlSession.java:122)
	at org.apache.ibatis.session.defaults.DefaultSqlSession.selectList(DefaultSqlSession.java:113)
	at org.activiti.engine.impl.db.DbSqlSession.selectListWithRawParameter(DbSqlSession.java:438)
	at org.activiti.engine.impl.db.DbSqlSession.selectList(DbSqlSession.java:429)
	at org.activiti.engine.impl.db.DbSqlSession.selectList(DbSqlSession.java:419)
	at org.activiti.engine.impl.persistence.entity.GroupEntityManager.findGroupByQueryCriteria(GroupEntityManager.java:90)
	at org.activiti.engine.impl.GroupQueryImpl.executeList(GroupQueryImpl.java:125)
	at org.activiti.engine.impl.AbstractQuery.execute(AbstractQuery.java:164)
	at org.activiti.engine.impl.interceptor.CommandInvoker.execute(CommandInvoker.java:24)
	at org.activiti.engine.impl.interceptor.CommandContextInterceptor.execute(CommandContextInterceptor.java:57)
	at org.activiti.engine.impl.interceptor.LogInterceptor.execute(LogInterceptor.java:37)
	at org.activiti.engine.impl.cfg.CommandExecutorImpl.execute(CommandExecutorImpl.java:40)
	at org.activiti.engine.impl.cfg.CommandExecutorImpl.execute(CommandExecutorImpl.java:35)
	at org.activiti.engine.impl.AbstractQuery.list(AbstractQuery.java:138)
	at org.activiti.engine.test.api.identity.GroupQueryTest.verifyQueryResults(GroupQueryTest.java:221)
	at org.activiti.engine.test.api.identity.GroupQueryTest.testQueryByInvalidNameLike(GroupQueryTest.java:124)
	at sun.reflect.NativeMethodAccessorImpl.invoke0(Native Method)
	at sun.reflect.NativeMethodAccessorImpl.invoke(NativeMethodAccessorImpl.java:62)
	at sun.reflect.DelegatingMethodAccessorImpl.invoke(DelegatingMethodAccessorImpl.java:43)
	at java.lang.reflect.Method.invoke(Method.java:498)
	at junit.framework.TestCase.runTest(TestCase.java:176)
	at org.activiti.engine.impl.test.PvmTestCase.runTest(PvmTestCase.java:65)
	at junit.framework.TestCase.runBare(TestCase.java:141)
	at org.activiti.engine.impl.test.AbstractActivitiTestCase.runBare(AbstractActivitiTestCase.java:100)
	at junit.framework.TestResult$1.protect(TestResult.java:122)
	at junit.framework.TestResult.runProtected(TestResult.java:142)
	at junit.framework.TestResult.run(TestResult.java:125)
	at junit.framework.TestCase.run(TestCase.java:129)
	at junit.framework.TestSuite.runTest(TestSuite.java:255)
	at junit.framework.TestSuite.run(TestSuite.java:250)
	at org.junit.internal.runners.JUnit38ClassRunner.run(JUnit38ClassRunner.java:84)
	at org.apache.maven.surefire.junit4.JUnit4TestSet.execute(JUnit4TestSet.java:35)
	at org.apache.maven.surefire.junit4.JUnit4Provider.executeTestSet(JUnit4Provider.java:146)
	at org.apache.maven.surefire.junit4.JUnit4Provider.invoke(JUnit4Provider.java:97)
	at sun.reflect.NativeMethodAccessorImpl.invoke0(Native Method)
	at sun.reflect.NativeMethodAccessorImpl.invoke(NativeMethodAccessorImpl.java:62)
	at sun.reflect.DelegatingMethodAccessorImpl.invoke(DelegatingMethodAccessorImpl.java:43)
	at java.lang.reflect.Method.invoke(Method.java:498)
	at org.apache.maven.surefire.booter.ProviderFactory$ClassLoaderProxy.invoke(ProviderFactory.java:103)
	at com.sun.proxy.$Proxy0.invoke(Unknown Source)
	at org.apache.maven.surefire.booter.SurefireStarter.invokeProvider(SurefireStarter.java:145)
	at org.apache.maven.surefire.booter.SurefireStarter.runSuitesInProcess(SurefireStarter.java:87)
	at org.apache.maven.surefire.booter.ForkedBooter.main(ForkedBooter.java:69)
Caused by: org.h2.jdbc.JdbcSQLException: Syntax error in SQL statement &quot;SELECT RES.* 
     
    FROM ACT_ID_GROUP RES
     
     WHERE  RES.NAME_ LIKE ? 
   
     ORDER BY  ORDER[*] BY RES.ID_ ASC  
    LIMIT ? OFFSET ? &quot;; expected &quot;=, NOT, EXISTS, INTERSECTS, SELECT, FROM&quot;; SQL statement:
select RES.* 
     
    from ACT_ID_GROUP RES
     
     WHERE  RES.NAME_ like ? 
   
     order by  order by RES.ID_ asc  
    LIMIT ? OFFSET ? [42001-176]
	at org.h2.message.DbException.getJdbcSQLException(DbException.java:344)
	at org.h2.message.DbException.getSyntaxError(DbException.java:204)
	at org.h2.command.Parser.getSyntaxError(Parser.java:524)
	at org.h2.command.Parser.readTerm(Parser.java:2688)
	at org.h2.command.Parser.readFactor(Parser.java:2244)
	at org.h2.command.Parser.readSum(Parser.java:2231)
	at org.h2.command.Parser.readConcat(Parser.java:2201)
	at org.h2.command.Parser.readCondition(Parser.java:2051)
	at org.h2.command.Parser.readAnd(Parser.java:2023)
	at org.h2.command.Parser.readExpression(Parser.java:2015)
	at org.h2.command.Parser.parseEndOfQuery(Parser.java:1726)
	at org.h2.command.Parser.parseSelectUnionExtension(Parser.java:1706)
	at org.h2.command.Parser.parseSelectUnion(Parser.java:1675)
	at org.h2.command.Parser.parseSelect(Parser.java:1662)
	at org.h2.command.Parser.parsePrepared(Parser.java:434)
	at org.h2.command.Parser.parse(Parser.java:306)
	at org.h2.command.Parser.parse(Parser.java:282)
	at org.h2.command.Parser.prepareCommand(Parser.java:243)
	at org.h2.engine.Session.prepareLocal(Session.java:442)
	at org.h2.engine.Session.prepareCommand(Session.java:384)
	at org.h2.jdbc.JdbcConnection.prepareCommand(JdbcConnection.java:1188)
	at org.h2.jdbc.JdbcPreparedStatement.&lt;init&gt;(JdbcPreparedStatement.java:73)
	at org.h2.jdbc.JdbcConnection.prepareStatement(JdbcConnection.java:276)
	at sun.reflect.GeneratedMethodAccessor6.invoke(Unknown Source)
	at sun.reflect.DelegatingMethodAccessorImpl.invoke(DelegatingMethodAccessorImpl.java:43)
	at java.lang.reflect.Method.invoke(Method.java:498)
	at org.apache.ibatis.datasource.pooled.PooledConnection.invoke(PooledConnection.java:245)
	at com.sun.proxy.$Proxy12.prepareStatement(Unknown Source)
	at sun.reflect.GeneratedMethodAccessor6.invoke(Unknown Source)
	at sun.reflect.DelegatingMethodAccessorImpl.invoke(DelegatingMethodAccessorImpl.java:43)
	at java.lang.reflect.Method.invoke(Method.java:498)
	at org.apache.ibatis.logging.jdbc.ConnectionLogger.invoke(ConnectionLogger.java:55)
	at com.sun.proxy.$Proxy12.prepareStatement(Unknown Source)
	at org.apache.ibatis.executor.statement.PreparedStatementHandler.instantiateStatement(PreparedStatementHandler.java:79)
	at org.apache.ibatis.executor.statement.BaseStatementHandler.prepare(BaseStatementHandler.java:88)
	at org.apache.ibatis.executor.statement.RoutingStatementHandler.prepare(RoutingStatementHandler.java:58)
	at org.apache.ibatis.executor.SimpleExecutor.prepareStatement(SimpleExecutor.java:76)
	at org.apache.ibatis.executor.SimpleExecutor.doQuery(SimpleExecutor.java:61)
	at org.apache.ibatis.executor.BaseExecutor.queryFromDatabase(BaseExecutor.java:303)
	at org.apache.ibatis.executor.BaseExecutor.query(BaseExecutor.java:154)
	at org.apache.ibatis.executor.CachingExecutor.query(CachingExecutor.java:102)
	at org.apache.ibatis.executor.CachingExecutor.query(CachingExecutor.java:82)
	at org.apache.ibatis.session.defaults.DefaultSqlSession.selectList(DefaultSqlSession.java:120)
	... 42 more
</error>
    <system-out>10:44:56,520 [main] DEBUG org.activiti.engine.impl.interceptor.LogInterceptor  - 

10:44:56,520 [main] DEBUG org.activiti.engine.impl.interceptor.LogInterceptor  - --- starting CreateGroupCmd --------------------------------------------------------
10:44:56,520 [main] DEBUG org.activiti.engine.impl.cfg.standalone.StandaloneMybatisTransactionContext  - firing event committing...
10:44:56,520 [main] DEBUG org.activiti.engine.impl.cfg.standalone.StandaloneMybatisTransactionContext  - committing the ibatis sql session...
10:44:56,520 [main] DEBUG org.activiti.engine.impl.cfg.standalone.StandaloneMybatisTransactionContext  - firing event committed...
10:44:56,520 [main] DEBUG org.activiti.engine.impl.interceptor.LogInterceptor  - --- CreateGroupCmd finished --------------------------------------------------------
10:44:56,520 [main] DEBUG org.activiti.engine.impl.interceptor.LogInterceptor  - 

10:44:56,520 [main] DEBUG org.activiti.engine.impl.interceptor.LogInterceptor  - 

10:44:56,520 [main] DEBUG org.activiti.engine.impl.interceptor.LogInterceptor  - --- starting SaveGroupCmd --------------------------------------------------------
10:44:56,520 [main] DEBUG org.activiti.engine.impl.db.DbSqlSession  -   insert org.activiti.engine.impl.persistence.entity.GroupEntity@51a18b21
10:44:56,520 [main] DEBUG org.activiti.engine.impl.db.DbSqlSession  - flush summary: 1 insert, 0 update, 0 delete.
10:44:56,520 [main] DEBUG org.activiti.engine.impl.db.DbSqlSession  - now executing flush...
10:44:56,520 [main] DEBUG org.activiti.engine.impl.db.DbSqlSession  - inserting: org.activiti.engine.impl.persistence.entity.GroupEntity@51a18b21
10:44:56,520 [main] DEBUG org.apache.ibatis.transaction.jdbc.JdbcTransaction  - Opening JDBC Connection
10:44:56,520 [main] DEBUG org.apache.ibatis.datasource.pooled.PooledDataSource  - Checked out connection 363509958 from pool.
10:44:56,520 [main] DEBUG org.apache.ibatis.transaction.jdbc.JdbcTransaction  - Setting autocommit to false on JDBC Connection [conn2: url=jdbc:h2:mem:activiti user=SA]
10:44:56,520 [main] DEBUG org.activiti.engine.impl.persistence.entity.GroupEntity.insertGroup  - ==&gt;  Preparing: insert into ACT_ID_GROUP (ID_, REV_, NAME_, TYPE_) values ( ?, 1, ?, ? ) 
10:44:56,520 [main] DEBUG org.activiti.engine.impl.persistence.entity.GroupEntity.insertGroup  - ==&gt; Parameters: muppets(String), Muppet show characters(String), user(String)
10:44:56,520 [main] DEBUG org.activiti.engine.impl.persistence.entity.GroupEntity.insertGroup  - &lt;==    Updates: 1
10:44:56,520 [main] DEBUG org.activiti.engine.impl.cfg.standalone.StandaloneMybatisTransactionContext  - firing event committing...
10:44:56,520 [main] DEBUG org.activiti.engine.impl.cfg.standalone.StandaloneMybatisTransactionContext  - committing the ibatis sql session...
10:44:56,520 [main] DEBUG org.apache.ibatis.transaction.jdbc.JdbcTransaction  - Committing JDBC Connection [conn2: url=jdbc:h2:mem:activiti user=SA]
10:44:56,520 [main] DEBUG org.activiti.engine.impl.cfg.standalone.StandaloneMybatisTransactionContext  - firing event committed...
10:44:56,520 [main] DEBUG org.apache.ibatis.transaction.jdbc.JdbcTransaction  - Resetting autocommit to true on JDBC Connection [conn2: url=jdbc:h2:mem:activiti user=SA]
10:44:56,520 [main] DEBUG org.apache.ibatis.transaction.jdbc.JdbcTransaction  - Closing JDBC Connection [conn2: url=jdbc:h2:mem:activiti user=SA]
10:44:56,520 [main] DEBUG org.apache.ibatis.datasource.pooled.PooledDataSource  - Returned connection 363509958 to pool.
10:44:56,520 [main] DEBUG org.activiti.engine.impl.interceptor.LogInterceptor  - --- SaveGroupCmd finished --------------------------------------------------------
10:44:56,520 [main] DEBUG org.activiti.engine.impl.interceptor.LogInterceptor  - 

10:44:56,520 [main] DEBUG org.activiti.engine.impl.interceptor.LogInterceptor  - 

10:44:56,520 [main] DEBUG org.activiti.engine.impl.interceptor.LogInterceptor  - --- starting CreateGroupCmd --------------------------------------------------------
10:44:56,520 [main] DEBUG org.activiti.engine.impl.cfg.standalone.StandaloneMybatisTransactionContext  - firing event committing...
10:44:56,520 [main] DEBUG org.activiti.engine.impl.cfg.standalone.StandaloneMybatisTransactionContext  - committing the ibatis sql session...
10:44:56,520 [main] DEBUG org.activiti.engine.impl.cfg.standalone.StandaloneMybatisTransactionContext  - firing event committed...
10:44:56,520 [main] DEBUG org.activiti.engine.impl.interceptor.LogInterceptor  - --- CreateGroupCmd finished --------------------------------------------------------
10:44:56,520 [main] DEBUG org.activiti.engine.impl.interceptor.LogInterceptor  - 

10:44:56,520 [main] DEBUG org.activiti.engine.impl.interceptor.LogInterceptor  - 

10:44:56,520 [main] DEBUG org.activiti.engine.impl.interceptor.LogInterceptor  - --- starting SaveGroupCmd --------------------------------------------------------
10:44:56,520 [main] DEBUG org.activiti.engine.impl.db.DbSqlSession  -   insert org.activiti.engine.impl.persistence.entity.GroupEntity@62b790a5
10:44:56,520 [main] DEBUG org.activiti.engine.impl.db.DbSqlSession  - flush summary: 1 insert, 0 update, 0 delete.
10:44:56,520 [main] DEBUG org.activiti.engine.impl.db.DbSqlSession  - now executing flush...
10:44:56,520 [main] DEBUG org.activiti.engine.impl.db.DbSqlSession  - inserting: org.activiti.engine.impl.persistence.entity.GroupEntity@62b790a5
10:44:56,520 [main] DEBUG org.apache.ibatis.transaction.jdbc.JdbcTransaction  - Opening JDBC Connection
10:44:56,520 [main] DEBUG org.apache.ibatis.datasource.pooled.PooledDataSource  - Checked out connection 180014677 from pool.
10:44:56,520 [main] DEBUG org.apache.ibatis.transaction.jdbc.JdbcTransaction  - Setting autocommit to false on JDBC Connection [conn3: url=jdbc:h2:mem:activiti user=SA]
10:44:56,520 [main] DEBUG org.activiti.engine.impl.persistence.entity.GroupEntity.insertGroup  - ==&gt;  Preparing: insert into ACT_ID_GROUP (ID_, REV_, NAME_, TYPE_) values ( ?, 1, ?, ? ) 
10:44:56,521 [main] DEBUG org.activiti.engine.impl.persistence.entity.GroupEntity.insertGroup  - ==&gt; Parameters: frogs(String), Famous frogs(String), user(String)
10:44:56,521 [main] DEBUG org.activiti.engine.impl.persistence.entity.GroupEntity.insertGroup  - &lt;==    Updates: 1
10:44:56,521 [main] DEBUG org.activiti.engine.impl.cfg.standalone.StandaloneMybatisTransactionContext  - firing event committing...
10:44:56,521 [main] DEBUG org.activiti.engine.impl.cfg.standalone.StandaloneMybatisTransactionContext  - committing the ibatis sql session...
10:44:56,521 [main] DEBUG org.apache.ibatis.transaction.jdbc.JdbcTransaction  - Committing JDBC Connection [conn3: url=jdbc:h2:mem:activiti user=SA]
10:44:56,521 [main] DEBUG org.activiti.engine.impl.cfg.standalone.StandaloneMybatisTransactionContext  - firing event committed...
10:44:56,521 [main] DEBUG org.apache.ibatis.transaction.jdbc.JdbcTransaction  - Resetting autocommit to true on JDBC Connection [conn3: url=jdbc:h2:mem:activiti user=SA]
10:44:56,521 [main] DEBUG org.apache.ibatis.transaction.jdbc.JdbcTransaction  - Closing JDBC Connection [conn3: url=jdbc:h2:mem:activiti user=SA]
10:44:56,521 [main] DEBUG org.apache.ibatis.datasource.pooled.PooledDataSource  - Returned connection 180014677 to pool.
10:44:56,521 [main] DEBUG org.activiti.engine.impl.interceptor.LogInterceptor  - --- SaveGroupCmd finished --------------------------------------------------------
10:44:56,521 [main] DEBUG org.activiti.engine.impl.interceptor.LogInterceptor  - 

10:44:56,521 [main] DEBUG org.activiti.engine.impl.interceptor.LogInterceptor  - 

10:44:56,521 [main] DEBUG org.activiti.engine.impl.interceptor.LogInterceptor  - --- starting CreateGroupCmd --------------------------------------------------------
10:44:56,521 [main] DEBUG org.activiti.engine.impl.cfg.standalone.StandaloneMybatisTransactionContext  - firing event committing...
10:44:56,521 [main] DEBUG org.activiti.engine.impl.cfg.standalone.StandaloneMybatisTransactionContext  - committing the ibatis sql session...
10:44:56,521 [main] DEBUG org.activiti.engine.impl.cfg.standalone.StandaloneMybatisTransactionContext  - firing event committed...
10:44:56,521 [main] DEBUG org.activiti.engine.impl.interceptor.LogInterceptor  - --- CreateGroupCmd finished --------------------------------------------------------
10:44:56,521 [main] DEBUG org.activiti.engine.impl.interceptor.LogInterceptor  - 

10:44:56,521 [main] DEBUG org.activiti.engine.impl.interceptor.LogInterceptor  - 

10:44:56,521 [main] DEBUG org.activiti.engine.impl.interceptor.LogInterceptor  - --- starting SaveGroupCmd --------------------------------------------------------
10:44:56,521 [main] DEBUG org.activiti.engine.impl.db.DbSqlSession  -   insert org.activiti.engine.impl.persistence.entity.GroupEntity@7c52fc81
10:44:56,521 [main] DEBUG org.activiti.engine.impl.db.DbSqlSession  - flush summary: 1 insert, 0 update, 0 delete.
10:44:56,521 [main] DEBUG org.activiti.engine.impl.db.DbSqlSession  - now executing flush...
10:44:56,521 [main] DEBUG org.activiti.engine.impl.db.DbSqlSession  - inserting: org.activiti.engine.impl.persistence.entity.GroupEntity@7c52fc81
10:44:56,521 [main] DEBUG org.apache.ibatis.transaction.jdbc.JdbcTransaction  - Opening JDBC Connection
10:44:56,521 [main] DEBUG org.apache.ibatis.datasource.pooled.PooledDataSource  - Checked out connection 297240765 from pool.
10:44:56,521 [main] DEBUG org.apache.ibatis.transaction.jdbc.JdbcTransaction  - Setting autocommit to false on JDBC Connection [conn4: url=jdbc:h2:mem:activiti user=SA]
10:44:56,521 [main] DEBUG org.activiti.engine.impl.persistence.entity.GroupEntity.insertGroup  - ==&gt;  Preparing: insert into ACT_ID_GROUP (ID_, REV_, NAME_, TYPE_) values ( ?, 1, ?, ? ) 
10:44:56,521 [main] DEBUG org.activiti.engine.impl.persistence.entity.GroupEntity.insertGroup  - ==&gt; Parameters: mammals(String), Famous mammals from eighties(String), user(String)
10:44:56,521 [main] DEBUG org.activiti.engine.impl.persistence.entity.GroupEntity.insertGroup  - &lt;==    Updates: 1
10:44:56,521 [main] DEBUG org.activiti.engine.impl.cfg.standalone.StandaloneMybatisTransactionContext  - firing event committing...
10:44:56,521 [main] DEBUG org.activiti.engine.impl.cfg.standalone.StandaloneMybatisTransactionContext  - committing the ibatis sql session...
10:44:56,521 [main] DEBUG org.apache.ibatis.transaction.jdbc.JdbcTransaction  - Committing JDBC Connection [conn4: url=jdbc:h2:mem:activiti user=SA]
10:44:56,521 [main] DEBUG org.activiti.engine.impl.cfg.standalone.StandaloneMybatisTransactionContext  - firing event committed...
10:44:56,521 [main] DEBUG org.apache.ibatis.transaction.jdbc.JdbcTransaction  - Resetting autocommit to true on JDBC Connection [conn4: url=jdbc:h2:mem:activiti user=SA]
10:44:56,521 [main] DEBUG org.apache.ibatis.transaction.jdbc.JdbcTransaction  - Closing JDBC Connection [conn4: url=jdbc:h2:mem:activiti user=SA]
10:44:56,521 [main] DEBUG org.apache.ibatis.datasource.pooled.PooledDataSource  - Returned connection 297240765 to pool.
10:44:56,521 [main] DEBUG org.activiti.engine.impl.interceptor.LogInterceptor  - --- SaveGroupCmd finished --------------------------------------------------------
10:44:56,521 [main] DEBUG org.activiti.engine.impl.interceptor.LogInterceptor  - 

10:44:56,521 [main] DEBUG org.activiti.engine.impl.interceptor.LogInterceptor  - 

10:44:56,521 [main] DEBUG org.activiti.engine.impl.interceptor.LogInterceptor  - --- starting CreateGroupCmd --------------------------------------------------------
10:44:56,521 [main] DEBUG org.activiti.engine.impl.cfg.standalone.StandaloneMybatisTransactionContext  - firing event committing...
10:44:56,521 [main] DEBUG org.activiti.engine.impl.cfg.standalone.StandaloneMybatisTransactionContext  - committing the ibatis sql session...
10:44:56,521 [main] DEBUG org.activiti.engine.impl.cfg.standalone.StandaloneMybatisTransactionContext  - firing event committed...
10:44:56,521 [main] DEBUG org.activiti.engine.impl.interceptor.LogInterceptor  - --- CreateGroupCmd finished --------------------------------------------------------
10:44:56,521 [main] DEBUG org.activiti.engine.impl.interceptor.LogInterceptor  - 

10:44:56,521 [main] DEBUG org.activiti.engine.impl.interceptor.LogInterceptor  - 

10:44:56,521 [main] DEBUG org.activiti.engine.impl.interceptor.LogInterceptor  - --- starting SaveGroupCmd --------------------------------------------------------
10:44:56,521 [main] DEBUG org.activiti.engine.impl.db.DbSqlSession  -   insert org.activiti.engine.impl.persistence.entity.GroupEntity@7523a3dc
10:44:56,521 [main] DEBUG org.activiti.engine.impl.db.DbSqlSession  - flush summary: 1 insert, 0 update, 0 delete.
10:44:56,521 [main] DEBUG org.activiti.engine.impl.db.DbSqlSession  - now executing flush...
10:44:56,521 [main] DEBUG org.activiti.engine.impl.db.DbSqlSession  - inserting: org.activiti.engine.impl.persistence.entity.GroupEntity@7523a3dc
10:44:56,521 [main] DEBUG org.apache.ibatis.transaction.jdbc.JdbcTransaction  - Opening JDBC Connection
10:44:56,521 [main] DEBUG org.apache.ibatis.datasource.pooled.PooledDataSource  - Checked out connection 363509958 from pool.
10:44:56,521 [main] DEBUG org.apache.ibatis.transaction.jdbc.JdbcTransaction  - Setting autocommit to false on JDBC Connection [conn2: url=jdbc:h2:mem:activiti user=SA]
10:44:56,521 [main] DEBUG org.activiti.engine.impl.persistence.entity.GroupEntity.insertGroup  - ==&gt;  Preparing: insert into ACT_ID_GROUP (ID_, REV_, NAME_, TYPE_) values ( ?, 1, ?, ? ) 
10:44:56,521 [main] DEBUG org.activiti.engine.impl.persistence.entity.GroupEntity.insertGroup  - ==&gt; Parameters: admin(String), Administrators(String), security(String)
10:44:56,521 [main] DEBUG org.activiti.engine.impl.persistence.entity.GroupEntity.insertGroup  - &lt;==    Updates: 1
10:44:56,521 [main] DEBUG org.activiti.engine.impl.cfg.standalone.StandaloneMybatisTransactionContext  - firing event committing...
10:44:56,521 [main] DEBUG org.activiti.engine.impl.cfg.standalone.StandaloneMybatisTransactionContext  - committing the ibatis sql session...
10:44:56,521 [main] DEBUG org.apache.ibatis.transaction.jdbc.JdbcTransaction  - Committing JDBC Connection [conn2: url=jdbc:h2:mem:activiti user=SA]
10:44:56,521 [main] DEBUG org.activiti.engine.impl.cfg.standalone.StandaloneMybatisTransactionContext  - firing event committed...
10:44:56,521 [main] DEBUG org.apache.ibatis.transaction.jdbc.JdbcTransaction  - Resetting autocommit to true on JDBC Connection [conn2: url=jdbc:h2:mem:activiti user=SA]
10:44:56,521 [main] DEBUG org.apache.ibatis.transaction.jdbc.JdbcTransaction  - Closing JDBC Connection [conn2: url=jdbc:h2:mem:activiti user=SA]
10:44:56,521 [main] DEBUG org.apache.ibatis.datasource.pooled.PooledDataSource  - Returned connection 363509958 to pool.
10:44:56,521 [main] DEBUG org.activiti.engine.impl.interceptor.LogInterceptor  - --- SaveGroupCmd finished --------------------------------------------------------
10:44:56,521 [main] DEBUG org.activiti.engine.impl.interceptor.LogInterceptor  - 

10:44:56,521 [main] DEBUG org.activiti.engine.impl.interceptor.LogInterceptor  - 

10:44:56,521 [main] DEBUG org.activiti.engine.impl.interceptor.LogInterceptor  - --- starting CreateUserCmd --------------------------------------------------------
10:44:56,521 [main] DEBUG org.activiti.engine.impl.cfg.standalone.StandaloneMybatisTransactionContext  - firing event committing...
10:44:56,521 [main] DEBUG org.activiti.engine.impl.cfg.standalone.StandaloneMybatisTransactionContext  - committing the ibatis sql session...
10:44:56,521 [main] DEBUG org.activiti.engine.impl.cfg.standalone.StandaloneMybatisTransactionContext  - firing event committed...
10:44:56,521 [main] DEBUG org.activiti.engine.impl.interceptor.LogInterceptor  - --- CreateUserCmd finished --------------------------------------------------------
10:44:56,521 [main] DEBUG org.activiti.engine.impl.interceptor.LogInterceptor  - 

10:44:56,521 [main] DEBUG org.activiti.engine.impl.interceptor.LogInterceptor  - 

10:44:56,521 [main] DEBUG org.activiti.engine.impl.interceptor.LogInterceptor  - --- starting SaveUserCmd --------------------------------------------------------
10:44:56,521 [main] DEBUG org.activiti.engine.impl.db.DbSqlSession  -   insert org.activiti.engine.impl.persistence.entity.UserEntity@2806d6da
10:44:56,521 [main] DEBUG org.activiti.engine.impl.db.DbSqlSession  - flush summary: 1 insert, 0 update, 0 delete.
10:44:56,521 [main] DEBUG org.activiti.engine.impl.db.DbSqlSession  - now executing flush...
10:44:56,521 [main] DEBUG org.activiti.engine.impl.db.DbSqlSession  - inserting: org.activiti.engine.impl.persistence.entity.UserEntity@2806d6da
10:44:56,521 [main] DEBUG org.apache.ibatis.transaction.jdbc.JdbcTransaction  - Opening JDBC Connection
10:44:56,521 [main] DEBUG org.apache.ibatis.datasource.pooled.PooledDataSource  - Checked out connection 180014677 from pool.
10:44:56,521 [main] DEBUG org.apache.ibatis.transaction.jdbc.JdbcTransaction  - Setting autocommit to false on JDBC Connection [conn3: url=jdbc:h2:mem:activiti user=SA]
10:44:56,521 [main] DEBUG org.activiti.engine.impl.persistence.entity.UserEntity.insertUser  - ==&gt;  Preparing: insert into ACT_ID_USER (ID_, REV_, FIRST_, LAST_, EMAIL_, PWD_) values ( ?, 1, ?, ?, ?, ? ) 
10:44:56,521 [main] DEBUG org.activiti.engine.impl.persistence.entity.UserEntity.insertUser  - ==&gt; Parameters: kermit(String), null, null, null, null
10:44:56,521 [main] DEBUG org.activiti.engine.impl.persistence.entity.UserEntity.insertUser  - &lt;==    Updates: 1
10:44:56,521 [main] DEBUG org.activiti.engine.impl.cfg.standalone.StandaloneMybatisTransactionContext  - firing event committing...
10:44:56,521 [main] DEBUG org.activiti.engine.impl.cfg.standalone.StandaloneMybatisTransactionContext  - committing the ibatis sql session...
10:44:56,521 [main] DEBUG org.apache.ibatis.transaction.jdbc.JdbcTransaction  - Committing JDBC Connection [conn3: url=jdbc:h2:mem:activiti user=SA]
10:44:56,521 [main] DEBUG org.activiti.engine.impl.cfg.standalone.StandaloneMybatisTransactionContext  - firing event committed...
10:44:56,521 [main] DEBUG org.apache.ibatis.transaction.jdbc.JdbcTransaction  - Resetting autocommit to true on JDBC Connection [conn3: url=jdbc:h2:mem:activiti user=SA]
10:44:56,521 [main] DEBUG org.apache.ibatis.transaction.jdbc.JdbcTransaction  - Closing JDBC Connection [conn3: url=jdbc:h2:mem:activiti user=SA]
10:44:56,521 [main] DEBUG org.apache.ibatis.datasource.pooled.PooledDataSource  - Returned connection 180014677 to pool.
10:44:56,521 [main] DEBUG org.activiti.engine.impl.interceptor.LogInterceptor  - --- SaveUserCmd finished --------------------------------------------------------
10:44:56,521 [main] DEBUG org.activiti.engine.impl.interceptor.LogInterceptor  - 

10:44:56,521 [main] DEBUG org.activiti.engine.impl.interceptor.LogInterceptor  - 

10:44:56,521 [main] DEBUG org.activiti.engine.impl.interceptor.LogInterceptor  - --- starting CreateUserCmd --------------------------------------------------------
10:44:56,521 [main] DEBUG org.activiti.engine.impl.cfg.standalone.StandaloneMybatisTransactionContext  - firing event committing...
10:44:56,521 [main] DEBUG org.activiti.engine.impl.cfg.standalone.StandaloneMybatisTransactionContext  - committing the ibatis sql session...
10:44:56,521 [main] DEBUG org.activiti.engine.impl.cfg.standalone.StandaloneMybatisTransactionContext  - firing event committed...
10:44:56,521 [main] DEBUG org.activiti.engine.impl.interceptor.LogInterceptor  - --- CreateUserCmd finished --------------------------------------------------------
10:44:56,521 [main] DEBUG org.activiti.engine.impl.interceptor.LogInterceptor  - 

10:44:56,521 [main] DEBUG org.activiti.engine.impl.interceptor.LogInterceptor  - 

10:44:56,521 [main] DEBUG org.activiti.engine.impl.interceptor.LogInterceptor  - --- starting SaveUserCmd --------------------------------------------------------
10:44:56,521 [main] DEBUG org.activiti.engine.impl.db.DbSqlSession  -   insert org.activiti.engine.impl.persistence.entity.UserEntity@766a49c7
10:44:56,521 [main] DEBUG org.activiti.engine.impl.db.DbSqlSession  - flush summary: 1 insert, 0 update, 0 delete.
10:44:56,521 [main] DEBUG org.activiti.engine.impl.db.DbSqlSession  - now executing flush...
10:44:56,521 [main] DEBUG org.activiti.engine.impl.db.DbSqlSession  - inserting: org.activiti.engine.impl.persistence.entity.UserEntity@766a49c7
10:44:56,521 [main] DEBUG org.apache.ibatis.transaction.jdbc.JdbcTransaction  - Opening JDBC Connection
10:44:56,521 [main] DEBUG org.apache.ibatis.datasource.pooled.PooledDataSource  - Checked out connection 297240765 from pool.
10:44:56,521 [main] DEBUG org.apache.ibatis.transaction.jdbc.JdbcTransaction  - Setting autocommit to false on JDBC Connection [conn4: url=jdbc:h2:mem:activiti user=SA]
10:44:56,521 [main] DEBUG org.activiti.engine.impl.persistence.entity.UserEntity.insertUser  - ==&gt;  Preparing: insert into ACT_ID_USER (ID_, REV_, FIRST_, LAST_, EMAIL_, PWD_) values ( ?, 1, ?, ?, ?, ? ) 
10:44:56,521 [main] DEBUG org.activiti.engine.impl.persistence.entity.UserEntity.insertUser  - ==&gt; Parameters: fozzie(String), null, null, null, null
10:44:56,521 [main] DEBUG org.activiti.engine.impl.persistence.entity.UserEntity.insertUser  - &lt;==    Updates: 1
10:44:56,521 [main] DEBUG org.activiti.engine.impl.cfg.standalone.StandaloneMybatisTransactionContext  - firing event committing...
10:44:56,521 [main] DEBUG org.activiti.engine.impl.cfg.standalone.StandaloneMybatisTransactionContext  - committing the ibatis sql session...
10:44:56,521 [main] DEBUG org.apache.ibatis.transaction.jdbc.JdbcTransaction  - Committing JDBC Connection [conn4: url=jdbc:h2:mem:activiti user=SA]
10:44:56,521 [main] DEBUG org.activiti.engine.impl.cfg.standalone.StandaloneMybatisTransactionContext  - firing event committed...
10:44:56,521 [main] DEBUG org.apache.ibatis.transaction.jdbc.JdbcTransaction  - Resetting autocommit to true on JDBC Connection [conn4: url=jdbc:h2:mem:activiti user=SA]
10:44:56,521 [main] DEBUG org.apache.ibatis.transaction.jdbc.JdbcTransaction  - Closing JDBC Connection [conn4: url=jdbc:h2:mem:activiti user=SA]
10:44:56,521 [main] DEBUG org.apache.ibatis.datasource.pooled.PooledDataSource  - Returned connection 297240765 to pool.
10:44:56,521 [main] DEBUG org.activiti.engine.impl.interceptor.LogInterceptor  - --- SaveUserCmd finished --------------------------------------------------------
10:44:56,521 [main] DEBUG org.activiti.engine.impl.interceptor.LogInterceptor  - 

10:44:56,521 [main] DEBUG org.activiti.engine.impl.interceptor.LogInterceptor  - 

10:44:56,521 [main] DEBUG org.activiti.engine.impl.interceptor.LogInterceptor  - --- starting CreateUserCmd --------------------------------------------------------
10:44:56,521 [main] DEBUG org.activiti.engine.impl.cfg.standalone.StandaloneMybatisTransactionContext  - firing event committing...
10:44:56,521 [main] DEBUG org.activiti.engine.impl.cfg.standalone.StandaloneMybatisTransactionContext  - committing the ibatis sql session...
10:44:56,521 [main] DEBUG org.activiti.engine.impl.cfg.standalone.StandaloneMybatisTransactionContext  - firing event committed...
10:44:56,521 [main] DEBUG org.activiti.engine.impl.interceptor.LogInterceptor  - --- CreateUserCmd finished --------------------------------------------------------
10:44:56,521 [main] DEBUG org.activiti.engine.impl.interceptor.LogInterceptor  - 

10:44:56,521 [main] DEBUG org.activiti.engine.impl.interceptor.LogInterceptor  - 

10:44:56,521 [main] DEBUG org.activiti.engine.impl.interceptor.LogInterceptor  - --- starting SaveUserCmd --------------------------------------------------------
10:44:56,521 [main] DEBUG org.activiti.engine.impl.db.DbSqlSession  -   insert org.activiti.engine.impl.persistence.entity.UserEntity@1db7157f
10:44:56,521 [main] DEBUG org.activiti.engine.impl.db.DbSqlSession  - flush summary: 1 insert, 0 update, 0 delete.
10:44:56,521 [main] DEBUG org.activiti.engine.impl.db.DbSqlSession  - now executing flush...
10:44:56,521 [main] DEBUG org.activiti.engine.impl.db.DbSqlSession  - inserting: org.activiti.engine.impl.persistence.entity.UserEntity@1db7157f
10:44:56,521 [main] DEBUG org.apache.ibatis.transaction.jdbc.JdbcTransaction  - Opening JDBC Connection
10:44:56,521 [main] DEBUG org.apache.ibatis.datasource.pooled.PooledDataSource  - Checked out connection 363509958 from pool.
10:44:56,521 [main] DEBUG org.apache.ibatis.transaction.jdbc.JdbcTransaction  - Setting autocommit to false on JDBC Connection [conn2: url=jdbc:h2:mem:activiti user=SA]
10:44:56,521 [main] DEBUG org.activiti.engine.impl.persistence.entity.UserEntity.insertUser  - ==&gt;  Preparing: insert into ACT_ID_USER (ID_, REV_, FIRST_, LAST_, EMAIL_, PWD_) values ( ?, 1, ?, ?, ?, ? ) 
10:44:56,521 [main] DEBUG org.activiti.engine.impl.persistence.entity.UserEntity.insertUser  - ==&gt; Parameters: mispiggy(String), null, null, null, null
10:44:56,521 [main] DEBUG org.activiti.engine.impl.persistence.entity.UserEntity.insertUser  - &lt;==    Updates: 1
10:44:56,521 [main] DEBUG org.activiti.engine.impl.cfg.standalone.StandaloneMybatisTransactionContext  - firing event committing...
10:44:56,521 [main] DEBUG org.activiti.engine.impl.cfg.standalone.StandaloneMybatisTransactionContext  - committing the ibatis sql session...
10:44:56,521 [main] DEBUG org.apache.ibatis.transaction.jdbc.JdbcTransaction  - Committing JDBC Connection [conn2: url=jdbc:h2:mem:activiti user=SA]
10:44:56,521 [main] DEBUG org.activiti.engine.impl.cfg.standalone.StandaloneMybatisTransactionContext  - firing event committed...
10:44:56,521 [main] DEBUG org.apache.ibatis.transaction.jdbc.JdbcTransaction  - Resetting autocommit to true on JDBC Connection [conn2: url=jdbc:h2:mem:activiti user=SA]
10:44:56,521 [main] DEBUG org.apache.ibatis.transaction.jdbc.JdbcTransaction  - Closing JDBC Connection [conn2: url=jdbc:h2:mem:activiti user=SA]
10:44:56,521 [main] DEBUG org.apache.ibatis.datasource.pooled.PooledDataSource  - Returned connection 363509958 to pool.
10:44:56,521 [main] DEBUG org.activiti.engine.impl.interceptor.LogInterceptor  - --- SaveUserCmd finished --------------------------------------------------------
10:44:56,521 [main] DEBUG org.activiti.engine.impl.interceptor.LogInterceptor  - 

10:44:56,521 [main] DEBUG org.activiti.engine.impl.interceptor.LogInterceptor  - 

10:44:56,521 [main] DEBUG org.activiti.engine.impl.interceptor.LogInterceptor  - --- starting CreateMembershipCmd --------------------------------------------------------
10:44:56,521 [main] DEBUG org.activiti.engine.impl.db.DbSqlSession  -   insert org.activiti.engine.impl.persistence.entity.MembershipEntity@75e27856
10:44:56,521 [main] DEBUG org.activiti.engine.impl.db.DbSqlSession  - flush summary: 1 insert, 0 update, 0 delete.
10:44:56,521 [main] DEBUG org.activiti.engine.impl.db.DbSqlSession  - now executing flush...
10:44:56,521 [main] DEBUG org.activiti.engine.impl.db.DbSqlSession  - inserting: org.activiti.engine.impl.persistence.entity.MembershipEntity@75e27856
10:44:56,521 [main] DEBUG org.apache.ibatis.transaction.jdbc.JdbcTransaction  - Opening JDBC Connection
10:44:56,521 [main] DEBUG org.apache.ibatis.datasource.pooled.PooledDataSource  - Checked out connection 180014677 from pool.
10:44:56,521 [main] DEBUG org.apache.ibatis.transaction.jdbc.JdbcTransaction  - Setting autocommit to false on JDBC Connection [conn3: url=jdbc:h2:mem:activiti user=SA]
10:44:56,521 [main] DEBUG org.activiti.engine.impl.persistence.entity.MembershipRelation.insertMembership  - ==&gt;  Preparing: insert into ACT_ID_MEMBERSHIP (USER_ID_, GROUP_ID_) values ( ?, ? ) 
10:44:56,521 [main] DEBUG org.activiti.engine.impl.persistence.entity.MembershipRelation.insertMembership  - ==&gt; Parameters: kermit(String), muppets(String)
10:44:56,521 [main] DEBUG org.activiti.engine.impl.persistence.entity.MembershipRelation.insertMembership  - &lt;==    Updates: 1
10:44:56,522 [main] DEBUG org.activiti.engine.impl.cfg.standalone.StandaloneMybatisTransactionContext  - firing event committing...
10:44:56,522 [main] DEBUG org.activiti.engine.impl.cfg.standalone.StandaloneMybatisTransactionContext  - committing the ibatis sql session...
10:44:56,522 [main] DEBUG org.apache.ibatis.transaction.jdbc.JdbcTransaction  - Committing JDBC Connection [conn3: url=jdbc:h2:mem:activiti user=SA]
10:44:56,522 [main] DEBUG org.activiti.engine.impl.cfg.standalone.StandaloneMybatisTransactionContext  - firing event committed...
10:44:56,522 [main] DEBUG org.apache.ibatis.transaction.jdbc.JdbcTransaction  - Resetting autocommit to true on JDBC Connection [conn3: url=jdbc:h2:mem:activiti user=SA]
10:44:56,522 [main] DEBUG org.apache.ibatis.transaction.jdbc.JdbcTransaction  - Closing JDBC Connection [conn3: url=jdbc:h2:mem:activiti user=SA]
10:44:56,522 [main] DEBUG org.apache.ibatis.datasource.pooled.PooledDataSource  - Returned connection 180014677 to pool.
10:44:56,522 [main] DEBUG org.activiti.engine.impl.interceptor.LogInterceptor  - --- CreateMembershipCmd finished --------------------------------------------------------
10:44:56,522 [main] DEBUG org.activiti.engine.impl.interceptor.LogInterceptor  - 

10:44:56,522 [main] DEBUG org.activiti.engine.impl.interceptor.LogInterceptor  - 

10:44:56,522 [main] DEBUG org.activiti.engine.impl.interceptor.LogInterceptor  - --- starting CreateMembershipCmd --------------------------------------------------------
10:44:56,522 [main] DEBUG org.activiti.engine.impl.db.DbSqlSession  -   insert org.activiti.engine.impl.persistence.entity.MembershipEntity@6bccd036
10:44:56,522 [main] DEBUG org.activiti.engine.impl.db.DbSqlSession  - flush summary: 1 insert, 0 update, 0 delete.
10:44:56,522 [main] DEBUG org.activiti.engine.impl.db.DbSqlSession  - now executing flush...
10:44:56,522 [main] DEBUG org.activiti.engine.impl.db.DbSqlSession  - inserting: org.activiti.engine.impl.persistence.entity.MembershipEntity@6bccd036
10:44:56,522 [main] DEBUG org.apache.ibatis.transaction.jdbc.JdbcTransaction  - Opening JDBC Connection
10:44:56,522 [main] DEBUG org.apache.ibatis.datasource.pooled.PooledDataSource  - Checked out connection 297240765 from pool.
10:44:56,522 [main] DEBUG org.apache.ibatis.transaction.jdbc.JdbcTransaction  - Setting autocommit to false on JDBC Connection [conn4: url=jdbc:h2:mem:activiti user=SA]
10:44:56,522 [main] DEBUG org.activiti.engine.impl.persistence.entity.MembershipRelation.insertMembership  - ==&gt;  Preparing: insert into ACT_ID_MEMBERSHIP (USER_ID_, GROUP_ID_) values ( ?, ? ) 
10:44:56,522 [main] DEBUG org.activiti.engine.impl.persistence.entity.MembershipRelation.insertMembership  - ==&gt; Parameters: fozzie(String), muppets(String)
10:44:56,522 [main] DEBUG org.activiti.engine.impl.persistence.entity.MembershipRelation.insertMembership  - &lt;==    Updates: 1
10:44:56,522 [main] DEBUG org.activiti.engine.impl.cfg.standalone.StandaloneMybatisTransactionContext  - firing event committing...
10:44:56,522 [main] DEBUG org.activiti.engine.impl.cfg.standalone.StandaloneMybatisTransactionContext  - committing the ibatis sql session...
10:44:56,522 [main] DEBUG org.apache.ibatis.transaction.jdbc.JdbcTransaction  - Committing JDBC Connection [conn4: url=jdbc:h2:mem:activiti user=SA]
10:44:56,522 [main] DEBUG org.activiti.engine.impl.cfg.standalone.StandaloneMybatisTransactionContext  - firing event committed...
10:44:56,522 [main] DEBUG org.apache.ibatis.transaction.jdbc.JdbcTransaction  - Resetting autocommit to true on JDBC Connection [conn4: url=jdbc:h2:mem:activiti user=SA]
10:44:56,522 [main] DEBUG org.apache.ibatis.transaction.jdbc.JdbcTransaction  - Closing JDBC Connection [conn4: url=jdbc:h2:mem:activiti user=SA]
10:44:56,522 [main] DEBUG org.apache.ibatis.datasource.pooled.PooledDataSource  - Returned connection 297240765 to pool.
10:44:56,522 [main] DEBUG org.activiti.engine.impl.interceptor.LogInterceptor  - --- CreateMembershipCmd finished --------------------------------------------------------
10:44:56,522 [main] DEBUG org.activiti.engine.impl.interceptor.LogInterceptor  - 

10:44:56,522 [main] DEBUG org.activiti.engine.impl.interceptor.LogInterceptor  - 

10:44:56,522 [main] DEBUG org.activiti.engine.impl.interceptor.LogInterceptor  - --- starting CreateMembershipCmd --------------------------------------------------------
10:44:56,522 [main] DEBUG org.activiti.engine.impl.db.DbSqlSession  -   insert org.activiti.engine.impl.persistence.entity.MembershipEntity@4f4c88f9
10:44:56,522 [main] DEBUG org.activiti.engine.impl.db.DbSqlSession  - flush summary: 1 insert, 0 update, 0 delete.
10:44:56,522 [main] DEBUG org.activiti.engine.impl.db.DbSqlSession  - now executing flush...
10:44:56,522 [main] DEBUG org.activiti.engine.impl.db.DbSqlSession  - inserting: org.activiti.engine.impl.persistence.entity.MembershipEntity@4f4c88f9
10:44:56,522 [main] DEBUG org.apache.ibatis.transaction.jdbc.JdbcTransaction  - Opening JDBC Connection
10:44:56,522 [main] DEBUG org.apache.ibatis.datasource.pooled.PooledDataSource  - Checked out connection 363509958 from pool.
10:44:56,522 [main] DEBUG org.apache.ibatis.transaction.jdbc.JdbcTransaction  - Setting autocommit to false on JDBC Connection [conn2: url=jdbc:h2:mem:activiti user=SA]
10:44:56,522 [main] DEBUG org.activiti.engine.impl.persistence.entity.MembershipRelation.insertMembership  - ==&gt;  Preparing: insert into ACT_ID_MEMBERSHIP (USER_ID_, GROUP_ID_) values ( ?, ? ) 
10:44:56,522 [main] DEBUG org.activiti.engine.impl.persistence.entity.MembershipRelation.insertMembership  - ==&gt; Parameters: mispiggy(String), muppets(String)
10:44:56,522 [main] DEBUG org.activiti.engine.impl.persistence.entity.MembershipRelation.insertMembership  - &lt;==    Updates: 1
10:44:56,522 [main] DEBUG org.activiti.engine.impl.cfg.standalone.StandaloneMybatisTransactionContext  - firing event committing...
10:44:56,522 [main] DEBUG org.activiti.engine.impl.cfg.standalone.StandaloneMybatisTransactionContext  - committing the ibatis sql session...
10:44:56,522 [main] DEBUG org.apache.ibatis.transaction.jdbc.JdbcTransaction  - Committing JDBC Connection [conn2: url=jdbc:h2:mem:activiti user=SA]
10:44:56,522 [main] DEBUG org.activiti.engine.impl.cfg.standalone.StandaloneMybatisTransactionContext  - firing event committed...
10:44:56,522 [main] DEBUG org.apache.ibatis.transaction.jdbc.JdbcTransaction  - Resetting autocommit to true on JDBC Connection [conn2: url=jdbc:h2:mem:activiti user=SA]
10:44:56,522 [main] DEBUG org.apache.ibatis.transaction.jdbc.JdbcTransaction  - Closing JDBC Connection [conn2: url=jdbc:h2:mem:activiti user=SA]
10:44:56,522 [main] DEBUG org.apache.ibatis.datasource.pooled.PooledDataSource  - Returned connection 363509958 to pool.
10:44:56,522 [main] DEBUG org.activiti.engine.impl.interceptor.LogInterceptor  - --- CreateMembershipCmd finished --------------------------------------------------------
10:44:56,522 [main] DEBUG org.activiti.engine.impl.interceptor.LogInterceptor  - 

10:44:56,522 [main] DEBUG org.activiti.engine.impl.interceptor.LogInterceptor  - 

10:44:56,522 [main] DEBUG org.activiti.engine.impl.interceptor.LogInterceptor  - --- starting CreateMembershipCmd --------------------------------------------------------
10:44:56,522 [main] DEBUG org.activiti.engine.impl.db.DbSqlSession  -   insert org.activiti.engine.impl.persistence.entity.MembershipEntity@6a756082
10:44:56,522 [main] DEBUG org.activiti.engine.impl.db.DbSqlSession  - flush summary: 1 insert, 0 update, 0 delete.
10:44:56,522 [main] DEBUG org.activiti.engine.impl.db.DbSqlSession  - now executing flush...
10:44:56,522 [main] DEBUG org.activiti.engine.impl.db.DbSqlSession  - inserting: org.activiti.engine.impl.persistence.entity.MembershipEntity@6a756082
10:44:56,522 [main] DEBUG org.apache.ibatis.transaction.jdbc.JdbcTransaction  - Opening JDBC Connection
10:44:56,522 [main] DEBUG org.apache.ibatis.datasource.pooled.PooledDataSource  - Checked out connection 180014677 from pool.
10:44:56,522 [main] DEBUG org.apache.ibatis.transaction.jdbc.JdbcTransaction  - Setting autocommit to false on JDBC Connection [conn3: url=jdbc:h2:mem:activiti user=SA]
10:44:56,522 [main] DEBUG org.activiti.engine.impl.persistence.entity.MembershipRelation.insertMembership  - ==&gt;  Preparing: insert into ACT_ID_MEMBERSHIP (USER_ID_, GROUP_ID_) values ( ?, ? ) 
10:44:56,522 [main] DEBUG org.activiti.engine.impl.persistence.entity.MembershipRelation.insertMembership  - ==&gt; Parameters: kermit(String), frogs(String)
10:44:56,522 [main] DEBUG org.activiti.engine.impl.persistence.entity.MembershipRelation.insertMembership  - &lt;==    Updates: 1
10:44:56,522 [main] DEBUG org.activiti.engine.impl.cfg.standalone.StandaloneMybatisTransactionContext  - firing event committing...
10:44:56,522 [main] DEBUG org.activiti.engine.impl.cfg.standalone.StandaloneMybatisTransactionContext  - committing the ibatis sql session...
10:44:56,522 [main] DEBUG org.apache.ibatis.transaction.jdbc.JdbcTransaction  - Committing JDBC Connection [conn3: url=jdbc:h2:mem:activiti user=SA]
10:44:56,522 [main] DEBUG org.activiti.engine.impl.cfg.standalone.StandaloneMybatisTransactionContext  - firing event committed...
10:44:56,522 [main] DEBUG org.apache.ibatis.transaction.jdbc.JdbcTransaction  - Resetting autocommit to true on JDBC Connection [conn3: url=jdbc:h2:mem:activiti user=SA]
10:44:56,522 [main] DEBUG org.apache.ibatis.transaction.jdbc.JdbcTransaction  - Closing JDBC Connection [conn3: url=jdbc:h2:mem:activiti user=SA]
10:44:56,522 [main] DEBUG org.apache.ibatis.datasource.pooled.PooledDataSource  - Returned connection 180014677 to pool.
10:44:56,522 [main] DEBUG org.activiti.engine.impl.interceptor.LogInterceptor  - --- CreateMembershipCmd finished --------------------------------------------------------
10:44:56,522 [main] DEBUG org.activiti.engine.impl.interceptor.LogInterceptor  - 

10:44:56,522 [main] DEBUG org.activiti.engine.impl.interceptor.LogInterceptor  - 

10:44:56,522 [main] DEBUG org.activiti.engine.impl.interceptor.LogInterceptor  - --- starting CreateMembershipCmd --------------------------------------------------------
10:44:56,522 [main] DEBUG org.activiti.engine.impl.db.DbSqlSession  -   insert org.activiti.engine.impl.persistence.entity.MembershipEntity@cb39552
10:44:56,522 [main] DEBUG org.activiti.engine.impl.db.DbSqlSession  - flush summary: 1 insert, 0 update, 0 delete.
10:44:56,522 [main] DEBUG org.activiti.engine.impl.db.DbSqlSession  - now executing flush...
10:44:56,522 [main] DEBUG org.activiti.engine.impl.db.DbSqlSession  - inserting: org.activiti.engine.impl.persistence.entity.MembershipEntity@cb39552
10:44:56,522 [main] DEBUG org.apache.ibatis.transaction.jdbc.JdbcTransaction  - Opening JDBC Connection
10:44:56,522 [main] DEBUG org.apache.ibatis.datasource.pooled.PooledDataSource  - Checked out connection 297240765 from pool.
10:44:56,522 [main] DEBUG org.apache.ibatis.transaction.jdbc.JdbcTransaction  - Setting autocommit to false on JDBC Connection [conn4: url=jdbc:h2:mem:activiti user=SA]
10:44:56,522 [main] DEBUG org.activiti.engine.impl.persistence.entity.MembershipRelation.insertMembership  - ==&gt;  Preparing: insert into ACT_ID_MEMBERSHIP (USER_ID_, GROUP_ID_) values ( ?, ? ) 
10:44:56,522 [main] DEBUG org.activiti.engine.impl.persistence.entity.MembershipRelation.insertMembership  - ==&gt; Parameters: fozzie(String), mammals(String)
10:44:56,522 [main] DEBUG org.activiti.engine.impl.persistence.entity.MembershipRelation.insertMembership  - &lt;==    Updates: 1
10:44:56,522 [main] DEBUG org.activiti.engine.impl.cfg.standalone.StandaloneMybatisTransactionContext  - firing event committing...
10:44:56,522 [main] DEBUG org.activiti.engine.impl.cfg.standalone.StandaloneMybatisTransactionContext  - committing the ibatis sql session...
10:44:56,522 [main] DEBUG org.apache.ibatis.transaction.jdbc.JdbcTransaction  - Committing JDBC Connection [conn4: url=jdbc:h2:mem:activiti user=SA]
10:44:56,522 [main] DEBUG org.activiti.engine.impl.cfg.standalone.StandaloneMybatisTransactionContext  - firing event committed...
10:44:56,522 [main] DEBUG org.apache.ibatis.transaction.jdbc.JdbcTransaction  - Resetting autocommit to true on JDBC Connection [conn4: url=jdbc:h2:mem:activiti user=SA]
10:44:56,522 [main] DEBUG org.apache.ibatis.transaction.jdbc.JdbcTransaction  - Closing JDBC Connection [conn4: url=jdbc:h2:mem:activiti user=SA]
10:44:56,522 [main] DEBUG org.apache.ibatis.datasource.pooled.PooledDataSource  - Returned connection 297240765 to pool.
10:44:56,522 [main] DEBUG org.activiti.engine.impl.interceptor.LogInterceptor  - --- CreateMembershipCmd finished --------------------------------------------------------
10:44:56,522 [main] DEBUG org.activiti.engine.impl.interceptor.LogInterceptor  - 

10:44:56,522 [main] DEBUG org.activiti.engine.impl.interceptor.LogInterceptor  - 

10:44:56,522 [main] DEBUG org.activiti.engine.impl.interceptor.LogInterceptor  - --- starting CreateMembershipCmd --------------------------------------------------------
10:44:56,522 [main] DEBUG org.activiti.engine.impl.db.DbSqlSession  -   insert org.activiti.engine.impl.persistence.entity.MembershipEntity@1f3b992
10:44:56,522 [main] DEBUG org.activiti.engine.impl.db.DbSqlSession  - flush summary: 1 insert, 0 update, 0 delete.
10:44:56,522 [main] DEBUG org.activiti.engine.impl.db.DbSqlSession  - now executing flush...
10:44:56,522 [main] DEBUG org.activiti.engine.impl.db.DbSqlSession  - inserting: org.activiti.engine.impl.persistence.entity.MembershipEntity@1f3b992
10:44:56,522 [main] DEBUG org.apache.ibatis.transaction.jdbc.JdbcTransaction  - Opening JDBC Connection
10:44:56,522 [main] DEBUG org.apache.ibatis.datasource.pooled.PooledDataSource  - Checked out connection 363509958 from pool.
10:44:56,522 [main] DEBUG org.apache.ibatis.transaction.jdbc.JdbcTransaction  - Setting autocommit to false on JDBC Connection [conn2: url=jdbc:h2:mem:activiti user=SA]
10:44:56,522 [main] DEBUG org.activiti.engine.impl.persistence.entity.MembershipRelation.insertMembership  - ==&gt;  Preparing: insert into ACT_ID_MEMBERSHIP (USER_ID_, GROUP_ID_) values ( ?, ? ) 
10:44:56,522 [main] DEBUG org.activiti.engine.impl.persistence.entity.MembershipRelation.insertMembership  - ==&gt; Parameters: mispiggy(String), mammals(String)
10:44:56,522 [main] DEBUG org.activiti.engine.impl.persistence.entity.MembershipRelation.insertMembership  - &lt;==    Updates: 1
10:44:56,522 [main] DEBUG org.activiti.engine.impl.cfg.standalone.StandaloneMybatisTransactionContext  - firing event committing...
10:44:56,522 [main] DEBUG org.activiti.engine.impl.cfg.standalone.StandaloneMybatisTransactionContext  - committing the ibatis sql session...
10:44:56,522 [main] DEBUG org.apache.ibatis.transaction.jdbc.JdbcTransaction  - Committing JDBC Connection [conn2: url=jdbc:h2:mem:activiti user=SA]
10:44:56,522 [main] DEBUG org.activiti.engine.impl.cfg.standalone.StandaloneMybatisTransactionContext  - firing event committed...
10:44:56,522 [main] DEBUG org.apache.ibatis.transaction.jdbc.JdbcTransaction  - Resetting autocommit to true on JDBC Connection [conn2: url=jdbc:h2:mem:activiti user=SA]
10:44:56,522 [main] DEBUG org.apache.ibatis.transaction.jdbc.JdbcTransaction  - Closing JDBC Connection [conn2: url=jdbc:h2:mem:activiti user=SA]
10:44:56,522 [main] DEBUG org.apache.ibatis.datasource.pooled.PooledDataSource  - Returned connection 363509958 to pool.
10:44:56,522 [main] DEBUG org.activiti.engine.impl.interceptor.LogInterceptor  - --- CreateMembershipCmd finished --------------------------------------------------------
10:44:56,522 [main] DEBUG org.activiti.engine.impl.interceptor.LogInterceptor  - 

10:44:56,522 [main] DEBUG org.activiti.engine.impl.interceptor.LogInterceptor  - 

10:44:56,522 [main] DEBUG org.activiti.engine.impl.interceptor.LogInterceptor  - --- starting CreateMembershipCmd --------------------------------------------------------
10:44:56,522 [main] DEBUG org.activiti.engine.impl.db.DbSqlSession  -   insert org.activiti.engine.impl.persistence.entity.MembershipEntity@2a53f215
10:44:56,522 [main] DEBUG org.activiti.engine.impl.db.DbSqlSession  - flush summary: 1 insert, 0 update, 0 delete.
10:44:56,522 [main] DEBUG org.activiti.engine.impl.db.DbSqlSession  - now executing flush...
10:44:56,522 [main] DEBUG org.activiti.engine.impl.db.DbSqlSession  - inserting: org.activiti.engine.impl.persistence.entity.MembershipEntity@2a53f215
10:44:56,522 [main] DEBUG org.apache.ibatis.transaction.jdbc.JdbcTransaction  - Opening JDBC Connection
10:44:56,522 [main] DEBUG org.apache.ibatis.datasource.pooled.PooledDataSource  - Checked out connection 180014677 from pool.
10:44:56,522 [main] DEBUG org.apache.ibatis.transaction.jdbc.JdbcTransaction  - Setting autocommit to false on JDBC Connection [conn3: url=jdbc:h2:mem:activiti user=SA]
10:44:56,522 [main] DEBUG org.activiti.engine.impl.persistence.entity.MembershipRelation.insertMembership  - ==&gt;  Preparing: insert into ACT_ID_MEMBERSHIP (USER_ID_, GROUP_ID_) values ( ?, ? ) 
10:44:56,522 [main] DEBUG org.activiti.engine.impl.persistence.entity.MembershipRelation.insertMembership  - ==&gt; Parameters: kermit(String), admin(String)
10:44:56,522 [main] DEBUG org.activiti.engine.impl.persistence.entity.MembershipRelation.insertMembership  - &lt;==    Updates: 1
10:44:56,522 [main] DEBUG org.activiti.engine.impl.cfg.standalone.StandaloneMybatisTransactionContext  - firing event committing...
10:44:56,522 [main] DEBUG org.activiti.engine.impl.cfg.standalone.StandaloneMybatisTransactionContext  - committing the ibatis sql session...
10:44:56,522 [main] DEBUG org.apache.ibatis.transaction.jdbc.JdbcTransaction  - Committing JDBC Connection [conn3: url=jdbc:h2:mem:activiti user=SA]
10:44:56,522 [main] DEBUG org.activiti.engine.impl.cfg.standalone.StandaloneMybatisTransactionContext  - firing event committed...
10:44:56,522 [main] DEBUG org.apache.ibatis.transaction.jdbc.JdbcTransaction  - Resetting autocommit to true on JDBC Connection [conn3: url=jdbc:h2:mem:activiti user=SA]
10:44:56,522 [main] DEBUG org.apache.ibatis.transaction.jdbc.JdbcTransaction  - Closing JDBC Connection [conn3: url=jdbc:h2:mem:activiti user=SA]
10:44:56,522 [main] DEBUG org.apache.ibatis.datasource.pooled.PooledDataSource  - Returned connection 180014677 to pool.
10:44:56,522 [main] DEBUG org.activiti.engine.impl.interceptor.LogInterceptor  - --- CreateMembershipCmd finished --------------------------------------------------------
10:44:56,522 [main] DEBUG org.activiti.engine.impl.interceptor.LogInterceptor  - 

10:44:56,522 [main] DEBUG org.activiti.engine.impl.test.PvmTestCase  - 

10:44:56,522 [main] DEBUG org.activiti.engine.impl.test.PvmTestCase  - #### START GroupQueryTest.testQueryByInvalidNameLike ###########################################################
10:44:56,522 [main] DEBUG org.activiti.engine.impl.interceptor.LogInterceptor  - 

10:44:56,522 [main] DEBUG org.activiti.engine.impl.interceptor.LogInterceptor  - --- starting CreateGroupQueryCmd --------------------------------------------------------
10:44:56,522 [main] DEBUG org.activiti.engine.impl.cfg.standalone.StandaloneMybatisTransactionContext  - firing event committing...
10:44:56,522 [main] DEBUG org.activiti.engine.impl.cfg.standalone.StandaloneMybatisTransactionContext  - committing the ibatis sql session...
10:44:56,522 [main] DEBUG org.activiti.engine.impl.cfg.standalone.StandaloneMybatisTransactionContext  - firing event committed...
10:44:56,522 [main] DEBUG org.activiti.engine.impl.interceptor.LogInterceptor  - --- CreateGroupQueryCmd finished --------------------------------------------------------
10:44:56,522 [main] DEBUG org.activiti.engine.impl.interceptor.LogInterceptor  - 

10:44:56,522 [main] DEBUG org.activiti.engine.impl.interceptor.LogInterceptor  - 

10:44:56,522 [main] DEBUG org.activiti.engine.impl.interceptor.LogInterceptor  - --- starting GroupQueryImpl --------------------------------------------------------
10:44:56,523 [main] DEBUG org.apache.ibatis.transaction.jdbc.JdbcTransaction  - Opening JDBC Connection
10:44:56,523 [main] DEBUG org.apache.ibatis.datasource.pooled.PooledDataSource  - Checked out connection 297240765 from pool.
10:44:56,523 [main] DEBUG org.apache.ibatis.transaction.jdbc.JdbcTransaction  - Setting autocommit to false on JDBC Connection [conn4: url=jdbc:h2:mem:activiti user=SA]
10:44:56,523 [main] DEBUG org.activiti.engine.impl.persistence.entity.GroupEntity.selectGroupByQueryCriteria  - ==&gt;  Preparing: select RES.* from ACT_ID_GROUP RES WHERE RES.NAME_ like ? order by order by RES.ID_ asc LIMIT ? OFFSET ? 
10:44:56,523 [main] DEBUG org.activiti.engine.impl.interceptor.CommandContext  - Error while closing command context
org.apache.ibatis.exceptions.PersistenceException: 
### Error querying database.  Cause: org.h2.jdbc.JdbcSQLException: Syntax error in SQL statement &quot;SELECT RES.* 
     
    FROM ACT_ID_GROUP RES
     
     WHERE  RES.NAME_ LIKE ? 
   
     ORDER BY  ORDER[*] BY RES.ID_ ASC  
    LIMIT ? OFFSET ? &quot;; expected &quot;=, NOT, EXISTS, INTERSECTS, SELECT, FROM&quot;; SQL statement:
select RES.* 
     
    from ACT_ID_GROUP RES
     
     WHERE  RES.NAME_ like ? 
   
     order by  order by RES.ID_ asc  
    LIMIT ? OFFSET ? [42001-176]
### The error may exist in org/activiti/db/mapping/entity/Group.xml
### The error may involve org.activiti.engine.impl.persistence.entity.GroupEntity.selectGroupByQueryCriteria
### The error occurred while executing a query
### SQL: select RES.*            from ACT_ID_GROUP RES            WHERE  RES.NAME_ like ?           order by  order by RES.ID_ asc       LIMIT ? OFFSET ?
### Cause: org.h2.jdbc.JdbcSQLException: Syntax error in SQL statement &quot;SELECT RES.* 
     
    FROM ACT_ID_GROUP RES
     
     WHERE  RES.NAME_ LIKE ? 
   
     ORDER BY  ORDER[*] BY RES.ID_ ASC  
    LIMIT ? OFFSET ? &quot;; expected &quot;=, NOT, EXISTS, INTERSECTS, SELECT, FROM&quot;; SQL statement:
select RES.* 
     
    from ACT_ID_GROUP RES
     
     WHERE  RES.NAME_ like ? 
   
     order by  order by RES.ID_ asc  
    LIMIT ? OFFSET ? [42001-176]
	at org.apache.ibatis.exceptions.ExceptionFactory.wrapException(ExceptionFactory.java:30)
	at org.apache.ibatis.session.defaults.DefaultSqlSession.selectList(DefaultSqlSession.java:122)
	at org.apache.ibatis.session.defaults.DefaultSqlSession.selectList(DefaultSqlSession.java:113)
	at org.activiti.engine.impl.db.DbSqlSession.selectListWithRawParameter(DbSqlSession.java:438)
	at org.activiti.engine.impl.db.DbSqlSession.selectList(DbSqlSession.java:429)
	at org.activiti.engine.impl.db.DbSqlSession.selectList(DbSqlSession.java:419)
	at org.activiti.engine.impl.persistence.entity.GroupEntityManager.findGroupByQueryCriteria(GroupEntityManager.java:90)
	at org.activiti.engine.impl.GroupQueryImpl.executeList(GroupQueryImpl.java:125)
	at org.activiti.engine.impl.AbstractQuery.execute(AbstractQuery.java:164)
	at org.activiti.engine.impl.interceptor.CommandInvoker.execute(CommandInvoker.java:24)
	at org.activiti.engine.impl.interceptor.CommandContextInterceptor.execute(CommandContextInterceptor.java:57)
	at org.activiti.engine.impl.interceptor.LogInterceptor.execute(LogInterceptor.java:37)
	at org.activiti.engine.impl.cfg.CommandExecutorImpl.execute(CommandExecutorImpl.java:40)
	at org.activiti.engine.impl.cfg.CommandExecutorImpl.execute(CommandExecutorImpl.java:35)
	at org.activiti.engine.impl.AbstractQuery.list(AbstractQuery.java:138)
	at org.activiti.engine.test.api.identity.GroupQueryTest.verifyQueryResults(GroupQueryTest.java:221)
	at org.activiti.engine.test.api.identity.GroupQueryTest.testQueryByInvalidNameLike(GroupQueryTest.java:124)
	at sun.reflect.NativeMethodAccessorImpl.invoke0(Native Method)
	at sun.reflect.NativeMethodAccessorImpl.invoke(NativeMethodAccessorImpl.java:62)
	at sun.reflect.DelegatingMethodAccessorImpl.invoke(DelegatingMethodAccessorImpl.java:43)
	at java.lang.reflect.Method.invoke(Method.java:498)
	at junit.framework.TestCase.runTest(TestCase.java:176)
	at org.activiti.engine.impl.test.PvmTestCase.runTest(PvmTestCase.java:65)
	at junit.framework.TestCase.runBare(TestCase.java:141)
	at org.activiti.engine.impl.test.AbstractActivitiTestCase.runBare(AbstractActivitiTestCase.java:100)
	at junit.framework.TestResult$1.protect(TestResult.java:122)
	at junit.framework.TestResult.runProtected(TestResult.java:142)
	at junit.framework.TestResult.run(TestResult.java:125)
	at junit.framework.TestCase.run(TestCase.java:129)
	at junit.framework.TestSuite.runTest(TestSuite.java:255)
	at junit.framework.TestSuite.run(TestSuite.java:250)
	at org.junit.internal.runners.JUnit38ClassRunner.run(JUnit38ClassRunner.java:84)
	at org.apache.maven.surefire.junit4.JUnit4TestSet.execute(JUnit4TestSet.java:35)
	at org.apache.maven.surefire.junit4.JUnit4Provider.executeTestSet(JUnit4Provider.java:146)
	at org.apache.maven.surefire.junit4.JUnit4Provider.invoke(JUnit4Provider.java:97)
	at sun.reflect.NativeMethodAccessorImpl.invoke0(Native Method)
	at sun.reflect.NativeMethodAccessorImpl.invoke(NativeMethodAccessorImpl.java:62)
	at sun.reflect.DelegatingMethodAccessorImpl.invoke(DelegatingMethodAccessorImpl.java:43)
	at java.lang.reflect.Method.invoke(Method.java:498)
	at org.apache.maven.surefire.booter.ProviderFactory$ClassLoaderProxy.invoke(ProviderFactory.java:103)
	at com.sun.proxy.$Proxy0.invoke(Unknown Source)
	at org.apache.maven.surefire.booter.SurefireStarter.invokeProvider(SurefireStarter.java:145)
	at org.apache.maven.surefire.booter.SurefireStarter.runSuitesInProcess(SurefireStarter.java:87)
	at org.apache.maven.surefire.booter.ForkedBooter.main(ForkedBooter.java:69)
Caused by: org.h2.jdbc.JdbcSQLException: Syntax error in SQL statement &quot;SELECT RES.* 
     
    FROM ACT_ID_GROUP RES
     
     WHERE  RES.NAME_ LIKE ? 
   
     ORDER BY  ORDER[*] BY RES.ID_ ASC  
    LIMIT ? OFFSET ? &quot;; expected &quot;=, NOT, EXISTS, INTERSECTS, SELECT, FROM&quot;; SQL statement:
select RES.* 
     
    from ACT_ID_GROUP RES
     
     WHERE  RES.NAME_ like ? 
   
     order by  order by RES.ID_ asc  
    LIMIT ? OFFSET ? [42001-176]
	at org.h2.message.DbException.getJdbcSQLException(DbException.java:344)
	at org.h2.message.DbException.getSyntaxError(DbException.java:204)
	at org.h2.command.Parser.getSyntaxError(Parser.java:524)
	at org.h2.command.Parser.readTerm(Parser.java:2688)
	at org.h2.command.Parser.readFactor(Parser.java:2244)
	at org.h2.command.Parser.readSum(Parser.java:2231)
	at org.h2.command.Parser.readConcat(Parser.java:2201)
	at org.h2.command.Parser.readCondition(Parser.java:2051)
	at org.h2.command.Parser.readAnd(Parser.java:2023)
	at org.h2.command.Parser.readExpression(Parser.java:2015)
	at org.h2.command.Parser.parseEndOfQuery(Parser.java:1726)
	at org.h2.command.Parser.parseSelectUnionExtension(Parser.java:1706)
	at org.h2.command.Parser.parseSelectUnion(Parser.java:1675)
	at org.h2.command.Parser.parseSelect(Parser.java:1662)
	at org.h2.command.Parser.parsePrepared(Parser.java:434)
	at org.h2.command.Parser.parse(Parser.java:306)
	at org.h2.command.Parser.parse(Parser.java:282)
	at org.h2.command.Parser.prepareCommand(Parser.java:243)
	at org.h2.engine.Session.prepareLocal(Session.java:442)
	at org.h2.engine.Session.prepareCommand(Session.java:384)
	at org.h2.jdbc.JdbcConnection.prepareCommand(JdbcConnection.java:1188)
	at org.h2.jdbc.JdbcPreparedStatement.&lt;init&gt;(JdbcPreparedStatement.java:73)
	at org.h2.jdbc.JdbcConnection.prepareStatement(JdbcConnection.java:276)
	at sun.reflect.GeneratedMethodAccessor6.invoke(Unknown Source)
	at sun.reflect.DelegatingMethodAccessorImpl.invoke(DelegatingMethodAccessorImpl.java:43)
	at java.lang.reflect.Method.invoke(Method.java:498)
	at org.apache.ibatis.datasource.pooled.PooledConnection.invoke(PooledConnection.java:245)
	at com.sun.proxy.$Proxy12.prepareStatement(Unknown Source)
	at sun.reflect.GeneratedMethodAccessor6.invoke(Unknown Source)
	at sun.reflect.DelegatingMethodAccessorImpl.invoke(DelegatingMethodAccessorImpl.java:43)
	at java.lang.reflect.Method.invoke(Method.java:498)
	at org.apache.ibatis.logging.jdbc.ConnectionLogger.invoke(ConnectionLogger.java:55)
	at com.sun.proxy.$Proxy12.prepareStatement(Unknown Source)
	at org.apache.ibatis.executor.statement.PreparedStatementHandler.instantiateStatement(PreparedStatementHandler.java:79)
	at org.apache.ibatis.executor.statement.BaseStatementHandler.prepare(BaseStatementHandler.java:88)
	at org.apache.ibatis.executor.statement.RoutingStatementHandler.prepare(RoutingStatementHandler.java:58)
	at org.apache.ibatis.executor.SimpleExecutor.prepareStatement(SimpleExecutor.java:76)
	at org.apache.ibatis.executor.SimpleExecutor.doQuery(SimpleExecutor.java:61)
	at org.apache.ibatis.executor.BaseExecutor.queryFromDatabase(BaseExecutor.java:303)
	at org.apache.ibatis.executor.BaseExecutor.query(BaseExecutor.java:154)
	at org.apache.ibatis.executor.CachingExecutor.query(CachingExecutor.java:102)
	at org.apache.ibatis.executor.CachingExecutor.query(CachingExecutor.java:82)
	at org.apache.ibatis.session.defaults.DefaultSqlSession.selectList(DefaultSqlSession.java:120)
	... 42 more
10:44:56,523 [main] DEBUG org.activiti.engine.impl.cfg.standalone.StandaloneMybatisTransactionContext  - firing event rolling back...
10:44:56,523 [main] DEBUG org.activiti.engine.impl.cfg.standalone.StandaloneMybatisTransactionContext  - rolling back ibatis sql session...
10:44:56,523 [main] DEBUG org.activiti.engine.impl.cfg.standalone.StandaloneMybatisTransactionContext  - firing event rolled back...
10:44:56,523 [main] DEBUG org.apache.ibatis.transaction.jdbc.JdbcTransaction  - Resetting autocommit to true on JDBC Connection [conn4: url=jdbc:h2:mem:activiti user=SA]
10:44:56,523 [main] DEBUG org.apache.ibatis.transaction.jdbc.JdbcTransaction  - Closing JDBC Connection [conn4: url=jdbc:h2:mem:activiti user=SA]
10:44:56,523 [main] DEBUG org.apache.ibatis.datasource.pooled.PooledDataSource  - Returned connection 297240765 to pool.
10:44:56,523 [main] DEBUG org.activiti.engine.impl.interceptor.LogInterceptor  - --- GroupQueryImpl finished --------------------------------------------------------
10:44:56,523 [main] DEBUG org.activiti.engine.impl.interceptor.LogInterceptor  - 

10:44:56,523 [main] ERROR org.activiti.engine.impl.test.PvmTestCase  - 

10:44:56,523 [main] ERROR org.activiti.engine.impl.test.PvmTestCase  - EXCEPTION: org.apache.ibatis.exceptions.PersistenceException: 
### Error querying database.  Cause: org.h2.jdbc.JdbcSQLException: Syntax error in SQL statement &quot;SELECT RES.* 
     
    FROM ACT_ID_GROUP RES
     
     WHERE  RES.NAME_ LIKE ? 
   
     ORDER BY  ORDER[*] BY RES.ID_ ASC  
    LIMIT ? OFFSET ? &quot;; expected &quot;=, NOT, EXISTS, INTERSECTS, SELECT, FROM&quot;; SQL statement:
select RES.* 
     
    from ACT_ID_GROUP RES
     
     WHERE  RES.NAME_ like ? 
   
     order by  order by RES.ID_ asc  
    LIMIT ? OFFSET ? [42001-176]
### The error may exist in org/activiti/db/mapping/entity/Group.xml
### The error may involve org.activiti.engine.impl.persistence.entity.GroupEntity.selectGroupByQueryCriteria
### The error occurred while executing a query
### SQL: select RES.*            from ACT_ID_GROUP RES            WHERE  RES.NAME_ like ?           order by  order by RES.ID_ asc       LIMIT ? OFFSET ?
### Cause: org.h2.jdbc.JdbcSQLException: Syntax error in SQL statement &quot;SELECT RES.* 
     
    FROM ACT_ID_GROUP RES
     
     WHERE  RES.NAME_ LIKE ? 
   
     ORDER BY  ORDER[*] BY RES.ID_ ASC  
    LIMIT ? OFFSET ? &quot;; expected &quot;=, NOT, EXISTS, INTERSECTS, SELECT, FROM&quot;; SQL statement:
select RES.* 
     
    from ACT_ID_GROUP RES
     
     WHERE  RES.NAME_ like ? 
   
     order by  order by RES.ID_ asc  
    LIMIT ? OFFSET ? [42001-176]
org.apache.ibatis.exceptions.PersistenceException: 
### Error querying database.  Cause: org.h2.jdbc.JdbcSQLException: Syntax error in SQL statement &quot;SELECT RES.* 
     
    FROM ACT_ID_GROUP RES
     
     WHERE  RES.NAME_ LIKE ? 
   
     ORDER BY  ORDER[*] BY RES.ID_ ASC  
    LIMIT ? OFFSET ? &quot;; expected &quot;=, NOT, EXISTS, INTERSECTS, SELECT, FROM&quot;; SQL statement:
select RES.* 
     
    from ACT_ID_GROUP RES
     
     WHERE  RES.NAME_ like ? 
   
     order by  order by RES.ID_ asc  
    LIMIT ? OFFSET ? [42001-176]
### The error may exist in org/activiti/db/mapping/entity/Group.xml
### The error may involve org.activiti.engine.impl.persistence.entity.GroupEntity.selectGroupByQueryCriteria
### The error occurred while executing a query
### SQL: select RES.*            from ACT_ID_GROUP RES            WHERE  RES.NAME_ like ?           order by  order by RES.ID_ asc       LIMIT ? OFFSET ?
### Cause: org.h2.jdbc.JdbcSQLException: Syntax error in SQL statement &quot;SELECT RES.* 
     
    FROM ACT_ID_GROUP RES
     
     WHERE  RES.NAME_ LIKE ? 
   
     ORDER BY  ORDER[*] BY RES.ID_ ASC  
    LIMIT ? OFFSET ? &quot;; expected &quot;=, NOT, EXISTS, INTERSECTS, SELECT, FROM&quot;; SQL statement:
select RES.* 
     
    from ACT_ID_GROUP RES
     
     WHERE  RES.NAME_ like ? 
   
     order by  order by RES.ID_ asc  
    LIMIT ? OFFSET ? [42001-176]
	at org.apache.ibatis.exceptions.ExceptionFactory.wrapException(ExceptionFactory.java:30)
	at org.apache.ibatis.session.defaults.DefaultSqlSession.selectList(DefaultSqlSession.java:122)
	at org.apache.ibatis.session.defaults.DefaultSqlSession.selectList(DefaultSqlSession.java:113)
	at org.activiti.engine.impl.db.DbSqlSession.selectListWithRawParameter(DbSqlSession.java:438)
	at org.activiti.engine.impl.db.DbSqlSession.selectList(DbSqlSession.java:429)
	at org.activiti.engine.impl.db.DbSqlSession.selectList(DbSqlSession.java:419)
	at org.activiti.engine.impl.persistence.entity.GroupEntityManager.findGroupByQueryCriteria(GroupEntityManager.java:90)
	at org.activiti.engine.impl.GroupQueryImpl.executeList(GroupQueryImpl.java:125)
	at org.activiti.engine.impl.AbstractQuery.execute(AbstractQuery.java:164)
	at org.activiti.engine.impl.interceptor.CommandInvoker.execute(CommandInvoker.java:24)
	at org.activiti.engine.impl.interceptor.CommandContextInterceptor.execute(CommandContextInterceptor.java:57)
	at org.activiti.engine.impl.interceptor.LogInterceptor.execute(LogInterceptor.java:37)
	at org.activiti.engine.impl.cfg.CommandExecutorImpl.execute(CommandExecutorImpl.java:40)
	at org.activiti.engine.impl.cfg.CommandExecutorImpl.execute(CommandExecutorImpl.java:35)
	at org.activiti.engine.impl.AbstractQuery.list(AbstractQuery.java:138)
	at org.activiti.engine.test.api.identity.GroupQueryTest.verifyQueryResults(GroupQueryTest.java:221)
	at org.activiti.engine.test.api.identity.GroupQueryTest.testQueryByInvalidNameLike(GroupQueryTest.java:124)
	at sun.reflect.NativeMethodAccessorImpl.invoke0(Native Method)
	at sun.reflect.NativeMethodAccessorImpl.invoke(NativeMethodAccessorImpl.java:62)
	at sun.reflect.DelegatingMethodAccessorImpl.invoke(DelegatingMethodAccessorImpl.java:43)
	at java.lang.reflect.Method.invoke(Method.java:498)
	at junit.framework.TestCase.runTest(TestCase.java:176)
	at org.activiti.engine.impl.test.PvmTestCase.runTest(PvmTestCase.java:65)
	at junit.framework.TestCase.runBare(TestCase.java:141)
	at org.activiti.engine.impl.test.AbstractActivitiTestCase.runBare(AbstractActivitiTestCase.java:100)
	at junit.framework.TestResult$1.protect(TestResult.java:122)
	at junit.framework.TestResult.runProtected(TestResult.java:142)
	at junit.framework.TestResult.run(TestResult.java:125)
	at junit.framework.TestCase.run(TestCase.java:129)
	at junit.framework.TestSuite.runTest(TestSuite.java:255)
	at junit.framework.TestSuite.run(TestSuite.java:250)
	at org.junit.internal.runners.JUnit38ClassRunner.run(JUnit38ClassRunner.java:84)
	at org.apache.maven.surefire.junit4.JUnit4TestSet.execute(JUnit4TestSet.java:35)
	at org.apache.maven.surefire.junit4.JUnit4Provider.executeTestSet(JUnit4Provider.java:146)
	at org.apache.maven.surefire.junit4.JUnit4Provider.invoke(JUnit4Provider.java:97)
	at sun.reflect.NativeMethodAccessorImpl.invoke0(Native Method)
	at sun.reflect.NativeMethodAccessorImpl.invoke(NativeMethodAccessorImpl.java:62)
	at sun.reflect.DelegatingMethodAccessorImpl.invoke(DelegatingMethodAccessorImpl.java:43)
	at java.lang.reflect.Method.invoke(Method.java:498)
	at org.apache.maven.surefire.booter.ProviderFactory$ClassLoaderProxy.invoke(ProviderFactory.java:103)
	at com.sun.proxy.$Proxy0.invoke(Unknown Source)
	at org.apache.maven.surefire.booter.SurefireStarter.invokeProvider(SurefireStarter.java:145)
	at org.apache.maven.surefire.booter.SurefireStarter.runSuitesInProcess(SurefireStarter.java:87)
	at org.apache.maven.surefire.booter.ForkedBooter.main(ForkedBooter.java:69)
Caused by: org.h2.jdbc.JdbcSQLException: Syntax error in SQL statement &quot;SELECT RES.* 
     
    FROM ACT_ID_GROUP RES
     
     WHERE  RES.NAME_ LIKE ? 
   
     ORDER BY  ORDER[*] BY RES.ID_ ASC  
    LIMIT ? OFFSET ? &quot;; expected &quot;=, NOT, EXISTS, INTERSECTS, SELECT, FROM&quot;; SQL statement:
select RES.* 
     
    from ACT_ID_GROUP RES
     
     WHERE  RES.NAME_ like ? 
   
     order by  order by RES.ID_ asc  
    LIMIT ? OFFSET ? [42001-176]
	at org.h2.message.DbException.getJdbcSQLException(DbException.java:344)
	at org.h2.message.DbException.getSyntaxError(DbException.java:204)
	at org.h2.command.Parser.getSyntaxError(Parser.java:524)
	at org.h2.command.Parser.readTerm(Parser.java:2688)
	at org.h2.command.Parser.readFactor(Parser.java:2244)
	at org.h2.command.Parser.readSum(Parser.java:2231)
	at org.h2.command.Parser.readConcat(Parser.java:2201)
	at org.h2.command.Parser.readCondition(Parser.java:2051)
	at org.h2.command.Parser.readAnd(Parser.java:2023)
	at org.h2.command.Parser.readExpression(Parser.java:2015)
	at org.h2.command.Parser.parseEndOfQuery(Parser.java:1726)
	at org.h2.command.Parser.parseSelectUnionExtension(Parser.java:1706)
	at org.h2.command.Parser.parseSelectUnion(Parser.java:1675)
	at org.h2.command.Parser.parseSelect(Parser.java:1662)
	at org.h2.command.Parser.parsePrepared(Parser.java:434)
	at org.h2.command.Parser.parse(Parser.java:306)
	at org.h2.command.Parser.parse(Parser.java:282)
	at org.h2.command.Parser.prepareCommand(Parser.java:243)
	at org.h2.engine.Session.prepareLocal(Session.java:442)
	at org.h2.engine.Session.prepareCommand(Session.java:384)
	at org.h2.jdbc.JdbcConnection.prepareCommand(JdbcConnection.java:1188)
	at org.h2.jdbc.JdbcPreparedStatement.&lt;init&gt;(JdbcPreparedStatement.java:73)
	at org.h2.jdbc.JdbcConnection.prepareStatement(JdbcConnection.java:276)
	at sun.reflect.GeneratedMethodAccessor6.invoke(Unknown Source)
	at sun.reflect.DelegatingMethodAccessorImpl.invoke(DelegatingMethodAccessorImpl.java:43)
	at java.lang.reflect.Method.invoke(Method.java:498)
	at org.apache.ibatis.datasource.pooled.PooledConnection.invoke(PooledConnection.java:245)
	at com.sun.proxy.$Proxy12.prepareStatement(Unknown Source)
	at sun.reflect.GeneratedMethodAccessor6.invoke(Unknown Source)
	at sun.reflect.DelegatingMethodAccessorImpl.invoke(DelegatingMethodAccessorImpl.java:43)
	at java.lang.reflect.Method.invoke(Method.java:498)
	at org.apache.ibatis.logging.jdbc.ConnectionLogger.invoke(ConnectionLogger.java:55)
	at com.sun.proxy.$Proxy12.prepareStatement(Unknown Source)
	at org.apache.ibatis.executor.statement.PreparedStatementHandler.instantiateStatement(PreparedStatementHandler.java:79)
	at org.apache.ibatis.executor.statement.BaseStatementHandler.prepare(BaseStatementHandler.java:88)
	at org.apache.ibatis.executor.statement.RoutingStatementHandler.prepare(RoutingStatementHandler.java:58)
	at org.apache.ibatis.executor.SimpleExecutor.prepareStatement(SimpleExecutor.java:76)
	at org.apache.ibatis.executor.SimpleExecutor.doQuery(SimpleExecutor.java:61)
	at org.apache.ibatis.executor.BaseExecutor.queryFromDatabase(BaseExecutor.java:303)
	at org.apache.ibatis.executor.BaseExecutor.query(BaseExecutor.java:154)
	at org.apache.ibatis.executor.CachingExecutor.query(CachingExecutor.java:102)
	at org.apache.ibatis.executor.CachingExecutor.query(CachingExecutor.java:82)
	at org.apache.ibatis.session.defaults.DefaultSqlSession.selectList(DefaultSqlSession.java:120)
	... 42 more
10:44:56,523 [main] DEBUG org.activiti.engine.impl.test.PvmTestCase  - #### END GroupQueryTest.testQueryByInvalidNameLike #############################################################
10:44:56,523 [main] DEBUG org.activiti.engine.impl.interceptor.LogInterceptor  - 

10:44:56,523 [main] DEBUG org.activiti.engine.impl.interceptor.LogInterceptor  - --- starting DeleteUserCmd --------------------------------------------------------
10:44:56,523 [main] DEBUG org.apache.ibatis.transaction.jdbc.JdbcTransaction  - Opening JDBC Connection
10:44:56,523 [main] DEBUG org.apache.ibatis.datasource.pooled.PooledDataSource  - Checked out connection 363509958 from pool.
10:44:56,523 [main] DEBUG org.apache.ibatis.transaction.jdbc.JdbcTransaction  - Setting autocommit to false on JDBC Connection [conn2: url=jdbc:h2:mem:activiti user=SA]
10:44:56,523 [main] DEBUG org.activiti.engine.impl.persistence.entity.UserEntity.selectUserById  - ==&gt;  Preparing: select * from ACT_ID_USER where ID_ = ? 
10:44:56,523 [main] DEBUG org.activiti.engine.impl.persistence.entity.UserEntity.selectUserById  - ==&gt; Parameters: kermit(String)
10:44:56,524 [main] DEBUG org.activiti.engine.impl.persistence.entity.UserEntity.selectUserById  - &lt;==      Total: 1
10:44:56,524 [main] DEBUG org.activiti.engine.impl.persistence.entity.IdentityInfoEntity.selectIdentityInfoByUserId  - ==&gt;  Preparing: select * from ACT_ID_INFO where USER_ID_ = ? 
10:44:56,524 [main] DEBUG org.activiti.engine.impl.persistence.entity.IdentityInfoEntity.selectIdentityInfoByUserId  - ==&gt; Parameters: kermit(String)
10:44:56,524 [main] DEBUG org.activiti.engine.impl.persistence.entity.IdentityInfoEntity.selectIdentityInfoByUserId  - &lt;==      Total: 0
10:44:56,524 [main] DEBUG org.activiti.engine.impl.db.DbSqlSession  -   bulk delete: deleteMembershipsByUserId(kermit)
10:44:56,524 [main] DEBUG org.activiti.engine.impl.db.DbSqlSession  -   delete org.activiti.engine.impl.persistence.entity.UserEntity@ae73c80
10:44:56,524 [main] DEBUG org.activiti.engine.impl.db.DbSqlSession  - flush summary: 0 insert, 0 update, 2 delete.
10:44:56,524 [main] DEBUG org.activiti.engine.impl.db.DbSqlSession  - now executing flush...
10:44:56,524 [main] DEBUG org.activiti.engine.impl.db.DbSqlSession  - executing: bulk delete: deleteMembershipsByUserId(kermit)
10:44:56,524 [main] DEBUG org.activiti.engine.impl.persistence.entity.MembershipRelation.deleteMembershipsByUserId  - ==&gt;  Preparing: delete from ACT_ID_MEMBERSHIP where USER_ID_ = ? 
10:44:56,524 [main] DEBUG org.activiti.engine.impl.persistence.entity.MembershipRelation.deleteMembershipsByUserId  - ==&gt; Parameters: kermit(String)
10:44:56,524 [main] DEBUG org.activiti.engine.impl.persistence.entity.MembershipRelation.deleteMembershipsByUserId  - &lt;==    Updates: 3
10:44:56,524 [main] DEBUG org.activiti.engine.impl.db.DbSqlSession  - executing: delete org.activiti.engine.impl.persistence.entity.UserEntity@ae73c80
10:44:56,524 [main] DEBUG org.activiti.engine.impl.persistence.entity.UserEntity.deleteUser  - ==&gt;  Preparing: delete from ACT_ID_USER where ID_ = ? and REV_ = ? 
10:44:56,524 [main] DEBUG org.activiti.engine.impl.persistence.entity.UserEntity.deleteUser  - ==&gt; Parameters: kermit(String), 1(Integer)
10:44:56,524 [main] DEBUG org.activiti.engine.impl.persistence.entity.UserEntity.deleteUser  - &lt;==    Updates: 1
10:44:56,524 [main] DEBUG org.activiti.engine.impl.cfg.standalone.StandaloneMybatisTransactionContext  - firing event committing...
10:44:56,524 [main] DEBUG org.activiti.engine.impl.cfg.standalone.StandaloneMybatisTransactionContext  - committing the ibatis sql session...
10:44:56,524 [main] DEBUG org.apache.ibatis.transaction.jdbc.JdbcTransaction  - Committing JDBC Connection [conn2: url=jdbc:h2:mem:activiti user=SA]
10:44:56,524 [main] DEBUG org.activiti.engine.impl.cfg.standalone.StandaloneMybatisTransactionContext  - firing event committed...
10:44:56,524 [main] DEBUG org.apache.ibatis.transaction.jdbc.JdbcTransaction  - Resetting autocommit to true on JDBC Connection [conn2: url=jdbc:h2:mem:activiti user=SA]
10:44:56,524 [main] DEBUG org.apache.ibatis.transaction.jdbc.JdbcTransaction  - Closing JDBC Connection [conn2: url=jdbc:h2:mem:activiti user=SA]
10:44:56,524 [main] DEBUG org.apache.ibatis.datasource.pooled.PooledDataSource  - Returned connection 363509958 to pool.
10:44:56,524 [main] DEBUG org.activiti.engine.impl.interceptor.LogInterceptor  - --- DeleteUserCmd finished --------------------------------------------------------
10:44:56,524 [main] DEBUG org.activiti.engine.impl.interceptor.LogInterceptor  - 

10:44:56,524 [main] DEBUG org.activiti.engine.impl.interceptor.LogInterceptor  - 

10:44:56,524 [main] DEBUG org.activiti.engine.impl.interceptor.LogInterceptor  - --- starting DeleteUserCmd --------------------------------------------------------
10:44:56,524 [main] DEBUG org.apache.ibatis.transaction.jdbc.JdbcTransaction  - Opening JDBC Connection
10:44:56,524 [main] DEBUG org.apache.ibatis.datasource.pooled.PooledDataSource  - Checked out connection 180014677 from pool.
10:44:56,524 [main] DEBUG org.apache.ibatis.transaction.jdbc.JdbcTransaction  - Setting autocommit to false on JDBC Connection [conn3: url=jdbc:h2:mem:activiti user=SA]
10:44:56,524 [main] DEBUG org.activiti.engine.impl.persistence.entity.UserEntity.selectUserById  - ==&gt;  Preparing: select * from ACT_ID_USER where ID_ = ? 
10:44:56,524 [main] DEBUG org.activiti.engine.impl.persistence.entity.UserEntity.selectUserById  - ==&gt; Parameters: fozzie(String)
10:44:56,524 [main] DEBUG org.activiti.engine.impl.persistence.entity.UserEntity.selectUserById  - &lt;==      Total: 1
10:44:56,524 [main] DEBUG org.activiti.engine.impl.persistence.entity.IdentityInfoEntity.selectIdentityInfoByUserId  - ==&gt;  Preparing: select * from ACT_ID_INFO where USER_ID_ = ? 
10:44:56,524 [main] DEBUG org.activiti.engine.impl.persistence.entity.IdentityInfoEntity.selectIdentityInfoByUserId  - ==&gt; Parameters: fozzie(String)
10:44:56,524 [main] DEBUG org.activiti.engine.impl.persistence.entity.IdentityInfoEntity.selectIdentityInfoByUserId  - &lt;==      Total: 0
10:44:56,524 [main] DEBUG org.activiti.engine.impl.db.DbSqlSession  -   bulk delete: deleteMembershipsByUserId(fozzie)
10:44:56,524 [main] DEBUG org.activiti.engine.impl.db.DbSqlSession  -   delete org.activiti.engine.impl.persistence.entity.UserEntity@22f4f8f2
10:44:56,524 [main] DEBUG org.activiti.engine.impl.db.DbSqlSession  - flush summary: 0 insert, 0 update, 2 delete.
10:44:56,524 [main] DEBUG org.activiti.engine.impl.db.DbSqlSession  - now executing flush...
10:44:56,524 [main] DEBUG org.activiti.engine.impl.db.DbSqlSession  - executing: bulk delete: deleteMembershipsByUserId(fozzie)
10:44:56,524 [main] DEBUG org.activiti.engine.impl.persistence.entity.MembershipRelation.deleteMembershipsByUserId  - ==&gt;  Preparing: delete from ACT_ID_MEMBERSHIP where USER_ID_ = ? 
10:44:56,524 [main] DEBUG org.activiti.engine.impl.persistence.entity.MembershipRelation.deleteMembershipsByUserId  - ==&gt; Parameters: fozzie(String)
10:44:56,524 [main] DEBUG org.activiti.engine.impl.persistence.entity.MembershipRelation.deleteMembershipsByUserId  - &lt;==    Updates: 2
10:44:56,524 [main] DEBUG org.activiti.engine.impl.db.DbSqlSession  - executing: delete org.activiti.engine.impl.persistence.entity.UserEntity@22f4f8f2
10:44:56,524 [main] DEBUG org.activiti.engine.impl.persistence.entity.UserEntity.deleteUser  - ==&gt;  Preparing: delete from ACT_ID_USER where ID_ = ? and REV_ = ? 
10:44:56,524 [main] DEBUG org.activiti.engine.impl.persistence.entity.UserEntity.deleteUser  - ==&gt; Parameters: fozzie(String), 1(Integer)
10:44:56,524 [main] DEBUG org.activiti.engine.impl.persistence.entity.UserEntity.deleteUser  - &lt;==    Updates: 1
10:44:56,524 [main] DEBUG org.activiti.engine.impl.cfg.standalone.StandaloneMybatisTransactionContext  - firing event committing...
10:44:56,524 [main] DEBUG org.activiti.engine.impl.cfg.standalone.StandaloneMybatisTransactionContext  - committing the ibatis sql session...
10:44:56,524 [main] DEBUG org.apache.ibatis.transaction.jdbc.JdbcTransaction  - Committing JDBC Connection [conn3: url=jdbc:h2:mem:activiti user=SA]
10:44:56,524 [main] DEBUG org.activiti.engine.impl.cfg.standalone.StandaloneMybatisTransactionContext  - firing event committed...
10:44:56,524 [main] DEBUG org.apache.ibatis.transaction.jdbc.JdbcTransaction  - Resetting autocommit to true on JDBC Connection [conn3: url=jdbc:h2:mem:activiti user=SA]
10:44:56,524 [main] DEBUG org.apache.ibatis.transaction.jdbc.JdbcTransaction  - Closing JDBC Connection [conn3: url=jdbc:h2:mem:activiti user=SA]
10:44:56,524 [main] DEBUG org.apache.ibatis.datasource.pooled.PooledDataSource  - Returned connection 180014677 to pool.
10:44:56,524 [main] DEBUG org.activiti.engine.impl.interceptor.LogInterceptor  - --- DeleteUserCmd finished --------------------------------------------------------
10:44:56,524 [main] DEBUG org.activiti.engine.impl.interceptor.LogInterceptor  - 

10:44:56,524 [main] DEBUG org.activiti.engine.impl.interceptor.LogInterceptor  - 

10:44:56,524 [main] DEBUG org.activiti.engine.impl.interceptor.LogInterceptor  - --- starting DeleteUserCmd --------------------------------------------------------
10:44:56,524 [main] DEBUG org.apache.ibatis.transaction.jdbc.JdbcTransaction  - Opening JDBC Connection
10:44:56,524 [main] DEBUG org.apache.ibatis.datasource.pooled.PooledDataSource  - Checked out connection 297240765 from pool.
10:44:56,524 [main] DEBUG org.apache.ibatis.transaction.jdbc.JdbcTransaction  - Setting autocommit to false on JDBC Connection [conn4: url=jdbc:h2:mem:activiti user=SA]
10:44:56,524 [main] DEBUG org.activiti.engine.impl.persistence.entity.UserEntity.selectUserById  - ==&gt;  Preparing: select * from ACT_ID_USER where ID_ = ? 
10:44:56,524 [main] DEBUG org.activiti.engine.impl.persistence.entity.UserEntity.selectUserById  - ==&gt; Parameters: mispiggy(String)
10:44:56,524 [main] DEBUG org.activiti.engine.impl.persistence.entity.UserEntity.selectUserById  - &lt;==      Total: 1
10:44:56,524 [main] DEBUG org.activiti.engine.impl.persistence.entity.IdentityInfoEntity.selectIdentityInfoByUserId  - ==&gt;  Preparing: select * from ACT_ID_INFO where USER_ID_ = ? 
10:44:56,525 [main] DEBUG org.activiti.engine.impl.persistence.entity.IdentityInfoEntity.selectIdentityInfoByUserId  - ==&gt; Parameters: mispiggy(String)
10:44:56,525 [main] DEBUG org.activiti.engine.impl.persistence.entity.IdentityInfoEntity.selectIdentityInfoByUserId  - &lt;==      Total: 0
10:44:56,525 [main] DEBUG org.activiti.engine.impl.db.DbSqlSession  -   bulk delete: deleteMembershipsByUserId(mispiggy)
10:44:56,525 [main] DEBUG org.activiti.engine.impl.db.DbSqlSession  -   delete org.activiti.engine.impl.persistence.entity.UserEntity@bbd4791
10:44:56,525 [main] DEBUG org.activiti.engine.impl.db.DbSqlSession  - flush summary: 0 insert, 0 update, 2 delete.
10:44:56,525 [main] DEBUG org.activiti.engine.impl.db.DbSqlSession  - now executing flush...
10:44:56,525 [main] DEBUG org.activiti.engine.impl.db.DbSqlSession  - executing: bulk delete: deleteMembershipsByUserId(mispiggy)
10:44:56,525 [main] DEBUG org.activiti.engine.impl.persistence.entity.MembershipRelation.deleteMembershipsByUserId  - ==&gt;  Preparing: delete from ACT_ID_MEMBERSHIP where USER_ID_ = ? 
10:44:56,525 [main] DEBUG org.activiti.engine.impl.persistence.entity.MembershipRelation.deleteMembershipsByUserId  - ==&gt; Parameters: mispiggy(String)
10:44:56,525 [main] DEBUG org.activiti.engine.impl.persistence.entity.MembershipRelation.deleteMembershipsByUserId  - &lt;==    Updates: 2
10:44:56,525 [main] DEBUG org.activiti.engine.impl.db.DbSqlSession  - executing: delete org.activiti.engine.impl.persistence.entity.UserEntity@bbd4791
10:44:56,525 [main] DEBUG org.activiti.engine.impl.persistence.entity.UserEntity.deleteUser  - ==&gt;  Preparing: delete from ACT_ID_USER where ID_ = ? and REV_ = ? 
10:44:56,525 [main] DEBUG org.activiti.engine.impl.persistence.entity.UserEntity.deleteUser  - ==&gt; Parameters: mispiggy(String), 1(Integer)
10:44:56,525 [main] DEBUG org.activiti.engine.impl.persistence.entity.UserEntity.deleteUser  - &lt;==    Updates: 1
10:44:56,525 [main] DEBUG org.activiti.engine.impl.cfg.standalone.StandaloneMybatisTransactionContext  - firing event committing...
10:44:56,525 [main] DEBUG org.activiti.engine.impl.cfg.standalone.StandaloneMybatisTransactionContext  - committing the ibatis sql session...
10:44:56,525 [main] DEBUG org.apache.ibatis.transaction.jdbc.JdbcTransaction  - Committing JDBC Connection [conn4: url=jdbc:h2:mem:activiti user=SA]
10:44:56,525 [main] DEBUG org.activiti.engine.impl.cfg.standalone.StandaloneMybatisTransactionContext  - firing event committed...
10:44:56,525 [main] DEBUG org.apache.ibatis.transaction.jdbc.JdbcTransaction  - Resetting autocommit to true on JDBC Connection [conn4: url=jdbc:h2:mem:activiti user=SA]
10:44:56,525 [main] DEBUG org.apache.ibatis.transaction.jdbc.JdbcTransaction  - Closing JDBC Connection [conn4: url=jdbc:h2:mem:activiti user=SA]
10:44:56,525 [main] DEBUG org.apache.ibatis.datasource.pooled.PooledDataSource  - Returned connection 297240765 to pool.
10:44:56,525 [main] DEBUG org.activiti.engine.impl.interceptor.LogInterceptor  - --- DeleteUserCmd finished --------------------------------------------------------
10:44:56,525 [main] DEBUG org.activiti.engine.impl.interceptor.LogInterceptor  - 

10:44:56,525 [main] DEBUG org.activiti.engine.impl.interceptor.LogInterceptor  - 

10:44:56,525 [main] DEBUG org.activiti.engine.impl.interceptor.LogInterceptor  - --- starting DeleteGroupCmd --------------------------------------------------------
10:44:56,525 [main] DEBUG org.apache.ibatis.transaction.jdbc.JdbcTransaction  - Opening JDBC Connection
10:44:56,525 [main] DEBUG org.apache.ibatis.datasource.pooled.PooledDataSource  - Checked out connection 363509958 from pool.
10:44:56,525 [main] DEBUG org.apache.ibatis.transaction.jdbc.JdbcTransaction  - Setting autocommit to false on JDBC Connection [conn2: url=jdbc:h2:mem:activiti user=SA]
10:44:56,525 [main] DEBUG org.activiti.engine.impl.persistence.entity.GroupEntity.selectGroup  - ==&gt;  Preparing: select * from ACT_ID_GROUP where ID_ = ? 
10:44:56,525 [main] DEBUG org.activiti.engine.impl.persistence.entity.GroupEntity.selectGroup  - ==&gt; Parameters: muppets(String)
10:44:56,525 [main] DEBUG org.activiti.engine.impl.persistence.entity.GroupEntity.selectGroup  - &lt;==      Total: 1
10:44:56,525 [main] DEBUG org.activiti.engine.impl.db.DbSqlSession  -   bulk delete: deleteMembershipsByGroupId(muppets)
10:44:56,525 [main] DEBUG org.activiti.engine.impl.db.DbSqlSession  -   delete org.activiti.engine.impl.persistence.entity.GroupEntity@40a72ecd
10:44:56,525 [main] DEBUG org.activiti.engine.impl.db.DbSqlSession  - flush summary: 0 insert, 0 update, 2 delete.
10:44:56,525 [main] DEBUG org.activiti.engine.impl.db.DbSqlSession  - now executing flush...
10:44:56,525 [main] DEBUG org.activiti.engine.impl.db.DbSqlSession  - executing: bulk delete: deleteMembershipsByGroupId(muppets)
10:44:56,525 [main] DEBUG org.activiti.engine.impl.persistence.entity.MembershipRelation.deleteMembershipsByGroupId  - ==&gt;  Preparing: delete from ACT_ID_MEMBERSHIP where GROUP_ID_ = ? 
10:44:56,525 [main] DEBUG org.activiti.engine.impl.persistence.entity.MembershipRelation.deleteMembershipsByGroupId  - ==&gt; Parameters: muppets(String)
10:44:56,525 [main] DEBUG org.activiti.engine.impl.persistence.entity.MembershipRelation.deleteMembershipsByGroupId  - &lt;==    Updates: 0
10:44:56,525 [main] DEBUG org.activiti.engine.impl.db.DbSqlSession  - executing: delete org.activiti.engine.impl.persistence.entity.GroupEntity@40a72ecd
10:44:56,525 [main] DEBUG org.activiti.engine.impl.persistence.entity.GroupEntity.deleteGroup  - ==&gt;  Preparing: delete from ACT_ID_GROUP where ID_ = ? and REV_ = ? 
10:44:56,525 [main] DEBUG org.activiti.engine.impl.persistence.entity.GroupEntity.deleteGroup  - ==&gt; Parameters: muppets(String), 1(Integer)
10:44:56,525 [main] DEBUG org.activiti.engine.impl.persistence.entity.GroupEntity.deleteGroup  - &lt;==    Updates: 1
10:44:56,525 [main] DEBUG org.activiti.engine.impl.cfg.standalone.StandaloneMybatisTransactionContext  - firing event committing...
10:44:56,525 [main] DEBUG org.activiti.engine.impl.cfg.standalone.StandaloneMybatisTransactionContext  - committing the ibatis sql session...
10:44:56,525 [main] DEBUG org.apache.ibatis.transaction.jdbc.JdbcTransaction  - Committing JDBC Connection [conn2: url=jdbc:h2:mem:activiti user=SA]
10:44:56,525 [main] DEBUG org.activiti.engine.impl.cfg.standalone.StandaloneMybatisTransactionContext  - firing event committed...
10:44:56,525 [main] DEBUG org.apache.ibatis.transaction.jdbc.JdbcTransaction  - Resetting autocommit to true on JDBC Connection [conn2: url=jdbc:h2:mem:activiti user=SA]
10:44:56,525 [main] DEBUG org.apache.ibatis.transaction.jdbc.JdbcTransaction  - Closing JDBC Connection [conn2: url=jdbc:h2:mem:activiti user=SA]
10:44:56,525 [main] DEBUG org.apache.ibatis.datasource.pooled.PooledDataSource  - Returned connection 363509958 to pool.
10:44:56,525 [main] DEBUG org.activiti.engine.impl.interceptor.LogInterceptor  - --- DeleteGroupCmd finished --------------------------------------------------------
10:44:56,525 [main] DEBUG org.activiti.engine.impl.interceptor.LogInterceptor  - 

10:44:56,525 [main] DEBUG org.activiti.engine.impl.interceptor.LogInterceptor  - 

10:44:56,525 [main] DEBUG org.activiti.engine.impl.interceptor.LogInterceptor  - --- starting DeleteGroupCmd --------------------------------------------------------
10:44:56,525 [main] DEBUG org.apache.ibatis.transaction.jdbc.JdbcTransaction  - Opening JDBC Connection
10:44:56,525 [main] DEBUG org.apache.ibatis.datasource.pooled.PooledDataSource  - Checked out connection 180014677 from pool.
10:44:56,525 [main] DEBUG org.apache.ibatis.transaction.jdbc.JdbcTransaction  - Setting autocommit to false on JDBC Connection [conn3: url=jdbc:h2:mem:activiti user=SA]
10:44:56,525 [main] DEBUG org.activiti.engine.impl.persistence.entity.GroupEntity.selectGroup  - ==&gt;  Preparing: select * from ACT_ID_GROUP where ID_ = ? 
10:44:56,525 [main] DEBUG org.activiti.engine.impl.persistence.entity.GroupEntity.selectGroup  - ==&gt; Parameters: mammals(String)
10:44:56,525 [main] DEBUG org.activiti.engine.impl.persistence.entity.GroupEntity.selectGroup  - &lt;==      Total: 1
10:44:56,525 [main] DEBUG org.activiti.engine.impl.db.DbSqlSession  -   bulk delete: deleteMembershipsByGroupId(mammals)
10:44:56,525 [main] DEBUG org.activiti.engine.impl.db.DbSqlSession  -   delete org.activiti.engine.impl.persistence.entity.GroupEntity@73971965
10:44:56,525 [main] DEBUG org.activiti.engine.impl.db.DbSqlSession  - flush summary: 0 insert, 0 update, 2 delete.
10:44:56,525 [main] DEBUG org.activiti.engine.impl.db.DbSqlSession  - now executing flush...
10:44:56,525 [main] DEBUG org.activiti.engine.impl.db.DbSqlSession  - executing: bulk delete: deleteMembershipsByGroupId(mammals)
10:44:56,525 [main] DEBUG org.activiti.engine.impl.persistence.entity.MembershipRelation.deleteMembershipsByGroupId  - ==&gt;  Preparing: delete from ACT_ID_MEMBERSHIP where GROUP_ID_ = ? 
10:44:56,525 [main] DEBUG org.activiti.engine.impl.persistence.entity.MembershipRelation.deleteMembershipsByGroupId  - ==&gt; Parameters: mammals(String)
10:44:56,525 [main] DEBUG org.activiti.engine.impl.persistence.entity.MembershipRelation.deleteMembershipsByGroupId  - &lt;==    Updates: 0
10:44:56,525 [main] DEBUG org.activiti.engine.impl.db.DbSqlSession  - executing: delete org.activiti.engine.impl.persistence.entity.GroupEntity@73971965
10:44:56,525 [main] DEBUG org.activiti.engine.impl.persistence.entity.GroupEntity.deleteGroup  - ==&gt;  Preparing: delete from ACT_ID_GROUP where ID_ = ? and REV_ = ? 
10:44:56,525 [main] DEBUG org.activiti.engine.impl.persistence.entity.GroupEntity.deleteGroup  - ==&gt; Parameters: mammals(String), 1(Integer)
10:44:56,525 [main] DEBUG org.activiti.engine.impl.persistence.entity.GroupEntity.deleteGroup  - &lt;==    Updates: 1
10:44:56,525 [main] DEBUG org.activiti.engine.impl.cfg.standalone.StandaloneMybatisTransactionContext  - firing event committing...
10:44:56,525 [main] DEBUG org.activiti.engine.impl.cfg.standalone.StandaloneMybatisTransactionContext  - committing the ibatis sql session...
10:44:56,525 [main] DEBUG org.apache.ibatis.transaction.jdbc.JdbcTransaction  - Committing JDBC Connection [conn3: url=jdbc:h2:mem:activiti user=SA]
10:44:56,525 [main] DEBUG org.activiti.engine.impl.cfg.standalone.StandaloneMybatisTransactionContext  - firing event committed...
10:44:56,525 [main] DEBUG org.apache.ibatis.transaction.jdbc.JdbcTransaction  - Resetting autocommit to true on JDBC Connection [conn3: url=jdbc:h2:mem:activiti user=SA]
10:44:56,525 [main] DEBUG org.apache.ibatis.transaction.jdbc.JdbcTransaction  - Closing JDBC Connection [conn3: url=jdbc:h2:mem:activiti user=SA]
10:44:56,525 [main] DEBUG org.apache.ibatis.datasource.pooled.PooledDataSource  - Returned connection 180014677 to pool.
10:44:56,525 [main] DEBUG org.activiti.engine.impl.interceptor.LogInterceptor  - --- DeleteGroupCmd finished --------------------------------------------------------
10:44:56,525 [main] DEBUG org.activiti.engine.impl.interceptor.LogInterceptor  - 

10:44:56,525 [main] DEBUG org.activiti.engine.impl.interceptor.LogInterceptor  - 

10:44:56,525 [main] DEBUG org.activiti.engine.impl.interceptor.LogInterceptor  - --- starting DeleteGroupCmd --------------------------------------------------------
10:44:56,525 [main] DEBUG org.apache.ibatis.transaction.jdbc.JdbcTransaction  - Opening JDBC Connection
10:44:56,525 [main] DEBUG org.apache.ibatis.datasource.pooled.PooledDataSource  - Checked out connection 297240765 from pool.
10:44:56,525 [main] DEBUG org.apache.ibatis.transaction.jdbc.JdbcTransaction  - Setting autocommit to false on JDBC Connection [conn4: url=jdbc:h2:mem:activiti user=SA]
10:44:56,525 [main] DEBUG org.activiti.engine.impl.persistence.entity.GroupEntity.selectGroup  - ==&gt;  Preparing: select * from ACT_ID_GROUP where ID_ = ? 
10:44:56,525 [main] DEBUG org.activiti.engine.impl.persistence.entity.GroupEntity.selectGroup  - ==&gt; Parameters: frogs(String)
10:44:56,525 [main] DEBUG org.activiti.engine.impl.persistence.entity.GroupEntity.selectGroup  - &lt;==      Total: 1
10:44:56,525 [main] DEBUG org.activiti.engine.impl.db.DbSqlSession  -   bulk delete: deleteMembershipsByGroupId(frogs)
10:44:56,525 [main] DEBUG org.activiti.engine.impl.db.DbSqlSession  -   delete org.activiti.engine.impl.persistence.entity.GroupEntity@76a14c8d
10:44:56,525 [main] DEBUG org.activiti.engine.impl.db.DbSqlSession  - flush summary: 0 insert, 0 update, 2 delete.
10:44:56,525 [main] DEBUG org.activiti.engine.impl.db.DbSqlSession  - now executing flush...
10:44:56,525 [main] DEBUG org.activiti.engine.impl.db.DbSqlSession  - executing: bulk delete: deleteMembershipsByGroupId(frogs)
10:44:56,525 [main] DEBUG org.activiti.engine.impl.persistence.entity.MembershipRelation.deleteMembershipsByGroupId  - ==&gt;  Preparing: delete from ACT_ID_MEMBERSHIP where GROUP_ID_ = ? 
10:44:56,525 [main] DEBUG org.activiti.engine.impl.persistence.entity.MembershipRelation.deleteMembershipsByGroupId  - ==&gt; Parameters: frogs(String)
10:44:56,526 [main] DEBUG org.activiti.engine.impl.persistence.entity.MembershipRelation.deleteMembershipsByGroupId  - &lt;==    Updates: 0
10:44:56,526 [main] DEBUG org.activiti.engine.impl.db.DbSqlSession  - executing: delete org.activiti.engine.impl.persistence.entity.GroupEntity@76a14c8d
10:44:56,526 [main] DEBUG org.activiti.engine.impl.persistence.entity.GroupEntity.deleteGroup  - ==&gt;  Preparing: delete from ACT_ID_GROUP where ID_ = ? and REV_ = ? 
10:44:56,526 [main] DEBUG org.activiti.engine.impl.persistence.entity.GroupEntity.deleteGroup  - ==&gt; Parameters: frogs(String), 1(Integer)
10:44:56,526 [main] DEBUG org.activiti.engine.impl.persistence.entity.GroupEntity.deleteGroup  - &lt;==    Updates: 1
10:44:56,526 [main] DEBUG org.activiti.engine.impl.cfg.standalone.StandaloneMybatisTransactionContext  - firing event committing...
10:44:56,526 [main] DEBUG org.activiti.engine.impl.cfg.standalone.StandaloneMybatisTransactionContext  - committing the ibatis sql session...
10:44:56,526 [main] DEBUG org.apache.ibatis.transaction.jdbc.JdbcTransaction  - Committing JDBC Connection [conn4: url=jdbc:h2:mem:activiti user=SA]
10:44:56,526 [main] DEBUG org.activiti.engine.impl.cfg.standalone.StandaloneMybatisTransactionContext  - firing event committed...
10:44:56,526 [main] DEBUG org.apache.ibatis.transaction.jdbc.JdbcTransaction  - Resetting autocommit to true on JDBC Connection [conn4: url=jdbc:h2:mem:activiti user=SA]
10:44:56,526 [main] DEBUG org.apache.ibatis.transaction.jdbc.JdbcTransaction  - Closing JDBC Connection [conn4: url=jdbc:h2:mem:activiti user=SA]
10:44:56,526 [main] DEBUG org.apache.ibatis.datasource.pooled.PooledDataSource  - Returned connection 297240765 to pool.
10:44:56,526 [main] DEBUG org.activiti.engine.impl.interceptor.LogInterceptor  - --- DeleteGroupCmd finished --------------------------------------------------------
10:44:56,526 [main] DEBUG org.activiti.engine.impl.interceptor.LogInterceptor  - 

10:44:56,526 [main] DEBUG org.activiti.engine.impl.interceptor.LogInterceptor  - 

10:44:56,526 [main] DEBUG org.activiti.engine.impl.interceptor.LogInterceptor  - --- starting DeleteGroupCmd --------------------------------------------------------
10:44:56,526 [main] DEBUG org.apache.ibatis.transaction.jdbc.JdbcTransaction  - Opening JDBC Connection
10:44:56,526 [main] DEBUG org.apache.ibatis.datasource.pooled.PooledDataSource  - Checked out connection 363509958 from pool.
10:44:56,526 [main] DEBUG org.apache.ibatis.transaction.jdbc.JdbcTransaction  - Setting autocommit to false on JDBC Connection [conn2: url=jdbc:h2:mem:activiti user=SA]
10:44:56,526 [main] DEBUG org.activiti.engine.impl.persistence.entity.GroupEntity.selectGroup  - ==&gt;  Preparing: select * from ACT_ID_GROUP where ID_ = ? 
10:44:56,526 [main] DEBUG org.activiti.engine.impl.persistence.entity.GroupEntity.selectGroup  - ==&gt; Parameters: admin(String)
10:44:56,526 [main] DEBUG org.activiti.engine.impl.persistence.entity.GroupEntity.selectGroup  - &lt;==      Total: 1
10:44:56,526 [main] DEBUG org.activiti.engine.impl.db.DbSqlSession  -   bulk delete: deleteMembershipsByGroupId(admin)
10:44:56,526 [main] DEBUG org.activiti.engine.impl.db.DbSqlSession  -   delete org.activiti.engine.impl.persistence.entity.GroupEntity@17410c07
10:44:56,526 [main] DEBUG org.activiti.engine.impl.db.DbSqlSession  - flush summary: 0 insert, 0 update, 2 delete.
10:44:56,526 [main] DEBUG org.activiti.engine.impl.db.DbSqlSession  - now executing flush...
10:44:56,526 [main] DEBUG org.activiti.engine.impl.db.DbSqlSession  - executing: bulk delete: deleteMembershipsByGroupId(admin)
10:44:56,526 [main] DEBUG org.activiti.engine.impl.persistence.entity.MembershipRelation.deleteMembershipsByGroupId  - ==&gt;  Preparing: delete from ACT_ID_MEMBERSHIP where GROUP_ID_ = ? 
10:44:56,526 [main] DEBUG org.activiti.engine.impl.persistence.entity.MembershipRelation.deleteMembershipsByGroupId  - ==&gt; Parameters: admin(String)
10:44:56,526 [main] DEBUG org.activiti.engine.impl.persistence.entity.MembershipRelation.deleteMembershipsByGroupId  - &lt;==    Updates: 0
10:44:56,526 [main] DEBUG org.activiti.engine.impl.db.DbSqlSession  - executing: delete org.activiti.engine.impl.persistence.entity.GroupEntity@17410c07
10:44:56,526 [main] DEBUG org.activiti.engine.impl.persistence.entity.GroupEntity.deleteGroup  - ==&gt;  Preparing: delete from ACT_ID_GROUP where ID_ = ? and REV_ = ? 
10:44:56,526 [main] DEBUG org.activiti.engine.impl.persistence.entity.GroupEntity.deleteGroup  - ==&gt; Parameters: admin(String), 1(Integer)
10:44:56,526 [main] DEBUG org.activiti.engine.impl.persistence.entity.GroupEntity.deleteGroup  - &lt;==    Updates: 1
10:44:56,526 [main] DEBUG org.activiti.engine.impl.cfg.standalone.StandaloneMybatisTransactionContext  - firing event committing...
10:44:56,526 [main] DEBUG org.activiti.engine.impl.cfg.standalone.StandaloneMybatisTransactionContext  - committing the ibatis sql session...
10:44:56,526 [main] DEBUG org.apache.ibatis.transaction.jdbc.JdbcTransaction  - Committing JDBC Connection [conn2: url=jdbc:h2:mem:activiti user=SA]
10:44:56,526 [main] DEBUG org.activiti.engine.impl.cfg.standalone.StandaloneMybatisTransactionContext  - firing event committed...
10:44:56,526 [main] DEBUG org.apache.ibatis.transaction.jdbc.JdbcTransaction  - Resetting autocommit to true on JDBC Connection [conn2: url=jdbc:h2:mem:activiti user=SA]
10:44:56,526 [main] DEBUG org.apache.ibatis.transaction.jdbc.JdbcTransaction  - Closing JDBC Connection [conn2: url=jdbc:h2:mem:activiti user=SA]
10:44:56,526 [main] DEBUG org.apache.ibatis.datasource.pooled.PooledDataSource  - Returned connection 363509958 to pool.
10:44:56,526 [main] DEBUG org.activiti.engine.impl.interceptor.LogInterceptor  - --- DeleteGroupCmd finished --------------------------------------------------------
10:44:56,526 [main] DEBUG org.activiti.engine.impl.interceptor.LogInterceptor  - 

10:44:56,526 [main] ERROR org.activiti.engine.impl.test.PvmTestCase  - 

10:44:56,526 [main] ERROR org.activiti.engine.impl.test.PvmTestCase  - EXCEPTION: org.apache.ibatis.exceptions.PersistenceException: 
### Error querying database.  Cause: org.h2.jdbc.JdbcSQLException: Syntax error in SQL statement &quot;SELECT RES.* 
     
    FROM ACT_ID_GROUP RES
     
     WHERE  RES.NAME_ LIKE ? 
   
     ORDER BY  ORDER[*] BY RES.ID_ ASC  
    LIMIT ? OFFSET ? &quot;; expected &quot;=, NOT, EXISTS, INTERSECTS, SELECT, FROM&quot;; SQL statement:
select RES.* 
     
    from ACT_ID_GROUP RES
     
     WHERE  RES.NAME_ like ? 
   
     order by  order by RES.ID_ asc  
    LIMIT ? OFFSET ? [42001-176]
### The error may exist in org/activiti/db/mapping/entity/Group.xml
### The error may involve org.activiti.engine.impl.persistence.entity.GroupEntity.selectGroupByQueryCriteria
### The error occurred while executing a query
### SQL: select RES.*            from ACT_ID_GROUP RES            WHERE  RES.NAME_ like ?           order by  order by RES.ID_ asc       LIMIT ? OFFSET ?
### Cause: org.h2.jdbc.JdbcSQLException: Syntax error in SQL statement &quot;SELECT RES.* 
     
    FROM ACT_ID_GROUP RES
     
     WHERE  RES.NAME_ LIKE ? 
   
     ORDER BY  ORDER[*] BY RES.ID_ ASC  
    LIMIT ? OFFSET ? &quot;; expected &quot;=, NOT, EXISTS, INTERSECTS, SELECT, FROM&quot;; SQL statement:
select RES.* 
     
    from ACT_ID_GROUP RES
     
     WHERE  RES.NAME_ like ? 
   
     order by  order by RES.ID_ asc  
    LIMIT ? OFFSET ? [42001-176]
org.apache.ibatis.exceptions.PersistenceException: 
### Error querying database.  Cause: org.h2.jdbc.JdbcSQLException: Syntax error in SQL statement &quot;SELECT RES.* 
     
    FROM ACT_ID_GROUP RES
     
     WHERE  RES.NAME_ LIKE ? 
   
     ORDER BY  ORDER[*] BY RES.ID_ ASC  
    LIMIT ? OFFSET ? &quot;; expected &quot;=, NOT, EXISTS, INTERSECTS, SELECT, FROM&quot;; SQL statement:
select RES.* 
     
    from ACT_ID_GROUP RES
     
     WHERE  RES.NAME_ like ? 
   
     order by  order by RES.ID_ asc  
    LIMIT ? OFFSET ? [42001-176]
### The error may exist in org/activiti/db/mapping/entity/Group.xml
### The error may involve org.activiti.engine.impl.persistence.entity.GroupEntity.selectGroupByQueryCriteria
### The error occurred while executing a query
### SQL: select RES.*            from ACT_ID_GROUP RES            WHERE  RES.NAME_ like ?           order by  order by RES.ID_ asc       LIMIT ? OFFSET ?
### Cause: org.h2.jdbc.JdbcSQLException: Syntax error in SQL statement &quot;SELECT RES.* 
     
    FROM ACT_ID_GROUP RES
     
     WHERE  RES.NAME_ LIKE ? 
   
     ORDER BY  ORDER[*] BY RES.ID_ ASC  
    LIMIT ? OFFSET ? &quot;; expected &quot;=, NOT, EXISTS, INTERSECTS, SELECT, FROM&quot;; SQL statement:
select RES.* 
     
    from ACT_ID_GROUP RES
     
     WHERE  RES.NAME_ like ? 
   
     order by  order by RES.ID_ asc  
    LIMIT ? OFFSET ? [42001-176]
	at org.apache.ibatis.exceptions.ExceptionFactory.wrapException(ExceptionFactory.java:30)
	at org.apache.ibatis.session.defaults.DefaultSqlSession.selectList(DefaultSqlSession.java:122)
	at org.apache.ibatis.session.defaults.DefaultSqlSession.selectList(DefaultSqlSession.java:113)
	at org.activiti.engine.impl.db.DbSqlSession.selectListWithRawParameter(DbSqlSession.java:438)
	at org.activiti.engine.impl.db.DbSqlSession.selectList(DbSqlSession.java:429)
	at org.activiti.engine.impl.db.DbSqlSession.selectList(DbSqlSession.java:419)
	at org.activiti.engine.impl.persistence.entity.GroupEntityManager.findGroupByQueryCriteria(GroupEntityManager.java:90)
	at org.activiti.engine.impl.GroupQueryImpl.executeList(GroupQueryImpl.java:125)
	at org.activiti.engine.impl.AbstractQuery.execute(AbstractQuery.java:164)
	at org.activiti.engine.impl.interceptor.CommandInvoker.execute(CommandInvoker.java:24)
	at org.activiti.engine.impl.interceptor.CommandContextInterceptor.execute(CommandContextInterceptor.java:57)
	at org.activiti.engine.impl.interceptor.LogInterceptor.execute(LogInterceptor.java:37)
	at org.activiti.engine.impl.cfg.CommandExecutorImpl.execute(CommandExecutorImpl.java:40)
	at org.activiti.engine.impl.cfg.CommandExecutorImpl.execute(CommandExecutorImpl.java:35)
	at org.activiti.engine.impl.AbstractQuery.list(AbstractQuery.java:138)
	at org.activiti.engine.test.api.identity.GroupQueryTest.verifyQueryResults(GroupQueryTest.java:221)
	at org.activiti.engine.test.api.identity.GroupQueryTest.testQueryByInvalidNameLike(GroupQueryTest.java:124)
	at sun.reflect.NativeMethodAccessorImpl.invoke0(Native Method)
	at sun.reflect.NativeMethodAccessorImpl.invoke(NativeMethodAccessorImpl.java:62)
	at sun.reflect.DelegatingMethodAccessorImpl.invoke(DelegatingMethodAccessorImpl.java:43)
	at java.lang.reflect.Method.invoke(Method.java:498)
	at junit.framework.TestCase.runTest(TestCase.java:176)
	at org.activiti.engine.impl.test.PvmTestCase.runTest(PvmTestCase.java:65)
	at junit.framework.TestCase.runBare(TestCase.java:141)
	at org.activiti.engine.impl.test.AbstractActivitiTestCase.runBare(AbstractActivitiTestCase.java:100)
	at junit.framework.TestResult$1.protect(TestResult.java:122)
	at junit.framework.TestResult.runProtected(TestResult.java:142)
	at junit.framework.TestResult.run(TestResult.java:125)
	at junit.framework.TestCase.run(TestCase.java:129)
	at junit.framework.TestSuite.runTest(TestSuite.java:255)
	at junit.framework.TestSuite.run(TestSuite.java:250)
	at org.junit.internal.runners.JUnit38ClassRunner.run(JUnit38ClassRunner.java:84)
	at org.apache.maven.surefire.junit4.JUnit4TestSet.execute(JUnit4TestSet.java:35)
	at org.apache.maven.surefire.junit4.JUnit4Provider.executeTestSet(JUnit4Provider.java:146)
	at org.apache.maven.surefire.junit4.JUnit4Provider.invoke(JUnit4Provider.java:97)
	at sun.reflect.NativeMethodAccessorImpl.invoke0(Native Method)
	at sun.reflect.NativeMethodAccessorImpl.invoke(NativeMethodAccessorImpl.java:62)
	at sun.reflect.DelegatingMethodAccessorImpl.invoke(DelegatingMethodAccessorImpl.java:43)
	at java.lang.reflect.Method.invoke(Method.java:498)
	at org.apache.maven.surefire.booter.ProviderFactory$ClassLoaderProxy.invoke(ProviderFactory.java:103)
	at com.sun.proxy.$Proxy0.invoke(Unknown Source)
	at org.apache.maven.surefire.booter.SurefireStarter.invokeProvider(SurefireStarter.java:145)
	at org.apache.maven.surefire.booter.SurefireStarter.runSuitesInProcess(SurefireStarter.java:87)
	at org.apache.maven.surefire.booter.ForkedBooter.main(ForkedBooter.java:69)
Caused by: org.h2.jdbc.JdbcSQLException: Syntax error in SQL statement &quot;SELECT RES.* 
     
    FROM ACT_ID_GROUP RES
     
     WHERE  RES.NAME_ LIKE ? 
   
     ORDER BY  ORDER[*] BY RES.ID_ ASC  
    LIMIT ? OFFSET ? &quot;; expected &quot;=, NOT, EXISTS, INTERSECTS, SELECT, FROM&quot;; SQL statement:
select RES.* 
     
    from ACT_ID_GROUP RES
     
     WHERE  RES.NAME_ like ? 
   
     order by  order by RES.ID_ asc  
    LIMIT ? OFFSET ? [42001-176]
	at org.h2.message.DbException.getJdbcSQLException(DbException.java:344)
	at org.h2.message.DbException.getSyntaxError(DbException.java:204)
	at org.h2.command.Parser.getSyntaxError(Parser.java:524)
	at org.h2.command.Parser.readTerm(Parser.java:2688)
	at org.h2.command.Parser.readFactor(Parser.java:2244)
	at org.h2.command.Parser.readSum(Parser.java:2231)
	at org.h2.command.Parser.readConcat(Parser.java:2201)
	at org.h2.command.Parser.readCondition(Parser.java:2051)
	at org.h2.command.Parser.readAnd(Parser.java:2023)
	at org.h2.command.Parser.readExpression(Parser.java:2015)
	at org.h2.command.Parser.parseEndOfQuery(Parser.java:1726)
	at org.h2.command.Parser.parseSelectUnionExtension(Parser.java:1706)
	at org.h2.command.Parser.parseSelectUnion(Parser.java:1675)
	at org.h2.command.Parser.parseSelect(Parser.java:1662)
	at org.h2.command.Parser.parsePrepared(Parser.java:434)
	at org.h2.command.Parser.parse(Parser.java:306)
	at org.h2.command.Parser.parse(Parser.java:282)
	at org.h2.command.Parser.prepareCommand(Parser.java:243)
	at org.h2.engine.Session.prepareLocal(Session.java:442)
	at org.h2.engine.Session.prepareCommand(Session.java:384)
	at org.h2.jdbc.JdbcConnection.prepareCommand(JdbcConnection.java:1188)
	at org.h2.jdbc.JdbcPreparedStatement.&lt;init&gt;(JdbcPreparedStatement.java:73)
	at org.h2.jdbc.JdbcConnection.prepareStatement(JdbcConnection.java:276)
	at sun.reflect.GeneratedMethodAccessor6.invoke(Unknown Source)
	at sun.reflect.DelegatingMethodAccessorImpl.invoke(DelegatingMethodAccessorImpl.java:43)
	at java.lang.reflect.Method.invoke(Method.java:498)
	at org.apache.ibatis.datasource.pooled.PooledConnection.invoke(PooledConnection.java:245)
	at com.sun.proxy.$Proxy12.prepareStatement(Unknown Source)
	at sun.reflect.GeneratedMethodAccessor6.invoke(Unknown Source)
	at sun.reflect.DelegatingMethodAccessorImpl.invoke(DelegatingMethodAccessorImpl.java:43)
	at java.lang.reflect.Method.invoke(Method.java:498)
	at org.apache.ibatis.logging.jdbc.ConnectionLogger.invoke(ConnectionLogger.java:55)
	at com.sun.proxy.$Proxy12.prepareStatement(Unknown Source)
	at org.apache.ibatis.executor.statement.PreparedStatementHandler.instantiateStatement(PreparedStatementHandler.java:79)
	at org.apache.ibatis.executor.statement.BaseStatementHandler.prepare(BaseStatementHandler.java:88)
	at org.apache.ibatis.executor.statement.RoutingStatementHandler.prepare(RoutingStatementHandler.java:58)
	at org.apache.ibatis.executor.SimpleExecutor.prepareStatement(SimpleExecutor.java:76)
	at org.apache.ibatis.executor.SimpleExecutor.doQuery(SimpleExecutor.java:61)
	at org.apache.ibatis.executor.BaseExecutor.queryFromDatabase(BaseExecutor.java:303)
	at org.apache.ibatis.executor.BaseExecutor.query(BaseExecutor.java:154)
	at org.apache.ibatis.executor.CachingExecutor.query(CachingExecutor.java:102)
	at org.apache.ibatis.executor.CachingExecutor.query(CachingExecutor.java:82)
	at org.apache.ibatis.session.defaults.DefaultSqlSession.selectList(DefaultSqlSession.java:120)
	... 42 more
10:44:56,526 [main] DEBUG org.activiti.engine.impl.test.PvmTestCase  - verifying that db is clean after test
10:44:56,526 [main] DEBUG org.activiti.engine.impl.interceptor.LogInterceptor  - 

10:44:56,526 [main] DEBUG org.activiti.engine.impl.interceptor.LogInterceptor  - --- starting GetTableCountCmd --------------------------------------------------------
10:44:56,526 [main] DEBUG org.apache.ibatis.transaction.jdbc.JdbcTransaction  - Opening JDBC Connection
10:44:56,526 [main] DEBUG org.apache.ibatis.datasource.pooled.PooledDataSource  - Checked out connection 180014677 from pool.
10:44:56,526 [main] DEBUG org.apache.ibatis.transaction.jdbc.JdbcTransaction  - Setting autocommit to false on JDBC Connection [conn3: url=jdbc:h2:mem:activiti user=SA]
10:44:56,526 [main] DEBUG org.activiti.engine.impl.persistence.entity.TableDataManager  - retrieving activiti tables from jdbc metadata
10:44:56,527 [main] DEBUG org.activiti.engine.impl.persistence.entity.TableDataManager  -   retrieved activiti table name ACT_EVT_LOG
10:44:56,527 [main] DEBUG org.activiti.engine.impl.persistence.entity.TableDataManager  -   retrieved activiti table name ACT_GE_BYTEARRAY
10:44:56,527 [main] DEBUG org.activiti.engine.impl.persistence.entity.TableDataManager  -   retrieved activiti table name ACT_GE_PROPERTY
10:44:56,527 [main] DEBUG org.activiti.engine.impl.persistence.entity.TableDataManager  -   retrieved activiti table name ACT_HI_ACTINST
10:44:56,527 [main] DEBUG org.activiti.engine.impl.persistence.entity.TableDataManager  -   retrieved activiti table name ACT_HI_ATTACHMENT
10:44:56,527 [main] DEBUG org.activiti.engine.impl.persistence.entity.TableDataManager  -   retrieved activiti table name ACT_HI_COMMENT
10:44:56,527 [main] DEBUG org.activiti.engine.impl.persistence.entity.TableDataManager  -   retrieved activiti table name ACT_HI_DETAIL
10:44:56,527 [main] DEBUG org.activiti.engine.impl.persistence.entity.TableDataManager  -   retrieved activiti table name ACT_HI_IDENTITYLINK
10:44:56,527 [main] DEBUG org.activiti.engine.impl.persistence.entity.TableDataManager  -   retrieved activiti table name ACT_HI_PROCINST
10:44:56,527 [main] DEBUG org.activiti.engine.impl.persistence.entity.TableDataManager  -   retrieved activiti table name ACT_HI_TASKINST
10:44:56,527 [main] DEBUG org.activiti.engine.impl.persistence.entity.TableDataManager  -   retrieved activiti table name ACT_HI_VARINST
10:44:56,527 [main] DEBUG org.activiti.engine.impl.persistence.entity.TableDataManager  -   retrieved activiti table name ACT_ID_GROUP
10:44:56,527 [main] DEBUG org.activiti.engine.impl.persistence.entity.TableDataManager  -   retrieved activiti table name ACT_ID_INFO
10:44:56,527 [main] DEBUG org.activiti.engine.impl.persistence.entity.TableDataManager  -   retrieved activiti table name ACT_ID_MEMBERSHIP
10:44:56,527 [main] DEBUG org.activiti.engine.impl.persistence.entity.TableDataManager  -   retrieved activiti table name ACT_ID_USER
10:44:56,527 [main] DEBUG org.activiti.engine.impl.persistence.entity.TableDataManager  -   retrieved activiti table name ACT_PROCDEF_INFO
10:44:56,527 [main] DEBUG org.activiti.engine.impl.persistence.entity.TableDataManager  -   retrieved activiti table name ACT_RE_DEPLOYMENT
10:44:56,527 [main] DEBUG org.activiti.engine.impl.persistence.entity.TableDataManager  -   retrieved activiti table name ACT_RE_MODEL
10:44:56,527 [main] DEBUG org.activiti.engine.impl.persistence.entity.TableDataManager  -   retrieved activiti table name ACT_RE_PROCDEF
10:44:56,527 [main] DEBUG org.activiti.engine.impl.persistence.entity.TableDataManager  -   retrieved activiti table name ACT_RU_EVENT_SUBSCR
10:44:56,527 [main] DEBUG org.activiti.engine.impl.persistence.entity.TableDataManager  -   retrieved activiti table name ACT_RU_EXECUTION
10:44:56,527 [main] DEBUG org.activiti.engine.impl.persistence.entity.TableDataManager  -   retrieved activiti table name ACT_RU_IDENTITYLINK
10:44:56,527 [main] DEBUG org.activiti.engine.impl.persistence.entity.TableDataManager  -   retrieved activiti table name ACT_RU_JOB
10:44:56,527 [main] DEBUG org.activiti.engine.impl.persistence.entity.TableDataManager  -   retrieved activiti table name ACT_RU_TASK
10:44:56,527 [main] DEBUG org.activiti.engine.impl.persistence.entity.TableDataManager  -   retrieved activiti table name ACT_RU_VARIABLE
10:44:56,527 [main] DEBUG org.activiti.engine.impl.persistence.entity.TableDataManager  - selecting table count for ACT_EVT_LOG
10:44:56,527 [main] DEBUG org.activiti.engine.impl.TablePageMap.selectTableCount  - ==&gt;  Preparing: select count(*) from ACT_EVT_LOG 
10:44:56,527 [main] DEBUG org.activiti.engine.impl.TablePageMap.selectTableCount  - ==&gt; Parameters: 
10:44:56,527 [main] DEBUG org.activiti.engine.impl.TablePageMap.selectTableCount  - &lt;==      Total: 1
10:44:56,527 [main] DEBUG org.activiti.engine.impl.persistence.entity.TableDataManager  - selecting table count for ACT_GE_BYTEARRAY
10:44:56,527 [main] DEBUG org.activiti.engine.impl.TablePageMap.selectTableCount  - ==&gt;  Preparing: select count(*) from ACT_GE_BYTEARRAY 
10:44:56,527 [main] DEBUG org.activiti.engine.impl.TablePageMap.selectTableCount  - ==&gt; Parameters: 
10:44:56,527 [main] DEBUG org.activiti.engine.impl.TablePageMap.selectTableCount  - &lt;==      Total: 1
10:44:56,527 [main] DEBUG org.activiti.engine.impl.persistence.entity.TableDataManager  - selecting table count for ACT_GE_PROPERTY
10:44:56,527 [main] DEBUG org.activiti.engine.impl.TablePageMap.selectTableCount  - ==&gt;  Preparing: select count(*) from ACT_GE_PROPERTY 
10:44:56,527 [main] DEBUG org.activiti.engine.impl.TablePageMap.selectTableCount  - ==&gt; Parameters: 
10:44:56,527 [main] DEBUG org.activiti.engine.impl.TablePageMap.selectTableCount  - &lt;==      Total: 1
10:44:56,527 [main] DEBUG org.activiti.engine.impl.persistence.entity.TableDataManager  - selecting table count for ACT_HI_ACTINST
10:44:56,527 [main] DEBUG org.activiti.engine.impl.TablePageMap.selectTableCount  - ==&gt;  Preparing: select count(*) from ACT_HI_ACTINST 
10:44:56,527 [main] DEBUG org.activiti.engine.impl.TablePageMap.selectTableCount  - ==&gt; Parameters: 
10:44:56,527 [main] DEBUG org.activiti.engine.impl.TablePageMap.selectTableCount  - &lt;==      Total: 1
10:44:56,527 [main] DEBUG org.activiti.engine.impl.persistence.entity.TableDataManager  - selecting table count for ACT_HI_ATTACHMENT
10:44:56,527 [main] DEBUG org.activiti.engine.impl.TablePageMap.selectTableCount  - ==&gt;  Preparing: select count(*) from ACT_HI_ATTACHMENT 
10:44:56,527 [main] DEBUG org.activiti.engine.impl.TablePageMap.selectTableCount  - ==&gt; Parameters: 
10:44:56,527 [main] DEBUG org.activiti.engine.impl.TablePageMap.selectTableCount  - &lt;==      Total: 1
10:44:56,527 [main] DEBUG org.activiti.engine.impl.persistence.entity.TableDataManager  - selecting table count for ACT_HI_COMMENT
10:44:56,527 [main] DEBUG org.activiti.engine.impl.TablePageMap.selectTableCount  - ==&gt;  Preparing: select count(*) from ACT_HI_COMMENT 
10:44:56,527 [main] DEBUG org.activiti.engine.impl.TablePageMap.selectTableCount  - ==&gt; Parameters: 
10:44:56,527 [main] DEBUG org.activiti.engine.impl.TablePageMap.selectTableCount  - &lt;==      Total: 1
10:44:56,527 [main] DEBUG org.activiti.engine.impl.persistence.entity.TableDataManager  - selecting table count for ACT_HI_DETAIL
10:44:56,527 [main] DEBUG org.activiti.engine.impl.TablePageMap.selectTableCount  - ==&gt;  Preparing: select count(*) from ACT_HI_DETAIL 
10:44:56,527 [main] DEBUG org.activiti.engine.impl.TablePageMap.selectTableCount  - ==&gt; Parameters: 
10:44:56,527 [main] DEBUG org.activiti.engine.impl.TablePageMap.selectTableCount  - &lt;==      Total: 1
10:44:56,527 [main] DEBUG org.activiti.engine.impl.persistence.entity.TableDataManager  - selecting table count for ACT_HI_IDENTITYLINK
10:44:56,527 [main] DEBUG org.activiti.engine.impl.TablePageMap.selectTableCount  - ==&gt;  Preparing: select count(*) from ACT_HI_IDENTITYLINK 
10:44:56,527 [main] DEBUG org.activiti.engine.impl.TablePageMap.selectTableCount  - ==&gt; Parameters: 
10:44:56,527 [main] DEBUG org.activiti.engine.impl.TablePageMap.selectTableCount  - &lt;==      Total: 1
10:44:56,527 [main] DEBUG org.activiti.engine.impl.persistence.entity.TableDataManager  - selecting table count for ACT_HI_PROCINST
10:44:56,527 [main] DEBUG org.activiti.engine.impl.TablePageMap.selectTableCount  - ==&gt;  Preparing: select count(*) from ACT_HI_PROCINST 
10:44:56,527 [main] DEBUG org.activiti.engine.impl.TablePageMap.selectTableCount  - ==&gt; Parameters: 
10:44:56,527 [main] DEBUG org.activiti.engine.impl.TablePageMap.selectTableCount  - &lt;==      Total: 1
10:44:56,527 [main] DEBUG org.activiti.engine.impl.persistence.entity.TableDataManager  - selecting table count for ACT_HI_TASKINST
10:44:56,527 [main] DEBUG org.activiti.engine.impl.TablePageMap.selectTableCount  - ==&gt;  Preparing: select count(*) from ACT_HI_TASKINST 
10:44:56,527 [main] DEBUG org.activiti.engine.impl.TablePageMap.selectTableCount  - ==&gt; Parameters: 
10:44:56,527 [main] DEBUG org.activiti.engine.impl.TablePageMap.selectTableCount  - &lt;==      Total: 1
10:44:56,527 [main] DEBUG org.activiti.engine.impl.persistence.entity.TableDataManager  - selecting table count for ACT_HI_VARINST
10:44:56,527 [main] DEBUG org.activiti.engine.impl.TablePageMap.selectTableCount  - ==&gt;  Preparing: select count(*) from ACT_HI_VARINST 
10:44:56,527 [main] DEBUG org.activiti.engine.impl.TablePageMap.selectTableCount  - ==&gt; Parameters: 
10:44:56,527 [main] DEBUG org.activiti.engine.impl.TablePageMap.selectTableCount  - &lt;==      Total: 1
10:44:56,527 [main] DEBUG org.activiti.engine.impl.persistence.entity.TableDataManager  - selecting table count for ACT_ID_GROUP
10:44:56,527 [main] DEBUG org.activiti.engine.impl.TablePageMap.selectTableCount  - ==&gt;  Preparing: select count(*) from ACT_ID_GROUP 
10:44:56,527 [main] DEBUG org.activiti.engine.impl.TablePageMap.selectTableCount  - ==&gt; Parameters: 
10:44:56,527 [main] DEBUG org.activiti.engine.impl.TablePageMap.selectTableCount  - &lt;==      Total: 1
10:44:56,527 [main] DEBUG org.activiti.engine.impl.persistence.entity.TableDataManager  - selecting table count for ACT_ID_INFO
10:44:56,527 [main] DEBUG org.activiti.engine.impl.TablePageMap.selectTableCount  - ==&gt;  Preparing: select count(*) from ACT_ID_INFO 
10:44:56,527 [main] DEBUG org.activiti.engine.impl.TablePageMap.selectTableCount  - ==&gt; Parameters: 
10:44:56,527 [main] DEBUG org.activiti.engine.impl.TablePageMap.selectTableCount  - &lt;==      Total: 1
10:44:56,527 [main] DEBUG org.activiti.engine.impl.persistence.entity.TableDataManager  - selecting table count for ACT_ID_MEMBERSHIP
10:44:56,527 [main] DEBUG org.activiti.engine.impl.TablePageMap.selectTableCount  - ==&gt;  Preparing: select count(*) from ACT_ID_MEMBERSHIP 
10:44:56,527 [main] DEBUG org.activiti.engine.impl.TablePageMap.selectTableCount  - ==&gt; Parameters: 
10:44:56,527 [main] DEBUG org.activiti.engine.impl.TablePageMap.selectTableCount  - &lt;==      Total: 1
10:44:56,527 [main] DEBUG org.activiti.engine.impl.persistence.entity.TableDataManager  - selecting table count for ACT_ID_USER
10:44:56,527 [main] DEBUG org.activiti.engine.impl.TablePageMap.selectTableCount  - ==&gt;  Preparing: select count(*) from ACT_ID_USER 
10:44:56,527 [main] DEBUG org.activiti.engine.impl.TablePageMap.selectTableCount  - ==&gt; Parameters: 
10:44:56,527 [main] DEBUG org.activiti.engine.impl.TablePageMap.selectTableCount  - &lt;==      Total: 1
10:44:56,527 [main] DEBUG org.activiti.engine.impl.persistence.entity.TableDataManager  - selecting table count for ACT_PROCDEF_INFO
10:44:56,527 [main] DEBUG org.activiti.engine.impl.TablePageMap.selectTableCount  - ==&gt;  Preparing: select count(*) from ACT_PROCDEF_INFO 
10:44:56,527 [main] DEBUG org.activiti.engine.impl.TablePageMap.selectTableCount  - ==&gt; Parameters: 
10:44:56,528 [main] DEBUG org.activiti.engine.impl.TablePageMap.selectTableCount  - &lt;==      Total: 1
10:44:56,528 [main] DEBUG org.activiti.engine.impl.persistence.entity.TableDataManager  - selecting table count for ACT_RE_DEPLOYMENT
10:44:56,528 [main] DEBUG org.activiti.engine.impl.TablePageMap.selectTableCount  - ==&gt;  Preparing: select count(*) from ACT_RE_DEPLOYMENT 
10:44:56,528 [main] DEBUG org.activiti.engine.impl.TablePageMap.selectTableCount  - ==&gt; Parameters: 
10:44:56,528 [main] DEBUG org.activiti.engine.impl.TablePageMap.selectTableCount  - &lt;==      Total: 1
10:44:56,528 [main] DEBUG org.activiti.engine.impl.persistence.entity.TableDataManager  - selecting table count for ACT_RE_MODEL
10:44:56,528 [main] DEBUG org.activiti.engine.impl.TablePageMap.selectTableCount  - ==&gt;  Preparing: select count(*) from ACT_RE_MODEL 
10:44:56,528 [main] DEBUG org.activiti.engine.impl.TablePageMap.selectTableCount  - ==&gt; Parameters: 
10:44:56,528 [main] DEBUG org.activiti.engine.impl.TablePageMap.selectTableCount  - &lt;==      Total: 1
10:44:56,528 [main] DEBUG org.activiti.engine.impl.persistence.entity.TableDataManager  - selecting table count for ACT_RE_PROCDEF
10:44:56,528 [main] DEBUG org.activiti.engine.impl.TablePageMap.selectTableCount  - ==&gt;  Preparing: select count(*) from ACT_RE_PROCDEF 
10:44:56,528 [main] DEBUG org.activiti.engine.impl.TablePageMap.selectTableCount  - ==&gt; Parameters: 
10:44:56,528 [main] DEBUG org.activiti.engine.impl.TablePageMap.selectTableCount  - &lt;==      Total: 1
10:44:56,528 [main] DEBUG org.activiti.engine.impl.persistence.entity.TableDataManager  - selecting table count for ACT_RU_EVENT_SUBSCR
10:44:56,528 [main] DEBUG org.activiti.engine.impl.TablePageMap.selectTableCount  - ==&gt;  Preparing: select count(*) from ACT_RU_EVENT_SUBSCR 
10:44:56,528 [main] DEBUG org.activiti.engine.impl.TablePageMap.selectTableCount  - ==&gt; Parameters: 
10:44:56,528 [main] DEBUG org.activiti.engine.impl.TablePageMap.selectTableCount  - &lt;==      Total: 1
10:44:56,528 [main] DEBUG org.activiti.engine.impl.persistence.entity.TableDataManager  - selecting table count for ACT_RU_EXECUTION
10:44:56,528 [main] DEBUG org.activiti.engine.impl.TablePageMap.selectTableCount  - ==&gt;  Preparing: select count(*) from ACT_RU_EXECUTION 
10:44:56,528 [main] DEBUG org.activiti.engine.impl.TablePageMap.selectTableCount  - ==&gt; Parameters: 
10:44:56,528 [main] DEBUG org.activiti.engine.impl.TablePageMap.selectTableCount  - &lt;==      Total: 1
10:44:56,528 [main] DEBUG org.activiti.engine.impl.persistence.entity.TableDataManager  - selecting table count for ACT_RU_IDENTITYLINK
10:44:56,528 [main] DEBUG org.activiti.engine.impl.TablePageMap.selectTableCount  - ==&gt;  Preparing: select count(*) from ACT_RU_IDENTITYLINK 
10:44:56,528 [main] DEBUG org.activiti.engine.impl.TablePageMap.selectTableCount  - ==&gt; Parameters: 
10:44:56,528 [main] DEBUG org.activiti.engine.impl.TablePageMap.selectTableCount  - &lt;==      Total: 1
10:44:56,528 [main] DEBUG org.activiti.engine.impl.persistence.entity.TableDataManager  - selecting table count for ACT_RU_JOB
10:44:56,528 [main] DEBUG org.activiti.engine.impl.TablePageMap.selectTableCount  - ==&gt;  Preparing: select count(*) from ACT_RU_JOB 
10:44:56,528 [main] DEBUG org.activiti.engine.impl.TablePageMap.selectTableCount  - ==&gt; Parameters: 
10:44:56,528 [main] DEBUG org.activiti.engine.impl.TablePageMap.selectTableCount  - &lt;==      Total: 1
10:44:56,528 [main] DEBUG org.activiti.engine.impl.persistence.entity.TableDataManager  - selecting table count for ACT_RU_TASK
10:44:56,528 [main] DEBUG org.activiti.engine.impl.TablePageMap.selectTableCount  - ==&gt;  Preparing: select count(*) from ACT_RU_TASK 
10:44:56,528 [main] DEBUG org.activiti.engine.impl.TablePageMap.selectTableCount  - ==&gt; Parameters: 
10:44:56,528 [main] DEBUG org.activiti.engine.impl.TablePageMap.selectTableCount  - &lt;==      Total: 1
10:44:56,528 [main] DEBUG org.activiti.engine.impl.persistence.entity.TableDataManager  - selecting table count for ACT_RU_VARIABLE
10:44:56,528 [main] DEBUG org.activiti.engine.impl.TablePageMap.selectTableCount  - ==&gt;  Preparing: select count(*) from ACT_RU_VARIABLE 
10:44:56,528 [main] DEBUG org.activiti.engine.impl.TablePageMap.selectTableCount  - ==&gt; Parameters: 
10:44:56,528 [main] DEBUG org.activiti.engine.impl.TablePageMap.selectTableCount  - &lt;==      Total: 1
10:44:56,528 [main] DEBUG org.activiti.engine.impl.persistence.entity.TableDataManager  - Number of rows per activiti table: {ACT_RU_EVENT_SUBSCR=0, ACT_ID_USER=0, ACT_HI_ATTACHMENT=0, ACT_GE_BYTEARRAY=0, ACT_RE_MODEL=0, ACT_RU_VARIABLE=0, ACT_RU_TASK=0, ACT_RE_DEPLOYMENT=0, ACT_RE_PROCDEF=0, ACT_ID_GROUP=0, ACT_HI_VARINST=0, ACT_HI_COMMENT=0, ACT_HI_PROCINST=0, ACT_ID_INFO=0, ACT_ID_MEMBERSHIP=0, ACT_RU_JOB=0, ACT_PROCDEF_INFO=0, ACT_HI_ACTINST=0, ACT_RU_EXECUTION=0, ACT_HI_TASKINST=0, ACT_HI_DETAIL=0, ACT_EVT_LOG=0, ACT_HI_IDENTITYLINK=0, ACT_RU_IDENTITYLINK=0, ACT_GE_PROPERTY=3}
10:44:56,528 [main] DEBUG org.activiti.engine.impl.db.DbSqlSession  - flush summary: 0 insert, 0 update, 0 delete.
10:44:56,528 [main] DEBUG org.activiti.engine.impl.db.DbSqlSession  - now executing flush...
10:44:56,528 [main] DEBUG org.activiti.engine.impl.cfg.standalone.StandaloneMybatisTransactionContext  - firing event committing...
10:44:56,528 [main] DEBUG org.activiti.engine.impl.cfg.standalone.StandaloneMybatisTransactionContext  - committing the ibatis sql session...
10:44:56,528 [main] DEBUG org.activiti.engine.impl.cfg.standalone.StandaloneMybatisTransactionContext  - firing event committed...
10:44:56,528 [main] DEBUG org.apache.ibatis.transaction.jdbc.JdbcTransaction  - Resetting autocommit to true on JDBC Connection [conn3: url=jdbc:h2:mem:activiti user=SA]
10:44:56,528 [main] DEBUG org.apache.ibatis.transaction.jdbc.JdbcTransaction  - Closing JDBC Connection [conn3: url=jdbc:h2:mem:activiti user=SA]
10:44:56,528 [main] DEBUG org.apache.ibatis.datasource.pooled.PooledDataSource  - Returned connection 180014677 to pool.
10:44:56,528 [main] DEBUG org.activiti.engine.impl.interceptor.LogInterceptor  - --- GetTableCountCmd finished --------------------------------------------------------
10:44:56,528 [main] DEBUG org.activiti.engine.impl.interceptor.LogInterceptor  - 

10:44:56,528 [main] INFO  org.activiti.engine.impl.test.PvmTestCase  - database was clean
</system-out>
  </testcase>
  <testcase classname="org.activiti.engine.test.api.identity.GroupQueryTest" name="testQueryByName" time="0.011">
    <error message="
### Error querying database.  Cause: org.h2.jdbc.JdbcSQLException: Syntax error in SQL statement &quot;SELECT RES.* 
     
    FROM ACT_ID_GROUP RES
     
     WHERE  RES.NAME_ = ? 
   
     ORDER BY  ORDER[*] BY RES.ID_ ASC  
    LIMIT ? OFFSET ? &quot;; expected &quot;=, NOT, EXISTS, INTERSECTS, SELECT, FROM&quot;; SQL statement:
select RES.* 
     
    from ACT_ID_GROUP RES
     
     WHERE  RES.NAME_ = ? 
   
     order by  order by RES.ID_ asc  
    LIMIT ? OFFSET ? [42001-176]
### The error may exist in org/activiti/db/mapping/entity/Group.xml
### The error may involve org.activiti.engine.impl.persistence.entity.GroupEntity.selectGroupByQueryCriteria
### The error occurred while executing a query
### SQL: select RES.*            from ACT_ID_GROUP RES            WHERE  RES.NAME_ = ?           order by  order by RES.ID_ asc       LIMIT ? OFFSET ?
### Cause: org.h2.jdbc.JdbcSQLException: Syntax error in SQL statement &quot;SELECT RES.* 
     
    FROM ACT_ID_GROUP RES
     
     WHERE  RES.NAME_ = ? 
   
     ORDER BY  ORDER[*] BY RES.ID_ ASC  
    LIMIT ? OFFSET ? &quot;; expected &quot;=, NOT, EXISTS, INTERSECTS, SELECT, FROM&quot;; SQL statement:
select RES.* 
     
    from ACT_ID_GROUP RES
     
     WHERE  RES.NAME_ = ? 
   
     order by  order by RES.ID_ asc  
    LIMIT ? OFFSET ? [42001-176]" type="org.apache.ibatis.exceptions.PersistenceException">org.apache.ibatis.exceptions.PersistenceException: 
### Error querying database.  Cause: org.h2.jdbc.JdbcSQLException: Syntax error in SQL statement &quot;SELECT RES.* 
     
    FROM ACT_ID_GROUP RES
     
     WHERE  RES.NAME_ = ? 
   
     ORDER BY  ORDER[*] BY RES.ID_ ASC  
    LIMIT ? OFFSET ? &quot;; expected &quot;=, NOT, EXISTS, INTERSECTS, SELECT, FROM&quot;; SQL statement:
select RES.* 
     
    from ACT_ID_GROUP RES
     
     WHERE  RES.NAME_ = ? 
   
     order by  order by RES.ID_ asc  
    LIMIT ? OFFSET ? [42001-176]
### The error may exist in org/activiti/db/mapping/entity/Group.xml
### The error may involve org.activiti.engine.impl.persistence.entity.GroupEntity.selectGroupByQueryCriteria
### The error occurred while executing a query
### SQL: select RES.*            from ACT_ID_GROUP RES            WHERE  RES.NAME_ = ?           order by  order by RES.ID_ asc       LIMIT ? OFFSET ?
### Cause: org.h2.jdbc.JdbcSQLException: Syntax error in SQL statement &quot;SELECT RES.* 
     
    FROM ACT_ID_GROUP RES
     
     WHERE  RES.NAME_ = ? 
   
     ORDER BY  ORDER[*] BY RES.ID_ ASC  
    LIMIT ? OFFSET ? &quot;; expected &quot;=, NOT, EXISTS, INTERSECTS, SELECT, FROM&quot;; SQL statement:
select RES.* 
     
    from ACT_ID_GROUP RES
     
     WHERE  RES.NAME_ = ? 
   
     order by  order by RES.ID_ asc  
    LIMIT ? OFFSET ? [42001-176]
	at org.apache.ibatis.exceptions.ExceptionFactory.wrapException(ExceptionFactory.java:30)
	at org.apache.ibatis.session.defaults.DefaultSqlSession.selectList(DefaultSqlSession.java:122)
	at org.apache.ibatis.session.defaults.DefaultSqlSession.selectList(DefaultSqlSession.java:113)
	at org.activiti.engine.impl.db.DbSqlSession.selectListWithRawParameter(DbSqlSession.java:438)
	at org.activiti.engine.impl.db.DbSqlSession.selectList(DbSqlSession.java:429)
	at org.activiti.engine.impl.db.DbSqlSession.selectList(DbSqlSession.java:419)
	at org.activiti.engine.impl.persistence.entity.GroupEntityManager.findGroupByQueryCriteria(GroupEntityManager.java:90)
	at org.activiti.engine.impl.GroupQueryImpl.executeList(GroupQueryImpl.java:125)
	at org.activiti.engine.impl.AbstractQuery.execute(AbstractQuery.java:164)
	at org.activiti.engine.impl.interceptor.CommandInvoker.execute(CommandInvoker.java:24)
	at org.activiti.engine.impl.interceptor.CommandContextInterceptor.execute(CommandContextInterceptor.java:57)
	at org.activiti.engine.impl.interceptor.LogInterceptor.execute(LogInterceptor.java:37)
	at org.activiti.engine.impl.cfg.CommandExecutorImpl.execute(CommandExecutorImpl.java:40)
	at org.activiti.engine.impl.cfg.CommandExecutorImpl.execute(CommandExecutorImpl.java:35)
	at org.activiti.engine.impl.AbstractQuery.list(AbstractQuery.java:138)
	at org.activiti.engine.test.api.identity.GroupQueryTest.verifyQueryResults(GroupQueryTest.java:221)
	at org.activiti.engine.test.api.identity.GroupQueryTest.testQueryByName(GroupQueryTest.java:95)
	at sun.reflect.NativeMethodAccessorImpl.invoke0(Native Method)
	at sun.reflect.NativeMethodAccessorImpl.invoke(NativeMethodAccessorImpl.java:62)
	at sun.reflect.DelegatingMethodAccessorImpl.invoke(DelegatingMethodAccessorImpl.java:43)
	at java.lang.reflect.Method.invoke(Method.java:498)
	at junit.framework.TestCase.runTest(TestCase.java:176)
	at org.activiti.engine.impl.test.PvmTestCase.runTest(PvmTestCase.java:65)
	at junit.framework.TestCase.runBare(TestCase.java:141)
	at org.activiti.engine.impl.test.AbstractActivitiTestCase.runBare(AbstractActivitiTestCase.java:100)
	at junit.framework.TestResult$1.protect(TestResult.java:122)
	at junit.framework.TestResult.runProtected(TestResult.java:142)
	at junit.framework.TestResult.run(TestResult.java:125)
	at junit.framework.TestCase.run(TestCase.java:129)
	at junit.framework.TestSuite.runTest(TestSuite.java:255)
	at junit.framework.TestSuite.run(TestSuite.java:250)
	at org.junit.internal.runners.JUnit38ClassRunner.run(JUnit38ClassRunner.java:84)
	at org.apache.maven.surefire.junit4.JUnit4TestSet.execute(JUnit4TestSet.java:35)
	at org.apache.maven.surefire.junit4.JUnit4Provider.executeTestSet(JUnit4Provider.java:146)
	at org.apache.maven.surefire.junit4.JUnit4Provider.invoke(JUnit4Provider.java:97)
	at sun.reflect.NativeMethodAccessorImpl.invoke0(Native Method)
	at sun.reflect.NativeMethodAccessorImpl.invoke(NativeMethodAccessorImpl.java:62)
	at sun.reflect.DelegatingMethodAccessorImpl.invoke(DelegatingMethodAccessorImpl.java:43)
	at java.lang.reflect.Method.invoke(Method.java:498)
	at org.apache.maven.surefire.booter.ProviderFactory$ClassLoaderProxy.invoke(ProviderFactory.java:103)
	at com.sun.proxy.$Proxy0.invoke(Unknown Source)
	at org.apache.maven.surefire.booter.SurefireStarter.invokeProvider(SurefireStarter.java:145)
	at org.apache.maven.surefire.booter.SurefireStarter.runSuitesInProcess(SurefireStarter.java:87)
	at org.apache.maven.surefire.booter.ForkedBooter.main(ForkedBooter.java:69)
Caused by: org.h2.jdbc.JdbcSQLException: Syntax error in SQL statement &quot;SELECT RES.* 
     
    FROM ACT_ID_GROUP RES
     
     WHERE  RES.NAME_ = ? 
   
     ORDER BY  ORDER[*] BY RES.ID_ ASC  
    LIMIT ? OFFSET ? &quot;; expected &quot;=, NOT, EXISTS, INTERSECTS, SELECT, FROM&quot;; SQL statement:
select RES.* 
     
    from ACT_ID_GROUP RES
     
     WHERE  RES.NAME_ = ? 
   
     order by  order by RES.ID_ asc  
    LIMIT ? OFFSET ? [42001-176]
	at org.h2.message.DbException.getJdbcSQLException(DbException.java:344)
	at org.h2.message.DbException.getSyntaxError(DbException.java:204)
	at org.h2.command.Parser.getSyntaxError(Parser.java:524)
	at org.h2.command.Parser.readTerm(Parser.java:2688)
	at org.h2.command.Parser.readFactor(Parser.java:2244)
	at org.h2.command.Parser.readSum(Parser.java:2231)
	at org.h2.command.Parser.readConcat(Parser.java:2201)
	at org.h2.command.Parser.readCondition(Parser.java:2051)
	at org.h2.command.Parser.readAnd(Parser.java:2023)
	at org.h2.command.Parser.readExpression(Parser.java:2015)
	at org.h2.command.Parser.parseEndOfQuery(Parser.java:1726)
	at org.h2.command.Parser.parseSelectUnionExtension(Parser.java:1706)
	at org.h2.command.Parser.parseSelectUnion(Parser.java:1675)
	at org.h2.command.Parser.parseSelect(Parser.java:1662)
	at org.h2.command.Parser.parsePrepared(Parser.java:434)
	at org.h2.command.Parser.parse(Parser.java:306)
	at org.h2.command.Parser.parse(Parser.java:282)
	at org.h2.command.Parser.prepareCommand(Parser.java:243)
	at org.h2.engine.Session.prepareLocal(Session.java:442)
	at org.h2.engine.Session.prepareCommand(Session.java:384)
	at org.h2.jdbc.JdbcConnection.prepareCommand(JdbcConnection.java:1188)
	at org.h2.jdbc.JdbcPreparedStatement.&lt;init&gt;(JdbcPreparedStatement.java:73)
	at org.h2.jdbc.JdbcConnection.prepareStatement(JdbcConnection.java:276)
	at sun.reflect.GeneratedMethodAccessor6.invoke(Unknown Source)
	at sun.reflect.DelegatingMethodAccessorImpl.invoke(DelegatingMethodAccessorImpl.java:43)
	at java.lang.reflect.Method.invoke(Method.java:498)
	at org.apache.ibatis.datasource.pooled.PooledConnection.invoke(PooledConnection.java:245)
	at com.sun.proxy.$Proxy12.prepareStatement(Unknown Source)
	at sun.reflect.GeneratedMethodAccessor6.invoke(Unknown Source)
	at sun.reflect.DelegatingMethodAccessorImpl.invoke(DelegatingMethodAccessorImpl.java:43)
	at java.lang.reflect.Method.invoke(Method.java:498)
	at org.apache.ibatis.logging.jdbc.ConnectionLogger.invoke(ConnectionLogger.java:55)
	at com.sun.proxy.$Proxy12.prepareStatement(Unknown Source)
	at org.apache.ibatis.executor.statement.PreparedStatementHandler.instantiateStatement(PreparedStatementHandler.java:79)
	at org.apache.ibatis.executor.statement.BaseStatementHandler.prepare(BaseStatementHandler.java:88)
	at org.apache.ibatis.executor.statement.RoutingStatementHandler.prepare(RoutingStatementHandler.java:58)
	at org.apache.ibatis.executor.SimpleExecutor.prepareStatement(SimpleExecutor.java:76)
	at org.apache.ibatis.executor.SimpleExecutor.doQuery(SimpleExecutor.java:61)
	at org.apache.ibatis.executor.BaseExecutor.queryFromDatabase(BaseExecutor.java:303)
	at org.apache.ibatis.executor.BaseExecutor.query(BaseExecutor.java:154)
	at org.apache.ibatis.executor.CachingExecutor.query(CachingExecutor.java:102)
	at org.apache.ibatis.executor.CachingExecutor.query(CachingExecutor.java:82)
	at org.apache.ibatis.session.defaults.DefaultSqlSession.selectList(DefaultSqlSession.java:120)
	... 42 more
</error>
    <system-out>10:44:56,529 [main] DEBUG org.activiti.engine.impl.interceptor.LogInterceptor  - 

10:44:56,529 [main] DEBUG org.activiti.engine.impl.interceptor.LogInterceptor  - --- starting CreateGroupCmd --------------------------------------------------------
10:44:56,529 [main] DEBUG org.activiti.engine.impl.cfg.standalone.StandaloneMybatisTransactionContext  - firing event committing...
10:44:56,529 [main] DEBUG org.activiti.engine.impl.cfg.standalone.StandaloneMybatisTransactionContext  - committing the ibatis sql session...
10:44:56,529 [main] DEBUG org.activiti.engine.impl.cfg.standalone.StandaloneMybatisTransactionContext  - firing event committed...
10:44:56,529 [main] DEBUG org.activiti.engine.impl.interceptor.LogInterceptor  - --- CreateGroupCmd finished --------------------------------------------------------
10:44:56,529 [main] DEBUG org.activiti.engine.impl.interceptor.LogInterceptor  - 

10:44:56,529 [main] DEBUG org.activiti.engine.impl.interceptor.LogInterceptor  - 

10:44:56,529 [main] DEBUG org.activiti.engine.impl.interceptor.LogInterceptor  - --- starting SaveGroupCmd --------------------------------------------------------
10:44:56,529 [main] DEBUG org.activiti.engine.impl.db.DbSqlSession  -   insert org.activiti.engine.impl.persistence.entity.GroupEntity@6ee99964
10:44:56,529 [main] DEBUG org.activiti.engine.impl.db.DbSqlSession  - flush summary: 1 insert, 0 update, 0 delete.
10:44:56,529 [main] DEBUG org.activiti.engine.impl.db.DbSqlSession  - now executing flush...
10:44:56,529 [main] DEBUG org.activiti.engine.impl.db.DbSqlSession  - inserting: org.activiti.engine.impl.persistence.entity.GroupEntity@6ee99964
10:44:56,529 [main] DEBUG org.apache.ibatis.transaction.jdbc.JdbcTransaction  - Opening JDBC Connection
10:44:56,529 [main] DEBUG org.apache.ibatis.datasource.pooled.PooledDataSource  - Checked out connection 297240765 from pool.
10:44:56,529 [main] DEBUG org.apache.ibatis.transaction.jdbc.JdbcTransaction  - Setting autocommit to false on JDBC Connection [conn4: url=jdbc:h2:mem:activiti user=SA]
10:44:56,529 [main] DEBUG org.activiti.engine.impl.persistence.entity.GroupEntity.insertGroup  - ==&gt;  Preparing: insert into ACT_ID_GROUP (ID_, REV_, NAME_, TYPE_) values ( ?, 1, ?, ? ) 
10:44:56,529 [main] DEBUG org.activiti.engine.impl.persistence.entity.GroupEntity.insertGroup  - ==&gt; Parameters: muppets(String), Muppet show characters(String), user(String)
10:44:56,529 [main] DEBUG org.activiti.engine.impl.persistence.entity.GroupEntity.insertGroup  - &lt;==    Updates: 1
10:44:56,529 [main] DEBUG org.activiti.engine.impl.cfg.standalone.StandaloneMybatisTransactionContext  - firing event committing...
10:44:56,529 [main] DEBUG org.activiti.engine.impl.cfg.standalone.StandaloneMybatisTransactionContext  - committing the ibatis sql session...
10:44:56,529 [main] DEBUG org.apache.ibatis.transaction.jdbc.JdbcTransaction  - Committing JDBC Connection [conn4: url=jdbc:h2:mem:activiti user=SA]
10:44:56,529 [main] DEBUG org.activiti.engine.impl.cfg.standalone.StandaloneMybatisTransactionContext  - firing event committed...
10:44:56,529 [main] DEBUG org.apache.ibatis.transaction.jdbc.JdbcTransaction  - Resetting autocommit to true on JDBC Connection [conn4: url=jdbc:h2:mem:activiti user=SA]
10:44:56,529 [main] DEBUG org.apache.ibatis.transaction.jdbc.JdbcTransaction  - Closing JDBC Connection [conn4: url=jdbc:h2:mem:activiti user=SA]
10:44:56,529 [main] DEBUG org.apache.ibatis.datasource.pooled.PooledDataSource  - Returned connection 297240765 to pool.
10:44:56,529 [main] DEBUG org.activiti.engine.impl.interceptor.LogInterceptor  - --- SaveGroupCmd finished --------------------------------------------------------
10:44:56,529 [main] DEBUG org.activiti.engine.impl.interceptor.LogInterceptor  - 

10:44:56,529 [main] DEBUG org.activiti.engine.impl.interceptor.LogInterceptor  - 

10:44:56,529 [main] DEBUG org.activiti.engine.impl.interceptor.LogInterceptor  - --- starting CreateGroupCmd --------------------------------------------------------
10:44:56,529 [main] DEBUG org.activiti.engine.impl.cfg.standalone.StandaloneMybatisTransactionContext  - firing event committing...
10:44:56,529 [main] DEBUG org.activiti.engine.impl.cfg.standalone.StandaloneMybatisTransactionContext  - committing the ibatis sql session...
10:44:56,529 [main] DEBUG org.activiti.engine.impl.cfg.standalone.StandaloneMybatisTransactionContext  - firing event committed...
10:44:56,529 [main] DEBUG org.activiti.engine.impl.interceptor.LogInterceptor  - --- CreateGroupCmd finished --------------------------------------------------------
10:44:56,529 [main] DEBUG org.activiti.engine.impl.interceptor.LogInterceptor  - 

10:44:56,529 [main] DEBUG org.activiti.engine.impl.interceptor.LogInterceptor  - 

10:44:56,529 [main] DEBUG org.activiti.engine.impl.interceptor.LogInterceptor  - --- starting SaveGroupCmd --------------------------------------------------------
10:44:56,529 [main] DEBUG org.activiti.engine.impl.db.DbSqlSession  -   insert org.activiti.engine.impl.persistence.entity.GroupEntity@257ef9ed
10:44:56,529 [main] DEBUG org.activiti.engine.impl.db.DbSqlSession  - flush summary: 1 insert, 0 update, 0 delete.
10:44:56,529 [main] DEBUG org.activiti.engine.impl.db.DbSqlSession  - now executing flush...
10:44:56,529 [main] DEBUG org.activiti.engine.impl.db.DbSqlSession  - inserting: org.activiti.engine.impl.persistence.entity.GroupEntity@257ef9ed
10:44:56,529 [main] DEBUG org.apache.ibatis.transaction.jdbc.JdbcTransaction  - Opening JDBC Connection
10:44:56,529 [main] DEBUG org.apache.ibatis.datasource.pooled.PooledDataSource  - Checked out connection 363509958 from pool.
10:44:56,529 [main] DEBUG org.apache.ibatis.transaction.jdbc.JdbcTransaction  - Setting autocommit to false on JDBC Connection [conn2: url=jdbc:h2:mem:activiti user=SA]
10:44:56,529 [main] DEBUG org.activiti.engine.impl.persistence.entity.GroupEntity.insertGroup  - ==&gt;  Preparing: insert into ACT_ID_GROUP (ID_, REV_, NAME_, TYPE_) values ( ?, 1, ?, ? ) 
10:44:56,529 [main] DEBUG org.activiti.engine.impl.persistence.entity.GroupEntity.insertGroup  - ==&gt; Parameters: frogs(String), Famous frogs(String), user(String)
10:44:56,529 [main] DEBUG org.activiti.engine.impl.persistence.entity.GroupEntity.insertGroup  - &lt;==    Updates: 1
10:44:56,529 [main] DEBUG org.activiti.engine.impl.cfg.standalone.StandaloneMybatisTransactionContext  - firing event committing...
10:44:56,529 [main] DEBUG org.activiti.engine.impl.cfg.standalone.StandaloneMybatisTransactionContext  - committing the ibatis sql session...
10:44:56,529 [main] DEBUG org.apache.ibatis.transaction.jdbc.JdbcTransaction  - Committing JDBC Connection [conn2: url=jdbc:h2:mem:activiti user=SA]
10:44:56,529 [main] DEBUG org.activiti.engine.impl.cfg.standalone.StandaloneMybatisTransactionContext  - firing event committed...
10:44:56,529 [main] DEBUG org.apache.ibatis.transaction.jdbc.JdbcTransaction  - Resetting autocommit to true on JDBC Connection [conn2: url=jdbc:h2:mem:activiti user=SA]
10:44:56,529 [main] DEBUG org.apache.ibatis.transaction.jdbc.JdbcTransaction  - Closing JDBC Connection [conn2: url=jdbc:h2:mem:activiti user=SA]
10:44:56,529 [main] DEBUG org.apache.ibatis.datasource.pooled.PooledDataSource  - Returned connection 363509958 to pool.
10:44:56,529 [main] DEBUG org.activiti.engine.impl.interceptor.LogInterceptor  - --- SaveGroupCmd finished --------------------------------------------------------
10:44:56,529 [main] DEBUG org.activiti.engine.impl.interceptor.LogInterceptor  - 

10:44:56,529 [main] DEBUG org.activiti.engine.impl.interceptor.LogInterceptor  - 

10:44:56,529 [main] DEBUG org.activiti.engine.impl.interceptor.LogInterceptor  - --- starting CreateGroupCmd --------------------------------------------------------
10:44:56,529 [main] DEBUG org.activiti.engine.impl.cfg.standalone.StandaloneMybatisTransactionContext  - firing event committing...
10:44:56,529 [main] DEBUG org.activiti.engine.impl.cfg.standalone.StandaloneMybatisTransactionContext  - committing the ibatis sql session...
10:44:56,529 [main] DEBUG org.activiti.engine.impl.cfg.standalone.StandaloneMybatisTransactionContext  - firing event committed...
10:44:56,529 [main] DEBUG org.activiti.engine.impl.interceptor.LogInterceptor  - --- CreateGroupCmd finished --------------------------------------------------------
10:44:56,529 [main] DEBUG org.activiti.engine.impl.interceptor.LogInterceptor  - 

10:44:56,529 [main] DEBUG org.activiti.engine.impl.interceptor.LogInterceptor  - 

10:44:56,529 [main] DEBUG org.activiti.engine.impl.interceptor.LogInterceptor  - --- starting SaveGroupCmd --------------------------------------------------------
10:44:56,529 [main] DEBUG org.activiti.engine.impl.db.DbSqlSession  -   insert org.activiti.engine.impl.persistence.entity.GroupEntity@59c70ceb
10:44:56,529 [main] DEBUG org.activiti.engine.impl.db.DbSqlSession  - flush summary: 1 insert, 0 update, 0 delete.
10:44:56,529 [main] DEBUG org.activiti.engine.impl.db.DbSqlSession  - now executing flush...
10:44:56,529 [main] DEBUG org.activiti.engine.impl.db.DbSqlSession  - inserting: org.activiti.engine.impl.persistence.entity.GroupEntity@59c70ceb
10:44:56,529 [main] DEBUG org.apache.ibatis.transaction.jdbc.JdbcTransaction  - Opening JDBC Connection
10:44:56,529 [main] DEBUG org.apache.ibatis.datasource.pooled.PooledDataSource  - Checked out connection 180014677 from pool.
10:44:56,529 [main] DEBUG org.apache.ibatis.transaction.jdbc.JdbcTransaction  - Setting autocommit to false on JDBC Connection [conn3: url=jdbc:h2:mem:activiti user=SA]
10:44:56,529 [main] DEBUG org.activiti.engine.impl.persistence.entity.GroupEntity.insertGroup  - ==&gt;  Preparing: insert into ACT_ID_GROUP (ID_, REV_, NAME_, TYPE_) values ( ?, 1, ?, ? ) 
10:44:56,529 [main] DEBUG org.activiti.engine.impl.persistence.entity.GroupEntity.insertGroup  - ==&gt; Parameters: mammals(String), Famous mammals from eighties(String), user(String)
10:44:56,529 [main] DEBUG org.activiti.engine.impl.persistence.entity.GroupEntity.insertGroup  - &lt;==    Updates: 1
10:44:56,529 [main] DEBUG org.activiti.engine.impl.cfg.standalone.StandaloneMybatisTransactionContext  - firing event committing...
10:44:56,529 [main] DEBUG org.activiti.engine.impl.cfg.standalone.StandaloneMybatisTransactionContext  - committing the ibatis sql session...
10:44:56,529 [main] DEBUG org.apache.ibatis.transaction.jdbc.JdbcTransaction  - Committing JDBC Connection [conn3: url=jdbc:h2:mem:activiti user=SA]
10:44:56,529 [main] DEBUG org.activiti.engine.impl.cfg.standalone.StandaloneMybatisTransactionContext  - firing event committed...
10:44:56,529 [main] DEBUG org.apache.ibatis.transaction.jdbc.JdbcTransaction  - Resetting autocommit to true on JDBC Connection [conn3: url=jdbc:h2:mem:activiti user=SA]
10:44:56,529 [main] DEBUG org.apache.ibatis.transaction.jdbc.JdbcTransaction  - Closing JDBC Connection [conn3: url=jdbc:h2:mem:activiti user=SA]
10:44:56,529 [main] DEBUG org.apache.ibatis.datasource.pooled.PooledDataSource  - Returned connection 180014677 to pool.
10:44:56,529 [main] DEBUG org.activiti.engine.impl.interceptor.LogInterceptor  - --- SaveGroupCmd finished --------------------------------------------------------
10:44:56,529 [main] DEBUG org.activiti.engine.impl.interceptor.LogInterceptor  - 

10:44:56,530 [main] DEBUG org.activiti.engine.impl.interceptor.LogInterceptor  - 

10:44:56,530 [main] DEBUG org.activiti.engine.impl.interceptor.LogInterceptor  - --- starting CreateGroupCmd --------------------------------------------------------
10:44:56,530 [main] DEBUG org.activiti.engine.impl.cfg.standalone.StandaloneMybatisTransactionContext  - firing event committing...
10:44:56,530 [main] DEBUG org.activiti.engine.impl.cfg.standalone.StandaloneMybatisTransactionContext  - committing the ibatis sql session...
10:44:56,530 [main] DEBUG org.activiti.engine.impl.cfg.standalone.StandaloneMybatisTransactionContext  - firing event committed...
10:44:56,530 [main] DEBUG org.activiti.engine.impl.interceptor.LogInterceptor  - --- CreateGroupCmd finished --------------------------------------------------------
10:44:56,530 [main] DEBUG org.activiti.engine.impl.interceptor.LogInterceptor  - 

10:44:56,530 [main] DEBUG org.activiti.engine.impl.interceptor.LogInterceptor  - 

10:44:56,530 [main] DEBUG org.activiti.engine.impl.interceptor.LogInterceptor  - --- starting SaveGroupCmd --------------------------------------------------------
10:44:56,530 [main] DEBUG org.activiti.engine.impl.db.DbSqlSession  -   insert org.activiti.engine.impl.persistence.entity.GroupEntity@46f902e0
10:44:56,530 [main] DEBUG org.activiti.engine.impl.db.DbSqlSession  - flush summary: 1 insert, 0 update, 0 delete.
10:44:56,530 [main] DEBUG org.activiti.engine.impl.db.DbSqlSession  - now executing flush...
10:44:56,530 [main] DEBUG org.activiti.engine.impl.db.DbSqlSession  - inserting: org.activiti.engine.impl.persistence.entity.GroupEntity@46f902e0
10:44:56,530 [main] DEBUG org.apache.ibatis.transaction.jdbc.JdbcTransaction  - Opening JDBC Connection
10:44:56,530 [main] DEBUG org.apache.ibatis.datasource.pooled.PooledDataSource  - Checked out connection 297240765 from pool.
10:44:56,530 [main] DEBUG org.apache.ibatis.transaction.jdbc.JdbcTransaction  - Setting autocommit to false on JDBC Connection [conn4: url=jdbc:h2:mem:activiti user=SA]
10:44:56,530 [main] DEBUG org.activiti.engine.impl.persistence.entity.GroupEntity.insertGroup  - ==&gt;  Preparing: insert into ACT_ID_GROUP (ID_, REV_, NAME_, TYPE_) values ( ?, 1, ?, ? ) 
10:44:56,530 [main] DEBUG org.activiti.engine.impl.persistence.entity.GroupEntity.insertGroup  - ==&gt; Parameters: admin(String), Administrators(String), security(String)
10:44:56,530 [main] DEBUG org.activiti.engine.impl.persistence.entity.GroupEntity.insertGroup  - &lt;==    Updates: 1
10:44:56,530 [main] DEBUG org.activiti.engine.impl.cfg.standalone.StandaloneMybatisTransactionContext  - firing event committing...
10:44:56,530 [main] DEBUG org.activiti.engine.impl.cfg.standalone.StandaloneMybatisTransactionContext  - committing the ibatis sql session...
10:44:56,530 [main] DEBUG org.apache.ibatis.transaction.jdbc.JdbcTransaction  - Committing JDBC Connection [conn4: url=jdbc:h2:mem:activiti user=SA]
10:44:56,530 [main] DEBUG org.activiti.engine.impl.cfg.standalone.StandaloneMybatisTransactionContext  - firing event committed...
10:44:56,530 [main] DEBUG org.apache.ibatis.transaction.jdbc.JdbcTransaction  - Resetting autocommit to true on JDBC Connection [conn4: url=jdbc:h2:mem:activiti user=SA]
10:44:56,530 [main] DEBUG org.apache.ibatis.transaction.jdbc.JdbcTransaction  - Closing JDBC Connection [conn4: url=jdbc:h2:mem:activiti user=SA]
10:44:56,530 [main] DEBUG org.apache.ibatis.datasource.pooled.PooledDataSource  - Returned connection 297240765 to pool.
10:44:56,530 [main] DEBUG org.activiti.engine.impl.interceptor.LogInterceptor  - --- SaveGroupCmd finished --------------------------------------------------------
10:44:56,530 [main] DEBUG org.activiti.engine.impl.interceptor.LogInterceptor  - 

10:44:56,530 [main] DEBUG org.activiti.engine.impl.interceptor.LogInterceptor  - 

10:44:56,530 [main] DEBUG org.activiti.engine.impl.interceptor.LogInterceptor  - --- starting CreateUserCmd --------------------------------------------------------
10:44:56,530 [main] DEBUG org.activiti.engine.impl.cfg.standalone.StandaloneMybatisTransactionContext  - firing event committing...
10:44:56,530 [main] DEBUG org.activiti.engine.impl.cfg.standalone.StandaloneMybatisTransactionContext  - committing the ibatis sql session...
10:44:56,530 [main] DEBUG org.activiti.engine.impl.cfg.standalone.StandaloneMybatisTransactionContext  - firing event committed...
10:44:56,530 [main] DEBUG org.activiti.engine.impl.interceptor.LogInterceptor  - --- CreateUserCmd finished --------------------------------------------------------
10:44:56,530 [main] DEBUG org.activiti.engine.impl.interceptor.LogInterceptor  - 

10:44:56,530 [main] DEBUG org.activiti.engine.impl.interceptor.LogInterceptor  - 

10:44:56,530 [main] DEBUG org.activiti.engine.impl.interceptor.LogInterceptor  - --- starting SaveUserCmd --------------------------------------------------------
10:44:56,530 [main] DEBUG org.activiti.engine.impl.db.DbSqlSession  -   insert org.activiti.engine.impl.persistence.entity.UserEntity@64f981e2
10:44:56,530 [main] DEBUG org.activiti.engine.impl.db.DbSqlSession  - flush summary: 1 insert, 0 update, 0 delete.
10:44:56,530 [main] DEBUG org.activiti.engine.impl.db.DbSqlSession  - now executing flush...
10:44:56,530 [main] DEBUG org.activiti.engine.impl.db.DbSqlSession  - inserting: org.activiti.engine.impl.persistence.entity.UserEntity@64f981e2
10:44:56,530 [main] DEBUG org.apache.ibatis.transaction.jdbc.JdbcTransaction  - Opening JDBC Connection
10:44:56,530 [main] DEBUG org.apache.ibatis.datasource.pooled.PooledDataSource  - Checked out connection 363509958 from pool.
10:44:56,530 [main] DEBUG org.apache.ibatis.transaction.jdbc.JdbcTransaction  - Setting autocommit to false on JDBC Connection [conn2: url=jdbc:h2:mem:activiti user=SA]
10:44:56,530 [main] DEBUG org.activiti.engine.impl.persistence.entity.UserEntity.insertUser  - ==&gt;  Preparing: insert into ACT_ID_USER (ID_, REV_, FIRST_, LAST_, EMAIL_, PWD_) values ( ?, 1, ?, ?, ?, ? ) 
10:44:56,530 [main] DEBUG org.activiti.engine.impl.persistence.entity.UserEntity.insertUser  - ==&gt; Parameters: kermit(String), null, null, null, null
10:44:56,530 [main] DEBUG org.activiti.engine.impl.persistence.entity.UserEntity.insertUser  - &lt;==    Updates: 1
10:44:56,530 [main] DEBUG org.activiti.engine.impl.cfg.standalone.StandaloneMybatisTransactionContext  - firing event committing...
10:44:56,530 [main] DEBUG org.activiti.engine.impl.cfg.standalone.StandaloneMybatisTransactionContext  - committing the ibatis sql session...
10:44:56,530 [main] DEBUG org.apache.ibatis.transaction.jdbc.JdbcTransaction  - Committing JDBC Connection [conn2: url=jdbc:h2:mem:activiti user=SA]
10:44:56,530 [main] DEBUG org.activiti.engine.impl.cfg.standalone.StandaloneMybatisTransactionContext  - firing event committed...
10:44:56,530 [main] DEBUG org.apache.ibatis.transaction.jdbc.JdbcTransaction  - Resetting autocommit to true on JDBC Connection [conn2: url=jdbc:h2:mem:activiti user=SA]
10:44:56,530 [main] DEBUG org.apache.ibatis.transaction.jdbc.JdbcTransaction  - Closing JDBC Connection [conn2: url=jdbc:h2:mem:activiti user=SA]
10:44:56,530 [main] DEBUG org.apache.ibatis.datasource.pooled.PooledDataSource  - Returned connection 363509958 to pool.
10:44:56,530 [main] DEBUG org.activiti.engine.impl.interceptor.LogInterceptor  - --- SaveUserCmd finished --------------------------------------------------------
10:44:56,530 [main] DEBUG org.activiti.engine.impl.interceptor.LogInterceptor  - 

10:44:56,530 [main] DEBUG org.activiti.engine.impl.interceptor.LogInterceptor  - 

10:44:56,530 [main] DEBUG org.activiti.engine.impl.interceptor.LogInterceptor  - --- starting CreateUserCmd --------------------------------------------------------
10:44:56,530 [main] DEBUG org.activiti.engine.impl.cfg.standalone.StandaloneMybatisTransactionContext  - firing event committing...
10:44:56,530 [main] DEBUG org.activiti.engine.impl.cfg.standalone.StandaloneMybatisTransactionContext  - committing the ibatis sql session...
10:44:56,530 [main] DEBUG org.activiti.engine.impl.cfg.standalone.StandaloneMybatisTransactionContext  - firing event committed...
10:44:56,530 [main] DEBUG org.activiti.engine.impl.interceptor.LogInterceptor  - --- CreateUserCmd finished --------------------------------------------------------
10:44:56,530 [main] DEBUG org.activiti.engine.impl.interceptor.LogInterceptor  - 

10:44:56,530 [main] DEBUG org.activiti.engine.impl.interceptor.LogInterceptor  - 

10:44:56,530 [main] DEBUG org.activiti.engine.impl.interceptor.LogInterceptor  - --- starting SaveUserCmd --------------------------------------------------------
10:44:56,530 [main] DEBUG org.activiti.engine.impl.db.DbSqlSession  -   insert org.activiti.engine.impl.persistence.entity.UserEntity@361abd01
10:44:56,530 [main] DEBUG org.activiti.engine.impl.db.DbSqlSession  - flush summary: 1 insert, 0 update, 0 delete.
10:44:56,530 [main] DEBUG org.activiti.engine.impl.db.DbSqlSession  - now executing flush...
10:44:56,530 [main] DEBUG org.activiti.engine.impl.db.DbSqlSession  - inserting: org.activiti.engine.impl.persistence.entity.UserEntity@361abd01
10:44:56,530 [main] DEBUG org.apache.ibatis.transaction.jdbc.JdbcTransaction  - Opening JDBC Connection
10:44:56,530 [main] DEBUG org.apache.ibatis.datasource.pooled.PooledDataSource  - Checked out connection 180014677 from pool.
10:44:56,530 [main] DEBUG org.apache.ibatis.transaction.jdbc.JdbcTransaction  - Setting autocommit to false on JDBC Connection [conn3: url=jdbc:h2:mem:activiti user=SA]
10:44:56,530 [main] DEBUG org.activiti.engine.impl.persistence.entity.UserEntity.insertUser  - ==&gt;  Preparing: insert into ACT_ID_USER (ID_, REV_, FIRST_, LAST_, EMAIL_, PWD_) values ( ?, 1, ?, ?, ?, ? ) 
10:44:56,530 [main] DEBUG org.activiti.engine.impl.persistence.entity.UserEntity.insertUser  - ==&gt; Parameters: fozzie(String), null, null, null, null
10:44:56,530 [main] DEBUG org.activiti.engine.impl.persistence.entity.UserEntity.insertUser  - &lt;==    Updates: 1
10:44:56,530 [main] DEBUG org.activiti.engine.impl.cfg.standalone.StandaloneMybatisTransactionContext  - firing event committing...
10:44:56,530 [main] DEBUG org.activiti.engine.impl.cfg.standalone.StandaloneMybatisTransactionContext  - committing the ibatis sql session...
10:44:56,530 [main] DEBUG org.apache.ibatis.transaction.jdbc.JdbcTransaction  - Committing JDBC Connection [conn3: url=jdbc:h2:mem:activiti user=SA]
10:44:56,530 [main] DEBUG org.activiti.engine.impl.cfg.standalone.StandaloneMybatisTransactionContext  - firing event committed...
10:44:56,530 [main] DEBUG org.apache.ibatis.transaction.jdbc.JdbcTransaction  - Resetting autocommit to true on JDBC Connection [conn3: url=jdbc:h2:mem:activiti user=SA]
10:44:56,530 [main] DEBUG org.apache.ibatis.transaction.jdbc.JdbcTransaction  - Closing JDBC Connection [conn3: url=jdbc:h2:mem:activiti user=SA]
10:44:56,530 [main] DEBUG org.apache.ibatis.datasource.pooled.PooledDataSource  - Returned connection 180014677 to pool.
10:44:56,530 [main] DEBUG org.activiti.engine.impl.interceptor.LogInterceptor  - --- SaveUserCmd finished --------------------------------------------------------
10:44:56,530 [main] DEBUG org.activiti.engine.impl.interceptor.LogInterceptor  - 

10:44:56,530 [main] DEBUG org.activiti.engine.impl.interceptor.LogInterceptor  - 

10:44:56,530 [main] DEBUG org.activiti.engine.impl.interceptor.LogInterceptor  - --- starting CreateUserCmd --------------------------------------------------------
10:44:56,530 [main] DEBUG org.activiti.engine.impl.cfg.standalone.StandaloneMybatisTransactionContext  - firing event committing...
10:44:56,530 [main] DEBUG org.activiti.engine.impl.cfg.standalone.StandaloneMybatisTransactionContext  - committing the ibatis sql session...
10:44:56,530 [main] DEBUG org.activiti.engine.impl.cfg.standalone.StandaloneMybatisTransactionContext  - firing event committed...
10:44:56,530 [main] DEBUG org.activiti.engine.impl.interceptor.LogInterceptor  - --- CreateUserCmd finished --------------------------------------------------------
10:44:56,530 [main] DEBUG org.activiti.engine.impl.interceptor.LogInterceptor  - 

10:44:56,530 [main] DEBUG org.activiti.engine.impl.interceptor.LogInterceptor  - 

10:44:56,530 [main] DEBUG org.activiti.engine.impl.interceptor.LogInterceptor  - --- starting SaveUserCmd --------------------------------------------------------
10:44:56,530 [main] DEBUG org.activiti.engine.impl.db.DbSqlSession  -   insert org.activiti.engine.impl.persistence.entity.UserEntity@575b5f7d
10:44:56,530 [main] DEBUG org.activiti.engine.impl.db.DbSqlSession  - flush summary: 1 insert, 0 update, 0 delete.
10:44:56,530 [main] DEBUG org.activiti.engine.impl.db.DbSqlSession  - now executing flush...
10:44:56,530 [main] DEBUG org.activiti.engine.impl.db.DbSqlSession  - inserting: org.activiti.engine.impl.persistence.entity.UserEntity@575b5f7d
10:44:56,530 [main] DEBUG org.apache.ibatis.transaction.jdbc.JdbcTransaction  - Opening JDBC Connection
10:44:56,530 [main] DEBUG org.apache.ibatis.datasource.pooled.PooledDataSource  - Checked out connection 297240765 from pool.
10:44:56,530 [main] DEBUG org.apache.ibatis.transaction.jdbc.JdbcTransaction  - Setting autocommit to false on JDBC Connection [conn4: url=jdbc:h2:mem:activiti user=SA]
10:44:56,530 [main] DEBUG org.activiti.engine.impl.persistence.entity.UserEntity.insertUser  - ==&gt;  Preparing: insert into ACT_ID_USER (ID_, REV_, FIRST_, LAST_, EMAIL_, PWD_) values ( ?, 1, ?, ?, ?, ? ) 
10:44:56,530 [main] DEBUG org.activiti.engine.impl.persistence.entity.UserEntity.insertUser  - ==&gt; Parameters: mispiggy(String), null, null, null, null
10:44:56,530 [main] DEBUG org.activiti.engine.impl.persistence.entity.UserEntity.insertUser  - &lt;==    Updates: 1
10:44:56,530 [main] DEBUG org.activiti.engine.impl.cfg.standalone.StandaloneMybatisTransactionContext  - firing event committing...
10:44:56,530 [main] DEBUG org.activiti.engine.impl.cfg.standalone.StandaloneMybatisTransactionContext  - committing the ibatis sql session...
10:44:56,530 [main] DEBUG org.apache.ibatis.transaction.jdbc.JdbcTransaction  - Committing JDBC Connection [conn4: url=jdbc:h2:mem:activiti user=SA]
10:44:56,530 [main] DEBUG org.activiti.engine.impl.cfg.standalone.StandaloneMybatisTransactionContext  - firing event committed...
10:44:56,530 [main] DEBUG org.apache.ibatis.transaction.jdbc.JdbcTransaction  - Resetting autocommit to true on JDBC Connection [conn4: url=jdbc:h2:mem:activiti user=SA]
10:44:56,530 [main] DEBUG org.apache.ibatis.transaction.jdbc.JdbcTransaction  - Closing JDBC Connection [conn4: url=jdbc:h2:mem:activiti user=SA]
10:44:56,530 [main] DEBUG org.apache.ibatis.datasource.pooled.PooledDataSource  - Returned connection 297240765 to pool.
10:44:56,530 [main] DEBUG org.activiti.engine.impl.interceptor.LogInterceptor  - --- SaveUserCmd finished --------------------------------------------------------
10:44:56,530 [main] DEBUG org.activiti.engine.impl.interceptor.LogInterceptor  - 

10:44:56,530 [main] DEBUG org.activiti.engine.impl.interceptor.LogInterceptor  - 

10:44:56,530 [main] DEBUG org.activiti.engine.impl.interceptor.LogInterceptor  - --- starting CreateMembershipCmd --------------------------------------------------------
10:44:56,530 [main] DEBUG org.activiti.engine.impl.db.DbSqlSession  -   insert org.activiti.engine.impl.persistence.entity.MembershipEntity@59bbb974
10:44:56,530 [main] DEBUG org.activiti.engine.impl.db.DbSqlSession  - flush summary: 1 insert, 0 update, 0 delete.
10:44:56,530 [main] DEBUG org.activiti.engine.impl.db.DbSqlSession  - now executing flush...
10:44:56,530 [main] DEBUG org.activiti.engine.impl.db.DbSqlSession  - inserting: org.activiti.engine.impl.persistence.entity.MembershipEntity@59bbb974
10:44:56,530 [main] DEBUG org.apache.ibatis.transaction.jdbc.JdbcTransaction  - Opening JDBC Connection
10:44:56,530 [main] DEBUG org.apache.ibatis.datasource.pooled.PooledDataSource  - Checked out connection 363509958 from pool.
10:44:56,530 [main] DEBUG org.apache.ibatis.transaction.jdbc.JdbcTransaction  - Setting autocommit to false on JDBC Connection [conn2: url=jdbc:h2:mem:activiti user=SA]
10:44:56,530 [main] DEBUG org.activiti.engine.impl.persistence.entity.MembershipRelation.insertMembership  - ==&gt;  Preparing: insert into ACT_ID_MEMBERSHIP (USER_ID_, GROUP_ID_) values ( ?, ? ) 
10:44:56,530 [main] DEBUG org.activiti.engine.impl.persistence.entity.MembershipRelation.insertMembership  - ==&gt; Parameters: kermit(String), muppets(String)
10:44:56,530 [main] DEBUG org.activiti.engine.impl.persistence.entity.MembershipRelation.insertMembership  - &lt;==    Updates: 1
10:44:56,530 [main] DEBUG org.activiti.engine.impl.cfg.standalone.StandaloneMybatisTransactionContext  - firing event committing...
10:44:56,530 [main] DEBUG org.activiti.engine.impl.cfg.standalone.StandaloneMybatisTransactionContext  - committing the ibatis sql session...
10:44:56,530 [main] DEBUG org.apache.ibatis.transaction.jdbc.JdbcTransaction  - Committing JDBC Connection [conn2: url=jdbc:h2:mem:activiti user=SA]
10:44:56,530 [main] DEBUG org.activiti.engine.impl.cfg.standalone.StandaloneMybatisTransactionContext  - firing event committed...
10:44:56,530 [main] DEBUG org.apache.ibatis.transaction.jdbc.JdbcTransaction  - Resetting autocommit to true on JDBC Connection [conn2: url=jdbc:h2:mem:activiti user=SA]
10:44:56,530 [main] DEBUG org.apache.ibatis.transaction.jdbc.JdbcTransaction  - Closing JDBC Connection [conn2: url=jdbc:h2:mem:activiti user=SA]
10:44:56,530 [main] DEBUG org.apache.ibatis.datasource.pooled.PooledDataSource  - Returned connection 363509958 to pool.
10:44:56,530 [main] DEBUG org.activiti.engine.impl.interceptor.LogInterceptor  - --- CreateMembershipCmd finished --------------------------------------------------------
10:44:56,530 [main] DEBUG org.activiti.engine.impl.interceptor.LogInterceptor  - 

10:44:56,530 [main] DEBUG org.activiti.engine.impl.interceptor.LogInterceptor  - 

10:44:56,530 [main] DEBUG org.activiti.engine.impl.interceptor.LogInterceptor  - --- starting CreateMembershipCmd --------------------------------------------------------
10:44:56,530 [main] DEBUG org.activiti.engine.impl.db.DbSqlSession  -   insert org.activiti.engine.impl.persistence.entity.MembershipEntity@7165d530
10:44:56,530 [main] DEBUG org.activiti.engine.impl.db.DbSqlSession  - flush summary: 1 insert, 0 update, 0 delete.
10:44:56,530 [main] DEBUG org.activiti.engine.impl.db.DbSqlSession  - now executing flush...
10:44:56,530 [main] DEBUG org.activiti.engine.impl.db.DbSqlSession  - inserting: org.activiti.engine.impl.persistence.entity.MembershipEntity@7165d530
10:44:56,530 [main] DEBUG org.apache.ibatis.transaction.jdbc.JdbcTransaction  - Opening JDBC Connection
10:44:56,530 [main] DEBUG org.apache.ibatis.datasource.pooled.PooledDataSource  - Checked out connection 180014677 from pool.
10:44:56,530 [main] DEBUG org.apache.ibatis.transaction.jdbc.JdbcTransaction  - Setting autocommit to false on JDBC Connection [conn3: url=jdbc:h2:mem:activiti user=SA]
10:44:56,530 [main] DEBUG org.activiti.engine.impl.persistence.entity.MembershipRelation.insertMembership  - ==&gt;  Preparing: insert into ACT_ID_MEMBERSHIP (USER_ID_, GROUP_ID_) values ( ?, ? ) 
10:44:56,530 [main] DEBUG org.activiti.engine.impl.persistence.entity.MembershipRelation.insertMembership  - ==&gt; Parameters: fozzie(String), muppets(String)
10:44:56,530 [main] DEBUG org.activiti.engine.impl.persistence.entity.MembershipRelation.insertMembership  - &lt;==    Updates: 1
10:44:56,530 [main] DEBUG org.activiti.engine.impl.cfg.standalone.StandaloneMybatisTransactionContext  - firing event committing...
10:44:56,530 [main] DEBUG org.activiti.engine.impl.cfg.standalone.StandaloneMybatisTransactionContext  - committing the ibatis sql session...
10:44:56,530 [main] DEBUG org.apache.ibatis.transaction.jdbc.JdbcTransaction  - Committing JDBC Connection [conn3: url=jdbc:h2:mem:activiti user=SA]
10:44:56,530 [main] DEBUG org.activiti.engine.impl.cfg.standalone.StandaloneMybatisTransactionContext  - firing event committed...
10:44:56,530 [main] DEBUG org.apache.ibatis.transaction.jdbc.JdbcTransaction  - Resetting autocommit to true on JDBC Connection [conn3: url=jdbc:h2:mem:activiti user=SA]
10:44:56,530 [main] DEBUG org.apache.ibatis.transaction.jdbc.JdbcTransaction  - Closing JDBC Connection [conn3: url=jdbc:h2:mem:activiti user=SA]
10:44:56,530 [main] DEBUG org.apache.ibatis.datasource.pooled.PooledDataSource  - Returned connection 180014677 to pool.
10:44:56,530 [main] DEBUG org.activiti.engine.impl.interceptor.LogInterceptor  - --- CreateMembershipCmd finished --------------------------------------------------------
10:44:56,530 [main] DEBUG org.activiti.engine.impl.interceptor.LogInterceptor  - 

10:44:56,530 [main] DEBUG org.activiti.engine.impl.interceptor.LogInterceptor  - 

10:44:56,530 [main] DEBUG org.activiti.engine.impl.interceptor.LogInterceptor  - --- starting CreateMembershipCmd --------------------------------------------------------
10:44:56,530 [main] DEBUG org.activiti.engine.impl.db.DbSqlSession  -   insert org.activiti.engine.impl.persistence.entity.MembershipEntity@12f49ca8
10:44:56,530 [main] DEBUG org.activiti.engine.impl.db.DbSqlSession  - flush summary: 1 insert, 0 update, 0 delete.
10:44:56,530 [main] DEBUG org.activiti.engine.impl.db.DbSqlSession  - now executing flush...
10:44:56,530 [main] DEBUG org.activiti.engine.impl.db.DbSqlSession  - inserting: org.activiti.engine.impl.persistence.entity.MembershipEntity@12f49ca8
10:44:56,530 [main] DEBUG org.apache.ibatis.transaction.jdbc.JdbcTransaction  - Opening JDBC Connection
10:44:56,530 [main] DEBUG org.apache.ibatis.datasource.pooled.PooledDataSource  - Checked out connection 297240765 from pool.
10:44:56,530 [main] DEBUG org.apache.ibatis.transaction.jdbc.JdbcTransaction  - Setting autocommit to false on JDBC Connection [conn4: url=jdbc:h2:mem:activiti user=SA]
10:44:56,530 [main] DEBUG org.activiti.engine.impl.persistence.entity.MembershipRelation.insertMembership  - ==&gt;  Preparing: insert into ACT_ID_MEMBERSHIP (USER_ID_, GROUP_ID_) values ( ?, ? ) 
10:44:56,530 [main] DEBUG org.activiti.engine.impl.persistence.entity.MembershipRelation.insertMembership  - ==&gt; Parameters: mispiggy(String), muppets(String)
10:44:56,530 [main] DEBUG org.activiti.engine.impl.persistence.entity.MembershipRelation.insertMembership  - &lt;==    Updates: 1
10:44:56,530 [main] DEBUG org.activiti.engine.impl.cfg.standalone.StandaloneMybatisTransactionContext  - firing event committing...
10:44:56,530 [main] DEBUG org.activiti.engine.impl.cfg.standalone.StandaloneMybatisTransactionContext  - committing the ibatis sql session...
10:44:56,530 [main] DEBUG org.apache.ibatis.transaction.jdbc.JdbcTransaction  - Committing JDBC Connection [conn4: url=jdbc:h2:mem:activiti user=SA]
10:44:56,531 [main] DEBUG org.activiti.engine.impl.cfg.standalone.StandaloneMybatisTransactionContext  - firing event committed...
10:44:56,531 [main] DEBUG org.apache.ibatis.transaction.jdbc.JdbcTransaction  - Resetting autocommit to true on JDBC Connection [conn4: url=jdbc:h2:mem:activiti user=SA]
10:44:56,531 [main] DEBUG org.apache.ibatis.transaction.jdbc.JdbcTransaction  - Closing JDBC Connection [conn4: url=jdbc:h2:mem:activiti user=SA]
10:44:56,531 [main] DEBUG org.apache.ibatis.datasource.pooled.PooledDataSource  - Returned connection 297240765 to pool.
10:44:56,531 [main] DEBUG org.activiti.engine.impl.interceptor.LogInterceptor  - --- CreateMembershipCmd finished --------------------------------------------------------
10:44:56,531 [main] DEBUG org.activiti.engine.impl.interceptor.LogInterceptor  - 

10:44:56,531 [main] DEBUG org.activiti.engine.impl.interceptor.LogInterceptor  - 

10:44:56,531 [main] DEBUG org.activiti.engine.impl.interceptor.LogInterceptor  - --- starting CreateMembershipCmd --------------------------------------------------------
10:44:56,531 [main] DEBUG org.activiti.engine.impl.db.DbSqlSession  -   insert org.activiti.engine.impl.persistence.entity.MembershipEntity@1fd9893c
10:44:56,531 [main] DEBUG org.activiti.engine.impl.db.DbSqlSession  - flush summary: 1 insert, 0 update, 0 delete.
10:44:56,531 [main] DEBUG org.activiti.engine.impl.db.DbSqlSession  - now executing flush...
10:44:56,531 [main] DEBUG org.activiti.engine.impl.db.DbSqlSession  - inserting: org.activiti.engine.impl.persistence.entity.MembershipEntity@1fd9893c
10:44:56,531 [main] DEBUG org.apache.ibatis.transaction.jdbc.JdbcTransaction  - Opening JDBC Connection
10:44:56,531 [main] DEBUG org.apache.ibatis.datasource.pooled.PooledDataSource  - Checked out connection 363509958 from pool.
10:44:56,531 [main] DEBUG org.apache.ibatis.transaction.jdbc.JdbcTransaction  - Setting autocommit to false on JDBC Connection [conn2: url=jdbc:h2:mem:activiti user=SA]
10:44:56,531 [main] DEBUG org.activiti.engine.impl.persistence.entity.MembershipRelation.insertMembership  - ==&gt;  Preparing: insert into ACT_ID_MEMBERSHIP (USER_ID_, GROUP_ID_) values ( ?, ? ) 
10:44:56,531 [main] DEBUG org.activiti.engine.impl.persistence.entity.MembershipRelation.insertMembership  - ==&gt; Parameters: kermit(String), frogs(String)
10:44:56,531 [main] DEBUG org.activiti.engine.impl.persistence.entity.MembershipRelation.insertMembership  - &lt;==    Updates: 1
10:44:56,531 [main] DEBUG org.activiti.engine.impl.cfg.standalone.StandaloneMybatisTransactionContext  - firing event committing...
10:44:56,531 [main] DEBUG org.activiti.engine.impl.cfg.standalone.StandaloneMybatisTransactionContext  - committing the ibatis sql session...
10:44:56,531 [main] DEBUG org.apache.ibatis.transaction.jdbc.JdbcTransaction  - Committing JDBC Connection [conn2: url=jdbc:h2:mem:activiti user=SA]
10:44:56,531 [main] DEBUG org.activiti.engine.impl.cfg.standalone.StandaloneMybatisTransactionContext  - firing event committed...
10:44:56,531 [main] DEBUG org.apache.ibatis.transaction.jdbc.JdbcTransaction  - Resetting autocommit to true on JDBC Connection [conn2: url=jdbc:h2:mem:activiti user=SA]
10:44:56,531 [main] DEBUG org.apache.ibatis.transaction.jdbc.JdbcTransaction  - Closing JDBC Connection [conn2: url=jdbc:h2:mem:activiti user=SA]
10:44:56,531 [main] DEBUG org.apache.ibatis.datasource.pooled.PooledDataSource  - Returned connection 363509958 to pool.
10:44:56,531 [main] DEBUG org.activiti.engine.impl.interceptor.LogInterceptor  - --- CreateMembershipCmd finished --------------------------------------------------------
10:44:56,531 [main] DEBUG org.activiti.engine.impl.interceptor.LogInterceptor  - 

10:44:56,531 [main] DEBUG org.activiti.engine.impl.interceptor.LogInterceptor  - 

10:44:56,531 [main] DEBUG org.activiti.engine.impl.interceptor.LogInterceptor  - --- starting CreateMembershipCmd --------------------------------------------------------
10:44:56,531 [main] DEBUG org.activiti.engine.impl.db.DbSqlSession  -   insert org.activiti.engine.impl.persistence.entity.MembershipEntity@1b2df3aa
10:44:56,531 [main] DEBUG org.activiti.engine.impl.db.DbSqlSession  - flush summary: 1 insert, 0 update, 0 delete.
10:44:56,531 [main] DEBUG org.activiti.engine.impl.db.DbSqlSession  - now executing flush...
10:44:56,531 [main] DEBUG org.activiti.engine.impl.db.DbSqlSession  - inserting: org.activiti.engine.impl.persistence.entity.MembershipEntity@1b2df3aa
10:44:56,531 [main] DEBUG org.apache.ibatis.transaction.jdbc.JdbcTransaction  - Opening JDBC Connection
10:44:56,531 [main] DEBUG org.apache.ibatis.datasource.pooled.PooledDataSource  - Checked out connection 180014677 from pool.
10:44:56,531 [main] DEBUG org.apache.ibatis.transaction.jdbc.JdbcTransaction  - Setting autocommit to false on JDBC Connection [conn3: url=jdbc:h2:mem:activiti user=SA]
10:44:56,531 [main] DEBUG org.activiti.engine.impl.persistence.entity.MembershipRelation.insertMembership  - ==&gt;  Preparing: insert into ACT_ID_MEMBERSHIP (USER_ID_, GROUP_ID_) values ( ?, ? ) 
10:44:56,531 [main] DEBUG org.activiti.engine.impl.persistence.entity.MembershipRelation.insertMembership  - ==&gt; Parameters: fozzie(String), mammals(String)
10:44:56,531 [main] DEBUG org.activiti.engine.impl.persistence.entity.MembershipRelation.insertMembership  - &lt;==    Updates: 1
10:44:56,531 [main] DEBUG org.activiti.engine.impl.cfg.standalone.StandaloneMybatisTransactionContext  - firing event committing...
10:44:56,531 [main] DEBUG org.activiti.engine.impl.cfg.standalone.StandaloneMybatisTransactionContext  - committing the ibatis sql session...
10:44:56,531 [main] DEBUG org.apache.ibatis.transaction.jdbc.JdbcTransaction  - Committing JDBC Connection [conn3: url=jdbc:h2:mem:activiti user=SA]
10:44:56,531 [main] DEBUG org.activiti.engine.impl.cfg.standalone.StandaloneMybatisTransactionContext  - firing event committed...
10:44:56,531 [main] DEBUG org.apache.ibatis.transaction.jdbc.JdbcTransaction  - Resetting autocommit to true on JDBC Connection [conn3: url=jdbc:h2:mem:activiti user=SA]
10:44:56,531 [main] DEBUG org.apache.ibatis.transaction.jdbc.JdbcTransaction  - Closing JDBC Connection [conn3: url=jdbc:h2:mem:activiti user=SA]
10:44:56,531 [main] DEBUG org.apache.ibatis.datasource.pooled.PooledDataSource  - Returned connection 180014677 to pool.
10:44:56,531 [main] DEBUG org.activiti.engine.impl.interceptor.LogInterceptor  - --- CreateMembershipCmd finished --------------------------------------------------------
10:44:56,531 [main] DEBUG org.activiti.engine.impl.interceptor.LogInterceptor  - 

10:44:56,531 [main] DEBUG org.activiti.engine.impl.interceptor.LogInterceptor  - 

10:44:56,531 [main] DEBUG org.activiti.engine.impl.interceptor.LogInterceptor  - --- starting CreateMembershipCmd --------------------------------------------------------
10:44:56,531 [main] DEBUG org.activiti.engine.impl.db.DbSqlSession  -   insert org.activiti.engine.impl.persistence.entity.MembershipEntity@44be69aa
10:44:56,531 [main] DEBUG org.activiti.engine.impl.db.DbSqlSession  - flush summary: 1 insert, 0 update, 0 delete.
10:44:56,531 [main] DEBUG org.activiti.engine.impl.db.DbSqlSession  - now executing flush...
10:44:56,531 [main] DEBUG org.activiti.engine.impl.db.DbSqlSession  - inserting: org.activiti.engine.impl.persistence.entity.MembershipEntity@44be69aa
10:44:56,531 [main] DEBUG org.apache.ibatis.transaction.jdbc.JdbcTransaction  - Opening JDBC Connection
10:44:56,531 [main] DEBUG org.apache.ibatis.datasource.pooled.PooledDataSource  - Checked out connection 297240765 from pool.
10:44:56,531 [main] DEBUG org.apache.ibatis.transaction.jdbc.JdbcTransaction  - Setting autocommit to false on JDBC Connection [conn4: url=jdbc:h2:mem:activiti user=SA]
10:44:56,531 [main] DEBUG org.activiti.engine.impl.persistence.entity.MembershipRelation.insertMembership  - ==&gt;  Preparing: insert into ACT_ID_MEMBERSHIP (USER_ID_, GROUP_ID_) values ( ?, ? ) 
10:44:56,531 [main] DEBUG org.activiti.engine.impl.persistence.entity.MembershipRelation.insertMembership  - ==&gt; Parameters: mispiggy(String), mammals(String)
10:44:56,531 [main] DEBUG org.activiti.engine.impl.persistence.entity.MembershipRelation.insertMembership  - &lt;==    Updates: 1
10:44:56,531 [main] DEBUG org.activiti.engine.impl.cfg.standalone.StandaloneMybatisTransactionContext  - firing event committing...
10:44:56,531 [main] DEBUG org.activiti.engine.impl.cfg.standalone.StandaloneMybatisTransactionContext  - committing the ibatis sql session...
10:44:56,531 [main] DEBUG org.apache.ibatis.transaction.jdbc.JdbcTransaction  - Committing JDBC Connection [conn4: url=jdbc:h2:mem:activiti user=SA]
10:44:56,531 [main] DEBUG org.activiti.engine.impl.cfg.standalone.StandaloneMybatisTransactionContext  - firing event committed...
10:44:56,531 [main] DEBUG org.apache.ibatis.transaction.jdbc.JdbcTransaction  - Resetting autocommit to true on JDBC Connection [conn4: url=jdbc:h2:mem:activiti user=SA]
10:44:56,531 [main] DEBUG org.apache.ibatis.transaction.jdbc.JdbcTransaction  - Closing JDBC Connection [conn4: url=jdbc:h2:mem:activiti user=SA]
10:44:56,531 [main] DEBUG org.apache.ibatis.datasource.pooled.PooledDataSource  - Returned connection 297240765 to pool.
10:44:56,531 [main] DEBUG org.activiti.engine.impl.interceptor.LogInterceptor  - --- CreateMembershipCmd finished --------------------------------------------------------
10:44:56,531 [main] DEBUG org.activiti.engine.impl.interceptor.LogInterceptor  - 

10:44:56,531 [main] DEBUG org.activiti.engine.impl.interceptor.LogInterceptor  - 

10:44:56,531 [main] DEBUG org.activiti.engine.impl.interceptor.LogInterceptor  - --- starting CreateMembershipCmd --------------------------------------------------------
10:44:56,531 [main] DEBUG org.activiti.engine.impl.db.DbSqlSession  -   insert org.activiti.engine.impl.persistence.entity.MembershipEntity@7219ac49
10:44:56,531 [main] DEBUG org.activiti.engine.impl.db.DbSqlSession  - flush summary: 1 insert, 0 update, 0 delete.
10:44:56,531 [main] DEBUG org.activiti.engine.impl.db.DbSqlSession  - now executing flush...
10:44:56,531 [main] DEBUG org.activiti.engine.impl.db.DbSqlSession  - inserting: org.activiti.engine.impl.persistence.entity.MembershipEntity@7219ac49
10:44:56,531 [main] DEBUG org.apache.ibatis.transaction.jdbc.JdbcTransaction  - Opening JDBC Connection
10:44:56,531 [main] DEBUG org.apache.ibatis.datasource.pooled.PooledDataSource  - Checked out connection 363509958 from pool.
10:44:56,531 [main] DEBUG org.apache.ibatis.transaction.jdbc.JdbcTransaction  - Setting autocommit to false on JDBC Connection [conn2: url=jdbc:h2:mem:activiti user=SA]
10:44:56,531 [main] DEBUG org.activiti.engine.impl.persistence.entity.MembershipRelation.insertMembership  - ==&gt;  Preparing: insert into ACT_ID_MEMBERSHIP (USER_ID_, GROUP_ID_) values ( ?, ? ) 
10:44:56,531 [main] DEBUG org.activiti.engine.impl.persistence.entity.MembershipRelation.insertMembership  - ==&gt; Parameters: kermit(String), admin(String)
10:44:56,531 [main] DEBUG org.activiti.engine.impl.persistence.entity.MembershipRelation.insertMembership  - &lt;==    Updates: 1
10:44:56,531 [main] DEBUG org.activiti.engine.impl.cfg.standalone.StandaloneMybatisTransactionContext  - firing event committing...
10:44:56,531 [main] DEBUG org.activiti.engine.impl.cfg.standalone.StandaloneMybatisTransactionContext  - committing the ibatis sql session...
10:44:56,531 [main] DEBUG org.apache.ibatis.transaction.jdbc.JdbcTransaction  - Committing JDBC Connection [conn2: url=jdbc:h2:mem:activiti user=SA]
10:44:56,531 [main] DEBUG org.activiti.engine.impl.cfg.standalone.StandaloneMybatisTransactionContext  - firing event committed...
10:44:56,531 [main] DEBUG org.apache.ibatis.transaction.jdbc.JdbcTransaction  - Resetting autocommit to true on JDBC Connection [conn2: url=jdbc:h2:mem:activiti user=SA]
10:44:56,531 [main] DEBUG org.apache.ibatis.transaction.jdbc.JdbcTransaction  - Closing JDBC Connection [conn2: url=jdbc:h2:mem:activiti user=SA]
10:44:56,531 [main] DEBUG org.apache.ibatis.datasource.pooled.PooledDataSource  - Returned connection 363509958 to pool.
10:44:56,531 [main] DEBUG org.activiti.engine.impl.interceptor.LogInterceptor  - --- CreateMembershipCmd finished --------------------------------------------------------
10:44:56,531 [main] DEBUG org.activiti.engine.impl.interceptor.LogInterceptor  - 

10:44:56,531 [main] DEBUG org.activiti.engine.impl.test.PvmTestCase  - 

10:44:56,531 [main] DEBUG org.activiti.engine.impl.test.PvmTestCase  - #### START GroupQueryTest.testQueryByName ###########################################################
10:44:56,531 [main] DEBUG org.activiti.engine.impl.interceptor.LogInterceptor  - 

10:44:56,531 [main] DEBUG org.activiti.engine.impl.interceptor.LogInterceptor  - --- starting CreateGroupQueryCmd --------------------------------------------------------
10:44:56,531 [main] DEBUG org.activiti.engine.impl.cfg.standalone.StandaloneMybatisTransactionContext  - firing event committing...
10:44:56,531 [main] DEBUG org.activiti.engine.impl.cfg.standalone.StandaloneMybatisTransactionContext  - committing the ibatis sql session...
10:44:56,531 [main] DEBUG org.activiti.engine.impl.cfg.standalone.StandaloneMybatisTransactionContext  - firing event committed...
10:44:56,531 [main] DEBUG org.activiti.engine.impl.interceptor.LogInterceptor  - --- CreateGroupQueryCmd finished --------------------------------------------------------
10:44:56,531 [main] DEBUG org.activiti.engine.impl.interceptor.LogInterceptor  - 

10:44:56,531 [main] DEBUG org.activiti.engine.impl.interceptor.LogInterceptor  - 

10:44:56,531 [main] DEBUG org.activiti.engine.impl.interceptor.LogInterceptor  - --- starting GroupQueryImpl --------------------------------------------------------
10:44:56,531 [main] DEBUG org.apache.ibatis.transaction.jdbc.JdbcTransaction  - Opening JDBC Connection
10:44:56,531 [main] DEBUG org.apache.ibatis.datasource.pooled.PooledDataSource  - Checked out connection 180014677 from pool.
10:44:56,531 [main] DEBUG org.apache.ibatis.transaction.jdbc.JdbcTransaction  - Setting autocommit to false on JDBC Connection [conn3: url=jdbc:h2:mem:activiti user=SA]
10:44:56,531 [main] DEBUG org.activiti.engine.impl.persistence.entity.GroupEntity.selectGroupByQueryCriteria  - ==&gt;  Preparing: select RES.* from ACT_ID_GROUP RES WHERE RES.NAME_ = ? order by order by RES.ID_ asc LIMIT ? OFFSET ? 
10:44:56,531 [main] DEBUG org.activiti.engine.impl.interceptor.CommandContext  - Error while closing command context
org.apache.ibatis.exceptions.PersistenceException: 
### Error querying database.  Cause: org.h2.jdbc.JdbcSQLException: Syntax error in SQL statement &quot;SELECT RES.* 
     
    FROM ACT_ID_GROUP RES
     
     WHERE  RES.NAME_ = ? 
   
     ORDER BY  ORDER[*] BY RES.ID_ ASC  
    LIMIT ? OFFSET ? &quot;; expected &quot;=, NOT, EXISTS, INTERSECTS, SELECT, FROM&quot;; SQL statement:
select RES.* 
     
    from ACT_ID_GROUP RES
     
     WHERE  RES.NAME_ = ? 
   
     order by  order by RES.ID_ asc  
    LIMIT ? OFFSET ? [42001-176]
### The error may exist in org/activiti/db/mapping/entity/Group.xml
### The error may involve org.activiti.engine.impl.persistence.entity.GroupEntity.selectGroupByQueryCriteria
### The error occurred while executing a query
### SQL: select RES.*            from ACT_ID_GROUP RES            WHERE  RES.NAME_ = ?           order by  order by RES.ID_ asc       LIMIT ? OFFSET ?
### Cause: org.h2.jdbc.JdbcSQLException: Syntax error in SQL statement &quot;SELECT RES.* 
     
    FROM ACT_ID_GROUP RES
     
     WHERE  RES.NAME_ = ? 
   
     ORDER BY  ORDER[*] BY RES.ID_ ASC  
    LIMIT ? OFFSET ? &quot;; expected &quot;=, NOT, EXISTS, INTERSECTS, SELECT, FROM&quot;; SQL statement:
select RES.* 
     
    from ACT_ID_GROUP RES
     
     WHERE  RES.NAME_ = ? 
   
     order by  order by RES.ID_ asc  
    LIMIT ? OFFSET ? [42001-176]
	at org.apache.ibatis.exceptions.ExceptionFactory.wrapException(ExceptionFactory.java:30)
	at org.apache.ibatis.session.defaults.DefaultSqlSession.selectList(DefaultSqlSession.java:122)
	at org.apache.ibatis.session.defaults.DefaultSqlSession.selectList(DefaultSqlSession.java:113)
	at org.activiti.engine.impl.db.DbSqlSession.selectListWithRawParameter(DbSqlSession.java:438)
	at org.activiti.engine.impl.db.DbSqlSession.selectList(DbSqlSession.java:429)
	at org.activiti.engine.impl.db.DbSqlSession.selectList(DbSqlSession.java:419)
	at org.activiti.engine.impl.persistence.entity.GroupEntityManager.findGroupByQueryCriteria(GroupEntityManager.java:90)
	at org.activiti.engine.impl.GroupQueryImpl.executeList(GroupQueryImpl.java:125)
	at org.activiti.engine.impl.AbstractQuery.execute(AbstractQuery.java:164)
	at org.activiti.engine.impl.interceptor.CommandInvoker.execute(CommandInvoker.java:24)
	at org.activiti.engine.impl.interceptor.CommandContextInterceptor.execute(CommandContextInterceptor.java:57)
	at org.activiti.engine.impl.interceptor.LogInterceptor.execute(LogInterceptor.java:37)
	at org.activiti.engine.impl.cfg.CommandExecutorImpl.execute(CommandExecutorImpl.java:40)
	at org.activiti.engine.impl.cfg.CommandExecutorImpl.execute(CommandExecutorImpl.java:35)
	at org.activiti.engine.impl.AbstractQuery.list(AbstractQuery.java:138)
	at org.activiti.engine.test.api.identity.GroupQueryTest.verifyQueryResults(GroupQueryTest.java:221)
	at org.activiti.engine.test.api.identity.GroupQueryTest.testQueryByName(GroupQueryTest.java:95)
	at sun.reflect.NativeMethodAccessorImpl.invoke0(Native Method)
	at sun.reflect.NativeMethodAccessorImpl.invoke(NativeMethodAccessorImpl.java:62)
	at sun.reflect.DelegatingMethodAccessorImpl.invoke(DelegatingMethodAccessorImpl.java:43)
	at java.lang.reflect.Method.invoke(Method.java:498)
	at junit.framework.TestCase.runTest(TestCase.java:176)
	at org.activiti.engine.impl.test.PvmTestCase.runTest(PvmTestCase.java:65)
	at junit.framework.TestCase.runBare(TestCase.java:141)
	at org.activiti.engine.impl.test.AbstractActivitiTestCase.runBare(AbstractActivitiTestCase.java:100)
	at junit.framework.TestResult$1.protect(TestResult.java:122)
	at junit.framework.TestResult.runProtected(TestResult.java:142)
	at junit.framework.TestResult.run(TestResult.java:125)
	at junit.framework.TestCase.run(TestCase.java:129)
	at junit.framework.TestSuite.runTest(TestSuite.java:255)
	at junit.framework.TestSuite.run(TestSuite.java:250)
	at org.junit.internal.runners.JUnit38ClassRunner.run(JUnit38ClassRunner.java:84)
	at org.apache.maven.surefire.junit4.JUnit4TestSet.execute(JUnit4TestSet.java:35)
	at org.apache.maven.surefire.junit4.JUnit4Provider.executeTestSet(JUnit4Provider.java:146)
	at org.apache.maven.surefire.junit4.JUnit4Provider.invoke(JUnit4Provider.java:97)
	at sun.reflect.NativeMethodAccessorImpl.invoke0(Native Method)
	at sun.reflect.NativeMethodAccessorImpl.invoke(NativeMethodAccessorImpl.java:62)
	at sun.reflect.DelegatingMethodAccessorImpl.invoke(DelegatingMethodAccessorImpl.java:43)
	at java.lang.reflect.Method.invoke(Method.java:498)
	at org.apache.maven.surefire.booter.ProviderFactory$ClassLoaderProxy.invoke(ProviderFactory.java:103)
	at com.sun.proxy.$Proxy0.invoke(Unknown Source)
	at org.apache.maven.surefire.booter.SurefireStarter.invokeProvider(SurefireStarter.java:145)
	at org.apache.maven.surefire.booter.SurefireStarter.runSuitesInProcess(SurefireStarter.java:87)
	at org.apache.maven.surefire.booter.ForkedBooter.main(ForkedBooter.java:69)
Caused by: org.h2.jdbc.JdbcSQLException: Syntax error in SQL statement &quot;SELECT RES.* 
     
    FROM ACT_ID_GROUP RES
     
     WHERE  RES.NAME_ = ? 
   
     ORDER BY  ORDER[*] BY RES.ID_ ASC  
    LIMIT ? OFFSET ? &quot;; expected &quot;=, NOT, EXISTS, INTERSECTS, SELECT, FROM&quot;; SQL statement:
select RES.* 
     
    from ACT_ID_GROUP RES
     
     WHERE  RES.NAME_ = ? 
   
     order by  order by RES.ID_ asc  
    LIMIT ? OFFSET ? [42001-176]
	at org.h2.message.DbException.getJdbcSQLException(DbException.java:344)
	at org.h2.message.DbException.getSyntaxError(DbException.java:204)
	at org.h2.command.Parser.getSyntaxError(Parser.java:524)
	at org.h2.command.Parser.readTerm(Parser.java:2688)
	at org.h2.command.Parser.readFactor(Parser.java:2244)
	at org.h2.command.Parser.readSum(Parser.java:2231)
	at org.h2.command.Parser.readConcat(Parser.java:2201)
	at org.h2.command.Parser.readCondition(Parser.java:2051)
	at org.h2.command.Parser.readAnd(Parser.java:2023)
	at org.h2.command.Parser.readExpression(Parser.java:2015)
	at org.h2.command.Parser.parseEndOfQuery(Parser.java:1726)
	at org.h2.command.Parser.parseSelectUnionExtension(Parser.java:1706)
	at org.h2.command.Parser.parseSelectUnion(Parser.java:1675)
	at org.h2.command.Parser.parseSelect(Parser.java:1662)
	at org.h2.command.Parser.parsePrepared(Parser.java:434)
	at org.h2.command.Parser.parse(Parser.java:306)
	at org.h2.command.Parser.parse(Parser.java:282)
	at org.h2.command.Parser.prepareCommand(Parser.java:243)
	at org.h2.engine.Session.prepareLocal(Session.java:442)
	at org.h2.engine.Session.prepareCommand(Session.java:384)
	at org.h2.jdbc.JdbcConnection.prepareCommand(JdbcConnection.java:1188)
	at org.h2.jdbc.JdbcPreparedStatement.&lt;init&gt;(JdbcPreparedStatement.java:73)
	at org.h2.jdbc.JdbcConnection.prepareStatement(JdbcConnection.java:276)
	at sun.reflect.GeneratedMethodAccessor6.invoke(Unknown Source)
	at sun.reflect.DelegatingMethodAccessorImpl.invoke(DelegatingMethodAccessorImpl.java:43)
	at java.lang.reflect.Method.invoke(Method.java:498)
	at org.apache.ibatis.datasource.pooled.PooledConnection.invoke(PooledConnection.java:245)
	at com.sun.proxy.$Proxy12.prepareStatement(Unknown Source)
	at sun.reflect.GeneratedMethodAccessor6.invoke(Unknown Source)
	at sun.reflect.DelegatingMethodAccessorImpl.invoke(DelegatingMethodAccessorImpl.java:43)
	at java.lang.reflect.Method.invoke(Method.java:498)
	at org.apache.ibatis.logging.jdbc.ConnectionLogger.invoke(ConnectionLogger.java:55)
	at com.sun.proxy.$Proxy12.prepareStatement(Unknown Source)
	at org.apache.ibatis.executor.statement.PreparedStatementHandler.instantiateStatement(PreparedStatementHandler.java:79)
	at org.apache.ibatis.executor.statement.BaseStatementHandler.prepare(BaseStatementHandler.java:88)
	at org.apache.ibatis.executor.statement.RoutingStatementHandler.prepare(RoutingStatementHandler.java:58)
	at org.apache.ibatis.executor.SimpleExecutor.prepareStatement(SimpleExecutor.java:76)
	at org.apache.ibatis.executor.SimpleExecutor.doQuery(SimpleExecutor.java:61)
	at org.apache.ibatis.executor.BaseExecutor.queryFromDatabase(BaseExecutor.java:303)
	at org.apache.ibatis.executor.BaseExecutor.query(BaseExecutor.java:154)
	at org.apache.ibatis.executor.CachingExecutor.query(CachingExecutor.java:102)
	at org.apache.ibatis.executor.CachingExecutor.query(CachingExecutor.java:82)
	at org.apache.ibatis.session.defaults.DefaultSqlSession.selectList(DefaultSqlSession.java:120)
	... 42 more
10:44:56,533 [main] DEBUG org.activiti.engine.impl.cfg.standalone.StandaloneMybatisTransactionContext  - firing event rolling back...
10:44:56,533 [main] DEBUG org.activiti.engine.impl.cfg.standalone.StandaloneMybatisTransactionContext  - rolling back ibatis sql session...
10:44:56,533 [main] DEBUG org.activiti.engine.impl.cfg.standalone.StandaloneMybatisTransactionContext  - firing event rolled back...
10:44:56,533 [main] DEBUG org.apache.ibatis.transaction.jdbc.JdbcTransaction  - Resetting autocommit to true on JDBC Connection [conn3: url=jdbc:h2:mem:activiti user=SA]
10:44:56,533 [main] DEBUG org.apache.ibatis.transaction.jdbc.JdbcTransaction  - Closing JDBC Connection [conn3: url=jdbc:h2:mem:activiti user=SA]
10:44:56,533 [main] DEBUG org.apache.ibatis.datasource.pooled.PooledDataSource  - Returned connection 180014677 to pool.
10:44:56,533 [main] DEBUG org.activiti.engine.impl.interceptor.LogInterceptor  - --- GroupQueryImpl finished --------------------------------------------------------
10:44:56,533 [main] DEBUG org.activiti.engine.impl.interceptor.LogInterceptor  - 

10:44:56,533 [main] ERROR org.activiti.engine.impl.test.PvmTestCase  - 

10:44:56,533 [main] ERROR org.activiti.engine.impl.test.PvmTestCase  - EXCEPTION: org.apache.ibatis.exceptions.PersistenceException: 
### Error querying database.  Cause: org.h2.jdbc.JdbcSQLException: Syntax error in SQL statement &quot;SELECT RES.* 
     
    FROM ACT_ID_GROUP RES
     
     WHERE  RES.NAME_ = ? 
   
     ORDER BY  ORDER[*] BY RES.ID_ ASC  
    LIMIT ? OFFSET ? &quot;; expected &quot;=, NOT, EXISTS, INTERSECTS, SELECT, FROM&quot;; SQL statement:
select RES.* 
     
    from ACT_ID_GROUP RES
     
     WHERE  RES.NAME_ = ? 
   
     order by  order by RES.ID_ asc  
    LIMIT ? OFFSET ? [42001-176]
### The error may exist in org/activiti/db/mapping/entity/Group.xml
### The error may involve org.activiti.engine.impl.persistence.entity.GroupEntity.selectGroupByQueryCriteria
### The error occurred while executing a query
### SQL: select RES.*            from ACT_ID_GROUP RES            WHERE  RES.NAME_ = ?           order by  order by RES.ID_ asc       LIMIT ? OFFSET ?
### Cause: org.h2.jdbc.JdbcSQLException: Syntax error in SQL statement &quot;SELECT RES.* 
     
    FROM ACT_ID_GROUP RES
     
     WHERE  RES.NAME_ = ? 
   
     ORDER BY  ORDER[*] BY RES.ID_ ASC  
    LIMIT ? OFFSET ? &quot;; expected &quot;=, NOT, EXISTS, INTERSECTS, SELECT, FROM&quot;; SQL statement:
select RES.* 
     
    from ACT_ID_GROUP RES
     
     WHERE  RES.NAME_ = ? 
   
     order by  order by RES.ID_ asc  
    LIMIT ? OFFSET ? [42001-176]
org.apache.ibatis.exceptions.PersistenceException: 
### Error querying database.  Cause: org.h2.jdbc.JdbcSQLException: Syntax error in SQL statement &quot;SELECT RES.* 
     
    FROM ACT_ID_GROUP RES
     
     WHERE  RES.NAME_ = ? 
   
     ORDER BY  ORDER[*] BY RES.ID_ ASC  
    LIMIT ? OFFSET ? &quot;; expected &quot;=, NOT, EXISTS, INTERSECTS, SELECT, FROM&quot;; SQL statement:
select RES.* 
     
    from ACT_ID_GROUP RES
     
     WHERE  RES.NAME_ = ? 
   
     order by  order by RES.ID_ asc  
    LIMIT ? OFFSET ? [42001-176]
### The error may exist in org/activiti/db/mapping/entity/Group.xml
### The error may involve org.activiti.engine.impl.persistence.entity.GroupEntity.selectGroupByQueryCriteria
### The error occurred while executing a query
### SQL: select RES.*            from ACT_ID_GROUP RES            WHERE  RES.NAME_ = ?           order by  order by RES.ID_ asc       LIMIT ? OFFSET ?
### Cause: org.h2.jdbc.JdbcSQLException: Syntax error in SQL statement &quot;SELECT RES.* 
     
    FROM ACT_ID_GROUP RES
     
     WHERE  RES.NAME_ = ? 
   
     ORDER BY  ORDER[*] BY RES.ID_ ASC  
    LIMIT ? OFFSET ? &quot;; expected &quot;=, NOT, EXISTS, INTERSECTS, SELECT, FROM&quot;; SQL statement:
select RES.* 
     
    from ACT_ID_GROUP RES
     
     WHERE  RES.NAME_ = ? 
   
     order by  order by RES.ID_ asc  
    LIMIT ? OFFSET ? [42001-176]
	at org.apache.ibatis.exceptions.ExceptionFactory.wrapException(ExceptionFactory.java:30)
	at org.apache.ibatis.session.defaults.DefaultSqlSession.selectList(DefaultSqlSession.java:122)
	at org.apache.ibatis.session.defaults.DefaultSqlSession.selectList(DefaultSqlSession.java:113)
	at org.activiti.engine.impl.db.DbSqlSession.selectListWithRawParameter(DbSqlSession.java:438)
	at org.activiti.engine.impl.db.DbSqlSession.selectList(DbSqlSession.java:429)
	at org.activiti.engine.impl.db.DbSqlSession.selectList(DbSqlSession.java:419)
	at org.activiti.engine.impl.persistence.entity.GroupEntityManager.findGroupByQueryCriteria(GroupEntityManager.java:90)
	at org.activiti.engine.impl.GroupQueryImpl.executeList(GroupQueryImpl.java:125)
	at org.activiti.engine.impl.AbstractQuery.execute(AbstractQuery.java:164)
	at org.activiti.engine.impl.interceptor.CommandInvoker.execute(CommandInvoker.java:24)
	at org.activiti.engine.impl.interceptor.CommandContextInterceptor.execute(CommandContextInterceptor.java:57)
	at org.activiti.engine.impl.interceptor.LogInterceptor.execute(LogInterceptor.java:37)
	at org.activiti.engine.impl.cfg.CommandExecutorImpl.execute(CommandExecutorImpl.java:40)
	at org.activiti.engine.impl.cfg.CommandExecutorImpl.execute(CommandExecutorImpl.java:35)
	at org.activiti.engine.impl.AbstractQuery.list(AbstractQuery.java:138)
	at org.activiti.engine.test.api.identity.GroupQueryTest.verifyQueryResults(GroupQueryTest.java:221)
	at org.activiti.engine.test.api.identity.GroupQueryTest.testQueryByName(GroupQueryTest.java:95)
	at sun.reflect.NativeMethodAccessorImpl.invoke0(Native Method)
	at sun.reflect.NativeMethodAccessorImpl.invoke(NativeMethodAccessorImpl.java:62)
	at sun.reflect.DelegatingMethodAccessorImpl.invoke(DelegatingMethodAccessorImpl.java:43)
	at java.lang.reflect.Method.invoke(Method.java:498)
	at junit.framework.TestCase.runTest(TestCase.java:176)
	at org.activiti.engine.impl.test.PvmTestCase.runTest(PvmTestCase.java:65)
	at junit.framework.TestCase.runBare(TestCase.java:141)
	at org.activiti.engine.impl.test.AbstractActivitiTestCase.runBare(AbstractActivitiTestCase.java:100)
	at junit.framework.TestResult$1.protect(TestResult.java:122)
	at junit.framework.TestResult.runProtected(TestResult.java:142)
	at junit.framework.TestResult.run(TestResult.java:125)
	at junit.framework.TestCase.run(TestCase.java:129)
	at junit.framework.TestSuite.runTest(TestSuite.java:255)
	at junit.framework.TestSuite.run(TestSuite.java:250)
	at org.junit.internal.runners.JUnit38ClassRunner.run(JUnit38ClassRunner.java:84)
	at org.apache.maven.surefire.junit4.JUnit4TestSet.execute(JUnit4TestSet.java:35)
	at org.apache.maven.surefire.junit4.JUnit4Provider.executeTestSet(JUnit4Provider.java:146)
	at org.apache.maven.surefire.junit4.JUnit4Provider.invoke(JUnit4Provider.java:97)
	at sun.reflect.NativeMethodAccessorImpl.invoke0(Native Method)
	at sun.reflect.NativeMethodAccessorImpl.invoke(NativeMethodAccessorImpl.java:62)
	at sun.reflect.DelegatingMethodAccessorImpl.invoke(DelegatingMethodAccessorImpl.java:43)
	at java.lang.reflect.Method.invoke(Method.java:498)
	at org.apache.maven.surefire.booter.ProviderFactory$ClassLoaderProxy.invoke(ProviderFactory.java:103)
	at com.sun.proxy.$Proxy0.invoke(Unknown Source)
	at org.apache.maven.surefire.booter.SurefireStarter.invokeProvider(SurefireStarter.java:145)
	at org.apache.maven.surefire.booter.SurefireStarter.runSuitesInProcess(SurefireStarter.java:87)
	at org.apache.maven.surefire.booter.ForkedBooter.main(ForkedBooter.java:69)
Caused by: org.h2.jdbc.JdbcSQLException: Syntax error in SQL statement &quot;SELECT RES.* 
     
    FROM ACT_ID_GROUP RES
     
     WHERE  RES.NAME_ = ? 
   
     ORDER BY  ORDER[*] BY RES.ID_ ASC  
    LIMIT ? OFFSET ? &quot;; expected &quot;=, NOT, EXISTS, INTERSECTS, SELECT, FROM&quot;; SQL statement:
select RES.* 
     
    from ACT_ID_GROUP RES
     
     WHERE  RES.NAME_ = ? 
   
     order by  order by RES.ID_ asc  
    LIMIT ? OFFSET ? [42001-176]
	at org.h2.message.DbException.getJdbcSQLException(DbException.java:344)
	at org.h2.message.DbException.getSyntaxError(DbException.java:204)
	at org.h2.command.Parser.getSyntaxError(Parser.java:524)
	at org.h2.command.Parser.readTerm(Parser.java:2688)
	at org.h2.command.Parser.readFactor(Parser.java:2244)
	at org.h2.command.Parser.readSum(Parser.java:2231)
	at org.h2.command.Parser.readConcat(Parser.java:2201)
	at org.h2.command.Parser.readCondition(Parser.java:2051)
	at org.h2.command.Parser.readAnd(Parser.java:2023)
	at org.h2.command.Parser.readExpression(Parser.java:2015)
	at org.h2.command.Parser.parseEndOfQuery(Parser.java:1726)
	at org.h2.command.Parser.parseSelectUnionExtension(Parser.java:1706)
	at org.h2.command.Parser.parseSelectUnion(Parser.java:1675)
	at org.h2.command.Parser.parseSelect(Parser.java:1662)
	at org.h2.command.Parser.parsePrepared(Parser.java:434)
	at org.h2.command.Parser.parse(Parser.java:306)
	at org.h2.command.Parser.parse(Parser.java:282)
	at org.h2.command.Parser.prepareCommand(Parser.java:243)
	at org.h2.engine.Session.prepareLocal(Session.java:442)
	at org.h2.engine.Session.prepareCommand(Session.java:384)
	at org.h2.jdbc.JdbcConnection.prepareCommand(JdbcConnection.java:1188)
	at org.h2.jdbc.JdbcPreparedStatement.&lt;init&gt;(JdbcPreparedStatement.java:73)
	at org.h2.jdbc.JdbcConnection.prepareStatement(JdbcConnection.java:276)
	at sun.reflect.GeneratedMethodAccessor6.invoke(Unknown Source)
	at sun.reflect.DelegatingMethodAccessorImpl.invoke(DelegatingMethodAccessorImpl.java:43)
	at java.lang.reflect.Method.invoke(Method.java:498)
	at org.apache.ibatis.datasource.pooled.PooledConnection.invoke(PooledConnection.java:245)
	at com.sun.proxy.$Proxy12.prepareStatement(Unknown Source)
	at sun.reflect.GeneratedMethodAccessor6.invoke(Unknown Source)
	at sun.reflect.DelegatingMethodAccessorImpl.invoke(DelegatingMethodAccessorImpl.java:43)
	at java.lang.reflect.Method.invoke(Method.java:498)
	at org.apache.ibatis.logging.jdbc.ConnectionLogger.invoke(ConnectionLogger.java:55)
	at com.sun.proxy.$Proxy12.prepareStatement(Unknown Source)
	at org.apache.ibatis.executor.statement.PreparedStatementHandler.instantiateStatement(PreparedStatementHandler.java:79)
	at org.apache.ibatis.executor.statement.BaseStatementHandler.prepare(BaseStatementHandler.java:88)
	at org.apache.ibatis.executor.statement.RoutingStatementHandler.prepare(RoutingStatementHandler.java:58)
	at org.apache.ibatis.executor.SimpleExecutor.prepareStatement(SimpleExecutor.java:76)
	at org.apache.ibatis.executor.SimpleExecutor.doQuery(SimpleExecutor.java:61)
	at org.apache.ibatis.executor.BaseExecutor.queryFromDatabase(BaseExecutor.java:303)
	at org.apache.ibatis.executor.BaseExecutor.query(BaseExecutor.java:154)
	at org.apache.ibatis.executor.CachingExecutor.query(CachingExecutor.java:102)
	at org.apache.ibatis.executor.CachingExecutor.query(CachingExecutor.java:82)
	at org.apache.ibatis.session.defaults.DefaultSqlSession.selectList(DefaultSqlSession.java:120)
	... 42 more
10:44:56,533 [main] DEBUG org.activiti.engine.impl.test.PvmTestCase  - #### END GroupQueryTest.testQueryByName #############################################################
10:44:56,533 [main] DEBUG org.activiti.engine.impl.interceptor.LogInterceptor  - 

10:44:56,533 [main] DEBUG org.activiti.engine.impl.interceptor.LogInterceptor  - --- starting DeleteUserCmd --------------------------------------------------------
10:44:56,533 [main] DEBUG org.apache.ibatis.transaction.jdbc.JdbcTransaction  - Opening JDBC Connection
10:44:56,533 [main] DEBUG org.apache.ibatis.datasource.pooled.PooledDataSource  - Checked out connection 297240765 from pool.
10:44:56,533 [main] DEBUG org.apache.ibatis.transaction.jdbc.JdbcTransaction  - Setting autocommit to false on JDBC Connection [conn4: url=jdbc:h2:mem:activiti user=SA]
10:44:56,533 [main] DEBUG org.activiti.engine.impl.persistence.entity.UserEntity.selectUserById  - ==&gt;  Preparing: select * from ACT_ID_USER where ID_ = ? 
10:44:56,534 [main] DEBUG org.activiti.engine.impl.persistence.entity.UserEntity.selectUserById  - ==&gt; Parameters: kermit(String)
10:44:56,534 [main] DEBUG org.activiti.engine.impl.persistence.entity.UserEntity.selectUserById  - &lt;==      Total: 1
10:44:56,534 [main] DEBUG org.activiti.engine.impl.persistence.entity.IdentityInfoEntity.selectIdentityInfoByUserId  - ==&gt;  Preparing: select * from ACT_ID_INFO where USER_ID_ = ? 
10:44:56,534 [main] DEBUG org.activiti.engine.impl.persistence.entity.IdentityInfoEntity.selectIdentityInfoByUserId  - ==&gt; Parameters: kermit(String)
10:44:56,534 [main] DEBUG org.activiti.engine.impl.persistence.entity.IdentityInfoEntity.selectIdentityInfoByUserId  - &lt;==      Total: 0
10:44:56,534 [main] DEBUG org.activiti.engine.impl.db.DbSqlSession  -   bulk delete: deleteMembershipsByUserId(kermit)
10:44:56,534 [main] DEBUG org.activiti.engine.impl.db.DbSqlSession  -   delete org.activiti.engine.impl.persistence.entity.UserEntity@625a9c5d
10:44:56,534 [main] DEBUG org.activiti.engine.impl.db.DbSqlSession  - flush summary: 0 insert, 0 update, 2 delete.
10:44:56,534 [main] DEBUG org.activiti.engine.impl.db.DbSqlSession  - now executing flush...
10:44:56,534 [main] DEBUG org.activiti.engine.impl.db.DbSqlSession  - executing: bulk delete: deleteMembershipsByUserId(kermit)
10:44:56,534 [main] DEBUG org.activiti.engine.impl.persistence.entity.MembershipRelation.deleteMembershipsByUserId  - ==&gt;  Preparing: delete from ACT_ID_MEMBERSHIP where USER_ID_ = ? 
10:44:56,534 [main] DEBUG org.activiti.engine.impl.persistence.entity.MembershipRelation.deleteMembershipsByUserId  - ==&gt; Parameters: kermit(String)
10:44:56,534 [main] DEBUG org.activiti.engine.impl.persistence.entity.MembershipRelation.deleteMembershipsByUserId  - &lt;==    Updates: 3
10:44:56,534 [main] DEBUG org.activiti.engine.impl.db.DbSqlSession  - executing: delete org.activiti.engine.impl.persistence.entity.UserEntity@625a9c5d
10:44:56,534 [main] DEBUG org.activiti.engine.impl.persistence.entity.UserEntity.deleteUser  - ==&gt;  Preparing: delete from ACT_ID_USER where ID_ = ? and REV_ = ? 
10:44:56,534 [main] DEBUG org.activiti.engine.impl.persistence.entity.UserEntity.deleteUser  - ==&gt; Parameters: kermit(String), 1(Integer)
10:44:56,534 [main] DEBUG org.activiti.engine.impl.persistence.entity.UserEntity.deleteUser  - &lt;==    Updates: 1
10:44:56,534 [main] DEBUG org.activiti.engine.impl.cfg.standalone.StandaloneMybatisTransactionContext  - firing event committing...
10:44:56,534 [main] DEBUG org.activiti.engine.impl.cfg.standalone.StandaloneMybatisTransactionContext  - committing the ibatis sql session...
10:44:56,534 [main] DEBUG org.apache.ibatis.transaction.jdbc.JdbcTransaction  - Committing JDBC Connection [conn4: url=jdbc:h2:mem:activiti user=SA]
10:44:56,534 [main] DEBUG org.activiti.engine.impl.cfg.standalone.StandaloneMybatisTransactionContext  - firing event committed...
10:44:56,534 [main] DEBUG org.apache.ibatis.transaction.jdbc.JdbcTransaction  - Resetting autocommit to true on JDBC Connection [conn4: url=jdbc:h2:mem:activiti user=SA]
10:44:56,534 [main] DEBUG org.apache.ibatis.transaction.jdbc.JdbcTransaction  - Closing JDBC Connection [conn4: url=jdbc:h2:mem:activiti user=SA]
10:44:56,534 [main] DEBUG org.apache.ibatis.datasource.pooled.PooledDataSource  - Returned connection 297240765 to pool.
10:44:56,534 [main] DEBUG org.activiti.engine.impl.interceptor.LogInterceptor  - --- DeleteUserCmd finished --------------------------------------------------------
10:44:56,534 [main] DEBUG org.activiti.engine.impl.interceptor.LogInterceptor  - 

10:44:56,534 [main] DEBUG org.activiti.engine.impl.interceptor.LogInterceptor  - 

10:44:56,534 [main] DEBUG org.activiti.engine.impl.interceptor.LogInterceptor  - --- starting DeleteUserCmd --------------------------------------------------------
10:44:56,534 [main] DEBUG org.apache.ibatis.transaction.jdbc.JdbcTransaction  - Opening JDBC Connection
10:44:56,534 [main] DEBUG org.apache.ibatis.datasource.pooled.PooledDataSource  - Checked out connection 363509958 from pool.
10:44:56,534 [main] DEBUG org.apache.ibatis.transaction.jdbc.JdbcTransaction  - Setting autocommit to false on JDBC Connection [conn2: url=jdbc:h2:mem:activiti user=SA]
10:44:56,534 [main] DEBUG org.activiti.engine.impl.persistence.entity.UserEntity.selectUserById  - ==&gt;  Preparing: select * from ACT_ID_USER where ID_ = ? 
10:44:56,534 [main] DEBUG org.activiti.engine.impl.persistence.entity.UserEntity.selectUserById  - ==&gt; Parameters: fozzie(String)
10:44:56,534 [main] DEBUG org.activiti.engine.impl.persistence.entity.UserEntity.selectUserById  - &lt;==      Total: 1
10:44:56,534 [main] DEBUG org.activiti.engine.impl.persistence.entity.IdentityInfoEntity.selectIdentityInfoByUserId  - ==&gt;  Preparing: select * from ACT_ID_INFO where USER_ID_ = ? 
10:44:56,534 [main] DEBUG org.activiti.engine.impl.persistence.entity.IdentityInfoEntity.selectIdentityInfoByUserId  - ==&gt; Parameters: fozzie(String)
10:44:56,534 [main] DEBUG org.activiti.engine.impl.persistence.entity.IdentityInfoEntity.selectIdentityInfoByUserId  - &lt;==      Total: 0
10:44:56,534 [main] DEBUG org.activiti.engine.impl.db.DbSqlSession  -   bulk delete: deleteMembershipsByUserId(fozzie)
10:44:56,534 [main] DEBUG org.activiti.engine.impl.db.DbSqlSession  -   delete org.activiti.engine.impl.persistence.entity.UserEntity@5d1e0fbb
10:44:56,534 [main] DEBUG org.activiti.engine.impl.db.DbSqlSession  - flush summary: 0 insert, 0 update, 2 delete.
10:44:56,534 [main] DEBUG org.activiti.engine.impl.db.DbSqlSession  - now executing flush...
10:44:56,534 [main] DEBUG org.activiti.engine.impl.db.DbSqlSession  - executing: bulk delete: deleteMembershipsByUserId(fozzie)
10:44:56,534 [main] DEBUG org.activiti.engine.impl.persistence.entity.MembershipRelation.deleteMembershipsByUserId  - ==&gt;  Preparing: delete from ACT_ID_MEMBERSHIP where USER_ID_ = ? 
10:44:56,535 [main] DEBUG org.activiti.engine.impl.persistence.entity.MembershipRelation.deleteMembershipsByUserId  - ==&gt; Parameters: fozzie(String)
10:44:56,535 [main] DEBUG org.activiti.engine.impl.persistence.entity.MembershipRelation.deleteMembershipsByUserId  - &lt;==    Updates: 2
10:44:56,535 [main] DEBUG org.activiti.engine.impl.db.DbSqlSession  - executing: delete org.activiti.engine.impl.persistence.entity.UserEntity@5d1e0fbb
10:44:56,535 [main] DEBUG org.activiti.engine.impl.persistence.entity.UserEntity.deleteUser  - ==&gt;  Preparing: delete from ACT_ID_USER where ID_ = ? and REV_ = ? 
10:44:56,535 [main] DEBUG org.activiti.engine.impl.persistence.entity.UserEntity.deleteUser  - ==&gt; Parameters: fozzie(String), 1(Integer)
10:44:56,535 [main] DEBUG org.activiti.engine.impl.persistence.entity.UserEntity.deleteUser  - &lt;==    Updates: 1
10:44:56,535 [main] DEBUG org.activiti.engine.impl.cfg.standalone.StandaloneMybatisTransactionContext  - firing event committing...
10:44:56,535 [main] DEBUG org.activiti.engine.impl.cfg.standalone.StandaloneMybatisTransactionContext  - committing the ibatis sql session...
10:44:56,535 [main] DEBUG org.apache.ibatis.transaction.jdbc.JdbcTransaction  - Committing JDBC Connection [conn2: url=jdbc:h2:mem:activiti user=SA]
10:44:56,535 [main] DEBUG org.activiti.engine.impl.cfg.standalone.StandaloneMybatisTransactionContext  - firing event committed...
10:44:56,535 [main] DEBUG org.apache.ibatis.transaction.jdbc.JdbcTransaction  - Resetting autocommit to true on JDBC Connection [conn2: url=jdbc:h2:mem:activiti user=SA]
10:44:56,535 [main] DEBUG org.apache.ibatis.transaction.jdbc.JdbcTransaction  - Closing JDBC Connection [conn2: url=jdbc:h2:mem:activiti user=SA]
10:44:56,535 [main] DEBUG org.apache.ibatis.datasource.pooled.PooledDataSource  - Returned connection 363509958 to pool.
10:44:56,535 [main] DEBUG org.activiti.engine.impl.interceptor.LogInterceptor  - --- DeleteUserCmd finished --------------------------------------------------------
10:44:56,535 [main] DEBUG org.activiti.engine.impl.interceptor.LogInterceptor  - 

10:44:56,535 [main] DEBUG org.activiti.engine.impl.interceptor.LogInterceptor  - 

10:44:56,535 [main] DEBUG org.activiti.engine.impl.interceptor.LogInterceptor  - --- starting DeleteUserCmd --------------------------------------------------------
10:44:56,535 [main] DEBUG org.apache.ibatis.transaction.jdbc.JdbcTransaction  - Opening JDBC Connection
10:44:56,535 [main] DEBUG org.apache.ibatis.datasource.pooled.PooledDataSource  - Checked out connection 180014677 from pool.
10:44:56,535 [main] DEBUG org.apache.ibatis.transaction.jdbc.JdbcTransaction  - Setting autocommit to false on JDBC Connection [conn3: url=jdbc:h2:mem:activiti user=SA]
10:44:56,535 [main] DEBUG org.activiti.engine.impl.persistence.entity.UserEntity.selectUserById  - ==&gt;  Preparing: select * from ACT_ID_USER where ID_ = ? 
10:44:56,535 [main] DEBUG org.activiti.engine.impl.persistence.entity.UserEntity.selectUserById  - ==&gt; Parameters: mispiggy(String)
10:44:56,535 [main] DEBUG org.activiti.engine.impl.persistence.entity.UserEntity.selectUserById  - &lt;==      Total: 1
10:44:56,535 [main] DEBUG org.activiti.engine.impl.persistence.entity.IdentityInfoEntity.selectIdentityInfoByUserId  - ==&gt;  Preparing: select * from ACT_ID_INFO where USER_ID_ = ? 
10:44:56,535 [main] DEBUG org.activiti.engine.impl.persistence.entity.IdentityInfoEntity.selectIdentityInfoByUserId  - ==&gt; Parameters: mispiggy(String)
10:44:56,535 [main] DEBUG org.activiti.engine.impl.persistence.entity.IdentityInfoEntity.selectIdentityInfoByUserId  - &lt;==      Total: 0
10:44:56,535 [main] DEBUG org.activiti.engine.impl.db.DbSqlSession  -   bulk delete: deleteMembershipsByUserId(mispiggy)
10:44:56,535 [main] DEBUG org.activiti.engine.impl.db.DbSqlSession  -   delete org.activiti.engine.impl.persistence.entity.UserEntity@2eed37f4
10:44:56,535 [main] DEBUG org.activiti.engine.impl.db.DbSqlSession  - flush summary: 0 insert, 0 update, 2 delete.
10:44:56,535 [main] DEBUG org.activiti.engine.impl.db.DbSqlSession  - now executing flush...
10:44:56,535 [main] DEBUG org.activiti.engine.impl.db.DbSqlSession  - executing: bulk delete: deleteMembershipsByUserId(mispiggy)
10:44:56,535 [main] DEBUG org.activiti.engine.impl.persistence.entity.MembershipRelation.deleteMembershipsByUserId  - ==&gt;  Preparing: delete from ACT_ID_MEMBERSHIP where USER_ID_ = ? 
10:44:56,535 [main] DEBUG org.activiti.engine.impl.persistence.entity.MembershipRelation.deleteMembershipsByUserId  - ==&gt; Parameters: mispiggy(String)
10:44:56,535 [main] DEBUG org.activiti.engine.impl.persistence.entity.MembershipRelation.deleteMembershipsByUserId  - &lt;==    Updates: 2
10:44:56,535 [main] DEBUG org.activiti.engine.impl.db.DbSqlSession  - executing: delete org.activiti.engine.impl.persistence.entity.UserEntity@2eed37f4
10:44:56,535 [main] DEBUG org.activiti.engine.impl.persistence.entity.UserEntity.deleteUser  - ==&gt;  Preparing: delete from ACT_ID_USER where ID_ = ? and REV_ = ? 
10:44:56,535 [main] DEBUG org.activiti.engine.impl.persistence.entity.UserEntity.deleteUser  - ==&gt; Parameters: mispiggy(String), 1(Integer)
10:44:56,535 [main] DEBUG org.activiti.engine.impl.persistence.entity.UserEntity.deleteUser  - &lt;==    Updates: 1
10:44:56,535 [main] DEBUG org.activiti.engine.impl.cfg.standalone.StandaloneMybatisTransactionContext  - firing event committing...
10:44:56,535 [main] DEBUG org.activiti.engine.impl.cfg.standalone.StandaloneMybatisTransactionContext  - committing the ibatis sql session...
10:44:56,535 [main] DEBUG org.apache.ibatis.transaction.jdbc.JdbcTransaction  - Committing JDBC Connection [conn3: url=jdbc:h2:mem:activiti user=SA]
10:44:56,535 [main] DEBUG org.activiti.engine.impl.cfg.standalone.StandaloneMybatisTransactionContext  - firing event committed...
10:44:56,535 [main] DEBUG org.apache.ibatis.transaction.jdbc.JdbcTransaction  - Resetting autocommit to true on JDBC Connection [conn3: url=jdbc:h2:mem:activiti user=SA]
10:44:56,535 [main] DEBUG org.apache.ibatis.transaction.jdbc.JdbcTransaction  - Closing JDBC Connection [conn3: url=jdbc:h2:mem:activiti user=SA]
10:44:56,535 [main] DEBUG org.apache.ibatis.datasource.pooled.PooledDataSource  - Returned connection 180014677 to pool.
10:44:56,535 [main] DEBUG org.activiti.engine.impl.interceptor.LogInterceptor  - --- DeleteUserCmd finished --------------------------------------------------------
10:44:56,535 [main] DEBUG org.activiti.engine.impl.interceptor.LogInterceptor  - 

10:44:56,535 [main] DEBUG org.activiti.engine.impl.interceptor.LogInterceptor  - 

10:44:56,535 [main] DEBUG org.activiti.engine.impl.interceptor.LogInterceptor  - --- starting DeleteGroupCmd --------------------------------------------------------
10:44:56,535 [main] DEBUG org.apache.ibatis.transaction.jdbc.JdbcTransaction  - Opening JDBC Connection
10:44:56,535 [main] DEBUG org.apache.ibatis.datasource.pooled.PooledDataSource  - Checked out connection 297240765 from pool.
10:44:56,535 [main] DEBUG org.apache.ibatis.transaction.jdbc.JdbcTransaction  - Setting autocommit to false on JDBC Connection [conn4: url=jdbc:h2:mem:activiti user=SA]
10:44:56,535 [main] DEBUG org.activiti.engine.impl.persistence.entity.GroupEntity.selectGroup  - ==&gt;  Preparing: select * from ACT_ID_GROUP where ID_ = ? 
10:44:56,535 [main] DEBUG org.activiti.engine.impl.persistence.entity.GroupEntity.selectGroup  - ==&gt; Parameters: muppets(String)
10:44:56,535 [main] DEBUG org.activiti.engine.impl.persistence.entity.GroupEntity.selectGroup  - &lt;==      Total: 1
10:44:56,535 [main] DEBUG org.activiti.engine.impl.db.DbSqlSession  -   bulk delete: deleteMembershipsByGroupId(muppets)
10:44:56,535 [main] DEBUG org.activiti.engine.impl.db.DbSqlSession  -   delete org.activiti.engine.impl.persistence.entity.GroupEntity@9b76b60
10:44:56,535 [main] DEBUG org.activiti.engine.impl.db.DbSqlSession  - flush summary: 0 insert, 0 update, 2 delete.
10:44:56,535 [main] DEBUG org.activiti.engine.impl.db.DbSqlSession  - now executing flush...
10:44:56,535 [main] DEBUG org.activiti.engine.impl.db.DbSqlSession  - executing: bulk delete: deleteMembershipsByGroupId(muppets)
10:44:56,535 [main] DEBUG org.activiti.engine.impl.persistence.entity.MembershipRelation.deleteMembershipsByGroupId  - ==&gt;  Preparing: delete from ACT_ID_MEMBERSHIP where GROUP_ID_ = ? 
10:44:56,535 [main] DEBUG org.activiti.engine.impl.persistence.entity.MembershipRelation.deleteMembershipsByGroupId  - ==&gt; Parameters: muppets(String)
10:44:56,535 [main] DEBUG org.activiti.engine.impl.persistence.entity.MembershipRelation.deleteMembershipsByGroupId  - &lt;==    Updates: 0
10:44:56,535 [main] DEBUG org.activiti.engine.impl.db.DbSqlSession  - executing: delete org.activiti.engine.impl.persistence.entity.GroupEntity@9b76b60
10:44:56,535 [main] DEBUG org.activiti.engine.impl.persistence.entity.GroupEntity.deleteGroup  - ==&gt;  Preparing: delete from ACT_ID_GROUP where ID_ = ? and REV_ = ? 
10:44:56,535 [main] DEBUG org.activiti.engine.impl.persistence.entity.GroupEntity.deleteGroup  - ==&gt; Parameters: muppets(String), 1(Integer)
10:44:56,535 [main] DEBUG org.activiti.engine.impl.persistence.entity.GroupEntity.deleteGroup  - &lt;==    Updates: 1
10:44:56,535 [main] DEBUG org.activiti.engine.impl.cfg.standalone.StandaloneMybatisTransactionContext  - firing event committing...
10:44:56,535 [main] DEBUG org.activiti.engine.impl.cfg.standalone.StandaloneMybatisTransactionContext  - committing the ibatis sql session...
10:44:56,535 [main] DEBUG org.apache.ibatis.transaction.jdbc.JdbcTransaction  - Committing JDBC Connection [conn4: url=jdbc:h2:mem:activiti user=SA]
10:44:56,535 [main] DEBUG org.activiti.engine.impl.cfg.standalone.StandaloneMybatisTransactionContext  - firing event committed...
10:44:56,535 [main] DEBUG org.apache.ibatis.transaction.jdbc.JdbcTransaction  - Resetting autocommit to true on JDBC Connection [conn4: url=jdbc:h2:mem:activiti user=SA]
10:44:56,535 [main] DEBUG org.apache.ibatis.transaction.jdbc.JdbcTransaction  - Closing JDBC Connection [conn4: url=jdbc:h2:mem:activiti user=SA]
10:44:56,536 [main] DEBUG org.apache.ibatis.datasource.pooled.PooledDataSource  - Returned connection 297240765 to pool.
10:44:56,536 [main] DEBUG org.activiti.engine.impl.interceptor.LogInterceptor  - --- DeleteGroupCmd finished --------------------------------------------------------
10:44:56,536 [main] DEBUG org.activiti.engine.impl.interceptor.LogInterceptor  - 

10:44:56,536 [main] DEBUG org.activiti.engine.impl.interceptor.LogInterceptor  - 

10:44:56,536 [main] DEBUG org.activiti.engine.impl.interceptor.LogInterceptor  - --- starting DeleteGroupCmd --------------------------------------------------------
10:44:56,536 [main] DEBUG org.apache.ibatis.transaction.jdbc.JdbcTransaction  - Opening JDBC Connection
10:44:56,536 [main] DEBUG org.apache.ibatis.datasource.pooled.PooledDataSource  - Checked out connection 363509958 from pool.
10:44:56,536 [main] DEBUG org.apache.ibatis.transaction.jdbc.JdbcTransaction  - Setting autocommit to false on JDBC Connection [conn2: url=jdbc:h2:mem:activiti user=SA]
10:44:56,536 [main] DEBUG org.activiti.engine.impl.persistence.entity.GroupEntity.selectGroup  - ==&gt;  Preparing: select * from ACT_ID_GROUP where ID_ = ? 
10:44:56,536 [main] DEBUG org.activiti.engine.impl.persistence.entity.GroupEntity.selectGroup  - ==&gt; Parameters: mammals(String)
10:44:56,536 [main] DEBUG org.activiti.engine.impl.persistence.entity.GroupEntity.selectGroup  - &lt;==      Total: 1
10:44:56,536 [main] DEBUG org.activiti.engine.impl.db.DbSqlSession  -   bulk delete: deleteMembershipsByGroupId(mammals)
10:44:56,536 [main] DEBUG org.activiti.engine.impl.db.DbSqlSession  -   delete org.activiti.engine.impl.persistence.entity.GroupEntity@3fb9a67f
10:44:56,536 [main] DEBUG org.activiti.engine.impl.db.DbSqlSession  - flush summary: 0 insert, 0 update, 2 delete.
10:44:56,536 [main] DEBUG org.activiti.engine.impl.db.DbSqlSession  - now executing flush...
10:44:56,536 [main] DEBUG org.activiti.engine.impl.db.DbSqlSession  - executing: bulk delete: deleteMembershipsByGroupId(mammals)
10:44:56,536 [main] DEBUG org.activiti.engine.impl.persistence.entity.MembershipRelation.deleteMembershipsByGroupId  - ==&gt;  Preparing: delete from ACT_ID_MEMBERSHIP where GROUP_ID_ = ? 
10:44:56,536 [main] DEBUG org.activiti.engine.impl.persistence.entity.MembershipRelation.deleteMembershipsByGroupId  - ==&gt; Parameters: mammals(String)
10:44:56,536 [main] DEBUG org.activiti.engine.impl.persistence.entity.MembershipRelation.deleteMembershipsByGroupId  - &lt;==    Updates: 0
10:44:56,536 [main] DEBUG org.activiti.engine.impl.db.DbSqlSession  - executing: delete org.activiti.engine.impl.persistence.entity.GroupEntity@3fb9a67f
10:44:56,536 [main] DEBUG org.activiti.engine.impl.persistence.entity.GroupEntity.deleteGroup  - ==&gt;  Preparing: delete from ACT_ID_GROUP where ID_ = ? and REV_ = ? 
10:44:56,536 [main] DEBUG org.activiti.engine.impl.persistence.entity.GroupEntity.deleteGroup  - ==&gt; Parameters: mammals(String), 1(Integer)
10:44:56,536 [main] DEBUG org.activiti.engine.impl.persistence.entity.GroupEntity.deleteGroup  - &lt;==    Updates: 1
10:44:56,536 [main] DEBUG org.activiti.engine.impl.cfg.standalone.StandaloneMybatisTransactionContext  - firing event committing...
10:44:56,536 [main] DEBUG org.activiti.engine.impl.cfg.standalone.StandaloneMybatisTransactionContext  - committing the ibatis sql session...
10:44:56,536 [main] DEBUG org.apache.ibatis.transaction.jdbc.JdbcTransaction  - Committing JDBC Connection [conn2: url=jdbc:h2:mem:activiti user=SA]
10:44:56,536 [main] DEBUG org.activiti.engine.impl.cfg.standalone.StandaloneMybatisTransactionContext  - firing event committed...
10:44:56,536 [main] DEBUG org.apache.ibatis.transaction.jdbc.JdbcTransaction  - Resetting autocommit to true on JDBC Connection [conn2: url=jdbc:h2:mem:activiti user=SA]
10:44:56,536 [main] DEBUG org.apache.ibatis.transaction.jdbc.JdbcTransaction  - Closing JDBC Connection [conn2: url=jdbc:h2:mem:activiti user=SA]
10:44:56,536 [main] DEBUG org.apache.ibatis.datasource.pooled.PooledDataSource  - Returned connection 363509958 to pool.
10:44:56,536 [main] DEBUG org.activiti.engine.impl.interceptor.LogInterceptor  - --- DeleteGroupCmd finished --------------------------------------------------------
10:44:56,536 [main] DEBUG org.activiti.engine.impl.interceptor.LogInterceptor  - 

10:44:56,536 [main] DEBUG org.activiti.engine.impl.interceptor.LogInterceptor  - 

10:44:56,536 [main] DEBUG org.activiti.engine.impl.interceptor.LogInterceptor  - --- starting DeleteGroupCmd --------------------------------------------------------
10:44:56,536 [main] DEBUG org.apache.ibatis.transaction.jdbc.JdbcTransaction  - Opening JDBC Connection
10:44:56,536 [main] DEBUG org.apache.ibatis.datasource.pooled.PooledDataSource  - Checked out connection 180014677 from pool.
10:44:56,536 [main] DEBUG org.apache.ibatis.transaction.jdbc.JdbcTransaction  - Setting autocommit to false on JDBC Connection [conn3: url=jdbc:h2:mem:activiti user=SA]
10:44:56,536 [main] DEBUG org.activiti.engine.impl.persistence.entity.GroupEntity.selectGroup  - ==&gt;  Preparing: select * from ACT_ID_GROUP where ID_ = ? 
10:44:56,536 [main] DEBUG org.activiti.engine.impl.persistence.entity.GroupEntity.selectGroup  - ==&gt; Parameters: frogs(String)
10:44:56,536 [main] DEBUG org.activiti.engine.impl.persistence.entity.GroupEntity.selectGroup  - &lt;==      Total: 1
10:44:56,536 [main] DEBUG org.activiti.engine.impl.db.DbSqlSession  -   bulk delete: deleteMembershipsByGroupId(frogs)
10:44:56,536 [main] DEBUG org.activiti.engine.impl.db.DbSqlSession  -   delete org.activiti.engine.impl.persistence.entity.GroupEntity@127705e4
10:44:56,536 [main] DEBUG org.activiti.engine.impl.db.DbSqlSession  - flush summary: 0 insert, 0 update, 2 delete.
10:44:56,536 [main] DEBUG org.activiti.engine.impl.db.DbSqlSession  - now executing flush...
10:44:56,536 [main] DEBUG org.activiti.engine.impl.db.DbSqlSession  - executing: bulk delete: deleteMembershipsByGroupId(frogs)
10:44:56,536 [main] DEBUG org.activiti.engine.impl.persistence.entity.MembershipRelation.deleteMembershipsByGroupId  - ==&gt;  Preparing: delete from ACT_ID_MEMBERSHIP where GROUP_ID_ = ? 
10:44:56,536 [main] DEBUG org.activiti.engine.impl.persistence.entity.MembershipRelation.deleteMembershipsByGroupId  - ==&gt; Parameters: frogs(String)
10:44:56,536 [main] DEBUG org.activiti.engine.impl.persistence.entity.MembershipRelation.deleteMembershipsByGroupId  - &lt;==    Updates: 0
10:44:56,536 [main] DEBUG org.activiti.engine.impl.db.DbSqlSession  - executing: delete org.activiti.engine.impl.persistence.entity.GroupEntity@127705e4
10:44:56,536 [main] DEBUG org.activiti.engine.impl.persistence.entity.GroupEntity.deleteGroup  - ==&gt;  Preparing: delete from ACT_ID_GROUP where ID_ = ? and REV_ = ? 
10:44:56,536 [main] DEBUG org.activiti.engine.impl.persistence.entity.GroupEntity.deleteGroup  - ==&gt; Parameters: frogs(String), 1(Integer)
10:44:56,536 [main] DEBUG org.activiti.engine.impl.persistence.entity.GroupEntity.deleteGroup  - &lt;==    Updates: 1
10:44:56,536 [main] DEBUG org.activiti.engine.impl.cfg.standalone.StandaloneMybatisTransactionContext  - firing event committing...
10:44:56,536 [main] DEBUG org.activiti.engine.impl.cfg.standalone.StandaloneMybatisTransactionContext  - committing the ibatis sql session...
10:44:56,536 [main] DEBUG org.apache.ibatis.transaction.jdbc.JdbcTransaction  - Committing JDBC Connection [conn3: url=jdbc:h2:mem:activiti user=SA]
10:44:56,536 [main] DEBUG org.activiti.engine.impl.cfg.standalone.StandaloneMybatisTransactionContext  - firing event committed...
10:44:56,536 [main] DEBUG org.apache.ibatis.transaction.jdbc.JdbcTransaction  - Resetting autocommit to true on JDBC Connection [conn3: url=jdbc:h2:mem:activiti user=SA]
10:44:56,536 [main] DEBUG org.apache.ibatis.transaction.jdbc.JdbcTransaction  - Closing JDBC Connection [conn3: url=jdbc:h2:mem:activiti user=SA]
10:44:56,536 [main] DEBUG org.apache.ibatis.datasource.pooled.PooledDataSource  - Returned connection 180014677 to pool.
10:44:56,536 [main] DEBUG org.activiti.engine.impl.interceptor.LogInterceptor  - --- DeleteGroupCmd finished --------------------------------------------------------
10:44:56,536 [main] DEBUG org.activiti.engine.impl.interceptor.LogInterceptor  - 

10:44:56,536 [main] DEBUG org.activiti.engine.impl.interceptor.LogInterceptor  - 

10:44:56,536 [main] DEBUG org.activiti.engine.impl.interceptor.LogInterceptor  - --- starting DeleteGroupCmd --------------------------------------------------------
10:44:56,536 [main] DEBUG org.apache.ibatis.transaction.jdbc.JdbcTransaction  - Opening JDBC Connection
10:44:56,536 [main] DEBUG org.apache.ibatis.datasource.pooled.PooledDataSource  - Checked out connection 297240765 from pool.
10:44:56,536 [main] DEBUG org.apache.ibatis.transaction.jdbc.JdbcTransaction  - Setting autocommit to false on JDBC Connection [conn4: url=jdbc:h2:mem:activiti user=SA]
10:44:56,536 [main] DEBUG org.activiti.engine.impl.persistence.entity.GroupEntity.selectGroup  - ==&gt;  Preparing: select * from ACT_ID_GROUP where ID_ = ? 
10:44:56,536 [main] DEBUG org.activiti.engine.impl.persistence.entity.GroupEntity.selectGroup  - ==&gt; Parameters: admin(String)
10:44:56,536 [main] DEBUG org.activiti.engine.impl.persistence.entity.GroupEntity.selectGroup  - &lt;==      Total: 1
10:44:56,536 [main] DEBUG org.activiti.engine.impl.db.DbSqlSession  -   bulk delete: deleteMembershipsByGroupId(admin)
10:44:56,536 [main] DEBUG org.activiti.engine.impl.db.DbSqlSession  -   delete org.activiti.engine.impl.persistence.entity.GroupEntity@5562c2c9
10:44:56,536 [main] DEBUG org.activiti.engine.impl.db.DbSqlSession  - flush summary: 0 insert, 0 update, 2 delete.
10:44:56,536 [main] DEBUG org.activiti.engine.impl.db.DbSqlSession  - now executing flush...
10:44:56,536 [main] DEBUG org.activiti.engine.impl.db.DbSqlSession  - executing: bulk delete: deleteMembershipsByGroupId(admin)
10:44:56,536 [main] DEBUG org.activiti.engine.impl.persistence.entity.MembershipRelation.deleteMembershipsByGroupId  - ==&gt;  Preparing: delete from ACT_ID_MEMBERSHIP where GROUP_ID_ = ? 
10:44:56,536 [main] DEBUG org.activiti.engine.impl.persistence.entity.MembershipRelation.deleteMembershipsByGroupId  - ==&gt; Parameters: admin(String)
10:44:56,536 [main] DEBUG org.activiti.engine.impl.persistence.entity.MembershipRelation.deleteMembershipsByGroupId  - &lt;==    Updates: 0
10:44:56,536 [main] DEBUG org.activiti.engine.impl.db.DbSqlSession  - executing: delete org.activiti.engine.impl.persistence.entity.GroupEntity@5562c2c9
10:44:56,536 [main] DEBUG org.activiti.engine.impl.persistence.entity.GroupEntity.deleteGroup  - ==&gt;  Preparing: delete from ACT_ID_GROUP where ID_ = ? and REV_ = ? 
10:44:56,536 [main] DEBUG org.activiti.engine.impl.persistence.entity.GroupEntity.deleteGroup  - ==&gt; Parameters: admin(String), 1(Integer)
10:44:56,536 [main] DEBUG org.activiti.engine.impl.persistence.entity.GroupEntity.deleteGroup  - &lt;==    Updates: 1
10:44:56,536 [main] DEBUG org.activiti.engine.impl.cfg.standalone.StandaloneMybatisTransactionContext  - firing event committing...
10:44:56,536 [main] DEBUG org.activiti.engine.impl.cfg.standalone.StandaloneMybatisTransactionContext  - committing the ibatis sql session...
10:44:56,536 [main] DEBUG org.apache.ibatis.transaction.jdbc.JdbcTransaction  - Committing JDBC Connection [conn4: url=jdbc:h2:mem:activiti user=SA]
10:44:56,536 [main] DEBUG org.activiti.engine.impl.cfg.standalone.StandaloneMybatisTransactionContext  - firing event committed...
10:44:56,536 [main] DEBUG org.apache.ibatis.transaction.jdbc.JdbcTransaction  - Resetting autocommit to true on JDBC Connection [conn4: url=jdbc:h2:mem:activiti user=SA]
10:44:56,536 [main] DEBUG org.apache.ibatis.transaction.jdbc.JdbcTransaction  - Closing JDBC Connection [conn4: url=jdbc:h2:mem:activiti user=SA]
10:44:56,536 [main] DEBUG org.apache.ibatis.datasource.pooled.PooledDataSource  - Returned connection 297240765 to pool.
10:44:56,536 [main] DEBUG org.activiti.engine.impl.interceptor.LogInterceptor  - --- DeleteGroupCmd finished --------------------------------------------------------
10:44:56,536 [main] DEBUG org.activiti.engine.impl.interceptor.LogInterceptor  - 

10:44:56,536 [main] ERROR org.activiti.engine.impl.test.PvmTestCase  - 

10:44:56,536 [main] ERROR org.activiti.engine.impl.test.PvmTestCase  - EXCEPTION: org.apache.ibatis.exceptions.PersistenceException: 
### Error querying database.  Cause: org.h2.jdbc.JdbcSQLException: Syntax error in SQL statement &quot;SELECT RES.* 
     
    FROM ACT_ID_GROUP RES
     
     WHERE  RES.NAME_ = ? 
   
     ORDER BY  ORDER[*] BY RES.ID_ ASC  
    LIMIT ? OFFSET ? &quot;; expected &quot;=, NOT, EXISTS, INTERSECTS, SELECT, FROM&quot;; SQL statement:
select RES.* 
     
    from ACT_ID_GROUP RES
     
     WHERE  RES.NAME_ = ? 
   
     order by  order by RES.ID_ asc  
    LIMIT ? OFFSET ? [42001-176]
### The error may exist in org/activiti/db/mapping/entity/Group.xml
### The error may involve org.activiti.engine.impl.persistence.entity.GroupEntity.selectGroupByQueryCriteria
### The error occurred while executing a query
### SQL: select RES.*            from ACT_ID_GROUP RES            WHERE  RES.NAME_ = ?           order by  order by RES.ID_ asc       LIMIT ? OFFSET ?
### Cause: org.h2.jdbc.JdbcSQLException: Syntax error in SQL statement &quot;SELECT RES.* 
     
    FROM ACT_ID_GROUP RES
     
     WHERE  RES.NAME_ = ? 
   
     ORDER BY  ORDER[*] BY RES.ID_ ASC  
    LIMIT ? OFFSET ? &quot;; expected &quot;=, NOT, EXISTS, INTERSECTS, SELECT, FROM&quot;; SQL statement:
select RES.* 
     
    from ACT_ID_GROUP RES
     
     WHERE  RES.NAME_ = ? 
   
     order by  order by RES.ID_ asc  
    LIMIT ? OFFSET ? [42001-176]
org.apache.ibatis.exceptions.PersistenceException: 
### Error querying database.  Cause: org.h2.jdbc.JdbcSQLException: Syntax error in SQL statement &quot;SELECT RES.* 
     
    FROM ACT_ID_GROUP RES
     
     WHERE  RES.NAME_ = ? 
   
     ORDER BY  ORDER[*] BY RES.ID_ ASC  
    LIMIT ? OFFSET ? &quot;; expected &quot;=, NOT, EXISTS, INTERSECTS, SELECT, FROM&quot;; SQL statement:
select RES.* 
     
    from ACT_ID_GROUP RES
     
     WHERE  RES.NAME_ = ? 
   
     order by  order by RES.ID_ asc  
    LIMIT ? OFFSET ? [42001-176]
### The error may exist in org/activiti/db/mapping/entity/Group.xml
### The error may involve org.activiti.engine.impl.persistence.entity.GroupEntity.selectGroupByQueryCriteria
### The error occurred while executing a query
### SQL: select RES.*            from ACT_ID_GROUP RES            WHERE  RES.NAME_ = ?           order by  order by RES.ID_ asc       LIMIT ? OFFSET ?
### Cause: org.h2.jdbc.JdbcSQLException: Syntax error in SQL statement &quot;SELECT RES.* 
     
    FROM ACT_ID_GROUP RES
     
     WHERE  RES.NAME_ = ? 
   
     ORDER BY  ORDER[*] BY RES.ID_ ASC  
    LIMIT ? OFFSET ? &quot;; expected &quot;=, NOT, EXISTS, INTERSECTS, SELECT, FROM&quot;; SQL statement:
select RES.* 
     
    from ACT_ID_GROUP RES
     
     WHERE  RES.NAME_ = ? 
   
     order by  order by RES.ID_ asc  
    LIMIT ? OFFSET ? [42001-176]
	at org.apache.ibatis.exceptions.ExceptionFactory.wrapException(ExceptionFactory.java:30)
	at org.apache.ibatis.session.defaults.DefaultSqlSession.selectList(DefaultSqlSession.java:122)
	at org.apache.ibatis.session.defaults.DefaultSqlSession.selectList(DefaultSqlSession.java:113)
	at org.activiti.engine.impl.db.DbSqlSession.selectListWithRawParameter(DbSqlSession.java:438)
	at org.activiti.engine.impl.db.DbSqlSession.selectList(DbSqlSession.java:429)
	at org.activiti.engine.impl.db.DbSqlSession.selectList(DbSqlSession.java:419)
	at org.activiti.engine.impl.persistence.entity.GroupEntityManager.findGroupByQueryCriteria(GroupEntityManager.java:90)
	at org.activiti.engine.impl.GroupQueryImpl.executeList(GroupQueryImpl.java:125)
	at org.activiti.engine.impl.AbstractQuery.execute(AbstractQuery.java:164)
	at org.activiti.engine.impl.interceptor.CommandInvoker.execute(CommandInvoker.java:24)
	at org.activiti.engine.impl.interceptor.CommandContextInterceptor.execute(CommandContextInterceptor.java:57)
	at org.activiti.engine.impl.interceptor.LogInterceptor.execute(LogInterceptor.java:37)
	at org.activiti.engine.impl.cfg.CommandExecutorImpl.execute(CommandExecutorImpl.java:40)
	at org.activiti.engine.impl.cfg.CommandExecutorImpl.execute(CommandExecutorImpl.java:35)
	at org.activiti.engine.impl.AbstractQuery.list(AbstractQuery.java:138)
	at org.activiti.engine.test.api.identity.GroupQueryTest.verifyQueryResults(GroupQueryTest.java:221)
	at org.activiti.engine.test.api.identity.GroupQueryTest.testQueryByName(GroupQueryTest.java:95)
	at sun.reflect.NativeMethodAccessorImpl.invoke0(Native Method)
	at sun.reflect.NativeMethodAccessorImpl.invoke(NativeMethodAccessorImpl.java:62)
	at sun.reflect.DelegatingMethodAccessorImpl.invoke(DelegatingMethodAccessorImpl.java:43)
	at java.lang.reflect.Method.invoke(Method.java:498)
	at junit.framework.TestCase.runTest(TestCase.java:176)
	at org.activiti.engine.impl.test.PvmTestCase.runTest(PvmTestCase.java:65)
	at junit.framework.TestCase.runBare(TestCase.java:141)
	at org.activiti.engine.impl.test.AbstractActivitiTestCase.runBare(AbstractActivitiTestCase.java:100)
	at junit.framework.TestResult$1.protect(TestResult.java:122)
	at junit.framework.TestResult.runProtected(TestResult.java:142)
	at junit.framework.TestResult.run(TestResult.java:125)
	at junit.framework.TestCase.run(TestCase.java:129)
	at junit.framework.TestSuite.runTest(TestSuite.java:255)
	at junit.framework.TestSuite.run(TestSuite.java:250)
	at org.junit.internal.runners.JUnit38ClassRunner.run(JUnit38ClassRunner.java:84)
	at org.apache.maven.surefire.junit4.JUnit4TestSet.execute(JUnit4TestSet.java:35)
	at org.apache.maven.surefire.junit4.JUnit4Provider.executeTestSet(JUnit4Provider.java:146)
	at org.apache.maven.surefire.junit4.JUnit4Provider.invoke(JUnit4Provider.java:97)
	at sun.reflect.NativeMethodAccessorImpl.invoke0(Native Method)
	at sun.reflect.NativeMethodAccessorImpl.invoke(NativeMethodAccessorImpl.java:62)
	at sun.reflect.DelegatingMethodAccessorImpl.invoke(DelegatingMethodAccessorImpl.java:43)
	at java.lang.reflect.Method.invoke(Method.java:498)
	at org.apache.maven.surefire.booter.ProviderFactory$ClassLoaderProxy.invoke(ProviderFactory.java:103)
	at com.sun.proxy.$Proxy0.invoke(Unknown Source)
	at org.apache.maven.surefire.booter.SurefireStarter.invokeProvider(SurefireStarter.java:145)
	at org.apache.maven.surefire.booter.SurefireStarter.runSuitesInProcess(SurefireStarter.java:87)
	at org.apache.maven.surefire.booter.ForkedBooter.main(ForkedBooter.java:69)
Caused by: org.h2.jdbc.JdbcSQLException: Syntax error in SQL statement &quot;SELECT RES.* 
     
    FROM ACT_ID_GROUP RES
     
     WHERE  RES.NAME_ = ? 
   
     ORDER BY  ORDER[*] BY RES.ID_ ASC  
    LIMIT ? OFFSET ? &quot;; expected &quot;=, NOT, EXISTS, INTERSECTS, SELECT, FROM&quot;; SQL statement:
select RES.* 
     
    from ACT_ID_GROUP RES
     
     WHERE  RES.NAME_ = ? 
   
     order by  order by RES.ID_ asc  
    LIMIT ? OFFSET ? [42001-176]
	at org.h2.message.DbException.getJdbcSQLException(DbException.java:344)
	at org.h2.message.DbException.getSyntaxError(DbException.java:204)
	at org.h2.command.Parser.getSyntaxError(Parser.java:524)
	at org.h2.command.Parser.readTerm(Parser.java:2688)
	at org.h2.command.Parser.readFactor(Parser.java:2244)
	at org.h2.command.Parser.readSum(Parser.java:2231)
	at org.h2.command.Parser.readConcat(Parser.java:2201)
	at org.h2.command.Parser.readCondition(Parser.java:2051)
	at org.h2.command.Parser.readAnd(Parser.java:2023)
	at org.h2.command.Parser.readExpression(Parser.java:2015)
	at org.h2.command.Parser.parseEndOfQuery(Parser.java:1726)
	at org.h2.command.Parser.parseSelectUnionExtension(Parser.java:1706)
	at org.h2.command.Parser.parseSelectUnion(Parser.java:1675)
	at org.h2.command.Parser.parseSelect(Parser.java:1662)
	at org.h2.command.Parser.parsePrepared(Parser.java:434)
	at org.h2.command.Parser.parse(Parser.java:306)
	at org.h2.command.Parser.parse(Parser.java:282)
	at org.h2.command.Parser.prepareCommand(Parser.java:243)
	at org.h2.engine.Session.prepareLocal(Session.java:442)
	at org.h2.engine.Session.prepareCommand(Session.java:384)
	at org.h2.jdbc.JdbcConnection.prepareCommand(JdbcConnection.java:1188)
	at org.h2.jdbc.JdbcPreparedStatement.&lt;init&gt;(JdbcPreparedStatement.java:73)
	at org.h2.jdbc.JdbcConnection.prepareStatement(JdbcConnection.java:276)
	at sun.reflect.GeneratedMethodAccessor6.invoke(Unknown Source)
	at sun.reflect.DelegatingMethodAccessorImpl.invoke(DelegatingMethodAccessorImpl.java:43)
	at java.lang.reflect.Method.invoke(Method.java:498)
	at org.apache.ibatis.datasource.pooled.PooledConnection.invoke(PooledConnection.java:245)
	at com.sun.proxy.$Proxy12.prepareStatement(Unknown Source)
	at sun.reflect.GeneratedMethodAccessor6.invoke(Unknown Source)
	at sun.reflect.DelegatingMethodAccessorImpl.invoke(DelegatingMethodAccessorImpl.java:43)
	at java.lang.reflect.Method.invoke(Method.java:498)
	at org.apache.ibatis.logging.jdbc.ConnectionLogger.invoke(ConnectionLogger.java:55)
	at com.sun.proxy.$Proxy12.prepareStatement(Unknown Source)
	at org.apache.ibatis.executor.statement.PreparedStatementHandler.instantiateStatement(PreparedStatementHandler.java:79)
	at org.apache.ibatis.executor.statement.BaseStatementHandler.prepare(BaseStatementHandler.java:88)
	at org.apache.ibatis.executor.statement.RoutingStatementHandler.prepare(RoutingStatementHandler.java:58)
	at org.apache.ibatis.executor.SimpleExecutor.prepareStatement(SimpleExecutor.java:76)
	at org.apache.ibatis.executor.SimpleExecutor.doQuery(SimpleExecutor.java:61)
	at org.apache.ibatis.executor.BaseExecutor.queryFromDatabase(BaseExecutor.java:303)
	at org.apache.ibatis.executor.BaseExecutor.query(BaseExecutor.java:154)
	at org.apache.ibatis.executor.CachingExecutor.query(CachingExecutor.java:102)
	at org.apache.ibatis.executor.CachingExecutor.query(CachingExecutor.java:82)
	at org.apache.ibatis.session.defaults.DefaultSqlSession.selectList(DefaultSqlSession.java:120)
	... 42 more
10:44:56,537 [main] DEBUG org.activiti.engine.impl.test.PvmTestCase  - verifying that db is clean after test
10:44:56,537 [main] DEBUG org.activiti.engine.impl.interceptor.LogInterceptor  - 

10:44:56,537 [main] DEBUG org.activiti.engine.impl.interceptor.LogInterceptor  - --- starting GetTableCountCmd --------------------------------------------------------
10:44:56,537 [main] DEBUG org.apache.ibatis.transaction.jdbc.JdbcTransaction  - Opening JDBC Connection
10:44:56,537 [main] DEBUG org.apache.ibatis.datasource.pooled.PooledDataSource  - Checked out connection 363509958 from pool.
10:44:56,537 [main] DEBUG org.apache.ibatis.transaction.jdbc.JdbcTransaction  - Setting autocommit to false on JDBC Connection [conn2: url=jdbc:h2:mem:activiti user=SA]
10:44:56,537 [main] DEBUG org.activiti.engine.impl.persistence.entity.TableDataManager  - retrieving activiti tables from jdbc metadata
10:44:56,537 [main] DEBUG org.activiti.engine.impl.persistence.entity.TableDataManager  -   retrieved activiti table name ACT_EVT_LOG
10:44:56,537 [main] DEBUG org.activiti.engine.impl.persistence.entity.TableDataManager  -   retrieved activiti table name ACT_GE_BYTEARRAY
10:44:56,537 [main] DEBUG org.activiti.engine.impl.persistence.entity.TableDataManager  -   retrieved activiti table name ACT_GE_PROPERTY
10:44:56,537 [main] DEBUG org.activiti.engine.impl.persistence.entity.TableDataManager  -   retrieved activiti table name ACT_HI_ACTINST
10:44:56,537 [main] DEBUG org.activiti.engine.impl.persistence.entity.TableDataManager  -   retrieved activiti table name ACT_HI_ATTACHMENT
10:44:56,537 [main] DEBUG org.activiti.engine.impl.persistence.entity.TableDataManager  -   retrieved activiti table name ACT_HI_COMMENT
10:44:56,537 [main] DEBUG org.activiti.engine.impl.persistence.entity.TableDataManager  -   retrieved activiti table name ACT_HI_DETAIL
10:44:56,537 [main] DEBUG org.activiti.engine.impl.persistence.entity.TableDataManager  -   retrieved activiti table name ACT_HI_IDENTITYLINK
10:44:56,537 [main] DEBUG org.activiti.engine.impl.persistence.entity.TableDataManager  -   retrieved activiti table name ACT_HI_PROCINST
10:44:56,537 [main] DEBUG org.activiti.engine.impl.persistence.entity.TableDataManager  -   retrieved activiti table name ACT_HI_TASKINST
10:44:56,537 [main] DEBUG org.activiti.engine.impl.persistence.entity.TableDataManager  -   retrieved activiti table name ACT_HI_VARINST
10:44:56,537 [main] DEBUG org.activiti.engine.impl.persistence.entity.TableDataManager  -   retrieved activiti table name ACT_ID_GROUP
10:44:56,537 [main] DEBUG org.activiti.engine.impl.persistence.entity.TableDataManager  -   retrieved activiti table name ACT_ID_INFO
10:44:56,538 [main] DEBUG org.activiti.engine.impl.persistence.entity.TableDataManager  -   retrieved activiti table name ACT_ID_MEMBERSHIP
10:44:56,538 [main] DEBUG org.activiti.engine.impl.persistence.entity.TableDataManager  -   retrieved activiti table name ACT_ID_USER
10:44:56,538 [main] DEBUG org.activiti.engine.impl.persistence.entity.TableDataManager  -   retrieved activiti table name ACT_PROCDEF_INFO
10:44:56,538 [main] DEBUG org.activiti.engine.impl.persistence.entity.TableDataManager  -   retrieved activiti table name ACT_RE_DEPLOYMENT
10:44:56,538 [main] DEBUG org.activiti.engine.impl.persistence.entity.TableDataManager  -   retrieved activiti table name ACT_RE_MODEL
10:44:56,538 [main] DEBUG org.activiti.engine.impl.persistence.entity.TableDataManager  -   retrieved activiti table name ACT_RE_PROCDEF
10:44:56,538 [main] DEBUG org.activiti.engine.impl.persistence.entity.TableDataManager  -   retrieved activiti table name ACT_RU_EVENT_SUBSCR
10:44:56,538 [main] DEBUG org.activiti.engine.impl.persistence.entity.TableDataManager  -   retrieved activiti table name ACT_RU_EXECUTION
10:44:56,538 [main] DEBUG org.activiti.engine.impl.persistence.entity.TableDataManager  -   retrieved activiti table name ACT_RU_IDENTITYLINK
10:44:56,538 [main] DEBUG org.activiti.engine.impl.persistence.entity.TableDataManager  -   retrieved activiti table name ACT_RU_JOB
10:44:56,538 [main] DEBUG org.activiti.engine.impl.persistence.entity.TableDataManager  -   retrieved activiti table name ACT_RU_TASK
10:44:56,538 [main] DEBUG org.activiti.engine.impl.persistence.entity.TableDataManager  -   retrieved activiti table name ACT_RU_VARIABLE
10:44:56,538 [main] DEBUG org.activiti.engine.impl.persistence.entity.TableDataManager  - selecting table count for ACT_EVT_LOG
10:44:56,538 [main] DEBUG org.activiti.engine.impl.TablePageMap.selectTableCount  - ==&gt;  Preparing: select count(*) from ACT_EVT_LOG 
10:44:56,538 [main] DEBUG org.activiti.engine.impl.TablePageMap.selectTableCount  - ==&gt; Parameters: 
10:44:56,538 [main] DEBUG org.activiti.engine.impl.TablePageMap.selectTableCount  - &lt;==      Total: 1
10:44:56,538 [main] DEBUG org.activiti.engine.impl.persistence.entity.TableDataManager  - selecting table count for ACT_GE_BYTEARRAY
10:44:56,538 [main] DEBUG org.activiti.engine.impl.TablePageMap.selectTableCount  - ==&gt;  Preparing: select count(*) from ACT_GE_BYTEARRAY 
10:44:56,538 [main] DEBUG org.activiti.engine.impl.TablePageMap.selectTableCount  - ==&gt; Parameters: 
10:44:56,538 [main] DEBUG org.activiti.engine.impl.TablePageMap.selectTableCount  - &lt;==      Total: 1
10:44:56,538 [main] DEBUG org.activiti.engine.impl.persistence.entity.TableDataManager  - selecting table count for ACT_GE_PROPERTY
10:44:56,538 [main] DEBUG org.activiti.engine.impl.TablePageMap.selectTableCount  - ==&gt;  Preparing: select count(*) from ACT_GE_PROPERTY 
10:44:56,538 [main] DEBUG org.activiti.engine.impl.TablePageMap.selectTableCount  - ==&gt; Parameters: 
10:44:56,538 [main] DEBUG org.activiti.engine.impl.TablePageMap.selectTableCount  - &lt;==      Total: 1
10:44:56,538 [main] DEBUG org.activiti.engine.impl.persistence.entity.TableDataManager  - selecting table count for ACT_HI_ACTINST
10:44:56,538 [main] DEBUG org.activiti.engine.impl.TablePageMap.selectTableCount  - ==&gt;  Preparing: select count(*) from ACT_HI_ACTINST 
10:44:56,538 [main] DEBUG org.activiti.engine.impl.TablePageMap.selectTableCount  - ==&gt; Parameters: 
10:44:56,538 [main] DEBUG org.activiti.engine.impl.TablePageMap.selectTableCount  - &lt;==      Total: 1
10:44:56,538 [main] DEBUG org.activiti.engine.impl.persistence.entity.TableDataManager  - selecting table count for ACT_HI_ATTACHMENT
10:44:56,538 [main] DEBUG org.activiti.engine.impl.TablePageMap.selectTableCount  - ==&gt;  Preparing: select count(*) from ACT_HI_ATTACHMENT 
10:44:56,538 [main] DEBUG org.activiti.engine.impl.TablePageMap.selectTableCount  - ==&gt; Parameters: 
10:44:56,538 [main] DEBUG org.activiti.engine.impl.TablePageMap.selectTableCount  - &lt;==      Total: 1
10:44:56,538 [main] DEBUG org.activiti.engine.impl.persistence.entity.TableDataManager  - selecting table count for ACT_HI_COMMENT
10:44:56,538 [main] DEBUG org.activiti.engine.impl.TablePageMap.selectTableCount  - ==&gt;  Preparing: select count(*) from ACT_HI_COMMENT 
10:44:56,538 [main] DEBUG org.activiti.engine.impl.TablePageMap.selectTableCount  - ==&gt; Parameters: 
10:44:56,538 [main] DEBUG org.activiti.engine.impl.TablePageMap.selectTableCount  - &lt;==      Total: 1
10:44:56,538 [main] DEBUG org.activiti.engine.impl.persistence.entity.TableDataManager  - selecting table count for ACT_HI_DETAIL
10:44:56,538 [main] DEBUG org.activiti.engine.impl.TablePageMap.selectTableCount  - ==&gt;  Preparing: select count(*) from ACT_HI_DETAIL 
10:44:56,538 [main] DEBUG org.activiti.engine.impl.TablePageMap.selectTableCount  - ==&gt; Parameters: 
10:44:56,538 [main] DEBUG org.activiti.engine.impl.TablePageMap.selectTableCount  - &lt;==      Total: 1
10:44:56,538 [main] DEBUG org.activiti.engine.impl.persistence.entity.TableDataManager  - selecting table count for ACT_HI_IDENTITYLINK
10:44:56,538 [main] DEBUG org.activiti.engine.impl.TablePageMap.selectTableCount  - ==&gt;  Preparing: select count(*) from ACT_HI_IDENTITYLINK 
10:44:56,538 [main] DEBUG org.activiti.engine.impl.TablePageMap.selectTableCount  - ==&gt; Parameters: 
10:44:56,538 [main] DEBUG org.activiti.engine.impl.TablePageMap.selectTableCount  - &lt;==      Total: 1
10:44:56,538 [main] DEBUG org.activiti.engine.impl.persistence.entity.TableDataManager  - selecting table count for ACT_HI_PROCINST
10:44:56,538 [main] DEBUG org.activiti.engine.impl.TablePageMap.selectTableCount  - ==&gt;  Preparing: select count(*) from ACT_HI_PROCINST 
10:44:56,538 [main] DEBUG org.activiti.engine.impl.TablePageMap.selectTableCount  - ==&gt; Parameters: 
10:44:56,538 [main] DEBUG org.activiti.engine.impl.TablePageMap.selectTableCount  - &lt;==      Total: 1
10:44:56,538 [main] DEBUG org.activiti.engine.impl.persistence.entity.TableDataManager  - selecting table count for ACT_HI_TASKINST
10:44:56,538 [main] DEBUG org.activiti.engine.impl.TablePageMap.selectTableCount  - ==&gt;  Preparing: select count(*) from ACT_HI_TASKINST 
10:44:56,538 [main] DEBUG org.activiti.engine.impl.TablePageMap.selectTableCount  - ==&gt; Parameters: 
10:44:56,538 [main] DEBUG org.activiti.engine.impl.TablePageMap.selectTableCount  - &lt;==      Total: 1
10:44:56,538 [main] DEBUG org.activiti.engine.impl.persistence.entity.TableDataManager  - selecting table count for ACT_HI_VARINST
10:44:56,538 [main] DEBUG org.activiti.engine.impl.TablePageMap.selectTableCount  - ==&gt;  Preparing: select count(*) from ACT_HI_VARINST 
10:44:56,538 [main] DEBUG org.activiti.engine.impl.TablePageMap.selectTableCount  - ==&gt; Parameters: 
10:44:56,538 [main] DEBUG org.activiti.engine.impl.TablePageMap.selectTableCount  - &lt;==      Total: 1
10:44:56,538 [main] DEBUG org.activiti.engine.impl.persistence.entity.TableDataManager  - selecting table count for ACT_ID_GROUP
10:44:56,538 [main] DEBUG org.activiti.engine.impl.TablePageMap.selectTableCount  - ==&gt;  Preparing: select count(*) from ACT_ID_GROUP 
10:44:56,538 [main] DEBUG org.activiti.engine.impl.TablePageMap.selectTableCount  - ==&gt; Parameters: 
10:44:56,538 [main] DEBUG org.activiti.engine.impl.TablePageMap.selectTableCount  - &lt;==      Total: 1
10:44:56,538 [main] DEBUG org.activiti.engine.impl.persistence.entity.TableDataManager  - selecting table count for ACT_ID_INFO
10:44:56,538 [main] DEBUG org.activiti.engine.impl.TablePageMap.selectTableCount  - ==&gt;  Preparing: select count(*) from ACT_ID_INFO 
10:44:56,538 [main] DEBUG org.activiti.engine.impl.TablePageMap.selectTableCount  - ==&gt; Parameters: 
10:44:56,538 [main] DEBUG org.activiti.engine.impl.TablePageMap.selectTableCount  - &lt;==      Total: 1
10:44:56,538 [main] DEBUG org.activiti.engine.impl.persistence.entity.TableDataManager  - selecting table count for ACT_ID_MEMBERSHIP
10:44:56,538 [main] DEBUG org.activiti.engine.impl.TablePageMap.selectTableCount  - ==&gt;  Preparing: select count(*) from ACT_ID_MEMBERSHIP 
10:44:56,538 [main] DEBUG org.activiti.engine.impl.TablePageMap.selectTableCount  - ==&gt; Parameters: 
10:44:56,538 [main] DEBUG org.activiti.engine.impl.TablePageMap.selectTableCount  - &lt;==      Total: 1
10:44:56,538 [main] DEBUG org.activiti.engine.impl.persistence.entity.TableDataManager  - selecting table count for ACT_ID_USER
10:44:56,538 [main] DEBUG org.activiti.engine.impl.TablePageMap.selectTableCount  - ==&gt;  Preparing: select count(*) from ACT_ID_USER 
10:44:56,538 [main] DEBUG org.activiti.engine.impl.TablePageMap.selectTableCount  - ==&gt; Parameters: 
10:44:56,538 [main] DEBUG org.activiti.engine.impl.TablePageMap.selectTableCount  - &lt;==      Total: 1
10:44:56,538 [main] DEBUG org.activiti.engine.impl.persistence.entity.TableDataManager  - selecting table count for ACT_PROCDEF_INFO
10:44:56,538 [main] DEBUG org.activiti.engine.impl.TablePageMap.selectTableCount  - ==&gt;  Preparing: select count(*) from ACT_PROCDEF_INFO 
10:44:56,538 [main] DEBUG org.activiti.engine.impl.TablePageMap.selectTableCount  - ==&gt; Parameters: 
10:44:56,538 [main] DEBUG org.activiti.engine.impl.TablePageMap.selectTableCount  - &lt;==      Total: 1
10:44:56,538 [main] DEBUG org.activiti.engine.impl.persistence.entity.TableDataManager  - selecting table count for ACT_RE_DEPLOYMENT
10:44:56,538 [main] DEBUG org.activiti.engine.impl.TablePageMap.selectTableCount  - ==&gt;  Preparing: select count(*) from ACT_RE_DEPLOYMENT 
10:44:56,538 [main] DEBUG org.activiti.engine.impl.TablePageMap.selectTableCount  - ==&gt; Parameters: 
10:44:56,538 [main] DEBUG org.activiti.engine.impl.TablePageMap.selectTableCount  - &lt;==      Total: 1
10:44:56,538 [main] DEBUG org.activiti.engine.impl.persistence.entity.TableDataManager  - selecting table count for ACT_RE_MODEL
10:44:56,538 [main] DEBUG org.activiti.engine.impl.TablePageMap.selectTableCount  - ==&gt;  Preparing: select count(*) from ACT_RE_MODEL 
10:44:56,538 [main] DEBUG org.activiti.engine.impl.TablePageMap.selectTableCount  - ==&gt; Parameters: 
10:44:56,538 [main] DEBUG org.activiti.engine.impl.TablePageMap.selectTableCount  - &lt;==      Total: 1
10:44:56,538 [main] DEBUG org.activiti.engine.impl.persistence.entity.TableDataManager  - selecting table count for ACT_RE_PROCDEF
10:44:56,538 [main] DEBUG org.activiti.engine.impl.TablePageMap.selectTableCount  - ==&gt;  Preparing: select count(*) from ACT_RE_PROCDEF 
10:44:56,538 [main] DEBUG org.activiti.engine.impl.TablePageMap.selectTableCount  - ==&gt; Parameters: 
10:44:56,538 [main] DEBUG org.activiti.engine.impl.TablePageMap.selectTableCount  - &lt;==      Total: 1
10:44:56,538 [main] DEBUG org.activiti.engine.impl.persistence.entity.TableDataManager  - selecting table count for ACT_RU_EVENT_SUBSCR
10:44:56,538 [main] DEBUG org.activiti.engine.impl.TablePageMap.selectTableCount  - ==&gt;  Preparing: select count(*) from ACT_RU_EVENT_SUBSCR 
10:44:56,538 [main] DEBUG org.activiti.engine.impl.TablePageMap.selectTableCount  - ==&gt; Parameters: 
10:44:56,538 [main] DEBUG org.activiti.engine.impl.TablePageMap.selectTableCount  - &lt;==      Total: 1
10:44:56,538 [main] DEBUG org.activiti.engine.impl.persistence.entity.TableDataManager  - selecting table count for ACT_RU_EXECUTION
10:44:56,538 [main] DEBUG org.activiti.engine.impl.TablePageMap.selectTableCount  - ==&gt;  Preparing: select count(*) from ACT_RU_EXECUTION 
10:44:56,538 [main] DEBUG org.activiti.engine.impl.TablePageMap.selectTableCount  - ==&gt; Parameters: 
10:44:56,538 [main] DEBUG org.activiti.engine.impl.TablePageMap.selectTableCount  - &lt;==      Total: 1
10:44:56,538 [main] DEBUG org.activiti.engine.impl.persistence.entity.TableDataManager  - selecting table count for ACT_RU_IDENTITYLINK
10:44:56,538 [main] DEBUG org.activiti.engine.impl.TablePageMap.selectTableCount  - ==&gt;  Preparing: select count(*) from ACT_RU_IDENTITYLINK 
10:44:56,538 [main] DEBUG org.activiti.engine.impl.TablePageMap.selectTableCount  - ==&gt; Parameters: 
10:44:56,538 [main] DEBUG org.activiti.engine.impl.TablePageMap.selectTableCount  - &lt;==      Total: 1
10:44:56,538 [main] DEBUG org.activiti.engine.impl.persistence.entity.TableDataManager  - selecting table count for ACT_RU_JOB
10:44:56,538 [main] DEBUG org.activiti.engine.impl.TablePageMap.selectTableCount  - ==&gt;  Preparing: select count(*) from ACT_RU_JOB 
10:44:56,538 [main] DEBUG org.activiti.engine.impl.TablePageMap.selectTableCount  - ==&gt; Parameters: 
10:44:56,538 [main] DEBUG org.activiti.engine.impl.TablePageMap.selectTableCount  - &lt;==      Total: 1
10:44:56,538 [main] DEBUG org.activiti.engine.impl.persistence.entity.TableDataManager  - selecting table count for ACT_RU_TASK
10:44:56,538 [main] DEBUG org.activiti.engine.impl.TablePageMap.selectTableCount  - ==&gt;  Preparing: select count(*) from ACT_RU_TASK 
10:44:56,538 [main] DEBUG org.activiti.engine.impl.TablePageMap.selectTableCount  - ==&gt; Parameters: 
10:44:56,538 [main] DEBUG org.activiti.engine.impl.TablePageMap.selectTableCount  - &lt;==      Total: 1
10:44:56,538 [main] DEBUG org.activiti.engine.impl.persistence.entity.TableDataManager  - selecting table count for ACT_RU_VARIABLE
10:44:56,538 [main] DEBUG org.activiti.engine.impl.TablePageMap.selectTableCount  - ==&gt;  Preparing: select count(*) from ACT_RU_VARIABLE 
10:44:56,538 [main] DEBUG org.activiti.engine.impl.TablePageMap.selectTableCount  - ==&gt; Parameters: 
10:44:56,538 [main] DEBUG org.activiti.engine.impl.TablePageMap.selectTableCount  - &lt;==      Total: 1
10:44:56,538 [main] DEBUG org.activiti.engine.impl.persistence.entity.TableDataManager  - Number of rows per activiti table: {ACT_RU_EVENT_SUBSCR=0, ACT_ID_USER=0, ACT_HI_ATTACHMENT=0, ACT_GE_BYTEARRAY=0, ACT_RE_MODEL=0, ACT_RU_VARIABLE=0, ACT_RU_TASK=0, ACT_RE_DEPLOYMENT=0, ACT_RE_PROCDEF=0, ACT_ID_GROUP=0, ACT_HI_VARINST=0, ACT_HI_COMMENT=0, ACT_HI_PROCINST=0, ACT_ID_INFO=0, ACT_ID_MEMBERSHIP=0, ACT_RU_JOB=0, ACT_PROCDEF_INFO=0, ACT_HI_ACTINST=0, ACT_RU_EXECUTION=0, ACT_HI_TASKINST=0, ACT_HI_DETAIL=0, ACT_EVT_LOG=0, ACT_HI_IDENTITYLINK=0, ACT_RU_IDENTITYLINK=0, ACT_GE_PROPERTY=3}
10:44:56,538 [main] DEBUG org.activiti.engine.impl.db.DbSqlSession  - flush summary: 0 insert, 0 update, 0 delete.
10:44:56,538 [main] DEBUG org.activiti.engine.impl.db.DbSqlSession  - now executing flush...
10:44:56,538 [main] DEBUG org.activiti.engine.impl.cfg.standalone.StandaloneMybatisTransactionContext  - firing event committing...
10:44:56,538 [main] DEBUG org.activiti.engine.impl.cfg.standalone.StandaloneMybatisTransactionContext  - committing the ibatis sql session...
10:44:56,538 [main] DEBUG org.activiti.engine.impl.cfg.standalone.StandaloneMybatisTransactionContext  - firing event committed...
10:44:56,538 [main] DEBUG org.apache.ibatis.transaction.jdbc.JdbcTransaction  - Resetting autocommit to true on JDBC Connection [conn2: url=jdbc:h2:mem:activiti user=SA]
10:44:56,540 [main] DEBUG org.apache.ibatis.transaction.jdbc.JdbcTransaction  - Closing JDBC Connection [conn2: url=jdbc:h2:mem:activiti user=SA]
10:44:56,540 [main] DEBUG org.apache.ibatis.datasource.pooled.PooledDataSource  - Returned connection 363509958 to pool.
10:44:56,540 [main] DEBUG org.activiti.engine.impl.interceptor.LogInterceptor  - --- GetTableCountCmd finished --------------------------------------------------------
10:44:56,540 [main] DEBUG org.activiti.engine.impl.interceptor.LogInterceptor  - 

10:44:56,540 [main] INFO  org.activiti.engine.impl.test.PvmTestCase  - database was clean
</system-out>
  </testcase>
  <testcase classname="org.activiti.engine.test.api.identity.GroupQueryTest" name="testQueryByType" time="0.01">
    <error message="
### Error querying database.  Cause: org.h2.jdbc.JdbcSQLException: Syntax error in SQL statement &quot;SELECT RES.* 
     
    FROM ACT_ID_GROUP RES
     
     WHERE  RES.TYPE_ = ? 
   
     ORDER BY  ORDER[*] BY RES.ID_ ASC  
    LIMIT ? OFFSET ? &quot;; expected &quot;=, NOT, EXISTS, INTERSECTS, SELECT, FROM&quot;; SQL statement:
select RES.* 
     
    from ACT_ID_GROUP RES
     
     WHERE  RES.TYPE_ = ? 
   
     order by  order by RES.ID_ asc  
    LIMIT ? OFFSET ? [42001-176]
### The error may exist in org/activiti/db/mapping/entity/Group.xml
### The error may involve org.activiti.engine.impl.persistence.entity.GroupEntity.selectGroupByQueryCriteria
### The error occurred while executing a query
### SQL: select RES.*            from ACT_ID_GROUP RES            WHERE  RES.TYPE_ = ?           order by  order by RES.ID_ asc       LIMIT ? OFFSET ?
### Cause: org.h2.jdbc.JdbcSQLException: Syntax error in SQL statement &quot;SELECT RES.* 
     
    FROM ACT_ID_GROUP RES
     
     WHERE  RES.TYPE_ = ? 
   
     ORDER BY  ORDER[*] BY RES.ID_ ASC  
    LIMIT ? OFFSET ? &quot;; expected &quot;=, NOT, EXISTS, INTERSECTS, SELECT, FROM&quot;; SQL statement:
select RES.* 
     
    from ACT_ID_GROUP RES
     
     WHERE  RES.TYPE_ = ? 
   
     order by  order by RES.ID_ asc  
    LIMIT ? OFFSET ? [42001-176]" type="org.apache.ibatis.exceptions.PersistenceException">org.apache.ibatis.exceptions.PersistenceException: 
### Error querying database.  Cause: org.h2.jdbc.JdbcSQLException: Syntax error in SQL statement &quot;SELECT RES.* 
     
    FROM ACT_ID_GROUP RES
     
     WHERE  RES.TYPE_ = ? 
   
     ORDER BY  ORDER[*] BY RES.ID_ ASC  
    LIMIT ? OFFSET ? &quot;; expected &quot;=, NOT, EXISTS, INTERSECTS, SELECT, FROM&quot;; SQL statement:
select RES.* 
     
    from ACT_ID_GROUP RES
     
     WHERE  RES.TYPE_ = ? 
   
     order by  order by RES.ID_ asc  
    LIMIT ? OFFSET ? [42001-176]
### The error may exist in org/activiti/db/mapping/entity/Group.xml
### The error may involve org.activiti.engine.impl.persistence.entity.GroupEntity.selectGroupByQueryCriteria
### The error occurred while executing a query
### SQL: select RES.*            from ACT_ID_GROUP RES            WHERE  RES.TYPE_ = ?           order by  order by RES.ID_ asc       LIMIT ? OFFSET ?
### Cause: org.h2.jdbc.JdbcSQLException: Syntax error in SQL statement &quot;SELECT RES.* 
     
    FROM ACT_ID_GROUP RES
     
     WHERE  RES.TYPE_ = ? 
   
     ORDER BY  ORDER[*] BY RES.ID_ ASC  
    LIMIT ? OFFSET ? &quot;; expected &quot;=, NOT, EXISTS, INTERSECTS, SELECT, FROM&quot;; SQL statement:
select RES.* 
     
    from ACT_ID_GROUP RES
     
     WHERE  RES.TYPE_ = ? 
   
     order by  order by RES.ID_ asc  
    LIMIT ? OFFSET ? [42001-176]
	at org.apache.ibatis.exceptions.ExceptionFactory.wrapException(ExceptionFactory.java:30)
	at org.apache.ibatis.session.defaults.DefaultSqlSession.selectList(DefaultSqlSession.java:122)
	at org.apache.ibatis.session.defaults.DefaultSqlSession.selectList(DefaultSqlSession.java:113)
	at org.activiti.engine.impl.db.DbSqlSession.selectListWithRawParameter(DbSqlSession.java:438)
	at org.activiti.engine.impl.db.DbSqlSession.selectList(DbSqlSession.java:429)
	at org.activiti.engine.impl.db.DbSqlSession.selectList(DbSqlSession.java:419)
	at org.activiti.engine.impl.persistence.entity.GroupEntityManager.findGroupByQueryCriteria(GroupEntityManager.java:90)
	at org.activiti.engine.impl.GroupQueryImpl.executeList(GroupQueryImpl.java:125)
	at org.activiti.engine.impl.AbstractQuery.execute(AbstractQuery.java:164)
	at org.activiti.engine.impl.interceptor.CommandInvoker.execute(CommandInvoker.java:24)
	at org.activiti.engine.impl.interceptor.CommandContextInterceptor.execute(CommandContextInterceptor.java:57)
	at org.activiti.engine.impl.interceptor.LogInterceptor.execute(LogInterceptor.java:37)
	at org.activiti.engine.impl.cfg.CommandExecutorImpl.execute(CommandExecutorImpl.java:40)
	at org.activiti.engine.impl.cfg.CommandExecutorImpl.execute(CommandExecutorImpl.java:35)
	at org.activiti.engine.impl.AbstractQuery.list(AbstractQuery.java:138)
	at org.activiti.engine.test.api.identity.GroupQueryTest.verifyQueryResults(GroupQueryTest.java:221)
	at org.activiti.engine.test.api.identity.GroupQueryTest.testQueryByType(GroupQueryTest.java:134)
	at sun.reflect.NativeMethodAccessorImpl.invoke0(Native Method)
	at sun.reflect.NativeMethodAccessorImpl.invoke(NativeMethodAccessorImpl.java:62)
	at sun.reflect.DelegatingMethodAccessorImpl.invoke(DelegatingMethodAccessorImpl.java:43)
	at java.lang.reflect.Method.invoke(Method.java:498)
	at junit.framework.TestCase.runTest(TestCase.java:176)
	at org.activiti.engine.impl.test.PvmTestCase.runTest(PvmTestCase.java:65)
	at junit.framework.TestCase.runBare(TestCase.java:141)
	at org.activiti.engine.impl.test.AbstractActivitiTestCase.runBare(AbstractActivitiTestCase.java:100)
	at junit.framework.TestResult$1.protect(TestResult.java:122)
	at junit.framework.TestResult.runProtected(TestResult.java:142)
	at junit.framework.TestResult.run(TestResult.java:125)
	at junit.framework.TestCase.run(TestCase.java:129)
	at junit.framework.TestSuite.runTest(TestSuite.java:255)
	at junit.framework.TestSuite.run(TestSuite.java:250)
	at org.junit.internal.runners.JUnit38ClassRunner.run(JUnit38ClassRunner.java:84)
	at org.apache.maven.surefire.junit4.JUnit4TestSet.execute(JUnit4TestSet.java:35)
	at org.apache.maven.surefire.junit4.JUnit4Provider.executeTestSet(JUnit4Provider.java:146)
	at org.apache.maven.surefire.junit4.JUnit4Provider.invoke(JUnit4Provider.java:97)
	at sun.reflect.NativeMethodAccessorImpl.invoke0(Native Method)
	at sun.reflect.NativeMethodAccessorImpl.invoke(NativeMethodAccessorImpl.java:62)
	at sun.reflect.DelegatingMethodAccessorImpl.invoke(DelegatingMethodAccessorImpl.java:43)
	at java.lang.reflect.Method.invoke(Method.java:498)
	at org.apache.maven.surefire.booter.ProviderFactory$ClassLoaderProxy.invoke(ProviderFactory.java:103)
	at com.sun.proxy.$Proxy0.invoke(Unknown Source)
	at org.apache.maven.surefire.booter.SurefireStarter.invokeProvider(SurefireStarter.java:145)
	at org.apache.maven.surefire.booter.SurefireStarter.runSuitesInProcess(SurefireStarter.java:87)
	at org.apache.maven.surefire.booter.ForkedBooter.main(ForkedBooter.java:69)
Caused by: org.h2.jdbc.JdbcSQLException: Syntax error in SQL statement &quot;SELECT RES.* 
     
    FROM ACT_ID_GROUP RES
     
     WHERE  RES.TYPE_ = ? 
   
     ORDER BY  ORDER[*] BY RES.ID_ ASC  
    LIMIT ? OFFSET ? &quot;; expected &quot;=, NOT, EXISTS, INTERSECTS, SELECT, FROM&quot;; SQL statement:
select RES.* 
     
    from ACT_ID_GROUP RES
     
     WHERE  RES.TYPE_ = ? 
   
     order by  order by RES.ID_ asc  
    LIMIT ? OFFSET ? [42001-176]
	at org.h2.message.DbException.getJdbcSQLException(DbException.java:344)
	at org.h2.message.DbException.getSyntaxError(DbException.java:204)
	at org.h2.command.Parser.getSyntaxError(Parser.java:524)
	at org.h2.command.Parser.readTerm(Parser.java:2688)
	at org.h2.command.Parser.readFactor(Parser.java:2244)
	at org.h2.command.Parser.readSum(Parser.java:2231)
	at org.h2.command.Parser.readConcat(Parser.java:2201)
	at org.h2.command.Parser.readCondition(Parser.java:2051)
	at org.h2.command.Parser.readAnd(Parser.java:2023)
	at org.h2.command.Parser.readExpression(Parser.java:2015)
	at org.h2.command.Parser.parseEndOfQuery(Parser.java:1726)
	at org.h2.command.Parser.parseSelectUnionExtension(Parser.java:1706)
	at org.h2.command.Parser.parseSelectUnion(Parser.java:1675)
	at org.h2.command.Parser.parseSelect(Parser.java:1662)
	at org.h2.command.Parser.parsePrepared(Parser.java:434)
	at org.h2.command.Parser.parse(Parser.java:306)
	at org.h2.command.Parser.parse(Parser.java:282)
	at org.h2.command.Parser.prepareCommand(Parser.java:243)
	at org.h2.engine.Session.prepareLocal(Session.java:442)
	at org.h2.engine.Session.prepareCommand(Session.java:384)
	at org.h2.jdbc.JdbcConnection.prepareCommand(JdbcConnection.java:1188)
	at org.h2.jdbc.JdbcPreparedStatement.&lt;init&gt;(JdbcPreparedStatement.java:73)
	at org.h2.jdbc.JdbcConnection.prepareStatement(JdbcConnection.java:276)
	at sun.reflect.GeneratedMethodAccessor6.invoke(Unknown Source)
	at sun.reflect.DelegatingMethodAccessorImpl.invoke(DelegatingMethodAccessorImpl.java:43)
	at java.lang.reflect.Method.invoke(Method.java:498)
	at org.apache.ibatis.datasource.pooled.PooledConnection.invoke(PooledConnection.java:245)
	at com.sun.proxy.$Proxy12.prepareStatement(Unknown Source)
	at sun.reflect.GeneratedMethodAccessor6.invoke(Unknown Source)
	at sun.reflect.DelegatingMethodAccessorImpl.invoke(DelegatingMethodAccessorImpl.java:43)
	at java.lang.reflect.Method.invoke(Method.java:498)
	at org.apache.ibatis.logging.jdbc.ConnectionLogger.invoke(ConnectionLogger.java:55)
	at com.sun.proxy.$Proxy12.prepareStatement(Unknown Source)
	at org.apache.ibatis.executor.statement.PreparedStatementHandler.instantiateStatement(PreparedStatementHandler.java:79)
	at org.apache.ibatis.executor.statement.BaseStatementHandler.prepare(BaseStatementHandler.java:88)
	at org.apache.ibatis.executor.statement.RoutingStatementHandler.prepare(RoutingStatementHandler.java:58)
	at org.apache.ibatis.executor.SimpleExecutor.prepareStatement(SimpleExecutor.java:76)
	at org.apache.ibatis.executor.SimpleExecutor.doQuery(SimpleExecutor.java:61)
	at org.apache.ibatis.executor.BaseExecutor.queryFromDatabase(BaseExecutor.java:303)
	at org.apache.ibatis.executor.BaseExecutor.query(BaseExecutor.java:154)
	at org.apache.ibatis.executor.CachingExecutor.query(CachingExecutor.java:102)
	at org.apache.ibatis.executor.CachingExecutor.query(CachingExecutor.java:82)
	at org.apache.ibatis.session.defaults.DefaultSqlSession.selectList(DefaultSqlSession.java:120)
	... 42 more
</error>
    <system-out>10:44:56,541 [main] DEBUG org.activiti.engine.impl.interceptor.LogInterceptor  - 

10:44:56,541 [main] DEBUG org.activiti.engine.impl.interceptor.LogInterceptor  - --- starting CreateGroupCmd --------------------------------------------------------
10:44:56,541 [main] DEBUG org.activiti.engine.impl.cfg.standalone.StandaloneMybatisTransactionContext  - firing event committing...
10:44:56,541 [main] DEBUG org.activiti.engine.impl.cfg.standalone.StandaloneMybatisTransactionContext  - committing the ibatis sql session...
10:44:56,541 [main] DEBUG org.activiti.engine.impl.cfg.standalone.StandaloneMybatisTransactionContext  - firing event committed...
10:44:56,541 [main] DEBUG org.activiti.engine.impl.interceptor.LogInterceptor  - --- CreateGroupCmd finished --------------------------------------------------------
10:44:56,541 [main] DEBUG org.activiti.engine.impl.interceptor.LogInterceptor  - 

10:44:56,541 [main] DEBUG org.activiti.engine.impl.interceptor.LogInterceptor  - 

10:44:56,541 [main] DEBUG org.activiti.engine.impl.interceptor.LogInterceptor  - --- starting SaveGroupCmd --------------------------------------------------------
10:44:56,541 [main] DEBUG org.activiti.engine.impl.db.DbSqlSession  -   insert org.activiti.engine.impl.persistence.entity.GroupEntity@673c4f6e
10:44:56,541 [main] DEBUG org.activiti.engine.impl.db.DbSqlSession  - flush summary: 1 insert, 0 update, 0 delete.
10:44:56,541 [main] DEBUG org.activiti.engine.impl.db.DbSqlSession  - now executing flush...
10:44:56,541 [main] DEBUG org.activiti.engine.impl.db.DbSqlSession  - inserting: org.activiti.engine.impl.persistence.entity.GroupEntity@673c4f6e
10:44:56,541 [main] DEBUG org.apache.ibatis.transaction.jdbc.JdbcTransaction  - Opening JDBC Connection
10:44:56,541 [main] DEBUG org.apache.ibatis.datasource.pooled.PooledDataSource  - Checked out connection 180014677 from pool.
10:44:56,541 [main] DEBUG org.apache.ibatis.transaction.jdbc.JdbcTransaction  - Setting autocommit to false on JDBC Connection [conn3: url=jdbc:h2:mem:activiti user=SA]
10:44:56,541 [main] DEBUG org.activiti.engine.impl.persistence.entity.GroupEntity.insertGroup  - ==&gt;  Preparing: insert into ACT_ID_GROUP (ID_, REV_, NAME_, TYPE_) values ( ?, 1, ?, ? ) 
10:44:56,541 [main] DEBUG org.activiti.engine.impl.persistence.entity.GroupEntity.insertGroup  - ==&gt; Parameters: muppets(String), Muppet show characters(String), user(String)
10:44:56,541 [main] DEBUG org.activiti.engine.impl.persistence.entity.GroupEntity.insertGroup  - &lt;==    Updates: 1
10:44:56,541 [main] DEBUG org.activiti.engine.impl.cfg.standalone.StandaloneMybatisTransactionContext  - firing event committing...
10:44:56,541 [main] DEBUG org.activiti.engine.impl.cfg.standalone.StandaloneMybatisTransactionContext  - committing the ibatis sql session...
10:44:56,541 [main] DEBUG org.apache.ibatis.transaction.jdbc.JdbcTransaction  - Committing JDBC Connection [conn3: url=jdbc:h2:mem:activiti user=SA]
10:44:56,541 [main] DEBUG org.activiti.engine.impl.cfg.standalone.StandaloneMybatisTransactionContext  - firing event committed...
10:44:56,541 [main] DEBUG org.apache.ibatis.transaction.jdbc.JdbcTransaction  - Resetting autocommit to true on JDBC Connection [conn3: url=jdbc:h2:mem:activiti user=SA]
10:44:56,541 [main] DEBUG org.apache.ibatis.transaction.jdbc.JdbcTransaction  - Closing JDBC Connection [conn3: url=jdbc:h2:mem:activiti user=SA]
10:44:56,541 [main] DEBUG org.apache.ibatis.datasource.pooled.PooledDataSource  - Returned connection 180014677 to pool.
10:44:56,541 [main] DEBUG org.activiti.engine.impl.interceptor.LogInterceptor  - --- SaveGroupCmd finished --------------------------------------------------------
10:44:56,541 [main] DEBUG org.activiti.engine.impl.interceptor.LogInterceptor  - 

10:44:56,541 [main] DEBUG org.activiti.engine.impl.interceptor.LogInterceptor  - 

10:44:56,541 [main] DEBUG org.activiti.engine.impl.interceptor.LogInterceptor  - --- starting CreateGroupCmd --------------------------------------------------------
10:44:56,541 [main] DEBUG org.activiti.engine.impl.cfg.standalone.StandaloneMybatisTransactionContext  - firing event committing...
10:44:56,541 [main] DEBUG org.activiti.engine.impl.cfg.standalone.StandaloneMybatisTransactionContext  - committing the ibatis sql session...
10:44:56,541 [main] DEBUG org.activiti.engine.impl.cfg.standalone.StandaloneMybatisTransactionContext  - firing event committed...
10:44:56,541 [main] DEBUG org.activiti.engine.impl.interceptor.LogInterceptor  - --- CreateGroupCmd finished --------------------------------------------------------
10:44:56,541 [main] DEBUG org.activiti.engine.impl.interceptor.LogInterceptor  - 

10:44:56,541 [main] DEBUG org.activiti.engine.impl.interceptor.LogInterceptor  - 

10:44:56,541 [main] DEBUG org.activiti.engine.impl.interceptor.LogInterceptor  - --- starting SaveGroupCmd --------------------------------------------------------
10:44:56,541 [main] DEBUG org.activiti.engine.impl.db.DbSqlSession  -   insert org.activiti.engine.impl.persistence.entity.GroupEntity@15c487a8
10:44:56,541 [main] DEBUG org.activiti.engine.impl.db.DbSqlSession  - flush summary: 1 insert, 0 update, 0 delete.
10:44:56,541 [main] DEBUG org.activiti.engine.impl.db.DbSqlSession  - now executing flush...
10:44:56,541 [main] DEBUG org.activiti.engine.impl.db.DbSqlSession  - inserting: org.activiti.engine.impl.persistence.entity.GroupEntity@15c487a8
10:44:56,541 [main] DEBUG org.apache.ibatis.transaction.jdbc.JdbcTransaction  - Opening JDBC Connection
10:44:56,541 [main] DEBUG org.apache.ibatis.datasource.pooled.PooledDataSource  - Checked out connection 297240765 from pool.
10:44:56,541 [main] DEBUG org.apache.ibatis.transaction.jdbc.JdbcTransaction  - Setting autocommit to false on JDBC Connection [conn4: url=jdbc:h2:mem:activiti user=SA]
10:44:56,541 [main] DEBUG org.activiti.engine.impl.persistence.entity.GroupEntity.insertGroup  - ==&gt;  Preparing: insert into ACT_ID_GROUP (ID_, REV_, NAME_, TYPE_) values ( ?, 1, ?, ? ) 
10:44:56,541 [main] DEBUG org.activiti.engine.impl.persistence.entity.GroupEntity.insertGroup  - ==&gt; Parameters: frogs(String), Famous frogs(String), user(String)
10:44:56,541 [main] DEBUG org.activiti.engine.impl.persistence.entity.GroupEntity.insertGroup  - &lt;==    Updates: 1
10:44:56,541 [main] DEBUG org.activiti.engine.impl.cfg.standalone.StandaloneMybatisTransactionContext  - firing event committing...
10:44:56,541 [main] DEBUG org.activiti.engine.impl.cfg.standalone.StandaloneMybatisTransactionContext  - committing the ibatis sql session...
10:44:56,541 [main] DEBUG org.apache.ibatis.transaction.jdbc.JdbcTransaction  - Committing JDBC Connection [conn4: url=jdbc:h2:mem:activiti user=SA]
10:44:56,541 [main] DEBUG org.activiti.engine.impl.cfg.standalone.StandaloneMybatisTransactionContext  - firing event committed...
10:44:56,541 [main] DEBUG org.apache.ibatis.transaction.jdbc.JdbcTransaction  - Resetting autocommit to true on JDBC Connection [conn4: url=jdbc:h2:mem:activiti user=SA]
10:44:56,541 [main] DEBUG org.apache.ibatis.transaction.jdbc.JdbcTransaction  - Closing JDBC Connection [conn4: url=jdbc:h2:mem:activiti user=SA]
10:44:56,541 [main] DEBUG org.apache.ibatis.datasource.pooled.PooledDataSource  - Returned connection 297240765 to pool.
10:44:56,541 [main] DEBUG org.activiti.engine.impl.interceptor.LogInterceptor  - --- SaveGroupCmd finished --------------------------------------------------------
10:44:56,541 [main] DEBUG org.activiti.engine.impl.interceptor.LogInterceptor  - 

10:44:56,541 [main] DEBUG org.activiti.engine.impl.interceptor.LogInterceptor  - 

10:44:56,541 [main] DEBUG org.activiti.engine.impl.interceptor.LogInterceptor  - --- starting CreateGroupCmd --------------------------------------------------------
10:44:56,541 [main] DEBUG org.activiti.engine.impl.cfg.standalone.StandaloneMybatisTransactionContext  - firing event committing...
10:44:56,541 [main] DEBUG org.activiti.engine.impl.cfg.standalone.StandaloneMybatisTransactionContext  - committing the ibatis sql session...
10:44:56,541 [main] DEBUG org.activiti.engine.impl.cfg.standalone.StandaloneMybatisTransactionContext  - firing event committed...
10:44:56,541 [main] DEBUG org.activiti.engine.impl.interceptor.LogInterceptor  - --- CreateGroupCmd finished --------------------------------------------------------
10:44:56,541 [main] DEBUG org.activiti.engine.impl.interceptor.LogInterceptor  - 

10:44:56,541 [main] DEBUG org.activiti.engine.impl.interceptor.LogInterceptor  - 

10:44:56,541 [main] DEBUG org.activiti.engine.impl.interceptor.LogInterceptor  - --- starting SaveGroupCmd --------------------------------------------------------
10:44:56,541 [main] DEBUG org.activiti.engine.impl.db.DbSqlSession  -   insert org.activiti.engine.impl.persistence.entity.GroupEntity@3f36e8d1
10:44:56,541 [main] DEBUG org.activiti.engine.impl.db.DbSqlSession  - flush summary: 1 insert, 0 update, 0 delete.
10:44:56,541 [main] DEBUG org.activiti.engine.impl.db.DbSqlSession  - now executing flush...
10:44:56,541 [main] DEBUG org.activiti.engine.impl.db.DbSqlSession  - inserting: org.activiti.engine.impl.persistence.entity.GroupEntity@3f36e8d1
10:44:56,541 [main] DEBUG org.apache.ibatis.transaction.jdbc.JdbcTransaction  - Opening JDBC Connection
10:44:56,541 [main] DEBUG org.apache.ibatis.datasource.pooled.PooledDataSource  - Checked out connection 363509958 from pool.
10:44:56,541 [main] DEBUG org.apache.ibatis.transaction.jdbc.JdbcTransaction  - Setting autocommit to false on JDBC Connection [conn2: url=jdbc:h2:mem:activiti user=SA]
10:44:56,541 [main] DEBUG org.activiti.engine.impl.persistence.entity.GroupEntity.insertGroup  - ==&gt;  Preparing: insert into ACT_ID_GROUP (ID_, REV_, NAME_, TYPE_) values ( ?, 1, ?, ? ) 
10:44:56,541 [main] DEBUG org.activiti.engine.impl.persistence.entity.GroupEntity.insertGroup  - ==&gt; Parameters: mammals(String), Famous mammals from eighties(String), user(String)
10:44:56,541 [main] DEBUG org.activiti.engine.impl.persistence.entity.GroupEntity.insertGroup  - &lt;==    Updates: 1
10:44:56,541 [main] DEBUG org.activiti.engine.impl.cfg.standalone.StandaloneMybatisTransactionContext  - firing event committing...
10:44:56,541 [main] DEBUG org.activiti.engine.impl.cfg.standalone.StandaloneMybatisTransactionContext  - committing the ibatis sql session...
10:44:56,541 [main] DEBUG org.apache.ibatis.transaction.jdbc.JdbcTransaction  - Committing JDBC Connection [conn2: url=jdbc:h2:mem:activiti user=SA]
10:44:56,541 [main] DEBUG org.activiti.engine.impl.cfg.standalone.StandaloneMybatisTransactionContext  - firing event committed...
10:44:56,541 [main] DEBUG org.apache.ibatis.transaction.jdbc.JdbcTransaction  - Resetting autocommit to true on JDBC Connection [conn2: url=jdbc:h2:mem:activiti user=SA]
10:44:56,541 [main] DEBUG org.apache.ibatis.transaction.jdbc.JdbcTransaction  - Closing JDBC Connection [conn2: url=jdbc:h2:mem:activiti user=SA]
10:44:56,541 [main] DEBUG org.apache.ibatis.datasource.pooled.PooledDataSource  - Returned connection 363509958 to pool.
10:44:56,541 [main] DEBUG org.activiti.engine.impl.interceptor.LogInterceptor  - --- SaveGroupCmd finished --------------------------------------------------------
10:44:56,541 [main] DEBUG org.activiti.engine.impl.interceptor.LogInterceptor  - 

10:44:56,541 [main] DEBUG org.activiti.engine.impl.interceptor.LogInterceptor  - 

10:44:56,541 [main] DEBUG org.activiti.engine.impl.interceptor.LogInterceptor  - --- starting CreateGroupCmd --------------------------------------------------------
10:44:56,541 [main] DEBUG org.activiti.engine.impl.cfg.standalone.StandaloneMybatisTransactionContext  - firing event committing...
10:44:56,541 [main] DEBUG org.activiti.engine.impl.cfg.standalone.StandaloneMybatisTransactionContext  - committing the ibatis sql session...
10:44:56,541 [main] DEBUG org.activiti.engine.impl.cfg.standalone.StandaloneMybatisTransactionContext  - firing event committed...
10:44:56,541 [main] DEBUG org.activiti.engine.impl.interceptor.LogInterceptor  - --- CreateGroupCmd finished --------------------------------------------------------
10:44:56,541 [main] DEBUG org.activiti.engine.impl.interceptor.LogInterceptor  - 

10:44:56,541 [main] DEBUG org.activiti.engine.impl.interceptor.LogInterceptor  - 

10:44:56,541 [main] DEBUG org.activiti.engine.impl.interceptor.LogInterceptor  - --- starting SaveGroupCmd --------------------------------------------------------
10:44:56,541 [main] DEBUG org.activiti.engine.impl.db.DbSqlSession  -   insert org.activiti.engine.impl.persistence.entity.GroupEntity@7c011174
10:44:56,541 [main] DEBUG org.activiti.engine.impl.db.DbSqlSession  - flush summary: 1 insert, 0 update, 0 delete.
10:44:56,541 [main] DEBUG org.activiti.engine.impl.db.DbSqlSession  - now executing flush...
10:44:56,541 [main] DEBUG org.activiti.engine.impl.db.DbSqlSession  - inserting: org.activiti.engine.impl.persistence.entity.GroupEntity@7c011174
10:44:56,541 [main] DEBUG org.apache.ibatis.transaction.jdbc.JdbcTransaction  - Opening JDBC Connection
10:44:56,541 [main] DEBUG org.apache.ibatis.datasource.pooled.PooledDataSource  - Checked out connection 180014677 from pool.
10:44:56,541 [main] DEBUG org.apache.ibatis.transaction.jdbc.JdbcTransaction  - Setting autocommit to false on JDBC Connection [conn3: url=jdbc:h2:mem:activiti user=SA]
10:44:56,541 [main] DEBUG org.activiti.engine.impl.persistence.entity.GroupEntity.insertGroup  - ==&gt;  Preparing: insert into ACT_ID_GROUP (ID_, REV_, NAME_, TYPE_) values ( ?, 1, ?, ? ) 
10:44:56,541 [main] DEBUG org.activiti.engine.impl.persistence.entity.GroupEntity.insertGroup  - ==&gt; Parameters: admin(String), Administrators(String), security(String)
10:44:56,541 [main] DEBUG org.activiti.engine.impl.persistence.entity.GroupEntity.insertGroup  - &lt;==    Updates: 1
10:44:56,541 [main] DEBUG org.activiti.engine.impl.cfg.standalone.StandaloneMybatisTransactionContext  - firing event committing...
10:44:56,541 [main] DEBUG org.activiti.engine.impl.cfg.standalone.StandaloneMybatisTransactionContext  - committing the ibatis sql session...
10:44:56,541 [main] DEBUG org.apache.ibatis.transaction.jdbc.JdbcTransaction  - Committing JDBC Connection [conn3: url=jdbc:h2:mem:activiti user=SA]
10:44:56,541 [main] DEBUG org.activiti.engine.impl.cfg.standalone.StandaloneMybatisTransactionContext  - firing event committed...
10:44:56,541 [main] DEBUG org.apache.ibatis.transaction.jdbc.JdbcTransaction  - Resetting autocommit to true on JDBC Connection [conn3: url=jdbc:h2:mem:activiti user=SA]
10:44:56,541 [main] DEBUG org.apache.ibatis.transaction.jdbc.JdbcTransaction  - Closing JDBC Connection [conn3: url=jdbc:h2:mem:activiti user=SA]
10:44:56,541 [main] DEBUG org.apache.ibatis.datasource.pooled.PooledDataSource  - Returned connection 180014677 to pool.
10:44:56,541 [main] DEBUG org.activiti.engine.impl.interceptor.LogInterceptor  - --- SaveGroupCmd finished --------------------------------------------------------
10:44:56,541 [main] DEBUG org.activiti.engine.impl.interceptor.LogInterceptor  - 

10:44:56,541 [main] DEBUG org.activiti.engine.impl.interceptor.LogInterceptor  - 

10:44:56,541 [main] DEBUG org.activiti.engine.impl.interceptor.LogInterceptor  - --- starting CreateUserCmd --------------------------------------------------------
10:44:56,541 [main] DEBUG org.activiti.engine.impl.cfg.standalone.StandaloneMybatisTransactionContext  - firing event committing...
10:44:56,541 [main] DEBUG org.activiti.engine.impl.cfg.standalone.StandaloneMybatisTransactionContext  - committing the ibatis sql session...
10:44:56,541 [main] DEBUG org.activiti.engine.impl.cfg.standalone.StandaloneMybatisTransactionContext  - firing event committed...
10:44:56,541 [main] DEBUG org.activiti.engine.impl.interceptor.LogInterceptor  - --- CreateUserCmd finished --------------------------------------------------------
10:44:56,541 [main] DEBUG org.activiti.engine.impl.interceptor.LogInterceptor  - 

10:44:56,541 [main] DEBUG org.activiti.engine.impl.interceptor.LogInterceptor  - 

10:44:56,541 [main] DEBUG org.activiti.engine.impl.interceptor.LogInterceptor  - --- starting SaveUserCmd --------------------------------------------------------
10:44:56,541 [main] DEBUG org.activiti.engine.impl.db.DbSqlSession  -   insert org.activiti.engine.impl.persistence.entity.UserEntity@794366a5
10:44:56,541 [main] DEBUG org.activiti.engine.impl.db.DbSqlSession  - flush summary: 1 insert, 0 update, 0 delete.
10:44:56,541 [main] DEBUG org.activiti.engine.impl.db.DbSqlSession  - now executing flush...
10:44:56,541 [main] DEBUG org.activiti.engine.impl.db.DbSqlSession  - inserting: org.activiti.engine.impl.persistence.entity.UserEntity@794366a5
10:44:56,541 [main] DEBUG org.apache.ibatis.transaction.jdbc.JdbcTransaction  - Opening JDBC Connection
10:44:56,541 [main] DEBUG org.apache.ibatis.datasource.pooled.PooledDataSource  - Checked out connection 297240765 from pool.
10:44:56,541 [main] DEBUG org.apache.ibatis.transaction.jdbc.JdbcTransaction  - Setting autocommit to false on JDBC Connection [conn4: url=jdbc:h2:mem:activiti user=SA]
10:44:56,541 [main] DEBUG org.activiti.engine.impl.persistence.entity.UserEntity.insertUser  - ==&gt;  Preparing: insert into ACT_ID_USER (ID_, REV_, FIRST_, LAST_, EMAIL_, PWD_) values ( ?, 1, ?, ?, ?, ? ) 
10:44:56,542 [main] DEBUG org.activiti.engine.impl.persistence.entity.UserEntity.insertUser  - ==&gt; Parameters: kermit(String), null, null, null, null
10:44:56,542 [main] DEBUG org.activiti.engine.impl.persistence.entity.UserEntity.insertUser  - &lt;==    Updates: 1
10:44:56,542 [main] DEBUG org.activiti.engine.impl.cfg.standalone.StandaloneMybatisTransactionContext  - firing event committing...
10:44:56,542 [main] DEBUG org.activiti.engine.impl.cfg.standalone.StandaloneMybatisTransactionContext  - committing the ibatis sql session...
10:44:56,542 [main] DEBUG org.apache.ibatis.transaction.jdbc.JdbcTransaction  - Committing JDBC Connection [conn4: url=jdbc:h2:mem:activiti user=SA]
10:44:56,542 [main] DEBUG org.activiti.engine.impl.cfg.standalone.StandaloneMybatisTransactionContext  - firing event committed...
10:44:56,542 [main] DEBUG org.apache.ibatis.transaction.jdbc.JdbcTransaction  - Resetting autocommit to true on JDBC Connection [conn4: url=jdbc:h2:mem:activiti user=SA]
10:44:56,542 [main] DEBUG org.apache.ibatis.transaction.jdbc.JdbcTransaction  - Closing JDBC Connection [conn4: url=jdbc:h2:mem:activiti user=SA]
10:44:56,542 [main] DEBUG org.apache.ibatis.datasource.pooled.PooledDataSource  - Returned connection 297240765 to pool.
10:44:56,542 [main] DEBUG org.activiti.engine.impl.interceptor.LogInterceptor  - --- SaveUserCmd finished --------------------------------------------------------
10:44:56,542 [main] DEBUG org.activiti.engine.impl.interceptor.LogInterceptor  - 

10:44:56,542 [main] DEBUG org.activiti.engine.impl.interceptor.LogInterceptor  - 

10:44:56,542 [main] DEBUG org.activiti.engine.impl.interceptor.LogInterceptor  - --- starting CreateUserCmd --------------------------------------------------------
10:44:56,542 [main] DEBUG org.activiti.engine.impl.cfg.standalone.StandaloneMybatisTransactionContext  - firing event committing...
10:44:56,542 [main] DEBUG org.activiti.engine.impl.cfg.standalone.StandaloneMybatisTransactionContext  - committing the ibatis sql session...
10:44:56,542 [main] DEBUG org.activiti.engine.impl.cfg.standalone.StandaloneMybatisTransactionContext  - firing event committed...
10:44:56,542 [main] DEBUG org.activiti.engine.impl.interceptor.LogInterceptor  - --- CreateUserCmd finished --------------------------------------------------------
10:44:56,542 [main] DEBUG org.activiti.engine.impl.interceptor.LogInterceptor  - 

10:44:56,542 [main] DEBUG org.activiti.engine.impl.interceptor.LogInterceptor  - 

10:44:56,542 [main] DEBUG org.activiti.engine.impl.interceptor.LogInterceptor  - --- starting SaveUserCmd --------------------------------------------------------
10:44:56,542 [main] DEBUG org.activiti.engine.impl.db.DbSqlSession  -   insert org.activiti.engine.impl.persistence.entity.UserEntity@480b57e2
10:44:56,542 [main] DEBUG org.activiti.engine.impl.db.DbSqlSession  - flush summary: 1 insert, 0 update, 0 delete.
10:44:56,542 [main] DEBUG org.activiti.engine.impl.db.DbSqlSession  - now executing flush...
10:44:56,542 [main] DEBUG org.activiti.engine.impl.db.DbSqlSession  - inserting: org.activiti.engine.impl.persistence.entity.UserEntity@480b57e2
10:44:56,542 [main] DEBUG org.apache.ibatis.transaction.jdbc.JdbcTransaction  - Opening JDBC Connection
10:44:56,542 [main] DEBUG org.apache.ibatis.datasource.pooled.PooledDataSource  - Checked out connection 363509958 from pool.
10:44:56,542 [main] DEBUG org.apache.ibatis.transaction.jdbc.JdbcTransaction  - Setting autocommit to false on JDBC Connection [conn2: url=jdbc:h2:mem:activiti user=SA]
10:44:56,542 [main] DEBUG org.activiti.engine.impl.persistence.entity.UserEntity.insertUser  - ==&gt;  Preparing: insert into ACT_ID_USER (ID_, REV_, FIRST_, LAST_, EMAIL_, PWD_) values ( ?, 1, ?, ?, ?, ? ) 
10:44:56,542 [main] DEBUG org.activiti.engine.impl.persistence.entity.UserEntity.insertUser  - ==&gt; Parameters: fozzie(String), null, null, null, null
10:44:56,542 [main] DEBUG org.activiti.engine.impl.persistence.entity.UserEntity.insertUser  - &lt;==    Updates: 1
10:44:56,542 [main] DEBUG org.activiti.engine.impl.cfg.standalone.StandaloneMybatisTransactionContext  - firing event committing...
10:44:56,542 [main] DEBUG org.activiti.engine.impl.cfg.standalone.StandaloneMybatisTransactionContext  - committing the ibatis sql session...
10:44:56,542 [main] DEBUG org.apache.ibatis.transaction.jdbc.JdbcTransaction  - Committing JDBC Connection [conn2: url=jdbc:h2:mem:activiti user=SA]
10:44:56,542 [main] DEBUG org.activiti.engine.impl.cfg.standalone.StandaloneMybatisTransactionContext  - firing event committed...
10:44:56,542 [main] DEBUG org.apache.ibatis.transaction.jdbc.JdbcTransaction  - Resetting autocommit to true on JDBC Connection [conn2: url=jdbc:h2:mem:activiti user=SA]
10:44:56,542 [main] DEBUG org.apache.ibatis.transaction.jdbc.JdbcTransaction  - Closing JDBC Connection [conn2: url=jdbc:h2:mem:activiti user=SA]
10:44:56,542 [main] DEBUG org.apache.ibatis.datasource.pooled.PooledDataSource  - Returned connection 363509958 to pool.
10:44:56,542 [main] DEBUG org.activiti.engine.impl.interceptor.LogInterceptor  - --- SaveUserCmd finished --------------------------------------------------------
10:44:56,542 [main] DEBUG org.activiti.engine.impl.interceptor.LogInterceptor  - 

10:44:56,542 [main] DEBUG org.activiti.engine.impl.interceptor.LogInterceptor  - 

10:44:56,542 [main] DEBUG org.activiti.engine.impl.interceptor.LogInterceptor  - --- starting CreateUserCmd --------------------------------------------------------
10:44:56,542 [main] DEBUG org.activiti.engine.impl.cfg.standalone.StandaloneMybatisTransactionContext  - firing event committing...
10:44:56,542 [main] DEBUG org.activiti.engine.impl.cfg.standalone.StandaloneMybatisTransactionContext  - committing the ibatis sql session...
10:44:56,542 [main] DEBUG org.activiti.engine.impl.cfg.standalone.StandaloneMybatisTransactionContext  - firing event committed...
10:44:56,542 [main] DEBUG org.activiti.engine.impl.interceptor.LogInterceptor  - --- CreateUserCmd finished --------------------------------------------------------
10:44:56,542 [main] DEBUG org.activiti.engine.impl.interceptor.LogInterceptor  - 

10:44:56,542 [main] DEBUG org.activiti.engine.impl.interceptor.LogInterceptor  - 

10:44:56,542 [main] DEBUG org.activiti.engine.impl.interceptor.LogInterceptor  - --- starting SaveUserCmd --------------------------------------------------------
10:44:56,542 [main] DEBUG org.activiti.engine.impl.db.DbSqlSession  -   insert org.activiti.engine.impl.persistence.entity.UserEntity@40f35e52
10:44:56,542 [main] DEBUG org.activiti.engine.impl.db.DbSqlSession  - flush summary: 1 insert, 0 update, 0 delete.
10:44:56,542 [main] DEBUG org.activiti.engine.impl.db.DbSqlSession  - now executing flush...
10:44:56,542 [main] DEBUG org.activiti.engine.impl.db.DbSqlSession  - inserting: org.activiti.engine.impl.persistence.entity.UserEntity@40f35e52
10:44:56,542 [main] DEBUG org.apache.ibatis.transaction.jdbc.JdbcTransaction  - Opening JDBC Connection
10:44:56,542 [main] DEBUG org.apache.ibatis.datasource.pooled.PooledDataSource  - Checked out connection 180014677 from pool.
10:44:56,542 [main] DEBUG org.apache.ibatis.transaction.jdbc.JdbcTransaction  - Setting autocommit to false on JDBC Connection [conn3: url=jdbc:h2:mem:activiti user=SA]
10:44:56,542 [main] DEBUG org.activiti.engine.impl.persistence.entity.UserEntity.insertUser  - ==&gt;  Preparing: insert into ACT_ID_USER (ID_, REV_, FIRST_, LAST_, EMAIL_, PWD_) values ( ?, 1, ?, ?, ?, ? ) 
10:44:56,542 [main] DEBUG org.activiti.engine.impl.persistence.entity.UserEntity.insertUser  - ==&gt; Parameters: mispiggy(String), null, null, null, null
10:44:56,542 [main] DEBUG org.activiti.engine.impl.persistence.entity.UserEntity.insertUser  - &lt;==    Updates: 1
10:44:56,542 [main] DEBUG org.activiti.engine.impl.cfg.standalone.StandaloneMybatisTransactionContext  - firing event committing...
10:44:56,542 [main] DEBUG org.activiti.engine.impl.cfg.standalone.StandaloneMybatisTransactionContext  - committing the ibatis sql session...
10:44:56,542 [main] DEBUG org.apache.ibatis.transaction.jdbc.JdbcTransaction  - Committing JDBC Connection [conn3: url=jdbc:h2:mem:activiti user=SA]
10:44:56,542 [main] DEBUG org.activiti.engine.impl.cfg.standalone.StandaloneMybatisTransactionContext  - firing event committed...
10:44:56,542 [main] DEBUG org.apache.ibatis.transaction.jdbc.JdbcTransaction  - Resetting autocommit to true on JDBC Connection [conn3: url=jdbc:h2:mem:activiti user=SA]
10:44:56,542 [main] DEBUG org.apache.ibatis.transaction.jdbc.JdbcTransaction  - Closing JDBC Connection [conn3: url=jdbc:h2:mem:activiti user=SA]
10:44:56,542 [main] DEBUG org.apache.ibatis.datasource.pooled.PooledDataSource  - Returned connection 180014677 to pool.
10:44:56,542 [main] DEBUG org.activiti.engine.impl.interceptor.LogInterceptor  - --- SaveUserCmd finished --------------------------------------------------------
10:44:56,542 [main] DEBUG org.activiti.engine.impl.interceptor.LogInterceptor  - 

10:44:56,542 [main] DEBUG org.activiti.engine.impl.interceptor.LogInterceptor  - 

10:44:56,542 [main] DEBUG org.activiti.engine.impl.interceptor.LogInterceptor  - --- starting CreateMembershipCmd --------------------------------------------------------
10:44:56,542 [main] DEBUG org.activiti.engine.impl.db.DbSqlSession  -   insert org.activiti.engine.impl.persistence.entity.MembershipEntity@340d6d89
10:44:56,542 [main] DEBUG org.activiti.engine.impl.db.DbSqlSession  - flush summary: 1 insert, 0 update, 0 delete.
10:44:56,542 [main] DEBUG org.activiti.engine.impl.db.DbSqlSession  - now executing flush...
10:44:56,542 [main] DEBUG org.activiti.engine.impl.db.DbSqlSession  - inserting: org.activiti.engine.impl.persistence.entity.MembershipEntity@340d6d89
10:44:56,542 [main] DEBUG org.apache.ibatis.transaction.jdbc.JdbcTransaction  - Opening JDBC Connection
10:44:56,542 [main] DEBUG org.apache.ibatis.datasource.pooled.PooledDataSource  - Checked out connection 297240765 from pool.
10:44:56,542 [main] DEBUG org.apache.ibatis.transaction.jdbc.JdbcTransaction  - Setting autocommit to false on JDBC Connection [conn4: url=jdbc:h2:mem:activiti user=SA]
10:44:56,542 [main] DEBUG org.activiti.engine.impl.persistence.entity.MembershipRelation.insertMembership  - ==&gt;  Preparing: insert into ACT_ID_MEMBERSHIP (USER_ID_, GROUP_ID_) values ( ?, ? ) 
10:44:56,542 [main] DEBUG org.activiti.engine.impl.persistence.entity.MembershipRelation.insertMembership  - ==&gt; Parameters: kermit(String), muppets(String)
10:44:56,542 [main] DEBUG org.activiti.engine.impl.persistence.entity.MembershipRelation.insertMembership  - &lt;==    Updates: 1
10:44:56,542 [main] DEBUG org.activiti.engine.impl.cfg.standalone.StandaloneMybatisTransactionContext  - firing event committing...
10:44:56,542 [main] DEBUG org.activiti.engine.impl.cfg.standalone.StandaloneMybatisTransactionContext  - committing the ibatis sql session...
10:44:56,542 [main] DEBUG org.apache.ibatis.transaction.jdbc.JdbcTransaction  - Committing JDBC Connection [conn4: url=jdbc:h2:mem:activiti user=SA]
10:44:56,542 [main] DEBUG org.activiti.engine.impl.cfg.standalone.StandaloneMybatisTransactionContext  - firing event committed...
10:44:56,542 [main] DEBUG org.apache.ibatis.transaction.jdbc.JdbcTransaction  - Resetting autocommit to true on JDBC Connection [conn4: url=jdbc:h2:mem:activiti user=SA]
10:44:56,542 [main] DEBUG org.apache.ibatis.transaction.jdbc.JdbcTransaction  - Closing JDBC Connection [conn4: url=jdbc:h2:mem:activiti user=SA]
10:44:56,542 [main] DEBUG org.apache.ibatis.datasource.pooled.PooledDataSource  - Returned connection 297240765 to pool.
10:44:56,542 [main] DEBUG org.activiti.engine.impl.interceptor.LogInterceptor  - --- CreateMembershipCmd finished --------------------------------------------------------
10:44:56,542 [main] DEBUG org.activiti.engine.impl.interceptor.LogInterceptor  - 

10:44:56,542 [main] DEBUG org.activiti.engine.impl.interceptor.LogInterceptor  - 

10:44:56,542 [main] DEBUG org.activiti.engine.impl.interceptor.LogInterceptor  - --- starting CreateMembershipCmd --------------------------------------------------------
10:44:56,542 [main] DEBUG org.activiti.engine.impl.db.DbSqlSession  -   insert org.activiti.engine.impl.persistence.entity.MembershipEntity@561953e3
10:44:56,542 [main] DEBUG org.activiti.engine.impl.db.DbSqlSession  - flush summary: 1 insert, 0 update, 0 delete.
10:44:56,542 [main] DEBUG org.activiti.engine.impl.db.DbSqlSession  - now executing flush...
10:44:56,542 [main] DEBUG org.activiti.engine.impl.db.DbSqlSession  - inserting: org.activiti.engine.impl.persistence.entity.MembershipEntity@561953e3
10:44:56,542 [main] DEBUG org.apache.ibatis.transaction.jdbc.JdbcTransaction  - Opening JDBC Connection
10:44:56,542 [main] DEBUG org.apache.ibatis.datasource.pooled.PooledDataSource  - Checked out connection 363509958 from pool.
10:44:56,542 [main] DEBUG org.apache.ibatis.transaction.jdbc.JdbcTransaction  - Setting autocommit to false on JDBC Connection [conn2: url=jdbc:h2:mem:activiti user=SA]
10:44:56,542 [main] DEBUG org.activiti.engine.impl.persistence.entity.MembershipRelation.insertMembership  - ==&gt;  Preparing: insert into ACT_ID_MEMBERSHIP (USER_ID_, GROUP_ID_) values ( ?, ? ) 
10:44:56,542 [main] DEBUG org.activiti.engine.impl.persistence.entity.MembershipRelation.insertMembership  - ==&gt; Parameters: fozzie(String), muppets(String)
10:44:56,542 [main] DEBUG org.activiti.engine.impl.persistence.entity.MembershipRelation.insertMembership  - &lt;==    Updates: 1
10:44:56,542 [main] DEBUG org.activiti.engine.impl.cfg.standalone.StandaloneMybatisTransactionContext  - firing event committing...
10:44:56,542 [main] DEBUG org.activiti.engine.impl.cfg.standalone.StandaloneMybatisTransactionContext  - committing the ibatis sql session...
10:44:56,542 [main] DEBUG org.apache.ibatis.transaction.jdbc.JdbcTransaction  - Committing JDBC Connection [conn2: url=jdbc:h2:mem:activiti user=SA]
10:44:56,542 [main] DEBUG org.activiti.engine.impl.cfg.standalone.StandaloneMybatisTransactionContext  - firing event committed...
10:44:56,542 [main] DEBUG org.apache.ibatis.transaction.jdbc.JdbcTransaction  - Resetting autocommit to true on JDBC Connection [conn2: url=jdbc:h2:mem:activiti user=SA]
10:44:56,542 [main] DEBUG org.apache.ibatis.transaction.jdbc.JdbcTransaction  - Closing JDBC Connection [conn2: url=jdbc:h2:mem:activiti user=SA]
10:44:56,542 [main] DEBUG org.apache.ibatis.datasource.pooled.PooledDataSource  - Returned connection 363509958 to pool.
10:44:56,542 [main] DEBUG org.activiti.engine.impl.interceptor.LogInterceptor  - --- CreateMembershipCmd finished --------------------------------------------------------
10:44:56,542 [main] DEBUG org.activiti.engine.impl.interceptor.LogInterceptor  - 

10:44:56,542 [main] DEBUG org.activiti.engine.impl.interceptor.LogInterceptor  - 

10:44:56,542 [main] DEBUG org.activiti.engine.impl.interceptor.LogInterceptor  - --- starting CreateMembershipCmd --------------------------------------------------------
10:44:56,542 [main] DEBUG org.activiti.engine.impl.db.DbSqlSession  -   insert org.activiti.engine.impl.persistence.entity.MembershipEntity@443faa85
10:44:56,542 [main] DEBUG org.activiti.engine.impl.db.DbSqlSession  - flush summary: 1 insert, 0 update, 0 delete.
10:44:56,542 [main] DEBUG org.activiti.engine.impl.db.DbSqlSession  - now executing flush...
10:44:56,542 [main] DEBUG org.activiti.engine.impl.db.DbSqlSession  - inserting: org.activiti.engine.impl.persistence.entity.MembershipEntity@443faa85
10:44:56,542 [main] DEBUG org.apache.ibatis.transaction.jdbc.JdbcTransaction  - Opening JDBC Connection
10:44:56,542 [main] DEBUG org.apache.ibatis.datasource.pooled.PooledDataSource  - Checked out connection 180014677 from pool.
10:44:56,542 [main] DEBUG org.apache.ibatis.transaction.jdbc.JdbcTransaction  - Setting autocommit to false on JDBC Connection [conn3: url=jdbc:h2:mem:activiti user=SA]
10:44:56,542 [main] DEBUG org.activiti.engine.impl.persistence.entity.MembershipRelation.insertMembership  - ==&gt;  Preparing: insert into ACT_ID_MEMBERSHIP (USER_ID_, GROUP_ID_) values ( ?, ? ) 
10:44:56,542 [main] DEBUG org.activiti.engine.impl.persistence.entity.MembershipRelation.insertMembership  - ==&gt; Parameters: mispiggy(String), muppets(String)
10:44:56,542 [main] DEBUG org.activiti.engine.impl.persistence.entity.MembershipRelation.insertMembership  - &lt;==    Updates: 1
10:44:56,542 [main] DEBUG org.activiti.engine.impl.cfg.standalone.StandaloneMybatisTransactionContext  - firing event committing...
10:44:56,542 [main] DEBUG org.activiti.engine.impl.cfg.standalone.StandaloneMybatisTransactionContext  - committing the ibatis sql session...
10:44:56,542 [main] DEBUG org.apache.ibatis.transaction.jdbc.JdbcTransaction  - Committing JDBC Connection [conn3: url=jdbc:h2:mem:activiti user=SA]
10:44:56,542 [main] DEBUG org.activiti.engine.impl.cfg.standalone.StandaloneMybatisTransactionContext  - firing event committed...
10:44:56,542 [main] DEBUG org.apache.ibatis.transaction.jdbc.JdbcTransaction  - Resetting autocommit to true on JDBC Connection [conn3: url=jdbc:h2:mem:activiti user=SA]
10:44:56,542 [main] DEBUG org.apache.ibatis.transaction.jdbc.JdbcTransaction  - Closing JDBC Connection [conn3: url=jdbc:h2:mem:activiti user=SA]
10:44:56,542 [main] DEBUG org.apache.ibatis.datasource.pooled.PooledDataSource  - Returned connection 180014677 to pool.
10:44:56,542 [main] DEBUG org.activiti.engine.impl.interceptor.LogInterceptor  - --- CreateMembershipCmd finished --------------------------------------------------------
10:44:56,542 [main] DEBUG org.activiti.engine.impl.interceptor.LogInterceptor  - 

10:44:56,542 [main] DEBUG org.activiti.engine.impl.interceptor.LogInterceptor  - 

10:44:56,542 [main] DEBUG org.activiti.engine.impl.interceptor.LogInterceptor  - --- starting CreateMembershipCmd --------------------------------------------------------
10:44:56,542 [main] DEBUG org.activiti.engine.impl.db.DbSqlSession  -   insert org.activiti.engine.impl.persistence.entity.MembershipEntity@1ee47d9e
10:44:56,542 [main] DEBUG org.activiti.engine.impl.db.DbSqlSession  - flush summary: 1 insert, 0 update, 0 delete.
10:44:56,542 [main] DEBUG org.activiti.engine.impl.db.DbSqlSession  - now executing flush...
10:44:56,542 [main] DEBUG org.activiti.engine.impl.db.DbSqlSession  - inserting: org.activiti.engine.impl.persistence.entity.MembershipEntity@1ee47d9e
10:44:56,542 [main] DEBUG org.apache.ibatis.transaction.jdbc.JdbcTransaction  - Opening JDBC Connection
10:44:56,542 [main] DEBUG org.apache.ibatis.datasource.pooled.PooledDataSource  - Checked out connection 297240765 from pool.
10:44:56,542 [main] DEBUG org.apache.ibatis.transaction.jdbc.JdbcTransaction  - Setting autocommit to false on JDBC Connection [conn4: url=jdbc:h2:mem:activiti user=SA]
10:44:56,542 [main] DEBUG org.activiti.engine.impl.persistence.entity.MembershipRelation.insertMembership  - ==&gt;  Preparing: insert into ACT_ID_MEMBERSHIP (USER_ID_, GROUP_ID_) values ( ?, ? ) 
10:44:56,542 [main] DEBUG org.activiti.engine.impl.persistence.entity.MembershipRelation.insertMembership  - ==&gt; Parameters: kermit(String), frogs(String)
10:44:56,542 [main] DEBUG org.activiti.engine.impl.persistence.entity.MembershipRelation.insertMembership  - &lt;==    Updates: 1
10:44:56,542 [main] DEBUG org.activiti.engine.impl.cfg.standalone.StandaloneMybatisTransactionContext  - firing event committing...
10:44:56,542 [main] DEBUG org.activiti.engine.impl.cfg.standalone.StandaloneMybatisTransactionContext  - committing the ibatis sql session...
10:44:56,542 [main] DEBUG org.apache.ibatis.transaction.jdbc.JdbcTransaction  - Committing JDBC Connection [conn4: url=jdbc:h2:mem:activiti user=SA]
10:44:56,542 [main] DEBUG org.activiti.engine.impl.cfg.standalone.StandaloneMybatisTransactionContext  - firing event committed...
10:44:56,542 [main] DEBUG org.apache.ibatis.transaction.jdbc.JdbcTransaction  - Resetting autocommit to true on JDBC Connection [conn4: url=jdbc:h2:mem:activiti user=SA]
10:44:56,542 [main] DEBUG org.apache.ibatis.transaction.jdbc.JdbcTransaction  - Closing JDBC Connection [conn4: url=jdbc:h2:mem:activiti user=SA]
10:44:56,542 [main] DEBUG org.apache.ibatis.datasource.pooled.PooledDataSource  - Returned connection 297240765 to pool.
10:44:56,542 [main] DEBUG org.activiti.engine.impl.interceptor.LogInterceptor  - --- CreateMembershipCmd finished --------------------------------------------------------
10:44:56,543 [main] DEBUG org.activiti.engine.impl.interceptor.LogInterceptor  - 

10:44:56,543 [main] DEBUG org.activiti.engine.impl.interceptor.LogInterceptor  - 

10:44:56,543 [main] DEBUG org.activiti.engine.impl.interceptor.LogInterceptor  - --- starting CreateMembershipCmd --------------------------------------------------------
10:44:56,543 [main] DEBUG org.activiti.engine.impl.db.DbSqlSession  -   insert org.activiti.engine.impl.persistence.entity.MembershipEntity@41da3aee
10:44:56,543 [main] DEBUG org.activiti.engine.impl.db.DbSqlSession  - flush summary: 1 insert, 0 update, 0 delete.
10:44:56,543 [main] DEBUG org.activiti.engine.impl.db.DbSqlSession  - now executing flush...
10:44:56,543 [main] DEBUG org.activiti.engine.impl.db.DbSqlSession  - inserting: org.activiti.engine.impl.persistence.entity.MembershipEntity@41da3aee
10:44:56,543 [main] DEBUG org.apache.ibatis.transaction.jdbc.JdbcTransaction  - Opening JDBC Connection
10:44:56,543 [main] DEBUG org.apache.ibatis.datasource.pooled.PooledDataSource  - Checked out connection 363509958 from pool.
10:44:56,543 [main] DEBUG org.apache.ibatis.transaction.jdbc.JdbcTransaction  - Setting autocommit to false on JDBC Connection [conn2: url=jdbc:h2:mem:activiti user=SA]
10:44:56,543 [main] DEBUG org.activiti.engine.impl.persistence.entity.MembershipRelation.insertMembership  - ==&gt;  Preparing: insert into ACT_ID_MEMBERSHIP (USER_ID_, GROUP_ID_) values ( ?, ? ) 
10:44:56,543 [main] DEBUG org.activiti.engine.impl.persistence.entity.MembershipRelation.insertMembership  - ==&gt; Parameters: fozzie(String), mammals(String)
10:44:56,543 [main] DEBUG org.activiti.engine.impl.persistence.entity.MembershipRelation.insertMembership  - &lt;==    Updates: 1
10:44:56,543 [main] DEBUG org.activiti.engine.impl.cfg.standalone.StandaloneMybatisTransactionContext  - firing event committing...
10:44:56,543 [main] DEBUG org.activiti.engine.impl.cfg.standalone.StandaloneMybatisTransactionContext  - committing the ibatis sql session...
10:44:56,543 [main] DEBUG org.apache.ibatis.transaction.jdbc.JdbcTransaction  - Committing JDBC Connection [conn2: url=jdbc:h2:mem:activiti user=SA]
10:44:56,543 [main] DEBUG org.activiti.engine.impl.cfg.standalone.StandaloneMybatisTransactionContext  - firing event committed...
10:44:56,543 [main] DEBUG org.apache.ibatis.transaction.jdbc.JdbcTransaction  - Resetting autocommit to true on JDBC Connection [conn2: url=jdbc:h2:mem:activiti user=SA]
10:44:56,543 [main] DEBUG org.apache.ibatis.transaction.jdbc.JdbcTransaction  - Closing JDBC Connection [conn2: url=jdbc:h2:mem:activiti user=SA]
10:44:56,543 [main] DEBUG org.apache.ibatis.datasource.pooled.PooledDataSource  - Returned connection 363509958 to pool.
10:44:56,543 [main] DEBUG org.activiti.engine.impl.interceptor.LogInterceptor  - --- CreateMembershipCmd finished --------------------------------------------------------
10:44:56,543 [main] DEBUG org.activiti.engine.impl.interceptor.LogInterceptor  - 

10:44:56,543 [main] DEBUG org.activiti.engine.impl.interceptor.LogInterceptor  - 

10:44:56,543 [main] DEBUG org.activiti.engine.impl.interceptor.LogInterceptor  - --- starting CreateMembershipCmd --------------------------------------------------------
10:44:56,543 [main] DEBUG org.activiti.engine.impl.db.DbSqlSession  -   insert org.activiti.engine.impl.persistence.entity.MembershipEntity@5dc0ff7d
10:44:56,543 [main] DEBUG org.activiti.engine.impl.db.DbSqlSession  - flush summary: 1 insert, 0 update, 0 delete.
10:44:56,543 [main] DEBUG org.activiti.engine.impl.db.DbSqlSession  - now executing flush...
10:44:56,543 [main] DEBUG org.activiti.engine.impl.db.DbSqlSession  - inserting: org.activiti.engine.impl.persistence.entity.MembershipEntity@5dc0ff7d
10:44:56,543 [main] DEBUG org.apache.ibatis.transaction.jdbc.JdbcTransaction  - Opening JDBC Connection
10:44:56,543 [main] DEBUG org.apache.ibatis.datasource.pooled.PooledDataSource  - Checked out connection 180014677 from pool.
10:44:56,543 [main] DEBUG org.apache.ibatis.transaction.jdbc.JdbcTransaction  - Setting autocommit to false on JDBC Connection [conn3: url=jdbc:h2:mem:activiti user=SA]
10:44:56,543 [main] DEBUG org.activiti.engine.impl.persistence.entity.MembershipRelation.insertMembership  - ==&gt;  Preparing: insert into ACT_ID_MEMBERSHIP (USER_ID_, GROUP_ID_) values ( ?, ? ) 
10:44:56,543 [main] DEBUG org.activiti.engine.impl.persistence.entity.MembershipRelation.insertMembership  - ==&gt; Parameters: mispiggy(String), mammals(String)
10:44:56,543 [main] DEBUG org.activiti.engine.impl.persistence.entity.MembershipRelation.insertMembership  - &lt;==    Updates: 1
10:44:56,543 [main] DEBUG org.activiti.engine.impl.cfg.standalone.StandaloneMybatisTransactionContext  - firing event committing...
10:44:56,543 [main] DEBUG org.activiti.engine.impl.cfg.standalone.StandaloneMybatisTransactionContext  - committing the ibatis sql session...
10:44:56,543 [main] DEBUG org.apache.ibatis.transaction.jdbc.JdbcTransaction  - Committing JDBC Connection [conn3: url=jdbc:h2:mem:activiti user=SA]
10:44:56,543 [main] DEBUG org.activiti.engine.impl.cfg.standalone.StandaloneMybatisTransactionContext  - firing event committed...
10:44:56,543 [main] DEBUG org.apache.ibatis.transaction.jdbc.JdbcTransaction  - Resetting autocommit to true on JDBC Connection [conn3: url=jdbc:h2:mem:activiti user=SA]
10:44:56,543 [main] DEBUG org.apache.ibatis.transaction.jdbc.JdbcTransaction  - Closing JDBC Connection [conn3: url=jdbc:h2:mem:activiti user=SA]
10:44:56,543 [main] DEBUG org.apache.ibatis.datasource.pooled.PooledDataSource  - Returned connection 180014677 to pool.
10:44:56,543 [main] DEBUG org.activiti.engine.impl.interceptor.LogInterceptor  - --- CreateMembershipCmd finished --------------------------------------------------------
10:44:56,543 [main] DEBUG org.activiti.engine.impl.interceptor.LogInterceptor  - 

10:44:56,543 [main] DEBUG org.activiti.engine.impl.interceptor.LogInterceptor  - 

10:44:56,543 [main] DEBUG org.activiti.engine.impl.interceptor.LogInterceptor  - --- starting CreateMembershipCmd --------------------------------------------------------
10:44:56,543 [main] DEBUG org.activiti.engine.impl.db.DbSqlSession  -   insert org.activiti.engine.impl.persistence.entity.MembershipEntity@64920dc2
10:44:56,543 [main] DEBUG org.activiti.engine.impl.db.DbSqlSession  - flush summary: 1 insert, 0 update, 0 delete.
10:44:56,543 [main] DEBUG org.activiti.engine.impl.db.DbSqlSession  - now executing flush...
10:44:56,543 [main] DEBUG org.activiti.engine.impl.db.DbSqlSession  - inserting: org.activiti.engine.impl.persistence.entity.MembershipEntity@64920dc2
10:44:56,543 [main] DEBUG org.apache.ibatis.transaction.jdbc.JdbcTransaction  - Opening JDBC Connection
10:44:56,543 [main] DEBUG org.apache.ibatis.datasource.pooled.PooledDataSource  - Checked out connection 297240765 from pool.
10:44:56,543 [main] DEBUG org.apache.ibatis.transaction.jdbc.JdbcTransaction  - Setting autocommit to false on JDBC Connection [conn4: url=jdbc:h2:mem:activiti user=SA]
10:44:56,543 [main] DEBUG org.activiti.engine.impl.persistence.entity.MembershipRelation.insertMembership  - ==&gt;  Preparing: insert into ACT_ID_MEMBERSHIP (USER_ID_, GROUP_ID_) values ( ?, ? ) 
10:44:56,543 [main] DEBUG org.activiti.engine.impl.persistence.entity.MembershipRelation.insertMembership  - ==&gt; Parameters: kermit(String), admin(String)
10:44:56,543 [main] DEBUG org.activiti.engine.impl.persistence.entity.MembershipRelation.insertMembership  - &lt;==    Updates: 1
10:44:56,543 [main] DEBUG org.activiti.engine.impl.cfg.standalone.StandaloneMybatisTransactionContext  - firing event committing...
10:44:56,543 [main] DEBUG org.activiti.engine.impl.cfg.standalone.StandaloneMybatisTransactionContext  - committing the ibatis sql session...
10:44:56,543 [main] DEBUG org.apache.ibatis.transaction.jdbc.JdbcTransaction  - Committing JDBC Connection [conn4: url=jdbc:h2:mem:activiti user=SA]
10:44:56,543 [main] DEBUG org.activiti.engine.impl.cfg.standalone.StandaloneMybatisTransactionContext  - firing event committed...
10:44:56,543 [main] DEBUG org.apache.ibatis.transaction.jdbc.JdbcTransaction  - Resetting autocommit to true on JDBC Connection [conn4: url=jdbc:h2:mem:activiti user=SA]
10:44:56,543 [main] DEBUG org.apache.ibatis.transaction.jdbc.JdbcTransaction  - Closing JDBC Connection [conn4: url=jdbc:h2:mem:activiti user=SA]
10:44:56,543 [main] DEBUG org.apache.ibatis.datasource.pooled.PooledDataSource  - Returned connection 297240765 to pool.
10:44:56,543 [main] DEBUG org.activiti.engine.impl.interceptor.LogInterceptor  - --- CreateMembershipCmd finished --------------------------------------------------------
10:44:56,543 [main] DEBUG org.activiti.engine.impl.interceptor.LogInterceptor  - 

10:44:56,543 [main] DEBUG org.activiti.engine.impl.test.PvmTestCase  - 

10:44:56,543 [main] DEBUG org.activiti.engine.impl.test.PvmTestCase  - #### START GroupQueryTest.testQueryByType ###########################################################
10:44:56,543 [main] DEBUG org.activiti.engine.impl.interceptor.LogInterceptor  - 

10:44:56,543 [main] DEBUG org.activiti.engine.impl.interceptor.LogInterceptor  - --- starting CreateGroupQueryCmd --------------------------------------------------------
10:44:56,543 [main] DEBUG org.activiti.engine.impl.cfg.standalone.StandaloneMybatisTransactionContext  - firing event committing...
10:44:56,543 [main] DEBUG org.activiti.engine.impl.cfg.standalone.StandaloneMybatisTransactionContext  - committing the ibatis sql session...
10:44:56,543 [main] DEBUG org.activiti.engine.impl.cfg.standalone.StandaloneMybatisTransactionContext  - firing event committed...
10:44:56,543 [main] DEBUG org.activiti.engine.impl.interceptor.LogInterceptor  - --- CreateGroupQueryCmd finished --------------------------------------------------------
10:44:56,543 [main] DEBUG org.activiti.engine.impl.interceptor.LogInterceptor  - 

10:44:56,543 [main] DEBUG org.activiti.engine.impl.interceptor.LogInterceptor  - 

10:44:56,543 [main] DEBUG org.activiti.engine.impl.interceptor.LogInterceptor  - --- starting GroupQueryImpl --------------------------------------------------------
10:44:56,543 [main] DEBUG org.apache.ibatis.transaction.jdbc.JdbcTransaction  - Opening JDBC Connection
10:44:56,543 [main] DEBUG org.apache.ibatis.datasource.pooled.PooledDataSource  - Checked out connection 363509958 from pool.
10:44:56,543 [main] DEBUG org.apache.ibatis.transaction.jdbc.JdbcTransaction  - Setting autocommit to false on JDBC Connection [conn2: url=jdbc:h2:mem:activiti user=SA]
10:44:56,543 [main] DEBUG org.activiti.engine.impl.persistence.entity.GroupEntity.selectGroupByQueryCriteria  - ==&gt;  Preparing: select RES.* from ACT_ID_GROUP RES WHERE RES.TYPE_ = ? order by order by RES.ID_ asc LIMIT ? OFFSET ? 
10:44:56,543 [main] DEBUG org.activiti.engine.impl.interceptor.CommandContext  - Error while closing command context
org.apache.ibatis.exceptions.PersistenceException: 
### Error querying database.  Cause: org.h2.jdbc.JdbcSQLException: Syntax error in SQL statement &quot;SELECT RES.* 
     
    FROM ACT_ID_GROUP RES
     
     WHERE  RES.TYPE_ = ? 
   
     ORDER BY  ORDER[*] BY RES.ID_ ASC  
    LIMIT ? OFFSET ? &quot;; expected &quot;=, NOT, EXISTS, INTERSECTS, SELECT, FROM&quot;; SQL statement:
select RES.* 
     
    from ACT_ID_GROUP RES
     
     WHERE  RES.TYPE_ = ? 
   
     order by  order by RES.ID_ asc  
    LIMIT ? OFFSET ? [42001-176]
### The error may exist in org/activiti/db/mapping/entity/Group.xml
### The error may involve org.activiti.engine.impl.persistence.entity.GroupEntity.selectGroupByQueryCriteria
### The error occurred while executing a query
### SQL: select RES.*            from ACT_ID_GROUP RES            WHERE  RES.TYPE_ = ?           order by  order by RES.ID_ asc       LIMIT ? OFFSET ?
### Cause: org.h2.jdbc.JdbcSQLException: Syntax error in SQL statement &quot;SELECT RES.* 
     
    FROM ACT_ID_GROUP RES
     
     WHERE  RES.TYPE_ = ? 
   
     ORDER BY  ORDER[*] BY RES.ID_ ASC  
    LIMIT ? OFFSET ? &quot;; expected &quot;=, NOT, EXISTS, INTERSECTS, SELECT, FROM&quot;; SQL statement:
select RES.* 
     
    from ACT_ID_GROUP RES
     
     WHERE  RES.TYPE_ = ? 
   
     order by  order by RES.ID_ asc  
    LIMIT ? OFFSET ? [42001-176]
	at org.apache.ibatis.exceptions.ExceptionFactory.wrapException(ExceptionFactory.java:30)
	at org.apache.ibatis.session.defaults.DefaultSqlSession.selectList(DefaultSqlSession.java:122)
	at org.apache.ibatis.session.defaults.DefaultSqlSession.selectList(DefaultSqlSession.java:113)
	at org.activiti.engine.impl.db.DbSqlSession.selectListWithRawParameter(DbSqlSession.java:438)
	at org.activiti.engine.impl.db.DbSqlSession.selectList(DbSqlSession.java:429)
	at org.activiti.engine.impl.db.DbSqlSession.selectList(DbSqlSession.java:419)
	at org.activiti.engine.impl.persistence.entity.GroupEntityManager.findGroupByQueryCriteria(GroupEntityManager.java:90)
	at org.activiti.engine.impl.GroupQueryImpl.executeList(GroupQueryImpl.java:125)
	at org.activiti.engine.impl.AbstractQuery.execute(AbstractQuery.java:164)
	at org.activiti.engine.impl.interceptor.CommandInvoker.execute(CommandInvoker.java:24)
	at org.activiti.engine.impl.interceptor.CommandContextInterceptor.execute(CommandContextInterceptor.java:57)
	at org.activiti.engine.impl.interceptor.LogInterceptor.execute(LogInterceptor.java:37)
	at org.activiti.engine.impl.cfg.CommandExecutorImpl.execute(CommandExecutorImpl.java:40)
	at org.activiti.engine.impl.cfg.CommandExecutorImpl.execute(CommandExecutorImpl.java:35)
	at org.activiti.engine.impl.AbstractQuery.list(AbstractQuery.java:138)
	at org.activiti.engine.test.api.identity.GroupQueryTest.verifyQueryResults(GroupQueryTest.java:221)
	at org.activiti.engine.test.api.identity.GroupQueryTest.testQueryByType(GroupQueryTest.java:134)
	at sun.reflect.NativeMethodAccessorImpl.invoke0(Native Method)
	at sun.reflect.NativeMethodAccessorImpl.invoke(NativeMethodAccessorImpl.java:62)
	at sun.reflect.DelegatingMethodAccessorImpl.invoke(DelegatingMethodAccessorImpl.java:43)
	at java.lang.reflect.Method.invoke(Method.java:498)
	at junit.framework.TestCase.runTest(TestCase.java:176)
	at org.activiti.engine.impl.test.PvmTestCase.runTest(PvmTestCase.java:65)
	at junit.framework.TestCase.runBare(TestCase.java:141)
	at org.activiti.engine.impl.test.AbstractActivitiTestCase.runBare(AbstractActivitiTestCase.java:100)
	at junit.framework.TestResult$1.protect(TestResult.java:122)
	at junit.framework.TestResult.runProtected(TestResult.java:142)
	at junit.framework.TestResult.run(TestResult.java:125)
	at junit.framework.TestCase.run(TestCase.java:129)
	at junit.framework.TestSuite.runTest(TestSuite.java:255)
	at junit.framework.TestSuite.run(TestSuite.java:250)
	at org.junit.internal.runners.JUnit38ClassRunner.run(JUnit38ClassRunner.java:84)
	at org.apache.maven.surefire.junit4.JUnit4TestSet.execute(JUnit4TestSet.java:35)
	at org.apache.maven.surefire.junit4.JUnit4Provider.executeTestSet(JUnit4Provider.java:146)
	at org.apache.maven.surefire.junit4.JUnit4Provider.invoke(JUnit4Provider.java:97)
	at sun.reflect.NativeMethodAccessorImpl.invoke0(Native Method)
	at sun.reflect.NativeMethodAccessorImpl.invoke(NativeMethodAccessorImpl.java:62)
	at sun.reflect.DelegatingMethodAccessorImpl.invoke(DelegatingMethodAccessorImpl.java:43)
	at java.lang.reflect.Method.invoke(Method.java:498)
	at org.apache.maven.surefire.booter.ProviderFactory$ClassLoaderProxy.invoke(ProviderFactory.java:103)
	at com.sun.proxy.$Proxy0.invoke(Unknown Source)
	at org.apache.maven.surefire.booter.SurefireStarter.invokeProvider(SurefireStarter.java:145)
	at org.apache.maven.surefire.booter.SurefireStarter.runSuitesInProcess(SurefireStarter.java:87)
	at org.apache.maven.surefire.booter.ForkedBooter.main(ForkedBooter.java:69)
Caused by: org.h2.jdbc.JdbcSQLException: Syntax error in SQL statement &quot;SELECT RES.* 
     
    FROM ACT_ID_GROUP RES
     
     WHERE  RES.TYPE_ = ? 
   
     ORDER BY  ORDER[*] BY RES.ID_ ASC  
    LIMIT ? OFFSET ? &quot;; expected &quot;=, NOT, EXISTS, INTERSECTS, SELECT, FROM&quot;; SQL statement:
select RES.* 
     
    from ACT_ID_GROUP RES
     
     WHERE  RES.TYPE_ = ? 
   
     order by  order by RES.ID_ asc  
    LIMIT ? OFFSET ? [42001-176]
	at org.h2.message.DbException.getJdbcSQLException(DbException.java:344)
	at org.h2.message.DbException.getSyntaxError(DbException.java:204)
	at org.h2.command.Parser.getSyntaxError(Parser.java:524)
	at org.h2.command.Parser.readTerm(Parser.java:2688)
	at org.h2.command.Parser.readFactor(Parser.java:2244)
	at org.h2.command.Parser.readSum(Parser.java:2231)
	at org.h2.command.Parser.readConcat(Parser.java:2201)
	at org.h2.command.Parser.readCondition(Parser.java:2051)
	at org.h2.command.Parser.readAnd(Parser.java:2023)
	at org.h2.command.Parser.readExpression(Parser.java:2015)
	at org.h2.command.Parser.parseEndOfQuery(Parser.java:1726)
	at org.h2.command.Parser.parseSelectUnionExtension(Parser.java:1706)
	at org.h2.command.Parser.parseSelectUnion(Parser.java:1675)
	at org.h2.command.Parser.parseSelect(Parser.java:1662)
	at org.h2.command.Parser.parsePrepared(Parser.java:434)
	at org.h2.command.Parser.parse(Parser.java:306)
	at org.h2.command.Parser.parse(Parser.java:282)
	at org.h2.command.Parser.prepareCommand(Parser.java:243)
	at org.h2.engine.Session.prepareLocal(Session.java:442)
	at org.h2.engine.Session.prepareCommand(Session.java:384)
	at org.h2.jdbc.JdbcConnection.prepareCommand(JdbcConnection.java:1188)
	at org.h2.jdbc.JdbcPreparedStatement.&lt;init&gt;(JdbcPreparedStatement.java:73)
	at org.h2.jdbc.JdbcConnection.prepareStatement(JdbcConnection.java:276)
	at sun.reflect.GeneratedMethodAccessor6.invoke(Unknown Source)
	at sun.reflect.DelegatingMethodAccessorImpl.invoke(DelegatingMethodAccessorImpl.java:43)
	at java.lang.reflect.Method.invoke(Method.java:498)
	at org.apache.ibatis.datasource.pooled.PooledConnection.invoke(PooledConnection.java:245)
	at com.sun.proxy.$Proxy12.prepareStatement(Unknown Source)
	at sun.reflect.GeneratedMethodAccessor6.invoke(Unknown Source)
	at sun.reflect.DelegatingMethodAccessorImpl.invoke(DelegatingMethodAccessorImpl.java:43)
	at java.lang.reflect.Method.invoke(Method.java:498)
	at org.apache.ibatis.logging.jdbc.ConnectionLogger.invoke(ConnectionLogger.java:55)
	at com.sun.proxy.$Proxy12.prepareStatement(Unknown Source)
	at org.apache.ibatis.executor.statement.PreparedStatementHandler.instantiateStatement(PreparedStatementHandler.java:79)
	at org.apache.ibatis.executor.statement.BaseStatementHandler.prepare(BaseStatementHandler.java:88)
	at org.apache.ibatis.executor.statement.RoutingStatementHandler.prepare(RoutingStatementHandler.java:58)
	at org.apache.ibatis.executor.SimpleExecutor.prepareStatement(SimpleExecutor.java:76)
	at org.apache.ibatis.executor.SimpleExecutor.doQuery(SimpleExecutor.java:61)
	at org.apache.ibatis.executor.BaseExecutor.queryFromDatabase(BaseExecutor.java:303)
	at org.apache.ibatis.executor.BaseExecutor.query(BaseExecutor.java:154)
	at org.apache.ibatis.executor.CachingExecutor.query(CachingExecutor.java:102)
	at org.apache.ibatis.executor.CachingExecutor.query(CachingExecutor.java:82)
	at org.apache.ibatis.session.defaults.DefaultSqlSession.selectList(DefaultSqlSession.java:120)
	... 42 more
10:44:56,544 [main] DEBUG org.activiti.engine.impl.cfg.standalone.StandaloneMybatisTransactionContext  - firing event rolling back...
10:44:56,544 [main] DEBUG org.activiti.engine.impl.cfg.standalone.StandaloneMybatisTransactionContext  - rolling back ibatis sql session...
10:44:56,544 [main] DEBUG org.activiti.engine.impl.cfg.standalone.StandaloneMybatisTransactionContext  - firing event rolled back...
10:44:56,544 [main] DEBUG org.apache.ibatis.transaction.jdbc.JdbcTransaction  - Resetting autocommit to true on JDBC Connection [conn2: url=jdbc:h2:mem:activiti user=SA]
10:44:56,544 [main] DEBUG org.apache.ibatis.transaction.jdbc.JdbcTransaction  - Closing JDBC Connection [conn2: url=jdbc:h2:mem:activiti user=SA]
10:44:56,544 [main] DEBUG org.apache.ibatis.datasource.pooled.PooledDataSource  - Returned connection 363509958 to pool.
10:44:56,544 [main] DEBUG org.activiti.engine.impl.interceptor.LogInterceptor  - --- GroupQueryImpl finished --------------------------------------------------------
10:44:56,544 [main] DEBUG org.activiti.engine.impl.interceptor.LogInterceptor  - 

10:44:56,544 [main] ERROR org.activiti.engine.impl.test.PvmTestCase  - 

10:44:56,544 [main] ERROR org.activiti.engine.impl.test.PvmTestCase  - EXCEPTION: org.apache.ibatis.exceptions.PersistenceException: 
### Error querying database.  Cause: org.h2.jdbc.JdbcSQLException: Syntax error in SQL statement &quot;SELECT RES.* 
     
    FROM ACT_ID_GROUP RES
     
     WHERE  RES.TYPE_ = ? 
   
     ORDER BY  ORDER[*] BY RES.ID_ ASC  
    LIMIT ? OFFSET ? &quot;; expected &quot;=, NOT, EXISTS, INTERSECTS, SELECT, FROM&quot;; SQL statement:
select RES.* 
     
    from ACT_ID_GROUP RES
     
     WHERE  RES.TYPE_ = ? 
   
     order by  order by RES.ID_ asc  
    LIMIT ? OFFSET ? [42001-176]
### The error may exist in org/activiti/db/mapping/entity/Group.xml
### The error may involve org.activiti.engine.impl.persistence.entity.GroupEntity.selectGroupByQueryCriteria
### The error occurred while executing a query
### SQL: select RES.*            from ACT_ID_GROUP RES            WHERE  RES.TYPE_ = ?           order by  order by RES.ID_ asc       LIMIT ? OFFSET ?
### Cause: org.h2.jdbc.JdbcSQLException: Syntax error in SQL statement &quot;SELECT RES.* 
     
    FROM ACT_ID_GROUP RES
     
     WHERE  RES.TYPE_ = ? 
   
     ORDER BY  ORDER[*] BY RES.ID_ ASC  
    LIMIT ? OFFSET ? &quot;; expected &quot;=, NOT, EXISTS, INTERSECTS, SELECT, FROM&quot;; SQL statement:
select RES.* 
     
    from ACT_ID_GROUP RES
     
     WHERE  RES.TYPE_ = ? 
   
     order by  order by RES.ID_ asc  
    LIMIT ? OFFSET ? [42001-176]
org.apache.ibatis.exceptions.PersistenceException: 
### Error querying database.  Cause: org.h2.jdbc.JdbcSQLException: Syntax error in SQL statement &quot;SELECT RES.* 
     
    FROM ACT_ID_GROUP RES
     
     WHERE  RES.TYPE_ = ? 
   
     ORDER BY  ORDER[*] BY RES.ID_ ASC  
    LIMIT ? OFFSET ? &quot;; expected &quot;=, NOT, EXISTS, INTERSECTS, SELECT, FROM&quot;; SQL statement:
select RES.* 
     
    from ACT_ID_GROUP RES
     
     WHERE  RES.TYPE_ = ? 
   
     order by  order by RES.ID_ asc  
    LIMIT ? OFFSET ? [42001-176]
### The error may exist in org/activiti/db/mapping/entity/Group.xml
### The error may involve org.activiti.engine.impl.persistence.entity.GroupEntity.selectGroupByQueryCriteria
### The error occurred while executing a query
### SQL: select RES.*            from ACT_ID_GROUP RES            WHERE  RES.TYPE_ = ?           order by  order by RES.ID_ asc       LIMIT ? OFFSET ?
### Cause: org.h2.jdbc.JdbcSQLException: Syntax error in SQL statement &quot;SELECT RES.* 
     
    FROM ACT_ID_GROUP RES
     
     WHERE  RES.TYPE_ = ? 
   
     ORDER BY  ORDER[*] BY RES.ID_ ASC  
    LIMIT ? OFFSET ? &quot;; expected &quot;=, NOT, EXISTS, INTERSECTS, SELECT, FROM&quot;; SQL statement:
select RES.* 
     
    from ACT_ID_GROUP RES
     
     WHERE  RES.TYPE_ = ? 
   
     order by  order by RES.ID_ asc  
    LIMIT ? OFFSET ? [42001-176]
	at org.apache.ibatis.exceptions.ExceptionFactory.wrapException(ExceptionFactory.java:30)
	at org.apache.ibatis.session.defaults.DefaultSqlSession.selectList(DefaultSqlSession.java:122)
	at org.apache.ibatis.session.defaults.DefaultSqlSession.selectList(DefaultSqlSession.java:113)
	at org.activiti.engine.impl.db.DbSqlSession.selectListWithRawParameter(DbSqlSession.java:438)
	at org.activiti.engine.impl.db.DbSqlSession.selectList(DbSqlSession.java:429)
	at org.activiti.engine.impl.db.DbSqlSession.selectList(DbSqlSession.java:419)
	at org.activiti.engine.impl.persistence.entity.GroupEntityManager.findGroupByQueryCriteria(GroupEntityManager.java:90)
	at org.activiti.engine.impl.GroupQueryImpl.executeList(GroupQueryImpl.java:125)
	at org.activiti.engine.impl.AbstractQuery.execute(AbstractQuery.java:164)
	at org.activiti.engine.impl.interceptor.CommandInvoker.execute(CommandInvoker.java:24)
	at org.activiti.engine.impl.interceptor.CommandContextInterceptor.execute(CommandContextInterceptor.java:57)
	at org.activiti.engine.impl.interceptor.LogInterceptor.execute(LogInterceptor.java:37)
	at org.activiti.engine.impl.cfg.CommandExecutorImpl.execute(CommandExecutorImpl.java:40)
	at org.activiti.engine.impl.cfg.CommandExecutorImpl.execute(CommandExecutorImpl.java:35)
	at org.activiti.engine.impl.AbstractQuery.list(AbstractQuery.java:138)
	at org.activiti.engine.test.api.identity.GroupQueryTest.verifyQueryResults(GroupQueryTest.java:221)
	at org.activiti.engine.test.api.identity.GroupQueryTest.testQueryByType(GroupQueryTest.java:134)
	at sun.reflect.NativeMethodAccessorImpl.invoke0(Native Method)
	at sun.reflect.NativeMethodAccessorImpl.invoke(NativeMethodAccessorImpl.java:62)
	at sun.reflect.DelegatingMethodAccessorImpl.invoke(DelegatingMethodAccessorImpl.java:43)
	at java.lang.reflect.Method.invoke(Method.java:498)
	at junit.framework.TestCase.runTest(TestCase.java:176)
	at org.activiti.engine.impl.test.PvmTestCase.runTest(PvmTestCase.java:65)
	at junit.framework.TestCase.runBare(TestCase.java:141)
	at org.activiti.engine.impl.test.AbstractActivitiTestCase.runBare(AbstractActivitiTestCase.java:100)
	at junit.framework.TestResult$1.protect(TestResult.java:122)
	at junit.framework.TestResult.runProtected(TestResult.java:142)
	at junit.framework.TestResult.run(TestResult.java:125)
	at junit.framework.TestCase.run(TestCase.java:129)
	at junit.framework.TestSuite.runTest(TestSuite.java:255)
	at junit.framework.TestSuite.run(TestSuite.java:250)
	at org.junit.internal.runners.JUnit38ClassRunner.run(JUnit38ClassRunner.java:84)
	at org.apache.maven.surefire.junit4.JUnit4TestSet.execute(JUnit4TestSet.java:35)
	at org.apache.maven.surefire.junit4.JUnit4Provider.executeTestSet(JUnit4Provider.java:146)
	at org.apache.maven.surefire.junit4.JUnit4Provider.invoke(JUnit4Provider.java:97)
	at sun.reflect.NativeMethodAccessorImpl.invoke0(Native Method)
	at sun.reflect.NativeMethodAccessorImpl.invoke(NativeMethodAccessorImpl.java:62)
	at sun.reflect.DelegatingMethodAccessorImpl.invoke(DelegatingMethodAccessorImpl.java:43)
	at java.lang.reflect.Method.invoke(Method.java:498)
	at org.apache.maven.surefire.booter.ProviderFactory$ClassLoaderProxy.invoke(ProviderFactory.java:103)
	at com.sun.proxy.$Proxy0.invoke(Unknown Source)
	at org.apache.maven.surefire.booter.SurefireStarter.invokeProvider(SurefireStarter.java:145)
	at org.apache.maven.surefire.booter.SurefireStarter.runSuitesInProcess(SurefireStarter.java:87)
	at org.apache.maven.surefire.booter.ForkedBooter.main(ForkedBooter.java:69)
Caused by: org.h2.jdbc.JdbcSQLException: Syntax error in SQL statement &quot;SELECT RES.* 
     
    FROM ACT_ID_GROUP RES
     
     WHERE  RES.TYPE_ = ? 
   
     ORDER BY  ORDER[*] BY RES.ID_ ASC  
    LIMIT ? OFFSET ? &quot;; expected &quot;=, NOT, EXISTS, INTERSECTS, SELECT, FROM&quot;; SQL statement:
select RES.* 
     
    from ACT_ID_GROUP RES
     
     WHERE  RES.TYPE_ = ? 
   
     order by  order by RES.ID_ asc  
    LIMIT ? OFFSET ? [42001-176]
	at org.h2.message.DbException.getJdbcSQLException(DbException.java:344)
	at org.h2.message.DbException.getSyntaxError(DbException.java:204)
	at org.h2.command.Parser.getSyntaxError(Parser.java:524)
	at org.h2.command.Parser.readTerm(Parser.java:2688)
	at org.h2.command.Parser.readFactor(Parser.java:2244)
	at org.h2.command.Parser.readSum(Parser.java:2231)
	at org.h2.command.Parser.readConcat(Parser.java:2201)
	at org.h2.command.Parser.readCondition(Parser.java:2051)
	at org.h2.command.Parser.readAnd(Parser.java:2023)
	at org.h2.command.Parser.readExpression(Parser.java:2015)
	at org.h2.command.Parser.parseEndOfQuery(Parser.java:1726)
	at org.h2.command.Parser.parseSelectUnionExtension(Parser.java:1706)
	at org.h2.command.Parser.parseSelectUnion(Parser.java:1675)
	at org.h2.command.Parser.parseSelect(Parser.java:1662)
	at org.h2.command.Parser.parsePrepared(Parser.java:434)
	at org.h2.command.Parser.parse(Parser.java:306)
	at org.h2.command.Parser.parse(Parser.java:282)
	at org.h2.command.Parser.prepareCommand(Parser.java:243)
	at org.h2.engine.Session.prepareLocal(Session.java:442)
	at org.h2.engine.Session.prepareCommand(Session.java:384)
	at org.h2.jdbc.JdbcConnection.prepareCommand(JdbcConnection.java:1188)
	at org.h2.jdbc.JdbcPreparedStatement.&lt;init&gt;(JdbcPreparedStatement.java:73)
	at org.h2.jdbc.JdbcConnection.prepareStatement(JdbcConnection.java:276)
	at sun.reflect.GeneratedMethodAccessor6.invoke(Unknown Source)
	at sun.reflect.DelegatingMethodAccessorImpl.invoke(DelegatingMethodAccessorImpl.java:43)
	at java.lang.reflect.Method.invoke(Method.java:498)
	at org.apache.ibatis.datasource.pooled.PooledConnection.invoke(PooledConnection.java:245)
	at com.sun.proxy.$Proxy12.prepareStatement(Unknown Source)
	at sun.reflect.GeneratedMethodAccessor6.invoke(Unknown Source)
	at sun.reflect.DelegatingMethodAccessorImpl.invoke(DelegatingMethodAccessorImpl.java:43)
	at java.lang.reflect.Method.invoke(Method.java:498)
	at org.apache.ibatis.logging.jdbc.ConnectionLogger.invoke(ConnectionLogger.java:55)
	at com.sun.proxy.$Proxy12.prepareStatement(Unknown Source)
	at org.apache.ibatis.executor.statement.PreparedStatementHandler.instantiateStatement(PreparedStatementHandler.java:79)
	at org.apache.ibatis.executor.statement.BaseStatementHandler.prepare(BaseStatementHandler.java:88)
	at org.apache.ibatis.executor.statement.RoutingStatementHandler.prepare(RoutingStatementHandler.java:58)
	at org.apache.ibatis.executor.SimpleExecutor.prepareStatement(SimpleExecutor.java:76)
	at org.apache.ibatis.executor.SimpleExecutor.doQuery(SimpleExecutor.java:61)
	at org.apache.ibatis.executor.BaseExecutor.queryFromDatabase(BaseExecutor.java:303)
	at org.apache.ibatis.executor.BaseExecutor.query(BaseExecutor.java:154)
	at org.apache.ibatis.executor.CachingExecutor.query(CachingExecutor.java:102)
	at org.apache.ibatis.executor.CachingExecutor.query(CachingExecutor.java:82)
	at org.apache.ibatis.session.defaults.DefaultSqlSession.selectList(DefaultSqlSession.java:120)
	... 42 more
10:44:56,544 [main] DEBUG org.activiti.engine.impl.test.PvmTestCase  - #### END GroupQueryTest.testQueryByType #############################################################
10:44:56,544 [main] DEBUG org.activiti.engine.impl.interceptor.LogInterceptor  - 

10:44:56,544 [main] DEBUG org.activiti.engine.impl.interceptor.LogInterceptor  - --- starting DeleteUserCmd --------------------------------------------------------
10:44:56,544 [main] DEBUG org.apache.ibatis.transaction.jdbc.JdbcTransaction  - Opening JDBC Connection
10:44:56,544 [main] DEBUG org.apache.ibatis.datasource.pooled.PooledDataSource  - Checked out connection 180014677 from pool.
10:44:56,544 [main] DEBUG org.apache.ibatis.transaction.jdbc.JdbcTransaction  - Setting autocommit to false on JDBC Connection [conn3: url=jdbc:h2:mem:activiti user=SA]
10:44:56,544 [main] DEBUG org.activiti.engine.impl.persistence.entity.UserEntity.selectUserById  - ==&gt;  Preparing: select * from ACT_ID_USER where ID_ = ? 
10:44:56,544 [main] DEBUG org.activiti.engine.impl.persistence.entity.UserEntity.selectUserById  - ==&gt; Parameters: kermit(String)
10:44:56,544 [main] DEBUG org.activiti.engine.impl.persistence.entity.UserEntity.selectUserById  - &lt;==      Total: 1
10:44:56,544 [main] DEBUG org.activiti.engine.impl.persistence.entity.IdentityInfoEntity.selectIdentityInfoByUserId  - ==&gt;  Preparing: select * from ACT_ID_INFO where USER_ID_ = ? 
10:44:56,544 [main] DEBUG org.activiti.engine.impl.persistence.entity.IdentityInfoEntity.selectIdentityInfoByUserId  - ==&gt; Parameters: kermit(String)
10:44:56,544 [main] DEBUG org.activiti.engine.impl.persistence.entity.IdentityInfoEntity.selectIdentityInfoByUserId  - &lt;==      Total: 0
10:44:56,544 [main] DEBUG org.activiti.engine.impl.db.DbSqlSession  -   bulk delete: deleteMembershipsByUserId(kermit)
10:44:56,544 [main] DEBUG org.activiti.engine.impl.db.DbSqlSession  -   delete org.activiti.engine.impl.persistence.entity.UserEntity@13dbed9e
10:44:56,544 [main] DEBUG org.activiti.engine.impl.db.DbSqlSession  - flush summary: 0 insert, 0 update, 2 delete.
10:44:56,544 [main] DEBUG org.activiti.engine.impl.db.DbSqlSession  - now executing flush...
10:44:56,544 [main] DEBUG org.activiti.engine.impl.db.DbSqlSession  - executing: bulk delete: deleteMembershipsByUserId(kermit)
10:44:56,544 [main] DEBUG org.activiti.engine.impl.persistence.entity.MembershipRelation.deleteMembershipsByUserId  - ==&gt;  Preparing: delete from ACT_ID_MEMBERSHIP where USER_ID_ = ? 
10:44:56,545 [main] DEBUG org.activiti.engine.impl.persistence.entity.MembershipRelation.deleteMembershipsByUserId  - ==&gt; Parameters: kermit(String)
10:44:56,545 [main] DEBUG org.activiti.engine.impl.persistence.entity.MembershipRelation.deleteMembershipsByUserId  - &lt;==    Updates: 3
10:44:56,545 [main] DEBUG org.activiti.engine.impl.db.DbSqlSession  - executing: delete org.activiti.engine.impl.persistence.entity.UserEntity@13dbed9e
10:44:56,545 [main] DEBUG org.activiti.engine.impl.persistence.entity.UserEntity.deleteUser  - ==&gt;  Preparing: delete from ACT_ID_USER where ID_ = ? and REV_ = ? 
10:44:56,545 [main] DEBUG org.activiti.engine.impl.persistence.entity.UserEntity.deleteUser  - ==&gt; Parameters: kermit(String), 1(Integer)
10:44:56,545 [main] DEBUG org.activiti.engine.impl.persistence.entity.UserEntity.deleteUser  - &lt;==    Updates: 1
10:44:56,545 [main] DEBUG org.activiti.engine.impl.cfg.standalone.StandaloneMybatisTransactionContext  - firing event committing...
10:44:56,545 [main] DEBUG org.activiti.engine.impl.cfg.standalone.StandaloneMybatisTransactionContext  - committing the ibatis sql session...
10:44:56,545 [main] DEBUG org.apache.ibatis.transaction.jdbc.JdbcTransaction  - Committing JDBC Connection [conn3: url=jdbc:h2:mem:activiti user=SA]
10:44:56,545 [main] DEBUG org.activiti.engine.impl.cfg.standalone.StandaloneMybatisTransactionContext  - firing event committed...
10:44:56,545 [main] DEBUG org.apache.ibatis.transaction.jdbc.JdbcTransaction  - Resetting autocommit to true on JDBC Connection [conn3: url=jdbc:h2:mem:activiti user=SA]
10:44:56,545 [main] DEBUG org.apache.ibatis.transaction.jdbc.JdbcTransaction  - Closing JDBC Connection [conn3: url=jdbc:h2:mem:activiti user=SA]
10:44:56,545 [main] DEBUG org.apache.ibatis.datasource.pooled.PooledDataSource  - Returned connection 180014677 to pool.
10:44:56,545 [main] DEBUG org.activiti.engine.impl.interceptor.LogInterceptor  - --- DeleteUserCmd finished --------------------------------------------------------
10:44:56,545 [main] DEBUG org.activiti.engine.impl.interceptor.LogInterceptor  - 

10:44:56,545 [main] DEBUG org.activiti.engine.impl.interceptor.LogInterceptor  - 

10:44:56,545 [main] DEBUG org.activiti.engine.impl.interceptor.LogInterceptor  - --- starting DeleteUserCmd --------------------------------------------------------
10:44:56,545 [main] DEBUG org.apache.ibatis.transaction.jdbc.JdbcTransaction  - Opening JDBC Connection
10:44:56,545 [main] DEBUG org.apache.ibatis.datasource.pooled.PooledDataSource  - Checked out connection 297240765 from pool.
10:44:56,545 [main] DEBUG org.apache.ibatis.transaction.jdbc.JdbcTransaction  - Setting autocommit to false on JDBC Connection [conn4: url=jdbc:h2:mem:activiti user=SA]
10:44:56,545 [main] DEBUG org.activiti.engine.impl.persistence.entity.UserEntity.selectUserById  - ==&gt;  Preparing: select * from ACT_ID_USER where ID_ = ? 
10:44:56,545 [main] DEBUG org.activiti.engine.impl.persistence.entity.UserEntity.selectUserById  - ==&gt; Parameters: fozzie(String)
10:44:56,545 [main] DEBUG org.activiti.engine.impl.persistence.entity.UserEntity.selectUserById  - &lt;==      Total: 1
10:44:56,545 [main] DEBUG org.activiti.engine.impl.persistence.entity.IdentityInfoEntity.selectIdentityInfoByUserId  - ==&gt;  Preparing: select * from ACT_ID_INFO where USER_ID_ = ? 
10:44:56,545 [main] DEBUG org.activiti.engine.impl.persistence.entity.IdentityInfoEntity.selectIdentityInfoByUserId  - ==&gt; Parameters: fozzie(String)
10:44:56,545 [main] DEBUG org.activiti.engine.impl.persistence.entity.IdentityInfoEntity.selectIdentityInfoByUserId  - &lt;==      Total: 0
10:44:56,545 [main] DEBUG org.activiti.engine.impl.db.DbSqlSession  -   bulk delete: deleteMembershipsByUserId(fozzie)
10:44:56,545 [main] DEBUG org.activiti.engine.impl.db.DbSqlSession  -   delete org.activiti.engine.impl.persistence.entity.UserEntity@67531e3a
10:44:56,545 [main] DEBUG org.activiti.engine.impl.db.DbSqlSession  - flush summary: 0 insert, 0 update, 2 delete.
10:44:56,545 [main] DEBUG org.activiti.engine.impl.db.DbSqlSession  - now executing flush...
10:44:56,545 [main] DEBUG org.activiti.engine.impl.db.DbSqlSession  - executing: bulk delete: deleteMembershipsByUserId(fozzie)
10:44:56,545 [main] DEBUG org.activiti.engine.impl.persistence.entity.MembershipRelation.deleteMembershipsByUserId  - ==&gt;  Preparing: delete from ACT_ID_MEMBERSHIP where USER_ID_ = ? 
10:44:56,545 [main] DEBUG org.activiti.engine.impl.persistence.entity.MembershipRelation.deleteMembershipsByUserId  - ==&gt; Parameters: fozzie(String)
10:44:56,545 [main] DEBUG org.activiti.engine.impl.persistence.entity.MembershipRelation.deleteMembershipsByUserId  - &lt;==    Updates: 2
10:44:56,545 [main] DEBUG org.activiti.engine.impl.db.DbSqlSession  - executing: delete org.activiti.engine.impl.persistence.entity.UserEntity@67531e3a
10:44:56,545 [main] DEBUG org.activiti.engine.impl.persistence.entity.UserEntity.deleteUser  - ==&gt;  Preparing: delete from ACT_ID_USER where ID_ = ? and REV_ = ? 
10:44:56,545 [main] DEBUG org.activiti.engine.impl.persistence.entity.UserEntity.deleteUser  - ==&gt; Parameters: fozzie(String), 1(Integer)
10:44:56,545 [main] DEBUG org.activiti.engine.impl.persistence.entity.UserEntity.deleteUser  - &lt;==    Updates: 1
10:44:56,545 [main] DEBUG org.activiti.engine.impl.cfg.standalone.StandaloneMybatisTransactionContext  - firing event committing...
10:44:56,545 [main] DEBUG org.activiti.engine.impl.cfg.standalone.StandaloneMybatisTransactionContext  - committing the ibatis sql session...
10:44:56,545 [main] DEBUG org.apache.ibatis.transaction.jdbc.JdbcTransaction  - Committing JDBC Connection [conn4: url=jdbc:h2:mem:activiti user=SA]
10:44:56,545 [main] DEBUG org.activiti.engine.impl.cfg.standalone.StandaloneMybatisTransactionContext  - firing event committed...
10:44:56,545 [main] DEBUG org.apache.ibatis.transaction.jdbc.JdbcTransaction  - Resetting autocommit to true on JDBC Connection [conn4: url=jdbc:h2:mem:activiti user=SA]
10:44:56,545 [main] DEBUG org.apache.ibatis.transaction.jdbc.JdbcTransaction  - Closing JDBC Connection [conn4: url=jdbc:h2:mem:activiti user=SA]
10:44:56,545 [main] DEBUG org.apache.ibatis.datasource.pooled.PooledDataSource  - Returned connection 297240765 to pool.
10:44:56,545 [main] DEBUG org.activiti.engine.impl.interceptor.LogInterceptor  - --- DeleteUserCmd finished --------------------------------------------------------
10:44:56,545 [main] DEBUG org.activiti.engine.impl.interceptor.LogInterceptor  - 

10:44:56,545 [main] DEBUG org.activiti.engine.impl.interceptor.LogInterceptor  - 

10:44:56,545 [main] DEBUG org.activiti.engine.impl.interceptor.LogInterceptor  - --- starting DeleteUserCmd --------------------------------------------------------
10:44:56,545 [main] DEBUG org.apache.ibatis.transaction.jdbc.JdbcTransaction  - Opening JDBC Connection
10:44:56,545 [main] DEBUG org.apache.ibatis.datasource.pooled.PooledDataSource  - Checked out connection 363509958 from pool.
10:44:56,545 [main] DEBUG org.apache.ibatis.transaction.jdbc.JdbcTransaction  - Setting autocommit to false on JDBC Connection [conn2: url=jdbc:h2:mem:activiti user=SA]
10:44:56,545 [main] DEBUG org.activiti.engine.impl.persistence.entity.UserEntity.selectUserById  - ==&gt;  Preparing: select * from ACT_ID_USER where ID_ = ? 
10:44:56,545 [main] DEBUG org.activiti.engine.impl.persistence.entity.UserEntity.selectUserById  - ==&gt; Parameters: mispiggy(String)
10:44:56,545 [main] DEBUG org.activiti.engine.impl.persistence.entity.UserEntity.selectUserById  - &lt;==      Total: 1
10:44:56,545 [main] DEBUG org.activiti.engine.impl.persistence.entity.IdentityInfoEntity.selectIdentityInfoByUserId  - ==&gt;  Preparing: select * from ACT_ID_INFO where USER_ID_ = ? 
10:44:56,545 [main] DEBUG org.activiti.engine.impl.persistence.entity.IdentityInfoEntity.selectIdentityInfoByUserId  - ==&gt; Parameters: mispiggy(String)
10:44:56,545 [main] DEBUG org.activiti.engine.impl.persistence.entity.IdentityInfoEntity.selectIdentityInfoByUserId  - &lt;==      Total: 0
10:44:56,545 [main] DEBUG org.activiti.engine.impl.db.DbSqlSession  -   bulk delete: deleteMembershipsByUserId(mispiggy)
10:44:56,545 [main] DEBUG org.activiti.engine.impl.db.DbSqlSession  -   delete org.activiti.engine.impl.persistence.entity.UserEntity@2b38b1f
10:44:56,545 [main] DEBUG org.activiti.engine.impl.db.DbSqlSession  - flush summary: 0 insert, 0 update, 2 delete.
10:44:56,545 [main] DEBUG org.activiti.engine.impl.db.DbSqlSession  - now executing flush...
10:44:56,545 [main] DEBUG org.activiti.engine.impl.db.DbSqlSession  - executing: bulk delete: deleteMembershipsByUserId(mispiggy)
10:44:56,545 [main] DEBUG org.activiti.engine.impl.persistence.entity.MembershipRelation.deleteMembershipsByUserId  - ==&gt;  Preparing: delete from ACT_ID_MEMBERSHIP where USER_ID_ = ? 
10:44:56,545 [main] DEBUG org.activiti.engine.impl.persistence.entity.MembershipRelation.deleteMembershipsByUserId  - ==&gt; Parameters: mispiggy(String)
10:44:56,545 [main] DEBUG org.activiti.engine.impl.persistence.entity.MembershipRelation.deleteMembershipsByUserId  - &lt;==    Updates: 2
10:44:56,545 [main] DEBUG org.activiti.engine.impl.db.DbSqlSession  - executing: delete org.activiti.engine.impl.persistence.entity.UserEntity@2b38b1f
10:44:56,545 [main] DEBUG org.activiti.engine.impl.persistence.entity.UserEntity.deleteUser  - ==&gt;  Preparing: delete from ACT_ID_USER where ID_ = ? and REV_ = ? 
10:44:56,545 [main] DEBUG org.activiti.engine.impl.persistence.entity.UserEntity.deleteUser  - ==&gt; Parameters: mispiggy(String), 1(Integer)
10:44:56,545 [main] DEBUG org.activiti.engine.impl.persistence.entity.UserEntity.deleteUser  - &lt;==    Updates: 1
10:44:56,545 [main] DEBUG org.activiti.engine.impl.cfg.standalone.StandaloneMybatisTransactionContext  - firing event committing...
10:44:56,545 [main] DEBUG org.activiti.engine.impl.cfg.standalone.StandaloneMybatisTransactionContext  - committing the ibatis sql session...
10:44:56,545 [main] DEBUG org.apache.ibatis.transaction.jdbc.JdbcTransaction  - Committing JDBC Connection [conn2: url=jdbc:h2:mem:activiti user=SA]
10:44:56,545 [main] DEBUG org.activiti.engine.impl.cfg.standalone.StandaloneMybatisTransactionContext  - firing event committed...
10:44:56,545 [main] DEBUG org.apache.ibatis.transaction.jdbc.JdbcTransaction  - Resetting autocommit to true on JDBC Connection [conn2: url=jdbc:h2:mem:activiti user=SA]
10:44:56,545 [main] DEBUG org.apache.ibatis.transaction.jdbc.JdbcTransaction  - Closing JDBC Connection [conn2: url=jdbc:h2:mem:activiti user=SA]
10:44:56,545 [main] DEBUG org.apache.ibatis.datasource.pooled.PooledDataSource  - Returned connection 363509958 to pool.
10:44:56,545 [main] DEBUG org.activiti.engine.impl.interceptor.LogInterceptor  - --- DeleteUserCmd finished --------------------------------------------------------
10:44:56,545 [main] DEBUG org.activiti.engine.impl.interceptor.LogInterceptor  - 

10:44:56,545 [main] DEBUG org.activiti.engine.impl.interceptor.LogInterceptor  - 

10:44:56,545 [main] DEBUG org.activiti.engine.impl.interceptor.LogInterceptor  - --- starting DeleteGroupCmd --------------------------------------------------------
10:44:56,546 [main] DEBUG org.apache.ibatis.transaction.jdbc.JdbcTransaction  - Opening JDBC Connection
10:44:56,546 [main] DEBUG org.apache.ibatis.datasource.pooled.PooledDataSource  - Checked out connection 180014677 from pool.
10:44:56,546 [main] DEBUG org.apache.ibatis.transaction.jdbc.JdbcTransaction  - Setting autocommit to false on JDBC Connection [conn3: url=jdbc:h2:mem:activiti user=SA]
10:44:56,546 [main] DEBUG org.activiti.engine.impl.persistence.entity.GroupEntity.selectGroup  - ==&gt;  Preparing: select * from ACT_ID_GROUP where ID_ = ? 
10:44:56,546 [main] DEBUG org.activiti.engine.impl.persistence.entity.GroupEntity.selectGroup  - ==&gt; Parameters: muppets(String)
10:44:56,546 [main] DEBUG org.activiti.engine.impl.persistence.entity.GroupEntity.selectGroup  - &lt;==      Total: 1
10:44:56,546 [main] DEBUG org.activiti.engine.impl.db.DbSqlSession  -   bulk delete: deleteMembershipsByGroupId(muppets)
10:44:56,546 [main] DEBUG org.activiti.engine.impl.db.DbSqlSession  -   delete org.activiti.engine.impl.persistence.entity.GroupEntity@1d50a7ca
10:44:56,546 [main] DEBUG org.activiti.engine.impl.db.DbSqlSession  - flush summary: 0 insert, 0 update, 2 delete.
10:44:56,546 [main] DEBUG org.activiti.engine.impl.db.DbSqlSession  - now executing flush...
10:44:56,546 [main] DEBUG org.activiti.engine.impl.db.DbSqlSession  - executing: bulk delete: deleteMembershipsByGroupId(muppets)
10:44:56,546 [main] DEBUG org.activiti.engine.impl.persistence.entity.MembershipRelation.deleteMembershipsByGroupId  - ==&gt;  Preparing: delete from ACT_ID_MEMBERSHIP where GROUP_ID_ = ? 
10:44:56,546 [main] DEBUG org.activiti.engine.impl.persistence.entity.MembershipRelation.deleteMembershipsByGroupId  - ==&gt; Parameters: muppets(String)
10:44:56,546 [main] DEBUG org.activiti.engine.impl.persistence.entity.MembershipRelation.deleteMembershipsByGroupId  - &lt;==    Updates: 0
10:44:56,546 [main] DEBUG org.activiti.engine.impl.db.DbSqlSession  - executing: delete org.activiti.engine.impl.persistence.entity.GroupEntity@1d50a7ca
10:44:56,546 [main] DEBUG org.activiti.engine.impl.persistence.entity.GroupEntity.deleteGroup  - ==&gt;  Preparing: delete from ACT_ID_GROUP where ID_ = ? and REV_ = ? 
10:44:56,546 [main] DEBUG org.activiti.engine.impl.persistence.entity.GroupEntity.deleteGroup  - ==&gt; Parameters: muppets(String), 1(Integer)
10:44:56,546 [main] DEBUG org.activiti.engine.impl.persistence.entity.GroupEntity.deleteGroup  - &lt;==    Updates: 1
10:44:56,546 [main] DEBUG org.activiti.engine.impl.cfg.standalone.StandaloneMybatisTransactionContext  - firing event committing...
10:44:56,546 [main] DEBUG org.activiti.engine.impl.cfg.standalone.StandaloneMybatisTransactionContext  - committing the ibatis sql session...
10:44:56,546 [main] DEBUG org.apache.ibatis.transaction.jdbc.JdbcTransaction  - Committing JDBC Connection [conn3: url=jdbc:h2:mem:activiti user=SA]
10:44:56,546 [main] DEBUG org.activiti.engine.impl.cfg.standalone.StandaloneMybatisTransactionContext  - firing event committed...
10:44:56,546 [main] DEBUG org.apache.ibatis.transaction.jdbc.JdbcTransaction  - Resetting autocommit to true on JDBC Connection [conn3: url=jdbc:h2:mem:activiti user=SA]
10:44:56,546 [main] DEBUG org.apache.ibatis.transaction.jdbc.JdbcTransaction  - Closing JDBC Connection [conn3: url=jdbc:h2:mem:activiti user=SA]
10:44:56,546 [main] DEBUG org.apache.ibatis.datasource.pooled.PooledDataSource  - Returned connection 180014677 to pool.
10:44:56,546 [main] DEBUG org.activiti.engine.impl.interceptor.LogInterceptor  - --- DeleteGroupCmd finished --------------------------------------------------------
10:44:56,546 [main] DEBUG org.activiti.engine.impl.interceptor.LogInterceptor  - 

10:44:56,546 [main] DEBUG org.activiti.engine.impl.interceptor.LogInterceptor  - 

10:44:56,546 [main] DEBUG org.activiti.engine.impl.interceptor.LogInterceptor  - --- starting DeleteGroupCmd --------------------------------------------------------
10:44:56,546 [main] DEBUG org.apache.ibatis.transaction.jdbc.JdbcTransaction  - Opening JDBC Connection
10:44:56,546 [main] DEBUG org.apache.ibatis.datasource.pooled.PooledDataSource  - Checked out connection 297240765 from pool.
10:44:56,546 [main] DEBUG org.apache.ibatis.transaction.jdbc.JdbcTransaction  - Setting autocommit to false on JDBC Connection [conn4: url=jdbc:h2:mem:activiti user=SA]
10:44:56,546 [main] DEBUG org.activiti.engine.impl.persistence.entity.GroupEntity.selectGroup  - ==&gt;  Preparing: select * from ACT_ID_GROUP where ID_ = ? 
10:44:56,546 [main] DEBUG org.activiti.engine.impl.persistence.entity.GroupEntity.selectGroup  - ==&gt; Parameters: mammals(String)
10:44:56,546 [main] DEBUG org.activiti.engine.impl.persistence.entity.GroupEntity.selectGroup  - &lt;==      Total: 1
10:44:56,546 [main] DEBUG org.activiti.engine.impl.db.DbSqlSession  -   bulk delete: deleteMembershipsByGroupId(mammals)
10:44:56,546 [main] DEBUG org.activiti.engine.impl.db.DbSqlSession  -   delete org.activiti.engine.impl.persistence.entity.GroupEntity@51ab1ee3
10:44:56,546 [main] DEBUG org.activiti.engine.impl.db.DbSqlSession  - flush summary: 0 insert, 0 update, 2 delete.
10:44:56,546 [main] DEBUG org.activiti.engine.impl.db.DbSqlSession  - now executing flush...
10:44:56,546 [main] DEBUG org.activiti.engine.impl.db.DbSqlSession  - executing: bulk delete: deleteMembershipsByGroupId(mammals)
10:44:56,546 [main] DEBUG org.activiti.engine.impl.persistence.entity.MembershipRelation.deleteMembershipsByGroupId  - ==&gt;  Preparing: delete from ACT_ID_MEMBERSHIP where GROUP_ID_ = ? 
10:44:56,546 [main] DEBUG org.activiti.engine.impl.persistence.entity.MembershipRelation.deleteMembershipsByGroupId  - ==&gt; Parameters: mammals(String)
10:44:56,546 [main] DEBUG org.activiti.engine.impl.persistence.entity.MembershipRelation.deleteMembershipsByGroupId  - &lt;==    Updates: 0
10:44:56,546 [main] DEBUG org.activiti.engine.impl.db.DbSqlSession  - executing: delete org.activiti.engine.impl.persistence.entity.GroupEntity@51ab1ee3
10:44:56,546 [main] DEBUG org.activiti.engine.impl.persistence.entity.GroupEntity.deleteGroup  - ==&gt;  Preparing: delete from ACT_ID_GROUP where ID_ = ? and REV_ = ? 
10:44:56,546 [main] DEBUG org.activiti.engine.impl.persistence.entity.GroupEntity.deleteGroup  - ==&gt; Parameters: mammals(String), 1(Integer)
10:44:56,546 [main] DEBUG org.activiti.engine.impl.persistence.entity.GroupEntity.deleteGroup  - &lt;==    Updates: 1
10:44:56,546 [main] DEBUG org.activiti.engine.impl.cfg.standalone.StandaloneMybatisTransactionContext  - firing event committing...
10:44:56,546 [main] DEBUG org.activiti.engine.impl.cfg.standalone.StandaloneMybatisTransactionContext  - committing the ibatis sql session...
10:44:56,546 [main] DEBUG org.apache.ibatis.transaction.jdbc.JdbcTransaction  - Committing JDBC Connection [conn4: url=jdbc:h2:mem:activiti user=SA]
10:44:56,546 [main] DEBUG org.activiti.engine.impl.cfg.standalone.StandaloneMybatisTransactionContext  - firing event committed...
10:44:56,546 [main] DEBUG org.apache.ibatis.transaction.jdbc.JdbcTransaction  - Resetting autocommit to true on JDBC Connection [conn4: url=jdbc:h2:mem:activiti user=SA]
10:44:56,546 [main] DEBUG org.apache.ibatis.transaction.jdbc.JdbcTransaction  - Closing JDBC Connection [conn4: url=jdbc:h2:mem:activiti user=SA]
10:44:56,546 [main] DEBUG org.apache.ibatis.datasource.pooled.PooledDataSource  - Returned connection 297240765 to pool.
10:44:56,546 [main] DEBUG org.activiti.engine.impl.interceptor.LogInterceptor  - --- DeleteGroupCmd finished --------------------------------------------------------
10:44:56,546 [main] DEBUG org.activiti.engine.impl.interceptor.LogInterceptor  - 

10:44:56,546 [main] DEBUG org.activiti.engine.impl.interceptor.LogInterceptor  - 

10:44:56,546 [main] DEBUG org.activiti.engine.impl.interceptor.LogInterceptor  - --- starting DeleteGroupCmd --------------------------------------------------------
10:44:56,546 [main] DEBUG org.apache.ibatis.transaction.jdbc.JdbcTransaction  - Opening JDBC Connection
10:44:56,546 [main] DEBUG org.apache.ibatis.datasource.pooled.PooledDataSource  - Checked out connection 363509958 from pool.
10:44:56,546 [main] DEBUG org.apache.ibatis.transaction.jdbc.JdbcTransaction  - Setting autocommit to false on JDBC Connection [conn2: url=jdbc:h2:mem:activiti user=SA]
10:44:56,546 [main] DEBUG org.activiti.engine.impl.persistence.entity.GroupEntity.selectGroup  - ==&gt;  Preparing: select * from ACT_ID_GROUP where ID_ = ? 
10:44:56,546 [main] DEBUG org.activiti.engine.impl.persistence.entity.GroupEntity.selectGroup  - ==&gt; Parameters: frogs(String)
10:44:56,546 [main] DEBUG org.activiti.engine.impl.persistence.entity.GroupEntity.selectGroup  - &lt;==      Total: 1
10:44:56,546 [main] DEBUG org.activiti.engine.impl.db.DbSqlSession  -   bulk delete: deleteMembershipsByGroupId(frogs)
10:44:56,546 [main] DEBUG org.activiti.engine.impl.db.DbSqlSession  -   delete org.activiti.engine.impl.persistence.entity.GroupEntity@2e766822
10:44:56,546 [main] DEBUG org.activiti.engine.impl.db.DbSqlSession  - flush summary: 0 insert, 0 update, 2 delete.
10:44:56,546 [main] DEBUG org.activiti.engine.impl.db.DbSqlSession  - now executing flush...
10:44:56,546 [main] DEBUG org.activiti.engine.impl.db.DbSqlSession  - executing: bulk delete: deleteMembershipsByGroupId(frogs)
10:44:56,546 [main] DEBUG org.activiti.engine.impl.persistence.entity.MembershipRelation.deleteMembershipsByGroupId  - ==&gt;  Preparing: delete from ACT_ID_MEMBERSHIP where GROUP_ID_ = ? 
10:44:56,546 [main] DEBUG org.activiti.engine.impl.persistence.entity.MembershipRelation.deleteMembershipsByGroupId  - ==&gt; Parameters: frogs(String)
10:44:56,546 [main] DEBUG org.activiti.engine.impl.persistence.entity.MembershipRelation.deleteMembershipsByGroupId  - &lt;==    Updates: 0
10:44:56,546 [main] DEBUG org.activiti.engine.impl.db.DbSqlSession  - executing: delete org.activiti.engine.impl.persistence.entity.GroupEntity@2e766822
10:44:56,546 [main] DEBUG org.activiti.engine.impl.persistence.entity.GroupEntity.deleteGroup  - ==&gt;  Preparing: delete from ACT_ID_GROUP where ID_ = ? and REV_ = ? 
10:44:56,546 [main] DEBUG org.activiti.engine.impl.persistence.entity.GroupEntity.deleteGroup  - ==&gt; Parameters: frogs(String), 1(Integer)
10:44:56,546 [main] DEBUG org.activiti.engine.impl.persistence.entity.GroupEntity.deleteGroup  - &lt;==    Updates: 1
10:44:56,546 [main] DEBUG org.activiti.engine.impl.cfg.standalone.StandaloneMybatisTransactionContext  - firing event committing...
10:44:56,546 [main] DEBUG org.activiti.engine.impl.cfg.standalone.StandaloneMybatisTransactionContext  - committing the ibatis sql session...
10:44:56,546 [main] DEBUG org.apache.ibatis.transaction.jdbc.JdbcTransaction  - Committing JDBC Connection [conn2: url=jdbc:h2:mem:activiti user=SA]
10:44:56,546 [main] DEBUG org.activiti.engine.impl.cfg.standalone.StandaloneMybatisTransactionContext  - firing event committed...
10:44:56,546 [main] DEBUG org.apache.ibatis.transaction.jdbc.JdbcTransaction  - Resetting autocommit to true on JDBC Connection [conn2: url=jdbc:h2:mem:activiti user=SA]
10:44:56,546 [main] DEBUG org.apache.ibatis.transaction.jdbc.JdbcTransaction  - Closing JDBC Connection [conn2: url=jdbc:h2:mem:activiti user=SA]
10:44:56,546 [main] DEBUG org.apache.ibatis.datasource.pooled.PooledDataSource  - Returned connection 363509958 to pool.
10:44:56,546 [main] DEBUG org.activiti.engine.impl.interceptor.LogInterceptor  - --- DeleteGroupCmd finished --------------------------------------------------------
10:44:56,546 [main] DEBUG org.activiti.engine.impl.interceptor.LogInterceptor  - 

10:44:56,546 [main] DEBUG org.activiti.engine.impl.interceptor.LogInterceptor  - 

10:44:56,546 [main] DEBUG org.activiti.engine.impl.interceptor.LogInterceptor  - --- starting DeleteGroupCmd --------------------------------------------------------
10:44:56,547 [main] DEBUG org.apache.ibatis.transaction.jdbc.JdbcTransaction  - Opening JDBC Connection
10:44:56,547 [main] DEBUG org.apache.ibatis.datasource.pooled.PooledDataSource  - Checked out connection 180014677 from pool.
10:44:56,547 [main] DEBUG org.apache.ibatis.transaction.jdbc.JdbcTransaction  - Setting autocommit to false on JDBC Connection [conn3: url=jdbc:h2:mem:activiti user=SA]
10:44:56,547 [main] DEBUG org.activiti.engine.impl.persistence.entity.GroupEntity.selectGroup  - ==&gt;  Preparing: select * from ACT_ID_GROUP where ID_ = ? 
10:44:56,547 [main] DEBUG org.activiti.engine.impl.persistence.entity.GroupEntity.selectGroup  - ==&gt; Parameters: admin(String)
10:44:56,547 [main] DEBUG org.activiti.engine.impl.persistence.entity.GroupEntity.selectGroup  - &lt;==      Total: 1
10:44:56,547 [main] DEBUG org.activiti.engine.impl.db.DbSqlSession  -   bulk delete: deleteMembershipsByGroupId(admin)
10:44:56,547 [main] DEBUG org.activiti.engine.impl.db.DbSqlSession  -   delete org.activiti.engine.impl.persistence.entity.GroupEntity@3003e580
10:44:56,547 [main] DEBUG org.activiti.engine.impl.db.DbSqlSession  - flush summary: 0 insert, 0 update, 2 delete.
10:44:56,547 [main] DEBUG org.activiti.engine.impl.db.DbSqlSession  - now executing flush...
10:44:56,547 [main] DEBUG org.activiti.engine.impl.db.DbSqlSession  - executing: bulk delete: deleteMembershipsByGroupId(admin)
10:44:56,547 [main] DEBUG org.activiti.engine.impl.persistence.entity.MembershipRelation.deleteMembershipsByGroupId  - ==&gt;  Preparing: delete from ACT_ID_MEMBERSHIP where GROUP_ID_ = ? 
10:44:56,547 [main] DEBUG org.activiti.engine.impl.persistence.entity.MembershipRelation.deleteMembershipsByGroupId  - ==&gt; Parameters: admin(String)
10:44:56,547 [main] DEBUG org.activiti.engine.impl.persistence.entity.MembershipRelation.deleteMembershipsByGroupId  - &lt;==    Updates: 0
10:44:56,547 [main] DEBUG org.activiti.engine.impl.db.DbSqlSession  - executing: delete org.activiti.engine.impl.persistence.entity.GroupEntity@3003e580
10:44:56,547 [main] DEBUG org.activiti.engine.impl.persistence.entity.GroupEntity.deleteGroup  - ==&gt;  Preparing: delete from ACT_ID_GROUP where ID_ = ? and REV_ = ? 
10:44:56,547 [main] DEBUG org.activiti.engine.impl.persistence.entity.GroupEntity.deleteGroup  - ==&gt; Parameters: admin(String), 1(Integer)
10:44:56,547 [main] DEBUG org.activiti.engine.impl.persistence.entity.GroupEntity.deleteGroup  - &lt;==    Updates: 1
10:44:56,547 [main] DEBUG org.activiti.engine.impl.cfg.standalone.StandaloneMybatisTransactionContext  - firing event committing...
10:44:56,547 [main] DEBUG org.activiti.engine.impl.cfg.standalone.StandaloneMybatisTransactionContext  - committing the ibatis sql session...
10:44:56,547 [main] DEBUG org.apache.ibatis.transaction.jdbc.JdbcTransaction  - Committing JDBC Connection [conn3: url=jdbc:h2:mem:activiti user=SA]
10:44:56,547 [main] DEBUG org.activiti.engine.impl.cfg.standalone.StandaloneMybatisTransactionContext  - firing event committed...
10:44:56,547 [main] DEBUG org.apache.ibatis.transaction.jdbc.JdbcTransaction  - Resetting autocommit to true on JDBC Connection [conn3: url=jdbc:h2:mem:activiti user=SA]
10:44:56,547 [main] DEBUG org.apache.ibatis.transaction.jdbc.JdbcTransaction  - Closing JDBC Connection [conn3: url=jdbc:h2:mem:activiti user=SA]
10:44:56,547 [main] DEBUG org.apache.ibatis.datasource.pooled.PooledDataSource  - Returned connection 180014677 to pool.
10:44:56,547 [main] DEBUG org.activiti.engine.impl.interceptor.LogInterceptor  - --- DeleteGroupCmd finished --------------------------------------------------------
10:44:56,547 [main] DEBUG org.activiti.engine.impl.interceptor.LogInterceptor  - 

10:44:56,547 [main] ERROR org.activiti.engine.impl.test.PvmTestCase  - 

10:44:56,547 [main] ERROR org.activiti.engine.impl.test.PvmTestCase  - EXCEPTION: org.apache.ibatis.exceptions.PersistenceException: 
### Error querying database.  Cause: org.h2.jdbc.JdbcSQLException: Syntax error in SQL statement &quot;SELECT RES.* 
     
    FROM ACT_ID_GROUP RES
     
     WHERE  RES.TYPE_ = ? 
   
     ORDER BY  ORDER[*] BY RES.ID_ ASC  
    LIMIT ? OFFSET ? &quot;; expected &quot;=, NOT, EXISTS, INTERSECTS, SELECT, FROM&quot;; SQL statement:
select RES.* 
     
    from ACT_ID_GROUP RES
     
     WHERE  RES.TYPE_ = ? 
   
     order by  order by RES.ID_ asc  
    LIMIT ? OFFSET ? [42001-176]
### The error may exist in org/activiti/db/mapping/entity/Group.xml
### The error may involve org.activiti.engine.impl.persistence.entity.GroupEntity.selectGroupByQueryCriteria
### The error occurred while executing a query
### SQL: select RES.*            from ACT_ID_GROUP RES            WHERE  RES.TYPE_ = ?           order by  order by RES.ID_ asc       LIMIT ? OFFSET ?
### Cause: org.h2.jdbc.JdbcSQLException: Syntax error in SQL statement &quot;SELECT RES.* 
     
    FROM ACT_ID_GROUP RES
     
     WHERE  RES.TYPE_ = ? 
   
     ORDER BY  ORDER[*] BY RES.ID_ ASC  
    LIMIT ? OFFSET ? &quot;; expected &quot;=, NOT, EXISTS, INTERSECTS, SELECT, FROM&quot;; SQL statement:
select RES.* 
     
    from ACT_ID_GROUP RES
     
     WHERE  RES.TYPE_ = ? 
   
     order by  order by RES.ID_ asc  
    LIMIT ? OFFSET ? [42001-176]
org.apache.ibatis.exceptions.PersistenceException: 
### Error querying database.  Cause: org.h2.jdbc.JdbcSQLException: Syntax error in SQL statement &quot;SELECT RES.* 
     
    FROM ACT_ID_GROUP RES
     
     WHERE  RES.TYPE_ = ? 
   
     ORDER BY  ORDER[*] BY RES.ID_ ASC  
    LIMIT ? OFFSET ? &quot;; expected &quot;=, NOT, EXISTS, INTERSECTS, SELECT, FROM&quot;; SQL statement:
select RES.* 
     
    from ACT_ID_GROUP RES
     
     WHERE  RES.TYPE_ = ? 
   
     order by  order by RES.ID_ asc  
    LIMIT ? OFFSET ? [42001-176]
### The error may exist in org/activiti/db/mapping/entity/Group.xml
### The error may involve org.activiti.engine.impl.persistence.entity.GroupEntity.selectGroupByQueryCriteria
### The error occurred while executing a query
### SQL: select RES.*            from ACT_ID_GROUP RES            WHERE  RES.TYPE_ = ?           order by  order by RES.ID_ asc       LIMIT ? OFFSET ?
### Cause: org.h2.jdbc.JdbcSQLException: Syntax error in SQL statement &quot;SELECT RES.* 
     
    FROM ACT_ID_GROUP RES
     
     WHERE  RES.TYPE_ = ? 
   
     ORDER BY  ORDER[*] BY RES.ID_ ASC  
    LIMIT ? OFFSET ? &quot;; expected &quot;=, NOT, EXISTS, INTERSECTS, SELECT, FROM&quot;; SQL statement:
select RES.* 
     
    from ACT_ID_GROUP RES
     
     WHERE  RES.TYPE_ = ? 
   
     order by  order by RES.ID_ asc  
    LIMIT ? OFFSET ? [42001-176]
	at org.apache.ibatis.exceptions.ExceptionFactory.wrapException(ExceptionFactory.java:30)
	at org.apache.ibatis.session.defaults.DefaultSqlSession.selectList(DefaultSqlSession.java:122)
	at org.apache.ibatis.session.defaults.DefaultSqlSession.selectList(DefaultSqlSession.java:113)
	at org.activiti.engine.impl.db.DbSqlSession.selectListWithRawParameter(DbSqlSession.java:438)
	at org.activiti.engine.impl.db.DbSqlSession.selectList(DbSqlSession.java:429)
	at org.activiti.engine.impl.db.DbSqlSession.selectList(DbSqlSession.java:419)
	at org.activiti.engine.impl.persistence.entity.GroupEntityManager.findGroupByQueryCriteria(GroupEntityManager.java:90)
	at org.activiti.engine.impl.GroupQueryImpl.executeList(GroupQueryImpl.java:125)
	at org.activiti.engine.impl.AbstractQuery.execute(AbstractQuery.java:164)
	at org.activiti.engine.impl.interceptor.CommandInvoker.execute(CommandInvoker.java:24)
	at org.activiti.engine.impl.interceptor.CommandContextInterceptor.execute(CommandContextInterceptor.java:57)
	at org.activiti.engine.impl.interceptor.LogInterceptor.execute(LogInterceptor.java:37)
	at org.activiti.engine.impl.cfg.CommandExecutorImpl.execute(CommandExecutorImpl.java:40)
	at org.activiti.engine.impl.cfg.CommandExecutorImpl.execute(CommandExecutorImpl.java:35)
	at org.activiti.engine.impl.AbstractQuery.list(AbstractQuery.java:138)
	at org.activiti.engine.test.api.identity.GroupQueryTest.verifyQueryResults(GroupQueryTest.java:221)
	at org.activiti.engine.test.api.identity.GroupQueryTest.testQueryByType(GroupQueryTest.java:134)
	at sun.reflect.NativeMethodAccessorImpl.invoke0(Native Method)
	at sun.reflect.NativeMethodAccessorImpl.invoke(NativeMethodAccessorImpl.java:62)
	at sun.reflect.DelegatingMethodAccessorImpl.invoke(DelegatingMethodAccessorImpl.java:43)
	at java.lang.reflect.Method.invoke(Method.java:498)
	at junit.framework.TestCase.runTest(TestCase.java:176)
	at org.activiti.engine.impl.test.PvmTestCase.runTest(PvmTestCase.java:65)
	at junit.framework.TestCase.runBare(TestCase.java:141)
	at org.activiti.engine.impl.test.AbstractActivitiTestCase.runBare(AbstractActivitiTestCase.java:100)
	at junit.framework.TestResult$1.protect(TestResult.java:122)
	at junit.framework.TestResult.runProtected(TestResult.java:142)
	at junit.framework.TestResult.run(TestResult.java:125)
	at junit.framework.TestCase.run(TestCase.java:129)
	at junit.framework.TestSuite.runTest(TestSuite.java:255)
	at junit.framework.TestSuite.run(TestSuite.java:250)
	at org.junit.internal.runners.JUnit38ClassRunner.run(JUnit38ClassRunner.java:84)
	at org.apache.maven.surefire.junit4.JUnit4TestSet.execute(JUnit4TestSet.java:35)
	at org.apache.maven.surefire.junit4.JUnit4Provider.executeTestSet(JUnit4Provider.java:146)
	at org.apache.maven.surefire.junit4.JUnit4Provider.invoke(JUnit4Provider.java:97)
	at sun.reflect.NativeMethodAccessorImpl.invoke0(Native Method)
	at sun.reflect.NativeMethodAccessorImpl.invoke(NativeMethodAccessorImpl.java:62)
	at sun.reflect.DelegatingMethodAccessorImpl.invoke(DelegatingMethodAccessorImpl.java:43)
	at java.lang.reflect.Method.invoke(Method.java:498)
	at org.apache.maven.surefire.booter.ProviderFactory$ClassLoaderProxy.invoke(ProviderFactory.java:103)
	at com.sun.proxy.$Proxy0.invoke(Unknown Source)
	at org.apache.maven.surefire.booter.SurefireStarter.invokeProvider(SurefireStarter.java:145)
	at org.apache.maven.surefire.booter.SurefireStarter.runSuitesInProcess(SurefireStarter.java:87)
	at org.apache.maven.surefire.booter.ForkedBooter.main(ForkedBooter.java:69)
Caused by: org.h2.jdbc.JdbcSQLException: Syntax error in SQL statement &quot;SELECT RES.* 
     
    FROM ACT_ID_GROUP RES
     
     WHERE  RES.TYPE_ = ? 
   
     ORDER BY  ORDER[*] BY RES.ID_ ASC  
    LIMIT ? OFFSET ? &quot;; expected &quot;=, NOT, EXISTS, INTERSECTS, SELECT, FROM&quot;; SQL statement:
select RES.* 
     
    from ACT_ID_GROUP RES
     
     WHERE  RES.TYPE_ = ? 
   
     order by  order by RES.ID_ asc  
    LIMIT ? OFFSET ? [42001-176]
	at org.h2.message.DbException.getJdbcSQLException(DbException.java:344)
	at org.h2.message.DbException.getSyntaxError(DbException.java:204)
	at org.h2.command.Parser.getSyntaxError(Parser.java:524)
	at org.h2.command.Parser.readTerm(Parser.java:2688)
	at org.h2.command.Parser.readFactor(Parser.java:2244)
	at org.h2.command.Parser.readSum(Parser.java:2231)
	at org.h2.command.Parser.readConcat(Parser.java:2201)
	at org.h2.command.Parser.readCondition(Parser.java:2051)
	at org.h2.command.Parser.readAnd(Parser.java:2023)
	at org.h2.command.Parser.readExpression(Parser.java:2015)
	at org.h2.command.Parser.parseEndOfQuery(Parser.java:1726)
	at org.h2.command.Parser.parseSelectUnionExtension(Parser.java:1706)
	at org.h2.command.Parser.parseSelectUnion(Parser.java:1675)
	at org.h2.command.Parser.parseSelect(Parser.java:1662)
	at org.h2.command.Parser.parsePrepared(Parser.java:434)
	at org.h2.command.Parser.parse(Parser.java:306)
	at org.h2.command.Parser.parse(Parser.java:282)
	at org.h2.command.Parser.prepareCommand(Parser.java:243)
	at org.h2.engine.Session.prepareLocal(Session.java:442)
	at org.h2.engine.Session.prepareCommand(Session.java:384)
	at org.h2.jdbc.JdbcConnection.prepareCommand(JdbcConnection.java:1188)
	at org.h2.jdbc.JdbcPreparedStatement.&lt;init&gt;(JdbcPreparedStatement.java:73)
	at org.h2.jdbc.JdbcConnection.prepareStatement(JdbcConnection.java:276)
	at sun.reflect.GeneratedMethodAccessor6.invoke(Unknown Source)
	at sun.reflect.DelegatingMethodAccessorImpl.invoke(DelegatingMethodAccessorImpl.java:43)
	at java.lang.reflect.Method.invoke(Method.java:498)
	at org.apache.ibatis.datasource.pooled.PooledConnection.invoke(PooledConnection.java:245)
	at com.sun.proxy.$Proxy12.prepareStatement(Unknown Source)
	at sun.reflect.GeneratedMethodAccessor6.invoke(Unknown Source)
	at sun.reflect.DelegatingMethodAccessorImpl.invoke(DelegatingMethodAccessorImpl.java:43)
	at java.lang.reflect.Method.invoke(Method.java:498)
	at org.apache.ibatis.logging.jdbc.ConnectionLogger.invoke(ConnectionLogger.java:55)
	at com.sun.proxy.$Proxy12.prepareStatement(Unknown Source)
	at org.apache.ibatis.executor.statement.PreparedStatementHandler.instantiateStatement(PreparedStatementHandler.java:79)
	at org.apache.ibatis.executor.statement.BaseStatementHandler.prepare(BaseStatementHandler.java:88)
	at org.apache.ibatis.executor.statement.RoutingStatementHandler.prepare(RoutingStatementHandler.java:58)
	at org.apache.ibatis.executor.SimpleExecutor.prepareStatement(SimpleExecutor.java:76)
	at org.apache.ibatis.executor.SimpleExecutor.doQuery(SimpleExecutor.java:61)
	at org.apache.ibatis.executor.BaseExecutor.queryFromDatabase(BaseExecutor.java:303)
	at org.apache.ibatis.executor.BaseExecutor.query(BaseExecutor.java:154)
	at org.apache.ibatis.executor.CachingExecutor.query(CachingExecutor.java:102)
	at org.apache.ibatis.executor.CachingExecutor.query(CachingExecutor.java:82)
	at org.apache.ibatis.session.defaults.DefaultSqlSession.selectList(DefaultSqlSession.java:120)
	... 42 more
10:44:56,547 [main] DEBUG org.activiti.engine.impl.test.PvmTestCase  - verifying that db is clean after test
10:44:56,547 [main] DEBUG org.activiti.engine.impl.interceptor.LogInterceptor  - 

10:44:56,547 [main] DEBUG org.activiti.engine.impl.interceptor.LogInterceptor  - --- starting GetTableCountCmd --------------------------------------------------------
10:44:56,547 [main] DEBUG org.apache.ibatis.transaction.jdbc.JdbcTransaction  - Opening JDBC Connection
10:44:56,547 [main] DEBUG org.apache.ibatis.datasource.pooled.PooledDataSource  - Checked out connection 297240765 from pool.
10:44:56,547 [main] DEBUG org.apache.ibatis.transaction.jdbc.JdbcTransaction  - Setting autocommit to false on JDBC Connection [conn4: url=jdbc:h2:mem:activiti user=SA]
10:44:56,547 [main] DEBUG org.activiti.engine.impl.persistence.entity.TableDataManager  - retrieving activiti tables from jdbc metadata
10:44:56,548 [main] DEBUG org.activiti.engine.impl.persistence.entity.TableDataManager  -   retrieved activiti table name ACT_EVT_LOG
10:44:56,548 [main] DEBUG org.activiti.engine.impl.persistence.entity.TableDataManager  -   retrieved activiti table name ACT_GE_BYTEARRAY
10:44:56,548 [main] DEBUG org.activiti.engine.impl.persistence.entity.TableDataManager  -   retrieved activiti table name ACT_GE_PROPERTY
10:44:56,548 [main] DEBUG org.activiti.engine.impl.persistence.entity.TableDataManager  -   retrieved activiti table name ACT_HI_ACTINST
10:44:56,548 [main] DEBUG org.activiti.engine.impl.persistence.entity.TableDataManager  -   retrieved activiti table name ACT_HI_ATTACHMENT
10:44:56,548 [main] DEBUG org.activiti.engine.impl.persistence.entity.TableDataManager  -   retrieved activiti table name ACT_HI_COMMENT
10:44:56,548 [main] DEBUG org.activiti.engine.impl.persistence.entity.TableDataManager  -   retrieved activiti table name ACT_HI_DETAIL
10:44:56,548 [main] DEBUG org.activiti.engine.impl.persistence.entity.TableDataManager  -   retrieved activiti table name ACT_HI_IDENTITYLINK
10:44:56,548 [main] DEBUG org.activiti.engine.impl.persistence.entity.TableDataManager  -   retrieved activiti table name ACT_HI_PROCINST
10:44:56,548 [main] DEBUG org.activiti.engine.impl.persistence.entity.TableDataManager  -   retrieved activiti table name ACT_HI_TASKINST
10:44:56,548 [main] DEBUG org.activiti.engine.impl.persistence.entity.TableDataManager  -   retrieved activiti table name ACT_HI_VARINST
10:44:56,548 [main] DEBUG org.activiti.engine.impl.persistence.entity.TableDataManager  -   retrieved activiti table name ACT_ID_GROUP
10:44:56,548 [main] DEBUG org.activiti.engine.impl.persistence.entity.TableDataManager  -   retrieved activiti table name ACT_ID_INFO
10:44:56,548 [main] DEBUG org.activiti.engine.impl.persistence.entity.TableDataManager  -   retrieved activiti table name ACT_ID_MEMBERSHIP
10:44:56,548 [main] DEBUG org.activiti.engine.impl.persistence.entity.TableDataManager  -   retrieved activiti table name ACT_ID_USER
10:44:56,548 [main] DEBUG org.activiti.engine.impl.persistence.entity.TableDataManager  -   retrieved activiti table name ACT_PROCDEF_INFO
10:44:56,548 [main] DEBUG org.activiti.engine.impl.persistence.entity.TableDataManager  -   retrieved activiti table name ACT_RE_DEPLOYMENT
10:44:56,548 [main] DEBUG org.activiti.engine.impl.persistence.entity.TableDataManager  -   retrieved activiti table name ACT_RE_MODEL
10:44:56,548 [main] DEBUG org.activiti.engine.impl.persistence.entity.TableDataManager  -   retrieved activiti table name ACT_RE_PROCDEF
10:44:56,548 [main] DEBUG org.activiti.engine.impl.persistence.entity.TableDataManager  -   retrieved activiti table name ACT_RU_EVENT_SUBSCR
10:44:56,548 [main] DEBUG org.activiti.engine.impl.persistence.entity.TableDataManager  -   retrieved activiti table name ACT_RU_EXECUTION
10:44:56,548 [main] DEBUG org.activiti.engine.impl.persistence.entity.TableDataManager  -   retrieved activiti table name ACT_RU_IDENTITYLINK
10:44:56,548 [main] DEBUG org.activiti.engine.impl.persistence.entity.TableDataManager  -   retrieved activiti table name ACT_RU_JOB
10:44:56,548 [main] DEBUG org.activiti.engine.impl.persistence.entity.TableDataManager  -   retrieved activiti table name ACT_RU_TASK
10:44:56,548 [main] DEBUG org.activiti.engine.impl.persistence.entity.TableDataManager  -   retrieved activiti table name ACT_RU_VARIABLE
10:44:56,548 [main] DEBUG org.activiti.engine.impl.persistence.entity.TableDataManager  - selecting table count for ACT_EVT_LOG
10:44:56,548 [main] DEBUG org.activiti.engine.impl.TablePageMap.selectTableCount  - ==&gt;  Preparing: select count(*) from ACT_EVT_LOG 
10:44:56,548 [main] DEBUG org.activiti.engine.impl.TablePageMap.selectTableCount  - ==&gt; Parameters: 
10:44:56,548 [main] DEBUG org.activiti.engine.impl.TablePageMap.selectTableCount  - &lt;==      Total: 1
10:44:56,548 [main] DEBUG org.activiti.engine.impl.persistence.entity.TableDataManager  - selecting table count for ACT_GE_BYTEARRAY
10:44:56,548 [main] DEBUG org.activiti.engine.impl.TablePageMap.selectTableCount  - ==&gt;  Preparing: select count(*) from ACT_GE_BYTEARRAY 
10:44:56,548 [main] DEBUG org.activiti.engine.impl.TablePageMap.selectTableCount  - ==&gt; Parameters: 
10:44:56,548 [main] DEBUG org.activiti.engine.impl.TablePageMap.selectTableCount  - &lt;==      Total: 1
10:44:56,548 [main] DEBUG org.activiti.engine.impl.persistence.entity.TableDataManager  - selecting table count for ACT_GE_PROPERTY
10:44:56,548 [main] DEBUG org.activiti.engine.impl.TablePageMap.selectTableCount  - ==&gt;  Preparing: select count(*) from ACT_GE_PROPERTY 
10:44:56,548 [main] DEBUG org.activiti.engine.impl.TablePageMap.selectTableCount  - ==&gt; Parameters: 
10:44:56,548 [main] DEBUG org.activiti.engine.impl.TablePageMap.selectTableCount  - &lt;==      Total: 1
10:44:56,548 [main] DEBUG org.activiti.engine.impl.persistence.entity.TableDataManager  - selecting table count for ACT_HI_ACTINST
10:44:56,548 [main] DEBUG org.activiti.engine.impl.TablePageMap.selectTableCount  - ==&gt;  Preparing: select count(*) from ACT_HI_ACTINST 
10:44:56,548 [main] DEBUG org.activiti.engine.impl.TablePageMap.selectTableCount  - ==&gt; Parameters: 
10:44:56,548 [main] DEBUG org.activiti.engine.impl.TablePageMap.selectTableCount  - &lt;==      Total: 1
10:44:56,548 [main] DEBUG org.activiti.engine.impl.persistence.entity.TableDataManager  - selecting table count for ACT_HI_ATTACHMENT
10:44:56,548 [main] DEBUG org.activiti.engine.impl.TablePageMap.selectTableCount  - ==&gt;  Preparing: select count(*) from ACT_HI_ATTACHMENT 
10:44:56,548 [main] DEBUG org.activiti.engine.impl.TablePageMap.selectTableCount  - ==&gt; Parameters: 
10:44:56,548 [main] DEBUG org.activiti.engine.impl.TablePageMap.selectTableCount  - &lt;==      Total: 1
10:44:56,548 [main] DEBUG org.activiti.engine.impl.persistence.entity.TableDataManager  - selecting table count for ACT_HI_COMMENT
10:44:56,548 [main] DEBUG org.activiti.engine.impl.TablePageMap.selectTableCount  - ==&gt;  Preparing: select count(*) from ACT_HI_COMMENT 
10:44:56,548 [main] DEBUG org.activiti.engine.impl.TablePageMap.selectTableCount  - ==&gt; Parameters: 
10:44:56,548 [main] DEBUG org.activiti.engine.impl.TablePageMap.selectTableCount  - &lt;==      Total: 1
10:44:56,548 [main] DEBUG org.activiti.engine.impl.persistence.entity.TableDataManager  - selecting table count for ACT_HI_DETAIL
10:44:56,549 [main] DEBUG org.activiti.engine.impl.TablePageMap.selectTableCount  - ==&gt;  Preparing: select count(*) from ACT_HI_DETAIL 
10:44:56,549 [main] DEBUG org.activiti.engine.impl.TablePageMap.selectTableCount  - ==&gt; Parameters: 
10:44:56,549 [main] DEBUG org.activiti.engine.impl.TablePageMap.selectTableCount  - &lt;==      Total: 1
10:44:56,549 [main] DEBUG org.activiti.engine.impl.persistence.entity.TableDataManager  - selecting table count for ACT_HI_IDENTITYLINK
10:44:56,549 [main] DEBUG org.activiti.engine.impl.TablePageMap.selectTableCount  - ==&gt;  Preparing: select count(*) from ACT_HI_IDENTITYLINK 
10:44:56,549 [main] DEBUG org.activiti.engine.impl.TablePageMap.selectTableCount  - ==&gt; Parameters: 
10:44:56,549 [main] DEBUG org.activiti.engine.impl.TablePageMap.selectTableCount  - &lt;==      Total: 1
10:44:56,549 [main] DEBUG org.activiti.engine.impl.persistence.entity.TableDataManager  - selecting table count for ACT_HI_PROCINST
10:44:56,549 [main] DEBUG org.activiti.engine.impl.TablePageMap.selectTableCount  - ==&gt;  Preparing: select count(*) from ACT_HI_PROCINST 
10:44:56,549 [main] DEBUG org.activiti.engine.impl.TablePageMap.selectTableCount  - ==&gt; Parameters: 
10:44:56,549 [main] DEBUG org.activiti.engine.impl.TablePageMap.selectTableCount  - &lt;==      Total: 1
10:44:56,549 [main] DEBUG org.activiti.engine.impl.persistence.entity.TableDataManager  - selecting table count for ACT_HI_TASKINST
10:44:56,549 [main] DEBUG org.activiti.engine.impl.TablePageMap.selectTableCount  - ==&gt;  Preparing: select count(*) from ACT_HI_TASKINST 
10:44:56,549 [main] DEBUG org.activiti.engine.impl.TablePageMap.selectTableCount  - ==&gt; Parameters: 
10:44:56,549 [main] DEBUG org.activiti.engine.impl.TablePageMap.selectTableCount  - &lt;==      Total: 1
10:44:56,549 [main] DEBUG org.activiti.engine.impl.persistence.entity.TableDataManager  - selecting table count for ACT_HI_VARINST
10:44:56,549 [main] DEBUG org.activiti.engine.impl.TablePageMap.selectTableCount  - ==&gt;  Preparing: select count(*) from ACT_HI_VARINST 
10:44:56,549 [main] DEBUG org.activiti.engine.impl.TablePageMap.selectTableCount  - ==&gt; Parameters: 
10:44:56,549 [main] DEBUG org.activiti.engine.impl.TablePageMap.selectTableCount  - &lt;==      Total: 1
10:44:56,549 [main] DEBUG org.activiti.engine.impl.persistence.entity.TableDataManager  - selecting table count for ACT_ID_GROUP
10:44:56,549 [main] DEBUG org.activiti.engine.impl.TablePageMap.selectTableCount  - ==&gt;  Preparing: select count(*) from ACT_ID_GROUP 
10:44:56,549 [main] DEBUG org.activiti.engine.impl.TablePageMap.selectTableCount  - ==&gt; Parameters: 
10:44:56,549 [main] DEBUG org.activiti.engine.impl.TablePageMap.selectTableCount  - &lt;==      Total: 1
10:44:56,549 [main] DEBUG org.activiti.engine.impl.persistence.entity.TableDataManager  - selecting table count for ACT_ID_INFO
10:44:56,549 [main] DEBUG org.activiti.engine.impl.TablePageMap.selectTableCount  - ==&gt;  Preparing: select count(*) from ACT_ID_INFO 
10:44:56,549 [main] DEBUG org.activiti.engine.impl.TablePageMap.selectTableCount  - ==&gt; Parameters: 
10:44:56,549 [main] DEBUG org.activiti.engine.impl.TablePageMap.selectTableCount  - &lt;==      Total: 1
10:44:56,549 [main] DEBUG org.activiti.engine.impl.persistence.entity.TableDataManager  - selecting table count for ACT_ID_MEMBERSHIP
10:44:56,549 [main] DEBUG org.activiti.engine.impl.TablePageMap.selectTableCount  - ==&gt;  Preparing: select count(*) from ACT_ID_MEMBERSHIP 
10:44:56,549 [main] DEBUG org.activiti.engine.impl.TablePageMap.selectTableCount  - ==&gt; Parameters: 
10:44:56,549 [main] DEBUG org.activiti.engine.impl.TablePageMap.selectTableCount  - &lt;==      Total: 1
10:44:56,549 [main] DEBUG org.activiti.engine.impl.persistence.entity.TableDataManager  - selecting table count for ACT_ID_USER
10:44:56,549 [main] DEBUG org.activiti.engine.impl.TablePageMap.selectTableCount  - ==&gt;  Preparing: select count(*) from ACT_ID_USER 
10:44:56,549 [main] DEBUG org.activiti.engine.impl.TablePageMap.selectTableCount  - ==&gt; Parameters: 
10:44:56,549 [main] DEBUG org.activiti.engine.impl.TablePageMap.selectTableCount  - &lt;==      Total: 1
10:44:56,549 [main] DEBUG org.activiti.engine.impl.persistence.entity.TableDataManager  - selecting table count for ACT_PROCDEF_INFO
10:44:56,549 [main] DEBUG org.activiti.engine.impl.TablePageMap.selectTableCount  - ==&gt;  Preparing: select count(*) from ACT_PROCDEF_INFO 
10:44:56,549 [main] DEBUG org.activiti.engine.impl.TablePageMap.selectTableCount  - ==&gt; Parameters: 
10:44:56,549 [main] DEBUG org.activiti.engine.impl.TablePageMap.selectTableCount  - &lt;==      Total: 1
10:44:56,549 [main] DEBUG org.activiti.engine.impl.persistence.entity.TableDataManager  - selecting table count for ACT_RE_DEPLOYMENT
10:44:56,549 [main] DEBUG org.activiti.engine.impl.TablePageMap.selectTableCount  - ==&gt;  Preparing: select count(*) from ACT_RE_DEPLOYMENT 
10:44:56,549 [main] DEBUG org.activiti.engine.impl.TablePageMap.selectTableCount  - ==&gt; Parameters: 
10:44:56,549 [main] DEBUG org.activiti.engine.impl.TablePageMap.selectTableCount  - &lt;==      Total: 1
10:44:56,549 [main] DEBUG org.activiti.engine.impl.persistence.entity.TableDataManager  - selecting table count for ACT_RE_MODEL
10:44:56,549 [main] DEBUG org.activiti.engine.impl.TablePageMap.selectTableCount  - ==&gt;  Preparing: select count(*) from ACT_RE_MODEL 
10:44:56,549 [main] DEBUG org.activiti.engine.impl.TablePageMap.selectTableCount  - ==&gt; Parameters: 
10:44:56,549 [main] DEBUG org.activiti.engine.impl.TablePageMap.selectTableCount  - &lt;==      Total: 1
10:44:56,549 [main] DEBUG org.activiti.engine.impl.persistence.entity.TableDataManager  - selecting table count for ACT_RE_PROCDEF
10:44:56,549 [main] DEBUG org.activiti.engine.impl.TablePageMap.selectTableCount  - ==&gt;  Preparing: select count(*) from ACT_RE_PROCDEF 
10:44:56,549 [main] DEBUG org.activiti.engine.impl.TablePageMap.selectTableCount  - ==&gt; Parameters: 
10:44:56,549 [main] DEBUG org.activiti.engine.impl.TablePageMap.selectTableCount  - &lt;==      Total: 1
10:44:56,549 [main] DEBUG org.activiti.engine.impl.persistence.entity.TableDataManager  - selecting table count for ACT_RU_EVENT_SUBSCR
10:44:56,549 [main] DEBUG org.activiti.engine.impl.TablePageMap.selectTableCount  - ==&gt;  Preparing: select count(*) from ACT_RU_EVENT_SUBSCR 
10:44:56,549 [main] DEBUG org.activiti.engine.impl.TablePageMap.selectTableCount  - ==&gt; Parameters: 
10:44:56,549 [main] DEBUG org.activiti.engine.impl.TablePageMap.selectTableCount  - &lt;==      Total: 1
10:44:56,549 [main] DEBUG org.activiti.engine.impl.persistence.entity.TableDataManager  - selecting table count for ACT_RU_EXECUTION
10:44:56,549 [main] DEBUG org.activiti.engine.impl.TablePageMap.selectTableCount  - ==&gt;  Preparing: select count(*) from ACT_RU_EXECUTION 
10:44:56,549 [main] DEBUG org.activiti.engine.impl.TablePageMap.selectTableCount  - ==&gt; Parameters: 
10:44:56,549 [main] DEBUG org.activiti.engine.impl.TablePageMap.selectTableCount  - &lt;==      Total: 1
10:44:56,549 [main] DEBUG org.activiti.engine.impl.persistence.entity.TableDataManager  - selecting table count for ACT_RU_IDENTITYLINK
10:44:56,549 [main] DEBUG org.activiti.engine.impl.TablePageMap.selectTableCount  - ==&gt;  Preparing: select count(*) from ACT_RU_IDENTITYLINK 
10:44:56,549 [main] DEBUG org.activiti.engine.impl.TablePageMap.selectTableCount  - ==&gt; Parameters: 
10:44:56,549 [main] DEBUG org.activiti.engine.impl.TablePageMap.selectTableCount  - &lt;==      Total: 1
10:44:56,549 [main] DEBUG org.activiti.engine.impl.persistence.entity.TableDataManager  - selecting table count for ACT_RU_JOB
10:44:56,549 [main] DEBUG org.activiti.engine.impl.TablePageMap.selectTableCount  - ==&gt;  Preparing: select count(*) from ACT_RU_JOB 
10:44:56,549 [main] DEBUG org.activiti.engine.impl.TablePageMap.selectTableCount  - ==&gt; Parameters: 
10:44:56,549 [main] DEBUG org.activiti.engine.impl.TablePageMap.selectTableCount  - &lt;==      Total: 1
10:44:56,549 [main] DEBUG org.activiti.engine.impl.persistence.entity.TableDataManager  - selecting table count for ACT_RU_TASK
10:44:56,549 [main] DEBUG org.activiti.engine.impl.TablePageMap.selectTableCount  - ==&gt;  Preparing: select count(*) from ACT_RU_TASK 
10:44:56,549 [main] DEBUG org.activiti.engine.impl.TablePageMap.selectTableCount  - ==&gt; Parameters: 
10:44:56,549 [main] DEBUG org.activiti.engine.impl.TablePageMap.selectTableCount  - &lt;==      Total: 1
10:44:56,549 [main] DEBUG org.activiti.engine.impl.persistence.entity.TableDataManager  - selecting table count for ACT_RU_VARIABLE
10:44:56,549 [main] DEBUG org.activiti.engine.impl.TablePageMap.selectTableCount  - ==&gt;  Preparing: select count(*) from ACT_RU_VARIABLE 
10:44:56,549 [main] DEBUG org.activiti.engine.impl.TablePageMap.selectTableCount  - ==&gt; Parameters: 
10:44:56,549 [main] DEBUG org.activiti.engine.impl.TablePageMap.selectTableCount  - &lt;==      Total: 1
10:44:56,549 [main] DEBUG org.activiti.engine.impl.persistence.entity.TableDataManager  - Number of rows per activiti table: {ACT_RU_EVENT_SUBSCR=0, ACT_ID_USER=0, ACT_HI_ATTACHMENT=0, ACT_GE_BYTEARRAY=0, ACT_RE_MODEL=0, ACT_RU_VARIABLE=0, ACT_RU_TASK=0, ACT_RE_DEPLOYMENT=0, ACT_RE_PROCDEF=0, ACT_ID_GROUP=0, ACT_HI_VARINST=0, ACT_HI_COMMENT=0, ACT_HI_PROCINST=0, ACT_ID_INFO=0, ACT_ID_MEMBERSHIP=0, ACT_RU_JOB=0, ACT_PROCDEF_INFO=0, ACT_HI_ACTINST=0, ACT_RU_EXECUTION=0, ACT_HI_TASKINST=0, ACT_HI_DETAIL=0, ACT_EVT_LOG=0, ACT_HI_IDENTITYLINK=0, ACT_RU_IDENTITYLINK=0, ACT_GE_PROPERTY=3}
10:44:56,549 [main] DEBUG org.activiti.engine.impl.db.DbSqlSession  - flush summary: 0 insert, 0 update, 0 delete.
10:44:56,549 [main] DEBUG org.activiti.engine.impl.db.DbSqlSession  - now executing flush...
10:44:56,549 [main] DEBUG org.activiti.engine.impl.cfg.standalone.StandaloneMybatisTransactionContext  - firing event committing...
10:44:56,549 [main] DEBUG org.activiti.engine.impl.cfg.standalone.StandaloneMybatisTransactionContext  - committing the ibatis sql session...
10:44:56,549 [main] DEBUG org.activiti.engine.impl.cfg.standalone.StandaloneMybatisTransactionContext  - firing event committed...
10:44:56,549 [main] DEBUG org.apache.ibatis.transaction.jdbc.JdbcTransaction  - Resetting autocommit to true on JDBC Connection [conn4: url=jdbc:h2:mem:activiti user=SA]
10:44:56,549 [main] DEBUG org.apache.ibatis.transaction.jdbc.JdbcTransaction  - Closing JDBC Connection [conn4: url=jdbc:h2:mem:activiti user=SA]
10:44:56,549 [main] DEBUG org.apache.ibatis.datasource.pooled.PooledDataSource  - Returned connection 297240765 to pool.
10:44:56,549 [main] DEBUG org.activiti.engine.impl.interceptor.LogInterceptor  - --- GetTableCountCmd finished --------------------------------------------------------
10:44:56,549 [main] DEBUG org.activiti.engine.impl.interceptor.LogInterceptor  - 

10:44:56,550 [main] INFO  org.activiti.engine.impl.test.PvmTestCase  - database was clean
</system-out>
  </testcase>
</testsuite>