<?xml version="1.0" encoding="UTF-8" ?>
<testsuite tests="5" failures="0" name="org.activiti.examples.task.StandaloneTaskTest" time="0.114" errors="5" skipped="0">
  <properties>
    <property name="idea.version" value="2022.3.1"/>
    <property name="java.runtime.name" value="Java(TM) SE Runtime Environment"/>
    <property name="sun.boot.library.path" value="C:\Program Files\Java\jdk1.8.0_351\jre\bin"/>
    <property name="java.vm.version" value="25.351-b10"/>
    <property name="java.vm.vendor" value="Oracle Corporation"/>
    <property name="java.vendor.url" value="http://java.oracle.com/"/>
    <property name="path.separator" value=";"/>
    <property name="java.vm.name" value="Java HotSpot(TM) 64-Bit Server VM"/>
    <property name="file.encoding.pkg" value="sun.io"/>
    <property name="user.script" value=""/>
    <property name="user.country" value="CN"/>
    <property name="sun.java.launcher" value="SUN_STANDARD"/>
    <property name="sun.os.patch.level" value=""/>
    <property name="java.vm.specification.name" value="Java Virtual Machine Specification"/>
    <property name="user.dir" value="D:\xinchuang\activiti-engine-5.19.0.2"/>
    <property name="java.runtime.version" value="1.8.0_351-b10"/>
    <property name="java.awt.graphicsenv" value="sun.awt.Win32GraphicsEnvironment"/>
    <property name="basedir" value="D:\xinchuang\activiti-engine-5.19.0.2"/>
    <property name="java.endorsed.dirs" value="C:\Program Files\Java\jdk1.8.0_351\jre\lib\endorsed"/>
    <property name="os.arch" value="amd64"/>
    <property name="surefire.real.class.path" value="D:\xinchuang\activiti-engine-5.19.0.2\target\surefire\surefirebooter2972839343429811619.jar"/>
    <property name="java.io.tmpdir" value="C:\Users\ryan\AppData\Local\Temp\"/>
    <property name="line.separator" value="
"/>
    <property name="java.vm.specification.vendor" value="Oracle Corporation"/>
    <property name="user.variant" value=""/>
    <property name="os.name" value="Windows 11"/>
    <property name="sun.jnu.encoding" value="GBK"/>
    <property name="java.library.path" value="C:\Program Files\Java\jdk1.8.0_351\jre\bin;C:\WINDOWS\Sun\Java\bin;C:\WINDOWS\system32;C:\WINDOWS;C:\Program Files (x86)\Common Files\Oracle\Java\javapath;D:\Program Files (x86)\VMware\VMware Workstation\bin\;C:\ProgramData\Oracle\Java\javapath;C:\WINDOWS\system32;C:\WINDOWS;C:\WINDOWS\System32\Wbem;C:\WINDOWS\System32\WindowsPowerShell\v1.0\;C:\WINDOWS\System32\OpenSSH\;d:\Program Files\Git\cmd;D:\Program Files\apache-maven-3.6.1\bin;C:\Program Files\Java\jdk1.8.0_351\bin;D:\Program Files\nodejs\;C:\Program Files\Bandizip\;D:\Program Files (x86)\NetSarang\Xshell 7\;D:\Program Files (x86)\NetSarang\Xftp 7\;D:\Program Files\cmder;;C:\Program Files (x86)\Tencent\微信web开发者工具\dll;C:\Users\ryan\.app\;C:\Users\ryan\AppData\Local\Programs\Python\Python38\Scripts\;C:\Users\ryan\AppData\Local\Programs\Python\Python38\;C:\Users\ryan\AppData\Local\Microsoft\WindowsApps;D:\Program Files\Microsoft VS Code\bin;C:\Users\ryan\AppData\Roaming\npm;d:\Program Files\JetBrains\IntelliJ IDEA 2020.3\bin;;d:\Program Files\JetBrains\DataGrip 2021.1.3\bin;;;."/>
    <property name="surefire.test.class.path" value="D:\xinchuang\activiti-engine-5.19.0.2\target\test-classes;D:\xinchuang\activiti-engine-5.19.0.2\target\classes;D:\Program Files\apache-maven-3.6.1\shanxi\org\activiti\activiti-bpmn-converter\5.19.0.2\activiti-bpmn-converter-5.19.0.2.jar;D:\Program Files\apache-maven-3.6.1\shanxi\org\activiti\activiti-bpmn-model\5.19.0.2\activiti-bpmn-model-5.19.0.2.jar;D:\Program Files\apache-maven-3.6.1\shanxi\com\fasterxml\jackson\core\jackson-core\2.2.3\jackson-core-2.2.3.jar;D:\Program Files\apache-maven-3.6.1\shanxi\com\fasterxml\jackson\core\jackson-databind\2.2.3\jackson-databind-2.2.3.jar;D:\Program Files\apache-maven-3.6.1\shanxi\com\fasterxml\jackson\core\jackson-annotations\2.2.3\jackson-annotations-2.2.3.jar;D:\Program Files\apache-maven-3.6.1\shanxi\org\activiti\activiti-process-validation\5.19.0.2\activiti-process-validation-5.19.0.2.jar;D:\Program Files\apache-maven-3.6.1\shanxi\org\activiti\activiti-image-generator\5.19.0.2\activiti-image-generator-5.19.0.2.jar;D:\Program Files\apache-maven-3.6.1\shanxi\org\apache\commons\commons-email\1.4\commons-email-1.4.jar;D:\Program Files\apache-maven-3.6.1\shanxi\com\sun\mail\javax.mail\1.5.2\javax.mail-1.5.2.jar;D:\Program Files\apache-maven-3.6.1\shanxi\javax\activation\activation\1.1.1\activation-1.1.1.jar;D:\Program Files\apache-maven-3.6.1\shanxi\org\apache\commons\commons-lang3\3.3.2\commons-lang3-3.3.2.jar;D:\Program Files\apache-maven-3.6.1\shanxi\org\mybatis\mybatis\3.3.0\mybatis-3.3.0.jar;D:\Program Files\apache-maven-3.6.1\shanxi\org\springframework\spring-beans\4.1.5.RELEASE\spring-beans-4.1.5.RELEASE.jar;D:\Program Files\apache-maven-3.6.1\shanxi\org\springframework\spring-core\4.1.5.RELEASE\spring-core-4.1.5.RELEASE.jar;D:\Program Files\apache-maven-3.6.1\shanxi\junit\junit\4.11\junit-4.11.jar;D:\Program Files\apache-maven-3.6.1\shanxi\org\hamcrest\hamcrest-core\1.3\hamcrest-core-1.3.jar;D:\Program Files\apache-maven-3.6.1\shanxi\org\codehaus\groovy\groovy-all\2.4.3\groovy-all-2.4.3.jar;D:\Program Files\apache-maven-3.6.1\shanxi\org\drools\drools-core\5.5.0.Final\drools-core-5.5.0.Final.jar;D:\Program Files\apache-maven-3.6.1\shanxi\org\mvel\mvel2\2.1.3.Final\mvel2-2.1.3.Final.jar;D:\Program Files\apache-maven-3.6.1\shanxi\org\drools\knowledge-api\5.5.0.Final\knowledge-api-5.5.0.Final.jar;D:\Program Files\apache-maven-3.6.1\shanxi\org\drools\knowledge-internal-api\5.5.0.Final\knowledge-internal-api-5.5.0.Final.jar;D:\Program Files\apache-maven-3.6.1\shanxi\org\drools\drools-compiler\5.5.0.Final\drools-compiler-5.5.0.Final.jar;D:\Program Files\apache-maven-3.6.1\shanxi\org\antlr\antlr-runtime\3.3\antlr-runtime-3.3.jar;D:\Program Files\apache-maven-3.6.1\shanxi\org\antlr\antlr\3.3\antlr-3.3.jar;D:\Program Files\apache-maven-3.6.1\shanxi\org\antlr\stringtemplate\3.2.1\stringtemplate-3.2.1.jar;D:\Program Files\apache-maven-3.6.1\shanxi\antlr\antlr\2.7.7\antlr-2.7.7.jar;D:\Program Files\apache-maven-3.6.1\shanxi\org\eclipse\jdt\core\compiler\ecj\3.5.1\ecj-3.5.1.jar;D:\Program Files\apache-maven-3.6.1\shanxi\com\thoughtworks\xstream\xstream\1.4.1\xstream-1.4.1.jar;D:\Program Files\apache-maven-3.6.1\shanxi\xmlpull\xmlpull\1.1.3.1\xmlpull-1.1.3.1.jar;D:\Program Files\apache-maven-3.6.1\shanxi\xpp3\xpp3_min\1.1.4c\xpp3_min-1.1.4c.jar;D:\Program Files\apache-maven-3.6.1\shanxi\javax\persistence\persistence-api\1.0\persistence-api-1.0.jar;D:\Program Files\apache-maven-3.6.1\shanxi\org\apache\geronimo\specs\geronimo-jta_1.1_spec\1.1.1\geronimo-jta_1.1_spec-1.1.1.jar;D:\Program Files\apache-maven-3.6.1\shanxi\javax\enterprise\concurrent\javax.enterprise.concurrent-api\1.0\javax.enterprise.concurrent-api-1.0.jar;D:\Program Files\apache-maven-3.6.1\shanxi\com\h2database\h2\1.3.176\h2-1.3.176.jar;D:\Program Files\apache-maven-3.6.1\shanxi\org\mockito\mockito-core\1.8.2\mockito-core-1.8.2.jar;D:\Program Files\apache-maven-3.6.1\shanxi\org\objenesis\objenesis\1.0\objenesis-1.0.jar;D:\Program Files\apache-maven-3.6.1\shanxi\org\apache\openjpa\openjpa\1.2.2\openjpa-1.2.2.jar;D:\Program Files\apache-maven-3.6.1\shanxi\net\sourceforge\serp\serp\1.13.1\serp-1.13.1.jar;D:\Program Files\apache-maven-3.6.1\shanxi\commons-lang\commons-lang\2.1\commons-lang-2.1.jar;D:\Program Files\apache-maven-3.6.1\shanxi\commons-collections\commons-collections\3.2\commons-collections-3.2.jar;D:\Program Files\apache-maven-3.6.1\shanxi\commons-pool\commons-pool\1.3\commons-pool-1.3.jar;D:\Program Files\apache-maven-3.6.1\shanxi\org\apache\geronimo\specs\geronimo-jms_1.1_spec\1.0.1\geronimo-jms_1.1_spec-1.0.1.jar;D:\Program Files\apache-maven-3.6.1\shanxi\org\apache\geronimo\specs\geronimo-jpa_3.0_spec\1.0\geronimo-jpa_3.0_spec-1.0.jar;D:\Program Files\apache-maven-3.6.1\shanxi\org\subethamail\subethasmtp-wiser\1.2\subethasmtp-wiser-1.2.jar;D:\Program Files\apache-maven-3.6.1\shanxi\org\subethamail\subethasmtp-smtp\1.2\subethasmtp-smtp-1.2.jar;D:\Program Files\apache-maven-3.6.1\shanxi\javax\mail\mail\1.4.1\mail-1.4.1.jar;D:\Program Files\apache-maven-3.6.1\shanxi\mysql\mysql-connector-java\5.1.27\mysql-connector-java-5.1.27.jar;D:\Program Files\apache-maven-3.6.1\shanxi\org\postgresql\postgresql\9.4-1201-jdbc4\postgresql-9.4-1201-jdbc4.jar;D:\Program Files\apache-maven-3.6.1\shanxi\net\sourceforge\jtds\jtds\1.3.0\jtds-1.3.0.jar;D:\Program Files\apache-maven-3.6.1\shanxi\com\fasterxml\uuid\java-uuid-generator\3.1.3\java-uuid-generator-3.1.3.jar;D:\Program Files\apache-maven-3.6.1\shanxi\log4j\log4j\1.2.13\log4j-1.2.13.jar;D:\Program Files\apache-maven-3.6.1\shanxi\commons-io\commons-io\2.0.1\commons-io-2.0.1.jar;D:\Program Files\apache-maven-3.6.1\shanxi\joda-time\joda-time\2.6\joda-time-2.6.jar;D:\Program Files\apache-maven-3.6.1\shanxi\org\slf4j\slf4j-api\1.7.6\slf4j-api-1.7.6.jar;D:\Program Files\apache-maven-3.6.1\shanxi\org\slf4j\jcl-over-slf4j\1.7.6\jcl-over-slf4j-1.7.6.jar;D:\Program Files\apache-maven-3.6.1\shanxi\org\slf4j\slf4j-log4j12\1.7.6\slf4j-log4j12-1.7.6.jar;D:\Program Files\apache-maven-3.6.1\shanxi\com\googlecode\catch-exception\catch-exception\1.2.0\catch-exception-1.2.0.jar;D:\Program Files\apache-maven-3.6.1\shanxi\org\codehaus\btm\btm\2.1.3\btm-2.1.3.jar;D:\Program Files\apache-maven-3.6.1\shanxi\javax\transaction\jta\1.1\jta-1.1.jar;"/>
    <property name="sun.awt.enableExtraMouseButtons" value="true"/>
    <property name="java.specification.name" value="Java Platform API Specification"/>
    <property name="java.class.version" value="52.0"/>
    <property name="sun.management.compiler" value="HotSpot 64-Bit Tiered Compilers"/>
    <property name="maven.repo.local" value="D:\Program Files\apache-maven-3.6.1\shanxi"/>
    <property name="os.version" value="10.0"/>
    <property name="user.home" value="C:\Users\ryan"/>
    <property name="user.timezone" value="Asia/Shanghai"/>
    <property name="java.awt.printerjob" value="sun.awt.windows.WPrinterJob"/>
    <property name="java.specification.version" value="1.8"/>
    <property name="file.encoding" value="GBK"/>
    <property name="user.name" value="ryan"/>
    <property name="java.class.path" value="D:\xinchuang\activiti-engine-5.19.0.2\target\test-classes;D:\xinchuang\activiti-engine-5.19.0.2\target\classes;D:\Program Files\apache-maven-3.6.1\shanxi\org\activiti\activiti-bpmn-converter\5.19.0.2\activiti-bpmn-converter-5.19.0.2.jar;D:\Program Files\apache-maven-3.6.1\shanxi\org\activiti\activiti-bpmn-model\5.19.0.2\activiti-bpmn-model-5.19.0.2.jar;D:\Program Files\apache-maven-3.6.1\shanxi\com\fasterxml\jackson\core\jackson-core\2.2.3\jackson-core-2.2.3.jar;D:\Program Files\apache-maven-3.6.1\shanxi\com\fasterxml\jackson\core\jackson-databind\2.2.3\jackson-databind-2.2.3.jar;D:\Program Files\apache-maven-3.6.1\shanxi\com\fasterxml\jackson\core\jackson-annotations\2.2.3\jackson-annotations-2.2.3.jar;D:\Program Files\apache-maven-3.6.1\shanxi\org\activiti\activiti-process-validation\5.19.0.2\activiti-process-validation-5.19.0.2.jar;D:\Program Files\apache-maven-3.6.1\shanxi\org\activiti\activiti-image-generator\5.19.0.2\activiti-image-generator-5.19.0.2.jar;D:\Program Files\apache-maven-3.6.1\shanxi\org\apache\commons\commons-email\1.4\commons-email-1.4.jar;D:\Program Files\apache-maven-3.6.1\shanxi\com\sun\mail\javax.mail\1.5.2\javax.mail-1.5.2.jar;D:\Program Files\apache-maven-3.6.1\shanxi\javax\activation\activation\1.1.1\activation-1.1.1.jar;D:\Program Files\apache-maven-3.6.1\shanxi\org\apache\commons\commons-lang3\3.3.2\commons-lang3-3.3.2.jar;D:\Program Files\apache-maven-3.6.1\shanxi\org\mybatis\mybatis\3.3.0\mybatis-3.3.0.jar;D:\Program Files\apache-maven-3.6.1\shanxi\org\springframework\spring-beans\4.1.5.RELEASE\spring-beans-4.1.5.RELEASE.jar;D:\Program Files\apache-maven-3.6.1\shanxi\org\springframework\spring-core\4.1.5.RELEASE\spring-core-4.1.5.RELEASE.jar;D:\Program Files\apache-maven-3.6.1\shanxi\junit\junit\4.11\junit-4.11.jar;D:\Program Files\apache-maven-3.6.1\shanxi\org\hamcrest\hamcrest-core\1.3\hamcrest-core-1.3.jar;D:\Program Files\apache-maven-3.6.1\shanxi\org\codehaus\groovy\groovy-all\2.4.3\groovy-all-2.4.3.jar;D:\Program Files\apache-maven-3.6.1\shanxi\org\drools\drools-core\5.5.0.Final\drools-core-5.5.0.Final.jar;D:\Program Files\apache-maven-3.6.1\shanxi\org\mvel\mvel2\2.1.3.Final\mvel2-2.1.3.Final.jar;D:\Program Files\apache-maven-3.6.1\shanxi\org\drools\knowledge-api\5.5.0.Final\knowledge-api-5.5.0.Final.jar;D:\Program Files\apache-maven-3.6.1\shanxi\org\drools\knowledge-internal-api\5.5.0.Final\knowledge-internal-api-5.5.0.Final.jar;D:\Program Files\apache-maven-3.6.1\shanxi\org\drools\drools-compiler\5.5.0.Final\drools-compiler-5.5.0.Final.jar;D:\Program Files\apache-maven-3.6.1\shanxi\org\antlr\antlr-runtime\3.3\antlr-runtime-3.3.jar;D:\Program Files\apache-maven-3.6.1\shanxi\org\antlr\antlr\3.3\antlr-3.3.jar;D:\Program Files\apache-maven-3.6.1\shanxi\org\antlr\stringtemplate\3.2.1\stringtemplate-3.2.1.jar;D:\Program Files\apache-maven-3.6.1\shanxi\antlr\antlr\2.7.7\antlr-2.7.7.jar;D:\Program Files\apache-maven-3.6.1\shanxi\org\eclipse\jdt\core\compiler\ecj\3.5.1\ecj-3.5.1.jar;D:\Program Files\apache-maven-3.6.1\shanxi\com\thoughtworks\xstream\xstream\1.4.1\xstream-1.4.1.jar;D:\Program Files\apache-maven-3.6.1\shanxi\xmlpull\xmlpull\1.1.3.1\xmlpull-1.1.3.1.jar;D:\Program Files\apache-maven-3.6.1\shanxi\xpp3\xpp3_min\1.1.4c\xpp3_min-1.1.4c.jar;D:\Program Files\apache-maven-3.6.1\shanxi\javax\persistence\persistence-api\1.0\persistence-api-1.0.jar;D:\Program Files\apache-maven-3.6.1\shanxi\org\apache\geronimo\specs\geronimo-jta_1.1_spec\1.1.1\geronimo-jta_1.1_spec-1.1.1.jar;D:\Program Files\apache-maven-3.6.1\shanxi\javax\enterprise\concurrent\javax.enterprise.concurrent-api\1.0\javax.enterprise.concurrent-api-1.0.jar;D:\Program Files\apache-maven-3.6.1\shanxi\com\h2database\h2\1.3.176\h2-1.3.176.jar;D:\Program Files\apache-maven-3.6.1\shanxi\org\mockito\mockito-core\1.8.2\mockito-core-1.8.2.jar;D:\Program Files\apache-maven-3.6.1\shanxi\org\objenesis\objenesis\1.0\objenesis-1.0.jar;D:\Program Files\apache-maven-3.6.1\shanxi\org\apache\openjpa\openjpa\1.2.2\openjpa-1.2.2.jar;D:\Program Files\apache-maven-3.6.1\shanxi\net\sourceforge\serp\serp\1.13.1\serp-1.13.1.jar;D:\Program Files\apache-maven-3.6.1\shanxi\commons-lang\commons-lang\2.1\commons-lang-2.1.jar;D:\Program Files\apache-maven-3.6.1\shanxi\commons-collections\commons-collections\3.2\commons-collections-3.2.jar;D:\Program Files\apache-maven-3.6.1\shanxi\commons-pool\commons-pool\1.3\commons-pool-1.3.jar;D:\Program Files\apache-maven-3.6.1\shanxi\org\apache\geronimo\specs\geronimo-jms_1.1_spec\1.0.1\geronimo-jms_1.1_spec-1.0.1.jar;D:\Program Files\apache-maven-3.6.1\shanxi\org\apache\geronimo\specs\geronimo-jpa_3.0_spec\1.0\geronimo-jpa_3.0_spec-1.0.jar;D:\Program Files\apache-maven-3.6.1\shanxi\org\subethamail\subethasmtp-wiser\1.2\subethasmtp-wiser-1.2.jar;D:\Program Files\apache-maven-3.6.1\shanxi\org\subethamail\subethasmtp-smtp\1.2\subethasmtp-smtp-1.2.jar;D:\Program Files\apache-maven-3.6.1\shanxi\javax\mail\mail\1.4.1\mail-1.4.1.jar;D:\Program Files\apache-maven-3.6.1\shanxi\mysql\mysql-connector-java\5.1.27\mysql-connector-java-5.1.27.jar;D:\Program Files\apache-maven-3.6.1\shanxi\org\postgresql\postgresql\9.4-1201-jdbc4\postgresql-9.4-1201-jdbc4.jar;D:\Program Files\apache-maven-3.6.1\shanxi\net\sourceforge\jtds\jtds\1.3.0\jtds-1.3.0.jar;D:\Program Files\apache-maven-3.6.1\shanxi\com\fasterxml\uuid\java-uuid-generator\3.1.3\java-uuid-generator-3.1.3.jar;D:\Program Files\apache-maven-3.6.1\shanxi\log4j\log4j\1.2.13\log4j-1.2.13.jar;D:\Program Files\apache-maven-3.6.1\shanxi\commons-io\commons-io\2.0.1\commons-io-2.0.1.jar;D:\Program Files\apache-maven-3.6.1\shanxi\joda-time\joda-time\2.6\joda-time-2.6.jar;D:\Program Files\apache-maven-3.6.1\shanxi\org\slf4j\slf4j-api\1.7.6\slf4j-api-1.7.6.jar;D:\Program Files\apache-maven-3.6.1\shanxi\org\slf4j\jcl-over-slf4j\1.7.6\jcl-over-slf4j-1.7.6.jar;D:\Program Files\apache-maven-3.6.1\shanxi\org\slf4j\slf4j-log4j12\1.7.6\slf4j-log4j12-1.7.6.jar;D:\Program Files\apache-maven-3.6.1\shanxi\com\googlecode\catch-exception\catch-exception\1.2.0\catch-exception-1.2.0.jar;D:\Program Files\apache-maven-3.6.1\shanxi\org\codehaus\btm\btm\2.1.3\btm-2.1.3.jar;D:\Program Files\apache-maven-3.6.1\shanxi\javax\transaction\jta\1.1\jta-1.1.jar;"/>
    <property name="java.vm.specification.version" value="1.8"/>
    <property name="sun.arch.data.model" value="64"/>
    <property name="java.home" value="C:\Program Files\Java\jdk1.8.0_351\jre"/>
    <property name="sun.java.command" value="D:\xinchuang\activiti-engine-5.19.0.2\target\surefire\surefirebooter2972839343429811619.jar D:\xinchuang\activiti-engine-5.19.0.2\target\surefire\surefire1197127065150889766tmp D:\xinchuang\activiti-engine-5.19.0.2\target\surefire\surefire3285776718944652178tmp"/>
    <property name="java.specification.vendor" value="Oracle Corporation"/>
    <property name="user.language" value="en"/>
    <property name="awt.toolkit" value="sun.awt.windows.WToolkit"/>
    <property name="java.vm.info" value="mixed mode"/>
    <property name="java.version" value="1.8.0_351"/>
    <property name="java.ext.dirs" value="C:\Program Files\Java\jdk1.8.0_351\jre\lib\ext;C:\WINDOWS\Sun\Java\lib\ext"/>
    <property name="sun.boot.class.path" value="C:\Program Files\Java\jdk1.8.0_351\jre\lib\resources.jar;C:\Program Files\Java\jdk1.8.0_351\jre\lib\rt.jar;C:\Program Files\Java\jdk1.8.0_351\jre\lib\jsse.jar;C:\Program Files\Java\jdk1.8.0_351\jre\lib\jce.jar;C:\Program Files\Java\jdk1.8.0_351\jre\lib\charsets.jar;C:\Program Files\Java\jdk1.8.0_351\jre\lib\jfr.jar;C:\Program Files\Java\jdk1.8.0_351\jre\classes"/>
    <property name="java.vendor" value="Oracle Corporation"/>
    <property name="java.specification.maintenance.version" value="4"/>
    <property name="localRepository" value="D:\Program Files\apache-maven-3.6.1\shanxi"/>
    <property name="file.separator" value="\"/>
    <property name="java.vendor.url.bug" value="http://bugreport.sun.com/bugreport/"/>
    <property name="sun.cpu.endian" value="little"/>
    <property name="sun.io.unicode.encoding" value="UnicodeLittle"/>
    <property name="sun.desktop" value="windows"/>
    <property name="sun.cpu.isalist" value="amd64"/>
  </properties>
  <testcase classname="org.activiti.examples.task.StandaloneTaskTest" name="testRevisionUpdatedOnSaveWhenFetchedUsingQuery" time="0.018">
    <error message="
### Error querying database.  Cause: org.h2.jdbc.JdbcSQLException: Syntax error in SQL statement &quot;SELECT DISTINCT RES.* 
       
    FROM ACT_RU_TASK RES
     
     
     
     
    
     
     
     
      
   
    
     ORDER BY  ORDER[*] BY RES.ID_ ASC  
    LIMIT ? OFFSET ? &quot;; expected &quot;=, NOT, EXISTS, INTERSECTS, SELECT, FROM&quot;; SQL statement:
select distinct RES.* 
       
    from ACT_RU_TASK RES
     
     
     
     
    
     
     
     
      
   
    
     order by  order by RES.ID_ asc  
    LIMIT ? OFFSET ? [42001-176]
### The error may exist in org/activiti/db/mapping/entity/Task.xml
### The error may involve org.activiti.engine.impl.persistence.entity.TaskEntity.selectTaskByQueryCriteria
### The error occurred while executing a query
### SQL: select distinct RES.*              from ACT_RU_TASK RES                                                                     order by  order by RES.ID_ asc       LIMIT ? OFFSET ?
### Cause: org.h2.jdbc.JdbcSQLException: Syntax error in SQL statement &quot;SELECT DISTINCT RES.* 
       
    FROM ACT_RU_TASK RES
     
     
     
     
    
     
     
     
      
   
    
     ORDER BY  ORDER[*] BY RES.ID_ ASC  
    LIMIT ? OFFSET ? &quot;; expected &quot;=, NOT, EXISTS, INTERSECTS, SELECT, FROM&quot;; SQL statement:
select distinct RES.* 
       
    from ACT_RU_TASK RES
     
     
     
     
    
     
     
     
      
   
    
     order by  order by RES.ID_ asc  
    LIMIT ? OFFSET ? [42001-176]" type="org.apache.ibatis.exceptions.PersistenceException">org.apache.ibatis.exceptions.PersistenceException: 
### Error querying database.  Cause: org.h2.jdbc.JdbcSQLException: Syntax error in SQL statement &quot;SELECT DISTINCT RES.* 
       
    FROM ACT_RU_TASK RES
     
     
     
     
    
     
     
     
      
   
    
     ORDER BY  ORDER[*] BY RES.ID_ ASC  
    LIMIT ? OFFSET ? &quot;; expected &quot;=, NOT, EXISTS, INTERSECTS, SELECT, FROM&quot;; SQL statement:
select distinct RES.* 
       
    from ACT_RU_TASK RES
     
     
     
     
    
     
     
     
      
   
    
     order by  order by RES.ID_ asc  
    LIMIT ? OFFSET ? [42001-176]
### The error may exist in org/activiti/db/mapping/entity/Task.xml
### The error may involve org.activiti.engine.impl.persistence.entity.TaskEntity.selectTaskByQueryCriteria
### The error occurred while executing a query
### SQL: select distinct RES.*              from ACT_RU_TASK RES                                                                     order by  order by RES.ID_ asc       LIMIT ? OFFSET ?
### Cause: org.h2.jdbc.JdbcSQLException: Syntax error in SQL statement &quot;SELECT DISTINCT RES.* 
       
    FROM ACT_RU_TASK RES
     
     
     
     
    
     
     
     
      
   
    
     ORDER BY  ORDER[*] BY RES.ID_ ASC  
    LIMIT ? OFFSET ? &quot;; expected &quot;=, NOT, EXISTS, INTERSECTS, SELECT, FROM&quot;; SQL statement:
select distinct RES.* 
       
    from ACT_RU_TASK RES
     
     
     
     
    
     
     
     
      
   
    
     order by  order by RES.ID_ asc  
    LIMIT ? OFFSET ? [42001-176]
	at org.apache.ibatis.exceptions.ExceptionFactory.wrapException(ExceptionFactory.java:30)
	at org.apache.ibatis.session.defaults.DefaultSqlSession.selectList(DefaultSqlSession.java:122)
	at org.apache.ibatis.session.defaults.DefaultSqlSession.selectList(DefaultSqlSession.java:113)
	at org.activiti.engine.impl.db.DbSqlSession.selectListWithRawParameter(DbSqlSession.java:438)
	at org.activiti.engine.impl.db.DbSqlSession.selectList(DbSqlSession.java:429)
	at org.activiti.engine.impl.persistence.entity.TaskEntityManager.findTasksByQueryCriteria(TaskEntityManager.java:135)
	at org.activiti.engine.impl.TaskQueryImpl.executeList(TaskQueryImpl.java:1256)
	at org.activiti.engine.impl.AbstractQuery.executeSingleResult(AbstractQuery.java:183)
	at org.activiti.engine.impl.AbstractQuery.execute(AbstractQuery.java:166)
	at org.activiti.engine.impl.interceptor.CommandInvoker.execute(CommandInvoker.java:24)
	at org.activiti.engine.impl.interceptor.CommandContextInterceptor.execute(CommandContextInterceptor.java:57)
	at org.activiti.engine.impl.interceptor.LogInterceptor.execute(LogInterceptor.java:37)
	at org.activiti.engine.impl.cfg.CommandExecutorImpl.execute(CommandExecutorImpl.java:40)
	at org.activiti.engine.impl.cfg.CommandExecutorImpl.execute(CommandExecutorImpl.java:35)
	at org.activiti.engine.impl.AbstractQuery.singleResult(AbstractQuery.java:129)
	at org.activiti.examples.task.StandaloneTaskTest.testRevisionUpdatedOnSaveWhenFetchedUsingQuery(StandaloneTaskTest.java:138)
	at sun.reflect.NativeMethodAccessorImpl.invoke0(Native Method)
	at sun.reflect.NativeMethodAccessorImpl.invoke(NativeMethodAccessorImpl.java:62)
	at sun.reflect.DelegatingMethodAccessorImpl.invoke(DelegatingMethodAccessorImpl.java:43)
	at java.lang.reflect.Method.invoke(Method.java:498)
	at junit.framework.TestCase.runTest(TestCase.java:176)
	at org.activiti.engine.impl.test.PvmTestCase.runTest(PvmTestCase.java:65)
	at junit.framework.TestCase.runBare(TestCase.java:141)
	at org.activiti.engine.impl.test.AbstractActivitiTestCase.runBare(AbstractActivitiTestCase.java:100)
	at junit.framework.TestResult$1.protect(TestResult.java:122)
	at junit.framework.TestResult.runProtected(TestResult.java:142)
	at junit.framework.TestResult.run(TestResult.java:125)
	at junit.framework.TestCase.run(TestCase.java:129)
	at junit.framework.TestSuite.runTest(TestSuite.java:255)
	at junit.framework.TestSuite.run(TestSuite.java:250)
	at org.junit.internal.runners.JUnit38ClassRunner.run(JUnit38ClassRunner.java:84)
	at org.apache.maven.surefire.junit4.JUnit4TestSet.execute(JUnit4TestSet.java:35)
	at org.apache.maven.surefire.junit4.JUnit4Provider.executeTestSet(JUnit4Provider.java:146)
	at org.apache.maven.surefire.junit4.JUnit4Provider.invoke(JUnit4Provider.java:97)
	at sun.reflect.NativeMethodAccessorImpl.invoke0(Native Method)
	at sun.reflect.NativeMethodAccessorImpl.invoke(NativeMethodAccessorImpl.java:62)
	at sun.reflect.DelegatingMethodAccessorImpl.invoke(DelegatingMethodAccessorImpl.java:43)
	at java.lang.reflect.Method.invoke(Method.java:498)
	at org.apache.maven.surefire.booter.ProviderFactory$ClassLoaderProxy.invoke(ProviderFactory.java:103)
	at com.sun.proxy.$Proxy0.invoke(Unknown Source)
	at org.apache.maven.surefire.booter.SurefireStarter.invokeProvider(SurefireStarter.java:145)
	at org.apache.maven.surefire.booter.SurefireStarter.runSuitesInProcess(SurefireStarter.java:87)
	at org.apache.maven.surefire.booter.ForkedBooter.main(ForkedBooter.java:69)
Caused by: org.h2.jdbc.JdbcSQLException: Syntax error in SQL statement &quot;SELECT DISTINCT RES.* 
       
    FROM ACT_RU_TASK RES
     
     
     
     
    
     
     
     
      
   
    
     ORDER BY  ORDER[*] BY RES.ID_ ASC  
    LIMIT ? OFFSET ? &quot;; expected &quot;=, NOT, EXISTS, INTERSECTS, SELECT, FROM&quot;; SQL statement:
select distinct RES.* 
       
    from ACT_RU_TASK RES
     
     
     
     
    
     
     
     
      
   
    
     order by  order by RES.ID_ asc  
    LIMIT ? OFFSET ? [42001-176]
	at org.h2.message.DbException.getJdbcSQLException(DbException.java:344)
	at org.h2.message.DbException.getSyntaxError(DbException.java:204)
	at org.h2.command.Parser.getSyntaxError(Parser.java:524)
	at org.h2.command.Parser.readTerm(Parser.java:2688)
	at org.h2.command.Parser.readFactor(Parser.java:2244)
	at org.h2.command.Parser.readSum(Parser.java:2231)
	at org.h2.command.Parser.readConcat(Parser.java:2201)
	at org.h2.command.Parser.readCondition(Parser.java:2051)
	at org.h2.command.Parser.readAnd(Parser.java:2023)
	at org.h2.command.Parser.readExpression(Parser.java:2015)
	at org.h2.command.Parser.parseEndOfQuery(Parser.java:1726)
	at org.h2.command.Parser.parseSelectUnionExtension(Parser.java:1706)
	at org.h2.command.Parser.parseSelectUnion(Parser.java:1675)
	at org.h2.command.Parser.parseSelect(Parser.java:1662)
	at org.h2.command.Parser.parsePrepared(Parser.java:434)
	at org.h2.command.Parser.parse(Parser.java:306)
	at org.h2.command.Parser.parse(Parser.java:282)
	at org.h2.command.Parser.prepareCommand(Parser.java:243)
	at org.h2.engine.Session.prepareLocal(Session.java:442)
	at org.h2.engine.Session.prepareCommand(Session.java:384)
	at org.h2.jdbc.JdbcConnection.prepareCommand(JdbcConnection.java:1188)
	at org.h2.jdbc.JdbcPreparedStatement.&lt;init&gt;(JdbcPreparedStatement.java:73)
	at org.h2.jdbc.JdbcConnection.prepareStatement(JdbcConnection.java:276)
	at sun.reflect.GeneratedMethodAccessor6.invoke(Unknown Source)
	at sun.reflect.DelegatingMethodAccessorImpl.invoke(DelegatingMethodAccessorImpl.java:43)
	at java.lang.reflect.Method.invoke(Method.java:498)
	at org.apache.ibatis.datasource.pooled.PooledConnection.invoke(PooledConnection.java:245)
	at com.sun.proxy.$Proxy12.prepareStatement(Unknown Source)
	at sun.reflect.GeneratedMethodAccessor6.invoke(Unknown Source)
	at sun.reflect.DelegatingMethodAccessorImpl.invoke(DelegatingMethodAccessorImpl.java:43)
	at java.lang.reflect.Method.invoke(Method.java:498)
	at org.apache.ibatis.logging.jdbc.ConnectionLogger.invoke(ConnectionLogger.java:55)
	at com.sun.proxy.$Proxy12.prepareStatement(Unknown Source)
	at org.apache.ibatis.executor.statement.PreparedStatementHandler.instantiateStatement(PreparedStatementHandler.java:79)
	at org.apache.ibatis.executor.statement.BaseStatementHandler.prepare(BaseStatementHandler.java:88)
	at org.apache.ibatis.executor.statement.RoutingStatementHandler.prepare(RoutingStatementHandler.java:58)
	at org.apache.ibatis.executor.SimpleExecutor.prepareStatement(SimpleExecutor.java:76)
	at org.apache.ibatis.executor.SimpleExecutor.doQuery(SimpleExecutor.java:61)
	at org.apache.ibatis.executor.BaseExecutor.queryFromDatabase(BaseExecutor.java:303)
	at org.apache.ibatis.executor.BaseExecutor.query(BaseExecutor.java:154)
	at org.apache.ibatis.executor.CachingExecutor.query(CachingExecutor.java:102)
	at org.apache.ibatis.executor.CachingExecutor.query(CachingExecutor.java:82)
	at org.apache.ibatis.session.defaults.DefaultSqlSession.selectList(DefaultSqlSession.java:120)
	... 41 more
</error>
    <system-out>@SLTests run: 3, Failures: 0, Errors: 0, Skipped: 0, Time elapsed: 0.003 sec
@SLRunning org.activiti.examples.task.StandaloneTaskTest
10:48:01,285 [main] DEBUG org.activiti.engine.impl.interceptor.LogInterceptor  - 

10:48:01,285 [main] DEBUG org.activiti.engine.impl.interceptor.LogInterceptor  - --- starting CreateUserCmd --------------------------------------------------------
10:48:01,285 [main] DEBUG org.activiti.engine.impl.cfg.standalone.StandaloneMybatisTransactionContext  - firing event committing...
10:48:01,285 [main] DEBUG org.activiti.engine.impl.cfg.standalone.StandaloneMybatisTransactionContext  - committing the ibatis sql session...
10:48:01,285 [main] DEBUG org.activiti.engine.impl.cfg.standalone.StandaloneMybatisTransactionContext  - firing event committed...
10:48:01,285 [main] DEBUG org.activiti.engine.impl.interceptor.LogInterceptor  - --- CreateUserCmd finished --------------------------------------------------------
10:48:01,285 [main] DEBUG org.activiti.engine.impl.interceptor.LogInterceptor  - 

10:48:01,285 [main] DEBUG org.activiti.engine.impl.interceptor.LogInterceptor  - 

10:48:01,285 [main] DEBUG org.activiti.engine.impl.interceptor.LogInterceptor  - --- starting SaveUserCmd --------------------------------------------------------
10:48:01,285 [main] DEBUG org.activiti.engine.impl.db.DbSqlSession  -   insert org.activiti.engine.impl.persistence.entity.UserEntity@4f6594d9
10:48:01,285 [main] DEBUG org.activiti.engine.impl.db.DbSqlSession  - flush summary: 1 insert, 0 update, 0 delete.
10:48:01,285 [main] DEBUG org.activiti.engine.impl.db.DbSqlSession  - now executing flush...
10:48:01,285 [main] DEBUG org.activiti.engine.impl.db.DbSqlSession  - inserting: org.activiti.engine.impl.persistence.entity.UserEntity@4f6594d9
10:48:01,285 [main] DEBUG org.apache.ibatis.transaction.jdbc.JdbcTransaction  - Opening JDBC Connection
10:48:01,285 [main] DEBUG org.apache.ibatis.datasource.pooled.PooledDataSource  - Checked out connection 363509958 from pool.
10:48:01,285 [main] DEBUG org.apache.ibatis.transaction.jdbc.JdbcTransaction  - Setting autocommit to false on JDBC Connection [conn2: url=jdbc:h2:mem:activiti user=SA]
10:48:01,285 [main] DEBUG org.activiti.engine.impl.persistence.entity.UserEntity.insertUser  - ==&gt;  Preparing: insert into ACT_ID_USER (ID_, REV_, FIRST_, LAST_, EMAIL_, PWD_) values ( ?, 1, ?, ?, ?, ? ) 
10:48:01,285 [main] DEBUG org.activiti.engine.impl.persistence.entity.UserEntity.insertUser  - ==&gt; Parameters: kermit(String), null, null, null, null
10:48:01,285 [main] DEBUG org.activiti.engine.impl.persistence.entity.UserEntity.insertUser  - &lt;==    Updates: 1
10:48:01,285 [main] DEBUG org.activiti.engine.impl.cfg.standalone.StandaloneMybatisTransactionContext  - firing event committing...
10:48:01,285 [main] DEBUG org.activiti.engine.impl.cfg.standalone.StandaloneMybatisTransactionContext  - committing the ibatis sql session...
10:48:01,285 [main] DEBUG org.apache.ibatis.transaction.jdbc.JdbcTransaction  - Committing JDBC Connection [conn2: url=jdbc:h2:mem:activiti user=SA]
10:48:01,285 [main] DEBUG org.activiti.engine.impl.cfg.standalone.StandaloneMybatisTransactionContext  - firing event committed...
10:48:01,285 [main] DEBUG org.apache.ibatis.transaction.jdbc.JdbcTransaction  - Resetting autocommit to true on JDBC Connection [conn2: url=jdbc:h2:mem:activiti user=SA]
10:48:01,285 [main] DEBUG org.apache.ibatis.transaction.jdbc.JdbcTransaction  - Closing JDBC Connection [conn2: url=jdbc:h2:mem:activiti user=SA]
10:48:01,285 [main] DEBUG org.apache.ibatis.datasource.pooled.PooledDataSource  - Returned connection 363509958 to pool.
10:48:01,285 [main] DEBUG org.activiti.engine.impl.interceptor.LogInterceptor  - --- SaveUserCmd finished --------------------------------------------------------
10:48:01,285 [main] DEBUG org.activiti.engine.impl.interceptor.LogInterceptor  - 

10:48:01,285 [main] DEBUG org.activiti.engine.impl.interceptor.LogInterceptor  - 

10:48:01,285 [main] DEBUG org.activiti.engine.impl.interceptor.LogInterceptor  - --- starting CreateUserCmd --------------------------------------------------------
10:48:01,285 [main] DEBUG org.activiti.engine.impl.cfg.standalone.StandaloneMybatisTransactionContext  - firing event committing...
10:48:01,285 [main] DEBUG org.activiti.engine.impl.cfg.standalone.StandaloneMybatisTransactionContext  - committing the ibatis sql session...
10:48:01,286 [main] DEBUG org.activiti.engine.impl.cfg.standalone.StandaloneMybatisTransactionContext  - firing event committed...
10:48:01,286 [main] DEBUG org.activiti.engine.impl.interceptor.LogInterceptor  - --- CreateUserCmd finished --------------------------------------------------------
10:48:01,286 [main] DEBUG org.activiti.engine.impl.interceptor.LogInterceptor  - 

10:48:01,286 [main] DEBUG org.activiti.engine.impl.interceptor.LogInterceptor  - 

10:48:01,286 [main] DEBUG org.activiti.engine.impl.interceptor.LogInterceptor  - --- starting SaveUserCmd --------------------------------------------------------
10:48:01,286 [main] DEBUG org.activiti.engine.impl.db.DbSqlSession  -   insert org.activiti.engine.impl.persistence.entity.UserEntity@7b8ecbd4
10:48:01,286 [main] DEBUG org.activiti.engine.impl.db.DbSqlSession  - flush summary: 1 insert, 0 update, 0 delete.
10:48:01,286 [main] DEBUG org.activiti.engine.impl.db.DbSqlSession  - now executing flush...
10:48:01,286 [main] DEBUG org.activiti.engine.impl.db.DbSqlSession  - inserting: org.activiti.engine.impl.persistence.entity.UserEntity@7b8ecbd4
10:48:01,286 [main] DEBUG org.apache.ibatis.transaction.jdbc.JdbcTransaction  - Opening JDBC Connection
10:48:01,286 [main] DEBUG org.apache.ibatis.datasource.pooled.PooledDataSource  - Checked out connection 180014677 from pool.
10:48:01,286 [main] DEBUG org.apache.ibatis.transaction.jdbc.JdbcTransaction  - Setting autocommit to false on JDBC Connection [conn3: url=jdbc:h2:mem:activiti user=SA]
10:48:01,286 [main] DEBUG org.activiti.engine.impl.persistence.entity.UserEntity.insertUser  - ==&gt;  Preparing: insert into ACT_ID_USER (ID_, REV_, FIRST_, LAST_, EMAIL_, PWD_) values ( ?, 1, ?, ?, ?, ? ) 
10:48:01,286 [main] DEBUG org.activiti.engine.impl.persistence.entity.UserEntity.insertUser  - ==&gt; Parameters: gonzo(String), null, null, null, null
10:48:01,286 [main] DEBUG org.activiti.engine.impl.persistence.entity.UserEntity.insertUser  - &lt;==    Updates: 1
10:48:01,286 [main] DEBUG org.activiti.engine.impl.cfg.standalone.StandaloneMybatisTransactionContext  - firing event committing...
10:48:01,286 [main] DEBUG org.activiti.engine.impl.cfg.standalone.StandaloneMybatisTransactionContext  - committing the ibatis sql session...
10:48:01,286 [main] DEBUG org.apache.ibatis.transaction.jdbc.JdbcTransaction  - Committing JDBC Connection [conn3: url=jdbc:h2:mem:activiti user=SA]
10:48:01,286 [main] DEBUG org.activiti.engine.impl.cfg.standalone.StandaloneMybatisTransactionContext  - firing event committed...
10:48:01,286 [main] DEBUG org.apache.ibatis.transaction.jdbc.JdbcTransaction  - Resetting autocommit to true on JDBC Connection [conn3: url=jdbc:h2:mem:activiti user=SA]
10:48:01,286 [main] DEBUG org.apache.ibatis.transaction.jdbc.JdbcTransaction  - Closing JDBC Connection [conn3: url=jdbc:h2:mem:activiti user=SA]
10:48:01,286 [main] DEBUG org.apache.ibatis.datasource.pooled.PooledDataSource  - Returned connection 180014677 to pool.
10:48:01,286 [main] DEBUG org.activiti.engine.impl.interceptor.LogInterceptor  - --- SaveUserCmd finished --------------------------------------------------------
10:48:01,286 [main] DEBUG org.activiti.engine.impl.interceptor.LogInterceptor  - 

10:48:01,286 [main] DEBUG org.activiti.engine.impl.test.PvmTestCase  - 

10:48:01,286 [main] DEBUG org.activiti.engine.impl.test.PvmTestCase  - #### START StandaloneTaskTest.testRevisionUpdatedOnSaveWhenFetchedUsingQuery ###########################################################
10:48:01,286 [main] DEBUG org.activiti.engine.impl.interceptor.LogInterceptor  - 

10:48:01,286 [main] DEBUG org.activiti.engine.impl.interceptor.LogInterceptor  - --- starting NewTaskCmd --------------------------------------------------------
10:48:01,286 [main] DEBUG org.activiti.engine.impl.cfg.standalone.StandaloneMybatisTransactionContext  - firing event committing...
10:48:01,286 [main] DEBUG org.activiti.engine.impl.cfg.standalone.StandaloneMybatisTransactionContext  - committing the ibatis sql session...
10:48:01,286 [main] DEBUG org.activiti.engine.impl.cfg.standalone.StandaloneMybatisTransactionContext  - firing event committed...
10:48:01,286 [main] DEBUG org.activiti.engine.impl.interceptor.LogInterceptor  - --- NewTaskCmd finished --------------------------------------------------------
10:48:01,286 [main] DEBUG org.activiti.engine.impl.interceptor.LogInterceptor  - 

10:48:01,286 [main] DEBUG org.activiti.engine.impl.interceptor.LogInterceptor  - 

10:48:01,286 [main] DEBUG org.activiti.engine.impl.interceptor.LogInterceptor  - --- starting SaveTaskCmd --------------------------------------------------------
10:48:01,286 [main] DEBUG org.activiti.engine.impl.history.DefaultHistoryManager  - Current history level: FULL, level required: AUDIT
10:48:01,286 [main] DEBUG org.activiti.engine.impl.db.DbSqlSession  -   insert Task[id=2248, name=null]
10:48:01,286 [main] DEBUG org.activiti.engine.impl.db.DbSqlSession  -   insert HistoricTaskInstanceEntity[id=2248, name=null]
10:48:01,286 [main] DEBUG org.activiti.engine.impl.db.DbSqlSession  - flush summary: 2 insert, 0 update, 0 delete.
10:48:01,286 [main] DEBUG org.activiti.engine.impl.db.DbSqlSession  - now executing flush...
10:48:01,286 [main] DEBUG org.activiti.engine.impl.db.DbSqlSession  - inserting: HistoricTaskInstanceEntity[id=2248, name=null]
10:48:01,286 [main] DEBUG org.apache.ibatis.transaction.jdbc.JdbcTransaction  - Opening JDBC Connection
10:48:01,286 [main] DEBUG org.apache.ibatis.datasource.pooled.PooledDataSource  - Checked out connection 297240765 from pool.
10:48:01,286 [main] DEBUG org.apache.ibatis.transaction.jdbc.JdbcTransaction  - Setting autocommit to false on JDBC Connection [conn4: url=jdbc:h2:mem:activiti user=SA]
10:48:01,286 [main] DEBUG org.activiti.engine.impl.persistence.entity.HistoricTaskInstanceEntity.insertHistoricTaskInstance  - ==&gt;  Preparing: insert into ACT_HI_TASKINST ( ID_, PROC_DEF_ID_, PROC_INST_ID_, EXECUTION_ID_, NAME_, PARENT_TASK_ID_, DESCRIPTION_, OWNER_, ASSIGNEE_, START_TIME_, CLAIM_TIME_, END_TIME_, DURATION_, DELETE_REASON_, TASK_DEF_KEY_, FORM_KEY_, PRIORITY_, DUE_DATE_, CATEGORY_, TENANT_ID_ ) values ( ?, ?, ?, ?, ?, ?, ?, ?, ?, ?, ?, ?, ?, ?, ?, ?, ?, ?, ?, ? ) 
10:48:01,286 [main] DEBUG org.activiti.engine.impl.persistence.entity.HistoricTaskInstanceEntity.insertHistoricTaskInstance  - ==&gt; Parameters: 2248(String), null, null, null, null, null, null, null, null, 2023-03-20 10:48:01.286(Timestamp), null, null, null, null, null, null, 50(Integer), null, null, (String)
10:48:01,286 [main] DEBUG org.activiti.engine.impl.persistence.entity.HistoricTaskInstanceEntity.insertHistoricTaskInstance  - &lt;==    Updates: 1
10:48:01,287 [main] DEBUG org.activiti.engine.impl.db.DbSqlSession  - inserting: Task[id=2248, name=null]
10:48:01,287 [main] DEBUG org.activiti.engine.impl.persistence.entity.TaskEntity.insertTask  - ==&gt;  Preparing: insert into ACT_RU_TASK (ID_, REV_, NAME_, PARENT_TASK_ID_, DESCRIPTION_, PRIORITY_, CREATE_TIME_, OWNER_, ASSIGNEE_, DELEGATION_, EXECUTION_ID_, PROC_INST_ID_, PROC_DEF_ID_, TASK_DEF_KEY_, DUE_DATE_, CATEGORY_, SUSPENSION_STATE_, TENANT_ID_, FORM_KEY_) values (?, 1, ?, ?, ?, ?, ?, ?, ?, ?, ?, ?, ?, ?, ?, ?, ?, ?, ? ) 
10:48:01,287 [main] DEBUG org.activiti.engine.impl.persistence.entity.TaskEntity.insertTask  - ==&gt; Parameters: 2248(String), null, null, null, 50(Integer), 2023-03-20 10:48:01.286(Timestamp), null, null, null, null, null, null, null, null, null, 1(Integer), (String), null
10:48:01,287 [main] DEBUG org.activiti.engine.impl.persistence.entity.TaskEntity.insertTask  - &lt;==    Updates: 1
10:48:01,287 [main] DEBUG org.activiti.engine.impl.cfg.standalone.StandaloneMybatisTransactionContext  - firing event committing...
10:48:01,287 [main] DEBUG org.activiti.engine.impl.cfg.standalone.StandaloneMybatisTransactionContext  - committing the ibatis sql session...
10:48:01,287 [main] DEBUG org.apache.ibatis.transaction.jdbc.JdbcTransaction  - Committing JDBC Connection [conn4: url=jdbc:h2:mem:activiti user=SA]
10:48:01,287 [main] DEBUG org.activiti.engine.impl.cfg.standalone.StandaloneMybatisTransactionContext  - firing event committed...
10:48:01,287 [main] DEBUG org.apache.ibatis.transaction.jdbc.JdbcTransaction  - Resetting autocommit to true on JDBC Connection [conn4: url=jdbc:h2:mem:activiti user=SA]
10:48:01,287 [main] DEBUG org.apache.ibatis.transaction.jdbc.JdbcTransaction  - Closing JDBC Connection [conn4: url=jdbc:h2:mem:activiti user=SA]
10:48:01,287 [main] DEBUG org.apache.ibatis.datasource.pooled.PooledDataSource  - Returned connection 297240765 to pool.
10:48:01,287 [main] DEBUG org.activiti.engine.impl.interceptor.LogInterceptor  - --- SaveTaskCmd finished --------------------------------------------------------
10:48:01,287 [main] DEBUG org.activiti.engine.impl.interceptor.LogInterceptor  - 

10:48:01,287 [main] DEBUG org.activiti.engine.impl.interceptor.LogInterceptor  - 

10:48:01,287 [main] DEBUG org.activiti.engine.impl.interceptor.LogInterceptor  - --- starting SaveTaskCmd --------------------------------------------------------
10:48:01,287 [main] DEBUG org.activiti.engine.impl.history.DefaultHistoryManager  - Current history level: FULL, level required: AUDIT
10:48:01,287 [main] DEBUG org.apache.ibatis.transaction.jdbc.JdbcTransaction  - Opening JDBC Connection
10:48:01,287 [main] DEBUG org.apache.ibatis.datasource.pooled.PooledDataSource  - Checked out connection 486346394 from pool.
10:48:01,287 [main] DEBUG org.apache.ibatis.transaction.jdbc.JdbcTransaction  - Setting autocommit to false on JDBC Connection [conn6: url=jdbc:h2:mem:activiti user=SA]
10:48:01,287 [main] DEBUG org.activiti.engine.impl.persistence.entity.HistoricTaskInstanceEntity.selectHistoricTaskInstance  - ==&gt;  Preparing: select * from ACT_HI_TASKINST where ID_ = ? 
10:48:01,287 [main] DEBUG org.activiti.engine.impl.persistence.entity.HistoricTaskInstanceEntity.selectHistoricTaskInstance  - ==&gt; Parameters: 2248(String)
10:48:01,287 [main] DEBUG org.activiti.engine.impl.persistence.entity.HistoricTaskInstanceEntity.selectHistoricTaskInstance  - &lt;==      Total: 1
10:48:01,287 [main] DEBUG org.activiti.engine.impl.history.DefaultHistoryManager  - Current history level: FULL, level required: AUDIT
10:48:01,287 [main] DEBUG org.activiti.engine.impl.history.DefaultHistoryManager  - Current history level: FULL, level required: AUDIT
10:48:01,287 [main] DEBUG org.activiti.engine.impl.history.DefaultHistoryManager  - Current history level: FULL, level required: AUDIT
10:48:01,287 [main] DEBUG org.activiti.engine.impl.history.DefaultHistoryManager  - Current history level: FULL, level required: AUDIT
10:48:01,287 [main] DEBUG org.activiti.engine.impl.history.DefaultHistoryManager  - Current history level: FULL, level required: AUDIT
10:48:01,287 [main] DEBUG org.activiti.engine.impl.history.DefaultHistoryManager  - Current history level: FULL, level required: AUDIT
10:48:01,288 [main] DEBUG org.activiti.engine.impl.history.DefaultHistoryManager  - Current history level: FULL, level required: AUDIT
10:48:01,288 [main] DEBUG org.activiti.engine.impl.db.DbSqlSession  -   update Task[id=2248, name=null]
10:48:01,288 [main] DEBUG org.activiti.engine.impl.db.DbSqlSession  -   update HistoricTaskInstanceEntity[id=2248, name=null]
10:48:01,288 [main] DEBUG org.activiti.engine.impl.db.DbSqlSession  - flush summary: 0 insert, 2 update, 0 delete.
10:48:01,288 [main] DEBUG org.activiti.engine.impl.db.DbSqlSession  - now executing flush...
10:48:01,288 [main] DEBUG org.activiti.engine.impl.db.DbSqlSession  - updating: Task[id=2248, name=null]
10:48:01,288 [main] DEBUG org.activiti.engine.impl.persistence.entity.TaskEntity.updateTask  - ==&gt;  Preparing: update ACT_RU_TASK SET REV_ = ?, NAME_ = ?, PARENT_TASK_ID_ = ?, PRIORITY_ = ?, CREATE_TIME_ = ?, OWNER_ = ?, ASSIGNEE_ = ?, DELEGATION_ = ?, EXECUTION_ID_ = ?, PROC_DEF_ID_ = ?, DESCRIPTION_ = ?, DUE_DATE_ = ?, CATEGORY_ = ?, SUSPENSION_STATE_ = ?, FORM_KEY_ = ? where ID_= ? and REV_ = ? 
10:48:01,288 [main] DEBUG org.activiti.engine.impl.persistence.entity.TaskEntity.updateTask  - ==&gt; Parameters: 2(Integer), null, null, 50(Integer), 2023-03-20 10:48:01.286(Timestamp), null, kermit(String), null, null, null, null, null, null, 1(Integer), null, 2248(String), 1(Integer)
10:48:01,288 [main] DEBUG org.activiti.engine.impl.persistence.entity.TaskEntity.updateTask  - &lt;==    Updates: 1
10:48:01,288 [main] DEBUG org.activiti.engine.impl.db.DbSqlSession  - updating: HistoricTaskInstanceEntity[id=2248, name=null]
10:48:01,288 [main] DEBUG org.activiti.engine.impl.persistence.entity.HistoricTaskInstanceEntity.updateHistoricTaskInstance  - ==&gt;  Preparing: update ACT_HI_TASKINST set EXECUTION_ID_ = ?, NAME_ = ?, PARENT_TASK_ID_ = ?, DESCRIPTION_ = ?, OWNER_ = ?, ASSIGNEE_ = ?, CLAIM_TIME_ = ?, END_TIME_ = ?, DURATION_ = ?, DELETE_REASON_ = ?, TASK_DEF_KEY_ = ?, FORM_KEY_ = ?, PRIORITY_ = ?, DUE_DATE_ = ?, CATEGORY_ = ? where ID_ = ? 
10:48:01,288 [main] DEBUG org.activiti.engine.impl.persistence.entity.HistoricTaskInstanceEntity.updateHistoricTaskInstance  - ==&gt; Parameters: null, null, null, null, null, kermit(String), null, null, null, null, null, null, 50(Integer), null, null, 2248(String)
10:48:01,288 [main] DEBUG org.activiti.engine.impl.persistence.entity.HistoricTaskInstanceEntity.updateHistoricTaskInstance  - &lt;==    Updates: 1
10:48:01,288 [main] DEBUG org.activiti.engine.impl.cfg.standalone.StandaloneMybatisTransactionContext  - firing event committing...
10:48:01,288 [main] DEBUG org.activiti.engine.impl.cfg.standalone.StandaloneMybatisTransactionContext  - committing the ibatis sql session...
10:48:01,288 [main] DEBUG org.apache.ibatis.transaction.jdbc.JdbcTransaction  - Committing JDBC Connection [conn6: url=jdbc:h2:mem:activiti user=SA]
10:48:01,288 [main] DEBUG org.activiti.engine.impl.cfg.standalone.StandaloneMybatisTransactionContext  - firing event committed...
10:48:01,288 [main] DEBUG org.apache.ibatis.transaction.jdbc.JdbcTransaction  - Resetting autocommit to true on JDBC Connection [conn6: url=jdbc:h2:mem:activiti user=SA]
10:48:01,288 [main] DEBUG org.apache.ibatis.transaction.jdbc.JdbcTransaction  - Closing JDBC Connection [conn6: url=jdbc:h2:mem:activiti user=SA]
10:48:01,288 [main] DEBUG org.apache.ibatis.datasource.pooled.PooledDataSource  - Returned connection 486346394 to pool.
10:48:01,288 [main] DEBUG org.activiti.engine.impl.interceptor.LogInterceptor  - --- SaveTaskCmd finished --------------------------------------------------------
10:48:01,288 [main] DEBUG org.activiti.engine.impl.interceptor.LogInterceptor  - 

10:48:01,288 [main] DEBUG org.activiti.engine.impl.interceptor.LogInterceptor  - 

10:48:01,288 [main] DEBUG org.activiti.engine.impl.interceptor.LogInterceptor  - --- starting TaskQueryImpl --------------------------------------------------------
10:48:01,288 [main] DEBUG org.apache.ibatis.transaction.jdbc.JdbcTransaction  - Opening JDBC Connection
10:48:01,288 [main] DEBUG org.apache.ibatis.datasource.pooled.PooledDataSource  - Checked out connection 363509958 from pool.
10:48:01,288 [main] DEBUG org.apache.ibatis.transaction.jdbc.JdbcTransaction  - Setting autocommit to false on JDBC Connection [conn2: url=jdbc:h2:mem:activiti user=SA]
10:48:01,288 [main] DEBUG org.activiti.engine.impl.persistence.entity.TaskEntity.selectTaskByQueryCriteria  - ==&gt;  Preparing: select distinct RES.* from ACT_RU_TASK RES order by order by RES.ID_ asc LIMIT ? OFFSET ? 
10:48:01,289 [main] DEBUG org.activiti.engine.impl.interceptor.CommandContext  - Error while closing command context
org.apache.ibatis.exceptions.PersistenceException: 
### Error querying database.  Cause: org.h2.jdbc.JdbcSQLException: Syntax error in SQL statement &quot;SELECT DISTINCT RES.* 
       
    FROM ACT_RU_TASK RES
     
     
     
     
    
     
     
     
      
   
    
     ORDER BY  ORDER[*] BY RES.ID_ ASC  
    LIMIT ? OFFSET ? &quot;; expected &quot;=, NOT, EXISTS, INTERSECTS, SELECT, FROM&quot;; SQL statement:
select distinct RES.* 
       
    from ACT_RU_TASK RES
     
     
     
     
    
     
     
     
      
   
    
     order by  order by RES.ID_ asc  
    LIMIT ? OFFSET ? [42001-176]
### The error may exist in org/activiti/db/mapping/entity/Task.xml
### The error may involve org.activiti.engine.impl.persistence.entity.TaskEntity.selectTaskByQueryCriteria
### The error occurred while executing a query
### SQL: select distinct RES.*              from ACT_RU_TASK RES                                                                     order by  order by RES.ID_ asc       LIMIT ? OFFSET ?
### Cause: org.h2.jdbc.JdbcSQLException: Syntax error in SQL statement &quot;SELECT DISTINCT RES.* 
       
    FROM ACT_RU_TASK RES
     
     
     
     
    
     
     
     
      
   
    
     ORDER BY  ORDER[*] BY RES.ID_ ASC  
    LIMIT ? OFFSET ? &quot;; expected &quot;=, NOT, EXISTS, INTERSECTS, SELECT, FROM&quot;; SQL statement:
select distinct RES.* 
       
    from ACT_RU_TASK RES
     
     
     
     
    
     
     
     
      
   
    
     order by  order by RES.ID_ asc  
    LIMIT ? OFFSET ? [42001-176]
	at org.apache.ibatis.exceptions.ExceptionFactory.wrapException(ExceptionFactory.java:30)
	at org.apache.ibatis.session.defaults.DefaultSqlSession.selectList(DefaultSqlSession.java:122)
	at org.apache.ibatis.session.defaults.DefaultSqlSession.selectList(DefaultSqlSession.java:113)
	at org.activiti.engine.impl.db.DbSqlSession.selectListWithRawParameter(DbSqlSession.java:438)
	at org.activiti.engine.impl.db.DbSqlSession.selectList(DbSqlSession.java:429)
	at org.activiti.engine.impl.persistence.entity.TaskEntityManager.findTasksByQueryCriteria(TaskEntityManager.java:135)
	at org.activiti.engine.impl.TaskQueryImpl.executeList(TaskQueryImpl.java:1256)
	at org.activiti.engine.impl.AbstractQuery.executeSingleResult(AbstractQuery.java:183)
	at org.activiti.engine.impl.AbstractQuery.execute(AbstractQuery.java:166)
	at org.activiti.engine.impl.interceptor.CommandInvoker.execute(CommandInvoker.java:24)
	at org.activiti.engine.impl.interceptor.CommandContextInterceptor.execute(CommandContextInterceptor.java:57)
	at org.activiti.engine.impl.interceptor.LogInterceptor.execute(LogInterceptor.java:37)
	at org.activiti.engine.impl.cfg.CommandExecutorImpl.execute(CommandExecutorImpl.java:40)
	at org.activiti.engine.impl.cfg.CommandExecutorImpl.execute(CommandExecutorImpl.java:35)
	at org.activiti.engine.impl.AbstractQuery.singleResult(AbstractQuery.java:129)
	at org.activiti.examples.task.StandaloneTaskTest.testRevisionUpdatedOnSaveWhenFetchedUsingQuery(StandaloneTaskTest.java:138)
	at sun.reflect.NativeMethodAccessorImpl.invoke0(Native Method)
	at sun.reflect.NativeMethodAccessorImpl.invoke(NativeMethodAccessorImpl.java:62)
	at sun.reflect.DelegatingMethodAccessorImpl.invoke(DelegatingMethodAccessorImpl.java:43)
	at java.lang.reflect.Method.invoke(Method.java:498)
	at junit.framework.TestCase.runTest(TestCase.java:176)
	at org.activiti.engine.impl.test.PvmTestCase.runTest(PvmTestCase.java:65)
	at junit.framework.TestCase.runBare(TestCase.java:141)
	at org.activiti.engine.impl.test.AbstractActivitiTestCase.runBare(AbstractActivitiTestCase.java:100)
	at junit.framework.TestResult$1.protect(TestResult.java:122)
	at junit.framework.TestResult.runProtected(TestResult.java:142)
	at junit.framework.TestResult.run(TestResult.java:125)
	at junit.framework.TestCase.run(TestCase.java:129)
	at junit.framework.TestSuite.runTest(TestSuite.java:255)
	at junit.framework.TestSuite.run(TestSuite.java:250)
	at org.junit.internal.runners.JUnit38ClassRunner.run(JUnit38ClassRunner.java:84)
	at org.apache.maven.surefire.junit4.JUnit4TestSet.execute(JUnit4TestSet.java:35)
	at org.apache.maven.surefire.junit4.JUnit4Provider.executeTestSet(JUnit4Provider.java:146)
	at org.apache.maven.surefire.junit4.JUnit4Provider.invoke(JUnit4Provider.java:97)
	at sun.reflect.NativeMethodAccessorImpl.invoke0(Native Method)
	at sun.reflect.NativeMethodAccessorImpl.invoke(NativeMethodAccessorImpl.java:62)
	at sun.reflect.DelegatingMethodAccessorImpl.invoke(DelegatingMethodAccessorImpl.java:43)
	at java.lang.reflect.Method.invoke(Method.java:498)
	at org.apache.maven.surefire.booter.ProviderFactory$ClassLoaderProxy.invoke(ProviderFactory.java:103)
	at com.sun.proxy.$Proxy0.invoke(Unknown Source)
	at org.apache.maven.surefire.booter.SurefireStarter.invokeProvider(SurefireStarter.java:145)
	at org.apache.maven.surefire.booter.SurefireStarter.runSuitesInProcess(SurefireStarter.java:87)
	at org.apache.maven.surefire.booter.ForkedBooter.main(ForkedBooter.java:69)
Caused by: org.h2.jdbc.JdbcSQLException: Syntax error in SQL statement &quot;SELECT DISTINCT RES.* 
       
    FROM ACT_RU_TASK RES
     
     
     
     
    
     
     
     
      
   
    
     ORDER BY  ORDER[*] BY RES.ID_ ASC  
    LIMIT ? OFFSET ? &quot;; expected &quot;=, NOT, EXISTS, INTERSECTS, SELECT, FROM&quot;; SQL statement:
select distinct RES.* 
       
    from ACT_RU_TASK RES
     
     
     
     
    
     
     
     
      
   
    
     order by  order by RES.ID_ asc  
    LIMIT ? OFFSET ? [42001-176]
	at org.h2.message.DbException.getJdbcSQLException(DbException.java:344)
	at org.h2.message.DbException.getSyntaxError(DbException.java:204)
	at org.h2.command.Parser.getSyntaxError(Parser.java:524)
	at org.h2.command.Parser.readTerm(Parser.java:2688)
	at org.h2.command.Parser.readFactor(Parser.java:2244)
	at org.h2.command.Parser.readSum(Parser.java:2231)
	at org.h2.command.Parser.readConcat(Parser.java:2201)
	at org.h2.command.Parser.readCondition(Parser.java:2051)
	at org.h2.command.Parser.readAnd(Parser.java:2023)
	at org.h2.command.Parser.readExpression(Parser.java:2015)
	at org.h2.command.Parser.parseEndOfQuery(Parser.java:1726)
	at org.h2.command.Parser.parseSelectUnionExtension(Parser.java:1706)
	at org.h2.command.Parser.parseSelectUnion(Parser.java:1675)
	at org.h2.command.Parser.parseSelect(Parser.java:1662)
	at org.h2.command.Parser.parsePrepared(Parser.java:434)
	at org.h2.command.Parser.parse(Parser.java:306)
	at org.h2.command.Parser.parse(Parser.java:282)
	at org.h2.command.Parser.prepareCommand(Parser.java:243)
	at org.h2.engine.Session.prepareLocal(Session.java:442)
	at org.h2.engine.Session.prepareCommand(Session.java:384)
	at org.h2.jdbc.JdbcConnection.prepareCommand(JdbcConnection.java:1188)
	at org.h2.jdbc.JdbcPreparedStatement.&lt;init&gt;(JdbcPreparedStatement.java:73)
	at org.h2.jdbc.JdbcConnection.prepareStatement(JdbcConnection.java:276)
	at sun.reflect.GeneratedMethodAccessor6.invoke(Unknown Source)
	at sun.reflect.DelegatingMethodAccessorImpl.invoke(DelegatingMethodAccessorImpl.java:43)
	at java.lang.reflect.Method.invoke(Method.java:498)
	at org.apache.ibatis.datasource.pooled.PooledConnection.invoke(PooledConnection.java:245)
	at com.sun.proxy.$Proxy12.prepareStatement(Unknown Source)
	at sun.reflect.GeneratedMethodAccessor6.invoke(Unknown Source)
	at sun.reflect.DelegatingMethodAccessorImpl.invoke(DelegatingMethodAccessorImpl.java:43)
	at java.lang.reflect.Method.invoke(Method.java:498)
	at org.apache.ibatis.logging.jdbc.ConnectionLogger.invoke(ConnectionLogger.java:55)
	at com.sun.proxy.$Proxy12.prepareStatement(Unknown Source)
	at org.apache.ibatis.executor.statement.PreparedStatementHandler.instantiateStatement(PreparedStatementHandler.java:79)
	at org.apache.ibatis.executor.statement.BaseStatementHandler.prepare(BaseStatementHandler.java:88)
	at org.apache.ibatis.executor.statement.RoutingStatementHandler.prepare(RoutingStatementHandler.java:58)
	at org.apache.ibatis.executor.SimpleExecutor.prepareStatement(SimpleExecutor.java:76)
	at org.apache.ibatis.executor.SimpleExecutor.doQuery(SimpleExecutor.java:61)
	at org.apache.ibatis.executor.BaseExecutor.queryFromDatabase(BaseExecutor.java:303)
	at org.apache.ibatis.executor.BaseExecutor.query(BaseExecutor.java:154)
	at org.apache.ibatis.executor.CachingExecutor.query(CachingExecutor.java:102)
	at org.apache.ibatis.executor.CachingExecutor.query(CachingExecutor.java:82)
	at org.apache.ibatis.session.defaults.DefaultSqlSession.selectList(DefaultSqlSession.java:120)
	... 41 more
10:48:01,290 [main] DEBUG org.activiti.engine.impl.cfg.standalone.StandaloneMybatisTransactionContext  - firing event rolling back...
10:48:01,290 [main] DEBUG org.activiti.engine.impl.cfg.standalone.StandaloneMybatisTransactionContext  - rolling back ibatis sql session...
10:48:01,290 [main] DEBUG org.activiti.engine.impl.cfg.standalone.StandaloneMybatisTransactionContext  - firing event rolled back...
10:48:01,290 [main] DEBUG org.apache.ibatis.transaction.jdbc.JdbcTransaction  - Resetting autocommit to true on JDBC Connection [conn2: url=jdbc:h2:mem:activiti user=SA]
10:48:01,290 [main] DEBUG org.apache.ibatis.transaction.jdbc.JdbcTransaction  - Closing JDBC Connection [conn2: url=jdbc:h2:mem:activiti user=SA]
10:48:01,290 [main] DEBUG org.apache.ibatis.datasource.pooled.PooledDataSource  - Returned connection 363509958 to pool.
10:48:01,290 [main] DEBUG org.activiti.engine.impl.interceptor.LogInterceptor  - --- TaskQueryImpl finished --------------------------------------------------------
10:48:01,290 [main] DEBUG org.activiti.engine.impl.interceptor.LogInterceptor  - 

10:48:01,290 [main] ERROR org.activiti.engine.impl.test.PvmTestCase  - 

10:48:01,290 [main] ERROR org.activiti.engine.impl.test.PvmTestCase  - EXCEPTION: org.apache.ibatis.exceptions.PersistenceException: 
### Error querying database.  Cause: org.h2.jdbc.JdbcSQLException: Syntax error in SQL statement &quot;SELECT DISTINCT RES.* 
       
    FROM ACT_RU_TASK RES
     
     
     
     
    
     
     
     
      
   
    
     ORDER BY  ORDER[*] BY RES.ID_ ASC  
    LIMIT ? OFFSET ? &quot;; expected &quot;=, NOT, EXISTS, INTERSECTS, SELECT, FROM&quot;; SQL statement:
select distinct RES.* 
       
    from ACT_RU_TASK RES
     
     
     
     
    
     
     
     
      
   
    
     order by  order by RES.ID_ asc  
    LIMIT ? OFFSET ? [42001-176]
### The error may exist in org/activiti/db/mapping/entity/Task.xml
### The error may involve org.activiti.engine.impl.persistence.entity.TaskEntity.selectTaskByQueryCriteria
### The error occurred while executing a query
### SQL: select distinct RES.*              from ACT_RU_TASK RES                                                                     order by  order by RES.ID_ asc       LIMIT ? OFFSET ?
### Cause: org.h2.jdbc.JdbcSQLException: Syntax error in SQL statement &quot;SELECT DISTINCT RES.* 
       
    FROM ACT_RU_TASK RES
     
     
     
     
    
     
     
     
      
   
    
     ORDER BY  ORDER[*] BY RES.ID_ ASC  
    LIMIT ? OFFSET ? &quot;; expected &quot;=, NOT, EXISTS, INTERSECTS, SELECT, FROM&quot;; SQL statement:
select distinct RES.* 
       
    from ACT_RU_TASK RES
     
     
     
     
    
     
     
     
      
   
    
     order by  order by RES.ID_ asc  
    LIMIT ? OFFSET ? [42001-176]
org.apache.ibatis.exceptions.PersistenceException: 
### Error querying database.  Cause: org.h2.jdbc.JdbcSQLException: Syntax error in SQL statement &quot;SELECT DISTINCT RES.* 
       
    FROM ACT_RU_TASK RES
     
     
     
     
    
     
     
     
      
   
    
     ORDER BY  ORDER[*] BY RES.ID_ ASC  
    LIMIT ? OFFSET ? &quot;; expected &quot;=, NOT, EXISTS, INTERSECTS, SELECT, FROM&quot;; SQL statement:
select distinct RES.* 
       
    from ACT_RU_TASK RES
     
     
     
     
    
     
     
     
      
   
    
     order by  order by RES.ID_ asc  
    LIMIT ? OFFSET ? [42001-176]
### The error may exist in org/activiti/db/mapping/entity/Task.xml
### The error may involve org.activiti.engine.impl.persistence.entity.TaskEntity.selectTaskByQueryCriteria
### The error occurred while executing a query
### SQL: select distinct RES.*              from ACT_RU_TASK RES                                                                     order by  order by RES.ID_ asc       LIMIT ? OFFSET ?
### Cause: org.h2.jdbc.JdbcSQLException: Syntax error in SQL statement &quot;SELECT DISTINCT RES.* 
       
    FROM ACT_RU_TASK RES
     
     
     
     
    
     
     
     
      
   
    
     ORDER BY  ORDER[*] BY RES.ID_ ASC  
    LIMIT ? OFFSET ? &quot;; expected &quot;=, NOT, EXISTS, INTERSECTS, SELECT, FROM&quot;; SQL statement:
select distinct RES.* 
       
    from ACT_RU_TASK RES
     
     
     
     
    
     
     
     
      
   
    
     order by  order by RES.ID_ asc  
    LIMIT ? OFFSET ? [42001-176]
	at org.apache.ibatis.exceptions.ExceptionFactory.wrapException(ExceptionFactory.java:30)
	at org.apache.ibatis.session.defaults.DefaultSqlSession.selectList(DefaultSqlSession.java:122)
	at org.apache.ibatis.session.defaults.DefaultSqlSession.selectList(DefaultSqlSession.java:113)
	at org.activiti.engine.impl.db.DbSqlSession.selectListWithRawParameter(DbSqlSession.java:438)
	at org.activiti.engine.impl.db.DbSqlSession.selectList(DbSqlSession.java:429)
	at org.activiti.engine.impl.persistence.entity.TaskEntityManager.findTasksByQueryCriteria(TaskEntityManager.java:135)
	at org.activiti.engine.impl.TaskQueryImpl.executeList(TaskQueryImpl.java:1256)
	at org.activiti.engine.impl.AbstractQuery.executeSingleResult(AbstractQuery.java:183)
	at org.activiti.engine.impl.AbstractQuery.execute(AbstractQuery.java:166)
	at org.activiti.engine.impl.interceptor.CommandInvoker.execute(CommandInvoker.java:24)
	at org.activiti.engine.impl.interceptor.CommandContextInterceptor.execute(CommandContextInterceptor.java:57)
	at org.activiti.engine.impl.interceptor.LogInterceptor.execute(LogInterceptor.java:37)
	at org.activiti.engine.impl.cfg.CommandExecutorImpl.execute(CommandExecutorImpl.java:40)
	at org.activiti.engine.impl.cfg.CommandExecutorImpl.execute(CommandExecutorImpl.java:35)
	at org.activiti.engine.impl.AbstractQuery.singleResult(AbstractQuery.java:129)
	at org.activiti.examples.task.StandaloneTaskTest.testRevisionUpdatedOnSaveWhenFetchedUsingQuery(StandaloneTaskTest.java:138)
	at sun.reflect.NativeMethodAccessorImpl.invoke0(Native Method)
	at sun.reflect.NativeMethodAccessorImpl.invoke(NativeMethodAccessorImpl.java:62)
	at sun.reflect.DelegatingMethodAccessorImpl.invoke(DelegatingMethodAccessorImpl.java:43)
	at java.lang.reflect.Method.invoke(Method.java:498)
	at junit.framework.TestCase.runTest(TestCase.java:176)
	at org.activiti.engine.impl.test.PvmTestCase.runTest(PvmTestCase.java:65)
	at junit.framework.TestCase.runBare(TestCase.java:141)
	at org.activiti.engine.impl.test.AbstractActivitiTestCase.runBare(AbstractActivitiTestCase.java:100)
	at junit.framework.TestResult$1.protect(TestResult.java:122)
	at junit.framework.TestResult.runProtected(TestResult.java:142)
	at junit.framework.TestResult.run(TestResult.java:125)
	at junit.framework.TestCase.run(TestCase.java:129)
	at junit.framework.TestSuite.runTest(TestSuite.java:255)
	at junit.framework.TestSuite.run(TestSuite.java:250)
	at org.junit.internal.runners.JUnit38ClassRunner.run(JUnit38ClassRunner.java:84)
	at org.apache.maven.surefire.junit4.JUnit4TestSet.execute(JUnit4TestSet.java:35)
	at org.apache.maven.surefire.junit4.JUnit4Provider.executeTestSet(JUnit4Provider.java:146)
	at org.apache.maven.surefire.junit4.JUnit4Provider.invoke(JUnit4Provider.java:97)
	at sun.reflect.NativeMethodAccessorImpl.invoke0(Native Method)
	at sun.reflect.NativeMethodAccessorImpl.invoke(NativeMethodAccessorImpl.java:62)
	at sun.reflect.DelegatingMethodAccessorImpl.invoke(DelegatingMethodAccessorImpl.java:43)
	at java.lang.reflect.Method.invoke(Method.java:498)
	at org.apache.maven.surefire.booter.ProviderFactory$ClassLoaderProxy.invoke(ProviderFactory.java:103)
	at com.sun.proxy.$Proxy0.invoke(Unknown Source)
	at org.apache.maven.surefire.booter.SurefireStarter.invokeProvider(SurefireStarter.java:145)
	at org.apache.maven.surefire.booter.SurefireStarter.runSuitesInProcess(SurefireStarter.java:87)
	at org.apache.maven.surefire.booter.ForkedBooter.main(ForkedBooter.java:69)
Caused by: org.h2.jdbc.JdbcSQLException: Syntax error in SQL statement &quot;SELECT DISTINCT RES.* 
       
    FROM ACT_RU_TASK RES
     
     
     
     
    
     
     
     
      
   
    
     ORDER BY  ORDER[*] BY RES.ID_ ASC  
    LIMIT ? OFFSET ? &quot;; expected &quot;=, NOT, EXISTS, INTERSECTS, SELECT, FROM&quot;; SQL statement:
select distinct RES.* 
       
    from ACT_RU_TASK RES
     
     
     
     
    
     
     
     
      
   
    
     order by  order by RES.ID_ asc  
    LIMIT ? OFFSET ? [42001-176]
	at org.h2.message.DbException.getJdbcSQLException(DbException.java:344)
	at org.h2.message.DbException.getSyntaxError(DbException.java:204)
	at org.h2.command.Parser.getSyntaxError(Parser.java:524)
	at org.h2.command.Parser.readTerm(Parser.java:2688)
	at org.h2.command.Parser.readFactor(Parser.java:2244)
	at org.h2.command.Parser.readSum(Parser.java:2231)
	at org.h2.command.Parser.readConcat(Parser.java:2201)
	at org.h2.command.Parser.readCondition(Parser.java:2051)
	at org.h2.command.Parser.readAnd(Parser.java:2023)
	at org.h2.command.Parser.readExpression(Parser.java:2015)
	at org.h2.command.Parser.parseEndOfQuery(Parser.java:1726)
	at org.h2.command.Parser.parseSelectUnionExtension(Parser.java:1706)
	at org.h2.command.Parser.parseSelectUnion(Parser.java:1675)
	at org.h2.command.Parser.parseSelect(Parser.java:1662)
	at org.h2.command.Parser.parsePrepared(Parser.java:434)
	at org.h2.command.Parser.parse(Parser.java:306)
	at org.h2.command.Parser.parse(Parser.java:282)
	at org.h2.command.Parser.prepareCommand(Parser.java:243)
	at org.h2.engine.Session.prepareLocal(Session.java:442)
	at org.h2.engine.Session.prepareCommand(Session.java:384)
	at org.h2.jdbc.JdbcConnection.prepareCommand(JdbcConnection.java:1188)
	at org.h2.jdbc.JdbcPreparedStatement.&lt;init&gt;(JdbcPreparedStatement.java:73)
	at org.h2.jdbc.JdbcConnection.prepareStatement(JdbcConnection.java:276)
	at sun.reflect.GeneratedMethodAccessor6.invoke(Unknown Source)
	at sun.reflect.DelegatingMethodAccessorImpl.invoke(DelegatingMethodAccessorImpl.java:43)
	at java.lang.reflect.Method.invoke(Method.java:498)
	at org.apache.ibatis.datasource.pooled.PooledConnection.invoke(PooledConnection.java:245)
	at com.sun.proxy.$Proxy12.prepareStatement(Unknown Source)
	at sun.reflect.GeneratedMethodAccessor6.invoke(Unknown Source)
	at sun.reflect.DelegatingMethodAccessorImpl.invoke(DelegatingMethodAccessorImpl.java:43)
	at java.lang.reflect.Method.invoke(Method.java:498)
	at org.apache.ibatis.logging.jdbc.ConnectionLogger.invoke(ConnectionLogger.java:55)
	at com.sun.proxy.$Proxy12.prepareStatement(Unknown Source)
	at org.apache.ibatis.executor.statement.PreparedStatementHandler.instantiateStatement(PreparedStatementHandler.java:79)
	at org.apache.ibatis.executor.statement.BaseStatementHandler.prepare(BaseStatementHandler.java:88)
	at org.apache.ibatis.executor.statement.RoutingStatementHandler.prepare(RoutingStatementHandler.java:58)
	at org.apache.ibatis.executor.SimpleExecutor.prepareStatement(SimpleExecutor.java:76)
	at org.apache.ibatis.executor.SimpleExecutor.doQuery(SimpleExecutor.java:61)
	at org.apache.ibatis.executor.BaseExecutor.queryFromDatabase(BaseExecutor.java:303)
	at org.apache.ibatis.executor.BaseExecutor.query(BaseExecutor.java:154)
	at org.apache.ibatis.executor.CachingExecutor.query(CachingExecutor.java:102)
	at org.apache.ibatis.executor.CachingExecutor.query(CachingExecutor.java:82)
	at org.apache.ibatis.session.defaults.DefaultSqlSession.selectList(DefaultSqlSession.java:120)
	... 41 more
10:48:01,290 [main] DEBUG org.activiti.engine.impl.test.PvmTestCase  - #### END StandaloneTaskTest.testRevisionUpdatedOnSaveWhenFetchedUsingQuery #############################################################
10:48:01,290 [main] DEBUG org.activiti.engine.impl.interceptor.LogInterceptor  - 

10:48:01,290 [main] DEBUG org.activiti.engine.impl.interceptor.LogInterceptor  - --- starting DeleteUserCmd --------------------------------------------------------
10:48:01,290 [main] DEBUG org.apache.ibatis.transaction.jdbc.JdbcTransaction  - Opening JDBC Connection
10:48:01,290 [main] DEBUG org.apache.ibatis.datasource.pooled.PooledDataSource  - Checked out connection 180014677 from pool.
10:48:01,290 [main] DEBUG org.apache.ibatis.transaction.jdbc.JdbcTransaction  - Setting autocommit to false on JDBC Connection [conn3: url=jdbc:h2:mem:activiti user=SA]
10:48:01,290 [main] DEBUG org.activiti.engine.impl.persistence.entity.UserEntity.selectUserById  - ==&gt;  Preparing: select * from ACT_ID_USER where ID_ = ? 
10:48:01,290 [main] DEBUG org.activiti.engine.impl.persistence.entity.UserEntity.selectUserById  - ==&gt; Parameters: kermit(String)
10:48:01,291 [main] DEBUG org.activiti.engine.impl.persistence.entity.UserEntity.selectUserById  - &lt;==      Total: 1
10:48:01,291 [main] DEBUG org.activiti.engine.impl.persistence.entity.IdentityInfoEntity.selectIdentityInfoByUserId  - ==&gt;  Preparing: select * from ACT_ID_INFO where USER_ID_ = ? 
10:48:01,291 [main] DEBUG org.activiti.engine.impl.persistence.entity.IdentityInfoEntity.selectIdentityInfoByUserId  - ==&gt; Parameters: kermit(String)
10:48:01,291 [main] DEBUG org.activiti.engine.impl.persistence.entity.IdentityInfoEntity.selectIdentityInfoByUserId  - &lt;==      Total: 0
10:48:01,291 [main] DEBUG org.activiti.engine.impl.db.DbSqlSession  -   bulk delete: deleteMembershipsByUserId(kermit)
10:48:01,291 [Thread-112] DEBUG org.activiti.engine.impl.asyncexecutor.AcquireAsyncJobsDueRunnable  - async job acquisition thread woke up
10:48:01,291 [Thread-112] DEBUG org.activiti.engine.impl.interceptor.LogInterceptor  - 

10:48:01,291 [Thread-112] DEBUG org.activiti.engine.impl.interceptor.LogInterceptor  - --- starting AcquireAsyncJobsDueCmd --------------------------------------------------------
10:48:01,291 [main] DEBUG org.activiti.engine.impl.db.DbSqlSession  -   delete org.activiti.engine.impl.persistence.entity.UserEntity@6550cebb
10:48:01,291 [main] DEBUG org.activiti.engine.impl.db.DbSqlSession  - flush summary: 0 insert, 0 update, 2 delete.
10:48:01,291 [main] DEBUG org.activiti.engine.impl.db.DbSqlSession  - now executing flush...
10:48:01,291 [main] DEBUG org.activiti.engine.impl.db.DbSqlSession  - executing: bulk delete: deleteMembershipsByUserId(kermit)
10:48:01,291 [main] DEBUG org.activiti.engine.impl.persistence.entity.MembershipRelation.deleteMembershipsByUserId  - ==&gt;  Preparing: delete from ACT_ID_MEMBERSHIP where USER_ID_ = ? 
10:48:01,291 [Thread-112] DEBUG org.apache.ibatis.transaction.jdbc.JdbcTransaction  - Opening JDBC Connection
10:48:01,291 [Thread-112] DEBUG org.apache.ibatis.datasource.pooled.PooledDataSource  - Checked out connection 58501658 from pool.
10:48:01,292 [Thread-112] DEBUG org.apache.ibatis.transaction.jdbc.JdbcTransaction  - Setting autocommit to false on JDBC Connection [conn68: url=jdbc:h2:mem:activiti-AsyncExecutorTest user=SA]
10:48:01,291 [main] DEBUG org.activiti.engine.impl.persistence.entity.MembershipRelation.deleteMembershipsByUserId  - ==&gt; Parameters: kermit(String)
10:48:01,292 [Thread-112] DEBUG org.activiti.engine.impl.persistence.entity.JobEntity.selectAsyncJobsDueToExecute  - ==&gt;  Preparing: select RES.* from ACT_RU_JOB RES LEFT OUTER JOIN ACT_RU_EXECUTION PI ON PI.ID_ = RES.PROCESS_INSTANCE_ID_ where RES.RETRIES_ &gt; 0 and RES.DUEDATE_ is not null and RES.DUEDATE_ &lt;= ? and (RES.LOCK_EXP_TIME_ is null or RES.LOCK_EXP_TIME_ &lt;= ?) and TYPE_ = &apos;message&apos; and ( (RES.EXECUTION_ID_ is null) or (PI.SUSPENSION_STATE_ = 1) ) LIMIT ? OFFSET ? 
10:48:01,292 [main] DEBUG org.activiti.engine.impl.persistence.entity.MembershipRelation.deleteMembershipsByUserId  - &lt;==    Updates: 0
10:48:01,292 [main] DEBUG org.activiti.engine.impl.db.DbSqlSession  - executing: delete org.activiti.engine.impl.persistence.entity.UserEntity@6550cebb
10:48:01,292 [Thread-112] DEBUG org.activiti.engine.impl.persistence.entity.JobEntity.selectAsyncJobsDueToExecute  - ==&gt; Parameters: 2023-03-20 10:48:01.291(Timestamp), 2023-03-20 10:48:01.291(Timestamp), 1(Integer), 0(Integer)
10:48:01,292 [main] DEBUG org.activiti.engine.impl.persistence.entity.UserEntity.deleteUser  - ==&gt;  Preparing: delete from ACT_ID_USER where ID_ = ? and REV_ = ? 
10:48:01,292 [Thread-112] DEBUG org.activiti.engine.impl.persistence.entity.JobEntity.selectAsyncJobsDueToExecute  - &lt;==      Total: 0
10:48:01,292 [Thread-112] DEBUG org.activiti.engine.impl.db.DbSqlSession  - flush summary: 0 insert, 0 update, 0 delete.
10:48:01,292 [Thread-112] DEBUG org.activiti.engine.impl.db.DbSqlSession  - now executing flush...
10:48:01,292 [Thread-112] DEBUG org.activiti.engine.impl.cfg.standalone.StandaloneMybatisTransactionContext  - firing event committing...
10:48:01,292 [Thread-112] DEBUG org.activiti.engine.impl.cfg.standalone.StandaloneMybatisTransactionContext  - committing the ibatis sql session...
10:48:01,292 [Thread-112] DEBUG org.activiti.engine.impl.cfg.standalone.StandaloneMybatisTransactionContext  - firing event committed...
10:48:01,292 [Thread-112] DEBUG org.apache.ibatis.transaction.jdbc.JdbcTransaction  - Resetting autocommit to true on JDBC Connection [conn68: url=jdbc:h2:mem:activiti-AsyncExecutorTest user=SA]
10:48:01,292 [Thread-112] DEBUG org.apache.ibatis.transaction.jdbc.JdbcTransaction  - Closing JDBC Connection [conn68: url=jdbc:h2:mem:activiti-AsyncExecutorTest user=SA]
10:48:01,292 [Thread-112] DEBUG org.apache.ibatis.datasource.pooled.PooledDataSource  - Returned connection 58501658 to pool.
10:48:01,292 [Thread-112] DEBUG org.activiti.engine.impl.interceptor.LogInterceptor  - --- AcquireAsyncJobsDueCmd finished --------------------------------------------------------
10:48:01,293 [Thread-112] DEBUG org.activiti.engine.impl.interceptor.LogInterceptor  - 

10:48:01,293 [Thread-112] DEBUG org.activiti.engine.impl.asyncexecutor.AcquireAsyncJobsDueRunnable  - async job acquisition thread sleeping for 50 millis
10:48:01,292 [main] DEBUG org.activiti.engine.impl.persistence.entity.UserEntity.deleteUser  - ==&gt; Parameters: kermit(String), 1(Integer)
10:48:01,293 [main] DEBUG org.activiti.engine.impl.persistence.entity.UserEntity.deleteUser  - &lt;==    Updates: 1
10:48:01,293 [main] DEBUG org.activiti.engine.impl.cfg.standalone.StandaloneMybatisTransactionContext  - firing event committing...
10:48:01,293 [main] DEBUG org.activiti.engine.impl.cfg.standalone.StandaloneMybatisTransactionContext  - committing the ibatis sql session...
10:48:01,293 [main] DEBUG org.apache.ibatis.transaction.jdbc.JdbcTransaction  - Committing JDBC Connection [conn3: url=jdbc:h2:mem:activiti user=SA]
10:48:01,293 [main] DEBUG org.activiti.engine.impl.cfg.standalone.StandaloneMybatisTransactionContext  - firing event committed...
10:48:01,293 [main] DEBUG org.apache.ibatis.transaction.jdbc.JdbcTransaction  - Resetting autocommit to true on JDBC Connection [conn3: url=jdbc:h2:mem:activiti user=SA]
10:48:01,293 [main] DEBUG org.apache.ibatis.transaction.jdbc.JdbcTransaction  - Closing JDBC Connection [conn3: url=jdbc:h2:mem:activiti user=SA]
10:48:01,293 [main] DEBUG org.apache.ibatis.datasource.pooled.PooledDataSource  - Returned connection 180014677 to pool.
10:48:01,293 [main] DEBUG org.activiti.engine.impl.interceptor.LogInterceptor  - --- DeleteUserCmd finished --------------------------------------------------------
10:48:01,293 [main] DEBUG org.activiti.engine.impl.interceptor.LogInterceptor  - 

10:48:01,293 [main] DEBUG org.activiti.engine.impl.interceptor.LogInterceptor  - 

10:48:01,293 [main] DEBUG org.activiti.engine.impl.interceptor.LogInterceptor  - --- starting DeleteUserCmd --------------------------------------------------------
10:48:01,293 [main] DEBUG org.apache.ibatis.transaction.jdbc.JdbcTransaction  - Opening JDBC Connection
10:48:01,293 [main] DEBUG org.apache.ibatis.datasource.pooled.PooledDataSource  - Checked out connection 297240765 from pool.
10:48:01,293 [main] DEBUG org.apache.ibatis.transaction.jdbc.JdbcTransaction  - Setting autocommit to false on JDBC Connection [conn4: url=jdbc:h2:mem:activiti user=SA]
10:48:01,293 [main] DEBUG org.activiti.engine.impl.persistence.entity.UserEntity.selectUserById  - ==&gt;  Preparing: select * from ACT_ID_USER where ID_ = ? 
10:48:01,293 [main] DEBUG org.activiti.engine.impl.persistence.entity.UserEntity.selectUserById  - ==&gt; Parameters: gonzo(String)
10:48:01,293 [main] DEBUG org.activiti.engine.impl.persistence.entity.UserEntity.selectUserById  - &lt;==      Total: 1
10:48:01,293 [main] DEBUG org.activiti.engine.impl.persistence.entity.IdentityInfoEntity.selectIdentityInfoByUserId  - ==&gt;  Preparing: select * from ACT_ID_INFO where USER_ID_ = ? 
10:48:01,293 [main] DEBUG org.activiti.engine.impl.persistence.entity.IdentityInfoEntity.selectIdentityInfoByUserId  - ==&gt; Parameters: gonzo(String)
10:48:01,293 [main] DEBUG org.activiti.engine.impl.persistence.entity.IdentityInfoEntity.selectIdentityInfoByUserId  - &lt;==      Total: 0
10:48:01,293 [main] DEBUG org.activiti.engine.impl.db.DbSqlSession  -   bulk delete: deleteMembershipsByUserId(gonzo)
10:48:01,293 [main] DEBUG org.activiti.engine.impl.db.DbSqlSession  -   delete org.activiti.engine.impl.persistence.entity.UserEntity@680d69ae
10:48:01,293 [main] DEBUG org.activiti.engine.impl.db.DbSqlSession  - flush summary: 0 insert, 0 update, 2 delete.
10:48:01,293 [main] DEBUG org.activiti.engine.impl.db.DbSqlSession  - now executing flush...
10:48:01,293 [main] DEBUG org.activiti.engine.impl.db.DbSqlSession  - executing: bulk delete: deleteMembershipsByUserId(gonzo)
10:48:01,293 [main] DEBUG org.activiti.engine.impl.persistence.entity.MembershipRelation.deleteMembershipsByUserId  - ==&gt;  Preparing: delete from ACT_ID_MEMBERSHIP where USER_ID_ = ? 
10:48:01,293 [main] DEBUG org.activiti.engine.impl.persistence.entity.MembershipRelation.deleteMembershipsByUserId  - ==&gt; Parameters: gonzo(String)
10:48:01,293 [main] DEBUG org.activiti.engine.impl.persistence.entity.MembershipRelation.deleteMembershipsByUserId  - &lt;==    Updates: 0
10:48:01,293 [main] DEBUG org.activiti.engine.impl.db.DbSqlSession  - executing: delete org.activiti.engine.impl.persistence.entity.UserEntity@680d69ae
10:48:01,293 [main] DEBUG org.activiti.engine.impl.persistence.entity.UserEntity.deleteUser  - ==&gt;  Preparing: delete from ACT_ID_USER where ID_ = ? and REV_ = ? 
10:48:01,293 [main] DEBUG org.activiti.engine.impl.persistence.entity.UserEntity.deleteUser  - ==&gt; Parameters: gonzo(String), 1(Integer)
10:48:01,293 [main] DEBUG org.activiti.engine.impl.persistence.entity.UserEntity.deleteUser  - &lt;==    Updates: 1
10:48:01,293 [main] DEBUG org.activiti.engine.impl.cfg.standalone.StandaloneMybatisTransactionContext  - firing event committing...
10:48:01,293 [main] DEBUG org.activiti.engine.impl.cfg.standalone.StandaloneMybatisTransactionContext  - committing the ibatis sql session...
10:48:01,293 [main] DEBUG org.apache.ibatis.transaction.jdbc.JdbcTransaction  - Committing JDBC Connection [conn4: url=jdbc:h2:mem:activiti user=SA]
10:48:01,293 [main] DEBUG org.activiti.engine.impl.cfg.standalone.StandaloneMybatisTransactionContext  - firing event committed...
10:48:01,293 [main] DEBUG org.apache.ibatis.transaction.jdbc.JdbcTransaction  - Resetting autocommit to true on JDBC Connection [conn4: url=jdbc:h2:mem:activiti user=SA]
10:48:01,293 [main] DEBUG org.apache.ibatis.transaction.jdbc.JdbcTransaction  - Closing JDBC Connection [conn4: url=jdbc:h2:mem:activiti user=SA]
10:48:01,293 [main] DEBUG org.apache.ibatis.datasource.pooled.PooledDataSource  - Returned connection 297240765 to pool.
10:48:01,293 [main] DEBUG org.activiti.engine.impl.interceptor.LogInterceptor  - --- DeleteUserCmd finished --------------------------------------------------------
10:48:01,293 [main] DEBUG org.activiti.engine.impl.interceptor.LogInterceptor  - 

10:48:01,293 [main] ERROR org.activiti.engine.impl.test.PvmTestCase  - 

10:48:01,293 [main] ERROR org.activiti.engine.impl.test.PvmTestCase  - EXCEPTION: org.apache.ibatis.exceptions.PersistenceException: 
### Error querying database.  Cause: org.h2.jdbc.JdbcSQLException: Syntax error in SQL statement &quot;SELECT DISTINCT RES.* 
       
    FROM ACT_RU_TASK RES
     
     
     
     
    
     
     
     
      
   
    
     ORDER BY  ORDER[*] BY RES.ID_ ASC  
    LIMIT ? OFFSET ? &quot;; expected &quot;=, NOT, EXISTS, INTERSECTS, SELECT, FROM&quot;; SQL statement:
select distinct RES.* 
       
    from ACT_RU_TASK RES
     
     
     
     
    
     
     
     
      
   
    
     order by  order by RES.ID_ asc  
    LIMIT ? OFFSET ? [42001-176]
### The error may exist in org/activiti/db/mapping/entity/Task.xml
### The error may involve org.activiti.engine.impl.persistence.entity.TaskEntity.selectTaskByQueryCriteria
### The error occurred while executing a query
### SQL: select distinct RES.*              from ACT_RU_TASK RES                                                                     order by  order by RES.ID_ asc       LIMIT ? OFFSET ?
### Cause: org.h2.jdbc.JdbcSQLException: Syntax error in SQL statement &quot;SELECT DISTINCT RES.* 
       
    FROM ACT_RU_TASK RES
     
     
     
     
    
     
     
     
      
   
    
     ORDER BY  ORDER[*] BY RES.ID_ ASC  
    LIMIT ? OFFSET ? &quot;; expected &quot;=, NOT, EXISTS, INTERSECTS, SELECT, FROM&quot;; SQL statement:
select distinct RES.* 
       
    from ACT_RU_TASK RES
     
     
     
     
    
     
     
     
      
   
    
     order by  order by RES.ID_ asc  
    LIMIT ? OFFSET ? [42001-176]
org.apache.ibatis.exceptions.PersistenceException: 
### Error querying database.  Cause: org.h2.jdbc.JdbcSQLException: Syntax error in SQL statement &quot;SELECT DISTINCT RES.* 
       
    FROM ACT_RU_TASK RES
     
     
     
     
    
     
     
     
      
   
    
     ORDER BY  ORDER[*] BY RES.ID_ ASC  
    LIMIT ? OFFSET ? &quot;; expected &quot;=, NOT, EXISTS, INTERSECTS, SELECT, FROM&quot;; SQL statement:
select distinct RES.* 
       
    from ACT_RU_TASK RES
     
     
     
     
    
     
     
     
      
   
    
     order by  order by RES.ID_ asc  
    LIMIT ? OFFSET ? [42001-176]
### The error may exist in org/activiti/db/mapping/entity/Task.xml
### The error may involve org.activiti.engine.impl.persistence.entity.TaskEntity.selectTaskByQueryCriteria
### The error occurred while executing a query
### SQL: select distinct RES.*              from ACT_RU_TASK RES                                                                     order by  order by RES.ID_ asc       LIMIT ? OFFSET ?
### Cause: org.h2.jdbc.JdbcSQLException: Syntax error in SQL statement &quot;SELECT DISTINCT RES.* 
       
    FROM ACT_RU_TASK RES
     
     
     
     
    
     
     
     
      
   
    
     ORDER BY  ORDER[*] BY RES.ID_ ASC  
    LIMIT ? OFFSET ? &quot;; expected &quot;=, NOT, EXISTS, INTERSECTS, SELECT, FROM&quot;; SQL statement:
select distinct RES.* 
       
    from ACT_RU_TASK RES
     
     
     
     
    
     
     
     
      
   
    
     order by  order by RES.ID_ asc  
    LIMIT ? OFFSET ? [42001-176]
	at org.apache.ibatis.exceptions.ExceptionFactory.wrapException(ExceptionFactory.java:30)
	at org.apache.ibatis.session.defaults.DefaultSqlSession.selectList(DefaultSqlSession.java:122)
	at org.apache.ibatis.session.defaults.DefaultSqlSession.selectList(DefaultSqlSession.java:113)
	at org.activiti.engine.impl.db.DbSqlSession.selectListWithRawParameter(DbSqlSession.java:438)
	at org.activiti.engine.impl.db.DbSqlSession.selectList(DbSqlSession.java:429)
	at org.activiti.engine.impl.persistence.entity.TaskEntityManager.findTasksByQueryCriteria(TaskEntityManager.java:135)
	at org.activiti.engine.impl.TaskQueryImpl.executeList(TaskQueryImpl.java:1256)
	at org.activiti.engine.impl.AbstractQuery.executeSingleResult(AbstractQuery.java:183)
	at org.activiti.engine.impl.AbstractQuery.execute(AbstractQuery.java:166)
	at org.activiti.engine.impl.interceptor.CommandInvoker.execute(CommandInvoker.java:24)
	at org.activiti.engine.impl.interceptor.CommandContextInterceptor.execute(CommandContextInterceptor.java:57)
	at org.activiti.engine.impl.interceptor.LogInterceptor.execute(LogInterceptor.java:37)
	at org.activiti.engine.impl.cfg.CommandExecutorImpl.execute(CommandExecutorImpl.java:40)
	at org.activiti.engine.impl.cfg.CommandExecutorImpl.execute(CommandExecutorImpl.java:35)
	at org.activiti.engine.impl.AbstractQuery.singleResult(AbstractQuery.java:129)
	at org.activiti.examples.task.StandaloneTaskTest.testRevisionUpdatedOnSaveWhenFetchedUsingQuery(StandaloneTaskTest.java:138)
	at sun.reflect.NativeMethodAccessorImpl.invoke0(Native Method)
	at sun.reflect.NativeMethodAccessorImpl.invoke(NativeMethodAccessorImpl.java:62)
	at sun.reflect.DelegatingMethodAccessorImpl.invoke(DelegatingMethodAccessorImpl.java:43)
	at java.lang.reflect.Method.invoke(Method.java:498)
	at junit.framework.TestCase.runTest(TestCase.java:176)
	at org.activiti.engine.impl.test.PvmTestCase.runTest(PvmTestCase.java:65)
	at junit.framework.TestCase.runBare(TestCase.java:141)
	at org.activiti.engine.impl.test.AbstractActivitiTestCase.runBare(AbstractActivitiTestCase.java:100)
	at junit.framework.TestResult$1.protect(TestResult.java:122)
	at junit.framework.TestResult.runProtected(TestResult.java:142)
	at junit.framework.TestResult.run(TestResult.java:125)
	at junit.framework.TestCase.run(TestCase.java:129)
	at junit.framework.TestSuite.runTest(TestSuite.java:255)
	at junit.framework.TestSuite.run(TestSuite.java:250)
	at org.junit.internal.runners.JUnit38ClassRunner.run(JUnit38ClassRunner.java:84)
	at org.apache.maven.surefire.junit4.JUnit4TestSet.execute(JUnit4TestSet.java:35)
	at org.apache.maven.surefire.junit4.JUnit4Provider.executeTestSet(JUnit4Provider.java:146)
	at org.apache.maven.surefire.junit4.JUnit4Provider.invoke(JUnit4Provider.java:97)
	at sun.reflect.NativeMethodAccessorImpl.invoke0(Native Method)
	at sun.reflect.NativeMethodAccessorImpl.invoke(NativeMethodAccessorImpl.java:62)
	at sun.reflect.DelegatingMethodAccessorImpl.invoke(DelegatingMethodAccessorImpl.java:43)
	at java.lang.reflect.Method.invoke(Method.java:498)
	at org.apache.maven.surefire.booter.ProviderFactory$ClassLoaderProxy.invoke(ProviderFactory.java:103)
	at com.sun.proxy.$Proxy0.invoke(Unknown Source)
	at org.apache.maven.surefire.booter.SurefireStarter.invokeProvider(SurefireStarter.java:145)
	at org.apache.maven.surefire.booter.SurefireStarter.runSuitesInProcess(SurefireStarter.java:87)
	at org.apache.maven.surefire.booter.ForkedBooter.main(ForkedBooter.java:69)
Caused by: org.h2.jdbc.JdbcSQLException: Syntax error in SQL statement &quot;SELECT DISTINCT RES.* 
       
    FROM ACT_RU_TASK RES
     
     
     
     
    
     
     
     
      
   
    
     ORDER BY  ORDER[*] BY RES.ID_ ASC  
    LIMIT ? OFFSET ? &quot;; expected &quot;=, NOT, EXISTS, INTERSECTS, SELECT, FROM&quot;; SQL statement:
select distinct RES.* 
       
    from ACT_RU_TASK RES
     
     
     
     
    
     
     
     
      
   
    
     order by  order by RES.ID_ asc  
    LIMIT ? OFFSET ? [42001-176]
	at org.h2.message.DbException.getJdbcSQLException(DbException.java:344)
	at org.h2.message.DbException.getSyntaxError(DbException.java:204)
	at org.h2.command.Parser.getSyntaxError(Parser.java:524)
	at org.h2.command.Parser.readTerm(Parser.java:2688)
	at org.h2.command.Parser.readFactor(Parser.java:2244)
	at org.h2.command.Parser.readSum(Parser.java:2231)
	at org.h2.command.Parser.readConcat(Parser.java:2201)
	at org.h2.command.Parser.readCondition(Parser.java:2051)
	at org.h2.command.Parser.readAnd(Parser.java:2023)
	at org.h2.command.Parser.readExpression(Parser.java:2015)
	at org.h2.command.Parser.parseEndOfQuery(Parser.java:1726)
	at org.h2.command.Parser.parseSelectUnionExtension(Parser.java:1706)
	at org.h2.command.Parser.parseSelectUnion(Parser.java:1675)
	at org.h2.command.Parser.parseSelect(Parser.java:1662)
	at org.h2.command.Parser.parsePrepared(Parser.java:434)
	at org.h2.command.Parser.parse(Parser.java:306)
	at org.h2.command.Parser.parse(Parser.java:282)
	at org.h2.command.Parser.prepareCommand(Parser.java:243)
	at org.h2.engine.Session.prepareLocal(Session.java:442)
	at org.h2.engine.Session.prepareCommand(Session.java:384)
	at org.h2.jdbc.JdbcConnection.prepareCommand(JdbcConnection.java:1188)
	at org.h2.jdbc.JdbcPreparedStatement.&lt;init&gt;(JdbcPreparedStatement.java:73)
	at org.h2.jdbc.JdbcConnection.prepareStatement(JdbcConnection.java:276)
	at sun.reflect.GeneratedMethodAccessor6.invoke(Unknown Source)
	at sun.reflect.DelegatingMethodAccessorImpl.invoke(DelegatingMethodAccessorImpl.java:43)
	at java.lang.reflect.Method.invoke(Method.java:498)
	at org.apache.ibatis.datasource.pooled.PooledConnection.invoke(PooledConnection.java:245)
	at com.sun.proxy.$Proxy12.prepareStatement(Unknown Source)
	at sun.reflect.GeneratedMethodAccessor6.invoke(Unknown Source)
	at sun.reflect.DelegatingMethodAccessorImpl.invoke(DelegatingMethodAccessorImpl.java:43)
	at java.lang.reflect.Method.invoke(Method.java:498)
	at org.apache.ibatis.logging.jdbc.ConnectionLogger.invoke(ConnectionLogger.java:55)
	at com.sun.proxy.$Proxy12.prepareStatement(Unknown Source)
	at org.apache.ibatis.executor.statement.PreparedStatementHandler.instantiateStatement(PreparedStatementHandler.java:79)
	at org.apache.ibatis.executor.statement.BaseStatementHandler.prepare(BaseStatementHandler.java:88)
	at org.apache.ibatis.executor.statement.RoutingStatementHandler.prepare(RoutingStatementHandler.java:58)
	at org.apache.ibatis.executor.SimpleExecutor.prepareStatement(SimpleExecutor.java:76)
	at org.apache.ibatis.executor.SimpleExecutor.doQuery(SimpleExecutor.java:61)
	at org.apache.ibatis.executor.BaseExecutor.queryFromDatabase(BaseExecutor.java:303)
	at org.apache.ibatis.executor.BaseExecutor.query(BaseExecutor.java:154)
	at org.apache.ibatis.executor.CachingExecutor.query(CachingExecutor.java:102)
	at org.apache.ibatis.executor.CachingExecutor.query(CachingExecutor.java:82)
	at org.apache.ibatis.session.defaults.DefaultSqlSession.selectList(DefaultSqlSession.java:120)
	... 41 more
10:48:01,293 [main] DEBUG org.activiti.engine.impl.test.PvmTestCase  - verifying that db is clean after test
10:48:01,294 [main] DEBUG org.activiti.engine.impl.interceptor.LogInterceptor  - 

10:48:01,294 [main] DEBUG org.activiti.engine.impl.interceptor.LogInterceptor  - --- starting GetTableCountCmd --------------------------------------------------------
10:48:01,294 [main] DEBUG org.apache.ibatis.transaction.jdbc.JdbcTransaction  - Opening JDBC Connection
10:48:01,294 [main] DEBUG org.apache.ibatis.datasource.pooled.PooledDataSource  - Checked out connection 486346394 from pool.
10:48:01,294 [main] DEBUG org.apache.ibatis.transaction.jdbc.JdbcTransaction  - Setting autocommit to false on JDBC Connection [conn6: url=jdbc:h2:mem:activiti user=SA]
10:48:01,294 [main] DEBUG org.activiti.engine.impl.persistence.entity.TableDataManager  - retrieving activiti tables from jdbc metadata
10:48:01,294 [main] DEBUG org.activiti.engine.impl.persistence.entity.TableDataManager  -   retrieved activiti table name ACT_EVT_LOG
10:48:01,294 [main] DEBUG org.activiti.engine.impl.persistence.entity.TableDataManager  -   retrieved activiti table name ACT_GE_BYTEARRAY
10:48:01,294 [main] DEBUG org.activiti.engine.impl.persistence.entity.TableDataManager  -   retrieved activiti table name ACT_GE_PROPERTY
10:48:01,294 [main] DEBUG org.activiti.engine.impl.persistence.entity.TableDataManager  -   retrieved activiti table name ACT_HI_ACTINST
10:48:01,294 [main] DEBUG org.activiti.engine.impl.persistence.entity.TableDataManager  -   retrieved activiti table name ACT_HI_ATTACHMENT
10:48:01,294 [main] DEBUG org.activiti.engine.impl.persistence.entity.TableDataManager  -   retrieved activiti table name ACT_HI_COMMENT
10:48:01,294 [main] DEBUG org.activiti.engine.impl.persistence.entity.TableDataManager  -   retrieved activiti table name ACT_HI_DETAIL
10:48:01,294 [main] DEBUG org.activiti.engine.impl.persistence.entity.TableDataManager  -   retrieved activiti table name ACT_HI_IDENTITYLINK
10:48:01,294 [main] DEBUG org.activiti.engine.impl.persistence.entity.TableDataManager  -   retrieved activiti table name ACT_HI_PROCINST
10:48:01,294 [main] DEBUG org.activiti.engine.impl.persistence.entity.TableDataManager  -   retrieved activiti table name ACT_HI_TASKINST
10:48:01,294 [main] DEBUG org.activiti.engine.impl.persistence.entity.TableDataManager  -   retrieved activiti table name ACT_HI_VARINST
10:48:01,294 [main] DEBUG org.activiti.engine.impl.persistence.entity.TableDataManager  -   retrieved activiti table name ACT_ID_GROUP
10:48:01,294 [main] DEBUG org.activiti.engine.impl.persistence.entity.TableDataManager  -   retrieved activiti table name ACT_ID_INFO
10:48:01,294 [main] DEBUG org.activiti.engine.impl.persistence.entity.TableDataManager  -   retrieved activiti table name ACT_ID_MEMBERSHIP
10:48:01,294 [main] DEBUG org.activiti.engine.impl.persistence.entity.TableDataManager  -   retrieved activiti table name ACT_ID_USER
10:48:01,294 [main] DEBUG org.activiti.engine.impl.persistence.entity.TableDataManager  -   retrieved activiti table name ACT_PROCDEF_INFO
10:48:01,294 [main] DEBUG org.activiti.engine.impl.persistence.entity.TableDataManager  -   retrieved activiti table name ACT_RE_DEPLOYMENT
10:48:01,294 [main] DEBUG org.activiti.engine.impl.persistence.entity.TableDataManager  -   retrieved activiti table name ACT_RE_MODEL
10:48:01,294 [main] DEBUG org.activiti.engine.impl.persistence.entity.TableDataManager  -   retrieved activiti table name ACT_RE_PROCDEF
10:48:01,294 [main] DEBUG org.activiti.engine.impl.persistence.entity.TableDataManager  -   retrieved activiti table name ACT_RU_EVENT_SUBSCR
10:48:01,294 [main] DEBUG org.activiti.engine.impl.persistence.entity.TableDataManager  -   retrieved activiti table name ACT_RU_EXECUTION
10:48:01,294 [main] DEBUG org.activiti.engine.impl.persistence.entity.TableDataManager  -   retrieved activiti table name ACT_RU_IDENTITYLINK
10:48:01,294 [main] DEBUG org.activiti.engine.impl.persistence.entity.TableDataManager  -   retrieved activiti table name ACT_RU_JOB
10:48:01,294 [main] DEBUG org.activiti.engine.impl.persistence.entity.TableDataManager  -   retrieved activiti table name ACT_RU_TASK
10:48:01,294 [main] DEBUG org.activiti.engine.impl.persistence.entity.TableDataManager  -   retrieved activiti table name ACT_RU_VARIABLE
10:48:01,294 [main] DEBUG org.activiti.engine.impl.persistence.entity.TableDataManager  - selecting table count for ACT_EVT_LOG
10:48:01,294 [main] DEBUG org.activiti.engine.impl.TablePageMap.selectTableCount  - ==&gt;  Preparing: select count(*) from ACT_EVT_LOG 
10:48:01,294 [main] DEBUG org.activiti.engine.impl.TablePageMap.selectTableCount  - ==&gt; Parameters: 
10:48:01,294 [main] DEBUG org.activiti.engine.impl.TablePageMap.selectTableCount  - &lt;==      Total: 1
10:48:01,294 [main] DEBUG org.activiti.engine.impl.persistence.entity.TableDataManager  - selecting table count for ACT_GE_BYTEARRAY
10:48:01,294 [main] DEBUG org.activiti.engine.impl.TablePageMap.selectTableCount  - ==&gt;  Preparing: select count(*) from ACT_GE_BYTEARRAY 
10:48:01,294 [main] DEBUG org.activiti.engine.impl.TablePageMap.selectTableCount  - ==&gt; Parameters: 
10:48:01,294 [main] DEBUG org.activiti.engine.impl.TablePageMap.selectTableCount  - &lt;==      Total: 1
10:48:01,294 [main] DEBUG org.activiti.engine.impl.persistence.entity.TableDataManager  - selecting table count for ACT_GE_PROPERTY
10:48:01,294 [main] DEBUG org.activiti.engine.impl.TablePageMap.selectTableCount  - ==&gt;  Preparing: select count(*) from ACT_GE_PROPERTY 
10:48:01,295 [main] DEBUG org.activiti.engine.impl.TablePageMap.selectTableCount  - ==&gt; Parameters: 
10:48:01,295 [main] DEBUG org.activiti.engine.impl.TablePageMap.selectTableCount  - &lt;==      Total: 1
10:48:01,295 [main] DEBUG org.activiti.engine.impl.persistence.entity.TableDataManager  - selecting table count for ACT_HI_ACTINST
10:48:01,295 [main] DEBUG org.activiti.engine.impl.TablePageMap.selectTableCount  - ==&gt;  Preparing: select count(*) from ACT_HI_ACTINST 
10:48:01,295 [main] DEBUG org.activiti.engine.impl.TablePageMap.selectTableCount  - ==&gt; Parameters: 
10:48:01,295 [main] DEBUG org.activiti.engine.impl.TablePageMap.selectTableCount  - &lt;==      Total: 1
10:48:01,295 [main] DEBUG org.activiti.engine.impl.persistence.entity.TableDataManager  - selecting table count for ACT_HI_ATTACHMENT
10:48:01,295 [main] DEBUG org.activiti.engine.impl.TablePageMap.selectTableCount  - ==&gt;  Preparing: select count(*) from ACT_HI_ATTACHMENT 
10:48:01,295 [main] DEBUG org.activiti.engine.impl.TablePageMap.selectTableCount  - ==&gt; Parameters: 
10:48:01,295 [main] DEBUG org.activiti.engine.impl.TablePageMap.selectTableCount  - &lt;==      Total: 1
10:48:01,295 [main] DEBUG org.activiti.engine.impl.persistence.entity.TableDataManager  - selecting table count for ACT_HI_COMMENT
10:48:01,295 [main] DEBUG org.activiti.engine.impl.TablePageMap.selectTableCount  - ==&gt;  Preparing: select count(*) from ACT_HI_COMMENT 
10:48:01,295 [main] DEBUG org.activiti.engine.impl.TablePageMap.selectTableCount  - ==&gt; Parameters: 
10:48:01,295 [main] DEBUG org.activiti.engine.impl.TablePageMap.selectTableCount  - &lt;==      Total: 1
10:48:01,295 [main] DEBUG org.activiti.engine.impl.persistence.entity.TableDataManager  - selecting table count for ACT_HI_DETAIL
10:48:01,295 [main] DEBUG org.activiti.engine.impl.TablePageMap.selectTableCount  - ==&gt;  Preparing: select count(*) from ACT_HI_DETAIL 
10:48:01,295 [main] DEBUG org.activiti.engine.impl.TablePageMap.selectTableCount  - ==&gt; Parameters: 
10:48:01,295 [main] DEBUG org.activiti.engine.impl.TablePageMap.selectTableCount  - &lt;==      Total: 1
10:48:01,295 [main] DEBUG org.activiti.engine.impl.persistence.entity.TableDataManager  - selecting table count for ACT_HI_IDENTITYLINK
10:48:01,295 [main] DEBUG org.activiti.engine.impl.TablePageMap.selectTableCount  - ==&gt;  Preparing: select count(*) from ACT_HI_IDENTITYLINK 
10:48:01,295 [main] DEBUG org.activiti.engine.impl.TablePageMap.selectTableCount  - ==&gt; Parameters: 
10:48:01,295 [main] DEBUG org.activiti.engine.impl.TablePageMap.selectTableCount  - &lt;==      Total: 1
10:48:01,295 [main] DEBUG org.activiti.engine.impl.persistence.entity.TableDataManager  - selecting table count for ACT_HI_PROCINST
10:48:01,295 [main] DEBUG org.activiti.engine.impl.TablePageMap.selectTableCount  - ==&gt;  Preparing: select count(*) from ACT_HI_PROCINST 
10:48:01,295 [main] DEBUG org.activiti.engine.impl.TablePageMap.selectTableCount  - ==&gt; Parameters: 
10:48:01,295 [main] DEBUG org.activiti.engine.impl.TablePageMap.selectTableCount  - &lt;==      Total: 1
10:48:01,295 [main] DEBUG org.activiti.engine.impl.persistence.entity.TableDataManager  - selecting table count for ACT_HI_TASKINST
10:48:01,295 [main] DEBUG org.activiti.engine.impl.TablePageMap.selectTableCount  - ==&gt;  Preparing: select count(*) from ACT_HI_TASKINST 
10:48:01,295 [main] DEBUG org.activiti.engine.impl.TablePageMap.selectTableCount  - ==&gt; Parameters: 
10:48:01,295 [main] DEBUG org.activiti.engine.impl.TablePageMap.selectTableCount  - &lt;==      Total: 1
10:48:01,295 [main] DEBUG org.activiti.engine.impl.persistence.entity.TableDataManager  - selecting table count for ACT_HI_VARINST
10:48:01,295 [main] DEBUG org.activiti.engine.impl.TablePageMap.selectTableCount  - ==&gt;  Preparing: select count(*) from ACT_HI_VARINST 
10:48:01,295 [main] DEBUG org.activiti.engine.impl.TablePageMap.selectTableCount  - ==&gt; Parameters: 
10:48:01,295 [main] DEBUG org.activiti.engine.impl.TablePageMap.selectTableCount  - &lt;==      Total: 1
10:48:01,295 [main] DEBUG org.activiti.engine.impl.persistence.entity.TableDataManager  - selecting table count for ACT_ID_GROUP
10:48:01,295 [main] DEBUG org.activiti.engine.impl.TablePageMap.selectTableCount  - ==&gt;  Preparing: select count(*) from ACT_ID_GROUP 
10:48:01,295 [main] DEBUG org.activiti.engine.impl.TablePageMap.selectTableCount  - ==&gt; Parameters: 
10:48:01,295 [main] DEBUG org.activiti.engine.impl.TablePageMap.selectTableCount  - &lt;==      Total: 1
10:48:01,295 [main] DEBUG org.activiti.engine.impl.persistence.entity.TableDataManager  - selecting table count for ACT_ID_INFO
10:48:01,295 [main] DEBUG org.activiti.engine.impl.TablePageMap.selectTableCount  - ==&gt;  Preparing: select count(*) from ACT_ID_INFO 
10:48:01,295 [main] DEBUG org.activiti.engine.impl.TablePageMap.selectTableCount  - ==&gt; Parameters: 
10:48:01,295 [main] DEBUG org.activiti.engine.impl.TablePageMap.selectTableCount  - &lt;==      Total: 1
10:48:01,295 [main] DEBUG org.activiti.engine.impl.persistence.entity.TableDataManager  - selecting table count for ACT_ID_MEMBERSHIP
10:48:01,295 [main] DEBUG org.activiti.engine.impl.TablePageMap.selectTableCount  - ==&gt;  Preparing: select count(*) from ACT_ID_MEMBERSHIP 
10:48:01,295 [main] DEBUG org.activiti.engine.impl.TablePageMap.selectTableCount  - ==&gt; Parameters: 
10:48:01,295 [main] DEBUG org.activiti.engine.impl.TablePageMap.selectTableCount  - &lt;==      Total: 1
10:48:01,295 [main] DEBUG org.activiti.engine.impl.persistence.entity.TableDataManager  - selecting table count for ACT_ID_USER
10:48:01,295 [main] DEBUG org.activiti.engine.impl.TablePageMap.selectTableCount  - ==&gt;  Preparing: select count(*) from ACT_ID_USER 
10:48:01,295 [main] DEBUG org.activiti.engine.impl.TablePageMap.selectTableCount  - ==&gt; Parameters: 
10:48:01,295 [main] DEBUG org.activiti.engine.impl.TablePageMap.selectTableCount  - &lt;==      Total: 1
10:48:01,295 [main] DEBUG org.activiti.engine.impl.persistence.entity.TableDataManager  - selecting table count for ACT_PROCDEF_INFO
10:48:01,296 [main] DEBUG org.activiti.engine.impl.TablePageMap.selectTableCount  - ==&gt;  Preparing: select count(*) from ACT_PROCDEF_INFO 
10:48:01,296 [main] DEBUG org.activiti.engine.impl.TablePageMap.selectTableCount  - ==&gt; Parameters: 
10:48:01,296 [main] DEBUG org.activiti.engine.impl.TablePageMap.selectTableCount  - &lt;==      Total: 1
10:48:01,296 [main] DEBUG org.activiti.engine.impl.persistence.entity.TableDataManager  - selecting table count for ACT_RE_DEPLOYMENT
10:48:01,296 [main] DEBUG org.activiti.engine.impl.TablePageMap.selectTableCount  - ==&gt;  Preparing: select count(*) from ACT_RE_DEPLOYMENT 
10:48:01,296 [main] DEBUG org.activiti.engine.impl.TablePageMap.selectTableCount  - ==&gt; Parameters: 
10:48:01,296 [main] DEBUG org.activiti.engine.impl.TablePageMap.selectTableCount  - &lt;==      Total: 1
10:48:01,296 [main] DEBUG org.activiti.engine.impl.persistence.entity.TableDataManager  - selecting table count for ACT_RE_MODEL
10:48:01,296 [main] DEBUG org.activiti.engine.impl.TablePageMap.selectTableCount  - ==&gt;  Preparing: select count(*) from ACT_RE_MODEL 
10:48:01,296 [main] DEBUG org.activiti.engine.impl.TablePageMap.selectTableCount  - ==&gt; Parameters: 
10:48:01,296 [main] DEBUG org.activiti.engine.impl.TablePageMap.selectTableCount  - &lt;==      Total: 1
10:48:01,296 [main] DEBUG org.activiti.engine.impl.persistence.entity.TableDataManager  - selecting table count for ACT_RE_PROCDEF
10:48:01,296 [main] DEBUG org.activiti.engine.impl.TablePageMap.selectTableCount  - ==&gt;  Preparing: select count(*) from ACT_RE_PROCDEF 
10:48:01,296 [main] DEBUG org.activiti.engine.impl.TablePageMap.selectTableCount  - ==&gt; Parameters: 
10:48:01,296 [main] DEBUG org.activiti.engine.impl.TablePageMap.selectTableCount  - &lt;==      Total: 1
10:48:01,296 [main] DEBUG org.activiti.engine.impl.persistence.entity.TableDataManager  - selecting table count for ACT_RU_EVENT_SUBSCR
10:48:01,296 [main] DEBUG org.activiti.engine.impl.TablePageMap.selectTableCount  - ==&gt;  Preparing: select count(*) from ACT_RU_EVENT_SUBSCR 
10:48:01,296 [main] DEBUG org.activiti.engine.impl.TablePageMap.selectTableCount  - ==&gt; Parameters: 
10:48:01,296 [main] DEBUG org.activiti.engine.impl.TablePageMap.selectTableCount  - &lt;==      Total: 1
10:48:01,296 [main] DEBUG org.activiti.engine.impl.persistence.entity.TableDataManager  - selecting table count for ACT_RU_EXECUTION
10:48:01,296 [main] DEBUG org.activiti.engine.impl.TablePageMap.selectTableCount  - ==&gt;  Preparing: select count(*) from ACT_RU_EXECUTION 
10:48:01,296 [main] DEBUG org.activiti.engine.impl.TablePageMap.selectTableCount  - ==&gt; Parameters: 
10:48:01,296 [main] DEBUG org.activiti.engine.impl.TablePageMap.selectTableCount  - &lt;==      Total: 1
10:48:01,296 [main] DEBUG org.activiti.engine.impl.persistence.entity.TableDataManager  - selecting table count for ACT_RU_IDENTITYLINK
10:48:01,296 [main] DEBUG org.activiti.engine.impl.TablePageMap.selectTableCount  - ==&gt;  Preparing: select count(*) from ACT_RU_IDENTITYLINK 
10:48:01,296 [main] DEBUG org.activiti.engine.impl.TablePageMap.selectTableCount  - ==&gt; Parameters: 
10:48:01,296 [main] DEBUG org.activiti.engine.impl.TablePageMap.selectTableCount  - &lt;==      Total: 1
10:48:01,296 [main] DEBUG org.activiti.engine.impl.persistence.entity.TableDataManager  - selecting table count for ACT_RU_JOB
10:48:01,296 [main] DEBUG org.activiti.engine.impl.TablePageMap.selectTableCount  - ==&gt;  Preparing: select count(*) from ACT_RU_JOB 
10:48:01,296 [main] DEBUG org.activiti.engine.impl.TablePageMap.selectTableCount  - ==&gt; Parameters: 
10:48:01,296 [main] DEBUG org.activiti.engine.impl.TablePageMap.selectTableCount  - &lt;==      Total: 1
10:48:01,296 [main] DEBUG org.activiti.engine.impl.persistence.entity.TableDataManager  - selecting table count for ACT_RU_TASK
10:48:01,296 [main] DEBUG org.activiti.engine.impl.TablePageMap.selectTableCount  - ==&gt;  Preparing: select count(*) from ACT_RU_TASK 
10:48:01,296 [main] DEBUG org.activiti.engine.impl.TablePageMap.selectTableCount  - ==&gt; Parameters: 
10:48:01,296 [main] DEBUG org.activiti.engine.impl.TablePageMap.selectTableCount  - &lt;==      Total: 1
10:48:01,296 [main] DEBUG org.activiti.engine.impl.persistence.entity.TableDataManager  - selecting table count for ACT_RU_VARIABLE
10:48:01,296 [main] DEBUG org.activiti.engine.impl.TablePageMap.selectTableCount  - ==&gt;  Preparing: select count(*) from ACT_RU_VARIABLE 
10:48:01,296 [main] DEBUG org.activiti.engine.impl.TablePageMap.selectTableCount  - ==&gt; Parameters: 
10:48:01,296 [main] DEBUG org.activiti.engine.impl.TablePageMap.selectTableCount  - &lt;==      Total: 1
10:48:01,296 [main] DEBUG org.activiti.engine.impl.persistence.entity.TableDataManager  - Number of rows per activiti table: {ACT_RU_EVENT_SUBSCR=0, ACT_ID_USER=0, ACT_HI_ATTACHMENT=0, ACT_GE_BYTEARRAY=0, ACT_RE_MODEL=0, ACT_RU_VARIABLE=0, ACT_RU_TASK=1, ACT_RE_DEPLOYMENT=0, ACT_RE_PROCDEF=0, ACT_ID_GROUP=0, ACT_HI_VARINST=0, ACT_HI_COMMENT=0, ACT_HI_PROCINST=0, ACT_ID_INFO=0, ACT_ID_MEMBERSHIP=0, ACT_RU_JOB=0, ACT_PROCDEF_INFO=0, ACT_HI_ACTINST=0, ACT_RU_EXECUTION=0, ACT_HI_TASKINST=1, ACT_HI_DETAIL=0, ACT_EVT_LOG=0, ACT_HI_IDENTITYLINK=0, ACT_RU_IDENTITYLINK=0, ACT_GE_PROPERTY=3}
10:48:01,296 [main] DEBUG org.activiti.engine.impl.db.DbSqlSession  - flush summary: 0 insert, 0 update, 0 delete.
10:48:01,296 [main] DEBUG org.activiti.engine.impl.db.DbSqlSession  - now executing flush...
10:48:01,296 [main] DEBUG org.activiti.engine.impl.cfg.standalone.StandaloneMybatisTransactionContext  - firing event committing...
10:48:01,296 [main] DEBUG org.activiti.engine.impl.cfg.standalone.StandaloneMybatisTransactionContext  - committing the ibatis sql session...
10:48:01,296 [main] DEBUG org.activiti.engine.impl.cfg.standalone.StandaloneMybatisTransactionContext  - firing event committed...
10:48:01,296 [main] DEBUG org.apache.ibatis.transaction.jdbc.JdbcTransaction  - Resetting autocommit to true on JDBC Connection [conn6: url=jdbc:h2:mem:activiti user=SA]
10:48:01,296 [main] DEBUG org.apache.ibatis.transaction.jdbc.JdbcTransaction  - Closing JDBC Connection [conn6: url=jdbc:h2:mem:activiti user=SA]
10:48:01,296 [main] DEBUG org.apache.ibatis.datasource.pooled.PooledDataSource  - Returned connection 486346394 to pool.
10:48:01,296 [main] DEBUG org.activiti.engine.impl.interceptor.LogInterceptor  - --- GetTableCountCmd finished --------------------------------------------------------
10:48:01,296 [main] DEBUG org.activiti.engine.impl.interceptor.LogInterceptor  - 

10:48:01,296 [main] ERROR org.activiti.engine.impl.test.PvmTestCase  - 

10:48:01,296 [main] ERROR org.activiti.engine.impl.test.PvmTestCase  - DB NOT CLEAN: 
  ACT_RU_TASK: 1 record(s)   ACT_HI_TASKINST: 1 record(s) 
10:48:01,296 [main] INFO  org.activiti.engine.impl.test.PvmTestCase  - dropping and recreating db
10:48:01,297 [main] DEBUG org.activiti.engine.impl.interceptor.LogInterceptor  - 

10:48:01,297 [main] DEBUG org.activiti.engine.impl.interceptor.LogInterceptor  - --- starting  --------------------------------------------------------
10:48:01,297 [main] INFO  org.activiti.engine.impl.db.DbSqlSession  - performing drop on engine with resource org/activiti/db/drop/activiti.h2.drop.engine.sql
10:48:01,297 [main] DEBUG org.apache.ibatis.transaction.jdbc.JdbcTransaction  - Opening JDBC Connection
10:48:01,297 [main] DEBUG org.apache.ibatis.datasource.pooled.PooledDataSource  - Checked out connection 363509958 from pool.
10:48:01,297 [main] DEBUG org.apache.ibatis.transaction.jdbc.JdbcTransaction  - Setting autocommit to false on JDBC Connection [conn2: url=jdbc:h2:mem:activiti user=SA]
10:48:01,297 [main] DEBUG org.activiti.engine.impl.db.DbSqlSession  - SQL: drop table if exists ACT_GE_PROPERTY cascade constraints
10:48:01,297 [main] DEBUG org.activiti.engine.impl.db.DbSqlSession  - SQL: drop table if exists ACT_GE_BYTEARRAY cascade constraints
10:48:01,297 [main] DEBUG org.activiti.engine.impl.db.DbSqlSession  - SQL: drop table if exists ACT_RE_DEPLOYMENT cascade constraints
10:48:01,297 [main] DEBUG org.activiti.engine.impl.db.DbSqlSession  - SQL: drop table if exists ACT_RE_MODEL cascade constraints
10:48:01,297 [main] DEBUG org.activiti.engine.impl.db.DbSqlSession  - SQL: drop table if exists ACT_RU_EXECUTION cascade constraints
10:48:01,297 [main] DEBUG org.activiti.engine.impl.db.DbSqlSession  - SQL: drop table if exists ACT_RU_JOB cascade constraints
10:48:01,297 [main] DEBUG org.activiti.engine.impl.db.DbSqlSession  - SQL: drop table if exists ACT_RE_PROCDEF cascade constraints
10:48:01,297 [main] DEBUG org.activiti.engine.impl.db.DbSqlSession  - SQL: drop table if exists ACT_RU_TASK cascade constraints
10:48:01,297 [main] DEBUG org.activiti.engine.impl.db.DbSqlSession  - SQL: drop table if exists ACT_RU_IDENTITYLINK cascade constraints
10:48:01,297 [main] DEBUG org.activiti.engine.impl.db.DbSqlSession  - SQL: drop table if exists ACT_RU_VARIABLE cascade constraints
10:48:01,297 [main] DEBUG org.activiti.engine.impl.db.DbSqlSession  - SQL: drop table if exists ACT_RU_EVENT_SUBSCR cascade constraints
10:48:01,297 [main] DEBUG org.activiti.engine.impl.db.DbSqlSession  - SQL: drop table if exists ACT_EVT_LOG cascade constraints
10:48:01,297 [main] DEBUG org.activiti.engine.impl.db.DbSqlSession  - SQL: drop table if exists ACT_PROCDEF_INFO cascade constraints
10:48:01,297 [main] DEBUG org.activiti.engine.impl.db.DbSqlSession  - SQL: drop index if exists ACT_IDX_EXEC_BUSKEY
10:48:01,297 [main] DEBUG org.activiti.engine.impl.db.DbSqlSession  - SQL: drop index if exists ACT_IDX_TASK_CREATE
10:48:01,297 [main] DEBUG org.activiti.engine.impl.db.DbSqlSession  - SQL: drop index if exists ACT_IDX_IDENT_LNK_USER
10:48:01,297 [main] DEBUG org.activiti.engine.impl.db.DbSqlSession  - SQL: drop index if exists ACT_IDX_IDENT_LNK_GROUP
10:48:01,297 [main] DEBUG org.activiti.engine.impl.db.DbSqlSession  - SQL: drop index if exists ACT_IDX_VARIABLE_TASK_ID
10:48:01,297 [main] DEBUG org.activiti.engine.impl.db.DbSqlSession  - SQL: drop index if exists ACT_IDX_EVENT_SUBSCR_CONFIG_
10:48:01,298 [main] DEBUG org.activiti.engine.impl.db.DbSqlSession  - SQL: drop index if exists ACT_IDX_ATHRZ_PROCEDEF
10:48:01,298 [main] DEBUG org.activiti.engine.impl.db.DbSqlSession  - SQL: drop index if exists ACT_IDX_INFO_PROCDEF
10:48:01,298 [main] DEBUG org.activiti.engine.impl.db.DbSqlSession  - activiti db schema drop for component engine successful
10:48:01,298 [main] INFO  org.activiti.engine.impl.db.DbSqlSession  - performing drop on history with resource org/activiti/db/drop/activiti.h2.drop.history.sql
10:48:01,298 [main] DEBUG org.activiti.engine.impl.db.DbSqlSession  - SQL: drop table if exists ACT_HI_PROCINST cascade constraints
10:48:01,298 [main] DEBUG org.activiti.engine.impl.db.DbSqlSession  - SQL: drop table if exists ACT_HI_ACTINST cascade constraints
10:48:01,298 [main] DEBUG org.activiti.engine.impl.db.DbSqlSession  - SQL: drop table if exists ACT_HI_VARINST cascade constraints
10:48:01,298 [main] DEBUG org.activiti.engine.impl.db.DbSqlSession  - SQL: drop table if exists ACT_HI_TASKINST cascade constraints
10:48:01,298 [main] DEBUG org.activiti.engine.impl.db.DbSqlSession  - SQL: drop table if exists ACT_HI_DETAIL cascade constraints
10:48:01,298 [main] DEBUG org.activiti.engine.impl.db.DbSqlSession  - SQL: drop table if exists ACT_HI_COMMENT cascade constraints
10:48:01,298 [main] DEBUG org.activiti.engine.impl.db.DbSqlSession  - SQL: drop table if exists ACT_HI_ATTACHMENT cascade constraints
10:48:01,298 [main] DEBUG org.activiti.engine.impl.db.DbSqlSession  - SQL: drop table if exists ACT_HI_IDENTITYLINK cascade constraints
10:48:01,298 [main] DEBUG org.activiti.engine.impl.db.DbSqlSession  - SQL: drop index if exists ACT_IDX_HI_PRO_INST_END
10:48:01,298 [main] DEBUG org.activiti.engine.impl.db.DbSqlSession  - SQL: drop index if exists ACT_IDX_HI_PRO_I_BUSKEY
10:48:01,298 [main] DEBUG org.activiti.engine.impl.db.DbSqlSession  - SQL: drop index if exists ACT_IDX_HI_ACT_INST_START
10:48:01,298 [main] DEBUG org.activiti.engine.impl.db.DbSqlSession  - SQL: drop index if exists ACT_IDX_HI_ACT_INST_END
10:48:01,298 [main] DEBUG org.activiti.engine.impl.db.DbSqlSession  - SQL: drop index if exists ACT_IDX_HI_DETAIL_PROC_INST
10:48:01,298 [main] DEBUG org.activiti.engine.impl.db.DbSqlSession  - SQL: drop index if exists ACT_IDX_HI_DETAIL_ACT_INST
10:48:01,298 [main] DEBUG org.activiti.engine.impl.db.DbSqlSession  - SQL: drop index if exists ACT_IDX_HI_DETAIL_TIME
10:48:01,298 [main] DEBUG org.activiti.engine.impl.db.DbSqlSession  - SQL: drop index if exists ACT_IDX_HI_DETAIL_NAME
10:48:01,298 [main] DEBUG org.activiti.engine.impl.db.DbSqlSession  - SQL: drop index if exists ACT_IDX_HI_DETAIL_TASK_ID
10:48:01,298 [main] DEBUG org.activiti.engine.impl.db.DbSqlSession  - SQL: drop index if exists ACT_IDX_HI_PROCVAR_PROC_INST
10:48:01,298 [main] DEBUG org.activiti.engine.impl.db.DbSqlSession  - SQL: drop index if exists ACT_IDX_HI_PROCVAR_NAME_TYPE
10:48:01,298 [main] DEBUG org.activiti.engine.impl.db.DbSqlSession  - SQL: drop index if exists ACT_IDX_HI_ACT_INST_PROCINST
10:48:01,298 [main] DEBUG org.activiti.engine.impl.db.DbSqlSession  - SQL: drop index if exists ACT_IDX_HI_IDENT_LNK_USER
10:48:01,298 [main] DEBUG org.activiti.engine.impl.db.DbSqlSession  - SQL: drop index if exists ACT_IDX_HI_IDENT_LNK_TASK
10:48:01,298 [main] DEBUG org.activiti.engine.impl.db.DbSqlSession  - SQL: drop index if exists ACT_IDX_HI_IDENT_LNK_PROCINST
10:48:01,298 [main] DEBUG org.activiti.engine.impl.db.DbSqlSession  - SQL: drop index if exists ACT_IDX_HI_TASK_INST_PROCINST
10:48:01,298 [main] DEBUG org.activiti.engine.impl.db.DbSqlSession  - activiti db schema drop for component history successful
10:48:01,298 [main] INFO  org.activiti.engine.impl.db.DbSqlSession  - performing drop on identity with resource org/activiti/db/drop/activiti.h2.drop.identity.sql
10:48:01,298 [main] DEBUG org.activiti.engine.impl.db.DbSqlSession  - SQL: drop table if exists ACT_ID_INFO cascade constraints
10:48:01,298 [main] DEBUG org.activiti.engine.impl.db.DbSqlSession  - SQL: drop table if exists ACT_ID_GROUP cascade constraints
10:48:01,298 [main] DEBUG org.activiti.engine.impl.db.DbSqlSession  - SQL: drop table if exists ACT_ID_MEMBERSHIP cascade constraints
10:48:01,298 [main] DEBUG org.activiti.engine.impl.db.DbSqlSession  - SQL: drop table if exists ACT_ID_USER cascade constraints
10:48:01,298 [main] DEBUG org.activiti.engine.impl.db.DbSqlSession  - activiti db schema drop for component identity successful
10:48:01,299 [main] INFO  org.activiti.engine.impl.db.DbSqlSession  - performing create on engine with resource org/activiti/db/create/activiti.h2.create.engine.sql
10:48:01,299 [main] DEBUG org.activiti.engine.impl.db.DbSqlSession  - SQL: create table ACT_GE_PROPERTY ( 
NAME_ varchar(64), 
VALUE_ varchar(300), 
REV_ integer, 
primary key (NAME_) 
)
10:48:01,299 [main] DEBUG org.activiti.engine.impl.db.DbSqlSession  - SQL: insert into ACT_GE_PROPERTY 
values (&apos;schema.version&apos;, &apos;5.20.0.0&apos;, 1)
10:48:01,299 [main] DEBUG org.activiti.engine.impl.db.DbSqlSession  - SQL: insert into ACT_GE_PROPERTY 
values (&apos;schema.history&apos;, &apos;create(5.20.0.0)&apos;, 1)
10:48:01,299 [main] DEBUG org.activiti.engine.impl.db.DbSqlSession  - SQL: insert into ACT_GE_PROPERTY 
values (&apos;next.dbid&apos;, &apos;1&apos;, 1)
10:48:01,299 [main] DEBUG org.activiti.engine.impl.db.DbSqlSession  - SQL: create table ACT_GE_BYTEARRAY ( 
ID_ varchar(64), 
REV_ integer, 
NAME_ varchar(255), 
DEPLOYMENT_ID_ varchar(64), 
BYTES_ longvarbinary, 
GENERATED_ bit, 
primary key (ID_) 
)
10:48:01,299 [main] DEBUG org.activiti.engine.impl.db.DbSqlSession  - SQL: create table ACT_RE_DEPLOYMENT ( 
ID_ varchar(64), 
NAME_ varchar(255), 
CATEGORY_ varchar(255), 
TENANT_ID_ varchar(255) default &apos;&apos;, 
DEPLOY_TIME_ timestamp, 
primary key (ID_) 
)
10:48:01,299 [main] DEBUG org.activiti.engine.impl.db.DbSqlSession  - SQL: create table ACT_RE_MODEL ( 
ID_ varchar(64) not null, 
REV_ integer, 
NAME_ varchar(255), 
KEY_ varchar(255), 
CATEGORY_ varchar(255), 
CREATE_TIME_ timestamp, 
LAST_UPDATE_TIME_ timestamp, 
VERSION_ integer, 
META_INFO_ varchar(4000), 
DEPLOYMENT_ID_ varchar(64), 
EDITOR_SOURCE_VALUE_ID_ varchar(64), 
EDITOR_SOURCE_EXTRA_VALUE_ID_ varchar(64), 
TENANT_ID_ varchar(255) default &apos;&apos;, 
primary key (ID_) 
)
10:48:01,299 [main] DEBUG org.activiti.engine.impl.db.DbSqlSession  - SQL: create table ACT_RU_EXECUTION ( 
ID_ varchar(64), 
REV_ integer, 
PROC_INST_ID_ varchar(64), 
BUSINESS_KEY_ varchar(255), 
PARENT_ID_ varchar(64), 
PROC_DEF_ID_ varchar(64), 
SUPER_EXEC_ varchar(64), 
ACT_ID_ varchar(255), 
IS_ACTIVE_ bit, 
IS_CONCURRENT_ bit, 
IS_SCOPE_ bit, 
IS_EVENT_SCOPE_ bit, 
SUSPENSION_STATE_ integer, 
CACHED_ENT_STATE_ integer, 
TENANT_ID_ varchar(255) default &apos;&apos;, 
NAME_ varchar(255), 
LOCK_TIME_ timestamp, 
primary key (ID_) 
)
10:48:01,299 [main] DEBUG org.activiti.engine.impl.db.DbSqlSession  - SQL: create table ACT_RU_JOB ( 
ID_ varchar(64) NOT NULL, 
REV_ integer, 
TYPE_ varchar(255) NOT NULL, 
LOCK_EXP_TIME_ timestamp, 
LOCK_OWNER_ varchar(255), 
EXCLUSIVE_ boolean, 
EXECUTION_ID_ varchar(64), 
PROCESS_INSTANCE_ID_ varchar(64), 
PROC_DEF_ID_ varchar(64), 
RETRIES_ integer, 
EXCEPTION_STACK_ID_ varchar(64), 
EXCEPTION_MSG_ varchar(4000), 
DUEDATE_ timestamp, 
REPEAT_ varchar(255), 
HANDLER_TYPE_ varchar(255), 
HANDLER_CFG_ varchar(4000), 
TENANT_ID_ varchar(255) default &apos;&apos;, 
primary key (ID_) 
)
10:48:01,299 [main] DEBUG org.activiti.engine.impl.db.DbSqlSession  - SQL: create table ACT_RE_PROCDEF ( 
ID_ varchar(64) NOT NULL, 
REV_ integer, 
CATEGORY_ varchar(255), 
NAME_ varchar(255), 
KEY_ varchar(255) NOT NULL, 
VERSION_ integer NOT NULL, 
DEPLOYMENT_ID_ varchar(64), 
RESOURCE_NAME_ varchar(4000), 
DGRM_RESOURCE_NAME_ varchar(4000), 
DESCRIPTION_ varchar(4000), 
HAS_START_FORM_KEY_ bit, 
HAS_GRAPHICAL_NOTATION_ bit, 
SUSPENSION_STATE_ integer, 
TENANT_ID_ varchar(255) default &apos;&apos;, 
primary key (ID_) 
)
10:48:01,299 [main] DEBUG org.activiti.engine.impl.db.DbSqlSession  - SQL: create table ACT_RU_TASK ( 
ID_ varchar(64), 
REV_ integer, 
EXECUTION_ID_ varchar(64), 
PROC_INST_ID_ varchar(64), 
PROC_DEF_ID_ varchar(64), 
NAME_ varchar(255), 
PARENT_TASK_ID_ varchar(64), 
DESCRIPTION_ varchar(4000), 
TASK_DEF_KEY_ varchar(255), 
OWNER_ varchar(255), 
ASSIGNEE_ varchar(255), 
DELEGATION_ varchar(64), 
PRIORITY_ integer, 
CREATE_TIME_ timestamp, 
DUE_DATE_ timestamp, 
CATEGORY_ varchar(255), 
SUSPENSION_STATE_ integer, 
TENANT_ID_ varchar(255) default &apos;&apos;, 
FORM_KEY_ varchar(255), 
primary key (ID_) 
)
10:48:01,299 [main] DEBUG org.activiti.engine.impl.db.DbSqlSession  - SQL: create table ACT_RU_IDENTITYLINK ( 
ID_ varchar(64), 
REV_ integer, 
GROUP_ID_ varchar(255), 
TYPE_ varchar(255), 
USER_ID_ varchar(255), 
TASK_ID_ varchar(64), 
PROC_INST_ID_ varchar(64) null, 
PROC_DEF_ID_ varchar(64), 
primary key (ID_) 
)
10:48:01,299 [main] DEBUG org.activiti.engine.impl.db.DbSqlSession  - SQL: create table ACT_RU_VARIABLE ( 
ID_ varchar(64) not null, 
REV_ integer, 
TYPE_ varchar(255) not null, 
NAME_ varchar(255) not null, 
EXECUTION_ID_ varchar(64), 
PROC_INST_ID_ varchar(64), 
TASK_ID_ varchar(64), 
BYTEARRAY_ID_ varchar(64), 
DOUBLE_ double, 
LONG_ bigint, 
TEXT_ varchar(4000), 
TEXT2_ varchar(4000), 
primary key (ID_) 
)
10:48:01,299 [main] DEBUG org.activiti.engine.impl.db.DbSqlSession  - SQL: create table ACT_RU_EVENT_SUBSCR ( 
ID_ varchar(64) not null, 
REV_ integer, 
EVENT_TYPE_ varchar(255) not null, 
EVENT_NAME_ varchar(255), 
EXECUTION_ID_ varchar(64), 
PROC_INST_ID_ varchar(64), 
ACTIVITY_ID_ varchar(64), 
CONFIGURATION_ varchar(255), 
CREATED_ timestamp not null, 
PROC_DEF_ID_ varchar(64), 
TENANT_ID_ varchar(255) default &apos;&apos;, 
primary key (ID_) 
)
10:48:01,299 [main] DEBUG org.activiti.engine.impl.db.DbSqlSession  - SQL: create table ACT_EVT_LOG ( 
LOG_NR_ identity, 
TYPE_ varchar(64), 
PROC_DEF_ID_ varchar(64), 
PROC_INST_ID_ varchar(64), 
EXECUTION_ID_ varchar(64), 
TASK_ID_ varchar(64), 
TIME_STAMP_ timestamp not null, 
USER_ID_ varchar(255), 
DATA_ longvarbinary, 
LOCK_OWNER_ varchar(255), 
LOCK_TIME_ timestamp, 
IS_PROCESSED_ bit default 0 
)
10:48:01,299 [main] DEBUG org.activiti.engine.impl.db.DbSqlSession  - SQL: create table ACT_PROCDEF_INFO ( 
ID_ varchar(64) not null, 
PROC_DEF_ID_ varchar(64) not null, 
REV_ integer, 
INFO_JSON_ID_ varchar(64), 
primary key (ID_) 
)
10:48:01,299 [main] DEBUG org.activiti.engine.impl.db.DbSqlSession  - SQL: create index ACT_IDX_EXEC_BUSKEY on ACT_RU_EXECUTION(BUSINESS_KEY_)
10:48:01,299 [main] DEBUG org.activiti.engine.impl.db.DbSqlSession  - SQL: create index ACT_IDX_TASK_CREATE on ACT_RU_TASK(CREATE_TIME_)
10:48:01,299 [main] DEBUG org.activiti.engine.impl.db.DbSqlSession  - SQL: create index ACT_IDX_IDENT_LNK_USER on ACT_RU_IDENTITYLINK(USER_ID_)
10:48:01,299 [main] DEBUG org.activiti.engine.impl.db.DbSqlSession  - SQL: create index ACT_IDX_IDENT_LNK_GROUP on ACT_RU_IDENTITYLINK(GROUP_ID_)
10:48:01,299 [main] DEBUG org.activiti.engine.impl.db.DbSqlSession  - SQL: create index ACT_IDX_EVENT_SUBSCR_CONFIG_ on ACT_RU_EVENT_SUBSCR(CONFIGURATION_)
10:48:01,299 [main] DEBUG org.activiti.engine.impl.db.DbSqlSession  - SQL: create index ACT_IDX_VARIABLE_TASK_ID on ACT_RU_VARIABLE(TASK_ID_)
10:48:01,300 [main] DEBUG org.activiti.engine.impl.db.DbSqlSession  - SQL: create index ACT_IDX_ATHRZ_PROCEDEF on ACT_RU_IDENTITYLINK(PROC_DEF_ID_)
10:48:01,300 [main] DEBUG org.activiti.engine.impl.db.DbSqlSession  - SQL: create index ACT_IDX_INFO_PROCDEF on ACT_PROCDEF_INFO(PROC_DEF_ID_)
10:48:01,300 [main] DEBUG org.activiti.engine.impl.db.DbSqlSession  - SQL: alter table ACT_GE_BYTEARRAY 
add constraint ACT_FK_BYTEARR_DEPL 
foreign key (DEPLOYMENT_ID_) 
references ACT_RE_DEPLOYMENT
10:48:01,300 [main] DEBUG org.activiti.engine.impl.db.DbSqlSession  - SQL: alter table ACT_RE_PROCDEF 
add constraint ACT_UNIQ_PROCDEF 
unique (KEY_,VERSION_, TENANT_ID_)
10:48:01,300 [main] DEBUG org.activiti.engine.impl.db.DbSqlSession  - SQL: alter table ACT_RU_EXECUTION 
add constraint ACT_FK_EXE_PROCINST 
foreign key (PROC_INST_ID_) 
references ACT_RU_EXECUTION
10:48:01,300 [main] DEBUG org.activiti.engine.impl.db.DbSqlSession  - SQL: alter table ACT_RU_EXECUTION 
add constraint ACT_FK_EXE_PARENT 
foreign key (PARENT_ID_) 
references ACT_RU_EXECUTION
10:48:01,300 [main] DEBUG org.activiti.engine.impl.db.DbSqlSession  - SQL: alter table ACT_RU_EXECUTION 
add constraint ACT_FK_EXE_SUPER 
foreign key (SUPER_EXEC_) 
references ACT_RU_EXECUTION
10:48:01,300 [main] DEBUG org.activiti.engine.impl.db.DbSqlSession  - SQL: alter table ACT_RU_EXECUTION 
add constraint ACT_FK_EXE_PROCDEF 
foreign key (PROC_DEF_ID_) 
references ACT_RE_PROCDEF (ID_)
10:48:01,300 [main] DEBUG org.activiti.engine.impl.db.DbSqlSession  - SQL: alter table ACT_RU_IDENTITYLINK 
add constraint ACT_FK_TSKASS_TASK 
foreign key (TASK_ID_) 
references ACT_RU_TASK
10:48:01,300 [main] DEBUG org.activiti.engine.impl.db.DbSqlSession  - SQL: alter table ACT_RU_IDENTITYLINK 
add constraint ACT_FK_ATHRZ_PROCEDEF 
foreign key (PROC_DEF_ID_) 
references ACT_RE_PROCDEF
10:48:01,300 [main] DEBUG org.activiti.engine.impl.db.DbSqlSession  - SQL: alter table ACT_RU_IDENTITYLINK 
add constraint ACT_FK_IDL_PROCINST 
foreign key (PROC_INST_ID_) 
references ACT_RU_EXECUTION (ID_)
10:48:01,300 [main] DEBUG org.activiti.engine.impl.db.DbSqlSession  - SQL: alter table ACT_RU_TASK 
add constraint ACT_FK_TASK_EXE 
foreign key (EXECUTION_ID_) 
references ACT_RU_EXECUTION
10:48:01,300 [main] DEBUG org.activiti.engine.impl.db.DbSqlSession  - SQL: alter table ACT_RU_TASK 
add constraint ACT_FK_TASK_PROCINST 
foreign key (PROC_INST_ID_) 
references ACT_RU_EXECUTION
10:48:01,300 [main] DEBUG org.activiti.engine.impl.db.DbSqlSession  - SQL: alter table ACT_RU_TASK 
add constraint ACT_FK_TASK_PROCDEF 
foreign key (PROC_DEF_ID_) 
references ACT_RE_PROCDEF
10:48:01,300 [main] DEBUG org.activiti.engine.impl.db.DbSqlSession  - SQL: alter table ACT_RU_VARIABLE 
add constraint ACT_FK_VAR_EXE 
foreign key (EXECUTION_ID_) 
references ACT_RU_EXECUTION
10:48:01,300 [main] DEBUG org.activiti.engine.impl.db.DbSqlSession  - SQL: alter table ACT_RU_VARIABLE 
add constraint ACT_FK_VAR_PROCINST 
foreign key (PROC_INST_ID_) 
references ACT_RU_EXECUTION
10:48:01,300 [main] DEBUG org.activiti.engine.impl.db.DbSqlSession  - SQL: alter table ACT_RU_VARIABLE 
add constraint ACT_FK_VAR_BYTEARRAY 
foreign key (BYTEARRAY_ID_) 
references ACT_GE_BYTEARRAY
10:48:01,300 [main] DEBUG org.activiti.engine.impl.db.DbSqlSession  - SQL: alter table ACT_RU_JOB 
add constraint ACT_FK_JOB_EXCEPTION 
foreign key (EXCEPTION_STACK_ID_) 
references ACT_GE_BYTEARRAY
10:48:01,301 [main] DEBUG org.activiti.engine.impl.db.DbSqlSession  - SQL: alter table ACT_RU_EVENT_SUBSCR 
add constraint ACT_FK_EVENT_EXEC 
foreign key (EXECUTION_ID_) 
references ACT_RU_EXECUTION
10:48:01,301 [main] DEBUG org.activiti.engine.impl.db.DbSqlSession  - SQL: alter table ACT_RE_MODEL 
add constraint ACT_FK_MODEL_SOURCE 
foreign key (EDITOR_SOURCE_VALUE_ID_) 
references ACT_GE_BYTEARRAY (ID_)
10:48:01,301 [main] DEBUG org.activiti.engine.impl.db.DbSqlSession  - SQL: alter table ACT_RE_MODEL 
add constraint ACT_FK_MODEL_SOURCE_EXTRA 
foreign key (EDITOR_SOURCE_EXTRA_VALUE_ID_) 
references ACT_GE_BYTEARRAY (ID_)
10:48:01,301 [main] DEBUG org.activiti.engine.impl.db.DbSqlSession  - SQL: alter table ACT_RE_MODEL 
add constraint ACT_FK_MODEL_DEPLOYMENT 
foreign key (DEPLOYMENT_ID_) 
references ACT_RE_DEPLOYMENT (ID_)
10:48:01,301 [main] DEBUG org.activiti.engine.impl.db.DbSqlSession  - SQL: alter table ACT_PROCDEF_INFO 
add constraint ACT_FK_INFO_JSON_BA 
foreign key (INFO_JSON_ID_) 
references ACT_GE_BYTEARRAY (ID_)
10:48:01,301 [main] DEBUG org.activiti.engine.impl.db.DbSqlSession  - SQL: alter table ACT_PROCDEF_INFO 
add constraint ACT_FK_INFO_PROCDEF 
foreign key (PROC_DEF_ID_) 
references ACT_RE_PROCDEF (ID_)
10:48:01,301 [main] DEBUG org.activiti.engine.impl.db.DbSqlSession  - SQL: alter table ACT_PROCDEF_INFO 
add constraint ACT_UNIQ_INFO_PROCDEF 
unique (PROC_DEF_ID_)
10:48:01,301 [main] DEBUG org.activiti.engine.impl.db.DbSqlSession  - activiti db schema create for component engine successful
10:48:01,301 [main] INFO  org.activiti.engine.impl.db.DbSqlSession  - performing create on history with resource org/activiti/db/create/activiti.h2.create.history.sql
10:48:01,301 [main] DEBUG org.activiti.engine.impl.db.DbSqlSession  - SQL: create table ACT_HI_PROCINST ( 
ID_ varchar(64) not null, 
PROC_INST_ID_ varchar(64) not null, 
BUSINESS_KEY_ varchar(255), 
PROC_DEF_ID_ varchar(64) not null, 
START_TIME_ timestamp not null, 
END_TIME_ timestamp, 
DURATION_ bigint, 
START_USER_ID_ varchar(255), 
START_ACT_ID_ varchar(255), 
END_ACT_ID_ varchar(255), 
SUPER_PROCESS_INSTANCE_ID_ varchar(64), 
DELETE_REASON_ varchar(4000), 
TENANT_ID_ varchar(255) default &apos;&apos;, 
NAME_ varchar(255), 
primary key (ID_), 
unique (PROC_INST_ID_) 
)
10:48:01,301 [main] DEBUG org.activiti.engine.impl.db.DbSqlSession  - SQL: create table ACT_HI_ACTINST ( 
ID_ varchar(64) not null, 
PROC_DEF_ID_ varchar(64) not null, 
PROC_INST_ID_ varchar(64) not null, 
EXECUTION_ID_ varchar(64) not null, 
ACT_ID_ varchar(255) not null, 
TASK_ID_ varchar(64), 
CALL_PROC_INST_ID_ varchar(64), 
ACT_NAME_ varchar(255), 
ACT_TYPE_ varchar(255) not null, 
ASSIGNEE_ varchar(255), 
START_TIME_ timestamp not null, 
END_TIME_ timestamp, 
DURATION_ bigint, 
TENANT_ID_ varchar(255) default &apos;&apos;, 
primary key (ID_) 
)
10:48:01,301 [main] DEBUG org.activiti.engine.impl.db.DbSqlSession  - SQL: create table ACT_HI_TASKINST ( 
ID_ varchar(64) not null, 
PROC_DEF_ID_ varchar(64), 
TASK_DEF_KEY_ varchar(255), 
PROC_INST_ID_ varchar(64), 
EXECUTION_ID_ varchar(64), 
NAME_ varchar(255), 
PARENT_TASK_ID_ varchar(64), 
DESCRIPTION_ varchar(4000), 
OWNER_ varchar(255), 
ASSIGNEE_ varchar(255), 
START_TIME_ timestamp not null, 
CLAIM_TIME_ timestamp, 
END_TIME_ timestamp, 
DURATION_ bigint, 
DELETE_REASON_ varchar(4000), 
PRIORITY_ integer, 
DUE_DATE_ timestamp, 
FORM_KEY_ varchar(255), 
CATEGORY_ varchar(255), 
TENANT_ID_ varchar(255) default &apos;&apos;, 
primary key (ID_) 
)
10:48:01,301 [main] DEBUG org.activiti.engine.impl.db.DbSqlSession  - SQL: create table ACT_HI_VARINST ( 
ID_ varchar(64) not null, 
PROC_INST_ID_ varchar(64), 
EXECUTION_ID_ varchar(64), 
TASK_ID_ varchar(64), 
NAME_ varchar(255) not null, 
VAR_TYPE_ varchar(100), 
REV_ integer, 
BYTEARRAY_ID_ varchar(64), 
DOUBLE_ double, 
LONG_ bigint, 
TEXT_ varchar(4000), 
TEXT2_ varchar(4000), 
CREATE_TIME_ timestamp, 
LAST_UPDATED_TIME_ timestamp, 
primary key (ID_) 
)
10:48:01,301 [main] DEBUG org.activiti.engine.impl.db.DbSqlSession  - SQL: create table ACT_HI_DETAIL ( 
ID_ varchar(64) not null, 
TYPE_ varchar(255) not null, 
TIME_ timestamp not null, 
NAME_ varchar(255), 
PROC_INST_ID_ varchar(64), 
EXECUTION_ID_ varchar(64), 
TASK_ID_ varchar(64), 
ACT_INST_ID_ varchar(64), 
VAR_TYPE_ varchar(255), 
REV_ integer, 
BYTEARRAY_ID_ varchar(64), 
DOUBLE_ double, 
LONG_ bigint, 
TEXT_ varchar(4000), 
TEXT2_ varchar(4000), 
primary key (ID_) 
)
10:48:01,301 [main] DEBUG org.activiti.engine.impl.db.DbSqlSession  - SQL: create table ACT_HI_COMMENT ( 
ID_ varchar(64) not null, 
TYPE_ varchar(255), 
TIME_ timestamp not null, 
USER_ID_ varchar(255), 
TASK_ID_ varchar(64), 
PROC_INST_ID_ varchar(64), 
ACTION_ varchar(255), 
MESSAGE_ varchar(4000), 
FULL_MSG_ longvarbinary, 
primary key (ID_) 
)
10:48:01,301 [main] DEBUG org.activiti.engine.impl.db.DbSqlSession  - SQL: create table ACT_HI_ATTACHMENT ( 
ID_ varchar(64) not null, 
REV_ integer, 
USER_ID_ varchar(255), 
NAME_ varchar(255), 
DESCRIPTION_ varchar(4000), 
TYPE_ varchar(255), 
TASK_ID_ varchar(64), 
PROC_INST_ID_ varchar(64), 
URL_ varchar(4000), 
CONTENT_ID_ varchar(64), 
TIME_ timestamp, 
primary key (ID_) 
)
10:48:01,301 [main] DEBUG org.activiti.engine.impl.db.DbSqlSession  - SQL: create table ACT_HI_IDENTITYLINK ( 
ID_ varchar(64), 
GROUP_ID_ varchar(255), 
TYPE_ varchar(255), 
USER_ID_ varchar(255), 
TASK_ID_ varchar(64), 
PROC_INST_ID_ varchar(64) null, 
primary key (ID_) 
)
10:48:01,301 [main] DEBUG org.activiti.engine.impl.db.DbSqlSession  - SQL: create index ACT_IDX_HI_PRO_INST_END on ACT_HI_PROCINST(END_TIME_)
10:48:01,301 [main] DEBUG org.activiti.engine.impl.db.DbSqlSession  - SQL: create index ACT_IDX_HI_PRO_I_BUSKEY on ACT_HI_PROCINST(BUSINESS_KEY_)
10:48:01,301 [main] DEBUG org.activiti.engine.impl.db.DbSqlSession  - SQL: create index ACT_IDX_HI_ACT_INST_START on ACT_HI_ACTINST(START_TIME_)
10:48:01,301 [main] DEBUG org.activiti.engine.impl.db.DbSqlSession  - SQL: create index ACT_IDX_HI_ACT_INST_END on ACT_HI_ACTINST(END_TIME_)
10:48:01,301 [main] DEBUG org.activiti.engine.impl.db.DbSqlSession  - SQL: create index ACT_IDX_HI_DETAIL_PROC_INST on ACT_HI_DETAIL(PROC_INST_ID_)
10:48:01,302 [main] DEBUG org.activiti.engine.impl.db.DbSqlSession  - SQL: create index ACT_IDX_HI_DETAIL_ACT_INST on ACT_HI_DETAIL(ACT_INST_ID_)
10:48:01,302 [main] DEBUG org.activiti.engine.impl.db.DbSqlSession  - SQL: create index ACT_IDX_HI_DETAIL_TIME on ACT_HI_DETAIL(TIME_)
10:48:01,302 [main] DEBUG org.activiti.engine.impl.db.DbSqlSession  - SQL: create index ACT_IDX_HI_DETAIL_NAME on ACT_HI_DETAIL(NAME_)
10:48:01,302 [main] DEBUG org.activiti.engine.impl.db.DbSqlSession  - SQL: create index ACT_IDX_HI_DETAIL_TASK_ID on ACT_HI_DETAIL(TASK_ID_)
10:48:01,302 [main] DEBUG org.activiti.engine.impl.db.DbSqlSession  - SQL: create index ACT_IDX_HI_PROCVAR_PROC_INST on ACT_HI_VARINST(PROC_INST_ID_)
10:48:01,302 [main] DEBUG org.activiti.engine.impl.db.DbSqlSession  - SQL: create index ACT_IDX_HI_PROCVAR_NAME_TYPE on ACT_HI_VARINST(NAME_, VAR_TYPE_)
10:48:01,302 [main] DEBUG org.activiti.engine.impl.db.DbSqlSession  - SQL: create index ACT_IDX_HI_PROCVAR_TASK_ID on ACT_HI_VARINST(TASK_ID_)
10:48:01,302 [main] DEBUG org.activiti.engine.impl.db.DbSqlSession  - SQL: create index ACT_IDX_HI_ACT_INST_PROCINST on ACT_HI_ACTINST(PROC_INST_ID_, ACT_ID_)
10:48:01,302 [main] DEBUG org.activiti.engine.impl.db.DbSqlSession  - SQL: create index ACT_IDX_HI_IDENT_LNK_USER on ACT_HI_IDENTITYLINK(USER_ID_)
10:48:01,302 [main] DEBUG org.activiti.engine.impl.db.DbSqlSession  - SQL: create index ACT_IDX_HI_IDENT_LNK_TASK on ACT_HI_IDENTITYLINK(TASK_ID_)
10:48:01,302 [main] DEBUG org.activiti.engine.impl.db.DbSqlSession  - SQL: create index ACT_IDX_HI_IDENT_LNK_PROCINST on ACT_HI_IDENTITYLINK(PROC_INST_ID_)
10:48:01,302 [main] DEBUG org.activiti.engine.impl.db.DbSqlSession  - SQL: create index ACT_IDX_HI_ACT_INST_EXEC on ACT_HI_ACTINST(EXECUTION_ID_, ACT_ID_)
10:48:01,302 [main] DEBUG org.activiti.engine.impl.db.DbSqlSession  - SQL: create index ACT_IDX_HI_TASK_INST_PROCINST on ACT_HI_TASKINST(PROC_INST_ID_)
10:48:01,302 [main] DEBUG org.activiti.engine.impl.db.DbSqlSession  - activiti db schema create for component history successful
10:48:01,302 [main] INFO  org.activiti.engine.impl.db.DbSqlSession  - performing create on identity with resource org/activiti/db/create/activiti.h2.create.identity.sql
10:48:01,302 [main] DEBUG org.activiti.engine.impl.db.DbSqlSession  - SQL: create table ACT_ID_GROUP ( 
ID_ varchar(64), 
REV_ integer, 
NAME_ varchar(255), 
TYPE_ varchar(255), 
primary key (ID_) 
)
10:48:01,302 [main] DEBUG org.activiti.engine.impl.db.DbSqlSession  - SQL: create table ACT_ID_MEMBERSHIP ( 
USER_ID_ varchar(64), 
GROUP_ID_ varchar(64), 
primary key (USER_ID_, GROUP_ID_) 
)
10:48:01,302 [main] DEBUG org.activiti.engine.impl.db.DbSqlSession  - SQL: create table ACT_ID_USER ( 
ID_ varchar(64), 
REV_ integer, 
FIRST_ varchar(255), 
LAST_ varchar(255), 
EMAIL_ varchar(255), 
PWD_ varchar(255), 
PICTURE_ID_ varchar(64), 
primary key (ID_) 
)
10:48:01,302 [main] DEBUG org.activiti.engine.impl.db.DbSqlSession  - SQL: create table ACT_ID_INFO ( 
ID_ varchar(64), 
REV_ integer, 
USER_ID_ varchar(64), 
TYPE_ varchar(64), 
KEY_ varchar(255), 
VALUE_ varchar(255), 
PASSWORD_ longvarbinary, 
PARENT_ID_ varchar(255), 
primary key (ID_) 
)
10:48:01,302 [main] DEBUG org.activiti.engine.impl.db.DbSqlSession  - SQL: alter table ACT_ID_MEMBERSHIP 
add constraint ACT_FK_MEMB_GROUP 
foreign key (GROUP_ID_) 
references ACT_ID_GROUP
10:48:01,302 [main] DEBUG org.activiti.engine.impl.db.DbSqlSession  - SQL: alter table ACT_ID_MEMBERSHIP 
add constraint ACT_FK_MEMB_USER 
foreign key (USER_ID_) 
references ACT_ID_USER
10:48:01,302 [main] DEBUG org.activiti.engine.impl.db.DbSqlSession  - activiti db schema create for component identity successful
10:48:01,302 [main] DEBUG org.activiti.engine.impl.db.DbSqlSession  - flush summary: 0 insert, 0 update, 0 delete.
10:48:01,302 [main] DEBUG org.activiti.engine.impl.db.DbSqlSession  - now executing flush...
10:48:01,302 [main] DEBUG org.activiti.engine.impl.cfg.standalone.StandaloneMybatisTransactionContext  - firing event committing...
10:48:01,302 [main] DEBUG org.activiti.engine.impl.cfg.standalone.StandaloneMybatisTransactionContext  - committing the ibatis sql session...
10:48:01,302 [main] DEBUG org.activiti.engine.impl.cfg.standalone.StandaloneMybatisTransactionContext  - firing event committed...
10:48:01,302 [main] DEBUG org.apache.ibatis.transaction.jdbc.JdbcTransaction  - Resetting autocommit to true on JDBC Connection [conn2: url=jdbc:h2:mem:activiti user=SA]
10:48:01,302 [main] DEBUG org.apache.ibatis.transaction.jdbc.JdbcTransaction  - Closing JDBC Connection [conn2: url=jdbc:h2:mem:activiti user=SA]
10:48:01,302 [main] DEBUG org.apache.ibatis.datasource.pooled.PooledDataSource  - Returned connection 363509958 to pool.
10:48:01,302 [main] DEBUG org.activiti.engine.impl.interceptor.LogInterceptor  - ---  finished --------------------------------------------------------
10:48:01,302 [main] DEBUG org.activiti.engine.impl.interceptor.LogInterceptor  - 

</system-out>
  </testcase>
  <testcase classname="org.activiti.examples.task.StandaloneTaskTest" name="testRevisionUpdatedOnSave" time="0.023">
    <error message="
### Error querying database.  Cause: org.h2.jdbc.JdbcSQLException: Syntax error in SQL statement &quot;SELECT RES.* 
     
    FROM ACT_HI_DETAIL RES
     WHERE  RES.TASK_ID_ = ? 
   
     ORDER BY  ORDER[*] BY RES.ID_ ASC  
    LIMIT ? OFFSET ? &quot;; expected &quot;=, NOT, EXISTS, INTERSECTS, SELECT, FROM&quot;; SQL statement:
select RES.* 
     
    from ACT_HI_DETAIL RES
     WHERE  RES.TASK_ID_ = ? 
   
     order by  order by RES.ID_ asc  
    LIMIT ? OFFSET ? [42001-176]
### The error may exist in org/activiti/db/mapping/entity/HistoricDetail.xml
### The error may involve org.activiti.engine.impl.persistence.entity.HistoricDetailEntity.selectHistoricDetailsByQueryCriteria
### The error occurred while executing a query
### SQL: select RES.*            from ACT_HI_DETAIL RES      WHERE  RES.TASK_ID_ = ?           order by  order by RES.ID_ asc       LIMIT ? OFFSET ?
### Cause: org.h2.jdbc.JdbcSQLException: Syntax error in SQL statement &quot;SELECT RES.* 
     
    FROM ACT_HI_DETAIL RES
     WHERE  RES.TASK_ID_ = ? 
   
     ORDER BY  ORDER[*] BY RES.ID_ ASC  
    LIMIT ? OFFSET ? &quot;; expected &quot;=, NOT, EXISTS, INTERSECTS, SELECT, FROM&quot;; SQL statement:
select RES.* 
     
    from ACT_HI_DETAIL RES
     WHERE  RES.TASK_ID_ = ? 
   
     order by  order by RES.ID_ asc  
    LIMIT ? OFFSET ? [42001-176]" type="org.apache.ibatis.exceptions.PersistenceException">org.apache.ibatis.exceptions.PersistenceException: 
### Error querying database.  Cause: org.h2.jdbc.JdbcSQLException: Syntax error in SQL statement &quot;SELECT RES.* 
     
    FROM ACT_HI_DETAIL RES
     WHERE  RES.TASK_ID_ = ? 
   
     ORDER BY  ORDER[*] BY RES.ID_ ASC  
    LIMIT ? OFFSET ? &quot;; expected &quot;=, NOT, EXISTS, INTERSECTS, SELECT, FROM&quot;; SQL statement:
select RES.* 
     
    from ACT_HI_DETAIL RES
     WHERE  RES.TASK_ID_ = ? 
   
     order by  order by RES.ID_ asc  
    LIMIT ? OFFSET ? [42001-176]
### The error may exist in org/activiti/db/mapping/entity/HistoricDetail.xml
### The error may involve org.activiti.engine.impl.persistence.entity.HistoricDetailEntity.selectHistoricDetailsByQueryCriteria
### The error occurred while executing a query
### SQL: select RES.*            from ACT_HI_DETAIL RES      WHERE  RES.TASK_ID_ = ?           order by  order by RES.ID_ asc       LIMIT ? OFFSET ?
### Cause: org.h2.jdbc.JdbcSQLException: Syntax error in SQL statement &quot;SELECT RES.* 
     
    FROM ACT_HI_DETAIL RES
     WHERE  RES.TASK_ID_ = ? 
   
     ORDER BY  ORDER[*] BY RES.ID_ ASC  
    LIMIT ? OFFSET ? &quot;; expected &quot;=, NOT, EXISTS, INTERSECTS, SELECT, FROM&quot;; SQL statement:
select RES.* 
     
    from ACT_HI_DETAIL RES
     WHERE  RES.TASK_ID_ = ? 
   
     order by  order by RES.ID_ asc  
    LIMIT ? OFFSET ? [42001-176]
	at org.apache.ibatis.exceptions.ExceptionFactory.wrapException(ExceptionFactory.java:30)
	at org.apache.ibatis.session.defaults.DefaultSqlSession.selectList(DefaultSqlSession.java:122)
	at org.apache.ibatis.session.defaults.DefaultSqlSession.selectList(DefaultSqlSession.java:113)
	at org.activiti.engine.impl.db.DbSqlSession.selectListWithRawParameter(DbSqlSession.java:438)
	at org.activiti.engine.impl.db.DbSqlSession.selectList(DbSqlSession.java:429)
	at org.activiti.engine.impl.db.DbSqlSession.selectList(DbSqlSession.java:419)
	at org.activiti.engine.impl.persistence.entity.HistoricDetailEntityManager.findHistoricDetailsByQueryCriteria(HistoricDetailEntityManager.java:51)
	at org.activiti.engine.impl.HistoricDetailQueryImpl.executeList(HistoricDetailQueryImpl.java:112)
	at org.activiti.engine.impl.AbstractQuery.list(AbstractQuery.java:140)
	at org.activiti.engine.impl.persistence.entity.HistoricDetailEntityManager.deleteHistoricDetailsByTaskId(HistoricDetailEntityManager.java:58)
	at org.activiti.engine.impl.persistence.entity.HistoricTaskInstanceEntityManager.deleteHistoricTaskInstanceById(HistoricTaskInstanceEntityManager.java:122)
	at org.activiti.engine.impl.persistence.entity.TaskEntityManager.deleteTask(TaskEntityManager.java:91)
	at org.activiti.engine.impl.persistence.entity.TaskEntityManager.deleteTask(TaskEntityManager.java:201)
	at org.activiti.engine.impl.cmd.DeleteTaskCmd.deleteTask(DeleteTaskCmd.java:64)
	at org.activiti.engine.impl.cmd.DeleteTaskCmd.execute(DeleteTaskCmd.java:48)
	at org.activiti.engine.impl.cmd.DeleteTaskCmd.execute(DeleteTaskCmd.java:26)
	at org.activiti.engine.impl.interceptor.CommandInvoker.execute(CommandInvoker.java:24)
	at org.activiti.engine.impl.interceptor.CommandContextInterceptor.execute(CommandContextInterceptor.java:57)
	at org.activiti.engine.impl.interceptor.LogInterceptor.execute(LogInterceptor.java:37)
	at org.activiti.engine.impl.cfg.CommandExecutorImpl.execute(CommandExecutorImpl.java:40)
	at org.activiti.engine.impl.cfg.CommandExecutorImpl.execute(CommandExecutorImpl.java:35)
	at org.activiti.engine.impl.TaskServiceImpl.deleteTask(TaskServiceImpl.java:105)
	at org.activiti.examples.task.StandaloneTaskTest.testRevisionUpdatedOnSave(StandaloneTaskTest.java:124)
	at sun.reflect.NativeMethodAccessorImpl.invoke0(Native Method)
	at sun.reflect.NativeMethodAccessorImpl.invoke(NativeMethodAccessorImpl.java:62)
	at sun.reflect.DelegatingMethodAccessorImpl.invoke(DelegatingMethodAccessorImpl.java:43)
	at java.lang.reflect.Method.invoke(Method.java:498)
	at junit.framework.TestCase.runTest(TestCase.java:176)
	at org.activiti.engine.impl.test.PvmTestCase.runTest(PvmTestCase.java:65)
	at junit.framework.TestCase.runBare(TestCase.java:141)
	at org.activiti.engine.impl.test.AbstractActivitiTestCase.runBare(AbstractActivitiTestCase.java:100)
	at junit.framework.TestResult$1.protect(TestResult.java:122)
	at junit.framework.TestResult.runProtected(TestResult.java:142)
	at junit.framework.TestResult.run(TestResult.java:125)
	at junit.framework.TestCase.run(TestCase.java:129)
	at junit.framework.TestSuite.runTest(TestSuite.java:255)
	at junit.framework.TestSuite.run(TestSuite.java:250)
	at org.junit.internal.runners.JUnit38ClassRunner.run(JUnit38ClassRunner.java:84)
	at org.apache.maven.surefire.junit4.JUnit4TestSet.execute(JUnit4TestSet.java:35)
	at org.apache.maven.surefire.junit4.JUnit4Provider.executeTestSet(JUnit4Provider.java:146)
	at org.apache.maven.surefire.junit4.JUnit4Provider.invoke(JUnit4Provider.java:97)
	at sun.reflect.NativeMethodAccessorImpl.invoke0(Native Method)
	at sun.reflect.NativeMethodAccessorImpl.invoke(NativeMethodAccessorImpl.java:62)
	at sun.reflect.DelegatingMethodAccessorImpl.invoke(DelegatingMethodAccessorImpl.java:43)
	at java.lang.reflect.Method.invoke(Method.java:498)
	at org.apache.maven.surefire.booter.ProviderFactory$ClassLoaderProxy.invoke(ProviderFactory.java:103)
	at com.sun.proxy.$Proxy0.invoke(Unknown Source)
	at org.apache.maven.surefire.booter.SurefireStarter.invokeProvider(SurefireStarter.java:145)
	at org.apache.maven.surefire.booter.SurefireStarter.runSuitesInProcess(SurefireStarter.java:87)
	at org.apache.maven.surefire.booter.ForkedBooter.main(ForkedBooter.java:69)
Caused by: org.h2.jdbc.JdbcSQLException: Syntax error in SQL statement &quot;SELECT RES.* 
     
    FROM ACT_HI_DETAIL RES
     WHERE  RES.TASK_ID_ = ? 
   
     ORDER BY  ORDER[*] BY RES.ID_ ASC  
    LIMIT ? OFFSET ? &quot;; expected &quot;=, NOT, EXISTS, INTERSECTS, SELECT, FROM&quot;; SQL statement:
select RES.* 
     
    from ACT_HI_DETAIL RES
     WHERE  RES.TASK_ID_ = ? 
   
     order by  order by RES.ID_ asc  
    LIMIT ? OFFSET ? [42001-176]
	at org.h2.message.DbException.getJdbcSQLException(DbException.java:344)
	at org.h2.message.DbException.getSyntaxError(DbException.java:204)
	at org.h2.command.Parser.getSyntaxError(Parser.java:524)
	at org.h2.command.Parser.readTerm(Parser.java:2688)
	at org.h2.command.Parser.readFactor(Parser.java:2244)
	at org.h2.command.Parser.readSum(Parser.java:2231)
	at org.h2.command.Parser.readConcat(Parser.java:2201)
	at org.h2.command.Parser.readCondition(Parser.java:2051)
	at org.h2.command.Parser.readAnd(Parser.java:2023)
	at org.h2.command.Parser.readExpression(Parser.java:2015)
	at org.h2.command.Parser.parseEndOfQuery(Parser.java:1726)
	at org.h2.command.Parser.parseSelectUnionExtension(Parser.java:1706)
	at org.h2.command.Parser.parseSelectUnion(Parser.java:1675)
	at org.h2.command.Parser.parseSelect(Parser.java:1662)
	at org.h2.command.Parser.parsePrepared(Parser.java:434)
	at org.h2.command.Parser.parse(Parser.java:306)
	at org.h2.command.Parser.parse(Parser.java:282)
	at org.h2.command.Parser.prepareCommand(Parser.java:243)
	at org.h2.engine.Session.prepareLocal(Session.java:442)
	at org.h2.engine.Session.prepareCommand(Session.java:384)
	at org.h2.jdbc.JdbcConnection.prepareCommand(JdbcConnection.java:1188)
	at org.h2.jdbc.JdbcPreparedStatement.&lt;init&gt;(JdbcPreparedStatement.java:73)
	at org.h2.jdbc.JdbcConnection.prepareStatement(JdbcConnection.java:276)
	at sun.reflect.GeneratedMethodAccessor6.invoke(Unknown Source)
	at sun.reflect.DelegatingMethodAccessorImpl.invoke(DelegatingMethodAccessorImpl.java:43)
	at java.lang.reflect.Method.invoke(Method.java:498)
	at org.apache.ibatis.datasource.pooled.PooledConnection.invoke(PooledConnection.java:245)
	at com.sun.proxy.$Proxy12.prepareStatement(Unknown Source)
	at sun.reflect.GeneratedMethodAccessor6.invoke(Unknown Source)
	at sun.reflect.DelegatingMethodAccessorImpl.invoke(DelegatingMethodAccessorImpl.java:43)
	at java.lang.reflect.Method.invoke(Method.java:498)
	at org.apache.ibatis.logging.jdbc.ConnectionLogger.invoke(ConnectionLogger.java:55)
	at com.sun.proxy.$Proxy12.prepareStatement(Unknown Source)
	at org.apache.ibatis.executor.statement.PreparedStatementHandler.instantiateStatement(PreparedStatementHandler.java:79)
	at org.apache.ibatis.executor.statement.BaseStatementHandler.prepare(BaseStatementHandler.java:88)
	at org.apache.ibatis.executor.statement.RoutingStatementHandler.prepare(RoutingStatementHandler.java:58)
	at org.apache.ibatis.executor.SimpleExecutor.prepareStatement(SimpleExecutor.java:76)
	at org.apache.ibatis.executor.SimpleExecutor.doQuery(SimpleExecutor.java:61)
	at org.apache.ibatis.executor.BaseExecutor.queryFromDatabase(BaseExecutor.java:303)
	at org.apache.ibatis.executor.BaseExecutor.query(BaseExecutor.java:154)
	at org.apache.ibatis.executor.CachingExecutor.query(CachingExecutor.java:102)
	at org.apache.ibatis.executor.CachingExecutor.query(CachingExecutor.java:82)
	at org.apache.ibatis.session.defaults.DefaultSqlSession.selectList(DefaultSqlSession.java:120)
	... 48 more
</error>
    <system-out>10:48:01,303 [main] DEBUG org.activiti.engine.impl.interceptor.LogInterceptor  - 

10:48:01,303 [main] DEBUG org.activiti.engine.impl.interceptor.LogInterceptor  - --- starting CreateUserCmd --------------------------------------------------------
10:48:01,303 [main] DEBUG org.activiti.engine.impl.cfg.standalone.StandaloneMybatisTransactionContext  - firing event committing...
10:48:01,303 [main] DEBUG org.activiti.engine.impl.cfg.standalone.StandaloneMybatisTransactionContext  - committing the ibatis sql session...
10:48:01,303 [main] DEBUG org.activiti.engine.impl.cfg.standalone.StandaloneMybatisTransactionContext  - firing event committed...
10:48:01,303 [main] DEBUG org.activiti.engine.impl.interceptor.LogInterceptor  - --- CreateUserCmd finished --------------------------------------------------------
10:48:01,303 [main] DEBUG org.activiti.engine.impl.interceptor.LogInterceptor  - 

10:48:01,303 [main] DEBUG org.activiti.engine.impl.interceptor.LogInterceptor  - 

10:48:01,303 [main] DEBUG org.activiti.engine.impl.interceptor.LogInterceptor  - --- starting SaveUserCmd --------------------------------------------------------
10:48:01,303 [main] DEBUG org.activiti.engine.impl.db.DbSqlSession  -   insert org.activiti.engine.impl.persistence.entity.UserEntity@666fad24
10:48:01,303 [main] DEBUG org.activiti.engine.impl.db.DbSqlSession  - flush summary: 1 insert, 0 update, 0 delete.
10:48:01,303 [main] DEBUG org.activiti.engine.impl.db.DbSqlSession  - now executing flush...
10:48:01,303 [main] DEBUG org.activiti.engine.impl.db.DbSqlSession  - inserting: org.activiti.engine.impl.persistence.entity.UserEntity@666fad24
10:48:01,303 [main] DEBUG org.apache.ibatis.transaction.jdbc.JdbcTransaction  - Opening JDBC Connection
10:48:01,303 [main] DEBUG org.apache.ibatis.datasource.pooled.PooledDataSource  - Checked out connection 180014677 from pool.
10:48:01,303 [main] DEBUG org.apache.ibatis.transaction.jdbc.JdbcTransaction  - Setting autocommit to false on JDBC Connection [conn3: url=jdbc:h2:mem:activiti user=SA]
10:48:01,303 [main] DEBUG org.activiti.engine.impl.persistence.entity.UserEntity.insertUser  - ==&gt;  Preparing: insert into ACT_ID_USER (ID_, REV_, FIRST_, LAST_, EMAIL_, PWD_) values ( ?, 1, ?, ?, ?, ? ) 
10:48:01,303 [main] DEBUG org.activiti.engine.impl.persistence.entity.UserEntity.insertUser  - ==&gt; Parameters: kermit(String), null, null, null, null
10:48:01,303 [main] DEBUG org.activiti.engine.impl.persistence.entity.UserEntity.insertUser  - &lt;==    Updates: 1
10:48:01,303 [main] DEBUG org.activiti.engine.impl.cfg.standalone.StandaloneMybatisTransactionContext  - firing event committing...
10:48:01,303 [main] DEBUG org.activiti.engine.impl.cfg.standalone.StandaloneMybatisTransactionContext  - committing the ibatis sql session...
10:48:01,303 [main] DEBUG org.apache.ibatis.transaction.jdbc.JdbcTransaction  - Committing JDBC Connection [conn3: url=jdbc:h2:mem:activiti user=SA]
10:48:01,303 [main] DEBUG org.activiti.engine.impl.cfg.standalone.StandaloneMybatisTransactionContext  - firing event committed...
10:48:01,303 [main] DEBUG org.apache.ibatis.transaction.jdbc.JdbcTransaction  - Resetting autocommit to true on JDBC Connection [conn3: url=jdbc:h2:mem:activiti user=SA]
10:48:01,303 [main] DEBUG org.apache.ibatis.transaction.jdbc.JdbcTransaction  - Closing JDBC Connection [conn3: url=jdbc:h2:mem:activiti user=SA]
10:48:01,303 [main] DEBUG org.apache.ibatis.datasource.pooled.PooledDataSource  - Returned connection 180014677 to pool.
10:48:01,303 [main] DEBUG org.activiti.engine.impl.interceptor.LogInterceptor  - --- SaveUserCmd finished --------------------------------------------------------
10:48:01,303 [main] DEBUG org.activiti.engine.impl.interceptor.LogInterceptor  - 

10:48:01,303 [main] DEBUG org.activiti.engine.impl.interceptor.LogInterceptor  - 

10:48:01,303 [main] DEBUG org.activiti.engine.impl.interceptor.LogInterceptor  - --- starting CreateUserCmd --------------------------------------------------------
10:48:01,303 [main] DEBUG org.activiti.engine.impl.cfg.standalone.StandaloneMybatisTransactionContext  - firing event committing...
10:48:01,303 [main] DEBUG org.activiti.engine.impl.cfg.standalone.StandaloneMybatisTransactionContext  - committing the ibatis sql session...
10:48:01,303 [main] DEBUG org.activiti.engine.impl.cfg.standalone.StandaloneMybatisTransactionContext  - firing event committed...
10:48:01,303 [main] DEBUG org.activiti.engine.impl.interceptor.LogInterceptor  - --- CreateUserCmd finished --------------------------------------------------------
10:48:01,303 [main] DEBUG org.activiti.engine.impl.interceptor.LogInterceptor  - 

10:48:01,303 [main] DEBUG org.activiti.engine.impl.interceptor.LogInterceptor  - 

10:48:01,303 [main] DEBUG org.activiti.engine.impl.interceptor.LogInterceptor  - --- starting SaveUserCmd --------------------------------------------------------
10:48:01,303 [main] DEBUG org.activiti.engine.impl.db.DbSqlSession  -   insert org.activiti.engine.impl.persistence.entity.UserEntity@7b310eb2
10:48:01,303 [main] DEBUG org.activiti.engine.impl.db.DbSqlSession  - flush summary: 1 insert, 0 update, 0 delete.
10:48:01,303 [main] DEBUG org.activiti.engine.impl.db.DbSqlSession  - now executing flush...
10:48:01,303 [main] DEBUG org.activiti.engine.impl.db.DbSqlSession  - inserting: org.activiti.engine.impl.persistence.entity.UserEntity@7b310eb2
10:48:01,303 [main] DEBUG org.apache.ibatis.transaction.jdbc.JdbcTransaction  - Opening JDBC Connection
10:48:01,303 [main] DEBUG org.apache.ibatis.datasource.pooled.PooledDataSource  - Checked out connection 297240765 from pool.
10:48:01,303 [main] DEBUG org.apache.ibatis.transaction.jdbc.JdbcTransaction  - Setting autocommit to false on JDBC Connection [conn4: url=jdbc:h2:mem:activiti user=SA]
10:48:01,303 [main] DEBUG org.activiti.engine.impl.persistence.entity.UserEntity.insertUser  - ==&gt;  Preparing: insert into ACT_ID_USER (ID_, REV_, FIRST_, LAST_, EMAIL_, PWD_) values ( ?, 1, ?, ?, ?, ? ) 
10:48:01,304 [main] DEBUG org.activiti.engine.impl.persistence.entity.UserEntity.insertUser  - ==&gt; Parameters: gonzo(String), null, null, null, null
10:48:01,304 [main] DEBUG org.activiti.engine.impl.persistence.entity.UserEntity.insertUser  - &lt;==    Updates: 1
10:48:01,304 [main] DEBUG org.activiti.engine.impl.cfg.standalone.StandaloneMybatisTransactionContext  - firing event committing...
10:48:01,304 [main] DEBUG org.activiti.engine.impl.cfg.standalone.StandaloneMybatisTransactionContext  - committing the ibatis sql session...
10:48:01,304 [main] DEBUG org.apache.ibatis.transaction.jdbc.JdbcTransaction  - Committing JDBC Connection [conn4: url=jdbc:h2:mem:activiti user=SA]
10:48:01,304 [main] DEBUG org.activiti.engine.impl.cfg.standalone.StandaloneMybatisTransactionContext  - firing event committed...
10:48:01,304 [main] DEBUG org.apache.ibatis.transaction.jdbc.JdbcTransaction  - Resetting autocommit to true on JDBC Connection [conn4: url=jdbc:h2:mem:activiti user=SA]
10:48:01,304 [main] DEBUG org.apache.ibatis.transaction.jdbc.JdbcTransaction  - Closing JDBC Connection [conn4: url=jdbc:h2:mem:activiti user=SA]
10:48:01,304 [main] DEBUG org.apache.ibatis.datasource.pooled.PooledDataSource  - Returned connection 297240765 to pool.
10:48:01,304 [main] DEBUG org.activiti.engine.impl.interceptor.LogInterceptor  - --- SaveUserCmd finished --------------------------------------------------------
10:48:01,304 [main] DEBUG org.activiti.engine.impl.interceptor.LogInterceptor  - 

10:48:01,304 [main] DEBUG org.activiti.engine.impl.test.PvmTestCase  - 

10:48:01,304 [main] DEBUG org.activiti.engine.impl.test.PvmTestCase  - #### START StandaloneTaskTest.testRevisionUpdatedOnSave ###########################################################
10:48:01,304 [main] DEBUG org.activiti.engine.impl.interceptor.LogInterceptor  - 

10:48:01,304 [main] DEBUG org.activiti.engine.impl.interceptor.LogInterceptor  - --- starting NewTaskCmd --------------------------------------------------------
10:48:01,304 [main] DEBUG org.activiti.engine.impl.cfg.standalone.StandaloneMybatisTransactionContext  - firing event committing...
10:48:01,304 [main] DEBUG org.activiti.engine.impl.cfg.standalone.StandaloneMybatisTransactionContext  - committing the ibatis sql session...
10:48:01,304 [main] DEBUG org.activiti.engine.impl.cfg.standalone.StandaloneMybatisTransactionContext  - firing event committed...
10:48:01,304 [main] DEBUG org.activiti.engine.impl.interceptor.LogInterceptor  - --- NewTaskCmd finished --------------------------------------------------------
10:48:01,304 [main] DEBUG org.activiti.engine.impl.interceptor.LogInterceptor  - 

10:48:01,304 [main] DEBUG org.activiti.engine.impl.interceptor.LogInterceptor  - 

10:48:01,304 [main] DEBUG org.activiti.engine.impl.interceptor.LogInterceptor  - --- starting SaveTaskCmd --------------------------------------------------------
10:48:01,304 [main] DEBUG org.activiti.engine.impl.history.DefaultHistoryManager  - Current history level: FULL, level required: AUDIT
10:48:01,304 [main] DEBUG org.activiti.engine.impl.db.DbSqlSession  -   insert Task[id=2249, name=null]
10:48:01,304 [main] DEBUG org.activiti.engine.impl.db.DbSqlSession  -   insert HistoricTaskInstanceEntity[id=2249, name=null]
10:48:01,304 [main] DEBUG org.activiti.engine.impl.db.DbSqlSession  - flush summary: 2 insert, 0 update, 0 delete.
10:48:01,304 [main] DEBUG org.activiti.engine.impl.db.DbSqlSession  - now executing flush...
10:48:01,304 [main] DEBUG org.activiti.engine.impl.db.DbSqlSession  - inserting: HistoricTaskInstanceEntity[id=2249, name=null]
10:48:01,304 [main] DEBUG org.apache.ibatis.transaction.jdbc.JdbcTransaction  - Opening JDBC Connection
10:48:01,304 [main] DEBUG org.apache.ibatis.datasource.pooled.PooledDataSource  - Checked out connection 486346394 from pool.
10:48:01,304 [main] DEBUG org.apache.ibatis.transaction.jdbc.JdbcTransaction  - Setting autocommit to false on JDBC Connection [conn6: url=jdbc:h2:mem:activiti user=SA]
10:48:01,304 [main] DEBUG org.activiti.engine.impl.persistence.entity.HistoricTaskInstanceEntity.insertHistoricTaskInstance  - ==&gt;  Preparing: insert into ACT_HI_TASKINST ( ID_, PROC_DEF_ID_, PROC_INST_ID_, EXECUTION_ID_, NAME_, PARENT_TASK_ID_, DESCRIPTION_, OWNER_, ASSIGNEE_, START_TIME_, CLAIM_TIME_, END_TIME_, DURATION_, DELETE_REASON_, TASK_DEF_KEY_, FORM_KEY_, PRIORITY_, DUE_DATE_, CATEGORY_, TENANT_ID_ ) values ( ?, ?, ?, ?, ?, ?, ?, ?, ?, ?, ?, ?, ?, ?, ?, ?, ?, ?, ?, ? ) 
10:48:01,304 [main] DEBUG org.activiti.engine.impl.persistence.entity.HistoricTaskInstanceEntity.insertHistoricTaskInstance  - ==&gt; Parameters: 2249(String), null, null, null, null, null, null, null, null, 2023-03-20 10:48:01.304(Timestamp), null, null, null, null, null, null, 50(Integer), null, null, (String)
10:48:01,304 [main] DEBUG org.activiti.engine.impl.persistence.entity.HistoricTaskInstanceEntity.insertHistoricTaskInstance  - &lt;==    Updates: 1
10:48:01,304 [main] DEBUG org.activiti.engine.impl.db.DbSqlSession  - inserting: Task[id=2249, name=null]
10:48:01,304 [main] DEBUG org.activiti.engine.impl.persistence.entity.TaskEntity.insertTask  - ==&gt;  Preparing: insert into ACT_RU_TASK (ID_, REV_, NAME_, PARENT_TASK_ID_, DESCRIPTION_, PRIORITY_, CREATE_TIME_, OWNER_, ASSIGNEE_, DELEGATION_, EXECUTION_ID_, PROC_INST_ID_, PROC_DEF_ID_, TASK_DEF_KEY_, DUE_DATE_, CATEGORY_, SUSPENSION_STATE_, TENANT_ID_, FORM_KEY_) values (?, 1, ?, ?, ?, ?, ?, ?, ?, ?, ?, ?, ?, ?, ?, ?, ?, ?, ? ) 
10:48:01,304 [main] DEBUG org.activiti.engine.impl.persistence.entity.TaskEntity.insertTask  - ==&gt; Parameters: 2249(String), null, null, null, 50(Integer), 2023-03-20 10:48:01.304(Timestamp), null, null, null, null, null, null, null, null, null, 1(Integer), (String), null
10:48:01,304 [main] DEBUG org.activiti.engine.impl.persistence.entity.TaskEntity.insertTask  - &lt;==    Updates: 1
10:48:01,304 [main] DEBUG org.activiti.engine.impl.cfg.standalone.StandaloneMybatisTransactionContext  - firing event committing...
10:48:01,305 [main] DEBUG org.activiti.engine.impl.cfg.standalone.StandaloneMybatisTransactionContext  - committing the ibatis sql session...
10:48:01,305 [main] DEBUG org.apache.ibatis.transaction.jdbc.JdbcTransaction  - Committing JDBC Connection [conn6: url=jdbc:h2:mem:activiti user=SA]
10:48:01,305 [main] DEBUG org.activiti.engine.impl.cfg.standalone.StandaloneMybatisTransactionContext  - firing event committed...
10:48:01,305 [main] DEBUG org.apache.ibatis.transaction.jdbc.JdbcTransaction  - Resetting autocommit to true on JDBC Connection [conn6: url=jdbc:h2:mem:activiti user=SA]
10:48:01,305 [main] DEBUG org.apache.ibatis.transaction.jdbc.JdbcTransaction  - Closing JDBC Connection [conn6: url=jdbc:h2:mem:activiti user=SA]
10:48:01,305 [main] DEBUG org.apache.ibatis.datasource.pooled.PooledDataSource  - Returned connection 486346394 to pool.
10:48:01,305 [main] DEBUG org.activiti.engine.impl.interceptor.LogInterceptor  - --- SaveTaskCmd finished --------------------------------------------------------
10:48:01,305 [main] DEBUG org.activiti.engine.impl.interceptor.LogInterceptor  - 

10:48:01,305 [main] DEBUG org.activiti.engine.impl.interceptor.LogInterceptor  - 

10:48:01,305 [main] DEBUG org.activiti.engine.impl.interceptor.LogInterceptor  - --- starting SaveTaskCmd --------------------------------------------------------
10:48:01,305 [main] DEBUG org.activiti.engine.impl.history.DefaultHistoryManager  - Current history level: FULL, level required: AUDIT
10:48:01,305 [main] DEBUG org.apache.ibatis.transaction.jdbc.JdbcTransaction  - Opening JDBC Connection
10:48:01,305 [main] DEBUG org.apache.ibatis.datasource.pooled.PooledDataSource  - Checked out connection 363509958 from pool.
10:48:01,305 [main] DEBUG org.apache.ibatis.transaction.jdbc.JdbcTransaction  - Setting autocommit to false on JDBC Connection [conn2: url=jdbc:h2:mem:activiti user=SA]
10:48:01,305 [main] DEBUG org.activiti.engine.impl.persistence.entity.HistoricTaskInstanceEntity.selectHistoricTaskInstance  - ==&gt;  Preparing: select * from ACT_HI_TASKINST where ID_ = ? 
10:48:01,305 [main] DEBUG org.activiti.engine.impl.persistence.entity.HistoricTaskInstanceEntity.selectHistoricTaskInstance  - ==&gt; Parameters: 2249(String)
10:48:01,305 [main] DEBUG org.activiti.engine.impl.persistence.entity.HistoricTaskInstanceEntity.selectHistoricTaskInstance  - &lt;==      Total: 1
10:48:01,305 [main] DEBUG org.activiti.engine.impl.history.DefaultHistoryManager  - Current history level: FULL, level required: AUDIT
10:48:01,305 [main] DEBUG org.activiti.engine.impl.history.DefaultHistoryManager  - Current history level: FULL, level required: AUDIT
10:48:01,305 [main] DEBUG org.activiti.engine.impl.history.DefaultHistoryManager  - Current history level: FULL, level required: AUDIT
10:48:01,305 [main] DEBUG org.activiti.engine.impl.history.DefaultHistoryManager  - Current history level: FULL, level required: AUDIT
10:48:01,305 [main] DEBUG org.activiti.engine.impl.history.DefaultHistoryManager  - Current history level: FULL, level required: AUDIT
10:48:01,305 [main] DEBUG org.activiti.engine.impl.history.DefaultHistoryManager  - Current history level: FULL, level required: AUDIT
10:48:01,305 [main] DEBUG org.activiti.engine.impl.history.DefaultHistoryManager  - Current history level: FULL, level required: AUDIT
10:48:01,305 [main] DEBUG org.activiti.engine.impl.db.DbSqlSession  -   update Task[id=2249, name=null]
10:48:01,305 [main] DEBUG org.activiti.engine.impl.db.DbSqlSession  -   update HistoricTaskInstanceEntity[id=2249, name=null]
10:48:01,305 [main] DEBUG org.activiti.engine.impl.db.DbSqlSession  - flush summary: 0 insert, 2 update, 0 delete.
10:48:01,305 [main] DEBUG org.activiti.engine.impl.db.DbSqlSession  - now executing flush...
10:48:01,305 [main] DEBUG org.activiti.engine.impl.db.DbSqlSession  - updating: Task[id=2249, name=null]
10:48:01,305 [main] DEBUG org.activiti.engine.impl.persistence.entity.TaskEntity.updateTask  - ==&gt;  Preparing: update ACT_RU_TASK SET REV_ = ?, NAME_ = ?, PARENT_TASK_ID_ = ?, PRIORITY_ = ?, CREATE_TIME_ = ?, OWNER_ = ?, ASSIGNEE_ = ?, DELEGATION_ = ?, EXECUTION_ID_ = ?, PROC_DEF_ID_ = ?, DESCRIPTION_ = ?, DUE_DATE_ = ?, CATEGORY_ = ?, SUSPENSION_STATE_ = ?, FORM_KEY_ = ? where ID_= ? and REV_ = ? 
10:48:01,305 [main] DEBUG org.activiti.engine.impl.persistence.entity.TaskEntity.updateTask  - ==&gt; Parameters: 2(Integer), null, null, 50(Integer), 2023-03-20 10:48:01.304(Timestamp), null, null, null, null, null, first modification(String), null, null, 1(Integer), null, 2249(String), 1(Integer)
10:48:01,305 [main] DEBUG org.activiti.engine.impl.persistence.entity.TaskEntity.updateTask  - &lt;==    Updates: 1
10:48:01,305 [main] DEBUG org.activiti.engine.impl.db.DbSqlSession  - updating: HistoricTaskInstanceEntity[id=2249, name=null]
10:48:01,305 [main] DEBUG org.activiti.engine.impl.persistence.entity.HistoricTaskInstanceEntity.updateHistoricTaskInstance  - ==&gt;  Preparing: update ACT_HI_TASKINST set EXECUTION_ID_ = ?, NAME_ = ?, PARENT_TASK_ID_ = ?, DESCRIPTION_ = ?, OWNER_ = ?, ASSIGNEE_ = ?, CLAIM_TIME_ = ?, END_TIME_ = ?, DURATION_ = ?, DELETE_REASON_ = ?, TASK_DEF_KEY_ = ?, FORM_KEY_ = ?, PRIORITY_ = ?, DUE_DATE_ = ?, CATEGORY_ = ? where ID_ = ? 
10:48:01,305 [main] DEBUG org.activiti.engine.impl.persistence.entity.HistoricTaskInstanceEntity.updateHistoricTaskInstance  - ==&gt; Parameters: null, null, null, first modification(String), null, null, null, null, null, null, null, null, 50(Integer), null, null, 2249(String)
10:48:01,305 [main] DEBUG org.activiti.engine.impl.persistence.entity.HistoricTaskInstanceEntity.updateHistoricTaskInstance  - &lt;==    Updates: 1
10:48:01,305 [main] DEBUG org.activiti.engine.impl.cfg.standalone.StandaloneMybatisTransactionContext  - firing event committing...
10:48:01,306 [main] DEBUG org.activiti.engine.impl.cfg.standalone.StandaloneMybatisTransactionContext  - committing the ibatis sql session...
10:48:01,306 [main] DEBUG org.apache.ibatis.transaction.jdbc.JdbcTransaction  - Committing JDBC Connection [conn2: url=jdbc:h2:mem:activiti user=SA]
10:48:01,306 [main] DEBUG org.activiti.engine.impl.cfg.standalone.StandaloneMybatisTransactionContext  - firing event committed...
10:48:01,306 [main] DEBUG org.apache.ibatis.transaction.jdbc.JdbcTransaction  - Resetting autocommit to true on JDBC Connection [conn2: url=jdbc:h2:mem:activiti user=SA]
10:48:01,306 [main] DEBUG org.apache.ibatis.transaction.jdbc.JdbcTransaction  - Closing JDBC Connection [conn2: url=jdbc:h2:mem:activiti user=SA]
10:48:01,306 [main] DEBUG org.apache.ibatis.datasource.pooled.PooledDataSource  - Returned connection 363509958 to pool.
10:48:01,306 [main] DEBUG org.activiti.engine.impl.interceptor.LogInterceptor  - --- SaveTaskCmd finished --------------------------------------------------------
10:48:01,306 [main] DEBUG org.activiti.engine.impl.interceptor.LogInterceptor  - 

10:48:01,306 [main] DEBUG org.activiti.engine.impl.interceptor.LogInterceptor  - 

10:48:01,306 [main] DEBUG org.activiti.engine.impl.interceptor.LogInterceptor  - --- starting SaveTaskCmd --------------------------------------------------------
10:48:01,306 [main] DEBUG org.activiti.engine.impl.history.DefaultHistoryManager  - Current history level: FULL, level required: AUDIT
10:48:01,306 [main] DEBUG org.apache.ibatis.transaction.jdbc.JdbcTransaction  - Opening JDBC Connection
10:48:01,306 [main] DEBUG org.apache.ibatis.datasource.pooled.PooledDataSource  - Checked out connection 180014677 from pool.
10:48:01,306 [main] DEBUG org.apache.ibatis.transaction.jdbc.JdbcTransaction  - Setting autocommit to false on JDBC Connection [conn3: url=jdbc:h2:mem:activiti user=SA]
10:48:01,306 [main] DEBUG org.activiti.engine.impl.persistence.entity.HistoricTaskInstanceEntity.selectHistoricTaskInstance  - ==&gt;  Preparing: select * from ACT_HI_TASKINST where ID_ = ? 
10:48:01,306 [main] DEBUG org.activiti.engine.impl.persistence.entity.HistoricTaskInstanceEntity.selectHistoricTaskInstance  - ==&gt; Parameters: 2249(String)
10:48:01,306 [main] DEBUG org.activiti.engine.impl.persistence.entity.HistoricTaskInstanceEntity.selectHistoricTaskInstance  - &lt;==      Total: 1
10:48:01,306 [main] DEBUG org.activiti.engine.impl.history.DefaultHistoryManager  - Current history level: FULL, level required: AUDIT
10:48:01,306 [main] DEBUG org.activiti.engine.impl.history.DefaultHistoryManager  - Current history level: FULL, level required: AUDIT
10:48:01,306 [main] DEBUG org.activiti.engine.impl.history.DefaultHistoryManager  - Current history level: FULL, level required: AUDIT
10:48:01,306 [main] DEBUG org.activiti.engine.impl.history.DefaultHistoryManager  - Current history level: FULL, level required: AUDIT
10:48:01,306 [main] DEBUG org.activiti.engine.impl.history.DefaultHistoryManager  - Current history level: FULL, level required: AUDIT
10:48:01,306 [main] DEBUG org.activiti.engine.impl.history.DefaultHistoryManager  - Current history level: FULL, level required: AUDIT
10:48:01,306 [main] DEBUG org.activiti.engine.impl.history.DefaultHistoryManager  - Current history level: FULL, level required: AUDIT
10:48:01,306 [main] DEBUG org.activiti.engine.impl.db.DbSqlSession  -   update Task[id=2249, name=null]
10:48:01,306 [main] DEBUG org.activiti.engine.impl.db.DbSqlSession  -   update HistoricTaskInstanceEntity[id=2249, name=null]
10:48:01,306 [main] DEBUG org.activiti.engine.impl.db.DbSqlSession  - flush summary: 0 insert, 2 update, 0 delete.
10:48:01,306 [main] DEBUG org.activiti.engine.impl.db.DbSqlSession  - now executing flush...
10:48:01,306 [main] DEBUG org.activiti.engine.impl.db.DbSqlSession  - updating: Task[id=2249, name=null]
10:48:01,306 [main] DEBUG org.activiti.engine.impl.persistence.entity.TaskEntity.updateTask  - ==&gt;  Preparing: update ACT_RU_TASK SET REV_ = ?, NAME_ = ?, PARENT_TASK_ID_ = ?, PRIORITY_ = ?, CREATE_TIME_ = ?, OWNER_ = ?, ASSIGNEE_ = ?, DELEGATION_ = ?, EXECUTION_ID_ = ?, PROC_DEF_ID_ = ?, DESCRIPTION_ = ?, DUE_DATE_ = ?, CATEGORY_ = ?, SUSPENSION_STATE_ = ?, FORM_KEY_ = ? where ID_= ? and REV_ = ? 
10:48:01,306 [main] DEBUG org.activiti.engine.impl.persistence.entity.TaskEntity.updateTask  - ==&gt; Parameters: 3(Integer), null, null, 50(Integer), 2023-03-20 10:48:01.304(Timestamp), null, null, null, null, null, second modification(String), null, null, 1(Integer), null, 2249(String), 2(Integer)
10:48:01,306 [main] DEBUG org.activiti.engine.impl.persistence.entity.TaskEntity.updateTask  - &lt;==    Updates: 1
10:48:01,306 [main] DEBUG org.activiti.engine.impl.db.DbSqlSession  - updating: HistoricTaskInstanceEntity[id=2249, name=null]
10:48:01,306 [main] DEBUG org.activiti.engine.impl.persistence.entity.HistoricTaskInstanceEntity.updateHistoricTaskInstance  - ==&gt;  Preparing: update ACT_HI_TASKINST set EXECUTION_ID_ = ?, NAME_ = ?, PARENT_TASK_ID_ = ?, DESCRIPTION_ = ?, OWNER_ = ?, ASSIGNEE_ = ?, CLAIM_TIME_ = ?, END_TIME_ = ?, DURATION_ = ?, DELETE_REASON_ = ?, TASK_DEF_KEY_ = ?, FORM_KEY_ = ?, PRIORITY_ = ?, DUE_DATE_ = ?, CATEGORY_ = ? where ID_ = ? 
10:48:01,307 [Thread-111] DEBUG org.activiti.engine.impl.asyncexecutor.AcquireTimerJobsRunnable  - timer job acquisition thread woke up
10:48:01,307 [Thread-102] DEBUG org.activiti.engine.impl.asyncexecutor.AcquireTimerJobsRunnable  - timer job acquisition thread woke up
10:48:01,307 [main] DEBUG org.activiti.engine.impl.persistence.entity.HistoricTaskInstanceEntity.updateHistoricTaskInstance  - ==&gt; Parameters: null, null, null, second modification(String), null, null, null, null, null, null, null, null, 50(Integer), null, null, 2249(String)
10:48:01,307 [Thread-111] DEBUG org.activiti.engine.impl.interceptor.LogInterceptor  - 

10:48:01,307 [Thread-111] DEBUG org.activiti.engine.impl.interceptor.LogInterceptor  - --- starting AcquireTimerJobsCmd --------------------------------------------------------
10:48:01,307 [Thread-103] DEBUG org.activiti.engine.impl.asyncexecutor.AcquireAsyncJobsDueRunnable  - async job acquisition thread woke up
10:48:01,307 [Thread-103] DEBUG org.activiti.engine.impl.interceptor.LogInterceptor  - 

10:48:01,307 [Thread-103] DEBUG org.activiti.engine.impl.interceptor.LogInterceptor  - --- starting AcquireAsyncJobsDueCmd --------------------------------------------------------
10:48:01,307 [Thread-105] DEBUG org.activiti.engine.impl.asyncexecutor.AcquireTimerJobsRunnable  - timer job acquisition thread woke up
10:48:01,307 [Thread-105] DEBUG org.activiti.engine.impl.interceptor.LogInterceptor  - 

10:48:01,307 [Thread-105] DEBUG org.activiti.engine.impl.interceptor.LogInterceptor  - --- starting AcquireTimerJobsCmd --------------------------------------------------------
10:48:01,307 [Thread-105] DEBUG org.apache.ibatis.transaction.jdbc.JdbcTransaction  - Opening JDBC Connection
10:48:01,307 [Thread-105] DEBUG org.apache.ibatis.datasource.pooled.PooledDataSource  - Checked out connection 54468349 from pool.
10:48:01,307 [Thread-105] DEBUG org.apache.ibatis.transaction.jdbc.JdbcTransaction  - Setting autocommit to false on JDBC Connection [conn64: url=jdbc:h2:mem:activiti-AsyncExecutorTest user=SA]
10:48:01,307 [Thread-106] DEBUG org.activiti.engine.impl.asyncexecutor.AcquireAsyncJobsDueRunnable  - async job acquisition thread woke up
10:48:01,307 [Thread-106] DEBUG org.activiti.engine.impl.interceptor.LogInterceptor  - 

10:48:01,307 [Thread-106] DEBUG org.activiti.engine.impl.interceptor.LogInterceptor  - --- starting AcquireAsyncJobsDueCmd --------------------------------------------------------
10:48:01,307 [Thread-105] DEBUG org.activiti.engine.impl.persistence.entity.JobEntity.selectNextTimerJobsToExecute  - ==&gt;  Preparing: select RES.* from ACT_RU_JOB RES LEFT OUTER JOIN ACT_RU_EXECUTION PI ON PI.ID_ = RES.PROCESS_INSTANCE_ID_ where (RES.RETRIES_ &gt; 0) and (RES.DUEDATE_ is null or RES.DUEDATE_ &lt;= ?) and (RES.LOCK_OWNER_ is null or RES.LOCK_EXP_TIME_ &lt;= ?) and TYPE_ = &apos;timer&apos; and ( (RES.EXECUTION_ID_ is null) or (PI.SUSPENSION_STATE_ = 1) ) LIMIT ? OFFSET ? 
10:48:01,307 [Thread-103] DEBUG org.apache.ibatis.transaction.jdbc.JdbcTransaction  - Opening JDBC Connection
10:48:01,307 [Thread-103] DEBUG org.apache.ibatis.datasource.pooled.PooledDataSource  - Checked out connection 33534803 from pool.
10:48:01,307 [Thread-103] DEBUG org.apache.ibatis.transaction.jdbc.JdbcTransaction  - Setting autocommit to false on JDBC Connection [conn60: url=jdbc:h2:mem:activiti-AsyncExecutorTest user=SA]
10:48:01,307 [Thread-111] DEBUG org.apache.ibatis.transaction.jdbc.JdbcTransaction  - Opening JDBC Connection
10:48:01,307 [Thread-111] DEBUG org.apache.ibatis.datasource.pooled.PooledDataSource  - Checked out connection 1863805930 from pool.
10:48:01,307 [Thread-111] DEBUG org.apache.ibatis.transaction.jdbc.JdbcTransaction  - Setting autocommit to false on JDBC Connection [conn69: url=jdbc:h2:mem:activiti-AsyncExecutorTest user=SA]
10:48:01,307 [main] DEBUG org.activiti.engine.impl.persistence.entity.HistoricTaskInstanceEntity.updateHistoricTaskInstance  - &lt;==    Updates: 1
10:48:01,307 [main] DEBUG org.activiti.engine.impl.cfg.standalone.StandaloneMybatisTransactionContext  - firing event committing...
10:48:01,308 [main] DEBUG org.activiti.engine.impl.cfg.standalone.StandaloneMybatisTransactionContext  - committing the ibatis sql session...
10:48:01,308 [main] DEBUG org.apache.ibatis.transaction.jdbc.JdbcTransaction  - Committing JDBC Connection [conn3: url=jdbc:h2:mem:activiti user=SA]
10:48:01,308 [main] DEBUG org.activiti.engine.impl.cfg.standalone.StandaloneMybatisTransactionContext  - firing event committed...
10:48:01,308 [main] DEBUG org.apache.ibatis.transaction.jdbc.JdbcTransaction  - Resetting autocommit to true on JDBC Connection [conn3: url=jdbc:h2:mem:activiti user=SA]
10:48:01,307 [Thread-102] DEBUG org.activiti.engine.impl.interceptor.LogInterceptor  - 

10:48:01,308 [Thread-102] DEBUG org.activiti.engine.impl.interceptor.LogInterceptor  - --- starting AcquireTimerJobsCmd --------------------------------------------------------
10:48:01,308 [main] DEBUG org.apache.ibatis.transaction.jdbc.JdbcTransaction  - Closing JDBC Connection [conn3: url=jdbc:h2:mem:activiti user=SA]
10:48:01,308 [main] DEBUG org.apache.ibatis.datasource.pooled.PooledDataSource  - Returned connection 180014677 to pool.
10:48:01,308 [main] DEBUG org.activiti.engine.impl.interceptor.LogInterceptor  - --- SaveTaskCmd finished --------------------------------------------------------
10:48:01,308 [main] DEBUG org.activiti.engine.impl.interceptor.LogInterceptor  - 

10:48:01,307 [Thread-111] DEBUG org.activiti.engine.impl.persistence.entity.JobEntity.selectNextTimerJobsToExecute  - ==&gt;  Preparing: select RES.* from ACT_RU_JOB RES LEFT OUTER JOIN ACT_RU_EXECUTION PI ON PI.ID_ = RES.PROCESS_INSTANCE_ID_ where (RES.RETRIES_ &gt; 0) and (RES.DUEDATE_ is null or RES.DUEDATE_ &lt;= ?) and (RES.LOCK_OWNER_ is null or RES.LOCK_EXP_TIME_ &lt;= ?) and TYPE_ = &apos;timer&apos; and ( (RES.EXECUTION_ID_ is null) or (PI.SUSPENSION_STATE_ = 1) ) LIMIT ? OFFSET ? 
10:48:01,307 [Thread-103] DEBUG org.activiti.engine.impl.persistence.entity.JobEntity.selectAsyncJobsDueToExecute  - ==&gt;  Preparing: select RES.* from ACT_RU_JOB RES LEFT OUTER JOIN ACT_RU_EXECUTION PI ON PI.ID_ = RES.PROCESS_INSTANCE_ID_ where RES.RETRIES_ &gt; 0 and RES.DUEDATE_ is not null and RES.DUEDATE_ &lt;= ? and (RES.LOCK_EXP_TIME_ is null or RES.LOCK_EXP_TIME_ &lt;= ?) and TYPE_ = &apos;message&apos; and ( (RES.EXECUTION_ID_ is null) or (PI.SUSPENSION_STATE_ = 1) ) LIMIT ? OFFSET ? 
10:48:01,307 [Thread-105] DEBUG org.activiti.engine.impl.persistence.entity.JobEntity.selectNextTimerJobsToExecute  - ==&gt; Parameters: 2023-03-20 10:48:01.307(Timestamp), 2023-03-20 10:48:01.307(Timestamp), 1(Integer), 0(Integer)
10:48:01,307 [Thread-106] DEBUG org.apache.ibatis.transaction.jdbc.JdbcTransaction  - Opening JDBC Connection
10:48:01,308 [Thread-106] DEBUG org.apache.ibatis.datasource.pooled.PooledDataSource  - Checked out connection 1970103261 from pool.
10:48:01,308 [Thread-106] DEBUG org.apache.ibatis.transaction.jdbc.JdbcTransaction  - Setting autocommit to false on JDBC Connection [conn63: url=jdbc:h2:mem:activiti-AsyncExecutorTest user=SA]
10:48:01,308 [Thread-105] DEBUG org.activiti.engine.impl.persistence.entity.JobEntity.selectNextTimerJobsToExecute  - &lt;==      Total: 0
10:48:01,308 [Thread-103] DEBUG org.activiti.engine.impl.persistence.entity.JobEntity.selectAsyncJobsDueToExecute  - ==&gt; Parameters: 2023-03-20 10:48:01.307(Timestamp), 2023-03-20 10:48:01.307(Timestamp), 1(Integer), 0(Integer)
10:48:01,308 [Thread-103] DEBUG org.activiti.engine.impl.persistence.entity.JobEntity.selectAsyncJobsDueToExecute  - &lt;==      Total: 0
10:48:01,308 [Thread-111] DEBUG org.activiti.engine.impl.persistence.entity.JobEntity.selectNextTimerJobsToExecute  - ==&gt; Parameters: 2023-03-20 10:48:01.307(Timestamp), 2023-03-20 10:48:01.307(Timestamp), 1(Integer), 0(Integer)
10:48:01,308 [main] DEBUG org.activiti.engine.impl.interceptor.LogInterceptor  - 

10:48:01,308 [main] DEBUG org.activiti.engine.impl.interceptor.LogInterceptor  - --- starting DeleteTaskCmd --------------------------------------------------------
10:48:01,308 [main] DEBUG org.apache.ibatis.transaction.jdbc.JdbcTransaction  - Opening JDBC Connection
10:48:01,308 [main] DEBUG org.apache.ibatis.datasource.pooled.PooledDataSource  - Checked out connection 297240765 from pool.
10:48:01,308 [main] DEBUG org.apache.ibatis.transaction.jdbc.JdbcTransaction  - Setting autocommit to false on JDBC Connection [conn4: url=jdbc:h2:mem:activiti user=SA]
10:48:01,308 [main] DEBUG org.activiti.engine.impl.persistence.entity.TaskEntity.selectTask  - ==&gt;  Preparing: select * from ACT_RU_TASK where ID_ = ? 
10:48:01,308 [Thread-102] DEBUG org.apache.ibatis.transaction.jdbc.JdbcTransaction  - Opening JDBC Connection
10:48:01,309 [Thread-102] DEBUG org.apache.ibatis.datasource.pooled.PooledDataSource  - Checked out connection 157985567 from pool.
10:48:01,309 [main] DEBUG org.activiti.engine.impl.persistence.entity.TaskEntity.selectTask  - ==&gt; Parameters: 2249(String)
10:48:01,308 [Thread-111] DEBUG org.activiti.engine.impl.persistence.entity.JobEntity.selectNextTimerJobsToExecute  - &lt;==      Total: 0
10:48:01,309 [Thread-111] DEBUG org.activiti.engine.impl.db.DbSqlSession  - flush summary: 0 insert, 0 update, 0 delete.
10:48:01,309 [Thread-111] DEBUG org.activiti.engine.impl.db.DbSqlSession  - now executing flush...
10:48:01,309 [Thread-111] DEBUG org.activiti.engine.impl.cfg.standalone.StandaloneMybatisTransactionContext  - firing event committing...
10:48:01,309 [Thread-111] DEBUG org.activiti.engine.impl.cfg.standalone.StandaloneMybatisTransactionContext  - committing the ibatis sql session...
10:48:01,309 [Thread-111] DEBUG org.activiti.engine.impl.cfg.standalone.StandaloneMybatisTransactionContext  - firing event committed...
10:48:01,309 [Thread-111] DEBUG org.apache.ibatis.transaction.jdbc.JdbcTransaction  - Resetting autocommit to true on JDBC Connection [conn69: url=jdbc:h2:mem:activiti-AsyncExecutorTest user=SA]
10:48:01,309 [Thread-111] DEBUG org.apache.ibatis.transaction.jdbc.JdbcTransaction  - Closing JDBC Connection [conn69: url=jdbc:h2:mem:activiti-AsyncExecutorTest user=SA]
10:48:01,309 [Thread-111] DEBUG org.apache.ibatis.datasource.pooled.PooledDataSource  - Returned connection 1863805930 to pool.
10:48:01,309 [Thread-111] DEBUG org.activiti.engine.impl.interceptor.LogInterceptor  - --- AcquireTimerJobsCmd finished --------------------------------------------------------
10:48:01,309 [Thread-111] DEBUG org.activiti.engine.impl.interceptor.LogInterceptor  - 

10:48:01,308 [Thread-103] DEBUG org.activiti.engine.impl.db.DbSqlSession  - flush summary: 0 insert, 0 update, 0 delete.
10:48:01,309 [Thread-103] DEBUG org.activiti.engine.impl.db.DbSqlSession  - now executing flush...
10:48:01,309 [Thread-103] DEBUG org.activiti.engine.impl.cfg.standalone.StandaloneMybatisTransactionContext  - firing event committing...
10:48:01,309 [Thread-103] DEBUG org.activiti.engine.impl.cfg.standalone.StandaloneMybatisTransactionContext  - committing the ibatis sql session...
10:48:01,309 [Thread-103] DEBUG org.activiti.engine.impl.cfg.standalone.StandaloneMybatisTransactionContext  - firing event committed...
10:48:01,309 [Thread-103] DEBUG org.apache.ibatis.transaction.jdbc.JdbcTransaction  - Resetting autocommit to true on JDBC Connection [conn60: url=jdbc:h2:mem:activiti-AsyncExecutorTest user=SA]
10:48:01,309 [Thread-103] DEBUG org.apache.ibatis.transaction.jdbc.JdbcTransaction  - Closing JDBC Connection [conn60: url=jdbc:h2:mem:activiti-AsyncExecutorTest user=SA]
10:48:01,309 [Thread-103] DEBUG org.apache.ibatis.datasource.pooled.PooledDataSource  - Returned connection 33534803 to pool.
10:48:01,309 [Thread-103] DEBUG org.activiti.engine.impl.interceptor.LogInterceptor  - --- AcquireAsyncJobsDueCmd finished --------------------------------------------------------
10:48:01,309 [Thread-103] DEBUG org.activiti.engine.impl.interceptor.LogInterceptor  - 

10:48:01,308 [Thread-105] DEBUG org.activiti.engine.impl.db.DbSqlSession  - flush summary: 0 insert, 0 update, 0 delete.
10:48:01,309 [Thread-105] DEBUG org.activiti.engine.impl.db.DbSqlSession  - now executing flush...
10:48:01,309 [Thread-105] DEBUG org.activiti.engine.impl.cfg.standalone.StandaloneMybatisTransactionContext  - firing event committing...
10:48:01,309 [Thread-105] DEBUG org.activiti.engine.impl.cfg.standalone.StandaloneMybatisTransactionContext  - committing the ibatis sql session...
10:48:01,309 [Thread-105] DEBUG org.activiti.engine.impl.cfg.standalone.StandaloneMybatisTransactionContext  - firing event committed...
10:48:01,309 [Thread-105] DEBUG org.apache.ibatis.transaction.jdbc.JdbcTransaction  - Resetting autocommit to true on JDBC Connection [conn64: url=jdbc:h2:mem:activiti-AsyncExecutorTest user=SA]
10:48:01,309 [Thread-105] DEBUG org.apache.ibatis.transaction.jdbc.JdbcTransaction  - Closing JDBC Connection [conn64: url=jdbc:h2:mem:activiti-AsyncExecutorTest user=SA]
10:48:01,309 [Thread-105] DEBUG org.apache.ibatis.datasource.pooled.PooledDataSource  - Returned connection 54468349 to pool.
10:48:01,309 [Thread-105] DEBUG org.activiti.engine.impl.interceptor.LogInterceptor  - --- AcquireTimerJobsCmd finished --------------------------------------------------------
10:48:01,309 [Thread-105] DEBUG org.activiti.engine.impl.interceptor.LogInterceptor  - 

10:48:01,309 [Thread-105] DEBUG org.activiti.engine.impl.asyncexecutor.AcquireTimerJobsRunnable  - timer job acquisition thread sleeping for 50 millis
10:48:01,308 [Thread-106] DEBUG org.activiti.engine.impl.persistence.entity.JobEntity.selectAsyncJobsDueToExecute  - ==&gt;  Preparing: select RES.* from ACT_RU_JOB RES LEFT OUTER JOIN ACT_RU_EXECUTION PI ON PI.ID_ = RES.PROCESS_INSTANCE_ID_ where RES.RETRIES_ &gt; 0 and RES.DUEDATE_ is not null and RES.DUEDATE_ &lt;= ? and (RES.LOCK_EXP_TIME_ is null or RES.LOCK_EXP_TIME_ &lt;= ?) and TYPE_ = &apos;message&apos; and ( (RES.EXECUTION_ID_ is null) or (PI.SUSPENSION_STATE_ = 1) ) LIMIT ? OFFSET ? 
10:48:01,310 [Thread-106] DEBUG org.activiti.engine.impl.persistence.entity.JobEntity.selectAsyncJobsDueToExecute  - ==&gt; Parameters: 2023-03-20 10:48:01.307(Timestamp), 2023-03-20 10:48:01.307(Timestamp), 1(Integer), 0(Integer)
10:48:01,309 [Thread-103] DEBUG org.activiti.engine.impl.asyncexecutor.AcquireAsyncJobsDueRunnable  - async job acquisition thread sleeping for 50 millis
10:48:01,309 [Thread-111] DEBUG org.activiti.engine.impl.asyncexecutor.AcquireTimerJobsRunnable  - timer job acquisition thread sleeping for 50 millis
10:48:01,309 [main] DEBUG org.activiti.engine.impl.persistence.entity.TaskEntity.selectTask  - &lt;==      Total: 1
10:48:01,310 [main] DEBUG org.activiti.engine.impl.persistence.entity.TaskEntity.selectTasksByParentTaskId  - ==&gt;  Preparing: select * from ACT_RU_TASK where PARENT_TASK_ID_ = ? 
10:48:01,310 [main] DEBUG org.activiti.engine.impl.persistence.entity.TaskEntity.selectTasksByParentTaskId  - ==&gt; Parameters: 2249(String)
10:48:01,309 [Thread-102] DEBUG org.apache.ibatis.transaction.jdbc.JdbcTransaction  - Setting autocommit to false on JDBC Connection [conn61: url=jdbc:h2:mem:activiti-AsyncExecutorTest user=SA]
10:48:01,310 [Thread-102] DEBUG org.activiti.engine.impl.persistence.entity.JobEntity.selectNextTimerJobsToExecute  - ==&gt;  Preparing: select RES.* from ACT_RU_JOB RES LEFT OUTER JOIN ACT_RU_EXECUTION PI ON PI.ID_ = RES.PROCESS_INSTANCE_ID_ where (RES.RETRIES_ &gt; 0) and (RES.DUEDATE_ is null or RES.DUEDATE_ &lt;= ?) and (RES.LOCK_OWNER_ is null or RES.LOCK_EXP_TIME_ &lt;= ?) and TYPE_ = &apos;timer&apos; and ( (RES.EXECUTION_ID_ is null) or (PI.SUSPENSION_STATE_ = 1) ) LIMIT ? OFFSET ? 
10:48:01,310 [main] DEBUG org.activiti.engine.impl.persistence.entity.TaskEntity.selectTasksByParentTaskId  - &lt;==      Total: 0
10:48:01,310 [main] DEBUG org.activiti.engine.impl.persistence.entity.IdentityLinkEntity.selectIdentityLinksByTask  - ==&gt;  Preparing: select * from ACT_RU_IDENTITYLINK where TASK_ID_ = ? 
10:48:01,310 [Thread-106] DEBUG org.activiti.engine.impl.persistence.entity.JobEntity.selectAsyncJobsDueToExecute  - &lt;==      Total: 0
10:48:01,310 [main] DEBUG org.activiti.engine.impl.persistence.entity.IdentityLinkEntity.selectIdentityLinksByTask  - ==&gt; Parameters: 2249(String)
10:48:01,310 [main] DEBUG org.activiti.engine.impl.persistence.entity.IdentityLinkEntity.selectIdentityLinksByTask  - &lt;==      Total: 0
10:48:01,310 [main] DEBUG org.activiti.engine.impl.persistence.entity.VariableInstanceEntity.selectVariablesByTaskId  - ==&gt;  Preparing: select * from ACT_RU_VARIABLE where TASK_ID_ = ? 
10:48:01,310 [Thread-102] DEBUG org.activiti.engine.impl.persistence.entity.JobEntity.selectNextTimerJobsToExecute  - ==&gt; Parameters: 2023-03-20 10:48:01.308(Timestamp), 2023-03-20 10:48:01.308(Timestamp), 1(Integer), 0(Integer)
10:48:01,310 [main] DEBUG org.activiti.engine.impl.persistence.entity.VariableInstanceEntity.selectVariablesByTaskId  - ==&gt; Parameters: 2249(String)
10:48:01,310 [main] DEBUG org.activiti.engine.impl.persistence.entity.VariableInstanceEntity.selectVariablesByTaskId  - &lt;==      Total: 0
10:48:01,310 [main] DEBUG org.activiti.engine.impl.history.DefaultHistoryManager  - Current history level: FULL
10:48:01,310 [main] DEBUG org.activiti.engine.impl.history.DefaultHistoryManager  - Current history level: FULL
10:48:01,310 [Thread-106] DEBUG org.activiti.engine.impl.db.DbSqlSession  - flush summary: 0 insert, 0 update, 0 delete.
10:48:01,310 [Thread-106] DEBUG org.activiti.engine.impl.db.DbSqlSession  - now executing flush...
10:48:01,310 [Thread-106] DEBUG org.activiti.engine.impl.cfg.standalone.StandaloneMybatisTransactionContext  - firing event committing...
10:48:01,310 [Thread-106] DEBUG org.activiti.engine.impl.cfg.standalone.StandaloneMybatisTransactionContext  - committing the ibatis sql session...
10:48:01,310 [Thread-106] DEBUG org.activiti.engine.impl.cfg.standalone.StandaloneMybatisTransactionContext  - firing event committed...
10:48:01,310 [Thread-106] DEBUG org.apache.ibatis.transaction.jdbc.JdbcTransaction  - Resetting autocommit to true on JDBC Connection [conn63: url=jdbc:h2:mem:activiti-AsyncExecutorTest user=SA]
10:48:01,311 [Thread-106] DEBUG org.apache.ibatis.transaction.jdbc.JdbcTransaction  - Closing JDBC Connection [conn63: url=jdbc:h2:mem:activiti-AsyncExecutorTest user=SA]
10:48:01,311 [Thread-106] DEBUG org.apache.ibatis.datasource.pooled.PooledDataSource  - Returned connection 1970103261 to pool.
10:48:01,310 [main] DEBUG org.activiti.engine.impl.persistence.entity.HistoricTaskInstanceEntity.selectHistoricTaskInstance  - ==&gt;  Preparing: select * from ACT_HI_TASKINST where ID_ = ? 
10:48:01,311 [main] DEBUG org.activiti.engine.impl.persistence.entity.HistoricTaskInstanceEntity.selectHistoricTaskInstance  - ==&gt; Parameters: 2249(String)
10:48:01,310 [Thread-102] DEBUG org.activiti.engine.impl.persistence.entity.JobEntity.selectNextTimerJobsToExecute  - &lt;==      Total: 0
10:48:01,311 [main] DEBUG org.activiti.engine.impl.persistence.entity.HistoricTaskInstanceEntity.selectHistoricTaskInstance  - &lt;==      Total: 1
10:48:01,311 [main] DEBUG org.activiti.engine.impl.persistence.entity.HistoricTaskInstanceEntity.selectHistoricTasksByParentTaskId  - ==&gt;  Preparing: select * from ACT_HI_TASKINST where PARENT_TASK_ID_ = ? 
10:48:01,311 [main] DEBUG org.activiti.engine.impl.persistence.entity.HistoricTaskInstanceEntity.selectHistoricTasksByParentTaskId  - ==&gt; Parameters: 2249(String)
10:48:01,311 [main] DEBUG org.activiti.engine.impl.persistence.entity.HistoricTaskInstanceEntity.selectHistoricTasksByParentTaskId  - &lt;==      Total: 0
10:48:01,311 [main] DEBUG org.activiti.engine.impl.history.DefaultHistoryManager  - Current history level: FULL, level required: FULL
10:48:01,311 [Thread-106] DEBUG org.activiti.engine.impl.interceptor.LogInterceptor  - --- AcquireAsyncJobsDueCmd finished --------------------------------------------------------
10:48:01,311 [Thread-106] DEBUG org.activiti.engine.impl.interceptor.LogInterceptor  - 

10:48:01,311 [main] DEBUG org.activiti.engine.impl.persistence.entity.HistoricDetailEntity.selectHistoricDetailsByQueryCriteria  - ==&gt;  Preparing: select RES.* from ACT_HI_DETAIL RES WHERE RES.TASK_ID_ = ? order by order by RES.ID_ asc LIMIT ? OFFSET ? 
10:48:01,311 [main] DEBUG org.activiti.engine.impl.interceptor.CommandContext  - Error while closing command context
org.apache.ibatis.exceptions.PersistenceException: 
### Error querying database.  Cause: org.h2.jdbc.JdbcSQLException: Syntax error in SQL statement &quot;SELECT RES.* 
     
    FROM ACT_HI_DETAIL RES
     WHERE  RES.TASK_ID_ = ? 
   
     ORDER BY  ORDER[*] BY RES.ID_ ASC  
    LIMIT ? OFFSET ? &quot;; expected &quot;=, NOT, EXISTS, INTERSECTS, SELECT, FROM&quot;; SQL statement:
select RES.* 
     
    from ACT_HI_DETAIL RES
     WHERE  RES.TASK_ID_ = ? 
   
     order by  order by RES.ID_ asc  
    LIMIT ? OFFSET ? [42001-176]
### The error may exist in org/activiti/db/mapping/entity/HistoricDetail.xml
### The error may involve org.activiti.engine.impl.persistence.entity.HistoricDetailEntity.selectHistoricDetailsByQueryCriteria
### The error occurred while executing a query
### SQL: select RES.*            from ACT_HI_DETAIL RES      WHERE  RES.TASK_ID_ = ?           order by  order by RES.ID_ asc       LIMIT ? OFFSET ?
### Cause: org.h2.jdbc.JdbcSQLException: Syntax error in SQL statement &quot;SELECT RES.* 
     
    FROM ACT_HI_DETAIL RES
     WHERE  RES.TASK_ID_ = ? 
   
     ORDER BY  ORDER[*] BY RES.ID_ ASC  
    LIMIT ? OFFSET ? &quot;; expected &quot;=, NOT, EXISTS, INTERSECTS, SELECT, FROM&quot;; SQL statement:
select RES.* 
     
    from ACT_HI_DETAIL RES
     WHERE  RES.TASK_ID_ = ? 
   
     order by  order by RES.ID_ asc  
    LIMIT ? OFFSET ? [42001-176]
	at org.apache.ibatis.exceptions.ExceptionFactory.wrapException(ExceptionFactory.java:30)
	at org.apache.ibatis.session.defaults.DefaultSqlSession.selectList(DefaultSqlSession.java:122)
	at org.apache.ibatis.session.defaults.DefaultSqlSession.selectList(DefaultSqlSession.java:113)
	at org.activiti.engine.impl.db.DbSqlSession.selectListWithRawParameter(DbSqlSession.java:438)
	at org.activiti.engine.impl.db.DbSqlSession.selectList(DbSqlSession.java:429)
	at org.activiti.engine.impl.db.DbSqlSession.selectList(DbSqlSession.java:419)
	at org.activiti.engine.impl.persistence.entity.HistoricDetailEntityManager.findHistoricDetailsByQueryCriteria(HistoricDetailEntityManager.java:51)
	at org.activiti.engine.impl.HistoricDetailQueryImpl.executeList(HistoricDetailQueryImpl.java:112)
	at org.activiti.engine.impl.AbstractQuery.list(AbstractQuery.java:140)
	at org.activiti.engine.impl.persistence.entity.HistoricDetailEntityManager.deleteHistoricDetailsByTaskId(HistoricDetailEntityManager.java:58)
	at org.activiti.engine.impl.persistence.entity.HistoricTaskInstanceEntityManager.deleteHistoricTaskInstanceById(HistoricTaskInstanceEntityManager.java:122)
	at org.activiti.engine.impl.persistence.entity.TaskEntityManager.deleteTask(TaskEntityManager.java:91)
	at org.activiti.engine.impl.persistence.entity.TaskEntityManager.deleteTask(TaskEntityManager.java:201)
	at org.activiti.engine.impl.cmd.DeleteTaskCmd.deleteTask(DeleteTaskCmd.java:64)
	at org.activiti.engine.impl.cmd.DeleteTaskCmd.execute(DeleteTaskCmd.java:48)
	at org.activiti.engine.impl.cmd.DeleteTaskCmd.execute(DeleteTaskCmd.java:26)
	at org.activiti.engine.impl.interceptor.CommandInvoker.execute(CommandInvoker.java:24)
	at org.activiti.engine.impl.interceptor.CommandContextInterceptor.execute(CommandContextInterceptor.java:57)
	at org.activiti.engine.impl.interceptor.LogInterceptor.execute(LogInterceptor.java:37)
	at org.activiti.engine.impl.cfg.CommandExecutorImpl.execute(CommandExecutorImpl.java:40)
	at org.activiti.engine.impl.cfg.CommandExecutorImpl.execute(CommandExecutorImpl.java:35)
	at org.activiti.engine.impl.TaskServiceImpl.deleteTask(TaskServiceImpl.java:105)
	at org.activiti.examples.task.StandaloneTaskTest.testRevisionUpdatedOnSave(StandaloneTaskTest.java:124)
	at sun.reflect.NativeMethodAccessorImpl.invoke0(Native Method)
	at sun.reflect.NativeMethodAccessorImpl.invoke(NativeMethodAccessorImpl.java:62)
	at sun.reflect.DelegatingMethodAccessorImpl.invoke(DelegatingMethodAccessorImpl.java:43)
	at java.lang.reflect.Method.invoke(Method.java:498)
	at junit.framework.TestCase.runTest(TestCase.java:176)
	at org.activiti.engine.impl.test.PvmTestCase.runTest(PvmTestCase.java:65)
	at junit.framework.TestCase.runBare(TestCase.java:141)
	at org.activiti.engine.impl.test.AbstractActivitiTestCase.runBare(AbstractActivitiTestCase.java:100)
	at junit.framework.TestResult$1.protect(TestResult.java:122)
	at junit.framework.TestResult.runProtected(TestResult.java:142)
	at junit.framework.TestResult.run(TestResult.java:125)
	at junit.framework.TestCase.run(TestCase.java:129)
	at junit.framework.TestSuite.runTest(TestSuite.java:255)
	at junit.framework.TestSuite.run(TestSuite.java:250)
	at org.junit.internal.runners.JUnit38ClassRunner.run(JUnit38ClassRunner.java:84)
	at org.apache.maven.surefire.junit4.JUnit4TestSet.execute(JUnit4TestSet.java:35)
	at org.apache.maven.surefire.junit4.JUnit4Provider.executeTestSet(JUnit4Provider.java:146)
	at org.apache.maven.surefire.junit4.JUnit4Provider.invoke(JUnit4Provider.java:97)
	at sun.reflect.NativeMethodAccessorImpl.invoke0(Native Method)
	at sun.reflect.NativeMethodAccessorImpl.invoke(NativeMethodAccessorImpl.java:62)
	at sun.reflect.DelegatingMethodAccessorImpl.invoke(DelegatingMethodAccessorImpl.java:43)
	at java.lang.reflect.Method.invoke(Method.java:498)
	at org.apache.maven.surefire.booter.ProviderFactory$ClassLoaderProxy.invoke(ProviderFactory.java:103)
	at com.sun.proxy.$Proxy0.invoke(Unknown Source)
	at org.apache.maven.surefire.booter.SurefireStarter.invokeProvider(SurefireStarter.java:145)
	at org.apache.maven.surefire.booter.SurefireStarter.runSuitesInProcess(SurefireStarter.java:87)
	at org.apache.maven.surefire.booter.ForkedBooter.main(ForkedBooter.java:69)
Caused by: org.h2.jdbc.JdbcSQLException: Syntax error in SQL statement &quot;SELECT RES.* 
     
    FROM ACT_HI_DETAIL RES
     WHERE  RES.TASK_ID_ = ? 
   
     ORDER BY  ORDER[*] BY RES.ID_ ASC  
    LIMIT ? OFFSET ? &quot;; expected &quot;=, NOT, EXISTS, INTERSECTS, SELECT, FROM&quot;; SQL statement:
select RES.* 
     
    from ACT_HI_DETAIL RES
     WHERE  RES.TASK_ID_ = ? 
   
     order by  order by RES.ID_ asc  
    LIMIT ? OFFSET ? [42001-176]
	at org.h2.message.DbException.getJdbcSQLException(DbException.java:344)
	at org.h2.message.DbException.getSyntaxError(DbException.java:204)
	at org.h2.command.Parser.getSyntaxError(Parser.java:524)
	at org.h2.command.Parser.readTerm(Parser.java:2688)
	at org.h2.command.Parser.readFactor(Parser.java:2244)
	at org.h2.command.Parser.readSum(Parser.java:2231)
	at org.h2.command.Parser.readConcat(Parser.java:2201)
	at org.h2.command.Parser.readCondition(Parser.java:2051)
	at org.h2.command.Parser.readAnd(Parser.java:2023)
	at org.h2.command.Parser.readExpression(Parser.java:2015)
	at org.h2.command.Parser.parseEndOfQuery(Parser.java:1726)
	at org.h2.command.Parser.parseSelectUnionExtension(Parser.java:1706)
	at org.h2.command.Parser.parseSelectUnion(Parser.java:1675)
	at org.h2.command.Parser.parseSelect(Parser.java:1662)
	at org.h2.command.Parser.parsePrepared(Parser.java:434)
	at org.h2.command.Parser.parse(Parser.java:306)
	at org.h2.command.Parser.parse(Parser.java:282)
	at org.h2.command.Parser.prepareCommand(Parser.java:243)
	at org.h2.engine.Session.prepareLocal(Session.java:442)
	at org.h2.engine.Session.prepareCommand(Session.java:384)
	at org.h2.jdbc.JdbcConnection.prepareCommand(JdbcConnection.java:1188)
	at org.h2.jdbc.JdbcPreparedStatement.&lt;init&gt;(JdbcPreparedStatement.java:73)
	at org.h2.jdbc.JdbcConnection.prepareStatement(JdbcConnection.java:276)
	at sun.reflect.GeneratedMethodAccessor6.invoke(Unknown Source)
	at sun.reflect.DelegatingMethodAccessorImpl.invoke(DelegatingMethodAccessorImpl.java:43)
	at java.lang.reflect.Method.invoke(Method.java:498)
	at org.apache.ibatis.datasource.pooled.PooledConnection.invoke(PooledConnection.java:245)
	at com.sun.proxy.$Proxy12.prepareStatement(Unknown Source)
	at sun.reflect.GeneratedMethodAccessor6.invoke(Unknown Source)
	at sun.reflect.DelegatingMethodAccessorImpl.invoke(DelegatingMethodAccessorImpl.java:43)
	at java.lang.reflect.Method.invoke(Method.java:498)
	at org.apache.ibatis.logging.jdbc.ConnectionLogger.invoke(ConnectionLogger.java:55)
	at com.sun.proxy.$Proxy12.prepareStatement(Unknown Source)
	at org.apache.ibatis.executor.statement.PreparedStatementHandler.instantiateStatement(PreparedStatementHandler.java:79)
	at org.apache.ibatis.executor.statement.BaseStatementHandler.prepare(BaseStatementHandler.java:88)
	at org.apache.ibatis.executor.statement.RoutingStatementHandler.prepare(RoutingStatementHandler.java:58)
	at org.apache.ibatis.executor.SimpleExecutor.prepareStatement(SimpleExecutor.java:76)
	at org.apache.ibatis.executor.SimpleExecutor.doQuery(SimpleExecutor.java:61)
	at org.apache.ibatis.executor.BaseExecutor.queryFromDatabase(BaseExecutor.java:303)
	at org.apache.ibatis.executor.BaseExecutor.query(BaseExecutor.java:154)
	at org.apache.ibatis.executor.CachingExecutor.query(CachingExecutor.java:102)
	at org.apache.ibatis.executor.CachingExecutor.query(CachingExecutor.java:82)
	at org.apache.ibatis.session.defaults.DefaultSqlSession.selectList(DefaultSqlSession.java:120)
	... 48 more
10:48:01,311 [main] DEBUG org.activiti.engine.impl.cfg.standalone.StandaloneMybatisTransactionContext  - firing event rolling back...
10:48:01,311 [main] DEBUG org.activiti.engine.impl.cfg.standalone.StandaloneMybatisTransactionContext  - rolling back ibatis sql session...
10:48:01,311 [main] DEBUG org.activiti.engine.impl.cfg.standalone.StandaloneMybatisTransactionContext  - firing event rolled back...
10:48:01,311 [main] DEBUG org.apache.ibatis.transaction.jdbc.JdbcTransaction  - Resetting autocommit to true on JDBC Connection [conn4: url=jdbc:h2:mem:activiti user=SA]
10:48:01,311 [main] DEBUG org.apache.ibatis.transaction.jdbc.JdbcTransaction  - Closing JDBC Connection [conn4: url=jdbc:h2:mem:activiti user=SA]
10:48:01,311 [Thread-102] DEBUG org.activiti.engine.impl.db.DbSqlSession  - flush summary: 0 insert, 0 update, 0 delete.
10:48:01,312 [Thread-102] DEBUG org.activiti.engine.impl.db.DbSqlSession  - now executing flush...
10:48:01,312 [Thread-102] DEBUG org.activiti.engine.impl.cfg.standalone.StandaloneMybatisTransactionContext  - firing event committing...
10:48:01,312 [Thread-102] DEBUG org.activiti.engine.impl.cfg.standalone.StandaloneMybatisTransactionContext  - committing the ibatis sql session...
10:48:01,312 [Thread-102] DEBUG org.activiti.engine.impl.cfg.standalone.StandaloneMybatisTransactionContext  - firing event committed...
10:48:01,312 [Thread-102] DEBUG org.apache.ibatis.transaction.jdbc.JdbcTransaction  - Resetting autocommit to true on JDBC Connection [conn61: url=jdbc:h2:mem:activiti-AsyncExecutorTest user=SA]
10:48:01,312 [Thread-102] DEBUG org.apache.ibatis.transaction.jdbc.JdbcTransaction  - Closing JDBC Connection [conn61: url=jdbc:h2:mem:activiti-AsyncExecutorTest user=SA]
10:48:01,311 [main] DEBUG org.apache.ibatis.datasource.pooled.PooledDataSource  - Returned connection 297240765 to pool.
10:48:01,312 [main] DEBUG org.activiti.engine.impl.interceptor.LogInterceptor  - --- DeleteTaskCmd finished --------------------------------------------------------
10:48:01,312 [main] DEBUG org.activiti.engine.impl.interceptor.LogInterceptor  - 

10:48:01,311 [Thread-106] DEBUG org.activiti.engine.impl.asyncexecutor.AcquireAsyncJobsDueRunnable  - async job acquisition thread sleeping for 50 millis
10:48:01,312 [main] ERROR org.activiti.engine.impl.test.PvmTestCase  - 

10:48:01,312 [main] ERROR org.activiti.engine.impl.test.PvmTestCase  - EXCEPTION: org.apache.ibatis.exceptions.PersistenceException: 
### Error querying database.  Cause: org.h2.jdbc.JdbcSQLException: Syntax error in SQL statement &quot;SELECT RES.* 
     
    FROM ACT_HI_DETAIL RES
     WHERE  RES.TASK_ID_ = ? 
   
     ORDER BY  ORDER[*] BY RES.ID_ ASC  
    LIMIT ? OFFSET ? &quot;; expected &quot;=, NOT, EXISTS, INTERSECTS, SELECT, FROM&quot;; SQL statement:
select RES.* 
     
    from ACT_HI_DETAIL RES
     WHERE  RES.TASK_ID_ = ? 
   
     order by  order by RES.ID_ asc  
    LIMIT ? OFFSET ? [42001-176]
### The error may exist in org/activiti/db/mapping/entity/HistoricDetail.xml
### The error may involve org.activiti.engine.impl.persistence.entity.HistoricDetailEntity.selectHistoricDetailsByQueryCriteria
### The error occurred while executing a query
### SQL: select RES.*            from ACT_HI_DETAIL RES      WHERE  RES.TASK_ID_ = ?           order by  order by RES.ID_ asc       LIMIT ? OFFSET ?
### Cause: org.h2.jdbc.JdbcSQLException: Syntax error in SQL statement &quot;SELECT RES.* 
     
    FROM ACT_HI_DETAIL RES
     WHERE  RES.TASK_ID_ = ? 
   
     ORDER BY  ORDER[*] BY RES.ID_ ASC  
    LIMIT ? OFFSET ? &quot;; expected &quot;=, NOT, EXISTS, INTERSECTS, SELECT, FROM&quot;; SQL statement:
select RES.* 
     
    from ACT_HI_DETAIL RES
     WHERE  RES.TASK_ID_ = ? 
   
     order by  order by RES.ID_ asc  
    LIMIT ? OFFSET ? [42001-176]
org.apache.ibatis.exceptions.PersistenceException: 
### Error querying database.  Cause: org.h2.jdbc.JdbcSQLException: Syntax error in SQL statement &quot;SELECT RES.* 
     
    FROM ACT_HI_DETAIL RES
     WHERE  RES.TASK_ID_ = ? 
   
     ORDER BY  ORDER[*] BY RES.ID_ ASC  
    LIMIT ? OFFSET ? &quot;; expected &quot;=, NOT, EXISTS, INTERSECTS, SELECT, FROM&quot;; SQL statement:
select RES.* 
     
    from ACT_HI_DETAIL RES
     WHERE  RES.TASK_ID_ = ? 
   
     order by  order by RES.ID_ asc  
    LIMIT ? OFFSET ? [42001-176]
### The error may exist in org/activiti/db/mapping/entity/HistoricDetail.xml
### The error may involve org.activiti.engine.impl.persistence.entity.HistoricDetailEntity.selectHistoricDetailsByQueryCriteria
### The error occurred while executing a query
### SQL: select RES.*            from ACT_HI_DETAIL RES      WHERE  RES.TASK_ID_ = ?           order by  order by RES.ID_ asc       LIMIT ? OFFSET ?
### Cause: org.h2.jdbc.JdbcSQLException: Syntax error in SQL statement &quot;SELECT RES.* 
     
    FROM ACT_HI_DETAIL RES
     WHERE  RES.TASK_ID_ = ? 
   
     ORDER BY  ORDER[*] BY RES.ID_ ASC  
    LIMIT ? OFFSET ? &quot;; expected &quot;=, NOT, EXISTS, INTERSECTS, SELECT, FROM&quot;; SQL statement:
select RES.* 
     
    from ACT_HI_DETAIL RES
     WHERE  RES.TASK_ID_ = ? 
   
     order by  order by RES.ID_ asc  
    LIMIT ? OFFSET ? [42001-176]
	at org.apache.ibatis.exceptions.ExceptionFactory.wrapException(ExceptionFactory.java:30)
	at org.apache.ibatis.session.defaults.DefaultSqlSession.selectList(DefaultSqlSession.java:122)
	at org.apache.ibatis.session.defaults.DefaultSqlSession.selectList(DefaultSqlSession.java:113)
	at org.activiti.engine.impl.db.DbSqlSession.selectListWithRawParameter(DbSqlSession.java:438)
	at org.activiti.engine.impl.db.DbSqlSession.selectList(DbSqlSession.java:429)
	at org.activiti.engine.impl.db.DbSqlSession.selectList(DbSqlSession.java:419)
	at org.activiti.engine.impl.persistence.entity.HistoricDetailEntityManager.findHistoricDetailsByQueryCriteria(HistoricDetailEntityManager.java:51)
	at org.activiti.engine.impl.HistoricDetailQueryImpl.executeList(HistoricDetailQueryImpl.java:112)
	at org.activiti.engine.impl.AbstractQuery.list(AbstractQuery.java:140)
	at org.activiti.engine.impl.persistence.entity.HistoricDetailEntityManager.deleteHistoricDetailsByTaskId(HistoricDetailEntityManager.java:58)
	at org.activiti.engine.impl.persistence.entity.HistoricTaskInstanceEntityManager.deleteHistoricTaskInstanceById(HistoricTaskInstanceEntityManager.java:122)
	at org.activiti.engine.impl.persistence.entity.TaskEntityManager.deleteTask(TaskEntityManager.java:91)
	at org.activiti.engine.impl.persistence.entity.TaskEntityManager.deleteTask(TaskEntityManager.java:201)
	at org.activiti.engine.impl.cmd.DeleteTaskCmd.deleteTask(DeleteTaskCmd.java:64)
	at org.activiti.engine.impl.cmd.DeleteTaskCmd.execute(DeleteTaskCmd.java:48)
	at org.activiti.engine.impl.cmd.DeleteTaskCmd.execute(DeleteTaskCmd.java:26)
	at org.activiti.engine.impl.interceptor.CommandInvoker.execute(CommandInvoker.java:24)
	at org.activiti.engine.impl.interceptor.CommandContextInterceptor.execute(CommandContextInterceptor.java:57)
	at org.activiti.engine.impl.interceptor.LogInterceptor.execute(LogInterceptor.java:37)
	at org.activiti.engine.impl.cfg.CommandExecutorImpl.execute(CommandExecutorImpl.java:40)
	at org.activiti.engine.impl.cfg.CommandExecutorImpl.execute(CommandExecutorImpl.java:35)
	at org.activiti.engine.impl.TaskServiceImpl.deleteTask(TaskServiceImpl.java:105)
	at org.activiti.examples.task.StandaloneTaskTest.testRevisionUpdatedOnSave(StandaloneTaskTest.java:124)
	at sun.reflect.NativeMethodAccessorImpl.invoke0(Native Method)
	at sun.reflect.NativeMethodAccessorImpl.invoke(NativeMethodAccessorImpl.java:62)
	at sun.reflect.DelegatingMethodAccessorImpl.invoke(DelegatingMethodAccessorImpl.java:43)
	at java.lang.reflect.Method.invoke(Method.java:498)
	at junit.framework.TestCase.runTest(TestCase.java:176)
	at org.activiti.engine.impl.test.PvmTestCase.runTest(PvmTestCase.java:65)
	at junit.framework.TestCase.runBare(TestCase.java:141)
	at org.activiti.engine.impl.test.AbstractActivitiTestCase.runBare(AbstractActivitiTestCase.java:100)
	at junit.framework.TestResult$1.protect(TestResult.java:122)
	at junit.framework.TestResult.runProtected(TestResult.java:142)
	at junit.framework.TestResult.run(TestResult.java:125)
	at junit.framework.TestCase.run(TestCase.java:129)
	at junit.framework.TestSuite.runTest(TestSuite.java:255)
	at junit.framework.TestSuite.run(TestSuite.java:250)
	at org.junit.internal.runners.JUnit38ClassRunner.run(JUnit38ClassRunner.java:84)
	at org.apache.maven.surefire.junit4.JUnit4TestSet.execute(JUnit4TestSet.java:35)
	at org.apache.maven.surefire.junit4.JUnit4Provider.executeTestSet(JUnit4Provider.java:146)
	at org.apache.maven.surefire.junit4.JUnit4Provider.invoke(JUnit4Provider.java:97)
	at sun.reflect.NativeMethodAccessorImpl.invoke0(Native Method)
	at sun.reflect.NativeMethodAccessorImpl.invoke(NativeMethodAccessorImpl.java:62)
	at sun.reflect.DelegatingMethodAccessorImpl.invoke(DelegatingMethodAccessorImpl.java:43)
	at java.lang.reflect.Method.invoke(Method.java:498)
	at org.apache.maven.surefire.booter.ProviderFactory$ClassLoaderProxy.invoke(ProviderFactory.java:103)
	at com.sun.proxy.$Proxy0.invoke(Unknown Source)
	at org.apache.maven.surefire.booter.SurefireStarter.invokeProvider(SurefireStarter.java:145)
	at org.apache.maven.surefire.booter.SurefireStarter.runSuitesInProcess(SurefireStarter.java:87)
	at org.apache.maven.surefire.booter.ForkedBooter.main(ForkedBooter.java:69)
Caused by: org.h2.jdbc.JdbcSQLException: Syntax error in SQL statement &quot;SELECT RES.* 
     
    FROM ACT_HI_DETAIL RES
     WHERE  RES.TASK_ID_ = ? 
   
     ORDER BY  ORDER[*] BY RES.ID_ ASC  
    LIMIT ? OFFSET ? &quot;; expected &quot;=, NOT, EXISTS, INTERSECTS, SELECT, FROM&quot;; SQL statement:
select RES.* 
     
    from ACT_HI_DETAIL RES
     WHERE  RES.TASK_ID_ = ? 
   
     order by  order by RES.ID_ asc  
    LIMIT ? OFFSET ? [42001-176]
	at org.h2.message.DbException.getJdbcSQLException(DbException.java:344)
	at org.h2.message.DbException.getSyntaxError(DbException.java:204)
	at org.h2.command.Parser.getSyntaxError(Parser.java:524)
	at org.h2.command.Parser.readTerm(Parser.java:2688)
	at org.h2.command.Parser.readFactor(Parser.java:2244)
	at org.h2.command.Parser.readSum(Parser.java:2231)
	at org.h2.command.Parser.readConcat(Parser.java:2201)
	at org.h2.command.Parser.readCondition(Parser.java:2051)
	at org.h2.command.Parser.readAnd(Parser.java:2023)
	at org.h2.command.Parser.readExpression(Parser.java:2015)
	at org.h2.command.Parser.parseEndOfQuery(Parser.java:1726)
	at org.h2.command.Parser.parseSelectUnionExtension(Parser.java:1706)
	at org.h2.command.Parser.parseSelectUnion(Parser.java:1675)
	at org.h2.command.Parser.parseSelect(Parser.java:1662)
	at org.h2.command.Parser.parsePrepared(Parser.java:434)
	at org.h2.command.Parser.parse(Parser.java:306)
	at org.h2.command.Parser.parse(Parser.java:282)
	at org.h2.command.Parser.prepareCommand(Parser.java:243)
	at org.h2.engine.Session.prepareLocal(Session.java:442)
	at org.h2.engine.Session.prepareCommand(Session.java:384)
	at org.h2.jdbc.JdbcConnection.prepareCommand(JdbcConnection.java:1188)
	at org.h2.jdbc.JdbcPreparedStatement.&lt;init&gt;(JdbcPreparedStatement.java:73)
	at org.h2.jdbc.JdbcConnection.prepareStatement(JdbcConnection.java:276)
	at sun.reflect.GeneratedMethodAccessor6.invoke(Unknown Source)
	at sun.reflect.DelegatingMethodAccessorImpl.invoke(DelegatingMethodAccessorImpl.java:43)
	at java.lang.reflect.Method.invoke(Method.java:498)
	at org.apache.ibatis.datasource.pooled.PooledConnection.invoke(PooledConnection.java:245)
	at com.sun.proxy.$Proxy12.prepareStatement(Unknown Source)
	at sun.reflect.GeneratedMethodAccessor6.invoke(Unknown Source)
	at sun.reflect.DelegatingMethodAccessorImpl.invoke(DelegatingMethodAccessorImpl.java:43)
	at java.lang.reflect.Method.invoke(Method.java:498)
	at org.apache.ibatis.logging.jdbc.ConnectionLogger.invoke(ConnectionLogger.java:55)
	at com.sun.proxy.$Proxy12.prepareStatement(Unknown Source)
	at org.apache.ibatis.executor.statement.PreparedStatementHandler.instantiateStatement(PreparedStatementHandler.java:79)
	at org.apache.ibatis.executor.statement.BaseStatementHandler.prepare(BaseStatementHandler.java:88)
	at org.apache.ibatis.executor.statement.RoutingStatementHandler.prepare(RoutingStatementHandler.java:58)
	at org.apache.ibatis.executor.SimpleExecutor.prepareStatement(SimpleExecutor.java:76)
	at org.apache.ibatis.executor.SimpleExecutor.doQuery(SimpleExecutor.java:61)
	at org.apache.ibatis.executor.BaseExecutor.queryFromDatabase(BaseExecutor.java:303)
	at org.apache.ibatis.executor.BaseExecutor.query(BaseExecutor.java:154)
	at org.apache.ibatis.executor.CachingExecutor.query(CachingExecutor.java:102)
	at org.apache.ibatis.executor.CachingExecutor.query(CachingExecutor.java:82)
	at org.apache.ibatis.session.defaults.DefaultSqlSession.selectList(DefaultSqlSession.java:120)
	... 48 more
10:48:01,312 [main] DEBUG org.activiti.engine.impl.test.PvmTestCase  - #### END StandaloneTaskTest.testRevisionUpdatedOnSave #############################################################
10:48:01,312 [main] DEBUG org.activiti.engine.impl.interceptor.LogInterceptor  - 

10:48:01,312 [main] DEBUG org.activiti.engine.impl.interceptor.LogInterceptor  - --- starting DeleteUserCmd --------------------------------------------------------
10:48:01,312 [main] DEBUG org.apache.ibatis.transaction.jdbc.JdbcTransaction  - Opening JDBC Connection
10:48:01,312 [main] DEBUG org.apache.ibatis.datasource.pooled.PooledDataSource  - Checked out connection 486346394 from pool.
10:48:01,312 [main] DEBUG org.apache.ibatis.transaction.jdbc.JdbcTransaction  - Setting autocommit to false on JDBC Connection [conn6: url=jdbc:h2:mem:activiti user=SA]
10:48:01,312 [main] DEBUG org.activiti.engine.impl.persistence.entity.UserEntity.selectUserById  - ==&gt;  Preparing: select * from ACT_ID_USER where ID_ = ? 
10:48:01,312 [Thread-102] DEBUG org.apache.ibatis.datasource.pooled.PooledDataSource  - Returned connection 157985567 to pool.
10:48:01,312 [Thread-102] DEBUG org.activiti.engine.impl.interceptor.LogInterceptor  - --- AcquireTimerJobsCmd finished --------------------------------------------------------
10:48:01,312 [Thread-102] DEBUG org.activiti.engine.impl.interceptor.LogInterceptor  - 

10:48:01,312 [main] DEBUG org.activiti.engine.impl.persistence.entity.UserEntity.selectUserById  - ==&gt; Parameters: kermit(String)
10:48:01,312 [main] DEBUG org.activiti.engine.impl.persistence.entity.UserEntity.selectUserById  - &lt;==      Total: 1
10:48:01,312 [main] DEBUG org.activiti.engine.impl.persistence.entity.IdentityInfoEntity.selectIdentityInfoByUserId  - ==&gt;  Preparing: select * from ACT_ID_INFO where USER_ID_ = ? 
10:48:01,312 [main] DEBUG org.activiti.engine.impl.persistence.entity.IdentityInfoEntity.selectIdentityInfoByUserId  - ==&gt; Parameters: kermit(String)
10:48:01,312 [main] DEBUG org.activiti.engine.impl.persistence.entity.IdentityInfoEntity.selectIdentityInfoByUserId  - &lt;==      Total: 0
10:48:01,312 [Thread-102] DEBUG org.activiti.engine.impl.asyncexecutor.AcquireTimerJobsRunnable  - timer job acquisition thread sleeping for 50 millis
10:48:01,312 [main] DEBUG org.activiti.engine.impl.db.DbSqlSession  -   bulk delete: deleteMembershipsByUserId(kermit)
10:48:01,313 [main] DEBUG org.activiti.engine.impl.db.DbSqlSession  -   delete org.activiti.engine.impl.persistence.entity.UserEntity@500fc15f
10:48:01,313 [main] DEBUG org.activiti.engine.impl.db.DbSqlSession  - flush summary: 0 insert, 0 update, 2 delete.
10:48:01,313 [main] DEBUG org.activiti.engine.impl.db.DbSqlSession  - now executing flush...
10:48:01,313 [main] DEBUG org.activiti.engine.impl.db.DbSqlSession  - executing: bulk delete: deleteMembershipsByUserId(kermit)
10:48:01,313 [main] DEBUG org.activiti.engine.impl.persistence.entity.MembershipRelation.deleteMembershipsByUserId  - ==&gt;  Preparing: delete from ACT_ID_MEMBERSHIP where USER_ID_ = ? 
10:48:01,313 [main] DEBUG org.activiti.engine.impl.persistence.entity.MembershipRelation.deleteMembershipsByUserId  - ==&gt; Parameters: kermit(String)
10:48:01,313 [main] DEBUG org.activiti.engine.impl.persistence.entity.MembershipRelation.deleteMembershipsByUserId  - &lt;==    Updates: 0
10:48:01,313 [main] DEBUG org.activiti.engine.impl.db.DbSqlSession  - executing: delete org.activiti.engine.impl.persistence.entity.UserEntity@500fc15f
10:48:01,313 [main] DEBUG org.activiti.engine.impl.persistence.entity.UserEntity.deleteUser  - ==&gt;  Preparing: delete from ACT_ID_USER where ID_ = ? and REV_ = ? 
10:48:01,313 [main] DEBUG org.activiti.engine.impl.persistence.entity.UserEntity.deleteUser  - ==&gt; Parameters: kermit(String), 1(Integer)
10:48:01,313 [main] DEBUG org.activiti.engine.impl.persistence.entity.UserEntity.deleteUser  - &lt;==    Updates: 1
10:48:01,313 [main] DEBUG org.activiti.engine.impl.cfg.standalone.StandaloneMybatisTransactionContext  - firing event committing...
10:48:01,313 [main] DEBUG org.activiti.engine.impl.cfg.standalone.StandaloneMybatisTransactionContext  - committing the ibatis sql session...
10:48:01,313 [main] DEBUG org.apache.ibatis.transaction.jdbc.JdbcTransaction  - Committing JDBC Connection [conn6: url=jdbc:h2:mem:activiti user=SA]
10:48:01,313 [main] DEBUG org.activiti.engine.impl.cfg.standalone.StandaloneMybatisTransactionContext  - firing event committed...
10:48:01,313 [main] DEBUG org.apache.ibatis.transaction.jdbc.JdbcTransaction  - Resetting autocommit to true on JDBC Connection [conn6: url=jdbc:h2:mem:activiti user=SA]
10:48:01,313 [main] DEBUG org.apache.ibatis.transaction.jdbc.JdbcTransaction  - Closing JDBC Connection [conn6: url=jdbc:h2:mem:activiti user=SA]
10:48:01,313 [main] DEBUG org.apache.ibatis.datasource.pooled.PooledDataSource  - Returned connection 486346394 to pool.
10:48:01,313 [main] DEBUG org.activiti.engine.impl.interceptor.LogInterceptor  - --- DeleteUserCmd finished --------------------------------------------------------
10:48:01,313 [main] DEBUG org.activiti.engine.impl.interceptor.LogInterceptor  - 

10:48:01,313 [main] DEBUG org.activiti.engine.impl.interceptor.LogInterceptor  - 

10:48:01,313 [main] DEBUG org.activiti.engine.impl.interceptor.LogInterceptor  - --- starting DeleteUserCmd --------------------------------------------------------
10:48:01,313 [main] DEBUG org.apache.ibatis.transaction.jdbc.JdbcTransaction  - Opening JDBC Connection
10:48:01,313 [main] DEBUG org.apache.ibatis.datasource.pooled.PooledDataSource  - Checked out connection 363509958 from pool.
10:48:01,313 [main] DEBUG org.apache.ibatis.transaction.jdbc.JdbcTransaction  - Setting autocommit to false on JDBC Connection [conn2: url=jdbc:h2:mem:activiti user=SA]
10:48:01,313 [main] DEBUG org.activiti.engine.impl.persistence.entity.UserEntity.selectUserById  - ==&gt;  Preparing: select * from ACT_ID_USER where ID_ = ? 
10:48:01,313 [main] DEBUG org.activiti.engine.impl.persistence.entity.UserEntity.selectUserById  - ==&gt; Parameters: gonzo(String)
10:48:01,313 [main] DEBUG org.activiti.engine.impl.persistence.entity.UserEntity.selectUserById  - &lt;==      Total: 1
10:48:01,313 [main] DEBUG org.activiti.engine.impl.persistence.entity.IdentityInfoEntity.selectIdentityInfoByUserId  - ==&gt;  Preparing: select * from ACT_ID_INFO where USER_ID_ = ? 
10:48:01,313 [main] DEBUG org.activiti.engine.impl.persistence.entity.IdentityInfoEntity.selectIdentityInfoByUserId  - ==&gt; Parameters: gonzo(String)
10:48:01,313 [main] DEBUG org.activiti.engine.impl.persistence.entity.IdentityInfoEntity.selectIdentityInfoByUserId  - &lt;==      Total: 0
10:48:01,313 [main] DEBUG org.activiti.engine.impl.db.DbSqlSession  -   bulk delete: deleteMembershipsByUserId(gonzo)
10:48:01,313 [main] DEBUG org.activiti.engine.impl.db.DbSqlSession  -   delete org.activiti.engine.impl.persistence.entity.UserEntity@23381172
10:48:01,313 [main] DEBUG org.activiti.engine.impl.db.DbSqlSession  - flush summary: 0 insert, 0 update, 2 delete.
10:48:01,313 [main] DEBUG org.activiti.engine.impl.db.DbSqlSession  - now executing flush...
10:48:01,313 [main] DEBUG org.activiti.engine.impl.db.DbSqlSession  - executing: bulk delete: deleteMembershipsByUserId(gonzo)
10:48:01,313 [main] DEBUG org.activiti.engine.impl.persistence.entity.MembershipRelation.deleteMembershipsByUserId  - ==&gt;  Preparing: delete from ACT_ID_MEMBERSHIP where USER_ID_ = ? 
10:48:01,313 [main] DEBUG org.activiti.engine.impl.persistence.entity.MembershipRelation.deleteMembershipsByUserId  - ==&gt; Parameters: gonzo(String)
10:48:01,313 [main] DEBUG org.activiti.engine.impl.persistence.entity.MembershipRelation.deleteMembershipsByUserId  - &lt;==    Updates: 0
10:48:01,313 [main] DEBUG org.activiti.engine.impl.db.DbSqlSession  - executing: delete org.activiti.engine.impl.persistence.entity.UserEntity@23381172
10:48:01,313 [main] DEBUG org.activiti.engine.impl.persistence.entity.UserEntity.deleteUser  - ==&gt;  Preparing: delete from ACT_ID_USER where ID_ = ? and REV_ = ? 
10:48:01,313 [main] DEBUG org.activiti.engine.impl.persistence.entity.UserEntity.deleteUser  - ==&gt; Parameters: gonzo(String), 1(Integer)
10:48:01,313 [main] DEBUG org.activiti.engine.impl.persistence.entity.UserEntity.deleteUser  - &lt;==    Updates: 1
10:48:01,313 [main] DEBUG org.activiti.engine.impl.cfg.standalone.StandaloneMybatisTransactionContext  - firing event committing...
10:48:01,313 [main] DEBUG org.activiti.engine.impl.cfg.standalone.StandaloneMybatisTransactionContext  - committing the ibatis sql session...
10:48:01,313 [main] DEBUG org.apache.ibatis.transaction.jdbc.JdbcTransaction  - Committing JDBC Connection [conn2: url=jdbc:h2:mem:activiti user=SA]
10:48:01,314 [main] DEBUG org.activiti.engine.impl.cfg.standalone.StandaloneMybatisTransactionContext  - firing event committed...
10:48:01,314 [main] DEBUG org.apache.ibatis.transaction.jdbc.JdbcTransaction  - Resetting autocommit to true on JDBC Connection [conn2: url=jdbc:h2:mem:activiti user=SA]
10:48:01,314 [main] DEBUG org.apache.ibatis.transaction.jdbc.JdbcTransaction  - Closing JDBC Connection [conn2: url=jdbc:h2:mem:activiti user=SA]
10:48:01,314 [main] DEBUG org.apache.ibatis.datasource.pooled.PooledDataSource  - Returned connection 363509958 to pool.
10:48:01,314 [main] DEBUG org.activiti.engine.impl.interceptor.LogInterceptor  - --- DeleteUserCmd finished --------------------------------------------------------
10:48:01,314 [main] DEBUG org.activiti.engine.impl.interceptor.LogInterceptor  - 

10:48:01,314 [main] ERROR org.activiti.engine.impl.test.PvmTestCase  - 

10:48:01,314 [main] ERROR org.activiti.engine.impl.test.PvmTestCase  - EXCEPTION: org.apache.ibatis.exceptions.PersistenceException: 
### Error querying database.  Cause: org.h2.jdbc.JdbcSQLException: Syntax error in SQL statement &quot;SELECT RES.* 
     
    FROM ACT_HI_DETAIL RES
     WHERE  RES.TASK_ID_ = ? 
   
     ORDER BY  ORDER[*] BY RES.ID_ ASC  
    LIMIT ? OFFSET ? &quot;; expected &quot;=, NOT, EXISTS, INTERSECTS, SELECT, FROM&quot;; SQL statement:
select RES.* 
     
    from ACT_HI_DETAIL RES
     WHERE  RES.TASK_ID_ = ? 
   
     order by  order by RES.ID_ asc  
    LIMIT ? OFFSET ? [42001-176]
### The error may exist in org/activiti/db/mapping/entity/HistoricDetail.xml
### The error may involve org.activiti.engine.impl.persistence.entity.HistoricDetailEntity.selectHistoricDetailsByQueryCriteria
### The error occurred while executing a query
### SQL: select RES.*            from ACT_HI_DETAIL RES      WHERE  RES.TASK_ID_ = ?           order by  order by RES.ID_ asc       LIMIT ? OFFSET ?
### Cause: org.h2.jdbc.JdbcSQLException: Syntax error in SQL statement &quot;SELECT RES.* 
     
    FROM ACT_HI_DETAIL RES
     WHERE  RES.TASK_ID_ = ? 
   
     ORDER BY  ORDER[*] BY RES.ID_ ASC  
    LIMIT ? OFFSET ? &quot;; expected &quot;=, NOT, EXISTS, INTERSECTS, SELECT, FROM&quot;; SQL statement:
select RES.* 
     
    from ACT_HI_DETAIL RES
     WHERE  RES.TASK_ID_ = ? 
   
     order by  order by RES.ID_ asc  
    LIMIT ? OFFSET ? [42001-176]
org.apache.ibatis.exceptions.PersistenceException: 
### Error querying database.  Cause: org.h2.jdbc.JdbcSQLException: Syntax error in SQL statement &quot;SELECT RES.* 
     
    FROM ACT_HI_DETAIL RES
     WHERE  RES.TASK_ID_ = ? 
   
     ORDER BY  ORDER[*] BY RES.ID_ ASC  
    LIMIT ? OFFSET ? &quot;; expected &quot;=, NOT, EXISTS, INTERSECTS, SELECT, FROM&quot;; SQL statement:
select RES.* 
     
    from ACT_HI_DETAIL RES
     WHERE  RES.TASK_ID_ = ? 
   
     order by  order by RES.ID_ asc  
    LIMIT ? OFFSET ? [42001-176]
### The error may exist in org/activiti/db/mapping/entity/HistoricDetail.xml
### The error may involve org.activiti.engine.impl.persistence.entity.HistoricDetailEntity.selectHistoricDetailsByQueryCriteria
### The error occurred while executing a query
### SQL: select RES.*            from ACT_HI_DETAIL RES      WHERE  RES.TASK_ID_ = ?           order by  order by RES.ID_ asc       LIMIT ? OFFSET ?
### Cause: org.h2.jdbc.JdbcSQLException: Syntax error in SQL statement &quot;SELECT RES.* 
     
    FROM ACT_HI_DETAIL RES
     WHERE  RES.TASK_ID_ = ? 
   
     ORDER BY  ORDER[*] BY RES.ID_ ASC  
    LIMIT ? OFFSET ? &quot;; expected &quot;=, NOT, EXISTS, INTERSECTS, SELECT, FROM&quot;; SQL statement:
select RES.* 
     
    from ACT_HI_DETAIL RES
     WHERE  RES.TASK_ID_ = ? 
   
     order by  order by RES.ID_ asc  
    LIMIT ? OFFSET ? [42001-176]
	at org.apache.ibatis.exceptions.ExceptionFactory.wrapException(ExceptionFactory.java:30)
	at org.apache.ibatis.session.defaults.DefaultSqlSession.selectList(DefaultSqlSession.java:122)
	at org.apache.ibatis.session.defaults.DefaultSqlSession.selectList(DefaultSqlSession.java:113)
	at org.activiti.engine.impl.db.DbSqlSession.selectListWithRawParameter(DbSqlSession.java:438)
	at org.activiti.engine.impl.db.DbSqlSession.selectList(DbSqlSession.java:429)
	at org.activiti.engine.impl.db.DbSqlSession.selectList(DbSqlSession.java:419)
	at org.activiti.engine.impl.persistence.entity.HistoricDetailEntityManager.findHistoricDetailsByQueryCriteria(HistoricDetailEntityManager.java:51)
	at org.activiti.engine.impl.HistoricDetailQueryImpl.executeList(HistoricDetailQueryImpl.java:112)
	at org.activiti.engine.impl.AbstractQuery.list(AbstractQuery.java:140)
	at org.activiti.engine.impl.persistence.entity.HistoricDetailEntityManager.deleteHistoricDetailsByTaskId(HistoricDetailEntityManager.java:58)
	at org.activiti.engine.impl.persistence.entity.HistoricTaskInstanceEntityManager.deleteHistoricTaskInstanceById(HistoricTaskInstanceEntityManager.java:122)
	at org.activiti.engine.impl.persistence.entity.TaskEntityManager.deleteTask(TaskEntityManager.java:91)
	at org.activiti.engine.impl.persistence.entity.TaskEntityManager.deleteTask(TaskEntityManager.java:201)
	at org.activiti.engine.impl.cmd.DeleteTaskCmd.deleteTask(DeleteTaskCmd.java:64)
	at org.activiti.engine.impl.cmd.DeleteTaskCmd.execute(DeleteTaskCmd.java:48)
	at org.activiti.engine.impl.cmd.DeleteTaskCmd.execute(DeleteTaskCmd.java:26)
	at org.activiti.engine.impl.interceptor.CommandInvoker.execute(CommandInvoker.java:24)
	at org.activiti.engine.impl.interceptor.CommandContextInterceptor.execute(CommandContextInterceptor.java:57)
	at org.activiti.engine.impl.interceptor.LogInterceptor.execute(LogInterceptor.java:37)
	at org.activiti.engine.impl.cfg.CommandExecutorImpl.execute(CommandExecutorImpl.java:40)
	at org.activiti.engine.impl.cfg.CommandExecutorImpl.execute(CommandExecutorImpl.java:35)
	at org.activiti.engine.impl.TaskServiceImpl.deleteTask(TaskServiceImpl.java:105)
	at org.activiti.examples.task.StandaloneTaskTest.testRevisionUpdatedOnSave(StandaloneTaskTest.java:124)
	at sun.reflect.NativeMethodAccessorImpl.invoke0(Native Method)
	at sun.reflect.NativeMethodAccessorImpl.invoke(NativeMethodAccessorImpl.java:62)
	at sun.reflect.DelegatingMethodAccessorImpl.invoke(DelegatingMethodAccessorImpl.java:43)
	at java.lang.reflect.Method.invoke(Method.java:498)
	at junit.framework.TestCase.runTest(TestCase.java:176)
	at org.activiti.engine.impl.test.PvmTestCase.runTest(PvmTestCase.java:65)
	at junit.framework.TestCase.runBare(TestCase.java:141)
	at org.activiti.engine.impl.test.AbstractActivitiTestCase.runBare(AbstractActivitiTestCase.java:100)
	at junit.framework.TestResult$1.protect(TestResult.java:122)
	at junit.framework.TestResult.runProtected(TestResult.java:142)
	at junit.framework.TestResult.run(TestResult.java:125)
	at junit.framework.TestCase.run(TestCase.java:129)
	at junit.framework.TestSuite.runTest(TestSuite.java:255)
	at junit.framework.TestSuite.run(TestSuite.java:250)
	at org.junit.internal.runners.JUnit38ClassRunner.run(JUnit38ClassRunner.java:84)
	at org.apache.maven.surefire.junit4.JUnit4TestSet.execute(JUnit4TestSet.java:35)
	at org.apache.maven.surefire.junit4.JUnit4Provider.executeTestSet(JUnit4Provider.java:146)
	at org.apache.maven.surefire.junit4.JUnit4Provider.invoke(JUnit4Provider.java:97)
	at sun.reflect.NativeMethodAccessorImpl.invoke0(Native Method)
	at sun.reflect.NativeMethodAccessorImpl.invoke(NativeMethodAccessorImpl.java:62)
	at sun.reflect.DelegatingMethodAccessorImpl.invoke(DelegatingMethodAccessorImpl.java:43)
	at java.lang.reflect.Method.invoke(Method.java:498)
	at org.apache.maven.surefire.booter.ProviderFactory$ClassLoaderProxy.invoke(ProviderFactory.java:103)
	at com.sun.proxy.$Proxy0.invoke(Unknown Source)
	at org.apache.maven.surefire.booter.SurefireStarter.invokeProvider(SurefireStarter.java:145)
	at org.apache.maven.surefire.booter.SurefireStarter.runSuitesInProcess(SurefireStarter.java:87)
	at org.apache.maven.surefire.booter.ForkedBooter.main(ForkedBooter.java:69)
Caused by: org.h2.jdbc.JdbcSQLException: Syntax error in SQL statement &quot;SELECT RES.* 
     
    FROM ACT_HI_DETAIL RES
     WHERE  RES.TASK_ID_ = ? 
   
     ORDER BY  ORDER[*] BY RES.ID_ ASC  
    LIMIT ? OFFSET ? &quot;; expected &quot;=, NOT, EXISTS, INTERSECTS, SELECT, FROM&quot;; SQL statement:
select RES.* 
     
    from ACT_HI_DETAIL RES
     WHERE  RES.TASK_ID_ = ? 
   
     order by  order by RES.ID_ asc  
    LIMIT ? OFFSET ? [42001-176]
	at org.h2.message.DbException.getJdbcSQLException(DbException.java:344)
	at org.h2.message.DbException.getSyntaxError(DbException.java:204)
	at org.h2.command.Parser.getSyntaxError(Parser.java:524)
	at org.h2.command.Parser.readTerm(Parser.java:2688)
	at org.h2.command.Parser.readFactor(Parser.java:2244)
	at org.h2.command.Parser.readSum(Parser.java:2231)
	at org.h2.command.Parser.readConcat(Parser.java:2201)
	at org.h2.command.Parser.readCondition(Parser.java:2051)
	at org.h2.command.Parser.readAnd(Parser.java:2023)
	at org.h2.command.Parser.readExpression(Parser.java:2015)
	at org.h2.command.Parser.parseEndOfQuery(Parser.java:1726)
	at org.h2.command.Parser.parseSelectUnionExtension(Parser.java:1706)
	at org.h2.command.Parser.parseSelectUnion(Parser.java:1675)
	at org.h2.command.Parser.parseSelect(Parser.java:1662)
	at org.h2.command.Parser.parsePrepared(Parser.java:434)
	at org.h2.command.Parser.parse(Parser.java:306)
	at org.h2.command.Parser.parse(Parser.java:282)
	at org.h2.command.Parser.prepareCommand(Parser.java:243)
	at org.h2.engine.Session.prepareLocal(Session.java:442)
	at org.h2.engine.Session.prepareCommand(Session.java:384)
	at org.h2.jdbc.JdbcConnection.prepareCommand(JdbcConnection.java:1188)
	at org.h2.jdbc.JdbcPreparedStatement.&lt;init&gt;(JdbcPreparedStatement.java:73)
	at org.h2.jdbc.JdbcConnection.prepareStatement(JdbcConnection.java:276)
	at sun.reflect.GeneratedMethodAccessor6.invoke(Unknown Source)
	at sun.reflect.DelegatingMethodAccessorImpl.invoke(DelegatingMethodAccessorImpl.java:43)
	at java.lang.reflect.Method.invoke(Method.java:498)
	at org.apache.ibatis.datasource.pooled.PooledConnection.invoke(PooledConnection.java:245)
	at com.sun.proxy.$Proxy12.prepareStatement(Unknown Source)
	at sun.reflect.GeneratedMethodAccessor6.invoke(Unknown Source)
	at sun.reflect.DelegatingMethodAccessorImpl.invoke(DelegatingMethodAccessorImpl.java:43)
	at java.lang.reflect.Method.invoke(Method.java:498)
	at org.apache.ibatis.logging.jdbc.ConnectionLogger.invoke(ConnectionLogger.java:55)
	at com.sun.proxy.$Proxy12.prepareStatement(Unknown Source)
	at org.apache.ibatis.executor.statement.PreparedStatementHandler.instantiateStatement(PreparedStatementHandler.java:79)
	at org.apache.ibatis.executor.statement.BaseStatementHandler.prepare(BaseStatementHandler.java:88)
	at org.apache.ibatis.executor.statement.RoutingStatementHandler.prepare(RoutingStatementHandler.java:58)
	at org.apache.ibatis.executor.SimpleExecutor.prepareStatement(SimpleExecutor.java:76)
	at org.apache.ibatis.executor.SimpleExecutor.doQuery(SimpleExecutor.java:61)
	at org.apache.ibatis.executor.BaseExecutor.queryFromDatabase(BaseExecutor.java:303)
	at org.apache.ibatis.executor.BaseExecutor.query(BaseExecutor.java:154)
	at org.apache.ibatis.executor.CachingExecutor.query(CachingExecutor.java:102)
	at org.apache.ibatis.executor.CachingExecutor.query(CachingExecutor.java:82)
	at org.apache.ibatis.session.defaults.DefaultSqlSession.selectList(DefaultSqlSession.java:120)
	... 48 more
10:48:01,314 [main] DEBUG org.activiti.engine.impl.test.PvmTestCase  - verifying that db is clean after test
10:48:01,314 [main] DEBUG org.activiti.engine.impl.interceptor.LogInterceptor  - 

10:48:01,314 [main] DEBUG org.activiti.engine.impl.interceptor.LogInterceptor  - --- starting GetTableCountCmd --------------------------------------------------------
10:48:01,314 [main] DEBUG org.apache.ibatis.transaction.jdbc.JdbcTransaction  - Opening JDBC Connection
10:48:01,314 [main] DEBUG org.apache.ibatis.datasource.pooled.PooledDataSource  - Checked out connection 180014677 from pool.
10:48:01,314 [main] DEBUG org.apache.ibatis.transaction.jdbc.JdbcTransaction  - Setting autocommit to false on JDBC Connection [conn3: url=jdbc:h2:mem:activiti user=SA]
10:48:01,314 [main] DEBUG org.activiti.engine.impl.persistence.entity.TableDataManager  - retrieving activiti tables from jdbc metadata
10:48:01,314 [main] DEBUG org.activiti.engine.impl.persistence.entity.TableDataManager  -   retrieved activiti table name ACT_EVT_LOG
10:48:01,314 [main] DEBUG org.activiti.engine.impl.persistence.entity.TableDataManager  -   retrieved activiti table name ACT_GE_BYTEARRAY
10:48:01,314 [main] DEBUG org.activiti.engine.impl.persistence.entity.TableDataManager  -   retrieved activiti table name ACT_GE_PROPERTY
10:48:01,314 [main] DEBUG org.activiti.engine.impl.persistence.entity.TableDataManager  -   retrieved activiti table name ACT_HI_ACTINST
10:48:01,314 [main] DEBUG org.activiti.engine.impl.persistence.entity.TableDataManager  -   retrieved activiti table name ACT_HI_ATTACHMENT
10:48:01,314 [main] DEBUG org.activiti.engine.impl.persistence.entity.TableDataManager  -   retrieved activiti table name ACT_HI_COMMENT
10:48:01,314 [main] DEBUG org.activiti.engine.impl.persistence.entity.TableDataManager  -   retrieved activiti table name ACT_HI_DETAIL
10:48:01,314 [main] DEBUG org.activiti.engine.impl.persistence.entity.TableDataManager  -   retrieved activiti table name ACT_HI_IDENTITYLINK
10:48:01,314 [main] DEBUG org.activiti.engine.impl.persistence.entity.TableDataManager  -   retrieved activiti table name ACT_HI_PROCINST
10:48:01,314 [main] DEBUG org.activiti.engine.impl.persistence.entity.TableDataManager  -   retrieved activiti table name ACT_HI_TASKINST
10:48:01,314 [main] DEBUG org.activiti.engine.impl.persistence.entity.TableDataManager  -   retrieved activiti table name ACT_HI_VARINST
10:48:01,314 [main] DEBUG org.activiti.engine.impl.persistence.entity.TableDataManager  -   retrieved activiti table name ACT_ID_GROUP
10:48:01,314 [main] DEBUG org.activiti.engine.impl.persistence.entity.TableDataManager  -   retrieved activiti table name ACT_ID_INFO
10:48:01,314 [main] DEBUG org.activiti.engine.impl.persistence.entity.TableDataManager  -   retrieved activiti table name ACT_ID_MEMBERSHIP
10:48:01,314 [main] DEBUG org.activiti.engine.impl.persistence.entity.TableDataManager  -   retrieved activiti table name ACT_ID_USER
10:48:01,314 [main] DEBUG org.activiti.engine.impl.persistence.entity.TableDataManager  -   retrieved activiti table name ACT_PROCDEF_INFO
10:48:01,314 [main] DEBUG org.activiti.engine.impl.persistence.entity.TableDataManager  -   retrieved activiti table name ACT_RE_DEPLOYMENT
10:48:01,314 [main] DEBUG org.activiti.engine.impl.persistence.entity.TableDataManager  -   retrieved activiti table name ACT_RE_MODEL
10:48:01,314 [main] DEBUG org.activiti.engine.impl.persistence.entity.TableDataManager  -   retrieved activiti table name ACT_RE_PROCDEF
10:48:01,314 [main] DEBUG org.activiti.engine.impl.persistence.entity.TableDataManager  -   retrieved activiti table name ACT_RU_EVENT_SUBSCR
10:48:01,314 [main] DEBUG org.activiti.engine.impl.persistence.entity.TableDataManager  -   retrieved activiti table name ACT_RU_EXECUTION
10:48:01,315 [main] DEBUG org.activiti.engine.impl.persistence.entity.TableDataManager  -   retrieved activiti table name ACT_RU_IDENTITYLINK
10:48:01,315 [main] DEBUG org.activiti.engine.impl.persistence.entity.TableDataManager  -   retrieved activiti table name ACT_RU_JOB
10:48:01,315 [main] DEBUG org.activiti.engine.impl.persistence.entity.TableDataManager  -   retrieved activiti table name ACT_RU_TASK
10:48:01,315 [main] DEBUG org.activiti.engine.impl.persistence.entity.TableDataManager  -   retrieved activiti table name ACT_RU_VARIABLE
10:48:01,315 [main] DEBUG org.activiti.engine.impl.persistence.entity.TableDataManager  - selecting table count for ACT_EVT_LOG
10:48:01,315 [main] DEBUG org.activiti.engine.impl.TablePageMap.selectTableCount  - ==&gt;  Preparing: select count(*) from ACT_EVT_LOG 
10:48:01,315 [main] DEBUG org.activiti.engine.impl.TablePageMap.selectTableCount  - ==&gt; Parameters: 
10:48:01,315 [main] DEBUG org.activiti.engine.impl.TablePageMap.selectTableCount  - &lt;==      Total: 1
10:48:01,315 [main] DEBUG org.activiti.engine.impl.persistence.entity.TableDataManager  - selecting table count for ACT_GE_BYTEARRAY
10:48:01,315 [main] DEBUG org.activiti.engine.impl.TablePageMap.selectTableCount  - ==&gt;  Preparing: select count(*) from ACT_GE_BYTEARRAY 
10:48:01,315 [main] DEBUG org.activiti.engine.impl.TablePageMap.selectTableCount  - ==&gt; Parameters: 
10:48:01,315 [main] DEBUG org.activiti.engine.impl.TablePageMap.selectTableCount  - &lt;==      Total: 1
10:48:01,315 [main] DEBUG org.activiti.engine.impl.persistence.entity.TableDataManager  - selecting table count for ACT_GE_PROPERTY
10:48:01,315 [main] DEBUG org.activiti.engine.impl.TablePageMap.selectTableCount  - ==&gt;  Preparing: select count(*) from ACT_GE_PROPERTY 
10:48:01,315 [main] DEBUG org.activiti.engine.impl.TablePageMap.selectTableCount  - ==&gt; Parameters: 
10:48:01,315 [main] DEBUG org.activiti.engine.impl.TablePageMap.selectTableCount  - &lt;==      Total: 1
10:48:01,315 [main] DEBUG org.activiti.engine.impl.persistence.entity.TableDataManager  - selecting table count for ACT_HI_ACTINST
10:48:01,315 [main] DEBUG org.activiti.engine.impl.TablePageMap.selectTableCount  - ==&gt;  Preparing: select count(*) from ACT_HI_ACTINST 
10:48:01,315 [main] DEBUG org.activiti.engine.impl.TablePageMap.selectTableCount  - ==&gt; Parameters: 
10:48:01,315 [main] DEBUG org.activiti.engine.impl.TablePageMap.selectTableCount  - &lt;==      Total: 1
10:48:01,315 [main] DEBUG org.activiti.engine.impl.persistence.entity.TableDataManager  - selecting table count for ACT_HI_ATTACHMENT
10:48:01,315 [main] DEBUG org.activiti.engine.impl.TablePageMap.selectTableCount  - ==&gt;  Preparing: select count(*) from ACT_HI_ATTACHMENT 
10:48:01,315 [main] DEBUG org.activiti.engine.impl.TablePageMap.selectTableCount  - ==&gt; Parameters: 
10:48:01,315 [main] DEBUG org.activiti.engine.impl.TablePageMap.selectTableCount  - &lt;==      Total: 1
10:48:01,315 [main] DEBUG org.activiti.engine.impl.persistence.entity.TableDataManager  - selecting table count for ACT_HI_COMMENT
10:48:01,315 [main] DEBUG org.activiti.engine.impl.TablePageMap.selectTableCount  - ==&gt;  Preparing: select count(*) from ACT_HI_COMMENT 
10:48:01,315 [main] DEBUG org.activiti.engine.impl.TablePageMap.selectTableCount  - ==&gt; Parameters: 
10:48:01,315 [main] DEBUG org.activiti.engine.impl.TablePageMap.selectTableCount  - &lt;==      Total: 1
10:48:01,315 [main] DEBUG org.activiti.engine.impl.persistence.entity.TableDataManager  - selecting table count for ACT_HI_DETAIL
10:48:01,315 [main] DEBUG org.activiti.engine.impl.TablePageMap.selectTableCount  - ==&gt;  Preparing: select count(*) from ACT_HI_DETAIL 
10:48:01,315 [main] DEBUG org.activiti.engine.impl.TablePageMap.selectTableCount  - ==&gt; Parameters: 
10:48:01,315 [main] DEBUG org.activiti.engine.impl.TablePageMap.selectTableCount  - &lt;==      Total: 1
10:48:01,315 [main] DEBUG org.activiti.engine.impl.persistence.entity.TableDataManager  - selecting table count for ACT_HI_IDENTITYLINK
10:48:01,315 [main] DEBUG org.activiti.engine.impl.TablePageMap.selectTableCount  - ==&gt;  Preparing: select count(*) from ACT_HI_IDENTITYLINK 
10:48:01,315 [main] DEBUG org.activiti.engine.impl.TablePageMap.selectTableCount  - ==&gt; Parameters: 
10:48:01,315 [main] DEBUG org.activiti.engine.impl.TablePageMap.selectTableCount  - &lt;==      Total: 1
10:48:01,315 [main] DEBUG org.activiti.engine.impl.persistence.entity.TableDataManager  - selecting table count for ACT_HI_PROCINST
10:48:01,315 [main] DEBUG org.activiti.engine.impl.TablePageMap.selectTableCount  - ==&gt;  Preparing: select count(*) from ACT_HI_PROCINST 
10:48:01,315 [main] DEBUG org.activiti.engine.impl.TablePageMap.selectTableCount  - ==&gt; Parameters: 
10:48:01,315 [main] DEBUG org.activiti.engine.impl.TablePageMap.selectTableCount  - &lt;==      Total: 1
10:48:01,315 [main] DEBUG org.activiti.engine.impl.persistence.entity.TableDataManager  - selecting table count for ACT_HI_TASKINST
10:48:01,315 [main] DEBUG org.activiti.engine.impl.TablePageMap.selectTableCount  - ==&gt;  Preparing: select count(*) from ACT_HI_TASKINST 
10:48:01,315 [main] DEBUG org.activiti.engine.impl.TablePageMap.selectTableCount  - ==&gt; Parameters: 
10:48:01,315 [main] DEBUG org.activiti.engine.impl.TablePageMap.selectTableCount  - &lt;==      Total: 1
10:48:01,316 [main] DEBUG org.activiti.engine.impl.persistence.entity.TableDataManager  - selecting table count for ACT_HI_VARINST
10:48:01,316 [main] DEBUG org.activiti.engine.impl.TablePageMap.selectTableCount  - ==&gt;  Preparing: select count(*) from ACT_HI_VARINST 
10:48:01,316 [main] DEBUG org.activiti.engine.impl.TablePageMap.selectTableCount  - ==&gt; Parameters: 
10:48:01,316 [main] DEBUG org.activiti.engine.impl.TablePageMap.selectTableCount  - &lt;==      Total: 1
10:48:01,316 [main] DEBUG org.activiti.engine.impl.persistence.entity.TableDataManager  - selecting table count for ACT_ID_GROUP
10:48:01,316 [main] DEBUG org.activiti.engine.impl.TablePageMap.selectTableCount  - ==&gt;  Preparing: select count(*) from ACT_ID_GROUP 
10:48:01,316 [main] DEBUG org.activiti.engine.impl.TablePageMap.selectTableCount  - ==&gt; Parameters: 
10:48:01,316 [main] DEBUG org.activiti.engine.impl.TablePageMap.selectTableCount  - &lt;==      Total: 1
10:48:01,316 [main] DEBUG org.activiti.engine.impl.persistence.entity.TableDataManager  - selecting table count for ACT_ID_INFO
10:48:01,316 [main] DEBUG org.activiti.engine.impl.TablePageMap.selectTableCount  - ==&gt;  Preparing: select count(*) from ACT_ID_INFO 
10:48:01,316 [main] DEBUG org.activiti.engine.impl.TablePageMap.selectTableCount  - ==&gt; Parameters: 
10:48:01,316 [main] DEBUG org.activiti.engine.impl.TablePageMap.selectTableCount  - &lt;==      Total: 1
10:48:01,316 [main] DEBUG org.activiti.engine.impl.persistence.entity.TableDataManager  - selecting table count for ACT_ID_MEMBERSHIP
10:48:01,316 [main] DEBUG org.activiti.engine.impl.TablePageMap.selectTableCount  - ==&gt;  Preparing: select count(*) from ACT_ID_MEMBERSHIP 
10:48:01,316 [main] DEBUG org.activiti.engine.impl.TablePageMap.selectTableCount  - ==&gt; Parameters: 
10:48:01,316 [main] DEBUG org.activiti.engine.impl.TablePageMap.selectTableCount  - &lt;==      Total: 1
10:48:01,316 [main] DEBUG org.activiti.engine.impl.persistence.entity.TableDataManager  - selecting table count for ACT_ID_USER
10:48:01,316 [main] DEBUG org.activiti.engine.impl.TablePageMap.selectTableCount  - ==&gt;  Preparing: select count(*) from ACT_ID_USER 
10:48:01,316 [main] DEBUG org.activiti.engine.impl.TablePageMap.selectTableCount  - ==&gt; Parameters: 
10:48:01,316 [main] DEBUG org.activiti.engine.impl.TablePageMap.selectTableCount  - &lt;==      Total: 1
10:48:01,316 [main] DEBUG org.activiti.engine.impl.persistence.entity.TableDataManager  - selecting table count for ACT_PROCDEF_INFO
10:48:01,316 [main] DEBUG org.activiti.engine.impl.TablePageMap.selectTableCount  - ==&gt;  Preparing: select count(*) from ACT_PROCDEF_INFO 
10:48:01,316 [main] DEBUG org.activiti.engine.impl.TablePageMap.selectTableCount  - ==&gt; Parameters: 
10:48:01,316 [main] DEBUG org.activiti.engine.impl.TablePageMap.selectTableCount  - &lt;==      Total: 1
10:48:01,316 [main] DEBUG org.activiti.engine.impl.persistence.entity.TableDataManager  - selecting table count for ACT_RE_DEPLOYMENT
10:48:01,316 [main] DEBUG org.activiti.engine.impl.TablePageMap.selectTableCount  - ==&gt;  Preparing: select count(*) from ACT_RE_DEPLOYMENT 
10:48:01,316 [main] DEBUG org.activiti.engine.impl.TablePageMap.selectTableCount  - ==&gt; Parameters: 
10:48:01,316 [main] DEBUG org.activiti.engine.impl.TablePageMap.selectTableCount  - &lt;==      Total: 1
10:48:01,316 [main] DEBUG org.activiti.engine.impl.persistence.entity.TableDataManager  - selecting table count for ACT_RE_MODEL
10:48:01,316 [main] DEBUG org.activiti.engine.impl.TablePageMap.selectTableCount  - ==&gt;  Preparing: select count(*) from ACT_RE_MODEL 
10:48:01,316 [main] DEBUG org.activiti.engine.impl.TablePageMap.selectTableCount  - ==&gt; Parameters: 
10:48:01,316 [main] DEBUG org.activiti.engine.impl.TablePageMap.selectTableCount  - &lt;==      Total: 1
10:48:01,316 [main] DEBUG org.activiti.engine.impl.persistence.entity.TableDataManager  - selecting table count for ACT_RE_PROCDEF
10:48:01,316 [main] DEBUG org.activiti.engine.impl.TablePageMap.selectTableCount  - ==&gt;  Preparing: select count(*) from ACT_RE_PROCDEF 
10:48:01,316 [main] DEBUG org.activiti.engine.impl.TablePageMap.selectTableCount  - ==&gt; Parameters: 
10:48:01,316 [main] DEBUG org.activiti.engine.impl.TablePageMap.selectTableCount  - &lt;==      Total: 1
10:48:01,316 [main] DEBUG org.activiti.engine.impl.persistence.entity.TableDataManager  - selecting table count for ACT_RU_EVENT_SUBSCR
10:48:01,316 [main] DEBUG org.activiti.engine.impl.TablePageMap.selectTableCount  - ==&gt;  Preparing: select count(*) from ACT_RU_EVENT_SUBSCR 
10:48:01,317 [main] DEBUG org.activiti.engine.impl.TablePageMap.selectTableCount  - ==&gt; Parameters: 
10:48:01,317 [main] DEBUG org.activiti.engine.impl.TablePageMap.selectTableCount  - &lt;==      Total: 1
10:48:01,317 [main] DEBUG org.activiti.engine.impl.persistence.entity.TableDataManager  - selecting table count for ACT_RU_EXECUTION
10:48:01,317 [main] DEBUG org.activiti.engine.impl.TablePageMap.selectTableCount  - ==&gt;  Preparing: select count(*) from ACT_RU_EXECUTION 
10:48:01,317 [main] DEBUG org.activiti.engine.impl.TablePageMap.selectTableCount  - ==&gt; Parameters: 
10:48:01,317 [main] DEBUG org.activiti.engine.impl.TablePageMap.selectTableCount  - &lt;==      Total: 1
10:48:01,317 [main] DEBUG org.activiti.engine.impl.persistence.entity.TableDataManager  - selecting table count for ACT_RU_IDENTITYLINK
10:48:01,317 [main] DEBUG org.activiti.engine.impl.TablePageMap.selectTableCount  - ==&gt;  Preparing: select count(*) from ACT_RU_IDENTITYLINK 
10:48:01,317 [main] DEBUG org.activiti.engine.impl.TablePageMap.selectTableCount  - ==&gt; Parameters: 
10:48:01,317 [main] DEBUG org.activiti.engine.impl.TablePageMap.selectTableCount  - &lt;==      Total: 1
10:48:01,317 [main] DEBUG org.activiti.engine.impl.persistence.entity.TableDataManager  - selecting table count for ACT_RU_JOB
10:48:01,317 [main] DEBUG org.activiti.engine.impl.TablePageMap.selectTableCount  - ==&gt;  Preparing: select count(*) from ACT_RU_JOB 
10:48:01,317 [main] DEBUG org.activiti.engine.impl.TablePageMap.selectTableCount  - ==&gt; Parameters: 
10:48:01,317 [main] DEBUG org.activiti.engine.impl.TablePageMap.selectTableCount  - &lt;==      Total: 1
10:48:01,317 [main] DEBUG org.activiti.engine.impl.persistence.entity.TableDataManager  - selecting table count for ACT_RU_TASK
10:48:01,317 [main] DEBUG org.activiti.engine.impl.TablePageMap.selectTableCount  - ==&gt;  Preparing: select count(*) from ACT_RU_TASK 
10:48:01,317 [main] DEBUG org.activiti.engine.impl.TablePageMap.selectTableCount  - ==&gt; Parameters: 
10:48:01,317 [main] DEBUG org.activiti.engine.impl.TablePageMap.selectTableCount  - &lt;==      Total: 1
10:48:01,317 [main] DEBUG org.activiti.engine.impl.persistence.entity.TableDataManager  - selecting table count for ACT_RU_VARIABLE
10:48:01,317 [main] DEBUG org.activiti.engine.impl.TablePageMap.selectTableCount  - ==&gt;  Preparing: select count(*) from ACT_RU_VARIABLE 
10:48:01,317 [main] DEBUG org.activiti.engine.impl.TablePageMap.selectTableCount  - ==&gt; Parameters: 
10:48:01,317 [main] DEBUG org.activiti.engine.impl.TablePageMap.selectTableCount  - &lt;==      Total: 1
10:48:01,317 [main] DEBUG org.activiti.engine.impl.persistence.entity.TableDataManager  - Number of rows per activiti table: {ACT_RU_EVENT_SUBSCR=0, ACT_ID_USER=0, ACT_HI_ATTACHMENT=0, ACT_GE_BYTEARRAY=0, ACT_RE_MODEL=0, ACT_RU_VARIABLE=0, ACT_RU_TASK=1, ACT_RE_DEPLOYMENT=0, ACT_RE_PROCDEF=0, ACT_ID_GROUP=0, ACT_HI_VARINST=0, ACT_HI_COMMENT=0, ACT_HI_PROCINST=0, ACT_ID_INFO=0, ACT_ID_MEMBERSHIP=0, ACT_RU_JOB=0, ACT_PROCDEF_INFO=0, ACT_HI_ACTINST=0, ACT_RU_EXECUTION=0, ACT_HI_TASKINST=1, ACT_HI_DETAIL=0, ACT_EVT_LOG=0, ACT_HI_IDENTITYLINK=0, ACT_RU_IDENTITYLINK=0, ACT_GE_PROPERTY=3}
10:48:01,317 [main] DEBUG org.activiti.engine.impl.db.DbSqlSession  - flush summary: 0 insert, 0 update, 0 delete.
10:48:01,317 [main] DEBUG org.activiti.engine.impl.db.DbSqlSession  - now executing flush...
10:48:01,317 [main] DEBUG org.activiti.engine.impl.cfg.standalone.StandaloneMybatisTransactionContext  - firing event committing...
10:48:01,317 [main] DEBUG org.activiti.engine.impl.cfg.standalone.StandaloneMybatisTransactionContext  - committing the ibatis sql session...
10:48:01,317 [main] DEBUG org.activiti.engine.impl.cfg.standalone.StandaloneMybatisTransactionContext  - firing event committed...
10:48:01,317 [main] DEBUG org.apache.ibatis.transaction.jdbc.JdbcTransaction  - Resetting autocommit to true on JDBC Connection [conn3: url=jdbc:h2:mem:activiti user=SA]
10:48:01,317 [main] DEBUG org.apache.ibatis.transaction.jdbc.JdbcTransaction  - Closing JDBC Connection [conn3: url=jdbc:h2:mem:activiti user=SA]
10:48:01,317 [main] DEBUG org.apache.ibatis.datasource.pooled.PooledDataSource  - Returned connection 180014677 to pool.
10:48:01,317 [main] DEBUG org.activiti.engine.impl.interceptor.LogInterceptor  - --- GetTableCountCmd finished --------------------------------------------------------
10:48:01,317 [main] DEBUG org.activiti.engine.impl.interceptor.LogInterceptor  - 

10:48:01,317 [main] ERROR org.activiti.engine.impl.test.PvmTestCase  - 

10:48:01,317 [main] ERROR org.activiti.engine.impl.test.PvmTestCase  - DB NOT CLEAN: 
  ACT_RU_TASK: 1 record(s)   ACT_HI_TASKINST: 1 record(s) 
10:48:01,317 [main] INFO  org.activiti.engine.impl.test.PvmTestCase  - dropping and recreating db
10:48:01,317 [main] DEBUG org.activiti.engine.impl.interceptor.LogInterceptor  - 

10:48:01,317 [main] DEBUG org.activiti.engine.impl.interceptor.LogInterceptor  - --- starting  --------------------------------------------------------
10:48:01,317 [main] INFO  org.activiti.engine.impl.db.DbSqlSession  - performing drop on engine with resource org/activiti/db/drop/activiti.h2.drop.engine.sql
10:48:01,317 [main] DEBUG org.apache.ibatis.transaction.jdbc.JdbcTransaction  - Opening JDBC Connection
10:48:01,317 [main] DEBUG org.apache.ibatis.datasource.pooled.PooledDataSource  - Checked out connection 297240765 from pool.
10:48:01,317 [main] DEBUG org.apache.ibatis.transaction.jdbc.JdbcTransaction  - Setting autocommit to false on JDBC Connection [conn4: url=jdbc:h2:mem:activiti user=SA]
10:48:01,317 [main] DEBUG org.activiti.engine.impl.db.DbSqlSession  - SQL: drop table if exists ACT_GE_PROPERTY cascade constraints
10:48:01,318 [main] DEBUG org.activiti.engine.impl.db.DbSqlSession  - SQL: drop table if exists ACT_GE_BYTEARRAY cascade constraints
10:48:01,318 [main] DEBUG org.activiti.engine.impl.db.DbSqlSession  - SQL: drop table if exists ACT_RE_DEPLOYMENT cascade constraints
10:48:01,318 [main] DEBUG org.activiti.engine.impl.db.DbSqlSession  - SQL: drop table if exists ACT_RE_MODEL cascade constraints
10:48:01,318 [main] DEBUG org.activiti.engine.impl.db.DbSqlSession  - SQL: drop table if exists ACT_RU_EXECUTION cascade constraints
10:48:01,318 [main] DEBUG org.activiti.engine.impl.db.DbSqlSession  - SQL: drop table if exists ACT_RU_JOB cascade constraints
10:48:01,318 [main] DEBUG org.activiti.engine.impl.db.DbSqlSession  - SQL: drop table if exists ACT_RE_PROCDEF cascade constraints
10:48:01,318 [main] DEBUG org.activiti.engine.impl.db.DbSqlSession  - SQL: drop table if exists ACT_RU_TASK cascade constraints
10:48:01,318 [main] DEBUG org.activiti.engine.impl.db.DbSqlSession  - SQL: drop table if exists ACT_RU_IDENTITYLINK cascade constraints
10:48:01,318 [main] DEBUG org.activiti.engine.impl.db.DbSqlSession  - SQL: drop table if exists ACT_RU_VARIABLE cascade constraints
10:48:01,318 [main] DEBUG org.activiti.engine.impl.db.DbSqlSession  - SQL: drop table if exists ACT_RU_EVENT_SUBSCR cascade constraints
10:48:01,318 [main] DEBUG org.activiti.engine.impl.db.DbSqlSession  - SQL: drop table if exists ACT_EVT_LOG cascade constraints
10:48:01,318 [main] DEBUG org.activiti.engine.impl.db.DbSqlSession  - SQL: drop table if exists ACT_PROCDEF_INFO cascade constraints
10:48:01,318 [main] DEBUG org.activiti.engine.impl.db.DbSqlSession  - SQL: drop index if exists ACT_IDX_EXEC_BUSKEY
10:48:01,318 [main] DEBUG org.activiti.engine.impl.db.DbSqlSession  - SQL: drop index if exists ACT_IDX_TASK_CREATE
10:48:01,318 [main] DEBUG org.activiti.engine.impl.db.DbSqlSession  - SQL: drop index if exists ACT_IDX_IDENT_LNK_USER
10:48:01,318 [main] DEBUG org.activiti.engine.impl.db.DbSqlSession  - SQL: drop index if exists ACT_IDX_IDENT_LNK_GROUP
10:48:01,318 [main] DEBUG org.activiti.engine.impl.db.DbSqlSession  - SQL: drop index if exists ACT_IDX_VARIABLE_TASK_ID
10:48:01,318 [main] DEBUG org.activiti.engine.impl.db.DbSqlSession  - SQL: drop index if exists ACT_IDX_EVENT_SUBSCR_CONFIG_
10:48:01,318 [main] DEBUG org.activiti.engine.impl.db.DbSqlSession  - SQL: drop index if exists ACT_IDX_ATHRZ_PROCEDEF
10:48:01,318 [main] DEBUG org.activiti.engine.impl.db.DbSqlSession  - SQL: drop index if exists ACT_IDX_INFO_PROCDEF
10:48:01,318 [main] DEBUG org.activiti.engine.impl.db.DbSqlSession  - activiti db schema drop for component engine successful
10:48:01,319 [main] INFO  org.activiti.engine.impl.db.DbSqlSession  - performing drop on history with resource org/activiti/db/drop/activiti.h2.drop.history.sql
10:48:01,319 [main] DEBUG org.activiti.engine.impl.db.DbSqlSession  - SQL: drop table if exists ACT_HI_PROCINST cascade constraints
10:48:01,319 [main] DEBUG org.activiti.engine.impl.db.DbSqlSession  - SQL: drop table if exists ACT_HI_ACTINST cascade constraints
10:48:01,319 [main] DEBUG org.activiti.engine.impl.db.DbSqlSession  - SQL: drop table if exists ACT_HI_VARINST cascade constraints
10:48:01,319 [main] DEBUG org.activiti.engine.impl.db.DbSqlSession  - SQL: drop table if exists ACT_HI_TASKINST cascade constraints
10:48:01,319 [main] DEBUG org.activiti.engine.impl.db.DbSqlSession  - SQL: drop table if exists ACT_HI_DETAIL cascade constraints
10:48:01,319 [main] DEBUG org.activiti.engine.impl.db.DbSqlSession  - SQL: drop table if exists ACT_HI_COMMENT cascade constraints
10:48:01,319 [main] DEBUG org.activiti.engine.impl.db.DbSqlSession  - SQL: drop table if exists ACT_HI_ATTACHMENT cascade constraints
10:48:01,319 [main] DEBUG org.activiti.engine.impl.db.DbSqlSession  - SQL: drop table if exists ACT_HI_IDENTITYLINK cascade constraints
10:48:01,319 [main] DEBUG org.activiti.engine.impl.db.DbSqlSession  - SQL: drop index if exists ACT_IDX_HI_PRO_INST_END
10:48:01,319 [main] DEBUG org.activiti.engine.impl.db.DbSqlSession  - SQL: drop index if exists ACT_IDX_HI_PRO_I_BUSKEY
10:48:01,319 [main] DEBUG org.activiti.engine.impl.db.DbSqlSession  - SQL: drop index if exists ACT_IDX_HI_ACT_INST_START
10:48:01,319 [main] DEBUG org.activiti.engine.impl.db.DbSqlSession  - SQL: drop index if exists ACT_IDX_HI_ACT_INST_END
10:48:01,319 [main] DEBUG org.activiti.engine.impl.db.DbSqlSession  - SQL: drop index if exists ACT_IDX_HI_DETAIL_PROC_INST
10:48:01,319 [main] DEBUG org.activiti.engine.impl.db.DbSqlSession  - SQL: drop index if exists ACT_IDX_HI_DETAIL_ACT_INST
10:48:01,319 [main] DEBUG org.activiti.engine.impl.db.DbSqlSession  - SQL: drop index if exists ACT_IDX_HI_DETAIL_TIME
10:48:01,319 [main] DEBUG org.activiti.engine.impl.db.DbSqlSession  - SQL: drop index if exists ACT_IDX_HI_DETAIL_NAME
10:48:01,319 [main] DEBUG org.activiti.engine.impl.db.DbSqlSession  - SQL: drop index if exists ACT_IDX_HI_DETAIL_TASK_ID
10:48:01,319 [main] DEBUG org.activiti.engine.impl.db.DbSqlSession  - SQL: drop index if exists ACT_IDX_HI_PROCVAR_PROC_INST
10:48:01,319 [main] DEBUG org.activiti.engine.impl.db.DbSqlSession  - SQL: drop index if exists ACT_IDX_HI_PROCVAR_NAME_TYPE
10:48:01,319 [main] DEBUG org.activiti.engine.impl.db.DbSqlSession  - SQL: drop index if exists ACT_IDX_HI_ACT_INST_PROCINST
10:48:01,319 [main] DEBUG org.activiti.engine.impl.db.DbSqlSession  - SQL: drop index if exists ACT_IDX_HI_IDENT_LNK_USER
10:48:01,319 [main] DEBUG org.activiti.engine.impl.db.DbSqlSession  - SQL: drop index if exists ACT_IDX_HI_IDENT_LNK_TASK
10:48:01,319 [main] DEBUG org.activiti.engine.impl.db.DbSqlSession  - SQL: drop index if exists ACT_IDX_HI_IDENT_LNK_PROCINST
10:48:01,319 [main] DEBUG org.activiti.engine.impl.db.DbSqlSession  - SQL: drop index if exists ACT_IDX_HI_TASK_INST_PROCINST
10:48:01,319 [main] DEBUG org.activiti.engine.impl.db.DbSqlSession  - activiti db schema drop for component history successful
10:48:01,319 [main] INFO  org.activiti.engine.impl.db.DbSqlSession  - performing drop on identity with resource org/activiti/db/drop/activiti.h2.drop.identity.sql
10:48:01,319 [main] DEBUG org.activiti.engine.impl.db.DbSqlSession  - SQL: drop table if exists ACT_ID_INFO cascade constraints
10:48:01,319 [main] DEBUG org.activiti.engine.impl.db.DbSqlSession  - SQL: drop table if exists ACT_ID_GROUP cascade constraints
10:48:01,320 [main] DEBUG org.activiti.engine.impl.db.DbSqlSession  - SQL: drop table if exists ACT_ID_MEMBERSHIP cascade constraints
10:48:01,320 [main] DEBUG org.activiti.engine.impl.db.DbSqlSession  - SQL: drop table if exists ACT_ID_USER cascade constraints
10:48:01,320 [main] DEBUG org.activiti.engine.impl.db.DbSqlSession  - activiti db schema drop for component identity successful
10:48:01,320 [main] INFO  org.activiti.engine.impl.db.DbSqlSession  - performing create on engine with resource org/activiti/db/create/activiti.h2.create.engine.sql
10:48:01,320 [main] DEBUG org.activiti.engine.impl.db.DbSqlSession  - SQL: create table ACT_GE_PROPERTY ( 
NAME_ varchar(64), 
VALUE_ varchar(300), 
REV_ integer, 
primary key (NAME_) 
)
10:48:01,320 [main] DEBUG org.activiti.engine.impl.db.DbSqlSession  - SQL: insert into ACT_GE_PROPERTY 
values (&apos;schema.version&apos;, &apos;5.20.0.0&apos;, 1)
10:48:01,320 [main] DEBUG org.activiti.engine.impl.db.DbSqlSession  - SQL: insert into ACT_GE_PROPERTY 
values (&apos;schema.history&apos;, &apos;create(5.20.0.0)&apos;, 1)
10:48:01,320 [main] DEBUG org.activiti.engine.impl.db.DbSqlSession  - SQL: insert into ACT_GE_PROPERTY 
values (&apos;next.dbid&apos;, &apos;1&apos;, 1)
10:48:01,320 [main] DEBUG org.activiti.engine.impl.db.DbSqlSession  - SQL: create table ACT_GE_BYTEARRAY ( 
ID_ varchar(64), 
REV_ integer, 
NAME_ varchar(255), 
DEPLOYMENT_ID_ varchar(64), 
BYTES_ longvarbinary, 
GENERATED_ bit, 
primary key (ID_) 
)
10:48:01,320 [main] DEBUG org.activiti.engine.impl.db.DbSqlSession  - SQL: create table ACT_RE_DEPLOYMENT ( 
ID_ varchar(64), 
NAME_ varchar(255), 
CATEGORY_ varchar(255), 
TENANT_ID_ varchar(255) default &apos;&apos;, 
DEPLOY_TIME_ timestamp, 
primary key (ID_) 
)
10:48:01,320 [main] DEBUG org.activiti.engine.impl.db.DbSqlSession  - SQL: create table ACT_RE_MODEL ( 
ID_ varchar(64) not null, 
REV_ integer, 
NAME_ varchar(255), 
KEY_ varchar(255), 
CATEGORY_ varchar(255), 
CREATE_TIME_ timestamp, 
LAST_UPDATE_TIME_ timestamp, 
VERSION_ integer, 
META_INFO_ varchar(4000), 
DEPLOYMENT_ID_ varchar(64), 
EDITOR_SOURCE_VALUE_ID_ varchar(64), 
EDITOR_SOURCE_EXTRA_VALUE_ID_ varchar(64), 
TENANT_ID_ varchar(255) default &apos;&apos;, 
primary key (ID_) 
)
10:48:01,320 [main] DEBUG org.activiti.engine.impl.db.DbSqlSession  - SQL: create table ACT_RU_EXECUTION ( 
ID_ varchar(64), 
REV_ integer, 
PROC_INST_ID_ varchar(64), 
BUSINESS_KEY_ varchar(255), 
PARENT_ID_ varchar(64), 
PROC_DEF_ID_ varchar(64), 
SUPER_EXEC_ varchar(64), 
ACT_ID_ varchar(255), 
IS_ACTIVE_ bit, 
IS_CONCURRENT_ bit, 
IS_SCOPE_ bit, 
IS_EVENT_SCOPE_ bit, 
SUSPENSION_STATE_ integer, 
CACHED_ENT_STATE_ integer, 
TENANT_ID_ varchar(255) default &apos;&apos;, 
NAME_ varchar(255), 
LOCK_TIME_ timestamp, 
primary key (ID_) 
)
10:48:01,320 [main] DEBUG org.activiti.engine.impl.db.DbSqlSession  - SQL: create table ACT_RU_JOB ( 
ID_ varchar(64) NOT NULL, 
REV_ integer, 
TYPE_ varchar(255) NOT NULL, 
LOCK_EXP_TIME_ timestamp, 
LOCK_OWNER_ varchar(255), 
EXCLUSIVE_ boolean, 
EXECUTION_ID_ varchar(64), 
PROCESS_INSTANCE_ID_ varchar(64), 
PROC_DEF_ID_ varchar(64), 
RETRIES_ integer, 
EXCEPTION_STACK_ID_ varchar(64), 
EXCEPTION_MSG_ varchar(4000), 
DUEDATE_ timestamp, 
REPEAT_ varchar(255), 
HANDLER_TYPE_ varchar(255), 
HANDLER_CFG_ varchar(4000), 
TENANT_ID_ varchar(255) default &apos;&apos;, 
primary key (ID_) 
)
10:48:01,321 [main] DEBUG org.activiti.engine.impl.db.DbSqlSession  - SQL: create table ACT_RE_PROCDEF ( 
ID_ varchar(64) NOT NULL, 
REV_ integer, 
CATEGORY_ varchar(255), 
NAME_ varchar(255), 
KEY_ varchar(255) NOT NULL, 
VERSION_ integer NOT NULL, 
DEPLOYMENT_ID_ varchar(64), 
RESOURCE_NAME_ varchar(4000), 
DGRM_RESOURCE_NAME_ varchar(4000), 
DESCRIPTION_ varchar(4000), 
HAS_START_FORM_KEY_ bit, 
HAS_GRAPHICAL_NOTATION_ bit, 
SUSPENSION_STATE_ integer, 
TENANT_ID_ varchar(255) default &apos;&apos;, 
primary key (ID_) 
)
10:48:01,321 [main] DEBUG org.activiti.engine.impl.db.DbSqlSession  - SQL: create table ACT_RU_TASK ( 
ID_ varchar(64), 
REV_ integer, 
EXECUTION_ID_ varchar(64), 
PROC_INST_ID_ varchar(64), 
PROC_DEF_ID_ varchar(64), 
NAME_ varchar(255), 
PARENT_TASK_ID_ varchar(64), 
DESCRIPTION_ varchar(4000), 
TASK_DEF_KEY_ varchar(255), 
OWNER_ varchar(255), 
ASSIGNEE_ varchar(255), 
DELEGATION_ varchar(64), 
PRIORITY_ integer, 
CREATE_TIME_ timestamp, 
DUE_DATE_ timestamp, 
CATEGORY_ varchar(255), 
SUSPENSION_STATE_ integer, 
TENANT_ID_ varchar(255) default &apos;&apos;, 
FORM_KEY_ varchar(255), 
primary key (ID_) 
)
10:48:01,321 [main] DEBUG org.activiti.engine.impl.db.DbSqlSession  - SQL: create table ACT_RU_IDENTITYLINK ( 
ID_ varchar(64), 
REV_ integer, 
GROUP_ID_ varchar(255), 
TYPE_ varchar(255), 
USER_ID_ varchar(255), 
TASK_ID_ varchar(64), 
PROC_INST_ID_ varchar(64) null, 
PROC_DEF_ID_ varchar(64), 
primary key (ID_) 
)
10:48:01,321 [main] DEBUG org.activiti.engine.impl.db.DbSqlSession  - SQL: create table ACT_RU_VARIABLE ( 
ID_ varchar(64) not null, 
REV_ integer, 
TYPE_ varchar(255) not null, 
NAME_ varchar(255) not null, 
EXECUTION_ID_ varchar(64), 
PROC_INST_ID_ varchar(64), 
TASK_ID_ varchar(64), 
BYTEARRAY_ID_ varchar(64), 
DOUBLE_ double, 
LONG_ bigint, 
TEXT_ varchar(4000), 
TEXT2_ varchar(4000), 
primary key (ID_) 
)
10:48:01,321 [main] DEBUG org.activiti.engine.impl.db.DbSqlSession  - SQL: create table ACT_RU_EVENT_SUBSCR ( 
ID_ varchar(64) not null, 
REV_ integer, 
EVENT_TYPE_ varchar(255) not null, 
EVENT_NAME_ varchar(255), 
EXECUTION_ID_ varchar(64), 
PROC_INST_ID_ varchar(64), 
ACTIVITY_ID_ varchar(64), 
CONFIGURATION_ varchar(255), 
CREATED_ timestamp not null, 
PROC_DEF_ID_ varchar(64), 
TENANT_ID_ varchar(255) default &apos;&apos;, 
primary key (ID_) 
)
10:48:01,321 [main] DEBUG org.activiti.engine.impl.db.DbSqlSession  - SQL: create table ACT_EVT_LOG ( 
LOG_NR_ identity, 
TYPE_ varchar(64), 
PROC_DEF_ID_ varchar(64), 
PROC_INST_ID_ varchar(64), 
EXECUTION_ID_ varchar(64), 
TASK_ID_ varchar(64), 
TIME_STAMP_ timestamp not null, 
USER_ID_ varchar(255), 
DATA_ longvarbinary, 
LOCK_OWNER_ varchar(255), 
LOCK_TIME_ timestamp, 
IS_PROCESSED_ bit default 0 
)
10:48:01,321 [main] DEBUG org.activiti.engine.impl.db.DbSqlSession  - SQL: create table ACT_PROCDEF_INFO ( 
ID_ varchar(64) not null, 
PROC_DEF_ID_ varchar(64) not null, 
REV_ integer, 
INFO_JSON_ID_ varchar(64), 
primary key (ID_) 
)
10:48:01,321 [main] DEBUG org.activiti.engine.impl.db.DbSqlSession  - SQL: create index ACT_IDX_EXEC_BUSKEY on ACT_RU_EXECUTION(BUSINESS_KEY_)
10:48:01,321 [main] DEBUG org.activiti.engine.impl.db.DbSqlSession  - SQL: create index ACT_IDX_TASK_CREATE on ACT_RU_TASK(CREATE_TIME_)
10:48:01,321 [main] DEBUG org.activiti.engine.impl.db.DbSqlSession  - SQL: create index ACT_IDX_IDENT_LNK_USER on ACT_RU_IDENTITYLINK(USER_ID_)
10:48:01,322 [main] DEBUG org.activiti.engine.impl.db.DbSqlSession  - SQL: create index ACT_IDX_IDENT_LNK_GROUP on ACT_RU_IDENTITYLINK(GROUP_ID_)
10:48:01,322 [main] DEBUG org.activiti.engine.impl.db.DbSqlSession  - SQL: create index ACT_IDX_EVENT_SUBSCR_CONFIG_ on ACT_RU_EVENT_SUBSCR(CONFIGURATION_)
10:48:01,322 [main] DEBUG org.activiti.engine.impl.db.DbSqlSession  - SQL: create index ACT_IDX_VARIABLE_TASK_ID on ACT_RU_VARIABLE(TASK_ID_)
10:48:01,322 [main] DEBUG org.activiti.engine.impl.db.DbSqlSession  - SQL: create index ACT_IDX_ATHRZ_PROCEDEF on ACT_RU_IDENTITYLINK(PROC_DEF_ID_)
10:48:01,322 [main] DEBUG org.activiti.engine.impl.db.DbSqlSession  - SQL: create index ACT_IDX_INFO_PROCDEF on ACT_PROCDEF_INFO(PROC_DEF_ID_)
10:48:01,322 [main] DEBUG org.activiti.engine.impl.db.DbSqlSession  - SQL: alter table ACT_GE_BYTEARRAY 
add constraint ACT_FK_BYTEARR_DEPL 
foreign key (DEPLOYMENT_ID_) 
references ACT_RE_DEPLOYMENT
10:48:01,322 [main] DEBUG org.activiti.engine.impl.db.DbSqlSession  - SQL: alter table ACT_RE_PROCDEF 
add constraint ACT_UNIQ_PROCDEF 
unique (KEY_,VERSION_, TENANT_ID_)
10:48:01,322 [main] DEBUG org.activiti.engine.impl.db.DbSqlSession  - SQL: alter table ACT_RU_EXECUTION 
add constraint ACT_FK_EXE_PROCINST 
foreign key (PROC_INST_ID_) 
references ACT_RU_EXECUTION
10:48:01,322 [main] DEBUG org.activiti.engine.impl.db.DbSqlSession  - SQL: alter table ACT_RU_EXECUTION 
add constraint ACT_FK_EXE_PARENT 
foreign key (PARENT_ID_) 
references ACT_RU_EXECUTION
10:48:01,323 [main] DEBUG org.activiti.engine.impl.db.DbSqlSession  - SQL: alter table ACT_RU_EXECUTION 
add constraint ACT_FK_EXE_SUPER 
foreign key (SUPER_EXEC_) 
references ACT_RU_EXECUTION
10:48:01,323 [main] DEBUG org.activiti.engine.impl.db.DbSqlSession  - SQL: alter table ACT_RU_EXECUTION 
add constraint ACT_FK_EXE_PROCDEF 
foreign key (PROC_DEF_ID_) 
references ACT_RE_PROCDEF (ID_)
10:48:01,323 [main] DEBUG org.activiti.engine.impl.db.DbSqlSession  - SQL: alter table ACT_RU_IDENTITYLINK 
add constraint ACT_FK_TSKASS_TASK 
foreign key (TASK_ID_) 
references ACT_RU_TASK
10:48:01,323 [main] DEBUG org.activiti.engine.impl.db.DbSqlSession  - SQL: alter table ACT_RU_IDENTITYLINK 
add constraint ACT_FK_ATHRZ_PROCEDEF 
foreign key (PROC_DEF_ID_) 
references ACT_RE_PROCDEF
10:48:01,323 [main] DEBUG org.activiti.engine.impl.db.DbSqlSession  - SQL: alter table ACT_RU_IDENTITYLINK 
add constraint ACT_FK_IDL_PROCINST 
foreign key (PROC_INST_ID_) 
references ACT_RU_EXECUTION (ID_)
10:48:01,323 [main] DEBUG org.activiti.engine.impl.db.DbSqlSession  - SQL: alter table ACT_RU_TASK 
add constraint ACT_FK_TASK_EXE 
foreign key (EXECUTION_ID_) 
references ACT_RU_EXECUTION
10:48:01,323 [main] DEBUG org.activiti.engine.impl.db.DbSqlSession  - SQL: alter table ACT_RU_TASK 
add constraint ACT_FK_TASK_PROCINST 
foreign key (PROC_INST_ID_) 
references ACT_RU_EXECUTION
10:48:01,323 [main] DEBUG org.activiti.engine.impl.db.DbSqlSession  - SQL: alter table ACT_RU_TASK 
add constraint ACT_FK_TASK_PROCDEF 
foreign key (PROC_DEF_ID_) 
references ACT_RE_PROCDEF
10:48:01,323 [main] DEBUG org.activiti.engine.impl.db.DbSqlSession  - SQL: alter table ACT_RU_VARIABLE 
add constraint ACT_FK_VAR_EXE 
foreign key (EXECUTION_ID_) 
references ACT_RU_EXECUTION
10:48:01,323 [main] DEBUG org.activiti.engine.impl.db.DbSqlSession  - SQL: alter table ACT_RU_VARIABLE 
add constraint ACT_FK_VAR_PROCINST 
foreign key (PROC_INST_ID_) 
references ACT_RU_EXECUTION
10:48:01,324 [main] DEBUG org.activiti.engine.impl.db.DbSqlSession  - SQL: alter table ACT_RU_VARIABLE 
add constraint ACT_FK_VAR_BYTEARRAY 
foreign key (BYTEARRAY_ID_) 
references ACT_GE_BYTEARRAY
10:48:01,324 [main] DEBUG org.activiti.engine.impl.db.DbSqlSession  - SQL: alter table ACT_RU_JOB 
add constraint ACT_FK_JOB_EXCEPTION 
foreign key (EXCEPTION_STACK_ID_) 
references ACT_GE_BYTEARRAY
10:48:01,324 [main] DEBUG org.activiti.engine.impl.db.DbSqlSession  - SQL: alter table ACT_RU_EVENT_SUBSCR 
add constraint ACT_FK_EVENT_EXEC 
foreign key (EXECUTION_ID_) 
references ACT_RU_EXECUTION
10:48:01,324 [main] DEBUG org.activiti.engine.impl.db.DbSqlSession  - SQL: alter table ACT_RE_MODEL 
add constraint ACT_FK_MODEL_SOURCE 
foreign key (EDITOR_SOURCE_VALUE_ID_) 
references ACT_GE_BYTEARRAY (ID_)
10:48:01,324 [main] DEBUG org.activiti.engine.impl.db.DbSqlSession  - SQL: alter table ACT_RE_MODEL 
add constraint ACT_FK_MODEL_SOURCE_EXTRA 
foreign key (EDITOR_SOURCE_EXTRA_VALUE_ID_) 
references ACT_GE_BYTEARRAY (ID_)
10:48:01,324 [main] DEBUG org.activiti.engine.impl.db.DbSqlSession  - SQL: alter table ACT_RE_MODEL 
add constraint ACT_FK_MODEL_DEPLOYMENT 
foreign key (DEPLOYMENT_ID_) 
references ACT_RE_DEPLOYMENT (ID_)
10:48:01,324 [main] DEBUG org.activiti.engine.impl.db.DbSqlSession  - SQL: alter table ACT_PROCDEF_INFO 
add constraint ACT_FK_INFO_JSON_BA 
foreign key (INFO_JSON_ID_) 
references ACT_GE_BYTEARRAY (ID_)
10:48:01,324 [main] DEBUG org.activiti.engine.impl.db.DbSqlSession  - SQL: alter table ACT_PROCDEF_INFO 
add constraint ACT_FK_INFO_PROCDEF 
foreign key (PROC_DEF_ID_) 
references ACT_RE_PROCDEF (ID_)
10:48:01,324 [main] DEBUG org.activiti.engine.impl.db.DbSqlSession  - SQL: alter table ACT_PROCDEF_INFO 
add constraint ACT_UNIQ_INFO_PROCDEF 
unique (PROC_DEF_ID_)
10:48:01,324 [main] DEBUG org.activiti.engine.impl.db.DbSqlSession  - activiti db schema create for component engine successful
10:48:01,324 [main] INFO  org.activiti.engine.impl.db.DbSqlSession  - performing create on history with resource org/activiti/db/create/activiti.h2.create.history.sql
10:48:01,324 [main] DEBUG org.activiti.engine.impl.db.DbSqlSession  - SQL: create table ACT_HI_PROCINST ( 
ID_ varchar(64) not null, 
PROC_INST_ID_ varchar(64) not null, 
BUSINESS_KEY_ varchar(255), 
PROC_DEF_ID_ varchar(64) not null, 
START_TIME_ timestamp not null, 
END_TIME_ timestamp, 
DURATION_ bigint, 
START_USER_ID_ varchar(255), 
START_ACT_ID_ varchar(255), 
END_ACT_ID_ varchar(255), 
SUPER_PROCESS_INSTANCE_ID_ varchar(64), 
DELETE_REASON_ varchar(4000), 
TENANT_ID_ varchar(255) default &apos;&apos;, 
NAME_ varchar(255), 
primary key (ID_), 
unique (PROC_INST_ID_) 
)
10:48:01,325 [main] DEBUG org.activiti.engine.impl.db.DbSqlSession  - SQL: create table ACT_HI_ACTINST ( 
ID_ varchar(64) not null, 
PROC_DEF_ID_ varchar(64) not null, 
PROC_INST_ID_ varchar(64) not null, 
EXECUTION_ID_ varchar(64) not null, 
ACT_ID_ varchar(255) not null, 
TASK_ID_ varchar(64), 
CALL_PROC_INST_ID_ varchar(64), 
ACT_NAME_ varchar(255), 
ACT_TYPE_ varchar(255) not null, 
ASSIGNEE_ varchar(255), 
START_TIME_ timestamp not null, 
END_TIME_ timestamp, 
DURATION_ bigint, 
TENANT_ID_ varchar(255) default &apos;&apos;, 
primary key (ID_) 
)
10:48:01,325 [main] DEBUG org.activiti.engine.impl.db.DbSqlSession  - SQL: create table ACT_HI_TASKINST ( 
ID_ varchar(64) not null, 
PROC_DEF_ID_ varchar(64), 
TASK_DEF_KEY_ varchar(255), 
PROC_INST_ID_ varchar(64), 
EXECUTION_ID_ varchar(64), 
NAME_ varchar(255), 
PARENT_TASK_ID_ varchar(64), 
DESCRIPTION_ varchar(4000), 
OWNER_ varchar(255), 
ASSIGNEE_ varchar(255), 
START_TIME_ timestamp not null, 
CLAIM_TIME_ timestamp, 
END_TIME_ timestamp, 
DURATION_ bigint, 
DELETE_REASON_ varchar(4000), 
PRIORITY_ integer, 
DUE_DATE_ timestamp, 
FORM_KEY_ varchar(255), 
CATEGORY_ varchar(255), 
TENANT_ID_ varchar(255) default &apos;&apos;, 
primary key (ID_) 
)
10:48:01,325 [main] DEBUG org.activiti.engine.impl.db.DbSqlSession  - SQL: create table ACT_HI_VARINST ( 
ID_ varchar(64) not null, 
PROC_INST_ID_ varchar(64), 
EXECUTION_ID_ varchar(64), 
TASK_ID_ varchar(64), 
NAME_ varchar(255) not null, 
VAR_TYPE_ varchar(100), 
REV_ integer, 
BYTEARRAY_ID_ varchar(64), 
DOUBLE_ double, 
LONG_ bigint, 
TEXT_ varchar(4000), 
TEXT2_ varchar(4000), 
CREATE_TIME_ timestamp, 
LAST_UPDATED_TIME_ timestamp, 
primary key (ID_) 
)
10:48:01,325 [main] DEBUG org.activiti.engine.impl.db.DbSqlSession  - SQL: create table ACT_HI_DETAIL ( 
ID_ varchar(64) not null, 
TYPE_ varchar(255) not null, 
TIME_ timestamp not null, 
NAME_ varchar(255), 
PROC_INST_ID_ varchar(64), 
EXECUTION_ID_ varchar(64), 
TASK_ID_ varchar(64), 
ACT_INST_ID_ varchar(64), 
VAR_TYPE_ varchar(255), 
REV_ integer, 
BYTEARRAY_ID_ varchar(64), 
DOUBLE_ double, 
LONG_ bigint, 
TEXT_ varchar(4000), 
TEXT2_ varchar(4000), 
primary key (ID_) 
)
10:48:01,325 [main] DEBUG org.activiti.engine.impl.db.DbSqlSession  - SQL: create table ACT_HI_COMMENT ( 
ID_ varchar(64) not null, 
TYPE_ varchar(255), 
TIME_ timestamp not null, 
USER_ID_ varchar(255), 
TASK_ID_ varchar(64), 
PROC_INST_ID_ varchar(64), 
ACTION_ varchar(255), 
MESSAGE_ varchar(4000), 
FULL_MSG_ longvarbinary, 
primary key (ID_) 
)
10:48:01,325 [main] DEBUG org.activiti.engine.impl.db.DbSqlSession  - SQL: create table ACT_HI_ATTACHMENT ( 
ID_ varchar(64) not null, 
REV_ integer, 
USER_ID_ varchar(255), 
NAME_ varchar(255), 
DESCRIPTION_ varchar(4000), 
TYPE_ varchar(255), 
TASK_ID_ varchar(64), 
PROC_INST_ID_ varchar(64), 
URL_ varchar(4000), 
CONTENT_ID_ varchar(64), 
TIME_ timestamp, 
primary key (ID_) 
)
10:48:01,325 [main] DEBUG org.activiti.engine.impl.db.DbSqlSession  - SQL: create table ACT_HI_IDENTITYLINK ( 
ID_ varchar(64), 
GROUP_ID_ varchar(255), 
TYPE_ varchar(255), 
USER_ID_ varchar(255), 
TASK_ID_ varchar(64), 
PROC_INST_ID_ varchar(64) null, 
primary key (ID_) 
)
10:48:01,325 [main] DEBUG org.activiti.engine.impl.db.DbSqlSession  - SQL: create index ACT_IDX_HI_PRO_INST_END on ACT_HI_PROCINST(END_TIME_)
10:48:01,325 [main] DEBUG org.activiti.engine.impl.db.DbSqlSession  - SQL: create index ACT_IDX_HI_PRO_I_BUSKEY on ACT_HI_PROCINST(BUSINESS_KEY_)
10:48:01,325 [main] DEBUG org.activiti.engine.impl.db.DbSqlSession  - SQL: create index ACT_IDX_HI_ACT_INST_START on ACT_HI_ACTINST(START_TIME_)
10:48:01,325 [main] DEBUG org.activiti.engine.impl.db.DbSqlSession  - SQL: create index ACT_IDX_HI_ACT_INST_END on ACT_HI_ACTINST(END_TIME_)
10:48:01,325 [main] DEBUG org.activiti.engine.impl.db.DbSqlSession  - SQL: create index ACT_IDX_HI_DETAIL_PROC_INST on ACT_HI_DETAIL(PROC_INST_ID_)
10:48:01,325 [main] DEBUG org.activiti.engine.impl.db.DbSqlSession  - SQL: create index ACT_IDX_HI_DETAIL_ACT_INST on ACT_HI_DETAIL(ACT_INST_ID_)
10:48:01,325 [main] DEBUG org.activiti.engine.impl.db.DbSqlSession  - SQL: create index ACT_IDX_HI_DETAIL_TIME on ACT_HI_DETAIL(TIME_)
10:48:01,325 [main] DEBUG org.activiti.engine.impl.db.DbSqlSession  - SQL: create index ACT_IDX_HI_DETAIL_NAME on ACT_HI_DETAIL(NAME_)
10:48:01,325 [main] DEBUG org.activiti.engine.impl.db.DbSqlSession  - SQL: create index ACT_IDX_HI_DETAIL_TASK_ID on ACT_HI_DETAIL(TASK_ID_)
10:48:01,325 [main] DEBUG org.activiti.engine.impl.db.DbSqlSession  - SQL: create index ACT_IDX_HI_PROCVAR_PROC_INST on ACT_HI_VARINST(PROC_INST_ID_)
10:48:01,325 [main] DEBUG org.activiti.engine.impl.db.DbSqlSession  - SQL: create index ACT_IDX_HI_PROCVAR_NAME_TYPE on ACT_HI_VARINST(NAME_, VAR_TYPE_)
10:48:01,325 [main] DEBUG org.activiti.engine.impl.db.DbSqlSession  - SQL: create index ACT_IDX_HI_PROCVAR_TASK_ID on ACT_HI_VARINST(TASK_ID_)
10:48:01,325 [main] DEBUG org.activiti.engine.impl.db.DbSqlSession  - SQL: create index ACT_IDX_HI_ACT_INST_PROCINST on ACT_HI_ACTINST(PROC_INST_ID_, ACT_ID_)
10:48:01,325 [main] DEBUG org.activiti.engine.impl.db.DbSqlSession  - SQL: create index ACT_IDX_HI_IDENT_LNK_USER on ACT_HI_IDENTITYLINK(USER_ID_)
10:48:01,325 [main] DEBUG org.activiti.engine.impl.db.DbSqlSession  - SQL: create index ACT_IDX_HI_IDENT_LNK_TASK on ACT_HI_IDENTITYLINK(TASK_ID_)
10:48:01,325 [main] DEBUG org.activiti.engine.impl.db.DbSqlSession  - SQL: create index ACT_IDX_HI_IDENT_LNK_PROCINST on ACT_HI_IDENTITYLINK(PROC_INST_ID_)
10:48:01,325 [main] DEBUG org.activiti.engine.impl.db.DbSqlSession  - SQL: create index ACT_IDX_HI_ACT_INST_EXEC on ACT_HI_ACTINST(EXECUTION_ID_, ACT_ID_)
10:48:01,325 [main] DEBUG org.activiti.engine.impl.db.DbSqlSession  - SQL: create index ACT_IDX_HI_TASK_INST_PROCINST on ACT_HI_TASKINST(PROC_INST_ID_)
10:48:01,325 [main] DEBUG org.activiti.engine.impl.db.DbSqlSession  - activiti db schema create for component history successful
10:48:01,325 [main] INFO  org.activiti.engine.impl.db.DbSqlSession  - performing create on identity with resource org/activiti/db/create/activiti.h2.create.identity.sql
10:48:01,325 [main] DEBUG org.activiti.engine.impl.db.DbSqlSession  - SQL: create table ACT_ID_GROUP ( 
ID_ varchar(64), 
REV_ integer, 
NAME_ varchar(255), 
TYPE_ varchar(255), 
primary key (ID_) 
)
10:48:01,325 [main] DEBUG org.activiti.engine.impl.db.DbSqlSession  - SQL: create table ACT_ID_MEMBERSHIP ( 
USER_ID_ varchar(64), 
GROUP_ID_ varchar(64), 
primary key (USER_ID_, GROUP_ID_) 
)
10:48:01,325 [main] DEBUG org.activiti.engine.impl.db.DbSqlSession  - SQL: create table ACT_ID_USER ( 
ID_ varchar(64), 
REV_ integer, 
FIRST_ varchar(255), 
LAST_ varchar(255), 
EMAIL_ varchar(255), 
PWD_ varchar(255), 
PICTURE_ID_ varchar(64), 
primary key (ID_) 
)
10:48:01,325 [main] DEBUG org.activiti.engine.impl.db.DbSqlSession  - SQL: create table ACT_ID_INFO ( 
ID_ varchar(64), 
REV_ integer, 
USER_ID_ varchar(64), 
TYPE_ varchar(64), 
KEY_ varchar(255), 
VALUE_ varchar(255), 
PASSWORD_ longvarbinary, 
PARENT_ID_ varchar(255), 
primary key (ID_) 
)
10:48:01,325 [main] DEBUG org.activiti.engine.impl.db.DbSqlSession  - SQL: alter table ACT_ID_MEMBERSHIP 
add constraint ACT_FK_MEMB_GROUP 
foreign key (GROUP_ID_) 
references ACT_ID_GROUP
10:48:01,326 [main] DEBUG org.activiti.engine.impl.db.DbSqlSession  - SQL: alter table ACT_ID_MEMBERSHIP 
add constraint ACT_FK_MEMB_USER 
foreign key (USER_ID_) 
references ACT_ID_USER
10:48:01,326 [main] DEBUG org.activiti.engine.impl.db.DbSqlSession  - activiti db schema create for component identity successful
10:48:01,326 [main] DEBUG org.activiti.engine.impl.db.DbSqlSession  - flush summary: 0 insert, 0 update, 0 delete.
10:48:01,326 [main] DEBUG org.activiti.engine.impl.db.DbSqlSession  - now executing flush...
10:48:01,326 [main] DEBUG org.activiti.engine.impl.cfg.standalone.StandaloneMybatisTransactionContext  - firing event committing...
10:48:01,326 [main] DEBUG org.activiti.engine.impl.cfg.standalone.StandaloneMybatisTransactionContext  - committing the ibatis sql session...
10:48:01,326 [main] DEBUG org.activiti.engine.impl.cfg.standalone.StandaloneMybatisTransactionContext  - firing event committed...
10:48:01,326 [main] DEBUG org.apache.ibatis.transaction.jdbc.JdbcTransaction  - Resetting autocommit to true on JDBC Connection [conn4: url=jdbc:h2:mem:activiti user=SA]
10:48:01,326 [main] DEBUG org.apache.ibatis.transaction.jdbc.JdbcTransaction  - Closing JDBC Connection [conn4: url=jdbc:h2:mem:activiti user=SA]
10:48:01,326 [main] DEBUG org.apache.ibatis.datasource.pooled.PooledDataSource  - Returned connection 297240765 to pool.
10:48:01,326 [main] DEBUG org.activiti.engine.impl.interceptor.LogInterceptor  - ---  finished --------------------------------------------------------
10:48:01,326 [main] DEBUG org.activiti.engine.impl.interceptor.LogInterceptor  - 

</system-out>
  </testcase>
  <testcase classname="org.activiti.examples.task.StandaloneTaskTest" name="testCreateToComplete" time="0.022">
    <error message="
### Error querying database.  Cause: org.h2.jdbc.JdbcSQLException: Syntax error in SQL statement &quot;SELECT DISTINCT RES.* 
       
    FROM ACT_RU_TASK RES
     
     
       INNER 
      JOIN ACT_RU_IDENTITYLINK I ON I.TASK_ID_ = RES.ID_
     
     
     
    
     
     
     
     WHERE  RES.ASSIGNEE_ IS NULL
        AND I.TYPE_ = &apos;candidate&apos;
        AND 
        ( 
          
            I.USER_ID_ = ?          
          
          
          
        ) 
   
    
     ORDER BY  ORDER[*] BY RES.ID_ ASC  
    LIMIT ? OFFSET ? &quot;; expected &quot;=, NOT, EXISTS, INTERSECTS, SELECT, FROM&quot;; SQL statement:
select distinct RES.* 
       
    from ACT_RU_TASK RES
     
     
       inner 
      join ACT_RU_IDENTITYLINK I on I.TASK_ID_ = RES.ID_
     
     
     
    
     
     
     
     WHERE  RES.ASSIGNEE_ is null
        and I.TYPE_ = &apos;candidate&apos;
        and 
        ( 
          
            I.USER_ID_ = ?          
          
          
          
        ) 
   
    
     order by  order by RES.ID_ asc  
    LIMIT ? OFFSET ? [42001-176]
### The error may exist in org/activiti/db/mapping/entity/Task.xml
### The error may involve org.activiti.engine.impl.persistence.entity.TaskEntity.selectTaskByQueryCriteria
### The error occurred while executing a query
### SQL: select distinct RES.*              from ACT_RU_TASK RES                    inner        join ACT_RU_IDENTITYLINK I on I.TASK_ID_ = RES.ID_                                               WHERE  RES.ASSIGNEE_ is null         and I.TYPE_ = &apos;candidate&apos;         and          (                         I.USER_ID_ = ?                                                    )                order by  order by RES.ID_ asc       LIMIT ? OFFSET ?
### Cause: org.h2.jdbc.JdbcSQLException: Syntax error in SQL statement &quot;SELECT DISTINCT RES.* 
       
    FROM ACT_RU_TASK RES
     
     
       INNER 
      JOIN ACT_RU_IDENTITYLINK I ON I.TASK_ID_ = RES.ID_
     
     
     
    
     
     
     
     WHERE  RES.ASSIGNEE_ IS NULL
        AND I.TYPE_ = &apos;candidate&apos;
        AND 
        ( 
          
            I.USER_ID_ = ?          
          
          
          
        ) 
   
    
     ORDER BY  ORDER[*] BY RES.ID_ ASC  
    LIMIT ? OFFSET ? &quot;; expected &quot;=, NOT, EXISTS, INTERSECTS, SELECT, FROM&quot;; SQL statement:
select distinct RES.* 
       
    from ACT_RU_TASK RES
     
     
       inner 
      join ACT_RU_IDENTITYLINK I on I.TASK_ID_ = RES.ID_
     
     
     
    
     
     
     
     WHERE  RES.ASSIGNEE_ is null
        and I.TYPE_ = &apos;candidate&apos;
        and 
        ( 
          
            I.USER_ID_ = ?          
          
          
          
        ) 
   
    
     order by  order by RES.ID_ asc  
    LIMIT ? OFFSET ? [42001-176]" type="org.apache.ibatis.exceptions.PersistenceException">org.apache.ibatis.exceptions.PersistenceException: 
### Error querying database.  Cause: org.h2.jdbc.JdbcSQLException: Syntax error in SQL statement &quot;SELECT DISTINCT RES.* 
       
    FROM ACT_RU_TASK RES
     
     
       INNER 
      JOIN ACT_RU_IDENTITYLINK I ON I.TASK_ID_ = RES.ID_
     
     
     
    
     
     
     
     WHERE  RES.ASSIGNEE_ IS NULL
        AND I.TYPE_ = &apos;candidate&apos;
        AND 
        ( 
          
            I.USER_ID_ = ?          
          
          
          
        ) 
   
    
     ORDER BY  ORDER[*] BY RES.ID_ ASC  
    LIMIT ? OFFSET ? &quot;; expected &quot;=, NOT, EXISTS, INTERSECTS, SELECT, FROM&quot;; SQL statement:
select distinct RES.* 
       
    from ACT_RU_TASK RES
     
     
       inner 
      join ACT_RU_IDENTITYLINK I on I.TASK_ID_ = RES.ID_
     
     
     
    
     
     
     
     WHERE  RES.ASSIGNEE_ is null
        and I.TYPE_ = &apos;candidate&apos;
        and 
        ( 
          
            I.USER_ID_ = ?          
          
          
          
        ) 
   
    
     order by  order by RES.ID_ asc  
    LIMIT ? OFFSET ? [42001-176]
### The error may exist in org/activiti/db/mapping/entity/Task.xml
### The error may involve org.activiti.engine.impl.persistence.entity.TaskEntity.selectTaskByQueryCriteria
### The error occurred while executing a query
### SQL: select distinct RES.*              from ACT_RU_TASK RES                    inner        join ACT_RU_IDENTITYLINK I on I.TASK_ID_ = RES.ID_                                               WHERE  RES.ASSIGNEE_ is null         and I.TYPE_ = &apos;candidate&apos;         and          (                         I.USER_ID_ = ?                                                    )                order by  order by RES.ID_ asc       LIMIT ? OFFSET ?
### Cause: org.h2.jdbc.JdbcSQLException: Syntax error in SQL statement &quot;SELECT DISTINCT RES.* 
       
    FROM ACT_RU_TASK RES
     
     
       INNER 
      JOIN ACT_RU_IDENTITYLINK I ON I.TASK_ID_ = RES.ID_
     
     
     
    
     
     
     
     WHERE  RES.ASSIGNEE_ IS NULL
        AND I.TYPE_ = &apos;candidate&apos;
        AND 
        ( 
          
            I.USER_ID_ = ?          
          
          
          
        ) 
   
    
     ORDER BY  ORDER[*] BY RES.ID_ ASC  
    LIMIT ? OFFSET ? &quot;; expected &quot;=, NOT, EXISTS, INTERSECTS, SELECT, FROM&quot;; SQL statement:
select distinct RES.* 
       
    from ACT_RU_TASK RES
     
     
       inner 
      join ACT_RU_IDENTITYLINK I on I.TASK_ID_ = RES.ID_
     
     
     
    
     
     
     
     WHERE  RES.ASSIGNEE_ is null
        and I.TYPE_ = &apos;candidate&apos;
        and 
        ( 
          
            I.USER_ID_ = ?          
          
          
          
        ) 
   
    
     order by  order by RES.ID_ asc  
    LIMIT ? OFFSET ? [42001-176]
	at org.apache.ibatis.exceptions.ExceptionFactory.wrapException(ExceptionFactory.java:30)
	at org.apache.ibatis.session.defaults.DefaultSqlSession.selectList(DefaultSqlSession.java:122)
	at org.apache.ibatis.session.defaults.DefaultSqlSession.selectList(DefaultSqlSession.java:113)
	at org.activiti.engine.impl.db.DbSqlSession.selectListWithRawParameter(DbSqlSession.java:438)
	at org.activiti.engine.impl.db.DbSqlSession.selectList(DbSqlSession.java:429)
	at org.activiti.engine.impl.persistence.entity.TaskEntityManager.findTasksByQueryCriteria(TaskEntityManager.java:135)
	at org.activiti.engine.impl.TaskQueryImpl.executeList(TaskQueryImpl.java:1256)
	at org.activiti.engine.impl.AbstractQuery.execute(AbstractQuery.java:164)
	at org.activiti.engine.impl.interceptor.CommandInvoker.execute(CommandInvoker.java:24)
	at org.activiti.engine.impl.interceptor.CommandContextInterceptor.execute(CommandContextInterceptor.java:57)
	at org.activiti.engine.impl.interceptor.LogInterceptor.execute(LogInterceptor.java:37)
	at org.activiti.engine.impl.cfg.CommandExecutorImpl.execute(CommandExecutorImpl.java:40)
	at org.activiti.engine.impl.cfg.CommandExecutorImpl.execute(CommandExecutorImpl.java:35)
	at org.activiti.engine.impl.AbstractQuery.list(AbstractQuery.java:138)
	at org.activiti.examples.task.StandaloneTaskTest.testCreateToComplete(StandaloneTaskTest.java:56)
	at sun.reflect.NativeMethodAccessorImpl.invoke0(Native Method)
	at sun.reflect.NativeMethodAccessorImpl.invoke(NativeMethodAccessorImpl.java:62)
	at sun.reflect.DelegatingMethodAccessorImpl.invoke(DelegatingMethodAccessorImpl.java:43)
	at java.lang.reflect.Method.invoke(Method.java:498)
	at junit.framework.TestCase.runTest(TestCase.java:176)
	at org.activiti.engine.impl.test.PvmTestCase.runTest(PvmTestCase.java:65)
	at junit.framework.TestCase.runBare(TestCase.java:141)
	at org.activiti.engine.impl.test.AbstractActivitiTestCase.runBare(AbstractActivitiTestCase.java:100)
	at junit.framework.TestResult$1.protect(TestResult.java:122)
	at junit.framework.TestResult.runProtected(TestResult.java:142)
	at junit.framework.TestResult.run(TestResult.java:125)
	at junit.framework.TestCase.run(TestCase.java:129)
	at junit.framework.TestSuite.runTest(TestSuite.java:255)
	at junit.framework.TestSuite.run(TestSuite.java:250)
	at org.junit.internal.runners.JUnit38ClassRunner.run(JUnit38ClassRunner.java:84)
	at org.apache.maven.surefire.junit4.JUnit4TestSet.execute(JUnit4TestSet.java:35)
	at org.apache.maven.surefire.junit4.JUnit4Provider.executeTestSet(JUnit4Provider.java:146)
	at org.apache.maven.surefire.junit4.JUnit4Provider.invoke(JUnit4Provider.java:97)
	at sun.reflect.NativeMethodAccessorImpl.invoke0(Native Method)
	at sun.reflect.NativeMethodAccessorImpl.invoke(NativeMethodAccessorImpl.java:62)
	at sun.reflect.DelegatingMethodAccessorImpl.invoke(DelegatingMethodAccessorImpl.java:43)
	at java.lang.reflect.Method.invoke(Method.java:498)
	at org.apache.maven.surefire.booter.ProviderFactory$ClassLoaderProxy.invoke(ProviderFactory.java:103)
	at com.sun.proxy.$Proxy0.invoke(Unknown Source)
	at org.apache.maven.surefire.booter.SurefireStarter.invokeProvider(SurefireStarter.java:145)
	at org.apache.maven.surefire.booter.SurefireStarter.runSuitesInProcess(SurefireStarter.java:87)
	at org.apache.maven.surefire.booter.ForkedBooter.main(ForkedBooter.java:69)
Caused by: org.h2.jdbc.JdbcSQLException: Syntax error in SQL statement &quot;SELECT DISTINCT RES.* 
       
    FROM ACT_RU_TASK RES
     
     
       INNER 
      JOIN ACT_RU_IDENTITYLINK I ON I.TASK_ID_ = RES.ID_
     
     
     
    
     
     
     
     WHERE  RES.ASSIGNEE_ IS NULL
        AND I.TYPE_ = &apos;candidate&apos;
        AND 
        ( 
          
            I.USER_ID_ = ?          
          
          
          
        ) 
   
    
     ORDER BY  ORDER[*] BY RES.ID_ ASC  
    LIMIT ? OFFSET ? &quot;; expected &quot;=, NOT, EXISTS, INTERSECTS, SELECT, FROM&quot;; SQL statement:
select distinct RES.* 
       
    from ACT_RU_TASK RES
     
     
       inner 
      join ACT_RU_IDENTITYLINK I on I.TASK_ID_ = RES.ID_
     
     
     
    
     
     
     
     WHERE  RES.ASSIGNEE_ is null
        and I.TYPE_ = &apos;candidate&apos;
        and 
        ( 
          
            I.USER_ID_ = ?          
          
          
          
        ) 
   
    
     order by  order by RES.ID_ asc  
    LIMIT ? OFFSET ? [42001-176]
	at org.h2.message.DbException.getJdbcSQLException(DbException.java:344)
	at org.h2.message.DbException.getSyntaxError(DbException.java:204)
	at org.h2.command.Parser.getSyntaxError(Parser.java:524)
	at org.h2.command.Parser.readTerm(Parser.java:2688)
	at org.h2.command.Parser.readFactor(Parser.java:2244)
	at org.h2.command.Parser.readSum(Parser.java:2231)
	at org.h2.command.Parser.readConcat(Parser.java:2201)
	at org.h2.command.Parser.readCondition(Parser.java:2051)
	at org.h2.command.Parser.readAnd(Parser.java:2023)
	at org.h2.command.Parser.readExpression(Parser.java:2015)
	at org.h2.command.Parser.parseEndOfQuery(Parser.java:1726)
	at org.h2.command.Parser.parseSelectUnionExtension(Parser.java:1706)
	at org.h2.command.Parser.parseSelectUnion(Parser.java:1675)
	at org.h2.command.Parser.parseSelect(Parser.java:1662)
	at org.h2.command.Parser.parsePrepared(Parser.java:434)
	at org.h2.command.Parser.parse(Parser.java:306)
	at org.h2.command.Parser.parse(Parser.java:282)
	at org.h2.command.Parser.prepareCommand(Parser.java:243)
	at org.h2.engine.Session.prepareLocal(Session.java:442)
	at org.h2.engine.Session.prepareCommand(Session.java:384)
	at org.h2.jdbc.JdbcConnection.prepareCommand(JdbcConnection.java:1188)
	at org.h2.jdbc.JdbcPreparedStatement.&lt;init&gt;(JdbcPreparedStatement.java:73)
	at org.h2.jdbc.JdbcConnection.prepareStatement(JdbcConnection.java:276)
	at sun.reflect.GeneratedMethodAccessor6.invoke(Unknown Source)
	at sun.reflect.DelegatingMethodAccessorImpl.invoke(DelegatingMethodAccessorImpl.java:43)
	at java.lang.reflect.Method.invoke(Method.java:498)
	at org.apache.ibatis.datasource.pooled.PooledConnection.invoke(PooledConnection.java:245)
	at com.sun.proxy.$Proxy12.prepareStatement(Unknown Source)
	at sun.reflect.GeneratedMethodAccessor6.invoke(Unknown Source)
	at sun.reflect.DelegatingMethodAccessorImpl.invoke(DelegatingMethodAccessorImpl.java:43)
	at java.lang.reflect.Method.invoke(Method.java:498)
	at org.apache.ibatis.logging.jdbc.ConnectionLogger.invoke(ConnectionLogger.java:55)
	at com.sun.proxy.$Proxy12.prepareStatement(Unknown Source)
	at org.apache.ibatis.executor.statement.PreparedStatementHandler.instantiateStatement(PreparedStatementHandler.java:79)
	at org.apache.ibatis.executor.statement.BaseStatementHandler.prepare(BaseStatementHandler.java:88)
	at org.apache.ibatis.executor.statement.RoutingStatementHandler.prepare(RoutingStatementHandler.java:58)
	at org.apache.ibatis.executor.SimpleExecutor.prepareStatement(SimpleExecutor.java:76)
	at org.apache.ibatis.executor.SimpleExecutor.doQuery(SimpleExecutor.java:61)
	at org.apache.ibatis.executor.BaseExecutor.queryFromDatabase(BaseExecutor.java:303)
	at org.apache.ibatis.executor.BaseExecutor.query(BaseExecutor.java:154)
	at org.apache.ibatis.executor.CachingExecutor.query(CachingExecutor.java:102)
	at org.apache.ibatis.executor.CachingExecutor.query(CachingExecutor.java:82)
	at org.apache.ibatis.session.defaults.DefaultSqlSession.selectList(DefaultSqlSession.java:120)
	... 40 more
</error>
    <system-out>10:48:01,326 [main] DEBUG org.activiti.engine.impl.interceptor.LogInterceptor  - 

10:48:01,326 [main] DEBUG org.activiti.engine.impl.interceptor.LogInterceptor  - --- starting CreateUserCmd --------------------------------------------------------
10:48:01,326 [main] DEBUG org.activiti.engine.impl.cfg.standalone.StandaloneMybatisTransactionContext  - firing event committing...
10:48:01,326 [main] DEBUG org.activiti.engine.impl.cfg.standalone.StandaloneMybatisTransactionContext  - committing the ibatis sql session...
10:48:01,326 [main] DEBUG org.activiti.engine.impl.cfg.standalone.StandaloneMybatisTransactionContext  - firing event committed...
10:48:01,326 [main] DEBUG org.activiti.engine.impl.interceptor.LogInterceptor  - --- CreateUserCmd finished --------------------------------------------------------
10:48:01,326 [main] DEBUG org.activiti.engine.impl.interceptor.LogInterceptor  - 

10:48:01,326 [main] DEBUG org.activiti.engine.impl.interceptor.LogInterceptor  - 

10:48:01,326 [main] DEBUG org.activiti.engine.impl.interceptor.LogInterceptor  - --- starting SaveUserCmd --------------------------------------------------------
10:48:01,327 [main] DEBUG org.activiti.engine.impl.db.DbSqlSession  -   insert org.activiti.engine.impl.persistence.entity.UserEntity@22fef4d4
10:48:01,327 [main] DEBUG org.activiti.engine.impl.db.DbSqlSession  - flush summary: 1 insert, 0 update, 0 delete.
10:48:01,327 [main] DEBUG org.activiti.engine.impl.db.DbSqlSession  - now executing flush...
10:48:01,327 [main] DEBUG org.activiti.engine.impl.db.DbSqlSession  - inserting: org.activiti.engine.impl.persistence.entity.UserEntity@22fef4d4
10:48:01,327 [main] DEBUG org.apache.ibatis.transaction.jdbc.JdbcTransaction  - Opening JDBC Connection
10:48:01,327 [main] DEBUG org.apache.ibatis.datasource.pooled.PooledDataSource  - Checked out connection 486346394 from pool.
10:48:01,327 [main] DEBUG org.apache.ibatis.transaction.jdbc.JdbcTransaction  - Setting autocommit to false on JDBC Connection [conn6: url=jdbc:h2:mem:activiti user=SA]
10:48:01,327 [main] DEBUG org.activiti.engine.impl.persistence.entity.UserEntity.insertUser  - ==&gt;  Preparing: insert into ACT_ID_USER (ID_, REV_, FIRST_, LAST_, EMAIL_, PWD_) values ( ?, 1, ?, ?, ?, ? ) 
10:48:01,327 [main] DEBUG org.activiti.engine.impl.persistence.entity.UserEntity.insertUser  - ==&gt; Parameters: kermit(String), null, null, null, null
10:48:01,327 [main] DEBUG org.activiti.engine.impl.persistence.entity.UserEntity.insertUser  - &lt;==    Updates: 1
10:48:01,327 [main] DEBUG org.activiti.engine.impl.cfg.standalone.StandaloneMybatisTransactionContext  - firing event committing...
10:48:01,327 [main] DEBUG org.activiti.engine.impl.cfg.standalone.StandaloneMybatisTransactionContext  - committing the ibatis sql session...
10:48:01,327 [main] DEBUG org.apache.ibatis.transaction.jdbc.JdbcTransaction  - Committing JDBC Connection [conn6: url=jdbc:h2:mem:activiti user=SA]
10:48:01,327 [main] DEBUG org.activiti.engine.impl.cfg.standalone.StandaloneMybatisTransactionContext  - firing event committed...
10:48:01,327 [main] DEBUG org.apache.ibatis.transaction.jdbc.JdbcTransaction  - Resetting autocommit to true on JDBC Connection [conn6: url=jdbc:h2:mem:activiti user=SA]
10:48:01,327 [main] DEBUG org.apache.ibatis.transaction.jdbc.JdbcTransaction  - Closing JDBC Connection [conn6: url=jdbc:h2:mem:activiti user=SA]
10:48:01,327 [main] DEBUG org.apache.ibatis.datasource.pooled.PooledDataSource  - Returned connection 486346394 to pool.
10:48:01,327 [main] DEBUG org.activiti.engine.impl.interceptor.LogInterceptor  - --- SaveUserCmd finished --------------------------------------------------------
10:48:01,327 [main] DEBUG org.activiti.engine.impl.interceptor.LogInterceptor  - 

10:48:01,327 [main] DEBUG org.activiti.engine.impl.interceptor.LogInterceptor  - 

10:48:01,327 [main] DEBUG org.activiti.engine.impl.interceptor.LogInterceptor  - --- starting CreateUserCmd --------------------------------------------------------
10:48:01,327 [main] DEBUG org.activiti.engine.impl.cfg.standalone.StandaloneMybatisTransactionContext  - firing event committing...
10:48:01,327 [main] DEBUG org.activiti.engine.impl.cfg.standalone.StandaloneMybatisTransactionContext  - committing the ibatis sql session...
10:48:01,327 [main] DEBUG org.activiti.engine.impl.cfg.standalone.StandaloneMybatisTransactionContext  - firing event committed...
10:48:01,327 [main] DEBUG org.activiti.engine.impl.interceptor.LogInterceptor  - --- CreateUserCmd finished --------------------------------------------------------
10:48:01,327 [main] DEBUG org.activiti.engine.impl.interceptor.LogInterceptor  - 

10:48:01,327 [main] DEBUG org.activiti.engine.impl.interceptor.LogInterceptor  - 

10:48:01,327 [main] DEBUG org.activiti.engine.impl.interceptor.LogInterceptor  - --- starting SaveUserCmd --------------------------------------------------------
10:48:01,327 [main] DEBUG org.activiti.engine.impl.db.DbSqlSession  -   insert org.activiti.engine.impl.persistence.entity.UserEntity@1f1db860
10:48:01,327 [main] DEBUG org.activiti.engine.impl.db.DbSqlSession  - flush summary: 1 insert, 0 update, 0 delete.
10:48:01,327 [main] DEBUG org.activiti.engine.impl.db.DbSqlSession  - now executing flush...
10:48:01,327 [main] DEBUG org.activiti.engine.impl.db.DbSqlSession  - inserting: org.activiti.engine.impl.persistence.entity.UserEntity@1f1db860
10:48:01,327 [main] DEBUG org.apache.ibatis.transaction.jdbc.JdbcTransaction  - Opening JDBC Connection
10:48:01,327 [main] DEBUG org.apache.ibatis.datasource.pooled.PooledDataSource  - Checked out connection 363509958 from pool.
10:48:01,327 [main] DEBUG org.apache.ibatis.transaction.jdbc.JdbcTransaction  - Setting autocommit to false on JDBC Connection [conn2: url=jdbc:h2:mem:activiti user=SA]
10:48:01,327 [main] DEBUG org.activiti.engine.impl.persistence.entity.UserEntity.insertUser  - ==&gt;  Preparing: insert into ACT_ID_USER (ID_, REV_, FIRST_, LAST_, EMAIL_, PWD_) values ( ?, 1, ?, ?, ?, ? ) 
10:48:01,327 [main] DEBUG org.activiti.engine.impl.persistence.entity.UserEntity.insertUser  - ==&gt; Parameters: gonzo(String), null, null, null, null
10:48:01,327 [main] DEBUG org.activiti.engine.impl.persistence.entity.UserEntity.insertUser  - &lt;==    Updates: 1
10:48:01,327 [main] DEBUG org.activiti.engine.impl.cfg.standalone.StandaloneMybatisTransactionContext  - firing event committing...
10:48:01,327 [main] DEBUG org.activiti.engine.impl.cfg.standalone.StandaloneMybatisTransactionContext  - committing the ibatis sql session...
10:48:01,327 [main] DEBUG org.apache.ibatis.transaction.jdbc.JdbcTransaction  - Committing JDBC Connection [conn2: url=jdbc:h2:mem:activiti user=SA]
10:48:01,327 [main] DEBUG org.activiti.engine.impl.cfg.standalone.StandaloneMybatisTransactionContext  - firing event committed...
10:48:01,327 [main] DEBUG org.apache.ibatis.transaction.jdbc.JdbcTransaction  - Resetting autocommit to true on JDBC Connection [conn2: url=jdbc:h2:mem:activiti user=SA]
10:48:01,327 [main] DEBUG org.apache.ibatis.transaction.jdbc.JdbcTransaction  - Closing JDBC Connection [conn2: url=jdbc:h2:mem:activiti user=SA]
10:48:01,327 [main] DEBUG org.apache.ibatis.datasource.pooled.PooledDataSource  - Returned connection 363509958 to pool.
10:48:01,327 [main] DEBUG org.activiti.engine.impl.interceptor.LogInterceptor  - --- SaveUserCmd finished --------------------------------------------------------
10:48:01,327 [main] DEBUG org.activiti.engine.impl.interceptor.LogInterceptor  - 

10:48:01,327 [main] DEBUG org.activiti.engine.impl.test.PvmTestCase  - 

10:48:01,327 [main] DEBUG org.activiti.engine.impl.test.PvmTestCase  - #### START StandaloneTaskTest.testCreateToComplete ###########################################################
10:48:01,327 [main] DEBUG org.activiti.engine.impl.interceptor.LogInterceptor  - 

10:48:01,327 [main] DEBUG org.activiti.engine.impl.interceptor.LogInterceptor  - --- starting NewTaskCmd --------------------------------------------------------
10:48:01,328 [main] DEBUG org.activiti.engine.impl.cfg.standalone.StandaloneMybatisTransactionContext  - firing event committing...
10:48:01,328 [main] DEBUG org.activiti.engine.impl.cfg.standalone.StandaloneMybatisTransactionContext  - committing the ibatis sql session...
10:48:01,328 [main] DEBUG org.activiti.engine.impl.cfg.standalone.StandaloneMybatisTransactionContext  - firing event committed...
10:48:01,328 [main] DEBUG org.activiti.engine.impl.interceptor.LogInterceptor  - --- NewTaskCmd finished --------------------------------------------------------
10:48:01,328 [main] DEBUG org.activiti.engine.impl.interceptor.LogInterceptor  - 

10:48:01,328 [main] DEBUG org.activiti.engine.impl.interceptor.LogInterceptor  - 

10:48:01,328 [main] DEBUG org.activiti.engine.impl.interceptor.LogInterceptor  - --- starting SaveTaskCmd --------------------------------------------------------
10:48:01,328 [main] DEBUG org.activiti.engine.impl.history.DefaultHistoryManager  - Current history level: FULL, level required: AUDIT
10:48:01,328 [main] DEBUG org.activiti.engine.impl.db.DbSqlSession  -   insert Task[id=2250, name=testTask]
10:48:01,328 [main] DEBUG org.activiti.engine.impl.db.DbSqlSession  -   insert HistoricTaskInstanceEntity[id=2250, name=testTask]
10:48:01,328 [main] DEBUG org.activiti.engine.impl.db.DbSqlSession  - flush summary: 2 insert, 0 update, 0 delete.
10:48:01,328 [main] DEBUG org.activiti.engine.impl.db.DbSqlSession  - now executing flush...
10:48:01,328 [main] DEBUG org.activiti.engine.impl.db.DbSqlSession  - inserting: HistoricTaskInstanceEntity[id=2250, name=testTask]
10:48:01,328 [main] DEBUG org.apache.ibatis.transaction.jdbc.JdbcTransaction  - Opening JDBC Connection
10:48:01,328 [main] DEBUG org.apache.ibatis.datasource.pooled.PooledDataSource  - Checked out connection 180014677 from pool.
10:48:01,328 [main] DEBUG org.apache.ibatis.transaction.jdbc.JdbcTransaction  - Setting autocommit to false on JDBC Connection [conn3: url=jdbc:h2:mem:activiti user=SA]
10:48:01,328 [main] DEBUG org.activiti.engine.impl.persistence.entity.HistoricTaskInstanceEntity.insertHistoricTaskInstance  - ==&gt;  Preparing: insert into ACT_HI_TASKINST ( ID_, PROC_DEF_ID_, PROC_INST_ID_, EXECUTION_ID_, NAME_, PARENT_TASK_ID_, DESCRIPTION_, OWNER_, ASSIGNEE_, START_TIME_, CLAIM_TIME_, END_TIME_, DURATION_, DELETE_REASON_, TASK_DEF_KEY_, FORM_KEY_, PRIORITY_, DUE_DATE_, CATEGORY_, TENANT_ID_ ) values ( ?, ?, ?, ?, ?, ?, ?, ?, ?, ?, ?, ?, ?, ?, ?, ?, ?, ?, ?, ? ) 
10:48:01,328 [main] DEBUG org.activiti.engine.impl.persistence.entity.HistoricTaskInstanceEntity.insertHistoricTaskInstance  - ==&gt; Parameters: 2250(String), null, null, null, testTask(String), null, null, null, null, 2023-03-20 10:48:01.328(Timestamp), null, null, null, null, null, null, 50(Integer), null, null, (String)
10:48:01,328 [main] DEBUG org.activiti.engine.impl.persistence.entity.HistoricTaskInstanceEntity.insertHistoricTaskInstance  - &lt;==    Updates: 1
10:48:01,328 [main] DEBUG org.activiti.engine.impl.db.DbSqlSession  - inserting: Task[id=2250, name=testTask]
10:48:01,328 [main] DEBUG org.activiti.engine.impl.persistence.entity.TaskEntity.insertTask  - ==&gt;  Preparing: insert into ACT_RU_TASK (ID_, REV_, NAME_, PARENT_TASK_ID_, DESCRIPTION_, PRIORITY_, CREATE_TIME_, OWNER_, ASSIGNEE_, DELEGATION_, EXECUTION_ID_, PROC_INST_ID_, PROC_DEF_ID_, TASK_DEF_KEY_, DUE_DATE_, CATEGORY_, SUSPENSION_STATE_, TENANT_ID_, FORM_KEY_) values (?, 1, ?, ?, ?, ?, ?, ?, ?, ?, ?, ?, ?, ?, ?, ?, ?, ?, ? ) 
10:48:01,328 [main] DEBUG org.activiti.engine.impl.persistence.entity.TaskEntity.insertTask  - ==&gt; Parameters: 2250(String), testTask(String), null, null, 50(Integer), 2023-03-20 10:48:01.327(Timestamp), null, null, null, null, null, null, null, null, null, 1(Integer), (String), null
10:48:01,328 [main] DEBUG org.activiti.engine.impl.persistence.entity.TaskEntity.insertTask  - &lt;==    Updates: 1
10:48:01,328 [main] DEBUG org.activiti.engine.impl.cfg.standalone.StandaloneMybatisTransactionContext  - firing event committing...
10:48:01,328 [main] DEBUG org.activiti.engine.impl.cfg.standalone.StandaloneMybatisTransactionContext  - committing the ibatis sql session...
10:48:01,328 [main] DEBUG org.apache.ibatis.transaction.jdbc.JdbcTransaction  - Committing JDBC Connection [conn3: url=jdbc:h2:mem:activiti user=SA]
10:48:01,328 [main] DEBUG org.activiti.engine.impl.cfg.standalone.StandaloneMybatisTransactionContext  - firing event committed...
10:48:01,328 [main] DEBUG org.apache.ibatis.transaction.jdbc.JdbcTransaction  - Resetting autocommit to true on JDBC Connection [conn3: url=jdbc:h2:mem:activiti user=SA]
10:48:01,328 [main] DEBUG org.apache.ibatis.transaction.jdbc.JdbcTransaction  - Closing JDBC Connection [conn3: url=jdbc:h2:mem:activiti user=SA]
10:48:01,328 [main] DEBUG org.apache.ibatis.datasource.pooled.PooledDataSource  - Returned connection 180014677 to pool.
10:48:01,328 [main] DEBUG org.activiti.engine.impl.interceptor.LogInterceptor  - --- SaveTaskCmd finished --------------------------------------------------------
10:48:01,328 [main] DEBUG org.activiti.engine.impl.interceptor.LogInterceptor  - 

10:48:01,328 [main] DEBUG org.activiti.engine.impl.interceptor.LogInterceptor  - 

10:48:01,328 [main] DEBUG org.activiti.engine.impl.interceptor.LogInterceptor  - --- starting AddIdentityLinkCmd --------------------------------------------------------
10:48:01,328 [main] DEBUG org.apache.ibatis.transaction.jdbc.JdbcTransaction  - Opening JDBC Connection
10:48:01,328 [main] DEBUG org.apache.ibatis.datasource.pooled.PooledDataSource  - Checked out connection 297240765 from pool.
10:48:01,329 [main] DEBUG org.apache.ibatis.transaction.jdbc.JdbcTransaction  - Setting autocommit to false on JDBC Connection [conn4: url=jdbc:h2:mem:activiti user=SA]
10:48:01,329 [main] DEBUG org.activiti.engine.impl.persistence.entity.TaskEntity.selectTask  - ==&gt;  Preparing: select * from ACT_RU_TASK where ID_ = ? 
10:48:01,329 [main] DEBUG org.activiti.engine.impl.persistence.entity.TaskEntity.selectTask  - ==&gt; Parameters: 2250(String)
10:48:01,329 [main] DEBUG org.activiti.engine.impl.persistence.entity.TaskEntity.selectTask  - &lt;==      Total: 1
10:48:01,329 [main] DEBUG org.activiti.engine.impl.persistence.entity.IdentityLinkEntity.selectIdentityLinksByTask  - ==&gt;  Preparing: select * from ACT_RU_IDENTITYLINK where TASK_ID_ = ? 
10:48:01,329 [main] DEBUG org.activiti.engine.impl.persistence.entity.IdentityLinkEntity.selectIdentityLinksByTask  - ==&gt; Parameters: 2250(String)
10:48:01,329 [main] DEBUG org.activiti.engine.impl.persistence.entity.IdentityLinkEntity.selectIdentityLinksByTask  - &lt;==      Total: 0
10:48:01,329 [main] DEBUG org.activiti.engine.impl.history.DefaultHistoryManager  - Current history level: FULL, level required: AUDIT
10:48:01,329 [main] DEBUG org.activiti.engine.impl.history.DefaultHistoryManager  - Current history level: FULL
10:48:01,329 [main] DEBUG org.activiti.engine.impl.history.DefaultHistoryManager  - Current history level: FULL
10:48:01,329 [main] DEBUG org.activiti.engine.impl.db.DbSqlSession  -   insert org.activiti.engine.impl.persistence.entity.HistoricIdentityLinkEntity@64ff46e1
10:48:01,329 [main] DEBUG org.activiti.engine.impl.db.DbSqlSession  -   insert IdentityLinkEntity[id=2251, type=candidate, userId=kermit, taskId=2250]
10:48:01,329 [main] DEBUG org.activiti.engine.impl.db.DbSqlSession  -   insert org.activiti.engine.impl.persistence.entity.CommentEntity@f770e23
10:48:01,329 [main] DEBUG org.activiti.engine.impl.db.DbSqlSession  - flush summary: 3 insert, 0 update, 0 delete.
10:48:01,329 [main] DEBUG org.activiti.engine.impl.db.DbSqlSession  - now executing flush...
10:48:01,329 [main] DEBUG org.activiti.engine.impl.db.DbSqlSession  - inserting: org.activiti.engine.impl.persistence.entity.HistoricIdentityLinkEntity@64ff46e1
10:48:01,329 [main] DEBUG org.activiti.engine.impl.persistence.entity.HistoricIdentityLinkEntity.insertHistoricIdentityLink  - ==&gt;  Preparing: insert into ACT_HI_IDENTITYLINK (ID_, TYPE_, USER_ID_, GROUP_ID_, TASK_ID_, PROC_INST_ID_) values (?, ?, ?, ?, ?, ?) 
10:48:01,329 [main] DEBUG org.activiti.engine.impl.persistence.entity.HistoricIdentityLinkEntity.insertHistoricIdentityLink  - ==&gt; Parameters: 2251(String), candidate(String), kermit(String), null, 2250(String), null
10:48:01,329 [main] DEBUG org.activiti.engine.impl.persistence.entity.HistoricIdentityLinkEntity.insertHistoricIdentityLink  - &lt;==    Updates: 1
10:48:01,329 [main] DEBUG org.activiti.engine.impl.db.DbSqlSession  - inserting: IdentityLinkEntity[id=2251, type=candidate, userId=kermit, taskId=2250]
10:48:01,329 [main] DEBUG org.activiti.engine.impl.persistence.entity.IdentityLinkEntity.insertIdentityLink  - ==&gt;  Preparing: insert into ACT_RU_IDENTITYLINK (ID_, REV_, TYPE_, USER_ID_, GROUP_ID_, TASK_ID_, PROC_INST_ID_, PROC_DEF_ID_) values (?, 1, ?, ?, ?, ?, ?, ?) 
10:48:01,329 [main] DEBUG org.activiti.engine.impl.persistence.entity.IdentityLinkEntity.insertIdentityLink  - ==&gt; Parameters: 2251(String), candidate(String), kermit(String), null, 2250(String), null, null
10:48:01,329 [main] DEBUG org.activiti.engine.impl.persistence.entity.IdentityLinkEntity.insertIdentityLink  - &lt;==    Updates: 1
10:48:01,329 [main] DEBUG org.activiti.engine.impl.db.DbSqlSession  - inserting: org.activiti.engine.impl.persistence.entity.CommentEntity@f770e23
10:48:01,329 [main] DEBUG org.activiti.engine.impl.persistence.entity.CommentEntity.insertComment  - ==&gt;  Preparing: insert into ACT_HI_COMMENT (ID_, TYPE_, TIME_, USER_ID_, TASK_ID_, PROC_INST_ID_, ACTION_, MESSAGE_, FULL_MSG_) values (?, ?, ?, ?, ?, ?, ?, ?, ?) 
10:48:01,329 [main] DEBUG org.activiti.engine.impl.persistence.entity.CommentEntity.insertComment  - ==&gt; Parameters: 2252(String), event(String), 2023-03-20 10:48:01.329(Timestamp), null, 2250(String), null, AddUserLink(String), kermit_|_candidate(String), null
10:48:01,329 [main] DEBUG org.activiti.engine.impl.persistence.entity.CommentEntity.insertComment  - &lt;==    Updates: 1
10:48:01,329 [main] DEBUG org.activiti.engine.impl.cfg.standalone.StandaloneMybatisTransactionContext  - firing event committing...
10:48:01,329 [main] DEBUG org.activiti.engine.impl.cfg.standalone.StandaloneMybatisTransactionContext  - committing the ibatis sql session...
10:48:01,329 [main] DEBUG org.apache.ibatis.transaction.jdbc.JdbcTransaction  - Committing JDBC Connection [conn4: url=jdbc:h2:mem:activiti user=SA]
10:48:01,329 [main] DEBUG org.activiti.engine.impl.cfg.standalone.StandaloneMybatisTransactionContext  - firing event committed...
10:48:01,329 [main] DEBUG org.apache.ibatis.transaction.jdbc.JdbcTransaction  - Resetting autocommit to true on JDBC Connection [conn4: url=jdbc:h2:mem:activiti user=SA]
10:48:01,329 [main] DEBUG org.apache.ibatis.transaction.jdbc.JdbcTransaction  - Closing JDBC Connection [conn4: url=jdbc:h2:mem:activiti user=SA]
10:48:01,329 [main] DEBUG org.apache.ibatis.datasource.pooled.PooledDataSource  - Returned connection 297240765 to pool.
10:48:01,329 [main] DEBUG org.activiti.engine.impl.interceptor.LogInterceptor  - --- AddIdentityLinkCmd finished --------------------------------------------------------
10:48:01,329 [main] DEBUG org.activiti.engine.impl.interceptor.LogInterceptor  - 

10:48:01,329 [main] DEBUG org.activiti.engine.impl.interceptor.LogInterceptor  - 

10:48:01,329 [main] DEBUG org.activiti.engine.impl.interceptor.LogInterceptor  - --- starting AddIdentityLinkCmd --------------------------------------------------------
10:48:01,329 [main] DEBUG org.apache.ibatis.transaction.jdbc.JdbcTransaction  - Opening JDBC Connection
10:48:01,329 [main] DEBUG org.apache.ibatis.datasource.pooled.PooledDataSource  - Checked out connection 486346394 from pool.
10:48:01,329 [main] DEBUG org.apache.ibatis.transaction.jdbc.JdbcTransaction  - Setting autocommit to false on JDBC Connection [conn6: url=jdbc:h2:mem:activiti user=SA]
10:48:01,330 [main] DEBUG org.activiti.engine.impl.persistence.entity.TaskEntity.selectTask  - ==&gt;  Preparing: select * from ACT_RU_TASK where ID_ = ? 
10:48:01,330 [main] DEBUG org.activiti.engine.impl.persistence.entity.TaskEntity.selectTask  - ==&gt; Parameters: 2250(String)
10:48:01,330 [main] DEBUG org.activiti.engine.impl.persistence.entity.TaskEntity.selectTask  - &lt;==      Total: 1
10:48:01,330 [main] DEBUG org.activiti.engine.impl.persistence.entity.IdentityLinkEntity.selectIdentityLinksByTask  - ==&gt;  Preparing: select * from ACT_RU_IDENTITYLINK where TASK_ID_ = ? 
10:48:01,330 [main] DEBUG org.activiti.engine.impl.persistence.entity.IdentityLinkEntity.selectIdentityLinksByTask  - ==&gt; Parameters: 2250(String)
10:48:01,330 [main] DEBUG org.activiti.engine.impl.persistence.entity.IdentityLinkEntity.selectIdentityLinksByTask  - &lt;==      Total: 1
10:48:01,330 [main] DEBUG org.activiti.engine.impl.history.DefaultHistoryManager  - Current history level: FULL, level required: AUDIT
10:48:01,330 [main] DEBUG org.activiti.engine.impl.history.DefaultHistoryManager  - Current history level: FULL
10:48:01,330 [main] DEBUG org.activiti.engine.impl.history.DefaultHistoryManager  - Current history level: FULL
10:48:01,330 [main] DEBUG org.activiti.engine.impl.db.DbSqlSession  -   insert org.activiti.engine.impl.persistence.entity.HistoricIdentityLinkEntity@5a7a034d
10:48:01,330 [main] DEBUG org.activiti.engine.impl.db.DbSqlSession  -   insert IdentityLinkEntity[id=2253, type=candidate, userId=gonzo, taskId=2250]
10:48:01,330 [main] DEBUG org.activiti.engine.impl.db.DbSqlSession  -   insert org.activiti.engine.impl.persistence.entity.CommentEntity@28566eda
10:48:01,330 [main] DEBUG org.activiti.engine.impl.db.DbSqlSession  - flush summary: 3 insert, 0 update, 0 delete.
10:48:01,330 [main] DEBUG org.activiti.engine.impl.db.DbSqlSession  - now executing flush...
10:48:01,330 [main] DEBUG org.activiti.engine.impl.db.DbSqlSession  - inserting: org.activiti.engine.impl.persistence.entity.HistoricIdentityLinkEntity@5a7a034d
10:48:01,330 [main] DEBUG org.activiti.engine.impl.persistence.entity.HistoricIdentityLinkEntity.insertHistoricIdentityLink  - ==&gt;  Preparing: insert into ACT_HI_IDENTITYLINK (ID_, TYPE_, USER_ID_, GROUP_ID_, TASK_ID_, PROC_INST_ID_) values (?, ?, ?, ?, ?, ?) 
10:48:01,330 [main] DEBUG org.activiti.engine.impl.persistence.entity.HistoricIdentityLinkEntity.insertHistoricIdentityLink  - ==&gt; Parameters: 2253(String), candidate(String), gonzo(String), null, 2250(String), null
10:48:01,330 [main] DEBUG org.activiti.engine.impl.persistence.entity.HistoricIdentityLinkEntity.insertHistoricIdentityLink  - &lt;==    Updates: 1
10:48:01,330 [main] DEBUG org.activiti.engine.impl.db.DbSqlSession  - inserting: IdentityLinkEntity[id=2253, type=candidate, userId=gonzo, taskId=2250]
10:48:01,330 [main] DEBUG org.activiti.engine.impl.persistence.entity.IdentityLinkEntity.insertIdentityLink  - ==&gt;  Preparing: insert into ACT_RU_IDENTITYLINK (ID_, REV_, TYPE_, USER_ID_, GROUP_ID_, TASK_ID_, PROC_INST_ID_, PROC_DEF_ID_) values (?, 1, ?, ?, ?, ?, ?, ?) 
10:48:01,330 [main] DEBUG org.activiti.engine.impl.persistence.entity.IdentityLinkEntity.insertIdentityLink  - ==&gt; Parameters: 2253(String), candidate(String), gonzo(String), null, 2250(String), null, null
10:48:01,330 [main] DEBUG org.activiti.engine.impl.persistence.entity.IdentityLinkEntity.insertIdentityLink  - &lt;==    Updates: 1
10:48:01,330 [main] DEBUG org.activiti.engine.impl.db.DbSqlSession  - inserting: org.activiti.engine.impl.persistence.entity.CommentEntity@28566eda
10:48:01,330 [main] DEBUG org.activiti.engine.impl.persistence.entity.CommentEntity.insertComment  - ==&gt;  Preparing: insert into ACT_HI_COMMENT (ID_, TYPE_, TIME_, USER_ID_, TASK_ID_, PROC_INST_ID_, ACTION_, MESSAGE_, FULL_MSG_) values (?, ?, ?, ?, ?, ?, ?, ?, ?) 
10:48:01,330 [main] DEBUG org.activiti.engine.impl.persistence.entity.CommentEntity.insertComment  - ==&gt; Parameters: 2254(String), event(String), 2023-03-20 10:48:01.33(Timestamp), null, 2250(String), null, AddUserLink(String), gonzo_|_candidate(String), null
10:48:01,330 [main] DEBUG org.activiti.engine.impl.persistence.entity.CommentEntity.insertComment  - &lt;==    Updates: 1
10:48:01,330 [main] DEBUG org.activiti.engine.impl.cfg.standalone.StandaloneMybatisTransactionContext  - firing event committing...
10:48:01,330 [main] DEBUG org.activiti.engine.impl.cfg.standalone.StandaloneMybatisTransactionContext  - committing the ibatis sql session...
10:48:01,330 [main] DEBUG org.apache.ibatis.transaction.jdbc.JdbcTransaction  - Committing JDBC Connection [conn6: url=jdbc:h2:mem:activiti user=SA]
10:48:01,330 [main] DEBUG org.activiti.engine.impl.cfg.standalone.StandaloneMybatisTransactionContext  - firing event committed...
10:48:01,330 [main] DEBUG org.apache.ibatis.transaction.jdbc.JdbcTransaction  - Resetting autocommit to true on JDBC Connection [conn6: url=jdbc:h2:mem:activiti user=SA]
10:48:01,330 [main] DEBUG org.apache.ibatis.transaction.jdbc.JdbcTransaction  - Closing JDBC Connection [conn6: url=jdbc:h2:mem:activiti user=SA]
10:48:01,330 [main] DEBUG org.apache.ibatis.datasource.pooled.PooledDataSource  - Returned connection 486346394 to pool.
10:48:01,330 [main] DEBUG org.activiti.engine.impl.interceptor.LogInterceptor  - --- AddIdentityLinkCmd finished --------------------------------------------------------
10:48:01,330 [main] DEBUG org.activiti.engine.impl.interceptor.LogInterceptor  - 

10:48:01,330 [main] DEBUG org.activiti.engine.impl.interceptor.LogInterceptor  - 

10:48:01,331 [main] DEBUG org.activiti.engine.impl.interceptor.LogInterceptor  - --- starting TaskQueryImpl --------------------------------------------------------
10:48:01,331 [main] DEBUG org.apache.ibatis.transaction.jdbc.JdbcTransaction  - Opening JDBC Connection
10:48:01,331 [main] DEBUG org.apache.ibatis.datasource.pooled.PooledDataSource  - Checked out connection 363509958 from pool.
10:48:01,331 [main] DEBUG org.apache.ibatis.transaction.jdbc.JdbcTransaction  - Setting autocommit to false on JDBC Connection [conn2: url=jdbc:h2:mem:activiti user=SA]
10:48:01,331 [main] DEBUG org.activiti.engine.impl.persistence.entity.GroupEntity.selectGroupsByUserId  - ==&gt;  Preparing: select g.* from ACT_ID_GROUP g, ACT_ID_MEMBERSHIP membership where g.ID_ = membership.GROUP_ID_ and membership.USER_ID_ = ? 
10:48:01,331 [main] DEBUG org.activiti.engine.impl.persistence.entity.GroupEntity.selectGroupsByUserId  - ==&gt; Parameters: kermit(String)
10:48:01,331 [main] DEBUG org.activiti.engine.impl.persistence.entity.GroupEntity.selectGroupsByUserId  - &lt;==      Total: 0
10:48:01,331 [main] DEBUG org.activiti.engine.impl.persistence.entity.TaskEntity.selectTaskByQueryCriteria  - ==&gt;  Preparing: select distinct RES.* from ACT_RU_TASK RES inner join ACT_RU_IDENTITYLINK I on I.TASK_ID_ = RES.ID_ WHERE RES.ASSIGNEE_ is null and I.TYPE_ = &apos;candidate&apos; and ( I.USER_ID_ = ? ) order by order by RES.ID_ asc LIMIT ? OFFSET ? 
10:48:01,331 [main] DEBUG org.activiti.engine.impl.interceptor.CommandContext  - Error while closing command context
org.apache.ibatis.exceptions.PersistenceException: 
### Error querying database.  Cause: org.h2.jdbc.JdbcSQLException: Syntax error in SQL statement &quot;SELECT DISTINCT RES.* 
       
    FROM ACT_RU_TASK RES
     
     
       INNER 
      JOIN ACT_RU_IDENTITYLINK I ON I.TASK_ID_ = RES.ID_
     
     
     
    
     
     
     
     WHERE  RES.ASSIGNEE_ IS NULL
        AND I.TYPE_ = &apos;candidate&apos;
        AND 
        ( 
          
            I.USER_ID_ = ?          
          
          
          
        ) 
   
    
     ORDER BY  ORDER[*] BY RES.ID_ ASC  
    LIMIT ? OFFSET ? &quot;; expected &quot;=, NOT, EXISTS, INTERSECTS, SELECT, FROM&quot;; SQL statement:
select distinct RES.* 
       
    from ACT_RU_TASK RES
     
     
       inner 
      join ACT_RU_IDENTITYLINK I on I.TASK_ID_ = RES.ID_
     
     
     
    
     
     
     
     WHERE  RES.ASSIGNEE_ is null
        and I.TYPE_ = &apos;candidate&apos;
        and 
        ( 
          
            I.USER_ID_ = ?          
          
          
          
        ) 
   
    
     order by  order by RES.ID_ asc  
    LIMIT ? OFFSET ? [42001-176]
### The error may exist in org/activiti/db/mapping/entity/Task.xml
### The error may involve org.activiti.engine.impl.persistence.entity.TaskEntity.selectTaskByQueryCriteria
### The error occurred while executing a query
### SQL: select distinct RES.*              from ACT_RU_TASK RES                    inner        join ACT_RU_IDENTITYLINK I on I.TASK_ID_ = RES.ID_                                               WHERE  RES.ASSIGNEE_ is null         and I.TYPE_ = &apos;candidate&apos;         and          (                         I.USER_ID_ = ?                                                    )                order by  order by RES.ID_ asc       LIMIT ? OFFSET ?
### Cause: org.h2.jdbc.JdbcSQLException: Syntax error in SQL statement &quot;SELECT DISTINCT RES.* 
       
    FROM ACT_RU_TASK RES
     
     
       INNER 
      JOIN ACT_RU_IDENTITYLINK I ON I.TASK_ID_ = RES.ID_
     
     
     
    
     
     
     
     WHERE  RES.ASSIGNEE_ IS NULL
        AND I.TYPE_ = &apos;candidate&apos;
        AND 
        ( 
          
            I.USER_ID_ = ?          
          
          
          
        ) 
   
    
     ORDER BY  ORDER[*] BY RES.ID_ ASC  
    LIMIT ? OFFSET ? &quot;; expected &quot;=, NOT, EXISTS, INTERSECTS, SELECT, FROM&quot;; SQL statement:
select distinct RES.* 
       
    from ACT_RU_TASK RES
     
     
       inner 
      join ACT_RU_IDENTITYLINK I on I.TASK_ID_ = RES.ID_
     
     
     
    
     
     
     
     WHERE  RES.ASSIGNEE_ is null
        and I.TYPE_ = &apos;candidate&apos;
        and 
        ( 
          
            I.USER_ID_ = ?          
          
          
          
        ) 
   
    
     order by  order by RES.ID_ asc  
    LIMIT ? OFFSET ? [42001-176]
	at org.apache.ibatis.exceptions.ExceptionFactory.wrapException(ExceptionFactory.java:30)
	at org.apache.ibatis.session.defaults.DefaultSqlSession.selectList(DefaultSqlSession.java:122)
	at org.apache.ibatis.session.defaults.DefaultSqlSession.selectList(DefaultSqlSession.java:113)
	at org.activiti.engine.impl.db.DbSqlSession.selectListWithRawParameter(DbSqlSession.java:438)
	at org.activiti.engine.impl.db.DbSqlSession.selectList(DbSqlSession.java:429)
	at org.activiti.engine.impl.persistence.entity.TaskEntityManager.findTasksByQueryCriteria(TaskEntityManager.java:135)
	at org.activiti.engine.impl.TaskQueryImpl.executeList(TaskQueryImpl.java:1256)
	at org.activiti.engine.impl.AbstractQuery.execute(AbstractQuery.java:164)
	at org.activiti.engine.impl.interceptor.CommandInvoker.execute(CommandInvoker.java:24)
	at org.activiti.engine.impl.interceptor.CommandContextInterceptor.execute(CommandContextInterceptor.java:57)
	at org.activiti.engine.impl.interceptor.LogInterceptor.execute(LogInterceptor.java:37)
	at org.activiti.engine.impl.cfg.CommandExecutorImpl.execute(CommandExecutorImpl.java:40)
	at org.activiti.engine.impl.cfg.CommandExecutorImpl.execute(CommandExecutorImpl.java:35)
	at org.activiti.engine.impl.AbstractQuery.list(AbstractQuery.java:138)
	at org.activiti.examples.task.StandaloneTaskTest.testCreateToComplete(StandaloneTaskTest.java:56)
	at sun.reflect.NativeMethodAccessorImpl.invoke0(Native Method)
	at sun.reflect.NativeMethodAccessorImpl.invoke(NativeMethodAccessorImpl.java:62)
	at sun.reflect.DelegatingMethodAccessorImpl.invoke(DelegatingMethodAccessorImpl.java:43)
	at java.lang.reflect.Method.invoke(Method.java:498)
	at junit.framework.TestCase.runTest(TestCase.java:176)
	at org.activiti.engine.impl.test.PvmTestCase.runTest(PvmTestCase.java:65)
	at junit.framework.TestCase.runBare(TestCase.java:141)
	at org.activiti.engine.impl.test.AbstractActivitiTestCase.runBare(AbstractActivitiTestCase.java:100)
	at junit.framework.TestResult$1.protect(TestResult.java:122)
	at junit.framework.TestResult.runProtected(TestResult.java:142)
	at junit.framework.TestResult.run(TestResult.java:125)
	at junit.framework.TestCase.run(TestCase.java:129)
	at junit.framework.TestSuite.runTest(TestSuite.java:255)
	at junit.framework.TestSuite.run(TestSuite.java:250)
	at org.junit.internal.runners.JUnit38ClassRunner.run(JUnit38ClassRunner.java:84)
	at org.apache.maven.surefire.junit4.JUnit4TestSet.execute(JUnit4TestSet.java:35)
	at org.apache.maven.surefire.junit4.JUnit4Provider.executeTestSet(JUnit4Provider.java:146)
	at org.apache.maven.surefire.junit4.JUnit4Provider.invoke(JUnit4Provider.java:97)
	at sun.reflect.NativeMethodAccessorImpl.invoke0(Native Method)
	at sun.reflect.NativeMethodAccessorImpl.invoke(NativeMethodAccessorImpl.java:62)
	at sun.reflect.DelegatingMethodAccessorImpl.invoke(DelegatingMethodAccessorImpl.java:43)
	at java.lang.reflect.Method.invoke(Method.java:498)
	at org.apache.maven.surefire.booter.ProviderFactory$ClassLoaderProxy.invoke(ProviderFactory.java:103)
	at com.sun.proxy.$Proxy0.invoke(Unknown Source)
	at org.apache.maven.surefire.booter.SurefireStarter.invokeProvider(SurefireStarter.java:145)
	at org.apache.maven.surefire.booter.SurefireStarter.runSuitesInProcess(SurefireStarter.java:87)
	at org.apache.maven.surefire.booter.ForkedBooter.main(ForkedBooter.java:69)
Caused by: org.h2.jdbc.JdbcSQLException: Syntax error in SQL statement &quot;SELECT DISTINCT RES.* 
       
    FROM ACT_RU_TASK RES
     
     
       INNER 
      JOIN ACT_RU_IDENTITYLINK I ON I.TASK_ID_ = RES.ID_
     
     
     
    
     
     
     
     WHERE  RES.ASSIGNEE_ IS NULL
        AND I.TYPE_ = &apos;candidate&apos;
        AND 
        ( 
          
            I.USER_ID_ = ?          
          
          
          
        ) 
   
    
     ORDER BY  ORDER[*] BY RES.ID_ ASC  
    LIMIT ? OFFSET ? &quot;; expected &quot;=, NOT, EXISTS, INTERSECTS, SELECT, FROM&quot;; SQL statement:
select distinct RES.* 
       
    from ACT_RU_TASK RES
     
     
       inner 
      join ACT_RU_IDENTITYLINK I on I.TASK_ID_ = RES.ID_
     
     
     
    
     
     
     
     WHERE  RES.ASSIGNEE_ is null
        and I.TYPE_ = &apos;candidate&apos;
        and 
        ( 
          
            I.USER_ID_ = ?          
          
          
          
        ) 
   
    
     order by  order by RES.ID_ asc  
    LIMIT ? OFFSET ? [42001-176]
	at org.h2.message.DbException.getJdbcSQLException(DbException.java:344)
	at org.h2.message.DbException.getSyntaxError(DbException.java:204)
	at org.h2.command.Parser.getSyntaxError(Parser.java:524)
	at org.h2.command.Parser.readTerm(Parser.java:2688)
	at org.h2.command.Parser.readFactor(Parser.java:2244)
	at org.h2.command.Parser.readSum(Parser.java:2231)
	at org.h2.command.Parser.readConcat(Parser.java:2201)
	at org.h2.command.Parser.readCondition(Parser.java:2051)
	at org.h2.command.Parser.readAnd(Parser.java:2023)
	at org.h2.command.Parser.readExpression(Parser.java:2015)
	at org.h2.command.Parser.parseEndOfQuery(Parser.java:1726)
	at org.h2.command.Parser.parseSelectUnionExtension(Parser.java:1706)
	at org.h2.command.Parser.parseSelectUnion(Parser.java:1675)
	at org.h2.command.Parser.parseSelect(Parser.java:1662)
	at org.h2.command.Parser.parsePrepared(Parser.java:434)
	at org.h2.command.Parser.parse(Parser.java:306)
	at org.h2.command.Parser.parse(Parser.java:282)
	at org.h2.command.Parser.prepareCommand(Parser.java:243)
	at org.h2.engine.Session.prepareLocal(Session.java:442)
	at org.h2.engine.Session.prepareCommand(Session.java:384)
	at org.h2.jdbc.JdbcConnection.prepareCommand(JdbcConnection.java:1188)
	at org.h2.jdbc.JdbcPreparedStatement.&lt;init&gt;(JdbcPreparedStatement.java:73)
	at org.h2.jdbc.JdbcConnection.prepareStatement(JdbcConnection.java:276)
	at sun.reflect.GeneratedMethodAccessor6.invoke(Unknown Source)
	at sun.reflect.DelegatingMethodAccessorImpl.invoke(DelegatingMethodAccessorImpl.java:43)
	at java.lang.reflect.Method.invoke(Method.java:498)
	at org.apache.ibatis.datasource.pooled.PooledConnection.invoke(PooledConnection.java:245)
	at com.sun.proxy.$Proxy12.prepareStatement(Unknown Source)
	at sun.reflect.GeneratedMethodAccessor6.invoke(Unknown Source)
	at sun.reflect.DelegatingMethodAccessorImpl.invoke(DelegatingMethodAccessorImpl.java:43)
	at java.lang.reflect.Method.invoke(Method.java:498)
	at org.apache.ibatis.logging.jdbc.ConnectionLogger.invoke(ConnectionLogger.java:55)
	at com.sun.proxy.$Proxy12.prepareStatement(Unknown Source)
	at org.apache.ibatis.executor.statement.PreparedStatementHandler.instantiateStatement(PreparedStatementHandler.java:79)
	at org.apache.ibatis.executor.statement.BaseStatementHandler.prepare(BaseStatementHandler.java:88)
	at org.apache.ibatis.executor.statement.RoutingStatementHandler.prepare(RoutingStatementHandler.java:58)
	at org.apache.ibatis.executor.SimpleExecutor.prepareStatement(SimpleExecutor.java:76)
	at org.apache.ibatis.executor.SimpleExecutor.doQuery(SimpleExecutor.java:61)
	at org.apache.ibatis.executor.BaseExecutor.queryFromDatabase(BaseExecutor.java:303)
	at org.apache.ibatis.executor.BaseExecutor.query(BaseExecutor.java:154)
	at org.apache.ibatis.executor.CachingExecutor.query(CachingExecutor.java:102)
	at org.apache.ibatis.executor.CachingExecutor.query(CachingExecutor.java:82)
	at org.apache.ibatis.session.defaults.DefaultSqlSession.selectList(DefaultSqlSession.java:120)
	... 40 more
10:48:01,331 [main] DEBUG org.activiti.engine.impl.cfg.standalone.StandaloneMybatisTransactionContext  - firing event rolling back...
10:48:01,331 [main] DEBUG org.activiti.engine.impl.cfg.standalone.StandaloneMybatisTransactionContext  - rolling back ibatis sql session...
10:48:01,331 [main] DEBUG org.activiti.engine.impl.cfg.standalone.StandaloneMybatisTransactionContext  - firing event rolled back...
10:48:01,331 [main] DEBUG org.apache.ibatis.transaction.jdbc.JdbcTransaction  - Resetting autocommit to true on JDBC Connection [conn2: url=jdbc:h2:mem:activiti user=SA]
10:48:01,331 [main] DEBUG org.apache.ibatis.transaction.jdbc.JdbcTransaction  - Closing JDBC Connection [conn2: url=jdbc:h2:mem:activiti user=SA]
10:48:01,331 [main] DEBUG org.apache.ibatis.datasource.pooled.PooledDataSource  - Returned connection 363509958 to pool.
10:48:01,331 [main] DEBUG org.activiti.engine.impl.interceptor.LogInterceptor  - --- TaskQueryImpl finished --------------------------------------------------------
10:48:01,331 [main] DEBUG org.activiti.engine.impl.interceptor.LogInterceptor  - 

10:48:01,331 [main] ERROR org.activiti.engine.impl.test.PvmTestCase  - 

10:48:01,331 [main] ERROR org.activiti.engine.impl.test.PvmTestCase  - EXCEPTION: org.apache.ibatis.exceptions.PersistenceException: 
### Error querying database.  Cause: org.h2.jdbc.JdbcSQLException: Syntax error in SQL statement &quot;SELECT DISTINCT RES.* 
       
    FROM ACT_RU_TASK RES
     
     
       INNER 
      JOIN ACT_RU_IDENTITYLINK I ON I.TASK_ID_ = RES.ID_
     
     
     
    
     
     
     
     WHERE  RES.ASSIGNEE_ IS NULL
        AND I.TYPE_ = &apos;candidate&apos;
        AND 
        ( 
          
            I.USER_ID_ = ?          
          
          
          
        ) 
   
    
     ORDER BY  ORDER[*] BY RES.ID_ ASC  
    LIMIT ? OFFSET ? &quot;; expected &quot;=, NOT, EXISTS, INTERSECTS, SELECT, FROM&quot;; SQL statement:
select distinct RES.* 
       
    from ACT_RU_TASK RES
     
     
       inner 
      join ACT_RU_IDENTITYLINK I on I.TASK_ID_ = RES.ID_
     
     
     
    
     
     
     
     WHERE  RES.ASSIGNEE_ is null
        and I.TYPE_ = &apos;candidate&apos;
        and 
        ( 
          
            I.USER_ID_ = ?          
          
          
          
        ) 
   
    
     order by  order by RES.ID_ asc  
    LIMIT ? OFFSET ? [42001-176]
### The error may exist in org/activiti/db/mapping/entity/Task.xml
### The error may involve org.activiti.engine.impl.persistence.entity.TaskEntity.selectTaskByQueryCriteria
### The error occurred while executing a query
### SQL: select distinct RES.*              from ACT_RU_TASK RES                    inner        join ACT_RU_IDENTITYLINK I on I.TASK_ID_ = RES.ID_                                               WHERE  RES.ASSIGNEE_ is null         and I.TYPE_ = &apos;candidate&apos;         and          (                         I.USER_ID_ = ?                                                    )                order by  order by RES.ID_ asc       LIMIT ? OFFSET ?
### Cause: org.h2.jdbc.JdbcSQLException: Syntax error in SQL statement &quot;SELECT DISTINCT RES.* 
       
    FROM ACT_RU_TASK RES
     
     
       INNER 
      JOIN ACT_RU_IDENTITYLINK I ON I.TASK_ID_ = RES.ID_
     
     
     
    
     
     
     
     WHERE  RES.ASSIGNEE_ IS NULL
        AND I.TYPE_ = &apos;candidate&apos;
        AND 
        ( 
          
            I.USER_ID_ = ?          
          
          
          
        ) 
   
    
     ORDER BY  ORDER[*] BY RES.ID_ ASC  
    LIMIT ? OFFSET ? &quot;; expected &quot;=, NOT, EXISTS, INTERSECTS, SELECT, FROM&quot;; SQL statement:
select distinct RES.* 
       
    from ACT_RU_TASK RES
     
     
       inner 
      join ACT_RU_IDENTITYLINK I on I.TASK_ID_ = RES.ID_
     
     
     
    
     
     
     
     WHERE  RES.ASSIGNEE_ is null
        and I.TYPE_ = &apos;candidate&apos;
        and 
        ( 
          
            I.USER_ID_ = ?          
          
          
          
        ) 
   
    
     order by  order by RES.ID_ asc  
    LIMIT ? OFFSET ? [42001-176]
org.apache.ibatis.exceptions.PersistenceException: 
### Error querying database.  Cause: org.h2.jdbc.JdbcSQLException: Syntax error in SQL statement &quot;SELECT DISTINCT RES.* 
       
    FROM ACT_RU_TASK RES
     
     
       INNER 
      JOIN ACT_RU_IDENTITYLINK I ON I.TASK_ID_ = RES.ID_
     
     
     
    
     
     
     
     WHERE  RES.ASSIGNEE_ IS NULL
        AND I.TYPE_ = &apos;candidate&apos;
        AND 
        ( 
          
            I.USER_ID_ = ?          
          
          
          
        ) 
   
    
     ORDER BY  ORDER[*] BY RES.ID_ ASC  
    LIMIT ? OFFSET ? &quot;; expected &quot;=, NOT, EXISTS, INTERSECTS, SELECT, FROM&quot;; SQL statement:
select distinct RES.* 
       
    from ACT_RU_TASK RES
     
     
       inner 
      join ACT_RU_IDENTITYLINK I on I.TASK_ID_ = RES.ID_
     
     
     
    
     
     
     
     WHERE  RES.ASSIGNEE_ is null
        and I.TYPE_ = &apos;candidate&apos;
        and 
        ( 
          
            I.USER_ID_ = ?          
          
          
          
        ) 
   
    
     order by  order by RES.ID_ asc  
    LIMIT ? OFFSET ? [42001-176]
### The error may exist in org/activiti/db/mapping/entity/Task.xml
### The error may involve org.activiti.engine.impl.persistence.entity.TaskEntity.selectTaskByQueryCriteria
### The error occurred while executing a query
### SQL: select distinct RES.*              from ACT_RU_TASK RES                    inner        join ACT_RU_IDENTITYLINK I on I.TASK_ID_ = RES.ID_                                               WHERE  RES.ASSIGNEE_ is null         and I.TYPE_ = &apos;candidate&apos;         and          (                         I.USER_ID_ = ?                                                    )                order by  order by RES.ID_ asc       LIMIT ? OFFSET ?
### Cause: org.h2.jdbc.JdbcSQLException: Syntax error in SQL statement &quot;SELECT DISTINCT RES.* 
       
    FROM ACT_RU_TASK RES
     
     
       INNER 
      JOIN ACT_RU_IDENTITYLINK I ON I.TASK_ID_ = RES.ID_
     
     
     
    
     
     
     
     WHERE  RES.ASSIGNEE_ IS NULL
        AND I.TYPE_ = &apos;candidate&apos;
        AND 
        ( 
          
            I.USER_ID_ = ?          
          
          
          
        ) 
   
    
     ORDER BY  ORDER[*] BY RES.ID_ ASC  
    LIMIT ? OFFSET ? &quot;; expected &quot;=, NOT, EXISTS, INTERSECTS, SELECT, FROM&quot;; SQL statement:
select distinct RES.* 
       
    from ACT_RU_TASK RES
     
     
       inner 
      join ACT_RU_IDENTITYLINK I on I.TASK_ID_ = RES.ID_
     
     
     
    
     
     
     
     WHERE  RES.ASSIGNEE_ is null
        and I.TYPE_ = &apos;candidate&apos;
        and 
        ( 
          
            I.USER_ID_ = ?          
          
          
          
        ) 
   
    
     order by  order by RES.ID_ asc  
    LIMIT ? OFFSET ? [42001-176]
	at org.apache.ibatis.exceptions.ExceptionFactory.wrapException(ExceptionFactory.java:30)
	at org.apache.ibatis.session.defaults.DefaultSqlSession.selectList(DefaultSqlSession.java:122)
	at org.apache.ibatis.session.defaults.DefaultSqlSession.selectList(DefaultSqlSession.java:113)
	at org.activiti.engine.impl.db.DbSqlSession.selectListWithRawParameter(DbSqlSession.java:438)
	at org.activiti.engine.impl.db.DbSqlSession.selectList(DbSqlSession.java:429)
	at org.activiti.engine.impl.persistence.entity.TaskEntityManager.findTasksByQueryCriteria(TaskEntityManager.java:135)
	at org.activiti.engine.impl.TaskQueryImpl.executeList(TaskQueryImpl.java:1256)
	at org.activiti.engine.impl.AbstractQuery.execute(AbstractQuery.java:164)
	at org.activiti.engine.impl.interceptor.CommandInvoker.execute(CommandInvoker.java:24)
	at org.activiti.engine.impl.interceptor.CommandContextInterceptor.execute(CommandContextInterceptor.java:57)
	at org.activiti.engine.impl.interceptor.LogInterceptor.execute(LogInterceptor.java:37)
	at org.activiti.engine.impl.cfg.CommandExecutorImpl.execute(CommandExecutorImpl.java:40)
	at org.activiti.engine.impl.cfg.CommandExecutorImpl.execute(CommandExecutorImpl.java:35)
	at org.activiti.engine.impl.AbstractQuery.list(AbstractQuery.java:138)
	at org.activiti.examples.task.StandaloneTaskTest.testCreateToComplete(StandaloneTaskTest.java:56)
	at sun.reflect.NativeMethodAccessorImpl.invoke0(Native Method)
	at sun.reflect.NativeMethodAccessorImpl.invoke(NativeMethodAccessorImpl.java:62)
	at sun.reflect.DelegatingMethodAccessorImpl.invoke(DelegatingMethodAccessorImpl.java:43)
	at java.lang.reflect.Method.invoke(Method.java:498)
	at junit.framework.TestCase.runTest(TestCase.java:176)
	at org.activiti.engine.impl.test.PvmTestCase.runTest(PvmTestCase.java:65)
	at junit.framework.TestCase.runBare(TestCase.java:141)
	at org.activiti.engine.impl.test.AbstractActivitiTestCase.runBare(AbstractActivitiTestCase.java:100)
	at junit.framework.TestResult$1.protect(TestResult.java:122)
	at junit.framework.TestResult.runProtected(TestResult.java:142)
	at junit.framework.TestResult.run(TestResult.java:125)
	at junit.framework.TestCase.run(TestCase.java:129)
	at junit.framework.TestSuite.runTest(TestSuite.java:255)
	at junit.framework.TestSuite.run(TestSuite.java:250)
	at org.junit.internal.runners.JUnit38ClassRunner.run(JUnit38ClassRunner.java:84)
	at org.apache.maven.surefire.junit4.JUnit4TestSet.execute(JUnit4TestSet.java:35)
	at org.apache.maven.surefire.junit4.JUnit4Provider.executeTestSet(JUnit4Provider.java:146)
	at org.apache.maven.surefire.junit4.JUnit4Provider.invoke(JUnit4Provider.java:97)
	at sun.reflect.NativeMethodAccessorImpl.invoke0(Native Method)
	at sun.reflect.NativeMethodAccessorImpl.invoke(NativeMethodAccessorImpl.java:62)
	at sun.reflect.DelegatingMethodAccessorImpl.invoke(DelegatingMethodAccessorImpl.java:43)
	at java.lang.reflect.Method.invoke(Method.java:498)
	at org.apache.maven.surefire.booter.ProviderFactory$ClassLoaderProxy.invoke(ProviderFactory.java:103)
	at com.sun.proxy.$Proxy0.invoke(Unknown Source)
	at org.apache.maven.surefire.booter.SurefireStarter.invokeProvider(SurefireStarter.java:145)
	at org.apache.maven.surefire.booter.SurefireStarter.runSuitesInProcess(SurefireStarter.java:87)
	at org.apache.maven.surefire.booter.ForkedBooter.main(ForkedBooter.java:69)
Caused by: org.h2.jdbc.JdbcSQLException: Syntax error in SQL statement &quot;SELECT DISTINCT RES.* 
       
    FROM ACT_RU_TASK RES
     
     
       INNER 
      JOIN ACT_RU_IDENTITYLINK I ON I.TASK_ID_ = RES.ID_
     
     
     
    
     
     
     
     WHERE  RES.ASSIGNEE_ IS NULL
        AND I.TYPE_ = &apos;candidate&apos;
        AND 
        ( 
          
            I.USER_ID_ = ?          
          
          
          
        ) 
   
    
     ORDER BY  ORDER[*] BY RES.ID_ ASC  
    LIMIT ? OFFSET ? &quot;; expected &quot;=, NOT, EXISTS, INTERSECTS, SELECT, FROM&quot;; SQL statement:
select distinct RES.* 
       
    from ACT_RU_TASK RES
     
     
       inner 
      join ACT_RU_IDENTITYLINK I on I.TASK_ID_ = RES.ID_
     
     
     
    
     
     
     
     WHERE  RES.ASSIGNEE_ is null
        and I.TYPE_ = &apos;candidate&apos;
        and 
        ( 
          
            I.USER_ID_ = ?          
          
          
          
        ) 
   
    
     order by  order by RES.ID_ asc  
    LIMIT ? OFFSET ? [42001-176]
	at org.h2.message.DbException.getJdbcSQLException(DbException.java:344)
	at org.h2.message.DbException.getSyntaxError(DbException.java:204)
	at org.h2.command.Parser.getSyntaxError(Parser.java:524)
	at org.h2.command.Parser.readTerm(Parser.java:2688)
	at org.h2.command.Parser.readFactor(Parser.java:2244)
	at org.h2.command.Parser.readSum(Parser.java:2231)
	at org.h2.command.Parser.readConcat(Parser.java:2201)
	at org.h2.command.Parser.readCondition(Parser.java:2051)
	at org.h2.command.Parser.readAnd(Parser.java:2023)
	at org.h2.command.Parser.readExpression(Parser.java:2015)
	at org.h2.command.Parser.parseEndOfQuery(Parser.java:1726)
	at org.h2.command.Parser.parseSelectUnionExtension(Parser.java:1706)
	at org.h2.command.Parser.parseSelectUnion(Parser.java:1675)
	at org.h2.command.Parser.parseSelect(Parser.java:1662)
	at org.h2.command.Parser.parsePrepared(Parser.java:434)
	at org.h2.command.Parser.parse(Parser.java:306)
	at org.h2.command.Parser.parse(Parser.java:282)
	at org.h2.command.Parser.prepareCommand(Parser.java:243)
	at org.h2.engine.Session.prepareLocal(Session.java:442)
	at org.h2.engine.Session.prepareCommand(Session.java:384)
	at org.h2.jdbc.JdbcConnection.prepareCommand(JdbcConnection.java:1188)
	at org.h2.jdbc.JdbcPreparedStatement.&lt;init&gt;(JdbcPreparedStatement.java:73)
	at org.h2.jdbc.JdbcConnection.prepareStatement(JdbcConnection.java:276)
	at sun.reflect.GeneratedMethodAccessor6.invoke(Unknown Source)
	at sun.reflect.DelegatingMethodAccessorImpl.invoke(DelegatingMethodAccessorImpl.java:43)
	at java.lang.reflect.Method.invoke(Method.java:498)
	at org.apache.ibatis.datasource.pooled.PooledConnection.invoke(PooledConnection.java:245)
	at com.sun.proxy.$Proxy12.prepareStatement(Unknown Source)
	at sun.reflect.GeneratedMethodAccessor6.invoke(Unknown Source)
	at sun.reflect.DelegatingMethodAccessorImpl.invoke(DelegatingMethodAccessorImpl.java:43)
	at java.lang.reflect.Method.invoke(Method.java:498)
	at org.apache.ibatis.logging.jdbc.ConnectionLogger.invoke(ConnectionLogger.java:55)
	at com.sun.proxy.$Proxy12.prepareStatement(Unknown Source)
	at org.apache.ibatis.executor.statement.PreparedStatementHandler.instantiateStatement(PreparedStatementHandler.java:79)
	at org.apache.ibatis.executor.statement.BaseStatementHandler.prepare(BaseStatementHandler.java:88)
	at org.apache.ibatis.executor.statement.RoutingStatementHandler.prepare(RoutingStatementHandler.java:58)
	at org.apache.ibatis.executor.SimpleExecutor.prepareStatement(SimpleExecutor.java:76)
	at org.apache.ibatis.executor.SimpleExecutor.doQuery(SimpleExecutor.java:61)
	at org.apache.ibatis.executor.BaseExecutor.queryFromDatabase(BaseExecutor.java:303)
	at org.apache.ibatis.executor.BaseExecutor.query(BaseExecutor.java:154)
	at org.apache.ibatis.executor.CachingExecutor.query(CachingExecutor.java:102)
	at org.apache.ibatis.executor.CachingExecutor.query(CachingExecutor.java:82)
	at org.apache.ibatis.session.defaults.DefaultSqlSession.selectList(DefaultSqlSession.java:120)
	... 40 more
10:48:01,331 [main] DEBUG org.activiti.engine.impl.test.PvmTestCase  - #### END StandaloneTaskTest.testCreateToComplete #############################################################
10:48:01,332 [main] DEBUG org.activiti.engine.impl.interceptor.LogInterceptor  - 

10:48:01,332 [main] DEBUG org.activiti.engine.impl.interceptor.LogInterceptor  - --- starting DeleteUserCmd --------------------------------------------------------
10:48:01,332 [main] DEBUG org.apache.ibatis.transaction.jdbc.JdbcTransaction  - Opening JDBC Connection
10:48:01,332 [main] DEBUG org.apache.ibatis.datasource.pooled.PooledDataSource  - Checked out connection 180014677 from pool.
10:48:01,332 [main] DEBUG org.apache.ibatis.transaction.jdbc.JdbcTransaction  - Setting autocommit to false on JDBC Connection [conn3: url=jdbc:h2:mem:activiti user=SA]
10:48:01,332 [main] DEBUG org.activiti.engine.impl.persistence.entity.UserEntity.selectUserById  - ==&gt;  Preparing: select * from ACT_ID_USER where ID_ = ? 
10:48:01,332 [main] DEBUG org.activiti.engine.impl.persistence.entity.UserEntity.selectUserById  - ==&gt; Parameters: kermit(String)
10:48:01,332 [main] DEBUG org.activiti.engine.impl.persistence.entity.UserEntity.selectUserById  - &lt;==      Total: 1
10:48:01,332 [main] DEBUG org.activiti.engine.impl.persistence.entity.IdentityInfoEntity.selectIdentityInfoByUserId  - ==&gt;  Preparing: select * from ACT_ID_INFO where USER_ID_ = ? 
10:48:01,332 [main] DEBUG org.activiti.engine.impl.persistence.entity.IdentityInfoEntity.selectIdentityInfoByUserId  - ==&gt; Parameters: kermit(String)
10:48:01,332 [main] DEBUG org.activiti.engine.impl.persistence.entity.IdentityInfoEntity.selectIdentityInfoByUserId  - &lt;==      Total: 0
10:48:01,332 [main] DEBUG org.activiti.engine.impl.db.DbSqlSession  -   bulk delete: deleteMembershipsByUserId(kermit)
10:48:01,332 [main] DEBUG org.activiti.engine.impl.db.DbSqlSession  -   delete org.activiti.engine.impl.persistence.entity.UserEntity@b5bf09a
10:48:01,332 [main] DEBUG org.activiti.engine.impl.db.DbSqlSession  - flush summary: 0 insert, 0 update, 2 delete.
10:48:01,332 [main] DEBUG org.activiti.engine.impl.db.DbSqlSession  - now executing flush...
10:48:01,332 [main] DEBUG org.activiti.engine.impl.db.DbSqlSession  - executing: bulk delete: deleteMembershipsByUserId(kermit)
10:48:01,332 [main] DEBUG org.activiti.engine.impl.persistence.entity.MembershipRelation.deleteMembershipsByUserId  - ==&gt;  Preparing: delete from ACT_ID_MEMBERSHIP where USER_ID_ = ? 
10:48:01,332 [main] DEBUG org.activiti.engine.impl.persistence.entity.MembershipRelation.deleteMembershipsByUserId  - ==&gt; Parameters: kermit(String)
10:48:01,332 [main] DEBUG org.activiti.engine.impl.persistence.entity.MembershipRelation.deleteMembershipsByUserId  - &lt;==    Updates: 0
10:48:01,332 [main] DEBUG org.activiti.engine.impl.db.DbSqlSession  - executing: delete org.activiti.engine.impl.persistence.entity.UserEntity@b5bf09a
10:48:01,332 [main] DEBUG org.activiti.engine.impl.persistence.entity.UserEntity.deleteUser  - ==&gt;  Preparing: delete from ACT_ID_USER where ID_ = ? and REV_ = ? 
10:48:01,332 [main] DEBUG org.activiti.engine.impl.persistence.entity.UserEntity.deleteUser  - ==&gt; Parameters: kermit(String), 1(Integer)
10:48:01,332 [main] DEBUG org.activiti.engine.impl.persistence.entity.UserEntity.deleteUser  - &lt;==    Updates: 1
10:48:01,332 [main] DEBUG org.activiti.engine.impl.cfg.standalone.StandaloneMybatisTransactionContext  - firing event committing...
10:48:01,332 [main] DEBUG org.activiti.engine.impl.cfg.standalone.StandaloneMybatisTransactionContext  - committing the ibatis sql session...
10:48:01,332 [main] DEBUG org.apache.ibatis.transaction.jdbc.JdbcTransaction  - Committing JDBC Connection [conn3: url=jdbc:h2:mem:activiti user=SA]
10:48:01,332 [main] DEBUG org.activiti.engine.impl.cfg.standalone.StandaloneMybatisTransactionContext  - firing event committed...
10:48:01,332 [main] DEBUG org.apache.ibatis.transaction.jdbc.JdbcTransaction  - Resetting autocommit to true on JDBC Connection [conn3: url=jdbc:h2:mem:activiti user=SA]
10:48:01,332 [main] DEBUG org.apache.ibatis.transaction.jdbc.JdbcTransaction  - Closing JDBC Connection [conn3: url=jdbc:h2:mem:activiti user=SA]
10:48:01,332 [main] DEBUG org.apache.ibatis.datasource.pooled.PooledDataSource  - Returned connection 180014677 to pool.
10:48:01,332 [main] DEBUG org.activiti.engine.impl.interceptor.LogInterceptor  - --- DeleteUserCmd finished --------------------------------------------------------
10:48:01,332 [main] DEBUG org.activiti.engine.impl.interceptor.LogInterceptor  - 

10:48:01,332 [main] DEBUG org.activiti.engine.impl.interceptor.LogInterceptor  - 

10:48:01,332 [main] DEBUG org.activiti.engine.impl.interceptor.LogInterceptor  - --- starting DeleteUserCmd --------------------------------------------------------
10:48:01,332 [main] DEBUG org.apache.ibatis.transaction.jdbc.JdbcTransaction  - Opening JDBC Connection
10:48:01,332 [main] DEBUG org.apache.ibatis.datasource.pooled.PooledDataSource  - Checked out connection 297240765 from pool.
10:48:01,332 [main] DEBUG org.apache.ibatis.transaction.jdbc.JdbcTransaction  - Setting autocommit to false on JDBC Connection [conn4: url=jdbc:h2:mem:activiti user=SA]
10:48:01,333 [main] DEBUG org.activiti.engine.impl.persistence.entity.UserEntity.selectUserById  - ==&gt;  Preparing: select * from ACT_ID_USER where ID_ = ? 
10:48:01,333 [main] DEBUG org.activiti.engine.impl.persistence.entity.UserEntity.selectUserById  - ==&gt; Parameters: gonzo(String)
10:48:01,333 [main] DEBUG org.activiti.engine.impl.persistence.entity.UserEntity.selectUserById  - &lt;==      Total: 1
10:48:01,333 [main] DEBUG org.activiti.engine.impl.persistence.entity.IdentityInfoEntity.selectIdentityInfoByUserId  - ==&gt;  Preparing: select * from ACT_ID_INFO where USER_ID_ = ? 
10:48:01,333 [main] DEBUG org.activiti.engine.impl.persistence.entity.IdentityInfoEntity.selectIdentityInfoByUserId  - ==&gt; Parameters: gonzo(String)
10:48:01,333 [main] DEBUG org.activiti.engine.impl.persistence.entity.IdentityInfoEntity.selectIdentityInfoByUserId  - &lt;==      Total: 0
10:48:01,333 [main] DEBUG org.activiti.engine.impl.db.DbSqlSession  -   bulk delete: deleteMembershipsByUserId(gonzo)
10:48:01,333 [main] DEBUG org.activiti.engine.impl.db.DbSqlSession  -   delete org.activiti.engine.impl.persistence.entity.UserEntity@10606f95
10:48:01,333 [main] DEBUG org.activiti.engine.impl.db.DbSqlSession  - flush summary: 0 insert, 0 update, 2 delete.
10:48:01,333 [main] DEBUG org.activiti.engine.impl.db.DbSqlSession  - now executing flush...
10:48:01,333 [main] DEBUG org.activiti.engine.impl.db.DbSqlSession  - executing: bulk delete: deleteMembershipsByUserId(gonzo)
10:48:01,333 [main] DEBUG org.activiti.engine.impl.persistence.entity.MembershipRelation.deleteMembershipsByUserId  - ==&gt;  Preparing: delete from ACT_ID_MEMBERSHIP where USER_ID_ = ? 
10:48:01,333 [main] DEBUG org.activiti.engine.impl.persistence.entity.MembershipRelation.deleteMembershipsByUserId  - ==&gt; Parameters: gonzo(String)
10:48:01,333 [main] DEBUG org.activiti.engine.impl.persistence.entity.MembershipRelation.deleteMembershipsByUserId  - &lt;==    Updates: 0
10:48:01,333 [main] DEBUG org.activiti.engine.impl.db.DbSqlSession  - executing: delete org.activiti.engine.impl.persistence.entity.UserEntity@10606f95
10:48:01,333 [main] DEBUG org.activiti.engine.impl.persistence.entity.UserEntity.deleteUser  - ==&gt;  Preparing: delete from ACT_ID_USER where ID_ = ? and REV_ = ? 
10:48:01,333 [main] DEBUG org.activiti.engine.impl.persistence.entity.UserEntity.deleteUser  - ==&gt; Parameters: gonzo(String), 1(Integer)
10:48:01,333 [main] DEBUG org.activiti.engine.impl.persistence.entity.UserEntity.deleteUser  - &lt;==    Updates: 1
10:48:01,333 [main] DEBUG org.activiti.engine.impl.cfg.standalone.StandaloneMybatisTransactionContext  - firing event committing...
10:48:01,333 [main] DEBUG org.activiti.engine.impl.cfg.standalone.StandaloneMybatisTransactionContext  - committing the ibatis sql session...
10:48:01,333 [main] DEBUG org.apache.ibatis.transaction.jdbc.JdbcTransaction  - Committing JDBC Connection [conn4: url=jdbc:h2:mem:activiti user=SA]
10:48:01,333 [main] DEBUG org.activiti.engine.impl.cfg.standalone.StandaloneMybatisTransactionContext  - firing event committed...
10:48:01,333 [main] DEBUG org.apache.ibatis.transaction.jdbc.JdbcTransaction  - Resetting autocommit to true on JDBC Connection [conn4: url=jdbc:h2:mem:activiti user=SA]
10:48:01,333 [main] DEBUG org.apache.ibatis.transaction.jdbc.JdbcTransaction  - Closing JDBC Connection [conn4: url=jdbc:h2:mem:activiti user=SA]
10:48:01,333 [main] DEBUG org.apache.ibatis.datasource.pooled.PooledDataSource  - Returned connection 297240765 to pool.
10:48:01,333 [main] DEBUG org.activiti.engine.impl.interceptor.LogInterceptor  - --- DeleteUserCmd finished --------------------------------------------------------
10:48:01,333 [main] DEBUG org.activiti.engine.impl.interceptor.LogInterceptor  - 

10:48:01,333 [main] ERROR org.activiti.engine.impl.test.PvmTestCase  - 

10:48:01,333 [main] ERROR org.activiti.engine.impl.test.PvmTestCase  - EXCEPTION: org.apache.ibatis.exceptions.PersistenceException: 
### Error querying database.  Cause: org.h2.jdbc.JdbcSQLException: Syntax error in SQL statement &quot;SELECT DISTINCT RES.* 
       
    FROM ACT_RU_TASK RES
     
     
       INNER 
      JOIN ACT_RU_IDENTITYLINK I ON I.TASK_ID_ = RES.ID_
     
     
     
    
     
     
     
     WHERE  RES.ASSIGNEE_ IS NULL
        AND I.TYPE_ = &apos;candidate&apos;
        AND 
        ( 
          
            I.USER_ID_ = ?          
          
          
          
        ) 
   
    
     ORDER BY  ORDER[*] BY RES.ID_ ASC  
    LIMIT ? OFFSET ? &quot;; expected &quot;=, NOT, EXISTS, INTERSECTS, SELECT, FROM&quot;; SQL statement:
select distinct RES.* 
       
    from ACT_RU_TASK RES
     
     
       inner 
      join ACT_RU_IDENTITYLINK I on I.TASK_ID_ = RES.ID_
     
     
     
    
     
     
     
     WHERE  RES.ASSIGNEE_ is null
        and I.TYPE_ = &apos;candidate&apos;
        and 
        ( 
          
            I.USER_ID_ = ?          
          
          
          
        ) 
   
    
     order by  order by RES.ID_ asc  
    LIMIT ? OFFSET ? [42001-176]
### The error may exist in org/activiti/db/mapping/entity/Task.xml
### The error may involve org.activiti.engine.impl.persistence.entity.TaskEntity.selectTaskByQueryCriteria
### The error occurred while executing a query
### SQL: select distinct RES.*              from ACT_RU_TASK RES                    inner        join ACT_RU_IDENTITYLINK I on I.TASK_ID_ = RES.ID_                                               WHERE  RES.ASSIGNEE_ is null         and I.TYPE_ = &apos;candidate&apos;         and          (                         I.USER_ID_ = ?                                                    )                order by  order by RES.ID_ asc       LIMIT ? OFFSET ?
### Cause: org.h2.jdbc.JdbcSQLException: Syntax error in SQL statement &quot;SELECT DISTINCT RES.* 
       
    FROM ACT_RU_TASK RES
     
     
       INNER 
      JOIN ACT_RU_IDENTITYLINK I ON I.TASK_ID_ = RES.ID_
     
     
     
    
     
     
     
     WHERE  RES.ASSIGNEE_ IS NULL
        AND I.TYPE_ = &apos;candidate&apos;
        AND 
        ( 
          
            I.USER_ID_ = ?          
          
          
          
        ) 
   
    
     ORDER BY  ORDER[*] BY RES.ID_ ASC  
    LIMIT ? OFFSET ? &quot;; expected &quot;=, NOT, EXISTS, INTERSECTS, SELECT, FROM&quot;; SQL statement:
select distinct RES.* 
       
    from ACT_RU_TASK RES
     
     
       inner 
      join ACT_RU_IDENTITYLINK I on I.TASK_ID_ = RES.ID_
     
     
     
    
     
     
     
     WHERE  RES.ASSIGNEE_ is null
        and I.TYPE_ = &apos;candidate&apos;
        and 
        ( 
          
            I.USER_ID_ = ?          
          
          
          
        ) 
   
    
     order by  order by RES.ID_ asc  
    LIMIT ? OFFSET ? [42001-176]
org.apache.ibatis.exceptions.PersistenceException: 
### Error querying database.  Cause: org.h2.jdbc.JdbcSQLException: Syntax error in SQL statement &quot;SELECT DISTINCT RES.* 
       
    FROM ACT_RU_TASK RES
     
     
       INNER 
      JOIN ACT_RU_IDENTITYLINK I ON I.TASK_ID_ = RES.ID_
     
     
     
    
     
     
     
     WHERE  RES.ASSIGNEE_ IS NULL
        AND I.TYPE_ = &apos;candidate&apos;
        AND 
        ( 
          
            I.USER_ID_ = ?          
          
          
          
        ) 
   
    
     ORDER BY  ORDER[*] BY RES.ID_ ASC  
    LIMIT ? OFFSET ? &quot;; expected &quot;=, NOT, EXISTS, INTERSECTS, SELECT, FROM&quot;; SQL statement:
select distinct RES.* 
       
    from ACT_RU_TASK RES
     
     
       inner 
      join ACT_RU_IDENTITYLINK I on I.TASK_ID_ = RES.ID_
     
     
     
    
     
     
     
     WHERE  RES.ASSIGNEE_ is null
        and I.TYPE_ = &apos;candidate&apos;
        and 
        ( 
          
            I.USER_ID_ = ?          
          
          
          
        ) 
   
    
     order by  order by RES.ID_ asc  
    LIMIT ? OFFSET ? [42001-176]
### The error may exist in org/activiti/db/mapping/entity/Task.xml
### The error may involve org.activiti.engine.impl.persistence.entity.TaskEntity.selectTaskByQueryCriteria
### The error occurred while executing a query
### SQL: select distinct RES.*              from ACT_RU_TASK RES                    inner        join ACT_RU_IDENTITYLINK I on I.TASK_ID_ = RES.ID_                                               WHERE  RES.ASSIGNEE_ is null         and I.TYPE_ = &apos;candidate&apos;         and          (                         I.USER_ID_ = ?                                                    )                order by  order by RES.ID_ asc       LIMIT ? OFFSET ?
### Cause: org.h2.jdbc.JdbcSQLException: Syntax error in SQL statement &quot;SELECT DISTINCT RES.* 
       
    FROM ACT_RU_TASK RES
     
     
       INNER 
      JOIN ACT_RU_IDENTITYLINK I ON I.TASK_ID_ = RES.ID_
     
     
     
    
     
     
     
     WHERE  RES.ASSIGNEE_ IS NULL
        AND I.TYPE_ = &apos;candidate&apos;
        AND 
        ( 
          
            I.USER_ID_ = ?          
          
          
          
        ) 
   
    
     ORDER BY  ORDER[*] BY RES.ID_ ASC  
    LIMIT ? OFFSET ? &quot;; expected &quot;=, NOT, EXISTS, INTERSECTS, SELECT, FROM&quot;; SQL statement:
select distinct RES.* 
       
    from ACT_RU_TASK RES
     
     
       inner 
      join ACT_RU_IDENTITYLINK I on I.TASK_ID_ = RES.ID_
     
     
     
    
     
     
     
     WHERE  RES.ASSIGNEE_ is null
        and I.TYPE_ = &apos;candidate&apos;
        and 
        ( 
          
            I.USER_ID_ = ?          
          
          
          
        ) 
   
    
     order by  order by RES.ID_ asc  
    LIMIT ? OFFSET ? [42001-176]
	at org.apache.ibatis.exceptions.ExceptionFactory.wrapException(ExceptionFactory.java:30)
	at org.apache.ibatis.session.defaults.DefaultSqlSession.selectList(DefaultSqlSession.java:122)
	at org.apache.ibatis.session.defaults.DefaultSqlSession.selectList(DefaultSqlSession.java:113)
	at org.activiti.engine.impl.db.DbSqlSession.selectListWithRawParameter(DbSqlSession.java:438)
	at org.activiti.engine.impl.db.DbSqlSession.selectList(DbSqlSession.java:429)
	at org.activiti.engine.impl.persistence.entity.TaskEntityManager.findTasksByQueryCriteria(TaskEntityManager.java:135)
	at org.activiti.engine.impl.TaskQueryImpl.executeList(TaskQueryImpl.java:1256)
	at org.activiti.engine.impl.AbstractQuery.execute(AbstractQuery.java:164)
	at org.activiti.engine.impl.interceptor.CommandInvoker.execute(CommandInvoker.java:24)
	at org.activiti.engine.impl.interceptor.CommandContextInterceptor.execute(CommandContextInterceptor.java:57)
	at org.activiti.engine.impl.interceptor.LogInterceptor.execute(LogInterceptor.java:37)
	at org.activiti.engine.impl.cfg.CommandExecutorImpl.execute(CommandExecutorImpl.java:40)
	at org.activiti.engine.impl.cfg.CommandExecutorImpl.execute(CommandExecutorImpl.java:35)
	at org.activiti.engine.impl.AbstractQuery.list(AbstractQuery.java:138)
	at org.activiti.examples.task.StandaloneTaskTest.testCreateToComplete(StandaloneTaskTest.java:56)
	at sun.reflect.NativeMethodAccessorImpl.invoke0(Native Method)
	at sun.reflect.NativeMethodAccessorImpl.invoke(NativeMethodAccessorImpl.java:62)
	at sun.reflect.DelegatingMethodAccessorImpl.invoke(DelegatingMethodAccessorImpl.java:43)
	at java.lang.reflect.Method.invoke(Method.java:498)
	at junit.framework.TestCase.runTest(TestCase.java:176)
	at org.activiti.engine.impl.test.PvmTestCase.runTest(PvmTestCase.java:65)
	at junit.framework.TestCase.runBare(TestCase.java:141)
	at org.activiti.engine.impl.test.AbstractActivitiTestCase.runBare(AbstractActivitiTestCase.java:100)
	at junit.framework.TestResult$1.protect(TestResult.java:122)
	at junit.framework.TestResult.runProtected(TestResult.java:142)
	at junit.framework.TestResult.run(TestResult.java:125)
	at junit.framework.TestCase.run(TestCase.java:129)
	at junit.framework.TestSuite.runTest(TestSuite.java:255)
	at junit.framework.TestSuite.run(TestSuite.java:250)
	at org.junit.internal.runners.JUnit38ClassRunner.run(JUnit38ClassRunner.java:84)
	at org.apache.maven.surefire.junit4.JUnit4TestSet.execute(JUnit4TestSet.java:35)
	at org.apache.maven.surefire.junit4.JUnit4Provider.executeTestSet(JUnit4Provider.java:146)
	at org.apache.maven.surefire.junit4.JUnit4Provider.invoke(JUnit4Provider.java:97)
	at sun.reflect.NativeMethodAccessorImpl.invoke0(Native Method)
	at sun.reflect.NativeMethodAccessorImpl.invoke(NativeMethodAccessorImpl.java:62)
	at sun.reflect.DelegatingMethodAccessorImpl.invoke(DelegatingMethodAccessorImpl.java:43)
	at java.lang.reflect.Method.invoke(Method.java:498)
	at org.apache.maven.surefire.booter.ProviderFactory$ClassLoaderProxy.invoke(ProviderFactory.java:103)
	at com.sun.proxy.$Proxy0.invoke(Unknown Source)
	at org.apache.maven.surefire.booter.SurefireStarter.invokeProvider(SurefireStarter.java:145)
	at org.apache.maven.surefire.booter.SurefireStarter.runSuitesInProcess(SurefireStarter.java:87)
	at org.apache.maven.surefire.booter.ForkedBooter.main(ForkedBooter.java:69)
Caused by: org.h2.jdbc.JdbcSQLException: Syntax error in SQL statement &quot;SELECT DISTINCT RES.* 
       
    FROM ACT_RU_TASK RES
     
     
       INNER 
      JOIN ACT_RU_IDENTITYLINK I ON I.TASK_ID_ = RES.ID_
     
     
     
    
     
     
     
     WHERE  RES.ASSIGNEE_ IS NULL
        AND I.TYPE_ = &apos;candidate&apos;
        AND 
        ( 
          
            I.USER_ID_ = ?          
          
          
          
        ) 
   
    
     ORDER BY  ORDER[*] BY RES.ID_ ASC  
    LIMIT ? OFFSET ? &quot;; expected &quot;=, NOT, EXISTS, INTERSECTS, SELECT, FROM&quot;; SQL statement:
select distinct RES.* 
       
    from ACT_RU_TASK RES
     
     
       inner 
      join ACT_RU_IDENTITYLINK I on I.TASK_ID_ = RES.ID_
     
     
     
    
     
     
     
     WHERE  RES.ASSIGNEE_ is null
        and I.TYPE_ = &apos;candidate&apos;
        and 
        ( 
          
            I.USER_ID_ = ?          
          
          
          
        ) 
   
    
     order by  order by RES.ID_ asc  
    LIMIT ? OFFSET ? [42001-176]
	at org.h2.message.DbException.getJdbcSQLException(DbException.java:344)
	at org.h2.message.DbException.getSyntaxError(DbException.java:204)
	at org.h2.command.Parser.getSyntaxError(Parser.java:524)
	at org.h2.command.Parser.readTerm(Parser.java:2688)
	at org.h2.command.Parser.readFactor(Parser.java:2244)
	at org.h2.command.Parser.readSum(Parser.java:2231)
	at org.h2.command.Parser.readConcat(Parser.java:2201)
	at org.h2.command.Parser.readCondition(Parser.java:2051)
	at org.h2.command.Parser.readAnd(Parser.java:2023)
	at org.h2.command.Parser.readExpression(Parser.java:2015)
	at org.h2.command.Parser.parseEndOfQuery(Parser.java:1726)
	at org.h2.command.Parser.parseSelectUnionExtension(Parser.java:1706)
	at org.h2.command.Parser.parseSelectUnion(Parser.java:1675)
	at org.h2.command.Parser.parseSelect(Parser.java:1662)
	at org.h2.command.Parser.parsePrepared(Parser.java:434)
	at org.h2.command.Parser.parse(Parser.java:306)
	at org.h2.command.Parser.parse(Parser.java:282)
	at org.h2.command.Parser.prepareCommand(Parser.java:243)
	at org.h2.engine.Session.prepareLocal(Session.java:442)
	at org.h2.engine.Session.prepareCommand(Session.java:384)
	at org.h2.jdbc.JdbcConnection.prepareCommand(JdbcConnection.java:1188)
	at org.h2.jdbc.JdbcPreparedStatement.&lt;init&gt;(JdbcPreparedStatement.java:73)
	at org.h2.jdbc.JdbcConnection.prepareStatement(JdbcConnection.java:276)
	at sun.reflect.GeneratedMethodAccessor6.invoke(Unknown Source)
	at sun.reflect.DelegatingMethodAccessorImpl.invoke(DelegatingMethodAccessorImpl.java:43)
	at java.lang.reflect.Method.invoke(Method.java:498)
	at org.apache.ibatis.datasource.pooled.PooledConnection.invoke(PooledConnection.java:245)
	at com.sun.proxy.$Proxy12.prepareStatement(Unknown Source)
	at sun.reflect.GeneratedMethodAccessor6.invoke(Unknown Source)
	at sun.reflect.DelegatingMethodAccessorImpl.invoke(DelegatingMethodAccessorImpl.java:43)
	at java.lang.reflect.Method.invoke(Method.java:498)
	at org.apache.ibatis.logging.jdbc.ConnectionLogger.invoke(ConnectionLogger.java:55)
	at com.sun.proxy.$Proxy12.prepareStatement(Unknown Source)
	at org.apache.ibatis.executor.statement.PreparedStatementHandler.instantiateStatement(PreparedStatementHandler.java:79)
	at org.apache.ibatis.executor.statement.BaseStatementHandler.prepare(BaseStatementHandler.java:88)
	at org.apache.ibatis.executor.statement.RoutingStatementHandler.prepare(RoutingStatementHandler.java:58)
	at org.apache.ibatis.executor.SimpleExecutor.prepareStatement(SimpleExecutor.java:76)
	at org.apache.ibatis.executor.SimpleExecutor.doQuery(SimpleExecutor.java:61)
	at org.apache.ibatis.executor.BaseExecutor.queryFromDatabase(BaseExecutor.java:303)
	at org.apache.ibatis.executor.BaseExecutor.query(BaseExecutor.java:154)
	at org.apache.ibatis.executor.CachingExecutor.query(CachingExecutor.java:102)
	at org.apache.ibatis.executor.CachingExecutor.query(CachingExecutor.java:82)
	at org.apache.ibatis.session.defaults.DefaultSqlSession.selectList(DefaultSqlSession.java:120)
	... 40 more
10:48:01,333 [main] DEBUG org.activiti.engine.impl.test.PvmTestCase  - verifying that db is clean after test
10:48:01,333 [main] DEBUG org.activiti.engine.impl.interceptor.LogInterceptor  - 

10:48:01,333 [main] DEBUG org.activiti.engine.impl.interceptor.LogInterceptor  - --- starting GetTableCountCmd --------------------------------------------------------
10:48:01,333 [main] DEBUG org.apache.ibatis.transaction.jdbc.JdbcTransaction  - Opening JDBC Connection
10:48:01,333 [main] DEBUG org.apache.ibatis.datasource.pooled.PooledDataSource  - Checked out connection 486346394 from pool.
10:48:01,333 [main] DEBUG org.apache.ibatis.transaction.jdbc.JdbcTransaction  - Setting autocommit to false on JDBC Connection [conn6: url=jdbc:h2:mem:activiti user=SA]
10:48:01,333 [main] DEBUG org.activiti.engine.impl.persistence.entity.TableDataManager  - retrieving activiti tables from jdbc metadata
10:48:01,333 [main] DEBUG org.activiti.engine.impl.persistence.entity.TableDataManager  -   retrieved activiti table name ACT_EVT_LOG
10:48:01,333 [main] DEBUG org.activiti.engine.impl.persistence.entity.TableDataManager  -   retrieved activiti table name ACT_GE_BYTEARRAY
10:48:01,334 [main] DEBUG org.activiti.engine.impl.persistence.entity.TableDataManager  -   retrieved activiti table name ACT_GE_PROPERTY
10:48:01,334 [main] DEBUG org.activiti.engine.impl.persistence.entity.TableDataManager  -   retrieved activiti table name ACT_HI_ACTINST
10:48:01,334 [main] DEBUG org.activiti.engine.impl.persistence.entity.TableDataManager  -   retrieved activiti table name ACT_HI_ATTACHMENT
10:48:01,334 [main] DEBUG org.activiti.engine.impl.persistence.entity.TableDataManager  -   retrieved activiti table name ACT_HI_COMMENT
10:48:01,334 [main] DEBUG org.activiti.engine.impl.persistence.entity.TableDataManager  -   retrieved activiti table name ACT_HI_DETAIL
10:48:01,334 [main] DEBUG org.activiti.engine.impl.persistence.entity.TableDataManager  -   retrieved activiti table name ACT_HI_IDENTITYLINK
10:48:01,334 [main] DEBUG org.activiti.engine.impl.persistence.entity.TableDataManager  -   retrieved activiti table name ACT_HI_PROCINST
10:48:01,334 [main] DEBUG org.activiti.engine.impl.persistence.entity.TableDataManager  -   retrieved activiti table name ACT_HI_TASKINST
10:48:01,334 [main] DEBUG org.activiti.engine.impl.persistence.entity.TableDataManager  -   retrieved activiti table name ACT_HI_VARINST
10:48:01,334 [main] DEBUG org.activiti.engine.impl.persistence.entity.TableDataManager  -   retrieved activiti table name ACT_ID_GROUP
10:48:01,334 [main] DEBUG org.activiti.engine.impl.persistence.entity.TableDataManager  -   retrieved activiti table name ACT_ID_INFO
10:48:01,334 [main] DEBUG org.activiti.engine.impl.persistence.entity.TableDataManager  -   retrieved activiti table name ACT_ID_MEMBERSHIP
10:48:01,334 [main] DEBUG org.activiti.engine.impl.persistence.entity.TableDataManager  -   retrieved activiti table name ACT_ID_USER
10:48:01,334 [main] DEBUG org.activiti.engine.impl.persistence.entity.TableDataManager  -   retrieved activiti table name ACT_PROCDEF_INFO
10:48:01,334 [main] DEBUG org.activiti.engine.impl.persistence.entity.TableDataManager  -   retrieved activiti table name ACT_RE_DEPLOYMENT
10:48:01,334 [main] DEBUG org.activiti.engine.impl.persistence.entity.TableDataManager  -   retrieved activiti table name ACT_RE_MODEL
10:48:01,334 [main] DEBUG org.activiti.engine.impl.persistence.entity.TableDataManager  -   retrieved activiti table name ACT_RE_PROCDEF
10:48:01,334 [main] DEBUG org.activiti.engine.impl.persistence.entity.TableDataManager  -   retrieved activiti table name ACT_RU_EVENT_SUBSCR
10:48:01,334 [main] DEBUG org.activiti.engine.impl.persistence.entity.TableDataManager  -   retrieved activiti table name ACT_RU_EXECUTION
10:48:01,334 [main] DEBUG org.activiti.engine.impl.persistence.entity.TableDataManager  -   retrieved activiti table name ACT_RU_IDENTITYLINK
10:48:01,334 [main] DEBUG org.activiti.engine.impl.persistence.entity.TableDataManager  -   retrieved activiti table name ACT_RU_JOB
10:48:01,334 [main] DEBUG org.activiti.engine.impl.persistence.entity.TableDataManager  -   retrieved activiti table name ACT_RU_TASK
10:48:01,334 [main] DEBUG org.activiti.engine.impl.persistence.entity.TableDataManager  -   retrieved activiti table name ACT_RU_VARIABLE
10:48:01,334 [main] DEBUG org.activiti.engine.impl.persistence.entity.TableDataManager  - selecting table count for ACT_EVT_LOG
10:48:01,334 [main] DEBUG org.activiti.engine.impl.TablePageMap.selectTableCount  - ==&gt;  Preparing: select count(*) from ACT_EVT_LOG 
10:48:01,334 [main] DEBUG org.activiti.engine.impl.TablePageMap.selectTableCount  - ==&gt; Parameters: 
10:48:01,334 [main] DEBUG org.activiti.engine.impl.TablePageMap.selectTableCount  - &lt;==      Total: 1
10:48:01,334 [main] DEBUG org.activiti.engine.impl.persistence.entity.TableDataManager  - selecting table count for ACT_GE_BYTEARRAY
10:48:01,334 [main] DEBUG org.activiti.engine.impl.TablePageMap.selectTableCount  - ==&gt;  Preparing: select count(*) from ACT_GE_BYTEARRAY 
10:48:01,334 [main] DEBUG org.activiti.engine.impl.TablePageMap.selectTableCount  - ==&gt; Parameters: 
10:48:01,334 [main] DEBUG org.activiti.engine.impl.TablePageMap.selectTableCount  - &lt;==      Total: 1
10:48:01,334 [main] DEBUG org.activiti.engine.impl.persistence.entity.TableDataManager  - selecting table count for ACT_GE_PROPERTY
10:48:01,334 [main] DEBUG org.activiti.engine.impl.TablePageMap.selectTableCount  - ==&gt;  Preparing: select count(*) from ACT_GE_PROPERTY 
10:48:01,334 [main] DEBUG org.activiti.engine.impl.TablePageMap.selectTableCount  - ==&gt; Parameters: 
10:48:01,334 [main] DEBUG org.activiti.engine.impl.TablePageMap.selectTableCount  - &lt;==      Total: 1
10:48:01,334 [main] DEBUG org.activiti.engine.impl.persistence.entity.TableDataManager  - selecting table count for ACT_HI_ACTINST
10:48:01,334 [main] DEBUG org.activiti.engine.impl.TablePageMap.selectTableCount  - ==&gt;  Preparing: select count(*) from ACT_HI_ACTINST 
10:48:01,334 [main] DEBUG org.activiti.engine.impl.TablePageMap.selectTableCount  - ==&gt; Parameters: 
10:48:01,334 [main] DEBUG org.activiti.engine.impl.TablePageMap.selectTableCount  - &lt;==      Total: 1
10:48:01,334 [main] DEBUG org.activiti.engine.impl.persistence.entity.TableDataManager  - selecting table count for ACT_HI_ATTACHMENT
10:48:01,334 [main] DEBUG org.activiti.engine.impl.TablePageMap.selectTableCount  - ==&gt;  Preparing: select count(*) from ACT_HI_ATTACHMENT 
10:48:01,334 [main] DEBUG org.activiti.engine.impl.TablePageMap.selectTableCount  - ==&gt; Parameters: 
10:48:01,334 [main] DEBUG org.activiti.engine.impl.TablePageMap.selectTableCount  - &lt;==      Total: 1
10:48:01,334 [main] DEBUG org.activiti.engine.impl.persistence.entity.TableDataManager  - selecting table count for ACT_HI_COMMENT
10:48:01,334 [main] DEBUG org.activiti.engine.impl.TablePageMap.selectTableCount  - ==&gt;  Preparing: select count(*) from ACT_HI_COMMENT 
10:48:01,334 [main] DEBUG org.activiti.engine.impl.TablePageMap.selectTableCount  - ==&gt; Parameters: 
10:48:01,334 [main] DEBUG org.activiti.engine.impl.TablePageMap.selectTableCount  - &lt;==      Total: 1
10:48:01,334 [main] DEBUG org.activiti.engine.impl.persistence.entity.TableDataManager  - selecting table count for ACT_HI_DETAIL
10:48:01,334 [main] DEBUG org.activiti.engine.impl.TablePageMap.selectTableCount  - ==&gt;  Preparing: select count(*) from ACT_HI_DETAIL 
10:48:01,334 [main] DEBUG org.activiti.engine.impl.TablePageMap.selectTableCount  - ==&gt; Parameters: 
10:48:01,334 [main] DEBUG org.activiti.engine.impl.TablePageMap.selectTableCount  - &lt;==      Total: 1
10:48:01,334 [main] DEBUG org.activiti.engine.impl.persistence.entity.TableDataManager  - selecting table count for ACT_HI_IDENTITYLINK
10:48:01,334 [main] DEBUG org.activiti.engine.impl.TablePageMap.selectTableCount  - ==&gt;  Preparing: select count(*) from ACT_HI_IDENTITYLINK 
10:48:01,334 [main] DEBUG org.activiti.engine.impl.TablePageMap.selectTableCount  - ==&gt; Parameters: 
10:48:01,334 [main] DEBUG org.activiti.engine.impl.TablePageMap.selectTableCount  - &lt;==      Total: 1
10:48:01,334 [main] DEBUG org.activiti.engine.impl.persistence.entity.TableDataManager  - selecting table count for ACT_HI_PROCINST
10:48:01,335 [main] DEBUG org.activiti.engine.impl.TablePageMap.selectTableCount  - ==&gt;  Preparing: select count(*) from ACT_HI_PROCINST 
10:48:01,335 [main] DEBUG org.activiti.engine.impl.TablePageMap.selectTableCount  - ==&gt; Parameters: 
10:48:01,335 [main] DEBUG org.activiti.engine.impl.TablePageMap.selectTableCount  - &lt;==      Total: 1
10:48:01,335 [main] DEBUG org.activiti.engine.impl.persistence.entity.TableDataManager  - selecting table count for ACT_HI_TASKINST
10:48:01,335 [main] DEBUG org.activiti.engine.impl.TablePageMap.selectTableCount  - ==&gt;  Preparing: select count(*) from ACT_HI_TASKINST 
10:48:01,335 [main] DEBUG org.activiti.engine.impl.TablePageMap.selectTableCount  - ==&gt; Parameters: 
10:48:01,335 [main] DEBUG org.activiti.engine.impl.TablePageMap.selectTableCount  - &lt;==      Total: 1
10:48:01,335 [main] DEBUG org.activiti.engine.impl.persistence.entity.TableDataManager  - selecting table count for ACT_HI_VARINST
10:48:01,335 [main] DEBUG org.activiti.engine.impl.TablePageMap.selectTableCount  - ==&gt;  Preparing: select count(*) from ACT_HI_VARINST 
10:48:01,335 [main] DEBUG org.activiti.engine.impl.TablePageMap.selectTableCount  - ==&gt; Parameters: 
10:48:01,335 [main] DEBUG org.activiti.engine.impl.TablePageMap.selectTableCount  - &lt;==      Total: 1
10:48:01,335 [main] DEBUG org.activiti.engine.impl.persistence.entity.TableDataManager  - selecting table count for ACT_ID_GROUP
10:48:01,335 [main] DEBUG org.activiti.engine.impl.TablePageMap.selectTableCount  - ==&gt;  Preparing: select count(*) from ACT_ID_GROUP 
10:48:01,335 [main] DEBUG org.activiti.engine.impl.TablePageMap.selectTableCount  - ==&gt; Parameters: 
10:48:01,335 [main] DEBUG org.activiti.engine.impl.TablePageMap.selectTableCount  - &lt;==      Total: 1
10:48:01,335 [main] DEBUG org.activiti.engine.impl.persistence.entity.TableDataManager  - selecting table count for ACT_ID_INFO
10:48:01,335 [main] DEBUG org.activiti.engine.impl.TablePageMap.selectTableCount  - ==&gt;  Preparing: select count(*) from ACT_ID_INFO 
10:48:01,335 [main] DEBUG org.activiti.engine.impl.TablePageMap.selectTableCount  - ==&gt; Parameters: 
10:48:01,335 [main] DEBUG org.activiti.engine.impl.TablePageMap.selectTableCount  - &lt;==      Total: 1
10:48:01,335 [main] DEBUG org.activiti.engine.impl.persistence.entity.TableDataManager  - selecting table count for ACT_ID_MEMBERSHIP
10:48:01,335 [main] DEBUG org.activiti.engine.impl.TablePageMap.selectTableCount  - ==&gt;  Preparing: select count(*) from ACT_ID_MEMBERSHIP 
10:48:01,335 [main] DEBUG org.activiti.engine.impl.TablePageMap.selectTableCount  - ==&gt; Parameters: 
10:48:01,335 [main] DEBUG org.activiti.engine.impl.TablePageMap.selectTableCount  - &lt;==      Total: 1
10:48:01,335 [main] DEBUG org.activiti.engine.impl.persistence.entity.TableDataManager  - selecting table count for ACT_ID_USER
10:48:01,335 [main] DEBUG org.activiti.engine.impl.TablePageMap.selectTableCount  - ==&gt;  Preparing: select count(*) from ACT_ID_USER 
10:48:01,335 [main] DEBUG org.activiti.engine.impl.TablePageMap.selectTableCount  - ==&gt; Parameters: 
10:48:01,335 [main] DEBUG org.activiti.engine.impl.TablePageMap.selectTableCount  - &lt;==      Total: 1
10:48:01,335 [main] DEBUG org.activiti.engine.impl.persistence.entity.TableDataManager  - selecting table count for ACT_PROCDEF_INFO
10:48:01,335 [main] DEBUG org.activiti.engine.impl.TablePageMap.selectTableCount  - ==&gt;  Preparing: select count(*) from ACT_PROCDEF_INFO 
10:48:01,335 [main] DEBUG org.activiti.engine.impl.TablePageMap.selectTableCount  - ==&gt; Parameters: 
10:48:01,335 [main] DEBUG org.activiti.engine.impl.TablePageMap.selectTableCount  - &lt;==      Total: 1
10:48:01,335 [main] DEBUG org.activiti.engine.impl.persistence.entity.TableDataManager  - selecting table count for ACT_RE_DEPLOYMENT
10:48:01,335 [main] DEBUG org.activiti.engine.impl.TablePageMap.selectTableCount  - ==&gt;  Preparing: select count(*) from ACT_RE_DEPLOYMENT 
10:48:01,335 [main] DEBUG org.activiti.engine.impl.TablePageMap.selectTableCount  - ==&gt; Parameters: 
10:48:01,335 [main] DEBUG org.activiti.engine.impl.TablePageMap.selectTableCount  - &lt;==      Total: 1
10:48:01,335 [main] DEBUG org.activiti.engine.impl.persistence.entity.TableDataManager  - selecting table count for ACT_RE_MODEL
10:48:01,335 [main] DEBUG org.activiti.engine.impl.TablePageMap.selectTableCount  - ==&gt;  Preparing: select count(*) from ACT_RE_MODEL 
10:48:01,335 [main] DEBUG org.activiti.engine.impl.TablePageMap.selectTableCount  - ==&gt; Parameters: 
10:48:01,335 [main] DEBUG org.activiti.engine.impl.TablePageMap.selectTableCount  - &lt;==      Total: 1
10:48:01,335 [main] DEBUG org.activiti.engine.impl.persistence.entity.TableDataManager  - selecting table count for ACT_RE_PROCDEF
10:48:01,335 [main] DEBUG org.activiti.engine.impl.TablePageMap.selectTableCount  - ==&gt;  Preparing: select count(*) from ACT_RE_PROCDEF 
10:48:01,335 [main] DEBUG org.activiti.engine.impl.TablePageMap.selectTableCount  - ==&gt; Parameters: 
10:48:01,335 [main] DEBUG org.activiti.engine.impl.TablePageMap.selectTableCount  - &lt;==      Total: 1
10:48:01,335 [main] DEBUG org.activiti.engine.impl.persistence.entity.TableDataManager  - selecting table count for ACT_RU_EVENT_SUBSCR
10:48:01,335 [main] DEBUG org.activiti.engine.impl.TablePageMap.selectTableCount  - ==&gt;  Preparing: select count(*) from ACT_RU_EVENT_SUBSCR 
10:48:01,335 [main] DEBUG org.activiti.engine.impl.TablePageMap.selectTableCount  - ==&gt; Parameters: 
10:48:01,335 [main] DEBUG org.activiti.engine.impl.TablePageMap.selectTableCount  - &lt;==      Total: 1
10:48:01,335 [main] DEBUG org.activiti.engine.impl.persistence.entity.TableDataManager  - selecting table count for ACT_RU_EXECUTION
10:48:01,335 [main] DEBUG org.activiti.engine.impl.TablePageMap.selectTableCount  - ==&gt;  Preparing: select count(*) from ACT_RU_EXECUTION 
10:48:01,335 [main] DEBUG org.activiti.engine.impl.TablePageMap.selectTableCount  - ==&gt; Parameters: 
10:48:01,335 [main] DEBUG org.activiti.engine.impl.TablePageMap.selectTableCount  - &lt;==      Total: 1
10:48:01,335 [main] DEBUG org.activiti.engine.impl.persistence.entity.TableDataManager  - selecting table count for ACT_RU_IDENTITYLINK
10:48:01,336 [main] DEBUG org.activiti.engine.impl.TablePageMap.selectTableCount  - ==&gt;  Preparing: select count(*) from ACT_RU_IDENTITYLINK 
10:48:01,336 [main] DEBUG org.activiti.engine.impl.TablePageMap.selectTableCount  - ==&gt; Parameters: 
10:48:01,336 [main] DEBUG org.activiti.engine.impl.TablePageMap.selectTableCount  - &lt;==      Total: 1
10:48:01,336 [main] DEBUG org.activiti.engine.impl.persistence.entity.TableDataManager  - selecting table count for ACT_RU_JOB
10:48:01,336 [main] DEBUG org.activiti.engine.impl.TablePageMap.selectTableCount  - ==&gt;  Preparing: select count(*) from ACT_RU_JOB 
10:48:01,336 [main] DEBUG org.activiti.engine.impl.TablePageMap.selectTableCount  - ==&gt; Parameters: 
10:48:01,336 [main] DEBUG org.activiti.engine.impl.TablePageMap.selectTableCount  - &lt;==      Total: 1
10:48:01,336 [main] DEBUG org.activiti.engine.impl.persistence.entity.TableDataManager  - selecting table count for ACT_RU_TASK
10:48:01,336 [main] DEBUG org.activiti.engine.impl.TablePageMap.selectTableCount  - ==&gt;  Preparing: select count(*) from ACT_RU_TASK 
10:48:01,336 [main] DEBUG org.activiti.engine.impl.TablePageMap.selectTableCount  - ==&gt; Parameters: 
10:48:01,336 [main] DEBUG org.activiti.engine.impl.TablePageMap.selectTableCount  - &lt;==      Total: 1
10:48:01,336 [main] DEBUG org.activiti.engine.impl.persistence.entity.TableDataManager  - selecting table count for ACT_RU_VARIABLE
10:48:01,336 [main] DEBUG org.activiti.engine.impl.TablePageMap.selectTableCount  - ==&gt;  Preparing: select count(*) from ACT_RU_VARIABLE 
10:48:01,336 [main] DEBUG org.activiti.engine.impl.TablePageMap.selectTableCount  - ==&gt; Parameters: 
10:48:01,336 [main] DEBUG org.activiti.engine.impl.TablePageMap.selectTableCount  - &lt;==      Total: 1
10:48:01,336 [main] DEBUG org.activiti.engine.impl.persistence.entity.TableDataManager  - Number of rows per activiti table: {ACT_RU_EVENT_SUBSCR=0, ACT_ID_USER=0, ACT_HI_ATTACHMENT=0, ACT_GE_BYTEARRAY=0, ACT_RE_MODEL=0, ACT_RU_VARIABLE=0, ACT_RU_TASK=1, ACT_RE_DEPLOYMENT=0, ACT_RE_PROCDEF=0, ACT_ID_GROUP=0, ACT_HI_VARINST=0, ACT_HI_COMMENT=2, ACT_HI_PROCINST=0, ACT_ID_INFO=0, ACT_ID_MEMBERSHIP=0, ACT_RU_JOB=0, ACT_PROCDEF_INFO=0, ACT_HI_ACTINST=0, ACT_RU_EXECUTION=0, ACT_HI_TASKINST=1, ACT_HI_DETAIL=0, ACT_EVT_LOG=0, ACT_HI_IDENTITYLINK=2, ACT_RU_IDENTITYLINK=2, ACT_GE_PROPERTY=3}
10:48:01,336 [main] DEBUG org.activiti.engine.impl.db.DbSqlSession  - flush summary: 0 insert, 0 update, 0 delete.
10:48:01,336 [main] DEBUG org.activiti.engine.impl.db.DbSqlSession  - now executing flush...
10:48:01,336 [main] DEBUG org.activiti.engine.impl.cfg.standalone.StandaloneMybatisTransactionContext  - firing event committing...
10:48:01,336 [main] DEBUG org.activiti.engine.impl.cfg.standalone.StandaloneMybatisTransactionContext  - committing the ibatis sql session...
10:48:01,336 [main] DEBUG org.activiti.engine.impl.cfg.standalone.StandaloneMybatisTransactionContext  - firing event committed...
10:48:01,336 [main] DEBUG org.apache.ibatis.transaction.jdbc.JdbcTransaction  - Resetting autocommit to true on JDBC Connection [conn6: url=jdbc:h2:mem:activiti user=SA]
10:48:01,336 [main] DEBUG org.apache.ibatis.transaction.jdbc.JdbcTransaction  - Closing JDBC Connection [conn6: url=jdbc:h2:mem:activiti user=SA]
10:48:01,336 [main] DEBUG org.apache.ibatis.datasource.pooled.PooledDataSource  - Returned connection 486346394 to pool.
10:48:01,336 [main] DEBUG org.activiti.engine.impl.interceptor.LogInterceptor  - --- GetTableCountCmd finished --------------------------------------------------------
10:48:01,336 [main] DEBUG org.activiti.engine.impl.interceptor.LogInterceptor  - 

10:48:01,336 [main] ERROR org.activiti.engine.impl.test.PvmTestCase  - 

10:48:01,336 [main] ERROR org.activiti.engine.impl.test.PvmTestCase  - DB NOT CLEAN: 
  ACT_RU_TASK: 1 record(s)   ACT_HI_COMMENT: 2 record(s)   ACT_HI_TASKINST: 1 record(s)   ACT_HI_IDENTITYLINK: 2 record(s)   ACT_RU_IDENTITYLINK: 2 record(s) 
10:48:01,336 [main] INFO  org.activiti.engine.impl.test.PvmTestCase  - dropping and recreating db
10:48:01,336 [main] DEBUG org.activiti.engine.impl.interceptor.LogInterceptor  - 

10:48:01,336 [main] DEBUG org.activiti.engine.impl.interceptor.LogInterceptor  - --- starting  --------------------------------------------------------
10:48:01,336 [main] INFO  org.activiti.engine.impl.db.DbSqlSession  - performing drop on engine with resource org/activiti/db/drop/activiti.h2.drop.engine.sql
10:48:01,336 [main] DEBUG org.apache.ibatis.transaction.jdbc.JdbcTransaction  - Opening JDBC Connection
10:48:01,336 [main] DEBUG org.apache.ibatis.datasource.pooled.PooledDataSource  - Checked out connection 363509958 from pool.
10:48:01,336 [main] DEBUG org.apache.ibatis.transaction.jdbc.JdbcTransaction  - Setting autocommit to false on JDBC Connection [conn2: url=jdbc:h2:mem:activiti user=SA]
10:48:01,336 [main] DEBUG org.activiti.engine.impl.db.DbSqlSession  - SQL: drop table if exists ACT_GE_PROPERTY cascade constraints
10:48:01,337 [main] DEBUG org.activiti.engine.impl.db.DbSqlSession  - SQL: drop table if exists ACT_GE_BYTEARRAY cascade constraints
10:48:01,337 [main] DEBUG org.activiti.engine.impl.db.DbSqlSession  - SQL: drop table if exists ACT_RE_DEPLOYMENT cascade constraints
10:48:01,337 [main] DEBUG org.activiti.engine.impl.db.DbSqlSession  - SQL: drop table if exists ACT_RE_MODEL cascade constraints
10:48:01,337 [main] DEBUG org.activiti.engine.impl.db.DbSqlSession  - SQL: drop table if exists ACT_RU_EXECUTION cascade constraints
10:48:01,338 [main] DEBUG org.activiti.engine.impl.db.DbSqlSession  - SQL: drop table if exists ACT_RU_JOB cascade constraints
10:48:01,338 [main] DEBUG org.activiti.engine.impl.db.DbSqlSession  - SQL: drop table if exists ACT_RE_PROCDEF cascade constraints
10:48:01,338 [main] DEBUG org.activiti.engine.impl.db.DbSqlSession  - SQL: drop table if exists ACT_RU_TASK cascade constraints
10:48:01,338 [main] DEBUG org.activiti.engine.impl.db.DbSqlSession  - SQL: drop table if exists ACT_RU_IDENTITYLINK cascade constraints
10:48:01,338 [main] DEBUG org.activiti.engine.impl.db.DbSqlSession  - SQL: drop table if exists ACT_RU_VARIABLE cascade constraints
10:48:01,338 [main] DEBUG org.activiti.engine.impl.db.DbSqlSession  - SQL: drop table if exists ACT_RU_EVENT_SUBSCR cascade constraints
10:48:01,338 [main] DEBUG org.activiti.engine.impl.db.DbSqlSession  - SQL: drop table if exists ACT_EVT_LOG cascade constraints
10:48:01,338 [main] DEBUG org.activiti.engine.impl.db.DbSqlSession  - SQL: drop table if exists ACT_PROCDEF_INFO cascade constraints
10:48:01,338 [main] DEBUG org.activiti.engine.impl.db.DbSqlSession  - SQL: drop index if exists ACT_IDX_EXEC_BUSKEY
10:48:01,338 [main] DEBUG org.activiti.engine.impl.db.DbSqlSession  - SQL: drop index if exists ACT_IDX_TASK_CREATE
10:48:01,338 [main] DEBUG org.activiti.engine.impl.db.DbSqlSession  - SQL: drop index if exists ACT_IDX_IDENT_LNK_USER
10:48:01,338 [main] DEBUG org.activiti.engine.impl.db.DbSqlSession  - SQL: drop index if exists ACT_IDX_IDENT_LNK_GROUP
10:48:01,338 [main] DEBUG org.activiti.engine.impl.db.DbSqlSession  - SQL: drop index if exists ACT_IDX_VARIABLE_TASK_ID
10:48:01,338 [main] DEBUG org.activiti.engine.impl.db.DbSqlSession  - SQL: drop index if exists ACT_IDX_EVENT_SUBSCR_CONFIG_
10:48:01,338 [main] DEBUG org.activiti.engine.impl.db.DbSqlSession  - SQL: drop index if exists ACT_IDX_ATHRZ_PROCEDEF
10:48:01,338 [main] DEBUG org.activiti.engine.impl.db.DbSqlSession  - SQL: drop index if exists ACT_IDX_INFO_PROCDEF
10:48:01,338 [main] DEBUG org.activiti.engine.impl.db.DbSqlSession  - activiti db schema drop for component engine successful
10:48:01,338 [main] INFO  org.activiti.engine.impl.db.DbSqlSession  - performing drop on history with resource org/activiti/db/drop/activiti.h2.drop.history.sql
10:48:01,339 [main] DEBUG org.activiti.engine.impl.db.DbSqlSession  - SQL: drop table if exists ACT_HI_PROCINST cascade constraints
10:48:01,339 [main] DEBUG org.activiti.engine.impl.db.DbSqlSession  - SQL: drop table if exists ACT_HI_ACTINST cascade constraints
10:48:01,339 [main] DEBUG org.activiti.engine.impl.db.DbSqlSession  - SQL: drop table if exists ACT_HI_VARINST cascade constraints
10:48:01,339 [main] DEBUG org.activiti.engine.impl.db.DbSqlSession  - SQL: drop table if exists ACT_HI_TASKINST cascade constraints
10:48:01,339 [main] DEBUG org.activiti.engine.impl.db.DbSqlSession  - SQL: drop table if exists ACT_HI_DETAIL cascade constraints
10:48:01,339 [main] DEBUG org.activiti.engine.impl.db.DbSqlSession  - SQL: drop table if exists ACT_HI_COMMENT cascade constraints
10:48:01,339 [main] DEBUG org.activiti.engine.impl.db.DbSqlSession  - SQL: drop table if exists ACT_HI_ATTACHMENT cascade constraints
10:48:01,339 [main] DEBUG org.activiti.engine.impl.db.DbSqlSession  - SQL: drop table if exists ACT_HI_IDENTITYLINK cascade constraints
10:48:01,339 [main] DEBUG org.activiti.engine.impl.db.DbSqlSession  - SQL: drop index if exists ACT_IDX_HI_PRO_INST_END
10:48:01,339 [main] DEBUG org.activiti.engine.impl.db.DbSqlSession  - SQL: drop index if exists ACT_IDX_HI_PRO_I_BUSKEY
10:48:01,339 [main] DEBUG org.activiti.engine.impl.db.DbSqlSession  - SQL: drop index if exists ACT_IDX_HI_ACT_INST_START
10:48:01,339 [main] DEBUG org.activiti.engine.impl.db.DbSqlSession  - SQL: drop index if exists ACT_IDX_HI_ACT_INST_END
10:48:01,339 [main] DEBUG org.activiti.engine.impl.db.DbSqlSession  - SQL: drop index if exists ACT_IDX_HI_DETAIL_PROC_INST
10:48:01,339 [main] DEBUG org.activiti.engine.impl.db.DbSqlSession  - SQL: drop index if exists ACT_IDX_HI_DETAIL_ACT_INST
10:48:01,339 [main] DEBUG org.activiti.engine.impl.db.DbSqlSession  - SQL: drop index if exists ACT_IDX_HI_DETAIL_TIME
10:48:01,339 [main] DEBUG org.activiti.engine.impl.db.DbSqlSession  - SQL: drop index if exists ACT_IDX_HI_DETAIL_NAME
10:48:01,339 [main] DEBUG org.activiti.engine.impl.db.DbSqlSession  - SQL: drop index if exists ACT_IDX_HI_DETAIL_TASK_ID
10:48:01,339 [main] DEBUG org.activiti.engine.impl.db.DbSqlSession  - SQL: drop index if exists ACT_IDX_HI_PROCVAR_PROC_INST
10:48:01,339 [main] DEBUG org.activiti.engine.impl.db.DbSqlSession  - SQL: drop index if exists ACT_IDX_HI_PROCVAR_NAME_TYPE
10:48:01,339 [main] DEBUG org.activiti.engine.impl.db.DbSqlSession  - SQL: drop index if exists ACT_IDX_HI_ACT_INST_PROCINST
10:48:01,339 [main] DEBUG org.activiti.engine.impl.db.DbSqlSession  - SQL: drop index if exists ACT_IDX_HI_IDENT_LNK_USER
10:48:01,339 [main] DEBUG org.activiti.engine.impl.db.DbSqlSession  - SQL: drop index if exists ACT_IDX_HI_IDENT_LNK_TASK
10:48:01,339 [main] DEBUG org.activiti.engine.impl.db.DbSqlSession  - SQL: drop index if exists ACT_IDX_HI_IDENT_LNK_PROCINST
10:48:01,340 [main] DEBUG org.activiti.engine.impl.db.DbSqlSession  - SQL: drop index if exists ACT_IDX_HI_TASK_INST_PROCINST
10:48:01,340 [main] DEBUG org.activiti.engine.impl.db.DbSqlSession  - activiti db schema drop for component history successful
10:48:01,340 [main] INFO  org.activiti.engine.impl.db.DbSqlSession  - performing drop on identity with resource org/activiti/db/drop/activiti.h2.drop.identity.sql
10:48:01,340 [main] DEBUG org.activiti.engine.impl.db.DbSqlSession  - SQL: drop table if exists ACT_ID_INFO cascade constraints
10:48:01,340 [main] DEBUG org.activiti.engine.impl.db.DbSqlSession  - SQL: drop table if exists ACT_ID_GROUP cascade constraints
10:48:01,340 [main] DEBUG org.activiti.engine.impl.db.DbSqlSession  - SQL: drop table if exists ACT_ID_MEMBERSHIP cascade constraints
10:48:01,340 [main] DEBUG org.activiti.engine.impl.db.DbSqlSession  - SQL: drop table if exists ACT_ID_USER cascade constraints
10:48:01,340 [main] DEBUG org.activiti.engine.impl.db.DbSqlSession  - activiti db schema drop for component identity successful
10:48:01,341 [main] INFO  org.activiti.engine.impl.db.DbSqlSession  - performing create on engine with resource org/activiti/db/create/activiti.h2.create.engine.sql
10:48:01,341 [main] DEBUG org.activiti.engine.impl.db.DbSqlSession  - SQL: create table ACT_GE_PROPERTY ( 
NAME_ varchar(64), 
VALUE_ varchar(300), 
REV_ integer, 
primary key (NAME_) 
)
10:48:01,341 [main] DEBUG org.activiti.engine.impl.db.DbSqlSession  - SQL: insert into ACT_GE_PROPERTY 
values (&apos;schema.version&apos;, &apos;5.20.0.0&apos;, 1)
10:48:01,341 [main] DEBUG org.activiti.engine.impl.db.DbSqlSession  - SQL: insert into ACT_GE_PROPERTY 
values (&apos;schema.history&apos;, &apos;create(5.20.0.0)&apos;, 1)
10:48:01,341 [main] DEBUG org.activiti.engine.impl.db.DbSqlSession  - SQL: insert into ACT_GE_PROPERTY 
values (&apos;next.dbid&apos;, &apos;1&apos;, 1)
10:48:01,342 [main] DEBUG org.activiti.engine.impl.db.DbSqlSession  - SQL: create table ACT_GE_BYTEARRAY ( 
ID_ varchar(64), 
REV_ integer, 
NAME_ varchar(255), 
DEPLOYMENT_ID_ varchar(64), 
BYTES_ longvarbinary, 
GENERATED_ bit, 
primary key (ID_) 
)
10:48:01,342 [main] DEBUG org.activiti.engine.impl.db.DbSqlSession  - SQL: create table ACT_RE_DEPLOYMENT ( 
ID_ varchar(64), 
NAME_ varchar(255), 
CATEGORY_ varchar(255), 
TENANT_ID_ varchar(255) default &apos;&apos;, 
DEPLOY_TIME_ timestamp, 
primary key (ID_) 
)
10:48:01,342 [main] DEBUG org.activiti.engine.impl.db.DbSqlSession  - SQL: create table ACT_RE_MODEL ( 
ID_ varchar(64) not null, 
REV_ integer, 
NAME_ varchar(255), 
KEY_ varchar(255), 
CATEGORY_ varchar(255), 
CREATE_TIME_ timestamp, 
LAST_UPDATE_TIME_ timestamp, 
VERSION_ integer, 
META_INFO_ varchar(4000), 
DEPLOYMENT_ID_ varchar(64), 
EDITOR_SOURCE_VALUE_ID_ varchar(64), 
EDITOR_SOURCE_EXTRA_VALUE_ID_ varchar(64), 
TENANT_ID_ varchar(255) default &apos;&apos;, 
primary key (ID_) 
)
10:48:01,342 [main] DEBUG org.activiti.engine.impl.db.DbSqlSession  - SQL: create table ACT_RU_EXECUTION ( 
ID_ varchar(64), 
REV_ integer, 
PROC_INST_ID_ varchar(64), 
BUSINESS_KEY_ varchar(255), 
PARENT_ID_ varchar(64), 
PROC_DEF_ID_ varchar(64), 
SUPER_EXEC_ varchar(64), 
ACT_ID_ varchar(255), 
IS_ACTIVE_ bit, 
IS_CONCURRENT_ bit, 
IS_SCOPE_ bit, 
IS_EVENT_SCOPE_ bit, 
SUSPENSION_STATE_ integer, 
CACHED_ENT_STATE_ integer, 
TENANT_ID_ varchar(255) default &apos;&apos;, 
NAME_ varchar(255), 
LOCK_TIME_ timestamp, 
primary key (ID_) 
)
10:48:01,342 [main] DEBUG org.activiti.engine.impl.db.DbSqlSession  - SQL: create table ACT_RU_JOB ( 
ID_ varchar(64) NOT NULL, 
REV_ integer, 
TYPE_ varchar(255) NOT NULL, 
LOCK_EXP_TIME_ timestamp, 
LOCK_OWNER_ varchar(255), 
EXCLUSIVE_ boolean, 
EXECUTION_ID_ varchar(64), 
PROCESS_INSTANCE_ID_ varchar(64), 
PROC_DEF_ID_ varchar(64), 
RETRIES_ integer, 
EXCEPTION_STACK_ID_ varchar(64), 
EXCEPTION_MSG_ varchar(4000), 
DUEDATE_ timestamp, 
REPEAT_ varchar(255), 
HANDLER_TYPE_ varchar(255), 
HANDLER_CFG_ varchar(4000), 
TENANT_ID_ varchar(255) default &apos;&apos;, 
primary key (ID_) 
)
10:48:01,342 [main] DEBUG org.activiti.engine.impl.db.DbSqlSession  - SQL: create table ACT_RE_PROCDEF ( 
ID_ varchar(64) NOT NULL, 
REV_ integer, 
CATEGORY_ varchar(255), 
NAME_ varchar(255), 
KEY_ varchar(255) NOT NULL, 
VERSION_ integer NOT NULL, 
DEPLOYMENT_ID_ varchar(64), 
RESOURCE_NAME_ varchar(4000), 
DGRM_RESOURCE_NAME_ varchar(4000), 
DESCRIPTION_ varchar(4000), 
HAS_START_FORM_KEY_ bit, 
HAS_GRAPHICAL_NOTATION_ bit, 
SUSPENSION_STATE_ integer, 
TENANT_ID_ varchar(255) default &apos;&apos;, 
primary key (ID_) 
)
10:48:01,342 [main] DEBUG org.activiti.engine.impl.db.DbSqlSession  - SQL: create table ACT_RU_TASK ( 
ID_ varchar(64), 
REV_ integer, 
EXECUTION_ID_ varchar(64), 
PROC_INST_ID_ varchar(64), 
PROC_DEF_ID_ varchar(64), 
NAME_ varchar(255), 
PARENT_TASK_ID_ varchar(64), 
DESCRIPTION_ varchar(4000), 
TASK_DEF_KEY_ varchar(255), 
OWNER_ varchar(255), 
ASSIGNEE_ varchar(255), 
DELEGATION_ varchar(64), 
PRIORITY_ integer, 
CREATE_TIME_ timestamp, 
DUE_DATE_ timestamp, 
CATEGORY_ varchar(255), 
SUSPENSION_STATE_ integer, 
TENANT_ID_ varchar(255) default &apos;&apos;, 
FORM_KEY_ varchar(255), 
primary key (ID_) 
)
10:48:01,342 [main] DEBUG org.activiti.engine.impl.db.DbSqlSession  - SQL: create table ACT_RU_IDENTITYLINK ( 
ID_ varchar(64), 
REV_ integer, 
GROUP_ID_ varchar(255), 
TYPE_ varchar(255), 
USER_ID_ varchar(255), 
TASK_ID_ varchar(64), 
PROC_INST_ID_ varchar(64) null, 
PROC_DEF_ID_ varchar(64), 
primary key (ID_) 
)
10:48:01,342 [main] DEBUG org.activiti.engine.impl.db.DbSqlSession  - SQL: create table ACT_RU_VARIABLE ( 
ID_ varchar(64) not null, 
REV_ integer, 
TYPE_ varchar(255) not null, 
NAME_ varchar(255) not null, 
EXECUTION_ID_ varchar(64), 
PROC_INST_ID_ varchar(64), 
TASK_ID_ varchar(64), 
BYTEARRAY_ID_ varchar(64), 
DOUBLE_ double, 
LONG_ bigint, 
TEXT_ varchar(4000), 
TEXT2_ varchar(4000), 
primary key (ID_) 
)
10:48:01,342 [main] DEBUG org.activiti.engine.impl.db.DbSqlSession  - SQL: create table ACT_RU_EVENT_SUBSCR ( 
ID_ varchar(64) not null, 
REV_ integer, 
EVENT_TYPE_ varchar(255) not null, 
EVENT_NAME_ varchar(255), 
EXECUTION_ID_ varchar(64), 
PROC_INST_ID_ varchar(64), 
ACTIVITY_ID_ varchar(64), 
CONFIGURATION_ varchar(255), 
CREATED_ timestamp not null, 
PROC_DEF_ID_ varchar(64), 
TENANT_ID_ varchar(255) default &apos;&apos;, 
primary key (ID_) 
)
10:48:01,342 [main] DEBUG org.activiti.engine.impl.db.DbSqlSession  - SQL: create table ACT_EVT_LOG ( 
LOG_NR_ identity, 
TYPE_ varchar(64), 
PROC_DEF_ID_ varchar(64), 
PROC_INST_ID_ varchar(64), 
EXECUTION_ID_ varchar(64), 
TASK_ID_ varchar(64), 
TIME_STAMP_ timestamp not null, 
USER_ID_ varchar(255), 
DATA_ longvarbinary, 
LOCK_OWNER_ varchar(255), 
LOCK_TIME_ timestamp, 
IS_PROCESSED_ bit default 0 
)
10:48:01,342 [main] DEBUG org.activiti.engine.impl.db.DbSqlSession  - SQL: create table ACT_PROCDEF_INFO ( 
ID_ varchar(64) not null, 
PROC_DEF_ID_ varchar(64) not null, 
REV_ integer, 
INFO_JSON_ID_ varchar(64), 
primary key (ID_) 
)
10:48:01,342 [main] DEBUG org.activiti.engine.impl.db.DbSqlSession  - SQL: create index ACT_IDX_EXEC_BUSKEY on ACT_RU_EXECUTION(BUSINESS_KEY_)
10:48:01,342 [main] DEBUG org.activiti.engine.impl.db.DbSqlSession  - SQL: create index ACT_IDX_TASK_CREATE on ACT_RU_TASK(CREATE_TIME_)
10:48:01,342 [main] DEBUG org.activiti.engine.impl.db.DbSqlSession  - SQL: create index ACT_IDX_IDENT_LNK_USER on ACT_RU_IDENTITYLINK(USER_ID_)
10:48:01,342 [main] DEBUG org.activiti.engine.impl.db.DbSqlSession  - SQL: create index ACT_IDX_IDENT_LNK_GROUP on ACT_RU_IDENTITYLINK(GROUP_ID_)
10:48:01,343 [main] DEBUG org.activiti.engine.impl.db.DbSqlSession  - SQL: create index ACT_IDX_EVENT_SUBSCR_CONFIG_ on ACT_RU_EVENT_SUBSCR(CONFIGURATION_)
10:48:01,343 [main] DEBUG org.activiti.engine.impl.db.DbSqlSession  - SQL: create index ACT_IDX_VARIABLE_TASK_ID on ACT_RU_VARIABLE(TASK_ID_)
10:48:01,343 [main] DEBUG org.activiti.engine.impl.db.DbSqlSession  - SQL: create index ACT_IDX_ATHRZ_PROCEDEF on ACT_RU_IDENTITYLINK(PROC_DEF_ID_)
10:48:01,343 [main] DEBUG org.activiti.engine.impl.db.DbSqlSession  - SQL: create index ACT_IDX_INFO_PROCDEF on ACT_PROCDEF_INFO(PROC_DEF_ID_)
10:48:01,343 [main] DEBUG org.activiti.engine.impl.db.DbSqlSession  - SQL: alter table ACT_GE_BYTEARRAY 
add constraint ACT_FK_BYTEARR_DEPL 
foreign key (DEPLOYMENT_ID_) 
references ACT_RE_DEPLOYMENT
10:48:01,343 [main] DEBUG org.activiti.engine.impl.db.DbSqlSession  - SQL: alter table ACT_RE_PROCDEF 
add constraint ACT_UNIQ_PROCDEF 
unique (KEY_,VERSION_, TENANT_ID_)
10:48:01,343 [main] DEBUG org.activiti.engine.impl.db.DbSqlSession  - SQL: alter table ACT_RU_EXECUTION 
add constraint ACT_FK_EXE_PROCINST 
foreign key (PROC_INST_ID_) 
references ACT_RU_EXECUTION
10:48:01,343 [main] DEBUG org.activiti.engine.impl.db.DbSqlSession  - SQL: alter table ACT_RU_EXECUTION 
add constraint ACT_FK_EXE_PARENT 
foreign key (PARENT_ID_) 
references ACT_RU_EXECUTION
10:48:01,343 [main] DEBUG org.activiti.engine.impl.db.DbSqlSession  - SQL: alter table ACT_RU_EXECUTION 
add constraint ACT_FK_EXE_SUPER 
foreign key (SUPER_EXEC_) 
references ACT_RU_EXECUTION
10:48:01,343 [main] DEBUG org.activiti.engine.impl.db.DbSqlSession  - SQL: alter table ACT_RU_EXECUTION 
add constraint ACT_FK_EXE_PROCDEF 
foreign key (PROC_DEF_ID_) 
references ACT_RE_PROCDEF (ID_)
10:48:01,343 [main] DEBUG org.activiti.engine.impl.db.DbSqlSession  - SQL: alter table ACT_RU_IDENTITYLINK 
add constraint ACT_FK_TSKASS_TASK 
foreign key (TASK_ID_) 
references ACT_RU_TASK
10:48:01,344 [main] DEBUG org.activiti.engine.impl.db.DbSqlSession  - SQL: alter table ACT_RU_IDENTITYLINK 
add constraint ACT_FK_ATHRZ_PROCEDEF 
foreign key (PROC_DEF_ID_) 
references ACT_RE_PROCDEF
10:48:01,344 [main] DEBUG org.activiti.engine.impl.db.DbSqlSession  - SQL: alter table ACT_RU_IDENTITYLINK 
add constraint ACT_FK_IDL_PROCINST 
foreign key (PROC_INST_ID_) 
references ACT_RU_EXECUTION (ID_)
10:48:01,344 [main] DEBUG org.activiti.engine.impl.db.DbSqlSession  - SQL: alter table ACT_RU_TASK 
add constraint ACT_FK_TASK_EXE 
foreign key (EXECUTION_ID_) 
references ACT_RU_EXECUTION
10:48:01,344 [main] DEBUG org.activiti.engine.impl.db.DbSqlSession  - SQL: alter table ACT_RU_TASK 
add constraint ACT_FK_TASK_PROCINST 
foreign key (PROC_INST_ID_) 
references ACT_RU_EXECUTION
10:48:01,344 [main] DEBUG org.activiti.engine.impl.db.DbSqlSession  - SQL: alter table ACT_RU_TASK 
add constraint ACT_FK_TASK_PROCDEF 
foreign key (PROC_DEF_ID_) 
references ACT_RE_PROCDEF
10:48:01,344 [main] DEBUG org.activiti.engine.impl.db.DbSqlSession  - SQL: alter table ACT_RU_VARIABLE 
add constraint ACT_FK_VAR_EXE 
foreign key (EXECUTION_ID_) 
references ACT_RU_EXECUTION
10:48:01,344 [main] DEBUG org.activiti.engine.impl.db.DbSqlSession  - SQL: alter table ACT_RU_VARIABLE 
add constraint ACT_FK_VAR_PROCINST 
foreign key (PROC_INST_ID_) 
references ACT_RU_EXECUTION
10:48:01,344 [main] DEBUG org.activiti.engine.impl.db.DbSqlSession  - SQL: alter table ACT_RU_VARIABLE 
add constraint ACT_FK_VAR_BYTEARRAY 
foreign key (BYTEARRAY_ID_) 
references ACT_GE_BYTEARRAY
10:48:01,345 [main] DEBUG org.activiti.engine.impl.db.DbSqlSession  - SQL: alter table ACT_RU_JOB 
add constraint ACT_FK_JOB_EXCEPTION 
foreign key (EXCEPTION_STACK_ID_) 
references ACT_GE_BYTEARRAY
10:48:01,345 [main] DEBUG org.activiti.engine.impl.db.DbSqlSession  - SQL: alter table ACT_RU_EVENT_SUBSCR 
add constraint ACT_FK_EVENT_EXEC 
foreign key (EXECUTION_ID_) 
references ACT_RU_EXECUTION
10:48:01,345 [main] DEBUG org.activiti.engine.impl.db.DbSqlSession  - SQL: alter table ACT_RE_MODEL 
add constraint ACT_FK_MODEL_SOURCE 
foreign key (EDITOR_SOURCE_VALUE_ID_) 
references ACT_GE_BYTEARRAY (ID_)
10:48:01,345 [main] DEBUG org.activiti.engine.impl.db.DbSqlSession  - SQL: alter table ACT_RE_MODEL 
add constraint ACT_FK_MODEL_SOURCE_EXTRA 
foreign key (EDITOR_SOURCE_EXTRA_VALUE_ID_) 
references ACT_GE_BYTEARRAY (ID_)
10:48:01,345 [main] DEBUG org.activiti.engine.impl.db.DbSqlSession  - SQL: alter table ACT_RE_MODEL 
add constraint ACT_FK_MODEL_DEPLOYMENT 
foreign key (DEPLOYMENT_ID_) 
references ACT_RE_DEPLOYMENT (ID_)
10:48:01,345 [main] DEBUG org.activiti.engine.impl.db.DbSqlSession  - SQL: alter table ACT_PROCDEF_INFO 
add constraint ACT_FK_INFO_JSON_BA 
foreign key (INFO_JSON_ID_) 
references ACT_GE_BYTEARRAY (ID_)
10:48:01,345 [main] DEBUG org.activiti.engine.impl.db.DbSqlSession  - SQL: alter table ACT_PROCDEF_INFO 
add constraint ACT_FK_INFO_PROCDEF 
foreign key (PROC_DEF_ID_) 
references ACT_RE_PROCDEF (ID_)
10:48:01,345 [main] DEBUG org.activiti.engine.impl.db.DbSqlSession  - SQL: alter table ACT_PROCDEF_INFO 
add constraint ACT_UNIQ_INFO_PROCDEF 
unique (PROC_DEF_ID_)
10:48:01,345 [main] DEBUG org.activiti.engine.impl.db.DbSqlSession  - activiti db schema create for component engine successful
10:48:01,345 [main] INFO  org.activiti.engine.impl.db.DbSqlSession  - performing create on history with resource org/activiti/db/create/activiti.h2.create.history.sql
10:48:01,346 [main] DEBUG org.activiti.engine.impl.db.DbSqlSession  - SQL: create table ACT_HI_PROCINST ( 
ID_ varchar(64) not null, 
PROC_INST_ID_ varchar(64) not null, 
BUSINESS_KEY_ varchar(255), 
PROC_DEF_ID_ varchar(64) not null, 
START_TIME_ timestamp not null, 
END_TIME_ timestamp, 
DURATION_ bigint, 
START_USER_ID_ varchar(255), 
START_ACT_ID_ varchar(255), 
END_ACT_ID_ varchar(255), 
SUPER_PROCESS_INSTANCE_ID_ varchar(64), 
DELETE_REASON_ varchar(4000), 
TENANT_ID_ varchar(255) default &apos;&apos;, 
NAME_ varchar(255), 
primary key (ID_), 
unique (PROC_INST_ID_) 
)
10:48:01,346 [main] DEBUG org.activiti.engine.impl.db.DbSqlSession  - SQL: create table ACT_HI_ACTINST ( 
ID_ varchar(64) not null, 
PROC_DEF_ID_ varchar(64) not null, 
PROC_INST_ID_ varchar(64) not null, 
EXECUTION_ID_ varchar(64) not null, 
ACT_ID_ varchar(255) not null, 
TASK_ID_ varchar(64), 
CALL_PROC_INST_ID_ varchar(64), 
ACT_NAME_ varchar(255), 
ACT_TYPE_ varchar(255) not null, 
ASSIGNEE_ varchar(255), 
START_TIME_ timestamp not null, 
END_TIME_ timestamp, 
DURATION_ bigint, 
TENANT_ID_ varchar(255) default &apos;&apos;, 
primary key (ID_) 
)
10:48:01,346 [main] DEBUG org.activiti.engine.impl.db.DbSqlSession  - SQL: create table ACT_HI_TASKINST ( 
ID_ varchar(64) not null, 
PROC_DEF_ID_ varchar(64), 
TASK_DEF_KEY_ varchar(255), 
PROC_INST_ID_ varchar(64), 
EXECUTION_ID_ varchar(64), 
NAME_ varchar(255), 
PARENT_TASK_ID_ varchar(64), 
DESCRIPTION_ varchar(4000), 
OWNER_ varchar(255), 
ASSIGNEE_ varchar(255), 
START_TIME_ timestamp not null, 
CLAIM_TIME_ timestamp, 
END_TIME_ timestamp, 
DURATION_ bigint, 
DELETE_REASON_ varchar(4000), 
PRIORITY_ integer, 
DUE_DATE_ timestamp, 
FORM_KEY_ varchar(255), 
CATEGORY_ varchar(255), 
TENANT_ID_ varchar(255) default &apos;&apos;, 
primary key (ID_) 
)
10:48:01,346 [main] DEBUG org.activiti.engine.impl.db.DbSqlSession  - SQL: create table ACT_HI_VARINST ( 
ID_ varchar(64) not null, 
PROC_INST_ID_ varchar(64), 
EXECUTION_ID_ varchar(64), 
TASK_ID_ varchar(64), 
NAME_ varchar(255) not null, 
VAR_TYPE_ varchar(100), 
REV_ integer, 
BYTEARRAY_ID_ varchar(64), 
DOUBLE_ double, 
LONG_ bigint, 
TEXT_ varchar(4000), 
TEXT2_ varchar(4000), 
CREATE_TIME_ timestamp, 
LAST_UPDATED_TIME_ timestamp, 
primary key (ID_) 
)
10:48:01,346 [main] DEBUG org.activiti.engine.impl.db.DbSqlSession  - SQL: create table ACT_HI_DETAIL ( 
ID_ varchar(64) not null, 
TYPE_ varchar(255) not null, 
TIME_ timestamp not null, 
NAME_ varchar(255), 
PROC_INST_ID_ varchar(64), 
EXECUTION_ID_ varchar(64), 
TASK_ID_ varchar(64), 
ACT_INST_ID_ varchar(64), 
VAR_TYPE_ varchar(255), 
REV_ integer, 
BYTEARRAY_ID_ varchar(64), 
DOUBLE_ double, 
LONG_ bigint, 
TEXT_ varchar(4000), 
TEXT2_ varchar(4000), 
primary key (ID_) 
)
10:48:01,346 [main] DEBUG org.activiti.engine.impl.db.DbSqlSession  - SQL: create table ACT_HI_COMMENT ( 
ID_ varchar(64) not null, 
TYPE_ varchar(255), 
TIME_ timestamp not null, 
USER_ID_ varchar(255), 
TASK_ID_ varchar(64), 
PROC_INST_ID_ varchar(64), 
ACTION_ varchar(255), 
MESSAGE_ varchar(4000), 
FULL_MSG_ longvarbinary, 
primary key (ID_) 
)
10:48:01,346 [main] DEBUG org.activiti.engine.impl.db.DbSqlSession  - SQL: create table ACT_HI_ATTACHMENT ( 
ID_ varchar(64) not null, 
REV_ integer, 
USER_ID_ varchar(255), 
NAME_ varchar(255), 
DESCRIPTION_ varchar(4000), 
TYPE_ varchar(255), 
TASK_ID_ varchar(64), 
PROC_INST_ID_ varchar(64), 
URL_ varchar(4000), 
CONTENT_ID_ varchar(64), 
TIME_ timestamp, 
primary key (ID_) 
)
10:48:01,346 [main] DEBUG org.activiti.engine.impl.db.DbSqlSession  - SQL: create table ACT_HI_IDENTITYLINK ( 
ID_ varchar(64), 
GROUP_ID_ varchar(255), 
TYPE_ varchar(255), 
USER_ID_ varchar(255), 
TASK_ID_ varchar(64), 
PROC_INST_ID_ varchar(64) null, 
primary key (ID_) 
)
10:48:01,346 [main] DEBUG org.activiti.engine.impl.db.DbSqlSession  - SQL: create index ACT_IDX_HI_PRO_INST_END on ACT_HI_PROCINST(END_TIME_)
10:48:01,346 [main] DEBUG org.activiti.engine.impl.db.DbSqlSession  - SQL: create index ACT_IDX_HI_PRO_I_BUSKEY on ACT_HI_PROCINST(BUSINESS_KEY_)
10:48:01,346 [main] DEBUG org.activiti.engine.impl.db.DbSqlSession  - SQL: create index ACT_IDX_HI_ACT_INST_START on ACT_HI_ACTINST(START_TIME_)
10:48:01,346 [main] DEBUG org.activiti.engine.impl.db.DbSqlSession  - SQL: create index ACT_IDX_HI_ACT_INST_END on ACT_HI_ACTINST(END_TIME_)
10:48:01,346 [main] DEBUG org.activiti.engine.impl.db.DbSqlSession  - SQL: create index ACT_IDX_HI_DETAIL_PROC_INST on ACT_HI_DETAIL(PROC_INST_ID_)
10:48:01,346 [main] DEBUG org.activiti.engine.impl.db.DbSqlSession  - SQL: create index ACT_IDX_HI_DETAIL_ACT_INST on ACT_HI_DETAIL(ACT_INST_ID_)
10:48:01,346 [main] DEBUG org.activiti.engine.impl.db.DbSqlSession  - SQL: create index ACT_IDX_HI_DETAIL_TIME on ACT_HI_DETAIL(TIME_)
10:48:01,346 [main] DEBUG org.activiti.engine.impl.db.DbSqlSession  - SQL: create index ACT_IDX_HI_DETAIL_NAME on ACT_HI_DETAIL(NAME_)
10:48:01,346 [main] DEBUG org.activiti.engine.impl.db.DbSqlSession  - SQL: create index ACT_IDX_HI_DETAIL_TASK_ID on ACT_HI_DETAIL(TASK_ID_)
10:48:01,346 [main] DEBUG org.activiti.engine.impl.db.DbSqlSession  - SQL: create index ACT_IDX_HI_PROCVAR_PROC_INST on ACT_HI_VARINST(PROC_INST_ID_)
10:48:01,346 [main] DEBUG org.activiti.engine.impl.db.DbSqlSession  - SQL: create index ACT_IDX_HI_PROCVAR_NAME_TYPE on ACT_HI_VARINST(NAME_, VAR_TYPE_)
10:48:01,346 [main] DEBUG org.activiti.engine.impl.db.DbSqlSession  - SQL: create index ACT_IDX_HI_PROCVAR_TASK_ID on ACT_HI_VARINST(TASK_ID_)
10:48:01,346 [main] DEBUG org.activiti.engine.impl.db.DbSqlSession  - SQL: create index ACT_IDX_HI_ACT_INST_PROCINST on ACT_HI_ACTINST(PROC_INST_ID_, ACT_ID_)
10:48:01,346 [main] DEBUG org.activiti.engine.impl.db.DbSqlSession  - SQL: create index ACT_IDX_HI_IDENT_LNK_USER on ACT_HI_IDENTITYLINK(USER_ID_)
10:48:01,346 [main] DEBUG org.activiti.engine.impl.db.DbSqlSession  - SQL: create index ACT_IDX_HI_IDENT_LNK_TASK on ACT_HI_IDENTITYLINK(TASK_ID_)
10:48:01,347 [main] DEBUG org.activiti.engine.impl.db.DbSqlSession  - SQL: create index ACT_IDX_HI_IDENT_LNK_PROCINST on ACT_HI_IDENTITYLINK(PROC_INST_ID_)
10:48:01,347 [main] DEBUG org.activiti.engine.impl.db.DbSqlSession  - SQL: create index ACT_IDX_HI_ACT_INST_EXEC on ACT_HI_ACTINST(EXECUTION_ID_, ACT_ID_)
10:48:01,347 [main] DEBUG org.activiti.engine.impl.db.DbSqlSession  - SQL: create index ACT_IDX_HI_TASK_INST_PROCINST on ACT_HI_TASKINST(PROC_INST_ID_)
10:48:01,347 [main] DEBUG org.activiti.engine.impl.db.DbSqlSession  - activiti db schema create for component history successful
10:48:01,347 [main] INFO  org.activiti.engine.impl.db.DbSqlSession  - performing create on identity with resource org/activiti/db/create/activiti.h2.create.identity.sql
10:48:01,347 [main] DEBUG org.activiti.engine.impl.db.DbSqlSession  - SQL: create table ACT_ID_GROUP ( 
ID_ varchar(64), 
REV_ integer, 
NAME_ varchar(255), 
TYPE_ varchar(255), 
primary key (ID_) 
)
10:48:01,347 [main] DEBUG org.activiti.engine.impl.db.DbSqlSession  - SQL: create table ACT_ID_MEMBERSHIP ( 
USER_ID_ varchar(64), 
GROUP_ID_ varchar(64), 
primary key (USER_ID_, GROUP_ID_) 
)
10:48:01,347 [main] DEBUG org.activiti.engine.impl.db.DbSqlSession  - SQL: create table ACT_ID_USER ( 
ID_ varchar(64), 
REV_ integer, 
FIRST_ varchar(255), 
LAST_ varchar(255), 
EMAIL_ varchar(255), 
PWD_ varchar(255), 
PICTURE_ID_ varchar(64), 
primary key (ID_) 
)
10:48:01,347 [main] DEBUG org.activiti.engine.impl.db.DbSqlSession  - SQL: create table ACT_ID_INFO ( 
ID_ varchar(64), 
REV_ integer, 
USER_ID_ varchar(64), 
TYPE_ varchar(64), 
KEY_ varchar(255), 
VALUE_ varchar(255), 
PASSWORD_ longvarbinary, 
PARENT_ID_ varchar(255), 
primary key (ID_) 
)
10:48:01,347 [main] DEBUG org.activiti.engine.impl.db.DbSqlSession  - SQL: alter table ACT_ID_MEMBERSHIP 
add constraint ACT_FK_MEMB_GROUP 
foreign key (GROUP_ID_) 
references ACT_ID_GROUP
10:48:01,347 [main] DEBUG org.activiti.engine.impl.db.DbSqlSession  - SQL: alter table ACT_ID_MEMBERSHIP 
add constraint ACT_FK_MEMB_USER 
foreign key (USER_ID_) 
references ACT_ID_USER
10:48:01,347 [main] DEBUG org.activiti.engine.impl.db.DbSqlSession  - activiti db schema create for component identity successful
10:48:01,347 [main] DEBUG org.activiti.engine.impl.db.DbSqlSession  - flush summary: 0 insert, 0 update, 0 delete.
10:48:01,347 [main] DEBUG org.activiti.engine.impl.db.DbSqlSession  - now executing flush...
10:48:01,347 [main] DEBUG org.activiti.engine.impl.cfg.standalone.StandaloneMybatisTransactionContext  - firing event committing...
10:48:01,347 [main] DEBUG org.activiti.engine.impl.cfg.standalone.StandaloneMybatisTransactionContext  - committing the ibatis sql session...
10:48:01,347 [main] DEBUG org.activiti.engine.impl.cfg.standalone.StandaloneMybatisTransactionContext  - firing event committed...
10:48:01,347 [main] DEBUG org.apache.ibatis.transaction.jdbc.JdbcTransaction  - Resetting autocommit to true on JDBC Connection [conn2: url=jdbc:h2:mem:activiti user=SA]
10:48:01,347 [main] DEBUG org.apache.ibatis.transaction.jdbc.JdbcTransaction  - Closing JDBC Connection [conn2: url=jdbc:h2:mem:activiti user=SA]
10:48:01,347 [main] DEBUG org.apache.ibatis.datasource.pooled.PooledDataSource  - Returned connection 363509958 to pool.
10:48:01,347 [main] DEBUG org.activiti.engine.impl.interceptor.LogInterceptor  - ---  finished --------------------------------------------------------
10:48:01,347 [main] DEBUG org.activiti.engine.impl.interceptor.LogInterceptor  - 

</system-out>
  </testcase>
  <testcase classname="org.activiti.examples.task.StandaloneTaskTest" name="testOptimisticLockingThrownOnMultipleUpdates" time="0.016">
    <error message="
### Error querying database.  Cause: org.h2.jdbc.JdbcSQLException: Syntax error in SQL statement &quot;SELECT DISTINCT RES.* 
       
    FROM ACT_RU_TASK RES
     
     
     
     
    
     
     
     
     WHERE RES.ID_ = ? 
   
    
     ORDER BY  ORDER[*] BY RES.ID_ ASC  
    LIMIT ? OFFSET ? &quot;; expected &quot;=, NOT, EXISTS, INTERSECTS, SELECT, FROM&quot;; SQL statement:
select distinct RES.* 
       
    from ACT_RU_TASK RES
     
     
     
     
    
     
     
     
     WHERE RES.ID_ = ? 
   
    
     order by  order by RES.ID_ asc  
    LIMIT ? OFFSET ? [42001-176]
### The error may exist in org/activiti/db/mapping/entity/Task.xml
### The error may involve org.activiti.engine.impl.persistence.entity.TaskEntity.selectTaskByQueryCriteria
### The error occurred while executing a query
### SQL: select distinct RES.*              from ACT_RU_TASK RES                                                     WHERE RES.ID_ = ?                order by  order by RES.ID_ asc       LIMIT ? OFFSET ?
### Cause: org.h2.jdbc.JdbcSQLException: Syntax error in SQL statement &quot;SELECT DISTINCT RES.* 
       
    FROM ACT_RU_TASK RES
     
     
     
     
    
     
     
     
     WHERE RES.ID_ = ? 
   
    
     ORDER BY  ORDER[*] BY RES.ID_ ASC  
    LIMIT ? OFFSET ? &quot;; expected &quot;=, NOT, EXISTS, INTERSECTS, SELECT, FROM&quot;; SQL statement:
select distinct RES.* 
       
    from ACT_RU_TASK RES
     
     
     
     
    
     
     
     
     WHERE RES.ID_ = ? 
   
    
     order by  order by RES.ID_ asc  
    LIMIT ? OFFSET ? [42001-176]" type="org.apache.ibatis.exceptions.PersistenceException">org.apache.ibatis.exceptions.PersistenceException: 
### Error querying database.  Cause: org.h2.jdbc.JdbcSQLException: Syntax error in SQL statement &quot;SELECT DISTINCT RES.* 
       
    FROM ACT_RU_TASK RES
     
     
     
     
    
     
     
     
     WHERE RES.ID_ = ? 
   
    
     ORDER BY  ORDER[*] BY RES.ID_ ASC  
    LIMIT ? OFFSET ? &quot;; expected &quot;=, NOT, EXISTS, INTERSECTS, SELECT, FROM&quot;; SQL statement:
select distinct RES.* 
       
    from ACT_RU_TASK RES
     
     
     
     
    
     
     
     
     WHERE RES.ID_ = ? 
   
    
     order by  order by RES.ID_ asc  
    LIMIT ? OFFSET ? [42001-176]
### The error may exist in org/activiti/db/mapping/entity/Task.xml
### The error may involve org.activiti.engine.impl.persistence.entity.TaskEntity.selectTaskByQueryCriteria
### The error occurred while executing a query
### SQL: select distinct RES.*              from ACT_RU_TASK RES                                                     WHERE RES.ID_ = ?                order by  order by RES.ID_ asc       LIMIT ? OFFSET ?
### Cause: org.h2.jdbc.JdbcSQLException: Syntax error in SQL statement &quot;SELECT DISTINCT RES.* 
       
    FROM ACT_RU_TASK RES
     
     
     
     
    
     
     
     
     WHERE RES.ID_ = ? 
   
    
     ORDER BY  ORDER[*] BY RES.ID_ ASC  
    LIMIT ? OFFSET ? &quot;; expected &quot;=, NOT, EXISTS, INTERSECTS, SELECT, FROM&quot;; SQL statement:
select distinct RES.* 
       
    from ACT_RU_TASK RES
     
     
     
     
    
     
     
     
     WHERE RES.ID_ = ? 
   
    
     order by  order by RES.ID_ asc  
    LIMIT ? OFFSET ? [42001-176]
	at org.apache.ibatis.exceptions.ExceptionFactory.wrapException(ExceptionFactory.java:30)
	at org.apache.ibatis.session.defaults.DefaultSqlSession.selectList(DefaultSqlSession.java:122)
	at org.apache.ibatis.session.defaults.DefaultSqlSession.selectList(DefaultSqlSession.java:113)
	at org.activiti.engine.impl.db.DbSqlSession.selectListWithRawParameter(DbSqlSession.java:438)
	at org.activiti.engine.impl.db.DbSqlSession.selectList(DbSqlSession.java:429)
	at org.activiti.engine.impl.persistence.entity.TaskEntityManager.findTasksByQueryCriteria(TaskEntityManager.java:135)
	at org.activiti.engine.impl.TaskQueryImpl.executeList(TaskQueryImpl.java:1256)
	at org.activiti.engine.impl.AbstractQuery.executeSingleResult(AbstractQuery.java:183)
	at org.activiti.engine.impl.AbstractQuery.execute(AbstractQuery.java:166)
	at org.activiti.engine.impl.interceptor.CommandInvoker.execute(CommandInvoker.java:24)
	at org.activiti.engine.impl.interceptor.CommandContextInterceptor.execute(CommandContextInterceptor.java:57)
	at org.activiti.engine.impl.interceptor.LogInterceptor.execute(LogInterceptor.java:37)
	at org.activiti.engine.impl.cfg.CommandExecutorImpl.execute(CommandExecutorImpl.java:40)
	at org.activiti.engine.impl.cfg.CommandExecutorImpl.execute(CommandExecutorImpl.java:35)
	at org.activiti.engine.impl.AbstractQuery.singleResult(AbstractQuery.java:129)
	at org.activiti.examples.task.StandaloneTaskTest.testOptimisticLockingThrownOnMultipleUpdates(StandaloneTaskTest.java:92)
	at sun.reflect.NativeMethodAccessorImpl.invoke0(Native Method)
	at sun.reflect.NativeMethodAccessorImpl.invoke(NativeMethodAccessorImpl.java:62)
	at sun.reflect.DelegatingMethodAccessorImpl.invoke(DelegatingMethodAccessorImpl.java:43)
	at java.lang.reflect.Method.invoke(Method.java:498)
	at junit.framework.TestCase.runTest(TestCase.java:176)
	at org.activiti.engine.impl.test.PvmTestCase.runTest(PvmTestCase.java:65)
	at junit.framework.TestCase.runBare(TestCase.java:141)
	at org.activiti.engine.impl.test.AbstractActivitiTestCase.runBare(AbstractActivitiTestCase.java:100)
	at junit.framework.TestResult$1.protect(TestResult.java:122)
	at junit.framework.TestResult.runProtected(TestResult.java:142)
	at junit.framework.TestResult.run(TestResult.java:125)
	at junit.framework.TestCase.run(TestCase.java:129)
	at junit.framework.TestSuite.runTest(TestSuite.java:255)
	at junit.framework.TestSuite.run(TestSuite.java:250)
	at org.junit.internal.runners.JUnit38ClassRunner.run(JUnit38ClassRunner.java:84)
	at org.apache.maven.surefire.junit4.JUnit4TestSet.execute(JUnit4TestSet.java:35)
	at org.apache.maven.surefire.junit4.JUnit4Provider.executeTestSet(JUnit4Provider.java:146)
	at org.apache.maven.surefire.junit4.JUnit4Provider.invoke(JUnit4Provider.java:97)
	at sun.reflect.NativeMethodAccessorImpl.invoke0(Native Method)
	at sun.reflect.NativeMethodAccessorImpl.invoke(NativeMethodAccessorImpl.java:62)
	at sun.reflect.DelegatingMethodAccessorImpl.invoke(DelegatingMethodAccessorImpl.java:43)
	at java.lang.reflect.Method.invoke(Method.java:498)
	at org.apache.maven.surefire.booter.ProviderFactory$ClassLoaderProxy.invoke(ProviderFactory.java:103)
	at com.sun.proxy.$Proxy0.invoke(Unknown Source)
	at org.apache.maven.surefire.booter.SurefireStarter.invokeProvider(SurefireStarter.java:145)
	at org.apache.maven.surefire.booter.SurefireStarter.runSuitesInProcess(SurefireStarter.java:87)
	at org.apache.maven.surefire.booter.ForkedBooter.main(ForkedBooter.java:69)
Caused by: org.h2.jdbc.JdbcSQLException: Syntax error in SQL statement &quot;SELECT DISTINCT RES.* 
       
    FROM ACT_RU_TASK RES
     
     
     
     
    
     
     
     
     WHERE RES.ID_ = ? 
   
    
     ORDER BY  ORDER[*] BY RES.ID_ ASC  
    LIMIT ? OFFSET ? &quot;; expected &quot;=, NOT, EXISTS, INTERSECTS, SELECT, FROM&quot;; SQL statement:
select distinct RES.* 
       
    from ACT_RU_TASK RES
     
     
     
     
    
     
     
     
     WHERE RES.ID_ = ? 
   
    
     order by  order by RES.ID_ asc  
    LIMIT ? OFFSET ? [42001-176]
	at org.h2.message.DbException.getJdbcSQLException(DbException.java:344)
	at org.h2.message.DbException.getSyntaxError(DbException.java:204)
	at org.h2.command.Parser.getSyntaxError(Parser.java:524)
	at org.h2.command.Parser.readTerm(Parser.java:2688)
	at org.h2.command.Parser.readFactor(Parser.java:2244)
	at org.h2.command.Parser.readSum(Parser.java:2231)
	at org.h2.command.Parser.readConcat(Parser.java:2201)
	at org.h2.command.Parser.readCondition(Parser.java:2051)
	at org.h2.command.Parser.readAnd(Parser.java:2023)
	at org.h2.command.Parser.readExpression(Parser.java:2015)
	at org.h2.command.Parser.parseEndOfQuery(Parser.java:1726)
	at org.h2.command.Parser.parseSelectUnionExtension(Parser.java:1706)
	at org.h2.command.Parser.parseSelectUnion(Parser.java:1675)
	at org.h2.command.Parser.parseSelect(Parser.java:1662)
	at org.h2.command.Parser.parsePrepared(Parser.java:434)
	at org.h2.command.Parser.parse(Parser.java:306)
	at org.h2.command.Parser.parse(Parser.java:282)
	at org.h2.command.Parser.prepareCommand(Parser.java:243)
	at org.h2.engine.Session.prepareLocal(Session.java:442)
	at org.h2.engine.Session.prepareCommand(Session.java:384)
	at org.h2.jdbc.JdbcConnection.prepareCommand(JdbcConnection.java:1188)
	at org.h2.jdbc.JdbcPreparedStatement.&lt;init&gt;(JdbcPreparedStatement.java:73)
	at org.h2.jdbc.JdbcConnection.prepareStatement(JdbcConnection.java:276)
	at sun.reflect.GeneratedMethodAccessor6.invoke(Unknown Source)
	at sun.reflect.DelegatingMethodAccessorImpl.invoke(DelegatingMethodAccessorImpl.java:43)
	at java.lang.reflect.Method.invoke(Method.java:498)
	at org.apache.ibatis.datasource.pooled.PooledConnection.invoke(PooledConnection.java:245)
	at com.sun.proxy.$Proxy12.prepareStatement(Unknown Source)
	at sun.reflect.GeneratedMethodAccessor6.invoke(Unknown Source)
	at sun.reflect.DelegatingMethodAccessorImpl.invoke(DelegatingMethodAccessorImpl.java:43)
	at java.lang.reflect.Method.invoke(Method.java:498)
	at org.apache.ibatis.logging.jdbc.ConnectionLogger.invoke(ConnectionLogger.java:55)
	at com.sun.proxy.$Proxy12.prepareStatement(Unknown Source)
	at org.apache.ibatis.executor.statement.PreparedStatementHandler.instantiateStatement(PreparedStatementHandler.java:79)
	at org.apache.ibatis.executor.statement.BaseStatementHandler.prepare(BaseStatementHandler.java:88)
	at org.apache.ibatis.executor.statement.RoutingStatementHandler.prepare(RoutingStatementHandler.java:58)
	at org.apache.ibatis.executor.SimpleExecutor.prepareStatement(SimpleExecutor.java:76)
	at org.apache.ibatis.executor.SimpleExecutor.doQuery(SimpleExecutor.java:61)
	at org.apache.ibatis.executor.BaseExecutor.queryFromDatabase(BaseExecutor.java:303)
	at org.apache.ibatis.executor.BaseExecutor.query(BaseExecutor.java:154)
	at org.apache.ibatis.executor.CachingExecutor.query(CachingExecutor.java:102)
	at org.apache.ibatis.executor.CachingExecutor.query(CachingExecutor.java:82)
	at org.apache.ibatis.session.defaults.DefaultSqlSession.selectList(DefaultSqlSession.java:120)
	... 41 more
</error>
    <system-out>10:48:01,348 [main] DEBUG org.activiti.engine.impl.interceptor.LogInterceptor  - 

10:48:01,348 [main] DEBUG org.activiti.engine.impl.interceptor.LogInterceptor  - --- starting CreateUserCmd --------------------------------------------------------
10:48:01,348 [main] DEBUG org.activiti.engine.impl.cfg.standalone.StandaloneMybatisTransactionContext  - firing event committing...
10:48:01,348 [main] DEBUG org.activiti.engine.impl.cfg.standalone.StandaloneMybatisTransactionContext  - committing the ibatis sql session...
10:48:01,348 [main] DEBUG org.activiti.engine.impl.cfg.standalone.StandaloneMybatisTransactionContext  - firing event committed...
10:48:01,348 [main] DEBUG org.activiti.engine.impl.interceptor.LogInterceptor  - --- CreateUserCmd finished --------------------------------------------------------
10:48:01,348 [main] DEBUG org.activiti.engine.impl.interceptor.LogInterceptor  - 

10:48:01,348 [main] DEBUG org.activiti.engine.impl.interceptor.LogInterceptor  - 

10:48:01,348 [main] DEBUG org.activiti.engine.impl.interceptor.LogInterceptor  - --- starting SaveUserCmd --------------------------------------------------------
10:48:01,348 [main] DEBUG org.activiti.engine.impl.db.DbSqlSession  -   insert org.activiti.engine.impl.persistence.entity.UserEntity@5c811725
10:48:01,348 [main] DEBUG org.activiti.engine.impl.db.DbSqlSession  - flush summary: 1 insert, 0 update, 0 delete.
10:48:01,348 [main] DEBUG org.activiti.engine.impl.db.DbSqlSession  - now executing flush...
10:48:01,348 [main] DEBUG org.activiti.engine.impl.db.DbSqlSession  - inserting: org.activiti.engine.impl.persistence.entity.UserEntity@5c811725
10:48:01,348 [main] DEBUG org.apache.ibatis.transaction.jdbc.JdbcTransaction  - Opening JDBC Connection
10:48:01,348 [main] DEBUG org.apache.ibatis.datasource.pooled.PooledDataSource  - Checked out connection 180014677 from pool.
10:48:01,348 [main] DEBUG org.apache.ibatis.transaction.jdbc.JdbcTransaction  - Setting autocommit to false on JDBC Connection [conn3: url=jdbc:h2:mem:activiti user=SA]
10:48:01,348 [main] DEBUG org.activiti.engine.impl.persistence.entity.UserEntity.insertUser  - ==&gt;  Preparing: insert into ACT_ID_USER (ID_, REV_, FIRST_, LAST_, EMAIL_, PWD_) values ( ?, 1, ?, ?, ?, ? ) 
10:48:01,348 [main] DEBUG org.activiti.engine.impl.persistence.entity.UserEntity.insertUser  - ==&gt; Parameters: kermit(String), null, null, null, null
10:48:01,348 [main] DEBUG org.activiti.engine.impl.persistence.entity.UserEntity.insertUser  - &lt;==    Updates: 1
10:48:01,348 [main] DEBUG org.activiti.engine.impl.cfg.standalone.StandaloneMybatisTransactionContext  - firing event committing...
10:48:01,348 [main] DEBUG org.activiti.engine.impl.cfg.standalone.StandaloneMybatisTransactionContext  - committing the ibatis sql session...
10:48:01,348 [main] DEBUG org.apache.ibatis.transaction.jdbc.JdbcTransaction  - Committing JDBC Connection [conn3: url=jdbc:h2:mem:activiti user=SA]
10:48:01,348 [main] DEBUG org.activiti.engine.impl.cfg.standalone.StandaloneMybatisTransactionContext  - firing event committed...
10:48:01,348 [main] DEBUG org.apache.ibatis.transaction.jdbc.JdbcTransaction  - Resetting autocommit to true on JDBC Connection [conn3: url=jdbc:h2:mem:activiti user=SA]
10:48:01,348 [main] DEBUG org.apache.ibatis.transaction.jdbc.JdbcTransaction  - Closing JDBC Connection [conn3: url=jdbc:h2:mem:activiti user=SA]
10:48:01,348 [main] DEBUG org.apache.ibatis.datasource.pooled.PooledDataSource  - Returned connection 180014677 to pool.
10:48:01,348 [main] DEBUG org.activiti.engine.impl.interceptor.LogInterceptor  - --- SaveUserCmd finished --------------------------------------------------------
10:48:01,348 [main] DEBUG org.activiti.engine.impl.interceptor.LogInterceptor  - 

10:48:01,348 [main] DEBUG org.activiti.engine.impl.interceptor.LogInterceptor  - 

10:48:01,348 [main] DEBUG org.activiti.engine.impl.interceptor.LogInterceptor  - --- starting CreateUserCmd --------------------------------------------------------
10:48:01,348 [main] DEBUG org.activiti.engine.impl.cfg.standalone.StandaloneMybatisTransactionContext  - firing event committing...
10:48:01,349 [main] DEBUG org.activiti.engine.impl.cfg.standalone.StandaloneMybatisTransactionContext  - committing the ibatis sql session...
10:48:01,349 [main] DEBUG org.activiti.engine.impl.cfg.standalone.StandaloneMybatisTransactionContext  - firing event committed...
10:48:01,349 [main] DEBUG org.activiti.engine.impl.interceptor.LogInterceptor  - --- CreateUserCmd finished --------------------------------------------------------
10:48:01,349 [main] DEBUG org.activiti.engine.impl.interceptor.LogInterceptor  - 

10:48:01,349 [main] DEBUG org.activiti.engine.impl.interceptor.LogInterceptor  - 

10:48:01,349 [main] DEBUG org.activiti.engine.impl.interceptor.LogInterceptor  - --- starting SaveUserCmd --------------------------------------------------------
10:48:01,349 [main] DEBUG org.activiti.engine.impl.db.DbSqlSession  -   insert org.activiti.engine.impl.persistence.entity.UserEntity@f67351d
10:48:01,349 [main] DEBUG org.activiti.engine.impl.db.DbSqlSession  - flush summary: 1 insert, 0 update, 0 delete.
10:48:01,349 [main] DEBUG org.activiti.engine.impl.db.DbSqlSession  - now executing flush...
10:48:01,349 [main] DEBUG org.activiti.engine.impl.db.DbSqlSession  - inserting: org.activiti.engine.impl.persistence.entity.UserEntity@f67351d
10:48:01,349 [main] DEBUG org.apache.ibatis.transaction.jdbc.JdbcTransaction  - Opening JDBC Connection
10:48:01,349 [main] DEBUG org.apache.ibatis.datasource.pooled.PooledDataSource  - Checked out connection 297240765 from pool.
10:48:01,349 [main] DEBUG org.apache.ibatis.transaction.jdbc.JdbcTransaction  - Setting autocommit to false on JDBC Connection [conn4: url=jdbc:h2:mem:activiti user=SA]
10:48:01,349 [main] DEBUG org.activiti.engine.impl.persistence.entity.UserEntity.insertUser  - ==&gt;  Preparing: insert into ACT_ID_USER (ID_, REV_, FIRST_, LAST_, EMAIL_, PWD_) values ( ?, 1, ?, ?, ?, ? ) 
10:48:01,349 [main] DEBUG org.activiti.engine.impl.persistence.entity.UserEntity.insertUser  - ==&gt; Parameters: gonzo(String), null, null, null, null
10:48:01,349 [main] DEBUG org.activiti.engine.impl.persistence.entity.UserEntity.insertUser  - &lt;==    Updates: 1
10:48:01,349 [main] DEBUG org.activiti.engine.impl.cfg.standalone.StandaloneMybatisTransactionContext  - firing event committing...
10:48:01,349 [main] DEBUG org.activiti.engine.impl.cfg.standalone.StandaloneMybatisTransactionContext  - committing the ibatis sql session...
10:48:01,349 [main] DEBUG org.apache.ibatis.transaction.jdbc.JdbcTransaction  - Committing JDBC Connection [conn4: url=jdbc:h2:mem:activiti user=SA]
10:48:01,349 [main] DEBUG org.activiti.engine.impl.cfg.standalone.StandaloneMybatisTransactionContext  - firing event committed...
10:48:01,349 [main] DEBUG org.apache.ibatis.transaction.jdbc.JdbcTransaction  - Resetting autocommit to true on JDBC Connection [conn4: url=jdbc:h2:mem:activiti user=SA]
10:48:01,349 [main] DEBUG org.apache.ibatis.transaction.jdbc.JdbcTransaction  - Closing JDBC Connection [conn4: url=jdbc:h2:mem:activiti user=SA]
10:48:01,349 [main] DEBUG org.apache.ibatis.datasource.pooled.PooledDataSource  - Returned connection 297240765 to pool.
10:48:01,349 [main] DEBUG org.activiti.engine.impl.interceptor.LogInterceptor  - --- SaveUserCmd finished --------------------------------------------------------
10:48:01,349 [main] DEBUG org.activiti.engine.impl.interceptor.LogInterceptor  - 

10:48:01,349 [main] DEBUG org.activiti.engine.impl.test.PvmTestCase  - 

10:48:01,349 [main] DEBUG org.activiti.engine.impl.test.PvmTestCase  - #### START StandaloneTaskTest.testOptimisticLockingThrownOnMultipleUpdates ###########################################################
10:48:01,349 [main] DEBUG org.activiti.engine.impl.interceptor.LogInterceptor  - 

10:48:01,349 [main] DEBUG org.activiti.engine.impl.interceptor.LogInterceptor  - --- starting NewTaskCmd --------------------------------------------------------
10:48:01,349 [main] DEBUG org.activiti.engine.impl.cfg.standalone.StandaloneMybatisTransactionContext  - firing event committing...
10:48:01,349 [main] DEBUG org.activiti.engine.impl.cfg.standalone.StandaloneMybatisTransactionContext  - committing the ibatis sql session...
10:48:01,349 [main] DEBUG org.activiti.engine.impl.cfg.standalone.StandaloneMybatisTransactionContext  - firing event committed...
10:48:01,349 [main] DEBUG org.activiti.engine.impl.interceptor.LogInterceptor  - --- NewTaskCmd finished --------------------------------------------------------
10:48:01,349 [main] DEBUG org.activiti.engine.impl.interceptor.LogInterceptor  - 

10:48:01,349 [main] DEBUG org.activiti.engine.impl.interceptor.LogInterceptor  - 

10:48:01,349 [main] DEBUG org.activiti.engine.impl.interceptor.LogInterceptor  - --- starting SaveTaskCmd --------------------------------------------------------
10:48:01,349 [main] DEBUG org.activiti.engine.impl.history.DefaultHistoryManager  - Current history level: FULL, level required: AUDIT
10:48:01,349 [main] DEBUG org.activiti.engine.impl.db.DbSqlSession  -   insert Task[id=2255, name=null]
10:48:01,349 [main] DEBUG org.activiti.engine.impl.db.DbSqlSession  -   insert HistoricTaskInstanceEntity[id=2255, name=null]
10:48:01,349 [main] DEBUG org.activiti.engine.impl.db.DbSqlSession  - flush summary: 2 insert, 0 update, 0 delete.
10:48:01,349 [main] DEBUG org.activiti.engine.impl.db.DbSqlSession  - now executing flush...
10:48:01,349 [main] DEBUG org.activiti.engine.impl.db.DbSqlSession  - inserting: HistoricTaskInstanceEntity[id=2255, name=null]
10:48:01,349 [main] DEBUG org.apache.ibatis.transaction.jdbc.JdbcTransaction  - Opening JDBC Connection
10:48:01,349 [main] DEBUG org.apache.ibatis.datasource.pooled.PooledDataSource  - Checked out connection 486346394 from pool.
10:48:01,349 [main] DEBUG org.apache.ibatis.transaction.jdbc.JdbcTransaction  - Setting autocommit to false on JDBC Connection [conn6: url=jdbc:h2:mem:activiti user=SA]
10:48:01,349 [main] DEBUG org.activiti.engine.impl.persistence.entity.HistoricTaskInstanceEntity.insertHistoricTaskInstance  - ==&gt;  Preparing: insert into ACT_HI_TASKINST ( ID_, PROC_DEF_ID_, PROC_INST_ID_, EXECUTION_ID_, NAME_, PARENT_TASK_ID_, DESCRIPTION_, OWNER_, ASSIGNEE_, START_TIME_, CLAIM_TIME_, END_TIME_, DURATION_, DELETE_REASON_, TASK_DEF_KEY_, FORM_KEY_, PRIORITY_, DUE_DATE_, CATEGORY_, TENANT_ID_ ) values ( ?, ?, ?, ?, ?, ?, ?, ?, ?, ?, ?, ?, ?, ?, ?, ?, ?, ?, ?, ? ) 
10:48:01,349 [main] DEBUG org.activiti.engine.impl.persistence.entity.HistoricTaskInstanceEntity.insertHistoricTaskInstance  - ==&gt; Parameters: 2255(String), null, null, null, null, null, null, null, null, 2023-03-20 10:48:01.349(Timestamp), null, null, null, null, null, null, 50(Integer), null, null, (String)
10:48:01,349 [main] DEBUG org.activiti.engine.impl.persistence.entity.HistoricTaskInstanceEntity.insertHistoricTaskInstance  - &lt;==    Updates: 1
10:48:01,350 [main] DEBUG org.activiti.engine.impl.db.DbSqlSession  - inserting: Task[id=2255, name=null]
10:48:01,350 [main] DEBUG org.activiti.engine.impl.persistence.entity.TaskEntity.insertTask  - ==&gt;  Preparing: insert into ACT_RU_TASK (ID_, REV_, NAME_, PARENT_TASK_ID_, DESCRIPTION_, PRIORITY_, CREATE_TIME_, OWNER_, ASSIGNEE_, DELEGATION_, EXECUTION_ID_, PROC_INST_ID_, PROC_DEF_ID_, TASK_DEF_KEY_, DUE_DATE_, CATEGORY_, SUSPENSION_STATE_, TENANT_ID_, FORM_KEY_) values (?, 1, ?, ?, ?, ?, ?, ?, ?, ?, ?, ?, ?, ?, ?, ?, ?, ?, ? ) 
10:48:01,350 [main] DEBUG org.activiti.engine.impl.persistence.entity.TaskEntity.insertTask  - ==&gt; Parameters: 2255(String), null, null, null, 50(Integer), 2023-03-20 10:48:01.349(Timestamp), null, null, null, null, null, null, null, null, null, 1(Integer), (String), null
10:48:01,350 [main] DEBUG org.activiti.engine.impl.persistence.entity.TaskEntity.insertTask  - &lt;==    Updates: 1
10:48:01,350 [main] DEBUG org.activiti.engine.impl.cfg.standalone.StandaloneMybatisTransactionContext  - firing event committing...
10:48:01,350 [main] DEBUG org.activiti.engine.impl.cfg.standalone.StandaloneMybatisTransactionContext  - committing the ibatis sql session...
10:48:01,350 [main] DEBUG org.apache.ibatis.transaction.jdbc.JdbcTransaction  - Committing JDBC Connection [conn6: url=jdbc:h2:mem:activiti user=SA]
10:48:01,350 [main] DEBUG org.activiti.engine.impl.cfg.standalone.StandaloneMybatisTransactionContext  - firing event committed...
10:48:01,350 [main] DEBUG org.apache.ibatis.transaction.jdbc.JdbcTransaction  - Resetting autocommit to true on JDBC Connection [conn6: url=jdbc:h2:mem:activiti user=SA]
10:48:01,350 [main] DEBUG org.apache.ibatis.transaction.jdbc.JdbcTransaction  - Closing JDBC Connection [conn6: url=jdbc:h2:mem:activiti user=SA]
10:48:01,350 [main] DEBUG org.apache.ibatis.datasource.pooled.PooledDataSource  - Returned connection 486346394 to pool.
10:48:01,350 [main] DEBUG org.activiti.engine.impl.interceptor.LogInterceptor  - --- SaveTaskCmd finished --------------------------------------------------------
10:48:01,350 [main] DEBUG org.activiti.engine.impl.interceptor.LogInterceptor  - 

10:48:01,350 [main] DEBUG org.activiti.engine.impl.interceptor.LogInterceptor  - 

10:48:01,350 [main] DEBUG org.activiti.engine.impl.interceptor.LogInterceptor  - --- starting TaskQueryImpl --------------------------------------------------------
10:48:01,350 [main] DEBUG org.apache.ibatis.transaction.jdbc.JdbcTransaction  - Opening JDBC Connection
10:48:01,350 [main] DEBUG org.apache.ibatis.datasource.pooled.PooledDataSource  - Checked out connection 363509958 from pool.
10:48:01,350 [main] DEBUG org.apache.ibatis.transaction.jdbc.JdbcTransaction  - Setting autocommit to false on JDBC Connection [conn2: url=jdbc:h2:mem:activiti user=SA]
10:48:01,350 [main] DEBUG org.activiti.engine.impl.persistence.entity.TaskEntity.selectTaskByQueryCriteria  - ==&gt;  Preparing: select distinct RES.* from ACT_RU_TASK RES WHERE RES.ID_ = ? order by order by RES.ID_ asc LIMIT ? OFFSET ? 
10:48:01,350 [main] DEBUG org.activiti.engine.impl.interceptor.CommandContext  - Error while closing command context
org.apache.ibatis.exceptions.PersistenceException: 
### Error querying database.  Cause: org.h2.jdbc.JdbcSQLException: Syntax error in SQL statement &quot;SELECT DISTINCT RES.* 
       
    FROM ACT_RU_TASK RES
     
     
     
     
    
     
     
     
     WHERE RES.ID_ = ? 
   
    
     ORDER BY  ORDER[*] BY RES.ID_ ASC  
    LIMIT ? OFFSET ? &quot;; expected &quot;=, NOT, EXISTS, INTERSECTS, SELECT, FROM&quot;; SQL statement:
select distinct RES.* 
       
    from ACT_RU_TASK RES
     
     
     
     
    
     
     
     
     WHERE RES.ID_ = ? 
   
    
     order by  order by RES.ID_ asc  
    LIMIT ? OFFSET ? [42001-176]
### The error may exist in org/activiti/db/mapping/entity/Task.xml
### The error may involve org.activiti.engine.impl.persistence.entity.TaskEntity.selectTaskByQueryCriteria
### The error occurred while executing a query
### SQL: select distinct RES.*              from ACT_RU_TASK RES                                                     WHERE RES.ID_ = ?                order by  order by RES.ID_ asc       LIMIT ? OFFSET ?
### Cause: org.h2.jdbc.JdbcSQLException: Syntax error in SQL statement &quot;SELECT DISTINCT RES.* 
       
    FROM ACT_RU_TASK RES
     
     
     
     
    
     
     
     
     WHERE RES.ID_ = ? 
   
    
     ORDER BY  ORDER[*] BY RES.ID_ ASC  
    LIMIT ? OFFSET ? &quot;; expected &quot;=, NOT, EXISTS, INTERSECTS, SELECT, FROM&quot;; SQL statement:
select distinct RES.* 
       
    from ACT_RU_TASK RES
     
     
     
     
    
     
     
     
     WHERE RES.ID_ = ? 
   
    
     order by  order by RES.ID_ asc  
    LIMIT ? OFFSET ? [42001-176]
	at org.apache.ibatis.exceptions.ExceptionFactory.wrapException(ExceptionFactory.java:30)
	at org.apache.ibatis.session.defaults.DefaultSqlSession.selectList(DefaultSqlSession.java:122)
	at org.apache.ibatis.session.defaults.DefaultSqlSession.selectList(DefaultSqlSession.java:113)
	at org.activiti.engine.impl.db.DbSqlSession.selectListWithRawParameter(DbSqlSession.java:438)
	at org.activiti.engine.impl.db.DbSqlSession.selectList(DbSqlSession.java:429)
	at org.activiti.engine.impl.persistence.entity.TaskEntityManager.findTasksByQueryCriteria(TaskEntityManager.java:135)
	at org.activiti.engine.impl.TaskQueryImpl.executeList(TaskQueryImpl.java:1256)
	at org.activiti.engine.impl.AbstractQuery.executeSingleResult(AbstractQuery.java:183)
	at org.activiti.engine.impl.AbstractQuery.execute(AbstractQuery.java:166)
	at org.activiti.engine.impl.interceptor.CommandInvoker.execute(CommandInvoker.java:24)
	at org.activiti.engine.impl.interceptor.CommandContextInterceptor.execute(CommandContextInterceptor.java:57)
	at org.activiti.engine.impl.interceptor.LogInterceptor.execute(LogInterceptor.java:37)
	at org.activiti.engine.impl.cfg.CommandExecutorImpl.execute(CommandExecutorImpl.java:40)
	at org.activiti.engine.impl.cfg.CommandExecutorImpl.execute(CommandExecutorImpl.java:35)
	at org.activiti.engine.impl.AbstractQuery.singleResult(AbstractQuery.java:129)
	at org.activiti.examples.task.StandaloneTaskTest.testOptimisticLockingThrownOnMultipleUpdates(StandaloneTaskTest.java:92)
	at sun.reflect.NativeMethodAccessorImpl.invoke0(Native Method)
	at sun.reflect.NativeMethodAccessorImpl.invoke(NativeMethodAccessorImpl.java:62)
	at sun.reflect.DelegatingMethodAccessorImpl.invoke(DelegatingMethodAccessorImpl.java:43)
	at java.lang.reflect.Method.invoke(Method.java:498)
	at junit.framework.TestCase.runTest(TestCase.java:176)
	at org.activiti.engine.impl.test.PvmTestCase.runTest(PvmTestCase.java:65)
	at junit.framework.TestCase.runBare(TestCase.java:141)
	at org.activiti.engine.impl.test.AbstractActivitiTestCase.runBare(AbstractActivitiTestCase.java:100)
	at junit.framework.TestResult$1.protect(TestResult.java:122)
	at junit.framework.TestResult.runProtected(TestResult.java:142)
	at junit.framework.TestResult.run(TestResult.java:125)
	at junit.framework.TestCase.run(TestCase.java:129)
	at junit.framework.TestSuite.runTest(TestSuite.java:255)
	at junit.framework.TestSuite.run(TestSuite.java:250)
	at org.junit.internal.runners.JUnit38ClassRunner.run(JUnit38ClassRunner.java:84)
	at org.apache.maven.surefire.junit4.JUnit4TestSet.execute(JUnit4TestSet.java:35)
	at org.apache.maven.surefire.junit4.JUnit4Provider.executeTestSet(JUnit4Provider.java:146)
	at org.apache.maven.surefire.junit4.JUnit4Provider.invoke(JUnit4Provider.java:97)
	at sun.reflect.NativeMethodAccessorImpl.invoke0(Native Method)
	at sun.reflect.NativeMethodAccessorImpl.invoke(NativeMethodAccessorImpl.java:62)
	at sun.reflect.DelegatingMethodAccessorImpl.invoke(DelegatingMethodAccessorImpl.java:43)
	at java.lang.reflect.Method.invoke(Method.java:498)
	at org.apache.maven.surefire.booter.ProviderFactory$ClassLoaderProxy.invoke(ProviderFactory.java:103)
	at com.sun.proxy.$Proxy0.invoke(Unknown Source)
	at org.apache.maven.surefire.booter.SurefireStarter.invokeProvider(SurefireStarter.java:145)
	at org.apache.maven.surefire.booter.SurefireStarter.runSuitesInProcess(SurefireStarter.java:87)
	at org.apache.maven.surefire.booter.ForkedBooter.main(ForkedBooter.java:69)
Caused by: org.h2.jdbc.JdbcSQLException: Syntax error in SQL statement &quot;SELECT DISTINCT RES.* 
       
    FROM ACT_RU_TASK RES
     
     
     
     
    
     
     
     
     WHERE RES.ID_ = ? 
   
    
     ORDER BY  ORDER[*] BY RES.ID_ ASC  
    LIMIT ? OFFSET ? &quot;; expected &quot;=, NOT, EXISTS, INTERSECTS, SELECT, FROM&quot;; SQL statement:
select distinct RES.* 
       
    from ACT_RU_TASK RES
     
     
     
     
    
     
     
     
     WHERE RES.ID_ = ? 
   
    
     order by  order by RES.ID_ asc  
    LIMIT ? OFFSET ? [42001-176]
	at org.h2.message.DbException.getJdbcSQLException(DbException.java:344)
	at org.h2.message.DbException.getSyntaxError(DbException.java:204)
	at org.h2.command.Parser.getSyntaxError(Parser.java:524)
	at org.h2.command.Parser.readTerm(Parser.java:2688)
	at org.h2.command.Parser.readFactor(Parser.java:2244)
	at org.h2.command.Parser.readSum(Parser.java:2231)
	at org.h2.command.Parser.readConcat(Parser.java:2201)
	at org.h2.command.Parser.readCondition(Parser.java:2051)
	at org.h2.command.Parser.readAnd(Parser.java:2023)
	at org.h2.command.Parser.readExpression(Parser.java:2015)
	at org.h2.command.Parser.parseEndOfQuery(Parser.java:1726)
	at org.h2.command.Parser.parseSelectUnionExtension(Parser.java:1706)
	at org.h2.command.Parser.parseSelectUnion(Parser.java:1675)
	at org.h2.command.Parser.parseSelect(Parser.java:1662)
	at org.h2.command.Parser.parsePrepared(Parser.java:434)
	at org.h2.command.Parser.parse(Parser.java:306)
	at org.h2.command.Parser.parse(Parser.java:282)
	at org.h2.command.Parser.prepareCommand(Parser.java:243)
	at org.h2.engine.Session.prepareLocal(Session.java:442)
	at org.h2.engine.Session.prepareCommand(Session.java:384)
	at org.h2.jdbc.JdbcConnection.prepareCommand(JdbcConnection.java:1188)
	at org.h2.jdbc.JdbcPreparedStatement.&lt;init&gt;(JdbcPreparedStatement.java:73)
	at org.h2.jdbc.JdbcConnection.prepareStatement(JdbcConnection.java:276)
	at sun.reflect.GeneratedMethodAccessor6.invoke(Unknown Source)
	at sun.reflect.DelegatingMethodAccessorImpl.invoke(DelegatingMethodAccessorImpl.java:43)
	at java.lang.reflect.Method.invoke(Method.java:498)
	at org.apache.ibatis.datasource.pooled.PooledConnection.invoke(PooledConnection.java:245)
	at com.sun.proxy.$Proxy12.prepareStatement(Unknown Source)
	at sun.reflect.GeneratedMethodAccessor6.invoke(Unknown Source)
	at sun.reflect.DelegatingMethodAccessorImpl.invoke(DelegatingMethodAccessorImpl.java:43)
	at java.lang.reflect.Method.invoke(Method.java:498)
	at org.apache.ibatis.logging.jdbc.ConnectionLogger.invoke(ConnectionLogger.java:55)
	at com.sun.proxy.$Proxy12.prepareStatement(Unknown Source)
	at org.apache.ibatis.executor.statement.PreparedStatementHandler.instantiateStatement(PreparedStatementHandler.java:79)
	at org.apache.ibatis.executor.statement.BaseStatementHandler.prepare(BaseStatementHandler.java:88)
	at org.apache.ibatis.executor.statement.RoutingStatementHandler.prepare(RoutingStatementHandler.java:58)
	at org.apache.ibatis.executor.SimpleExecutor.prepareStatement(SimpleExecutor.java:76)
	at org.apache.ibatis.executor.SimpleExecutor.doQuery(SimpleExecutor.java:61)
	at org.apache.ibatis.executor.BaseExecutor.queryFromDatabase(BaseExecutor.java:303)
	at org.apache.ibatis.executor.BaseExecutor.query(BaseExecutor.java:154)
	at org.apache.ibatis.executor.CachingExecutor.query(CachingExecutor.java:102)
	at org.apache.ibatis.executor.CachingExecutor.query(CachingExecutor.java:82)
	at org.apache.ibatis.session.defaults.DefaultSqlSession.selectList(DefaultSqlSession.java:120)
	... 41 more
10:48:01,350 [main] DEBUG org.activiti.engine.impl.cfg.standalone.StandaloneMybatisTransactionContext  - firing event rolling back...
10:48:01,350 [main] DEBUG org.activiti.engine.impl.cfg.standalone.StandaloneMybatisTransactionContext  - rolling back ibatis sql session...
10:48:01,350 [main] DEBUG org.activiti.engine.impl.cfg.standalone.StandaloneMybatisTransactionContext  - firing event rolled back...
10:48:01,350 [main] DEBUG org.apache.ibatis.transaction.jdbc.JdbcTransaction  - Resetting autocommit to true on JDBC Connection [conn2: url=jdbc:h2:mem:activiti user=SA]
10:48:01,350 [main] DEBUG org.apache.ibatis.transaction.jdbc.JdbcTransaction  - Closing JDBC Connection [conn2: url=jdbc:h2:mem:activiti user=SA]
10:48:01,351 [main] DEBUG org.apache.ibatis.datasource.pooled.PooledDataSource  - Returned connection 363509958 to pool.
10:48:01,351 [main] DEBUG org.activiti.engine.impl.interceptor.LogInterceptor  - --- TaskQueryImpl finished --------------------------------------------------------
10:48:01,351 [main] DEBUG org.activiti.engine.impl.interceptor.LogInterceptor  - 

10:48:01,351 [main] ERROR org.activiti.engine.impl.test.PvmTestCase  - 

10:48:01,351 [main] ERROR org.activiti.engine.impl.test.PvmTestCase  - EXCEPTION: org.apache.ibatis.exceptions.PersistenceException: 
### Error querying database.  Cause: org.h2.jdbc.JdbcSQLException: Syntax error in SQL statement &quot;SELECT DISTINCT RES.* 
       
    FROM ACT_RU_TASK RES
     
     
     
     
    
     
     
     
     WHERE RES.ID_ = ? 
   
    
     ORDER BY  ORDER[*] BY RES.ID_ ASC  
    LIMIT ? OFFSET ? &quot;; expected &quot;=, NOT, EXISTS, INTERSECTS, SELECT, FROM&quot;; SQL statement:
select distinct RES.* 
       
    from ACT_RU_TASK RES
     
     
     
     
    
     
     
     
     WHERE RES.ID_ = ? 
   
    
     order by  order by RES.ID_ asc  
    LIMIT ? OFFSET ? [42001-176]
### The error may exist in org/activiti/db/mapping/entity/Task.xml
### The error may involve org.activiti.engine.impl.persistence.entity.TaskEntity.selectTaskByQueryCriteria
### The error occurred while executing a query
### SQL: select distinct RES.*              from ACT_RU_TASK RES                                                     WHERE RES.ID_ = ?                order by  order by RES.ID_ asc       LIMIT ? OFFSET ?
### Cause: org.h2.jdbc.JdbcSQLException: Syntax error in SQL statement &quot;SELECT DISTINCT RES.* 
       
    FROM ACT_RU_TASK RES
     
     
     
     
    
     
     
     
     WHERE RES.ID_ = ? 
   
    
     ORDER BY  ORDER[*] BY RES.ID_ ASC  
    LIMIT ? OFFSET ? &quot;; expected &quot;=, NOT, EXISTS, INTERSECTS, SELECT, FROM&quot;; SQL statement:
select distinct RES.* 
       
    from ACT_RU_TASK RES
     
     
     
     
    
     
     
     
     WHERE RES.ID_ = ? 
   
    
     order by  order by RES.ID_ asc  
    LIMIT ? OFFSET ? [42001-176]
org.apache.ibatis.exceptions.PersistenceException: 
### Error querying database.  Cause: org.h2.jdbc.JdbcSQLException: Syntax error in SQL statement &quot;SELECT DISTINCT RES.* 
       
    FROM ACT_RU_TASK RES
     
     
     
     
    
     
     
     
     WHERE RES.ID_ = ? 
   
    
     ORDER BY  ORDER[*] BY RES.ID_ ASC  
    LIMIT ? OFFSET ? &quot;; expected &quot;=, NOT, EXISTS, INTERSECTS, SELECT, FROM&quot;; SQL statement:
select distinct RES.* 
       
    from ACT_RU_TASK RES
     
     
     
     
    
     
     
     
     WHERE RES.ID_ = ? 
   
    
     order by  order by RES.ID_ asc  
    LIMIT ? OFFSET ? [42001-176]
### The error may exist in org/activiti/db/mapping/entity/Task.xml
### The error may involve org.activiti.engine.impl.persistence.entity.TaskEntity.selectTaskByQueryCriteria
### The error occurred while executing a query
### SQL: select distinct RES.*              from ACT_RU_TASK RES                                                     WHERE RES.ID_ = ?                order by  order by RES.ID_ asc       LIMIT ? OFFSET ?
### Cause: org.h2.jdbc.JdbcSQLException: Syntax error in SQL statement &quot;SELECT DISTINCT RES.* 
       
    FROM ACT_RU_TASK RES
     
     
     
     
    
     
     
     
     WHERE RES.ID_ = ? 
   
    
     ORDER BY  ORDER[*] BY RES.ID_ ASC  
    LIMIT ? OFFSET ? &quot;; expected &quot;=, NOT, EXISTS, INTERSECTS, SELECT, FROM&quot;; SQL statement:
select distinct RES.* 
       
    from ACT_RU_TASK RES
     
     
     
     
    
     
     
     
     WHERE RES.ID_ = ? 
   
    
     order by  order by RES.ID_ asc  
    LIMIT ? OFFSET ? [42001-176]
	at org.apache.ibatis.exceptions.ExceptionFactory.wrapException(ExceptionFactory.java:30)
	at org.apache.ibatis.session.defaults.DefaultSqlSession.selectList(DefaultSqlSession.java:122)
	at org.apache.ibatis.session.defaults.DefaultSqlSession.selectList(DefaultSqlSession.java:113)
	at org.activiti.engine.impl.db.DbSqlSession.selectListWithRawParameter(DbSqlSession.java:438)
	at org.activiti.engine.impl.db.DbSqlSession.selectList(DbSqlSession.java:429)
	at org.activiti.engine.impl.persistence.entity.TaskEntityManager.findTasksByQueryCriteria(TaskEntityManager.java:135)
	at org.activiti.engine.impl.TaskQueryImpl.executeList(TaskQueryImpl.java:1256)
	at org.activiti.engine.impl.AbstractQuery.executeSingleResult(AbstractQuery.java:183)
	at org.activiti.engine.impl.AbstractQuery.execute(AbstractQuery.java:166)
	at org.activiti.engine.impl.interceptor.CommandInvoker.execute(CommandInvoker.java:24)
	at org.activiti.engine.impl.interceptor.CommandContextInterceptor.execute(CommandContextInterceptor.java:57)
	at org.activiti.engine.impl.interceptor.LogInterceptor.execute(LogInterceptor.java:37)
	at org.activiti.engine.impl.cfg.CommandExecutorImpl.execute(CommandExecutorImpl.java:40)
	at org.activiti.engine.impl.cfg.CommandExecutorImpl.execute(CommandExecutorImpl.java:35)
	at org.activiti.engine.impl.AbstractQuery.singleResult(AbstractQuery.java:129)
	at org.activiti.examples.task.StandaloneTaskTest.testOptimisticLockingThrownOnMultipleUpdates(StandaloneTaskTest.java:92)
	at sun.reflect.NativeMethodAccessorImpl.invoke0(Native Method)
	at sun.reflect.NativeMethodAccessorImpl.invoke(NativeMethodAccessorImpl.java:62)
	at sun.reflect.DelegatingMethodAccessorImpl.invoke(DelegatingMethodAccessorImpl.java:43)
	at java.lang.reflect.Method.invoke(Method.java:498)
	at junit.framework.TestCase.runTest(TestCase.java:176)
	at org.activiti.engine.impl.test.PvmTestCase.runTest(PvmTestCase.java:65)
	at junit.framework.TestCase.runBare(TestCase.java:141)
	at org.activiti.engine.impl.test.AbstractActivitiTestCase.runBare(AbstractActivitiTestCase.java:100)
	at junit.framework.TestResult$1.protect(TestResult.java:122)
	at junit.framework.TestResult.runProtected(TestResult.java:142)
	at junit.framework.TestResult.run(TestResult.java:125)
	at junit.framework.TestCase.run(TestCase.java:129)
	at junit.framework.TestSuite.runTest(TestSuite.java:255)
	at junit.framework.TestSuite.run(TestSuite.java:250)
	at org.junit.internal.runners.JUnit38ClassRunner.run(JUnit38ClassRunner.java:84)
	at org.apache.maven.surefire.junit4.JUnit4TestSet.execute(JUnit4TestSet.java:35)
	at org.apache.maven.surefire.junit4.JUnit4Provider.executeTestSet(JUnit4Provider.java:146)
	at org.apache.maven.surefire.junit4.JUnit4Provider.invoke(JUnit4Provider.java:97)
	at sun.reflect.NativeMethodAccessorImpl.invoke0(Native Method)
	at sun.reflect.NativeMethodAccessorImpl.invoke(NativeMethodAccessorImpl.java:62)
	at sun.reflect.DelegatingMethodAccessorImpl.invoke(DelegatingMethodAccessorImpl.java:43)
	at java.lang.reflect.Method.invoke(Method.java:498)
	at org.apache.maven.surefire.booter.ProviderFactory$ClassLoaderProxy.invoke(ProviderFactory.java:103)
	at com.sun.proxy.$Proxy0.invoke(Unknown Source)
	at org.apache.maven.surefire.booter.SurefireStarter.invokeProvider(SurefireStarter.java:145)
	at org.apache.maven.surefire.booter.SurefireStarter.runSuitesInProcess(SurefireStarter.java:87)
	at org.apache.maven.surefire.booter.ForkedBooter.main(ForkedBooter.java:69)
Caused by: org.h2.jdbc.JdbcSQLException: Syntax error in SQL statement &quot;SELECT DISTINCT RES.* 
       
    FROM ACT_RU_TASK RES
     
     
     
     
    
     
     
     
     WHERE RES.ID_ = ? 
   
    
     ORDER BY  ORDER[*] BY RES.ID_ ASC  
    LIMIT ? OFFSET ? &quot;; expected &quot;=, NOT, EXISTS, INTERSECTS, SELECT, FROM&quot;; SQL statement:
select distinct RES.* 
       
    from ACT_RU_TASK RES
     
     
     
     
    
     
     
     
     WHERE RES.ID_ = ? 
   
    
     order by  order by RES.ID_ asc  
    LIMIT ? OFFSET ? [42001-176]
	at org.h2.message.DbException.getJdbcSQLException(DbException.java:344)
	at org.h2.message.DbException.getSyntaxError(DbException.java:204)
	at org.h2.command.Parser.getSyntaxError(Parser.java:524)
	at org.h2.command.Parser.readTerm(Parser.java:2688)
	at org.h2.command.Parser.readFactor(Parser.java:2244)
	at org.h2.command.Parser.readSum(Parser.java:2231)
	at org.h2.command.Parser.readConcat(Parser.java:2201)
	at org.h2.command.Parser.readCondition(Parser.java:2051)
	at org.h2.command.Parser.readAnd(Parser.java:2023)
	at org.h2.command.Parser.readExpression(Parser.java:2015)
	at org.h2.command.Parser.parseEndOfQuery(Parser.java:1726)
	at org.h2.command.Parser.parseSelectUnionExtension(Parser.java:1706)
	at org.h2.command.Parser.parseSelectUnion(Parser.java:1675)
	at org.h2.command.Parser.parseSelect(Parser.java:1662)
	at org.h2.command.Parser.parsePrepared(Parser.java:434)
	at org.h2.command.Parser.parse(Parser.java:306)
	at org.h2.command.Parser.parse(Parser.java:282)
	at org.h2.command.Parser.prepareCommand(Parser.java:243)
	at org.h2.engine.Session.prepareLocal(Session.java:442)
	at org.h2.engine.Session.prepareCommand(Session.java:384)
	at org.h2.jdbc.JdbcConnection.prepareCommand(JdbcConnection.java:1188)
	at org.h2.jdbc.JdbcPreparedStatement.&lt;init&gt;(JdbcPreparedStatement.java:73)
	at org.h2.jdbc.JdbcConnection.prepareStatement(JdbcConnection.java:276)
	at sun.reflect.GeneratedMethodAccessor6.invoke(Unknown Source)
	at sun.reflect.DelegatingMethodAccessorImpl.invoke(DelegatingMethodAccessorImpl.java:43)
	at java.lang.reflect.Method.invoke(Method.java:498)
	at org.apache.ibatis.datasource.pooled.PooledConnection.invoke(PooledConnection.java:245)
	at com.sun.proxy.$Proxy12.prepareStatement(Unknown Source)
	at sun.reflect.GeneratedMethodAccessor6.invoke(Unknown Source)
	at sun.reflect.DelegatingMethodAccessorImpl.invoke(DelegatingMethodAccessorImpl.java:43)
	at java.lang.reflect.Method.invoke(Method.java:498)
	at org.apache.ibatis.logging.jdbc.ConnectionLogger.invoke(ConnectionLogger.java:55)
	at com.sun.proxy.$Proxy12.prepareStatement(Unknown Source)
	at org.apache.ibatis.executor.statement.PreparedStatementHandler.instantiateStatement(PreparedStatementHandler.java:79)
	at org.apache.ibatis.executor.statement.BaseStatementHandler.prepare(BaseStatementHandler.java:88)
	at org.apache.ibatis.executor.statement.RoutingStatementHandler.prepare(RoutingStatementHandler.java:58)
	at org.apache.ibatis.executor.SimpleExecutor.prepareStatement(SimpleExecutor.java:76)
	at org.apache.ibatis.executor.SimpleExecutor.doQuery(SimpleExecutor.java:61)
	at org.apache.ibatis.executor.BaseExecutor.queryFromDatabase(BaseExecutor.java:303)
	at org.apache.ibatis.executor.BaseExecutor.query(BaseExecutor.java:154)
	at org.apache.ibatis.executor.CachingExecutor.query(CachingExecutor.java:102)
	at org.apache.ibatis.executor.CachingExecutor.query(CachingExecutor.java:82)
	at org.apache.ibatis.session.defaults.DefaultSqlSession.selectList(DefaultSqlSession.java:120)
	... 41 more
10:48:01,351 [main] DEBUG org.activiti.engine.impl.test.PvmTestCase  - #### END StandaloneTaskTest.testOptimisticLockingThrownOnMultipleUpdates #############################################################
10:48:01,351 [main] DEBUG org.activiti.engine.impl.interceptor.LogInterceptor  - 

10:48:01,351 [main] DEBUG org.activiti.engine.impl.interceptor.LogInterceptor  - --- starting DeleteUserCmd --------------------------------------------------------
10:48:01,351 [main] DEBUG org.apache.ibatis.transaction.jdbc.JdbcTransaction  - Opening JDBC Connection
10:48:01,351 [main] DEBUG org.apache.ibatis.datasource.pooled.PooledDataSource  - Checked out connection 180014677 from pool.
10:48:01,351 [main] DEBUG org.apache.ibatis.transaction.jdbc.JdbcTransaction  - Setting autocommit to false on JDBC Connection [conn3: url=jdbc:h2:mem:activiti user=SA]
10:48:01,351 [main] DEBUG org.activiti.engine.impl.persistence.entity.UserEntity.selectUserById  - ==&gt;  Preparing: select * from ACT_ID_USER where ID_ = ? 
10:48:01,351 [main] DEBUG org.activiti.engine.impl.persistence.entity.UserEntity.selectUserById  - ==&gt; Parameters: kermit(String)
10:48:01,351 [main] DEBUG org.activiti.engine.impl.persistence.entity.UserEntity.selectUserById  - &lt;==      Total: 1
10:48:01,351 [main] DEBUG org.activiti.engine.impl.persistence.entity.IdentityInfoEntity.selectIdentityInfoByUserId  - ==&gt;  Preparing: select * from ACT_ID_INFO where USER_ID_ = ? 
10:48:01,351 [main] DEBUG org.activiti.engine.impl.persistence.entity.IdentityInfoEntity.selectIdentityInfoByUserId  - ==&gt; Parameters: kermit(String)
10:48:01,351 [main] DEBUG org.activiti.engine.impl.persistence.entity.IdentityInfoEntity.selectIdentityInfoByUserId  - &lt;==      Total: 0
10:48:01,351 [main] DEBUG org.activiti.engine.impl.db.DbSqlSession  -   bulk delete: deleteMembershipsByUserId(kermit)
10:48:01,351 [main] DEBUG org.activiti.engine.impl.db.DbSqlSession  -   delete org.activiti.engine.impl.persistence.entity.UserEntity@3ad9d5a5
10:48:01,351 [main] DEBUG org.activiti.engine.impl.db.DbSqlSession  - flush summary: 0 insert, 0 update, 2 delete.
10:48:01,351 [main] DEBUG org.activiti.engine.impl.db.DbSqlSession  - now executing flush...
10:48:01,351 [main] DEBUG org.activiti.engine.impl.db.DbSqlSession  - executing: bulk delete: deleteMembershipsByUserId(kermit)
10:48:01,351 [main] DEBUG org.activiti.engine.impl.persistence.entity.MembershipRelation.deleteMembershipsByUserId  - ==&gt;  Preparing: delete from ACT_ID_MEMBERSHIP where USER_ID_ = ? 
10:48:01,351 [main] DEBUG org.activiti.engine.impl.persistence.entity.MembershipRelation.deleteMembershipsByUserId  - ==&gt; Parameters: kermit(String)
10:48:01,351 [main] DEBUG org.activiti.engine.impl.persistence.entity.MembershipRelation.deleteMembershipsByUserId  - &lt;==    Updates: 0
10:48:01,351 [main] DEBUG org.activiti.engine.impl.db.DbSqlSession  - executing: delete org.activiti.engine.impl.persistence.entity.UserEntity@3ad9d5a5
10:48:01,351 [main] DEBUG org.activiti.engine.impl.persistence.entity.UserEntity.deleteUser  - ==&gt;  Preparing: delete from ACT_ID_USER where ID_ = ? and REV_ = ? 
10:48:01,351 [main] DEBUG org.activiti.engine.impl.persistence.entity.UserEntity.deleteUser  - ==&gt; Parameters: kermit(String), 1(Integer)
10:48:01,351 [main] DEBUG org.activiti.engine.impl.persistence.entity.UserEntity.deleteUser  - &lt;==    Updates: 1
10:48:01,351 [main] DEBUG org.activiti.engine.impl.cfg.standalone.StandaloneMybatisTransactionContext  - firing event committing...
10:48:01,351 [main] DEBUG org.activiti.engine.impl.cfg.standalone.StandaloneMybatisTransactionContext  - committing the ibatis sql session...
10:48:01,351 [main] DEBUG org.apache.ibatis.transaction.jdbc.JdbcTransaction  - Committing JDBC Connection [conn3: url=jdbc:h2:mem:activiti user=SA]
10:48:01,351 [main] DEBUG org.activiti.engine.impl.cfg.standalone.StandaloneMybatisTransactionContext  - firing event committed...
10:48:01,351 [main] DEBUG org.apache.ibatis.transaction.jdbc.JdbcTransaction  - Resetting autocommit to true on JDBC Connection [conn3: url=jdbc:h2:mem:activiti user=SA]
10:48:01,351 [main] DEBUG org.apache.ibatis.transaction.jdbc.JdbcTransaction  - Closing JDBC Connection [conn3: url=jdbc:h2:mem:activiti user=SA]
10:48:01,351 [main] DEBUG org.apache.ibatis.datasource.pooled.PooledDataSource  - Returned connection 180014677 to pool.
10:48:01,351 [main] DEBUG org.activiti.engine.impl.interceptor.LogInterceptor  - --- DeleteUserCmd finished --------------------------------------------------------
10:48:01,351 [main] DEBUG org.activiti.engine.impl.interceptor.LogInterceptor  - 

10:48:01,352 [main] DEBUG org.activiti.engine.impl.interceptor.LogInterceptor  - 

10:48:01,352 [main] DEBUG org.activiti.engine.impl.interceptor.LogInterceptor  - --- starting DeleteUserCmd --------------------------------------------------------
10:48:01,352 [main] DEBUG org.apache.ibatis.transaction.jdbc.JdbcTransaction  - Opening JDBC Connection
10:48:01,352 [main] DEBUG org.apache.ibatis.datasource.pooled.PooledDataSource  - Checked out connection 297240765 from pool.
10:48:01,352 [main] DEBUG org.apache.ibatis.transaction.jdbc.JdbcTransaction  - Setting autocommit to false on JDBC Connection [conn4: url=jdbc:h2:mem:activiti user=SA]
10:48:01,352 [main] DEBUG org.activiti.engine.impl.persistence.entity.UserEntity.selectUserById  - ==&gt;  Preparing: select * from ACT_ID_USER where ID_ = ? 
10:48:01,352 [main] DEBUG org.activiti.engine.impl.persistence.entity.UserEntity.selectUserById  - ==&gt; Parameters: gonzo(String)
10:48:01,352 [main] DEBUG org.activiti.engine.impl.persistence.entity.UserEntity.selectUserById  - &lt;==      Total: 1
10:48:01,352 [main] DEBUG org.activiti.engine.impl.persistence.entity.IdentityInfoEntity.selectIdentityInfoByUserId  - ==&gt;  Preparing: select * from ACT_ID_INFO where USER_ID_ = ? 
10:48:01,352 [main] DEBUG org.activiti.engine.impl.persistence.entity.IdentityInfoEntity.selectIdentityInfoByUserId  - ==&gt; Parameters: gonzo(String)
10:48:01,352 [main] DEBUG org.activiti.engine.impl.persistence.entity.IdentityInfoEntity.selectIdentityInfoByUserId  - &lt;==      Total: 0
10:48:01,352 [main] DEBUG org.activiti.engine.impl.db.DbSqlSession  -   bulk delete: deleteMembershipsByUserId(gonzo)
10:48:01,352 [main] DEBUG org.activiti.engine.impl.db.DbSqlSession  -   delete org.activiti.engine.impl.persistence.entity.UserEntity@c20d03e
10:48:01,352 [main] DEBUG org.activiti.engine.impl.db.DbSqlSession  - flush summary: 0 insert, 0 update, 2 delete.
10:48:01,352 [main] DEBUG org.activiti.engine.impl.db.DbSqlSession  - now executing flush...
10:48:01,352 [main] DEBUG org.activiti.engine.impl.db.DbSqlSession  - executing: bulk delete: deleteMembershipsByUserId(gonzo)
10:48:01,352 [main] DEBUG org.activiti.engine.impl.persistence.entity.MembershipRelation.deleteMembershipsByUserId  - ==&gt;  Preparing: delete from ACT_ID_MEMBERSHIP where USER_ID_ = ? 
10:48:01,352 [main] DEBUG org.activiti.engine.impl.persistence.entity.MembershipRelation.deleteMembershipsByUserId  - ==&gt; Parameters: gonzo(String)
10:48:01,352 [main] DEBUG org.activiti.engine.impl.persistence.entity.MembershipRelation.deleteMembershipsByUserId  - &lt;==    Updates: 0
10:48:01,352 [main] DEBUG org.activiti.engine.impl.db.DbSqlSession  - executing: delete org.activiti.engine.impl.persistence.entity.UserEntity@c20d03e
10:48:01,352 [main] DEBUG org.activiti.engine.impl.persistence.entity.UserEntity.deleteUser  - ==&gt;  Preparing: delete from ACT_ID_USER where ID_ = ? and REV_ = ? 
10:48:01,352 [main] DEBUG org.activiti.engine.impl.persistence.entity.UserEntity.deleteUser  - ==&gt; Parameters: gonzo(String), 1(Integer)
10:48:01,352 [main] DEBUG org.activiti.engine.impl.persistence.entity.UserEntity.deleteUser  - &lt;==    Updates: 1
10:48:01,352 [main] DEBUG org.activiti.engine.impl.cfg.standalone.StandaloneMybatisTransactionContext  - firing event committing...
10:48:01,352 [main] DEBUG org.activiti.engine.impl.cfg.standalone.StandaloneMybatisTransactionContext  - committing the ibatis sql session...
10:48:01,352 [main] DEBUG org.apache.ibatis.transaction.jdbc.JdbcTransaction  - Committing JDBC Connection [conn4: url=jdbc:h2:mem:activiti user=SA]
10:48:01,352 [main] DEBUG org.activiti.engine.impl.cfg.standalone.StandaloneMybatisTransactionContext  - firing event committed...
10:48:01,352 [main] DEBUG org.apache.ibatis.transaction.jdbc.JdbcTransaction  - Resetting autocommit to true on JDBC Connection [conn4: url=jdbc:h2:mem:activiti user=SA]
10:48:01,352 [main] DEBUG org.apache.ibatis.transaction.jdbc.JdbcTransaction  - Closing JDBC Connection [conn4: url=jdbc:h2:mem:activiti user=SA]
10:48:01,352 [main] DEBUG org.apache.ibatis.datasource.pooled.PooledDataSource  - Returned connection 297240765 to pool.
10:48:01,352 [main] DEBUG org.activiti.engine.impl.interceptor.LogInterceptor  - --- DeleteUserCmd finished --------------------------------------------------------
10:48:01,352 [main] DEBUG org.activiti.engine.impl.interceptor.LogInterceptor  - 

10:48:01,352 [main] ERROR org.activiti.engine.impl.test.PvmTestCase  - 

10:48:01,352 [main] ERROR org.activiti.engine.impl.test.PvmTestCase  - EXCEPTION: org.apache.ibatis.exceptions.PersistenceException: 
### Error querying database.  Cause: org.h2.jdbc.JdbcSQLException: Syntax error in SQL statement &quot;SELECT DISTINCT RES.* 
       
    FROM ACT_RU_TASK RES
     
     
     
     
    
     
     
     
     WHERE RES.ID_ = ? 
   
    
     ORDER BY  ORDER[*] BY RES.ID_ ASC  
    LIMIT ? OFFSET ? &quot;; expected &quot;=, NOT, EXISTS, INTERSECTS, SELECT, FROM&quot;; SQL statement:
select distinct RES.* 
       
    from ACT_RU_TASK RES
     
     
     
     
    
     
     
     
     WHERE RES.ID_ = ? 
   
    
     order by  order by RES.ID_ asc  
    LIMIT ? OFFSET ? [42001-176]
### The error may exist in org/activiti/db/mapping/entity/Task.xml
### The error may involve org.activiti.engine.impl.persistence.entity.TaskEntity.selectTaskByQueryCriteria
### The error occurred while executing a query
### SQL: select distinct RES.*              from ACT_RU_TASK RES                                                     WHERE RES.ID_ = ?                order by  order by RES.ID_ asc       LIMIT ? OFFSET ?
### Cause: org.h2.jdbc.JdbcSQLException: Syntax error in SQL statement &quot;SELECT DISTINCT RES.* 
       
    FROM ACT_RU_TASK RES
     
     
     
     
    
     
     
     
     WHERE RES.ID_ = ? 
   
    
     ORDER BY  ORDER[*] BY RES.ID_ ASC  
    LIMIT ? OFFSET ? &quot;; expected &quot;=, NOT, EXISTS, INTERSECTS, SELECT, FROM&quot;; SQL statement:
select distinct RES.* 
       
    from ACT_RU_TASK RES
     
     
     
     
    
     
     
     
     WHERE RES.ID_ = ? 
   
    
     order by  order by RES.ID_ asc  
    LIMIT ? OFFSET ? [42001-176]
org.apache.ibatis.exceptions.PersistenceException: 
### Error querying database.  Cause: org.h2.jdbc.JdbcSQLException: Syntax error in SQL statement &quot;SELECT DISTINCT RES.* 
       
    FROM ACT_RU_TASK RES
     
     
     
     
    
     
     
     
     WHERE RES.ID_ = ? 
   
    
     ORDER BY  ORDER[*] BY RES.ID_ ASC  
    LIMIT ? OFFSET ? &quot;; expected &quot;=, NOT, EXISTS, INTERSECTS, SELECT, FROM&quot;; SQL statement:
select distinct RES.* 
       
    from ACT_RU_TASK RES
     
     
     
     
    
     
     
     
     WHERE RES.ID_ = ? 
   
    
     order by  order by RES.ID_ asc  
    LIMIT ? OFFSET ? [42001-176]
### The error may exist in org/activiti/db/mapping/entity/Task.xml
### The error may involve org.activiti.engine.impl.persistence.entity.TaskEntity.selectTaskByQueryCriteria
### The error occurred while executing a query
### SQL: select distinct RES.*              from ACT_RU_TASK RES                                                     WHERE RES.ID_ = ?                order by  order by RES.ID_ asc       LIMIT ? OFFSET ?
### Cause: org.h2.jdbc.JdbcSQLException: Syntax error in SQL statement &quot;SELECT DISTINCT RES.* 
       
    FROM ACT_RU_TASK RES
     
     
     
     
    
     
     
     
     WHERE RES.ID_ = ? 
   
    
     ORDER BY  ORDER[*] BY RES.ID_ ASC  
    LIMIT ? OFFSET ? &quot;; expected &quot;=, NOT, EXISTS, INTERSECTS, SELECT, FROM&quot;; SQL statement:
select distinct RES.* 
       
    from ACT_RU_TASK RES
     
     
     
     
    
     
     
     
     WHERE RES.ID_ = ? 
   
    
     order by  order by RES.ID_ asc  
    LIMIT ? OFFSET ? [42001-176]
	at org.apache.ibatis.exceptions.ExceptionFactory.wrapException(ExceptionFactory.java:30)
	at org.apache.ibatis.session.defaults.DefaultSqlSession.selectList(DefaultSqlSession.java:122)
	at org.apache.ibatis.session.defaults.DefaultSqlSession.selectList(DefaultSqlSession.java:113)
	at org.activiti.engine.impl.db.DbSqlSession.selectListWithRawParameter(DbSqlSession.java:438)
	at org.activiti.engine.impl.db.DbSqlSession.selectList(DbSqlSession.java:429)
	at org.activiti.engine.impl.persistence.entity.TaskEntityManager.findTasksByQueryCriteria(TaskEntityManager.java:135)
	at org.activiti.engine.impl.TaskQueryImpl.executeList(TaskQueryImpl.java:1256)
	at org.activiti.engine.impl.AbstractQuery.executeSingleResult(AbstractQuery.java:183)
	at org.activiti.engine.impl.AbstractQuery.execute(AbstractQuery.java:166)
	at org.activiti.engine.impl.interceptor.CommandInvoker.execute(CommandInvoker.java:24)
	at org.activiti.engine.impl.interceptor.CommandContextInterceptor.execute(CommandContextInterceptor.java:57)
	at org.activiti.engine.impl.interceptor.LogInterceptor.execute(LogInterceptor.java:37)
	at org.activiti.engine.impl.cfg.CommandExecutorImpl.execute(CommandExecutorImpl.java:40)
	at org.activiti.engine.impl.cfg.CommandExecutorImpl.execute(CommandExecutorImpl.java:35)
	at org.activiti.engine.impl.AbstractQuery.singleResult(AbstractQuery.java:129)
	at org.activiti.examples.task.StandaloneTaskTest.testOptimisticLockingThrownOnMultipleUpdates(StandaloneTaskTest.java:92)
	at sun.reflect.NativeMethodAccessorImpl.invoke0(Native Method)
	at sun.reflect.NativeMethodAccessorImpl.invoke(NativeMethodAccessorImpl.java:62)
	at sun.reflect.DelegatingMethodAccessorImpl.invoke(DelegatingMethodAccessorImpl.java:43)
	at java.lang.reflect.Method.invoke(Method.java:498)
	at junit.framework.TestCase.runTest(TestCase.java:176)
	at org.activiti.engine.impl.test.PvmTestCase.runTest(PvmTestCase.java:65)
	at junit.framework.TestCase.runBare(TestCase.java:141)
	at org.activiti.engine.impl.test.AbstractActivitiTestCase.runBare(AbstractActivitiTestCase.java:100)
	at junit.framework.TestResult$1.protect(TestResult.java:122)
	at junit.framework.TestResult.runProtected(TestResult.java:142)
	at junit.framework.TestResult.run(TestResult.java:125)
	at junit.framework.TestCase.run(TestCase.java:129)
	at junit.framework.TestSuite.runTest(TestSuite.java:255)
	at junit.framework.TestSuite.run(TestSuite.java:250)
	at org.junit.internal.runners.JUnit38ClassRunner.run(JUnit38ClassRunner.java:84)
	at org.apache.maven.surefire.junit4.JUnit4TestSet.execute(JUnit4TestSet.java:35)
	at org.apache.maven.surefire.junit4.JUnit4Provider.executeTestSet(JUnit4Provider.java:146)
	at org.apache.maven.surefire.junit4.JUnit4Provider.invoke(JUnit4Provider.java:97)
	at sun.reflect.NativeMethodAccessorImpl.invoke0(Native Method)
	at sun.reflect.NativeMethodAccessorImpl.invoke(NativeMethodAccessorImpl.java:62)
	at sun.reflect.DelegatingMethodAccessorImpl.invoke(DelegatingMethodAccessorImpl.java:43)
	at java.lang.reflect.Method.invoke(Method.java:498)
	at org.apache.maven.surefire.booter.ProviderFactory$ClassLoaderProxy.invoke(ProviderFactory.java:103)
	at com.sun.proxy.$Proxy0.invoke(Unknown Source)
	at org.apache.maven.surefire.booter.SurefireStarter.invokeProvider(SurefireStarter.java:145)
	at org.apache.maven.surefire.booter.SurefireStarter.runSuitesInProcess(SurefireStarter.java:87)
	at org.apache.maven.surefire.booter.ForkedBooter.main(ForkedBooter.java:69)
Caused by: org.h2.jdbc.JdbcSQLException: Syntax error in SQL statement &quot;SELECT DISTINCT RES.* 
       
    FROM ACT_RU_TASK RES
     
     
     
     
    
     
     
     
     WHERE RES.ID_ = ? 
   
    
     ORDER BY  ORDER[*] BY RES.ID_ ASC  
    LIMIT ? OFFSET ? &quot;; expected &quot;=, NOT, EXISTS, INTERSECTS, SELECT, FROM&quot;; SQL statement:
select distinct RES.* 
       
    from ACT_RU_TASK RES
     
     
     
     
    
     
     
     
     WHERE RES.ID_ = ? 
   
    
     order by  order by RES.ID_ asc  
    LIMIT ? OFFSET ? [42001-176]
	at org.h2.message.DbException.getJdbcSQLException(DbException.java:344)
	at org.h2.message.DbException.getSyntaxError(DbException.java:204)
	at org.h2.command.Parser.getSyntaxError(Parser.java:524)
	at org.h2.command.Parser.readTerm(Parser.java:2688)
	at org.h2.command.Parser.readFactor(Parser.java:2244)
	at org.h2.command.Parser.readSum(Parser.java:2231)
	at org.h2.command.Parser.readConcat(Parser.java:2201)
	at org.h2.command.Parser.readCondition(Parser.java:2051)
	at org.h2.command.Parser.readAnd(Parser.java:2023)
	at org.h2.command.Parser.readExpression(Parser.java:2015)
	at org.h2.command.Parser.parseEndOfQuery(Parser.java:1726)
	at org.h2.command.Parser.parseSelectUnionExtension(Parser.java:1706)
	at org.h2.command.Parser.parseSelectUnion(Parser.java:1675)
	at org.h2.command.Parser.parseSelect(Parser.java:1662)
	at org.h2.command.Parser.parsePrepared(Parser.java:434)
	at org.h2.command.Parser.parse(Parser.java:306)
	at org.h2.command.Parser.parse(Parser.java:282)
	at org.h2.command.Parser.prepareCommand(Parser.java:243)
	at org.h2.engine.Session.prepareLocal(Session.java:442)
	at org.h2.engine.Session.prepareCommand(Session.java:384)
	at org.h2.jdbc.JdbcConnection.prepareCommand(JdbcConnection.java:1188)
	at org.h2.jdbc.JdbcPreparedStatement.&lt;init&gt;(JdbcPreparedStatement.java:73)
	at org.h2.jdbc.JdbcConnection.prepareStatement(JdbcConnection.java:276)
	at sun.reflect.GeneratedMethodAccessor6.invoke(Unknown Source)
	at sun.reflect.DelegatingMethodAccessorImpl.invoke(DelegatingMethodAccessorImpl.java:43)
	at java.lang.reflect.Method.invoke(Method.java:498)
	at org.apache.ibatis.datasource.pooled.PooledConnection.invoke(PooledConnection.java:245)
	at com.sun.proxy.$Proxy12.prepareStatement(Unknown Source)
	at sun.reflect.GeneratedMethodAccessor6.invoke(Unknown Source)
	at sun.reflect.DelegatingMethodAccessorImpl.invoke(DelegatingMethodAccessorImpl.java:43)
	at java.lang.reflect.Method.invoke(Method.java:498)
	at org.apache.ibatis.logging.jdbc.ConnectionLogger.invoke(ConnectionLogger.java:55)
	at com.sun.proxy.$Proxy12.prepareStatement(Unknown Source)
	at org.apache.ibatis.executor.statement.PreparedStatementHandler.instantiateStatement(PreparedStatementHandler.java:79)
	at org.apache.ibatis.executor.statement.BaseStatementHandler.prepare(BaseStatementHandler.java:88)
	at org.apache.ibatis.executor.statement.RoutingStatementHandler.prepare(RoutingStatementHandler.java:58)
	at org.apache.ibatis.executor.SimpleExecutor.prepareStatement(SimpleExecutor.java:76)
	at org.apache.ibatis.executor.SimpleExecutor.doQuery(SimpleExecutor.java:61)
	at org.apache.ibatis.executor.BaseExecutor.queryFromDatabase(BaseExecutor.java:303)
	at org.apache.ibatis.executor.BaseExecutor.query(BaseExecutor.java:154)
	at org.apache.ibatis.executor.CachingExecutor.query(CachingExecutor.java:102)
	at org.apache.ibatis.executor.CachingExecutor.query(CachingExecutor.java:82)
	at org.apache.ibatis.session.defaults.DefaultSqlSession.selectList(DefaultSqlSession.java:120)
	... 41 more
10:48:01,352 [main] DEBUG org.activiti.engine.impl.test.PvmTestCase  - verifying that db is clean after test
10:48:01,352 [main] DEBUG org.activiti.engine.impl.interceptor.LogInterceptor  - 

10:48:01,352 [main] DEBUG org.activiti.engine.impl.interceptor.LogInterceptor  - --- starting GetTableCountCmd --------------------------------------------------------
10:48:01,352 [main] DEBUG org.apache.ibatis.transaction.jdbc.JdbcTransaction  - Opening JDBC Connection
10:48:01,352 [main] DEBUG org.apache.ibatis.datasource.pooled.PooledDataSource  - Checked out connection 486346394 from pool.
10:48:01,352 [main] DEBUG org.apache.ibatis.transaction.jdbc.JdbcTransaction  - Setting autocommit to false on JDBC Connection [conn6: url=jdbc:h2:mem:activiti user=SA]
10:48:01,352 [main] DEBUG org.activiti.engine.impl.persistence.entity.TableDataManager  - retrieving activiti tables from jdbc metadata
10:48:01,353 [Thread-112] DEBUG org.activiti.engine.impl.asyncexecutor.AcquireAsyncJobsDueRunnable  - async job acquisition thread woke up
10:48:01,353 [Thread-112] DEBUG org.activiti.engine.impl.interceptor.LogInterceptor  - 

10:48:01,353 [Thread-112] DEBUG org.activiti.engine.impl.interceptor.LogInterceptor  - --- starting AcquireAsyncJobsDueCmd --------------------------------------------------------
10:48:01,353 [main] DEBUG org.activiti.engine.impl.persistence.entity.TableDataManager  -   retrieved activiti table name ACT_EVT_LOG
10:48:01,353 [main] DEBUG org.activiti.engine.impl.persistence.entity.TableDataManager  -   retrieved activiti table name ACT_GE_BYTEARRAY
10:48:01,353 [main] DEBUG org.activiti.engine.impl.persistence.entity.TableDataManager  -   retrieved activiti table name ACT_GE_PROPERTY
10:48:01,353 [main] DEBUG org.activiti.engine.impl.persistence.entity.TableDataManager  -   retrieved activiti table name ACT_HI_ACTINST
10:48:01,353 [main] DEBUG org.activiti.engine.impl.persistence.entity.TableDataManager  -   retrieved activiti table name ACT_HI_ATTACHMENT
10:48:01,353 [main] DEBUG org.activiti.engine.impl.persistence.entity.TableDataManager  -   retrieved activiti table name ACT_HI_COMMENT
10:48:01,353 [Thread-112] DEBUG org.apache.ibatis.transaction.jdbc.JdbcTransaction  - Opening JDBC Connection
10:48:01,353 [Thread-112] DEBUG org.apache.ibatis.datasource.pooled.PooledDataSource  - Checked out connection 604408605 from pool.
10:48:01,353 [Thread-112] DEBUG org.apache.ibatis.transaction.jdbc.JdbcTransaction  - Setting autocommit to false on JDBC Connection [conn70: url=jdbc:h2:mem:activiti-AsyncExecutorTest user=SA]
10:48:01,353 [main] DEBUG org.activiti.engine.impl.persistence.entity.TableDataManager  -   retrieved activiti table name ACT_HI_DETAIL
10:48:01,353 [main] DEBUG org.activiti.engine.impl.persistence.entity.TableDataManager  -   retrieved activiti table name ACT_HI_IDENTITYLINK
10:48:01,353 [main] DEBUG org.activiti.engine.impl.persistence.entity.TableDataManager  -   retrieved activiti table name ACT_HI_PROCINST
10:48:01,353 [main] DEBUG org.activiti.engine.impl.persistence.entity.TableDataManager  -   retrieved activiti table name ACT_HI_TASKINST
10:48:01,353 [main] DEBUG org.activiti.engine.impl.persistence.entity.TableDataManager  -   retrieved activiti table name ACT_HI_VARINST
10:48:01,353 [main] DEBUG org.activiti.engine.impl.persistence.entity.TableDataManager  -   retrieved activiti table name ACT_ID_GROUP
10:48:01,353 [main] DEBUG org.activiti.engine.impl.persistence.entity.TableDataManager  -   retrieved activiti table name ACT_ID_INFO
10:48:01,353 [main] DEBUG org.activiti.engine.impl.persistence.entity.TableDataManager  -   retrieved activiti table name ACT_ID_MEMBERSHIP
10:48:01,353 [main] DEBUG org.activiti.engine.impl.persistence.entity.TableDataManager  -   retrieved activiti table name ACT_ID_USER
10:48:01,353 [main] DEBUG org.activiti.engine.impl.persistence.entity.TableDataManager  -   retrieved activiti table name ACT_PROCDEF_INFO
10:48:01,353 [main] DEBUG org.activiti.engine.impl.persistence.entity.TableDataManager  -   retrieved activiti table name ACT_RE_DEPLOYMENT
10:48:01,353 [main] DEBUG org.activiti.engine.impl.persistence.entity.TableDataManager  -   retrieved activiti table name ACT_RE_MODEL
10:48:01,353 [main] DEBUG org.activiti.engine.impl.persistence.entity.TableDataManager  -   retrieved activiti table name ACT_RE_PROCDEF
10:48:01,353 [main] DEBUG org.activiti.engine.impl.persistence.entity.TableDataManager  -   retrieved activiti table name ACT_RU_EVENT_SUBSCR
10:48:01,353 [main] DEBUG org.activiti.engine.impl.persistence.entity.TableDataManager  -   retrieved activiti table name ACT_RU_EXECUTION
10:48:01,354 [main] DEBUG org.activiti.engine.impl.persistence.entity.TableDataManager  -   retrieved activiti table name ACT_RU_IDENTITYLINK
10:48:01,354 [main] DEBUG org.activiti.engine.impl.persistence.entity.TableDataManager  -   retrieved activiti table name ACT_RU_JOB
10:48:01,354 [main] DEBUG org.activiti.engine.impl.persistence.entity.TableDataManager  -   retrieved activiti table name ACT_RU_TASK
10:48:01,354 [main] DEBUG org.activiti.engine.impl.persistence.entity.TableDataManager  -   retrieved activiti table name ACT_RU_VARIABLE
10:48:01,354 [main] DEBUG org.activiti.engine.impl.persistence.entity.TableDataManager  - selecting table count for ACT_EVT_LOG
10:48:01,354 [main] DEBUG org.activiti.engine.impl.TablePageMap.selectTableCount  - ==&gt;  Preparing: select count(*) from ACT_EVT_LOG 
10:48:01,353 [Thread-112] DEBUG org.activiti.engine.impl.persistence.entity.JobEntity.selectAsyncJobsDueToExecute  - ==&gt;  Preparing: select RES.* from ACT_RU_JOB RES LEFT OUTER JOIN ACT_RU_EXECUTION PI ON PI.ID_ = RES.PROCESS_INSTANCE_ID_ where RES.RETRIES_ &gt; 0 and RES.DUEDATE_ is not null and RES.DUEDATE_ &lt;= ? and (RES.LOCK_EXP_TIME_ is null or RES.LOCK_EXP_TIME_ &lt;= ?) and TYPE_ = &apos;message&apos; and ( (RES.EXECUTION_ID_ is null) or (PI.SUSPENSION_STATE_ = 1) ) LIMIT ? OFFSET ? 
10:48:01,354 [main] DEBUG org.activiti.engine.impl.TablePageMap.selectTableCount  - ==&gt; Parameters: 
10:48:01,354 [Thread-112] DEBUG org.activiti.engine.impl.persistence.entity.JobEntity.selectAsyncJobsDueToExecute  - ==&gt; Parameters: 2023-03-20 10:48:01.353(Timestamp), 2023-03-20 10:48:01.353(Timestamp), 1(Integer), 0(Integer)
10:48:01,354 [main] DEBUG org.activiti.engine.impl.TablePageMap.selectTableCount  - &lt;==      Total: 1
10:48:01,354 [main] DEBUG org.activiti.engine.impl.persistence.entity.TableDataManager  - selecting table count for ACT_GE_BYTEARRAY
10:48:01,354 [main] DEBUG org.activiti.engine.impl.TablePageMap.selectTableCount  - ==&gt;  Preparing: select count(*) from ACT_GE_BYTEARRAY 
10:48:01,354 [main] DEBUG org.activiti.engine.impl.TablePageMap.selectTableCount  - ==&gt; Parameters: 
10:48:01,354 [main] DEBUG org.activiti.engine.impl.TablePageMap.selectTableCount  - &lt;==      Total: 1
10:48:01,354 [main] DEBUG org.activiti.engine.impl.persistence.entity.TableDataManager  - selecting table count for ACT_GE_PROPERTY
10:48:01,354 [main] DEBUG org.activiti.engine.impl.TablePageMap.selectTableCount  - ==&gt;  Preparing: select count(*) from ACT_GE_PROPERTY 
10:48:01,354 [main] DEBUG org.activiti.engine.impl.TablePageMap.selectTableCount  - ==&gt; Parameters: 
10:48:01,354 [main] DEBUG org.activiti.engine.impl.TablePageMap.selectTableCount  - &lt;==      Total: 1
10:48:01,354 [main] DEBUG org.activiti.engine.impl.persistence.entity.TableDataManager  - selecting table count for ACT_HI_ACTINST
10:48:01,354 [main] DEBUG org.activiti.engine.impl.TablePageMap.selectTableCount  - ==&gt;  Preparing: select count(*) from ACT_HI_ACTINST 
10:48:01,354 [main] DEBUG org.activiti.engine.impl.TablePageMap.selectTableCount  - ==&gt; Parameters: 
10:48:01,354 [main] DEBUG org.activiti.engine.impl.TablePageMap.selectTableCount  - &lt;==      Total: 1
10:48:01,354 [main] DEBUG org.activiti.engine.impl.persistence.entity.TableDataManager  - selecting table count for ACT_HI_ATTACHMENT
10:48:01,354 [main] DEBUG org.activiti.engine.impl.TablePageMap.selectTableCount  - ==&gt;  Preparing: select count(*) from ACT_HI_ATTACHMENT 
10:48:01,354 [Thread-112] DEBUG org.activiti.engine.impl.persistence.entity.JobEntity.selectAsyncJobsDueToExecute  - &lt;==      Total: 0
10:48:01,354 [Thread-112] DEBUG org.activiti.engine.impl.db.DbSqlSession  - flush summary: 0 insert, 0 update, 0 delete.
10:48:01,354 [Thread-112] DEBUG org.activiti.engine.impl.db.DbSqlSession  - now executing flush...
10:48:01,354 [Thread-112] DEBUG org.activiti.engine.impl.cfg.standalone.StandaloneMybatisTransactionContext  - firing event committing...
10:48:01,354 [main] DEBUG org.activiti.engine.impl.TablePageMap.selectTableCount  - ==&gt; Parameters: 
10:48:01,354 [main] DEBUG org.activiti.engine.impl.TablePageMap.selectTableCount  - &lt;==      Total: 1
10:48:01,354 [Thread-112] DEBUG org.activiti.engine.impl.cfg.standalone.StandaloneMybatisTransactionContext  - committing the ibatis sql session...
10:48:01,355 [Thread-112] DEBUG org.activiti.engine.impl.cfg.standalone.StandaloneMybatisTransactionContext  - firing event committed...
10:48:01,354 [main] DEBUG org.activiti.engine.impl.persistence.entity.TableDataManager  - selecting table count for ACT_HI_COMMENT
10:48:01,355 [main] DEBUG org.activiti.engine.impl.TablePageMap.selectTableCount  - ==&gt;  Preparing: select count(*) from ACT_HI_COMMENT 
10:48:01,355 [main] DEBUG org.activiti.engine.impl.TablePageMap.selectTableCount  - ==&gt; Parameters: 
10:48:01,355 [Thread-112] DEBUG org.apache.ibatis.transaction.jdbc.JdbcTransaction  - Resetting autocommit to true on JDBC Connection [conn70: url=jdbc:h2:mem:activiti-AsyncExecutorTest user=SA]
10:48:01,355 [main] DEBUG org.activiti.engine.impl.TablePageMap.selectTableCount  - &lt;==      Total: 1
10:48:01,355 [main] DEBUG org.activiti.engine.impl.persistence.entity.TableDataManager  - selecting table count for ACT_HI_DETAIL
10:48:01,355 [main] DEBUG org.activiti.engine.impl.TablePageMap.selectTableCount  - ==&gt;  Preparing: select count(*) from ACT_HI_DETAIL 
10:48:01,355 [main] DEBUG org.activiti.engine.impl.TablePageMap.selectTableCount  - ==&gt; Parameters: 
10:48:01,355 [main] DEBUG org.activiti.engine.impl.TablePageMap.selectTableCount  - &lt;==      Total: 1
10:48:01,355 [main] DEBUG org.activiti.engine.impl.persistence.entity.TableDataManager  - selecting table count for ACT_HI_IDENTITYLINK
10:48:01,355 [main] DEBUG org.activiti.engine.impl.TablePageMap.selectTableCount  - ==&gt;  Preparing: select count(*) from ACT_HI_IDENTITYLINK 
10:48:01,355 [main] DEBUG org.activiti.engine.impl.TablePageMap.selectTableCount  - ==&gt; Parameters: 
10:48:01,355 [Thread-112] DEBUG org.apache.ibatis.transaction.jdbc.JdbcTransaction  - Closing JDBC Connection [conn70: url=jdbc:h2:mem:activiti-AsyncExecutorTest user=SA]
10:48:01,355 [main] DEBUG org.activiti.engine.impl.TablePageMap.selectTableCount  - &lt;==      Total: 1
10:48:01,355 [main] DEBUG org.activiti.engine.impl.persistence.entity.TableDataManager  - selecting table count for ACT_HI_PROCINST
10:48:01,355 [main] DEBUG org.activiti.engine.impl.TablePageMap.selectTableCount  - ==&gt;  Preparing: select count(*) from ACT_HI_PROCINST 
10:48:01,355 [main] DEBUG org.activiti.engine.impl.TablePageMap.selectTableCount  - ==&gt; Parameters: 
10:48:01,355 [main] DEBUG org.activiti.engine.impl.TablePageMap.selectTableCount  - &lt;==      Total: 1
10:48:01,355 [main] DEBUG org.activiti.engine.impl.persistence.entity.TableDataManager  - selecting table count for ACT_HI_TASKINST
10:48:01,355 [main] DEBUG org.activiti.engine.impl.TablePageMap.selectTableCount  - ==&gt;  Preparing: select count(*) from ACT_HI_TASKINST 
10:48:01,355 [Thread-112] DEBUG org.apache.ibatis.datasource.pooled.PooledDataSource  - Returned connection 604408605 to pool.
10:48:01,355 [main] DEBUG org.activiti.engine.impl.TablePageMap.selectTableCount  - ==&gt; Parameters: 
10:48:01,355 [Thread-112] DEBUG org.activiti.engine.impl.interceptor.LogInterceptor  - --- AcquireAsyncJobsDueCmd finished --------------------------------------------------------
10:48:01,355 [Thread-112] DEBUG org.activiti.engine.impl.interceptor.LogInterceptor  - 

10:48:01,355 [Thread-112] DEBUG org.activiti.engine.impl.asyncexecutor.AcquireAsyncJobsDueRunnable  - async job acquisition thread sleeping for 50 millis
10:48:01,355 [main] DEBUG org.activiti.engine.impl.TablePageMap.selectTableCount  - &lt;==      Total: 1
10:48:01,355 [main] DEBUG org.activiti.engine.impl.persistence.entity.TableDataManager  - selecting table count for ACT_HI_VARINST
10:48:01,355 [main] DEBUG org.activiti.engine.impl.TablePageMap.selectTableCount  - ==&gt;  Preparing: select count(*) from ACT_HI_VARINST 
10:48:01,356 [main] DEBUG org.activiti.engine.impl.TablePageMap.selectTableCount  - ==&gt; Parameters: 
10:48:01,356 [main] DEBUG org.activiti.engine.impl.TablePageMap.selectTableCount  - &lt;==      Total: 1
10:48:01,356 [main] DEBUG org.activiti.engine.impl.persistence.entity.TableDataManager  - selecting table count for ACT_ID_GROUP
10:48:01,356 [main] DEBUG org.activiti.engine.impl.TablePageMap.selectTableCount  - ==&gt;  Preparing: select count(*) from ACT_ID_GROUP 
10:48:01,356 [main] DEBUG org.activiti.engine.impl.TablePageMap.selectTableCount  - ==&gt; Parameters: 
10:48:01,356 [main] DEBUG org.activiti.engine.impl.TablePageMap.selectTableCount  - &lt;==      Total: 1
10:48:01,356 [main] DEBUG org.activiti.engine.impl.persistence.entity.TableDataManager  - selecting table count for ACT_ID_INFO
10:48:01,356 [main] DEBUG org.activiti.engine.impl.TablePageMap.selectTableCount  - ==&gt;  Preparing: select count(*) from ACT_ID_INFO 
10:48:01,356 [main] DEBUG org.activiti.engine.impl.TablePageMap.selectTableCount  - ==&gt; Parameters: 
10:48:01,356 [main] DEBUG org.activiti.engine.impl.TablePageMap.selectTableCount  - &lt;==      Total: 1
10:48:01,356 [main] DEBUG org.activiti.engine.impl.persistence.entity.TableDataManager  - selecting table count for ACT_ID_MEMBERSHIP
10:48:01,356 [main] DEBUG org.activiti.engine.impl.TablePageMap.selectTableCount  - ==&gt;  Preparing: select count(*) from ACT_ID_MEMBERSHIP 
10:48:01,356 [main] DEBUG org.activiti.engine.impl.TablePageMap.selectTableCount  - ==&gt; Parameters: 
10:48:01,356 [main] DEBUG org.activiti.engine.impl.TablePageMap.selectTableCount  - &lt;==      Total: 1
10:48:01,356 [main] DEBUG org.activiti.engine.impl.persistence.entity.TableDataManager  - selecting table count for ACT_ID_USER
10:48:01,356 [main] DEBUG org.activiti.engine.impl.TablePageMap.selectTableCount  - ==&gt;  Preparing: select count(*) from ACT_ID_USER 
10:48:01,356 [main] DEBUG org.activiti.engine.impl.TablePageMap.selectTableCount  - ==&gt; Parameters: 
10:48:01,356 [main] DEBUG org.activiti.engine.impl.TablePageMap.selectTableCount  - &lt;==      Total: 1
10:48:01,356 [main] DEBUG org.activiti.engine.impl.persistence.entity.TableDataManager  - selecting table count for ACT_PROCDEF_INFO
10:48:01,356 [main] DEBUG org.activiti.engine.impl.TablePageMap.selectTableCount  - ==&gt;  Preparing: select count(*) from ACT_PROCDEF_INFO 
10:48:01,356 [main] DEBUG org.activiti.engine.impl.TablePageMap.selectTableCount  - ==&gt; Parameters: 
10:48:01,356 [main] DEBUG org.activiti.engine.impl.TablePageMap.selectTableCount  - &lt;==      Total: 1
10:48:01,356 [main] DEBUG org.activiti.engine.impl.persistence.entity.TableDataManager  - selecting table count for ACT_RE_DEPLOYMENT
10:48:01,356 [main] DEBUG org.activiti.engine.impl.TablePageMap.selectTableCount  - ==&gt;  Preparing: select count(*) from ACT_RE_DEPLOYMENT 
10:48:01,356 [main] DEBUG org.activiti.engine.impl.TablePageMap.selectTableCount  - ==&gt; Parameters: 
10:48:01,356 [main] DEBUG org.activiti.engine.impl.TablePageMap.selectTableCount  - &lt;==      Total: 1
10:48:01,356 [main] DEBUG org.activiti.engine.impl.persistence.entity.TableDataManager  - selecting table count for ACT_RE_MODEL
10:48:01,356 [main] DEBUG org.activiti.engine.impl.TablePageMap.selectTableCount  - ==&gt;  Preparing: select count(*) from ACT_RE_MODEL 
10:48:01,356 [main] DEBUG org.activiti.engine.impl.TablePageMap.selectTableCount  - ==&gt; Parameters: 
10:48:01,356 [main] DEBUG org.activiti.engine.impl.TablePageMap.selectTableCount  - &lt;==      Total: 1
10:48:01,356 [main] DEBUG org.activiti.engine.impl.persistence.entity.TableDataManager  - selecting table count for ACT_RE_PROCDEF
10:48:01,356 [main] DEBUG org.activiti.engine.impl.TablePageMap.selectTableCount  - ==&gt;  Preparing: select count(*) from ACT_RE_PROCDEF 
10:48:01,356 [main] DEBUG org.activiti.engine.impl.TablePageMap.selectTableCount  - ==&gt; Parameters: 
10:48:01,356 [main] DEBUG org.activiti.engine.impl.TablePageMap.selectTableCount  - &lt;==      Total: 1
10:48:01,356 [main] DEBUG org.activiti.engine.impl.persistence.entity.TableDataManager  - selecting table count for ACT_RU_EVENT_SUBSCR
10:48:01,356 [main] DEBUG org.activiti.engine.impl.TablePageMap.selectTableCount  - ==&gt;  Preparing: select count(*) from ACT_RU_EVENT_SUBSCR 
10:48:01,356 [main] DEBUG org.activiti.engine.impl.TablePageMap.selectTableCount  - ==&gt; Parameters: 
10:48:01,356 [main] DEBUG org.activiti.engine.impl.TablePageMap.selectTableCount  - &lt;==      Total: 1
10:48:01,356 [main] DEBUG org.activiti.engine.impl.persistence.entity.TableDataManager  - selecting table count for ACT_RU_EXECUTION
10:48:01,356 [main] DEBUG org.activiti.engine.impl.TablePageMap.selectTableCount  - ==&gt;  Preparing: select count(*) from ACT_RU_EXECUTION 
10:48:01,356 [main] DEBUG org.activiti.engine.impl.TablePageMap.selectTableCount  - ==&gt; Parameters: 
10:48:01,356 [main] DEBUG org.activiti.engine.impl.TablePageMap.selectTableCount  - &lt;==      Total: 1
10:48:01,357 [main] DEBUG org.activiti.engine.impl.persistence.entity.TableDataManager  - selecting table count for ACT_RU_IDENTITYLINK
10:48:01,357 [main] DEBUG org.activiti.engine.impl.TablePageMap.selectTableCount  - ==&gt;  Preparing: select count(*) from ACT_RU_IDENTITYLINK 
10:48:01,357 [main] DEBUG org.activiti.engine.impl.TablePageMap.selectTableCount  - ==&gt; Parameters: 
10:48:01,357 [main] DEBUG org.activiti.engine.impl.TablePageMap.selectTableCount  - &lt;==      Total: 1
10:48:01,357 [main] DEBUG org.activiti.engine.impl.persistence.entity.TableDataManager  - selecting table count for ACT_RU_JOB
10:48:01,357 [main] DEBUG org.activiti.engine.impl.TablePageMap.selectTableCount  - ==&gt;  Preparing: select count(*) from ACT_RU_JOB 
10:48:01,357 [main] DEBUG org.activiti.engine.impl.TablePageMap.selectTableCount  - ==&gt; Parameters: 
10:48:01,357 [main] DEBUG org.activiti.engine.impl.TablePageMap.selectTableCount  - &lt;==      Total: 1
10:48:01,357 [main] DEBUG org.activiti.engine.impl.persistence.entity.TableDataManager  - selecting table count for ACT_RU_TASK
10:48:01,357 [main] DEBUG org.activiti.engine.impl.TablePageMap.selectTableCount  - ==&gt;  Preparing: select count(*) from ACT_RU_TASK 
10:48:01,357 [main] DEBUG org.activiti.engine.impl.TablePageMap.selectTableCount  - ==&gt; Parameters: 
10:48:01,357 [main] DEBUG org.activiti.engine.impl.TablePageMap.selectTableCount  - &lt;==      Total: 1
10:48:01,357 [main] DEBUG org.activiti.engine.impl.persistence.entity.TableDataManager  - selecting table count for ACT_RU_VARIABLE
10:48:01,357 [main] DEBUG org.activiti.engine.impl.TablePageMap.selectTableCount  - ==&gt;  Preparing: select count(*) from ACT_RU_VARIABLE 
10:48:01,357 [main] DEBUG org.activiti.engine.impl.TablePageMap.selectTableCount  - ==&gt; Parameters: 
10:48:01,357 [main] DEBUG org.activiti.engine.impl.TablePageMap.selectTableCount  - &lt;==      Total: 1
10:48:01,357 [main] DEBUG org.activiti.engine.impl.persistence.entity.TableDataManager  - Number of rows per activiti table: {ACT_RU_EVENT_SUBSCR=0, ACT_ID_USER=0, ACT_HI_ATTACHMENT=0, ACT_GE_BYTEARRAY=0, ACT_RE_MODEL=0, ACT_RU_VARIABLE=0, ACT_RU_TASK=1, ACT_RE_DEPLOYMENT=0, ACT_RE_PROCDEF=0, ACT_ID_GROUP=0, ACT_HI_VARINST=0, ACT_HI_COMMENT=0, ACT_HI_PROCINST=0, ACT_ID_INFO=0, ACT_ID_MEMBERSHIP=0, ACT_RU_JOB=0, ACT_PROCDEF_INFO=0, ACT_HI_ACTINST=0, ACT_RU_EXECUTION=0, ACT_HI_TASKINST=1, ACT_HI_DETAIL=0, ACT_EVT_LOG=0, ACT_HI_IDENTITYLINK=0, ACT_RU_IDENTITYLINK=0, ACT_GE_PROPERTY=3}
10:48:01,357 [main] DEBUG org.activiti.engine.impl.db.DbSqlSession  - flush summary: 0 insert, 0 update, 0 delete.
10:48:01,357 [main] DEBUG org.activiti.engine.impl.db.DbSqlSession  - now executing flush...
10:48:01,357 [main] DEBUG org.activiti.engine.impl.cfg.standalone.StandaloneMybatisTransactionContext  - firing event committing...
10:48:01,357 [main] DEBUG org.activiti.engine.impl.cfg.standalone.StandaloneMybatisTransactionContext  - committing the ibatis sql session...
10:48:01,357 [main] DEBUG org.activiti.engine.impl.cfg.standalone.StandaloneMybatisTransactionContext  - firing event committed...
10:48:01,357 [main] DEBUG org.apache.ibatis.transaction.jdbc.JdbcTransaction  - Resetting autocommit to true on JDBC Connection [conn6: url=jdbc:h2:mem:activiti user=SA]
10:48:01,357 [main] DEBUG org.apache.ibatis.transaction.jdbc.JdbcTransaction  - Closing JDBC Connection [conn6: url=jdbc:h2:mem:activiti user=SA]
10:48:01,357 [main] DEBUG org.apache.ibatis.datasource.pooled.PooledDataSource  - Returned connection 486346394 to pool.
10:48:01,357 [main] DEBUG org.activiti.engine.impl.interceptor.LogInterceptor  - --- GetTableCountCmd finished --------------------------------------------------------
10:48:01,357 [main] DEBUG org.activiti.engine.impl.interceptor.LogInterceptor  - 

10:48:01,357 [main] ERROR org.activiti.engine.impl.test.PvmTestCase  - 

10:48:01,357 [main] ERROR org.activiti.engine.impl.test.PvmTestCase  - DB NOT CLEAN: 
  ACT_RU_TASK: 1 record(s)   ACT_HI_TASKINST: 1 record(s) 
10:48:01,357 [main] INFO  org.activiti.engine.impl.test.PvmTestCase  - dropping and recreating db
10:48:01,357 [main] DEBUG org.activiti.engine.impl.interceptor.LogInterceptor  - 

10:48:01,357 [main] DEBUG org.activiti.engine.impl.interceptor.LogInterceptor  - --- starting  --------------------------------------------------------
10:48:01,357 [main] INFO  org.activiti.engine.impl.db.DbSqlSession  - performing drop on engine with resource org/activiti/db/drop/activiti.h2.drop.engine.sql
10:48:01,357 [main] DEBUG org.apache.ibatis.transaction.jdbc.JdbcTransaction  - Opening JDBC Connection
10:48:01,357 [main] DEBUG org.apache.ibatis.datasource.pooled.PooledDataSource  - Checked out connection 363509958 from pool.
10:48:01,357 [main] DEBUG org.apache.ibatis.transaction.jdbc.JdbcTransaction  - Setting autocommit to false on JDBC Connection [conn2: url=jdbc:h2:mem:activiti user=SA]
10:48:01,357 [main] DEBUG org.activiti.engine.impl.db.DbSqlSession  - SQL: drop table if exists ACT_GE_PROPERTY cascade constraints
10:48:01,358 [main] DEBUG org.activiti.engine.impl.db.DbSqlSession  - SQL: drop table if exists ACT_GE_BYTEARRAY cascade constraints
10:48:01,358 [main] DEBUG org.activiti.engine.impl.db.DbSqlSession  - SQL: drop table if exists ACT_RE_DEPLOYMENT cascade constraints
10:48:01,358 [main] DEBUG org.activiti.engine.impl.db.DbSqlSession  - SQL: drop table if exists ACT_RE_MODEL cascade constraints
10:48:01,358 [main] DEBUG org.activiti.engine.impl.db.DbSqlSession  - SQL: drop table if exists ACT_RU_EXECUTION cascade constraints
10:48:01,358 [main] DEBUG org.activiti.engine.impl.db.DbSqlSession  - SQL: drop table if exists ACT_RU_JOB cascade constraints
10:48:01,358 [main] DEBUG org.activiti.engine.impl.db.DbSqlSession  - SQL: drop table if exists ACT_RE_PROCDEF cascade constraints
10:48:01,358 [main] DEBUG org.activiti.engine.impl.db.DbSqlSession  - SQL: drop table if exists ACT_RU_TASK cascade constraints
10:48:01,358 [main] DEBUG org.activiti.engine.impl.db.DbSqlSession  - SQL: drop table if exists ACT_RU_IDENTITYLINK cascade constraints
10:48:01,358 [main] DEBUG org.activiti.engine.impl.db.DbSqlSession  - SQL: drop table if exists ACT_RU_VARIABLE cascade constraints
10:48:01,358 [main] DEBUG org.activiti.engine.impl.db.DbSqlSession  - SQL: drop table if exists ACT_RU_EVENT_SUBSCR cascade constraints
10:48:01,358 [main] DEBUG org.activiti.engine.impl.db.DbSqlSession  - SQL: drop table if exists ACT_EVT_LOG cascade constraints
10:48:01,358 [main] DEBUG org.activiti.engine.impl.db.DbSqlSession  - SQL: drop table if exists ACT_PROCDEF_INFO cascade constraints
10:48:01,358 [main] DEBUG org.activiti.engine.impl.db.DbSqlSession  - SQL: drop index if exists ACT_IDX_EXEC_BUSKEY
10:48:01,358 [main] DEBUG org.activiti.engine.impl.db.DbSqlSession  - SQL: drop index if exists ACT_IDX_TASK_CREATE
10:48:01,358 [main] DEBUG org.activiti.engine.impl.db.DbSqlSession  - SQL: drop index if exists ACT_IDX_IDENT_LNK_USER
10:48:01,358 [main] DEBUG org.activiti.engine.impl.db.DbSqlSession  - SQL: drop index if exists ACT_IDX_IDENT_LNK_GROUP
10:48:01,358 [main] DEBUG org.activiti.engine.impl.db.DbSqlSession  - SQL: drop index if exists ACT_IDX_VARIABLE_TASK_ID
10:48:01,358 [main] DEBUG org.activiti.engine.impl.db.DbSqlSession  - SQL: drop index if exists ACT_IDX_EVENT_SUBSCR_CONFIG_
10:48:01,358 [main] DEBUG org.activiti.engine.impl.db.DbSqlSession  - SQL: drop index if exists ACT_IDX_ATHRZ_PROCEDEF
10:48:01,358 [main] DEBUG org.activiti.engine.impl.db.DbSqlSession  - SQL: drop index if exists ACT_IDX_INFO_PROCDEF
10:48:01,358 [main] DEBUG org.activiti.engine.impl.db.DbSqlSession  - activiti db schema drop for component engine successful
10:48:01,358 [main] INFO  org.activiti.engine.impl.db.DbSqlSession  - performing drop on history with resource org/activiti/db/drop/activiti.h2.drop.history.sql
10:48:01,359 [main] DEBUG org.activiti.engine.impl.db.DbSqlSession  - SQL: drop table if exists ACT_HI_PROCINST cascade constraints
10:48:01,359 [main] DEBUG org.activiti.engine.impl.db.DbSqlSession  - SQL: drop table if exists ACT_HI_ACTINST cascade constraints
10:48:01,359 [main] DEBUG org.activiti.engine.impl.db.DbSqlSession  - SQL: drop table if exists ACT_HI_VARINST cascade constraints
10:48:01,359 [main] DEBUG org.activiti.engine.impl.db.DbSqlSession  - SQL: drop table if exists ACT_HI_TASKINST cascade constraints
10:48:01,359 [main] DEBUG org.activiti.engine.impl.db.DbSqlSession  - SQL: drop table if exists ACT_HI_DETAIL cascade constraints
10:48:01,359 [main] DEBUG org.activiti.engine.impl.db.DbSqlSession  - SQL: drop table if exists ACT_HI_COMMENT cascade constraints
10:48:01,359 [main] DEBUG org.activiti.engine.impl.db.DbSqlSession  - SQL: drop table if exists ACT_HI_ATTACHMENT cascade constraints
10:48:01,359 [main] DEBUG org.activiti.engine.impl.db.DbSqlSession  - SQL: drop table if exists ACT_HI_IDENTITYLINK cascade constraints
10:48:01,359 [main] DEBUG org.activiti.engine.impl.db.DbSqlSession  - SQL: drop index if exists ACT_IDX_HI_PRO_INST_END
10:48:01,359 [main] DEBUG org.activiti.engine.impl.db.DbSqlSession  - SQL: drop index if exists ACT_IDX_HI_PRO_I_BUSKEY
10:48:01,359 [main] DEBUG org.activiti.engine.impl.db.DbSqlSession  - SQL: drop index if exists ACT_IDX_HI_ACT_INST_START
10:48:01,359 [main] DEBUG org.activiti.engine.impl.db.DbSqlSession  - SQL: drop index if exists ACT_IDX_HI_ACT_INST_END
10:48:01,359 [main] DEBUG org.activiti.engine.impl.db.DbSqlSession  - SQL: drop index if exists ACT_IDX_HI_DETAIL_PROC_INST
10:48:01,359 [main] DEBUG org.activiti.engine.impl.db.DbSqlSession  - SQL: drop index if exists ACT_IDX_HI_DETAIL_ACT_INST
10:48:01,359 [main] DEBUG org.activiti.engine.impl.db.DbSqlSession  - SQL: drop index if exists ACT_IDX_HI_DETAIL_TIME
10:48:01,359 [main] DEBUG org.activiti.engine.impl.db.DbSqlSession  - SQL: drop index if exists ACT_IDX_HI_DETAIL_NAME
10:48:01,359 [main] DEBUG org.activiti.engine.impl.db.DbSqlSession  - SQL: drop index if exists ACT_IDX_HI_DETAIL_TASK_ID
10:48:01,359 [main] DEBUG org.activiti.engine.impl.db.DbSqlSession  - SQL: drop index if exists ACT_IDX_HI_PROCVAR_PROC_INST
10:48:01,359 [main] DEBUG org.activiti.engine.impl.db.DbSqlSession  - SQL: drop index if exists ACT_IDX_HI_PROCVAR_NAME_TYPE
10:48:01,359 [main] DEBUG org.activiti.engine.impl.db.DbSqlSession  - SQL: drop index if exists ACT_IDX_HI_ACT_INST_PROCINST
10:48:01,359 [main] DEBUG org.activiti.engine.impl.db.DbSqlSession  - SQL: drop index if exists ACT_IDX_HI_IDENT_LNK_USER
10:48:01,359 [main] DEBUG org.activiti.engine.impl.db.DbSqlSession  - SQL: drop index if exists ACT_IDX_HI_IDENT_LNK_TASK
10:48:01,359 [main] DEBUG org.activiti.engine.impl.db.DbSqlSession  - SQL: drop index if exists ACT_IDX_HI_IDENT_LNK_PROCINST
10:48:01,359 [main] DEBUG org.activiti.engine.impl.db.DbSqlSession  - SQL: drop index if exists ACT_IDX_HI_TASK_INST_PROCINST
10:48:01,359 [main] DEBUG org.activiti.engine.impl.db.DbSqlSession  - activiti db schema drop for component history successful
10:48:01,359 [main] INFO  org.activiti.engine.impl.db.DbSqlSession  - performing drop on identity with resource org/activiti/db/drop/activiti.h2.drop.identity.sql
10:48:01,359 [main] DEBUG org.activiti.engine.impl.db.DbSqlSession  - SQL: drop table if exists ACT_ID_INFO cascade constraints
10:48:01,359 [main] DEBUG org.activiti.engine.impl.db.DbSqlSession  - SQL: drop table if exists ACT_ID_GROUP cascade constraints
10:48:01,359 [main] DEBUG org.activiti.engine.impl.db.DbSqlSession  - SQL: drop table if exists ACT_ID_MEMBERSHIP cascade constraints
10:48:01,359 [main] DEBUG org.activiti.engine.impl.db.DbSqlSession  - SQL: drop table if exists ACT_ID_USER cascade constraints
10:48:01,360 [main] DEBUG org.activiti.engine.impl.db.DbSqlSession  - activiti db schema drop for component identity successful
10:48:01,360 [main] INFO  org.activiti.engine.impl.db.DbSqlSession  - performing create on engine with resource org/activiti/db/create/activiti.h2.create.engine.sql
10:48:01,360 [main] DEBUG org.activiti.engine.impl.db.DbSqlSession  - SQL: create table ACT_GE_PROPERTY ( 
NAME_ varchar(64), 
VALUE_ varchar(300), 
REV_ integer, 
primary key (NAME_) 
)
10:48:01,360 [main] DEBUG org.activiti.engine.impl.db.DbSqlSession  - SQL: insert into ACT_GE_PROPERTY 
values (&apos;schema.version&apos;, &apos;5.20.0.0&apos;, 1)
10:48:01,360 [main] DEBUG org.activiti.engine.impl.db.DbSqlSession  - SQL: insert into ACT_GE_PROPERTY 
values (&apos;schema.history&apos;, &apos;create(5.20.0.0)&apos;, 1)
10:48:01,360 [main] DEBUG org.activiti.engine.impl.db.DbSqlSession  - SQL: insert into ACT_GE_PROPERTY 
values (&apos;next.dbid&apos;, &apos;1&apos;, 1)
10:48:01,360 [main] DEBUG org.activiti.engine.impl.db.DbSqlSession  - SQL: create table ACT_GE_BYTEARRAY ( 
ID_ varchar(64), 
REV_ integer, 
NAME_ varchar(255), 
DEPLOYMENT_ID_ varchar(64), 
BYTES_ longvarbinary, 
GENERATED_ bit, 
primary key (ID_) 
)
10:48:01,360 [main] DEBUG org.activiti.engine.impl.db.DbSqlSession  - SQL: create table ACT_RE_DEPLOYMENT ( 
ID_ varchar(64), 
NAME_ varchar(255), 
CATEGORY_ varchar(255), 
TENANT_ID_ varchar(255) default &apos;&apos;, 
DEPLOY_TIME_ timestamp, 
primary key (ID_) 
)
10:48:01,360 [main] DEBUG org.activiti.engine.impl.db.DbSqlSession  - SQL: create table ACT_RE_MODEL ( 
ID_ varchar(64) not null, 
REV_ integer, 
NAME_ varchar(255), 
KEY_ varchar(255), 
CATEGORY_ varchar(255), 
CREATE_TIME_ timestamp, 
LAST_UPDATE_TIME_ timestamp, 
VERSION_ integer, 
META_INFO_ varchar(4000), 
DEPLOYMENT_ID_ varchar(64), 
EDITOR_SOURCE_VALUE_ID_ varchar(64), 
EDITOR_SOURCE_EXTRA_VALUE_ID_ varchar(64), 
TENANT_ID_ varchar(255) default &apos;&apos;, 
primary key (ID_) 
)
10:48:01,360 [main] DEBUG org.activiti.engine.impl.db.DbSqlSession  - SQL: create table ACT_RU_EXECUTION ( 
ID_ varchar(64), 
REV_ integer, 
PROC_INST_ID_ varchar(64), 
BUSINESS_KEY_ varchar(255), 
PARENT_ID_ varchar(64), 
PROC_DEF_ID_ varchar(64), 
SUPER_EXEC_ varchar(64), 
ACT_ID_ varchar(255), 
IS_ACTIVE_ bit, 
IS_CONCURRENT_ bit, 
IS_SCOPE_ bit, 
IS_EVENT_SCOPE_ bit, 
SUSPENSION_STATE_ integer, 
CACHED_ENT_STATE_ integer, 
TENANT_ID_ varchar(255) default &apos;&apos;, 
NAME_ varchar(255), 
LOCK_TIME_ timestamp, 
primary key (ID_) 
)
10:48:01,360 [main] DEBUG org.activiti.engine.impl.db.DbSqlSession  - SQL: create table ACT_RU_JOB ( 
ID_ varchar(64) NOT NULL, 
REV_ integer, 
TYPE_ varchar(255) NOT NULL, 
LOCK_EXP_TIME_ timestamp, 
LOCK_OWNER_ varchar(255), 
EXCLUSIVE_ boolean, 
EXECUTION_ID_ varchar(64), 
PROCESS_INSTANCE_ID_ varchar(64), 
PROC_DEF_ID_ varchar(64), 
RETRIES_ integer, 
EXCEPTION_STACK_ID_ varchar(64), 
EXCEPTION_MSG_ varchar(4000), 
DUEDATE_ timestamp, 
REPEAT_ varchar(255), 
HANDLER_TYPE_ varchar(255), 
HANDLER_CFG_ varchar(4000), 
TENANT_ID_ varchar(255) default &apos;&apos;, 
primary key (ID_) 
)
10:48:01,361 [main] DEBUG org.activiti.engine.impl.db.DbSqlSession  - SQL: create table ACT_RE_PROCDEF ( 
ID_ varchar(64) NOT NULL, 
REV_ integer, 
CATEGORY_ varchar(255), 
NAME_ varchar(255), 
KEY_ varchar(255) NOT NULL, 
VERSION_ integer NOT NULL, 
DEPLOYMENT_ID_ varchar(64), 
RESOURCE_NAME_ varchar(4000), 
DGRM_RESOURCE_NAME_ varchar(4000), 
DESCRIPTION_ varchar(4000), 
HAS_START_FORM_KEY_ bit, 
HAS_GRAPHICAL_NOTATION_ bit, 
SUSPENSION_STATE_ integer, 
TENANT_ID_ varchar(255) default &apos;&apos;, 
primary key (ID_) 
)
10:48:01,361 [main] DEBUG org.activiti.engine.impl.db.DbSqlSession  - SQL: create table ACT_RU_TASK ( 
ID_ varchar(64), 
REV_ integer, 
EXECUTION_ID_ varchar(64), 
PROC_INST_ID_ varchar(64), 
PROC_DEF_ID_ varchar(64), 
NAME_ varchar(255), 
PARENT_TASK_ID_ varchar(64), 
DESCRIPTION_ varchar(4000), 
TASK_DEF_KEY_ varchar(255), 
OWNER_ varchar(255), 
ASSIGNEE_ varchar(255), 
DELEGATION_ varchar(64), 
PRIORITY_ integer, 
CREATE_TIME_ timestamp, 
DUE_DATE_ timestamp, 
CATEGORY_ varchar(255), 
SUSPENSION_STATE_ integer, 
TENANT_ID_ varchar(255) default &apos;&apos;, 
FORM_KEY_ varchar(255), 
primary key (ID_) 
)
10:48:01,361 [main] DEBUG org.activiti.engine.impl.db.DbSqlSession  - SQL: create table ACT_RU_IDENTITYLINK ( 
ID_ varchar(64), 
REV_ integer, 
GROUP_ID_ varchar(255), 
TYPE_ varchar(255), 
USER_ID_ varchar(255), 
TASK_ID_ varchar(64), 
PROC_INST_ID_ varchar(64) null, 
PROC_DEF_ID_ varchar(64), 
primary key (ID_) 
)
10:48:01,361 [main] DEBUG org.activiti.engine.impl.db.DbSqlSession  - SQL: create table ACT_RU_VARIABLE ( 
ID_ varchar(64) not null, 
REV_ integer, 
TYPE_ varchar(255) not null, 
NAME_ varchar(255) not null, 
EXECUTION_ID_ varchar(64), 
PROC_INST_ID_ varchar(64), 
TASK_ID_ varchar(64), 
BYTEARRAY_ID_ varchar(64), 
DOUBLE_ double, 
LONG_ bigint, 
TEXT_ varchar(4000), 
TEXT2_ varchar(4000), 
primary key (ID_) 
)
10:48:01,361 [main] DEBUG org.activiti.engine.impl.db.DbSqlSession  - SQL: create table ACT_RU_EVENT_SUBSCR ( 
ID_ varchar(64) not null, 
REV_ integer, 
EVENT_TYPE_ varchar(255) not null, 
EVENT_NAME_ varchar(255), 
EXECUTION_ID_ varchar(64), 
PROC_INST_ID_ varchar(64), 
ACTIVITY_ID_ varchar(64), 
CONFIGURATION_ varchar(255), 
CREATED_ timestamp not null, 
PROC_DEF_ID_ varchar(64), 
TENANT_ID_ varchar(255) default &apos;&apos;, 
primary key (ID_) 
)
10:48:01,361 [main] DEBUG org.activiti.engine.impl.db.DbSqlSession  - SQL: create table ACT_EVT_LOG ( 
LOG_NR_ identity, 
TYPE_ varchar(64), 
PROC_DEF_ID_ varchar(64), 
PROC_INST_ID_ varchar(64), 
EXECUTION_ID_ varchar(64), 
TASK_ID_ varchar(64), 
TIME_STAMP_ timestamp not null, 
USER_ID_ varchar(255), 
DATA_ longvarbinary, 
LOCK_OWNER_ varchar(255), 
LOCK_TIME_ timestamp, 
IS_PROCESSED_ bit default 0 
)
10:48:01,361 [main] DEBUG org.activiti.engine.impl.db.DbSqlSession  - SQL: create table ACT_PROCDEF_INFO ( 
ID_ varchar(64) not null, 
PROC_DEF_ID_ varchar(64) not null, 
REV_ integer, 
INFO_JSON_ID_ varchar(64), 
primary key (ID_) 
)
10:48:01,361 [main] DEBUG org.activiti.engine.impl.db.DbSqlSession  - SQL: create index ACT_IDX_EXEC_BUSKEY on ACT_RU_EXECUTION(BUSINESS_KEY_)
10:48:01,361 [main] DEBUG org.activiti.engine.impl.db.DbSqlSession  - SQL: create index ACT_IDX_TASK_CREATE on ACT_RU_TASK(CREATE_TIME_)
10:48:01,361 [main] DEBUG org.activiti.engine.impl.db.DbSqlSession  - SQL: create index ACT_IDX_IDENT_LNK_USER on ACT_RU_IDENTITYLINK(USER_ID_)
10:48:01,361 [main] DEBUG org.activiti.engine.impl.db.DbSqlSession  - SQL: create index ACT_IDX_IDENT_LNK_GROUP on ACT_RU_IDENTITYLINK(GROUP_ID_)
10:48:01,361 [main] DEBUG org.activiti.engine.impl.db.DbSqlSession  - SQL: create index ACT_IDX_EVENT_SUBSCR_CONFIG_ on ACT_RU_EVENT_SUBSCR(CONFIGURATION_)
10:48:01,361 [main] DEBUG org.activiti.engine.impl.db.DbSqlSession  - SQL: create index ACT_IDX_VARIABLE_TASK_ID on ACT_RU_VARIABLE(TASK_ID_)
10:48:01,361 [main] DEBUG org.activiti.engine.impl.db.DbSqlSession  - SQL: create index ACT_IDX_ATHRZ_PROCEDEF on ACT_RU_IDENTITYLINK(PROC_DEF_ID_)
10:48:01,361 [main] DEBUG org.activiti.engine.impl.db.DbSqlSession  - SQL: create index ACT_IDX_INFO_PROCDEF on ACT_PROCDEF_INFO(PROC_DEF_ID_)
10:48:01,361 [main] DEBUG org.activiti.engine.impl.db.DbSqlSession  - SQL: alter table ACT_GE_BYTEARRAY 
add constraint ACT_FK_BYTEARR_DEPL 
foreign key (DEPLOYMENT_ID_) 
references ACT_RE_DEPLOYMENT
10:48:01,361 [main] DEBUG org.activiti.engine.impl.db.DbSqlSession  - SQL: alter table ACT_RE_PROCDEF 
add constraint ACT_UNIQ_PROCDEF 
unique (KEY_,VERSION_, TENANT_ID_)
10:48:01,361 [main] DEBUG org.activiti.engine.impl.db.DbSqlSession  - SQL: alter table ACT_RU_EXECUTION 
add constraint ACT_FK_EXE_PROCINST 
foreign key (PROC_INST_ID_) 
references ACT_RU_EXECUTION
10:48:01,361 [main] DEBUG org.activiti.engine.impl.db.DbSqlSession  - SQL: alter table ACT_RU_EXECUTION 
add constraint ACT_FK_EXE_PARENT 
foreign key (PARENT_ID_) 
references ACT_RU_EXECUTION
10:48:01,361 [main] DEBUG org.activiti.engine.impl.db.DbSqlSession  - SQL: alter table ACT_RU_EXECUTION 
add constraint ACT_FK_EXE_SUPER 
foreign key (SUPER_EXEC_) 
references ACT_RU_EXECUTION
10:48:01,361 [main] DEBUG org.activiti.engine.impl.db.DbSqlSession  - SQL: alter table ACT_RU_EXECUTION 
add constraint ACT_FK_EXE_PROCDEF 
foreign key (PROC_DEF_ID_) 
references ACT_RE_PROCDEF (ID_)
10:48:01,361 [main] DEBUG org.activiti.engine.impl.db.DbSqlSession  - SQL: alter table ACT_RU_IDENTITYLINK 
add constraint ACT_FK_TSKASS_TASK 
foreign key (TASK_ID_) 
references ACT_RU_TASK
10:48:01,362 [main] DEBUG org.activiti.engine.impl.db.DbSqlSession  - SQL: alter table ACT_RU_IDENTITYLINK 
add constraint ACT_FK_ATHRZ_PROCEDEF 
foreign key (PROC_DEF_ID_) 
references ACT_RE_PROCDEF
10:48:01,362 [main] DEBUG org.activiti.engine.impl.db.DbSqlSession  - SQL: alter table ACT_RU_IDENTITYLINK 
add constraint ACT_FK_IDL_PROCINST 
foreign key (PROC_INST_ID_) 
references ACT_RU_EXECUTION (ID_)
10:48:01,362 [main] DEBUG org.activiti.engine.impl.db.DbSqlSession  - SQL: alter table ACT_RU_TASK 
add constraint ACT_FK_TASK_EXE 
foreign key (EXECUTION_ID_) 
references ACT_RU_EXECUTION
10:48:01,362 [main] DEBUG org.activiti.engine.impl.db.DbSqlSession  - SQL: alter table ACT_RU_TASK 
add constraint ACT_FK_TASK_PROCINST 
foreign key (PROC_INST_ID_) 
references ACT_RU_EXECUTION
10:48:01,362 [main] DEBUG org.activiti.engine.impl.db.DbSqlSession  - SQL: alter table ACT_RU_TASK 
add constraint ACT_FK_TASK_PROCDEF 
foreign key (PROC_DEF_ID_) 
references ACT_RE_PROCDEF
10:48:01,362 [main] DEBUG org.activiti.engine.impl.db.DbSqlSession  - SQL: alter table ACT_RU_VARIABLE 
add constraint ACT_FK_VAR_EXE 
foreign key (EXECUTION_ID_) 
references ACT_RU_EXECUTION
10:48:01,362 [main] DEBUG org.activiti.engine.impl.db.DbSqlSession  - SQL: alter table ACT_RU_VARIABLE 
add constraint ACT_FK_VAR_PROCINST 
foreign key (PROC_INST_ID_) 
references ACT_RU_EXECUTION
10:48:01,362 [main] DEBUG org.activiti.engine.impl.db.DbSqlSession  - SQL: alter table ACT_RU_VARIABLE 
add constraint ACT_FK_VAR_BYTEARRAY 
foreign key (BYTEARRAY_ID_) 
references ACT_GE_BYTEARRAY
10:48:01,362 [main] DEBUG org.activiti.engine.impl.db.DbSqlSession  - SQL: alter table ACT_RU_JOB 
add constraint ACT_FK_JOB_EXCEPTION 
foreign key (EXCEPTION_STACK_ID_) 
references ACT_GE_BYTEARRAY
10:48:01,362 [main] DEBUG org.activiti.engine.impl.db.DbSqlSession  - SQL: alter table ACT_RU_EVENT_SUBSCR 
add constraint ACT_FK_EVENT_EXEC 
foreign key (EXECUTION_ID_) 
references ACT_RU_EXECUTION
10:48:01,362 [main] DEBUG org.activiti.engine.impl.db.DbSqlSession  - SQL: alter table ACT_RE_MODEL 
add constraint ACT_FK_MODEL_SOURCE 
foreign key (EDITOR_SOURCE_VALUE_ID_) 
references ACT_GE_BYTEARRAY (ID_)
10:48:01,362 [main] DEBUG org.activiti.engine.impl.db.DbSqlSession  - SQL: alter table ACT_RE_MODEL 
add constraint ACT_FK_MODEL_SOURCE_EXTRA 
foreign key (EDITOR_SOURCE_EXTRA_VALUE_ID_) 
references ACT_GE_BYTEARRAY (ID_)
10:48:01,362 [main] DEBUG org.activiti.engine.impl.db.DbSqlSession  - SQL: alter table ACT_RE_MODEL 
add constraint ACT_FK_MODEL_DEPLOYMENT 
foreign key (DEPLOYMENT_ID_) 
references ACT_RE_DEPLOYMENT (ID_)
10:48:01,362 [main] DEBUG org.activiti.engine.impl.db.DbSqlSession  - SQL: alter table ACT_PROCDEF_INFO 
add constraint ACT_FK_INFO_JSON_BA 
foreign key (INFO_JSON_ID_) 
references ACT_GE_BYTEARRAY (ID_)
10:48:01,363 [main] DEBUG org.activiti.engine.impl.db.DbSqlSession  - SQL: alter table ACT_PROCDEF_INFO 
add constraint ACT_FK_INFO_PROCDEF 
foreign key (PROC_DEF_ID_) 
references ACT_RE_PROCDEF (ID_)
10:48:01,363 [main] DEBUG org.activiti.engine.impl.db.DbSqlSession  - SQL: alter table ACT_PROCDEF_INFO 
add constraint ACT_UNIQ_INFO_PROCDEF 
unique (PROC_DEF_ID_)
10:48:01,363 [main] DEBUG org.activiti.engine.impl.db.DbSqlSession  - activiti db schema create for component engine successful
10:48:01,363 [main] INFO  org.activiti.engine.impl.db.DbSqlSession  - performing create on history with resource org/activiti/db/create/activiti.h2.create.history.sql
10:48:01,363 [main] DEBUG org.activiti.engine.impl.db.DbSqlSession  - SQL: create table ACT_HI_PROCINST ( 
ID_ varchar(64) not null, 
PROC_INST_ID_ varchar(64) not null, 
BUSINESS_KEY_ varchar(255), 
PROC_DEF_ID_ varchar(64) not null, 
START_TIME_ timestamp not null, 
END_TIME_ timestamp, 
DURATION_ bigint, 
START_USER_ID_ varchar(255), 
START_ACT_ID_ varchar(255), 
END_ACT_ID_ varchar(255), 
SUPER_PROCESS_INSTANCE_ID_ varchar(64), 
DELETE_REASON_ varchar(4000), 
TENANT_ID_ varchar(255) default &apos;&apos;, 
NAME_ varchar(255), 
primary key (ID_), 
unique (PROC_INST_ID_) 
)
10:48:01,363 [main] DEBUG org.activiti.engine.impl.db.DbSqlSession  - SQL: create table ACT_HI_ACTINST ( 
ID_ varchar(64) not null, 
PROC_DEF_ID_ varchar(64) not null, 
PROC_INST_ID_ varchar(64) not null, 
EXECUTION_ID_ varchar(64) not null, 
ACT_ID_ varchar(255) not null, 
TASK_ID_ varchar(64), 
CALL_PROC_INST_ID_ varchar(64), 
ACT_NAME_ varchar(255), 
ACT_TYPE_ varchar(255) not null, 
ASSIGNEE_ varchar(255), 
START_TIME_ timestamp not null, 
END_TIME_ timestamp, 
DURATION_ bigint, 
TENANT_ID_ varchar(255) default &apos;&apos;, 
primary key (ID_) 
)
10:48:01,363 [main] DEBUG org.activiti.engine.impl.db.DbSqlSession  - SQL: create table ACT_HI_TASKINST ( 
ID_ varchar(64) not null, 
PROC_DEF_ID_ varchar(64), 
TASK_DEF_KEY_ varchar(255), 
PROC_INST_ID_ varchar(64), 
EXECUTION_ID_ varchar(64), 
NAME_ varchar(255), 
PARENT_TASK_ID_ varchar(64), 
DESCRIPTION_ varchar(4000), 
OWNER_ varchar(255), 
ASSIGNEE_ varchar(255), 
START_TIME_ timestamp not null, 
CLAIM_TIME_ timestamp, 
END_TIME_ timestamp, 
DURATION_ bigint, 
DELETE_REASON_ varchar(4000), 
PRIORITY_ integer, 
DUE_DATE_ timestamp, 
FORM_KEY_ varchar(255), 
CATEGORY_ varchar(255), 
TENANT_ID_ varchar(255) default &apos;&apos;, 
primary key (ID_) 
)
10:48:01,363 [main] DEBUG org.activiti.engine.impl.db.DbSqlSession  - SQL: create table ACT_HI_VARINST ( 
ID_ varchar(64) not null, 
PROC_INST_ID_ varchar(64), 
EXECUTION_ID_ varchar(64), 
TASK_ID_ varchar(64), 
NAME_ varchar(255) not null, 
VAR_TYPE_ varchar(100), 
REV_ integer, 
BYTEARRAY_ID_ varchar(64), 
DOUBLE_ double, 
LONG_ bigint, 
TEXT_ varchar(4000), 
TEXT2_ varchar(4000), 
CREATE_TIME_ timestamp, 
LAST_UPDATED_TIME_ timestamp, 
primary key (ID_) 
)
10:48:01,363 [main] DEBUG org.activiti.engine.impl.db.DbSqlSession  - SQL: create table ACT_HI_DETAIL ( 
ID_ varchar(64) not null, 
TYPE_ varchar(255) not null, 
TIME_ timestamp not null, 
NAME_ varchar(255), 
PROC_INST_ID_ varchar(64), 
EXECUTION_ID_ varchar(64), 
TASK_ID_ varchar(64), 
ACT_INST_ID_ varchar(64), 
VAR_TYPE_ varchar(255), 
REV_ integer, 
BYTEARRAY_ID_ varchar(64), 
DOUBLE_ double, 
LONG_ bigint, 
TEXT_ varchar(4000), 
TEXT2_ varchar(4000), 
primary key (ID_) 
)
10:48:01,363 [main] DEBUG org.activiti.engine.impl.db.DbSqlSession  - SQL: create table ACT_HI_COMMENT ( 
ID_ varchar(64) not null, 
TYPE_ varchar(255), 
TIME_ timestamp not null, 
USER_ID_ varchar(255), 
TASK_ID_ varchar(64), 
PROC_INST_ID_ varchar(64), 
ACTION_ varchar(255), 
MESSAGE_ varchar(4000), 
FULL_MSG_ longvarbinary, 
primary key (ID_) 
)
10:48:01,363 [main] DEBUG org.activiti.engine.impl.db.DbSqlSession  - SQL: create table ACT_HI_ATTACHMENT ( 
ID_ varchar(64) not null, 
REV_ integer, 
USER_ID_ varchar(255), 
NAME_ varchar(255), 
DESCRIPTION_ varchar(4000), 
TYPE_ varchar(255), 
TASK_ID_ varchar(64), 
PROC_INST_ID_ varchar(64), 
URL_ varchar(4000), 
CONTENT_ID_ varchar(64), 
TIME_ timestamp, 
primary key (ID_) 
)
10:48:01,363 [main] DEBUG org.activiti.engine.impl.db.DbSqlSession  - SQL: create table ACT_HI_IDENTITYLINK ( 
ID_ varchar(64), 
GROUP_ID_ varchar(255), 
TYPE_ varchar(255), 
USER_ID_ varchar(255), 
TASK_ID_ varchar(64), 
PROC_INST_ID_ varchar(64) null, 
primary key (ID_) 
)
10:48:01,363 [main] DEBUG org.activiti.engine.impl.db.DbSqlSession  - SQL: create index ACT_IDX_HI_PRO_INST_END on ACT_HI_PROCINST(END_TIME_)
10:48:01,363 [main] DEBUG org.activiti.engine.impl.db.DbSqlSession  - SQL: create index ACT_IDX_HI_PRO_I_BUSKEY on ACT_HI_PROCINST(BUSINESS_KEY_)
10:48:01,364 [main] DEBUG org.activiti.engine.impl.db.DbSqlSession  - SQL: create index ACT_IDX_HI_ACT_INST_START on ACT_HI_ACTINST(START_TIME_)
10:48:01,364 [main] DEBUG org.activiti.engine.impl.db.DbSqlSession  - SQL: create index ACT_IDX_HI_ACT_INST_END on ACT_HI_ACTINST(END_TIME_)
10:48:01,364 [main] DEBUG org.activiti.engine.impl.db.DbSqlSession  - SQL: create index ACT_IDX_HI_DETAIL_PROC_INST on ACT_HI_DETAIL(PROC_INST_ID_)
10:48:01,364 [main] DEBUG org.activiti.engine.impl.db.DbSqlSession  - SQL: create index ACT_IDX_HI_DETAIL_ACT_INST on ACT_HI_DETAIL(ACT_INST_ID_)
10:48:01,364 [main] DEBUG org.activiti.engine.impl.db.DbSqlSession  - SQL: create index ACT_IDX_HI_DETAIL_TIME on ACT_HI_DETAIL(TIME_)
10:48:01,364 [main] DEBUG org.activiti.engine.impl.db.DbSqlSession  - SQL: create index ACT_IDX_HI_DETAIL_NAME on ACT_HI_DETAIL(NAME_)
10:48:01,364 [main] DEBUG org.activiti.engine.impl.db.DbSqlSession  - SQL: create index ACT_IDX_HI_DETAIL_TASK_ID on ACT_HI_DETAIL(TASK_ID_)
10:48:01,364 [main] DEBUG org.activiti.engine.impl.db.DbSqlSession  - SQL: create index ACT_IDX_HI_PROCVAR_PROC_INST on ACT_HI_VARINST(PROC_INST_ID_)
10:48:01,364 [main] DEBUG org.activiti.engine.impl.db.DbSqlSession  - SQL: create index ACT_IDX_HI_PROCVAR_NAME_TYPE on ACT_HI_VARINST(NAME_, VAR_TYPE_)
10:48:01,364 [main] DEBUG org.activiti.engine.impl.db.DbSqlSession  - SQL: create index ACT_IDX_HI_PROCVAR_TASK_ID on ACT_HI_VARINST(TASK_ID_)
10:48:01,364 [main] DEBUG org.activiti.engine.impl.db.DbSqlSession  - SQL: create index ACT_IDX_HI_ACT_INST_PROCINST on ACT_HI_ACTINST(PROC_INST_ID_, ACT_ID_)
10:48:01,364 [main] DEBUG org.activiti.engine.impl.db.DbSqlSession  - SQL: create index ACT_IDX_HI_IDENT_LNK_USER on ACT_HI_IDENTITYLINK(USER_ID_)
10:48:01,364 [main] DEBUG org.activiti.engine.impl.db.DbSqlSession  - SQL: create index ACT_IDX_HI_IDENT_LNK_TASK on ACT_HI_IDENTITYLINK(TASK_ID_)
10:48:01,364 [main] DEBUG org.activiti.engine.impl.db.DbSqlSession  - SQL: create index ACT_IDX_HI_IDENT_LNK_PROCINST on ACT_HI_IDENTITYLINK(PROC_INST_ID_)
10:48:01,364 [main] DEBUG org.activiti.engine.impl.db.DbSqlSession  - SQL: create index ACT_IDX_HI_ACT_INST_EXEC on ACT_HI_ACTINST(EXECUTION_ID_, ACT_ID_)
10:48:01,364 [main] DEBUG org.activiti.engine.impl.db.DbSqlSession  - SQL: create index ACT_IDX_HI_TASK_INST_PROCINST on ACT_HI_TASKINST(PROC_INST_ID_)
10:48:01,364 [main] DEBUG org.activiti.engine.impl.db.DbSqlSession  - activiti db schema create for component history successful
10:48:01,364 [main] INFO  org.activiti.engine.impl.db.DbSqlSession  - performing create on identity with resource org/activiti/db/create/activiti.h2.create.identity.sql
10:48:01,364 [main] DEBUG org.activiti.engine.impl.db.DbSqlSession  - SQL: create table ACT_ID_GROUP ( 
ID_ varchar(64), 
REV_ integer, 
NAME_ varchar(255), 
TYPE_ varchar(255), 
primary key (ID_) 
)
10:48:01,364 [main] DEBUG org.activiti.engine.impl.db.DbSqlSession  - SQL: create table ACT_ID_MEMBERSHIP ( 
USER_ID_ varchar(64), 
GROUP_ID_ varchar(64), 
primary key (USER_ID_, GROUP_ID_) 
)
10:48:01,364 [main] DEBUG org.activiti.engine.impl.db.DbSqlSession  - SQL: create table ACT_ID_USER ( 
ID_ varchar(64), 
REV_ integer, 
FIRST_ varchar(255), 
LAST_ varchar(255), 
EMAIL_ varchar(255), 
PWD_ varchar(255), 
PICTURE_ID_ varchar(64), 
primary key (ID_) 
)
10:48:01,364 [main] DEBUG org.activiti.engine.impl.db.DbSqlSession  - SQL: create table ACT_ID_INFO ( 
ID_ varchar(64), 
REV_ integer, 
USER_ID_ varchar(64), 
TYPE_ varchar(64), 
KEY_ varchar(255), 
VALUE_ varchar(255), 
PASSWORD_ longvarbinary, 
PARENT_ID_ varchar(255), 
primary key (ID_) 
)
10:48:01,364 [main] DEBUG org.activiti.engine.impl.db.DbSqlSession  - SQL: alter table ACT_ID_MEMBERSHIP 
add constraint ACT_FK_MEMB_GROUP 
foreign key (GROUP_ID_) 
references ACT_ID_GROUP
10:48:01,364 [main] DEBUG org.activiti.engine.impl.db.DbSqlSession  - SQL: alter table ACT_ID_MEMBERSHIP 
add constraint ACT_FK_MEMB_USER 
foreign key (USER_ID_) 
references ACT_ID_USER
10:48:01,364 [main] DEBUG org.activiti.engine.impl.db.DbSqlSession  - activiti db schema create for component identity successful
10:48:01,364 [main] DEBUG org.activiti.engine.impl.db.DbSqlSession  - flush summary: 0 insert, 0 update, 0 delete.
10:48:01,364 [main] DEBUG org.activiti.engine.impl.db.DbSqlSession  - now executing flush...
10:48:01,364 [main] DEBUG org.activiti.engine.impl.cfg.standalone.StandaloneMybatisTransactionContext  - firing event committing...
10:48:01,364 [main] DEBUG org.activiti.engine.impl.cfg.standalone.StandaloneMybatisTransactionContext  - committing the ibatis sql session...
10:48:01,364 [main] DEBUG org.activiti.engine.impl.cfg.standalone.StandaloneMybatisTransactionContext  - firing event committed...
10:48:01,364 [main] DEBUG org.apache.ibatis.transaction.jdbc.JdbcTransaction  - Resetting autocommit to true on JDBC Connection [conn2: url=jdbc:h2:mem:activiti user=SA]
10:48:01,364 [main] DEBUG org.apache.ibatis.transaction.jdbc.JdbcTransaction  - Closing JDBC Connection [conn2: url=jdbc:h2:mem:activiti user=SA]
10:48:01,364 [main] DEBUG org.apache.ibatis.datasource.pooled.PooledDataSource  - Returned connection 363509958 to pool.
10:48:01,364 [main] DEBUG org.activiti.engine.impl.interceptor.LogInterceptor  - ---  finished --------------------------------------------------------
10:48:01,364 [main] DEBUG org.activiti.engine.impl.interceptor.LogInterceptor  - 

</system-out>
  </testcase>
  <testcase classname="org.activiti.examples.task.StandaloneTaskTest" name="testHistoricVariableOkOnUpdate" time="0.033">
    <error message="
### Error querying database.  Cause: org.h2.jdbc.JdbcSQLException: Syntax error in SQL statement &quot;SELECT RES.* 
     
    FROM ACT_HI_VARINST RES
     WHERE  RES.TASK_ID_ = ? 
   
     ORDER BY  ORDER[*] BY RES.ID_ ASC  
    LIMIT ? OFFSET ? &quot;; expected &quot;=, NOT, EXISTS, INTERSECTS, SELECT, FROM&quot;; SQL statement:
select RES.* 
     
    from ACT_HI_VARINST RES
     WHERE  RES.TASK_ID_ = ? 
   
     order by  order by RES.ID_ asc  
    LIMIT ? OFFSET ? [42001-176]
### The error may exist in org/activiti/db/mapping/entity/HistoricVariableInstance.xml
### The error may involve org.activiti.engine.impl.persistence.entity.HistoricVariableInstanceEntity.selectHistoricVariableInstanceByQueryCriteria
### The error occurred while executing a query
### SQL: select RES.*            from ACT_HI_VARINST RES      WHERE  RES.TASK_ID_ = ?           order by  order by RES.ID_ asc       LIMIT ? OFFSET ?
### Cause: org.h2.jdbc.JdbcSQLException: Syntax error in SQL statement &quot;SELECT RES.* 
     
    FROM ACT_HI_VARINST RES
     WHERE  RES.TASK_ID_ = ? 
   
     ORDER BY  ORDER[*] BY RES.ID_ ASC  
    LIMIT ? OFFSET ? &quot;; expected &quot;=, NOT, EXISTS, INTERSECTS, SELECT, FROM&quot;; SQL statement:
select RES.* 
     
    from ACT_HI_VARINST RES
     WHERE  RES.TASK_ID_ = ? 
   
     order by  order by RES.ID_ asc  
    LIMIT ? OFFSET ? [42001-176]" type="org.apache.ibatis.exceptions.PersistenceException">org.apache.ibatis.exceptions.PersistenceException: 
### Error querying database.  Cause: org.h2.jdbc.JdbcSQLException: Syntax error in SQL statement &quot;SELECT RES.* 
     
    FROM ACT_HI_VARINST RES
     WHERE  RES.TASK_ID_ = ? 
   
     ORDER BY  ORDER[*] BY RES.ID_ ASC  
    LIMIT ? OFFSET ? &quot;; expected &quot;=, NOT, EXISTS, INTERSECTS, SELECT, FROM&quot;; SQL statement:
select RES.* 
     
    from ACT_HI_VARINST RES
     WHERE  RES.TASK_ID_ = ? 
   
     order by  order by RES.ID_ asc  
    LIMIT ? OFFSET ? [42001-176]
### The error may exist in org/activiti/db/mapping/entity/HistoricVariableInstance.xml
### The error may involve org.activiti.engine.impl.persistence.entity.HistoricVariableInstanceEntity.selectHistoricVariableInstanceByQueryCriteria
### The error occurred while executing a query
### SQL: select RES.*            from ACT_HI_VARINST RES      WHERE  RES.TASK_ID_ = ?           order by  order by RES.ID_ asc       LIMIT ? OFFSET ?
### Cause: org.h2.jdbc.JdbcSQLException: Syntax error in SQL statement &quot;SELECT RES.* 
     
    FROM ACT_HI_VARINST RES
     WHERE  RES.TASK_ID_ = ? 
   
     ORDER BY  ORDER[*] BY RES.ID_ ASC  
    LIMIT ? OFFSET ? &quot;; expected &quot;=, NOT, EXISTS, INTERSECTS, SELECT, FROM&quot;; SQL statement:
select RES.* 
     
    from ACT_HI_VARINST RES
     WHERE  RES.TASK_ID_ = ? 
   
     order by  order by RES.ID_ asc  
    LIMIT ? OFFSET ? [42001-176]
	at org.apache.ibatis.exceptions.ExceptionFactory.wrapException(ExceptionFactory.java:30)
	at org.apache.ibatis.session.defaults.DefaultSqlSession.selectList(DefaultSqlSession.java:122)
	at org.apache.ibatis.session.defaults.DefaultSqlSession.selectList(DefaultSqlSession.java:113)
	at org.activiti.engine.impl.db.DbSqlSession.selectListWithRawParameter(DbSqlSession.java:438)
	at org.activiti.engine.impl.db.DbSqlSession.selectList(DbSqlSession.java:429)
	at org.activiti.engine.impl.db.DbSqlSession.selectList(DbSqlSession.java:419)
	at org.activiti.engine.impl.persistence.entity.HistoricVariableInstanceEntityManager.findHistoricVariableInstancesByQueryCriteria(HistoricVariableInstanceEntityManager.java:63)
	at org.activiti.engine.impl.HistoricVariableInstanceQueryImpl.executeList(HistoricVariableInstanceQueryImpl.java:195)
	at org.activiti.engine.impl.AbstractQuery.execute(AbstractQuery.java:164)
	at org.activiti.engine.impl.interceptor.CommandInvoker.execute(CommandInvoker.java:24)
	at org.activiti.engine.impl.interceptor.CommandContextInterceptor.execute(CommandContextInterceptor.java:57)
	at org.activiti.engine.impl.interceptor.LogInterceptor.execute(LogInterceptor.java:37)
	at org.activiti.engine.impl.cfg.CommandExecutorImpl.execute(CommandExecutorImpl.java:40)
	at org.activiti.engine.impl.cfg.CommandExecutorImpl.execute(CommandExecutorImpl.java:35)
	at org.activiti.engine.impl.AbstractQuery.list(AbstractQuery.java:138)
	at org.activiti.examples.task.StandaloneTaskTest.testHistoricVariableOkOnUpdate(StandaloneTaskTest.java:168)
	at sun.reflect.NativeMethodAccessorImpl.invoke0(Native Method)
	at sun.reflect.NativeMethodAccessorImpl.invoke(NativeMethodAccessorImpl.java:62)
	at sun.reflect.DelegatingMethodAccessorImpl.invoke(DelegatingMethodAccessorImpl.java:43)
	at java.lang.reflect.Method.invoke(Method.java:498)
	at junit.framework.TestCase.runTest(TestCase.java:176)
	at org.activiti.engine.impl.test.PvmTestCase.runTest(PvmTestCase.java:65)
	at junit.framework.TestCase.runBare(TestCase.java:141)
	at org.activiti.engine.impl.test.AbstractActivitiTestCase.runBare(AbstractActivitiTestCase.java:100)
	at junit.framework.TestResult$1.protect(TestResult.java:122)
	at junit.framework.TestResult.runProtected(TestResult.java:142)
	at junit.framework.TestResult.run(TestResult.java:125)
	at junit.framework.TestCase.run(TestCase.java:129)
	at junit.framework.TestSuite.runTest(TestSuite.java:255)
	at junit.framework.TestSuite.run(TestSuite.java:250)
	at org.junit.internal.runners.JUnit38ClassRunner.run(JUnit38ClassRunner.java:84)
	at org.apache.maven.surefire.junit4.JUnit4TestSet.execute(JUnit4TestSet.java:35)
	at org.apache.maven.surefire.junit4.JUnit4Provider.executeTestSet(JUnit4Provider.java:146)
	at org.apache.maven.surefire.junit4.JUnit4Provider.invoke(JUnit4Provider.java:97)
	at sun.reflect.NativeMethodAccessorImpl.invoke0(Native Method)
	at sun.reflect.NativeMethodAccessorImpl.invoke(NativeMethodAccessorImpl.java:62)
	at sun.reflect.DelegatingMethodAccessorImpl.invoke(DelegatingMethodAccessorImpl.java:43)
	at java.lang.reflect.Method.invoke(Method.java:498)
	at org.apache.maven.surefire.booter.ProviderFactory$ClassLoaderProxy.invoke(ProviderFactory.java:103)
	at com.sun.proxy.$Proxy0.invoke(Unknown Source)
	at org.apache.maven.surefire.booter.SurefireStarter.invokeProvider(SurefireStarter.java:145)
	at org.apache.maven.surefire.booter.SurefireStarter.runSuitesInProcess(SurefireStarter.java:87)
	at org.apache.maven.surefire.booter.ForkedBooter.main(ForkedBooter.java:69)
Caused by: org.h2.jdbc.JdbcSQLException: Syntax error in SQL statement &quot;SELECT RES.* 
     
    FROM ACT_HI_VARINST RES
     WHERE  RES.TASK_ID_ = ? 
   
     ORDER BY  ORDER[*] BY RES.ID_ ASC  
    LIMIT ? OFFSET ? &quot;; expected &quot;=, NOT, EXISTS, INTERSECTS, SELECT, FROM&quot;; SQL statement:
select RES.* 
     
    from ACT_HI_VARINST RES
     WHERE  RES.TASK_ID_ = ? 
   
     order by  order by RES.ID_ asc  
    LIMIT ? OFFSET ? [42001-176]
	at org.h2.message.DbException.getJdbcSQLException(DbException.java:344)
	at org.h2.message.DbException.getSyntaxError(DbException.java:204)
	at org.h2.command.Parser.getSyntaxError(Parser.java:524)
	at org.h2.command.Parser.readTerm(Parser.java:2688)
	at org.h2.command.Parser.readFactor(Parser.java:2244)
	at org.h2.command.Parser.readSum(Parser.java:2231)
	at org.h2.command.Parser.readConcat(Parser.java:2201)
	at org.h2.command.Parser.readCondition(Parser.java:2051)
	at org.h2.command.Parser.readAnd(Parser.java:2023)
	at org.h2.command.Parser.readExpression(Parser.java:2015)
	at org.h2.command.Parser.parseEndOfQuery(Parser.java:1726)
	at org.h2.command.Parser.parseSelectUnionExtension(Parser.java:1706)
	at org.h2.command.Parser.parseSelectUnion(Parser.java:1675)
	at org.h2.command.Parser.parseSelect(Parser.java:1662)
	at org.h2.command.Parser.parsePrepared(Parser.java:434)
	at org.h2.command.Parser.parse(Parser.java:306)
	at org.h2.command.Parser.parse(Parser.java:282)
	at org.h2.command.Parser.prepareCommand(Parser.java:243)
	at org.h2.engine.Session.prepareLocal(Session.java:442)
	at org.h2.engine.Session.prepareCommand(Session.java:384)
	at org.h2.jdbc.JdbcConnection.prepareCommand(JdbcConnection.java:1188)
	at org.h2.jdbc.JdbcPreparedStatement.&lt;init&gt;(JdbcPreparedStatement.java:73)
	at org.h2.jdbc.JdbcConnection.prepareStatement(JdbcConnection.java:276)
	at sun.reflect.GeneratedMethodAccessor6.invoke(Unknown Source)
	at sun.reflect.DelegatingMethodAccessorImpl.invoke(DelegatingMethodAccessorImpl.java:43)
	at java.lang.reflect.Method.invoke(Method.java:498)
	at org.apache.ibatis.datasource.pooled.PooledConnection.invoke(PooledConnection.java:245)
	at com.sun.proxy.$Proxy12.prepareStatement(Unknown Source)
	at sun.reflect.GeneratedMethodAccessor6.invoke(Unknown Source)
	at sun.reflect.DelegatingMethodAccessorImpl.invoke(DelegatingMethodAccessorImpl.java:43)
	at java.lang.reflect.Method.invoke(Method.java:498)
	at org.apache.ibatis.logging.jdbc.ConnectionLogger.invoke(ConnectionLogger.java:55)
	at com.sun.proxy.$Proxy12.prepareStatement(Unknown Source)
	at org.apache.ibatis.executor.statement.PreparedStatementHandler.instantiateStatement(PreparedStatementHandler.java:79)
	at org.apache.ibatis.executor.statement.BaseStatementHandler.prepare(BaseStatementHandler.java:88)
	at org.apache.ibatis.executor.statement.RoutingStatementHandler.prepare(RoutingStatementHandler.java:58)
	at org.apache.ibatis.executor.SimpleExecutor.prepareStatement(SimpleExecutor.java:76)
	at org.apache.ibatis.executor.SimpleExecutor.doQuery(SimpleExecutor.java:61)
	at org.apache.ibatis.executor.BaseExecutor.queryFromDatabase(BaseExecutor.java:303)
	at org.apache.ibatis.executor.BaseExecutor.query(BaseExecutor.java:154)
	at org.apache.ibatis.executor.CachingExecutor.query(CachingExecutor.java:102)
	at org.apache.ibatis.executor.CachingExecutor.query(CachingExecutor.java:82)
	at org.apache.ibatis.session.defaults.DefaultSqlSession.selectList(DefaultSqlSession.java:120)
	... 41 more
</error>
    <system-out>10:48:01,364 [main] DEBUG org.activiti.engine.impl.interceptor.LogInterceptor  - 

10:48:01,364 [main] DEBUG org.activiti.engine.impl.interceptor.LogInterceptor  - --- starting CreateUserCmd --------------------------------------------------------
10:48:01,366 [main] DEBUG org.activiti.engine.impl.cfg.standalone.StandaloneMybatisTransactionContext  - firing event committing...
10:48:01,366 [main] DEBUG org.activiti.engine.impl.cfg.standalone.StandaloneMybatisTransactionContext  - committing the ibatis sql session...
10:48:01,366 [main] DEBUG org.activiti.engine.impl.cfg.standalone.StandaloneMybatisTransactionContext  - firing event committed...
10:48:01,366 [main] DEBUG org.activiti.engine.impl.interceptor.LogInterceptor  - --- CreateUserCmd finished --------------------------------------------------------
10:48:01,366 [main] DEBUG org.activiti.engine.impl.interceptor.LogInterceptor  - 

10:48:01,366 [main] DEBUG org.activiti.engine.impl.interceptor.LogInterceptor  - 

10:48:01,366 [main] DEBUG org.activiti.engine.impl.interceptor.LogInterceptor  - --- starting SaveUserCmd --------------------------------------------------------
10:48:01,366 [main] DEBUG org.activiti.engine.impl.db.DbSqlSession  -   insert org.activiti.engine.impl.persistence.entity.UserEntity@41a421dd
10:48:01,366 [main] DEBUG org.activiti.engine.impl.db.DbSqlSession  - flush summary: 1 insert, 0 update, 0 delete.
10:48:01,366 [main] DEBUG org.activiti.engine.impl.db.DbSqlSession  - now executing flush...
10:48:01,366 [main] DEBUG org.activiti.engine.impl.db.DbSqlSession  - inserting: org.activiti.engine.impl.persistence.entity.UserEntity@41a421dd
10:48:01,366 [main] DEBUG org.apache.ibatis.transaction.jdbc.JdbcTransaction  - Opening JDBC Connection
10:48:01,366 [main] DEBUG org.apache.ibatis.datasource.pooled.PooledDataSource  - Checked out connection 180014677 from pool.
10:48:01,366 [main] DEBUG org.apache.ibatis.transaction.jdbc.JdbcTransaction  - Setting autocommit to false on JDBC Connection [conn3: url=jdbc:h2:mem:activiti user=SA]
10:48:01,366 [main] DEBUG org.activiti.engine.impl.persistence.entity.UserEntity.insertUser  - ==&gt;  Preparing: insert into ACT_ID_USER (ID_, REV_, FIRST_, LAST_, EMAIL_, PWD_) values ( ?, 1, ?, ?, ?, ? ) 
10:48:01,366 [main] DEBUG org.activiti.engine.impl.persistence.entity.UserEntity.insertUser  - ==&gt; Parameters: kermit(String), null, null, null, null
10:48:01,366 [main] DEBUG org.activiti.engine.impl.persistence.entity.UserEntity.insertUser  - &lt;==    Updates: 1
10:48:01,366 [main] DEBUG org.activiti.engine.impl.cfg.standalone.StandaloneMybatisTransactionContext  - firing event committing...
10:48:01,366 [main] DEBUG org.activiti.engine.impl.cfg.standalone.StandaloneMybatisTransactionContext  - committing the ibatis sql session...
10:48:01,366 [main] DEBUG org.apache.ibatis.transaction.jdbc.JdbcTransaction  - Committing JDBC Connection [conn3: url=jdbc:h2:mem:activiti user=SA]
10:48:01,366 [main] DEBUG org.activiti.engine.impl.cfg.standalone.StandaloneMybatisTransactionContext  - firing event committed...
10:48:01,366 [main] DEBUG org.apache.ibatis.transaction.jdbc.JdbcTransaction  - Resetting autocommit to true on JDBC Connection [conn3: url=jdbc:h2:mem:activiti user=SA]
10:48:01,366 [main] DEBUG org.apache.ibatis.transaction.jdbc.JdbcTransaction  - Closing JDBC Connection [conn3: url=jdbc:h2:mem:activiti user=SA]
10:48:01,366 [main] DEBUG org.apache.ibatis.datasource.pooled.PooledDataSource  - Returned connection 180014677 to pool.
10:48:01,366 [main] DEBUG org.activiti.engine.impl.interceptor.LogInterceptor  - --- SaveUserCmd finished --------------------------------------------------------
10:48:01,366 [main] DEBUG org.activiti.engine.impl.interceptor.LogInterceptor  - 

10:48:01,366 [main] DEBUG org.activiti.engine.impl.interceptor.LogInterceptor  - 

10:48:01,366 [main] DEBUG org.activiti.engine.impl.interceptor.LogInterceptor  - --- starting CreateUserCmd --------------------------------------------------------
10:48:01,366 [main] DEBUG org.activiti.engine.impl.cfg.standalone.StandaloneMybatisTransactionContext  - firing event committing...
10:48:01,366 [main] DEBUG org.activiti.engine.impl.cfg.standalone.StandaloneMybatisTransactionContext  - committing the ibatis sql session...
10:48:01,366 [main] DEBUG org.activiti.engine.impl.cfg.standalone.StandaloneMybatisTransactionContext  - firing event committed...
10:48:01,366 [main] DEBUG org.activiti.engine.impl.interceptor.LogInterceptor  - --- CreateUserCmd finished --------------------------------------------------------
10:48:01,366 [main] DEBUG org.activiti.engine.impl.interceptor.LogInterceptor  - 

10:48:01,366 [main] DEBUG org.activiti.engine.impl.interceptor.LogInterceptor  - 

10:48:01,366 [main] DEBUG org.activiti.engine.impl.interceptor.LogInterceptor  - --- starting SaveUserCmd --------------------------------------------------------
10:48:01,366 [main] DEBUG org.activiti.engine.impl.db.DbSqlSession  -   insert org.activiti.engine.impl.persistence.entity.UserEntity@5a2481da
10:48:01,366 [main] DEBUG org.activiti.engine.impl.db.DbSqlSession  - flush summary: 1 insert, 0 update, 0 delete.
10:48:01,366 [main] DEBUG org.activiti.engine.impl.db.DbSqlSession  - now executing flush...
10:48:01,366 [main] DEBUG org.activiti.engine.impl.db.DbSqlSession  - inserting: org.activiti.engine.impl.persistence.entity.UserEntity@5a2481da
10:48:01,366 [main] DEBUG org.apache.ibatis.transaction.jdbc.JdbcTransaction  - Opening JDBC Connection
10:48:01,366 [main] DEBUG org.apache.ibatis.datasource.pooled.PooledDataSource  - Checked out connection 297240765 from pool.
10:48:01,366 [main] DEBUG org.apache.ibatis.transaction.jdbc.JdbcTransaction  - Setting autocommit to false on JDBC Connection [conn4: url=jdbc:h2:mem:activiti user=SA]
10:48:01,366 [main] DEBUG org.activiti.engine.impl.persistence.entity.UserEntity.insertUser  - ==&gt;  Preparing: insert into ACT_ID_USER (ID_, REV_, FIRST_, LAST_, EMAIL_, PWD_) values ( ?, 1, ?, ?, ?, ? ) 
10:48:01,366 [main] DEBUG org.activiti.engine.impl.persistence.entity.UserEntity.insertUser  - ==&gt; Parameters: gonzo(String), null, null, null, null
10:48:01,366 [main] DEBUG org.activiti.engine.impl.persistence.entity.UserEntity.insertUser  - &lt;==    Updates: 1
10:48:01,366 [main] DEBUG org.activiti.engine.impl.cfg.standalone.StandaloneMybatisTransactionContext  - firing event committing...
10:48:01,366 [main] DEBUG org.activiti.engine.impl.cfg.standalone.StandaloneMybatisTransactionContext  - committing the ibatis sql session...
10:48:01,366 [main] DEBUG org.apache.ibatis.transaction.jdbc.JdbcTransaction  - Committing JDBC Connection [conn4: url=jdbc:h2:mem:activiti user=SA]
10:48:01,366 [main] DEBUG org.activiti.engine.impl.cfg.standalone.StandaloneMybatisTransactionContext  - firing event committed...
10:48:01,367 [main] DEBUG org.apache.ibatis.transaction.jdbc.JdbcTransaction  - Resetting autocommit to true on JDBC Connection [conn4: url=jdbc:h2:mem:activiti user=SA]
10:48:01,367 [main] DEBUG org.apache.ibatis.transaction.jdbc.JdbcTransaction  - Closing JDBC Connection [conn4: url=jdbc:h2:mem:activiti user=SA]
10:48:01,367 [main] DEBUG org.apache.ibatis.datasource.pooled.PooledDataSource  - Returned connection 297240765 to pool.
10:48:01,367 [main] DEBUG org.activiti.engine.impl.interceptor.LogInterceptor  - --- SaveUserCmd finished --------------------------------------------------------
10:48:01,367 [main] DEBUG org.activiti.engine.impl.interceptor.LogInterceptor  - 

10:48:01,367 [main] DEBUG org.activiti.engine.impl.test.PvmTestCase  - 

10:48:01,367 [main] DEBUG org.activiti.engine.impl.test.PvmTestCase  - #### START StandaloneTaskTest.testHistoricVariableOkOnUpdate ###########################################################
10:48:01,367 [main] DEBUG org.activiti.engine.impl.interceptor.LogInterceptor  - 

10:48:01,367 [main] DEBUG org.activiti.engine.impl.interceptor.LogInterceptor  - --- starting NewTaskCmd --------------------------------------------------------
10:48:01,367 [main] DEBUG org.activiti.engine.impl.cfg.standalone.StandaloneMybatisTransactionContext  - firing event committing...
10:48:01,367 [main] DEBUG org.activiti.engine.impl.cfg.standalone.StandaloneMybatisTransactionContext  - committing the ibatis sql session...
10:48:01,367 [main] DEBUG org.activiti.engine.impl.cfg.standalone.StandaloneMybatisTransactionContext  - firing event committed...
10:48:01,367 [main] DEBUG org.activiti.engine.impl.interceptor.LogInterceptor  - --- NewTaskCmd finished --------------------------------------------------------
10:48:01,367 [main] DEBUG org.activiti.engine.impl.interceptor.LogInterceptor  - 

10:48:01,367 [main] DEBUG org.activiti.engine.impl.interceptor.LogInterceptor  - 

10:48:01,367 [main] DEBUG org.activiti.engine.impl.interceptor.LogInterceptor  - --- starting SaveTaskCmd --------------------------------------------------------
10:48:01,367 [main] DEBUG org.activiti.engine.impl.history.DefaultHistoryManager  - Current history level: FULL, level required: AUDIT
10:48:01,367 [main] DEBUG org.activiti.engine.impl.db.DbSqlSession  -   insert Task[id=2256, name=test execution]
10:48:01,367 [main] DEBUG org.activiti.engine.impl.db.DbSqlSession  -   insert HistoricTaskInstanceEntity[id=2256, name=test execution]
10:48:01,367 [main] DEBUG org.activiti.engine.impl.db.DbSqlSession  - flush summary: 2 insert, 0 update, 0 delete.
10:48:01,367 [main] DEBUG org.activiti.engine.impl.db.DbSqlSession  - now executing flush...
10:48:01,367 [main] DEBUG org.activiti.engine.impl.db.DbSqlSession  - inserting: HistoricTaskInstanceEntity[id=2256, name=test execution]
10:48:01,367 [main] DEBUG org.apache.ibatis.transaction.jdbc.JdbcTransaction  - Opening JDBC Connection
10:48:01,367 [main] DEBUG org.apache.ibatis.datasource.pooled.PooledDataSource  - Checked out connection 486346394 from pool.
10:48:01,367 [main] DEBUG org.apache.ibatis.transaction.jdbc.JdbcTransaction  - Setting autocommit to false on JDBC Connection [conn6: url=jdbc:h2:mem:activiti user=SA]
10:48:01,367 [main] DEBUG org.activiti.engine.impl.persistence.entity.HistoricTaskInstanceEntity.insertHistoricTaskInstance  - ==&gt;  Preparing: insert into ACT_HI_TASKINST ( ID_, PROC_DEF_ID_, PROC_INST_ID_, EXECUTION_ID_, NAME_, PARENT_TASK_ID_, DESCRIPTION_, OWNER_, ASSIGNEE_, START_TIME_, CLAIM_TIME_, END_TIME_, DURATION_, DELETE_REASON_, TASK_DEF_KEY_, FORM_KEY_, PRIORITY_, DUE_DATE_, CATEGORY_, TENANT_ID_ ) values ( ?, ?, ?, ?, ?, ?, ?, ?, ?, ?, ?, ?, ?, ?, ?, ?, ?, ?, ?, ? ) 
10:48:01,367 [main] DEBUG org.activiti.engine.impl.persistence.entity.HistoricTaskInstanceEntity.insertHistoricTaskInstance  - ==&gt; Parameters: 2256(String), null, null, null, test execution(String), null, null, josOwner(String), JosAssignee(String), 2023-03-20 10:48:01.367(Timestamp), null, null, null, null, null, null, 50(Integer), null, null, (String)
10:48:01,367 [main] DEBUG org.activiti.engine.impl.persistence.entity.HistoricTaskInstanceEntity.insertHistoricTaskInstance  - &lt;==    Updates: 1
10:48:01,367 [main] DEBUG org.activiti.engine.impl.db.DbSqlSession  - inserting: Task[id=2256, name=test execution]
10:48:01,367 [main] DEBUG org.activiti.engine.impl.persistence.entity.TaskEntity.insertTask  - ==&gt;  Preparing: insert into ACT_RU_TASK (ID_, REV_, NAME_, PARENT_TASK_ID_, DESCRIPTION_, PRIORITY_, CREATE_TIME_, OWNER_, ASSIGNEE_, DELEGATION_, EXECUTION_ID_, PROC_INST_ID_, PROC_DEF_ID_, TASK_DEF_KEY_, DUE_DATE_, CATEGORY_, SUSPENSION_STATE_, TENANT_ID_, FORM_KEY_) values (?, 1, ?, ?, ?, ?, ?, ?, ?, ?, ?, ?, ?, ?, ?, ?, ?, ?, ? ) 
10:48:01,367 [main] DEBUG org.activiti.engine.impl.persistence.entity.TaskEntity.insertTask  - ==&gt; Parameters: 2256(String), test execution(String), null, null, 50(Integer), 2023-03-20 10:48:01.367(Timestamp), josOwner(String), JosAssignee(String), null, null, null, null, null, null, null, 1(Integer), (String), null
10:48:01,367 [main] DEBUG org.activiti.engine.impl.persistence.entity.TaskEntity.insertTask  - &lt;==    Updates: 1
10:48:01,367 [main] DEBUG org.activiti.engine.impl.cfg.standalone.StandaloneMybatisTransactionContext  - firing event committing...
10:48:01,367 [main] DEBUG org.activiti.engine.impl.cfg.standalone.StandaloneMybatisTransactionContext  - committing the ibatis sql session...
10:48:01,367 [main] DEBUG org.apache.ibatis.transaction.jdbc.JdbcTransaction  - Committing JDBC Connection [conn6: url=jdbc:h2:mem:activiti user=SA]
10:48:01,367 [main] DEBUG org.activiti.engine.impl.cfg.standalone.StandaloneMybatisTransactionContext  - firing event committed...
10:48:01,367 [main] DEBUG org.apache.ibatis.transaction.jdbc.JdbcTransaction  - Resetting autocommit to true on JDBC Connection [conn6: url=jdbc:h2:mem:activiti user=SA]
10:48:01,367 [main] DEBUG org.apache.ibatis.transaction.jdbc.JdbcTransaction  - Closing JDBC Connection [conn6: url=jdbc:h2:mem:activiti user=SA]
10:48:01,368 [main] DEBUG org.apache.ibatis.datasource.pooled.PooledDataSource  - Returned connection 486346394 to pool.
10:48:01,368 [main] DEBUG org.activiti.engine.impl.interceptor.LogInterceptor  - --- SaveTaskCmd finished --------------------------------------------------------
10:48:01,368 [main] DEBUG org.activiti.engine.impl.interceptor.LogInterceptor  - 

10:48:01,368 [main] DEBUG org.activiti.engine.impl.interceptor.LogInterceptor  - 

10:48:01,368 [main] DEBUG org.activiti.engine.impl.interceptor.LogInterceptor  - --- starting SetTaskVariablesCmd --------------------------------------------------------
10:48:01,368 [main] DEBUG org.apache.ibatis.transaction.jdbc.JdbcTransaction  - Opening JDBC Connection
10:48:01,368 [main] DEBUG org.apache.ibatis.datasource.pooled.PooledDataSource  - Checked out connection 363509958 from pool.
10:48:01,368 [main] DEBUG org.apache.ibatis.transaction.jdbc.JdbcTransaction  - Setting autocommit to false on JDBC Connection [conn2: url=jdbc:h2:mem:activiti user=SA]
10:48:01,368 [main] DEBUG org.activiti.engine.impl.persistence.entity.TaskEntity.selectTask  - ==&gt;  Preparing: select * from ACT_RU_TASK where ID_ = ? 
10:48:01,368 [main] DEBUG org.activiti.engine.impl.persistence.entity.TaskEntity.selectTask  - ==&gt; Parameters: 2256(String)
10:48:01,368 [main] DEBUG org.activiti.engine.impl.persistence.entity.TaskEntity.selectTask  - &lt;==      Total: 1
10:48:01,368 [main] DEBUG org.activiti.engine.impl.persistence.entity.VariableInstanceEntity.selectVariableInstanceByTaskAndName  - ==&gt;  Preparing: select * from ACT_RU_VARIABLE where TASK_ID_ = ? and NAME_= ? 
10:48:01,368 [main] DEBUG org.activiti.engine.impl.persistence.entity.VariableInstanceEntity.selectVariableInstanceByTaskAndName  - ==&gt; Parameters: 2256(String), finishedAmount(String)
10:48:01,368 [main] DEBUG org.activiti.engine.impl.persistence.entity.VariableInstanceEntity.selectVariableInstanceByTaskAndName  - &lt;==      Total: 0
10:48:01,368 [main] DEBUG org.activiti.engine.impl.history.DefaultHistoryManager  - Current history level: FULL, level required: ACTIVITY
10:48:01,368 [main] DEBUG org.activiti.engine.impl.history.DefaultHistoryManager  - Current history level: FULL, level required: FULL
10:48:01,368 [main] DEBUG org.activiti.engine.impl.db.DbSqlSession  -   insert VariableInstanceEntity[id=2257, name=finishedAmount, type=integer, longValue=0, textValue=0]
10:48:01,368 [main] DEBUG org.activiti.engine.impl.db.DbSqlSession  -   insert HistoricDetailVariableInstanceUpdateEntity[id=2258, name=finishedAmount, type=integer, longValue=0, textValue=0]
10:48:01,368 [main] DEBUG org.activiti.engine.impl.db.DbSqlSession  -   insert HistoricVariableInstanceEntity[id=2257, name=finishedAmount, revision=0, type=integer, longValue=0, textValue=0]
10:48:01,368 [main] DEBUG org.activiti.engine.impl.db.DbSqlSession  -   update Task[id=2256, name=test execution]
10:48:01,368 [main] DEBUG org.activiti.engine.impl.db.DbSqlSession  - flush summary: 3 insert, 1 update, 0 delete.
10:48:01,368 [main] DEBUG org.activiti.engine.impl.db.DbSqlSession  - now executing flush...
10:48:01,368 [main] DEBUG org.activiti.engine.impl.db.DbSqlSession  - inserting: HistoricDetailVariableInstanceUpdateEntity[id=2258, name=finishedAmount, type=integer, longValue=0, textValue=0]
10:48:01,368 [main] DEBUG org.activiti.engine.impl.persistence.entity.HistoricDetailEntity.insertHistoricDetailVariableInstanceUpdate  - ==&gt;  Preparing: insert into ACT_HI_DETAIL (ID_, TYPE_, PROC_INST_ID_, EXECUTION_ID_, ACT_INST_ID_, TASK_ID_, NAME_, REV_, VAR_TYPE_, TIME_, BYTEARRAY_ID_, DOUBLE_, LONG_ , TEXT_, TEXT2_) values ( ?, &apos;VariableUpdate&apos;, ?, ?, ?, ?, ?, ?, ?, ?, ?, ?, ?, ?, ? ) 
10:48:01,369 [Thread-106] DEBUG org.activiti.engine.impl.asyncexecutor.AcquireAsyncJobsDueRunnable  - async job acquisition thread woke up
10:48:01,369 [Thread-105] DEBUG org.activiti.engine.impl.asyncexecutor.AcquireTimerJobsRunnable  - timer job acquisition thread woke up
10:48:01,369 [Thread-105] DEBUG org.activiti.engine.impl.interceptor.LogInterceptor  - 

10:48:01,369 [Thread-105] DEBUG org.activiti.engine.impl.interceptor.LogInterceptor  - --- starting AcquireTimerJobsCmd --------------------------------------------------------
10:48:01,369 [Thread-103] DEBUG org.activiti.engine.impl.asyncexecutor.AcquireAsyncJobsDueRunnable  - async job acquisition thread woke up
10:48:01,369 [Thread-103] DEBUG org.activiti.engine.impl.interceptor.LogInterceptor  - 

10:48:01,369 [Thread-103] DEBUG org.activiti.engine.impl.interceptor.LogInterceptor  - --- starting AcquireAsyncJobsDueCmd --------------------------------------------------------
10:48:01,369 [Thread-111] DEBUG org.activiti.engine.impl.asyncexecutor.AcquireTimerJobsRunnable  - timer job acquisition thread woke up
10:48:01,369 [Thread-111] DEBUG org.activiti.engine.impl.interceptor.LogInterceptor  - 

10:48:01,369 [Thread-111] DEBUG org.activiti.engine.impl.interceptor.LogInterceptor  - --- starting AcquireTimerJobsCmd --------------------------------------------------------
10:48:01,369 [main] DEBUG org.activiti.engine.impl.persistence.entity.HistoricDetailEntity.insertHistoricDetailVariableInstanceUpdate  - ==&gt; Parameters: 2258(String), null, null, null, 2256(String), finishedAmount(String), 0(Integer), integer(String), 2023-03-20 10:48:01.368(Timestamp), null, null, 0(Long), 0(String), null
10:48:01,369 [Thread-102] DEBUG org.activiti.engine.impl.asyncexecutor.AcquireTimerJobsRunnable  - timer job acquisition thread woke up
10:48:01,369 [Thread-102] DEBUG org.activiti.engine.impl.interceptor.LogInterceptor  - 

10:48:01,369 [Thread-102] DEBUG org.activiti.engine.impl.interceptor.LogInterceptor  - --- starting AcquireTimerJobsCmd --------------------------------------------------------
10:48:01,369 [main] DEBUG org.activiti.engine.impl.persistence.entity.HistoricDetailEntity.insertHistoricDetailVariableInstanceUpdate  - &lt;==    Updates: 1
10:48:01,369 [main] DEBUG org.activiti.engine.impl.db.DbSqlSession  - inserting: HistoricVariableInstanceEntity[id=2257, name=finishedAmount, revision=0, type=integer, longValue=0, textValue=0]
10:48:01,369 [Thread-111] DEBUG org.apache.ibatis.transaction.jdbc.JdbcTransaction  - Opening JDBC Connection
10:48:01,370 [Thread-111] DEBUG org.apache.ibatis.datasource.pooled.PooledDataSource  - Checked out connection 58501658 from pool.
10:48:01,369 [Thread-103] DEBUG org.apache.ibatis.transaction.jdbc.JdbcTransaction  - Opening JDBC Connection
10:48:01,370 [Thread-103] DEBUG org.apache.ibatis.datasource.pooled.PooledDataSource  - Checked out connection 720039383 from pool.
10:48:01,369 [Thread-105] DEBUG org.apache.ibatis.transaction.jdbc.JdbcTransaction  - Opening JDBC Connection
10:48:01,370 [Thread-105] DEBUG org.apache.ibatis.datasource.pooled.PooledDataSource  - Checked out connection 996762054 from pool.
10:48:01,370 [Thread-105] DEBUG org.apache.ibatis.transaction.jdbc.JdbcTransaction  - Setting autocommit to false on JDBC Connection [conn65: url=jdbc:h2:mem:activiti-AsyncExecutorTest user=SA]
10:48:01,369 [Thread-106] DEBUG org.activiti.engine.impl.interceptor.LogInterceptor  - 

10:48:01,370 [Thread-106] DEBUG org.activiti.engine.impl.interceptor.LogInterceptor  - --- starting AcquireAsyncJobsDueCmd --------------------------------------------------------
10:48:01,370 [Thread-105] DEBUG org.activiti.engine.impl.persistence.entity.JobEntity.selectNextTimerJobsToExecute  - ==&gt;  Preparing: select RES.* from ACT_RU_JOB RES LEFT OUTER JOIN ACT_RU_EXECUTION PI ON PI.ID_ = RES.PROCESS_INSTANCE_ID_ where (RES.RETRIES_ &gt; 0) and (RES.DUEDATE_ is null or RES.DUEDATE_ &lt;= ?) and (RES.LOCK_OWNER_ is null or RES.LOCK_EXP_TIME_ &lt;= ?) and TYPE_ = &apos;timer&apos; and ( (RES.EXECUTION_ID_ is null) or (PI.SUSPENSION_STATE_ = 1) ) LIMIT ? OFFSET ? 
10:48:01,370 [Thread-103] DEBUG org.apache.ibatis.transaction.jdbc.JdbcTransaction  - Setting autocommit to false on JDBC Connection [conn59: url=jdbc:h2:mem:activiti-AsyncExecutorTest user=SA]
10:48:01,370 [Thread-111] DEBUG org.apache.ibatis.transaction.jdbc.JdbcTransaction  - Setting autocommit to false on JDBC Connection [conn68: url=jdbc:h2:mem:activiti-AsyncExecutorTest user=SA]
10:48:01,370 [main] DEBUG org.activiti.engine.impl.persistence.entity.HistoricVariableInstanceEntity.insertHistoricVariableInstance  - ==&gt;  Preparing: insert into ACT_HI_VARINST (ID_, PROC_INST_ID_, EXECUTION_ID_, TASK_ID_, NAME_, REV_, VAR_TYPE_, BYTEARRAY_ID_, DOUBLE_, LONG_ , TEXT_, TEXT2_, CREATE_TIME_, LAST_UPDATED_TIME_) values ( ?, ?, ?, ?, ?, ?, ?, ?, ?, ?, ?, ?, ?, ? ) 
10:48:01,369 [Thread-102] DEBUG org.apache.ibatis.transaction.jdbc.JdbcTransaction  - Opening JDBC Connection
10:48:01,370 [Thread-102] DEBUG org.apache.ibatis.datasource.pooled.PooledDataSource  - Checked out connection 33534803 from pool.
10:48:01,370 [Thread-102] DEBUG org.apache.ibatis.transaction.jdbc.JdbcTransaction  - Setting autocommit to false on JDBC Connection [conn60: url=jdbc:h2:mem:activiti-AsyncExecutorTest user=SA]
10:48:01,370 [main] DEBUG org.activiti.engine.impl.persistence.entity.HistoricVariableInstanceEntity.insertHistoricVariableInstance  - ==&gt; Parameters: 2257(String), null, null, 2256(String), finishedAmount(String), 0(Integer), integer(String), null, null, 0(Long), 0(String), null, 2023-03-20 10:48:01.368(Timestamp), 2023-03-20 10:48:01.368(Timestamp)
10:48:01,370 [Thread-111] DEBUG org.activiti.engine.impl.persistence.entity.JobEntity.selectNextTimerJobsToExecute  - ==&gt;  Preparing: select RES.* from ACT_RU_JOB RES LEFT OUTER JOIN ACT_RU_EXECUTION PI ON PI.ID_ = RES.PROCESS_INSTANCE_ID_ where (RES.RETRIES_ &gt; 0) and (RES.DUEDATE_ is null or RES.DUEDATE_ &lt;= ?) and (RES.LOCK_OWNER_ is null or RES.LOCK_EXP_TIME_ &lt;= ?) and TYPE_ = &apos;timer&apos; and ( (RES.EXECUTION_ID_ is null) or (PI.SUSPENSION_STATE_ = 1) ) LIMIT ? OFFSET ? 
10:48:01,370 [Thread-103] DEBUG org.activiti.engine.impl.persistence.entity.JobEntity.selectAsyncJobsDueToExecute  - ==&gt;  Preparing: select RES.* from ACT_RU_JOB RES LEFT OUTER JOIN ACT_RU_EXECUTION PI ON PI.ID_ = RES.PROCESS_INSTANCE_ID_ where RES.RETRIES_ &gt; 0 and RES.DUEDATE_ is not null and RES.DUEDATE_ &lt;= ? and (RES.LOCK_EXP_TIME_ is null or RES.LOCK_EXP_TIME_ &lt;= ?) and TYPE_ = &apos;message&apos; and ( (RES.EXECUTION_ID_ is null) or (PI.SUSPENSION_STATE_ = 1) ) LIMIT ? OFFSET ? 
10:48:01,370 [Thread-105] DEBUG org.activiti.engine.impl.persistence.entity.JobEntity.selectNextTimerJobsToExecute  - ==&gt; Parameters: 2023-03-20 10:48:01.369(Timestamp), 2023-03-20 10:48:01.369(Timestamp), 1(Integer), 0(Integer)
10:48:01,370 [Thread-106] DEBUG org.apache.ibatis.transaction.jdbc.JdbcTransaction  - Opening JDBC Connection
10:48:01,370 [Thread-106] DEBUG org.apache.ibatis.datasource.pooled.PooledDataSource  - Checked out connection 54468349 from pool.
10:48:01,370 [Thread-106] DEBUG org.apache.ibatis.transaction.jdbc.JdbcTransaction  - Setting autocommit to false on JDBC Connection [conn64: url=jdbc:h2:mem:activiti-AsyncExecutorTest user=SA]
10:48:01,370 [Thread-105] DEBUG org.activiti.engine.impl.persistence.entity.JobEntity.selectNextTimerJobsToExecute  - &lt;==      Total: 0
10:48:01,370 [Thread-103] DEBUG org.activiti.engine.impl.persistence.entity.JobEntity.selectAsyncJobsDueToExecute  - ==&gt; Parameters: 2023-03-20 10:48:01.369(Timestamp), 2023-03-20 10:48:01.369(Timestamp), 1(Integer), 0(Integer)
10:48:01,371 [Thread-103] DEBUG org.activiti.engine.impl.persistence.entity.JobEntity.selectAsyncJobsDueToExecute  - &lt;==      Total: 0
10:48:01,371 [Thread-103] DEBUG org.activiti.engine.impl.db.DbSqlSession  - flush summary: 0 insert, 0 update, 0 delete.
10:48:01,371 [Thread-103] DEBUG org.activiti.engine.impl.db.DbSqlSession  - now executing flush...
10:48:01,371 [Thread-103] DEBUG org.activiti.engine.impl.cfg.standalone.StandaloneMybatisTransactionContext  - firing event committing...
10:48:01,371 [Thread-103] DEBUG org.activiti.engine.impl.cfg.standalone.StandaloneMybatisTransactionContext  - committing the ibatis sql session...
10:48:01,371 [Thread-103] DEBUG org.activiti.engine.impl.cfg.standalone.StandaloneMybatisTransactionContext  - firing event committed...
10:48:01,371 [Thread-103] DEBUG org.apache.ibatis.transaction.jdbc.JdbcTransaction  - Resetting autocommit to true on JDBC Connection [conn59: url=jdbc:h2:mem:activiti-AsyncExecutorTest user=SA]
10:48:01,371 [Thread-103] DEBUG org.apache.ibatis.transaction.jdbc.JdbcTransaction  - Closing JDBC Connection [conn59: url=jdbc:h2:mem:activiti-AsyncExecutorTest user=SA]
10:48:01,370 [Thread-111] DEBUG org.activiti.engine.impl.persistence.entity.JobEntity.selectNextTimerJobsToExecute  - ==&gt; Parameters: 2023-03-20 10:48:01.369(Timestamp), 2023-03-20 10:48:01.369(Timestamp), 1(Integer), 0(Integer)
10:48:01,370 [main] DEBUG org.activiti.engine.impl.persistence.entity.HistoricVariableInstanceEntity.insertHistoricVariableInstance  - &lt;==    Updates: 1
10:48:01,370 [Thread-102] DEBUG org.activiti.engine.impl.persistence.entity.JobEntity.selectNextTimerJobsToExecute  - ==&gt;  Preparing: select RES.* from ACT_RU_JOB RES LEFT OUTER JOIN ACT_RU_EXECUTION PI ON PI.ID_ = RES.PROCESS_INSTANCE_ID_ where (RES.RETRIES_ &gt; 0) and (RES.DUEDATE_ is null or RES.DUEDATE_ &lt;= ?) and (RES.LOCK_OWNER_ is null or RES.LOCK_EXP_TIME_ &lt;= ?) and TYPE_ = &apos;timer&apos; and ( (RES.EXECUTION_ID_ is null) or (PI.SUSPENSION_STATE_ = 1) ) LIMIT ? OFFSET ? 
10:48:01,371 [main] DEBUG org.activiti.engine.impl.db.DbSqlSession  - inserting: VariableInstanceEntity[id=2257, name=finishedAmount, type=integer, longValue=0, textValue=0]
10:48:01,371 [main] DEBUG org.activiti.engine.impl.persistence.entity.VariableInstanceEntity.insertVariableInstance  - ==&gt;  Preparing: insert into ACT_RU_VARIABLE (ID_, REV_, TYPE_, NAME_, PROC_INST_ID_, EXECUTION_ID_, TASK_ID_, BYTEARRAY_ID_, DOUBLE_, LONG_ , TEXT_, TEXT2_) values ( ?, 1, ?, ?, ?, ?, ?, ?, ?, ?, ?, ? ) 
10:48:01,371 [Thread-111] DEBUG org.activiti.engine.impl.persistence.entity.JobEntity.selectNextTimerJobsToExecute  - &lt;==      Total: 0
10:48:01,371 [main] DEBUG org.activiti.engine.impl.persistence.entity.VariableInstanceEntity.insertVariableInstance  - ==&gt; Parameters: 2257(String), integer(String), finishedAmount(String), null, null, 2256(String), null, null, 0(Long), 0(String), null
10:48:01,371 [main] DEBUG org.activiti.engine.impl.persistence.entity.VariableInstanceEntity.insertVariableInstance  - &lt;==    Updates: 1
10:48:01,371 [main] DEBUG org.activiti.engine.impl.db.DbSqlSession  - updating: Task[id=2256, name=test execution]
10:48:01,371 [Thread-103] DEBUG org.apache.ibatis.datasource.pooled.PooledDataSource  - Returned connection 720039383 to pool.
10:48:01,371 [Thread-105] DEBUG org.activiti.engine.impl.db.DbSqlSession  - flush summary: 0 insert, 0 update, 0 delete.
10:48:01,371 [Thread-105] DEBUG org.activiti.engine.impl.db.DbSqlSession  - now executing flush...
10:48:01,371 [Thread-105] DEBUG org.activiti.engine.impl.cfg.standalone.StandaloneMybatisTransactionContext  - firing event committing...
10:48:01,372 [Thread-105] DEBUG org.activiti.engine.impl.cfg.standalone.StandaloneMybatisTransactionContext  - committing the ibatis sql session...
10:48:01,372 [Thread-105] DEBUG org.activiti.engine.impl.cfg.standalone.StandaloneMybatisTransactionContext  - firing event committed...
10:48:01,372 [Thread-105] DEBUG org.apache.ibatis.transaction.jdbc.JdbcTransaction  - Resetting autocommit to true on JDBC Connection [conn65: url=jdbc:h2:mem:activiti-AsyncExecutorTest user=SA]
10:48:01,372 [Thread-105] DEBUG org.apache.ibatis.transaction.jdbc.JdbcTransaction  - Closing JDBC Connection [conn65: url=jdbc:h2:mem:activiti-AsyncExecutorTest user=SA]
10:48:01,371 [Thread-106] DEBUG org.activiti.engine.impl.persistence.entity.JobEntity.selectAsyncJobsDueToExecute  - ==&gt;  Preparing: select RES.* from ACT_RU_JOB RES LEFT OUTER JOIN ACT_RU_EXECUTION PI ON PI.ID_ = RES.PROCESS_INSTANCE_ID_ where RES.RETRIES_ &gt; 0 and RES.DUEDATE_ is not null and RES.DUEDATE_ &lt;= ? and (RES.LOCK_EXP_TIME_ is null or RES.LOCK_EXP_TIME_ &lt;= ?) and TYPE_ = &apos;message&apos; and ( (RES.EXECUTION_ID_ is null) or (PI.SUSPENSION_STATE_ = 1) ) LIMIT ? OFFSET ? 
10:48:01,372 [Thread-105] DEBUG org.apache.ibatis.datasource.pooled.PooledDataSource  - Returned connection 996762054 to pool.
10:48:01,372 [Thread-105] DEBUG org.activiti.engine.impl.interceptor.LogInterceptor  - --- AcquireTimerJobsCmd finished --------------------------------------------------------
10:48:01,372 [Thread-105] DEBUG org.activiti.engine.impl.interceptor.LogInterceptor  - 

10:48:01,371 [Thread-103] DEBUG org.activiti.engine.impl.interceptor.LogInterceptor  - --- AcquireAsyncJobsDueCmd finished --------------------------------------------------------
10:48:01,372 [Thread-103] DEBUG org.activiti.engine.impl.interceptor.LogInterceptor  - 

10:48:01,371 [main] DEBUG org.activiti.engine.impl.persistence.entity.TaskEntity.updateTask  - ==&gt;  Preparing: update ACT_RU_TASK SET REV_ = ?, NAME_ = ?, PARENT_TASK_ID_ = ?, PRIORITY_ = ?, CREATE_TIME_ = ?, OWNER_ = ?, ASSIGNEE_ = ?, DELEGATION_ = ?, EXECUTION_ID_ = ?, PROC_DEF_ID_ = ?, DESCRIPTION_ = ?, DUE_DATE_ = ?, CATEGORY_ = ?, SUSPENSION_STATE_ = ?, FORM_KEY_ = ? where ID_= ? and REV_ = ? 
10:48:01,371 [Thread-111] DEBUG org.activiti.engine.impl.db.DbSqlSession  - flush summary: 0 insert, 0 update, 0 delete.
10:48:01,372 [Thread-111] DEBUG org.activiti.engine.impl.db.DbSqlSession  - now executing flush...
10:48:01,372 [Thread-111] DEBUG org.activiti.engine.impl.cfg.standalone.StandaloneMybatisTransactionContext  - firing event committing...
10:48:01,372 [Thread-111] DEBUG org.activiti.engine.impl.cfg.standalone.StandaloneMybatisTransactionContext  - committing the ibatis sql session...
10:48:01,372 [Thread-111] DEBUG org.activiti.engine.impl.cfg.standalone.StandaloneMybatisTransactionContext  - firing event committed...
10:48:01,372 [Thread-111] DEBUG org.apache.ibatis.transaction.jdbc.JdbcTransaction  - Resetting autocommit to true on JDBC Connection [conn68: url=jdbc:h2:mem:activiti-AsyncExecutorTest user=SA]
10:48:01,372 [Thread-111] DEBUG org.apache.ibatis.transaction.jdbc.JdbcTransaction  - Closing JDBC Connection [conn68: url=jdbc:h2:mem:activiti-AsyncExecutorTest user=SA]
10:48:01,372 [Thread-111] DEBUG org.apache.ibatis.datasource.pooled.PooledDataSource  - Returned connection 58501658 to pool.
10:48:01,372 [Thread-111] DEBUG org.activiti.engine.impl.interceptor.LogInterceptor  - --- AcquireTimerJobsCmd finished --------------------------------------------------------
10:48:01,372 [Thread-111] DEBUG org.activiti.engine.impl.interceptor.LogInterceptor  - 

10:48:01,372 [Thread-111] DEBUG org.activiti.engine.impl.asyncexecutor.AcquireTimerJobsRunnable  - timer job acquisition thread sleeping for 50 millis
10:48:01,371 [Thread-102] DEBUG org.activiti.engine.impl.persistence.entity.JobEntity.selectNextTimerJobsToExecute  - ==&gt; Parameters: 2023-03-20 10:48:01.369(Timestamp), 2023-03-20 10:48:01.369(Timestamp), 1(Integer), 0(Integer)
10:48:01,372 [Thread-102] DEBUG org.activiti.engine.impl.persistence.entity.JobEntity.selectNextTimerJobsToExecute  - &lt;==      Total: 0
10:48:01,372 [Thread-102] DEBUG org.activiti.engine.impl.db.DbSqlSession  - flush summary: 0 insert, 0 update, 0 delete.
10:48:01,372 [Thread-102] DEBUG org.activiti.engine.impl.db.DbSqlSession  - now executing flush...
10:48:01,372 [Thread-102] DEBUG org.activiti.engine.impl.cfg.standalone.StandaloneMybatisTransactionContext  - firing event committing...
10:48:01,372 [Thread-102] DEBUG org.activiti.engine.impl.cfg.standalone.StandaloneMybatisTransactionContext  - committing the ibatis sql session...
10:48:01,372 [Thread-102] DEBUG org.activiti.engine.impl.cfg.standalone.StandaloneMybatisTransactionContext  - firing event committed...
10:48:01,372 [main] DEBUG org.activiti.engine.impl.persistence.entity.TaskEntity.updateTask  - ==&gt; Parameters: 2(Integer), test execution(String), null, 50(Integer), 2023-03-20 10:48:01.367(Timestamp), josOwner(String), JosAssignee(String), null, null, null, null, null, null, 1(Integer), null, 2256(String), 1(Integer)
10:48:01,372 [Thread-103] DEBUG org.activiti.engine.impl.asyncexecutor.AcquireAsyncJobsDueRunnable  - async job acquisition thread sleeping for 50 millis
10:48:01,372 [main] DEBUG org.activiti.engine.impl.persistence.entity.TaskEntity.updateTask  - &lt;==    Updates: 1
10:48:01,372 [Thread-105] DEBUG org.activiti.engine.impl.asyncexecutor.AcquireTimerJobsRunnable  - timer job acquisition thread sleeping for 50 millis
10:48:01,372 [Thread-106] DEBUG org.activiti.engine.impl.persistence.entity.JobEntity.selectAsyncJobsDueToExecute  - ==&gt; Parameters: 2023-03-20 10:48:01.37(Timestamp), 2023-03-20 10:48:01.37(Timestamp), 1(Integer), 0(Integer)
10:48:01,372 [main] DEBUG org.activiti.engine.impl.cfg.standalone.StandaloneMybatisTransactionContext  - firing event committing...
10:48:01,373 [main] DEBUG org.activiti.engine.impl.cfg.standalone.StandaloneMybatisTransactionContext  - committing the ibatis sql session...
10:48:01,373 [main] DEBUG org.apache.ibatis.transaction.jdbc.JdbcTransaction  - Committing JDBC Connection [conn2: url=jdbc:h2:mem:activiti user=SA]
10:48:01,372 [Thread-102] DEBUG org.apache.ibatis.transaction.jdbc.JdbcTransaction  - Resetting autocommit to true on JDBC Connection [conn60: url=jdbc:h2:mem:activiti-AsyncExecutorTest user=SA]
10:48:01,373 [main] DEBUG org.activiti.engine.impl.cfg.standalone.StandaloneMybatisTransactionContext  - firing event committed...
10:48:01,373 [main] DEBUG org.apache.ibatis.transaction.jdbc.JdbcTransaction  - Resetting autocommit to true on JDBC Connection [conn2: url=jdbc:h2:mem:activiti user=SA]
10:48:01,373 [main] DEBUG org.apache.ibatis.transaction.jdbc.JdbcTransaction  - Closing JDBC Connection [conn2: url=jdbc:h2:mem:activiti user=SA]
10:48:01,373 [main] DEBUG org.apache.ibatis.datasource.pooled.PooledDataSource  - Returned connection 363509958 to pool.
10:48:01,373 [main] DEBUG org.activiti.engine.impl.interceptor.LogInterceptor  - --- SetTaskVariablesCmd finished --------------------------------------------------------
10:48:01,373 [main] DEBUG org.activiti.engine.impl.interceptor.LogInterceptor  - 

10:48:01,373 [main] DEBUG org.activiti.engine.impl.interceptor.LogInterceptor  - 

10:48:01,373 [main] DEBUG org.activiti.engine.impl.interceptor.LogInterceptor  - --- starting CompleteTaskCmd --------------------------------------------------------
10:48:01,373 [main] DEBUG org.apache.ibatis.transaction.jdbc.JdbcTransaction  - Opening JDBC Connection
10:48:01,373 [main] DEBUG org.apache.ibatis.datasource.pooled.PooledDataSource  - Checked out connection 180014677 from pool.
10:48:01,373 [main] DEBUG org.apache.ibatis.transaction.jdbc.JdbcTransaction  - Setting autocommit to false on JDBC Connection [conn3: url=jdbc:h2:mem:activiti user=SA]
10:48:01,373 [main] DEBUG org.activiti.engine.impl.persistence.entity.TaskEntity.selectTask  - ==&gt;  Preparing: select * from ACT_RU_TASK where ID_ = ? 
10:48:01,373 [Thread-106] DEBUG org.activiti.engine.impl.persistence.entity.JobEntity.selectAsyncJobsDueToExecute  - &lt;==      Total: 0
10:48:01,373 [main] DEBUG org.activiti.engine.impl.persistence.entity.TaskEntity.selectTask  - ==&gt; Parameters: 2256(String)
10:48:01,373 [Thread-102] DEBUG org.apache.ibatis.transaction.jdbc.JdbcTransaction  - Closing JDBC Connection [conn60: url=jdbc:h2:mem:activiti-AsyncExecutorTest user=SA]
10:48:01,373 [main] DEBUG org.activiti.engine.impl.persistence.entity.TaskEntity.selectTask  - &lt;==      Total: 1
10:48:01,373 [Thread-102] DEBUG org.apache.ibatis.datasource.pooled.PooledDataSource  - Returned connection 33534803 to pool.
10:48:01,373 [Thread-102] DEBUG org.activiti.engine.impl.interceptor.LogInterceptor  - --- AcquireTimerJobsCmd finished --------------------------------------------------------
10:48:01,373 [Thread-102] DEBUG org.activiti.engine.impl.interceptor.LogInterceptor  - 

10:48:01,373 [Thread-106] DEBUG org.activiti.engine.impl.db.DbSqlSession  - flush summary: 0 insert, 0 update, 0 delete.
10:48:01,373 [Thread-106] DEBUG org.activiti.engine.impl.db.DbSqlSession  - now executing flush...
10:48:01,373 [Thread-106] DEBUG org.activiti.engine.impl.cfg.standalone.StandaloneMybatisTransactionContext  - firing event committing...
10:48:01,373 [Thread-106] DEBUG org.activiti.engine.impl.cfg.standalone.StandaloneMybatisTransactionContext  - committing the ibatis sql session...
10:48:01,373 [Thread-106] DEBUG org.activiti.engine.impl.cfg.standalone.StandaloneMybatisTransactionContext  - firing event committed...
10:48:01,373 [Thread-106] DEBUG org.apache.ibatis.transaction.jdbc.JdbcTransaction  - Resetting autocommit to true on JDBC Connection [conn64: url=jdbc:h2:mem:activiti-AsyncExecutorTest user=SA]
10:48:01,373 [Thread-106] DEBUG org.apache.ibatis.transaction.jdbc.JdbcTransaction  - Closing JDBC Connection [conn64: url=jdbc:h2:mem:activiti-AsyncExecutorTest user=SA]
10:48:01,373 [Thread-106] DEBUG org.apache.ibatis.datasource.pooled.PooledDataSource  - Returned connection 54468349 to pool.
10:48:01,373 [Thread-106] DEBUG org.activiti.engine.impl.interceptor.LogInterceptor  - --- AcquireAsyncJobsDueCmd finished --------------------------------------------------------
10:48:01,373 [Thread-106] DEBUG org.activiti.engine.impl.interceptor.LogInterceptor  - 

10:48:01,373 [Thread-106] DEBUG org.activiti.engine.impl.asyncexecutor.AcquireAsyncJobsDueRunnable  - async job acquisition thread sleeping for 50 millis
10:48:01,373 [Thread-102] DEBUG org.activiti.engine.impl.asyncexecutor.AcquireTimerJobsRunnable  - timer job acquisition thread sleeping for 50 millis
10:48:01,373 [main] DEBUG org.activiti.engine.impl.persistence.entity.VariableInstanceEntity.selectVariablesByTaskId  - ==&gt;  Preparing: select * from ACT_RU_VARIABLE where TASK_ID_ = ? 
10:48:01,373 [main] DEBUG org.activiti.engine.impl.persistence.entity.VariableInstanceEntity.selectVariablesByTaskId  - ==&gt; Parameters: 2256(String)
10:48:01,375 [main] DEBUG org.activiti.engine.impl.persistence.entity.VariableInstanceEntity.selectVariablesByTaskId  - &lt;==      Total: 1
10:48:01,375 [main] DEBUG org.activiti.engine.impl.history.DefaultHistoryManager  - Current history level: FULL, level required: FULL
10:48:01,375 [main] DEBUG org.activiti.engine.impl.history.DefaultHistoryManager  - Current history level: FULL, level required: ACTIVITY
10:48:01,375 [main] DEBUG org.activiti.engine.impl.persistence.entity.HistoricVariableInstanceEntity.selectHistoricVariableInstanceByVariableInstanceId  - ==&gt;  Preparing: select * from ACT_HI_VARINST where ID_ = ? 
10:48:01,375 [main] DEBUG org.activiti.engine.impl.persistence.entity.HistoricVariableInstanceEntity.selectHistoricVariableInstanceByVariableInstanceId  - ==&gt; Parameters: 2257(String)
10:48:01,375 [main] DEBUG org.activiti.engine.impl.persistence.entity.HistoricVariableInstanceEntity.selectHistoricVariableInstanceByVariableInstanceId  - &lt;==      Total: 1
10:48:01,375 [main] DEBUG org.activiti.engine.impl.persistence.entity.TaskEntity.selectTasksByParentTaskId  - ==&gt;  Preparing: select * from ACT_RU_TASK where PARENT_TASK_ID_ = ? 
10:48:01,375 [main] DEBUG org.activiti.engine.impl.persistence.entity.TaskEntity.selectTasksByParentTaskId  - ==&gt; Parameters: 2256(String)
10:48:01,375 [main] DEBUG org.activiti.engine.impl.persistence.entity.TaskEntity.selectTasksByParentTaskId  - &lt;==      Total: 0
10:48:01,375 [main] DEBUG org.activiti.engine.impl.persistence.entity.IdentityLinkEntity.selectIdentityLinksByTask  - ==&gt;  Preparing: select * from ACT_RU_IDENTITYLINK where TASK_ID_ = ? 
10:48:01,375 [main] DEBUG org.activiti.engine.impl.persistence.entity.IdentityLinkEntity.selectIdentityLinksByTask  - ==&gt; Parameters: 2256(String)
10:48:01,375 [main] DEBUG org.activiti.engine.impl.persistence.entity.IdentityLinkEntity.selectIdentityLinksByTask  - &lt;==      Total: 0
10:48:01,376 [main] DEBUG org.activiti.engine.impl.history.DefaultHistoryManager  - Current history level: FULL, level required: AUDIT
10:48:01,376 [main] DEBUG org.activiti.engine.impl.persistence.entity.HistoricTaskInstanceEntity.selectHistoricTaskInstance  - ==&gt;  Preparing: select * from ACT_HI_TASKINST where ID_ = ? 
10:48:01,376 [main] DEBUG org.activiti.engine.impl.persistence.entity.HistoricTaskInstanceEntity.selectHistoricTaskInstance  - ==&gt; Parameters: 2256(String)
10:48:01,376 [main] DEBUG org.activiti.engine.impl.persistence.entity.HistoricTaskInstanceEntity.selectHistoricTaskInstance  - &lt;==      Total: 1
10:48:01,376 [main] DEBUG org.activiti.engine.impl.db.DbSqlSession  -   insert HistoricDetailVariableInstanceUpdateEntity[id=2259, name=finishedAmount, type=integer, longValue=40, textValue=40]
10:48:01,376 [main] DEBUG org.activiti.engine.impl.db.DbSqlSession  -   update HistoricTaskInstanceEntity[id=2256, name=test execution]
10:48:01,376 [main] DEBUG org.activiti.engine.impl.db.DbSqlSession  -   update HistoricVariableInstanceEntity[id=2257, name=finishedAmount, revision=0, type=integer, longValue=40, textValue=40]
10:48:01,376 [main] DEBUG org.activiti.engine.impl.db.DbSqlSession  -   delete VariableInstanceEntity[id=2257, name=finishedAmount, type=integer, longValue=40, textValue=40]
10:48:01,376 [main] DEBUG org.activiti.engine.impl.db.DbSqlSession  -   delete Task[id=2256, name=test execution]
10:48:01,376 [main] DEBUG org.activiti.engine.impl.db.DbSqlSession  - flush summary: 1 insert, 2 update, 2 delete.
10:48:01,376 [main] DEBUG org.activiti.engine.impl.db.DbSqlSession  - now executing flush...
10:48:01,376 [main] DEBUG org.activiti.engine.impl.db.DbSqlSession  - inserting: HistoricDetailVariableInstanceUpdateEntity[id=2259, name=finishedAmount, type=integer, longValue=40, textValue=40]
10:48:01,376 [main] DEBUG org.activiti.engine.impl.persistence.entity.HistoricDetailEntity.insertHistoricDetailVariableInstanceUpdate  - ==&gt;  Preparing: insert into ACT_HI_DETAIL (ID_, TYPE_, PROC_INST_ID_, EXECUTION_ID_, ACT_INST_ID_, TASK_ID_, NAME_, REV_, VAR_TYPE_, TIME_, BYTEARRAY_ID_, DOUBLE_, LONG_ , TEXT_, TEXT2_) values ( ?, &apos;VariableUpdate&apos;, ?, ?, ?, ?, ?, ?, ?, ?, ?, ?, ?, ?, ? ) 
10:48:01,377 [main] DEBUG org.activiti.engine.impl.persistence.entity.HistoricDetailEntity.insertHistoricDetailVariableInstanceUpdate  - ==&gt; Parameters: 2259(String), null, null, null, 2256(String), finishedAmount(String), 1(Integer), integer(String), 2023-03-20 10:48:01.375(Timestamp), null, null, 40(Long), 40(String), null
10:48:01,377 [main] DEBUG org.activiti.engine.impl.persistence.entity.HistoricDetailEntity.insertHistoricDetailVariableInstanceUpdate  - &lt;==    Updates: 1
10:48:01,377 [main] DEBUG org.activiti.engine.impl.db.DbSqlSession  - updating: HistoricTaskInstanceEntity[id=2256, name=test execution]
10:48:01,377 [main] DEBUG org.activiti.engine.impl.persistence.entity.HistoricTaskInstanceEntity.updateHistoricTaskInstance  - ==&gt;  Preparing: update ACT_HI_TASKINST set EXECUTION_ID_ = ?, NAME_ = ?, PARENT_TASK_ID_ = ?, DESCRIPTION_ = ?, OWNER_ = ?, ASSIGNEE_ = ?, CLAIM_TIME_ = ?, END_TIME_ = ?, DURATION_ = ?, DELETE_REASON_ = ?, TASK_DEF_KEY_ = ?, FORM_KEY_ = ?, PRIORITY_ = ?, DUE_DATE_ = ?, CATEGORY_ = ? where ID_ = ? 
10:48:01,377 [main] DEBUG org.activiti.engine.impl.persistence.entity.HistoricTaskInstanceEntity.updateHistoricTaskInstance  - ==&gt; Parameters: null, test execution(String), null, null, josOwner(String), JosAssignee(String), null, 2023-03-20 10:48:01.376(Timestamp), 9(Long), completed(String), null, null, 50(Integer), null, null, 2256(String)
10:48:01,377 [main] DEBUG org.activiti.engine.impl.persistence.entity.HistoricTaskInstanceEntity.updateHistoricTaskInstance  - &lt;==    Updates: 1
10:48:01,378 [main] DEBUG org.activiti.engine.impl.db.DbSqlSession  - updating: HistoricVariableInstanceEntity[id=2257, name=finishedAmount, revision=0, type=integer, longValue=40, textValue=40]
10:48:01,378 [main] DEBUG org.activiti.engine.impl.persistence.entity.HistoricVariableInstanceEntity.updateHistoricVariableInstance  - ==&gt;  Preparing: update ACT_HI_VARINST set REV_ = ?, BYTEARRAY_ID_ = ?, DOUBLE_ = ?, LONG_ = ?, TEXT_ = ?, TEXT2_ = ?, VAR_TYPE_ = ?, LAST_UPDATED_TIME_ = ? where ID_ = ? and REV_ = ? 
10:48:01,378 [main] DEBUG org.activiti.engine.impl.persistence.entity.HistoricVariableInstanceEntity.updateHistoricVariableInstance  - ==&gt; Parameters: 1(Integer), null, null, 40(Long), 40(String), null, integer(String), 2023-03-20 10:48:01.375(Timestamp), 2257(String), 0(Integer)
10:48:01,378 [main] DEBUG org.activiti.engine.impl.persistence.entity.HistoricVariableInstanceEntity.updateHistoricVariableInstance  - &lt;==    Updates: 1
10:48:01,378 [main] DEBUG org.activiti.engine.impl.db.DbSqlSession  - executing: delete VariableInstanceEntity[id=2257, name=finishedAmount, type=integer, longValue=40, textValue=40]
10:48:01,378 [main] DEBUG org.activiti.engine.impl.persistence.entity.VariableInstanceEntity.deleteVariableInstance  - ==&gt;  Preparing: delete from ACT_RU_VARIABLE where ID_ = ? and REV_ = ? 
10:48:01,378 [main] DEBUG org.activiti.engine.impl.persistence.entity.VariableInstanceEntity.deleteVariableInstance  - ==&gt; Parameters: 2257(String), 1(Integer)
10:48:01,378 [main] DEBUG org.activiti.engine.impl.persistence.entity.VariableInstanceEntity.deleteVariableInstance  - &lt;==    Updates: 1
10:48:01,378 [main] DEBUG org.activiti.engine.impl.db.DbSqlSession  - executing: delete Task[id=2256, name=test execution]
10:48:01,378 [main] DEBUG org.activiti.engine.impl.persistence.entity.TaskEntity.deleteTask  - ==&gt;  Preparing: delete from ACT_RU_TASK where ID_ = ? and REV_ = ? 
10:48:01,378 [main] DEBUG org.activiti.engine.impl.persistence.entity.TaskEntity.deleteTask  - ==&gt; Parameters: 2256(String), 2(Integer)
10:48:01,378 [main] DEBUG org.activiti.engine.impl.persistence.entity.TaskEntity.deleteTask  - &lt;==    Updates: 1
10:48:01,379 [main] DEBUG org.activiti.engine.impl.cfg.standalone.StandaloneMybatisTransactionContext  - firing event committing...
10:48:01,379 [main] DEBUG org.activiti.engine.impl.cfg.standalone.StandaloneMybatisTransactionContext  - committing the ibatis sql session...
10:48:01,379 [main] DEBUG org.apache.ibatis.transaction.jdbc.JdbcTransaction  - Committing JDBC Connection [conn3: url=jdbc:h2:mem:activiti user=SA]
10:48:01,379 [main] DEBUG org.activiti.engine.impl.cfg.standalone.StandaloneMybatisTransactionContext  - firing event committed...
10:48:01,379 [main] DEBUG org.apache.ibatis.transaction.jdbc.JdbcTransaction  - Resetting autocommit to true on JDBC Connection [conn3: url=jdbc:h2:mem:activiti user=SA]
10:48:01,379 [main] DEBUG org.apache.ibatis.transaction.jdbc.JdbcTransaction  - Closing JDBC Connection [conn3: url=jdbc:h2:mem:activiti user=SA]
10:48:01,379 [main] DEBUG org.apache.ibatis.datasource.pooled.PooledDataSource  - Returned connection 180014677 to pool.
10:48:01,379 [main] DEBUG org.activiti.engine.impl.interceptor.LogInterceptor  - --- CompleteTaskCmd finished --------------------------------------------------------
10:48:01,379 [main] DEBUG org.activiti.engine.impl.interceptor.LogInterceptor  - 

10:48:01,379 [main] DEBUG org.activiti.engine.impl.interceptor.LogInterceptor  - 

10:48:01,379 [main] DEBUG org.activiti.engine.impl.interceptor.LogInterceptor  - --- starting HistoricVariableInstanceQueryImpl --------------------------------------------------------
10:48:01,380 [main] DEBUG org.apache.ibatis.transaction.jdbc.JdbcTransaction  - Opening JDBC Connection
10:48:01,380 [main] DEBUG org.apache.ibatis.datasource.pooled.PooledDataSource  - Checked out connection 297240765 from pool.
10:48:01,380 [main] DEBUG org.apache.ibatis.transaction.jdbc.JdbcTransaction  - Setting autocommit to false on JDBC Connection [conn4: url=jdbc:h2:mem:activiti user=SA]
10:48:01,380 [main] DEBUG org.activiti.engine.impl.persistence.entity.HistoricVariableInstanceEntity.selectHistoricVariableInstanceByQueryCriteria  - ==&gt;  Preparing: select RES.* from ACT_HI_VARINST RES WHERE RES.TASK_ID_ = ? order by order by RES.ID_ asc LIMIT ? OFFSET ? 
10:48:01,380 [main] DEBUG org.activiti.engine.impl.interceptor.CommandContext  - Error while closing command context
org.apache.ibatis.exceptions.PersistenceException: 
### Error querying database.  Cause: org.h2.jdbc.JdbcSQLException: Syntax error in SQL statement &quot;SELECT RES.* 
     
    FROM ACT_HI_VARINST RES
     WHERE  RES.TASK_ID_ = ? 
   
     ORDER BY  ORDER[*] BY RES.ID_ ASC  
    LIMIT ? OFFSET ? &quot;; expected &quot;=, NOT, EXISTS, INTERSECTS, SELECT, FROM&quot;; SQL statement:
select RES.* 
     
    from ACT_HI_VARINST RES
     WHERE  RES.TASK_ID_ = ? 
   
     order by  order by RES.ID_ asc  
    LIMIT ? OFFSET ? [42001-176]
### The error may exist in org/activiti/db/mapping/entity/HistoricVariableInstance.xml
### The error may involve org.activiti.engine.impl.persistence.entity.HistoricVariableInstanceEntity.selectHistoricVariableInstanceByQueryCriteria
### The error occurred while executing a query
### SQL: select RES.*            from ACT_HI_VARINST RES      WHERE  RES.TASK_ID_ = ?           order by  order by RES.ID_ asc       LIMIT ? OFFSET ?
### Cause: org.h2.jdbc.JdbcSQLException: Syntax error in SQL statement &quot;SELECT RES.* 
     
    FROM ACT_HI_VARINST RES
     WHERE  RES.TASK_ID_ = ? 
   
     ORDER BY  ORDER[*] BY RES.ID_ ASC  
    LIMIT ? OFFSET ? &quot;; expected &quot;=, NOT, EXISTS, INTERSECTS, SELECT, FROM&quot;; SQL statement:
select RES.* 
     
    from ACT_HI_VARINST RES
     WHERE  RES.TASK_ID_ = ? 
   
     order by  order by RES.ID_ asc  
    LIMIT ? OFFSET ? [42001-176]
	at org.apache.ibatis.exceptions.ExceptionFactory.wrapException(ExceptionFactory.java:30)
	at org.apache.ibatis.session.defaults.DefaultSqlSession.selectList(DefaultSqlSession.java:122)
	at org.apache.ibatis.session.defaults.DefaultSqlSession.selectList(DefaultSqlSession.java:113)
	at org.activiti.engine.impl.db.DbSqlSession.selectListWithRawParameter(DbSqlSession.java:438)
	at org.activiti.engine.impl.db.DbSqlSession.selectList(DbSqlSession.java:429)
	at org.activiti.engine.impl.db.DbSqlSession.selectList(DbSqlSession.java:419)
	at org.activiti.engine.impl.persistence.entity.HistoricVariableInstanceEntityManager.findHistoricVariableInstancesByQueryCriteria(HistoricVariableInstanceEntityManager.java:63)
	at org.activiti.engine.impl.HistoricVariableInstanceQueryImpl.executeList(HistoricVariableInstanceQueryImpl.java:195)
	at org.activiti.engine.impl.AbstractQuery.execute(AbstractQuery.java:164)
	at org.activiti.engine.impl.interceptor.CommandInvoker.execute(CommandInvoker.java:24)
	at org.activiti.engine.impl.interceptor.CommandContextInterceptor.execute(CommandContextInterceptor.java:57)
	at org.activiti.engine.impl.interceptor.LogInterceptor.execute(LogInterceptor.java:37)
	at org.activiti.engine.impl.cfg.CommandExecutorImpl.execute(CommandExecutorImpl.java:40)
	at org.activiti.engine.impl.cfg.CommandExecutorImpl.execute(CommandExecutorImpl.java:35)
	at org.activiti.engine.impl.AbstractQuery.list(AbstractQuery.java:138)
	at org.activiti.examples.task.StandaloneTaskTest.testHistoricVariableOkOnUpdate(StandaloneTaskTest.java:168)
	at sun.reflect.NativeMethodAccessorImpl.invoke0(Native Method)
	at sun.reflect.NativeMethodAccessorImpl.invoke(NativeMethodAccessorImpl.java:62)
	at sun.reflect.DelegatingMethodAccessorImpl.invoke(DelegatingMethodAccessorImpl.java:43)
	at java.lang.reflect.Method.invoke(Method.java:498)
	at junit.framework.TestCase.runTest(TestCase.java:176)
	at org.activiti.engine.impl.test.PvmTestCase.runTest(PvmTestCase.java:65)
	at junit.framework.TestCase.runBare(TestCase.java:141)
	at org.activiti.engine.impl.test.AbstractActivitiTestCase.runBare(AbstractActivitiTestCase.java:100)
	at junit.framework.TestResult$1.protect(TestResult.java:122)
	at junit.framework.TestResult.runProtected(TestResult.java:142)
	at junit.framework.TestResult.run(TestResult.java:125)
	at junit.framework.TestCase.run(TestCase.java:129)
	at junit.framework.TestSuite.runTest(TestSuite.java:255)
	at junit.framework.TestSuite.run(TestSuite.java:250)
	at org.junit.internal.runners.JUnit38ClassRunner.run(JUnit38ClassRunner.java:84)
	at org.apache.maven.surefire.junit4.JUnit4TestSet.execute(JUnit4TestSet.java:35)
	at org.apache.maven.surefire.junit4.JUnit4Provider.executeTestSet(JUnit4Provider.java:146)
	at org.apache.maven.surefire.junit4.JUnit4Provider.invoke(JUnit4Provider.java:97)
	at sun.reflect.NativeMethodAccessorImpl.invoke0(Native Method)
	at sun.reflect.NativeMethodAccessorImpl.invoke(NativeMethodAccessorImpl.java:62)
	at sun.reflect.DelegatingMethodAccessorImpl.invoke(DelegatingMethodAccessorImpl.java:43)
	at java.lang.reflect.Method.invoke(Method.java:498)
	at org.apache.maven.surefire.booter.ProviderFactory$ClassLoaderProxy.invoke(ProviderFactory.java:103)
	at com.sun.proxy.$Proxy0.invoke(Unknown Source)
	at org.apache.maven.surefire.booter.SurefireStarter.invokeProvider(SurefireStarter.java:145)
	at org.apache.maven.surefire.booter.SurefireStarter.runSuitesInProcess(SurefireStarter.java:87)
	at org.apache.maven.surefire.booter.ForkedBooter.main(ForkedBooter.java:69)
Caused by: org.h2.jdbc.JdbcSQLException: Syntax error in SQL statement &quot;SELECT RES.* 
     
    FROM ACT_HI_VARINST RES
     WHERE  RES.TASK_ID_ = ? 
   
     ORDER BY  ORDER[*] BY RES.ID_ ASC  
    LIMIT ? OFFSET ? &quot;; expected &quot;=, NOT, EXISTS, INTERSECTS, SELECT, FROM&quot;; SQL statement:
select RES.* 
     
    from ACT_HI_VARINST RES
     WHERE  RES.TASK_ID_ = ? 
   
     order by  order by RES.ID_ asc  
    LIMIT ? OFFSET ? [42001-176]
	at org.h2.message.DbException.getJdbcSQLException(DbException.java:344)
	at org.h2.message.DbException.getSyntaxError(DbException.java:204)
	at org.h2.command.Parser.getSyntaxError(Parser.java:524)
	at org.h2.command.Parser.readTerm(Parser.java:2688)
	at org.h2.command.Parser.readFactor(Parser.java:2244)
	at org.h2.command.Parser.readSum(Parser.java:2231)
	at org.h2.command.Parser.readConcat(Parser.java:2201)
	at org.h2.command.Parser.readCondition(Parser.java:2051)
	at org.h2.command.Parser.readAnd(Parser.java:2023)
	at org.h2.command.Parser.readExpression(Parser.java:2015)
	at org.h2.command.Parser.parseEndOfQuery(Parser.java:1726)
	at org.h2.command.Parser.parseSelectUnionExtension(Parser.java:1706)
	at org.h2.command.Parser.parseSelectUnion(Parser.java:1675)
	at org.h2.command.Parser.parseSelect(Parser.java:1662)
	at org.h2.command.Parser.parsePrepared(Parser.java:434)
	at org.h2.command.Parser.parse(Parser.java:306)
	at org.h2.command.Parser.parse(Parser.java:282)
	at org.h2.command.Parser.prepareCommand(Parser.java:243)
	at org.h2.engine.Session.prepareLocal(Session.java:442)
	at org.h2.engine.Session.prepareCommand(Session.java:384)
	at org.h2.jdbc.JdbcConnection.prepareCommand(JdbcConnection.java:1188)
	at org.h2.jdbc.JdbcPreparedStatement.&lt;init&gt;(JdbcPreparedStatement.java:73)
	at org.h2.jdbc.JdbcConnection.prepareStatement(JdbcConnection.java:276)
	at sun.reflect.GeneratedMethodAccessor6.invoke(Unknown Source)
	at sun.reflect.DelegatingMethodAccessorImpl.invoke(DelegatingMethodAccessorImpl.java:43)
	at java.lang.reflect.Method.invoke(Method.java:498)
	at org.apache.ibatis.datasource.pooled.PooledConnection.invoke(PooledConnection.java:245)
	at com.sun.proxy.$Proxy12.prepareStatement(Unknown Source)
	at sun.reflect.GeneratedMethodAccessor6.invoke(Unknown Source)
	at sun.reflect.DelegatingMethodAccessorImpl.invoke(DelegatingMethodAccessorImpl.java:43)
	at java.lang.reflect.Method.invoke(Method.java:498)
	at org.apache.ibatis.logging.jdbc.ConnectionLogger.invoke(ConnectionLogger.java:55)
	at com.sun.proxy.$Proxy12.prepareStatement(Unknown Source)
	at org.apache.ibatis.executor.statement.PreparedStatementHandler.instantiateStatement(PreparedStatementHandler.java:79)
	at org.apache.ibatis.executor.statement.BaseStatementHandler.prepare(BaseStatementHandler.java:88)
	at org.apache.ibatis.executor.statement.RoutingStatementHandler.prepare(RoutingStatementHandler.java:58)
	at org.apache.ibatis.executor.SimpleExecutor.prepareStatement(SimpleExecutor.java:76)
	at org.apache.ibatis.executor.SimpleExecutor.doQuery(SimpleExecutor.java:61)
	at org.apache.ibatis.executor.BaseExecutor.queryFromDatabase(BaseExecutor.java:303)
	at org.apache.ibatis.executor.BaseExecutor.query(BaseExecutor.java:154)
	at org.apache.ibatis.executor.CachingExecutor.query(CachingExecutor.java:102)
	at org.apache.ibatis.executor.CachingExecutor.query(CachingExecutor.java:82)
	at org.apache.ibatis.session.defaults.DefaultSqlSession.selectList(DefaultSqlSession.java:120)
	... 41 more
10:48:01,381 [main] DEBUG org.activiti.engine.impl.cfg.standalone.StandaloneMybatisTransactionContext  - firing event rolling back...
10:48:01,381 [main] DEBUG org.activiti.engine.impl.cfg.standalone.StandaloneMybatisTransactionContext  - rolling back ibatis sql session...
10:48:01,381 [main] DEBUG org.activiti.engine.impl.cfg.standalone.StandaloneMybatisTransactionContext  - firing event rolled back...
10:48:01,381 [main] DEBUG org.apache.ibatis.transaction.jdbc.JdbcTransaction  - Resetting autocommit to true on JDBC Connection [conn4: url=jdbc:h2:mem:activiti user=SA]
10:48:01,381 [main] DEBUG org.apache.ibatis.transaction.jdbc.JdbcTransaction  - Closing JDBC Connection [conn4: url=jdbc:h2:mem:activiti user=SA]
10:48:01,381 [main] DEBUG org.apache.ibatis.datasource.pooled.PooledDataSource  - Returned connection 297240765 to pool.
10:48:01,381 [main] DEBUG org.activiti.engine.impl.interceptor.LogInterceptor  - --- HistoricVariableInstanceQueryImpl finished --------------------------------------------------------
10:48:01,381 [main] DEBUG org.activiti.engine.impl.interceptor.LogInterceptor  - 

10:48:01,381 [main] ERROR org.activiti.engine.impl.test.PvmTestCase  - 

10:48:01,381 [main] ERROR org.activiti.engine.impl.test.PvmTestCase  - EXCEPTION: org.apache.ibatis.exceptions.PersistenceException: 
### Error querying database.  Cause: org.h2.jdbc.JdbcSQLException: Syntax error in SQL statement &quot;SELECT RES.* 
     
    FROM ACT_HI_VARINST RES
     WHERE  RES.TASK_ID_ = ? 
   
     ORDER BY  ORDER[*] BY RES.ID_ ASC  
    LIMIT ? OFFSET ? &quot;; expected &quot;=, NOT, EXISTS, INTERSECTS, SELECT, FROM&quot;; SQL statement:
select RES.* 
     
    from ACT_HI_VARINST RES
     WHERE  RES.TASK_ID_ = ? 
   
     order by  order by RES.ID_ asc  
    LIMIT ? OFFSET ? [42001-176]
### The error may exist in org/activiti/db/mapping/entity/HistoricVariableInstance.xml
### The error may involve org.activiti.engine.impl.persistence.entity.HistoricVariableInstanceEntity.selectHistoricVariableInstanceByQueryCriteria
### The error occurred while executing a query
### SQL: select RES.*            from ACT_HI_VARINST RES      WHERE  RES.TASK_ID_ = ?           order by  order by RES.ID_ asc       LIMIT ? OFFSET ?
### Cause: org.h2.jdbc.JdbcSQLException: Syntax error in SQL statement &quot;SELECT RES.* 
     
    FROM ACT_HI_VARINST RES
     WHERE  RES.TASK_ID_ = ? 
   
     ORDER BY  ORDER[*] BY RES.ID_ ASC  
    LIMIT ? OFFSET ? &quot;; expected &quot;=, NOT, EXISTS, INTERSECTS, SELECT, FROM&quot;; SQL statement:
select RES.* 
     
    from ACT_HI_VARINST RES
     WHERE  RES.TASK_ID_ = ? 
   
     order by  order by RES.ID_ asc  
    LIMIT ? OFFSET ? [42001-176]
org.apache.ibatis.exceptions.PersistenceException: 
### Error querying database.  Cause: org.h2.jdbc.JdbcSQLException: Syntax error in SQL statement &quot;SELECT RES.* 
     
    FROM ACT_HI_VARINST RES
     WHERE  RES.TASK_ID_ = ? 
   
     ORDER BY  ORDER[*] BY RES.ID_ ASC  
    LIMIT ? OFFSET ? &quot;; expected &quot;=, NOT, EXISTS, INTERSECTS, SELECT, FROM&quot;; SQL statement:
select RES.* 
     
    from ACT_HI_VARINST RES
     WHERE  RES.TASK_ID_ = ? 
   
     order by  order by RES.ID_ asc  
    LIMIT ? OFFSET ? [42001-176]
### The error may exist in org/activiti/db/mapping/entity/HistoricVariableInstance.xml
### The error may involve org.activiti.engine.impl.persistence.entity.HistoricVariableInstanceEntity.selectHistoricVariableInstanceByQueryCriteria
### The error occurred while executing a query
### SQL: select RES.*            from ACT_HI_VARINST RES      WHERE  RES.TASK_ID_ = ?           order by  order by RES.ID_ asc       LIMIT ? OFFSET ?
### Cause: org.h2.jdbc.JdbcSQLException: Syntax error in SQL statement &quot;SELECT RES.* 
     
    FROM ACT_HI_VARINST RES
     WHERE  RES.TASK_ID_ = ? 
   
     ORDER BY  ORDER[*] BY RES.ID_ ASC  
    LIMIT ? OFFSET ? &quot;; expected &quot;=, NOT, EXISTS, INTERSECTS, SELECT, FROM&quot;; SQL statement:
select RES.* 
     
    from ACT_HI_VARINST RES
     WHERE  RES.TASK_ID_ = ? 
   
     order by  order by RES.ID_ asc  
    LIMIT ? OFFSET ? [42001-176]
	at org.apache.ibatis.exceptions.ExceptionFactory.wrapException(ExceptionFactory.java:30)
	at org.apache.ibatis.session.defaults.DefaultSqlSession.selectList(DefaultSqlSession.java:122)
	at org.apache.ibatis.session.defaults.DefaultSqlSession.selectList(DefaultSqlSession.java:113)
	at org.activiti.engine.impl.db.DbSqlSession.selectListWithRawParameter(DbSqlSession.java:438)
	at org.activiti.engine.impl.db.DbSqlSession.selectList(DbSqlSession.java:429)
	at org.activiti.engine.impl.db.DbSqlSession.selectList(DbSqlSession.java:419)
	at org.activiti.engine.impl.persistence.entity.HistoricVariableInstanceEntityManager.findHistoricVariableInstancesByQueryCriteria(HistoricVariableInstanceEntityManager.java:63)
	at org.activiti.engine.impl.HistoricVariableInstanceQueryImpl.executeList(HistoricVariableInstanceQueryImpl.java:195)
	at org.activiti.engine.impl.AbstractQuery.execute(AbstractQuery.java:164)
	at org.activiti.engine.impl.interceptor.CommandInvoker.execute(CommandInvoker.java:24)
	at org.activiti.engine.impl.interceptor.CommandContextInterceptor.execute(CommandContextInterceptor.java:57)
	at org.activiti.engine.impl.interceptor.LogInterceptor.execute(LogInterceptor.java:37)
	at org.activiti.engine.impl.cfg.CommandExecutorImpl.execute(CommandExecutorImpl.java:40)
	at org.activiti.engine.impl.cfg.CommandExecutorImpl.execute(CommandExecutorImpl.java:35)
	at org.activiti.engine.impl.AbstractQuery.list(AbstractQuery.java:138)
	at org.activiti.examples.task.StandaloneTaskTest.testHistoricVariableOkOnUpdate(StandaloneTaskTest.java:168)
	at sun.reflect.NativeMethodAccessorImpl.invoke0(Native Method)
	at sun.reflect.NativeMethodAccessorImpl.invoke(NativeMethodAccessorImpl.java:62)
	at sun.reflect.DelegatingMethodAccessorImpl.invoke(DelegatingMethodAccessorImpl.java:43)
	at java.lang.reflect.Method.invoke(Method.java:498)
	at junit.framework.TestCase.runTest(TestCase.java:176)
	at org.activiti.engine.impl.test.PvmTestCase.runTest(PvmTestCase.java:65)
	at junit.framework.TestCase.runBare(TestCase.java:141)
	at org.activiti.engine.impl.test.AbstractActivitiTestCase.runBare(AbstractActivitiTestCase.java:100)
	at junit.framework.TestResult$1.protect(TestResult.java:122)
	at junit.framework.TestResult.runProtected(TestResult.java:142)
	at junit.framework.TestResult.run(TestResult.java:125)
	at junit.framework.TestCase.run(TestCase.java:129)
	at junit.framework.TestSuite.runTest(TestSuite.java:255)
	at junit.framework.TestSuite.run(TestSuite.java:250)
	at org.junit.internal.runners.JUnit38ClassRunner.run(JUnit38ClassRunner.java:84)
	at org.apache.maven.surefire.junit4.JUnit4TestSet.execute(JUnit4TestSet.java:35)
	at org.apache.maven.surefire.junit4.JUnit4Provider.executeTestSet(JUnit4Provider.java:146)
	at org.apache.maven.surefire.junit4.JUnit4Provider.invoke(JUnit4Provider.java:97)
	at sun.reflect.NativeMethodAccessorImpl.invoke0(Native Method)
	at sun.reflect.NativeMethodAccessorImpl.invoke(NativeMethodAccessorImpl.java:62)
	at sun.reflect.DelegatingMethodAccessorImpl.invoke(DelegatingMethodAccessorImpl.java:43)
	at java.lang.reflect.Method.invoke(Method.java:498)
	at org.apache.maven.surefire.booter.ProviderFactory$ClassLoaderProxy.invoke(ProviderFactory.java:103)
	at com.sun.proxy.$Proxy0.invoke(Unknown Source)
	at org.apache.maven.surefire.booter.SurefireStarter.invokeProvider(SurefireStarter.java:145)
	at org.apache.maven.surefire.booter.SurefireStarter.runSuitesInProcess(SurefireStarter.java:87)
	at org.apache.maven.surefire.booter.ForkedBooter.main(ForkedBooter.java:69)
Caused by: org.h2.jdbc.JdbcSQLException: Syntax error in SQL statement &quot;SELECT RES.* 
     
    FROM ACT_HI_VARINST RES
     WHERE  RES.TASK_ID_ = ? 
   
     ORDER BY  ORDER[*] BY RES.ID_ ASC  
    LIMIT ? OFFSET ? &quot;; expected &quot;=, NOT, EXISTS, INTERSECTS, SELECT, FROM&quot;; SQL statement:
select RES.* 
     
    from ACT_HI_VARINST RES
     WHERE  RES.TASK_ID_ = ? 
   
     order by  order by RES.ID_ asc  
    LIMIT ? OFFSET ? [42001-176]
	at org.h2.message.DbException.getJdbcSQLException(DbException.java:344)
	at org.h2.message.DbException.getSyntaxError(DbException.java:204)
	at org.h2.command.Parser.getSyntaxError(Parser.java:524)
	at org.h2.command.Parser.readTerm(Parser.java:2688)
	at org.h2.command.Parser.readFactor(Parser.java:2244)
	at org.h2.command.Parser.readSum(Parser.java:2231)
	at org.h2.command.Parser.readConcat(Parser.java:2201)
	at org.h2.command.Parser.readCondition(Parser.java:2051)
	at org.h2.command.Parser.readAnd(Parser.java:2023)
	at org.h2.command.Parser.readExpression(Parser.java:2015)
	at org.h2.command.Parser.parseEndOfQuery(Parser.java:1726)
	at org.h2.command.Parser.parseSelectUnionExtension(Parser.java:1706)
	at org.h2.command.Parser.parseSelectUnion(Parser.java:1675)
	at org.h2.command.Parser.parseSelect(Parser.java:1662)
	at org.h2.command.Parser.parsePrepared(Parser.java:434)
	at org.h2.command.Parser.parse(Parser.java:306)
	at org.h2.command.Parser.parse(Parser.java:282)
	at org.h2.command.Parser.prepareCommand(Parser.java:243)
	at org.h2.engine.Session.prepareLocal(Session.java:442)
	at org.h2.engine.Session.prepareCommand(Session.java:384)
	at org.h2.jdbc.JdbcConnection.prepareCommand(JdbcConnection.java:1188)
	at org.h2.jdbc.JdbcPreparedStatement.&lt;init&gt;(JdbcPreparedStatement.java:73)
	at org.h2.jdbc.JdbcConnection.prepareStatement(JdbcConnection.java:276)
	at sun.reflect.GeneratedMethodAccessor6.invoke(Unknown Source)
	at sun.reflect.DelegatingMethodAccessorImpl.invoke(DelegatingMethodAccessorImpl.java:43)
	at java.lang.reflect.Method.invoke(Method.java:498)
	at org.apache.ibatis.datasource.pooled.PooledConnection.invoke(PooledConnection.java:245)
	at com.sun.proxy.$Proxy12.prepareStatement(Unknown Source)
	at sun.reflect.GeneratedMethodAccessor6.invoke(Unknown Source)
	at sun.reflect.DelegatingMethodAccessorImpl.invoke(DelegatingMethodAccessorImpl.java:43)
	at java.lang.reflect.Method.invoke(Method.java:498)
	at org.apache.ibatis.logging.jdbc.ConnectionLogger.invoke(ConnectionLogger.java:55)
	at com.sun.proxy.$Proxy12.prepareStatement(Unknown Source)
	at org.apache.ibatis.executor.statement.PreparedStatementHandler.instantiateStatement(PreparedStatementHandler.java:79)
	at org.apache.ibatis.executor.statement.BaseStatementHandler.prepare(BaseStatementHandler.java:88)
	at org.apache.ibatis.executor.statement.RoutingStatementHandler.prepare(RoutingStatementHandler.java:58)
	at org.apache.ibatis.executor.SimpleExecutor.prepareStatement(SimpleExecutor.java:76)
	at org.apache.ibatis.executor.SimpleExecutor.doQuery(SimpleExecutor.java:61)
	at org.apache.ibatis.executor.BaseExecutor.queryFromDatabase(BaseExecutor.java:303)
	at org.apache.ibatis.executor.BaseExecutor.query(BaseExecutor.java:154)
	at org.apache.ibatis.executor.CachingExecutor.query(CachingExecutor.java:102)
	at org.apache.ibatis.executor.CachingExecutor.query(CachingExecutor.java:82)
	at org.apache.ibatis.session.defaults.DefaultSqlSession.selectList(DefaultSqlSession.java:120)
	... 41 more
10:48:01,381 [main] DEBUG org.activiti.engine.impl.test.PvmTestCase  - #### END StandaloneTaskTest.testHistoricVariableOkOnUpdate #############################################################
10:48:01,381 [main] DEBUG org.activiti.engine.impl.interceptor.LogInterceptor  - 

10:48:01,381 [main] DEBUG org.activiti.engine.impl.interceptor.LogInterceptor  - --- starting DeleteUserCmd --------------------------------------------------------
10:48:01,381 [main] DEBUG org.apache.ibatis.transaction.jdbc.JdbcTransaction  - Opening JDBC Connection
10:48:01,381 [main] DEBUG org.apache.ibatis.datasource.pooled.PooledDataSource  - Checked out connection 486346394 from pool.
10:48:01,381 [main] DEBUG org.apache.ibatis.transaction.jdbc.JdbcTransaction  - Setting autocommit to false on JDBC Connection [conn6: url=jdbc:h2:mem:activiti user=SA]
10:48:01,381 [main] DEBUG org.activiti.engine.impl.persistence.entity.UserEntity.selectUserById  - ==&gt;  Preparing: select * from ACT_ID_USER where ID_ = ? 
10:48:01,381 [main] DEBUG org.activiti.engine.impl.persistence.entity.UserEntity.selectUserById  - ==&gt; Parameters: kermit(String)
10:48:01,382 [main] DEBUG org.activiti.engine.impl.persistence.entity.UserEntity.selectUserById  - &lt;==      Total: 1
10:48:01,382 [main] DEBUG org.activiti.engine.impl.persistence.entity.IdentityInfoEntity.selectIdentityInfoByUserId  - ==&gt;  Preparing: select * from ACT_ID_INFO where USER_ID_ = ? 
10:48:01,382 [main] DEBUG org.activiti.engine.impl.persistence.entity.IdentityInfoEntity.selectIdentityInfoByUserId  - ==&gt; Parameters: kermit(String)
10:48:01,382 [main] DEBUG org.activiti.engine.impl.persistence.entity.IdentityInfoEntity.selectIdentityInfoByUserId  - &lt;==      Total: 0
10:48:01,382 [main] DEBUG org.activiti.engine.impl.db.DbSqlSession  -   bulk delete: deleteMembershipsByUserId(kermit)
10:48:01,382 [main] DEBUG org.activiti.engine.impl.db.DbSqlSession  -   delete org.activiti.engine.impl.persistence.entity.UserEntity@4d07c08d
10:48:01,382 [main] DEBUG org.activiti.engine.impl.db.DbSqlSession  - flush summary: 0 insert, 0 update, 2 delete.
10:48:01,382 [main] DEBUG org.activiti.engine.impl.db.DbSqlSession  - now executing flush...
10:48:01,382 [main] DEBUG org.activiti.engine.impl.db.DbSqlSession  - executing: bulk delete: deleteMembershipsByUserId(kermit)
10:48:01,382 [main] DEBUG org.activiti.engine.impl.persistence.entity.MembershipRelation.deleteMembershipsByUserId  - ==&gt;  Preparing: delete from ACT_ID_MEMBERSHIP where USER_ID_ = ? 
10:48:01,382 [main] DEBUG org.activiti.engine.impl.persistence.entity.MembershipRelation.deleteMembershipsByUserId  - ==&gt; Parameters: kermit(String)
10:48:01,382 [main] DEBUG org.activiti.engine.impl.persistence.entity.MembershipRelation.deleteMembershipsByUserId  - &lt;==    Updates: 0
10:48:01,382 [main] DEBUG org.activiti.engine.impl.db.DbSqlSession  - executing: delete org.activiti.engine.impl.persistence.entity.UserEntity@4d07c08d
10:48:01,382 [main] DEBUG org.activiti.engine.impl.persistence.entity.UserEntity.deleteUser  - ==&gt;  Preparing: delete from ACT_ID_USER where ID_ = ? and REV_ = ? 
10:48:01,382 [main] DEBUG org.activiti.engine.impl.persistence.entity.UserEntity.deleteUser  - ==&gt; Parameters: kermit(String), 1(Integer)
10:48:01,382 [main] DEBUG org.activiti.engine.impl.persistence.entity.UserEntity.deleteUser  - &lt;==    Updates: 1
10:48:01,382 [main] DEBUG org.activiti.engine.impl.cfg.standalone.StandaloneMybatisTransactionContext  - firing event committing...
10:48:01,382 [main] DEBUG org.activiti.engine.impl.cfg.standalone.StandaloneMybatisTransactionContext  - committing the ibatis sql session...
10:48:01,382 [main] DEBUG org.apache.ibatis.transaction.jdbc.JdbcTransaction  - Committing JDBC Connection [conn6: url=jdbc:h2:mem:activiti user=SA]
10:48:01,382 [main] DEBUG org.activiti.engine.impl.cfg.standalone.StandaloneMybatisTransactionContext  - firing event committed...
10:48:01,382 [main] DEBUG org.apache.ibatis.transaction.jdbc.JdbcTransaction  - Resetting autocommit to true on JDBC Connection [conn6: url=jdbc:h2:mem:activiti user=SA]
10:48:01,382 [main] DEBUG org.apache.ibatis.transaction.jdbc.JdbcTransaction  - Closing JDBC Connection [conn6: url=jdbc:h2:mem:activiti user=SA]
10:48:01,382 [main] DEBUG org.apache.ibatis.datasource.pooled.PooledDataSource  - Returned connection 486346394 to pool.
10:48:01,382 [main] DEBUG org.activiti.engine.impl.interceptor.LogInterceptor  - --- DeleteUserCmd finished --------------------------------------------------------
10:48:01,382 [main] DEBUG org.activiti.engine.impl.interceptor.LogInterceptor  - 

10:48:01,382 [main] DEBUG org.activiti.engine.impl.interceptor.LogInterceptor  - 

10:48:01,382 [main] DEBUG org.activiti.engine.impl.interceptor.LogInterceptor  - --- starting DeleteUserCmd --------------------------------------------------------
10:48:01,382 [main] DEBUG org.apache.ibatis.transaction.jdbc.JdbcTransaction  - Opening JDBC Connection
10:48:01,382 [main] DEBUG org.apache.ibatis.datasource.pooled.PooledDataSource  - Checked out connection 363509958 from pool.
10:48:01,382 [main] DEBUG org.apache.ibatis.transaction.jdbc.JdbcTransaction  - Setting autocommit to false on JDBC Connection [conn2: url=jdbc:h2:mem:activiti user=SA]
10:48:01,382 [main] DEBUG org.activiti.engine.impl.persistence.entity.UserEntity.selectUserById  - ==&gt;  Preparing: select * from ACT_ID_USER where ID_ = ? 
10:48:01,382 [main] DEBUG org.activiti.engine.impl.persistence.entity.UserEntity.selectUserById  - ==&gt; Parameters: gonzo(String)
10:48:01,382 [main] DEBUG org.activiti.engine.impl.persistence.entity.UserEntity.selectUserById  - &lt;==      Total: 1
10:48:01,382 [main] DEBUG org.activiti.engine.impl.persistence.entity.IdentityInfoEntity.selectIdentityInfoByUserId  - ==&gt;  Preparing: select * from ACT_ID_INFO where USER_ID_ = ? 
10:48:01,382 [main] DEBUG org.activiti.engine.impl.persistence.entity.IdentityInfoEntity.selectIdentityInfoByUserId  - ==&gt; Parameters: gonzo(String)
10:48:01,382 [main] DEBUG org.activiti.engine.impl.persistence.entity.IdentityInfoEntity.selectIdentityInfoByUserId  - &lt;==      Total: 0
10:48:01,382 [main] DEBUG org.activiti.engine.impl.db.DbSqlSession  -   bulk delete: deleteMembershipsByUserId(gonzo)
10:48:01,382 [main] DEBUG org.activiti.engine.impl.db.DbSqlSession  -   delete org.activiti.engine.impl.persistence.entity.UserEntity@1de5e942
10:48:01,382 [main] DEBUG org.activiti.engine.impl.db.DbSqlSession  - flush summary: 0 insert, 0 update, 2 delete.
10:48:01,382 [main] DEBUG org.activiti.engine.impl.db.DbSqlSession  - now executing flush...
10:48:01,383 [main] DEBUG org.activiti.engine.impl.db.DbSqlSession  - executing: bulk delete: deleteMembershipsByUserId(gonzo)
10:48:01,383 [main] DEBUG org.activiti.engine.impl.persistence.entity.MembershipRelation.deleteMembershipsByUserId  - ==&gt;  Preparing: delete from ACT_ID_MEMBERSHIP where USER_ID_ = ? 
10:48:01,383 [main] DEBUG org.activiti.engine.impl.persistence.entity.MembershipRelation.deleteMembershipsByUserId  - ==&gt; Parameters: gonzo(String)
10:48:01,383 [main] DEBUG org.activiti.engine.impl.persistence.entity.MembershipRelation.deleteMembershipsByUserId  - &lt;==    Updates: 0
10:48:01,383 [main] DEBUG org.activiti.engine.impl.db.DbSqlSession  - executing: delete org.activiti.engine.impl.persistence.entity.UserEntity@1de5e942
10:48:01,383 [main] DEBUG org.activiti.engine.impl.persistence.entity.UserEntity.deleteUser  - ==&gt;  Preparing: delete from ACT_ID_USER where ID_ = ? and REV_ = ? 
10:48:01,383 [main] DEBUG org.activiti.engine.impl.persistence.entity.UserEntity.deleteUser  - ==&gt; Parameters: gonzo(String), 1(Integer)
10:48:01,383 [main] DEBUG org.activiti.engine.impl.persistence.entity.UserEntity.deleteUser  - &lt;==    Updates: 1
10:48:01,383 [main] DEBUG org.activiti.engine.impl.cfg.standalone.StandaloneMybatisTransactionContext  - firing event committing...
10:48:01,383 [main] DEBUG org.activiti.engine.impl.cfg.standalone.StandaloneMybatisTransactionContext  - committing the ibatis sql session...
10:48:01,383 [main] DEBUG org.apache.ibatis.transaction.jdbc.JdbcTransaction  - Committing JDBC Connection [conn2: url=jdbc:h2:mem:activiti user=SA]
10:48:01,383 [main] DEBUG org.activiti.engine.impl.cfg.standalone.StandaloneMybatisTransactionContext  - firing event committed...
10:48:01,383 [main] DEBUG org.apache.ibatis.transaction.jdbc.JdbcTransaction  - Resetting autocommit to true on JDBC Connection [conn2: url=jdbc:h2:mem:activiti user=SA]
10:48:01,383 [main] DEBUG org.apache.ibatis.transaction.jdbc.JdbcTransaction  - Closing JDBC Connection [conn2: url=jdbc:h2:mem:activiti user=SA]
10:48:01,383 [main] DEBUG org.apache.ibatis.datasource.pooled.PooledDataSource  - Returned connection 363509958 to pool.
10:48:01,383 [main] DEBUG org.activiti.engine.impl.interceptor.LogInterceptor  - --- DeleteUserCmd finished --------------------------------------------------------
10:48:01,383 [main] DEBUG org.activiti.engine.impl.interceptor.LogInterceptor  - 

10:48:01,383 [main] ERROR org.activiti.engine.impl.test.PvmTestCase  - 

10:48:01,383 [main] ERROR org.activiti.engine.impl.test.PvmTestCase  - EXCEPTION: org.apache.ibatis.exceptions.PersistenceException: 
### Error querying database.  Cause: org.h2.jdbc.JdbcSQLException: Syntax error in SQL statement &quot;SELECT RES.* 
     
    FROM ACT_HI_VARINST RES
     WHERE  RES.TASK_ID_ = ? 
   
     ORDER BY  ORDER[*] BY RES.ID_ ASC  
    LIMIT ? OFFSET ? &quot;; expected &quot;=, NOT, EXISTS, INTERSECTS, SELECT, FROM&quot;; SQL statement:
select RES.* 
     
    from ACT_HI_VARINST RES
     WHERE  RES.TASK_ID_ = ? 
   
     order by  order by RES.ID_ asc  
    LIMIT ? OFFSET ? [42001-176]
### The error may exist in org/activiti/db/mapping/entity/HistoricVariableInstance.xml
### The error may involve org.activiti.engine.impl.persistence.entity.HistoricVariableInstanceEntity.selectHistoricVariableInstanceByQueryCriteria
### The error occurred while executing a query
### SQL: select RES.*            from ACT_HI_VARINST RES      WHERE  RES.TASK_ID_ = ?           order by  order by RES.ID_ asc       LIMIT ? OFFSET ?
### Cause: org.h2.jdbc.JdbcSQLException: Syntax error in SQL statement &quot;SELECT RES.* 
     
    FROM ACT_HI_VARINST RES
     WHERE  RES.TASK_ID_ = ? 
   
     ORDER BY  ORDER[*] BY RES.ID_ ASC  
    LIMIT ? OFFSET ? &quot;; expected &quot;=, NOT, EXISTS, INTERSECTS, SELECT, FROM&quot;; SQL statement:
select RES.* 
     
    from ACT_HI_VARINST RES
     WHERE  RES.TASK_ID_ = ? 
   
     order by  order by RES.ID_ asc  
    LIMIT ? OFFSET ? [42001-176]
org.apache.ibatis.exceptions.PersistenceException: 
### Error querying database.  Cause: org.h2.jdbc.JdbcSQLException: Syntax error in SQL statement &quot;SELECT RES.* 
     
    FROM ACT_HI_VARINST RES
     WHERE  RES.TASK_ID_ = ? 
   
     ORDER BY  ORDER[*] BY RES.ID_ ASC  
    LIMIT ? OFFSET ? &quot;; expected &quot;=, NOT, EXISTS, INTERSECTS, SELECT, FROM&quot;; SQL statement:
select RES.* 
     
    from ACT_HI_VARINST RES
     WHERE  RES.TASK_ID_ = ? 
   
     order by  order by RES.ID_ asc  
    LIMIT ? OFFSET ? [42001-176]
### The error may exist in org/activiti/db/mapping/entity/HistoricVariableInstance.xml
### The error may involve org.activiti.engine.impl.persistence.entity.HistoricVariableInstanceEntity.selectHistoricVariableInstanceByQueryCriteria
### The error occurred while executing a query
### SQL: select RES.*            from ACT_HI_VARINST RES      WHERE  RES.TASK_ID_ = ?           order by  order by RES.ID_ asc       LIMIT ? OFFSET ?
### Cause: org.h2.jdbc.JdbcSQLException: Syntax error in SQL statement &quot;SELECT RES.* 
     
    FROM ACT_HI_VARINST RES
     WHERE  RES.TASK_ID_ = ? 
   
     ORDER BY  ORDER[*] BY RES.ID_ ASC  
    LIMIT ? OFFSET ? &quot;; expected &quot;=, NOT, EXISTS, INTERSECTS, SELECT, FROM&quot;; SQL statement:
select RES.* 
     
    from ACT_HI_VARINST RES
     WHERE  RES.TASK_ID_ = ? 
   
     order by  order by RES.ID_ asc  
    LIMIT ? OFFSET ? [42001-176]
	at org.apache.ibatis.exceptions.ExceptionFactory.wrapException(ExceptionFactory.java:30)
	at org.apache.ibatis.session.defaults.DefaultSqlSession.selectList(DefaultSqlSession.java:122)
	at org.apache.ibatis.session.defaults.DefaultSqlSession.selectList(DefaultSqlSession.java:113)
	at org.activiti.engine.impl.db.DbSqlSession.selectListWithRawParameter(DbSqlSession.java:438)
	at org.activiti.engine.impl.db.DbSqlSession.selectList(DbSqlSession.java:429)
	at org.activiti.engine.impl.db.DbSqlSession.selectList(DbSqlSession.java:419)
	at org.activiti.engine.impl.persistence.entity.HistoricVariableInstanceEntityManager.findHistoricVariableInstancesByQueryCriteria(HistoricVariableInstanceEntityManager.java:63)
	at org.activiti.engine.impl.HistoricVariableInstanceQueryImpl.executeList(HistoricVariableInstanceQueryImpl.java:195)
	at org.activiti.engine.impl.AbstractQuery.execute(AbstractQuery.java:164)
	at org.activiti.engine.impl.interceptor.CommandInvoker.execute(CommandInvoker.java:24)
	at org.activiti.engine.impl.interceptor.CommandContextInterceptor.execute(CommandContextInterceptor.java:57)
	at org.activiti.engine.impl.interceptor.LogInterceptor.execute(LogInterceptor.java:37)
	at org.activiti.engine.impl.cfg.CommandExecutorImpl.execute(CommandExecutorImpl.java:40)
	at org.activiti.engine.impl.cfg.CommandExecutorImpl.execute(CommandExecutorImpl.java:35)
	at org.activiti.engine.impl.AbstractQuery.list(AbstractQuery.java:138)
	at org.activiti.examples.task.StandaloneTaskTest.testHistoricVariableOkOnUpdate(StandaloneTaskTest.java:168)
	at sun.reflect.NativeMethodAccessorImpl.invoke0(Native Method)
	at sun.reflect.NativeMethodAccessorImpl.invoke(NativeMethodAccessorImpl.java:62)
	at sun.reflect.DelegatingMethodAccessorImpl.invoke(DelegatingMethodAccessorImpl.java:43)
	at java.lang.reflect.Method.invoke(Method.java:498)
	at junit.framework.TestCase.runTest(TestCase.java:176)
	at org.activiti.engine.impl.test.PvmTestCase.runTest(PvmTestCase.java:65)
	at junit.framework.TestCase.runBare(TestCase.java:141)
	at org.activiti.engine.impl.test.AbstractActivitiTestCase.runBare(AbstractActivitiTestCase.java:100)
	at junit.framework.TestResult$1.protect(TestResult.java:122)
	at junit.framework.TestResult.runProtected(TestResult.java:142)
	at junit.framework.TestResult.run(TestResult.java:125)
	at junit.framework.TestCase.run(TestCase.java:129)
	at junit.framework.TestSuite.runTest(TestSuite.java:255)
	at junit.framework.TestSuite.run(TestSuite.java:250)
	at org.junit.internal.runners.JUnit38ClassRunner.run(JUnit38ClassRunner.java:84)
	at org.apache.maven.surefire.junit4.JUnit4TestSet.execute(JUnit4TestSet.java:35)
	at org.apache.maven.surefire.junit4.JUnit4Provider.executeTestSet(JUnit4Provider.java:146)
	at org.apache.maven.surefire.junit4.JUnit4Provider.invoke(JUnit4Provider.java:97)
	at sun.reflect.NativeMethodAccessorImpl.invoke0(Native Method)
	at sun.reflect.NativeMethodAccessorImpl.invoke(NativeMethodAccessorImpl.java:62)
	at sun.reflect.DelegatingMethodAccessorImpl.invoke(DelegatingMethodAccessorImpl.java:43)
	at java.lang.reflect.Method.invoke(Method.java:498)
	at org.apache.maven.surefire.booter.ProviderFactory$ClassLoaderProxy.invoke(ProviderFactory.java:103)
	at com.sun.proxy.$Proxy0.invoke(Unknown Source)
	at org.apache.maven.surefire.booter.SurefireStarter.invokeProvider(SurefireStarter.java:145)
	at org.apache.maven.surefire.booter.SurefireStarter.runSuitesInProcess(SurefireStarter.java:87)
	at org.apache.maven.surefire.booter.ForkedBooter.main(ForkedBooter.java:69)
Caused by: org.h2.jdbc.JdbcSQLException: Syntax error in SQL statement &quot;SELECT RES.* 
     
    FROM ACT_HI_VARINST RES
     WHERE  RES.TASK_ID_ = ? 
   
     ORDER BY  ORDER[*] BY RES.ID_ ASC  
    LIMIT ? OFFSET ? &quot;; expected &quot;=, NOT, EXISTS, INTERSECTS, SELECT, FROM&quot;; SQL statement:
select RES.* 
     
    from ACT_HI_VARINST RES
     WHERE  RES.TASK_ID_ = ? 
   
     order by  order by RES.ID_ asc  
    LIMIT ? OFFSET ? [42001-176]
	at org.h2.message.DbException.getJdbcSQLException(DbException.java:344)
	at org.h2.message.DbException.getSyntaxError(DbException.java:204)
	at org.h2.command.Parser.getSyntaxError(Parser.java:524)
	at org.h2.command.Parser.readTerm(Parser.java:2688)
	at org.h2.command.Parser.readFactor(Parser.java:2244)
	at org.h2.command.Parser.readSum(Parser.java:2231)
	at org.h2.command.Parser.readConcat(Parser.java:2201)
	at org.h2.command.Parser.readCondition(Parser.java:2051)
	at org.h2.command.Parser.readAnd(Parser.java:2023)
	at org.h2.command.Parser.readExpression(Parser.java:2015)
	at org.h2.command.Parser.parseEndOfQuery(Parser.java:1726)
	at org.h2.command.Parser.parseSelectUnionExtension(Parser.java:1706)
	at org.h2.command.Parser.parseSelectUnion(Parser.java:1675)
	at org.h2.command.Parser.parseSelect(Parser.java:1662)
	at org.h2.command.Parser.parsePrepared(Parser.java:434)
	at org.h2.command.Parser.parse(Parser.java:306)
	at org.h2.command.Parser.parse(Parser.java:282)
	at org.h2.command.Parser.prepareCommand(Parser.java:243)
	at org.h2.engine.Session.prepareLocal(Session.java:442)
	at org.h2.engine.Session.prepareCommand(Session.java:384)
	at org.h2.jdbc.JdbcConnection.prepareCommand(JdbcConnection.java:1188)
	at org.h2.jdbc.JdbcPreparedStatement.&lt;init&gt;(JdbcPreparedStatement.java:73)
	at org.h2.jdbc.JdbcConnection.prepareStatement(JdbcConnection.java:276)
	at sun.reflect.GeneratedMethodAccessor6.invoke(Unknown Source)
	at sun.reflect.DelegatingMethodAccessorImpl.invoke(DelegatingMethodAccessorImpl.java:43)
	at java.lang.reflect.Method.invoke(Method.java:498)
	at org.apache.ibatis.datasource.pooled.PooledConnection.invoke(PooledConnection.java:245)
	at com.sun.proxy.$Proxy12.prepareStatement(Unknown Source)
	at sun.reflect.GeneratedMethodAccessor6.invoke(Unknown Source)
	at sun.reflect.DelegatingMethodAccessorImpl.invoke(DelegatingMethodAccessorImpl.java:43)
	at java.lang.reflect.Method.invoke(Method.java:498)
	at org.apache.ibatis.logging.jdbc.ConnectionLogger.invoke(ConnectionLogger.java:55)
	at com.sun.proxy.$Proxy12.prepareStatement(Unknown Source)
	at org.apache.ibatis.executor.statement.PreparedStatementHandler.instantiateStatement(PreparedStatementHandler.java:79)
	at org.apache.ibatis.executor.statement.BaseStatementHandler.prepare(BaseStatementHandler.java:88)
	at org.apache.ibatis.executor.statement.RoutingStatementHandler.prepare(RoutingStatementHandler.java:58)
	at org.apache.ibatis.executor.SimpleExecutor.prepareStatement(SimpleExecutor.java:76)
	at org.apache.ibatis.executor.SimpleExecutor.doQuery(SimpleExecutor.java:61)
	at org.apache.ibatis.executor.BaseExecutor.queryFromDatabase(BaseExecutor.java:303)
	at org.apache.ibatis.executor.BaseExecutor.query(BaseExecutor.java:154)
	at org.apache.ibatis.executor.CachingExecutor.query(CachingExecutor.java:102)
	at org.apache.ibatis.executor.CachingExecutor.query(CachingExecutor.java:82)
	at org.apache.ibatis.session.defaults.DefaultSqlSession.selectList(DefaultSqlSession.java:120)
	... 41 more
10:48:01,383 [main] DEBUG org.activiti.engine.impl.test.PvmTestCase  - verifying that db is clean after test
10:48:01,383 [main] DEBUG org.activiti.engine.impl.interceptor.LogInterceptor  - 

10:48:01,383 [main] DEBUG org.activiti.engine.impl.interceptor.LogInterceptor  - --- starting GetTableCountCmd --------------------------------------------------------
10:48:01,383 [main] DEBUG org.apache.ibatis.transaction.jdbc.JdbcTransaction  - Opening JDBC Connection
10:48:01,383 [main] DEBUG org.apache.ibatis.datasource.pooled.PooledDataSource  - Checked out connection 180014677 from pool.
10:48:01,383 [main] DEBUG org.apache.ibatis.transaction.jdbc.JdbcTransaction  - Setting autocommit to false on JDBC Connection [conn3: url=jdbc:h2:mem:activiti user=SA]
10:48:01,383 [main] DEBUG org.activiti.engine.impl.persistence.entity.TableDataManager  - retrieving activiti tables from jdbc metadata
10:48:01,383 [main] DEBUG org.activiti.engine.impl.persistence.entity.TableDataManager  -   retrieved activiti table name ACT_EVT_LOG
10:48:01,383 [main] DEBUG org.activiti.engine.impl.persistence.entity.TableDataManager  -   retrieved activiti table name ACT_GE_BYTEARRAY
10:48:01,383 [main] DEBUG org.activiti.engine.impl.persistence.entity.TableDataManager  -   retrieved activiti table name ACT_GE_PROPERTY
10:48:01,383 [main] DEBUG org.activiti.engine.impl.persistence.entity.TableDataManager  -   retrieved activiti table name ACT_HI_ACTINST
10:48:01,383 [main] DEBUG org.activiti.engine.impl.persistence.entity.TableDataManager  -   retrieved activiti table name ACT_HI_ATTACHMENT
10:48:01,383 [main] DEBUG org.activiti.engine.impl.persistence.entity.TableDataManager  -   retrieved activiti table name ACT_HI_COMMENT
10:48:01,384 [main] DEBUG org.activiti.engine.impl.persistence.entity.TableDataManager  -   retrieved activiti table name ACT_HI_DETAIL
10:48:01,384 [main] DEBUG org.activiti.engine.impl.persistence.entity.TableDataManager  -   retrieved activiti table name ACT_HI_IDENTITYLINK
10:48:01,384 [main] DEBUG org.activiti.engine.impl.persistence.entity.TableDataManager  -   retrieved activiti table name ACT_HI_PROCINST
10:48:01,384 [main] DEBUG org.activiti.engine.impl.persistence.entity.TableDataManager  -   retrieved activiti table name ACT_HI_TASKINST
10:48:01,384 [main] DEBUG org.activiti.engine.impl.persistence.entity.TableDataManager  -   retrieved activiti table name ACT_HI_VARINST
10:48:01,384 [main] DEBUG org.activiti.engine.impl.persistence.entity.TableDataManager  -   retrieved activiti table name ACT_ID_GROUP
10:48:01,384 [main] DEBUG org.activiti.engine.impl.persistence.entity.TableDataManager  -   retrieved activiti table name ACT_ID_INFO
10:48:01,384 [main] DEBUG org.activiti.engine.impl.persistence.entity.TableDataManager  -   retrieved activiti table name ACT_ID_MEMBERSHIP
10:48:01,384 [main] DEBUG org.activiti.engine.impl.persistence.entity.TableDataManager  -   retrieved activiti table name ACT_ID_USER
10:48:01,384 [main] DEBUG org.activiti.engine.impl.persistence.entity.TableDataManager  -   retrieved activiti table name ACT_PROCDEF_INFO
10:48:01,384 [main] DEBUG org.activiti.engine.impl.persistence.entity.TableDataManager  -   retrieved activiti table name ACT_RE_DEPLOYMENT
10:48:01,384 [main] DEBUG org.activiti.engine.impl.persistence.entity.TableDataManager  -   retrieved activiti table name ACT_RE_MODEL
10:48:01,384 [main] DEBUG org.activiti.engine.impl.persistence.entity.TableDataManager  -   retrieved activiti table name ACT_RE_PROCDEF
10:48:01,384 [main] DEBUG org.activiti.engine.impl.persistence.entity.TableDataManager  -   retrieved activiti table name ACT_RU_EVENT_SUBSCR
10:48:01,384 [main] DEBUG org.activiti.engine.impl.persistence.entity.TableDataManager  -   retrieved activiti table name ACT_RU_EXECUTION
10:48:01,384 [main] DEBUG org.activiti.engine.impl.persistence.entity.TableDataManager  -   retrieved activiti table name ACT_RU_IDENTITYLINK
10:48:01,384 [main] DEBUG org.activiti.engine.impl.persistence.entity.TableDataManager  -   retrieved activiti table name ACT_RU_JOB
10:48:01,384 [main] DEBUG org.activiti.engine.impl.persistence.entity.TableDataManager  -   retrieved activiti table name ACT_RU_TASK
10:48:01,384 [main] DEBUG org.activiti.engine.impl.persistence.entity.TableDataManager  -   retrieved activiti table name ACT_RU_VARIABLE
10:48:01,384 [main] DEBUG org.activiti.engine.impl.persistence.entity.TableDataManager  - selecting table count for ACT_EVT_LOG
10:48:01,384 [main] DEBUG org.activiti.engine.impl.TablePageMap.selectTableCount  - ==&gt;  Preparing: select count(*) from ACT_EVT_LOG 
10:48:01,384 [main] DEBUG org.activiti.engine.impl.TablePageMap.selectTableCount  - ==&gt; Parameters: 
10:48:01,384 [main] DEBUG org.activiti.engine.impl.TablePageMap.selectTableCount  - &lt;==      Total: 1
10:48:01,384 [main] DEBUG org.activiti.engine.impl.persistence.entity.TableDataManager  - selecting table count for ACT_GE_BYTEARRAY
10:48:01,384 [main] DEBUG org.activiti.engine.impl.TablePageMap.selectTableCount  - ==&gt;  Preparing: select count(*) from ACT_GE_BYTEARRAY 
10:48:01,384 [main] DEBUG org.activiti.engine.impl.TablePageMap.selectTableCount  - ==&gt; Parameters: 
10:48:01,384 [main] DEBUG org.activiti.engine.impl.TablePageMap.selectTableCount  - &lt;==      Total: 1
10:48:01,384 [main] DEBUG org.activiti.engine.impl.persistence.entity.TableDataManager  - selecting table count for ACT_GE_PROPERTY
10:48:01,384 [main] DEBUG org.activiti.engine.impl.TablePageMap.selectTableCount  - ==&gt;  Preparing: select count(*) from ACT_GE_PROPERTY 
10:48:01,384 [main] DEBUG org.activiti.engine.impl.TablePageMap.selectTableCount  - ==&gt; Parameters: 
10:48:01,384 [main] DEBUG org.activiti.engine.impl.TablePageMap.selectTableCount  - &lt;==      Total: 1
10:48:01,384 [main] DEBUG org.activiti.engine.impl.persistence.entity.TableDataManager  - selecting table count for ACT_HI_ACTINST
10:48:01,384 [main] DEBUG org.activiti.engine.impl.TablePageMap.selectTableCount  - ==&gt;  Preparing: select count(*) from ACT_HI_ACTINST 
10:48:01,384 [main] DEBUG org.activiti.engine.impl.TablePageMap.selectTableCount  - ==&gt; Parameters: 
10:48:01,384 [main] DEBUG org.activiti.engine.impl.TablePageMap.selectTableCount  - &lt;==      Total: 1
10:48:01,384 [main] DEBUG org.activiti.engine.impl.persistence.entity.TableDataManager  - selecting table count for ACT_HI_ATTACHMENT
10:48:01,384 [main] DEBUG org.activiti.engine.impl.TablePageMap.selectTableCount  - ==&gt;  Preparing: select count(*) from ACT_HI_ATTACHMENT 
10:48:01,384 [main] DEBUG org.activiti.engine.impl.TablePageMap.selectTableCount  - ==&gt; Parameters: 
10:48:01,384 [main] DEBUG org.activiti.engine.impl.TablePageMap.selectTableCount  - &lt;==      Total: 1
10:48:01,384 [main] DEBUG org.activiti.engine.impl.persistence.entity.TableDataManager  - selecting table count for ACT_HI_COMMENT
10:48:01,384 [main] DEBUG org.activiti.engine.impl.TablePageMap.selectTableCount  - ==&gt;  Preparing: select count(*) from ACT_HI_COMMENT 
10:48:01,384 [main] DEBUG org.activiti.engine.impl.TablePageMap.selectTableCount  - ==&gt; Parameters: 
10:48:01,384 [main] DEBUG org.activiti.engine.impl.TablePageMap.selectTableCount  - &lt;==      Total: 1
10:48:01,384 [main] DEBUG org.activiti.engine.impl.persistence.entity.TableDataManager  - selecting table count for ACT_HI_DETAIL
10:48:01,384 [main] DEBUG org.activiti.engine.impl.TablePageMap.selectTableCount  - ==&gt;  Preparing: select count(*) from ACT_HI_DETAIL 
10:48:01,384 [main] DEBUG org.activiti.engine.impl.TablePageMap.selectTableCount  - ==&gt; Parameters: 
10:48:01,384 [main] DEBUG org.activiti.engine.impl.TablePageMap.selectTableCount  - &lt;==      Total: 1
10:48:01,384 [main] DEBUG org.activiti.engine.impl.persistence.entity.TableDataManager  - selecting table count for ACT_HI_IDENTITYLINK
10:48:01,384 [main] DEBUG org.activiti.engine.impl.TablePageMap.selectTableCount  - ==&gt;  Preparing: select count(*) from ACT_HI_IDENTITYLINK 
10:48:01,385 [main] DEBUG org.activiti.engine.impl.TablePageMap.selectTableCount  - ==&gt; Parameters: 
10:48:01,385 [main] DEBUG org.activiti.engine.impl.TablePageMap.selectTableCount  - &lt;==      Total: 1
10:48:01,385 [main] DEBUG org.activiti.engine.impl.persistence.entity.TableDataManager  - selecting table count for ACT_HI_PROCINST
10:48:01,385 [main] DEBUG org.activiti.engine.impl.TablePageMap.selectTableCount  - ==&gt;  Preparing: select count(*) from ACT_HI_PROCINST 
10:48:01,385 [main] DEBUG org.activiti.engine.impl.TablePageMap.selectTableCount  - ==&gt; Parameters: 
10:48:01,385 [main] DEBUG org.activiti.engine.impl.TablePageMap.selectTableCount  - &lt;==      Total: 1
10:48:01,385 [main] DEBUG org.activiti.engine.impl.persistence.entity.TableDataManager  - selecting table count for ACT_HI_TASKINST
10:48:01,385 [main] DEBUG org.activiti.engine.impl.TablePageMap.selectTableCount  - ==&gt;  Preparing: select count(*) from ACT_HI_TASKINST 
10:48:01,385 [main] DEBUG org.activiti.engine.impl.TablePageMap.selectTableCount  - ==&gt; Parameters: 
10:48:01,385 [main] DEBUG org.activiti.engine.impl.TablePageMap.selectTableCount  - &lt;==      Total: 1
10:48:01,385 [main] DEBUG org.activiti.engine.impl.persistence.entity.TableDataManager  - selecting table count for ACT_HI_VARINST
10:48:01,385 [main] DEBUG org.activiti.engine.impl.TablePageMap.selectTableCount  - ==&gt;  Preparing: select count(*) from ACT_HI_VARINST 
10:48:01,385 [main] DEBUG org.activiti.engine.impl.TablePageMap.selectTableCount  - ==&gt; Parameters: 
10:48:01,385 [main] DEBUG org.activiti.engine.impl.TablePageMap.selectTableCount  - &lt;==      Total: 1
10:48:01,385 [main] DEBUG org.activiti.engine.impl.persistence.entity.TableDataManager  - selecting table count for ACT_ID_GROUP
10:48:01,385 [main] DEBUG org.activiti.engine.impl.TablePageMap.selectTableCount  - ==&gt;  Preparing: select count(*) from ACT_ID_GROUP 
10:48:01,385 [main] DEBUG org.activiti.engine.impl.TablePageMap.selectTableCount  - ==&gt; Parameters: 
10:48:01,385 [main] DEBUG org.activiti.engine.impl.TablePageMap.selectTableCount  - &lt;==      Total: 1
10:48:01,385 [main] DEBUG org.activiti.engine.impl.persistence.entity.TableDataManager  - selecting table count for ACT_ID_INFO
10:48:01,385 [main] DEBUG org.activiti.engine.impl.TablePageMap.selectTableCount  - ==&gt;  Preparing: select count(*) from ACT_ID_INFO 
10:48:01,385 [main] DEBUG org.activiti.engine.impl.TablePageMap.selectTableCount  - ==&gt; Parameters: 
10:48:01,385 [main] DEBUG org.activiti.engine.impl.TablePageMap.selectTableCount  - &lt;==      Total: 1
10:48:01,385 [main] DEBUG org.activiti.engine.impl.persistence.entity.TableDataManager  - selecting table count for ACT_ID_MEMBERSHIP
10:48:01,385 [main] DEBUG org.activiti.engine.impl.TablePageMap.selectTableCount  - ==&gt;  Preparing: select count(*) from ACT_ID_MEMBERSHIP 
10:48:01,385 [main] DEBUG org.activiti.engine.impl.TablePageMap.selectTableCount  - ==&gt; Parameters: 
10:48:01,385 [main] DEBUG org.activiti.engine.impl.TablePageMap.selectTableCount  - &lt;==      Total: 1
10:48:01,385 [main] DEBUG org.activiti.engine.impl.persistence.entity.TableDataManager  - selecting table count for ACT_ID_USER
10:48:01,385 [main] DEBUG org.activiti.engine.impl.TablePageMap.selectTableCount  - ==&gt;  Preparing: select count(*) from ACT_ID_USER 
10:48:01,385 [main] DEBUG org.activiti.engine.impl.TablePageMap.selectTableCount  - ==&gt; Parameters: 
10:48:01,386 [main] DEBUG org.activiti.engine.impl.TablePageMap.selectTableCount  - &lt;==      Total: 1
10:48:01,386 [main] DEBUG org.activiti.engine.impl.persistence.entity.TableDataManager  - selecting table count for ACT_PROCDEF_INFO
10:48:01,386 [main] DEBUG org.activiti.engine.impl.TablePageMap.selectTableCount  - ==&gt;  Preparing: select count(*) from ACT_PROCDEF_INFO 
10:48:01,386 [main] DEBUG org.activiti.engine.impl.TablePageMap.selectTableCount  - ==&gt; Parameters: 
10:48:01,386 [main] DEBUG org.activiti.engine.impl.TablePageMap.selectTableCount  - &lt;==      Total: 1
10:48:01,386 [main] DEBUG org.activiti.engine.impl.persistence.entity.TableDataManager  - selecting table count for ACT_RE_DEPLOYMENT
10:48:01,386 [main] DEBUG org.activiti.engine.impl.TablePageMap.selectTableCount  - ==&gt;  Preparing: select count(*) from ACT_RE_DEPLOYMENT 
10:48:01,386 [main] DEBUG org.activiti.engine.impl.TablePageMap.selectTableCount  - ==&gt; Parameters: 
10:48:01,386 [main] DEBUG org.activiti.engine.impl.TablePageMap.selectTableCount  - &lt;==      Total: 1
10:48:01,386 [main] DEBUG org.activiti.engine.impl.persistence.entity.TableDataManager  - selecting table count for ACT_RE_MODEL
10:48:01,386 [main] DEBUG org.activiti.engine.impl.TablePageMap.selectTableCount  - ==&gt;  Preparing: select count(*) from ACT_RE_MODEL 
10:48:01,386 [main] DEBUG org.activiti.engine.impl.TablePageMap.selectTableCount  - ==&gt; Parameters: 
10:48:01,386 [main] DEBUG org.activiti.engine.impl.TablePageMap.selectTableCount  - &lt;==      Total: 1
10:48:01,386 [main] DEBUG org.activiti.engine.impl.persistence.entity.TableDataManager  - selecting table count for ACT_RE_PROCDEF
10:48:01,386 [main] DEBUG org.activiti.engine.impl.TablePageMap.selectTableCount  - ==&gt;  Preparing: select count(*) from ACT_RE_PROCDEF 
10:48:01,386 [main] DEBUG org.activiti.engine.impl.TablePageMap.selectTableCount  - ==&gt; Parameters: 
10:48:01,386 [main] DEBUG org.activiti.engine.impl.TablePageMap.selectTableCount  - &lt;==      Total: 1
10:48:01,386 [main] DEBUG org.activiti.engine.impl.persistence.entity.TableDataManager  - selecting table count for ACT_RU_EVENT_SUBSCR
10:48:01,386 [main] DEBUG org.activiti.engine.impl.TablePageMap.selectTableCount  - ==&gt;  Preparing: select count(*) from ACT_RU_EVENT_SUBSCR 
10:48:01,386 [main] DEBUG org.activiti.engine.impl.TablePageMap.selectTableCount  - ==&gt; Parameters: 
10:48:01,386 [main] DEBUG org.activiti.engine.impl.TablePageMap.selectTableCount  - &lt;==      Total: 1
10:48:01,386 [main] DEBUG org.activiti.engine.impl.persistence.entity.TableDataManager  - selecting table count for ACT_RU_EXECUTION
10:48:01,386 [main] DEBUG org.activiti.engine.impl.TablePageMap.selectTableCount  - ==&gt;  Preparing: select count(*) from ACT_RU_EXECUTION 
10:48:01,386 [main] DEBUG org.activiti.engine.impl.TablePageMap.selectTableCount  - ==&gt; Parameters: 
10:48:01,386 [main] DEBUG org.activiti.engine.impl.TablePageMap.selectTableCount  - &lt;==      Total: 1
10:48:01,386 [main] DEBUG org.activiti.engine.impl.persistence.entity.TableDataManager  - selecting table count for ACT_RU_IDENTITYLINK
10:48:01,386 [main] DEBUG org.activiti.engine.impl.TablePageMap.selectTableCount  - ==&gt;  Preparing: select count(*) from ACT_RU_IDENTITYLINK 
10:48:01,386 [main] DEBUG org.activiti.engine.impl.TablePageMap.selectTableCount  - ==&gt; Parameters: 
10:48:01,386 [main] DEBUG org.activiti.engine.impl.TablePageMap.selectTableCount  - &lt;==      Total: 1
10:48:01,386 [main] DEBUG org.activiti.engine.impl.persistence.entity.TableDataManager  - selecting table count for ACT_RU_JOB
10:48:01,386 [main] DEBUG org.activiti.engine.impl.TablePageMap.selectTableCount  - ==&gt;  Preparing: select count(*) from ACT_RU_JOB 
10:48:01,386 [main] DEBUG org.activiti.engine.impl.TablePageMap.selectTableCount  - ==&gt; Parameters: 
10:48:01,386 [main] DEBUG org.activiti.engine.impl.TablePageMap.selectTableCount  - &lt;==      Total: 1
10:48:01,386 [main] DEBUG org.activiti.engine.impl.persistence.entity.TableDataManager  - selecting table count for ACT_RU_TASK
10:48:01,386 [main] DEBUG org.activiti.engine.impl.TablePageMap.selectTableCount  - ==&gt;  Preparing: select count(*) from ACT_RU_TASK 
10:48:01,386 [main] DEBUG org.activiti.engine.impl.TablePageMap.selectTableCount  - ==&gt; Parameters: 
10:48:01,386 [main] DEBUG org.activiti.engine.impl.TablePageMap.selectTableCount  - &lt;==      Total: 1
10:48:01,386 [main] DEBUG org.activiti.engine.impl.persistence.entity.TableDataManager  - selecting table count for ACT_RU_VARIABLE
10:48:01,386 [main] DEBUG org.activiti.engine.impl.TablePageMap.selectTableCount  - ==&gt;  Preparing: select count(*) from ACT_RU_VARIABLE 
10:48:01,386 [main] DEBUG org.activiti.engine.impl.TablePageMap.selectTableCount  - ==&gt; Parameters: 
10:48:01,386 [main] DEBUG org.activiti.engine.impl.TablePageMap.selectTableCount  - &lt;==      Total: 1
10:48:01,386 [main] DEBUG org.activiti.engine.impl.persistence.entity.TableDataManager  - Number of rows per activiti table: {ACT_RU_EVENT_SUBSCR=0, ACT_ID_USER=0, ACT_HI_ATTACHMENT=0, ACT_GE_BYTEARRAY=0, ACT_RE_MODEL=0, ACT_RU_VARIABLE=0, ACT_RU_TASK=0, ACT_RE_DEPLOYMENT=0, ACT_RE_PROCDEF=0, ACT_ID_GROUP=0, ACT_HI_VARINST=1, ACT_HI_COMMENT=0, ACT_HI_PROCINST=0, ACT_ID_INFO=0, ACT_ID_MEMBERSHIP=0, ACT_RU_JOB=0, ACT_PROCDEF_INFO=0, ACT_HI_ACTINST=0, ACT_RU_EXECUTION=0, ACT_HI_TASKINST=1, ACT_HI_DETAIL=2, ACT_EVT_LOG=0, ACT_HI_IDENTITYLINK=0, ACT_RU_IDENTITYLINK=0, ACT_GE_PROPERTY=3}
10:48:01,386 [main] DEBUG org.activiti.engine.impl.db.DbSqlSession  - flush summary: 0 insert, 0 update, 0 delete.
10:48:01,386 [main] DEBUG org.activiti.engine.impl.db.DbSqlSession  - now executing flush...
10:48:01,386 [main] DEBUG org.activiti.engine.impl.cfg.standalone.StandaloneMybatisTransactionContext  - firing event committing...
10:48:01,386 [main] DEBUG org.activiti.engine.impl.cfg.standalone.StandaloneMybatisTransactionContext  - committing the ibatis sql session...
10:48:01,386 [main] DEBUG org.activiti.engine.impl.cfg.standalone.StandaloneMybatisTransactionContext  - firing event committed...
10:48:01,387 [main] DEBUG org.apache.ibatis.transaction.jdbc.JdbcTransaction  - Resetting autocommit to true on JDBC Connection [conn3: url=jdbc:h2:mem:activiti user=SA]
10:48:01,387 [main] DEBUG org.apache.ibatis.transaction.jdbc.JdbcTransaction  - Closing JDBC Connection [conn3: url=jdbc:h2:mem:activiti user=SA]
10:48:01,387 [main] DEBUG org.apache.ibatis.datasource.pooled.PooledDataSource  - Returned connection 180014677 to pool.
10:48:01,387 [main] DEBUG org.activiti.engine.impl.interceptor.LogInterceptor  - --- GetTableCountCmd finished --------------------------------------------------------
10:48:01,387 [main] DEBUG org.activiti.engine.impl.interceptor.LogInterceptor  - 

10:48:01,387 [main] ERROR org.activiti.engine.impl.test.PvmTestCase  - 

10:48:01,387 [main] ERROR org.activiti.engine.impl.test.PvmTestCase  - DB NOT CLEAN: 
  ACT_HI_VARINST: 1 record(s)   ACT_HI_TASKINST: 1 record(s)   ACT_HI_DETAIL: 2 record(s) 
10:48:01,387 [main] INFO  org.activiti.engine.impl.test.PvmTestCase  - dropping and recreating db
10:48:01,387 [main] DEBUG org.activiti.engine.impl.interceptor.LogInterceptor  - 

10:48:01,387 [main] DEBUG org.activiti.engine.impl.interceptor.LogInterceptor  - --- starting  --------------------------------------------------------
10:48:01,387 [main] INFO  org.activiti.engine.impl.db.DbSqlSession  - performing drop on engine with resource org/activiti/db/drop/activiti.h2.drop.engine.sql
10:48:01,387 [main] DEBUG org.apache.ibatis.transaction.jdbc.JdbcTransaction  - Opening JDBC Connection
10:48:01,387 [main] DEBUG org.apache.ibatis.datasource.pooled.PooledDataSource  - Checked out connection 297240765 from pool.
10:48:01,387 [main] DEBUG org.apache.ibatis.transaction.jdbc.JdbcTransaction  - Setting autocommit to false on JDBC Connection [conn4: url=jdbc:h2:mem:activiti user=SA]
10:48:01,387 [main] DEBUG org.activiti.engine.impl.db.DbSqlSession  - SQL: drop table if exists ACT_GE_PROPERTY cascade constraints
10:48:01,387 [main] DEBUG org.activiti.engine.impl.db.DbSqlSession  - SQL: drop table if exists ACT_GE_BYTEARRAY cascade constraints
10:48:01,387 [main] DEBUG org.activiti.engine.impl.db.DbSqlSession  - SQL: drop table if exists ACT_RE_DEPLOYMENT cascade constraints
10:48:01,387 [main] DEBUG org.activiti.engine.impl.db.DbSqlSession  - SQL: drop table if exists ACT_RE_MODEL cascade constraints
10:48:01,387 [main] DEBUG org.activiti.engine.impl.db.DbSqlSession  - SQL: drop table if exists ACT_RU_EXECUTION cascade constraints
10:48:01,387 [main] DEBUG org.activiti.engine.impl.db.DbSqlSession  - SQL: drop table if exists ACT_RU_JOB cascade constraints
10:48:01,387 [main] DEBUG org.activiti.engine.impl.db.DbSqlSession  - SQL: drop table if exists ACT_RE_PROCDEF cascade constraints
10:48:01,388 [main] DEBUG org.activiti.engine.impl.db.DbSqlSession  - SQL: drop table if exists ACT_RU_TASK cascade constraints
10:48:01,388 [main] DEBUG org.activiti.engine.impl.db.DbSqlSession  - SQL: drop table if exists ACT_RU_IDENTITYLINK cascade constraints
10:48:01,388 [main] DEBUG org.activiti.engine.impl.db.DbSqlSession  - SQL: drop table if exists ACT_RU_VARIABLE cascade constraints
10:48:01,388 [main] DEBUG org.activiti.engine.impl.db.DbSqlSession  - SQL: drop table if exists ACT_RU_EVENT_SUBSCR cascade constraints
10:48:01,388 [main] DEBUG org.activiti.engine.impl.db.DbSqlSession  - SQL: drop table if exists ACT_EVT_LOG cascade constraints
10:48:01,388 [main] DEBUG org.activiti.engine.impl.db.DbSqlSession  - SQL: drop table if exists ACT_PROCDEF_INFO cascade constraints
10:48:01,388 [main] DEBUG org.activiti.engine.impl.db.DbSqlSession  - SQL: drop index if exists ACT_IDX_EXEC_BUSKEY
10:48:01,388 [main] DEBUG org.activiti.engine.impl.db.DbSqlSession  - SQL: drop index if exists ACT_IDX_TASK_CREATE
10:48:01,388 [main] DEBUG org.activiti.engine.impl.db.DbSqlSession  - SQL: drop index if exists ACT_IDX_IDENT_LNK_USER
10:48:01,388 [main] DEBUG org.activiti.engine.impl.db.DbSqlSession  - SQL: drop index if exists ACT_IDX_IDENT_LNK_GROUP
10:48:01,388 [main] DEBUG org.activiti.engine.impl.db.DbSqlSession  - SQL: drop index if exists ACT_IDX_VARIABLE_TASK_ID
10:48:01,388 [main] DEBUG org.activiti.engine.impl.db.DbSqlSession  - SQL: drop index if exists ACT_IDX_EVENT_SUBSCR_CONFIG_
10:48:01,388 [main] DEBUG org.activiti.engine.impl.db.DbSqlSession  - SQL: drop index if exists ACT_IDX_ATHRZ_PROCEDEF
10:48:01,388 [main] DEBUG org.activiti.engine.impl.db.DbSqlSession  - SQL: drop index if exists ACT_IDX_INFO_PROCDEF
10:48:01,388 [main] DEBUG org.activiti.engine.impl.db.DbSqlSession  - activiti db schema drop for component engine successful
10:48:01,388 [main] INFO  org.activiti.engine.impl.db.DbSqlSession  - performing drop on history with resource org/activiti/db/drop/activiti.h2.drop.history.sql
10:48:01,388 [main] DEBUG org.activiti.engine.impl.db.DbSqlSession  - SQL: drop table if exists ACT_HI_PROCINST cascade constraints
10:48:01,389 [main] DEBUG org.activiti.engine.impl.db.DbSqlSession  - SQL: drop table if exists ACT_HI_ACTINST cascade constraints
10:48:01,389 [main] DEBUG org.activiti.engine.impl.db.DbSqlSession  - SQL: drop table if exists ACT_HI_VARINST cascade constraints
10:48:01,389 [main] DEBUG org.activiti.engine.impl.db.DbSqlSession  - SQL: drop table if exists ACT_HI_TASKINST cascade constraints
10:48:01,389 [main] DEBUG org.activiti.engine.impl.db.DbSqlSession  - SQL: drop table if exists ACT_HI_DETAIL cascade constraints
10:48:01,389 [main] DEBUG org.activiti.engine.impl.db.DbSqlSession  - SQL: drop table if exists ACT_HI_COMMENT cascade constraints
10:48:01,389 [main] DEBUG org.activiti.engine.impl.db.DbSqlSession  - SQL: drop table if exists ACT_HI_ATTACHMENT cascade constraints
10:48:01,389 [main] DEBUG org.activiti.engine.impl.db.DbSqlSession  - SQL: drop table if exists ACT_HI_IDENTITYLINK cascade constraints
10:48:01,389 [main] DEBUG org.activiti.engine.impl.db.DbSqlSession  - SQL: drop index if exists ACT_IDX_HI_PRO_INST_END
10:48:01,389 [main] DEBUG org.activiti.engine.impl.db.DbSqlSession  - SQL: drop index if exists ACT_IDX_HI_PRO_I_BUSKEY
10:48:01,389 [main] DEBUG org.activiti.engine.impl.db.DbSqlSession  - SQL: drop index if exists ACT_IDX_HI_ACT_INST_START
10:48:01,389 [main] DEBUG org.activiti.engine.impl.db.DbSqlSession  - SQL: drop index if exists ACT_IDX_HI_ACT_INST_END
10:48:01,389 [main] DEBUG org.activiti.engine.impl.db.DbSqlSession  - SQL: drop index if exists ACT_IDX_HI_DETAIL_PROC_INST
10:48:01,389 [main] DEBUG org.activiti.engine.impl.db.DbSqlSession  - SQL: drop index if exists ACT_IDX_HI_DETAIL_ACT_INST
10:48:01,389 [main] DEBUG org.activiti.engine.impl.db.DbSqlSession  - SQL: drop index if exists ACT_IDX_HI_DETAIL_TIME
10:48:01,389 [main] DEBUG org.activiti.engine.impl.db.DbSqlSession  - SQL: drop index if exists ACT_IDX_HI_DETAIL_NAME
10:48:01,389 [main] DEBUG org.activiti.engine.impl.db.DbSqlSession  - SQL: drop index if exists ACT_IDX_HI_DETAIL_TASK_ID
10:48:01,389 [main] DEBUG org.activiti.engine.impl.db.DbSqlSession  - SQL: drop index if exists ACT_IDX_HI_PROCVAR_PROC_INST
10:48:01,389 [main] DEBUG org.activiti.engine.impl.db.DbSqlSession  - SQL: drop index if exists ACT_IDX_HI_PROCVAR_NAME_TYPE
10:48:01,389 [main] DEBUG org.activiti.engine.impl.db.DbSqlSession  - SQL: drop index if exists ACT_IDX_HI_ACT_INST_PROCINST
10:48:01,389 [main] DEBUG org.activiti.engine.impl.db.DbSqlSession  - SQL: drop index if exists ACT_IDX_HI_IDENT_LNK_USER
10:48:01,389 [main] DEBUG org.activiti.engine.impl.db.DbSqlSession  - SQL: drop index if exists ACT_IDX_HI_IDENT_LNK_TASK
10:48:01,389 [main] DEBUG org.activiti.engine.impl.db.DbSqlSession  - SQL: drop index if exists ACT_IDX_HI_IDENT_LNK_PROCINST
10:48:01,389 [main] DEBUG org.activiti.engine.impl.db.DbSqlSession  - SQL: drop index if exists ACT_IDX_HI_TASK_INST_PROCINST
10:48:01,389 [main] DEBUG org.activiti.engine.impl.db.DbSqlSession  - activiti db schema drop for component history successful
10:48:01,390 [main] INFO  org.activiti.engine.impl.db.DbSqlSession  - performing drop on identity with resource org/activiti/db/drop/activiti.h2.drop.identity.sql
10:48:01,390 [main] DEBUG org.activiti.engine.impl.db.DbSqlSession  - SQL: drop table if exists ACT_ID_INFO cascade constraints
10:48:01,390 [main] DEBUG org.activiti.engine.impl.db.DbSqlSession  - SQL: drop table if exists ACT_ID_GROUP cascade constraints
10:48:01,390 [main] DEBUG org.activiti.engine.impl.db.DbSqlSession  - SQL: drop table if exists ACT_ID_MEMBERSHIP cascade constraints
10:48:01,390 [main] DEBUG org.activiti.engine.impl.db.DbSqlSession  - SQL: drop table if exists ACT_ID_USER cascade constraints
10:48:01,390 [main] DEBUG org.activiti.engine.impl.db.DbSqlSession  - activiti db schema drop for component identity successful
10:48:01,390 [main] INFO  org.activiti.engine.impl.db.DbSqlSession  - performing create on engine with resource org/activiti/db/create/activiti.h2.create.engine.sql
10:48:01,390 [main] DEBUG org.activiti.engine.impl.db.DbSqlSession  - SQL: create table ACT_GE_PROPERTY ( 
NAME_ varchar(64), 
VALUE_ varchar(300), 
REV_ integer, 
primary key (NAME_) 
)
10:48:01,390 [main] DEBUG org.activiti.engine.impl.db.DbSqlSession  - SQL: insert into ACT_GE_PROPERTY 
values (&apos;schema.version&apos;, &apos;5.20.0.0&apos;, 1)
10:48:01,391 [main] DEBUG org.activiti.engine.impl.db.DbSqlSession  - SQL: insert into ACT_GE_PROPERTY 
values (&apos;schema.history&apos;, &apos;create(5.20.0.0)&apos;, 1)
10:48:01,391 [main] DEBUG org.activiti.engine.impl.db.DbSqlSession  - SQL: insert into ACT_GE_PROPERTY 
values (&apos;next.dbid&apos;, &apos;1&apos;, 1)
10:48:01,391 [main] DEBUG org.activiti.engine.impl.db.DbSqlSession  - SQL: create table ACT_GE_BYTEARRAY ( 
ID_ varchar(64), 
REV_ integer, 
NAME_ varchar(255), 
DEPLOYMENT_ID_ varchar(64), 
BYTES_ longvarbinary, 
GENERATED_ bit, 
primary key (ID_) 
)
10:48:01,391 [main] DEBUG org.activiti.engine.impl.db.DbSqlSession  - SQL: create table ACT_RE_DEPLOYMENT ( 
ID_ varchar(64), 
NAME_ varchar(255), 
CATEGORY_ varchar(255), 
TENANT_ID_ varchar(255) default &apos;&apos;, 
DEPLOY_TIME_ timestamp, 
primary key (ID_) 
)
10:48:01,391 [main] DEBUG org.activiti.engine.impl.db.DbSqlSession  - SQL: create table ACT_RE_MODEL ( 
ID_ varchar(64) not null, 
REV_ integer, 
NAME_ varchar(255), 
KEY_ varchar(255), 
CATEGORY_ varchar(255), 
CREATE_TIME_ timestamp, 
LAST_UPDATE_TIME_ timestamp, 
VERSION_ integer, 
META_INFO_ varchar(4000), 
DEPLOYMENT_ID_ varchar(64), 
EDITOR_SOURCE_VALUE_ID_ varchar(64), 
EDITOR_SOURCE_EXTRA_VALUE_ID_ varchar(64), 
TENANT_ID_ varchar(255) default &apos;&apos;, 
primary key (ID_) 
)
10:48:01,391 [main] DEBUG org.activiti.engine.impl.db.DbSqlSession  - SQL: create table ACT_RU_EXECUTION ( 
ID_ varchar(64), 
REV_ integer, 
PROC_INST_ID_ varchar(64), 
BUSINESS_KEY_ varchar(255), 
PARENT_ID_ varchar(64), 
PROC_DEF_ID_ varchar(64), 
SUPER_EXEC_ varchar(64), 
ACT_ID_ varchar(255), 
IS_ACTIVE_ bit, 
IS_CONCURRENT_ bit, 
IS_SCOPE_ bit, 
IS_EVENT_SCOPE_ bit, 
SUSPENSION_STATE_ integer, 
CACHED_ENT_STATE_ integer, 
TENANT_ID_ varchar(255) default &apos;&apos;, 
NAME_ varchar(255), 
LOCK_TIME_ timestamp, 
primary key (ID_) 
)
10:48:01,391 [main] DEBUG org.activiti.engine.impl.db.DbSqlSession  - SQL: create table ACT_RU_JOB ( 
ID_ varchar(64) NOT NULL, 
REV_ integer, 
TYPE_ varchar(255) NOT NULL, 
LOCK_EXP_TIME_ timestamp, 
LOCK_OWNER_ varchar(255), 
EXCLUSIVE_ boolean, 
EXECUTION_ID_ varchar(64), 
PROCESS_INSTANCE_ID_ varchar(64), 
PROC_DEF_ID_ varchar(64), 
RETRIES_ integer, 
EXCEPTION_STACK_ID_ varchar(64), 
EXCEPTION_MSG_ varchar(4000), 
DUEDATE_ timestamp, 
REPEAT_ varchar(255), 
HANDLER_TYPE_ varchar(255), 
HANDLER_CFG_ varchar(4000), 
TENANT_ID_ varchar(255) default &apos;&apos;, 
primary key (ID_) 
)
10:48:01,391 [main] DEBUG org.activiti.engine.impl.db.DbSqlSession  - SQL: create table ACT_RE_PROCDEF ( 
ID_ varchar(64) NOT NULL, 
REV_ integer, 
CATEGORY_ varchar(255), 
NAME_ varchar(255), 
KEY_ varchar(255) NOT NULL, 
VERSION_ integer NOT NULL, 
DEPLOYMENT_ID_ varchar(64), 
RESOURCE_NAME_ varchar(4000), 
DGRM_RESOURCE_NAME_ varchar(4000), 
DESCRIPTION_ varchar(4000), 
HAS_START_FORM_KEY_ bit, 
HAS_GRAPHICAL_NOTATION_ bit, 
SUSPENSION_STATE_ integer, 
TENANT_ID_ varchar(255) default &apos;&apos;, 
primary key (ID_) 
)
10:48:01,391 [main] DEBUG org.activiti.engine.impl.db.DbSqlSession  - SQL: create table ACT_RU_TASK ( 
ID_ varchar(64), 
REV_ integer, 
EXECUTION_ID_ varchar(64), 
PROC_INST_ID_ varchar(64), 
PROC_DEF_ID_ varchar(64), 
NAME_ varchar(255), 
PARENT_TASK_ID_ varchar(64), 
DESCRIPTION_ varchar(4000), 
TASK_DEF_KEY_ varchar(255), 
OWNER_ varchar(255), 
ASSIGNEE_ varchar(255), 
DELEGATION_ varchar(64), 
PRIORITY_ integer, 
CREATE_TIME_ timestamp, 
DUE_DATE_ timestamp, 
CATEGORY_ varchar(255), 
SUSPENSION_STATE_ integer, 
TENANT_ID_ varchar(255) default &apos;&apos;, 
FORM_KEY_ varchar(255), 
primary key (ID_) 
)
10:48:01,391 [main] DEBUG org.activiti.engine.impl.db.DbSqlSession  - SQL: create table ACT_RU_IDENTITYLINK ( 
ID_ varchar(64), 
REV_ integer, 
GROUP_ID_ varchar(255), 
TYPE_ varchar(255), 
USER_ID_ varchar(255), 
TASK_ID_ varchar(64), 
PROC_INST_ID_ varchar(64) null, 
PROC_DEF_ID_ varchar(64), 
primary key (ID_) 
)
10:48:01,391 [main] DEBUG org.activiti.engine.impl.db.DbSqlSession  - SQL: create table ACT_RU_VARIABLE ( 
ID_ varchar(64) not null, 
REV_ integer, 
TYPE_ varchar(255) not null, 
NAME_ varchar(255) not null, 
EXECUTION_ID_ varchar(64), 
PROC_INST_ID_ varchar(64), 
TASK_ID_ varchar(64), 
BYTEARRAY_ID_ varchar(64), 
DOUBLE_ double, 
LONG_ bigint, 
TEXT_ varchar(4000), 
TEXT2_ varchar(4000), 
primary key (ID_) 
)
10:48:01,391 [main] DEBUG org.activiti.engine.impl.db.DbSqlSession  - SQL: create table ACT_RU_EVENT_SUBSCR ( 
ID_ varchar(64) not null, 
REV_ integer, 
EVENT_TYPE_ varchar(255) not null, 
EVENT_NAME_ varchar(255), 
EXECUTION_ID_ varchar(64), 
PROC_INST_ID_ varchar(64), 
ACTIVITY_ID_ varchar(64), 
CONFIGURATION_ varchar(255), 
CREATED_ timestamp not null, 
PROC_DEF_ID_ varchar(64), 
TENANT_ID_ varchar(255) default &apos;&apos;, 
primary key (ID_) 
)
10:48:01,391 [main] DEBUG org.activiti.engine.impl.db.DbSqlSession  - SQL: create table ACT_EVT_LOG ( 
LOG_NR_ identity, 
TYPE_ varchar(64), 
PROC_DEF_ID_ varchar(64), 
PROC_INST_ID_ varchar(64), 
EXECUTION_ID_ varchar(64), 
TASK_ID_ varchar(64), 
TIME_STAMP_ timestamp not null, 
USER_ID_ varchar(255), 
DATA_ longvarbinary, 
LOCK_OWNER_ varchar(255), 
LOCK_TIME_ timestamp, 
IS_PROCESSED_ bit default 0 
)
10:48:01,391 [main] DEBUG org.activiti.engine.impl.db.DbSqlSession  - SQL: create table ACT_PROCDEF_INFO ( 
ID_ varchar(64) not null, 
PROC_DEF_ID_ varchar(64) not null, 
REV_ integer, 
INFO_JSON_ID_ varchar(64), 
primary key (ID_) 
)
10:48:01,391 [main] DEBUG org.activiti.engine.impl.db.DbSqlSession  - SQL: create index ACT_IDX_EXEC_BUSKEY on ACT_RU_EXECUTION(BUSINESS_KEY_)
10:48:01,391 [main] DEBUG org.activiti.engine.impl.db.DbSqlSession  - SQL: create index ACT_IDX_TASK_CREATE on ACT_RU_TASK(CREATE_TIME_)
10:48:01,391 [main] DEBUG org.activiti.engine.impl.db.DbSqlSession  - SQL: create index ACT_IDX_IDENT_LNK_USER on ACT_RU_IDENTITYLINK(USER_ID_)
10:48:01,391 [main] DEBUG org.activiti.engine.impl.db.DbSqlSession  - SQL: create index ACT_IDX_IDENT_LNK_GROUP on ACT_RU_IDENTITYLINK(GROUP_ID_)
10:48:01,391 [main] DEBUG org.activiti.engine.impl.db.DbSqlSession  - SQL: create index ACT_IDX_EVENT_SUBSCR_CONFIG_ on ACT_RU_EVENT_SUBSCR(CONFIGURATION_)
10:48:01,391 [main] DEBUG org.activiti.engine.impl.db.DbSqlSession  - SQL: create index ACT_IDX_VARIABLE_TASK_ID on ACT_RU_VARIABLE(TASK_ID_)
10:48:01,392 [main] DEBUG org.activiti.engine.impl.db.DbSqlSession  - SQL: create index ACT_IDX_ATHRZ_PROCEDEF on ACT_RU_IDENTITYLINK(PROC_DEF_ID_)
10:48:01,392 [main] DEBUG org.activiti.engine.impl.db.DbSqlSession  - SQL: create index ACT_IDX_INFO_PROCDEF on ACT_PROCDEF_INFO(PROC_DEF_ID_)
10:48:01,392 [main] DEBUG org.activiti.engine.impl.db.DbSqlSession  - SQL: alter table ACT_GE_BYTEARRAY 
add constraint ACT_FK_BYTEARR_DEPL 
foreign key (DEPLOYMENT_ID_) 
references ACT_RE_DEPLOYMENT
10:48:01,392 [main] DEBUG org.activiti.engine.impl.db.DbSqlSession  - SQL: alter table ACT_RE_PROCDEF 
add constraint ACT_UNIQ_PROCDEF 
unique (KEY_,VERSION_, TENANT_ID_)
10:48:01,392 [main] DEBUG org.activiti.engine.impl.db.DbSqlSession  - SQL: alter table ACT_RU_EXECUTION 
add constraint ACT_FK_EXE_PROCINST 
foreign key (PROC_INST_ID_) 
references ACT_RU_EXECUTION
10:48:01,392 [main] DEBUG org.activiti.engine.impl.db.DbSqlSession  - SQL: alter table ACT_RU_EXECUTION 
add constraint ACT_FK_EXE_PARENT 
foreign key (PARENT_ID_) 
references ACT_RU_EXECUTION
10:48:01,392 [main] DEBUG org.activiti.engine.impl.db.DbSqlSession  - SQL: alter table ACT_RU_EXECUTION 
add constraint ACT_FK_EXE_SUPER 
foreign key (SUPER_EXEC_) 
references ACT_RU_EXECUTION
10:48:01,392 [main] DEBUG org.activiti.engine.impl.db.DbSqlSession  - SQL: alter table ACT_RU_EXECUTION 
add constraint ACT_FK_EXE_PROCDEF 
foreign key (PROC_DEF_ID_) 
references ACT_RE_PROCDEF (ID_)
10:48:01,392 [main] DEBUG org.activiti.engine.impl.db.DbSqlSession  - SQL: alter table ACT_RU_IDENTITYLINK 
add constraint ACT_FK_TSKASS_TASK 
foreign key (TASK_ID_) 
references ACT_RU_TASK
10:48:01,392 [main] DEBUG org.activiti.engine.impl.db.DbSqlSession  - SQL: alter table ACT_RU_IDENTITYLINK 
add constraint ACT_FK_ATHRZ_PROCEDEF 
foreign key (PROC_DEF_ID_) 
references ACT_RE_PROCDEF
10:48:01,392 [main] DEBUG org.activiti.engine.impl.db.DbSqlSession  - SQL: alter table ACT_RU_IDENTITYLINK 
add constraint ACT_FK_IDL_PROCINST 
foreign key (PROC_INST_ID_) 
references ACT_RU_EXECUTION (ID_)
10:48:01,392 [main] DEBUG org.activiti.engine.impl.db.DbSqlSession  - SQL: alter table ACT_RU_TASK 
add constraint ACT_FK_TASK_EXE 
foreign key (EXECUTION_ID_) 
references ACT_RU_EXECUTION
10:48:01,393 [main] DEBUG org.activiti.engine.impl.db.DbSqlSession  - SQL: alter table ACT_RU_TASK 
add constraint ACT_FK_TASK_PROCINST 
foreign key (PROC_INST_ID_) 
references ACT_RU_EXECUTION
10:48:01,393 [main] DEBUG org.activiti.engine.impl.db.DbSqlSession  - SQL: alter table ACT_RU_TASK 
add constraint ACT_FK_TASK_PROCDEF 
foreign key (PROC_DEF_ID_) 
references ACT_RE_PROCDEF
10:48:01,393 [main] DEBUG org.activiti.engine.impl.db.DbSqlSession  - SQL: alter table ACT_RU_VARIABLE 
add constraint ACT_FK_VAR_EXE 
foreign key (EXECUTION_ID_) 
references ACT_RU_EXECUTION
10:48:01,393 [main] DEBUG org.activiti.engine.impl.db.DbSqlSession  - SQL: alter table ACT_RU_VARIABLE 
add constraint ACT_FK_VAR_PROCINST 
foreign key (PROC_INST_ID_) 
references ACT_RU_EXECUTION
10:48:01,393 [main] DEBUG org.activiti.engine.impl.db.DbSqlSession  - SQL: alter table ACT_RU_VARIABLE 
add constraint ACT_FK_VAR_BYTEARRAY 
foreign key (BYTEARRAY_ID_) 
references ACT_GE_BYTEARRAY
10:48:01,393 [main] DEBUG org.activiti.engine.impl.db.DbSqlSession  - SQL: alter table ACT_RU_JOB 
add constraint ACT_FK_JOB_EXCEPTION 
foreign key (EXCEPTION_STACK_ID_) 
references ACT_GE_BYTEARRAY
10:48:01,393 [main] DEBUG org.activiti.engine.impl.db.DbSqlSession  - SQL: alter table ACT_RU_EVENT_SUBSCR 
add constraint ACT_FK_EVENT_EXEC 
foreign key (EXECUTION_ID_) 
references ACT_RU_EXECUTION
10:48:01,393 [main] DEBUG org.activiti.engine.impl.db.DbSqlSession  - SQL: alter table ACT_RE_MODEL 
add constraint ACT_FK_MODEL_SOURCE 
foreign key (EDITOR_SOURCE_VALUE_ID_) 
references ACT_GE_BYTEARRAY (ID_)
10:48:01,393 [main] DEBUG org.activiti.engine.impl.db.DbSqlSession  - SQL: alter table ACT_RE_MODEL 
add constraint ACT_FK_MODEL_SOURCE_EXTRA 
foreign key (EDITOR_SOURCE_EXTRA_VALUE_ID_) 
references ACT_GE_BYTEARRAY (ID_)
10:48:01,393 [main] DEBUG org.activiti.engine.impl.db.DbSqlSession  - SQL: alter table ACT_RE_MODEL 
add constraint ACT_FK_MODEL_DEPLOYMENT 
foreign key (DEPLOYMENT_ID_) 
references ACT_RE_DEPLOYMENT (ID_)
10:48:01,393 [main] DEBUG org.activiti.engine.impl.db.DbSqlSession  - SQL: alter table ACT_PROCDEF_INFO 
add constraint ACT_FK_INFO_JSON_BA 
foreign key (INFO_JSON_ID_) 
references ACT_GE_BYTEARRAY (ID_)
10:48:01,393 [main] DEBUG org.activiti.engine.impl.db.DbSqlSession  - SQL: alter table ACT_PROCDEF_INFO 
add constraint ACT_FK_INFO_PROCDEF 
foreign key (PROC_DEF_ID_) 
references ACT_RE_PROCDEF (ID_)
10:48:01,393 [main] DEBUG org.activiti.engine.impl.db.DbSqlSession  - SQL: alter table ACT_PROCDEF_INFO 
add constraint ACT_UNIQ_INFO_PROCDEF 
unique (PROC_DEF_ID_)
10:48:01,393 [main] DEBUG org.activiti.engine.impl.db.DbSqlSession  - activiti db schema create for component engine successful
10:48:01,394 [main] INFO  org.activiti.engine.impl.db.DbSqlSession  - performing create on history with resource org/activiti/db/create/activiti.h2.create.history.sql
10:48:01,394 [main] DEBUG org.activiti.engine.impl.db.DbSqlSession  - SQL: create table ACT_HI_PROCINST ( 
ID_ varchar(64) not null, 
PROC_INST_ID_ varchar(64) not null, 
BUSINESS_KEY_ varchar(255), 
PROC_DEF_ID_ varchar(64) not null, 
START_TIME_ timestamp not null, 
END_TIME_ timestamp, 
DURATION_ bigint, 
START_USER_ID_ varchar(255), 
START_ACT_ID_ varchar(255), 
END_ACT_ID_ varchar(255), 
SUPER_PROCESS_INSTANCE_ID_ varchar(64), 
DELETE_REASON_ varchar(4000), 
TENANT_ID_ varchar(255) default &apos;&apos;, 
NAME_ varchar(255), 
primary key (ID_), 
unique (PROC_INST_ID_) 
)
10:48:01,394 [main] DEBUG org.activiti.engine.impl.db.DbSqlSession  - SQL: create table ACT_HI_ACTINST ( 
ID_ varchar(64) not null, 
PROC_DEF_ID_ varchar(64) not null, 
PROC_INST_ID_ varchar(64) not null, 
EXECUTION_ID_ varchar(64) not null, 
ACT_ID_ varchar(255) not null, 
TASK_ID_ varchar(64), 
CALL_PROC_INST_ID_ varchar(64), 
ACT_NAME_ varchar(255), 
ACT_TYPE_ varchar(255) not null, 
ASSIGNEE_ varchar(255), 
START_TIME_ timestamp not null, 
END_TIME_ timestamp, 
DURATION_ bigint, 
TENANT_ID_ varchar(255) default &apos;&apos;, 
primary key (ID_) 
)
10:48:01,394 [main] DEBUG org.activiti.engine.impl.db.DbSqlSession  - SQL: create table ACT_HI_TASKINST ( 
ID_ varchar(64) not null, 
PROC_DEF_ID_ varchar(64), 
TASK_DEF_KEY_ varchar(255), 
PROC_INST_ID_ varchar(64), 
EXECUTION_ID_ varchar(64), 
NAME_ varchar(255), 
PARENT_TASK_ID_ varchar(64), 
DESCRIPTION_ varchar(4000), 
OWNER_ varchar(255), 
ASSIGNEE_ varchar(255), 
START_TIME_ timestamp not null, 
CLAIM_TIME_ timestamp, 
END_TIME_ timestamp, 
DURATION_ bigint, 
DELETE_REASON_ varchar(4000), 
PRIORITY_ integer, 
DUE_DATE_ timestamp, 
FORM_KEY_ varchar(255), 
CATEGORY_ varchar(255), 
TENANT_ID_ varchar(255) default &apos;&apos;, 
primary key (ID_) 
)
10:48:01,394 [main] DEBUG org.activiti.engine.impl.db.DbSqlSession  - SQL: create table ACT_HI_VARINST ( 
ID_ varchar(64) not null, 
PROC_INST_ID_ varchar(64), 
EXECUTION_ID_ varchar(64), 
TASK_ID_ varchar(64), 
NAME_ varchar(255) not null, 
VAR_TYPE_ varchar(100), 
REV_ integer, 
BYTEARRAY_ID_ varchar(64), 
DOUBLE_ double, 
LONG_ bigint, 
TEXT_ varchar(4000), 
TEXT2_ varchar(4000), 
CREATE_TIME_ timestamp, 
LAST_UPDATED_TIME_ timestamp, 
primary key (ID_) 
)
10:48:01,394 [main] DEBUG org.activiti.engine.impl.db.DbSqlSession  - SQL: create table ACT_HI_DETAIL ( 
ID_ varchar(64) not null, 
TYPE_ varchar(255) not null, 
TIME_ timestamp not null, 
NAME_ varchar(255), 
PROC_INST_ID_ varchar(64), 
EXECUTION_ID_ varchar(64), 
TASK_ID_ varchar(64), 
ACT_INST_ID_ varchar(64), 
VAR_TYPE_ varchar(255), 
REV_ integer, 
BYTEARRAY_ID_ varchar(64), 
DOUBLE_ double, 
LONG_ bigint, 
TEXT_ varchar(4000), 
TEXT2_ varchar(4000), 
primary key (ID_) 
)
10:48:01,394 [main] DEBUG org.activiti.engine.impl.db.DbSqlSession  - SQL: create table ACT_HI_COMMENT ( 
ID_ varchar(64) not null, 
TYPE_ varchar(255), 
TIME_ timestamp not null, 
USER_ID_ varchar(255), 
TASK_ID_ varchar(64), 
PROC_INST_ID_ varchar(64), 
ACTION_ varchar(255), 
MESSAGE_ varchar(4000), 
FULL_MSG_ longvarbinary, 
primary key (ID_) 
)
10:48:01,394 [main] DEBUG org.activiti.engine.impl.db.DbSqlSession  - SQL: create table ACT_HI_ATTACHMENT ( 
ID_ varchar(64) not null, 
REV_ integer, 
USER_ID_ varchar(255), 
NAME_ varchar(255), 
DESCRIPTION_ varchar(4000), 
TYPE_ varchar(255), 
TASK_ID_ varchar(64), 
PROC_INST_ID_ varchar(64), 
URL_ varchar(4000), 
CONTENT_ID_ varchar(64), 
TIME_ timestamp, 
primary key (ID_) 
)
10:48:01,394 [main] DEBUG org.activiti.engine.impl.db.DbSqlSession  - SQL: create table ACT_HI_IDENTITYLINK ( 
ID_ varchar(64), 
GROUP_ID_ varchar(255), 
TYPE_ varchar(255), 
USER_ID_ varchar(255), 
TASK_ID_ varchar(64), 
PROC_INST_ID_ varchar(64) null, 
primary key (ID_) 
)
10:48:01,394 [main] DEBUG org.activiti.engine.impl.db.DbSqlSession  - SQL: create index ACT_IDX_HI_PRO_INST_END on ACT_HI_PROCINST(END_TIME_)
10:48:01,394 [main] DEBUG org.activiti.engine.impl.db.DbSqlSession  - SQL: create index ACT_IDX_HI_PRO_I_BUSKEY on ACT_HI_PROCINST(BUSINESS_KEY_)
10:48:01,394 [main] DEBUG org.activiti.engine.impl.db.DbSqlSession  - SQL: create index ACT_IDX_HI_ACT_INST_START on ACT_HI_ACTINST(START_TIME_)
10:48:01,394 [main] DEBUG org.activiti.engine.impl.db.DbSqlSession  - SQL: create index ACT_IDX_HI_ACT_INST_END on ACT_HI_ACTINST(END_TIME_)
10:48:01,394 [main] DEBUG org.activiti.engine.impl.db.DbSqlSession  - SQL: create index ACT_IDX_HI_DETAIL_PROC_INST on ACT_HI_DETAIL(PROC_INST_ID_)
10:48:01,394 [main] DEBUG org.activiti.engine.impl.db.DbSqlSession  - SQL: create index ACT_IDX_HI_DETAIL_ACT_INST on ACT_HI_DETAIL(ACT_INST_ID_)
10:48:01,394 [main] DEBUG org.activiti.engine.impl.db.DbSqlSession  - SQL: create index ACT_IDX_HI_DETAIL_TIME on ACT_HI_DETAIL(TIME_)
10:48:01,394 [main] DEBUG org.activiti.engine.impl.db.DbSqlSession  - SQL: create index ACT_IDX_HI_DETAIL_NAME on ACT_HI_DETAIL(NAME_)
10:48:01,394 [main] DEBUG org.activiti.engine.impl.db.DbSqlSession  - SQL: create index ACT_IDX_HI_DETAIL_TASK_ID on ACT_HI_DETAIL(TASK_ID_)
10:48:01,394 [main] DEBUG org.activiti.engine.impl.db.DbSqlSession  - SQL: create index ACT_IDX_HI_PROCVAR_PROC_INST on ACT_HI_VARINST(PROC_INST_ID_)
10:48:01,395 [main] DEBUG org.activiti.engine.impl.db.DbSqlSession  - SQL: create index ACT_IDX_HI_PROCVAR_NAME_TYPE on ACT_HI_VARINST(NAME_, VAR_TYPE_)
10:48:01,395 [main] DEBUG org.activiti.engine.impl.db.DbSqlSession  - SQL: create index ACT_IDX_HI_PROCVAR_TASK_ID on ACT_HI_VARINST(TASK_ID_)
10:48:01,395 [main] DEBUG org.activiti.engine.impl.db.DbSqlSession  - SQL: create index ACT_IDX_HI_ACT_INST_PROCINST on ACT_HI_ACTINST(PROC_INST_ID_, ACT_ID_)
10:48:01,395 [main] DEBUG org.activiti.engine.impl.db.DbSqlSession  - SQL: create index ACT_IDX_HI_IDENT_LNK_USER on ACT_HI_IDENTITYLINK(USER_ID_)
10:48:01,395 [main] DEBUG org.activiti.engine.impl.db.DbSqlSession  - SQL: create index ACT_IDX_HI_IDENT_LNK_TASK on ACT_HI_IDENTITYLINK(TASK_ID_)
10:48:01,395 [main] DEBUG org.activiti.engine.impl.db.DbSqlSession  - SQL: create index ACT_IDX_HI_IDENT_LNK_PROCINST on ACT_HI_IDENTITYLINK(PROC_INST_ID_)
10:48:01,395 [main] DEBUG org.activiti.engine.impl.db.DbSqlSession  - SQL: create index ACT_IDX_HI_ACT_INST_EXEC on ACT_HI_ACTINST(EXECUTION_ID_, ACT_ID_)
10:48:01,395 [main] DEBUG org.activiti.engine.impl.db.DbSqlSession  - SQL: create index ACT_IDX_HI_TASK_INST_PROCINST on ACT_HI_TASKINST(PROC_INST_ID_)
10:48:01,395 [main] DEBUG org.activiti.engine.impl.db.DbSqlSession  - activiti db schema create for component history successful
10:48:01,395 [main] INFO  org.activiti.engine.impl.db.DbSqlSession  - performing create on identity with resource org/activiti/db/create/activiti.h2.create.identity.sql
10:48:01,395 [main] DEBUG org.activiti.engine.impl.db.DbSqlSession  - SQL: create table ACT_ID_GROUP ( 
ID_ varchar(64), 
REV_ integer, 
NAME_ varchar(255), 
TYPE_ varchar(255), 
primary key (ID_) 
)
10:48:01,395 [main] DEBUG org.activiti.engine.impl.db.DbSqlSession  - SQL: create table ACT_ID_MEMBERSHIP ( 
USER_ID_ varchar(64), 
GROUP_ID_ varchar(64), 
primary key (USER_ID_, GROUP_ID_) 
)
10:48:01,395 [main] DEBUG org.activiti.engine.impl.db.DbSqlSession  - SQL: create table ACT_ID_USER ( 
ID_ varchar(64), 
REV_ integer, 
FIRST_ varchar(255), 
LAST_ varchar(255), 
EMAIL_ varchar(255), 
PWD_ varchar(255), 
PICTURE_ID_ varchar(64), 
primary key (ID_) 
)
10:48:01,395 [main] DEBUG org.activiti.engine.impl.db.DbSqlSession  - SQL: create table ACT_ID_INFO ( 
ID_ varchar(64), 
REV_ integer, 
USER_ID_ varchar(64), 
TYPE_ varchar(64), 
KEY_ varchar(255), 
VALUE_ varchar(255), 
PASSWORD_ longvarbinary, 
PARENT_ID_ varchar(255), 
primary key (ID_) 
)
10:48:01,396 [main] DEBUG org.activiti.engine.impl.db.DbSqlSession  - SQL: alter table ACT_ID_MEMBERSHIP 
add constraint ACT_FK_MEMB_GROUP 
foreign key (GROUP_ID_) 
references ACT_ID_GROUP
10:48:01,396 [main] DEBUG org.activiti.engine.impl.db.DbSqlSession  - SQL: alter table ACT_ID_MEMBERSHIP 
add constraint ACT_FK_MEMB_USER 
foreign key (USER_ID_) 
references ACT_ID_USER
10:48:01,396 [main] DEBUG org.activiti.engine.impl.db.DbSqlSession  - activiti db schema create for component identity successful
10:48:01,396 [main] DEBUG org.activiti.engine.impl.db.DbSqlSession  - flush summary: 0 insert, 0 update, 0 delete.
10:48:01,396 [main] DEBUG org.activiti.engine.impl.db.DbSqlSession  - now executing flush...
10:48:01,396 [main] DEBUG org.activiti.engine.impl.cfg.standalone.StandaloneMybatisTransactionContext  - firing event committing...
10:48:01,396 [main] DEBUG org.activiti.engine.impl.cfg.standalone.StandaloneMybatisTransactionContext  - committing the ibatis sql session...
10:48:01,396 [main] DEBUG org.activiti.engine.impl.cfg.standalone.StandaloneMybatisTransactionContext  - firing event committed...
10:48:01,396 [main] DEBUG org.apache.ibatis.transaction.jdbc.JdbcTransaction  - Resetting autocommit to true on JDBC Connection [conn4: url=jdbc:h2:mem:activiti user=SA]
10:48:01,396 [main] DEBUG org.apache.ibatis.transaction.jdbc.JdbcTransaction  - Closing JDBC Connection [conn4: url=jdbc:h2:mem:activiti user=SA]
10:48:01,396 [main] DEBUG org.apache.ibatis.datasource.pooled.PooledDataSource  - Returned connection 297240765 to pool.
10:48:01,396 [main] DEBUG org.activiti.engine.impl.interceptor.LogInterceptor  - ---  finished --------------------------------------------------------
10:48:01,396 [main] DEBUG org.activiti.engine.impl.interceptor.LogInterceptor  - 

</system-out>
  </testcase>
</testsuite>