<?xml version="1.0" encoding="UTF-8" ?>
<testsuite tests="1" failures="0" name="org.activiti.standalone.history.BulkDeleteNoHistoryTest" time="0.975" errors="1" skipped="0">
  <properties>
    <property name="idea.version" value="2022.3.1"/>
    <property name="java.runtime.name" value="Java(TM) SE Runtime Environment"/>
    <property name="sun.boot.library.path" value="C:\Program Files\Java\jdk1.8.0_351\jre\bin"/>
    <property name="java.vm.version" value="25.351-b10"/>
    <property name="java.vm.vendor" value="Oracle Corporation"/>
    <property name="java.vendor.url" value="http://java.oracle.com/"/>
    <property name="path.separator" value=";"/>
    <property name="java.vm.name" value="Java HotSpot(TM) 64-Bit Server VM"/>
    <property name="file.encoding.pkg" value="sun.io"/>
    <property name="user.script" value=""/>
    <property name="user.country" value="CN"/>
    <property name="sun.java.launcher" value="SUN_STANDARD"/>
    <property name="sun.os.patch.level" value=""/>
    <property name="java.vm.specification.name" value="Java Virtual Machine Specification"/>
    <property name="user.dir" value="D:\xinchuang\activiti-engine-5.19.0.2"/>
    <property name="java.runtime.version" value="1.8.0_351-b10"/>
    <property name="java.awt.graphicsenv" value="sun.awt.Win32GraphicsEnvironment"/>
    <property name="basedir" value="D:\xinchuang\activiti-engine-5.19.0.2"/>
    <property name="java.endorsed.dirs" value="C:\Program Files\Java\jdk1.8.0_351\jre\lib\endorsed"/>
    <property name="os.arch" value="amd64"/>
    <property name="surefire.real.class.path" value="D:\xinchuang\activiti-engine-5.19.0.2\target\surefire\surefirebooter2972839343429811619.jar"/>
    <property name="java.io.tmpdir" value="C:\Users\ryan\AppData\Local\Temp\"/>
    <property name="line.separator" value="
"/>
    <property name="java.vm.specification.vendor" value="Oracle Corporation"/>
    <property name="user.variant" value=""/>
    <property name="os.name" value="Windows 11"/>
    <property name="sun.jnu.encoding" value="GBK"/>
    <property name="java.library.path" value="C:\Program Files\Java\jdk1.8.0_351\jre\bin;C:\WINDOWS\Sun\Java\bin;C:\WINDOWS\system32;C:\WINDOWS;C:\Program Files (x86)\Common Files\Oracle\Java\javapath;D:\Program Files (x86)\VMware\VMware Workstation\bin\;C:\ProgramData\Oracle\Java\javapath;C:\WINDOWS\system32;C:\WINDOWS;C:\WINDOWS\System32\Wbem;C:\WINDOWS\System32\WindowsPowerShell\v1.0\;C:\WINDOWS\System32\OpenSSH\;d:\Program Files\Git\cmd;D:\Program Files\apache-maven-3.6.1\bin;C:\Program Files\Java\jdk1.8.0_351\bin;D:\Program Files\nodejs\;C:\Program Files\Bandizip\;D:\Program Files (x86)\NetSarang\Xshell 7\;D:\Program Files (x86)\NetSarang\Xftp 7\;D:\Program Files\cmder;;C:\Program Files (x86)\Tencent\微信web开发者工具\dll;C:\Users\ryan\.app\;C:\Users\ryan\AppData\Local\Programs\Python\Python38\Scripts\;C:\Users\ryan\AppData\Local\Programs\Python\Python38\;C:\Users\ryan\AppData\Local\Microsoft\WindowsApps;D:\Program Files\Microsoft VS Code\bin;C:\Users\ryan\AppData\Roaming\npm;d:\Program Files\JetBrains\IntelliJ IDEA 2020.3\bin;;d:\Program Files\JetBrains\DataGrip 2021.1.3\bin;;;."/>
    <property name="surefire.test.class.path" value="D:\xinchuang\activiti-engine-5.19.0.2\target\test-classes;D:\xinchuang\activiti-engine-5.19.0.2\target\classes;D:\Program Files\apache-maven-3.6.1\shanxi\org\activiti\activiti-bpmn-converter\5.19.0.2\activiti-bpmn-converter-5.19.0.2.jar;D:\Program Files\apache-maven-3.6.1\shanxi\org\activiti\activiti-bpmn-model\5.19.0.2\activiti-bpmn-model-5.19.0.2.jar;D:\Program Files\apache-maven-3.6.1\shanxi\com\fasterxml\jackson\core\jackson-core\2.2.3\jackson-core-2.2.3.jar;D:\Program Files\apache-maven-3.6.1\shanxi\com\fasterxml\jackson\core\jackson-databind\2.2.3\jackson-databind-2.2.3.jar;D:\Program Files\apache-maven-3.6.1\shanxi\com\fasterxml\jackson\core\jackson-annotations\2.2.3\jackson-annotations-2.2.3.jar;D:\Program Files\apache-maven-3.6.1\shanxi\org\activiti\activiti-process-validation\5.19.0.2\activiti-process-validation-5.19.0.2.jar;D:\Program Files\apache-maven-3.6.1\shanxi\org\activiti\activiti-image-generator\5.19.0.2\activiti-image-generator-5.19.0.2.jar;D:\Program Files\apache-maven-3.6.1\shanxi\org\apache\commons\commons-email\1.4\commons-email-1.4.jar;D:\Program Files\apache-maven-3.6.1\shanxi\com\sun\mail\javax.mail\1.5.2\javax.mail-1.5.2.jar;D:\Program Files\apache-maven-3.6.1\shanxi\javax\activation\activation\1.1.1\activation-1.1.1.jar;D:\Program Files\apache-maven-3.6.1\shanxi\org\apache\commons\commons-lang3\3.3.2\commons-lang3-3.3.2.jar;D:\Program Files\apache-maven-3.6.1\shanxi\org\mybatis\mybatis\3.3.0\mybatis-3.3.0.jar;D:\Program Files\apache-maven-3.6.1\shanxi\org\springframework\spring-beans\4.1.5.RELEASE\spring-beans-4.1.5.RELEASE.jar;D:\Program Files\apache-maven-3.6.1\shanxi\org\springframework\spring-core\4.1.5.RELEASE\spring-core-4.1.5.RELEASE.jar;D:\Program Files\apache-maven-3.6.1\shanxi\junit\junit\4.11\junit-4.11.jar;D:\Program Files\apache-maven-3.6.1\shanxi\org\hamcrest\hamcrest-core\1.3\hamcrest-core-1.3.jar;D:\Program Files\apache-maven-3.6.1\shanxi\org\codehaus\groovy\groovy-all\2.4.3\groovy-all-2.4.3.jar;D:\Program Files\apache-maven-3.6.1\shanxi\org\drools\drools-core\5.5.0.Final\drools-core-5.5.0.Final.jar;D:\Program Files\apache-maven-3.6.1\shanxi\org\mvel\mvel2\2.1.3.Final\mvel2-2.1.3.Final.jar;D:\Program Files\apache-maven-3.6.1\shanxi\org\drools\knowledge-api\5.5.0.Final\knowledge-api-5.5.0.Final.jar;D:\Program Files\apache-maven-3.6.1\shanxi\org\drools\knowledge-internal-api\5.5.0.Final\knowledge-internal-api-5.5.0.Final.jar;D:\Program Files\apache-maven-3.6.1\shanxi\org\drools\drools-compiler\5.5.0.Final\drools-compiler-5.5.0.Final.jar;D:\Program Files\apache-maven-3.6.1\shanxi\org\antlr\antlr-runtime\3.3\antlr-runtime-3.3.jar;D:\Program Files\apache-maven-3.6.1\shanxi\org\antlr\antlr\3.3\antlr-3.3.jar;D:\Program Files\apache-maven-3.6.1\shanxi\org\antlr\stringtemplate\3.2.1\stringtemplate-3.2.1.jar;D:\Program Files\apache-maven-3.6.1\shanxi\antlr\antlr\2.7.7\antlr-2.7.7.jar;D:\Program Files\apache-maven-3.6.1\shanxi\org\eclipse\jdt\core\compiler\ecj\3.5.1\ecj-3.5.1.jar;D:\Program Files\apache-maven-3.6.1\shanxi\com\thoughtworks\xstream\xstream\1.4.1\xstream-1.4.1.jar;D:\Program Files\apache-maven-3.6.1\shanxi\xmlpull\xmlpull\1.1.3.1\xmlpull-1.1.3.1.jar;D:\Program Files\apache-maven-3.6.1\shanxi\xpp3\xpp3_min\1.1.4c\xpp3_min-1.1.4c.jar;D:\Program Files\apache-maven-3.6.1\shanxi\javax\persistence\persistence-api\1.0\persistence-api-1.0.jar;D:\Program Files\apache-maven-3.6.1\shanxi\org\apache\geronimo\specs\geronimo-jta_1.1_spec\1.1.1\geronimo-jta_1.1_spec-1.1.1.jar;D:\Program Files\apache-maven-3.6.1\shanxi\javax\enterprise\concurrent\javax.enterprise.concurrent-api\1.0\javax.enterprise.concurrent-api-1.0.jar;D:\Program Files\apache-maven-3.6.1\shanxi\com\h2database\h2\1.3.176\h2-1.3.176.jar;D:\Program Files\apache-maven-3.6.1\shanxi\org\mockito\mockito-core\1.8.2\mockito-core-1.8.2.jar;D:\Program Files\apache-maven-3.6.1\shanxi\org\objenesis\objenesis\1.0\objenesis-1.0.jar;D:\Program Files\apache-maven-3.6.1\shanxi\org\apache\openjpa\openjpa\1.2.2\openjpa-1.2.2.jar;D:\Program Files\apache-maven-3.6.1\shanxi\net\sourceforge\serp\serp\1.13.1\serp-1.13.1.jar;D:\Program Files\apache-maven-3.6.1\shanxi\commons-lang\commons-lang\2.1\commons-lang-2.1.jar;D:\Program Files\apache-maven-3.6.1\shanxi\commons-collections\commons-collections\3.2\commons-collections-3.2.jar;D:\Program Files\apache-maven-3.6.1\shanxi\commons-pool\commons-pool\1.3\commons-pool-1.3.jar;D:\Program Files\apache-maven-3.6.1\shanxi\org\apache\geronimo\specs\geronimo-jms_1.1_spec\1.0.1\geronimo-jms_1.1_spec-1.0.1.jar;D:\Program Files\apache-maven-3.6.1\shanxi\org\apache\geronimo\specs\geronimo-jpa_3.0_spec\1.0\geronimo-jpa_3.0_spec-1.0.jar;D:\Program Files\apache-maven-3.6.1\shanxi\org\subethamail\subethasmtp-wiser\1.2\subethasmtp-wiser-1.2.jar;D:\Program Files\apache-maven-3.6.1\shanxi\org\subethamail\subethasmtp-smtp\1.2\subethasmtp-smtp-1.2.jar;D:\Program Files\apache-maven-3.6.1\shanxi\javax\mail\mail\1.4.1\mail-1.4.1.jar;D:\Program Files\apache-maven-3.6.1\shanxi\mysql\mysql-connector-java\5.1.27\mysql-connector-java-5.1.27.jar;D:\Program Files\apache-maven-3.6.1\shanxi\org\postgresql\postgresql\9.4-1201-jdbc4\postgresql-9.4-1201-jdbc4.jar;D:\Program Files\apache-maven-3.6.1\shanxi\net\sourceforge\jtds\jtds\1.3.0\jtds-1.3.0.jar;D:\Program Files\apache-maven-3.6.1\shanxi\com\fasterxml\uuid\java-uuid-generator\3.1.3\java-uuid-generator-3.1.3.jar;D:\Program Files\apache-maven-3.6.1\shanxi\log4j\log4j\1.2.13\log4j-1.2.13.jar;D:\Program Files\apache-maven-3.6.1\shanxi\commons-io\commons-io\2.0.1\commons-io-2.0.1.jar;D:\Program Files\apache-maven-3.6.1\shanxi\joda-time\joda-time\2.6\joda-time-2.6.jar;D:\Program Files\apache-maven-3.6.1\shanxi\org\slf4j\slf4j-api\1.7.6\slf4j-api-1.7.6.jar;D:\Program Files\apache-maven-3.6.1\shanxi\org\slf4j\jcl-over-slf4j\1.7.6\jcl-over-slf4j-1.7.6.jar;D:\Program Files\apache-maven-3.6.1\shanxi\org\slf4j\slf4j-log4j12\1.7.6\slf4j-log4j12-1.7.6.jar;D:\Program Files\apache-maven-3.6.1\shanxi\com\googlecode\catch-exception\catch-exception\1.2.0\catch-exception-1.2.0.jar;D:\Program Files\apache-maven-3.6.1\shanxi\org\codehaus\btm\btm\2.1.3\btm-2.1.3.jar;D:\Program Files\apache-maven-3.6.1\shanxi\javax\transaction\jta\1.1\jta-1.1.jar;"/>
    <property name="sun.awt.enableExtraMouseButtons" value="true"/>
    <property name="java.specification.name" value="Java Platform API Specification"/>
    <property name="java.class.version" value="52.0"/>
    <property name="sun.management.compiler" value="HotSpot 64-Bit Tiered Compilers"/>
    <property name="maven.repo.local" value="D:\Program Files\apache-maven-3.6.1\shanxi"/>
    <property name="os.version" value="10.0"/>
    <property name="user.home" value="C:\Users\ryan"/>
    <property name="user.timezone" value="Asia/Shanghai"/>
    <property name="java.awt.printerjob" value="sun.awt.windows.WPrinterJob"/>
    <property name="java.specification.version" value="1.8"/>
    <property name="file.encoding" value="GBK"/>
    <property name="user.name" value="ryan"/>
    <property name="java.class.path" value="D:\xinchuang\activiti-engine-5.19.0.2\target\test-classes;D:\xinchuang\activiti-engine-5.19.0.2\target\classes;D:\Program Files\apache-maven-3.6.1\shanxi\org\activiti\activiti-bpmn-converter\5.19.0.2\activiti-bpmn-converter-5.19.0.2.jar;D:\Program Files\apache-maven-3.6.1\shanxi\org\activiti\activiti-bpmn-model\5.19.0.2\activiti-bpmn-model-5.19.0.2.jar;D:\Program Files\apache-maven-3.6.1\shanxi\com\fasterxml\jackson\core\jackson-core\2.2.3\jackson-core-2.2.3.jar;D:\Program Files\apache-maven-3.6.1\shanxi\com\fasterxml\jackson\core\jackson-databind\2.2.3\jackson-databind-2.2.3.jar;D:\Program Files\apache-maven-3.6.1\shanxi\com\fasterxml\jackson\core\jackson-annotations\2.2.3\jackson-annotations-2.2.3.jar;D:\Program Files\apache-maven-3.6.1\shanxi\org\activiti\activiti-process-validation\5.19.0.2\activiti-process-validation-5.19.0.2.jar;D:\Program Files\apache-maven-3.6.1\shanxi\org\activiti\activiti-image-generator\5.19.0.2\activiti-image-generator-5.19.0.2.jar;D:\Program Files\apache-maven-3.6.1\shanxi\org\apache\commons\commons-email\1.4\commons-email-1.4.jar;D:\Program Files\apache-maven-3.6.1\shanxi\com\sun\mail\javax.mail\1.5.2\javax.mail-1.5.2.jar;D:\Program Files\apache-maven-3.6.1\shanxi\javax\activation\activation\1.1.1\activation-1.1.1.jar;D:\Program Files\apache-maven-3.6.1\shanxi\org\apache\commons\commons-lang3\3.3.2\commons-lang3-3.3.2.jar;D:\Program Files\apache-maven-3.6.1\shanxi\org\mybatis\mybatis\3.3.0\mybatis-3.3.0.jar;D:\Program Files\apache-maven-3.6.1\shanxi\org\springframework\spring-beans\4.1.5.RELEASE\spring-beans-4.1.5.RELEASE.jar;D:\Program Files\apache-maven-3.6.1\shanxi\org\springframework\spring-core\4.1.5.RELEASE\spring-core-4.1.5.RELEASE.jar;D:\Program Files\apache-maven-3.6.1\shanxi\junit\junit\4.11\junit-4.11.jar;D:\Program Files\apache-maven-3.6.1\shanxi\org\hamcrest\hamcrest-core\1.3\hamcrest-core-1.3.jar;D:\Program Files\apache-maven-3.6.1\shanxi\org\codehaus\groovy\groovy-all\2.4.3\groovy-all-2.4.3.jar;D:\Program Files\apache-maven-3.6.1\shanxi\org\drools\drools-core\5.5.0.Final\drools-core-5.5.0.Final.jar;D:\Program Files\apache-maven-3.6.1\shanxi\org\mvel\mvel2\2.1.3.Final\mvel2-2.1.3.Final.jar;D:\Program Files\apache-maven-3.6.1\shanxi\org\drools\knowledge-api\5.5.0.Final\knowledge-api-5.5.0.Final.jar;D:\Program Files\apache-maven-3.6.1\shanxi\org\drools\knowledge-internal-api\5.5.0.Final\knowledge-internal-api-5.5.0.Final.jar;D:\Program Files\apache-maven-3.6.1\shanxi\org\drools\drools-compiler\5.5.0.Final\drools-compiler-5.5.0.Final.jar;D:\Program Files\apache-maven-3.6.1\shanxi\org\antlr\antlr-runtime\3.3\antlr-runtime-3.3.jar;D:\Program Files\apache-maven-3.6.1\shanxi\org\antlr\antlr\3.3\antlr-3.3.jar;D:\Program Files\apache-maven-3.6.1\shanxi\org\antlr\stringtemplate\3.2.1\stringtemplate-3.2.1.jar;D:\Program Files\apache-maven-3.6.1\shanxi\antlr\antlr\2.7.7\antlr-2.7.7.jar;D:\Program Files\apache-maven-3.6.1\shanxi\org\eclipse\jdt\core\compiler\ecj\3.5.1\ecj-3.5.1.jar;D:\Program Files\apache-maven-3.6.1\shanxi\com\thoughtworks\xstream\xstream\1.4.1\xstream-1.4.1.jar;D:\Program Files\apache-maven-3.6.1\shanxi\xmlpull\xmlpull\1.1.3.1\xmlpull-1.1.3.1.jar;D:\Program Files\apache-maven-3.6.1\shanxi\xpp3\xpp3_min\1.1.4c\xpp3_min-1.1.4c.jar;D:\Program Files\apache-maven-3.6.1\shanxi\javax\persistence\persistence-api\1.0\persistence-api-1.0.jar;D:\Program Files\apache-maven-3.6.1\shanxi\org\apache\geronimo\specs\geronimo-jta_1.1_spec\1.1.1\geronimo-jta_1.1_spec-1.1.1.jar;D:\Program Files\apache-maven-3.6.1\shanxi\javax\enterprise\concurrent\javax.enterprise.concurrent-api\1.0\javax.enterprise.concurrent-api-1.0.jar;D:\Program Files\apache-maven-3.6.1\shanxi\com\h2database\h2\1.3.176\h2-1.3.176.jar;D:\Program Files\apache-maven-3.6.1\shanxi\org\mockito\mockito-core\1.8.2\mockito-core-1.8.2.jar;D:\Program Files\apache-maven-3.6.1\shanxi\org\objenesis\objenesis\1.0\objenesis-1.0.jar;D:\Program Files\apache-maven-3.6.1\shanxi\org\apache\openjpa\openjpa\1.2.2\openjpa-1.2.2.jar;D:\Program Files\apache-maven-3.6.1\shanxi\net\sourceforge\serp\serp\1.13.1\serp-1.13.1.jar;D:\Program Files\apache-maven-3.6.1\shanxi\commons-lang\commons-lang\2.1\commons-lang-2.1.jar;D:\Program Files\apache-maven-3.6.1\shanxi\commons-collections\commons-collections\3.2\commons-collections-3.2.jar;D:\Program Files\apache-maven-3.6.1\shanxi\commons-pool\commons-pool\1.3\commons-pool-1.3.jar;D:\Program Files\apache-maven-3.6.1\shanxi\org\apache\geronimo\specs\geronimo-jms_1.1_spec\1.0.1\geronimo-jms_1.1_spec-1.0.1.jar;D:\Program Files\apache-maven-3.6.1\shanxi\org\apache\geronimo\specs\geronimo-jpa_3.0_spec\1.0\geronimo-jpa_3.0_spec-1.0.jar;D:\Program Files\apache-maven-3.6.1\shanxi\org\subethamail\subethasmtp-wiser\1.2\subethasmtp-wiser-1.2.jar;D:\Program Files\apache-maven-3.6.1\shanxi\org\subethamail\subethasmtp-smtp\1.2\subethasmtp-smtp-1.2.jar;D:\Program Files\apache-maven-3.6.1\shanxi\javax\mail\mail\1.4.1\mail-1.4.1.jar;D:\Program Files\apache-maven-3.6.1\shanxi\mysql\mysql-connector-java\5.1.27\mysql-connector-java-5.1.27.jar;D:\Program Files\apache-maven-3.6.1\shanxi\org\postgresql\postgresql\9.4-1201-jdbc4\postgresql-9.4-1201-jdbc4.jar;D:\Program Files\apache-maven-3.6.1\shanxi\net\sourceforge\jtds\jtds\1.3.0\jtds-1.3.0.jar;D:\Program Files\apache-maven-3.6.1\shanxi\com\fasterxml\uuid\java-uuid-generator\3.1.3\java-uuid-generator-3.1.3.jar;D:\Program Files\apache-maven-3.6.1\shanxi\log4j\log4j\1.2.13\log4j-1.2.13.jar;D:\Program Files\apache-maven-3.6.1\shanxi\commons-io\commons-io\2.0.1\commons-io-2.0.1.jar;D:\Program Files\apache-maven-3.6.1\shanxi\joda-time\joda-time\2.6\joda-time-2.6.jar;D:\Program Files\apache-maven-3.6.1\shanxi\org\slf4j\slf4j-api\1.7.6\slf4j-api-1.7.6.jar;D:\Program Files\apache-maven-3.6.1\shanxi\org\slf4j\jcl-over-slf4j\1.7.6\jcl-over-slf4j-1.7.6.jar;D:\Program Files\apache-maven-3.6.1\shanxi\org\slf4j\slf4j-log4j12\1.7.6\slf4j-log4j12-1.7.6.jar;D:\Program Files\apache-maven-3.6.1\shanxi\com\googlecode\catch-exception\catch-exception\1.2.0\catch-exception-1.2.0.jar;D:\Program Files\apache-maven-3.6.1\shanxi\org\codehaus\btm\btm\2.1.3\btm-2.1.3.jar;D:\Program Files\apache-maven-3.6.1\shanxi\javax\transaction\jta\1.1\jta-1.1.jar;"/>
    <property name="java.vm.specification.version" value="1.8"/>
    <property name="sun.arch.data.model" value="64"/>
    <property name="java.home" value="C:\Program Files\Java\jdk1.8.0_351\jre"/>
    <property name="sun.java.command" value="D:\xinchuang\activiti-engine-5.19.0.2\target\surefire\surefirebooter2972839343429811619.jar D:\xinchuang\activiti-engine-5.19.0.2\target\surefire\surefire1197127065150889766tmp D:\xinchuang\activiti-engine-5.19.0.2\target\surefire\surefire3285776718944652178tmp"/>
    <property name="java.specification.vendor" value="Oracle Corporation"/>
    <property name="user.language" value="en"/>
    <property name="awt.toolkit" value="sun.awt.windows.WToolkit"/>
    <property name="java.vm.info" value="mixed mode"/>
    <property name="java.version" value="1.8.0_351"/>
    <property name="java.ext.dirs" value="C:\Program Files\Java\jdk1.8.0_351\jre\lib\ext;C:\WINDOWS\Sun\Java\lib\ext"/>
    <property name="sun.boot.class.path" value="C:\Program Files\Java\jdk1.8.0_351\jre\lib\resources.jar;C:\Program Files\Java\jdk1.8.0_351\jre\lib\rt.jar;C:\Program Files\Java\jdk1.8.0_351\jre\lib\jsse.jar;C:\Program Files\Java\jdk1.8.0_351\jre\lib\jce.jar;C:\Program Files\Java\jdk1.8.0_351\jre\lib\charsets.jar;C:\Program Files\Java\jdk1.8.0_351\jre\lib\jfr.jar;C:\Program Files\Java\jdk1.8.0_351\jre\classes"/>
    <property name="java.vendor" value="Oracle Corporation"/>
    <property name="java.specification.maintenance.version" value="4"/>
    <property name="localRepository" value="D:\Program Files\apache-maven-3.6.1\shanxi"/>
    <property name="file.separator" value="\"/>
    <property name="java.vendor.url.bug" value="http://bugreport.sun.com/bugreport/"/>
    <property name="sun.cpu.endian" value="little"/>
    <property name="sun.io.unicode.encoding" value="UnicodeLittle"/>
    <property name="sun.desktop" value="windows"/>
    <property name="sun.cpu.isalist" value="amd64"/>
  </properties>
  <testcase classname="org.activiti.standalone.history.BulkDeleteNoHistoryTest" name="testLargeAmountOfVariableBulkDelete" time="0.972">
    <error message="
### Error querying database.  Cause: org.h2.jdbc.JdbcSQLException: Syntax error in SQL statement &quot;SELECT RES.* 
       
    FROM ACT_RE_PROCDEF RES
     
     WHERE  RES.DEPLOYMENT_ID_ = ? 
   
     ORDER BY  ORDER[*] BY RES.ID_ ASC  
    LIMIT ? OFFSET ? &quot;; expected &quot;=, NOT, EXISTS, INTERSECTS, SELECT, FROM&quot;; SQL statement:
select RES.* 
       
    from ACT_RE_PROCDEF RES
     
     WHERE  RES.DEPLOYMENT_ID_ = ? 
   
     order by  order by RES.ID_ asc  
    LIMIT ? OFFSET ? [42001-176]
### The error may exist in org/activiti/db/mapping/entity/ProcessDefinition.xml
### The error may involve org.activiti.engine.impl.persistence.entity.ProcessDefinitionEntity.selectProcessDefinitionsByQueryCriteria
### The error occurred while executing a query
### SQL: select RES.*              from ACT_RE_PROCDEF RES            WHERE  RES.DEPLOYMENT_ID_ = ?           order by  order by RES.ID_ asc       LIMIT ? OFFSET ?
### Cause: org.h2.jdbc.JdbcSQLException: Syntax error in SQL statement &quot;SELECT RES.* 
       
    FROM ACT_RE_PROCDEF RES
     
     WHERE  RES.DEPLOYMENT_ID_ = ? 
   
     ORDER BY  ORDER[*] BY RES.ID_ ASC  
    LIMIT ? OFFSET ? &quot;; expected &quot;=, NOT, EXISTS, INTERSECTS, SELECT, FROM&quot;; SQL statement:
select RES.* 
       
    from ACT_RE_PROCDEF RES
     
     WHERE  RES.DEPLOYMENT_ID_ = ? 
   
     order by  order by RES.ID_ asc  
    LIMIT ? OFFSET ? [42001-176]" type="org.apache.ibatis.exceptions.PersistenceException">org.apache.ibatis.exceptions.PersistenceException: 
### Error querying database.  Cause: org.h2.jdbc.JdbcSQLException: Syntax error in SQL statement &quot;SELECT RES.* 
       
    FROM ACT_RE_PROCDEF RES
     
     WHERE  RES.DEPLOYMENT_ID_ = ? 
   
     ORDER BY  ORDER[*] BY RES.ID_ ASC  
    LIMIT ? OFFSET ? &quot;; expected &quot;=, NOT, EXISTS, INTERSECTS, SELECT, FROM&quot;; SQL statement:
select RES.* 
       
    from ACT_RE_PROCDEF RES
     
     WHERE  RES.DEPLOYMENT_ID_ = ? 
   
     order by  order by RES.ID_ asc  
    LIMIT ? OFFSET ? [42001-176]
### The error may exist in org/activiti/db/mapping/entity/ProcessDefinition.xml
### The error may involve org.activiti.engine.impl.persistence.entity.ProcessDefinitionEntity.selectProcessDefinitionsByQueryCriteria
### The error occurred while executing a query
### SQL: select RES.*              from ACT_RE_PROCDEF RES            WHERE  RES.DEPLOYMENT_ID_ = ?           order by  order by RES.ID_ asc       LIMIT ? OFFSET ?
### Cause: org.h2.jdbc.JdbcSQLException: Syntax error in SQL statement &quot;SELECT RES.* 
       
    FROM ACT_RE_PROCDEF RES
     
     WHERE  RES.DEPLOYMENT_ID_ = ? 
   
     ORDER BY  ORDER[*] BY RES.ID_ ASC  
    LIMIT ? OFFSET ? &quot;; expected &quot;=, NOT, EXISTS, INTERSECTS, SELECT, FROM&quot;; SQL statement:
select RES.* 
       
    from ACT_RE_PROCDEF RES
     
     WHERE  RES.DEPLOYMENT_ID_ = ? 
   
     order by  order by RES.ID_ asc  
    LIMIT ? OFFSET ? [42001-176]
	at org.apache.ibatis.exceptions.ExceptionFactory.wrapException(ExceptionFactory.java:30)
	at org.apache.ibatis.session.defaults.DefaultSqlSession.selectList(DefaultSqlSession.java:122)
	at org.apache.ibatis.session.defaults.DefaultSqlSession.selectList(DefaultSqlSession.java:113)
	at org.activiti.engine.impl.db.DbSqlSession.selectListWithRawParameter(DbSqlSession.java:438)
	at org.activiti.engine.impl.db.DbSqlSession.selectList(DbSqlSession.java:429)
	at org.activiti.engine.impl.db.DbSqlSession.selectList(DbSqlSession.java:419)
	at org.activiti.engine.impl.persistence.entity.ProcessDefinitionEntityManager.findProcessDefinitionsByQueryCriteria(ProcessDefinitionEntityManager.java:57)
	at org.activiti.engine.impl.ProcessDefinitionQueryImpl.executeList(ProcessDefinitionQueryImpl.java:307)
	at org.activiti.engine.impl.AbstractQuery.list(AbstractQuery.java:140)
	at org.activiti.engine.impl.persistence.deploy.DeploymentManager.removeDeployment(DeploymentManager.java:187)
	at org.activiti.engine.impl.cmd.DeleteDeploymentCmd.execute(DeleteDeploymentCmd.java:44)
	at org.activiti.engine.impl.cmd.DeleteDeploymentCmd.execute(DeleteDeploymentCmd.java:24)
	at org.activiti.engine.impl.interceptor.CommandInvoker.execute(CommandInvoker.java:24)
	at org.activiti.engine.impl.interceptor.CommandContextInterceptor.execute(CommandContextInterceptor.java:57)
	at org.activiti.engine.impl.interceptor.LogInterceptor.execute(LogInterceptor.java:37)
	at org.activiti.engine.impl.cfg.CommandExecutorImpl.execute(CommandExecutorImpl.java:40)
	at org.activiti.engine.impl.cfg.CommandExecutorImpl.execute(CommandExecutorImpl.java:35)
	at org.activiti.engine.impl.RepositoryServiceImpl.deleteDeployment(RepositoryServiceImpl.java:90)
	at org.activiti.engine.impl.test.TestHelper.annotationDeploymentTearDown(TestHelper.java:116)
	at org.activiti.engine.impl.test.AbstractActivitiTestCase.runBare(AbstractActivitiTestCase.java:116)
	at junit.framework.TestResult$1.protect(TestResult.java:122)
	at junit.framework.TestResult.runProtected(TestResult.java:142)
	at junit.framework.TestResult.run(TestResult.java:125)
	at junit.framework.TestCase.run(TestCase.java:129)
	at junit.framework.TestSuite.runTest(TestSuite.java:255)
	at junit.framework.TestSuite.run(TestSuite.java:250)
	at org.junit.internal.runners.JUnit38ClassRunner.run(JUnit38ClassRunner.java:84)
	at org.apache.maven.surefire.junit4.JUnit4TestSet.execute(JUnit4TestSet.java:35)
	at org.apache.maven.surefire.junit4.JUnit4Provider.executeTestSet(JUnit4Provider.java:146)
	at org.apache.maven.surefire.junit4.JUnit4Provider.invoke(JUnit4Provider.java:97)
	at sun.reflect.NativeMethodAccessorImpl.invoke0(Native Method)
	at sun.reflect.NativeMethodAccessorImpl.invoke(NativeMethodAccessorImpl.java:62)
	at sun.reflect.DelegatingMethodAccessorImpl.invoke(DelegatingMethodAccessorImpl.java:43)
	at java.lang.reflect.Method.invoke(Method.java:498)
	at org.apache.maven.surefire.booter.ProviderFactory$ClassLoaderProxy.invoke(ProviderFactory.java:103)
	at com.sun.proxy.$Proxy0.invoke(Unknown Source)
	at org.apache.maven.surefire.booter.SurefireStarter.invokeProvider(SurefireStarter.java:145)
	at org.apache.maven.surefire.booter.SurefireStarter.runSuitesInProcess(SurefireStarter.java:87)
	at org.apache.maven.surefire.booter.ForkedBooter.main(ForkedBooter.java:69)
Caused by: org.h2.jdbc.JdbcSQLException: Syntax error in SQL statement &quot;SELECT RES.* 
       
    FROM ACT_RE_PROCDEF RES
     
     WHERE  RES.DEPLOYMENT_ID_ = ? 
   
     ORDER BY  ORDER[*] BY RES.ID_ ASC  
    LIMIT ? OFFSET ? &quot;; expected &quot;=, NOT, EXISTS, INTERSECTS, SELECT, FROM&quot;; SQL statement:
select RES.* 
       
    from ACT_RE_PROCDEF RES
     
     WHERE  RES.DEPLOYMENT_ID_ = ? 
   
     order by  order by RES.ID_ asc  
    LIMIT ? OFFSET ? [42001-176]
	at org.h2.message.DbException.getJdbcSQLException(DbException.java:344)
	at org.h2.message.DbException.getSyntaxError(DbException.java:204)
	at org.h2.command.Parser.getSyntaxError(Parser.java:524)
	at org.h2.command.Parser.readTerm(Parser.java:2688)
	at org.h2.command.Parser.readFactor(Parser.java:2244)
	at org.h2.command.Parser.readSum(Parser.java:2231)
	at org.h2.command.Parser.readConcat(Parser.java:2201)
	at org.h2.command.Parser.readCondition(Parser.java:2051)
	at org.h2.command.Parser.readAnd(Parser.java:2023)
	at org.h2.command.Parser.readExpression(Parser.java:2015)
	at org.h2.command.Parser.parseEndOfQuery(Parser.java:1726)
	at org.h2.command.Parser.parseSelectUnionExtension(Parser.java:1706)
	at org.h2.command.Parser.parseSelectUnion(Parser.java:1675)
	at org.h2.command.Parser.parseSelect(Parser.java:1662)
	at org.h2.command.Parser.parsePrepared(Parser.java:434)
	at org.h2.command.Parser.parse(Parser.java:306)
	at org.h2.command.Parser.parse(Parser.java:282)
	at org.h2.command.Parser.prepareCommand(Parser.java:243)
	at org.h2.engine.Session.prepareLocal(Session.java:442)
	at org.h2.engine.Session.prepareCommand(Session.java:384)
	at org.h2.jdbc.JdbcConnection.prepareCommand(JdbcConnection.java:1188)
	at org.h2.jdbc.JdbcPreparedStatement.&lt;init&gt;(JdbcPreparedStatement.java:73)
	at org.h2.jdbc.JdbcConnection.prepareStatement(JdbcConnection.java:276)
	at sun.reflect.GeneratedMethodAccessor6.invoke(Unknown Source)
	at sun.reflect.DelegatingMethodAccessorImpl.invoke(DelegatingMethodAccessorImpl.java:43)
	at java.lang.reflect.Method.invoke(Method.java:498)
	at org.apache.ibatis.datasource.pooled.PooledConnection.invoke(PooledConnection.java:245)
	at com.sun.proxy.$Proxy12.prepareStatement(Unknown Source)
	at sun.reflect.GeneratedMethodAccessor6.invoke(Unknown Source)
	at sun.reflect.DelegatingMethodAccessorImpl.invoke(DelegatingMethodAccessorImpl.java:43)
	at java.lang.reflect.Method.invoke(Method.java:498)
	at org.apache.ibatis.logging.jdbc.ConnectionLogger.invoke(ConnectionLogger.java:55)
	at com.sun.proxy.$Proxy12.prepareStatement(Unknown Source)
	at org.apache.ibatis.executor.statement.PreparedStatementHandler.instantiateStatement(PreparedStatementHandler.java:79)
	at org.apache.ibatis.executor.statement.BaseStatementHandler.prepare(BaseStatementHandler.java:88)
	at org.apache.ibatis.executor.statement.RoutingStatementHandler.prepare(RoutingStatementHandler.java:58)
	at org.apache.ibatis.executor.SimpleExecutor.prepareStatement(SimpleExecutor.java:76)
	at org.apache.ibatis.executor.SimpleExecutor.doQuery(SimpleExecutor.java:61)
	at org.apache.ibatis.executor.BaseExecutor.queryFromDatabase(BaseExecutor.java:303)
	at org.apache.ibatis.executor.BaseExecutor.query(BaseExecutor.java:154)
	at org.apache.ibatis.executor.CachingExecutor.query(CachingExecutor.java:102)
	at org.apache.ibatis.executor.CachingExecutor.query(CachingExecutor.java:82)
	at org.apache.ibatis.session.defaults.DefaultSqlSession.selectList(DefaultSqlSession.java:120)
	... 37 more
</error>
    <system-out>@SLTests run: 1, Failures: 0, Errors: 0, Skipped: 0, Time elapsed: 0.086 sec
@SLRunning org.activiti.standalone.history.BulkDeleteNoHistoryTest
10:48:04,744 [main] DEBUG org.springframework.core.env.StandardEnvironment  - Adding [systemProperties] PropertySource with lowest search precedence
10:48:04,744 [main] DEBUG org.springframework.core.env.StandardEnvironment  - Adding [systemEnvironment] PropertySource with lowest search precedence
10:48:04,744 [main] DEBUG org.springframework.core.env.StandardEnvironment  - Initialized StandardEnvironment with PropertySources [systemProperties,systemEnvironment]
10:48:04,744 [main] INFO  org.springframework.beans.factory.xml.XmlBeanDefinitionReader  - Loading XML bean definitions from class path resource [org/activiti/standalone/history/nohistory.activiti.cfg.xml]
10:48:04,745 [main] DEBUG org.springframework.beans.factory.xml.DefaultDocumentLoader  - Using JAXP provider [com.sun.org.apache.xerces.internal.jaxp.DocumentBuilderFactoryImpl]
10:48:04,745 [main] DEBUG org.springframework.beans.factory.xml.PluggableSchemaResolver  - Loading schema mappings from [META-INF/spring.schemas]
10:48:04,746 [main] DEBUG org.springframework.beans.factory.xml.PluggableSchemaResolver  - Loaded schema mappings: {http://www.springframework.org/schema/beans/spring-beans-3.2.xsd=org/springframework/beans/factory/xml/spring-beans-3.2.xsd, http://www.springframework.org/schema/util/spring-util-3.0.xsd=org/springframework/beans/factory/xml/spring-util-3.0.xsd, http://www.springframework.org/schema/util/spring-util-4.1.xsd=org/springframework/beans/factory/xml/spring-util-4.1.xsd, http://www.springframework.org/schema/util/spring-util-2.0.xsd=org/springframework/beans/factory/xml/spring-util-2.0.xsd, http://www.springframework.org/schema/util/spring-util-2.5.xsd=org/springframework/beans/factory/xml/spring-util-2.5.xsd, http://www.springframework.org/schema/tool/spring-tool-3.0.xsd=org/springframework/beans/factory/xml/spring-tool-3.0.xsd, http://www.springframework.org/schema/tool/spring-tool-4.1.xsd=org/springframework/beans/factory/xml/spring-tool-4.1.xsd, http://www.springframework.org/schema/tool/spring-tool-2.0.xsd=org/springframework/beans/factory/xml/spring-tool-2.0.xsd, http://www.springframework.org/schema/util/spring-util-3.2.xsd=org/springframework/beans/factory/xml/spring-util-3.2.xsd, http://www.springframework.org/schema/beans/spring-beans-4.1.xsd=org/springframework/beans/factory/xml/spring-beans-4.1.xsd, http://www.springframework.org/schema/beans/spring-beans-2.0.xsd=org/springframework/beans/factory/xml/spring-beans-2.0.xsd, http://www.springframework.org/schema/tool/spring-tool-2.5.xsd=org/springframework/beans/factory/xml/spring-tool-2.5.xsd, http://www.springframework.org/schema/beans/spring-beans-3.1.xsd=org/springframework/beans/factory/xml/spring-beans-3.1.xsd, http://www.springframework.org/schema/beans/spring-beans-2.5.xsd=org/springframework/beans/factory/xml/spring-beans-2.5.xsd, http://www.springframework.org/schema/beans/spring-beans.xsd=org/springframework/beans/factory/xml/spring-beans-4.1.xsd, http://www.springframework.org/schema/tool/spring-tool.xsd=org/springframework/beans/factory/xml/spring-tool-4.1.xsd, http://www.springframework.org/schema/tool/spring-tool-3.2.xsd=org/springframework/beans/factory/xml/spring-tool-3.2.xsd, http://www.springframework.org/schema/util/spring-util-4.0.xsd=org/springframework/beans/factory/xml/spring-util-4.0.xsd, http://www.springframework.org/schema/tool/spring-tool-4.0.xsd=org/springframework/beans/factory/xml/spring-tool-4.0.xsd, http://www.springframework.org/schema/util/spring-util-3.1.xsd=org/springframework/beans/factory/xml/spring-util-3.1.xsd, http://www.springframework.org/schema/beans/spring-beans-4.0.xsd=org/springframework/beans/factory/xml/spring-beans-4.0.xsd, http://www.springframework.org/schema/beans/spring-beans-3.0.xsd=org/springframework/beans/factory/xml/spring-beans-3.0.xsd, http://www.springframework.org/schema/tool/spring-tool-3.1.xsd=org/springframework/beans/factory/xml/spring-tool-3.1.xsd, http://www.springframework.org/schema/util/spring-util.xsd=org/springframework/beans/factory/xml/spring-util-4.1.xsd}
10:48:04,746 [main] DEBUG org.springframework.beans.factory.xml.PluggableSchemaResolver  - Found XML schema [http://www.springframework.org/schema/beans/spring-beans.xsd] in classpath: org/springframework/beans/factory/xml/spring-beans-4.1.xsd
10:48:04,748 [main] DEBUG org.springframework.beans.factory.xml.DefaultBeanDefinitionDocumentReader  - Loading bean definitions
10:48:04,748 [main] DEBUG org.springframework.beans.factory.support.DefaultListableBeanFactory  - Creating shared instance of singleton bean &apos;processEngineConfiguration&apos;
10:48:04,748 [main] DEBUG org.springframework.beans.factory.support.DefaultListableBeanFactory  - Creating instance of bean &apos;processEngineConfiguration&apos;
10:48:04,748 [main] DEBUG org.springframework.beans.factory.support.DefaultListableBeanFactory  - Eagerly caching bean &apos;processEngineConfiguration&apos; to allow for resolving potential circular references
10:48:04,748 [main] DEBUG org.springframework.beans.factory.support.DefaultListableBeanFactory  - Finished creating instance of bean &apos;processEngineConfiguration&apos;
10:48:04,749 [main] DEBUG org.activiti.engine.impl.cfg.ProcessEngineConfigurationImpl  - initializing datasource to db: jdbc:h2:mem:activiti
10:48:04,749 [main] DEBUG org.apache.ibatis.datasource.pooled.PooledDataSource  - PooledDataSource forcefully closed/removed all connections.
10:48:04,749 [main] DEBUG org.apache.ibatis.datasource.pooled.PooledDataSource  - Created connection 1550073702.
10:48:04,749 [main] DEBUG org.activiti.engine.impl.cfg.ProcessEngineConfigurationImpl  - database product name: &apos;H2&apos;
10:48:04,749 [main] DEBUG org.activiti.engine.impl.cfg.ProcessEngineConfigurationImpl  - using database type: h2
10:48:04,749 [main] DEBUG org.apache.ibatis.datasource.pooled.PooledDataSource  - Returned connection 1550073702 to pool.
10:48:04,787 [Thread-102] DEBUG org.activiti.engine.impl.asyncexecutor.AcquireTimerJobsRunnable  - timer job acquisition thread woke up
10:48:04,787 [Thread-102] DEBUG org.activiti.engine.impl.interceptor.LogInterceptor  - 

10:48:04,787 [Thread-102] DEBUG org.activiti.engine.impl.interceptor.LogInterceptor  - --- starting AcquireTimerJobsCmd --------------------------------------------------------
10:48:04,787 [Thread-102] DEBUG org.apache.ibatis.transaction.jdbc.JdbcTransaction  - Opening JDBC Connection
10:48:04,787 [Thread-102] DEBUG org.apache.ibatis.datasource.pooled.PooledDataSource  - Checked out connection 33534803 from pool.
10:48:04,787 [Thread-102] DEBUG org.apache.ibatis.transaction.jdbc.JdbcTransaction  - Setting autocommit to false on JDBC Connection [conn60: url=jdbc:h2:mem:activiti-AsyncExecutorTest user=SA]
10:48:04,787 [Thread-102] DEBUG org.activiti.engine.impl.persistence.entity.JobEntity.selectNextTimerJobsToExecute  - ==&gt;  Preparing: select RES.* from ACT_RU_JOB RES LEFT OUTER JOIN ACT_RU_EXECUTION PI ON PI.ID_ = RES.PROCESS_INSTANCE_ID_ where (RES.RETRIES_ &gt; 0) and (RES.DUEDATE_ is null or RES.DUEDATE_ &lt;= ?) and (RES.LOCK_OWNER_ is null or RES.LOCK_EXP_TIME_ &lt;= ?) and TYPE_ = &apos;timer&apos; and ( (RES.EXECUTION_ID_ is null) or (PI.SUSPENSION_STATE_ = 1) ) LIMIT ? OFFSET ? 
10:48:04,787 [Thread-102] DEBUG org.activiti.engine.impl.persistence.entity.JobEntity.selectNextTimerJobsToExecute  - ==&gt; Parameters: 2023-03-20 10:48:04.787(Timestamp), 2023-03-20 10:48:04.787(Timestamp), 1(Integer), 0(Integer)
10:48:04,787 [Thread-102] DEBUG org.activiti.engine.impl.persistence.entity.JobEntity.selectNextTimerJobsToExecute  - &lt;==      Total: 0
10:48:04,787 [Thread-102] DEBUG org.activiti.engine.impl.db.DbSqlSession  - flush summary: 0 insert, 0 update, 0 delete.
10:48:04,787 [Thread-102] DEBUG org.activiti.engine.impl.db.DbSqlSession  - now executing flush...
10:48:04,787 [Thread-102] DEBUG org.activiti.engine.impl.cfg.standalone.StandaloneMybatisTransactionContext  - firing event committing...
10:48:04,787 [Thread-102] DEBUG org.activiti.engine.impl.cfg.standalone.StandaloneMybatisTransactionContext  - committing the ibatis sql session...
10:48:04,787 [Thread-102] DEBUG org.activiti.engine.impl.cfg.standalone.StandaloneMybatisTransactionContext  - firing event committed...
10:48:04,787 [Thread-102] DEBUG org.apache.ibatis.transaction.jdbc.JdbcTransaction  - Resetting autocommit to true on JDBC Connection [conn60: url=jdbc:h2:mem:activiti-AsyncExecutorTest user=SA]
10:48:04,787 [Thread-102] DEBUG org.apache.ibatis.transaction.jdbc.JdbcTransaction  - Closing JDBC Connection [conn60: url=jdbc:h2:mem:activiti-AsyncExecutorTest user=SA]
10:48:04,787 [Thread-102] DEBUG org.apache.ibatis.datasource.pooled.PooledDataSource  - Returned connection 33534803 to pool.
10:48:04,787 [Thread-102] DEBUG org.activiti.engine.impl.interceptor.LogInterceptor  - --- AcquireTimerJobsCmd finished --------------------------------------------------------
10:48:04,787 [Thread-102] DEBUG org.activiti.engine.impl.interceptor.LogInterceptor  - 

10:48:04,787 [Thread-102] DEBUG org.activiti.engine.impl.asyncexecutor.AcquireTimerJobsRunnable  - timer job acquisition thread sleeping for 50 millis
10:48:04,787 [Thread-103] DEBUG org.activiti.engine.impl.asyncexecutor.AcquireAsyncJobsDueRunnable  - async job acquisition thread woke up
10:48:04,788 [Thread-111] DEBUG org.activiti.engine.impl.asyncexecutor.AcquireTimerJobsRunnable  - timer job acquisition thread woke up
10:48:04,788 [Thread-105] DEBUG org.activiti.engine.impl.asyncexecutor.AcquireTimerJobsRunnable  - timer job acquisition thread woke up
10:48:04,788 [Thread-103] DEBUG org.activiti.engine.impl.interceptor.LogInterceptor  - 

10:48:04,788 [Thread-105] DEBUG org.activiti.engine.impl.interceptor.LogInterceptor  - 

10:48:04,788 [Thread-111] DEBUG org.activiti.engine.impl.interceptor.LogInterceptor  - 

10:48:04,788 [Thread-111] DEBUG org.activiti.engine.impl.interceptor.LogInterceptor  - --- starting AcquireTimerJobsCmd --------------------------------------------------------
10:48:04,788 [Thread-105] DEBUG org.activiti.engine.impl.interceptor.LogInterceptor  - --- starting AcquireTimerJobsCmd --------------------------------------------------------
10:48:04,788 [Thread-103] DEBUG org.activiti.engine.impl.interceptor.LogInterceptor  - --- starting AcquireAsyncJobsDueCmd --------------------------------------------------------
10:48:04,788 [Thread-105] DEBUG org.apache.ibatis.transaction.jdbc.JdbcTransaction  - Opening JDBC Connection
10:48:04,788 [Thread-111] DEBUG org.apache.ibatis.transaction.jdbc.JdbcTransaction  - Opening JDBC Connection
10:48:04,788 [Thread-105] DEBUG org.apache.ibatis.datasource.pooled.PooledDataSource  - Checked out connection 996762054 from pool.
10:48:04,788 [Thread-105] DEBUG org.apache.ibatis.transaction.jdbc.JdbcTransaction  - Setting autocommit to false on JDBC Connection [conn65: url=jdbc:h2:mem:activiti-AsyncExecutorTest user=SA]
10:48:04,788 [Thread-103] DEBUG org.apache.ibatis.transaction.jdbc.JdbcTransaction  - Opening JDBC Connection
10:48:04,788 [Thread-103] DEBUG org.apache.ibatis.datasource.pooled.PooledDataSource  - Checked out connection 157985567 from pool.
10:48:04,788 [Thread-105] DEBUG org.activiti.engine.impl.persistence.entity.JobEntity.selectNextTimerJobsToExecute  - ==&gt;  Preparing: select RES.* from ACT_RU_JOB RES LEFT OUTER JOIN ACT_RU_EXECUTION PI ON PI.ID_ = RES.PROCESS_INSTANCE_ID_ where (RES.RETRIES_ &gt; 0) and (RES.DUEDATE_ is null or RES.DUEDATE_ &lt;= ?) and (RES.LOCK_OWNER_ is null or RES.LOCK_EXP_TIME_ &lt;= ?) and TYPE_ = &apos;timer&apos; and ( (RES.EXECUTION_ID_ is null) or (PI.SUSPENSION_STATE_ = 1) ) LIMIT ? OFFSET ? 
10:48:04,788 [Thread-111] DEBUG org.apache.ibatis.datasource.pooled.PooledDataSource  - Checked out connection 58501658 from pool.
10:48:04,788 [Thread-105] DEBUG org.activiti.engine.impl.persistence.entity.JobEntity.selectNextTimerJobsToExecute  - ==&gt; Parameters: 2023-03-20 10:48:04.788(Timestamp), 2023-03-20 10:48:04.788(Timestamp), 1(Integer), 0(Integer)
10:48:04,788 [Thread-103] DEBUG org.apache.ibatis.transaction.jdbc.JdbcTransaction  - Setting autocommit to false on JDBC Connection [conn61: url=jdbc:h2:mem:activiti-AsyncExecutorTest user=SA]
10:48:04,788 [Thread-105] DEBUG org.activiti.engine.impl.persistence.entity.JobEntity.selectNextTimerJobsToExecute  - &lt;==      Total: 0
10:48:04,788 [Thread-111] DEBUG org.apache.ibatis.transaction.jdbc.JdbcTransaction  - Setting autocommit to false on JDBC Connection [conn68: url=jdbc:h2:mem:activiti-AsyncExecutorTest user=SA]
10:48:04,788 [Thread-105] DEBUG org.activiti.engine.impl.db.DbSqlSession  - flush summary: 0 insert, 0 update, 0 delete.
10:48:04,788 [Thread-105] DEBUG org.activiti.engine.impl.db.DbSqlSession  - now executing flush...
10:48:04,788 [Thread-103] DEBUG org.activiti.engine.impl.persistence.entity.JobEntity.selectAsyncJobsDueToExecute  - ==&gt;  Preparing: select RES.* from ACT_RU_JOB RES LEFT OUTER JOIN ACT_RU_EXECUTION PI ON PI.ID_ = RES.PROCESS_INSTANCE_ID_ where RES.RETRIES_ &gt; 0 and RES.DUEDATE_ is not null and RES.DUEDATE_ &lt;= ? and (RES.LOCK_EXP_TIME_ is null or RES.LOCK_EXP_TIME_ &lt;= ?) and TYPE_ = &apos;message&apos; and ( (RES.EXECUTION_ID_ is null) or (PI.SUSPENSION_STATE_ = 1) ) LIMIT ? OFFSET ? 
10:48:04,788 [Thread-105] DEBUG org.activiti.engine.impl.cfg.standalone.StandaloneMybatisTransactionContext  - firing event committing...
10:48:04,789 [Thread-105] DEBUG org.activiti.engine.impl.cfg.standalone.StandaloneMybatisTransactionContext  - committing the ibatis sql session...
10:48:04,788 [Thread-111] DEBUG org.activiti.engine.impl.persistence.entity.JobEntity.selectNextTimerJobsToExecute  - ==&gt;  Preparing: select RES.* from ACT_RU_JOB RES LEFT OUTER JOIN ACT_RU_EXECUTION PI ON PI.ID_ = RES.PROCESS_INSTANCE_ID_ where (RES.RETRIES_ &gt; 0) and (RES.DUEDATE_ is null or RES.DUEDATE_ &lt;= ?) and (RES.LOCK_OWNER_ is null or RES.LOCK_EXP_TIME_ &lt;= ?) and TYPE_ = &apos;timer&apos; and ( (RES.EXECUTION_ID_ is null) or (PI.SUSPENSION_STATE_ = 1) ) LIMIT ? OFFSET ? 
10:48:04,789 [Thread-105] DEBUG org.activiti.engine.impl.cfg.standalone.StandaloneMybatisTransactionContext  - firing event committed...
10:48:04,789 [Thread-103] DEBUG org.activiti.engine.impl.persistence.entity.JobEntity.selectAsyncJobsDueToExecute  - ==&gt; Parameters: 2023-03-20 10:48:04.788(Timestamp), 2023-03-20 10:48:04.788(Timestamp), 1(Integer), 0(Integer)
10:48:04,789 [Thread-105] DEBUG org.apache.ibatis.transaction.jdbc.JdbcTransaction  - Resetting autocommit to true on JDBC Connection [conn65: url=jdbc:h2:mem:activiti-AsyncExecutorTest user=SA]
10:48:04,789 [Thread-111] DEBUG org.activiti.engine.impl.persistence.entity.JobEntity.selectNextTimerJobsToExecute  - ==&gt; Parameters: 2023-03-20 10:48:04.788(Timestamp), 2023-03-20 10:48:04.788(Timestamp), 1(Integer), 0(Integer)
10:48:04,789 [Thread-105] DEBUG org.apache.ibatis.transaction.jdbc.JdbcTransaction  - Closing JDBC Connection [conn65: url=jdbc:h2:mem:activiti-AsyncExecutorTest user=SA]
10:48:04,789 [Thread-103] DEBUG org.activiti.engine.impl.persistence.entity.JobEntity.selectAsyncJobsDueToExecute  - &lt;==      Total: 0
10:48:04,789 [Thread-105] DEBUG org.apache.ibatis.datasource.pooled.PooledDataSource  - Returned connection 996762054 to pool.
10:48:04,789 [Thread-111] DEBUG org.activiti.engine.impl.persistence.entity.JobEntity.selectNextTimerJobsToExecute  - &lt;==      Total: 0
10:48:04,789 [Thread-105] DEBUG org.activiti.engine.impl.interceptor.LogInterceptor  - --- AcquireTimerJobsCmd finished --------------------------------------------------------
10:48:04,789 [Thread-105] DEBUG org.activiti.engine.impl.interceptor.LogInterceptor  - 

10:48:04,789 [Thread-103] DEBUG org.activiti.engine.impl.db.DbSqlSession  - flush summary: 0 insert, 0 update, 0 delete.
10:48:04,789 [Thread-103] DEBUG org.activiti.engine.impl.db.DbSqlSession  - now executing flush...
10:48:04,789 [Thread-105] DEBUG org.activiti.engine.impl.asyncexecutor.AcquireTimerJobsRunnable  - timer job acquisition thread sleeping for 50 millis
10:48:04,789 [Thread-111] DEBUG org.activiti.engine.impl.db.DbSqlSession  - flush summary: 0 insert, 0 update, 0 delete.
10:48:04,789 [Thread-111] DEBUG org.activiti.engine.impl.db.DbSqlSession  - now executing flush...
10:48:04,789 [Thread-111] DEBUG org.activiti.engine.impl.cfg.standalone.StandaloneMybatisTransactionContext  - firing event committing...
10:48:04,789 [Thread-111] DEBUG org.activiti.engine.impl.cfg.standalone.StandaloneMybatisTransactionContext  - committing the ibatis sql session...
10:48:04,789 [Thread-111] DEBUG org.activiti.engine.impl.cfg.standalone.StandaloneMybatisTransactionContext  - firing event committed...
10:48:04,789 [Thread-103] DEBUG org.activiti.engine.impl.cfg.standalone.StandaloneMybatisTransactionContext  - firing event committing...
10:48:04,789 [Thread-103] DEBUG org.activiti.engine.impl.cfg.standalone.StandaloneMybatisTransactionContext  - committing the ibatis sql session...
10:48:04,789 [Thread-103] DEBUG org.activiti.engine.impl.cfg.standalone.StandaloneMybatisTransactionContext  - firing event committed...
10:48:04,789 [Thread-111] DEBUG org.apache.ibatis.transaction.jdbc.JdbcTransaction  - Resetting autocommit to true on JDBC Connection [conn68: url=jdbc:h2:mem:activiti-AsyncExecutorTest user=SA]
10:48:04,789 [Thread-103] DEBUG org.apache.ibatis.transaction.jdbc.JdbcTransaction  - Resetting autocommit to true on JDBC Connection [conn61: url=jdbc:h2:mem:activiti-AsyncExecutorTest user=SA]
10:48:04,789 [Thread-111] DEBUG org.apache.ibatis.transaction.jdbc.JdbcTransaction  - Closing JDBC Connection [conn68: url=jdbc:h2:mem:activiti-AsyncExecutorTest user=SA]
10:48:04,789 [Thread-103] DEBUG org.apache.ibatis.transaction.jdbc.JdbcTransaction  - Closing JDBC Connection [conn61: url=jdbc:h2:mem:activiti-AsyncExecutorTest user=SA]
10:48:04,789 [Thread-111] DEBUG org.apache.ibatis.datasource.pooled.PooledDataSource  - Returned connection 58501658 to pool.
10:48:04,790 [Thread-103] DEBUG org.apache.ibatis.datasource.pooled.PooledDataSource  - Returned connection 157985567 to pool.
10:48:04,790 [Thread-111] DEBUG org.activiti.engine.impl.interceptor.LogInterceptor  - --- AcquireTimerJobsCmd finished --------------------------------------------------------
10:48:04,790 [Thread-111] DEBUG org.activiti.engine.impl.interceptor.LogInterceptor  - 

10:48:04,790 [Thread-111] DEBUG org.activiti.engine.impl.asyncexecutor.AcquireTimerJobsRunnable  - timer job acquisition thread sleeping for 50 millis
10:48:04,790 [Thread-103] DEBUG org.activiti.engine.impl.interceptor.LogInterceptor  - --- AcquireAsyncJobsDueCmd finished --------------------------------------------------------
10:48:04,790 [Thread-103] DEBUG org.activiti.engine.impl.interceptor.LogInterceptor  - 

10:48:04,790 [Thread-103] DEBUG org.activiti.engine.impl.asyncexecutor.AcquireAsyncJobsDueRunnable  - async job acquisition thread sleeping for 50 millis
10:48:04,795 [Thread-106] DEBUG org.activiti.engine.impl.asyncexecutor.AcquireAsyncJobsDueRunnable  - async job acquisition thread woke up
10:48:04,795 [Thread-112] DEBUG org.activiti.engine.impl.asyncexecutor.AcquireAsyncJobsDueRunnable  - async job acquisition thread woke up
10:48:04,795 [Thread-112] DEBUG org.activiti.engine.impl.interceptor.LogInterceptor  - 

10:48:04,795 [Thread-106] DEBUG org.activiti.engine.impl.interceptor.LogInterceptor  - 

10:48:04,795 [Thread-112] DEBUG org.activiti.engine.impl.interceptor.LogInterceptor  - --- starting AcquireAsyncJobsDueCmd --------------------------------------------------------
10:48:04,795 [Thread-106] DEBUG org.activiti.engine.impl.interceptor.LogInterceptor  - --- starting AcquireAsyncJobsDueCmd --------------------------------------------------------
10:48:04,795 [Thread-112] DEBUG org.apache.ibatis.transaction.jdbc.JdbcTransaction  - Opening JDBC Connection
10:48:04,795 [Thread-106] DEBUG org.apache.ibatis.transaction.jdbc.JdbcTransaction  - Opening JDBC Connection
10:48:04,795 [Thread-106] DEBUG org.apache.ibatis.datasource.pooled.PooledDataSource  - Checked out connection 54468349 from pool.
10:48:04,795 [Thread-112] DEBUG org.apache.ibatis.datasource.pooled.PooledDataSource  - Checked out connection 604408605 from pool.
10:48:04,795 [Thread-106] DEBUG org.apache.ibatis.transaction.jdbc.JdbcTransaction  - Setting autocommit to false on JDBC Connection [conn64: url=jdbc:h2:mem:activiti-AsyncExecutorTest user=SA]
10:48:04,795 [Thread-112] DEBUG org.apache.ibatis.transaction.jdbc.JdbcTransaction  - Setting autocommit to false on JDBC Connection [conn70: url=jdbc:h2:mem:activiti-AsyncExecutorTest user=SA]
10:48:04,795 [Thread-106] DEBUG org.activiti.engine.impl.persistence.entity.JobEntity.selectAsyncJobsDueToExecute  - ==&gt;  Preparing: select RES.* from ACT_RU_JOB RES LEFT OUTER JOIN ACT_RU_EXECUTION PI ON PI.ID_ = RES.PROCESS_INSTANCE_ID_ where RES.RETRIES_ &gt; 0 and RES.DUEDATE_ is not null and RES.DUEDATE_ &lt;= ? and (RES.LOCK_EXP_TIME_ is null or RES.LOCK_EXP_TIME_ &lt;= ?) and TYPE_ = &apos;message&apos; and ( (RES.EXECUTION_ID_ is null) or (PI.SUSPENSION_STATE_ = 1) ) LIMIT ? OFFSET ? 
10:48:04,796 [Thread-112] DEBUG org.activiti.engine.impl.persistence.entity.JobEntity.selectAsyncJobsDueToExecute  - ==&gt;  Preparing: select RES.* from ACT_RU_JOB RES LEFT OUTER JOIN ACT_RU_EXECUTION PI ON PI.ID_ = RES.PROCESS_INSTANCE_ID_ where RES.RETRIES_ &gt; 0 and RES.DUEDATE_ is not null and RES.DUEDATE_ &lt;= ? and (RES.LOCK_EXP_TIME_ is null or RES.LOCK_EXP_TIME_ &lt;= ?) and TYPE_ = &apos;message&apos; and ( (RES.EXECUTION_ID_ is null) or (PI.SUSPENSION_STATE_ = 1) ) LIMIT ? OFFSET ? 
10:48:04,796 [Thread-106] DEBUG org.activiti.engine.impl.persistence.entity.JobEntity.selectAsyncJobsDueToExecute  - ==&gt; Parameters: 2023-03-20 10:48:04.795(Timestamp), 2023-03-20 10:48:04.795(Timestamp), 1(Integer), 0(Integer)
10:48:04,796 [Thread-112] DEBUG org.activiti.engine.impl.persistence.entity.JobEntity.selectAsyncJobsDueToExecute  - ==&gt; Parameters: 2023-03-20 10:48:04.795(Timestamp), 2023-03-20 10:48:04.795(Timestamp), 1(Integer), 0(Integer)
10:48:04,796 [Thread-106] DEBUG org.activiti.engine.impl.persistence.entity.JobEntity.selectAsyncJobsDueToExecute  - &lt;==      Total: 0
10:48:04,796 [Thread-112] DEBUG org.activiti.engine.impl.persistence.entity.JobEntity.selectAsyncJobsDueToExecute  - &lt;==      Total: 0
10:48:04,796 [Thread-106] DEBUG org.activiti.engine.impl.db.DbSqlSession  - flush summary: 0 insert, 0 update, 0 delete.
10:48:04,796 [Thread-106] DEBUG org.activiti.engine.impl.db.DbSqlSession  - now executing flush...
10:48:04,796 [Thread-112] DEBUG org.activiti.engine.impl.db.DbSqlSession  - flush summary: 0 insert, 0 update, 0 delete.
10:48:04,796 [Thread-112] DEBUG org.activiti.engine.impl.db.DbSqlSession  - now executing flush...
10:48:04,796 [Thread-106] DEBUG org.activiti.engine.impl.cfg.standalone.StandaloneMybatisTransactionContext  - firing event committing...
10:48:04,796 [Thread-106] DEBUG org.activiti.engine.impl.cfg.standalone.StandaloneMybatisTransactionContext  - committing the ibatis sql session...
10:48:04,796 [Thread-112] DEBUG org.activiti.engine.impl.cfg.standalone.StandaloneMybatisTransactionContext  - firing event committing...
10:48:04,796 [Thread-112] DEBUG org.activiti.engine.impl.cfg.standalone.StandaloneMybatisTransactionContext  - committing the ibatis sql session...
10:48:04,796 [Thread-106] DEBUG org.activiti.engine.impl.cfg.standalone.StandaloneMybatisTransactionContext  - firing event committed...
10:48:04,796 [Thread-112] DEBUG org.activiti.engine.impl.cfg.standalone.StandaloneMybatisTransactionContext  - firing event committed...
10:48:04,796 [Thread-106] DEBUG org.apache.ibatis.transaction.jdbc.JdbcTransaction  - Resetting autocommit to true on JDBC Connection [conn64: url=jdbc:h2:mem:activiti-AsyncExecutorTest user=SA]
10:48:04,796 [Thread-112] DEBUG org.apache.ibatis.transaction.jdbc.JdbcTransaction  - Resetting autocommit to true on JDBC Connection [conn70: url=jdbc:h2:mem:activiti-AsyncExecutorTest user=SA]
10:48:04,796 [Thread-112] DEBUG org.apache.ibatis.transaction.jdbc.JdbcTransaction  - Closing JDBC Connection [conn70: url=jdbc:h2:mem:activiti-AsyncExecutorTest user=SA]
10:48:04,796 [Thread-106] DEBUG org.apache.ibatis.transaction.jdbc.JdbcTransaction  - Closing JDBC Connection [conn64: url=jdbc:h2:mem:activiti-AsyncExecutorTest user=SA]
10:48:04,796 [Thread-112] DEBUG org.apache.ibatis.datasource.pooled.PooledDataSource  - Returned connection 604408605 to pool.
10:48:04,796 [Thread-106] DEBUG org.apache.ibatis.datasource.pooled.PooledDataSource  - Returned connection 54468349 to pool.
10:48:04,796 [Thread-112] DEBUG org.activiti.engine.impl.interceptor.LogInterceptor  - --- AcquireAsyncJobsDueCmd finished --------------------------------------------------------
10:48:04,796 [Thread-112] DEBUG org.activiti.engine.impl.interceptor.LogInterceptor  - 

10:48:04,796 [Thread-106] DEBUG org.activiti.engine.impl.interceptor.LogInterceptor  - --- AcquireAsyncJobsDueCmd finished --------------------------------------------------------
10:48:04,796 [Thread-106] DEBUG org.activiti.engine.impl.interceptor.LogInterceptor  - 

10:48:04,796 [Thread-112] DEBUG org.activiti.engine.impl.asyncexecutor.AcquireAsyncJobsDueRunnable  - async job acquisition thread sleeping for 50 millis
10:48:04,796 [Thread-106] DEBUG org.activiti.engine.impl.asyncexecutor.AcquireAsyncJobsDueRunnable  - async job acquisition thread sleeping for 50 millis
10:48:04,852 [Thread-103] DEBUG org.activiti.engine.impl.asyncexecutor.AcquireAsyncJobsDueRunnable  - async job acquisition thread woke up
10:48:04,852 [Thread-112] DEBUG org.activiti.engine.impl.asyncexecutor.AcquireAsyncJobsDueRunnable  - async job acquisition thread woke up
10:48:04,852 [Thread-106] DEBUG org.activiti.engine.impl.asyncexecutor.AcquireAsyncJobsDueRunnable  - async job acquisition thread woke up
10:48:04,852 [Thread-106] DEBUG org.activiti.engine.impl.interceptor.LogInterceptor  - 

10:48:04,852 [Thread-102] DEBUG org.activiti.engine.impl.asyncexecutor.AcquireTimerJobsRunnable  - timer job acquisition thread woke up
10:48:04,852 [Thread-111] DEBUG org.activiti.engine.impl.asyncexecutor.AcquireTimerJobsRunnable  - timer job acquisition thread woke up
10:48:04,852 [Thread-111] DEBUG org.activiti.engine.impl.interceptor.LogInterceptor  - 

10:48:04,852 [Thread-105] DEBUG org.activiti.engine.impl.asyncexecutor.AcquireTimerJobsRunnable  - timer job acquisition thread woke up
10:48:04,852 [Thread-111] DEBUG org.activiti.engine.impl.interceptor.LogInterceptor  - --- starting AcquireTimerJobsCmd --------------------------------------------------------
10:48:04,852 [Thread-102] DEBUG org.activiti.engine.impl.interceptor.LogInterceptor  - 

10:48:04,852 [Thread-111] DEBUG org.apache.ibatis.transaction.jdbc.JdbcTransaction  - Opening JDBC Connection
10:48:04,852 [Thread-106] DEBUG org.activiti.engine.impl.interceptor.LogInterceptor  - --- starting AcquireAsyncJobsDueCmd --------------------------------------------------------
10:48:04,852 [Thread-112] DEBUG org.activiti.engine.impl.interceptor.LogInterceptor  - 

10:48:04,852 [Thread-112] DEBUG org.activiti.engine.impl.interceptor.LogInterceptor  - --- starting AcquireAsyncJobsDueCmd --------------------------------------------------------
10:48:04,852 [Thread-103] DEBUG org.activiti.engine.impl.interceptor.LogInterceptor  - 

10:48:04,852 [Thread-112] DEBUG org.apache.ibatis.transaction.jdbc.JdbcTransaction  - Opening JDBC Connection
10:48:04,852 [Thread-106] DEBUG org.apache.ibatis.transaction.jdbc.JdbcTransaction  - Opening JDBC Connection
10:48:04,852 [Thread-111] DEBUG org.apache.ibatis.datasource.pooled.PooledDataSource  - Checked out connection 1863805930 from pool.
10:48:04,852 [Thread-102] DEBUG org.activiti.engine.impl.interceptor.LogInterceptor  - --- starting AcquireTimerJobsCmd --------------------------------------------------------
10:48:04,852 [Thread-105] DEBUG org.activiti.engine.impl.interceptor.LogInterceptor  - 

10:48:04,853 [Thread-102] DEBUG org.apache.ibatis.transaction.jdbc.JdbcTransaction  - Opening JDBC Connection
10:48:04,853 [Thread-111] DEBUG org.apache.ibatis.transaction.jdbc.JdbcTransaction  - Setting autocommit to false on JDBC Connection [conn69: url=jdbc:h2:mem:activiti-AsyncExecutorTest user=SA]
10:48:04,852 [Thread-112] DEBUG org.apache.ibatis.datasource.pooled.PooledDataSource  - Checked out connection 58501658 from pool.
10:48:04,852 [Thread-106] DEBUG org.apache.ibatis.datasource.pooled.PooledDataSource  - Checked out connection 1970103261 from pool.
10:48:04,852 [Thread-103] DEBUG org.activiti.engine.impl.interceptor.LogInterceptor  - --- starting AcquireAsyncJobsDueCmd --------------------------------------------------------
10:48:04,853 [Thread-106] DEBUG org.apache.ibatis.transaction.jdbc.JdbcTransaction  - Setting autocommit to false on JDBC Connection [conn63: url=jdbc:h2:mem:activiti-AsyncExecutorTest user=SA]
10:48:04,853 [Thread-112] DEBUG org.apache.ibatis.transaction.jdbc.JdbcTransaction  - Setting autocommit to false on JDBC Connection [conn68: url=jdbc:h2:mem:activiti-AsyncExecutorTest user=SA]
10:48:04,853 [Thread-111] DEBUG org.activiti.engine.impl.persistence.entity.JobEntity.selectNextTimerJobsToExecute  - ==&gt;  Preparing: select RES.* from ACT_RU_JOB RES LEFT OUTER JOIN ACT_RU_EXECUTION PI ON PI.ID_ = RES.PROCESS_INSTANCE_ID_ where (RES.RETRIES_ &gt; 0) and (RES.DUEDATE_ is null or RES.DUEDATE_ &lt;= ?) and (RES.LOCK_OWNER_ is null or RES.LOCK_EXP_TIME_ &lt;= ?) and TYPE_ = &apos;timer&apos; and ( (RES.EXECUTION_ID_ is null) or (PI.SUSPENSION_STATE_ = 1) ) LIMIT ? OFFSET ? 
10:48:04,853 [Thread-102] DEBUG org.apache.ibatis.datasource.pooled.PooledDataSource  - Checked out connection 720039383 from pool.
10:48:04,853 [Thread-105] DEBUG org.activiti.engine.impl.interceptor.LogInterceptor  - --- starting AcquireTimerJobsCmd --------------------------------------------------------
10:48:04,853 [Thread-102] DEBUG org.apache.ibatis.transaction.jdbc.JdbcTransaction  - Setting autocommit to false on JDBC Connection [conn59: url=jdbc:h2:mem:activiti-AsyncExecutorTest user=SA]
10:48:04,853 [Thread-111] DEBUG org.activiti.engine.impl.persistence.entity.JobEntity.selectNextTimerJobsToExecute  - ==&gt; Parameters: 2023-03-20 10:48:04.852(Timestamp), 2023-03-20 10:48:04.852(Timestamp), 1(Integer), 0(Integer)
10:48:04,853 [Thread-112] DEBUG org.activiti.engine.impl.persistence.entity.JobEntity.selectAsyncJobsDueToExecute  - ==&gt;  Preparing: select RES.* from ACT_RU_JOB RES LEFT OUTER JOIN ACT_RU_EXECUTION PI ON PI.ID_ = RES.PROCESS_INSTANCE_ID_ where RES.RETRIES_ &gt; 0 and RES.DUEDATE_ is not null and RES.DUEDATE_ &lt;= ? and (RES.LOCK_EXP_TIME_ is null or RES.LOCK_EXP_TIME_ &lt;= ?) and TYPE_ = &apos;message&apos; and ( (RES.EXECUTION_ID_ is null) or (PI.SUSPENSION_STATE_ = 1) ) LIMIT ? OFFSET ? 
10:48:04,853 [Thread-106] DEBUG org.activiti.engine.impl.persistence.entity.JobEntity.selectAsyncJobsDueToExecute  - ==&gt;  Preparing: select RES.* from ACT_RU_JOB RES LEFT OUTER JOIN ACT_RU_EXECUTION PI ON PI.ID_ = RES.PROCESS_INSTANCE_ID_ where RES.RETRIES_ &gt; 0 and RES.DUEDATE_ is not null and RES.DUEDATE_ &lt;= ? and (RES.LOCK_EXP_TIME_ is null or RES.LOCK_EXP_TIME_ &lt;= ?) and TYPE_ = &apos;message&apos; and ( (RES.EXECUTION_ID_ is null) or (PI.SUSPENSION_STATE_ = 1) ) LIMIT ? OFFSET ? 
10:48:04,853 [Thread-103] DEBUG org.apache.ibatis.transaction.jdbc.JdbcTransaction  - Opening JDBC Connection
10:48:04,853 [Thread-106] DEBUG org.activiti.engine.impl.persistence.entity.JobEntity.selectAsyncJobsDueToExecute  - ==&gt; Parameters: 2023-03-20 10:48:04.852(Timestamp), 2023-03-20 10:48:04.852(Timestamp), 1(Integer), 0(Integer)
10:48:04,853 [Thread-112] DEBUG org.activiti.engine.impl.persistence.entity.JobEntity.selectAsyncJobsDueToExecute  - ==&gt; Parameters: 2023-03-20 10:48:04.852(Timestamp), 2023-03-20 10:48:04.852(Timestamp), 1(Integer), 0(Integer)
10:48:04,853 [Thread-111] DEBUG org.activiti.engine.impl.persistence.entity.JobEntity.selectNextTimerJobsToExecute  - &lt;==      Total: 0
10:48:04,853 [Thread-102] DEBUG org.activiti.engine.impl.persistence.entity.JobEntity.selectNextTimerJobsToExecute  - ==&gt;  Preparing: select RES.* from ACT_RU_JOB RES LEFT OUTER JOIN ACT_RU_EXECUTION PI ON PI.ID_ = RES.PROCESS_INSTANCE_ID_ where (RES.RETRIES_ &gt; 0) and (RES.DUEDATE_ is null or RES.DUEDATE_ &lt;= ?) and (RES.LOCK_OWNER_ is null or RES.LOCK_EXP_TIME_ &lt;= ?) and TYPE_ = &apos;timer&apos; and ( (RES.EXECUTION_ID_ is null) or (PI.SUSPENSION_STATE_ = 1) ) LIMIT ? OFFSET ? 
10:48:04,853 [Thread-105] DEBUG org.apache.ibatis.transaction.jdbc.JdbcTransaction  - Opening JDBC Connection
10:48:04,853 [Thread-102] DEBUG org.activiti.engine.impl.persistence.entity.JobEntity.selectNextTimerJobsToExecute  - ==&gt; Parameters: 2023-03-20 10:48:04.853(Timestamp), 2023-03-20 10:48:04.853(Timestamp), 1(Integer), 0(Integer)
10:48:04,853 [Thread-111] DEBUG org.activiti.engine.impl.db.DbSqlSession  - flush summary: 0 insert, 0 update, 0 delete.
10:48:04,854 [Thread-111] DEBUG org.activiti.engine.impl.db.DbSqlSession  - now executing flush...
10:48:04,853 [Thread-112] DEBUG org.activiti.engine.impl.persistence.entity.JobEntity.selectAsyncJobsDueToExecute  - &lt;==      Total: 0
10:48:04,853 [Thread-106] DEBUG org.activiti.engine.impl.persistence.entity.JobEntity.selectAsyncJobsDueToExecute  - &lt;==      Total: 0
10:48:04,853 [Thread-103] DEBUG org.apache.ibatis.datasource.pooled.PooledDataSource  - Checked out connection 33534803 from pool.
10:48:04,854 [Thread-106] DEBUG org.activiti.engine.impl.db.DbSqlSession  - flush summary: 0 insert, 0 update, 0 delete.
10:48:04,854 [Thread-106] DEBUG org.activiti.engine.impl.db.DbSqlSession  - now executing flush...
10:48:04,854 [Thread-112] DEBUG org.activiti.engine.impl.db.DbSqlSession  - flush summary: 0 insert, 0 update, 0 delete.
10:48:04,854 [Thread-112] DEBUG org.activiti.engine.impl.db.DbSqlSession  - now executing flush...
10:48:04,854 [Thread-112] DEBUG org.activiti.engine.impl.cfg.standalone.StandaloneMybatisTransactionContext  - firing event committing...
10:48:04,854 [Thread-112] DEBUG org.activiti.engine.impl.cfg.standalone.StandaloneMybatisTransactionContext  - committing the ibatis sql session...
10:48:04,854 [Thread-111] DEBUG org.activiti.engine.impl.cfg.standalone.StandaloneMybatisTransactionContext  - firing event committing...
10:48:04,854 [Thread-111] DEBUG org.activiti.engine.impl.cfg.standalone.StandaloneMybatisTransactionContext  - committing the ibatis sql session...
10:48:04,854 [Thread-102] DEBUG org.activiti.engine.impl.persistence.entity.JobEntity.selectNextTimerJobsToExecute  - &lt;==      Total: 0
10:48:04,853 [Thread-105] DEBUG org.apache.ibatis.datasource.pooled.PooledDataSource  - Checked out connection 996762054 from pool.
10:48:04,854 [Thread-102] DEBUG org.activiti.engine.impl.db.DbSqlSession  - flush summary: 0 insert, 0 update, 0 delete.
10:48:04,854 [Thread-102] DEBUG org.activiti.engine.impl.db.DbSqlSession  - now executing flush...
10:48:04,854 [Thread-111] DEBUG org.activiti.engine.impl.cfg.standalone.StandaloneMybatisTransactionContext  - firing event committed...
10:48:04,854 [Thread-112] DEBUG org.activiti.engine.impl.cfg.standalone.StandaloneMybatisTransactionContext  - firing event committed...
10:48:04,854 [Thread-106] DEBUG org.activiti.engine.impl.cfg.standalone.StandaloneMybatisTransactionContext  - firing event committing...
10:48:04,854 [Thread-106] DEBUG org.activiti.engine.impl.cfg.standalone.StandaloneMybatisTransactionContext  - committing the ibatis sql session...
10:48:04,854 [Thread-103] DEBUG org.apache.ibatis.transaction.jdbc.JdbcTransaction  - Setting autocommit to false on JDBC Connection [conn60: url=jdbc:h2:mem:activiti-AsyncExecutorTest user=SA]
10:48:04,854 [Thread-106] DEBUG org.activiti.engine.impl.cfg.standalone.StandaloneMybatisTransactionContext  - firing event committed...
10:48:04,854 [Thread-112] DEBUG org.apache.ibatis.transaction.jdbc.JdbcTransaction  - Resetting autocommit to true on JDBC Connection [conn68: url=jdbc:h2:mem:activiti-AsyncExecutorTest user=SA]
10:48:04,854 [Thread-111] DEBUG org.apache.ibatis.transaction.jdbc.JdbcTransaction  - Resetting autocommit to true on JDBC Connection [conn69: url=jdbc:h2:mem:activiti-AsyncExecutorTest user=SA]
10:48:04,854 [Thread-102] DEBUG org.activiti.engine.impl.cfg.standalone.StandaloneMybatisTransactionContext  - firing event committing...
10:48:04,855 [Thread-102] DEBUG org.activiti.engine.impl.cfg.standalone.StandaloneMybatisTransactionContext  - committing the ibatis sql session...
10:48:04,854 [Thread-105] DEBUG org.apache.ibatis.transaction.jdbc.JdbcTransaction  - Setting autocommit to false on JDBC Connection [conn65: url=jdbc:h2:mem:activiti-AsyncExecutorTest user=SA]
10:48:04,855 [Thread-102] DEBUG org.activiti.engine.impl.cfg.standalone.StandaloneMybatisTransactionContext  - firing event committed...
10:48:04,855 [Thread-111] DEBUG org.apache.ibatis.transaction.jdbc.JdbcTransaction  - Closing JDBC Connection [conn69: url=jdbc:h2:mem:activiti-AsyncExecutorTest user=SA]
10:48:04,855 [Thread-112] DEBUG org.apache.ibatis.transaction.jdbc.JdbcTransaction  - Closing JDBC Connection [conn68: url=jdbc:h2:mem:activiti-AsyncExecutorTest user=SA]
10:48:04,854 [Thread-106] DEBUG org.apache.ibatis.transaction.jdbc.JdbcTransaction  - Resetting autocommit to true on JDBC Connection [conn63: url=jdbc:h2:mem:activiti-AsyncExecutorTest user=SA]
10:48:04,855 [Thread-106] DEBUG org.apache.ibatis.transaction.jdbc.JdbcTransaction  - Closing JDBC Connection [conn63: url=jdbc:h2:mem:activiti-AsyncExecutorTest user=SA]
10:48:04,855 [Thread-106] DEBUG org.apache.ibatis.datasource.pooled.PooledDataSource  - Returned connection 1970103261 to pool.
10:48:04,854 [Thread-103] DEBUG org.activiti.engine.impl.persistence.entity.JobEntity.selectAsyncJobsDueToExecute  - ==&gt;  Preparing: select RES.* from ACT_RU_JOB RES LEFT OUTER JOIN ACT_RU_EXECUTION PI ON PI.ID_ = RES.PROCESS_INSTANCE_ID_ where RES.RETRIES_ &gt; 0 and RES.DUEDATE_ is not null and RES.DUEDATE_ &lt;= ? and (RES.LOCK_EXP_TIME_ is null or RES.LOCK_EXP_TIME_ &lt;= ?) and TYPE_ = &apos;message&apos; and ( (RES.EXECUTION_ID_ is null) or (PI.SUSPENSION_STATE_ = 1) ) LIMIT ? OFFSET ? 
10:48:04,855 [Thread-106] DEBUG org.activiti.engine.impl.interceptor.LogInterceptor  - --- AcquireAsyncJobsDueCmd finished --------------------------------------------------------
10:48:04,855 [Thread-106] DEBUG org.activiti.engine.impl.interceptor.LogInterceptor  - 

10:48:04,855 [Thread-111] DEBUG org.apache.ibatis.datasource.pooled.PooledDataSource  - Returned connection 1863805930 to pool.
10:48:04,855 [Thread-102] DEBUG org.apache.ibatis.transaction.jdbc.JdbcTransaction  - Resetting autocommit to true on JDBC Connection [conn59: url=jdbc:h2:mem:activiti-AsyncExecutorTest user=SA]
10:48:04,855 [Thread-102] DEBUG org.apache.ibatis.transaction.jdbc.JdbcTransaction  - Closing JDBC Connection [conn59: url=jdbc:h2:mem:activiti-AsyncExecutorTest user=SA]
10:48:04,855 [Thread-102] DEBUG org.apache.ibatis.datasource.pooled.PooledDataSource  - Returned connection 720039383 to pool.
10:48:04,855 [Thread-105] DEBUG org.activiti.engine.impl.persistence.entity.JobEntity.selectNextTimerJobsToExecute  - ==&gt;  Preparing: select RES.* from ACT_RU_JOB RES LEFT OUTER JOIN ACT_RU_EXECUTION PI ON PI.ID_ = RES.PROCESS_INSTANCE_ID_ where (RES.RETRIES_ &gt; 0) and (RES.DUEDATE_ is null or RES.DUEDATE_ &lt;= ?) and (RES.LOCK_OWNER_ is null or RES.LOCK_EXP_TIME_ &lt;= ?) and TYPE_ = &apos;timer&apos; and ( (RES.EXECUTION_ID_ is null) or (PI.SUSPENSION_STATE_ = 1) ) LIMIT ? OFFSET ? 
10:48:04,855 [Thread-102] DEBUG org.activiti.engine.impl.interceptor.LogInterceptor  - --- AcquireTimerJobsCmd finished --------------------------------------------------------
10:48:04,855 [Thread-102] DEBUG org.activiti.engine.impl.interceptor.LogInterceptor  - 

10:48:04,855 [Thread-102] DEBUG org.activiti.engine.impl.asyncexecutor.AcquireTimerJobsRunnable  - timer job acquisition thread sleeping for 50 millis
10:48:04,855 [Thread-112] DEBUG org.apache.ibatis.datasource.pooled.PooledDataSource  - Returned connection 58501658 to pool.
10:48:04,855 [Thread-112] DEBUG org.activiti.engine.impl.interceptor.LogInterceptor  - --- AcquireAsyncJobsDueCmd finished --------------------------------------------------------
10:48:04,856 [Thread-112] DEBUG org.activiti.engine.impl.interceptor.LogInterceptor  - 

10:48:04,856 [Thread-112] DEBUG org.activiti.engine.impl.asyncexecutor.AcquireAsyncJobsDueRunnable  - async job acquisition thread sleeping for 50 millis
10:48:04,855 [Thread-111] DEBUG org.activiti.engine.impl.interceptor.LogInterceptor  - --- AcquireTimerJobsCmd finished --------------------------------------------------------
10:48:04,856 [Thread-111] DEBUG org.activiti.engine.impl.interceptor.LogInterceptor  - 

10:48:04,855 [Thread-106] DEBUG org.activiti.engine.impl.asyncexecutor.AcquireAsyncJobsDueRunnable  - async job acquisition thread sleeping for 50 millis
10:48:04,855 [Thread-103] DEBUG org.activiti.engine.impl.persistence.entity.JobEntity.selectAsyncJobsDueToExecute  - ==&gt; Parameters: 2023-03-20 10:48:04.853(Timestamp), 2023-03-20 10:48:04.853(Timestamp), 1(Integer), 0(Integer)
10:48:04,856 [Thread-111] DEBUG org.activiti.engine.impl.asyncexecutor.AcquireTimerJobsRunnable  - timer job acquisition thread sleeping for 50 millis
10:48:04,856 [Thread-103] DEBUG org.activiti.engine.impl.persistence.entity.JobEntity.selectAsyncJobsDueToExecute  - &lt;==      Total: 0
10:48:04,855 [Thread-105] DEBUG org.activiti.engine.impl.persistence.entity.JobEntity.selectNextTimerJobsToExecute  - ==&gt; Parameters: 2023-03-20 10:48:04.853(Timestamp), 2023-03-20 10:48:04.853(Timestamp), 1(Integer), 0(Integer)
10:48:04,856 [Thread-103] DEBUG org.activiti.engine.impl.db.DbSqlSession  - flush summary: 0 insert, 0 update, 0 delete.
10:48:04,856 [Thread-103] DEBUG org.activiti.engine.impl.db.DbSqlSession  - now executing flush...
10:48:04,856 [Thread-103] DEBUG org.activiti.engine.impl.cfg.standalone.StandaloneMybatisTransactionContext  - firing event committing...
10:48:04,856 [Thread-103] DEBUG org.activiti.engine.impl.cfg.standalone.StandaloneMybatisTransactionContext  - committing the ibatis sql session...
10:48:04,856 [Thread-103] DEBUG org.activiti.engine.impl.cfg.standalone.StandaloneMybatisTransactionContext  - firing event committed...
10:48:04,856 [Thread-105] DEBUG org.activiti.engine.impl.persistence.entity.JobEntity.selectNextTimerJobsToExecute  - &lt;==      Total: 0
10:48:04,856 [Thread-103] DEBUG org.apache.ibatis.transaction.jdbc.JdbcTransaction  - Resetting autocommit to true on JDBC Connection [conn60: url=jdbc:h2:mem:activiti-AsyncExecutorTest user=SA]
10:48:04,856 [Thread-103] DEBUG org.apache.ibatis.transaction.jdbc.JdbcTransaction  - Closing JDBC Connection [conn60: url=jdbc:h2:mem:activiti-AsyncExecutorTest user=SA]
10:48:04,856 [Thread-105] DEBUG org.activiti.engine.impl.db.DbSqlSession  - flush summary: 0 insert, 0 update, 0 delete.
10:48:04,856 [Thread-105] DEBUG org.activiti.engine.impl.db.DbSqlSession  - now executing flush...
10:48:04,856 [Thread-105] DEBUG org.activiti.engine.impl.cfg.standalone.StandaloneMybatisTransactionContext  - firing event committing...
10:48:04,856 [Thread-105] DEBUG org.activiti.engine.impl.cfg.standalone.StandaloneMybatisTransactionContext  - committing the ibatis sql session...
10:48:04,856 [Thread-105] DEBUG org.activiti.engine.impl.cfg.standalone.StandaloneMybatisTransactionContext  - firing event committed...
10:48:04,856 [Thread-103] DEBUG org.apache.ibatis.datasource.pooled.PooledDataSource  - Returned connection 33534803 to pool.
10:48:04,856 [Thread-105] DEBUG org.apache.ibatis.transaction.jdbc.JdbcTransaction  - Resetting autocommit to true on JDBC Connection [conn65: url=jdbc:h2:mem:activiti-AsyncExecutorTest user=SA]
10:48:04,856 [Thread-103] DEBUG org.activiti.engine.impl.interceptor.LogInterceptor  - --- AcquireAsyncJobsDueCmd finished --------------------------------------------------------
10:48:04,856 [Thread-103] DEBUG org.activiti.engine.impl.interceptor.LogInterceptor  - 

10:48:04,856 [Thread-105] DEBUG org.apache.ibatis.transaction.jdbc.JdbcTransaction  - Closing JDBC Connection [conn65: url=jdbc:h2:mem:activiti-AsyncExecutorTest user=SA]
10:48:04,856 [Thread-103] DEBUG org.activiti.engine.impl.asyncexecutor.AcquireAsyncJobsDueRunnable  - async job acquisition thread sleeping for 50 millis
10:48:04,856 [Thread-105] DEBUG org.apache.ibatis.datasource.pooled.PooledDataSource  - Returned connection 996762054 to pool.
10:48:04,857 [Thread-105] DEBUG org.activiti.engine.impl.interceptor.LogInterceptor  - --- AcquireTimerJobsCmd finished --------------------------------------------------------
10:48:04,857 [Thread-105] DEBUG org.activiti.engine.impl.interceptor.LogInterceptor  - 

10:48:04,857 [Thread-105] DEBUG org.activiti.engine.impl.asyncexecutor.AcquireTimerJobsRunnable  - timer job acquisition thread sleeping for 50 millis
10:48:04,896 [main] DEBUG org.activiti.engine.impl.interceptor.LogInterceptor  - 

10:48:04,897 [main] DEBUG org.activiti.engine.impl.interceptor.LogInterceptor  - --- starting SchemaOperationsProcessEngineBuild --------------------------------------------------------
10:48:04,897 [main] DEBUG org.apache.ibatis.transaction.jdbc.JdbcTransaction  - Opening JDBC Connection
10:48:04,897 [main] DEBUG org.apache.ibatis.datasource.pooled.PooledDataSource  - Checked out connection 1550073702 from pool.
10:48:04,897 [main] DEBUG org.apache.ibatis.transaction.jdbc.JdbcTransaction  - Setting autocommit to false on JDBC Connection [conn91: url=jdbc:h2:mem:activiti user=SA]
10:48:04,897 [main] DEBUG org.activiti.engine.impl.persistence.entity.PropertyEntity.selectProperty  - ==&gt;  Preparing: select * from ACT_GE_PROPERTY where NAME_ = ? 
10:48:04,897 [main] DEBUG org.activiti.engine.impl.persistence.entity.PropertyEntity.selectProperty  - ==&gt; Parameters: schema.version(String)
10:48:04,897 [main] DEBUG org.activiti.engine.impl.persistence.entity.PropertyEntity.selectProperty  - &lt;==      Total: 1
10:48:04,898 [main] DEBUG org.activiti.engine.impl.db.DbSqlSession  - flush summary: 0 insert, 0 update, 0 delete.
10:48:04,898 [main] DEBUG org.activiti.engine.impl.db.DbSqlSession  - now executing flush...
10:48:04,898 [main] DEBUG org.activiti.engine.impl.cfg.standalone.StandaloneMybatisTransactionContext  - firing event committing...
10:48:04,898 [main] DEBUG org.activiti.engine.impl.cfg.standalone.StandaloneMybatisTransactionContext  - committing the ibatis sql session...
10:48:04,898 [main] DEBUG org.activiti.engine.impl.cfg.standalone.StandaloneMybatisTransactionContext  - firing event committed...
10:48:04,898 [main] DEBUG org.apache.ibatis.transaction.jdbc.JdbcTransaction  - Resetting autocommit to true on JDBC Connection [conn91: url=jdbc:h2:mem:activiti user=SA]
10:48:04,898 [main] DEBUG org.apache.ibatis.transaction.jdbc.JdbcTransaction  - Closing JDBC Connection [conn91: url=jdbc:h2:mem:activiti user=SA]
10:48:04,898 [main] DEBUG org.apache.ibatis.datasource.pooled.PooledDataSource  - Returned connection 1550073702 to pool.
10:48:04,898 [main] DEBUG org.activiti.engine.impl.interceptor.LogInterceptor  - --- SchemaOperationsProcessEngineBuild finished --------------------------------------------------------
10:48:04,898 [main] DEBUG org.activiti.engine.impl.interceptor.LogInterceptor  - 

10:48:04,898 [main] INFO  org.activiti.engine.impl.ProcessEngineImpl  - ProcessEngine default created
10:48:04,898 [main] DEBUG org.activiti.engine.impl.test.TestHelper  - annotation @Deployment creates deployment for BulkDeleteNoHistoryTest.testLargeAmountOfVariableBulkDelete
10:48:04,899 [main] DEBUG org.activiti.engine.impl.interceptor.LogInterceptor  - 

10:48:04,899 [main] DEBUG org.activiti.engine.impl.interceptor.LogInterceptor  - --- starting DeployCmd --------------------------------------------------------
10:48:04,899 [main] DEBUG org.activiti.engine.impl.interceptor.LogInterceptor  - 

10:48:04,899 [main] DEBUG org.activiti.engine.impl.interceptor.LogInterceptor  - --- starting GetNextIdBlockCmd --------------------------------------------------------
10:48:04,899 [main] DEBUG org.apache.ibatis.transaction.jdbc.JdbcTransaction  - Opening JDBC Connection
10:48:04,899 [main] DEBUG org.apache.ibatis.datasource.pooled.PooledDataSource  - Checked out connection 1550073702 from pool.
10:48:04,900 [main] DEBUG org.apache.ibatis.transaction.jdbc.JdbcTransaction  - Setting autocommit to false on JDBC Connection [conn91: url=jdbc:h2:mem:activiti user=SA]
10:48:04,900 [main] DEBUG org.activiti.engine.impl.persistence.entity.PropertyEntity.selectProperty  - ==&gt;  Preparing: select * from ACT_GE_PROPERTY where NAME_ = ? 
10:48:04,900 [main] DEBUG org.activiti.engine.impl.persistence.entity.PropertyEntity.selectProperty  - ==&gt; Parameters: next.dbid(String)
10:48:04,900 [main] DEBUG org.activiti.engine.impl.persistence.entity.PropertyEntity.selectProperty  - &lt;==      Total: 1
10:48:04,900 [main] DEBUG org.activiti.engine.impl.db.DbSqlSession  -   update PropertyEntity[name=next.dbid, value=5001]
10:48:04,900 [main] DEBUG org.activiti.engine.impl.db.DbSqlSession  - flush summary: 0 insert, 1 update, 0 delete.
10:48:04,900 [main] DEBUG org.activiti.engine.impl.db.DbSqlSession  - now executing flush...
10:48:04,900 [main] DEBUG org.activiti.engine.impl.db.DbSqlSession  - updating: PropertyEntity[name=next.dbid, value=5001]
10:48:04,900 [main] DEBUG org.activiti.engine.impl.persistence.entity.PropertyEntity.updateProperty  - ==&gt;  Preparing: update ACT_GE_PROPERTY SET REV_ = ?, VALUE_ = ? where NAME_ = ? and REV_ = ? 
10:48:04,900 [main] DEBUG org.activiti.engine.impl.persistence.entity.PropertyEntity.updateProperty  - ==&gt; Parameters: 3(Integer), 5001(String), next.dbid(String), 2(Integer)
10:48:04,900 [main] DEBUG org.activiti.engine.impl.persistence.entity.PropertyEntity.updateProperty  - &lt;==    Updates: 1
10:48:04,900 [main] DEBUG org.activiti.engine.impl.cfg.standalone.StandaloneMybatisTransactionContext  - firing event committing...
10:48:04,900 [main] DEBUG org.activiti.engine.impl.cfg.standalone.StandaloneMybatisTransactionContext  - committing the ibatis sql session...
10:48:04,900 [main] DEBUG org.apache.ibatis.transaction.jdbc.JdbcTransaction  - Committing JDBC Connection [conn91: url=jdbc:h2:mem:activiti user=SA]
10:48:04,900 [main] DEBUG org.activiti.engine.impl.cfg.standalone.StandaloneMybatisTransactionContext  - firing event committed...
10:48:04,900 [main] DEBUG org.apache.ibatis.transaction.jdbc.JdbcTransaction  - Resetting autocommit to true on JDBC Connection [conn91: url=jdbc:h2:mem:activiti user=SA]
10:48:04,900 [main] DEBUG org.apache.ibatis.transaction.jdbc.JdbcTransaction  - Closing JDBC Connection [conn91: url=jdbc:h2:mem:activiti user=SA]
10:48:04,901 [main] DEBUG org.apache.ibatis.datasource.pooled.PooledDataSource  - Returned connection 1550073702 to pool.
10:48:04,901 [main] DEBUG org.activiti.engine.impl.interceptor.LogInterceptor  - --- GetNextIdBlockCmd finished --------------------------------------------------------
10:48:04,901 [main] DEBUG org.activiti.engine.impl.interceptor.LogInterceptor  - 

10:48:04,901 [main] DEBUG org.activiti.engine.impl.bpmn.deployer.BpmnDeployer  - Processing deployment BulkDeleteNoHistoryTest.testLargeAmountOfVariableBulkDelete
10:48:04,901 [main] INFO  org.activiti.engine.impl.bpmn.deployer.BpmnDeployer  - Processing resource org/activiti/engine/test/api/oneTaskProcess.bpmn20.xml
10:48:04,907 [main] DEBUG org.activiti.engine.impl.bpmn.parser.handler.ProcessParseHandler  - Parsing process oneTaskProcess
10:48:04,907 [main] DEBUG org.activiti.engine.impl.bpmn.parser.handler.AbstractBpmnParseHandler  - Parsing activity theTask
10:48:04,907 [main] DEBUG org.activiti.engine.impl.bpmn.parser.handler.AbstractBpmnParseHandler  - Parsing activity theStart
10:48:04,907 [main] DEBUG org.activiti.engine.impl.bpmn.parser.handler.AbstractBpmnParseHandler  - Parsing activity theEnd
10:48:04,907 [main] DEBUG org.apache.ibatis.transaction.jdbc.JdbcTransaction  - Opening JDBC Connection
10:48:04,907 [main] DEBUG org.apache.ibatis.datasource.pooled.PooledDataSource  - Checked out connection 1550073702 from pool.
10:48:04,907 [main] DEBUG org.apache.ibatis.transaction.jdbc.JdbcTransaction  - Setting autocommit to false on JDBC Connection [conn91: url=jdbc:h2:mem:activiti user=SA]
10:48:04,907 [main] DEBUG org.activiti.engine.impl.persistence.entity.ProcessDefinitionEntity.selectLatestProcessDefinitionByKey  - ==&gt;  Preparing: select * from ACT_RE_PROCDEF where KEY_ = ? and (TENANT_ID_ = &apos;&apos; or TENANT_ID_ is null) and VERSION_ = (select max(VERSION_) from ACT_RE_PROCDEF where KEY_ = ? and (TENANT_ID_ = &apos;&apos; or TENANT_ID_ is null)) 
10:48:04,908 [main] DEBUG org.activiti.engine.impl.persistence.entity.ProcessDefinitionEntity.selectLatestProcessDefinitionByKey  - ==&gt; Parameters: oneTaskProcess(String), oneTaskProcess(String)
10:48:04,908 [main] DEBUG org.activiti.engine.impl.persistence.entity.ProcessDefinitionEntity.selectLatestProcessDefinitionByKey  - &lt;==      Total: 0
10:48:04,908 [main] DEBUG org.activiti.engine.impl.persistence.entity.JobEntity.selectJobByTypeAndProcessDefinitionKeyNoTenantId  - ==&gt;  Preparing: select J.* from ACT_RU_JOB J inner join ACT_RE_PROCDEF P on J.PROC_DEF_ID_ = P.ID_ where J.HANDLER_TYPE_ = ? and P.KEY_ = ? and (P.TENANT_ID_ = &apos;&apos; or P.TENANT_ID_ is null) 
10:48:04,908 [main] DEBUG org.activiti.engine.impl.persistence.entity.JobEntity.selectJobByTypeAndProcessDefinitionKeyNoTenantId  - ==&gt; Parameters: timer-start-event(String), oneTaskProcess(String)
10:48:04,908 [main] DEBUG org.activiti.engine.impl.persistence.entity.JobEntity.selectJobByTypeAndProcessDefinitionKeyNoTenantId  - &lt;==      Total: 0
10:48:04,908 [main] DEBUG org.activiti.engine.impl.interceptor.LogInterceptor  - 

10:48:04,908 [main] DEBUG org.activiti.engine.impl.interceptor.LogInterceptor  - --- starting GetProcessDefinitionInfoCmd --------------------------------------------------------
10:48:04,908 [main] DEBUG org.activiti.engine.impl.interceptor.CommandContextInterceptor  - Valid context found. Reusing it for the current command &apos;org.activiti.engine.impl.cmd.GetProcessDefinitionInfoCmd&apos;
10:48:04,908 [main] DEBUG org.activiti.engine.impl.interceptor.LogInterceptor  - --- GetProcessDefinitionInfoCmd finished --------------------------------------------------------
10:48:04,908 [main] DEBUG org.activiti.engine.impl.interceptor.LogInterceptor  - 

10:48:04,908 [main] DEBUG org.activiti.engine.impl.db.DbSqlSession  -   insert ResourceEntity[id=2502, name=org/activiti/engine/test/api/oneTaskProcess.bpmn20.xml]
10:48:04,908 [main] DEBUG org.activiti.engine.impl.db.DbSqlSession  -   insert DeploymentEntity[id=2501, name=BulkDeleteNoHistoryTest.testLargeAmountOfVariableBulkDelete]
10:48:04,908 [main] DEBUG org.activiti.engine.impl.db.DbSqlSession  -   insert ProcessDefinitionEntity[oneTaskProcess:1:2503]
10:48:04,908 [main] DEBUG org.activiti.engine.impl.db.DbSqlSession  - flush summary: 3 insert, 0 update, 0 delete.
10:48:04,908 [main] DEBUG org.activiti.engine.impl.db.DbSqlSession  - now executing flush...
10:48:04,908 [main] DEBUG org.activiti.engine.impl.db.DbSqlSession  - inserting: ProcessDefinitionEntity[oneTaskProcess:1:2503]
10:48:04,908 [main] DEBUG org.activiti.engine.impl.persistence.entity.ProcessDefinitionEntity.insertProcessDefinition  - ==&gt;  Preparing: insert into ACT_RE_PROCDEF(ID_, REV_, CATEGORY_, NAME_, KEY_, VERSION_, DEPLOYMENT_ID_, RESOURCE_NAME_, DGRM_RESOURCE_NAME_, DESCRIPTION_, HAS_START_FORM_KEY_, HAS_GRAPHICAL_NOTATION_ , SUSPENSION_STATE_, TENANT_ID_) values (?, 1, ?, ?, ?, ?, ?, ?, ?, ?, ?, ?, ?, ?) 
10:48:04,908 [main] DEBUG org.activiti.engine.impl.persistence.entity.ProcessDefinitionEntity.insertProcessDefinition  - ==&gt; Parameters: oneTaskProcess:1:2503(String), Examples(String), The One Task Process(String), oneTaskProcess(String), 1(Integer), 2501(String), org/activiti/engine/test/api/oneTaskProcess.bpmn20.xml(String), null, This is a process for testing purposes(String), false(Boolean), false(Boolean), 1(Integer), (String)
10:48:04,909 [main] DEBUG org.activiti.engine.impl.persistence.entity.ProcessDefinitionEntity.insertProcessDefinition  - &lt;==    Updates: 1
10:48:04,909 [main] DEBUG org.activiti.engine.impl.db.DbSqlSession  - inserting: DeploymentEntity[id=2501, name=BulkDeleteNoHistoryTest.testLargeAmountOfVariableBulkDelete]
10:48:04,909 [main] DEBUG org.activiti.engine.impl.persistence.entity.DeploymentEntity.insertDeployment  - ==&gt;  Preparing: insert into ACT_RE_DEPLOYMENT(ID_, NAME_, CATEGORY_, TENANT_ID_, DEPLOY_TIME_) values(?, ?, ?, ?, ?) 
10:48:04,909 [main] DEBUG org.activiti.engine.impl.persistence.entity.DeploymentEntity.insertDeployment  - ==&gt; Parameters: 2501(String), BulkDeleteNoHistoryTest.testLargeAmountOfVariableBulkDelete(String), null, (String), 2023-03-20 10:48:04.899(Timestamp)
10:48:04,909 [main] DEBUG org.activiti.engine.impl.persistence.entity.DeploymentEntity.insertDeployment  - &lt;==    Updates: 1
10:48:04,909 [main] DEBUG org.activiti.engine.impl.db.DbSqlSession  - inserting: ResourceEntity[id=2502, name=org/activiti/engine/test/api/oneTaskProcess.bpmn20.xml]
10:48:04,909 [main] DEBUG org.activiti.engine.impl.persistence.entity.ResourceEntity.insertResource  - ==&gt;  Preparing: insert into ACT_GE_BYTEARRAY(ID_, REV_, NAME_, BYTES_, DEPLOYMENT_ID_, GENERATED_) values (?, 1, ?, ?, ?, ?) 
10:48:04,909 [main] DEBUG org.activiti.engine.impl.persistence.entity.ResourceEntity.insertResource  - ==&gt; Parameters: 2502(String), org/activiti/engine/test/api/oneTaskProcess.bpmn20.xml(String), java.io.ByteArrayInputStream@2a81c550(ByteArrayInputStream), 2501(String), false(Boolean)
10:48:04,909 [main] DEBUG org.activiti.engine.impl.persistence.entity.ResourceEntity.insertResource  - &lt;==    Updates: 1
10:48:04,909 [main] DEBUG org.activiti.engine.impl.cfg.standalone.StandaloneMybatisTransactionContext  - firing event committing...
10:48:04,909 [main] DEBUG org.activiti.engine.impl.cfg.standalone.StandaloneMybatisTransactionContext  - committing the ibatis sql session...
10:48:04,909 [main] DEBUG org.apache.ibatis.transaction.jdbc.JdbcTransaction  - Committing JDBC Connection [conn91: url=jdbc:h2:mem:activiti user=SA]
10:48:04,909 [main] DEBUG org.activiti.engine.impl.cfg.standalone.StandaloneMybatisTransactionContext  - firing event committed...
10:48:04,909 [main] DEBUG org.apache.ibatis.transaction.jdbc.JdbcTransaction  - Resetting autocommit to true on JDBC Connection [conn91: url=jdbc:h2:mem:activiti user=SA]
10:48:04,909 [main] DEBUG org.apache.ibatis.transaction.jdbc.JdbcTransaction  - Closing JDBC Connection [conn91: url=jdbc:h2:mem:activiti user=SA]
10:48:04,909 [main] DEBUG org.apache.ibatis.datasource.pooled.PooledDataSource  - Returned connection 1550073702 to pool.
10:48:04,909 [main] DEBUG org.activiti.engine.impl.interceptor.LogInterceptor  - --- DeployCmd finished --------------------------------------------------------
10:48:04,909 [main] DEBUG org.activiti.engine.impl.interceptor.LogInterceptor  - 

10:48:04,909 [main] DEBUG org.activiti.engine.impl.test.PvmTestCase  - 

10:48:04,909 [main] DEBUG org.activiti.engine.impl.test.PvmTestCase  - #### START BulkDeleteNoHistoryTest.testLargeAmountOfVariableBulkDelete ###########################################################
10:48:04,910 [main] DEBUG org.activiti.engine.impl.interceptor.LogInterceptor  - 

10:48:04,911 [main] DEBUG org.activiti.engine.impl.interceptor.LogInterceptor  - --- starting StartProcessInstanceCmd --------------------------------------------------------
10:48:04,911 [main] DEBUG org.apache.ibatis.transaction.jdbc.JdbcTransaction  - Opening JDBC Connection
10:48:04,911 [main] DEBUG org.apache.ibatis.datasource.pooled.PooledDataSource  - Checked out connection 1550073702 from pool.
10:48:04,911 [main] DEBUG org.apache.ibatis.transaction.jdbc.JdbcTransaction  - Setting autocommit to false on JDBC Connection [conn91: url=jdbc:h2:mem:activiti user=SA]
10:48:04,911 [main] DEBUG org.activiti.engine.impl.persistence.entity.ProcessDefinitionEntity.selectLatestProcessDefinitionByKey  - ==&gt;  Preparing: select * from ACT_RE_PROCDEF where KEY_ = ? and (TENANT_ID_ = &apos;&apos; or TENANT_ID_ is null) and VERSION_ = (select max(VERSION_) from ACT_RE_PROCDEF where KEY_ = ? and (TENANT_ID_ = &apos;&apos; or TENANT_ID_ is null)) 
10:48:04,911 [main] DEBUG org.activiti.engine.impl.persistence.entity.ProcessDefinitionEntity.selectLatestProcessDefinitionByKey  - ==&gt; Parameters: oneTaskProcess(String), oneTaskProcess(String)
10:48:04,911 [main] DEBUG org.activiti.engine.impl.persistence.entity.ProcessDefinitionEntity.selectLatestProcessDefinitionByKey  - &lt;==      Total: 1
10:48:04,911 [main] DEBUG org.activiti.engine.impl.persistence.entity.ExecutionEntity  - initializing ProcessInstance[2504]
10:48:04,911 [main] DEBUG org.activiti.engine.impl.history.DefaultHistoryManager  - Current history level: NONE, level required: ACTIVITY
10:48:04,911 [main] DEBUG org.activiti.engine.impl.history.DefaultHistoryManager  - Current history level: NONE, level required: ACTIVITY
10:48:04,911 [main] DEBUG org.activiti.engine.impl.history.DefaultHistoryManager  - Current history level: NONE, level required: FULL
10:48:04,911 [main] DEBUG org.activiti.engine.impl.history.DefaultHistoryManager  - Current history level: NONE, level required: ACTIVITY
10:48:04,911 [main] DEBUG org.activiti.engine.impl.history.DefaultHistoryManager  - Current history level: NONE, level required: FULL
10:48:04,911 [main] DEBUG org.activiti.engine.impl.history.DefaultHistoryManager  - Current history level: NONE, level required: ACTIVITY
10:48:04,911 [main] DEBUG org.activiti.engine.impl.history.DefaultHistoryManager  - Current history level: NONE, level required: FULL
10:48:04,911 [main] DEBUG org.activiti.engine.impl.history.DefaultHistoryManager  - Current history level: NONE, level required: ACTIVITY
10:48:04,911 [main] DEBUG org.activiti.engine.impl.history.DefaultHistoryManager  - Current history level: NONE, level required: FULL
10:48:04,911 [main] DEBUG org.activiti.engine.impl.history.DefaultHistoryManager  - Current history level: NONE, level required: ACTIVITY
10:48:04,912 [main] DEBUG org.activiti.engine.impl.history.DefaultHistoryManager  - Current history level: NONE, level required: FULL
10:48:04,912 [main] DEBUG org.activiti.engine.impl.history.DefaultHistoryManager  - Current history level: NONE, level required: ACTIVITY
10:48:04,912 [main] DEBUG org.activiti.engine.impl.history.DefaultHistoryManager  - Current history level: NONE, level required: FULL
10:48:04,912 [main] DEBUG org.activiti.engine.impl.history.DefaultHistoryManager  - Current history level: NONE, level required: ACTIVITY
10:48:04,912 [main] DEBUG org.activiti.engine.impl.history.DefaultHistoryManager  - Current history level: NONE, level required: FULL
10:48:04,912 [main] DEBUG org.activiti.engine.impl.history.DefaultHistoryManager  - Current history level: NONE, level required: ACTIVITY
10:48:04,912 [main] DEBUG org.activiti.engine.impl.history.DefaultHistoryManager  - Current history level: NONE, level required: FULL
10:48:04,912 [main] DEBUG org.activiti.engine.impl.history.DefaultHistoryManager  - Current history level: NONE, level required: ACTIVITY
10:48:04,912 [main] DEBUG org.activiti.engine.impl.history.DefaultHistoryManager  - Current history level: NONE, level required: FULL
10:48:04,912 [main] DEBUG org.activiti.engine.impl.history.DefaultHistoryManager  - Current history level: NONE, level required: ACTIVITY
10:48:04,912 [main] DEBUG org.activiti.engine.impl.history.DefaultHistoryManager  - Current history level: NONE, level required: FULL
10:48:04,912 [main] DEBUG org.activiti.engine.impl.history.DefaultHistoryManager  - Current history level: NONE, level required: ACTIVITY
10:48:04,912 [main] DEBUG org.activiti.engine.impl.history.DefaultHistoryManager  - Current history level: NONE, level required: FULL
10:48:04,912 [main] DEBUG org.activiti.engine.impl.history.DefaultHistoryManager  - Current history level: NONE, level required: ACTIVITY
10:48:04,912 [main] DEBUG org.activiti.engine.impl.history.DefaultHistoryManager  - Current history level: NONE, level required: FULL
10:48:04,912 [main] DEBUG org.activiti.engine.impl.history.DefaultHistoryManager  - Current history level: NONE, level required: ACTIVITY
10:48:04,912 [main] DEBUG org.activiti.engine.impl.history.DefaultHistoryManager  - Current history level: NONE, level required: FULL
10:48:04,912 [main] DEBUG org.activiti.engine.impl.history.DefaultHistoryManager  - Current history level: NONE, level required: ACTIVITY
10:48:04,912 [main] DEBUG org.activiti.engine.impl.history.DefaultHistoryManager  - Current history level: NONE, level required: FULL
10:48:04,912 [main] DEBUG org.activiti.engine.impl.history.DefaultHistoryManager  - Current history level: NONE, level required: ACTIVITY
10:48:04,912 [main] DEBUG org.activiti.engine.impl.history.DefaultHistoryManager  - Current history level: NONE, level required: FULL
10:48:04,912 [main] DEBUG org.activiti.engine.impl.history.DefaultHistoryManager  - Current history level: NONE, level required: ACTIVITY
10:48:04,912 [main] DEBUG org.activiti.engine.impl.history.DefaultHistoryManager  - Current history level: NONE, level required: FULL
10:48:04,912 [main] DEBUG org.activiti.engine.impl.history.DefaultHistoryManager  - Current history level: NONE, level required: ACTIVITY
10:48:04,912 [main] DEBUG org.activiti.engine.impl.history.DefaultHistoryManager  - Current history level: NONE, level required: FULL
10:48:04,912 [main] DEBUG org.activiti.engine.impl.history.DefaultHistoryManager  - Current history level: NONE, level required: ACTIVITY
10:48:04,912 [main] DEBUG org.activiti.engine.impl.history.DefaultHistoryManager  - Current history level: NONE, level required: FULL
10:48:04,912 [main] DEBUG org.activiti.engine.impl.history.DefaultHistoryManager  - Current history level: NONE, level required: ACTIVITY
10:48:04,912 [main] DEBUG org.activiti.engine.impl.history.DefaultHistoryManager  - Current history level: NONE, level required: FULL
10:48:04,912 [main] DEBUG org.activiti.engine.impl.history.DefaultHistoryManager  - Current history level: NONE, level required: ACTIVITY
10:48:04,912 [main] DEBUG org.activiti.engine.impl.history.DefaultHistoryManager  - Current history level: NONE, level required: FULL
10:48:04,913 [main] DEBUG org.activiti.engine.impl.history.DefaultHistoryManager  - Current history level: NONE, level required: ACTIVITY
10:48:04,913 [main] DEBUG org.activiti.engine.impl.history.DefaultHistoryManager  - Current history level: NONE, level required: FULL
10:48:04,913 [main] DEBUG org.activiti.engine.impl.history.DefaultHistoryManager  - Current history level: NONE, level required: ACTIVITY
10:48:04,913 [main] DEBUG org.activiti.engine.impl.history.DefaultHistoryManager  - Current history level: NONE, level required: FULL
10:48:04,913 [main] DEBUG org.activiti.engine.impl.history.DefaultHistoryManager  - Current history level: NONE, level required: ACTIVITY
10:48:04,913 [main] DEBUG org.activiti.engine.impl.history.DefaultHistoryManager  - Current history level: NONE, level required: FULL
10:48:04,913 [main] DEBUG org.activiti.engine.impl.history.DefaultHistoryManager  - Current history level: NONE, level required: ACTIVITY
10:48:04,913 [main] DEBUG org.activiti.engine.impl.history.DefaultHistoryManager  - Current history level: NONE, level required: FULL
10:48:04,913 [main] DEBUG org.activiti.engine.impl.history.DefaultHistoryManager  - Current history level: NONE, level required: ACTIVITY
10:48:04,913 [main] DEBUG org.activiti.engine.impl.history.DefaultHistoryManager  - Current history level: NONE, level required: FULL
10:48:04,913 [main] DEBUG org.activiti.engine.impl.history.DefaultHistoryManager  - Current history level: NONE, level required: ACTIVITY
10:48:04,913 [main] DEBUG org.activiti.engine.impl.history.DefaultHistoryManager  - Current history level: NONE, level required: FULL
10:48:04,913 [main] DEBUG org.activiti.engine.impl.history.DefaultHistoryManager  - Current history level: NONE, level required: ACTIVITY
10:48:04,913 [main] DEBUG org.activiti.engine.impl.history.DefaultHistoryManager  - Current history level: NONE, level required: FULL
10:48:04,913 [main] DEBUG org.activiti.engine.impl.history.DefaultHistoryManager  - Current history level: NONE, level required: ACTIVITY
10:48:04,913 [main] DEBUG org.activiti.engine.impl.history.DefaultHistoryManager  - Current history level: NONE, level required: FULL
10:48:04,913 [main] DEBUG org.activiti.engine.impl.history.DefaultHistoryManager  - Current history level: NONE, level required: ACTIVITY
10:48:04,913 [main] DEBUG org.activiti.engine.impl.history.DefaultHistoryManager  - Current history level: NONE, level required: FULL
10:48:04,913 [main] DEBUG org.activiti.engine.impl.history.DefaultHistoryManager  - Current history level: NONE, level required: ACTIVITY
10:48:04,913 [main] DEBUG org.activiti.engine.impl.history.DefaultHistoryManager  - Current history level: NONE, level required: FULL
10:48:04,913 [main] DEBUG org.activiti.engine.impl.history.DefaultHistoryManager  - Current history level: NONE, level required: ACTIVITY
10:48:04,913 [main] DEBUG org.activiti.engine.impl.history.DefaultHistoryManager  - Current history level: NONE, level required: FULL
10:48:04,913 [main] DEBUG org.activiti.engine.impl.history.DefaultHistoryManager  - Current history level: NONE, level required: ACTIVITY
10:48:04,913 [main] DEBUG org.activiti.engine.impl.history.DefaultHistoryManager  - Current history level: NONE, level required: FULL
10:48:04,913 [main] DEBUG org.activiti.engine.impl.history.DefaultHistoryManager  - Current history level: NONE, level required: ACTIVITY
10:48:04,913 [main] DEBUG org.activiti.engine.impl.history.DefaultHistoryManager  - Current history level: NONE, level required: FULL
10:48:04,913 [main] DEBUG org.activiti.engine.impl.history.DefaultHistoryManager  - Current history level: NONE, level required: ACTIVITY
10:48:04,913 [main] DEBUG org.activiti.engine.impl.history.DefaultHistoryManager  - Current history level: NONE, level required: FULL
10:48:04,913 [main] DEBUG org.activiti.engine.impl.history.DefaultHistoryManager  - Current history level: NONE, level required: ACTIVITY
10:48:04,913 [main] DEBUG org.activiti.engine.impl.history.DefaultHistoryManager  - Current history level: NONE, level required: FULL
10:48:04,913 [main] DEBUG org.activiti.engine.impl.history.DefaultHistoryManager  - Current history level: NONE, level required: ACTIVITY
10:48:04,913 [main] DEBUG org.activiti.engine.impl.history.DefaultHistoryManager  - Current history level: NONE, level required: FULL
10:48:04,914 [main] DEBUG org.activiti.engine.impl.history.DefaultHistoryManager  - Current history level: NONE, level required: ACTIVITY
10:48:04,914 [main] DEBUG org.activiti.engine.impl.history.DefaultHistoryManager  - Current history level: NONE, level required: FULL
10:48:04,914 [main] DEBUG org.activiti.engine.impl.history.DefaultHistoryManager  - Current history level: NONE, level required: ACTIVITY
10:48:04,914 [main] DEBUG org.activiti.engine.impl.history.DefaultHistoryManager  - Current history level: NONE, level required: FULL
10:48:04,914 [main] DEBUG org.activiti.engine.impl.history.DefaultHistoryManager  - Current history level: NONE, level required: ACTIVITY
10:48:04,914 [main] DEBUG org.activiti.engine.impl.history.DefaultHistoryManager  - Current history level: NONE, level required: FULL
10:48:04,914 [main] DEBUG org.activiti.engine.impl.history.DefaultHistoryManager  - Current history level: NONE, level required: ACTIVITY
10:48:04,914 [main] DEBUG org.activiti.engine.impl.history.DefaultHistoryManager  - Current history level: NONE, level required: FULL
10:48:04,914 [main] DEBUG org.activiti.engine.impl.history.DefaultHistoryManager  - Current history level: NONE, level required: ACTIVITY
10:48:04,914 [main] DEBUG org.activiti.engine.impl.history.DefaultHistoryManager  - Current history level: NONE, level required: FULL
10:48:04,914 [main] DEBUG org.activiti.engine.impl.history.DefaultHistoryManager  - Current history level: NONE, level required: ACTIVITY
10:48:04,914 [main] DEBUG org.activiti.engine.impl.history.DefaultHistoryManager  - Current history level: NONE, level required: FULL
10:48:04,914 [main] DEBUG org.activiti.engine.impl.history.DefaultHistoryManager  - Current history level: NONE, level required: ACTIVITY
10:48:04,914 [main] DEBUG org.activiti.engine.impl.history.DefaultHistoryManager  - Current history level: NONE, level required: FULL
10:48:04,914 [main] DEBUG org.activiti.engine.impl.history.DefaultHistoryManager  - Current history level: NONE, level required: ACTIVITY
10:48:04,914 [main] DEBUG org.activiti.engine.impl.history.DefaultHistoryManager  - Current history level: NONE, level required: FULL
10:48:04,914 [main] DEBUG org.activiti.engine.impl.history.DefaultHistoryManager  - Current history level: NONE, level required: ACTIVITY
10:48:04,914 [main] DEBUG org.activiti.engine.impl.history.DefaultHistoryManager  - Current history level: NONE, level required: FULL
10:48:04,914 [main] DEBUG org.activiti.engine.impl.history.DefaultHistoryManager  - Current history level: NONE, level required: ACTIVITY
10:48:04,914 [main] DEBUG org.activiti.engine.impl.history.DefaultHistoryManager  - Current history level: NONE, level required: FULL
10:48:04,914 [main] DEBUG org.activiti.engine.impl.history.DefaultHistoryManager  - Current history level: NONE, level required: ACTIVITY
10:48:04,914 [main] DEBUG org.activiti.engine.impl.history.DefaultHistoryManager  - Current history level: NONE, level required: FULL
10:48:04,914 [main] DEBUG org.activiti.engine.impl.history.DefaultHistoryManager  - Current history level: NONE, level required: ACTIVITY
10:48:04,914 [main] DEBUG org.activiti.engine.impl.history.DefaultHistoryManager  - Current history level: NONE, level required: FULL
10:48:04,914 [main] DEBUG org.activiti.engine.impl.history.DefaultHistoryManager  - Current history level: NONE, level required: ACTIVITY
10:48:04,914 [main] DEBUG org.activiti.engine.impl.history.DefaultHistoryManager  - Current history level: NONE, level required: FULL
10:48:04,914 [main] DEBUG org.activiti.engine.impl.history.DefaultHistoryManager  - Current history level: NONE, level required: ACTIVITY
10:48:04,914 [main] DEBUG org.activiti.engine.impl.history.DefaultHistoryManager  - Current history level: NONE, level required: FULL
10:48:04,914 [main] DEBUG org.activiti.engine.impl.history.DefaultHistoryManager  - Current history level: NONE, level required: ACTIVITY
10:48:04,914 [main] DEBUG org.activiti.engine.impl.history.DefaultHistoryManager  - Current history level: NONE, level required: FULL
10:48:04,914 [main] DEBUG org.activiti.engine.impl.history.DefaultHistoryManager  - Current history level: NONE, level required: ACTIVITY
10:48:04,914 [main] DEBUG org.activiti.engine.impl.history.DefaultHistoryManager  - Current history level: NONE, level required: FULL
10:48:04,915 [main] DEBUG org.activiti.engine.impl.history.DefaultHistoryManager  - Current history level: NONE, level required: ACTIVITY
10:48:04,915 [main] DEBUG org.activiti.engine.impl.history.DefaultHistoryManager  - Current history level: NONE, level required: FULL
10:48:04,915 [main] DEBUG org.activiti.engine.impl.history.DefaultHistoryManager  - Current history level: NONE, level required: ACTIVITY
10:48:04,915 [main] DEBUG org.activiti.engine.impl.history.DefaultHistoryManager  - Current history level: NONE, level required: FULL
10:48:04,915 [main] DEBUG org.activiti.engine.impl.history.DefaultHistoryManager  - Current history level: NONE, level required: ACTIVITY
10:48:04,915 [main] DEBUG org.activiti.engine.impl.history.DefaultHistoryManager  - Current history level: NONE, level required: FULL
10:48:04,915 [main] DEBUG org.activiti.engine.impl.history.DefaultHistoryManager  - Current history level: NONE, level required: ACTIVITY
10:48:04,915 [main] DEBUG org.activiti.engine.impl.history.DefaultHistoryManager  - Current history level: NONE, level required: FULL
10:48:04,915 [main] DEBUG org.activiti.engine.impl.history.DefaultHistoryManager  - Current history level: NONE, level required: ACTIVITY
10:48:04,915 [main] DEBUG org.activiti.engine.impl.history.DefaultHistoryManager  - Current history level: NONE, level required: FULL
10:48:04,915 [main] DEBUG org.activiti.engine.impl.history.DefaultHistoryManager  - Current history level: NONE, level required: ACTIVITY
10:48:04,915 [main] DEBUG org.activiti.engine.impl.history.DefaultHistoryManager  - Current history level: NONE, level required: FULL
10:48:04,915 [main] DEBUG org.activiti.engine.impl.history.DefaultHistoryManager  - Current history level: NONE, level required: ACTIVITY
10:48:04,915 [main] DEBUG org.activiti.engine.impl.history.DefaultHistoryManager  - Current history level: NONE, level required: FULL
10:48:04,915 [main] DEBUG org.activiti.engine.impl.history.DefaultHistoryManager  - Current history level: NONE, level required: ACTIVITY
10:48:04,915 [main] DEBUG org.activiti.engine.impl.history.DefaultHistoryManager  - Current history level: NONE, level required: FULL
10:48:04,915 [main] DEBUG org.activiti.engine.impl.history.DefaultHistoryManager  - Current history level: NONE, level required: ACTIVITY
10:48:04,915 [main] DEBUG org.activiti.engine.impl.history.DefaultHistoryManager  - Current history level: NONE, level required: FULL
10:48:04,915 [main] DEBUG org.activiti.engine.impl.history.DefaultHistoryManager  - Current history level: NONE, level required: ACTIVITY
10:48:04,915 [main] DEBUG org.activiti.engine.impl.history.DefaultHistoryManager  - Current history level: NONE, level required: FULL
10:48:04,915 [main] DEBUG org.activiti.engine.impl.history.DefaultHistoryManager  - Current history level: NONE, level required: ACTIVITY
10:48:04,915 [main] DEBUG org.activiti.engine.impl.history.DefaultHistoryManager  - Current history level: NONE, level required: FULL
10:48:04,915 [main] DEBUG org.activiti.engine.impl.history.DefaultHistoryManager  - Current history level: NONE, level required: ACTIVITY
10:48:04,915 [main] DEBUG org.activiti.engine.impl.history.DefaultHistoryManager  - Current history level: NONE, level required: FULL
10:48:04,915 [main] DEBUG org.activiti.engine.impl.history.DefaultHistoryManager  - Current history level: NONE, level required: ACTIVITY
10:48:04,915 [main] DEBUG org.activiti.engine.impl.history.DefaultHistoryManager  - Current history level: NONE, level required: FULL
10:48:04,915 [main] DEBUG org.activiti.engine.impl.history.DefaultHistoryManager  - Current history level: NONE, level required: ACTIVITY
10:48:04,915 [main] DEBUG org.activiti.engine.impl.history.DefaultHistoryManager  - Current history level: NONE, level required: FULL
10:48:04,915 [main] DEBUG org.activiti.engine.impl.history.DefaultHistoryManager  - Current history level: NONE, level required: ACTIVITY
10:48:04,915 [main] DEBUG org.activiti.engine.impl.history.DefaultHistoryManager  - Current history level: NONE, level required: FULL
10:48:04,915 [main] DEBUG org.activiti.engine.impl.history.DefaultHistoryManager  - Current history level: NONE, level required: ACTIVITY
10:48:04,915 [main] DEBUG org.activiti.engine.impl.history.DefaultHistoryManager  - Current history level: NONE, level required: FULL
10:48:04,916 [main] DEBUG org.activiti.engine.impl.history.DefaultHistoryManager  - Current history level: NONE, level required: ACTIVITY
10:48:04,916 [main] DEBUG org.activiti.engine.impl.history.DefaultHistoryManager  - Current history level: NONE, level required: FULL
10:48:04,916 [Thread-102] DEBUG org.activiti.engine.impl.asyncexecutor.AcquireTimerJobsRunnable  - timer job acquisition thread woke up
10:48:04,916 [Thread-112] DEBUG org.activiti.engine.impl.asyncexecutor.AcquireAsyncJobsDueRunnable  - async job acquisition thread woke up
10:48:04,916 [Thread-112] DEBUG org.activiti.engine.impl.interceptor.LogInterceptor  - 

10:48:04,916 [Thread-111] DEBUG org.activiti.engine.impl.asyncexecutor.AcquireTimerJobsRunnable  - timer job acquisition thread woke up
10:48:04,916 [Thread-111] DEBUG org.activiti.engine.impl.interceptor.LogInterceptor  - 

10:48:04,916 [Thread-106] DEBUG org.activiti.engine.impl.asyncexecutor.AcquireAsyncJobsDueRunnable  - async job acquisition thread woke up
10:48:04,916 [Thread-106] DEBUG org.activiti.engine.impl.interceptor.LogInterceptor  - 

10:48:04,916 [Thread-106] DEBUG org.activiti.engine.impl.interceptor.LogInterceptor  - --- starting AcquireAsyncJobsDueCmd --------------------------------------------------------
10:48:04,916 [Thread-105] DEBUG org.activiti.engine.impl.asyncexecutor.AcquireTimerJobsRunnable  - timer job acquisition thread woke up
10:48:04,916 [Thread-105] DEBUG org.activiti.engine.impl.interceptor.LogInterceptor  - 

10:48:04,916 [Thread-105] DEBUG org.activiti.engine.impl.interceptor.LogInterceptor  - --- starting AcquireTimerJobsCmd --------------------------------------------------------
10:48:04,916 [Thread-103] DEBUG org.activiti.engine.impl.asyncexecutor.AcquireAsyncJobsDueRunnable  - async job acquisition thread woke up
10:48:04,916 [Thread-103] DEBUG org.activiti.engine.impl.interceptor.LogInterceptor  - 

10:48:04,916 [Thread-103] DEBUG org.activiti.engine.impl.interceptor.LogInterceptor  - --- starting AcquireAsyncJobsDueCmd --------------------------------------------------------
10:48:04,916 [Thread-105] DEBUG org.apache.ibatis.transaction.jdbc.JdbcTransaction  - Opening JDBC Connection
10:48:04,916 [Thread-106] DEBUG org.apache.ibatis.transaction.jdbc.JdbcTransaction  - Opening JDBC Connection
10:48:04,916 [Thread-111] DEBUG org.activiti.engine.impl.interceptor.LogInterceptor  - --- starting AcquireTimerJobsCmd --------------------------------------------------------
10:48:04,916 [Thread-112] DEBUG org.activiti.engine.impl.interceptor.LogInterceptor  - --- starting AcquireAsyncJobsDueCmd --------------------------------------------------------
10:48:04,916 [Thread-102] DEBUG org.activiti.engine.impl.interceptor.LogInterceptor  - 

10:48:04,917 [Thread-102] DEBUG org.activiti.engine.impl.interceptor.LogInterceptor  - --- starting AcquireTimerJobsCmd --------------------------------------------------------
10:48:04,916 [main] DEBUG org.activiti.engine.impl.history.DefaultHistoryManager  - Current history level: NONE, level required: ACTIVITY
10:48:04,917 [Thread-102] DEBUG org.apache.ibatis.transaction.jdbc.JdbcTransaction  - Opening JDBC Connection
10:48:04,917 [Thread-102] DEBUG org.apache.ibatis.datasource.pooled.PooledDataSource  - Checked out connection 157985567 from pool.
10:48:04,917 [Thread-112] DEBUG org.apache.ibatis.transaction.jdbc.JdbcTransaction  - Opening JDBC Connection
10:48:04,917 [Thread-112] DEBUG org.apache.ibatis.datasource.pooled.PooledDataSource  - Checked out connection 604408605 from pool.
10:48:04,917 [Thread-111] DEBUG org.apache.ibatis.transaction.jdbc.JdbcTransaction  - Opening JDBC Connection
10:48:04,917 [Thread-111] DEBUG org.apache.ibatis.datasource.pooled.PooledDataSource  - Checked out connection 1863805930 from pool.
10:48:04,917 [Thread-111] DEBUG org.apache.ibatis.transaction.jdbc.JdbcTransaction  - Setting autocommit to false on JDBC Connection [conn69: url=jdbc:h2:mem:activiti-AsyncExecutorTest user=SA]
10:48:04,916 [Thread-105] DEBUG org.apache.ibatis.datasource.pooled.PooledDataSource  - Checked out connection 54468349 from pool.
10:48:04,916 [Thread-103] DEBUG org.apache.ibatis.transaction.jdbc.JdbcTransaction  - Opening JDBC Connection
10:48:04,917 [Thread-103] DEBUG org.apache.ibatis.datasource.pooled.PooledDataSource  - Checked out connection 720039383 from pool.
10:48:04,917 [Thread-106] DEBUG org.apache.ibatis.datasource.pooled.PooledDataSource  - Checked out connection 1970103261 from pool.
10:48:04,917 [Thread-105] DEBUG org.apache.ibatis.transaction.jdbc.JdbcTransaction  - Setting autocommit to false on JDBC Connection [conn64: url=jdbc:h2:mem:activiti-AsyncExecutorTest user=SA]
10:48:04,917 [Thread-111] DEBUG org.activiti.engine.impl.persistence.entity.JobEntity.selectNextTimerJobsToExecute  - ==&gt;  Preparing: select RES.* from ACT_RU_JOB RES LEFT OUTER JOIN ACT_RU_EXECUTION PI ON PI.ID_ = RES.PROCESS_INSTANCE_ID_ where (RES.RETRIES_ &gt; 0) and (RES.DUEDATE_ is null or RES.DUEDATE_ &lt;= ?) and (RES.LOCK_OWNER_ is null or RES.LOCK_EXP_TIME_ &lt;= ?) and TYPE_ = &apos;timer&apos; and ( (RES.EXECUTION_ID_ is null) or (PI.SUSPENSION_STATE_ = 1) ) LIMIT ? OFFSET ? 
10:48:04,917 [Thread-112] DEBUG org.apache.ibatis.transaction.jdbc.JdbcTransaction  - Setting autocommit to false on JDBC Connection [conn70: url=jdbc:h2:mem:activiti-AsyncExecutorTest user=SA]
10:48:04,917 [Thread-111] DEBUG org.activiti.engine.impl.persistence.entity.JobEntity.selectNextTimerJobsToExecute  - ==&gt; Parameters: 2023-03-20 10:48:04.917(Timestamp), 2023-03-20 10:48:04.917(Timestamp), 1(Integer), 0(Integer)
10:48:04,917 [Thread-102] DEBUG org.apache.ibatis.transaction.jdbc.JdbcTransaction  - Setting autocommit to false on JDBC Connection [conn61: url=jdbc:h2:mem:activiti-AsyncExecutorTest user=SA]
10:48:04,917 [Thread-111] DEBUG org.activiti.engine.impl.persistence.entity.JobEntity.selectNextTimerJobsToExecute  - &lt;==      Total: 0
10:48:04,917 [main] DEBUG org.activiti.engine.impl.history.DefaultHistoryManager  - Current history level: NONE, level required: FULL
10:48:04,917 [Thread-111] DEBUG org.activiti.engine.impl.db.DbSqlSession  - flush summary: 0 insert, 0 update, 0 delete.
10:48:04,917 [Thread-111] DEBUG org.activiti.engine.impl.db.DbSqlSession  - now executing flush...
10:48:04,917 [Thread-102] DEBUG org.activiti.engine.impl.persistence.entity.JobEntity.selectNextTimerJobsToExecute  - ==&gt;  Preparing: select RES.* from ACT_RU_JOB RES LEFT OUTER JOIN ACT_RU_EXECUTION PI ON PI.ID_ = RES.PROCESS_INSTANCE_ID_ where (RES.RETRIES_ &gt; 0) and (RES.DUEDATE_ is null or RES.DUEDATE_ &lt;= ?) and (RES.LOCK_OWNER_ is null or RES.LOCK_EXP_TIME_ &lt;= ?) and TYPE_ = &apos;timer&apos; and ( (RES.EXECUTION_ID_ is null) or (PI.SUSPENSION_STATE_ = 1) ) LIMIT ? OFFSET ? 
10:48:04,917 [Thread-112] DEBUG org.activiti.engine.impl.persistence.entity.JobEntity.selectAsyncJobsDueToExecute  - ==&gt;  Preparing: select RES.* from ACT_RU_JOB RES LEFT OUTER JOIN ACT_RU_EXECUTION PI ON PI.ID_ = RES.PROCESS_INSTANCE_ID_ where RES.RETRIES_ &gt; 0 and RES.DUEDATE_ is not null and RES.DUEDATE_ &lt;= ? and (RES.LOCK_EXP_TIME_ is null or RES.LOCK_EXP_TIME_ &lt;= ?) and TYPE_ = &apos;message&apos; and ( (RES.EXECUTION_ID_ is null) or (PI.SUSPENSION_STATE_ = 1) ) LIMIT ? OFFSET ? 
10:48:04,917 [Thread-105] DEBUG org.activiti.engine.impl.persistence.entity.JobEntity.selectNextTimerJobsToExecute  - ==&gt;  Preparing: select RES.* from ACT_RU_JOB RES LEFT OUTER JOIN ACT_RU_EXECUTION PI ON PI.ID_ = RES.PROCESS_INSTANCE_ID_ where (RES.RETRIES_ &gt; 0) and (RES.DUEDATE_ is null or RES.DUEDATE_ &lt;= ?) and (RES.LOCK_OWNER_ is null or RES.LOCK_EXP_TIME_ &lt;= ?) and TYPE_ = &apos;timer&apos; and ( (RES.EXECUTION_ID_ is null) or (PI.SUSPENSION_STATE_ = 1) ) LIMIT ? OFFSET ? 
10:48:04,917 [Thread-106] DEBUG org.apache.ibatis.transaction.jdbc.JdbcTransaction  - Setting autocommit to false on JDBC Connection [conn63: url=jdbc:h2:mem:activiti-AsyncExecutorTest user=SA]
10:48:04,917 [Thread-103] DEBUG org.apache.ibatis.transaction.jdbc.JdbcTransaction  - Setting autocommit to false on JDBC Connection [conn59: url=jdbc:h2:mem:activiti-AsyncExecutorTest user=SA]
10:48:04,917 [Thread-106] DEBUG org.activiti.engine.impl.persistence.entity.JobEntity.selectAsyncJobsDueToExecute  - ==&gt;  Preparing: select RES.* from ACT_RU_JOB RES LEFT OUTER JOIN ACT_RU_EXECUTION PI ON PI.ID_ = RES.PROCESS_INSTANCE_ID_ where RES.RETRIES_ &gt; 0 and RES.DUEDATE_ is not null and RES.DUEDATE_ &lt;= ? and (RES.LOCK_EXP_TIME_ is null or RES.LOCK_EXP_TIME_ &lt;= ?) and TYPE_ = &apos;message&apos; and ( (RES.EXECUTION_ID_ is null) or (PI.SUSPENSION_STATE_ = 1) ) LIMIT ? OFFSET ? 
10:48:04,917 [Thread-105] DEBUG org.activiti.engine.impl.persistence.entity.JobEntity.selectNextTimerJobsToExecute  - ==&gt; Parameters: 2023-03-20 10:48:04.916(Timestamp), 2023-03-20 10:48:04.916(Timestamp), 1(Integer), 0(Integer)
10:48:04,917 [Thread-112] DEBUG org.activiti.engine.impl.persistence.entity.JobEntity.selectAsyncJobsDueToExecute  - ==&gt; Parameters: 2023-03-20 10:48:04.917(Timestamp), 2023-03-20 10:48:04.917(Timestamp), 1(Integer), 0(Integer)
10:48:04,917 [Thread-102] DEBUG org.activiti.engine.impl.persistence.entity.JobEntity.selectNextTimerJobsToExecute  - ==&gt; Parameters: 2023-03-20 10:48:04.917(Timestamp), 2023-03-20 10:48:04.917(Timestamp), 1(Integer), 0(Integer)
10:48:04,917 [Thread-111] DEBUG org.activiti.engine.impl.cfg.standalone.StandaloneMybatisTransactionContext  - firing event committing...
10:48:04,917 [Thread-111] DEBUG org.activiti.engine.impl.cfg.standalone.StandaloneMybatisTransactionContext  - committing the ibatis sql session...
10:48:04,917 [Thread-111] DEBUG org.activiti.engine.impl.cfg.standalone.StandaloneMybatisTransactionContext  - firing event committed...
10:48:04,917 [main] DEBUG org.activiti.engine.impl.history.DefaultHistoryManager  - Current history level: NONE, level required: ACTIVITY
10:48:04,917 [Thread-111] DEBUG org.apache.ibatis.transaction.jdbc.JdbcTransaction  - Resetting autocommit to true on JDBC Connection [conn69: url=jdbc:h2:mem:activiti-AsyncExecutorTest user=SA]
10:48:04,917 [Thread-102] DEBUG org.activiti.engine.impl.persistence.entity.JobEntity.selectNextTimerJobsToExecute  - &lt;==      Total: 0
10:48:04,917 [Thread-112] DEBUG org.activiti.engine.impl.persistence.entity.JobEntity.selectAsyncJobsDueToExecute  - &lt;==      Total: 0
10:48:04,917 [Thread-105] DEBUG org.activiti.engine.impl.persistence.entity.JobEntity.selectNextTimerJobsToExecute  - &lt;==      Total: 0
10:48:04,917 [Thread-106] DEBUG org.activiti.engine.impl.persistence.entity.JobEntity.selectAsyncJobsDueToExecute  - ==&gt; Parameters: 2023-03-20 10:48:04.916(Timestamp), 2023-03-20 10:48:04.916(Timestamp), 1(Integer), 0(Integer)
10:48:04,917 [Thread-103] DEBUG org.activiti.engine.impl.persistence.entity.JobEntity.selectAsyncJobsDueToExecute  - ==&gt;  Preparing: select RES.* from ACT_RU_JOB RES LEFT OUTER JOIN ACT_RU_EXECUTION PI ON PI.ID_ = RES.PROCESS_INSTANCE_ID_ where RES.RETRIES_ &gt; 0 and RES.DUEDATE_ is not null and RES.DUEDATE_ &lt;= ? and (RES.LOCK_EXP_TIME_ is null or RES.LOCK_EXP_TIME_ &lt;= ?) and TYPE_ = &apos;message&apos; and ( (RES.EXECUTION_ID_ is null) or (PI.SUSPENSION_STATE_ = 1) ) LIMIT ? OFFSET ? 
10:48:04,918 [Thread-106] DEBUG org.activiti.engine.impl.persistence.entity.JobEntity.selectAsyncJobsDueToExecute  - &lt;==      Total: 0
10:48:04,918 [Thread-105] DEBUG org.activiti.engine.impl.db.DbSqlSession  - flush summary: 0 insert, 0 update, 0 delete.
10:48:04,918 [Thread-105] DEBUG org.activiti.engine.impl.db.DbSqlSession  - now executing flush...
10:48:04,918 [Thread-112] DEBUG org.activiti.engine.impl.db.DbSqlSession  - flush summary: 0 insert, 0 update, 0 delete.
10:48:04,918 [Thread-112] DEBUG org.activiti.engine.impl.db.DbSqlSession  - now executing flush...
10:48:04,918 [Thread-102] DEBUG org.activiti.engine.impl.db.DbSqlSession  - flush summary: 0 insert, 0 update, 0 delete.
10:48:04,918 [Thread-102] DEBUG org.activiti.engine.impl.db.DbSqlSession  - now executing flush...
10:48:04,918 [Thread-111] DEBUG org.apache.ibatis.transaction.jdbc.JdbcTransaction  - Closing JDBC Connection [conn69: url=jdbc:h2:mem:activiti-AsyncExecutorTest user=SA]
10:48:04,918 [main] DEBUG org.activiti.engine.impl.history.DefaultHistoryManager  - Current history level: NONE, level required: FULL
10:48:04,918 [Thread-111] DEBUG org.apache.ibatis.datasource.pooled.PooledDataSource  - Returned connection 1863805930 to pool.
10:48:04,918 [Thread-102] DEBUG org.activiti.engine.impl.cfg.standalone.StandaloneMybatisTransactionContext  - firing event committing...
10:48:04,918 [Thread-102] DEBUG org.activiti.engine.impl.cfg.standalone.StandaloneMybatisTransactionContext  - committing the ibatis sql session...
10:48:04,918 [Thread-112] DEBUG org.activiti.engine.impl.cfg.standalone.StandaloneMybatisTransactionContext  - firing event committing...
10:48:04,918 [Thread-112] DEBUG org.activiti.engine.impl.cfg.standalone.StandaloneMybatisTransactionContext  - committing the ibatis sql session...
10:48:04,918 [Thread-112] DEBUG org.activiti.engine.impl.cfg.standalone.StandaloneMybatisTransactionContext  - firing event committed...
10:48:04,918 [Thread-105] DEBUG org.activiti.engine.impl.cfg.standalone.StandaloneMybatisTransactionContext  - firing event committing...
10:48:04,919 [Thread-105] DEBUG org.activiti.engine.impl.cfg.standalone.StandaloneMybatisTransactionContext  - committing the ibatis sql session...
10:48:04,918 [Thread-106] DEBUG org.activiti.engine.impl.db.DbSqlSession  - flush summary: 0 insert, 0 update, 0 delete.
10:48:04,919 [Thread-106] DEBUG org.activiti.engine.impl.db.DbSqlSession  - now executing flush...
10:48:04,918 [Thread-103] DEBUG org.activiti.engine.impl.persistence.entity.JobEntity.selectAsyncJobsDueToExecute  - ==&gt; Parameters: 2023-03-20 10:48:04.916(Timestamp), 2023-03-20 10:48:04.916(Timestamp), 1(Integer), 0(Integer)
10:48:04,919 [Thread-106] DEBUG org.activiti.engine.impl.cfg.standalone.StandaloneMybatisTransactionContext  - firing event committing...
10:48:04,919 [Thread-106] DEBUG org.activiti.engine.impl.cfg.standalone.StandaloneMybatisTransactionContext  - committing the ibatis sql session...
10:48:04,919 [Thread-105] DEBUG org.activiti.engine.impl.cfg.standalone.StandaloneMybatisTransactionContext  - firing event committed...
10:48:04,918 [Thread-112] DEBUG org.apache.ibatis.transaction.jdbc.JdbcTransaction  - Resetting autocommit to true on JDBC Connection [conn70: url=jdbc:h2:mem:activiti-AsyncExecutorTest user=SA]
10:48:04,918 [Thread-102] DEBUG org.activiti.engine.impl.cfg.standalone.StandaloneMybatisTransactionContext  - firing event committed...
10:48:04,919 [Thread-102] DEBUG org.apache.ibatis.transaction.jdbc.JdbcTransaction  - Resetting autocommit to true on JDBC Connection [conn61: url=jdbc:h2:mem:activiti-AsyncExecutorTest user=SA]
10:48:04,919 [Thread-102] DEBUG org.apache.ibatis.transaction.jdbc.JdbcTransaction  - Closing JDBC Connection [conn61: url=jdbc:h2:mem:activiti-AsyncExecutorTest user=SA]
10:48:04,919 [Thread-102] DEBUG org.apache.ibatis.datasource.pooled.PooledDataSource  - Returned connection 157985567 to pool.
10:48:04,918 [Thread-111] DEBUG org.activiti.engine.impl.interceptor.LogInterceptor  - --- AcquireTimerJobsCmd finished --------------------------------------------------------
10:48:04,919 [Thread-111] DEBUG org.activiti.engine.impl.interceptor.LogInterceptor  - 

10:48:04,918 [main] DEBUG org.activiti.engine.impl.history.DefaultHistoryManager  - Current history level: NONE, level required: ACTIVITY
10:48:04,919 [main] DEBUG org.activiti.engine.impl.history.DefaultHistoryManager  - Current history level: NONE, level required: FULL
10:48:04,919 [Thread-111] DEBUG org.activiti.engine.impl.asyncexecutor.AcquireTimerJobsRunnable  - timer job acquisition thread sleeping for 50 millis
10:48:04,919 [Thread-102] DEBUG org.activiti.engine.impl.interceptor.LogInterceptor  - --- AcquireTimerJobsCmd finished --------------------------------------------------------
10:48:04,919 [Thread-102] DEBUG org.activiti.engine.impl.interceptor.LogInterceptor  - 

10:48:04,919 [Thread-112] DEBUG org.apache.ibatis.transaction.jdbc.JdbcTransaction  - Closing JDBC Connection [conn70: url=jdbc:h2:mem:activiti-AsyncExecutorTest user=SA]
10:48:04,919 [Thread-112] DEBUG org.apache.ibatis.datasource.pooled.PooledDataSource  - Returned connection 604408605 to pool.
10:48:04,919 [Thread-105] DEBUG org.apache.ibatis.transaction.jdbc.JdbcTransaction  - Resetting autocommit to true on JDBC Connection [conn64: url=jdbc:h2:mem:activiti-AsyncExecutorTest user=SA]
10:48:04,919 [Thread-105] DEBUG org.apache.ibatis.transaction.jdbc.JdbcTransaction  - Closing JDBC Connection [conn64: url=jdbc:h2:mem:activiti-AsyncExecutorTest user=SA]
10:48:04,919 [Thread-105] DEBUG org.apache.ibatis.datasource.pooled.PooledDataSource  - Returned connection 54468349 to pool.
10:48:04,919 [Thread-106] DEBUG org.activiti.engine.impl.cfg.standalone.StandaloneMybatisTransactionContext  - firing event committed...
10:48:04,919 [Thread-106] DEBUG org.apache.ibatis.transaction.jdbc.JdbcTransaction  - Resetting autocommit to true on JDBC Connection [conn63: url=jdbc:h2:mem:activiti-AsyncExecutorTest user=SA]
10:48:04,919 [Thread-103] DEBUG org.activiti.engine.impl.persistence.entity.JobEntity.selectAsyncJobsDueToExecute  - &lt;==      Total: 0
10:48:04,920 [Thread-106] DEBUG org.apache.ibatis.transaction.jdbc.JdbcTransaction  - Closing JDBC Connection [conn63: url=jdbc:h2:mem:activiti-AsyncExecutorTest user=SA]
10:48:04,919 [Thread-105] DEBUG org.activiti.engine.impl.interceptor.LogInterceptor  - --- AcquireTimerJobsCmd finished --------------------------------------------------------
10:48:04,920 [Thread-105] DEBUG org.activiti.engine.impl.interceptor.LogInterceptor  - 

10:48:04,919 [Thread-112] DEBUG org.activiti.engine.impl.interceptor.LogInterceptor  - --- AcquireAsyncJobsDueCmd finished --------------------------------------------------------
10:48:04,920 [Thread-112] DEBUG org.activiti.engine.impl.interceptor.LogInterceptor  - 

10:48:04,919 [Thread-102] DEBUG org.activiti.engine.impl.asyncexecutor.AcquireTimerJobsRunnable  - timer job acquisition thread sleeping for 50 millis
10:48:04,919 [main] DEBUG org.activiti.engine.impl.history.DefaultHistoryManager  - Current history level: NONE, level required: ACTIVITY
10:48:04,920 [Thread-112] DEBUG org.activiti.engine.impl.asyncexecutor.AcquireAsyncJobsDueRunnable  - async job acquisition thread sleeping for 50 millis
10:48:04,920 [Thread-105] DEBUG org.activiti.engine.impl.asyncexecutor.AcquireTimerJobsRunnable  - timer job acquisition thread sleeping for 50 millis
10:48:04,920 [Thread-106] DEBUG org.apache.ibatis.datasource.pooled.PooledDataSource  - Returned connection 1970103261 to pool.
10:48:04,920 [Thread-106] DEBUG org.activiti.engine.impl.interceptor.LogInterceptor  - --- AcquireAsyncJobsDueCmd finished --------------------------------------------------------
10:48:04,920 [Thread-106] DEBUG org.activiti.engine.impl.interceptor.LogInterceptor  - 

10:48:04,920 [Thread-103] DEBUG org.activiti.engine.impl.db.DbSqlSession  - flush summary: 0 insert, 0 update, 0 delete.
10:48:04,920 [Thread-103] DEBUG org.activiti.engine.impl.db.DbSqlSession  - now executing flush...
10:48:04,920 [Thread-106] DEBUG org.activiti.engine.impl.asyncexecutor.AcquireAsyncJobsDueRunnable  - async job acquisition thread sleeping for 50 millis
10:48:04,920 [main] DEBUG org.activiti.engine.impl.history.DefaultHistoryManager  - Current history level: NONE, level required: FULL
10:48:04,920 [Thread-103] DEBUG org.activiti.engine.impl.cfg.standalone.StandaloneMybatisTransactionContext  - firing event committing...
10:48:04,920 [Thread-103] DEBUG org.activiti.engine.impl.cfg.standalone.StandaloneMybatisTransactionContext  - committing the ibatis sql session...
10:48:04,920 [Thread-103] DEBUG org.activiti.engine.impl.cfg.standalone.StandaloneMybatisTransactionContext  - firing event committed...
10:48:04,920 [main] DEBUG org.activiti.engine.impl.history.DefaultHistoryManager  - Current history level: NONE, level required: ACTIVITY
10:48:04,920 [main] DEBUG org.activiti.engine.impl.history.DefaultHistoryManager  - Current history level: NONE, level required: FULL
10:48:04,920 [Thread-103] DEBUG org.apache.ibatis.transaction.jdbc.JdbcTransaction  - Resetting autocommit to true on JDBC Connection [conn59: url=jdbc:h2:mem:activiti-AsyncExecutorTest user=SA]
10:48:04,921 [Thread-103] DEBUG org.apache.ibatis.transaction.jdbc.JdbcTransaction  - Closing JDBC Connection [conn59: url=jdbc:h2:mem:activiti-AsyncExecutorTest user=SA]
10:48:04,921 [Thread-103] DEBUG org.apache.ibatis.datasource.pooled.PooledDataSource  - Returned connection 720039383 to pool.
10:48:04,921 [Thread-103] DEBUG org.activiti.engine.impl.interceptor.LogInterceptor  - --- AcquireAsyncJobsDueCmd finished --------------------------------------------------------
10:48:04,921 [Thread-103] DEBUG org.activiti.engine.impl.interceptor.LogInterceptor  - 

10:48:04,921 [main] DEBUG org.activiti.engine.impl.history.DefaultHistoryManager  - Current history level: NONE, level required: ACTIVITY
10:48:04,921 [main] DEBUG org.activiti.engine.impl.history.DefaultHistoryManager  - Current history level: NONE, level required: FULL
10:48:04,921 [Thread-103] DEBUG org.activiti.engine.impl.asyncexecutor.AcquireAsyncJobsDueRunnable  - async job acquisition thread sleeping for 50 millis
10:48:04,921 [main] DEBUG org.activiti.engine.impl.history.DefaultHistoryManager  - Current history level: NONE, level required: ACTIVITY
10:48:04,921 [main] DEBUG org.activiti.engine.impl.history.DefaultHistoryManager  - Current history level: NONE, level required: FULL
10:48:04,921 [main] DEBUG org.activiti.engine.impl.history.DefaultHistoryManager  - Current history level: NONE, level required: ACTIVITY
10:48:04,921 [main] DEBUG org.activiti.engine.impl.history.DefaultHistoryManager  - Current history level: NONE, level required: FULL
10:48:04,921 [main] DEBUG org.activiti.engine.impl.history.DefaultHistoryManager  - Current history level: NONE, level required: ACTIVITY
10:48:04,921 [main] DEBUG org.activiti.engine.impl.history.DefaultHistoryManager  - Current history level: NONE, level required: FULL
10:48:04,921 [main] DEBUG org.activiti.engine.impl.history.DefaultHistoryManager  - Current history level: NONE, level required: ACTIVITY
10:48:04,921 [main] DEBUG org.activiti.engine.impl.history.DefaultHistoryManager  - Current history level: NONE, level required: FULL
10:48:04,921 [main] DEBUG org.activiti.engine.impl.history.DefaultHistoryManager  - Current history level: NONE, level required: ACTIVITY
10:48:04,921 [main] DEBUG org.activiti.engine.impl.history.DefaultHistoryManager  - Current history level: NONE, level required: FULL
10:48:04,921 [main] DEBUG org.activiti.engine.impl.history.DefaultHistoryManager  - Current history level: NONE, level required: ACTIVITY
10:48:04,921 [main] DEBUG org.activiti.engine.impl.history.DefaultHistoryManager  - Current history level: NONE, level required: FULL
10:48:04,921 [main] DEBUG org.activiti.engine.impl.history.DefaultHistoryManager  - Current history level: NONE, level required: ACTIVITY
10:48:04,921 [main] DEBUG org.activiti.engine.impl.history.DefaultHistoryManager  - Current history level: NONE, level required: FULL
10:48:04,921 [main] DEBUG org.activiti.engine.impl.history.DefaultHistoryManager  - Current history level: NONE, level required: ACTIVITY
10:48:04,921 [main] DEBUG org.activiti.engine.impl.history.DefaultHistoryManager  - Current history level: NONE, level required: FULL
10:48:04,922 [main] DEBUG org.activiti.engine.impl.history.DefaultHistoryManager  - Current history level: NONE, level required: ACTIVITY
10:48:04,922 [main] DEBUG org.activiti.engine.impl.history.DefaultHistoryManager  - Current history level: NONE, level required: FULL
10:48:04,922 [main] DEBUG org.activiti.engine.impl.history.DefaultHistoryManager  - Current history level: NONE, level required: ACTIVITY
10:48:04,922 [main] DEBUG org.activiti.engine.impl.history.DefaultHistoryManager  - Current history level: NONE, level required: FULL
10:48:04,922 [main] DEBUG org.activiti.engine.impl.history.DefaultHistoryManager  - Current history level: NONE, level required: ACTIVITY
10:48:04,922 [main] DEBUG org.activiti.engine.impl.history.DefaultHistoryManager  - Current history level: NONE, level required: FULL
10:48:04,922 [main] DEBUG org.activiti.engine.impl.history.DefaultHistoryManager  - Current history level: NONE, level required: ACTIVITY
10:48:04,922 [main] DEBUG org.activiti.engine.impl.history.DefaultHistoryManager  - Current history level: NONE, level required: FULL
10:48:04,922 [main] DEBUG org.activiti.engine.impl.history.DefaultHistoryManager  - Current history level: NONE, level required: ACTIVITY
10:48:04,922 [main] DEBUG org.activiti.engine.impl.history.DefaultHistoryManager  - Current history level: NONE, level required: FULL
10:48:04,922 [main] DEBUG org.activiti.engine.impl.history.DefaultHistoryManager  - Current history level: NONE, level required: ACTIVITY
10:48:04,922 [main] DEBUG org.activiti.engine.impl.history.DefaultHistoryManager  - Current history level: NONE, level required: FULL
10:48:04,922 [main] DEBUG org.activiti.engine.impl.history.DefaultHistoryManager  - Current history level: NONE, level required: ACTIVITY
10:48:04,922 [main] DEBUG org.activiti.engine.impl.history.DefaultHistoryManager  - Current history level: NONE, level required: FULL
10:48:04,922 [main] DEBUG org.activiti.engine.impl.history.DefaultHistoryManager  - Current history level: NONE, level required: ACTIVITY
10:48:04,922 [main] DEBUG org.activiti.engine.impl.history.DefaultHistoryManager  - Current history level: NONE, level required: FULL
10:48:04,922 [main] DEBUG org.activiti.engine.impl.history.DefaultHistoryManager  - Current history level: NONE, level required: ACTIVITY
10:48:04,922 [main] DEBUG org.activiti.engine.impl.history.DefaultHistoryManager  - Current history level: NONE, level required: FULL
10:48:04,922 [main] DEBUG org.activiti.engine.impl.history.DefaultHistoryManager  - Current history level: NONE, level required: ACTIVITY
10:48:04,922 [main] DEBUG org.activiti.engine.impl.history.DefaultHistoryManager  - Current history level: NONE, level required: FULL
10:48:04,922 [main] DEBUG org.activiti.engine.impl.history.DefaultHistoryManager  - Current history level: NONE, level required: ACTIVITY
10:48:04,922 [main] DEBUG org.activiti.engine.impl.history.DefaultHistoryManager  - Current history level: NONE, level required: FULL
10:48:04,922 [main] DEBUG org.activiti.engine.impl.history.DefaultHistoryManager  - Current history level: NONE, level required: ACTIVITY
10:48:04,922 [main] DEBUG org.activiti.engine.impl.history.DefaultHistoryManager  - Current history level: NONE, level required: FULL
10:48:04,922 [main] DEBUG org.activiti.engine.impl.history.DefaultHistoryManager  - Current history level: NONE, level required: ACTIVITY
10:48:04,922 [main] DEBUG org.activiti.engine.impl.history.DefaultHistoryManager  - Current history level: NONE, level required: FULL
10:48:04,922 [main] DEBUG org.activiti.engine.impl.history.DefaultHistoryManager  - Current history level: NONE, level required: ACTIVITY
10:48:04,922 [main] DEBUG org.activiti.engine.impl.history.DefaultHistoryManager  - Current history level: NONE, level required: FULL
10:48:04,922 [main] DEBUG org.activiti.engine.impl.history.DefaultHistoryManager  - Current history level: NONE, level required: ACTIVITY
10:48:04,922 [main] DEBUG org.activiti.engine.impl.history.DefaultHistoryManager  - Current history level: NONE, level required: FULL
10:48:04,922 [main] DEBUG org.activiti.engine.impl.history.DefaultHistoryManager  - Current history level: NONE, level required: ACTIVITY
10:48:04,922 [main] DEBUG org.activiti.engine.impl.history.DefaultHistoryManager  - Current history level: NONE, level required: FULL
10:48:04,922 [main] DEBUG org.activiti.engine.impl.history.DefaultHistoryManager  - Current history level: NONE, level required: ACTIVITY
10:48:04,922 [main] DEBUG org.activiti.engine.impl.history.DefaultHistoryManager  - Current history level: NONE, level required: FULL
10:48:04,922 [main] DEBUG org.activiti.engine.impl.history.DefaultHistoryManager  - Current history level: NONE, level required: ACTIVITY
10:48:04,923 [main] DEBUG org.activiti.engine.impl.history.DefaultHistoryManager  - Current history level: NONE, level required: FULL
10:48:04,923 [main] DEBUG org.activiti.engine.impl.history.DefaultHistoryManager  - Current history level: NONE, level required: ACTIVITY
10:48:04,923 [main] DEBUG org.activiti.engine.impl.history.DefaultHistoryManager  - Current history level: NONE, level required: FULL
10:48:04,923 [main] DEBUG org.activiti.engine.impl.history.DefaultHistoryManager  - Current history level: NONE, level required: ACTIVITY
10:48:04,923 [main] DEBUG org.activiti.engine.impl.history.DefaultHistoryManager  - Current history level: NONE, level required: FULL
10:48:04,923 [main] DEBUG org.activiti.engine.impl.history.DefaultHistoryManager  - Current history level: NONE, level required: ACTIVITY
10:48:04,923 [main] DEBUG org.activiti.engine.impl.history.DefaultHistoryManager  - Current history level: NONE, level required: FULL
10:48:04,923 [main] DEBUG org.activiti.engine.impl.history.DefaultHistoryManager  - Current history level: NONE, level required: ACTIVITY
10:48:04,923 [main] DEBUG org.activiti.engine.impl.history.DefaultHistoryManager  - Current history level: NONE, level required: FULL
10:48:04,923 [main] DEBUG org.activiti.engine.impl.history.DefaultHistoryManager  - Current history level: NONE, level required: ACTIVITY
10:48:04,923 [main] DEBUG org.activiti.engine.impl.history.DefaultHistoryManager  - Current history level: NONE, level required: FULL
10:48:04,923 [main] DEBUG org.activiti.engine.impl.history.DefaultHistoryManager  - Current history level: NONE, level required: ACTIVITY
10:48:04,923 [main] DEBUG org.activiti.engine.impl.history.DefaultHistoryManager  - Current history level: NONE, level required: FULL
10:48:04,923 [main] DEBUG org.activiti.engine.impl.history.DefaultHistoryManager  - Current history level: NONE, level required: ACTIVITY
10:48:04,923 [main] DEBUG org.activiti.engine.impl.history.DefaultHistoryManager  - Current history level: NONE, level required: FULL
10:48:04,923 [main] DEBUG org.activiti.engine.impl.history.DefaultHistoryManager  - Current history level: NONE, level required: ACTIVITY
10:48:04,923 [main] DEBUG org.activiti.engine.impl.history.DefaultHistoryManager  - Current history level: NONE, level required: FULL
10:48:04,923 [main] DEBUG org.activiti.engine.impl.history.DefaultHistoryManager  - Current history level: NONE, level required: ACTIVITY
10:48:04,923 [main] DEBUG org.activiti.engine.impl.history.DefaultHistoryManager  - Current history level: NONE, level required: FULL
10:48:04,923 [main] DEBUG org.activiti.engine.impl.history.DefaultHistoryManager  - Current history level: NONE, level required: ACTIVITY
10:48:04,923 [main] DEBUG org.activiti.engine.impl.history.DefaultHistoryManager  - Current history level: NONE, level required: FULL
10:48:04,923 [main] DEBUG org.activiti.engine.impl.history.DefaultHistoryManager  - Current history level: NONE, level required: ACTIVITY
10:48:04,923 [main] DEBUG org.activiti.engine.impl.history.DefaultHistoryManager  - Current history level: NONE, level required: FULL
10:48:04,923 [main] DEBUG org.activiti.engine.impl.history.DefaultHistoryManager  - Current history level: NONE, level required: ACTIVITY
10:48:04,923 [main] DEBUG org.activiti.engine.impl.history.DefaultHistoryManager  - Current history level: NONE, level required: FULL
10:48:04,923 [main] DEBUG org.activiti.engine.impl.history.DefaultHistoryManager  - Current history level: NONE, level required: ACTIVITY
10:48:04,923 [main] DEBUG org.activiti.engine.impl.history.DefaultHistoryManager  - Current history level: NONE, level required: FULL
10:48:04,923 [main] DEBUG org.activiti.engine.impl.history.DefaultHistoryManager  - Current history level: NONE, level required: ACTIVITY
10:48:04,923 [main] DEBUG org.activiti.engine.impl.history.DefaultHistoryManager  - Current history level: NONE, level required: FULL
10:48:04,923 [main] DEBUG org.activiti.engine.impl.history.DefaultHistoryManager  - Current history level: NONE, level required: ACTIVITY
10:48:04,923 [main] DEBUG org.activiti.engine.impl.history.DefaultHistoryManager  - Current history level: NONE, level required: FULL
10:48:04,923 [main] DEBUG org.activiti.engine.impl.history.DefaultHistoryManager  - Current history level: NONE, level required: ACTIVITY
10:48:04,923 [main] DEBUG org.activiti.engine.impl.history.DefaultHistoryManager  - Current history level: NONE, level required: FULL
10:48:04,924 [main] DEBUG org.activiti.engine.impl.history.DefaultHistoryManager  - Current history level: NONE, level required: ACTIVITY
10:48:04,924 [main] DEBUG org.activiti.engine.impl.history.DefaultHistoryManager  - Current history level: NONE, level required: FULL
10:48:04,924 [main] DEBUG org.activiti.engine.impl.history.DefaultHistoryManager  - Current history level: NONE, level required: ACTIVITY
10:48:04,924 [main] DEBUG org.activiti.engine.impl.history.DefaultHistoryManager  - Current history level: NONE, level required: FULL
10:48:04,924 [main] DEBUG org.activiti.engine.impl.history.DefaultHistoryManager  - Current history level: NONE, level required: ACTIVITY
10:48:04,924 [main] DEBUG org.activiti.engine.impl.history.DefaultHistoryManager  - Current history level: NONE, level required: FULL
10:48:04,924 [main] DEBUG org.activiti.engine.impl.history.DefaultHistoryManager  - Current history level: NONE, level required: ACTIVITY
10:48:04,924 [main] DEBUG org.activiti.engine.impl.history.DefaultHistoryManager  - Current history level: NONE, level required: FULL
10:48:04,924 [main] DEBUG org.activiti.engine.impl.history.DefaultHistoryManager  - Current history level: NONE, level required: ACTIVITY
10:48:04,924 [main] DEBUG org.activiti.engine.impl.history.DefaultHistoryManager  - Current history level: NONE, level required: FULL
10:48:04,924 [main] DEBUG org.activiti.engine.impl.history.DefaultHistoryManager  - Current history level: NONE, level required: ACTIVITY
10:48:04,924 [main] DEBUG org.activiti.engine.impl.history.DefaultHistoryManager  - Current history level: NONE, level required: FULL
10:48:04,924 [main] DEBUG org.activiti.engine.impl.history.DefaultHistoryManager  - Current history level: NONE, level required: ACTIVITY
10:48:04,924 [main] DEBUG org.activiti.engine.impl.history.DefaultHistoryManager  - Current history level: NONE, level required: FULL
10:48:04,924 [main] DEBUG org.activiti.engine.impl.history.DefaultHistoryManager  - Current history level: NONE, level required: ACTIVITY
10:48:04,924 [main] DEBUG org.activiti.engine.impl.history.DefaultHistoryManager  - Current history level: NONE, level required: FULL
10:48:04,924 [main] DEBUG org.activiti.engine.impl.history.DefaultHistoryManager  - Current history level: NONE, level required: ACTIVITY
10:48:04,924 [main] DEBUG org.activiti.engine.impl.history.DefaultHistoryManager  - Current history level: NONE, level required: FULL
10:48:04,924 [main] DEBUG org.activiti.engine.impl.history.DefaultHistoryManager  - Current history level: NONE, level required: ACTIVITY
10:48:04,924 [main] DEBUG org.activiti.engine.impl.history.DefaultHistoryManager  - Current history level: NONE, level required: FULL
10:48:04,924 [main] DEBUG org.activiti.engine.impl.history.DefaultHistoryManager  - Current history level: NONE, level required: ACTIVITY
10:48:04,924 [main] DEBUG org.activiti.engine.impl.history.DefaultHistoryManager  - Current history level: NONE, level required: FULL
10:48:04,924 [main] DEBUG org.activiti.engine.impl.history.DefaultHistoryManager  - Current history level: NONE, level required: ACTIVITY
10:48:04,924 [main] DEBUG org.activiti.engine.impl.history.DefaultHistoryManager  - Current history level: NONE, level required: FULL
10:48:04,924 [main] DEBUG org.activiti.engine.impl.history.DefaultHistoryManager  - Current history level: NONE, level required: ACTIVITY
10:48:04,924 [main] DEBUG org.activiti.engine.impl.history.DefaultHistoryManager  - Current history level: NONE, level required: FULL
10:48:04,924 [main] DEBUG org.activiti.engine.impl.history.DefaultHistoryManager  - Current history level: NONE, level required: ACTIVITY
10:48:04,924 [main] DEBUG org.activiti.engine.impl.history.DefaultHistoryManager  - Current history level: NONE, level required: FULL
10:48:04,924 [main] DEBUG org.activiti.engine.impl.history.DefaultHistoryManager  - Current history level: NONE, level required: ACTIVITY
10:48:04,924 [main] DEBUG org.activiti.engine.impl.history.DefaultHistoryManager  - Current history level: NONE, level required: FULL
10:48:04,925 [main] DEBUG org.activiti.engine.impl.history.DefaultHistoryManager  - Current history level: NONE, level required: ACTIVITY
10:48:04,925 [main] DEBUG org.activiti.engine.impl.history.DefaultHistoryManager  - Current history level: NONE, level required: FULL
10:48:04,925 [main] DEBUG org.activiti.engine.impl.history.DefaultHistoryManager  - Current history level: NONE, level required: ACTIVITY
10:48:04,925 [main] DEBUG org.activiti.engine.impl.history.DefaultHistoryManager  - Current history level: NONE, level required: FULL
10:48:04,925 [main] DEBUG org.activiti.engine.impl.history.DefaultHistoryManager  - Current history level: NONE, level required: ACTIVITY
10:48:04,925 [main] DEBUG org.activiti.engine.impl.history.DefaultHistoryManager  - Current history level: NONE, level required: FULL
10:48:04,925 [main] DEBUG org.activiti.engine.impl.history.DefaultHistoryManager  - Current history level: NONE, level required: ACTIVITY
10:48:04,925 [main] DEBUG org.activiti.engine.impl.history.DefaultHistoryManager  - Current history level: NONE, level required: FULL
10:48:04,925 [main] DEBUG org.activiti.engine.impl.history.DefaultHistoryManager  - Current history level: NONE, level required: ACTIVITY
10:48:04,925 [main] DEBUG org.activiti.engine.impl.history.DefaultHistoryManager  - Current history level: NONE, level required: FULL
10:48:04,925 [main] DEBUG org.activiti.engine.impl.history.DefaultHistoryManager  - Current history level: NONE, level required: ACTIVITY
10:48:04,925 [main] DEBUG org.activiti.engine.impl.history.DefaultHistoryManager  - Current history level: NONE, level required: FULL
10:48:04,925 [main] DEBUG org.activiti.engine.impl.history.DefaultHistoryManager  - Current history level: NONE, level required: ACTIVITY
10:48:04,925 [main] DEBUG org.activiti.engine.impl.history.DefaultHistoryManager  - Current history level: NONE, level required: FULL
10:48:04,925 [main] DEBUG org.activiti.engine.impl.history.DefaultHistoryManager  - Current history level: NONE, level required: ACTIVITY
10:48:04,925 [main] DEBUG org.activiti.engine.impl.history.DefaultHistoryManager  - Current history level: NONE, level required: FULL
10:48:04,925 [main] DEBUG org.activiti.engine.impl.history.DefaultHistoryManager  - Current history level: NONE, level required: ACTIVITY
10:48:04,925 [main] DEBUG org.activiti.engine.impl.history.DefaultHistoryManager  - Current history level: NONE, level required: FULL
10:48:04,925 [main] DEBUG org.activiti.engine.impl.history.DefaultHistoryManager  - Current history level: NONE, level required: ACTIVITY
10:48:04,925 [main] DEBUG org.activiti.engine.impl.history.DefaultHistoryManager  - Current history level: NONE, level required: FULL
10:48:04,925 [main] DEBUG org.activiti.engine.impl.history.DefaultHistoryManager  - Current history level: NONE, level required: ACTIVITY
10:48:04,925 [main] DEBUG org.activiti.engine.impl.history.DefaultHistoryManager  - Current history level: NONE, level required: FULL
10:48:04,925 [main] DEBUG org.activiti.engine.impl.history.DefaultHistoryManager  - Current history level: NONE, level required: ACTIVITY
10:48:04,925 [main] DEBUG org.activiti.engine.impl.history.DefaultHistoryManager  - Current history level: NONE, level required: FULL
10:48:04,925 [main] DEBUG org.activiti.engine.impl.history.DefaultHistoryManager  - Current history level: NONE, level required: ACTIVITY
10:48:04,925 [main] DEBUG org.activiti.engine.impl.history.DefaultHistoryManager  - Current history level: NONE, level required: FULL
10:48:04,925 [main] DEBUG org.activiti.engine.impl.history.DefaultHistoryManager  - Current history level: NONE, level required: ACTIVITY
10:48:04,925 [main] DEBUG org.activiti.engine.impl.history.DefaultHistoryManager  - Current history level: NONE, level required: FULL
10:48:04,925 [main] DEBUG org.activiti.engine.impl.history.DefaultHistoryManager  - Current history level: NONE, level required: ACTIVITY
10:48:04,925 [main] DEBUG org.activiti.engine.impl.history.DefaultHistoryManager  - Current history level: NONE, level required: FULL
10:48:04,925 [main] DEBUG org.activiti.engine.impl.history.DefaultHistoryManager  - Current history level: NONE, level required: ACTIVITY
10:48:04,925 [main] DEBUG org.activiti.engine.impl.history.DefaultHistoryManager  - Current history level: NONE, level required: FULL
10:48:04,925 [main] DEBUG org.activiti.engine.impl.history.DefaultHistoryManager  - Current history level: NONE, level required: ACTIVITY
10:48:04,925 [main] DEBUG org.activiti.engine.impl.history.DefaultHistoryManager  - Current history level: NONE, level required: FULL
10:48:04,925 [main] DEBUG org.activiti.engine.impl.history.DefaultHistoryManager  - Current history level: NONE, level required: ACTIVITY
10:48:04,925 [main] DEBUG org.activiti.engine.impl.history.DefaultHistoryManager  - Current history level: NONE, level required: FULL
10:48:04,926 [main] DEBUG org.activiti.engine.impl.history.DefaultHistoryManager  - Current history level: NONE, level required: ACTIVITY
10:48:04,926 [main] DEBUG org.activiti.engine.impl.history.DefaultHistoryManager  - Current history level: NONE, level required: FULL
10:48:04,926 [main] DEBUG org.activiti.engine.impl.history.DefaultHistoryManager  - Current history level: NONE, level required: ACTIVITY
10:48:04,926 [main] DEBUG org.activiti.engine.impl.history.DefaultHistoryManager  - Current history level: NONE, level required: FULL
10:48:04,926 [main] DEBUG org.activiti.engine.impl.history.DefaultHistoryManager  - Current history level: NONE, level required: ACTIVITY
10:48:04,926 [main] DEBUG org.activiti.engine.impl.history.DefaultHistoryManager  - Current history level: NONE, level required: FULL
10:48:04,926 [main] DEBUG org.activiti.engine.impl.history.DefaultHistoryManager  - Current history level: NONE, level required: ACTIVITY
10:48:04,926 [main] DEBUG org.activiti.engine.impl.history.DefaultHistoryManager  - Current history level: NONE, level required: FULL
10:48:04,926 [main] DEBUG org.activiti.engine.impl.history.DefaultHistoryManager  - Current history level: NONE, level required: ACTIVITY
10:48:04,926 [main] DEBUG org.activiti.engine.impl.history.DefaultHistoryManager  - Current history level: NONE, level required: FULL
10:48:04,926 [main] DEBUG org.activiti.engine.impl.history.DefaultHistoryManager  - Current history level: NONE, level required: ACTIVITY
10:48:04,926 [main] DEBUG org.activiti.engine.impl.history.DefaultHistoryManager  - Current history level: NONE, level required: FULL
10:48:04,926 [main] DEBUG org.activiti.engine.impl.history.DefaultHistoryManager  - Current history level: NONE, level required: ACTIVITY
10:48:04,926 [main] DEBUG org.activiti.engine.impl.history.DefaultHistoryManager  - Current history level: NONE, level required: FULL
10:48:04,926 [main] DEBUG org.activiti.engine.impl.history.DefaultHistoryManager  - Current history level: NONE, level required: ACTIVITY
10:48:04,926 [main] DEBUG org.activiti.engine.impl.history.DefaultHistoryManager  - Current history level: NONE, level required: FULL
10:48:04,926 [main] DEBUG org.activiti.engine.impl.history.DefaultHistoryManager  - Current history level: NONE, level required: ACTIVITY
10:48:04,926 [main] DEBUG org.activiti.engine.impl.history.DefaultHistoryManager  - Current history level: NONE, level required: FULL
10:48:04,926 [main] DEBUG org.activiti.engine.impl.history.DefaultHistoryManager  - Current history level: NONE, level required: ACTIVITY
10:48:04,926 [main] DEBUG org.activiti.engine.impl.history.DefaultHistoryManager  - Current history level: NONE, level required: FULL
10:48:04,926 [main] DEBUG org.activiti.engine.impl.history.DefaultHistoryManager  - Current history level: NONE, level required: ACTIVITY
10:48:04,926 [main] DEBUG org.activiti.engine.impl.history.DefaultHistoryManager  - Current history level: NONE, level required: FULL
10:48:04,926 [main] DEBUG org.activiti.engine.impl.history.DefaultHistoryManager  - Current history level: NONE, level required: ACTIVITY
10:48:04,926 [main] DEBUG org.activiti.engine.impl.history.DefaultHistoryManager  - Current history level: NONE, level required: FULL
10:48:04,926 [main] DEBUG org.activiti.engine.impl.history.DefaultHistoryManager  - Current history level: NONE, level required: ACTIVITY
10:48:04,926 [main] DEBUG org.activiti.engine.impl.history.DefaultHistoryManager  - Current history level: NONE, level required: FULL
10:48:04,926 [main] DEBUG org.activiti.engine.impl.history.DefaultHistoryManager  - Current history level: NONE, level required: ACTIVITY
10:48:04,926 [main] DEBUG org.activiti.engine.impl.history.DefaultHistoryManager  - Current history level: NONE, level required: FULL
10:48:04,926 [main] DEBUG org.activiti.engine.impl.history.DefaultHistoryManager  - Current history level: NONE, level required: ACTIVITY
10:48:04,926 [main] DEBUG org.activiti.engine.impl.history.DefaultHistoryManager  - Current history level: NONE, level required: FULL
10:48:04,926 [main] DEBUG org.activiti.engine.impl.history.DefaultHistoryManager  - Current history level: NONE, level required: ACTIVITY
10:48:04,926 [main] DEBUG org.activiti.engine.impl.history.DefaultHistoryManager  - Current history level: NONE, level required: FULL
10:48:04,926 [main] DEBUG org.activiti.engine.impl.history.DefaultHistoryManager  - Current history level: NONE, level required: ACTIVITY
10:48:04,926 [main] DEBUG org.activiti.engine.impl.history.DefaultHistoryManager  - Current history level: NONE, level required: FULL
10:48:04,927 [main] DEBUG org.activiti.engine.impl.history.DefaultHistoryManager  - Current history level: NONE, level required: ACTIVITY
10:48:04,927 [main] DEBUG org.activiti.engine.impl.history.DefaultHistoryManager  - Current history level: NONE, level required: FULL
10:48:04,927 [main] DEBUG org.activiti.engine.impl.history.DefaultHistoryManager  - Current history level: NONE, level required: ACTIVITY
10:48:04,927 [main] DEBUG org.activiti.engine.impl.history.DefaultHistoryManager  - Current history level: NONE, level required: FULL
10:48:04,927 [main] DEBUG org.activiti.engine.impl.history.DefaultHistoryManager  - Current history level: NONE, level required: ACTIVITY
10:48:04,927 [main] DEBUG org.activiti.engine.impl.history.DefaultHistoryManager  - Current history level: NONE, level required: FULL
10:48:04,927 [main] DEBUG org.activiti.engine.impl.history.DefaultHistoryManager  - Current history level: NONE, level required: ACTIVITY
10:48:04,927 [main] DEBUG org.activiti.engine.impl.history.DefaultHistoryManager  - Current history level: NONE, level required: FULL
10:48:04,927 [main] DEBUG org.activiti.engine.impl.history.DefaultHistoryManager  - Current history level: NONE, level required: ACTIVITY
10:48:04,927 [main] DEBUG org.activiti.engine.impl.history.DefaultHistoryManager  - Current history level: NONE, level required: FULL
10:48:04,927 [main] DEBUG org.activiti.engine.impl.history.DefaultHistoryManager  - Current history level: NONE, level required: ACTIVITY
10:48:04,927 [main] DEBUG org.activiti.engine.impl.history.DefaultHistoryManager  - Current history level: NONE, level required: FULL
10:48:04,927 [main] DEBUG org.activiti.engine.impl.history.DefaultHistoryManager  - Current history level: NONE, level required: ACTIVITY
10:48:04,927 [main] DEBUG org.activiti.engine.impl.history.DefaultHistoryManager  - Current history level: NONE, level required: FULL
10:48:04,927 [main] DEBUG org.activiti.engine.impl.history.DefaultHistoryManager  - Current history level: NONE, level required: ACTIVITY
10:48:04,927 [main] DEBUG org.activiti.engine.impl.history.DefaultHistoryManager  - Current history level: NONE, level required: FULL
10:48:04,927 [main] DEBUG org.activiti.engine.impl.history.DefaultHistoryManager  - Current history level: NONE, level required: ACTIVITY
10:48:04,927 [main] DEBUG org.activiti.engine.impl.history.DefaultHistoryManager  - Current history level: NONE, level required: FULL
10:48:04,927 [main] DEBUG org.activiti.engine.impl.history.DefaultHistoryManager  - Current history level: NONE, level required: ACTIVITY
10:48:04,927 [main] DEBUG org.activiti.engine.impl.history.DefaultHistoryManager  - Current history level: NONE, level required: FULL
10:48:04,927 [main] DEBUG org.activiti.engine.impl.history.DefaultHistoryManager  - Current history level: NONE, level required: ACTIVITY
10:48:04,927 [main] DEBUG org.activiti.engine.impl.history.DefaultHistoryManager  - Current history level: NONE, level required: FULL
10:48:04,927 [main] DEBUG org.activiti.engine.impl.history.DefaultHistoryManager  - Current history level: NONE, level required: ACTIVITY
10:48:04,927 [main] DEBUG org.activiti.engine.impl.history.DefaultHistoryManager  - Current history level: NONE, level required: FULL
10:48:04,927 [main] DEBUG org.activiti.engine.impl.history.DefaultHistoryManager  - Current history level: NONE, level required: ACTIVITY
10:48:04,927 [main] DEBUG org.activiti.engine.impl.history.DefaultHistoryManager  - Current history level: NONE, level required: FULL
10:48:04,927 [main] DEBUG org.activiti.engine.impl.history.DefaultHistoryManager  - Current history level: NONE, level required: ACTIVITY
10:48:04,927 [main] DEBUG org.activiti.engine.impl.history.DefaultHistoryManager  - Current history level: NONE, level required: FULL
10:48:04,927 [main] DEBUG org.activiti.engine.impl.history.DefaultHistoryManager  - Current history level: NONE, level required: ACTIVITY
10:48:04,927 [main] DEBUG org.activiti.engine.impl.history.DefaultHistoryManager  - Current history level: NONE, level required: FULL
10:48:04,927 [main] DEBUG org.activiti.engine.impl.history.DefaultHistoryManager  - Current history level: NONE, level required: ACTIVITY
10:48:04,927 [main] DEBUG org.activiti.engine.impl.history.DefaultHistoryManager  - Current history level: NONE, level required: FULL
10:48:04,927 [main] DEBUG org.activiti.engine.impl.history.DefaultHistoryManager  - Current history level: NONE, level required: ACTIVITY
10:48:04,927 [main] DEBUG org.activiti.engine.impl.history.DefaultHistoryManager  - Current history level: NONE, level required: FULL
10:48:04,927 [main] DEBUG org.activiti.engine.impl.history.DefaultHistoryManager  - Current history level: NONE, level required: ACTIVITY
10:48:04,927 [main] DEBUG org.activiti.engine.impl.history.DefaultHistoryManager  - Current history level: NONE, level required: FULL
10:48:04,927 [main] DEBUG org.activiti.engine.impl.history.DefaultHistoryManager  - Current history level: NONE, level required: ACTIVITY
10:48:04,927 [main] DEBUG org.activiti.engine.impl.history.DefaultHistoryManager  - Current history level: NONE, level required: FULL
10:48:04,928 [main] DEBUG org.activiti.engine.impl.history.DefaultHistoryManager  - Current history level: NONE, level required: ACTIVITY
10:48:04,928 [main] DEBUG org.activiti.engine.impl.history.DefaultHistoryManager  - Current history level: NONE, level required: FULL
10:48:04,928 [main] DEBUG org.activiti.engine.impl.history.DefaultHistoryManager  - Current history level: NONE, level required: ACTIVITY
10:48:04,928 [main] DEBUG org.activiti.engine.impl.history.DefaultHistoryManager  - Current history level: NONE, level required: FULL
10:48:04,928 [main] DEBUG org.activiti.engine.impl.history.DefaultHistoryManager  - Current history level: NONE, level required: ACTIVITY
10:48:04,928 [main] DEBUG org.activiti.engine.impl.history.DefaultHistoryManager  - Current history level: NONE, level required: FULL
10:48:04,928 [main] DEBUG org.activiti.engine.impl.history.DefaultHistoryManager  - Current history level: NONE, level required: ACTIVITY
10:48:04,928 [main] DEBUG org.activiti.engine.impl.history.DefaultHistoryManager  - Current history level: NONE, level required: FULL
10:48:04,928 [main] DEBUG org.activiti.engine.impl.history.DefaultHistoryManager  - Current history level: NONE, level required: ACTIVITY
10:48:04,928 [main] DEBUG org.activiti.engine.impl.history.DefaultHistoryManager  - Current history level: NONE, level required: FULL
10:48:04,928 [main] DEBUG org.activiti.engine.impl.history.DefaultHistoryManager  - Current history level: NONE, level required: ACTIVITY
10:48:04,928 [main] DEBUG org.activiti.engine.impl.history.DefaultHistoryManager  - Current history level: NONE, level required: FULL
10:48:04,928 [main] DEBUG org.activiti.engine.impl.history.DefaultHistoryManager  - Current history level: NONE, level required: ACTIVITY
10:48:04,928 [main] DEBUG org.activiti.engine.impl.history.DefaultHistoryManager  - Current history level: NONE, level required: FULL
10:48:04,928 [main] DEBUG org.activiti.engine.impl.history.DefaultHistoryManager  - Current history level: NONE, level required: ACTIVITY
10:48:04,928 [main] DEBUG org.activiti.engine.impl.history.DefaultHistoryManager  - Current history level: NONE, level required: FULL
10:48:04,928 [main] DEBUG org.activiti.engine.impl.history.DefaultHistoryManager  - Current history level: NONE, level required: ACTIVITY
10:48:04,928 [main] DEBUG org.activiti.engine.impl.history.DefaultHistoryManager  - Current history level: NONE, level required: FULL
10:48:04,928 [main] DEBUG org.activiti.engine.impl.history.DefaultHistoryManager  - Current history level: NONE, level required: ACTIVITY
10:48:04,928 [main] DEBUG org.activiti.engine.impl.history.DefaultHistoryManager  - Current history level: NONE, level required: FULL
10:48:04,928 [main] DEBUG org.activiti.engine.impl.history.DefaultHistoryManager  - Current history level: NONE, level required: ACTIVITY
10:48:04,928 [main] DEBUG org.activiti.engine.impl.history.DefaultHistoryManager  - Current history level: NONE, level required: FULL
10:48:04,928 [main] DEBUG org.activiti.engine.impl.history.DefaultHistoryManager  - Current history level: NONE, level required: ACTIVITY
10:48:04,928 [main] DEBUG org.activiti.engine.impl.history.DefaultHistoryManager  - Current history level: NONE, level required: FULL
10:48:04,928 [main] DEBUG org.activiti.engine.impl.history.DefaultHistoryManager  - Current history level: NONE, level required: ACTIVITY
10:48:04,928 [main] DEBUG org.activiti.engine.impl.history.DefaultHistoryManager  - Current history level: NONE, level required: FULL
10:48:04,928 [main] DEBUG org.activiti.engine.impl.history.DefaultHistoryManager  - Current history level: NONE, level required: ACTIVITY
10:48:04,928 [main] DEBUG org.activiti.engine.impl.history.DefaultHistoryManager  - Current history level: NONE, level required: FULL
10:48:04,928 [main] DEBUG org.activiti.engine.impl.history.DefaultHistoryManager  - Current history level: NONE, level required: ACTIVITY
10:48:04,928 [main] DEBUG org.activiti.engine.impl.history.DefaultHistoryManager  - Current history level: NONE, level required: FULL
10:48:04,928 [main] DEBUG org.activiti.engine.impl.history.DefaultHistoryManager  - Current history level: NONE, level required: ACTIVITY
10:48:04,928 [main] DEBUG org.activiti.engine.impl.history.DefaultHistoryManager  - Current history level: NONE, level required: FULL
10:48:04,928 [main] DEBUG org.activiti.engine.impl.history.DefaultHistoryManager  - Current history level: NONE, level required: ACTIVITY
10:48:04,928 [main] DEBUG org.activiti.engine.impl.history.DefaultHistoryManager  - Current history level: NONE, level required: FULL
10:48:04,928 [main] DEBUG org.activiti.engine.impl.history.DefaultHistoryManager  - Current history level: NONE, level required: ACTIVITY
10:48:04,928 [main] DEBUG org.activiti.engine.impl.history.DefaultHistoryManager  - Current history level: NONE, level required: FULL
10:48:04,928 [main] DEBUG org.activiti.engine.impl.history.DefaultHistoryManager  - Current history level: NONE, level required: ACTIVITY
10:48:04,928 [main] DEBUG org.activiti.engine.impl.history.DefaultHistoryManager  - Current history level: NONE, level required: FULL
10:48:04,928 [main] DEBUG org.activiti.engine.impl.history.DefaultHistoryManager  - Current history level: NONE, level required: ACTIVITY
10:48:04,928 [main] DEBUG org.activiti.engine.impl.history.DefaultHistoryManager  - Current history level: NONE, level required: FULL
10:48:04,929 [main] DEBUG org.activiti.engine.impl.history.DefaultHistoryManager  - Current history level: NONE, level required: ACTIVITY
10:48:04,929 [main] DEBUG org.activiti.engine.impl.history.DefaultHistoryManager  - Current history level: NONE, level required: FULL
10:48:04,929 [main] DEBUG org.activiti.engine.impl.history.DefaultHistoryManager  - Current history level: NONE, level required: ACTIVITY
10:48:04,929 [main] DEBUG org.activiti.engine.impl.history.DefaultHistoryManager  - Current history level: NONE, level required: FULL
10:48:04,929 [main] DEBUG org.activiti.engine.impl.history.DefaultHistoryManager  - Current history level: NONE, level required: ACTIVITY
10:48:04,929 [main] DEBUG org.activiti.engine.impl.history.DefaultHistoryManager  - Current history level: NONE, level required: FULL
10:48:04,929 [main] DEBUG org.activiti.engine.impl.history.DefaultHistoryManager  - Current history level: NONE, level required: ACTIVITY
10:48:04,929 [main] DEBUG org.activiti.engine.impl.history.DefaultHistoryManager  - Current history level: NONE, level required: FULL
10:48:04,929 [main] DEBUG org.activiti.engine.impl.history.DefaultHistoryManager  - Current history level: NONE, level required: ACTIVITY
10:48:04,929 [main] DEBUG org.activiti.engine.impl.history.DefaultHistoryManager  - Current history level: NONE, level required: FULL
10:48:04,929 [main] DEBUG org.activiti.engine.impl.history.DefaultHistoryManager  - Current history level: NONE, level required: ACTIVITY
10:48:04,929 [main] DEBUG org.activiti.engine.impl.history.DefaultHistoryManager  - Current history level: NONE, level required: FULL
10:48:04,929 [main] DEBUG org.activiti.engine.impl.history.DefaultHistoryManager  - Current history level: NONE, level required: ACTIVITY
10:48:04,929 [main] DEBUG org.activiti.engine.impl.history.DefaultHistoryManager  - Current history level: NONE, level required: FULL
10:48:04,929 [main] DEBUG org.activiti.engine.impl.history.DefaultHistoryManager  - Current history level: NONE, level required: ACTIVITY
10:48:04,929 [main] DEBUG org.activiti.engine.impl.history.DefaultHistoryManager  - Current history level: NONE, level required: FULL
10:48:04,929 [main] DEBUG org.activiti.engine.impl.history.DefaultHistoryManager  - Current history level: NONE, level required: ACTIVITY
10:48:04,929 [main] DEBUG org.activiti.engine.impl.history.DefaultHistoryManager  - Current history level: NONE, level required: FULL
10:48:04,929 [main] DEBUG org.activiti.engine.impl.history.DefaultHistoryManager  - Current history level: NONE, level required: ACTIVITY
10:48:04,929 [main] DEBUG org.activiti.engine.impl.history.DefaultHistoryManager  - Current history level: NONE, level required: FULL
10:48:04,929 [main] DEBUG org.activiti.engine.impl.history.DefaultHistoryManager  - Current history level: NONE, level required: ACTIVITY
10:48:04,929 [main] DEBUG org.activiti.engine.impl.history.DefaultHistoryManager  - Current history level: NONE, level required: FULL
10:48:04,929 [main] DEBUG org.activiti.engine.impl.history.DefaultHistoryManager  - Current history level: NONE, level required: ACTIVITY
10:48:04,929 [main] DEBUG org.activiti.engine.impl.history.DefaultHistoryManager  - Current history level: NONE, level required: FULL
10:48:04,929 [main] DEBUG org.activiti.engine.impl.history.DefaultHistoryManager  - Current history level: NONE, level required: ACTIVITY
10:48:04,929 [main] DEBUG org.activiti.engine.impl.history.DefaultHistoryManager  - Current history level: NONE, level required: FULL
10:48:04,929 [main] DEBUG org.activiti.engine.impl.history.DefaultHistoryManager  - Current history level: NONE, level required: ACTIVITY
10:48:04,929 [main] DEBUG org.activiti.engine.impl.history.DefaultHistoryManager  - Current history level: NONE, level required: FULL
10:48:04,929 [main] DEBUG org.activiti.engine.impl.history.DefaultHistoryManager  - Current history level: NONE, level required: ACTIVITY
10:48:04,929 [main] DEBUG org.activiti.engine.impl.history.DefaultHistoryManager  - Current history level: NONE, level required: FULL
10:48:04,929 [main] DEBUG org.activiti.engine.impl.history.DefaultHistoryManager  - Current history level: NONE, level required: ACTIVITY
10:48:04,929 [main] DEBUG org.activiti.engine.impl.history.DefaultHistoryManager  - Current history level: NONE, level required: FULL
10:48:04,929 [main] DEBUG org.activiti.engine.impl.history.DefaultHistoryManager  - Current history level: NONE, level required: ACTIVITY
10:48:04,929 [main] DEBUG org.activiti.engine.impl.history.DefaultHistoryManager  - Current history level: NONE, level required: FULL
10:48:04,929 [main] DEBUG org.activiti.engine.impl.history.DefaultHistoryManager  - Current history level: NONE, level required: ACTIVITY
10:48:04,929 [main] DEBUG org.activiti.engine.impl.history.DefaultHistoryManager  - Current history level: NONE, level required: FULL
10:48:04,929 [main] DEBUG org.activiti.engine.impl.history.DefaultHistoryManager  - Current history level: NONE, level required: ACTIVITY
10:48:04,929 [main] DEBUG org.activiti.engine.impl.history.DefaultHistoryManager  - Current history level: NONE, level required: FULL
10:48:04,930 [main] DEBUG org.activiti.engine.impl.history.DefaultHistoryManager  - Current history level: NONE, level required: ACTIVITY
10:48:04,930 [main] DEBUG org.activiti.engine.impl.history.DefaultHistoryManager  - Current history level: NONE, level required: FULL
10:48:04,930 [main] DEBUG org.activiti.engine.impl.history.DefaultHistoryManager  - Current history level: NONE, level required: ACTIVITY
10:48:04,930 [main] DEBUG org.activiti.engine.impl.history.DefaultHistoryManager  - Current history level: NONE, level required: FULL
10:48:04,930 [main] DEBUG org.activiti.engine.impl.history.DefaultHistoryManager  - Current history level: NONE, level required: ACTIVITY
10:48:04,930 [main] DEBUG org.activiti.engine.impl.history.DefaultHistoryManager  - Current history level: NONE, level required: FULL
10:48:04,930 [main] DEBUG org.activiti.engine.impl.history.DefaultHistoryManager  - Current history level: NONE, level required: ACTIVITY
10:48:04,930 [main] DEBUG org.activiti.engine.impl.history.DefaultHistoryManager  - Current history level: NONE, level required: FULL
10:48:04,930 [main] DEBUG org.activiti.engine.impl.history.DefaultHistoryManager  - Current history level: NONE, level required: ACTIVITY
10:48:04,930 [main] DEBUG org.activiti.engine.impl.history.DefaultHistoryManager  - Current history level: NONE, level required: FULL
10:48:04,930 [main] DEBUG org.activiti.engine.impl.history.DefaultHistoryManager  - Current history level: NONE, level required: ACTIVITY
10:48:04,930 [main] DEBUG org.activiti.engine.impl.history.DefaultHistoryManager  - Current history level: NONE, level required: FULL
10:48:04,930 [main] DEBUG org.activiti.engine.impl.history.DefaultHistoryManager  - Current history level: NONE, level required: ACTIVITY
10:48:04,930 [main] DEBUG org.activiti.engine.impl.history.DefaultHistoryManager  - Current history level: NONE, level required: FULL
10:48:04,930 [main] DEBUG org.activiti.engine.impl.history.DefaultHistoryManager  - Current history level: NONE, level required: ACTIVITY
10:48:04,930 [main] DEBUG org.activiti.engine.impl.history.DefaultHistoryManager  - Current history level: NONE, level required: FULL
10:48:04,930 [main] DEBUG org.activiti.engine.impl.history.DefaultHistoryManager  - Current history level: NONE, level required: ACTIVITY
10:48:04,930 [main] DEBUG org.activiti.engine.impl.history.DefaultHistoryManager  - Current history level: NONE, level required: FULL
10:48:04,930 [main] DEBUG org.activiti.engine.impl.history.DefaultHistoryManager  - Current history level: NONE, level required: ACTIVITY
10:48:04,930 [main] DEBUG org.activiti.engine.impl.history.DefaultHistoryManager  - Current history level: NONE, level required: FULL
10:48:04,930 [main] DEBUG org.activiti.engine.impl.history.DefaultHistoryManager  - Current history level: NONE, level required: ACTIVITY
10:48:04,930 [main] DEBUG org.activiti.engine.impl.history.DefaultHistoryManager  - Current history level: NONE, level required: FULL
10:48:04,930 [main] DEBUG org.activiti.engine.impl.history.DefaultHistoryManager  - Current history level: NONE, level required: ACTIVITY
10:48:04,930 [main] DEBUG org.activiti.engine.impl.history.DefaultHistoryManager  - Current history level: NONE, level required: FULL
10:48:04,930 [main] DEBUG org.activiti.engine.impl.history.DefaultHistoryManager  - Current history level: NONE, level required: ACTIVITY
10:48:04,930 [main] DEBUG org.activiti.engine.impl.history.DefaultHistoryManager  - Current history level: NONE, level required: FULL
10:48:04,930 [main] DEBUG org.activiti.engine.impl.history.DefaultHistoryManager  - Current history level: NONE, level required: ACTIVITY
10:48:04,930 [main] DEBUG org.activiti.engine.impl.history.DefaultHistoryManager  - Current history level: NONE, level required: FULL
10:48:04,930 [main] DEBUG org.activiti.engine.impl.history.DefaultHistoryManager  - Current history level: NONE, level required: ACTIVITY
10:48:04,930 [main] DEBUG org.activiti.engine.impl.history.DefaultHistoryManager  - Current history level: NONE, level required: FULL
10:48:04,930 [main] DEBUG org.activiti.engine.impl.history.DefaultHistoryManager  - Current history level: NONE, level required: ACTIVITY
10:48:04,930 [main] DEBUG org.activiti.engine.impl.history.DefaultHistoryManager  - Current history level: NONE, level required: FULL
10:48:04,930 [main] DEBUG org.activiti.engine.impl.history.DefaultHistoryManager  - Current history level: NONE, level required: ACTIVITY
10:48:04,931 [main] DEBUG org.activiti.engine.impl.history.DefaultHistoryManager  - Current history level: NONE, level required: FULL
10:48:04,931 [main] DEBUG org.activiti.engine.impl.history.DefaultHistoryManager  - Current history level: NONE, level required: ACTIVITY
10:48:04,931 [main] DEBUG org.activiti.engine.impl.history.DefaultHistoryManager  - Current history level: NONE, level required: FULL
10:48:04,931 [main] DEBUG org.activiti.engine.impl.history.DefaultHistoryManager  - Current history level: NONE, level required: ACTIVITY
10:48:04,931 [main] DEBUG org.activiti.engine.impl.history.DefaultHistoryManager  - Current history level: NONE, level required: FULL
10:48:04,931 [main] DEBUG org.activiti.engine.impl.history.DefaultHistoryManager  - Current history level: NONE, level required: ACTIVITY
10:48:04,931 [main] DEBUG org.activiti.engine.impl.history.DefaultHistoryManager  - Current history level: NONE, level required: FULL
10:48:04,931 [main] DEBUG org.activiti.engine.impl.history.DefaultHistoryManager  - Current history level: NONE, level required: ACTIVITY
10:48:04,931 [main] DEBUG org.activiti.engine.impl.history.DefaultHistoryManager  - Current history level: NONE, level required: FULL
10:48:04,931 [main] DEBUG org.activiti.engine.impl.history.DefaultHistoryManager  - Current history level: NONE, level required: ACTIVITY
10:48:04,931 [main] DEBUG org.activiti.engine.impl.history.DefaultHistoryManager  - Current history level: NONE, level required: FULL
10:48:04,931 [main] DEBUG org.activiti.engine.impl.history.DefaultHistoryManager  - Current history level: NONE, level required: ACTIVITY
10:48:04,931 [main] DEBUG org.activiti.engine.impl.history.DefaultHistoryManager  - Current history level: NONE, level required: FULL
10:48:04,931 [main] DEBUG org.activiti.engine.impl.history.DefaultHistoryManager  - Current history level: NONE, level required: ACTIVITY
10:48:04,931 [main] DEBUG org.activiti.engine.impl.history.DefaultHistoryManager  - Current history level: NONE, level required: FULL
10:48:04,931 [main] DEBUG org.activiti.engine.impl.history.DefaultHistoryManager  - Current history level: NONE, level required: ACTIVITY
10:48:04,931 [main] DEBUG org.activiti.engine.impl.history.DefaultHistoryManager  - Current history level: NONE, level required: FULL
10:48:04,931 [main] DEBUG org.activiti.engine.impl.history.DefaultHistoryManager  - Current history level: NONE, level required: ACTIVITY
10:48:04,931 [main] DEBUG org.activiti.engine.impl.history.DefaultHistoryManager  - Current history level: NONE, level required: FULL
10:48:04,931 [main] DEBUG org.activiti.engine.impl.history.DefaultHistoryManager  - Current history level: NONE, level required: ACTIVITY
10:48:04,931 [main] DEBUG org.activiti.engine.impl.history.DefaultHistoryManager  - Current history level: NONE, level required: FULL
10:48:04,931 [main] DEBUG org.activiti.engine.impl.history.DefaultHistoryManager  - Current history level: NONE, level required: ACTIVITY
10:48:04,931 [main] DEBUG org.activiti.engine.impl.history.DefaultHistoryManager  - Current history level: NONE, level required: FULL
10:48:04,931 [main] DEBUG org.activiti.engine.impl.history.DefaultHistoryManager  - Current history level: NONE, level required: ACTIVITY
10:48:04,931 [main] DEBUG org.activiti.engine.impl.history.DefaultHistoryManager  - Current history level: NONE, level required: FULL
10:48:04,932 [main] DEBUG org.activiti.engine.impl.history.DefaultHistoryManager  - Current history level: NONE, level required: ACTIVITY
10:48:04,932 [main] DEBUG org.activiti.engine.impl.history.DefaultHistoryManager  - Current history level: NONE, level required: FULL
10:48:04,932 [main] DEBUG org.activiti.engine.impl.history.DefaultHistoryManager  - Current history level: NONE, level required: ACTIVITY
10:48:04,932 [main] DEBUG org.activiti.engine.impl.history.DefaultHistoryManager  - Current history level: NONE, level required: FULL
10:48:04,932 [main] DEBUG org.activiti.engine.impl.history.DefaultHistoryManager  - Current history level: NONE, level required: ACTIVITY
10:48:04,932 [main] DEBUG org.activiti.engine.impl.history.DefaultHistoryManager  - Current history level: NONE, level required: FULL
10:48:04,932 [main] DEBUG org.activiti.engine.impl.history.DefaultHistoryManager  - Current history level: NONE, level required: ACTIVITY
10:48:04,932 [main] DEBUG org.activiti.engine.impl.history.DefaultHistoryManager  - Current history level: NONE, level required: FULL
10:48:04,932 [main] DEBUG org.activiti.engine.impl.history.DefaultHistoryManager  - Current history level: NONE, level required: ACTIVITY
10:48:04,932 [main] DEBUG org.activiti.engine.impl.history.DefaultHistoryManager  - Current history level: NONE, level required: FULL
10:48:04,932 [main] DEBUG org.activiti.engine.impl.history.DefaultHistoryManager  - Current history level: NONE, level required: ACTIVITY
10:48:04,932 [main] DEBUG org.activiti.engine.impl.history.DefaultHistoryManager  - Current history level: NONE, level required: FULL
10:48:04,932 [main] DEBUG org.activiti.engine.impl.history.DefaultHistoryManager  - Current history level: NONE, level required: ACTIVITY
10:48:04,932 [main] DEBUG org.activiti.engine.impl.history.DefaultHistoryManager  - Current history level: NONE, level required: FULL
10:48:04,932 [main] DEBUG org.activiti.engine.impl.history.DefaultHistoryManager  - Current history level: NONE, level required: ACTIVITY
10:48:04,932 [main] DEBUG org.activiti.engine.impl.history.DefaultHistoryManager  - Current history level: NONE, level required: FULL
10:48:04,932 [main] DEBUG org.activiti.engine.impl.history.DefaultHistoryManager  - Current history level: NONE, level required: ACTIVITY
10:48:04,932 [main] DEBUG org.activiti.engine.impl.history.DefaultHistoryManager  - Current history level: NONE, level required: FULL
10:48:04,932 [main] DEBUG org.activiti.engine.impl.history.DefaultHistoryManager  - Current history level: NONE, level required: ACTIVITY
10:48:04,932 [main] DEBUG org.activiti.engine.impl.history.DefaultHistoryManager  - Current history level: NONE, level required: FULL
10:48:04,932 [main] DEBUG org.activiti.engine.impl.history.DefaultHistoryManager  - Current history level: NONE, level required: ACTIVITY
10:48:04,932 [main] DEBUG org.activiti.engine.impl.history.DefaultHistoryManager  - Current history level: NONE, level required: FULL
10:48:04,932 [main] DEBUG org.activiti.engine.impl.history.DefaultHistoryManager  - Current history level: NONE, level required: ACTIVITY
10:48:04,932 [main] DEBUG org.activiti.engine.impl.history.DefaultHistoryManager  - Current history level: NONE, level required: FULL
10:48:04,932 [main] DEBUG org.activiti.engine.impl.history.DefaultHistoryManager  - Current history level: NONE, level required: ACTIVITY
10:48:04,932 [main] DEBUG org.activiti.engine.impl.history.DefaultHistoryManager  - Current history level: NONE, level required: FULL
10:48:04,932 [main] DEBUG org.activiti.engine.impl.history.DefaultHistoryManager  - Current history level: NONE, level required: ACTIVITY
10:48:04,933 [main] DEBUG org.activiti.engine.impl.history.DefaultHistoryManager  - Current history level: NONE, level required: FULL
10:48:04,933 [main] DEBUG org.activiti.engine.impl.history.DefaultHistoryManager  - Current history level: NONE, level required: ACTIVITY
10:48:04,933 [main] DEBUG org.activiti.engine.impl.history.DefaultHistoryManager  - Current history level: NONE, level required: FULL
10:48:04,933 [main] DEBUG org.activiti.engine.impl.history.DefaultHistoryManager  - Current history level: NONE, level required: ACTIVITY
10:48:04,933 [main] DEBUG org.activiti.engine.impl.history.DefaultHistoryManager  - Current history level: NONE, level required: FULL
10:48:04,933 [main] DEBUG org.activiti.engine.impl.history.DefaultHistoryManager  - Current history level: NONE, level required: ACTIVITY
10:48:04,933 [main] DEBUG org.activiti.engine.impl.history.DefaultHistoryManager  - Current history level: NONE, level required: FULL
10:48:04,933 [main] DEBUG org.activiti.engine.impl.history.DefaultHistoryManager  - Current history level: NONE, level required: ACTIVITY
10:48:04,933 [main] DEBUG org.activiti.engine.impl.history.DefaultHistoryManager  - Current history level: NONE, level required: FULL
10:48:04,933 [main] DEBUG org.activiti.engine.impl.history.DefaultHistoryManager  - Current history level: NONE, level required: ACTIVITY
10:48:04,933 [main] DEBUG org.activiti.engine.impl.history.DefaultHistoryManager  - Current history level: NONE, level required: FULL
10:48:04,933 [main] DEBUG org.activiti.engine.impl.history.DefaultHistoryManager  - Current history level: NONE, level required: ACTIVITY
10:48:04,933 [main] DEBUG org.activiti.engine.impl.history.DefaultHistoryManager  - Current history level: NONE, level required: FULL
10:48:04,933 [main] DEBUG org.activiti.engine.impl.history.DefaultHistoryManager  - Current history level: NONE, level required: ACTIVITY
10:48:04,933 [main] DEBUG org.activiti.engine.impl.history.DefaultHistoryManager  - Current history level: NONE, level required: FULL
10:48:04,933 [main] DEBUG org.activiti.engine.impl.history.DefaultHistoryManager  - Current history level: NONE, level required: ACTIVITY
10:48:04,933 [main] DEBUG org.activiti.engine.impl.history.DefaultHistoryManager  - Current history level: NONE, level required: FULL
10:48:04,933 [main] DEBUG org.activiti.engine.impl.history.DefaultHistoryManager  - Current history level: NONE, level required: ACTIVITY
10:48:04,933 [main] DEBUG org.activiti.engine.impl.history.DefaultHistoryManager  - Current history level: NONE, level required: FULL
10:48:04,933 [main] DEBUG org.activiti.engine.impl.history.DefaultHistoryManager  - Current history level: NONE, level required: ACTIVITY
10:48:04,933 [main] DEBUG org.activiti.engine.impl.history.DefaultHistoryManager  - Current history level: NONE, level required: FULL
10:48:04,933 [main] DEBUG org.activiti.engine.impl.history.DefaultHistoryManager  - Current history level: NONE, level required: ACTIVITY
10:48:04,933 [main] DEBUG org.activiti.engine.impl.history.DefaultHistoryManager  - Current history level: NONE, level required: FULL
10:48:04,933 [main] DEBUG org.activiti.engine.impl.history.DefaultHistoryManager  - Current history level: NONE, level required: ACTIVITY
10:48:04,933 [main] DEBUG org.activiti.engine.impl.history.DefaultHistoryManager  - Current history level: NONE, level required: FULL
10:48:04,933 [main] DEBUG org.activiti.engine.impl.history.DefaultHistoryManager  - Current history level: NONE, level required: ACTIVITY
10:48:04,933 [main] DEBUG org.activiti.engine.impl.history.DefaultHistoryManager  - Current history level: NONE, level required: FULL
10:48:04,933 [main] DEBUG org.activiti.engine.impl.history.DefaultHistoryManager  - Current history level: NONE, level required: ACTIVITY
10:48:04,933 [main] DEBUG org.activiti.engine.impl.history.DefaultHistoryManager  - Current history level: NONE, level required: FULL
10:48:04,934 [main] DEBUG org.activiti.engine.impl.history.DefaultHistoryManager  - Current history level: NONE, level required: ACTIVITY
10:48:04,934 [main] DEBUG org.activiti.engine.impl.history.DefaultHistoryManager  - Current history level: NONE, level required: FULL
10:48:04,934 [main] DEBUG org.activiti.engine.impl.history.DefaultHistoryManager  - Current history level: NONE, level required: ACTIVITY
10:48:04,934 [main] DEBUG org.activiti.engine.impl.history.DefaultHistoryManager  - Current history level: NONE, level required: FULL
10:48:04,934 [main] DEBUG org.activiti.engine.impl.history.DefaultHistoryManager  - Current history level: NONE, level required: ACTIVITY
10:48:04,934 [main] DEBUG org.activiti.engine.impl.history.DefaultHistoryManager  - Current history level: NONE, level required: FULL
10:48:04,934 [main] DEBUG org.activiti.engine.impl.history.DefaultHistoryManager  - Current history level: NONE, level required: ACTIVITY
10:48:04,934 [main] DEBUG org.activiti.engine.impl.history.DefaultHistoryManager  - Current history level: NONE, level required: FULL
10:48:04,934 [main] DEBUG org.activiti.engine.impl.history.DefaultHistoryManager  - Current history level: NONE, level required: ACTIVITY
10:48:04,934 [main] DEBUG org.activiti.engine.impl.history.DefaultHistoryManager  - Current history level: NONE, level required: FULL
10:48:04,934 [main] DEBUG org.activiti.engine.impl.history.DefaultHistoryManager  - Current history level: NONE, level required: ACTIVITY
10:48:04,934 [main] DEBUG org.activiti.engine.impl.history.DefaultHistoryManager  - Current history level: NONE, level required: FULL
10:48:04,934 [main] DEBUG org.activiti.engine.impl.history.DefaultHistoryManager  - Current history level: NONE, level required: ACTIVITY
10:48:04,934 [main] DEBUG org.activiti.engine.impl.history.DefaultHistoryManager  - Current history level: NONE, level required: FULL
10:48:04,934 [main] DEBUG org.activiti.engine.impl.history.DefaultHistoryManager  - Current history level: NONE, level required: ACTIVITY
10:48:04,934 [main] DEBUG org.activiti.engine.impl.history.DefaultHistoryManager  - Current history level: NONE, level required: FULL
10:48:04,934 [main] DEBUG org.activiti.engine.impl.history.DefaultHistoryManager  - Current history level: NONE, level required: ACTIVITY
10:48:04,934 [main] DEBUG org.activiti.engine.impl.history.DefaultHistoryManager  - Current history level: NONE, level required: FULL
10:48:04,934 [main] DEBUG org.activiti.engine.impl.history.DefaultHistoryManager  - Current history level: NONE, level required: ACTIVITY
10:48:04,934 [main] DEBUG org.activiti.engine.impl.history.DefaultHistoryManager  - Current history level: NONE, level required: FULL
10:48:04,934 [main] DEBUG org.activiti.engine.impl.history.DefaultHistoryManager  - Current history level: NONE, level required: ACTIVITY
10:48:04,934 [main] DEBUG org.activiti.engine.impl.history.DefaultHistoryManager  - Current history level: NONE, level required: FULL
10:48:04,934 [main] DEBUG org.activiti.engine.impl.history.DefaultHistoryManager  - Current history level: NONE, level required: ACTIVITY
10:48:04,934 [main] DEBUG org.activiti.engine.impl.history.DefaultHistoryManager  - Current history level: NONE, level required: FULL
10:48:04,934 [main] DEBUG org.activiti.engine.impl.history.DefaultHistoryManager  - Current history level: NONE, level required: ACTIVITY
10:48:04,934 [main] DEBUG org.activiti.engine.impl.history.DefaultHistoryManager  - Current history level: NONE, level required: FULL
10:48:04,934 [main] DEBUG org.activiti.engine.impl.history.DefaultHistoryManager  - Current history level: NONE, level required: ACTIVITY
10:48:04,934 [main] DEBUG org.activiti.engine.impl.history.DefaultHistoryManager  - Current history level: NONE, level required: FULL
10:48:04,934 [main] DEBUG org.activiti.engine.impl.history.DefaultHistoryManager  - Current history level: NONE, level required: ACTIVITY
10:48:04,934 [main] DEBUG org.activiti.engine.impl.history.DefaultHistoryManager  - Current history level: NONE, level required: FULL
10:48:04,935 [main] DEBUG org.activiti.engine.impl.history.DefaultHistoryManager  - Current history level: NONE, level required: ACTIVITY
10:48:04,935 [main] DEBUG org.activiti.engine.impl.history.DefaultHistoryManager  - Current history level: NONE, level required: FULL
10:48:04,935 [main] DEBUG org.activiti.engine.impl.history.DefaultHistoryManager  - Current history level: NONE, level required: ACTIVITY
10:48:04,935 [main] DEBUG org.activiti.engine.impl.history.DefaultHistoryManager  - Current history level: NONE, level required: FULL
10:48:04,935 [main] DEBUG org.activiti.engine.impl.history.DefaultHistoryManager  - Current history level: NONE, level required: ACTIVITY
10:48:04,935 [main] DEBUG org.activiti.engine.impl.history.DefaultHistoryManager  - Current history level: NONE, level required: FULL
10:48:04,935 [main] DEBUG org.activiti.engine.impl.history.DefaultHistoryManager  - Current history level: NONE, level required: ACTIVITY
10:48:04,935 [main] DEBUG org.activiti.engine.impl.history.DefaultHistoryManager  - Current history level: NONE, level required: FULL
10:48:04,935 [main] DEBUG org.activiti.engine.impl.history.DefaultHistoryManager  - Current history level: NONE, level required: ACTIVITY
10:48:04,935 [main] DEBUG org.activiti.engine.impl.history.DefaultHistoryManager  - Current history level: NONE, level required: FULL
10:48:04,935 [main] DEBUG org.activiti.engine.impl.history.DefaultHistoryManager  - Current history level: NONE, level required: ACTIVITY
10:48:04,935 [main] DEBUG org.activiti.engine.impl.history.DefaultHistoryManager  - Current history level: NONE, level required: FULL
10:48:04,935 [main] DEBUG org.activiti.engine.impl.history.DefaultHistoryManager  - Current history level: NONE, level required: ACTIVITY
10:48:04,935 [main] DEBUG org.activiti.engine.impl.history.DefaultHistoryManager  - Current history level: NONE, level required: FULL
10:48:04,935 [main] DEBUG org.activiti.engine.impl.history.DefaultHistoryManager  - Current history level: NONE, level required: ACTIVITY
10:48:04,935 [main] DEBUG org.activiti.engine.impl.history.DefaultHistoryManager  - Current history level: NONE, level required: FULL
10:48:04,935 [main] DEBUG org.activiti.engine.impl.history.DefaultHistoryManager  - Current history level: NONE, level required: ACTIVITY
10:48:04,935 [main] DEBUG org.activiti.engine.impl.history.DefaultHistoryManager  - Current history level: NONE, level required: FULL
10:48:04,935 [main] DEBUG org.activiti.engine.impl.history.DefaultHistoryManager  - Current history level: NONE, level required: ACTIVITY
10:48:04,935 [main] DEBUG org.activiti.engine.impl.history.DefaultHistoryManager  - Current history level: NONE, level required: FULL
10:48:04,935 [main] DEBUG org.activiti.engine.impl.history.DefaultHistoryManager  - Current history level: NONE, level required: ACTIVITY
10:48:04,935 [main] DEBUG org.activiti.engine.impl.history.DefaultHistoryManager  - Current history level: NONE, level required: FULL
10:48:04,935 [main] DEBUG org.activiti.engine.impl.history.DefaultHistoryManager  - Current history level: NONE, level required: ACTIVITY
10:48:04,935 [main] DEBUG org.activiti.engine.impl.history.DefaultHistoryManager  - Current history level: NONE, level required: FULL
10:48:04,935 [main] DEBUG org.activiti.engine.impl.history.DefaultHistoryManager  - Current history level: NONE, level required: ACTIVITY
10:48:04,935 [main] DEBUG org.activiti.engine.impl.history.DefaultHistoryManager  - Current history level: NONE, level required: FULL
10:48:04,935 [main] DEBUG org.activiti.engine.impl.history.DefaultHistoryManager  - Current history level: NONE, level required: ACTIVITY
10:48:04,935 [main] DEBUG org.activiti.engine.impl.history.DefaultHistoryManager  - Current history level: NONE, level required: FULL
10:48:04,935 [main] DEBUG org.activiti.engine.impl.history.DefaultHistoryManager  - Current history level: NONE, level required: ACTIVITY
10:48:04,935 [main] DEBUG org.activiti.engine.impl.history.DefaultHistoryManager  - Current history level: NONE, level required: FULL
10:48:04,935 [main] DEBUG org.activiti.engine.impl.history.DefaultHistoryManager  - Current history level: NONE, level required: ACTIVITY
10:48:04,935 [main] DEBUG org.activiti.engine.impl.history.DefaultHistoryManager  - Current history level: NONE, level required: FULL
10:48:04,935 [main] DEBUG org.activiti.engine.impl.history.DefaultHistoryManager  - Current history level: NONE, level required: ACTIVITY
10:48:04,935 [main] DEBUG org.activiti.engine.impl.history.DefaultHistoryManager  - Current history level: NONE, level required: FULL
10:48:04,936 [main] DEBUG org.activiti.engine.impl.history.DefaultHistoryManager  - Current history level: NONE, level required: ACTIVITY
10:48:04,936 [main] DEBUG org.activiti.engine.impl.history.DefaultHistoryManager  - Current history level: NONE, level required: FULL
10:48:04,936 [main] DEBUG org.activiti.engine.impl.history.DefaultHistoryManager  - Current history level: NONE, level required: ACTIVITY
10:48:04,936 [main] DEBUG org.activiti.engine.impl.history.DefaultHistoryManager  - Current history level: NONE, level required: FULL
10:48:04,936 [main] DEBUG org.activiti.engine.impl.history.DefaultHistoryManager  - Current history level: NONE, level required: ACTIVITY
10:48:04,936 [main] DEBUG org.activiti.engine.impl.history.DefaultHistoryManager  - Current history level: NONE, level required: FULL
10:48:04,936 [main] DEBUG org.activiti.engine.impl.history.DefaultHistoryManager  - Current history level: NONE, level required: ACTIVITY
10:48:04,936 [main] DEBUG org.activiti.engine.impl.history.DefaultHistoryManager  - Current history level: NONE, level required: FULL
10:48:04,936 [main] DEBUG org.activiti.engine.impl.history.DefaultHistoryManager  - Current history level: NONE, level required: ACTIVITY
10:48:04,936 [main] DEBUG org.activiti.engine.impl.history.DefaultHistoryManager  - Current history level: NONE, level required: FULL
10:48:04,936 [main] DEBUG org.activiti.engine.impl.history.DefaultHistoryManager  - Current history level: NONE, level required: ACTIVITY
10:48:04,936 [main] DEBUG org.activiti.engine.impl.history.DefaultHistoryManager  - Current history level: NONE, level required: FULL
10:48:04,936 [main] DEBUG org.activiti.engine.impl.history.DefaultHistoryManager  - Current history level: NONE, level required: ACTIVITY
10:48:04,936 [main] DEBUG org.activiti.engine.impl.history.DefaultHistoryManager  - Current history level: NONE, level required: FULL
10:48:04,936 [main] DEBUG org.activiti.engine.impl.history.DefaultHistoryManager  - Current history level: NONE, level required: ACTIVITY
10:48:04,936 [main] DEBUG org.activiti.engine.impl.history.DefaultHistoryManager  - Current history level: NONE, level required: FULL
10:48:04,936 [main] DEBUG org.activiti.engine.impl.history.DefaultHistoryManager  - Current history level: NONE, level required: ACTIVITY
10:48:04,936 [main] DEBUG org.activiti.engine.impl.history.DefaultHistoryManager  - Current history level: NONE, level required: FULL
10:48:04,936 [main] DEBUG org.activiti.engine.impl.history.DefaultHistoryManager  - Current history level: NONE, level required: ACTIVITY
10:48:04,936 [main] DEBUG org.activiti.engine.impl.history.DefaultHistoryManager  - Current history level: NONE, level required: FULL
10:48:04,936 [main] DEBUG org.activiti.engine.impl.history.DefaultHistoryManager  - Current history level: NONE, level required: ACTIVITY
10:48:04,936 [main] DEBUG org.activiti.engine.impl.history.DefaultHistoryManager  - Current history level: NONE, level required: FULL
10:48:04,936 [main] DEBUG org.activiti.engine.impl.history.DefaultHistoryManager  - Current history level: NONE, level required: ACTIVITY
10:48:04,936 [main] DEBUG org.activiti.engine.impl.history.DefaultHistoryManager  - Current history level: NONE, level required: FULL
10:48:04,936 [main] DEBUG org.activiti.engine.impl.history.DefaultHistoryManager  - Current history level: NONE, level required: ACTIVITY
10:48:04,936 [main] DEBUG org.activiti.engine.impl.history.DefaultHistoryManager  - Current history level: NONE, level required: FULL
10:48:04,936 [main] DEBUG org.activiti.engine.impl.history.DefaultHistoryManager  - Current history level: NONE, level required: ACTIVITY
10:48:04,936 [main] DEBUG org.activiti.engine.impl.history.DefaultHistoryManager  - Current history level: NONE, level required: FULL
10:48:04,936 [main] DEBUG org.activiti.engine.impl.history.DefaultHistoryManager  - Current history level: NONE, level required: ACTIVITY
10:48:04,936 [main] DEBUG org.activiti.engine.impl.history.DefaultHistoryManager  - Current history level: NONE, level required: FULL
10:48:04,937 [main] DEBUG org.activiti.engine.impl.history.DefaultHistoryManager  - Current history level: NONE, level required: ACTIVITY
10:48:04,937 [main] DEBUG org.activiti.engine.impl.history.DefaultHistoryManager  - Current history level: NONE, level required: FULL
10:48:04,937 [main] DEBUG org.activiti.engine.impl.history.DefaultHistoryManager  - Current history level: NONE, level required: ACTIVITY
10:48:04,937 [main] DEBUG org.activiti.engine.impl.history.DefaultHistoryManager  - Current history level: NONE, level required: FULL
10:48:04,937 [main] DEBUG org.activiti.engine.impl.history.DefaultHistoryManager  - Current history level: NONE, level required: ACTIVITY
10:48:04,937 [main] DEBUG org.activiti.engine.impl.history.DefaultHistoryManager  - Current history level: NONE, level required: FULL
10:48:04,937 [main] DEBUG org.activiti.engine.impl.history.DefaultHistoryManager  - Current history level: NONE, level required: ACTIVITY
10:48:04,937 [main] DEBUG org.activiti.engine.impl.history.DefaultHistoryManager  - Current history level: NONE, level required: FULL
10:48:04,937 [main] DEBUG org.activiti.engine.impl.history.DefaultHistoryManager  - Current history level: NONE, level required: ACTIVITY
10:48:04,937 [main] DEBUG org.activiti.engine.impl.history.DefaultHistoryManager  - Current history level: NONE, level required: FULL
10:48:04,937 [main] DEBUG org.activiti.engine.impl.history.DefaultHistoryManager  - Current history level: NONE, level required: ACTIVITY
10:48:04,937 [main] DEBUG org.activiti.engine.impl.history.DefaultHistoryManager  - Current history level: NONE, level required: FULL
10:48:04,937 [main] DEBUG org.activiti.engine.impl.history.DefaultHistoryManager  - Current history level: NONE, level required: ACTIVITY
10:48:04,937 [main] DEBUG org.activiti.engine.impl.history.DefaultHistoryManager  - Current history level: NONE, level required: FULL
10:48:04,937 [main] DEBUG org.activiti.engine.impl.history.DefaultHistoryManager  - Current history level: NONE, level required: ACTIVITY
10:48:04,937 [main] DEBUG org.activiti.engine.impl.history.DefaultHistoryManager  - Current history level: NONE, level required: FULL
10:48:04,937 [main] DEBUG org.activiti.engine.impl.history.DefaultHistoryManager  - Current history level: NONE, level required: ACTIVITY
10:48:04,937 [main] DEBUG org.activiti.engine.impl.history.DefaultHistoryManager  - Current history level: NONE, level required: FULL
10:48:04,937 [main] DEBUG org.activiti.engine.impl.history.DefaultHistoryManager  - Current history level: NONE, level required: ACTIVITY
10:48:04,937 [main] DEBUG org.activiti.engine.impl.history.DefaultHistoryManager  - Current history level: NONE, level required: FULL
10:48:04,937 [main] DEBUG org.activiti.engine.impl.history.DefaultHistoryManager  - Current history level: NONE, level required: ACTIVITY
10:48:04,937 [main] DEBUG org.activiti.engine.impl.history.DefaultHistoryManager  - Current history level: NONE, level required: FULL
10:48:04,937 [main] DEBUG org.activiti.engine.impl.history.DefaultHistoryManager  - Current history level: NONE, level required: ACTIVITY
10:48:04,937 [main] DEBUG org.activiti.engine.impl.history.DefaultHistoryManager  - Current history level: NONE, level required: FULL
10:48:04,937 [main] DEBUG org.activiti.engine.impl.history.DefaultHistoryManager  - Current history level: NONE, level required: ACTIVITY
10:48:04,937 [main] DEBUG org.activiti.engine.impl.history.DefaultHistoryManager  - Current history level: NONE, level required: FULL
10:48:04,937 [main] DEBUG org.activiti.engine.impl.history.DefaultHistoryManager  - Current history level: NONE, level required: ACTIVITY
10:48:04,937 [main] DEBUG org.activiti.engine.impl.history.DefaultHistoryManager  - Current history level: NONE, level required: FULL
10:48:04,937 [main] DEBUG org.activiti.engine.impl.history.DefaultHistoryManager  - Current history level: NONE, level required: ACTIVITY
10:48:04,937 [main] DEBUG org.activiti.engine.impl.history.DefaultHistoryManager  - Current history level: NONE, level required: FULL
10:48:04,937 [main] DEBUG org.activiti.engine.impl.history.DefaultHistoryManager  - Current history level: NONE, level required: ACTIVITY
10:48:04,938 [main] DEBUG org.activiti.engine.impl.history.DefaultHistoryManager  - Current history level: NONE, level required: FULL
10:48:04,938 [main] DEBUG org.activiti.engine.impl.history.DefaultHistoryManager  - Current history level: NONE, level required: ACTIVITY
10:48:04,938 [main] DEBUG org.activiti.engine.impl.history.DefaultHistoryManager  - Current history level: NONE, level required: FULL
10:48:04,938 [main] DEBUG org.activiti.engine.impl.history.DefaultHistoryManager  - Current history level: NONE, level required: ACTIVITY
10:48:04,938 [main] DEBUG org.activiti.engine.impl.history.DefaultHistoryManager  - Current history level: NONE, level required: FULL
10:48:04,938 [main] DEBUG org.activiti.engine.impl.history.DefaultHistoryManager  - Current history level: NONE, level required: ACTIVITY
10:48:04,938 [main] DEBUG org.activiti.engine.impl.history.DefaultHistoryManager  - Current history level: NONE, level required: FULL
10:48:04,938 [main] DEBUG org.activiti.engine.impl.history.DefaultHistoryManager  - Current history level: NONE, level required: ACTIVITY
10:48:04,938 [main] DEBUG org.activiti.engine.impl.history.DefaultHistoryManager  - Current history level: NONE, level required: FULL
10:48:04,938 [main] DEBUG org.activiti.engine.impl.history.DefaultHistoryManager  - Current history level: NONE, level required: ACTIVITY
10:48:04,938 [main] DEBUG org.activiti.engine.impl.history.DefaultHistoryManager  - Current history level: NONE, level required: FULL
10:48:04,938 [main] DEBUG org.activiti.engine.impl.history.DefaultHistoryManager  - Current history level: NONE, level required: ACTIVITY
10:48:04,938 [main] DEBUG org.activiti.engine.impl.history.DefaultHistoryManager  - Current history level: NONE, level required: FULL
10:48:04,938 [main] DEBUG org.activiti.engine.impl.history.DefaultHistoryManager  - Current history level: NONE, level required: ACTIVITY
10:48:04,938 [main] DEBUG org.activiti.engine.impl.history.DefaultHistoryManager  - Current history level: NONE, level required: FULL
10:48:04,938 [main] DEBUG org.activiti.engine.impl.history.DefaultHistoryManager  - Current history level: NONE, level required: ACTIVITY
10:48:04,938 [main] DEBUG org.activiti.engine.impl.history.DefaultHistoryManager  - Current history level: NONE, level required: FULL
10:48:04,938 [main] DEBUG org.activiti.engine.impl.history.DefaultHistoryManager  - Current history level: NONE, level required: ACTIVITY
10:48:04,938 [main] DEBUG org.activiti.engine.impl.history.DefaultHistoryManager  - Current history level: NONE, level required: FULL
10:48:04,938 [main] DEBUG org.activiti.engine.impl.history.DefaultHistoryManager  - Current history level: NONE, level required: ACTIVITY
10:48:04,938 [main] DEBUG org.activiti.engine.impl.history.DefaultHistoryManager  - Current history level: NONE, level required: FULL
10:48:04,938 [main] DEBUG org.activiti.engine.impl.history.DefaultHistoryManager  - Current history level: NONE, level required: ACTIVITY
10:48:04,938 [main] DEBUG org.activiti.engine.impl.history.DefaultHistoryManager  - Current history level: NONE, level required: FULL
10:48:04,938 [main] DEBUG org.activiti.engine.impl.history.DefaultHistoryManager  - Current history level: NONE, level required: ACTIVITY
10:48:04,938 [main] DEBUG org.activiti.engine.impl.history.DefaultHistoryManager  - Current history level: NONE, level required: FULL
10:48:04,938 [main] DEBUG org.activiti.engine.impl.history.DefaultHistoryManager  - Current history level: NONE, level required: ACTIVITY
10:48:04,938 [main] DEBUG org.activiti.engine.impl.history.DefaultHistoryManager  - Current history level: NONE, level required: FULL
10:48:04,938 [main] DEBUG org.activiti.engine.impl.history.DefaultHistoryManager  - Current history level: NONE, level required: ACTIVITY
10:48:04,938 [main] DEBUG org.activiti.engine.impl.history.DefaultHistoryManager  - Current history level: NONE, level required: FULL
10:48:04,938 [main] DEBUG org.activiti.engine.impl.history.DefaultHistoryManager  - Current history level: NONE, level required: ACTIVITY
10:48:04,938 [main] DEBUG org.activiti.engine.impl.history.DefaultHistoryManager  - Current history level: NONE, level required: FULL
10:48:04,938 [main] DEBUG org.activiti.engine.impl.history.DefaultHistoryManager  - Current history level: NONE, level required: ACTIVITY
10:48:04,938 [main] DEBUG org.activiti.engine.impl.history.DefaultHistoryManager  - Current history level: NONE, level required: FULL
10:48:04,938 [main] DEBUG org.activiti.engine.impl.history.DefaultHistoryManager  - Current history level: NONE, level required: ACTIVITY
10:48:04,939 [main] DEBUG org.activiti.engine.impl.history.DefaultHistoryManager  - Current history level: NONE, level required: FULL
10:48:04,939 [main] DEBUG org.activiti.engine.impl.history.DefaultHistoryManager  - Current history level: NONE, level required: ACTIVITY
10:48:04,939 [main] DEBUG org.activiti.engine.impl.history.DefaultHistoryManager  - Current history level: NONE, level required: FULL
10:48:04,939 [main] DEBUG org.activiti.engine.impl.history.DefaultHistoryManager  - Current history level: NONE, level required: ACTIVITY
10:48:04,939 [main] DEBUG org.activiti.engine.impl.history.DefaultHistoryManager  - Current history level: NONE, level required: FULL
10:48:04,939 [main] DEBUG org.activiti.engine.impl.history.DefaultHistoryManager  - Current history level: NONE, level required: ACTIVITY
10:48:04,939 [main] DEBUG org.activiti.engine.impl.history.DefaultHistoryManager  - Current history level: NONE, level required: FULL
10:48:04,939 [main] DEBUG org.activiti.engine.impl.history.DefaultHistoryManager  - Current history level: NONE, level required: ACTIVITY
10:48:04,939 [main] DEBUG org.activiti.engine.impl.history.DefaultHistoryManager  - Current history level: NONE, level required: FULL
10:48:04,939 [main] DEBUG org.activiti.engine.impl.history.DefaultHistoryManager  - Current history level: NONE, level required: ACTIVITY
10:48:04,939 [main] DEBUG org.activiti.engine.impl.history.DefaultHistoryManager  - Current history level: NONE, level required: FULL
10:48:04,939 [main] DEBUG org.activiti.engine.impl.history.DefaultHistoryManager  - Current history level: NONE, level required: ACTIVITY
10:48:04,939 [main] DEBUG org.activiti.engine.impl.history.DefaultHistoryManager  - Current history level: NONE, level required: FULL
10:48:04,939 [main] DEBUG org.activiti.engine.impl.history.DefaultHistoryManager  - Current history level: NONE, level required: ACTIVITY
10:48:04,939 [main] DEBUG org.activiti.engine.impl.history.DefaultHistoryManager  - Current history level: NONE, level required: FULL
10:48:04,939 [main] DEBUG org.activiti.engine.impl.history.DefaultHistoryManager  - Current history level: NONE, level required: ACTIVITY
10:48:04,939 [main] DEBUG org.activiti.engine.impl.history.DefaultHistoryManager  - Current history level: NONE, level required: FULL
10:48:04,939 [main] DEBUG org.activiti.engine.impl.history.DefaultHistoryManager  - Current history level: NONE, level required: ACTIVITY
10:48:04,939 [main] DEBUG org.activiti.engine.impl.history.DefaultHistoryManager  - Current history level: NONE, level required: FULL
10:48:04,939 [main] DEBUG org.activiti.engine.impl.history.DefaultHistoryManager  - Current history level: NONE, level required: ACTIVITY
10:48:04,939 [main] DEBUG org.activiti.engine.impl.history.DefaultHistoryManager  - Current history level: NONE, level required: FULL
10:48:04,939 [main] DEBUG org.activiti.engine.impl.history.DefaultHistoryManager  - Current history level: NONE, level required: ACTIVITY
10:48:04,939 [main] DEBUG org.activiti.engine.impl.history.DefaultHistoryManager  - Current history level: NONE, level required: FULL
10:48:04,939 [main] DEBUG org.activiti.engine.impl.history.DefaultHistoryManager  - Current history level: NONE, level required: ACTIVITY
10:48:04,939 [main] DEBUG org.activiti.engine.impl.history.DefaultHistoryManager  - Current history level: NONE, level required: FULL
10:48:04,939 [main] DEBUG org.activiti.engine.impl.history.DefaultHistoryManager  - Current history level: NONE, level required: ACTIVITY
10:48:04,939 [main] DEBUG org.activiti.engine.impl.history.DefaultHistoryManager  - Current history level: NONE, level required: FULL
10:48:04,939 [main] DEBUG org.activiti.engine.impl.history.DefaultHistoryManager  - Current history level: NONE, level required: ACTIVITY
10:48:04,939 [main] DEBUG org.activiti.engine.impl.history.DefaultHistoryManager  - Current history level: NONE, level required: FULL
10:48:04,939 [main] DEBUG org.activiti.engine.impl.history.DefaultHistoryManager  - Current history level: NONE, level required: ACTIVITY
10:48:04,939 [main] DEBUG org.activiti.engine.impl.history.DefaultHistoryManager  - Current history level: NONE, level required: FULL
10:48:04,939 [main] DEBUG org.activiti.engine.impl.history.DefaultHistoryManager  - Current history level: NONE, level required: ACTIVITY
10:48:04,939 [main] DEBUG org.activiti.engine.impl.history.DefaultHistoryManager  - Current history level: NONE, level required: FULL
10:48:04,939 [main] DEBUG org.activiti.engine.impl.history.DefaultHistoryManager  - Current history level: NONE, level required: ACTIVITY
10:48:04,939 [main] DEBUG org.activiti.engine.impl.history.DefaultHistoryManager  - Current history level: NONE, level required: FULL
10:48:04,939 [main] DEBUG org.activiti.engine.impl.history.DefaultHistoryManager  - Current history level: NONE, level required: ACTIVITY
10:48:04,939 [main] DEBUG org.activiti.engine.impl.history.DefaultHistoryManager  - Current history level: NONE, level required: FULL
10:48:04,940 [main] DEBUG org.activiti.engine.impl.history.DefaultHistoryManager  - Current history level: NONE, level required: ACTIVITY
10:48:04,940 [main] DEBUG org.activiti.engine.impl.history.DefaultHistoryManager  - Current history level: NONE, level required: FULL
10:48:04,940 [main] DEBUG org.activiti.engine.impl.history.DefaultHistoryManager  - Current history level: NONE, level required: ACTIVITY
10:48:04,940 [main] DEBUG org.activiti.engine.impl.history.DefaultHistoryManager  - Current history level: NONE, level required: FULL
10:48:04,940 [main] DEBUG org.activiti.engine.impl.history.DefaultHistoryManager  - Current history level: NONE, level required: ACTIVITY
10:48:04,940 [main] DEBUG org.activiti.engine.impl.history.DefaultHistoryManager  - Current history level: NONE, level required: FULL
10:48:04,940 [main] DEBUG org.activiti.engine.impl.history.DefaultHistoryManager  - Current history level: NONE, level required: ACTIVITY
10:48:04,940 [main] DEBUG org.activiti.engine.impl.history.DefaultHistoryManager  - Current history level: NONE, level required: FULL
10:48:04,940 [main] DEBUG org.activiti.engine.impl.history.DefaultHistoryManager  - Current history level: NONE, level required: ACTIVITY
10:48:04,940 [main] DEBUG org.activiti.engine.impl.history.DefaultHistoryManager  - Current history level: NONE, level required: FULL
10:48:04,940 [main] DEBUG org.activiti.engine.impl.history.DefaultHistoryManager  - Current history level: NONE, level required: ACTIVITY
10:48:04,940 [main] DEBUG org.activiti.engine.impl.history.DefaultHistoryManager  - Current history level: NONE, level required: FULL
10:48:04,940 [main] DEBUG org.activiti.engine.impl.history.DefaultHistoryManager  - Current history level: NONE, level required: ACTIVITY
10:48:04,940 [main] DEBUG org.activiti.engine.impl.history.DefaultHistoryManager  - Current history level: NONE, level required: FULL
10:48:04,940 [main] DEBUG org.activiti.engine.impl.history.DefaultHistoryManager  - Current history level: NONE, level required: ACTIVITY
10:48:04,940 [main] DEBUG org.activiti.engine.impl.history.DefaultHistoryManager  - Current history level: NONE, level required: FULL
10:48:04,940 [main] DEBUG org.activiti.engine.impl.history.DefaultHistoryManager  - Current history level: NONE, level required: ACTIVITY
10:48:04,940 [main] DEBUG org.activiti.engine.impl.history.DefaultHistoryManager  - Current history level: NONE, level required: FULL
10:48:04,940 [main] DEBUG org.activiti.engine.impl.history.DefaultHistoryManager  - Current history level: NONE, level required: ACTIVITY
10:48:04,940 [main] DEBUG org.activiti.engine.impl.history.DefaultHistoryManager  - Current history level: NONE, level required: FULL
10:48:04,940 [main] DEBUG org.activiti.engine.impl.history.DefaultHistoryManager  - Current history level: NONE, level required: ACTIVITY
10:48:04,940 [main] DEBUG org.activiti.engine.impl.history.DefaultHistoryManager  - Current history level: NONE, level required: FULL
10:48:04,940 [main] DEBUG org.activiti.engine.impl.history.DefaultHistoryManager  - Current history level: NONE, level required: ACTIVITY
10:48:04,940 [main] DEBUG org.activiti.engine.impl.history.DefaultHistoryManager  - Current history level: NONE, level required: FULL
10:48:04,940 [main] DEBUG org.activiti.engine.impl.history.DefaultHistoryManager  - Current history level: NONE, level required: ACTIVITY
10:48:04,940 [main] DEBUG org.activiti.engine.impl.history.DefaultHistoryManager  - Current history level: NONE, level required: FULL
10:48:04,940 [main] DEBUG org.activiti.engine.impl.history.DefaultHistoryManager  - Current history level: NONE, level required: ACTIVITY
10:48:04,940 [main] DEBUG org.activiti.engine.impl.history.DefaultHistoryManager  - Current history level: NONE, level required: FULL
10:48:04,940 [main] DEBUG org.activiti.engine.impl.history.DefaultHistoryManager  - Current history level: NONE, level required: ACTIVITY
10:48:04,940 [main] DEBUG org.activiti.engine.impl.history.DefaultHistoryManager  - Current history level: NONE, level required: FULL
10:48:04,940 [main] DEBUG org.activiti.engine.impl.history.DefaultHistoryManager  - Current history level: NONE, level required: ACTIVITY
10:48:04,941 [main] DEBUG org.activiti.engine.impl.history.DefaultHistoryManager  - Current history level: NONE, level required: FULL
10:48:04,941 [main] DEBUG org.activiti.engine.impl.history.DefaultHistoryManager  - Current history level: NONE, level required: ACTIVITY
10:48:04,941 [main] DEBUG org.activiti.engine.impl.history.DefaultHistoryManager  - Current history level: NONE, level required: FULL
10:48:04,941 [main] DEBUG org.activiti.engine.impl.history.DefaultHistoryManager  - Current history level: NONE, level required: ACTIVITY
10:48:04,941 [main] DEBUG org.activiti.engine.impl.history.DefaultHistoryManager  - Current history level: NONE, level required: FULL
10:48:04,941 [main] DEBUG org.activiti.engine.impl.history.DefaultHistoryManager  - Current history level: NONE, level required: ACTIVITY
10:48:04,941 [main] DEBUG org.activiti.engine.impl.history.DefaultHistoryManager  - Current history level: NONE, level required: FULL
10:48:04,941 [main] DEBUG org.activiti.engine.impl.history.DefaultHistoryManager  - Current history level: NONE, level required: ACTIVITY
10:48:04,941 [main] DEBUG org.activiti.engine.impl.history.DefaultHistoryManager  - Current history level: NONE, level required: FULL
10:48:04,941 [main] DEBUG org.activiti.engine.impl.history.DefaultHistoryManager  - Current history level: NONE, level required: ACTIVITY
10:48:04,941 [main] DEBUG org.activiti.engine.impl.history.DefaultHistoryManager  - Current history level: NONE, level required: FULL
10:48:04,941 [main] DEBUG org.activiti.engine.impl.history.DefaultHistoryManager  - Current history level: NONE, level required: ACTIVITY
10:48:04,941 [main] DEBUG org.activiti.engine.impl.history.DefaultHistoryManager  - Current history level: NONE, level required: FULL
10:48:04,941 [main] DEBUG org.activiti.engine.impl.history.DefaultHistoryManager  - Current history level: NONE, level required: ACTIVITY
10:48:04,941 [main] DEBUG org.activiti.engine.impl.history.DefaultHistoryManager  - Current history level: NONE, level required: FULL
10:48:04,941 [main] DEBUG org.activiti.engine.impl.history.DefaultHistoryManager  - Current history level: NONE, level required: ACTIVITY
10:48:04,941 [main] DEBUG org.activiti.engine.impl.history.DefaultHistoryManager  - Current history level: NONE, level required: FULL
10:48:04,941 [main] DEBUG org.activiti.engine.impl.history.DefaultHistoryManager  - Current history level: NONE, level required: ACTIVITY
10:48:04,941 [main] DEBUG org.activiti.engine.impl.history.DefaultHistoryManager  - Current history level: NONE, level required: FULL
10:48:04,941 [main] DEBUG org.activiti.engine.impl.history.DefaultHistoryManager  - Current history level: NONE, level required: ACTIVITY
10:48:04,941 [main] DEBUG org.activiti.engine.impl.history.DefaultHistoryManager  - Current history level: NONE, level required: FULL
10:48:04,941 [main] DEBUG org.activiti.engine.impl.history.DefaultHistoryManager  - Current history level: NONE, level required: ACTIVITY
10:48:04,941 [main] DEBUG org.activiti.engine.impl.history.DefaultHistoryManager  - Current history level: NONE, level required: FULL
10:48:04,941 [main] DEBUG org.activiti.engine.impl.history.DefaultHistoryManager  - Current history level: NONE, level required: ACTIVITY
10:48:04,941 [main] DEBUG org.activiti.engine.impl.history.DefaultHistoryManager  - Current history level: NONE, level required: FULL
10:48:04,941 [main] DEBUG org.activiti.engine.impl.history.DefaultHistoryManager  - Current history level: NONE, level required: ACTIVITY
10:48:04,941 [main] DEBUG org.activiti.engine.impl.history.DefaultHistoryManager  - Current history level: NONE, level required: FULL
10:48:04,941 [main] DEBUG org.activiti.engine.impl.history.DefaultHistoryManager  - Current history level: NONE, level required: ACTIVITY
10:48:04,941 [main] DEBUG org.activiti.engine.impl.history.DefaultHistoryManager  - Current history level: NONE, level required: FULL
10:48:04,941 [main] DEBUG org.activiti.engine.impl.history.DefaultHistoryManager  - Current history level: NONE, level required: ACTIVITY
10:48:04,941 [main] DEBUG org.activiti.engine.impl.history.DefaultHistoryManager  - Current history level: NONE, level required: FULL
10:48:04,941 [main] DEBUG org.activiti.engine.impl.history.DefaultHistoryManager  - Current history level: NONE, level required: ACTIVITY
10:48:04,941 [main] DEBUG org.activiti.engine.impl.history.DefaultHistoryManager  - Current history level: NONE, level required: FULL
10:48:04,941 [main] DEBUG org.activiti.engine.impl.history.DefaultHistoryManager  - Current history level: NONE, level required: ACTIVITY
10:48:04,941 [main] DEBUG org.activiti.engine.impl.history.DefaultHistoryManager  - Current history level: NONE, level required: FULL
10:48:04,941 [main] DEBUG org.activiti.engine.impl.history.DefaultHistoryManager  - Current history level: NONE, level required: ACTIVITY
10:48:04,941 [main] DEBUG org.activiti.engine.impl.history.DefaultHistoryManager  - Current history level: NONE, level required: FULL
10:48:04,941 [main] DEBUG org.activiti.engine.impl.history.DefaultHistoryManager  - Current history level: NONE, level required: ACTIVITY
10:48:04,941 [main] DEBUG org.activiti.engine.impl.history.DefaultHistoryManager  - Current history level: NONE, level required: FULL
10:48:04,941 [main] DEBUG org.activiti.engine.impl.history.DefaultHistoryManager  - Current history level: NONE, level required: ACTIVITY
10:48:04,941 [main] DEBUG org.activiti.engine.impl.history.DefaultHistoryManager  - Current history level: NONE, level required: FULL
10:48:04,941 [main] DEBUG org.activiti.engine.impl.history.DefaultHistoryManager  - Current history level: NONE, level required: ACTIVITY
10:48:04,942 [main] DEBUG org.activiti.engine.impl.history.DefaultHistoryManager  - Current history level: NONE, level required: FULL
10:48:04,942 [main] DEBUG org.activiti.engine.impl.history.DefaultHistoryManager  - Current history level: NONE, level required: ACTIVITY
10:48:04,942 [main] DEBUG org.activiti.engine.impl.history.DefaultHistoryManager  - Current history level: NONE, level required: FULL
10:48:04,942 [main] DEBUG org.activiti.engine.impl.history.DefaultHistoryManager  - Current history level: NONE, level required: ACTIVITY
10:48:04,942 [main] DEBUG org.activiti.engine.impl.history.DefaultHistoryManager  - Current history level: NONE, level required: FULL
10:48:04,942 [main] DEBUG org.activiti.engine.impl.history.DefaultHistoryManager  - Current history level: NONE, level required: ACTIVITY
10:48:04,942 [main] DEBUG org.activiti.engine.impl.history.DefaultHistoryManager  - Current history level: NONE, level required: FULL
10:48:04,942 [main] DEBUG org.activiti.engine.impl.history.DefaultHistoryManager  - Current history level: NONE, level required: ACTIVITY
10:48:04,942 [main] DEBUG org.activiti.engine.impl.history.DefaultHistoryManager  - Current history level: NONE, level required: FULL
10:48:04,942 [main] DEBUG org.activiti.engine.impl.history.DefaultHistoryManager  - Current history level: NONE, level required: ACTIVITY
10:48:04,942 [main] DEBUG org.activiti.engine.impl.history.DefaultHistoryManager  - Current history level: NONE, level required: FULL
10:48:04,942 [main] DEBUG org.activiti.engine.impl.history.DefaultHistoryManager  - Current history level: NONE, level required: ACTIVITY
10:48:04,942 [main] DEBUG org.activiti.engine.impl.history.DefaultHistoryManager  - Current history level: NONE, level required: FULL
10:48:04,942 [main] DEBUG org.activiti.engine.impl.history.DefaultHistoryManager  - Current history level: NONE, level required: ACTIVITY
10:48:04,942 [main] DEBUG org.activiti.engine.impl.history.DefaultHistoryManager  - Current history level: NONE, level required: FULL
10:48:04,942 [main] DEBUG org.activiti.engine.impl.history.DefaultHistoryManager  - Current history level: NONE, level required: ACTIVITY
10:48:04,942 [main] DEBUG org.activiti.engine.impl.history.DefaultHistoryManager  - Current history level: NONE, level required: FULL
10:48:04,942 [main] DEBUG org.activiti.engine.impl.history.DefaultHistoryManager  - Current history level: NONE, level required: ACTIVITY
10:48:04,942 [main] DEBUG org.activiti.engine.impl.history.DefaultHistoryManager  - Current history level: NONE, level required: FULL
10:48:04,942 [main] DEBUG org.activiti.engine.impl.history.DefaultHistoryManager  - Current history level: NONE, level required: ACTIVITY
10:48:04,942 [main] DEBUG org.activiti.engine.impl.history.DefaultHistoryManager  - Current history level: NONE, level required: FULL
10:48:04,942 [main] DEBUG org.activiti.engine.impl.history.DefaultHistoryManager  - Current history level: NONE, level required: ACTIVITY
10:48:04,942 [main] DEBUG org.activiti.engine.impl.history.DefaultHistoryManager  - Current history level: NONE, level required: FULL
10:48:04,942 [main] DEBUG org.activiti.engine.impl.history.DefaultHistoryManager  - Current history level: NONE, level required: ACTIVITY
10:48:04,942 [main] DEBUG org.activiti.engine.impl.history.DefaultHistoryManager  - Current history level: NONE, level required: FULL
10:48:04,942 [main] DEBUG org.activiti.engine.impl.history.DefaultHistoryManager  - Current history level: NONE, level required: ACTIVITY
10:48:04,942 [main] DEBUG org.activiti.engine.impl.history.DefaultHistoryManager  - Current history level: NONE, level required: FULL
10:48:04,942 [main] DEBUG org.activiti.engine.impl.history.DefaultHistoryManager  - Current history level: NONE, level required: ACTIVITY
10:48:04,942 [main] DEBUG org.activiti.engine.impl.history.DefaultHistoryManager  - Current history level: NONE, level required: FULL
10:48:04,942 [main] DEBUG org.activiti.engine.impl.history.DefaultHistoryManager  - Current history level: NONE, level required: ACTIVITY
10:48:04,942 [main] DEBUG org.activiti.engine.impl.history.DefaultHistoryManager  - Current history level: NONE, level required: FULL
10:48:04,942 [main] DEBUG org.activiti.engine.impl.history.DefaultHistoryManager  - Current history level: NONE, level required: ACTIVITY
10:48:04,942 [main] DEBUG org.activiti.engine.impl.history.DefaultHistoryManager  - Current history level: NONE, level required: FULL
10:48:04,942 [main] DEBUG org.activiti.engine.impl.history.DefaultHistoryManager  - Current history level: NONE, level required: ACTIVITY
10:48:04,942 [main] DEBUG org.activiti.engine.impl.history.DefaultHistoryManager  - Current history level: NONE, level required: FULL
10:48:04,942 [main] DEBUG org.activiti.engine.impl.history.DefaultHistoryManager  - Current history level: NONE, level required: ACTIVITY
10:48:04,942 [main] DEBUG org.activiti.engine.impl.history.DefaultHistoryManager  - Current history level: NONE, level required: FULL
10:48:04,942 [main] DEBUG org.activiti.engine.impl.history.DefaultHistoryManager  - Current history level: NONE, level required: ACTIVITY
10:48:04,942 [main] DEBUG org.activiti.engine.impl.history.DefaultHistoryManager  - Current history level: NONE, level required: FULL
10:48:04,942 [main] DEBUG org.activiti.engine.impl.history.DefaultHistoryManager  - Current history level: NONE, level required: ACTIVITY
10:48:04,942 [main] DEBUG org.activiti.engine.impl.history.DefaultHistoryManager  - Current history level: NONE, level required: FULL
10:48:04,942 [main] DEBUG org.activiti.engine.impl.history.DefaultHistoryManager  - Current history level: NONE, level required: ACTIVITY
10:48:04,942 [main] DEBUG org.activiti.engine.impl.history.DefaultHistoryManager  - Current history level: NONE, level required: FULL
10:48:04,943 [main] DEBUG org.activiti.engine.impl.history.DefaultHistoryManager  - Current history level: NONE, level required: ACTIVITY
10:48:04,943 [main] DEBUG org.activiti.engine.impl.history.DefaultHistoryManager  - Current history level: NONE, level required: FULL
10:48:04,943 [main] DEBUG org.activiti.engine.impl.history.DefaultHistoryManager  - Current history level: NONE, level required: ACTIVITY
10:48:04,943 [main] DEBUG org.activiti.engine.impl.history.DefaultHistoryManager  - Current history level: NONE, level required: FULL
10:48:04,943 [main] DEBUG org.activiti.engine.impl.history.DefaultHistoryManager  - Current history level: NONE, level required: ACTIVITY
10:48:04,943 [main] DEBUG org.activiti.engine.impl.history.DefaultHistoryManager  - Current history level: NONE, level required: FULL
10:48:04,943 [main] DEBUG org.activiti.engine.impl.history.DefaultHistoryManager  - Current history level: NONE, level required: ACTIVITY
10:48:04,943 [main] DEBUG org.activiti.engine.impl.history.DefaultHistoryManager  - Current history level: NONE, level required: FULL
10:48:04,943 [main] DEBUG org.activiti.engine.impl.history.DefaultHistoryManager  - Current history level: NONE, level required: ACTIVITY
10:48:04,943 [main] DEBUG org.activiti.engine.impl.history.DefaultHistoryManager  - Current history level: NONE, level required: FULL
10:48:04,943 [main] DEBUG org.activiti.engine.impl.history.DefaultHistoryManager  - Current history level: NONE, level required: ACTIVITY
10:48:04,943 [main] DEBUG org.activiti.engine.impl.history.DefaultHistoryManager  - Current history level: NONE, level required: FULL
10:48:04,943 [main] DEBUG org.activiti.engine.impl.history.DefaultHistoryManager  - Current history level: NONE, level required: ACTIVITY
10:48:04,943 [main] DEBUG org.activiti.engine.impl.history.DefaultHistoryManager  - Current history level: NONE, level required: FULL
10:48:04,943 [main] DEBUG org.activiti.engine.impl.history.DefaultHistoryManager  - Current history level: NONE, level required: ACTIVITY
10:48:04,943 [main] DEBUG org.activiti.engine.impl.history.DefaultHistoryManager  - Current history level: NONE, level required: FULL
10:48:04,943 [main] DEBUG org.activiti.engine.impl.history.DefaultHistoryManager  - Current history level: NONE, level required: ACTIVITY
10:48:04,943 [main] DEBUG org.activiti.engine.impl.history.DefaultHistoryManager  - Current history level: NONE, level required: FULL
10:48:04,943 [main] DEBUG org.activiti.engine.impl.history.DefaultHistoryManager  - Current history level: NONE, level required: ACTIVITY
10:48:04,943 [main] DEBUG org.activiti.engine.impl.history.DefaultHistoryManager  - Current history level: NONE, level required: FULL
10:48:04,943 [main] DEBUG org.activiti.engine.impl.history.DefaultHistoryManager  - Current history level: NONE, level required: ACTIVITY
10:48:04,943 [main] DEBUG org.activiti.engine.impl.history.DefaultHistoryManager  - Current history level: NONE, level required: FULL
10:48:04,943 [main] DEBUG org.activiti.engine.impl.history.DefaultHistoryManager  - Current history level: NONE, level required: ACTIVITY
10:48:04,943 [main] DEBUG org.activiti.engine.impl.history.DefaultHistoryManager  - Current history level: NONE, level required: FULL
10:48:04,943 [main] DEBUG org.activiti.engine.impl.history.DefaultHistoryManager  - Current history level: NONE, level required: ACTIVITY
10:48:04,943 [main] DEBUG org.activiti.engine.impl.history.DefaultHistoryManager  - Current history level: NONE, level required: FULL
10:48:04,943 [main] DEBUG org.activiti.engine.impl.history.DefaultHistoryManager  - Current history level: NONE, level required: ACTIVITY
10:48:04,943 [main] DEBUG org.activiti.engine.impl.history.DefaultHistoryManager  - Current history level: NONE, level required: FULL
10:48:04,943 [main] DEBUG org.activiti.engine.impl.history.DefaultHistoryManager  - Current history level: NONE, level required: ACTIVITY
10:48:04,943 [main] DEBUG org.activiti.engine.impl.history.DefaultHistoryManager  - Current history level: NONE, level required: FULL
10:48:04,943 [main] DEBUG org.activiti.engine.impl.history.DefaultHistoryManager  - Current history level: NONE, level required: ACTIVITY
10:48:04,943 [main] DEBUG org.activiti.engine.impl.history.DefaultHistoryManager  - Current history level: NONE, level required: FULL
10:48:04,943 [main] DEBUG org.activiti.engine.impl.history.DefaultHistoryManager  - Current history level: NONE, level required: ACTIVITY
10:48:04,943 [main] DEBUG org.activiti.engine.impl.history.DefaultHistoryManager  - Current history level: NONE, level required: FULL
10:48:04,943 [main] DEBUG org.activiti.engine.impl.history.DefaultHistoryManager  - Current history level: NONE, level required: ACTIVITY
10:48:04,943 [main] DEBUG org.activiti.engine.impl.history.DefaultHistoryManager  - Current history level: NONE, level required: FULL
10:48:04,943 [main] DEBUG org.activiti.engine.impl.history.DefaultHistoryManager  - Current history level: NONE, level required: ACTIVITY
10:48:04,943 [main] DEBUG org.activiti.engine.impl.history.DefaultHistoryManager  - Current history level: NONE, level required: FULL
10:48:04,943 [main] DEBUG org.activiti.engine.impl.history.DefaultHistoryManager  - Current history level: NONE, level required: ACTIVITY
10:48:04,943 [main] DEBUG org.activiti.engine.impl.history.DefaultHistoryManager  - Current history level: NONE, level required: FULL
10:48:04,943 [main] DEBUG org.activiti.engine.impl.history.DefaultHistoryManager  - Current history level: NONE, level required: ACTIVITY
10:48:04,943 [main] DEBUG org.activiti.engine.impl.history.DefaultHistoryManager  - Current history level: NONE, level required: FULL
10:48:04,943 [main] DEBUG org.activiti.engine.impl.history.DefaultHistoryManager  - Current history level: NONE, level required: ACTIVITY
10:48:04,943 [main] DEBUG org.activiti.engine.impl.history.DefaultHistoryManager  - Current history level: NONE, level required: FULL
10:48:04,943 [main] DEBUG org.activiti.engine.impl.history.DefaultHistoryManager  - Current history level: NONE, level required: ACTIVITY
10:48:04,943 [main] DEBUG org.activiti.engine.impl.history.DefaultHistoryManager  - Current history level: NONE, level required: FULL
10:48:04,944 [main] DEBUG org.activiti.engine.impl.history.DefaultHistoryManager  - Current history level: NONE, level required: ACTIVITY
10:48:04,944 [main] DEBUG org.activiti.engine.impl.history.DefaultHistoryManager  - Current history level: NONE, level required: FULL
10:48:04,944 [main] DEBUG org.activiti.engine.impl.history.DefaultHistoryManager  - Current history level: NONE, level required: ACTIVITY
10:48:04,944 [main] DEBUG org.activiti.engine.impl.history.DefaultHistoryManager  - Current history level: NONE, level required: FULL
10:48:04,944 [main] DEBUG org.activiti.engine.impl.history.DefaultHistoryManager  - Current history level: NONE, level required: ACTIVITY
10:48:04,944 [main] DEBUG org.activiti.engine.impl.history.DefaultHistoryManager  - Current history level: NONE, level required: FULL
10:48:04,944 [main] DEBUG org.activiti.engine.impl.history.DefaultHistoryManager  - Current history level: NONE, level required: ACTIVITY
10:48:04,944 [main] DEBUG org.activiti.engine.impl.history.DefaultHistoryManager  - Current history level: NONE, level required: FULL
10:48:04,944 [main] DEBUG org.activiti.engine.impl.history.DefaultHistoryManager  - Current history level: NONE, level required: ACTIVITY
10:48:04,944 [main] DEBUG org.activiti.engine.impl.history.DefaultHistoryManager  - Current history level: NONE, level required: FULL
10:48:04,944 [main] DEBUG org.activiti.engine.impl.history.DefaultHistoryManager  - Current history level: NONE, level required: ACTIVITY
10:48:04,944 [main] DEBUG org.activiti.engine.impl.history.DefaultHistoryManager  - Current history level: NONE, level required: FULL
10:48:04,944 [main] DEBUG org.activiti.engine.impl.history.DefaultHistoryManager  - Current history level: NONE, level required: ACTIVITY
10:48:04,944 [main] DEBUG org.activiti.engine.impl.history.DefaultHistoryManager  - Current history level: NONE, level required: FULL
10:48:04,944 [main] DEBUG org.activiti.engine.impl.history.DefaultHistoryManager  - Current history level: NONE, level required: ACTIVITY
10:48:04,944 [main] DEBUG org.activiti.engine.impl.history.DefaultHistoryManager  - Current history level: NONE, level required: FULL
10:48:04,944 [main] DEBUG org.activiti.engine.impl.history.DefaultHistoryManager  - Current history level: NONE, level required: ACTIVITY
10:48:04,944 [main] DEBUG org.activiti.engine.impl.history.DefaultHistoryManager  - Current history level: NONE, level required: FULL
10:48:04,944 [main] DEBUG org.activiti.engine.impl.history.DefaultHistoryManager  - Current history level: NONE, level required: ACTIVITY
10:48:04,944 [main] DEBUG org.activiti.engine.impl.history.DefaultHistoryManager  - Current history level: NONE, level required: FULL
10:48:04,944 [main] DEBUG org.activiti.engine.impl.history.DefaultHistoryManager  - Current history level: NONE, level required: ACTIVITY
10:48:04,944 [main] DEBUG org.activiti.engine.impl.history.DefaultHistoryManager  - Current history level: NONE, level required: FULL
10:48:04,944 [main] DEBUG org.activiti.engine.impl.history.DefaultHistoryManager  - Current history level: NONE, level required: ACTIVITY
10:48:04,944 [main] DEBUG org.activiti.engine.impl.history.DefaultHistoryManager  - Current history level: NONE, level required: FULL
10:48:04,944 [main] DEBUG org.activiti.engine.impl.history.DefaultHistoryManager  - Current history level: NONE, level required: ACTIVITY
10:48:04,944 [main] DEBUG org.activiti.engine.impl.history.DefaultHistoryManager  - Current history level: NONE, level required: FULL
10:48:04,944 [main] DEBUG org.activiti.engine.impl.history.DefaultHistoryManager  - Current history level: NONE, level required: ACTIVITY
10:48:04,944 [main] DEBUG org.activiti.engine.impl.history.DefaultHistoryManager  - Current history level: NONE, level required: FULL
10:48:04,944 [main] DEBUG org.activiti.engine.impl.history.DefaultHistoryManager  - Current history level: NONE, level required: ACTIVITY
10:48:04,944 [main] DEBUG org.activiti.engine.impl.history.DefaultHistoryManager  - Current history level: NONE, level required: FULL
10:48:04,944 [main] DEBUG org.activiti.engine.impl.history.DefaultHistoryManager  - Current history level: NONE, level required: ACTIVITY
10:48:04,944 [main] DEBUG org.activiti.engine.impl.history.DefaultHistoryManager  - Current history level: NONE, level required: FULL
10:48:04,944 [main] DEBUG org.activiti.engine.impl.history.DefaultHistoryManager  - Current history level: NONE, level required: ACTIVITY
10:48:04,944 [main] DEBUG org.activiti.engine.impl.history.DefaultHistoryManager  - Current history level: NONE, level required: FULL
10:48:04,944 [main] DEBUG org.activiti.engine.impl.history.DefaultHistoryManager  - Current history level: NONE, level required: ACTIVITY
10:48:04,944 [main] DEBUG org.activiti.engine.impl.history.DefaultHistoryManager  - Current history level: NONE, level required: FULL
10:48:04,944 [main] DEBUG org.activiti.engine.impl.history.DefaultHistoryManager  - Current history level: NONE, level required: ACTIVITY
10:48:04,944 [main] DEBUG org.activiti.engine.impl.history.DefaultHistoryManager  - Current history level: NONE, level required: FULL
10:48:04,944 [main] DEBUG org.activiti.engine.impl.history.DefaultHistoryManager  - Current history level: NONE, level required: ACTIVITY
10:48:04,944 [main] DEBUG org.activiti.engine.impl.history.DefaultHistoryManager  - Current history level: NONE, level required: FULL
10:48:04,944 [main] DEBUG org.activiti.engine.impl.history.DefaultHistoryManager  - Current history level: NONE, level required: ACTIVITY
10:48:04,944 [main] DEBUG org.activiti.engine.impl.history.DefaultHistoryManager  - Current history level: NONE, level required: FULL
10:48:04,944 [main] DEBUG org.activiti.engine.impl.history.DefaultHistoryManager  - Current history level: NONE, level required: ACTIVITY
10:48:04,944 [main] DEBUG org.activiti.engine.impl.history.DefaultHistoryManager  - Current history level: NONE, level required: FULL
10:48:04,944 [main] DEBUG org.activiti.engine.impl.history.DefaultHistoryManager  - Current history level: NONE, level required: ACTIVITY
10:48:04,944 [main] DEBUG org.activiti.engine.impl.history.DefaultHistoryManager  - Current history level: NONE, level required: FULL
10:48:04,945 [main] DEBUG org.activiti.engine.impl.history.DefaultHistoryManager  - Current history level: NONE, level required: ACTIVITY
10:48:04,945 [main] DEBUG org.activiti.engine.impl.history.DefaultHistoryManager  - Current history level: NONE, level required: FULL
10:48:04,945 [main] DEBUG org.activiti.engine.impl.history.DefaultHistoryManager  - Current history level: NONE, level required: ACTIVITY
10:48:04,945 [main] DEBUG org.activiti.engine.impl.history.DefaultHistoryManager  - Current history level: NONE, level required: FULL
10:48:04,945 [main] DEBUG org.activiti.engine.impl.history.DefaultHistoryManager  - Current history level: NONE, level required: ACTIVITY
10:48:04,945 [main] DEBUG org.activiti.engine.impl.history.DefaultHistoryManager  - Current history level: NONE, level required: FULL
10:48:04,945 [main] DEBUG org.activiti.engine.impl.history.DefaultHistoryManager  - Current history level: NONE, level required: ACTIVITY
10:48:04,945 [main] DEBUG org.activiti.engine.impl.history.DefaultHistoryManager  - Current history level: NONE, level required: FULL
10:48:04,945 [main] DEBUG org.activiti.engine.impl.history.DefaultHistoryManager  - Current history level: NONE, level required: ACTIVITY
10:48:04,945 [main] DEBUG org.activiti.engine.impl.history.DefaultHistoryManager  - Current history level: NONE, level required: FULL
10:48:04,945 [main] DEBUG org.activiti.engine.impl.history.DefaultHistoryManager  - Current history level: NONE, level required: ACTIVITY
10:48:04,945 [main] DEBUG org.activiti.engine.impl.history.DefaultHistoryManager  - Current history level: NONE, level required: FULL
10:48:04,945 [main] DEBUG org.activiti.engine.impl.history.DefaultHistoryManager  - Current history level: NONE, level required: ACTIVITY
10:48:04,945 [main] DEBUG org.activiti.engine.impl.history.DefaultHistoryManager  - Current history level: NONE, level required: FULL
10:48:04,945 [main] DEBUG org.activiti.engine.impl.history.DefaultHistoryManager  - Current history level: NONE, level required: ACTIVITY
10:48:04,945 [main] DEBUG org.activiti.engine.impl.history.DefaultHistoryManager  - Current history level: NONE, level required: FULL
10:48:04,945 [main] DEBUG org.activiti.engine.impl.history.DefaultHistoryManager  - Current history level: NONE, level required: ACTIVITY
10:48:04,945 [main] DEBUG org.activiti.engine.impl.history.DefaultHistoryManager  - Current history level: NONE, level required: FULL
10:48:04,945 [main] DEBUG org.activiti.engine.impl.history.DefaultHistoryManager  - Current history level: NONE, level required: ACTIVITY
10:48:04,945 [main] DEBUG org.activiti.engine.impl.history.DefaultHistoryManager  - Current history level: NONE, level required: FULL
10:48:04,945 [main] DEBUG org.activiti.engine.impl.history.DefaultHistoryManager  - Current history level: NONE, level required: ACTIVITY
10:48:04,945 [main] DEBUG org.activiti.engine.impl.history.DefaultHistoryManager  - Current history level: NONE, level required: FULL
10:48:04,945 [main] DEBUG org.activiti.engine.impl.history.DefaultHistoryManager  - Current history level: NONE, level required: ACTIVITY
10:48:04,945 [main] DEBUG org.activiti.engine.impl.history.DefaultHistoryManager  - Current history level: NONE, level required: FULL
10:48:04,945 [main] DEBUG org.activiti.engine.impl.history.DefaultHistoryManager  - Current history level: NONE, level required: ACTIVITY
10:48:04,945 [main] DEBUG org.activiti.engine.impl.history.DefaultHistoryManager  - Current history level: NONE, level required: FULL
10:48:04,945 [main] DEBUG org.activiti.engine.impl.history.DefaultHistoryManager  - Current history level: NONE, level required: ACTIVITY
10:48:04,945 [main] DEBUG org.activiti.engine.impl.history.DefaultHistoryManager  - Current history level: NONE, level required: FULL
10:48:04,945 [main] DEBUG org.activiti.engine.impl.history.DefaultHistoryManager  - Current history level: NONE, level required: ACTIVITY
10:48:04,945 [main] DEBUG org.activiti.engine.impl.history.DefaultHistoryManager  - Current history level: NONE, level required: FULL
10:48:04,945 [main] DEBUG org.activiti.engine.impl.history.DefaultHistoryManager  - Current history level: NONE, level required: ACTIVITY
10:48:04,945 [main] DEBUG org.activiti.engine.impl.history.DefaultHistoryManager  - Current history level: NONE, level required: FULL
10:48:04,945 [main] DEBUG org.activiti.engine.impl.history.DefaultHistoryManager  - Current history level: NONE, level required: ACTIVITY
10:48:04,945 [main] DEBUG org.activiti.engine.impl.history.DefaultHistoryManager  - Current history level: NONE, level required: FULL
10:48:04,945 [main] DEBUG org.activiti.engine.impl.history.DefaultHistoryManager  - Current history level: NONE, level required: ACTIVITY
10:48:04,945 [main] DEBUG org.activiti.engine.impl.history.DefaultHistoryManager  - Current history level: NONE, level required: FULL
10:48:04,945 [main] DEBUG org.activiti.engine.impl.history.DefaultHistoryManager  - Current history level: NONE, level required: ACTIVITY
10:48:04,945 [main] DEBUG org.activiti.engine.impl.history.DefaultHistoryManager  - Current history level: NONE, level required: FULL
10:48:04,945 [main] DEBUG org.activiti.engine.impl.history.DefaultHistoryManager  - Current history level: NONE, level required: ACTIVITY
10:48:04,945 [main] DEBUG org.activiti.engine.impl.history.DefaultHistoryManager  - Current history level: NONE, level required: FULL
10:48:04,945 [main] DEBUG org.activiti.engine.impl.history.DefaultHistoryManager  - Current history level: NONE, level required: ACTIVITY
10:48:04,946 [main] DEBUG org.activiti.engine.impl.history.DefaultHistoryManager  - Current history level: NONE, level required: FULL
10:48:04,946 [main] DEBUG org.activiti.engine.impl.history.DefaultHistoryManager  - Current history level: NONE, level required: ACTIVITY
10:48:04,946 [main] DEBUG org.activiti.engine.impl.history.DefaultHistoryManager  - Current history level: NONE, level required: FULL
10:48:04,946 [main] DEBUG org.activiti.engine.impl.history.DefaultHistoryManager  - Current history level: NONE, level required: ACTIVITY
10:48:04,946 [main] DEBUG org.activiti.engine.impl.history.DefaultHistoryManager  - Current history level: NONE, level required: FULL
10:48:04,946 [main] DEBUG org.activiti.engine.impl.history.DefaultHistoryManager  - Current history level: NONE, level required: ACTIVITY
10:48:04,946 [main] DEBUG org.activiti.engine.impl.history.DefaultHistoryManager  - Current history level: NONE, level required: FULL
10:48:04,946 [main] DEBUG org.activiti.engine.impl.history.DefaultHistoryManager  - Current history level: NONE, level required: ACTIVITY
10:48:04,946 [main] DEBUG org.activiti.engine.impl.history.DefaultHistoryManager  - Current history level: NONE, level required: FULL
10:48:04,946 [main] DEBUG org.activiti.engine.impl.history.DefaultHistoryManager  - Current history level: NONE, level required: ACTIVITY
10:48:04,946 [main] DEBUG org.activiti.engine.impl.history.DefaultHistoryManager  - Current history level: NONE, level required: FULL
10:48:04,946 [main] DEBUG org.activiti.engine.impl.history.DefaultHistoryManager  - Current history level: NONE, level required: ACTIVITY
10:48:04,946 [main] DEBUG org.activiti.engine.impl.history.DefaultHistoryManager  - Current history level: NONE, level required: FULL
10:48:04,946 [main] DEBUG org.activiti.engine.impl.history.DefaultHistoryManager  - Current history level: NONE, level required: ACTIVITY
10:48:04,946 [main] DEBUG org.activiti.engine.impl.history.DefaultHistoryManager  - Current history level: NONE, level required: FULL
10:48:04,946 [main] DEBUG org.activiti.engine.impl.history.DefaultHistoryManager  - Current history level: NONE, level required: ACTIVITY
10:48:04,946 [main] DEBUG org.activiti.engine.impl.history.DefaultHistoryManager  - Current history level: NONE, level required: FULL
10:48:04,946 [main] DEBUG org.activiti.engine.impl.history.DefaultHistoryManager  - Current history level: NONE, level required: ACTIVITY
10:48:04,946 [main] DEBUG org.activiti.engine.impl.history.DefaultHistoryManager  - Current history level: NONE, level required: FULL
10:48:04,946 [main] DEBUG org.activiti.engine.impl.history.DefaultHistoryManager  - Current history level: NONE, level required: ACTIVITY
10:48:04,946 [main] DEBUG org.activiti.engine.impl.history.DefaultHistoryManager  - Current history level: NONE, level required: FULL
10:48:04,946 [main] DEBUG org.activiti.engine.impl.history.DefaultHistoryManager  - Current history level: NONE, level required: ACTIVITY
10:48:04,946 [main] DEBUG org.activiti.engine.impl.history.DefaultHistoryManager  - Current history level: NONE, level required: FULL
10:48:04,946 [main] DEBUG org.activiti.engine.impl.history.DefaultHistoryManager  - Current history level: NONE, level required: ACTIVITY
10:48:04,946 [main] DEBUG org.activiti.engine.impl.history.DefaultHistoryManager  - Current history level: NONE, level required: FULL
10:48:04,946 [main] DEBUG org.activiti.engine.impl.history.DefaultHistoryManager  - Current history level: NONE, level required: ACTIVITY
10:48:04,946 [main] DEBUG org.activiti.engine.impl.history.DefaultHistoryManager  - Current history level: NONE, level required: FULL
10:48:04,946 [main] DEBUG org.activiti.engine.impl.history.DefaultHistoryManager  - Current history level: NONE, level required: ACTIVITY
10:48:04,946 [main] DEBUG org.activiti.engine.impl.history.DefaultHistoryManager  - Current history level: NONE, level required: FULL
10:48:04,946 [main] DEBUG org.activiti.engine.impl.history.DefaultHistoryManager  - Current history level: NONE, level required: ACTIVITY
10:48:04,946 [main] DEBUG org.activiti.engine.impl.history.DefaultHistoryManager  - Current history level: NONE, level required: FULL
10:48:04,946 [main] DEBUG org.activiti.engine.impl.history.DefaultHistoryManager  - Current history level: NONE, level required: ACTIVITY
10:48:04,946 [main] DEBUG org.activiti.engine.impl.history.DefaultHistoryManager  - Current history level: NONE, level required: FULL
10:48:04,946 [main] DEBUG org.activiti.engine.impl.history.DefaultHistoryManager  - Current history level: NONE, level required: ACTIVITY
10:48:04,946 [main] DEBUG org.activiti.engine.impl.history.DefaultHistoryManager  - Current history level: NONE, level required: FULL
10:48:04,946 [main] DEBUG org.activiti.engine.impl.history.DefaultHistoryManager  - Current history level: NONE, level required: ACTIVITY
10:48:04,946 [main] DEBUG org.activiti.engine.impl.history.DefaultHistoryManager  - Current history level: NONE, level required: FULL
10:48:04,947 [main] DEBUG org.activiti.engine.impl.history.DefaultHistoryManager  - Current history level: NONE, level required: ACTIVITY
10:48:04,947 [main] DEBUG org.activiti.engine.impl.history.DefaultHistoryManager  - Current history level: NONE, level required: FULL
10:48:04,947 [main] DEBUG org.activiti.engine.impl.history.DefaultHistoryManager  - Current history level: NONE, level required: ACTIVITY
10:48:04,947 [main] DEBUG org.activiti.engine.impl.history.DefaultHistoryManager  - Current history level: NONE, level required: FULL
10:48:04,947 [main] DEBUG org.activiti.engine.impl.history.DefaultHistoryManager  - Current history level: NONE, level required: ACTIVITY
10:48:04,947 [main] DEBUG org.activiti.engine.impl.history.DefaultHistoryManager  - Current history level: NONE, level required: FULL
10:48:04,947 [main] DEBUG org.activiti.engine.impl.history.DefaultHistoryManager  - Current history level: NONE, level required: ACTIVITY
10:48:04,947 [main] DEBUG org.activiti.engine.impl.history.DefaultHistoryManager  - Current history level: NONE, level required: FULL
10:48:04,947 [main] DEBUG org.activiti.engine.impl.history.DefaultHistoryManager  - Current history level: NONE, level required: ACTIVITY
10:48:04,947 [main] DEBUG org.activiti.engine.impl.history.DefaultHistoryManager  - Current history level: NONE, level required: FULL
10:48:04,947 [main] DEBUG org.activiti.engine.impl.history.DefaultHistoryManager  - Current history level: NONE, level required: ACTIVITY
10:48:04,947 [main] DEBUG org.activiti.engine.impl.history.DefaultHistoryManager  - Current history level: NONE, level required: FULL
10:48:04,947 [main] DEBUG org.activiti.engine.impl.history.DefaultHistoryManager  - Current history level: NONE, level required: ACTIVITY
10:48:04,947 [main] DEBUG org.activiti.engine.impl.history.DefaultHistoryManager  - Current history level: NONE, level required: FULL
10:48:04,947 [main] DEBUG org.activiti.engine.impl.history.DefaultHistoryManager  - Current history level: NONE, level required: ACTIVITY
10:48:04,947 [main] DEBUG org.activiti.engine.impl.history.DefaultHistoryManager  - Current history level: NONE, level required: FULL
10:48:04,947 [main] DEBUG org.activiti.engine.impl.history.DefaultHistoryManager  - Current history level: NONE, level required: ACTIVITY
10:48:04,947 [main] DEBUG org.activiti.engine.impl.history.DefaultHistoryManager  - Current history level: NONE, level required: FULL
10:48:04,947 [main] DEBUG org.activiti.engine.impl.history.DefaultHistoryManager  - Current history level: NONE, level required: ACTIVITY
10:48:04,947 [main] DEBUG org.activiti.engine.impl.history.DefaultHistoryManager  - Current history level: NONE, level required: FULL
10:48:04,947 [main] DEBUG org.activiti.engine.impl.history.DefaultHistoryManager  - Current history level: NONE, level required: ACTIVITY
10:48:04,947 [main] DEBUG org.activiti.engine.impl.history.DefaultHistoryManager  - Current history level: NONE, level required: FULL
10:48:04,947 [main] DEBUG org.activiti.engine.impl.history.DefaultHistoryManager  - Current history level: NONE, level required: ACTIVITY
10:48:04,947 [main] DEBUG org.activiti.engine.impl.history.DefaultHistoryManager  - Current history level: NONE, level required: FULL
10:48:04,947 [main] DEBUG org.activiti.engine.impl.history.DefaultHistoryManager  - Current history level: NONE, level required: ACTIVITY
10:48:04,947 [main] DEBUG org.activiti.engine.impl.history.DefaultHistoryManager  - Current history level: NONE, level required: FULL
10:48:04,947 [main] DEBUG org.activiti.engine.impl.history.DefaultHistoryManager  - Current history level: NONE, level required: ACTIVITY
10:48:04,947 [main] DEBUG org.activiti.engine.impl.history.DefaultHistoryManager  - Current history level: NONE, level required: FULL
10:48:04,948 [main] DEBUG org.activiti.engine.impl.history.DefaultHistoryManager  - Current history level: NONE, level required: ACTIVITY
10:48:04,948 [main] DEBUG org.activiti.engine.impl.history.DefaultHistoryManager  - Current history level: NONE, level required: FULL
10:48:04,948 [main] DEBUG org.activiti.engine.impl.history.DefaultHistoryManager  - Current history level: NONE, level required: ACTIVITY
10:48:04,948 [main] DEBUG org.activiti.engine.impl.history.DefaultHistoryManager  - Current history level: NONE, level required: FULL
10:48:04,948 [main] DEBUG org.activiti.engine.impl.history.DefaultHistoryManager  - Current history level: NONE, level required: ACTIVITY
10:48:04,948 [main] DEBUG org.activiti.engine.impl.history.DefaultHistoryManager  - Current history level: NONE, level required: FULL
10:48:04,948 [main] DEBUG org.activiti.engine.impl.history.DefaultHistoryManager  - Current history level: NONE, level required: ACTIVITY
10:48:04,948 [main] DEBUG org.activiti.engine.impl.history.DefaultHistoryManager  - Current history level: NONE, level required: FULL
10:48:04,948 [main] DEBUG org.activiti.engine.impl.history.DefaultHistoryManager  - Current history level: NONE, level required: ACTIVITY
10:48:04,948 [main] DEBUG org.activiti.engine.impl.history.DefaultHistoryManager  - Current history level: NONE, level required: FULL
10:48:04,948 [main] DEBUG org.activiti.engine.impl.history.DefaultHistoryManager  - Current history level: NONE, level required: ACTIVITY
10:48:04,948 [main] DEBUG org.activiti.engine.impl.history.DefaultHistoryManager  - Current history level: NONE, level required: FULL
10:48:04,948 [main] DEBUG org.activiti.engine.impl.history.DefaultHistoryManager  - Current history level: NONE, level required: ACTIVITY
10:48:04,948 [main] DEBUG org.activiti.engine.impl.history.DefaultHistoryManager  - Current history level: NONE, level required: FULL
10:48:04,948 [main] DEBUG org.activiti.engine.impl.history.DefaultHistoryManager  - Current history level: NONE, level required: ACTIVITY
10:48:04,948 [main] DEBUG org.activiti.engine.impl.history.DefaultHistoryManager  - Current history level: NONE, level required: FULL
10:48:04,948 [main] DEBUG org.activiti.engine.impl.history.DefaultHistoryManager  - Current history level: NONE, level required: ACTIVITY
10:48:04,948 [main] DEBUG org.activiti.engine.impl.history.DefaultHistoryManager  - Current history level: NONE, level required: FULL
10:48:04,948 [main] DEBUG org.activiti.engine.impl.history.DefaultHistoryManager  - Current history level: NONE, level required: ACTIVITY
10:48:04,948 [main] DEBUG org.activiti.engine.impl.history.DefaultHistoryManager  - Current history level: NONE, level required: FULL
10:48:04,948 [main] DEBUG org.activiti.engine.impl.history.DefaultHistoryManager  - Current history level: NONE, level required: ACTIVITY
10:48:04,948 [main] DEBUG org.activiti.engine.impl.history.DefaultHistoryManager  - Current history level: NONE, level required: FULL
10:48:04,948 [main] DEBUG org.activiti.engine.impl.history.DefaultHistoryManager  - Current history level: NONE, level required: ACTIVITY
10:48:04,948 [main] DEBUG org.activiti.engine.impl.history.DefaultHistoryManager  - Current history level: NONE, level required: FULL
10:48:04,948 [main] DEBUG org.activiti.engine.impl.history.DefaultHistoryManager  - Current history level: NONE, level required: ACTIVITY
10:48:04,948 [main] DEBUG org.activiti.engine.impl.history.DefaultHistoryManager  - Current history level: NONE, level required: FULL
10:48:04,948 [main] DEBUG org.activiti.engine.impl.history.DefaultHistoryManager  - Current history level: NONE, level required: ACTIVITY
10:48:04,948 [main] DEBUG org.activiti.engine.impl.history.DefaultHistoryManager  - Current history level: NONE, level required: FULL
10:48:04,948 [main] DEBUG org.activiti.engine.impl.history.DefaultHistoryManager  - Current history level: NONE, level required: ACTIVITY
10:48:04,948 [main] DEBUG org.activiti.engine.impl.history.DefaultHistoryManager  - Current history level: NONE, level required: FULL
10:48:04,948 [main] DEBUG org.activiti.engine.impl.history.DefaultHistoryManager  - Current history level: NONE, level required: ACTIVITY
10:48:04,948 [main] DEBUG org.activiti.engine.impl.history.DefaultHistoryManager  - Current history level: NONE, level required: FULL
10:48:04,948 [main] DEBUG org.activiti.engine.impl.history.DefaultHistoryManager  - Current history level: NONE, level required: ACTIVITY
10:48:04,948 [main] DEBUG org.activiti.engine.impl.history.DefaultHistoryManager  - Current history level: NONE, level required: FULL
10:48:04,948 [main] DEBUG org.activiti.engine.impl.history.DefaultHistoryManager  - Current history level: NONE, level required: ACTIVITY
10:48:04,948 [main] DEBUG org.activiti.engine.impl.history.DefaultHistoryManager  - Current history level: NONE, level required: FULL
10:48:04,948 [main] DEBUG org.activiti.engine.impl.history.DefaultHistoryManager  - Current history level: NONE, level required: ACTIVITY
10:48:04,948 [main] DEBUG org.activiti.engine.impl.history.DefaultHistoryManager  - Current history level: NONE, level required: FULL
10:48:04,948 [main] DEBUG org.activiti.engine.impl.history.DefaultHistoryManager  - Current history level: NONE, level required: ACTIVITY
10:48:04,949 [main] DEBUG org.activiti.engine.impl.history.DefaultHistoryManager  - Current history level: NONE, level required: FULL
10:48:04,949 [main] DEBUG org.activiti.engine.impl.history.DefaultHistoryManager  - Current history level: NONE, level required: ACTIVITY
10:48:04,949 [main] DEBUG org.activiti.engine.impl.history.DefaultHistoryManager  - Current history level: NONE, level required: FULL
10:48:04,949 [main] DEBUG org.activiti.engine.impl.history.DefaultHistoryManager  - Current history level: NONE, level required: ACTIVITY
10:48:04,949 [main] DEBUG org.activiti.engine.impl.history.DefaultHistoryManager  - Current history level: NONE, level required: FULL
10:48:04,949 [main] DEBUG org.activiti.engine.impl.history.DefaultHistoryManager  - Current history level: NONE, level required: ACTIVITY
10:48:04,949 [main] DEBUG org.activiti.engine.impl.history.DefaultHistoryManager  - Current history level: NONE, level required: FULL
10:48:04,949 [main] DEBUG org.activiti.engine.impl.history.DefaultHistoryManager  - Current history level: NONE, level required: ACTIVITY
10:48:04,949 [main] DEBUG org.activiti.engine.impl.history.DefaultHistoryManager  - Current history level: NONE, level required: FULL
10:48:04,949 [main] DEBUG org.activiti.engine.impl.history.DefaultHistoryManager  - Current history level: NONE, level required: ACTIVITY
10:48:04,949 [main] DEBUG org.activiti.engine.impl.history.DefaultHistoryManager  - Current history level: NONE, level required: FULL
10:48:04,949 [main] DEBUG org.activiti.engine.impl.history.DefaultHistoryManager  - Current history level: NONE, level required: ACTIVITY
10:48:04,949 [main] DEBUG org.activiti.engine.impl.history.DefaultHistoryManager  - Current history level: NONE, level required: FULL
10:48:04,949 [main] DEBUG org.activiti.engine.impl.history.DefaultHistoryManager  - Current history level: NONE, level required: ACTIVITY
10:48:04,949 [main] DEBUG org.activiti.engine.impl.history.DefaultHistoryManager  - Current history level: NONE, level required: FULL
10:48:04,949 [main] DEBUG org.activiti.engine.impl.history.DefaultHistoryManager  - Current history level: NONE, level required: ACTIVITY
10:48:04,949 [main] DEBUG org.activiti.engine.impl.history.DefaultHistoryManager  - Current history level: NONE, level required: FULL
10:48:04,949 [main] DEBUG org.activiti.engine.impl.history.DefaultHistoryManager  - Current history level: NONE, level required: ACTIVITY
10:48:04,949 [main] DEBUG org.activiti.engine.impl.history.DefaultHistoryManager  - Current history level: NONE, level required: FULL
10:48:04,949 [main] DEBUG org.activiti.engine.impl.history.DefaultHistoryManager  - Current history level: NONE, level required: ACTIVITY
10:48:04,949 [main] DEBUG org.activiti.engine.impl.history.DefaultHistoryManager  - Current history level: NONE, level required: FULL
10:48:04,949 [main] DEBUG org.activiti.engine.impl.history.DefaultHistoryManager  - Current history level: NONE, level required: ACTIVITY
10:48:04,949 [main] DEBUG org.activiti.engine.impl.history.DefaultHistoryManager  - Current history level: NONE, level required: FULL
10:48:04,949 [main] DEBUG org.activiti.engine.impl.history.DefaultHistoryManager  - Current history level: NONE, level required: ACTIVITY
10:48:04,949 [main] DEBUG org.activiti.engine.impl.history.DefaultHistoryManager  - Current history level: NONE, level required: FULL
10:48:04,949 [main] DEBUG org.activiti.engine.impl.history.DefaultHistoryManager  - Current history level: NONE, level required: ACTIVITY
10:48:04,949 [main] DEBUG org.activiti.engine.impl.history.DefaultHistoryManager  - Current history level: NONE, level required: FULL
10:48:04,949 [main] DEBUG org.activiti.engine.impl.history.DefaultHistoryManager  - Current history level: NONE, level required: ACTIVITY
10:48:04,949 [main] DEBUG org.activiti.engine.impl.history.DefaultHistoryManager  - Current history level: NONE, level required: FULL
10:48:04,949 [main] DEBUG org.activiti.engine.impl.history.DefaultHistoryManager  - Current history level: NONE, level required: ACTIVITY
10:48:04,950 [main] DEBUG org.activiti.engine.impl.history.DefaultHistoryManager  - Current history level: NONE, level required: FULL
10:48:04,950 [main] DEBUG org.activiti.engine.impl.history.DefaultHistoryManager  - Current history level: NONE, level required: ACTIVITY
10:48:04,950 [main] DEBUG org.activiti.engine.impl.history.DefaultHistoryManager  - Current history level: NONE, level required: FULL
10:48:04,950 [main] DEBUG org.activiti.engine.impl.history.DefaultHistoryManager  - Current history level: NONE, level required: ACTIVITY
10:48:04,950 [main] DEBUG org.activiti.engine.impl.history.DefaultHistoryManager  - Current history level: NONE, level required: FULL
10:48:04,950 [main] DEBUG org.activiti.engine.impl.history.DefaultHistoryManager  - Current history level: NONE, level required: ACTIVITY
10:48:04,950 [main] DEBUG org.activiti.engine.impl.history.DefaultHistoryManager  - Current history level: NONE, level required: FULL
10:48:04,950 [main] DEBUG org.activiti.engine.impl.history.DefaultHistoryManager  - Current history level: NONE, level required: ACTIVITY
10:48:04,950 [main] DEBUG org.activiti.engine.impl.history.DefaultHistoryManager  - Current history level: NONE, level required: FULL
10:48:04,950 [main] DEBUG org.activiti.engine.impl.history.DefaultHistoryManager  - Current history level: NONE, level required: ACTIVITY
10:48:04,950 [main] DEBUG org.activiti.engine.impl.history.DefaultHistoryManager  - Current history level: NONE, level required: FULL
10:48:04,950 [main] DEBUG org.activiti.engine.impl.history.DefaultHistoryManager  - Current history level: NONE, level required: ACTIVITY
10:48:04,950 [main] DEBUG org.activiti.engine.impl.history.DefaultHistoryManager  - Current history level: NONE, level required: FULL
10:48:04,950 [main] DEBUG org.activiti.engine.impl.history.DefaultHistoryManager  - Current history level: NONE, level required: ACTIVITY
10:48:04,950 [main] DEBUG org.activiti.engine.impl.history.DefaultHistoryManager  - Current history level: NONE, level required: FULL
10:48:04,950 [main] DEBUG org.activiti.engine.impl.history.DefaultHistoryManager  - Current history level: NONE, level required: ACTIVITY
10:48:04,950 [main] DEBUG org.activiti.engine.impl.history.DefaultHistoryManager  - Current history level: NONE, level required: FULL
10:48:04,950 [main] DEBUG org.activiti.engine.impl.history.DefaultHistoryManager  - Current history level: NONE, level required: ACTIVITY
10:48:04,950 [main] DEBUG org.activiti.engine.impl.history.DefaultHistoryManager  - Current history level: NONE, level required: FULL
10:48:04,950 [main] DEBUG org.activiti.engine.impl.history.DefaultHistoryManager  - Current history level: NONE, level required: ACTIVITY
10:48:04,950 [main] DEBUG org.activiti.engine.impl.history.DefaultHistoryManager  - Current history level: NONE, level required: FULL
10:48:04,950 [main] DEBUG org.activiti.engine.impl.history.DefaultHistoryManager  - Current history level: NONE, level required: ACTIVITY
10:48:04,950 [main] DEBUG org.activiti.engine.impl.history.DefaultHistoryManager  - Current history level: NONE, level required: FULL
10:48:04,950 [main] DEBUG org.activiti.engine.impl.history.DefaultHistoryManager  - Current history level: NONE, level required: ACTIVITY
10:48:04,950 [main] DEBUG org.activiti.engine.impl.history.DefaultHistoryManager  - Current history level: NONE, level required: FULL
10:48:04,950 [main] DEBUG org.activiti.engine.impl.history.DefaultHistoryManager  - Current history level: NONE, level required: ACTIVITY
10:48:04,950 [main] DEBUG org.activiti.engine.impl.history.DefaultHistoryManager  - Current history level: NONE, level required: FULL
10:48:04,950 [main] DEBUG org.activiti.engine.impl.history.DefaultHistoryManager  - Current history level: NONE, level required: ACTIVITY
10:48:04,950 [main] DEBUG org.activiti.engine.impl.history.DefaultHistoryManager  - Current history level: NONE, level required: FULL
10:48:04,950 [main] DEBUG org.activiti.engine.impl.history.DefaultHistoryManager  - Current history level: NONE, level required: ACTIVITY
10:48:04,950 [main] DEBUG org.activiti.engine.impl.history.DefaultHistoryManager  - Current history level: NONE, level required: FULL
10:48:04,951 [main] DEBUG org.activiti.engine.impl.history.DefaultHistoryManager  - Current history level: NONE, level required: ACTIVITY
10:48:04,951 [main] DEBUG org.activiti.engine.impl.history.DefaultHistoryManager  - Current history level: NONE, level required: FULL
10:48:04,951 [main] DEBUG org.activiti.engine.impl.history.DefaultHistoryManager  - Current history level: NONE, level required: ACTIVITY
10:48:04,951 [main] DEBUG org.activiti.engine.impl.history.DefaultHistoryManager  - Current history level: NONE, level required: FULL
10:48:04,951 [main] DEBUG org.activiti.engine.impl.history.DefaultHistoryManager  - Current history level: NONE, level required: ACTIVITY
10:48:04,951 [main] DEBUG org.activiti.engine.impl.history.DefaultHistoryManager  - Current history level: NONE, level required: FULL
10:48:04,951 [main] DEBUG org.activiti.engine.impl.history.DefaultHistoryManager  - Current history level: NONE, level required: ACTIVITY
10:48:04,951 [main] DEBUG org.activiti.engine.impl.history.DefaultHistoryManager  - Current history level: NONE, level required: FULL
10:48:04,951 [main] DEBUG org.activiti.engine.impl.history.DefaultHistoryManager  - Current history level: NONE, level required: ACTIVITY
10:48:04,951 [main] DEBUG org.activiti.engine.impl.history.DefaultHistoryManager  - Current history level: NONE, level required: FULL
10:48:04,951 [main] DEBUG org.activiti.engine.impl.history.DefaultHistoryManager  - Current history level: NONE, level required: ACTIVITY
10:48:04,951 [main] DEBUG org.activiti.engine.impl.history.DefaultHistoryManager  - Current history level: NONE, level required: FULL
10:48:04,951 [main] DEBUG org.activiti.engine.impl.history.DefaultHistoryManager  - Current history level: NONE, level required: ACTIVITY
10:48:04,951 [main] DEBUG org.activiti.engine.impl.history.DefaultHistoryManager  - Current history level: NONE, level required: FULL
10:48:04,951 [main] DEBUG org.activiti.engine.impl.history.DefaultHistoryManager  - Current history level: NONE, level required: ACTIVITY
10:48:04,951 [main] DEBUG org.activiti.engine.impl.history.DefaultHistoryManager  - Current history level: NONE, level required: FULL
10:48:04,951 [main] DEBUG org.activiti.engine.impl.history.DefaultHistoryManager  - Current history level: NONE, level required: ACTIVITY
10:48:04,951 [main] DEBUG org.activiti.engine.impl.history.DefaultHistoryManager  - Current history level: NONE, level required: FULL
10:48:04,951 [main] DEBUG org.activiti.engine.impl.history.DefaultHistoryManager  - Current history level: NONE, level required: ACTIVITY
10:48:04,951 [main] DEBUG org.activiti.engine.impl.history.DefaultHistoryManager  - Current history level: NONE, level required: FULL
10:48:04,951 [main] DEBUG org.activiti.engine.impl.history.DefaultHistoryManager  - Current history level: NONE, level required: ACTIVITY
10:48:04,951 [main] DEBUG org.activiti.engine.impl.history.DefaultHistoryManager  - Current history level: NONE, level required: FULL
10:48:04,951 [main] DEBUG org.activiti.engine.impl.history.DefaultHistoryManager  - Current history level: NONE, level required: ACTIVITY
10:48:04,951 [main] DEBUG org.activiti.engine.impl.history.DefaultHistoryManager  - Current history level: NONE, level required: FULL
10:48:04,951 [main] DEBUG org.activiti.engine.impl.history.DefaultHistoryManager  - Current history level: NONE, level required: ACTIVITY
10:48:04,951 [main] DEBUG org.activiti.engine.impl.history.DefaultHistoryManager  - Current history level: NONE, level required: FULL
10:48:04,951 [main] DEBUG org.activiti.engine.impl.history.DefaultHistoryManager  - Current history level: NONE, level required: ACTIVITY
10:48:04,951 [main] DEBUG org.activiti.engine.impl.history.DefaultHistoryManager  - Current history level: NONE, level required: FULL
10:48:04,951 [main] DEBUG org.activiti.engine.impl.history.DefaultHistoryManager  - Current history level: NONE, level required: ACTIVITY
10:48:04,951 [main] DEBUG org.activiti.engine.impl.history.DefaultHistoryManager  - Current history level: NONE, level required: FULL
10:48:04,951 [main] DEBUG org.activiti.engine.impl.history.DefaultHistoryManager  - Current history level: NONE, level required: ACTIVITY
10:48:04,951 [main] DEBUG org.activiti.engine.impl.history.DefaultHistoryManager  - Current history level: NONE, level required: FULL
10:48:04,951 [main] DEBUG org.activiti.engine.impl.history.DefaultHistoryManager  - Current history level: NONE, level required: ACTIVITY
10:48:04,951 [main] DEBUG org.activiti.engine.impl.history.DefaultHistoryManager  - Current history level: NONE, level required: FULL
10:48:04,951 [main] DEBUG org.activiti.engine.impl.history.DefaultHistoryManager  - Current history level: NONE, level required: ACTIVITY
10:48:04,951 [main] DEBUG org.activiti.engine.impl.history.DefaultHistoryManager  - Current history level: NONE, level required: FULL
10:48:04,951 [main] DEBUG org.activiti.engine.impl.history.DefaultHistoryManager  - Current history level: NONE, level required: ACTIVITY
10:48:04,951 [main] DEBUG org.activiti.engine.impl.history.DefaultHistoryManager  - Current history level: NONE, level required: FULL
10:48:04,951 [main] DEBUG org.activiti.engine.impl.history.DefaultHistoryManager  - Current history level: NONE, level required: ACTIVITY
10:48:04,951 [main] DEBUG org.activiti.engine.impl.history.DefaultHistoryManager  - Current history level: NONE, level required: FULL
10:48:04,951 [main] DEBUG org.activiti.engine.impl.history.DefaultHistoryManager  - Current history level: NONE, level required: ACTIVITY
10:48:04,951 [main] DEBUG org.activiti.engine.impl.history.DefaultHistoryManager  - Current history level: NONE, level required: FULL
10:48:04,951 [main] DEBUG org.activiti.engine.impl.history.DefaultHistoryManager  - Current history level: NONE, level required: ACTIVITY
10:48:04,952 [main] DEBUG org.activiti.engine.impl.history.DefaultHistoryManager  - Current history level: NONE, level required: FULL
10:48:04,952 [main] DEBUG org.activiti.engine.impl.history.DefaultHistoryManager  - Current history level: NONE, level required: ACTIVITY
10:48:04,952 [main] DEBUG org.activiti.engine.impl.history.DefaultHistoryManager  - Current history level: NONE, level required: FULL
10:48:04,952 [main] DEBUG org.activiti.engine.impl.history.DefaultHistoryManager  - Current history level: NONE, level required: ACTIVITY
10:48:04,952 [main] DEBUG org.activiti.engine.impl.history.DefaultHistoryManager  - Current history level: NONE, level required: FULL
10:48:04,952 [main] DEBUG org.activiti.engine.impl.history.DefaultHistoryManager  - Current history level: NONE, level required: ACTIVITY
10:48:04,952 [main] DEBUG org.activiti.engine.impl.history.DefaultHistoryManager  - Current history level: NONE, level required: FULL
10:48:04,952 [main] DEBUG org.activiti.engine.impl.history.DefaultHistoryManager  - Current history level: NONE, level required: ACTIVITY
10:48:04,952 [main] DEBUG org.activiti.engine.impl.history.DefaultHistoryManager  - Current history level: NONE, level required: FULL
10:48:04,952 [main] DEBUG org.activiti.engine.impl.history.DefaultHistoryManager  - Current history level: NONE, level required: ACTIVITY
10:48:04,952 [main] DEBUG org.activiti.engine.impl.history.DefaultHistoryManager  - Current history level: NONE, level required: FULL
10:48:04,952 [main] DEBUG org.activiti.engine.impl.history.DefaultHistoryManager  - Current history level: NONE, level required: ACTIVITY
10:48:04,952 [main] DEBUG org.activiti.engine.impl.history.DefaultHistoryManager  - Current history level: NONE, level required: FULL
10:48:04,952 [main] DEBUG org.activiti.engine.impl.history.DefaultHistoryManager  - Current history level: NONE, level required: ACTIVITY
10:48:04,952 [main] DEBUG org.activiti.engine.impl.history.DefaultHistoryManager  - Current history level: NONE, level required: FULL
10:48:04,952 [main] DEBUG org.activiti.engine.impl.history.DefaultHistoryManager  - Current history level: NONE, level required: ACTIVITY
10:48:04,952 [main] DEBUG org.activiti.engine.impl.history.DefaultHistoryManager  - Current history level: NONE, level required: FULL
10:48:04,952 [main] DEBUG org.activiti.engine.impl.history.DefaultHistoryManager  - Current history level: NONE, level required: ACTIVITY
10:48:04,952 [main] DEBUG org.activiti.engine.impl.history.DefaultHistoryManager  - Current history level: NONE, level required: FULL
10:48:04,952 [main] DEBUG org.activiti.engine.impl.history.DefaultHistoryManager  - Current history level: NONE, level required: ACTIVITY
10:48:04,952 [main] DEBUG org.activiti.engine.impl.history.DefaultHistoryManager  - Current history level: NONE, level required: FULL
10:48:04,952 [main] DEBUG org.activiti.engine.impl.history.DefaultHistoryManager  - Current history level: NONE, level required: ACTIVITY
10:48:04,952 [main] DEBUG org.activiti.engine.impl.history.DefaultHistoryManager  - Current history level: NONE, level required: FULL
10:48:04,952 [main] DEBUG org.activiti.engine.impl.history.DefaultHistoryManager  - Current history level: NONE, level required: ACTIVITY
10:48:04,952 [main] DEBUG org.activiti.engine.impl.history.DefaultHistoryManager  - Current history level: NONE, level required: FULL
10:48:04,952 [main] DEBUG org.activiti.engine.impl.history.DefaultHistoryManager  - Current history level: NONE, level required: ACTIVITY
10:48:04,952 [main] DEBUG org.activiti.engine.impl.history.DefaultHistoryManager  - Current history level: NONE, level required: FULL
10:48:04,952 [main] DEBUG org.activiti.engine.impl.history.DefaultHistoryManager  - Current history level: NONE, level required: ACTIVITY
10:48:04,952 [main] DEBUG org.activiti.engine.impl.history.DefaultHistoryManager  - Current history level: NONE, level required: FULL
10:48:04,952 [main] DEBUG org.activiti.engine.impl.history.DefaultHistoryManager  - Current history level: NONE, level required: ACTIVITY
10:48:04,953 [main] DEBUG org.activiti.engine.impl.history.DefaultHistoryManager  - Current history level: NONE, level required: FULL
10:48:04,953 [main] DEBUG org.activiti.engine.impl.history.DefaultHistoryManager  - Current history level: NONE, level required: ACTIVITY
10:48:04,953 [main] DEBUG org.activiti.engine.impl.history.DefaultHistoryManager  - Current history level: NONE, level required: FULL
10:48:04,953 [main] DEBUG org.activiti.engine.impl.history.DefaultHistoryManager  - Current history level: NONE, level required: ACTIVITY
10:48:04,953 [main] DEBUG org.activiti.engine.impl.history.DefaultHistoryManager  - Current history level: NONE, level required: FULL
10:48:04,953 [main] DEBUG org.activiti.engine.impl.history.DefaultHistoryManager  - Current history level: NONE, level required: ACTIVITY
10:48:04,953 [main] DEBUG org.activiti.engine.impl.history.DefaultHistoryManager  - Current history level: NONE, level required: FULL
10:48:04,953 [main] DEBUG org.activiti.engine.impl.history.DefaultHistoryManager  - Current history level: NONE, level required: ACTIVITY
10:48:04,953 [main] DEBUG org.activiti.engine.impl.history.DefaultHistoryManager  - Current history level: NONE, level required: FULL
10:48:04,953 [main] DEBUG org.activiti.engine.impl.history.DefaultHistoryManager  - Current history level: NONE, level required: ACTIVITY
10:48:04,953 [main] DEBUG org.activiti.engine.impl.history.DefaultHistoryManager  - Current history level: NONE, level required: FULL
10:48:04,953 [main] DEBUG org.activiti.engine.impl.history.DefaultHistoryManager  - Current history level: NONE, level required: ACTIVITY
10:48:04,953 [main] DEBUG org.activiti.engine.impl.history.DefaultHistoryManager  - Current history level: NONE, level required: FULL
10:48:04,953 [main] DEBUG org.activiti.engine.impl.history.DefaultHistoryManager  - Current history level: NONE, level required: ACTIVITY
10:48:04,953 [main] DEBUG org.activiti.engine.impl.history.DefaultHistoryManager  - Current history level: NONE, level required: FULL
10:48:04,953 [main] DEBUG org.activiti.engine.impl.history.DefaultHistoryManager  - Current history level: NONE, level required: ACTIVITY
10:48:04,953 [main] DEBUG org.activiti.engine.impl.history.DefaultHistoryManager  - Current history level: NONE, level required: FULL
10:48:04,953 [main] DEBUG org.activiti.engine.impl.history.DefaultHistoryManager  - Current history level: NONE, level required: ACTIVITY
10:48:04,953 [main] DEBUG org.activiti.engine.impl.history.DefaultHistoryManager  - Current history level: NONE, level required: FULL
10:48:04,953 [main] DEBUG org.activiti.engine.impl.history.DefaultHistoryManager  - Current history level: NONE, level required: ACTIVITY
10:48:04,953 [main] DEBUG org.activiti.engine.impl.history.DefaultHistoryManager  - Current history level: NONE, level required: FULL
10:48:04,953 [main] DEBUG org.activiti.engine.impl.history.DefaultHistoryManager  - Current history level: NONE, level required: ACTIVITY
10:48:04,953 [main] DEBUG org.activiti.engine.impl.history.DefaultHistoryManager  - Current history level: NONE, level required: FULL
10:48:04,953 [main] DEBUG org.activiti.engine.impl.history.DefaultHistoryManager  - Current history level: NONE, level required: ACTIVITY
10:48:04,953 [main] DEBUG org.activiti.engine.impl.history.DefaultHistoryManager  - Current history level: NONE, level required: FULL
10:48:04,953 [main] DEBUG org.activiti.engine.impl.history.DefaultHistoryManager  - Current history level: NONE, level required: ACTIVITY
10:48:04,953 [main] DEBUG org.activiti.engine.impl.history.DefaultHistoryManager  - Current history level: NONE, level required: FULL
10:48:04,953 [main] DEBUG org.activiti.engine.impl.history.DefaultHistoryManager  - Current history level: NONE, level required: ACTIVITY
10:48:04,953 [main] DEBUG org.activiti.engine.impl.history.DefaultHistoryManager  - Current history level: NONE, level required: FULL
10:48:04,953 [main] DEBUG org.activiti.engine.impl.history.DefaultHistoryManager  - Current history level: NONE, level required: ACTIVITY
10:48:04,953 [main] DEBUG org.activiti.engine.impl.history.DefaultHistoryManager  - Current history level: NONE, level required: FULL
10:48:04,954 [main] DEBUG org.activiti.engine.impl.history.DefaultHistoryManager  - Current history level: NONE, level required: ACTIVITY
10:48:04,954 [main] DEBUG org.activiti.engine.impl.history.DefaultHistoryManager  - Current history level: NONE, level required: FULL
10:48:04,954 [main] DEBUG org.activiti.engine.impl.history.DefaultHistoryManager  - Current history level: NONE, level required: ACTIVITY
10:48:04,954 [main] DEBUG org.activiti.engine.impl.history.DefaultHistoryManager  - Current history level: NONE, level required: FULL
10:48:04,954 [main] DEBUG org.activiti.engine.impl.history.DefaultHistoryManager  - Current history level: NONE, level required: ACTIVITY
10:48:04,954 [main] DEBUG org.activiti.engine.impl.history.DefaultHistoryManager  - Current history level: NONE, level required: FULL
10:48:04,954 [main] DEBUG org.activiti.engine.impl.history.DefaultHistoryManager  - Current history level: NONE, level required: ACTIVITY
10:48:04,954 [main] DEBUG org.activiti.engine.impl.history.DefaultHistoryManager  - Current history level: NONE, level required: FULL
10:48:04,954 [main] DEBUG org.activiti.engine.impl.history.DefaultHistoryManager  - Current history level: NONE, level required: ACTIVITY
10:48:04,954 [main] DEBUG org.activiti.engine.impl.history.DefaultHistoryManager  - Current history level: NONE, level required: FULL
10:48:04,954 [main] DEBUG org.activiti.engine.impl.history.DefaultHistoryManager  - Current history level: NONE, level required: ACTIVITY
10:48:04,954 [main] DEBUG org.activiti.engine.impl.history.DefaultHistoryManager  - Current history level: NONE, level required: FULL
10:48:04,954 [main] DEBUG org.activiti.engine.impl.history.DefaultHistoryManager  - Current history level: NONE, level required: ACTIVITY
10:48:04,954 [main] DEBUG org.activiti.engine.impl.history.DefaultHistoryManager  - Current history level: NONE, level required: FULL
10:48:04,954 [main] DEBUG org.activiti.engine.impl.history.DefaultHistoryManager  - Current history level: NONE, level required: ACTIVITY
10:48:04,954 [main] DEBUG org.activiti.engine.impl.history.DefaultHistoryManager  - Current history level: NONE, level required: FULL
10:48:04,954 [main] DEBUG org.activiti.engine.impl.history.DefaultHistoryManager  - Current history level: NONE, level required: ACTIVITY
10:48:04,954 [main] DEBUG org.activiti.engine.impl.history.DefaultHistoryManager  - Current history level: NONE, level required: FULL
10:48:04,954 [main] DEBUG org.activiti.engine.impl.history.DefaultHistoryManager  - Current history level: NONE, level required: ACTIVITY
10:48:04,954 [main] DEBUG org.activiti.engine.impl.history.DefaultHistoryManager  - Current history level: NONE, level required: FULL
10:48:04,954 [main] DEBUG org.activiti.engine.impl.history.DefaultHistoryManager  - Current history level: NONE, level required: ACTIVITY
10:48:04,954 [main] DEBUG org.activiti.engine.impl.history.DefaultHistoryManager  - Current history level: NONE, level required: FULL
10:48:04,954 [main] DEBUG org.activiti.engine.impl.history.DefaultHistoryManager  - Current history level: NONE, level required: ACTIVITY
10:48:04,954 [main] DEBUG org.activiti.engine.impl.history.DefaultHistoryManager  - Current history level: NONE, level required: FULL
10:48:04,954 [main] DEBUG org.activiti.engine.impl.history.DefaultHistoryManager  - Current history level: NONE, level required: ACTIVITY
10:48:04,954 [main] DEBUG org.activiti.engine.impl.history.DefaultHistoryManager  - Current history level: NONE, level required: FULL
10:48:04,954 [main] DEBUG org.activiti.engine.impl.history.DefaultHistoryManager  - Current history level: NONE, level required: ACTIVITY
10:48:04,954 [main] DEBUG org.activiti.engine.impl.history.DefaultHistoryManager  - Current history level: NONE, level required: FULL
10:48:04,954 [main] DEBUG org.activiti.engine.impl.history.DefaultHistoryManager  - Current history level: NONE, level required: ACTIVITY
10:48:04,954 [main] DEBUG org.activiti.engine.impl.history.DefaultHistoryManager  - Current history level: NONE, level required: FULL
10:48:04,954 [main] DEBUG org.activiti.engine.impl.history.DefaultHistoryManager  - Current history level: NONE, level required: ACTIVITY
10:48:04,955 [main] DEBUG org.activiti.engine.impl.history.DefaultHistoryManager  - Current history level: NONE, level required: FULL
10:48:04,955 [main] DEBUG org.activiti.engine.impl.history.DefaultHistoryManager  - Current history level: NONE, level required: ACTIVITY
10:48:04,955 [main] DEBUG org.activiti.engine.impl.history.DefaultHistoryManager  - Current history level: NONE, level required: FULL
10:48:04,955 [main] DEBUG org.activiti.engine.impl.history.DefaultHistoryManager  - Current history level: NONE, level required: ACTIVITY
10:48:04,955 [main] DEBUG org.activiti.engine.impl.history.DefaultHistoryManager  - Current history level: NONE, level required: FULL
10:48:04,955 [main] DEBUG org.activiti.engine.impl.history.DefaultHistoryManager  - Current history level: NONE, level required: ACTIVITY
10:48:04,955 [main] DEBUG org.activiti.engine.impl.history.DefaultHistoryManager  - Current history level: NONE, level required: FULL
10:48:04,955 [main] DEBUG org.activiti.engine.impl.history.DefaultHistoryManager  - Current history level: NONE, level required: ACTIVITY
10:48:04,955 [main] DEBUG org.activiti.engine.impl.history.DefaultHistoryManager  - Current history level: NONE, level required: FULL
10:48:04,955 [main] DEBUG org.activiti.engine.impl.history.DefaultHistoryManager  - Current history level: NONE, level required: ACTIVITY
10:48:04,955 [main] DEBUG org.activiti.engine.impl.history.DefaultHistoryManager  - Current history level: NONE, level required: FULL
10:48:04,955 [main] DEBUG org.activiti.engine.impl.history.DefaultHistoryManager  - Current history level: NONE, level required: ACTIVITY
10:48:04,955 [main] DEBUG org.activiti.engine.impl.history.DefaultHistoryManager  - Current history level: NONE, level required: FULL
10:48:04,955 [main] DEBUG org.activiti.engine.impl.history.DefaultHistoryManager  - Current history level: NONE, level required: ACTIVITY
10:48:04,955 [main] DEBUG org.activiti.engine.impl.history.DefaultHistoryManager  - Current history level: NONE, level required: FULL
10:48:04,955 [main] DEBUG org.activiti.engine.impl.history.DefaultHistoryManager  - Current history level: NONE, level required: ACTIVITY
10:48:04,955 [main] DEBUG org.activiti.engine.impl.history.DefaultHistoryManager  - Current history level: NONE, level required: FULL
10:48:04,955 [main] DEBUG org.activiti.engine.impl.history.DefaultHistoryManager  - Current history level: NONE, level required: ACTIVITY
10:48:04,955 [main] DEBUG org.activiti.engine.impl.history.DefaultHistoryManager  - Current history level: NONE, level required: FULL
10:48:04,955 [main] DEBUG org.activiti.engine.impl.history.DefaultHistoryManager  - Current history level: NONE, level required: ACTIVITY
10:48:04,955 [main] DEBUG org.activiti.engine.impl.history.DefaultHistoryManager  - Current history level: NONE, level required: FULL
10:48:04,955 [main] DEBUG org.activiti.engine.impl.history.DefaultHistoryManager  - Current history level: NONE, level required: ACTIVITY
10:48:04,955 [main] DEBUG org.activiti.engine.impl.history.DefaultHistoryManager  - Current history level: NONE, level required: FULL
10:48:04,955 [main] DEBUG org.activiti.engine.impl.history.DefaultHistoryManager  - Current history level: NONE, level required: ACTIVITY
10:48:04,955 [main] DEBUG org.activiti.engine.impl.history.DefaultHistoryManager  - Current history level: NONE, level required: FULL
10:48:04,955 [main] DEBUG org.activiti.engine.impl.history.DefaultHistoryManager  - Current history level: NONE, level required: ACTIVITY
10:48:04,955 [main] DEBUG org.activiti.engine.impl.history.DefaultHistoryManager  - Current history level: NONE, level required: FULL
10:48:04,955 [main] DEBUG org.activiti.engine.impl.history.DefaultHistoryManager  - Current history level: NONE, level required: ACTIVITY
10:48:04,955 [main] DEBUG org.activiti.engine.impl.history.DefaultHistoryManager  - Current history level: NONE, level required: FULL
10:48:04,955 [main] DEBUG org.activiti.engine.impl.history.DefaultHistoryManager  - Current history level: NONE, level required: ACTIVITY
10:48:04,955 [main] DEBUG org.activiti.engine.impl.history.DefaultHistoryManager  - Current history level: NONE, level required: FULL
10:48:04,956 [main] DEBUG org.activiti.engine.impl.history.DefaultHistoryManager  - Current history level: NONE, level required: ACTIVITY
10:48:04,956 [main] DEBUG org.activiti.engine.impl.history.DefaultHistoryManager  - Current history level: NONE, level required: FULL
10:48:04,956 [main] DEBUG org.activiti.engine.impl.history.DefaultHistoryManager  - Current history level: NONE, level required: ACTIVITY
10:48:04,956 [main] DEBUG org.activiti.engine.impl.history.DefaultHistoryManager  - Current history level: NONE, level required: FULL
10:48:04,956 [main] DEBUG org.activiti.engine.impl.history.DefaultHistoryManager  - Current history level: NONE, level required: ACTIVITY
10:48:04,956 [main] DEBUG org.activiti.engine.impl.history.DefaultHistoryManager  - Current history level: NONE, level required: FULL
10:48:04,956 [main] DEBUG org.activiti.engine.impl.history.DefaultHistoryManager  - Current history level: NONE, level required: ACTIVITY
10:48:04,956 [main] DEBUG org.activiti.engine.impl.history.DefaultHistoryManager  - Current history level: NONE, level required: FULL
10:48:04,956 [main] DEBUG org.activiti.engine.impl.history.DefaultHistoryManager  - Current history level: NONE, level required: ACTIVITY
10:48:04,956 [main] DEBUG org.activiti.engine.impl.history.DefaultHistoryManager  - Current history level: NONE, level required: FULL
10:48:04,956 [main] DEBUG org.activiti.engine.impl.history.DefaultHistoryManager  - Current history level: NONE, level required: ACTIVITY
10:48:04,956 [main] DEBUG org.activiti.engine.impl.history.DefaultHistoryManager  - Current history level: NONE, level required: FULL
10:48:04,956 [main] DEBUG org.activiti.engine.impl.history.DefaultHistoryManager  - Current history level: NONE, level required: ACTIVITY
10:48:04,956 [main] DEBUG org.activiti.engine.impl.history.DefaultHistoryManager  - Current history level: NONE, level required: FULL
10:48:04,956 [main] DEBUG org.activiti.engine.impl.history.DefaultHistoryManager  - Current history level: NONE, level required: ACTIVITY
10:48:04,956 [main] DEBUG org.activiti.engine.impl.history.DefaultHistoryManager  - Current history level: NONE, level required: FULL
10:48:04,956 [main] DEBUG org.activiti.engine.impl.history.DefaultHistoryManager  - Current history level: NONE, level required: ACTIVITY
10:48:04,956 [main] DEBUG org.activiti.engine.impl.history.DefaultHistoryManager  - Current history level: NONE, level required: FULL
10:48:04,956 [main] DEBUG org.activiti.engine.impl.history.DefaultHistoryManager  - Current history level: NONE, level required: ACTIVITY
10:48:04,956 [main] DEBUG org.activiti.engine.impl.history.DefaultHistoryManager  - Current history level: NONE, level required: FULL
10:48:04,956 [main] DEBUG org.activiti.engine.impl.history.DefaultHistoryManager  - Current history level: NONE, level required: ACTIVITY
10:48:04,956 [main] DEBUG org.activiti.engine.impl.history.DefaultHistoryManager  - Current history level: NONE, level required: FULL
10:48:04,956 [main] DEBUG org.activiti.engine.impl.history.DefaultHistoryManager  - Current history level: NONE, level required: ACTIVITY
10:48:04,956 [main] DEBUG org.activiti.engine.impl.history.DefaultHistoryManager  - Current history level: NONE, level required: FULL
10:48:04,956 [main] DEBUG org.activiti.engine.impl.history.DefaultHistoryManager  - Current history level: NONE, level required: ACTIVITY
10:48:04,956 [main] DEBUG org.activiti.engine.impl.history.DefaultHistoryManager  - Current history level: NONE, level required: FULL
10:48:04,956 [main] DEBUG org.activiti.engine.impl.history.DefaultHistoryManager  - Current history level: NONE, level required: ACTIVITY
10:48:04,956 [main] DEBUG org.activiti.engine.impl.history.DefaultHistoryManager  - Current history level: NONE, level required: FULL
10:48:04,956 [main] DEBUG org.activiti.engine.impl.history.DefaultHistoryManager  - Current history level: NONE, level required: ACTIVITY
10:48:04,956 [main] DEBUG org.activiti.engine.impl.history.DefaultHistoryManager  - Current history level: NONE, level required: FULL
10:48:04,956 [main] DEBUG org.activiti.engine.impl.history.DefaultHistoryManager  - Current history level: NONE, level required: ACTIVITY
10:48:04,957 [main] DEBUG org.activiti.engine.impl.history.DefaultHistoryManager  - Current history level: NONE, level required: FULL
10:48:04,957 [main] DEBUG org.activiti.engine.impl.history.DefaultHistoryManager  - Current history level: NONE, level required: ACTIVITY
10:48:04,957 [main] DEBUG org.activiti.engine.impl.history.DefaultHistoryManager  - Current history level: NONE, level required: FULL
10:48:04,957 [main] DEBUG org.activiti.engine.impl.history.DefaultHistoryManager  - Current history level: NONE, level required: ACTIVITY
10:48:04,957 [main] DEBUG org.activiti.engine.impl.history.DefaultHistoryManager  - Current history level: NONE, level required: FULL
10:48:04,957 [main] DEBUG org.activiti.engine.impl.history.DefaultHistoryManager  - Current history level: NONE, level required: ACTIVITY
10:48:04,957 [main] DEBUG org.activiti.engine.impl.history.DefaultHistoryManager  - Current history level: NONE, level required: FULL
10:48:04,957 [main] DEBUG org.activiti.engine.impl.history.DefaultHistoryManager  - Current history level: NONE, level required: ACTIVITY
10:48:04,957 [main] DEBUG org.activiti.engine.impl.history.DefaultHistoryManager  - Current history level: NONE, level required: FULL
10:48:04,957 [main] DEBUG org.activiti.engine.impl.history.DefaultHistoryManager  - Current history level: NONE, level required: ACTIVITY
10:48:04,957 [main] DEBUG org.activiti.engine.impl.history.DefaultHistoryManager  - Current history level: NONE, level required: FULL
10:48:04,957 [main] DEBUG org.activiti.engine.impl.history.DefaultHistoryManager  - Current history level: NONE, level required: ACTIVITY
10:48:04,957 [main] DEBUG org.activiti.engine.impl.history.DefaultHistoryManager  - Current history level: NONE, level required: FULL
10:48:04,957 [main] DEBUG org.activiti.engine.impl.history.DefaultHistoryManager  - Current history level: NONE, level required: ACTIVITY
10:48:04,957 [main] DEBUG org.activiti.engine.impl.history.DefaultHistoryManager  - Current history level: NONE, level required: FULL
10:48:04,957 [main] DEBUG org.activiti.engine.impl.history.DefaultHistoryManager  - Current history level: NONE, level required: ACTIVITY
10:48:04,957 [main] DEBUG org.activiti.engine.impl.history.DefaultHistoryManager  - Current history level: NONE, level required: FULL
10:48:04,957 [main] DEBUG org.activiti.engine.impl.history.DefaultHistoryManager  - Current history level: NONE, level required: ACTIVITY
10:48:04,957 [main] DEBUG org.activiti.engine.impl.history.DefaultHistoryManager  - Current history level: NONE, level required: FULL
10:48:04,957 [main] DEBUG org.activiti.engine.impl.history.DefaultHistoryManager  - Current history level: NONE, level required: ACTIVITY
10:48:04,957 [main] DEBUG org.activiti.engine.impl.history.DefaultHistoryManager  - Current history level: NONE, level required: FULL
10:48:04,957 [main] DEBUG org.activiti.engine.impl.history.DefaultHistoryManager  - Current history level: NONE, level required: ACTIVITY
10:48:04,957 [main] DEBUG org.activiti.engine.impl.history.DefaultHistoryManager  - Current history level: NONE, level required: FULL
10:48:04,957 [main] DEBUG org.activiti.engine.impl.history.DefaultHistoryManager  - Current history level: NONE, level required: ACTIVITY
10:48:04,957 [main] DEBUG org.activiti.engine.impl.history.DefaultHistoryManager  - Current history level: NONE, level required: FULL
10:48:04,957 [main] DEBUG org.activiti.engine.impl.history.DefaultHistoryManager  - Current history level: NONE, level required: ACTIVITY
10:48:04,957 [main] DEBUG org.activiti.engine.impl.history.DefaultHistoryManager  - Current history level: NONE, level required: FULL
10:48:04,957 [main] DEBUG org.activiti.engine.impl.history.DefaultHistoryManager  - Current history level: NONE, level required: ACTIVITY
10:48:04,957 [main] DEBUG org.activiti.engine.impl.history.DefaultHistoryManager  - Current history level: NONE, level required: FULL
10:48:04,957 [main] DEBUG org.activiti.engine.impl.history.DefaultHistoryManager  - Current history level: NONE, level required: ACTIVITY
10:48:04,957 [main] DEBUG org.activiti.engine.impl.history.DefaultHistoryManager  - Current history level: NONE, level required: FULL
10:48:04,958 [main] DEBUG org.activiti.engine.impl.history.DefaultHistoryManager  - Current history level: NONE, level required: ACTIVITY
10:48:04,958 [main] DEBUG org.activiti.engine.impl.history.DefaultHistoryManager  - Current history level: NONE, level required: FULL
10:48:04,958 [main] DEBUG org.activiti.engine.impl.history.DefaultHistoryManager  - Current history level: NONE, level required: ACTIVITY
10:48:04,958 [main] DEBUG org.activiti.engine.impl.history.DefaultHistoryManager  - Current history level: NONE, level required: FULL
10:48:04,958 [main] DEBUG org.activiti.engine.impl.history.DefaultHistoryManager  - Current history level: NONE, level required: ACTIVITY
10:48:04,958 [main] DEBUG org.activiti.engine.impl.history.DefaultHistoryManager  - Current history level: NONE, level required: FULL
10:48:04,958 [main] DEBUG org.activiti.engine.impl.history.DefaultHistoryManager  - Current history level: NONE, level required: ACTIVITY
10:48:04,958 [main] DEBUG org.activiti.engine.impl.history.DefaultHistoryManager  - Current history level: NONE, level required: FULL
10:48:04,958 [main] DEBUG org.activiti.engine.impl.history.DefaultHistoryManager  - Current history level: NONE, level required: ACTIVITY
10:48:04,958 [main] DEBUG org.activiti.engine.impl.history.DefaultHistoryManager  - Current history level: NONE, level required: FULL
10:48:04,958 [main] DEBUG org.activiti.engine.impl.history.DefaultHistoryManager  - Current history level: NONE, level required: ACTIVITY
10:48:04,958 [main] DEBUG org.activiti.engine.impl.history.DefaultHistoryManager  - Current history level: NONE, level required: FULL
10:48:04,958 [main] DEBUG org.activiti.engine.impl.history.DefaultHistoryManager  - Current history level: NONE, level required: ACTIVITY
10:48:04,958 [main] DEBUG org.activiti.engine.impl.history.DefaultHistoryManager  - Current history level: NONE, level required: FULL
10:48:04,958 [main] DEBUG org.activiti.engine.impl.history.DefaultHistoryManager  - Current history level: NONE, level required: ACTIVITY
10:48:04,958 [main] DEBUG org.activiti.engine.impl.history.DefaultHistoryManager  - Current history level: NONE, level required: FULL
10:48:04,958 [main] DEBUG org.activiti.engine.impl.history.DefaultHistoryManager  - Current history level: NONE, level required: ACTIVITY
10:48:04,958 [main] DEBUG org.activiti.engine.impl.history.DefaultHistoryManager  - Current history level: NONE, level required: FULL
10:48:04,958 [main] DEBUG org.activiti.engine.impl.history.DefaultHistoryManager  - Current history level: NONE, level required: ACTIVITY
10:48:04,958 [main] DEBUG org.activiti.engine.impl.history.DefaultHistoryManager  - Current history level: NONE, level required: FULL
10:48:04,958 [main] DEBUG org.activiti.engine.impl.history.DefaultHistoryManager  - Current history level: NONE, level required: ACTIVITY
10:48:04,958 [main] DEBUG org.activiti.engine.impl.history.DefaultHistoryManager  - Current history level: NONE, level required: FULL
10:48:04,958 [main] DEBUG org.activiti.engine.impl.history.DefaultHistoryManager  - Current history level: NONE, level required: ACTIVITY
10:48:04,958 [main] DEBUG org.activiti.engine.impl.history.DefaultHistoryManager  - Current history level: NONE, level required: FULL
10:48:04,958 [main] DEBUG org.activiti.engine.impl.history.DefaultHistoryManager  - Current history level: NONE, level required: ACTIVITY
10:48:04,958 [main] DEBUG org.activiti.engine.impl.history.DefaultHistoryManager  - Current history level: NONE, level required: FULL
10:48:04,958 [main] DEBUG org.activiti.engine.impl.history.DefaultHistoryManager  - Current history level: NONE, level required: ACTIVITY
10:48:04,958 [main] DEBUG org.activiti.engine.impl.history.DefaultHistoryManager  - Current history level: NONE, level required: FULL
10:48:04,958 [main] DEBUG org.activiti.engine.impl.history.DefaultHistoryManager  - Current history level: NONE, level required: ACTIVITY
10:48:04,958 [main] DEBUG org.activiti.engine.impl.history.DefaultHistoryManager  - Current history level: NONE, level required: FULL
10:48:04,958 [main] DEBUG org.activiti.engine.impl.history.DefaultHistoryManager  - Current history level: NONE, level required: ACTIVITY
10:48:04,959 [main] DEBUG org.activiti.engine.impl.history.DefaultHistoryManager  - Current history level: NONE, level required: FULL
10:48:04,959 [main] DEBUG org.activiti.engine.impl.history.DefaultHistoryManager  - Current history level: NONE, level required: ACTIVITY
10:48:04,959 [main] DEBUG org.activiti.engine.impl.history.DefaultHistoryManager  - Current history level: NONE, level required: FULL
10:48:04,959 [main] DEBUG org.activiti.engine.impl.history.DefaultHistoryManager  - Current history level: NONE, level required: ACTIVITY
10:48:04,959 [main] DEBUG org.activiti.engine.impl.history.DefaultHistoryManager  - Current history level: NONE, level required: FULL
10:48:04,959 [main] DEBUG org.activiti.engine.impl.history.DefaultHistoryManager  - Current history level: NONE, level required: ACTIVITY
10:48:04,959 [main] DEBUG org.activiti.engine.impl.history.DefaultHistoryManager  - Current history level: NONE, level required: FULL
10:48:04,959 [main] DEBUG org.activiti.engine.impl.history.DefaultHistoryManager  - Current history level: NONE, level required: ACTIVITY
10:48:04,959 [main] DEBUG org.activiti.engine.impl.history.DefaultHistoryManager  - Current history level: NONE, level required: FULL
10:48:04,959 [main] DEBUG org.activiti.engine.impl.history.DefaultHistoryManager  - Current history level: NONE, level required: ACTIVITY
10:48:04,959 [main] DEBUG org.activiti.engine.impl.history.DefaultHistoryManager  - Current history level: NONE, level required: FULL
10:48:04,959 [main] DEBUG org.activiti.engine.impl.history.DefaultHistoryManager  - Current history level: NONE, level required: ACTIVITY
10:48:04,959 [main] DEBUG org.activiti.engine.impl.history.DefaultHistoryManager  - Current history level: NONE, level required: FULL
10:48:04,959 [main] DEBUG org.activiti.engine.impl.history.DefaultHistoryManager  - Current history level: NONE, level required: ACTIVITY
10:48:04,959 [main] DEBUG org.activiti.engine.impl.history.DefaultHistoryManager  - Current history level: NONE, level required: FULL
10:48:04,959 [main] DEBUG org.activiti.engine.impl.history.DefaultHistoryManager  - Current history level: NONE, level required: ACTIVITY
10:48:04,959 [main] DEBUG org.activiti.engine.impl.history.DefaultHistoryManager  - Current history level: NONE, level required: FULL
10:48:04,959 [main] DEBUG org.activiti.engine.impl.history.DefaultHistoryManager  - Current history level: NONE, level required: ACTIVITY
10:48:04,959 [main] DEBUG org.activiti.engine.impl.history.DefaultHistoryManager  - Current history level: NONE, level required: FULL
10:48:04,959 [main] DEBUG org.activiti.engine.impl.history.DefaultHistoryManager  - Current history level: NONE, level required: ACTIVITY
10:48:04,959 [main] DEBUG org.activiti.engine.impl.history.DefaultHistoryManager  - Current history level: NONE, level required: FULL
10:48:04,959 [main] DEBUG org.activiti.engine.impl.history.DefaultHistoryManager  - Current history level: NONE, level required: ACTIVITY
10:48:04,959 [main] DEBUG org.activiti.engine.impl.history.DefaultHistoryManager  - Current history level: NONE, level required: FULL
10:48:04,959 [main] DEBUG org.activiti.engine.impl.history.DefaultHistoryManager  - Current history level: NONE, level required: ACTIVITY
10:48:04,959 [main] DEBUG org.activiti.engine.impl.history.DefaultHistoryManager  - Current history level: NONE, level required: FULL
10:48:04,959 [main] DEBUG org.activiti.engine.impl.history.DefaultHistoryManager  - Current history level: NONE, level required: ACTIVITY
10:48:04,959 [main] DEBUG org.activiti.engine.impl.history.DefaultHistoryManager  - Current history level: NONE, level required: FULL
10:48:04,959 [main] DEBUG org.activiti.engine.impl.history.DefaultHistoryManager  - Current history level: NONE, level required: ACTIVITY
10:48:04,959 [main] DEBUG org.activiti.engine.impl.history.DefaultHistoryManager  - Current history level: NONE, level required: FULL
10:48:04,959 [main] DEBUG org.activiti.engine.impl.history.DefaultHistoryManager  - Current history level: NONE, level required: ACTIVITY
10:48:04,960 [main] DEBUG org.activiti.engine.impl.history.DefaultHistoryManager  - Current history level: NONE, level required: FULL
10:48:04,960 [main] DEBUG org.activiti.engine.impl.history.DefaultHistoryManager  - Current history level: NONE, level required: ACTIVITY
10:48:04,960 [main] DEBUG org.activiti.engine.impl.history.DefaultHistoryManager  - Current history level: NONE, level required: FULL
10:48:04,960 [main] DEBUG org.activiti.engine.impl.history.DefaultHistoryManager  - Current history level: NONE, level required: ACTIVITY
10:48:04,960 [main] DEBUG org.activiti.engine.impl.history.DefaultHistoryManager  - Current history level: NONE, level required: FULL
10:48:04,960 [main] DEBUG org.activiti.engine.impl.history.DefaultHistoryManager  - Current history level: NONE, level required: ACTIVITY
10:48:04,960 [main] DEBUG org.activiti.engine.impl.history.DefaultHistoryManager  - Current history level: NONE, level required: FULL
10:48:04,960 [main] DEBUG org.activiti.engine.impl.history.DefaultHistoryManager  - Current history level: NONE, level required: ACTIVITY
10:48:04,960 [main] DEBUG org.activiti.engine.impl.history.DefaultHistoryManager  - Current history level: NONE, level required: FULL
10:48:04,960 [main] DEBUG org.activiti.engine.impl.history.DefaultHistoryManager  - Current history level: NONE, level required: ACTIVITY
10:48:04,960 [main] DEBUG org.activiti.engine.impl.history.DefaultHistoryManager  - Current history level: NONE, level required: FULL
10:48:04,960 [main] DEBUG org.activiti.engine.impl.history.DefaultHistoryManager  - Current history level: NONE, level required: ACTIVITY
10:48:04,960 [main] DEBUG org.activiti.engine.impl.history.DefaultHistoryManager  - Current history level: NONE, level required: FULL
10:48:04,960 [main] DEBUG org.activiti.engine.impl.history.DefaultHistoryManager  - Current history level: NONE, level required: ACTIVITY
10:48:04,960 [main] DEBUG org.activiti.engine.impl.history.DefaultHistoryManager  - Current history level: NONE, level required: FULL
10:48:04,960 [main] DEBUG org.activiti.engine.impl.history.DefaultHistoryManager  - Current history level: NONE, level required: ACTIVITY
10:48:04,960 [main] DEBUG org.activiti.engine.impl.history.DefaultHistoryManager  - Current history level: NONE, level required: FULL
10:48:04,960 [main] DEBUG org.activiti.engine.impl.history.DefaultHistoryManager  - Current history level: NONE, level required: ACTIVITY
10:48:04,960 [main] DEBUG org.activiti.engine.impl.history.DefaultHistoryManager  - Current history level: NONE, level required: FULL
10:48:04,960 [main] DEBUG org.activiti.engine.impl.history.DefaultHistoryManager  - Current history level: NONE, level required: ACTIVITY
10:48:04,960 [main] DEBUG org.activiti.engine.impl.history.DefaultHistoryManager  - Current history level: NONE, level required: FULL
10:48:04,960 [main] DEBUG org.activiti.engine.impl.history.DefaultHistoryManager  - Current history level: NONE, level required: ACTIVITY
10:48:04,960 [main] DEBUG org.activiti.engine.impl.history.DefaultHistoryManager  - Current history level: NONE, level required: FULL
10:48:04,960 [main] DEBUG org.activiti.engine.impl.history.DefaultHistoryManager  - Current history level: NONE, level required: ACTIVITY
10:48:04,960 [main] DEBUG org.activiti.engine.impl.history.DefaultHistoryManager  - Current history level: NONE, level required: FULL
10:48:04,960 [main] DEBUG org.activiti.engine.impl.history.DefaultHistoryManager  - Current history level: NONE, level required: ACTIVITY
10:48:04,960 [main] DEBUG org.activiti.engine.impl.history.DefaultHistoryManager  - Current history level: NONE, level required: FULL
10:48:04,960 [main] DEBUG org.activiti.engine.impl.history.DefaultHistoryManager  - Current history level: NONE, level required: ACTIVITY
10:48:04,960 [main] DEBUG org.activiti.engine.impl.history.DefaultHistoryManager  - Current history level: NONE, level required: FULL
10:48:04,960 [main] DEBUG org.activiti.engine.impl.history.DefaultHistoryManager  - Current history level: NONE, level required: ACTIVITY
10:48:04,960 [main] DEBUG org.activiti.engine.impl.history.DefaultHistoryManager  - Current history level: NONE, level required: FULL
10:48:04,961 [main] DEBUG org.activiti.engine.impl.history.DefaultHistoryManager  - Current history level: NONE, level required: ACTIVITY
10:48:04,961 [main] DEBUG org.activiti.engine.impl.history.DefaultHistoryManager  - Current history level: NONE, level required: FULL
10:48:04,961 [main] DEBUG org.activiti.engine.impl.history.DefaultHistoryManager  - Current history level: NONE, level required: ACTIVITY
10:48:04,961 [main] DEBUG org.activiti.engine.impl.history.DefaultHistoryManager  - Current history level: NONE, level required: FULL
10:48:04,961 [main] DEBUG org.activiti.engine.impl.history.DefaultHistoryManager  - Current history level: NONE, level required: ACTIVITY
10:48:04,961 [main] DEBUG org.activiti.engine.impl.history.DefaultHistoryManager  - Current history level: NONE, level required: FULL
10:48:04,961 [main] DEBUG org.activiti.engine.impl.history.DefaultHistoryManager  - Current history level: NONE, level required: ACTIVITY
10:48:04,961 [main] DEBUG org.activiti.engine.impl.history.DefaultHistoryManager  - Current history level: NONE, level required: FULL
10:48:04,961 [main] DEBUG org.activiti.engine.impl.history.DefaultHistoryManager  - Current history level: NONE, level required: ACTIVITY
10:48:04,961 [main] DEBUG org.activiti.engine.impl.history.DefaultHistoryManager  - Current history level: NONE, level required: FULL
10:48:04,961 [main] DEBUG org.activiti.engine.impl.history.DefaultHistoryManager  - Current history level: NONE, level required: ACTIVITY
10:48:04,961 [main] DEBUG org.activiti.engine.impl.history.DefaultHistoryManager  - Current history level: NONE, level required: FULL
10:48:04,961 [main] DEBUG org.activiti.engine.impl.history.DefaultHistoryManager  - Current history level: NONE, level required: ACTIVITY
10:48:04,961 [main] DEBUG org.activiti.engine.impl.history.DefaultHistoryManager  - Current history level: NONE, level required: FULL
10:48:04,961 [main] DEBUG org.activiti.engine.impl.history.DefaultHistoryManager  - Current history level: NONE, level required: ACTIVITY
10:48:04,961 [main] DEBUG org.activiti.engine.impl.history.DefaultHistoryManager  - Current history level: NONE, level required: FULL
10:48:04,961 [main] DEBUG org.activiti.engine.impl.history.DefaultHistoryManager  - Current history level: NONE, level required: ACTIVITY
10:48:04,961 [main] DEBUG org.activiti.engine.impl.history.DefaultHistoryManager  - Current history level: NONE, level required: FULL
10:48:04,961 [main] DEBUG org.activiti.engine.impl.history.DefaultHistoryManager  - Current history level: NONE, level required: ACTIVITY
10:48:04,961 [main] DEBUG org.activiti.engine.impl.history.DefaultHistoryManager  - Current history level: NONE, level required: FULL
10:48:04,961 [main] DEBUG org.activiti.engine.impl.history.DefaultHistoryManager  - Current history level: NONE, level required: ACTIVITY
10:48:04,962 [main] DEBUG org.activiti.engine.impl.history.DefaultHistoryManager  - Current history level: NONE, level required: FULL
10:48:04,962 [main] DEBUG org.activiti.engine.impl.history.DefaultHistoryManager  - Current history level: NONE, level required: ACTIVITY
10:48:04,963 [main] DEBUG org.activiti.engine.impl.history.DefaultHistoryManager  - Current history level: NONE, level required: FULL
10:48:04,963 [main] DEBUG org.activiti.engine.impl.history.DefaultHistoryManager  - Current history level: NONE, level required: ACTIVITY
10:48:04,963 [main] DEBUG org.activiti.engine.impl.history.DefaultHistoryManager  - Current history level: NONE, level required: FULL
10:48:04,963 [main] DEBUG org.activiti.engine.impl.history.DefaultHistoryManager  - Current history level: NONE, level required: ACTIVITY
10:48:04,963 [main] DEBUG org.activiti.engine.impl.history.DefaultHistoryManager  - Current history level: NONE, level required: FULL
10:48:04,963 [main] DEBUG org.activiti.engine.impl.history.DefaultHistoryManager  - Current history level: NONE, level required: ACTIVITY
10:48:04,963 [main] DEBUG org.activiti.engine.impl.history.DefaultHistoryManager  - Current history level: NONE, level required: FULL
10:48:04,963 [main] DEBUG org.activiti.engine.impl.history.DefaultHistoryManager  - Current history level: NONE, level required: ACTIVITY
10:48:04,963 [main] DEBUG org.activiti.engine.impl.history.DefaultHistoryManager  - Current history level: NONE, level required: FULL
10:48:04,963 [main] DEBUG org.activiti.engine.impl.history.DefaultHistoryManager  - Current history level: NONE, level required: ACTIVITY
10:48:04,963 [main] DEBUG org.activiti.engine.impl.history.DefaultHistoryManager  - Current history level: NONE, level required: FULL
10:48:04,964 [main] DEBUG org.activiti.engine.impl.history.DefaultHistoryManager  - Current history level: NONE, level required: ACTIVITY
10:48:04,964 [main] DEBUG org.activiti.engine.impl.history.DefaultHistoryManager  - Current history level: NONE, level required: FULL
10:48:04,964 [main] DEBUG org.activiti.engine.impl.history.DefaultHistoryManager  - Current history level: NONE, level required: ACTIVITY
10:48:04,964 [main] DEBUG org.activiti.engine.impl.history.DefaultHistoryManager  - Current history level: NONE, level required: FULL
10:48:04,964 [main] DEBUG org.activiti.engine.impl.history.DefaultHistoryManager  - Current history level: NONE, level required: ACTIVITY
10:48:04,964 [main] DEBUG org.activiti.engine.impl.history.DefaultHistoryManager  - Current history level: NONE, level required: FULL
10:48:04,964 [main] DEBUG org.activiti.engine.impl.history.DefaultHistoryManager  - Current history level: NONE, level required: ACTIVITY
10:48:04,964 [main] DEBUG org.activiti.engine.impl.history.DefaultHistoryManager  - Current history level: NONE, level required: FULL
10:48:04,964 [main] DEBUG org.activiti.engine.impl.history.DefaultHistoryManager  - Current history level: NONE, level required: ACTIVITY
10:48:04,964 [main] DEBUG org.activiti.engine.impl.history.DefaultHistoryManager  - Current history level: NONE, level required: FULL
10:48:04,965 [main] DEBUG org.activiti.engine.impl.history.DefaultHistoryManager  - Current history level: NONE, level required: ACTIVITY
10:48:04,965 [main] DEBUG org.activiti.engine.impl.history.DefaultHistoryManager  - Current history level: NONE, level required: FULL
10:48:04,965 [main] DEBUG org.activiti.engine.impl.history.DefaultHistoryManager  - Current history level: NONE, level required: ACTIVITY
10:48:04,965 [main] DEBUG org.activiti.engine.impl.history.DefaultHistoryManager  - Current history level: NONE, level required: FULL
10:48:04,965 [main] DEBUG org.activiti.engine.impl.history.DefaultHistoryManager  - Current history level: NONE, level required: ACTIVITY
10:48:04,965 [main] DEBUG org.activiti.engine.impl.history.DefaultHistoryManager  - Current history level: NONE, level required: FULL
10:48:04,965 [main] DEBUG org.activiti.engine.impl.history.DefaultHistoryManager  - Current history level: NONE, level required: ACTIVITY
10:48:04,965 [main] DEBUG org.activiti.engine.impl.history.DefaultHistoryManager  - Current history level: NONE, level required: FULL
10:48:04,965 [main] DEBUG org.activiti.engine.impl.history.DefaultHistoryManager  - Current history level: NONE, level required: ACTIVITY
10:48:04,965 [main] DEBUG org.activiti.engine.impl.history.DefaultHistoryManager  - Current history level: NONE, level required: FULL
10:48:04,965 [main] DEBUG org.activiti.engine.impl.history.DefaultHistoryManager  - Current history level: NONE, level required: ACTIVITY
10:48:04,965 [main] DEBUG org.activiti.engine.impl.history.DefaultHistoryManager  - Current history level: NONE, level required: FULL
10:48:04,965 [main] DEBUG org.activiti.engine.impl.history.DefaultHistoryManager  - Current history level: NONE, level required: ACTIVITY
10:48:04,966 [main] DEBUG org.activiti.engine.impl.history.DefaultHistoryManager  - Current history level: NONE, level required: FULL
10:48:04,966 [main] DEBUG org.activiti.engine.impl.history.DefaultHistoryManager  - Current history level: NONE, level required: ACTIVITY
10:48:04,966 [main] DEBUG org.activiti.engine.impl.history.DefaultHistoryManager  - Current history level: NONE, level required: FULL
10:48:04,966 [main] DEBUG org.activiti.engine.impl.history.DefaultHistoryManager  - Current history level: NONE, level required: ACTIVITY
10:48:04,966 [main] DEBUG org.activiti.engine.impl.history.DefaultHistoryManager  - Current history level: NONE, level required: FULL
10:48:04,973 [main] DEBUG org.activiti.engine.impl.history.DefaultHistoryManager  - Current history level: NONE, level required: ACTIVITY
10:48:04,973 [main] DEBUG org.activiti.engine.impl.history.DefaultHistoryManager  - Current history level: NONE, level required: FULL
10:48:04,973 [main] DEBUG org.activiti.engine.impl.history.DefaultHistoryManager  - Current history level: NONE, level required: ACTIVITY
10:48:04,974 [main] DEBUG org.activiti.engine.impl.history.DefaultHistoryManager  - Current history level: NONE, level required: FULL
10:48:04,974 [main] DEBUG org.activiti.engine.impl.history.DefaultHistoryManager  - Current history level: NONE, level required: ACTIVITY
10:48:04,974 [main] DEBUG org.activiti.engine.impl.history.DefaultHistoryManager  - Current history level: NONE, level required: FULL
10:48:04,974 [main] DEBUG org.activiti.engine.impl.history.DefaultHistoryManager  - Current history level: NONE, level required: ACTIVITY
10:48:04,974 [main] DEBUG org.activiti.engine.impl.history.DefaultHistoryManager  - Current history level: NONE, level required: FULL
10:48:04,974 [main] DEBUG org.activiti.engine.impl.history.DefaultHistoryManager  - Current history level: NONE, level required: ACTIVITY
10:48:04,974 [main] DEBUG org.activiti.engine.impl.history.DefaultHistoryManager  - Current history level: NONE, level required: FULL
10:48:04,974 [main] DEBUG org.activiti.engine.impl.history.DefaultHistoryManager  - Current history level: NONE, level required: ACTIVITY
10:48:04,974 [main] DEBUG org.activiti.engine.impl.history.DefaultHistoryManager  - Current history level: NONE, level required: FULL
10:48:04,974 [main] DEBUG org.activiti.engine.impl.history.DefaultHistoryManager  - Current history level: NONE, level required: ACTIVITY
10:48:04,974 [main] DEBUG org.activiti.engine.impl.history.DefaultHistoryManager  - Current history level: NONE, level required: FULL
10:48:04,974 [main] DEBUG org.activiti.engine.impl.history.DefaultHistoryManager  - Current history level: NONE, level required: ACTIVITY
10:48:04,974 [main] DEBUG org.activiti.engine.impl.history.DefaultHistoryManager  - Current history level: NONE, level required: FULL
10:48:04,974 [main] DEBUG org.activiti.engine.impl.history.DefaultHistoryManager  - Current history level: NONE, level required: ACTIVITY
10:48:04,974 [main] DEBUG org.activiti.engine.impl.history.DefaultHistoryManager  - Current history level: NONE, level required: FULL
10:48:04,974 [main] DEBUG org.activiti.engine.impl.history.DefaultHistoryManager  - Current history level: NONE, level required: ACTIVITY
10:48:04,974 [main] DEBUG org.activiti.engine.impl.history.DefaultHistoryManager  - Current history level: NONE, level required: FULL
10:48:04,974 [main] DEBUG org.activiti.engine.impl.history.DefaultHistoryManager  - Current history level: NONE, level required: ACTIVITY
10:48:04,974 [main] DEBUG org.activiti.engine.impl.history.DefaultHistoryManager  - Current history level: NONE, level required: FULL
10:48:04,975 [main] DEBUG org.activiti.engine.impl.history.DefaultHistoryManager  - Current history level: NONE, level required: ACTIVITY
10:48:04,975 [main] DEBUG org.activiti.engine.impl.history.DefaultHistoryManager  - Current history level: NONE, level required: FULL
10:48:04,975 [main] DEBUG org.activiti.engine.impl.history.DefaultHistoryManager  - Current history level: NONE, level required: ACTIVITY
10:48:04,975 [main] DEBUG org.activiti.engine.impl.history.DefaultHistoryManager  - Current history level: NONE, level required: FULL
10:48:04,975 [main] DEBUG org.activiti.engine.impl.history.DefaultHistoryManager  - Current history level: NONE, level required: ACTIVITY
10:48:04,975 [main] DEBUG org.activiti.engine.impl.history.DefaultHistoryManager  - Current history level: NONE, level required: FULL
10:48:04,975 [main] DEBUG org.activiti.engine.impl.history.DefaultHistoryManager  - Current history level: NONE, level required: ACTIVITY
10:48:04,975 [main] DEBUG org.activiti.engine.impl.history.DefaultHistoryManager  - Current history level: NONE, level required: FULL
10:48:04,975 [main] DEBUG org.activiti.engine.impl.history.DefaultHistoryManager  - Current history level: NONE, level required: ACTIVITY
10:48:04,975 [main] DEBUG org.activiti.engine.impl.history.DefaultHistoryManager  - Current history level: NONE, level required: FULL
10:48:04,975 [main] DEBUG org.activiti.engine.impl.history.DefaultHistoryManager  - Current history level: NONE, level required: ACTIVITY
10:48:04,975 [main] DEBUG org.activiti.engine.impl.history.DefaultHistoryManager  - Current history level: NONE, level required: FULL
10:48:04,975 [main] DEBUG org.activiti.engine.impl.history.DefaultHistoryManager  - Current history level: NONE, level required: ACTIVITY
10:48:04,975 [main] DEBUG org.activiti.engine.impl.history.DefaultHistoryManager  - Current history level: NONE, level required: FULL
10:48:04,975 [main] DEBUG org.activiti.engine.impl.history.DefaultHistoryManager  - Current history level: NONE, level required: ACTIVITY
10:48:04,975 [main] DEBUG org.activiti.engine.impl.history.DefaultHistoryManager  - Current history level: NONE, level required: FULL
10:48:04,976 [main] DEBUG org.activiti.engine.impl.history.DefaultHistoryManager  - Current history level: NONE, level required: ACTIVITY
10:48:04,976 [main] DEBUG org.activiti.engine.impl.history.DefaultHistoryManager  - Current history level: NONE, level required: FULL
10:48:04,976 [main] DEBUG org.activiti.engine.impl.history.DefaultHistoryManager  - Current history level: NONE, level required: ACTIVITY
10:48:04,976 [main] DEBUG org.activiti.engine.impl.history.DefaultHistoryManager  - Current history level: NONE, level required: FULL
10:48:04,976 [main] DEBUG org.activiti.engine.impl.history.DefaultHistoryManager  - Current history level: NONE, level required: ACTIVITY
10:48:04,976 [main] DEBUG org.activiti.engine.impl.history.DefaultHistoryManager  - Current history level: NONE, level required: FULL
10:48:04,976 [main] DEBUG org.activiti.engine.impl.history.DefaultHistoryManager  - Current history level: NONE, level required: ACTIVITY
10:48:04,976 [main] DEBUG org.activiti.engine.impl.history.DefaultHistoryManager  - Current history level: NONE, level required: FULL
10:48:04,976 [main] DEBUG org.activiti.engine.impl.history.DefaultHistoryManager  - Current history level: NONE, level required: ACTIVITY
10:48:04,976 [main] DEBUG org.activiti.engine.impl.history.DefaultHistoryManager  - Current history level: NONE, level required: FULL
10:48:04,976 [main] DEBUG org.activiti.engine.impl.history.DefaultHistoryManager  - Current history level: NONE, level required: ACTIVITY
10:48:04,976 [main] DEBUG org.activiti.engine.impl.history.DefaultHistoryManager  - Current history level: NONE, level required: FULL
10:48:04,976 [main] DEBUG org.activiti.engine.impl.history.DefaultHistoryManager  - Current history level: NONE, level required: ACTIVITY
10:48:04,976 [main] DEBUG org.activiti.engine.impl.history.DefaultHistoryManager  - Current history level: NONE, level required: FULL
10:48:04,976 [main] DEBUG org.activiti.engine.impl.history.DefaultHistoryManager  - Current history level: NONE, level required: ACTIVITY
10:48:04,976 [main] DEBUG org.activiti.engine.impl.history.DefaultHistoryManager  - Current history level: NONE, level required: FULL
10:48:04,976 [main] DEBUG org.activiti.engine.impl.history.DefaultHistoryManager  - Current history level: NONE, level required: ACTIVITY
10:48:04,976 [main] DEBUG org.activiti.engine.impl.history.DefaultHistoryManager  - Current history level: NONE, level required: FULL
10:48:04,976 [main] DEBUG org.activiti.engine.impl.history.DefaultHistoryManager  - Current history level: NONE, level required: ACTIVITY
10:48:04,976 [main] DEBUG org.activiti.engine.impl.history.DefaultHistoryManager  - Current history level: NONE, level required: FULL
10:48:04,976 [main] DEBUG org.activiti.engine.impl.history.DefaultHistoryManager  - Current history level: NONE, level required: ACTIVITY
10:48:04,976 [main] DEBUG org.activiti.engine.impl.history.DefaultHistoryManager  - Current history level: NONE, level required: FULL
10:48:04,976 [main] DEBUG org.activiti.engine.impl.history.DefaultHistoryManager  - Current history level: NONE, level required: ACTIVITY
10:48:04,976 [main] DEBUG org.activiti.engine.impl.history.DefaultHistoryManager  - Current history level: NONE, level required: FULL
10:48:04,977 [main] DEBUG org.activiti.engine.impl.history.DefaultHistoryManager  - Current history level: NONE, level required: ACTIVITY
10:48:04,977 [main] DEBUG org.activiti.engine.impl.history.DefaultHistoryManager  - Current history level: NONE, level required: FULL
10:48:04,977 [main] DEBUG org.activiti.engine.impl.history.DefaultHistoryManager  - Current history level: NONE, level required: ACTIVITY
10:48:04,977 [main] DEBUG org.activiti.engine.impl.history.DefaultHistoryManager  - Current history level: NONE, level required: FULL
10:48:04,977 [main] DEBUG org.activiti.engine.impl.history.DefaultHistoryManager  - Current history level: NONE, level required: ACTIVITY
10:48:04,977 [main] DEBUG org.activiti.engine.impl.history.DefaultHistoryManager  - Current history level: NONE, level required: FULL
10:48:04,977 [main] DEBUG org.activiti.engine.impl.history.DefaultHistoryManager  - Current history level: NONE, level required: ACTIVITY
10:48:04,977 [main] DEBUG org.activiti.engine.impl.history.DefaultHistoryManager  - Current history level: NONE, level required: FULL
10:48:04,977 [main] DEBUG org.activiti.engine.impl.history.DefaultHistoryManager  - Current history level: NONE, level required: ACTIVITY
10:48:04,977 [main] DEBUG org.activiti.engine.impl.history.DefaultHistoryManager  - Current history level: NONE, level required: FULL
10:48:04,977 [main] DEBUG org.activiti.engine.impl.history.DefaultHistoryManager  - Current history level: NONE, level required: ACTIVITY
10:48:04,977 [main] DEBUG org.activiti.engine.impl.history.DefaultHistoryManager  - Current history level: NONE, level required: FULL
10:48:04,977 [main] DEBUG org.activiti.engine.impl.history.DefaultHistoryManager  - Current history level: NONE, level required: ACTIVITY
10:48:04,977 [main] DEBUG org.activiti.engine.impl.history.DefaultHistoryManager  - Current history level: NONE, level required: FULL
10:48:04,977 [main] DEBUG org.activiti.engine.impl.history.DefaultHistoryManager  - Current history level: NONE, level required: ACTIVITY
10:48:04,977 [main] DEBUG org.activiti.engine.impl.history.DefaultHistoryManager  - Current history level: NONE, level required: FULL
10:48:04,977 [main] DEBUG org.activiti.engine.impl.history.DefaultHistoryManager  - Current history level: NONE, level required: ACTIVITY
10:48:04,977 [main] DEBUG org.activiti.engine.impl.history.DefaultHistoryManager  - Current history level: NONE, level required: FULL
10:48:04,977 [main] DEBUG org.activiti.engine.impl.history.DefaultHistoryManager  - Current history level: NONE, level required: ACTIVITY
10:48:04,977 [main] DEBUG org.activiti.engine.impl.history.DefaultHistoryManager  - Current history level: NONE, level required: FULL
10:48:04,977 [main] DEBUG org.activiti.engine.impl.history.DefaultHistoryManager  - Current history level: NONE, level required: ACTIVITY
10:48:04,977 [main] DEBUG org.activiti.engine.impl.history.DefaultHistoryManager  - Current history level: NONE, level required: FULL
10:48:04,977 [main] DEBUG org.activiti.engine.impl.history.DefaultHistoryManager  - Current history level: NONE, level required: ACTIVITY
10:48:04,977 [main] DEBUG org.activiti.engine.impl.history.DefaultHistoryManager  - Current history level: NONE, level required: FULL
10:48:04,978 [main] DEBUG org.activiti.engine.impl.history.DefaultHistoryManager  - Current history level: NONE, level required: ACTIVITY
10:48:04,978 [main] DEBUG org.activiti.engine.impl.history.DefaultHistoryManager  - Current history level: NONE, level required: FULL
10:48:04,978 [main] DEBUG org.activiti.engine.impl.history.DefaultHistoryManager  - Current history level: NONE, level required: ACTIVITY
10:48:04,978 [main] DEBUG org.activiti.engine.impl.history.DefaultHistoryManager  - Current history level: NONE, level required: FULL
10:48:04,978 [main] DEBUG org.activiti.engine.impl.history.DefaultHistoryManager  - Current history level: NONE, level required: ACTIVITY
10:48:04,978 [main] DEBUG org.activiti.engine.impl.history.DefaultHistoryManager  - Current history level: NONE, level required: FULL
10:48:04,978 [main] DEBUG org.activiti.engine.impl.history.DefaultHistoryManager  - Current history level: NONE, level required: ACTIVITY
10:48:04,978 [main] DEBUG org.activiti.engine.impl.history.DefaultHistoryManager  - Current history level: NONE, level required: FULL
10:48:04,978 [main] DEBUG org.activiti.engine.impl.history.DefaultHistoryManager  - Current history level: NONE, level required: ACTIVITY
10:48:04,978 [main] DEBUG org.activiti.engine.impl.history.DefaultHistoryManager  - Current history level: NONE, level required: FULL
10:48:04,978 [main] DEBUG org.activiti.engine.impl.history.DefaultHistoryManager  - Current history level: NONE, level required: ACTIVITY
10:48:04,978 [main] DEBUG org.activiti.engine.impl.history.DefaultHistoryManager  - Current history level: NONE, level required: FULL
10:48:04,978 [main] DEBUG org.activiti.engine.impl.history.DefaultHistoryManager  - Current history level: NONE, level required: ACTIVITY
10:48:04,978 [main] DEBUG org.activiti.engine.impl.history.DefaultHistoryManager  - Current history level: NONE, level required: FULL
10:48:04,978 [main] DEBUG org.activiti.engine.impl.history.DefaultHistoryManager  - Current history level: NONE, level required: ACTIVITY
10:48:04,978 [main] DEBUG org.activiti.engine.impl.history.DefaultHistoryManager  - Current history level: NONE, level required: FULL
10:48:04,978 [main] DEBUG org.activiti.engine.impl.history.DefaultHistoryManager  - Current history level: NONE, level required: ACTIVITY
10:48:04,978 [main] DEBUG org.activiti.engine.impl.history.DefaultHistoryManager  - Current history level: NONE, level required: FULL
10:48:04,978 [main] DEBUG org.activiti.engine.impl.history.DefaultHistoryManager  - Current history level: NONE, level required: ACTIVITY
10:48:04,978 [main] DEBUG org.activiti.engine.impl.history.DefaultHistoryManager  - Current history level: NONE, level required: FULL
10:48:04,978 [main] DEBUG org.activiti.engine.impl.history.DefaultHistoryManager  - Current history level: NONE, level required: ACTIVITY
10:48:04,978 [main] DEBUG org.activiti.engine.impl.history.DefaultHistoryManager  - Current history level: NONE, level required: FULL
10:48:04,978 [main] DEBUG org.activiti.engine.impl.history.DefaultHistoryManager  - Current history level: NONE, level required: ACTIVITY
10:48:04,978 [main] DEBUG org.activiti.engine.impl.history.DefaultHistoryManager  - Current history level: NONE, level required: FULL
10:48:04,978 [main] DEBUG org.activiti.engine.impl.history.DefaultHistoryManager  - Current history level: NONE, level required: ACTIVITY
10:48:04,978 [main] DEBUG org.activiti.engine.impl.history.DefaultHistoryManager  - Current history level: NONE, level required: FULL
10:48:04,978 [main] DEBUG org.activiti.engine.impl.history.DefaultHistoryManager  - Current history level: NONE, level required: ACTIVITY
10:48:04,978 [main] DEBUG org.activiti.engine.impl.history.DefaultHistoryManager  - Current history level: NONE, level required: FULL
10:48:04,978 [main] DEBUG org.activiti.engine.impl.history.DefaultHistoryManager  - Current history level: NONE, level required: ACTIVITY
10:48:04,978 [main] DEBUG org.activiti.engine.impl.history.DefaultHistoryManager  - Current history level: NONE, level required: FULL
10:48:04,978 [main] DEBUG org.activiti.engine.impl.history.DefaultHistoryManager  - Current history level: NONE, level required: ACTIVITY
10:48:04,978 [main] DEBUG org.activiti.engine.impl.history.DefaultHistoryManager  - Current history level: NONE, level required: FULL
10:48:04,978 [main] DEBUG org.activiti.engine.impl.history.DefaultHistoryManager  - Current history level: NONE, level required: ACTIVITY
10:48:04,979 [main] DEBUG org.activiti.engine.impl.history.DefaultHistoryManager  - Current history level: NONE, level required: FULL
10:48:04,979 [Thread-102] DEBUG org.activiti.engine.impl.asyncexecutor.AcquireTimerJobsRunnable  - timer job acquisition thread woke up
10:48:04,979 [Thread-106] DEBUG org.activiti.engine.impl.asyncexecutor.AcquireAsyncJobsDueRunnable  - async job acquisition thread woke up
10:48:04,979 [Thread-106] DEBUG org.activiti.engine.impl.interceptor.LogInterceptor  - 

10:48:04,979 [main] DEBUG org.activiti.engine.impl.history.DefaultHistoryManager  - Current history level: NONE, level required: ACTIVITY
10:48:04,979 [main] DEBUG org.activiti.engine.impl.history.DefaultHistoryManager  - Current history level: NONE, level required: FULL
10:48:04,979 [Thread-111] DEBUG org.activiti.engine.impl.asyncexecutor.AcquireTimerJobsRunnable  - timer job acquisition thread woke up
10:48:04,981 [Thread-111] DEBUG org.activiti.engine.impl.interceptor.LogInterceptor  - 

10:48:04,984 [Thread-111] DEBUG org.activiti.engine.impl.interceptor.LogInterceptor  - --- starting AcquireTimerJobsCmd --------------------------------------------------------
10:48:04,985 [Thread-111] DEBUG org.apache.ibatis.transaction.jdbc.JdbcTransaction  - Opening JDBC Connection
10:48:04,985 [Thread-111] DEBUG org.apache.ibatis.datasource.pooled.PooledDataSource  - Checked out connection 58501658 from pool.
10:48:04,985 [Thread-111] DEBUG org.apache.ibatis.transaction.jdbc.JdbcTransaction  - Setting autocommit to false on JDBC Connection [conn68: url=jdbc:h2:mem:activiti-AsyncExecutorTest user=SA]
10:48:04,985 [Thread-111] DEBUG org.activiti.engine.impl.persistence.entity.JobEntity.selectNextTimerJobsToExecute  - ==&gt;  Preparing: select RES.* from ACT_RU_JOB RES LEFT OUTER JOIN ACT_RU_EXECUTION PI ON PI.ID_ = RES.PROCESS_INSTANCE_ID_ where (RES.RETRIES_ &gt; 0) and (RES.DUEDATE_ is null or RES.DUEDATE_ &lt;= ?) and (RES.LOCK_OWNER_ is null or RES.LOCK_EXP_TIME_ &lt;= ?) and TYPE_ = &apos;timer&apos; and ( (RES.EXECUTION_ID_ is null) or (PI.SUSPENSION_STATE_ = 1) ) LIMIT ? OFFSET ? 
10:48:04,985 [Thread-111] DEBUG org.activiti.engine.impl.persistence.entity.JobEntity.selectNextTimerJobsToExecute  - ==&gt; Parameters: 2023-03-20 10:48:04.985(Timestamp), 2023-03-20 10:48:04.985(Timestamp), 1(Integer), 0(Integer)
10:48:04,985 [Thread-111] DEBUG org.activiti.engine.impl.persistence.entity.JobEntity.selectNextTimerJobsToExecute  - &lt;==      Total: 0
10:48:04,985 [Thread-111] DEBUG org.activiti.engine.impl.db.DbSqlSession  - flush summary: 0 insert, 0 update, 0 delete.
10:48:04,985 [Thread-111] DEBUG org.activiti.engine.impl.db.DbSqlSession  - now executing flush...
10:48:04,985 [Thread-111] DEBUG org.activiti.engine.impl.cfg.standalone.StandaloneMybatisTransactionContext  - firing event committing...
10:48:04,985 [Thread-111] DEBUG org.activiti.engine.impl.cfg.standalone.StandaloneMybatisTransactionContext  - committing the ibatis sql session...
10:48:04,985 [Thread-111] DEBUG org.activiti.engine.impl.cfg.standalone.StandaloneMybatisTransactionContext  - firing event committed...
10:48:04,985 [Thread-111] DEBUG org.apache.ibatis.transaction.jdbc.JdbcTransaction  - Resetting autocommit to true on JDBC Connection [conn68: url=jdbc:h2:mem:activiti-AsyncExecutorTest user=SA]
10:48:04,985 [Thread-111] DEBUG org.apache.ibatis.transaction.jdbc.JdbcTransaction  - Closing JDBC Connection [conn68: url=jdbc:h2:mem:activiti-AsyncExecutorTest user=SA]
10:48:04,985 [Thread-111] DEBUG org.apache.ibatis.datasource.pooled.PooledDataSource  - Returned connection 58501658 to pool.
10:48:04,985 [Thread-111] DEBUG org.activiti.engine.impl.interceptor.LogInterceptor  - --- AcquireTimerJobsCmd finished --------------------------------------------------------
10:48:04,985 [Thread-111] DEBUG org.activiti.engine.impl.interceptor.LogInterceptor  - 

10:48:04,985 [Thread-111] DEBUG org.activiti.engine.impl.asyncexecutor.AcquireTimerJobsRunnable  - timer job acquisition thread sleeping for 50 millis
10:48:04,979 [Thread-103] DEBUG org.activiti.engine.impl.asyncexecutor.AcquireAsyncJobsDueRunnable  - async job acquisition thread woke up
10:48:04,985 [Thread-103] DEBUG org.activiti.engine.impl.interceptor.LogInterceptor  - 

10:48:04,985 [Thread-103] DEBUG org.activiti.engine.impl.interceptor.LogInterceptor  - --- starting AcquireAsyncJobsDueCmd --------------------------------------------------------
10:48:04,986 [Thread-103] DEBUG org.apache.ibatis.transaction.jdbc.JdbcTransaction  - Opening JDBC Connection
10:48:04,986 [Thread-103] DEBUG org.apache.ibatis.datasource.pooled.PooledDataSource  - Checked out connection 33534803 from pool.
10:48:04,986 [Thread-103] DEBUG org.apache.ibatis.transaction.jdbc.JdbcTransaction  - Setting autocommit to false on JDBC Connection [conn60: url=jdbc:h2:mem:activiti-AsyncExecutorTest user=SA]
10:48:04,986 [Thread-103] DEBUG org.activiti.engine.impl.persistence.entity.JobEntity.selectAsyncJobsDueToExecute  - ==&gt;  Preparing: select RES.* from ACT_RU_JOB RES LEFT OUTER JOIN ACT_RU_EXECUTION PI ON PI.ID_ = RES.PROCESS_INSTANCE_ID_ where RES.RETRIES_ &gt; 0 and RES.DUEDATE_ is not null and RES.DUEDATE_ &lt;= ? and (RES.LOCK_EXP_TIME_ is null or RES.LOCK_EXP_TIME_ &lt;= ?) and TYPE_ = &apos;message&apos; and ( (RES.EXECUTION_ID_ is null) or (PI.SUSPENSION_STATE_ = 1) ) LIMIT ? OFFSET ? 
10:48:04,986 [Thread-103] DEBUG org.activiti.engine.impl.persistence.entity.JobEntity.selectAsyncJobsDueToExecute  - ==&gt; Parameters: 2023-03-20 10:48:04.985(Timestamp), 2023-03-20 10:48:04.985(Timestamp), 1(Integer), 0(Integer)
10:48:04,986 [Thread-103] DEBUG org.activiti.engine.impl.persistence.entity.JobEntity.selectAsyncJobsDueToExecute  - &lt;==      Total: 0
10:48:04,986 [Thread-103] DEBUG org.activiti.engine.impl.db.DbSqlSession  - flush summary: 0 insert, 0 update, 0 delete.
10:48:04,986 [Thread-103] DEBUG org.activiti.engine.impl.db.DbSqlSession  - now executing flush...
10:48:04,979 [Thread-105] DEBUG org.activiti.engine.impl.asyncexecutor.AcquireTimerJobsRunnable  - timer job acquisition thread woke up
10:48:04,986 [Thread-105] DEBUG org.activiti.engine.impl.interceptor.LogInterceptor  - 

10:48:04,986 [Thread-105] DEBUG org.activiti.engine.impl.interceptor.LogInterceptor  - --- starting AcquireTimerJobsCmd --------------------------------------------------------
10:48:04,986 [Thread-105] DEBUG org.apache.ibatis.transaction.jdbc.JdbcTransaction  - Opening JDBC Connection
10:48:04,986 [Thread-105] DEBUG org.apache.ibatis.datasource.pooled.PooledDataSource  - Checked out connection 996762054 from pool.
10:48:04,986 [Thread-105] DEBUG org.apache.ibatis.transaction.jdbc.JdbcTransaction  - Setting autocommit to false on JDBC Connection [conn65: url=jdbc:h2:mem:activiti-AsyncExecutorTest user=SA]
10:48:04,986 [Thread-105] DEBUG org.activiti.engine.impl.persistence.entity.JobEntity.selectNextTimerJobsToExecute  - ==&gt;  Preparing: select RES.* from ACT_RU_JOB RES LEFT OUTER JOIN ACT_RU_EXECUTION PI ON PI.ID_ = RES.PROCESS_INSTANCE_ID_ where (RES.RETRIES_ &gt; 0) and (RES.DUEDATE_ is null or RES.DUEDATE_ &lt;= ?) and (RES.LOCK_OWNER_ is null or RES.LOCK_EXP_TIME_ &lt;= ?) and TYPE_ = &apos;timer&apos; and ( (RES.EXECUTION_ID_ is null) or (PI.SUSPENSION_STATE_ = 1) ) LIMIT ? OFFSET ? 
10:48:04,986 [Thread-105] DEBUG org.activiti.engine.impl.persistence.entity.JobEntity.selectNextTimerJobsToExecute  - ==&gt; Parameters: 2023-03-20 10:48:04.986(Timestamp), 2023-03-20 10:48:04.986(Timestamp), 1(Integer), 0(Integer)
10:48:04,986 [Thread-105] DEBUG org.activiti.engine.impl.persistence.entity.JobEntity.selectNextTimerJobsToExecute  - &lt;==      Total: 0
10:48:04,979 [Thread-112] DEBUG org.activiti.engine.impl.asyncexecutor.AcquireAsyncJobsDueRunnable  - async job acquisition thread woke up
10:48:04,986 [Thread-112] DEBUG org.activiti.engine.impl.interceptor.LogInterceptor  - 

10:48:04,986 [Thread-112] DEBUG org.activiti.engine.impl.interceptor.LogInterceptor  - --- starting AcquireAsyncJobsDueCmd --------------------------------------------------------
10:48:04,986 [Thread-105] DEBUG org.activiti.engine.impl.db.DbSqlSession  - flush summary: 0 insert, 0 update, 0 delete.
10:48:04,986 [Thread-105] DEBUG org.activiti.engine.impl.db.DbSqlSession  - now executing flush...
10:48:04,986 [Thread-105] DEBUG org.activiti.engine.impl.cfg.standalone.StandaloneMybatisTransactionContext  - firing event committing...
10:48:04,986 [Thread-105] DEBUG org.activiti.engine.impl.cfg.standalone.StandaloneMybatisTransactionContext  - committing the ibatis sql session...
10:48:04,987 [Thread-105] DEBUG org.activiti.engine.impl.cfg.standalone.StandaloneMybatisTransactionContext  - firing event committed...
10:48:04,986 [Thread-103] DEBUG org.activiti.engine.impl.cfg.standalone.StandaloneMybatisTransactionContext  - firing event committing...
10:48:04,987 [Thread-103] DEBUG org.activiti.engine.impl.cfg.standalone.StandaloneMybatisTransactionContext  - committing the ibatis sql session...
10:48:04,987 [Thread-103] DEBUG org.activiti.engine.impl.cfg.standalone.StandaloneMybatisTransactionContext  - firing event committed...
10:48:04,987 [Thread-103] DEBUG org.apache.ibatis.transaction.jdbc.JdbcTransaction  - Resetting autocommit to true on JDBC Connection [conn60: url=jdbc:h2:mem:activiti-AsyncExecutorTest user=SA]
10:48:04,979 [main] DEBUG org.activiti.engine.impl.history.DefaultHistoryManager  - Current history level: NONE, level required: ACTIVITY
10:48:04,979 [Thread-106] DEBUG org.activiti.engine.impl.interceptor.LogInterceptor  - --- starting AcquireAsyncJobsDueCmd --------------------------------------------------------
10:48:04,979 [Thread-102] DEBUG org.activiti.engine.impl.interceptor.LogInterceptor  - 

10:48:04,987 [Thread-102] DEBUG org.activiti.engine.impl.interceptor.LogInterceptor  - --- starting AcquireTimerJobsCmd --------------------------------------------------------
10:48:04,987 [Thread-106] DEBUG org.apache.ibatis.transaction.jdbc.JdbcTransaction  - Opening JDBC Connection
10:48:04,987 [Thread-106] DEBUG org.apache.ibatis.datasource.pooled.PooledDataSource  - Checked out connection 54468349 from pool.
10:48:04,987 [main] DEBUG org.activiti.engine.impl.history.DefaultHistoryManager  - Current history level: NONE, level required: FULL
10:48:04,987 [Thread-103] DEBUG org.apache.ibatis.transaction.jdbc.JdbcTransaction  - Closing JDBC Connection [conn60: url=jdbc:h2:mem:activiti-AsyncExecutorTest user=SA]
10:48:04,987 [main] DEBUG org.activiti.engine.impl.history.DefaultHistoryManager  - Current history level: NONE, level required: ACTIVITY
10:48:04,987 [main] DEBUG org.activiti.engine.impl.history.DefaultHistoryManager  - Current history level: NONE, level required: FULL
10:48:04,987 [Thread-105] DEBUG org.apache.ibatis.transaction.jdbc.JdbcTransaction  - Resetting autocommit to true on JDBC Connection [conn65: url=jdbc:h2:mem:activiti-AsyncExecutorTest user=SA]
10:48:04,987 [Thread-105] DEBUG org.apache.ibatis.transaction.jdbc.JdbcTransaction  - Closing JDBC Connection [conn65: url=jdbc:h2:mem:activiti-AsyncExecutorTest user=SA]
10:48:04,987 [Thread-105] DEBUG org.apache.ibatis.datasource.pooled.PooledDataSource  - Returned connection 996762054 to pool.
10:48:04,986 [Thread-112] DEBUG org.apache.ibatis.transaction.jdbc.JdbcTransaction  - Opening JDBC Connection
10:48:04,987 [Thread-112] DEBUG org.apache.ibatis.datasource.pooled.PooledDataSource  - Checked out connection 1863805930 from pool.
10:48:04,987 [Thread-112] DEBUG org.apache.ibatis.transaction.jdbc.JdbcTransaction  - Setting autocommit to false on JDBC Connection [conn69: url=jdbc:h2:mem:activiti-AsyncExecutorTest user=SA]
10:48:04,987 [Thread-105] DEBUG org.activiti.engine.impl.interceptor.LogInterceptor  - --- AcquireTimerJobsCmd finished --------------------------------------------------------
10:48:04,987 [Thread-105] DEBUG org.activiti.engine.impl.interceptor.LogInterceptor  - 

10:48:04,987 [main] DEBUG org.activiti.engine.impl.history.DefaultHistoryManager  - Current history level: NONE, level required: ACTIVITY
10:48:04,987 [Thread-103] DEBUG org.apache.ibatis.datasource.pooled.PooledDataSource  - Returned connection 33534803 to pool.
10:48:04,987 [Thread-103] DEBUG org.activiti.engine.impl.interceptor.LogInterceptor  - --- AcquireAsyncJobsDueCmd finished --------------------------------------------------------
10:48:04,988 [Thread-103] DEBUG org.activiti.engine.impl.interceptor.LogInterceptor  - 

10:48:04,987 [Thread-106] DEBUG org.apache.ibatis.transaction.jdbc.JdbcTransaction  - Setting autocommit to false on JDBC Connection [conn64: url=jdbc:h2:mem:activiti-AsyncExecutorTest user=SA]
10:48:04,987 [Thread-102] DEBUG org.apache.ibatis.transaction.jdbc.JdbcTransaction  - Opening JDBC Connection
10:48:04,988 [Thread-102] DEBUG org.apache.ibatis.datasource.pooled.PooledDataSource  - Checked out connection 157985567 from pool.
10:48:04,988 [Thread-102] DEBUG org.apache.ibatis.transaction.jdbc.JdbcTransaction  - Setting autocommit to false on JDBC Connection [conn61: url=jdbc:h2:mem:activiti-AsyncExecutorTest user=SA]
10:48:04,988 [Thread-106] DEBUG org.activiti.engine.impl.persistence.entity.JobEntity.selectAsyncJobsDueToExecute  - ==&gt;  Preparing: select RES.* from ACT_RU_JOB RES LEFT OUTER JOIN ACT_RU_EXECUTION PI ON PI.ID_ = RES.PROCESS_INSTANCE_ID_ where RES.RETRIES_ &gt; 0 and RES.DUEDATE_ is not null and RES.DUEDATE_ &lt;= ? and (RES.LOCK_EXP_TIME_ is null or RES.LOCK_EXP_TIME_ &lt;= ?) and TYPE_ = &apos;message&apos; and ( (RES.EXECUTION_ID_ is null) or (PI.SUSPENSION_STATE_ = 1) ) LIMIT ? OFFSET ? 
10:48:04,988 [Thread-103] DEBUG org.activiti.engine.impl.asyncexecutor.AcquireAsyncJobsDueRunnable  - async job acquisition thread sleeping for 50 millis
10:48:04,988 [Thread-106] DEBUG org.activiti.engine.impl.persistence.entity.JobEntity.selectAsyncJobsDueToExecute  - ==&gt; Parameters: 2023-03-20 10:48:04.987(Timestamp), 2023-03-20 10:48:04.987(Timestamp), 1(Integer), 0(Integer)
10:48:04,987 [main] DEBUG org.activiti.engine.impl.history.DefaultHistoryManager  - Current history level: NONE, level required: FULL
10:48:04,987 [Thread-105] DEBUG org.activiti.engine.impl.asyncexecutor.AcquireTimerJobsRunnable  - timer job acquisition thread sleeping for 50 millis
10:48:04,987 [Thread-112] DEBUG org.activiti.engine.impl.persistence.entity.JobEntity.selectAsyncJobsDueToExecute  - ==&gt;  Preparing: select RES.* from ACT_RU_JOB RES LEFT OUTER JOIN ACT_RU_EXECUTION PI ON PI.ID_ = RES.PROCESS_INSTANCE_ID_ where RES.RETRIES_ &gt; 0 and RES.DUEDATE_ is not null and RES.DUEDATE_ &lt;= ? and (RES.LOCK_EXP_TIME_ is null or RES.LOCK_EXP_TIME_ &lt;= ?) and TYPE_ = &apos;message&apos; and ( (RES.EXECUTION_ID_ is null) or (PI.SUSPENSION_STATE_ = 1) ) LIMIT ? OFFSET ? 
10:48:04,988 [main] DEBUG org.activiti.engine.impl.history.DefaultHistoryManager  - Current history level: NONE, level required: ACTIVITY
10:48:04,988 [main] DEBUG org.activiti.engine.impl.history.DefaultHistoryManager  - Current history level: NONE, level required: FULL
10:48:04,988 [main] DEBUG org.activiti.engine.impl.history.DefaultHistoryManager  - Current history level: NONE, level required: ACTIVITY
10:48:04,988 [main] DEBUG org.activiti.engine.impl.history.DefaultHistoryManager  - Current history level: NONE, level required: FULL
10:48:04,988 [Thread-106] DEBUG org.activiti.engine.impl.persistence.entity.JobEntity.selectAsyncJobsDueToExecute  - &lt;==      Total: 0
10:48:04,988 [Thread-102] DEBUG org.activiti.engine.impl.persistence.entity.JobEntity.selectNextTimerJobsToExecute  - ==&gt;  Preparing: select RES.* from ACT_RU_JOB RES LEFT OUTER JOIN ACT_RU_EXECUTION PI ON PI.ID_ = RES.PROCESS_INSTANCE_ID_ where (RES.RETRIES_ &gt; 0) and (RES.DUEDATE_ is null or RES.DUEDATE_ &lt;= ?) and (RES.LOCK_OWNER_ is null or RES.LOCK_EXP_TIME_ &lt;= ?) and TYPE_ = &apos;timer&apos; and ( (RES.EXECUTION_ID_ is null) or (PI.SUSPENSION_STATE_ = 1) ) LIMIT ? OFFSET ? 
10:48:04,988 [Thread-106] DEBUG org.activiti.engine.impl.db.DbSqlSession  - flush summary: 0 insert, 0 update, 0 delete.
10:48:04,989 [Thread-106] DEBUG org.activiti.engine.impl.db.DbSqlSession  - now executing flush...
10:48:04,988 [main] DEBUG org.activiti.engine.impl.history.DefaultHistoryManager  - Current history level: NONE, level required: ACTIVITY
10:48:04,989 [main] DEBUG org.activiti.engine.impl.history.DefaultHistoryManager  - Current history level: NONE, level required: FULL
10:48:04,988 [Thread-112] DEBUG org.activiti.engine.impl.persistence.entity.JobEntity.selectAsyncJobsDueToExecute  - ==&gt; Parameters: 2023-03-20 10:48:04.986(Timestamp), 2023-03-20 10:48:04.986(Timestamp), 1(Integer), 0(Integer)
10:48:04,989 [main] DEBUG org.activiti.engine.impl.history.DefaultHistoryManager  - Current history level: NONE, level required: ACTIVITY
10:48:04,989 [main] DEBUG org.activiti.engine.impl.history.DefaultHistoryManager  - Current history level: NONE, level required: FULL
10:48:04,989 [Thread-106] DEBUG org.activiti.engine.impl.cfg.standalone.StandaloneMybatisTransactionContext  - firing event committing...
10:48:04,989 [Thread-106] DEBUG org.activiti.engine.impl.cfg.standalone.StandaloneMybatisTransactionContext  - committing the ibatis sql session...
10:48:04,989 [Thread-106] DEBUG org.activiti.engine.impl.cfg.standalone.StandaloneMybatisTransactionContext  - firing event committed...
10:48:04,989 [Thread-102] DEBUG org.activiti.engine.impl.persistence.entity.JobEntity.selectNextTimerJobsToExecute  - ==&gt; Parameters: 2023-03-20 10:48:04.987(Timestamp), 2023-03-20 10:48:04.987(Timestamp), 1(Integer), 0(Integer)
10:48:04,989 [Thread-106] DEBUG org.apache.ibatis.transaction.jdbc.JdbcTransaction  - Resetting autocommit to true on JDBC Connection [conn64: url=jdbc:h2:mem:activiti-AsyncExecutorTest user=SA]
10:48:04,989 [main] DEBUG org.activiti.engine.impl.history.DefaultHistoryManager  - Current history level: NONE, level required: ACTIVITY
10:48:04,989 [main] DEBUG org.activiti.engine.impl.history.DefaultHistoryManager  - Current history level: NONE, level required: FULL
10:48:04,989 [Thread-112] DEBUG org.activiti.engine.impl.persistence.entity.JobEntity.selectAsyncJobsDueToExecute  - &lt;==      Total: 0
10:48:04,989 [main] DEBUG org.activiti.engine.impl.history.DefaultHistoryManager  - Current history level: NONE, level required: ACTIVITY
10:48:04,989 [main] DEBUG org.activiti.engine.impl.history.DefaultHistoryManager  - Current history level: NONE, level required: FULL
10:48:04,989 [Thread-106] DEBUG org.apache.ibatis.transaction.jdbc.JdbcTransaction  - Closing JDBC Connection [conn64: url=jdbc:h2:mem:activiti-AsyncExecutorTest user=SA]
10:48:04,989 [Thread-106] DEBUG org.apache.ibatis.datasource.pooled.PooledDataSource  - Returned connection 54468349 to pool.
10:48:04,989 [Thread-102] DEBUG org.activiti.engine.impl.persistence.entity.JobEntity.selectNextTimerJobsToExecute  - &lt;==      Total: 0
10:48:04,989 [Thread-102] DEBUG org.activiti.engine.impl.db.DbSqlSession  - flush summary: 0 insert, 0 update, 0 delete.
10:48:04,989 [Thread-102] DEBUG org.activiti.engine.impl.db.DbSqlSession  - now executing flush...
10:48:04,989 [Thread-102] DEBUG org.activiti.engine.impl.cfg.standalone.StandaloneMybatisTransactionContext  - firing event committing...
10:48:04,989 [Thread-102] DEBUG org.activiti.engine.impl.cfg.standalone.StandaloneMybatisTransactionContext  - committing the ibatis sql session...
10:48:04,989 [Thread-102] DEBUG org.activiti.engine.impl.cfg.standalone.StandaloneMybatisTransactionContext  - firing event committed...
10:48:04,989 [Thread-102] DEBUG org.apache.ibatis.transaction.jdbc.JdbcTransaction  - Resetting autocommit to true on JDBC Connection [conn61: url=jdbc:h2:mem:activiti-AsyncExecutorTest user=SA]
10:48:04,989 [Thread-102] DEBUG org.apache.ibatis.transaction.jdbc.JdbcTransaction  - Closing JDBC Connection [conn61: url=jdbc:h2:mem:activiti-AsyncExecutorTest user=SA]
10:48:04,989 [Thread-102] DEBUG org.apache.ibatis.datasource.pooled.PooledDataSource  - Returned connection 157985567 to pool.
10:48:04,989 [Thread-102] DEBUG org.activiti.engine.impl.interceptor.LogInterceptor  - --- AcquireTimerJobsCmd finished --------------------------------------------------------
10:48:04,989 [Thread-102] DEBUG org.activiti.engine.impl.interceptor.LogInterceptor  - 

10:48:04,989 [Thread-106] DEBUG org.activiti.engine.impl.interceptor.LogInterceptor  - --- AcquireAsyncJobsDueCmd finished --------------------------------------------------------
10:48:04,990 [Thread-106] DEBUG org.activiti.engine.impl.interceptor.LogInterceptor  - 

10:48:04,990 [Thread-106] DEBUG org.activiti.engine.impl.asyncexecutor.AcquireAsyncJobsDueRunnable  - async job acquisition thread sleeping for 50 millis
10:48:04,989 [main] DEBUG org.activiti.engine.impl.history.DefaultHistoryManager  - Current history level: NONE, level required: ACTIVITY
10:48:04,990 [main] DEBUG org.activiti.engine.impl.history.DefaultHistoryManager  - Current history level: NONE, level required: FULL
10:48:04,989 [Thread-112] DEBUG org.activiti.engine.impl.db.DbSqlSession  - flush summary: 0 insert, 0 update, 0 delete.
10:48:04,990 [Thread-112] DEBUG org.activiti.engine.impl.db.DbSqlSession  - now executing flush...
10:48:04,990 [Thread-112] DEBUG org.activiti.engine.impl.cfg.standalone.StandaloneMybatisTransactionContext  - firing event committing...
10:48:04,990 [Thread-112] DEBUG org.activiti.engine.impl.cfg.standalone.StandaloneMybatisTransactionContext  - committing the ibatis sql session...
10:48:04,990 [Thread-112] DEBUG org.activiti.engine.impl.cfg.standalone.StandaloneMybatisTransactionContext  - firing event committed...
10:48:04,990 [Thread-112] DEBUG org.apache.ibatis.transaction.jdbc.JdbcTransaction  - Resetting autocommit to true on JDBC Connection [conn69: url=jdbc:h2:mem:activiti-AsyncExecutorTest user=SA]
10:48:04,990 [Thread-112] DEBUG org.apache.ibatis.transaction.jdbc.JdbcTransaction  - Closing JDBC Connection [conn69: url=jdbc:h2:mem:activiti-AsyncExecutorTest user=SA]
10:48:04,990 [Thread-112] DEBUG org.apache.ibatis.datasource.pooled.PooledDataSource  - Returned connection 1863805930 to pool.
10:48:04,990 [Thread-112] DEBUG org.activiti.engine.impl.interceptor.LogInterceptor  - --- AcquireAsyncJobsDueCmd finished --------------------------------------------------------
10:48:04,990 [Thread-112] DEBUG org.activiti.engine.impl.interceptor.LogInterceptor  - 

10:48:04,990 [Thread-112] DEBUG org.activiti.engine.impl.asyncexecutor.AcquireAsyncJobsDueRunnable  - async job acquisition thread sleeping for 50 millis
10:48:04,990 [main] DEBUG org.activiti.engine.impl.history.DefaultHistoryManager  - Current history level: NONE, level required: ACTIVITY
10:48:04,990 [main] DEBUG org.activiti.engine.impl.history.DefaultHistoryManager  - Current history level: NONE, level required: FULL
10:48:04,989 [Thread-102] DEBUG org.activiti.engine.impl.asyncexecutor.AcquireTimerJobsRunnable  - timer job acquisition thread sleeping for 50 millis
10:48:04,990 [main] DEBUG org.activiti.engine.impl.history.DefaultHistoryManager  - Current history level: NONE, level required: ACTIVITY
10:48:04,990 [main] DEBUG org.activiti.engine.impl.history.DefaultHistoryManager  - Current history level: NONE, level required: FULL
10:48:04,990 [main] DEBUG org.activiti.engine.impl.history.DefaultHistoryManager  - Current history level: NONE, level required: ACTIVITY
10:48:04,990 [main] DEBUG org.activiti.engine.impl.history.DefaultHistoryManager  - Current history level: NONE, level required: FULL
10:48:04,990 [main] DEBUG org.activiti.engine.impl.history.DefaultHistoryManager  - Current history level: NONE, level required: ACTIVITY
10:48:04,990 [main] DEBUG org.activiti.engine.impl.history.DefaultHistoryManager  - Current history level: NONE, level required: FULL
10:48:04,990 [main] DEBUG org.activiti.engine.impl.history.DefaultHistoryManager  - Current history level: NONE, level required: ACTIVITY
10:48:04,990 [main] DEBUG org.activiti.engine.impl.history.DefaultHistoryManager  - Current history level: NONE, level required: FULL
10:48:04,990 [main] DEBUG org.activiti.engine.impl.history.DefaultHistoryManager  - Current history level: NONE, level required: ACTIVITY
10:48:04,990 [main] DEBUG org.activiti.engine.impl.history.DefaultHistoryManager  - Current history level: NONE, level required: FULL
10:48:04,990 [main] DEBUG org.activiti.engine.impl.history.DefaultHistoryManager  - Current history level: NONE, level required: ACTIVITY
10:48:04,990 [main] DEBUG org.activiti.engine.impl.history.DefaultHistoryManager  - Current history level: NONE, level required: FULL
10:48:04,990 [main] DEBUG org.activiti.engine.impl.history.DefaultHistoryManager  - Current history level: NONE, level required: ACTIVITY
10:48:04,990 [main] DEBUG org.activiti.engine.impl.history.DefaultHistoryManager  - Current history level: NONE, level required: FULL
10:48:04,990 [main] DEBUG org.activiti.engine.impl.history.DefaultHistoryManager  - Current history level: NONE, level required: ACTIVITY
10:48:04,990 [main] DEBUG org.activiti.engine.impl.history.DefaultHistoryManager  - Current history level: NONE, level required: FULL
10:48:04,990 [main] DEBUG org.activiti.engine.impl.history.DefaultHistoryManager  - Current history level: NONE, level required: ACTIVITY
10:48:04,991 [main] DEBUG org.activiti.engine.impl.history.DefaultHistoryManager  - Current history level: NONE, level required: FULL
10:48:04,991 [main] DEBUG org.activiti.engine.impl.history.DefaultHistoryManager  - Current history level: NONE, level required: ACTIVITY
10:48:04,991 [main] DEBUG org.activiti.engine.impl.history.DefaultHistoryManager  - Current history level: NONE, level required: FULL
10:48:04,991 [main] DEBUG org.activiti.engine.impl.history.DefaultHistoryManager  - Current history level: NONE, level required: ACTIVITY
10:48:04,991 [main] DEBUG org.activiti.engine.impl.history.DefaultHistoryManager  - Current history level: NONE, level required: FULL
10:48:04,991 [main] DEBUG org.activiti.engine.impl.history.DefaultHistoryManager  - Current history level: NONE, level required: ACTIVITY
10:48:04,991 [main] DEBUG org.activiti.engine.impl.history.DefaultHistoryManager  - Current history level: NONE, level required: FULL
10:48:04,991 [main] DEBUG org.activiti.engine.impl.history.DefaultHistoryManager  - Current history level: NONE, level required: ACTIVITY
10:48:04,991 [main] DEBUG org.activiti.engine.impl.history.DefaultHistoryManager  - Current history level: NONE, level required: FULL
10:48:04,991 [main] DEBUG org.activiti.engine.impl.history.DefaultHistoryManager  - Current history level: NONE, level required: ACTIVITY
10:48:04,991 [main] DEBUG org.activiti.engine.impl.history.DefaultHistoryManager  - Current history level: NONE, level required: FULL
10:48:04,991 [main] DEBUG org.activiti.engine.impl.history.DefaultHistoryManager  - Current history level: NONE, level required: ACTIVITY
10:48:04,991 [main] DEBUG org.activiti.engine.impl.history.DefaultHistoryManager  - Current history level: NONE, level required: FULL
10:48:04,991 [main] DEBUG org.activiti.engine.impl.history.DefaultHistoryManager  - Current history level: NONE, level required: ACTIVITY
10:48:04,991 [main] DEBUG org.activiti.engine.impl.history.DefaultHistoryManager  - Current history level: NONE, level required: FULL
10:48:04,991 [main] DEBUG org.activiti.engine.impl.history.DefaultHistoryManager  - Current history level: NONE, level required: ACTIVITY
10:48:04,991 [main] DEBUG org.activiti.engine.impl.history.DefaultHistoryManager  - Current history level: NONE, level required: FULL
10:48:04,991 [main] DEBUG org.activiti.engine.impl.history.DefaultHistoryManager  - Current history level: NONE, level required: ACTIVITY
10:48:04,991 [main] DEBUG org.activiti.engine.impl.history.DefaultHistoryManager  - Current history level: NONE, level required: FULL
10:48:04,991 [main] DEBUG org.activiti.engine.impl.history.DefaultHistoryManager  - Current history level: NONE, level required: ACTIVITY
10:48:04,991 [main] DEBUG org.activiti.engine.impl.history.DefaultHistoryManager  - Current history level: NONE, level required: FULL
10:48:04,991 [main] DEBUG org.activiti.engine.impl.history.DefaultHistoryManager  - Current history level: NONE, level required: ACTIVITY
10:48:04,991 [main] DEBUG org.activiti.engine.impl.history.DefaultHistoryManager  - Current history level: NONE, level required: FULL
10:48:04,991 [main] DEBUG org.activiti.engine.impl.history.DefaultHistoryManager  - Current history level: NONE, level required: ACTIVITY
10:48:04,991 [main] DEBUG org.activiti.engine.impl.history.DefaultHistoryManager  - Current history level: NONE, level required: FULL
10:48:04,991 [main] DEBUG org.activiti.engine.impl.history.DefaultHistoryManager  - Current history level: NONE, level required: ACTIVITY
10:48:04,991 [main] DEBUG org.activiti.engine.impl.history.DefaultHistoryManager  - Current history level: NONE, level required: FULL
10:48:04,991 [main] DEBUG org.activiti.engine.impl.history.DefaultHistoryManager  - Current history level: NONE, level required: ACTIVITY
10:48:04,991 [main] DEBUG org.activiti.engine.impl.history.DefaultHistoryManager  - Current history level: NONE, level required: FULL
10:48:04,991 [main] DEBUG org.activiti.engine.impl.history.DefaultHistoryManager  - Current history level: NONE, level required: ACTIVITY
10:48:04,991 [main] DEBUG org.activiti.engine.impl.history.DefaultHistoryManager  - Current history level: NONE, level required: FULL
10:48:04,991 [main] DEBUG org.activiti.engine.impl.history.DefaultHistoryManager  - Current history level: NONE, level required: ACTIVITY
10:48:04,991 [main] DEBUG org.activiti.engine.impl.history.DefaultHistoryManager  - Current history level: NONE, level required: FULL
10:48:04,991 [main] DEBUG org.activiti.engine.impl.history.DefaultHistoryManager  - Current history level: NONE, level required: ACTIVITY
10:48:04,991 [main] DEBUG org.activiti.engine.impl.history.DefaultHistoryManager  - Current history level: NONE, level required: FULL
10:48:04,991 [main] DEBUG org.activiti.engine.impl.history.DefaultHistoryManager  - Current history level: NONE, level required: ACTIVITY
10:48:04,991 [main] DEBUG org.activiti.engine.impl.history.DefaultHistoryManager  - Current history level: NONE, level required: FULL
10:48:04,991 [main] DEBUG org.activiti.engine.impl.history.DefaultHistoryManager  - Current history level: NONE, level required: ACTIVITY
10:48:04,991 [main] DEBUG org.activiti.engine.impl.history.DefaultHistoryManager  - Current history level: NONE, level required: FULL
10:48:04,991 [main] DEBUG org.activiti.engine.impl.history.DefaultHistoryManager  - Current history level: NONE, level required: ACTIVITY
10:48:04,991 [main] DEBUG org.activiti.engine.impl.history.DefaultHistoryManager  - Current history level: NONE, level required: FULL
10:48:04,991 [main] DEBUG org.activiti.engine.impl.history.DefaultHistoryManager  - Current history level: NONE, level required: ACTIVITY
10:48:04,991 [main] DEBUG org.activiti.engine.impl.history.DefaultHistoryManager  - Current history level: NONE, level required: FULL
10:48:04,991 [main] DEBUG org.activiti.engine.impl.history.DefaultHistoryManager  - Current history level: NONE, level required: ACTIVITY
10:48:04,992 [main] DEBUG org.activiti.engine.impl.history.DefaultHistoryManager  - Current history level: NONE, level required: FULL
10:48:04,992 [main] DEBUG org.activiti.engine.impl.history.DefaultHistoryManager  - Current history level: NONE, level required: ACTIVITY
10:48:04,992 [main] DEBUG org.activiti.engine.impl.history.DefaultHistoryManager  - Current history level: NONE, level required: FULL
10:48:04,992 [main] DEBUG org.activiti.engine.impl.history.DefaultHistoryManager  - Current history level: NONE, level required: ACTIVITY
10:48:04,992 [main] DEBUG org.activiti.engine.impl.history.DefaultHistoryManager  - Current history level: NONE, level required: FULL
10:48:04,992 [main] DEBUG org.activiti.engine.impl.history.DefaultHistoryManager  - Current history level: NONE, level required: ACTIVITY
10:48:04,992 [main] DEBUG org.activiti.engine.impl.history.DefaultHistoryManager  - Current history level: NONE, level required: FULL
10:48:04,992 [main] DEBUG org.activiti.engine.impl.history.DefaultHistoryManager  - Current history level: NONE, level required: ACTIVITY
10:48:04,992 [main] DEBUG org.activiti.engine.impl.history.DefaultHistoryManager  - Current history level: NONE, level required: FULL
10:48:04,992 [main] DEBUG org.activiti.engine.impl.history.DefaultHistoryManager  - Current history level: NONE, level required: ACTIVITY
10:48:04,992 [main] DEBUG org.activiti.engine.impl.history.DefaultHistoryManager  - Current history level: NONE, level required: FULL
10:48:04,992 [main] DEBUG org.activiti.engine.impl.history.DefaultHistoryManager  - Current history level: NONE, level required: ACTIVITY
10:48:04,992 [main] DEBUG org.activiti.engine.impl.history.DefaultHistoryManager  - Current history level: NONE, level required: FULL
10:48:04,992 [main] DEBUG org.activiti.engine.impl.history.DefaultHistoryManager  - Current history level: NONE, level required: ACTIVITY
10:48:04,992 [main] DEBUG org.activiti.engine.impl.history.DefaultHistoryManager  - Current history level: NONE, level required: FULL
10:48:04,992 [main] DEBUG org.activiti.engine.impl.history.DefaultHistoryManager  - Current history level: NONE, level required: ACTIVITY
10:48:04,992 [main] DEBUG org.activiti.engine.impl.history.DefaultHistoryManager  - Current history level: NONE, level required: FULL
10:48:04,992 [main] DEBUG org.activiti.engine.impl.history.DefaultHistoryManager  - Current history level: NONE, level required: ACTIVITY
10:48:04,992 [main] DEBUG org.activiti.engine.impl.history.DefaultHistoryManager  - Current history level: NONE, level required: FULL
10:48:04,992 [main] DEBUG org.activiti.engine.impl.history.DefaultHistoryManager  - Current history level: NONE, level required: ACTIVITY
10:48:04,992 [main] DEBUG org.activiti.engine.impl.history.DefaultHistoryManager  - Current history level: NONE, level required: FULL
10:48:04,992 [main] DEBUG org.activiti.engine.impl.history.DefaultHistoryManager  - Current history level: NONE, level required: ACTIVITY
10:48:04,992 [main] DEBUG org.activiti.engine.impl.history.DefaultHistoryManager  - Current history level: NONE, level required: FULL
10:48:04,992 [main] DEBUG org.activiti.engine.impl.history.DefaultHistoryManager  - Current history level: NONE, level required: ACTIVITY
10:48:04,992 [main] DEBUG org.activiti.engine.impl.history.DefaultHistoryManager  - Current history level: NONE, level required: FULL
10:48:04,992 [main] DEBUG org.activiti.engine.impl.history.DefaultHistoryManager  - Current history level: NONE, level required: ACTIVITY
10:48:04,992 [main] DEBUG org.activiti.engine.impl.history.DefaultHistoryManager  - Current history level: NONE, level required: FULL
10:48:04,992 [main] DEBUG org.activiti.engine.impl.history.DefaultHistoryManager  - Current history level: NONE, level required: ACTIVITY
10:48:04,992 [main] DEBUG org.activiti.engine.impl.history.DefaultHistoryManager  - Current history level: NONE, level required: FULL
10:48:04,992 [main] DEBUG org.activiti.engine.impl.history.DefaultHistoryManager  - Current history level: NONE, level required: ACTIVITY
10:48:04,992 [main] DEBUG org.activiti.engine.impl.history.DefaultHistoryManager  - Current history level: NONE, level required: FULL
10:48:04,992 [main] DEBUG org.activiti.engine.impl.history.DefaultHistoryManager  - Current history level: NONE, level required: ACTIVITY
10:48:04,992 [main] DEBUG org.activiti.engine.impl.history.DefaultHistoryManager  - Current history level: NONE, level required: FULL
10:48:04,992 [main] DEBUG org.activiti.engine.impl.history.DefaultHistoryManager  - Current history level: NONE, level required: ACTIVITY
10:48:04,992 [main] DEBUG org.activiti.engine.impl.history.DefaultHistoryManager  - Current history level: NONE, level required: FULL
10:48:04,992 [main] DEBUG org.activiti.engine.impl.history.DefaultHistoryManager  - Current history level: NONE, level required: ACTIVITY
10:48:04,992 [main] DEBUG org.activiti.engine.impl.history.DefaultHistoryManager  - Current history level: NONE, level required: FULL
10:48:04,992 [main] DEBUG org.activiti.engine.impl.history.DefaultHistoryManager  - Current history level: NONE, level required: ACTIVITY
10:48:04,992 [main] DEBUG org.activiti.engine.impl.history.DefaultHistoryManager  - Current history level: NONE, level required: FULL
10:48:04,992 [main] DEBUG org.activiti.engine.impl.history.DefaultHistoryManager  - Current history level: NONE, level required: ACTIVITY
10:48:04,992 [main] DEBUG org.activiti.engine.impl.history.DefaultHistoryManager  - Current history level: NONE, level required: FULL
10:48:04,992 [main] DEBUG org.activiti.engine.impl.history.DefaultHistoryManager  - Current history level: NONE, level required: ACTIVITY
10:48:04,992 [main] DEBUG org.activiti.engine.impl.history.DefaultHistoryManager  - Current history level: NONE, level required: FULL
10:48:04,992 [main] DEBUG org.activiti.engine.impl.history.DefaultHistoryManager  - Current history level: NONE, level required: ACTIVITY
10:48:04,992 [main] DEBUG org.activiti.engine.impl.history.DefaultHistoryManager  - Current history level: NONE, level required: FULL
10:48:04,992 [main] DEBUG org.activiti.engine.impl.history.DefaultHistoryManager  - Current history level: NONE, level required: ACTIVITY
10:48:04,992 [main] DEBUG org.activiti.engine.impl.history.DefaultHistoryManager  - Current history level: NONE, level required: FULL
10:48:04,993 [main] DEBUG org.activiti.engine.impl.history.DefaultHistoryManager  - Current history level: NONE, level required: ACTIVITY
10:48:04,993 [main] DEBUG org.activiti.engine.impl.history.DefaultHistoryManager  - Current history level: NONE, level required: FULL
10:48:04,993 [main] DEBUG org.activiti.engine.impl.history.DefaultHistoryManager  - Current history level: NONE, level required: ACTIVITY
10:48:04,993 [main] DEBUG org.activiti.engine.impl.history.DefaultHistoryManager  - Current history level: NONE, level required: FULL
10:48:04,993 [main] DEBUG org.activiti.engine.impl.history.DefaultHistoryManager  - Current history level: NONE, level required: ACTIVITY
10:48:04,993 [main] DEBUG org.activiti.engine.impl.history.DefaultHistoryManager  - Current history level: NONE, level required: FULL
10:48:04,993 [main] DEBUG org.activiti.engine.impl.history.DefaultHistoryManager  - Current history level: NONE, level required: ACTIVITY
10:48:04,993 [main] DEBUG org.activiti.engine.impl.history.DefaultHistoryManager  - Current history level: NONE, level required: FULL
10:48:04,993 [main] DEBUG org.activiti.engine.impl.history.DefaultHistoryManager  - Current history level: NONE, level required: ACTIVITY
10:48:04,993 [main] DEBUG org.activiti.engine.impl.history.DefaultHistoryManager  - Current history level: NONE, level required: FULL
10:48:04,993 [main] DEBUG org.activiti.engine.impl.history.DefaultHistoryManager  - Current history level: NONE, level required: ACTIVITY
10:48:04,993 [main] DEBUG org.activiti.engine.impl.history.DefaultHistoryManager  - Current history level: NONE, level required: FULL
10:48:04,993 [main] DEBUG org.activiti.engine.impl.history.DefaultHistoryManager  - Current history level: NONE, level required: ACTIVITY
10:48:04,993 [main] DEBUG org.activiti.engine.impl.history.DefaultHistoryManager  - Current history level: NONE, level required: FULL
10:48:04,993 [main] DEBUG org.activiti.engine.impl.history.DefaultHistoryManager  - Current history level: NONE, level required: ACTIVITY
10:48:04,993 [main] DEBUG org.activiti.engine.impl.history.DefaultHistoryManager  - Current history level: NONE, level required: FULL
10:48:04,993 [main] DEBUG org.activiti.engine.impl.history.DefaultHistoryManager  - Current history level: NONE, level required: ACTIVITY
10:48:04,993 [main] DEBUG org.activiti.engine.impl.history.DefaultHistoryManager  - Current history level: NONE, level required: FULL
10:48:04,993 [main] DEBUG org.activiti.engine.impl.history.DefaultHistoryManager  - Current history level: NONE, level required: ACTIVITY
10:48:04,993 [main] DEBUG org.activiti.engine.impl.history.DefaultHistoryManager  - Current history level: NONE, level required: FULL
10:48:04,993 [main] DEBUG org.activiti.engine.impl.history.DefaultHistoryManager  - Current history level: NONE, level required: ACTIVITY
10:48:04,993 [main] DEBUG org.activiti.engine.impl.history.DefaultHistoryManager  - Current history level: NONE, level required: FULL
10:48:04,993 [main] DEBUG org.activiti.engine.impl.history.DefaultHistoryManager  - Current history level: NONE, level required: ACTIVITY
10:48:04,993 [main] DEBUG org.activiti.engine.impl.history.DefaultHistoryManager  - Current history level: NONE, level required: FULL
10:48:04,993 [main] DEBUG org.activiti.engine.impl.history.DefaultHistoryManager  - Current history level: NONE, level required: ACTIVITY
10:48:04,993 [main] DEBUG org.activiti.engine.impl.history.DefaultHistoryManager  - Current history level: NONE, level required: FULL
10:48:04,993 [main] DEBUG org.activiti.engine.impl.history.DefaultHistoryManager  - Current history level: NONE, level required: ACTIVITY
10:48:04,993 [main] DEBUG org.activiti.engine.impl.history.DefaultHistoryManager  - Current history level: NONE, level required: FULL
10:48:04,993 [main] DEBUG org.activiti.engine.impl.history.DefaultHistoryManager  - Current history level: NONE, level required: ACTIVITY
10:48:04,993 [main] DEBUG org.activiti.engine.impl.history.DefaultHistoryManager  - Current history level: NONE, level required: FULL
10:48:04,993 [main] DEBUG org.activiti.engine.impl.history.DefaultHistoryManager  - Current history level: NONE, level required: ACTIVITY
10:48:04,993 [main] DEBUG org.activiti.engine.impl.history.DefaultHistoryManager  - Current history level: NONE, level required: FULL
10:48:04,993 [main] DEBUG org.activiti.engine.impl.history.DefaultHistoryManager  - Current history level: NONE, level required: ACTIVITY
10:48:04,993 [main] DEBUG org.activiti.engine.impl.history.DefaultHistoryManager  - Current history level: NONE, level required: FULL
10:48:04,993 [main] DEBUG org.activiti.engine.impl.history.DefaultHistoryManager  - Current history level: NONE, level required: ACTIVITY
10:48:04,993 [main] DEBUG org.activiti.engine.impl.history.DefaultHistoryManager  - Current history level: NONE, level required: FULL
10:48:04,993 [main] DEBUG org.activiti.engine.impl.history.DefaultHistoryManager  - Current history level: NONE, level required: ACTIVITY
10:48:04,993 [main] DEBUG org.activiti.engine.impl.history.DefaultHistoryManager  - Current history level: NONE, level required: FULL
10:48:04,993 [main] DEBUG org.activiti.engine.impl.history.DefaultHistoryManager  - Current history level: NONE, level required: ACTIVITY
10:48:04,993 [main] DEBUG org.activiti.engine.impl.history.DefaultHistoryManager  - Current history level: NONE, level required: FULL
10:48:04,993 [main] DEBUG org.activiti.engine.impl.history.DefaultHistoryManager  - Current history level: NONE, level required: ACTIVITY
10:48:04,993 [main] DEBUG org.activiti.engine.impl.history.DefaultHistoryManager  - Current history level: NONE, level required: FULL
10:48:04,993 [main] DEBUG org.activiti.engine.impl.history.DefaultHistoryManager  - Current history level: NONE, level required: ACTIVITY
10:48:04,993 [main] DEBUG org.activiti.engine.impl.history.DefaultHistoryManager  - Current history level: NONE, level required: FULL
10:48:04,993 [main] DEBUG org.activiti.engine.impl.history.DefaultHistoryManager  - Current history level: NONE, level required: ACTIVITY
10:48:04,993 [main] DEBUG org.activiti.engine.impl.history.DefaultHistoryManager  - Current history level: NONE, level required: FULL
10:48:04,993 [main] DEBUG org.activiti.engine.impl.history.DefaultHistoryManager  - Current history level: NONE, level required: ACTIVITY
10:48:04,994 [main] DEBUG org.activiti.engine.impl.history.DefaultHistoryManager  - Current history level: NONE, level required: FULL
10:48:04,994 [main] DEBUG org.activiti.engine.impl.history.DefaultHistoryManager  - Current history level: NONE, level required: ACTIVITY
10:48:04,994 [main] DEBUG org.activiti.engine.impl.history.DefaultHistoryManager  - Current history level: NONE, level required: FULL
10:48:04,994 [main] DEBUG org.activiti.engine.impl.history.DefaultHistoryManager  - Current history level: NONE, level required: ACTIVITY
10:48:04,994 [main] DEBUG org.activiti.engine.impl.history.DefaultHistoryManager  - Current history level: NONE, level required: FULL
10:48:04,994 [main] DEBUG org.activiti.engine.impl.history.DefaultHistoryManager  - Current history level: NONE, level required: ACTIVITY
10:48:04,994 [main] DEBUG org.activiti.engine.impl.history.DefaultHistoryManager  - Current history level: NONE, level required: FULL
10:48:04,994 [main] DEBUG org.activiti.engine.impl.history.DefaultHistoryManager  - Current history level: NONE, level required: ACTIVITY
10:48:04,994 [main] DEBUG org.activiti.engine.impl.history.DefaultHistoryManager  - Current history level: NONE, level required: FULL
10:48:04,994 [main] DEBUG org.activiti.engine.impl.history.DefaultHistoryManager  - Current history level: NONE, level required: ACTIVITY
10:48:04,994 [main] DEBUG org.activiti.engine.impl.history.DefaultHistoryManager  - Current history level: NONE, level required: FULL
10:48:04,994 [main] DEBUG org.activiti.engine.impl.history.DefaultHistoryManager  - Current history level: NONE, level required: ACTIVITY
10:48:04,994 [main] DEBUG org.activiti.engine.impl.history.DefaultHistoryManager  - Current history level: NONE, level required: FULL
10:48:04,994 [main] DEBUG org.activiti.engine.impl.history.DefaultHistoryManager  - Current history level: NONE, level required: ACTIVITY
10:48:04,994 [main] DEBUG org.activiti.engine.impl.history.DefaultHistoryManager  - Current history level: NONE, level required: FULL
10:48:04,994 [main] DEBUG org.activiti.engine.impl.history.DefaultHistoryManager  - Current history level: NONE, level required: ACTIVITY
10:48:04,994 [main] DEBUG org.activiti.engine.impl.history.DefaultHistoryManager  - Current history level: NONE, level required: FULL
10:48:04,994 [main] DEBUG org.activiti.engine.impl.history.DefaultHistoryManager  - Current history level: NONE, level required: ACTIVITY
10:48:04,994 [main] DEBUG org.activiti.engine.impl.history.DefaultHistoryManager  - Current history level: NONE, level required: FULL
10:48:04,994 [main] DEBUG org.activiti.engine.impl.history.DefaultHistoryManager  - Current history level: NONE, level required: ACTIVITY
10:48:04,994 [main] DEBUG org.activiti.engine.impl.history.DefaultHistoryManager  - Current history level: NONE, level required: FULL
10:48:04,994 [main] DEBUG org.activiti.engine.impl.history.DefaultHistoryManager  - Current history level: NONE, level required: ACTIVITY
10:48:04,994 [main] DEBUG org.activiti.engine.impl.history.DefaultHistoryManager  - Current history level: NONE, level required: FULL
10:48:04,994 [main] DEBUG org.activiti.engine.impl.history.DefaultHistoryManager  - Current history level: NONE, level required: ACTIVITY
10:48:04,994 [main] DEBUG org.activiti.engine.impl.history.DefaultHistoryManager  - Current history level: NONE, level required: FULL
10:48:04,994 [main] DEBUG org.activiti.engine.impl.history.DefaultHistoryManager  - Current history level: NONE, level required: ACTIVITY
10:48:04,994 [main] DEBUG org.activiti.engine.impl.history.DefaultHistoryManager  - Current history level: NONE, level required: FULL
10:48:04,994 [main] DEBUG org.activiti.engine.impl.history.DefaultHistoryManager  - Current history level: NONE, level required: ACTIVITY
10:48:04,994 [main] DEBUG org.activiti.engine.impl.history.DefaultHistoryManager  - Current history level: NONE, level required: FULL
10:48:04,994 [main] DEBUG org.activiti.engine.impl.history.DefaultHistoryManager  - Current history level: NONE, level required: ACTIVITY
10:48:04,994 [main] DEBUG org.activiti.engine.impl.history.DefaultHistoryManager  - Current history level: NONE, level required: FULL
10:48:04,994 [main] DEBUG org.activiti.engine.impl.history.DefaultHistoryManager  - Current history level: NONE, level required: ACTIVITY
10:48:04,994 [main] DEBUG org.activiti.engine.impl.history.DefaultHistoryManager  - Current history level: NONE, level required: FULL
10:48:04,994 [main] DEBUG org.activiti.engine.impl.history.DefaultHistoryManager  - Current history level: NONE, level required: ACTIVITY
10:48:04,994 [main] DEBUG org.activiti.engine.impl.history.DefaultHistoryManager  - Current history level: NONE, level required: FULL
10:48:04,994 [main] DEBUG org.activiti.engine.impl.history.DefaultHistoryManager  - Current history level: NONE, level required: ACTIVITY
10:48:04,994 [main] DEBUG org.activiti.engine.impl.history.DefaultHistoryManager  - Current history level: NONE, level required: FULL
10:48:04,994 [main] DEBUG org.activiti.engine.impl.history.DefaultHistoryManager  - Current history level: NONE, level required: ACTIVITY
10:48:04,994 [main] DEBUG org.activiti.engine.impl.history.DefaultHistoryManager  - Current history level: NONE, level required: FULL
10:48:04,994 [main] DEBUG org.activiti.engine.impl.history.DefaultHistoryManager  - Current history level: NONE, level required: ACTIVITY
10:48:04,994 [main] DEBUG org.activiti.engine.impl.history.DefaultHistoryManager  - Current history level: NONE, level required: FULL
10:48:04,994 [main] DEBUG org.activiti.engine.impl.history.DefaultHistoryManager  - Current history level: NONE, level required: ACTIVITY
10:48:04,994 [main] DEBUG org.activiti.engine.impl.history.DefaultHistoryManager  - Current history level: NONE, level required: FULL
10:48:04,995 [main] DEBUG org.activiti.engine.impl.history.DefaultHistoryManager  - Current history level: NONE, level required: ACTIVITY
10:48:04,995 [main] DEBUG org.activiti.engine.impl.history.DefaultHistoryManager  - Current history level: NONE, level required: FULL
10:48:04,995 [main] DEBUG org.activiti.engine.impl.history.DefaultHistoryManager  - Current history level: NONE, level required: ACTIVITY
10:48:04,995 [main] DEBUG org.activiti.engine.impl.history.DefaultHistoryManager  - Current history level: NONE, level required: FULL
10:48:04,995 [main] DEBUG org.activiti.engine.impl.history.DefaultHistoryManager  - Current history level: NONE, level required: ACTIVITY
10:48:04,995 [main] DEBUG org.activiti.engine.impl.history.DefaultHistoryManager  - Current history level: NONE, level required: FULL
10:48:04,995 [main] DEBUG org.activiti.engine.impl.history.DefaultHistoryManager  - Current history level: NONE, level required: ACTIVITY
10:48:04,995 [main] DEBUG org.activiti.engine.impl.history.DefaultHistoryManager  - Current history level: NONE, level required: FULL
10:48:04,995 [main] DEBUG org.activiti.engine.impl.history.DefaultHistoryManager  - Current history level: NONE, level required: ACTIVITY
10:48:04,995 [main] DEBUG org.activiti.engine.impl.history.DefaultHistoryManager  - Current history level: NONE, level required: FULL
10:48:04,995 [main] DEBUG org.activiti.engine.impl.history.DefaultHistoryManager  - Current history level: NONE, level required: ACTIVITY
10:48:04,995 [main] DEBUG org.activiti.engine.impl.history.DefaultHistoryManager  - Current history level: NONE, level required: FULL
10:48:04,995 [main] DEBUG org.activiti.engine.impl.history.DefaultHistoryManager  - Current history level: NONE, level required: ACTIVITY
10:48:04,995 [main] DEBUG org.activiti.engine.impl.history.DefaultHistoryManager  - Current history level: NONE, level required: FULL
10:48:04,995 [main] DEBUG org.activiti.engine.impl.history.DefaultHistoryManager  - Current history level: NONE, level required: ACTIVITY
10:48:04,995 [main] DEBUG org.activiti.engine.impl.history.DefaultHistoryManager  - Current history level: NONE, level required: FULL
10:48:04,995 [main] DEBUG org.activiti.engine.impl.history.DefaultHistoryManager  - Current history level: NONE, level required: ACTIVITY
10:48:04,995 [main] DEBUG org.activiti.engine.impl.history.DefaultHistoryManager  - Current history level: NONE, level required: FULL
10:48:04,995 [main] DEBUG org.activiti.engine.impl.history.DefaultHistoryManager  - Current history level: NONE, level required: ACTIVITY
10:48:04,995 [main] DEBUG org.activiti.engine.impl.history.DefaultHistoryManager  - Current history level: NONE, level required: FULL
10:48:04,995 [main] DEBUG org.activiti.engine.impl.history.DefaultHistoryManager  - Current history level: NONE, level required: ACTIVITY
10:48:04,995 [main] DEBUG org.activiti.engine.impl.history.DefaultHistoryManager  - Current history level: NONE, level required: FULL
10:48:04,996 [main] DEBUG org.activiti.engine.impl.history.DefaultHistoryManager  - Current history level: NONE, level required: ACTIVITY
10:48:04,996 [main] DEBUG org.activiti.engine.impl.history.DefaultHistoryManager  - Current history level: NONE, level required: FULL
10:48:04,996 [main] DEBUG org.activiti.engine.impl.history.DefaultHistoryManager  - Current history level: NONE, level required: ACTIVITY
10:48:04,996 [main] DEBUG org.activiti.engine.impl.history.DefaultHistoryManager  - Current history level: NONE, level required: FULL
10:48:04,996 [main] DEBUG org.activiti.engine.impl.history.DefaultHistoryManager  - Current history level: NONE, level required: ACTIVITY
10:48:04,996 [main] DEBUG org.activiti.engine.impl.history.DefaultHistoryManager  - Current history level: NONE, level required: FULL
10:48:04,996 [main] DEBUG org.activiti.engine.impl.history.DefaultHistoryManager  - Current history level: NONE, level required: ACTIVITY
10:48:04,996 [main] DEBUG org.activiti.engine.impl.history.DefaultHistoryManager  - Current history level: NONE, level required: FULL
10:48:04,996 [main] DEBUG org.activiti.engine.impl.history.DefaultHistoryManager  - Current history level: NONE, level required: ACTIVITY
10:48:04,996 [main] DEBUG org.activiti.engine.impl.history.DefaultHistoryManager  - Current history level: NONE, level required: FULL
10:48:04,996 [main] DEBUG org.activiti.engine.impl.history.DefaultHistoryManager  - Current history level: NONE, level required: ACTIVITY
10:48:04,996 [main] DEBUG org.activiti.engine.impl.history.DefaultHistoryManager  - Current history level: NONE, level required: FULL
10:48:04,996 [main] DEBUG org.activiti.engine.impl.history.DefaultHistoryManager  - Current history level: NONE, level required: ACTIVITY
10:48:04,997 [main] DEBUG org.activiti.engine.impl.history.DefaultHistoryManager  - Current history level: NONE, level required: FULL
10:48:04,997 [main] DEBUG org.activiti.engine.impl.history.DefaultHistoryManager  - Current history level: NONE, level required: ACTIVITY
10:48:04,997 [main] DEBUG org.activiti.engine.impl.history.DefaultHistoryManager  - Current history level: NONE, level required: FULL
10:48:04,997 [main] DEBUG org.activiti.engine.impl.history.DefaultHistoryManager  - Current history level: NONE, level required: ACTIVITY
10:48:04,997 [main] DEBUG org.activiti.engine.impl.history.DefaultHistoryManager  - Current history level: NONE, level required: FULL
10:48:04,997 [main] DEBUG org.activiti.engine.impl.history.DefaultHistoryManager  - Current history level: NONE, level required: ACTIVITY
10:48:04,997 [main] DEBUG org.activiti.engine.impl.history.DefaultHistoryManager  - Current history level: NONE, level required: FULL
10:48:04,997 [main] DEBUG org.activiti.engine.impl.history.DefaultHistoryManager  - Current history level: NONE, level required: ACTIVITY
10:48:04,997 [main] DEBUG org.activiti.engine.impl.history.DefaultHistoryManager  - Current history level: NONE, level required: FULL
10:48:04,997 [main] DEBUG org.activiti.engine.impl.history.DefaultHistoryManager  - Current history level: NONE, level required: ACTIVITY
10:48:04,997 [main] DEBUG org.activiti.engine.impl.history.DefaultHistoryManager  - Current history level: NONE, level required: FULL
10:48:04,997 [main] DEBUG org.activiti.engine.impl.history.DefaultHistoryManager  - Current history level: NONE, level required: ACTIVITY
10:48:04,997 [main] DEBUG org.activiti.engine.impl.history.DefaultHistoryManager  - Current history level: NONE, level required: FULL
10:48:04,997 [main] DEBUG org.activiti.engine.impl.history.DefaultHistoryManager  - Current history level: NONE, level required: ACTIVITY
10:48:04,997 [main] DEBUG org.activiti.engine.impl.history.DefaultHistoryManager  - Current history level: NONE, level required: FULL
10:48:04,997 [main] DEBUG org.activiti.engine.impl.history.DefaultHistoryManager  - Current history level: NONE, level required: ACTIVITY
10:48:04,997 [main] DEBUG org.activiti.engine.impl.history.DefaultHistoryManager  - Current history level: NONE, level required: FULL
10:48:04,997 [main] DEBUG org.activiti.engine.impl.history.DefaultHistoryManager  - Current history level: NONE, level required: ACTIVITY
10:48:04,998 [main] DEBUG org.activiti.engine.impl.history.DefaultHistoryManager  - Current history level: NONE, level required: FULL
10:48:04,998 [main] DEBUG org.activiti.engine.impl.history.DefaultHistoryManager  - Current history level: NONE, level required: ACTIVITY
10:48:04,998 [main] DEBUG org.activiti.engine.impl.history.DefaultHistoryManager  - Current history level: NONE, level required: FULL
10:48:04,998 [main] DEBUG org.activiti.engine.impl.history.DefaultHistoryManager  - Current history level: NONE, level required: ACTIVITY
10:48:04,998 [main] DEBUG org.activiti.engine.impl.history.DefaultHistoryManager  - Current history level: NONE, level required: FULL
10:48:04,998 [main] DEBUG org.activiti.engine.impl.history.DefaultHistoryManager  - Current history level: NONE, level required: ACTIVITY
10:48:04,998 [main] DEBUG org.activiti.engine.impl.history.DefaultHistoryManager  - Current history level: NONE, level required: FULL
10:48:04,998 [main] DEBUG org.activiti.engine.impl.history.DefaultHistoryManager  - Current history level: NONE, level required: ACTIVITY
10:48:04,998 [main] DEBUG org.activiti.engine.impl.history.DefaultHistoryManager  - Current history level: NONE, level required: FULL
10:48:04,998 [main] DEBUG org.activiti.engine.impl.history.DefaultHistoryManager  - Current history level: NONE, level required: ACTIVITY
10:48:04,998 [main] DEBUG org.activiti.engine.impl.history.DefaultHistoryManager  - Current history level: NONE, level required: FULL
10:48:04,998 [main] DEBUG org.activiti.engine.impl.history.DefaultHistoryManager  - Current history level: NONE, level required: ACTIVITY
10:48:04,998 [main] DEBUG org.activiti.engine.impl.history.DefaultHistoryManager  - Current history level: NONE, level required: FULL
10:48:04,998 [main] DEBUG org.activiti.engine.impl.history.DefaultHistoryManager  - Current history level: NONE, level required: ACTIVITY
10:48:04,999 [main] DEBUG org.activiti.engine.impl.history.DefaultHistoryManager  - Current history level: NONE, level required: FULL
10:48:04,999 [main] DEBUG org.activiti.engine.impl.history.DefaultHistoryManager  - Current history level: NONE, level required: ACTIVITY
10:48:04,999 [main] DEBUG org.activiti.engine.impl.history.DefaultHistoryManager  - Current history level: NONE, level required: FULL
10:48:04,999 [main] DEBUG org.activiti.engine.impl.history.DefaultHistoryManager  - Current history level: NONE, level required: ACTIVITY
10:48:04,999 [main] DEBUG org.activiti.engine.impl.history.DefaultHistoryManager  - Current history level: NONE, level required: FULL
10:48:04,999 [main] DEBUG org.activiti.engine.impl.history.DefaultHistoryManager  - Current history level: NONE, level required: ACTIVITY
10:48:04,999 [main] DEBUG org.activiti.engine.impl.history.DefaultHistoryManager  - Current history level: NONE, level required: FULL
10:48:04,999 [main] DEBUG org.activiti.engine.impl.history.DefaultHistoryManager  - Current history level: NONE, level required: ACTIVITY
10:48:04,999 [main] DEBUG org.activiti.engine.impl.history.DefaultHistoryManager  - Current history level: NONE, level required: FULL
10:48:04,999 [main] DEBUG org.activiti.engine.impl.history.DefaultHistoryManager  - Current history level: NONE, level required: ACTIVITY
10:48:04,999 [main] DEBUG org.activiti.engine.impl.history.DefaultHistoryManager  - Current history level: NONE, level required: FULL
10:48:04,999 [main] DEBUG org.activiti.engine.impl.history.DefaultHistoryManager  - Current history level: NONE, level required: ACTIVITY
10:48:04,999 [main] DEBUG org.activiti.engine.impl.history.DefaultHistoryManager  - Current history level: NONE, level required: FULL
10:48:04,999 [main] DEBUG org.activiti.engine.impl.history.DefaultHistoryManager  - Current history level: NONE, level required: ACTIVITY
10:48:04,999 [main] DEBUG org.activiti.engine.impl.history.DefaultHistoryManager  - Current history level: NONE, level required: FULL
10:48:04,999 [main] DEBUG org.activiti.engine.impl.history.DefaultHistoryManager  - Current history level: NONE, level required: ACTIVITY
10:48:04,999 [main] DEBUG org.activiti.engine.impl.history.DefaultHistoryManager  - Current history level: NONE, level required: FULL
10:48:04,999 [main] DEBUG org.activiti.engine.impl.history.DefaultHistoryManager  - Current history level: NONE, level required: ACTIVITY
10:48:04,999 [main] DEBUG org.activiti.engine.impl.history.DefaultHistoryManager  - Current history level: NONE, level required: FULL
10:48:04,999 [main] DEBUG org.activiti.engine.impl.history.DefaultHistoryManager  - Current history level: NONE, level required: ACTIVITY
10:48:04,999 [main] DEBUG org.activiti.engine.impl.history.DefaultHistoryManager  - Current history level: NONE, level required: FULL
10:48:04,999 [main] DEBUG org.activiti.engine.impl.history.DefaultHistoryManager  - Current history level: NONE, level required: ACTIVITY
10:48:04,999 [main] DEBUG org.activiti.engine.impl.history.DefaultHistoryManager  - Current history level: NONE, level required: FULL
10:48:04,999 [main] DEBUG org.activiti.engine.impl.history.DefaultHistoryManager  - Current history level: NONE, level required: ACTIVITY
10:48:05,000 [main] DEBUG org.activiti.engine.impl.history.DefaultHistoryManager  - Current history level: NONE, level required: FULL
10:48:05,000 [main] DEBUG org.activiti.engine.impl.history.DefaultHistoryManager  - Current history level: NONE, level required: ACTIVITY
10:48:05,000 [main] DEBUG org.activiti.engine.impl.history.DefaultHistoryManager  - Current history level: NONE, level required: FULL
10:48:05,000 [main] DEBUG org.activiti.engine.impl.history.DefaultHistoryManager  - Current history level: NONE, level required: ACTIVITY
10:48:05,000 [main] DEBUG org.activiti.engine.impl.history.DefaultHistoryManager  - Current history level: NONE, level required: FULL
10:48:05,000 [main] DEBUG org.activiti.engine.impl.history.DefaultHistoryManager  - Current history level: NONE, level required: ACTIVITY
10:48:05,000 [main] DEBUG org.activiti.engine.impl.history.DefaultHistoryManager  - Current history level: NONE, level required: FULL
10:48:05,000 [main] DEBUG org.activiti.engine.impl.history.DefaultHistoryManager  - Current history level: NONE, level required: ACTIVITY
10:48:05,000 [main] DEBUG org.activiti.engine.impl.history.DefaultHistoryManager  - Current history level: NONE, level required: FULL
10:48:05,000 [main] DEBUG org.activiti.engine.impl.history.DefaultHistoryManager  - Current history level: NONE, level required: ACTIVITY
10:48:05,000 [main] DEBUG org.activiti.engine.impl.history.DefaultHistoryManager  - Current history level: NONE, level required: FULL
10:48:05,000 [main] DEBUG org.activiti.engine.impl.history.DefaultHistoryManager  - Current history level: NONE, level required: ACTIVITY
10:48:05,000 [main] DEBUG org.activiti.engine.impl.history.DefaultHistoryManager  - Current history level: NONE, level required: FULL
10:48:05,000 [main] DEBUG org.activiti.engine.impl.history.DefaultHistoryManager  - Current history level: NONE, level required: ACTIVITY
10:48:05,000 [main] DEBUG org.activiti.engine.impl.history.DefaultHistoryManager  - Current history level: NONE, level required: FULL
10:48:05,000 [main] DEBUG org.activiti.engine.impl.history.DefaultHistoryManager  - Current history level: NONE, level required: ACTIVITY
10:48:05,000 [main] DEBUG org.activiti.engine.impl.history.DefaultHistoryManager  - Current history level: NONE, level required: FULL
10:48:05,000 [main] DEBUG org.activiti.engine.impl.history.DefaultHistoryManager  - Current history level: NONE, level required: ACTIVITY
10:48:05,000 [main] DEBUG org.activiti.engine.impl.history.DefaultHistoryManager  - Current history level: NONE, level required: FULL
10:48:05,000 [main] DEBUG org.activiti.engine.impl.history.DefaultHistoryManager  - Current history level: NONE, level required: ACTIVITY
10:48:05,000 [main] DEBUG org.activiti.engine.impl.history.DefaultHistoryManager  - Current history level: NONE, level required: FULL
10:48:05,000 [main] DEBUG org.activiti.engine.impl.history.DefaultHistoryManager  - Current history level: NONE, level required: ACTIVITY
10:48:05,000 [main] DEBUG org.activiti.engine.impl.history.DefaultHistoryManager  - Current history level: NONE, level required: FULL
10:48:05,000 [main] DEBUG org.activiti.engine.impl.history.DefaultHistoryManager  - Current history level: NONE, level required: ACTIVITY
10:48:05,000 [main] DEBUG org.activiti.engine.impl.history.DefaultHistoryManager  - Current history level: NONE, level required: FULL
10:48:05,000 [main] DEBUG org.activiti.engine.impl.history.DefaultHistoryManager  - Current history level: NONE, level required: ACTIVITY
10:48:05,000 [main] DEBUG org.activiti.engine.impl.history.DefaultHistoryManager  - Current history level: NONE, level required: FULL
10:48:05,000 [main] DEBUG org.activiti.engine.impl.history.DefaultHistoryManager  - Current history level: NONE, level required: ACTIVITY
10:48:05,000 [main] DEBUG org.activiti.engine.impl.history.DefaultHistoryManager  - Current history level: NONE, level required: FULL
10:48:05,000 [main] DEBUG org.activiti.engine.impl.history.DefaultHistoryManager  - Current history level: NONE, level required: ACTIVITY
10:48:05,000 [main] DEBUG org.activiti.engine.impl.history.DefaultHistoryManager  - Current history level: NONE, level required: FULL
10:48:05,000 [main] DEBUG org.activiti.engine.impl.history.DefaultHistoryManager  - Current history level: NONE, level required: ACTIVITY
10:48:05,000 [main] DEBUG org.activiti.engine.impl.history.DefaultHistoryManager  - Current history level: NONE, level required: FULL
10:48:05,000 [main] DEBUG org.activiti.engine.impl.history.DefaultHistoryManager  - Current history level: NONE, level required: ACTIVITY
10:48:05,000 [main] DEBUG org.activiti.engine.impl.history.DefaultHistoryManager  - Current history level: NONE, level required: FULL
10:48:05,001 [main] DEBUG org.activiti.engine.impl.history.DefaultHistoryManager  - Current history level: NONE, level required: ACTIVITY
10:48:05,001 [main] DEBUG org.activiti.engine.impl.history.DefaultHistoryManager  - Current history level: NONE, level required: FULL
10:48:05,001 [main] DEBUG org.activiti.engine.impl.history.DefaultHistoryManager  - Current history level: NONE, level required: ACTIVITY
10:48:05,001 [main] DEBUG org.activiti.engine.impl.history.DefaultHistoryManager  - Current history level: NONE, level required: FULL
10:48:05,001 [main] DEBUG org.activiti.engine.impl.history.DefaultHistoryManager  - Current history level: NONE, level required: ACTIVITY
10:48:05,001 [main] DEBUG org.activiti.engine.impl.history.DefaultHistoryManager  - Current history level: NONE, level required: FULL
10:48:05,001 [main] DEBUG org.activiti.engine.impl.history.DefaultHistoryManager  - Current history level: NONE, level required: ACTIVITY
10:48:05,001 [main] DEBUG org.activiti.engine.impl.history.DefaultHistoryManager  - Current history level: NONE, level required: FULL
10:48:05,001 [main] DEBUG org.activiti.engine.impl.history.DefaultHistoryManager  - Current history level: NONE, level required: ACTIVITY
10:48:05,001 [main] DEBUG org.activiti.engine.impl.history.DefaultHistoryManager  - Current history level: NONE, level required: FULL
10:48:05,001 [main] DEBUG org.activiti.engine.impl.history.DefaultHistoryManager  - Current history level: NONE, level required: ACTIVITY
10:48:05,001 [main] DEBUG org.activiti.engine.impl.history.DefaultHistoryManager  - Current history level: NONE, level required: FULL
10:48:05,001 [main] DEBUG org.activiti.engine.impl.history.DefaultHistoryManager  - Current history level: NONE, level required: ACTIVITY
10:48:05,001 [main] DEBUG org.activiti.engine.impl.history.DefaultHistoryManager  - Current history level: NONE, level required: FULL
10:48:05,001 [main] DEBUG org.activiti.engine.impl.history.DefaultHistoryManager  - Current history level: NONE, level required: ACTIVITY
10:48:05,001 [main] DEBUG org.activiti.engine.impl.history.DefaultHistoryManager  - Current history level: NONE, level required: FULL
10:48:05,001 [main] DEBUG org.activiti.engine.impl.history.DefaultHistoryManager  - Current history level: NONE, level required: ACTIVITY
10:48:05,001 [main] DEBUG org.activiti.engine.impl.history.DefaultHistoryManager  - Current history level: NONE, level required: FULL
10:48:05,001 [main] DEBUG org.activiti.engine.impl.history.DefaultHistoryManager  - Current history level: NONE, level required: ACTIVITY
10:48:05,001 [main] DEBUG org.activiti.engine.impl.history.DefaultHistoryManager  - Current history level: NONE, level required: FULL
10:48:05,001 [main] DEBUG org.activiti.engine.impl.history.DefaultHistoryManager  - Current history level: NONE, level required: ACTIVITY
10:48:05,001 [main] DEBUG org.activiti.engine.impl.history.DefaultHistoryManager  - Current history level: NONE, level required: FULL
10:48:05,001 [main] DEBUG org.activiti.engine.impl.history.DefaultHistoryManager  - Current history level: NONE, level required: ACTIVITY
10:48:05,002 [main] DEBUG org.activiti.engine.impl.history.DefaultHistoryManager  - Current history level: NONE, level required: FULL
10:48:05,002 [main] DEBUG org.activiti.engine.impl.history.DefaultHistoryManager  - Current history level: NONE, level required: ACTIVITY
10:48:05,002 [main] DEBUG org.activiti.engine.impl.history.DefaultHistoryManager  - Current history level: NONE, level required: FULL
10:48:05,002 [main] DEBUG org.activiti.engine.impl.history.DefaultHistoryManager  - Current history level: NONE, level required: ACTIVITY
10:48:05,002 [main] DEBUG org.activiti.engine.impl.history.DefaultHistoryManager  - Current history level: NONE, level required: FULL
10:48:05,002 [main] DEBUG org.activiti.engine.impl.history.DefaultHistoryManager  - Current history level: NONE, level required: ACTIVITY
10:48:05,002 [main] DEBUG org.activiti.engine.impl.history.DefaultHistoryManager  - Current history level: NONE, level required: FULL
10:48:05,002 [main] DEBUG org.activiti.engine.impl.history.DefaultHistoryManager  - Current history level: NONE, level required: ACTIVITY
10:48:05,002 [main] DEBUG org.activiti.engine.impl.history.DefaultHistoryManager  - Current history level: NONE, level required: FULL
10:48:05,002 [main] DEBUG org.activiti.engine.impl.history.DefaultHistoryManager  - Current history level: NONE, level required: ACTIVITY
10:48:05,002 [main] DEBUG org.activiti.engine.impl.history.DefaultHistoryManager  - Current history level: NONE, level required: FULL
10:48:05,002 [main] DEBUG org.activiti.engine.impl.history.DefaultHistoryManager  - Current history level: NONE, level required: ACTIVITY
10:48:05,002 [main] DEBUG org.activiti.engine.impl.history.DefaultHistoryManager  - Current history level: NONE, level required: FULL
10:48:05,002 [main] DEBUG org.activiti.engine.impl.history.DefaultHistoryManager  - Current history level: NONE, level required: ACTIVITY
10:48:05,002 [main] DEBUG org.activiti.engine.impl.history.DefaultHistoryManager  - Current history level: NONE, level required: FULL
10:48:05,002 [main] DEBUG org.activiti.engine.impl.history.DefaultHistoryManager  - Current history level: NONE, level required: ACTIVITY
10:48:05,002 [main] DEBUG org.activiti.engine.impl.history.DefaultHistoryManager  - Current history level: NONE, level required: FULL
10:48:05,002 [main] DEBUG org.activiti.engine.impl.history.DefaultHistoryManager  - Current history level: NONE, level required: ACTIVITY
10:48:05,002 [main] DEBUG org.activiti.engine.impl.history.DefaultHistoryManager  - Current history level: NONE, level required: FULL
10:48:05,002 [main] DEBUG org.activiti.engine.impl.history.DefaultHistoryManager  - Current history level: NONE, level required: ACTIVITY
10:48:05,002 [main] DEBUG org.activiti.engine.impl.history.DefaultHistoryManager  - Current history level: NONE, level required: FULL
10:48:05,002 [main] DEBUG org.activiti.engine.impl.history.DefaultHistoryManager  - Current history level: NONE, level required: ACTIVITY
10:48:05,003 [main] DEBUG org.activiti.engine.impl.history.DefaultHistoryManager  - Current history level: NONE, level required: FULL
10:48:05,003 [main] DEBUG org.activiti.engine.impl.history.DefaultHistoryManager  - Current history level: NONE, level required: ACTIVITY
10:48:05,003 [main] DEBUG org.activiti.engine.impl.history.DefaultHistoryManager  - Current history level: NONE, level required: FULL
10:48:05,003 [main] DEBUG org.activiti.engine.impl.history.DefaultHistoryManager  - Current history level: NONE, level required: ACTIVITY
10:48:05,003 [main] DEBUG org.activiti.engine.impl.history.DefaultHistoryManager  - Current history level: NONE, level required: FULL
10:48:05,003 [main] DEBUG org.activiti.engine.impl.history.DefaultHistoryManager  - Current history level: NONE, level required: ACTIVITY
10:48:05,003 [main] DEBUG org.activiti.engine.impl.history.DefaultHistoryManager  - Current history level: NONE, level required: FULL
10:48:05,003 [main] DEBUG org.activiti.engine.impl.history.DefaultHistoryManager  - Current history level: NONE, level required: ACTIVITY
10:48:05,003 [main] DEBUG org.activiti.engine.impl.history.DefaultHistoryManager  - Current history level: NONE, level required: FULL
10:48:05,003 [main] DEBUG org.activiti.engine.impl.history.DefaultHistoryManager  - Current history level: NONE, level required: ACTIVITY
10:48:05,003 [main] DEBUG org.activiti.engine.impl.history.DefaultHistoryManager  - Current history level: NONE, level required: FULL
10:48:05,003 [main] DEBUG org.activiti.engine.impl.history.DefaultHistoryManager  - Current history level: NONE, level required: ACTIVITY
10:48:05,003 [main] DEBUG org.activiti.engine.impl.history.DefaultHistoryManager  - Current history level: NONE, level required: FULL
10:48:05,003 [main] DEBUG org.activiti.engine.impl.history.DefaultHistoryManager  - Current history level: NONE, level required: ACTIVITY
10:48:05,003 [main] DEBUG org.activiti.engine.impl.history.DefaultHistoryManager  - Current history level: NONE, level required: FULL
10:48:05,003 [main] DEBUG org.activiti.engine.impl.history.DefaultHistoryManager  - Current history level: NONE, level required: ACTIVITY
10:48:05,003 [main] DEBUG org.activiti.engine.impl.history.DefaultHistoryManager  - Current history level: NONE, level required: FULL
10:48:05,004 [main] DEBUG org.activiti.engine.impl.history.DefaultHistoryManager  - Current history level: NONE, level required: ACTIVITY
10:48:05,004 [main] DEBUG org.activiti.engine.impl.history.DefaultHistoryManager  - Current history level: NONE, level required: FULL
10:48:05,004 [main] DEBUG org.activiti.engine.impl.history.DefaultHistoryManager  - Current history level: NONE, level required: ACTIVITY
10:48:05,004 [main] DEBUG org.activiti.engine.impl.history.DefaultHistoryManager  - Current history level: NONE, level required: FULL
10:48:05,004 [main] DEBUG org.activiti.engine.impl.history.DefaultHistoryManager  - Current history level: NONE, level required: ACTIVITY
10:48:05,004 [main] DEBUG org.activiti.engine.impl.history.DefaultHistoryManager  - Current history level: NONE, level required: FULL
10:48:05,004 [main] DEBUG org.activiti.engine.impl.history.DefaultHistoryManager  - Current history level: NONE, level required: ACTIVITY
10:48:05,004 [main] DEBUG org.activiti.engine.impl.history.DefaultHistoryManager  - Current history level: NONE, level required: FULL
10:48:05,004 [main] DEBUG org.activiti.engine.impl.history.DefaultHistoryManager  - Current history level: NONE, level required: ACTIVITY
10:48:05,004 [main] DEBUG org.activiti.engine.impl.history.DefaultHistoryManager  - Current history level: NONE, level required: FULL
10:48:05,004 [main] DEBUG org.activiti.engine.impl.history.DefaultHistoryManager  - Current history level: NONE, level required: ACTIVITY
10:48:05,004 [main] DEBUG org.activiti.engine.impl.history.DefaultHistoryManager  - Current history level: NONE, level required: FULL
10:48:05,004 [main] DEBUG org.activiti.engine.impl.history.DefaultHistoryManager  - Current history level: NONE, level required: ACTIVITY
10:48:05,004 [main] DEBUG org.activiti.engine.impl.history.DefaultHistoryManager  - Current history level: NONE, level required: FULL
10:48:05,004 [main] DEBUG org.activiti.engine.impl.history.DefaultHistoryManager  - Current history level: NONE, level required: ACTIVITY
10:48:05,004 [main] DEBUG org.activiti.engine.impl.history.DefaultHistoryManager  - Current history level: NONE, level required: FULL
10:48:05,004 [main] DEBUG org.activiti.engine.impl.history.DefaultHistoryManager  - Current history level: NONE, level required: ACTIVITY
10:48:05,004 [main] DEBUG org.activiti.engine.impl.history.DefaultHistoryManager  - Current history level: NONE, level required: FULL
10:48:05,004 [main] DEBUG org.activiti.engine.impl.history.DefaultHistoryManager  - Current history level: NONE, level required: ACTIVITY
10:48:05,004 [main] DEBUG org.activiti.engine.impl.history.DefaultHistoryManager  - Current history level: NONE, level required: FULL
10:48:05,004 [main] DEBUG org.activiti.engine.impl.history.DefaultHistoryManager  - Current history level: NONE, level required: ACTIVITY
10:48:05,005 [main] DEBUG org.activiti.engine.impl.history.DefaultHistoryManager  - Current history level: NONE, level required: FULL
10:48:05,005 [main] DEBUG org.activiti.engine.impl.history.DefaultHistoryManager  - Current history level: NONE, level required: ACTIVITY
10:48:05,005 [main] DEBUG org.activiti.engine.impl.history.DefaultHistoryManager  - Current history level: NONE, level required: FULL
10:48:05,005 [main] DEBUG org.activiti.engine.impl.history.DefaultHistoryManager  - Current history level: NONE, level required: ACTIVITY
10:48:05,005 [main] DEBUG org.activiti.engine.impl.history.DefaultHistoryManager  - Current history level: NONE, level required: FULL
10:48:05,005 [main] DEBUG org.activiti.engine.impl.history.DefaultHistoryManager  - Current history level: NONE, level required: ACTIVITY
10:48:05,005 [main] DEBUG org.activiti.engine.impl.history.DefaultHistoryManager  - Current history level: NONE, level required: FULL
10:48:05,005 [main] DEBUG org.activiti.engine.impl.history.DefaultHistoryManager  - Current history level: NONE, level required: ACTIVITY
10:48:05,005 [main] DEBUG org.activiti.engine.impl.history.DefaultHistoryManager  - Current history level: NONE, level required: FULL
10:48:05,005 [main] DEBUG org.activiti.engine.impl.history.DefaultHistoryManager  - Current history level: NONE, level required: ACTIVITY
10:48:05,005 [main] DEBUG org.activiti.engine.impl.history.DefaultHistoryManager  - Current history level: NONE, level required: FULL
10:48:05,005 [main] DEBUG org.activiti.engine.impl.history.DefaultHistoryManager  - Current history level: NONE, level required: ACTIVITY
10:48:05,005 [main] DEBUG org.activiti.engine.impl.history.DefaultHistoryManager  - Current history level: NONE, level required: FULL
10:48:05,005 [main] DEBUG org.activiti.engine.impl.history.DefaultHistoryManager  - Current history level: NONE, level required: ACTIVITY
10:48:05,005 [main] DEBUG org.activiti.engine.impl.history.DefaultHistoryManager  - Current history level: NONE, level required: FULL
10:48:05,007 [main] DEBUG org.activiti.engine.impl.history.DefaultHistoryManager  - Current history level: NONE, level required: ACTIVITY
10:48:05,007 [main] DEBUG org.activiti.engine.impl.history.DefaultHistoryManager  - Current history level: NONE, level required: FULL
10:48:05,007 [main] DEBUG org.activiti.engine.impl.history.DefaultHistoryManager  - Current history level: NONE, level required: ACTIVITY
10:48:05,007 [main] DEBUG org.activiti.engine.impl.history.DefaultHistoryManager  - Current history level: NONE, level required: FULL
10:48:05,007 [main] DEBUG org.activiti.engine.impl.history.DefaultHistoryManager  - Current history level: NONE, level required: ACTIVITY
10:48:05,007 [main] DEBUG org.activiti.engine.impl.history.DefaultHistoryManager  - Current history level: NONE, level required: FULL
10:48:05,007 [main] DEBUG org.activiti.engine.impl.history.DefaultHistoryManager  - Current history level: NONE, level required: ACTIVITY
10:48:05,007 [main] DEBUG org.activiti.engine.impl.history.DefaultHistoryManager  - Current history level: NONE, level required: FULL
10:48:05,007 [main] DEBUG org.activiti.engine.impl.history.DefaultHistoryManager  - Current history level: NONE, level required: ACTIVITY
10:48:05,007 [main] DEBUG org.activiti.engine.impl.history.DefaultHistoryManager  - Current history level: NONE, level required: FULL
10:48:05,007 [main] DEBUG org.activiti.engine.impl.history.DefaultHistoryManager  - Current history level: NONE, level required: ACTIVITY
10:48:05,007 [main] DEBUG org.activiti.engine.impl.history.DefaultHistoryManager  - Current history level: NONE, level required: FULL
10:48:05,007 [main] DEBUG org.activiti.engine.impl.history.DefaultHistoryManager  - Current history level: NONE, level required: ACTIVITY
10:48:05,008 [main] DEBUG org.activiti.engine.impl.history.DefaultHistoryManager  - Current history level: NONE, level required: FULL
10:48:05,008 [main] DEBUG org.activiti.engine.impl.history.DefaultHistoryManager  - Current history level: NONE, level required: ACTIVITY
10:48:05,008 [main] DEBUG org.activiti.engine.impl.history.DefaultHistoryManager  - Current history level: NONE, level required: FULL
10:48:05,008 [main] DEBUG org.activiti.engine.impl.history.DefaultHistoryManager  - Current history level: NONE, level required: ACTIVITY
10:48:05,008 [main] DEBUG org.activiti.engine.impl.history.DefaultHistoryManager  - Current history level: NONE, level required: FULL
10:48:05,008 [main] DEBUG org.activiti.engine.impl.history.DefaultHistoryManager  - Current history level: NONE, level required: ACTIVITY
10:48:05,008 [main] DEBUG org.activiti.engine.impl.history.DefaultHistoryManager  - Current history level: NONE, level required: FULL
10:48:05,008 [main] DEBUG org.activiti.engine.impl.history.DefaultHistoryManager  - Current history level: NONE, level required: ACTIVITY
10:48:05,008 [main] DEBUG org.activiti.engine.impl.history.DefaultHistoryManager  - Current history level: NONE, level required: FULL
10:48:05,008 [main] DEBUG org.activiti.engine.impl.history.DefaultHistoryManager  - Current history level: NONE, level required: ACTIVITY
10:48:05,008 [main] DEBUG org.activiti.engine.impl.history.DefaultHistoryManager  - Current history level: NONE, level required: FULL
10:48:05,008 [main] DEBUG org.activiti.engine.impl.history.DefaultHistoryManager  - Current history level: NONE, level required: ACTIVITY
10:48:05,008 [main] DEBUG org.activiti.engine.impl.history.DefaultHistoryManager  - Current history level: NONE, level required: FULL
10:48:05,008 [main] DEBUG org.activiti.engine.impl.history.DefaultHistoryManager  - Current history level: NONE, level required: ACTIVITY
10:48:05,008 [main] DEBUG org.activiti.engine.impl.history.DefaultHistoryManager  - Current history level: NONE, level required: FULL
10:48:05,008 [main] DEBUG org.activiti.engine.impl.history.DefaultHistoryManager  - Current history level: NONE, level required: ACTIVITY
10:48:05,008 [main] DEBUG org.activiti.engine.impl.history.DefaultHistoryManager  - Current history level: NONE, level required: FULL
10:48:05,008 [main] DEBUG org.activiti.engine.impl.history.DefaultHistoryManager  - Current history level: NONE, level required: ACTIVITY
10:48:05,008 [main] DEBUG org.activiti.engine.impl.history.DefaultHistoryManager  - Current history level: NONE, level required: FULL
10:48:05,008 [main] DEBUG org.activiti.engine.impl.history.DefaultHistoryManager  - Current history level: NONE, level required: ACTIVITY
10:48:05,008 [main] DEBUG org.activiti.engine.impl.history.DefaultHistoryManager  - Current history level: NONE, level required: FULL
10:48:05,008 [main] DEBUG org.activiti.engine.impl.history.DefaultHistoryManager  - Current history level: NONE, level required: ACTIVITY
10:48:05,008 [main] DEBUG org.activiti.engine.impl.history.DefaultHistoryManager  - Current history level: NONE, level required: FULL
10:48:05,008 [main] DEBUG org.activiti.engine.impl.history.DefaultHistoryManager  - Current history level: NONE, level required: ACTIVITY
10:48:05,008 [main] DEBUG org.activiti.engine.impl.history.DefaultHistoryManager  - Current history level: NONE, level required: FULL
10:48:05,008 [main] DEBUG org.activiti.engine.impl.history.DefaultHistoryManager  - Current history level: NONE, level required: ACTIVITY
10:48:05,008 [main] DEBUG org.activiti.engine.impl.history.DefaultHistoryManager  - Current history level: NONE, level required: FULL
10:48:05,008 [main] DEBUG org.activiti.engine.impl.history.DefaultHistoryManager  - Current history level: NONE, level required: ACTIVITY
10:48:05,008 [main] DEBUG org.activiti.engine.impl.history.DefaultHistoryManager  - Current history level: NONE, level required: FULL
10:48:05,008 [main] DEBUG org.activiti.engine.impl.history.DefaultHistoryManager  - Current history level: NONE, level required: ACTIVITY
10:48:05,008 [main] DEBUG org.activiti.engine.impl.history.DefaultHistoryManager  - Current history level: NONE, level required: FULL
10:48:05,009 [main] DEBUG org.activiti.engine.impl.history.DefaultHistoryManager  - Current history level: NONE, level required: ACTIVITY
10:48:05,009 [main] DEBUG org.activiti.engine.impl.history.DefaultHistoryManager  - Current history level: NONE, level required: FULL
10:48:05,009 [main] DEBUG org.activiti.engine.impl.history.DefaultHistoryManager  - Current history level: NONE, level required: ACTIVITY
10:48:05,009 [main] DEBUG org.activiti.engine.impl.history.DefaultHistoryManager  - Current history level: NONE, level required: FULL
10:48:05,009 [main] DEBUG org.activiti.engine.impl.history.DefaultHistoryManager  - Current history level: NONE, level required: ACTIVITY
10:48:05,009 [main] DEBUG org.activiti.engine.impl.history.DefaultHistoryManager  - Current history level: NONE, level required: FULL
10:48:05,009 [main] DEBUG org.activiti.engine.impl.history.DefaultHistoryManager  - Current history level: NONE, level required: ACTIVITY
10:48:05,009 [main] DEBUG org.activiti.engine.impl.history.DefaultHistoryManager  - Current history level: NONE, level required: FULL
10:48:05,009 [main] DEBUG org.activiti.engine.impl.history.DefaultHistoryManager  - Current history level: NONE, level required: ACTIVITY
10:48:05,009 [main] DEBUG org.activiti.engine.impl.history.DefaultHistoryManager  - Current history level: NONE, level required: FULL
10:48:05,009 [main] DEBUG org.activiti.engine.impl.history.DefaultHistoryManager  - Current history level: NONE, level required: ACTIVITY
10:48:05,009 [main] DEBUG org.activiti.engine.impl.history.DefaultHistoryManager  - Current history level: NONE, level required: FULL
10:48:05,009 [main] DEBUG org.activiti.engine.impl.history.DefaultHistoryManager  - Current history level: NONE, level required: ACTIVITY
10:48:05,009 [main] DEBUG org.activiti.engine.impl.history.DefaultHistoryManager  - Current history level: NONE, level required: FULL
10:48:05,009 [main] DEBUG org.activiti.engine.impl.history.DefaultHistoryManager  - Current history level: NONE, level required: ACTIVITY
10:48:05,009 [main] DEBUG org.activiti.engine.impl.history.DefaultHistoryManager  - Current history level: NONE, level required: FULL
10:48:05,009 [main] DEBUG org.activiti.engine.impl.history.DefaultHistoryManager  - Current history level: NONE, level required: ACTIVITY
10:48:05,009 [main] DEBUG org.activiti.engine.impl.history.DefaultHistoryManager  - Current history level: NONE, level required: FULL
10:48:05,009 [main] DEBUG org.activiti.engine.impl.history.DefaultHistoryManager  - Current history level: NONE, level required: ACTIVITY
10:48:05,009 [main] DEBUG org.activiti.engine.impl.history.DefaultHistoryManager  - Current history level: NONE, level required: FULL
10:48:05,009 [main] DEBUG org.activiti.engine.impl.history.DefaultHistoryManager  - Current history level: NONE, level required: ACTIVITY
10:48:05,009 [main] DEBUG org.activiti.engine.impl.history.DefaultHistoryManager  - Current history level: NONE, level required: FULL
10:48:05,009 [main] DEBUG org.activiti.engine.impl.history.DefaultHistoryManager  - Current history level: NONE, level required: ACTIVITY
10:48:05,009 [main] DEBUG org.activiti.engine.impl.history.DefaultHistoryManager  - Current history level: NONE, level required: FULL
10:48:05,009 [main] DEBUG org.activiti.engine.impl.history.DefaultHistoryManager  - Current history level: NONE, level required: ACTIVITY
10:48:05,009 [main] DEBUG org.activiti.engine.impl.history.DefaultHistoryManager  - Current history level: NONE, level required: FULL
10:48:05,009 [main] DEBUG org.activiti.engine.impl.history.DefaultHistoryManager  - Current history level: NONE, level required: ACTIVITY
10:48:05,009 [main] DEBUG org.activiti.engine.impl.history.DefaultHistoryManager  - Current history level: NONE, level required: FULL
10:48:05,009 [main] DEBUG org.activiti.engine.impl.history.DefaultHistoryManager  - Current history level: NONE, level required: ACTIVITY
10:48:05,009 [main] DEBUG org.activiti.engine.impl.history.DefaultHistoryManager  - Current history level: NONE, level required: FULL
10:48:05,010 [main] DEBUG org.activiti.engine.impl.history.DefaultHistoryManager  - Current history level: NONE, level required: ACTIVITY
10:48:05,010 [main] DEBUG org.activiti.engine.impl.history.DefaultHistoryManager  - Current history level: NONE, level required: FULL
10:48:05,010 [main] DEBUG org.activiti.engine.impl.history.DefaultHistoryManager  - Current history level: NONE, level required: ACTIVITY
10:48:05,010 [main] DEBUG org.activiti.engine.impl.history.DefaultHistoryManager  - Current history level: NONE, level required: FULL
10:48:05,010 [main] DEBUG org.activiti.engine.impl.history.DefaultHistoryManager  - Current history level: NONE, level required: ACTIVITY
10:48:05,010 [main] DEBUG org.activiti.engine.impl.history.DefaultHistoryManager  - Current history level: NONE, level required: FULL
10:48:05,010 [main] DEBUG org.activiti.engine.impl.history.DefaultHistoryManager  - Current history level: NONE, level required: ACTIVITY
10:48:05,010 [main] DEBUG org.activiti.engine.impl.history.DefaultHistoryManager  - Current history level: NONE, level required: FULL
10:48:05,010 [main] DEBUG org.activiti.engine.impl.history.DefaultHistoryManager  - Current history level: NONE, level required: ACTIVITY
10:48:05,010 [main] DEBUG org.activiti.engine.impl.history.DefaultHistoryManager  - Current history level: NONE, level required: FULL
10:48:05,010 [main] DEBUG org.activiti.engine.impl.history.DefaultHistoryManager  - Current history level: NONE, level required: ACTIVITY
10:48:05,010 [main] DEBUG org.activiti.engine.impl.history.DefaultHistoryManager  - Current history level: NONE, level required: FULL
10:48:05,010 [main] DEBUG org.activiti.engine.impl.history.DefaultHistoryManager  - Current history level: NONE, level required: ACTIVITY
10:48:05,010 [main] DEBUG org.activiti.engine.impl.history.DefaultHistoryManager  - Current history level: NONE, level required: FULL
10:48:05,010 [main] DEBUG org.activiti.engine.impl.history.DefaultHistoryManager  - Current history level: NONE, level required: ACTIVITY
10:48:05,010 [main] DEBUG org.activiti.engine.impl.history.DefaultHistoryManager  - Current history level: NONE, level required: FULL
10:48:05,010 [main] DEBUG org.activiti.engine.impl.history.DefaultHistoryManager  - Current history level: NONE, level required: ACTIVITY
10:48:05,010 [main] DEBUG org.activiti.engine.impl.history.DefaultHistoryManager  - Current history level: NONE, level required: FULL
10:48:05,010 [main] DEBUG org.activiti.engine.impl.history.DefaultHistoryManager  - Current history level: NONE, level required: ACTIVITY
10:48:05,010 [main] DEBUG org.activiti.engine.impl.history.DefaultHistoryManager  - Current history level: NONE, level required: FULL
10:48:05,010 [main] DEBUG org.activiti.engine.impl.history.DefaultHistoryManager  - Current history level: NONE, level required: ACTIVITY
10:48:05,010 [main] DEBUG org.activiti.engine.impl.history.DefaultHistoryManager  - Current history level: NONE, level required: FULL
10:48:05,010 [main] DEBUG org.activiti.engine.impl.history.DefaultHistoryManager  - Current history level: NONE, level required: ACTIVITY
10:48:05,010 [main] DEBUG org.activiti.engine.impl.history.DefaultHistoryManager  - Current history level: NONE, level required: FULL
10:48:05,010 [main] DEBUG org.activiti.engine.impl.history.DefaultHistoryManager  - Current history level: NONE, level required: ACTIVITY
10:48:05,010 [main] DEBUG org.activiti.engine.impl.history.DefaultHistoryManager  - Current history level: NONE, level required: FULL
10:48:05,010 [main] DEBUG org.activiti.engine.impl.history.DefaultHistoryManager  - Current history level: NONE, level required: ACTIVITY
10:48:05,010 [main] DEBUG org.activiti.engine.impl.history.DefaultHistoryManager  - Current history level: NONE, level required: FULL
10:48:05,010 [main] DEBUG org.activiti.engine.impl.history.DefaultHistoryManager  - Current history level: NONE, level required: ACTIVITY
10:48:05,010 [main] DEBUG org.activiti.engine.impl.history.DefaultHistoryManager  - Current history level: NONE, level required: FULL
10:48:05,011 [main] DEBUG org.activiti.engine.impl.history.DefaultHistoryManager  - Current history level: NONE, level required: ACTIVITY
10:48:05,011 [main] DEBUG org.activiti.engine.impl.history.DefaultHistoryManager  - Current history level: NONE, level required: FULL
10:48:05,011 [main] DEBUG org.activiti.engine.impl.history.DefaultHistoryManager  - Current history level: NONE, level required: ACTIVITY
10:48:05,011 [main] DEBUG org.activiti.engine.impl.history.DefaultHistoryManager  - Current history level: NONE, level required: FULL
10:48:05,011 [main] DEBUG org.activiti.engine.impl.history.DefaultHistoryManager  - Current history level: NONE, level required: ACTIVITY
10:48:05,011 [main] DEBUG org.activiti.engine.impl.history.DefaultHistoryManager  - Current history level: NONE, level required: FULL
10:48:05,011 [main] DEBUG org.activiti.engine.impl.history.DefaultHistoryManager  - Current history level: NONE, level required: ACTIVITY
10:48:05,011 [main] DEBUG org.activiti.engine.impl.history.DefaultHistoryManager  - Current history level: NONE, level required: FULL
10:48:05,011 [main] DEBUG org.activiti.engine.impl.history.DefaultHistoryManager  - Current history level: NONE, level required: ACTIVITY
10:48:05,011 [main] DEBUG org.activiti.engine.impl.history.DefaultHistoryManager  - Current history level: NONE, level required: FULL
10:48:05,011 [main] DEBUG org.activiti.engine.impl.history.DefaultHistoryManager  - Current history level: NONE, level required: ACTIVITY
10:48:05,011 [main] DEBUG org.activiti.engine.impl.history.DefaultHistoryManager  - Current history level: NONE, level required: FULL
10:48:05,011 [main] DEBUG org.activiti.engine.impl.history.DefaultHistoryManager  - Current history level: NONE, level required: ACTIVITY
10:48:05,011 [main] DEBUG org.activiti.engine.impl.history.DefaultHistoryManager  - Current history level: NONE, level required: FULL
10:48:05,011 [main] DEBUG org.activiti.engine.impl.history.DefaultHistoryManager  - Current history level: NONE, level required: ACTIVITY
10:48:05,011 [main] DEBUG org.activiti.engine.impl.history.DefaultHistoryManager  - Current history level: NONE, level required: FULL
10:48:05,011 [main] DEBUG org.activiti.engine.impl.history.DefaultHistoryManager  - Current history level: NONE, level required: ACTIVITY
10:48:05,011 [main] DEBUG org.activiti.engine.impl.history.DefaultHistoryManager  - Current history level: NONE, level required: FULL
10:48:05,011 [main] DEBUG org.activiti.engine.impl.history.DefaultHistoryManager  - Current history level: NONE, level required: ACTIVITY
10:48:05,011 [main] DEBUG org.activiti.engine.impl.history.DefaultHistoryManager  - Current history level: NONE, level required: FULL
10:48:05,011 [main] DEBUG org.activiti.engine.impl.history.DefaultHistoryManager  - Current history level: NONE, level required: ACTIVITY
10:48:05,011 [main] DEBUG org.activiti.engine.impl.history.DefaultHistoryManager  - Current history level: NONE, level required: FULL
10:48:05,012 [main] DEBUG org.activiti.engine.impl.history.DefaultHistoryManager  - Current history level: NONE, level required: ACTIVITY
10:48:05,012 [main] DEBUG org.activiti.engine.impl.history.DefaultHistoryManager  - Current history level: NONE, level required: FULL
10:48:05,012 [main] DEBUG org.activiti.engine.impl.history.DefaultHistoryManager  - Current history level: NONE, level required: ACTIVITY
10:48:05,012 [main] DEBUG org.activiti.engine.impl.history.DefaultHistoryManager  - Current history level: NONE, level required: FULL
10:48:05,012 [main] DEBUG org.activiti.engine.impl.history.DefaultHistoryManager  - Current history level: NONE, level required: ACTIVITY
10:48:05,012 [main] DEBUG org.activiti.engine.impl.history.DefaultHistoryManager  - Current history level: NONE, level required: FULL
10:48:05,012 [main] DEBUG org.activiti.engine.impl.history.DefaultHistoryManager  - Current history level: NONE, level required: ACTIVITY
10:48:05,012 [main] DEBUG org.activiti.engine.impl.history.DefaultHistoryManager  - Current history level: NONE, level required: FULL
10:48:05,012 [main] DEBUG org.activiti.engine.impl.history.DefaultHistoryManager  - Current history level: NONE, level required: ACTIVITY
10:48:05,012 [main] DEBUG org.activiti.engine.impl.history.DefaultHistoryManager  - Current history level: NONE, level required: FULL
10:48:05,012 [main] DEBUG org.activiti.engine.impl.history.DefaultHistoryManager  - Current history level: NONE, level required: ACTIVITY
10:48:05,012 [main] DEBUG org.activiti.engine.impl.history.DefaultHistoryManager  - Current history level: NONE, level required: FULL
10:48:05,012 [main] DEBUG org.activiti.engine.impl.history.DefaultHistoryManager  - Current history level: NONE, level required: ACTIVITY
10:48:05,012 [main] DEBUG org.activiti.engine.impl.history.DefaultHistoryManager  - Current history level: NONE, level required: FULL
10:48:05,012 [main] DEBUG org.activiti.engine.impl.history.DefaultHistoryManager  - Current history level: NONE, level required: ACTIVITY
10:48:05,012 [main] DEBUG org.activiti.engine.impl.history.DefaultHistoryManager  - Current history level: NONE, level required: FULL
10:48:05,012 [main] DEBUG org.activiti.engine.impl.history.DefaultHistoryManager  - Current history level: NONE, level required: ACTIVITY
10:48:05,012 [main] DEBUG org.activiti.engine.impl.history.DefaultHistoryManager  - Current history level: NONE, level required: FULL
10:48:05,012 [main] DEBUG org.activiti.engine.impl.history.DefaultHistoryManager  - Current history level: NONE, level required: ACTIVITY
10:48:05,012 [main] DEBUG org.activiti.engine.impl.history.DefaultHistoryManager  - Current history level: NONE, level required: FULL
10:48:05,012 [main] DEBUG org.activiti.engine.impl.history.DefaultHistoryManager  - Current history level: NONE, level required: ACTIVITY
10:48:05,012 [main] DEBUG org.activiti.engine.impl.history.DefaultHistoryManager  - Current history level: NONE, level required: FULL
10:48:05,012 [main] DEBUG org.activiti.engine.impl.history.DefaultHistoryManager  - Current history level: NONE, level required: ACTIVITY
10:48:05,012 [main] DEBUG org.activiti.engine.impl.history.DefaultHistoryManager  - Current history level: NONE, level required: FULL
10:48:05,012 [main] DEBUG org.activiti.engine.impl.history.DefaultHistoryManager  - Current history level: NONE, level required: ACTIVITY
10:48:05,013 [main] DEBUG org.activiti.engine.impl.history.DefaultHistoryManager  - Current history level: NONE, level required: FULL
10:48:05,013 [main] DEBUG org.activiti.engine.impl.history.DefaultHistoryManager  - Current history level: NONE, level required: ACTIVITY
10:48:05,013 [main] DEBUG org.activiti.engine.impl.history.DefaultHistoryManager  - Current history level: NONE, level required: FULL
10:48:05,013 [main] DEBUG org.activiti.engine.impl.history.DefaultHistoryManager  - Current history level: NONE, level required: ACTIVITY
10:48:05,013 [main] DEBUG org.activiti.engine.impl.history.DefaultHistoryManager  - Current history level: NONE, level required: FULL
10:48:05,013 [main] DEBUG org.activiti.engine.impl.history.DefaultHistoryManager  - Current history level: NONE, level required: ACTIVITY
10:48:05,013 [main] DEBUG org.activiti.engine.impl.history.DefaultHistoryManager  - Current history level: NONE, level required: FULL
10:48:05,013 [main] DEBUG org.activiti.engine.impl.history.DefaultHistoryManager  - Current history level: NONE, level required: ACTIVITY
10:48:05,013 [main] DEBUG org.activiti.engine.impl.history.DefaultHistoryManager  - Current history level: NONE, level required: FULL
10:48:05,013 [main] DEBUG org.activiti.engine.impl.history.DefaultHistoryManager  - Current history level: NONE, level required: ACTIVITY
10:48:05,013 [main] DEBUG org.activiti.engine.impl.history.DefaultHistoryManager  - Current history level: NONE, level required: FULL
10:48:05,013 [main] DEBUG org.activiti.engine.impl.history.DefaultHistoryManager  - Current history level: NONE, level required: ACTIVITY
10:48:05,013 [main] DEBUG org.activiti.engine.impl.history.DefaultHistoryManager  - Current history level: NONE, level required: FULL
10:48:05,013 [main] DEBUG org.activiti.engine.impl.history.DefaultHistoryManager  - Current history level: NONE, level required: ACTIVITY
10:48:05,013 [main] DEBUG org.activiti.engine.impl.history.DefaultHistoryManager  - Current history level: NONE, level required: FULL
10:48:05,013 [main] DEBUG org.activiti.engine.impl.history.DefaultHistoryManager  - Current history level: NONE, level required: ACTIVITY
10:48:05,013 [main] DEBUG org.activiti.engine.impl.history.DefaultHistoryManager  - Current history level: NONE, level required: FULL
10:48:05,013 [main] DEBUG org.activiti.engine.impl.history.DefaultHistoryManager  - Current history level: NONE, level required: ACTIVITY
10:48:05,013 [main] DEBUG org.activiti.engine.impl.history.DefaultHistoryManager  - Current history level: NONE, level required: FULL
10:48:05,013 [main] DEBUG org.activiti.engine.impl.history.DefaultHistoryManager  - Current history level: NONE, level required: ACTIVITY
10:48:05,013 [main] DEBUG org.activiti.engine.impl.history.DefaultHistoryManager  - Current history level: NONE, level required: FULL
10:48:05,013 [main] DEBUG org.activiti.engine.impl.history.DefaultHistoryManager  - Current history level: NONE, level required: ACTIVITY
10:48:05,013 [main] DEBUG org.activiti.engine.impl.history.DefaultHistoryManager  - Current history level: NONE, level required: FULL
10:48:05,013 [main] DEBUG org.activiti.engine.impl.history.DefaultHistoryManager  - Current history level: NONE, level required: ACTIVITY
10:48:05,013 [main] DEBUG org.activiti.engine.impl.history.DefaultHistoryManager  - Current history level: NONE, level required: FULL
10:48:05,013 [main] DEBUG org.activiti.engine.impl.history.DefaultHistoryManager  - Current history level: NONE, level required: ACTIVITY
10:48:05,013 [main] DEBUG org.activiti.engine.impl.history.DefaultHistoryManager  - Current history level: NONE, level required: FULL
10:48:05,013 [main] DEBUG org.activiti.engine.impl.history.DefaultHistoryManager  - Current history level: NONE, level required: ACTIVITY
10:48:05,014 [main] DEBUG org.activiti.engine.impl.history.DefaultHistoryManager  - Current history level: NONE, level required: FULL
10:48:05,014 [main] DEBUG org.activiti.engine.impl.history.DefaultHistoryManager  - Current history level: NONE, level required: ACTIVITY
10:48:05,014 [main] DEBUG org.activiti.engine.impl.history.DefaultHistoryManager  - Current history level: NONE, level required: FULL
10:48:05,014 [main] DEBUG org.activiti.engine.impl.history.DefaultHistoryManager  - Current history level: NONE, level required: ACTIVITY
10:48:05,014 [main] DEBUG org.activiti.engine.impl.history.DefaultHistoryManager  - Current history level: NONE, level required: FULL
10:48:05,014 [main] DEBUG org.activiti.engine.impl.history.DefaultHistoryManager  - Current history level: NONE, level required: ACTIVITY
10:48:05,014 [main] DEBUG org.activiti.engine.impl.history.DefaultHistoryManager  - Current history level: NONE, level required: FULL
10:48:05,014 [main] DEBUG org.activiti.engine.impl.history.DefaultHistoryManager  - Current history level: NONE, level required: ACTIVITY
10:48:05,014 [main] DEBUG org.activiti.engine.impl.history.DefaultHistoryManager  - Current history level: NONE, level required: FULL
10:48:05,014 [main] DEBUG org.activiti.engine.impl.history.DefaultHistoryManager  - Current history level: NONE, level required: ACTIVITY
10:48:05,014 [main] DEBUG org.activiti.engine.impl.history.DefaultHistoryManager  - Current history level: NONE, level required: FULL
10:48:05,014 [main] DEBUG org.activiti.engine.impl.history.DefaultHistoryManager  - Current history level: NONE, level required: ACTIVITY
10:48:05,014 [main] DEBUG org.activiti.engine.impl.history.DefaultHistoryManager  - Current history level: NONE, level required: FULL
10:48:05,014 [main] DEBUG org.activiti.engine.impl.history.DefaultHistoryManager  - Current history level: NONE, level required: ACTIVITY
10:48:05,014 [main] DEBUG org.activiti.engine.impl.history.DefaultHistoryManager  - Current history level: NONE, level required: FULL
10:48:05,014 [main] DEBUG org.activiti.engine.impl.history.DefaultHistoryManager  - Current history level: NONE, level required: ACTIVITY
10:48:05,014 [main] DEBUG org.activiti.engine.impl.history.DefaultHistoryManager  - Current history level: NONE, level required: FULL
10:48:05,014 [main] DEBUG org.activiti.engine.impl.history.DefaultHistoryManager  - Current history level: NONE, level required: ACTIVITY
10:48:05,014 [main] DEBUG org.activiti.engine.impl.history.DefaultHistoryManager  - Current history level: NONE, level required: FULL
10:48:05,014 [main] DEBUG org.activiti.engine.impl.history.DefaultHistoryManager  - Current history level: NONE, level required: ACTIVITY
10:48:05,014 [main] DEBUG org.activiti.engine.impl.history.DefaultHistoryManager  - Current history level: NONE, level required: FULL
10:48:05,014 [main] DEBUG org.activiti.engine.impl.history.DefaultHistoryManager  - Current history level: NONE, level required: ACTIVITY
10:48:05,014 [main] DEBUG org.activiti.engine.impl.history.DefaultHistoryManager  - Current history level: NONE, level required: FULL
10:48:05,014 [main] DEBUG org.activiti.engine.impl.history.DefaultHistoryManager  - Current history level: NONE, level required: ACTIVITY
10:48:05,014 [main] DEBUG org.activiti.engine.impl.history.DefaultHistoryManager  - Current history level: NONE, level required: FULL
10:48:05,014 [main] DEBUG org.activiti.engine.impl.history.DefaultHistoryManager  - Current history level: NONE, level required: ACTIVITY
10:48:05,014 [main] DEBUG org.activiti.engine.impl.history.DefaultHistoryManager  - Current history level: NONE, level required: FULL
10:48:05,014 [main] DEBUG org.activiti.engine.impl.history.DefaultHistoryManager  - Current history level: NONE, level required: ACTIVITY
10:48:05,014 [main] DEBUG org.activiti.engine.impl.history.DefaultHistoryManager  - Current history level: NONE, level required: FULL
10:48:05,014 [main] DEBUG org.activiti.engine.impl.history.DefaultHistoryManager  - Current history level: NONE, level required: ACTIVITY
10:48:05,015 [main] DEBUG org.activiti.engine.impl.history.DefaultHistoryManager  - Current history level: NONE, level required: FULL
10:48:05,015 [main] DEBUG org.activiti.engine.impl.history.DefaultHistoryManager  - Current history level: NONE, level required: ACTIVITY
10:48:05,015 [main] DEBUG org.activiti.engine.impl.history.DefaultHistoryManager  - Current history level: NONE, level required: FULL
10:48:05,015 [main] DEBUG org.activiti.engine.impl.history.DefaultHistoryManager  - Current history level: NONE, level required: ACTIVITY
10:48:05,015 [main] DEBUG org.activiti.engine.impl.history.DefaultHistoryManager  - Current history level: NONE, level required: FULL
10:48:05,015 [main] DEBUG org.activiti.engine.impl.history.DefaultHistoryManager  - Current history level: NONE, level required: ACTIVITY
10:48:05,015 [main] DEBUG org.activiti.engine.impl.history.DefaultHistoryManager  - Current history level: NONE, level required: FULL
10:48:05,015 [main] DEBUG org.activiti.engine.impl.history.DefaultHistoryManager  - Current history level: NONE, level required: ACTIVITY
10:48:05,015 [main] DEBUG org.activiti.engine.impl.history.DefaultHistoryManager  - Current history level: NONE, level required: FULL
10:48:05,015 [main] DEBUG org.activiti.engine.impl.history.DefaultHistoryManager  - Current history level: NONE, level required: ACTIVITY
10:48:05,015 [main] DEBUG org.activiti.engine.impl.history.DefaultHistoryManager  - Current history level: NONE, level required: FULL
10:48:05,015 [main] DEBUG org.activiti.engine.impl.history.DefaultHistoryManager  - Current history level: NONE, level required: ACTIVITY
10:48:05,015 [main] DEBUG org.activiti.engine.impl.history.DefaultHistoryManager  - Current history level: NONE, level required: FULL
10:48:05,015 [main] DEBUG org.activiti.engine.impl.history.DefaultHistoryManager  - Current history level: NONE, level required: ACTIVITY
10:48:05,015 [main] DEBUG org.activiti.engine.impl.history.DefaultHistoryManager  - Current history level: NONE, level required: FULL
10:48:05,015 [main] DEBUG org.activiti.engine.impl.history.DefaultHistoryManager  - Current history level: NONE, level required: ACTIVITY
10:48:05,015 [main] DEBUG org.activiti.engine.impl.history.DefaultHistoryManager  - Current history level: NONE, level required: FULL
10:48:05,015 [main] DEBUG org.activiti.engine.impl.history.DefaultHistoryManager  - Current history level: NONE, level required: ACTIVITY
10:48:05,015 [main] DEBUG org.activiti.engine.impl.history.DefaultHistoryManager  - Current history level: NONE, level required: FULL
10:48:05,015 [main] DEBUG org.activiti.engine.impl.history.DefaultHistoryManager  - Current history level: NONE, level required: ACTIVITY
10:48:05,015 [main] DEBUG org.activiti.engine.impl.history.DefaultHistoryManager  - Current history level: NONE, level required: FULL
10:48:05,015 [main] DEBUG org.activiti.engine.impl.history.DefaultHistoryManager  - Current history level: NONE, level required: ACTIVITY
10:48:05,015 [main] DEBUG org.activiti.engine.impl.history.DefaultHistoryManager  - Current history level: NONE, level required: FULL
10:48:05,015 [main] DEBUG org.activiti.engine.impl.history.DefaultHistoryManager  - Current history level: NONE, level required: ACTIVITY
10:48:05,015 [main] DEBUG org.activiti.engine.impl.history.DefaultHistoryManager  - Current history level: NONE, level required: FULL
10:48:05,015 [main] DEBUG org.activiti.engine.impl.history.DefaultHistoryManager  - Current history level: NONE, level required: ACTIVITY
10:48:05,015 [main] DEBUG org.activiti.engine.impl.history.DefaultHistoryManager  - Current history level: NONE, level required: FULL
10:48:05,015 [main] DEBUG org.activiti.engine.impl.history.DefaultHistoryManager  - Current history level: NONE, level required: ACTIVITY
10:48:05,015 [main] DEBUG org.activiti.engine.impl.history.DefaultHistoryManager  - Current history level: NONE, level required: FULL
10:48:05,016 [main] DEBUG org.activiti.engine.impl.history.DefaultHistoryManager  - Current history level: NONE, level required: ACTIVITY
10:48:05,016 [main] DEBUG org.activiti.engine.impl.history.DefaultHistoryManager  - Current history level: NONE, level required: FULL
10:48:05,016 [main] DEBUG org.activiti.engine.impl.history.DefaultHistoryManager  - Current history level: NONE, level required: ACTIVITY
10:48:05,016 [main] DEBUG org.activiti.engine.impl.history.DefaultHistoryManager  - Current history level: NONE, level required: FULL
10:48:05,016 [main] DEBUG org.activiti.engine.impl.history.DefaultHistoryManager  - Current history level: NONE, level required: ACTIVITY
10:48:05,016 [main] DEBUG org.activiti.engine.impl.history.DefaultHistoryManager  - Current history level: NONE, level required: FULL
10:48:05,016 [main] DEBUG org.activiti.engine.impl.history.DefaultHistoryManager  - Current history level: NONE, level required: ACTIVITY
10:48:05,016 [main] DEBUG org.activiti.engine.impl.history.DefaultHistoryManager  - Current history level: NONE, level required: FULL
10:48:05,016 [main] DEBUG org.activiti.engine.impl.history.DefaultHistoryManager  - Current history level: NONE, level required: ACTIVITY
10:48:05,016 [main] DEBUG org.activiti.engine.impl.history.DefaultHistoryManager  - Current history level: NONE, level required: FULL
10:48:05,016 [main] DEBUG org.activiti.engine.impl.history.DefaultHistoryManager  - Current history level: NONE, level required: ACTIVITY
10:48:05,016 [main] DEBUG org.activiti.engine.impl.history.DefaultHistoryManager  - Current history level: NONE, level required: FULL
10:48:05,016 [main] DEBUG org.activiti.engine.impl.history.DefaultHistoryManager  - Current history level: NONE, level required: ACTIVITY
10:48:05,016 [main] DEBUG org.activiti.engine.impl.history.DefaultHistoryManager  - Current history level: NONE, level required: FULL
10:48:05,017 [main] DEBUG org.activiti.engine.impl.history.DefaultHistoryManager  - Current history level: NONE, level required: ACTIVITY
10:48:05,017 [main] DEBUG org.activiti.engine.impl.history.DefaultHistoryManager  - Current history level: NONE, level required: FULL
10:48:05,017 [main] DEBUG org.activiti.engine.impl.history.DefaultHistoryManager  - Current history level: NONE, level required: ACTIVITY
10:48:05,017 [main] DEBUG org.activiti.engine.impl.history.DefaultHistoryManager  - Current history level: NONE, level required: FULL
10:48:05,017 [main] DEBUG org.activiti.engine.impl.history.DefaultHistoryManager  - Current history level: NONE, level required: ACTIVITY
10:48:05,017 [main] DEBUG org.activiti.engine.impl.history.DefaultHistoryManager  - Current history level: NONE, level required: FULL
10:48:05,017 [main] DEBUG org.activiti.engine.impl.history.DefaultHistoryManager  - Current history level: NONE, level required: ACTIVITY
10:48:05,017 [main] DEBUG org.activiti.engine.impl.history.DefaultHistoryManager  - Current history level: NONE, level required: FULL
10:48:05,017 [main] DEBUG org.activiti.engine.impl.history.DefaultHistoryManager  - Current history level: NONE, level required: ACTIVITY
10:48:05,017 [main] DEBUG org.activiti.engine.impl.history.DefaultHistoryManager  - Current history level: NONE, level required: FULL
10:48:05,017 [main] DEBUG org.activiti.engine.impl.history.DefaultHistoryManager  - Current history level: NONE, level required: ACTIVITY
10:48:05,017 [main] DEBUG org.activiti.engine.impl.history.DefaultHistoryManager  - Current history level: NONE, level required: FULL
10:48:05,018 [main] DEBUG org.activiti.engine.impl.history.DefaultHistoryManager  - Current history level: NONE, level required: ACTIVITY
10:48:05,018 [main] DEBUG org.activiti.engine.impl.history.DefaultHistoryManager  - Current history level: NONE, level required: FULL
10:48:05,018 [main] DEBUG org.activiti.engine.impl.history.DefaultHistoryManager  - Current history level: NONE, level required: ACTIVITY
10:48:05,018 [main] DEBUG org.activiti.engine.impl.history.DefaultHistoryManager  - Current history level: NONE, level required: FULL
10:48:05,018 [main] DEBUG org.activiti.engine.impl.history.DefaultHistoryManager  - Current history level: NONE, level required: ACTIVITY
10:48:05,018 [main] DEBUG org.activiti.engine.impl.history.DefaultHistoryManager  - Current history level: NONE, level required: FULL
10:48:05,018 [main] DEBUG org.activiti.engine.impl.history.DefaultHistoryManager  - Current history level: NONE, level required: ACTIVITY
10:48:05,018 [main] DEBUG org.activiti.engine.impl.history.DefaultHistoryManager  - Current history level: NONE, level required: FULL
10:48:05,018 [main] DEBUG org.activiti.engine.impl.history.DefaultHistoryManager  - Current history level: NONE, level required: ACTIVITY
10:48:05,018 [main] DEBUG org.activiti.engine.impl.history.DefaultHistoryManager  - Current history level: NONE, level required: FULL
10:48:05,018 [main] DEBUG org.activiti.engine.impl.history.DefaultHistoryManager  - Current history level: NONE, level required: ACTIVITY
10:48:05,018 [main] DEBUG org.activiti.engine.impl.history.DefaultHistoryManager  - Current history level: NONE, level required: FULL
10:48:05,018 [main] DEBUG org.activiti.engine.impl.history.DefaultHistoryManager  - Current history level: NONE, level required: ACTIVITY
10:48:05,018 [main] DEBUG org.activiti.engine.impl.history.DefaultHistoryManager  - Current history level: NONE, level required: FULL
10:48:05,018 [main] DEBUG org.activiti.engine.impl.history.DefaultHistoryManager  - Current history level: NONE, level required: ACTIVITY
10:48:05,018 [main] DEBUG org.activiti.engine.impl.history.DefaultHistoryManager  - Current history level: NONE, level required: FULL
10:48:05,018 [main] DEBUG org.activiti.engine.impl.history.DefaultHistoryManager  - Current history level: NONE, level required: ACTIVITY
10:48:05,018 [main] DEBUG org.activiti.engine.impl.history.DefaultHistoryManager  - Current history level: NONE, level required: FULL
10:48:05,018 [main] DEBUG org.activiti.engine.impl.history.DefaultHistoryManager  - Current history level: NONE, level required: ACTIVITY
10:48:05,019 [main] DEBUG org.activiti.engine.impl.history.DefaultHistoryManager  - Current history level: NONE, level required: FULL
10:48:05,019 [main] DEBUG org.activiti.engine.impl.history.DefaultHistoryManager  - Current history level: NONE, level required: ACTIVITY
10:48:05,019 [main] DEBUG org.activiti.engine.impl.history.DefaultHistoryManager  - Current history level: NONE, level required: FULL
10:48:05,019 [main] DEBUG org.activiti.engine.impl.history.DefaultHistoryManager  - Current history level: NONE, level required: ACTIVITY
10:48:05,019 [main] DEBUG org.activiti.engine.impl.history.DefaultHistoryManager  - Current history level: NONE, level required: FULL
10:48:05,019 [main] DEBUG org.activiti.engine.impl.history.DefaultHistoryManager  - Current history level: NONE, level required: ACTIVITY
10:48:05,019 [main] DEBUG org.activiti.engine.impl.history.DefaultHistoryManager  - Current history level: NONE, level required: FULL
10:48:05,019 [main] DEBUG org.activiti.engine.impl.history.DefaultHistoryManager  - Current history level: NONE, level required: ACTIVITY
10:48:05,019 [main] DEBUG org.activiti.engine.impl.history.DefaultHistoryManager  - Current history level: NONE, level required: FULL
10:48:05,019 [main] DEBUG org.activiti.engine.impl.history.DefaultHistoryManager  - Current history level: NONE, level required: ACTIVITY
10:48:05,019 [main] DEBUG org.activiti.engine.impl.history.DefaultHistoryManager  - Current history level: NONE, level required: FULL
10:48:05,019 [main] DEBUG org.activiti.engine.impl.history.DefaultHistoryManager  - Current history level: NONE, level required: ACTIVITY
10:48:05,019 [main] DEBUG org.activiti.engine.impl.history.DefaultHistoryManager  - Current history level: NONE, level required: FULL
10:48:05,019 [main] DEBUG org.activiti.engine.impl.history.DefaultHistoryManager  - Current history level: NONE, level required: ACTIVITY
10:48:05,019 [main] DEBUG org.activiti.engine.impl.history.DefaultHistoryManager  - Current history level: NONE, level required: FULL
10:48:05,019 [main] DEBUG org.activiti.engine.impl.history.DefaultHistoryManager  - Current history level: NONE, level required: ACTIVITY
10:48:05,019 [main] DEBUG org.activiti.engine.impl.history.DefaultHistoryManager  - Current history level: NONE, level required: FULL
10:48:05,019 [main] DEBUG org.activiti.engine.impl.history.DefaultHistoryManager  - Current history level: NONE, level required: ACTIVITY
10:48:05,019 [main] DEBUG org.activiti.engine.impl.history.DefaultHistoryManager  - Current history level: NONE, level required: FULL
10:48:05,020 [main] DEBUG org.activiti.engine.impl.history.DefaultHistoryManager  - Current history level: NONE, level required: ACTIVITY
10:48:05,020 [main] DEBUG org.activiti.engine.impl.history.DefaultHistoryManager  - Current history level: NONE, level required: FULL
10:48:05,020 [main] DEBUG org.activiti.engine.impl.history.DefaultHistoryManager  - Current history level: NONE, level required: ACTIVITY
10:48:05,020 [main] DEBUG org.activiti.engine.impl.history.DefaultHistoryManager  - Current history level: NONE, level required: FULL
10:48:05,020 [main] DEBUG org.activiti.engine.impl.history.DefaultHistoryManager  - Current history level: NONE, level required: ACTIVITY
10:48:05,020 [main] DEBUG org.activiti.engine.impl.history.DefaultHistoryManager  - Current history level: NONE, level required: FULL
10:48:05,020 [main] DEBUG org.activiti.engine.impl.history.DefaultHistoryManager  - Current history level: NONE, level required: ACTIVITY
10:48:05,020 [main] DEBUG org.activiti.engine.impl.history.DefaultHistoryManager  - Current history level: NONE, level required: FULL
10:48:05,020 [main] DEBUG org.activiti.engine.impl.history.DefaultHistoryManager  - Current history level: NONE, level required: ACTIVITY
10:48:05,020 [main] DEBUG org.activiti.engine.impl.history.DefaultHistoryManager  - Current history level: NONE, level required: FULL
10:48:05,020 [main] DEBUG org.activiti.engine.impl.history.DefaultHistoryManager  - Current history level: NONE, level required: ACTIVITY
10:48:05,020 [main] DEBUG org.activiti.engine.impl.history.DefaultHistoryManager  - Current history level: NONE, level required: FULL
10:48:05,020 [main] DEBUG org.activiti.engine.impl.history.DefaultHistoryManager  - Current history level: NONE, level required: ACTIVITY
10:48:05,020 [main] DEBUG org.activiti.engine.impl.history.DefaultHistoryManager  - Current history level: NONE, level required: FULL
10:48:05,020 [main] DEBUG org.activiti.engine.impl.history.DefaultHistoryManager  - Current history level: NONE, level required: ACTIVITY
10:48:05,020 [main] DEBUG org.activiti.engine.impl.history.DefaultHistoryManager  - Current history level: NONE, level required: FULL
10:48:05,020 [main] DEBUG org.activiti.engine.impl.history.DefaultHistoryManager  - Current history level: NONE, level required: ACTIVITY
10:48:05,020 [main] DEBUG org.activiti.engine.impl.history.DefaultHistoryManager  - Current history level: NONE, level required: FULL
10:48:05,020 [main] DEBUG org.activiti.engine.impl.history.DefaultHistoryManager  - Current history level: NONE, level required: ACTIVITY
10:48:05,020 [main] DEBUG org.activiti.engine.impl.history.DefaultHistoryManager  - Current history level: NONE, level required: FULL
10:48:05,020 [main] DEBUG org.activiti.engine.impl.history.DefaultHistoryManager  - Current history level: NONE, level required: ACTIVITY
10:48:05,020 [main] DEBUG org.activiti.engine.impl.history.DefaultHistoryManager  - Current history level: NONE, level required: FULL
10:48:05,021 [main] DEBUG org.activiti.engine.impl.history.DefaultHistoryManager  - Current history level: NONE, level required: ACTIVITY
10:48:05,021 [main] DEBUG org.activiti.engine.impl.history.DefaultHistoryManager  - Current history level: NONE, level required: FULL
10:48:05,021 [main] DEBUG org.activiti.engine.impl.history.DefaultHistoryManager  - Current history level: NONE, level required: ACTIVITY
10:48:05,021 [main] DEBUG org.activiti.engine.impl.history.DefaultHistoryManager  - Current history level: NONE, level required: FULL
10:48:05,021 [main] DEBUG org.activiti.engine.impl.history.DefaultHistoryManager  - Current history level: NONE, level required: ACTIVITY
10:48:05,024 [main] DEBUG org.activiti.engine.impl.history.DefaultHistoryManager  - Current history level: NONE, level required: FULL
10:48:05,024 [main] DEBUG org.activiti.engine.impl.history.DefaultHistoryManager  - Current history level: NONE, level required: ACTIVITY
10:48:05,024 [main] DEBUG org.activiti.engine.impl.history.DefaultHistoryManager  - Current history level: NONE, level required: FULL
10:48:05,024 [main] DEBUG org.activiti.engine.impl.history.DefaultHistoryManager  - Current history level: NONE, level required: ACTIVITY
10:48:05,024 [main] DEBUG org.activiti.engine.impl.history.DefaultHistoryManager  - Current history level: NONE, level required: FULL
10:48:05,024 [main] DEBUG org.activiti.engine.impl.history.DefaultHistoryManager  - Current history level: NONE, level required: ACTIVITY
10:48:05,024 [main] DEBUG org.activiti.engine.impl.history.DefaultHistoryManager  - Current history level: NONE, level required: FULL
10:48:05,024 [main] DEBUG org.activiti.engine.impl.history.DefaultHistoryManager  - Current history level: NONE, level required: ACTIVITY
10:48:05,024 [main] DEBUG org.activiti.engine.impl.history.DefaultHistoryManager  - Current history level: NONE, level required: FULL
10:48:05,024 [main] DEBUG org.activiti.engine.impl.history.DefaultHistoryManager  - Current history level: NONE, level required: ACTIVITY
10:48:05,024 [main] DEBUG org.activiti.engine.impl.history.DefaultHistoryManager  - Current history level: NONE, level required: FULL
10:48:05,025 [main] DEBUG org.activiti.engine.impl.history.DefaultHistoryManager  - Current history level: NONE, level required: ACTIVITY
10:48:05,025 [main] DEBUG org.activiti.engine.impl.history.DefaultHistoryManager  - Current history level: NONE, level required: FULL
10:48:05,025 [main] DEBUG org.activiti.engine.impl.history.DefaultHistoryManager  - Current history level: NONE, level required: ACTIVITY
10:48:05,025 [main] DEBUG org.activiti.engine.impl.history.DefaultHistoryManager  - Current history level: NONE, level required: FULL
10:48:05,025 [main] DEBUG org.activiti.engine.impl.history.DefaultHistoryManager  - Current history level: NONE, level required: ACTIVITY
10:48:05,025 [main] DEBUG org.activiti.engine.impl.history.DefaultHistoryManager  - Current history level: NONE, level required: FULL
10:48:05,025 [main] DEBUG org.activiti.engine.impl.history.DefaultHistoryManager  - Current history level: NONE, level required: ACTIVITY
10:48:05,025 [main] DEBUG org.activiti.engine.impl.history.DefaultHistoryManager  - Current history level: NONE, level required: FULL
10:48:05,025 [main] DEBUG org.activiti.engine.impl.history.DefaultHistoryManager  - Current history level: NONE, level required: ACTIVITY
10:48:05,025 [main] DEBUG org.activiti.engine.impl.history.DefaultHistoryManager  - Current history level: NONE, level required: FULL
10:48:05,025 [main] DEBUG org.activiti.engine.impl.history.DefaultHistoryManager  - Current history level: NONE, level required: ACTIVITY
10:48:05,025 [main] DEBUG org.activiti.engine.impl.history.DefaultHistoryManager  - Current history level: NONE, level required: FULL
10:48:05,025 [main] DEBUG org.activiti.engine.impl.history.DefaultHistoryManager  - Current history level: NONE, level required: ACTIVITY
10:48:05,025 [main] DEBUG org.activiti.engine.impl.history.DefaultHistoryManager  - Current history level: NONE, level required: FULL
10:48:05,025 [main] DEBUG org.activiti.engine.impl.history.DefaultHistoryManager  - Current history level: NONE, level required: ACTIVITY
10:48:05,025 [main] DEBUG org.activiti.engine.impl.history.DefaultHistoryManager  - Current history level: NONE, level required: FULL
10:48:05,025 [main] DEBUG org.activiti.engine.impl.history.DefaultHistoryManager  - Current history level: NONE, level required: ACTIVITY
10:48:05,025 [main] DEBUG org.activiti.engine.impl.history.DefaultHistoryManager  - Current history level: NONE, level required: FULL
10:48:05,025 [main] DEBUG org.activiti.engine.impl.history.DefaultHistoryManager  - Current history level: NONE, level required: ACTIVITY
10:48:05,025 [main] DEBUG org.activiti.engine.impl.history.DefaultHistoryManager  - Current history level: NONE, level required: FULL
10:48:05,025 [main] DEBUG org.activiti.engine.impl.history.DefaultHistoryManager  - Current history level: NONE, level required: ACTIVITY
10:48:05,025 [main] DEBUG org.activiti.engine.impl.history.DefaultHistoryManager  - Current history level: NONE, level required: FULL
10:48:05,025 [main] DEBUG org.activiti.engine.impl.history.DefaultHistoryManager  - Current history level: NONE, level required: ACTIVITY
10:48:05,026 [main] DEBUG org.activiti.engine.impl.history.DefaultHistoryManager  - Current history level: NONE, level required: FULL
10:48:05,026 [main] DEBUG org.activiti.engine.impl.history.DefaultHistoryManager  - Current history level: NONE, level required: ACTIVITY
10:48:05,026 [main] DEBUG org.activiti.engine.impl.history.DefaultHistoryManager  - Current history level: NONE, level required: FULL
10:48:05,026 [main] DEBUG org.activiti.engine.impl.history.DefaultHistoryManager  - Current history level: NONE, level required: ACTIVITY
10:48:05,026 [main] DEBUG org.activiti.engine.impl.history.DefaultHistoryManager  - Current history level: NONE, level required: FULL
10:48:05,026 [main] DEBUG org.activiti.engine.impl.history.DefaultHistoryManager  - Current history level: NONE, level required: ACTIVITY
10:48:05,026 [main] DEBUG org.activiti.engine.impl.history.DefaultHistoryManager  - Current history level: NONE, level required: FULL
10:48:05,026 [main] DEBUG org.activiti.engine.impl.history.DefaultHistoryManager  - Current history level: NONE, level required: ACTIVITY
10:48:05,026 [main] DEBUG org.activiti.engine.impl.history.DefaultHistoryManager  - Current history level: NONE, level required: FULL
10:48:05,026 [main] DEBUG org.activiti.engine.impl.history.DefaultHistoryManager  - Current history level: NONE, level required: ACTIVITY
10:48:05,026 [main] DEBUG org.activiti.engine.impl.history.DefaultHistoryManager  - Current history level: NONE, level required: FULL
10:48:05,026 [main] DEBUG org.activiti.engine.impl.history.DefaultHistoryManager  - Current history level: NONE, level required: ACTIVITY
10:48:05,026 [main] DEBUG org.activiti.engine.impl.history.DefaultHistoryManager  - Current history level: NONE, level required: FULL
10:48:05,026 [main] DEBUG org.activiti.engine.impl.history.DefaultHistoryManager  - Current history level: NONE, level required: ACTIVITY
10:48:05,026 [main] DEBUG org.activiti.engine.impl.history.DefaultHistoryManager  - Current history level: NONE, level required: FULL
10:48:05,026 [main] DEBUG org.activiti.engine.impl.history.DefaultHistoryManager  - Current history level: NONE, level required: ACTIVITY
10:48:05,026 [main] DEBUG org.activiti.engine.impl.history.DefaultHistoryManager  - Current history level: NONE, level required: FULL
10:48:05,026 [main] DEBUG org.activiti.engine.impl.history.DefaultHistoryManager  - Current history level: NONE, level required: ACTIVITY
10:48:05,026 [main] DEBUG org.activiti.engine.impl.history.DefaultHistoryManager  - Current history level: NONE, level required: FULL
10:48:05,026 [main] DEBUG org.activiti.engine.impl.history.DefaultHistoryManager  - Current history level: NONE, level required: ACTIVITY
10:48:05,026 [main] DEBUG org.activiti.engine.impl.history.DefaultHistoryManager  - Current history level: NONE, level required: FULL
10:48:05,026 [main] DEBUG org.activiti.engine.impl.history.DefaultHistoryManager  - Current history level: NONE, level required: ACTIVITY
10:48:05,027 [main] DEBUG org.activiti.engine.impl.history.DefaultHistoryManager  - Current history level: NONE, level required: FULL
10:48:05,028 [main] DEBUG org.activiti.engine.impl.history.DefaultHistoryManager  - Current history level: NONE, level required: ACTIVITY
10:48:05,028 [main] DEBUG org.activiti.engine.impl.history.DefaultHistoryManager  - Current history level: NONE, level required: FULL
10:48:05,028 [main] DEBUG org.activiti.engine.impl.history.DefaultHistoryManager  - Current history level: NONE, level required: ACTIVITY
10:48:05,028 [main] DEBUG org.activiti.engine.impl.history.DefaultHistoryManager  - Current history level: NONE, level required: FULL
10:48:05,028 [main] DEBUG org.activiti.engine.impl.history.DefaultHistoryManager  - Current history level: NONE, level required: ACTIVITY
10:48:05,028 [main] DEBUG org.activiti.engine.impl.history.DefaultHistoryManager  - Current history level: NONE, level required: FULL
10:48:05,028 [main] DEBUG org.activiti.engine.impl.history.DefaultHistoryManager  - Current history level: NONE, level required: ACTIVITY
10:48:05,028 [main] DEBUG org.activiti.engine.impl.history.DefaultHistoryManager  - Current history level: NONE, level required: FULL
10:48:05,028 [main] DEBUG org.activiti.engine.impl.history.DefaultHistoryManager  - Current history level: NONE, level required: ACTIVITY
10:48:05,028 [main] DEBUG org.activiti.engine.impl.history.DefaultHistoryManager  - Current history level: NONE, level required: FULL
10:48:05,028 [main] DEBUG org.activiti.engine.impl.history.DefaultHistoryManager  - Current history level: NONE, level required: ACTIVITY
10:48:05,028 [main] DEBUG org.activiti.engine.impl.history.DefaultHistoryManager  - Current history level: NONE, level required: FULL
10:48:05,028 [main] DEBUG org.activiti.engine.impl.history.DefaultHistoryManager  - Current history level: NONE, level required: ACTIVITY
10:48:05,028 [main] DEBUG org.activiti.engine.impl.history.DefaultHistoryManager  - Current history level: NONE, level required: FULL
10:48:05,028 [main] DEBUG org.activiti.engine.impl.history.DefaultHistoryManager  - Current history level: NONE, level required: ACTIVITY
10:48:05,028 [main] DEBUG org.activiti.engine.impl.history.DefaultHistoryManager  - Current history level: NONE, level required: FULL
10:48:05,028 [main] DEBUG org.activiti.engine.impl.history.DefaultHistoryManager  - Current history level: NONE, level required: ACTIVITY
10:48:05,028 [main] DEBUG org.activiti.engine.impl.history.DefaultHistoryManager  - Current history level: NONE, level required: FULL
10:48:05,028 [main] DEBUG org.activiti.engine.impl.history.DefaultHistoryManager  - Current history level: NONE, level required: ACTIVITY
10:48:05,028 [main] DEBUG org.activiti.engine.impl.history.DefaultHistoryManager  - Current history level: NONE, level required: FULL
10:48:05,029 [main] DEBUG org.activiti.engine.impl.history.DefaultHistoryManager  - Current history level: NONE, level required: ACTIVITY
10:48:05,029 [main] DEBUG org.activiti.engine.impl.history.DefaultHistoryManager  - Current history level: NONE, level required: FULL
10:48:05,029 [main] DEBUG org.activiti.engine.impl.history.DefaultHistoryManager  - Current history level: NONE, level required: ACTIVITY
10:48:05,029 [main] DEBUG org.activiti.engine.impl.history.DefaultHistoryManager  - Current history level: NONE, level required: FULL
10:48:05,029 [main] DEBUG org.activiti.engine.impl.history.DefaultHistoryManager  - Current history level: NONE, level required: ACTIVITY
10:48:05,029 [main] DEBUG org.activiti.engine.impl.history.DefaultHistoryManager  - Current history level: NONE, level required: FULL
10:48:05,029 [main] DEBUG org.activiti.engine.impl.history.DefaultHistoryManager  - Current history level: NONE, level required: ACTIVITY
10:48:05,029 [main] DEBUG org.activiti.engine.impl.history.DefaultHistoryManager  - Current history level: NONE, level required: FULL
10:48:05,029 [main] DEBUG org.activiti.engine.impl.history.DefaultHistoryManager  - Current history level: NONE, level required: ACTIVITY
10:48:05,029 [main] DEBUG org.activiti.engine.impl.history.DefaultHistoryManager  - Current history level: NONE, level required: FULL
10:48:05,029 [main] DEBUG org.activiti.engine.impl.history.DefaultHistoryManager  - Current history level: NONE, level required: ACTIVITY
10:48:05,029 [main] DEBUG org.activiti.engine.impl.history.DefaultHistoryManager  - Current history level: NONE, level required: FULL
10:48:05,029 [main] DEBUG org.activiti.engine.impl.history.DefaultHistoryManager  - Current history level: NONE, level required: ACTIVITY
10:48:05,029 [main] DEBUG org.activiti.engine.impl.history.DefaultHistoryManager  - Current history level: NONE, level required: FULL
10:48:05,029 [main] DEBUG org.activiti.engine.impl.history.DefaultHistoryManager  - Current history level: NONE, level required: ACTIVITY
10:48:05,029 [main] DEBUG org.activiti.engine.impl.history.DefaultHistoryManager  - Current history level: NONE, level required: FULL
10:48:05,029 [main] DEBUG org.activiti.engine.impl.history.DefaultHistoryManager  - Current history level: NONE, level required: ACTIVITY
10:48:05,029 [main] DEBUG org.activiti.engine.impl.history.DefaultHistoryManager  - Current history level: NONE, level required: FULL
10:48:05,029 [main] DEBUG org.activiti.engine.impl.history.DefaultHistoryManager  - Current history level: NONE, level required: ACTIVITY
10:48:05,029 [main] DEBUG org.activiti.engine.impl.history.DefaultHistoryManager  - Current history level: NONE, level required: FULL
10:48:05,030 [main] DEBUG org.activiti.engine.impl.history.DefaultHistoryManager  - Current history level: NONE, level required: ACTIVITY
10:48:05,030 [main] DEBUG org.activiti.engine.impl.history.DefaultHistoryManager  - Current history level: NONE, level required: FULL
10:48:05,030 [main] DEBUG org.activiti.engine.impl.history.DefaultHistoryManager  - Current history level: NONE, level required: ACTIVITY
10:48:05,030 [main] DEBUG org.activiti.engine.impl.history.DefaultHistoryManager  - Current history level: NONE, level required: FULL
10:48:05,030 [main] DEBUG org.activiti.engine.impl.history.DefaultHistoryManager  - Current history level: NONE, level required: ACTIVITY
10:48:05,030 [main] DEBUG org.activiti.engine.impl.history.DefaultHistoryManager  - Current history level: NONE, level required: FULL
10:48:05,030 [main] DEBUG org.activiti.engine.impl.history.DefaultHistoryManager  - Current history level: NONE, level required: ACTIVITY
10:48:05,030 [main] DEBUG org.activiti.engine.impl.history.DefaultHistoryManager  - Current history level: NONE, level required: FULL
10:48:05,030 [main] DEBUG org.activiti.engine.impl.history.DefaultHistoryManager  - Current history level: NONE, level required: ACTIVITY
10:48:05,030 [main] DEBUG org.activiti.engine.impl.history.DefaultHistoryManager  - Current history level: NONE, level required: FULL
10:48:05,030 [main] DEBUG org.activiti.engine.impl.history.DefaultHistoryManager  - Current history level: NONE, level required: ACTIVITY
10:48:05,030 [main] DEBUG org.activiti.engine.impl.history.DefaultHistoryManager  - Current history level: NONE, level required: FULL
10:48:05,030 [main] DEBUG org.activiti.engine.impl.history.DefaultHistoryManager  - Current history level: NONE, level required: ACTIVITY
10:48:05,030 [main] DEBUG org.activiti.engine.impl.history.DefaultHistoryManager  - Current history level: NONE, level required: FULL
10:48:05,030 [main] DEBUG org.activiti.engine.impl.history.DefaultHistoryManager  - Current history level: NONE, level required: ACTIVITY
10:48:05,030 [main] DEBUG org.activiti.engine.impl.history.DefaultHistoryManager  - Current history level: NONE, level required: FULL
10:48:05,030 [main] DEBUG org.activiti.engine.impl.history.DefaultHistoryManager  - Current history level: NONE, level required: ACTIVITY
10:48:05,031 [main] DEBUG org.activiti.engine.impl.history.DefaultHistoryManager  - Current history level: NONE, level required: FULL
10:48:05,031 [main] DEBUG org.activiti.engine.impl.history.DefaultHistoryManager  - Current history level: NONE, level required: ACTIVITY
10:48:05,034 [main] DEBUG org.activiti.engine.impl.history.DefaultHistoryManager  - Current history level: NONE, level required: FULL
10:48:05,034 [main] DEBUG org.activiti.engine.impl.history.DefaultHistoryManager  - Current history level: NONE, level required: ACTIVITY
10:48:05,034 [main] DEBUG org.activiti.engine.impl.history.DefaultHistoryManager  - Current history level: NONE, level required: FULL
10:48:05,034 [main] DEBUG org.activiti.engine.impl.history.DefaultHistoryManager  - Current history level: NONE, level required: ACTIVITY
10:48:05,034 [main] DEBUG org.activiti.engine.impl.history.DefaultHistoryManager  - Current history level: NONE, level required: FULL
10:48:05,034 [main] DEBUG org.activiti.engine.impl.history.DefaultHistoryManager  - Current history level: NONE, level required: ACTIVITY
10:48:05,034 [main] DEBUG org.activiti.engine.impl.history.DefaultHistoryManager  - Current history level: NONE, level required: FULL
10:48:05,034 [main] DEBUG org.activiti.engine.impl.history.DefaultHistoryManager  - Current history level: NONE, level required: ACTIVITY
10:48:05,034 [main] DEBUG org.activiti.engine.impl.history.DefaultHistoryManager  - Current history level: NONE, level required: FULL
10:48:05,034 [main] DEBUG org.activiti.engine.impl.history.DefaultHistoryManager  - Current history level: NONE, level required: ACTIVITY
10:48:05,034 [main] DEBUG org.activiti.engine.impl.history.DefaultHistoryManager  - Current history level: NONE, level required: FULL
10:48:05,034 [main] DEBUG org.activiti.engine.impl.history.DefaultHistoryManager  - Current history level: NONE, level required: ACTIVITY
10:48:05,034 [main] DEBUG org.activiti.engine.impl.history.DefaultHistoryManager  - Current history level: NONE, level required: FULL
10:48:05,034 [main] DEBUG org.activiti.engine.impl.history.DefaultHistoryManager  - Current history level: NONE, level required: ACTIVITY
10:48:05,034 [main] DEBUG org.activiti.engine.impl.history.DefaultHistoryManager  - Current history level: NONE, level required: FULL
10:48:05,034 [main] DEBUG org.activiti.engine.impl.history.DefaultHistoryManager  - Current history level: NONE, level required: ACTIVITY
10:48:05,034 [main] DEBUG org.activiti.engine.impl.history.DefaultHistoryManager  - Current history level: NONE, level required: FULL
10:48:05,035 [main] DEBUG org.activiti.engine.impl.history.DefaultHistoryManager  - Current history level: NONE, level required: ACTIVITY
10:48:05,035 [main] DEBUG org.activiti.engine.impl.history.DefaultHistoryManager  - Current history level: NONE, level required: FULL
10:48:05,035 [main] DEBUG org.activiti.engine.impl.history.DefaultHistoryManager  - Current history level: NONE, level required: ACTIVITY
10:48:05,035 [main] DEBUG org.activiti.engine.impl.history.DefaultHistoryManager  - Current history level: NONE, level required: FULL
10:48:05,035 [main] DEBUG org.activiti.engine.impl.history.DefaultHistoryManager  - Current history level: NONE, level required: ACTIVITY
10:48:05,035 [main] DEBUG org.activiti.engine.impl.history.DefaultHistoryManager  - Current history level: NONE, level required: FULL
10:48:05,035 [main] DEBUG org.activiti.engine.impl.history.DefaultHistoryManager  - Current history level: NONE, level required: ACTIVITY
10:48:05,035 [main] DEBUG org.activiti.engine.impl.history.DefaultHistoryManager  - Current history level: NONE, level required: FULL
10:48:05,035 [main] DEBUG org.activiti.engine.impl.history.DefaultHistoryManager  - Current history level: NONE, level required: ACTIVITY
10:48:05,035 [main] DEBUG org.activiti.engine.impl.history.DefaultHistoryManager  - Current history level: NONE, level required: FULL
10:48:05,035 [main] DEBUG org.activiti.engine.impl.history.DefaultHistoryManager  - Current history level: NONE, level required: ACTIVITY
10:48:05,035 [main] DEBUG org.activiti.engine.impl.history.DefaultHistoryManager  - Current history level: NONE, level required: FULL
10:48:05,035 [main] DEBUG org.activiti.engine.impl.history.DefaultHistoryManager  - Current history level: NONE, level required: ACTIVITY
10:48:05,035 [main] DEBUG org.activiti.engine.impl.history.DefaultHistoryManager  - Current history level: NONE, level required: FULL
10:48:05,035 [main] DEBUG org.activiti.engine.impl.history.DefaultHistoryManager  - Current history level: NONE, level required: ACTIVITY
10:48:05,035 [main] DEBUG org.activiti.engine.impl.history.DefaultHistoryManager  - Current history level: NONE, level required: FULL
10:48:05,035 [main] DEBUG org.activiti.engine.impl.history.DefaultHistoryManager  - Current history level: NONE, level required: ACTIVITY
10:48:05,035 [main] DEBUG org.activiti.engine.impl.history.DefaultHistoryManager  - Current history level: NONE, level required: FULL
10:48:05,035 [main] DEBUG org.activiti.engine.impl.history.DefaultHistoryManager  - Current history level: NONE, level required: ACTIVITY
10:48:05,035 [main] DEBUG org.activiti.engine.impl.history.DefaultHistoryManager  - Current history level: NONE, level required: FULL
10:48:05,035 [main] DEBUG org.activiti.engine.impl.history.DefaultHistoryManager  - Current history level: NONE, level required: ACTIVITY
10:48:05,035 [main] DEBUG org.activiti.engine.impl.history.DefaultHistoryManager  - Current history level: NONE, level required: FULL
10:48:05,035 [main] DEBUG org.activiti.engine.impl.history.DefaultHistoryManager  - Current history level: NONE, level required: ACTIVITY
10:48:05,035 [main] DEBUG org.activiti.engine.impl.history.DefaultHistoryManager  - Current history level: NONE, level required: FULL
10:48:05,035 [main] DEBUG org.activiti.engine.impl.history.DefaultHistoryManager  - Current history level: NONE, level required: ACTIVITY
10:48:05,035 [main] DEBUG org.activiti.engine.impl.history.DefaultHistoryManager  - Current history level: NONE, level required: FULL
10:48:05,035 [main] DEBUG org.activiti.engine.impl.history.DefaultHistoryManager  - Current history level: NONE, level required: ACTIVITY
10:48:05,035 [main] DEBUG org.activiti.engine.impl.history.DefaultHistoryManager  - Current history level: NONE, level required: FULL
10:48:05,036 [main] DEBUG org.activiti.engine.impl.history.DefaultHistoryManager  - Current history level: NONE, level required: ACTIVITY
10:48:05,036 [main] DEBUG org.activiti.engine.impl.history.DefaultHistoryManager  - Current history level: NONE, level required: FULL
10:48:05,036 [main] DEBUG org.activiti.engine.impl.history.DefaultHistoryManager  - Current history level: NONE, level required: ACTIVITY
10:48:05,036 [main] DEBUG org.activiti.engine.impl.history.DefaultHistoryManager  - Current history level: NONE, level required: FULL
10:48:05,036 [main] DEBUG org.activiti.engine.impl.history.DefaultHistoryManager  - Current history level: NONE, level required: ACTIVITY
10:48:05,036 [main] DEBUG org.activiti.engine.impl.history.DefaultHistoryManager  - Current history level: NONE, level required: FULL
10:48:05,036 [main] DEBUG org.activiti.engine.impl.history.DefaultHistoryManager  - Current history level: NONE, level required: ACTIVITY
10:48:05,036 [main] DEBUG org.activiti.engine.impl.history.DefaultHistoryManager  - Current history level: NONE, level required: FULL
10:48:05,036 [main] DEBUG org.activiti.engine.impl.history.DefaultHistoryManager  - Current history level: NONE, level required: ACTIVITY
10:48:05,036 [main] DEBUG org.activiti.engine.impl.history.DefaultHistoryManager  - Current history level: NONE, level required: FULL
10:48:05,036 [main] DEBUG org.activiti.engine.impl.history.DefaultHistoryManager  - Current history level: NONE, level required: ACTIVITY
10:48:05,036 [main] DEBUG org.activiti.engine.impl.history.DefaultHistoryManager  - Current history level: NONE, level required: FULL
10:48:05,036 [main] DEBUG org.activiti.engine.impl.history.DefaultHistoryManager  - Current history level: NONE, level required: ACTIVITY
10:48:05,036 [main] DEBUG org.activiti.engine.impl.history.DefaultHistoryManager  - Current history level: NONE, level required: FULL
10:48:05,036 [main] DEBUG org.activiti.engine.impl.history.DefaultHistoryManager  - Current history level: NONE, level required: ACTIVITY
10:48:05,036 [main] DEBUG org.activiti.engine.impl.history.DefaultHistoryManager  - Current history level: NONE, level required: FULL
10:48:05,036 [main] DEBUG org.activiti.engine.impl.history.DefaultHistoryManager  - Current history level: NONE, level required: ACTIVITY
10:48:05,036 [main] DEBUG org.activiti.engine.impl.history.DefaultHistoryManager  - Current history level: NONE, level required: FULL
10:48:05,036 [main] DEBUG org.activiti.engine.impl.history.DefaultHistoryManager  - Current history level: NONE, level required: ACTIVITY
10:48:05,036 [main] DEBUG org.activiti.engine.impl.history.DefaultHistoryManager  - Current history level: NONE, level required: FULL
10:48:05,036 [main] DEBUG org.activiti.engine.impl.history.DefaultHistoryManager  - Current history level: NONE, level required: ACTIVITY
10:48:05,036 [main] DEBUG org.activiti.engine.impl.history.DefaultHistoryManager  - Current history level: NONE, level required: FULL
10:48:05,036 [main] DEBUG org.activiti.engine.impl.history.DefaultHistoryManager  - Current history level: NONE, level required: ACTIVITY
10:48:05,036 [main] DEBUG org.activiti.engine.impl.history.DefaultHistoryManager  - Current history level: NONE, level required: FULL
10:48:05,036 [main] DEBUG org.activiti.engine.impl.history.DefaultHistoryManager  - Current history level: NONE, level required: ACTIVITY
10:48:05,036 [main] DEBUG org.activiti.engine.impl.history.DefaultHistoryManager  - Current history level: NONE, level required: FULL
10:48:05,036 [main] DEBUG org.activiti.engine.impl.history.DefaultHistoryManager  - Current history level: NONE, level required: ACTIVITY
10:48:05,036 [main] DEBUG org.activiti.engine.impl.history.DefaultHistoryManager  - Current history level: NONE, level required: FULL
10:48:05,036 [main] DEBUG org.activiti.engine.impl.history.DefaultHistoryManager  - Current history level: NONE, level required: ACTIVITY
10:48:05,036 [main] DEBUG org.activiti.engine.impl.history.DefaultHistoryManager  - Current history level: NONE, level required: FULL
10:48:05,036 [main] DEBUG org.activiti.engine.impl.history.DefaultHistoryManager  - Current history level: NONE, level required: ACTIVITY
10:48:05,036 [main] DEBUG org.activiti.engine.impl.history.DefaultHistoryManager  - Current history level: NONE, level required: FULL
10:48:05,037 [main] DEBUG org.activiti.engine.impl.history.DefaultHistoryManager  - Current history level: NONE, level required: ACTIVITY
10:48:05,037 [main] DEBUG org.activiti.engine.impl.history.DefaultHistoryManager  - Current history level: NONE, level required: FULL
10:48:05,037 [main] DEBUG org.activiti.engine.impl.history.DefaultHistoryManager  - Current history level: NONE, level required: ACTIVITY
10:48:05,037 [main] DEBUG org.activiti.engine.impl.history.DefaultHistoryManager  - Current history level: NONE, level required: FULL
10:48:05,037 [main] DEBUG org.activiti.engine.impl.history.DefaultHistoryManager  - Current history level: NONE, level required: ACTIVITY
10:48:05,037 [main] DEBUG org.activiti.engine.impl.history.DefaultHistoryManager  - Current history level: NONE, level required: FULL
10:48:05,037 [main] DEBUG org.activiti.engine.impl.history.DefaultHistoryManager  - Current history level: NONE, level required: ACTIVITY
10:48:05,037 [main] DEBUG org.activiti.engine.impl.history.DefaultHistoryManager  - Current history level: NONE, level required: FULL
10:48:05,037 [main] DEBUG org.activiti.engine.impl.history.DefaultHistoryManager  - Current history level: NONE, level required: ACTIVITY
10:48:05,037 [main] DEBUG org.activiti.engine.impl.history.DefaultHistoryManager  - Current history level: NONE, level required: FULL
10:48:05,037 [main] DEBUG org.activiti.engine.impl.history.DefaultHistoryManager  - Current history level: NONE, level required: ACTIVITY
10:48:05,037 [main] DEBUG org.activiti.engine.impl.history.DefaultHistoryManager  - Current history level: NONE, level required: FULL
10:48:05,037 [main] DEBUG org.activiti.engine.impl.history.DefaultHistoryManager  - Current history level: NONE, level required: ACTIVITY
10:48:05,037 [main] DEBUG org.activiti.engine.impl.history.DefaultHistoryManager  - Current history level: NONE, level required: FULL
10:48:05,037 [main] DEBUG org.activiti.engine.impl.history.DefaultHistoryManager  - Current history level: NONE, level required: ACTIVITY
10:48:05,037 [main] DEBUG org.activiti.engine.impl.history.DefaultHistoryManager  - Current history level: NONE, level required: FULL
10:48:05,037 [main] DEBUG org.activiti.engine.impl.history.DefaultHistoryManager  - Current history level: NONE, level required: ACTIVITY
10:48:05,037 [main] DEBUG org.activiti.engine.impl.history.DefaultHistoryManager  - Current history level: NONE, level required: FULL
10:48:05,037 [main] DEBUG org.activiti.engine.impl.history.DefaultHistoryManager  - Current history level: NONE, level required: ACTIVITY
10:48:05,037 [main] DEBUG org.activiti.engine.impl.history.DefaultHistoryManager  - Current history level: NONE, level required: FULL
10:48:05,037 [main] DEBUG org.activiti.engine.impl.history.DefaultHistoryManager  - Current history level: NONE, level required: ACTIVITY
10:48:05,037 [main] DEBUG org.activiti.engine.impl.history.DefaultHistoryManager  - Current history level: NONE, level required: FULL
10:48:05,037 [main] DEBUG org.activiti.engine.impl.history.DefaultHistoryManager  - Current history level: NONE, level required: ACTIVITY
10:48:05,037 [main] DEBUG org.activiti.engine.impl.history.DefaultHistoryManager  - Current history level: NONE, level required: FULL
10:48:05,037 [main] DEBUG org.activiti.engine.impl.history.DefaultHistoryManager  - Current history level: NONE, level required: ACTIVITY
10:48:05,037 [main] DEBUG org.activiti.engine.impl.history.DefaultHistoryManager  - Current history level: NONE, level required: FULL
10:48:05,037 [main] DEBUG org.activiti.engine.impl.history.DefaultHistoryManager  - Current history level: NONE, level required: ACTIVITY
10:48:05,037 [main] DEBUG org.activiti.engine.impl.history.DefaultHistoryManager  - Current history level: NONE, level required: FULL
10:48:05,037 [main] DEBUG org.activiti.engine.impl.history.DefaultHistoryManager  - Current history level: NONE, level required: ACTIVITY
10:48:05,037 [main] DEBUG org.activiti.engine.impl.history.DefaultHistoryManager  - Current history level: NONE, level required: FULL
10:48:05,037 [main] DEBUG org.activiti.engine.impl.history.DefaultHistoryManager  - Current history level: NONE, level required: ACTIVITY
10:48:05,037 [main] DEBUG org.activiti.engine.impl.history.DefaultHistoryManager  - Current history level: NONE, level required: FULL
10:48:05,037 [main] DEBUG org.activiti.engine.impl.history.DefaultHistoryManager  - Current history level: NONE, level required: ACTIVITY
10:48:05,037 [main] DEBUG org.activiti.engine.impl.history.DefaultHistoryManager  - Current history level: NONE, level required: FULL
10:48:05,037 [main] DEBUG org.activiti.engine.impl.history.DefaultHistoryManager  - Current history level: NONE, level required: ACTIVITY
10:48:05,037 [main] DEBUG org.activiti.engine.impl.history.DefaultHistoryManager  - Current history level: NONE, level required: FULL
10:48:05,037 [main] DEBUG org.activiti.engine.impl.history.DefaultHistoryManager  - Current history level: NONE, level required: ACTIVITY
10:48:05,037 [main] DEBUG org.activiti.engine.impl.history.DefaultHistoryManager  - Current history level: NONE, level required: FULL
10:48:05,037 [main] DEBUG org.activiti.engine.impl.history.DefaultHistoryManager  - Current history level: NONE, level required: ACTIVITY
10:48:05,037 [main] DEBUG org.activiti.engine.impl.history.DefaultHistoryManager  - Current history level: NONE, level required: FULL
10:48:05,037 [main] DEBUG org.activiti.engine.impl.history.DefaultHistoryManager  - Current history level: NONE, level required: ACTIVITY
10:48:05,037 [main] DEBUG org.activiti.engine.impl.history.DefaultHistoryManager  - Current history level: NONE, level required: FULL
10:48:05,037 [main] DEBUG org.activiti.engine.impl.history.DefaultHistoryManager  - Current history level: NONE, level required: ACTIVITY
10:48:05,038 [main] DEBUG org.activiti.engine.impl.history.DefaultHistoryManager  - Current history level: NONE, level required: FULL
10:48:05,038 [main] DEBUG org.activiti.engine.impl.history.DefaultHistoryManager  - Current history level: NONE, level required: ACTIVITY
10:48:05,038 [main] DEBUG org.activiti.engine.impl.history.DefaultHistoryManager  - Current history level: NONE, level required: FULL
10:48:05,038 [main] DEBUG org.activiti.engine.impl.history.DefaultHistoryManager  - Current history level: NONE, level required: ACTIVITY
10:48:05,038 [main] DEBUG org.activiti.engine.impl.history.DefaultHistoryManager  - Current history level: NONE, level required: FULL
10:48:05,038 [main] DEBUG org.activiti.engine.impl.history.DefaultHistoryManager  - Current history level: NONE, level required: ACTIVITY
10:48:05,038 [main] DEBUG org.activiti.engine.impl.history.DefaultHistoryManager  - Current history level: NONE, level required: FULL
10:48:05,038 [main] DEBUG org.activiti.engine.impl.history.DefaultHistoryManager  - Current history level: NONE, level required: ACTIVITY
10:48:05,038 [main] DEBUG org.activiti.engine.impl.history.DefaultHistoryManager  - Current history level: NONE, level required: FULL
10:48:05,038 [main] DEBUG org.activiti.engine.impl.history.DefaultHistoryManager  - Current history level: NONE, level required: ACTIVITY
10:48:05,038 [main] DEBUG org.activiti.engine.impl.history.DefaultHistoryManager  - Current history level: NONE, level required: FULL
10:48:05,038 [main] DEBUG org.activiti.engine.impl.history.DefaultHistoryManager  - Current history level: NONE, level required: ACTIVITY
10:48:05,038 [main] DEBUG org.activiti.engine.impl.history.DefaultHistoryManager  - Current history level: NONE, level required: FULL
10:48:05,038 [main] DEBUG org.activiti.engine.impl.history.DefaultHistoryManager  - Current history level: NONE, level required: ACTIVITY
10:48:05,038 [main] DEBUG org.activiti.engine.impl.history.DefaultHistoryManager  - Current history level: NONE, level required: FULL
10:48:05,038 [main] DEBUG org.activiti.engine.impl.history.DefaultHistoryManager  - Current history level: NONE, level required: ACTIVITY
10:48:05,038 [main] DEBUG org.activiti.engine.impl.history.DefaultHistoryManager  - Current history level: NONE, level required: FULL
10:48:05,038 [main] DEBUG org.activiti.engine.impl.history.DefaultHistoryManager  - Current history level: NONE, level required: ACTIVITY
10:48:05,038 [main] DEBUG org.activiti.engine.impl.history.DefaultHistoryManager  - Current history level: NONE, level required: FULL
10:48:05,038 [main] DEBUG org.activiti.engine.impl.history.DefaultHistoryManager  - Current history level: NONE, level required: ACTIVITY
10:48:05,038 [main] DEBUG org.activiti.engine.impl.history.DefaultHistoryManager  - Current history level: NONE, level required: FULL
10:48:05,038 [main] DEBUG org.activiti.engine.impl.history.DefaultHistoryManager  - Current history level: NONE, level required: ACTIVITY
10:48:05,038 [main] DEBUG org.activiti.engine.impl.history.DefaultHistoryManager  - Current history level: NONE, level required: FULL
10:48:05,038 [main] DEBUG org.activiti.engine.impl.history.DefaultHistoryManager  - Current history level: NONE, level required: ACTIVITY
10:48:05,038 [main] DEBUG org.activiti.engine.impl.history.DefaultHistoryManager  - Current history level: NONE, level required: FULL
10:48:05,038 [main] DEBUG org.activiti.engine.impl.history.DefaultHistoryManager  - Current history level: NONE, level required: ACTIVITY
10:48:05,038 [main] DEBUG org.activiti.engine.impl.history.DefaultHistoryManager  - Current history level: NONE, level required: FULL
10:48:05,038 [main] DEBUG org.activiti.engine.impl.history.DefaultHistoryManager  - Current history level: NONE, level required: ACTIVITY
10:48:05,038 [main] DEBUG org.activiti.engine.impl.history.DefaultHistoryManager  - Current history level: NONE, level required: FULL
10:48:05,038 [main] DEBUG org.activiti.engine.impl.history.DefaultHistoryManager  - Current history level: NONE, level required: ACTIVITY
10:48:05,038 [main] DEBUG org.activiti.engine.impl.history.DefaultHistoryManager  - Current history level: NONE, level required: FULL
10:48:05,038 [main] DEBUG org.activiti.engine.impl.history.DefaultHistoryManager  - Current history level: NONE, level required: ACTIVITY
10:48:05,038 [main] DEBUG org.activiti.engine.impl.history.DefaultHistoryManager  - Current history level: NONE, level required: FULL
10:48:05,038 [main] DEBUG org.activiti.engine.impl.history.DefaultHistoryManager  - Current history level: NONE, level required: ACTIVITY
10:48:05,038 [main] DEBUG org.activiti.engine.impl.history.DefaultHistoryManager  - Current history level: NONE, level required: FULL
10:48:05,038 [main] DEBUG org.activiti.engine.impl.history.DefaultHistoryManager  - Current history level: NONE, level required: ACTIVITY
10:48:05,038 [main] DEBUG org.activiti.engine.impl.history.DefaultHistoryManager  - Current history level: NONE, level required: FULL
10:48:05,038 [main] DEBUG org.activiti.engine.impl.history.DefaultHistoryManager  - Current history level: NONE, level required: ACTIVITY
10:48:05,038 [main] DEBUG org.activiti.engine.impl.history.DefaultHistoryManager  - Current history level: NONE, level required: FULL
10:48:05,038 [main] DEBUG org.activiti.engine.impl.history.DefaultHistoryManager  - Current history level: NONE, level required: ACTIVITY
10:48:05,038 [main] DEBUG org.activiti.engine.impl.history.DefaultHistoryManager  - Current history level: NONE, level required: FULL
10:48:05,038 [main] DEBUG org.activiti.engine.impl.history.DefaultHistoryManager  - Current history level: NONE, level required: ACTIVITY
10:48:05,038 [main] DEBUG org.activiti.engine.impl.history.DefaultHistoryManager  - Current history level: NONE, level required: FULL
10:48:05,038 [main] DEBUG org.activiti.engine.impl.history.DefaultHistoryManager  - Current history level: NONE, level required: ACTIVITY
10:48:05,038 [main] DEBUG org.activiti.engine.impl.history.DefaultHistoryManager  - Current history level: NONE, level required: FULL
10:48:05,038 [main] DEBUG org.activiti.engine.impl.history.DefaultHistoryManager  - Current history level: NONE, level required: ACTIVITY
10:48:05,038 [main] DEBUG org.activiti.engine.impl.history.DefaultHistoryManager  - Current history level: NONE, level required: FULL
10:48:05,039 [main] DEBUG org.activiti.engine.impl.history.DefaultHistoryManager  - Current history level: NONE, level required: ACTIVITY
10:48:05,039 [main] DEBUG org.activiti.engine.impl.history.DefaultHistoryManager  - Current history level: NONE, level required: FULL
10:48:05,039 [main] DEBUG org.activiti.engine.impl.history.DefaultHistoryManager  - Current history level: NONE, level required: ACTIVITY
10:48:05,039 [main] DEBUG org.activiti.engine.impl.history.DefaultHistoryManager  - Current history level: NONE, level required: FULL
10:48:05,039 [main] DEBUG org.activiti.engine.impl.history.DefaultHistoryManager  - Current history level: NONE, level required: ACTIVITY
10:48:05,039 [main] DEBUG org.activiti.engine.impl.history.DefaultHistoryManager  - Current history level: NONE, level required: FULL
10:48:05,039 [main] DEBUG org.activiti.engine.impl.history.DefaultHistoryManager  - Current history level: NONE, level required: ACTIVITY
10:48:05,039 [main] DEBUG org.activiti.engine.impl.history.DefaultHistoryManager  - Current history level: NONE, level required: FULL
10:48:05,039 [main] DEBUG org.activiti.engine.impl.history.DefaultHistoryManager  - Current history level: NONE, level required: ACTIVITY
10:48:05,039 [main] DEBUG org.activiti.engine.impl.history.DefaultHistoryManager  - Current history level: NONE, level required: FULL
10:48:05,039 [main] DEBUG org.activiti.engine.impl.history.DefaultHistoryManager  - Current history level: NONE, level required: ACTIVITY
10:48:05,039 [main] DEBUG org.activiti.engine.impl.history.DefaultHistoryManager  - Current history level: NONE, level required: FULL
10:48:05,039 [main] DEBUG org.activiti.engine.impl.history.DefaultHistoryManager  - Current history level: NONE, level required: ACTIVITY
10:48:05,039 [main] DEBUG org.activiti.engine.impl.history.DefaultHistoryManager  - Current history level: NONE, level required: FULL
10:48:05,039 [main] DEBUG org.activiti.engine.impl.history.DefaultHistoryManager  - Current history level: NONE, level required: ACTIVITY
10:48:05,039 [main] DEBUG org.activiti.engine.impl.history.DefaultHistoryManager  - Current history level: NONE, level required: FULL
10:48:05,039 [main] DEBUG org.activiti.engine.impl.history.DefaultHistoryManager  - Current history level: NONE, level required: ACTIVITY
10:48:05,039 [main] DEBUG org.activiti.engine.impl.history.DefaultHistoryManager  - Current history level: NONE, level required: FULL
10:48:05,039 [main] DEBUG org.activiti.engine.impl.history.DefaultHistoryManager  - Current history level: NONE, level required: ACTIVITY
10:48:05,039 [main] DEBUG org.activiti.engine.impl.history.DefaultHistoryManager  - Current history level: NONE, level required: FULL
10:48:05,039 [main] DEBUG org.activiti.engine.impl.history.DefaultHistoryManager  - Current history level: NONE, level required: ACTIVITY
10:48:05,039 [main] DEBUG org.activiti.engine.impl.history.DefaultHistoryManager  - Current history level: NONE, level required: FULL
10:48:05,039 [main] DEBUG org.activiti.engine.impl.history.DefaultHistoryManager  - Current history level: NONE, level required: ACTIVITY
10:48:05,039 [main] DEBUG org.activiti.engine.impl.history.DefaultHistoryManager  - Current history level: NONE, level required: FULL
10:48:05,039 [main] DEBUG org.activiti.engine.impl.history.DefaultHistoryManager  - Current history level: NONE, level required: ACTIVITY
10:48:05,039 [main] DEBUG org.activiti.engine.impl.history.DefaultHistoryManager  - Current history level: NONE, level required: FULL
10:48:05,039 [main] DEBUG org.activiti.engine.impl.history.DefaultHistoryManager  - Current history level: NONE, level required: ACTIVITY
10:48:05,039 [main] DEBUG org.activiti.engine.impl.history.DefaultHistoryManager  - Current history level: NONE, level required: FULL
10:48:05,039 [main] DEBUG org.activiti.engine.impl.history.DefaultHistoryManager  - Current history level: NONE, level required: ACTIVITY
10:48:05,039 [main] DEBUG org.activiti.engine.impl.history.DefaultHistoryManager  - Current history level: NONE, level required: FULL
10:48:05,039 [main] DEBUG org.activiti.engine.impl.history.DefaultHistoryManager  - Current history level: NONE, level required: ACTIVITY
10:48:05,039 [main] DEBUG org.activiti.engine.impl.history.DefaultHistoryManager  - Current history level: NONE, level required: FULL
10:48:05,039 [main] DEBUG org.activiti.engine.impl.history.DefaultHistoryManager  - Current history level: NONE, level required: ACTIVITY
10:48:05,039 [main] DEBUG org.activiti.engine.impl.history.DefaultHistoryManager  - Current history level: NONE, level required: FULL
10:48:05,039 [main] DEBUG org.activiti.engine.impl.history.DefaultHistoryManager  - Current history level: NONE, level required: ACTIVITY
10:48:05,039 [main] DEBUG org.activiti.engine.impl.history.DefaultHistoryManager  - Current history level: NONE, level required: FULL
10:48:05,039 [main] DEBUG org.activiti.engine.impl.history.DefaultHistoryManager  - Current history level: NONE, level required: ACTIVITY
10:48:05,039 [main] DEBUG org.activiti.engine.impl.history.DefaultHistoryManager  - Current history level: NONE, level required: FULL
10:48:05,039 [main] DEBUG org.activiti.engine.impl.history.DefaultHistoryManager  - Current history level: NONE, level required: ACTIVITY
10:48:05,039 [main] DEBUG org.activiti.engine.impl.history.DefaultHistoryManager  - Current history level: NONE, level required: FULL
10:48:05,039 [main] DEBUG org.activiti.engine.impl.history.DefaultHistoryManager  - Current history level: NONE, level required: ACTIVITY
10:48:05,039 [main] DEBUG org.activiti.engine.impl.history.DefaultHistoryManager  - Current history level: NONE, level required: FULL
10:48:05,039 [main] DEBUG org.activiti.engine.impl.history.DefaultHistoryManager  - Current history level: NONE, level required: ACTIVITY
10:48:05,039 [main] DEBUG org.activiti.engine.impl.history.DefaultHistoryManager  - Current history level: NONE, level required: FULL
10:48:05,040 [main] DEBUG org.activiti.engine.impl.history.DefaultHistoryManager  - Current history level: NONE, level required: ACTIVITY
10:48:05,040 [main] DEBUG org.activiti.engine.impl.history.DefaultHistoryManager  - Current history level: NONE, level required: FULL
10:48:05,040 [main] DEBUG org.activiti.engine.impl.history.DefaultHistoryManager  - Current history level: NONE, level required: ACTIVITY
10:48:05,040 [main] DEBUG org.activiti.engine.impl.history.DefaultHistoryManager  - Current history level: NONE, level required: FULL
10:48:05,040 [main] DEBUG org.activiti.engine.impl.history.DefaultHistoryManager  - Current history level: NONE, level required: ACTIVITY
10:48:05,040 [main] DEBUG org.activiti.engine.impl.history.DefaultHistoryManager  - Current history level: NONE, level required: FULL
10:48:05,040 [main] DEBUG org.activiti.engine.impl.history.DefaultHistoryManager  - Current history level: NONE, level required: ACTIVITY
10:48:05,040 [main] DEBUG org.activiti.engine.impl.history.DefaultHistoryManager  - Current history level: NONE, level required: FULL
10:48:05,040 [main] DEBUG org.activiti.engine.impl.history.DefaultHistoryManager  - Current history level: NONE, level required: ACTIVITY
10:48:05,040 [main] DEBUG org.activiti.engine.impl.history.DefaultHistoryManager  - Current history level: NONE, level required: FULL
10:48:05,040 [main] DEBUG org.activiti.engine.impl.history.DefaultHistoryManager  - Current history level: NONE, level required: ACTIVITY
10:48:05,040 [main] DEBUG org.activiti.engine.impl.history.DefaultHistoryManager  - Current history level: NONE, level required: FULL
10:48:05,040 [main] DEBUG org.activiti.engine.impl.history.DefaultHistoryManager  - Current history level: NONE, level required: ACTIVITY
10:48:05,040 [main] DEBUG org.activiti.engine.impl.history.DefaultHistoryManager  - Current history level: NONE, level required: FULL
10:48:05,040 [main] DEBUG org.activiti.engine.impl.history.DefaultHistoryManager  - Current history level: NONE, level required: ACTIVITY
10:48:05,040 [main] DEBUG org.activiti.engine.impl.history.DefaultHistoryManager  - Current history level: NONE, level required: FULL
10:48:05,040 [main] DEBUG org.activiti.engine.impl.history.DefaultHistoryManager  - Current history level: NONE, level required: ACTIVITY
10:48:05,040 [main] DEBUG org.activiti.engine.impl.history.DefaultHistoryManager  - Current history level: NONE, level required: FULL
10:48:05,040 [main] DEBUG org.activiti.engine.impl.history.DefaultHistoryManager  - Current history level: NONE, level required: ACTIVITY
10:48:05,040 [main] DEBUG org.activiti.engine.impl.history.DefaultHistoryManager  - Current history level: NONE, level required: FULL
10:48:05,040 [main] DEBUG org.activiti.engine.impl.history.DefaultHistoryManager  - Current history level: NONE, level required: ACTIVITY
10:48:05,040 [main] DEBUG org.activiti.engine.impl.history.DefaultHistoryManager  - Current history level: NONE, level required: FULL
10:48:05,040 [main] DEBUG org.activiti.engine.impl.history.DefaultHistoryManager  - Current history level: NONE, level required: ACTIVITY
10:48:05,040 [main] DEBUG org.activiti.engine.impl.history.DefaultHistoryManager  - Current history level: NONE, level required: FULL
10:48:05,040 [main] DEBUG org.activiti.engine.impl.history.DefaultHistoryManager  - Current history level: NONE, level required: ACTIVITY
10:48:05,040 [main] DEBUG org.activiti.engine.impl.history.DefaultHistoryManager  - Current history level: NONE, level required: FULL
10:48:05,040 [main] DEBUG org.activiti.engine.impl.history.DefaultHistoryManager  - Current history level: NONE, level required: ACTIVITY
10:48:05,040 [main] DEBUG org.activiti.engine.impl.history.DefaultHistoryManager  - Current history level: NONE, level required: FULL
10:48:05,040 [main] DEBUG org.activiti.engine.impl.history.DefaultHistoryManager  - Current history level: NONE, level required: ACTIVITY
10:48:05,040 [main] DEBUG org.activiti.engine.impl.history.DefaultHistoryManager  - Current history level: NONE, level required: FULL
10:48:05,040 [main] DEBUG org.activiti.engine.impl.history.DefaultHistoryManager  - Current history level: NONE, level required: ACTIVITY
10:48:05,040 [main] DEBUG org.activiti.engine.impl.history.DefaultHistoryManager  - Current history level: NONE, level required: FULL
10:48:05,040 [main] DEBUG org.activiti.engine.impl.history.DefaultHistoryManager  - Current history level: NONE, level required: ACTIVITY
10:48:05,040 [main] DEBUG org.activiti.engine.impl.history.DefaultHistoryManager  - Current history level: NONE, level required: FULL
10:48:05,040 [main] DEBUG org.activiti.engine.impl.history.DefaultHistoryManager  - Current history level: NONE, level required: ACTIVITY
10:48:05,040 [main] DEBUG org.activiti.engine.impl.history.DefaultHistoryManager  - Current history level: NONE, level required: FULL
10:48:05,040 [main] DEBUG org.activiti.engine.impl.history.DefaultHistoryManager  - Current history level: NONE, level required: ACTIVITY
10:48:05,040 [main] DEBUG org.activiti.engine.impl.history.DefaultHistoryManager  - Current history level: NONE, level required: FULL
10:48:05,040 [main] DEBUG org.activiti.engine.impl.history.DefaultHistoryManager  - Current history level: NONE, level required: ACTIVITY
10:48:05,040 [main] DEBUG org.activiti.engine.impl.history.DefaultHistoryManager  - Current history level: NONE, level required: FULL
10:48:05,040 [main] DEBUG org.activiti.engine.impl.history.DefaultHistoryManager  - Current history level: NONE, level required: ACTIVITY
10:48:05,041 [main] DEBUG org.activiti.engine.impl.history.DefaultHistoryManager  - Current history level: NONE, level required: FULL
10:48:05,041 [main] DEBUG org.activiti.engine.impl.history.DefaultHistoryManager  - Current history level: NONE, level required: ACTIVITY
10:48:05,041 [main] DEBUG org.activiti.engine.impl.history.DefaultHistoryManager  - Current history level: NONE, level required: FULL
10:48:05,041 [main] DEBUG org.activiti.engine.impl.history.DefaultHistoryManager  - Current history level: NONE, level required: ACTIVITY
10:48:05,041 [main] DEBUG org.activiti.engine.impl.history.DefaultHistoryManager  - Current history level: NONE, level required: FULL
10:48:05,041 [main] DEBUG org.activiti.engine.impl.history.DefaultHistoryManager  - Current history level: NONE, level required: ACTIVITY
10:48:05,041 [main] DEBUG org.activiti.engine.impl.history.DefaultHistoryManager  - Current history level: NONE, level required: FULL
10:48:05,041 [main] DEBUG org.activiti.engine.impl.history.DefaultHistoryManager  - Current history level: NONE, level required: ACTIVITY
10:48:05,041 [main] DEBUG org.activiti.engine.impl.history.DefaultHistoryManager  - Current history level: NONE, level required: FULL
10:48:05,041 [main] DEBUG org.activiti.engine.impl.history.DefaultHistoryManager  - Current history level: NONE, level required: ACTIVITY
10:48:05,041 [main] DEBUG org.activiti.engine.impl.history.DefaultHistoryManager  - Current history level: NONE, level required: FULL
10:48:05,041 [main] DEBUG org.activiti.engine.impl.history.DefaultHistoryManager  - Current history level: NONE, level required: ACTIVITY
10:48:05,041 [main] DEBUG org.activiti.engine.impl.history.DefaultHistoryManager  - Current history level: NONE, level required: FULL
10:48:05,041 [main] DEBUG org.activiti.engine.impl.history.DefaultHistoryManager  - Current history level: NONE, level required: ACTIVITY
10:48:05,041 [main] DEBUG org.activiti.engine.impl.history.DefaultHistoryManager  - Current history level: NONE, level required: FULL
10:48:05,041 [main] DEBUG org.activiti.engine.impl.history.DefaultHistoryManager  - Current history level: NONE, level required: ACTIVITY
10:48:05,041 [main] DEBUG org.activiti.engine.impl.history.DefaultHistoryManager  - Current history level: NONE, level required: FULL
10:48:05,041 [main] DEBUG org.activiti.engine.impl.history.DefaultHistoryManager  - Current history level: NONE, level required: ACTIVITY
10:48:05,041 [main] DEBUG org.activiti.engine.impl.history.DefaultHistoryManager  - Current history level: NONE, level required: FULL
10:48:05,041 [main] DEBUG org.activiti.engine.impl.history.DefaultHistoryManager  - Current history level: NONE, level required: ACTIVITY
10:48:05,041 [main] DEBUG org.activiti.engine.impl.history.DefaultHistoryManager  - Current history level: NONE, level required: FULL
10:48:05,041 [main] DEBUG org.activiti.engine.impl.history.DefaultHistoryManager  - Current history level: NONE, level required: ACTIVITY
10:48:05,041 [main] DEBUG org.activiti.engine.impl.history.DefaultHistoryManager  - Current history level: NONE, level required: FULL
10:48:05,041 [main] DEBUG org.activiti.engine.impl.history.DefaultHistoryManager  - Current history level: NONE, level required: ACTIVITY
10:48:05,041 [main] DEBUG org.activiti.engine.impl.history.DefaultHistoryManager  - Current history level: NONE, level required: FULL
10:48:05,041 [main] DEBUG org.activiti.engine.impl.history.DefaultHistoryManager  - Current history level: NONE, level required: ACTIVITY
10:48:05,041 [main] DEBUG org.activiti.engine.impl.history.DefaultHistoryManager  - Current history level: NONE, level required: FULL
10:48:05,041 [main] DEBUG org.activiti.engine.impl.history.DefaultHistoryManager  - Current history level: NONE, level required: ACTIVITY
10:48:05,041 [main] DEBUG org.activiti.engine.impl.history.DefaultHistoryManager  - Current history level: NONE, level required: FULL
10:48:05,041 [main] DEBUG org.activiti.engine.impl.history.DefaultHistoryManager  - Current history level: NONE, level required: ACTIVITY
10:48:05,041 [main] DEBUG org.activiti.engine.impl.history.DefaultHistoryManager  - Current history level: NONE, level required: FULL
10:48:05,041 [main] DEBUG org.activiti.engine.impl.history.DefaultHistoryManager  - Current history level: NONE, level required: ACTIVITY
10:48:05,041 [main] DEBUG org.activiti.engine.impl.history.DefaultHistoryManager  - Current history level: NONE, level required: FULL
10:48:05,041 [main] DEBUG org.activiti.engine.impl.history.DefaultHistoryManager  - Current history level: NONE, level required: ACTIVITY
10:48:05,041 [main] DEBUG org.activiti.engine.impl.history.DefaultHistoryManager  - Current history level: NONE, level required: FULL
10:48:05,041 [main] DEBUG org.activiti.engine.impl.history.DefaultHistoryManager  - Current history level: NONE, level required: ACTIVITY
10:48:05,041 [main] DEBUG org.activiti.engine.impl.history.DefaultHistoryManager  - Current history level: NONE, level required: FULL
10:48:05,041 [main] DEBUG org.activiti.engine.impl.history.DefaultHistoryManager  - Current history level: NONE, level required: ACTIVITY
10:48:05,041 [main] DEBUG org.activiti.engine.impl.history.DefaultHistoryManager  - Current history level: NONE, level required: FULL
10:48:05,041 [main] DEBUG org.activiti.engine.impl.history.DefaultHistoryManager  - Current history level: NONE, level required: ACTIVITY
10:48:05,041 [main] DEBUG org.activiti.engine.impl.history.DefaultHistoryManager  - Current history level: NONE, level required: FULL
10:48:05,041 [main] DEBUG org.activiti.engine.impl.history.DefaultHistoryManager  - Current history level: NONE, level required: ACTIVITY
10:48:05,042 [main] DEBUG org.activiti.engine.impl.history.DefaultHistoryManager  - Current history level: NONE, level required: FULL
10:48:05,042 [main] DEBUG org.activiti.engine.impl.history.DefaultHistoryManager  - Current history level: NONE, level required: ACTIVITY
10:48:05,042 [main] DEBUG org.activiti.engine.impl.history.DefaultHistoryManager  - Current history level: NONE, level required: FULL
10:48:05,042 [main] DEBUG org.activiti.engine.impl.history.DefaultHistoryManager  - Current history level: NONE, level required: ACTIVITY
10:48:05,042 [main] DEBUG org.activiti.engine.impl.history.DefaultHistoryManager  - Current history level: NONE, level required: FULL
10:48:05,042 [main] DEBUG org.activiti.engine.impl.history.DefaultHistoryManager  - Current history level: NONE, level required: ACTIVITY
10:48:05,042 [main] DEBUG org.activiti.engine.impl.history.DefaultHistoryManager  - Current history level: NONE, level required: FULL
10:48:05,042 [main] DEBUG org.activiti.engine.impl.history.DefaultHistoryManager  - Current history level: NONE, level required: ACTIVITY
10:48:05,042 [main] DEBUG org.activiti.engine.impl.history.DefaultHistoryManager  - Current history level: NONE, level required: FULL
10:48:05,042 [main] DEBUG org.activiti.engine.impl.history.DefaultHistoryManager  - Current history level: NONE, level required: ACTIVITY
10:48:05,042 [main] DEBUG org.activiti.engine.impl.history.DefaultHistoryManager  - Current history level: NONE, level required: FULL
10:48:05,042 [main] DEBUG org.activiti.engine.impl.history.DefaultHistoryManager  - Current history level: NONE, level required: ACTIVITY
10:48:05,042 [main] DEBUG org.activiti.engine.impl.history.DefaultHistoryManager  - Current history level: NONE, level required: FULL
10:48:05,042 [main] DEBUG org.activiti.engine.impl.history.DefaultHistoryManager  - Current history level: NONE, level required: ACTIVITY
10:48:05,042 [main] DEBUG org.activiti.engine.impl.history.DefaultHistoryManager  - Current history level: NONE, level required: FULL
10:48:05,042 [main] DEBUG org.activiti.engine.impl.history.DefaultHistoryManager  - Current history level: NONE, level required: ACTIVITY
10:48:05,042 [main] DEBUG org.activiti.engine.impl.history.DefaultHistoryManager  - Current history level: NONE, level required: FULL
10:48:05,042 [main] DEBUG org.activiti.engine.impl.history.DefaultHistoryManager  - Current history level: NONE, level required: ACTIVITY
10:48:05,042 [main] DEBUG org.activiti.engine.impl.history.DefaultHistoryManager  - Current history level: NONE, level required: FULL
10:48:05,042 [main] DEBUG org.activiti.engine.impl.history.DefaultHistoryManager  - Current history level: NONE, level required: ACTIVITY
10:48:05,042 [main] DEBUG org.activiti.engine.impl.history.DefaultHistoryManager  - Current history level: NONE, level required: FULL
10:48:05,042 [main] DEBUG org.activiti.engine.impl.history.DefaultHistoryManager  - Current history level: NONE, level required: ACTIVITY
10:48:05,042 [main] DEBUG org.activiti.engine.impl.history.DefaultHistoryManager  - Current history level: NONE, level required: FULL
10:48:05,042 [main] DEBUG org.activiti.engine.impl.history.DefaultHistoryManager  - Current history level: NONE, level required: ACTIVITY
10:48:05,042 [main] DEBUG org.activiti.engine.impl.history.DefaultHistoryManager  - Current history level: NONE, level required: FULL
10:48:05,042 [main] DEBUG org.activiti.engine.impl.history.DefaultHistoryManager  - Current history level: NONE, level required: ACTIVITY
10:48:05,042 [main] DEBUG org.activiti.engine.impl.history.DefaultHistoryManager  - Current history level: NONE, level required: FULL
10:48:05,042 [main] DEBUG org.activiti.engine.impl.history.DefaultHistoryManager  - Current history level: NONE, level required: ACTIVITY
10:48:05,042 [main] DEBUG org.activiti.engine.impl.history.DefaultHistoryManager  - Current history level: NONE, level required: FULL
10:48:05,042 [main] DEBUG org.activiti.engine.impl.history.DefaultHistoryManager  - Current history level: NONE, level required: ACTIVITY
10:48:05,042 [main] DEBUG org.activiti.engine.impl.history.DefaultHistoryManager  - Current history level: NONE, level required: FULL
10:48:05,042 [main] DEBUG org.activiti.engine.impl.history.DefaultHistoryManager  - Current history level: NONE, level required: ACTIVITY
10:48:05,042 [main] DEBUG org.activiti.engine.impl.history.DefaultHistoryManager  - Current history level: NONE, level required: FULL
10:48:05,042 [main] DEBUG org.activiti.engine.impl.history.DefaultHistoryManager  - Current history level: NONE, level required: ACTIVITY
10:48:05,042 [main] DEBUG org.activiti.engine.impl.history.DefaultHistoryManager  - Current history level: NONE, level required: FULL
10:48:05,042 [main] DEBUG org.activiti.engine.impl.history.DefaultHistoryManager  - Current history level: NONE, level required: ACTIVITY
10:48:05,042 [main] DEBUG org.activiti.engine.impl.history.DefaultHistoryManager  - Current history level: NONE, level required: FULL
10:48:05,042 [main] DEBUG org.activiti.engine.impl.history.DefaultHistoryManager  - Current history level: NONE, level required: ACTIVITY
10:48:05,042 [main] DEBUG org.activiti.engine.impl.history.DefaultHistoryManager  - Current history level: NONE, level required: FULL
10:48:05,042 [main] DEBUG org.activiti.engine.impl.history.DefaultHistoryManager  - Current history level: NONE, level required: ACTIVITY
10:48:05,042 [main] DEBUG org.activiti.engine.impl.history.DefaultHistoryManager  - Current history level: NONE, level required: FULL
10:48:05,042 [main] DEBUG org.activiti.engine.impl.history.DefaultHistoryManager  - Current history level: NONE, level required: ACTIVITY
10:48:05,042 [main] DEBUG org.activiti.engine.impl.history.DefaultHistoryManager  - Current history level: NONE, level required: FULL
10:48:05,042 [main] DEBUG org.activiti.engine.impl.history.DefaultHistoryManager  - Current history level: NONE, level required: ACTIVITY
10:48:05,042 [main] DEBUG org.activiti.engine.impl.history.DefaultHistoryManager  - Current history level: NONE, level required: FULL
10:48:05,043 [main] DEBUG org.activiti.engine.impl.history.DefaultHistoryManager  - Current history level: NONE, level required: ACTIVITY
10:48:05,043 [main] DEBUG org.activiti.engine.impl.history.DefaultHistoryManager  - Current history level: NONE, level required: FULL
10:48:05,043 [Thread-111] DEBUG org.activiti.engine.impl.asyncexecutor.AcquireTimerJobsRunnable  - timer job acquisition thread woke up
10:48:05,043 [Thread-106] DEBUG org.activiti.engine.impl.asyncexecutor.AcquireAsyncJobsDueRunnable  - async job acquisition thread woke up
10:48:05,043 [Thread-112] DEBUG org.activiti.engine.impl.asyncexecutor.AcquireAsyncJobsDueRunnable  - async job acquisition thread woke up
10:48:05,043 [Thread-112] DEBUG org.activiti.engine.impl.interceptor.LogInterceptor  - 

10:48:05,043 [main] DEBUG org.activiti.engine.impl.history.DefaultHistoryManager  - Current history level: NONE, level required: ACTIVITY
10:48:05,043 [main] DEBUG org.activiti.engine.impl.history.DefaultHistoryManager  - Current history level: NONE, level required: FULL
10:48:05,043 [Thread-112] DEBUG org.activiti.engine.impl.interceptor.LogInterceptor  - --- starting AcquireAsyncJobsDueCmd --------------------------------------------------------
10:48:05,043 [Thread-106] DEBUG org.activiti.engine.impl.interceptor.LogInterceptor  - 

10:48:05,043 [Thread-106] DEBUG org.activiti.engine.impl.interceptor.LogInterceptor  - --- starting AcquireAsyncJobsDueCmd --------------------------------------------------------
10:48:05,043 [Thread-103] DEBUG org.activiti.engine.impl.asyncexecutor.AcquireAsyncJobsDueRunnable  - async job acquisition thread woke up
10:48:05,043 [Thread-103] DEBUG org.activiti.engine.impl.interceptor.LogInterceptor  - 

10:48:05,043 [Thread-103] DEBUG org.activiti.engine.impl.interceptor.LogInterceptor  - --- starting AcquireAsyncJobsDueCmd --------------------------------------------------------
10:48:05,043 [Thread-105] DEBUG org.activiti.engine.impl.asyncexecutor.AcquireTimerJobsRunnable  - timer job acquisition thread woke up
10:48:05,043 [Thread-105] DEBUG org.activiti.engine.impl.interceptor.LogInterceptor  - 

10:48:05,043 [Thread-105] DEBUG org.activiti.engine.impl.interceptor.LogInterceptor  - --- starting AcquireTimerJobsCmd --------------------------------------------------------
10:48:05,043 [Thread-102] DEBUG org.activiti.engine.impl.asyncexecutor.AcquireTimerJobsRunnable  - timer job acquisition thread woke up
10:48:05,043 [Thread-102] DEBUG org.activiti.engine.impl.interceptor.LogInterceptor  - 

10:48:05,043 [Thread-102] DEBUG org.activiti.engine.impl.interceptor.LogInterceptor  - --- starting AcquireTimerJobsCmd --------------------------------------------------------
10:48:05,043 [Thread-111] DEBUG org.activiti.engine.impl.interceptor.LogInterceptor  - 

10:48:05,043 [Thread-111] DEBUG org.activiti.engine.impl.interceptor.LogInterceptor  - --- starting AcquireTimerJobsCmd --------------------------------------------------------
10:48:05,043 [Thread-102] DEBUG org.apache.ibatis.transaction.jdbc.JdbcTransaction  - Opening JDBC Connection
10:48:05,043 [Thread-105] DEBUG org.apache.ibatis.transaction.jdbc.JdbcTransaction  - Opening JDBC Connection
10:48:05,043 [Thread-105] DEBUG org.apache.ibatis.datasource.pooled.PooledDataSource  - Checked out connection 1970103261 from pool.
10:48:05,043 [Thread-103] DEBUG org.apache.ibatis.transaction.jdbc.JdbcTransaction  - Opening JDBC Connection
10:48:05,043 [Thread-106] DEBUG org.apache.ibatis.transaction.jdbc.JdbcTransaction  - Opening JDBC Connection
10:48:05,043 [Thread-106] DEBUG org.apache.ibatis.datasource.pooled.PooledDataSource  - Checked out connection 996762054 from pool.
10:48:05,043 [Thread-106] DEBUG org.apache.ibatis.transaction.jdbc.JdbcTransaction  - Setting autocommit to false on JDBC Connection [conn65: url=jdbc:h2:mem:activiti-AsyncExecutorTest user=SA]
10:48:05,043 [Thread-112] DEBUG org.apache.ibatis.transaction.jdbc.JdbcTransaction  - Opening JDBC Connection
10:48:05,043 [Thread-112] DEBUG org.apache.ibatis.datasource.pooled.PooledDataSource  - Checked out connection 604408605 from pool.
10:48:05,044 [Thread-112] DEBUG org.apache.ibatis.transaction.jdbc.JdbcTransaction  - Setting autocommit to false on JDBC Connection [conn70: url=jdbc:h2:mem:activiti-AsyncExecutorTest user=SA]
10:48:05,043 [main] DEBUG org.activiti.engine.impl.history.DefaultHistoryManager  - Current history level: NONE, level required: ACTIVITY
10:48:05,044 [main] DEBUG org.activiti.engine.impl.history.DefaultHistoryManager  - Current history level: NONE, level required: FULL
10:48:05,044 [Thread-112] DEBUG org.activiti.engine.impl.persistence.entity.JobEntity.selectAsyncJobsDueToExecute  - ==&gt;  Preparing: select RES.* from ACT_RU_JOB RES LEFT OUTER JOIN ACT_RU_EXECUTION PI ON PI.ID_ = RES.PROCESS_INSTANCE_ID_ where RES.RETRIES_ &gt; 0 and RES.DUEDATE_ is not null and RES.DUEDATE_ &lt;= ? and (RES.LOCK_EXP_TIME_ is null or RES.LOCK_EXP_TIME_ &lt;= ?) and TYPE_ = &apos;message&apos; and ( (RES.EXECUTION_ID_ is null) or (PI.SUSPENSION_STATE_ = 1) ) LIMIT ? OFFSET ? 
10:48:05,043 [Thread-106] DEBUG org.activiti.engine.impl.persistence.entity.JobEntity.selectAsyncJobsDueToExecute  - ==&gt;  Preparing: select RES.* from ACT_RU_JOB RES LEFT OUTER JOIN ACT_RU_EXECUTION PI ON PI.ID_ = RES.PROCESS_INSTANCE_ID_ where RES.RETRIES_ &gt; 0 and RES.DUEDATE_ is not null and RES.DUEDATE_ &lt;= ? and (RES.LOCK_EXP_TIME_ is null or RES.LOCK_EXP_TIME_ &lt;= ?) and TYPE_ = &apos;message&apos; and ( (RES.EXECUTION_ID_ is null) or (PI.SUSPENSION_STATE_ = 1) ) LIMIT ? OFFSET ? 
10:48:05,044 [Thread-112] DEBUG org.activiti.engine.impl.persistence.entity.JobEntity.selectAsyncJobsDueToExecute  - ==&gt; Parameters: 2023-03-20 10:48:05.043(Timestamp), 2023-03-20 10:48:05.043(Timestamp), 1(Integer), 0(Integer)
10:48:05,043 [Thread-105] DEBUG org.apache.ibatis.transaction.jdbc.JdbcTransaction  - Setting autocommit to false on JDBC Connection [conn63: url=jdbc:h2:mem:activiti-AsyncExecutorTest user=SA]
10:48:05,044 [Thread-112] DEBUG org.activiti.engine.impl.persistence.entity.JobEntity.selectAsyncJobsDueToExecute  - &lt;==      Total: 0
10:48:05,043 [Thread-102] DEBUG org.apache.ibatis.datasource.pooled.PooledDataSource  - Checked out connection 720039383 from pool.
10:48:05,043 [Thread-111] DEBUG org.apache.ibatis.transaction.jdbc.JdbcTransaction  - Opening JDBC Connection
10:48:05,044 [Thread-111] DEBUG org.apache.ibatis.datasource.pooled.PooledDataSource  - Checked out connection 58501658 from pool.
10:48:05,044 [Thread-103] DEBUG org.apache.ibatis.datasource.pooled.PooledDataSource  - Checked out connection 33534803 from pool.
10:48:05,044 [Thread-103] DEBUG org.apache.ibatis.transaction.jdbc.JdbcTransaction  - Setting autocommit to false on JDBC Connection [conn60: url=jdbc:h2:mem:activiti-AsyncExecutorTest user=SA]
10:48:05,044 [Thread-102] DEBUG org.apache.ibatis.transaction.jdbc.JdbcTransaction  - Setting autocommit to false on JDBC Connection [conn59: url=jdbc:h2:mem:activiti-AsyncExecutorTest user=SA]
10:48:05,044 [Thread-112] DEBUG org.activiti.engine.impl.db.DbSqlSession  - flush summary: 0 insert, 0 update, 0 delete.
10:48:05,044 [Thread-112] DEBUG org.activiti.engine.impl.db.DbSqlSession  - now executing flush...
10:48:05,044 [Thread-105] DEBUG org.activiti.engine.impl.persistence.entity.JobEntity.selectNextTimerJobsToExecute  - ==&gt;  Preparing: select RES.* from ACT_RU_JOB RES LEFT OUTER JOIN ACT_RU_EXECUTION PI ON PI.ID_ = RES.PROCESS_INSTANCE_ID_ where (RES.RETRIES_ &gt; 0) and (RES.DUEDATE_ is null or RES.DUEDATE_ &lt;= ?) and (RES.LOCK_OWNER_ is null or RES.LOCK_EXP_TIME_ &lt;= ?) and TYPE_ = &apos;timer&apos; and ( (RES.EXECUTION_ID_ is null) or (PI.SUSPENSION_STATE_ = 1) ) LIMIT ? OFFSET ? 
10:48:05,044 [Thread-106] DEBUG org.activiti.engine.impl.persistence.entity.JobEntity.selectAsyncJobsDueToExecute  - ==&gt; Parameters: 2023-03-20 10:48:05.043(Timestamp), 2023-03-20 10:48:05.043(Timestamp), 1(Integer), 0(Integer)
10:48:05,044 [main] DEBUG org.activiti.engine.impl.history.DefaultHistoryManager  - Current history level: NONE, level required: ACTIVITY
10:48:05,044 [main] DEBUG org.activiti.engine.impl.history.DefaultHistoryManager  - Current history level: NONE, level required: FULL
10:48:05,044 [Thread-106] DEBUG org.activiti.engine.impl.persistence.entity.JobEntity.selectAsyncJobsDueToExecute  - &lt;==      Total: 0
10:48:05,044 [Thread-105] DEBUG org.activiti.engine.impl.persistence.entity.JobEntity.selectNextTimerJobsToExecute  - ==&gt; Parameters: 2023-03-20 10:48:05.043(Timestamp), 2023-03-20 10:48:05.043(Timestamp), 1(Integer), 0(Integer)
10:48:05,044 [Thread-112] DEBUG org.activiti.engine.impl.cfg.standalone.StandaloneMybatisTransactionContext  - firing event committing...
10:48:05,044 [Thread-112] DEBUG org.activiti.engine.impl.cfg.standalone.StandaloneMybatisTransactionContext  - committing the ibatis sql session...
10:48:05,044 [Thread-112] DEBUG org.activiti.engine.impl.cfg.standalone.StandaloneMybatisTransactionContext  - firing event committed...
10:48:05,044 [Thread-102] DEBUG org.activiti.engine.impl.persistence.entity.JobEntity.selectNextTimerJobsToExecute  - ==&gt;  Preparing: select RES.* from ACT_RU_JOB RES LEFT OUTER JOIN ACT_RU_EXECUTION PI ON PI.ID_ = RES.PROCESS_INSTANCE_ID_ where (RES.RETRIES_ &gt; 0) and (RES.DUEDATE_ is null or RES.DUEDATE_ &lt;= ?) and (RES.LOCK_OWNER_ is null or RES.LOCK_EXP_TIME_ &lt;= ?) and TYPE_ = &apos;timer&apos; and ( (RES.EXECUTION_ID_ is null) or (PI.SUSPENSION_STATE_ = 1) ) LIMIT ? OFFSET ? 
10:48:05,044 [Thread-103] DEBUG org.activiti.engine.impl.persistence.entity.JobEntity.selectAsyncJobsDueToExecute  - ==&gt;  Preparing: select RES.* from ACT_RU_JOB RES LEFT OUTER JOIN ACT_RU_EXECUTION PI ON PI.ID_ = RES.PROCESS_INSTANCE_ID_ where RES.RETRIES_ &gt; 0 and RES.DUEDATE_ is not null and RES.DUEDATE_ &lt;= ? and (RES.LOCK_EXP_TIME_ is null or RES.LOCK_EXP_TIME_ &lt;= ?) and TYPE_ = &apos;message&apos; and ( (RES.EXECUTION_ID_ is null) or (PI.SUSPENSION_STATE_ = 1) ) LIMIT ? OFFSET ? 
10:48:05,044 [Thread-111] DEBUG org.apache.ibatis.transaction.jdbc.JdbcTransaction  - Setting autocommit to false on JDBC Connection [conn68: url=jdbc:h2:mem:activiti-AsyncExecutorTest user=SA]
10:48:05,044 [Thread-103] DEBUG org.activiti.engine.impl.persistence.entity.JobEntity.selectAsyncJobsDueToExecute  - ==&gt; Parameters: 2023-03-20 10:48:05.043(Timestamp), 2023-03-20 10:48:05.043(Timestamp), 1(Integer), 0(Integer)
10:48:05,044 [Thread-102] DEBUG org.activiti.engine.impl.persistence.entity.JobEntity.selectNextTimerJobsToExecute  - ==&gt; Parameters: 2023-03-20 10:48:05.043(Timestamp), 2023-03-20 10:48:05.043(Timestamp), 1(Integer), 0(Integer)
10:48:05,044 [Thread-112] DEBUG org.apache.ibatis.transaction.jdbc.JdbcTransaction  - Resetting autocommit to true on JDBC Connection [conn70: url=jdbc:h2:mem:activiti-AsyncExecutorTest user=SA]
10:48:05,044 [Thread-105] DEBUG org.activiti.engine.impl.persistence.entity.JobEntity.selectNextTimerJobsToExecute  - &lt;==      Total: 0
10:48:05,044 [Thread-106] DEBUG org.activiti.engine.impl.db.DbSqlSession  - flush summary: 0 insert, 0 update, 0 delete.
10:48:05,044 [Thread-106] DEBUG org.activiti.engine.impl.db.DbSqlSession  - now executing flush...
10:48:05,045 [Thread-106] DEBUG org.activiti.engine.impl.cfg.standalone.StandaloneMybatisTransactionContext  - firing event committing...
10:48:05,045 [Thread-106] DEBUG org.activiti.engine.impl.cfg.standalone.StandaloneMybatisTransactionContext  - committing the ibatis sql session...
10:48:05,045 [Thread-106] DEBUG org.activiti.engine.impl.cfg.standalone.StandaloneMybatisTransactionContext  - firing event committed...
10:48:05,045 [Thread-106] DEBUG org.apache.ibatis.transaction.jdbc.JdbcTransaction  - Resetting autocommit to true on JDBC Connection [conn65: url=jdbc:h2:mem:activiti-AsyncExecutorTest user=SA]
10:48:05,045 [Thread-106] DEBUG org.apache.ibatis.transaction.jdbc.JdbcTransaction  - Closing JDBC Connection [conn65: url=jdbc:h2:mem:activiti-AsyncExecutorTest user=SA]
10:48:05,044 [main] DEBUG org.activiti.engine.impl.history.DefaultHistoryManager  - Current history level: NONE, level required: ACTIVITY
10:48:05,045 [main] DEBUG org.activiti.engine.impl.history.DefaultHistoryManager  - Current history level: NONE, level required: FULL
10:48:05,045 [Thread-106] DEBUG org.apache.ibatis.datasource.pooled.PooledDataSource  - Returned connection 996762054 to pool.
10:48:05,044 [Thread-105] DEBUG org.activiti.engine.impl.db.DbSqlSession  - flush summary: 0 insert, 0 update, 0 delete.
10:48:05,045 [Thread-105] DEBUG org.activiti.engine.impl.db.DbSqlSession  - now executing flush...
10:48:05,045 [Thread-105] DEBUG org.activiti.engine.impl.cfg.standalone.StandaloneMybatisTransactionContext  - firing event committing...
10:48:05,045 [Thread-105] DEBUG org.activiti.engine.impl.cfg.standalone.StandaloneMybatisTransactionContext  - committing the ibatis sql session...
10:48:05,045 [Thread-105] DEBUG org.activiti.engine.impl.cfg.standalone.StandaloneMybatisTransactionContext  - firing event committed...
10:48:05,045 [Thread-105] DEBUG org.apache.ibatis.transaction.jdbc.JdbcTransaction  - Resetting autocommit to true on JDBC Connection [conn63: url=jdbc:h2:mem:activiti-AsyncExecutorTest user=SA]
10:48:05,045 [Thread-105] DEBUG org.apache.ibatis.transaction.jdbc.JdbcTransaction  - Closing JDBC Connection [conn63: url=jdbc:h2:mem:activiti-AsyncExecutorTest user=SA]
10:48:05,045 [Thread-105] DEBUG org.apache.ibatis.datasource.pooled.PooledDataSource  - Returned connection 1970103261 to pool.
10:48:05,044 [Thread-112] DEBUG org.apache.ibatis.transaction.jdbc.JdbcTransaction  - Closing JDBC Connection [conn70: url=jdbc:h2:mem:activiti-AsyncExecutorTest user=SA]
10:48:05,045 [Thread-112] DEBUG org.apache.ibatis.datasource.pooled.PooledDataSource  - Returned connection 604408605 to pool.
10:48:05,045 [Thread-112] DEBUG org.activiti.engine.impl.interceptor.LogInterceptor  - --- AcquireAsyncJobsDueCmd finished --------------------------------------------------------
10:48:05,045 [Thread-112] DEBUG org.activiti.engine.impl.interceptor.LogInterceptor  - 

10:48:05,044 [Thread-102] DEBUG org.activiti.engine.impl.persistence.entity.JobEntity.selectNextTimerJobsToExecute  - &lt;==      Total: 0
10:48:05,044 [Thread-103] DEBUG org.activiti.engine.impl.persistence.entity.JobEntity.selectAsyncJobsDueToExecute  - &lt;==      Total: 0
10:48:05,044 [Thread-111] DEBUG org.activiti.engine.impl.persistence.entity.JobEntity.selectNextTimerJobsToExecute  - ==&gt;  Preparing: select RES.* from ACT_RU_JOB RES LEFT OUTER JOIN ACT_RU_EXECUTION PI ON PI.ID_ = RES.PROCESS_INSTANCE_ID_ where (RES.RETRIES_ &gt; 0) and (RES.DUEDATE_ is null or RES.DUEDATE_ &lt;= ?) and (RES.LOCK_OWNER_ is null or RES.LOCK_EXP_TIME_ &lt;= ?) and TYPE_ = &apos;timer&apos; and ( (RES.EXECUTION_ID_ is null) or (PI.SUSPENSION_STATE_ = 1) ) LIMIT ? OFFSET ? 
10:48:05,045 [Thread-103] DEBUG org.activiti.engine.impl.db.DbSqlSession  - flush summary: 0 insert, 0 update, 0 delete.
10:48:05,045 [Thread-103] DEBUG org.activiti.engine.impl.db.DbSqlSession  - now executing flush...
10:48:05,045 [Thread-103] DEBUG org.activiti.engine.impl.cfg.standalone.StandaloneMybatisTransactionContext  - firing event committing...
10:48:05,045 [Thread-103] DEBUG org.activiti.engine.impl.cfg.standalone.StandaloneMybatisTransactionContext  - committing the ibatis sql session...
10:48:05,045 [Thread-103] DEBUG org.activiti.engine.impl.cfg.standalone.StandaloneMybatisTransactionContext  - firing event committed...
10:48:05,045 [Thread-103] DEBUG org.apache.ibatis.transaction.jdbc.JdbcTransaction  - Resetting autocommit to true on JDBC Connection [conn60: url=jdbc:h2:mem:activiti-AsyncExecutorTest user=SA]
10:48:05,045 [Thread-103] DEBUG org.apache.ibatis.transaction.jdbc.JdbcTransaction  - Closing JDBC Connection [conn60: url=jdbc:h2:mem:activiti-AsyncExecutorTest user=SA]
10:48:05,045 [Thread-103] DEBUG org.apache.ibatis.datasource.pooled.PooledDataSource  - Returned connection 33534803 to pool.
10:48:05,045 [Thread-103] DEBUG org.activiti.engine.impl.interceptor.LogInterceptor  - --- AcquireAsyncJobsDueCmd finished --------------------------------------------------------
10:48:05,045 [Thread-103] DEBUG org.activiti.engine.impl.interceptor.LogInterceptor  - 

10:48:05,045 [Thread-102] DEBUG org.activiti.engine.impl.db.DbSqlSession  - flush summary: 0 insert, 0 update, 0 delete.
10:48:05,045 [Thread-102] DEBUG org.activiti.engine.impl.db.DbSqlSession  - now executing flush...
10:48:05,045 [Thread-102] DEBUG org.activiti.engine.impl.cfg.standalone.StandaloneMybatisTransactionContext  - firing event committing...
10:48:05,045 [Thread-102] DEBUG org.activiti.engine.impl.cfg.standalone.StandaloneMybatisTransactionContext  - committing the ibatis sql session...
10:48:05,045 [Thread-102] DEBUG org.activiti.engine.impl.cfg.standalone.StandaloneMybatisTransactionContext  - firing event committed...
10:48:05,045 [Thread-102] DEBUG org.apache.ibatis.transaction.jdbc.JdbcTransaction  - Resetting autocommit to true on JDBC Connection [conn59: url=jdbc:h2:mem:activiti-AsyncExecutorTest user=SA]
10:48:05,045 [Thread-102] DEBUG org.apache.ibatis.transaction.jdbc.JdbcTransaction  - Closing JDBC Connection [conn59: url=jdbc:h2:mem:activiti-AsyncExecutorTest user=SA]
10:48:05,045 [Thread-102] DEBUG org.apache.ibatis.datasource.pooled.PooledDataSource  - Returned connection 720039383 to pool.
10:48:05,045 [Thread-112] DEBUG org.activiti.engine.impl.asyncexecutor.AcquireAsyncJobsDueRunnable  - async job acquisition thread sleeping for 50 millis
10:48:05,045 [Thread-105] DEBUG org.activiti.engine.impl.interceptor.LogInterceptor  - --- AcquireTimerJobsCmd finished --------------------------------------------------------
10:48:05,045 [Thread-105] DEBUG org.activiti.engine.impl.interceptor.LogInterceptor  - 

10:48:05,045 [Thread-106] DEBUG org.activiti.engine.impl.interceptor.LogInterceptor  - --- AcquireAsyncJobsDueCmd finished --------------------------------------------------------
10:48:05,046 [Thread-106] DEBUG org.activiti.engine.impl.interceptor.LogInterceptor  - 

10:48:05,046 [Thread-106] DEBUG org.activiti.engine.impl.asyncexecutor.AcquireAsyncJobsDueRunnable  - async job acquisition thread sleeping for 50 millis
10:48:05,045 [main] DEBUG org.activiti.engine.impl.history.DefaultHistoryManager  - Current history level: NONE, level required: ACTIVITY
10:48:05,046 [main] DEBUG org.activiti.engine.impl.history.DefaultHistoryManager  - Current history level: NONE, level required: FULL
10:48:05,045 [Thread-105] DEBUG org.activiti.engine.impl.asyncexecutor.AcquireTimerJobsRunnable  - timer job acquisition thread sleeping for 50 millis
10:48:05,045 [Thread-102] DEBUG org.activiti.engine.impl.interceptor.LogInterceptor  - --- AcquireTimerJobsCmd finished --------------------------------------------------------
10:48:05,046 [Thread-102] DEBUG org.activiti.engine.impl.interceptor.LogInterceptor  - 

10:48:05,045 [Thread-103] DEBUG org.activiti.engine.impl.asyncexecutor.AcquireAsyncJobsDueRunnable  - async job acquisition thread sleeping for 50 millis
10:48:05,045 [Thread-111] DEBUG org.activiti.engine.impl.persistence.entity.JobEntity.selectNextTimerJobsToExecute  - ==&gt; Parameters: 2023-03-20 10:48:05.043(Timestamp), 2023-03-20 10:48:05.043(Timestamp), 1(Integer), 0(Integer)
10:48:05,046 [Thread-102] DEBUG org.activiti.engine.impl.asyncexecutor.AcquireTimerJobsRunnable  - timer job acquisition thread sleeping for 50 millis
10:48:05,046 [main] DEBUG org.activiti.engine.impl.history.DefaultHistoryManager  - Current history level: NONE, level required: ACTIVITY
10:48:05,046 [main] DEBUG org.activiti.engine.impl.history.DefaultHistoryManager  - Current history level: NONE, level required: FULL
10:48:05,046 [Thread-111] DEBUG org.activiti.engine.impl.persistence.entity.JobEntity.selectNextTimerJobsToExecute  - &lt;==      Total: 0
10:48:05,046 [main] DEBUG org.activiti.engine.impl.history.DefaultHistoryManager  - Current history level: NONE, level required: ACTIVITY
10:48:05,046 [main] DEBUG org.activiti.engine.impl.history.DefaultHistoryManager  - Current history level: NONE, level required: FULL
10:48:05,046 [Thread-111] DEBUG org.activiti.engine.impl.db.DbSqlSession  - flush summary: 0 insert, 0 update, 0 delete.
10:48:05,046 [Thread-111] DEBUG org.activiti.engine.impl.db.DbSqlSession  - now executing flush...
10:48:05,046 [Thread-111] DEBUG org.activiti.engine.impl.cfg.standalone.StandaloneMybatisTransactionContext  - firing event committing...
10:48:05,046 [Thread-111] DEBUG org.activiti.engine.impl.cfg.standalone.StandaloneMybatisTransactionContext  - committing the ibatis sql session...
10:48:05,046 [Thread-111] DEBUG org.activiti.engine.impl.cfg.standalone.StandaloneMybatisTransactionContext  - firing event committed...
10:48:05,046 [Thread-111] DEBUG org.apache.ibatis.transaction.jdbc.JdbcTransaction  - Resetting autocommit to true on JDBC Connection [conn68: url=jdbc:h2:mem:activiti-AsyncExecutorTest user=SA]
10:48:05,046 [Thread-111] DEBUG org.apache.ibatis.transaction.jdbc.JdbcTransaction  - Closing JDBC Connection [conn68: url=jdbc:h2:mem:activiti-AsyncExecutorTest user=SA]
10:48:05,046 [Thread-111] DEBUG org.apache.ibatis.datasource.pooled.PooledDataSource  - Returned connection 58501658 to pool.
10:48:05,046 [Thread-111] DEBUG org.activiti.engine.impl.interceptor.LogInterceptor  - --- AcquireTimerJobsCmd finished --------------------------------------------------------
10:48:05,046 [Thread-111] DEBUG org.activiti.engine.impl.interceptor.LogInterceptor  - 

10:48:05,046 [Thread-111] DEBUG org.activiti.engine.impl.asyncexecutor.AcquireTimerJobsRunnable  - timer job acquisition thread sleeping for 50 millis
10:48:05,046 [main] DEBUG org.activiti.engine.impl.history.DefaultHistoryManager  - Current history level: NONE, level required: ACTIVITY
10:48:05,046 [main] DEBUG org.activiti.engine.impl.history.DefaultHistoryManager  - Current history level: NONE, level required: FULL
10:48:05,046 [main] DEBUG org.activiti.engine.impl.history.DefaultHistoryManager  - Current history level: NONE, level required: ACTIVITY
10:48:05,046 [main] DEBUG org.activiti.engine.impl.history.DefaultHistoryManager  - Current history level: NONE, level required: FULL
10:48:05,046 [main] DEBUG org.activiti.engine.impl.history.DefaultHistoryManager  - Current history level: NONE, level required: ACTIVITY
10:48:05,046 [main] DEBUG org.activiti.engine.impl.history.DefaultHistoryManager  - Current history level: NONE, level required: FULL
10:48:05,046 [main] DEBUG org.activiti.engine.impl.history.DefaultHistoryManager  - Current history level: NONE, level required: ACTIVITY
10:48:05,046 [main] DEBUG org.activiti.engine.impl.history.DefaultHistoryManager  - Current history level: NONE, level required: FULL
10:48:05,046 [main] DEBUG org.activiti.engine.impl.history.DefaultHistoryManager  - Current history level: NONE, level required: ACTIVITY
10:48:05,046 [main] DEBUG org.activiti.engine.impl.history.DefaultHistoryManager  - Current history level: NONE, level required: FULL
10:48:05,046 [main] DEBUG org.activiti.engine.impl.history.DefaultHistoryManager  - Current history level: NONE, level required: ACTIVITY
10:48:05,046 [main] DEBUG org.activiti.engine.impl.history.DefaultHistoryManager  - Current history level: NONE, level required: FULL
10:48:05,046 [main] DEBUG org.activiti.engine.impl.history.DefaultHistoryManager  - Current history level: NONE, level required: ACTIVITY
10:48:05,046 [main] DEBUG org.activiti.engine.impl.history.DefaultHistoryManager  - Current history level: NONE, level required: FULL
10:48:05,046 [main] DEBUG org.activiti.engine.impl.history.DefaultHistoryManager  - Current history level: NONE, level required: ACTIVITY
10:48:05,046 [main] DEBUG org.activiti.engine.impl.history.DefaultHistoryManager  - Current history level: NONE, level required: FULL
10:48:05,047 [main] DEBUG org.activiti.engine.impl.history.DefaultHistoryManager  - Current history level: NONE, level required: ACTIVITY
10:48:05,047 [main] DEBUG org.activiti.engine.impl.history.DefaultHistoryManager  - Current history level: NONE, level required: FULL
10:48:05,047 [main] DEBUG org.activiti.engine.impl.history.DefaultHistoryManager  - Current history level: NONE, level required: ACTIVITY
10:48:05,047 [main] DEBUG org.activiti.engine.impl.history.DefaultHistoryManager  - Current history level: NONE, level required: FULL
10:48:05,047 [main] DEBUG org.activiti.engine.impl.history.DefaultHistoryManager  - Current history level: NONE, level required: ACTIVITY
10:48:05,047 [main] DEBUG org.activiti.engine.impl.history.DefaultHistoryManager  - Current history level: NONE, level required: FULL
10:48:05,047 [main] DEBUG org.activiti.engine.impl.history.DefaultHistoryManager  - Current history level: NONE, level required: ACTIVITY
10:48:05,047 [main] DEBUG org.activiti.engine.impl.history.DefaultHistoryManager  - Current history level: NONE, level required: FULL
10:48:05,047 [main] DEBUG org.activiti.engine.impl.history.DefaultHistoryManager  - Current history level: NONE, level required: ACTIVITY
10:48:05,047 [main] DEBUG org.activiti.engine.impl.history.DefaultHistoryManager  - Current history level: NONE, level required: FULL
10:48:05,047 [main] DEBUG org.activiti.engine.impl.history.DefaultHistoryManager  - Current history level: NONE, level required: ACTIVITY
10:48:05,047 [main] DEBUG org.activiti.engine.impl.history.DefaultHistoryManager  - Current history level: NONE, level required: FULL
10:48:05,047 [main] DEBUG org.activiti.engine.impl.history.DefaultHistoryManager  - Current history level: NONE, level required: ACTIVITY
10:48:05,047 [main] DEBUG org.activiti.engine.impl.history.DefaultHistoryManager  - Current history level: NONE, level required: FULL
10:48:05,047 [main] DEBUG org.activiti.engine.impl.history.DefaultHistoryManager  - Current history level: NONE, level required: ACTIVITY
10:48:05,047 [main] DEBUG org.activiti.engine.impl.history.DefaultHistoryManager  - Current history level: NONE, level required: FULL
10:48:05,047 [main] DEBUG org.activiti.engine.impl.history.DefaultHistoryManager  - Current history level: NONE, level required: ACTIVITY
10:48:05,047 [main] DEBUG org.activiti.engine.impl.history.DefaultHistoryManager  - Current history level: NONE, level required: FULL
10:48:05,047 [main] DEBUG org.activiti.engine.impl.history.DefaultHistoryManager  - Current history level: NONE, level required: ACTIVITY
10:48:05,047 [main] DEBUG org.activiti.engine.impl.history.DefaultHistoryManager  - Current history level: NONE, level required: FULL
10:48:05,047 [main] DEBUG org.activiti.engine.impl.history.DefaultHistoryManager  - Current history level: NONE, level required: ACTIVITY
10:48:05,047 [main] DEBUG org.activiti.engine.impl.history.DefaultHistoryManager  - Current history level: NONE, level required: FULL
10:48:05,047 [main] DEBUG org.activiti.engine.impl.history.DefaultHistoryManager  - Current history level: NONE, level required: ACTIVITY
10:48:05,047 [main] DEBUG org.activiti.engine.impl.history.DefaultHistoryManager  - Current history level: NONE, level required: FULL
10:48:05,047 [main] DEBUG org.activiti.engine.impl.history.DefaultHistoryManager  - Current history level: NONE, level required: ACTIVITY
10:48:05,047 [main] DEBUG org.activiti.engine.impl.history.DefaultHistoryManager  - Current history level: NONE, level required: FULL
10:48:05,047 [main] DEBUG org.activiti.engine.impl.history.DefaultHistoryManager  - Current history level: NONE, level required: ACTIVITY
10:48:05,047 [main] DEBUG org.activiti.engine.impl.history.DefaultHistoryManager  - Current history level: NONE, level required: FULL
10:48:05,047 [main] DEBUG org.activiti.engine.impl.history.DefaultHistoryManager  - Current history level: NONE, level required: ACTIVITY
10:48:05,047 [main] DEBUG org.activiti.engine.impl.history.DefaultHistoryManager  - Current history level: NONE, level required: FULL
10:48:05,047 [main] DEBUG org.activiti.engine.impl.history.DefaultHistoryManager  - Current history level: NONE, level required: ACTIVITY
10:48:05,047 [main] DEBUG org.activiti.engine.impl.history.DefaultHistoryManager  - Current history level: NONE, level required: FULL
10:48:05,047 [main] DEBUG org.activiti.engine.impl.history.DefaultHistoryManager  - Current history level: NONE, level required: ACTIVITY
10:48:05,047 [main] DEBUG org.activiti.engine.impl.history.DefaultHistoryManager  - Current history level: NONE, level required: FULL
10:48:05,047 [main] DEBUG org.activiti.engine.impl.history.DefaultHistoryManager  - Current history level: NONE, level required: ACTIVITY
10:48:05,047 [main] DEBUG org.activiti.engine.impl.history.DefaultHistoryManager  - Current history level: NONE, level required: FULL
10:48:05,047 [main] DEBUG org.activiti.engine.impl.history.DefaultHistoryManager  - Current history level: NONE, level required: ACTIVITY
10:48:05,047 [main] DEBUG org.activiti.engine.impl.history.DefaultHistoryManager  - Current history level: NONE, level required: FULL
10:48:05,047 [main] DEBUG org.activiti.engine.impl.history.DefaultHistoryManager  - Current history level: NONE, level required: ACTIVITY
10:48:05,047 [main] DEBUG org.activiti.engine.impl.history.DefaultHistoryManager  - Current history level: NONE, level required: FULL
10:48:05,047 [main] DEBUG org.activiti.engine.impl.history.DefaultHistoryManager  - Current history level: NONE, level required: ACTIVITY
10:48:05,047 [main] DEBUG org.activiti.engine.impl.history.DefaultHistoryManager  - Current history level: NONE, level required: FULL
10:48:05,047 [main] DEBUG org.activiti.engine.impl.history.DefaultHistoryManager  - Current history level: NONE, level required: ACTIVITY
10:48:05,047 [main] DEBUG org.activiti.engine.impl.history.DefaultHistoryManager  - Current history level: NONE, level required: FULL
10:48:05,048 [main] DEBUG org.activiti.engine.impl.history.DefaultHistoryManager  - Current history level: NONE, level required: ACTIVITY
10:48:05,048 [main] DEBUG org.activiti.engine.impl.history.DefaultHistoryManager  - Current history level: NONE, level required: FULL
10:48:05,048 [main] DEBUG org.activiti.engine.impl.history.DefaultHistoryManager  - Current history level: NONE, level required: ACTIVITY
10:48:05,048 [main] DEBUG org.activiti.engine.impl.history.DefaultHistoryManager  - Current history level: NONE, level required: FULL
10:48:05,048 [main] DEBUG org.activiti.engine.impl.history.DefaultHistoryManager  - Current history level: NONE, level required: ACTIVITY
10:48:05,048 [main] DEBUG org.activiti.engine.impl.history.DefaultHistoryManager  - Current history level: NONE, level required: FULL
10:48:05,048 [main] DEBUG org.activiti.engine.impl.history.DefaultHistoryManager  - Current history level: NONE, level required: ACTIVITY
10:48:05,048 [main] DEBUG org.activiti.engine.impl.history.DefaultHistoryManager  - Current history level: NONE, level required: FULL
10:48:05,048 [main] DEBUG org.activiti.engine.impl.history.DefaultHistoryManager  - Current history level: NONE, level required: ACTIVITY
10:48:05,048 [main] DEBUG org.activiti.engine.impl.history.DefaultHistoryManager  - Current history level: NONE, level required: FULL
10:48:05,048 [main] DEBUG org.activiti.engine.impl.history.DefaultHistoryManager  - Current history level: NONE, level required: ACTIVITY
10:48:05,048 [main] DEBUG org.activiti.engine.impl.history.DefaultHistoryManager  - Current history level: NONE, level required: FULL
10:48:05,048 [main] DEBUG org.activiti.engine.impl.history.DefaultHistoryManager  - Current history level: NONE, level required: ACTIVITY
10:48:05,048 [main] DEBUG org.activiti.engine.impl.history.DefaultHistoryManager  - Current history level: NONE, level required: FULL
10:48:05,048 [main] DEBUG org.activiti.engine.impl.history.DefaultHistoryManager  - Current history level: NONE, level required: ACTIVITY
10:48:05,048 [main] DEBUG org.activiti.engine.impl.history.DefaultHistoryManager  - Current history level: NONE, level required: FULL
10:48:05,048 [main] DEBUG org.activiti.engine.impl.history.DefaultHistoryManager  - Current history level: NONE, level required: ACTIVITY
10:48:05,048 [main] DEBUG org.activiti.engine.impl.history.DefaultHistoryManager  - Current history level: NONE, level required: FULL
10:48:05,048 [main] DEBUG org.activiti.engine.impl.history.DefaultHistoryManager  - Current history level: NONE, level required: ACTIVITY
10:48:05,048 [main] DEBUG org.activiti.engine.impl.history.DefaultHistoryManager  - Current history level: NONE, level required: FULL
10:48:05,048 [main] DEBUG org.activiti.engine.impl.history.DefaultHistoryManager  - Current history level: NONE, level required: ACTIVITY
10:48:05,048 [main] DEBUG org.activiti.engine.impl.history.DefaultHistoryManager  - Current history level: NONE, level required: FULL
10:48:05,048 [main] DEBUG org.activiti.engine.impl.history.DefaultHistoryManager  - Current history level: NONE, level required: ACTIVITY
10:48:05,048 [main] DEBUG org.activiti.engine.impl.history.DefaultHistoryManager  - Current history level: NONE, level required: FULL
10:48:05,048 [main] DEBUG org.activiti.engine.impl.history.DefaultHistoryManager  - Current history level: NONE, level required: ACTIVITY
10:48:05,048 [main] DEBUG org.activiti.engine.impl.history.DefaultHistoryManager  - Current history level: NONE, level required: FULL
10:48:05,048 [main] DEBUG org.activiti.engine.impl.history.DefaultHistoryManager  - Current history level: NONE, level required: ACTIVITY
10:48:05,048 [main] DEBUG org.activiti.engine.impl.history.DefaultHistoryManager  - Current history level: NONE, level required: FULL
10:48:05,048 [main] DEBUG org.activiti.engine.impl.history.DefaultHistoryManager  - Current history level: NONE, level required: ACTIVITY
10:48:05,048 [main] DEBUG org.activiti.engine.impl.history.DefaultHistoryManager  - Current history level: NONE, level required: FULL
10:48:05,048 [main] DEBUG org.activiti.engine.impl.history.DefaultHistoryManager  - Current history level: NONE, level required: ACTIVITY
10:48:05,048 [main] DEBUG org.activiti.engine.impl.history.DefaultHistoryManager  - Current history level: NONE, level required: FULL
10:48:05,048 [main] DEBUG org.activiti.engine.impl.history.DefaultHistoryManager  - Current history level: NONE, level required: ACTIVITY
10:48:05,048 [main] DEBUG org.activiti.engine.impl.history.DefaultHistoryManager  - Current history level: NONE, level required: FULL
10:48:05,048 [main] DEBUG org.activiti.engine.impl.history.DefaultHistoryManager  - Current history level: NONE, level required: ACTIVITY
10:48:05,048 [main] DEBUG org.activiti.engine.impl.history.DefaultHistoryManager  - Current history level: NONE, level required: FULL
10:48:05,048 [main] DEBUG org.activiti.engine.impl.history.DefaultHistoryManager  - Current history level: NONE, level required: ACTIVITY
10:48:05,048 [main] DEBUG org.activiti.engine.impl.history.DefaultHistoryManager  - Current history level: NONE, level required: FULL
10:48:05,048 [main] DEBUG org.activiti.engine.impl.history.DefaultHistoryManager  - Current history level: NONE, level required: ACTIVITY
10:48:05,048 [main] DEBUG org.activiti.engine.impl.history.DefaultHistoryManager  - Current history level: NONE, level required: FULL
10:48:05,048 [main] DEBUG org.activiti.engine.impl.history.DefaultHistoryManager  - Current history level: NONE, level required: ACTIVITY
10:48:05,048 [main] DEBUG org.activiti.engine.impl.history.DefaultHistoryManager  - Current history level: NONE, level required: FULL
10:48:05,049 [main] DEBUG org.activiti.engine.impl.history.DefaultHistoryManager  - Current history level: NONE, level required: ACTIVITY
10:48:05,049 [main] DEBUG org.activiti.engine.impl.history.DefaultHistoryManager  - Current history level: NONE, level required: FULL
10:48:05,049 [main] DEBUG org.activiti.engine.impl.history.DefaultHistoryManager  - Current history level: NONE, level required: ACTIVITY
10:48:05,049 [main] DEBUG org.activiti.engine.impl.history.DefaultHistoryManager  - Current history level: NONE, level required: FULL
10:48:05,049 [main] DEBUG org.activiti.engine.impl.history.DefaultHistoryManager  - Current history level: NONE, level required: ACTIVITY
10:48:05,049 [main] DEBUG org.activiti.engine.impl.history.DefaultHistoryManager  - Current history level: NONE, level required: FULL
10:48:05,049 [main] DEBUG org.activiti.engine.impl.history.DefaultHistoryManager  - Current history level: NONE, level required: ACTIVITY
10:48:05,049 [main] DEBUG org.activiti.engine.impl.history.DefaultHistoryManager  - Current history level: NONE, level required: FULL
10:48:05,049 [main] DEBUG org.activiti.engine.impl.history.DefaultHistoryManager  - Current history level: NONE, level required: ACTIVITY
10:48:05,049 [main] DEBUG org.activiti.engine.impl.history.DefaultHistoryManager  - Current history level: NONE, level required: FULL
10:48:05,049 [main] DEBUG org.activiti.engine.impl.history.DefaultHistoryManager  - Current history level: NONE, level required: ACTIVITY
10:48:05,049 [main] DEBUG org.activiti.engine.impl.history.DefaultHistoryManager  - Current history level: NONE, level required: FULL
10:48:05,049 [main] DEBUG org.activiti.engine.impl.history.DefaultHistoryManager  - Current history level: NONE, level required: ACTIVITY
10:48:05,049 [main] DEBUG org.activiti.engine.impl.history.DefaultHistoryManager  - Current history level: NONE, level required: FULL
10:48:05,049 [main] DEBUG org.activiti.engine.impl.history.DefaultHistoryManager  - Current history level: NONE, level required: ACTIVITY
10:48:05,049 [main] DEBUG org.activiti.engine.impl.history.DefaultHistoryManager  - Current history level: NONE, level required: FULL
10:48:05,049 [main] DEBUG org.activiti.engine.impl.history.DefaultHistoryManager  - Current history level: NONE, level required: ACTIVITY
10:48:05,049 [main] DEBUG org.activiti.engine.impl.history.DefaultHistoryManager  - Current history level: NONE, level required: FULL
10:48:05,049 [main] DEBUG org.activiti.engine.impl.history.DefaultHistoryManager  - Current history level: NONE, level required: ACTIVITY
10:48:05,049 [main] DEBUG org.activiti.engine.impl.history.DefaultHistoryManager  - Current history level: NONE, level required: FULL
10:48:05,049 [main] DEBUG org.activiti.engine.impl.history.DefaultHistoryManager  - Current history level: NONE, level required: ACTIVITY
10:48:05,049 [main] DEBUG org.activiti.engine.impl.history.DefaultHistoryManager  - Current history level: NONE, level required: FULL
10:48:05,049 [main] DEBUG org.activiti.engine.impl.history.DefaultHistoryManager  - Current history level: NONE, level required: ACTIVITY
10:48:05,049 [main] DEBUG org.activiti.engine.impl.history.DefaultHistoryManager  - Current history level: NONE, level required: FULL
10:48:05,049 [main] DEBUG org.activiti.engine.impl.history.DefaultHistoryManager  - Current history level: NONE, level required: ACTIVITY
10:48:05,049 [main] DEBUG org.activiti.engine.impl.history.DefaultHistoryManager  - Current history level: NONE, level required: FULL
10:48:05,049 [main] DEBUG org.activiti.engine.impl.history.DefaultHistoryManager  - Current history level: NONE, level required: ACTIVITY
10:48:05,049 [main] DEBUG org.activiti.engine.impl.history.DefaultHistoryManager  - Current history level: NONE, level required: FULL
10:48:05,049 [main] DEBUG org.activiti.engine.impl.history.DefaultHistoryManager  - Current history level: NONE, level required: ACTIVITY
10:48:05,049 [main] DEBUG org.activiti.engine.impl.history.DefaultHistoryManager  - Current history level: NONE, level required: FULL
10:48:05,049 [main] DEBUG org.activiti.engine.impl.history.DefaultHistoryManager  - Current history level: NONE, level required: ACTIVITY
10:48:05,049 [main] DEBUG org.activiti.engine.impl.history.DefaultHistoryManager  - Current history level: NONE, level required: FULL
10:48:05,049 [main] DEBUG org.activiti.engine.impl.history.DefaultHistoryManager  - Current history level: NONE, level required: ACTIVITY
10:48:05,049 [main] DEBUG org.activiti.engine.impl.history.DefaultHistoryManager  - Current history level: NONE, level required: FULL
10:48:05,049 [main] DEBUG org.activiti.engine.impl.history.DefaultHistoryManager  - Current history level: NONE, level required: ACTIVITY
10:48:05,049 [main] DEBUG org.activiti.engine.impl.history.DefaultHistoryManager  - Current history level: NONE, level required: FULL
10:48:05,049 [main] DEBUG org.activiti.engine.impl.history.DefaultHistoryManager  - Current history level: NONE, level required: ACTIVITY
10:48:05,049 [main] DEBUG org.activiti.engine.impl.history.DefaultHistoryManager  - Current history level: NONE, level required: FULL
10:48:05,049 [main] DEBUG org.activiti.engine.impl.history.DefaultHistoryManager  - Current history level: NONE, level required: ACTIVITY
10:48:05,049 [main] DEBUG org.activiti.engine.impl.history.DefaultHistoryManager  - Current history level: NONE, level required: FULL
10:48:05,049 [main] DEBUG org.activiti.engine.impl.history.DefaultHistoryManager  - Current history level: NONE, level required: ACTIVITY
10:48:05,049 [main] DEBUG org.activiti.engine.impl.history.DefaultHistoryManager  - Current history level: NONE, level required: FULL
10:48:05,049 [main] DEBUG org.activiti.engine.impl.history.DefaultHistoryManager  - Current history level: NONE, level required: ACTIVITY
10:48:05,049 [main] DEBUG org.activiti.engine.impl.history.DefaultHistoryManager  - Current history level: NONE, level required: FULL
10:48:05,049 [main] DEBUG org.activiti.engine.impl.history.DefaultHistoryManager  - Current history level: NONE, level required: ACTIVITY
10:48:05,049 [main] DEBUG org.activiti.engine.impl.history.DefaultHistoryManager  - Current history level: NONE, level required: FULL
10:48:05,049 [main] DEBUG org.activiti.engine.impl.history.DefaultHistoryManager  - Current history level: NONE, level required: ACTIVITY
10:48:05,049 [main] DEBUG org.activiti.engine.impl.history.DefaultHistoryManager  - Current history level: NONE, level required: FULL
10:48:05,050 [main] DEBUG org.activiti.engine.impl.history.DefaultHistoryManager  - Current history level: NONE, level required: ACTIVITY
10:48:05,050 [main] DEBUG org.activiti.engine.impl.history.DefaultHistoryManager  - Current history level: NONE, level required: FULL
10:48:05,050 [main] DEBUG org.activiti.engine.impl.history.DefaultHistoryManager  - Current history level: NONE, level required: ACTIVITY
10:48:05,050 [main] DEBUG org.activiti.engine.impl.history.DefaultHistoryManager  - Current history level: NONE, level required: FULL
10:48:05,050 [main] DEBUG org.activiti.engine.impl.history.DefaultHistoryManager  - Current history level: NONE, level required: ACTIVITY
10:48:05,050 [main] DEBUG org.activiti.engine.impl.history.DefaultHistoryManager  - Current history level: NONE, level required: FULL
10:48:05,050 [main] DEBUG org.activiti.engine.impl.history.DefaultHistoryManager  - Current history level: NONE, level required: ACTIVITY
10:48:05,050 [main] DEBUG org.activiti.engine.impl.history.DefaultHistoryManager  - Current history level: NONE, level required: FULL
10:48:05,050 [main] DEBUG org.activiti.engine.impl.history.DefaultHistoryManager  - Current history level: NONE, level required: ACTIVITY
10:48:05,050 [main] DEBUG org.activiti.engine.impl.history.DefaultHistoryManager  - Current history level: NONE, level required: FULL
10:48:05,050 [main] DEBUG org.activiti.engine.impl.history.DefaultHistoryManager  - Current history level: NONE, level required: ACTIVITY
10:48:05,050 [main] DEBUG org.activiti.engine.impl.history.DefaultHistoryManager  - Current history level: NONE, level required: FULL
10:48:05,050 [main] DEBUG org.activiti.engine.impl.history.DefaultHistoryManager  - Current history level: NONE, level required: ACTIVITY
10:48:05,050 [main] DEBUG org.activiti.engine.impl.history.DefaultHistoryManager  - Current history level: NONE, level required: FULL
10:48:05,050 [main] DEBUG org.activiti.engine.impl.history.DefaultHistoryManager  - Current history level: NONE, level required: ACTIVITY
10:48:05,050 [main] DEBUG org.activiti.engine.impl.history.DefaultHistoryManager  - Current history level: NONE, level required: FULL
10:48:05,050 [main] DEBUG org.activiti.engine.impl.history.DefaultHistoryManager  - Current history level: NONE, level required: ACTIVITY
10:48:05,050 [main] DEBUG org.activiti.engine.impl.history.DefaultHistoryManager  - Current history level: NONE, level required: FULL
10:48:05,050 [main] DEBUG org.activiti.engine.impl.history.DefaultHistoryManager  - Current history level: NONE, level required: ACTIVITY
10:48:05,050 [main] DEBUG org.activiti.engine.impl.history.DefaultHistoryManager  - Current history level: NONE, level required: FULL
10:48:05,050 [main] DEBUG org.activiti.engine.impl.history.DefaultHistoryManager  - Current history level: NONE, level required: ACTIVITY
10:48:05,050 [main] DEBUG org.activiti.engine.impl.history.DefaultHistoryManager  - Current history level: NONE, level required: FULL
10:48:05,050 [main] DEBUG org.activiti.engine.impl.history.DefaultHistoryManager  - Current history level: NONE, level required: ACTIVITY
10:48:05,050 [main] DEBUG org.activiti.engine.impl.history.DefaultHistoryManager  - Current history level: NONE, level required: FULL
10:48:05,050 [main] DEBUG org.activiti.engine.impl.history.DefaultHistoryManager  - Current history level: NONE, level required: ACTIVITY
10:48:05,050 [main] DEBUG org.activiti.engine.impl.history.DefaultHistoryManager  - Current history level: NONE, level required: FULL
10:48:05,050 [main] DEBUG org.activiti.engine.impl.history.DefaultHistoryManager  - Current history level: NONE, level required: ACTIVITY
10:48:05,050 [main] DEBUG org.activiti.engine.impl.history.DefaultHistoryManager  - Current history level: NONE, level required: FULL
10:48:05,050 [main] DEBUG org.activiti.engine.impl.history.DefaultHistoryManager  - Current history level: NONE, level required: ACTIVITY
10:48:05,050 [main] DEBUG org.activiti.engine.impl.history.DefaultHistoryManager  - Current history level: NONE, level required: FULL
10:48:05,050 [main] DEBUG org.activiti.engine.impl.history.DefaultHistoryManager  - Current history level: NONE, level required: ACTIVITY
10:48:05,050 [main] DEBUG org.activiti.engine.impl.history.DefaultHistoryManager  - Current history level: NONE, level required: FULL
10:48:05,050 [main] DEBUG org.activiti.engine.impl.history.DefaultHistoryManager  - Current history level: NONE, level required: ACTIVITY
10:48:05,050 [main] DEBUG org.activiti.engine.impl.history.DefaultHistoryManager  - Current history level: NONE, level required: FULL
10:48:05,050 [main] DEBUG org.activiti.engine.impl.history.DefaultHistoryManager  - Current history level: NONE, level required: ACTIVITY
10:48:05,050 [main] DEBUG org.activiti.engine.impl.history.DefaultHistoryManager  - Current history level: NONE, level required: FULL
10:48:05,050 [main] DEBUG org.activiti.engine.impl.history.DefaultHistoryManager  - Current history level: NONE, level required: ACTIVITY
10:48:05,050 [main] DEBUG org.activiti.engine.impl.history.DefaultHistoryManager  - Current history level: NONE, level required: FULL
10:48:05,050 [main] DEBUG org.activiti.engine.impl.history.DefaultHistoryManager  - Current history level: NONE, level required: ACTIVITY
10:48:05,050 [main] DEBUG org.activiti.engine.impl.history.DefaultHistoryManager  - Current history level: NONE, level required: FULL
10:48:05,050 [main] DEBUG org.activiti.engine.impl.history.DefaultHistoryManager  - Current history level: NONE, level required: ACTIVITY
10:48:05,050 [main] DEBUG org.activiti.engine.impl.history.DefaultHistoryManager  - Current history level: NONE, level required: FULL
10:48:05,050 [main] DEBUG org.activiti.engine.impl.history.DefaultHistoryManager  - Current history level: NONE, level required: ACTIVITY
10:48:05,050 [main] DEBUG org.activiti.engine.impl.history.DefaultHistoryManager  - Current history level: NONE, level required: FULL
10:48:05,051 [main] DEBUG org.activiti.engine.impl.history.DefaultHistoryManager  - Current history level: NONE, level required: ACTIVITY
10:48:05,051 [main] DEBUG org.activiti.engine.impl.history.DefaultHistoryManager  - Current history level: NONE, level required: FULL
10:48:05,051 [main] DEBUG org.activiti.engine.impl.history.DefaultHistoryManager  - Current history level: NONE, level required: ACTIVITY
10:48:05,051 [main] DEBUG org.activiti.engine.impl.history.DefaultHistoryManager  - Current history level: NONE, level required: FULL
10:48:05,051 [main] DEBUG org.activiti.engine.impl.history.DefaultHistoryManager  - Current history level: NONE, level required: ACTIVITY
10:48:05,051 [main] DEBUG org.activiti.engine.impl.history.DefaultHistoryManager  - Current history level: NONE, level required: FULL
10:48:05,051 [main] DEBUG org.activiti.engine.impl.history.DefaultHistoryManager  - Current history level: NONE, level required: ACTIVITY
10:48:05,051 [main] DEBUG org.activiti.engine.impl.history.DefaultHistoryManager  - Current history level: NONE, level required: FULL
10:48:05,051 [main] DEBUG org.activiti.engine.impl.history.DefaultHistoryManager  - Current history level: NONE, level required: ACTIVITY
10:48:05,051 [main] DEBUG org.activiti.engine.impl.history.DefaultHistoryManager  - Current history level: NONE, level required: FULL
10:48:05,051 [main] DEBUG org.activiti.engine.impl.history.DefaultHistoryManager  - Current history level: NONE, level required: ACTIVITY
10:48:05,051 [main] DEBUG org.activiti.engine.impl.history.DefaultHistoryManager  - Current history level: NONE, level required: FULL
10:48:05,051 [main] DEBUG org.activiti.engine.impl.history.DefaultHistoryManager  - Current history level: NONE, level required: ACTIVITY
10:48:05,051 [main] DEBUG org.activiti.engine.impl.history.DefaultHistoryManager  - Current history level: NONE, level required: FULL
10:48:05,051 [main] DEBUG org.activiti.engine.impl.history.DefaultHistoryManager  - Current history level: NONE, level required: ACTIVITY
10:48:05,051 [main] DEBUG org.activiti.engine.impl.history.DefaultHistoryManager  - Current history level: NONE, level required: FULL
10:48:05,051 [main] DEBUG org.activiti.engine.impl.history.DefaultHistoryManager  - Current history level: NONE, level required: ACTIVITY
10:48:05,051 [main] DEBUG org.activiti.engine.impl.history.DefaultHistoryManager  - Current history level: NONE, level required: FULL
10:48:05,051 [main] DEBUG org.activiti.engine.impl.history.DefaultHistoryManager  - Current history level: NONE, level required: ACTIVITY
10:48:05,051 [main] DEBUG org.activiti.engine.impl.history.DefaultHistoryManager  - Current history level: NONE, level required: FULL
10:48:05,051 [main] DEBUG org.activiti.engine.impl.history.DefaultHistoryManager  - Current history level: NONE, level required: ACTIVITY
10:48:05,051 [main] DEBUG org.activiti.engine.impl.history.DefaultHistoryManager  - Current history level: NONE, level required: FULL
10:48:05,051 [main] DEBUG org.activiti.engine.impl.history.DefaultHistoryManager  - Current history level: NONE, level required: ACTIVITY
10:48:05,051 [main] DEBUG org.activiti.engine.impl.history.DefaultHistoryManager  - Current history level: NONE, level required: FULL
10:48:05,051 [main] DEBUG org.activiti.engine.impl.history.DefaultHistoryManager  - Current history level: NONE, level required: ACTIVITY
10:48:05,051 [main] DEBUG org.activiti.engine.impl.history.DefaultHistoryManager  - Current history level: NONE, level required: FULL
10:48:05,051 [main] DEBUG org.activiti.engine.impl.history.DefaultHistoryManager  - Current history level: NONE, level required: ACTIVITY
10:48:05,051 [main] DEBUG org.activiti.engine.impl.history.DefaultHistoryManager  - Current history level: NONE, level required: FULL
10:48:05,051 [main] DEBUG org.activiti.engine.impl.history.DefaultHistoryManager  - Current history level: NONE, level required: ACTIVITY
10:48:05,051 [main] DEBUG org.activiti.engine.impl.history.DefaultHistoryManager  - Current history level: NONE, level required: FULL
10:48:05,051 [main] DEBUG org.activiti.engine.impl.history.DefaultHistoryManager  - Current history level: NONE, level required: ACTIVITY
10:48:05,051 [main] DEBUG org.activiti.engine.impl.history.DefaultHistoryManager  - Current history level: NONE, level required: FULL
10:48:05,051 [main] DEBUG org.activiti.engine.impl.history.DefaultHistoryManager  - Current history level: NONE, level required: ACTIVITY
10:48:05,051 [main] DEBUG org.activiti.engine.impl.history.DefaultHistoryManager  - Current history level: NONE, level required: FULL
10:48:05,051 [main] DEBUG org.activiti.engine.impl.history.DefaultHistoryManager  - Current history level: NONE, level required: ACTIVITY
10:48:05,051 [main] DEBUG org.activiti.engine.impl.history.DefaultHistoryManager  - Current history level: NONE, level required: FULL
10:48:05,051 [main] DEBUG org.activiti.engine.impl.history.DefaultHistoryManager  - Current history level: NONE, level required: ACTIVITY
10:48:05,051 [main] DEBUG org.activiti.engine.impl.history.DefaultHistoryManager  - Current history level: NONE, level required: FULL
10:48:05,051 [main] DEBUG org.activiti.engine.impl.history.DefaultHistoryManager  - Current history level: NONE, level required: ACTIVITY
10:48:05,051 [main] DEBUG org.activiti.engine.impl.history.DefaultHistoryManager  - Current history level: NONE, level required: FULL
10:48:05,051 [main] DEBUG org.activiti.engine.impl.history.DefaultHistoryManager  - Current history level: NONE, level required: ACTIVITY
10:48:05,051 [main] DEBUG org.activiti.engine.impl.history.DefaultHistoryManager  - Current history level: NONE, level required: FULL
10:48:05,051 [main] DEBUG org.activiti.engine.impl.history.DefaultHistoryManager  - Current history level: NONE, level required: ACTIVITY
10:48:05,051 [main] DEBUG org.activiti.engine.impl.history.DefaultHistoryManager  - Current history level: NONE, level required: FULL
10:48:05,051 [main] DEBUG org.activiti.engine.impl.history.DefaultHistoryManager  - Current history level: NONE, level required: ACTIVITY
10:48:05,051 [main] DEBUG org.activiti.engine.impl.history.DefaultHistoryManager  - Current history level: NONE, level required: FULL
10:48:05,051 [main] DEBUG org.activiti.engine.impl.history.DefaultHistoryManager  - Current history level: NONE, level required: ACTIVITY
10:48:05,052 [main] DEBUG org.activiti.engine.impl.history.DefaultHistoryManager  - Current history level: NONE, level required: FULL
10:48:05,052 [main] DEBUG org.activiti.engine.impl.history.DefaultHistoryManager  - Current history level: NONE, level required: ACTIVITY
10:48:05,052 [main] DEBUG org.activiti.engine.impl.history.DefaultHistoryManager  - Current history level: NONE, level required: FULL
10:48:05,052 [main] DEBUG org.activiti.engine.impl.history.DefaultHistoryManager  - Current history level: NONE, level required: ACTIVITY
10:48:05,052 [main] DEBUG org.activiti.engine.impl.history.DefaultHistoryManager  - Current history level: NONE, level required: FULL
10:48:05,052 [main] DEBUG org.activiti.engine.impl.history.DefaultHistoryManager  - Current history level: NONE, level required: ACTIVITY
10:48:05,052 [main] DEBUG org.activiti.engine.impl.history.DefaultHistoryManager  - Current history level: NONE, level required: FULL
10:48:05,052 [main] DEBUG org.activiti.engine.impl.history.DefaultHistoryManager  - Current history level: NONE, level required: ACTIVITY
10:48:05,052 [main] DEBUG org.activiti.engine.impl.history.DefaultHistoryManager  - Current history level: NONE, level required: FULL
10:48:05,052 [main] DEBUG org.activiti.engine.impl.history.DefaultHistoryManager  - Current history level: NONE, level required: ACTIVITY
10:48:05,052 [main] DEBUG org.activiti.engine.impl.history.DefaultHistoryManager  - Current history level: NONE, level required: FULL
10:48:05,052 [main] DEBUG org.activiti.engine.impl.history.DefaultHistoryManager  - Current history level: NONE, level required: ACTIVITY
10:48:05,052 [main] DEBUG org.activiti.engine.impl.history.DefaultHistoryManager  - Current history level: NONE, level required: FULL
10:48:05,052 [main] DEBUG org.activiti.engine.impl.history.DefaultHistoryManager  - Current history level: NONE, level required: ACTIVITY
10:48:05,052 [main] DEBUG org.activiti.engine.impl.history.DefaultHistoryManager  - Current history level: NONE, level required: FULL
10:48:05,052 [main] DEBUG org.activiti.engine.impl.history.DefaultHistoryManager  - Current history level: NONE, level required: ACTIVITY
10:48:05,052 [main] DEBUG org.activiti.engine.impl.history.DefaultHistoryManager  - Current history level: NONE, level required: FULL
10:48:05,052 [main] DEBUG org.activiti.engine.impl.history.DefaultHistoryManager  - Current history level: NONE, level required: ACTIVITY
10:48:05,052 [main] DEBUG org.activiti.engine.impl.history.DefaultHistoryManager  - Current history level: NONE, level required: FULL
10:48:05,052 [main] DEBUG org.activiti.engine.impl.history.DefaultHistoryManager  - Current history level: NONE, level required: ACTIVITY
10:48:05,052 [main] DEBUG org.activiti.engine.impl.history.DefaultHistoryManager  - Current history level: NONE, level required: FULL
10:48:05,052 [main] DEBUG org.activiti.engine.impl.history.DefaultHistoryManager  - Current history level: NONE, level required: ACTIVITY
10:48:05,052 [main] DEBUG org.activiti.engine.impl.history.DefaultHistoryManager  - Current history level: NONE, level required: FULL
10:48:05,052 [main] DEBUG org.activiti.engine.impl.history.DefaultHistoryManager  - Current history level: NONE, level required: ACTIVITY
10:48:05,052 [main] DEBUG org.activiti.engine.impl.history.DefaultHistoryManager  - Current history level: NONE, level required: FULL
10:48:05,052 [main] DEBUG org.activiti.engine.impl.history.DefaultHistoryManager  - Current history level: NONE, level required: ACTIVITY
10:48:05,052 [main] DEBUG org.activiti.engine.impl.history.DefaultHistoryManager  - Current history level: NONE, level required: FULL
10:48:05,052 [main] DEBUG org.activiti.engine.impl.history.DefaultHistoryManager  - Current history level: NONE, level required: ACTIVITY
10:48:05,052 [main] DEBUG org.activiti.engine.impl.history.DefaultHistoryManager  - Current history level: NONE, level required: FULL
10:48:05,052 [main] DEBUG org.activiti.engine.impl.history.DefaultHistoryManager  - Current history level: NONE, level required: ACTIVITY
10:48:05,052 [main] DEBUG org.activiti.engine.impl.history.DefaultHistoryManager  - Current history level: NONE, level required: FULL
10:48:05,052 [main] DEBUG org.activiti.engine.impl.history.DefaultHistoryManager  - Current history level: NONE, level required: ACTIVITY
10:48:05,052 [main] DEBUG org.activiti.engine.impl.history.DefaultHistoryManager  - Current history level: NONE, level required: FULL
10:48:05,052 [main] DEBUG org.activiti.engine.impl.history.DefaultHistoryManager  - Current history level: NONE, level required: ACTIVITY
10:48:05,052 [main] DEBUG org.activiti.engine.impl.history.DefaultHistoryManager  - Current history level: NONE, level required: FULL
10:48:05,052 [main] DEBUG org.activiti.engine.impl.history.DefaultHistoryManager  - Current history level: NONE, level required: ACTIVITY
10:48:05,052 [main] DEBUG org.activiti.engine.impl.history.DefaultHistoryManager  - Current history level: NONE, level required: FULL
10:48:05,052 [main] DEBUG org.activiti.engine.impl.history.DefaultHistoryManager  - Current history level: NONE, level required: ACTIVITY
10:48:05,052 [main] DEBUG org.activiti.engine.impl.history.DefaultHistoryManager  - Current history level: NONE, level required: FULL
10:48:05,052 [main] DEBUG org.activiti.engine.impl.history.DefaultHistoryManager  - Current history level: NONE, level required: ACTIVITY
10:48:05,052 [main] DEBUG org.activiti.engine.impl.history.DefaultHistoryManager  - Current history level: NONE, level required: FULL
10:48:05,052 [main] DEBUG org.activiti.engine.impl.history.DefaultHistoryManager  - Current history level: NONE, level required: ACTIVITY
10:48:05,052 [main] DEBUG org.activiti.engine.impl.history.DefaultHistoryManager  - Current history level: NONE, level required: FULL
10:48:05,052 [main] DEBUG org.activiti.engine.impl.history.DefaultHistoryManager  - Current history level: NONE, level required: ACTIVITY
10:48:05,052 [main] DEBUG org.activiti.engine.impl.history.DefaultHistoryManager  - Current history level: NONE, level required: FULL
10:48:05,052 [main] DEBUG org.activiti.engine.impl.history.DefaultHistoryManager  - Current history level: NONE, level required: ACTIVITY
10:48:05,052 [main] DEBUG org.activiti.engine.impl.history.DefaultHistoryManager  - Current history level: NONE, level required: FULL
10:48:05,052 [main] DEBUG org.activiti.engine.impl.history.DefaultHistoryManager  - Current history level: NONE, level required: ACTIVITY
10:48:05,052 [main] DEBUG org.activiti.engine.impl.history.DefaultHistoryManager  - Current history level: NONE, level required: FULL
10:48:05,053 [main] DEBUG org.activiti.engine.impl.history.DefaultHistoryManager  - Current history level: NONE, level required: ACTIVITY
10:48:05,053 [main] DEBUG org.activiti.engine.impl.history.DefaultHistoryManager  - Current history level: NONE, level required: FULL
10:48:05,053 [main] DEBUG org.activiti.engine.impl.history.DefaultHistoryManager  - Current history level: NONE, level required: ACTIVITY
10:48:05,053 [main] DEBUG org.activiti.engine.impl.history.DefaultHistoryManager  - Current history level: NONE, level required: FULL
10:48:05,053 [main] DEBUG org.activiti.engine.impl.history.DefaultHistoryManager  - Current history level: NONE, level required: ACTIVITY
10:48:05,053 [main] DEBUG org.activiti.engine.impl.history.DefaultHistoryManager  - Current history level: NONE, level required: FULL
10:48:05,053 [main] DEBUG org.activiti.engine.impl.history.DefaultHistoryManager  - Current history level: NONE, level required: ACTIVITY
10:48:05,053 [main] DEBUG org.activiti.engine.impl.history.DefaultHistoryManager  - Current history level: NONE, level required: FULL
10:48:05,053 [main] DEBUG org.activiti.engine.impl.history.DefaultHistoryManager  - Current history level: NONE, level required: ACTIVITY
10:48:05,053 [main] DEBUG org.activiti.engine.impl.history.DefaultHistoryManager  - Current history level: NONE, level required: FULL
10:48:05,053 [main] DEBUG org.activiti.engine.impl.history.DefaultHistoryManager  - Current history level: NONE, level required: ACTIVITY
10:48:05,053 [main] DEBUG org.activiti.engine.impl.history.DefaultHistoryManager  - Current history level: NONE, level required: FULL
10:48:05,053 [main] DEBUG org.activiti.engine.impl.history.DefaultHistoryManager  - Current history level: NONE, level required: ACTIVITY
10:48:05,053 [main] DEBUG org.activiti.engine.impl.history.DefaultHistoryManager  - Current history level: NONE, level required: FULL
10:48:05,053 [main] DEBUG org.activiti.engine.impl.history.DefaultHistoryManager  - Current history level: NONE, level required: ACTIVITY
10:48:05,053 [main] DEBUG org.activiti.engine.impl.history.DefaultHistoryManager  - Current history level: NONE, level required: FULL
10:48:05,053 [main] DEBUG org.activiti.engine.impl.history.DefaultHistoryManager  - Current history level: NONE, level required: ACTIVITY
10:48:05,053 [main] DEBUG org.activiti.engine.impl.history.DefaultHistoryManager  - Current history level: NONE, level required: FULL
10:48:05,053 [main] DEBUG org.activiti.engine.impl.history.DefaultHistoryManager  - Current history level: NONE, level required: ACTIVITY
10:48:05,053 [main] DEBUG org.activiti.engine.impl.history.DefaultHistoryManager  - Current history level: NONE, level required: FULL
10:48:05,053 [main] DEBUG org.activiti.engine.impl.history.DefaultHistoryManager  - Current history level: NONE, level required: ACTIVITY
10:48:05,053 [main] DEBUG org.activiti.engine.impl.history.DefaultHistoryManager  - Current history level: NONE, level required: FULL
10:48:05,053 [main] DEBUG org.activiti.engine.impl.history.DefaultHistoryManager  - Current history level: NONE, level required: ACTIVITY
10:48:05,053 [main] DEBUG org.activiti.engine.impl.history.DefaultHistoryManager  - Current history level: NONE, level required: FULL
10:48:05,053 [main] DEBUG org.activiti.engine.impl.history.DefaultHistoryManager  - Current history level: NONE, level required: ACTIVITY
10:48:05,053 [main] DEBUG org.activiti.engine.impl.history.DefaultHistoryManager  - Current history level: NONE, level required: FULL
10:48:05,053 [main] DEBUG org.activiti.engine.impl.history.DefaultHistoryManager  - Current history level: NONE, level required: ACTIVITY
10:48:05,053 [main] DEBUG org.activiti.engine.impl.history.DefaultHistoryManager  - Current history level: NONE, level required: FULL
10:48:05,053 [main] DEBUG org.activiti.engine.impl.history.DefaultHistoryManager  - Current history level: NONE, level required: ACTIVITY
10:48:05,053 [main] DEBUG org.activiti.engine.impl.history.DefaultHistoryManager  - Current history level: NONE, level required: FULL
10:48:05,053 [main] DEBUG org.activiti.engine.impl.history.DefaultHistoryManager  - Current history level: NONE, level required: ACTIVITY
10:48:05,053 [main] DEBUG org.activiti.engine.impl.history.DefaultHistoryManager  - Current history level: NONE, level required: FULL
10:48:05,053 [main] DEBUG org.activiti.engine.impl.history.DefaultHistoryManager  - Current history level: NONE, level required: ACTIVITY
10:48:05,053 [main] DEBUG org.activiti.engine.impl.history.DefaultHistoryManager  - Current history level: NONE, level required: FULL
10:48:05,053 [main] DEBUG org.activiti.engine.impl.history.DefaultHistoryManager  - Current history level: NONE, level required: ACTIVITY
10:48:05,053 [main] DEBUG org.activiti.engine.impl.history.DefaultHistoryManager  - Current history level: NONE, level required: FULL
10:48:05,053 [main] DEBUG org.activiti.engine.impl.history.DefaultHistoryManager  - Current history level: NONE, level required: ACTIVITY
10:48:05,053 [main] DEBUG org.activiti.engine.impl.history.DefaultHistoryManager  - Current history level: NONE, level required: FULL
10:48:05,053 [main] DEBUG org.activiti.engine.impl.history.DefaultHistoryManager  - Current history level: NONE, level required: ACTIVITY
10:48:05,053 [main] DEBUG org.activiti.engine.impl.history.DefaultHistoryManager  - Current history level: NONE, level required: FULL
10:48:05,053 [main] DEBUG org.activiti.engine.impl.history.DefaultHistoryManager  - Current history level: NONE, level required: ACTIVITY
10:48:05,053 [main] DEBUG org.activiti.engine.impl.history.DefaultHistoryManager  - Current history level: NONE, level required: FULL
10:48:05,053 [main] DEBUG org.activiti.engine.impl.history.DefaultHistoryManager  - Current history level: NONE, level required: ACTIVITY
10:48:05,053 [main] DEBUG org.activiti.engine.impl.history.DefaultHistoryManager  - Current history level: NONE, level required: FULL
10:48:05,053 [main] DEBUG org.activiti.engine.impl.history.DefaultHistoryManager  - Current history level: NONE, level required: ACTIVITY
10:48:05,053 [main] DEBUG org.activiti.engine.impl.history.DefaultHistoryManager  - Current history level: NONE, level required: FULL
10:48:05,053 [main] DEBUG org.activiti.engine.impl.history.DefaultHistoryManager  - Current history level: NONE, level required: ACTIVITY
10:48:05,053 [main] DEBUG org.activiti.engine.impl.history.DefaultHistoryManager  - Current history level: NONE, level required: FULL
10:48:05,053 [main] DEBUG org.activiti.engine.impl.history.DefaultHistoryManager  - Current history level: NONE, level required: ACTIVITY
10:48:05,054 [main] DEBUG org.activiti.engine.impl.history.DefaultHistoryManager  - Current history level: NONE, level required: FULL
10:48:05,054 [main] DEBUG org.activiti.engine.impl.history.DefaultHistoryManager  - Current history level: NONE, level required: ACTIVITY
10:48:05,054 [main] DEBUG org.activiti.engine.impl.history.DefaultHistoryManager  - Current history level: NONE, level required: FULL
10:48:05,054 [main] DEBUG org.activiti.engine.impl.history.DefaultHistoryManager  - Current history level: NONE, level required: ACTIVITY
10:48:05,054 [main] DEBUG org.activiti.engine.impl.history.DefaultHistoryManager  - Current history level: NONE, level required: FULL
10:48:05,054 [main] DEBUG org.activiti.engine.impl.history.DefaultHistoryManager  - Current history level: NONE, level required: ACTIVITY
10:48:05,054 [main] DEBUG org.activiti.engine.impl.history.DefaultHistoryManager  - Current history level: NONE, level required: FULL
10:48:05,054 [main] DEBUG org.activiti.engine.impl.history.DefaultHistoryManager  - Current history level: NONE, level required: ACTIVITY
10:48:05,054 [main] DEBUG org.activiti.engine.impl.history.DefaultHistoryManager  - Current history level: NONE, level required: FULL
10:48:05,054 [main] DEBUG org.activiti.engine.impl.history.DefaultHistoryManager  - Current history level: NONE, level required: ACTIVITY
10:48:05,054 [main] DEBUG org.activiti.engine.impl.history.DefaultHistoryManager  - Current history level: NONE, level required: FULL
10:48:05,054 [main] DEBUG org.activiti.engine.impl.history.DefaultHistoryManager  - Current history level: NONE, level required: ACTIVITY
10:48:05,054 [main] DEBUG org.activiti.engine.impl.history.DefaultHistoryManager  - Current history level: NONE, level required: FULL
10:48:05,054 [main] DEBUG org.activiti.engine.impl.history.DefaultHistoryManager  - Current history level: NONE, level required: ACTIVITY
10:48:05,054 [main] DEBUG org.activiti.engine.impl.history.DefaultHistoryManager  - Current history level: NONE, level required: FULL
10:48:05,054 [main] DEBUG org.activiti.engine.impl.history.DefaultHistoryManager  - Current history level: NONE, level required: ACTIVITY
10:48:05,054 [main] DEBUG org.activiti.engine.impl.history.DefaultHistoryManager  - Current history level: NONE, level required: FULL
10:48:05,054 [main] DEBUG org.activiti.engine.impl.history.DefaultHistoryManager  - Current history level: NONE, level required: ACTIVITY
10:48:05,054 [main] DEBUG org.activiti.engine.impl.history.DefaultHistoryManager  - Current history level: NONE, level required: FULL
10:48:05,054 [main] DEBUG org.activiti.engine.impl.history.DefaultHistoryManager  - Current history level: NONE, level required: ACTIVITY
10:48:05,054 [main] DEBUG org.activiti.engine.impl.history.DefaultHistoryManager  - Current history level: NONE, level required: FULL
10:48:05,054 [main] DEBUG org.activiti.engine.impl.history.DefaultHistoryManager  - Current history level: NONE, level required: ACTIVITY
10:48:05,054 [main] DEBUG org.activiti.engine.impl.history.DefaultHistoryManager  - Current history level: NONE, level required: FULL
10:48:05,054 [main] DEBUG org.activiti.engine.impl.history.DefaultHistoryManager  - Current history level: NONE, level required: ACTIVITY
10:48:05,054 [main] DEBUG org.activiti.engine.impl.history.DefaultHistoryManager  - Current history level: NONE, level required: FULL
10:48:05,054 [main] DEBUG org.activiti.engine.impl.history.DefaultHistoryManager  - Current history level: NONE, level required: ACTIVITY
10:48:05,054 [main] DEBUG org.activiti.engine.impl.history.DefaultHistoryManager  - Current history level: NONE, level required: FULL
10:48:05,054 [main] DEBUG org.activiti.engine.impl.history.DefaultHistoryManager  - Current history level: NONE, level required: ACTIVITY
10:48:05,054 [main] DEBUG org.activiti.engine.impl.history.DefaultHistoryManager  - Current history level: NONE, level required: FULL
10:48:05,054 [main] DEBUG org.activiti.engine.impl.history.DefaultHistoryManager  - Current history level: NONE, level required: ACTIVITY
10:48:05,054 [main] DEBUG org.activiti.engine.impl.history.DefaultHistoryManager  - Current history level: NONE, level required: FULL
10:48:05,054 [main] DEBUG org.activiti.engine.impl.history.DefaultHistoryManager  - Current history level: NONE, level required: ACTIVITY
10:48:05,054 [main] DEBUG org.activiti.engine.impl.history.DefaultHistoryManager  - Current history level: NONE, level required: FULL
10:48:05,054 [main] DEBUG org.activiti.engine.impl.history.DefaultHistoryManager  - Current history level: NONE, level required: ACTIVITY
10:48:05,054 [main] DEBUG org.activiti.engine.impl.history.DefaultHistoryManager  - Current history level: NONE, level required: FULL
10:48:05,054 [main] DEBUG org.activiti.engine.impl.history.DefaultHistoryManager  - Current history level: NONE, level required: ACTIVITY
10:48:05,054 [main] DEBUG org.activiti.engine.impl.history.DefaultHistoryManager  - Current history level: NONE, level required: FULL
10:48:05,054 [main] DEBUG org.activiti.engine.impl.history.DefaultHistoryManager  - Current history level: NONE, level required: ACTIVITY
10:48:05,054 [main] DEBUG org.activiti.engine.impl.history.DefaultHistoryManager  - Current history level: NONE, level required: FULL
10:48:05,054 [main] DEBUG org.activiti.engine.impl.history.DefaultHistoryManager  - Current history level: NONE, level required: ACTIVITY
10:48:05,054 [main] DEBUG org.activiti.engine.impl.history.DefaultHistoryManager  - Current history level: NONE, level required: FULL
10:48:05,054 [main] DEBUG org.activiti.engine.impl.history.DefaultHistoryManager  - Current history level: NONE, level required: ACTIVITY
10:48:05,054 [main] DEBUG org.activiti.engine.impl.history.DefaultHistoryManager  - Current history level: NONE, level required: FULL
10:48:05,054 [main] DEBUG org.activiti.engine.impl.history.DefaultHistoryManager  - Current history level: NONE, level required: ACTIVITY
10:48:05,054 [main] DEBUG org.activiti.engine.impl.history.DefaultHistoryManager  - Current history level: NONE, level required: FULL
10:48:05,054 [main] DEBUG org.activiti.engine.impl.history.DefaultHistoryManager  - Current history level: NONE, level required: ACTIVITY
10:48:05,054 [main] DEBUG org.activiti.engine.impl.history.DefaultHistoryManager  - Current history level: NONE, level required: FULL
10:48:05,054 [main] DEBUG org.activiti.engine.impl.history.DefaultHistoryManager  - Current history level: NONE, level required: ACTIVITY
10:48:05,054 [main] DEBUG org.activiti.engine.impl.history.DefaultHistoryManager  - Current history level: NONE, level required: FULL
10:48:05,055 [main] DEBUG org.activiti.engine.impl.history.DefaultHistoryManager  - Current history level: NONE, level required: ACTIVITY
10:48:05,055 [main] DEBUG org.activiti.engine.impl.history.DefaultHistoryManager  - Current history level: NONE, level required: FULL
10:48:05,055 [main] DEBUG org.activiti.engine.impl.history.DefaultHistoryManager  - Current history level: NONE, level required: ACTIVITY
10:48:05,055 [main] DEBUG org.activiti.engine.impl.history.DefaultHistoryManager  - Current history level: NONE, level required: FULL
10:48:05,055 [main] DEBUG org.activiti.engine.impl.history.DefaultHistoryManager  - Current history level: NONE, level required: ACTIVITY
10:48:05,055 [main] DEBUG org.activiti.engine.impl.history.DefaultHistoryManager  - Current history level: NONE, level required: FULL
10:48:05,055 [main] DEBUG org.activiti.engine.impl.history.DefaultHistoryManager  - Current history level: NONE, level required: ACTIVITY
10:48:05,055 [main] DEBUG org.activiti.engine.impl.history.DefaultHistoryManager  - Current history level: NONE, level required: FULL
10:48:05,055 [main] DEBUG org.activiti.engine.impl.history.DefaultHistoryManager  - Current history level: NONE, level required: ACTIVITY
10:48:05,055 [main] DEBUG org.activiti.engine.impl.history.DefaultHistoryManager  - Current history level: NONE, level required: FULL
10:48:05,055 [main] DEBUG org.activiti.engine.impl.history.DefaultHistoryManager  - Current history level: NONE, level required: ACTIVITY
10:48:05,055 [main] DEBUG org.activiti.engine.impl.history.DefaultHistoryManager  - Current history level: NONE, level required: FULL
10:48:05,055 [main] DEBUG org.activiti.engine.impl.history.DefaultHistoryManager  - Current history level: NONE, level required: ACTIVITY
10:48:05,055 [main] DEBUG org.activiti.engine.impl.history.DefaultHistoryManager  - Current history level: NONE, level required: FULL
10:48:05,055 [main] DEBUG org.activiti.engine.impl.history.DefaultHistoryManager  - Current history level: NONE, level required: ACTIVITY
10:48:05,055 [main] DEBUG org.activiti.engine.impl.history.DefaultHistoryManager  - Current history level: NONE, level required: FULL
10:48:05,055 [main] DEBUG org.activiti.engine.impl.history.DefaultHistoryManager  - Current history level: NONE, level required: ACTIVITY
10:48:05,055 [main] DEBUG org.activiti.engine.impl.history.DefaultHistoryManager  - Current history level: NONE, level required: FULL
10:48:05,055 [main] DEBUG org.activiti.engine.impl.history.DefaultHistoryManager  - Current history level: NONE, level required: ACTIVITY
10:48:05,055 [main] DEBUG org.activiti.engine.impl.history.DefaultHistoryManager  - Current history level: NONE, level required: FULL
10:48:05,055 [main] DEBUG org.activiti.engine.impl.history.DefaultHistoryManager  - Current history level: NONE, level required: ACTIVITY
10:48:05,055 [main] DEBUG org.activiti.engine.impl.history.DefaultHistoryManager  - Current history level: NONE, level required: FULL
10:48:05,055 [main] DEBUG org.activiti.engine.impl.history.DefaultHistoryManager  - Current history level: NONE, level required: ACTIVITY
10:48:05,055 [main] DEBUG org.activiti.engine.impl.history.DefaultHistoryManager  - Current history level: NONE, level required: FULL
10:48:05,055 [main] DEBUG org.activiti.engine.impl.history.DefaultHistoryManager  - Current history level: NONE, level required: ACTIVITY
10:48:05,055 [main] DEBUG org.activiti.engine.impl.history.DefaultHistoryManager  - Current history level: NONE, level required: FULL
10:48:05,055 [main] DEBUG org.activiti.engine.impl.history.DefaultHistoryManager  - Current history level: NONE, level required: ACTIVITY
10:48:05,055 [main] DEBUG org.activiti.engine.impl.history.DefaultHistoryManager  - Current history level: NONE, level required: FULL
10:48:05,055 [main] DEBUG org.activiti.engine.impl.history.DefaultHistoryManager  - Current history level: NONE, level required: ACTIVITY
10:48:05,055 [main] DEBUG org.activiti.engine.impl.history.DefaultHistoryManager  - Current history level: NONE, level required: FULL
10:48:05,055 [main] DEBUG org.activiti.engine.impl.history.DefaultHistoryManager  - Current history level: NONE, level required: ACTIVITY
10:48:05,055 [main] DEBUG org.activiti.engine.impl.history.DefaultHistoryManager  - Current history level: NONE, level required: FULL
10:48:05,055 [main] DEBUG org.activiti.engine.impl.history.DefaultHistoryManager  - Current history level: NONE, level required: ACTIVITY
10:48:05,055 [main] DEBUG org.activiti.engine.impl.history.DefaultHistoryManager  - Current history level: NONE, level required: FULL
10:48:05,055 [main] DEBUG org.activiti.engine.impl.history.DefaultHistoryManager  - Current history level: NONE, level required: ACTIVITY
10:48:05,055 [main] DEBUG org.activiti.engine.impl.history.DefaultHistoryManager  - Current history level: NONE, level required: FULL
10:48:05,055 [main] DEBUG org.activiti.engine.impl.history.DefaultHistoryManager  - Current history level: NONE, level required: ACTIVITY
10:48:05,055 [main] DEBUG org.activiti.engine.impl.history.DefaultHistoryManager  - Current history level: NONE, level required: FULL
10:48:05,055 [main] DEBUG org.activiti.engine.impl.history.DefaultHistoryManager  - Current history level: NONE, level required: ACTIVITY
10:48:05,055 [main] DEBUG org.activiti.engine.impl.history.DefaultHistoryManager  - Current history level: NONE, level required: FULL
10:48:05,055 [main] DEBUG org.activiti.engine.impl.history.DefaultHistoryManager  - Current history level: NONE, level required: ACTIVITY
10:48:05,055 [main] DEBUG org.activiti.engine.impl.history.DefaultHistoryManager  - Current history level: NONE, level required: FULL
10:48:05,055 [main] DEBUG org.activiti.engine.impl.history.DefaultHistoryManager  - Current history level: NONE, level required: ACTIVITY
10:48:05,055 [main] DEBUG org.activiti.engine.impl.history.DefaultHistoryManager  - Current history level: NONE, level required: FULL
10:48:05,055 [main] DEBUG org.activiti.engine.impl.history.DefaultHistoryManager  - Current history level: NONE, level required: ACTIVITY
10:48:05,055 [main] DEBUG org.activiti.engine.impl.history.DefaultHistoryManager  - Current history level: NONE, level required: FULL
10:48:05,055 [main] DEBUG org.activiti.engine.impl.history.DefaultHistoryManager  - Current history level: NONE, level required: ACTIVITY
10:48:05,055 [main] DEBUG org.activiti.engine.impl.history.DefaultHistoryManager  - Current history level: NONE, level required: FULL
10:48:05,055 [main] DEBUG org.activiti.engine.impl.history.DefaultHistoryManager  - Current history level: NONE, level required: ACTIVITY
10:48:05,056 [main] DEBUG org.activiti.engine.impl.history.DefaultHistoryManager  - Current history level: NONE, level required: FULL
10:48:05,056 [main] DEBUG org.activiti.engine.impl.history.DefaultHistoryManager  - Current history level: NONE, level required: ACTIVITY
10:48:05,056 [main] DEBUG org.activiti.engine.impl.history.DefaultHistoryManager  - Current history level: NONE, level required: FULL
10:48:05,056 [main] DEBUG org.activiti.engine.impl.history.DefaultHistoryManager  - Current history level: NONE, level required: ACTIVITY
10:48:05,056 [main] DEBUG org.activiti.engine.impl.history.DefaultHistoryManager  - Current history level: NONE, level required: FULL
10:48:05,056 [main] DEBUG org.activiti.engine.impl.history.DefaultHistoryManager  - Current history level: NONE, level required: ACTIVITY
10:48:05,056 [main] DEBUG org.activiti.engine.impl.history.DefaultHistoryManager  - Current history level: NONE, level required: FULL
10:48:05,056 [main] DEBUG org.activiti.engine.impl.history.DefaultHistoryManager  - Current history level: NONE, level required: ACTIVITY
10:48:05,056 [main] DEBUG org.activiti.engine.impl.history.DefaultHistoryManager  - Current history level: NONE, level required: FULL
10:48:05,056 [main] DEBUG org.activiti.engine.impl.history.DefaultHistoryManager  - Current history level: NONE, level required: ACTIVITY
10:48:05,056 [main] DEBUG org.activiti.engine.impl.history.DefaultHistoryManager  - Current history level: NONE, level required: FULL
10:48:05,056 [main] DEBUG org.activiti.engine.impl.history.DefaultHistoryManager  - Current history level: NONE, level required: ACTIVITY
10:48:05,056 [main] DEBUG org.activiti.engine.impl.history.DefaultHistoryManager  - Current history level: NONE, level required: FULL
10:48:05,056 [main] DEBUG org.activiti.engine.impl.history.DefaultHistoryManager  - Current history level: NONE, level required: ACTIVITY
10:48:05,056 [main] DEBUG org.activiti.engine.impl.history.DefaultHistoryManager  - Current history level: NONE, level required: FULL
10:48:05,056 [main] DEBUG org.activiti.engine.impl.history.DefaultHistoryManager  - Current history level: NONE, level required: ACTIVITY
10:48:05,056 [main] DEBUG org.activiti.engine.impl.history.DefaultHistoryManager  - Current history level: NONE, level required: FULL
10:48:05,056 [main] DEBUG org.activiti.engine.impl.history.DefaultHistoryManager  - Current history level: NONE, level required: ACTIVITY
10:48:05,056 [main] DEBUG org.activiti.engine.impl.history.DefaultHistoryManager  - Current history level: NONE, level required: FULL
10:48:05,056 [main] DEBUG org.activiti.engine.impl.history.DefaultHistoryManager  - Current history level: NONE, level required: ACTIVITY
10:48:05,056 [main] DEBUG org.activiti.engine.impl.history.DefaultHistoryManager  - Current history level: NONE, level required: FULL
10:48:05,056 [main] DEBUG org.activiti.engine.impl.history.DefaultHistoryManager  - Current history level: NONE, level required: ACTIVITY
10:48:05,056 [main] DEBUG org.activiti.engine.impl.history.DefaultHistoryManager  - Current history level: NONE, level required: FULL
10:48:05,056 [main] DEBUG org.activiti.engine.impl.history.DefaultHistoryManager  - Current history level: NONE, level required: ACTIVITY
10:48:05,056 [main] DEBUG org.activiti.engine.impl.history.DefaultHistoryManager  - Current history level: NONE, level required: FULL
10:48:05,056 [main] DEBUG org.activiti.engine.impl.history.DefaultHistoryManager  - Current history level: NONE, level required: ACTIVITY
10:48:05,056 [main] DEBUG org.activiti.engine.impl.history.DefaultHistoryManager  - Current history level: NONE, level required: FULL
10:48:05,056 [main] DEBUG org.activiti.engine.impl.history.DefaultHistoryManager  - Current history level: NONE, level required: ACTIVITY
10:48:05,056 [main] DEBUG org.activiti.engine.impl.history.DefaultHistoryManager  - Current history level: NONE, level required: FULL
10:48:05,056 [main] DEBUG org.activiti.engine.impl.history.DefaultHistoryManager  - Current history level: NONE, level required: ACTIVITY
10:48:05,056 [main] DEBUG org.activiti.engine.impl.history.DefaultHistoryManager  - Current history level: NONE, level required: FULL
10:48:05,056 [main] DEBUG org.activiti.engine.impl.history.DefaultHistoryManager  - Current history level: NONE, level required: ACTIVITY
10:48:05,056 [main] DEBUG org.activiti.engine.impl.history.DefaultHistoryManager  - Current history level: NONE, level required: FULL
10:48:05,056 [main] DEBUG org.activiti.engine.impl.history.DefaultHistoryManager  - Current history level: NONE, level required: ACTIVITY
10:48:05,056 [main] DEBUG org.activiti.engine.impl.history.DefaultHistoryManager  - Current history level: NONE, level required: FULL
10:48:05,056 [main] DEBUG org.activiti.engine.impl.history.DefaultHistoryManager  - Current history level: NONE, level required: ACTIVITY
10:48:05,056 [main] DEBUG org.activiti.engine.impl.history.DefaultHistoryManager  - Current history level: NONE, level required: FULL
10:48:05,056 [main] DEBUG org.activiti.engine.impl.history.DefaultHistoryManager  - Current history level: NONE, level required: ACTIVITY
10:48:05,056 [main] DEBUG org.activiti.engine.impl.history.DefaultHistoryManager  - Current history level: NONE, level required: FULL
10:48:05,056 [main] DEBUG org.activiti.engine.impl.history.DefaultHistoryManager  - Current history level: NONE, level required: ACTIVITY
10:48:05,056 [main] DEBUG org.activiti.engine.impl.history.DefaultHistoryManager  - Current history level: NONE, level required: FULL
10:48:05,056 [main] DEBUG org.activiti.engine.impl.history.DefaultHistoryManager  - Current history level: NONE, level required: ACTIVITY
10:48:05,056 [main] DEBUG org.activiti.engine.impl.history.DefaultHistoryManager  - Current history level: NONE, level required: FULL
10:48:05,056 [main] DEBUG org.activiti.engine.impl.history.DefaultHistoryManager  - Current history level: NONE, level required: ACTIVITY
10:48:05,056 [main] DEBUG org.activiti.engine.impl.history.DefaultHistoryManager  - Current history level: NONE, level required: FULL
10:48:05,056 [main] DEBUG org.activiti.engine.impl.history.DefaultHistoryManager  - Current history level: NONE, level required: ACTIVITY
10:48:05,057 [main] DEBUG org.activiti.engine.impl.history.DefaultHistoryManager  - Current history level: NONE, level required: FULL
10:48:05,057 [main] DEBUG org.activiti.engine.impl.history.DefaultHistoryManager  - Current history level: NONE, level required: ACTIVITY
10:48:05,057 [main] DEBUG org.activiti.engine.impl.history.DefaultHistoryManager  - Current history level: NONE, level required: FULL
10:48:05,057 [main] DEBUG org.activiti.engine.impl.history.DefaultHistoryManager  - Current history level: NONE, level required: ACTIVITY
10:48:05,057 [main] DEBUG org.activiti.engine.impl.history.DefaultHistoryManager  - Current history level: NONE, level required: FULL
10:48:05,057 [main] DEBUG org.activiti.engine.impl.history.DefaultHistoryManager  - Current history level: NONE, level required: ACTIVITY
10:48:05,057 [main] DEBUG org.activiti.engine.impl.history.DefaultHistoryManager  - Current history level: NONE, level required: FULL
10:48:05,057 [main] DEBUG org.activiti.engine.impl.history.DefaultHistoryManager  - Current history level: NONE, level required: ACTIVITY
10:48:05,057 [main] DEBUG org.activiti.engine.impl.history.DefaultHistoryManager  - Current history level: NONE, level required: FULL
10:48:05,057 [main] DEBUG org.activiti.engine.impl.history.DefaultHistoryManager  - Current history level: NONE, level required: ACTIVITY
10:48:05,057 [main] DEBUG org.activiti.engine.impl.history.DefaultHistoryManager  - Current history level: NONE, level required: FULL
10:48:05,057 [main] DEBUG org.activiti.engine.impl.history.DefaultHistoryManager  - Current history level: NONE, level required: ACTIVITY
10:48:05,057 [main] DEBUG org.activiti.engine.impl.history.DefaultHistoryManager  - Current history level: NONE, level required: FULL
10:48:05,057 [main] DEBUG org.activiti.engine.impl.history.DefaultHistoryManager  - Current history level: NONE, level required: ACTIVITY
10:48:05,057 [main] DEBUG org.activiti.engine.impl.history.DefaultHistoryManager  - Current history level: NONE, level required: FULL
10:48:05,057 [main] DEBUG org.activiti.engine.impl.history.DefaultHistoryManager  - Current history level: NONE, level required: ACTIVITY
10:48:05,057 [main] DEBUG org.activiti.engine.impl.history.DefaultHistoryManager  - Current history level: NONE, level required: FULL
10:48:05,057 [main] DEBUG org.activiti.engine.impl.history.DefaultHistoryManager  - Current history level: NONE, level required: ACTIVITY
10:48:05,057 [main] DEBUG org.activiti.engine.impl.history.DefaultHistoryManager  - Current history level: NONE, level required: FULL
10:48:05,057 [main] DEBUG org.activiti.engine.impl.history.DefaultHistoryManager  - Current history level: NONE, level required: ACTIVITY
10:48:05,057 [main] DEBUG org.activiti.engine.impl.history.DefaultHistoryManager  - Current history level: NONE, level required: FULL
10:48:05,057 [main] DEBUG org.activiti.engine.impl.history.DefaultHistoryManager  - Current history level: NONE, level required: ACTIVITY
10:48:05,057 [main] DEBUG org.activiti.engine.impl.history.DefaultHistoryManager  - Current history level: NONE, level required: FULL
10:48:05,057 [main] DEBUG org.activiti.engine.impl.history.DefaultHistoryManager  - Current history level: NONE, level required: ACTIVITY
10:48:05,057 [main] DEBUG org.activiti.engine.impl.history.DefaultHistoryManager  - Current history level: NONE, level required: FULL
10:48:05,057 [main] DEBUG org.activiti.engine.impl.history.DefaultHistoryManager  - Current history level: NONE, level required: ACTIVITY
10:48:05,057 [main] DEBUG org.activiti.engine.impl.history.DefaultHistoryManager  - Current history level: NONE, level required: FULL
10:48:05,057 [main] DEBUG org.activiti.engine.impl.history.DefaultHistoryManager  - Current history level: NONE, level required: ACTIVITY
10:48:05,057 [main] DEBUG org.activiti.engine.impl.history.DefaultHistoryManager  - Current history level: NONE, level required: FULL
10:48:05,057 [main] DEBUG org.activiti.engine.impl.history.DefaultHistoryManager  - Current history level: NONE, level required: ACTIVITY
10:48:05,057 [main] DEBUG org.activiti.engine.impl.history.DefaultHistoryManager  - Current history level: NONE, level required: FULL
10:48:05,057 [main] DEBUG org.activiti.engine.impl.history.DefaultHistoryManager  - Current history level: NONE, level required: ACTIVITY
10:48:05,057 [main] DEBUG org.activiti.engine.impl.history.DefaultHistoryManager  - Current history level: NONE, level required: FULL
10:48:05,057 [main] DEBUG org.activiti.engine.impl.history.DefaultHistoryManager  - Current history level: NONE, level required: ACTIVITY
10:48:05,057 [main] DEBUG org.activiti.engine.impl.history.DefaultHistoryManager  - Current history level: NONE, level required: FULL
10:48:05,057 [main] DEBUG org.activiti.engine.impl.history.DefaultHistoryManager  - Current history level: NONE, level required: ACTIVITY
10:48:05,057 [main] DEBUG org.activiti.engine.impl.history.DefaultHistoryManager  - Current history level: NONE, level required: FULL
10:48:05,057 [main] DEBUG org.activiti.engine.impl.history.DefaultHistoryManager  - Current history level: NONE, level required: ACTIVITY
10:48:05,057 [main] DEBUG org.activiti.engine.impl.history.DefaultHistoryManager  - Current history level: NONE, level required: FULL
10:48:05,057 [main] DEBUG org.activiti.engine.impl.history.DefaultHistoryManager  - Current history level: NONE, level required: ACTIVITY
10:48:05,057 [main] DEBUG org.activiti.engine.impl.history.DefaultHistoryManager  - Current history level: NONE, level required: FULL
10:48:05,057 [main] DEBUG org.activiti.engine.impl.history.DefaultHistoryManager  - Current history level: NONE, level required: ACTIVITY
10:48:05,057 [main] DEBUG org.activiti.engine.impl.history.DefaultHistoryManager  - Current history level: NONE, level required: FULL
10:48:05,057 [main] DEBUG org.activiti.engine.impl.history.DefaultHistoryManager  - Current history level: NONE, level required: ACTIVITY
10:48:05,057 [main] DEBUG org.activiti.engine.impl.history.DefaultHistoryManager  - Current history level: NONE, level required: FULL
10:48:05,057 [main] DEBUG org.activiti.engine.impl.history.DefaultHistoryManager  - Current history level: NONE, level required: ACTIVITY
10:48:05,057 [main] DEBUG org.activiti.engine.impl.history.DefaultHistoryManager  - Current history level: NONE, level required: FULL
10:48:05,057 [main] DEBUG org.activiti.engine.impl.history.DefaultHistoryManager  - Current history level: NONE, level required: ACTIVITY
10:48:05,057 [main] DEBUG org.activiti.engine.impl.history.DefaultHistoryManager  - Current history level: NONE, level required: FULL
10:48:05,058 [main] DEBUG org.activiti.engine.impl.history.DefaultHistoryManager  - Current history level: NONE, level required: ACTIVITY
10:48:05,058 [main] DEBUG org.activiti.engine.impl.history.DefaultHistoryManager  - Current history level: NONE, level required: FULL
10:48:05,058 [main] DEBUG org.activiti.engine.impl.history.DefaultHistoryManager  - Current history level: NONE, level required: ACTIVITY
10:48:05,058 [main] DEBUG org.activiti.engine.impl.history.DefaultHistoryManager  - Current history level: NONE, level required: FULL
10:48:05,058 [main] DEBUG org.activiti.engine.impl.history.DefaultHistoryManager  - Current history level: NONE, level required: ACTIVITY
10:48:05,058 [main] DEBUG org.activiti.engine.impl.history.DefaultHistoryManager  - Current history level: NONE, level required: FULL
10:48:05,058 [main] DEBUG org.activiti.engine.impl.history.DefaultHistoryManager  - Current history level: NONE, level required: ACTIVITY
10:48:05,058 [main] DEBUG org.activiti.engine.impl.history.DefaultHistoryManager  - Current history level: NONE, level required: FULL
10:48:05,058 [main] DEBUG org.activiti.engine.impl.history.DefaultHistoryManager  - Current history level: NONE, level required: ACTIVITY
10:48:05,058 [main] DEBUG org.activiti.engine.impl.history.DefaultHistoryManager  - Current history level: NONE, level required: FULL
10:48:05,058 [main] DEBUG org.activiti.engine.impl.history.DefaultHistoryManager  - Current history level: NONE, level required: ACTIVITY
10:48:05,058 [main] DEBUG org.activiti.engine.impl.history.DefaultHistoryManager  - Current history level: NONE, level required: FULL
10:48:05,058 [main] DEBUG org.activiti.engine.impl.history.DefaultHistoryManager  - Current history level: NONE, level required: ACTIVITY
10:48:05,058 [main] DEBUG org.activiti.engine.impl.history.DefaultHistoryManager  - Current history level: NONE, level required: FULL
10:48:05,058 [main] DEBUG org.activiti.engine.impl.history.DefaultHistoryManager  - Current history level: NONE, level required: ACTIVITY
10:48:05,058 [main] DEBUG org.activiti.engine.impl.history.DefaultHistoryManager  - Current history level: NONE, level required: FULL
10:48:05,058 [main] DEBUG org.activiti.engine.impl.history.DefaultHistoryManager  - Current history level: NONE, level required: ACTIVITY
10:48:05,058 [main] DEBUG org.activiti.engine.impl.history.DefaultHistoryManager  - Current history level: NONE, level required: FULL
10:48:05,058 [main] DEBUG org.activiti.engine.impl.history.DefaultHistoryManager  - Current history level: NONE, level required: ACTIVITY
10:48:05,058 [main] DEBUG org.activiti.engine.impl.history.DefaultHistoryManager  - Current history level: NONE, level required: FULL
10:48:05,058 [main] DEBUG org.activiti.engine.impl.history.DefaultHistoryManager  - Current history level: NONE, level required: ACTIVITY
10:48:05,058 [main] DEBUG org.activiti.engine.impl.history.DefaultHistoryManager  - Current history level: NONE, level required: FULL
10:48:05,058 [main] DEBUG org.activiti.engine.impl.history.DefaultHistoryManager  - Current history level: NONE, level required: ACTIVITY
10:48:05,058 [main] DEBUG org.activiti.engine.impl.history.DefaultHistoryManager  - Current history level: NONE, level required: FULL
10:48:05,058 [main] DEBUG org.activiti.engine.impl.history.DefaultHistoryManager  - Current history level: NONE, level required: ACTIVITY
10:48:05,058 [main] DEBUG org.activiti.engine.impl.history.DefaultHistoryManager  - Current history level: NONE, level required: FULL
10:48:05,058 [main] DEBUG org.activiti.engine.impl.history.DefaultHistoryManager  - Current history level: NONE, level required: ACTIVITY
10:48:05,058 [main] DEBUG org.activiti.engine.impl.history.DefaultHistoryManager  - Current history level: NONE, level required: FULL
10:48:05,058 [main] DEBUG org.activiti.engine.impl.history.DefaultHistoryManager  - Current history level: NONE, level required: ACTIVITY
10:48:05,058 [main] DEBUG org.activiti.engine.impl.history.DefaultHistoryManager  - Current history level: NONE, level required: FULL
10:48:05,058 [main] DEBUG org.activiti.engine.impl.history.DefaultHistoryManager  - Current history level: NONE, level required: ACTIVITY
10:48:05,058 [main] DEBUG org.activiti.engine.impl.history.DefaultHistoryManager  - Current history level: NONE, level required: FULL
10:48:05,058 [main] DEBUG org.activiti.engine.impl.history.DefaultHistoryManager  - Current history level: NONE, level required: ACTIVITY
10:48:05,058 [main] DEBUG org.activiti.engine.impl.history.DefaultHistoryManager  - Current history level: NONE, level required: FULL
10:48:05,058 [main] DEBUG org.activiti.engine.impl.history.DefaultHistoryManager  - Current history level: NONE, level required: ACTIVITY
10:48:05,058 [main] DEBUG org.activiti.engine.impl.history.DefaultHistoryManager  - Current history level: NONE, level required: FULL
10:48:05,058 [main] DEBUG org.activiti.engine.impl.history.DefaultHistoryManager  - Current history level: NONE, level required: ACTIVITY
10:48:05,058 [main] DEBUG org.activiti.engine.impl.history.DefaultHistoryManager  - Current history level: NONE, level required: FULL
10:48:05,058 [main] DEBUG org.activiti.engine.impl.history.DefaultHistoryManager  - Current history level: NONE, level required: ACTIVITY
10:48:05,058 [main] DEBUG org.activiti.engine.impl.history.DefaultHistoryManager  - Current history level: NONE, level required: FULL
10:48:05,058 [main] DEBUG org.activiti.engine.impl.history.DefaultHistoryManager  - Current history level: NONE, level required: ACTIVITY
10:48:05,058 [main] DEBUG org.activiti.engine.impl.history.DefaultHistoryManager  - Current history level: NONE, level required: FULL
10:48:05,058 [main] DEBUG org.activiti.engine.impl.history.DefaultHistoryManager  - Current history level: NONE, level required: ACTIVITY
10:48:05,058 [main] DEBUG org.activiti.engine.impl.history.DefaultHistoryManager  - Current history level: NONE, level required: FULL
10:48:05,058 [main] DEBUG org.activiti.engine.impl.history.DefaultHistoryManager  - Current history level: NONE, level required: ACTIVITY
10:48:05,058 [main] DEBUG org.activiti.engine.impl.history.DefaultHistoryManager  - Current history level: NONE, level required: FULL
10:48:05,058 [main] DEBUG org.activiti.engine.impl.history.DefaultHistoryManager  - Current history level: NONE, level required: ACTIVITY
10:48:05,058 [main] DEBUG org.activiti.engine.impl.history.DefaultHistoryManager  - Current history level: NONE, level required: FULL
10:48:05,058 [main] DEBUG org.activiti.engine.impl.history.DefaultHistoryManager  - Current history level: NONE, level required: ACTIVITY
10:48:05,058 [main] DEBUG org.activiti.engine.impl.history.DefaultHistoryManager  - Current history level: NONE, level required: FULL
10:48:05,059 [main] DEBUG org.activiti.engine.impl.history.DefaultHistoryManager  - Current history level: NONE, level required: ACTIVITY
10:48:05,059 [main] DEBUG org.activiti.engine.impl.history.DefaultHistoryManager  - Current history level: NONE, level required: FULL
10:48:05,059 [main] DEBUG org.activiti.engine.impl.history.DefaultHistoryManager  - Current history level: NONE, level required: ACTIVITY
10:48:05,059 [main] DEBUG org.activiti.engine.impl.history.DefaultHistoryManager  - Current history level: NONE, level required: FULL
10:48:05,059 [main] DEBUG org.activiti.engine.impl.history.DefaultHistoryManager  - Current history level: NONE, level required: ACTIVITY
10:48:05,059 [main] DEBUG org.activiti.engine.impl.history.DefaultHistoryManager  - Current history level: NONE, level required: FULL
10:48:05,059 [main] DEBUG org.activiti.engine.impl.history.DefaultHistoryManager  - Current history level: NONE, level required: ACTIVITY
10:48:05,059 [main] DEBUG org.activiti.engine.impl.history.DefaultHistoryManager  - Current history level: NONE, level required: FULL
10:48:05,059 [main] DEBUG org.activiti.engine.impl.history.DefaultHistoryManager  - Current history level: NONE, level required: ACTIVITY
10:48:05,059 [main] DEBUG org.activiti.engine.impl.history.DefaultHistoryManager  - Current history level: NONE, level required: FULL
10:48:05,059 [main] DEBUG org.activiti.engine.impl.history.DefaultHistoryManager  - Current history level: NONE, level required: ACTIVITY
10:48:05,059 [main] DEBUG org.activiti.engine.impl.history.DefaultHistoryManager  - Current history level: NONE, level required: FULL
10:48:05,059 [main] DEBUG org.activiti.engine.impl.history.DefaultHistoryManager  - Current history level: NONE, level required: ACTIVITY
10:48:05,059 [main] DEBUG org.activiti.engine.impl.history.DefaultHistoryManager  - Current history level: NONE, level required: FULL
10:48:05,059 [main] DEBUG org.activiti.engine.impl.history.DefaultHistoryManager  - Current history level: NONE, level required: ACTIVITY
10:48:05,059 [main] DEBUG org.activiti.engine.impl.history.DefaultHistoryManager  - Current history level: NONE, level required: FULL
10:48:05,059 [main] DEBUG org.activiti.engine.impl.history.DefaultHistoryManager  - Current history level: NONE, level required: ACTIVITY
10:48:05,059 [main] DEBUG org.activiti.engine.impl.history.DefaultHistoryManager  - Current history level: NONE, level required: FULL
10:48:05,059 [main] DEBUG org.activiti.engine.impl.history.DefaultHistoryManager  - Current history level: NONE, level required: ACTIVITY
10:48:05,059 [main] DEBUG org.activiti.engine.impl.history.DefaultHistoryManager  - Current history level: NONE, level required: FULL
10:48:05,059 [main] DEBUG org.activiti.engine.impl.history.DefaultHistoryManager  - Current history level: NONE, level required: ACTIVITY
10:48:05,059 [main] DEBUG org.activiti.engine.impl.history.DefaultHistoryManager  - Current history level: NONE, level required: FULL
10:48:05,059 [main] DEBUG org.activiti.engine.impl.history.DefaultHistoryManager  - Current history level: NONE, level required: ACTIVITY
10:48:05,059 [main] DEBUG org.activiti.engine.impl.history.DefaultHistoryManager  - Current history level: NONE, level required: FULL
10:48:05,059 [main] DEBUG org.activiti.engine.impl.history.DefaultHistoryManager  - Current history level: NONE, level required: ACTIVITY
10:48:05,059 [main] DEBUG org.activiti.engine.impl.history.DefaultHistoryManager  - Current history level: NONE, level required: FULL
10:48:05,059 [main] DEBUG org.activiti.engine.impl.history.DefaultHistoryManager  - Current history level: NONE, level required: ACTIVITY
10:48:05,059 [main] DEBUG org.activiti.engine.impl.history.DefaultHistoryManager  - Current history level: NONE, level required: FULL
10:48:05,059 [main] DEBUG org.activiti.engine.impl.history.DefaultHistoryManager  - Current history level: NONE, level required: ACTIVITY
10:48:05,059 [main] DEBUG org.activiti.engine.impl.history.DefaultHistoryManager  - Current history level: NONE, level required: FULL
10:48:05,059 [main] DEBUG org.activiti.engine.impl.history.DefaultHistoryManager  - Current history level: NONE, level required: ACTIVITY
10:48:05,059 [main] DEBUG org.activiti.engine.impl.history.DefaultHistoryManager  - Current history level: NONE, level required: FULL
10:48:05,059 [main] DEBUG org.activiti.engine.impl.history.DefaultHistoryManager  - Current history level: NONE, level required: ACTIVITY
10:48:05,059 [main] DEBUG org.activiti.engine.impl.history.DefaultHistoryManager  - Current history level: NONE, level required: FULL
10:48:05,059 [main] DEBUG org.activiti.engine.impl.history.DefaultHistoryManager  - Current history level: NONE, level required: ACTIVITY
10:48:05,059 [main] DEBUG org.activiti.engine.impl.history.DefaultHistoryManager  - Current history level: NONE, level required: FULL
10:48:05,059 [main] DEBUG org.activiti.engine.impl.history.DefaultHistoryManager  - Current history level: NONE, level required: ACTIVITY
10:48:05,059 [main] DEBUG org.activiti.engine.impl.history.DefaultHistoryManager  - Current history level: NONE, level required: FULL
10:48:05,059 [main] DEBUG org.activiti.engine.impl.history.DefaultHistoryManager  - Current history level: NONE, level required: ACTIVITY
10:48:05,059 [main] DEBUG org.activiti.engine.impl.history.DefaultHistoryManager  - Current history level: NONE, level required: FULL
10:48:05,059 [main] DEBUG org.activiti.engine.impl.history.DefaultHistoryManager  - Current history level: NONE, level required: ACTIVITY
10:48:05,059 [main] DEBUG org.activiti.engine.impl.history.DefaultHistoryManager  - Current history level: NONE, level required: FULL
10:48:05,059 [main] DEBUG org.activiti.engine.impl.history.DefaultHistoryManager  - Current history level: NONE, level required: ACTIVITY
10:48:05,059 [main] DEBUG org.activiti.engine.impl.history.DefaultHistoryManager  - Current history level: NONE, level required: FULL
10:48:05,059 [main] DEBUG org.activiti.engine.impl.history.DefaultHistoryManager  - Current history level: NONE, level required: ACTIVITY
10:48:05,059 [main] DEBUG org.activiti.engine.impl.history.DefaultHistoryManager  - Current history level: NONE, level required: FULL
10:48:05,059 [main] DEBUG org.activiti.engine.impl.history.DefaultHistoryManager  - Current history level: NONE, level required: ACTIVITY
10:48:05,059 [main] DEBUG org.activiti.engine.impl.history.DefaultHistoryManager  - Current history level: NONE, level required: FULL
10:48:05,059 [main] DEBUG org.activiti.engine.impl.history.DefaultHistoryManager  - Current history level: NONE, level required: ACTIVITY
10:48:05,059 [main] DEBUG org.activiti.engine.impl.history.DefaultHistoryManager  - Current history level: NONE, level required: FULL
10:48:05,059 [main] DEBUG org.activiti.engine.impl.history.DefaultHistoryManager  - Current history level: NONE, level required: ACTIVITY
10:48:05,059 [main] DEBUG org.activiti.engine.impl.history.DefaultHistoryManager  - Current history level: NONE, level required: FULL
10:48:05,059 [main] DEBUG org.activiti.engine.impl.history.DefaultHistoryManager  - Current history level: NONE, level required: ACTIVITY
10:48:05,059 [main] DEBUG org.activiti.engine.impl.history.DefaultHistoryManager  - Current history level: NONE, level required: FULL
10:48:05,059 [main] DEBUG org.activiti.engine.impl.history.DefaultHistoryManager  - Current history level: NONE, level required: ACTIVITY
10:48:05,059 [main] DEBUG org.activiti.engine.impl.history.DefaultHistoryManager  - Current history level: NONE, level required: FULL
10:48:05,059 [main] DEBUG org.activiti.engine.impl.history.DefaultHistoryManager  - Current history level: NONE, level required: ACTIVITY
10:48:05,059 [main] DEBUG org.activiti.engine.impl.history.DefaultHistoryManager  - Current history level: NONE, level required: FULL
10:48:05,059 [main] DEBUG org.activiti.engine.impl.history.DefaultHistoryManager  - Current history level: NONE, level required: ACTIVITY
10:48:05,059 [main] DEBUG org.activiti.engine.impl.history.DefaultHistoryManager  - Current history level: NONE, level required: FULL
10:48:05,059 [main] DEBUG org.activiti.engine.impl.history.DefaultHistoryManager  - Current history level: NONE, level required: ACTIVITY
10:48:05,059 [main] DEBUG org.activiti.engine.impl.history.DefaultHistoryManager  - Current history level: NONE, level required: FULL
10:48:05,059 [main] DEBUG org.activiti.engine.impl.history.DefaultHistoryManager  - Current history level: NONE, level required: ACTIVITY
10:48:05,059 [main] DEBUG org.activiti.engine.impl.history.DefaultHistoryManager  - Current history level: NONE, level required: FULL
10:48:05,059 [main] DEBUG org.activiti.engine.impl.history.DefaultHistoryManager  - Current history level: NONE, level required: ACTIVITY
10:48:05,059 [main] DEBUG org.activiti.engine.impl.history.DefaultHistoryManager  - Current history level: NONE, level required: FULL
10:48:05,059 [main] DEBUG org.activiti.engine.impl.history.DefaultHistoryManager  - Current history level: NONE, level required: ACTIVITY
10:48:05,059 [main] DEBUG org.activiti.engine.impl.history.DefaultHistoryManager  - Current history level: NONE, level required: FULL
10:48:05,059 [main] DEBUG org.activiti.engine.impl.history.DefaultHistoryManager  - Current history level: NONE, level required: ACTIVITY
10:48:05,059 [main] DEBUG org.activiti.engine.impl.history.DefaultHistoryManager  - Current history level: NONE, level required: FULL
10:48:05,059 [main] DEBUG org.activiti.engine.impl.history.DefaultHistoryManager  - Current history level: NONE, level required: ACTIVITY
10:48:05,060 [main] DEBUG org.activiti.engine.impl.history.DefaultHistoryManager  - Current history level: NONE, level required: FULL
10:48:05,060 [main] DEBUG org.activiti.engine.impl.history.DefaultHistoryManager  - Current history level: NONE, level required: ACTIVITY
10:48:05,060 [main] DEBUG org.activiti.engine.impl.history.DefaultHistoryManager  - Current history level: NONE, level required: FULL
10:48:05,060 [main] DEBUG org.activiti.engine.impl.history.DefaultHistoryManager  - Current history level: NONE, level required: ACTIVITY
10:48:05,060 [main] DEBUG org.activiti.engine.impl.history.DefaultHistoryManager  - Current history level: NONE, level required: FULL
10:48:05,060 [main] DEBUG org.activiti.engine.impl.history.DefaultHistoryManager  - Current history level: NONE, level required: ACTIVITY
10:48:05,060 [main] DEBUG org.activiti.engine.impl.history.DefaultHistoryManager  - Current history level: NONE, level required: FULL
10:48:05,060 [main] DEBUG org.activiti.engine.impl.history.DefaultHistoryManager  - Current history level: NONE, level required: ACTIVITY
10:48:05,060 [main] DEBUG org.activiti.engine.impl.history.DefaultHistoryManager  - Current history level: NONE, level required: FULL
10:48:05,060 [main] DEBUG org.activiti.engine.impl.history.DefaultHistoryManager  - Current history level: NONE, level required: ACTIVITY
10:48:05,060 [main] DEBUG org.activiti.engine.impl.history.DefaultHistoryManager  - Current history level: NONE, level required: FULL
10:48:05,060 [main] DEBUG org.activiti.engine.impl.history.DefaultHistoryManager  - Current history level: NONE, level required: ACTIVITY
10:48:05,060 [main] DEBUG org.activiti.engine.impl.history.DefaultHistoryManager  - Current history level: NONE, level required: FULL
10:48:05,060 [main] DEBUG org.activiti.engine.impl.history.DefaultHistoryManager  - Current history level: NONE, level required: ACTIVITY
10:48:05,060 [main] DEBUG org.activiti.engine.impl.history.DefaultHistoryManager  - Current history level: NONE, level required: FULL
10:48:05,060 [main] DEBUG org.activiti.engine.impl.history.DefaultHistoryManager  - Current history level: NONE, level required: ACTIVITY
10:48:05,060 [main] DEBUG org.activiti.engine.impl.history.DefaultHistoryManager  - Current history level: NONE, level required: FULL
10:48:05,060 [main] DEBUG org.activiti.engine.impl.history.DefaultHistoryManager  - Current history level: NONE, level required: ACTIVITY
10:48:05,060 [main] DEBUG org.activiti.engine.impl.history.DefaultHistoryManager  - Current history level: NONE, level required: FULL
10:48:05,060 [main] DEBUG org.activiti.engine.impl.history.DefaultHistoryManager  - Current history level: NONE, level required: ACTIVITY
10:48:05,060 [main] DEBUG org.activiti.engine.impl.history.DefaultHistoryManager  - Current history level: NONE, level required: FULL
10:48:05,060 [main] DEBUG org.activiti.engine.impl.history.DefaultHistoryManager  - Current history level: NONE, level required: ACTIVITY
10:48:05,060 [main] DEBUG org.activiti.engine.impl.history.DefaultHistoryManager  - Current history level: NONE, level required: FULL
10:48:05,060 [main] DEBUG org.activiti.engine.impl.history.DefaultHistoryManager  - Current history level: NONE, level required: ACTIVITY
10:48:05,060 [main] DEBUG org.activiti.engine.impl.history.DefaultHistoryManager  - Current history level: NONE, level required: FULL
10:48:05,060 [main] DEBUG org.activiti.engine.impl.history.DefaultHistoryManager  - Current history level: NONE, level required: ACTIVITY
10:48:05,060 [main] DEBUG org.activiti.engine.impl.history.DefaultHistoryManager  - Current history level: NONE, level required: FULL
10:48:05,060 [main] DEBUG org.activiti.engine.impl.history.DefaultHistoryManager  - Current history level: NONE, level required: ACTIVITY
10:48:05,060 [main] DEBUG org.activiti.engine.impl.history.DefaultHistoryManager  - Current history level: NONE, level required: FULL
10:48:05,060 [main] DEBUG org.activiti.engine.impl.history.DefaultHistoryManager  - Current history level: NONE, level required: ACTIVITY
10:48:05,060 [main] DEBUG org.activiti.engine.impl.history.DefaultHistoryManager  - Current history level: NONE, level required: FULL
10:48:05,060 [main] DEBUG org.activiti.engine.impl.history.DefaultHistoryManager  - Current history level: NONE, level required: ACTIVITY
10:48:05,060 [main] DEBUG org.activiti.engine.impl.history.DefaultHistoryManager  - Current history level: NONE, level required: FULL
10:48:05,060 [main] DEBUG org.activiti.engine.impl.history.DefaultHistoryManager  - Current history level: NONE, level required: ACTIVITY
10:48:05,060 [main] DEBUG org.activiti.engine.impl.history.DefaultHistoryManager  - Current history level: NONE, level required: FULL
10:48:05,060 [main] DEBUG org.activiti.engine.impl.history.DefaultHistoryManager  - Current history level: NONE, level required: ACTIVITY
10:48:05,060 [main] DEBUG org.activiti.engine.impl.history.DefaultHistoryManager  - Current history level: NONE, level required: FULL
10:48:05,060 [main] DEBUG org.activiti.engine.impl.history.DefaultHistoryManager  - Current history level: NONE, level required: ACTIVITY
10:48:05,060 [main] DEBUG org.activiti.engine.impl.history.DefaultHistoryManager  - Current history level: NONE, level required: FULL
10:48:05,060 [main] DEBUG org.activiti.engine.impl.history.DefaultHistoryManager  - Current history level: NONE, level required: ACTIVITY
10:48:05,060 [main] DEBUG org.activiti.engine.impl.history.DefaultHistoryManager  - Current history level: NONE, level required: FULL
10:48:05,060 [main] DEBUG org.activiti.engine.impl.history.DefaultHistoryManager  - Current history level: NONE, level required: ACTIVITY
10:48:05,061 [main] DEBUG org.activiti.engine.impl.history.DefaultHistoryManager  - Current history level: NONE, level required: FULL
10:48:05,061 [main] DEBUG org.activiti.engine.impl.history.DefaultHistoryManager  - Current history level: NONE, level required: ACTIVITY
10:48:05,061 [main] DEBUG org.activiti.engine.impl.history.DefaultHistoryManager  - Current history level: NONE, level required: FULL
10:48:05,061 [main] DEBUG org.activiti.engine.impl.history.DefaultHistoryManager  - Current history level: NONE, level required: ACTIVITY
10:48:05,061 [main] DEBUG org.activiti.engine.impl.history.DefaultHistoryManager  - Current history level: NONE, level required: FULL
10:48:05,061 [main] DEBUG org.activiti.engine.impl.history.DefaultHistoryManager  - Current history level: NONE, level required: ACTIVITY
10:48:05,061 [main] DEBUG org.activiti.engine.impl.history.DefaultHistoryManager  - Current history level: NONE, level required: FULL
10:48:05,061 [main] DEBUG org.activiti.engine.impl.history.DefaultHistoryManager  - Current history level: NONE, level required: ACTIVITY
10:48:05,061 [main] DEBUG org.activiti.engine.impl.history.DefaultHistoryManager  - Current history level: NONE, level required: FULL
10:48:05,061 [main] DEBUG org.activiti.engine.impl.history.DefaultHistoryManager  - Current history level: NONE, level required: ACTIVITY
10:48:05,061 [main] DEBUG org.activiti.engine.impl.history.DefaultHistoryManager  - Current history level: NONE, level required: FULL
10:48:05,061 [main] DEBUG org.activiti.engine.impl.history.DefaultHistoryManager  - Current history level: NONE, level required: ACTIVITY
10:48:05,061 [main] DEBUG org.activiti.engine.impl.history.DefaultHistoryManager  - Current history level: NONE, level required: FULL
10:48:05,061 [main] DEBUG org.activiti.engine.impl.history.DefaultHistoryManager  - Current history level: NONE, level required: ACTIVITY
10:48:05,061 [main] DEBUG org.activiti.engine.impl.history.DefaultHistoryManager  - Current history level: NONE, level required: FULL
10:48:05,061 [main] DEBUG org.activiti.engine.impl.history.DefaultHistoryManager  - Current history level: NONE, level required: ACTIVITY
10:48:05,061 [main] DEBUG org.activiti.engine.impl.history.DefaultHistoryManager  - Current history level: NONE, level required: FULL
10:48:05,061 [main] DEBUG org.activiti.engine.impl.history.DefaultHistoryManager  - Current history level: NONE, level required: ACTIVITY
10:48:05,061 [main] DEBUG org.activiti.engine.impl.history.DefaultHistoryManager  - Current history level: NONE, level required: FULL
10:48:05,061 [main] DEBUG org.activiti.engine.impl.history.DefaultHistoryManager  - Current history level: NONE, level required: ACTIVITY
10:48:05,061 [main] DEBUG org.activiti.engine.impl.history.DefaultHistoryManager  - Current history level: NONE, level required: FULL
10:48:05,061 [main] DEBUG org.activiti.engine.impl.history.DefaultHistoryManager  - Current history level: NONE, level required: ACTIVITY
10:48:05,061 [main] DEBUG org.activiti.engine.impl.history.DefaultHistoryManager  - Current history level: NONE, level required: FULL
10:48:05,061 [main] DEBUG org.activiti.engine.impl.history.DefaultHistoryManager  - Current history level: NONE, level required: ACTIVITY
10:48:05,061 [main] DEBUG org.activiti.engine.impl.history.DefaultHistoryManager  - Current history level: NONE, level required: FULL
10:48:05,061 [main] DEBUG org.activiti.engine.impl.history.DefaultHistoryManager  - Current history level: NONE, level required: ACTIVITY
10:48:05,061 [main] DEBUG org.activiti.engine.impl.history.DefaultHistoryManager  - Current history level: NONE, level required: FULL
10:48:05,061 [main] DEBUG org.activiti.engine.impl.history.DefaultHistoryManager  - Current history level: NONE, level required: ACTIVITY
10:48:05,061 [main] DEBUG org.activiti.engine.impl.history.DefaultHistoryManager  - Current history level: NONE, level required: FULL
10:48:05,061 [main] DEBUG org.activiti.engine.impl.history.DefaultHistoryManager  - Current history level: NONE, level required: ACTIVITY
10:48:05,061 [main] DEBUG org.activiti.engine.impl.history.DefaultHistoryManager  - Current history level: NONE, level required: FULL
10:48:05,061 [main] DEBUG org.activiti.engine.impl.history.DefaultHistoryManager  - Current history level: NONE, level required: ACTIVITY
10:48:05,061 [main] DEBUG org.activiti.engine.impl.history.DefaultHistoryManager  - Current history level: NONE, level required: FULL
10:48:05,061 [main] DEBUG org.activiti.engine.impl.history.DefaultHistoryManager  - Current history level: NONE, level required: ACTIVITY
10:48:05,061 [main] DEBUG org.activiti.engine.impl.history.DefaultHistoryManager  - Current history level: NONE, level required: FULL
10:48:05,061 [main] DEBUG org.activiti.engine.impl.history.DefaultHistoryManager  - Current history level: NONE, level required: ACTIVITY
10:48:05,061 [main] DEBUG org.activiti.engine.impl.history.DefaultHistoryManager  - Current history level: NONE, level required: FULL
10:48:05,061 [main] DEBUG org.activiti.engine.impl.history.DefaultHistoryManager  - Current history level: NONE, level required: ACTIVITY
10:48:05,061 [main] DEBUG org.activiti.engine.impl.history.DefaultHistoryManager  - Current history level: NONE, level required: FULL
10:48:05,061 [main] DEBUG org.activiti.engine.impl.history.DefaultHistoryManager  - Current history level: NONE, level required: ACTIVITY
10:48:05,061 [main] DEBUG org.activiti.engine.impl.history.DefaultHistoryManager  - Current history level: NONE, level required: FULL
10:48:05,061 [main] DEBUG org.activiti.engine.impl.history.DefaultHistoryManager  - Current history level: NONE, level required: ACTIVITY
10:48:05,062 [main] DEBUG org.activiti.engine.impl.history.DefaultHistoryManager  - Current history level: NONE, level required: FULL
10:48:05,062 [main] DEBUG org.activiti.engine.impl.history.DefaultHistoryManager  - Current history level: NONE, level required: ACTIVITY
10:48:05,062 [main] DEBUG org.activiti.engine.impl.history.DefaultHistoryManager  - Current history level: NONE, level required: FULL
10:48:05,062 [main] DEBUG org.activiti.engine.impl.history.DefaultHistoryManager  - Current history level: NONE, level required: ACTIVITY
10:48:05,062 [main] DEBUG org.activiti.engine.impl.history.DefaultHistoryManager  - Current history level: NONE, level required: FULL
10:48:05,062 [main] DEBUG org.activiti.engine.impl.history.DefaultHistoryManager  - Current history level: NONE, level required: ACTIVITY
10:48:05,062 [main] DEBUG org.activiti.engine.impl.history.DefaultHistoryManager  - Current history level: NONE, level required: FULL
10:48:05,062 [main] DEBUG org.activiti.engine.impl.history.DefaultHistoryManager  - Current history level: NONE, level required: ACTIVITY
10:48:05,062 [main] DEBUG org.activiti.engine.impl.history.DefaultHistoryManager  - Current history level: NONE, level required: FULL
10:48:05,062 [main] DEBUG org.activiti.engine.impl.history.DefaultHistoryManager  - Current history level: NONE, level required: ACTIVITY
10:48:05,062 [main] DEBUG org.activiti.engine.impl.history.DefaultHistoryManager  - Current history level: NONE, level required: FULL
10:48:05,062 [main] DEBUG org.activiti.engine.impl.history.DefaultHistoryManager  - Current history level: NONE, level required: ACTIVITY
10:48:05,062 [main] DEBUG org.activiti.engine.impl.history.DefaultHistoryManager  - Current history level: NONE, level required: FULL
10:48:05,062 [main] DEBUG org.activiti.engine.impl.history.DefaultHistoryManager  - Current history level: NONE, level required: ACTIVITY
10:48:05,062 [main] DEBUG org.activiti.engine.impl.history.DefaultHistoryManager  - Current history level: NONE, level required: FULL
10:48:05,062 [main] DEBUG org.activiti.engine.impl.history.DefaultHistoryManager  - Current history level: NONE, level required: ACTIVITY
10:48:05,062 [main] DEBUG org.activiti.engine.impl.history.DefaultHistoryManager  - Current history level: NONE, level required: FULL
10:48:05,062 [main] DEBUG org.activiti.engine.impl.history.DefaultHistoryManager  - Current history level: NONE, level required: ACTIVITY
10:48:05,062 [main] DEBUG org.activiti.engine.impl.history.DefaultHistoryManager  - Current history level: NONE, level required: FULL
10:48:05,062 [main] DEBUG org.activiti.engine.impl.history.DefaultHistoryManager  - Current history level: NONE, level required: ACTIVITY
10:48:05,062 [main] DEBUG org.activiti.engine.impl.history.DefaultHistoryManager  - Current history level: NONE, level required: FULL
10:48:05,062 [main] DEBUG org.activiti.engine.impl.history.DefaultHistoryManager  - Current history level: NONE, level required: ACTIVITY
10:48:05,062 [main] DEBUG org.activiti.engine.impl.history.DefaultHistoryManager  - Current history level: NONE, level required: FULL
10:48:05,062 [main] DEBUG org.activiti.engine.impl.history.DefaultHistoryManager  - Current history level: NONE, level required: ACTIVITY
10:48:05,062 [main] DEBUG org.activiti.engine.impl.history.DefaultHistoryManager  - Current history level: NONE, level required: FULL
10:48:05,062 [main] DEBUG org.activiti.engine.impl.history.DefaultHistoryManager  - Current history level: NONE, level required: ACTIVITY
10:48:05,062 [main] DEBUG org.activiti.engine.impl.history.DefaultHistoryManager  - Current history level: NONE, level required: FULL
10:48:05,062 [main] DEBUG org.activiti.engine.impl.history.DefaultHistoryManager  - Current history level: NONE, level required: ACTIVITY
10:48:05,062 [main] DEBUG org.activiti.engine.impl.history.DefaultHistoryManager  - Current history level: NONE, level required: FULL
10:48:05,062 [main] DEBUG org.activiti.engine.impl.history.DefaultHistoryManager  - Current history level: NONE, level required: ACTIVITY
10:48:05,062 [main] DEBUG org.activiti.engine.impl.history.DefaultHistoryManager  - Current history level: NONE, level required: FULL
10:48:05,062 [main] DEBUG org.activiti.engine.impl.history.DefaultHistoryManager  - Current history level: NONE, level required: ACTIVITY
10:48:05,062 [main] DEBUG org.activiti.engine.impl.history.DefaultHistoryManager  - Current history level: NONE, level required: FULL
10:48:05,062 [main] DEBUG org.activiti.engine.impl.history.DefaultHistoryManager  - Current history level: NONE, level required: ACTIVITY
10:48:05,062 [main] DEBUG org.activiti.engine.impl.history.DefaultHistoryManager  - Current history level: NONE, level required: FULL
10:48:05,062 [main] DEBUG org.activiti.engine.impl.history.DefaultHistoryManager  - Current history level: NONE, level required: ACTIVITY
10:48:05,062 [main] DEBUG org.activiti.engine.impl.history.DefaultHistoryManager  - Current history level: NONE, level required: FULL
10:48:05,062 [main] DEBUG org.activiti.engine.impl.history.DefaultHistoryManager  - Current history level: NONE, level required: ACTIVITY
10:48:05,062 [main] DEBUG org.activiti.engine.impl.history.DefaultHistoryManager  - Current history level: NONE, level required: FULL
10:48:05,062 [main] DEBUG org.activiti.engine.impl.history.DefaultHistoryManager  - Current history level: NONE, level required: ACTIVITY
10:48:05,062 [main] DEBUG org.activiti.engine.impl.history.DefaultHistoryManager  - Current history level: NONE, level required: FULL
10:48:05,062 [main] DEBUG org.activiti.engine.impl.history.DefaultHistoryManager  - Current history level: NONE, level required: ACTIVITY
10:48:05,062 [main] DEBUG org.activiti.engine.impl.history.DefaultHistoryManager  - Current history level: NONE, level required: FULL
10:48:05,062 [main] DEBUG org.activiti.engine.impl.history.DefaultHistoryManager  - Current history level: NONE, level required: ACTIVITY
10:48:05,062 [main] DEBUG org.activiti.engine.impl.history.DefaultHistoryManager  - Current history level: NONE, level required: FULL
10:48:05,063 [main] DEBUG org.activiti.engine.impl.history.DefaultHistoryManager  - Current history level: NONE, level required: ACTIVITY
10:48:05,063 [main] DEBUG org.activiti.engine.impl.history.DefaultHistoryManager  - Current history level: NONE, level required: FULL
10:48:05,063 [main] DEBUG org.activiti.engine.impl.history.DefaultHistoryManager  - Current history level: NONE, level required: ACTIVITY
10:48:05,063 [main] DEBUG org.activiti.engine.impl.history.DefaultHistoryManager  - Current history level: NONE, level required: FULL
10:48:05,063 [main] DEBUG org.activiti.engine.impl.history.DefaultHistoryManager  - Current history level: NONE, level required: ACTIVITY
10:48:05,063 [main] DEBUG org.activiti.engine.impl.history.DefaultHistoryManager  - Current history level: NONE, level required: FULL
10:48:05,063 [main] DEBUG org.activiti.engine.impl.history.DefaultHistoryManager  - Current history level: NONE, level required: ACTIVITY
10:48:05,063 [main] DEBUG org.activiti.engine.impl.history.DefaultHistoryManager  - Current history level: NONE, level required: FULL
10:48:05,063 [main] DEBUG org.activiti.engine.impl.history.DefaultHistoryManager  - Current history level: NONE, level required: ACTIVITY
10:48:05,063 [main] DEBUG org.activiti.engine.impl.history.DefaultHistoryManager  - Current history level: NONE, level required: FULL
10:48:05,063 [main] DEBUG org.activiti.engine.impl.history.DefaultHistoryManager  - Current history level: NONE, level required: ACTIVITY
10:48:05,063 [main] DEBUG org.activiti.engine.impl.history.DefaultHistoryManager  - Current history level: NONE, level required: FULL
10:48:05,063 [main] DEBUG org.activiti.engine.impl.history.DefaultHistoryManager  - Current history level: NONE, level required: ACTIVITY
10:48:05,063 [main] DEBUG org.activiti.engine.impl.history.DefaultHistoryManager  - Current history level: NONE, level required: FULL
10:48:05,063 [main] DEBUG org.activiti.engine.impl.history.DefaultHistoryManager  - Current history level: NONE, level required: ACTIVITY
10:48:05,063 [main] DEBUG org.activiti.engine.impl.history.DefaultHistoryManager  - Current history level: NONE, level required: FULL
10:48:05,063 [main] DEBUG org.activiti.engine.impl.history.DefaultHistoryManager  - Current history level: NONE, level required: ACTIVITY
10:48:05,063 [main] DEBUG org.activiti.engine.impl.history.DefaultHistoryManager  - Current history level: NONE, level required: FULL
10:48:05,063 [main] DEBUG org.activiti.engine.impl.history.DefaultHistoryManager  - Current history level: NONE, level required: ACTIVITY
10:48:05,063 [main] DEBUG org.activiti.engine.impl.history.DefaultHistoryManager  - Current history level: NONE, level required: FULL
10:48:05,063 [main] DEBUG org.activiti.engine.impl.history.DefaultHistoryManager  - Current history level: NONE, level required: ACTIVITY
10:48:05,063 [main] DEBUG org.activiti.engine.impl.history.DefaultHistoryManager  - Current history level: NONE, level required: FULL
10:48:05,063 [main] DEBUG org.activiti.engine.impl.history.DefaultHistoryManager  - Current history level: NONE, level required: ACTIVITY
10:48:05,063 [main] DEBUG org.activiti.engine.impl.history.DefaultHistoryManager  - Current history level: NONE, level required: FULL
10:48:05,063 [main] DEBUG org.activiti.engine.impl.history.DefaultHistoryManager  - Current history level: NONE, level required: ACTIVITY
10:48:05,063 [main] DEBUG org.activiti.engine.impl.history.DefaultHistoryManager  - Current history level: NONE, level required: FULL
10:48:05,063 [main] DEBUG org.activiti.engine.impl.history.DefaultHistoryManager  - Current history level: NONE, level required: ACTIVITY
10:48:05,063 [main] DEBUG org.activiti.engine.impl.history.DefaultHistoryManager  - Current history level: NONE, level required: FULL
10:48:05,063 [main] DEBUG org.activiti.engine.impl.history.DefaultHistoryManager  - Current history level: NONE, level required: ACTIVITY
10:48:05,063 [main] DEBUG org.activiti.engine.impl.history.DefaultHistoryManager  - Current history level: NONE, level required: FULL
10:48:05,063 [main] DEBUG org.activiti.engine.impl.history.DefaultHistoryManager  - Current history level: NONE, level required: ACTIVITY
10:48:05,063 [main] DEBUG org.activiti.engine.impl.history.DefaultHistoryManager  - Current history level: NONE, level required: FULL
10:48:05,063 [main] DEBUG org.activiti.engine.impl.history.DefaultHistoryManager  - Current history level: NONE, level required: ACTIVITY
10:48:05,063 [main] DEBUG org.activiti.engine.impl.history.DefaultHistoryManager  - Current history level: NONE, level required: FULL
10:48:05,063 [main] DEBUG org.activiti.engine.impl.history.DefaultHistoryManager  - Current history level: NONE, level required: ACTIVITY
10:48:05,063 [main] DEBUG org.activiti.engine.impl.history.DefaultHistoryManager  - Current history level: NONE, level required: FULL
10:48:05,063 [main] DEBUG org.activiti.engine.impl.history.DefaultHistoryManager  - Current history level: NONE, level required: ACTIVITY
10:48:05,063 [main] DEBUG org.activiti.engine.impl.history.DefaultHistoryManager  - Current history level: NONE, level required: FULL
10:48:05,063 [main] DEBUG org.activiti.engine.impl.history.DefaultHistoryManager  - Current history level: NONE, level required: ACTIVITY
10:48:05,063 [main] DEBUG org.activiti.engine.impl.history.DefaultHistoryManager  - Current history level: NONE, level required: FULL
10:48:05,063 [main] DEBUG org.activiti.engine.impl.history.DefaultHistoryManager  - Current history level: NONE, level required: ACTIVITY
10:48:05,063 [main] DEBUG org.activiti.engine.impl.history.DefaultHistoryManager  - Current history level: NONE, level required: FULL
10:48:05,063 [main] DEBUG org.activiti.engine.impl.history.DefaultHistoryManager  - Current history level: NONE, level required: ACTIVITY
10:48:05,063 [main] DEBUG org.activiti.engine.impl.history.DefaultHistoryManager  - Current history level: NONE, level required: FULL
10:48:05,063 [main] DEBUG org.activiti.engine.impl.history.DefaultHistoryManager  - Current history level: NONE, level required: ACTIVITY
10:48:05,064 [main] DEBUG org.activiti.engine.impl.history.DefaultHistoryManager  - Current history level: NONE, level required: FULL
10:48:05,064 [main] DEBUG org.activiti.engine.impl.history.DefaultHistoryManager  - Current history level: NONE, level required: ACTIVITY
10:48:05,064 [main] DEBUG org.activiti.engine.impl.history.DefaultHistoryManager  - Current history level: NONE, level required: FULL
10:48:05,064 [main] DEBUG org.activiti.engine.impl.history.DefaultHistoryManager  - Current history level: NONE, level required: ACTIVITY
10:48:05,064 [main] DEBUG org.activiti.engine.impl.history.DefaultHistoryManager  - Current history level: NONE, level required: FULL
10:48:05,064 [main] DEBUG org.activiti.engine.impl.history.DefaultHistoryManager  - Current history level: NONE, level required: ACTIVITY
10:48:05,064 [main] DEBUG org.activiti.engine.impl.history.DefaultHistoryManager  - Current history level: NONE, level required: FULL
10:48:05,064 [main] DEBUG org.activiti.engine.impl.history.DefaultHistoryManager  - Current history level: NONE, level required: ACTIVITY
10:48:05,064 [main] DEBUG org.activiti.engine.impl.history.DefaultHistoryManager  - Current history level: NONE, level required: FULL
10:48:05,064 [main] DEBUG org.activiti.engine.impl.history.DefaultHistoryManager  - Current history level: NONE, level required: ACTIVITY
10:48:05,064 [main] DEBUG org.activiti.engine.impl.history.DefaultHistoryManager  - Current history level: NONE, level required: FULL
10:48:05,064 [main] DEBUG org.activiti.engine.impl.history.DefaultHistoryManager  - Current history level: NONE, level required: ACTIVITY
10:48:05,064 [main] DEBUG org.activiti.engine.impl.history.DefaultHistoryManager  - Current history level: NONE, level required: FULL
10:48:05,064 [main] DEBUG org.activiti.engine.impl.history.DefaultHistoryManager  - Current history level: NONE, level required: ACTIVITY
10:48:05,064 [main] DEBUG org.activiti.engine.impl.history.DefaultHistoryManager  - Current history level: NONE, level required: FULL
10:48:05,064 [main] DEBUG org.activiti.engine.impl.history.DefaultHistoryManager  - Current history level: NONE, level required: ACTIVITY
10:48:05,064 [main] DEBUG org.activiti.engine.impl.history.DefaultHistoryManager  - Current history level: NONE, level required: FULL
10:48:05,064 [main] DEBUG org.activiti.engine.impl.history.DefaultHistoryManager  - Current history level: NONE, level required: ACTIVITY
10:48:05,064 [main] DEBUG org.activiti.engine.impl.history.DefaultHistoryManager  - Current history level: NONE, level required: FULL
10:48:05,064 [main] DEBUG org.activiti.engine.impl.history.DefaultHistoryManager  - Current history level: NONE, level required: ACTIVITY
10:48:05,064 [main] DEBUG org.activiti.engine.impl.history.DefaultHistoryManager  - Current history level: NONE, level required: FULL
10:48:05,064 [main] DEBUG org.activiti.engine.impl.history.DefaultHistoryManager  - Current history level: NONE, level required: ACTIVITY
10:48:05,064 [main] DEBUG org.activiti.engine.impl.history.DefaultHistoryManager  - Current history level: NONE, level required: FULL
10:48:05,064 [main] DEBUG org.activiti.engine.impl.history.DefaultHistoryManager  - Current history level: NONE, level required: ACTIVITY
10:48:05,064 [main] DEBUG org.activiti.engine.impl.history.DefaultHistoryManager  - Current history level: NONE, level required: FULL
10:48:05,064 [main] DEBUG org.activiti.engine.impl.history.DefaultHistoryManager  - Current history level: NONE, level required: ACTIVITY
10:48:05,064 [main] DEBUG org.activiti.engine.impl.history.DefaultHistoryManager  - Current history level: NONE, level required: FULL
10:48:05,064 [main] DEBUG org.activiti.engine.impl.history.DefaultHistoryManager  - Current history level: NONE, level required: ACTIVITY
10:48:05,064 [main] DEBUG org.activiti.engine.impl.history.DefaultHistoryManager  - Current history level: NONE, level required: FULL
10:48:05,064 [main] DEBUG org.activiti.engine.impl.history.DefaultHistoryManager  - Current history level: NONE, level required: ACTIVITY
10:48:05,064 [main] DEBUG org.activiti.engine.impl.history.DefaultHistoryManager  - Current history level: NONE, level required: FULL
10:48:05,064 [main] DEBUG org.activiti.engine.impl.history.DefaultHistoryManager  - Current history level: NONE, level required: ACTIVITY
10:48:05,064 [main] DEBUG org.activiti.engine.impl.history.DefaultHistoryManager  - Current history level: NONE, level required: FULL
10:48:05,064 [main] DEBUG org.activiti.engine.impl.history.DefaultHistoryManager  - Current history level: NONE, level required: ACTIVITY
10:48:05,064 [main] DEBUG org.activiti.engine.impl.history.DefaultHistoryManager  - Current history level: NONE, level required: FULL
10:48:05,064 [main] DEBUG org.activiti.engine.impl.history.DefaultHistoryManager  - Current history level: NONE, level required: ACTIVITY
10:48:05,064 [main] DEBUG org.activiti.engine.impl.history.DefaultHistoryManager  - Current history level: NONE, level required: FULL
10:48:05,064 [main] DEBUG org.activiti.engine.impl.history.DefaultHistoryManager  - Current history level: NONE, level required: ACTIVITY
10:48:05,064 [main] DEBUG org.activiti.engine.impl.history.DefaultHistoryManager  - Current history level: NONE, level required: FULL
10:48:05,065 [main] DEBUG org.activiti.engine.impl.history.DefaultHistoryManager  - Current history level: NONE, level required: ACTIVITY
10:48:05,065 [main] DEBUG org.activiti.engine.impl.history.DefaultHistoryManager  - Current history level: NONE, level required: FULL
10:48:05,065 [main] DEBUG org.activiti.engine.impl.history.DefaultHistoryManager  - Current history level: NONE, level required: ACTIVITY
10:48:05,065 [main] DEBUG org.activiti.engine.impl.history.DefaultHistoryManager  - Current history level: NONE, level required: FULL
10:48:05,065 [main] DEBUG org.activiti.engine.impl.history.DefaultHistoryManager  - Current history level: NONE, level required: ACTIVITY
10:48:05,065 [main] DEBUG org.activiti.engine.impl.history.DefaultHistoryManager  - Current history level: NONE, level required: FULL
10:48:05,065 [main] DEBUG org.activiti.engine.impl.history.DefaultHistoryManager  - Current history level: NONE, level required: ACTIVITY
10:48:05,065 [main] DEBUG org.activiti.engine.impl.history.DefaultHistoryManager  - Current history level: NONE, level required: FULL
10:48:05,065 [main] DEBUG org.activiti.engine.impl.history.DefaultHistoryManager  - Current history level: NONE, level required: ACTIVITY
10:48:05,065 [main] DEBUG org.activiti.engine.impl.history.DefaultHistoryManager  - Current history level: NONE, level required: FULL
10:48:05,065 [main] DEBUG org.activiti.engine.impl.history.DefaultHistoryManager  - Current history level: NONE, level required: ACTIVITY
10:48:05,065 [main] DEBUG org.activiti.engine.impl.history.DefaultHistoryManager  - Current history level: NONE, level required: FULL
10:48:05,065 [main] DEBUG org.activiti.engine.impl.history.DefaultHistoryManager  - Current history level: NONE, level required: ACTIVITY
10:48:05,065 [main] DEBUG org.activiti.engine.impl.history.DefaultHistoryManager  - Current history level: NONE, level required: FULL
10:48:05,065 [main] DEBUG org.activiti.engine.impl.history.DefaultHistoryManager  - Current history level: NONE, level required: ACTIVITY
10:48:05,065 [main] DEBUG org.activiti.engine.impl.history.DefaultHistoryManager  - Current history level: NONE, level required: FULL
10:48:05,065 [main] DEBUG org.activiti.engine.impl.history.DefaultHistoryManager  - Current history level: NONE, level required: ACTIVITY
10:48:05,065 [main] DEBUG org.activiti.engine.impl.history.DefaultHistoryManager  - Current history level: NONE, level required: FULL
10:48:05,065 [main] DEBUG org.activiti.engine.impl.history.DefaultHistoryManager  - Current history level: NONE, level required: ACTIVITY
10:48:05,065 [main] DEBUG org.activiti.engine.impl.history.DefaultHistoryManager  - Current history level: NONE, level required: FULL
10:48:05,065 [main] DEBUG org.activiti.engine.impl.history.DefaultHistoryManager  - Current history level: NONE, level required: ACTIVITY
10:48:05,065 [main] DEBUG org.activiti.engine.impl.history.DefaultHistoryManager  - Current history level: NONE, level required: FULL
10:48:05,065 [main] DEBUG org.activiti.engine.impl.history.DefaultHistoryManager  - Current history level: NONE, level required: ACTIVITY
10:48:05,065 [main] DEBUG org.activiti.engine.impl.history.DefaultHistoryManager  - Current history level: NONE, level required: FULL
10:48:05,065 [main] DEBUG org.activiti.engine.impl.history.DefaultHistoryManager  - Current history level: NONE, level required: ACTIVITY
10:48:05,065 [main] DEBUG org.activiti.engine.impl.history.DefaultHistoryManager  - Current history level: NONE, level required: FULL
10:48:05,065 [main] DEBUG org.activiti.engine.impl.history.DefaultHistoryManager  - Current history level: NONE, level required: ACTIVITY
10:48:05,065 [main] DEBUG org.activiti.engine.impl.history.DefaultHistoryManager  - Current history level: NONE, level required: FULL
10:48:05,065 [main] DEBUG org.activiti.engine.impl.history.DefaultHistoryManager  - Current history level: NONE, level required: ACTIVITY
10:48:05,065 [main] DEBUG org.activiti.engine.impl.history.DefaultHistoryManager  - Current history level: NONE, level required: FULL
10:48:05,065 [main] DEBUG org.activiti.engine.impl.history.DefaultHistoryManager  - Current history level: NONE, level required: ACTIVITY
10:48:05,065 [main] DEBUG org.activiti.engine.impl.history.DefaultHistoryManager  - Current history level: NONE, level required: FULL
10:48:05,065 [main] DEBUG org.activiti.engine.impl.history.DefaultHistoryManager  - Current history level: NONE, level required: ACTIVITY
10:48:05,065 [main] DEBUG org.activiti.engine.impl.history.DefaultHistoryManager  - Current history level: NONE, level required: FULL
10:48:05,065 [main] DEBUG org.activiti.engine.impl.history.DefaultHistoryManager  - Current history level: NONE, level required: ACTIVITY
10:48:05,065 [main] DEBUG org.activiti.engine.impl.history.DefaultHistoryManager  - Current history level: NONE, level required: FULL
10:48:05,065 [main] DEBUG org.activiti.engine.impl.history.DefaultHistoryManager  - Current history level: NONE, level required: ACTIVITY
10:48:05,065 [main] DEBUG org.activiti.engine.impl.history.DefaultHistoryManager  - Current history level: NONE, level required: FULL
10:48:05,065 [main] DEBUG org.activiti.engine.impl.history.DefaultHistoryManager  - Current history level: NONE, level required: ACTIVITY
10:48:05,065 [main] DEBUG org.activiti.engine.impl.history.DefaultHistoryManager  - Current history level: NONE, level required: FULL
10:48:05,066 [main] DEBUG org.activiti.engine.impl.history.DefaultHistoryManager  - Current history level: NONE, level required: ACTIVITY
10:48:05,066 [main] DEBUG org.activiti.engine.impl.history.DefaultHistoryManager  - Current history level: NONE, level required: FULL
10:48:05,066 [main] DEBUG org.activiti.engine.impl.history.DefaultHistoryManager  - Current history level: NONE, level required: ACTIVITY
10:48:05,066 [main] DEBUG org.activiti.engine.impl.history.DefaultHistoryManager  - Current history level: NONE, level required: FULL
10:48:05,066 [main] DEBUG org.activiti.engine.impl.history.DefaultHistoryManager  - Current history level: NONE, level required: ACTIVITY
10:48:05,066 [main] DEBUG org.activiti.engine.impl.history.DefaultHistoryManager  - Current history level: NONE, level required: FULL
10:48:05,066 [main] DEBUG org.activiti.engine.impl.history.DefaultHistoryManager  - Current history level: NONE, level required: ACTIVITY
10:48:05,066 [main] DEBUG org.activiti.engine.impl.history.DefaultHistoryManager  - Current history level: NONE, level required: FULL
10:48:05,066 [main] DEBUG org.activiti.engine.impl.history.DefaultHistoryManager  - Current history level: NONE, level required: ACTIVITY
10:48:05,066 [main] DEBUG org.activiti.engine.impl.history.DefaultHistoryManager  - Current history level: NONE, level required: FULL
10:48:05,066 [main] DEBUG org.activiti.engine.impl.history.DefaultHistoryManager  - Current history level: NONE, level required: ACTIVITY
10:48:05,066 [main] DEBUG org.activiti.engine.impl.history.DefaultHistoryManager  - Current history level: NONE, level required: FULL
10:48:05,066 [main] DEBUG org.activiti.engine.impl.history.DefaultHistoryManager  - Current history level: NONE, level required: ACTIVITY
10:48:05,066 [main] DEBUG org.activiti.engine.impl.history.DefaultHistoryManager  - Current history level: NONE, level required: FULL
10:48:05,066 [main] DEBUG org.activiti.engine.impl.history.DefaultHistoryManager  - Current history level: NONE, level required: ACTIVITY
10:48:05,066 [main] DEBUG org.activiti.engine.impl.history.DefaultHistoryManager  - Current history level: NONE, level required: FULL
10:48:05,066 [main] DEBUG org.activiti.engine.impl.history.DefaultHistoryManager  - Current history level: NONE, level required: ACTIVITY
10:48:05,066 [main] DEBUG org.activiti.engine.impl.history.DefaultHistoryManager  - Current history level: NONE, level required: FULL
10:48:05,066 [main] DEBUG org.activiti.engine.impl.history.DefaultHistoryManager  - Current history level: NONE, level required: ACTIVITY
10:48:05,066 [main] DEBUG org.activiti.engine.impl.history.DefaultHistoryManager  - Current history level: NONE, level required: FULL
10:48:05,066 [main] DEBUG org.activiti.engine.impl.history.DefaultHistoryManager  - Current history level: NONE, level required: ACTIVITY
10:48:05,066 [main] DEBUG org.activiti.engine.impl.history.DefaultHistoryManager  - Current history level: NONE, level required: FULL
10:48:05,066 [main] DEBUG org.activiti.engine.impl.history.DefaultHistoryManager  - Current history level: NONE, level required: ACTIVITY
10:48:05,066 [main] DEBUG org.activiti.engine.impl.history.DefaultHistoryManager  - Current history level: NONE, level required: FULL
10:48:05,066 [main] DEBUG org.activiti.engine.impl.history.DefaultHistoryManager  - Current history level: NONE, level required: ACTIVITY
10:48:05,066 [main] DEBUG org.activiti.engine.impl.history.DefaultHistoryManager  - Current history level: NONE, level required: FULL
10:48:05,066 [main] DEBUG org.activiti.engine.impl.history.DefaultHistoryManager  - Current history level: NONE, level required: ACTIVITY
10:48:05,066 [main] DEBUG org.activiti.engine.impl.history.DefaultHistoryManager  - Current history level: NONE, level required: FULL
10:48:05,066 [main] DEBUG org.activiti.engine.impl.history.DefaultHistoryManager  - Current history level: NONE, level required: ACTIVITY
10:48:05,066 [main] DEBUG org.activiti.engine.impl.history.DefaultHistoryManager  - Current history level: NONE, level required: FULL
10:48:05,066 [main] DEBUG org.activiti.engine.impl.history.DefaultHistoryManager  - Current history level: NONE, level required: ACTIVITY
10:48:05,066 [main] DEBUG org.activiti.engine.impl.history.DefaultHistoryManager  - Current history level: NONE, level required: FULL
10:48:05,066 [main] DEBUG org.activiti.engine.impl.history.DefaultHistoryManager  - Current history level: NONE, level required: ACTIVITY
10:48:05,066 [main] DEBUG org.activiti.engine.impl.history.DefaultHistoryManager  - Current history level: NONE, level required: FULL
10:48:05,066 [main] DEBUG org.activiti.engine.impl.history.DefaultHistoryManager  - Current history level: NONE, level required: ACTIVITY
10:48:05,066 [main] DEBUG org.activiti.engine.impl.history.DefaultHistoryManager  - Current history level: NONE, level required: FULL
10:48:05,066 [main] DEBUG org.activiti.engine.impl.history.DefaultHistoryManager  - Current history level: NONE, level required: ACTIVITY
10:48:05,066 [main] DEBUG org.activiti.engine.impl.history.DefaultHistoryManager  - Current history level: NONE, level required: FULL
10:48:05,066 [main] DEBUG org.activiti.engine.impl.history.DefaultHistoryManager  - Current history level: NONE, level required: ACTIVITY
10:48:05,066 [main] DEBUG org.activiti.engine.impl.history.DefaultHistoryManager  - Current history level: NONE, level required: FULL
10:48:05,066 [main] DEBUG org.activiti.engine.impl.history.DefaultHistoryManager  - Current history level: NONE, level required: ACTIVITY
10:48:05,066 [main] DEBUG org.activiti.engine.impl.history.DefaultHistoryManager  - Current history level: NONE, level required: FULL
10:48:05,066 [main] DEBUG org.activiti.engine.impl.history.DefaultHistoryManager  - Current history level: NONE, level required: ACTIVITY
10:48:05,066 [main] DEBUG org.activiti.engine.impl.history.DefaultHistoryManager  - Current history level: NONE, level required: FULL
10:48:05,066 [main] DEBUG org.activiti.engine.impl.history.DefaultHistoryManager  - Current history level: NONE, level required: ACTIVITY
10:48:05,066 [main] DEBUG org.activiti.engine.impl.history.DefaultHistoryManager  - Current history level: NONE, level required: FULL
10:48:05,066 [main] DEBUG org.activiti.engine.impl.history.DefaultHistoryManager  - Current history level: NONE, level required: ACTIVITY
10:48:05,066 [main] DEBUG org.activiti.engine.impl.history.DefaultHistoryManager  - Current history level: NONE, level required: FULL
10:48:05,067 [main] DEBUG org.activiti.engine.impl.history.DefaultHistoryManager  - Current history level: NONE, level required: ACTIVITY
10:48:05,067 [main] DEBUG org.activiti.engine.impl.history.DefaultHistoryManager  - Current history level: NONE, level required: FULL
10:48:05,067 [main] DEBUG org.activiti.engine.impl.history.DefaultHistoryManager  - Current history level: NONE, level required: ACTIVITY
10:48:05,067 [main] DEBUG org.activiti.engine.impl.history.DefaultHistoryManager  - Current history level: NONE, level required: FULL
10:48:05,067 [main] DEBUG org.activiti.engine.impl.history.DefaultHistoryManager  - Current history level: NONE, level required: ACTIVITY
10:48:05,067 [main] DEBUG org.activiti.engine.impl.history.DefaultHistoryManager  - Current history level: NONE, level required: FULL
10:48:05,067 [main] DEBUG org.activiti.engine.impl.history.DefaultHistoryManager  - Current history level: NONE, level required: ACTIVITY
10:48:05,067 [main] DEBUG org.activiti.engine.impl.history.DefaultHistoryManager  - Current history level: NONE, level required: FULL
10:48:05,067 [main] DEBUG org.activiti.engine.impl.history.DefaultHistoryManager  - Current history level: NONE, level required: ACTIVITY
10:48:05,067 [main] DEBUG org.activiti.engine.impl.history.DefaultHistoryManager  - Current history level: NONE, level required: FULL
10:48:05,067 [main] DEBUG org.activiti.engine.impl.history.DefaultHistoryManager  - Current history level: NONE, level required: ACTIVITY
10:48:05,067 [main] DEBUG org.activiti.engine.impl.history.DefaultHistoryManager  - Current history level: NONE, level required: FULL
10:48:05,067 [main] DEBUG org.activiti.engine.impl.history.DefaultHistoryManager  - Current history level: NONE, level required: ACTIVITY
10:48:05,067 [main] DEBUG org.activiti.engine.impl.history.DefaultHistoryManager  - Current history level: NONE, level required: FULL
10:48:05,067 [main] DEBUG org.activiti.engine.impl.history.DefaultHistoryManager  - Current history level: NONE, level required: ACTIVITY
10:48:05,067 [main] DEBUG org.activiti.engine.impl.history.DefaultHistoryManager  - Current history level: NONE, level required: FULL
10:48:05,067 [main] DEBUG org.activiti.engine.impl.history.DefaultHistoryManager  - Current history level: NONE, level required: ACTIVITY
10:48:05,067 [main] DEBUG org.activiti.engine.impl.history.DefaultHistoryManager  - Current history level: NONE, level required: FULL
10:48:05,067 [main] DEBUG org.activiti.engine.impl.history.DefaultHistoryManager  - Current history level: NONE, level required: ACTIVITY
10:48:05,067 [main] DEBUG org.activiti.engine.impl.history.DefaultHistoryManager  - Current history level: NONE, level required: FULL
10:48:05,067 [main] DEBUG org.activiti.engine.impl.history.DefaultHistoryManager  - Current history level: NONE, level required: ACTIVITY
10:48:05,067 [main] DEBUG org.activiti.engine.impl.history.DefaultHistoryManager  - Current history level: NONE, level required: FULL
10:48:05,067 [main] DEBUG org.activiti.engine.impl.history.DefaultHistoryManager  - Current history level: NONE, level required: ACTIVITY
10:48:05,067 [main] DEBUG org.activiti.engine.impl.history.DefaultHistoryManager  - Current history level: NONE, level required: FULL
10:48:05,067 [main] DEBUG org.activiti.engine.impl.history.DefaultHistoryManager  - Current history level: NONE, level required: ACTIVITY
10:48:05,067 [main] DEBUG org.activiti.engine.impl.history.DefaultHistoryManager  - Current history level: NONE, level required: FULL
10:48:05,067 [main] DEBUG org.activiti.engine.impl.history.DefaultHistoryManager  - Current history level: NONE, level required: ACTIVITY
10:48:05,067 [main] DEBUG org.activiti.engine.impl.history.DefaultHistoryManager  - Current history level: NONE, level required: FULL
10:48:05,067 [main] DEBUG org.activiti.engine.impl.history.DefaultHistoryManager  - Current history level: NONE, level required: ACTIVITY
10:48:05,067 [main] DEBUG org.activiti.engine.impl.history.DefaultHistoryManager  - Current history level: NONE, level required: FULL
10:48:05,067 [main] DEBUG org.activiti.engine.impl.history.DefaultHistoryManager  - Current history level: NONE, level required: ACTIVITY
10:48:05,067 [main] DEBUG org.activiti.engine.impl.history.DefaultHistoryManager  - Current history level: NONE, level required: FULL
10:48:05,067 [main] DEBUG org.activiti.engine.impl.history.DefaultHistoryManager  - Current history level: NONE, level required: ACTIVITY
10:48:05,067 [main] DEBUG org.activiti.engine.impl.history.DefaultHistoryManager  - Current history level: NONE, level required: FULL
10:48:05,067 [main] DEBUG org.activiti.engine.impl.history.DefaultHistoryManager  - Current history level: NONE, level required: ACTIVITY
10:48:05,067 [main] DEBUG org.activiti.engine.impl.history.DefaultHistoryManager  - Current history level: NONE, level required: FULL
10:48:05,067 [main] DEBUG org.activiti.engine.impl.history.DefaultHistoryManager  - Current history level: NONE, level required: ACTIVITY
10:48:05,067 [main] DEBUG org.activiti.engine.impl.history.DefaultHistoryManager  - Current history level: NONE, level required: FULL
10:48:05,067 [main] DEBUG org.activiti.engine.impl.history.DefaultHistoryManager  - Current history level: NONE, level required: ACTIVITY
10:48:05,068 [main] DEBUG org.activiti.engine.impl.history.DefaultHistoryManager  - Current history level: NONE, level required: FULL
10:48:05,068 [main] DEBUG org.activiti.engine.impl.history.DefaultHistoryManager  - Current history level: NONE, level required: ACTIVITY
10:48:05,068 [main] DEBUG org.activiti.engine.impl.history.DefaultHistoryManager  - Current history level: NONE, level required: FULL
10:48:05,068 [main] DEBUG org.activiti.engine.impl.history.DefaultHistoryManager  - Current history level: NONE, level required: ACTIVITY
10:48:05,068 [main] DEBUG org.activiti.engine.impl.history.DefaultHistoryManager  - Current history level: NONE, level required: FULL
10:48:05,068 [main] DEBUG org.activiti.engine.impl.history.DefaultHistoryManager  - Current history level: NONE, level required: ACTIVITY
10:48:05,068 [main] DEBUG org.activiti.engine.impl.history.DefaultHistoryManager  - Current history level: NONE, level required: FULL
10:48:05,068 [main] DEBUG org.activiti.engine.impl.history.DefaultHistoryManager  - Current history level: NONE, level required: ACTIVITY
10:48:05,068 [main] DEBUG org.activiti.engine.impl.history.DefaultHistoryManager  - Current history level: NONE, level required: FULL
10:48:05,068 [main] DEBUG org.activiti.engine.impl.history.DefaultHistoryManager  - Current history level: NONE, level required: ACTIVITY
10:48:05,068 [main] DEBUG org.activiti.engine.impl.history.DefaultHistoryManager  - Current history level: NONE, level required: FULL
10:48:05,068 [main] DEBUG org.activiti.engine.impl.history.DefaultHistoryManager  - Current history level: NONE, level required: ACTIVITY
10:48:05,068 [main] DEBUG org.activiti.engine.impl.history.DefaultHistoryManager  - Current history level: NONE, level required: FULL
10:48:05,068 [main] DEBUG org.activiti.engine.impl.history.DefaultHistoryManager  - Current history level: NONE, level required: ACTIVITY
10:48:05,068 [main] DEBUG org.activiti.engine.impl.history.DefaultHistoryManager  - Current history level: NONE, level required: FULL
10:48:05,068 [main] DEBUG org.activiti.engine.impl.history.DefaultHistoryManager  - Current history level: NONE, level required: ACTIVITY
10:48:05,068 [main] DEBUG org.activiti.engine.impl.history.DefaultHistoryManager  - Current history level: NONE, level required: FULL
10:48:05,068 [main] DEBUG org.activiti.engine.impl.history.DefaultHistoryManager  - Current history level: NONE, level required: ACTIVITY
10:48:05,068 [main] DEBUG org.activiti.engine.impl.history.DefaultHistoryManager  - Current history level: NONE, level required: FULL
10:48:05,068 [main] DEBUG org.activiti.engine.impl.history.DefaultHistoryManager  - Current history level: NONE, level required: ACTIVITY
10:48:05,068 [main] DEBUG org.activiti.engine.impl.history.DefaultHistoryManager  - Current history level: NONE, level required: FULL
10:48:05,068 [main] DEBUG org.activiti.engine.impl.history.DefaultHistoryManager  - Current history level: NONE, level required: ACTIVITY
10:48:05,068 [main] DEBUG org.activiti.engine.impl.history.DefaultHistoryManager  - Current history level: NONE, level required: FULL
10:48:05,068 [main] DEBUG org.activiti.engine.impl.history.DefaultHistoryManager  - Current history level: NONE, level required: ACTIVITY
10:48:05,068 [main] DEBUG org.activiti.engine.impl.history.DefaultHistoryManager  - Current history level: NONE, level required: FULL
10:48:05,068 [main] DEBUG org.activiti.engine.impl.history.DefaultHistoryManager  - Current history level: NONE, level required: ACTIVITY
10:48:05,068 [main] DEBUG org.activiti.engine.impl.history.DefaultHistoryManager  - Current history level: NONE, level required: FULL
10:48:05,068 [main] DEBUG org.activiti.engine.impl.history.DefaultHistoryManager  - Current history level: NONE, level required: ACTIVITY
10:48:05,068 [main] DEBUG org.activiti.engine.impl.history.DefaultHistoryManager  - Current history level: NONE, level required: FULL
10:48:05,068 [main] DEBUG org.activiti.engine.impl.history.DefaultHistoryManager  - Current history level: NONE, level required: ACTIVITY
10:48:05,068 [main] DEBUG org.activiti.engine.impl.history.DefaultHistoryManager  - Current history level: NONE, level required: FULL
10:48:05,068 [main] DEBUG org.activiti.engine.impl.history.DefaultHistoryManager  - Current history level: NONE, level required: ACTIVITY
10:48:05,068 [main] DEBUG org.activiti.engine.impl.history.DefaultHistoryManager  - Current history level: NONE, level required: FULL
10:48:05,068 [main] DEBUG org.activiti.engine.impl.history.DefaultHistoryManager  - Current history level: NONE, level required: ACTIVITY
10:48:05,068 [main] DEBUG org.activiti.engine.impl.history.DefaultHistoryManager  - Current history level: NONE, level required: FULL
10:48:05,068 [main] DEBUG org.activiti.engine.impl.history.DefaultHistoryManager  - Current history level: NONE, level required: ACTIVITY
10:48:05,068 [main] DEBUG org.activiti.engine.impl.history.DefaultHistoryManager  - Current history level: NONE, level required: FULL
10:48:05,068 [main] DEBUG org.activiti.engine.impl.history.DefaultHistoryManager  - Current history level: NONE, level required: ACTIVITY
10:48:05,068 [main] DEBUG org.activiti.engine.impl.history.DefaultHistoryManager  - Current history level: NONE, level required: FULL
10:48:05,068 [main] DEBUG org.activiti.engine.impl.history.DefaultHistoryManager  - Current history level: NONE, level required: ACTIVITY
10:48:05,068 [main] DEBUG org.activiti.engine.impl.history.DefaultHistoryManager  - Current history level: NONE, level required: FULL
10:48:05,068 [main] DEBUG org.activiti.engine.impl.history.DefaultHistoryManager  - Current history level: NONE, level required: ACTIVITY
10:48:05,068 [main] DEBUG org.activiti.engine.impl.history.DefaultHistoryManager  - Current history level: NONE, level required: FULL
10:48:05,068 [main] DEBUG org.activiti.engine.impl.history.DefaultHistoryManager  - Current history level: NONE, level required: ACTIVITY
10:48:05,068 [main] DEBUG org.activiti.engine.impl.history.DefaultHistoryManager  - Current history level: NONE, level required: FULL
10:48:05,068 [main] DEBUG org.activiti.engine.impl.history.DefaultHistoryManager  - Current history level: NONE, level required: ACTIVITY
10:48:05,068 [main] DEBUG org.activiti.engine.impl.history.DefaultHistoryManager  - Current history level: NONE, level required: FULL
10:48:05,068 [main] DEBUG org.activiti.engine.impl.history.DefaultHistoryManager  - Current history level: NONE, level required: ACTIVITY
10:48:05,068 [main] DEBUG org.activiti.engine.impl.history.DefaultHistoryManager  - Current history level: NONE, level required: FULL
10:48:05,068 [main] DEBUG org.activiti.engine.impl.history.DefaultHistoryManager  - Current history level: NONE, level required: ACTIVITY
10:48:05,068 [main] DEBUG org.activiti.engine.impl.history.DefaultHistoryManager  - Current history level: NONE, level required: FULL
10:48:05,068 [main] DEBUG org.activiti.engine.impl.history.DefaultHistoryManager  - Current history level: NONE, level required: ACTIVITY
10:48:05,068 [main] DEBUG org.activiti.engine.impl.history.DefaultHistoryManager  - Current history level: NONE, level required: FULL
10:48:05,068 [main] DEBUG org.activiti.engine.impl.history.DefaultHistoryManager  - Current history level: NONE, level required: ACTIVITY
10:48:05,068 [main] DEBUG org.activiti.engine.impl.history.DefaultHistoryManager  - Current history level: NONE, level required: FULL
10:48:05,068 [main] DEBUG org.activiti.engine.impl.history.DefaultHistoryManager  - Current history level: NONE, level required: ACTIVITY
10:48:05,068 [main] DEBUG org.activiti.engine.impl.history.DefaultHistoryManager  - Current history level: NONE, level required: FULL
10:48:05,068 [main] DEBUG org.activiti.engine.impl.history.DefaultHistoryManager  - Current history level: NONE, level required: ACTIVITY
10:48:05,068 [main] DEBUG org.activiti.engine.impl.history.DefaultHistoryManager  - Current history level: NONE, level required: FULL
10:48:05,068 [main] DEBUG org.activiti.engine.impl.history.DefaultHistoryManager  - Current history level: NONE, level required: ACTIVITY
10:48:05,068 [main] DEBUG org.activiti.engine.impl.history.DefaultHistoryManager  - Current history level: NONE, level required: FULL
10:48:05,068 [main] DEBUG org.activiti.engine.impl.history.DefaultHistoryManager  - Current history level: NONE, level required: ACTIVITY
10:48:05,068 [main] DEBUG org.activiti.engine.impl.history.DefaultHistoryManager  - Current history level: NONE, level required: FULL
10:48:05,068 [main] DEBUG org.activiti.engine.impl.history.DefaultHistoryManager  - Current history level: NONE, level required: ACTIVITY
10:48:05,068 [main] DEBUG org.activiti.engine.impl.history.DefaultHistoryManager  - Current history level: NONE, level required: FULL
10:48:05,068 [main] DEBUG org.activiti.engine.impl.history.DefaultHistoryManager  - Current history level: NONE, level required: ACTIVITY
10:48:05,068 [main] DEBUG org.activiti.engine.impl.history.DefaultHistoryManager  - Current history level: NONE, level required: FULL
10:48:05,068 [main] DEBUG org.activiti.engine.impl.history.DefaultHistoryManager  - Current history level: NONE, level required: ACTIVITY
10:48:05,068 [main] DEBUG org.activiti.engine.impl.history.DefaultHistoryManager  - Current history level: NONE, level required: FULL
10:48:05,068 [main] DEBUG org.activiti.engine.impl.history.DefaultHistoryManager  - Current history level: NONE, level required: ACTIVITY
10:48:05,068 [main] DEBUG org.activiti.engine.impl.history.DefaultHistoryManager  - Current history level: NONE, level required: FULL
10:48:05,068 [main] DEBUG org.activiti.engine.impl.history.DefaultHistoryManager  - Current history level: NONE, level required: ACTIVITY
10:48:05,070 [main] DEBUG org.activiti.engine.impl.history.DefaultHistoryManager  - Current history level: NONE, level required: FULL
10:48:05,070 [main] DEBUG org.activiti.engine.impl.history.DefaultHistoryManager  - Current history level: NONE, level required: ACTIVITY
10:48:05,070 [main] DEBUG org.activiti.engine.impl.history.DefaultHistoryManager  - Current history level: NONE, level required: FULL
10:48:05,070 [main] DEBUG org.activiti.engine.impl.history.DefaultHistoryManager  - Current history level: NONE, level required: ACTIVITY
10:48:05,070 [main] DEBUG org.activiti.engine.impl.history.DefaultHistoryManager  - Current history level: NONE, level required: FULL
10:48:05,070 [main] DEBUG org.activiti.engine.impl.history.DefaultHistoryManager  - Current history level: NONE, level required: ACTIVITY
10:48:05,070 [main] DEBUG org.activiti.engine.impl.history.DefaultHistoryManager  - Current history level: NONE, level required: FULL
10:48:05,070 [main] DEBUG org.activiti.engine.impl.history.DefaultHistoryManager  - Current history level: NONE, level required: ACTIVITY
10:48:05,070 [main] DEBUG org.activiti.engine.impl.history.DefaultHistoryManager  - Current history level: NONE, level required: FULL
10:48:05,070 [main] DEBUG org.activiti.engine.impl.history.DefaultHistoryManager  - Current history level: NONE, level required: ACTIVITY
10:48:05,070 [main] DEBUG org.activiti.engine.impl.history.DefaultHistoryManager  - Current history level: NONE, level required: FULL
10:48:05,070 [main] DEBUG org.activiti.engine.impl.history.DefaultHistoryManager  - Current history level: NONE, level required: ACTIVITY
10:48:05,070 [main] DEBUG org.activiti.engine.impl.history.DefaultHistoryManager  - Current history level: NONE, level required: FULL
10:48:05,070 [main] DEBUG org.activiti.engine.impl.history.DefaultHistoryManager  - Current history level: NONE, level required: ACTIVITY
10:48:05,070 [main] DEBUG org.activiti.engine.impl.history.DefaultHistoryManager  - Current history level: NONE, level required: FULL
10:48:05,070 [main] DEBUG org.activiti.engine.impl.history.DefaultHistoryManager  - Current history level: NONE, level required: ACTIVITY
10:48:05,070 [main] DEBUG org.activiti.engine.impl.history.DefaultHistoryManager  - Current history level: NONE, level required: FULL
10:48:05,070 [main] DEBUG org.activiti.engine.impl.history.DefaultHistoryManager  - Current history level: NONE, level required: ACTIVITY
10:48:05,070 [main] DEBUG org.activiti.engine.impl.history.DefaultHistoryManager  - Current history level: NONE, level required: FULL
10:48:05,070 [main] DEBUG org.activiti.engine.impl.history.DefaultHistoryManager  - Current history level: NONE, level required: ACTIVITY
10:48:05,070 [main] DEBUG org.activiti.engine.impl.history.DefaultHistoryManager  - Current history level: NONE, level required: FULL
10:48:05,070 [main] DEBUG org.activiti.engine.impl.history.DefaultHistoryManager  - Current history level: NONE, level required: ACTIVITY
10:48:05,070 [main] DEBUG org.activiti.engine.impl.history.DefaultHistoryManager  - Current history level: NONE, level required: FULL
10:48:05,070 [main] DEBUG org.activiti.engine.impl.history.DefaultHistoryManager  - Current history level: NONE, level required: ACTIVITY
10:48:05,070 [main] DEBUG org.activiti.engine.impl.history.DefaultHistoryManager  - Current history level: NONE, level required: FULL
10:48:05,070 [main] DEBUG org.activiti.engine.impl.history.DefaultHistoryManager  - Current history level: NONE, level required: ACTIVITY
10:48:05,070 [main] DEBUG org.activiti.engine.impl.history.DefaultHistoryManager  - Current history level: NONE, level required: FULL
10:48:05,070 [main] DEBUG org.activiti.engine.impl.history.DefaultHistoryManager  - Current history level: NONE, level required: ACTIVITY
10:48:05,070 [main] DEBUG org.activiti.engine.impl.history.DefaultHistoryManager  - Current history level: NONE, level required: FULL
10:48:05,070 [main] DEBUG org.activiti.engine.impl.history.DefaultHistoryManager  - Current history level: NONE, level required: ACTIVITY
10:48:05,070 [main] DEBUG org.activiti.engine.impl.history.DefaultHistoryManager  - Current history level: NONE, level required: FULL
10:48:05,070 [main] DEBUG org.activiti.engine.impl.history.DefaultHistoryManager  - Current history level: NONE, level required: ACTIVITY
10:48:05,070 [main] DEBUG org.activiti.engine.impl.history.DefaultHistoryManager  - Current history level: NONE, level required: FULL
10:48:05,070 [main] DEBUG org.activiti.engine.impl.history.DefaultHistoryManager  - Current history level: NONE, level required: ACTIVITY
10:48:05,070 [main] DEBUG org.activiti.engine.impl.history.DefaultHistoryManager  - Current history level: NONE, level required: FULL
10:48:05,070 [main] DEBUG org.activiti.engine.impl.history.DefaultHistoryManager  - Current history level: NONE, level required: ACTIVITY
10:48:05,070 [main] DEBUG org.activiti.engine.impl.history.DefaultHistoryManager  - Current history level: NONE, level required: FULL
10:48:05,070 [main] DEBUG org.activiti.engine.impl.history.DefaultHistoryManager  - Current history level: NONE, level required: ACTIVITY
10:48:05,070 [main] DEBUG org.activiti.engine.impl.history.DefaultHistoryManager  - Current history level: NONE, level required: FULL
10:48:05,070 [main] DEBUG org.activiti.engine.impl.history.DefaultHistoryManager  - Current history level: NONE, level required: ACTIVITY
10:48:05,070 [main] DEBUG org.activiti.engine.impl.history.DefaultHistoryManager  - Current history level: NONE, level required: FULL
10:48:05,070 [main] DEBUG org.activiti.engine.impl.history.DefaultHistoryManager  - Current history level: NONE, level required: ACTIVITY
10:48:05,070 [main] DEBUG org.activiti.engine.impl.history.DefaultHistoryManager  - Current history level: NONE, level required: FULL
10:48:05,070 [main] DEBUG org.activiti.engine.impl.history.DefaultHistoryManager  - Current history level: NONE, level required: ACTIVITY
10:48:05,070 [main] DEBUG org.activiti.engine.impl.history.DefaultHistoryManager  - Current history level: NONE, level required: FULL
10:48:05,071 [main] DEBUG org.activiti.engine.impl.history.DefaultHistoryManager  - Current history level: NONE, level required: ACTIVITY
10:48:05,071 [main] DEBUG org.activiti.engine.impl.history.DefaultHistoryManager  - Current history level: NONE, level required: FULL
10:48:05,071 [main] DEBUG org.activiti.engine.impl.history.DefaultHistoryManager  - Current history level: NONE, level required: ACTIVITY
10:48:05,071 [main] DEBUG org.activiti.engine.impl.history.DefaultHistoryManager  - Current history level: NONE, level required: FULL
10:48:05,071 [main] DEBUG org.activiti.engine.impl.history.DefaultHistoryManager  - Current history level: NONE, level required: ACTIVITY
10:48:05,071 [main] DEBUG org.activiti.engine.impl.history.DefaultHistoryManager  - Current history level: NONE, level required: FULL
10:48:05,071 [main] DEBUG org.activiti.engine.impl.history.DefaultHistoryManager  - Current history level: NONE, level required: ACTIVITY
10:48:05,071 [main] DEBUG org.activiti.engine.impl.history.DefaultHistoryManager  - Current history level: NONE, level required: FULL
10:48:05,071 [main] DEBUG org.activiti.engine.impl.history.DefaultHistoryManager  - Current history level: NONE, level required: ACTIVITY
10:48:05,071 [main] DEBUG org.activiti.engine.impl.history.DefaultHistoryManager  - Current history level: NONE, level required: FULL
10:48:05,071 [main] DEBUG org.activiti.engine.impl.history.DefaultHistoryManager  - Current history level: NONE, level required: ACTIVITY
10:48:05,071 [main] DEBUG org.activiti.engine.impl.history.DefaultHistoryManager  - Current history level: NONE, level required: FULL
10:48:05,071 [main] DEBUG org.activiti.engine.impl.history.DefaultHistoryManager  - Current history level: NONE, level required: ACTIVITY
10:48:05,071 [main] DEBUG org.activiti.engine.impl.history.DefaultHistoryManager  - Current history level: NONE, level required: FULL
10:48:05,071 [main] DEBUG org.activiti.engine.impl.history.DefaultHistoryManager  - Current history level: NONE, level required: ACTIVITY
10:48:05,071 [main] DEBUG org.activiti.engine.impl.history.DefaultHistoryManager  - Current history level: NONE, level required: FULL
10:48:05,071 [main] DEBUG org.activiti.engine.impl.history.DefaultHistoryManager  - Current history level: NONE, level required: ACTIVITY
10:48:05,071 [main] DEBUG org.activiti.engine.impl.history.DefaultHistoryManager  - Current history level: NONE, level required: FULL
10:48:05,071 [main] DEBUG org.activiti.engine.impl.history.DefaultHistoryManager  - Current history level: NONE, level required: ACTIVITY
10:48:05,071 [main] DEBUG org.activiti.engine.impl.history.DefaultHistoryManager  - Current history level: NONE, level required: FULL
10:48:05,071 [main] DEBUG org.activiti.engine.impl.history.DefaultHistoryManager  - Current history level: NONE, level required: ACTIVITY
10:48:05,071 [main] DEBUG org.activiti.engine.impl.history.DefaultHistoryManager  - Current history level: NONE, level required: FULL
10:48:05,071 [main] DEBUG org.activiti.engine.impl.history.DefaultHistoryManager  - Current history level: NONE, level required: ACTIVITY
10:48:05,071 [main] DEBUG org.activiti.engine.impl.history.DefaultHistoryManager  - Current history level: NONE, level required: FULL
10:48:05,071 [main] DEBUG org.activiti.engine.impl.history.DefaultHistoryManager  - Current history level: NONE, level required: ACTIVITY
10:48:05,071 [main] DEBUG org.activiti.engine.impl.history.DefaultHistoryManager  - Current history level: NONE, level required: FULL
10:48:05,071 [main] DEBUG org.activiti.engine.impl.history.DefaultHistoryManager  - Current history level: NONE, level required: ACTIVITY
10:48:05,071 [main] DEBUG org.activiti.engine.impl.history.DefaultHistoryManager  - Current history level: NONE, level required: FULL
10:48:05,071 [main] DEBUG org.activiti.engine.impl.history.DefaultHistoryManager  - Current history level: NONE, level required: ACTIVITY
10:48:05,071 [main] DEBUG org.activiti.engine.impl.history.DefaultHistoryManager  - Current history level: NONE, level required: FULL
10:48:05,071 [main] DEBUG org.activiti.engine.impl.history.DefaultHistoryManager  - Current history level: NONE, level required: ACTIVITY
10:48:05,071 [main] DEBUG org.activiti.engine.impl.history.DefaultHistoryManager  - Current history level: NONE, level required: FULL
10:48:05,071 [main] DEBUG org.activiti.engine.impl.history.DefaultHistoryManager  - Current history level: NONE, level required: ACTIVITY
10:48:05,071 [main] DEBUG org.activiti.engine.impl.history.DefaultHistoryManager  - Current history level: NONE, level required: FULL
10:48:05,071 [main] DEBUG org.activiti.engine.impl.history.DefaultHistoryManager  - Current history level: NONE, level required: ACTIVITY
10:48:05,071 [main] DEBUG org.activiti.engine.impl.history.DefaultHistoryManager  - Current history level: NONE, level required: FULL
10:48:05,071 [main] DEBUG org.activiti.engine.impl.history.DefaultHistoryManager  - Current history level: NONE, level required: ACTIVITY
10:48:05,071 [main] DEBUG org.activiti.engine.impl.history.DefaultHistoryManager  - Current history level: NONE, level required: FULL
10:48:05,071 [main] DEBUG org.activiti.engine.impl.history.DefaultHistoryManager  - Current history level: NONE, level required: ACTIVITY
10:48:05,071 [main] DEBUG org.activiti.engine.impl.history.DefaultHistoryManager  - Current history level: NONE, level required: FULL
10:48:05,071 [main] DEBUG org.activiti.engine.impl.history.DefaultHistoryManager  - Current history level: NONE, level required: ACTIVITY
10:48:05,071 [main] DEBUG org.activiti.engine.impl.history.DefaultHistoryManager  - Current history level: NONE, level required: FULL
10:48:05,071 [main] DEBUG org.activiti.engine.impl.history.DefaultHistoryManager  - Current history level: NONE, level required: ACTIVITY
10:48:05,071 [main] DEBUG org.activiti.engine.impl.history.DefaultHistoryManager  - Current history level: NONE, level required: FULL
10:48:05,071 [main] DEBUG org.activiti.engine.impl.history.DefaultHistoryManager  - Current history level: NONE, level required: ACTIVITY
10:48:05,071 [main] DEBUG org.activiti.engine.impl.history.DefaultHistoryManager  - Current history level: NONE, level required: FULL
10:48:05,071 [main] DEBUG org.activiti.engine.impl.history.DefaultHistoryManager  - Current history level: NONE, level required: ACTIVITY
10:48:05,071 [main] DEBUG org.activiti.engine.impl.history.DefaultHistoryManager  - Current history level: NONE, level required: FULL
10:48:05,071 [main] DEBUG org.activiti.engine.impl.history.DefaultHistoryManager  - Current history level: NONE, level required: ACTIVITY
10:48:05,071 [main] DEBUG org.activiti.engine.impl.history.DefaultHistoryManager  - Current history level: NONE, level required: FULL
10:48:05,071 [main] DEBUG org.activiti.engine.impl.history.DefaultHistoryManager  - Current history level: NONE, level required: ACTIVITY
10:48:05,071 [main] DEBUG org.activiti.engine.impl.history.DefaultHistoryManager  - Current history level: NONE, level required: FULL
10:48:05,071 [main] DEBUG org.activiti.engine.impl.history.DefaultHistoryManager  - Current history level: NONE, level required: ACTIVITY
10:48:05,071 [main] DEBUG org.activiti.engine.impl.history.DefaultHistoryManager  - Current history level: NONE, level required: FULL
10:48:05,071 [main] DEBUG org.activiti.engine.impl.history.DefaultHistoryManager  - Current history level: NONE, level required: ACTIVITY
10:48:05,071 [main] DEBUG org.activiti.engine.impl.history.DefaultHistoryManager  - Current history level: NONE, level required: FULL
10:48:05,071 [main] DEBUG org.activiti.engine.impl.history.DefaultHistoryManager  - Current history level: NONE, level required: ACTIVITY
10:48:05,071 [main] DEBUG org.activiti.engine.impl.history.DefaultHistoryManager  - Current history level: NONE, level required: FULL
10:48:05,071 [main] DEBUG org.activiti.engine.impl.history.DefaultHistoryManager  - Current history level: NONE, level required: ACTIVITY
10:48:05,071 [main] DEBUG org.activiti.engine.impl.history.DefaultHistoryManager  - Current history level: NONE, level required: FULL
10:48:05,071 [main] DEBUG org.activiti.engine.impl.history.DefaultHistoryManager  - Current history level: NONE, level required: ACTIVITY
10:48:05,072 [main] DEBUG org.activiti.engine.impl.history.DefaultHistoryManager  - Current history level: NONE, level required: FULL
10:48:05,072 [main] DEBUG org.activiti.engine.impl.history.DefaultHistoryManager  - Current history level: NONE, level required: ACTIVITY
10:48:05,072 [main] DEBUG org.activiti.engine.impl.history.DefaultHistoryManager  - Current history level: NONE, level required: FULL
10:48:05,072 [main] DEBUG org.activiti.engine.impl.history.DefaultHistoryManager  - Current history level: NONE, level required: ACTIVITY
10:48:05,072 [main] DEBUG org.activiti.engine.impl.history.DefaultHistoryManager  - Current history level: NONE, level required: FULL
10:48:05,072 [main] DEBUG org.activiti.engine.impl.history.DefaultHistoryManager  - Current history level: NONE, level required: ACTIVITY
10:48:05,072 [main] DEBUG org.activiti.engine.impl.history.DefaultHistoryManager  - Current history level: NONE, level required: FULL
10:48:05,072 [main] DEBUG org.activiti.engine.impl.history.DefaultHistoryManager  - Current history level: NONE, level required: ACTIVITY
10:48:05,072 [main] DEBUG org.activiti.engine.impl.history.DefaultHistoryManager  - Current history level: NONE, level required: FULL
10:48:05,072 [main] DEBUG org.activiti.engine.impl.history.DefaultHistoryManager  - Current history level: NONE, level required: ACTIVITY
10:48:05,072 [main] DEBUG org.activiti.engine.impl.history.DefaultHistoryManager  - Current history level: NONE, level required: FULL
10:48:05,072 [main] DEBUG org.activiti.engine.impl.history.DefaultHistoryManager  - Current history level: NONE, level required: ACTIVITY
10:48:05,072 [main] DEBUG org.activiti.engine.impl.history.DefaultHistoryManager  - Current history level: NONE, level required: FULL
10:48:05,072 [main] DEBUG org.activiti.engine.impl.history.DefaultHistoryManager  - Current history level: NONE, level required: ACTIVITY
10:48:05,072 [main] DEBUG org.activiti.engine.impl.history.DefaultHistoryManager  - Current history level: NONE, level required: FULL
10:48:05,072 [main] DEBUG org.activiti.engine.impl.history.DefaultHistoryManager  - Current history level: NONE, level required: ACTIVITY
10:48:05,072 [main] DEBUG org.activiti.engine.impl.history.DefaultHistoryManager  - Current history level: NONE, level required: FULL
10:48:05,072 [main] DEBUG org.activiti.engine.impl.history.DefaultHistoryManager  - Current history level: NONE, level required: ACTIVITY
10:48:05,072 [main] DEBUG org.activiti.engine.impl.history.DefaultHistoryManager  - Current history level: NONE, level required: FULL
10:48:05,072 [main] DEBUG org.activiti.engine.impl.history.DefaultHistoryManager  - Current history level: NONE, level required: ACTIVITY
10:48:05,072 [main] DEBUG org.activiti.engine.impl.history.DefaultHistoryManager  - Current history level: NONE, level required: FULL
10:48:05,072 [main] DEBUG org.activiti.engine.impl.history.DefaultHistoryManager  - Current history level: NONE, level required: ACTIVITY
10:48:05,072 [main] DEBUG org.activiti.engine.impl.history.DefaultHistoryManager  - Current history level: NONE, level required: FULL
10:48:05,072 [main] DEBUG org.activiti.engine.impl.history.DefaultHistoryManager  - Current history level: NONE, level required: ACTIVITY
10:48:05,072 [main] DEBUG org.activiti.engine.impl.history.DefaultHistoryManager  - Current history level: NONE, level required: FULL
10:48:05,072 [main] DEBUG org.activiti.engine.impl.history.DefaultHistoryManager  - Current history level: NONE, level required: ACTIVITY
10:48:05,072 [main] DEBUG org.activiti.engine.impl.history.DefaultHistoryManager  - Current history level: NONE, level required: FULL
10:48:05,072 [main] DEBUG org.activiti.engine.impl.history.DefaultHistoryManager  - Current history level: NONE, level required: ACTIVITY
10:48:05,072 [main] DEBUG org.activiti.engine.impl.history.DefaultHistoryManager  - Current history level: NONE, level required: FULL
10:48:05,072 [main] DEBUG org.activiti.engine.impl.history.DefaultHistoryManager  - Current history level: NONE, level required: ACTIVITY
10:48:05,072 [main] DEBUG org.activiti.engine.impl.history.DefaultHistoryManager  - Current history level: NONE, level required: FULL
10:48:05,072 [main] DEBUG org.activiti.engine.impl.history.DefaultHistoryManager  - Current history level: NONE, level required: ACTIVITY
10:48:05,072 [main] DEBUG org.activiti.engine.impl.history.DefaultHistoryManager  - Current history level: NONE, level required: FULL
10:48:05,072 [main] DEBUG org.activiti.engine.impl.history.DefaultHistoryManager  - Current history level: NONE, level required: ACTIVITY
10:48:05,072 [main] DEBUG org.activiti.engine.impl.history.DefaultHistoryManager  - Current history level: NONE, level required: FULL
10:48:05,072 [main] DEBUG org.activiti.engine.impl.history.DefaultHistoryManager  - Current history level: NONE, level required: ACTIVITY
10:48:05,072 [main] DEBUG org.activiti.engine.impl.history.DefaultHistoryManager  - Current history level: NONE, level required: FULL
10:48:05,072 [main] DEBUG org.activiti.engine.impl.history.DefaultHistoryManager  - Current history level: NONE, level required: ACTIVITY
10:48:05,072 [main] DEBUG org.activiti.engine.impl.history.DefaultHistoryManager  - Current history level: NONE, level required: FULL
10:48:05,072 [main] DEBUG org.activiti.engine.impl.history.DefaultHistoryManager  - Current history level: NONE, level required: ACTIVITY
10:48:05,072 [main] DEBUG org.activiti.engine.impl.history.DefaultHistoryManager  - Current history level: NONE, level required: FULL
10:48:05,072 [main] DEBUG org.activiti.engine.impl.history.DefaultHistoryManager  - Current history level: NONE, level required: ACTIVITY
10:48:05,072 [main] DEBUG org.activiti.engine.impl.history.DefaultHistoryManager  - Current history level: NONE, level required: FULL
10:48:05,072 [main] DEBUG org.activiti.engine.impl.history.DefaultHistoryManager  - Current history level: NONE, level required: ACTIVITY
10:48:05,072 [main] DEBUG org.activiti.engine.impl.history.DefaultHistoryManager  - Current history level: NONE, level required: FULL
10:48:05,072 [main] DEBUG org.activiti.engine.impl.history.DefaultHistoryManager  - Current history level: NONE, level required: ACTIVITY
10:48:05,073 [main] DEBUG org.activiti.engine.impl.history.DefaultHistoryManager  - Current history level: NONE, level required: FULL
10:48:05,073 [main] DEBUG org.activiti.engine.impl.history.DefaultHistoryManager  - Current history level: NONE, level required: ACTIVITY
10:48:05,073 [main] DEBUG org.activiti.engine.impl.history.DefaultHistoryManager  - Current history level: NONE, level required: FULL
10:48:05,073 [main] DEBUG org.activiti.engine.impl.history.DefaultHistoryManager  - Current history level: NONE, level required: ACTIVITY
10:48:05,073 [main] DEBUG org.activiti.engine.impl.history.DefaultHistoryManager  - Current history level: NONE, level required: FULL
10:48:05,073 [main] DEBUG org.activiti.engine.impl.history.DefaultHistoryManager  - Current history level: NONE, level required: ACTIVITY
10:48:05,073 [main] DEBUG org.activiti.engine.impl.history.DefaultHistoryManager  - Current history level: NONE, level required: FULL
10:48:05,073 [main] DEBUG org.activiti.engine.impl.history.DefaultHistoryManager  - Current history level: NONE, level required: ACTIVITY
10:48:05,073 [main] DEBUG org.activiti.engine.impl.history.DefaultHistoryManager  - Current history level: NONE, level required: FULL
10:48:05,073 [main] DEBUG org.activiti.engine.impl.history.DefaultHistoryManager  - Current history level: NONE, level required: ACTIVITY
10:48:05,073 [main] DEBUG org.activiti.engine.impl.history.DefaultHistoryManager  - Current history level: NONE, level required: FULL
10:48:05,073 [main] DEBUG org.activiti.engine.impl.history.DefaultHistoryManager  - Current history level: NONE, level required: ACTIVITY
10:48:05,073 [main] DEBUG org.activiti.engine.impl.history.DefaultHistoryManager  - Current history level: NONE, level required: FULL
10:48:05,073 [main] DEBUG org.activiti.engine.impl.history.DefaultHistoryManager  - Current history level: NONE, level required: ACTIVITY
10:48:05,073 [main] DEBUG org.activiti.engine.impl.history.DefaultHistoryManager  - Current history level: NONE, level required: FULL
10:48:05,073 [main] DEBUG org.activiti.engine.impl.history.DefaultHistoryManager  - Current history level: NONE, level required: ACTIVITY
10:48:05,073 [main] DEBUG org.activiti.engine.impl.history.DefaultHistoryManager  - Current history level: NONE, level required: FULL
10:48:05,073 [main] DEBUG org.activiti.engine.impl.history.DefaultHistoryManager  - Current history level: NONE, level required: ACTIVITY
10:48:05,073 [main] DEBUG org.activiti.engine.impl.history.DefaultHistoryManager  - Current history level: NONE, level required: FULL
10:48:05,073 [main] DEBUG org.activiti.engine.impl.history.DefaultHistoryManager  - Current history level: NONE, level required: ACTIVITY
10:48:05,073 [main] DEBUG org.activiti.engine.impl.history.DefaultHistoryManager  - Current history level: NONE, level required: FULL
10:48:05,073 [main] DEBUG org.activiti.engine.impl.history.DefaultHistoryManager  - Current history level: NONE, level required: ACTIVITY
10:48:05,073 [main] DEBUG org.activiti.engine.impl.history.DefaultHistoryManager  - Current history level: NONE, level required: FULL
10:48:05,073 [main] DEBUG org.activiti.engine.impl.history.DefaultHistoryManager  - Current history level: NONE, level required: ACTIVITY
10:48:05,073 [main] DEBUG org.activiti.engine.impl.history.DefaultHistoryManager  - Current history level: NONE, level required: FULL
10:48:05,073 [main] DEBUG org.activiti.engine.impl.history.DefaultHistoryManager  - Current history level: NONE, level required: ACTIVITY
10:48:05,073 [main] DEBUG org.activiti.engine.impl.history.DefaultHistoryManager  - Current history level: NONE, level required: FULL
10:48:05,073 [main] DEBUG org.activiti.engine.impl.history.DefaultHistoryManager  - Current history level: NONE, level required: ACTIVITY
10:48:05,073 [main] DEBUG org.activiti.engine.impl.history.DefaultHistoryManager  - Current history level: NONE, level required: FULL
10:48:05,073 [main] DEBUG org.activiti.engine.impl.history.DefaultHistoryManager  - Current history level: NONE, level required: ACTIVITY
10:48:05,073 [main] DEBUG org.activiti.engine.impl.history.DefaultHistoryManager  - Current history level: NONE, level required: FULL
10:48:05,073 [main] DEBUG org.activiti.engine.impl.history.DefaultHistoryManager  - Current history level: NONE, level required: ACTIVITY
10:48:05,073 [main] DEBUG org.activiti.engine.impl.history.DefaultHistoryManager  - Current history level: NONE, level required: FULL
10:48:05,073 [main] DEBUG org.activiti.engine.impl.history.DefaultHistoryManager  - Current history level: NONE, level required: ACTIVITY
10:48:05,073 [main] DEBUG org.activiti.engine.impl.history.DefaultHistoryManager  - Current history level: NONE, level required: FULL
10:48:05,073 [main] DEBUG org.activiti.engine.impl.history.DefaultHistoryManager  - Current history level: NONE, level required: ACTIVITY
10:48:05,073 [main] DEBUG org.activiti.engine.impl.history.DefaultHistoryManager  - Current history level: NONE, level required: FULL
10:48:05,073 [main] DEBUG org.activiti.engine.impl.history.DefaultHistoryManager  - Current history level: NONE, level required: ACTIVITY
10:48:05,073 [main] DEBUG org.activiti.engine.impl.history.DefaultHistoryManager  - Current history level: NONE, level required: FULL
10:48:05,073 [main] DEBUG org.activiti.engine.impl.history.DefaultHistoryManager  - Current history level: NONE, level required: ACTIVITY
10:48:05,073 [main] DEBUG org.activiti.engine.impl.history.DefaultHistoryManager  - Current history level: NONE, level required: FULL
10:48:05,073 [main] DEBUG org.activiti.engine.impl.history.DefaultHistoryManager  - Current history level: NONE, level required: ACTIVITY
10:48:05,073 [main] DEBUG org.activiti.engine.impl.history.DefaultHistoryManager  - Current history level: NONE, level required: FULL
10:48:05,073 [main] DEBUG org.activiti.engine.impl.history.DefaultHistoryManager  - Current history level: NONE, level required: ACTIVITY
10:48:05,073 [main] DEBUG org.activiti.engine.impl.history.DefaultHistoryManager  - Current history level: NONE, level required: FULL
10:48:05,073 [main] DEBUG org.activiti.engine.impl.history.DefaultHistoryManager  - Current history level: NONE, level required: ACTIVITY
10:48:05,073 [main] DEBUG org.activiti.engine.impl.history.DefaultHistoryManager  - Current history level: NONE, level required: FULL
10:48:05,074 [main] DEBUG org.activiti.engine.impl.history.DefaultHistoryManager  - Current history level: NONE, level required: ACTIVITY
10:48:05,074 [main] DEBUG org.activiti.engine.impl.history.DefaultHistoryManager  - Current history level: NONE, level required: FULL
10:48:05,074 [main] DEBUG org.activiti.engine.impl.history.DefaultHistoryManager  - Current history level: NONE, level required: ACTIVITY
10:48:05,074 [main] DEBUG org.activiti.engine.impl.history.DefaultHistoryManager  - Current history level: NONE, level required: FULL
10:48:05,074 [main] DEBUG org.activiti.engine.impl.history.DefaultHistoryManager  - Current history level: NONE, level required: ACTIVITY
10:48:05,074 [main] DEBUG org.activiti.engine.impl.history.DefaultHistoryManager  - Current history level: NONE, level required: FULL
10:48:05,074 [main] DEBUG org.activiti.engine.impl.history.DefaultHistoryManager  - Current history level: NONE, level required: ACTIVITY
10:48:05,074 [main] DEBUG org.activiti.engine.impl.history.DefaultHistoryManager  - Current history level: NONE, level required: FULL
10:48:05,074 [main] DEBUG org.activiti.engine.impl.history.DefaultHistoryManager  - Current history level: NONE, level required: ACTIVITY
10:48:05,074 [main] DEBUG org.activiti.engine.impl.history.DefaultHistoryManager  - Current history level: NONE, level required: FULL
10:48:05,074 [main] DEBUG org.activiti.engine.impl.history.DefaultHistoryManager  - Current history level: NONE, level required: ACTIVITY
10:48:05,074 [main] DEBUG org.activiti.engine.impl.history.DefaultHistoryManager  - Current history level: NONE, level required: FULL
10:48:05,074 [main] DEBUG org.activiti.engine.impl.history.DefaultHistoryManager  - Current history level: NONE, level required: ACTIVITY
10:48:05,074 [main] DEBUG org.activiti.engine.impl.history.DefaultHistoryManager  - Current history level: NONE, level required: FULL
10:48:05,074 [main] DEBUG org.activiti.engine.impl.history.DefaultHistoryManager  - Current history level: NONE, level required: ACTIVITY
10:48:05,074 [main] DEBUG org.activiti.engine.impl.history.DefaultHistoryManager  - Current history level: NONE, level required: FULL
10:48:05,074 [main] DEBUG org.activiti.engine.impl.history.DefaultHistoryManager  - Current history level: NONE, level required: ACTIVITY
10:48:05,074 [main] DEBUG org.activiti.engine.impl.history.DefaultHistoryManager  - Current history level: NONE, level required: FULL
10:48:05,074 [main] DEBUG org.activiti.engine.impl.history.DefaultHistoryManager  - Current history level: NONE, level required: ACTIVITY
10:48:05,074 [main] DEBUG org.activiti.engine.impl.history.DefaultHistoryManager  - Current history level: NONE, level required: FULL
10:48:05,074 [main] DEBUG org.activiti.engine.impl.history.DefaultHistoryManager  - Current history level: NONE, level required: ACTIVITY
10:48:05,074 [main] DEBUG org.activiti.engine.impl.history.DefaultHistoryManager  - Current history level: NONE, level required: FULL
10:48:05,074 [main] DEBUG org.activiti.engine.impl.history.DefaultHistoryManager  - Current history level: NONE, level required: ACTIVITY
10:48:05,074 [main] DEBUG org.activiti.engine.impl.history.DefaultHistoryManager  - Current history level: NONE, level required: FULL
10:48:05,074 [main] DEBUG org.activiti.engine.impl.history.DefaultHistoryManager  - Current history level: NONE, level required: ACTIVITY
10:48:05,074 [main] DEBUG org.activiti.engine.impl.history.DefaultHistoryManager  - Current history level: NONE, level required: FULL
10:48:05,074 [main] DEBUG org.activiti.engine.impl.history.DefaultHistoryManager  - Current history level: NONE, level required: ACTIVITY
10:48:05,074 [main] DEBUG org.activiti.engine.impl.history.DefaultHistoryManager  - Current history level: NONE, level required: FULL
10:48:05,074 [main] DEBUG org.activiti.engine.impl.history.DefaultHistoryManager  - Current history level: NONE, level required: ACTIVITY
10:48:05,074 [main] DEBUG org.activiti.engine.impl.history.DefaultHistoryManager  - Current history level: NONE, level required: FULL
10:48:05,074 [main] DEBUG org.activiti.engine.impl.history.DefaultHistoryManager  - Current history level: NONE, level required: ACTIVITY
10:48:05,074 [main] DEBUG org.activiti.engine.impl.history.DefaultHistoryManager  - Current history level: NONE, level required: FULL
10:48:05,075 [main] DEBUG org.activiti.engine.impl.history.DefaultHistoryManager  - Current history level: NONE, level required: ACTIVITY
10:48:05,075 [main] DEBUG org.activiti.engine.impl.history.DefaultHistoryManager  - Current history level: NONE, level required: FULL
10:48:05,075 [main] DEBUG org.activiti.engine.impl.history.DefaultHistoryManager  - Current history level: NONE, level required: ACTIVITY
10:48:05,075 [main] DEBUG org.activiti.engine.impl.history.DefaultHistoryManager  - Current history level: NONE, level required: FULL
10:48:05,075 [main] DEBUG org.activiti.engine.impl.history.DefaultHistoryManager  - Current history level: NONE, level required: ACTIVITY
10:48:05,075 [main] DEBUG org.activiti.engine.impl.history.DefaultHistoryManager  - Current history level: NONE, level required: FULL
10:48:05,075 [main] DEBUG org.activiti.engine.impl.history.DefaultHistoryManager  - Current history level: NONE, level required: ACTIVITY
10:48:05,075 [main] DEBUG org.activiti.engine.impl.history.DefaultHistoryManager  - Current history level: NONE, level required: FULL
10:48:05,075 [main] DEBUG org.activiti.engine.impl.history.DefaultHistoryManager  - Current history level: NONE, level required: ACTIVITY
10:48:05,075 [main] DEBUG org.activiti.engine.impl.history.DefaultHistoryManager  - Current history level: NONE, level required: FULL
10:48:05,075 [main] DEBUG org.activiti.engine.impl.history.DefaultHistoryManager  - Current history level: NONE, level required: ACTIVITY
10:48:05,075 [main] DEBUG org.activiti.engine.impl.history.DefaultHistoryManager  - Current history level: NONE, level required: FULL
10:48:05,075 [main] DEBUG org.activiti.engine.impl.history.DefaultHistoryManager  - Current history level: NONE, level required: ACTIVITY
10:48:05,075 [main] DEBUG org.activiti.engine.impl.history.DefaultHistoryManager  - Current history level: NONE, level required: FULL
10:48:05,075 [main] DEBUG org.activiti.engine.impl.history.DefaultHistoryManager  - Current history level: NONE, level required: ACTIVITY
10:48:05,075 [main] DEBUG org.activiti.engine.impl.history.DefaultHistoryManager  - Current history level: NONE, level required: FULL
10:48:05,075 [main] DEBUG org.activiti.engine.impl.history.DefaultHistoryManager  - Current history level: NONE, level required: ACTIVITY
10:48:05,075 [main] DEBUG org.activiti.engine.impl.history.DefaultHistoryManager  - Current history level: NONE, level required: FULL
10:48:05,075 [main] DEBUG org.activiti.engine.impl.history.DefaultHistoryManager  - Current history level: NONE, level required: ACTIVITY
10:48:05,075 [main] DEBUG org.activiti.engine.impl.history.DefaultHistoryManager  - Current history level: NONE, level required: FULL
10:48:05,075 [main] DEBUG org.activiti.engine.impl.history.DefaultHistoryManager  - Current history level: NONE, level required: ACTIVITY
10:48:05,075 [main] DEBUG org.activiti.engine.impl.history.DefaultHistoryManager  - Current history level: NONE, level required: FULL
10:48:05,075 [main] DEBUG org.activiti.engine.impl.history.DefaultHistoryManager  - Current history level: NONE, level required: ACTIVITY
10:48:05,075 [main] DEBUG org.activiti.engine.impl.history.DefaultHistoryManager  - Current history level: NONE, level required: FULL
10:48:05,075 [main] DEBUG org.activiti.engine.impl.history.DefaultHistoryManager  - Current history level: NONE, level required: ACTIVITY
10:48:05,075 [main] DEBUG org.activiti.engine.impl.history.DefaultHistoryManager  - Current history level: NONE, level required: FULL
10:48:05,075 [main] DEBUG org.activiti.engine.impl.history.DefaultHistoryManager  - Current history level: NONE, level required: ACTIVITY
10:48:05,075 [main] DEBUG org.activiti.engine.impl.history.DefaultHistoryManager  - Current history level: NONE, level required: FULL
10:48:05,075 [main] DEBUG org.activiti.engine.impl.history.DefaultHistoryManager  - Current history level: NONE, level required: ACTIVITY
10:48:05,075 [main] DEBUG org.activiti.engine.impl.history.DefaultHistoryManager  - Current history level: NONE, level required: FULL
10:48:05,075 [main] DEBUG org.activiti.engine.impl.history.DefaultHistoryManager  - Current history level: NONE, level required: ACTIVITY
10:48:05,075 [main] DEBUG org.activiti.engine.impl.history.DefaultHistoryManager  - Current history level: NONE, level required: FULL
10:48:05,075 [main] DEBUG org.activiti.engine.impl.history.DefaultHistoryManager  - Current history level: NONE, level required: ACTIVITY
10:48:05,075 [main] DEBUG org.activiti.engine.impl.history.DefaultHistoryManager  - Current history level: NONE, level required: FULL
10:48:05,075 [main] DEBUG org.activiti.engine.impl.history.DefaultHistoryManager  - Current history level: NONE, level required: ACTIVITY
10:48:05,075 [main] DEBUG org.activiti.engine.impl.history.DefaultHistoryManager  - Current history level: NONE, level required: FULL
10:48:05,075 [main] DEBUG org.activiti.engine.impl.history.DefaultHistoryManager  - Current history level: NONE, level required: ACTIVITY
10:48:05,075 [main] DEBUG org.activiti.engine.impl.history.DefaultHistoryManager  - Current history level: NONE, level required: FULL
10:48:05,075 [main] DEBUG org.activiti.engine.impl.history.DefaultHistoryManager  - Current history level: NONE, level required: ACTIVITY
10:48:05,075 [main] DEBUG org.activiti.engine.impl.history.DefaultHistoryManager  - Current history level: NONE, level required: FULL
10:48:05,075 [main] DEBUG org.activiti.engine.impl.history.DefaultHistoryManager  - Current history level: NONE, level required: ACTIVITY
10:48:05,075 [main] DEBUG org.activiti.engine.impl.history.DefaultHistoryManager  - Current history level: NONE, level required: FULL
10:48:05,075 [main] DEBUG org.activiti.engine.impl.history.DefaultHistoryManager  - Current history level: NONE, level required: ACTIVITY
10:48:05,075 [main] DEBUG org.activiti.engine.impl.history.DefaultHistoryManager  - Current history level: NONE, level required: FULL
10:48:05,075 [main] DEBUG org.activiti.engine.impl.history.DefaultHistoryManager  - Current history level: NONE, level required: ACTIVITY
10:48:05,075 [main] DEBUG org.activiti.engine.impl.history.DefaultHistoryManager  - Current history level: NONE, level required: FULL
10:48:05,075 [main] DEBUG org.activiti.engine.impl.history.DefaultHistoryManager  - Current history level: NONE, level required: ACTIVITY
10:48:05,076 [main] DEBUG org.activiti.engine.impl.history.DefaultHistoryManager  - Current history level: NONE, level required: FULL
10:48:05,076 [main] DEBUG org.activiti.engine.impl.history.DefaultHistoryManager  - Current history level: NONE, level required: ACTIVITY
10:48:05,076 [main] DEBUG org.activiti.engine.impl.history.DefaultHistoryManager  - Current history level: NONE, level required: FULL
10:48:05,076 [main] DEBUG org.activiti.engine.impl.history.DefaultHistoryManager  - Current history level: NONE, level required: ACTIVITY
10:48:05,076 [main] DEBUG org.activiti.engine.impl.history.DefaultHistoryManager  - Current history level: NONE, level required: FULL
10:48:05,076 [main] DEBUG org.activiti.engine.impl.history.DefaultHistoryManager  - Current history level: NONE, level required: ACTIVITY
10:48:05,076 [main] DEBUG org.activiti.engine.impl.history.DefaultHistoryManager  - Current history level: NONE, level required: FULL
10:48:05,076 [main] DEBUG org.activiti.engine.impl.history.DefaultHistoryManager  - Current history level: NONE, level required: ACTIVITY
10:48:05,076 [main] DEBUG org.activiti.engine.impl.history.DefaultHistoryManager  - Current history level: NONE, level required: FULL
10:48:05,076 [main] DEBUG org.activiti.engine.impl.history.DefaultHistoryManager  - Current history level: NONE, level required: ACTIVITY
10:48:05,076 [main] DEBUG org.activiti.engine.impl.history.DefaultHistoryManager  - Current history level: NONE, level required: FULL
10:48:05,076 [main] DEBUG org.activiti.engine.impl.history.DefaultHistoryManager  - Current history level: NONE, level required: ACTIVITY
10:48:05,076 [main] DEBUG org.activiti.engine.impl.history.DefaultHistoryManager  - Current history level: NONE, level required: FULL
10:48:05,076 [main] DEBUG org.activiti.engine.impl.history.DefaultHistoryManager  - Current history level: NONE, level required: ACTIVITY
10:48:05,076 [main] DEBUG org.activiti.engine.impl.history.DefaultHistoryManager  - Current history level: NONE, level required: FULL
10:48:05,076 [main] DEBUG org.activiti.engine.impl.history.DefaultHistoryManager  - Current history level: NONE, level required: ACTIVITY
10:48:05,076 [main] DEBUG org.activiti.engine.impl.history.DefaultHistoryManager  - Current history level: NONE, level required: FULL
10:48:05,076 [main] DEBUG org.activiti.engine.impl.history.DefaultHistoryManager  - Current history level: NONE, level required: ACTIVITY
10:48:05,076 [main] DEBUG org.activiti.engine.impl.history.DefaultHistoryManager  - Current history level: NONE, level required: FULL
10:48:05,076 [main] DEBUG org.activiti.engine.impl.history.DefaultHistoryManager  - Current history level: NONE, level required: ACTIVITY
10:48:05,076 [main] DEBUG org.activiti.engine.impl.history.DefaultHistoryManager  - Current history level: NONE, level required: FULL
10:48:05,076 [main] DEBUG org.activiti.engine.impl.history.DefaultHistoryManager  - Current history level: NONE, level required: ACTIVITY
10:48:05,076 [main] DEBUG org.activiti.engine.impl.history.DefaultHistoryManager  - Current history level: NONE, level required: FULL
10:48:05,076 [main] DEBUG org.activiti.engine.impl.history.DefaultHistoryManager  - Current history level: NONE, level required: ACTIVITY
10:48:05,076 [main] DEBUG org.activiti.engine.impl.history.DefaultHistoryManager  - Current history level: NONE, level required: FULL
10:48:05,076 [main] DEBUG org.activiti.engine.impl.history.DefaultHistoryManager  - Current history level: NONE, level required: ACTIVITY
10:48:05,076 [main] DEBUG org.activiti.engine.impl.history.DefaultHistoryManager  - Current history level: NONE, level required: FULL
10:48:05,076 [main] DEBUG org.activiti.engine.impl.history.DefaultHistoryManager  - Current history level: NONE, level required: ACTIVITY
10:48:05,076 [main] DEBUG org.activiti.engine.impl.history.DefaultHistoryManager  - Current history level: NONE, level required: FULL
10:48:05,076 [main] DEBUG org.activiti.engine.impl.history.DefaultHistoryManager  - Current history level: NONE, level required: ACTIVITY
10:48:05,076 [main] DEBUG org.activiti.engine.impl.history.DefaultHistoryManager  - Current history level: NONE, level required: FULL
10:48:05,076 [main] DEBUG org.activiti.engine.impl.history.DefaultHistoryManager  - Current history level: NONE, level required: ACTIVITY
10:48:05,076 [main] DEBUG org.activiti.engine.impl.history.DefaultHistoryManager  - Current history level: NONE, level required: FULL
10:48:05,076 [main] DEBUG org.activiti.engine.impl.history.DefaultHistoryManager  - Current history level: NONE, level required: ACTIVITY
10:48:05,076 [main] DEBUG org.activiti.engine.impl.history.DefaultHistoryManager  - Current history level: NONE, level required: FULL
10:48:05,076 [main] DEBUG org.activiti.engine.impl.history.DefaultHistoryManager  - Current history level: NONE, level required: ACTIVITY
10:48:05,076 [main] DEBUG org.activiti.engine.impl.history.DefaultHistoryManager  - Current history level: NONE, level required: FULL
10:48:05,076 [main] DEBUG org.activiti.engine.impl.history.DefaultHistoryManager  - Current history level: NONE, level required: ACTIVITY
10:48:05,076 [main] DEBUG org.activiti.engine.impl.history.DefaultHistoryManager  - Current history level: NONE, level required: FULL
10:48:05,076 [main] DEBUG org.activiti.engine.impl.history.DefaultHistoryManager  - Current history level: NONE, level required: ACTIVITY
10:48:05,076 [main] DEBUG org.activiti.engine.impl.history.DefaultHistoryManager  - Current history level: NONE, level required: FULL
10:48:05,076 [main] DEBUG org.activiti.engine.impl.history.DefaultHistoryManager  - Current history level: NONE, level required: ACTIVITY
10:48:05,076 [main] DEBUG org.activiti.engine.impl.history.DefaultHistoryManager  - Current history level: NONE, level required: FULL
10:48:05,076 [main] DEBUG org.activiti.engine.impl.history.DefaultHistoryManager  - Current history level: NONE, level required: ACTIVITY
10:48:05,077 [main] DEBUG org.activiti.engine.impl.history.DefaultHistoryManager  - Current history level: NONE, level required: FULL
10:48:05,077 [main] DEBUG org.activiti.engine.impl.history.DefaultHistoryManager  - Current history level: NONE, level required: ACTIVITY
10:48:05,077 [main] DEBUG org.activiti.engine.impl.history.DefaultHistoryManager  - Current history level: NONE, level required: FULL
10:48:05,077 [main] DEBUG org.activiti.engine.impl.history.DefaultHistoryManager  - Current history level: NONE, level required: ACTIVITY
10:48:05,077 [main] DEBUG org.activiti.engine.impl.history.DefaultHistoryManager  - Current history level: NONE, level required: FULL
10:48:05,077 [main] DEBUG org.activiti.engine.impl.history.DefaultHistoryManager  - Current history level: NONE, level required: ACTIVITY
10:48:05,077 [main] DEBUG org.activiti.engine.impl.history.DefaultHistoryManager  - Current history level: NONE, level required: FULL
10:48:05,077 [main] DEBUG org.activiti.engine.impl.history.DefaultHistoryManager  - Current history level: NONE, level required: ACTIVITY
10:48:05,077 [main] DEBUG org.activiti.engine.impl.history.DefaultHistoryManager  - Current history level: NONE, level required: FULL
10:48:05,077 [main] DEBUG org.activiti.engine.impl.history.DefaultHistoryManager  - Current history level: NONE, level required: ACTIVITY
10:48:05,077 [main] DEBUG org.activiti.engine.impl.history.DefaultHistoryManager  - Current history level: NONE, level required: FULL
10:48:05,077 [main] DEBUG org.activiti.engine.impl.history.DefaultHistoryManager  - Current history level: NONE, level required: ACTIVITY
10:48:05,077 [main] DEBUG org.activiti.engine.impl.history.DefaultHistoryManager  - Current history level: NONE, level required: FULL
10:48:05,077 [main] DEBUG org.activiti.engine.impl.history.DefaultHistoryManager  - Current history level: NONE, level required: ACTIVITY
10:48:05,077 [main] DEBUG org.activiti.engine.impl.history.DefaultHistoryManager  - Current history level: NONE, level required: FULL
10:48:05,077 [main] DEBUG org.activiti.engine.impl.history.DefaultHistoryManager  - Current history level: NONE, level required: ACTIVITY
10:48:05,077 [main] DEBUG org.activiti.engine.impl.history.DefaultHistoryManager  - Current history level: NONE, level required: FULL
10:48:05,077 [main] DEBUG org.activiti.engine.impl.history.DefaultHistoryManager  - Current history level: NONE, level required: ACTIVITY
10:48:05,077 [main] DEBUG org.activiti.engine.impl.history.DefaultHistoryManager  - Current history level: NONE, level required: FULL
10:48:05,077 [main] DEBUG org.activiti.engine.impl.history.DefaultHistoryManager  - Current history level: NONE, level required: ACTIVITY
10:48:05,077 [main] DEBUG org.activiti.engine.impl.history.DefaultHistoryManager  - Current history level: NONE, level required: FULL
10:48:05,077 [main] DEBUG org.activiti.engine.impl.history.DefaultHistoryManager  - Current history level: NONE, level required: ACTIVITY
10:48:05,077 [main] DEBUG org.activiti.engine.impl.history.DefaultHistoryManager  - Current history level: NONE, level required: FULL
10:48:05,077 [main] DEBUG org.activiti.engine.impl.history.DefaultHistoryManager  - Current history level: NONE, level required: ACTIVITY
10:48:05,077 [main] DEBUG org.activiti.engine.impl.history.DefaultHistoryManager  - Current history level: NONE, level required: FULL
10:48:05,077 [main] DEBUG org.activiti.engine.impl.history.DefaultHistoryManager  - Current history level: NONE, level required: ACTIVITY
10:48:05,077 [main] DEBUG org.activiti.engine.impl.history.DefaultHistoryManager  - Current history level: NONE, level required: FULL
10:48:05,077 [main] DEBUG org.activiti.engine.impl.history.DefaultHistoryManager  - Current history level: NONE, level required: ACTIVITY
10:48:05,077 [main] DEBUG org.activiti.engine.impl.history.DefaultHistoryManager  - Current history level: NONE, level required: FULL
10:48:05,077 [main] DEBUG org.activiti.engine.impl.history.DefaultHistoryManager  - Current history level: NONE, level required: ACTIVITY
10:48:05,077 [main] DEBUG org.activiti.engine.impl.history.DefaultHistoryManager  - Current history level: NONE, level required: FULL
10:48:05,077 [main] DEBUG org.activiti.engine.impl.history.DefaultHistoryManager  - Current history level: NONE, level required: ACTIVITY
10:48:05,077 [main] DEBUG org.activiti.engine.impl.history.DefaultHistoryManager  - Current history level: NONE, level required: FULL
10:48:05,077 [main] DEBUG org.activiti.engine.impl.history.DefaultHistoryManager  - Current history level: NONE, level required: ACTIVITY
10:48:05,077 [main] DEBUG org.activiti.engine.impl.history.DefaultHistoryManager  - Current history level: NONE, level required: FULL
10:48:05,077 [main] DEBUG org.activiti.engine.impl.history.DefaultHistoryManager  - Current history level: NONE, level required: ACTIVITY
10:48:05,077 [main] DEBUG org.activiti.engine.impl.history.DefaultHistoryManager  - Current history level: NONE, level required: FULL
10:48:05,077 [main] DEBUG org.activiti.engine.impl.history.DefaultHistoryManager  - Current history level: NONE, level required: ACTIVITY
10:48:05,077 [main] DEBUG org.activiti.engine.impl.history.DefaultHistoryManager  - Current history level: NONE, level required: FULL
10:48:05,077 [main] DEBUG org.activiti.engine.impl.history.DefaultHistoryManager  - Current history level: NONE, level required: ACTIVITY
10:48:05,077 [main] DEBUG org.activiti.engine.impl.history.DefaultHistoryManager  - Current history level: NONE, level required: FULL
10:48:05,077 [main] DEBUG org.activiti.engine.impl.history.DefaultHistoryManager  - Current history level: NONE, level required: ACTIVITY
10:48:05,077 [main] DEBUG org.activiti.engine.impl.history.DefaultHistoryManager  - Current history level: NONE, level required: FULL
10:48:05,077 [main] DEBUG org.activiti.engine.impl.history.DefaultHistoryManager  - Current history level: NONE, level required: ACTIVITY
10:48:05,078 [main] DEBUG org.activiti.engine.impl.history.DefaultHistoryManager  - Current history level: NONE, level required: FULL
10:48:05,078 [main] DEBUG org.activiti.engine.impl.history.DefaultHistoryManager  - Current history level: NONE, level required: ACTIVITY
10:48:05,078 [main] DEBUG org.activiti.engine.impl.history.DefaultHistoryManager  - Current history level: NONE, level required: FULL
10:48:05,078 [main] DEBUG org.activiti.engine.impl.history.DefaultHistoryManager  - Current history level: NONE, level required: ACTIVITY
10:48:05,078 [main] DEBUG org.activiti.engine.impl.history.DefaultHistoryManager  - Current history level: NONE, level required: FULL
10:48:05,078 [main] DEBUG org.activiti.engine.impl.history.DefaultHistoryManager  - Current history level: NONE, level required: ACTIVITY
10:48:05,078 [main] DEBUG org.activiti.engine.impl.history.DefaultHistoryManager  - Current history level: NONE, level required: FULL
10:48:05,078 [main] DEBUG org.activiti.engine.impl.history.DefaultHistoryManager  - Current history level: NONE, level required: ACTIVITY
10:48:05,078 [main] DEBUG org.activiti.engine.impl.history.DefaultHistoryManager  - Current history level: NONE, level required: FULL
10:48:05,078 [main] DEBUG org.activiti.engine.impl.history.DefaultHistoryManager  - Current history level: NONE, level required: ACTIVITY
10:48:05,078 [main] DEBUG org.activiti.engine.impl.history.DefaultHistoryManager  - Current history level: NONE, level required: FULL
10:48:05,078 [main] DEBUG org.activiti.engine.impl.history.DefaultHistoryManager  - Current history level: NONE, level required: ACTIVITY
10:48:05,078 [main] DEBUG org.activiti.engine.impl.history.DefaultHistoryManager  - Current history level: NONE, level required: FULL
10:48:05,078 [main] DEBUG org.activiti.engine.impl.history.DefaultHistoryManager  - Current history level: NONE, level required: ACTIVITY
10:48:05,078 [main] DEBUG org.activiti.engine.impl.history.DefaultHistoryManager  - Current history level: NONE, level required: FULL
10:48:05,078 [main] DEBUG org.activiti.engine.impl.history.DefaultHistoryManager  - Current history level: NONE, level required: ACTIVITY
10:48:05,078 [main] DEBUG org.activiti.engine.impl.history.DefaultHistoryManager  - Current history level: NONE, level required: FULL
10:48:05,078 [main] DEBUG org.activiti.engine.impl.history.DefaultHistoryManager  - Current history level: NONE, level required: ACTIVITY
10:48:05,078 [main] DEBUG org.activiti.engine.impl.history.DefaultHistoryManager  - Current history level: NONE, level required: FULL
10:48:05,078 [main] DEBUG org.activiti.engine.impl.history.DefaultHistoryManager  - Current history level: NONE, level required: ACTIVITY
10:48:05,078 [main] DEBUG org.activiti.engine.impl.history.DefaultHistoryManager  - Current history level: NONE, level required: FULL
10:48:05,078 [main] DEBUG org.activiti.engine.impl.history.DefaultHistoryManager  - Current history level: NONE, level required: ACTIVITY
10:48:05,078 [main] DEBUG org.activiti.engine.impl.history.DefaultHistoryManager  - Current history level: NONE, level required: FULL
10:48:05,078 [main] DEBUG org.activiti.engine.impl.history.DefaultHistoryManager  - Current history level: NONE, level required: ACTIVITY
10:48:05,078 [main] DEBUG org.activiti.engine.impl.history.DefaultHistoryManager  - Current history level: NONE, level required: FULL
10:48:05,078 [main] DEBUG org.activiti.engine.impl.history.DefaultHistoryManager  - Current history level: NONE, level required: ACTIVITY
10:48:05,078 [main] DEBUG org.activiti.engine.impl.history.DefaultHistoryManager  - Current history level: NONE, level required: FULL
10:48:05,078 [main] DEBUG org.activiti.engine.impl.history.DefaultHistoryManager  - Current history level: NONE, level required: ACTIVITY
10:48:05,078 [main] DEBUG org.activiti.engine.impl.history.DefaultHistoryManager  - Current history level: NONE, level required: FULL
10:48:05,078 [main] DEBUG org.activiti.engine.impl.history.DefaultHistoryManager  - Current history level: NONE, level required: ACTIVITY
10:48:05,078 [main] DEBUG org.activiti.engine.impl.history.DefaultHistoryManager  - Current history level: NONE, level required: FULL
10:48:05,078 [main] DEBUG org.activiti.engine.impl.history.DefaultHistoryManager  - Current history level: NONE, level required: ACTIVITY
10:48:05,078 [main] DEBUG org.activiti.engine.impl.history.DefaultHistoryManager  - Current history level: NONE, level required: FULL
10:48:05,078 [main] DEBUG org.activiti.engine.impl.history.DefaultHistoryManager  - Current history level: NONE, level required: ACTIVITY
10:48:05,078 [main] DEBUG org.activiti.engine.impl.history.DefaultHistoryManager  - Current history level: NONE, level required: FULL
10:48:05,078 [main] DEBUG org.activiti.engine.impl.history.DefaultHistoryManager  - Current history level: NONE, level required: ACTIVITY
10:48:05,078 [main] DEBUG org.activiti.engine.impl.history.DefaultHistoryManager  - Current history level: NONE, level required: FULL
10:48:05,078 [main] DEBUG org.activiti.engine.impl.history.DefaultHistoryManager  - Current history level: NONE, level required: ACTIVITY
10:48:05,078 [main] DEBUG org.activiti.engine.impl.history.DefaultHistoryManager  - Current history level: NONE, level required: FULL
10:48:05,078 [main] DEBUG org.activiti.engine.impl.history.DefaultHistoryManager  - Current history level: NONE, level required: ACTIVITY
10:48:05,078 [main] DEBUG org.activiti.engine.impl.history.DefaultHistoryManager  - Current history level: NONE, level required: FULL
10:48:05,078 [main] DEBUG org.activiti.engine.impl.history.DefaultHistoryManager  - Current history level: NONE, level required: ACTIVITY
10:48:05,079 [main] DEBUG org.activiti.engine.impl.history.DefaultHistoryManager  - Current history level: NONE, level required: FULL
10:48:05,079 [main] DEBUG org.activiti.engine.impl.history.DefaultHistoryManager  - Current history level: NONE, level required: ACTIVITY
10:48:05,079 [main] DEBUG org.activiti.engine.impl.history.DefaultHistoryManager  - Current history level: NONE, level required: FULL
10:48:05,079 [main] DEBUG org.activiti.engine.impl.history.DefaultHistoryManager  - Current history level: NONE, level required: ACTIVITY
10:48:05,079 [main] DEBUG org.activiti.engine.impl.history.DefaultHistoryManager  - Current history level: NONE, level required: FULL
10:48:05,079 [main] DEBUG org.activiti.engine.impl.history.DefaultHistoryManager  - Current history level: NONE, level required: ACTIVITY
10:48:05,079 [main] DEBUG org.activiti.engine.impl.history.DefaultHistoryManager  - Current history level: NONE, level required: FULL
10:48:05,079 [main] DEBUG org.activiti.engine.impl.history.DefaultHistoryManager  - Current history level: NONE, level required: ACTIVITY
10:48:05,079 [main] DEBUG org.activiti.engine.impl.history.DefaultHistoryManager  - Current history level: NONE, level required: FULL
10:48:05,079 [main] DEBUG org.activiti.engine.impl.history.DefaultHistoryManager  - Current history level: NONE, level required: ACTIVITY
10:48:05,079 [main] DEBUG org.activiti.engine.impl.history.DefaultHistoryManager  - Current history level: NONE, level required: FULL
10:48:05,079 [main] DEBUG org.activiti.engine.impl.history.DefaultHistoryManager  - Current history level: NONE, level required: ACTIVITY
10:48:05,079 [main] DEBUG org.activiti.engine.impl.history.DefaultHistoryManager  - Current history level: NONE, level required: FULL
10:48:05,079 [main] DEBUG org.activiti.engine.impl.history.DefaultHistoryManager  - Current history level: NONE, level required: ACTIVITY
10:48:05,079 [main] DEBUG org.activiti.engine.impl.history.DefaultHistoryManager  - Current history level: NONE, level required: FULL
10:48:05,079 [main] DEBUG org.activiti.engine.impl.history.DefaultHistoryManager  - Current history level: NONE, level required: ACTIVITY
10:48:05,079 [main] DEBUG org.activiti.engine.impl.history.DefaultHistoryManager  - Current history level: NONE, level required: FULL
10:48:05,079 [main] DEBUG org.activiti.engine.impl.history.DefaultHistoryManager  - Current history level: NONE, level required: ACTIVITY
10:48:05,079 [main] DEBUG org.activiti.engine.impl.history.DefaultHistoryManager  - Current history level: NONE, level required: FULL
10:48:05,079 [main] DEBUG org.activiti.engine.impl.history.DefaultHistoryManager  - Current history level: NONE, level required: ACTIVITY
10:48:05,079 [main] DEBUG org.activiti.engine.impl.history.DefaultHistoryManager  - Current history level: NONE, level required: FULL
10:48:05,079 [main] DEBUG org.activiti.engine.impl.history.DefaultHistoryManager  - Current history level: NONE, level required: ACTIVITY
10:48:05,079 [main] DEBUG org.activiti.engine.impl.history.DefaultHistoryManager  - Current history level: NONE, level required: FULL
10:48:05,079 [main] DEBUG org.activiti.engine.impl.history.DefaultHistoryManager  - Current history level: NONE, level required: ACTIVITY
10:48:05,079 [main] DEBUG org.activiti.engine.impl.history.DefaultHistoryManager  - Current history level: NONE, level required: FULL
10:48:05,079 [main] DEBUG org.activiti.engine.impl.history.DefaultHistoryManager  - Current history level: NONE, level required: ACTIVITY
10:48:05,079 [main] DEBUG org.activiti.engine.impl.history.DefaultHistoryManager  - Current history level: NONE, level required: FULL
10:48:05,079 [main] DEBUG org.activiti.engine.impl.history.DefaultHistoryManager  - Current history level: NONE, level required: ACTIVITY
10:48:05,079 [main] DEBUG org.activiti.engine.impl.history.DefaultHistoryManager  - Current history level: NONE, level required: FULL
10:48:05,079 [main] DEBUG org.activiti.engine.impl.history.DefaultHistoryManager  - Current history level: NONE, level required: ACTIVITY
10:48:05,079 [main] DEBUG org.activiti.engine.impl.history.DefaultHistoryManager  - Current history level: NONE, level required: FULL
10:48:05,079 [main] DEBUG org.activiti.engine.impl.history.DefaultHistoryManager  - Current history level: NONE, level required: ACTIVITY
10:48:05,079 [main] DEBUG org.activiti.engine.impl.history.DefaultHistoryManager  - Current history level: NONE, level required: FULL
10:48:05,079 [main] DEBUG org.activiti.engine.impl.history.DefaultHistoryManager  - Current history level: NONE, level required: ACTIVITY
10:48:05,079 [main] DEBUG org.activiti.engine.impl.history.DefaultHistoryManager  - Current history level: NONE, level required: FULL
10:48:05,079 [main] DEBUG org.activiti.engine.impl.history.DefaultHistoryManager  - Current history level: NONE, level required: ACTIVITY
10:48:05,079 [main] DEBUG org.activiti.engine.impl.history.DefaultHistoryManager  - Current history level: NONE, level required: FULL
10:48:05,079 [main] DEBUG org.activiti.engine.impl.history.DefaultHistoryManager  - Current history level: NONE, level required: ACTIVITY
10:48:05,079 [main] DEBUG org.activiti.engine.impl.history.DefaultHistoryManager  - Current history level: NONE, level required: FULL
10:48:05,079 [main] DEBUG org.activiti.engine.impl.history.DefaultHistoryManager  - Current history level: NONE, level required: ACTIVITY
10:48:05,079 [main] DEBUG org.activiti.engine.impl.history.DefaultHistoryManager  - Current history level: NONE, level required: FULL
10:48:05,080 [main] DEBUG org.activiti.engine.impl.history.DefaultHistoryManager  - Current history level: NONE, level required: ACTIVITY
10:48:05,080 [main] DEBUG org.activiti.engine.impl.history.DefaultHistoryManager  - Current history level: NONE, level required: FULL
10:48:05,080 [main] DEBUG org.activiti.engine.impl.history.DefaultHistoryManager  - Current history level: NONE, level required: ACTIVITY
10:48:05,080 [main] DEBUG org.activiti.engine.impl.history.DefaultHistoryManager  - Current history level: NONE, level required: FULL
10:48:05,080 [main] DEBUG org.activiti.engine.impl.history.DefaultHistoryManager  - Current history level: NONE, level required: ACTIVITY
10:48:05,080 [main] DEBUG org.activiti.engine.impl.history.DefaultHistoryManager  - Current history level: NONE, level required: FULL
10:48:05,080 [main] DEBUG org.activiti.engine.impl.history.DefaultHistoryManager  - Current history level: NONE, level required: ACTIVITY
10:48:05,080 [main] DEBUG org.activiti.engine.impl.history.DefaultHistoryManager  - Current history level: NONE, level required: FULL
10:48:05,080 [main] DEBUG org.activiti.engine.impl.history.DefaultHistoryManager  - Current history level: NONE, level required: ACTIVITY
10:48:05,080 [main] DEBUG org.activiti.engine.impl.history.DefaultHistoryManager  - Current history level: NONE, level required: FULL
10:48:05,080 [main] DEBUG org.activiti.engine.impl.history.DefaultHistoryManager  - Current history level: NONE, level required: ACTIVITY
10:48:05,080 [main] DEBUG org.activiti.engine.impl.history.DefaultHistoryManager  - Current history level: NONE, level required: FULL
10:48:05,080 [main] DEBUG org.activiti.engine.impl.history.DefaultHistoryManager  - Current history level: NONE, level required: ACTIVITY
10:48:05,080 [main] DEBUG org.activiti.engine.impl.history.DefaultHistoryManager  - Current history level: NONE, level required: FULL
10:48:05,080 [main] DEBUG org.activiti.engine.impl.history.DefaultHistoryManager  - Current history level: NONE, level required: ACTIVITY
10:48:05,080 [main] DEBUG org.activiti.engine.impl.history.DefaultHistoryManager  - Current history level: NONE, level required: FULL
10:48:05,080 [main] DEBUG org.activiti.engine.impl.history.DefaultHistoryManager  - Current history level: NONE, level required: ACTIVITY
10:48:05,080 [main] DEBUG org.activiti.engine.impl.history.DefaultHistoryManager  - Current history level: NONE, level required: FULL
10:48:05,080 [main] DEBUG org.activiti.engine.impl.history.DefaultHistoryManager  - Current history level: NONE, level required: ACTIVITY
10:48:05,080 [main] DEBUG org.activiti.engine.impl.history.DefaultHistoryManager  - Current history level: NONE, level required: FULL
10:48:05,080 [main] DEBUG org.activiti.engine.impl.history.DefaultHistoryManager  - Current history level: NONE, level required: ACTIVITY
10:48:05,080 [main] DEBUG org.activiti.engine.impl.history.DefaultHistoryManager  - Current history level: NONE, level required: FULL
10:48:05,080 [main] DEBUG org.activiti.engine.impl.history.DefaultHistoryManager  - Current history level: NONE, level required: ACTIVITY
10:48:05,080 [main] DEBUG org.activiti.engine.impl.history.DefaultHistoryManager  - Current history level: NONE, level required: FULL
10:48:05,080 [main] DEBUG org.activiti.engine.impl.history.DefaultHistoryManager  - Current history level: NONE, level required: ACTIVITY
10:48:05,080 [main] DEBUG org.activiti.engine.impl.history.DefaultHistoryManager  - Current history level: NONE, level required: FULL
10:48:05,080 [main] DEBUG org.activiti.engine.impl.history.DefaultHistoryManager  - Current history level: NONE, level required: ACTIVITY
10:48:05,080 [main] DEBUG org.activiti.engine.impl.history.DefaultHistoryManager  - Current history level: NONE, level required: FULL
10:48:05,080 [main] DEBUG org.activiti.engine.impl.history.DefaultHistoryManager  - Current history level: NONE, level required: ACTIVITY
10:48:05,080 [main] DEBUG org.activiti.engine.impl.history.DefaultHistoryManager  - Current history level: NONE, level required: FULL
10:48:05,080 [main] DEBUG org.activiti.engine.impl.history.DefaultHistoryManager  - Current history level: NONE, level required: ACTIVITY
10:48:05,080 [main] DEBUG org.activiti.engine.impl.history.DefaultHistoryManager  - Current history level: NONE, level required: FULL
10:48:05,080 [main] DEBUG org.activiti.engine.impl.history.DefaultHistoryManager  - Current history level: NONE, level required: ACTIVITY
10:48:05,080 [main] DEBUG org.activiti.engine.impl.history.DefaultHistoryManager  - Current history level: NONE, level required: FULL
10:48:05,080 [main] DEBUG org.activiti.engine.impl.history.DefaultHistoryManager  - Current history level: NONE, level required: ACTIVITY
10:48:05,080 [main] DEBUG org.activiti.engine.impl.history.DefaultHistoryManager  - Current history level: NONE, level required: FULL
10:48:05,080 [main] DEBUG org.activiti.engine.impl.history.DefaultHistoryManager  - Current history level: NONE, level required: ACTIVITY
10:48:05,080 [main] DEBUG org.activiti.engine.impl.history.DefaultHistoryManager  - Current history level: NONE, level required: FULL
10:48:05,080 [main] DEBUG org.activiti.engine.impl.history.DefaultHistoryManager  - Current history level: NONE, level required: ACTIVITY
10:48:05,080 [main] DEBUG org.activiti.engine.impl.history.DefaultHistoryManager  - Current history level: NONE, level required: FULL
10:48:05,080 [main] DEBUG org.activiti.engine.impl.history.DefaultHistoryManager  - Current history level: NONE, level required: ACTIVITY
10:48:05,080 [main] DEBUG org.activiti.engine.impl.history.DefaultHistoryManager  - Current history level: NONE, level required: FULL
10:48:05,081 [main] DEBUG org.activiti.engine.impl.history.DefaultHistoryManager  - Current history level: NONE, level required: ACTIVITY
10:48:05,081 [main] DEBUG org.activiti.engine.impl.history.DefaultHistoryManager  - Current history level: NONE, level required: FULL
10:48:05,081 [main] DEBUG org.activiti.engine.impl.history.DefaultHistoryManager  - Current history level: NONE, level required: ACTIVITY
10:48:05,081 [main] DEBUG org.activiti.engine.impl.history.DefaultHistoryManager  - Current history level: NONE, level required: FULL
10:48:05,081 [main] DEBUG org.activiti.engine.impl.history.DefaultHistoryManager  - Current history level: NONE, level required: ACTIVITY
10:48:05,081 [main] DEBUG org.activiti.engine.impl.history.DefaultHistoryManager  - Current history level: NONE, level required: FULL
10:48:05,081 [main] DEBUG org.activiti.engine.impl.history.DefaultHistoryManager  - Current history level: NONE, level required: ACTIVITY
10:48:05,081 [main] DEBUG org.activiti.engine.impl.history.DefaultHistoryManager  - Current history level: NONE, level required: FULL
10:48:05,081 [main] DEBUG org.activiti.engine.impl.history.DefaultHistoryManager  - Current history level: NONE, level required: ACTIVITY
10:48:05,081 [main] DEBUG org.activiti.engine.impl.history.DefaultHistoryManager  - Current history level: NONE, level required: FULL
10:48:05,081 [main] DEBUG org.activiti.engine.impl.history.DefaultHistoryManager  - Current history level: NONE, level required: ACTIVITY
10:48:05,081 [main] DEBUG org.activiti.engine.impl.history.DefaultHistoryManager  - Current history level: NONE, level required: FULL
10:48:05,081 [main] DEBUG org.activiti.engine.impl.history.DefaultHistoryManager  - Current history level: NONE, level required: ACTIVITY
10:48:05,081 [main] DEBUG org.activiti.engine.impl.history.DefaultHistoryManager  - Current history level: NONE, level required: FULL
10:48:05,081 [main] DEBUG org.activiti.engine.impl.history.DefaultHistoryManager  - Current history level: NONE, level required: ACTIVITY
10:48:05,081 [main] DEBUG org.activiti.engine.impl.history.DefaultHistoryManager  - Current history level: NONE, level required: FULL
10:48:05,081 [main] DEBUG org.activiti.engine.impl.history.DefaultHistoryManager  - Current history level: NONE, level required: ACTIVITY
10:48:05,081 [main] DEBUG org.activiti.engine.impl.history.DefaultHistoryManager  - Current history level: NONE, level required: FULL
10:48:05,081 [main] DEBUG org.activiti.engine.impl.history.DefaultHistoryManager  - Current history level: NONE, level required: ACTIVITY
10:48:05,081 [main] DEBUG org.activiti.engine.impl.history.DefaultHistoryManager  - Current history level: NONE, level required: FULL
10:48:05,081 [main] DEBUG org.activiti.engine.impl.history.DefaultHistoryManager  - Current history level: NONE, level required: ACTIVITY
10:48:05,081 [main] DEBUG org.activiti.engine.impl.history.DefaultHistoryManager  - Current history level: NONE, level required: FULL
10:48:05,081 [main] DEBUG org.activiti.engine.impl.history.DefaultHistoryManager  - Current history level: NONE, level required: ACTIVITY
10:48:05,081 [main] DEBUG org.activiti.engine.impl.history.DefaultHistoryManager  - Current history level: NONE, level required: FULL
10:48:05,081 [main] DEBUG org.activiti.engine.impl.history.DefaultHistoryManager  - Current history level: NONE, level required: ACTIVITY
10:48:05,081 [main] DEBUG org.activiti.engine.impl.history.DefaultHistoryManager  - Current history level: NONE, level required: FULL
10:48:05,081 [main] DEBUG org.activiti.engine.impl.history.DefaultHistoryManager  - Current history level: NONE, level required: ACTIVITY
10:48:05,081 [main] DEBUG org.activiti.engine.impl.history.DefaultHistoryManager  - Current history level: NONE, level required: FULL
10:48:05,081 [main] DEBUG org.activiti.engine.impl.history.DefaultHistoryManager  - Current history level: NONE, level required: ACTIVITY
10:48:05,081 [main] DEBUG org.activiti.engine.impl.history.DefaultHistoryManager  - Current history level: NONE, level required: FULL
10:48:05,081 [main] DEBUG org.activiti.engine.impl.history.DefaultHistoryManager  - Current history level: NONE, level required: ACTIVITY
10:48:05,081 [main] DEBUG org.activiti.engine.impl.history.DefaultHistoryManager  - Current history level: NONE, level required: FULL
10:48:05,081 [main] DEBUG org.activiti.engine.impl.history.DefaultHistoryManager  - Current history level: NONE, level required: ACTIVITY
10:48:05,081 [main] DEBUG org.activiti.engine.impl.history.DefaultHistoryManager  - Current history level: NONE, level required: FULL
10:48:05,081 [main] DEBUG org.activiti.engine.impl.history.DefaultHistoryManager  - Current history level: NONE, level required: ACTIVITY
10:48:05,081 [main] DEBUG org.activiti.engine.impl.history.DefaultHistoryManager  - Current history level: NONE, level required: FULL
10:48:05,081 [main] DEBUG org.activiti.engine.impl.history.DefaultHistoryManager  - Current history level: NONE, level required: ACTIVITY
10:48:05,081 [main] DEBUG org.activiti.engine.impl.history.DefaultHistoryManager  - Current history level: NONE, level required: FULL
10:48:05,081 [main] DEBUG org.activiti.engine.impl.history.DefaultHistoryManager  - Current history level: NONE, level required: ACTIVITY
10:48:05,081 [main] DEBUG org.activiti.engine.impl.history.DefaultHistoryManager  - Current history level: NONE, level required: FULL
10:48:05,081 [main] DEBUG org.activiti.engine.impl.history.DefaultHistoryManager  - Current history level: NONE, level required: ACTIVITY
10:48:05,081 [main] DEBUG org.activiti.engine.impl.history.DefaultHistoryManager  - Current history level: NONE, level required: FULL
10:48:05,081 [main] DEBUG org.activiti.engine.impl.history.DefaultHistoryManager  - Current history level: NONE, level required: ACTIVITY
10:48:05,081 [main] DEBUG org.activiti.engine.impl.history.DefaultHistoryManager  - Current history level: NONE, level required: FULL
10:48:05,082 [main] DEBUG org.activiti.engine.impl.history.DefaultHistoryManager  - Current history level: NONE, level required: ACTIVITY
10:48:05,082 [main] DEBUG org.activiti.engine.impl.history.DefaultHistoryManager  - Current history level: NONE, level required: FULL
10:48:05,082 [main] DEBUG org.activiti.engine.impl.history.DefaultHistoryManager  - Current history level: NONE, level required: ACTIVITY
10:48:05,082 [main] DEBUG org.activiti.engine.impl.history.DefaultHistoryManager  - Current history level: NONE, level required: FULL
10:48:05,082 [main] DEBUG org.activiti.engine.impl.history.DefaultHistoryManager  - Current history level: NONE, level required: ACTIVITY
10:48:05,082 [main] DEBUG org.activiti.engine.impl.history.DefaultHistoryManager  - Current history level: NONE, level required: FULL
10:48:05,082 [main] DEBUG org.activiti.engine.impl.history.DefaultHistoryManager  - Current history level: NONE, level required: ACTIVITY
10:48:05,082 [main] DEBUG org.activiti.engine.impl.history.DefaultHistoryManager  - Current history level: NONE, level required: FULL
10:48:05,082 [main] DEBUG org.activiti.engine.impl.history.DefaultHistoryManager  - Current history level: NONE, level required: ACTIVITY
10:48:05,082 [main] DEBUG org.activiti.engine.impl.history.DefaultHistoryManager  - Current history level: NONE, level required: FULL
10:48:05,082 [main] DEBUG org.activiti.engine.impl.history.DefaultHistoryManager  - Current history level: NONE, level required: ACTIVITY
10:48:05,082 [main] DEBUG org.activiti.engine.impl.history.DefaultHistoryManager  - Current history level: NONE, level required: FULL
10:48:05,082 [main] DEBUG org.activiti.engine.impl.history.DefaultHistoryManager  - Current history level: NONE, level required: ACTIVITY
10:48:05,082 [main] DEBUG org.activiti.engine.impl.history.DefaultHistoryManager  - Current history level: NONE, level required: FULL
10:48:05,082 [main] DEBUG org.activiti.engine.impl.history.DefaultHistoryManager  - Current history level: NONE, level required: ACTIVITY
10:48:05,082 [main] DEBUG org.activiti.engine.impl.history.DefaultHistoryManager  - Current history level: NONE, level required: FULL
10:48:05,082 [main] DEBUG org.activiti.engine.impl.history.DefaultHistoryManager  - Current history level: NONE, level required: ACTIVITY
10:48:05,082 [main] DEBUG org.activiti.engine.impl.history.DefaultHistoryManager  - Current history level: NONE, level required: FULL
10:48:05,082 [main] DEBUG org.activiti.engine.impl.history.DefaultHistoryManager  - Current history level: NONE, level required: ACTIVITY
10:48:05,082 [main] DEBUG org.activiti.engine.impl.history.DefaultHistoryManager  - Current history level: NONE, level required: FULL
10:48:05,082 [main] DEBUG org.activiti.engine.impl.history.DefaultHistoryManager  - Current history level: NONE, level required: ACTIVITY
10:48:05,082 [main] DEBUG org.activiti.engine.impl.history.DefaultHistoryManager  - Current history level: NONE, level required: FULL
10:48:05,082 [main] DEBUG org.activiti.engine.impl.history.DefaultHistoryManager  - Current history level: NONE, level required: ACTIVITY
10:48:05,082 [main] DEBUG org.activiti.engine.impl.history.DefaultHistoryManager  - Current history level: NONE, level required: FULL
10:48:05,082 [main] DEBUG org.activiti.engine.impl.history.DefaultHistoryManager  - Current history level: NONE, level required: ACTIVITY
10:48:05,082 [main] DEBUG org.activiti.engine.impl.history.DefaultHistoryManager  - Current history level: NONE, level required: FULL
10:48:05,082 [main] DEBUG org.activiti.engine.impl.history.DefaultHistoryManager  - Current history level: NONE, level required: ACTIVITY
10:48:05,082 [main] DEBUG org.activiti.engine.impl.history.DefaultHistoryManager  - Current history level: NONE, level required: FULL
10:48:05,082 [main] DEBUG org.activiti.engine.impl.history.DefaultHistoryManager  - Current history level: NONE, level required: ACTIVITY
10:48:05,082 [main] DEBUG org.activiti.engine.impl.history.DefaultHistoryManager  - Current history level: NONE, level required: FULL
10:48:05,082 [main] DEBUG org.activiti.engine.impl.history.DefaultHistoryManager  - Current history level: NONE, level required: ACTIVITY
10:48:05,082 [main] DEBUG org.activiti.engine.impl.history.DefaultHistoryManager  - Current history level: NONE, level required: FULL
10:48:05,082 [main] DEBUG org.activiti.engine.impl.history.DefaultHistoryManager  - Current history level: NONE, level required: ACTIVITY
10:48:05,082 [main] DEBUG org.activiti.engine.impl.history.DefaultHistoryManager  - Current history level: NONE, level required: FULL
10:48:05,082 [main] DEBUG org.activiti.engine.impl.history.DefaultHistoryManager  - Current history level: NONE, level required: ACTIVITY
10:48:05,082 [main] DEBUG org.activiti.engine.impl.history.DefaultHistoryManager  - Current history level: NONE, level required: FULL
10:48:05,082 [main] DEBUG org.activiti.engine.impl.history.DefaultHistoryManager  - Current history level: NONE, level required: ACTIVITY
10:48:05,082 [main] DEBUG org.activiti.engine.impl.history.DefaultHistoryManager  - Current history level: NONE, level required: FULL
10:48:05,082 [main] DEBUG org.activiti.engine.impl.history.DefaultHistoryManager  - Current history level: NONE, level required: ACTIVITY
10:48:05,082 [main] DEBUG org.activiti.engine.impl.history.DefaultHistoryManager  - Current history level: NONE, level required: FULL
10:48:05,082 [main] DEBUG org.activiti.engine.impl.history.DefaultHistoryManager  - Current history level: NONE, level required: ACTIVITY
10:48:05,082 [main] DEBUG org.activiti.engine.impl.history.DefaultHistoryManager  - Current history level: NONE, level required: FULL
10:48:05,082 [main] DEBUG org.activiti.engine.impl.history.DefaultHistoryManager  - Current history level: NONE, level required: ACTIVITY
10:48:05,082 [main] DEBUG org.activiti.engine.impl.history.DefaultHistoryManager  - Current history level: NONE, level required: FULL
10:48:05,082 [main] DEBUG org.activiti.engine.impl.history.DefaultHistoryManager  - Current history level: NONE, level required: ACTIVITY
10:48:05,082 [main] DEBUG org.activiti.engine.impl.history.DefaultHistoryManager  - Current history level: NONE, level required: FULL
10:48:05,083 [main] DEBUG org.activiti.engine.impl.history.DefaultHistoryManager  - Current history level: NONE, level required: ACTIVITY
10:48:05,083 [main] DEBUG org.activiti.engine.impl.history.DefaultHistoryManager  - Current history level: NONE, level required: FULL
10:48:05,083 [main] DEBUG org.activiti.engine.impl.history.DefaultHistoryManager  - Current history level: NONE, level required: ACTIVITY
10:48:05,083 [main] DEBUG org.activiti.engine.impl.history.DefaultHistoryManager  - Current history level: NONE, level required: FULL
10:48:05,083 [main] DEBUG org.activiti.engine.impl.history.DefaultHistoryManager  - Current history level: NONE, level required: ACTIVITY
10:48:05,083 [main] DEBUG org.activiti.engine.impl.history.DefaultHistoryManager  - Current history level: NONE, level required: FULL
10:48:05,083 [main] DEBUG org.activiti.engine.impl.history.DefaultHistoryManager  - Current history level: NONE, level required: ACTIVITY
10:48:05,083 [main] DEBUG org.activiti.engine.impl.history.DefaultHistoryManager  - Current history level: NONE, level required: FULL
10:48:05,083 [main] DEBUG org.activiti.engine.impl.history.DefaultHistoryManager  - Current history level: NONE, level required: ACTIVITY
10:48:05,083 [main] DEBUG org.activiti.engine.impl.history.DefaultHistoryManager  - Current history level: NONE, level required: FULL
10:48:05,083 [main] DEBUG org.activiti.engine.impl.history.DefaultHistoryManager  - Current history level: NONE, level required: ACTIVITY
10:48:05,083 [main] DEBUG org.activiti.engine.impl.history.DefaultHistoryManager  - Current history level: NONE, level required: FULL
10:48:05,083 [main] DEBUG org.activiti.engine.impl.history.DefaultHistoryManager  - Current history level: NONE, level required: ACTIVITY
10:48:05,083 [main] DEBUG org.activiti.engine.impl.history.DefaultHistoryManager  - Current history level: NONE, level required: FULL
10:48:05,083 [main] DEBUG org.activiti.engine.impl.history.DefaultHistoryManager  - Current history level: NONE, level required: ACTIVITY
10:48:05,083 [main] DEBUG org.activiti.engine.impl.history.DefaultHistoryManager  - Current history level: NONE, level required: FULL
10:48:05,083 [main] DEBUG org.activiti.engine.impl.history.DefaultHistoryManager  - Current history level: NONE, level required: ACTIVITY
10:48:05,083 [main] DEBUG org.activiti.engine.impl.history.DefaultHistoryManager  - Current history level: NONE, level required: FULL
10:48:05,083 [main] DEBUG org.activiti.engine.impl.history.DefaultHistoryManager  - Current history level: NONE, level required: ACTIVITY
10:48:05,083 [main] DEBUG org.activiti.engine.impl.history.DefaultHistoryManager  - Current history level: NONE, level required: FULL
10:48:05,083 [main] DEBUG org.activiti.engine.impl.history.DefaultHistoryManager  - Current history level: NONE, level required: ACTIVITY
10:48:05,083 [main] DEBUG org.activiti.engine.impl.history.DefaultHistoryManager  - Current history level: NONE, level required: FULL
10:48:05,083 [main] DEBUG org.activiti.engine.impl.history.DefaultHistoryManager  - Current history level: NONE, level required: ACTIVITY
10:48:05,083 [main] DEBUG org.activiti.engine.impl.history.DefaultHistoryManager  - Current history level: NONE, level required: FULL
10:48:05,083 [main] DEBUG org.activiti.engine.impl.history.DefaultHistoryManager  - Current history level: NONE, level required: ACTIVITY
10:48:05,083 [main] DEBUG org.activiti.engine.impl.history.DefaultHistoryManager  - Current history level: NONE, level required: FULL
10:48:05,083 [main] DEBUG org.activiti.engine.impl.history.DefaultHistoryManager  - Current history level: NONE, level required: ACTIVITY
10:48:05,083 [main] DEBUG org.activiti.engine.impl.history.DefaultHistoryManager  - Current history level: NONE, level required: FULL
10:48:05,083 [main] DEBUG org.activiti.engine.impl.history.DefaultHistoryManager  - Current history level: NONE, level required: ACTIVITY
10:48:05,083 [main] DEBUG org.activiti.engine.impl.history.DefaultHistoryManager  - Current history level: NONE, level required: FULL
10:48:05,083 [main] DEBUG org.activiti.engine.impl.history.DefaultHistoryManager  - Current history level: NONE, level required: ACTIVITY
10:48:05,083 [main] DEBUG org.activiti.engine.impl.history.DefaultHistoryManager  - Current history level: NONE, level required: FULL
10:48:05,083 [main] DEBUG org.activiti.engine.impl.history.DefaultHistoryManager  - Current history level: NONE, level required: ACTIVITY
10:48:05,083 [main] DEBUG org.activiti.engine.impl.history.DefaultHistoryManager  - Current history level: NONE, level required: FULL
10:48:05,083 [main] DEBUG org.activiti.engine.impl.history.DefaultHistoryManager  - Current history level: NONE, level required: ACTIVITY
10:48:05,083 [main] DEBUG org.activiti.engine.impl.history.DefaultHistoryManager  - Current history level: NONE, level required: FULL
10:48:05,083 [main] DEBUG org.activiti.engine.impl.history.DefaultHistoryManager  - Current history level: NONE, level required: ACTIVITY
10:48:05,083 [main] DEBUG org.activiti.engine.impl.history.DefaultHistoryManager  - Current history level: NONE, level required: FULL
10:48:05,083 [main] DEBUG org.activiti.engine.impl.history.DefaultHistoryManager  - Current history level: NONE, level required: ACTIVITY
10:48:05,083 [main] DEBUG org.activiti.engine.impl.history.DefaultHistoryManager  - Current history level: NONE, level required: FULL
10:48:05,083 [main] DEBUG org.activiti.engine.impl.history.DefaultHistoryManager  - Current history level: NONE, level required: ACTIVITY
10:48:05,083 [main] DEBUG org.activiti.engine.impl.history.DefaultHistoryManager  - Current history level: NONE, level required: FULL
10:48:05,083 [main] DEBUG org.activiti.engine.impl.history.DefaultHistoryManager  - Current history level: NONE, level required: ACTIVITY
10:48:05,083 [main] DEBUG org.activiti.engine.impl.history.DefaultHistoryManager  - Current history level: NONE, level required: FULL
10:48:05,083 [main] DEBUG org.activiti.engine.impl.history.DefaultHistoryManager  - Current history level: NONE, level required: ACTIVITY
10:48:05,083 [main] DEBUG org.activiti.engine.impl.history.DefaultHistoryManager  - Current history level: NONE, level required: FULL
10:48:05,084 [main] DEBUG org.activiti.engine.impl.history.DefaultHistoryManager  - Current history level: NONE, level required: ACTIVITY
10:48:05,084 [main] DEBUG org.activiti.engine.impl.history.DefaultHistoryManager  - Current history level: NONE, level required: FULL
10:48:05,084 [main] DEBUG org.activiti.engine.impl.history.DefaultHistoryManager  - Current history level: NONE, level required: ACTIVITY
10:48:05,084 [main] DEBUG org.activiti.engine.impl.history.DefaultHistoryManager  - Current history level: NONE, level required: FULL
10:48:05,084 [main] DEBUG org.activiti.engine.impl.history.DefaultHistoryManager  - Current history level: NONE, level required: ACTIVITY
10:48:05,084 [main] DEBUG org.activiti.engine.impl.history.DefaultHistoryManager  - Current history level: NONE, level required: FULL
10:48:05,084 [main] DEBUG org.activiti.engine.impl.history.DefaultHistoryManager  - Current history level: NONE, level required: ACTIVITY
10:48:05,084 [main] DEBUG org.activiti.engine.impl.history.DefaultHistoryManager  - Current history level: NONE, level required: FULL
10:48:05,084 [main] DEBUG org.activiti.engine.impl.history.DefaultHistoryManager  - Current history level: NONE, level required: ACTIVITY
10:48:05,084 [main] DEBUG org.activiti.engine.impl.history.DefaultHistoryManager  - Current history level: NONE, level required: FULL
10:48:05,084 [main] DEBUG org.activiti.engine.impl.history.DefaultHistoryManager  - Current history level: NONE, level required: ACTIVITY
10:48:05,084 [main] DEBUG org.activiti.engine.impl.history.DefaultHistoryManager  - Current history level: NONE, level required: FULL
10:48:05,084 [main] DEBUG org.activiti.engine.impl.history.DefaultHistoryManager  - Current history level: NONE, level required: ACTIVITY
10:48:05,084 [main] DEBUG org.activiti.engine.impl.history.DefaultHistoryManager  - Current history level: NONE, level required: FULL
10:48:05,084 [main] DEBUG org.activiti.engine.impl.history.DefaultHistoryManager  - Current history level: NONE, level required: ACTIVITY
10:48:05,084 [main] DEBUG org.activiti.engine.impl.history.DefaultHistoryManager  - Current history level: NONE, level required: FULL
10:48:05,084 [main] DEBUG org.activiti.engine.impl.history.DefaultHistoryManager  - Current history level: NONE, level required: ACTIVITY
10:48:05,084 [main] DEBUG org.activiti.engine.impl.history.DefaultHistoryManager  - Current history level: NONE, level required: FULL
10:48:05,084 [main] DEBUG org.activiti.engine.impl.history.DefaultHistoryManager  - Current history level: NONE, level required: ACTIVITY
10:48:05,084 [main] DEBUG org.activiti.engine.impl.history.DefaultHistoryManager  - Current history level: NONE, level required: FULL
10:48:05,084 [main] DEBUG org.activiti.engine.impl.history.DefaultHistoryManager  - Current history level: NONE, level required: ACTIVITY
10:48:05,084 [main] DEBUG org.activiti.engine.impl.history.DefaultHistoryManager  - Current history level: NONE, level required: FULL
10:48:05,084 [main] DEBUG org.activiti.engine.impl.history.DefaultHistoryManager  - Current history level: NONE, level required: ACTIVITY
10:48:05,084 [main] DEBUG org.activiti.engine.impl.history.DefaultHistoryManager  - Current history level: NONE, level required: FULL
10:48:05,084 [main] DEBUG org.activiti.engine.impl.history.DefaultHistoryManager  - Current history level: NONE, level required: ACTIVITY
10:48:05,084 [main] DEBUG org.activiti.engine.impl.history.DefaultHistoryManager  - Current history level: NONE, level required: FULL
10:48:05,084 [main] DEBUG org.activiti.engine.impl.history.DefaultHistoryManager  - Current history level: NONE, level required: ACTIVITY
10:48:05,084 [main] DEBUG org.activiti.engine.impl.history.DefaultHistoryManager  - Current history level: NONE, level required: FULL
10:48:05,084 [main] DEBUG org.activiti.engine.impl.history.DefaultHistoryManager  - Current history level: NONE, level required: ACTIVITY
10:48:05,084 [main] DEBUG org.activiti.engine.impl.history.DefaultHistoryManager  - Current history level: NONE, level required: FULL
10:48:05,084 [main] DEBUG org.activiti.engine.impl.history.DefaultHistoryManager  - Current history level: NONE, level required: ACTIVITY
10:48:05,084 [main] DEBUG org.activiti.engine.impl.history.DefaultHistoryManager  - Current history level: NONE, level required: FULL
10:48:05,084 [main] DEBUG org.activiti.engine.impl.history.DefaultHistoryManager  - Current history level: NONE, level required: ACTIVITY
10:48:05,084 [main] DEBUG org.activiti.engine.impl.history.DefaultHistoryManager  - Current history level: NONE, level required: FULL
10:48:05,084 [main] DEBUG org.activiti.engine.impl.history.DefaultHistoryManager  - Current history level: NONE, level required: ACTIVITY
10:48:05,084 [main] DEBUG org.activiti.engine.impl.history.DefaultHistoryManager  - Current history level: NONE, level required: FULL
10:48:05,084 [main] DEBUG org.activiti.engine.impl.history.DefaultHistoryManager  - Current history level: NONE, level required: ACTIVITY
10:48:05,084 [main] DEBUG org.activiti.engine.impl.history.DefaultHistoryManager  - Current history level: NONE, level required: FULL
10:48:05,084 [main] DEBUG org.activiti.engine.impl.history.DefaultHistoryManager  - Current history level: NONE, level required: ACTIVITY
10:48:05,084 [main] DEBUG org.activiti.engine.impl.history.DefaultHistoryManager  - Current history level: NONE, level required: FULL
10:48:05,084 [main] DEBUG org.activiti.engine.impl.history.DefaultHistoryManager  - Current history level: NONE, level required: ACTIVITY
10:48:05,084 [main] DEBUG org.activiti.engine.impl.history.DefaultHistoryManager  - Current history level: NONE, level required: FULL
10:48:05,084 [main] DEBUG org.activiti.engine.impl.history.DefaultHistoryManager  - Current history level: NONE, level required: ACTIVITY
10:48:05,084 [main] DEBUG org.activiti.engine.impl.history.DefaultHistoryManager  - Current history level: NONE, level required: FULL
10:48:05,084 [main] DEBUG org.activiti.engine.impl.history.DefaultHistoryManager  - Current history level: NONE, level required: ACTIVITY
10:48:05,084 [main] DEBUG org.activiti.engine.impl.history.DefaultHistoryManager  - Current history level: NONE, level required: FULL
10:48:05,084 [main] DEBUG org.activiti.engine.impl.history.DefaultHistoryManager  - Current history level: NONE, level required: ACTIVITY
10:48:05,085 [main] DEBUG org.activiti.engine.impl.history.DefaultHistoryManager  - Current history level: NONE, level required: FULL
10:48:05,085 [main] DEBUG org.activiti.engine.impl.history.DefaultHistoryManager  - Current history level: NONE, level required: ACTIVITY
10:48:05,085 [main] DEBUG org.activiti.engine.impl.history.DefaultHistoryManager  - Current history level: NONE, level required: FULL
10:48:05,085 [main] DEBUG org.activiti.engine.impl.history.DefaultHistoryManager  - Current history level: NONE, level required: ACTIVITY
10:48:05,085 [main] DEBUG org.activiti.engine.impl.history.DefaultHistoryManager  - Current history level: NONE, level required: FULL
10:48:05,085 [main] DEBUG org.activiti.engine.impl.history.DefaultHistoryManager  - Current history level: NONE, level required: ACTIVITY
10:48:05,085 [main] DEBUG org.activiti.engine.impl.history.DefaultHistoryManager  - Current history level: NONE, level required: FULL
10:48:05,085 [main] DEBUG org.activiti.engine.impl.history.DefaultHistoryManager  - Current history level: NONE, level required: ACTIVITY
10:48:05,085 [main] DEBUG org.activiti.engine.impl.history.DefaultHistoryManager  - Current history level: NONE, level required: FULL
10:48:05,085 [main] DEBUG org.activiti.engine.impl.history.DefaultHistoryManager  - Current history level: NONE, level required: ACTIVITY
10:48:05,085 [main] DEBUG org.activiti.engine.impl.history.DefaultHistoryManager  - Current history level: NONE, level required: FULL
10:48:05,085 [main] DEBUG org.activiti.engine.impl.history.DefaultHistoryManager  - Current history level: NONE, level required: ACTIVITY
10:48:05,085 [main] DEBUG org.activiti.engine.impl.history.DefaultHistoryManager  - Current history level: NONE, level required: FULL
10:48:05,085 [main] DEBUG org.activiti.engine.impl.history.DefaultHistoryManager  - Current history level: NONE, level required: ACTIVITY
10:48:05,085 [main] DEBUG org.activiti.engine.impl.history.DefaultHistoryManager  - Current history level: NONE, level required: FULL
10:48:05,085 [main] DEBUG org.activiti.engine.impl.history.DefaultHistoryManager  - Current history level: NONE, level required: ACTIVITY
10:48:05,085 [main] DEBUG org.activiti.engine.impl.history.DefaultHistoryManager  - Current history level: NONE, level required: FULL
10:48:05,085 [main] DEBUG org.activiti.engine.impl.history.DefaultHistoryManager  - Current history level: NONE, level required: ACTIVITY
10:48:05,085 [main] DEBUG org.activiti.engine.impl.history.DefaultHistoryManager  - Current history level: NONE, level required: FULL
10:48:05,085 [main] DEBUG org.activiti.engine.impl.history.DefaultHistoryManager  - Current history level: NONE, level required: ACTIVITY
10:48:05,085 [main] DEBUG org.activiti.engine.impl.history.DefaultHistoryManager  - Current history level: NONE, level required: FULL
10:48:05,085 [main] DEBUG org.activiti.engine.impl.history.DefaultHistoryManager  - Current history level: NONE, level required: ACTIVITY
10:48:05,085 [main] DEBUG org.activiti.engine.impl.history.DefaultHistoryManager  - Current history level: NONE, level required: FULL
10:48:05,085 [main] DEBUG org.activiti.engine.impl.history.DefaultHistoryManager  - Current history level: NONE, level required: ACTIVITY
10:48:05,085 [main] DEBUG org.activiti.engine.impl.history.DefaultHistoryManager  - Current history level: NONE, level required: FULL
10:48:05,085 [main] DEBUG org.activiti.engine.impl.history.DefaultHistoryManager  - Current history level: NONE, level required: ACTIVITY
10:48:05,085 [main] DEBUG org.activiti.engine.impl.history.DefaultHistoryManager  - Current history level: NONE, level required: FULL
10:48:05,085 [main] DEBUG org.activiti.engine.impl.history.DefaultHistoryManager  - Current history level: NONE, level required: ACTIVITY
10:48:05,085 [main] DEBUG org.activiti.engine.impl.history.DefaultHistoryManager  - Current history level: NONE, level required: FULL
10:48:05,085 [main] DEBUG org.activiti.engine.impl.history.DefaultHistoryManager  - Current history level: NONE, level required: ACTIVITY
10:48:05,085 [main] DEBUG org.activiti.engine.impl.history.DefaultHistoryManager  - Current history level: NONE, level required: FULL
10:48:05,085 [main] DEBUG org.activiti.engine.impl.history.DefaultHistoryManager  - Current history level: NONE, level required: ACTIVITY
10:48:05,085 [main] DEBUG org.activiti.engine.impl.history.DefaultHistoryManager  - Current history level: NONE, level required: FULL
10:48:05,085 [main] DEBUG org.activiti.engine.impl.history.DefaultHistoryManager  - Current history level: NONE, level required: ACTIVITY
10:48:05,085 [main] DEBUG org.activiti.engine.impl.history.DefaultHistoryManager  - Current history level: NONE, level required: FULL
10:48:05,085 [main] DEBUG org.activiti.engine.impl.history.DefaultHistoryManager  - Current history level: NONE, level required: ACTIVITY
10:48:05,085 [main] DEBUG org.activiti.engine.impl.history.DefaultHistoryManager  - Current history level: NONE, level required: FULL
10:48:05,085 [main] DEBUG org.activiti.engine.impl.history.DefaultHistoryManager  - Current history level: NONE, level required: ACTIVITY
10:48:05,085 [main] DEBUG org.activiti.engine.impl.history.DefaultHistoryManager  - Current history level: NONE, level required: FULL
10:48:05,085 [main] DEBUG org.activiti.engine.impl.history.DefaultHistoryManager  - Current history level: NONE, level required: ACTIVITY
10:48:05,085 [main] DEBUG org.activiti.engine.impl.history.DefaultHistoryManager  - Current history level: NONE, level required: FULL
10:48:05,085 [main] DEBUG org.activiti.engine.impl.history.DefaultHistoryManager  - Current history level: NONE, level required: ACTIVITY
10:48:05,085 [main] DEBUG org.activiti.engine.impl.history.DefaultHistoryManager  - Current history level: NONE, level required: FULL
10:48:05,085 [main] DEBUG org.activiti.engine.impl.history.DefaultHistoryManager  - Current history level: NONE, level required: ACTIVITY
10:48:05,085 [main] DEBUG org.activiti.engine.impl.history.DefaultHistoryManager  - Current history level: NONE, level required: FULL
10:48:05,085 [main] DEBUG org.activiti.engine.impl.history.DefaultHistoryManager  - Current history level: NONE, level required: ACTIVITY
10:48:05,086 [main] DEBUG org.activiti.engine.impl.history.DefaultHistoryManager  - Current history level: NONE, level required: FULL
10:48:05,086 [main] DEBUG org.activiti.engine.impl.history.DefaultHistoryManager  - Current history level: NONE, level required: ACTIVITY
10:48:05,086 [main] DEBUG org.activiti.engine.impl.history.DefaultHistoryManager  - Current history level: NONE, level required: FULL
10:48:05,086 [main] DEBUG org.activiti.engine.impl.history.DefaultHistoryManager  - Current history level: NONE, level required: ACTIVITY
10:48:05,086 [main] DEBUG org.activiti.engine.impl.history.DefaultHistoryManager  - Current history level: NONE, level required: FULL
10:48:05,086 [main] DEBUG org.activiti.engine.impl.history.DefaultHistoryManager  - Current history level: NONE, level required: ACTIVITY
10:48:05,086 [main] DEBUG org.activiti.engine.impl.history.DefaultHistoryManager  - Current history level: NONE, level required: FULL
10:48:05,086 [main] DEBUG org.activiti.engine.impl.history.DefaultHistoryManager  - Current history level: NONE, level required: ACTIVITY
10:48:05,086 [main] DEBUG org.activiti.engine.impl.history.DefaultHistoryManager  - Current history level: NONE, level required: FULL
10:48:05,086 [main] DEBUG org.activiti.engine.impl.history.DefaultHistoryManager  - Current history level: NONE, level required: ACTIVITY
10:48:05,086 [main] DEBUG org.activiti.engine.impl.history.DefaultHistoryManager  - Current history level: NONE, level required: FULL
10:48:05,086 [main] DEBUG org.activiti.engine.impl.history.DefaultHistoryManager  - Current history level: NONE, level required: ACTIVITY
10:48:05,086 [main] DEBUG org.activiti.engine.impl.history.DefaultHistoryManager  - Current history level: NONE, level required: FULL
10:48:05,086 [main] DEBUG org.activiti.engine.impl.history.DefaultHistoryManager  - Current history level: NONE, level required: ACTIVITY
10:48:05,086 [main] DEBUG org.activiti.engine.impl.history.DefaultHistoryManager  - Current history level: NONE, level required: FULL
10:48:05,086 [main] DEBUG org.activiti.engine.impl.history.DefaultHistoryManager  - Current history level: NONE, level required: ACTIVITY
10:48:05,086 [main] DEBUG org.activiti.engine.impl.history.DefaultHistoryManager  - Current history level: NONE, level required: FULL
10:48:05,086 [main] DEBUG org.activiti.engine.impl.history.DefaultHistoryManager  - Current history level: NONE, level required: ACTIVITY
10:48:05,086 [main] DEBUG org.activiti.engine.impl.history.DefaultHistoryManager  - Current history level: NONE, level required: FULL
10:48:05,086 [main] DEBUG org.activiti.engine.impl.history.DefaultHistoryManager  - Current history level: NONE, level required: ACTIVITY
10:48:05,086 [main] DEBUG org.activiti.engine.impl.history.DefaultHistoryManager  - Current history level: NONE, level required: FULL
10:48:05,086 [main] DEBUG org.activiti.engine.impl.history.DefaultHistoryManager  - Current history level: NONE, level required: ACTIVITY
10:48:05,086 [main] DEBUG org.activiti.engine.impl.history.DefaultHistoryManager  - Current history level: NONE, level required: FULL
10:48:05,086 [main] DEBUG org.activiti.engine.impl.history.DefaultHistoryManager  - Current history level: NONE, level required: ACTIVITY
10:48:05,086 [main] DEBUG org.activiti.engine.impl.history.DefaultHistoryManager  - Current history level: NONE, level required: FULL
10:48:05,086 [main] DEBUG org.activiti.engine.impl.history.DefaultHistoryManager  - Current history level: NONE, level required: ACTIVITY
10:48:05,086 [main] DEBUG org.activiti.engine.impl.history.DefaultHistoryManager  - Current history level: NONE, level required: FULL
10:48:05,086 [main] DEBUG org.activiti.engine.impl.history.DefaultHistoryManager  - Current history level: NONE, level required: ACTIVITY
10:48:05,086 [main] DEBUG org.activiti.engine.impl.history.DefaultHistoryManager  - Current history level: NONE, level required: FULL
10:48:05,086 [main] DEBUG org.activiti.engine.impl.history.DefaultHistoryManager  - Current history level: NONE, level required: ACTIVITY
10:48:05,086 [main] DEBUG org.activiti.engine.impl.history.DefaultHistoryManager  - Current history level: NONE, level required: FULL
10:48:05,086 [main] DEBUG org.activiti.engine.impl.history.DefaultHistoryManager  - Current history level: NONE, level required: ACTIVITY
10:48:05,086 [main] DEBUG org.activiti.engine.impl.history.DefaultHistoryManager  - Current history level: NONE, level required: FULL
10:48:05,086 [main] DEBUG org.activiti.engine.impl.history.DefaultHistoryManager  - Current history level: NONE, level required: ACTIVITY
10:48:05,086 [main] DEBUG org.activiti.engine.impl.history.DefaultHistoryManager  - Current history level: NONE, level required: FULL
10:48:05,086 [main] DEBUG org.activiti.engine.impl.history.DefaultHistoryManager  - Current history level: NONE, level required: ACTIVITY
10:48:05,086 [main] DEBUG org.activiti.engine.impl.history.DefaultHistoryManager  - Current history level: NONE, level required: FULL
10:48:05,086 [main] DEBUG org.activiti.engine.impl.history.DefaultHistoryManager  - Current history level: NONE, level required: ACTIVITY
10:48:05,086 [main] DEBUG org.activiti.engine.impl.history.DefaultHistoryManager  - Current history level: NONE, level required: FULL
10:48:05,086 [main] DEBUG org.activiti.engine.impl.history.DefaultHistoryManager  - Current history level: NONE, level required: ACTIVITY
10:48:05,086 [main] DEBUG org.activiti.engine.impl.history.DefaultHistoryManager  - Current history level: NONE, level required: FULL
10:48:05,086 [main] DEBUG org.activiti.engine.impl.history.DefaultHistoryManager  - Current history level: NONE, level required: ACTIVITY
10:48:05,086 [main] DEBUG org.activiti.engine.impl.history.DefaultHistoryManager  - Current history level: NONE, level required: FULL
10:48:05,086 [main] DEBUG org.activiti.engine.impl.history.DefaultHistoryManager  - Current history level: NONE, level required: ACTIVITY
10:48:05,086 [main] DEBUG org.activiti.engine.impl.history.DefaultHistoryManager  - Current history level: NONE, level required: FULL
10:48:05,086 [main] DEBUG org.activiti.engine.impl.history.DefaultHistoryManager  - Current history level: NONE, level required: ACTIVITY
10:48:05,086 [main] DEBUG org.activiti.engine.impl.history.DefaultHistoryManager  - Current history level: NONE, level required: FULL
10:48:05,086 [main] DEBUG org.activiti.engine.impl.history.DefaultHistoryManager  - Current history level: NONE, level required: ACTIVITY
10:48:05,087 [main] DEBUG org.activiti.engine.impl.history.DefaultHistoryManager  - Current history level: NONE, level required: FULL
10:48:05,087 [main] DEBUG org.activiti.engine.impl.history.DefaultHistoryManager  - Current history level: NONE, level required: ACTIVITY
10:48:05,087 [main] DEBUG org.activiti.engine.impl.history.DefaultHistoryManager  - Current history level: NONE, level required: FULL
10:48:05,087 [main] DEBUG org.activiti.engine.impl.history.DefaultHistoryManager  - Current history level: NONE, level required: ACTIVITY
10:48:05,087 [main] DEBUG org.activiti.engine.impl.history.DefaultHistoryManager  - Current history level: NONE, level required: FULL
10:48:05,087 [main] DEBUG org.activiti.engine.impl.history.DefaultHistoryManager  - Current history level: NONE, level required: ACTIVITY
10:48:05,087 [main] DEBUG org.activiti.engine.impl.history.DefaultHistoryManager  - Current history level: NONE, level required: FULL
10:48:05,087 [main] DEBUG org.activiti.engine.impl.history.DefaultHistoryManager  - Current history level: NONE, level required: ACTIVITY
10:48:05,087 [main] DEBUG org.activiti.engine.impl.history.DefaultHistoryManager  - Current history level: NONE, level required: FULL
10:48:05,087 [main] DEBUG org.activiti.engine.impl.history.DefaultHistoryManager  - Current history level: NONE, level required: ACTIVITY
10:48:05,087 [main] DEBUG org.activiti.engine.impl.history.DefaultHistoryManager  - Current history level: NONE, level required: FULL
10:48:05,087 [main] DEBUG org.activiti.engine.impl.history.DefaultHistoryManager  - Current history level: NONE, level required: ACTIVITY
10:48:05,087 [main] DEBUG org.activiti.engine.impl.history.DefaultHistoryManager  - Current history level: NONE, level required: FULL
10:48:05,087 [main] DEBUG org.activiti.engine.impl.history.DefaultHistoryManager  - Current history level: NONE, level required: ACTIVITY
10:48:05,087 [main] DEBUG org.activiti.engine.impl.history.DefaultHistoryManager  - Current history level: NONE, level required: FULL
10:48:05,087 [main] DEBUG org.activiti.engine.impl.history.DefaultHistoryManager  - Current history level: NONE, level required: ACTIVITY
10:48:05,087 [main] DEBUG org.activiti.engine.impl.history.DefaultHistoryManager  - Current history level: NONE, level required: FULL
10:48:05,087 [main] DEBUG org.activiti.engine.impl.history.DefaultHistoryManager  - Current history level: NONE, level required: ACTIVITY
10:48:05,087 [main] DEBUG org.activiti.engine.impl.history.DefaultHistoryManager  - Current history level: NONE, level required: FULL
10:48:05,087 [main] DEBUG org.activiti.engine.impl.history.DefaultHistoryManager  - Current history level: NONE, level required: ACTIVITY
10:48:05,087 [main] DEBUG org.activiti.engine.impl.history.DefaultHistoryManager  - Current history level: NONE, level required: FULL
10:48:05,087 [main] DEBUG org.activiti.engine.impl.history.DefaultHistoryManager  - Current history level: NONE, level required: ACTIVITY
10:48:05,087 [main] DEBUG org.activiti.engine.impl.history.DefaultHistoryManager  - Current history level: NONE, level required: FULL
10:48:05,087 [main] DEBUG org.activiti.engine.impl.history.DefaultHistoryManager  - Current history level: NONE, level required: ACTIVITY
10:48:05,087 [main] DEBUG org.activiti.engine.impl.history.DefaultHistoryManager  - Current history level: NONE, level required: FULL
10:48:05,087 [main] DEBUG org.activiti.engine.impl.history.DefaultHistoryManager  - Current history level: NONE, level required: ACTIVITY
10:48:05,087 [main] DEBUG org.activiti.engine.impl.history.DefaultHistoryManager  - Current history level: NONE, level required: FULL
10:48:05,087 [main] DEBUG org.activiti.engine.impl.history.DefaultHistoryManager  - Current history level: NONE, level required: ACTIVITY
10:48:05,087 [main] DEBUG org.activiti.engine.impl.history.DefaultHistoryManager  - Current history level: NONE, level required: FULL
10:48:05,087 [main] DEBUG org.activiti.engine.impl.history.DefaultHistoryManager  - Current history level: NONE, level required: ACTIVITY
10:48:05,087 [main] DEBUG org.activiti.engine.impl.history.DefaultHistoryManager  - Current history level: NONE, level required: FULL
10:48:05,087 [main] DEBUG org.activiti.engine.impl.history.DefaultHistoryManager  - Current history level: NONE, level required: ACTIVITY
10:48:05,087 [main] DEBUG org.activiti.engine.impl.history.DefaultHistoryManager  - Current history level: NONE, level required: FULL
10:48:05,087 [main] DEBUG org.activiti.engine.impl.history.DefaultHistoryManager  - Current history level: NONE, level required: ACTIVITY
10:48:05,087 [main] DEBUG org.activiti.engine.impl.history.DefaultHistoryManager  - Current history level: NONE, level required: FULL
10:48:05,087 [main] DEBUG org.activiti.engine.impl.history.DefaultHistoryManager  - Current history level: NONE, level required: ACTIVITY
10:48:05,087 [main] DEBUG org.activiti.engine.impl.history.DefaultHistoryManager  - Current history level: NONE, level required: FULL
10:48:05,087 [main] DEBUG org.activiti.engine.impl.history.DefaultHistoryManager  - Current history level: NONE, level required: ACTIVITY
10:48:05,087 [main] DEBUG org.activiti.engine.impl.history.DefaultHistoryManager  - Current history level: NONE, level required: FULL
10:48:05,087 [main] DEBUG org.activiti.engine.impl.history.DefaultHistoryManager  - Current history level: NONE, level required: ACTIVITY
10:48:05,087 [main] DEBUG org.activiti.engine.impl.history.DefaultHistoryManager  - Current history level: NONE, level required: FULL
10:48:05,087 [main] DEBUG org.activiti.engine.impl.history.DefaultHistoryManager  - Current history level: NONE, level required: ACTIVITY
10:48:05,087 [main] DEBUG org.activiti.engine.impl.history.DefaultHistoryManager  - Current history level: NONE, level required: FULL
10:48:05,087 [main] DEBUG org.activiti.engine.impl.history.DefaultHistoryManager  - Current history level: NONE, level required: ACTIVITY
10:48:05,087 [main] DEBUG org.activiti.engine.impl.history.DefaultHistoryManager  - Current history level: NONE, level required: FULL
10:48:05,087 [main] DEBUG org.activiti.engine.impl.history.DefaultHistoryManager  - Current history level: NONE, level required: ACTIVITY
10:48:05,087 [main] DEBUG org.activiti.engine.impl.history.DefaultHistoryManager  - Current history level: NONE, level required: FULL
10:48:05,087 [main] DEBUG org.activiti.engine.impl.history.DefaultHistoryManager  - Current history level: NONE, level required: ACTIVITY
10:48:05,087 [main] DEBUG org.activiti.engine.impl.history.DefaultHistoryManager  - Current history level: NONE, level required: FULL
10:48:05,087 [main] DEBUG org.activiti.engine.impl.history.DefaultHistoryManager  - Current history level: NONE, level required: ACTIVITY
10:48:05,087 [main] DEBUG org.activiti.engine.impl.history.DefaultHistoryManager  - Current history level: NONE, level required: FULL
10:48:05,087 [main] DEBUG org.activiti.engine.impl.history.DefaultHistoryManager  - Current history level: NONE, level required: ACTIVITY
10:48:05,088 [main] DEBUG org.activiti.engine.impl.history.DefaultHistoryManager  - Current history level: NONE, level required: FULL
10:48:05,088 [main] DEBUG org.activiti.engine.impl.history.DefaultHistoryManager  - Current history level: NONE, level required: ACTIVITY
10:48:05,088 [main] DEBUG org.activiti.engine.impl.history.DefaultHistoryManager  - Current history level: NONE, level required: FULL
10:48:05,088 [main] DEBUG org.activiti.engine.impl.history.DefaultHistoryManager  - Current history level: NONE, level required: ACTIVITY
10:48:05,088 [main] DEBUG org.activiti.engine.impl.history.DefaultHistoryManager  - Current history level: NONE, level required: FULL
10:48:05,088 [main] DEBUG org.activiti.engine.impl.history.DefaultHistoryManager  - Current history level: NONE, level required: ACTIVITY
10:48:05,088 [main] DEBUG org.activiti.engine.impl.history.DefaultHistoryManager  - Current history level: NONE, level required: FULL
10:48:05,088 [main] DEBUG org.activiti.engine.impl.history.DefaultHistoryManager  - Current history level: NONE, level required: ACTIVITY
10:48:05,088 [main] DEBUG org.activiti.engine.impl.history.DefaultHistoryManager  - Current history level: NONE, level required: FULL
10:48:05,088 [main] DEBUG org.activiti.engine.impl.history.DefaultHistoryManager  - Current history level: NONE, level required: ACTIVITY
10:48:05,088 [main] DEBUG org.activiti.engine.impl.history.DefaultHistoryManager  - Current history level: NONE, level required: FULL
10:48:05,088 [main] DEBUG org.activiti.engine.impl.history.DefaultHistoryManager  - Current history level: NONE, level required: ACTIVITY
10:48:05,088 [main] DEBUG org.activiti.engine.impl.history.DefaultHistoryManager  - Current history level: NONE, level required: FULL
10:48:05,088 [main] DEBUG org.activiti.engine.impl.history.DefaultHistoryManager  - Current history level: NONE, level required: ACTIVITY
10:48:05,088 [main] DEBUG org.activiti.engine.impl.history.DefaultHistoryManager  - Current history level: NONE, level required: FULL
10:48:05,088 [main] DEBUG org.activiti.engine.impl.history.DefaultHistoryManager  - Current history level: NONE, level required: ACTIVITY
10:48:05,088 [main] DEBUG org.activiti.engine.impl.history.DefaultHistoryManager  - Current history level: NONE, level required: FULL
10:48:05,088 [main] DEBUG org.activiti.engine.impl.history.DefaultHistoryManager  - Current history level: NONE, level required: ACTIVITY
10:48:05,088 [main] DEBUG org.activiti.engine.impl.history.DefaultHistoryManager  - Current history level: NONE, level required: FULL
10:48:05,088 [main] DEBUG org.activiti.engine.impl.history.DefaultHistoryManager  - Current history level: NONE, level required: ACTIVITY
10:48:05,088 [main] DEBUG org.activiti.engine.impl.history.DefaultHistoryManager  - Current history level: NONE, level required: FULL
10:48:05,088 [main] DEBUG org.activiti.engine.impl.history.DefaultHistoryManager  - Current history level: NONE, level required: ACTIVITY
10:48:05,088 [main] DEBUG org.activiti.engine.impl.history.DefaultHistoryManager  - Current history level: NONE, level required: FULL
10:48:05,088 [main] DEBUG org.activiti.engine.impl.history.DefaultHistoryManager  - Current history level: NONE, level required: ACTIVITY
10:48:05,088 [main] DEBUG org.activiti.engine.impl.history.DefaultHistoryManager  - Current history level: NONE, level required: FULL
10:48:05,088 [main] DEBUG org.activiti.engine.impl.history.DefaultHistoryManager  - Current history level: NONE, level required: ACTIVITY
10:48:05,088 [main] DEBUG org.activiti.engine.impl.history.DefaultHistoryManager  - Current history level: NONE, level required: FULL
10:48:05,088 [main] DEBUG org.activiti.engine.impl.history.DefaultHistoryManager  - Current history level: NONE, level required: ACTIVITY
10:48:05,088 [main] DEBUG org.activiti.engine.impl.history.DefaultHistoryManager  - Current history level: NONE, level required: FULL
10:48:05,088 [main] DEBUG org.activiti.engine.impl.history.DefaultHistoryManager  - Current history level: NONE, level required: ACTIVITY
10:48:05,088 [main] DEBUG org.activiti.engine.impl.history.DefaultHistoryManager  - Current history level: NONE, level required: FULL
10:48:05,088 [main] DEBUG org.activiti.engine.impl.history.DefaultHistoryManager  - Current history level: NONE, level required: ACTIVITY
10:48:05,088 [main] DEBUG org.activiti.engine.impl.history.DefaultHistoryManager  - Current history level: NONE, level required: FULL
10:48:05,088 [main] DEBUG org.activiti.engine.impl.history.DefaultHistoryManager  - Current history level: NONE, level required: ACTIVITY
10:48:05,088 [main] DEBUG org.activiti.engine.impl.history.DefaultHistoryManager  - Current history level: NONE, level required: FULL
10:48:05,088 [main] DEBUG org.activiti.engine.impl.history.DefaultHistoryManager  - Current history level: NONE, level required: ACTIVITY
10:48:05,088 [main] DEBUG org.activiti.engine.impl.history.DefaultHistoryManager  - Current history level: NONE, level required: FULL
10:48:05,088 [main] DEBUG org.activiti.engine.impl.history.DefaultHistoryManager  - Current history level: NONE, level required: ACTIVITY
10:48:05,088 [main] DEBUG org.activiti.engine.impl.history.DefaultHistoryManager  - Current history level: NONE, level required: FULL
10:48:05,088 [main] DEBUG org.activiti.engine.impl.history.DefaultHistoryManager  - Current history level: NONE, level required: ACTIVITY
10:48:05,088 [main] DEBUG org.activiti.engine.impl.history.DefaultHistoryManager  - Current history level: NONE, level required: FULL
10:48:05,088 [main] DEBUG org.activiti.engine.impl.history.DefaultHistoryManager  - Current history level: NONE, level required: ACTIVITY
10:48:05,088 [main] DEBUG org.activiti.engine.impl.history.DefaultHistoryManager  - Current history level: NONE, level required: FULL
10:48:05,088 [main] DEBUG org.activiti.engine.impl.history.DefaultHistoryManager  - Current history level: NONE, level required: ACTIVITY
10:48:05,088 [main] DEBUG org.activiti.engine.impl.history.DefaultHistoryManager  - Current history level: NONE, level required: FULL
10:48:05,088 [main] DEBUG org.activiti.engine.impl.history.DefaultHistoryManager  - Current history level: NONE, level required: ACTIVITY
10:48:05,088 [main] DEBUG org.activiti.engine.impl.history.DefaultHistoryManager  - Current history level: NONE, level required: FULL
10:48:05,088 [main] DEBUG org.activiti.engine.impl.history.DefaultHistoryManager  - Current history level: NONE, level required: ACTIVITY
10:48:05,088 [main] DEBUG org.activiti.engine.impl.history.DefaultHistoryManager  - Current history level: NONE, level required: FULL
10:48:05,088 [main] DEBUG org.activiti.engine.impl.history.DefaultHistoryManager  - Current history level: NONE, level required: ACTIVITY
10:48:05,088 [main] DEBUG org.activiti.engine.impl.history.DefaultHistoryManager  - Current history level: NONE, level required: FULL
10:48:05,088 [main] DEBUG org.activiti.engine.impl.history.DefaultHistoryManager  - Current history level: NONE, level required: ACTIVITY
10:48:05,088 [main] DEBUG org.activiti.engine.impl.history.DefaultHistoryManager  - Current history level: NONE, level required: FULL
10:48:05,088 [main] DEBUG org.activiti.engine.impl.history.DefaultHistoryManager  - Current history level: NONE, level required: ACTIVITY
10:48:05,088 [main] DEBUG org.activiti.engine.impl.history.DefaultHistoryManager  - Current history level: NONE, level required: FULL
10:48:05,089 [main] DEBUG org.activiti.engine.impl.history.DefaultHistoryManager  - Current history level: NONE, level required: ACTIVITY
10:48:05,089 [main] DEBUG org.activiti.engine.impl.history.DefaultHistoryManager  - Current history level: NONE, level required: FULL
10:48:05,089 [main] DEBUG org.activiti.engine.impl.history.DefaultHistoryManager  - Current history level: NONE, level required: ACTIVITY
10:48:05,089 [main] DEBUG org.activiti.engine.impl.history.DefaultHistoryManager  - Current history level: NONE, level required: FULL
10:48:05,089 [main] DEBUG org.activiti.engine.impl.history.DefaultHistoryManager  - Current history level: NONE, level required: ACTIVITY
10:48:05,089 [main] DEBUG org.activiti.engine.impl.history.DefaultHistoryManager  - Current history level: NONE, level required: FULL
10:48:05,089 [main] DEBUG org.activiti.engine.impl.history.DefaultHistoryManager  - Current history level: NONE, level required: ACTIVITY
10:48:05,089 [main] DEBUG org.activiti.engine.impl.history.DefaultHistoryManager  - Current history level: NONE, level required: FULL
10:48:05,089 [main] DEBUG org.activiti.engine.impl.history.DefaultHistoryManager  - Current history level: NONE, level required: ACTIVITY
10:48:05,089 [main] DEBUG org.activiti.engine.impl.history.DefaultHistoryManager  - Current history level: NONE, level required: FULL
10:48:05,089 [main] DEBUG org.activiti.engine.impl.history.DefaultHistoryManager  - Current history level: NONE, level required: ACTIVITY
10:48:05,089 [main] DEBUG org.activiti.engine.impl.history.DefaultHistoryManager  - Current history level: NONE, level required: FULL
10:48:05,089 [main] DEBUG org.activiti.engine.impl.history.DefaultHistoryManager  - Current history level: NONE, level required: ACTIVITY
10:48:05,089 [main] DEBUG org.activiti.engine.impl.history.DefaultHistoryManager  - Current history level: NONE, level required: FULL
10:48:05,089 [main] DEBUG org.activiti.engine.impl.history.DefaultHistoryManager  - Current history level: NONE, level required: ACTIVITY
10:48:05,089 [main] DEBUG org.activiti.engine.impl.history.DefaultHistoryManager  - Current history level: NONE, level required: FULL
10:48:05,089 [main] DEBUG org.activiti.engine.impl.history.DefaultHistoryManager  - Current history level: NONE, level required: ACTIVITY
10:48:05,089 [main] DEBUG org.activiti.engine.impl.history.DefaultHistoryManager  - Current history level: NONE, level required: FULL
10:48:05,089 [main] DEBUG org.activiti.engine.impl.history.DefaultHistoryManager  - Current history level: NONE, level required: ACTIVITY
10:48:05,089 [main] DEBUG org.activiti.engine.impl.history.DefaultHistoryManager  - Current history level: NONE, level required: FULL
10:48:05,089 [main] DEBUG org.activiti.engine.impl.history.DefaultHistoryManager  - Current history level: NONE, level required: ACTIVITY
10:48:05,089 [main] DEBUG org.activiti.engine.impl.history.DefaultHistoryManager  - Current history level: NONE, level required: FULL
10:48:05,089 [main] DEBUG org.activiti.engine.impl.history.DefaultHistoryManager  - Current history level: NONE, level required: ACTIVITY
10:48:05,089 [main] DEBUG org.activiti.engine.impl.history.DefaultHistoryManager  - Current history level: NONE, level required: FULL
10:48:05,089 [main] DEBUG org.activiti.engine.impl.history.DefaultHistoryManager  - Current history level: NONE, level required: ACTIVITY
10:48:05,089 [main] DEBUG org.activiti.engine.impl.history.DefaultHistoryManager  - Current history level: NONE, level required: FULL
10:48:05,089 [main] DEBUG org.activiti.engine.impl.history.DefaultHistoryManager  - Current history level: NONE, level required: ACTIVITY
10:48:05,089 [main] DEBUG org.activiti.engine.impl.history.DefaultHistoryManager  - Current history level: NONE, level required: FULL
10:48:05,089 [main] DEBUG org.activiti.engine.impl.history.DefaultHistoryManager  - Current history level: NONE, level required: ACTIVITY
10:48:05,089 [main] DEBUG org.activiti.engine.impl.history.DefaultHistoryManager  - Current history level: NONE, level required: FULL
10:48:05,089 [main] DEBUG org.activiti.engine.impl.history.DefaultHistoryManager  - Current history level: NONE, level required: ACTIVITY
10:48:05,089 [main] DEBUG org.activiti.engine.impl.history.DefaultHistoryManager  - Current history level: NONE, level required: FULL
10:48:05,089 [main] DEBUG org.activiti.engine.impl.history.DefaultHistoryManager  - Current history level: NONE, level required: ACTIVITY
10:48:05,089 [main] DEBUG org.activiti.engine.impl.history.DefaultHistoryManager  - Current history level: NONE, level required: FULL
10:48:05,089 [main] DEBUG org.activiti.engine.impl.history.DefaultHistoryManager  - Current history level: NONE, level required: ACTIVITY
10:48:05,089 [main] DEBUG org.activiti.engine.impl.history.DefaultHistoryManager  - Current history level: NONE, level required: FULL
10:48:05,089 [main] DEBUG org.activiti.engine.impl.history.DefaultHistoryManager  - Current history level: NONE, level required: ACTIVITY
10:48:05,089 [main] DEBUG org.activiti.engine.impl.history.DefaultHistoryManager  - Current history level: NONE, level required: FULL
10:48:05,089 [main] DEBUG org.activiti.engine.impl.history.DefaultHistoryManager  - Current history level: NONE, level required: ACTIVITY
10:48:05,089 [main] DEBUG org.activiti.engine.impl.history.DefaultHistoryManager  - Current history level: NONE, level required: FULL
10:48:05,089 [main] DEBUG org.activiti.engine.impl.history.DefaultHistoryManager  - Current history level: NONE, level required: ACTIVITY
10:48:05,089 [main] DEBUG org.activiti.engine.impl.history.DefaultHistoryManager  - Current history level: NONE, level required: FULL
10:48:05,089 [main] DEBUG org.activiti.engine.impl.history.DefaultHistoryManager  - Current history level: NONE, level required: ACTIVITY
10:48:05,089 [main] DEBUG org.activiti.engine.impl.history.DefaultHistoryManager  - Current history level: NONE, level required: FULL
10:48:05,089 [main] DEBUG org.activiti.engine.impl.history.DefaultHistoryManager  - Current history level: NONE, level required: ACTIVITY
10:48:05,089 [main] DEBUG org.activiti.engine.impl.history.DefaultHistoryManager  - Current history level: NONE, level required: FULL
10:48:05,089 [main] DEBUG org.activiti.engine.impl.history.DefaultHistoryManager  - Current history level: NONE, level required: ACTIVITY
10:48:05,089 [main] DEBUG org.activiti.engine.impl.history.DefaultHistoryManager  - Current history level: NONE, level required: FULL
10:48:05,089 [main] DEBUG org.activiti.engine.impl.history.DefaultHistoryManager  - Current history level: NONE, level required: ACTIVITY
10:48:05,089 [main] DEBUG org.activiti.engine.impl.history.DefaultHistoryManager  - Current history level: NONE, level required: FULL
10:48:05,089 [main] DEBUG org.activiti.engine.impl.history.DefaultHistoryManager  - Current history level: NONE, level required: ACTIVITY
10:48:05,089 [main] DEBUG org.activiti.engine.impl.history.DefaultHistoryManager  - Current history level: NONE, level required: FULL
10:48:05,089 [main] DEBUG org.activiti.engine.impl.history.DefaultHistoryManager  - Current history level: NONE, level required: ACTIVITY
10:48:05,090 [main] DEBUG org.activiti.engine.impl.history.DefaultHistoryManager  - Current history level: NONE, level required: FULL
10:48:05,090 [main] DEBUG org.activiti.engine.impl.history.DefaultHistoryManager  - Current history level: NONE, level required: ACTIVITY
10:48:05,090 [main] DEBUG org.activiti.engine.impl.history.DefaultHistoryManager  - Current history level: NONE, level required: FULL
10:48:05,090 [main] DEBUG org.activiti.engine.impl.history.DefaultHistoryManager  - Current history level: NONE, level required: ACTIVITY
10:48:05,090 [main] DEBUG org.activiti.engine.impl.history.DefaultHistoryManager  - Current history level: NONE, level required: FULL
10:48:05,090 [main] DEBUG org.activiti.engine.impl.history.DefaultHistoryManager  - Current history level: NONE, level required: ACTIVITY
10:48:05,090 [main] DEBUG org.activiti.engine.impl.history.DefaultHistoryManager  - Current history level: NONE, level required: FULL
10:48:05,090 [main] DEBUG org.activiti.engine.impl.history.DefaultHistoryManager  - Current history level: NONE, level required: ACTIVITY
10:48:05,090 [main] DEBUG org.activiti.engine.impl.history.DefaultHistoryManager  - Current history level: NONE, level required: FULL
10:48:05,090 [main] DEBUG org.activiti.engine.impl.history.DefaultHistoryManager  - Current history level: NONE, level required: ACTIVITY
10:48:05,090 [main] DEBUG org.activiti.engine.impl.history.DefaultHistoryManager  - Current history level: NONE, level required: FULL
10:48:05,090 [main] DEBUG org.activiti.engine.impl.history.DefaultHistoryManager  - Current history level: NONE, level required: ACTIVITY
10:48:05,090 [main] DEBUG org.activiti.engine.impl.history.DefaultHistoryManager  - Current history level: NONE, level required: FULL
10:48:05,090 [main] DEBUG org.activiti.engine.impl.history.DefaultHistoryManager  - Current history level: NONE, level required: ACTIVITY
10:48:05,090 [main] DEBUG org.activiti.engine.impl.history.DefaultHistoryManager  - Current history level: NONE, level required: FULL
10:48:05,090 [main] DEBUG org.activiti.engine.impl.history.DefaultHistoryManager  - Current history level: NONE, level required: ACTIVITY
10:48:05,090 [main] DEBUG org.activiti.engine.impl.history.DefaultHistoryManager  - Current history level: NONE, level required: FULL
10:48:05,090 [main] DEBUG org.activiti.engine.impl.history.DefaultHistoryManager  - Current history level: NONE, level required: ACTIVITY
10:48:05,090 [main] DEBUG org.activiti.engine.impl.history.DefaultHistoryManager  - Current history level: NONE, level required: FULL
10:48:05,090 [main] DEBUG org.activiti.engine.impl.history.DefaultHistoryManager  - Current history level: NONE, level required: ACTIVITY
10:48:05,090 [main] DEBUG org.activiti.engine.impl.history.DefaultHistoryManager  - Current history level: NONE, level required: FULL
10:48:05,090 [main] DEBUG org.activiti.engine.impl.history.DefaultHistoryManager  - Current history level: NONE, level required: ACTIVITY
10:48:05,091 [main] DEBUG org.activiti.engine.impl.history.DefaultHistoryManager  - Current history level: NONE, level required: FULL
10:48:05,091 [main] DEBUG org.activiti.engine.impl.history.DefaultHistoryManager  - Current history level: NONE, level required: ACTIVITY
10:48:05,091 [main] DEBUG org.activiti.engine.impl.history.DefaultHistoryManager  - Current history level: NONE, level required: FULL
10:48:05,091 [main] DEBUG org.activiti.engine.impl.history.DefaultHistoryManager  - Current history level: NONE, level required: ACTIVITY
10:48:05,091 [main] DEBUG org.activiti.engine.impl.history.DefaultHistoryManager  - Current history level: NONE, level required: FULL
10:48:05,091 [main] DEBUG org.activiti.engine.impl.history.DefaultHistoryManager  - Current history level: NONE, level required: ACTIVITY
10:48:05,091 [main] DEBUG org.activiti.engine.impl.history.DefaultHistoryManager  - Current history level: NONE, level required: FULL
10:48:05,091 [main] DEBUG org.activiti.engine.impl.history.DefaultHistoryManager  - Current history level: NONE, level required: ACTIVITY
10:48:05,091 [main] DEBUG org.activiti.engine.impl.history.DefaultHistoryManager  - Current history level: NONE, level required: FULL
10:48:05,091 [main] DEBUG org.activiti.engine.impl.history.DefaultHistoryManager  - Current history level: NONE, level required: ACTIVITY
10:48:05,091 [main] DEBUG org.activiti.engine.impl.history.DefaultHistoryManager  - Current history level: NONE, level required: FULL
10:48:05,091 [main] DEBUG org.activiti.engine.impl.history.DefaultHistoryManager  - Current history level: NONE, level required: ACTIVITY
10:48:05,091 [main] DEBUG org.activiti.engine.impl.history.DefaultHistoryManager  - Current history level: NONE, level required: FULL
10:48:05,091 [main] DEBUG org.activiti.engine.impl.history.DefaultHistoryManager  - Current history level: NONE, level required: ACTIVITY
10:48:05,091 [main] DEBUG org.activiti.engine.impl.history.DefaultHistoryManager  - Current history level: NONE, level required: FULL
10:48:05,091 [main] DEBUG org.activiti.engine.impl.history.DefaultHistoryManager  - Current history level: NONE, level required: ACTIVITY
10:48:05,091 [main] DEBUG org.activiti.engine.impl.history.DefaultHistoryManager  - Current history level: NONE, level required: FULL
10:48:05,091 [main] DEBUG org.activiti.engine.impl.history.DefaultHistoryManager  - Current history level: NONE, level required: ACTIVITY
10:48:05,091 [main] DEBUG org.activiti.engine.impl.history.DefaultHistoryManager  - Current history level: NONE, level required: FULL
10:48:05,091 [main] DEBUG org.activiti.engine.impl.history.DefaultHistoryManager  - Current history level: NONE, level required: ACTIVITY
10:48:05,091 [main] DEBUG org.activiti.engine.impl.history.DefaultHistoryManager  - Current history level: NONE, level required: FULL
10:48:05,091 [main] DEBUG org.activiti.engine.impl.history.DefaultHistoryManager  - Current history level: NONE, level required: ACTIVITY
10:48:05,091 [main] DEBUG org.activiti.engine.impl.history.DefaultHistoryManager  - Current history level: NONE, level required: FULL
10:48:05,091 [main] DEBUG org.activiti.engine.impl.history.DefaultHistoryManager  - Current history level: NONE, level required: ACTIVITY
10:48:05,091 [main] DEBUG org.activiti.engine.impl.history.DefaultHistoryManager  - Current history level: NONE, level required: FULL
10:48:05,091 [main] DEBUG org.activiti.engine.impl.history.DefaultHistoryManager  - Current history level: NONE, level required: ACTIVITY
10:48:05,091 [main] DEBUG org.activiti.engine.impl.history.DefaultHistoryManager  - Current history level: NONE, level required: FULL
10:48:05,091 [main] DEBUG org.activiti.engine.impl.history.DefaultHistoryManager  - Current history level: NONE, level required: ACTIVITY
10:48:05,091 [main] DEBUG org.activiti.engine.impl.history.DefaultHistoryManager  - Current history level: NONE, level required: FULL
10:48:05,091 [main] DEBUG org.activiti.engine.impl.history.DefaultHistoryManager  - Current history level: NONE, level required: ACTIVITY
10:48:05,092 [main] DEBUG org.activiti.engine.impl.history.DefaultHistoryManager  - Current history level: NONE, level required: FULL
10:48:05,092 [main] DEBUG org.activiti.engine.impl.history.DefaultHistoryManager  - Current history level: NONE, level required: ACTIVITY
10:48:05,092 [main] DEBUG org.activiti.engine.impl.history.DefaultHistoryManager  - Current history level: NONE, level required: FULL
10:48:05,092 [main] DEBUG org.activiti.engine.impl.history.DefaultHistoryManager  - Current history level: NONE, level required: ACTIVITY
10:48:05,092 [main] DEBUG org.activiti.engine.impl.history.DefaultHistoryManager  - Current history level: NONE, level required: FULL
10:48:05,092 [main] DEBUG org.activiti.engine.impl.history.DefaultHistoryManager  - Current history level: NONE, level required: ACTIVITY
10:48:05,092 [main] DEBUG org.activiti.engine.impl.history.DefaultHistoryManager  - Current history level: NONE, level required: FULL
10:48:05,092 [main] DEBUG org.activiti.engine.impl.history.DefaultHistoryManager  - Current history level: NONE, level required: ACTIVITY
10:48:05,092 [main] DEBUG org.activiti.engine.impl.history.DefaultHistoryManager  - Current history level: NONE, level required: FULL
10:48:05,092 [main] DEBUG org.activiti.engine.impl.history.DefaultHistoryManager  - Current history level: NONE, level required: ACTIVITY
10:48:05,092 [main] DEBUG org.activiti.engine.impl.history.DefaultHistoryManager  - Current history level: NONE, level required: FULL
10:48:05,092 [main] DEBUG org.activiti.engine.impl.history.DefaultHistoryManager  - Current history level: NONE, level required: ACTIVITY
10:48:05,092 [main] DEBUG org.activiti.engine.impl.history.DefaultHistoryManager  - Current history level: NONE, level required: FULL
10:48:05,092 [main] DEBUG org.activiti.engine.impl.history.DefaultHistoryManager  - Current history level: NONE, level required: ACTIVITY
10:48:05,092 [main] DEBUG org.activiti.engine.impl.history.DefaultHistoryManager  - Current history level: NONE, level required: FULL
10:48:05,092 [main] DEBUG org.activiti.engine.impl.history.DefaultHistoryManager  - Current history level: NONE, level required: ACTIVITY
10:48:05,092 [main] DEBUG org.activiti.engine.impl.history.DefaultHistoryManager  - Current history level: NONE, level required: FULL
10:48:05,092 [main] DEBUG org.activiti.engine.impl.history.DefaultHistoryManager  - Current history level: NONE, level required: ACTIVITY
10:48:05,092 [main] DEBUG org.activiti.engine.impl.history.DefaultHistoryManager  - Current history level: NONE, level required: FULL
10:48:05,092 [main] DEBUG org.activiti.engine.impl.history.DefaultHistoryManager  - Current history level: NONE, level required: ACTIVITY
10:48:05,092 [main] DEBUG org.activiti.engine.impl.history.DefaultHistoryManager  - Current history level: NONE, level required: FULL
10:48:05,092 [main] DEBUG org.activiti.engine.impl.history.DefaultHistoryManager  - Current history level: NONE, level required: ACTIVITY
10:48:05,092 [main] DEBUG org.activiti.engine.impl.history.DefaultHistoryManager  - Current history level: NONE, level required: FULL
10:48:05,092 [main] DEBUG org.activiti.engine.impl.history.DefaultHistoryManager  - Current history level: NONE, level required: ACTIVITY
10:48:05,092 [main] DEBUG org.activiti.engine.impl.history.DefaultHistoryManager  - Current history level: NONE, level required: FULL
10:48:05,092 [main] DEBUG org.activiti.engine.impl.interceptor.LogInterceptor  - 

10:48:05,092 [main] DEBUG org.activiti.engine.impl.interceptor.LogInterceptor  - --- starting GetNextIdBlockCmd --------------------------------------------------------
10:48:05,092 [main] DEBUG org.apache.ibatis.transaction.jdbc.JdbcTransaction  - Opening JDBC Connection
10:48:05,092 [main] DEBUG org.apache.ibatis.datasource.pooled.PooledDataSource  - Created connection 480243067.
10:48:05,092 [main] DEBUG org.apache.ibatis.transaction.jdbc.JdbcTransaction  - Setting autocommit to false on JDBC Connection [conn92: url=jdbc:h2:mem:activiti user=SA]
10:48:05,093 [main] DEBUG org.activiti.engine.impl.persistence.entity.PropertyEntity.selectProperty  - ==&gt;  Preparing: select * from ACT_GE_PROPERTY where NAME_ = ? 
10:48:05,093 [main] DEBUG org.activiti.engine.impl.persistence.entity.PropertyEntity.selectProperty  - ==&gt; Parameters: next.dbid(String)
10:48:05,093 [main] DEBUG org.activiti.engine.impl.persistence.entity.PropertyEntity.selectProperty  - &lt;==      Total: 1
10:48:05,093 [main] DEBUG org.activiti.engine.impl.db.DbSqlSession  -   update PropertyEntity[name=next.dbid, value=7501]
10:48:05,093 [main] DEBUG org.activiti.engine.impl.db.DbSqlSession  - flush summary: 0 insert, 1 update, 0 delete.
10:48:05,093 [main] DEBUG org.activiti.engine.impl.db.DbSqlSession  - now executing flush...
10:48:05,093 [main] DEBUG org.activiti.engine.impl.db.DbSqlSession  - updating: PropertyEntity[name=next.dbid, value=7501]
10:48:05,093 [main] DEBUG org.activiti.engine.impl.persistence.entity.PropertyEntity.updateProperty  - ==&gt;  Preparing: update ACT_GE_PROPERTY SET REV_ = ?, VALUE_ = ? where NAME_ = ? and REV_ = ? 
10:48:05,093 [main] DEBUG org.activiti.engine.impl.persistence.entity.PropertyEntity.updateProperty  - ==&gt; Parameters: 4(Integer), 7501(String), next.dbid(String), 3(Integer)
10:48:05,093 [main] DEBUG org.activiti.engine.impl.persistence.entity.PropertyEntity.updateProperty  - &lt;==    Updates: 1
10:48:05,093 [main] DEBUG org.activiti.engine.impl.cfg.standalone.StandaloneMybatisTransactionContext  - firing event committing...
10:48:05,093 [main] DEBUG org.activiti.engine.impl.cfg.standalone.StandaloneMybatisTransactionContext  - committing the ibatis sql session...
10:48:05,093 [main] DEBUG org.apache.ibatis.transaction.jdbc.JdbcTransaction  - Committing JDBC Connection [conn92: url=jdbc:h2:mem:activiti user=SA]
10:48:05,093 [main] DEBUG org.activiti.engine.impl.cfg.standalone.StandaloneMybatisTransactionContext  - firing event committed...
10:48:05,093 [main] DEBUG org.apache.ibatis.transaction.jdbc.JdbcTransaction  - Resetting autocommit to true on JDBC Connection [conn92: url=jdbc:h2:mem:activiti user=SA]
10:48:05,093 [main] DEBUG org.apache.ibatis.transaction.jdbc.JdbcTransaction  - Closing JDBC Connection [conn92: url=jdbc:h2:mem:activiti user=SA]
10:48:05,093 [main] DEBUG org.apache.ibatis.datasource.pooled.PooledDataSource  - Returned connection 480243067 to pool.
10:48:05,093 [main] DEBUG org.activiti.engine.impl.interceptor.LogInterceptor  - --- GetNextIdBlockCmd finished --------------------------------------------------------
10:48:05,093 [main] DEBUG org.activiti.engine.impl.interceptor.LogInterceptor  - 

10:48:05,093 [main] DEBUG org.activiti.engine.impl.history.DefaultHistoryManager  - Current history level: NONE, level required: ACTIVITY
10:48:05,093 [main] DEBUG org.activiti.engine.impl.history.DefaultHistoryManager  - Current history level: NONE, level required: FULL
10:48:05,093 [main] DEBUG org.activiti.engine.impl.history.DefaultHistoryManager  - Current history level: NONE, level required: ACTIVITY
10:48:05,093 [main] DEBUG org.activiti.engine.impl.history.DefaultHistoryManager  - Current history level: NONE, level required: FULL
10:48:05,093 [main] DEBUG org.activiti.engine.impl.history.DefaultHistoryManager  - Current history level: NONE, level required: ACTIVITY
10:48:05,093 [main] DEBUG org.activiti.engine.impl.history.DefaultHistoryManager  - Current history level: NONE, level required: FULL
10:48:05,093 [main] DEBUG org.activiti.engine.impl.history.DefaultHistoryManager  - Current history level: NONE, level required: ACTIVITY
10:48:05,093 [main] DEBUG org.activiti.engine.impl.history.DefaultHistoryManager  - Current history level: NONE, level required: FULL
10:48:05,093 [main] DEBUG org.activiti.engine.impl.history.DefaultHistoryManager  - Current history level: NONE, level required: ACTIVITY
10:48:05,093 [main] DEBUG org.activiti.engine.impl.history.DefaultHistoryManager  - Current history level: NONE, level required: FULL
10:48:05,093 [main] DEBUG org.activiti.engine.impl.history.DefaultHistoryManager  - Current history level: NONE, level required: ACTIVITY
10:48:05,094 [main] DEBUG org.activiti.engine.impl.history.DefaultHistoryManager  - Current history level: NONE, level required: FULL
10:48:05,094 [main] DEBUG org.activiti.engine.impl.history.DefaultHistoryManager  - Current history level: NONE, level required: ACTIVITY
10:48:05,094 [main] DEBUG org.activiti.engine.impl.history.DefaultHistoryManager  - Current history level: NONE, level required: FULL
10:48:05,094 [main] DEBUG org.activiti.engine.impl.history.DefaultHistoryManager  - Current history level: NONE, level required: ACTIVITY
10:48:05,094 [main] DEBUG org.activiti.engine.impl.history.DefaultHistoryManager  - Current history level: NONE, level required: FULL
10:48:05,094 [main] DEBUG org.activiti.engine.impl.history.DefaultHistoryManager  - Current history level: NONE, level required: ACTIVITY
10:48:05,094 [main] DEBUG org.activiti.engine.impl.history.DefaultHistoryManager  - Current history level: NONE, level required: FULL
10:48:05,094 [main] DEBUG org.activiti.engine.impl.history.DefaultHistoryManager  - Current history level: NONE, level required: ACTIVITY
10:48:05,094 [main] DEBUG org.activiti.engine.impl.history.DefaultHistoryManager  - Current history level: NONE, level required: FULL
10:48:05,094 [main] DEBUG org.activiti.engine.impl.history.DefaultHistoryManager  - Current history level: NONE, level required: ACTIVITY
10:48:05,094 [main] DEBUG org.activiti.engine.impl.history.DefaultHistoryManager  - Current history level: NONE, level required: FULL
10:48:05,094 [main] DEBUG org.activiti.engine.impl.history.DefaultHistoryManager  - Current history level: NONE, level required: ACTIVITY
10:48:05,094 [main] DEBUG org.activiti.engine.impl.history.DefaultHistoryManager  - Current history level: NONE, level required: FULL
10:48:05,094 [main] DEBUG org.activiti.engine.impl.history.DefaultHistoryManager  - Current history level: NONE, level required: ACTIVITY
10:48:05,094 [main] DEBUG org.activiti.engine.impl.history.DefaultHistoryManager  - Current history level: NONE, level required: FULL
10:48:05,094 [main] DEBUG org.activiti.engine.impl.history.DefaultHistoryManager  - Current history level: NONE, level required: ACTIVITY
10:48:05,094 [main] DEBUG org.activiti.engine.impl.history.DefaultHistoryManager  - Current history level: NONE, level required: FULL
10:48:05,094 [main] DEBUG org.activiti.engine.impl.history.DefaultHistoryManager  - Current history level: NONE, level required: ACTIVITY
10:48:05,094 [main] DEBUG org.activiti.engine.impl.history.DefaultHistoryManager  - Current history level: NONE, level required: FULL
10:48:05,094 [main] DEBUG org.activiti.engine.impl.history.DefaultHistoryManager  - Current history level: NONE, level required: ACTIVITY
10:48:05,094 [main] DEBUG org.activiti.engine.impl.history.DefaultHistoryManager  - Current history level: NONE, level required: FULL
10:48:05,094 [main] DEBUG org.activiti.engine.impl.history.DefaultHistoryManager  - Current history level: NONE, level required: ACTIVITY
10:48:05,094 [main] DEBUG org.activiti.engine.impl.history.DefaultHistoryManager  - Current history level: NONE, level required: FULL
10:48:05,094 [main] DEBUG org.activiti.engine.impl.history.DefaultHistoryManager  - Current history level: NONE, level required: ACTIVITY
10:48:05,094 [main] DEBUG org.activiti.engine.impl.history.DefaultHistoryManager  - Current history level: NONE, level required: FULL
10:48:05,094 [main] DEBUG org.activiti.engine.impl.history.DefaultHistoryManager  - Current history level: NONE, level required: ACTIVITY
10:48:05,094 [main] DEBUG org.activiti.engine.impl.history.DefaultHistoryManager  - Current history level: NONE, level required: FULL
10:48:05,094 [main] DEBUG org.activiti.engine.impl.history.DefaultHistoryManager  - Current history level: NONE, level required: ACTIVITY
10:48:05,094 [main] DEBUG org.activiti.engine.impl.history.DefaultHistoryManager  - Current history level: NONE, level required: FULL
10:48:05,094 [main] DEBUG org.activiti.engine.impl.history.DefaultHistoryManager  - Current history level: NONE, level required: ACTIVITY
10:48:05,094 [main] DEBUG org.activiti.engine.impl.history.DefaultHistoryManager  - Current history level: NONE, level required: FULL
10:48:05,094 [main] DEBUG org.activiti.engine.impl.history.DefaultHistoryManager  - Current history level: NONE, level required: ACTIVITY
10:48:05,094 [main] DEBUG org.activiti.engine.impl.history.DefaultHistoryManager  - Current history level: NONE, level required: FULL
10:48:05,094 [main] DEBUG org.activiti.engine.impl.history.DefaultHistoryManager  - Current history level: NONE, level required: ACTIVITY
10:48:05,094 [main] DEBUG org.activiti.engine.impl.history.DefaultHistoryManager  - Current history level: NONE, level required: FULL
10:48:05,094 [main] DEBUG org.activiti.engine.impl.history.DefaultHistoryManager  - Current history level: NONE, level required: ACTIVITY
10:48:05,094 [main] DEBUG org.activiti.engine.impl.history.DefaultHistoryManager  - Current history level: NONE, level required: FULL
10:48:05,094 [main] DEBUG org.activiti.engine.impl.history.DefaultHistoryManager  - Current history level: NONE, level required: ACTIVITY
10:48:05,094 [main] DEBUG org.activiti.engine.impl.history.DefaultHistoryManager  - Current history level: NONE, level required: FULL
10:48:05,094 [main] DEBUG org.activiti.engine.impl.history.DefaultHistoryManager  - Current history level: NONE, level required: ACTIVITY
10:48:05,094 [main] DEBUG org.activiti.engine.impl.history.DefaultHistoryManager  - Current history level: NONE, level required: FULL
10:48:05,095 [main] DEBUG org.activiti.engine.impl.history.DefaultHistoryManager  - Current history level: NONE, level required: ACTIVITY
10:48:05,095 [main] DEBUG org.activiti.engine.impl.history.DefaultHistoryManager  - Current history level: NONE, level required: FULL
10:48:05,095 [main] DEBUG org.activiti.engine.impl.history.DefaultHistoryManager  - Current history level: NONE, level required: ACTIVITY
10:48:05,095 [main] DEBUG org.activiti.engine.impl.history.DefaultHistoryManager  - Current history level: NONE, level required: FULL
10:48:05,095 [main] DEBUG org.activiti.engine.impl.history.DefaultHistoryManager  - Current history level: NONE, level required: ACTIVITY
10:48:05,095 [main] DEBUG org.activiti.engine.impl.history.DefaultHistoryManager  - Current history level: NONE, level required: FULL
10:48:05,095 [main] DEBUG org.activiti.engine.impl.history.DefaultHistoryManager  - Current history level: NONE, level required: ACTIVITY
10:48:05,095 [main] DEBUG org.activiti.engine.impl.history.DefaultHistoryManager  - Current history level: NONE, level required: FULL
10:48:05,095 [main] DEBUG org.activiti.engine.impl.history.DefaultHistoryManager  - Current history level: NONE, level required: ACTIVITY
10:48:05,095 [main] DEBUG org.activiti.engine.impl.history.DefaultHistoryManager  - Current history level: NONE, level required: FULL
10:48:05,095 [main] DEBUG org.activiti.engine.impl.history.DefaultHistoryManager  - Current history level: NONE, level required: ACTIVITY
10:48:05,095 [main] DEBUG org.activiti.engine.impl.history.DefaultHistoryManager  - Current history level: NONE, level required: FULL
10:48:05,095 [main] DEBUG org.activiti.engine.impl.history.DefaultHistoryManager  - Current history level: NONE, level required: ACTIVITY
10:48:05,095 [main] DEBUG org.activiti.engine.impl.history.DefaultHistoryManager  - Current history level: NONE, level required: FULL
10:48:05,095 [main] DEBUG org.activiti.engine.impl.history.DefaultHistoryManager  - Current history level: NONE, level required: ACTIVITY
10:48:05,095 [main] DEBUG org.activiti.engine.impl.history.DefaultHistoryManager  - Current history level: NONE, level required: FULL
10:48:05,095 [main] DEBUG org.activiti.engine.impl.history.DefaultHistoryManager  - Current history level: NONE, level required: ACTIVITY
10:48:05,095 [main] DEBUG org.activiti.engine.impl.history.DefaultHistoryManager  - Current history level: NONE, level required: FULL
10:48:05,095 [main] DEBUG org.activiti.engine.impl.history.DefaultHistoryManager  - Current history level: NONE, level required: ACTIVITY
10:48:05,095 [main] DEBUG org.activiti.engine.impl.history.DefaultHistoryManager  - Current history level: NONE, level required: FULL
10:48:05,095 [main] DEBUG org.activiti.engine.impl.history.DefaultHistoryManager  - Current history level: NONE, level required: ACTIVITY
10:48:05,095 [main] DEBUG org.activiti.engine.impl.history.DefaultHistoryManager  - Current history level: NONE, level required: FULL
10:48:05,095 [main] DEBUG org.activiti.engine.impl.history.DefaultHistoryManager  - Current history level: NONE, level required: ACTIVITY
10:48:05,095 [main] DEBUG org.activiti.engine.impl.history.DefaultHistoryManager  - Current history level: NONE, level required: FULL
10:48:05,095 [main] DEBUG org.activiti.engine.impl.history.DefaultHistoryManager  - Current history level: NONE, level required: ACTIVITY
10:48:05,096 [main] DEBUG org.activiti.engine.impl.history.DefaultHistoryManager  - Current history level: NONE, level required: FULL
10:48:05,096 [main] DEBUG org.activiti.engine.impl.history.DefaultHistoryManager  - Current history level: NONE, level required: ACTIVITY
10:48:05,096 [main] DEBUG org.activiti.engine.impl.history.DefaultHistoryManager  - Current history level: NONE, level required: FULL
10:48:05,096 [main] DEBUG org.activiti.engine.impl.history.DefaultHistoryManager  - Current history level: NONE, level required: ACTIVITY
10:48:05,096 [main] DEBUG org.activiti.engine.impl.history.DefaultHistoryManager  - Current history level: NONE, level required: FULL
10:48:05,097 [main] DEBUG org.activiti.engine.impl.history.DefaultHistoryManager  - Current history level: NONE, level required: ACTIVITY
10:48:05,097 [main] DEBUG org.activiti.engine.impl.history.DefaultHistoryManager  - Current history level: NONE, level required: FULL
10:48:05,097 [main] DEBUG org.activiti.engine.impl.history.DefaultHistoryManager  - Current history level: NONE, level required: ACTIVITY
10:48:05,097 [main] DEBUG org.activiti.engine.impl.history.DefaultHistoryManager  - Current history level: NONE, level required: FULL
10:48:05,097 [main] DEBUG org.activiti.engine.impl.history.DefaultHistoryManager  - Current history level: NONE, level required: ACTIVITY
10:48:05,097 [main] DEBUG org.activiti.engine.impl.history.DefaultHistoryManager  - Current history level: NONE, level required: FULL
10:48:05,097 [main] DEBUG org.activiti.engine.impl.history.DefaultHistoryManager  - Current history level: NONE, level required: ACTIVITY
10:48:05,097 [main] DEBUG org.activiti.engine.impl.history.DefaultHistoryManager  - Current history level: NONE, level required: FULL
10:48:05,097 [main] DEBUG org.activiti.engine.impl.history.DefaultHistoryManager  - Current history level: NONE, level required: ACTIVITY
10:48:05,097 [main] DEBUG org.activiti.engine.impl.history.DefaultHistoryManager  - Current history level: NONE, level required: FULL
10:48:05,097 [main] DEBUG org.activiti.engine.impl.history.DefaultHistoryManager  - Current history level: NONE, level required: ACTIVITY
10:48:05,097 [main] DEBUG org.activiti.engine.impl.history.DefaultHistoryManager  - Current history level: NONE, level required: FULL
10:48:05,097 [main] DEBUG org.activiti.engine.impl.history.DefaultHistoryManager  - Current history level: NONE, level required: ACTIVITY
10:48:05,097 [main] DEBUG org.activiti.engine.impl.history.DefaultHistoryManager  - Current history level: NONE, level required: FULL
10:48:05,097 [main] DEBUG org.activiti.engine.impl.history.DefaultHistoryManager  - Current history level: NONE, level required: ACTIVITY
10:48:05,097 [main] DEBUG org.activiti.engine.impl.history.DefaultHistoryManager  - Current history level: NONE, level required: FULL
10:48:05,097 [main] DEBUG org.activiti.engine.impl.history.DefaultHistoryManager  - Current history level: NONE, level required: ACTIVITY
10:48:05,097 [main] DEBUG org.activiti.engine.impl.history.DefaultHistoryManager  - Current history level: NONE, level required: FULL
10:48:05,097 [main] DEBUG org.activiti.engine.impl.history.DefaultHistoryManager  - Current history level: NONE, level required: ACTIVITY
10:48:05,097 [main] DEBUG org.activiti.engine.impl.history.DefaultHistoryManager  - Current history level: NONE, level required: FULL
10:48:05,097 [main] DEBUG org.activiti.engine.impl.history.DefaultHistoryManager  - Current history level: NONE, level required: ACTIVITY
10:48:05,097 [main] DEBUG org.activiti.engine.impl.history.DefaultHistoryManager  - Current history level: NONE, level required: FULL
10:48:05,097 [main] DEBUG org.activiti.engine.impl.history.DefaultHistoryManager  - Current history level: NONE, level required: ACTIVITY
10:48:05,097 [main] DEBUG org.activiti.engine.impl.history.DefaultHistoryManager  - Current history level: NONE, level required: FULL
10:48:05,097 [main] DEBUG org.activiti.engine.impl.history.DefaultHistoryManager  - Current history level: NONE, level required: ACTIVITY
10:48:05,097 [main] DEBUG org.activiti.engine.impl.history.DefaultHistoryManager  - Current history level: NONE, level required: FULL
10:48:05,097 [main] DEBUG org.activiti.engine.impl.history.DefaultHistoryManager  - Current history level: NONE, level required: ACTIVITY
10:48:05,097 [main] DEBUG org.activiti.engine.impl.history.DefaultHistoryManager  - Current history level: NONE, level required: FULL
10:48:05,097 [main] DEBUG org.activiti.engine.impl.history.DefaultHistoryManager  - Current history level: NONE, level required: ACTIVITY
10:48:05,097 [main] DEBUG org.activiti.engine.impl.history.DefaultHistoryManager  - Current history level: NONE, level required: FULL
10:48:05,097 [main] DEBUG org.activiti.engine.impl.history.DefaultHistoryManager  - Current history level: NONE, level required: ACTIVITY
10:48:05,098 [main] DEBUG org.activiti.engine.impl.history.DefaultHistoryManager  - Current history level: NONE, level required: FULL
10:48:05,098 [main] DEBUG org.activiti.engine.impl.history.DefaultHistoryManager  - Current history level: NONE, level required: ACTIVITY
10:48:05,098 [main] DEBUG org.activiti.engine.impl.history.DefaultHistoryManager  - Current history level: NONE, level required: FULL
10:48:05,098 [main] DEBUG org.activiti.engine.impl.history.DefaultHistoryManager  - Current history level: NONE, level required: ACTIVITY
10:48:05,098 [main] DEBUG org.activiti.engine.impl.history.DefaultHistoryManager  - Current history level: NONE, level required: FULL
10:48:05,098 [main] DEBUG org.activiti.engine.impl.history.DefaultHistoryManager  - Current history level: NONE, level required: ACTIVITY
10:48:05,098 [main] DEBUG org.activiti.engine.impl.history.DefaultHistoryManager  - Current history level: NONE, level required: FULL
10:48:05,098 [main] DEBUG org.activiti.engine.impl.history.DefaultHistoryManager  - Current history level: NONE, level required: ACTIVITY
10:48:05,098 [main] DEBUG org.activiti.engine.impl.history.DefaultHistoryManager  - Current history level: NONE, level required: FULL
10:48:05,098 [main] DEBUG org.activiti.engine.impl.history.DefaultHistoryManager  - Current history level: NONE, level required: ACTIVITY
10:48:05,098 [main] DEBUG org.activiti.engine.impl.history.DefaultHistoryManager  - Current history level: NONE, level required: FULL
10:48:05,098 [main] DEBUG org.activiti.engine.impl.history.DefaultHistoryManager  - Current history level: NONE, level required: ACTIVITY
10:48:05,098 [main] DEBUG org.activiti.engine.impl.history.DefaultHistoryManager  - Current history level: NONE, level required: FULL
10:48:05,098 [main] DEBUG org.activiti.engine.impl.history.DefaultHistoryManager  - Current history level: NONE, level required: ACTIVITY
10:48:05,098 [main] DEBUG org.activiti.engine.impl.history.DefaultHistoryManager  - Current history level: NONE, level required: FULL
10:48:05,098 [main] DEBUG org.activiti.engine.impl.history.DefaultHistoryManager  - Current history level: NONE, level required: ACTIVITY
10:48:05,098 [main] DEBUG org.activiti.engine.impl.history.DefaultHistoryManager  - Current history level: NONE, level required: FULL
10:48:05,098 [main] DEBUG org.activiti.engine.impl.history.DefaultHistoryManager  - Current history level: NONE, level required: ACTIVITY
10:48:05,098 [main] DEBUG org.activiti.engine.impl.history.DefaultHistoryManager  - Current history level: NONE, level required: FULL
10:48:05,098 [main] DEBUG org.activiti.engine.impl.history.DefaultHistoryManager  - Current history level: NONE, level required: ACTIVITY
10:48:05,098 [main] DEBUG org.activiti.engine.impl.history.DefaultHistoryManager  - Current history level: NONE, level required: FULL
10:48:05,098 [main] DEBUG org.activiti.engine.impl.history.DefaultHistoryManager  - Current history level: NONE, level required: ACTIVITY
10:48:05,098 [main] DEBUG org.activiti.engine.impl.history.DefaultHistoryManager  - Current history level: NONE, level required: FULL
10:48:05,098 [main] DEBUG org.activiti.engine.impl.history.DefaultHistoryManager  - Current history level: NONE, level required: ACTIVITY
10:48:05,098 [main] DEBUG org.activiti.engine.impl.history.DefaultHistoryManager  - Current history level: NONE, level required: FULL
10:48:05,098 [main] DEBUG org.activiti.engine.impl.history.DefaultHistoryManager  - Current history level: NONE, level required: ACTIVITY
10:48:05,098 [main] DEBUG org.activiti.engine.impl.history.DefaultHistoryManager  - Current history level: NONE, level required: FULL
10:48:05,098 [main] DEBUG org.activiti.engine.impl.history.DefaultHistoryManager  - Current history level: NONE, level required: ACTIVITY
10:48:05,099 [main] DEBUG org.activiti.engine.impl.history.DefaultHistoryManager  - Current history level: NONE, level required: FULL
10:48:05,099 [main] DEBUG org.activiti.engine.impl.history.DefaultHistoryManager  - Current history level: NONE, level required: ACTIVITY
10:48:05,099 [main] DEBUG org.activiti.engine.impl.history.DefaultHistoryManager  - Current history level: NONE, level required: FULL
10:48:05,099 [main] DEBUG org.activiti.engine.impl.history.DefaultHistoryManager  - Current history level: NONE, level required: ACTIVITY
10:48:05,099 [main] DEBUG org.activiti.engine.impl.history.DefaultHistoryManager  - Current history level: NONE, level required: FULL
10:48:05,099 [main] DEBUG org.activiti.engine.impl.history.DefaultHistoryManager  - Current history level: NONE, level required: ACTIVITY
10:48:05,099 [main] DEBUG org.activiti.engine.impl.history.DefaultHistoryManager  - Current history level: NONE, level required: FULL
10:48:05,099 [main] DEBUG org.activiti.engine.impl.history.DefaultHistoryManager  - Current history level: NONE, level required: ACTIVITY
10:48:05,099 [main] DEBUG org.activiti.engine.impl.history.DefaultHistoryManager  - Current history level: NONE, level required: FULL
10:48:05,099 [main] DEBUG org.activiti.engine.impl.history.DefaultHistoryManager  - Current history level: NONE, level required: ACTIVITY
10:48:05,099 [main] DEBUG org.activiti.engine.impl.history.DefaultHistoryManager  - Current history level: NONE, level required: FULL
10:48:05,099 [main] DEBUG org.activiti.engine.impl.history.DefaultHistoryManager  - Current history level: NONE, level required: ACTIVITY
10:48:05,099 [main] DEBUG org.activiti.engine.impl.history.DefaultHistoryManager  - Current history level: NONE, level required: FULL
10:48:05,099 [main] DEBUG org.activiti.engine.impl.history.DefaultHistoryManager  - Current history level: NONE, level required: ACTIVITY
10:48:05,099 [main] DEBUG org.activiti.engine.impl.history.DefaultHistoryManager  - Current history level: NONE, level required: FULL
10:48:05,100 [main] DEBUG org.activiti.engine.impl.history.DefaultHistoryManager  - Current history level: NONE, level required: ACTIVITY
10:48:05,100 [main] DEBUG org.activiti.engine.impl.history.DefaultHistoryManager  - Current history level: NONE, level required: FULL
10:48:05,100 [main] DEBUG org.activiti.engine.impl.history.DefaultHistoryManager  - Current history level: NONE, level required: ACTIVITY
10:48:05,100 [main] DEBUG org.activiti.engine.impl.history.DefaultHistoryManager  - Current history level: NONE, level required: FULL
10:48:05,100 [main] DEBUG org.activiti.engine.impl.history.DefaultHistoryManager  - Current history level: NONE, level required: ACTIVITY
10:48:05,100 [main] DEBUG org.activiti.engine.impl.history.DefaultHistoryManager  - Current history level: NONE, level required: FULL
10:48:05,100 [main] DEBUG org.activiti.engine.impl.history.DefaultHistoryManager  - Current history level: NONE, level required: ACTIVITY
10:48:05,100 [main] DEBUG org.activiti.engine.impl.history.DefaultHistoryManager  - Current history level: NONE, level required: FULL
10:48:05,100 [main] DEBUG org.activiti.engine.impl.history.DefaultHistoryManager  - Current history level: NONE, level required: ACTIVITY
10:48:05,100 [main] DEBUG org.activiti.engine.impl.history.DefaultHistoryManager  - Current history level: NONE, level required: FULL
10:48:05,100 [main] DEBUG org.activiti.engine.impl.history.DefaultHistoryManager  - Current history level: NONE, level required: ACTIVITY
10:48:05,100 [main] DEBUG org.activiti.engine.impl.history.DefaultHistoryManager  - Current history level: NONE, level required: FULL
10:48:05,100 [main] DEBUG org.activiti.engine.impl.history.DefaultHistoryManager  - Current history level: NONE, level required: ACTIVITY
10:48:05,100 [main] DEBUG org.activiti.engine.impl.history.DefaultHistoryManager  - Current history level: NONE, level required: FULL
10:48:05,100 [main] DEBUG org.activiti.engine.impl.history.DefaultHistoryManager  - Current history level: NONE, level required: ACTIVITY
10:48:05,100 [main] DEBUG org.activiti.engine.impl.history.DefaultHistoryManager  - Current history level: NONE, level required: FULL
10:48:05,100 [main] DEBUG org.activiti.engine.impl.history.DefaultHistoryManager  - Current history level: NONE, level required: ACTIVITY
10:48:05,100 [main] DEBUG org.activiti.engine.impl.history.DefaultHistoryManager  - Current history level: NONE, level required: FULL
10:48:05,100 [main] DEBUG org.activiti.engine.impl.history.DefaultHistoryManager  - Current history level: NONE, level required: ACTIVITY
10:48:05,100 [main] DEBUG org.activiti.engine.impl.history.DefaultHistoryManager  - Current history level: NONE, level required: FULL
10:48:05,100 [main] DEBUG org.activiti.engine.impl.history.DefaultHistoryManager  - Current history level: NONE, level required: ACTIVITY
10:48:05,100 [main] DEBUG org.activiti.engine.impl.history.DefaultHistoryManager  - Current history level: NONE, level required: FULL
10:48:05,100 [main] DEBUG org.activiti.engine.impl.history.DefaultHistoryManager  - Current history level: NONE, level required: ACTIVITY
10:48:05,100 [main] DEBUG org.activiti.engine.impl.history.DefaultHistoryManager  - Current history level: NONE, level required: FULL
10:48:05,100 [main] DEBUG org.activiti.engine.impl.history.DefaultHistoryManager  - Current history level: NONE, level required: ACTIVITY
10:48:05,101 [main] DEBUG org.activiti.engine.impl.history.DefaultHistoryManager  - Current history level: NONE, level required: FULL
10:48:05,101 [main] DEBUG org.activiti.engine.impl.history.DefaultHistoryManager  - Current history level: NONE, level required: ACTIVITY
10:48:05,101 [main] DEBUG org.activiti.engine.impl.history.DefaultHistoryManager  - Current history level: NONE, level required: FULL
10:48:05,101 [main] DEBUG org.activiti.engine.impl.history.DefaultHistoryManager  - Current history level: NONE, level required: ACTIVITY
10:48:05,101 [main] DEBUG org.activiti.engine.impl.history.DefaultHistoryManager  - Current history level: NONE, level required: FULL
10:48:05,101 [main] DEBUG org.activiti.engine.impl.history.DefaultHistoryManager  - Current history level: NONE, level required: ACTIVITY
10:48:05,101 [main] DEBUG org.activiti.engine.impl.history.DefaultHistoryManager  - Current history level: NONE, level required: FULL
10:48:05,101 [main] DEBUG org.activiti.engine.impl.history.DefaultHistoryManager  - Current history level: NONE, level required: ACTIVITY
10:48:05,101 [main] DEBUG org.activiti.engine.impl.history.DefaultHistoryManager  - Current history level: NONE, level required: FULL
10:48:05,101 [main] DEBUG org.activiti.engine.impl.history.DefaultHistoryManager  - Current history level: NONE, level required: ACTIVITY
10:48:05,101 [main] DEBUG org.activiti.engine.impl.history.DefaultHistoryManager  - Current history level: NONE, level required: FULL
10:48:05,101 [main] DEBUG org.activiti.engine.impl.history.DefaultHistoryManager  - Current history level: NONE, level required: ACTIVITY
10:48:05,101 [main] DEBUG org.activiti.engine.impl.history.DefaultHistoryManager  - Current history level: NONE, level required: FULL
10:48:05,101 [main] DEBUG org.activiti.engine.impl.history.DefaultHistoryManager  - Current history level: NONE, level required: ACTIVITY
10:48:05,101 [main] DEBUG org.activiti.engine.impl.history.DefaultHistoryManager  - Current history level: NONE, level required: FULL
10:48:05,101 [main] DEBUG org.activiti.engine.impl.history.DefaultHistoryManager  - Current history level: NONE, level required: ACTIVITY
10:48:05,101 [main] DEBUG org.activiti.engine.impl.history.DefaultHistoryManager  - Current history level: NONE, level required: FULL
10:48:05,101 [main] DEBUG org.activiti.engine.impl.history.DefaultHistoryManager  - Current history level: NONE, level required: ACTIVITY
10:48:05,101 [main] DEBUG org.activiti.engine.impl.history.DefaultHistoryManager  - Current history level: NONE, level required: FULL
10:48:05,101 [main] DEBUG org.activiti.engine.impl.history.DefaultHistoryManager  - Current history level: NONE, level required: ACTIVITY
10:48:05,101 [main] DEBUG org.activiti.engine.impl.history.DefaultHistoryManager  - Current history level: NONE, level required: FULL
10:48:05,101 [main] DEBUG org.activiti.engine.impl.history.DefaultHistoryManager  - Current history level: NONE, level required: ACTIVITY
10:48:05,101 [main] DEBUG org.activiti.engine.impl.history.DefaultHistoryManager  - Current history level: NONE, level required: FULL
10:48:05,101 [main] DEBUG org.activiti.engine.impl.history.DefaultHistoryManager  - Current history level: NONE, level required: ACTIVITY
10:48:05,101 [main] DEBUG org.activiti.engine.impl.history.DefaultHistoryManager  - Current history level: NONE, level required: FULL
10:48:05,101 [main] DEBUG org.activiti.engine.impl.history.DefaultHistoryManager  - Current history level: NONE, level required: ACTIVITY
10:48:05,101 [main] DEBUG org.activiti.engine.impl.history.DefaultHistoryManager  - Current history level: NONE, level required: FULL
10:48:05,101 [main] DEBUG org.activiti.engine.impl.history.DefaultHistoryManager  - Current history level: NONE, level required: ACTIVITY
10:48:05,101 [main] DEBUG org.activiti.engine.impl.history.DefaultHistoryManager  - Current history level: NONE, level required: FULL
10:48:05,101 [main] DEBUG org.activiti.engine.impl.history.DefaultHistoryManager  - Current history level: NONE, level required: ACTIVITY
10:48:05,101 [main] DEBUG org.activiti.engine.impl.history.DefaultHistoryManager  - Current history level: NONE, level required: FULL
10:48:05,101 [main] DEBUG org.activiti.engine.impl.history.DefaultHistoryManager  - Current history level: NONE, level required: ACTIVITY
10:48:05,101 [main] DEBUG org.activiti.engine.impl.history.DefaultHistoryManager  - Current history level: NONE, level required: FULL
10:48:05,101 [main] DEBUG org.activiti.engine.impl.history.DefaultHistoryManager  - Current history level: NONE, level required: ACTIVITY
10:48:05,101 [main] DEBUG org.activiti.engine.impl.history.DefaultHistoryManager  - Current history level: NONE, level required: FULL
10:48:05,101 [main] DEBUG org.activiti.engine.impl.history.DefaultHistoryManager  - Current history level: NONE, level required: ACTIVITY
10:48:05,101 [main] DEBUG org.activiti.engine.impl.history.DefaultHistoryManager  - Current history level: NONE, level required: FULL
10:48:05,101 [main] DEBUG org.activiti.engine.impl.history.DefaultHistoryManager  - Current history level: NONE, level required: ACTIVITY
10:48:05,101 [main] DEBUG org.activiti.engine.impl.history.DefaultHistoryManager  - Current history level: NONE, level required: FULL
10:48:05,101 [main] DEBUG org.activiti.engine.impl.history.DefaultHistoryManager  - Current history level: NONE, level required: ACTIVITY
10:48:05,102 [main] DEBUG org.activiti.engine.impl.history.DefaultHistoryManager  - Current history level: NONE, level required: FULL
10:48:05,102 [main] DEBUG org.activiti.engine.impl.history.DefaultHistoryManager  - Current history level: NONE, level required: ACTIVITY
10:48:05,102 [main] DEBUG org.activiti.engine.impl.history.DefaultHistoryManager  - Current history level: NONE, level required: FULL
10:48:05,102 [main] DEBUG org.activiti.engine.impl.history.DefaultHistoryManager  - Current history level: NONE, level required: ACTIVITY
10:48:05,102 [main] DEBUG org.activiti.engine.impl.history.DefaultHistoryManager  - Current history level: NONE, level required: FULL
10:48:05,102 [main] DEBUG org.activiti.engine.impl.history.DefaultHistoryManager  - Current history level: NONE, level required: ACTIVITY
10:48:05,102 [main] DEBUG org.activiti.engine.impl.history.DefaultHistoryManager  - Current history level: NONE, level required: FULL
10:48:05,102 [main] DEBUG org.activiti.engine.impl.history.DefaultHistoryManager  - Current history level: NONE, level required: ACTIVITY
10:48:05,102 [main] DEBUG org.activiti.engine.impl.history.DefaultHistoryManager  - Current history level: NONE, level required: FULL
10:48:05,102 [main] DEBUG org.activiti.engine.impl.history.DefaultHistoryManager  - Current history level: NONE, level required: ACTIVITY
10:48:05,102 [main] DEBUG org.activiti.engine.impl.history.DefaultHistoryManager  - Current history level: NONE, level required: FULL
10:48:05,102 [main] DEBUG org.activiti.engine.impl.history.DefaultHistoryManager  - Current history level: NONE, level required: ACTIVITY
10:48:05,102 [main] DEBUG org.activiti.engine.impl.history.DefaultHistoryManager  - Current history level: NONE, level required: FULL
10:48:05,102 [main] DEBUG org.activiti.engine.impl.history.DefaultHistoryManager  - Current history level: NONE, level required: ACTIVITY
10:48:05,103 [main] DEBUG org.activiti.engine.impl.history.DefaultHistoryManager  - Current history level: NONE, level required: FULL
10:48:05,103 [main] DEBUG org.activiti.engine.impl.history.DefaultHistoryManager  - Current history level: NONE, level required: ACTIVITY
10:48:05,103 [main] DEBUG org.activiti.engine.impl.history.DefaultHistoryManager  - Current history level: NONE, level required: FULL
10:48:05,103 [main] DEBUG org.activiti.engine.impl.history.DefaultHistoryManager  - Current history level: NONE, level required: ACTIVITY
10:48:05,103 [main] DEBUG org.activiti.engine.impl.history.DefaultHistoryManager  - Current history level: NONE, level required: FULL
10:48:05,103 [main] DEBUG org.activiti.engine.impl.history.DefaultHistoryManager  - Current history level: NONE, level required: ACTIVITY
10:48:05,103 [main] DEBUG org.activiti.engine.impl.history.DefaultHistoryManager  - Current history level: NONE, level required: FULL
10:48:05,103 [main] DEBUG org.activiti.engine.impl.history.DefaultHistoryManager  - Current history level: NONE, level required: ACTIVITY
10:48:05,103 [main] DEBUG org.activiti.engine.impl.history.DefaultHistoryManager  - Current history level: NONE, level required: FULL
10:48:05,103 [main] DEBUG org.activiti.engine.impl.history.DefaultHistoryManager  - Current history level: NONE, level required: ACTIVITY
10:48:05,103 [main] DEBUG org.activiti.engine.impl.history.DefaultHistoryManager  - Current history level: NONE, level required: FULL
10:48:05,103 [main] DEBUG org.activiti.engine.impl.history.DefaultHistoryManager  - Current history level: NONE, level required: ACTIVITY
10:48:05,103 [main] DEBUG org.activiti.engine.impl.history.DefaultHistoryManager  - Current history level: NONE, level required: FULL
10:48:05,103 [main] DEBUG org.activiti.engine.impl.history.DefaultHistoryManager  - Current history level: NONE, level required: ACTIVITY
10:48:05,103 [main] DEBUG org.activiti.engine.impl.history.DefaultHistoryManager  - Current history level: NONE, level required: FULL
10:48:05,103 [main] DEBUG org.activiti.engine.impl.history.DefaultHistoryManager  - Current history level: NONE, level required: ACTIVITY
10:48:05,103 [main] DEBUG org.activiti.engine.impl.history.DefaultHistoryManager  - Current history level: NONE, level required: FULL
10:48:05,103 [main] DEBUG org.activiti.engine.impl.history.DefaultHistoryManager  - Current history level: NONE, level required: ACTIVITY
10:48:05,103 [main] DEBUG org.activiti.engine.impl.history.DefaultHistoryManager  - Current history level: NONE, level required: FULL
10:48:05,103 [main] DEBUG org.activiti.engine.impl.history.DefaultHistoryManager  - Current history level: NONE, level required: ACTIVITY
10:48:05,103 [main] DEBUG org.activiti.engine.impl.history.DefaultHistoryManager  - Current history level: NONE, level required: FULL
10:48:05,103 [main] DEBUG org.activiti.engine.impl.history.DefaultHistoryManager  - Current history level: NONE, level required: ACTIVITY
10:48:05,103 [main] DEBUG org.activiti.engine.impl.history.DefaultHistoryManager  - Current history level: NONE, level required: FULL
10:48:05,103 [main] DEBUG org.activiti.engine.impl.history.DefaultHistoryManager  - Current history level: NONE, level required: ACTIVITY
10:48:05,103 [main] DEBUG org.activiti.engine.impl.history.DefaultHistoryManager  - Current history level: NONE, level required: FULL
10:48:05,103 [main] DEBUG org.activiti.engine.impl.history.DefaultHistoryManager  - Current history level: NONE, level required: ACTIVITY
10:48:05,103 [main] DEBUG org.activiti.engine.impl.history.DefaultHistoryManager  - Current history level: NONE, level required: FULL
10:48:05,103 [main] DEBUG org.activiti.engine.impl.history.DefaultHistoryManager  - Current history level: NONE, level required: ACTIVITY
10:48:05,103 [main] DEBUG org.activiti.engine.impl.history.DefaultHistoryManager  - Current history level: NONE, level required: FULL
10:48:05,104 [main] DEBUG org.activiti.engine.impl.history.DefaultHistoryManager  - Current history level: NONE, level required: ACTIVITY
10:48:05,104 [main] DEBUG org.activiti.engine.impl.history.DefaultHistoryManager  - Current history level: NONE, level required: FULL
10:48:05,104 [main] DEBUG org.activiti.engine.impl.history.DefaultHistoryManager  - Current history level: NONE, level required: ACTIVITY
10:48:05,104 [main] DEBUG org.activiti.engine.impl.history.DefaultHistoryManager  - Current history level: NONE, level required: FULL
10:48:05,104 [main] DEBUG org.activiti.engine.impl.history.DefaultHistoryManager  - Current history level: NONE, level required: ACTIVITY
10:48:05,104 [main] DEBUG org.activiti.engine.impl.history.DefaultHistoryManager  - Current history level: NONE, level required: FULL
10:48:05,104 [main] DEBUG org.activiti.engine.impl.history.DefaultHistoryManager  - Current history level: NONE, level required: ACTIVITY
10:48:05,104 [main] DEBUG org.activiti.engine.impl.history.DefaultHistoryManager  - Current history level: NONE, level required: FULL
10:48:05,104 [main] DEBUG org.activiti.engine.impl.history.DefaultHistoryManager  - Current history level: NONE, level required: ACTIVITY
10:48:05,104 [main] DEBUG org.activiti.engine.impl.history.DefaultHistoryManager  - Current history level: NONE, level required: FULL
10:48:05,104 [main] DEBUG org.activiti.engine.impl.history.DefaultHistoryManager  - Current history level: NONE, level required: ACTIVITY
10:48:05,104 [main] DEBUG org.activiti.engine.impl.history.DefaultHistoryManager  - Current history level: NONE, level required: FULL
10:48:05,104 [main] DEBUG org.activiti.engine.impl.history.DefaultHistoryManager  - Current history level: NONE, level required: ACTIVITY
10:48:05,104 [main] DEBUG org.activiti.engine.impl.history.DefaultHistoryManager  - Current history level: NONE, level required: FULL
10:48:05,104 [main] DEBUG org.activiti.engine.impl.history.DefaultHistoryManager  - Current history level: NONE, level required: ACTIVITY
10:48:05,104 [main] DEBUG org.activiti.engine.impl.history.DefaultHistoryManager  - Current history level: NONE, level required: FULL
10:48:05,104 [main] DEBUG org.activiti.engine.impl.history.DefaultHistoryManager  - Current history level: NONE, level required: ACTIVITY
10:48:05,104 [main] DEBUG org.activiti.engine.impl.history.DefaultHistoryManager  - Current history level: NONE, level required: FULL
10:48:05,104 [main] DEBUG org.activiti.engine.impl.history.DefaultHistoryManager  - Current history level: NONE, level required: ACTIVITY
10:48:05,104 [main] DEBUG org.activiti.engine.impl.history.DefaultHistoryManager  - Current history level: NONE, level required: FULL
10:48:05,104 [main] DEBUG org.activiti.engine.impl.history.DefaultHistoryManager  - Current history level: NONE, level required: ACTIVITY
10:48:05,104 [main] DEBUG org.activiti.engine.impl.history.DefaultHistoryManager  - Current history level: NONE, level required: FULL
10:48:05,104 [main] DEBUG org.activiti.engine.impl.history.DefaultHistoryManager  - Current history level: NONE, level required: ACTIVITY
10:48:05,104 [main] DEBUG org.activiti.engine.impl.history.DefaultHistoryManager  - Current history level: NONE, level required: FULL
10:48:05,104 [main] DEBUG org.activiti.engine.impl.history.DefaultHistoryManager  - Current history level: NONE, level required: ACTIVITY
10:48:05,104 [main] DEBUG org.activiti.engine.impl.history.DefaultHistoryManager  - Current history level: NONE, level required: FULL
10:48:05,104 [main] DEBUG org.activiti.engine.impl.history.DefaultHistoryManager  - Current history level: NONE, level required: ACTIVITY
10:48:05,104 [main] DEBUG org.activiti.engine.impl.history.DefaultHistoryManager  - Current history level: NONE, level required: FULL
10:48:05,104 [main] DEBUG org.activiti.engine.impl.history.DefaultHistoryManager  - Current history level: NONE, level required: ACTIVITY
10:48:05,104 [main] DEBUG org.activiti.engine.impl.history.DefaultHistoryManager  - Current history level: NONE, level required: FULL
10:48:05,104 [main] DEBUG org.activiti.engine.impl.history.DefaultHistoryManager  - Current history level: NONE, level required: ACTIVITY
10:48:05,105 [main] DEBUG org.activiti.engine.impl.history.DefaultHistoryManager  - Current history level: NONE, level required: FULL
10:48:05,105 [main] DEBUG org.activiti.engine.impl.history.DefaultHistoryManager  - Current history level: NONE, level required: ACTIVITY
10:48:05,105 [main] DEBUG org.activiti.engine.impl.history.DefaultHistoryManager  - Current history level: NONE, level required: FULL
10:48:05,105 [main] DEBUG org.activiti.engine.impl.history.DefaultHistoryManager  - Current history level: NONE, level required: ACTIVITY
10:48:05,105 [main] DEBUG org.activiti.engine.impl.history.DefaultHistoryManager  - Current history level: NONE, level required: FULL
10:48:05,105 [main] DEBUG org.activiti.engine.impl.history.DefaultHistoryManager  - Current history level: NONE, level required: ACTIVITY
10:48:05,105 [main] DEBUG org.activiti.engine.impl.history.DefaultHistoryManager  - Current history level: NONE, level required: FULL
10:48:05,105 [main] DEBUG org.activiti.engine.impl.history.DefaultHistoryManager  - Current history level: NONE, level required: ACTIVITY
10:48:05,105 [main] DEBUG org.activiti.engine.impl.history.DefaultHistoryManager  - Current history level: NONE, level required: FULL
10:48:05,105 [main] DEBUG org.activiti.engine.impl.history.DefaultHistoryManager  - Current history level: NONE, level required: ACTIVITY
10:48:05,105 [main] DEBUG org.activiti.engine.impl.history.DefaultHistoryManager  - Current history level: NONE, level required: FULL
10:48:05,105 [main] DEBUG org.activiti.engine.impl.history.DefaultHistoryManager  - Current history level: NONE, level required: ACTIVITY
10:48:05,105 [main] DEBUG org.activiti.engine.impl.history.DefaultHistoryManager  - Current history level: NONE, level required: FULL
10:48:05,105 [main] DEBUG org.activiti.engine.impl.history.DefaultHistoryManager  - Current history level: NONE, level required: ACTIVITY
10:48:05,105 [main] DEBUG org.activiti.engine.impl.history.DefaultHistoryManager  - Current history level: NONE, level required: FULL
10:48:05,105 [main] DEBUG org.activiti.engine.impl.history.DefaultHistoryManager  - Current history level: NONE, level required: ACTIVITY
10:48:05,105 [main] DEBUG org.activiti.engine.impl.history.DefaultHistoryManager  - Current history level: NONE, level required: FULL
10:48:05,105 [main] DEBUG org.activiti.engine.impl.history.DefaultHistoryManager  - Current history level: NONE, level required: ACTIVITY
10:48:05,105 [main] DEBUG org.activiti.engine.impl.history.DefaultHistoryManager  - Current history level: NONE, level required: FULL
10:48:05,105 [main] DEBUG org.activiti.engine.impl.history.DefaultHistoryManager  - Current history level: NONE, level required: ACTIVITY
10:48:05,105 [main] DEBUG org.activiti.engine.impl.history.DefaultHistoryManager  - Current history level: NONE, level required: FULL
10:48:05,105 [main] DEBUG org.activiti.engine.impl.history.DefaultHistoryManager  - Current history level: NONE, level required: ACTIVITY
10:48:05,105 [main] DEBUG org.activiti.engine.impl.history.DefaultHistoryManager  - Current history level: NONE, level required: FULL
10:48:05,105 [main] DEBUG org.activiti.engine.impl.history.DefaultHistoryManager  - Current history level: NONE, level required: ACTIVITY
10:48:05,105 [main] DEBUG org.activiti.engine.impl.history.DefaultHistoryManager  - Current history level: NONE, level required: FULL
10:48:05,105 [main] DEBUG org.activiti.engine.impl.history.DefaultHistoryManager  - Current history level: NONE, level required: ACTIVITY
10:48:05,105 [main] DEBUG org.activiti.engine.impl.history.DefaultHistoryManager  - Current history level: NONE, level required: FULL
10:48:05,105 [main] DEBUG org.activiti.engine.impl.history.DefaultHistoryManager  - Current history level: NONE, level required: ACTIVITY
10:48:05,106 [main] DEBUG org.activiti.engine.impl.history.DefaultHistoryManager  - Current history level: NONE, level required: FULL
10:48:05,106 [Thread-106] DEBUG org.activiti.engine.impl.asyncexecutor.AcquireAsyncJobsDueRunnable  - async job acquisition thread woke up
10:48:05,106 [Thread-106] DEBUG org.activiti.engine.impl.interceptor.LogInterceptor  - 

10:48:05,106 [Thread-106] DEBUG org.activiti.engine.impl.interceptor.LogInterceptor  - --- starting AcquireAsyncJobsDueCmd --------------------------------------------------------
10:48:05,106 [Thread-106] DEBUG org.apache.ibatis.transaction.jdbc.JdbcTransaction  - Opening JDBC Connection
10:48:05,106 [Thread-106] DEBUG org.apache.ibatis.datasource.pooled.PooledDataSource  - Checked out connection 54468349 from pool.
10:48:05,106 [Thread-106] DEBUG org.apache.ibatis.transaction.jdbc.JdbcTransaction  - Setting autocommit to false on JDBC Connection [conn64: url=jdbc:h2:mem:activiti-AsyncExecutorTest user=SA]
10:48:05,106 [Thread-106] DEBUG org.activiti.engine.impl.persistence.entity.JobEntity.selectAsyncJobsDueToExecute  - ==&gt;  Preparing: select RES.* from ACT_RU_JOB RES LEFT OUTER JOIN ACT_RU_EXECUTION PI ON PI.ID_ = RES.PROCESS_INSTANCE_ID_ where RES.RETRIES_ &gt; 0 and RES.DUEDATE_ is not null and RES.DUEDATE_ &lt;= ? and (RES.LOCK_EXP_TIME_ is null or RES.LOCK_EXP_TIME_ &lt;= ?) and TYPE_ = &apos;message&apos; and ( (RES.EXECUTION_ID_ is null) or (PI.SUSPENSION_STATE_ = 1) ) LIMIT ? OFFSET ? 
10:48:05,106 [Thread-112] DEBUG org.activiti.engine.impl.asyncexecutor.AcquireAsyncJobsDueRunnable  - async job acquisition thread woke up
10:48:05,106 [main] DEBUG org.activiti.engine.impl.history.DefaultHistoryManager  - Current history level: NONE, level required: ACTIVITY
10:48:05,106 [Thread-112] DEBUG org.activiti.engine.impl.interceptor.LogInterceptor  - 

10:48:05,106 [Thread-106] DEBUG org.activiti.engine.impl.persistence.entity.JobEntity.selectAsyncJobsDueToExecute  - ==&gt; Parameters: 2023-03-20 10:48:05.106(Timestamp), 2023-03-20 10:48:05.106(Timestamp), 1(Integer), 0(Integer)
10:48:05,106 [main] DEBUG org.activiti.engine.impl.history.DefaultHistoryManager  - Current history level: NONE, level required: FULL
10:48:05,106 [Thread-106] DEBUG org.activiti.engine.impl.persistence.entity.JobEntity.selectAsyncJobsDueToExecute  - &lt;==      Total: 0
10:48:05,106 [Thread-112] DEBUG org.activiti.engine.impl.interceptor.LogInterceptor  - --- starting AcquireAsyncJobsDueCmd --------------------------------------------------------
10:48:05,106 [Thread-106] DEBUG org.activiti.engine.impl.db.DbSqlSession  - flush summary: 0 insert, 0 update, 0 delete.
10:48:05,107 [Thread-106] DEBUG org.activiti.engine.impl.db.DbSqlSession  - now executing flush...
10:48:05,106 [main] DEBUG org.activiti.engine.impl.history.DefaultHistoryManager  - Current history level: NONE, level required: ACTIVITY
10:48:05,107 [Thread-102] DEBUG org.activiti.engine.impl.asyncexecutor.AcquireTimerJobsRunnable  - timer job acquisition thread woke up
10:48:05,107 [Thread-102] DEBUG org.activiti.engine.impl.interceptor.LogInterceptor  - 

10:48:05,107 [Thread-102] DEBUG org.activiti.engine.impl.interceptor.LogInterceptor  - --- starting AcquireTimerJobsCmd --------------------------------------------------------
10:48:05,107 [Thread-103] DEBUG org.activiti.engine.impl.asyncexecutor.AcquireAsyncJobsDueRunnable  - async job acquisition thread woke up
10:48:05,107 [Thread-103] DEBUG org.activiti.engine.impl.interceptor.LogInterceptor  - 

10:48:05,107 [Thread-103] DEBUG org.activiti.engine.impl.interceptor.LogInterceptor  - --- starting AcquireAsyncJobsDueCmd --------------------------------------------------------
10:48:05,107 [Thread-105] DEBUG org.activiti.engine.impl.asyncexecutor.AcquireTimerJobsRunnable  - timer job acquisition thread woke up
10:48:05,107 [Thread-105] DEBUG org.activiti.engine.impl.interceptor.LogInterceptor  - 

10:48:05,107 [Thread-105] DEBUG org.activiti.engine.impl.interceptor.LogInterceptor  - --- starting AcquireTimerJobsCmd --------------------------------------------------------
10:48:05,107 [Thread-106] DEBUG org.activiti.engine.impl.cfg.standalone.StandaloneMybatisTransactionContext  - firing event committing...
10:48:05,107 [Thread-106] DEBUG org.activiti.engine.impl.cfg.standalone.StandaloneMybatisTransactionContext  - committing the ibatis sql session...
10:48:05,107 [Thread-106] DEBUG org.activiti.engine.impl.cfg.standalone.StandaloneMybatisTransactionContext  - firing event committed...
10:48:05,106 [Thread-112] DEBUG org.apache.ibatis.transaction.jdbc.JdbcTransaction  - Opening JDBC Connection
10:48:05,107 [Thread-112] DEBUG org.apache.ibatis.datasource.pooled.PooledDataSource  - Checked out connection 1863805930 from pool.
10:48:05,107 [Thread-106] DEBUG org.apache.ibatis.transaction.jdbc.JdbcTransaction  - Resetting autocommit to true on JDBC Connection [conn64: url=jdbc:h2:mem:activiti-AsyncExecutorTest user=SA]
10:48:05,107 [Thread-105] DEBUG org.apache.ibatis.transaction.jdbc.JdbcTransaction  - Opening JDBC Connection
10:48:05,107 [Thread-105] DEBUG org.apache.ibatis.datasource.pooled.PooledDataSource  - Checked out connection 996762054 from pool.
10:48:05,107 [Thread-105] DEBUG org.apache.ibatis.transaction.jdbc.JdbcTransaction  - Setting autocommit to false on JDBC Connection [conn65: url=jdbc:h2:mem:activiti-AsyncExecutorTest user=SA]
10:48:05,107 [Thread-105] DEBUG org.activiti.engine.impl.persistence.entity.JobEntity.selectNextTimerJobsToExecute  - ==&gt;  Preparing: select RES.* from ACT_RU_JOB RES LEFT OUTER JOIN ACT_RU_EXECUTION PI ON PI.ID_ = RES.PROCESS_INSTANCE_ID_ where (RES.RETRIES_ &gt; 0) and (RES.DUEDATE_ is null or RES.DUEDATE_ &lt;= ?) and (RES.LOCK_OWNER_ is null or RES.LOCK_EXP_TIME_ &lt;= ?) and TYPE_ = &apos;timer&apos; and ( (RES.EXECUTION_ID_ is null) or (PI.SUSPENSION_STATE_ = 1) ) LIMIT ? OFFSET ? 
10:48:05,107 [Thread-103] DEBUG org.apache.ibatis.transaction.jdbc.JdbcTransaction  - Opening JDBC Connection
10:48:05,107 [Thread-103] DEBUG org.apache.ibatis.datasource.pooled.PooledDataSource  - Checked out connection 157985567 from pool.
10:48:05,107 [Thread-103] DEBUG org.apache.ibatis.transaction.jdbc.JdbcTransaction  - Setting autocommit to false on JDBC Connection [conn61: url=jdbc:h2:mem:activiti-AsyncExecutorTest user=SA]
10:48:05,107 [Thread-102] DEBUG org.apache.ibatis.transaction.jdbc.JdbcTransaction  - Opening JDBC Connection
10:48:05,107 [Thread-102] DEBUG org.apache.ibatis.datasource.pooled.PooledDataSource  - Checked out connection 33534803 from pool.
10:48:05,107 [Thread-102] DEBUG org.apache.ibatis.transaction.jdbc.JdbcTransaction  - Setting autocommit to false on JDBC Connection [conn60: url=jdbc:h2:mem:activiti-AsyncExecutorTest user=SA]
10:48:05,107 [Thread-111] DEBUG org.activiti.engine.impl.asyncexecutor.AcquireTimerJobsRunnable  - timer job acquisition thread woke up
10:48:05,107 [Thread-111] DEBUG org.activiti.engine.impl.interceptor.LogInterceptor  - 

10:48:05,107 [Thread-111] DEBUG org.activiti.engine.impl.interceptor.LogInterceptor  - --- starting AcquireTimerJobsCmd --------------------------------------------------------
10:48:05,107 [main] DEBUG org.activiti.engine.impl.history.DefaultHistoryManager  - Current history level: NONE, level required: FULL
10:48:05,107 [Thread-111] DEBUG org.apache.ibatis.transaction.jdbc.JdbcTransaction  - Opening JDBC Connection
10:48:05,108 [Thread-111] DEBUG org.apache.ibatis.datasource.pooled.PooledDataSource  - Checked out connection 604408605 from pool.
10:48:05,108 [Thread-111] DEBUG org.apache.ibatis.transaction.jdbc.JdbcTransaction  - Setting autocommit to false on JDBC Connection [conn70: url=jdbc:h2:mem:activiti-AsyncExecutorTest user=SA]
10:48:05,107 [Thread-102] DEBUG org.activiti.engine.impl.persistence.entity.JobEntity.selectNextTimerJobsToExecute  - ==&gt;  Preparing: select RES.* from ACT_RU_JOB RES LEFT OUTER JOIN ACT_RU_EXECUTION PI ON PI.ID_ = RES.PROCESS_INSTANCE_ID_ where (RES.RETRIES_ &gt; 0) and (RES.DUEDATE_ is null or RES.DUEDATE_ &lt;= ?) and (RES.LOCK_OWNER_ is null or RES.LOCK_EXP_TIME_ &lt;= ?) and TYPE_ = &apos;timer&apos; and ( (RES.EXECUTION_ID_ is null) or (PI.SUSPENSION_STATE_ = 1) ) LIMIT ? OFFSET ? 
10:48:05,108 [Thread-111] DEBUG org.activiti.engine.impl.persistence.entity.JobEntity.selectNextTimerJobsToExecute  - ==&gt;  Preparing: select RES.* from ACT_RU_JOB RES LEFT OUTER JOIN ACT_RU_EXECUTION PI ON PI.ID_ = RES.PROCESS_INSTANCE_ID_ where (RES.RETRIES_ &gt; 0) and (RES.DUEDATE_ is null or RES.DUEDATE_ &lt;= ?) and (RES.LOCK_OWNER_ is null or RES.LOCK_EXP_TIME_ &lt;= ?) and TYPE_ = &apos;timer&apos; and ( (RES.EXECUTION_ID_ is null) or (PI.SUSPENSION_STATE_ = 1) ) LIMIT ? OFFSET ? 
10:48:05,107 [Thread-103] DEBUG org.activiti.engine.impl.persistence.entity.JobEntity.selectAsyncJobsDueToExecute  - ==&gt;  Preparing: select RES.* from ACT_RU_JOB RES LEFT OUTER JOIN ACT_RU_EXECUTION PI ON PI.ID_ = RES.PROCESS_INSTANCE_ID_ where RES.RETRIES_ &gt; 0 and RES.DUEDATE_ is not null and RES.DUEDATE_ &lt;= ? and (RES.LOCK_EXP_TIME_ is null or RES.LOCK_EXP_TIME_ &lt;= ?) and TYPE_ = &apos;message&apos; and ( (RES.EXECUTION_ID_ is null) or (PI.SUSPENSION_STATE_ = 1) ) LIMIT ? OFFSET ? 
10:48:05,107 [Thread-105] DEBUG org.activiti.engine.impl.persistence.entity.JobEntity.selectNextTimerJobsToExecute  - ==&gt; Parameters: 2023-03-20 10:48:05.107(Timestamp), 2023-03-20 10:48:05.107(Timestamp), 1(Integer), 0(Integer)
10:48:05,107 [Thread-106] DEBUG org.apache.ibatis.transaction.jdbc.JdbcTransaction  - Closing JDBC Connection [conn64: url=jdbc:h2:mem:activiti-AsyncExecutorTest user=SA]
10:48:05,108 [Thread-106] DEBUG org.apache.ibatis.datasource.pooled.PooledDataSource  - Returned connection 54468349 to pool.
10:48:05,108 [Thread-106] DEBUG org.activiti.engine.impl.interceptor.LogInterceptor  - --- AcquireAsyncJobsDueCmd finished --------------------------------------------------------
10:48:05,108 [Thread-106] DEBUG org.activiti.engine.impl.interceptor.LogInterceptor  - 

10:48:05,107 [Thread-112] DEBUG org.apache.ibatis.transaction.jdbc.JdbcTransaction  - Setting autocommit to false on JDBC Connection [conn69: url=jdbc:h2:mem:activiti-AsyncExecutorTest user=SA]
10:48:05,108 [Thread-112] DEBUG org.activiti.engine.impl.persistence.entity.JobEntity.selectAsyncJobsDueToExecute  - ==&gt;  Preparing: select RES.* from ACT_RU_JOB RES LEFT OUTER JOIN ACT_RU_EXECUTION PI ON PI.ID_ = RES.PROCESS_INSTANCE_ID_ where RES.RETRIES_ &gt; 0 and RES.DUEDATE_ is not null and RES.DUEDATE_ &lt;= ? and (RES.LOCK_EXP_TIME_ is null or RES.LOCK_EXP_TIME_ &lt;= ?) and TYPE_ = &apos;message&apos; and ( (RES.EXECUTION_ID_ is null) or (PI.SUSPENSION_STATE_ = 1) ) LIMIT ? OFFSET ? 
10:48:05,108 [Thread-106] DEBUG org.activiti.engine.impl.asyncexecutor.AcquireAsyncJobsDueRunnable  - async job acquisition thread sleeping for 50 millis
10:48:05,108 [Thread-105] DEBUG org.activiti.engine.impl.persistence.entity.JobEntity.selectNextTimerJobsToExecute  - &lt;==      Total: 0
10:48:05,108 [Thread-103] DEBUG org.activiti.engine.impl.persistence.entity.JobEntity.selectAsyncJobsDueToExecute  - ==&gt; Parameters: 2023-03-20 10:48:05.107(Timestamp), 2023-03-20 10:48:05.107(Timestamp), 1(Integer), 0(Integer)
10:48:05,108 [Thread-111] DEBUG org.activiti.engine.impl.persistence.entity.JobEntity.selectNextTimerJobsToExecute  - ==&gt; Parameters: 2023-03-20 10:48:05.107(Timestamp), 2023-03-20 10:48:05.107(Timestamp), 1(Integer), 0(Integer)
10:48:05,108 [Thread-102] DEBUG org.activiti.engine.impl.persistence.entity.JobEntity.selectNextTimerJobsToExecute  - ==&gt; Parameters: 2023-03-20 10:48:05.107(Timestamp), 2023-03-20 10:48:05.107(Timestamp), 1(Integer), 0(Integer)
10:48:05,108 [main] DEBUG org.activiti.engine.impl.history.DefaultHistoryManager  - Current history level: NONE, level required: ACTIVITY
10:48:05,108 [main] DEBUG org.activiti.engine.impl.history.DefaultHistoryManager  - Current history level: NONE, level required: FULL
10:48:05,108 [Thread-102] DEBUG org.activiti.engine.impl.persistence.entity.JobEntity.selectNextTimerJobsToExecute  - &lt;==      Total: 0
10:48:05,108 [Thread-102] DEBUG org.activiti.engine.impl.db.DbSqlSession  - flush summary: 0 insert, 0 update, 0 delete.
10:48:05,108 [Thread-102] DEBUG org.activiti.engine.impl.db.DbSqlSession  - now executing flush...
10:48:05,108 [Thread-111] DEBUG org.activiti.engine.impl.persistence.entity.JobEntity.selectNextTimerJobsToExecute  - &lt;==      Total: 0
10:48:05,108 [Thread-111] DEBUG org.activiti.engine.impl.db.DbSqlSession  - flush summary: 0 insert, 0 update, 0 delete.
10:48:05,108 [Thread-111] DEBUG org.activiti.engine.impl.db.DbSqlSession  - now executing flush...
10:48:05,108 [Thread-111] DEBUG org.activiti.engine.impl.cfg.standalone.StandaloneMybatisTransactionContext  - firing event committing...
10:48:05,109 [Thread-111] DEBUG org.activiti.engine.impl.cfg.standalone.StandaloneMybatisTransactionContext  - committing the ibatis sql session...
10:48:05,109 [Thread-111] DEBUG org.activiti.engine.impl.cfg.standalone.StandaloneMybatisTransactionContext  - firing event committed...
10:48:05,109 [Thread-111] DEBUG org.apache.ibatis.transaction.jdbc.JdbcTransaction  - Resetting autocommit to true on JDBC Connection [conn70: url=jdbc:h2:mem:activiti-AsyncExecutorTest user=SA]
10:48:05,109 [Thread-111] DEBUG org.apache.ibatis.transaction.jdbc.JdbcTransaction  - Closing JDBC Connection [conn70: url=jdbc:h2:mem:activiti-AsyncExecutorTest user=SA]
10:48:05,109 [Thread-111] DEBUG org.apache.ibatis.datasource.pooled.PooledDataSource  - Returned connection 604408605 to pool.
10:48:05,109 [Thread-111] DEBUG org.activiti.engine.impl.interceptor.LogInterceptor  - --- AcquireTimerJobsCmd finished --------------------------------------------------------
10:48:05,109 [Thread-111] DEBUG org.activiti.engine.impl.interceptor.LogInterceptor  - 

10:48:05,109 [Thread-111] DEBUG org.activiti.engine.impl.asyncexecutor.AcquireTimerJobsRunnable  - timer job acquisition thread sleeping for 50 millis
10:48:05,108 [Thread-103] DEBUG org.activiti.engine.impl.persistence.entity.JobEntity.selectAsyncJobsDueToExecute  - &lt;==      Total: 0
10:48:05,108 [Thread-105] DEBUG org.activiti.engine.impl.db.DbSqlSession  - flush summary: 0 insert, 0 update, 0 delete.
10:48:05,109 [Thread-105] DEBUG org.activiti.engine.impl.db.DbSqlSession  - now executing flush...
10:48:05,109 [Thread-105] DEBUG org.activiti.engine.impl.cfg.standalone.StandaloneMybatisTransactionContext  - firing event committing...
10:48:05,109 [Thread-105] DEBUG org.activiti.engine.impl.cfg.standalone.StandaloneMybatisTransactionContext  - committing the ibatis sql session...
10:48:05,109 [Thread-105] DEBUG org.activiti.engine.impl.cfg.standalone.StandaloneMybatisTransactionContext  - firing event committed...
10:48:05,109 [Thread-105] DEBUG org.apache.ibatis.transaction.jdbc.JdbcTransaction  - Resetting autocommit to true on JDBC Connection [conn65: url=jdbc:h2:mem:activiti-AsyncExecutorTest user=SA]
10:48:05,109 [Thread-105] DEBUG org.apache.ibatis.transaction.jdbc.JdbcTransaction  - Closing JDBC Connection [conn65: url=jdbc:h2:mem:activiti-AsyncExecutorTest user=SA]
10:48:05,109 [Thread-105] DEBUG org.apache.ibatis.datasource.pooled.PooledDataSource  - Returned connection 996762054 to pool.
10:48:05,109 [Thread-105] DEBUG org.activiti.engine.impl.interceptor.LogInterceptor  - --- AcquireTimerJobsCmd finished --------------------------------------------------------
10:48:05,109 [Thread-105] DEBUG org.activiti.engine.impl.interceptor.LogInterceptor  - 

10:48:05,108 [Thread-112] DEBUG org.activiti.engine.impl.persistence.entity.JobEntity.selectAsyncJobsDueToExecute  - ==&gt; Parameters: 2023-03-20 10:48:05.106(Timestamp), 2023-03-20 10:48:05.106(Timestamp), 1(Integer), 0(Integer)
10:48:05,109 [Thread-105] DEBUG org.activiti.engine.impl.asyncexecutor.AcquireTimerJobsRunnable  - timer job acquisition thread sleeping for 50 millis
10:48:05,109 [Thread-103] DEBUG org.activiti.engine.impl.db.DbSqlSession  - flush summary: 0 insert, 0 update, 0 delete.
10:48:05,109 [Thread-103] DEBUG org.activiti.engine.impl.db.DbSqlSession  - now executing flush...
10:48:05,109 [Thread-103] DEBUG org.activiti.engine.impl.cfg.standalone.StandaloneMybatisTransactionContext  - firing event committing...
10:48:05,109 [Thread-103] DEBUG org.activiti.engine.impl.cfg.standalone.StandaloneMybatisTransactionContext  - committing the ibatis sql session...
10:48:05,109 [Thread-103] DEBUG org.activiti.engine.impl.cfg.standalone.StandaloneMybatisTransactionContext  - firing event committed...
10:48:05,109 [Thread-103] DEBUG org.apache.ibatis.transaction.jdbc.JdbcTransaction  - Resetting autocommit to true on JDBC Connection [conn61: url=jdbc:h2:mem:activiti-AsyncExecutorTest user=SA]
10:48:05,109 [Thread-103] DEBUG org.apache.ibatis.transaction.jdbc.JdbcTransaction  - Closing JDBC Connection [conn61: url=jdbc:h2:mem:activiti-AsyncExecutorTest user=SA]
10:48:05,109 [Thread-103] DEBUG org.apache.ibatis.datasource.pooled.PooledDataSource  - Returned connection 157985567 to pool.
10:48:05,108 [Thread-102] DEBUG org.activiti.engine.impl.cfg.standalone.StandaloneMybatisTransactionContext  - firing event committing...
10:48:05,109 [Thread-102] DEBUG org.activiti.engine.impl.cfg.standalone.StandaloneMybatisTransactionContext  - committing the ibatis sql session...
10:48:05,109 [Thread-102] DEBUG org.activiti.engine.impl.cfg.standalone.StandaloneMybatisTransactionContext  - firing event committed...
10:48:05,108 [main] DEBUG org.activiti.engine.impl.history.DefaultHistoryManager  - Current history level: NONE, level required: ACTIVITY
10:48:05,109 [main] DEBUG org.activiti.engine.impl.history.DefaultHistoryManager  - Current history level: NONE, level required: FULL
10:48:05,109 [Thread-102] DEBUG org.apache.ibatis.transaction.jdbc.JdbcTransaction  - Resetting autocommit to true on JDBC Connection [conn60: url=jdbc:h2:mem:activiti-AsyncExecutorTest user=SA]
10:48:05,110 [Thread-102] DEBUG org.apache.ibatis.transaction.jdbc.JdbcTransaction  - Closing JDBC Connection [conn60: url=jdbc:h2:mem:activiti-AsyncExecutorTest user=SA]
10:48:05,109 [Thread-103] DEBUG org.activiti.engine.impl.interceptor.LogInterceptor  - --- AcquireAsyncJobsDueCmd finished --------------------------------------------------------
10:48:05,110 [Thread-103] DEBUG org.activiti.engine.impl.interceptor.LogInterceptor  - 

10:48:05,109 [Thread-112] DEBUG org.activiti.engine.impl.persistence.entity.JobEntity.selectAsyncJobsDueToExecute  - &lt;==      Total: 0
10:48:05,110 [Thread-112] DEBUG org.activiti.engine.impl.db.DbSqlSession  - flush summary: 0 insert, 0 update, 0 delete.
10:48:05,110 [Thread-112] DEBUG org.activiti.engine.impl.db.DbSqlSession  - now executing flush...
10:48:05,110 [Thread-112] DEBUG org.activiti.engine.impl.cfg.standalone.StandaloneMybatisTransactionContext  - firing event committing...
10:48:05,110 [Thread-112] DEBUG org.activiti.engine.impl.cfg.standalone.StandaloneMybatisTransactionContext  - committing the ibatis sql session...
10:48:05,110 [Thread-112] DEBUG org.activiti.engine.impl.cfg.standalone.StandaloneMybatisTransactionContext  - firing event committed...
10:48:05,110 [Thread-112] DEBUG org.apache.ibatis.transaction.jdbc.JdbcTransaction  - Resetting autocommit to true on JDBC Connection [conn69: url=jdbc:h2:mem:activiti-AsyncExecutorTest user=SA]
10:48:05,110 [Thread-112] DEBUG org.apache.ibatis.transaction.jdbc.JdbcTransaction  - Closing JDBC Connection [conn69: url=jdbc:h2:mem:activiti-AsyncExecutorTest user=SA]
10:48:05,110 [Thread-112] DEBUG org.apache.ibatis.datasource.pooled.PooledDataSource  - Returned connection 1863805930 to pool.
10:48:05,110 [Thread-112] DEBUG org.activiti.engine.impl.interceptor.LogInterceptor  - --- AcquireAsyncJobsDueCmd finished --------------------------------------------------------
10:48:05,110 [Thread-112] DEBUG org.activiti.engine.impl.interceptor.LogInterceptor  - 

10:48:05,110 [Thread-112] DEBUG org.activiti.engine.impl.asyncexecutor.AcquireAsyncJobsDueRunnable  - async job acquisition thread sleeping for 50 millis
10:48:05,110 [Thread-103] DEBUG org.activiti.engine.impl.asyncexecutor.AcquireAsyncJobsDueRunnable  - async job acquisition thread sleeping for 50 millis
10:48:05,110 [Thread-102] DEBUG org.apache.ibatis.datasource.pooled.PooledDataSource  - Returned connection 33534803 to pool.
10:48:05,110 [Thread-102] DEBUG org.activiti.engine.impl.interceptor.LogInterceptor  - --- AcquireTimerJobsCmd finished --------------------------------------------------------
10:48:05,110 [Thread-102] DEBUG org.activiti.engine.impl.interceptor.LogInterceptor  - 

10:48:05,110 [main] DEBUG org.activiti.engine.impl.history.DefaultHistoryManager  - Current history level: NONE, level required: ACTIVITY
10:48:05,110 [main] DEBUG org.activiti.engine.impl.history.DefaultHistoryManager  - Current history level: NONE, level required: FULL
10:48:05,110 [Thread-102] DEBUG org.activiti.engine.impl.asyncexecutor.AcquireTimerJobsRunnable  - timer job acquisition thread sleeping for 50 millis
10:48:05,110 [main] DEBUG org.activiti.engine.impl.history.DefaultHistoryManager  - Current history level: NONE, level required: ACTIVITY
10:48:05,110 [main] DEBUG org.activiti.engine.impl.history.DefaultHistoryManager  - Current history level: NONE, level required: FULL
10:48:05,110 [main] DEBUG org.activiti.engine.impl.history.DefaultHistoryManager  - Current history level: NONE, level required: ACTIVITY
10:48:05,111 [main] DEBUG org.activiti.engine.impl.history.DefaultHistoryManager  - Current history level: NONE, level required: FULL
10:48:05,111 [main] DEBUG org.activiti.engine.impl.history.DefaultHistoryManager  - Current history level: NONE, level required: ACTIVITY
10:48:05,111 [main] DEBUG org.activiti.engine.impl.history.DefaultHistoryManager  - Current history level: NONE, level required: FULL
10:48:05,111 [main] DEBUG org.activiti.engine.impl.history.DefaultHistoryManager  - Current history level: NONE, level required: ACTIVITY
10:48:05,111 [main] DEBUG org.activiti.engine.impl.history.DefaultHistoryManager  - Current history level: NONE, level required: FULL
10:48:05,111 [main] DEBUG org.activiti.engine.impl.history.DefaultHistoryManager  - Current history level: NONE, level required: ACTIVITY
10:48:05,111 [main] DEBUG org.activiti.engine.impl.history.DefaultHistoryManager  - Current history level: NONE, level required: FULL
10:48:05,111 [main] DEBUG org.activiti.engine.impl.history.DefaultHistoryManager  - Current history level: NONE, level required: ACTIVITY
10:48:05,111 [main] DEBUG org.activiti.engine.impl.history.DefaultHistoryManager  - Current history level: NONE, level required: FULL
10:48:05,111 [main] DEBUG org.activiti.engine.impl.history.DefaultHistoryManager  - Current history level: NONE, level required: ACTIVITY
10:48:05,111 [main] DEBUG org.activiti.engine.impl.history.DefaultHistoryManager  - Current history level: NONE, level required: FULL
10:48:05,111 [main] DEBUG org.activiti.engine.impl.history.DefaultHistoryManager  - Current history level: NONE, level required: ACTIVITY
10:48:05,111 [main] DEBUG org.activiti.engine.impl.history.DefaultHistoryManager  - Current history level: NONE, level required: FULL
10:48:05,111 [main] DEBUG org.activiti.engine.impl.history.DefaultHistoryManager  - Current history level: NONE, level required: ACTIVITY
10:48:05,111 [main] DEBUG org.activiti.engine.impl.history.DefaultHistoryManager  - Current history level: NONE, level required: FULL
10:48:05,111 [main] DEBUG org.activiti.engine.impl.history.DefaultHistoryManager  - Current history level: NONE, level required: ACTIVITY
10:48:05,111 [main] DEBUG org.activiti.engine.impl.history.DefaultHistoryManager  - Current history level: NONE, level required: FULL
10:48:05,111 [main] DEBUG org.activiti.engine.impl.history.DefaultHistoryManager  - Current history level: NONE, level required: ACTIVITY
10:48:05,111 [main] DEBUG org.activiti.engine.impl.history.DefaultHistoryManager  - Current history level: NONE, level required: FULL
10:48:05,111 [main] DEBUG org.activiti.engine.impl.history.DefaultHistoryManager  - Current history level: NONE, level required: ACTIVITY
10:48:05,111 [main] DEBUG org.activiti.engine.impl.history.DefaultHistoryManager  - Current history level: NONE, level required: FULL
10:48:05,111 [main] DEBUG org.activiti.engine.impl.history.DefaultHistoryManager  - Current history level: NONE, level required: ACTIVITY
10:48:05,111 [main] DEBUG org.activiti.engine.impl.history.DefaultHistoryManager  - Current history level: NONE, level required: FULL
10:48:05,111 [main] DEBUG org.activiti.engine.impl.history.DefaultHistoryManager  - Current history level: NONE, level required: ACTIVITY
10:48:05,111 [main] DEBUG org.activiti.engine.impl.history.DefaultHistoryManager  - Current history level: NONE, level required: FULL
10:48:05,111 [main] DEBUG org.activiti.engine.impl.history.DefaultHistoryManager  - Current history level: NONE, level required: ACTIVITY
10:48:05,111 [main] DEBUG org.activiti.engine.impl.history.DefaultHistoryManager  - Current history level: NONE, level required: FULL
10:48:05,111 [main] DEBUG org.activiti.engine.impl.history.DefaultHistoryManager  - Current history level: NONE, level required: ACTIVITY
10:48:05,111 [main] DEBUG org.activiti.engine.impl.history.DefaultHistoryManager  - Current history level: NONE, level required: FULL
10:48:05,111 [main] DEBUG org.activiti.engine.impl.history.DefaultHistoryManager  - Current history level: NONE, level required: ACTIVITY
10:48:05,112 [main] DEBUG org.activiti.engine.impl.history.DefaultHistoryManager  - Current history level: NONE, level required: FULL
10:48:05,112 [main] DEBUG org.activiti.engine.impl.history.DefaultHistoryManager  - Current history level: NONE, level required: ACTIVITY
10:48:05,112 [main] DEBUG org.activiti.engine.impl.history.DefaultHistoryManager  - Current history level: NONE, level required: FULL
10:48:05,112 [main] DEBUG org.activiti.engine.impl.history.DefaultHistoryManager  - Current history level: NONE, level required: ACTIVITY
10:48:05,112 [main] DEBUG org.activiti.engine.impl.history.DefaultHistoryManager  - Current history level: NONE, level required: FULL
10:48:05,112 [main] DEBUG org.activiti.engine.impl.history.DefaultHistoryManager  - Current history level: NONE, level required: ACTIVITY
10:48:05,112 [main] DEBUG org.activiti.engine.impl.history.DefaultHistoryManager  - Current history level: NONE, level required: FULL
10:48:05,112 [main] DEBUG org.activiti.engine.impl.history.DefaultHistoryManager  - Current history level: NONE, level required: ACTIVITY
10:48:05,112 [main] DEBUG org.activiti.engine.impl.history.DefaultHistoryManager  - Current history level: NONE, level required: FULL
10:48:05,112 [main] DEBUG org.activiti.engine.impl.history.DefaultHistoryManager  - Current history level: NONE, level required: ACTIVITY
10:48:05,112 [main] DEBUG org.activiti.engine.impl.history.DefaultHistoryManager  - Current history level: NONE, level required: FULL
10:48:05,112 [main] DEBUG org.activiti.engine.impl.history.DefaultHistoryManager  - Current history level: NONE, level required: ACTIVITY
10:48:05,112 [main] DEBUG org.activiti.engine.impl.history.DefaultHistoryManager  - Current history level: NONE, level required: FULL
10:48:05,112 [main] DEBUG org.activiti.engine.impl.history.DefaultHistoryManager  - Current history level: NONE, level required: ACTIVITY
10:48:05,112 [main] DEBUG org.activiti.engine.impl.history.DefaultHistoryManager  - Current history level: NONE, level required: FULL
10:48:05,112 [main] DEBUG org.activiti.engine.impl.history.DefaultHistoryManager  - Current history level: NONE, level required: ACTIVITY
10:48:05,112 [main] DEBUG org.activiti.engine.impl.history.DefaultHistoryManager  - Current history level: NONE, level required: FULL
10:48:05,112 [main] DEBUG org.activiti.engine.impl.history.DefaultHistoryManager  - Current history level: NONE, level required: ACTIVITY
10:48:05,112 [main] DEBUG org.activiti.engine.impl.history.DefaultHistoryManager  - Current history level: NONE, level required: FULL
10:48:05,112 [main] DEBUG org.activiti.engine.impl.history.DefaultHistoryManager  - Current history level: NONE, level required: ACTIVITY
10:48:05,112 [main] DEBUG org.activiti.engine.impl.history.DefaultHistoryManager  - Current history level: NONE, level required: FULL
10:48:05,112 [main] DEBUG org.activiti.engine.impl.history.DefaultHistoryManager  - Current history level: NONE, level required: ACTIVITY
10:48:05,112 [main] DEBUG org.activiti.engine.impl.history.DefaultHistoryManager  - Current history level: NONE, level required: FULL
10:48:05,112 [main] DEBUG org.activiti.engine.impl.history.DefaultHistoryManager  - Current history level: NONE, level required: ACTIVITY
10:48:05,112 [main] DEBUG org.activiti.engine.impl.history.DefaultHistoryManager  - Current history level: NONE, level required: FULL
10:48:05,112 [main] DEBUG org.activiti.engine.impl.history.DefaultHistoryManager  - Current history level: NONE, level required: ACTIVITY
10:48:05,112 [main] DEBUG org.activiti.engine.impl.history.DefaultHistoryManager  - Current history level: NONE, level required: FULL
10:48:05,113 [main] DEBUG org.activiti.engine.impl.history.DefaultHistoryManager  - Current history level: NONE, level required: ACTIVITY
10:48:05,113 [main] DEBUG org.activiti.engine.impl.history.DefaultHistoryManager  - Current history level: NONE, level required: FULL
10:48:05,113 [main] DEBUG org.activiti.engine.impl.history.DefaultHistoryManager  - Current history level: NONE, level required: ACTIVITY
10:48:05,113 [main] DEBUG org.activiti.engine.impl.history.DefaultHistoryManager  - Current history level: NONE, level required: FULL
10:48:05,113 [main] DEBUG org.activiti.engine.impl.history.DefaultHistoryManager  - Current history level: NONE, level required: ACTIVITY
10:48:05,113 [main] DEBUG org.activiti.engine.impl.history.DefaultHistoryManager  - Current history level: NONE, level required: FULL
10:48:05,113 [main] DEBUG org.activiti.engine.impl.history.DefaultHistoryManager  - Current history level: NONE, level required: ACTIVITY
10:48:05,113 [main] DEBUG org.activiti.engine.impl.history.DefaultHistoryManager  - Current history level: NONE, level required: FULL
10:48:05,113 [main] DEBUG org.activiti.engine.impl.history.DefaultHistoryManager  - Current history level: NONE, level required: ACTIVITY
10:48:05,114 [main] DEBUG org.activiti.engine.impl.history.DefaultHistoryManager  - Current history level: NONE, level required: FULL
10:48:05,114 [main] DEBUG org.activiti.engine.impl.history.DefaultHistoryManager  - Current history level: NONE, level required: ACTIVITY
10:48:05,114 [main] DEBUG org.activiti.engine.impl.history.DefaultHistoryManager  - Current history level: NONE, level required: FULL
10:48:05,114 [main] DEBUG org.activiti.engine.impl.history.DefaultHistoryManager  - Current history level: NONE, level required: ACTIVITY
10:48:05,114 [main] DEBUG org.activiti.engine.impl.history.DefaultHistoryManager  - Current history level: NONE, level required: FULL
10:48:05,114 [main] DEBUG org.activiti.engine.impl.history.DefaultHistoryManager  - Current history level: NONE, level required: ACTIVITY
10:48:05,114 [main] DEBUG org.activiti.engine.impl.history.DefaultHistoryManager  - Current history level: NONE, level required: FULL
10:48:05,114 [main] DEBUG org.activiti.engine.impl.history.DefaultHistoryManager  - Current history level: NONE, level required: ACTIVITY
10:48:05,114 [main] DEBUG org.activiti.engine.impl.history.DefaultHistoryManager  - Current history level: NONE, level required: FULL
10:48:05,114 [main] DEBUG org.activiti.engine.impl.history.DefaultHistoryManager  - Current history level: NONE, level required: ACTIVITY
10:48:05,114 [main] DEBUG org.activiti.engine.impl.history.DefaultHistoryManager  - Current history level: NONE, level required: FULL
10:48:05,114 [main] DEBUG org.activiti.engine.impl.history.DefaultHistoryManager  - Current history level: NONE, level required: ACTIVITY
10:48:05,114 [main] DEBUG org.activiti.engine.impl.history.DefaultHistoryManager  - Current history level: NONE, level required: FULL
10:48:05,114 [main] DEBUG org.activiti.engine.impl.history.DefaultHistoryManager  - Current history level: NONE, level required: ACTIVITY
10:48:05,114 [main] DEBUG org.activiti.engine.impl.history.DefaultHistoryManager  - Current history level: NONE, level required: FULL
10:48:05,114 [main] DEBUG org.activiti.engine.impl.history.DefaultHistoryManager  - Current history level: NONE, level required: ACTIVITY
10:48:05,114 [main] DEBUG org.activiti.engine.impl.history.DefaultHistoryManager  - Current history level: NONE, level required: FULL
10:48:05,114 [main] DEBUG org.activiti.engine.impl.history.DefaultHistoryManager  - Current history level: NONE, level required: ACTIVITY
10:48:05,114 [main] DEBUG org.activiti.engine.impl.history.DefaultHistoryManager  - Current history level: NONE, level required: FULL
10:48:05,114 [main] DEBUG org.activiti.engine.impl.history.DefaultHistoryManager  - Current history level: NONE, level required: ACTIVITY
10:48:05,114 [main] DEBUG org.activiti.engine.impl.history.DefaultHistoryManager  - Current history level: NONE, level required: FULL
10:48:05,114 [main] DEBUG org.activiti.engine.impl.history.DefaultHistoryManager  - Current history level: NONE, level required: ACTIVITY
10:48:05,114 [main] DEBUG org.activiti.engine.impl.history.DefaultHistoryManager  - Current history level: NONE, level required: FULL
10:48:05,114 [main] DEBUG org.activiti.engine.impl.history.DefaultHistoryManager  - Current history level: NONE, level required: ACTIVITY
10:48:05,114 [main] DEBUG org.activiti.engine.impl.history.DefaultHistoryManager  - Current history level: NONE, level required: FULL
10:48:05,114 [main] DEBUG org.activiti.engine.impl.history.DefaultHistoryManager  - Current history level: NONE, level required: ACTIVITY
10:48:05,114 [main] DEBUG org.activiti.engine.impl.history.DefaultHistoryManager  - Current history level: NONE, level required: FULL
10:48:05,115 [main] DEBUG org.activiti.engine.impl.history.DefaultHistoryManager  - Current history level: NONE, level required: ACTIVITY
10:48:05,115 [main] DEBUG org.activiti.engine.impl.history.DefaultHistoryManager  - Current history level: NONE, level required: FULL
10:48:05,115 [main] DEBUG org.activiti.engine.impl.history.DefaultHistoryManager  - Current history level: NONE, level required: ACTIVITY
10:48:05,115 [main] DEBUG org.activiti.engine.impl.history.DefaultHistoryManager  - Current history level: NONE, level required: FULL
10:48:05,115 [main] DEBUG org.activiti.engine.impl.history.DefaultHistoryManager  - Current history level: NONE, level required: ACTIVITY
10:48:05,115 [main] DEBUG org.activiti.engine.impl.history.DefaultHistoryManager  - Current history level: NONE, level required: FULL
10:48:05,115 [main] DEBUG org.activiti.engine.impl.history.DefaultHistoryManager  - Current history level: NONE, level required: ACTIVITY
10:48:05,115 [main] DEBUG org.activiti.engine.impl.history.DefaultHistoryManager  - Current history level: NONE, level required: FULL
10:48:05,115 [main] DEBUG org.activiti.engine.impl.history.DefaultHistoryManager  - Current history level: NONE, level required: ACTIVITY
10:48:05,115 [main] DEBUG org.activiti.engine.impl.history.DefaultHistoryManager  - Current history level: NONE, level required: FULL
10:48:05,115 [main] DEBUG org.activiti.engine.impl.history.DefaultHistoryManager  - Current history level: NONE, level required: ACTIVITY
10:48:05,115 [main] DEBUG org.activiti.engine.impl.history.DefaultHistoryManager  - Current history level: NONE, level required: FULL
10:48:05,115 [main] DEBUG org.activiti.engine.impl.history.DefaultHistoryManager  - Current history level: NONE, level required: ACTIVITY
10:48:05,115 [main] DEBUG org.activiti.engine.impl.history.DefaultHistoryManager  - Current history level: NONE, level required: FULL
10:48:05,115 [main] DEBUG org.activiti.engine.impl.history.DefaultHistoryManager  - Current history level: NONE, level required: ACTIVITY
10:48:05,115 [main] DEBUG org.activiti.engine.impl.history.DefaultHistoryManager  - Current history level: NONE, level required: FULL
10:48:05,115 [main] DEBUG org.activiti.engine.impl.history.DefaultHistoryManager  - Current history level: NONE, level required: ACTIVITY
10:48:05,115 [main] DEBUG org.activiti.engine.impl.history.DefaultHistoryManager  - Current history level: NONE, level required: FULL
10:48:05,115 [main] DEBUG org.activiti.engine.impl.history.DefaultHistoryManager  - Current history level: NONE, level required: ACTIVITY
10:48:05,115 [main] DEBUG org.activiti.engine.impl.history.DefaultHistoryManager  - Current history level: NONE, level required: FULL
10:48:05,115 [main] DEBUG org.activiti.engine.impl.history.DefaultHistoryManager  - Current history level: NONE, level required: ACTIVITY
10:48:05,115 [main] DEBUG org.activiti.engine.impl.history.DefaultHistoryManager  - Current history level: NONE, level required: FULL
10:48:05,115 [main] DEBUG org.activiti.engine.impl.history.DefaultHistoryManager  - Current history level: NONE, level required: ACTIVITY
10:48:05,115 [main] DEBUG org.activiti.engine.impl.history.DefaultHistoryManager  - Current history level: NONE, level required: FULL
10:48:05,116 [main] DEBUG org.activiti.engine.impl.history.DefaultHistoryManager  - Current history level: NONE, level required: ACTIVITY
10:48:05,116 [main] DEBUG org.activiti.engine.impl.history.DefaultHistoryManager  - Current history level: NONE, level required: FULL
10:48:05,116 [main] DEBUG org.activiti.engine.impl.history.DefaultHistoryManager  - Current history level: NONE, level required: ACTIVITY
10:48:05,116 [main] DEBUG org.activiti.engine.impl.history.DefaultHistoryManager  - Current history level: NONE, level required: FULL
10:48:05,116 [main] DEBUG org.activiti.engine.impl.history.DefaultHistoryManager  - Current history level: NONE, level required: ACTIVITY
10:48:05,116 [main] DEBUG org.activiti.engine.impl.history.DefaultHistoryManager  - Current history level: NONE, level required: FULL
10:48:05,116 [main] DEBUG org.activiti.engine.impl.history.DefaultHistoryManager  - Current history level: NONE, level required: ACTIVITY
10:48:05,116 [main] DEBUG org.activiti.engine.impl.history.DefaultHistoryManager  - Current history level: NONE, level required: FULL
10:48:05,116 [main] DEBUG org.activiti.engine.impl.history.DefaultHistoryManager  - Current history level: NONE, level required: ACTIVITY
10:48:05,116 [main] DEBUG org.activiti.engine.impl.history.DefaultHistoryManager  - Current history level: NONE, level required: FULL
10:48:05,116 [main] DEBUG org.activiti.engine.impl.history.DefaultHistoryManager  - Current history level: NONE, level required: ACTIVITY
10:48:05,116 [main] DEBUG org.activiti.engine.impl.history.DefaultHistoryManager  - Current history level: NONE, level required: FULL
10:48:05,116 [main] DEBUG org.activiti.engine.impl.history.DefaultHistoryManager  - Current history level: NONE, level required: ACTIVITY
10:48:05,116 [main] DEBUG org.activiti.engine.impl.history.DefaultHistoryManager  - Current history level: NONE, level required: FULL
10:48:05,116 [main] DEBUG org.activiti.engine.impl.history.DefaultHistoryManager  - Current history level: NONE, level required: ACTIVITY
10:48:05,116 [main] DEBUG org.activiti.engine.impl.history.DefaultHistoryManager  - Current history level: NONE, level required: FULL
10:48:05,116 [main] DEBUG org.activiti.engine.impl.history.DefaultHistoryManager  - Current history level: NONE, level required: ACTIVITY
10:48:05,116 [main] DEBUG org.activiti.engine.impl.history.DefaultHistoryManager  - Current history level: NONE, level required: FULL
10:48:05,116 [main] DEBUG org.activiti.engine.impl.history.DefaultHistoryManager  - Current history level: NONE, level required: ACTIVITY
10:48:05,116 [main] DEBUG org.activiti.engine.impl.history.DefaultHistoryManager  - Current history level: NONE, level required: FULL
10:48:05,116 [main] DEBUG org.activiti.engine.impl.history.DefaultHistoryManager  - Current history level: NONE, level required: ACTIVITY
10:48:05,116 [main] DEBUG org.activiti.engine.impl.history.DefaultHistoryManager  - Current history level: NONE, level required: FULL
10:48:05,116 [main] DEBUG org.activiti.engine.impl.history.DefaultHistoryManager  - Current history level: NONE, level required: ACTIVITY
10:48:05,116 [main] DEBUG org.activiti.engine.impl.history.DefaultHistoryManager  - Current history level: NONE, level required: FULL
10:48:05,116 [main] DEBUG org.activiti.engine.impl.history.DefaultHistoryManager  - Current history level: NONE, level required: ACTIVITY
10:48:05,116 [main] DEBUG org.activiti.engine.impl.history.DefaultHistoryManager  - Current history level: NONE, level required: FULL
10:48:05,116 [main] DEBUG org.activiti.engine.impl.history.DefaultHistoryManager  - Current history level: NONE, level required: ACTIVITY
10:48:05,116 [main] DEBUG org.activiti.engine.impl.history.DefaultHistoryManager  - Current history level: NONE, level required: FULL
10:48:05,116 [main] DEBUG org.activiti.engine.impl.history.DefaultHistoryManager  - Current history level: NONE, level required: ACTIVITY
10:48:05,116 [main] DEBUG org.activiti.engine.impl.history.DefaultHistoryManager  - Current history level: NONE, level required: FULL
10:48:05,116 [main] DEBUG org.activiti.engine.impl.history.DefaultHistoryManager  - Current history level: NONE, level required: ACTIVITY
10:48:05,116 [main] DEBUG org.activiti.engine.impl.history.DefaultHistoryManager  - Current history level: NONE, level required: FULL
10:48:05,116 [main] DEBUG org.activiti.engine.impl.history.DefaultHistoryManager  - Current history level: NONE, level required: ACTIVITY
10:48:05,116 [main] DEBUG org.activiti.engine.impl.history.DefaultHistoryManager  - Current history level: NONE, level required: FULL
10:48:05,116 [main] DEBUG org.activiti.engine.impl.history.DefaultHistoryManager  - Current history level: NONE, level required: ACTIVITY
10:48:05,116 [main] DEBUG org.activiti.engine.impl.history.DefaultHistoryManager  - Current history level: NONE, level required: FULL
10:48:05,117 [main] DEBUG org.activiti.engine.impl.history.DefaultHistoryManager  - Current history level: NONE, level required: ACTIVITY
10:48:05,117 [main] DEBUG org.activiti.engine.impl.history.DefaultHistoryManager  - Current history level: NONE, level required: FULL
10:48:05,117 [main] DEBUG org.activiti.engine.impl.history.DefaultHistoryManager  - Current history level: NONE, level required: ACTIVITY
10:48:05,117 [main] DEBUG org.activiti.engine.impl.history.DefaultHistoryManager  - Current history level: NONE, level required: FULL
10:48:05,117 [main] DEBUG org.activiti.engine.impl.history.DefaultHistoryManager  - Current history level: NONE, level required: ACTIVITY
10:48:05,117 [main] DEBUG org.activiti.engine.impl.history.DefaultHistoryManager  - Current history level: NONE, level required: FULL
10:48:05,117 [main] DEBUG org.activiti.engine.impl.history.DefaultHistoryManager  - Current history level: NONE, level required: ACTIVITY
10:48:05,117 [main] DEBUG org.activiti.engine.impl.history.DefaultHistoryManager  - Current history level: NONE, level required: FULL
10:48:05,117 [main] DEBUG org.activiti.engine.impl.history.DefaultHistoryManager  - Current history level: NONE, level required: ACTIVITY
10:48:05,117 [main] DEBUG org.activiti.engine.impl.history.DefaultHistoryManager  - Current history level: NONE, level required: FULL
10:48:05,117 [main] DEBUG org.activiti.engine.impl.history.DefaultHistoryManager  - Current history level: NONE, level required: ACTIVITY
10:48:05,117 [main] DEBUG org.activiti.engine.impl.history.DefaultHistoryManager  - Current history level: NONE, level required: FULL
10:48:05,117 [main] DEBUG org.activiti.engine.impl.history.DefaultHistoryManager  - Current history level: NONE, level required: ACTIVITY
10:48:05,117 [main] DEBUG org.activiti.engine.impl.history.DefaultHistoryManager  - Current history level: NONE, level required: FULL
10:48:05,117 [main] DEBUG org.activiti.engine.impl.history.DefaultHistoryManager  - Current history level: NONE, level required: ACTIVITY
10:48:05,117 [main] DEBUG org.activiti.engine.impl.history.DefaultHistoryManager  - Current history level: NONE, level required: FULL
10:48:05,117 [main] DEBUG org.activiti.engine.impl.history.DefaultHistoryManager  - Current history level: NONE, level required: ACTIVITY
10:48:05,117 [main] DEBUG org.activiti.engine.impl.history.DefaultHistoryManager  - Current history level: NONE, level required: FULL
10:48:05,117 [main] DEBUG org.activiti.engine.impl.history.DefaultHistoryManager  - Current history level: NONE, level required: ACTIVITY
10:48:05,117 [main] DEBUG org.activiti.engine.impl.history.DefaultHistoryManager  - Current history level: NONE, level required: FULL
10:48:05,117 [main] DEBUG org.activiti.engine.impl.history.DefaultHistoryManager  - Current history level: NONE, level required: ACTIVITY
10:48:05,117 [main] DEBUG org.activiti.engine.impl.history.DefaultHistoryManager  - Current history level: NONE, level required: FULL
10:48:05,117 [main] DEBUG org.activiti.engine.impl.history.DefaultHistoryManager  - Current history level: NONE, level required: ACTIVITY
10:48:05,117 [main] DEBUG org.activiti.engine.impl.history.DefaultHistoryManager  - Current history level: NONE, level required: FULL
10:48:05,117 [main] DEBUG org.activiti.engine.impl.history.DefaultHistoryManager  - Current history level: NONE, level required: ACTIVITY
10:48:05,117 [main] DEBUG org.activiti.engine.impl.history.DefaultHistoryManager  - Current history level: NONE, level required: FULL
10:48:05,117 [main] DEBUG org.activiti.engine.impl.history.DefaultHistoryManager  - Current history level: NONE, level required: ACTIVITY
10:48:05,117 [main] DEBUG org.activiti.engine.impl.history.DefaultHistoryManager  - Current history level: NONE, level required: FULL
10:48:05,117 [main] DEBUG org.activiti.engine.impl.history.DefaultHistoryManager  - Current history level: NONE, level required: ACTIVITY
10:48:05,118 [main] DEBUG org.activiti.engine.impl.history.DefaultHistoryManager  - Current history level: NONE, level required: FULL
10:48:05,118 [main] DEBUG org.activiti.engine.impl.history.DefaultHistoryManager  - Current history level: NONE, level required: ACTIVITY
10:48:05,118 [main] DEBUG org.activiti.engine.impl.history.DefaultHistoryManager  - Current history level: NONE, level required: FULL
10:48:05,118 [main] DEBUG org.activiti.engine.impl.history.DefaultHistoryManager  - Current history level: NONE, level required: ACTIVITY
10:48:05,118 [main] DEBUG org.activiti.engine.impl.history.DefaultHistoryManager  - Current history level: NONE, level required: FULL
10:48:05,118 [main] DEBUG org.activiti.engine.impl.history.DefaultHistoryManager  - Current history level: NONE, level required: ACTIVITY
10:48:05,118 [main] DEBUG org.activiti.engine.impl.history.DefaultHistoryManager  - Current history level: NONE, level required: FULL
10:48:05,118 [main] DEBUG org.activiti.engine.impl.history.DefaultHistoryManager  - Current history level: NONE, level required: ACTIVITY
10:48:05,118 [main] DEBUG org.activiti.engine.impl.history.DefaultHistoryManager  - Current history level: NONE, level required: FULL
10:48:05,118 [main] DEBUG org.activiti.engine.impl.history.DefaultHistoryManager  - Current history level: NONE, level required: ACTIVITY
10:48:05,118 [main] DEBUG org.activiti.engine.impl.history.DefaultHistoryManager  - Current history level: NONE, level required: FULL
10:48:05,118 [main] DEBUG org.activiti.engine.impl.history.DefaultHistoryManager  - Current history level: NONE, level required: ACTIVITY
10:48:05,118 [main] DEBUG org.activiti.engine.impl.history.DefaultHistoryManager  - Current history level: NONE, level required: FULL
10:48:05,118 [main] DEBUG org.activiti.engine.impl.history.DefaultHistoryManager  - Current history level: NONE, level required: ACTIVITY
10:48:05,118 [main] DEBUG org.activiti.engine.impl.history.DefaultHistoryManager  - Current history level: NONE, level required: FULL
10:48:05,118 [main] DEBUG org.activiti.engine.impl.history.DefaultHistoryManager  - Current history level: NONE, level required: ACTIVITY
10:48:05,118 [main] DEBUG org.activiti.engine.impl.history.DefaultHistoryManager  - Current history level: NONE, level required: FULL
10:48:05,118 [main] DEBUG org.activiti.engine.impl.history.DefaultHistoryManager  - Current history level: NONE, level required: ACTIVITY
10:48:05,118 [main] DEBUG org.activiti.engine.impl.history.DefaultHistoryManager  - Current history level: NONE, level required: FULL
10:48:05,118 [main] DEBUG org.activiti.engine.impl.history.DefaultHistoryManager  - Current history level: NONE, level required: ACTIVITY
10:48:05,118 [main] DEBUG org.activiti.engine.impl.history.DefaultHistoryManager  - Current history level: NONE, level required: FULL
10:48:05,118 [main] DEBUG org.activiti.engine.impl.history.DefaultHistoryManager  - Current history level: NONE, level required: ACTIVITY
10:48:05,118 [main] DEBUG org.activiti.engine.impl.history.DefaultHistoryManager  - Current history level: NONE, level required: FULL
10:48:05,118 [main] DEBUG org.activiti.engine.impl.history.DefaultHistoryManager  - Current history level: NONE, level required: ACTIVITY
10:48:05,118 [main] DEBUG org.activiti.engine.impl.history.DefaultHistoryManager  - Current history level: NONE, level required: FULL
10:48:05,118 [main] DEBUG org.activiti.engine.impl.history.DefaultHistoryManager  - Current history level: NONE, level required: ACTIVITY
10:48:05,118 [main] DEBUG org.activiti.engine.impl.history.DefaultHistoryManager  - Current history level: NONE, level required: FULL
10:48:05,118 [main] DEBUG org.activiti.engine.impl.history.DefaultHistoryManager  - Current history level: NONE, level required: ACTIVITY
10:48:05,118 [main] DEBUG org.activiti.engine.impl.history.DefaultHistoryManager  - Current history level: NONE, level required: FULL
10:48:05,118 [main] DEBUG org.activiti.engine.impl.history.DefaultHistoryManager  - Current history level: NONE, level required: ACTIVITY
10:48:05,119 [main] DEBUG org.activiti.engine.impl.history.DefaultHistoryManager  - Current history level: NONE, level required: FULL
10:48:05,119 [main] DEBUG org.activiti.engine.impl.history.DefaultHistoryManager  - Current history level: NONE, level required: ACTIVITY
10:48:05,119 [main] DEBUG org.activiti.engine.impl.history.DefaultHistoryManager  - Current history level: NONE, level required: FULL
10:48:05,119 [main] DEBUG org.activiti.engine.impl.history.DefaultHistoryManager  - Current history level: NONE, level required: ACTIVITY
10:48:05,119 [main] DEBUG org.activiti.engine.impl.history.DefaultHistoryManager  - Current history level: NONE, level required: FULL
10:48:05,119 [main] DEBUG org.activiti.engine.impl.history.DefaultHistoryManager  - Current history level: NONE, level required: ACTIVITY
10:48:05,119 [main] DEBUG org.activiti.engine.impl.history.DefaultHistoryManager  - Current history level: NONE, level required: FULL
10:48:05,119 [main] DEBUG org.activiti.engine.impl.history.DefaultHistoryManager  - Current history level: NONE, level required: ACTIVITY
10:48:05,119 [main] DEBUG org.activiti.engine.impl.history.DefaultHistoryManager  - Current history level: NONE, level required: FULL
10:48:05,119 [main] DEBUG org.activiti.engine.impl.history.DefaultHistoryManager  - Current history level: NONE, level required: ACTIVITY
10:48:05,119 [main] DEBUG org.activiti.engine.impl.history.DefaultHistoryManager  - Current history level: NONE, level required: FULL
10:48:05,119 [main] DEBUG org.activiti.engine.impl.history.DefaultHistoryManager  - Current history level: NONE, level required: ACTIVITY
10:48:05,119 [main] DEBUG org.activiti.engine.impl.history.DefaultHistoryManager  - Current history level: NONE, level required: FULL
10:48:05,119 [main] DEBUG org.activiti.engine.impl.history.DefaultHistoryManager  - Current history level: NONE, level required: ACTIVITY
10:48:05,119 [main] DEBUG org.activiti.engine.impl.history.DefaultHistoryManager  - Current history level: NONE, level required: FULL
10:48:05,119 [main] DEBUG org.activiti.engine.impl.history.DefaultHistoryManager  - Current history level: NONE, level required: ACTIVITY
10:48:05,119 [main] DEBUG org.activiti.engine.impl.history.DefaultHistoryManager  - Current history level: NONE, level required: FULL
10:48:05,119 [main] DEBUG org.activiti.engine.impl.history.DefaultHistoryManager  - Current history level: NONE, level required: ACTIVITY
10:48:05,119 [main] DEBUG org.activiti.engine.impl.history.DefaultHistoryManager  - Current history level: NONE, level required: FULL
10:48:05,119 [main] DEBUG org.activiti.engine.impl.history.DefaultHistoryManager  - Current history level: NONE, level required: ACTIVITY
10:48:05,119 [main] DEBUG org.activiti.engine.impl.history.DefaultHistoryManager  - Current history level: NONE, level required: FULL
10:48:05,119 [main] DEBUG org.activiti.engine.impl.history.DefaultHistoryManager  - Current history level: NONE, level required: ACTIVITY
10:48:05,119 [main] DEBUG org.activiti.engine.impl.history.DefaultHistoryManager  - Current history level: NONE, level required: FULL
10:48:05,119 [main] DEBUG org.activiti.engine.impl.history.DefaultHistoryManager  - Current history level: NONE, level required: ACTIVITY
10:48:05,120 [main] DEBUG org.activiti.engine.impl.history.DefaultHistoryManager  - Current history level: NONE, level required: FULL
10:48:05,120 [main] DEBUG org.activiti.engine.impl.history.DefaultHistoryManager  - Current history level: NONE, level required: ACTIVITY
10:48:05,120 [main] DEBUG org.activiti.engine.impl.history.DefaultHistoryManager  - Current history level: NONE, level required: FULL
10:48:05,120 [main] DEBUG org.activiti.engine.impl.history.DefaultHistoryManager  - Current history level: NONE, level required: ACTIVITY
10:48:05,120 [main] DEBUG org.activiti.engine.impl.history.DefaultHistoryManager  - Current history level: NONE, level required: FULL
10:48:05,120 [main] DEBUG org.activiti.engine.impl.history.DefaultHistoryManager  - Current history level: NONE, level required: ACTIVITY
10:48:05,120 [main] DEBUG org.activiti.engine.impl.history.DefaultHistoryManager  - Current history level: NONE, level required: FULL
10:48:05,120 [main] DEBUG org.activiti.engine.impl.history.DefaultHistoryManager  - Current history level: NONE, level required: ACTIVITY
10:48:05,120 [main] DEBUG org.activiti.engine.impl.history.DefaultHistoryManager  - Current history level: NONE, level required: FULL
10:48:05,120 [main] DEBUG org.activiti.engine.impl.history.DefaultHistoryManager  - Current history level: NONE, level required: ACTIVITY
10:48:05,120 [main] DEBUG org.activiti.engine.impl.history.DefaultHistoryManager  - Current history level: NONE, level required: FULL
10:48:05,120 [main] DEBUG org.activiti.engine.impl.history.DefaultHistoryManager  - Current history level: NONE, level required: ACTIVITY
10:48:05,120 [main] DEBUG org.activiti.engine.impl.history.DefaultHistoryManager  - Current history level: NONE, level required: FULL
10:48:05,120 [main] DEBUG org.activiti.engine.impl.history.DefaultHistoryManager  - Current history level: NONE, level required: ACTIVITY
10:48:05,120 [main] DEBUG org.activiti.engine.impl.history.DefaultHistoryManager  - Current history level: NONE, level required: FULL
10:48:05,120 [main] DEBUG org.activiti.engine.impl.history.DefaultHistoryManager  - Current history level: NONE, level required: ACTIVITY
10:48:05,120 [main] DEBUG org.activiti.engine.impl.history.DefaultHistoryManager  - Current history level: NONE, level required: FULL
10:48:05,120 [main] DEBUG org.activiti.engine.impl.history.DefaultHistoryManager  - Current history level: NONE, level required: ACTIVITY
10:48:05,120 [main] DEBUG org.activiti.engine.impl.history.DefaultHistoryManager  - Current history level: NONE, level required: FULL
10:48:05,120 [main] DEBUG org.activiti.engine.impl.history.DefaultHistoryManager  - Current history level: NONE, level required: ACTIVITY
10:48:05,120 [main] DEBUG org.activiti.engine.impl.history.DefaultHistoryManager  - Current history level: NONE, level required: FULL
10:48:05,120 [main] DEBUG org.activiti.engine.impl.history.DefaultHistoryManager  - Current history level: NONE, level required: ACTIVITY
10:48:05,120 [main] DEBUG org.activiti.engine.impl.history.DefaultHistoryManager  - Current history level: NONE, level required: FULL
10:48:05,120 [main] DEBUG org.activiti.engine.impl.history.DefaultHistoryManager  - Current history level: NONE, level required: ACTIVITY
10:48:05,120 [main] DEBUG org.activiti.engine.impl.history.DefaultHistoryManager  - Current history level: NONE, level required: FULL
10:48:05,120 [main] DEBUG org.activiti.engine.impl.history.DefaultHistoryManager  - Current history level: NONE, level required: ACTIVITY
10:48:05,120 [main] DEBUG org.activiti.engine.impl.history.DefaultHistoryManager  - Current history level: NONE, level required: FULL
10:48:05,120 [main] DEBUG org.activiti.engine.impl.history.DefaultHistoryManager  - Current history level: NONE, level required: ACTIVITY
10:48:05,121 [main] DEBUG org.activiti.engine.impl.history.DefaultHistoryManager  - Current history level: NONE, level required: FULL
10:48:05,121 [main] DEBUG org.activiti.engine.impl.history.DefaultHistoryManager  - Current history level: NONE, level required: ACTIVITY
10:48:05,121 [main] DEBUG org.activiti.engine.impl.history.DefaultHistoryManager  - Current history level: NONE, level required: FULL
10:48:05,121 [main] DEBUG org.activiti.engine.impl.history.DefaultHistoryManager  - Current history level: NONE, level required: ACTIVITY
10:48:05,121 [main] DEBUG org.activiti.engine.impl.history.DefaultHistoryManager  - Current history level: NONE, level required: FULL
10:48:05,121 [main] DEBUG org.activiti.engine.impl.history.DefaultHistoryManager  - Current history level: NONE, level required: ACTIVITY
10:48:05,121 [main] DEBUG org.activiti.engine.impl.history.DefaultHistoryManager  - Current history level: NONE, level required: FULL
10:48:05,121 [main] DEBUG org.activiti.engine.impl.history.DefaultHistoryManager  - Current history level: NONE, level required: ACTIVITY
10:48:05,121 [main] DEBUG org.activiti.engine.impl.history.DefaultHistoryManager  - Current history level: NONE, level required: FULL
10:48:05,121 [main] DEBUG org.activiti.engine.impl.history.DefaultHistoryManager  - Current history level: NONE, level required: ACTIVITY
10:48:05,121 [main] DEBUG org.activiti.engine.impl.history.DefaultHistoryManager  - Current history level: NONE, level required: FULL
10:48:05,121 [main] DEBUG org.activiti.engine.impl.history.DefaultHistoryManager  - Current history level: NONE, level required: ACTIVITY
10:48:05,121 [main] DEBUG org.activiti.engine.impl.history.DefaultHistoryManager  - Current history level: NONE, level required: FULL
10:48:05,121 [main] DEBUG org.activiti.engine.impl.history.DefaultHistoryManager  - Current history level: NONE, level required: ACTIVITY
10:48:05,121 [main] DEBUG org.activiti.engine.impl.history.DefaultHistoryManager  - Current history level: NONE, level required: FULL
10:48:05,121 [main] DEBUG org.activiti.engine.impl.history.DefaultHistoryManager  - Current history level: NONE, level required: ACTIVITY
10:48:05,121 [main] DEBUG org.activiti.engine.impl.history.DefaultHistoryManager  - Current history level: NONE, level required: FULL
10:48:05,121 [main] DEBUG org.activiti.engine.impl.history.DefaultHistoryManager  - Current history level: NONE, level required: ACTIVITY
10:48:05,121 [main] DEBUG org.activiti.engine.impl.history.DefaultHistoryManager  - Current history level: NONE, level required: FULL
10:48:05,121 [main] DEBUG org.activiti.engine.impl.history.DefaultHistoryManager  - Current history level: NONE, level required: ACTIVITY
10:48:05,121 [main] DEBUG org.activiti.engine.impl.history.DefaultHistoryManager  - Current history level: NONE, level required: FULL
10:48:05,121 [main] DEBUG org.activiti.engine.impl.history.DefaultHistoryManager  - Current history level: NONE, level required: ACTIVITY
10:48:05,121 [main] DEBUG org.activiti.engine.impl.history.DefaultHistoryManager  - Current history level: NONE, level required: FULL
10:48:05,121 [main] DEBUG org.activiti.engine.impl.history.DefaultHistoryManager  - Current history level: NONE, level required: ACTIVITY
10:48:05,121 [main] DEBUG org.activiti.engine.impl.history.DefaultHistoryManager  - Current history level: NONE, level required: FULL
10:48:05,121 [main] DEBUG org.activiti.engine.impl.history.DefaultHistoryManager  - Current history level: NONE, level required: ACTIVITY
10:48:05,121 [main] DEBUG org.activiti.engine.impl.history.DefaultHistoryManager  - Current history level: NONE, level required: FULL
10:48:05,121 [main] DEBUG org.activiti.engine.impl.history.DefaultHistoryManager  - Current history level: NONE, level required: ACTIVITY
10:48:05,121 [main] DEBUG org.activiti.engine.impl.history.DefaultHistoryManager  - Current history level: NONE, level required: FULL
10:48:05,121 [main] DEBUG org.activiti.engine.impl.history.DefaultHistoryManager  - Current history level: NONE, level required: ACTIVITY
10:48:05,122 [main] DEBUG org.activiti.engine.impl.history.DefaultHistoryManager  - Current history level: NONE, level required: FULL
10:48:05,122 [main] DEBUG org.activiti.engine.impl.history.DefaultHistoryManager  - Current history level: NONE, level required: ACTIVITY
10:48:05,122 [main] DEBUG org.activiti.engine.impl.history.DefaultHistoryManager  - Current history level: NONE, level required: FULL
10:48:05,122 [main] DEBUG org.activiti.engine.impl.history.DefaultHistoryManager  - Current history level: NONE, level required: ACTIVITY
10:48:05,122 [main] DEBUG org.activiti.engine.impl.history.DefaultHistoryManager  - Current history level: NONE, level required: FULL
10:48:05,122 [main] DEBUG org.activiti.engine.impl.history.DefaultHistoryManager  - Current history level: NONE, level required: ACTIVITY
10:48:05,122 [main] DEBUG org.activiti.engine.impl.history.DefaultHistoryManager  - Current history level: NONE, level required: FULL
10:48:05,122 [main] DEBUG org.activiti.engine.impl.history.DefaultHistoryManager  - Current history level: NONE, level required: ACTIVITY
10:48:05,122 [main] DEBUG org.activiti.engine.impl.history.DefaultHistoryManager  - Current history level: NONE, level required: FULL
10:48:05,122 [main] DEBUG org.activiti.engine.impl.history.DefaultHistoryManager  - Current history level: NONE, level required: ACTIVITY
10:48:05,122 [main] DEBUG org.activiti.engine.impl.history.DefaultHistoryManager  - Current history level: NONE, level required: FULL
10:48:05,122 [main] DEBUG org.activiti.engine.impl.history.DefaultHistoryManager  - Current history level: NONE, level required: ACTIVITY
10:48:05,122 [main] DEBUG org.activiti.engine.impl.history.DefaultHistoryManager  - Current history level: NONE, level required: FULL
10:48:05,122 [main] DEBUG org.activiti.engine.impl.history.DefaultHistoryManager  - Current history level: NONE, level required: ACTIVITY
10:48:05,122 [main] DEBUG org.activiti.engine.impl.history.DefaultHistoryManager  - Current history level: NONE, level required: FULL
10:48:05,122 [main] DEBUG org.activiti.engine.impl.history.DefaultHistoryManager  - Current history level: NONE, level required: ACTIVITY
10:48:05,122 [main] DEBUG org.activiti.engine.impl.history.DefaultHistoryManager  - Current history level: NONE, level required: FULL
10:48:05,122 [main] DEBUG org.activiti.engine.impl.history.DefaultHistoryManager  - Current history level: NONE, level required: ACTIVITY
10:48:05,122 [main] DEBUG org.activiti.engine.impl.history.DefaultHistoryManager  - Current history level: NONE, level required: FULL
10:48:05,122 [main] DEBUG org.activiti.engine.impl.history.DefaultHistoryManager  - Current history level: NONE, level required: ACTIVITY
10:48:05,123 [main] DEBUG org.activiti.engine.impl.history.DefaultHistoryManager  - Current history level: NONE, level required: FULL
10:48:05,123 [main] DEBUG org.activiti.engine.impl.history.DefaultHistoryManager  - Current history level: NONE, level required: ACTIVITY
10:48:05,123 [main] DEBUG org.activiti.engine.impl.history.DefaultHistoryManager  - Current history level: NONE, level required: FULL
10:48:05,123 [main] DEBUG org.activiti.engine.impl.history.DefaultHistoryManager  - Current history level: NONE, level required: ACTIVITY
10:48:05,123 [main] DEBUG org.activiti.engine.impl.history.DefaultHistoryManager  - Current history level: NONE, level required: FULL
10:48:05,123 [main] DEBUG org.activiti.engine.impl.history.DefaultHistoryManager  - Current history level: NONE, level required: ACTIVITY
10:48:05,123 [main] DEBUG org.activiti.engine.impl.history.DefaultHistoryManager  - Current history level: NONE, level required: FULL
10:48:05,123 [main] DEBUG org.activiti.engine.impl.history.DefaultHistoryManager  - Current history level: NONE, level required: ACTIVITY
10:48:05,123 [main] DEBUG org.activiti.engine.impl.history.DefaultHistoryManager  - Current history level: NONE, level required: FULL
10:48:05,123 [main] DEBUG org.activiti.engine.impl.history.DefaultHistoryManager  - Current history level: NONE, level required: ACTIVITY
10:48:05,123 [main] DEBUG org.activiti.engine.impl.history.DefaultHistoryManager  - Current history level: NONE, level required: FULL
10:48:05,123 [main] DEBUG org.activiti.engine.impl.history.DefaultHistoryManager  - Current history level: NONE, level required: ACTIVITY
10:48:05,123 [main] DEBUG org.activiti.engine.impl.history.DefaultHistoryManager  - Current history level: NONE, level required: FULL
10:48:05,123 [main] DEBUG org.activiti.engine.impl.history.DefaultHistoryManager  - Current history level: NONE, level required: ACTIVITY
10:48:05,123 [main] DEBUG org.activiti.engine.impl.history.DefaultHistoryManager  - Current history level: NONE, level required: FULL
10:48:05,123 [main] DEBUG org.activiti.engine.impl.history.DefaultHistoryManager  - Current history level: NONE, level required: ACTIVITY
10:48:05,123 [main] DEBUG org.activiti.engine.impl.history.DefaultHistoryManager  - Current history level: NONE, level required: FULL
10:48:05,123 [main] DEBUG org.activiti.engine.impl.history.DefaultHistoryManager  - Current history level: NONE, level required: ACTIVITY
10:48:05,123 [main] DEBUG org.activiti.engine.impl.history.DefaultHistoryManager  - Current history level: NONE, level required: FULL
10:48:05,123 [main] DEBUG org.activiti.engine.impl.history.DefaultHistoryManager  - Current history level: NONE, level required: ACTIVITY
10:48:05,123 [main] DEBUG org.activiti.engine.impl.history.DefaultHistoryManager  - Current history level: NONE, level required: FULL
10:48:05,123 [main] DEBUG org.activiti.engine.impl.history.DefaultHistoryManager  - Current history level: NONE, level required: ACTIVITY
10:48:05,123 [main] DEBUG org.activiti.engine.impl.history.DefaultHistoryManager  - Current history level: NONE, level required: FULL
10:48:05,123 [main] DEBUG org.activiti.engine.impl.history.DefaultHistoryManager  - Current history level: NONE, level required: ACTIVITY
10:48:05,123 [main] DEBUG org.activiti.engine.impl.history.DefaultHistoryManager  - Current history level: NONE, level required: FULL
10:48:05,123 [main] DEBUG org.activiti.engine.impl.history.DefaultHistoryManager  - Current history level: NONE, level required: ACTIVITY
10:48:05,123 [main] DEBUG org.activiti.engine.impl.history.DefaultHistoryManager  - Current history level: NONE, level required: FULL
10:48:05,123 [main] DEBUG org.activiti.engine.impl.history.DefaultHistoryManager  - Current history level: NONE, level required: ACTIVITY
10:48:05,124 [main] DEBUG org.activiti.engine.impl.history.DefaultHistoryManager  - Current history level: NONE, level required: FULL
10:48:05,124 [main] DEBUG org.activiti.engine.impl.history.DefaultHistoryManager  - Current history level: NONE, level required: ACTIVITY
10:48:05,124 [main] DEBUG org.activiti.engine.impl.history.DefaultHistoryManager  - Current history level: NONE, level required: FULL
10:48:05,124 [main] DEBUG org.activiti.engine.impl.history.DefaultHistoryManager  - Current history level: NONE, level required: ACTIVITY
10:48:05,124 [main] DEBUG org.activiti.engine.impl.history.DefaultHistoryManager  - Current history level: NONE, level required: FULL
10:48:05,124 [main] DEBUG org.activiti.engine.impl.history.DefaultHistoryManager  - Current history level: NONE, level required: ACTIVITY
10:48:05,124 [main] DEBUG org.activiti.engine.impl.history.DefaultHistoryManager  - Current history level: NONE, level required: FULL
10:48:05,124 [main] DEBUG org.activiti.engine.impl.history.DefaultHistoryManager  - Current history level: NONE, level required: ACTIVITY
10:48:05,124 [main] DEBUG org.activiti.engine.impl.history.DefaultHistoryManager  - Current history level: NONE, level required: FULL
10:48:05,124 [main] DEBUG org.activiti.engine.impl.history.DefaultHistoryManager  - Current history level: NONE, level required: ACTIVITY
10:48:05,124 [main] DEBUG org.activiti.engine.impl.history.DefaultHistoryManager  - Current history level: NONE, level required: FULL
10:48:05,124 [main] DEBUG org.activiti.engine.impl.history.DefaultHistoryManager  - Current history level: NONE, level required: ACTIVITY
10:48:05,124 [main] DEBUG org.activiti.engine.impl.history.DefaultHistoryManager  - Current history level: NONE, level required: FULL
10:48:05,124 [main] DEBUG org.activiti.engine.impl.history.DefaultHistoryManager  - Current history level: NONE, level required: ACTIVITY
10:48:05,124 [main] DEBUG org.activiti.engine.impl.history.DefaultHistoryManager  - Current history level: NONE, level required: FULL
10:48:05,124 [main] DEBUG org.activiti.engine.impl.history.DefaultHistoryManager  - Current history level: NONE, level required: ACTIVITY
10:48:05,124 [main] DEBUG org.activiti.engine.impl.history.DefaultHistoryManager  - Current history level: NONE, level required: FULL
10:48:05,124 [main] DEBUG org.activiti.engine.impl.history.DefaultHistoryManager  - Current history level: NONE, level required: ACTIVITY
10:48:05,124 [main] DEBUG org.activiti.engine.impl.history.DefaultHistoryManager  - Current history level: NONE, level required: FULL
10:48:05,124 [main] DEBUG org.activiti.engine.impl.history.DefaultHistoryManager  - Current history level: NONE, level required: ACTIVITY
10:48:05,124 [main] DEBUG org.activiti.engine.impl.history.DefaultHistoryManager  - Current history level: NONE, level required: FULL
10:48:05,124 [main] DEBUG org.activiti.engine.impl.history.DefaultHistoryManager  - Current history level: NONE, level required: ACTIVITY
10:48:05,124 [main] DEBUG org.activiti.engine.impl.history.DefaultHistoryManager  - Current history level: NONE, level required: FULL
10:48:05,124 [main] DEBUG org.activiti.engine.impl.history.DefaultHistoryManager  - Current history level: NONE, level required: ACTIVITY
10:48:05,124 [main] DEBUG org.activiti.engine.impl.history.DefaultHistoryManager  - Current history level: NONE, level required: FULL
10:48:05,125 [main] DEBUG org.activiti.engine.impl.history.DefaultHistoryManager  - Current history level: NONE, level required: ACTIVITY
10:48:05,125 [main] DEBUG org.activiti.engine.impl.history.DefaultHistoryManager  - Current history level: NONE, level required: FULL
10:48:05,125 [main] DEBUG org.activiti.engine.impl.history.DefaultHistoryManager  - Current history level: NONE, level required: ACTIVITY
10:48:05,125 [main] DEBUG org.activiti.engine.impl.history.DefaultHistoryManager  - Current history level: NONE, level required: FULL
10:48:05,125 [main] DEBUG org.activiti.engine.impl.history.DefaultHistoryManager  - Current history level: NONE, level required: ACTIVITY
10:48:05,125 [main] DEBUG org.activiti.engine.impl.history.DefaultHistoryManager  - Current history level: NONE, level required: FULL
10:48:05,125 [main] DEBUG org.activiti.engine.impl.history.DefaultHistoryManager  - Current history level: NONE, level required: ACTIVITY
10:48:05,125 [main] DEBUG org.activiti.engine.impl.history.DefaultHistoryManager  - Current history level: NONE, level required: FULL
10:48:05,125 [main] DEBUG org.activiti.engine.impl.history.DefaultHistoryManager  - Current history level: NONE, level required: ACTIVITY
10:48:05,125 [main] DEBUG org.activiti.engine.impl.history.DefaultHistoryManager  - Current history level: NONE, level required: FULL
10:48:05,125 [main] DEBUG org.activiti.engine.impl.history.DefaultHistoryManager  - Current history level: NONE, level required: ACTIVITY
10:48:05,125 [main] DEBUG org.activiti.engine.impl.history.DefaultHistoryManager  - Current history level: NONE, level required: FULL
10:48:05,125 [main] DEBUG org.activiti.engine.impl.history.DefaultHistoryManager  - Current history level: NONE, level required: ACTIVITY
10:48:05,125 [main] DEBUG org.activiti.engine.impl.history.DefaultHistoryManager  - Current history level: NONE, level required: FULL
10:48:05,125 [main] DEBUG org.activiti.engine.impl.history.DefaultHistoryManager  - Current history level: NONE, level required: ACTIVITY
10:48:05,125 [main] DEBUG org.activiti.engine.impl.history.DefaultHistoryManager  - Current history level: NONE, level required: FULL
10:48:05,125 [main] DEBUG org.activiti.engine.impl.history.DefaultHistoryManager  - Current history level: NONE, level required: ACTIVITY
10:48:05,125 [main] DEBUG org.activiti.engine.impl.history.DefaultHistoryManager  - Current history level: NONE, level required: FULL
10:48:05,125 [main] DEBUG org.activiti.engine.impl.history.DefaultHistoryManager  - Current history level: NONE, level required: ACTIVITY
10:48:05,125 [main] DEBUG org.activiti.engine.impl.history.DefaultHistoryManager  - Current history level: NONE, level required: FULL
10:48:05,125 [main] DEBUG org.activiti.engine.impl.history.DefaultHistoryManager  - Current history level: NONE, level required: ACTIVITY
10:48:05,125 [main] DEBUG org.activiti.engine.impl.history.DefaultHistoryManager  - Current history level: NONE, level required: FULL
10:48:05,125 [main] DEBUG org.activiti.engine.impl.history.DefaultHistoryManager  - Current history level: NONE, level required: ACTIVITY
10:48:05,125 [main] DEBUG org.activiti.engine.impl.history.DefaultHistoryManager  - Current history level: NONE, level required: FULL
10:48:05,125 [main] DEBUG org.activiti.engine.impl.history.DefaultHistoryManager  - Current history level: NONE, level required: ACTIVITY
10:48:05,125 [main] DEBUG org.activiti.engine.impl.history.DefaultHistoryManager  - Current history level: NONE, level required: FULL
10:48:05,125 [main] DEBUG org.activiti.engine.impl.history.DefaultHistoryManager  - Current history level: NONE, level required: ACTIVITY
10:48:05,125 [main] DEBUG org.activiti.engine.impl.history.DefaultHistoryManager  - Current history level: NONE, level required: FULL
10:48:05,125 [main] DEBUG org.activiti.engine.impl.history.DefaultHistoryManager  - Current history level: NONE, level required: ACTIVITY
10:48:05,125 [main] DEBUG org.activiti.engine.impl.history.DefaultHistoryManager  - Current history level: NONE, level required: FULL
10:48:05,126 [main] DEBUG org.activiti.engine.impl.history.DefaultHistoryManager  - Current history level: NONE, level required: ACTIVITY
10:48:05,126 [main] DEBUG org.activiti.engine.impl.history.DefaultHistoryManager  - Current history level: NONE, level required: FULL
10:48:05,126 [main] DEBUG org.activiti.engine.impl.history.DefaultHistoryManager  - Current history level: NONE, level required: ACTIVITY
10:48:05,126 [main] DEBUG org.activiti.engine.impl.history.DefaultHistoryManager  - Current history level: NONE, level required: FULL
10:48:05,126 [main] DEBUG org.activiti.engine.impl.history.DefaultHistoryManager  - Current history level: NONE, level required: ACTIVITY
10:48:05,126 [main] DEBUG org.activiti.engine.impl.history.DefaultHistoryManager  - Current history level: NONE, level required: FULL
10:48:05,126 [main] DEBUG org.activiti.engine.impl.history.DefaultHistoryManager  - Current history level: NONE, level required: ACTIVITY
10:48:05,126 [main] DEBUG org.activiti.engine.impl.history.DefaultHistoryManager  - Current history level: NONE, level required: FULL
10:48:05,126 [main] DEBUG org.activiti.engine.impl.history.DefaultHistoryManager  - Current history level: NONE, level required: ACTIVITY
10:48:05,126 [main] DEBUG org.activiti.engine.impl.history.DefaultHistoryManager  - Current history level: NONE, level required: FULL
10:48:05,126 [main] DEBUG org.activiti.engine.impl.history.DefaultHistoryManager  - Current history level: NONE, level required: ACTIVITY
10:48:05,126 [main] DEBUG org.activiti.engine.impl.history.DefaultHistoryManager  - Current history level: NONE, level required: FULL
10:48:05,126 [main] DEBUG org.activiti.engine.impl.history.DefaultHistoryManager  - Current history level: NONE, level required: ACTIVITY
10:48:05,126 [main] DEBUG org.activiti.engine.impl.history.DefaultHistoryManager  - Current history level: NONE, level required: FULL
10:48:05,126 [main] DEBUG org.activiti.engine.impl.history.DefaultHistoryManager  - Current history level: NONE, level required: ACTIVITY
10:48:05,126 [main] DEBUG org.activiti.engine.impl.history.DefaultHistoryManager  - Current history level: NONE, level required: FULL
10:48:05,126 [main] DEBUG org.activiti.engine.impl.history.DefaultHistoryManager  - Current history level: NONE, level required: ACTIVITY
10:48:05,126 [main] DEBUG org.activiti.engine.impl.history.DefaultHistoryManager  - Current history level: NONE, level required: FULL
10:48:05,126 [main] DEBUG org.activiti.engine.impl.history.DefaultHistoryManager  - Current history level: NONE, level required: ACTIVITY
10:48:05,126 [main] DEBUG org.activiti.engine.impl.history.DefaultHistoryManager  - Current history level: NONE, level required: FULL
10:48:05,126 [main] DEBUG org.activiti.engine.impl.history.DefaultHistoryManager  - Current history level: NONE, level required: ACTIVITY
10:48:05,126 [main] DEBUG org.activiti.engine.impl.history.DefaultHistoryManager  - Current history level: NONE, level required: FULL
10:48:05,126 [main] DEBUG org.activiti.engine.impl.history.DefaultHistoryManager  - Current history level: NONE, level required: ACTIVITY
10:48:05,126 [main] DEBUG org.activiti.engine.impl.history.DefaultHistoryManager  - Current history level: NONE, level required: FULL
10:48:05,126 [main] DEBUG org.activiti.engine.impl.history.DefaultHistoryManager  - Current history level: NONE, level required: ACTIVITY
10:48:05,126 [main] DEBUG org.activiti.engine.impl.history.DefaultHistoryManager  - Current history level: NONE, level required: FULL
10:48:05,126 [main] DEBUG org.activiti.engine.impl.history.DefaultHistoryManager  - Current history level: NONE, level required: ACTIVITY
10:48:05,126 [main] DEBUG org.activiti.engine.impl.history.DefaultHistoryManager  - Current history level: NONE, level required: FULL
10:48:05,126 [main] DEBUG org.activiti.engine.impl.history.DefaultHistoryManager  - Current history level: NONE, level required: ACTIVITY
10:48:05,126 [main] DEBUG org.activiti.engine.impl.history.DefaultHistoryManager  - Current history level: NONE, level required: FULL
10:48:05,126 [main] DEBUG org.activiti.engine.impl.history.DefaultHistoryManager  - Current history level: NONE, level required: ACTIVITY
10:48:05,126 [main] DEBUG org.activiti.engine.impl.history.DefaultHistoryManager  - Current history level: NONE, level required: FULL
10:48:05,126 [main] DEBUG org.activiti.engine.impl.history.DefaultHistoryManager  - Current history level: NONE, level required: ACTIVITY
10:48:05,126 [main] DEBUG org.activiti.engine.impl.history.DefaultHistoryManager  - Current history level: NONE, level required: FULL
10:48:05,127 [main] DEBUG org.activiti.engine.impl.history.DefaultHistoryManager  - Current history level: NONE, level required: ACTIVITY
10:48:05,127 [main] DEBUG org.activiti.engine.impl.history.DefaultHistoryManager  - Current history level: NONE, level required: FULL
10:48:05,127 [main] DEBUG org.activiti.engine.impl.history.DefaultHistoryManager  - Current history level: NONE, level required: ACTIVITY
10:48:05,127 [main] DEBUG org.activiti.engine.impl.history.DefaultHistoryManager  - Current history level: NONE, level required: FULL
10:48:05,127 [main] DEBUG org.activiti.engine.impl.history.DefaultHistoryManager  - Current history level: NONE, level required: ACTIVITY
10:48:05,127 [main] DEBUG org.activiti.engine.impl.history.DefaultHistoryManager  - Current history level: NONE, level required: FULL
10:48:05,127 [main] DEBUG org.activiti.engine.impl.history.DefaultHistoryManager  - Current history level: NONE, level required: ACTIVITY
10:48:05,127 [main] DEBUG org.activiti.engine.impl.history.DefaultHistoryManager  - Current history level: NONE, level required: FULL
10:48:05,127 [main] DEBUG org.activiti.engine.impl.history.DefaultHistoryManager  - Current history level: NONE, level required: ACTIVITY
10:48:05,127 [main] DEBUG org.activiti.engine.impl.history.DefaultHistoryManager  - Current history level: NONE, level required: FULL
10:48:05,127 [main] DEBUG org.activiti.engine.impl.history.DefaultHistoryManager  - Current history level: NONE, level required: ACTIVITY
10:48:05,127 [main] DEBUG org.activiti.engine.impl.history.DefaultHistoryManager  - Current history level: NONE, level required: FULL
10:48:05,127 [main] DEBUG org.activiti.engine.impl.history.DefaultHistoryManager  - Current history level: NONE, level required: ACTIVITY
10:48:05,127 [main] DEBUG org.activiti.engine.impl.history.DefaultHistoryManager  - Current history level: NONE, level required: FULL
10:48:05,127 [main] DEBUG org.activiti.engine.impl.history.DefaultHistoryManager  - Current history level: NONE, level required: ACTIVITY
10:48:05,127 [main] DEBUG org.activiti.engine.impl.history.DefaultHistoryManager  - Current history level: NONE, level required: FULL
10:48:05,127 [main] DEBUG org.activiti.engine.impl.history.DefaultHistoryManager  - Current history level: NONE, level required: ACTIVITY
10:48:05,127 [main] DEBUG org.activiti.engine.impl.history.DefaultHistoryManager  - Current history level: NONE, level required: FULL
10:48:05,127 [main] DEBUG org.activiti.engine.impl.history.DefaultHistoryManager  - Current history level: NONE, level required: ACTIVITY
10:48:05,127 [main] DEBUG org.activiti.engine.impl.history.DefaultHistoryManager  - Current history level: NONE, level required: FULL
10:48:05,127 [main] DEBUG org.activiti.engine.impl.history.DefaultHistoryManager  - Current history level: NONE, level required: ACTIVITY
10:48:05,127 [main] DEBUG org.activiti.engine.impl.history.DefaultHistoryManager  - Current history level: NONE, level required: FULL
10:48:05,127 [main] DEBUG org.activiti.engine.impl.history.DefaultHistoryManager  - Current history level: NONE, level required: ACTIVITY
10:48:05,127 [main] DEBUG org.activiti.engine.impl.history.DefaultHistoryManager  - Current history level: NONE, level required: FULL
10:48:05,127 [main] DEBUG org.activiti.engine.impl.history.DefaultHistoryManager  - Current history level: NONE, level required: ACTIVITY
10:48:05,127 [main] DEBUG org.activiti.engine.impl.history.DefaultHistoryManager  - Current history level: NONE, level required: FULL
10:48:05,127 [main] DEBUG org.activiti.engine.impl.history.DefaultHistoryManager  - Current history level: NONE, level required: ACTIVITY
10:48:05,127 [main] DEBUG org.activiti.engine.impl.history.DefaultHistoryManager  - Current history level: NONE, level required: FULL
10:48:05,127 [main] DEBUG org.activiti.engine.impl.history.DefaultHistoryManager  - Current history level: NONE, level required: ACTIVITY
10:48:05,127 [main] DEBUG org.activiti.engine.impl.history.DefaultHistoryManager  - Current history level: NONE, level required: FULL
10:48:05,127 [main] DEBUG org.activiti.engine.impl.history.DefaultHistoryManager  - Current history level: NONE, level required: ACTIVITY
10:48:05,127 [main] DEBUG org.activiti.engine.impl.history.DefaultHistoryManager  - Current history level: NONE, level required: FULL
10:48:05,127 [main] DEBUG org.activiti.engine.impl.history.DefaultHistoryManager  - Current history level: NONE, level required: ACTIVITY
10:48:05,127 [main] DEBUG org.activiti.engine.impl.history.DefaultHistoryManager  - Current history level: NONE, level required: FULL
10:48:05,127 [main] DEBUG org.activiti.engine.impl.history.DefaultHistoryManager  - Current history level: NONE, level required: ACTIVITY
10:48:05,127 [main] DEBUG org.activiti.engine.impl.history.DefaultHistoryManager  - Current history level: NONE, level required: FULL
10:48:05,127 [main] DEBUG org.activiti.engine.impl.history.DefaultHistoryManager  - Current history level: NONE, level required: ACTIVITY
10:48:05,128 [main] DEBUG org.activiti.engine.impl.history.DefaultHistoryManager  - Current history level: NONE, level required: FULL
10:48:05,128 [main] DEBUG org.activiti.engine.impl.history.DefaultHistoryManager  - Current history level: NONE, level required: ACTIVITY
10:48:05,128 [main] DEBUG org.activiti.engine.impl.history.DefaultHistoryManager  - Current history level: NONE, level required: FULL
10:48:05,128 [main] DEBUG org.activiti.engine.impl.history.DefaultHistoryManager  - Current history level: NONE, level required: ACTIVITY
10:48:05,128 [main] DEBUG org.activiti.engine.impl.history.DefaultHistoryManager  - Current history level: NONE, level required: FULL
10:48:05,128 [main] DEBUG org.activiti.engine.impl.history.DefaultHistoryManager  - Current history level: NONE, level required: ACTIVITY
10:48:05,128 [main] DEBUG org.activiti.engine.impl.history.DefaultHistoryManager  - Current history level: NONE, level required: FULL
10:48:05,128 [main] DEBUG org.activiti.engine.impl.history.DefaultHistoryManager  - Current history level: NONE, level required: ACTIVITY
10:48:05,128 [main] DEBUG org.activiti.engine.impl.history.DefaultHistoryManager  - Current history level: NONE, level required: FULL
10:48:05,128 [main] DEBUG org.activiti.engine.impl.history.DefaultHistoryManager  - Current history level: NONE, level required: ACTIVITY
10:48:05,128 [main] DEBUG org.activiti.engine.impl.history.DefaultHistoryManager  - Current history level: NONE, level required: FULL
10:48:05,128 [main] DEBUG org.activiti.engine.impl.history.DefaultHistoryManager  - Current history level: NONE, level required: ACTIVITY
10:48:05,128 [main] DEBUG org.activiti.engine.impl.history.DefaultHistoryManager  - Current history level: NONE, level required: FULL
10:48:05,128 [main] DEBUG org.activiti.engine.impl.history.DefaultHistoryManager  - Current history level: NONE, level required: ACTIVITY
10:48:05,128 [main] DEBUG org.activiti.engine.impl.history.DefaultHistoryManager  - Current history level: NONE, level required: FULL
10:48:05,128 [main] DEBUG org.activiti.engine.impl.history.DefaultHistoryManager  - Current history level: NONE, level required: ACTIVITY
10:48:05,128 [main] DEBUG org.activiti.engine.impl.history.DefaultHistoryManager  - Current history level: NONE, level required: FULL
10:48:05,128 [main] DEBUG org.activiti.engine.impl.history.DefaultHistoryManager  - Current history level: NONE, level required: ACTIVITY
10:48:05,128 [main] DEBUG org.activiti.engine.impl.history.DefaultHistoryManager  - Current history level: NONE, level required: FULL
10:48:05,128 [main] DEBUG org.activiti.engine.impl.history.DefaultHistoryManager  - Current history level: NONE, level required: ACTIVITY
10:48:05,128 [main] DEBUG org.activiti.engine.impl.history.DefaultHistoryManager  - Current history level: NONE, level required: FULL
10:48:05,128 [main] DEBUG org.activiti.engine.impl.history.DefaultHistoryManager  - Current history level: NONE, level required: ACTIVITY
10:48:05,128 [main] DEBUG org.activiti.engine.impl.history.DefaultHistoryManager  - Current history level: NONE, level required: FULL
10:48:05,128 [main] DEBUG org.activiti.engine.impl.history.DefaultHistoryManager  - Current history level: NONE, level required: ACTIVITY
10:48:05,128 [main] DEBUG org.activiti.engine.impl.history.DefaultHistoryManager  - Current history level: NONE, level required: FULL
10:48:05,128 [main] DEBUG org.activiti.engine.impl.history.DefaultHistoryManager  - Current history level: NONE, level required: ACTIVITY
10:48:05,128 [main] DEBUG org.activiti.engine.impl.history.DefaultHistoryManager  - Current history level: NONE, level required: FULL
10:48:05,128 [main] DEBUG org.activiti.engine.impl.history.DefaultHistoryManager  - Current history level: NONE, level required: ACTIVITY
10:48:05,128 [main] DEBUG org.activiti.engine.impl.history.DefaultHistoryManager  - Current history level: NONE, level required: FULL
10:48:05,129 [main] DEBUG org.activiti.engine.impl.history.DefaultHistoryManager  - Current history level: NONE, level required: ACTIVITY
10:48:05,129 [main] DEBUG org.activiti.engine.impl.history.DefaultHistoryManager  - Current history level: NONE, level required: FULL
10:48:05,129 [main] DEBUG org.activiti.engine.impl.history.DefaultHistoryManager  - Current history level: NONE, level required: ACTIVITY
10:48:05,129 [main] DEBUG org.activiti.engine.impl.history.DefaultHistoryManager  - Current history level: NONE, level required: FULL
10:48:05,129 [main] DEBUG org.activiti.engine.impl.history.DefaultHistoryManager  - Current history level: NONE, level required: ACTIVITY
10:48:05,129 [main] DEBUG org.activiti.engine.impl.history.DefaultHistoryManager  - Current history level: NONE, level required: FULL
10:48:05,129 [main] DEBUG org.activiti.engine.impl.history.DefaultHistoryManager  - Current history level: NONE, level required: ACTIVITY
10:48:05,129 [main] DEBUG org.activiti.engine.impl.history.DefaultHistoryManager  - Current history level: NONE, level required: FULL
10:48:05,129 [main] DEBUG org.activiti.engine.impl.history.DefaultHistoryManager  - Current history level: NONE, level required: ACTIVITY
10:48:05,129 [main] DEBUG org.activiti.engine.impl.history.DefaultHistoryManager  - Current history level: NONE, level required: FULL
10:48:05,129 [main] DEBUG org.activiti.engine.impl.history.DefaultHistoryManager  - Current history level: NONE, level required: ACTIVITY
10:48:05,129 [main] DEBUG org.activiti.engine.impl.history.DefaultHistoryManager  - Current history level: NONE, level required: FULL
10:48:05,129 [main] DEBUG org.activiti.engine.impl.history.DefaultHistoryManager  - Current history level: NONE, level required: ACTIVITY
10:48:05,129 [main] DEBUG org.activiti.engine.impl.history.DefaultHistoryManager  - Current history level: NONE, level required: FULL
10:48:05,129 [main] DEBUG org.activiti.engine.impl.history.DefaultHistoryManager  - Current history level: NONE, level required: ACTIVITY
10:48:05,129 [main] DEBUG org.activiti.engine.impl.history.DefaultHistoryManager  - Current history level: NONE, level required: FULL
10:48:05,129 [main] DEBUG org.activiti.engine.impl.history.DefaultHistoryManager  - Current history level: NONE, level required: ACTIVITY
10:48:05,129 [main] DEBUG org.activiti.engine.impl.history.DefaultHistoryManager  - Current history level: NONE, level required: FULL
10:48:05,129 [main] DEBUG org.activiti.engine.impl.history.DefaultHistoryManager  - Current history level: NONE, level required: ACTIVITY
10:48:05,129 [main] DEBUG org.activiti.engine.impl.history.DefaultHistoryManager  - Current history level: NONE, level required: FULL
10:48:05,129 [main] DEBUG org.activiti.engine.impl.history.DefaultHistoryManager  - Current history level: NONE, level required: ACTIVITY
10:48:05,129 [main] DEBUG org.activiti.engine.impl.history.DefaultHistoryManager  - Current history level: NONE, level required: FULL
10:48:05,129 [main] DEBUG org.activiti.engine.impl.history.DefaultHistoryManager  - Current history level: NONE, level required: ACTIVITY
10:48:05,129 [main] DEBUG org.activiti.engine.impl.history.DefaultHistoryManager  - Current history level: NONE, level required: FULL
10:48:05,129 [main] DEBUG org.activiti.engine.impl.history.DefaultHistoryManager  - Current history level: NONE, level required: ACTIVITY
10:48:05,129 [main] DEBUG org.activiti.engine.impl.history.DefaultHistoryManager  - Current history level: NONE, level required: FULL
10:48:05,129 [main] DEBUG org.activiti.engine.impl.history.DefaultHistoryManager  - Current history level: NONE, level required: ACTIVITY
10:48:05,129 [main] DEBUG org.activiti.engine.impl.history.DefaultHistoryManager  - Current history level: NONE, level required: FULL
10:48:05,129 [main] DEBUG org.activiti.engine.impl.history.DefaultHistoryManager  - Current history level: NONE, level required: ACTIVITY
10:48:05,129 [main] DEBUG org.activiti.engine.impl.history.DefaultHistoryManager  - Current history level: NONE, level required: FULL
10:48:05,129 [main] DEBUG org.activiti.engine.impl.history.DefaultHistoryManager  - Current history level: NONE, level required: ACTIVITY
10:48:05,129 [main] DEBUG org.activiti.engine.impl.history.DefaultHistoryManager  - Current history level: NONE, level required: FULL
10:48:05,129 [main] DEBUG org.activiti.engine.impl.history.DefaultHistoryManager  - Current history level: NONE, level required: ACTIVITY
10:48:05,129 [main] DEBUG org.activiti.engine.impl.history.DefaultHistoryManager  - Current history level: NONE, level required: FULL
10:48:05,130 [main] DEBUG org.activiti.engine.impl.history.DefaultHistoryManager  - Current history level: NONE, level required: ACTIVITY
10:48:05,130 [main] DEBUG org.activiti.engine.impl.history.DefaultHistoryManager  - Current history level: NONE, level required: FULL
10:48:05,130 [main] DEBUG org.activiti.engine.impl.history.DefaultHistoryManager  - Current history level: NONE, level required: ACTIVITY
10:48:05,130 [main] DEBUG org.activiti.engine.impl.history.DefaultHistoryManager  - Current history level: NONE, level required: FULL
10:48:05,130 [main] DEBUG org.activiti.engine.impl.history.DefaultHistoryManager  - Current history level: NONE, level required: ACTIVITY
10:48:05,130 [main] DEBUG org.activiti.engine.impl.history.DefaultHistoryManager  - Current history level: NONE, level required: FULL
10:48:05,130 [main] DEBUG org.activiti.engine.impl.history.DefaultHistoryManager  - Current history level: NONE, level required: ACTIVITY
10:48:05,130 [main] DEBUG org.activiti.engine.impl.history.DefaultHistoryManager  - Current history level: NONE, level required: FULL
10:48:05,130 [main] DEBUG org.activiti.engine.impl.history.DefaultHistoryManager  - Current history level: NONE, level required: ACTIVITY
10:48:05,130 [main] DEBUG org.activiti.engine.impl.history.DefaultHistoryManager  - Current history level: NONE, level required: FULL
10:48:05,130 [main] DEBUG org.activiti.engine.impl.history.DefaultHistoryManager  - Current history level: NONE, level required: ACTIVITY
10:48:05,130 [main] DEBUG org.activiti.engine.impl.history.DefaultHistoryManager  - Current history level: NONE, level required: FULL
10:48:05,130 [main] DEBUG org.activiti.engine.impl.history.DefaultHistoryManager  - Current history level: NONE, level required: ACTIVITY
10:48:05,130 [main] DEBUG org.activiti.engine.impl.history.DefaultHistoryManager  - Current history level: NONE, level required: FULL
10:48:05,130 [main] DEBUG org.activiti.engine.impl.history.DefaultHistoryManager  - Current history level: NONE, level required: ACTIVITY
10:48:05,130 [main] DEBUG org.activiti.engine.impl.history.DefaultHistoryManager  - Current history level: NONE, level required: FULL
10:48:05,130 [main] DEBUG org.activiti.engine.impl.history.DefaultHistoryManager  - Current history level: NONE, level required: ACTIVITY
10:48:05,130 [main] DEBUG org.activiti.engine.impl.history.DefaultHistoryManager  - Current history level: NONE, level required: FULL
10:48:05,130 [main] DEBUG org.activiti.engine.impl.history.DefaultHistoryManager  - Current history level: NONE, level required: ACTIVITY
10:48:05,130 [main] DEBUG org.activiti.engine.impl.history.DefaultHistoryManager  - Current history level: NONE, level required: FULL
10:48:05,130 [main] DEBUG org.activiti.engine.impl.history.DefaultHistoryManager  - Current history level: NONE, level required: ACTIVITY
10:48:05,130 [main] DEBUG org.activiti.engine.impl.history.DefaultHistoryManager  - Current history level: NONE, level required: FULL
10:48:05,130 [main] DEBUG org.activiti.engine.impl.history.DefaultHistoryManager  - Current history level: NONE, level required: ACTIVITY
10:48:05,130 [main] DEBUG org.activiti.engine.impl.history.DefaultHistoryManager  - Current history level: NONE, level required: FULL
10:48:05,130 [main] DEBUG org.activiti.engine.impl.history.DefaultHistoryManager  - Current history level: NONE, level required: ACTIVITY
10:48:05,130 [main] DEBUG org.activiti.engine.impl.history.DefaultHistoryManager  - Current history level: NONE, level required: FULL
10:48:05,130 [main] DEBUG org.activiti.engine.impl.history.DefaultHistoryManager  - Current history level: NONE, level required: ACTIVITY
10:48:05,130 [main] DEBUG org.activiti.engine.impl.history.DefaultHistoryManager  - Current history level: NONE, level required: FULL
10:48:05,130 [main] DEBUG org.activiti.engine.impl.history.DefaultHistoryManager  - Current history level: NONE, level required: ACTIVITY
10:48:05,131 [main] DEBUG org.activiti.engine.impl.history.DefaultHistoryManager  - Current history level: NONE, level required: FULL
10:48:05,131 [main] DEBUG org.activiti.engine.impl.history.DefaultHistoryManager  - Current history level: NONE, level required: ACTIVITY
10:48:05,131 [main] DEBUG org.activiti.engine.impl.history.DefaultHistoryManager  - Current history level: NONE, level required: FULL
10:48:05,131 [main] DEBUG org.activiti.engine.impl.history.DefaultHistoryManager  - Current history level: NONE, level required: ACTIVITY
10:48:05,131 [main] DEBUG org.activiti.engine.impl.history.DefaultHistoryManager  - Current history level: NONE, level required: FULL
10:48:05,131 [main] DEBUG org.activiti.engine.impl.history.DefaultHistoryManager  - Current history level: NONE, level required: ACTIVITY
10:48:05,131 [main] DEBUG org.activiti.engine.impl.history.DefaultHistoryManager  - Current history level: NONE, level required: FULL
10:48:05,131 [main] DEBUG org.activiti.engine.impl.history.DefaultHistoryManager  - Current history level: NONE, level required: ACTIVITY
10:48:05,131 [main] DEBUG org.activiti.engine.impl.history.DefaultHistoryManager  - Current history level: NONE, level required: FULL
10:48:05,131 [main] DEBUG org.activiti.engine.impl.history.DefaultHistoryManager  - Current history level: NONE, level required: ACTIVITY
10:48:05,131 [main] DEBUG org.activiti.engine.impl.history.DefaultHistoryManager  - Current history level: NONE, level required: FULL
10:48:05,131 [main] DEBUG org.activiti.engine.impl.history.DefaultHistoryManager  - Current history level: NONE, level required: ACTIVITY
10:48:05,131 [main] DEBUG org.activiti.engine.impl.history.DefaultHistoryManager  - Current history level: NONE, level required: FULL
10:48:05,131 [main] DEBUG org.activiti.engine.impl.history.DefaultHistoryManager  - Current history level: NONE, level required: ACTIVITY
10:48:05,131 [main] DEBUG org.activiti.engine.impl.history.DefaultHistoryManager  - Current history level: NONE, level required: FULL
10:48:05,131 [main] DEBUG org.activiti.engine.impl.history.DefaultHistoryManager  - Current history level: NONE, level required: ACTIVITY
10:48:05,131 [main] DEBUG org.activiti.engine.impl.history.DefaultHistoryManager  - Current history level: NONE, level required: FULL
10:48:05,132 [main] DEBUG org.activiti.engine.impl.history.DefaultHistoryManager  - Current history level: NONE, level required: ACTIVITY
10:48:05,132 [main] DEBUG org.activiti.engine.impl.history.DefaultHistoryManager  - Current history level: NONE, level required: FULL
10:48:05,132 [main] DEBUG org.activiti.engine.impl.history.DefaultHistoryManager  - Current history level: NONE, level required: ACTIVITY
10:48:05,132 [main] DEBUG org.activiti.engine.impl.history.DefaultHistoryManager  - Current history level: NONE, level required: FULL
10:48:05,132 [main] DEBUG org.activiti.engine.impl.history.DefaultHistoryManager  - Current history level: NONE, level required: ACTIVITY
10:48:05,132 [main] DEBUG org.activiti.engine.impl.history.DefaultHistoryManager  - Current history level: NONE, level required: FULL
10:48:05,132 [main] DEBUG org.activiti.engine.impl.history.DefaultHistoryManager  - Current history level: NONE, level required: ACTIVITY
10:48:05,132 [main] DEBUG org.activiti.engine.impl.history.DefaultHistoryManager  - Current history level: NONE, level required: FULL
10:48:05,132 [main] DEBUG org.activiti.engine.impl.history.DefaultHistoryManager  - Current history level: NONE, level required: ACTIVITY
10:48:05,132 [main] DEBUG org.activiti.engine.impl.history.DefaultHistoryManager  - Current history level: NONE, level required: FULL
10:48:05,132 [main] DEBUG org.activiti.engine.impl.history.DefaultHistoryManager  - Current history level: NONE, level required: ACTIVITY
10:48:05,132 [main] DEBUG org.activiti.engine.impl.history.DefaultHistoryManager  - Current history level: NONE, level required: FULL
10:48:05,132 [main] DEBUG org.activiti.engine.impl.history.DefaultHistoryManager  - Current history level: NONE, level required: ACTIVITY
10:48:05,132 [main] DEBUG org.activiti.engine.impl.history.DefaultHistoryManager  - Current history level: NONE, level required: FULL
10:48:05,132 [main] DEBUG org.activiti.engine.impl.history.DefaultHistoryManager  - Current history level: NONE, level required: ACTIVITY
10:48:05,132 [main] DEBUG org.activiti.engine.impl.history.DefaultHistoryManager  - Current history level: NONE, level required: FULL
10:48:05,132 [main] DEBUG org.activiti.engine.impl.history.DefaultHistoryManager  - Current history level: NONE, level required: ACTIVITY
10:48:05,132 [main] DEBUG org.activiti.engine.impl.history.DefaultHistoryManager  - Current history level: NONE, level required: FULL
10:48:05,132 [main] DEBUG org.activiti.engine.impl.history.DefaultHistoryManager  - Current history level: NONE, level required: ACTIVITY
10:48:05,132 [main] DEBUG org.activiti.engine.impl.history.DefaultHistoryManager  - Current history level: NONE, level required: FULL
10:48:05,132 [main] DEBUG org.activiti.engine.impl.history.DefaultHistoryManager  - Current history level: NONE, level required: ACTIVITY
10:48:05,132 [main] DEBUG org.activiti.engine.impl.history.DefaultHistoryManager  - Current history level: NONE, level required: FULL
10:48:05,132 [main] DEBUG org.activiti.engine.impl.history.DefaultHistoryManager  - Current history level: NONE, level required: ACTIVITY
10:48:05,133 [main] DEBUG org.activiti.engine.impl.history.DefaultHistoryManager  - Current history level: NONE, level required: FULL
10:48:05,133 [main] DEBUG org.activiti.engine.impl.history.DefaultHistoryManager  - Current history level: NONE, level required: ACTIVITY
10:48:05,133 [main] DEBUG org.activiti.engine.impl.history.DefaultHistoryManager  - Current history level: NONE, level required: FULL
10:48:05,133 [main] DEBUG org.activiti.engine.impl.history.DefaultHistoryManager  - Current history level: NONE, level required: ACTIVITY
10:48:05,133 [main] DEBUG org.activiti.engine.impl.history.DefaultHistoryManager  - Current history level: NONE, level required: FULL
10:48:05,133 [main] DEBUG org.activiti.engine.impl.history.DefaultHistoryManager  - Current history level: NONE, level required: ACTIVITY
10:48:05,133 [main] DEBUG org.activiti.engine.impl.history.DefaultHistoryManager  - Current history level: NONE, level required: FULL
10:48:05,133 [main] DEBUG org.activiti.engine.impl.history.DefaultHistoryManager  - Current history level: NONE, level required: ACTIVITY
10:48:05,133 [main] DEBUG org.activiti.engine.impl.history.DefaultHistoryManager  - Current history level: NONE, level required: FULL
10:48:05,133 [main] DEBUG org.activiti.engine.impl.history.DefaultHistoryManager  - Current history level: NONE, level required: ACTIVITY
10:48:05,133 [main] DEBUG org.activiti.engine.impl.history.DefaultHistoryManager  - Current history level: NONE, level required: FULL
10:48:05,133 [main] DEBUG org.activiti.engine.impl.history.DefaultHistoryManager  - Current history level: NONE, level required: ACTIVITY
10:48:05,133 [main] DEBUG org.activiti.engine.impl.history.DefaultHistoryManager  - Current history level: NONE, level required: FULL
10:48:05,133 [main] DEBUG org.activiti.engine.impl.history.DefaultHistoryManager  - Current history level: NONE, level required: ACTIVITY
10:48:05,133 [main] DEBUG org.activiti.engine.impl.history.DefaultHistoryManager  - Current history level: NONE, level required: FULL
10:48:05,133 [main] DEBUG org.activiti.engine.impl.history.DefaultHistoryManager  - Current history level: NONE, level required: ACTIVITY
10:48:05,133 [main] DEBUG org.activiti.engine.impl.history.DefaultHistoryManager  - Current history level: NONE, level required: FULL
10:48:05,133 [main] DEBUG org.activiti.engine.impl.history.DefaultHistoryManager  - Current history level: NONE, level required: ACTIVITY
10:48:05,133 [main] DEBUG org.activiti.engine.impl.history.DefaultHistoryManager  - Current history level: NONE, level required: FULL
10:48:05,133 [main] DEBUG org.activiti.engine.impl.history.DefaultHistoryManager  - Current history level: NONE, level required: ACTIVITY
10:48:05,133 [main] DEBUG org.activiti.engine.impl.history.DefaultHistoryManager  - Current history level: NONE, level required: FULL
10:48:05,133 [main] DEBUG org.activiti.engine.impl.history.DefaultHistoryManager  - Current history level: NONE, level required: ACTIVITY
10:48:05,133 [main] DEBUG org.activiti.engine.impl.history.DefaultHistoryManager  - Current history level: NONE, level required: FULL
10:48:05,133 [main] DEBUG org.activiti.engine.impl.history.DefaultHistoryManager  - Current history level: NONE, level required: ACTIVITY
10:48:05,133 [main] DEBUG org.activiti.engine.impl.history.DefaultHistoryManager  - Current history level: NONE, level required: FULL
10:48:05,133 [main] DEBUG org.activiti.engine.impl.history.DefaultHistoryManager  - Current history level: NONE, level required: ACTIVITY
10:48:05,133 [main] DEBUG org.activiti.engine.impl.history.DefaultHistoryManager  - Current history level: NONE, level required: FULL
10:48:05,133 [main] DEBUG org.activiti.engine.impl.history.DefaultHistoryManager  - Current history level: NONE, level required: ACTIVITY
10:48:05,133 [main] DEBUG org.activiti.engine.impl.history.DefaultHistoryManager  - Current history level: NONE, level required: FULL
10:48:05,134 [main] DEBUG org.activiti.engine.impl.history.DefaultHistoryManager  - Current history level: NONE, level required: ACTIVITY
10:48:05,134 [main] DEBUG org.activiti.engine.impl.history.DefaultHistoryManager  - Current history level: NONE, level required: FULL
10:48:05,134 [main] DEBUG org.activiti.engine.impl.history.DefaultHistoryManager  - Current history level: NONE, level required: ACTIVITY
10:48:05,134 [main] DEBUG org.activiti.engine.impl.history.DefaultHistoryManager  - Current history level: NONE, level required: FULL
10:48:05,134 [main] DEBUG org.activiti.engine.impl.history.DefaultHistoryManager  - Current history level: NONE, level required: ACTIVITY
10:48:05,134 [main] DEBUG org.activiti.engine.impl.history.DefaultHistoryManager  - Current history level: NONE, level required: FULL
10:48:05,134 [main] DEBUG org.activiti.engine.impl.history.DefaultHistoryManager  - Current history level: NONE, level required: ACTIVITY
10:48:05,134 [main] DEBUG org.activiti.engine.impl.history.DefaultHistoryManager  - Current history level: NONE, level required: FULL
10:48:05,134 [main] DEBUG org.activiti.engine.impl.history.DefaultHistoryManager  - Current history level: NONE, level required: ACTIVITY
10:48:05,134 [main] DEBUG org.activiti.engine.impl.history.DefaultHistoryManager  - Current history level: NONE, level required: FULL
10:48:05,134 [main] DEBUG org.activiti.engine.impl.history.DefaultHistoryManager  - Current history level: NONE, level required: ACTIVITY
10:48:05,134 [main] DEBUG org.activiti.engine.impl.history.DefaultHistoryManager  - Current history level: NONE, level required: FULL
10:48:05,134 [main] DEBUG org.activiti.engine.impl.history.DefaultHistoryManager  - Current history level: NONE, level required: ACTIVITY
10:48:05,134 [main] DEBUG org.activiti.engine.impl.history.DefaultHistoryManager  - Current history level: NONE, level required: FULL
10:48:05,134 [main] DEBUG org.activiti.engine.impl.history.DefaultHistoryManager  - Current history level: NONE, level required: ACTIVITY
10:48:05,134 [main] DEBUG org.activiti.engine.impl.history.DefaultHistoryManager  - Current history level: NONE, level required: FULL
10:48:05,134 [main] DEBUG org.activiti.engine.impl.history.DefaultHistoryManager  - Current history level: NONE, level required: ACTIVITY
10:48:05,134 [main] DEBUG org.activiti.engine.impl.history.DefaultHistoryManager  - Current history level: NONE, level required: FULL
10:48:05,134 [main] DEBUG org.activiti.engine.impl.history.DefaultHistoryManager  - Current history level: NONE, level required: ACTIVITY
10:48:05,134 [main] DEBUG org.activiti.engine.impl.history.DefaultHistoryManager  - Current history level: NONE, level required: FULL
10:48:05,134 [main] DEBUG org.activiti.engine.impl.history.DefaultHistoryManager  - Current history level: NONE, level required: ACTIVITY
10:48:05,134 [main] DEBUG org.activiti.engine.impl.history.DefaultHistoryManager  - Current history level: NONE, level required: FULL
10:48:05,134 [main] DEBUG org.activiti.engine.impl.history.DefaultHistoryManager  - Current history level: NONE, level required: ACTIVITY
10:48:05,134 [main] DEBUG org.activiti.engine.impl.history.DefaultHistoryManager  - Current history level: NONE, level required: FULL
10:48:05,134 [main] DEBUG org.activiti.engine.impl.history.DefaultHistoryManager  - Current history level: NONE, level required: ACTIVITY
10:48:05,135 [main] DEBUG org.activiti.engine.impl.history.DefaultHistoryManager  - Current history level: NONE, level required: FULL
10:48:05,135 [main] DEBUG org.activiti.engine.impl.history.DefaultHistoryManager  - Current history level: NONE, level required: ACTIVITY
10:48:05,135 [main] DEBUG org.activiti.engine.impl.history.DefaultHistoryManager  - Current history level: NONE, level required: FULL
10:48:05,135 [main] DEBUG org.activiti.engine.impl.history.DefaultHistoryManager  - Current history level: NONE, level required: ACTIVITY
10:48:05,135 [main] DEBUG org.activiti.engine.impl.history.DefaultHistoryManager  - Current history level: NONE, level required: FULL
10:48:05,135 [main] DEBUG org.activiti.engine.impl.history.DefaultHistoryManager  - Current history level: NONE, level required: ACTIVITY
10:48:05,135 [main] DEBUG org.activiti.engine.impl.history.DefaultHistoryManager  - Current history level: NONE, level required: FULL
10:48:05,135 [main] DEBUG org.activiti.engine.impl.history.DefaultHistoryManager  - Current history level: NONE, level required: ACTIVITY
10:48:05,135 [main] DEBUG org.activiti.engine.impl.history.DefaultHistoryManager  - Current history level: NONE, level required: FULL
10:48:05,135 [main] DEBUG org.activiti.engine.impl.history.DefaultHistoryManager  - Current history level: NONE, level required: ACTIVITY
10:48:05,135 [main] DEBUG org.activiti.engine.impl.history.DefaultHistoryManager  - Current history level: NONE, level required: FULL
10:48:05,135 [main] DEBUG org.activiti.engine.impl.history.DefaultHistoryManager  - Current history level: NONE, level required: ACTIVITY
10:48:05,135 [main] DEBUG org.activiti.engine.impl.history.DefaultHistoryManager  - Current history level: NONE, level required: FULL
10:48:05,135 [main] DEBUG org.activiti.engine.impl.history.DefaultHistoryManager  - Current history level: NONE, level required: ACTIVITY
10:48:05,135 [main] DEBUG org.activiti.engine.impl.history.DefaultHistoryManager  - Current history level: NONE, level required: FULL
10:48:05,135 [main] DEBUG org.activiti.engine.impl.history.DefaultHistoryManager  - Current history level: NONE, level required: ACTIVITY
10:48:05,135 [main] DEBUG org.activiti.engine.impl.history.DefaultHistoryManager  - Current history level: NONE, level required: FULL
10:48:05,135 [main] DEBUG org.activiti.engine.impl.history.DefaultHistoryManager  - Current history level: NONE, level required: ACTIVITY
10:48:05,135 [main] DEBUG org.activiti.engine.impl.history.DefaultHistoryManager  - Current history level: NONE, level required: FULL
10:48:05,135 [main] DEBUG org.activiti.engine.impl.history.DefaultHistoryManager  - Current history level: NONE, level required: ACTIVITY
10:48:05,135 [main] DEBUG org.activiti.engine.impl.history.DefaultHistoryManager  - Current history level: NONE, level required: FULL
10:48:05,135 [main] DEBUG org.activiti.engine.impl.history.DefaultHistoryManager  - Current history level: NONE, level required: ACTIVITY
10:48:05,135 [main] DEBUG org.activiti.engine.impl.history.DefaultHistoryManager  - Current history level: NONE, level required: FULL
10:48:05,135 [main] DEBUG org.activiti.engine.impl.history.DefaultHistoryManager  - Current history level: NONE, level required: ACTIVITY
10:48:05,135 [main] DEBUG org.activiti.engine.impl.history.DefaultHistoryManager  - Current history level: NONE, level required: FULL
10:48:05,135 [main] DEBUG org.activiti.engine.impl.history.DefaultHistoryManager  - Current history level: NONE, level required: ACTIVITY
10:48:05,135 [main] DEBUG org.activiti.engine.impl.history.DefaultHistoryManager  - Current history level: NONE, level required: FULL
10:48:05,135 [main] DEBUG org.activiti.engine.impl.history.DefaultHistoryManager  - Current history level: NONE, level required: ACTIVITY
10:48:05,135 [main] DEBUG org.activiti.engine.impl.history.DefaultHistoryManager  - Current history level: NONE, level required: FULL
10:48:05,136 [main] DEBUG org.activiti.engine.impl.history.DefaultHistoryManager  - Current history level: NONE, level required: ACTIVITY
10:48:05,136 [main] DEBUG org.activiti.engine.impl.history.DefaultHistoryManager  - Current history level: NONE, level required: FULL
10:48:05,136 [main] DEBUG org.activiti.engine.impl.history.DefaultHistoryManager  - Current history level: NONE, level required: ACTIVITY
10:48:05,136 [main] DEBUG org.activiti.engine.impl.history.DefaultHistoryManager  - Current history level: NONE, level required: FULL
10:48:05,136 [main] DEBUG org.activiti.engine.impl.history.DefaultHistoryManager  - Current history level: NONE, level required: ACTIVITY
10:48:05,136 [main] DEBUG org.activiti.engine.impl.history.DefaultHistoryManager  - Current history level: NONE, level required: FULL
10:48:05,136 [main] DEBUG org.activiti.engine.impl.history.DefaultHistoryManager  - Current history level: NONE, level required: ACTIVITY
10:48:05,136 [main] DEBUG org.activiti.engine.impl.history.DefaultHistoryManager  - Current history level: NONE, level required: FULL
10:48:05,136 [main] DEBUG org.activiti.engine.impl.history.DefaultHistoryManager  - Current history level: NONE, level required: ACTIVITY
10:48:05,136 [main] DEBUG org.activiti.engine.impl.history.DefaultHistoryManager  - Current history level: NONE, level required: FULL
10:48:05,136 [main] DEBUG org.activiti.engine.impl.history.DefaultHistoryManager  - Current history level: NONE, level required: ACTIVITY
10:48:05,136 [main] DEBUG org.activiti.engine.impl.history.DefaultHistoryManager  - Current history level: NONE, level required: FULL
10:48:05,136 [main] DEBUG org.activiti.engine.impl.history.DefaultHistoryManager  - Current history level: NONE, level required: ACTIVITY
10:48:05,136 [main] DEBUG org.activiti.engine.impl.history.DefaultHistoryManager  - Current history level: NONE, level required: FULL
10:48:05,136 [main] DEBUG org.activiti.engine.impl.history.DefaultHistoryManager  - Current history level: NONE, level required: ACTIVITY
10:48:05,136 [main] DEBUG org.activiti.engine.impl.history.DefaultHistoryManager  - Current history level: NONE, level required: FULL
10:48:05,136 [main] DEBUG org.activiti.engine.impl.history.DefaultHistoryManager  - Current history level: NONE, level required: ACTIVITY
10:48:05,136 [main] DEBUG org.activiti.engine.impl.history.DefaultHistoryManager  - Current history level: NONE, level required: FULL
10:48:05,136 [main] DEBUG org.activiti.engine.impl.history.DefaultHistoryManager  - Current history level: NONE, level required: ACTIVITY
10:48:05,136 [main] DEBUG org.activiti.engine.impl.history.DefaultHistoryManager  - Current history level: NONE, level required: FULL
10:48:05,136 [main] DEBUG org.activiti.engine.impl.history.DefaultHistoryManager  - Current history level: NONE, level required: ACTIVITY
10:48:05,136 [main] DEBUG org.activiti.engine.impl.history.DefaultHistoryManager  - Current history level: NONE, level required: FULL
10:48:05,136 [main] DEBUG org.activiti.engine.impl.history.DefaultHistoryManager  - Current history level: NONE, level required: ACTIVITY
10:48:05,136 [main] DEBUG org.activiti.engine.impl.history.DefaultHistoryManager  - Current history level: NONE, level required: FULL
10:48:05,136 [main] DEBUG org.activiti.engine.impl.history.DefaultHistoryManager  - Current history level: NONE, level required: ACTIVITY
10:48:05,136 [main] DEBUG org.activiti.engine.impl.history.DefaultHistoryManager  - Current history level: NONE, level required: FULL
10:48:05,136 [main] DEBUG org.activiti.engine.impl.history.DefaultHistoryManager  - Current history level: NONE, level required: ACTIVITY
10:48:05,136 [main] DEBUG org.activiti.engine.impl.history.DefaultHistoryManager  - Current history level: NONE, level required: FULL
10:48:05,136 [main] DEBUG org.activiti.engine.impl.history.DefaultHistoryManager  - Current history level: NONE, level required: ACTIVITY
10:48:05,137 [main] DEBUG org.activiti.engine.impl.history.DefaultHistoryManager  - Current history level: NONE, level required: FULL
10:48:05,137 [main] DEBUG org.activiti.engine.impl.history.DefaultHistoryManager  - Current history level: NONE, level required: ACTIVITY
10:48:05,137 [main] DEBUG org.activiti.engine.impl.history.DefaultHistoryManager  - Current history level: NONE, level required: FULL
10:48:05,137 [main] DEBUG org.activiti.engine.impl.history.DefaultHistoryManager  - Current history level: NONE, level required: ACTIVITY
10:48:05,137 [main] DEBUG org.activiti.engine.impl.history.DefaultHistoryManager  - Current history level: NONE, level required: FULL
10:48:05,137 [main] DEBUG org.activiti.engine.impl.history.DefaultHistoryManager  - Current history level: NONE, level required: ACTIVITY
10:48:05,137 [main] DEBUG org.activiti.engine.impl.history.DefaultHistoryManager  - Current history level: NONE, level required: FULL
10:48:05,137 [main] DEBUG org.activiti.engine.impl.history.DefaultHistoryManager  - Current history level: NONE, level required: ACTIVITY
10:48:05,137 [main] DEBUG org.activiti.engine.impl.history.DefaultHistoryManager  - Current history level: NONE, level required: FULL
10:48:05,137 [main] DEBUG org.activiti.engine.impl.history.DefaultHistoryManager  - Current history level: NONE, level required: ACTIVITY
10:48:05,137 [main] DEBUG org.activiti.engine.impl.history.DefaultHistoryManager  - Current history level: NONE, level required: FULL
10:48:05,137 [main] DEBUG org.activiti.engine.impl.history.DefaultHistoryManager  - Current history level: NONE, level required: ACTIVITY
10:48:05,137 [main] DEBUG org.activiti.engine.impl.history.DefaultHistoryManager  - Current history level: NONE, level required: FULL
10:48:05,137 [main] DEBUG org.activiti.engine.impl.history.DefaultHistoryManager  - Current history level: NONE, level required: ACTIVITY
10:48:05,137 [main] DEBUG org.activiti.engine.impl.history.DefaultHistoryManager  - Current history level: NONE, level required: FULL
10:48:05,137 [main] DEBUG org.activiti.engine.impl.history.DefaultHistoryManager  - Current history level: NONE, level required: ACTIVITY
10:48:05,137 [main] DEBUG org.activiti.engine.impl.history.DefaultHistoryManager  - Current history level: NONE, level required: FULL
10:48:05,137 [main] DEBUG org.activiti.engine.impl.history.DefaultHistoryManager  - Current history level: NONE, level required: ACTIVITY
10:48:05,137 [main] DEBUG org.activiti.engine.impl.history.DefaultHistoryManager  - Current history level: NONE, level required: FULL
10:48:05,137 [main] DEBUG org.activiti.engine.impl.history.DefaultHistoryManager  - Current history level: NONE, level required: ACTIVITY
10:48:05,137 [main] DEBUG org.activiti.engine.impl.history.DefaultHistoryManager  - Current history level: NONE, level required: FULL
10:48:05,137 [main] DEBUG org.activiti.engine.impl.history.DefaultHistoryManager  - Current history level: NONE, level required: ACTIVITY
10:48:05,137 [main] DEBUG org.activiti.engine.impl.history.DefaultHistoryManager  - Current history level: NONE, level required: FULL
10:48:05,137 [main] DEBUG org.activiti.engine.impl.history.DefaultHistoryManager  - Current history level: NONE, level required: ACTIVITY
10:48:05,137 [main] DEBUG org.activiti.engine.impl.history.DefaultHistoryManager  - Current history level: NONE, level required: FULL
10:48:05,137 [main] DEBUG org.activiti.engine.impl.history.DefaultHistoryManager  - Current history level: NONE, level required: ACTIVITY
10:48:05,137 [main] DEBUG org.activiti.engine.impl.history.DefaultHistoryManager  - Current history level: NONE, level required: FULL
10:48:05,137 [main] DEBUG org.activiti.engine.impl.history.DefaultHistoryManager  - Current history level: NONE, level required: ACTIVITY
10:48:05,137 [main] DEBUG org.activiti.engine.impl.history.DefaultHistoryManager  - Current history level: NONE, level required: FULL
10:48:05,137 [main] DEBUG org.activiti.engine.impl.history.DefaultHistoryManager  - Current history level: NONE, level required: ACTIVITY
10:48:05,138 [main] DEBUG org.activiti.engine.impl.history.DefaultHistoryManager  - Current history level: NONE, level required: FULL
10:48:05,138 [main] DEBUG org.activiti.engine.impl.history.DefaultHistoryManager  - Current history level: NONE, level required: ACTIVITY
10:48:05,138 [main] DEBUG org.activiti.engine.impl.history.DefaultHistoryManager  - Current history level: NONE, level required: FULL
10:48:05,138 [main] DEBUG org.activiti.engine.impl.history.DefaultHistoryManager  - Current history level: NONE, level required: ACTIVITY
10:48:05,138 [main] DEBUG org.activiti.engine.impl.history.DefaultHistoryManager  - Current history level: NONE, level required: FULL
10:48:05,138 [main] DEBUG org.activiti.engine.impl.history.DefaultHistoryManager  - Current history level: NONE, level required: ACTIVITY
10:48:05,138 [main] DEBUG org.activiti.engine.impl.history.DefaultHistoryManager  - Current history level: NONE, level required: FULL
10:48:05,138 [main] DEBUG org.activiti.engine.impl.history.DefaultHistoryManager  - Current history level: NONE, level required: ACTIVITY
10:48:05,138 [main] DEBUG org.activiti.engine.impl.history.DefaultHistoryManager  - Current history level: NONE, level required: FULL
10:48:05,139 [main] DEBUG org.activiti.engine.impl.history.DefaultHistoryManager  - Current history level: NONE, level required: ACTIVITY
10:48:05,139 [main] DEBUG org.activiti.engine.impl.history.DefaultHistoryManager  - Current history level: NONE, level required: FULL
10:48:05,139 [main] DEBUG org.activiti.engine.impl.history.DefaultHistoryManager  - Current history level: NONE, level required: ACTIVITY
10:48:05,139 [main] DEBUG org.activiti.engine.impl.history.DefaultHistoryManager  - Current history level: NONE, level required: FULL
10:48:05,139 [main] DEBUG org.activiti.engine.impl.history.DefaultHistoryManager  - Current history level: NONE, level required: ACTIVITY
10:48:05,139 [main] DEBUG org.activiti.engine.impl.history.DefaultHistoryManager  - Current history level: NONE, level required: FULL
10:48:05,139 [main] DEBUG org.activiti.engine.impl.history.DefaultHistoryManager  - Current history level: NONE, level required: ACTIVITY
10:48:05,139 [main] DEBUG org.activiti.engine.impl.history.DefaultHistoryManager  - Current history level: NONE, level required: FULL
10:48:05,139 [main] DEBUG org.activiti.engine.impl.history.DefaultHistoryManager  - Current history level: NONE, level required: ACTIVITY
10:48:05,139 [main] DEBUG org.activiti.engine.impl.history.DefaultHistoryManager  - Current history level: NONE, level required: FULL
10:48:05,139 [main] DEBUG org.activiti.engine.impl.history.DefaultHistoryManager  - Current history level: NONE, level required: ACTIVITY
10:48:05,139 [main] DEBUG org.activiti.engine.impl.history.DefaultHistoryManager  - Current history level: NONE, level required: FULL
10:48:05,139 [main] DEBUG org.activiti.engine.impl.history.DefaultHistoryManager  - Current history level: NONE, level required: ACTIVITY
10:48:05,139 [main] DEBUG org.activiti.engine.impl.history.DefaultHistoryManager  - Current history level: NONE, level required: FULL
10:48:05,139 [main] DEBUG org.activiti.engine.impl.history.DefaultHistoryManager  - Current history level: NONE, level required: ACTIVITY
10:48:05,139 [main] DEBUG org.activiti.engine.impl.history.DefaultHistoryManager  - Current history level: NONE, level required: FULL
10:48:05,139 [main] DEBUG org.activiti.engine.impl.history.DefaultHistoryManager  - Current history level: NONE, level required: ACTIVITY
10:48:05,139 [main] DEBUG org.activiti.engine.impl.history.DefaultHistoryManager  - Current history level: NONE, level required: FULL
10:48:05,139 [main] DEBUG org.activiti.engine.impl.history.DefaultHistoryManager  - Current history level: NONE, level required: ACTIVITY
10:48:05,139 [main] DEBUG org.activiti.engine.impl.history.DefaultHistoryManager  - Current history level: NONE, level required: FULL
10:48:05,139 [main] DEBUG org.activiti.engine.impl.history.DefaultHistoryManager  - Current history level: NONE, level required: ACTIVITY
10:48:05,139 [main] DEBUG org.activiti.engine.impl.history.DefaultHistoryManager  - Current history level: NONE, level required: FULL
10:48:05,139 [main] DEBUG org.activiti.engine.impl.history.DefaultHistoryManager  - Current history level: NONE, level required: ACTIVITY
10:48:05,140 [main] DEBUG org.activiti.engine.impl.history.DefaultHistoryManager  - Current history level: NONE, level required: FULL
10:48:05,140 [main] DEBUG org.activiti.engine.impl.history.DefaultHistoryManager  - Current history level: NONE, level required: ACTIVITY
10:48:05,140 [main] DEBUG org.activiti.engine.impl.history.DefaultHistoryManager  - Current history level: NONE, level required: FULL
10:48:05,140 [main] DEBUG org.activiti.engine.impl.history.DefaultHistoryManager  - Current history level: NONE, level required: ACTIVITY
10:48:05,140 [main] DEBUG org.activiti.engine.impl.history.DefaultHistoryManager  - Current history level: NONE, level required: FULL
10:48:05,140 [main] DEBUG org.activiti.engine.impl.history.DefaultHistoryManager  - Current history level: NONE, level required: ACTIVITY
10:48:05,140 [main] DEBUG org.activiti.engine.impl.history.DefaultHistoryManager  - Current history level: NONE, level required: FULL
10:48:05,140 [main] DEBUG org.activiti.engine.impl.history.DefaultHistoryManager  - Current history level: NONE, level required: ACTIVITY
10:48:05,140 [main] DEBUG org.activiti.engine.impl.history.DefaultHistoryManager  - Current history level: NONE, level required: FULL
10:48:05,140 [main] DEBUG org.activiti.engine.impl.history.DefaultHistoryManager  - Current history level: NONE, level required: ACTIVITY
10:48:05,140 [main] DEBUG org.activiti.engine.impl.history.DefaultHistoryManager  - Current history level: NONE, level required: FULL
10:48:05,140 [main] DEBUG org.activiti.engine.impl.history.DefaultHistoryManager  - Current history level: NONE, level required: ACTIVITY
10:48:05,140 [main] DEBUG org.activiti.engine.impl.history.DefaultHistoryManager  - Current history level: NONE, level required: FULL
10:48:05,140 [main] DEBUG org.activiti.engine.impl.history.DefaultHistoryManager  - Current history level: NONE, level required: ACTIVITY
10:48:05,140 [main] DEBUG org.activiti.engine.impl.history.DefaultHistoryManager  - Current history level: NONE, level required: FULL
10:48:05,140 [main] DEBUG org.activiti.engine.impl.history.DefaultHistoryManager  - Current history level: NONE, level required: ACTIVITY
10:48:05,140 [main] DEBUG org.activiti.engine.impl.history.DefaultHistoryManager  - Current history level: NONE, level required: FULL
10:48:05,140 [main] DEBUG org.activiti.engine.impl.history.DefaultHistoryManager  - Current history level: NONE, level required: ACTIVITY
10:48:05,140 [main] DEBUG org.activiti.engine.impl.history.DefaultHistoryManager  - Current history level: NONE, level required: FULL
10:48:05,140 [main] DEBUG org.activiti.engine.impl.history.DefaultHistoryManager  - Current history level: NONE, level required: ACTIVITY
10:48:05,140 [main] DEBUG org.activiti.engine.impl.history.DefaultHistoryManager  - Current history level: NONE, level required: FULL
10:48:05,140 [main] DEBUG org.activiti.engine.impl.history.DefaultHistoryManager  - Current history level: NONE, level required: ACTIVITY
10:48:05,140 [main] DEBUG org.activiti.engine.impl.history.DefaultHistoryManager  - Current history level: NONE, level required: FULL
10:48:05,140 [main] DEBUG org.activiti.engine.impl.history.DefaultHistoryManager  - Current history level: NONE, level required: ACTIVITY
10:48:05,140 [main] DEBUG org.activiti.engine.impl.history.DefaultHistoryManager  - Current history level: NONE, level required: FULL
10:48:05,140 [main] DEBUG org.activiti.engine.impl.history.DefaultHistoryManager  - Current history level: NONE, level required: ACTIVITY
10:48:05,140 [main] DEBUG org.activiti.engine.impl.history.DefaultHistoryManager  - Current history level: NONE, level required: FULL
10:48:05,140 [main] DEBUG org.activiti.engine.impl.history.DefaultHistoryManager  - Current history level: NONE, level required: ACTIVITY
10:48:05,140 [main] DEBUG org.activiti.engine.impl.history.DefaultHistoryManager  - Current history level: NONE, level required: FULL
10:48:05,140 [main] DEBUG org.activiti.engine.impl.history.DefaultHistoryManager  - Current history level: NONE, level required: ACTIVITY
10:48:05,140 [main] DEBUG org.activiti.engine.impl.history.DefaultHistoryManager  - Current history level: NONE, level required: FULL
10:48:05,141 [main] DEBUG org.activiti.engine.impl.history.DefaultHistoryManager  - Current history level: NONE, level required: ACTIVITY
10:48:05,141 [main] DEBUG org.activiti.engine.impl.history.DefaultHistoryManager  - Current history level: NONE, level required: FULL
10:48:05,141 [main] DEBUG org.activiti.engine.impl.history.DefaultHistoryManager  - Current history level: NONE, level required: ACTIVITY
10:48:05,141 [main] DEBUG org.activiti.engine.impl.history.DefaultHistoryManager  - Current history level: NONE, level required: FULL
10:48:05,141 [main] DEBUG org.activiti.engine.impl.history.DefaultHistoryManager  - Current history level: NONE, level required: ACTIVITY
10:48:05,141 [main] DEBUG org.activiti.engine.impl.history.DefaultHistoryManager  - Current history level: NONE, level required: FULL
10:48:05,141 [main] DEBUG org.activiti.engine.impl.history.DefaultHistoryManager  - Current history level: NONE, level required: ACTIVITY
10:48:05,141 [main] DEBUG org.activiti.engine.impl.history.DefaultHistoryManager  - Current history level: NONE, level required: FULL
10:48:05,141 [main] DEBUG org.activiti.engine.impl.history.DefaultHistoryManager  - Current history level: NONE, level required: ACTIVITY
10:48:05,141 [main] DEBUG org.activiti.engine.impl.history.DefaultHistoryManager  - Current history level: NONE, level required: FULL
10:48:05,141 [main] DEBUG org.activiti.engine.impl.history.DefaultHistoryManager  - Current history level: NONE, level required: ACTIVITY
10:48:05,141 [main] DEBUG org.activiti.engine.impl.history.DefaultHistoryManager  - Current history level: NONE, level required: FULL
10:48:05,141 [main] DEBUG org.activiti.engine.impl.history.DefaultHistoryManager  - Current history level: NONE, level required: ACTIVITY
10:48:05,141 [main] DEBUG org.activiti.engine.impl.history.DefaultHistoryManager  - Current history level: NONE, level required: FULL
10:48:05,141 [main] DEBUG org.activiti.engine.impl.history.DefaultHistoryManager  - Current history level: NONE, level required: ACTIVITY
10:48:05,141 [main] DEBUG org.activiti.engine.impl.history.DefaultHistoryManager  - Current history level: NONE, level required: FULL
10:48:05,141 [main] DEBUG org.activiti.engine.impl.history.DefaultHistoryManager  - Current history level: NONE, level required: ACTIVITY
10:48:05,142 [main] DEBUG org.activiti.engine.impl.history.DefaultHistoryManager  - Current history level: NONE, level required: FULL
10:48:05,142 [main] DEBUG org.activiti.engine.impl.history.DefaultHistoryManager  - Current history level: NONE, level required: ACTIVITY
10:48:05,142 [main] DEBUG org.activiti.engine.impl.history.DefaultHistoryManager  - Current history level: NONE, level required: FULL
10:48:05,142 [main] DEBUG org.activiti.engine.impl.history.DefaultHistoryManager  - Current history level: NONE, level required: ACTIVITY
10:48:05,142 [main] DEBUG org.activiti.engine.impl.history.DefaultHistoryManager  - Current history level: NONE, level required: FULL
10:48:05,142 [main] DEBUG org.activiti.engine.impl.history.DefaultHistoryManager  - Current history level: NONE, level required: ACTIVITY
10:48:05,142 [main] DEBUG org.activiti.engine.impl.history.DefaultHistoryManager  - Current history level: NONE, level required: FULL
10:48:05,142 [main] DEBUG org.activiti.engine.impl.history.DefaultHistoryManager  - Current history level: NONE, level required: ACTIVITY
10:48:05,142 [main] DEBUG org.activiti.engine.impl.history.DefaultHistoryManager  - Current history level: NONE, level required: FULL
10:48:05,142 [main] DEBUG org.activiti.engine.impl.history.DefaultHistoryManager  - Current history level: NONE, level required: ACTIVITY
10:48:05,142 [main] DEBUG org.activiti.engine.impl.history.DefaultHistoryManager  - Current history level: NONE, level required: FULL
10:48:05,142 [main] DEBUG org.activiti.engine.impl.history.DefaultHistoryManager  - Current history level: NONE, level required: ACTIVITY
10:48:05,142 [main] DEBUG org.activiti.engine.impl.history.DefaultHistoryManager  - Current history level: NONE, level required: FULL
10:48:05,142 [main] DEBUG org.activiti.engine.impl.history.DefaultHistoryManager  - Current history level: NONE, level required: ACTIVITY
10:48:05,142 [main] DEBUG org.activiti.engine.impl.history.DefaultHistoryManager  - Current history level: NONE, level required: FULL
10:48:05,142 [main] DEBUG org.activiti.engine.impl.history.DefaultHistoryManager  - Current history level: NONE, level required: ACTIVITY
10:48:05,142 [main] DEBUG org.activiti.engine.impl.history.DefaultHistoryManager  - Current history level: NONE, level required: FULL
10:48:05,142 [main] DEBUG org.activiti.engine.impl.history.DefaultHistoryManager  - Current history level: NONE, level required: ACTIVITY
10:48:05,142 [main] DEBUG org.activiti.engine.impl.history.DefaultHistoryManager  - Current history level: NONE, level required: FULL
10:48:05,142 [main] DEBUG org.activiti.engine.impl.history.DefaultHistoryManager  - Current history level: NONE, level required: ACTIVITY
10:48:05,142 [main] DEBUG org.activiti.engine.impl.history.DefaultHistoryManager  - Current history level: NONE, level required: FULL
10:48:05,142 [main] DEBUG org.activiti.engine.impl.history.DefaultHistoryManager  - Current history level: NONE, level required: ACTIVITY
10:48:05,142 [main] DEBUG org.activiti.engine.impl.history.DefaultHistoryManager  - Current history level: NONE, level required: FULL
10:48:05,142 [main] DEBUG org.activiti.engine.impl.history.DefaultHistoryManager  - Current history level: NONE, level required: ACTIVITY
10:48:05,142 [main] DEBUG org.activiti.engine.impl.history.DefaultHistoryManager  - Current history level: NONE, level required: FULL
10:48:05,142 [main] DEBUG org.activiti.engine.impl.history.DefaultHistoryManager  - Current history level: NONE, level required: ACTIVITY
10:48:05,142 [main] DEBUG org.activiti.engine.impl.history.DefaultHistoryManager  - Current history level: NONE, level required: FULL
10:48:05,142 [main] DEBUG org.activiti.engine.impl.history.DefaultHistoryManager  - Current history level: NONE, level required: ACTIVITY
10:48:05,142 [main] DEBUG org.activiti.engine.impl.history.DefaultHistoryManager  - Current history level: NONE, level required: FULL
10:48:05,142 [main] DEBUG org.activiti.engine.impl.history.DefaultHistoryManager  - Current history level: NONE, level required: ACTIVITY
10:48:05,142 [main] DEBUG org.activiti.engine.impl.history.DefaultHistoryManager  - Current history level: NONE, level required: FULL
10:48:05,143 [main] DEBUG org.activiti.engine.impl.history.DefaultHistoryManager  - Current history level: NONE, level required: ACTIVITY
10:48:05,143 [main] DEBUG org.activiti.engine.impl.history.DefaultHistoryManager  - Current history level: NONE, level required: FULL
10:48:05,143 [main] DEBUG org.activiti.engine.impl.history.DefaultHistoryManager  - Current history level: NONE, level required: ACTIVITY
10:48:05,143 [main] DEBUG org.activiti.engine.impl.history.DefaultHistoryManager  - Current history level: NONE, level required: FULL
10:48:05,143 [main] DEBUG org.activiti.engine.impl.history.DefaultHistoryManager  - Current history level: NONE, level required: ACTIVITY
10:48:05,143 [main] DEBUG org.activiti.engine.impl.history.DefaultHistoryManager  - Current history level: NONE, level required: FULL
10:48:05,143 [main] DEBUG org.activiti.engine.impl.history.DefaultHistoryManager  - Current history level: NONE, level required: ACTIVITY
10:48:05,143 [main] DEBUG org.activiti.engine.impl.history.DefaultHistoryManager  - Current history level: NONE, level required: FULL
10:48:05,143 [main] DEBUG org.activiti.engine.impl.history.DefaultHistoryManager  - Current history level: NONE, level required: ACTIVITY
10:48:05,143 [main] DEBUG org.activiti.engine.impl.history.DefaultHistoryManager  - Current history level: NONE, level required: FULL
10:48:05,143 [main] DEBUG org.activiti.engine.impl.history.DefaultHistoryManager  - Current history level: NONE, level required: ACTIVITY
10:48:05,143 [main] DEBUG org.activiti.engine.impl.history.DefaultHistoryManager  - Current history level: NONE, level required: FULL
10:48:05,143 [main] DEBUG org.activiti.engine.impl.history.DefaultHistoryManager  - Current history level: NONE, level required: ACTIVITY
10:48:05,143 [main] DEBUG org.activiti.engine.impl.history.DefaultHistoryManager  - Current history level: NONE, level required: FULL
10:48:05,143 [main] DEBUG org.activiti.engine.impl.history.DefaultHistoryManager  - Current history level: NONE, level required: ACTIVITY
10:48:05,143 [main] DEBUG org.activiti.engine.impl.history.DefaultHistoryManager  - Current history level: NONE, level required: FULL
10:48:05,143 [main] DEBUG org.activiti.engine.impl.history.DefaultHistoryManager  - Current history level: NONE, level required: ACTIVITY
10:48:05,143 [main] DEBUG org.activiti.engine.impl.history.DefaultHistoryManager  - Current history level: NONE, level required: FULL
10:48:05,143 [main] DEBUG org.activiti.engine.impl.history.DefaultHistoryManager  - Current history level: NONE, level required: ACTIVITY
10:48:05,143 [main] DEBUG org.activiti.engine.impl.history.DefaultHistoryManager  - Current history level: NONE, level required: FULL
10:48:05,143 [main] DEBUG org.activiti.engine.impl.history.DefaultHistoryManager  - Current history level: NONE, level required: ACTIVITY
10:48:05,143 [main] DEBUG org.activiti.engine.impl.history.DefaultHistoryManager  - Current history level: NONE, level required: FULL
10:48:05,143 [main] DEBUG org.activiti.engine.impl.history.DefaultHistoryManager  - Current history level: NONE, level required: ACTIVITY
10:48:05,143 [main] DEBUG org.activiti.engine.impl.history.DefaultHistoryManager  - Current history level: NONE, level required: FULL
10:48:05,143 [main] DEBUG org.activiti.engine.impl.history.DefaultHistoryManager  - Current history level: NONE, level required: ACTIVITY
10:48:05,143 [main] DEBUG org.activiti.engine.impl.history.DefaultHistoryManager  - Current history level: NONE, level required: FULL
10:48:05,143 [main] DEBUG org.activiti.engine.impl.history.DefaultHistoryManager  - Current history level: NONE, level required: ACTIVITY
10:48:05,144 [main] DEBUG org.activiti.engine.impl.history.DefaultHistoryManager  - Current history level: NONE, level required: FULL
10:48:05,144 [main] DEBUG org.activiti.engine.impl.history.DefaultHistoryManager  - Current history level: NONE, level required: ACTIVITY
10:48:05,144 [main] DEBUG org.activiti.engine.impl.history.DefaultHistoryManager  - Current history level: NONE, level required: FULL
10:48:05,144 [main] DEBUG org.activiti.engine.impl.history.DefaultHistoryManager  - Current history level: NONE, level required: ACTIVITY
10:48:05,144 [main] DEBUG org.activiti.engine.impl.history.DefaultHistoryManager  - Current history level: NONE, level required: FULL
10:48:05,144 [main] DEBUG org.activiti.engine.impl.history.DefaultHistoryManager  - Current history level: NONE, level required: ACTIVITY
10:48:05,144 [main] DEBUG org.activiti.engine.impl.history.DefaultHistoryManager  - Current history level: NONE, level required: FULL
10:48:05,144 [main] DEBUG org.activiti.engine.impl.history.DefaultHistoryManager  - Current history level: NONE, level required: ACTIVITY
10:48:05,144 [main] DEBUG org.activiti.engine.impl.history.DefaultHistoryManager  - Current history level: NONE, level required: FULL
10:48:05,144 [main] DEBUG org.activiti.engine.impl.history.DefaultHistoryManager  - Current history level: NONE, level required: ACTIVITY
10:48:05,144 [main] DEBUG org.activiti.engine.impl.history.DefaultHistoryManager  - Current history level: NONE, level required: FULL
10:48:05,144 [main] DEBUG org.activiti.engine.impl.history.DefaultHistoryManager  - Current history level: NONE, level required: ACTIVITY
10:48:05,144 [main] DEBUG org.activiti.engine.impl.history.DefaultHistoryManager  - Current history level: NONE, level required: FULL
10:48:05,144 [main] DEBUG org.activiti.engine.impl.history.DefaultHistoryManager  - Current history level: NONE, level required: ACTIVITY
10:48:05,144 [main] DEBUG org.activiti.engine.impl.history.DefaultHistoryManager  - Current history level: NONE, level required: FULL
10:48:05,144 [main] DEBUG org.activiti.engine.impl.history.DefaultHistoryManager  - Current history level: NONE, level required: ACTIVITY
10:48:05,144 [main] DEBUG org.activiti.engine.impl.history.DefaultHistoryManager  - Current history level: NONE, level required: FULL
10:48:05,144 [main] DEBUG org.activiti.engine.impl.history.DefaultHistoryManager  - Current history level: NONE, level required: ACTIVITY
10:48:05,144 [main] DEBUG org.activiti.engine.impl.history.DefaultHistoryManager  - Current history level: NONE, level required: FULL
10:48:05,144 [main] DEBUG org.activiti.engine.impl.history.DefaultHistoryManager  - Current history level: NONE, level required: ACTIVITY
10:48:05,144 [main] DEBUG org.activiti.engine.impl.history.DefaultHistoryManager  - Current history level: NONE, level required: FULL
10:48:05,144 [main] DEBUG org.activiti.engine.impl.history.DefaultHistoryManager  - Current history level: NONE, level required: ACTIVITY
10:48:05,144 [main] DEBUG org.activiti.engine.impl.history.DefaultHistoryManager  - Current history level: NONE, level required: FULL
10:48:05,144 [main] DEBUG org.activiti.engine.impl.history.DefaultHistoryManager  - Current history level: NONE, level required: ACTIVITY
10:48:05,144 [main] DEBUG org.activiti.engine.impl.history.DefaultHistoryManager  - Current history level: NONE, level required: FULL
10:48:05,144 [main] DEBUG org.activiti.engine.impl.history.DefaultHistoryManager  - Current history level: NONE, level required: ACTIVITY
10:48:05,144 [main] DEBUG org.activiti.engine.impl.history.DefaultHistoryManager  - Current history level: NONE, level required: FULL
10:48:05,144 [main] DEBUG org.activiti.engine.impl.history.DefaultHistoryManager  - Current history level: NONE, level required: ACTIVITY
10:48:05,145 [main] DEBUG org.activiti.engine.impl.history.DefaultHistoryManager  - Current history level: NONE, level required: FULL
10:48:05,145 [main] DEBUG org.activiti.engine.impl.history.DefaultHistoryManager  - Current history level: NONE, level required: ACTIVITY
10:48:05,145 [main] DEBUG org.activiti.engine.impl.history.DefaultHistoryManager  - Current history level: NONE, level required: FULL
10:48:05,145 [main] DEBUG org.activiti.engine.impl.history.DefaultHistoryManager  - Current history level: NONE, level required: ACTIVITY
10:48:05,145 [main] DEBUG org.activiti.engine.impl.history.DefaultHistoryManager  - Current history level: NONE, level required: FULL
10:48:05,145 [main] DEBUG org.activiti.engine.impl.history.DefaultHistoryManager  - Current history level: NONE, level required: ACTIVITY
10:48:05,145 [main] DEBUG org.activiti.engine.impl.history.DefaultHistoryManager  - Current history level: NONE, level required: FULL
10:48:05,145 [main] DEBUG org.activiti.engine.impl.history.DefaultHistoryManager  - Current history level: NONE, level required: ACTIVITY
10:48:05,145 [main] DEBUG org.activiti.engine.impl.history.DefaultHistoryManager  - Current history level: NONE, level required: FULL
10:48:05,145 [main] DEBUG org.activiti.engine.impl.history.DefaultHistoryManager  - Current history level: NONE, level required: ACTIVITY
10:48:05,145 [main] DEBUG org.activiti.engine.impl.history.DefaultHistoryManager  - Current history level: NONE, level required: FULL
10:48:05,145 [main] DEBUG org.activiti.engine.impl.history.DefaultHistoryManager  - Current history level: NONE, level required: ACTIVITY
10:48:05,145 [main] DEBUG org.activiti.engine.impl.history.DefaultHistoryManager  - Current history level: NONE, level required: FULL
10:48:05,145 [main] DEBUG org.activiti.engine.impl.history.DefaultHistoryManager  - Current history level: NONE, level required: ACTIVITY
10:48:05,145 [main] DEBUG org.activiti.engine.impl.history.DefaultHistoryManager  - Current history level: NONE, level required: FULL
10:48:05,145 [main] DEBUG org.activiti.engine.impl.history.DefaultHistoryManager  - Current history level: NONE, level required: ACTIVITY
10:48:05,145 [main] DEBUG org.activiti.engine.impl.history.DefaultHistoryManager  - Current history level: NONE, level required: FULL
10:48:05,145 [main] DEBUG org.activiti.engine.impl.history.DefaultHistoryManager  - Current history level: NONE, level required: ACTIVITY
10:48:05,145 [main] DEBUG org.activiti.engine.impl.history.DefaultHistoryManager  - Current history level: NONE, level required: FULL
10:48:05,145 [main] DEBUG org.activiti.engine.impl.history.DefaultHistoryManager  - Current history level: NONE, level required: ACTIVITY
10:48:05,145 [main] DEBUG org.activiti.engine.impl.history.DefaultHistoryManager  - Current history level: NONE, level required: FULL
10:48:05,145 [main] DEBUG org.activiti.engine.impl.history.DefaultHistoryManager  - Current history level: NONE, level required: ACTIVITY
10:48:05,145 [main] DEBUG org.activiti.engine.impl.history.DefaultHistoryManager  - Current history level: NONE, level required: FULL
10:48:05,145 [main] DEBUG org.activiti.engine.impl.history.DefaultHistoryManager  - Current history level: NONE, level required: ACTIVITY
10:48:05,145 [main] DEBUG org.activiti.engine.impl.history.DefaultHistoryManager  - Current history level: NONE, level required: FULL
10:48:05,145 [main] DEBUG org.activiti.engine.impl.history.DefaultHistoryManager  - Current history level: NONE, level required: ACTIVITY
10:48:05,146 [main] DEBUG org.activiti.engine.impl.history.DefaultHistoryManager  - Current history level: NONE, level required: FULL
10:48:05,146 [main] DEBUG org.activiti.engine.impl.history.DefaultHistoryManager  - Current history level: NONE, level required: ACTIVITY
10:48:05,146 [main] DEBUG org.activiti.engine.impl.history.DefaultHistoryManager  - Current history level: NONE, level required: FULL
10:48:05,146 [main] DEBUG org.activiti.engine.impl.history.DefaultHistoryManager  - Current history level: NONE, level required: ACTIVITY
10:48:05,146 [main] DEBUG org.activiti.engine.impl.history.DefaultHistoryManager  - Current history level: NONE, level required: FULL
10:48:05,146 [main] DEBUG org.activiti.engine.impl.history.DefaultHistoryManager  - Current history level: NONE, level required: ACTIVITY
10:48:05,146 [main] DEBUG org.activiti.engine.impl.history.DefaultHistoryManager  - Current history level: NONE, level required: FULL
10:48:05,146 [main] DEBUG org.activiti.engine.impl.history.DefaultHistoryManager  - Current history level: NONE, level required: ACTIVITY
10:48:05,146 [main] DEBUG org.activiti.engine.impl.history.DefaultHistoryManager  - Current history level: NONE, level required: FULL
10:48:05,146 [main] DEBUG org.activiti.engine.impl.history.DefaultHistoryManager  - Current history level: NONE, level required: ACTIVITY
10:48:05,146 [main] DEBUG org.activiti.engine.impl.history.DefaultHistoryManager  - Current history level: NONE, level required: FULL
10:48:05,146 [main] DEBUG org.activiti.engine.impl.history.DefaultHistoryManager  - Current history level: NONE, level required: ACTIVITY
10:48:05,146 [main] DEBUG org.activiti.engine.impl.history.DefaultHistoryManager  - Current history level: NONE, level required: FULL
10:48:05,146 [main] DEBUG org.activiti.engine.impl.history.DefaultHistoryManager  - Current history level: NONE, level required: ACTIVITY
10:48:05,146 [main] DEBUG org.activiti.engine.impl.history.DefaultHistoryManager  - Current history level: NONE, level required: FULL
10:48:05,146 [main] DEBUG org.activiti.engine.impl.history.DefaultHistoryManager  - Current history level: NONE, level required: ACTIVITY
10:48:05,146 [main] DEBUG org.activiti.engine.impl.history.DefaultHistoryManager  - Current history level: NONE, level required: FULL
10:48:05,146 [main] DEBUG org.activiti.engine.impl.history.DefaultHistoryManager  - Current history level: NONE, level required: ACTIVITY
10:48:05,146 [main] DEBUG org.activiti.engine.impl.history.DefaultHistoryManager  - Current history level: NONE, level required: FULL
10:48:05,146 [main] DEBUG org.activiti.engine.impl.history.DefaultHistoryManager  - Current history level: NONE, level required: ACTIVITY
10:48:05,146 [main] DEBUG org.activiti.engine.impl.history.DefaultHistoryManager  - Current history level: NONE, level required: FULL
10:48:05,146 [main] DEBUG org.activiti.engine.impl.history.DefaultHistoryManager  - Current history level: NONE, level required: ACTIVITY
10:48:05,146 [main] DEBUG org.activiti.engine.impl.history.DefaultHistoryManager  - Current history level: NONE, level required: FULL
10:48:05,146 [main] DEBUG org.activiti.engine.impl.history.DefaultHistoryManager  - Current history level: NONE, level required: ACTIVITY
10:48:05,147 [main] DEBUG org.activiti.engine.impl.history.DefaultHistoryManager  - Current history level: NONE, level required: FULL
10:48:05,147 [main] DEBUG org.activiti.engine.impl.history.DefaultHistoryManager  - Current history level: NONE, level required: ACTIVITY
10:48:05,147 [main] DEBUG org.activiti.engine.impl.history.DefaultHistoryManager  - Current history level: NONE, level required: FULL
10:48:05,147 [main] DEBUG org.activiti.engine.impl.history.DefaultHistoryManager  - Current history level: NONE, level required: ACTIVITY
10:48:05,147 [main] DEBUG org.activiti.engine.impl.history.DefaultHistoryManager  - Current history level: NONE, level required: FULL
10:48:05,147 [main] DEBUG org.activiti.engine.impl.history.DefaultHistoryManager  - Current history level: NONE, level required: ACTIVITY
10:48:05,147 [main] DEBUG org.activiti.engine.impl.history.DefaultHistoryManager  - Current history level: NONE, level required: FULL
10:48:05,147 [main] DEBUG org.activiti.engine.impl.history.DefaultHistoryManager  - Current history level: NONE, level required: ACTIVITY
10:48:05,147 [main] DEBUG org.activiti.engine.impl.history.DefaultHistoryManager  - Current history level: NONE, level required: FULL
10:48:05,147 [main] DEBUG org.activiti.engine.impl.history.DefaultHistoryManager  - Current history level: NONE, level required: ACTIVITY
10:48:05,147 [main] DEBUG org.activiti.engine.impl.history.DefaultHistoryManager  - Current history level: NONE, level required: FULL
10:48:05,147 [main] DEBUG org.activiti.engine.impl.history.DefaultHistoryManager  - Current history level: NONE, level required: ACTIVITY
10:48:05,147 [main] DEBUG org.activiti.engine.impl.history.DefaultHistoryManager  - Current history level: NONE, level required: FULL
10:48:05,147 [main] DEBUG org.activiti.engine.impl.history.DefaultHistoryManager  - Current history level: NONE, level required: ACTIVITY
10:48:05,147 [main] DEBUG org.activiti.engine.impl.history.DefaultHistoryManager  - Current history level: NONE, level required: FULL
10:48:05,147 [main] DEBUG org.activiti.engine.impl.history.DefaultHistoryManager  - Current history level: NONE, level required: ACTIVITY
10:48:05,147 [main] DEBUG org.activiti.engine.impl.history.DefaultHistoryManager  - Current history level: NONE, level required: FULL
10:48:05,147 [main] DEBUG org.activiti.engine.impl.history.DefaultHistoryManager  - Current history level: NONE, level required: ACTIVITY
10:48:05,147 [main] DEBUG org.activiti.engine.impl.history.DefaultHistoryManager  - Current history level: NONE, level required: FULL
10:48:05,147 [main] DEBUG org.activiti.engine.impl.history.DefaultHistoryManager  - Current history level: NONE, level required: ACTIVITY
10:48:05,147 [main] DEBUG org.activiti.engine.impl.history.DefaultHistoryManager  - Current history level: NONE, level required: FULL
10:48:05,147 [main] DEBUG org.activiti.engine.impl.history.DefaultHistoryManager  - Current history level: NONE, level required: ACTIVITY
10:48:05,147 [main] DEBUG org.activiti.engine.impl.history.DefaultHistoryManager  - Current history level: NONE, level required: FULL
10:48:05,147 [main] DEBUG org.activiti.engine.impl.history.DefaultHistoryManager  - Current history level: NONE, level required: ACTIVITY
10:48:05,147 [main] DEBUG org.activiti.engine.impl.history.DefaultHistoryManager  - Current history level: NONE, level required: FULL
10:48:05,147 [main] DEBUG org.activiti.engine.impl.history.DefaultHistoryManager  - Current history level: NONE, level required: ACTIVITY
10:48:05,147 [main] DEBUG org.activiti.engine.impl.history.DefaultHistoryManager  - Current history level: NONE, level required: FULL
10:48:05,147 [main] DEBUG org.activiti.engine.impl.history.DefaultHistoryManager  - Current history level: NONE, level required: ACTIVITY
10:48:05,147 [main] DEBUG org.activiti.engine.impl.history.DefaultHistoryManager  - Current history level: NONE, level required: FULL
10:48:05,147 [main] DEBUG org.activiti.engine.impl.history.DefaultHistoryManager  - Current history level: NONE, level required: ACTIVITY
10:48:05,147 [main] DEBUG org.activiti.engine.impl.history.DefaultHistoryManager  - Current history level: NONE, level required: FULL
10:48:05,147 [main] DEBUG org.activiti.engine.impl.history.DefaultHistoryManager  - Current history level: NONE, level required: ACTIVITY
10:48:05,148 [main] DEBUG org.activiti.engine.impl.history.DefaultHistoryManager  - Current history level: NONE, level required: FULL
10:48:05,148 [main] DEBUG org.activiti.engine.impl.history.DefaultHistoryManager  - Current history level: NONE, level required: ACTIVITY
10:48:05,148 [main] DEBUG org.activiti.engine.impl.history.DefaultHistoryManager  - Current history level: NONE, level required: FULL
10:48:05,148 [main] DEBUG org.activiti.engine.impl.history.DefaultHistoryManager  - Current history level: NONE, level required: ACTIVITY
10:48:05,148 [main] DEBUG org.activiti.engine.impl.history.DefaultHistoryManager  - Current history level: NONE, level required: FULL
10:48:05,148 [main] DEBUG org.activiti.engine.impl.history.DefaultHistoryManager  - Current history level: NONE, level required: ACTIVITY
10:48:05,148 [main] DEBUG org.activiti.engine.impl.history.DefaultHistoryManager  - Current history level: NONE, level required: FULL
10:48:05,148 [main] DEBUG org.activiti.engine.impl.history.DefaultHistoryManager  - Current history level: NONE, level required: ACTIVITY
10:48:05,148 [main] DEBUG org.activiti.engine.impl.history.DefaultHistoryManager  - Current history level: NONE, level required: FULL
10:48:05,148 [main] DEBUG org.activiti.engine.impl.history.DefaultHistoryManager  - Current history level: NONE, level required: ACTIVITY
10:48:05,148 [main] DEBUG org.activiti.engine.impl.history.DefaultHistoryManager  - Current history level: NONE, level required: FULL
10:48:05,148 [main] DEBUG org.activiti.engine.impl.history.DefaultHistoryManager  - Current history level: NONE, level required: ACTIVITY
10:48:05,148 [main] DEBUG org.activiti.engine.impl.history.DefaultHistoryManager  - Current history level: NONE, level required: FULL
10:48:05,148 [main] DEBUG org.activiti.engine.impl.history.DefaultHistoryManager  - Current history level: NONE, level required: ACTIVITY
10:48:05,148 [main] DEBUG org.activiti.engine.impl.history.DefaultHistoryManager  - Current history level: NONE, level required: FULL
10:48:05,148 [main] DEBUG org.activiti.engine.impl.history.DefaultHistoryManager  - Current history level: NONE, level required: ACTIVITY
10:48:05,148 [main] DEBUG org.activiti.engine.impl.history.DefaultHistoryManager  - Current history level: NONE, level required: FULL
10:48:05,148 [main] DEBUG org.activiti.engine.impl.history.DefaultHistoryManager  - Current history level: NONE, level required: ACTIVITY
10:48:05,148 [main] DEBUG org.activiti.engine.impl.history.DefaultHistoryManager  - Current history level: NONE, level required: FULL
10:48:05,148 [main] DEBUG org.activiti.engine.impl.history.DefaultHistoryManager  - Current history level: NONE, level required: ACTIVITY
10:48:05,148 [main] DEBUG org.activiti.engine.impl.history.DefaultHistoryManager  - Current history level: NONE, level required: FULL
10:48:05,148 [main] DEBUG org.activiti.engine.impl.history.DefaultHistoryManager  - Current history level: NONE, level required: ACTIVITY
10:48:05,148 [main] DEBUG org.activiti.engine.impl.history.DefaultHistoryManager  - Current history level: NONE, level required: FULL
10:48:05,149 [main] DEBUG org.activiti.engine.impl.history.DefaultHistoryManager  - Current history level: NONE, level required: ACTIVITY
10:48:05,149 [main] DEBUG org.activiti.engine.impl.history.DefaultHistoryManager  - Current history level: NONE, level required: FULL
10:48:05,149 [main] DEBUG org.activiti.engine.impl.history.DefaultHistoryManager  - Current history level: NONE, level required: ACTIVITY
10:48:05,149 [main] DEBUG org.activiti.engine.impl.history.DefaultHistoryManager  - Current history level: NONE, level required: FULL
10:48:05,149 [main] DEBUG org.activiti.engine.impl.history.DefaultHistoryManager  - Current history level: NONE, level required: ACTIVITY
10:48:05,149 [main] DEBUG org.activiti.engine.impl.history.DefaultHistoryManager  - Current history level: NONE, level required: FULL
10:48:05,149 [main] DEBUG org.activiti.engine.impl.history.DefaultHistoryManager  - Current history level: NONE, level required: ACTIVITY
10:48:05,149 [main] DEBUG org.activiti.engine.impl.history.DefaultHistoryManager  - Current history level: NONE, level required: FULL
10:48:05,149 [main] DEBUG org.activiti.engine.impl.history.DefaultHistoryManager  - Current history level: NONE, level required: ACTIVITY
10:48:05,149 [main] DEBUG org.activiti.engine.impl.history.DefaultHistoryManager  - Current history level: NONE, level required: FULL
10:48:05,149 [main] DEBUG org.activiti.engine.impl.history.DefaultHistoryManager  - Current history level: NONE, level required: ACTIVITY
10:48:05,149 [main] DEBUG org.activiti.engine.impl.history.DefaultHistoryManager  - Current history level: NONE, level required: FULL
10:48:05,149 [main] DEBUG org.activiti.engine.impl.history.DefaultHistoryManager  - Current history level: NONE, level required: ACTIVITY
10:48:05,149 [main] DEBUG org.activiti.engine.impl.history.DefaultHistoryManager  - Current history level: NONE, level required: FULL
10:48:05,149 [main] DEBUG org.activiti.engine.impl.history.DefaultHistoryManager  - Current history level: NONE, level required: ACTIVITY
10:48:05,149 [main] DEBUG org.activiti.engine.impl.history.DefaultHistoryManager  - Current history level: NONE, level required: FULL
10:48:05,149 [main] DEBUG org.activiti.engine.impl.history.DefaultHistoryManager  - Current history level: NONE, level required: ACTIVITY
10:48:05,149 [main] DEBUG org.activiti.engine.impl.history.DefaultHistoryManager  - Current history level: NONE, level required: FULL
10:48:05,149 [main] DEBUG org.activiti.engine.impl.history.DefaultHistoryManager  - Current history level: NONE, level required: ACTIVITY
10:48:05,149 [main] DEBUG org.activiti.engine.impl.history.DefaultHistoryManager  - Current history level: NONE, level required: FULL
10:48:05,149 [main] DEBUG org.activiti.engine.impl.history.DefaultHistoryManager  - Current history level: NONE, level required: ACTIVITY
10:48:05,149 [main] DEBUG org.activiti.engine.impl.history.DefaultHistoryManager  - Current history level: NONE, level required: FULL
10:48:05,149 [main] DEBUG org.activiti.engine.impl.history.DefaultHistoryManager  - Current history level: NONE, level required: ACTIVITY
10:48:05,149 [main] DEBUG org.activiti.engine.impl.history.DefaultHistoryManager  - Current history level: NONE, level required: FULL
10:48:05,149 [main] DEBUG org.activiti.engine.impl.history.DefaultHistoryManager  - Current history level: NONE, level required: ACTIVITY
10:48:05,149 [main] DEBUG org.activiti.engine.impl.history.DefaultHistoryManager  - Current history level: NONE, level required: FULL
10:48:05,150 [main] DEBUG org.activiti.engine.impl.history.DefaultHistoryManager  - Current history level: NONE, level required: ACTIVITY
10:48:05,150 [main] DEBUG org.activiti.engine.impl.history.DefaultHistoryManager  - Current history level: NONE, level required: FULL
10:48:05,150 [main] DEBUG org.activiti.engine.impl.history.DefaultHistoryManager  - Current history level: NONE, level required: ACTIVITY
10:48:05,150 [main] DEBUG org.activiti.engine.impl.history.DefaultHistoryManager  - Current history level: NONE, level required: FULL
10:48:05,150 [main] DEBUG org.activiti.engine.impl.history.DefaultHistoryManager  - Current history level: NONE, level required: ACTIVITY
10:48:05,150 [main] DEBUG org.activiti.engine.impl.history.DefaultHistoryManager  - Current history level: NONE, level required: FULL
10:48:05,150 [main] DEBUG org.activiti.engine.impl.history.DefaultHistoryManager  - Current history level: NONE, level required: ACTIVITY
10:48:05,150 [main] DEBUG org.activiti.engine.impl.history.DefaultHistoryManager  - Current history level: NONE, level required: FULL
10:48:05,150 [main] DEBUG org.activiti.engine.impl.history.DefaultHistoryManager  - Current history level: NONE, level required: ACTIVITY
10:48:05,150 [main] DEBUG org.activiti.engine.impl.history.DefaultHistoryManager  - Current history level: NONE, level required: FULL
10:48:05,150 [main] DEBUG org.activiti.engine.impl.history.DefaultHistoryManager  - Current history level: NONE, level required: ACTIVITY
10:48:05,150 [main] DEBUG org.activiti.engine.impl.history.DefaultHistoryManager  - Current history level: NONE, level required: FULL
10:48:05,150 [main] DEBUG org.activiti.engine.impl.history.DefaultHistoryManager  - Current history level: NONE, level required: ACTIVITY
10:48:05,150 [main] DEBUG org.activiti.engine.impl.history.DefaultHistoryManager  - Current history level: NONE, level required: FULL
10:48:05,150 [main] DEBUG org.activiti.engine.impl.history.DefaultHistoryManager  - Current history level: NONE, level required: ACTIVITY
10:48:05,150 [main] DEBUG org.activiti.engine.impl.history.DefaultHistoryManager  - Current history level: NONE, level required: FULL
10:48:05,150 [main] DEBUG org.activiti.engine.impl.history.DefaultHistoryManager  - Current history level: NONE, level required: ACTIVITY
10:48:05,150 [main] DEBUG org.activiti.engine.impl.history.DefaultHistoryManager  - Current history level: NONE, level required: FULL
10:48:05,150 [main] DEBUG org.activiti.engine.impl.history.DefaultHistoryManager  - Current history level: NONE, level required: ACTIVITY
10:48:05,150 [main] DEBUG org.activiti.engine.impl.history.DefaultHistoryManager  - Current history level: NONE, level required: FULL
10:48:05,150 [main] DEBUG org.activiti.engine.impl.history.DefaultHistoryManager  - Current history level: NONE, level required: ACTIVITY
10:48:05,150 [main] DEBUG org.activiti.engine.impl.history.DefaultHistoryManager  - Current history level: NONE, level required: FULL
10:48:05,150 [main] DEBUG org.activiti.engine.impl.history.DefaultHistoryManager  - Current history level: NONE, level required: ACTIVITY
10:48:05,150 [main] DEBUG org.activiti.engine.impl.history.DefaultHistoryManager  - Current history level: NONE, level required: FULL
10:48:05,150 [main] DEBUG org.activiti.engine.impl.history.DefaultHistoryManager  - Current history level: NONE, level required: ACTIVITY
10:48:05,150 [main] DEBUG org.activiti.engine.impl.history.DefaultHistoryManager  - Current history level: NONE, level required: FULL
10:48:05,150 [main] DEBUG org.activiti.engine.impl.history.DefaultHistoryManager  - Current history level: NONE, level required: ACTIVITY
10:48:05,150 [main] DEBUG org.activiti.engine.impl.history.DefaultHistoryManager  - Current history level: NONE, level required: FULL
10:48:05,150 [main] DEBUG org.activiti.engine.impl.history.DefaultHistoryManager  - Current history level: NONE, level required: ACTIVITY
10:48:05,151 [main] DEBUG org.activiti.engine.impl.history.DefaultHistoryManager  - Current history level: NONE, level required: FULL
10:48:05,151 [main] DEBUG org.activiti.engine.impl.history.DefaultHistoryManager  - Current history level: NONE, level required: ACTIVITY
10:48:05,151 [main] DEBUG org.activiti.engine.impl.history.DefaultHistoryManager  - Current history level: NONE, level required: FULL
10:48:05,151 [main] DEBUG org.activiti.engine.impl.history.DefaultHistoryManager  - Current history level: NONE, level required: ACTIVITY
10:48:05,151 [main] DEBUG org.activiti.engine.impl.history.DefaultHistoryManager  - Current history level: NONE, level required: FULL
10:48:05,151 [main] DEBUG org.activiti.engine.impl.history.DefaultHistoryManager  - Current history level: NONE, level required: ACTIVITY
10:48:05,151 [main] DEBUG org.activiti.engine.impl.history.DefaultHistoryManager  - Current history level: NONE, level required: FULL
10:48:05,151 [main] DEBUG org.activiti.engine.impl.history.DefaultHistoryManager  - Current history level: NONE, level required: ACTIVITY
10:48:05,151 [main] DEBUG org.activiti.engine.impl.history.DefaultHistoryManager  - Current history level: NONE, level required: FULL
10:48:05,151 [main] DEBUG org.activiti.engine.impl.history.DefaultHistoryManager  - Current history level: NONE, level required: ACTIVITY
10:48:05,151 [main] DEBUG org.activiti.engine.impl.history.DefaultHistoryManager  - Current history level: NONE, level required: FULL
10:48:05,151 [main] DEBUG org.activiti.engine.impl.history.DefaultHistoryManager  - Current history level: NONE, level required: ACTIVITY
10:48:05,151 [main] DEBUG org.activiti.engine.impl.history.DefaultHistoryManager  - Current history level: NONE, level required: FULL
10:48:05,151 [main] DEBUG org.activiti.engine.impl.history.DefaultHistoryManager  - Current history level: NONE, level required: ACTIVITY
10:48:05,151 [main] DEBUG org.activiti.engine.impl.history.DefaultHistoryManager  - Current history level: NONE, level required: FULL
10:48:05,151 [main] DEBUG org.activiti.engine.impl.history.DefaultHistoryManager  - Current history level: NONE, level required: ACTIVITY
10:48:05,151 [main] DEBUG org.activiti.engine.impl.history.DefaultHistoryManager  - Current history level: NONE, level required: FULL
10:48:05,151 [main] DEBUG org.activiti.engine.impl.history.DefaultHistoryManager  - Current history level: NONE, level required: ACTIVITY
10:48:05,151 [main] DEBUG org.activiti.engine.impl.history.DefaultHistoryManager  - Current history level: NONE, level required: FULL
10:48:05,151 [main] DEBUG org.activiti.engine.impl.history.DefaultHistoryManager  - Current history level: NONE, level required: ACTIVITY
10:48:05,151 [main] DEBUG org.activiti.engine.impl.history.DefaultHistoryManager  - Current history level: NONE, level required: FULL
10:48:05,151 [main] DEBUG org.activiti.engine.impl.history.DefaultHistoryManager  - Current history level: NONE, level required: ACTIVITY
10:48:05,151 [main] DEBUG org.activiti.engine.impl.history.DefaultHistoryManager  - Current history level: NONE, level required: FULL
10:48:05,151 [main] DEBUG org.activiti.engine.impl.history.DefaultHistoryManager  - Current history level: NONE, level required: ACTIVITY
10:48:05,151 [main] DEBUG org.activiti.engine.impl.history.DefaultHistoryManager  - Current history level: NONE, level required: FULL
10:48:05,151 [main] DEBUG org.activiti.engine.impl.history.DefaultHistoryManager  - Current history level: NONE, level required: ACTIVITY
10:48:05,151 [main] DEBUG org.activiti.engine.impl.history.DefaultHistoryManager  - Current history level: NONE, level required: FULL
10:48:05,151 [main] DEBUG org.activiti.engine.impl.history.DefaultHistoryManager  - Current history level: NONE, level required: ACTIVITY
10:48:05,151 [main] DEBUG org.activiti.engine.impl.history.DefaultHistoryManager  - Current history level: NONE, level required: FULL
10:48:05,151 [main] DEBUG org.activiti.engine.impl.history.DefaultHistoryManager  - Current history level: NONE, level required: ACTIVITY
10:48:05,152 [main] DEBUG org.activiti.engine.impl.history.DefaultHistoryManager  - Current history level: NONE, level required: FULL
10:48:05,152 [main] DEBUG org.activiti.engine.impl.history.DefaultHistoryManager  - Current history level: NONE, level required: ACTIVITY
10:48:05,152 [main] DEBUG org.activiti.engine.impl.history.DefaultHistoryManager  - Current history level: NONE, level required: FULL
10:48:05,152 [main] DEBUG org.activiti.engine.impl.history.DefaultHistoryManager  - Current history level: NONE, level required: ACTIVITY
10:48:05,152 [main] DEBUG org.activiti.engine.impl.history.DefaultHistoryManager  - Current history level: NONE, level required: FULL
10:48:05,152 [main] DEBUG org.activiti.engine.impl.history.DefaultHistoryManager  - Current history level: NONE, level required: ACTIVITY
10:48:05,152 [main] DEBUG org.activiti.engine.impl.history.DefaultHistoryManager  - Current history level: NONE, level required: FULL
10:48:05,152 [main] DEBUG org.activiti.engine.impl.history.DefaultHistoryManager  - Current history level: NONE, level required: ACTIVITY
10:48:05,152 [main] DEBUG org.activiti.engine.impl.history.DefaultHistoryManager  - Current history level: NONE, level required: FULL
10:48:05,152 [main] DEBUG org.activiti.engine.impl.history.DefaultHistoryManager  - Current history level: NONE, level required: ACTIVITY
10:48:05,152 [main] DEBUG org.activiti.engine.impl.history.DefaultHistoryManager  - Current history level: NONE, level required: FULL
10:48:05,152 [main] DEBUG org.activiti.engine.impl.history.DefaultHistoryManager  - Current history level: NONE, level required: ACTIVITY
10:48:05,152 [main] DEBUG org.activiti.engine.impl.history.DefaultHistoryManager  - Current history level: NONE, level required: FULL
10:48:05,152 [main] DEBUG org.activiti.engine.impl.history.DefaultHistoryManager  - Current history level: NONE, level required: ACTIVITY
10:48:05,152 [main] DEBUG org.activiti.engine.impl.history.DefaultHistoryManager  - Current history level: NONE, level required: FULL
10:48:05,152 [main] DEBUG org.activiti.engine.impl.history.DefaultHistoryManager  - Current history level: NONE, level required: ACTIVITY
10:48:05,152 [main] DEBUG org.activiti.engine.impl.history.DefaultHistoryManager  - Current history level: NONE, level required: FULL
10:48:05,152 [main] DEBUG org.activiti.engine.impl.history.DefaultHistoryManager  - Current history level: NONE, level required: ACTIVITY
10:48:05,152 [main] DEBUG org.activiti.engine.impl.history.DefaultHistoryManager  - Current history level: NONE, level required: FULL
10:48:05,152 [main] DEBUG org.activiti.engine.impl.history.DefaultHistoryManager  - Current history level: NONE, level required: ACTIVITY
10:48:05,152 [main] DEBUG org.activiti.engine.impl.history.DefaultHistoryManager  - Current history level: NONE, level required: FULL
10:48:05,152 [main] DEBUG org.activiti.engine.impl.history.DefaultHistoryManager  - Current history level: NONE, level required: ACTIVITY
10:48:05,152 [main] DEBUG org.activiti.engine.impl.history.DefaultHistoryManager  - Current history level: NONE, level required: FULL
10:48:05,152 [main] DEBUG org.activiti.engine.impl.history.DefaultHistoryManager  - Current history level: NONE, level required: ACTIVITY
10:48:05,152 [main] DEBUG org.activiti.engine.impl.history.DefaultHistoryManager  - Current history level: NONE, level required: FULL
10:48:05,152 [main] DEBUG org.activiti.engine.impl.history.DefaultHistoryManager  - Current history level: NONE, level required: ACTIVITY
10:48:05,152 [main] DEBUG org.activiti.engine.impl.history.DefaultHistoryManager  - Current history level: NONE, level required: FULL
10:48:05,152 [main] DEBUG org.activiti.engine.impl.history.DefaultHistoryManager  - Current history level: NONE, level required: ACTIVITY
10:48:05,152 [main] DEBUG org.activiti.engine.impl.history.DefaultHistoryManager  - Current history level: NONE, level required: FULL
10:48:05,152 [main] DEBUG org.activiti.engine.impl.history.DefaultHistoryManager  - Current history level: NONE, level required: ACTIVITY
10:48:05,153 [main] DEBUG org.activiti.engine.impl.history.DefaultHistoryManager  - Current history level: NONE, level required: FULL
10:48:05,153 [main] DEBUG org.activiti.engine.impl.history.DefaultHistoryManager  - Current history level: NONE, level required: ACTIVITY
10:48:05,153 [main] DEBUG org.activiti.engine.impl.history.DefaultHistoryManager  - Current history level: NONE, level required: FULL
10:48:05,153 [main] DEBUG org.activiti.engine.impl.history.DefaultHistoryManager  - Current history level: NONE, level required: ACTIVITY
10:48:05,153 [main] DEBUG org.activiti.engine.impl.history.DefaultHistoryManager  - Current history level: NONE, level required: FULL
10:48:05,153 [main] DEBUG org.activiti.engine.impl.history.DefaultHistoryManager  - Current history level: NONE, level required: ACTIVITY
10:48:05,153 [main] DEBUG org.activiti.engine.impl.history.DefaultHistoryManager  - Current history level: NONE, level required: FULL
10:48:05,153 [main] DEBUG org.activiti.engine.impl.history.DefaultHistoryManager  - Current history level: NONE, level required: ACTIVITY
10:48:05,153 [main] DEBUG org.activiti.engine.impl.history.DefaultHistoryManager  - Current history level: NONE, level required: FULL
10:48:05,153 [main] DEBUG org.activiti.engine.impl.history.DefaultHistoryManager  - Current history level: NONE, level required: ACTIVITY
10:48:05,153 [main] DEBUG org.activiti.engine.impl.history.DefaultHistoryManager  - Current history level: NONE, level required: FULL
10:48:05,153 [main] DEBUG org.activiti.engine.impl.history.DefaultHistoryManager  - Current history level: NONE, level required: ACTIVITY
10:48:05,153 [main] DEBUG org.activiti.engine.impl.history.DefaultHistoryManager  - Current history level: NONE, level required: FULL
10:48:05,153 [main] DEBUG org.activiti.engine.impl.history.DefaultHistoryManager  - Current history level: NONE, level required: ACTIVITY
10:48:05,153 [main] DEBUG org.activiti.engine.impl.history.DefaultHistoryManager  - Current history level: NONE, level required: FULL
10:48:05,153 [main] DEBUG org.activiti.engine.impl.history.DefaultHistoryManager  - Current history level: NONE, level required: ACTIVITY
10:48:05,153 [main] DEBUG org.activiti.engine.impl.history.DefaultHistoryManager  - Current history level: NONE, level required: FULL
10:48:05,153 [main] DEBUG org.activiti.engine.impl.history.DefaultHistoryManager  - Current history level: NONE, level required: ACTIVITY
10:48:05,153 [main] DEBUG org.activiti.engine.impl.history.DefaultHistoryManager  - Current history level: NONE, level required: FULL
10:48:05,153 [main] DEBUG org.activiti.engine.impl.history.DefaultHistoryManager  - Current history level: NONE, level required: ACTIVITY
10:48:05,153 [main] DEBUG org.activiti.engine.impl.history.DefaultHistoryManager  - Current history level: NONE, level required: FULL
10:48:05,153 [main] DEBUG org.activiti.engine.impl.history.DefaultHistoryManager  - Current history level: NONE, level required: ACTIVITY
10:48:05,153 [main] DEBUG org.activiti.engine.impl.history.DefaultHistoryManager  - Current history level: NONE, level required: FULL
10:48:05,154 [main] DEBUG org.activiti.engine.impl.history.DefaultHistoryManager  - Current history level: NONE, level required: ACTIVITY
10:48:05,154 [main] DEBUG org.activiti.engine.impl.history.DefaultHistoryManager  - Current history level: NONE, level required: FULL
10:48:05,154 [main] DEBUG org.activiti.engine.impl.history.DefaultHistoryManager  - Current history level: NONE, level required: ACTIVITY
10:48:05,154 [main] DEBUG org.activiti.engine.impl.history.DefaultHistoryManager  - Current history level: NONE, level required: FULL
10:48:05,154 [main] DEBUG org.activiti.engine.impl.history.DefaultHistoryManager  - Current history level: NONE, level required: ACTIVITY
10:48:05,154 [main] DEBUG org.activiti.engine.impl.history.DefaultHistoryManager  - Current history level: NONE, level required: FULL
10:48:05,154 [main] DEBUG org.activiti.engine.impl.history.DefaultHistoryManager  - Current history level: NONE, level required: ACTIVITY
10:48:05,154 [main] DEBUG org.activiti.engine.impl.history.DefaultHistoryManager  - Current history level: NONE, level required: FULL
10:48:05,154 [main] DEBUG org.activiti.engine.impl.history.DefaultHistoryManager  - Current history level: NONE, level required: ACTIVITY
10:48:05,154 [main] DEBUG org.activiti.engine.impl.history.DefaultHistoryManager  - Current history level: NONE, level required: FULL
10:48:05,154 [main] DEBUG org.activiti.engine.impl.history.DefaultHistoryManager  - Current history level: NONE, level required: ACTIVITY
10:48:05,154 [main] DEBUG org.activiti.engine.impl.history.DefaultHistoryManager  - Current history level: NONE, level required: FULL
10:48:05,154 [main] DEBUG org.activiti.engine.impl.history.DefaultHistoryManager  - Current history level: NONE, level required: ACTIVITY
10:48:05,154 [main] DEBUG org.activiti.engine.impl.history.DefaultHistoryManager  - Current history level: NONE, level required: FULL
10:48:05,154 [main] DEBUG org.activiti.engine.impl.history.DefaultHistoryManager  - Current history level: NONE, level required: ACTIVITY
10:48:05,154 [main] DEBUG org.activiti.engine.impl.history.DefaultHistoryManager  - Current history level: NONE, level required: FULL
10:48:05,154 [main] DEBUG org.activiti.engine.impl.history.DefaultHistoryManager  - Current history level: NONE, level required: ACTIVITY
10:48:05,154 [main] DEBUG org.activiti.engine.impl.history.DefaultHistoryManager  - Current history level: NONE, level required: FULL
10:48:05,154 [main] DEBUG org.activiti.engine.impl.history.DefaultHistoryManager  - Current history level: NONE, level required: ACTIVITY
10:48:05,154 [main] DEBUG org.activiti.engine.impl.history.DefaultHistoryManager  - Current history level: NONE, level required: FULL
10:48:05,154 [main] DEBUG org.activiti.engine.impl.history.DefaultHistoryManager  - Current history level: NONE, level required: ACTIVITY
10:48:05,154 [main] DEBUG org.activiti.engine.impl.history.DefaultHistoryManager  - Current history level: NONE, level required: FULL
10:48:05,154 [main] DEBUG org.activiti.engine.impl.history.DefaultHistoryManager  - Current history level: NONE, level required: ACTIVITY
10:48:05,154 [main] DEBUG org.activiti.engine.impl.history.DefaultHistoryManager  - Current history level: NONE, level required: FULL
10:48:05,155 [main] DEBUG org.activiti.engine.impl.history.DefaultHistoryManager  - Current history level: NONE, level required: ACTIVITY
10:48:05,155 [main] DEBUG org.activiti.engine.impl.history.DefaultHistoryManager  - Current history level: NONE, level required: FULL
10:48:05,155 [main] DEBUG org.activiti.engine.impl.history.DefaultHistoryManager  - Current history level: NONE, level required: ACTIVITY
10:48:05,155 [main] DEBUG org.activiti.engine.impl.history.DefaultHistoryManager  - Current history level: NONE, level required: FULL
10:48:05,155 [main] DEBUG org.activiti.engine.impl.history.DefaultHistoryManager  - Current history level: NONE, level required: ACTIVITY
10:48:05,155 [main] DEBUG org.activiti.engine.impl.history.DefaultHistoryManager  - Current history level: NONE, level required: FULL
10:48:05,155 [main] DEBUG org.activiti.engine.impl.history.DefaultHistoryManager  - Current history level: NONE, level required: ACTIVITY
10:48:05,155 [main] DEBUG org.activiti.engine.impl.history.DefaultHistoryManager  - Current history level: NONE, level required: FULL
10:48:05,155 [main] DEBUG org.activiti.engine.impl.history.DefaultHistoryManager  - Current history level: NONE, level required: ACTIVITY
10:48:05,155 [main] DEBUG org.activiti.engine.impl.history.DefaultHistoryManager  - Current history level: NONE, level required: FULL
10:48:05,155 [main] DEBUG org.activiti.engine.impl.history.DefaultHistoryManager  - Current history level: NONE, level required: ACTIVITY
10:48:05,155 [main] DEBUG org.activiti.engine.impl.history.DefaultHistoryManager  - Current history level: NONE, level required: FULL
10:48:05,155 [main] DEBUG org.activiti.engine.impl.history.DefaultHistoryManager  - Current history level: NONE, level required: ACTIVITY
10:48:05,155 [main] DEBUG org.activiti.engine.impl.history.DefaultHistoryManager  - Current history level: NONE, level required: FULL
10:48:05,155 [main] DEBUG org.activiti.engine.impl.history.DefaultHistoryManager  - Current history level: NONE, level required: ACTIVITY
10:48:05,155 [main] DEBUG org.activiti.engine.impl.history.DefaultHistoryManager  - Current history level: NONE, level required: FULL
10:48:05,155 [main] DEBUG org.activiti.engine.impl.history.DefaultHistoryManager  - Current history level: NONE, level required: ACTIVITY
10:48:05,155 [main] DEBUG org.activiti.engine.impl.history.DefaultHistoryManager  - Current history level: NONE, level required: FULL
10:48:05,155 [main] DEBUG org.activiti.engine.impl.history.DefaultHistoryManager  - Current history level: NONE, level required: ACTIVITY
10:48:05,155 [main] DEBUG org.activiti.engine.impl.history.DefaultHistoryManager  - Current history level: NONE, level required: FULL
10:48:05,155 [main] DEBUG org.activiti.engine.impl.history.DefaultHistoryManager  - Current history level: NONE, level required: ACTIVITY
10:48:05,155 [main] DEBUG org.activiti.engine.impl.history.DefaultHistoryManager  - Current history level: NONE, level required: FULL
10:48:05,155 [main] DEBUG org.activiti.engine.impl.history.DefaultHistoryManager  - Current history level: NONE, level required: ACTIVITY
10:48:05,155 [main] DEBUG org.activiti.engine.impl.history.DefaultHistoryManager  - Current history level: NONE, level required: FULL
10:48:05,155 [main] DEBUG org.activiti.engine.impl.history.DefaultHistoryManager  - Current history level: NONE, level required: ACTIVITY
10:48:05,155 [main] DEBUG org.activiti.engine.impl.history.DefaultHistoryManager  - Current history level: NONE, level required: FULL
10:48:05,155 [main] DEBUG org.activiti.engine.impl.history.DefaultHistoryManager  - Current history level: NONE, level required: ACTIVITY
10:48:05,155 [main] DEBUG org.activiti.engine.impl.history.DefaultHistoryManager  - Current history level: NONE, level required: FULL
10:48:05,155 [main] DEBUG org.activiti.engine.impl.history.DefaultHistoryManager  - Current history level: NONE, level required: ACTIVITY
10:48:05,155 [main] DEBUG org.activiti.engine.impl.history.DefaultHistoryManager  - Current history level: NONE, level required: FULL
10:48:05,156 [main] DEBUG org.activiti.engine.impl.history.DefaultHistoryManager  - Current history level: NONE, level required: ACTIVITY
10:48:05,156 [main] DEBUG org.activiti.engine.impl.history.DefaultHistoryManager  - Current history level: NONE, level required: FULL
10:48:05,156 [main] DEBUG org.activiti.engine.impl.history.DefaultHistoryManager  - Current history level: NONE, level required: ACTIVITY
10:48:05,156 [main] DEBUG org.activiti.engine.impl.history.DefaultHistoryManager  - Current history level: NONE, level required: FULL
10:48:05,156 [main] DEBUG org.activiti.engine.impl.history.DefaultHistoryManager  - Current history level: NONE, level required: ACTIVITY
10:48:05,156 [main] DEBUG org.activiti.engine.impl.history.DefaultHistoryManager  - Current history level: NONE, level required: FULL
10:48:05,156 [main] DEBUG org.activiti.engine.impl.history.DefaultHistoryManager  - Current history level: NONE, level required: ACTIVITY
10:48:05,156 [main] DEBUG org.activiti.engine.impl.history.DefaultHistoryManager  - Current history level: NONE, level required: FULL
10:48:05,156 [main] DEBUG org.activiti.engine.impl.history.DefaultHistoryManager  - Current history level: NONE, level required: ACTIVITY
10:48:05,156 [main] DEBUG org.activiti.engine.impl.history.DefaultHistoryManager  - Current history level: NONE, level required: FULL
10:48:05,156 [main] DEBUG org.activiti.engine.impl.history.DefaultHistoryManager  - Current history level: NONE, level required: ACTIVITY
10:48:05,156 [main] DEBUG org.activiti.engine.impl.history.DefaultHistoryManager  - Current history level: NONE, level required: FULL
10:48:05,156 [main] DEBUG org.activiti.engine.impl.history.DefaultHistoryManager  - Current history level: NONE, level required: ACTIVITY
10:48:05,156 [main] DEBUG org.activiti.engine.impl.history.DefaultHistoryManager  - Current history level: NONE, level required: FULL
10:48:05,156 [main] DEBUG org.activiti.engine.impl.history.DefaultHistoryManager  - Current history level: NONE, level required: ACTIVITY
10:48:05,156 [main] DEBUG org.activiti.engine.impl.history.DefaultHistoryManager  - Current history level: NONE, level required: FULL
10:48:05,156 [main] DEBUG org.activiti.engine.impl.history.DefaultHistoryManager  - Current history level: NONE, level required: ACTIVITY
10:48:05,156 [main] DEBUG org.activiti.engine.impl.history.DefaultHistoryManager  - Current history level: NONE, level required: FULL
10:48:05,156 [main] DEBUG org.activiti.engine.impl.history.DefaultHistoryManager  - Current history level: NONE, level required: ACTIVITY
10:48:05,156 [main] DEBUG org.activiti.engine.impl.history.DefaultHistoryManager  - Current history level: NONE, level required: FULL
10:48:05,156 [main] DEBUG org.activiti.engine.impl.history.DefaultHistoryManager  - Current history level: NONE, level required: ACTIVITY
10:48:05,156 [main] DEBUG org.activiti.engine.impl.history.DefaultHistoryManager  - Current history level: NONE, level required: FULL
10:48:05,156 [main] DEBUG org.activiti.engine.impl.history.DefaultHistoryManager  - Current history level: NONE, level required: ACTIVITY
10:48:05,156 [main] DEBUG org.activiti.engine.impl.history.DefaultHistoryManager  - Current history level: NONE, level required: FULL
10:48:05,156 [main] DEBUG org.activiti.engine.impl.history.DefaultHistoryManager  - Current history level: NONE, level required: ACTIVITY
10:48:05,156 [main] DEBUG org.activiti.engine.impl.history.DefaultHistoryManager  - Current history level: NONE, level required: FULL
10:48:05,156 [main] DEBUG org.activiti.engine.impl.history.DefaultHistoryManager  - Current history level: NONE, level required: ACTIVITY
10:48:05,156 [main] DEBUG org.activiti.engine.impl.history.DefaultHistoryManager  - Current history level: NONE, level required: FULL
10:48:05,157 [main] DEBUG org.activiti.engine.impl.history.DefaultHistoryManager  - Current history level: NONE, level required: ACTIVITY
10:48:05,157 [main] DEBUG org.activiti.engine.impl.history.DefaultHistoryManager  - Current history level: NONE, level required: FULL
10:48:05,157 [main] DEBUG org.activiti.engine.impl.history.DefaultHistoryManager  - Current history level: NONE, level required: ACTIVITY
10:48:05,157 [main] DEBUG org.activiti.engine.impl.history.DefaultHistoryManager  - Current history level: NONE, level required: FULL
10:48:05,157 [main] DEBUG org.activiti.engine.impl.history.DefaultHistoryManager  - Current history level: NONE, level required: ACTIVITY
10:48:05,157 [main] DEBUG org.activiti.engine.impl.history.DefaultHistoryManager  - Current history level: NONE, level required: FULL
10:48:05,157 [main] DEBUG org.activiti.engine.impl.history.DefaultHistoryManager  - Current history level: NONE, level required: ACTIVITY
10:48:05,157 [main] DEBUG org.activiti.engine.impl.history.DefaultHistoryManager  - Current history level: NONE, level required: FULL
10:48:05,157 [main] DEBUG org.activiti.engine.impl.history.DefaultHistoryManager  - Current history level: NONE, level required: ACTIVITY
10:48:05,157 [main] DEBUG org.activiti.engine.impl.history.DefaultHistoryManager  - Current history level: NONE, level required: FULL
10:48:05,157 [main] DEBUG org.activiti.engine.impl.history.DefaultHistoryManager  - Current history level: NONE, level required: ACTIVITY
10:48:05,157 [main] DEBUG org.activiti.engine.impl.history.DefaultHistoryManager  - Current history level: NONE, level required: FULL
10:48:05,157 [main] DEBUG org.activiti.engine.impl.history.DefaultHistoryManager  - Current history level: NONE, level required: ACTIVITY
10:48:05,157 [main] DEBUG org.activiti.engine.impl.history.DefaultHistoryManager  - Current history level: NONE, level required: FULL
10:48:05,157 [main] DEBUG org.activiti.engine.impl.history.DefaultHistoryManager  - Current history level: NONE, level required: ACTIVITY
10:48:05,157 [main] DEBUG org.activiti.engine.impl.history.DefaultHistoryManager  - Current history level: NONE, level required: FULL
10:48:05,157 [main] DEBUG org.activiti.engine.impl.history.DefaultHistoryManager  - Current history level: NONE, level required: ACTIVITY
10:48:05,157 [main] DEBUG org.activiti.engine.impl.history.DefaultHistoryManager  - Current history level: NONE, level required: FULL
10:48:05,157 [main] DEBUG org.activiti.engine.impl.history.DefaultHistoryManager  - Current history level: NONE, level required: ACTIVITY
10:48:05,157 [main] DEBUG org.activiti.engine.impl.history.DefaultHistoryManager  - Current history level: NONE, level required: FULL
10:48:05,157 [main] DEBUG org.activiti.engine.impl.history.DefaultHistoryManager  - Current history level: NONE, level required: ACTIVITY
10:48:05,157 [main] DEBUG org.activiti.engine.impl.history.DefaultHistoryManager  - Current history level: NONE, level required: FULL
10:48:05,157 [main] DEBUG org.activiti.engine.impl.history.DefaultHistoryManager  - Current history level: NONE, level required: ACTIVITY
10:48:05,157 [main] DEBUG org.activiti.engine.impl.history.DefaultHistoryManager  - Current history level: NONE, level required: FULL
10:48:05,157 [main] DEBUG org.activiti.engine.impl.history.DefaultHistoryManager  - Current history level: NONE, level required: ACTIVITY
10:48:05,157 [main] DEBUG org.activiti.engine.impl.history.DefaultHistoryManager  - Current history level: NONE, level required: FULL
10:48:05,157 [main] DEBUG org.activiti.engine.impl.history.DefaultHistoryManager  - Current history level: NONE, level required: ACTIVITY
10:48:05,157 [main] DEBUG org.activiti.engine.impl.history.DefaultHistoryManager  - Current history level: NONE, level required: FULL
10:48:05,157 [main] DEBUG org.activiti.engine.impl.history.DefaultHistoryManager  - Current history level: NONE, level required: ACTIVITY
10:48:05,157 [main] DEBUG org.activiti.engine.impl.history.DefaultHistoryManager  - Current history level: NONE, level required: FULL
10:48:05,158 [main] DEBUG org.activiti.engine.impl.history.DefaultHistoryManager  - Current history level: NONE, level required: ACTIVITY
10:48:05,158 [main] DEBUG org.activiti.engine.impl.history.DefaultHistoryManager  - Current history level: NONE, level required: FULL
10:48:05,158 [main] DEBUG org.activiti.engine.impl.history.DefaultHistoryManager  - Current history level: NONE, level required: ACTIVITY
10:48:05,158 [main] DEBUG org.activiti.engine.impl.history.DefaultHistoryManager  - Current history level: NONE, level required: FULL
10:48:05,158 [main] DEBUG org.activiti.engine.impl.history.DefaultHistoryManager  - Current history level: NONE, level required: ACTIVITY
10:48:05,158 [main] DEBUG org.activiti.engine.impl.history.DefaultHistoryManager  - Current history level: NONE, level required: FULL
10:48:05,158 [main] DEBUG org.activiti.engine.impl.history.DefaultHistoryManager  - Current history level: NONE, level required: ACTIVITY
10:48:05,158 [main] DEBUG org.activiti.engine.impl.history.DefaultHistoryManager  - Current history level: NONE, level required: FULL
10:48:05,158 [main] DEBUG org.activiti.engine.impl.history.DefaultHistoryManager  - Current history level: NONE, level required: ACTIVITY
10:48:05,158 [main] DEBUG org.activiti.engine.impl.history.DefaultHistoryManager  - Current history level: NONE, level required: FULL
10:48:05,158 [main] DEBUG org.activiti.engine.impl.history.DefaultHistoryManager  - Current history level: NONE, level required: ACTIVITY
10:48:05,158 [main] DEBUG org.activiti.engine.impl.history.DefaultHistoryManager  - Current history level: NONE, level required: FULL
10:48:05,158 [main] DEBUG org.activiti.engine.impl.history.DefaultHistoryManager  - Current history level: NONE, level required: ACTIVITY
10:48:05,158 [main] DEBUG org.activiti.engine.impl.history.DefaultHistoryManager  - Current history level: NONE, level required: FULL
10:48:05,158 [main] DEBUG org.activiti.engine.impl.history.DefaultHistoryManager  - Current history level: NONE, level required: ACTIVITY
10:48:05,158 [main] DEBUG org.activiti.engine.impl.history.DefaultHistoryManager  - Current history level: NONE, level required: FULL
10:48:05,158 [main] DEBUG org.activiti.engine.impl.history.DefaultHistoryManager  - Current history level: NONE, level required: ACTIVITY
10:48:05,158 [main] DEBUG org.activiti.engine.impl.history.DefaultHistoryManager  - Current history level: NONE, level required: FULL
10:48:05,158 [main] DEBUG org.activiti.engine.impl.history.DefaultHistoryManager  - Current history level: NONE, level required: ACTIVITY
10:48:05,158 [main] DEBUG org.activiti.engine.impl.history.DefaultHistoryManager  - Current history level: NONE, level required: FULL
10:48:05,158 [main] DEBUG org.activiti.engine.impl.history.DefaultHistoryManager  - Current history level: NONE, level required: ACTIVITY
10:48:05,158 [main] DEBUG org.activiti.engine.impl.history.DefaultHistoryManager  - Current history level: NONE, level required: FULL
10:48:05,158 [main] DEBUG org.activiti.engine.impl.history.DefaultHistoryManager  - Current history level: NONE, level required: ACTIVITY
10:48:05,158 [main] DEBUG org.activiti.engine.impl.history.DefaultHistoryManager  - Current history level: NONE, level required: FULL
10:48:05,158 [main] DEBUG org.activiti.engine.impl.history.DefaultHistoryManager  - Current history level: NONE, level required: ACTIVITY
10:48:05,158 [main] DEBUG org.activiti.engine.impl.history.DefaultHistoryManager  - Current history level: NONE, level required: FULL
10:48:05,158 [main] DEBUG org.activiti.engine.impl.history.DefaultHistoryManager  - Current history level: NONE, level required: ACTIVITY
10:48:05,159 [main] DEBUG org.activiti.engine.impl.history.DefaultHistoryManager  - Current history level: NONE, level required: FULL
10:48:05,159 [main] DEBUG org.activiti.engine.impl.history.DefaultHistoryManager  - Current history level: NONE, level required: ACTIVITY
10:48:05,159 [main] DEBUG org.activiti.engine.impl.history.DefaultHistoryManager  - Current history level: NONE, level required: FULL
10:48:05,159 [main] DEBUG org.activiti.engine.impl.history.DefaultHistoryManager  - Current history level: NONE, level required: ACTIVITY
10:48:05,159 [main] DEBUG org.activiti.engine.impl.history.DefaultHistoryManager  - Current history level: NONE, level required: FULL
10:48:05,159 [main] DEBUG org.activiti.engine.impl.history.DefaultHistoryManager  - Current history level: NONE, level required: ACTIVITY
10:48:05,159 [main] DEBUG org.activiti.engine.impl.history.DefaultHistoryManager  - Current history level: NONE, level required: FULL
10:48:05,159 [main] DEBUG org.activiti.engine.impl.history.DefaultHistoryManager  - Current history level: NONE, level required: ACTIVITY
10:48:05,159 [main] DEBUG org.activiti.engine.impl.history.DefaultHistoryManager  - Current history level: NONE, level required: FULL
10:48:05,159 [main] DEBUG org.activiti.engine.impl.history.DefaultHistoryManager  - Current history level: NONE, level required: ACTIVITY
10:48:05,159 [main] DEBUG org.activiti.engine.impl.history.DefaultHistoryManager  - Current history level: NONE, level required: FULL
10:48:05,159 [main] DEBUG org.activiti.engine.impl.history.DefaultHistoryManager  - Current history level: NONE, level required: ACTIVITY
10:48:05,159 [main] DEBUG org.activiti.engine.impl.history.DefaultHistoryManager  - Current history level: NONE, level required: FULL
10:48:05,159 [main] DEBUG org.activiti.engine.impl.history.DefaultHistoryManager  - Current history level: NONE, level required: ACTIVITY
10:48:05,159 [main] DEBUG org.activiti.engine.impl.history.DefaultHistoryManager  - Current history level: NONE, level required: FULL
10:48:05,159 [main] DEBUG org.activiti.engine.impl.history.DefaultHistoryManager  - Current history level: NONE, level required: ACTIVITY
10:48:05,159 [main] DEBUG org.activiti.engine.impl.history.DefaultHistoryManager  - Current history level: NONE, level required: FULL
10:48:05,159 [main] DEBUG org.activiti.engine.impl.history.DefaultHistoryManager  - Current history level: NONE, level required: ACTIVITY
10:48:05,159 [main] DEBUG org.activiti.engine.impl.history.DefaultHistoryManager  - Current history level: NONE, level required: FULL
10:48:05,159 [main] DEBUG org.activiti.engine.impl.history.DefaultHistoryManager  - Current history level: NONE, level required: ACTIVITY
10:48:05,159 [main] DEBUG org.activiti.engine.impl.history.DefaultHistoryManager  - Current history level: NONE, level required: FULL
10:48:05,159 [main] DEBUG org.activiti.engine.impl.history.DefaultHistoryManager  - Current history level: NONE, level required: ACTIVITY
10:48:05,159 [main] DEBUG org.activiti.engine.impl.history.DefaultHistoryManager  - Current history level: NONE, level required: FULL
10:48:05,159 [main] DEBUG org.activiti.engine.impl.history.DefaultHistoryManager  - Current history level: NONE, level required: ACTIVITY
10:48:05,159 [main] DEBUG org.activiti.engine.impl.history.DefaultHistoryManager  - Current history level: NONE, level required: FULL
10:48:05,159 [main] DEBUG org.activiti.engine.impl.history.DefaultHistoryManager  - Current history level: NONE, level required: ACTIVITY
10:48:05,159 [main] DEBUG org.activiti.engine.impl.history.DefaultHistoryManager  - Current history level: NONE, level required: FULL
10:48:05,159 [main] DEBUG org.activiti.engine.impl.history.DefaultHistoryManager  - Current history level: NONE, level required: ACTIVITY
10:48:05,159 [main] DEBUG org.activiti.engine.impl.history.DefaultHistoryManager  - Current history level: NONE, level required: FULL
10:48:05,159 [main] DEBUG org.activiti.engine.impl.history.DefaultHistoryManager  - Current history level: NONE, level required: ACTIVITY
10:48:05,159 [main] DEBUG org.activiti.engine.impl.history.DefaultHistoryManager  - Current history level: NONE, level required: FULL
10:48:05,159 [main] DEBUG org.activiti.engine.impl.history.DefaultHistoryManager  - Current history level: NONE, level required: ACTIVITY
10:48:05,159 [main] DEBUG org.activiti.engine.impl.history.DefaultHistoryManager  - Current history level: NONE, level required: FULL
10:48:05,159 [main] DEBUG org.activiti.engine.impl.history.DefaultHistoryManager  - Current history level: NONE, level required: ACTIVITY
10:48:05,159 [main] DEBUG org.activiti.engine.impl.history.DefaultHistoryManager  - Current history level: NONE, level required: FULL
10:48:05,159 [main] DEBUG org.activiti.engine.impl.history.DefaultHistoryManager  - Current history level: NONE, level required: ACTIVITY
10:48:05,159 [main] DEBUG org.activiti.engine.impl.history.DefaultHistoryManager  - Current history level: NONE, level required: FULL
10:48:05,160 [main] DEBUG org.activiti.engine.impl.history.DefaultHistoryManager  - Current history level: NONE, level required: ACTIVITY
10:48:05,160 [main] DEBUG org.activiti.engine.impl.history.DefaultHistoryManager  - Current history level: NONE, level required: FULL
10:48:05,160 [main] DEBUG org.activiti.engine.impl.history.DefaultHistoryManager  - Current history level: NONE, level required: ACTIVITY
10:48:05,160 [main] DEBUG org.activiti.engine.impl.history.DefaultHistoryManager  - Current history level: NONE, level required: FULL
10:48:05,160 [main] DEBUG org.activiti.engine.impl.history.DefaultHistoryManager  - Current history level: NONE, level required: ACTIVITY
10:48:05,160 [main] DEBUG org.activiti.engine.impl.history.DefaultHistoryManager  - Current history level: NONE, level required: FULL
10:48:05,160 [main] DEBUG org.activiti.engine.impl.history.DefaultHistoryManager  - Current history level: NONE, level required: ACTIVITY
10:48:05,160 [main] DEBUG org.activiti.engine.impl.history.DefaultHistoryManager  - Current history level: NONE, level required: FULL
10:48:05,160 [main] DEBUG org.activiti.engine.impl.history.DefaultHistoryManager  - Current history level: NONE, level required: ACTIVITY
10:48:05,160 [main] DEBUG org.activiti.engine.impl.history.DefaultHistoryManager  - Current history level: NONE, level required: FULL
10:48:05,160 [main] DEBUG org.activiti.engine.impl.history.DefaultHistoryManager  - Current history level: NONE, level required: ACTIVITY
10:48:05,160 [main] DEBUG org.activiti.engine.impl.history.DefaultHistoryManager  - Current history level: NONE, level required: FULL
10:48:05,160 [main] DEBUG org.activiti.engine.impl.history.DefaultHistoryManager  - Current history level: NONE, level required: ACTIVITY
10:48:05,160 [main] DEBUG org.activiti.engine.impl.history.DefaultHistoryManager  - Current history level: NONE, level required: FULL
10:48:05,160 [main] DEBUG org.activiti.engine.impl.history.DefaultHistoryManager  - Current history level: NONE, level required: ACTIVITY
10:48:05,160 [main] DEBUG org.activiti.engine.impl.history.DefaultHistoryManager  - Current history level: NONE, level required: FULL
10:48:05,160 [main] DEBUG org.activiti.engine.impl.history.DefaultHistoryManager  - Current history level: NONE, level required: ACTIVITY
10:48:05,160 [main] DEBUG org.activiti.engine.impl.history.DefaultHistoryManager  - Current history level: NONE, level required: FULL
10:48:05,160 [main] DEBUG org.activiti.engine.impl.history.DefaultHistoryManager  - Current history level: NONE, level required: ACTIVITY
10:48:05,160 [main] DEBUG org.activiti.engine.impl.history.DefaultHistoryManager  - Current history level: NONE, level required: FULL
10:48:05,160 [main] DEBUG org.activiti.engine.impl.history.DefaultHistoryManager  - Current history level: NONE, level required: ACTIVITY
10:48:05,160 [main] DEBUG org.activiti.engine.impl.history.DefaultHistoryManager  - Current history level: NONE, level required: FULL
10:48:05,160 [main] DEBUG org.activiti.engine.impl.history.DefaultHistoryManager  - Current history level: NONE, level required: ACTIVITY
10:48:05,160 [main] DEBUG org.activiti.engine.impl.history.DefaultHistoryManager  - Current history level: NONE, level required: FULL
10:48:05,160 [main] DEBUG org.activiti.engine.impl.history.DefaultHistoryManager  - Current history level: NONE, level required: ACTIVITY
10:48:05,160 [main] DEBUG org.activiti.engine.impl.history.DefaultHistoryManager  - Current history level: NONE, level required: FULL
10:48:05,160 [main] DEBUG org.activiti.engine.impl.history.DefaultHistoryManager  - Current history level: NONE, level required: ACTIVITY
10:48:05,160 [main] DEBUG org.activiti.engine.impl.history.DefaultHistoryManager  - Current history level: NONE, level required: FULL
10:48:05,160 [main] DEBUG org.activiti.engine.impl.history.DefaultHistoryManager  - Current history level: NONE, level required: ACTIVITY
10:48:05,160 [main] DEBUG org.activiti.engine.impl.history.DefaultHistoryManager  - Current history level: NONE, level required: FULL
10:48:05,160 [main] DEBUG org.activiti.engine.impl.history.DefaultHistoryManager  - Current history level: NONE, level required: ACTIVITY
10:48:05,160 [main] DEBUG org.activiti.engine.impl.history.DefaultHistoryManager  - Current history level: NONE, level required: FULL
10:48:05,160 [main] DEBUG org.activiti.engine.impl.history.DefaultHistoryManager  - Current history level: NONE, level required: ACTIVITY
10:48:05,160 [main] DEBUG org.activiti.engine.impl.history.DefaultHistoryManager  - Current history level: NONE, level required: FULL
10:48:05,160 [main] DEBUG org.activiti.engine.impl.history.DefaultHistoryManager  - Current history level: NONE, level required: ACTIVITY
10:48:05,160 [main] DEBUG org.activiti.engine.impl.history.DefaultHistoryManager  - Current history level: NONE, level required: FULL
10:48:05,160 [main] DEBUG org.activiti.engine.impl.history.DefaultHistoryManager  - Current history level: NONE, level required: ACTIVITY
10:48:05,160 [main] DEBUG org.activiti.engine.impl.history.DefaultHistoryManager  - Current history level: NONE, level required: FULL
10:48:05,160 [main] DEBUG org.activiti.engine.impl.history.DefaultHistoryManager  - Current history level: NONE, level required: ACTIVITY
10:48:05,160 [main] DEBUG org.activiti.engine.impl.history.DefaultHistoryManager  - Current history level: NONE, level required: FULL
10:48:05,160 [main] DEBUG org.activiti.engine.impl.history.DefaultHistoryManager  - Current history level: NONE, level required: ACTIVITY
10:48:05,160 [main] DEBUG org.activiti.engine.impl.history.DefaultHistoryManager  - Current history level: NONE, level required: FULL
10:48:05,160 [main] DEBUG org.activiti.engine.impl.history.DefaultHistoryManager  - Current history level: NONE, level required: ACTIVITY
10:48:05,160 [main] DEBUG org.activiti.engine.impl.history.DefaultHistoryManager  - Current history level: NONE, level required: FULL
10:48:05,161 [main] DEBUG org.activiti.engine.impl.history.DefaultHistoryManager  - Current history level: NONE, level required: ACTIVITY
10:48:05,161 [main] DEBUG org.activiti.engine.impl.history.DefaultHistoryManager  - Current history level: NONE, level required: FULL
10:48:05,161 [main] DEBUG org.activiti.engine.impl.history.DefaultHistoryManager  - Current history level: NONE, level required: ACTIVITY
10:48:05,161 [main] DEBUG org.activiti.engine.impl.history.DefaultHistoryManager  - Current history level: NONE, level required: FULL
10:48:05,161 [main] DEBUG org.activiti.engine.impl.history.DefaultHistoryManager  - Current history level: NONE, level required: ACTIVITY
10:48:05,161 [main] DEBUG org.activiti.engine.impl.history.DefaultHistoryManager  - Current history level: NONE, level required: FULL
10:48:05,161 [main] DEBUG org.activiti.engine.impl.history.DefaultHistoryManager  - Current history level: NONE, level required: ACTIVITY
10:48:05,161 [main] DEBUG org.activiti.engine.impl.history.DefaultHistoryManager  - Current history level: NONE, level required: FULL
10:48:05,161 [main] DEBUG org.activiti.engine.impl.history.DefaultHistoryManager  - Current history level: NONE, level required: ACTIVITY
10:48:05,161 [main] DEBUG org.activiti.engine.impl.history.DefaultHistoryManager  - Current history level: NONE, level required: FULL
10:48:05,161 [main] DEBUG org.activiti.engine.impl.history.DefaultHistoryManager  - Current history level: NONE, level required: ACTIVITY
10:48:05,161 [main] DEBUG org.activiti.engine.impl.history.DefaultHistoryManager  - Current history level: NONE, level required: FULL
10:48:05,161 [main] DEBUG org.activiti.engine.impl.history.DefaultHistoryManager  - Current history level: NONE, level required: ACTIVITY
10:48:05,161 [main] DEBUG org.activiti.engine.impl.history.DefaultHistoryManager  - Current history level: NONE, level required: FULL
10:48:05,161 [main] DEBUG org.activiti.engine.impl.history.DefaultHistoryManager  - Current history level: NONE, level required: ACTIVITY
10:48:05,161 [main] DEBUG org.activiti.engine.impl.history.DefaultHistoryManager  - Current history level: NONE, level required: FULL
10:48:05,161 [main] DEBUG org.activiti.engine.impl.history.DefaultHistoryManager  - Current history level: NONE, level required: ACTIVITY
10:48:05,161 [main] DEBUG org.activiti.engine.impl.history.DefaultHistoryManager  - Current history level: NONE, level required: FULL
10:48:05,161 [main] DEBUG org.activiti.engine.impl.history.DefaultHistoryManager  - Current history level: NONE, level required: ACTIVITY
10:48:05,161 [main] DEBUG org.activiti.engine.impl.history.DefaultHistoryManager  - Current history level: NONE, level required: FULL
10:48:05,161 [main] DEBUG org.activiti.engine.impl.history.DefaultHistoryManager  - Current history level: NONE, level required: ACTIVITY
10:48:05,161 [main] DEBUG org.activiti.engine.impl.history.DefaultHistoryManager  - Current history level: NONE, level required: FULL
10:48:05,161 [main] DEBUG org.activiti.engine.impl.history.DefaultHistoryManager  - Current history level: NONE, level required: ACTIVITY
10:48:05,161 [main] DEBUG org.activiti.engine.impl.history.DefaultHistoryManager  - Current history level: NONE, level required: FULL
10:48:05,161 [main] DEBUG org.activiti.engine.impl.history.DefaultHistoryManager  - Current history level: NONE, level required: ACTIVITY
10:48:05,161 [main] DEBUG org.activiti.engine.impl.history.DefaultHistoryManager  - Current history level: NONE, level required: FULL
10:48:05,161 [main] DEBUG org.activiti.engine.impl.history.DefaultHistoryManager  - Current history level: NONE, level required: ACTIVITY
10:48:05,161 [main] DEBUG org.activiti.engine.impl.history.DefaultHistoryManager  - Current history level: NONE, level required: FULL
10:48:05,161 [main] DEBUG org.activiti.engine.impl.history.DefaultHistoryManager  - Current history level: NONE, level required: ACTIVITY
10:48:05,161 [main] DEBUG org.activiti.engine.impl.history.DefaultHistoryManager  - Current history level: NONE, level required: FULL
10:48:05,161 [main] DEBUG org.activiti.engine.impl.history.DefaultHistoryManager  - Current history level: NONE, level required: ACTIVITY
10:48:05,161 [main] DEBUG org.activiti.engine.impl.history.DefaultHistoryManager  - Current history level: NONE, level required: FULL
10:48:05,161 [main] DEBUG org.activiti.engine.impl.history.DefaultHistoryManager  - Current history level: NONE, level required: ACTIVITY
10:48:05,161 [main] DEBUG org.activiti.engine.impl.history.DefaultHistoryManager  - Current history level: NONE, level required: FULL
10:48:05,161 [main] DEBUG org.activiti.engine.impl.history.DefaultHistoryManager  - Current history level: NONE, level required: ACTIVITY
10:48:05,161 [main] DEBUG org.activiti.engine.impl.history.DefaultHistoryManager  - Current history level: NONE, level required: FULL
10:48:05,161 [main] DEBUG org.activiti.engine.impl.history.DefaultHistoryManager  - Current history level: NONE, level required: ACTIVITY
10:48:05,161 [main] DEBUG org.activiti.engine.impl.history.DefaultHistoryManager  - Current history level: NONE, level required: FULL
10:48:05,161 [main] DEBUG org.activiti.engine.impl.history.DefaultHistoryManager  - Current history level: NONE, level required: ACTIVITY
10:48:05,161 [main] DEBUG org.activiti.engine.impl.history.DefaultHistoryManager  - Current history level: NONE, level required: FULL
10:48:05,161 [main] DEBUG org.activiti.engine.impl.history.DefaultHistoryManager  - Current history level: NONE, level required: ACTIVITY
10:48:05,161 [main] DEBUG org.activiti.engine.impl.history.DefaultHistoryManager  - Current history level: NONE, level required: FULL
10:48:05,161 [main] DEBUG org.activiti.engine.impl.history.DefaultHistoryManager  - Current history level: NONE, level required: ACTIVITY
10:48:05,161 [main] DEBUG org.activiti.engine.impl.history.DefaultHistoryManager  - Current history level: NONE, level required: FULL
10:48:05,161 [main] DEBUG org.activiti.engine.impl.history.DefaultHistoryManager  - Current history level: NONE, level required: ACTIVITY
10:48:05,161 [main] DEBUG org.activiti.engine.impl.history.DefaultHistoryManager  - Current history level: NONE, level required: FULL
10:48:05,161 [main] DEBUG org.activiti.engine.impl.history.DefaultHistoryManager  - Current history level: NONE, level required: ACTIVITY
10:48:05,161 [main] DEBUG org.activiti.engine.impl.history.DefaultHistoryManager  - Current history level: NONE, level required: FULL
10:48:05,161 [main] DEBUG org.activiti.engine.impl.history.DefaultHistoryManager  - Current history level: NONE, level required: ACTIVITY
10:48:05,162 [main] DEBUG org.activiti.engine.impl.history.DefaultHistoryManager  - Current history level: NONE, level required: FULL
10:48:05,162 [main] DEBUG org.activiti.engine.impl.history.DefaultHistoryManager  - Current history level: NONE, level required: ACTIVITY
10:48:05,162 [main] DEBUG org.activiti.engine.impl.history.DefaultHistoryManager  - Current history level: NONE, level required: FULL
10:48:05,162 [main] DEBUG org.activiti.engine.impl.history.DefaultHistoryManager  - Current history level: NONE, level required: ACTIVITY
10:48:05,162 [main] DEBUG org.activiti.engine.impl.history.DefaultHistoryManager  - Current history level: NONE, level required: FULL
10:48:05,162 [main] DEBUG org.activiti.engine.impl.history.DefaultHistoryManager  - Current history level: NONE, level required: ACTIVITY
10:48:05,162 [main] DEBUG org.activiti.engine.impl.history.DefaultHistoryManager  - Current history level: NONE, level required: FULL
10:48:05,162 [main] DEBUG org.activiti.engine.impl.history.DefaultHistoryManager  - Current history level: NONE, level required: ACTIVITY
10:48:05,162 [main] DEBUG org.activiti.engine.impl.history.DefaultHistoryManager  - Current history level: NONE, level required: FULL
10:48:05,162 [main] DEBUG org.activiti.engine.impl.history.DefaultHistoryManager  - Current history level: NONE, level required: ACTIVITY
10:48:05,162 [main] DEBUG org.activiti.engine.impl.history.DefaultHistoryManager  - Current history level: NONE, level required: FULL
10:48:05,162 [main] DEBUG org.activiti.engine.impl.history.DefaultHistoryManager  - Current history level: NONE, level required: ACTIVITY
10:48:05,162 [main] DEBUG org.activiti.engine.impl.history.DefaultHistoryManager  - Current history level: NONE, level required: FULL
10:48:05,162 [main] DEBUG org.activiti.engine.impl.history.DefaultHistoryManager  - Current history level: NONE, level required: ACTIVITY
10:48:05,162 [main] DEBUG org.activiti.engine.impl.history.DefaultHistoryManager  - Current history level: NONE, level required: FULL
10:48:05,162 [main] DEBUG org.activiti.engine.impl.history.DefaultHistoryManager  - Current history level: NONE, level required: ACTIVITY
10:48:05,162 [main] DEBUG org.activiti.engine.impl.history.DefaultHistoryManager  - Current history level: NONE, level required: FULL
10:48:05,162 [main] DEBUG org.activiti.engine.impl.history.DefaultHistoryManager  - Current history level: NONE, level required: ACTIVITY
10:48:05,162 [main] DEBUG org.activiti.engine.impl.history.DefaultHistoryManager  - Current history level: NONE, level required: FULL
10:48:05,162 [main] DEBUG org.activiti.engine.impl.history.DefaultHistoryManager  - Current history level: NONE, level required: ACTIVITY
10:48:05,162 [main] DEBUG org.activiti.engine.impl.history.DefaultHistoryManager  - Current history level: NONE, level required: FULL
10:48:05,162 [main] DEBUG org.activiti.engine.impl.history.DefaultHistoryManager  - Current history level: NONE, level required: ACTIVITY
10:48:05,162 [main] DEBUG org.activiti.engine.impl.history.DefaultHistoryManager  - Current history level: NONE, level required: FULL
10:48:05,162 [main] DEBUG org.activiti.engine.impl.history.DefaultHistoryManager  - Current history level: NONE, level required: ACTIVITY
10:48:05,162 [main] DEBUG org.activiti.engine.impl.history.DefaultHistoryManager  - Current history level: NONE, level required: FULL
10:48:05,162 [main] DEBUG org.activiti.engine.impl.history.DefaultHistoryManager  - Current history level: NONE, level required: ACTIVITY
10:48:05,162 [main] DEBUG org.activiti.engine.impl.history.DefaultHistoryManager  - Current history level: NONE, level required: FULL
10:48:05,162 [main] DEBUG org.activiti.engine.impl.history.DefaultHistoryManager  - Current history level: NONE, level required: ACTIVITY
10:48:05,162 [main] DEBUG org.activiti.engine.impl.history.DefaultHistoryManager  - Current history level: NONE, level required: FULL
10:48:05,162 [main] DEBUG org.activiti.engine.impl.history.DefaultHistoryManager  - Current history level: NONE, level required: ACTIVITY
10:48:05,162 [main] DEBUG org.activiti.engine.impl.history.DefaultHistoryManager  - Current history level: NONE, level required: FULL
10:48:05,162 [main] DEBUG org.activiti.engine.impl.history.DefaultHistoryManager  - Current history level: NONE, level required: ACTIVITY
10:48:05,162 [main] DEBUG org.activiti.engine.impl.history.DefaultHistoryManager  - Current history level: NONE, level required: FULL
10:48:05,162 [main] DEBUG org.activiti.engine.impl.history.DefaultHistoryManager  - Current history level: NONE, level required: ACTIVITY
10:48:05,162 [main] DEBUG org.activiti.engine.impl.history.DefaultHistoryManager  - Current history level: NONE, level required: FULL
10:48:05,162 [main] DEBUG org.activiti.engine.impl.history.DefaultHistoryManager  - Current history level: NONE, level required: ACTIVITY
10:48:05,162 [main] DEBUG org.activiti.engine.impl.history.DefaultHistoryManager  - Current history level: NONE, level required: FULL
10:48:05,162 [main] DEBUG org.activiti.engine.impl.history.DefaultHistoryManager  - Current history level: NONE, level required: ACTIVITY
10:48:05,162 [main] DEBUG org.activiti.engine.impl.history.DefaultHistoryManager  - Current history level: NONE, level required: FULL
10:48:05,162 [main] DEBUG org.activiti.engine.impl.history.DefaultHistoryManager  - Current history level: NONE, level required: ACTIVITY
10:48:05,162 [main] DEBUG org.activiti.engine.impl.history.DefaultHistoryManager  - Current history level: NONE, level required: FULL
10:48:05,162 [main] DEBUG org.activiti.engine.impl.history.DefaultHistoryManager  - Current history level: NONE, level required: ACTIVITY
10:48:05,162 [main] DEBUG org.activiti.engine.impl.history.DefaultHistoryManager  - Current history level: NONE, level required: FULL
10:48:05,162 [main] DEBUG org.activiti.engine.impl.history.DefaultHistoryManager  - Current history level: NONE, level required: ACTIVITY
10:48:05,162 [main] DEBUG org.activiti.engine.impl.history.DefaultHistoryManager  - Current history level: NONE, level required: FULL
10:48:05,162 [main] DEBUG org.activiti.engine.impl.history.DefaultHistoryManager  - Current history level: NONE, level required: ACTIVITY
10:48:05,162 [main] DEBUG org.activiti.engine.impl.history.DefaultHistoryManager  - Current history level: NONE, level required: FULL
10:48:05,162 [main] DEBUG org.activiti.engine.impl.history.DefaultHistoryManager  - Current history level: NONE, level required: ACTIVITY
10:48:05,163 [main] DEBUG org.activiti.engine.impl.history.DefaultHistoryManager  - Current history level: NONE, level required: FULL
10:48:05,163 [main] DEBUG org.activiti.engine.impl.history.DefaultHistoryManager  - Current history level: NONE, level required: ACTIVITY
10:48:05,163 [main] DEBUG org.activiti.engine.impl.history.DefaultHistoryManager  - Current history level: NONE, level required: FULL
10:48:05,163 [main] DEBUG org.activiti.engine.impl.history.DefaultHistoryManager  - Current history level: NONE, level required: ACTIVITY
10:48:05,163 [main] DEBUG org.activiti.engine.impl.history.DefaultHistoryManager  - Current history level: NONE, level required: FULL
10:48:05,163 [main] DEBUG org.activiti.engine.impl.history.DefaultHistoryManager  - Current history level: NONE, level required: ACTIVITY
10:48:05,163 [main] DEBUG org.activiti.engine.impl.history.DefaultHistoryManager  - Current history level: NONE, level required: FULL
10:48:05,163 [main] DEBUG org.activiti.engine.impl.history.DefaultHistoryManager  - Current history level: NONE, level required: ACTIVITY
10:48:05,163 [main] DEBUG org.activiti.engine.impl.history.DefaultHistoryManager  - Current history level: NONE, level required: FULL
10:48:05,163 [main] DEBUG org.activiti.engine.impl.history.DefaultHistoryManager  - Current history level: NONE, level required: ACTIVITY
10:48:05,163 [main] DEBUG org.activiti.engine.impl.history.DefaultHistoryManager  - Current history level: NONE, level required: FULL
10:48:05,163 [main] DEBUG org.activiti.engine.impl.history.DefaultHistoryManager  - Current history level: NONE, level required: ACTIVITY
10:48:05,163 [main] DEBUG org.activiti.engine.impl.history.DefaultHistoryManager  - Current history level: NONE, level required: FULL
10:48:05,163 [main] DEBUG org.activiti.engine.impl.history.DefaultHistoryManager  - Current history level: NONE, level required: ACTIVITY
10:48:05,163 [main] DEBUG org.activiti.engine.impl.history.DefaultHistoryManager  - Current history level: NONE, level required: FULL
10:48:05,163 [main] DEBUG org.activiti.engine.impl.history.DefaultHistoryManager  - Current history level: NONE, level required: ACTIVITY
10:48:05,163 [main] DEBUG org.activiti.engine.impl.history.DefaultHistoryManager  - Current history level: NONE, level required: FULL
10:48:05,163 [main] DEBUG org.activiti.engine.impl.history.DefaultHistoryManager  - Current history level: NONE, level required: ACTIVITY
10:48:05,163 [main] DEBUG org.activiti.engine.impl.history.DefaultHistoryManager  - Current history level: NONE, level required: FULL
10:48:05,163 [main] DEBUG org.activiti.engine.impl.history.DefaultHistoryManager  - Current history level: NONE, level required: ACTIVITY
10:48:05,163 [main] DEBUG org.activiti.engine.impl.history.DefaultHistoryManager  - Current history level: NONE, level required: FULL
10:48:05,163 [main] DEBUG org.activiti.engine.impl.history.DefaultHistoryManager  - Current history level: NONE, level required: ACTIVITY
10:48:05,163 [main] DEBUG org.activiti.engine.impl.history.DefaultHistoryManager  - Current history level: NONE, level required: FULL
10:48:05,163 [main] DEBUG org.activiti.engine.impl.history.DefaultHistoryManager  - Current history level: NONE, level required: ACTIVITY
10:48:05,163 [main] DEBUG org.activiti.engine.impl.history.DefaultHistoryManager  - Current history level: NONE, level required: FULL
10:48:05,163 [main] DEBUG org.activiti.engine.impl.history.DefaultHistoryManager  - Current history level: NONE, level required: ACTIVITY
10:48:05,163 [main] DEBUG org.activiti.engine.impl.history.DefaultHistoryManager  - Current history level: NONE, level required: FULL
10:48:05,163 [main] DEBUG org.activiti.engine.impl.history.DefaultHistoryManager  - Current history level: NONE, level required: ACTIVITY
10:48:05,163 [main] DEBUG org.activiti.engine.impl.history.DefaultHistoryManager  - Current history level: NONE, level required: FULL
10:48:05,163 [main] DEBUG org.activiti.engine.impl.history.DefaultHistoryManager  - Current history level: NONE, level required: ACTIVITY
10:48:05,163 [main] DEBUG org.activiti.engine.impl.history.DefaultHistoryManager  - Current history level: NONE, level required: FULL
10:48:05,163 [main] DEBUG org.activiti.engine.impl.history.DefaultHistoryManager  - Current history level: NONE, level required: ACTIVITY
10:48:05,163 [main] DEBUG org.activiti.engine.impl.history.DefaultHistoryManager  - Current history level: NONE, level required: FULL
10:48:05,163 [main] DEBUG org.activiti.engine.impl.history.DefaultHistoryManager  - Current history level: NONE, level required: ACTIVITY
10:48:05,163 [main] DEBUG org.activiti.engine.impl.history.DefaultHistoryManager  - Current history level: NONE, level required: FULL
10:48:05,163 [main] DEBUG org.activiti.engine.impl.history.DefaultHistoryManager  - Current history level: NONE, level required: ACTIVITY
10:48:05,163 [main] DEBUG org.activiti.engine.impl.history.DefaultHistoryManager  - Current history level: NONE, level required: FULL
10:48:05,163 [main] DEBUG org.activiti.engine.impl.history.DefaultHistoryManager  - Current history level: NONE, level required: ACTIVITY
10:48:05,163 [main] DEBUG org.activiti.engine.impl.history.DefaultHistoryManager  - Current history level: NONE, level required: FULL
10:48:05,164 [main] DEBUG org.activiti.engine.impl.history.DefaultHistoryManager  - Current history level: NONE, level required: ACTIVITY
10:48:05,164 [main] DEBUG org.activiti.engine.impl.history.DefaultHistoryManager  - Current history level: NONE, level required: FULL
10:48:05,164 [main] DEBUG org.activiti.engine.impl.history.DefaultHistoryManager  - Current history level: NONE, level required: ACTIVITY
10:48:05,164 [main] DEBUG org.activiti.engine.impl.history.DefaultHistoryManager  - Current history level: NONE, level required: FULL
10:48:05,164 [main] DEBUG org.activiti.engine.impl.history.DefaultHistoryManager  - Current history level: NONE, level required: ACTIVITY
10:48:05,164 [main] DEBUG org.activiti.engine.impl.history.DefaultHistoryManager  - Current history level: NONE, level required: FULL
10:48:05,164 [main] DEBUG org.activiti.engine.impl.history.DefaultHistoryManager  - Current history level: NONE, level required: ACTIVITY
10:48:05,164 [main] DEBUG org.activiti.engine.impl.history.DefaultHistoryManager  - Current history level: NONE, level required: FULL
10:48:05,164 [main] DEBUG org.activiti.engine.impl.history.DefaultHistoryManager  - Current history level: NONE, level required: ACTIVITY
10:48:05,164 [main] DEBUG org.activiti.engine.impl.history.DefaultHistoryManager  - Current history level: NONE, level required: FULL
10:48:05,164 [main] DEBUG org.activiti.engine.impl.history.DefaultHistoryManager  - Current history level: NONE, level required: ACTIVITY
10:48:05,164 [main] DEBUG org.activiti.engine.impl.history.DefaultHistoryManager  - Current history level: NONE, level required: FULL
10:48:05,164 [main] DEBUG org.activiti.engine.impl.history.DefaultHistoryManager  - Current history level: NONE, level required: ACTIVITY
10:48:05,164 [main] DEBUG org.activiti.engine.impl.history.DefaultHistoryManager  - Current history level: NONE, level required: FULL
10:48:05,164 [main] DEBUG org.activiti.engine.impl.history.DefaultHistoryManager  - Current history level: NONE, level required: ACTIVITY
10:48:05,164 [main] DEBUG org.activiti.engine.impl.history.DefaultHistoryManager  - Current history level: NONE, level required: FULL
10:48:05,164 [main] DEBUG org.activiti.engine.impl.history.DefaultHistoryManager  - Current history level: NONE, level required: ACTIVITY
10:48:05,164 [main] DEBUG org.activiti.engine.impl.history.DefaultHistoryManager  - Current history level: NONE, level required: FULL
10:48:05,164 [main] DEBUG org.activiti.engine.impl.history.DefaultHistoryManager  - Current history level: NONE, level required: ACTIVITY
10:48:05,164 [main] DEBUG org.activiti.engine.impl.history.DefaultHistoryManager  - Current history level: NONE, level required: FULL
10:48:05,164 [main] DEBUG org.activiti.engine.impl.history.DefaultHistoryManager  - Current history level: NONE, level required: ACTIVITY
10:48:05,164 [main] DEBUG org.activiti.engine.impl.history.DefaultHistoryManager  - Current history level: NONE, level required: FULL
10:48:05,164 [main] DEBUG org.activiti.engine.impl.history.DefaultHistoryManager  - Current history level: NONE, level required: ACTIVITY
10:48:05,164 [main] DEBUG org.activiti.engine.impl.history.DefaultHistoryManager  - Current history level: NONE, level required: FULL
10:48:05,165 [main] DEBUG org.activiti.engine.impl.history.DefaultHistoryManager  - Current history level: NONE, level required: ACTIVITY
10:48:05,165 [main] DEBUG org.activiti.engine.impl.history.DefaultHistoryManager  - Current history level: NONE, level required: FULL
10:48:05,165 [main] DEBUG org.activiti.engine.impl.history.DefaultHistoryManager  - Current history level: NONE, level required: ACTIVITY
10:48:05,165 [main] DEBUG org.activiti.engine.impl.history.DefaultHistoryManager  - Current history level: NONE, level required: FULL
10:48:05,165 [main] DEBUG org.activiti.engine.impl.history.DefaultHistoryManager  - Current history level: NONE, level required: ACTIVITY
10:48:05,165 [main] DEBUG org.activiti.engine.impl.history.DefaultHistoryManager  - Current history level: NONE, level required: FULL
10:48:05,165 [main] DEBUG org.activiti.engine.impl.history.DefaultHistoryManager  - Current history level: NONE, level required: ACTIVITY
10:48:05,165 [main] DEBUG org.activiti.engine.impl.history.DefaultHistoryManager  - Current history level: NONE, level required: FULL
10:48:05,165 [main] DEBUG org.activiti.engine.impl.history.DefaultHistoryManager  - Current history level: NONE, level required: ACTIVITY
10:48:05,165 [main] DEBUG org.activiti.engine.impl.history.DefaultHistoryManager  - Current history level: NONE, level required: FULL
10:48:05,165 [main] DEBUG org.activiti.engine.impl.history.DefaultHistoryManager  - Current history level: NONE, level required: ACTIVITY
10:48:05,165 [main] DEBUG org.activiti.engine.impl.history.DefaultHistoryManager  - Current history level: NONE, level required: FULL
10:48:05,165 [main] DEBUG org.activiti.engine.impl.history.DefaultHistoryManager  - Current history level: NONE, level required: ACTIVITY
10:48:05,165 [main] DEBUG org.activiti.engine.impl.history.DefaultHistoryManager  - Current history level: NONE, level required: FULL
10:48:05,165 [main] DEBUG org.activiti.engine.impl.history.DefaultHistoryManager  - Current history level: NONE, level required: ACTIVITY
10:48:05,165 [main] DEBUG org.activiti.engine.impl.history.DefaultHistoryManager  - Current history level: NONE, level required: FULL
10:48:05,165 [main] DEBUG org.activiti.engine.impl.history.DefaultHistoryManager  - Current history level: NONE, level required: ACTIVITY
10:48:05,165 [main] DEBUG org.activiti.engine.impl.history.DefaultHistoryManager  - Current history level: NONE, level required: FULL
10:48:05,165 [main] DEBUG org.activiti.engine.impl.history.DefaultHistoryManager  - Current history level: NONE, level required: ACTIVITY
10:48:05,165 [main] DEBUG org.activiti.engine.impl.history.DefaultHistoryManager  - Current history level: NONE, level required: FULL
10:48:05,165 [main] DEBUG org.activiti.engine.impl.history.DefaultHistoryManager  - Current history level: NONE, level required: ACTIVITY
10:48:05,165 [main] DEBUG org.activiti.engine.impl.history.DefaultHistoryManager  - Current history level: NONE, level required: FULL
10:48:05,165 [main] DEBUG org.activiti.engine.impl.history.DefaultHistoryManager  - Current history level: NONE, level required: ACTIVITY
10:48:05,165 [main] DEBUG org.activiti.engine.impl.history.DefaultHistoryManager  - Current history level: NONE, level required: FULL
10:48:05,165 [main] DEBUG org.activiti.engine.impl.history.DefaultHistoryManager  - Current history level: NONE, level required: ACTIVITY
10:48:05,165 [main] DEBUG org.activiti.engine.impl.history.DefaultHistoryManager  - Current history level: NONE, level required: FULL
10:48:05,165 [main] DEBUG org.activiti.engine.impl.history.DefaultHistoryManager  - Current history level: NONE, level required: ACTIVITY
10:48:05,165 [main] DEBUG org.activiti.engine.impl.history.DefaultHistoryManager  - Current history level: NONE, level required: FULL
10:48:05,165 [main] DEBUG org.activiti.engine.impl.history.DefaultHistoryManager  - Current history level: NONE, level required: ACTIVITY
10:48:05,166 [main] DEBUG org.activiti.engine.impl.history.DefaultHistoryManager  - Current history level: NONE, level required: FULL
10:48:05,166 [main] DEBUG org.activiti.engine.impl.history.DefaultHistoryManager  - Current history level: NONE, level required: ACTIVITY
10:48:05,166 [main] DEBUG org.activiti.engine.impl.history.DefaultHistoryManager  - Current history level: NONE, level required: FULL
10:48:05,166 [main] DEBUG org.activiti.engine.impl.history.DefaultHistoryManager  - Current history level: NONE, level required: ACTIVITY
10:48:05,166 [main] DEBUG org.activiti.engine.impl.history.DefaultHistoryManager  - Current history level: NONE, level required: FULL
10:48:05,166 [main] DEBUG org.activiti.engine.impl.history.DefaultHistoryManager  - Current history level: NONE, level required: ACTIVITY
10:48:05,166 [main] DEBUG org.activiti.engine.impl.history.DefaultHistoryManager  - Current history level: NONE, level required: FULL
10:48:05,166 [main] DEBUG org.activiti.engine.impl.history.DefaultHistoryManager  - Current history level: NONE, level required: ACTIVITY
10:48:05,166 [main] DEBUG org.activiti.engine.impl.history.DefaultHistoryManager  - Current history level: NONE, level required: FULL
10:48:05,166 [main] DEBUG org.activiti.engine.impl.history.DefaultHistoryManager  - Current history level: NONE, level required: ACTIVITY
10:48:05,166 [main] DEBUG org.activiti.engine.impl.history.DefaultHistoryManager  - Current history level: NONE, level required: FULL
10:48:05,166 [main] DEBUG org.activiti.engine.impl.history.DefaultHistoryManager  - Current history level: NONE, level required: ACTIVITY
10:48:05,166 [main] DEBUG org.activiti.engine.impl.history.DefaultHistoryManager  - Current history level: NONE, level required: FULL
10:48:05,166 [main] DEBUG org.activiti.engine.impl.history.DefaultHistoryManager  - Current history level: NONE, level required: ACTIVITY
10:48:05,166 [main] DEBUG org.activiti.engine.impl.history.DefaultHistoryManager  - Current history level: NONE, level required: FULL
10:48:05,166 [main] DEBUG org.activiti.engine.impl.history.DefaultHistoryManager  - Current history level: NONE, level required: ACTIVITY
10:48:05,166 [main] DEBUG org.activiti.engine.impl.history.DefaultHistoryManager  - Current history level: NONE, level required: FULL
10:48:05,166 [main] DEBUG org.activiti.engine.impl.history.DefaultHistoryManager  - Current history level: NONE, level required: ACTIVITY
10:48:05,166 [main] DEBUG org.activiti.engine.impl.history.DefaultHistoryManager  - Current history level: NONE, level required: FULL
10:48:05,166 [main] DEBUG org.activiti.engine.impl.history.DefaultHistoryManager  - Current history level: NONE, level required: ACTIVITY
10:48:05,166 [main] DEBUG org.activiti.engine.impl.history.DefaultHistoryManager  - Current history level: NONE, level required: FULL
10:48:05,166 [main] DEBUG org.activiti.engine.impl.history.DefaultHistoryManager  - Current history level: NONE, level required: ACTIVITY
10:48:05,166 [main] DEBUG org.activiti.engine.impl.history.DefaultHistoryManager  - Current history level: NONE, level required: FULL
10:48:05,166 [main] DEBUG org.activiti.engine.impl.history.DefaultHistoryManager  - Current history level: NONE, level required: ACTIVITY
10:48:05,166 [main] DEBUG org.activiti.engine.impl.history.DefaultHistoryManager  - Current history level: NONE, level required: FULL
10:48:05,167 [main] DEBUG org.activiti.engine.impl.history.DefaultHistoryManager  - Current history level: NONE, level required: ACTIVITY
10:48:05,167 [main] DEBUG org.activiti.engine.impl.history.DefaultHistoryManager  - Current history level: NONE, level required: FULL
10:48:05,167 [main] DEBUG org.activiti.engine.impl.history.DefaultHistoryManager  - Current history level: NONE, level required: ACTIVITY
10:48:05,167 [main] DEBUG org.activiti.engine.impl.history.DefaultHistoryManager  - Current history level: NONE, level required: FULL
10:48:05,167 [main] DEBUG org.activiti.engine.impl.history.DefaultHistoryManager  - Current history level: NONE, level required: ACTIVITY
10:48:05,167 [main] DEBUG org.activiti.engine.impl.history.DefaultHistoryManager  - Current history level: NONE, level required: FULL
10:48:05,167 [main] DEBUG org.activiti.engine.impl.history.DefaultHistoryManager  - Current history level: NONE, level required: ACTIVITY
10:48:05,167 [main] DEBUG org.activiti.engine.impl.history.DefaultHistoryManager  - Current history level: NONE, level required: FULL
10:48:05,167 [main] DEBUG org.activiti.engine.impl.history.DefaultHistoryManager  - Current history level: NONE, level required: ACTIVITY
10:48:05,167 [main] DEBUG org.activiti.engine.impl.history.DefaultHistoryManager  - Current history level: NONE, level required: FULL
10:48:05,167 [main] DEBUG org.activiti.engine.impl.history.DefaultHistoryManager  - Current history level: NONE, level required: ACTIVITY
10:48:05,167 [main] DEBUG org.activiti.engine.impl.history.DefaultHistoryManager  - Current history level: NONE, level required: FULL
10:48:05,167 [main] DEBUG org.activiti.engine.impl.history.DefaultHistoryManager  - Current history level: NONE, level required: ACTIVITY
10:48:05,167 [main] DEBUG org.activiti.engine.impl.history.DefaultHistoryManager  - Current history level: NONE, level required: FULL
10:48:05,167 [main] DEBUG org.activiti.engine.impl.history.DefaultHistoryManager  - Current history level: NONE, level required: ACTIVITY
10:48:05,167 [main] DEBUG org.activiti.engine.impl.history.DefaultHistoryManager  - Current history level: NONE, level required: FULL
10:48:05,167 [main] DEBUG org.activiti.engine.impl.history.DefaultHistoryManager  - Current history level: NONE, level required: ACTIVITY
10:48:05,167 [main] DEBUG org.activiti.engine.impl.history.DefaultHistoryManager  - Current history level: NONE, level required: FULL
10:48:05,167 [main] DEBUG org.activiti.engine.impl.history.DefaultHistoryManager  - Current history level: NONE, level required: ACTIVITY
10:48:05,167 [main] DEBUG org.activiti.engine.impl.history.DefaultHistoryManager  - Current history level: NONE, level required: FULL
10:48:05,167 [main] DEBUG org.activiti.engine.impl.history.DefaultHistoryManager  - Current history level: NONE, level required: ACTIVITY
10:48:05,167 [main] DEBUG org.activiti.engine.impl.history.DefaultHistoryManager  - Current history level: NONE, level required: FULL
10:48:05,167 [main] DEBUG org.activiti.engine.impl.history.DefaultHistoryManager  - Current history level: NONE, level required: ACTIVITY
10:48:05,167 [main] DEBUG org.activiti.engine.impl.history.DefaultHistoryManager  - Current history level: NONE, level required: FULL
10:48:05,167 [main] DEBUG org.activiti.engine.impl.history.DefaultHistoryManager  - Current history level: NONE, level required: ACTIVITY
10:48:05,167 [main] DEBUG org.activiti.engine.impl.history.DefaultHistoryManager  - Current history level: NONE, level required: FULL
10:48:05,167 [main] DEBUG org.activiti.engine.impl.history.DefaultHistoryManager  - Current history level: NONE, level required: ACTIVITY
10:48:05,167 [main] DEBUG org.activiti.engine.impl.history.DefaultHistoryManager  - Current history level: NONE, level required: FULL
10:48:05,167 [main] DEBUG org.activiti.engine.impl.history.DefaultHistoryManager  - Current history level: NONE, level required: ACTIVITY
10:48:05,168 [main] DEBUG org.activiti.engine.impl.history.DefaultHistoryManager  - Current history level: NONE, level required: FULL
10:48:05,168 [main] DEBUG org.activiti.engine.impl.history.DefaultHistoryManager  - Current history level: NONE, level required: ACTIVITY
10:48:05,168 [main] DEBUG org.activiti.engine.impl.history.DefaultHistoryManager  - Current history level: NONE, level required: FULL
10:48:05,168 [main] DEBUG org.activiti.engine.impl.history.DefaultHistoryManager  - Current history level: NONE, level required: ACTIVITY
10:48:05,168 [main] DEBUG org.activiti.engine.impl.history.DefaultHistoryManager  - Current history level: NONE, level required: FULL
10:48:05,168 [main] DEBUG org.activiti.engine.impl.history.DefaultHistoryManager  - Current history level: NONE, level required: ACTIVITY
10:48:05,168 [main] DEBUG org.activiti.engine.impl.history.DefaultHistoryManager  - Current history level: NONE, level required: FULL
10:48:05,168 [main] DEBUG org.activiti.engine.impl.history.DefaultHistoryManager  - Current history level: NONE, level required: ACTIVITY
10:48:05,168 [main] DEBUG org.activiti.engine.impl.history.DefaultHistoryManager  - Current history level: NONE, level required: FULL
10:48:05,168 [main] DEBUG org.activiti.engine.impl.history.DefaultHistoryManager  - Current history level: NONE, level required: ACTIVITY
10:48:05,168 [main] DEBUG org.activiti.engine.impl.history.DefaultHistoryManager  - Current history level: NONE, level required: FULL
10:48:05,168 [main] DEBUG org.activiti.engine.impl.history.DefaultHistoryManager  - Current history level: NONE, level required: ACTIVITY
10:48:05,168 [main] DEBUG org.activiti.engine.impl.history.DefaultHistoryManager  - Current history level: NONE, level required: FULL
10:48:05,168 [main] DEBUG org.activiti.engine.impl.history.DefaultHistoryManager  - Current history level: NONE, level required: ACTIVITY
10:48:05,168 [main] DEBUG org.activiti.engine.impl.history.DefaultHistoryManager  - Current history level: NONE, level required: FULL
10:48:05,168 [main] DEBUG org.activiti.engine.impl.history.DefaultHistoryManager  - Current history level: NONE, level required: ACTIVITY
10:48:05,168 [main] DEBUG org.activiti.engine.impl.history.DefaultHistoryManager  - Current history level: NONE, level required: FULL
10:48:05,168 [main] DEBUG org.activiti.engine.impl.history.DefaultHistoryManager  - Current history level: NONE, level required: ACTIVITY
10:48:05,168 [main] DEBUG org.activiti.engine.impl.history.DefaultHistoryManager  - Current history level: NONE, level required: FULL
10:48:05,168 [main] DEBUG org.activiti.engine.impl.history.DefaultHistoryManager  - Current history level: NONE, level required: ACTIVITY
10:48:05,168 [main] DEBUG org.activiti.engine.impl.history.DefaultHistoryManager  - Current history level: NONE, level required: FULL
10:48:05,168 [main] DEBUG org.activiti.engine.impl.history.DefaultHistoryManager  - Current history level: NONE, level required: ACTIVITY
10:48:05,168 [main] DEBUG org.activiti.engine.impl.history.DefaultHistoryManager  - Current history level: NONE, level required: FULL
10:48:05,168 [main] DEBUG org.activiti.engine.impl.history.DefaultHistoryManager  - Current history level: NONE, level required: ACTIVITY
10:48:05,168 [main] DEBUG org.activiti.engine.impl.history.DefaultHistoryManager  - Current history level: NONE, level required: FULL
10:48:05,168 [main] DEBUG org.activiti.engine.impl.history.DefaultHistoryManager  - Current history level: NONE, level required: ACTIVITY
10:48:05,168 [main] DEBUG org.activiti.engine.impl.history.DefaultHistoryManager  - Current history level: NONE, level required: FULL
10:48:05,168 [main] DEBUG org.activiti.engine.impl.history.DefaultHistoryManager  - Current history level: NONE, level required: ACTIVITY
10:48:05,168 [main] DEBUG org.activiti.engine.impl.history.DefaultHistoryManager  - Current history level: NONE, level required: FULL
10:48:05,168 [main] DEBUG org.activiti.engine.impl.history.DefaultHistoryManager  - Current history level: NONE, level required: ACTIVITY
10:48:05,168 [main] DEBUG org.activiti.engine.impl.history.DefaultHistoryManager  - Current history level: NONE, level required: FULL
10:48:05,168 [main] DEBUG org.activiti.engine.impl.history.DefaultHistoryManager  - Current history level: NONE, level required: ACTIVITY
10:48:05,168 [main] DEBUG org.activiti.engine.impl.history.DefaultHistoryManager  - Current history level: NONE, level required: FULL
10:48:05,168 [main] DEBUG org.activiti.engine.impl.history.DefaultHistoryManager  - Current history level: NONE, level required: ACTIVITY
10:48:05,168 [main] DEBUG org.activiti.engine.impl.history.DefaultHistoryManager  - Current history level: NONE, level required: FULL
10:48:05,168 [main] DEBUG org.activiti.engine.impl.history.DefaultHistoryManager  - Current history level: NONE, level required: ACTIVITY
10:48:05,168 [main] DEBUG org.activiti.engine.impl.history.DefaultHistoryManager  - Current history level: NONE, level required: FULL
10:48:05,168 [main] DEBUG org.activiti.engine.impl.history.DefaultHistoryManager  - Current history level: NONE, level required: ACTIVITY
10:48:05,168 [main] DEBUG org.activiti.engine.impl.history.DefaultHistoryManager  - Current history level: NONE, level required: FULL
10:48:05,168 [main] DEBUG org.activiti.engine.impl.history.DefaultHistoryManager  - Current history level: NONE, level required: ACTIVITY
10:48:05,168 [main] DEBUG org.activiti.engine.impl.history.DefaultHistoryManager  - Current history level: NONE, level required: FULL
10:48:05,168 [main] DEBUG org.activiti.engine.impl.history.DefaultHistoryManager  - Current history level: NONE, level required: ACTIVITY
10:48:05,168 [main] DEBUG org.activiti.engine.impl.history.DefaultHistoryManager  - Current history level: NONE, level required: FULL
10:48:05,170 [main] DEBUG org.activiti.engine.impl.history.DefaultHistoryManager  - Current history level: NONE, level required: ACTIVITY
10:48:05,170 [Thread-106] DEBUG org.activiti.engine.impl.asyncexecutor.AcquireAsyncJobsDueRunnable  - async job acquisition thread woke up
10:48:05,170 [Thread-106] DEBUG org.activiti.engine.impl.interceptor.LogInterceptor  - 

10:48:05,170 [Thread-106] DEBUG org.activiti.engine.impl.interceptor.LogInterceptor  - --- starting AcquireAsyncJobsDueCmd --------------------------------------------------------
10:48:05,170 [Thread-105] DEBUG org.activiti.engine.impl.asyncexecutor.AcquireTimerJobsRunnable  - timer job acquisition thread woke up
10:48:05,170 [Thread-112] DEBUG org.activiti.engine.impl.asyncexecutor.AcquireAsyncJobsDueRunnable  - async job acquisition thread woke up
10:48:05,170 [Thread-112] DEBUG org.activiti.engine.impl.interceptor.LogInterceptor  - 

10:48:05,170 [Thread-112] DEBUG org.activiti.engine.impl.interceptor.LogInterceptor  - --- starting AcquireAsyncJobsDueCmd --------------------------------------------------------
10:48:05,170 [Thread-111] DEBUG org.activiti.engine.impl.asyncexecutor.AcquireTimerJobsRunnable  - timer job acquisition thread woke up
10:48:05,170 [Thread-111] DEBUG org.activiti.engine.impl.interceptor.LogInterceptor  - 

10:48:05,170 [Thread-111] DEBUG org.activiti.engine.impl.interceptor.LogInterceptor  - --- starting AcquireTimerJobsCmd --------------------------------------------------------
10:48:05,170 [Thread-111] DEBUG org.apache.ibatis.transaction.jdbc.JdbcTransaction  - Opening JDBC Connection
10:48:05,170 [Thread-111] DEBUG org.apache.ibatis.datasource.pooled.PooledDataSource  - Checked out connection 58501658 from pool.
10:48:05,170 [Thread-111] DEBUG org.apache.ibatis.transaction.jdbc.JdbcTransaction  - Setting autocommit to false on JDBC Connection [conn68: url=jdbc:h2:mem:activiti-AsyncExecutorTest user=SA]
10:48:05,170 [Thread-111] DEBUG org.activiti.engine.impl.persistence.entity.JobEntity.selectNextTimerJobsToExecute  - ==&gt;  Preparing: select RES.* from ACT_RU_JOB RES LEFT OUTER JOIN ACT_RU_EXECUTION PI ON PI.ID_ = RES.PROCESS_INSTANCE_ID_ where (RES.RETRIES_ &gt; 0) and (RES.DUEDATE_ is null or RES.DUEDATE_ &lt;= ?) and (RES.LOCK_OWNER_ is null or RES.LOCK_EXP_TIME_ &lt;= ?) and TYPE_ = &apos;timer&apos; and ( (RES.EXECUTION_ID_ is null) or (PI.SUSPENSION_STATE_ = 1) ) LIMIT ? OFFSET ? 
10:48:05,171 [Thread-111] DEBUG org.activiti.engine.impl.persistence.entity.JobEntity.selectNextTimerJobsToExecute  - ==&gt; Parameters: 2023-03-20 10:48:05.17(Timestamp), 2023-03-20 10:48:05.17(Timestamp), 1(Integer), 0(Integer)
10:48:05,171 [Thread-111] DEBUG org.activiti.engine.impl.persistence.entity.JobEntity.selectNextTimerJobsToExecute  - &lt;==      Total: 0
10:48:05,171 [Thread-111] DEBUG org.activiti.engine.impl.db.DbSqlSession  - flush summary: 0 insert, 0 update, 0 delete.
10:48:05,171 [Thread-111] DEBUG org.activiti.engine.impl.db.DbSqlSession  - now executing flush...
10:48:05,171 [Thread-111] DEBUG org.activiti.engine.impl.cfg.standalone.StandaloneMybatisTransactionContext  - firing event committing...
10:48:05,171 [Thread-111] DEBUG org.activiti.engine.impl.cfg.standalone.StandaloneMybatisTransactionContext  - committing the ibatis sql session...
10:48:05,171 [Thread-111] DEBUG org.activiti.engine.impl.cfg.standalone.StandaloneMybatisTransactionContext  - firing event committed...
10:48:05,171 [Thread-111] DEBUG org.apache.ibatis.transaction.jdbc.JdbcTransaction  - Resetting autocommit to true on JDBC Connection [conn68: url=jdbc:h2:mem:activiti-AsyncExecutorTest user=SA]
10:48:05,171 [Thread-111] DEBUG org.apache.ibatis.transaction.jdbc.JdbcTransaction  - Closing JDBC Connection [conn68: url=jdbc:h2:mem:activiti-AsyncExecutorTest user=SA]
10:48:05,171 [Thread-111] DEBUG org.apache.ibatis.datasource.pooled.PooledDataSource  - Returned connection 58501658 to pool.
10:48:05,171 [Thread-111] DEBUG org.activiti.engine.impl.interceptor.LogInterceptor  - --- AcquireTimerJobsCmd finished --------------------------------------------------------
10:48:05,171 [Thread-111] DEBUG org.activiti.engine.impl.interceptor.LogInterceptor  - 

10:48:05,171 [Thread-111] DEBUG org.activiti.engine.impl.asyncexecutor.AcquireTimerJobsRunnable  - timer job acquisition thread sleeping for 50 millis
10:48:05,170 [Thread-105] DEBUG org.activiti.engine.impl.interceptor.LogInterceptor  - 

10:48:05,171 [Thread-105] DEBUG org.activiti.engine.impl.interceptor.LogInterceptor  - --- starting AcquireTimerJobsCmd --------------------------------------------------------
10:48:05,170 [Thread-106] DEBUG org.apache.ibatis.transaction.jdbc.JdbcTransaction  - Opening JDBC Connection
10:48:05,171 [Thread-106] DEBUG org.apache.ibatis.datasource.pooled.PooledDataSource  - Checked out connection 1970103261 from pool.
10:48:05,170 [Thread-103] DEBUG org.activiti.engine.impl.asyncexecutor.AcquireAsyncJobsDueRunnable  - async job acquisition thread woke up
10:48:05,171 [Thread-103] DEBUG org.activiti.engine.impl.interceptor.LogInterceptor  - 

10:48:05,171 [Thread-103] DEBUG org.activiti.engine.impl.interceptor.LogInterceptor  - --- starting AcquireAsyncJobsDueCmd --------------------------------------------------------
10:48:05,170 [Thread-102] DEBUG org.activiti.engine.impl.asyncexecutor.AcquireTimerJobsRunnable  - timer job acquisition thread woke up
10:48:05,171 [Thread-102] DEBUG org.activiti.engine.impl.interceptor.LogInterceptor  - 

10:48:05,171 [Thread-102] DEBUG org.activiti.engine.impl.interceptor.LogInterceptor  - --- starting AcquireTimerJobsCmd --------------------------------------------------------
10:48:05,170 [main] DEBUG org.activiti.engine.impl.history.DefaultHistoryManager  - Current history level: NONE, level required: FULL
10:48:05,171 [Thread-102] DEBUG org.apache.ibatis.transaction.jdbc.JdbcTransaction  - Opening JDBC Connection
10:48:05,172 [Thread-102] DEBUG org.apache.ibatis.datasource.pooled.PooledDataSource  - Checked out connection 720039383 from pool.
10:48:05,171 [Thread-103] DEBUG org.apache.ibatis.transaction.jdbc.JdbcTransaction  - Opening JDBC Connection
10:48:05,172 [Thread-103] DEBUG org.apache.ibatis.datasource.pooled.PooledDataSource  - Checked out connection 157985567 from pool.
10:48:05,171 [Thread-106] DEBUG org.apache.ibatis.transaction.jdbc.JdbcTransaction  - Setting autocommit to false on JDBC Connection [conn63: url=jdbc:h2:mem:activiti-AsyncExecutorTest user=SA]
10:48:05,171 [Thread-105] DEBUG org.apache.ibatis.transaction.jdbc.JdbcTransaction  - Opening JDBC Connection
10:48:05,172 [Thread-105] DEBUG org.apache.ibatis.datasource.pooled.PooledDataSource  - Checked out connection 54468349 from pool.
10:48:05,172 [Thread-105] DEBUG org.apache.ibatis.transaction.jdbc.JdbcTransaction  - Setting autocommit to false on JDBC Connection [conn64: url=jdbc:h2:mem:activiti-AsyncExecutorTest user=SA]
10:48:05,170 [Thread-112] DEBUG org.apache.ibatis.transaction.jdbc.JdbcTransaction  - Opening JDBC Connection
10:48:05,172 [Thread-112] DEBUG org.apache.ibatis.datasource.pooled.PooledDataSource  - Checked out connection 604408605 from pool.
10:48:05,172 [Thread-112] DEBUG org.apache.ibatis.transaction.jdbc.JdbcTransaction  - Setting autocommit to false on JDBC Connection [conn70: url=jdbc:h2:mem:activiti-AsyncExecutorTest user=SA]
10:48:05,172 [Thread-105] DEBUG org.activiti.engine.impl.persistence.entity.JobEntity.selectNextTimerJobsToExecute  - ==&gt;  Preparing: select RES.* from ACT_RU_JOB RES LEFT OUTER JOIN ACT_RU_EXECUTION PI ON PI.ID_ = RES.PROCESS_INSTANCE_ID_ where (RES.RETRIES_ &gt; 0) and (RES.DUEDATE_ is null or RES.DUEDATE_ &lt;= ?) and (RES.LOCK_OWNER_ is null or RES.LOCK_EXP_TIME_ &lt;= ?) and TYPE_ = &apos;timer&apos; and ( (RES.EXECUTION_ID_ is null) or (PI.SUSPENSION_STATE_ = 1) ) LIMIT ? OFFSET ? 
10:48:05,172 [Thread-106] DEBUG org.activiti.engine.impl.persistence.entity.JobEntity.selectAsyncJobsDueToExecute  - ==&gt;  Preparing: select RES.* from ACT_RU_JOB RES LEFT OUTER JOIN ACT_RU_EXECUTION PI ON PI.ID_ = RES.PROCESS_INSTANCE_ID_ where RES.RETRIES_ &gt; 0 and RES.DUEDATE_ is not null and RES.DUEDATE_ &lt;= ? and (RES.LOCK_EXP_TIME_ is null or RES.LOCK_EXP_TIME_ &lt;= ?) and TYPE_ = &apos;message&apos; and ( (RES.EXECUTION_ID_ is null) or (PI.SUSPENSION_STATE_ = 1) ) LIMIT ? OFFSET ? 
10:48:05,172 [Thread-105] DEBUG org.activiti.engine.impl.persistence.entity.JobEntity.selectNextTimerJobsToExecute  - ==&gt; Parameters: 2023-03-20 10:48:05.171(Timestamp), 2023-03-20 10:48:05.171(Timestamp), 1(Integer), 0(Integer)
10:48:05,172 [Thread-103] DEBUG org.apache.ibatis.transaction.jdbc.JdbcTransaction  - Setting autocommit to false on JDBC Connection [conn61: url=jdbc:h2:mem:activiti-AsyncExecutorTest user=SA]
10:48:05,172 [Thread-105] DEBUG org.activiti.engine.impl.persistence.entity.JobEntity.selectNextTimerJobsToExecute  - &lt;==      Total: 0
10:48:05,172 [Thread-102] DEBUG org.apache.ibatis.transaction.jdbc.JdbcTransaction  - Setting autocommit to false on JDBC Connection [conn59: url=jdbc:h2:mem:activiti-AsyncExecutorTest user=SA]
10:48:05,172 [main] DEBUG org.activiti.engine.impl.history.DefaultHistoryManager  - Current history level: NONE, level required: ACTIVITY
10:48:05,172 [Thread-102] DEBUG org.activiti.engine.impl.persistence.entity.JobEntity.selectNextTimerJobsToExecute  - ==&gt;  Preparing: select RES.* from ACT_RU_JOB RES LEFT OUTER JOIN ACT_RU_EXECUTION PI ON PI.ID_ = RES.PROCESS_INSTANCE_ID_ where (RES.RETRIES_ &gt; 0) and (RES.DUEDATE_ is null or RES.DUEDATE_ &lt;= ?) and (RES.LOCK_OWNER_ is null or RES.LOCK_EXP_TIME_ &lt;= ?) and TYPE_ = &apos;timer&apos; and ( (RES.EXECUTION_ID_ is null) or (PI.SUSPENSION_STATE_ = 1) ) LIMIT ? OFFSET ? 
10:48:05,172 [Thread-105] DEBUG org.activiti.engine.impl.db.DbSqlSession  - flush summary: 0 insert, 0 update, 0 delete.
10:48:05,172 [Thread-105] DEBUG org.activiti.engine.impl.db.DbSqlSession  - now executing flush...
10:48:05,172 [Thread-103] DEBUG org.activiti.engine.impl.persistence.entity.JobEntity.selectAsyncJobsDueToExecute  - ==&gt;  Preparing: select RES.* from ACT_RU_JOB RES LEFT OUTER JOIN ACT_RU_EXECUTION PI ON PI.ID_ = RES.PROCESS_INSTANCE_ID_ where RES.RETRIES_ &gt; 0 and RES.DUEDATE_ is not null and RES.DUEDATE_ &lt;= ? and (RES.LOCK_EXP_TIME_ is null or RES.LOCK_EXP_TIME_ &lt;= ?) and TYPE_ = &apos;message&apos; and ( (RES.EXECUTION_ID_ is null) or (PI.SUSPENSION_STATE_ = 1) ) LIMIT ? OFFSET ? 
10:48:05,172 [Thread-106] DEBUG org.activiti.engine.impl.persistence.entity.JobEntity.selectAsyncJobsDueToExecute  - ==&gt; Parameters: 2023-03-20 10:48:05.17(Timestamp), 2023-03-20 10:48:05.17(Timestamp), 1(Integer), 0(Integer)
10:48:05,172 [Thread-112] DEBUG org.activiti.engine.impl.persistence.entity.JobEntity.selectAsyncJobsDueToExecute  - ==&gt;  Preparing: select RES.* from ACT_RU_JOB RES LEFT OUTER JOIN ACT_RU_EXECUTION PI ON PI.ID_ = RES.PROCESS_INSTANCE_ID_ where RES.RETRIES_ &gt; 0 and RES.DUEDATE_ is not null and RES.DUEDATE_ &lt;= ? and (RES.LOCK_EXP_TIME_ is null or RES.LOCK_EXP_TIME_ &lt;= ?) and TYPE_ = &apos;message&apos; and ( (RES.EXECUTION_ID_ is null) or (PI.SUSPENSION_STATE_ = 1) ) LIMIT ? OFFSET ? 
10:48:05,172 [Thread-106] DEBUG org.activiti.engine.impl.persistence.entity.JobEntity.selectAsyncJobsDueToExecute  - &lt;==      Total: 0
10:48:05,172 [Thread-103] DEBUG org.activiti.engine.impl.persistence.entity.JobEntity.selectAsyncJobsDueToExecute  - ==&gt; Parameters: 2023-03-20 10:48:05.171(Timestamp), 2023-03-20 10:48:05.171(Timestamp), 1(Integer), 0(Integer)
10:48:05,172 [Thread-105] DEBUG org.activiti.engine.impl.cfg.standalone.StandaloneMybatisTransactionContext  - firing event committing...
10:48:05,173 [Thread-105] DEBUG org.activiti.engine.impl.cfg.standalone.StandaloneMybatisTransactionContext  - committing the ibatis sql session...
10:48:05,173 [Thread-105] DEBUG org.activiti.engine.impl.cfg.standalone.StandaloneMybatisTransactionContext  - firing event committed...
10:48:05,172 [Thread-102] DEBUG org.activiti.engine.impl.persistence.entity.JobEntity.selectNextTimerJobsToExecute  - ==&gt; Parameters: 2023-03-20 10:48:05.171(Timestamp), 2023-03-20 10:48:05.171(Timestamp), 1(Integer), 0(Integer)
10:48:05,172 [main] DEBUG org.activiti.engine.impl.history.DefaultHistoryManager  - Current history level: NONE, level required: FULL
10:48:05,173 [Thread-102] DEBUG org.activiti.engine.impl.persistence.entity.JobEntity.selectNextTimerJobsToExecute  - &lt;==      Total: 0
10:48:05,173 [Thread-105] DEBUG org.apache.ibatis.transaction.jdbc.JdbcTransaction  - Resetting autocommit to true on JDBC Connection [conn64: url=jdbc:h2:mem:activiti-AsyncExecutorTest user=SA]
10:48:05,173 [Thread-103] DEBUG org.activiti.engine.impl.persistence.entity.JobEntity.selectAsyncJobsDueToExecute  - &lt;==      Total: 0
10:48:05,173 [Thread-103] DEBUG org.activiti.engine.impl.db.DbSqlSession  - flush summary: 0 insert, 0 update, 0 delete.
10:48:05,173 [Thread-103] DEBUG org.activiti.engine.impl.db.DbSqlSession  - now executing flush...
10:48:05,173 [Thread-103] DEBUG org.activiti.engine.impl.cfg.standalone.StandaloneMybatisTransactionContext  - firing event committing...
10:48:05,173 [Thread-103] DEBUG org.activiti.engine.impl.cfg.standalone.StandaloneMybatisTransactionContext  - committing the ibatis sql session...
10:48:05,173 [Thread-103] DEBUG org.activiti.engine.impl.cfg.standalone.StandaloneMybatisTransactionContext  - firing event committed...
10:48:05,173 [Thread-103] DEBUG org.apache.ibatis.transaction.jdbc.JdbcTransaction  - Resetting autocommit to true on JDBC Connection [conn61: url=jdbc:h2:mem:activiti-AsyncExecutorTest user=SA]
10:48:05,173 [Thread-103] DEBUG org.apache.ibatis.transaction.jdbc.JdbcTransaction  - Closing JDBC Connection [conn61: url=jdbc:h2:mem:activiti-AsyncExecutorTest user=SA]
10:48:05,173 [Thread-103] DEBUG org.apache.ibatis.datasource.pooled.PooledDataSource  - Returned connection 157985567 to pool.
10:48:05,173 [Thread-106] DEBUG org.activiti.engine.impl.db.DbSqlSession  - flush summary: 0 insert, 0 update, 0 delete.
10:48:05,173 [Thread-106] DEBUG org.activiti.engine.impl.db.DbSqlSession  - now executing flush...
10:48:05,173 [Thread-106] DEBUG org.activiti.engine.impl.cfg.standalone.StandaloneMybatisTransactionContext  - firing event committing...
10:48:05,173 [Thread-106] DEBUG org.activiti.engine.impl.cfg.standalone.StandaloneMybatisTransactionContext  - committing the ibatis sql session...
10:48:05,173 [Thread-106] DEBUG org.activiti.engine.impl.cfg.standalone.StandaloneMybatisTransactionContext  - firing event committed...
10:48:05,173 [Thread-106] DEBUG org.apache.ibatis.transaction.jdbc.JdbcTransaction  - Resetting autocommit to true on JDBC Connection [conn63: url=jdbc:h2:mem:activiti-AsyncExecutorTest user=SA]
10:48:05,173 [Thread-106] DEBUG org.apache.ibatis.transaction.jdbc.JdbcTransaction  - Closing JDBC Connection [conn63: url=jdbc:h2:mem:activiti-AsyncExecutorTest user=SA]
10:48:05,173 [Thread-106] DEBUG org.apache.ibatis.datasource.pooled.PooledDataSource  - Returned connection 1970103261 to pool.
10:48:05,173 [Thread-112] DEBUG org.activiti.engine.impl.persistence.entity.JobEntity.selectAsyncJobsDueToExecute  - ==&gt; Parameters: 2023-03-20 10:48:05.17(Timestamp), 2023-03-20 10:48:05.17(Timestamp), 1(Integer), 0(Integer)
10:48:05,173 [Thread-106] DEBUG org.activiti.engine.impl.interceptor.LogInterceptor  - --- AcquireAsyncJobsDueCmd finished --------------------------------------------------------
10:48:05,173 [Thread-106] DEBUG org.activiti.engine.impl.interceptor.LogInterceptor  - 

10:48:05,173 [Thread-103] DEBUG org.activiti.engine.impl.interceptor.LogInterceptor  - --- AcquireAsyncJobsDueCmd finished --------------------------------------------------------
10:48:05,173 [Thread-103] DEBUG org.activiti.engine.impl.interceptor.LogInterceptor  - 

10:48:05,173 [Thread-105] DEBUG org.apache.ibatis.transaction.jdbc.JdbcTransaction  - Closing JDBC Connection [conn64: url=jdbc:h2:mem:activiti-AsyncExecutorTest user=SA]
10:48:05,173 [Thread-105] DEBUG org.apache.ibatis.datasource.pooled.PooledDataSource  - Returned connection 54468349 to pool.
10:48:05,173 [Thread-105] DEBUG org.activiti.engine.impl.interceptor.LogInterceptor  - --- AcquireTimerJobsCmd finished --------------------------------------------------------
10:48:05,173 [Thread-105] DEBUG org.activiti.engine.impl.interceptor.LogInterceptor  - 

10:48:05,173 [Thread-102] DEBUG org.activiti.engine.impl.db.DbSqlSession  - flush summary: 0 insert, 0 update, 0 delete.
10:48:05,173 [Thread-102] DEBUG org.activiti.engine.impl.db.DbSqlSession  - now executing flush...
10:48:05,173 [Thread-102] DEBUG org.activiti.engine.impl.cfg.standalone.StandaloneMybatisTransactionContext  - firing event committing...
10:48:05,173 [Thread-102] DEBUG org.activiti.engine.impl.cfg.standalone.StandaloneMybatisTransactionContext  - committing the ibatis sql session...
10:48:05,173 [Thread-102] DEBUG org.activiti.engine.impl.cfg.standalone.StandaloneMybatisTransactionContext  - firing event committed...
10:48:05,173 [Thread-102] DEBUG org.apache.ibatis.transaction.jdbc.JdbcTransaction  - Resetting autocommit to true on JDBC Connection [conn59: url=jdbc:h2:mem:activiti-AsyncExecutorTest user=SA]
10:48:05,173 [Thread-102] DEBUG org.apache.ibatis.transaction.jdbc.JdbcTransaction  - Closing JDBC Connection [conn59: url=jdbc:h2:mem:activiti-AsyncExecutorTest user=SA]
10:48:05,173 [Thread-102] DEBUG org.apache.ibatis.datasource.pooled.PooledDataSource  - Returned connection 720039383 to pool.
10:48:05,174 [Thread-102] DEBUG org.activiti.engine.impl.interceptor.LogInterceptor  - --- AcquireTimerJobsCmd finished --------------------------------------------------------
10:48:05,174 [Thread-102] DEBUG org.activiti.engine.impl.interceptor.LogInterceptor  - 

10:48:05,173 [main] DEBUG org.activiti.engine.impl.history.DefaultHistoryManager  - Current history level: NONE, level required: ACTIVITY
10:48:05,174 [main] DEBUG org.activiti.engine.impl.history.DefaultHistoryManager  - Current history level: NONE, level required: FULL
10:48:05,174 [Thread-102] DEBUG org.activiti.engine.impl.asyncexecutor.AcquireTimerJobsRunnable  - timer job acquisition thread sleeping for 50 millis
10:48:05,173 [Thread-105] DEBUG org.activiti.engine.impl.asyncexecutor.AcquireTimerJobsRunnable  - timer job acquisition thread sleeping for 50 millis
10:48:05,173 [Thread-103] DEBUG org.activiti.engine.impl.asyncexecutor.AcquireAsyncJobsDueRunnable  - async job acquisition thread sleeping for 50 millis
10:48:05,173 [Thread-106] DEBUG org.activiti.engine.impl.asyncexecutor.AcquireAsyncJobsDueRunnable  - async job acquisition thread sleeping for 50 millis
10:48:05,173 [Thread-112] DEBUG org.activiti.engine.impl.persistence.entity.JobEntity.selectAsyncJobsDueToExecute  - &lt;==      Total: 0
10:48:05,174 [main] DEBUG org.activiti.engine.impl.history.DefaultHistoryManager  - Current history level: NONE, level required: ACTIVITY
10:48:05,174 [main] DEBUG org.activiti.engine.impl.history.DefaultHistoryManager  - Current history level: NONE, level required: FULL
10:48:05,174 [Thread-112] DEBUG org.activiti.engine.impl.db.DbSqlSession  - flush summary: 0 insert, 0 update, 0 delete.
10:48:05,174 [Thread-112] DEBUG org.activiti.engine.impl.db.DbSqlSession  - now executing flush...
10:48:05,174 [Thread-112] DEBUG org.activiti.engine.impl.cfg.standalone.StandaloneMybatisTransactionContext  - firing event committing...
10:48:05,174 [Thread-112] DEBUG org.activiti.engine.impl.cfg.standalone.StandaloneMybatisTransactionContext  - committing the ibatis sql session...
10:48:05,174 [Thread-112] DEBUG org.activiti.engine.impl.cfg.standalone.StandaloneMybatisTransactionContext  - firing event committed...
10:48:05,174 [Thread-112] DEBUG org.apache.ibatis.transaction.jdbc.JdbcTransaction  - Resetting autocommit to true on JDBC Connection [conn70: url=jdbc:h2:mem:activiti-AsyncExecutorTest user=SA]
10:48:05,174 [Thread-112] DEBUG org.apache.ibatis.transaction.jdbc.JdbcTransaction  - Closing JDBC Connection [conn70: url=jdbc:h2:mem:activiti-AsyncExecutorTest user=SA]
10:48:05,174 [Thread-112] DEBUG org.apache.ibatis.datasource.pooled.PooledDataSource  - Returned connection 604408605 to pool.
10:48:05,174 [Thread-112] DEBUG org.activiti.engine.impl.interceptor.LogInterceptor  - --- AcquireAsyncJobsDueCmd finished --------------------------------------------------------
10:48:05,174 [Thread-112] DEBUG org.activiti.engine.impl.interceptor.LogInterceptor  - 

10:48:05,174 [main] DEBUG org.activiti.engine.impl.history.DefaultHistoryManager  - Current history level: NONE, level required: ACTIVITY
10:48:05,174 [main] DEBUG org.activiti.engine.impl.history.DefaultHistoryManager  - Current history level: NONE, level required: FULL
10:48:05,174 [Thread-112] DEBUG org.activiti.engine.impl.asyncexecutor.AcquireAsyncJobsDueRunnable  - async job acquisition thread sleeping for 50 millis
10:48:05,174 [main] DEBUG org.activiti.engine.impl.history.DefaultHistoryManager  - Current history level: NONE, level required: ACTIVITY
10:48:05,174 [main] DEBUG org.activiti.engine.impl.history.DefaultHistoryManager  - Current history level: NONE, level required: FULL
10:48:05,174 [main] DEBUG org.activiti.engine.impl.history.DefaultHistoryManager  - Current history level: NONE, level required: ACTIVITY
10:48:05,175 [main] DEBUG org.activiti.engine.impl.history.DefaultHistoryManager  - Current history level: NONE, level required: FULL
10:48:05,175 [main] DEBUG org.activiti.engine.impl.history.DefaultHistoryManager  - Current history level: NONE, level required: ACTIVITY
10:48:05,175 [main] DEBUG org.activiti.engine.impl.history.DefaultHistoryManager  - Current history level: NONE, level required: FULL
10:48:05,175 [main] DEBUG org.activiti.engine.impl.history.DefaultHistoryManager  - Current history level: NONE, level required: ACTIVITY
10:48:05,175 [main] DEBUG org.activiti.engine.impl.history.DefaultHistoryManager  - Current history level: NONE, level required: FULL
10:48:05,175 [main] DEBUG org.activiti.engine.impl.history.DefaultHistoryManager  - Current history level: NONE, level required: ACTIVITY
10:48:05,175 [main] DEBUG org.activiti.engine.impl.history.DefaultHistoryManager  - Current history level: NONE, level required: FULL
10:48:05,175 [main] DEBUG org.activiti.engine.impl.history.DefaultHistoryManager  - Current history level: NONE, level required: ACTIVITY
10:48:05,175 [main] DEBUG org.activiti.engine.impl.history.DefaultHistoryManager  - Current history level: NONE, level required: FULL
10:48:05,175 [main] DEBUG org.activiti.engine.impl.history.DefaultHistoryManager  - Current history level: NONE, level required: ACTIVITY
10:48:05,175 [main] DEBUG org.activiti.engine.impl.history.DefaultHistoryManager  - Current history level: NONE, level required: FULL
10:48:05,175 [main] DEBUG org.activiti.engine.impl.history.DefaultHistoryManager  - Current history level: NONE, level required: ACTIVITY
10:48:05,175 [main] DEBUG org.activiti.engine.impl.history.DefaultHistoryManager  - Current history level: NONE, level required: FULL
10:48:05,175 [main] DEBUG org.activiti.engine.impl.history.DefaultHistoryManager  - Current history level: NONE, level required: ACTIVITY
10:48:05,175 [main] DEBUG org.activiti.engine.impl.history.DefaultHistoryManager  - Current history level: NONE, level required: FULL
10:48:05,175 [main] DEBUG org.activiti.engine.impl.history.DefaultHistoryManager  - Current history level: NONE, level required: ACTIVITY
10:48:05,175 [main] DEBUG org.activiti.engine.impl.history.DefaultHistoryManager  - Current history level: NONE, level required: FULL
10:48:05,175 [main] DEBUG org.activiti.engine.impl.history.DefaultHistoryManager  - Current history level: NONE, level required: ACTIVITY
10:48:05,175 [main] DEBUG org.activiti.engine.impl.history.DefaultHistoryManager  - Current history level: NONE, level required: FULL
10:48:05,175 [main] DEBUG org.activiti.engine.impl.history.DefaultHistoryManager  - Current history level: NONE, level required: ACTIVITY
10:48:05,175 [main] DEBUG org.activiti.engine.impl.history.DefaultHistoryManager  - Current history level: NONE, level required: FULL
10:48:05,175 [main] DEBUG org.activiti.engine.impl.history.DefaultHistoryManager  - Current history level: NONE, level required: ACTIVITY
10:48:05,175 [main] DEBUG org.activiti.engine.impl.history.DefaultHistoryManager  - Current history level: NONE, level required: FULL
10:48:05,175 [main] DEBUG org.activiti.engine.impl.history.DefaultHistoryManager  - Current history level: NONE, level required: ACTIVITY
10:48:05,175 [main] DEBUG org.activiti.engine.impl.history.DefaultHistoryManager  - Current history level: NONE, level required: FULL
10:48:05,175 [main] DEBUG org.activiti.engine.impl.history.DefaultHistoryManager  - Current history level: NONE, level required: ACTIVITY
10:48:05,175 [main] DEBUG org.activiti.engine.impl.history.DefaultHistoryManager  - Current history level: NONE, level required: FULL
10:48:05,175 [main] DEBUG org.activiti.engine.impl.history.DefaultHistoryManager  - Current history level: NONE, level required: ACTIVITY
10:48:05,175 [main] DEBUG org.activiti.engine.impl.history.DefaultHistoryManager  - Current history level: NONE, level required: FULL
10:48:05,175 [main] DEBUG org.activiti.engine.impl.history.DefaultHistoryManager  - Current history level: NONE, level required: ACTIVITY
10:48:05,176 [main] DEBUG org.activiti.engine.impl.history.DefaultHistoryManager  - Current history level: NONE, level required: FULL
10:48:05,176 [main] DEBUG org.activiti.engine.impl.history.DefaultHistoryManager  - Current history level: NONE, level required: ACTIVITY
10:48:05,176 [main] DEBUG org.activiti.engine.impl.history.DefaultHistoryManager  - Current history level: NONE, level required: FULL
10:48:05,176 [main] DEBUG org.activiti.engine.impl.history.DefaultHistoryManager  - Current history level: NONE, level required: ACTIVITY
10:48:05,176 [main] DEBUG org.activiti.engine.impl.history.DefaultHistoryManager  - Current history level: NONE, level required: FULL
10:48:05,176 [main] DEBUG org.activiti.engine.impl.history.DefaultHistoryManager  - Current history level: NONE, level required: ACTIVITY
10:48:05,176 [main] DEBUG org.activiti.engine.impl.history.DefaultHistoryManager  - Current history level: NONE, level required: FULL
10:48:05,176 [main] DEBUG org.activiti.engine.impl.history.DefaultHistoryManager  - Current history level: NONE, level required: ACTIVITY
10:48:05,176 [main] DEBUG org.activiti.engine.impl.history.DefaultHistoryManager  - Current history level: NONE, level required: FULL
10:48:05,176 [main] DEBUG org.activiti.engine.impl.history.DefaultHistoryManager  - Current history level: NONE, level required: ACTIVITY
10:48:05,176 [main] DEBUG org.activiti.engine.impl.history.DefaultHistoryManager  - Current history level: NONE, level required: FULL
10:48:05,176 [main] DEBUG org.activiti.engine.impl.history.DefaultHistoryManager  - Current history level: NONE, level required: ACTIVITY
10:48:05,176 [main] DEBUG org.activiti.engine.impl.history.DefaultHistoryManager  - Current history level: NONE, level required: FULL
10:48:05,176 [main] DEBUG org.activiti.engine.impl.history.DefaultHistoryManager  - Current history level: NONE, level required: ACTIVITY
10:48:05,176 [main] DEBUG org.activiti.engine.impl.history.DefaultHistoryManager  - Current history level: NONE, level required: FULL
10:48:05,176 [main] DEBUG org.activiti.engine.impl.history.DefaultHistoryManager  - Current history level: NONE, level required: ACTIVITY
10:48:05,176 [main] DEBUG org.activiti.engine.impl.history.DefaultHistoryManager  - Current history level: NONE, level required: FULL
10:48:05,176 [main] DEBUG org.activiti.engine.impl.history.DefaultHistoryManager  - Current history level: NONE, level required: ACTIVITY
10:48:05,176 [main] DEBUG org.activiti.engine.impl.history.DefaultHistoryManager  - Current history level: NONE, level required: FULL
10:48:05,176 [main] DEBUG org.activiti.engine.impl.history.DefaultHistoryManager  - Current history level: NONE, level required: ACTIVITY
10:48:05,176 [main] DEBUG org.activiti.engine.impl.history.DefaultHistoryManager  - Current history level: NONE, level required: FULL
10:48:05,176 [main] DEBUG org.activiti.engine.impl.history.DefaultHistoryManager  - Current history level: NONE, level required: ACTIVITY
10:48:05,176 [main] DEBUG org.activiti.engine.impl.history.DefaultHistoryManager  - Current history level: NONE, level required: FULL
10:48:05,176 [main] DEBUG org.activiti.engine.impl.history.DefaultHistoryManager  - Current history level: NONE, level required: ACTIVITY
10:48:05,176 [main] DEBUG org.activiti.engine.impl.history.DefaultHistoryManager  - Current history level: NONE, level required: FULL
10:48:05,176 [main] DEBUG org.activiti.engine.impl.history.DefaultHistoryManager  - Current history level: NONE, level required: ACTIVITY
10:48:05,176 [main] DEBUG org.activiti.engine.impl.history.DefaultHistoryManager  - Current history level: NONE, level required: FULL
10:48:05,176 [main] DEBUG org.activiti.engine.impl.history.DefaultHistoryManager  - Current history level: NONE, level required: ACTIVITY
10:48:05,176 [main] DEBUG org.activiti.engine.impl.history.DefaultHistoryManager  - Current history level: NONE, level required: FULL
10:48:05,176 [main] DEBUG org.activiti.engine.impl.history.DefaultHistoryManager  - Current history level: NONE, level required: ACTIVITY
10:48:05,177 [main] DEBUG org.activiti.engine.impl.history.DefaultHistoryManager  - Current history level: NONE, level required: FULL
10:48:05,177 [main] DEBUG org.activiti.engine.impl.history.DefaultHistoryManager  - Current history level: NONE, level required: ACTIVITY
10:48:05,177 [main] DEBUG org.activiti.engine.impl.history.DefaultHistoryManager  - Current history level: NONE, level required: FULL
10:48:05,177 [main] DEBUG org.activiti.engine.impl.history.DefaultHistoryManager  - Current history level: NONE, level required: ACTIVITY
10:48:05,177 [main] DEBUG org.activiti.engine.impl.history.DefaultHistoryManager  - Current history level: NONE, level required: FULL
10:48:05,177 [main] DEBUG org.activiti.engine.impl.history.DefaultHistoryManager  - Current history level: NONE, level required: ACTIVITY
10:48:05,177 [main] DEBUG org.activiti.engine.impl.history.DefaultHistoryManager  - Current history level: NONE, level required: FULL
10:48:05,177 [main] DEBUG org.activiti.engine.impl.history.DefaultHistoryManager  - Current history level: NONE, level required: ACTIVITY
10:48:05,177 [main] DEBUG org.activiti.engine.impl.history.DefaultHistoryManager  - Current history level: NONE, level required: FULL
10:48:05,177 [main] DEBUG org.activiti.engine.impl.history.DefaultHistoryManager  - Current history level: NONE, level required: ACTIVITY
10:48:05,177 [main] DEBUG org.activiti.engine.impl.history.DefaultHistoryManager  - Current history level: NONE, level required: FULL
10:48:05,177 [main] DEBUG org.activiti.engine.impl.history.DefaultHistoryManager  - Current history level: NONE, level required: ACTIVITY
10:48:05,177 [main] DEBUG org.activiti.engine.impl.history.DefaultHistoryManager  - Current history level: NONE, level required: FULL
10:48:05,177 [main] DEBUG org.activiti.engine.impl.history.DefaultHistoryManager  - Current history level: NONE, level required: ACTIVITY
10:48:05,177 [main] DEBUG org.activiti.engine.impl.history.DefaultHistoryManager  - Current history level: NONE, level required: FULL
10:48:05,177 [main] DEBUG org.activiti.engine.impl.history.DefaultHistoryManager  - Current history level: NONE, level required: ACTIVITY
10:48:05,177 [main] DEBUG org.activiti.engine.impl.history.DefaultHistoryManager  - Current history level: NONE, level required: FULL
10:48:05,177 [main] DEBUG org.activiti.engine.impl.history.DefaultHistoryManager  - Current history level: NONE, level required: ACTIVITY
10:48:05,177 [main] DEBUG org.activiti.engine.impl.history.DefaultHistoryManager  - Current history level: NONE, level required: FULL
10:48:05,177 [main] DEBUG org.activiti.engine.impl.history.DefaultHistoryManager  - Current history level: NONE, level required: ACTIVITY
10:48:05,177 [main] DEBUG org.activiti.engine.impl.history.DefaultHistoryManager  - Current history level: NONE, level required: FULL
10:48:05,177 [main] DEBUG org.activiti.engine.impl.history.DefaultHistoryManager  - Current history level: NONE, level required: ACTIVITY
10:48:05,177 [main] DEBUG org.activiti.engine.impl.history.DefaultHistoryManager  - Current history level: NONE, level required: FULL
10:48:05,177 [main] DEBUG org.activiti.engine.impl.history.DefaultHistoryManager  - Current history level: NONE, level required: ACTIVITY
10:48:05,177 [main] DEBUG org.activiti.engine.impl.history.DefaultHistoryManager  - Current history level: NONE, level required: FULL
10:48:05,177 [main] DEBUG org.activiti.engine.impl.history.DefaultHistoryManager  - Current history level: NONE, level required: ACTIVITY
10:48:05,177 [main] DEBUG org.activiti.engine.impl.history.DefaultHistoryManager  - Current history level: NONE, level required: FULL
10:48:05,177 [main] DEBUG org.activiti.engine.impl.history.DefaultHistoryManager  - Current history level: NONE, level required: ACTIVITY
10:48:05,177 [main] DEBUG org.activiti.engine.impl.history.DefaultHistoryManager  - Current history level: NONE, level required: FULL
10:48:05,177 [main] DEBUG org.activiti.engine.impl.history.DefaultHistoryManager  - Current history level: NONE, level required: ACTIVITY
10:48:05,178 [main] DEBUG org.activiti.engine.impl.history.DefaultHistoryManager  - Current history level: NONE, level required: FULL
10:48:05,178 [main] DEBUG org.activiti.engine.impl.history.DefaultHistoryManager  - Current history level: NONE, level required: ACTIVITY
10:48:05,178 [main] DEBUG org.activiti.engine.impl.history.DefaultHistoryManager  - Current history level: NONE, level required: FULL
10:48:05,178 [main] DEBUG org.activiti.engine.impl.history.DefaultHistoryManager  - Current history level: NONE, level required: ACTIVITY
10:48:05,178 [main] DEBUG org.activiti.engine.impl.history.DefaultHistoryManager  - Current history level: NONE, level required: FULL
10:48:05,178 [main] DEBUG org.activiti.engine.impl.history.DefaultHistoryManager  - Current history level: NONE, level required: ACTIVITY
10:48:05,178 [main] DEBUG org.activiti.engine.impl.history.DefaultHistoryManager  - Current history level: NONE, level required: FULL
10:48:05,178 [main] DEBUG org.activiti.engine.impl.history.DefaultHistoryManager  - Current history level: NONE, level required: ACTIVITY
10:48:05,178 [main] DEBUG org.activiti.engine.impl.history.DefaultHistoryManager  - Current history level: NONE, level required: FULL
10:48:05,178 [main] DEBUG org.activiti.engine.impl.history.DefaultHistoryManager  - Current history level: NONE, level required: ACTIVITY
10:48:05,178 [main] DEBUG org.activiti.engine.impl.history.DefaultHistoryManager  - Current history level: NONE, level required: FULL
10:48:05,178 [main] DEBUG org.activiti.engine.impl.history.DefaultHistoryManager  - Current history level: NONE, level required: ACTIVITY
10:48:05,178 [main] DEBUG org.activiti.engine.impl.history.DefaultHistoryManager  - Current history level: NONE, level required: FULL
10:48:05,178 [main] DEBUG org.activiti.engine.impl.history.DefaultHistoryManager  - Current history level: NONE, level required: ACTIVITY
10:48:05,178 [main] DEBUG org.activiti.engine.impl.history.DefaultHistoryManager  - Current history level: NONE, level required: FULL
10:48:05,178 [main] DEBUG org.activiti.engine.impl.history.DefaultHistoryManager  - Current history level: NONE, level required: ACTIVITY
10:48:05,178 [main] DEBUG org.activiti.engine.impl.history.DefaultHistoryManager  - Current history level: NONE, level required: FULL
10:48:05,178 [main] DEBUG org.activiti.engine.impl.history.DefaultHistoryManager  - Current history level: NONE, level required: ACTIVITY
10:48:05,178 [main] DEBUG org.activiti.engine.impl.history.DefaultHistoryManager  - Current history level: NONE, level required: FULL
10:48:05,178 [main] DEBUG org.activiti.engine.impl.history.DefaultHistoryManager  - Current history level: NONE, level required: ACTIVITY
10:48:05,178 [main] DEBUG org.activiti.engine.impl.history.DefaultHistoryManager  - Current history level: NONE, level required: FULL
10:48:05,178 [main] DEBUG org.activiti.engine.impl.history.DefaultHistoryManager  - Current history level: NONE, level required: ACTIVITY
10:48:05,178 [main] DEBUG org.activiti.engine.impl.history.DefaultHistoryManager  - Current history level: NONE, level required: FULL
10:48:05,178 [main] DEBUG org.activiti.engine.impl.history.DefaultHistoryManager  - Current history level: NONE, level required: ACTIVITY
10:48:05,178 [main] DEBUG org.activiti.engine.impl.history.DefaultHistoryManager  - Current history level: NONE, level required: FULL
10:48:05,178 [main] DEBUG org.activiti.engine.impl.history.DefaultHistoryManager  - Current history level: NONE, level required: ACTIVITY
10:48:05,178 [main] DEBUG org.activiti.engine.impl.history.DefaultHistoryManager  - Current history level: NONE, level required: FULL
10:48:05,179 [main] DEBUG org.activiti.engine.impl.history.DefaultHistoryManager  - Current history level: NONE, level required: ACTIVITY
10:48:05,179 [main] DEBUG org.activiti.engine.impl.history.DefaultHistoryManager  - Current history level: NONE, level required: FULL
10:48:05,179 [main] DEBUG org.activiti.engine.impl.history.DefaultHistoryManager  - Current history level: NONE, level required: ACTIVITY
10:48:05,179 [main] DEBUG org.activiti.engine.impl.history.DefaultHistoryManager  - Current history level: NONE, level required: FULL
10:48:05,179 [main] DEBUG org.activiti.engine.impl.history.DefaultHistoryManager  - Current history level: NONE, level required: ACTIVITY
10:48:05,179 [main] DEBUG org.activiti.engine.impl.history.DefaultHistoryManager  - Current history level: NONE, level required: FULL
10:48:05,179 [main] DEBUG org.activiti.engine.impl.history.DefaultHistoryManager  - Current history level: NONE, level required: ACTIVITY
10:48:05,179 [main] DEBUG org.activiti.engine.impl.history.DefaultHistoryManager  - Current history level: NONE, level required: FULL
10:48:05,179 [main] DEBUG org.activiti.engine.impl.history.DefaultHistoryManager  - Current history level: NONE, level required: ACTIVITY
10:48:05,179 [main] DEBUG org.activiti.engine.impl.history.DefaultHistoryManager  - Current history level: NONE, level required: FULL
10:48:05,179 [main] DEBUG org.activiti.engine.impl.history.DefaultHistoryManager  - Current history level: NONE, level required: ACTIVITY
10:48:05,179 [main] DEBUG org.activiti.engine.impl.history.DefaultHistoryManager  - Current history level: NONE, level required: FULL
10:48:05,179 [main] DEBUG org.activiti.engine.impl.history.DefaultHistoryManager  - Current history level: NONE, level required: ACTIVITY
10:48:05,179 [main] DEBUG org.activiti.engine.impl.history.DefaultHistoryManager  - Current history level: NONE, level required: FULL
10:48:05,179 [main] DEBUG org.activiti.engine.impl.history.DefaultHistoryManager  - Current history level: NONE, level required: ACTIVITY
10:48:05,179 [main] DEBUG org.activiti.engine.impl.history.DefaultHistoryManager  - Current history level: NONE, level required: FULL
10:48:05,179 [main] DEBUG org.activiti.engine.impl.history.DefaultHistoryManager  - Current history level: NONE, level required: ACTIVITY
10:48:05,179 [main] DEBUG org.activiti.engine.impl.history.DefaultHistoryManager  - Current history level: NONE, level required: FULL
10:48:05,179 [main] DEBUG org.activiti.engine.impl.history.DefaultHistoryManager  - Current history level: NONE, level required: ACTIVITY
10:48:05,179 [main] DEBUG org.activiti.engine.impl.history.DefaultHistoryManager  - Current history level: NONE, level required: FULL
10:48:05,179 [main] DEBUG org.activiti.engine.impl.history.DefaultHistoryManager  - Current history level: NONE, level required: ACTIVITY
10:48:05,179 [main] DEBUG org.activiti.engine.impl.history.DefaultHistoryManager  - Current history level: NONE, level required: FULL
10:48:05,179 [main] DEBUG org.activiti.engine.impl.history.DefaultHistoryManager  - Current history level: NONE, level required: ACTIVITY
10:48:05,179 [main] DEBUG org.activiti.engine.impl.history.DefaultHistoryManager  - Current history level: NONE, level required: FULL
10:48:05,179 [main] DEBUG org.activiti.engine.impl.history.DefaultHistoryManager  - Current history level: NONE, level required: ACTIVITY
10:48:05,179 [main] DEBUG org.activiti.engine.impl.history.DefaultHistoryManager  - Current history level: NONE, level required: FULL
10:48:05,179 [main] DEBUG org.activiti.engine.impl.history.DefaultHistoryManager  - Current history level: NONE, level required: ACTIVITY
10:48:05,179 [main] DEBUG org.activiti.engine.impl.history.DefaultHistoryManager  - Current history level: NONE, level required: FULL
10:48:05,179 [main] DEBUG org.activiti.engine.impl.history.DefaultHistoryManager  - Current history level: NONE, level required: ACTIVITY
10:48:05,180 [main] DEBUG org.activiti.engine.impl.history.DefaultHistoryManager  - Current history level: NONE, level required: FULL
10:48:05,180 [main] DEBUG org.activiti.engine.impl.history.DefaultHistoryManager  - Current history level: NONE, level required: ACTIVITY
10:48:05,180 [main] DEBUG org.activiti.engine.impl.history.DefaultHistoryManager  - Current history level: NONE, level required: FULL
10:48:05,180 [main] DEBUG org.activiti.engine.impl.history.DefaultHistoryManager  - Current history level: NONE, level required: ACTIVITY
10:48:05,180 [main] DEBUG org.activiti.engine.impl.history.DefaultHistoryManager  - Current history level: NONE, level required: FULL
10:48:05,180 [main] DEBUG org.activiti.engine.impl.history.DefaultHistoryManager  - Current history level: NONE, level required: ACTIVITY
10:48:05,180 [main] DEBUG org.activiti.engine.impl.history.DefaultHistoryManager  - Current history level: NONE, level required: FULL
10:48:05,180 [main] DEBUG org.activiti.engine.impl.history.DefaultHistoryManager  - Current history level: NONE, level required: ACTIVITY
10:48:05,180 [main] DEBUG org.activiti.engine.impl.history.DefaultHistoryManager  - Current history level: NONE, level required: FULL
10:48:05,180 [main] DEBUG org.activiti.engine.impl.history.DefaultHistoryManager  - Current history level: NONE, level required: ACTIVITY
10:48:05,180 [main] DEBUG org.activiti.engine.impl.history.DefaultHistoryManager  - Current history level: NONE, level required: FULL
10:48:05,180 [main] DEBUG org.activiti.engine.impl.history.DefaultHistoryManager  - Current history level: NONE, level required: ACTIVITY
10:48:05,180 [main] DEBUG org.activiti.engine.impl.history.DefaultHistoryManager  - Current history level: NONE, level required: FULL
10:48:05,180 [main] DEBUG org.activiti.engine.impl.history.DefaultHistoryManager  - Current history level: NONE, level required: ACTIVITY
10:48:05,180 [main] DEBUG org.activiti.engine.impl.history.DefaultHistoryManager  - Current history level: NONE, level required: FULL
10:48:05,180 [main] DEBUG org.activiti.engine.impl.history.DefaultHistoryManager  - Current history level: NONE, level required: ACTIVITY
10:48:05,180 [main] DEBUG org.activiti.engine.impl.history.DefaultHistoryManager  - Current history level: NONE, level required: FULL
10:48:05,180 [main] DEBUG org.activiti.engine.impl.history.DefaultHistoryManager  - Current history level: NONE, level required: ACTIVITY
10:48:05,180 [main] DEBUG org.activiti.engine.impl.history.DefaultHistoryManager  - Current history level: NONE, level required: FULL
10:48:05,180 [main] DEBUG org.activiti.engine.impl.history.DefaultHistoryManager  - Current history level: NONE, level required: ACTIVITY
10:48:05,180 [main] DEBUG org.activiti.engine.impl.history.DefaultHistoryManager  - Current history level: NONE, level required: FULL
10:48:05,180 [main] DEBUG org.activiti.engine.impl.history.DefaultHistoryManager  - Current history level: NONE, level required: ACTIVITY
10:48:05,180 [main] DEBUG org.activiti.engine.impl.history.DefaultHistoryManager  - Current history level: NONE, level required: FULL
10:48:05,180 [main] DEBUG org.activiti.engine.impl.history.DefaultHistoryManager  - Current history level: NONE, level required: ACTIVITY
10:48:05,180 [main] DEBUG org.activiti.engine.impl.history.DefaultHistoryManager  - Current history level: NONE, level required: FULL
10:48:05,180 [main] DEBUG org.activiti.engine.impl.history.DefaultHistoryManager  - Current history level: NONE, level required: ACTIVITY
10:48:05,180 [main] DEBUG org.activiti.engine.impl.history.DefaultHistoryManager  - Current history level: NONE, level required: FULL
10:48:05,181 [main] DEBUG org.activiti.engine.impl.history.DefaultHistoryManager  - Current history level: NONE, level required: ACTIVITY
10:48:05,185 [main] DEBUG org.activiti.engine.impl.history.DefaultHistoryManager  - Current history level: NONE, level required: FULL
10:48:05,185 [main] DEBUG org.activiti.engine.impl.history.DefaultHistoryManager  - Current history level: NONE, level required: ACTIVITY
10:48:05,186 [main] DEBUG org.activiti.engine.impl.history.DefaultHistoryManager  - Current history level: NONE, level required: FULL
10:48:05,186 [main] DEBUG org.activiti.engine.impl.history.DefaultHistoryManager  - Current history level: NONE, level required: ACTIVITY
10:48:05,186 [main] DEBUG org.activiti.engine.impl.history.DefaultHistoryManager  - Current history level: NONE, level required: FULL
10:48:05,186 [main] DEBUG org.activiti.engine.impl.history.DefaultHistoryManager  - Current history level: NONE, level required: ACTIVITY
10:48:05,186 [main] DEBUG org.activiti.engine.impl.history.DefaultHistoryManager  - Current history level: NONE, level required: FULL
10:48:05,186 [main] DEBUG org.activiti.engine.impl.history.DefaultHistoryManager  - Current history level: NONE, level required: ACTIVITY
10:48:05,186 [main] DEBUG org.activiti.engine.impl.history.DefaultHistoryManager  - Current history level: NONE, level required: FULL
10:48:05,186 [main] DEBUG org.activiti.engine.impl.history.DefaultHistoryManager  - Current history level: NONE, level required: ACTIVITY
10:48:05,186 [main] DEBUG org.activiti.engine.impl.history.DefaultHistoryManager  - Current history level: NONE, level required: FULL
10:48:05,186 [main] DEBUG org.activiti.engine.impl.history.DefaultHistoryManager  - Current history level: NONE, level required: ACTIVITY
10:48:05,186 [main] DEBUG org.activiti.engine.impl.history.DefaultHistoryManager  - Current history level: NONE, level required: FULL
10:48:05,186 [main] DEBUG org.activiti.engine.impl.history.DefaultHistoryManager  - Current history level: NONE, level required: ACTIVITY
10:48:05,186 [main] DEBUG org.activiti.engine.impl.history.DefaultHistoryManager  - Current history level: NONE, level required: FULL
10:48:05,186 [main] DEBUG org.activiti.engine.impl.history.DefaultHistoryManager  - Current history level: NONE, level required: ACTIVITY
10:48:05,186 [main] DEBUG org.activiti.engine.impl.history.DefaultHistoryManager  - Current history level: NONE, level required: FULL
10:48:05,186 [main] DEBUG org.activiti.engine.impl.history.DefaultHistoryManager  - Current history level: NONE, level required: ACTIVITY
10:48:05,186 [main] DEBUG org.activiti.engine.impl.history.DefaultHistoryManager  - Current history level: NONE, level required: FULL
10:48:05,186 [main] DEBUG org.activiti.engine.impl.history.DefaultHistoryManager  - Current history level: NONE, level required: ACTIVITY
10:48:05,186 [main] DEBUG org.activiti.engine.impl.history.DefaultHistoryManager  - Current history level: NONE, level required: FULL
10:48:05,186 [main] DEBUG org.activiti.engine.impl.history.DefaultHistoryManager  - Current history level: NONE, level required: ACTIVITY
10:48:05,186 [main] DEBUG org.activiti.engine.impl.history.DefaultHistoryManager  - Current history level: NONE, level required: FULL
10:48:05,186 [main] DEBUG org.activiti.engine.impl.history.DefaultHistoryManager  - Current history level: NONE, level required: ACTIVITY
10:48:05,186 [main] DEBUG org.activiti.engine.impl.history.DefaultHistoryManager  - Current history level: NONE, level required: FULL
10:48:05,186 [main] DEBUG org.activiti.engine.impl.history.DefaultHistoryManager  - Current history level: NONE, level required: ACTIVITY
10:48:05,186 [main] DEBUG org.activiti.engine.impl.history.DefaultHistoryManager  - Current history level: NONE, level required: FULL
10:48:05,186 [main] DEBUG org.activiti.engine.impl.history.DefaultHistoryManager  - Current history level: NONE, level required: ACTIVITY
10:48:05,186 [main] DEBUG org.activiti.engine.impl.history.DefaultHistoryManager  - Current history level: NONE, level required: FULL
10:48:05,186 [main] DEBUG org.activiti.engine.impl.history.DefaultHistoryManager  - Current history level: NONE, level required: ACTIVITY
10:48:05,187 [main] DEBUG org.activiti.engine.impl.history.DefaultHistoryManager  - Current history level: NONE, level required: FULL
10:48:05,187 [main] DEBUG org.activiti.engine.impl.history.DefaultHistoryManager  - Current history level: NONE, level required: ACTIVITY
10:48:05,187 [main] DEBUG org.activiti.engine.impl.history.DefaultHistoryManager  - Current history level: NONE, level required: FULL
10:48:05,187 [main] DEBUG org.activiti.engine.impl.history.DefaultHistoryManager  - Current history level: NONE, level required: ACTIVITY
10:48:05,187 [main] DEBUG org.activiti.engine.impl.history.DefaultHistoryManager  - Current history level: NONE, level required: FULL
10:48:05,187 [main] DEBUG org.activiti.engine.impl.history.DefaultHistoryManager  - Current history level: NONE, level required: ACTIVITY
10:48:05,187 [main] DEBUG org.activiti.engine.impl.history.DefaultHistoryManager  - Current history level: NONE, level required: FULL
10:48:05,187 [main] DEBUG org.activiti.engine.impl.history.DefaultHistoryManager  - Current history level: NONE, level required: ACTIVITY
10:48:05,187 [main] DEBUG org.activiti.engine.impl.history.DefaultHistoryManager  - Current history level: NONE, level required: FULL
10:48:05,187 [main] DEBUG org.activiti.engine.impl.history.DefaultHistoryManager  - Current history level: NONE, level required: ACTIVITY
10:48:05,187 [main] DEBUG org.activiti.engine.impl.history.DefaultHistoryManager  - Current history level: NONE, level required: FULL
10:48:05,187 [main] DEBUG org.activiti.engine.impl.history.DefaultHistoryManager  - Current history level: NONE, level required: ACTIVITY
10:48:05,187 [main] DEBUG org.activiti.engine.impl.history.DefaultHistoryManager  - Current history level: NONE, level required: FULL
10:48:05,187 [main] DEBUG org.activiti.engine.impl.history.DefaultHistoryManager  - Current history level: NONE, level required: ACTIVITY
10:48:05,187 [main] DEBUG org.activiti.engine.impl.history.DefaultHistoryManager  - Current history level: NONE, level required: FULL
10:48:05,187 [main] DEBUG org.activiti.engine.impl.history.DefaultHistoryManager  - Current history level: NONE, level required: ACTIVITY
10:48:05,187 [main] DEBUG org.activiti.engine.impl.history.DefaultHistoryManager  - Current history level: NONE, level required: FULL
10:48:05,187 [main] DEBUG org.activiti.engine.impl.history.DefaultHistoryManager  - Current history level: NONE, level required: ACTIVITY
10:48:05,187 [main] DEBUG org.activiti.engine.impl.history.DefaultHistoryManager  - Current history level: NONE, level required: FULL
10:48:05,187 [main] DEBUG org.activiti.engine.impl.history.DefaultHistoryManager  - Current history level: NONE, level required: ACTIVITY
10:48:05,187 [main] DEBUG org.activiti.engine.impl.history.DefaultHistoryManager  - Current history level: NONE, level required: FULL
10:48:05,187 [main] DEBUG org.activiti.engine.impl.history.DefaultHistoryManager  - Current history level: NONE, level required: ACTIVITY
10:48:05,187 [main] DEBUG org.activiti.engine.impl.history.DefaultHistoryManager  - Current history level: NONE, level required: FULL
10:48:05,187 [main] DEBUG org.activiti.engine.impl.history.DefaultHistoryManager  - Current history level: NONE, level required: ACTIVITY
10:48:05,187 [main] DEBUG org.activiti.engine.impl.history.DefaultHistoryManager  - Current history level: NONE, level required: FULL
10:48:05,187 [main] DEBUG org.activiti.engine.impl.history.DefaultHistoryManager  - Current history level: NONE, level required: ACTIVITY
10:48:05,187 [main] DEBUG org.activiti.engine.impl.history.DefaultHistoryManager  - Current history level: NONE, level required: FULL
10:48:05,187 [main] DEBUG org.activiti.engine.impl.history.DefaultHistoryManager  - Current history level: NONE, level required: ACTIVITY
10:48:05,187 [main] DEBUG org.activiti.engine.impl.history.DefaultHistoryManager  - Current history level: NONE, level required: FULL
10:48:05,188 [main] DEBUG org.activiti.engine.impl.history.DefaultHistoryManager  - Current history level: NONE, level required: ACTIVITY
10:48:05,188 [main] DEBUG org.activiti.engine.impl.history.DefaultHistoryManager  - Current history level: NONE, level required: FULL
10:48:05,188 [main] DEBUG org.activiti.engine.impl.history.DefaultHistoryManager  - Current history level: NONE, level required: ACTIVITY
10:48:05,188 [main] DEBUG org.activiti.engine.impl.history.DefaultHistoryManager  - Current history level: NONE, level required: FULL
10:48:05,188 [main] DEBUG org.activiti.engine.impl.history.DefaultHistoryManager  - Current history level: NONE, level required: ACTIVITY
10:48:05,188 [main] DEBUG org.activiti.engine.impl.history.DefaultHistoryManager  - Current history level: NONE, level required: FULL
10:48:05,188 [main] DEBUG org.activiti.engine.impl.history.DefaultHistoryManager  - Current history level: NONE, level required: ACTIVITY
10:48:05,188 [main] DEBUG org.activiti.engine.impl.history.DefaultHistoryManager  - Current history level: NONE, level required: FULL
10:48:05,188 [main] DEBUG org.activiti.engine.impl.history.DefaultHistoryManager  - Current history level: NONE, level required: ACTIVITY
10:48:05,188 [main] DEBUG org.activiti.engine.impl.history.DefaultHistoryManager  - Current history level: NONE, level required: FULL
10:48:05,188 [main] DEBUG org.activiti.engine.impl.history.DefaultHistoryManager  - Current history level: NONE, level required: ACTIVITY
10:48:05,188 [main] DEBUG org.activiti.engine.impl.history.DefaultHistoryManager  - Current history level: NONE, level required: FULL
10:48:05,188 [main] DEBUG org.activiti.engine.impl.history.DefaultHistoryManager  - Current history level: NONE, level required: ACTIVITY
10:48:05,188 [main] DEBUG org.activiti.engine.impl.history.DefaultHistoryManager  - Current history level: NONE, level required: FULL
10:48:05,188 [main] DEBUG org.activiti.engine.impl.history.DefaultHistoryManager  - Current history level: NONE, level required: ACTIVITY
10:48:05,188 [main] DEBUG org.activiti.engine.impl.history.DefaultHistoryManager  - Current history level: NONE, level required: FULL
10:48:05,188 [main] DEBUG org.activiti.engine.impl.history.DefaultHistoryManager  - Current history level: NONE, level required: ACTIVITY
10:48:05,188 [main] DEBUG org.activiti.engine.impl.history.DefaultHistoryManager  - Current history level: NONE, level required: FULL
10:48:05,188 [main] DEBUG org.activiti.engine.impl.history.DefaultHistoryManager  - Current history level: NONE, level required: ACTIVITY
10:48:05,188 [main] DEBUG org.activiti.engine.impl.history.DefaultHistoryManager  - Current history level: NONE, level required: FULL
10:48:05,188 [main] DEBUG org.activiti.engine.impl.history.DefaultHistoryManager  - Current history level: NONE, level required: ACTIVITY
10:48:05,188 [main] DEBUG org.activiti.engine.impl.history.DefaultHistoryManager  - Current history level: NONE, level required: FULL
10:48:05,188 [main] DEBUG org.activiti.engine.impl.history.DefaultHistoryManager  - Current history level: NONE, level required: ACTIVITY
10:48:05,188 [main] DEBUG org.activiti.engine.impl.history.DefaultHistoryManager  - Current history level: NONE, level required: FULL
10:48:05,188 [main] DEBUG org.activiti.engine.impl.history.DefaultHistoryManager  - Current history level: NONE, level required: ACTIVITY
10:48:05,188 [main] DEBUG org.activiti.engine.impl.history.DefaultHistoryManager  - Current history level: NONE, level required: FULL
10:48:05,188 [main] DEBUG org.activiti.engine.impl.history.DefaultHistoryManager  - Current history level: NONE, level required: ACTIVITY
10:48:05,188 [main] DEBUG org.activiti.engine.impl.history.DefaultHistoryManager  - Current history level: NONE, level required: FULL
10:48:05,188 [main] DEBUG org.activiti.engine.impl.history.DefaultHistoryManager  - Current history level: NONE, level required: ACTIVITY
10:48:05,189 [main] DEBUG org.activiti.engine.impl.history.DefaultHistoryManager  - Current history level: NONE, level required: FULL
10:48:05,189 [main] DEBUG org.activiti.engine.impl.history.DefaultHistoryManager  - Current history level: NONE, level required: ACTIVITY
10:48:05,189 [main] DEBUG org.activiti.engine.impl.history.DefaultHistoryManager  - Current history level: NONE, level required: FULL
10:48:05,189 [main] DEBUG org.activiti.engine.impl.history.DefaultHistoryManager  - Current history level: NONE, level required: ACTIVITY
10:48:05,189 [main] DEBUG org.activiti.engine.impl.history.DefaultHistoryManager  - Current history level: NONE, level required: FULL
10:48:05,189 [main] DEBUG org.activiti.engine.impl.history.DefaultHistoryManager  - Current history level: NONE, level required: ACTIVITY
10:48:05,189 [main] DEBUG org.activiti.engine.impl.history.DefaultHistoryManager  - Current history level: NONE, level required: FULL
10:48:05,189 [main] DEBUG org.activiti.engine.impl.history.DefaultHistoryManager  - Current history level: NONE, level required: ACTIVITY
10:48:05,189 [main] DEBUG org.activiti.engine.impl.history.DefaultHistoryManager  - Current history level: NONE, level required: FULL
10:48:05,189 [main] DEBUG org.activiti.engine.impl.history.DefaultHistoryManager  - Current history level: NONE, level required: ACTIVITY
10:48:05,189 [main] DEBUG org.activiti.engine.impl.history.DefaultHistoryManager  - Current history level: NONE, level required: FULL
10:48:05,189 [main] DEBUG org.activiti.engine.impl.history.DefaultHistoryManager  - Current history level: NONE, level required: ACTIVITY
10:48:05,189 [main] DEBUG org.activiti.engine.impl.history.DefaultHistoryManager  - Current history level: NONE, level required: FULL
10:48:05,189 [main] DEBUG org.activiti.engine.impl.history.DefaultHistoryManager  - Current history level: NONE, level required: ACTIVITY
10:48:05,189 [main] DEBUG org.activiti.engine.impl.history.DefaultHistoryManager  - Current history level: NONE, level required: FULL
10:48:05,189 [main] DEBUG org.activiti.engine.impl.history.DefaultHistoryManager  - Current history level: NONE, level required: ACTIVITY
10:48:05,189 [main] DEBUG org.activiti.engine.impl.history.DefaultHistoryManager  - Current history level: NONE, level required: FULL
10:48:05,189 [main] DEBUG org.activiti.engine.impl.history.DefaultHistoryManager  - Current history level: NONE, level required: ACTIVITY
10:48:05,189 [main] DEBUG org.activiti.engine.impl.history.DefaultHistoryManager  - Current history level: NONE, level required: FULL
10:48:05,189 [main] DEBUG org.activiti.engine.impl.history.DefaultHistoryManager  - Current history level: NONE, level required: ACTIVITY
10:48:05,189 [main] DEBUG org.activiti.engine.impl.history.DefaultHistoryManager  - Current history level: NONE, level required: FULL
10:48:05,189 [main] DEBUG org.activiti.engine.impl.history.DefaultHistoryManager  - Current history level: NONE, level required: ACTIVITY
10:48:05,189 [main] DEBUG org.activiti.engine.impl.history.DefaultHistoryManager  - Current history level: NONE, level required: FULL
10:48:05,189 [main] DEBUG org.activiti.engine.impl.history.DefaultHistoryManager  - Current history level: NONE, level required: ACTIVITY
10:48:05,189 [main] DEBUG org.activiti.engine.impl.history.DefaultHistoryManager  - Current history level: NONE, level required: FULL
10:48:05,189 [main] DEBUG org.activiti.engine.impl.history.DefaultHistoryManager  - Current history level: NONE, level required: ACTIVITY
10:48:05,189 [main] DEBUG org.activiti.engine.impl.history.DefaultHistoryManager  - Current history level: NONE, level required: FULL
10:48:05,189 [main] DEBUG org.activiti.engine.impl.history.DefaultHistoryManager  - Current history level: NONE, level required: ACTIVITY
10:48:05,189 [main] DEBUG org.activiti.engine.impl.history.DefaultHistoryManager  - Current history level: NONE, level required: FULL
10:48:05,190 [main] DEBUG org.activiti.engine.impl.history.DefaultHistoryManager  - Current history level: NONE, level required: ACTIVITY
10:48:05,190 [main] DEBUG org.activiti.engine.impl.history.DefaultHistoryManager  - Current history level: NONE, level required: FULL
10:48:05,190 [main] DEBUG org.activiti.engine.impl.history.DefaultHistoryManager  - Current history level: NONE, level required: ACTIVITY
10:48:05,190 [main] DEBUG org.activiti.engine.impl.history.DefaultHistoryManager  - Current history level: NONE, level required: FULL
10:48:05,190 [main] DEBUG org.activiti.engine.impl.history.DefaultHistoryManager  - Current history level: NONE, level required: ACTIVITY
10:48:05,190 [main] DEBUG org.activiti.engine.impl.history.DefaultHistoryManager  - Current history level: NONE, level required: FULL
10:48:05,190 [main] DEBUG org.activiti.engine.impl.history.DefaultHistoryManager  - Current history level: NONE, level required: ACTIVITY
10:48:05,190 [main] DEBUG org.activiti.engine.impl.history.DefaultHistoryManager  - Current history level: NONE, level required: FULL
10:48:05,190 [main] DEBUG org.activiti.engine.impl.history.DefaultHistoryManager  - Current history level: NONE, level required: ACTIVITY
10:48:05,190 [main] DEBUG org.activiti.engine.impl.history.DefaultHistoryManager  - Current history level: NONE, level required: FULL
10:48:05,190 [main] DEBUG org.activiti.engine.impl.history.DefaultHistoryManager  - Current history level: NONE, level required: ACTIVITY
10:48:05,190 [main] DEBUG org.activiti.engine.impl.history.DefaultHistoryManager  - Current history level: NONE, level required: FULL
10:48:05,190 [main] DEBUG org.activiti.engine.impl.history.DefaultHistoryManager  - Current history level: NONE, level required: ACTIVITY
10:48:05,190 [main] DEBUG org.activiti.engine.impl.history.DefaultHistoryManager  - Current history level: NONE, level required: FULL
10:48:05,190 [main] DEBUG org.activiti.engine.impl.history.DefaultHistoryManager  - Current history level: NONE, level required: ACTIVITY
10:48:05,190 [main] DEBUG org.activiti.engine.impl.history.DefaultHistoryManager  - Current history level: NONE, level required: FULL
10:48:05,190 [main] DEBUG org.activiti.engine.impl.history.DefaultHistoryManager  - Current history level: NONE, level required: ACTIVITY
10:48:05,190 [main] DEBUG org.activiti.engine.impl.history.DefaultHistoryManager  - Current history level: NONE, level required: FULL
10:48:05,190 [main] DEBUG org.activiti.engine.impl.history.DefaultHistoryManager  - Current history level: NONE, level required: ACTIVITY
10:48:05,190 [main] DEBUG org.activiti.engine.impl.history.DefaultHistoryManager  - Current history level: NONE, level required: FULL
10:48:05,190 [main] DEBUG org.activiti.engine.impl.history.DefaultHistoryManager  - Current history level: NONE, level required: ACTIVITY
10:48:05,190 [main] DEBUG org.activiti.engine.impl.history.DefaultHistoryManager  - Current history level: NONE, level required: FULL
10:48:05,190 [main] DEBUG org.activiti.engine.impl.history.DefaultHistoryManager  - Current history level: NONE, level required: ACTIVITY
10:48:05,190 [main] DEBUG org.activiti.engine.impl.history.DefaultHistoryManager  - Current history level: NONE, level required: FULL
10:48:05,190 [main] DEBUG org.activiti.engine.impl.history.DefaultHistoryManager  - Current history level: NONE, level required: ACTIVITY
10:48:05,190 [main] DEBUG org.activiti.engine.impl.history.DefaultHistoryManager  - Current history level: NONE, level required: FULL
10:48:05,190 [main] DEBUG org.activiti.engine.impl.history.DefaultHistoryManager  - Current history level: NONE, level required: ACTIVITY
10:48:05,190 [main] DEBUG org.activiti.engine.impl.history.DefaultHistoryManager  - Current history level: NONE, level required: FULL
10:48:05,191 [main] DEBUG org.activiti.engine.impl.history.DefaultHistoryManager  - Current history level: NONE, level required: ACTIVITY
10:48:05,191 [main] DEBUG org.activiti.engine.impl.history.DefaultHistoryManager  - Current history level: NONE, level required: FULL
10:48:05,191 [main] DEBUG org.activiti.engine.impl.history.DefaultHistoryManager  - Current history level: NONE, level required: ACTIVITY
10:48:05,191 [main] DEBUG org.activiti.engine.impl.history.DefaultHistoryManager  - Current history level: NONE, level required: FULL
10:48:05,191 [main] DEBUG org.activiti.engine.impl.history.DefaultHistoryManager  - Current history level: NONE, level required: ACTIVITY
10:48:05,191 [main] DEBUG org.activiti.engine.impl.history.DefaultHistoryManager  - Current history level: NONE, level required: FULL
10:48:05,191 [main] DEBUG org.activiti.engine.impl.history.DefaultHistoryManager  - Current history level: NONE, level required: ACTIVITY
10:48:05,191 [main] DEBUG org.activiti.engine.impl.history.DefaultHistoryManager  - Current history level: NONE, level required: FULL
10:48:05,191 [main] DEBUG org.activiti.engine.impl.history.DefaultHistoryManager  - Current history level: NONE, level required: ACTIVITY
10:48:05,191 [main] DEBUG org.activiti.engine.impl.history.DefaultHistoryManager  - Current history level: NONE, level required: FULL
10:48:05,191 [main] DEBUG org.activiti.engine.impl.history.DefaultHistoryManager  - Current history level: NONE, level required: ACTIVITY
10:48:05,191 [main] DEBUG org.activiti.engine.impl.history.DefaultHistoryManager  - Current history level: NONE, level required: FULL
10:48:05,191 [main] DEBUG org.activiti.engine.impl.history.DefaultHistoryManager  - Current history level: NONE, level required: ACTIVITY
10:48:05,191 [main] DEBUG org.activiti.engine.impl.history.DefaultHistoryManager  - Current history level: NONE, level required: FULL
10:48:05,191 [main] DEBUG org.activiti.engine.impl.history.DefaultHistoryManager  - Current history level: NONE, level required: ACTIVITY
10:48:05,191 [main] DEBUG org.activiti.engine.impl.history.DefaultHistoryManager  - Current history level: NONE, level required: FULL
10:48:05,191 [main] DEBUG org.activiti.engine.impl.history.DefaultHistoryManager  - Current history level: NONE, level required: ACTIVITY
10:48:05,191 [main] DEBUG org.activiti.engine.impl.history.DefaultHistoryManager  - Current history level: NONE, level required: FULL
10:48:05,191 [main] DEBUG org.activiti.engine.impl.history.DefaultHistoryManager  - Current history level: NONE, level required: ACTIVITY
10:48:05,191 [main] DEBUG org.activiti.engine.impl.history.DefaultHistoryManager  - Current history level: NONE, level required: FULL
10:48:05,191 [main] DEBUG org.activiti.engine.impl.history.DefaultHistoryManager  - Current history level: NONE, level required: ACTIVITY
10:48:05,191 [main] DEBUG org.activiti.engine.impl.history.DefaultHistoryManager  - Current history level: NONE, level required: FULL
10:48:05,191 [main] DEBUG org.activiti.engine.impl.history.DefaultHistoryManager  - Current history level: NONE, level required: ACTIVITY
10:48:05,191 [main] DEBUG org.activiti.engine.impl.history.DefaultHistoryManager  - Current history level: NONE, level required: FULL
10:48:05,191 [main] DEBUG org.activiti.engine.impl.history.DefaultHistoryManager  - Current history level: NONE, level required: ACTIVITY
10:48:05,191 [main] DEBUG org.activiti.engine.impl.history.DefaultHistoryManager  - Current history level: NONE, level required: FULL
10:48:05,191 [main] DEBUG org.activiti.engine.impl.history.DefaultHistoryManager  - Current history level: NONE, level required: ACTIVITY
10:48:05,191 [main] DEBUG org.activiti.engine.impl.history.DefaultHistoryManager  - Current history level: NONE, level required: FULL
10:48:05,191 [main] DEBUG org.activiti.engine.impl.history.DefaultHistoryManager  - Current history level: NONE, level required: ACTIVITY
10:48:05,192 [main] DEBUG org.activiti.engine.impl.history.DefaultHistoryManager  - Current history level: NONE, level required: FULL
10:48:05,192 [main] DEBUG org.activiti.engine.impl.history.DefaultHistoryManager  - Current history level: NONE, level required: ACTIVITY
10:48:05,192 [main] DEBUG org.activiti.engine.impl.history.DefaultHistoryManager  - Current history level: NONE, level required: FULL
10:48:05,192 [main] DEBUG org.activiti.engine.impl.history.DefaultHistoryManager  - Current history level: NONE, level required: ACTIVITY
10:48:05,192 [main] DEBUG org.activiti.engine.impl.history.DefaultHistoryManager  - Current history level: NONE, level required: FULL
10:48:05,192 [main] DEBUG org.activiti.engine.impl.history.DefaultHistoryManager  - Current history level: NONE, level required: ACTIVITY
10:48:05,192 [main] DEBUG org.activiti.engine.impl.history.DefaultHistoryManager  - Current history level: NONE, level required: FULL
10:48:05,192 [main] DEBUG org.activiti.engine.impl.history.DefaultHistoryManager  - Current history level: NONE, level required: ACTIVITY
10:48:05,192 [main] DEBUG org.activiti.engine.impl.history.DefaultHistoryManager  - Current history level: NONE, level required: FULL
10:48:05,192 [main] DEBUG org.activiti.engine.impl.history.DefaultHistoryManager  - Current history level: NONE, level required: ACTIVITY
10:48:05,192 [main] DEBUG org.activiti.engine.impl.history.DefaultHistoryManager  - Current history level: NONE, level required: FULL
10:48:05,192 [main] DEBUG org.activiti.engine.impl.history.DefaultHistoryManager  - Current history level: NONE, level required: ACTIVITY
10:48:05,192 [main] DEBUG org.activiti.engine.impl.history.DefaultHistoryManager  - Current history level: NONE, level required: FULL
10:48:05,192 [main] DEBUG org.activiti.engine.impl.history.DefaultHistoryManager  - Current history level: NONE, level required: ACTIVITY
10:48:05,192 [main] DEBUG org.activiti.engine.impl.history.DefaultHistoryManager  - Current history level: NONE, level required: FULL
10:48:05,192 [main] DEBUG org.activiti.engine.impl.history.DefaultHistoryManager  - Current history level: NONE, level required: ACTIVITY
10:48:05,192 [main] DEBUG org.activiti.engine.impl.history.DefaultHistoryManager  - Current history level: NONE, level required: FULL
10:48:05,192 [main] DEBUG org.activiti.engine.impl.history.DefaultHistoryManager  - Current history level: NONE, level required: ACTIVITY
10:48:05,192 [main] DEBUG org.activiti.engine.impl.history.DefaultHistoryManager  - Current history level: NONE, level required: FULL
10:48:05,192 [main] DEBUG org.activiti.engine.impl.history.DefaultHistoryManager  - Current history level: NONE, level required: ACTIVITY
10:48:05,192 [main] DEBUG org.activiti.engine.impl.history.DefaultHistoryManager  - Current history level: NONE, level required: FULL
10:48:05,192 [main] DEBUG org.activiti.engine.impl.history.DefaultHistoryManager  - Current history level: NONE, level required: ACTIVITY
10:48:05,192 [main] DEBUG org.activiti.engine.impl.history.DefaultHistoryManager  - Current history level: NONE, level required: FULL
10:48:05,192 [main] DEBUG org.activiti.engine.impl.history.DefaultHistoryManager  - Current history level: NONE, level required: ACTIVITY
10:48:05,192 [main] DEBUG org.activiti.engine.impl.history.DefaultHistoryManager  - Current history level: NONE, level required: FULL
10:48:05,192 [main] DEBUG org.activiti.engine.impl.history.DefaultHistoryManager  - Current history level: NONE, level required: ACTIVITY
10:48:05,192 [main] DEBUG org.activiti.engine.impl.history.DefaultHistoryManager  - Current history level: NONE, level required: FULL
10:48:05,192 [main] DEBUG org.activiti.engine.impl.history.DefaultHistoryManager  - Current history level: NONE, level required: ACTIVITY
10:48:05,192 [main] DEBUG org.activiti.engine.impl.history.DefaultHistoryManager  - Current history level: NONE, level required: FULL
10:48:05,193 [main] DEBUG org.activiti.engine.impl.history.DefaultHistoryManager  - Current history level: NONE, level required: ACTIVITY
10:48:05,283 [main] DEBUG org.activiti.engine.impl.history.DefaultHistoryManager  - Current history level: NONE, level required: FULL
10:48:05,283 [main] DEBUG org.activiti.engine.impl.history.DefaultHistoryManager  - Current history level: NONE, level required: ACTIVITY
10:48:05,283 [Thread-112] DEBUG org.activiti.engine.impl.asyncexecutor.AcquireAsyncJobsDueRunnable  - async job acquisition thread woke up
10:48:05,283 [main] DEBUG org.activiti.engine.impl.history.DefaultHistoryManager  - Current history level: NONE, level required: FULL
10:48:05,283 [Thread-106] DEBUG org.activiti.engine.impl.asyncexecutor.AcquireAsyncJobsDueRunnable  - async job acquisition thread woke up
10:48:05,283 [Thread-106] DEBUG org.activiti.engine.impl.interceptor.LogInterceptor  - 

10:48:05,283 [Thread-105] DEBUG org.activiti.engine.impl.asyncexecutor.AcquireTimerJobsRunnable  - timer job acquisition thread woke up
10:48:05,283 [main] DEBUG org.activiti.engine.impl.history.DefaultHistoryManager  - Current history level: NONE, level required: ACTIVITY
10:48:05,284 [main] DEBUG org.activiti.engine.impl.history.DefaultHistoryManager  - Current history level: NONE, level required: FULL
10:48:05,284 [main] DEBUG org.activiti.engine.impl.history.DefaultHistoryManager  - Current history level: NONE, level required: ACTIVITY
10:48:05,284 [main] DEBUG org.activiti.engine.impl.history.DefaultHistoryManager  - Current history level: NONE, level required: FULL
10:48:05,284 [main] DEBUG org.activiti.engine.impl.history.DefaultHistoryManager  - Current history level: NONE, level required: ACTIVITY
10:48:05,284 [main] DEBUG org.activiti.engine.impl.history.DefaultHistoryManager  - Current history level: NONE, level required: FULL
10:48:05,284 [main] DEBUG org.activiti.engine.impl.history.DefaultHistoryManager  - Current history level: NONE, level required: ACTIVITY
10:48:05,284 [main] DEBUG org.activiti.engine.impl.history.DefaultHistoryManager  - Current history level: NONE, level required: FULL
10:48:05,283 [Thread-112] DEBUG org.activiti.engine.impl.interceptor.LogInterceptor  - 

10:48:05,284 [main] DEBUG org.activiti.engine.impl.history.DefaultHistoryManager  - Current history level: NONE, level required: ACTIVITY
10:48:05,284 [main] DEBUG org.activiti.engine.impl.history.DefaultHistoryManager  - Current history level: NONE, level required: FULL
10:48:05,284 [Thread-111] DEBUG org.activiti.engine.impl.asyncexecutor.AcquireTimerJobsRunnable  - timer job acquisition thread woke up
10:48:05,283 [Thread-102] DEBUG org.activiti.engine.impl.asyncexecutor.AcquireTimerJobsRunnable  - timer job acquisition thread woke up
10:48:05,284 [Thread-102] DEBUG org.activiti.engine.impl.interceptor.LogInterceptor  - 

10:48:05,283 [Thread-105] DEBUG org.activiti.engine.impl.interceptor.LogInterceptor  - 

10:48:05,284 [Thread-105] DEBUG org.activiti.engine.impl.interceptor.LogInterceptor  - --- starting AcquireTimerJobsCmd --------------------------------------------------------
10:48:05,283 [Thread-106] DEBUG org.activiti.engine.impl.interceptor.LogInterceptor  - --- starting AcquireAsyncJobsDueCmd --------------------------------------------------------
10:48:05,283 [Thread-103] DEBUG org.activiti.engine.impl.asyncexecutor.AcquireAsyncJobsDueRunnable  - async job acquisition thread woke up
10:48:05,284 [Thread-106] DEBUG org.apache.ibatis.transaction.jdbc.JdbcTransaction  - Opening JDBC Connection
10:48:05,284 [Thread-105] DEBUG org.apache.ibatis.transaction.jdbc.JdbcTransaction  - Opening JDBC Connection
10:48:05,284 [Thread-102] DEBUG org.activiti.engine.impl.interceptor.LogInterceptor  - --- starting AcquireTimerJobsCmd --------------------------------------------------------
10:48:05,284 [Thread-111] DEBUG org.activiti.engine.impl.interceptor.LogInterceptor  - 

10:48:05,284 [main] DEBUG org.activiti.engine.impl.history.DefaultHistoryManager  - Current history level: NONE, level required: ACTIVITY
10:48:05,285 [main] DEBUG org.activiti.engine.impl.history.DefaultHistoryManager  - Current history level: NONE, level required: FULL
10:48:05,284 [Thread-112] DEBUG org.activiti.engine.impl.interceptor.LogInterceptor  - --- starting AcquireAsyncJobsDueCmd --------------------------------------------------------
10:48:05,285 [main] DEBUG org.activiti.engine.impl.history.DefaultHistoryManager  - Current history level: NONE, level required: ACTIVITY
10:48:05,284 [Thread-111] DEBUG org.activiti.engine.impl.interceptor.LogInterceptor  - --- starting AcquireTimerJobsCmd --------------------------------------------------------
10:48:05,284 [Thread-102] DEBUG org.apache.ibatis.transaction.jdbc.JdbcTransaction  - Opening JDBC Connection
10:48:05,285 [Thread-102] DEBUG org.apache.ibatis.datasource.pooled.PooledDataSource  - Checked out connection 33534803 from pool.
10:48:05,285 [Thread-102] DEBUG org.apache.ibatis.transaction.jdbc.JdbcTransaction  - Setting autocommit to false on JDBC Connection [conn60: url=jdbc:h2:mem:activiti-AsyncExecutorTest user=SA]
10:48:05,285 [Thread-102] DEBUG org.activiti.engine.impl.persistence.entity.JobEntity.selectNextTimerJobsToExecute  - ==&gt;  Preparing: select RES.* from ACT_RU_JOB RES LEFT OUTER JOIN ACT_RU_EXECUTION PI ON PI.ID_ = RES.PROCESS_INSTANCE_ID_ where (RES.RETRIES_ &gt; 0) and (RES.DUEDATE_ is null or RES.DUEDATE_ &lt;= ?) and (RES.LOCK_OWNER_ is null or RES.LOCK_EXP_TIME_ &lt;= ?) and TYPE_ = &apos;timer&apos; and ( (RES.EXECUTION_ID_ is null) or (PI.SUSPENSION_STATE_ = 1) ) LIMIT ? OFFSET ? 
10:48:05,285 [Thread-102] DEBUG org.activiti.engine.impl.persistence.entity.JobEntity.selectNextTimerJobsToExecute  - ==&gt; Parameters: 2023-03-20 10:48:05.284(Timestamp), 2023-03-20 10:48:05.284(Timestamp), 1(Integer), 0(Integer)
10:48:05,285 [Thread-102] DEBUG org.activiti.engine.impl.persistence.entity.JobEntity.selectNextTimerJobsToExecute  - &lt;==      Total: 0
10:48:05,284 [Thread-106] DEBUG org.apache.ibatis.datasource.pooled.PooledDataSource  - Checked out connection 996762054 from pool.
10:48:05,284 [Thread-103] DEBUG org.activiti.engine.impl.interceptor.LogInterceptor  - 

10:48:05,285 [Thread-103] DEBUG org.activiti.engine.impl.interceptor.LogInterceptor  - --- starting AcquireAsyncJobsDueCmd --------------------------------------------------------
10:48:05,285 [Thread-105] DEBUG org.apache.ibatis.datasource.pooled.PooledDataSource  - Checked out connection 1970103261 from pool.
10:48:05,285 [Thread-106] DEBUG org.apache.ibatis.transaction.jdbc.JdbcTransaction  - Setting autocommit to false on JDBC Connection [conn65: url=jdbc:h2:mem:activiti-AsyncExecutorTest user=SA]
10:48:05,285 [Thread-102] DEBUG org.activiti.engine.impl.db.DbSqlSession  - flush summary: 0 insert, 0 update, 0 delete.
10:48:05,285 [Thread-102] DEBUG org.activiti.engine.impl.db.DbSqlSession  - now executing flush...
10:48:05,285 [Thread-111] DEBUG org.apache.ibatis.transaction.jdbc.JdbcTransaction  - Opening JDBC Connection
10:48:05,285 [main] DEBUG org.activiti.engine.impl.history.DefaultHistoryManager  - Current history level: NONE, level required: FULL
10:48:05,285 [Thread-112] DEBUG org.apache.ibatis.transaction.jdbc.JdbcTransaction  - Opening JDBC Connection
10:48:05,285 [main] DEBUG org.activiti.engine.impl.history.DefaultHistoryManager  - Current history level: NONE, level required: ACTIVITY
10:48:05,286 [main] DEBUG org.activiti.engine.impl.history.DefaultHistoryManager  - Current history level: NONE, level required: FULL
10:48:05,285 [Thread-111] DEBUG org.apache.ibatis.datasource.pooled.PooledDataSource  - Checked out connection 1863805930 from pool.
10:48:05,285 [Thread-102] DEBUG org.activiti.engine.impl.cfg.standalone.StandaloneMybatisTransactionContext  - firing event committing...
10:48:05,286 [Thread-102] DEBUG org.activiti.engine.impl.cfg.standalone.StandaloneMybatisTransactionContext  - committing the ibatis sql session...
10:48:05,286 [Thread-102] DEBUG org.activiti.engine.impl.cfg.standalone.StandaloneMybatisTransactionContext  - firing event committed...
10:48:05,285 [Thread-106] DEBUG org.activiti.engine.impl.persistence.entity.JobEntity.selectAsyncJobsDueToExecute  - ==&gt;  Preparing: select RES.* from ACT_RU_JOB RES LEFT OUTER JOIN ACT_RU_EXECUTION PI ON PI.ID_ = RES.PROCESS_INSTANCE_ID_ where RES.RETRIES_ &gt; 0 and RES.DUEDATE_ is not null and RES.DUEDATE_ &lt;= ? and (RES.LOCK_EXP_TIME_ is null or RES.LOCK_EXP_TIME_ &lt;= ?) and TYPE_ = &apos;message&apos; and ( (RES.EXECUTION_ID_ is null) or (PI.SUSPENSION_STATE_ = 1) ) LIMIT ? OFFSET ? 
10:48:05,285 [Thread-105] DEBUG org.apache.ibatis.transaction.jdbc.JdbcTransaction  - Setting autocommit to false on JDBC Connection [conn63: url=jdbc:h2:mem:activiti-AsyncExecutorTest user=SA]
10:48:05,285 [Thread-103] DEBUG org.apache.ibatis.transaction.jdbc.JdbcTransaction  - Opening JDBC Connection
10:48:05,286 [Thread-103] DEBUG org.apache.ibatis.datasource.pooled.PooledDataSource  - Checked out connection 157985567 from pool.
10:48:05,286 [Thread-105] DEBUG org.activiti.engine.impl.persistence.entity.JobEntity.selectNextTimerJobsToExecute  - ==&gt;  Preparing: select RES.* from ACT_RU_JOB RES LEFT OUTER JOIN ACT_RU_EXECUTION PI ON PI.ID_ = RES.PROCESS_INSTANCE_ID_ where (RES.RETRIES_ &gt; 0) and (RES.DUEDATE_ is null or RES.DUEDATE_ &lt;= ?) and (RES.LOCK_OWNER_ is null or RES.LOCK_EXP_TIME_ &lt;= ?) and TYPE_ = &apos;timer&apos; and ( (RES.EXECUTION_ID_ is null) or (PI.SUSPENSION_STATE_ = 1) ) LIMIT ? OFFSET ? 
10:48:05,286 [Thread-106] DEBUG org.activiti.engine.impl.persistence.entity.JobEntity.selectAsyncJobsDueToExecute  - ==&gt; Parameters: 2023-03-20 10:48:05.284(Timestamp), 2023-03-20 10:48:05.284(Timestamp), 1(Integer), 0(Integer)
10:48:05,286 [Thread-102] DEBUG org.apache.ibatis.transaction.jdbc.JdbcTransaction  - Resetting autocommit to true on JDBC Connection [conn60: url=jdbc:h2:mem:activiti-AsyncExecutorTest user=SA]
10:48:05,286 [Thread-112] DEBUG org.apache.ibatis.datasource.pooled.PooledDataSource  - Checked out connection 58501658 from pool.
10:48:05,286 [Thread-112] DEBUG org.apache.ibatis.transaction.jdbc.JdbcTransaction  - Setting autocommit to false on JDBC Connection [conn68: url=jdbc:h2:mem:activiti-AsyncExecutorTest user=SA]
10:48:05,286 [Thread-111] DEBUG org.apache.ibatis.transaction.jdbc.JdbcTransaction  - Setting autocommit to false on JDBC Connection [conn69: url=jdbc:h2:mem:activiti-AsyncExecutorTest user=SA]
10:48:05,286 [main] DEBUG org.activiti.engine.impl.history.DefaultHistoryManager  - Current history level: NONE, level required: ACTIVITY
10:48:05,286 [main] DEBUG org.activiti.engine.impl.history.DefaultHistoryManager  - Current history level: NONE, level required: FULL
10:48:05,286 [Thread-111] DEBUG org.activiti.engine.impl.persistence.entity.JobEntity.selectNextTimerJobsToExecute  - ==&gt;  Preparing: select RES.* from ACT_RU_JOB RES LEFT OUTER JOIN ACT_RU_EXECUTION PI ON PI.ID_ = RES.PROCESS_INSTANCE_ID_ where (RES.RETRIES_ &gt; 0) and (RES.DUEDATE_ is null or RES.DUEDATE_ &lt;= ?) and (RES.LOCK_OWNER_ is null or RES.LOCK_EXP_TIME_ &lt;= ?) and TYPE_ = &apos;timer&apos; and ( (RES.EXECUTION_ID_ is null) or (PI.SUSPENSION_STATE_ = 1) ) LIMIT ? OFFSET ? 
10:48:05,286 [Thread-112] DEBUG org.activiti.engine.impl.persistence.entity.JobEntity.selectAsyncJobsDueToExecute  - ==&gt;  Preparing: select RES.* from ACT_RU_JOB RES LEFT OUTER JOIN ACT_RU_EXECUTION PI ON PI.ID_ = RES.PROCESS_INSTANCE_ID_ where RES.RETRIES_ &gt; 0 and RES.DUEDATE_ is not null and RES.DUEDATE_ &lt;= ? and (RES.LOCK_EXP_TIME_ is null or RES.LOCK_EXP_TIME_ &lt;= ?) and TYPE_ = &apos;message&apos; and ( (RES.EXECUTION_ID_ is null) or (PI.SUSPENSION_STATE_ = 1) ) LIMIT ? OFFSET ? 
10:48:05,286 [Thread-102] DEBUG org.apache.ibatis.transaction.jdbc.JdbcTransaction  - Closing JDBC Connection [conn60: url=jdbc:h2:mem:activiti-AsyncExecutorTest user=SA]
10:48:05,286 [Thread-102] DEBUG org.apache.ibatis.datasource.pooled.PooledDataSource  - Returned connection 33534803 to pool.
10:48:05,286 [Thread-106] DEBUG org.activiti.engine.impl.persistence.entity.JobEntity.selectAsyncJobsDueToExecute  - &lt;==      Total: 0
10:48:05,286 [Thread-105] DEBUG org.activiti.engine.impl.persistence.entity.JobEntity.selectNextTimerJobsToExecute  - ==&gt; Parameters: 2023-03-20 10:48:05.284(Timestamp), 2023-03-20 10:48:05.284(Timestamp), 1(Integer), 0(Integer)
10:48:05,286 [Thread-103] DEBUG org.apache.ibatis.transaction.jdbc.JdbcTransaction  - Setting autocommit to false on JDBC Connection [conn61: url=jdbc:h2:mem:activiti-AsyncExecutorTest user=SA]
10:48:05,286 [Thread-105] DEBUG org.activiti.engine.impl.persistence.entity.JobEntity.selectNextTimerJobsToExecute  - &lt;==      Total: 0
10:48:05,287 [Thread-105] DEBUG org.activiti.engine.impl.db.DbSqlSession  - flush summary: 0 insert, 0 update, 0 delete.
10:48:05,287 [Thread-105] DEBUG org.activiti.engine.impl.db.DbSqlSession  - now executing flush...
10:48:05,286 [Thread-106] DEBUG org.activiti.engine.impl.db.DbSqlSession  - flush summary: 0 insert, 0 update, 0 delete.
10:48:05,287 [Thread-106] DEBUG org.activiti.engine.impl.db.DbSqlSession  - now executing flush...
10:48:05,287 [Thread-106] DEBUG org.activiti.engine.impl.cfg.standalone.StandaloneMybatisTransactionContext  - firing event committing...
10:48:05,287 [Thread-106] DEBUG org.activiti.engine.impl.cfg.standalone.StandaloneMybatisTransactionContext  - committing the ibatis sql session...
10:48:05,287 [Thread-106] DEBUG org.activiti.engine.impl.cfg.standalone.StandaloneMybatisTransactionContext  - firing event committed...
10:48:05,286 [Thread-102] DEBUG org.activiti.engine.impl.interceptor.LogInterceptor  - --- AcquireTimerJobsCmd finished --------------------------------------------------------
10:48:05,287 [Thread-102] DEBUG org.activiti.engine.impl.interceptor.LogInterceptor  - 

10:48:05,286 [Thread-112] DEBUG org.activiti.engine.impl.persistence.entity.JobEntity.selectAsyncJobsDueToExecute  - ==&gt; Parameters: 2023-03-20 10:48:05.285(Timestamp), 2023-03-20 10:48:05.285(Timestamp), 1(Integer), 0(Integer)
10:48:05,286 [Thread-111] DEBUG org.activiti.engine.impl.persistence.entity.JobEntity.selectNextTimerJobsToExecute  - ==&gt; Parameters: 2023-03-20 10:48:05.285(Timestamp), 2023-03-20 10:48:05.285(Timestamp), 1(Integer), 0(Integer)
10:48:05,286 [main] DEBUG org.activiti.engine.impl.history.DefaultHistoryManager  - Current history level: NONE, level required: ACTIVITY
10:48:05,287 [main] DEBUG org.activiti.engine.impl.history.DefaultHistoryManager  - Current history level: NONE, level required: FULL
10:48:05,287 [Thread-111] DEBUG org.activiti.engine.impl.persistence.entity.JobEntity.selectNextTimerJobsToExecute  - &lt;==      Total: 0
10:48:05,287 [Thread-112] DEBUG org.activiti.engine.impl.persistence.entity.JobEntity.selectAsyncJobsDueToExecute  - &lt;==      Total: 0
10:48:05,287 [Thread-112] DEBUG org.activiti.engine.impl.db.DbSqlSession  - flush summary: 0 insert, 0 update, 0 delete.
10:48:05,287 [Thread-112] DEBUG org.activiti.engine.impl.db.DbSqlSession  - now executing flush...
10:48:05,287 [Thread-112] DEBUG org.activiti.engine.impl.cfg.standalone.StandaloneMybatisTransactionContext  - firing event committing...
10:48:05,287 [Thread-112] DEBUG org.activiti.engine.impl.cfg.standalone.StandaloneMybatisTransactionContext  - committing the ibatis sql session...
10:48:05,287 [Thread-112] DEBUG org.activiti.engine.impl.cfg.standalone.StandaloneMybatisTransactionContext  - firing event committed...
10:48:05,287 [Thread-112] DEBUG org.apache.ibatis.transaction.jdbc.JdbcTransaction  - Resetting autocommit to true on JDBC Connection [conn68: url=jdbc:h2:mem:activiti-AsyncExecutorTest user=SA]
10:48:05,287 [Thread-102] DEBUG org.activiti.engine.impl.asyncexecutor.AcquireTimerJobsRunnable  - timer job acquisition thread sleeping for 50 millis
10:48:05,287 [Thread-106] DEBUG org.apache.ibatis.transaction.jdbc.JdbcTransaction  - Resetting autocommit to true on JDBC Connection [conn65: url=jdbc:h2:mem:activiti-AsyncExecutorTest user=SA]
10:48:05,287 [Thread-106] DEBUG org.apache.ibatis.transaction.jdbc.JdbcTransaction  - Closing JDBC Connection [conn65: url=jdbc:h2:mem:activiti-AsyncExecutorTest user=SA]
10:48:05,287 [Thread-106] DEBUG org.apache.ibatis.datasource.pooled.PooledDataSource  - Returned connection 996762054 to pool.
10:48:05,287 [Thread-105] DEBUG org.activiti.engine.impl.cfg.standalone.StandaloneMybatisTransactionContext  - firing event committing...
10:48:05,287 [Thread-105] DEBUG org.activiti.engine.impl.cfg.standalone.StandaloneMybatisTransactionContext  - committing the ibatis sql session...
10:48:05,287 [Thread-105] DEBUG org.activiti.engine.impl.cfg.standalone.StandaloneMybatisTransactionContext  - firing event committed...
10:48:05,287 [Thread-105] DEBUG org.apache.ibatis.transaction.jdbc.JdbcTransaction  - Resetting autocommit to true on JDBC Connection [conn63: url=jdbc:h2:mem:activiti-AsyncExecutorTest user=SA]
10:48:05,287 [Thread-105] DEBUG org.apache.ibatis.transaction.jdbc.JdbcTransaction  - Closing JDBC Connection [conn63: url=jdbc:h2:mem:activiti-AsyncExecutorTest user=SA]
10:48:05,287 [Thread-105] DEBUG org.apache.ibatis.datasource.pooled.PooledDataSource  - Returned connection 1970103261 to pool.
10:48:05,287 [Thread-105] DEBUG org.activiti.engine.impl.interceptor.LogInterceptor  - --- AcquireTimerJobsCmd finished --------------------------------------------------------
10:48:05,287 [Thread-105] DEBUG org.activiti.engine.impl.interceptor.LogInterceptor  - 

10:48:05,286 [Thread-103] DEBUG org.activiti.engine.impl.persistence.entity.JobEntity.selectAsyncJobsDueToExecute  - ==&gt;  Preparing: select RES.* from ACT_RU_JOB RES LEFT OUTER JOIN ACT_RU_EXECUTION PI ON PI.ID_ = RES.PROCESS_INSTANCE_ID_ where RES.RETRIES_ &gt; 0 and RES.DUEDATE_ is not null and RES.DUEDATE_ &lt;= ? and (RES.LOCK_EXP_TIME_ is null or RES.LOCK_EXP_TIME_ &lt;= ?) and TYPE_ = &apos;message&apos; and ( (RES.EXECUTION_ID_ is null) or (PI.SUSPENSION_STATE_ = 1) ) LIMIT ? OFFSET ? 
10:48:05,287 [Thread-105] DEBUG org.activiti.engine.impl.asyncexecutor.AcquireTimerJobsRunnable  - timer job acquisition thread sleeping for 50 millis
10:48:05,287 [Thread-106] DEBUG org.activiti.engine.impl.interceptor.LogInterceptor  - --- AcquireAsyncJobsDueCmd finished --------------------------------------------------------
10:48:05,287 [Thread-106] DEBUG org.activiti.engine.impl.interceptor.LogInterceptor  - 

10:48:05,287 [Thread-112] DEBUG org.apache.ibatis.transaction.jdbc.JdbcTransaction  - Closing JDBC Connection [conn68: url=jdbc:h2:mem:activiti-AsyncExecutorTest user=SA]
10:48:05,288 [Thread-112] DEBUG org.apache.ibatis.datasource.pooled.PooledDataSource  - Returned connection 58501658 to pool.
10:48:05,288 [Thread-112] DEBUG org.activiti.engine.impl.interceptor.LogInterceptor  - --- AcquireAsyncJobsDueCmd finished --------------------------------------------------------
10:48:05,288 [Thread-112] DEBUG org.activiti.engine.impl.interceptor.LogInterceptor  - 

10:48:05,287 [Thread-111] DEBUG org.activiti.engine.impl.db.DbSqlSession  - flush summary: 0 insert, 0 update, 0 delete.
10:48:05,288 [Thread-111] DEBUG org.activiti.engine.impl.db.DbSqlSession  - now executing flush...
10:48:05,288 [Thread-111] DEBUG org.activiti.engine.impl.cfg.standalone.StandaloneMybatisTransactionContext  - firing event committing...
10:48:05,288 [Thread-111] DEBUG org.activiti.engine.impl.cfg.standalone.StandaloneMybatisTransactionContext  - committing the ibatis sql session...
10:48:05,288 [Thread-111] DEBUG org.activiti.engine.impl.cfg.standalone.StandaloneMybatisTransactionContext  - firing event committed...
10:48:05,288 [Thread-111] DEBUG org.apache.ibatis.transaction.jdbc.JdbcTransaction  - Resetting autocommit to true on JDBC Connection [conn69: url=jdbc:h2:mem:activiti-AsyncExecutorTest user=SA]
10:48:05,288 [Thread-111] DEBUG org.apache.ibatis.transaction.jdbc.JdbcTransaction  - Closing JDBC Connection [conn69: url=jdbc:h2:mem:activiti-AsyncExecutorTest user=SA]
10:48:05,288 [Thread-111] DEBUG org.apache.ibatis.datasource.pooled.PooledDataSource  - Returned connection 1863805930 to pool.
10:48:05,288 [Thread-111] DEBUG org.activiti.engine.impl.interceptor.LogInterceptor  - --- AcquireTimerJobsCmd finished --------------------------------------------------------
10:48:05,288 [Thread-111] DEBUG org.activiti.engine.impl.interceptor.LogInterceptor  - 

10:48:05,288 [Thread-111] DEBUG org.activiti.engine.impl.asyncexecutor.AcquireTimerJobsRunnable  - timer job acquisition thread sleeping for 50 millis
10:48:05,287 [main] DEBUG org.activiti.engine.impl.history.DefaultHistoryManager  - Current history level: NONE, level required: ACTIVITY
10:48:05,288 [main] DEBUG org.activiti.engine.impl.history.DefaultHistoryManager  - Current history level: NONE, level required: FULL
10:48:05,288 [Thread-112] DEBUG org.activiti.engine.impl.asyncexecutor.AcquireAsyncJobsDueRunnable  - async job acquisition thread sleeping for 50 millis
10:48:05,288 [Thread-106] DEBUG org.activiti.engine.impl.asyncexecutor.AcquireAsyncJobsDueRunnable  - async job acquisition thread sleeping for 50 millis
10:48:05,287 [Thread-103] DEBUG org.activiti.engine.impl.persistence.entity.JobEntity.selectAsyncJobsDueToExecute  - ==&gt; Parameters: 2023-03-20 10:48:05.285(Timestamp), 2023-03-20 10:48:05.285(Timestamp), 1(Integer), 0(Integer)
10:48:05,288 [main] DEBUG org.activiti.engine.impl.history.DefaultHistoryManager  - Current history level: NONE, level required: ACTIVITY
10:48:05,288 [main] DEBUG org.activiti.engine.impl.history.DefaultHistoryManager  - Current history level: NONE, level required: FULL
10:48:05,288 [Thread-103] DEBUG org.activiti.engine.impl.persistence.entity.JobEntity.selectAsyncJobsDueToExecute  - &lt;==      Total: 0
10:48:05,288 [main] DEBUG org.activiti.engine.impl.history.DefaultHistoryManager  - Current history level: NONE, level required: ACTIVITY
10:48:05,288 [main] DEBUG org.activiti.engine.impl.history.DefaultHistoryManager  - Current history level: NONE, level required: FULL
10:48:05,288 [Thread-103] DEBUG org.activiti.engine.impl.db.DbSqlSession  - flush summary: 0 insert, 0 update, 0 delete.
10:48:05,288 [Thread-103] DEBUG org.activiti.engine.impl.db.DbSqlSession  - now executing flush...
10:48:05,288 [Thread-103] DEBUG org.activiti.engine.impl.cfg.standalone.StandaloneMybatisTransactionContext  - firing event committing...
10:48:05,288 [Thread-103] DEBUG org.activiti.engine.impl.cfg.standalone.StandaloneMybatisTransactionContext  - committing the ibatis sql session...
10:48:05,288 [Thread-103] DEBUG org.activiti.engine.impl.cfg.standalone.StandaloneMybatisTransactionContext  - firing event committed...
10:48:05,288 [Thread-103] DEBUG org.apache.ibatis.transaction.jdbc.JdbcTransaction  - Resetting autocommit to true on JDBC Connection [conn61: url=jdbc:h2:mem:activiti-AsyncExecutorTest user=SA]
10:48:05,288 [Thread-103] DEBUG org.apache.ibatis.transaction.jdbc.JdbcTransaction  - Closing JDBC Connection [conn61: url=jdbc:h2:mem:activiti-AsyncExecutorTest user=SA]
10:48:05,288 [Thread-103] DEBUG org.apache.ibatis.datasource.pooled.PooledDataSource  - Returned connection 157985567 to pool.
10:48:05,288 [Thread-103] DEBUG org.activiti.engine.impl.interceptor.LogInterceptor  - --- AcquireAsyncJobsDueCmd finished --------------------------------------------------------
10:48:05,288 [Thread-103] DEBUG org.activiti.engine.impl.interceptor.LogInterceptor  - 

10:48:05,288 [main] DEBUG org.activiti.engine.impl.history.DefaultHistoryManager  - Current history level: NONE, level required: ACTIVITY
10:48:05,288 [main] DEBUG org.activiti.engine.impl.history.DefaultHistoryManager  - Current history level: NONE, level required: FULL
10:48:05,289 [main] DEBUG org.activiti.engine.impl.history.DefaultHistoryManager  - Current history level: NONE, level required: ACTIVITY
10:48:05,289 [main] DEBUG org.activiti.engine.impl.history.DefaultHistoryManager  - Current history level: NONE, level required: FULL
10:48:05,289 [main] DEBUG org.activiti.engine.impl.history.DefaultHistoryManager  - Current history level: NONE, level required: ACTIVITY
10:48:05,289 [main] DEBUG org.activiti.engine.impl.history.DefaultHistoryManager  - Current history level: NONE, level required: FULL
10:48:05,288 [Thread-103] DEBUG org.activiti.engine.impl.asyncexecutor.AcquireAsyncJobsDueRunnable  - async job acquisition thread sleeping for 50 millis
10:48:05,289 [main] DEBUG org.activiti.engine.impl.history.DefaultHistoryManager  - Current history level: NONE, level required: ACTIVITY
10:48:05,289 [main] DEBUG org.activiti.engine.impl.history.DefaultHistoryManager  - Current history level: NONE, level required: FULL
10:48:05,289 [main] DEBUG org.activiti.engine.impl.history.DefaultHistoryManager  - Current history level: NONE, level required: ACTIVITY
10:48:05,289 [main] DEBUG org.activiti.engine.impl.history.DefaultHistoryManager  - Current history level: NONE, level required: FULL
10:48:05,289 [main] DEBUG org.activiti.engine.impl.history.DefaultHistoryManager  - Current history level: NONE, level required: ACTIVITY
10:48:05,289 [main] DEBUG org.activiti.engine.impl.history.DefaultHistoryManager  - Current history level: NONE, level required: FULL
10:48:05,289 [main] DEBUG org.activiti.engine.impl.history.DefaultHistoryManager  - Current history level: NONE, level required: ACTIVITY
10:48:05,290 [main] DEBUG org.activiti.engine.impl.history.DefaultHistoryManager  - Current history level: NONE, level required: FULL
10:48:05,290 [main] DEBUG org.activiti.engine.impl.history.DefaultHistoryManager  - Current history level: NONE, level required: ACTIVITY
10:48:05,290 [main] DEBUG org.activiti.engine.impl.history.DefaultHistoryManager  - Current history level: NONE, level required: FULL
10:48:05,290 [main] DEBUG org.activiti.engine.impl.history.DefaultHistoryManager  - Current history level: NONE, level required: ACTIVITY
10:48:05,290 [main] DEBUG org.activiti.engine.impl.history.DefaultHistoryManager  - Current history level: NONE, level required: FULL
10:48:05,290 [main] DEBUG org.activiti.engine.impl.history.DefaultHistoryManager  - Current history level: NONE, level required: ACTIVITY
10:48:05,290 [main] DEBUG org.activiti.engine.impl.history.DefaultHistoryManager  - Current history level: NONE, level required: FULL
10:48:05,290 [main] DEBUG org.activiti.engine.impl.history.DefaultHistoryManager  - Current history level: NONE, level required: ACTIVITY
10:48:05,290 [main] DEBUG org.activiti.engine.impl.history.DefaultHistoryManager  - Current history level: NONE, level required: FULL
10:48:05,290 [main] DEBUG org.activiti.engine.impl.history.DefaultHistoryManager  - Current history level: NONE, level required: ACTIVITY
10:48:05,290 [main] DEBUG org.activiti.engine.impl.history.DefaultHistoryManager  - Current history level: NONE, level required: FULL
10:48:05,290 [main] DEBUG org.activiti.engine.impl.history.DefaultHistoryManager  - Current history level: NONE, level required: ACTIVITY
10:48:05,290 [main] DEBUG org.activiti.engine.impl.history.DefaultHistoryManager  - Current history level: NONE, level required: FULL
10:48:05,290 [main] DEBUG org.activiti.engine.impl.history.DefaultHistoryManager  - Current history level: NONE, level required: ACTIVITY
10:48:05,290 [main] DEBUG org.activiti.engine.impl.history.DefaultHistoryManager  - Current history level: NONE, level required: FULL
10:48:05,290 [main] DEBUG org.activiti.engine.impl.history.DefaultHistoryManager  - Current history level: NONE, level required: ACTIVITY
10:48:05,290 [main] DEBUG org.activiti.engine.impl.history.DefaultHistoryManager  - Current history level: NONE, level required: FULL
10:48:05,290 [main] DEBUG org.activiti.engine.impl.history.DefaultHistoryManager  - Current history level: NONE, level required: ACTIVITY
10:48:05,290 [main] DEBUG org.activiti.engine.impl.history.DefaultHistoryManager  - Current history level: NONE, level required: FULL
10:48:05,290 [main] DEBUG org.activiti.engine.impl.history.DefaultHistoryManager  - Current history level: NONE, level required: ACTIVITY
10:48:05,290 [main] DEBUG org.activiti.engine.impl.history.DefaultHistoryManager  - Current history level: NONE, level required: FULL
10:48:05,290 [main] DEBUG org.activiti.engine.impl.history.DefaultHistoryManager  - Current history level: NONE, level required: ACTIVITY
10:48:05,290 [main] DEBUG org.activiti.engine.impl.history.DefaultHistoryManager  - Current history level: NONE, level required: FULL
10:48:05,290 [main] DEBUG org.activiti.engine.impl.history.DefaultHistoryManager  - Current history level: NONE, level required: ACTIVITY
10:48:05,290 [main] DEBUG org.activiti.engine.impl.history.DefaultHistoryManager  - Current history level: NONE, level required: FULL
10:48:05,290 [main] DEBUG org.activiti.engine.impl.history.DefaultHistoryManager  - Current history level: NONE, level required: ACTIVITY
10:48:05,290 [main] DEBUG org.activiti.engine.impl.history.DefaultHistoryManager  - Current history level: NONE, level required: FULL
10:48:05,290 [main] DEBUG org.activiti.engine.impl.history.DefaultHistoryManager  - Current history level: NONE, level required: ACTIVITY
10:48:05,290 [main] DEBUG org.activiti.engine.impl.history.DefaultHistoryManager  - Current history level: NONE, level required: FULL
10:48:05,290 [main] DEBUG org.activiti.engine.impl.history.DefaultHistoryManager  - Current history level: NONE, level required: ACTIVITY
10:48:05,290 [main] DEBUG org.activiti.engine.impl.history.DefaultHistoryManager  - Current history level: NONE, level required: FULL
10:48:05,290 [main] DEBUG org.activiti.engine.impl.history.DefaultHistoryManager  - Current history level: NONE, level required: ACTIVITY
10:48:05,290 [main] DEBUG org.activiti.engine.impl.history.DefaultHistoryManager  - Current history level: NONE, level required: FULL
10:48:05,290 [main] DEBUG org.activiti.engine.impl.history.DefaultHistoryManager  - Current history level: NONE, level required: ACTIVITY
10:48:05,291 [main] DEBUG org.activiti.engine.impl.history.DefaultHistoryManager  - Current history level: NONE, level required: FULL
10:48:05,291 [main] DEBUG org.activiti.engine.impl.history.DefaultHistoryManager  - Current history level: NONE, level required: ACTIVITY
10:48:05,291 [main] DEBUG org.activiti.engine.impl.history.DefaultHistoryManager  - Current history level: NONE, level required: FULL
10:48:05,291 [main] DEBUG org.activiti.engine.impl.history.DefaultHistoryManager  - Current history level: NONE, level required: ACTIVITY
10:48:05,291 [main] DEBUG org.activiti.engine.impl.history.DefaultHistoryManager  - Current history level: NONE, level required: FULL
10:48:05,291 [main] DEBUG org.activiti.engine.impl.history.DefaultHistoryManager  - Current history level: NONE, level required: ACTIVITY
10:48:05,291 [main] DEBUG org.activiti.engine.impl.history.DefaultHistoryManager  - Current history level: NONE, level required: FULL
10:48:05,291 [main] DEBUG org.activiti.engine.impl.history.DefaultHistoryManager  - Current history level: NONE, level required: ACTIVITY
10:48:05,291 [main] DEBUG org.activiti.engine.impl.history.DefaultHistoryManager  - Current history level: NONE, level required: FULL
10:48:05,291 [main] DEBUG org.activiti.engine.impl.history.DefaultHistoryManager  - Current history level: NONE, level required: ACTIVITY
10:48:05,291 [main] DEBUG org.activiti.engine.impl.history.DefaultHistoryManager  - Current history level: NONE, level required: FULL
10:48:05,291 [main] DEBUG org.activiti.engine.impl.history.DefaultHistoryManager  - Current history level: NONE, level required: ACTIVITY
10:48:05,291 [main] DEBUG org.activiti.engine.impl.history.DefaultHistoryManager  - Current history level: NONE, level required: FULL
10:48:05,291 [main] DEBUG org.activiti.engine.impl.history.DefaultHistoryManager  - Current history level: NONE, level required: ACTIVITY
10:48:05,291 [main] DEBUG org.activiti.engine.impl.history.DefaultHistoryManager  - Current history level: NONE, level required: FULL
10:48:05,291 [main] DEBUG org.activiti.engine.impl.history.DefaultHistoryManager  - Current history level: NONE, level required: ACTIVITY
10:48:05,291 [main] DEBUG org.activiti.engine.impl.history.DefaultHistoryManager  - Current history level: NONE, level required: FULL
10:48:05,291 [main] DEBUG org.activiti.engine.impl.history.DefaultHistoryManager  - Current history level: NONE, level required: ACTIVITY
10:48:05,291 [main] DEBUG org.activiti.engine.impl.history.DefaultHistoryManager  - Current history level: NONE, level required: FULL
10:48:05,291 [main] DEBUG org.activiti.engine.impl.history.DefaultHistoryManager  - Current history level: NONE, level required: ACTIVITY
10:48:05,291 [main] DEBUG org.activiti.engine.impl.history.DefaultHistoryManager  - Current history level: NONE, level required: FULL
10:48:05,291 [main] DEBUG org.activiti.engine.impl.history.DefaultHistoryManager  - Current history level: NONE, level required: ACTIVITY
10:48:05,291 [main] DEBUG org.activiti.engine.impl.history.DefaultHistoryManager  - Current history level: NONE, level required: FULL
10:48:05,291 [main] DEBUG org.activiti.engine.impl.history.DefaultHistoryManager  - Current history level: NONE, level required: ACTIVITY
10:48:05,291 [main] DEBUG org.activiti.engine.impl.history.DefaultHistoryManager  - Current history level: NONE, level required: FULL
10:48:05,291 [main] DEBUG org.activiti.engine.impl.history.DefaultHistoryManager  - Current history level: NONE, level required: ACTIVITY
10:48:05,291 [main] DEBUG org.activiti.engine.impl.history.DefaultHistoryManager  - Current history level: NONE, level required: FULL
10:48:05,291 [main] DEBUG org.activiti.engine.impl.history.DefaultHistoryManager  - Current history level: NONE, level required: ACTIVITY
10:48:05,291 [main] DEBUG org.activiti.engine.impl.history.DefaultHistoryManager  - Current history level: NONE, level required: FULL
10:48:05,291 [main] DEBUG org.activiti.engine.impl.history.DefaultHistoryManager  - Current history level: NONE, level required: ACTIVITY
10:48:05,292 [main] DEBUG org.activiti.engine.impl.history.DefaultHistoryManager  - Current history level: NONE, level required: FULL
10:48:05,292 [main] DEBUG org.activiti.engine.impl.history.DefaultHistoryManager  - Current history level: NONE, level required: ACTIVITY
10:48:05,292 [main] DEBUG org.activiti.engine.impl.history.DefaultHistoryManager  - Current history level: NONE, level required: FULL
10:48:05,292 [main] DEBUG org.activiti.engine.impl.history.DefaultHistoryManager  - Current history level: NONE, level required: ACTIVITY
10:48:05,292 [main] DEBUG org.activiti.engine.impl.history.DefaultHistoryManager  - Current history level: NONE, level required: FULL
10:48:05,292 [main] DEBUG org.activiti.engine.impl.history.DefaultHistoryManager  - Current history level: NONE, level required: ACTIVITY
10:48:05,292 [main] DEBUG org.activiti.engine.impl.history.DefaultHistoryManager  - Current history level: NONE, level required: FULL
10:48:05,292 [main] DEBUG org.activiti.engine.impl.history.DefaultHistoryManager  - Current history level: NONE, level required: ACTIVITY
10:48:05,292 [main] DEBUG org.activiti.engine.impl.history.DefaultHistoryManager  - Current history level: NONE, level required: FULL
10:48:05,292 [main] DEBUG org.activiti.engine.impl.history.DefaultHistoryManager  - Current history level: NONE, level required: ACTIVITY
10:48:05,292 [main] DEBUG org.activiti.engine.impl.history.DefaultHistoryManager  - Current history level: NONE, level required: FULL
10:48:05,292 [main] DEBUG org.activiti.engine.impl.history.DefaultHistoryManager  - Current history level: NONE, level required: ACTIVITY
10:48:05,292 [main] DEBUG org.activiti.engine.impl.history.DefaultHistoryManager  - Current history level: NONE, level required: FULL
10:48:05,292 [main] DEBUG org.activiti.engine.impl.history.DefaultHistoryManager  - Current history level: NONE, level required: ACTIVITY
10:48:05,292 [main] DEBUG org.activiti.engine.impl.history.DefaultHistoryManager  - Current history level: NONE, level required: FULL
10:48:05,292 [main] DEBUG org.activiti.engine.impl.history.DefaultHistoryManager  - Current history level: NONE, level required: ACTIVITY
10:48:05,292 [main] DEBUG org.activiti.engine.impl.history.DefaultHistoryManager  - Current history level: NONE, level required: FULL
10:48:05,292 [main] DEBUG org.activiti.engine.impl.history.DefaultHistoryManager  - Current history level: NONE, level required: ACTIVITY
10:48:05,292 [main] DEBUG org.activiti.engine.impl.history.DefaultHistoryManager  - Current history level: NONE, level required: FULL
10:48:05,292 [main] DEBUG org.activiti.engine.impl.history.DefaultHistoryManager  - Current history level: NONE, level required: ACTIVITY
10:48:05,292 [main] DEBUG org.activiti.engine.impl.history.DefaultHistoryManager  - Current history level: NONE, level required: FULL
10:48:05,292 [main] DEBUG org.activiti.engine.impl.history.DefaultHistoryManager  - Current history level: NONE, level required: ACTIVITY
10:48:05,292 [main] DEBUG org.activiti.engine.impl.history.DefaultHistoryManager  - Current history level: NONE, level required: FULL
10:48:05,292 [main] DEBUG org.activiti.engine.impl.history.DefaultHistoryManager  - Current history level: NONE, level required: ACTIVITY
10:48:05,292 [main] DEBUG org.activiti.engine.impl.history.DefaultHistoryManager  - Current history level: NONE, level required: FULL
10:48:05,292 [main] DEBUG org.activiti.engine.impl.history.DefaultHistoryManager  - Current history level: NONE, level required: ACTIVITY
10:48:05,292 [main] DEBUG org.activiti.engine.impl.history.DefaultHistoryManager  - Current history level: NONE, level required: FULL
10:48:05,292 [main] DEBUG org.activiti.engine.impl.history.DefaultHistoryManager  - Current history level: NONE, level required: ACTIVITY
10:48:05,292 [main] DEBUG org.activiti.engine.impl.history.DefaultHistoryManager  - Current history level: NONE, level required: FULL
10:48:05,292 [main] DEBUG org.activiti.engine.impl.history.DefaultHistoryManager  - Current history level: NONE, level required: ACTIVITY
10:48:05,293 [main] DEBUG org.activiti.engine.impl.history.DefaultHistoryManager  - Current history level: NONE, level required: FULL
10:48:05,293 [main] DEBUG org.activiti.engine.impl.history.DefaultHistoryManager  - Current history level: NONE, level required: ACTIVITY
10:48:05,293 [main] DEBUG org.activiti.engine.impl.history.DefaultHistoryManager  - Current history level: NONE, level required: FULL
10:48:05,293 [main] DEBUG org.activiti.engine.impl.history.DefaultHistoryManager  - Current history level: NONE, level required: ACTIVITY
10:48:05,293 [main] DEBUG org.activiti.engine.impl.history.DefaultHistoryManager  - Current history level: NONE, level required: FULL
10:48:05,293 [main] DEBUG org.activiti.engine.impl.history.DefaultHistoryManager  - Current history level: NONE, level required: ACTIVITY
10:48:05,293 [main] DEBUG org.activiti.engine.impl.history.DefaultHistoryManager  - Current history level: NONE, level required: FULL
10:48:05,293 [main] DEBUG org.activiti.engine.impl.history.DefaultHistoryManager  - Current history level: NONE, level required: ACTIVITY
10:48:05,293 [main] DEBUG org.activiti.engine.impl.history.DefaultHistoryManager  - Current history level: NONE, level required: FULL
10:48:05,293 [main] DEBUG org.activiti.engine.impl.history.DefaultHistoryManager  - Current history level: NONE, level required: ACTIVITY
10:48:05,293 [main] DEBUG org.activiti.engine.impl.history.DefaultHistoryManager  - Current history level: NONE, level required: FULL
10:48:05,293 [main] DEBUG org.activiti.engine.impl.history.DefaultHistoryManager  - Current history level: NONE, level required: ACTIVITY
10:48:05,293 [main] DEBUG org.activiti.engine.impl.history.DefaultHistoryManager  - Current history level: NONE, level required: FULL
10:48:05,293 [main] DEBUG org.activiti.engine.impl.history.DefaultHistoryManager  - Current history level: NONE, level required: ACTIVITY
10:48:05,293 [main] DEBUG org.activiti.engine.impl.history.DefaultHistoryManager  - Current history level: NONE, level required: FULL
10:48:05,293 [main] DEBUG org.activiti.engine.impl.history.DefaultHistoryManager  - Current history level: NONE, level required: ACTIVITY
10:48:05,293 [main] DEBUG org.activiti.engine.impl.history.DefaultHistoryManager  - Current history level: NONE, level required: FULL
10:48:05,293 [main] DEBUG org.activiti.engine.impl.history.DefaultHistoryManager  - Current history level: NONE, level required: ACTIVITY
10:48:05,293 [main] DEBUG org.activiti.engine.impl.history.DefaultHistoryManager  - Current history level: NONE, level required: FULL
10:48:05,293 [main] DEBUG org.activiti.engine.impl.history.DefaultHistoryManager  - Current history level: NONE, level required: ACTIVITY
10:48:05,293 [main] DEBUG org.activiti.engine.impl.history.DefaultHistoryManager  - Current history level: NONE, level required: FULL
10:48:05,293 [main] DEBUG org.activiti.engine.impl.history.DefaultHistoryManager  - Current history level: NONE, level required: ACTIVITY
10:48:05,293 [main] DEBUG org.activiti.engine.impl.history.DefaultHistoryManager  - Current history level: NONE, level required: FULL
10:48:05,293 [main] DEBUG org.activiti.engine.impl.history.DefaultHistoryManager  - Current history level: NONE, level required: ACTIVITY
10:48:05,293 [main] DEBUG org.activiti.engine.impl.history.DefaultHistoryManager  - Current history level: NONE, level required: FULL
10:48:05,293 [main] DEBUG org.activiti.engine.impl.history.DefaultHistoryManager  - Current history level: NONE, level required: ACTIVITY
10:48:05,293 [main] DEBUG org.activiti.engine.impl.history.DefaultHistoryManager  - Current history level: NONE, level required: FULL
10:48:05,293 [main] DEBUG org.activiti.engine.impl.history.DefaultHistoryManager  - Current history level: NONE, level required: ACTIVITY
10:48:05,293 [main] DEBUG org.activiti.engine.impl.history.DefaultHistoryManager  - Current history level: NONE, level required: FULL
10:48:05,294 [main] DEBUG org.activiti.engine.impl.history.DefaultHistoryManager  - Current history level: NONE, level required: ACTIVITY
10:48:05,294 [main] DEBUG org.activiti.engine.impl.history.DefaultHistoryManager  - Current history level: NONE, level required: FULL
10:48:05,294 [main] DEBUG org.activiti.engine.impl.history.DefaultHistoryManager  - Current history level: NONE, level required: ACTIVITY
10:48:05,294 [main] DEBUG org.activiti.engine.impl.history.DefaultHistoryManager  - Current history level: NONE, level required: FULL
10:48:05,294 [main] DEBUG org.activiti.engine.impl.history.DefaultHistoryManager  - Current history level: NONE, level required: ACTIVITY
10:48:05,294 [main] DEBUG org.activiti.engine.impl.history.DefaultHistoryManager  - Current history level: NONE, level required: FULL
10:48:05,294 [main] DEBUG org.activiti.engine.impl.history.DefaultHistoryManager  - Current history level: NONE, level required: ACTIVITY
10:48:05,294 [main] DEBUG org.activiti.engine.impl.history.DefaultHistoryManager  - Current history level: NONE, level required: FULL
10:48:05,294 [main] DEBUG org.activiti.engine.impl.history.DefaultHistoryManager  - Current history level: NONE, level required: ACTIVITY
10:48:05,294 [main] DEBUG org.activiti.engine.impl.history.DefaultHistoryManager  - Current history level: NONE, level required: FULL
10:48:05,294 [main] DEBUG org.activiti.engine.impl.history.DefaultHistoryManager  - Current history level: NONE, level required: ACTIVITY
10:48:05,294 [main] DEBUG org.activiti.engine.impl.history.DefaultHistoryManager  - Current history level: NONE, level required: FULL
10:48:05,294 [main] DEBUG org.activiti.engine.impl.history.DefaultHistoryManager  - Current history level: NONE, level required: ACTIVITY
10:48:05,294 [main] DEBUG org.activiti.engine.impl.history.DefaultHistoryManager  - Current history level: NONE, level required: FULL
10:48:05,294 [main] DEBUG org.activiti.engine.impl.history.DefaultHistoryManager  - Current history level: NONE, level required: ACTIVITY
10:48:05,294 [main] DEBUG org.activiti.engine.impl.history.DefaultHistoryManager  - Current history level: NONE, level required: FULL
10:48:05,294 [main] DEBUG org.activiti.engine.impl.history.DefaultHistoryManager  - Current history level: NONE, level required: ACTIVITY
10:48:05,294 [main] DEBUG org.activiti.engine.impl.history.DefaultHistoryManager  - Current history level: NONE, level required: FULL
10:48:05,294 [main] DEBUG org.activiti.engine.impl.history.DefaultHistoryManager  - Current history level: NONE, level required: ACTIVITY
10:48:05,294 [main] DEBUG org.activiti.engine.impl.history.DefaultHistoryManager  - Current history level: NONE, level required: FULL
10:48:05,294 [main] DEBUG org.activiti.engine.impl.history.DefaultHistoryManager  - Current history level: NONE, level required: ACTIVITY
10:48:05,294 [main] DEBUG org.activiti.engine.impl.history.DefaultHistoryManager  - Current history level: NONE, level required: FULL
10:48:05,294 [main] DEBUG org.activiti.engine.impl.history.DefaultHistoryManager  - Current history level: NONE, level required: ACTIVITY
10:48:05,294 [main] DEBUG org.activiti.engine.impl.history.DefaultHistoryManager  - Current history level: NONE, level required: FULL
10:48:05,294 [main] DEBUG org.activiti.engine.impl.history.DefaultHistoryManager  - Current history level: NONE, level required: ACTIVITY
10:48:05,295 [main] DEBUG org.activiti.engine.impl.history.DefaultHistoryManager  - Current history level: NONE, level required: FULL
10:48:05,295 [main] DEBUG org.activiti.engine.impl.history.DefaultHistoryManager  - Current history level: NONE, level required: ACTIVITY
10:48:05,295 [main] DEBUG org.activiti.engine.impl.history.DefaultHistoryManager  - Current history level: NONE, level required: FULL
10:48:05,295 [main] DEBUG org.activiti.engine.impl.history.DefaultHistoryManager  - Current history level: NONE, level required: ACTIVITY
10:48:05,295 [main] DEBUG org.activiti.engine.impl.history.DefaultHistoryManager  - Current history level: NONE, level required: FULL
10:48:05,295 [main] DEBUG org.activiti.engine.impl.history.DefaultHistoryManager  - Current history level: NONE, level required: ACTIVITY
10:48:05,295 [main] DEBUG org.activiti.engine.impl.history.DefaultHistoryManager  - Current history level: NONE, level required: FULL
10:48:05,295 [main] DEBUG org.activiti.engine.impl.history.DefaultHistoryManager  - Current history level: NONE, level required: ACTIVITY
10:48:05,295 [main] DEBUG org.activiti.engine.impl.history.DefaultHistoryManager  - Current history level: NONE, level required: FULL
10:48:05,295 [main] DEBUG org.activiti.engine.impl.history.DefaultHistoryManager  - Current history level: NONE, level required: ACTIVITY
10:48:05,295 [main] DEBUG org.activiti.engine.impl.history.DefaultHistoryManager  - Current history level: NONE, level required: FULL
10:48:05,295 [main] DEBUG org.activiti.engine.impl.history.DefaultHistoryManager  - Current history level: NONE, level required: ACTIVITY
10:48:05,295 [main] DEBUG org.activiti.engine.impl.history.DefaultHistoryManager  - Current history level: NONE, level required: FULL
10:48:05,295 [main] DEBUG org.activiti.engine.impl.history.DefaultHistoryManager  - Current history level: NONE, level required: ACTIVITY
10:48:05,295 [main] DEBUG org.activiti.engine.impl.history.DefaultHistoryManager  - Current history level: NONE, level required: FULL
10:48:05,295 [main] DEBUG org.activiti.engine.impl.history.DefaultHistoryManager  - Current history level: NONE, level required: ACTIVITY
10:48:05,295 [main] DEBUG org.activiti.engine.impl.history.DefaultHistoryManager  - Current history level: NONE, level required: FULL
10:48:05,295 [main] DEBUG org.activiti.engine.impl.history.DefaultHistoryManager  - Current history level: NONE, level required: ACTIVITY
10:48:05,295 [main] DEBUG org.activiti.engine.impl.history.DefaultHistoryManager  - Current history level: NONE, level required: FULL
10:48:05,295 [main] DEBUG org.activiti.engine.impl.history.DefaultHistoryManager  - Current history level: NONE, level required: ACTIVITY
10:48:05,295 [main] DEBUG org.activiti.engine.impl.history.DefaultHistoryManager  - Current history level: NONE, level required: FULL
10:48:05,295 [main] DEBUG org.activiti.engine.impl.history.DefaultHistoryManager  - Current history level: NONE, level required: ACTIVITY
10:48:05,295 [main] DEBUG org.activiti.engine.impl.history.DefaultHistoryManager  - Current history level: NONE, level required: FULL
10:48:05,296 [main] DEBUG org.activiti.engine.impl.history.DefaultHistoryManager  - Current history level: NONE, level required: ACTIVITY
10:48:05,297 [main] DEBUG org.activiti.engine.impl.history.DefaultHistoryManager  - Current history level: NONE, level required: FULL
10:48:05,297 [main] DEBUG org.activiti.engine.impl.history.DefaultHistoryManager  - Current history level: NONE, level required: ACTIVITY
10:48:05,297 [main] DEBUG org.activiti.engine.impl.history.DefaultHistoryManager  - Current history level: NONE, level required: FULL
10:48:05,297 [main] DEBUG org.activiti.engine.impl.history.DefaultHistoryManager  - Current history level: NONE, level required: ACTIVITY
10:48:05,297 [main] DEBUG org.activiti.engine.impl.history.DefaultHistoryManager  - Current history level: NONE, level required: FULL
10:48:05,297 [main] DEBUG org.activiti.engine.impl.history.DefaultHistoryManager  - Current history level: NONE, level required: ACTIVITY
10:48:05,297 [main] DEBUG org.activiti.engine.impl.history.DefaultHistoryManager  - Current history level: NONE, level required: FULL
10:48:05,297 [main] DEBUG org.activiti.engine.impl.history.DefaultHistoryManager  - Current history level: NONE, level required: ACTIVITY
10:48:05,297 [main] DEBUG org.activiti.engine.impl.history.DefaultHistoryManager  - Current history level: NONE, level required: FULL
10:48:05,298 [main] DEBUG org.activiti.engine.impl.history.DefaultHistoryManager  - Current history level: NONE, level required: ACTIVITY
10:48:05,298 [main] DEBUG org.activiti.engine.impl.history.DefaultHistoryManager  - Current history level: NONE, level required: FULL
10:48:05,298 [main] DEBUG org.activiti.engine.impl.history.DefaultHistoryManager  - Current history level: NONE, level required: ACTIVITY
10:48:05,298 [main] DEBUG org.activiti.engine.impl.history.DefaultHistoryManager  - Current history level: NONE, level required: FULL
10:48:05,298 [main] DEBUG org.activiti.engine.impl.history.DefaultHistoryManager  - Current history level: NONE, level required: ACTIVITY
10:48:05,298 [main] DEBUG org.activiti.engine.impl.history.DefaultHistoryManager  - Current history level: NONE, level required: FULL
10:48:05,298 [main] DEBUG org.activiti.engine.impl.history.DefaultHistoryManager  - Current history level: NONE, level required: ACTIVITY
10:48:05,298 [main] DEBUG org.activiti.engine.impl.history.DefaultHistoryManager  - Current history level: NONE, level required: FULL
10:48:05,298 [main] DEBUG org.activiti.engine.impl.history.DefaultHistoryManager  - Current history level: NONE, level required: ACTIVITY
10:48:05,298 [main] DEBUG org.activiti.engine.impl.history.DefaultHistoryManager  - Current history level: NONE, level required: FULL
10:48:05,298 [main] DEBUG org.activiti.engine.impl.history.DefaultHistoryManager  - Current history level: NONE, level required: ACTIVITY
10:48:05,298 [main] DEBUG org.activiti.engine.impl.history.DefaultHistoryManager  - Current history level: NONE, level required: FULL
10:48:05,298 [main] DEBUG org.activiti.engine.impl.history.DefaultHistoryManager  - Current history level: NONE, level required: ACTIVITY
10:48:05,298 [main] DEBUG org.activiti.engine.impl.history.DefaultHistoryManager  - Current history level: NONE, level required: FULL
10:48:05,298 [main] DEBUG org.activiti.engine.impl.history.DefaultHistoryManager  - Current history level: NONE, level required: ACTIVITY
10:48:05,299 [main] DEBUG org.activiti.engine.impl.history.DefaultHistoryManager  - Current history level: NONE, level required: FULL
10:48:05,299 [main] DEBUG org.activiti.engine.impl.history.DefaultHistoryManager  - Current history level: NONE, level required: ACTIVITY
10:48:05,299 [main] DEBUG org.activiti.engine.impl.history.DefaultHistoryManager  - Current history level: NONE, level required: FULL
10:48:05,299 [main] DEBUG org.activiti.engine.impl.history.DefaultHistoryManager  - Current history level: NONE, level required: ACTIVITY
10:48:05,299 [main] DEBUG org.activiti.engine.impl.history.DefaultHistoryManager  - Current history level: NONE, level required: FULL
10:48:05,299 [main] DEBUG org.activiti.engine.impl.history.DefaultHistoryManager  - Current history level: NONE, level required: ACTIVITY
10:48:05,299 [main] DEBUG org.activiti.engine.impl.history.DefaultHistoryManager  - Current history level: NONE, level required: FULL
10:48:05,299 [main] DEBUG org.activiti.engine.impl.history.DefaultHistoryManager  - Current history level: NONE, level required: ACTIVITY
10:48:05,299 [main] DEBUG org.activiti.engine.impl.history.DefaultHistoryManager  - Current history level: NONE, level required: FULL
10:48:05,299 [main] DEBUG org.activiti.engine.impl.history.DefaultHistoryManager  - Current history level: NONE, level required: ACTIVITY
10:48:05,299 [main] DEBUG org.activiti.engine.impl.history.DefaultHistoryManager  - Current history level: NONE, level required: FULL
10:48:05,299 [main] DEBUG org.activiti.engine.impl.history.DefaultHistoryManager  - Current history level: NONE, level required: ACTIVITY
10:48:05,299 [main] DEBUG org.activiti.engine.impl.history.DefaultHistoryManager  - Current history level: NONE, level required: FULL
10:48:05,299 [main] DEBUG org.activiti.engine.impl.history.DefaultHistoryManager  - Current history level: NONE, level required: ACTIVITY
10:48:05,299 [main] DEBUG org.activiti.engine.impl.history.DefaultHistoryManager  - Current history level: NONE, level required: FULL
10:48:05,299 [main] DEBUG org.activiti.engine.impl.history.DefaultHistoryManager  - Current history level: NONE, level required: ACTIVITY
10:48:05,299 [main] DEBUG org.activiti.engine.impl.history.DefaultHistoryManager  - Current history level: NONE, level required: FULL
10:48:05,299 [main] DEBUG org.activiti.engine.impl.history.DefaultHistoryManager  - Current history level: NONE, level required: ACTIVITY
10:48:05,299 [main] DEBUG org.activiti.engine.impl.history.DefaultHistoryManager  - Current history level: NONE, level required: FULL
10:48:05,299 [main] DEBUG org.activiti.engine.impl.history.DefaultHistoryManager  - Current history level: NONE, level required: ACTIVITY
10:48:05,299 [main] DEBUG org.activiti.engine.impl.history.DefaultHistoryManager  - Current history level: NONE, level required: FULL
10:48:05,299 [main] DEBUG org.activiti.engine.impl.history.DefaultHistoryManager  - Current history level: NONE, level required: ACTIVITY
10:48:05,299 [main] DEBUG org.activiti.engine.impl.history.DefaultHistoryManager  - Current history level: NONE, level required: FULL
10:48:05,299 [main] DEBUG org.activiti.engine.impl.history.DefaultHistoryManager  - Current history level: NONE, level required: ACTIVITY
10:48:05,300 [main] DEBUG org.activiti.engine.impl.history.DefaultHistoryManager  - Current history level: NONE, level required: FULL
10:48:05,300 [main] DEBUG org.activiti.engine.impl.history.DefaultHistoryManager  - Current history level: NONE, level required: ACTIVITY
10:48:05,301 [main] DEBUG org.activiti.engine.impl.history.DefaultHistoryManager  - Current history level: NONE, level required: FULL
10:48:05,301 [main] DEBUG org.activiti.engine.impl.history.DefaultHistoryManager  - Current history level: NONE, level required: ACTIVITY
10:48:05,302 [main] DEBUG org.activiti.engine.impl.history.DefaultHistoryManager  - Current history level: NONE, level required: FULL
10:48:05,302 [main] DEBUG org.activiti.engine.impl.history.DefaultHistoryManager  - Current history level: NONE, level required: ACTIVITY
10:48:05,302 [main] DEBUG org.activiti.engine.impl.history.DefaultHistoryManager  - Current history level: NONE, level required: FULL
10:48:05,302 [main] DEBUG org.activiti.engine.impl.history.DefaultHistoryManager  - Current history level: NONE, level required: ACTIVITY
10:48:05,302 [main] DEBUG org.activiti.engine.impl.history.DefaultHistoryManager  - Current history level: NONE, level required: FULL
10:48:05,302 [main] DEBUG org.activiti.engine.impl.history.DefaultHistoryManager  - Current history level: NONE, level required: ACTIVITY
10:48:05,302 [main] DEBUG org.activiti.engine.impl.history.DefaultHistoryManager  - Current history level: NONE, level required: FULL
10:48:05,302 [main] DEBUG org.activiti.engine.impl.history.DefaultHistoryManager  - Current history level: NONE, level required: ACTIVITY
10:48:05,302 [main] DEBUG org.activiti.engine.impl.history.DefaultHistoryManager  - Current history level: NONE, level required: FULL
10:48:05,302 [main] DEBUG org.activiti.engine.impl.history.DefaultHistoryManager  - Current history level: NONE, level required: ACTIVITY
10:48:05,302 [main] DEBUG org.activiti.engine.impl.history.DefaultHistoryManager  - Current history level: NONE, level required: FULL
10:48:05,302 [main] DEBUG org.activiti.engine.impl.history.DefaultHistoryManager  - Current history level: NONE, level required: ACTIVITY
10:48:05,302 [main] DEBUG org.activiti.engine.impl.history.DefaultHistoryManager  - Current history level: NONE, level required: FULL
10:48:05,302 [main] DEBUG org.activiti.engine.impl.history.DefaultHistoryManager  - Current history level: NONE, level required: ACTIVITY
10:48:05,302 [main] DEBUG org.activiti.engine.impl.history.DefaultHistoryManager  - Current history level: NONE, level required: FULL
10:48:05,302 [main] DEBUG org.activiti.engine.impl.history.DefaultHistoryManager  - Current history level: NONE, level required: ACTIVITY
10:48:05,302 [main] DEBUG org.activiti.engine.impl.history.DefaultHistoryManager  - Current history level: NONE, level required: FULL
10:48:05,302 [main] DEBUG org.activiti.engine.impl.history.DefaultHistoryManager  - Current history level: NONE, level required: ACTIVITY
10:48:05,302 [main] DEBUG org.activiti.engine.impl.history.DefaultHistoryManager  - Current history level: NONE, level required: FULL
10:48:05,302 [main] DEBUG org.activiti.engine.impl.history.DefaultHistoryManager  - Current history level: NONE, level required: ACTIVITY
10:48:05,302 [main] DEBUG org.activiti.engine.impl.history.DefaultHistoryManager  - Current history level: NONE, level required: FULL
10:48:05,302 [main] DEBUG org.activiti.engine.impl.history.DefaultHistoryManager  - Current history level: NONE, level required: ACTIVITY
10:48:05,302 [main] DEBUG org.activiti.engine.impl.history.DefaultHistoryManager  - Current history level: NONE, level required: FULL
10:48:05,303 [main] DEBUG org.activiti.engine.impl.history.DefaultHistoryManager  - Current history level: NONE, level required: ACTIVITY
10:48:05,303 [main] DEBUG org.activiti.engine.impl.history.DefaultHistoryManager  - Current history level: NONE, level required: FULL
10:48:05,303 [main] DEBUG org.activiti.engine.impl.history.DefaultHistoryManager  - Current history level: NONE, level required: ACTIVITY
10:48:05,303 [main] DEBUG org.activiti.engine.impl.history.DefaultHistoryManager  - Current history level: NONE, level required: FULL
10:48:05,303 [main] DEBUG org.activiti.engine.impl.history.DefaultHistoryManager  - Current history level: NONE, level required: ACTIVITY
10:48:05,303 [main] DEBUG org.activiti.engine.impl.history.DefaultHistoryManager  - Current history level: NONE, level required: FULL
10:48:05,303 [main] DEBUG org.activiti.engine.impl.history.DefaultHistoryManager  - Current history level: NONE, level required: ACTIVITY
10:48:05,303 [main] DEBUG org.activiti.engine.impl.history.DefaultHistoryManager  - Current history level: NONE, level required: FULL
10:48:05,303 [main] DEBUG org.activiti.engine.impl.history.DefaultHistoryManager  - Current history level: NONE, level required: ACTIVITY
10:48:05,303 [main] DEBUG org.activiti.engine.impl.history.DefaultHistoryManager  - Current history level: NONE, level required: FULL
10:48:05,303 [main] DEBUG org.activiti.engine.impl.history.DefaultHistoryManager  - Current history level: NONE, level required: ACTIVITY
10:48:05,303 [main] DEBUG org.activiti.engine.impl.history.DefaultHistoryManager  - Current history level: NONE, level required: FULL
10:48:05,303 [main] DEBUG org.activiti.engine.impl.history.DefaultHistoryManager  - Current history level: NONE, level required: ACTIVITY
10:48:05,303 [main] DEBUG org.activiti.engine.impl.history.DefaultHistoryManager  - Current history level: NONE, level required: FULL
10:48:05,303 [main] DEBUG org.activiti.engine.impl.history.DefaultHistoryManager  - Current history level: NONE, level required: ACTIVITY
10:48:05,303 [main] DEBUG org.activiti.engine.impl.history.DefaultHistoryManager  - Current history level: NONE, level required: FULL
10:48:05,303 [main] DEBUG org.activiti.engine.impl.history.DefaultHistoryManager  - Current history level: NONE, level required: ACTIVITY
10:48:05,303 [main] DEBUG org.activiti.engine.impl.history.DefaultHistoryManager  - Current history level: NONE, level required: FULL
10:48:05,303 [main] DEBUG org.activiti.engine.impl.history.DefaultHistoryManager  - Current history level: NONE, level required: ACTIVITY
10:48:05,303 [main] DEBUG org.activiti.engine.impl.history.DefaultHistoryManager  - Current history level: NONE, level required: FULL
10:48:05,303 [main] DEBUG org.activiti.engine.impl.history.DefaultHistoryManager  - Current history level: NONE, level required: ACTIVITY
10:48:05,303 [main] DEBUG org.activiti.engine.impl.history.DefaultHistoryManager  - Current history level: NONE, level required: FULL
10:48:05,303 [main] DEBUG org.activiti.engine.impl.history.DefaultHistoryManager  - Current history level: NONE, level required: ACTIVITY
10:48:05,303 [main] DEBUG org.activiti.engine.impl.history.DefaultHistoryManager  - Current history level: NONE, level required: FULL
10:48:05,304 [main] DEBUG org.activiti.engine.impl.history.DefaultHistoryManager  - Current history level: NONE, level required: ACTIVITY
10:48:05,304 [main] DEBUG org.activiti.engine.impl.history.DefaultHistoryManager  - Current history level: NONE, level required: FULL
10:48:05,304 [main] DEBUG org.activiti.engine.impl.history.DefaultHistoryManager  - Current history level: NONE, level required: ACTIVITY
10:48:05,304 [main] DEBUG org.activiti.engine.impl.history.DefaultHistoryManager  - Current history level: NONE, level required: FULL
10:48:05,304 [main] DEBUG org.activiti.engine.impl.history.DefaultHistoryManager  - Current history level: NONE, level required: ACTIVITY
10:48:05,304 [main] DEBUG org.activiti.engine.impl.history.DefaultHistoryManager  - Current history level: NONE, level required: FULL
10:48:05,304 [main] DEBUG org.activiti.engine.impl.history.DefaultHistoryManager  - Current history level: NONE, level required: ACTIVITY
10:48:05,304 [main] DEBUG org.activiti.engine.impl.history.DefaultHistoryManager  - Current history level: NONE, level required: FULL
10:48:05,304 [main] DEBUG org.activiti.engine.impl.history.DefaultHistoryManager  - Current history level: NONE, level required: ACTIVITY
10:48:05,304 [main] DEBUG org.activiti.engine.impl.history.DefaultHistoryManager  - Current history level: NONE, level required: FULL
10:48:05,304 [main] DEBUG org.activiti.engine.impl.history.DefaultHistoryManager  - Current history level: NONE, level required: ACTIVITY
10:48:05,304 [main] DEBUG org.activiti.engine.impl.history.DefaultHistoryManager  - Current history level: NONE, level required: FULL
10:48:05,304 [main] DEBUG org.activiti.engine.impl.history.DefaultHistoryManager  - Current history level: NONE, level required: ACTIVITY
10:48:05,304 [main] DEBUG org.activiti.engine.impl.history.DefaultHistoryManager  - Current history level: NONE, level required: FULL
10:48:05,304 [main] DEBUG org.activiti.engine.impl.history.DefaultHistoryManager  - Current history level: NONE, level required: ACTIVITY
10:48:05,304 [main] DEBUG org.activiti.engine.impl.history.DefaultHistoryManager  - Current history level: NONE, level required: FULL
10:48:05,304 [main] DEBUG org.activiti.engine.impl.history.DefaultHistoryManager  - Current history level: NONE, level required: ACTIVITY
10:48:05,304 [main] DEBUG org.activiti.engine.impl.history.DefaultHistoryManager  - Current history level: NONE, level required: FULL
10:48:05,304 [main] DEBUG org.activiti.engine.impl.history.DefaultHistoryManager  - Current history level: NONE, level required: ACTIVITY
10:48:05,304 [main] DEBUG org.activiti.engine.impl.history.DefaultHistoryManager  - Current history level: NONE, level required: FULL
10:48:05,304 [main] DEBUG org.activiti.engine.impl.history.DefaultHistoryManager  - Current history level: NONE, level required: ACTIVITY
10:48:05,304 [main] DEBUG org.activiti.engine.impl.history.DefaultHistoryManager  - Current history level: NONE, level required: FULL
10:48:05,304 [main] DEBUG org.activiti.engine.impl.history.DefaultHistoryManager  - Current history level: NONE, level required: ACTIVITY
10:48:05,304 [main] DEBUG org.activiti.engine.impl.history.DefaultHistoryManager  - Current history level: NONE, level required: FULL
10:48:05,305 [main] DEBUG org.activiti.engine.impl.history.DefaultHistoryManager  - Current history level: NONE, level required: ACTIVITY
10:48:05,305 [main] DEBUG org.activiti.engine.impl.history.DefaultHistoryManager  - Current history level: NONE, level required: FULL
10:48:05,305 [main] DEBUG org.activiti.engine.impl.history.DefaultHistoryManager  - Current history level: NONE, level required: ACTIVITY
10:48:05,305 [main] DEBUG org.activiti.engine.impl.history.DefaultHistoryManager  - Current history level: NONE, level required: FULL
10:48:05,305 [main] DEBUG org.activiti.engine.impl.history.DefaultHistoryManager  - Current history level: NONE, level required: ACTIVITY
10:48:05,305 [main] DEBUG org.activiti.engine.impl.history.DefaultHistoryManager  - Current history level: NONE, level required: FULL
10:48:05,305 [main] DEBUG org.activiti.engine.impl.history.DefaultHistoryManager  - Current history level: NONE, level required: ACTIVITY
10:48:05,305 [main] DEBUG org.activiti.engine.impl.history.DefaultHistoryManager  - Current history level: NONE, level required: FULL
10:48:05,305 [main] DEBUG org.activiti.engine.impl.history.DefaultHistoryManager  - Current history level: NONE, level required: ACTIVITY
10:48:05,305 [main] DEBUG org.activiti.engine.impl.history.DefaultHistoryManager  - Current history level: NONE, level required: FULL
10:48:05,305 [main] DEBUG org.activiti.engine.impl.history.DefaultHistoryManager  - Current history level: NONE, level required: ACTIVITY
10:48:05,305 [main] DEBUG org.activiti.engine.impl.history.DefaultHistoryManager  - Current history level: NONE, level required: FULL
10:48:05,305 [main] DEBUG org.activiti.engine.impl.history.DefaultHistoryManager  - Current history level: NONE, level required: ACTIVITY
10:48:05,305 [main] DEBUG org.activiti.engine.impl.history.DefaultHistoryManager  - Current history level: NONE, level required: FULL
10:48:05,305 [main] DEBUG org.activiti.engine.impl.history.DefaultHistoryManager  - Current history level: NONE, level required: ACTIVITY
10:48:05,305 [main] DEBUG org.activiti.engine.impl.history.DefaultHistoryManager  - Current history level: NONE, level required: FULL
10:48:05,305 [main] DEBUG org.activiti.engine.impl.history.DefaultHistoryManager  - Current history level: NONE, level required: ACTIVITY
10:48:05,305 [main] DEBUG org.activiti.engine.impl.history.DefaultHistoryManager  - Current history level: NONE, level required: FULL
10:48:05,305 [main] DEBUG org.activiti.engine.impl.history.DefaultHistoryManager  - Current history level: NONE, level required: ACTIVITY
10:48:05,305 [main] DEBUG org.activiti.engine.impl.history.DefaultHistoryManager  - Current history level: NONE, level required: FULL
10:48:05,305 [main] DEBUG org.activiti.engine.impl.history.DefaultHistoryManager  - Current history level: NONE, level required: ACTIVITY
10:48:05,305 [main] DEBUG org.activiti.engine.impl.history.DefaultHistoryManager  - Current history level: NONE, level required: FULL
10:48:05,305 [main] DEBUG org.activiti.engine.impl.history.DefaultHistoryManager  - Current history level: NONE, level required: ACTIVITY
10:48:05,305 [main] DEBUG org.activiti.engine.impl.history.DefaultHistoryManager  - Current history level: NONE, level required: FULL
10:48:05,305 [main] DEBUG org.activiti.engine.impl.history.DefaultHistoryManager  - Current history level: NONE, level required: ACTIVITY
10:48:05,305 [main] DEBUG org.activiti.engine.impl.history.DefaultHistoryManager  - Current history level: NONE, level required: FULL
10:48:05,305 [main] DEBUG org.activiti.engine.impl.history.DefaultHistoryManager  - Current history level: NONE, level required: ACTIVITY
10:48:05,305 [main] DEBUG org.activiti.engine.impl.history.DefaultHistoryManager  - Current history level: NONE, level required: FULL
10:48:05,305 [main] DEBUG org.activiti.engine.impl.history.DefaultHistoryManager  - Current history level: NONE, level required: ACTIVITY
10:48:05,305 [main] DEBUG org.activiti.engine.impl.history.DefaultHistoryManager  - Current history level: NONE, level required: FULL
10:48:05,305 [main] DEBUG org.activiti.engine.impl.history.DefaultHistoryManager  - Current history level: NONE, level required: ACTIVITY
10:48:05,305 [main] DEBUG org.activiti.engine.impl.history.DefaultHistoryManager  - Current history level: NONE, level required: FULL
10:48:05,305 [main] DEBUG org.activiti.engine.impl.history.DefaultHistoryManager  - Current history level: NONE, level required: ACTIVITY
10:48:05,305 [main] DEBUG org.activiti.engine.impl.history.DefaultHistoryManager  - Current history level: NONE, level required: FULL
10:48:05,305 [main] DEBUG org.activiti.engine.impl.history.DefaultHistoryManager  - Current history level: NONE, level required: ACTIVITY
10:48:05,305 [main] DEBUG org.activiti.engine.impl.history.DefaultHistoryManager  - Current history level: NONE, level required: FULL
10:48:05,306 [main] DEBUG org.activiti.engine.impl.history.DefaultHistoryManager  - Current history level: NONE, level required: ACTIVITY
10:48:05,306 [main] DEBUG org.activiti.engine.impl.history.DefaultHistoryManager  - Current history level: NONE, level required: FULL
10:48:05,306 [main] DEBUG org.activiti.engine.impl.history.DefaultHistoryManager  - Current history level: NONE, level required: ACTIVITY
10:48:05,307 [main] DEBUG org.activiti.engine.impl.history.DefaultHistoryManager  - Current history level: NONE, level required: FULL
10:48:05,310 [main] DEBUG org.activiti.engine.impl.history.DefaultHistoryManager  - Current history level: NONE, level required: ACTIVITY
10:48:05,311 [main] DEBUG org.activiti.engine.impl.history.DefaultHistoryManager  - Current history level: NONE, level required: FULL
10:48:05,311 [main] DEBUG org.activiti.engine.impl.history.DefaultHistoryManager  - Current history level: NONE, level required: ACTIVITY
10:48:05,311 [main] DEBUG org.activiti.engine.impl.history.DefaultHistoryManager  - Current history level: NONE, level required: FULL
10:48:05,311 [main] DEBUG org.activiti.engine.impl.history.DefaultHistoryManager  - Current history level: NONE, level required: ACTIVITY
10:48:05,311 [main] DEBUG org.activiti.engine.impl.history.DefaultHistoryManager  - Current history level: NONE, level required: FULL
10:48:05,311 [main] DEBUG org.activiti.engine.impl.history.DefaultHistoryManager  - Current history level: NONE, level required: ACTIVITY
10:48:05,311 [main] DEBUG org.activiti.engine.impl.history.DefaultHistoryManager  - Current history level: NONE, level required: FULL
10:48:05,311 [main] DEBUG org.activiti.engine.impl.history.DefaultHistoryManager  - Current history level: NONE, level required: ACTIVITY
10:48:05,311 [main] DEBUG org.activiti.engine.impl.history.DefaultHistoryManager  - Current history level: NONE, level required: FULL
10:48:05,311 [main] DEBUG org.activiti.engine.impl.history.DefaultHistoryManager  - Current history level: NONE, level required: ACTIVITY
10:48:05,311 [main] DEBUG org.activiti.engine.impl.history.DefaultHistoryManager  - Current history level: NONE, level required: FULL
10:48:05,311 [main] DEBUG org.activiti.engine.impl.history.DefaultHistoryManager  - Current history level: NONE, level required: ACTIVITY
10:48:05,311 [main] DEBUG org.activiti.engine.impl.history.DefaultHistoryManager  - Current history level: NONE, level required: FULL
10:48:05,311 [main] DEBUG org.activiti.engine.impl.history.DefaultHistoryManager  - Current history level: NONE, level required: ACTIVITY
10:48:05,311 [main] DEBUG org.activiti.engine.impl.history.DefaultHistoryManager  - Current history level: NONE, level required: FULL
10:48:05,311 [main] DEBUG org.activiti.engine.impl.history.DefaultHistoryManager  - Current history level: NONE, level required: ACTIVITY
10:48:05,311 [main] DEBUG org.activiti.engine.impl.history.DefaultHistoryManager  - Current history level: NONE, level required: FULL
10:48:05,311 [main] DEBUG org.activiti.engine.impl.history.DefaultHistoryManager  - Current history level: NONE, level required: ACTIVITY
10:48:05,311 [main] DEBUG org.activiti.engine.impl.history.DefaultHistoryManager  - Current history level: NONE, level required: FULL
10:48:05,311 [main] DEBUG org.activiti.engine.impl.history.DefaultHistoryManager  - Current history level: NONE, level required: ACTIVITY
10:48:05,311 [main] DEBUG org.activiti.engine.impl.history.DefaultHistoryManager  - Current history level: NONE, level required: FULL
10:48:05,311 [main] DEBUG org.activiti.engine.impl.history.DefaultHistoryManager  - Current history level: NONE, level required: ACTIVITY
10:48:05,311 [main] DEBUG org.activiti.engine.impl.history.DefaultHistoryManager  - Current history level: NONE, level required: FULL
10:48:05,311 [main] DEBUG org.activiti.engine.impl.history.DefaultHistoryManager  - Current history level: NONE, level required: ACTIVITY
10:48:05,311 [main] DEBUG org.activiti.engine.impl.history.DefaultHistoryManager  - Current history level: NONE, level required: FULL
10:48:05,311 [main] DEBUG org.activiti.engine.impl.history.DefaultHistoryManager  - Current history level: NONE, level required: ACTIVITY
10:48:05,311 [main] DEBUG org.activiti.engine.impl.history.DefaultHistoryManager  - Current history level: NONE, level required: FULL
10:48:05,311 [main] DEBUG org.activiti.engine.impl.history.DefaultHistoryManager  - Current history level: NONE, level required: ACTIVITY
10:48:05,311 [main] DEBUG org.activiti.engine.impl.history.DefaultHistoryManager  - Current history level: NONE, level required: FULL
10:48:05,312 [main] DEBUG org.activiti.engine.impl.history.DefaultHistoryManager  - Current history level: NONE, level required: ACTIVITY
10:48:05,312 [main] DEBUG org.activiti.engine.impl.history.DefaultHistoryManager  - Current history level: NONE, level required: FULL
10:48:05,312 [main] DEBUG org.activiti.engine.impl.history.DefaultHistoryManager  - Current history level: NONE, level required: ACTIVITY
10:48:05,312 [main] DEBUG org.activiti.engine.impl.history.DefaultHistoryManager  - Current history level: NONE, level required: FULL
10:48:05,312 [main] DEBUG org.activiti.engine.impl.history.DefaultHistoryManager  - Current history level: NONE, level required: ACTIVITY
10:48:05,312 [main] DEBUG org.activiti.engine.impl.history.DefaultHistoryManager  - Current history level: NONE, level required: FULL
10:48:05,312 [main] DEBUG org.activiti.engine.impl.history.DefaultHistoryManager  - Current history level: NONE, level required: ACTIVITY
10:48:05,312 [main] DEBUG org.activiti.engine.impl.history.DefaultHistoryManager  - Current history level: NONE, level required: FULL
10:48:05,312 [main] DEBUG org.activiti.engine.impl.history.DefaultHistoryManager  - Current history level: NONE, level required: ACTIVITY
10:48:05,312 [main] DEBUG org.activiti.engine.impl.history.DefaultHistoryManager  - Current history level: NONE, level required: FULL
10:48:05,312 [main] DEBUG org.activiti.engine.impl.history.DefaultHistoryManager  - Current history level: NONE, level required: ACTIVITY
10:48:05,312 [main] DEBUG org.activiti.engine.impl.history.DefaultHistoryManager  - Current history level: NONE, level required: FULL
10:48:05,312 [main] DEBUG org.activiti.engine.impl.history.DefaultHistoryManager  - Current history level: NONE, level required: ACTIVITY
10:48:05,312 [main] DEBUG org.activiti.engine.impl.history.DefaultHistoryManager  - Current history level: NONE, level required: FULL
10:48:05,312 [main] DEBUG org.activiti.engine.impl.history.DefaultHistoryManager  - Current history level: NONE, level required: ACTIVITY
10:48:05,312 [main] DEBUG org.activiti.engine.impl.history.DefaultHistoryManager  - Current history level: NONE, level required: FULL
10:48:05,312 [main] DEBUG org.activiti.engine.impl.history.DefaultHistoryManager  - Current history level: NONE, level required: ACTIVITY
10:48:05,312 [main] DEBUG org.activiti.engine.impl.history.DefaultHistoryManager  - Current history level: NONE, level required: FULL
10:48:05,312 [main] DEBUG org.activiti.engine.impl.history.DefaultHistoryManager  - Current history level: NONE, level required: ACTIVITY
10:48:05,312 [main] DEBUG org.activiti.engine.impl.history.DefaultHistoryManager  - Current history level: NONE, level required: FULL
10:48:05,312 [main] DEBUG org.activiti.engine.impl.history.DefaultHistoryManager  - Current history level: NONE, level required: ACTIVITY
10:48:05,312 [main] DEBUG org.activiti.engine.impl.history.DefaultHistoryManager  - Current history level: NONE, level required: FULL
10:48:05,313 [main] DEBUG org.activiti.engine.impl.history.DefaultHistoryManager  - Current history level: NONE, level required: ACTIVITY
10:48:05,313 [main] DEBUG org.activiti.engine.impl.history.DefaultHistoryManager  - Current history level: NONE, level required: FULL
10:48:05,313 [main] DEBUG org.activiti.engine.impl.history.DefaultHistoryManager  - Current history level: NONE, level required: ACTIVITY
10:48:05,313 [main] DEBUG org.activiti.engine.impl.history.DefaultHistoryManager  - Current history level: NONE, level required: FULL
10:48:05,313 [main] DEBUG org.activiti.engine.impl.history.DefaultHistoryManager  - Current history level: NONE, level required: ACTIVITY
10:48:05,313 [main] DEBUG org.activiti.engine.impl.history.DefaultHistoryManager  - Current history level: NONE, level required: FULL
10:48:05,313 [main] DEBUG org.activiti.engine.impl.history.DefaultHistoryManager  - Current history level: NONE, level required: ACTIVITY
10:48:05,313 [main] DEBUG org.activiti.engine.impl.history.DefaultHistoryManager  - Current history level: NONE, level required: FULL
10:48:05,313 [main] DEBUG org.activiti.engine.impl.history.DefaultHistoryManager  - Current history level: NONE, level required: ACTIVITY
10:48:05,313 [main] DEBUG org.activiti.engine.impl.history.DefaultHistoryManager  - Current history level: NONE, level required: FULL
10:48:05,313 [main] DEBUG org.activiti.engine.impl.history.DefaultHistoryManager  - Current history level: NONE, level required: ACTIVITY
10:48:05,313 [main] DEBUG org.activiti.engine.impl.history.DefaultHistoryManager  - Current history level: NONE, level required: FULL
10:48:05,313 [main] DEBUG org.activiti.engine.impl.history.DefaultHistoryManager  - Current history level: NONE, level required: ACTIVITY
10:48:05,313 [main] DEBUG org.activiti.engine.impl.history.DefaultHistoryManager  - Current history level: NONE, level required: FULL
10:48:05,313 [main] DEBUG org.activiti.engine.impl.history.DefaultHistoryManager  - Current history level: NONE, level required: ACTIVITY
10:48:05,313 [main] DEBUG org.activiti.engine.impl.history.DefaultHistoryManager  - Current history level: NONE, level required: FULL
10:48:05,313 [main] DEBUG org.activiti.engine.impl.history.DefaultHistoryManager  - Current history level: NONE, level required: ACTIVITY
10:48:05,313 [main] DEBUG org.activiti.engine.impl.history.DefaultHistoryManager  - Current history level: NONE, level required: FULL
10:48:05,313 [main] DEBUG org.activiti.engine.impl.history.DefaultHistoryManager  - Current history level: NONE, level required: ACTIVITY
10:48:05,313 [main] DEBUG org.activiti.engine.impl.history.DefaultHistoryManager  - Current history level: NONE, level required: FULL
10:48:05,313 [main] DEBUG org.activiti.engine.impl.history.DefaultHistoryManager  - Current history level: NONE, level required: ACTIVITY
10:48:05,313 [main] DEBUG org.activiti.engine.impl.history.DefaultHistoryManager  - Current history level: NONE, level required: FULL
10:48:05,313 [main] DEBUG org.activiti.engine.impl.history.DefaultHistoryManager  - Current history level: NONE, level required: ACTIVITY
10:48:05,313 [main] DEBUG org.activiti.engine.impl.history.DefaultHistoryManager  - Current history level: NONE, level required: FULL
10:48:05,313 [main] DEBUG org.activiti.engine.impl.history.DefaultHistoryManager  - Current history level: NONE, level required: ACTIVITY
10:48:05,313 [main] DEBUG org.activiti.engine.impl.history.DefaultHistoryManager  - Current history level: NONE, level required: FULL
10:48:05,313 [main] DEBUG org.activiti.engine.impl.history.DefaultHistoryManager  - Current history level: NONE, level required: ACTIVITY
10:48:05,313 [main] DEBUG org.activiti.engine.impl.history.DefaultHistoryManager  - Current history level: NONE, level required: FULL
10:48:05,313 [main] DEBUG org.activiti.engine.impl.history.DefaultHistoryManager  - Current history level: NONE, level required: ACTIVITY
10:48:05,314 [main] DEBUG org.activiti.engine.impl.history.DefaultHistoryManager  - Current history level: NONE, level required: FULL
10:48:05,314 [main] DEBUG org.activiti.engine.impl.history.DefaultHistoryManager  - Current history level: NONE, level required: ACTIVITY
10:48:05,314 [main] DEBUG org.activiti.engine.impl.history.DefaultHistoryManager  - Current history level: NONE, level required: FULL
10:48:05,314 [main] DEBUG org.activiti.engine.impl.history.DefaultHistoryManager  - Current history level: NONE, level required: ACTIVITY
10:48:05,314 [main] DEBUG org.activiti.engine.impl.history.DefaultHistoryManager  - Current history level: NONE, level required: FULL
10:48:05,314 [main] DEBUG org.activiti.engine.impl.history.DefaultHistoryManager  - Current history level: NONE, level required: ACTIVITY
10:48:05,314 [main] DEBUG org.activiti.engine.impl.history.DefaultHistoryManager  - Current history level: NONE, level required: FULL
10:48:05,314 [main] DEBUG org.activiti.engine.impl.history.DefaultHistoryManager  - Current history level: NONE, level required: ACTIVITY
10:48:05,314 [main] DEBUG org.activiti.engine.impl.history.DefaultHistoryManager  - Current history level: NONE, level required: FULL
10:48:05,314 [main] DEBUG org.activiti.engine.impl.history.DefaultHistoryManager  - Current history level: NONE, level required: ACTIVITY
10:48:05,314 [main] DEBUG org.activiti.engine.impl.history.DefaultHistoryManager  - Current history level: NONE, level required: FULL
10:48:05,314 [main] DEBUG org.activiti.engine.impl.history.DefaultHistoryManager  - Current history level: NONE, level required: ACTIVITY
10:48:05,314 [main] DEBUG org.activiti.engine.impl.history.DefaultHistoryManager  - Current history level: NONE, level required: FULL
10:48:05,314 [main] DEBUG org.activiti.engine.impl.history.DefaultHistoryManager  - Current history level: NONE, level required: ACTIVITY
10:48:05,314 [main] DEBUG org.activiti.engine.impl.history.DefaultHistoryManager  - Current history level: NONE, level required: FULL
10:48:05,314 [main] DEBUG org.activiti.engine.impl.history.DefaultHistoryManager  - Current history level: NONE, level required: ACTIVITY
10:48:05,314 [main] DEBUG org.activiti.engine.impl.history.DefaultHistoryManager  - Current history level: NONE, level required: FULL
10:48:05,314 [main] DEBUG org.activiti.engine.impl.history.DefaultHistoryManager  - Current history level: NONE, level required: ACTIVITY
10:48:05,314 [main] DEBUG org.activiti.engine.impl.history.DefaultHistoryManager  - Current history level: NONE, level required: FULL
10:48:05,314 [main] DEBUG org.activiti.engine.impl.history.DefaultHistoryManager  - Current history level: NONE, level required: ACTIVITY
10:48:05,314 [main] DEBUG org.activiti.engine.impl.history.DefaultHistoryManager  - Current history level: NONE, level required: FULL
10:48:05,314 [main] DEBUG org.activiti.engine.impl.history.DefaultHistoryManager  - Current history level: NONE, level required: ACTIVITY
10:48:05,314 [main] DEBUG org.activiti.engine.impl.history.DefaultHistoryManager  - Current history level: NONE, level required: FULL
10:48:05,314 [main] DEBUG org.activiti.engine.impl.history.DefaultHistoryManager  - Current history level: NONE, level required: ACTIVITY
10:48:05,314 [main] DEBUG org.activiti.engine.impl.history.DefaultHistoryManager  - Current history level: NONE, level required: FULL
10:48:05,314 [main] DEBUG org.activiti.engine.impl.history.DefaultHistoryManager  - Current history level: NONE, level required: ACTIVITY
10:48:05,314 [main] DEBUG org.activiti.engine.impl.history.DefaultHistoryManager  - Current history level: NONE, level required: FULL
10:48:05,314 [main] DEBUG org.activiti.engine.impl.history.DefaultHistoryManager  - Current history level: NONE, level required: ACTIVITY
10:48:05,315 [main] DEBUG org.activiti.engine.impl.history.DefaultHistoryManager  - Current history level: NONE, level required: FULL
10:48:05,315 [main] DEBUG org.activiti.engine.impl.history.DefaultHistoryManager  - Current history level: NONE, level required: ACTIVITY
10:48:05,315 [main] DEBUG org.activiti.engine.impl.history.DefaultHistoryManager  - Current history level: NONE, level required: FULL
10:48:05,315 [main] DEBUG org.activiti.engine.impl.history.DefaultHistoryManager  - Current history level: NONE, level required: ACTIVITY
10:48:05,315 [main] DEBUG org.activiti.engine.impl.history.DefaultHistoryManager  - Current history level: NONE, level required: FULL
10:48:05,315 [main] DEBUG org.activiti.engine.impl.history.DefaultHistoryManager  - Current history level: NONE, level required: ACTIVITY
10:48:05,315 [main] DEBUG org.activiti.engine.impl.history.DefaultHistoryManager  - Current history level: NONE, level required: FULL
10:48:05,315 [main] DEBUG org.activiti.engine.impl.history.DefaultHistoryManager  - Current history level: NONE, level required: ACTIVITY
10:48:05,315 [main] DEBUG org.activiti.engine.impl.history.DefaultHistoryManager  - Current history level: NONE, level required: FULL
10:48:05,315 [main] DEBUG org.activiti.engine.impl.history.DefaultHistoryManager  - Current history level: NONE, level required: ACTIVITY
10:48:05,315 [main] DEBUG org.activiti.engine.impl.history.DefaultHistoryManager  - Current history level: NONE, level required: FULL
10:48:05,315 [main] DEBUG org.activiti.engine.impl.history.DefaultHistoryManager  - Current history level: NONE, level required: ACTIVITY
10:48:05,315 [main] DEBUG org.activiti.engine.impl.history.DefaultHistoryManager  - Current history level: NONE, level required: FULL
10:48:05,315 [main] DEBUG org.activiti.engine.impl.history.DefaultHistoryManager  - Current history level: NONE, level required: ACTIVITY
10:48:05,315 [main] DEBUG org.activiti.engine.impl.history.DefaultHistoryManager  - Current history level: NONE, level required: FULL
10:48:05,315 [main] DEBUG org.activiti.engine.impl.history.DefaultHistoryManager  - Current history level: NONE, level required: ACTIVITY
10:48:05,315 [main] DEBUG org.activiti.engine.impl.history.DefaultHistoryManager  - Current history level: NONE, level required: FULL
10:48:05,315 [main] DEBUG org.activiti.engine.impl.history.DefaultHistoryManager  - Current history level: NONE, level required: ACTIVITY
10:48:05,315 [main] DEBUG org.activiti.engine.impl.history.DefaultHistoryManager  - Current history level: NONE, level required: FULL
10:48:05,315 [main] DEBUG org.activiti.engine.impl.history.DefaultHistoryManager  - Current history level: NONE, level required: ACTIVITY
10:48:05,315 [main] DEBUG org.activiti.engine.impl.history.DefaultHistoryManager  - Current history level: NONE, level required: FULL
10:48:05,315 [main] DEBUG org.activiti.engine.impl.history.DefaultHistoryManager  - Current history level: NONE, level required: ACTIVITY
10:48:05,315 [main] DEBUG org.activiti.engine.impl.history.DefaultHistoryManager  - Current history level: NONE, level required: FULL
10:48:05,315 [main] DEBUG org.activiti.engine.impl.history.DefaultHistoryManager  - Current history level: NONE, level required: ACTIVITY
10:48:05,315 [main] DEBUG org.activiti.engine.impl.history.DefaultHistoryManager  - Current history level: NONE, level required: FULL
10:48:05,315 [main] DEBUG org.activiti.engine.impl.history.DefaultHistoryManager  - Current history level: NONE, level required: ACTIVITY
10:48:05,315 [main] DEBUG org.activiti.engine.impl.history.DefaultHistoryManager  - Current history level: NONE, level required: FULL
10:48:05,315 [main] DEBUG org.activiti.engine.impl.history.DefaultHistoryManager  - Current history level: NONE, level required: ACTIVITY
10:48:05,315 [main] DEBUG org.activiti.engine.impl.history.DefaultHistoryManager  - Current history level: NONE, level required: FULL
10:48:05,315 [main] DEBUG org.activiti.engine.impl.history.DefaultHistoryManager  - Current history level: NONE, level required: ACTIVITY
10:48:05,316 [main] DEBUG org.activiti.engine.impl.history.DefaultHistoryManager  - Current history level: NONE, level required: FULL
10:48:05,316 [main] DEBUG org.activiti.engine.impl.history.DefaultHistoryManager  - Current history level: NONE, level required: ACTIVITY
10:48:05,316 [main] DEBUG org.activiti.engine.impl.history.DefaultHistoryManager  - Current history level: NONE, level required: FULL
10:48:05,316 [main] DEBUG org.activiti.engine.impl.history.DefaultHistoryManager  - Current history level: NONE, level required: ACTIVITY
10:48:05,316 [main] DEBUG org.activiti.engine.impl.history.DefaultHistoryManager  - Current history level: NONE, level required: FULL
10:48:05,316 [main] DEBUG org.activiti.engine.impl.history.DefaultHistoryManager  - Current history level: NONE, level required: ACTIVITY
10:48:05,316 [main] DEBUG org.activiti.engine.impl.history.DefaultHistoryManager  - Current history level: NONE, level required: FULL
10:48:05,316 [main] DEBUG org.activiti.engine.impl.history.DefaultHistoryManager  - Current history level: NONE, level required: ACTIVITY
10:48:05,316 [main] DEBUG org.activiti.engine.impl.history.DefaultHistoryManager  - Current history level: NONE, level required: FULL
10:48:05,316 [main] DEBUG org.activiti.engine.impl.history.DefaultHistoryManager  - Current history level: NONE, level required: ACTIVITY
10:48:05,316 [main] DEBUG org.activiti.engine.impl.history.DefaultHistoryManager  - Current history level: NONE, level required: FULL
10:48:05,316 [main] DEBUG org.activiti.engine.impl.history.DefaultHistoryManager  - Current history level: NONE, level required: ACTIVITY
10:48:05,316 [main] DEBUG org.activiti.engine.impl.history.DefaultHistoryManager  - Current history level: NONE, level required: FULL
10:48:05,316 [main] DEBUG org.activiti.engine.impl.history.DefaultHistoryManager  - Current history level: NONE, level required: ACTIVITY
10:48:05,316 [main] DEBUG org.activiti.engine.impl.history.DefaultHistoryManager  - Current history level: NONE, level required: FULL
10:48:05,316 [main] DEBUG org.activiti.engine.impl.history.DefaultHistoryManager  - Current history level: NONE, level required: ACTIVITY
10:48:05,316 [main] DEBUG org.activiti.engine.impl.history.DefaultHistoryManager  - Current history level: NONE, level required: FULL
10:48:05,316 [main] DEBUG org.activiti.engine.impl.history.DefaultHistoryManager  - Current history level: NONE, level required: ACTIVITY
10:48:05,316 [main] DEBUG org.activiti.engine.impl.history.DefaultHistoryManager  - Current history level: NONE, level required: FULL
10:48:05,316 [main] DEBUG org.activiti.engine.impl.history.DefaultHistoryManager  - Current history level: NONE, level required: ACTIVITY
10:48:05,316 [main] DEBUG org.activiti.engine.impl.history.DefaultHistoryManager  - Current history level: NONE, level required: FULL
10:48:05,316 [main] DEBUG org.activiti.engine.impl.history.DefaultHistoryManager  - Current history level: NONE, level required: ACTIVITY
10:48:05,316 [main] DEBUG org.activiti.engine.impl.history.DefaultHistoryManager  - Current history level: NONE, level required: FULL
10:48:05,316 [main] DEBUG org.activiti.engine.impl.history.DefaultHistoryManager  - Current history level: NONE, level required: ACTIVITY
10:48:05,316 [main] DEBUG org.activiti.engine.impl.history.DefaultHistoryManager  - Current history level: NONE, level required: FULL
10:48:05,316 [main] DEBUG org.activiti.engine.impl.history.DefaultHistoryManager  - Current history level: NONE, level required: ACTIVITY
10:48:05,316 [main] DEBUG org.activiti.engine.impl.history.DefaultHistoryManager  - Current history level: NONE, level required: FULL
10:48:05,316 [main] DEBUG org.activiti.engine.impl.history.DefaultHistoryManager  - Current history level: NONE, level required: ACTIVITY
10:48:05,316 [main] DEBUG org.activiti.engine.impl.history.DefaultHistoryManager  - Current history level: NONE, level required: FULL
10:48:05,316 [main] DEBUG org.activiti.engine.impl.history.DefaultHistoryManager  - Current history level: NONE, level required: ACTIVITY
10:48:05,316 [main] DEBUG org.activiti.engine.impl.history.DefaultHistoryManager  - Current history level: NONE, level required: FULL
10:48:05,316 [main] DEBUG org.activiti.engine.impl.history.DefaultHistoryManager  - Current history level: NONE, level required: ACTIVITY
10:48:05,316 [main] DEBUG org.activiti.engine.impl.history.DefaultHistoryManager  - Current history level: NONE, level required: FULL
10:48:05,316 [main] DEBUG org.activiti.engine.impl.history.DefaultHistoryManager  - Current history level: NONE, level required: ACTIVITY
10:48:05,316 [main] DEBUG org.activiti.engine.impl.history.DefaultHistoryManager  - Current history level: NONE, level required: FULL
10:48:05,316 [main] DEBUG org.activiti.engine.impl.history.DefaultHistoryManager  - Current history level: NONE, level required: ACTIVITY
10:48:05,316 [main] DEBUG org.activiti.engine.impl.history.DefaultHistoryManager  - Current history level: NONE, level required: FULL
10:48:05,316 [main] DEBUG org.activiti.engine.impl.history.DefaultHistoryManager  - Current history level: NONE, level required: ACTIVITY
10:48:05,316 [main] DEBUG org.activiti.engine.impl.history.DefaultHistoryManager  - Current history level: NONE, level required: FULL
10:48:05,316 [main] DEBUG org.activiti.engine.impl.history.DefaultHistoryManager  - Current history level: NONE, level required: ACTIVITY
10:48:05,316 [main] DEBUG org.activiti.engine.impl.history.DefaultHistoryManager  - Current history level: NONE, level required: FULL
10:48:05,316 [main] DEBUG org.activiti.engine.impl.history.DefaultHistoryManager  - Current history level: NONE, level required: ACTIVITY
10:48:05,316 [main] DEBUG org.activiti.engine.impl.history.DefaultHistoryManager  - Current history level: NONE, level required: FULL
10:48:05,316 [main] DEBUG org.activiti.engine.impl.history.DefaultHistoryManager  - Current history level: NONE, level required: ACTIVITY
10:48:05,317 [main] DEBUG org.activiti.engine.impl.history.DefaultHistoryManager  - Current history level: NONE, level required: FULL
10:48:05,317 [main] DEBUG org.activiti.engine.impl.history.DefaultHistoryManager  - Current history level: NONE, level required: ACTIVITY
10:48:05,317 [main] DEBUG org.activiti.engine.impl.history.DefaultHistoryManager  - Current history level: NONE, level required: FULL
10:48:05,317 [main] DEBUG org.activiti.engine.impl.history.DefaultHistoryManager  - Current history level: NONE, level required: ACTIVITY
10:48:05,317 [main] DEBUG org.activiti.engine.impl.history.DefaultHistoryManager  - Current history level: NONE, level required: FULL
10:48:05,317 [main] DEBUG org.activiti.engine.impl.history.DefaultHistoryManager  - Current history level: NONE, level required: ACTIVITY
10:48:05,317 [main] DEBUG org.activiti.engine.impl.history.DefaultHistoryManager  - Current history level: NONE, level required: FULL
10:48:05,317 [main] DEBUG org.activiti.engine.impl.history.DefaultHistoryManager  - Current history level: NONE, level required: ACTIVITY
10:48:05,317 [main] DEBUG org.activiti.engine.impl.history.DefaultHistoryManager  - Current history level: NONE, level required: FULL
10:48:05,317 [main] DEBUG org.activiti.engine.impl.history.DefaultHistoryManager  - Current history level: NONE, level required: ACTIVITY
10:48:05,317 [main] DEBUG org.activiti.engine.impl.history.DefaultHistoryManager  - Current history level: NONE, level required: FULL
10:48:05,317 [main] DEBUG org.activiti.engine.impl.history.DefaultHistoryManager  - Current history level: NONE, level required: ACTIVITY
10:48:05,317 [main] DEBUG org.activiti.engine.impl.history.DefaultHistoryManager  - Current history level: NONE, level required: FULL
10:48:05,317 [main] DEBUG org.activiti.engine.impl.history.DefaultHistoryManager  - Current history level: NONE, level required: ACTIVITY
10:48:05,317 [main] DEBUG org.activiti.engine.impl.history.DefaultHistoryManager  - Current history level: NONE, level required: FULL
10:48:05,317 [main] DEBUG org.activiti.engine.impl.history.DefaultHistoryManager  - Current history level: NONE, level required: ACTIVITY
10:48:05,317 [main] DEBUG org.activiti.engine.impl.history.DefaultHistoryManager  - Current history level: NONE, level required: FULL
10:48:05,317 [main] DEBUG org.activiti.engine.impl.history.DefaultHistoryManager  - Current history level: NONE, level required: ACTIVITY
10:48:05,317 [main] DEBUG org.activiti.engine.impl.history.DefaultHistoryManager  - Current history level: NONE, level required: FULL
10:48:05,317 [main] DEBUG org.activiti.engine.impl.history.DefaultHistoryManager  - Current history level: NONE, level required: ACTIVITY
10:48:05,317 [main] DEBUG org.activiti.engine.impl.history.DefaultHistoryManager  - Current history level: NONE, level required: FULL
10:48:05,317 [main] DEBUG org.activiti.engine.impl.history.DefaultHistoryManager  - Current history level: NONE, level required: ACTIVITY
10:48:05,317 [main] DEBUG org.activiti.engine.impl.history.DefaultHistoryManager  - Current history level: NONE, level required: FULL
10:48:05,317 [main] DEBUG org.activiti.engine.impl.history.DefaultHistoryManager  - Current history level: NONE, level required: ACTIVITY
10:48:05,317 [main] DEBUG org.activiti.engine.impl.history.DefaultHistoryManager  - Current history level: NONE, level required: FULL
10:48:05,317 [main] DEBUG org.activiti.engine.impl.history.DefaultHistoryManager  - Current history level: NONE, level required: ACTIVITY
10:48:05,317 [main] DEBUG org.activiti.engine.impl.history.DefaultHistoryManager  - Current history level: NONE, level required: FULL
10:48:05,317 [main] DEBUG org.activiti.engine.impl.history.DefaultHistoryManager  - Current history level: NONE, level required: ACTIVITY
10:48:05,317 [main] DEBUG org.activiti.engine.impl.history.DefaultHistoryManager  - Current history level: NONE, level required: FULL
10:48:05,317 [main] DEBUG org.activiti.engine.impl.history.DefaultHistoryManager  - Current history level: NONE, level required: ACTIVITY
10:48:05,317 [main] DEBUG org.activiti.engine.impl.history.DefaultHistoryManager  - Current history level: NONE, level required: FULL
10:48:05,318 [main] DEBUG org.activiti.engine.impl.history.DefaultHistoryManager  - Current history level: NONE, level required: ACTIVITY
10:48:05,318 [main] DEBUG org.activiti.engine.impl.history.DefaultHistoryManager  - Current history level: NONE, level required: FULL
10:48:05,318 [main] DEBUG org.activiti.engine.impl.history.DefaultHistoryManager  - Current history level: NONE, level required: ACTIVITY
10:48:05,318 [main] DEBUG org.activiti.engine.impl.history.DefaultHistoryManager  - Current history level: NONE, level required: FULL
10:48:05,318 [main] DEBUG org.activiti.engine.impl.history.DefaultHistoryManager  - Current history level: NONE, level required: ACTIVITY
10:48:05,318 [main] DEBUG org.activiti.engine.impl.history.DefaultHistoryManager  - Current history level: NONE, level required: FULL
10:48:05,318 [main] DEBUG org.activiti.engine.impl.history.DefaultHistoryManager  - Current history level: NONE, level required: ACTIVITY
10:48:05,318 [main] DEBUG org.activiti.engine.impl.history.DefaultHistoryManager  - Current history level: NONE, level required: FULL
10:48:05,318 [main] DEBUG org.activiti.engine.impl.history.DefaultHistoryManager  - Current history level: NONE, level required: ACTIVITY
10:48:05,318 [main] DEBUG org.activiti.engine.impl.history.DefaultHistoryManager  - Current history level: NONE, level required: FULL
10:48:05,318 [main] DEBUG org.activiti.engine.impl.history.DefaultHistoryManager  - Current history level: NONE, level required: ACTIVITY
10:48:05,318 [main] DEBUG org.activiti.engine.impl.history.DefaultHistoryManager  - Current history level: NONE, level required: FULL
10:48:05,318 [main] DEBUG org.activiti.engine.impl.history.DefaultHistoryManager  - Current history level: NONE, level required: ACTIVITY
10:48:05,318 [main] DEBUG org.activiti.engine.impl.history.DefaultHistoryManager  - Current history level: NONE, level required: FULL
10:48:05,318 [main] DEBUG org.activiti.engine.impl.history.DefaultHistoryManager  - Current history level: NONE, level required: ACTIVITY
10:48:05,318 [main] DEBUG org.activiti.engine.impl.history.DefaultHistoryManager  - Current history level: NONE, level required: FULL
10:48:05,318 [main] DEBUG org.activiti.engine.impl.history.DefaultHistoryManager  - Current history level: NONE, level required: ACTIVITY
10:48:05,318 [main] DEBUG org.activiti.engine.impl.history.DefaultHistoryManager  - Current history level: NONE, level required: FULL
10:48:05,318 [main] DEBUG org.activiti.engine.impl.history.DefaultHistoryManager  - Current history level: NONE, level required: ACTIVITY
10:48:05,318 [main] DEBUG org.activiti.engine.impl.history.DefaultHistoryManager  - Current history level: NONE, level required: FULL
10:48:05,318 [main] DEBUG org.activiti.engine.impl.history.DefaultHistoryManager  - Current history level: NONE, level required: ACTIVITY
10:48:05,318 [main] DEBUG org.activiti.engine.impl.history.DefaultHistoryManager  - Current history level: NONE, level required: FULL
10:48:05,318 [main] DEBUG org.activiti.engine.impl.history.DefaultHistoryManager  - Current history level: NONE, level required: ACTIVITY
10:48:05,318 [main] DEBUG org.activiti.engine.impl.history.DefaultHistoryManager  - Current history level: NONE, level required: FULL
10:48:05,318 [main] DEBUG org.activiti.engine.impl.history.DefaultHistoryManager  - Current history level: NONE, level required: ACTIVITY
10:48:05,318 [main] DEBUG org.activiti.engine.impl.history.DefaultHistoryManager  - Current history level: NONE, level required: FULL
10:48:05,318 [main] DEBUG org.activiti.engine.impl.history.DefaultHistoryManager  - Current history level: NONE, level required: ACTIVITY
10:48:05,318 [main] DEBUG org.activiti.engine.impl.history.DefaultHistoryManager  - Current history level: NONE, level required: FULL
10:48:05,318 [main] DEBUG org.activiti.engine.impl.history.DefaultHistoryManager  - Current history level: NONE, level required: ACTIVITY
10:48:05,318 [main] DEBUG org.activiti.engine.impl.history.DefaultHistoryManager  - Current history level: NONE, level required: FULL
10:48:05,318 [main] DEBUG org.activiti.engine.impl.history.DefaultHistoryManager  - Current history level: NONE, level required: ACTIVITY
10:48:05,319 [main] DEBUG org.activiti.engine.impl.history.DefaultHistoryManager  - Current history level: NONE, level required: FULL
10:48:05,319 [main] DEBUG org.activiti.engine.impl.history.DefaultHistoryManager  - Current history level: NONE, level required: ACTIVITY
10:48:05,319 [main] DEBUG org.activiti.engine.impl.history.DefaultHistoryManager  - Current history level: NONE, level required: FULL
10:48:05,320 [main] DEBUG org.activiti.engine.impl.pvm.runtime.AtomicOperationActivityExecute  - ProcessInstance[2504] executes Activity(theStart): org.activiti.engine.impl.bpmn.behavior.NoneStartEventActivityBehavior
10:48:05,320 [main] DEBUG org.activiti.engine.impl.persistence.entity.JobEntity.selectJobsByExecutionId  - ==&gt;  Preparing: select * from ACT_RU_JOB J where J.EXECUTION_ID_ = ? 
10:48:05,320 [main] DEBUG org.activiti.engine.impl.persistence.entity.JobEntity.selectJobsByExecutionId  - ==&gt; Parameters: 2504(String)
10:48:05,320 [main] DEBUG org.activiti.engine.impl.persistence.entity.JobEntity.selectJobsByExecutionId  - &lt;==      Total: 0
10:48:05,320 [main] DEBUG org.activiti.engine.impl.bpmn.behavior.BpmnActivityBehavior  - Leaving activity &apos;theStart&apos;
10:48:05,321 [main] DEBUG org.activiti.engine.impl.history.DefaultHistoryManager  - Current history level: NONE, level required: ACTIVITY
10:48:05,321 [main] DEBUG org.activiti.engine.impl.pvm.runtime.AtomicOperationTransitionNotifyListenerTake  - ProcessInstance[2504] takes transition (theStart)--flow1--&gt;(theTask)
10:48:05,321 [main] DEBUG org.activiti.engine.impl.history.DefaultHistoryManager  - Current history level: NONE, level required: ACTIVITY
10:48:05,321 [main] DEBUG org.activiti.engine.impl.pvm.runtime.AtomicOperationActivityExecute  - ProcessInstance[2504] executes Activity(theTask): org.activiti.engine.impl.bpmn.behavior.UserTaskActivityBehavior
10:48:05,321 [main] DEBUG org.activiti.engine.impl.persistence.entity.TaskEntity.selectTasksByExecutionId  - ==&gt;  Preparing: select distinct T.* from ACT_RU_TASK T where T.EXECUTION_ID_ = ? 
10:48:05,321 [main] DEBUG org.activiti.engine.impl.persistence.entity.TaskEntity.selectTasksByExecutionId  - ==&gt; Parameters: 2504(String)
10:48:05,321 [main] DEBUG org.activiti.engine.impl.persistence.entity.TaskEntity.selectTasksByExecutionId  - &lt;==      Total: 0
10:48:05,321 [main] DEBUG org.activiti.engine.impl.history.DefaultHistoryManager  - Current history level: NONE, level required: AUDIT
10:48:05,321 [main] DEBUG org.activiti.engine.impl.history.DefaultHistoryManager  - Current history level: NONE, level required: AUDIT
10:48:05,321 [main] DEBUG org.activiti.engine.impl.history.DefaultHistoryManager  - Current history level: NONE, level required: AUDIT
10:48:05,321 [main] DEBUG org.activiti.engine.impl.history.DefaultHistoryManager  - Current history level: NONE, level required: AUDIT
10:48:05,321 [main] DEBUG org.activiti.engine.impl.history.DefaultHistoryManager  - Current history level: NONE, level required: ACTIVITY
10:48:05,322 [main] DEBUG org.activiti.engine.impl.db.DbSqlSession  -   insert ProcessInstance[2504]
10:48:05,322 [main] DEBUG org.activiti.engine.impl.db.DbSqlSession  -   insert VariableInstanceEntity[id=2505, name=var2802, type=integer, longValue=2802, textValue=2802]
10:48:05,322 [main] DEBUG org.activiti.engine.impl.db.DbSqlSession  -   insert VariableInstanceEntity[id=2506, name=var2801, type=integer, longValue=2801, textValue=2801]
10:48:05,322 [main] DEBUG org.activiti.engine.impl.db.DbSqlSession  -   insert VariableInstanceEntity[id=2507, name=var2800, type=integer, longValue=2800, textValue=2800]
10:48:05,322 [main] DEBUG org.activiti.engine.impl.db.DbSqlSession  -   insert VariableInstanceEntity[id=2508, name=var2806, type=integer, longValue=2806, textValue=2806]
10:48:05,322 [main] DEBUG org.activiti.engine.impl.db.DbSqlSession  -   insert VariableInstanceEntity[id=2509, name=var2805, type=integer, longValue=2805, textValue=2805]
10:48:05,322 [main] DEBUG org.activiti.engine.impl.db.DbSqlSession  -   insert VariableInstanceEntity[id=2510, name=var2804, type=integer, longValue=2804, textValue=2804]
10:48:05,322 [main] DEBUG org.activiti.engine.impl.db.DbSqlSession  -   insert VariableInstanceEntity[id=2511, name=var2803, type=integer, longValue=2803, textValue=2803]
10:48:05,322 [main] DEBUG org.activiti.engine.impl.db.DbSqlSession  -   insert VariableInstanceEntity[id=2512, name=var2809, type=integer, longValue=2809, textValue=2809]
10:48:05,322 [main] DEBUG org.activiti.engine.impl.db.DbSqlSession  -   insert VariableInstanceEntity[id=2513, name=var2808, type=integer, longValue=2808, textValue=2808]
10:48:05,322 [main] DEBUG org.activiti.engine.impl.db.DbSqlSession  -   insert VariableInstanceEntity[id=2514, name=var2807, type=integer, longValue=2807, textValue=2807]
10:48:05,322 [main] DEBUG org.activiti.engine.impl.db.DbSqlSession  -   insert VariableInstanceEntity[id=2515, name=var2813, type=integer, longValue=2813, textValue=2813]
10:48:05,322 [main] DEBUG org.activiti.engine.impl.db.DbSqlSession  -   insert VariableInstanceEntity[id=2516, name=var2812, type=integer, longValue=2812, textValue=2812]
10:48:05,322 [main] DEBUG org.activiti.engine.impl.db.DbSqlSession  -   insert VariableInstanceEntity[id=2517, name=var2811, type=integer, longValue=2811, textValue=2811]
10:48:05,322 [main] DEBUG org.activiti.engine.impl.db.DbSqlSession  -   insert VariableInstanceEntity[id=2518, name=var2810, type=integer, longValue=2810, textValue=2810]
10:48:05,322 [main] DEBUG org.activiti.engine.impl.db.DbSqlSession  -   insert VariableInstanceEntity[id=2519, name=var2817, type=integer, longValue=2817, textValue=2817]
10:48:05,322 [main] DEBUG org.activiti.engine.impl.db.DbSqlSession  -   insert VariableInstanceEntity[id=2520, name=var2816, type=integer, longValue=2816, textValue=2816]
10:48:05,322 [main] DEBUG org.activiti.engine.impl.db.DbSqlSession  -   insert VariableInstanceEntity[id=2521, name=var2815, type=integer, longValue=2815, textValue=2815]
10:48:05,322 [main] DEBUG org.activiti.engine.impl.db.DbSqlSession  -   insert VariableInstanceEntity[id=2522, name=var2814, type=integer, longValue=2814, textValue=2814]
10:48:05,322 [main] DEBUG org.activiti.engine.impl.db.DbSqlSession  -   insert VariableInstanceEntity[id=2523, name=var2819, type=integer, longValue=2819, textValue=2819]
10:48:05,322 [main] DEBUG org.activiti.engine.impl.db.DbSqlSession  -   insert VariableInstanceEntity[id=2524, name=var2818, type=integer, longValue=2818, textValue=2818]
10:48:05,322 [main] DEBUG org.activiti.engine.impl.db.DbSqlSession  -   insert VariableInstanceEntity[id=2525, name=var2820, type=integer, longValue=2820, textValue=2820]
10:48:05,322 [main] DEBUG org.activiti.engine.impl.db.DbSqlSession  -   insert VariableInstanceEntity[id=2526, name=var2824, type=integer, longValue=2824, textValue=2824]
10:48:05,322 [main] DEBUG org.activiti.engine.impl.db.DbSqlSession  -   insert VariableInstanceEntity[id=2527, name=var2823, type=integer, longValue=2823, textValue=2823]
10:48:05,322 [main] DEBUG org.activiti.engine.impl.db.DbSqlSession  -   insert VariableInstanceEntity[id=2528, name=var2822, type=integer, longValue=2822, textValue=2822]
10:48:05,322 [main] DEBUG org.activiti.engine.impl.db.DbSqlSession  -   insert VariableInstanceEntity[id=2529, name=var2821, type=integer, longValue=2821, textValue=2821]
10:48:05,322 [main] DEBUG org.activiti.engine.impl.db.DbSqlSession  -   insert VariableInstanceEntity[id=2530, name=var2828, type=integer, longValue=2828, textValue=2828]
10:48:05,322 [main] DEBUG org.activiti.engine.impl.db.DbSqlSession  -   insert VariableInstanceEntity[id=2531, name=var2827, type=integer, longValue=2827, textValue=2827]
10:48:05,322 [main] DEBUG org.activiti.engine.impl.db.DbSqlSession  -   insert VariableInstanceEntity[id=2532, name=var2826, type=integer, longValue=2826, textValue=2826]
10:48:05,322 [main] DEBUG org.activiti.engine.impl.db.DbSqlSession  -   insert VariableInstanceEntity[id=2533, name=var2825, type=integer, longValue=2825, textValue=2825]
10:48:05,322 [main] DEBUG org.activiti.engine.impl.db.DbSqlSession  -   insert VariableInstanceEntity[id=2534, name=var2829, type=integer, longValue=2829, textValue=2829]
10:48:05,322 [main] DEBUG org.activiti.engine.impl.db.DbSqlSession  -   insert VariableInstanceEntity[id=2535, name=var2831, type=integer, longValue=2831, textValue=2831]
10:48:05,323 [main] DEBUG org.activiti.engine.impl.db.DbSqlSession  -   insert VariableInstanceEntity[id=2536, name=var1500, type=integer, longValue=1500, textValue=1500]
10:48:05,323 [main] DEBUG org.activiti.engine.impl.db.DbSqlSession  -   insert VariableInstanceEntity[id=2537, name=var2830, type=integer, longValue=2830, textValue=2830]
10:48:05,323 [main] DEBUG org.activiti.engine.impl.db.DbSqlSession  -   insert VariableInstanceEntity[id=2538, name=var1503, type=integer, longValue=1503, textValue=1503]
10:48:05,323 [main] DEBUG org.activiti.engine.impl.db.DbSqlSession  -   insert VariableInstanceEntity[id=2539, name=var2835, type=integer, longValue=2835, textValue=2835]
10:48:05,323 [main] DEBUG org.activiti.engine.impl.db.DbSqlSession  -   insert VariableInstanceEntity[id=2540, name=var1504, type=integer, longValue=1504, textValue=1504]
10:48:05,323 [main] DEBUG org.activiti.engine.impl.db.DbSqlSession  -   insert VariableInstanceEntity[id=2541, name=var2834, type=integer, longValue=2834, textValue=2834]
10:48:05,323 [main] DEBUG org.activiti.engine.impl.db.DbSqlSession  -   insert VariableInstanceEntity[id=2542, name=var1501, type=integer, longValue=1501, textValue=1501]
10:48:05,323 [main] DEBUG org.activiti.engine.impl.db.DbSqlSession  -   insert VariableInstanceEntity[id=2543, name=var2833, type=integer, longValue=2833, textValue=2833]
10:48:05,323 [main] DEBUG org.activiti.engine.impl.db.DbSqlSession  -   insert VariableInstanceEntity[id=2544, name=var1502, type=integer, longValue=1502, textValue=1502]
10:48:05,323 [main] DEBUG org.activiti.engine.impl.db.DbSqlSession  -   insert VariableInstanceEntity[id=2545, name=var2832, type=integer, longValue=2832, textValue=2832]
10:48:05,323 [main] DEBUG org.activiti.engine.impl.db.DbSqlSession  -   insert VariableInstanceEntity[id=2546, name=var1507, type=integer, longValue=1507, textValue=1507]
10:48:05,323 [main] DEBUG org.activiti.engine.impl.db.DbSqlSession  -   insert VariableInstanceEntity[id=2547, name=var2839, type=integer, longValue=2839, textValue=2839]
10:48:05,323 [main] DEBUG org.activiti.engine.impl.db.DbSqlSession  -   insert VariableInstanceEntity[id=2548, name=var1508, type=integer, longValue=1508, textValue=1508]
10:48:05,323 [main] DEBUG org.activiti.engine.impl.db.DbSqlSession  -   insert VariableInstanceEntity[id=2549, name=var2838, type=integer, longValue=2838, textValue=2838]
10:48:05,323 [main] DEBUG org.activiti.engine.impl.db.DbSqlSession  -   insert VariableInstanceEntity[id=2550, name=var1505, type=integer, longValue=1505, textValue=1505]
10:48:05,323 [main] DEBUG org.activiti.engine.impl.db.DbSqlSession  -   insert VariableInstanceEntity[id=2551, name=var2837, type=integer, longValue=2837, textValue=2837]
10:48:05,323 [main] DEBUG org.activiti.engine.impl.db.DbSqlSession  -   insert VariableInstanceEntity[id=2552, name=var1506, type=integer, longValue=1506, textValue=1506]
10:48:05,323 [main] DEBUG org.activiti.engine.impl.db.DbSqlSession  -   insert VariableInstanceEntity[id=2553, name=var2836, type=integer, longValue=2836, textValue=2836]
10:48:05,323 [main] DEBUG org.activiti.engine.impl.db.DbSqlSession  -   insert VariableInstanceEntity[id=2554, name=var1509, type=integer, longValue=1509, textValue=1509]
10:48:05,323 [main] DEBUG org.activiti.engine.impl.db.DbSqlSession  -   insert VariableInstanceEntity[id=2555, name=var1510, type=integer, longValue=1510, textValue=1510]
10:48:05,323 [main] DEBUG org.activiti.engine.impl.db.DbSqlSession  -   insert VariableInstanceEntity[id=2556, name=var2842, type=integer, longValue=2842, textValue=2842]
10:48:05,323 [main] DEBUG org.activiti.engine.impl.db.DbSqlSession  -   insert VariableInstanceEntity[id=2557, name=var1511, type=integer, longValue=1511, textValue=1511]
10:48:05,323 [main] DEBUG org.activiti.engine.impl.db.DbSqlSession  -   insert VariableInstanceEntity[id=2558, name=var2841, type=integer, longValue=2841, textValue=2841]
10:48:05,323 [main] DEBUG org.activiti.engine.impl.db.DbSqlSession  -   insert VariableInstanceEntity[id=2559, name=var2840, type=integer, longValue=2840, textValue=2840]
10:48:05,323 [main] DEBUG org.activiti.engine.impl.db.DbSqlSession  -   insert VariableInstanceEntity[id=2560, name=var1514, type=integer, longValue=1514, textValue=1514]
10:48:05,323 [main] DEBUG org.activiti.engine.impl.db.DbSqlSession  -   insert VariableInstanceEntity[id=2561, name=var2846, type=integer, longValue=2846, textValue=2846]
10:48:05,323 [main] DEBUG org.activiti.engine.impl.db.DbSqlSession  -   insert VariableInstanceEntity[id=2562, name=var1515, type=integer, longValue=1515, textValue=1515]
10:48:05,323 [main] DEBUG org.activiti.engine.impl.db.DbSqlSession  -   insert VariableInstanceEntity[id=2563, name=var2845, type=integer, longValue=2845, textValue=2845]
10:48:05,323 [main] DEBUG org.activiti.engine.impl.db.DbSqlSession  -   insert VariableInstanceEntity[id=2564, name=var1512, type=integer, longValue=1512, textValue=1512]
10:48:05,323 [main] DEBUG org.activiti.engine.impl.db.DbSqlSession  -   insert VariableInstanceEntity[id=2565, name=var2844, type=integer, longValue=2844, textValue=2844]
10:48:05,323 [main] DEBUG org.activiti.engine.impl.db.DbSqlSession  -   insert VariableInstanceEntity[id=2566, name=var1513, type=integer, longValue=1513, textValue=1513]
10:48:05,323 [main] DEBUG org.activiti.engine.impl.db.DbSqlSession  -   insert VariableInstanceEntity[id=2567, name=var2843, type=integer, longValue=2843, textValue=2843]
10:48:05,323 [main] DEBUG org.activiti.engine.impl.db.DbSqlSession  -   insert VariableInstanceEntity[id=2568, name=var1518, type=integer, longValue=1518, textValue=1518]
10:48:05,323 [main] DEBUG org.activiti.engine.impl.db.DbSqlSession  -   insert VariableInstanceEntity[id=2569, name=var1519, type=integer, longValue=1519, textValue=1519]
10:48:05,323 [main] DEBUG org.activiti.engine.impl.db.DbSqlSession  -   insert VariableInstanceEntity[id=2570, name=var2849, type=integer, longValue=2849, textValue=2849]
10:48:05,323 [main] DEBUG org.activiti.engine.impl.db.DbSqlSession  -   insert VariableInstanceEntity[id=2571, name=var1516, type=integer, longValue=1516, textValue=1516]
10:48:05,323 [main] DEBUG org.activiti.engine.impl.db.DbSqlSession  -   insert VariableInstanceEntity[id=2572, name=var2848, type=integer, longValue=2848, textValue=2848]
10:48:05,323 [main] DEBUG org.activiti.engine.impl.db.DbSqlSession  -   insert VariableInstanceEntity[id=2573, name=var1517, type=integer, longValue=1517, textValue=1517]
10:48:05,323 [main] DEBUG org.activiti.engine.impl.db.DbSqlSession  -   insert VariableInstanceEntity[id=2574, name=var2847, type=integer, longValue=2847, textValue=2847]
10:48:05,323 [main] DEBUG org.activiti.engine.impl.db.DbSqlSession  -   insert VariableInstanceEntity[id=2575, name=var941, type=integer, longValue=941, textValue=941]
10:48:05,323 [main] DEBUG org.activiti.engine.impl.db.DbSqlSession  -   insert VariableInstanceEntity[id=2576, name=var1521, type=integer, longValue=1521, textValue=1521]
10:48:05,323 [main] DEBUG org.activiti.engine.impl.db.DbSqlSession  -   insert VariableInstanceEntity[id=2577, name=var2853, type=integer, longValue=2853, textValue=2853]
10:48:05,323 [main] DEBUG org.activiti.engine.impl.db.DbSqlSession  -   insert VariableInstanceEntity[id=2578, name=var940, type=integer, longValue=940, textValue=940]
10:48:05,323 [main] DEBUG org.activiti.engine.impl.db.DbSqlSession  -   insert VariableInstanceEntity[id=2579, name=var1522, type=integer, longValue=1522, textValue=1522]
10:48:05,323 [main] DEBUG org.activiti.engine.impl.db.DbSqlSession  -   insert VariableInstanceEntity[id=2580, name=var2852, type=integer, longValue=2852, textValue=2852]
10:48:05,324 [main] DEBUG org.activiti.engine.impl.db.DbSqlSession  -   insert VariableInstanceEntity[id=2581, name=var2851, type=integer, longValue=2851, textValue=2851]
10:48:05,324 [main] DEBUG org.activiti.engine.impl.db.DbSqlSession  -   insert VariableInstanceEntity[id=2582, name=var1520, type=integer, longValue=1520, textValue=1520]
10:48:05,324 [main] DEBUG org.activiti.engine.impl.db.DbSqlSession  -   insert VariableInstanceEntity[id=2583, name=var2850, type=integer, longValue=2850, textValue=2850]
10:48:05,324 [main] DEBUG org.activiti.engine.impl.db.DbSqlSession  -   insert VariableInstanceEntity[id=2584, name=var1525, type=integer, longValue=1525, textValue=1525]
10:48:05,324 [main] DEBUG org.activiti.engine.impl.db.DbSqlSession  -   insert VariableInstanceEntity[id=2585, name=var2857, type=integer, longValue=2857, textValue=2857]
10:48:05,324 [main] DEBUG org.activiti.engine.impl.db.DbSqlSession  -   insert VariableInstanceEntity[id=2586, name=var1526, type=integer, longValue=1526, textValue=1526]
10:48:05,324 [main] DEBUG org.activiti.engine.impl.db.DbSqlSession  -   insert VariableInstanceEntity[id=2587, name=var2856, type=integer, longValue=2856, textValue=2856]
10:48:05,324 [main] DEBUG org.activiti.engine.impl.db.DbSqlSession  -   insert VariableInstanceEntity[id=2588, name=var1523, type=integer, longValue=1523, textValue=1523]
10:48:05,324 [main] DEBUG org.activiti.engine.impl.db.DbSqlSession  -   insert VariableInstanceEntity[id=2589, name=var2855, type=integer, longValue=2855, textValue=2855]
10:48:05,324 [main] DEBUG org.activiti.engine.impl.db.DbSqlSession  -   insert VariableInstanceEntity[id=2590, name=var1524, type=integer, longValue=1524, textValue=1524]
10:48:05,324 [main] DEBUG org.activiti.engine.impl.db.DbSqlSession  -   insert VariableInstanceEntity[id=2591, name=var2854, type=integer, longValue=2854, textValue=2854]
10:48:05,324 [main] DEBUG org.activiti.engine.impl.db.DbSqlSession  -   insert VariableInstanceEntity[id=2592, name=var949, type=integer, longValue=949, textValue=949]
10:48:05,324 [main] DEBUG org.activiti.engine.impl.db.DbSqlSession  -   insert VariableInstanceEntity[id=2593, name=var1529, type=integer, longValue=1529, textValue=1529]
10:48:05,324 [main] DEBUG org.activiti.engine.impl.db.DbSqlSession  -   insert VariableInstanceEntity[id=2594, name=var948, type=integer, longValue=948, textValue=948]
10:48:05,324 [main] DEBUG org.activiti.engine.impl.db.DbSqlSession  -   insert VariableInstanceEntity[id=2595, name=var947, type=integer, longValue=947, textValue=947]
10:48:05,324 [main] DEBUG org.activiti.engine.impl.db.DbSqlSession  -   insert VariableInstanceEntity[id=2596, name=var1527, type=integer, longValue=1527, textValue=1527]
10:48:05,324 [main] DEBUG org.activiti.engine.impl.db.DbSqlSession  -   insert VariableInstanceEntity[id=2597, name=var2859, type=integer, longValue=2859, textValue=2859]
10:48:05,324 [main] DEBUG org.activiti.engine.impl.db.DbSqlSession  -   insert VariableInstanceEntity[id=2598, name=var946, type=integer, longValue=946, textValue=946]
10:48:05,324 [main] DEBUG org.activiti.engine.impl.db.DbSqlSession  -   insert VariableInstanceEntity[id=2599, name=var1528, type=integer, longValue=1528, textValue=1528]
10:48:05,324 [main] DEBUG org.activiti.engine.impl.db.DbSqlSession  -   insert VariableInstanceEntity[id=2600, name=var2858, type=integer, longValue=2858, textValue=2858]
10:48:05,324 [main] DEBUG org.activiti.engine.impl.db.DbSqlSession  -   insert VariableInstanceEntity[id=2601, name=var945, type=integer, longValue=945, textValue=945]
10:48:05,324 [main] DEBUG org.activiti.engine.impl.db.DbSqlSession  -   insert VariableInstanceEntity[id=2602, name=var944, type=integer, longValue=944, textValue=944]
10:48:05,324 [main] DEBUG org.activiti.engine.impl.db.DbSqlSession  -   insert VariableInstanceEntity[id=2603, name=var943, type=integer, longValue=943, textValue=943]
10:48:05,324 [main] DEBUG org.activiti.engine.impl.db.DbSqlSession  -   insert VariableInstanceEntity[id=2604, name=var942, type=integer, longValue=942, textValue=942]
10:48:05,324 [main] DEBUG org.activiti.engine.impl.db.DbSqlSession  -   insert VariableInstanceEntity[id=2605, name=var2860, type=integer, longValue=2860, textValue=2860]
10:48:05,324 [main] DEBUG org.activiti.engine.impl.db.DbSqlSession  -   insert VariableInstanceEntity[id=2606, name=var930, type=integer, longValue=930, textValue=930]
10:48:05,324 [main] DEBUG org.activiti.engine.impl.db.DbSqlSession  -   insert VariableInstanceEntity[id=2607, name=var1532, type=integer, longValue=1532, textValue=1532]
10:48:05,324 [main] DEBUG org.activiti.engine.impl.db.DbSqlSession  -   insert VariableInstanceEntity[id=2608, name=var2864, type=integer, longValue=2864, textValue=2864]
10:48:05,324 [main] DEBUG org.activiti.engine.impl.db.DbSqlSession  -   insert VariableInstanceEntity[id=2609, name=var1533, type=integer, longValue=1533, textValue=1533]
10:48:05,324 [main] DEBUG org.activiti.engine.impl.db.DbSqlSession  -   insert VariableInstanceEntity[id=2610, name=var2863, type=integer, longValue=2863, textValue=2863]
10:48:05,324 [main] DEBUG org.activiti.engine.impl.db.DbSqlSession  -   insert VariableInstanceEntity[id=2611, name=var1530, type=integer, longValue=1530, textValue=1530]
10:48:05,324 [main] DEBUG org.activiti.engine.impl.db.DbSqlSession  -   insert VariableInstanceEntity[id=2612, name=var2862, type=integer, longValue=2862, textValue=2862]
10:48:05,324 [main] DEBUG org.activiti.engine.impl.db.DbSqlSession  -   insert VariableInstanceEntity[id=2613, name=var1531, type=integer, longValue=1531, textValue=1531]
10:48:05,324 [main] DEBUG org.activiti.engine.impl.db.DbSqlSession  -   insert VariableInstanceEntity[id=2614, name=var2861, type=integer, longValue=2861, textValue=2861]
10:48:05,324 [main] DEBUG org.activiti.engine.impl.db.DbSqlSession  -   insert VariableInstanceEntity[id=2615, name=var1536, type=integer, longValue=1536, textValue=1536]
10:48:05,324 [main] DEBUG org.activiti.engine.impl.db.DbSqlSession  -   insert VariableInstanceEntity[id=2616, name=var2868, type=integer, longValue=2868, textValue=2868]
10:48:05,324 [main] DEBUG org.activiti.engine.impl.db.DbSqlSession  -   insert VariableInstanceEntity[id=2617, name=var1537, type=integer, longValue=1537, textValue=1537]
10:48:05,324 [main] DEBUG org.activiti.engine.impl.db.DbSqlSession  -   insert VariableInstanceEntity[id=2618, name=var2867, type=integer, longValue=2867, textValue=2867]
10:48:05,324 [main] DEBUG org.activiti.engine.impl.db.DbSqlSession  -   insert VariableInstanceEntity[id=2619, name=var1534, type=integer, longValue=1534, textValue=1534]
10:48:05,324 [main] DEBUG org.activiti.engine.impl.db.DbSqlSession  -   insert VariableInstanceEntity[id=2620, name=var2866, type=integer, longValue=2866, textValue=2866]
10:48:05,324 [main] DEBUG org.activiti.engine.impl.db.DbSqlSession  -   insert VariableInstanceEntity[id=2621, name=var1535, type=integer, longValue=1535, textValue=1535]
10:48:05,324 [main] DEBUG org.activiti.engine.impl.db.DbSqlSession  -   insert VariableInstanceEntity[id=2622, name=var2865, type=integer, longValue=2865, textValue=2865]
10:48:05,324 [main] DEBUG org.activiti.engine.impl.db.DbSqlSession  -   insert VariableInstanceEntity[id=2623, name=var938, type=integer, longValue=938, textValue=938]
10:48:05,324 [main] DEBUG org.activiti.engine.impl.db.DbSqlSession  -   insert VariableInstanceEntity[id=2624, name=var937, type=integer, longValue=937, textValue=937]
10:48:05,324 [main] DEBUG org.activiti.engine.impl.db.DbSqlSession  -   insert VariableInstanceEntity[id=2625, name=var936, type=integer, longValue=936, textValue=936]
10:48:05,324 [main] DEBUG org.activiti.engine.impl.db.DbSqlSession  -   insert VariableInstanceEntity[id=2626, name=var1538, type=integer, longValue=1538, textValue=1538]
10:48:05,324 [main] DEBUG org.activiti.engine.impl.db.DbSqlSession  -   insert VariableInstanceEntity[id=2627, name=var935, type=integer, longValue=935, textValue=935]
10:48:05,324 [main] DEBUG org.activiti.engine.impl.db.DbSqlSession  -   insert VariableInstanceEntity[id=2628, name=var1539, type=integer, longValue=1539, textValue=1539]
10:48:05,324 [main] DEBUG org.activiti.engine.impl.db.DbSqlSession  -   insert VariableInstanceEntity[id=2629, name=var2869, type=integer, longValue=2869, textValue=2869]
10:48:05,324 [main] DEBUG org.activiti.engine.impl.db.DbSqlSession  -   insert VariableInstanceEntity[id=2630, name=var934, type=integer, longValue=934, textValue=934]
10:48:05,324 [main] DEBUG org.activiti.engine.impl.db.DbSqlSession  -   insert VariableInstanceEntity[id=2631, name=var933, type=integer, longValue=933, textValue=933]
10:48:05,324 [main] DEBUG org.activiti.engine.impl.db.DbSqlSession  -   insert VariableInstanceEntity[id=2632, name=var932, type=integer, longValue=932, textValue=932]
10:48:05,324 [main] DEBUG org.activiti.engine.impl.db.DbSqlSession  -   insert VariableInstanceEntity[id=2633, name=var931, type=integer, longValue=931, textValue=931]
10:48:05,324 [main] DEBUG org.activiti.engine.impl.db.DbSqlSession  -   insert VariableInstanceEntity[id=2634, name=var939, type=integer, longValue=939, textValue=939]
10:48:05,324 [main] DEBUG org.activiti.engine.impl.db.DbSqlSession  -   insert VariableInstanceEntity[id=2635, name=var2871, type=integer, longValue=2871, textValue=2871]
10:48:05,325 [main] DEBUG org.activiti.engine.impl.db.DbSqlSession  -   insert VariableInstanceEntity[id=2636, name=var1540, type=integer, longValue=1540, textValue=1540]
10:48:05,325 [main] DEBUG org.activiti.engine.impl.db.DbSqlSession  -   insert VariableInstanceEntity[id=2637, name=var2870, type=integer, longValue=2870, textValue=2870]
10:48:05,325 [main] DEBUG org.activiti.engine.impl.db.DbSqlSession  -   insert VariableInstanceEntity[id=2638, name=var1543, type=integer, longValue=1543, textValue=1543]
10:48:05,325 [main] DEBUG org.activiti.engine.impl.db.DbSqlSession  -   insert VariableInstanceEntity[id=2639, name=var2875, type=integer, longValue=2875, textValue=2875]
10:48:05,325 [main] DEBUG org.activiti.engine.impl.db.DbSqlSession  -   insert VariableInstanceEntity[id=2640, name=var1544, type=integer, longValue=1544, textValue=1544]
10:48:05,325 [main] DEBUG org.activiti.engine.impl.db.DbSqlSession  -   insert VariableInstanceEntity[id=2641, name=var2874, type=integer, longValue=2874, textValue=2874]
10:48:05,325 [main] DEBUG org.activiti.engine.impl.db.DbSqlSession  -   insert VariableInstanceEntity[id=2642, name=var1541, type=integer, longValue=1541, textValue=1541]
10:48:05,325 [main] DEBUG org.activiti.engine.impl.db.DbSqlSession  -   insert VariableInstanceEntity[id=2643, name=var2873, type=integer, longValue=2873, textValue=2873]
10:48:05,325 [main] DEBUG org.activiti.engine.impl.db.DbSqlSession  -   insert VariableInstanceEntity[id=2644, name=var1542, type=integer, longValue=1542, textValue=1542]
10:48:05,325 [main] DEBUG org.activiti.engine.impl.db.DbSqlSession  -   insert VariableInstanceEntity[id=2645, name=var2872, type=integer, longValue=2872, textValue=2872]
10:48:05,325 [main] DEBUG org.activiti.engine.impl.db.DbSqlSession  -   insert VariableInstanceEntity[id=2646, name=var1547, type=integer, longValue=1547, textValue=1547]
10:48:05,325 [main] DEBUG org.activiti.engine.impl.db.DbSqlSession  -   insert VariableInstanceEntity[id=2647, name=var2879, type=integer, longValue=2879, textValue=2879]
10:48:05,325 [main] DEBUG org.activiti.engine.impl.db.DbSqlSession  -   insert VariableInstanceEntity[id=2648, name=var1548, type=integer, longValue=1548, textValue=1548]
10:48:05,325 [main] DEBUG org.activiti.engine.impl.db.DbSqlSession  -   insert VariableInstanceEntity[id=2649, name=var2878, type=integer, longValue=2878, textValue=2878]
10:48:05,325 [main] DEBUG org.activiti.engine.impl.db.DbSqlSession  -   insert VariableInstanceEntity[id=2650, name=var1545, type=integer, longValue=1545, textValue=1545]
10:48:05,325 [main] DEBUG org.activiti.engine.impl.db.DbSqlSession  -   insert VariableInstanceEntity[id=2651, name=var2877, type=integer, longValue=2877, textValue=2877]
10:48:05,325 [main] DEBUG org.activiti.engine.impl.db.DbSqlSession  -   insert VariableInstanceEntity[id=2652, name=var1546, type=integer, longValue=1546, textValue=1546]
10:48:05,325 [main] DEBUG org.activiti.engine.impl.db.DbSqlSession  -   insert VariableInstanceEntity[id=2653, name=var2876, type=integer, longValue=2876, textValue=2876]
10:48:05,325 [main] DEBUG org.activiti.engine.impl.db.DbSqlSession  -   insert VariableInstanceEntity[id=2654, name=var927, type=integer, longValue=927, textValue=927]
10:48:05,325 [main] DEBUG org.activiti.engine.impl.db.DbSqlSession  -   insert VariableInstanceEntity[id=2655, name=var926, type=integer, longValue=926, textValue=926]
10:48:05,325 [main] DEBUG org.activiti.engine.impl.db.DbSqlSession  -   insert VariableInstanceEntity[id=2656, name=var925, type=integer, longValue=925, textValue=925]
10:48:05,325 [main] DEBUG org.activiti.engine.impl.db.DbSqlSession  -   insert VariableInstanceEntity[id=2657, name=var1549, type=integer, longValue=1549, textValue=1549]
10:48:05,325 [main] DEBUG org.activiti.engine.impl.db.DbSqlSession  -   insert VariableInstanceEntity[id=2658, name=var924, type=integer, longValue=924, textValue=924]
10:48:05,325 [main] DEBUG org.activiti.engine.impl.db.DbSqlSession  -   insert VariableInstanceEntity[id=2659, name=var923, type=integer, longValue=923, textValue=923]
10:48:05,325 [main] DEBUG org.activiti.engine.impl.db.DbSqlSession  -   insert VariableInstanceEntity[id=2660, name=var922, type=integer, longValue=922, textValue=922]
10:48:05,325 [main] DEBUG org.activiti.engine.impl.db.DbSqlSession  -   insert VariableInstanceEntity[id=2661, name=var921, type=integer, longValue=921, textValue=921]
10:48:05,325 [main] DEBUG org.activiti.engine.impl.db.DbSqlSession  -   insert VariableInstanceEntity[id=2662, name=var920, type=integer, longValue=920, textValue=920]
10:48:05,325 [main] DEBUG org.activiti.engine.impl.db.DbSqlSession  -   insert VariableInstanceEntity[id=2663, name=var929, type=integer, longValue=929, textValue=929]
10:48:05,325 [main] DEBUG org.activiti.engine.impl.db.DbSqlSession  -   insert VariableInstanceEntity[id=2664, name=var928, type=integer, longValue=928, textValue=928]
10:48:05,325 [main] DEBUG org.activiti.engine.impl.db.DbSqlSession  -   insert VariableInstanceEntity[id=2665, name=var1550, type=integer, longValue=1550, textValue=1550]
10:48:05,325 [main] DEBUG org.activiti.engine.impl.db.DbSqlSession  -   insert VariableInstanceEntity[id=2666, name=var2882, type=integer, longValue=2882, textValue=2882]
10:48:05,325 [main] DEBUG org.activiti.engine.impl.db.DbSqlSession  -   insert VariableInstanceEntity[id=2667, name=var1551, type=integer, longValue=1551, textValue=1551]
10:48:05,325 [main] DEBUG org.activiti.engine.impl.db.DbSqlSession  -   insert VariableInstanceEntity[id=2668, name=var2881, type=integer, longValue=2881, textValue=2881]
10:48:05,325 [main] DEBUG org.activiti.engine.impl.db.DbSqlSession  -   insert VariableInstanceEntity[id=2669, name=var2880, type=integer, longValue=2880, textValue=2880]
10:48:05,325 [main] DEBUG org.activiti.engine.impl.db.DbSqlSession  -   insert VariableInstanceEntity[id=2670, name=var1554, type=integer, longValue=1554, textValue=1554]
10:48:05,325 [main] DEBUG org.activiti.engine.impl.db.DbSqlSession  -   insert VariableInstanceEntity[id=2671, name=var2886, type=integer, longValue=2886, textValue=2886]
10:48:05,325 [main] DEBUG org.activiti.engine.impl.db.DbSqlSession  -   insert VariableInstanceEntity[id=2672, name=var1555, type=integer, longValue=1555, textValue=1555]
10:48:05,325 [main] DEBUG org.activiti.engine.impl.db.DbSqlSession  -   insert VariableInstanceEntity[id=2673, name=var2885, type=integer, longValue=2885, textValue=2885]
10:48:05,325 [main] DEBUG org.activiti.engine.impl.db.DbSqlSession  -   insert VariableInstanceEntity[id=2674, name=var1552, type=integer, longValue=1552, textValue=1552]
10:48:05,325 [main] DEBUG org.activiti.engine.impl.db.DbSqlSession  -   insert VariableInstanceEntity[id=2675, name=var2884, type=integer, longValue=2884, textValue=2884]
10:48:05,325 [main] DEBUG org.activiti.engine.impl.db.DbSqlSession  -   insert VariableInstanceEntity[id=2676, name=var1553, type=integer, longValue=1553, textValue=1553]
10:48:05,325 [main] DEBUG org.activiti.engine.impl.db.DbSqlSession  -   insert VariableInstanceEntity[id=2677, name=var2883, type=integer, longValue=2883, textValue=2883]
10:48:05,325 [main] DEBUG org.activiti.engine.impl.db.DbSqlSession  -   insert VariableInstanceEntity[id=2678, name=var1558, type=integer, longValue=1558, textValue=1558]
10:48:05,325 [main] DEBUG org.activiti.engine.impl.db.DbSqlSession  -   insert VariableInstanceEntity[id=2679, name=var1559, type=integer, longValue=1559, textValue=1559]
10:48:05,325 [main] DEBUG org.activiti.engine.impl.db.DbSqlSession  -   insert VariableInstanceEntity[id=2680, name=var2889, type=integer, longValue=2889, textValue=2889]
10:48:05,325 [main] DEBUG org.activiti.engine.impl.db.DbSqlSession  -   insert VariableInstanceEntity[id=2681, name=var1556, type=integer, longValue=1556, textValue=1556]
10:48:05,325 [main] DEBUG org.activiti.engine.impl.db.DbSqlSession  -   insert VariableInstanceEntity[id=2682, name=var2888, type=integer, longValue=2888, textValue=2888]
10:48:05,325 [main] DEBUG org.activiti.engine.impl.db.DbSqlSession  -   insert VariableInstanceEntity[id=2683, name=var1557, type=integer, longValue=1557, textValue=1557]
10:48:05,325 [main] DEBUG org.activiti.engine.impl.db.DbSqlSession  -   insert VariableInstanceEntity[id=2684, name=var2887, type=integer, longValue=2887, textValue=2887]
10:48:05,325 [main] DEBUG org.activiti.engine.impl.db.DbSqlSession  -   insert VariableInstanceEntity[id=2685, name=var916, type=integer, longValue=916, textValue=916]
10:48:05,325 [main] DEBUG org.activiti.engine.impl.db.DbSqlSession  -   insert VariableInstanceEntity[id=2686, name=var915, type=integer, longValue=915, textValue=915]
10:48:05,325 [main] DEBUG org.activiti.engine.impl.db.DbSqlSession  -   insert VariableInstanceEntity[id=2687, name=var914, type=integer, longValue=914, textValue=914]
10:48:05,325 [main] DEBUG org.activiti.engine.impl.db.DbSqlSession  -   insert VariableInstanceEntity[id=2688, name=var913, type=integer, longValue=913, textValue=913]
10:48:05,326 [main] DEBUG org.activiti.engine.impl.db.DbSqlSession  -   insert VariableInstanceEntity[id=2689, name=var912, type=integer, longValue=912, textValue=912]
10:48:05,326 [main] DEBUG org.activiti.engine.impl.db.DbSqlSession  -   insert VariableInstanceEntity[id=2690, name=var911, type=integer, longValue=911, textValue=911]
10:48:05,326 [main] DEBUG org.activiti.engine.impl.db.DbSqlSession  -   insert VariableInstanceEntity[id=2691, name=var910, type=integer, longValue=910, textValue=910]
10:48:05,326 [main] DEBUG org.activiti.engine.impl.db.DbSqlSession  -   insert VariableInstanceEntity[id=2692, name=var919, type=integer, longValue=919, textValue=919]
10:48:05,326 [main] DEBUG org.activiti.engine.impl.db.DbSqlSession  -   insert VariableInstanceEntity[id=2693, name=var918, type=integer, longValue=918, textValue=918]
10:48:05,326 [main] DEBUG org.activiti.engine.impl.db.DbSqlSession  -   insert VariableInstanceEntity[id=2694, name=var917, type=integer, longValue=917, textValue=917]
10:48:05,326 [main] DEBUG org.activiti.engine.impl.db.DbSqlSession  -   insert VariableInstanceEntity[id=2695, name=var1561, type=integer, longValue=1561, textValue=1561]
10:48:05,326 [main] DEBUG org.activiti.engine.impl.db.DbSqlSession  -   insert VariableInstanceEntity[id=2696, name=var2893, type=integer, longValue=2893, textValue=2893]
10:48:05,326 [main] DEBUG org.activiti.engine.impl.db.DbSqlSession  -   insert VariableInstanceEntity[id=2697, name=var1562, type=integer, longValue=1562, textValue=1562]
10:48:05,326 [main] DEBUG org.activiti.engine.impl.db.DbSqlSession  -   insert VariableInstanceEntity[id=2698, name=var2892, type=integer, longValue=2892, textValue=2892]
10:48:05,326 [main] DEBUG org.activiti.engine.impl.db.DbSqlSession  -   insert VariableInstanceEntity[id=2699, name=var2891, type=integer, longValue=2891, textValue=2891]
10:48:05,326 [main] DEBUG org.activiti.engine.impl.db.DbSqlSession  -   insert VariableInstanceEntity[id=2700, name=var1560, type=integer, longValue=1560, textValue=1560]
10:48:05,326 [main] DEBUG org.activiti.engine.impl.db.DbSqlSession  -   insert VariableInstanceEntity[id=2701, name=var2890, type=integer, longValue=2890, textValue=2890]
10:48:05,326 [main] DEBUG org.activiti.engine.impl.db.DbSqlSession  -   insert VariableInstanceEntity[id=2702, name=var1565, type=integer, longValue=1565, textValue=1565]
10:48:05,326 [main] DEBUG org.activiti.engine.impl.db.DbSqlSession  -   insert VariableInstanceEntity[id=2703, name=var2897, type=integer, longValue=2897, textValue=2897]
10:48:05,326 [main] DEBUG org.activiti.engine.impl.db.DbSqlSession  -   insert VariableInstanceEntity[id=2704, name=var1566, type=integer, longValue=1566, textValue=1566]
10:48:05,326 [main] DEBUG org.activiti.engine.impl.db.DbSqlSession  -   insert VariableInstanceEntity[id=2705, name=var2896, type=integer, longValue=2896, textValue=2896]
10:48:05,326 [main] DEBUG org.activiti.engine.impl.db.DbSqlSession  -   insert VariableInstanceEntity[id=2706, name=var1563, type=integer, longValue=1563, textValue=1563]
10:48:05,326 [main] DEBUG org.activiti.engine.impl.db.DbSqlSession  -   insert VariableInstanceEntity[id=2707, name=var2895, type=integer, longValue=2895, textValue=2895]
10:48:05,326 [main] DEBUG org.activiti.engine.impl.db.DbSqlSession  -   insert VariableInstanceEntity[id=2708, name=var1564, type=integer, longValue=1564, textValue=1564]
10:48:05,326 [main] DEBUG org.activiti.engine.impl.db.DbSqlSession  -   insert VariableInstanceEntity[id=2709, name=var2894, type=integer, longValue=2894, textValue=2894]
10:48:05,326 [main] DEBUG org.activiti.engine.impl.db.DbSqlSession  -   insert VariableInstanceEntity[id=2710, name=var1569, type=integer, longValue=1569, textValue=1569]
10:48:05,326 [main] DEBUG org.activiti.engine.impl.db.DbSqlSession  -   insert VariableInstanceEntity[id=2711, name=var1567, type=integer, longValue=1567, textValue=1567]
10:48:05,327 [main] DEBUG org.activiti.engine.impl.db.DbSqlSession  -   insert VariableInstanceEntity[id=2712, name=var2899, type=integer, longValue=2899, textValue=2899]
10:48:05,327 [main] DEBUG org.activiti.engine.impl.db.DbSqlSession  -   insert VariableInstanceEntity[id=2713, name=var1568, type=integer, longValue=1568, textValue=1568]
10:48:05,327 [main] DEBUG org.activiti.engine.impl.db.DbSqlSession  -   insert VariableInstanceEntity[id=2714, name=var2898, type=integer, longValue=2898, textValue=2898]
10:48:05,327 [main] DEBUG org.activiti.engine.impl.db.DbSqlSession  -   insert VariableInstanceEntity[id=2715, name=var905, type=integer, longValue=905, textValue=905]
10:48:05,327 [main] DEBUG org.activiti.engine.impl.db.DbSqlSession  -   insert VariableInstanceEntity[id=2716, name=var904, type=integer, longValue=904, textValue=904]
10:48:05,327 [main] DEBUG org.activiti.engine.impl.db.DbSqlSession  -   insert VariableInstanceEntity[id=2717, name=var903, type=integer, longValue=903, textValue=903]
10:48:05,327 [main] DEBUG org.activiti.engine.impl.db.DbSqlSession  -   insert VariableInstanceEntity[id=2718, name=var902, type=integer, longValue=902, textValue=902]
10:48:05,327 [main] DEBUG org.activiti.engine.impl.db.DbSqlSession  -   insert VariableInstanceEntity[id=2719, name=var901, type=integer, longValue=901, textValue=901]
10:48:05,327 [main] DEBUG org.activiti.engine.impl.db.DbSqlSession  -   insert VariableInstanceEntity[id=2720, name=var900, type=integer, longValue=900, textValue=900]
10:48:05,327 [main] DEBUG org.activiti.engine.impl.db.DbSqlSession  -   insert VariableInstanceEntity[id=2721, name=var909, type=integer, longValue=909, textValue=909]
10:48:05,327 [main] DEBUG org.activiti.engine.impl.db.DbSqlSession  -   insert VariableInstanceEntity[id=2722, name=var908, type=integer, longValue=908, textValue=908]
10:48:05,327 [main] DEBUG org.activiti.engine.impl.db.DbSqlSession  -   insert VariableInstanceEntity[id=2723, name=var907, type=integer, longValue=907, textValue=907]
10:48:05,327 [main] DEBUG org.activiti.engine.impl.db.DbSqlSession  -   insert VariableInstanceEntity[id=2724, name=var906, type=integer, longValue=906, textValue=906]
10:48:05,327 [main] DEBUG org.activiti.engine.impl.db.DbSqlSession  -   insert VariableInstanceEntity[id=2725, name=var1572, type=integer, longValue=1572, textValue=1572]
10:48:05,327 [main] DEBUG org.activiti.engine.impl.db.DbSqlSession  -   insert VariableInstanceEntity[id=2726, name=var1573, type=integer, longValue=1573, textValue=1573]
10:48:05,327 [main] DEBUG org.activiti.engine.impl.db.DbSqlSession  -   insert VariableInstanceEntity[id=2727, name=var1570, type=integer, longValue=1570, textValue=1570]
10:48:05,327 [main] DEBUG org.activiti.engine.impl.db.DbSqlSession  -   insert VariableInstanceEntity[id=2728, name=var1571, type=integer, longValue=1571, textValue=1571]
10:48:05,327 [main] DEBUG org.activiti.engine.impl.db.DbSqlSession  -   insert VariableInstanceEntity[id=2729, name=var1576, type=integer, longValue=1576, textValue=1576]
10:48:05,327 [main] DEBUG org.activiti.engine.impl.db.DbSqlSession  -   insert VariableInstanceEntity[id=2730, name=var1577, type=integer, longValue=1577, textValue=1577]
10:48:05,327 [main] DEBUG org.activiti.engine.impl.db.DbSqlSession  -   insert VariableInstanceEntity[id=2731, name=var1574, type=integer, longValue=1574, textValue=1574]
10:48:05,327 [main] DEBUG org.activiti.engine.impl.db.DbSqlSession  -   insert VariableInstanceEntity[id=2732, name=var1575, type=integer, longValue=1575, textValue=1575]
10:48:05,327 [main] DEBUG org.activiti.engine.impl.db.DbSqlSession  -   insert VariableInstanceEntity[id=2733, name=var1578, type=integer, longValue=1578, textValue=1578]
10:48:05,327 [main] DEBUG org.activiti.engine.impl.db.DbSqlSession  -   insert VariableInstanceEntity[id=2734, name=var1579, type=integer, longValue=1579, textValue=1579]
10:48:05,327 [main] DEBUG org.activiti.engine.impl.db.DbSqlSession  -   insert VariableInstanceEntity[id=2735, name=var1580, type=integer, longValue=1580, textValue=1580]
10:48:05,327 [main] DEBUG org.activiti.engine.impl.db.DbSqlSession  -   insert VariableInstanceEntity[id=2736, name=var1583, type=integer, longValue=1583, textValue=1583]
10:48:05,327 [main] DEBUG org.activiti.engine.impl.db.DbSqlSession  -   insert VariableInstanceEntity[id=2737, name=var1584, type=integer, longValue=1584, textValue=1584]
10:48:05,327 [main] DEBUG org.activiti.engine.impl.db.DbSqlSession  -   insert VariableInstanceEntity[id=2738, name=var1581, type=integer, longValue=1581, textValue=1581]
10:48:05,327 [main] DEBUG org.activiti.engine.impl.db.DbSqlSession  -   insert VariableInstanceEntity[id=2739, name=var1582, type=integer, longValue=1582, textValue=1582]
10:48:05,327 [main] DEBUG org.activiti.engine.impl.db.DbSqlSession  -   insert VariableInstanceEntity[id=2740, name=var1587, type=integer, longValue=1587, textValue=1587]
10:48:05,327 [main] DEBUG org.activiti.engine.impl.db.DbSqlSession  -   insert VariableInstanceEntity[id=2741, name=var1588, type=integer, longValue=1588, textValue=1588]
10:48:05,327 [main] DEBUG org.activiti.engine.impl.db.DbSqlSession  -   insert VariableInstanceEntity[id=2742, name=var1585, type=integer, longValue=1585, textValue=1585]
10:48:05,327 [main] DEBUG org.activiti.engine.impl.db.DbSqlSession  -   insert VariableInstanceEntity[id=2743, name=var1586, type=integer, longValue=1586, textValue=1586]
10:48:05,327 [main] DEBUG org.activiti.engine.impl.db.DbSqlSession  -   insert VariableInstanceEntity[id=2744, name=var1589, type=integer, longValue=1589, textValue=1589]
10:48:05,327 [main] DEBUG org.activiti.engine.impl.db.DbSqlSession  -   insert VariableInstanceEntity[id=2745, name=var1590, type=integer, longValue=1590, textValue=1590]
10:48:05,327 [main] DEBUG org.activiti.engine.impl.db.DbSqlSession  -   insert VariableInstanceEntity[id=2746, name=var1591, type=integer, longValue=1591, textValue=1591]
10:48:05,327 [main] DEBUG org.activiti.engine.impl.db.DbSqlSession  -   insert VariableInstanceEntity[id=2747, name=var1594, type=integer, longValue=1594, textValue=1594]
10:48:05,327 [main] DEBUG org.activiti.engine.impl.db.DbSqlSession  -   insert VariableInstanceEntity[id=2748, name=var1595, type=integer, longValue=1595, textValue=1595]
10:48:05,327 [main] DEBUG org.activiti.engine.impl.db.DbSqlSession  -   insert VariableInstanceEntity[id=2749, name=var1592, type=integer, longValue=1592, textValue=1592]
10:48:05,327 [main] DEBUG org.activiti.engine.impl.db.DbSqlSession  -   insert VariableInstanceEntity[id=2750, name=var1593, type=integer, longValue=1593, textValue=1593]
10:48:05,327 [main] DEBUG org.activiti.engine.impl.db.DbSqlSession  -   insert VariableInstanceEntity[id=2751, name=var1598, type=integer, longValue=1598, textValue=1598]
10:48:05,327 [main] DEBUG org.activiti.engine.impl.db.DbSqlSession  -   insert VariableInstanceEntity[id=2752, name=var1599, type=integer, longValue=1599, textValue=1599]
10:48:05,327 [main] DEBUG org.activiti.engine.impl.db.DbSqlSession  -   insert VariableInstanceEntity[id=2753, name=var1596, type=integer, longValue=1596, textValue=1596]
10:48:05,327 [main] DEBUG org.activiti.engine.impl.db.DbSqlSession  -   insert VariableInstanceEntity[id=2754, name=var1597, type=integer, longValue=1597, textValue=1597]
10:48:05,327 [main] DEBUG org.activiti.engine.impl.db.DbSqlSession  -   insert VariableInstanceEntity[id=2755, name=var1480, type=integer, longValue=1480, textValue=1480]
10:48:05,327 [main] DEBUG org.activiti.engine.impl.db.DbSqlSession  -   insert VariableInstanceEntity[id=2756, name=var1481, type=integer, longValue=1481, textValue=1481]
10:48:05,327 [main] DEBUG org.activiti.engine.impl.db.DbSqlSession  -   insert VariableInstanceEntity[id=2757, name=var1484, type=integer, longValue=1484, textValue=1484]
10:48:05,327 [main] DEBUG org.activiti.engine.impl.db.DbSqlSession  -   insert VariableInstanceEntity[id=2758, name=var1485, type=integer, longValue=1485, textValue=1485]
10:48:05,327 [main] DEBUG org.activiti.engine.impl.db.DbSqlSession  -   insert VariableInstanceEntity[id=2759, name=var1482, type=integer, longValue=1482, textValue=1482]
10:48:05,327 [main] DEBUG org.activiti.engine.impl.db.DbSqlSession  -   insert VariableInstanceEntity[id=2760, name=var1483, type=integer, longValue=1483, textValue=1483]
10:48:05,327 [main] DEBUG org.activiti.engine.impl.db.DbSqlSession  -   insert VariableInstanceEntity[id=2761, name=var1488, type=integer, longValue=1488, textValue=1488]
10:48:05,327 [main] DEBUG org.activiti.engine.impl.db.DbSqlSession  -   insert VariableInstanceEntity[id=2762, name=var1489, type=integer, longValue=1489, textValue=1489]
10:48:05,327 [main] DEBUG org.activiti.engine.impl.db.DbSqlSession  -   insert VariableInstanceEntity[id=2763, name=var1486, type=integer, longValue=1486, textValue=1486]
10:48:05,327 [main] DEBUG org.activiti.engine.impl.db.DbSqlSession  -   insert VariableInstanceEntity[id=2764, name=var1487, type=integer, longValue=1487, textValue=1487]
10:48:05,327 [main] DEBUG org.activiti.engine.impl.db.DbSqlSession  -   insert VariableInstanceEntity[id=2765, name=var1491, type=integer, longValue=1491, textValue=1491]
10:48:05,328 [main] DEBUG org.activiti.engine.impl.db.DbSqlSession  -   insert VariableInstanceEntity[id=2766, name=var1492, type=integer, longValue=1492, textValue=1492]
10:48:05,328 [main] DEBUG org.activiti.engine.impl.db.DbSqlSession  -   insert VariableInstanceEntity[id=2767, name=var1490, type=integer, longValue=1490, textValue=1490]
10:48:05,328 [main] DEBUG org.activiti.engine.impl.db.DbSqlSession  -   insert VariableInstanceEntity[id=2768, name=var1495, type=integer, longValue=1495, textValue=1495]
10:48:05,328 [main] DEBUG org.activiti.engine.impl.db.DbSqlSession  -   insert VariableInstanceEntity[id=2769, name=var1496, type=integer, longValue=1496, textValue=1496]
10:48:05,328 [main] DEBUG org.activiti.engine.impl.db.DbSqlSession  -   insert VariableInstanceEntity[id=2770, name=var1493, type=integer, longValue=1493, textValue=1493]
10:48:05,328 [main] DEBUG org.activiti.engine.impl.db.DbSqlSession  -   insert VariableInstanceEntity[id=2771, name=var1494, type=integer, longValue=1494, textValue=1494]
10:48:05,328 [main] DEBUG org.activiti.engine.impl.db.DbSqlSession  -   insert VariableInstanceEntity[id=2772, name=var897, type=integer, longValue=897, textValue=897]
10:48:05,328 [main] DEBUG org.activiti.engine.impl.db.DbSqlSession  -   insert VariableInstanceEntity[id=2773, name=var1499, type=integer, longValue=1499, textValue=1499]
10:48:05,328 [main] DEBUG org.activiti.engine.impl.db.DbSqlSession  -   insert VariableInstanceEntity[id=2774, name=var896, type=integer, longValue=896, textValue=896]
10:48:05,328 [main] DEBUG org.activiti.engine.impl.db.DbSqlSession  -   insert VariableInstanceEntity[id=2775, name=var895, type=integer, longValue=895, textValue=895]
10:48:05,328 [main] DEBUG org.activiti.engine.impl.db.DbSqlSession  -   insert VariableInstanceEntity[id=2776, name=var1497, type=integer, longValue=1497, textValue=1497]
10:48:05,328 [main] DEBUG org.activiti.engine.impl.db.DbSqlSession  -   insert VariableInstanceEntity[id=2777, name=var894, type=integer, longValue=894, textValue=894]
10:48:05,328 [main] DEBUG org.activiti.engine.impl.db.DbSqlSession  -   insert VariableInstanceEntity[id=2778, name=var1498, type=integer, longValue=1498, textValue=1498]
10:48:05,328 [main] DEBUG org.activiti.engine.impl.db.DbSqlSession  -   insert VariableInstanceEntity[id=2779, name=var893, type=integer, longValue=893, textValue=893]
10:48:05,328 [main] DEBUG org.activiti.engine.impl.db.DbSqlSession  -   insert VariableInstanceEntity[id=2780, name=var892, type=integer, longValue=892, textValue=892]
10:48:05,328 [main] DEBUG org.activiti.engine.impl.db.DbSqlSession  -   insert VariableInstanceEntity[id=2781, name=var891, type=integer, longValue=891, textValue=891]
10:48:05,328 [main] DEBUG org.activiti.engine.impl.db.DbSqlSession  -   insert VariableInstanceEntity[id=2782, name=var890, type=integer, longValue=890, textValue=890]
10:48:05,328 [main] DEBUG org.activiti.engine.impl.db.DbSqlSession  -   insert VariableInstanceEntity[id=2783, name=var899, type=integer, longValue=899, textValue=899]
10:48:05,328 [main] DEBUG org.activiti.engine.impl.db.DbSqlSession  -   insert VariableInstanceEntity[id=2784, name=var898, type=integer, longValue=898, textValue=898]
10:48:05,328 [main] DEBUG org.activiti.engine.impl.db.DbSqlSession  -   insert VariableInstanceEntity[id=2785, name=var3201, type=integer, longValue=3201, textValue=3201]
10:48:05,328 [main] DEBUG org.activiti.engine.impl.db.DbSqlSession  -   insert VariableInstanceEntity[id=2786, name=var3200, type=integer, longValue=3200, textValue=3200]
10:48:05,328 [main] DEBUG org.activiti.engine.impl.db.DbSqlSession  -   insert VariableInstanceEntity[id=2787, name=var886, type=integer, longValue=886, textValue=886]
10:48:05,328 [main] DEBUG org.activiti.engine.impl.db.DbSqlSession  -   insert VariableInstanceEntity[id=2788, name=var3205, type=integer, longValue=3205, textValue=3205]
10:48:05,328 [main] DEBUG org.activiti.engine.impl.db.DbSqlSession  -   insert VariableInstanceEntity[id=2789, name=var885, type=integer, longValue=885, textValue=885]
10:48:05,328 [main] DEBUG org.activiti.engine.impl.db.DbSqlSession  -   insert VariableInstanceEntity[id=2790, name=var3204, type=integer, longValue=3204, textValue=3204]
10:48:05,328 [main] DEBUG org.activiti.engine.impl.db.DbSqlSession  -   insert VariableInstanceEntity[id=2791, name=var884, type=integer, longValue=884, textValue=884]
10:48:05,328 [main] DEBUG org.activiti.engine.impl.db.DbSqlSession  -   insert VariableInstanceEntity[id=2792, name=var3203, type=integer, longValue=3203, textValue=3203]
10:48:05,328 [main] DEBUG org.activiti.engine.impl.db.DbSqlSession  -   insert VariableInstanceEntity[id=2793, name=var883, type=integer, longValue=883, textValue=883]
10:48:05,328 [main] DEBUG org.activiti.engine.impl.db.DbSqlSession  -   insert VariableInstanceEntity[id=2794, name=var3202, type=integer, longValue=3202, textValue=3202]
10:48:05,328 [main] DEBUG org.activiti.engine.impl.db.DbSqlSession  -   insert VariableInstanceEntity[id=2795, name=var882, type=integer, longValue=882, textValue=882]
10:48:05,329 [main] DEBUG org.activiti.engine.impl.db.DbSqlSession  -   insert VariableInstanceEntity[id=2796, name=var3209, type=integer, longValue=3209, textValue=3209]
10:48:05,329 [main] DEBUG org.activiti.engine.impl.db.DbSqlSession  -   insert VariableInstanceEntity[id=2797, name=var881, type=integer, longValue=881, textValue=881]
10:48:05,329 [main] DEBUG org.activiti.engine.impl.db.DbSqlSession  -   insert VariableInstanceEntity[id=2798, name=var3208, type=integer, longValue=3208, textValue=3208]
10:48:05,329 [main] DEBUG org.activiti.engine.impl.db.DbSqlSession  -   insert VariableInstanceEntity[id=2799, name=var880, type=integer, longValue=880, textValue=880]
10:48:05,329 [main] DEBUG org.activiti.engine.impl.db.DbSqlSession  -   insert VariableInstanceEntity[id=2800, name=var3207, type=integer, longValue=3207, textValue=3207]
10:48:05,329 [main] DEBUG org.activiti.engine.impl.db.DbSqlSession  -   insert VariableInstanceEntity[id=2801, name=var3206, type=integer, longValue=3206, textValue=3206]
10:48:05,329 [main] DEBUG org.activiti.engine.impl.db.DbSqlSession  -   insert VariableInstanceEntity[id=2802, name=var889, type=integer, longValue=889, textValue=889]
10:48:05,329 [main] DEBUG org.activiti.engine.impl.db.DbSqlSession  -   insert VariableInstanceEntity[id=2803, name=var888, type=integer, longValue=888, textValue=888]
10:48:05,329 [main] DEBUG org.activiti.engine.impl.db.DbSqlSession  -   insert VariableInstanceEntity[id=2804, name=var887, type=integer, longValue=887, textValue=887]
10:48:05,329 [main] DEBUG org.activiti.engine.impl.db.DbSqlSession  -   insert VariableInstanceEntity[id=2805, name=var3212, type=integer, longValue=3212, textValue=3212]
10:48:05,329 [main] DEBUG org.activiti.engine.impl.db.DbSqlSession  -   insert VariableInstanceEntity[id=2806, name=var3211, type=integer, longValue=3211, textValue=3211]
10:48:05,329 [main] DEBUG org.activiti.engine.impl.db.DbSqlSession  -   insert VariableInstanceEntity[id=2807, name=var3210, type=integer, longValue=3210, textValue=3210]
10:48:05,329 [main] DEBUG org.activiti.engine.impl.db.DbSqlSession  -   insert VariableInstanceEntity[id=2808, name=var875, type=integer, longValue=875, textValue=875]
10:48:05,329 [main] DEBUG org.activiti.engine.impl.db.DbSqlSession  -   insert VariableInstanceEntity[id=2809, name=var3216, type=integer, longValue=3216, textValue=3216]
10:48:05,329 [main] DEBUG org.activiti.engine.impl.db.DbSqlSession  -   insert VariableInstanceEntity[id=2810, name=var874, type=integer, longValue=874, textValue=874]
10:48:05,329 [main] DEBUG org.activiti.engine.impl.db.DbSqlSession  -   insert VariableInstanceEntity[id=2811, name=var3215, type=integer, longValue=3215, textValue=3215]
10:48:05,329 [main] DEBUG org.activiti.engine.impl.db.DbSqlSession  -   insert VariableInstanceEntity[id=2812, name=var873, type=integer, longValue=873, textValue=873]
10:48:05,329 [main] DEBUG org.activiti.engine.impl.db.DbSqlSession  -   insert VariableInstanceEntity[id=2813, name=var3214, type=integer, longValue=3214, textValue=3214]
10:48:05,329 [main] DEBUG org.activiti.engine.impl.db.DbSqlSession  -   insert VariableInstanceEntity[id=2814, name=var872, type=integer, longValue=872, textValue=872]
10:48:05,329 [main] DEBUG org.activiti.engine.impl.db.DbSqlSession  -   insert VariableInstanceEntity[id=2815, name=var3213, type=integer, longValue=3213, textValue=3213]
10:48:05,329 [main] DEBUG org.activiti.engine.impl.db.DbSqlSession  -   insert VariableInstanceEntity[id=2816, name=var871, type=integer, longValue=871, textValue=871]
10:48:05,329 [main] DEBUG org.activiti.engine.impl.db.DbSqlSession  -   insert VariableInstanceEntity[id=2817, name=var870, type=integer, longValue=870, textValue=870]
10:48:05,329 [main] DEBUG org.activiti.engine.impl.db.DbSqlSession  -   insert VariableInstanceEntity[id=2818, name=var3219, type=integer, longValue=3219, textValue=3219]
10:48:05,329 [main] DEBUG org.activiti.engine.impl.db.DbSqlSession  -   insert VariableInstanceEntity[id=2819, name=var3218, type=integer, longValue=3218, textValue=3218]
10:48:05,329 [main] DEBUG org.activiti.engine.impl.db.DbSqlSession  -   insert VariableInstanceEntity[id=2820, name=var3217, type=integer, longValue=3217, textValue=3217]
10:48:05,329 [main] DEBUG org.activiti.engine.impl.db.DbSqlSession  -   insert VariableInstanceEntity[id=2821, name=var879, type=integer, longValue=879, textValue=879]
10:48:05,329 [main] DEBUG org.activiti.engine.impl.db.DbSqlSession  -   insert VariableInstanceEntity[id=2822, name=var878, type=integer, longValue=878, textValue=878]
10:48:05,329 [main] DEBUG org.activiti.engine.impl.db.DbSqlSession  -   insert VariableInstanceEntity[id=2823, name=var877, type=integer, longValue=877, textValue=877]
10:48:05,329 [main] DEBUG org.activiti.engine.impl.db.DbSqlSession  -   insert VariableInstanceEntity[id=2824, name=var876, type=integer, longValue=876, textValue=876]
10:48:05,329 [main] DEBUG org.activiti.engine.impl.db.DbSqlSession  -   insert VariableInstanceEntity[id=2825, name=var3223, type=integer, longValue=3223, textValue=3223]
10:48:05,329 [main] DEBUG org.activiti.engine.impl.db.DbSqlSession  -   insert VariableInstanceEntity[id=2826, name=var3222, type=integer, longValue=3222, textValue=3222]
10:48:05,329 [main] DEBUG org.activiti.engine.impl.db.DbSqlSession  -   insert VariableInstanceEntity[id=2827, name=var3221, type=integer, longValue=3221, textValue=3221]
10:48:05,329 [main] DEBUG org.activiti.engine.impl.db.DbSqlSession  -   insert VariableInstanceEntity[id=2828, name=var3220, type=integer, longValue=3220, textValue=3220]
10:48:05,330 [main] DEBUG org.activiti.engine.impl.db.DbSqlSession  -   insert VariableInstanceEntity[id=2829, name=var864, type=integer, longValue=864, textValue=864]
10:48:05,330 [main] DEBUG org.activiti.engine.impl.db.DbSqlSession  -   insert VariableInstanceEntity[id=2830, name=var3227, type=integer, longValue=3227, textValue=3227]
10:48:05,330 [main] DEBUG org.activiti.engine.impl.db.DbSqlSession  -   insert VariableInstanceEntity[id=2831, name=var863, type=integer, longValue=863, textValue=863]
10:48:05,330 [main] DEBUG org.activiti.engine.impl.db.DbSqlSession  -   insert VariableInstanceEntity[id=2832, name=var3226, type=integer, longValue=3226, textValue=3226]
10:48:05,330 [main] DEBUG org.activiti.engine.impl.db.DbSqlSession  -   insert VariableInstanceEntity[id=2833, name=var862, type=integer, longValue=862, textValue=862]
10:48:05,330 [main] DEBUG org.activiti.engine.impl.db.DbSqlSession  -   insert VariableInstanceEntity[id=2834, name=var3225, type=integer, longValue=3225, textValue=3225]
10:48:05,330 [main] DEBUG org.activiti.engine.impl.db.DbSqlSession  -   insert VariableInstanceEntity[id=2835, name=var861, type=integer, longValue=861, textValue=861]
10:48:05,330 [main] DEBUG org.activiti.engine.impl.db.DbSqlSession  -   insert VariableInstanceEntity[id=2836, name=var3224, type=integer, longValue=3224, textValue=3224]
10:48:05,330 [main] DEBUG org.activiti.engine.impl.db.DbSqlSession  -   insert VariableInstanceEntity[id=2837, name=var860, type=integer, longValue=860, textValue=860]
10:48:05,330 [main] DEBUG org.activiti.engine.impl.db.DbSqlSession  -   insert VariableInstanceEntity[id=2838, name=var3229, type=integer, longValue=3229, textValue=3229]
10:48:05,330 [main] DEBUG org.activiti.engine.impl.db.DbSqlSession  -   insert VariableInstanceEntity[id=2839, name=var3228, type=integer, longValue=3228, textValue=3228]
10:48:05,330 [main] DEBUG org.activiti.engine.impl.db.DbSqlSession  -   insert VariableInstanceEntity[id=2840, name=var869, type=integer, longValue=869, textValue=869]
10:48:05,330 [main] DEBUG org.activiti.engine.impl.db.DbSqlSession  -   insert VariableInstanceEntity[id=2841, name=var868, type=integer, longValue=868, textValue=868]
10:48:05,330 [main] DEBUG org.activiti.engine.impl.db.DbSqlSession  -   insert VariableInstanceEntity[id=2842, name=var867, type=integer, longValue=867, textValue=867]
10:48:05,330 [main] DEBUG org.activiti.engine.impl.db.DbSqlSession  -   insert VariableInstanceEntity[id=2843, name=var866, type=integer, longValue=866, textValue=866]
10:48:05,330 [main] DEBUG org.activiti.engine.impl.db.DbSqlSession  -   insert VariableInstanceEntity[id=2844, name=var865, type=integer, longValue=865, textValue=865]
10:48:05,330 [main] DEBUG org.activiti.engine.impl.db.DbSqlSession  -   insert VariableInstanceEntity[id=2845, name=var3230, type=integer, longValue=3230, textValue=3230]
10:48:05,330 [main] DEBUG org.activiti.engine.impl.db.DbSqlSession  -   insert VariableInstanceEntity[id=2846, name=var3234, type=integer, longValue=3234, textValue=3234]
10:48:05,330 [main] DEBUG org.activiti.engine.impl.db.DbSqlSession  -   insert VariableInstanceEntity[id=2847, name=var3233, type=integer, longValue=3233, textValue=3233]
10:48:05,330 [main] DEBUG org.activiti.engine.impl.db.DbSqlSession  -   insert VariableInstanceEntity[id=2848, name=var3232, type=integer, longValue=3232, textValue=3232]
10:48:05,330 [main] DEBUG org.activiti.engine.impl.db.DbSqlSession  -   insert VariableInstanceEntity[id=2849, name=var3231, type=integer, longValue=3231, textValue=3231]
10:48:05,330 [main] DEBUG org.activiti.engine.impl.db.DbSqlSession  -   insert VariableInstanceEntity[id=2850, name=var853, type=integer, longValue=853, textValue=853]
10:48:05,330 [main] DEBUG org.activiti.engine.impl.db.DbSqlSession  -   insert VariableInstanceEntity[id=2851, name=var3238, type=integer, longValue=3238, textValue=3238]
10:48:05,330 [main] DEBUG org.activiti.engine.impl.db.DbSqlSession  -   insert VariableInstanceEntity[id=2852, name=var852, type=integer, longValue=852, textValue=852]
10:48:05,330 [main] DEBUG org.activiti.engine.impl.db.DbSqlSession  -   insert VariableInstanceEntity[id=2853, name=var3237, type=integer, longValue=3237, textValue=3237]
10:48:05,330 [main] DEBUG org.activiti.engine.impl.db.DbSqlSession  -   insert VariableInstanceEntity[id=2854, name=var851, type=integer, longValue=851, textValue=851]
10:48:05,330 [main] DEBUG org.activiti.engine.impl.db.DbSqlSession  -   insert VariableInstanceEntity[id=2855, name=var3236, type=integer, longValue=3236, textValue=3236]
10:48:05,330 [main] DEBUG org.activiti.engine.impl.db.DbSqlSession  -   insert VariableInstanceEntity[id=2856, name=var850, type=integer, longValue=850, textValue=850]
10:48:05,330 [main] DEBUG org.activiti.engine.impl.db.DbSqlSession  -   insert VariableInstanceEntity[id=2857, name=var3235, type=integer, longValue=3235, textValue=3235]
10:48:05,330 [main] DEBUG org.activiti.engine.impl.db.DbSqlSession  -   insert VariableInstanceEntity[id=2858, name=var3239, type=integer, longValue=3239, textValue=3239]
10:48:05,330 [main] DEBUG org.activiti.engine.impl.db.DbSqlSession  -   insert VariableInstanceEntity[id=2859, name=var859, type=integer, longValue=859, textValue=859]
10:48:05,330 [main] DEBUG org.activiti.engine.impl.db.DbSqlSession  -   insert VariableInstanceEntity[id=2860, name=var858, type=integer, longValue=858, textValue=858]
10:48:05,330 [main] DEBUG org.activiti.engine.impl.db.DbSqlSession  -   insert VariableInstanceEntity[id=2861, name=var857, type=integer, longValue=857, textValue=857]
10:48:05,331 [main] DEBUG org.activiti.engine.impl.db.DbSqlSession  -   insert VariableInstanceEntity[id=2862, name=var856, type=integer, longValue=856, textValue=856]
10:48:05,331 [main] DEBUG org.activiti.engine.impl.db.DbSqlSession  -   insert VariableInstanceEntity[id=2863, name=var855, type=integer, longValue=855, textValue=855]
10:48:05,331 [main] DEBUG org.activiti.engine.impl.db.DbSqlSession  -   insert VariableInstanceEntity[id=2864, name=var854, type=integer, longValue=854, textValue=854]
10:48:05,331 [main] DEBUG org.activiti.engine.impl.db.DbSqlSession  -   insert VariableInstanceEntity[id=2865, name=var3241, type=integer, longValue=3241, textValue=3241]
10:48:05,331 [main] DEBUG org.activiti.engine.impl.db.DbSqlSession  -   insert VariableInstanceEntity[id=2866, name=var3240, type=integer, longValue=3240, textValue=3240]
10:48:05,331 [main] DEBUG org.activiti.engine.impl.db.DbSqlSession  -   insert VariableInstanceEntity[id=2867, name=var3245, type=integer, longValue=3245, textValue=3245]
10:48:05,331 [main] DEBUG org.activiti.engine.impl.db.DbSqlSession  -   insert VariableInstanceEntity[id=2868, name=var3244, type=integer, longValue=3244, textValue=3244]
10:48:05,331 [main] DEBUG org.activiti.engine.impl.db.DbSqlSession  -   insert VariableInstanceEntity[id=2869, name=var3243, type=integer, longValue=3243, textValue=3243]
10:48:05,331 [main] DEBUG org.activiti.engine.impl.db.DbSqlSession  -   insert VariableInstanceEntity[id=2870, name=var3242, type=integer, longValue=3242, textValue=3242]
10:48:05,331 [main] DEBUG org.activiti.engine.impl.db.DbSqlSession  -   insert VariableInstanceEntity[id=2871, name=var842, type=integer, longValue=842, textValue=842]
10:48:05,331 [main] DEBUG org.activiti.engine.impl.db.DbSqlSession  -   insert VariableInstanceEntity[id=2872, name=var3249, type=integer, longValue=3249, textValue=3249]
10:48:05,331 [main] DEBUG org.activiti.engine.impl.db.DbSqlSession  -   insert VariableInstanceEntity[id=2873, name=var841, type=integer, longValue=841, textValue=841]
10:48:05,331 [main] DEBUG org.activiti.engine.impl.db.DbSqlSession  -   insert VariableInstanceEntity[id=2874, name=var3248, type=integer, longValue=3248, textValue=3248]
10:48:05,331 [main] DEBUG org.activiti.engine.impl.db.DbSqlSession  -   insert VariableInstanceEntity[id=2875, name=var840, type=integer, longValue=840, textValue=840]
10:48:05,331 [main] DEBUG org.activiti.engine.impl.db.DbSqlSession  -   insert VariableInstanceEntity[id=2876, name=var3247, type=integer, longValue=3247, textValue=3247]
10:48:05,331 [main] DEBUG org.activiti.engine.impl.db.DbSqlSession  -   insert VariableInstanceEntity[id=2877, name=var3246, type=integer, longValue=3246, textValue=3246]
10:48:05,331 [main] DEBUG org.activiti.engine.impl.db.DbSqlSession  -   insert VariableInstanceEntity[id=2878, name=var849, type=integer, longValue=849, textValue=849]
10:48:05,331 [main] DEBUG org.activiti.engine.impl.db.DbSqlSession  -   insert VariableInstanceEntity[id=2879, name=var848, type=integer, longValue=848, textValue=848]
10:48:05,331 [main] DEBUG org.activiti.engine.impl.db.DbSqlSession  -   insert VariableInstanceEntity[id=2880, name=var847, type=integer, longValue=847, textValue=847]
10:48:05,331 [main] DEBUG org.activiti.engine.impl.db.DbSqlSession  -   insert VariableInstanceEntity[id=2881, name=var846, type=integer, longValue=846, textValue=846]
10:48:05,331 [main] DEBUG org.activiti.engine.impl.db.DbSqlSession  -   insert VariableInstanceEntity[id=2882, name=var845, type=integer, longValue=845, textValue=845]
10:48:05,331 [main] DEBUG org.activiti.engine.impl.db.DbSqlSession  -   insert VariableInstanceEntity[id=2883, name=var844, type=integer, longValue=844, textValue=844]
10:48:05,331 [main] DEBUG org.activiti.engine.impl.db.DbSqlSession  -   insert VariableInstanceEntity[id=2884, name=var843, type=integer, longValue=843, textValue=843]
10:48:05,331 [main] DEBUG org.activiti.engine.impl.db.DbSqlSession  -   insert VariableInstanceEntity[id=2885, name=var3252, type=integer, longValue=3252, textValue=3252]
10:48:05,331 [main] DEBUG org.activiti.engine.impl.db.DbSqlSession  -   insert VariableInstanceEntity[id=2886, name=var3251, type=integer, longValue=3251, textValue=3251]
10:48:05,331 [main] DEBUG org.activiti.engine.impl.db.DbSqlSession  -   insert VariableInstanceEntity[id=2887, name=var3250, type=integer, longValue=3250, textValue=3250]
10:48:05,331 [main] DEBUG org.activiti.engine.impl.db.DbSqlSession  -   insert VariableInstanceEntity[id=2888, name=var3256, type=integer, longValue=3256, textValue=3256]
10:48:05,331 [main] DEBUG org.activiti.engine.impl.db.DbSqlSession  -   insert VariableInstanceEntity[id=2889, name=var3255, type=integer, longValue=3255, textValue=3255]
10:48:05,331 [main] DEBUG org.activiti.engine.impl.db.DbSqlSession  -   insert VariableInstanceEntity[id=2890, name=var3254, type=integer, longValue=3254, textValue=3254]
10:48:05,331 [main] DEBUG org.activiti.engine.impl.db.DbSqlSession  -   insert VariableInstanceEntity[id=2891, name=var3253, type=integer, longValue=3253, textValue=3253]
10:48:05,331 [main] DEBUG org.activiti.engine.impl.db.DbSqlSession  -   insert VariableInstanceEntity[id=2892, name=var831, type=integer, longValue=831, textValue=831]
10:48:05,331 [main] DEBUG org.activiti.engine.impl.db.DbSqlSession  -   insert VariableInstanceEntity[id=2893, name=var830, type=integer, longValue=830, textValue=830]
10:48:05,332 [main] DEBUG org.activiti.engine.impl.db.DbSqlSession  -   insert VariableInstanceEntity[id=2894, name=var3259, type=integer, longValue=3259, textValue=3259]
10:48:05,332 [main] DEBUG org.activiti.engine.impl.db.DbSqlSession  -   insert VariableInstanceEntity[id=2895, name=var3258, type=integer, longValue=3258, textValue=3258]
10:48:05,332 [main] DEBUG org.activiti.engine.impl.db.DbSqlSession  -   insert VariableInstanceEntity[id=2896, name=var3257, type=integer, longValue=3257, textValue=3257]
10:48:05,332 [main] DEBUG org.activiti.engine.impl.db.DbSqlSession  -   insert VariableInstanceEntity[id=2897, name=var839, type=integer, longValue=839, textValue=839]
10:48:05,332 [main] DEBUG org.activiti.engine.impl.db.DbSqlSession  -   insert VariableInstanceEntity[id=2898, name=var838, type=integer, longValue=838, textValue=838]
10:48:05,332 [main] DEBUG org.activiti.engine.impl.db.DbSqlSession  -   insert VariableInstanceEntity[id=2899, name=var837, type=integer, longValue=837, textValue=837]
10:48:05,332 [main] DEBUG org.activiti.engine.impl.db.DbSqlSession  -   insert VariableInstanceEntity[id=2900, name=var836, type=integer, longValue=836, textValue=836]
10:48:05,332 [main] DEBUG org.activiti.engine.impl.db.DbSqlSession  -   insert VariableInstanceEntity[id=2901, name=var835, type=integer, longValue=835, textValue=835]
10:48:05,332 [main] DEBUG org.activiti.engine.impl.db.DbSqlSession  -   insert VariableInstanceEntity[id=2902, name=var834, type=integer, longValue=834, textValue=834]
10:48:05,332 [main] DEBUG org.activiti.engine.impl.db.DbSqlSession  -   insert VariableInstanceEntity[id=2903, name=var833, type=integer, longValue=833, textValue=833]
10:48:05,332 [main] DEBUG org.activiti.engine.impl.db.DbSqlSession  -   insert VariableInstanceEntity[id=2904, name=var832, type=integer, longValue=832, textValue=832]
10:48:05,332 [main] DEBUG org.activiti.engine.impl.db.DbSqlSession  -   insert VariableInstanceEntity[id=2905, name=var3263, type=integer, longValue=3263, textValue=3263]
10:48:05,332 [main] DEBUG org.activiti.engine.impl.db.DbSqlSession  -   insert VariableInstanceEntity[id=2906, name=var3262, type=integer, longValue=3262, textValue=3262]
10:48:05,332 [main] DEBUG org.activiti.engine.impl.db.DbSqlSession  -   insert VariableInstanceEntity[id=2907, name=var3261, type=integer, longValue=3261, textValue=3261]
10:48:05,332 [main] DEBUG org.activiti.engine.impl.db.DbSqlSession  -   insert VariableInstanceEntity[id=2908, name=var3260, type=integer, longValue=3260, textValue=3260]
10:48:05,332 [main] DEBUG org.activiti.engine.impl.db.DbSqlSession  -   insert VariableInstanceEntity[id=2909, name=var3267, type=integer, longValue=3267, textValue=3267]
10:48:05,332 [main] DEBUG org.activiti.engine.impl.db.DbSqlSession  -   insert VariableInstanceEntity[id=2910, name=var3266, type=integer, longValue=3266, textValue=3266]
10:48:05,332 [main] DEBUG org.activiti.engine.impl.db.DbSqlSession  -   insert VariableInstanceEntity[id=2911, name=var3265, type=integer, longValue=3265, textValue=3265]
10:48:05,332 [main] DEBUG org.activiti.engine.impl.db.DbSqlSession  -   insert VariableInstanceEntity[id=2912, name=var3264, type=integer, longValue=3264, textValue=3264]
10:48:05,332 [main] DEBUG org.activiti.engine.impl.db.DbSqlSession  -   insert VariableInstanceEntity[id=2913, name=var3269, type=integer, longValue=3269, textValue=3269]
10:48:05,332 [main] DEBUG org.activiti.engine.impl.db.DbSqlSession  -   insert VariableInstanceEntity[id=2914, name=var3268, type=integer, longValue=3268, textValue=3268]
10:48:05,332 [main] DEBUG org.activiti.engine.impl.db.DbSqlSession  -   insert VariableInstanceEntity[id=2915, name=var3270, type=integer, longValue=3270, textValue=3270]
10:48:05,332 [main] DEBUG org.activiti.engine.impl.db.DbSqlSession  -   insert VariableInstanceEntity[id=2916, name=var3274, type=integer, longValue=3274, textValue=3274]
10:48:05,332 [main] DEBUG org.activiti.engine.impl.db.DbSqlSession  -   insert VariableInstanceEntity[id=2917, name=var3273, type=integer, longValue=3273, textValue=3273]
10:48:05,332 [main] DEBUG org.activiti.engine.impl.db.DbSqlSession  -   insert VariableInstanceEntity[id=2918, name=var3272, type=integer, longValue=3272, textValue=3272]
10:48:05,332 [main] DEBUG org.activiti.engine.impl.db.DbSqlSession  -   insert VariableInstanceEntity[id=2919, name=var3271, type=integer, longValue=3271, textValue=3271]
10:48:05,332 [main] DEBUG org.activiti.engine.impl.db.DbSqlSession  -   insert VariableInstanceEntity[id=2920, name=var3278, type=integer, longValue=3278, textValue=3278]
10:48:05,332 [main] DEBUG org.activiti.engine.impl.db.DbSqlSession  -   insert VariableInstanceEntity[id=2921, name=var3277, type=integer, longValue=3277, textValue=3277]
10:48:05,332 [main] DEBUG org.activiti.engine.impl.db.DbSqlSession  -   insert VariableInstanceEntity[id=2922, name=var3276, type=integer, longValue=3276, textValue=3276]
10:48:05,332 [main] DEBUG org.activiti.engine.impl.db.DbSqlSession  -   insert VariableInstanceEntity[id=2923, name=var3275, type=integer, longValue=3275, textValue=3275]
10:48:05,333 [main] DEBUG org.activiti.engine.impl.db.DbSqlSession  -   insert VariableInstanceEntity[id=2924, name=var3279, type=integer, longValue=3279, textValue=3279]
10:48:05,333 [main] DEBUG org.activiti.engine.impl.db.DbSqlSession  -   insert VariableInstanceEntity[id=2925, name=var3281, type=integer, longValue=3281, textValue=3281]
10:48:05,333 [main] DEBUG org.activiti.engine.impl.db.DbSqlSession  -   insert VariableInstanceEntity[id=2926, name=var3280, type=integer, longValue=3280, textValue=3280]
10:48:05,333 [main] DEBUG org.activiti.engine.impl.db.DbSqlSession  -   insert VariableInstanceEntity[id=2927, name=var3285, type=integer, longValue=3285, textValue=3285]
10:48:05,333 [main] DEBUG org.activiti.engine.impl.db.DbSqlSession  -   insert VariableInstanceEntity[id=2928, name=var3284, type=integer, longValue=3284, textValue=3284]
10:48:05,333 [main] DEBUG org.activiti.engine.impl.db.DbSqlSession  -   insert VariableInstanceEntity[id=2929, name=var3283, type=integer, longValue=3283, textValue=3283]
10:48:05,333 [main] DEBUG org.activiti.engine.impl.db.DbSqlSession  -   insert VariableInstanceEntity[id=2930, name=var3282, type=integer, longValue=3282, textValue=3282]
10:48:05,333 [main] DEBUG org.activiti.engine.impl.db.DbSqlSession  -   insert VariableInstanceEntity[id=2931, name=var3289, type=integer, longValue=3289, textValue=3289]
10:48:05,333 [main] DEBUG org.activiti.engine.impl.db.DbSqlSession  -   insert VariableInstanceEntity[id=2932, name=var3288, type=integer, longValue=3288, textValue=3288]
10:48:05,333 [main] DEBUG org.activiti.engine.impl.db.DbSqlSession  -   insert VariableInstanceEntity[id=2933, name=var3287, type=integer, longValue=3287, textValue=3287]
10:48:05,333 [main] DEBUG org.activiti.engine.impl.db.DbSqlSession  -   insert VariableInstanceEntity[id=2934, name=var3286, type=integer, longValue=3286, textValue=3286]
10:48:05,333 [main] DEBUG org.activiti.engine.impl.db.DbSqlSession  -   insert VariableInstanceEntity[id=2935, name=var3292, type=integer, longValue=3292, textValue=3292]
10:48:05,333 [main] DEBUG org.activiti.engine.impl.db.DbSqlSession  -   insert VariableInstanceEntity[id=2936, name=var3291, type=integer, longValue=3291, textValue=3291]
10:48:05,333 [main] DEBUG org.activiti.engine.impl.db.DbSqlSession  -   insert VariableInstanceEntity[id=2937, name=var3290, type=integer, longValue=3290, textValue=3290]
10:48:05,333 [main] DEBUG org.activiti.engine.impl.db.DbSqlSession  -   insert VariableInstanceEntity[id=2938, name=var3296, type=integer, longValue=3296, textValue=3296]
10:48:05,333 [main] DEBUG org.activiti.engine.impl.db.DbSqlSession  -   insert VariableInstanceEntity[id=2939, name=var3295, type=integer, longValue=3295, textValue=3295]
10:48:05,333 [main] DEBUG org.activiti.engine.impl.db.DbSqlSession  -   insert VariableInstanceEntity[id=2940, name=var3294, type=integer, longValue=3294, textValue=3294]
10:48:05,333 [main] DEBUG org.activiti.engine.impl.db.DbSqlSession  -   insert VariableInstanceEntity[id=2941, name=var3293, type=integer, longValue=3293, textValue=3293]
10:48:05,333 [main] DEBUG org.activiti.engine.impl.db.DbSqlSession  -   insert VariableInstanceEntity[id=2942, name=var3299, type=integer, longValue=3299, textValue=3299]
10:48:05,333 [main] DEBUG org.activiti.engine.impl.db.DbSqlSession  -   insert VariableInstanceEntity[id=2943, name=var3298, type=integer, longValue=3298, textValue=3298]
10:48:05,333 [main] DEBUG org.activiti.engine.impl.db.DbSqlSession  -   insert VariableInstanceEntity[id=2944, name=var3297, type=integer, longValue=3297, textValue=3297]
10:48:05,333 [main] DEBUG org.activiti.engine.impl.db.DbSqlSession  -   insert VariableInstanceEntity[id=2945, name=var2703, type=integer, longValue=2703, textValue=2703]
10:48:05,333 [main] DEBUG org.activiti.engine.impl.db.DbSqlSession  -   insert VariableInstanceEntity[id=2946, name=var2702, type=integer, longValue=2702, textValue=2702]
10:48:05,333 [main] DEBUG org.activiti.engine.impl.db.DbSqlSession  -   insert VariableInstanceEntity[id=2947, name=var2701, type=integer, longValue=2701, textValue=2701]
10:48:05,333 [main] DEBUG org.activiti.engine.impl.db.DbSqlSession  -   insert VariableInstanceEntity[id=2948, name=var2700, type=integer, longValue=2700, textValue=2700]
10:48:05,333 [main] DEBUG org.activiti.engine.impl.db.DbSqlSession  -   insert VariableInstanceEntity[id=2949, name=var2707, type=integer, longValue=2707, textValue=2707]
10:48:05,333 [main] DEBUG org.activiti.engine.impl.db.DbSqlSession  -   insert VariableInstanceEntity[id=2950, name=var2706, type=integer, longValue=2706, textValue=2706]
10:48:05,333 [main] DEBUG org.activiti.engine.impl.db.DbSqlSession  -   insert VariableInstanceEntity[id=2951, name=var2705, type=integer, longValue=2705, textValue=2705]
10:48:05,333 [main] DEBUG org.activiti.engine.impl.db.DbSqlSession  -   insert VariableInstanceEntity[id=2952, name=var2704, type=integer, longValue=2704, textValue=2704]
10:48:05,333 [main] DEBUG org.activiti.engine.impl.db.DbSqlSession  -   insert VariableInstanceEntity[id=2953, name=var2709, type=integer, longValue=2709, textValue=2709]
10:48:05,333 [main] DEBUG org.activiti.engine.impl.db.DbSqlSession  -   insert VariableInstanceEntity[id=2954, name=var2708, type=integer, longValue=2708, textValue=2708]
10:48:05,333 [main] DEBUG org.activiti.engine.impl.db.DbSqlSession  -   insert VariableInstanceEntity[id=2955, name=var2710, type=integer, longValue=2710, textValue=2710]
10:48:05,333 [main] DEBUG org.activiti.engine.impl.db.DbSqlSession  -   insert VariableInstanceEntity[id=2956, name=var2714, type=integer, longValue=2714, textValue=2714]
10:48:05,333 [main] DEBUG org.activiti.engine.impl.db.DbSqlSession  -   insert VariableInstanceEntity[id=2957, name=var2713, type=integer, longValue=2713, textValue=2713]
10:48:05,333 [main] DEBUG org.activiti.engine.impl.db.DbSqlSession  -   insert VariableInstanceEntity[id=2958, name=var2712, type=integer, longValue=2712, textValue=2712]
10:48:05,333 [main] DEBUG org.activiti.engine.impl.db.DbSqlSession  -   insert VariableInstanceEntity[id=2959, name=var2711, type=integer, longValue=2711, textValue=2711]
10:48:05,334 [main] DEBUG org.activiti.engine.impl.db.DbSqlSession  -   insert VariableInstanceEntity[id=2960, name=var2718, type=integer, longValue=2718, textValue=2718]
10:48:05,334 [main] DEBUG org.activiti.engine.impl.db.DbSqlSession  -   insert VariableInstanceEntity[id=2961, name=var2717, type=integer, longValue=2717, textValue=2717]
10:48:05,334 [main] DEBUG org.activiti.engine.impl.db.DbSqlSession  -   insert VariableInstanceEntity[id=2962, name=var2716, type=integer, longValue=2716, textValue=2716]
10:48:05,334 [main] DEBUG org.activiti.engine.impl.db.DbSqlSession  -   insert VariableInstanceEntity[id=2963, name=var2715, type=integer, longValue=2715, textValue=2715]
10:48:05,334 [main] DEBUG org.activiti.engine.impl.db.DbSqlSession  -   insert VariableInstanceEntity[id=2964, name=var2719, type=integer, longValue=2719, textValue=2719]
10:48:05,334 [main] DEBUG org.activiti.engine.impl.db.DbSqlSession  -   insert VariableInstanceEntity[id=2965, name=var2721, type=integer, longValue=2721, textValue=2721]
10:48:05,334 [main] DEBUG org.activiti.engine.impl.db.DbSqlSession  -   insert VariableInstanceEntity[id=2966, name=var2720, type=integer, longValue=2720, textValue=2720]
10:48:05,334 [main] DEBUG org.activiti.engine.impl.db.DbSqlSession  -   insert VariableInstanceEntity[id=2967, name=var2725, type=integer, longValue=2725, textValue=2725]
10:48:05,334 [main] DEBUG org.activiti.engine.impl.db.DbSqlSession  -   insert VariableInstanceEntity[id=2968, name=var2724, type=integer, longValue=2724, textValue=2724]
10:48:05,334 [main] DEBUG org.activiti.engine.impl.db.DbSqlSession  -   insert VariableInstanceEntity[id=2969, name=var2723, type=integer, longValue=2723, textValue=2723]
10:48:05,334 [main] DEBUG org.activiti.engine.impl.db.DbSqlSession  -   insert VariableInstanceEntity[id=2970, name=var2722, type=integer, longValue=2722, textValue=2722]
10:48:05,334 [main] DEBUG org.activiti.engine.impl.db.DbSqlSession  -   insert VariableInstanceEntity[id=2971, name=var2729, type=integer, longValue=2729, textValue=2729]
10:48:05,334 [main] DEBUG org.activiti.engine.impl.db.DbSqlSession  -   insert VariableInstanceEntity[id=2972, name=var2728, type=integer, longValue=2728, textValue=2728]
10:48:05,334 [main] DEBUG org.activiti.engine.impl.db.DbSqlSession  -   insert VariableInstanceEntity[id=2973, name=var2727, type=integer, longValue=2727, textValue=2727]
10:48:05,334 [main] DEBUG org.activiti.engine.impl.db.DbSqlSession  -   insert VariableInstanceEntity[id=2974, name=var2726, type=integer, longValue=2726, textValue=2726]
10:48:05,334 [main] DEBUG org.activiti.engine.impl.db.DbSqlSession  -   insert VariableInstanceEntity[id=2975, name=var820, type=integer, longValue=820, textValue=820]
10:48:05,334 [main] DEBUG org.activiti.engine.impl.db.DbSqlSession  -   insert VariableInstanceEntity[id=2976, name=var1400, type=integer, longValue=1400, textValue=1400]
10:48:05,334 [main] DEBUG org.activiti.engine.impl.db.DbSqlSession  -   insert VariableInstanceEntity[id=2977, name=var2732, type=integer, longValue=2732, textValue=2732]
10:48:05,334 [main] DEBUG org.activiti.engine.impl.db.DbSqlSession  -   insert VariableInstanceEntity[id=2978, name=var1401, type=integer, longValue=1401, textValue=1401]
10:48:05,334 [main] DEBUG org.activiti.engine.impl.db.DbSqlSession  -   insert VariableInstanceEntity[id=2979, name=var2731, type=integer, longValue=2731, textValue=2731]
10:48:05,334 [main] DEBUG org.activiti.engine.impl.db.DbSqlSession  -   insert VariableInstanceEntity[id=2980, name=var2730, type=integer, longValue=2730, textValue=2730]
10:48:05,334 [main] DEBUG org.activiti.engine.impl.db.DbSqlSession  -   insert VariableInstanceEntity[id=2981, name=var1404, type=integer, longValue=1404, textValue=1404]
10:48:05,334 [main] DEBUG org.activiti.engine.impl.db.DbSqlSession  -   insert VariableInstanceEntity[id=2982, name=var2736, type=integer, longValue=2736, textValue=2736]
10:48:05,334 [main] DEBUG org.activiti.engine.impl.db.DbSqlSession  -   insert VariableInstanceEntity[id=2983, name=var1405, type=integer, longValue=1405, textValue=1405]
10:48:05,334 [main] DEBUG org.activiti.engine.impl.db.DbSqlSession  -   insert VariableInstanceEntity[id=2984, name=var2735, type=integer, longValue=2735, textValue=2735]
10:48:05,334 [main] DEBUG org.activiti.engine.impl.db.DbSqlSession  -   insert VariableInstanceEntity[id=2985, name=var1402, type=integer, longValue=1402, textValue=1402]
10:48:05,334 [main] DEBUG org.activiti.engine.impl.db.DbSqlSession  -   insert VariableInstanceEntity[id=2986, name=var2734, type=integer, longValue=2734, textValue=2734]
10:48:05,334 [main] DEBUG org.activiti.engine.impl.db.DbSqlSession  -   insert VariableInstanceEntity[id=2987, name=var1403, type=integer, longValue=1403, textValue=1403]
10:48:05,334 [main] DEBUG org.activiti.engine.impl.db.DbSqlSession  -   insert VariableInstanceEntity[id=2988, name=var2733, type=integer, longValue=2733, textValue=2733]
10:48:05,334 [main] DEBUG org.activiti.engine.impl.db.DbSqlSession  -   insert VariableInstanceEntity[id=2989, name=var828, type=integer, longValue=828, textValue=828]
10:48:05,334 [main] DEBUG org.activiti.engine.impl.db.DbSqlSession  -   insert VariableInstanceEntity[id=2990, name=var1408, type=integer, longValue=1408, textValue=1408]
10:48:05,335 [main] DEBUG org.activiti.engine.impl.db.DbSqlSession  -   insert VariableInstanceEntity[id=2991, name=var827, type=integer, longValue=827, textValue=827]
10:48:05,335 [main] DEBUG org.activiti.engine.impl.db.DbSqlSession  -   insert VariableInstanceEntity[id=2992, name=var1409, type=integer, longValue=1409, textValue=1409]
10:48:05,335 [main] DEBUG org.activiti.engine.impl.db.DbSqlSession  -   insert VariableInstanceEntity[id=2993, name=var2739, type=integer, longValue=2739, textValue=2739]
10:48:05,335 [main] DEBUG org.activiti.engine.impl.db.DbSqlSession  -   insert VariableInstanceEntity[id=2994, name=var826, type=integer, longValue=826, textValue=826]
10:48:05,335 [main] DEBUG org.activiti.engine.impl.db.DbSqlSession  -   insert VariableInstanceEntity[id=2995, name=var1406, type=integer, longValue=1406, textValue=1406]
10:48:05,335 [main] DEBUG org.activiti.engine.impl.db.DbSqlSession  -   insert VariableInstanceEntity[id=2996, name=var2738, type=integer, longValue=2738, textValue=2738]
10:48:05,335 [main] DEBUG org.activiti.engine.impl.db.DbSqlSession  -   insert VariableInstanceEntity[id=2997, name=var825, type=integer, longValue=825, textValue=825]
10:48:05,335 [main] DEBUG org.activiti.engine.impl.db.DbSqlSession  -   insert VariableInstanceEntity[id=2998, name=var1407, type=integer, longValue=1407, textValue=1407]
10:48:05,335 [main] DEBUG org.activiti.engine.impl.db.DbSqlSession  -   insert VariableInstanceEntity[id=2999, name=var2737, type=integer, longValue=2737, textValue=2737]
10:48:05,335 [main] DEBUG org.activiti.engine.impl.db.DbSqlSession  -   insert VariableInstanceEntity[id=3000, name=var824, type=integer, longValue=824, textValue=824]
10:48:05,335 [main] DEBUG org.activiti.engine.impl.db.DbSqlSession  -   insert VariableInstanceEntity[id=3001, name=var823, type=integer, longValue=823, textValue=823]
10:48:05,335 [main] DEBUG org.activiti.engine.impl.db.DbSqlSession  -   insert VariableInstanceEntity[id=3002, name=var822, type=integer, longValue=822, textValue=822]
10:48:05,335 [main] DEBUG org.activiti.engine.impl.db.DbSqlSession  -   insert VariableInstanceEntity[id=3003, name=var821, type=integer, longValue=821, textValue=821]
10:48:05,335 [main] DEBUG org.activiti.engine.impl.db.DbSqlSession  -   insert VariableInstanceEntity[id=3004, name=var829, type=integer, longValue=829, textValue=829]
10:48:05,335 [main] DEBUG org.activiti.engine.impl.db.DbSqlSession  -   insert VariableInstanceEntity[id=3005, name=var1411, type=integer, longValue=1411, textValue=1411]
10:48:05,335 [main] DEBUG org.activiti.engine.impl.db.DbSqlSession  -   insert VariableInstanceEntity[id=3006, name=var2743, type=integer, longValue=2743, textValue=2743]
10:48:05,335 [main] DEBUG org.activiti.engine.impl.db.DbSqlSession  -   insert VariableInstanceEntity[id=3007, name=var1412, type=integer, longValue=1412, textValue=1412]
10:48:05,335 [main] DEBUG org.activiti.engine.impl.db.DbSqlSession  -   insert VariableInstanceEntity[id=3008, name=var2742, type=integer, longValue=2742, textValue=2742]
10:48:05,335 [main] DEBUG org.activiti.engine.impl.db.DbSqlSession  -   insert VariableInstanceEntity[id=3009, name=var2741, type=integer, longValue=2741, textValue=2741]
10:48:05,335 [main] DEBUG org.activiti.engine.impl.db.DbSqlSession  -   insert VariableInstanceEntity[id=3010, name=var1410, type=integer, longValue=1410, textValue=1410]
10:48:05,335 [main] DEBUG org.activiti.engine.impl.db.DbSqlSession  -   insert VariableInstanceEntity[id=3011, name=var2740, type=integer, longValue=2740, textValue=2740]
10:48:05,335 [main] DEBUG org.activiti.engine.impl.db.DbSqlSession  -   insert VariableInstanceEntity[id=3012, name=var1415, type=integer, longValue=1415, textValue=1415]
10:48:05,335 [main] DEBUG org.activiti.engine.impl.db.DbSqlSession  -   insert VariableInstanceEntity[id=3013, name=var2747, type=integer, longValue=2747, textValue=2747]
10:48:05,335 [main] DEBUG org.activiti.engine.impl.db.DbSqlSession  -   insert VariableInstanceEntity[id=3014, name=var1416, type=integer, longValue=1416, textValue=1416]
10:48:05,335 [main] DEBUG org.activiti.engine.impl.db.DbSqlSession  -   insert VariableInstanceEntity[id=3015, name=var2746, type=integer, longValue=2746, textValue=2746]
10:48:05,335 [main] DEBUG org.activiti.engine.impl.db.DbSqlSession  -   insert VariableInstanceEntity[id=3016, name=var1413, type=integer, longValue=1413, textValue=1413]
10:48:05,335 [main] DEBUG org.activiti.engine.impl.db.DbSqlSession  -   insert VariableInstanceEntity[id=3017, name=var2745, type=integer, longValue=2745, textValue=2745]
10:48:05,335 [main] DEBUG org.activiti.engine.impl.db.DbSqlSession  -   insert VariableInstanceEntity[id=3018, name=var1414, type=integer, longValue=1414, textValue=1414]
10:48:05,335 [main] DEBUG org.activiti.engine.impl.db.DbSqlSession  -   insert VariableInstanceEntity[id=3019, name=var2744, type=integer, longValue=2744, textValue=2744]
10:48:05,335 [main] DEBUG org.activiti.engine.impl.db.DbSqlSession  -   insert VariableInstanceEntity[id=3020, name=var817, type=integer, longValue=817, textValue=817]
10:48:05,335 [main] DEBUG org.activiti.engine.impl.db.DbSqlSession  -   insert VariableInstanceEntity[id=3021, name=var1419, type=integer, longValue=1419, textValue=1419]
10:48:05,335 [main] DEBUG org.activiti.engine.impl.db.DbSqlSession  -   insert VariableInstanceEntity[id=3022, name=var816, type=integer, longValue=816, textValue=816]
10:48:05,335 [main] DEBUG org.activiti.engine.impl.db.DbSqlSession  -   insert VariableInstanceEntity[id=3023, name=var815, type=integer, longValue=815, textValue=815]
10:48:05,335 [main] DEBUG org.activiti.engine.impl.db.DbSqlSession  -   insert VariableInstanceEntity[id=3024, name=var1417, type=integer, longValue=1417, textValue=1417]
10:48:05,336 [main] DEBUG org.activiti.engine.impl.db.DbSqlSession  -   insert VariableInstanceEntity[id=3025, name=var2749, type=integer, longValue=2749, textValue=2749]
10:48:05,336 [main] DEBUG org.activiti.engine.impl.db.DbSqlSession  -   insert VariableInstanceEntity[id=3026, name=var814, type=integer, longValue=814, textValue=814]
10:48:05,336 [main] DEBUG org.activiti.engine.impl.db.DbSqlSession  -   insert VariableInstanceEntity[id=3027, name=var1418, type=integer, longValue=1418, textValue=1418]
10:48:05,336 [main] DEBUG org.activiti.engine.impl.db.DbSqlSession  -   insert VariableInstanceEntity[id=3028, name=var2748, type=integer, longValue=2748, textValue=2748]
10:48:05,336 [main] DEBUG org.activiti.engine.impl.db.DbSqlSession  -   insert VariableInstanceEntity[id=3029, name=var813, type=integer, longValue=813, textValue=813]
10:48:05,336 [main] DEBUG org.activiti.engine.impl.db.DbSqlSession  -   insert VariableInstanceEntity[id=3030, name=var812, type=integer, longValue=812, textValue=812]
10:48:05,336 [main] DEBUG org.activiti.engine.impl.db.DbSqlSession  -   insert VariableInstanceEntity[id=3031, name=var811, type=integer, longValue=811, textValue=811]
10:48:05,336 [main] DEBUG org.activiti.engine.impl.db.DbSqlSession  -   insert VariableInstanceEntity[id=3032, name=var810, type=integer, longValue=810, textValue=810]
10:48:05,336 [main] DEBUG org.activiti.engine.impl.db.DbSqlSession  -   insert VariableInstanceEntity[id=3033, name=var819, type=integer, longValue=819, textValue=819]
10:48:05,336 [main] DEBUG org.activiti.engine.impl.db.DbSqlSession  -   insert VariableInstanceEntity[id=3034, name=var818, type=integer, longValue=818, textValue=818]
10:48:05,336 [main] DEBUG org.activiti.engine.impl.db.DbSqlSession  -   insert VariableInstanceEntity[id=3035, name=var2750, type=integer, longValue=2750, textValue=2750]
10:48:05,336 [main] DEBUG org.activiti.engine.impl.db.DbSqlSession  -   insert VariableInstanceEntity[id=3036, name=var1422, type=integer, longValue=1422, textValue=1422]
10:48:05,336 [main] DEBUG org.activiti.engine.impl.db.DbSqlSession  -   insert VariableInstanceEntity[id=3037, name=var2754, type=integer, longValue=2754, textValue=2754]
10:48:05,336 [main] DEBUG org.activiti.engine.impl.db.DbSqlSession  -   insert VariableInstanceEntity[id=3038, name=var1423, type=integer, longValue=1423, textValue=1423]
10:48:05,336 [main] DEBUG org.activiti.engine.impl.db.DbSqlSession  -   insert VariableInstanceEntity[id=3039, name=var2753, type=integer, longValue=2753, textValue=2753]
10:48:05,336 [main] DEBUG org.activiti.engine.impl.db.DbSqlSession  -   insert VariableInstanceEntity[id=3040, name=var1420, type=integer, longValue=1420, textValue=1420]
10:48:05,336 [main] DEBUG org.activiti.engine.impl.db.DbSqlSession  -   insert VariableInstanceEntity[id=3041, name=var2752, type=integer, longValue=2752, textValue=2752]
10:48:05,336 [main] DEBUG org.activiti.engine.impl.db.DbSqlSession  -   insert VariableInstanceEntity[id=3042, name=var1421, type=integer, longValue=1421, textValue=1421]
10:48:05,336 [main] DEBUG org.activiti.engine.impl.db.DbSqlSession  -   insert VariableInstanceEntity[id=3043, name=var2751, type=integer, longValue=2751, textValue=2751]
10:48:05,336 [main] DEBUG org.activiti.engine.impl.db.DbSqlSession  -   insert VariableInstanceEntity[id=3044, name=var1426, type=integer, longValue=1426, textValue=1426]
10:48:05,336 [main] DEBUG org.activiti.engine.impl.db.DbSqlSession  -   insert VariableInstanceEntity[id=3045, name=var2758, type=integer, longValue=2758, textValue=2758]
10:48:05,336 [main] DEBUG org.activiti.engine.impl.db.DbSqlSession  -   insert VariableInstanceEntity[id=3046, name=var1427, type=integer, longValue=1427, textValue=1427]
10:48:05,336 [main] DEBUG org.activiti.engine.impl.db.DbSqlSession  -   insert VariableInstanceEntity[id=3047, name=var2757, type=integer, longValue=2757, textValue=2757]
10:48:05,336 [main] DEBUG org.activiti.engine.impl.db.DbSqlSession  -   insert VariableInstanceEntity[id=3048, name=var1424, type=integer, longValue=1424, textValue=1424]
10:48:05,336 [main] DEBUG org.activiti.engine.impl.db.DbSqlSession  -   insert VariableInstanceEntity[id=3049, name=var2756, type=integer, longValue=2756, textValue=2756]
10:48:05,336 [main] DEBUG org.activiti.engine.impl.db.DbSqlSession  -   insert VariableInstanceEntity[id=3050, name=var1425, type=integer, longValue=1425, textValue=1425]
10:48:05,336 [main] DEBUG org.activiti.engine.impl.db.DbSqlSession  -   insert VariableInstanceEntity[id=3051, name=var2755, type=integer, longValue=2755, textValue=2755]
10:48:05,336 [main] DEBUG org.activiti.engine.impl.db.DbSqlSession  -   insert VariableInstanceEntity[id=3052, name=var806, type=integer, longValue=806, textValue=806]
10:48:05,336 [main] DEBUG org.activiti.engine.impl.db.DbSqlSession  -   insert VariableInstanceEntity[id=3053, name=var805, type=integer, longValue=805, textValue=805]
10:48:05,336 [main] DEBUG org.activiti.engine.impl.db.DbSqlSession  -   insert VariableInstanceEntity[id=3054, name=var804, type=integer, longValue=804, textValue=804]
10:48:05,336 [main] DEBUG org.activiti.engine.impl.db.DbSqlSession  -   insert VariableInstanceEntity[id=3055, name=var1428, type=integer, longValue=1428, textValue=1428]
10:48:05,336 [main] DEBUG org.activiti.engine.impl.db.DbSqlSession  -   insert VariableInstanceEntity[id=3056, name=var803, type=integer, longValue=803, textValue=803]
10:48:05,336 [main] DEBUG org.activiti.engine.impl.db.DbSqlSession  -   insert VariableInstanceEntity[id=3057, name=var1429, type=integer, longValue=1429, textValue=1429]
10:48:05,336 [main] DEBUG org.activiti.engine.impl.db.DbSqlSession  -   insert VariableInstanceEntity[id=3058, name=var2759, type=integer, longValue=2759, textValue=2759]
10:48:05,336 [main] DEBUG org.activiti.engine.impl.db.DbSqlSession  -   insert VariableInstanceEntity[id=3059, name=var802, type=integer, longValue=802, textValue=802]
10:48:05,336 [main] DEBUG org.activiti.engine.impl.db.DbSqlSession  -   insert VariableInstanceEntity[id=3060, name=var801, type=integer, longValue=801, textValue=801]
10:48:05,336 [main] DEBUG org.activiti.engine.impl.db.DbSqlSession  -   insert VariableInstanceEntity[id=3061, name=var800, type=integer, longValue=800, textValue=800]
10:48:05,337 [main] DEBUG org.activiti.engine.impl.db.DbSqlSession  -   insert VariableInstanceEntity[id=3062, name=var809, type=integer, longValue=809, textValue=809]
10:48:05,337 [main] DEBUG org.activiti.engine.impl.db.DbSqlSession  -   insert VariableInstanceEntity[id=3063, name=var808, type=integer, longValue=808, textValue=808]
10:48:05,337 [main] DEBUG org.activiti.engine.impl.db.DbSqlSession  -   insert VariableInstanceEntity[id=3064, name=var807, type=integer, longValue=807, textValue=807]
10:48:05,337 [main] DEBUG org.activiti.engine.impl.db.DbSqlSession  -   insert VariableInstanceEntity[id=3065, name=var2761, type=integer, longValue=2761, textValue=2761]
10:48:05,337 [main] DEBUG org.activiti.engine.impl.db.DbSqlSession  -   insert VariableInstanceEntity[id=3066, name=var1430, type=integer, longValue=1430, textValue=1430]
10:48:05,337 [main] DEBUG org.activiti.engine.impl.db.DbSqlSession  -   insert VariableInstanceEntity[id=3067, name=var2760, type=integer, longValue=2760, textValue=2760]
10:48:05,337 [main] DEBUG org.activiti.engine.impl.db.DbSqlSession  -   insert VariableInstanceEntity[id=3068, name=var1433, type=integer, longValue=1433, textValue=1433]
10:48:05,337 [main] DEBUG org.activiti.engine.impl.db.DbSqlSession  -   insert VariableInstanceEntity[id=3069, name=var2765, type=integer, longValue=2765, textValue=2765]
10:48:05,337 [main] DEBUG org.activiti.engine.impl.db.DbSqlSession  -   insert VariableInstanceEntity[id=3070, name=var1434, type=integer, longValue=1434, textValue=1434]
10:48:05,337 [main] DEBUG org.activiti.engine.impl.db.DbSqlSession  -   insert VariableInstanceEntity[id=3071, name=var2764, type=integer, longValue=2764, textValue=2764]
10:48:05,337 [main] DEBUG org.activiti.engine.impl.db.DbSqlSession  -   insert VariableInstanceEntity[id=3072, name=var1431, type=integer, longValue=1431, textValue=1431]
10:48:05,337 [main] DEBUG org.activiti.engine.impl.db.DbSqlSession  -   insert VariableInstanceEntity[id=3073, name=var2763, type=integer, longValue=2763, textValue=2763]
10:48:05,337 [main] DEBUG org.activiti.engine.impl.db.DbSqlSession  -   insert VariableInstanceEntity[id=3074, name=var1432, type=integer, longValue=1432, textValue=1432]
10:48:05,337 [main] DEBUG org.activiti.engine.impl.db.DbSqlSession  -   insert VariableInstanceEntity[id=3075, name=var2762, type=integer, longValue=2762, textValue=2762]
10:48:05,337 [main] DEBUG org.activiti.engine.impl.db.DbSqlSession  -   insert VariableInstanceEntity[id=3076, name=var1437, type=integer, longValue=1437, textValue=1437]
10:48:05,337 [main] DEBUG org.activiti.engine.impl.db.DbSqlSession  -   insert VariableInstanceEntity[id=3077, name=var2769, type=integer, longValue=2769, textValue=2769]
10:48:05,337 [main] DEBUG org.activiti.engine.impl.db.DbSqlSession  -   insert VariableInstanceEntity[id=3078, name=var1438, type=integer, longValue=1438, textValue=1438]
10:48:05,337 [main] DEBUG org.activiti.engine.impl.db.DbSqlSession  -   insert VariableInstanceEntity[id=3079, name=var2768, type=integer, longValue=2768, textValue=2768]
10:48:05,337 [main] DEBUG org.activiti.engine.impl.db.DbSqlSession  -   insert VariableInstanceEntity[id=3080, name=var1435, type=integer, longValue=1435, textValue=1435]
10:48:05,337 [main] DEBUG org.activiti.engine.impl.db.DbSqlSession  -   insert VariableInstanceEntity[id=3081, name=var2767, type=integer, longValue=2767, textValue=2767]
10:48:05,337 [main] DEBUG org.activiti.engine.impl.db.DbSqlSession  -   insert VariableInstanceEntity[id=3082, name=var1436, type=integer, longValue=1436, textValue=1436]
10:48:05,337 [main] DEBUG org.activiti.engine.impl.db.DbSqlSession  -   insert VariableInstanceEntity[id=3083, name=var2766, type=integer, longValue=2766, textValue=2766]
10:48:05,337 [main] DEBUG org.activiti.engine.impl.db.DbSqlSession  -   insert VariableInstanceEntity[id=3084, name=var1439, type=integer, longValue=1439, textValue=1439]
10:48:05,337 [main] DEBUG org.activiti.engine.impl.db.DbSqlSession  -   insert VariableInstanceEntity[id=3085, name=var1440, type=integer, longValue=1440, textValue=1440]
10:48:05,337 [main] DEBUG org.activiti.engine.impl.db.DbSqlSession  -   insert VariableInstanceEntity[id=3086, name=var2772, type=integer, longValue=2772, textValue=2772]
10:48:05,337 [main] DEBUG org.activiti.engine.impl.db.DbSqlSession  -   insert VariableInstanceEntity[id=3087, name=var1441, type=integer, longValue=1441, textValue=1441]
10:48:05,337 [main] DEBUG org.activiti.engine.impl.db.DbSqlSession  -   insert VariableInstanceEntity[id=3088, name=var2771, type=integer, longValue=2771, textValue=2771]
10:48:05,337 [main] DEBUG org.activiti.engine.impl.db.DbSqlSession  -   insert VariableInstanceEntity[id=3089, name=var2770, type=integer, longValue=2770, textValue=2770]
10:48:05,337 [main] DEBUG org.activiti.engine.impl.db.DbSqlSession  -   insert VariableInstanceEntity[id=3090, name=var1444, type=integer, longValue=1444, textValue=1444]
10:48:05,337 [main] DEBUG org.activiti.engine.impl.db.DbSqlSession  -   insert VariableInstanceEntity[id=3091, name=var2776, type=integer, longValue=2776, textValue=2776]
10:48:05,337 [main] DEBUG org.activiti.engine.impl.db.DbSqlSession  -   insert VariableInstanceEntity[id=3092, name=var1445, type=integer, longValue=1445, textValue=1445]
10:48:05,337 [main] DEBUG org.activiti.engine.impl.db.DbSqlSession  -   insert VariableInstanceEntity[id=3093, name=var2775, type=integer, longValue=2775, textValue=2775]
10:48:05,337 [main] DEBUG org.activiti.engine.impl.db.DbSqlSession  -   insert VariableInstanceEntity[id=3094, name=var1442, type=integer, longValue=1442, textValue=1442]
10:48:05,337 [main] DEBUG org.activiti.engine.impl.db.DbSqlSession  -   insert VariableInstanceEntity[id=3095, name=var2774, type=integer, longValue=2774, textValue=2774]
10:48:05,337 [main] DEBUG org.activiti.engine.impl.db.DbSqlSession  -   insert VariableInstanceEntity[id=3096, name=var1443, type=integer, longValue=1443, textValue=1443]
10:48:05,337 [main] DEBUG org.activiti.engine.impl.db.DbSqlSession  -   insert VariableInstanceEntity[id=3097, name=var2773, type=integer, longValue=2773, textValue=2773]
10:48:05,337 [main] DEBUG org.activiti.engine.impl.db.DbSqlSession  -   insert VariableInstanceEntity[id=3098, name=var1448, type=integer, longValue=1448, textValue=1448]
10:48:05,338 [main] DEBUG org.activiti.engine.impl.db.DbSqlSession  -   insert VariableInstanceEntity[id=3099, name=var1449, type=integer, longValue=1449, textValue=1449]
10:48:05,338 [main] DEBUG org.activiti.engine.impl.db.DbSqlSession  -   insert VariableInstanceEntity[id=3100, name=var2779, type=integer, longValue=2779, textValue=2779]
10:48:05,338 [main] DEBUG org.activiti.engine.impl.db.DbSqlSession  -   insert VariableInstanceEntity[id=3101, name=var1446, type=integer, longValue=1446, textValue=1446]
10:48:05,338 [main] DEBUG org.activiti.engine.impl.db.DbSqlSession  -   insert VariableInstanceEntity[id=3102, name=var2778, type=integer, longValue=2778, textValue=2778]
10:48:05,338 [main] DEBUG org.activiti.engine.impl.db.DbSqlSession  -   insert VariableInstanceEntity[id=3103, name=var1447, type=integer, longValue=1447, textValue=1447]
10:48:05,338 [main] DEBUG org.activiti.engine.impl.db.DbSqlSession  -   insert VariableInstanceEntity[id=3104, name=var2777, type=integer, longValue=2777, textValue=2777]
10:48:05,338 [main] DEBUG org.activiti.engine.impl.db.DbSqlSession  -   insert VariableInstanceEntity[id=3105, name=var1451, type=integer, longValue=1451, textValue=1451]
10:48:05,338 [main] DEBUG org.activiti.engine.impl.db.DbSqlSession  -   insert VariableInstanceEntity[id=3106, name=var2783, type=integer, longValue=2783, textValue=2783]
10:48:05,338 [main] DEBUG org.activiti.engine.impl.db.DbSqlSession  -   insert VariableInstanceEntity[id=3107, name=var1452, type=integer, longValue=1452, textValue=1452]
10:48:05,338 [main] DEBUG org.activiti.engine.impl.db.DbSqlSession  -   insert VariableInstanceEntity[id=3108, name=var2782, type=integer, longValue=2782, textValue=2782]
10:48:05,338 [main] DEBUG org.activiti.engine.impl.db.DbSqlSession  -   insert VariableInstanceEntity[id=3109, name=var2781, type=integer, longValue=2781, textValue=2781]
10:48:05,338 [main] DEBUG org.activiti.engine.impl.db.DbSqlSession  -   insert VariableInstanceEntity[id=3110, name=var1450, type=integer, longValue=1450, textValue=1450]
10:48:05,338 [main] DEBUG org.activiti.engine.impl.db.DbSqlSession  -   insert VariableInstanceEntity[id=3111, name=var2780, type=integer, longValue=2780, textValue=2780]
10:48:05,338 [main] DEBUG org.activiti.engine.impl.db.DbSqlSession  -   insert VariableInstanceEntity[id=3112, name=var1455, type=integer, longValue=1455, textValue=1455]
10:48:05,338 [main] DEBUG org.activiti.engine.impl.db.DbSqlSession  -   insert VariableInstanceEntity[id=3113, name=var2787, type=integer, longValue=2787, textValue=2787]
10:48:05,338 [main] DEBUG org.activiti.engine.impl.db.DbSqlSession  -   insert VariableInstanceEntity[id=3114, name=var1456, type=integer, longValue=1456, textValue=1456]
10:48:05,338 [main] DEBUG org.activiti.engine.impl.db.DbSqlSession  -   insert VariableInstanceEntity[id=3115, name=var2786, type=integer, longValue=2786, textValue=2786]
10:48:05,338 [main] DEBUG org.activiti.engine.impl.db.DbSqlSession  -   insert VariableInstanceEntity[id=3116, name=var1453, type=integer, longValue=1453, textValue=1453]
10:48:05,338 [main] DEBUG org.activiti.engine.impl.db.DbSqlSession  -   insert VariableInstanceEntity[id=3117, name=var2785, type=integer, longValue=2785, textValue=2785]
10:48:05,338 [main] DEBUG org.activiti.engine.impl.db.DbSqlSession  -   insert VariableInstanceEntity[id=3118, name=var1454, type=integer, longValue=1454, textValue=1454]
10:48:05,338 [main] DEBUG org.activiti.engine.impl.db.DbSqlSession  -   insert VariableInstanceEntity[id=3119, name=var2784, type=integer, longValue=2784, textValue=2784]
10:48:05,338 [main] DEBUG org.activiti.engine.impl.db.DbSqlSession  -   insert VariableInstanceEntity[id=3120, name=var1459, type=integer, longValue=1459, textValue=1459]
10:48:05,338 [main] DEBUG org.activiti.engine.impl.db.DbSqlSession  -   insert VariableInstanceEntity[id=3121, name=var1457, type=integer, longValue=1457, textValue=1457]
10:48:05,338 [main] DEBUG org.activiti.engine.impl.db.DbSqlSession  -   insert VariableInstanceEntity[id=3122, name=var2789, type=integer, longValue=2789, textValue=2789]
10:48:05,338 [main] DEBUG org.activiti.engine.impl.db.DbSqlSession  -   insert VariableInstanceEntity[id=3123, name=var1458, type=integer, longValue=1458, textValue=1458]
10:48:05,338 [main] DEBUG org.activiti.engine.impl.db.DbSqlSession  -   insert VariableInstanceEntity[id=3124, name=var2788, type=integer, longValue=2788, textValue=2788]
10:48:05,338 [main] DEBUG org.activiti.engine.impl.db.DbSqlSession  -   insert VariableInstanceEntity[id=3125, name=var2790, type=integer, longValue=2790, textValue=2790]
10:48:05,338 [main] DEBUG org.activiti.engine.impl.db.DbSqlSession  -   insert VariableInstanceEntity[id=3126, name=var1462, type=integer, longValue=1462, textValue=1462]
10:48:05,338 [main] DEBUG org.activiti.engine.impl.db.DbSqlSession  -   insert VariableInstanceEntity[id=3127, name=var2794, type=integer, longValue=2794, textValue=2794]
10:48:05,338 [main] DEBUG org.activiti.engine.impl.db.DbSqlSession  -   insert VariableInstanceEntity[id=3128, name=var1463, type=integer, longValue=1463, textValue=1463]
10:48:05,338 [main] DEBUG org.activiti.engine.impl.db.DbSqlSession  -   insert VariableInstanceEntity[id=3129, name=var2793, type=integer, longValue=2793, textValue=2793]
10:48:05,338 [main] DEBUG org.activiti.engine.impl.db.DbSqlSession  -   insert VariableInstanceEntity[id=3130, name=var1460, type=integer, longValue=1460, textValue=1460]
10:48:05,338 [main] DEBUG org.activiti.engine.impl.db.DbSqlSession  -   insert VariableInstanceEntity[id=3131, name=var2792, type=integer, longValue=2792, textValue=2792]
10:48:05,338 [main] DEBUG org.activiti.engine.impl.db.DbSqlSession  -   insert VariableInstanceEntity[id=3132, name=var1461, type=integer, longValue=1461, textValue=1461]
10:48:05,338 [main] DEBUG org.activiti.engine.impl.db.DbSqlSession  -   insert VariableInstanceEntity[id=3133, name=var2791, type=integer, longValue=2791, textValue=2791]
10:48:05,338 [main] DEBUG org.activiti.engine.impl.db.DbSqlSession  -   insert VariableInstanceEntity[id=3134, name=var1466, type=integer, longValue=1466, textValue=1466]
10:48:05,338 [main] DEBUG org.activiti.engine.impl.db.DbSqlSession  -   insert VariableInstanceEntity[id=3135, name=var2798, type=integer, longValue=2798, textValue=2798]
10:48:05,338 [main] DEBUG org.activiti.engine.impl.db.DbSqlSession  -   insert VariableInstanceEntity[id=3136, name=var1467, type=integer, longValue=1467, textValue=1467]
10:48:05,339 [main] DEBUG org.activiti.engine.impl.db.DbSqlSession  -   insert VariableInstanceEntity[id=3137, name=var2797, type=integer, longValue=2797, textValue=2797]
10:48:05,339 [main] DEBUG org.activiti.engine.impl.db.DbSqlSession  -   insert VariableInstanceEntity[id=3138, name=var1464, type=integer, longValue=1464, textValue=1464]
10:48:05,339 [main] DEBUG org.activiti.engine.impl.db.DbSqlSession  -   insert VariableInstanceEntity[id=3139, name=var2796, type=integer, longValue=2796, textValue=2796]
10:48:05,339 [main] DEBUG org.activiti.engine.impl.db.DbSqlSession  -   insert VariableInstanceEntity[id=3140, name=var1465, type=integer, longValue=1465, textValue=1465]
10:48:05,339 [main] DEBUG org.activiti.engine.impl.db.DbSqlSession  -   insert VariableInstanceEntity[id=3141, name=var2795, type=integer, longValue=2795, textValue=2795]
10:48:05,339 [main] DEBUG org.activiti.engine.impl.db.DbSqlSession  -   insert VariableInstanceEntity[id=3142, name=var1468, type=integer, longValue=1468, textValue=1468]
10:48:05,339 [main] DEBUG org.activiti.engine.impl.db.DbSqlSession  -   insert VariableInstanceEntity[id=3143, name=var1469, type=integer, longValue=1469, textValue=1469]
10:48:05,339 [main] DEBUG org.activiti.engine.impl.db.DbSqlSession  -   insert VariableInstanceEntity[id=3144, name=var2799, type=integer, longValue=2799, textValue=2799]
10:48:05,339 [main] DEBUG org.activiti.engine.impl.db.DbSqlSession  -   insert VariableInstanceEntity[id=3145, name=var1470, type=integer, longValue=1470, textValue=1470]
10:48:05,339 [main] DEBUG org.activiti.engine.impl.db.DbSqlSession  -   insert VariableInstanceEntity[id=3146, name=var1473, type=integer, longValue=1473, textValue=1473]
10:48:05,339 [main] DEBUG org.activiti.engine.impl.db.DbSqlSession  -   insert VariableInstanceEntity[id=3147, name=var1474, type=integer, longValue=1474, textValue=1474]
10:48:05,339 [main] DEBUG org.activiti.engine.impl.db.DbSqlSession  -   insert VariableInstanceEntity[id=3148, name=var1471, type=integer, longValue=1471, textValue=1471]
10:48:05,339 [main] DEBUG org.activiti.engine.impl.db.DbSqlSession  -   insert VariableInstanceEntity[id=3149, name=var1472, type=integer, longValue=1472, textValue=1472]
10:48:05,339 [main] DEBUG org.activiti.engine.impl.db.DbSqlSession  -   insert VariableInstanceEntity[id=3150, name=var1477, type=integer, longValue=1477, textValue=1477]
10:48:05,339 [main] DEBUG org.activiti.engine.impl.db.DbSqlSession  -   insert VariableInstanceEntity[id=3151, name=var1478, type=integer, longValue=1478, textValue=1478]
10:48:05,339 [main] DEBUG org.activiti.engine.impl.db.DbSqlSession  -   insert VariableInstanceEntity[id=3152, name=var1475, type=integer, longValue=1475, textValue=1475]
10:48:05,339 [main] DEBUG org.activiti.engine.impl.db.DbSqlSession  -   insert VariableInstanceEntity[id=3153, name=var1476, type=integer, longValue=1476, textValue=1476]
10:48:05,339 [main] DEBUG org.activiti.engine.impl.db.DbSqlSession  -   insert VariableInstanceEntity[id=3154, name=var1479, type=integer, longValue=1479, textValue=1479]
10:48:05,339 [main] DEBUG org.activiti.engine.impl.db.DbSqlSession  -   insert VariableInstanceEntity[id=3155, name=var2691, type=integer, longValue=2691, textValue=2691]
10:48:05,339 [main] DEBUG org.activiti.engine.impl.db.DbSqlSession  -   insert VariableInstanceEntity[id=3156, name=var1360, type=integer, longValue=1360, textValue=1360]
10:48:05,339 [main] DEBUG org.activiti.engine.impl.db.DbSqlSession  -   insert VariableInstanceEntity[id=3157, name=var2690, type=integer, longValue=2690, textValue=2690]
10:48:05,339 [main] DEBUG org.activiti.engine.impl.db.DbSqlSession  -   insert VariableInstanceEntity[id=3158, name=var1363, type=integer, longValue=1363, textValue=1363]
10:48:05,339 [main] DEBUG org.activiti.engine.impl.db.DbSqlSession  -   insert VariableInstanceEntity[id=3159, name=var2695, type=integer, longValue=2695, textValue=2695]
10:48:05,339 [main] DEBUG org.activiti.engine.impl.db.DbSqlSession  -   insert VariableInstanceEntity[id=3160, name=var1364, type=integer, longValue=1364, textValue=1364]
10:48:05,339 [main] DEBUG org.activiti.engine.impl.db.DbSqlSession  -   insert VariableInstanceEntity[id=3161, name=var2694, type=integer, longValue=2694, textValue=2694]
10:48:05,339 [main] DEBUG org.activiti.engine.impl.db.DbSqlSession  -   insert VariableInstanceEntity[id=3162, name=var1361, type=integer, longValue=1361, textValue=1361]
10:48:05,339 [main] DEBUG org.activiti.engine.impl.db.DbSqlSession  -   insert VariableInstanceEntity[id=3163, name=var2693, type=integer, longValue=2693, textValue=2693]
10:48:05,339 [main] DEBUG org.activiti.engine.impl.db.DbSqlSession  -   insert VariableInstanceEntity[id=3164, name=var1362, type=integer, longValue=1362, textValue=1362]
10:48:05,339 [main] DEBUG org.activiti.engine.impl.db.DbSqlSession  -   insert VariableInstanceEntity[id=3165, name=var2692, type=integer, longValue=2692, textValue=2692]
10:48:05,339 [main] DEBUG org.activiti.engine.impl.db.DbSqlSession  -   insert VariableInstanceEntity[id=3166, name=var787, type=integer, longValue=787, textValue=787]
10:48:05,339 [main] DEBUG org.activiti.engine.impl.db.DbSqlSession  -   insert VariableInstanceEntity[id=3167, name=var1367, type=integer, longValue=1367, textValue=1367]
10:48:05,339 [main] DEBUG org.activiti.engine.impl.db.DbSqlSession  -   insert VariableInstanceEntity[id=3168, name=var2699, type=integer, longValue=2699, textValue=2699]
10:48:05,339 [main] DEBUG org.activiti.engine.impl.db.DbSqlSession  -   insert VariableInstanceEntity[id=3169, name=var786, type=integer, longValue=786, textValue=786]
10:48:05,339 [main] DEBUG org.activiti.engine.impl.db.DbSqlSession  -   insert VariableInstanceEntity[id=3170, name=var1368, type=integer, longValue=1368, textValue=1368]
10:48:05,339 [main] DEBUG org.activiti.engine.impl.db.DbSqlSession  -   insert VariableInstanceEntity[id=3171, name=var2698, type=integer, longValue=2698, textValue=2698]
10:48:05,339 [main] DEBUG org.activiti.engine.impl.db.DbSqlSession  -   insert VariableInstanceEntity[id=3172, name=var785, type=integer, longValue=785, textValue=785]
10:48:05,339 [main] DEBUG org.activiti.engine.impl.db.DbSqlSession  -   insert VariableInstanceEntity[id=3173, name=var1365, type=integer, longValue=1365, textValue=1365]
10:48:05,340 [main] DEBUG org.activiti.engine.impl.db.DbSqlSession  -   insert VariableInstanceEntity[id=3174, name=var2697, type=integer, longValue=2697, textValue=2697]
10:48:05,340 [main] DEBUG org.activiti.engine.impl.db.DbSqlSession  -   insert VariableInstanceEntity[id=3175, name=var784, type=integer, longValue=784, textValue=784]
10:48:05,340 [main] DEBUG org.activiti.engine.impl.db.DbSqlSession  -   insert VariableInstanceEntity[id=3176, name=var1366, type=integer, longValue=1366, textValue=1366]
10:48:05,340 [main] DEBUG org.activiti.engine.impl.db.DbSqlSession  -   insert VariableInstanceEntity[id=3177, name=var2696, type=integer, longValue=2696, textValue=2696]
10:48:05,340 [main] DEBUG org.activiti.engine.impl.db.DbSqlSession  -   insert VariableInstanceEntity[id=3178, name=var783, type=integer, longValue=783, textValue=783]
10:48:05,340 [main] DEBUG org.activiti.engine.impl.db.DbSqlSession  -   insert VariableInstanceEntity[id=3179, name=var782, type=integer, longValue=782, textValue=782]
10:48:05,340 [main] DEBUG org.activiti.engine.impl.db.DbSqlSession  -   insert VariableInstanceEntity[id=3180, name=var781, type=integer, longValue=781, textValue=781]
10:48:05,340 [main] DEBUG org.activiti.engine.impl.db.DbSqlSession  -   insert VariableInstanceEntity[id=3181, name=var1369, type=integer, longValue=1369, textValue=1369]
10:48:05,340 [main] DEBUG org.activiti.engine.impl.db.DbSqlSession  -   insert VariableInstanceEntity[id=3182, name=var780, type=integer, longValue=780, textValue=780]
10:48:05,340 [main] DEBUG org.activiti.engine.impl.db.DbSqlSession  -   insert VariableInstanceEntity[id=3183, name=var789, type=integer, longValue=789, textValue=789]
10:48:05,340 [main] DEBUG org.activiti.engine.impl.db.DbSqlSession  -   insert VariableInstanceEntity[id=3184, name=var788, type=integer, longValue=788, textValue=788]
10:48:05,340 [main] DEBUG org.activiti.engine.impl.db.DbSqlSession  -   insert VariableInstanceEntity[id=3185, name=var1370, type=integer, longValue=1370, textValue=1370]
10:48:05,340 [main] DEBUG org.activiti.engine.impl.db.DbSqlSession  -   insert VariableInstanceEntity[id=3186, name=var1371, type=integer, longValue=1371, textValue=1371]
10:48:05,340 [main] DEBUG org.activiti.engine.impl.db.DbSqlSession  -   insert VariableInstanceEntity[id=3187, name=var1374, type=integer, longValue=1374, textValue=1374]
10:48:05,340 [main] DEBUG org.activiti.engine.impl.db.DbSqlSession  -   insert VariableInstanceEntity[id=3188, name=var1375, type=integer, longValue=1375, textValue=1375]
10:48:05,340 [main] DEBUG org.activiti.engine.impl.db.DbSqlSession  -   insert VariableInstanceEntity[id=3189, name=var1372, type=integer, longValue=1372, textValue=1372]
10:48:05,340 [main] DEBUG org.activiti.engine.impl.db.DbSqlSession  -   insert VariableInstanceEntity[id=3190, name=var1373, type=integer, longValue=1373, textValue=1373]
10:48:05,340 [main] DEBUG org.activiti.engine.impl.db.DbSqlSession  -   insert VariableInstanceEntity[id=3191, name=var96, type=integer, longValue=96, textValue=96]
10:48:05,340 [main] DEBUG org.activiti.engine.impl.db.DbSqlSession  -   insert VariableInstanceEntity[id=3192, name=var776, type=integer, longValue=776, textValue=776]
10:48:05,340 [main] DEBUG org.activiti.engine.impl.db.DbSqlSession  -   insert VariableInstanceEntity[id=3193, name=var1378, type=integer, longValue=1378, textValue=1378]
10:48:05,340 [main] DEBUG org.activiti.engine.impl.db.DbSqlSession  -   insert VariableInstanceEntity[id=3194, name=var97, type=integer, longValue=97, textValue=97]
10:48:05,340 [main] DEBUG org.activiti.engine.impl.db.DbSqlSession  -   insert VariableInstanceEntity[id=3195, name=var775, type=integer, longValue=775, textValue=775]
10:48:05,340 [main] DEBUG org.activiti.engine.impl.db.DbSqlSession  -   insert VariableInstanceEntity[id=3196, name=var1379, type=integer, longValue=1379, textValue=1379]
10:48:05,340 [main] DEBUG org.activiti.engine.impl.db.DbSqlSession  -   insert VariableInstanceEntity[id=3197, name=var98, type=integer, longValue=98, textValue=98]
10:48:05,340 [main] DEBUG org.activiti.engine.impl.db.DbSqlSession  -   insert VariableInstanceEntity[id=3198, name=var774, type=integer, longValue=774, textValue=774]
10:48:05,340 [main] DEBUG org.activiti.engine.impl.db.DbSqlSession  -   insert VariableInstanceEntity[id=3199, name=var1376, type=integer, longValue=1376, textValue=1376]
10:48:05,340 [main] DEBUG org.activiti.engine.impl.db.DbSqlSession  -   insert VariableInstanceEntity[id=3200, name=var99, type=integer, longValue=99, textValue=99]
10:48:05,340 [main] DEBUG org.activiti.engine.impl.db.DbSqlSession  -   insert VariableInstanceEntity[id=3201, name=var773, type=integer, longValue=773, textValue=773]
10:48:05,340 [main] DEBUG org.activiti.engine.impl.db.DbSqlSession  -   insert VariableInstanceEntity[id=3202, name=var1377, type=integer, longValue=1377, textValue=1377]
10:48:05,340 [main] DEBUG org.activiti.engine.impl.db.DbSqlSession  -   insert VariableInstanceEntity[id=3203, name=var92, type=integer, longValue=92, textValue=92]
10:48:05,340 [main] DEBUG org.activiti.engine.impl.db.DbSqlSession  -   insert VariableInstanceEntity[id=3204, name=var772, type=integer, longValue=772, textValue=772]
10:48:05,340 [main] DEBUG org.activiti.engine.impl.db.DbSqlSession  -   insert VariableInstanceEntity[id=3205, name=var93, type=integer, longValue=93, textValue=93]
10:48:05,340 [main] DEBUG org.activiti.engine.impl.db.DbSqlSession  -   insert VariableInstanceEntity[id=3206, name=var771, type=integer, longValue=771, textValue=771]
10:48:05,340 [main] DEBUG org.activiti.engine.impl.db.DbSqlSession  -   insert VariableInstanceEntity[id=3207, name=var94, type=integer, longValue=94, textValue=94]
10:48:05,340 [main] DEBUG org.activiti.engine.impl.db.DbSqlSession  -   insert VariableInstanceEntity[id=3208, name=var770, type=integer, longValue=770, textValue=770]
10:48:05,340 [main] DEBUG org.activiti.engine.impl.db.DbSqlSession  -   insert VariableInstanceEntity[id=3209, name=var95, type=integer, longValue=95, textValue=95]
10:48:05,340 [main] DEBUG org.activiti.engine.impl.db.DbSqlSession  -   insert VariableInstanceEntity[id=3210, name=var779, type=integer, longValue=779, textValue=779]
10:48:05,340 [main] DEBUG org.activiti.engine.impl.db.DbSqlSession  -   insert VariableInstanceEntity[id=3211, name=var778, type=integer, longValue=778, textValue=778]
10:48:05,341 [main] DEBUG org.activiti.engine.impl.db.DbSqlSession  -   insert VariableInstanceEntity[id=3212, name=var777, type=integer, longValue=777, textValue=777]
10:48:05,341 [main] DEBUG org.activiti.engine.impl.db.DbSqlSession  -   insert VariableInstanceEntity[id=3213, name=var1381, type=integer, longValue=1381, textValue=1381]
10:48:05,341 [main] DEBUG org.activiti.engine.impl.db.DbSqlSession  -   insert VariableInstanceEntity[id=3214, name=var1382, type=integer, longValue=1382, textValue=1382]
10:48:05,341 [main] DEBUG org.activiti.engine.impl.db.DbSqlSession  -   insert VariableInstanceEntity[id=3215, name=var1380, type=integer, longValue=1380, textValue=1380]
10:48:05,341 [main] DEBUG org.activiti.engine.impl.db.DbSqlSession  -   insert VariableInstanceEntity[id=3216, name=var1385, type=integer, longValue=1385, textValue=1385]
10:48:05,341 [main] DEBUG org.activiti.engine.impl.db.DbSqlSession  -   insert VariableInstanceEntity[id=3217, name=var1386, type=integer, longValue=1386, textValue=1386]
10:48:05,341 [main] DEBUG org.activiti.engine.impl.db.DbSqlSession  -   insert VariableInstanceEntity[id=3218, name=var1383, type=integer, longValue=1383, textValue=1383]
10:48:05,341 [main] DEBUG org.activiti.engine.impl.db.DbSqlSession  -   insert VariableInstanceEntity[id=3219, name=var1384, type=integer, longValue=1384, textValue=1384]
10:48:05,341 [main] DEBUG org.activiti.engine.impl.db.DbSqlSession  -   insert VariableInstanceEntity[id=3220, name=var765, type=integer, longValue=765, textValue=765]
10:48:05,341 [main] DEBUG org.activiti.engine.impl.db.DbSqlSession  -   insert VariableInstanceEntity[id=3221, name=var1389, type=integer, longValue=1389, textValue=1389]
10:48:05,341 [main] DEBUG org.activiti.engine.impl.db.DbSqlSession  -   insert VariableInstanceEntity[id=3222, name=var764, type=integer, longValue=764, textValue=764]
10:48:05,341 [main] DEBUG org.activiti.engine.impl.db.DbSqlSession  -   insert VariableInstanceEntity[id=3223, name=var763, type=integer, longValue=763, textValue=763]
10:48:05,341 [main] DEBUG org.activiti.engine.impl.db.DbSqlSession  -   insert VariableInstanceEntity[id=3224, name=var1387, type=integer, longValue=1387, textValue=1387]
10:48:05,341 [main] DEBUG org.activiti.engine.impl.db.DbSqlSession  -   insert VariableInstanceEntity[id=3225, name=var762, type=integer, longValue=762, textValue=762]
10:48:05,341 [main] DEBUG org.activiti.engine.impl.db.DbSqlSession  -   insert VariableInstanceEntity[id=3226, name=var1388, type=integer, longValue=1388, textValue=1388]
10:48:05,341 [main] DEBUG org.activiti.engine.impl.db.DbSqlSession  -   insert VariableInstanceEntity[id=3227, name=var761, type=integer, longValue=761, textValue=761]
10:48:05,341 [main] DEBUG org.activiti.engine.impl.db.DbSqlSession  -   insert VariableInstanceEntity[id=3228, name=var760, type=integer, longValue=760, textValue=760]
10:48:05,341 [main] DEBUG org.activiti.engine.impl.db.DbSqlSession  -   insert VariableInstanceEntity[id=3229, name=var769, type=integer, longValue=769, textValue=769]
10:48:05,341 [main] DEBUG org.activiti.engine.impl.db.DbSqlSession  -   insert VariableInstanceEntity[id=3230, name=var768, type=integer, longValue=768, textValue=768]
10:48:05,341 [main] DEBUG org.activiti.engine.impl.db.DbSqlSession  -   insert VariableInstanceEntity[id=3231, name=var767, type=integer, longValue=767, textValue=767]
10:48:05,341 [main] DEBUG org.activiti.engine.impl.db.DbSqlSession  -   insert VariableInstanceEntity[id=3232, name=var766, type=integer, longValue=766, textValue=766]
10:48:05,341 [main] DEBUG org.activiti.engine.impl.db.DbSqlSession  -   insert VariableInstanceEntity[id=3233, name=var1392, type=integer, longValue=1392, textValue=1392]
10:48:05,341 [main] DEBUG org.activiti.engine.impl.db.DbSqlSession  -   insert VariableInstanceEntity[id=3234, name=var1393, type=integer, longValue=1393, textValue=1393]
10:48:05,341 [main] DEBUG org.activiti.engine.impl.db.DbSqlSession  -   insert VariableInstanceEntity[id=3235, name=var1390, type=integer, longValue=1390, textValue=1390]
10:48:05,341 [main] DEBUG org.activiti.engine.impl.db.DbSqlSession  -   insert VariableInstanceEntity[id=3236, name=var1391, type=integer, longValue=1391, textValue=1391]
10:48:05,341 [main] DEBUG org.activiti.engine.impl.db.DbSqlSession  -   insert VariableInstanceEntity[id=3237, name=var1396, type=integer, longValue=1396, textValue=1396]
10:48:05,341 [main] DEBUG org.activiti.engine.impl.db.DbSqlSession  -   insert VariableInstanceEntity[id=3238, name=var1397, type=integer, longValue=1397, textValue=1397]
10:48:05,341 [main] DEBUG org.activiti.engine.impl.db.DbSqlSession  -   insert VariableInstanceEntity[id=3239, name=var1394, type=integer, longValue=1394, textValue=1394]
10:48:05,341 [main] DEBUG org.activiti.engine.impl.db.DbSqlSession  -   insert VariableInstanceEntity[id=3240, name=var1395, type=integer, longValue=1395, textValue=1395]
10:48:05,341 [main] DEBUG org.activiti.engine.impl.db.DbSqlSession  -   insert VariableInstanceEntity[id=3241, name=var754, type=integer, longValue=754, textValue=754]
10:48:05,341 [main] DEBUG org.activiti.engine.impl.db.DbSqlSession  -   insert VariableInstanceEntity[id=3242, name=var753, type=integer, longValue=753, textValue=753]
10:48:05,341 [main] DEBUG org.activiti.engine.impl.db.DbSqlSession  -   insert VariableInstanceEntity[id=3243, name=var752, type=integer, longValue=752, textValue=752]
10:48:05,341 [main] DEBUG org.activiti.engine.impl.db.DbSqlSession  -   insert VariableInstanceEntity[id=3244, name=var1398, type=integer, longValue=1398, textValue=1398]
10:48:05,341 [main] DEBUG org.activiti.engine.impl.db.DbSqlSession  -   insert VariableInstanceEntity[id=3245, name=var751, type=integer, longValue=751, textValue=751]
10:48:05,341 [main] DEBUG org.activiti.engine.impl.db.DbSqlSession  -   insert VariableInstanceEntity[id=3246, name=var1399, type=integer, longValue=1399, textValue=1399]
10:48:05,341 [main] DEBUG org.activiti.engine.impl.db.DbSqlSession  -   insert VariableInstanceEntity[id=3247, name=var750, type=integer, longValue=750, textValue=750]
10:48:05,341 [main] DEBUG org.activiti.engine.impl.db.DbSqlSession  -   insert VariableInstanceEntity[id=3248, name=var759, type=integer, longValue=759, textValue=759]
10:48:05,342 [main] DEBUG org.activiti.engine.impl.db.DbSqlSession  -   insert VariableInstanceEntity[id=3249, name=var758, type=integer, longValue=758, textValue=758]
10:48:05,342 [main] DEBUG org.activiti.engine.impl.db.DbSqlSession  -   insert VariableInstanceEntity[id=3250, name=var757, type=integer, longValue=757, textValue=757]
10:48:05,342 [main] DEBUG org.activiti.engine.impl.db.DbSqlSession  -   insert VariableInstanceEntity[id=3251, name=var756, type=integer, longValue=756, textValue=756]
10:48:05,342 [main] DEBUG org.activiti.engine.impl.db.DbSqlSession  -   insert VariableInstanceEntity[id=3252, name=var755, type=integer, longValue=755, textValue=755]
10:48:05,342 [main] DEBUG org.activiti.engine.impl.db.DbSqlSession  -   insert VariableInstanceEntity[id=3253, name=var67, type=integer, longValue=67, textValue=67]
10:48:05,342 [main] DEBUG org.activiti.engine.impl.db.DbSqlSession  -   insert VariableInstanceEntity[id=3254, name=var3102, type=integer, longValue=3102, textValue=3102]
10:48:05,342 [main] DEBUG org.activiti.engine.impl.db.DbSqlSession  -   insert VariableInstanceEntity[id=3255, name=var68, type=integer, longValue=68, textValue=68]
10:48:05,342 [main] DEBUG org.activiti.engine.impl.db.DbSqlSession  -   insert VariableInstanceEntity[id=3256, name=var3101, type=integer, longValue=3101, textValue=3101]
10:48:05,342 [main] DEBUG org.activiti.engine.impl.db.DbSqlSession  -   insert VariableInstanceEntity[id=3257, name=var69, type=integer, longValue=69, textValue=69]
10:48:05,342 [main] DEBUG org.activiti.engine.impl.db.DbSqlSession  -   insert VariableInstanceEntity[id=3258, name=var3100, type=integer, longValue=3100, textValue=3100]
10:48:05,342 [main] DEBUG org.activiti.engine.impl.db.DbSqlSession  -   insert VariableInstanceEntity[id=3259, name=var63, type=integer, longValue=63, textValue=63]
10:48:05,342 [main] DEBUG org.activiti.engine.impl.db.DbSqlSession  -   insert VariableInstanceEntity[id=3260, name=var743, type=integer, longValue=743, textValue=743]
10:48:05,342 [main] DEBUG org.activiti.engine.impl.db.DbSqlSession  -   insert VariableInstanceEntity[id=3261, name=var3106, type=integer, longValue=3106, textValue=3106]
10:48:05,342 [main] DEBUG org.activiti.engine.impl.db.DbSqlSession  -   insert VariableInstanceEntity[id=3262, name=var64, type=integer, longValue=64, textValue=64]
10:48:05,342 [main] DEBUG org.activiti.engine.impl.db.DbSqlSession  -   insert VariableInstanceEntity[id=3263, name=var742, type=integer, longValue=742, textValue=742]
10:48:05,342 [main] DEBUG org.activiti.engine.impl.db.DbSqlSession  -   insert VariableInstanceEntity[id=3264, name=var3105, type=integer, longValue=3105, textValue=3105]
10:48:05,342 [main] DEBUG org.activiti.engine.impl.db.DbSqlSession  -   insert VariableInstanceEntity[id=3265, name=var65, type=integer, longValue=65, textValue=65]
10:48:05,342 [main] DEBUG org.activiti.engine.impl.db.DbSqlSession  -   insert VariableInstanceEntity[id=3266, name=var741, type=integer, longValue=741, textValue=741]
10:48:05,342 [main] DEBUG org.activiti.engine.impl.db.DbSqlSession  -   insert VariableInstanceEntity[id=3267, name=var3104, type=integer, longValue=3104, textValue=3104]
10:48:05,342 [main] DEBUG org.activiti.engine.impl.db.DbSqlSession  -   insert VariableInstanceEntity[id=3268, name=var66, type=integer, longValue=66, textValue=66]
10:48:05,342 [main] DEBUG org.activiti.engine.impl.db.DbSqlSession  -   insert VariableInstanceEntity[id=3269, name=var740, type=integer, longValue=740, textValue=740]
10:48:05,342 [main] DEBUG org.activiti.engine.impl.db.DbSqlSession  -   insert VariableInstanceEntity[id=3270, name=var3103, type=integer, longValue=3103, textValue=3103]
10:48:05,342 [main] DEBUG org.activiti.engine.impl.db.DbSqlSession  -   insert VariableInstanceEntity[id=3271, name=var60, type=integer, longValue=60, textValue=60]
10:48:05,342 [main] DEBUG org.activiti.engine.impl.db.DbSqlSession  -   insert VariableInstanceEntity[id=3272, name=var3109, type=integer, longValue=3109, textValue=3109]
10:48:05,342 [main] DEBUG org.activiti.engine.impl.db.DbSqlSession  -   insert VariableInstanceEntity[id=3273, name=var61, type=integer, longValue=61, textValue=61]
10:48:05,342 [main] DEBUG org.activiti.engine.impl.db.DbSqlSession  -   insert VariableInstanceEntity[id=3274, name=var3108, type=integer, longValue=3108, textValue=3108]
10:48:05,342 [main] DEBUG org.activiti.engine.impl.db.DbSqlSession  -   insert VariableInstanceEntity[id=3275, name=var62, type=integer, longValue=62, textValue=62]
10:48:05,342 [main] DEBUG org.activiti.engine.impl.db.DbSqlSession  -   insert VariableInstanceEntity[id=3276, name=var3107, type=integer, longValue=3107, textValue=3107]
10:48:05,342 [main] DEBUG org.activiti.engine.impl.db.DbSqlSession  -   insert VariableInstanceEntity[id=3277, name=var749, type=integer, longValue=749, textValue=749]
10:48:05,342 [main] DEBUG org.activiti.engine.impl.db.DbSqlSession  -   insert VariableInstanceEntity[id=3278, name=var748, type=integer, longValue=748, textValue=748]
10:48:05,342 [main] DEBUG org.activiti.engine.impl.db.DbSqlSession  -   insert VariableInstanceEntity[id=3279, name=var747, type=integer, longValue=747, textValue=747]
10:48:05,342 [main] DEBUG org.activiti.engine.impl.db.DbSqlSession  -   insert VariableInstanceEntity[id=3280, name=var746, type=integer, longValue=746, textValue=746]
10:48:05,342 [main] DEBUG org.activiti.engine.impl.db.DbSqlSession  -   insert VariableInstanceEntity[id=3281, name=var745, type=integer, longValue=745, textValue=745]
10:48:05,343 [main] DEBUG org.activiti.engine.impl.db.DbSqlSession  -   insert VariableInstanceEntity[id=3282, name=var744, type=integer, longValue=744, textValue=744]
10:48:05,343 [main] DEBUG org.activiti.engine.impl.db.DbSqlSession  -   insert VariableInstanceEntity[id=3283, name=var56, type=integer, longValue=56, textValue=56]
10:48:05,343 [main] DEBUG org.activiti.engine.impl.db.DbSqlSession  -   insert VariableInstanceEntity[id=3284, name=var3113, type=integer, longValue=3113, textValue=3113]
10:48:05,343 [main] DEBUG org.activiti.engine.impl.db.DbSqlSession  -   insert VariableInstanceEntity[id=3285, name=var57, type=integer, longValue=57, textValue=57]
10:48:05,343 [main] DEBUG org.activiti.engine.impl.db.DbSqlSession  -   insert VariableInstanceEntity[id=3286, name=var3112, type=integer, longValue=3112, textValue=3112]
10:48:05,343 [main] DEBUG org.activiti.engine.impl.db.DbSqlSession  -   insert VariableInstanceEntity[id=3287, name=var58, type=integer, longValue=58, textValue=58]
10:48:05,343 [main] DEBUG org.activiti.engine.impl.db.DbSqlSession  -   insert VariableInstanceEntity[id=3288, name=var3111, type=integer, longValue=3111, textValue=3111]
10:48:05,343 [main] DEBUG org.activiti.engine.impl.db.DbSqlSession  -   insert VariableInstanceEntity[id=3289, name=var59, type=integer, longValue=59, textValue=59]
10:48:05,343 [main] DEBUG org.activiti.engine.impl.db.DbSqlSession  -   insert VariableInstanceEntity[id=3290, name=var3110, type=integer, longValue=3110, textValue=3110]
10:48:05,343 [main] DEBUG org.activiti.engine.impl.db.DbSqlSession  -   insert VariableInstanceEntity[id=3291, name=var52, type=integer, longValue=52, textValue=52]
10:48:05,343 [main] DEBUG org.activiti.engine.impl.db.DbSqlSession  -   insert VariableInstanceEntity[id=3292, name=var732, type=integer, longValue=732, textValue=732]
10:48:05,343 [main] DEBUG org.activiti.engine.impl.db.DbSqlSession  -   insert VariableInstanceEntity[id=3293, name=var3117, type=integer, longValue=3117, textValue=3117]
10:48:05,343 [main] DEBUG org.activiti.engine.impl.db.DbSqlSession  -   insert VariableInstanceEntity[id=3294, name=var53, type=integer, longValue=53, textValue=53]
10:48:05,343 [main] DEBUG org.activiti.engine.impl.db.DbSqlSession  -   insert VariableInstanceEntity[id=3295, name=var731, type=integer, longValue=731, textValue=731]
10:48:05,343 [main] DEBUG org.activiti.engine.impl.db.DbSqlSession  -   insert VariableInstanceEntity[id=3296, name=var3116, type=integer, longValue=3116, textValue=3116]
10:48:05,343 [main] DEBUG org.activiti.engine.impl.db.DbSqlSession  -   insert VariableInstanceEntity[id=3297, name=var54, type=integer, longValue=54, textValue=54]
10:48:05,343 [main] DEBUG org.activiti.engine.impl.db.DbSqlSession  -   insert VariableInstanceEntity[id=3298, name=var730, type=integer, longValue=730, textValue=730]
10:48:05,343 [main] DEBUG org.activiti.engine.impl.db.DbSqlSession  -   insert VariableInstanceEntity[id=3299, name=var3115, type=integer, longValue=3115, textValue=3115]
10:48:05,343 [main] DEBUG org.activiti.engine.impl.db.DbSqlSession  -   insert VariableInstanceEntity[id=3300, name=var55, type=integer, longValue=55, textValue=55]
10:48:05,343 [main] DEBUG org.activiti.engine.impl.db.DbSqlSession  -   insert VariableInstanceEntity[id=3301, name=var3114, type=integer, longValue=3114, textValue=3114]
10:48:05,343 [main] DEBUG org.activiti.engine.impl.db.DbSqlSession  -   insert VariableInstanceEntity[id=3302, name=var50, type=integer, longValue=50, textValue=50]
10:48:05,343 [main] DEBUG org.activiti.engine.impl.db.DbSqlSession  -   insert VariableInstanceEntity[id=3303, name=var3119, type=integer, longValue=3119, textValue=3119]
10:48:05,343 [main] DEBUG org.activiti.engine.impl.db.DbSqlSession  -   insert VariableInstanceEntity[id=3304, name=var51, type=integer, longValue=51, textValue=51]
10:48:05,343 [main] DEBUG org.activiti.engine.impl.db.DbSqlSession  -   insert VariableInstanceEntity[id=3305, name=var3118, type=integer, longValue=3118, textValue=3118]
10:48:05,343 [main] DEBUG org.activiti.engine.impl.db.DbSqlSession  -   insert VariableInstanceEntity[id=3306, name=var739, type=integer, longValue=739, textValue=739]
10:48:05,343 [main] DEBUG org.activiti.engine.impl.db.DbSqlSession  -   insert VariableInstanceEntity[id=3307, name=var738, type=integer, longValue=738, textValue=738]
10:48:05,343 [main] DEBUG org.activiti.engine.impl.db.DbSqlSession  -   insert VariableInstanceEntity[id=3308, name=var737, type=integer, longValue=737, textValue=737]
10:48:05,343 [main] DEBUG org.activiti.engine.impl.db.DbSqlSession  -   insert VariableInstanceEntity[id=3309, name=var736, type=integer, longValue=736, textValue=736]
10:48:05,343 [main] DEBUG org.activiti.engine.impl.db.DbSqlSession  -   insert VariableInstanceEntity[id=3310, name=var735, type=integer, longValue=735, textValue=735]
10:48:05,343 [main] DEBUG org.activiti.engine.impl.db.DbSqlSession  -   insert VariableInstanceEntity[id=3311, name=var734, type=integer, longValue=734, textValue=734]
10:48:05,343 [main] DEBUG org.activiti.engine.impl.db.DbSqlSession  -   insert VariableInstanceEntity[id=3312, name=var733, type=integer, longValue=733, textValue=733]
10:48:05,343 [main] DEBUG org.activiti.engine.impl.db.DbSqlSession  -   insert VariableInstanceEntity[id=3313, name=var3120, type=integer, longValue=3120, textValue=3120]
10:48:05,343 [main] DEBUG org.activiti.engine.impl.db.DbSqlSession  -   insert VariableInstanceEntity[id=3314, name=var89, type=integer, longValue=89, textValue=89]
10:48:05,343 [main] DEBUG org.activiti.engine.impl.db.DbSqlSession  -   insert VariableInstanceEntity[id=3315, name=var3124, type=integer, longValue=3124, textValue=3124]
10:48:05,343 [main] DEBUG org.activiti.engine.impl.db.DbSqlSession  -   insert VariableInstanceEntity[id=3316, name=var3123, type=integer, longValue=3123, textValue=3123]
10:48:05,343 [main] DEBUG org.activiti.engine.impl.db.DbSqlSession  -   insert VariableInstanceEntity[id=3317, name=var3122, type=integer, longValue=3122, textValue=3122]
10:48:05,344 [main] DEBUG org.activiti.engine.impl.db.DbSqlSession  -   insert VariableInstanceEntity[id=3318, name=var3121, type=integer, longValue=3121, textValue=3121]
10:48:05,344 [Thread-105] DEBUG org.activiti.engine.impl.asyncexecutor.AcquireTimerJobsRunnable  - timer job acquisition thread woke up
10:48:05,344 [Thread-105] DEBUG org.activiti.engine.impl.interceptor.LogInterceptor  - 

10:48:05,344 [Thread-105] DEBUG org.activiti.engine.impl.interceptor.LogInterceptor  - --- starting AcquireTimerJobsCmd --------------------------------------------------------
10:48:05,344 [Thread-105] DEBUG org.apache.ibatis.transaction.jdbc.JdbcTransaction  - Opening JDBC Connection
10:48:05,344 [Thread-105] DEBUG org.apache.ibatis.datasource.pooled.PooledDataSource  - Checked out connection 54468349 from pool.
10:48:05,344 [Thread-105] DEBUG org.apache.ibatis.transaction.jdbc.JdbcTransaction  - Setting autocommit to false on JDBC Connection [conn64: url=jdbc:h2:mem:activiti-AsyncExecutorTest user=SA]
10:48:05,344 [Thread-105] DEBUG org.activiti.engine.impl.persistence.entity.JobEntity.selectNextTimerJobsToExecute  - ==&gt;  Preparing: select RES.* from ACT_RU_JOB RES LEFT OUTER JOIN ACT_RU_EXECUTION PI ON PI.ID_ = RES.PROCESS_INSTANCE_ID_ where (RES.RETRIES_ &gt; 0) and (RES.DUEDATE_ is null or RES.DUEDATE_ &lt;= ?) and (RES.LOCK_OWNER_ is null or RES.LOCK_EXP_TIME_ &lt;= ?) and TYPE_ = &apos;timer&apos; and ( (RES.EXECUTION_ID_ is null) or (PI.SUSPENSION_STATE_ = 1) ) LIMIT ? OFFSET ? 
10:48:05,344 [Thread-105] DEBUG org.activiti.engine.impl.persistence.entity.JobEntity.selectNextTimerJobsToExecute  - ==&gt; Parameters: 2023-03-20 10:48:05.344(Timestamp), 2023-03-20 10:48:05.344(Timestamp), 1(Integer), 0(Integer)
10:48:05,344 [Thread-105] DEBUG org.activiti.engine.impl.persistence.entity.JobEntity.selectNextTimerJobsToExecute  - &lt;==      Total: 0
10:48:05,344 [Thread-105] DEBUG org.activiti.engine.impl.db.DbSqlSession  - flush summary: 0 insert, 0 update, 0 delete.
10:48:05,344 [Thread-105] DEBUG org.activiti.engine.impl.db.DbSqlSession  - now executing flush...
10:48:05,344 [Thread-105] DEBUG org.activiti.engine.impl.cfg.standalone.StandaloneMybatisTransactionContext  - firing event committing...
10:48:05,344 [Thread-105] DEBUG org.activiti.engine.impl.cfg.standalone.StandaloneMybatisTransactionContext  - committing the ibatis sql session...
10:48:05,344 [Thread-105] DEBUG org.activiti.engine.impl.cfg.standalone.StandaloneMybatisTransactionContext  - firing event committed...
10:48:05,344 [Thread-105] DEBUG org.apache.ibatis.transaction.jdbc.JdbcTransaction  - Resetting autocommit to true on JDBC Connection [conn64: url=jdbc:h2:mem:activiti-AsyncExecutorTest user=SA]
10:48:05,344 [Thread-105] DEBUG org.apache.ibatis.transaction.jdbc.JdbcTransaction  - Closing JDBC Connection [conn64: url=jdbc:h2:mem:activiti-AsyncExecutorTest user=SA]
10:48:05,344 [Thread-105] DEBUG org.apache.ibatis.datasource.pooled.PooledDataSource  - Returned connection 54468349 to pool.
10:48:05,344 [Thread-103] DEBUG org.activiti.engine.impl.asyncexecutor.AcquireAsyncJobsDueRunnable  - async job acquisition thread woke up
10:48:05,344 [main] DEBUG org.activiti.engine.impl.db.DbSqlSession  -   insert VariableInstanceEntity[id=3319, name=var85, type=integer, longValue=85, textValue=85]
10:48:05,345 [Thread-103] DEBUG org.activiti.engine.impl.interceptor.LogInterceptor  - 

10:48:05,345 [Thread-103] DEBUG org.activiti.engine.impl.interceptor.LogInterceptor  - --- starting AcquireAsyncJobsDueCmd --------------------------------------------------------
10:48:05,345 [Thread-112] DEBUG org.activiti.engine.impl.asyncexecutor.AcquireAsyncJobsDueRunnable  - async job acquisition thread woke up
10:48:05,345 [Thread-112] DEBUG org.activiti.engine.impl.interceptor.LogInterceptor  - 

10:48:05,345 [Thread-112] DEBUG org.activiti.engine.impl.interceptor.LogInterceptor  - --- starting AcquireAsyncJobsDueCmd --------------------------------------------------------
10:48:05,344 [Thread-106] DEBUG org.activiti.engine.impl.asyncexecutor.AcquireAsyncJobsDueRunnable  - async job acquisition thread woke up
10:48:05,345 [Thread-106] DEBUG org.activiti.engine.impl.interceptor.LogInterceptor  - 

10:48:05,345 [Thread-106] DEBUG org.activiti.engine.impl.interceptor.LogInterceptor  - --- starting AcquireAsyncJobsDueCmd --------------------------------------------------------
10:48:05,344 [Thread-111] DEBUG org.activiti.engine.impl.asyncexecutor.AcquireTimerJobsRunnable  - timer job acquisition thread woke up
10:48:05,345 [Thread-111] DEBUG org.activiti.engine.impl.interceptor.LogInterceptor  - 

10:48:05,345 [Thread-111] DEBUG org.activiti.engine.impl.interceptor.LogInterceptor  - --- starting AcquireTimerJobsCmd --------------------------------------------------------
10:48:05,344 [Thread-105] DEBUG org.activiti.engine.impl.interceptor.LogInterceptor  - --- AcquireTimerJobsCmd finished --------------------------------------------------------
10:48:05,345 [Thread-105] DEBUG org.activiti.engine.impl.interceptor.LogInterceptor  - 

10:48:05,344 [Thread-102] DEBUG org.activiti.engine.impl.asyncexecutor.AcquireTimerJobsRunnable  - timer job acquisition thread woke up
10:48:05,345 [Thread-102] DEBUG org.activiti.engine.impl.interceptor.LogInterceptor  - 

10:48:05,345 [Thread-102] DEBUG org.activiti.engine.impl.interceptor.LogInterceptor  - --- starting AcquireTimerJobsCmd --------------------------------------------------------
10:48:05,345 [Thread-105] DEBUG org.activiti.engine.impl.asyncexecutor.AcquireTimerJobsRunnable  - timer job acquisition thread sleeping for 50 millis
10:48:05,345 [Thread-111] DEBUG org.apache.ibatis.transaction.jdbc.JdbcTransaction  - Opening JDBC Connection
10:48:05,345 [Thread-106] DEBUG org.apache.ibatis.transaction.jdbc.JdbcTransaction  - Opening JDBC Connection
10:48:05,345 [Thread-106] DEBUG org.apache.ibatis.datasource.pooled.PooledDataSource  - Checked out connection 996762054 from pool.
10:48:05,345 [Thread-112] DEBUG org.apache.ibatis.transaction.jdbc.JdbcTransaction  - Opening JDBC Connection
10:48:05,345 [Thread-103] DEBUG org.apache.ibatis.transaction.jdbc.JdbcTransaction  - Opening JDBC Connection
10:48:05,346 [Thread-103] DEBUG org.apache.ibatis.datasource.pooled.PooledDataSource  - Checked out connection 720039383 from pool.
10:48:05,346 [Thread-103] DEBUG org.apache.ibatis.transaction.jdbc.JdbcTransaction  - Setting autocommit to false on JDBC Connection [conn59: url=jdbc:h2:mem:activiti-AsyncExecutorTest user=SA]
10:48:05,345 [main] DEBUG org.activiti.engine.impl.db.DbSqlSession  -   insert VariableInstanceEntity[id=3320, name=var721, type=integer, longValue=721, textValue=721]
10:48:05,346 [Thread-103] DEBUG org.activiti.engine.impl.persistence.entity.JobEntity.selectAsyncJobsDueToExecute  - ==&gt;  Preparing: select RES.* from ACT_RU_JOB RES LEFT OUTER JOIN ACT_RU_EXECUTION PI ON PI.ID_ = RES.PROCESS_INSTANCE_ID_ where RES.RETRIES_ &gt; 0 and RES.DUEDATE_ is not null and RES.DUEDATE_ &lt;= ? and (RES.LOCK_EXP_TIME_ is null or RES.LOCK_EXP_TIME_ &lt;= ?) and TYPE_ = &apos;message&apos; and ( (RES.EXECUTION_ID_ is null) or (PI.SUSPENSION_STATE_ = 1) ) LIMIT ? OFFSET ? 
10:48:05,345 [Thread-106] DEBUG org.apache.ibatis.transaction.jdbc.JdbcTransaction  - Setting autocommit to false on JDBC Connection [conn65: url=jdbc:h2:mem:activiti-AsyncExecutorTest user=SA]
10:48:05,345 [Thread-111] DEBUG org.apache.ibatis.datasource.pooled.PooledDataSource  - Checked out connection 604408605 from pool.
10:48:05,345 [Thread-102] DEBUG org.apache.ibatis.transaction.jdbc.JdbcTransaction  - Opening JDBC Connection
10:48:05,346 [Thread-102] DEBUG org.apache.ibatis.datasource.pooled.PooledDataSource  - Checked out connection 33534803 from pool.
10:48:05,346 [Thread-102] DEBUG org.apache.ibatis.transaction.jdbc.JdbcTransaction  - Setting autocommit to false on JDBC Connection [conn60: url=jdbc:h2:mem:activiti-AsyncExecutorTest user=SA]
10:48:05,346 [Thread-112] DEBUG org.apache.ibatis.datasource.pooled.PooledDataSource  - Checked out connection 58501658 from pool.
10:48:05,346 [Thread-112] DEBUG org.apache.ibatis.transaction.jdbc.JdbcTransaction  - Setting autocommit to false on JDBC Connection [conn68: url=jdbc:h2:mem:activiti-AsyncExecutorTest user=SA]
10:48:05,346 [Thread-111] DEBUG org.apache.ibatis.transaction.jdbc.JdbcTransaction  - Setting autocommit to false on JDBC Connection [conn70: url=jdbc:h2:mem:activiti-AsyncExecutorTest user=SA]
10:48:05,346 [Thread-106] DEBUG org.activiti.engine.impl.persistence.entity.JobEntity.selectAsyncJobsDueToExecute  - ==&gt;  Preparing: select RES.* from ACT_RU_JOB RES LEFT OUTER JOIN ACT_RU_EXECUTION PI ON PI.ID_ = RES.PROCESS_INSTANCE_ID_ where RES.RETRIES_ &gt; 0 and RES.DUEDATE_ is not null and RES.DUEDATE_ &lt;= ? and (RES.LOCK_EXP_TIME_ is null or RES.LOCK_EXP_TIME_ &lt;= ?) and TYPE_ = &apos;message&apos; and ( (RES.EXECUTION_ID_ is null) or (PI.SUSPENSION_STATE_ = 1) ) LIMIT ? OFFSET ? 
10:48:05,346 [Thread-103] DEBUG org.activiti.engine.impl.persistence.entity.JobEntity.selectAsyncJobsDueToExecute  - ==&gt; Parameters: 2023-03-20 10:48:05.345(Timestamp), 2023-03-20 10:48:05.345(Timestamp), 1(Integer), 0(Integer)
10:48:05,346 [main] DEBUG org.activiti.engine.impl.db.DbSqlSession  -   insert VariableInstanceEntity[id=3321, name=var3128, type=integer, longValue=3128, textValue=3128]
10:48:05,346 [Thread-103] DEBUG org.activiti.engine.impl.persistence.entity.JobEntity.selectAsyncJobsDueToExecute  - &lt;==      Total: 0
10:48:05,346 [Thread-106] DEBUG org.activiti.engine.impl.persistence.entity.JobEntity.selectAsyncJobsDueToExecute  - ==&gt; Parameters: 2023-03-20 10:48:05.345(Timestamp), 2023-03-20 10:48:05.345(Timestamp), 1(Integer), 0(Integer)
10:48:05,346 [Thread-111] DEBUG org.activiti.engine.impl.persistence.entity.JobEntity.selectNextTimerJobsToExecute  - ==&gt;  Preparing: select RES.* from ACT_RU_JOB RES LEFT OUTER JOIN ACT_RU_EXECUTION PI ON PI.ID_ = RES.PROCESS_INSTANCE_ID_ where (RES.RETRIES_ &gt; 0) and (RES.DUEDATE_ is null or RES.DUEDATE_ &lt;= ?) and (RES.LOCK_OWNER_ is null or RES.LOCK_EXP_TIME_ &lt;= ?) and TYPE_ = &apos;timer&apos; and ( (RES.EXECUTION_ID_ is null) or (PI.SUSPENSION_STATE_ = 1) ) LIMIT ? OFFSET ? 
10:48:05,346 [Thread-112] DEBUG org.activiti.engine.impl.persistence.entity.JobEntity.selectAsyncJobsDueToExecute  - ==&gt;  Preparing: select RES.* from ACT_RU_JOB RES LEFT OUTER JOIN ACT_RU_EXECUTION PI ON PI.ID_ = RES.PROCESS_INSTANCE_ID_ where RES.RETRIES_ &gt; 0 and RES.DUEDATE_ is not null and RES.DUEDATE_ &lt;= ? and (RES.LOCK_EXP_TIME_ is null or RES.LOCK_EXP_TIME_ &lt;= ?) and TYPE_ = &apos;message&apos; and ( (RES.EXECUTION_ID_ is null) or (PI.SUSPENSION_STATE_ = 1) ) LIMIT ? OFFSET ? 
10:48:05,346 [Thread-102] DEBUG org.activiti.engine.impl.persistence.entity.JobEntity.selectNextTimerJobsToExecute  - ==&gt;  Preparing: select RES.* from ACT_RU_JOB RES LEFT OUTER JOIN ACT_RU_EXECUTION PI ON PI.ID_ = RES.PROCESS_INSTANCE_ID_ where (RES.RETRIES_ &gt; 0) and (RES.DUEDATE_ is null or RES.DUEDATE_ &lt;= ?) and (RES.LOCK_OWNER_ is null or RES.LOCK_EXP_TIME_ &lt;= ?) and TYPE_ = &apos;timer&apos; and ( (RES.EXECUTION_ID_ is null) or (PI.SUSPENSION_STATE_ = 1) ) LIMIT ? OFFSET ? 
10:48:05,346 [Thread-112] DEBUG org.activiti.engine.impl.persistence.entity.JobEntity.selectAsyncJobsDueToExecute  - ==&gt; Parameters: 2023-03-20 10:48:05.345(Timestamp), 2023-03-20 10:48:05.345(Timestamp), 1(Integer), 0(Integer)
10:48:05,346 [Thread-111] DEBUG org.activiti.engine.impl.persistence.entity.JobEntity.selectNextTimerJobsToExecute  - ==&gt; Parameters: 2023-03-20 10:48:05.345(Timestamp), 2023-03-20 10:48:05.345(Timestamp), 1(Integer), 0(Integer)
10:48:05,346 [Thread-106] DEBUG org.activiti.engine.impl.persistence.entity.JobEntity.selectAsyncJobsDueToExecute  - &lt;==      Total: 0
10:48:05,346 [Thread-103] DEBUG org.activiti.engine.impl.db.DbSqlSession  - flush summary: 0 insert, 0 update, 0 delete.
10:48:05,346 [Thread-103] DEBUG org.activiti.engine.impl.db.DbSqlSession  - now executing flush...
10:48:05,346 [main] DEBUG org.activiti.engine.impl.db.DbSqlSession  -   insert VariableInstanceEntity[id=3322, name=var86, type=integer, longValue=86, textValue=86]
10:48:05,346 [main] DEBUG org.activiti.engine.impl.db.DbSqlSession  -   insert VariableInstanceEntity[id=3323, name=var720, type=integer, longValue=720, textValue=720]
10:48:05,346 [main] DEBUG org.activiti.engine.impl.db.DbSqlSession  -   insert VariableInstanceEntity[id=3324, name=var3127, type=integer, longValue=3127, textValue=3127]
10:48:05,347 [main] DEBUG org.activiti.engine.impl.db.DbSqlSession  -   insert VariableInstanceEntity[id=3325, name=var87, type=integer, longValue=87, textValue=87]
10:48:05,346 [Thread-103] DEBUG org.activiti.engine.impl.cfg.standalone.StandaloneMybatisTransactionContext  - firing event committing...
10:48:05,347 [Thread-103] DEBUG org.activiti.engine.impl.cfg.standalone.StandaloneMybatisTransactionContext  - committing the ibatis sql session...
10:48:05,347 [Thread-103] DEBUG org.activiti.engine.impl.cfg.standalone.StandaloneMybatisTransactionContext  - firing event committed...
10:48:05,346 [Thread-106] DEBUG org.activiti.engine.impl.db.DbSqlSession  - flush summary: 0 insert, 0 update, 0 delete.
10:48:05,347 [Thread-106] DEBUG org.activiti.engine.impl.db.DbSqlSession  - now executing flush...
10:48:05,346 [Thread-111] DEBUG org.activiti.engine.impl.persistence.entity.JobEntity.selectNextTimerJobsToExecute  - &lt;==      Total: 0
10:48:05,346 [Thread-112] DEBUG org.activiti.engine.impl.persistence.entity.JobEntity.selectAsyncJobsDueToExecute  - &lt;==      Total: 0
10:48:05,346 [Thread-102] DEBUG org.activiti.engine.impl.persistence.entity.JobEntity.selectNextTimerJobsToExecute  - ==&gt; Parameters: 2023-03-20 10:48:05.345(Timestamp), 2023-03-20 10:48:05.345(Timestamp), 1(Integer), 0(Integer)
10:48:05,347 [Thread-112] DEBUG org.activiti.engine.impl.db.DbSqlSession  - flush summary: 0 insert, 0 update, 0 delete.
10:48:05,347 [Thread-112] DEBUG org.activiti.engine.impl.db.DbSqlSession  - now executing flush...
10:48:05,347 [Thread-112] DEBUG org.activiti.engine.impl.cfg.standalone.StandaloneMybatisTransactionContext  - firing event committing...
10:48:05,347 [Thread-112] DEBUG org.activiti.engine.impl.cfg.standalone.StandaloneMybatisTransactionContext  - committing the ibatis sql session...
10:48:05,347 [Thread-112] DEBUG org.activiti.engine.impl.cfg.standalone.StandaloneMybatisTransactionContext  - firing event committed...
10:48:05,347 [Thread-111] DEBUG org.activiti.engine.impl.db.DbSqlSession  - flush summary: 0 insert, 0 update, 0 delete.
10:48:05,347 [Thread-111] DEBUG org.activiti.engine.impl.db.DbSqlSession  - now executing flush...
10:48:05,347 [Thread-111] DEBUG org.activiti.engine.impl.cfg.standalone.StandaloneMybatisTransactionContext  - firing event committing...
10:48:05,347 [Thread-111] DEBUG org.activiti.engine.impl.cfg.standalone.StandaloneMybatisTransactionContext  - committing the ibatis sql session...
10:48:05,347 [Thread-111] DEBUG org.activiti.engine.impl.cfg.standalone.StandaloneMybatisTransactionContext  - firing event committed...
10:48:05,347 [Thread-111] DEBUG org.apache.ibatis.transaction.jdbc.JdbcTransaction  - Resetting autocommit to true on JDBC Connection [conn70: url=jdbc:h2:mem:activiti-AsyncExecutorTest user=SA]
10:48:05,347 [Thread-106] DEBUG org.activiti.engine.impl.cfg.standalone.StandaloneMybatisTransactionContext  - firing event committing...
10:48:05,347 [Thread-106] DEBUG org.activiti.engine.impl.cfg.standalone.StandaloneMybatisTransactionContext  - committing the ibatis sql session...
10:48:05,347 [Thread-106] DEBUG org.activiti.engine.impl.cfg.standalone.StandaloneMybatisTransactionContext  - firing event committed...
10:48:05,347 [Thread-106] DEBUG org.apache.ibatis.transaction.jdbc.JdbcTransaction  - Resetting autocommit to true on JDBC Connection [conn65: url=jdbc:h2:mem:activiti-AsyncExecutorTest user=SA]
10:48:05,347 [Thread-106] DEBUG org.apache.ibatis.transaction.jdbc.JdbcTransaction  - Closing JDBC Connection [conn65: url=jdbc:h2:mem:activiti-AsyncExecutorTest user=SA]
10:48:05,347 [Thread-103] DEBUG org.apache.ibatis.transaction.jdbc.JdbcTransaction  - Resetting autocommit to true on JDBC Connection [conn59: url=jdbc:h2:mem:activiti-AsyncExecutorTest user=SA]
10:48:05,347 [Thread-103] DEBUG org.apache.ibatis.transaction.jdbc.JdbcTransaction  - Closing JDBC Connection [conn59: url=jdbc:h2:mem:activiti-AsyncExecutorTest user=SA]
10:48:05,348 [Thread-103] DEBUG org.apache.ibatis.datasource.pooled.PooledDataSource  - Returned connection 720039383 to pool.
10:48:05,347 [main] DEBUG org.activiti.engine.impl.db.DbSqlSession  -   insert VariableInstanceEntity[id=3326, name=var3126, type=integer, longValue=3126, textValue=3126]
10:48:05,348 [Thread-103] DEBUG org.activiti.engine.impl.interceptor.LogInterceptor  - --- AcquireAsyncJobsDueCmd finished --------------------------------------------------------
10:48:05,348 [Thread-103] DEBUG org.activiti.engine.impl.interceptor.LogInterceptor  - 

10:48:05,347 [Thread-106] DEBUG org.apache.ibatis.datasource.pooled.PooledDataSource  - Returned connection 996762054 to pool.
10:48:05,347 [Thread-111] DEBUG org.apache.ibatis.transaction.jdbc.JdbcTransaction  - Closing JDBC Connection [conn70: url=jdbc:h2:mem:activiti-AsyncExecutorTest user=SA]
10:48:05,348 [Thread-111] DEBUG org.apache.ibatis.datasource.pooled.PooledDataSource  - Returned connection 604408605 to pool.
10:48:05,347 [Thread-112] DEBUG org.apache.ibatis.transaction.jdbc.JdbcTransaction  - Resetting autocommit to true on JDBC Connection [conn68: url=jdbc:h2:mem:activiti-AsyncExecutorTest user=SA]
10:48:05,348 [Thread-112] DEBUG org.apache.ibatis.transaction.jdbc.JdbcTransaction  - Closing JDBC Connection [conn68: url=jdbc:h2:mem:activiti-AsyncExecutorTest user=SA]
10:48:05,348 [Thread-112] DEBUG org.apache.ibatis.datasource.pooled.PooledDataSource  - Returned connection 58501658 to pool.
10:48:05,348 [Thread-112] DEBUG org.activiti.engine.impl.interceptor.LogInterceptor  - --- AcquireAsyncJobsDueCmd finished --------------------------------------------------------
10:48:05,348 [Thread-112] DEBUG org.activiti.engine.impl.interceptor.LogInterceptor  - 

10:48:05,347 [Thread-102] DEBUG org.activiti.engine.impl.persistence.entity.JobEntity.selectNextTimerJobsToExecute  - &lt;==      Total: 0
10:48:05,348 [Thread-102] DEBUG org.activiti.engine.impl.db.DbSqlSession  - flush summary: 0 insert, 0 update, 0 delete.
10:48:05,348 [Thread-102] DEBUG org.activiti.engine.impl.db.DbSqlSession  - now executing flush...
10:48:05,348 [Thread-102] DEBUG org.activiti.engine.impl.cfg.standalone.StandaloneMybatisTransactionContext  - firing event committing...
10:48:05,348 [Thread-102] DEBUG org.activiti.engine.impl.cfg.standalone.StandaloneMybatisTransactionContext  - committing the ibatis sql session...
10:48:05,348 [Thread-102] DEBUG org.activiti.engine.impl.cfg.standalone.StandaloneMybatisTransactionContext  - firing event committed...
10:48:05,348 [Thread-112] DEBUG org.activiti.engine.impl.asyncexecutor.AcquireAsyncJobsDueRunnable  - async job acquisition thread sleeping for 50 millis
10:48:05,348 [Thread-111] DEBUG org.activiti.engine.impl.interceptor.LogInterceptor  - --- AcquireTimerJobsCmd finished --------------------------------------------------------
10:48:05,348 [Thread-111] DEBUG org.activiti.engine.impl.interceptor.LogInterceptor  - 

10:48:05,348 [Thread-106] DEBUG org.activiti.engine.impl.interceptor.LogInterceptor  - --- AcquireAsyncJobsDueCmd finished --------------------------------------------------------
10:48:05,348 [Thread-106] DEBUG org.activiti.engine.impl.interceptor.LogInterceptor  - 

10:48:05,348 [Thread-103] DEBUG org.activiti.engine.impl.asyncexecutor.AcquireAsyncJobsDueRunnable  - async job acquisition thread sleeping for 50 millis
10:48:05,348 [main] DEBUG org.activiti.engine.impl.db.DbSqlSession  -   insert VariableInstanceEntity[id=3327, name=var88, type=integer, longValue=88, textValue=88]
10:48:05,348 [Thread-106] DEBUG org.activiti.engine.impl.asyncexecutor.AcquireAsyncJobsDueRunnable  - async job acquisition thread sleeping for 50 millis
10:48:05,348 [Thread-111] DEBUG org.activiti.engine.impl.asyncexecutor.AcquireTimerJobsRunnable  - timer job acquisition thread sleeping for 50 millis
10:48:05,348 [Thread-102] DEBUG org.apache.ibatis.transaction.jdbc.JdbcTransaction  - Resetting autocommit to true on JDBC Connection [conn60: url=jdbc:h2:mem:activiti-AsyncExecutorTest user=SA]
10:48:05,349 [main] DEBUG org.activiti.engine.impl.db.DbSqlSession  -   insert VariableInstanceEntity[id=3328, name=var3125, type=integer, longValue=3125, textValue=3125]
10:48:05,349 [main] DEBUG org.activiti.engine.impl.db.DbSqlSession  -   insert VariableInstanceEntity[id=3329, name=var81, type=integer, longValue=81, textValue=81]
10:48:05,349 [main] DEBUG org.activiti.engine.impl.db.DbSqlSession  -   insert VariableInstanceEntity[id=3330, name=var82, type=integer, longValue=82, textValue=82]
10:48:05,349 [main] DEBUG org.activiti.engine.impl.db.DbSqlSession  -   insert VariableInstanceEntity[id=3331, name=var83, type=integer, longValue=83, textValue=83]
10:48:05,349 [main] DEBUG org.activiti.engine.impl.db.DbSqlSession  -   insert VariableInstanceEntity[id=3332, name=var84, type=integer, longValue=84, textValue=84]
10:48:05,349 [main] DEBUG org.activiti.engine.impl.db.DbSqlSession  -   insert VariableInstanceEntity[id=3333, name=var3129, type=integer, longValue=3129, textValue=3129]
10:48:05,349 [main] DEBUG org.activiti.engine.impl.db.DbSqlSession  -   insert VariableInstanceEntity[id=3334, name=var729, type=integer, longValue=729, textValue=729]
10:48:05,349 [main] DEBUG org.activiti.engine.impl.db.DbSqlSession  -   insert VariableInstanceEntity[id=3335, name=var728, type=integer, longValue=728, textValue=728]
10:48:05,349 [main] DEBUG org.activiti.engine.impl.db.DbSqlSession  -   insert VariableInstanceEntity[id=3336, name=var90, type=integer, longValue=90, textValue=90]
10:48:05,349 [main] DEBUG org.activiti.engine.impl.db.DbSqlSession  -   insert VariableInstanceEntity[id=3337, name=var727, type=integer, longValue=727, textValue=727]
10:48:05,349 [main] DEBUG org.activiti.engine.impl.db.DbSqlSession  -   insert VariableInstanceEntity[id=3338, name=var91, type=integer, longValue=91, textValue=91]
10:48:05,349 [main] DEBUG org.activiti.engine.impl.db.DbSqlSession  -   insert VariableInstanceEntity[id=3339, name=var726, type=integer, longValue=726, textValue=726]
10:48:05,349 [main] DEBUG org.activiti.engine.impl.db.DbSqlSession  -   insert VariableInstanceEntity[id=3340, name=var725, type=integer, longValue=725, textValue=725]
10:48:05,349 [main] DEBUG org.activiti.engine.impl.db.DbSqlSession  -   insert VariableInstanceEntity[id=3341, name=var724, type=integer, longValue=724, textValue=724]
10:48:05,349 [main] DEBUG org.activiti.engine.impl.db.DbSqlSession  -   insert VariableInstanceEntity[id=3342, name=var723, type=integer, longValue=723, textValue=723]
10:48:05,349 [main] DEBUG org.activiti.engine.impl.db.DbSqlSession  -   insert VariableInstanceEntity[id=3343, name=var722, type=integer, longValue=722, textValue=722]
10:48:05,349 [main] DEBUG org.activiti.engine.impl.db.DbSqlSession  -   insert VariableInstanceEntity[id=3344, name=var3131, type=integer, longValue=3131, textValue=3131]
10:48:05,349 [main] DEBUG org.activiti.engine.impl.db.DbSqlSession  -   insert VariableInstanceEntity[id=3345, name=var3130, type=integer, longValue=3130, textValue=3130]
10:48:05,349 [main] DEBUG org.activiti.engine.impl.db.DbSqlSession  -   insert VariableInstanceEntity[id=3346, name=var78, type=integer, longValue=78, textValue=78]
10:48:05,349 [main] DEBUG org.activiti.engine.impl.db.DbSqlSession  -   insert VariableInstanceEntity[id=3347, name=var3135, type=integer, longValue=3135, textValue=3135]
10:48:05,349 [main] DEBUG org.activiti.engine.impl.db.DbSqlSession  -   insert VariableInstanceEntity[id=3348, name=var79, type=integer, longValue=79, textValue=79]
10:48:05,349 [main] DEBUG org.activiti.engine.impl.db.DbSqlSession  -   insert VariableInstanceEntity[id=3349, name=var3134, type=integer, longValue=3134, textValue=3134]
10:48:05,349 [main] DEBUG org.activiti.engine.impl.db.DbSqlSession  -   insert VariableInstanceEntity[id=3350, name=var3133, type=integer, longValue=3133, textValue=3133]
10:48:05,349 [main] DEBUG org.activiti.engine.impl.db.DbSqlSession  -   insert VariableInstanceEntity[id=3351, name=var3132, type=integer, longValue=3132, textValue=3132]
10:48:05,349 [main] DEBUG org.activiti.engine.impl.db.DbSqlSession  -   insert VariableInstanceEntity[id=3352, name=var74, type=integer, longValue=74, textValue=74]
10:48:05,349 [main] DEBUG org.activiti.engine.impl.db.DbSqlSession  -   insert VariableInstanceEntity[id=3353, name=var710, type=integer, longValue=710, textValue=710]
10:48:05,349 [main] DEBUG org.activiti.engine.impl.db.DbSqlSession  -   insert VariableInstanceEntity[id=3354, name=var3139, type=integer, longValue=3139, textValue=3139]
10:48:05,349 [main] DEBUG org.activiti.engine.impl.db.DbSqlSession  -   insert VariableInstanceEntity[id=3355, name=var75, type=integer, longValue=75, textValue=75]
10:48:05,349 [main] DEBUG org.activiti.engine.impl.db.DbSqlSession  -   insert VariableInstanceEntity[id=3356, name=var3138, type=integer, longValue=3138, textValue=3138]
10:48:05,349 [main] DEBUG org.activiti.engine.impl.db.DbSqlSession  -   insert VariableInstanceEntity[id=3357, name=var76, type=integer, longValue=76, textValue=76]
10:48:05,349 [main] DEBUG org.activiti.engine.impl.db.DbSqlSession  -   insert VariableInstanceEntity[id=3358, name=var3137, type=integer, longValue=3137, textValue=3137]
10:48:05,349 [main] DEBUG org.activiti.engine.impl.db.DbSqlSession  -   insert VariableInstanceEntity[id=3359, name=var77, type=integer, longValue=77, textValue=77]
10:48:05,349 [main] DEBUG org.activiti.engine.impl.db.DbSqlSession  -   insert VariableInstanceEntity[id=3360, name=var3136, type=integer, longValue=3136, textValue=3136]
10:48:05,349 [main] DEBUG org.activiti.engine.impl.db.DbSqlSession  -   insert VariableInstanceEntity[id=3361, name=var70, type=integer, longValue=70, textValue=70]
10:48:05,349 [main] DEBUG org.activiti.engine.impl.db.DbSqlSession  -   insert VariableInstanceEntity[id=3362, name=var71, type=integer, longValue=71, textValue=71]
10:48:05,350 [main] DEBUG org.activiti.engine.impl.db.DbSqlSession  -   insert VariableInstanceEntity[id=3363, name=var72, type=integer, longValue=72, textValue=72]
10:48:05,350 [main] DEBUG org.activiti.engine.impl.db.DbSqlSession  -   insert VariableInstanceEntity[id=3364, name=var73, type=integer, longValue=73, textValue=73]
10:48:05,350 [main] DEBUG org.activiti.engine.impl.db.DbSqlSession  -   insert VariableInstanceEntity[id=3365, name=var718, type=integer, longValue=718, textValue=718]
10:48:05,350 [main] DEBUG org.activiti.engine.impl.db.DbSqlSession  -   insert VariableInstanceEntity[id=3366, name=var717, type=integer, longValue=717, textValue=717]
10:48:05,350 [main] DEBUG org.activiti.engine.impl.db.DbSqlSession  -   insert VariableInstanceEntity[id=3367, name=var716, type=integer, longValue=716, textValue=716]
10:48:05,350 [main] DEBUG org.activiti.engine.impl.db.DbSqlSession  -   insert VariableInstanceEntity[id=3368, name=var80, type=integer, longValue=80, textValue=80]
10:48:05,350 [main] DEBUG org.activiti.engine.impl.db.DbSqlSession  -   insert VariableInstanceEntity[id=3369, name=var715, type=integer, longValue=715, textValue=715]
10:48:05,350 [main] DEBUG org.activiti.engine.impl.db.DbSqlSession  -   insert VariableInstanceEntity[id=3370, name=var714, type=integer, longValue=714, textValue=714]
10:48:05,350 [main] DEBUG org.activiti.engine.impl.db.DbSqlSession  -   insert VariableInstanceEntity[id=3371, name=var713, type=integer, longValue=713, textValue=713]
10:48:05,350 [main] DEBUG org.activiti.engine.impl.db.DbSqlSession  -   insert VariableInstanceEntity[id=3372, name=var712, type=integer, longValue=712, textValue=712]
10:48:05,350 [main] DEBUG org.activiti.engine.impl.db.DbSqlSession  -   insert VariableInstanceEntity[id=3373, name=var711, type=integer, longValue=711, textValue=711]
10:48:05,350 [main] DEBUG org.activiti.engine.impl.db.DbSqlSession  -   insert VariableInstanceEntity[id=3374, name=var719, type=integer, longValue=719, textValue=719]
10:48:05,350 [main] DEBUG org.activiti.engine.impl.db.DbSqlSession  -   insert VariableInstanceEntity[id=3375, name=var3142, type=integer, longValue=3142, textValue=3142]
10:48:05,350 [main] DEBUG org.activiti.engine.impl.db.DbSqlSession  -   insert VariableInstanceEntity[id=3376, name=var3141, type=integer, longValue=3141, textValue=3141]
10:48:05,350 [main] DEBUG org.activiti.engine.impl.db.DbSqlSession  -   insert VariableInstanceEntity[id=3377, name=var3140, type=integer, longValue=3140, textValue=3140]
10:48:05,350 [main] DEBUG org.activiti.engine.impl.db.DbSqlSession  -   insert VariableInstanceEntity[id=3378, name=var3146, type=integer, longValue=3146, textValue=3146]
10:48:05,350 [main] DEBUG org.activiti.engine.impl.db.DbSqlSession  -   insert VariableInstanceEntity[id=3379, name=var3145, type=integer, longValue=3145, textValue=3145]
10:48:05,350 [main] DEBUG org.activiti.engine.impl.db.DbSqlSession  -   insert VariableInstanceEntity[id=3380, name=var3144, type=integer, longValue=3144, textValue=3144]
10:48:05,350 [main] DEBUG org.activiti.engine.impl.db.DbSqlSession  -   insert VariableInstanceEntity[id=3381, name=var3143, type=integer, longValue=3143, textValue=3143]
10:48:05,350 [main] DEBUG org.activiti.engine.impl.db.DbSqlSession  -   insert VariableInstanceEntity[id=3382, name=var3149, type=integer, longValue=3149, textValue=3149]
10:48:05,350 [main] DEBUG org.activiti.engine.impl.db.DbSqlSession  -   insert VariableInstanceEntity[id=3383, name=var3148, type=integer, longValue=3148, textValue=3148]
10:48:05,350 [main] DEBUG org.activiti.engine.impl.db.DbSqlSession  -   insert VariableInstanceEntity[id=3384, name=var3147, type=integer, longValue=3147, textValue=3147]
10:48:05,350 [main] DEBUG org.activiti.engine.impl.db.DbSqlSession  -   insert VariableInstanceEntity[id=3385, name=var3153, type=integer, longValue=3153, textValue=3153]
10:48:05,350 [main] DEBUG org.activiti.engine.impl.db.DbSqlSession  -   insert VariableInstanceEntity[id=3386, name=var3152, type=integer, longValue=3152, textValue=3152]
10:48:05,350 [main] DEBUG org.activiti.engine.impl.db.DbSqlSession  -   insert VariableInstanceEntity[id=3387, name=var3151, type=integer, longValue=3151, textValue=3151]
10:48:05,350 [main] DEBUG org.activiti.engine.impl.db.DbSqlSession  -   insert VariableInstanceEntity[id=3388, name=var3150, type=integer, longValue=3150, textValue=3150]
10:48:05,350 [main] DEBUG org.activiti.engine.impl.db.DbSqlSession  -   insert VariableInstanceEntity[id=3389, name=var3157, type=integer, longValue=3157, textValue=3157]
10:48:05,350 [main] DEBUG org.activiti.engine.impl.db.DbSqlSession  -   insert VariableInstanceEntity[id=3390, name=var3156, type=integer, longValue=3156, textValue=3156]
10:48:05,350 [main] DEBUG org.activiti.engine.impl.db.DbSqlSession  -   insert VariableInstanceEntity[id=3391, name=var3155, type=integer, longValue=3155, textValue=3155]
10:48:05,350 [main] DEBUG org.activiti.engine.impl.db.DbSqlSession  -   insert VariableInstanceEntity[id=3392, name=var3154, type=integer, longValue=3154, textValue=3154]
10:48:05,350 [main] DEBUG org.activiti.engine.impl.db.DbSqlSession  -   insert VariableInstanceEntity[id=3393, name=var3159, type=integer, longValue=3159, textValue=3159]
10:48:05,350 [main] DEBUG org.activiti.engine.impl.db.DbSqlSession  -   insert VariableInstanceEntity[id=3394, name=var3158, type=integer, longValue=3158, textValue=3158]
10:48:05,350 [main] DEBUG org.activiti.engine.impl.db.DbSqlSession  -   insert VariableInstanceEntity[id=3395, name=var3160, type=integer, longValue=3160, textValue=3160]
10:48:05,350 [main] DEBUG org.activiti.engine.impl.db.DbSqlSession  -   insert VariableInstanceEntity[id=3396, name=var3164, type=integer, longValue=3164, textValue=3164]
10:48:05,350 [main] DEBUG org.activiti.engine.impl.db.DbSqlSession  -   insert VariableInstanceEntity[id=3397, name=var3163, type=integer, longValue=3163, textValue=3163]
10:48:05,350 [main] DEBUG org.activiti.engine.impl.db.DbSqlSession  -   insert VariableInstanceEntity[id=3398, name=var3162, type=integer, longValue=3162, textValue=3162]
10:48:05,350 [main] DEBUG org.activiti.engine.impl.db.DbSqlSession  -   insert VariableInstanceEntity[id=3399, name=var3161, type=integer, longValue=3161, textValue=3161]
10:48:05,350 [main] DEBUG org.activiti.engine.impl.db.DbSqlSession  -   insert VariableInstanceEntity[id=3400, name=var3168, type=integer, longValue=3168, textValue=3168]
10:48:05,350 [main] DEBUG org.activiti.engine.impl.db.DbSqlSession  -   insert VariableInstanceEntity[id=3401, name=var3167, type=integer, longValue=3167, textValue=3167]
10:48:05,350 [main] DEBUG org.activiti.engine.impl.db.DbSqlSession  -   insert VariableInstanceEntity[id=3402, name=var3166, type=integer, longValue=3166, textValue=3166]
10:48:05,351 [main] DEBUG org.activiti.engine.impl.db.DbSqlSession  -   insert VariableInstanceEntity[id=3403, name=var3165, type=integer, longValue=3165, textValue=3165]
10:48:05,349 [Thread-102] DEBUG org.apache.ibatis.transaction.jdbc.JdbcTransaction  - Closing JDBC Connection [conn60: url=jdbc:h2:mem:activiti-AsyncExecutorTest user=SA]
10:48:05,351 [main] DEBUG org.activiti.engine.impl.db.DbSqlSession  -   insert VariableInstanceEntity[id=3404, name=var3169, type=integer, longValue=3169, textValue=3169]
10:48:05,351 [main] DEBUG org.activiti.engine.impl.db.DbSqlSession  -   insert VariableInstanceEntity[id=3405, name=var3171, type=integer, longValue=3171, textValue=3171]
10:48:05,351 [main] DEBUG org.activiti.engine.impl.db.DbSqlSession  -   insert VariableInstanceEntity[id=3406, name=var3170, type=integer, longValue=3170, textValue=3170]
10:48:05,351 [main] DEBUG org.activiti.engine.impl.db.DbSqlSession  -   insert VariableInstanceEntity[id=3407, name=var3175, type=integer, longValue=3175, textValue=3175]
10:48:05,351 [main] DEBUG org.activiti.engine.impl.db.DbSqlSession  -   insert VariableInstanceEntity[id=3408, name=var3174, type=integer, longValue=3174, textValue=3174]
10:48:05,351 [main] DEBUG org.activiti.engine.impl.db.DbSqlSession  -   insert VariableInstanceEntity[id=3409, name=var3173, type=integer, longValue=3173, textValue=3173]
10:48:05,351 [main] DEBUG org.activiti.engine.impl.db.DbSqlSession  -   insert VariableInstanceEntity[id=3410, name=var3172, type=integer, longValue=3172, textValue=3172]
10:48:05,351 [main] DEBUG org.activiti.engine.impl.db.DbSqlSession  -   insert VariableInstanceEntity[id=3411, name=var3179, type=integer, longValue=3179, textValue=3179]
10:48:05,351 [main] DEBUG org.activiti.engine.impl.db.DbSqlSession  -   insert VariableInstanceEntity[id=3412, name=var3178, type=integer, longValue=3178, textValue=3178]
10:48:05,351 [main] DEBUG org.activiti.engine.impl.db.DbSqlSession  -   insert VariableInstanceEntity[id=3413, name=var3177, type=integer, longValue=3177, textValue=3177]
10:48:05,351 [main] DEBUG org.activiti.engine.impl.db.DbSqlSession  -   insert VariableInstanceEntity[id=3414, name=var3176, type=integer, longValue=3176, textValue=3176]
10:48:05,351 [main] DEBUG org.activiti.engine.impl.db.DbSqlSession  -   insert VariableInstanceEntity[id=3415, name=var3182, type=integer, longValue=3182, textValue=3182]
10:48:05,351 [main] DEBUG org.activiti.engine.impl.db.DbSqlSession  -   insert VariableInstanceEntity[id=3416, name=var3181, type=integer, longValue=3181, textValue=3181]
10:48:05,351 [main] DEBUG org.activiti.engine.impl.db.DbSqlSession  -   insert VariableInstanceEntity[id=3417, name=var3180, type=integer, longValue=3180, textValue=3180]
10:48:05,351 [main] DEBUG org.activiti.engine.impl.db.DbSqlSession  -   insert VariableInstanceEntity[id=3418, name=var3186, type=integer, longValue=3186, textValue=3186]
10:48:05,351 [main] DEBUG org.activiti.engine.impl.db.DbSqlSession  -   insert VariableInstanceEntity[id=3419, name=var3185, type=integer, longValue=3185, textValue=3185]
10:48:05,351 [main] DEBUG org.activiti.engine.impl.db.DbSqlSession  -   insert VariableInstanceEntity[id=3420, name=var3184, type=integer, longValue=3184, textValue=3184]
10:48:05,351 [main] DEBUG org.activiti.engine.impl.db.DbSqlSession  -   insert VariableInstanceEntity[id=3421, name=var3183, type=integer, longValue=3183, textValue=3183]
10:48:05,351 [main] DEBUG org.activiti.engine.impl.db.DbSqlSession  -   insert VariableInstanceEntity[id=3422, name=var3189, type=integer, longValue=3189, textValue=3189]
10:48:05,351 [main] DEBUG org.activiti.engine.impl.db.DbSqlSession  -   insert VariableInstanceEntity[id=3423, name=var3188, type=integer, longValue=3188, textValue=3188]
10:48:05,351 [main] DEBUG org.activiti.engine.impl.db.DbSqlSession  -   insert VariableInstanceEntity[id=3424, name=var3187, type=integer, longValue=3187, textValue=3187]
10:48:05,351 [main] DEBUG org.activiti.engine.impl.db.DbSqlSession  -   insert VariableInstanceEntity[id=3425, name=var3193, type=integer, longValue=3193, textValue=3193]
10:48:05,351 [main] DEBUG org.activiti.engine.impl.db.DbSqlSession  -   insert VariableInstanceEntity[id=3426, name=var3192, type=integer, longValue=3192, textValue=3192]
10:48:05,351 [main] DEBUG org.activiti.engine.impl.db.DbSqlSession  -   insert VariableInstanceEntity[id=3427, name=var3191, type=integer, longValue=3191, textValue=3191]
10:48:05,351 [main] DEBUG org.activiti.engine.impl.db.DbSqlSession  -   insert VariableInstanceEntity[id=3428, name=var3190, type=integer, longValue=3190, textValue=3190]
10:48:05,351 [main] DEBUG org.activiti.engine.impl.db.DbSqlSession  -   insert VariableInstanceEntity[id=3429, name=var3197, type=integer, longValue=3197, textValue=3197]
10:48:05,351 [main] DEBUG org.activiti.engine.impl.db.DbSqlSession  -   insert VariableInstanceEntity[id=3430, name=var3196, type=integer, longValue=3196, textValue=3196]
10:48:05,351 [main] DEBUG org.activiti.engine.impl.db.DbSqlSession  -   insert VariableInstanceEntity[id=3431, name=var3195, type=integer, longValue=3195, textValue=3195]
10:48:05,351 [main] DEBUG org.activiti.engine.impl.db.DbSqlSession  -   insert VariableInstanceEntity[id=3432, name=var3194, type=integer, longValue=3194, textValue=3194]
10:48:05,351 [main] DEBUG org.activiti.engine.impl.db.DbSqlSession  -   insert VariableInstanceEntity[id=3433, name=var3199, type=integer, longValue=3199, textValue=3199]
10:48:05,351 [main] DEBUG org.activiti.engine.impl.db.DbSqlSession  -   insert VariableInstanceEntity[id=3434, name=var3198, type=integer, longValue=3198, textValue=3198]
10:48:05,351 [main] DEBUG org.activiti.engine.impl.db.DbSqlSession  -   insert VariableInstanceEntity[id=3435, name=var790, type=integer, longValue=790, textValue=790]
10:48:05,351 [main] DEBUG org.activiti.engine.impl.db.DbSqlSession  -   insert VariableInstanceEntity[id=3436, name=var798, type=integer, longValue=798, textValue=798]
10:48:05,352 [main] DEBUG org.activiti.engine.impl.db.DbSqlSession  -   insert VariableInstanceEntity[id=3437, name=var797, type=integer, longValue=797, textValue=797]
10:48:05,352 [main] DEBUG org.activiti.engine.impl.db.DbSqlSession  -   insert VariableInstanceEntity[id=3438, name=var796, type=integer, longValue=796, textValue=796]
10:48:05,352 [main] DEBUG org.activiti.engine.impl.db.DbSqlSession  -   insert VariableInstanceEntity[id=3439, name=var795, type=integer, longValue=795, textValue=795]
10:48:05,352 [main] DEBUG org.activiti.engine.impl.db.DbSqlSession  -   insert VariableInstanceEntity[id=3440, name=var794, type=integer, longValue=794, textValue=794]
10:48:05,352 [main] DEBUG org.activiti.engine.impl.db.DbSqlSession  -   insert VariableInstanceEntity[id=3441, name=var793, type=integer, longValue=793, textValue=793]
10:48:05,352 [main] DEBUG org.activiti.engine.impl.db.DbSqlSession  -   insert VariableInstanceEntity[id=3442, name=var792, type=integer, longValue=792, textValue=792]
10:48:05,352 [main] DEBUG org.activiti.engine.impl.db.DbSqlSession  -   insert VariableInstanceEntity[id=3443, name=var791, type=integer, longValue=791, textValue=791]
10:48:05,352 [main] DEBUG org.activiti.engine.impl.db.DbSqlSession  -   insert VariableInstanceEntity[id=3444, name=var799, type=integer, longValue=799, textValue=799]
10:48:05,352 [main] DEBUG org.activiti.engine.impl.db.DbSqlSession  -   insert VariableInstanceEntity[id=3445, name=var3902, type=integer, longValue=3902, textValue=3902]
10:48:05,352 [main] DEBUG org.activiti.engine.impl.db.DbSqlSession  -   insert VariableInstanceEntity[id=3446, name=var3901, type=integer, longValue=3901, textValue=3901]
10:48:05,352 [main] DEBUG org.activiti.engine.impl.db.DbSqlSession  -   insert VariableInstanceEntity[id=3447, name=var3900, type=integer, longValue=3900, textValue=3900]
10:48:05,352 [main] DEBUG org.activiti.engine.impl.db.DbSqlSession  -   insert VariableInstanceEntity[id=3448, name=var3906, type=integer, longValue=3906, textValue=3906]
10:48:05,352 [main] DEBUG org.activiti.engine.impl.db.DbSqlSession  -   insert VariableInstanceEntity[id=3449, name=var3905, type=integer, longValue=3905, textValue=3905]
10:48:05,352 [main] DEBUG org.activiti.engine.impl.db.DbSqlSession  -   insert VariableInstanceEntity[id=3450, name=var3904, type=integer, longValue=3904, textValue=3904]
10:48:05,352 [main] DEBUG org.activiti.engine.impl.db.DbSqlSession  -   insert VariableInstanceEntity[id=3451, name=var3903, type=integer, longValue=3903, textValue=3903]
10:48:05,352 [main] DEBUG org.activiti.engine.impl.db.DbSqlSession  -   insert VariableInstanceEntity[id=3452, name=var3909, type=integer, longValue=3909, textValue=3909]
10:48:05,352 [main] DEBUG org.activiti.engine.impl.db.DbSqlSession  -   insert VariableInstanceEntity[id=3453, name=var3908, type=integer, longValue=3908, textValue=3908]
10:48:05,352 [main] DEBUG org.activiti.engine.impl.db.DbSqlSession  -   insert VariableInstanceEntity[id=3454, name=var3907, type=integer, longValue=3907, textValue=3907]
10:48:05,352 [main] DEBUG org.activiti.engine.impl.db.DbSqlSession  -   insert VariableInstanceEntity[id=3455, name=var3913, type=integer, longValue=3913, textValue=3913]
10:48:05,352 [main] DEBUG org.activiti.engine.impl.db.DbSqlSession  -   insert VariableInstanceEntity[id=3456, name=var3912, type=integer, longValue=3912, textValue=3912]
10:48:05,352 [main] DEBUG org.activiti.engine.impl.db.DbSqlSession  -   insert VariableInstanceEntity[id=3457, name=var3911, type=integer, longValue=3911, textValue=3911]
10:48:05,352 [main] DEBUG org.activiti.engine.impl.db.DbSqlSession  -   insert VariableInstanceEntity[id=3458, name=var3910, type=integer, longValue=3910, textValue=3910]
10:48:05,352 [main] DEBUG org.activiti.engine.impl.db.DbSqlSession  -   insert VariableInstanceEntity[id=3459, name=var3917, type=integer, longValue=3917, textValue=3917]
10:48:05,352 [main] DEBUG org.activiti.engine.impl.db.DbSqlSession  -   insert VariableInstanceEntity[id=3460, name=var3916, type=integer, longValue=3916, textValue=3916]
10:48:05,352 [main] DEBUG org.activiti.engine.impl.db.DbSqlSession  -   insert VariableInstanceEntity[id=3461, name=var3915, type=integer, longValue=3915, textValue=3915]
10:48:05,352 [main] DEBUG org.activiti.engine.impl.db.DbSqlSession  -   insert VariableInstanceEntity[id=3462, name=var3914, type=integer, longValue=3914, textValue=3914]
10:48:05,352 [main] DEBUG org.activiti.engine.impl.db.DbSqlSession  -   insert VariableInstanceEntity[id=3463, name=var3919, type=integer, longValue=3919, textValue=3919]
10:48:05,352 [main] DEBUG org.activiti.engine.impl.db.DbSqlSession  -   insert VariableInstanceEntity[id=3464, name=var3918, type=integer, longValue=3918, textValue=3918]
10:48:05,352 [main] DEBUG org.activiti.engine.impl.db.DbSqlSession  -   insert VariableInstanceEntity[id=3465, name=var3920, type=integer, longValue=3920, textValue=3920]
10:48:05,352 [main] DEBUG org.activiti.engine.impl.db.DbSqlSession  -   insert VariableInstanceEntity[id=3466, name=var3924, type=integer, longValue=3924, textValue=3924]
10:48:05,352 [main] DEBUG org.activiti.engine.impl.db.DbSqlSession  -   insert VariableInstanceEntity[id=3467, name=var3923, type=integer, longValue=3923, textValue=3923]
10:48:05,352 [main] DEBUG org.activiti.engine.impl.db.DbSqlSession  -   insert VariableInstanceEntity[id=3468, name=var3922, type=integer, longValue=3922, textValue=3922]
10:48:05,353 [main] DEBUG org.activiti.engine.impl.db.DbSqlSession  -   insert VariableInstanceEntity[id=3469, name=var3921, type=integer, longValue=3921, textValue=3921]
10:48:05,353 [main] DEBUG org.activiti.engine.impl.db.DbSqlSession  -   insert VariableInstanceEntity[id=3470, name=var3928, type=integer, longValue=3928, textValue=3928]
10:48:05,353 [main] DEBUG org.activiti.engine.impl.db.DbSqlSession  -   insert VariableInstanceEntity[id=3471, name=var3927, type=integer, longValue=3927, textValue=3927]
10:48:05,353 [main] DEBUG org.activiti.engine.impl.db.DbSqlSession  -   insert VariableInstanceEntity[id=3472, name=var3926, type=integer, longValue=3926, textValue=3926]
10:48:05,353 [main] DEBUG org.activiti.engine.impl.db.DbSqlSession  -   insert VariableInstanceEntity[id=3473, name=var3925, type=integer, longValue=3925, textValue=3925]
10:48:05,353 [main] DEBUG org.activiti.engine.impl.db.DbSqlSession  -   insert VariableInstanceEntity[id=3474, name=var3929, type=integer, longValue=3929, textValue=3929]
10:48:05,353 [main] DEBUG org.activiti.engine.impl.db.DbSqlSession  -   insert VariableInstanceEntity[id=3475, name=var2600, type=integer, longValue=2600, textValue=2600]
10:48:05,353 [main] DEBUG org.activiti.engine.impl.db.DbSqlSession  -   insert VariableInstanceEntity[id=3476, name=var3931, type=integer, longValue=3931, textValue=3931]
10:48:05,353 [main] DEBUG org.activiti.engine.impl.db.DbSqlSession  -   insert VariableInstanceEntity[id=3477, name=var3930, type=integer, longValue=3930, textValue=3930]
10:48:05,353 [main] DEBUG org.activiti.engine.impl.db.DbSqlSession  -   insert VariableInstanceEntity[id=3478, name=var2604, type=integer, longValue=2604, textValue=2604]
10:48:05,353 [main] DEBUG org.activiti.engine.impl.db.DbSqlSession  -   insert VariableInstanceEntity[id=3479, name=var3935, type=integer, longValue=3935, textValue=3935]
10:48:05,353 [main] DEBUG org.activiti.engine.impl.db.DbSqlSession  -   insert VariableInstanceEntity[id=3480, name=var2603, type=integer, longValue=2603, textValue=2603]
10:48:05,353 [main] DEBUG org.activiti.engine.impl.db.DbSqlSession  -   insert VariableInstanceEntity[id=3481, name=var3934, type=integer, longValue=3934, textValue=3934]
10:48:05,353 [main] DEBUG org.activiti.engine.impl.db.DbSqlSession  -   insert VariableInstanceEntity[id=3482, name=var2602, type=integer, longValue=2602, textValue=2602]
10:48:05,353 [main] DEBUG org.activiti.engine.impl.db.DbSqlSession  -   insert VariableInstanceEntity[id=3483, name=var3933, type=integer, longValue=3933, textValue=3933]
10:48:05,353 [main] DEBUG org.activiti.engine.impl.db.DbSqlSession  -   insert VariableInstanceEntity[id=3484, name=var2601, type=integer, longValue=2601, textValue=2601]
10:48:05,353 [main] DEBUG org.activiti.engine.impl.db.DbSqlSession  -   insert VariableInstanceEntity[id=3485, name=var3932, type=integer, longValue=3932, textValue=3932]
10:48:05,353 [main] DEBUG org.activiti.engine.impl.db.DbSqlSession  -   insert VariableInstanceEntity[id=3486, name=var2608, type=integer, longValue=2608, textValue=2608]
10:48:05,353 [main] DEBUG org.activiti.engine.impl.db.DbSqlSession  -   insert VariableInstanceEntity[id=3487, name=var3939, type=integer, longValue=3939, textValue=3939]
10:48:05,353 [main] DEBUG org.activiti.engine.impl.db.DbSqlSession  -   insert VariableInstanceEntity[id=3488, name=var2607, type=integer, longValue=2607, textValue=2607]
10:48:05,353 [main] DEBUG org.activiti.engine.impl.db.DbSqlSession  -   insert VariableInstanceEntity[id=3489, name=var3938, type=integer, longValue=3938, textValue=3938]
10:48:05,353 [main] DEBUG org.activiti.engine.impl.db.DbSqlSession  -   insert VariableInstanceEntity[id=3490, name=var2606, type=integer, longValue=2606, textValue=2606]
10:48:05,353 [main] DEBUG org.activiti.engine.impl.db.DbSqlSession  -   insert VariableInstanceEntity[id=3491, name=var3937, type=integer, longValue=3937, textValue=3937]
10:48:05,353 [main] DEBUG org.activiti.engine.impl.db.DbSqlSession  -   insert VariableInstanceEntity[id=3492, name=var2605, type=integer, longValue=2605, textValue=2605]
10:48:05,353 [main] DEBUG org.activiti.engine.impl.db.DbSqlSession  -   insert VariableInstanceEntity[id=3493, name=var3936, type=integer, longValue=3936, textValue=3936]
10:48:05,353 [main] DEBUG org.activiti.engine.impl.db.DbSqlSession  -   insert VariableInstanceEntity[id=3494, name=var2609, type=integer, longValue=2609, textValue=2609]
10:48:05,353 [main] DEBUG org.activiti.engine.impl.db.DbSqlSession  -   insert VariableInstanceEntity[id=3495, name=var2611, type=integer, longValue=2611, textValue=2611]
10:48:05,353 [main] DEBUG org.activiti.engine.impl.db.DbSqlSession  -   insert VariableInstanceEntity[id=3496, name=var3942, type=integer, longValue=3942, textValue=3942]
10:48:05,353 [main] DEBUG org.activiti.engine.impl.db.DbSqlSession  -   insert VariableInstanceEntity[id=3497, name=var2610, type=integer, longValue=2610, textValue=2610]
10:48:05,353 [main] DEBUG org.activiti.engine.impl.db.DbSqlSession  -   insert VariableInstanceEntity[id=3498, name=var3941, type=integer, longValue=3941, textValue=3941]
10:48:05,353 [main] DEBUG org.activiti.engine.impl.db.DbSqlSession  -   insert VariableInstanceEntity[id=3499, name=var3940, type=integer, longValue=3940, textValue=3940]
10:48:05,353 [main] DEBUG org.activiti.engine.impl.db.DbSqlSession  -   insert VariableInstanceEntity[id=3500, name=var2615, type=integer, longValue=2615, textValue=2615]
10:48:05,354 [main] DEBUG org.activiti.engine.impl.db.DbSqlSession  -   insert VariableInstanceEntity[id=3501, name=var3946, type=integer, longValue=3946, textValue=3946]
10:48:05,354 [main] DEBUG org.activiti.engine.impl.db.DbSqlSession  -   insert VariableInstanceEntity[id=3502, name=var2614, type=integer, longValue=2614, textValue=2614]
10:48:05,354 [main] DEBUG org.activiti.engine.impl.db.DbSqlSession  -   insert VariableInstanceEntity[id=3503, name=var3945, type=integer, longValue=3945, textValue=3945]
10:48:05,354 [main] DEBUG org.activiti.engine.impl.db.DbSqlSession  -   insert VariableInstanceEntity[id=3504, name=var2613, type=integer, longValue=2613, textValue=2613]
10:48:05,354 [main] DEBUG org.activiti.engine.impl.db.DbSqlSession  -   insert VariableInstanceEntity[id=3505, name=var3944, type=integer, longValue=3944, textValue=3944]
10:48:05,354 [main] DEBUG org.activiti.engine.impl.db.DbSqlSession  -   insert VariableInstanceEntity[id=3506, name=var2612, type=integer, longValue=2612, textValue=2612]
10:48:05,354 [main] DEBUG org.activiti.engine.impl.db.DbSqlSession  -   insert VariableInstanceEntity[id=3507, name=var3943, type=integer, longValue=3943, textValue=3943]
10:48:05,354 [main] DEBUG org.activiti.engine.impl.db.DbSqlSession  -   insert VariableInstanceEntity[id=3508, name=var707, type=integer, longValue=707, textValue=707]
10:48:05,354 [main] DEBUG org.activiti.engine.impl.db.DbSqlSession  -   insert VariableInstanceEntity[id=3509, name=var2619, type=integer, longValue=2619, textValue=2619]
10:48:05,354 [main] DEBUG org.activiti.engine.impl.db.DbSqlSession  -   insert VariableInstanceEntity[id=3510, name=var706, type=integer, longValue=706, textValue=706]
10:48:05,354 [main] DEBUG org.activiti.engine.impl.db.DbSqlSession  -   insert VariableInstanceEntity[id=3511, name=var2618, type=integer, longValue=2618, textValue=2618]
10:48:05,354 [main] DEBUG org.activiti.engine.impl.db.DbSqlSession  -   insert VariableInstanceEntity[id=3512, name=var3949, type=integer, longValue=3949, textValue=3949]
10:48:05,354 [main] DEBUG org.activiti.engine.impl.db.DbSqlSession  -   insert VariableInstanceEntity[id=3513, name=var705, type=integer, longValue=705, textValue=705]
10:48:05,354 [main] DEBUG org.activiti.engine.impl.db.DbSqlSession  -   insert VariableInstanceEntity[id=3514, name=var2617, type=integer, longValue=2617, textValue=2617]
10:48:05,354 [main] DEBUG org.activiti.engine.impl.db.DbSqlSession  -   insert VariableInstanceEntity[id=3515, name=var3948, type=integer, longValue=3948, textValue=3948]
10:48:05,354 [main] DEBUG org.activiti.engine.impl.db.DbSqlSession  -   insert VariableInstanceEntity[id=3516, name=var704, type=integer, longValue=704, textValue=704]
10:48:05,354 [main] DEBUG org.activiti.engine.impl.db.DbSqlSession  -   insert VariableInstanceEntity[id=3517, name=var2616, type=integer, longValue=2616, textValue=2616]
10:48:05,354 [main] DEBUG org.activiti.engine.impl.db.DbSqlSession  -   insert VariableInstanceEntity[id=3518, name=var3947, type=integer, longValue=3947, textValue=3947]
10:48:05,354 [main] DEBUG org.activiti.engine.impl.db.DbSqlSession  -   insert VariableInstanceEntity[id=3519, name=var703, type=integer, longValue=703, textValue=703]
10:48:05,354 [main] DEBUG org.activiti.engine.impl.db.DbSqlSession  -   insert VariableInstanceEntity[id=3520, name=var702, type=integer, longValue=702, textValue=702]
10:48:05,354 [main] DEBUG org.activiti.engine.impl.db.DbSqlSession  -   insert VariableInstanceEntity[id=3521, name=var701, type=integer, longValue=701, textValue=701]
10:48:05,354 [main] DEBUG org.activiti.engine.impl.db.DbSqlSession  -   insert VariableInstanceEntity[id=3522, name=var700, type=integer, longValue=700, textValue=700]
10:48:05,354 [main] DEBUG org.activiti.engine.impl.db.DbSqlSession  -   insert VariableInstanceEntity[id=3523, name=var709, type=integer, longValue=709, textValue=709]
10:48:05,354 [main] DEBUG org.activiti.engine.impl.db.DbSqlSession  -   insert VariableInstanceEntity[id=3524, name=var708, type=integer, longValue=708, textValue=708]
10:48:05,351 [Thread-102] DEBUG org.apache.ibatis.datasource.pooled.PooledDataSource  - Returned connection 33534803 to pool.
10:48:05,354 [main] DEBUG org.activiti.engine.impl.db.DbSqlSession  -   insert VariableInstanceEntity[id=3525, name=var2622, type=integer, longValue=2622, textValue=2622]
10:48:05,354 [main] DEBUG org.activiti.engine.impl.db.DbSqlSession  -   insert VariableInstanceEntity[id=3526, name=var3953, type=integer, longValue=3953, textValue=3953]
10:48:05,354 [main] DEBUG org.activiti.engine.impl.db.DbSqlSession  -   insert VariableInstanceEntity[id=3527, name=var2621, type=integer, longValue=2621, textValue=2621]
10:48:05,354 [main] DEBUG org.activiti.engine.impl.db.DbSqlSession  -   insert VariableInstanceEntity[id=3528, name=var3952, type=integer, longValue=3952, textValue=3952]
10:48:05,355 [main] DEBUG org.activiti.engine.impl.db.DbSqlSession  -   insert VariableInstanceEntity[id=3529, name=var2620, type=integer, longValue=2620, textValue=2620]
10:48:05,355 [main] DEBUG org.activiti.engine.impl.db.DbSqlSession  -   insert VariableInstanceEntity[id=3530, name=var3951, type=integer, longValue=3951, textValue=3951]
10:48:05,355 [main] DEBUG org.activiti.engine.impl.db.DbSqlSession  -   insert VariableInstanceEntity[id=3531, name=var3950, type=integer, longValue=3950, textValue=3950]
10:48:05,355 [main] DEBUG org.activiti.engine.impl.db.DbSqlSession  -   insert VariableInstanceEntity[id=3532, name=var2626, type=integer, longValue=2626, textValue=2626]
10:48:05,355 [main] DEBUG org.activiti.engine.impl.db.DbSqlSession  -   insert VariableInstanceEntity[id=3533, name=var3957, type=integer, longValue=3957, textValue=3957]
10:48:05,355 [main] DEBUG org.activiti.engine.impl.db.DbSqlSession  -   insert VariableInstanceEntity[id=3534, name=var2625, type=integer, longValue=2625, textValue=2625]
10:48:05,355 [main] DEBUG org.activiti.engine.impl.db.DbSqlSession  -   insert VariableInstanceEntity[id=3535, name=var3956, type=integer, longValue=3956, textValue=3956]
10:48:05,355 [main] DEBUG org.activiti.engine.impl.db.DbSqlSession  -   insert VariableInstanceEntity[id=3536, name=var2624, type=integer, longValue=2624, textValue=2624]
10:48:05,355 [main] DEBUG org.activiti.engine.impl.db.DbSqlSession  -   insert VariableInstanceEntity[id=3537, name=var3955, type=integer, longValue=3955, textValue=3955]
10:48:05,355 [main] DEBUG org.activiti.engine.impl.db.DbSqlSession  -   insert VariableInstanceEntity[id=3538, name=var2623, type=integer, longValue=2623, textValue=2623]
10:48:05,355 [main] DEBUG org.activiti.engine.impl.db.DbSqlSession  -   insert VariableInstanceEntity[id=3539, name=var3954, type=integer, longValue=3954, textValue=3954]
10:48:05,355 [main] DEBUG org.activiti.engine.impl.db.DbSqlSession  -   insert VariableInstanceEntity[id=3540, name=var2629, type=integer, longValue=2629, textValue=2629]
10:48:05,355 [main] DEBUG org.activiti.engine.impl.db.DbSqlSession  -   insert VariableInstanceEntity[id=3541, name=var2628, type=integer, longValue=2628, textValue=2628]
10:48:05,355 [main] DEBUG org.activiti.engine.impl.db.DbSqlSession  -   insert VariableInstanceEntity[id=3542, name=var3959, type=integer, longValue=3959, textValue=3959]
10:48:05,355 [main] DEBUG org.activiti.engine.impl.db.DbSqlSession  -   insert VariableInstanceEntity[id=3543, name=var2627, type=integer, longValue=2627, textValue=2627]
10:48:05,355 [main] DEBUG org.activiti.engine.impl.db.DbSqlSession  -   insert VariableInstanceEntity[id=3544, name=var3958, type=integer, longValue=3958, textValue=3958]
10:48:05,355 [main] DEBUG org.activiti.engine.impl.db.DbSqlSession  -   insert VariableInstanceEntity[id=3545, name=var3960, type=integer, longValue=3960, textValue=3960]
10:48:05,355 [main] DEBUG org.activiti.engine.impl.db.DbSqlSession  -   insert VariableInstanceEntity[id=3546, name=var1301, type=integer, longValue=1301, textValue=1301]
10:48:05,355 [main] DEBUG org.activiti.engine.impl.db.DbSqlSession  -   insert VariableInstanceEntity[id=3547, name=var2633, type=integer, longValue=2633, textValue=2633]
10:48:05,355 [main] DEBUG org.activiti.engine.impl.db.DbSqlSession  -   insert VariableInstanceEntity[id=3548, name=var3964, type=integer, longValue=3964, textValue=3964]
10:48:05,355 [main] DEBUG org.activiti.engine.impl.db.DbSqlSession  -   insert VariableInstanceEntity[id=3549, name=var1302, type=integer, longValue=1302, textValue=1302]
10:48:05,355 [main] DEBUG org.activiti.engine.impl.db.DbSqlSession  -   insert VariableInstanceEntity[id=3550, name=var2632, type=integer, longValue=2632, textValue=2632]
10:48:05,355 [main] DEBUG org.activiti.engine.impl.db.DbSqlSession  -   insert VariableInstanceEntity[id=3551, name=var3963, type=integer, longValue=3963, textValue=3963]
10:48:05,355 [main] DEBUG org.activiti.engine.impl.db.DbSqlSession  -   insert VariableInstanceEntity[id=3552, name=var2631, type=integer, longValue=2631, textValue=2631]
10:48:05,355 [main] DEBUG org.activiti.engine.impl.db.DbSqlSession  -   insert VariableInstanceEntity[id=3553, name=var3962, type=integer, longValue=3962, textValue=3962]
10:48:05,355 [main] DEBUG org.activiti.engine.impl.db.DbSqlSession  -   insert VariableInstanceEntity[id=3554, name=var1300, type=integer, longValue=1300, textValue=1300]
10:48:05,355 [main] DEBUG org.activiti.engine.impl.db.DbSqlSession  -   insert VariableInstanceEntity[id=3555, name=var2630, type=integer, longValue=2630, textValue=2630]
10:48:05,355 [main] DEBUG org.activiti.engine.impl.db.DbSqlSession  -   insert VariableInstanceEntity[id=3556, name=var3961, type=integer, longValue=3961, textValue=3961]
10:48:05,355 [main] DEBUG org.activiti.engine.impl.db.DbSqlSession  -   insert VariableInstanceEntity[id=3557, name=var1305, type=integer, longValue=1305, textValue=1305]
10:48:05,355 [main] DEBUG org.activiti.engine.impl.db.DbSqlSession  -   insert VariableInstanceEntity[id=3558, name=var2637, type=integer, longValue=2637, textValue=2637]
10:48:05,355 [main] DEBUG org.activiti.engine.impl.db.DbSqlSession  -   insert VariableInstanceEntity[id=3559, name=var3968, type=integer, longValue=3968, textValue=3968]
10:48:05,355 [main] DEBUG org.activiti.engine.impl.db.DbSqlSession  -   insert VariableInstanceEntity[id=3560, name=var1306, type=integer, longValue=1306, textValue=1306]
10:48:05,356 [main] DEBUG org.activiti.engine.impl.db.DbSqlSession  -   insert VariableInstanceEntity[id=3561, name=var2636, type=integer, longValue=2636, textValue=2636]
10:48:05,356 [main] DEBUG org.activiti.engine.impl.db.DbSqlSession  -   insert VariableInstanceEntity[id=3562, name=var3967, type=integer, longValue=3967, textValue=3967]
10:48:05,356 [main] DEBUG org.activiti.engine.impl.db.DbSqlSession  -   insert VariableInstanceEntity[id=3563, name=var1303, type=integer, longValue=1303, textValue=1303]
10:48:05,356 [main] DEBUG org.activiti.engine.impl.db.DbSqlSession  -   insert VariableInstanceEntity[id=3564, name=var2635, type=integer, longValue=2635, textValue=2635]
10:48:05,356 [main] DEBUG org.activiti.engine.impl.db.DbSqlSession  -   insert VariableInstanceEntity[id=3565, name=var3966, type=integer, longValue=3966, textValue=3966]
10:48:05,356 [main] DEBUG org.activiti.engine.impl.db.DbSqlSession  -   insert VariableInstanceEntity[id=3566, name=var1304, type=integer, longValue=1304, textValue=1304]
10:48:05,356 [main] DEBUG org.activiti.engine.impl.db.DbSqlSession  -   insert VariableInstanceEntity[id=3567, name=var2634, type=integer, longValue=2634, textValue=2634]
10:48:05,356 [main] DEBUG org.activiti.engine.impl.db.DbSqlSession  -   insert VariableInstanceEntity[id=3568, name=var3965, type=integer, longValue=3965, textValue=3965]
10:48:05,356 [main] DEBUG org.activiti.engine.impl.db.DbSqlSession  -   insert VariableInstanceEntity[id=3569, name=var1309, type=integer, longValue=1309, textValue=1309]
10:48:05,356 [main] DEBUG org.activiti.engine.impl.db.DbSqlSession  -   insert VariableInstanceEntity[id=3570, name=var1307, type=integer, longValue=1307, textValue=1307]
10:48:05,356 [main] DEBUG org.activiti.engine.impl.db.DbSqlSession  -   insert VariableInstanceEntity[id=3571, name=var2639, type=integer, longValue=2639, textValue=2639]
10:48:05,356 [main] DEBUG org.activiti.engine.impl.db.DbSqlSession  -   insert VariableInstanceEntity[id=3572, name=var1308, type=integer, longValue=1308, textValue=1308]
10:48:05,356 [main] DEBUG org.activiti.engine.impl.db.DbSqlSession  -   insert VariableInstanceEntity[id=3573, name=var2638, type=integer, longValue=2638, textValue=2638]
10:48:05,356 [main] DEBUG org.activiti.engine.impl.db.DbSqlSession  -   insert VariableInstanceEntity[id=3574, name=var3969, type=integer, longValue=3969, textValue=3969]
10:48:05,356 [main] DEBUG org.activiti.engine.impl.db.DbSqlSession  -   insert VariableInstanceEntity[id=3575, name=var2640, type=integer, longValue=2640, textValue=2640]
10:48:05,356 [main] DEBUG org.activiti.engine.impl.db.DbSqlSession  -   insert VariableInstanceEntity[id=3576, name=var3971, type=integer, longValue=3971, textValue=3971]
10:48:05,356 [main] DEBUG org.activiti.engine.impl.db.DbSqlSession  -   insert VariableInstanceEntity[id=3577, name=var3970, type=integer, longValue=3970, textValue=3970]
10:48:05,356 [main] DEBUG org.activiti.engine.impl.db.DbSqlSession  -   insert VariableInstanceEntity[id=3578, name=var1312, type=integer, longValue=1312, textValue=1312]
10:48:05,356 [main] DEBUG org.activiti.engine.impl.db.DbSqlSession  -   insert VariableInstanceEntity[id=3579, name=var2644, type=integer, longValue=2644, textValue=2644]
10:48:05,356 [main] DEBUG org.activiti.engine.impl.db.DbSqlSession  -   insert VariableInstanceEntity[id=3580, name=var3975, type=integer, longValue=3975, textValue=3975]
10:48:05,356 [main] DEBUG org.activiti.engine.impl.db.DbSqlSession  -   insert VariableInstanceEntity[id=3581, name=var1313, type=integer, longValue=1313, textValue=1313]
10:48:05,356 [main] DEBUG org.activiti.engine.impl.db.DbSqlSession  -   insert VariableInstanceEntity[id=3582, name=var2643, type=integer, longValue=2643, textValue=2643]
10:48:05,356 [main] DEBUG org.activiti.engine.impl.db.DbSqlSession  -   insert VariableInstanceEntity[id=3583, name=var3974, type=integer, longValue=3974, textValue=3974]
10:48:05,356 [main] DEBUG org.activiti.engine.impl.db.DbSqlSession  -   insert VariableInstanceEntity[id=3584, name=var1310, type=integer, longValue=1310, textValue=1310]
10:48:05,356 [main] DEBUG org.activiti.engine.impl.db.DbSqlSession  -   insert VariableInstanceEntity[id=3585, name=var2642, type=integer, longValue=2642, textValue=2642]
10:48:05,356 [main] DEBUG org.activiti.engine.impl.db.DbSqlSession  -   insert VariableInstanceEntity[id=3586, name=var3973, type=integer, longValue=3973, textValue=3973]
10:48:05,356 [main] DEBUG org.activiti.engine.impl.db.DbSqlSession  -   insert VariableInstanceEntity[id=3587, name=var1311, type=integer, longValue=1311, textValue=1311]
10:48:05,356 [main] DEBUG org.activiti.engine.impl.db.DbSqlSession  -   insert VariableInstanceEntity[id=3588, name=var2641, type=integer, longValue=2641, textValue=2641]
10:48:05,356 [main] DEBUG org.activiti.engine.impl.db.DbSqlSession  -   insert VariableInstanceEntity[id=3589, name=var3972, type=integer, longValue=3972, textValue=3972]
10:48:05,356 [main] DEBUG org.activiti.engine.impl.db.DbSqlSession  -   insert VariableInstanceEntity[id=3590, name=var1316, type=integer, longValue=1316, textValue=1316]
10:48:05,356 [main] DEBUG org.activiti.engine.impl.db.DbSqlSession  -   insert VariableInstanceEntity[id=3591, name=var2648, type=integer, longValue=2648, textValue=2648]
10:48:05,357 [main] DEBUG org.activiti.engine.impl.db.DbSqlSession  -   insert VariableInstanceEntity[id=3592, name=var3979, type=integer, longValue=3979, textValue=3979]
10:48:05,357 [main] DEBUG org.activiti.engine.impl.db.DbSqlSession  -   insert VariableInstanceEntity[id=3593, name=var1317, type=integer, longValue=1317, textValue=1317]
10:48:05,357 [main] DEBUG org.activiti.engine.impl.db.DbSqlSession  -   insert VariableInstanceEntity[id=3594, name=var2647, type=integer, longValue=2647, textValue=2647]
10:48:05,357 [main] DEBUG org.activiti.engine.impl.db.DbSqlSession  -   insert VariableInstanceEntity[id=3595, name=var3978, type=integer, longValue=3978, textValue=3978]
10:48:05,357 [main] DEBUG org.activiti.engine.impl.db.DbSqlSession  -   insert VariableInstanceEntity[id=3596, name=var1314, type=integer, longValue=1314, textValue=1314]
10:48:05,357 [main] DEBUG org.activiti.engine.impl.db.DbSqlSession  -   insert VariableInstanceEntity[id=3597, name=var2646, type=integer, longValue=2646, textValue=2646]
10:48:05,357 [main] DEBUG org.activiti.engine.impl.db.DbSqlSession  -   insert VariableInstanceEntity[id=3598, name=var3977, type=integer, longValue=3977, textValue=3977]
10:48:05,357 [main] DEBUG org.activiti.engine.impl.db.DbSqlSession  -   insert VariableInstanceEntity[id=3599, name=var1315, type=integer, longValue=1315, textValue=1315]
10:48:05,357 [main] DEBUG org.activiti.engine.impl.db.DbSqlSession  -   insert VariableInstanceEntity[id=3600, name=var2645, type=integer, longValue=2645, textValue=2645]
10:48:05,354 [Thread-102] DEBUG org.activiti.engine.impl.interceptor.LogInterceptor  - --- AcquireTimerJobsCmd finished --------------------------------------------------------
10:48:05,357 [Thread-102] DEBUG org.activiti.engine.impl.interceptor.LogInterceptor  - 

10:48:05,357 [main] DEBUG org.activiti.engine.impl.db.DbSqlSession  -   insert VariableInstanceEntity[id=3601, name=var3976, type=integer, longValue=3976, textValue=3976]
10:48:05,357 [main] DEBUG org.activiti.engine.impl.db.DbSqlSession  -   insert VariableInstanceEntity[id=3602, name=var1318, type=integer, longValue=1318, textValue=1318]
10:48:05,357 [main] DEBUG org.activiti.engine.impl.db.DbSqlSession  -   insert VariableInstanceEntity[id=3603, name=var1319, type=integer, longValue=1319, textValue=1319]
10:48:05,357 [main] DEBUG org.activiti.engine.impl.db.DbSqlSession  -   insert VariableInstanceEntity[id=3604, name=var2649, type=integer, longValue=2649, textValue=2649]
10:48:05,357 [main] DEBUG org.activiti.engine.impl.db.DbSqlSession  -   insert VariableInstanceEntity[id=3605, name=var2651, type=integer, longValue=2651, textValue=2651]
10:48:05,357 [main] DEBUG org.activiti.engine.impl.db.DbSqlSession  -   insert VariableInstanceEntity[id=3606, name=var3982, type=integer, longValue=3982, textValue=3982]
10:48:05,357 [main] DEBUG org.activiti.engine.impl.db.DbSqlSession  -   insert VariableInstanceEntity[id=3607, name=var1320, type=integer, longValue=1320, textValue=1320]
10:48:05,357 [main] DEBUG org.activiti.engine.impl.db.DbSqlSession  -   insert VariableInstanceEntity[id=3608, name=var2650, type=integer, longValue=2650, textValue=2650]
10:48:05,357 [main] DEBUG org.activiti.engine.impl.db.DbSqlSession  -   insert VariableInstanceEntity[id=3609, name=var3981, type=integer, longValue=3981, textValue=3981]
10:48:05,357 [main] DEBUG org.activiti.engine.impl.db.DbSqlSession  -   insert VariableInstanceEntity[id=3610, name=var3980, type=integer, longValue=3980, textValue=3980]
10:48:05,357 [main] DEBUG org.activiti.engine.impl.db.DbSqlSession  -   insert VariableInstanceEntity[id=3611, name=var1323, type=integer, longValue=1323, textValue=1323]
10:48:05,357 [main] DEBUG org.activiti.engine.impl.db.DbSqlSession  -   insert VariableInstanceEntity[id=3612, name=var2655, type=integer, longValue=2655, textValue=2655]
10:48:05,357 [main] DEBUG org.activiti.engine.impl.db.DbSqlSession  -   insert VariableInstanceEntity[id=3613, name=var3986, type=integer, longValue=3986, textValue=3986]
10:48:05,357 [main] DEBUG org.activiti.engine.impl.db.DbSqlSession  -   insert VariableInstanceEntity[id=3614, name=var1324, type=integer, longValue=1324, textValue=1324]
10:48:05,357 [main] DEBUG org.activiti.engine.impl.db.DbSqlSession  -   insert VariableInstanceEntity[id=3615, name=var2654, type=integer, longValue=2654, textValue=2654]
10:48:05,357 [main] DEBUG org.activiti.engine.impl.db.DbSqlSession  -   insert VariableInstanceEntity[id=3616, name=var3985, type=integer, longValue=3985, textValue=3985]
10:48:05,358 [main] DEBUG org.activiti.engine.impl.db.DbSqlSession  -   insert VariableInstanceEntity[id=3617, name=var1321, type=integer, longValue=1321, textValue=1321]
10:48:05,358 [main] DEBUG org.activiti.engine.impl.db.DbSqlSession  -   insert VariableInstanceEntity[id=3618, name=var2653, type=integer, longValue=2653, textValue=2653]
10:48:05,358 [main] DEBUG org.activiti.engine.impl.db.DbSqlSession  -   insert VariableInstanceEntity[id=3619, name=var3984, type=integer, longValue=3984, textValue=3984]
10:48:05,358 [main] DEBUG org.activiti.engine.impl.db.DbSqlSession  -   insert VariableInstanceEntity[id=3620, name=var1322, type=integer, longValue=1322, textValue=1322]
10:48:05,358 [main] DEBUG org.activiti.engine.impl.db.DbSqlSession  -   insert VariableInstanceEntity[id=3621, name=var2652, type=integer, longValue=2652, textValue=2652]
10:48:05,358 [main] DEBUG org.activiti.engine.impl.db.DbSqlSession  -   insert VariableInstanceEntity[id=3622, name=var3983, type=integer, longValue=3983, textValue=3983]
10:48:05,358 [main] DEBUG org.activiti.engine.impl.db.DbSqlSession  -   insert VariableInstanceEntity[id=3623, name=var1327, type=integer, longValue=1327, textValue=1327]
10:48:05,358 [main] DEBUG org.activiti.engine.impl.db.DbSqlSession  -   insert VariableInstanceEntity[id=3624, name=var2659, type=integer, longValue=2659, textValue=2659]
10:48:05,358 [main] DEBUG org.activiti.engine.impl.db.DbSqlSession  -   insert VariableInstanceEntity[id=3625, name=var1328, type=integer, longValue=1328, textValue=1328]
10:48:05,358 [main] DEBUG org.activiti.engine.impl.db.DbSqlSession  -   insert VariableInstanceEntity[id=3626, name=var2658, type=integer, longValue=2658, textValue=2658]
10:48:05,358 [main] DEBUG org.activiti.engine.impl.db.DbSqlSession  -   insert VariableInstanceEntity[id=3627, name=var3989, type=integer, longValue=3989, textValue=3989]
10:48:05,358 [main] DEBUG org.activiti.engine.impl.db.DbSqlSession  -   insert VariableInstanceEntity[id=3628, name=var1325, type=integer, longValue=1325, textValue=1325]
10:48:05,358 [main] DEBUG org.activiti.engine.impl.db.DbSqlSession  -   insert VariableInstanceEntity[id=3629, name=var2657, type=integer, longValue=2657, textValue=2657]
10:48:05,358 [main] DEBUG org.activiti.engine.impl.db.DbSqlSession  -   insert VariableInstanceEntity[id=3630, name=var3988, type=integer, longValue=3988, textValue=3988]
10:48:05,358 [main] DEBUG org.activiti.engine.impl.db.DbSqlSession  -   insert VariableInstanceEntity[id=3631, name=var1326, type=integer, longValue=1326, textValue=1326]
10:48:05,358 [main] DEBUG org.activiti.engine.impl.db.DbSqlSession  -   insert VariableInstanceEntity[id=3632, name=var2656, type=integer, longValue=2656, textValue=2656]
10:48:05,358 [main] DEBUG org.activiti.engine.impl.db.DbSqlSession  -   insert VariableInstanceEntity[id=3633, name=var3987, type=integer, longValue=3987, textValue=3987]
10:48:05,358 [main] DEBUG org.activiti.engine.impl.db.DbSqlSession  -   insert VariableInstanceEntity[id=3634, name=var1329, type=integer, longValue=1329, textValue=1329]
10:48:05,358 [main] DEBUG org.activiti.engine.impl.db.DbSqlSession  -   insert VariableInstanceEntity[id=3635, name=var1330, type=integer, longValue=1330, textValue=1330]
10:48:05,358 [main] DEBUG org.activiti.engine.impl.db.DbSqlSession  -   insert VariableInstanceEntity[id=3636, name=var2662, type=integer, longValue=2662, textValue=2662]
10:48:05,358 [main] DEBUG org.activiti.engine.impl.db.DbSqlSession  -   insert VariableInstanceEntity[id=3637, name=var3993, type=integer, longValue=3993, textValue=3993]
10:48:05,358 [main] DEBUG org.activiti.engine.impl.db.DbSqlSession  -   insert VariableInstanceEntity[id=3638, name=var1331, type=integer, longValue=1331, textValue=1331]
10:48:05,358 [main] DEBUG org.activiti.engine.impl.db.DbSqlSession  -   insert VariableInstanceEntity[id=3639, name=var2661, type=integer, longValue=2661, textValue=2661]
10:48:05,358 [main] DEBUG org.activiti.engine.impl.db.DbSqlSession  -   insert VariableInstanceEntity[id=3640, name=var3992, type=integer, longValue=3992, textValue=3992]
10:48:05,358 [main] DEBUG org.activiti.engine.impl.db.DbSqlSession  -   insert VariableInstanceEntity[id=3641, name=var2660, type=integer, longValue=2660, textValue=2660]
10:48:05,358 [main] DEBUG org.activiti.engine.impl.db.DbSqlSession  -   insert VariableInstanceEntity[id=3642, name=var3991, type=integer, longValue=3991, textValue=3991]
10:48:05,358 [main] DEBUG org.activiti.engine.impl.db.DbSqlSession  -   insert VariableInstanceEntity[id=3643, name=var3990, type=integer, longValue=3990, textValue=3990]
10:48:05,358 [main] DEBUG org.activiti.engine.impl.db.DbSqlSession  -   insert VariableInstanceEntity[id=3644, name=var1334, type=integer, longValue=1334, textValue=1334]
10:48:05,358 [main] DEBUG org.activiti.engine.impl.db.DbSqlSession  -   insert VariableInstanceEntity[id=3645, name=var2666, type=integer, longValue=2666, textValue=2666]
10:48:05,358 [main] DEBUG org.activiti.engine.impl.db.DbSqlSession  -   insert VariableInstanceEntity[id=3646, name=var3997, type=integer, longValue=3997, textValue=3997]
10:48:05,358 [main] DEBUG org.activiti.engine.impl.db.DbSqlSession  -   insert VariableInstanceEntity[id=3647, name=var1335, type=integer, longValue=1335, textValue=1335]
10:48:05,358 [main] DEBUG org.activiti.engine.impl.db.DbSqlSession  -   insert VariableInstanceEntity[id=3648, name=var2665, type=integer, longValue=2665, textValue=2665]
10:48:05,358 [main] DEBUG org.activiti.engine.impl.db.DbSqlSession  -   insert VariableInstanceEntity[id=3649, name=var3996, type=integer, longValue=3996, textValue=3996]
10:48:05,358 [main] DEBUG org.activiti.engine.impl.db.DbSqlSession  -   insert VariableInstanceEntity[id=3650, name=var1332, type=integer, longValue=1332, textValue=1332]
10:48:05,359 [main] DEBUG org.activiti.engine.impl.db.DbSqlSession  -   insert VariableInstanceEntity[id=3651, name=var2664, type=integer, longValue=2664, textValue=2664]
10:48:05,359 [main] DEBUG org.activiti.engine.impl.db.DbSqlSession  -   insert VariableInstanceEntity[id=3652, name=var3995, type=integer, longValue=3995, textValue=3995]
10:48:05,359 [main] DEBUG org.activiti.engine.impl.db.DbSqlSession  -   insert VariableInstanceEntity[id=3653, name=var1333, type=integer, longValue=1333, textValue=1333]
10:48:05,359 [main] DEBUG org.activiti.engine.impl.db.DbSqlSession  -   insert VariableInstanceEntity[id=3654, name=var2663, type=integer, longValue=2663, textValue=2663]
10:48:05,359 [main] DEBUG org.activiti.engine.impl.db.DbSqlSession  -   insert VariableInstanceEntity[id=3655, name=var3994, type=integer, longValue=3994, textValue=3994]
10:48:05,359 [main] DEBUG org.activiti.engine.impl.db.DbSqlSession  -   insert VariableInstanceEntity[id=3656, name=var1338, type=integer, longValue=1338, textValue=1338]
10:48:05,359 [main] DEBUG org.activiti.engine.impl.db.DbSqlSession  -   insert VariableInstanceEntity[id=3657, name=var1339, type=integer, longValue=1339, textValue=1339]
10:48:05,359 [main] DEBUG org.activiti.engine.impl.db.DbSqlSession  -   insert VariableInstanceEntity[id=3658, name=var2669, type=integer, longValue=2669, textValue=2669]
10:48:05,359 [main] DEBUG org.activiti.engine.impl.db.DbSqlSession  -   insert VariableInstanceEntity[id=3659, name=var1336, type=integer, longValue=1336, textValue=1336]
10:48:05,359 [main] DEBUG org.activiti.engine.impl.db.DbSqlSession  -   insert VariableInstanceEntity[id=3660, name=var2668, type=integer, longValue=2668, textValue=2668]
10:48:05,359 [main] DEBUG org.activiti.engine.impl.db.DbSqlSession  -   insert VariableInstanceEntity[id=3661, name=var3999, type=integer, longValue=3999, textValue=3999]
10:48:05,359 [main] DEBUG org.activiti.engine.impl.db.DbSqlSession  -   insert VariableInstanceEntity[id=3662, name=var1337, type=integer, longValue=1337, textValue=1337]
10:48:05,359 [main] DEBUG org.activiti.engine.impl.db.DbSqlSession  -   insert VariableInstanceEntity[id=3663, name=var2667, type=integer, longValue=2667, textValue=2667]
10:48:05,359 [main] DEBUG org.activiti.engine.impl.db.DbSqlSession  -   insert VariableInstanceEntity[id=3664, name=var3998, type=integer, longValue=3998, textValue=3998]
10:48:05,359 [main] DEBUG org.activiti.engine.impl.db.DbSqlSession  -   insert VariableInstanceEntity[id=3665, name=var1341, type=integer, longValue=1341, textValue=1341]
10:48:05,359 [main] DEBUG org.activiti.engine.impl.db.DbSqlSession  -   insert VariableInstanceEntity[id=3666, name=var2673, type=integer, longValue=2673, textValue=2673]
10:48:05,359 [main] DEBUG org.activiti.engine.impl.db.DbSqlSession  -   insert VariableInstanceEntity[id=3667, name=var1342, type=integer, longValue=1342, textValue=1342]
10:48:05,359 [main] DEBUG org.activiti.engine.impl.db.DbSqlSession  -   insert VariableInstanceEntity[id=3668, name=var2672, type=integer, longValue=2672, textValue=2672]
10:48:05,359 [main] DEBUG org.activiti.engine.impl.db.DbSqlSession  -   insert VariableInstanceEntity[id=3669, name=var2671, type=integer, longValue=2671, textValue=2671]
10:48:05,359 [main] DEBUG org.activiti.engine.impl.db.DbSqlSession  -   insert VariableInstanceEntity[id=3670, name=var1340, type=integer, longValue=1340, textValue=1340]
10:48:05,359 [main] DEBUG org.activiti.engine.impl.db.DbSqlSession  -   insert VariableInstanceEntity[id=3671, name=var2670, type=integer, longValue=2670, textValue=2670]
10:48:05,359 [main] DEBUG org.activiti.engine.impl.db.DbSqlSession  -   insert VariableInstanceEntity[id=3672, name=var1345, type=integer, longValue=1345, textValue=1345]
10:48:05,359 [main] DEBUG org.activiti.engine.impl.db.DbSqlSession  -   insert VariableInstanceEntity[id=3673, name=var2677, type=integer, longValue=2677, textValue=2677]
10:48:05,359 [main] DEBUG org.activiti.engine.impl.db.DbSqlSession  -   insert VariableInstanceEntity[id=3674, name=var1346, type=integer, longValue=1346, textValue=1346]
10:48:05,359 [main] DEBUG org.activiti.engine.impl.db.DbSqlSession  -   insert VariableInstanceEntity[id=3675, name=var2676, type=integer, longValue=2676, textValue=2676]
10:48:05,359 [main] DEBUG org.activiti.engine.impl.db.DbSqlSession  -   insert VariableInstanceEntity[id=3676, name=var1343, type=integer, longValue=1343, textValue=1343]
10:48:05,359 [main] DEBUG org.activiti.engine.impl.db.DbSqlSession  -   insert VariableInstanceEntity[id=3677, name=var2675, type=integer, longValue=2675, textValue=2675]
10:48:05,359 [main] DEBUG org.activiti.engine.impl.db.DbSqlSession  -   insert VariableInstanceEntity[id=3678, name=var1344, type=integer, longValue=1344, textValue=1344]
10:48:05,359 [main] DEBUG org.activiti.engine.impl.db.DbSqlSession  -   insert VariableInstanceEntity[id=3679, name=var2674, type=integer, longValue=2674, textValue=2674]
10:48:05,359 [main] DEBUG org.activiti.engine.impl.db.DbSqlSession  -   insert VariableInstanceEntity[id=3680, name=var1349, type=integer, longValue=1349, textValue=1349]
10:48:05,359 [main] DEBUG org.activiti.engine.impl.db.DbSqlSession  -   insert VariableInstanceEntity[id=3681, name=var1347, type=integer, longValue=1347, textValue=1347]
10:48:05,359 [main] DEBUG org.activiti.engine.impl.db.DbSqlSession  -   insert VariableInstanceEntity[id=3682, name=var2679, type=integer, longValue=2679, textValue=2679]
10:48:05,359 [main] DEBUG org.activiti.engine.impl.db.DbSqlSession  -   insert VariableInstanceEntity[id=3683, name=var1348, type=integer, longValue=1348, textValue=1348]
10:48:05,360 [main] DEBUG org.activiti.engine.impl.db.DbSqlSession  -   insert VariableInstanceEntity[id=3684, name=var2678, type=integer, longValue=2678, textValue=2678]
10:48:05,357 [Thread-102] DEBUG org.activiti.engine.impl.asyncexecutor.AcquireTimerJobsRunnable  - timer job acquisition thread sleeping for 50 millis
10:48:05,360 [main] DEBUG org.activiti.engine.impl.db.DbSqlSession  -   insert VariableInstanceEntity[id=3685, name=var2680, type=integer, longValue=2680, textValue=2680]
10:48:05,360 [main] DEBUG org.activiti.engine.impl.db.DbSqlSession  -   insert VariableInstanceEntity[id=3686, name=var1352, type=integer, longValue=1352, textValue=1352]
10:48:05,360 [main] DEBUG org.activiti.engine.impl.db.DbSqlSession  -   insert VariableInstanceEntity[id=3687, name=var2684, type=integer, longValue=2684, textValue=2684]
10:48:05,360 [main] DEBUG org.activiti.engine.impl.db.DbSqlSession  -   insert VariableInstanceEntity[id=3688, name=var1353, type=integer, longValue=1353, textValue=1353]
10:48:05,360 [main] DEBUG org.activiti.engine.impl.db.DbSqlSession  -   insert VariableInstanceEntity[id=3689, name=var2683, type=integer, longValue=2683, textValue=2683]
10:48:05,360 [main] DEBUG org.activiti.engine.impl.db.DbSqlSession  -   insert VariableInstanceEntity[id=3690, name=var1350, type=integer, longValue=1350, textValue=1350]
10:48:05,360 [main] DEBUG org.activiti.engine.impl.db.DbSqlSession  -   insert VariableInstanceEntity[id=3691, name=var2682, type=integer, longValue=2682, textValue=2682]
10:48:05,360 [main] DEBUG org.activiti.engine.impl.db.DbSqlSession  -   insert VariableInstanceEntity[id=3692, name=var1351, type=integer, longValue=1351, textValue=1351]
10:48:05,360 [main] DEBUG org.activiti.engine.impl.db.DbSqlSession  -   insert VariableInstanceEntity[id=3693, name=var2681, type=integer, longValue=2681, textValue=2681]
10:48:05,360 [main] DEBUG org.activiti.engine.impl.db.DbSqlSession  -   insert VariableInstanceEntity[id=3694, name=var1356, type=integer, longValue=1356, textValue=1356]
10:48:05,360 [main] DEBUG org.activiti.engine.impl.db.DbSqlSession  -   insert VariableInstanceEntity[id=3695, name=var2688, type=integer, longValue=2688, textValue=2688]
10:48:05,360 [main] DEBUG org.activiti.engine.impl.db.DbSqlSession  -   insert VariableInstanceEntity[id=3696, name=var1357, type=integer, longValue=1357, textValue=1357]
10:48:05,360 [main] DEBUG org.activiti.engine.impl.db.DbSqlSession  -   insert VariableInstanceEntity[id=3697, name=var2687, type=integer, longValue=2687, textValue=2687]
10:48:05,360 [main] DEBUG org.activiti.engine.impl.db.DbSqlSession  -   insert VariableInstanceEntity[id=3698, name=var1354, type=integer, longValue=1354, textValue=1354]
10:48:05,360 [main] DEBUG org.activiti.engine.impl.db.DbSqlSession  -   insert VariableInstanceEntity[id=3699, name=var2686, type=integer, longValue=2686, textValue=2686]
10:48:05,360 [main] DEBUG org.activiti.engine.impl.db.DbSqlSession  -   insert VariableInstanceEntity[id=3700, name=var1355, type=integer, longValue=1355, textValue=1355]
10:48:05,360 [main] DEBUG org.activiti.engine.impl.db.DbSqlSession  -   insert VariableInstanceEntity[id=3701, name=var2685, type=integer, longValue=2685, textValue=2685]
10:48:05,360 [main] DEBUG org.activiti.engine.impl.db.DbSqlSession  -   insert VariableInstanceEntity[id=3702, name=var1358, type=integer, longValue=1358, textValue=1358]
10:48:05,360 [main] DEBUG org.activiti.engine.impl.db.DbSqlSession  -   insert VariableInstanceEntity[id=3703, name=var1359, type=integer, longValue=1359, textValue=1359]
10:48:05,360 [main] DEBUG org.activiti.engine.impl.db.DbSqlSession  -   insert VariableInstanceEntity[id=3704, name=var2689, type=integer, longValue=2689, textValue=2689]
10:48:05,360 [main] DEBUG org.activiti.engine.impl.db.DbSqlSession  -   insert VariableInstanceEntity[id=3705, name=var2570, type=integer, longValue=2570, textValue=2570]
10:48:05,360 [main] DEBUG org.activiti.engine.impl.db.DbSqlSession  -   insert VariableInstanceEntity[id=3706, name=var1242, type=integer, longValue=1242, textValue=1242]
10:48:05,360 [main] DEBUG org.activiti.engine.impl.db.DbSqlSession  -   insert VariableInstanceEntity[id=3707, name=var2574, type=integer, longValue=2574, textValue=2574]
10:48:05,360 [main] DEBUG org.activiti.engine.impl.db.DbSqlSession  -   insert VariableInstanceEntity[id=3708, name=var1243, type=integer, longValue=1243, textValue=1243]
10:48:05,360 [main] DEBUG org.activiti.engine.impl.db.DbSqlSession  -   insert VariableInstanceEntity[id=3709, name=var2573, type=integer, longValue=2573, textValue=2573]
10:48:05,360 [main] DEBUG org.activiti.engine.impl.db.DbSqlSession  -   insert VariableInstanceEntity[id=3710, name=var1240, type=integer, longValue=1240, textValue=1240]
10:48:05,360 [main] DEBUG org.activiti.engine.impl.db.DbSqlSession  -   insert VariableInstanceEntity[id=3711, name=var2572, type=integer, longValue=2572, textValue=2572]
10:48:05,360 [main] DEBUG org.activiti.engine.impl.db.DbSqlSession  -   insert VariableInstanceEntity[id=3712, name=var1241, type=integer, longValue=1241, textValue=1241]
10:48:05,360 [main] DEBUG org.activiti.engine.impl.db.DbSqlSession  -   insert VariableInstanceEntity[id=3713, name=var2571, type=integer, longValue=2571, textValue=2571]
10:48:05,360 [main] DEBUG org.activiti.engine.impl.db.DbSqlSession  -   insert VariableInstanceEntity[id=3714, name=var666, type=integer, longValue=666, textValue=666]
10:48:05,360 [main] DEBUG org.activiti.engine.impl.db.DbSqlSession  -   insert VariableInstanceEntity[id=3715, name=var1246, type=integer, longValue=1246, textValue=1246]
10:48:05,360 [main] DEBUG org.activiti.engine.impl.db.DbSqlSession  -   insert VariableInstanceEntity[id=3716, name=var2578, type=integer, longValue=2578, textValue=2578]
10:48:05,360 [main] DEBUG org.activiti.engine.impl.db.DbSqlSession  -   insert VariableInstanceEntity[id=3717, name=var665, type=integer, longValue=665, textValue=665]
10:48:05,360 [main] DEBUG org.activiti.engine.impl.db.DbSqlSession  -   insert VariableInstanceEntity[id=3718, name=var1247, type=integer, longValue=1247, textValue=1247]
10:48:05,360 [main] DEBUG org.activiti.engine.impl.db.DbSqlSession  -   insert VariableInstanceEntity[id=3719, name=var2577, type=integer, longValue=2577, textValue=2577]
10:48:05,360 [main] DEBUG org.activiti.engine.impl.db.DbSqlSession  -   insert VariableInstanceEntity[id=3720, name=var664, type=integer, longValue=664, textValue=664]
10:48:05,360 [main] DEBUG org.activiti.engine.impl.db.DbSqlSession  -   insert VariableInstanceEntity[id=3721, name=var1244, type=integer, longValue=1244, textValue=1244]
10:48:05,360 [main] DEBUG org.activiti.engine.impl.db.DbSqlSession  -   insert VariableInstanceEntity[id=3722, name=var2576, type=integer, longValue=2576, textValue=2576]
10:48:05,360 [main] DEBUG org.activiti.engine.impl.db.DbSqlSession  -   insert VariableInstanceEntity[id=3723, name=var663, type=integer, longValue=663, textValue=663]
10:48:05,360 [main] DEBUG org.activiti.engine.impl.db.DbSqlSession  -   insert VariableInstanceEntity[id=3724, name=var1245, type=integer, longValue=1245, textValue=1245]
10:48:05,361 [main] DEBUG org.activiti.engine.impl.db.DbSqlSession  -   insert VariableInstanceEntity[id=3725, name=var2575, type=integer, longValue=2575, textValue=2575]
10:48:05,361 [main] DEBUG org.activiti.engine.impl.db.DbSqlSession  -   insert VariableInstanceEntity[id=3726, name=var662, type=integer, longValue=662, textValue=662]
10:48:05,361 [main] DEBUG org.activiti.engine.impl.db.DbSqlSession  -   insert VariableInstanceEntity[id=3727, name=var661, type=integer, longValue=661, textValue=661]
10:48:05,361 [main] DEBUG org.activiti.engine.impl.db.DbSqlSession  -   insert VariableInstanceEntity[id=3728, name=var660, type=integer, longValue=660, textValue=660]
10:48:05,361 [main] DEBUG org.activiti.engine.impl.db.DbSqlSession  -   insert VariableInstanceEntity[id=3729, name=var1248, type=integer, longValue=1248, textValue=1248]
10:48:05,361 [main] DEBUG org.activiti.engine.impl.db.DbSqlSession  -   insert VariableInstanceEntity[id=3730, name=var1249, type=integer, longValue=1249, textValue=1249]
10:48:05,361 [main] DEBUG org.activiti.engine.impl.db.DbSqlSession  -   insert VariableInstanceEntity[id=3731, name=var2579, type=integer, longValue=2579, textValue=2579]
10:48:05,361 [main] DEBUG org.activiti.engine.impl.db.DbSqlSession  -   insert VariableInstanceEntity[id=3732, name=var669, type=integer, longValue=669, textValue=669]
10:48:05,361 [main] DEBUG org.activiti.engine.impl.db.DbSqlSession  -   insert VariableInstanceEntity[id=3733, name=var668, type=integer, longValue=668, textValue=668]
10:48:05,361 [main] DEBUG org.activiti.engine.impl.db.DbSqlSession  -   insert VariableInstanceEntity[id=3734, name=var667, type=integer, longValue=667, textValue=667]
10:48:05,361 [main] DEBUG org.activiti.engine.impl.db.DbSqlSession  -   insert VariableInstanceEntity[id=3735, name=var2581, type=integer, longValue=2581, textValue=2581]
10:48:05,361 [main] DEBUG org.activiti.engine.impl.db.DbSqlSession  -   insert VariableInstanceEntity[id=3736, name=var1250, type=integer, longValue=1250, textValue=1250]
10:48:05,361 [main] DEBUG org.activiti.engine.impl.db.DbSqlSession  -   insert VariableInstanceEntity[id=3737, name=var2580, type=integer, longValue=2580, textValue=2580]
10:48:05,361 [main] DEBUG org.activiti.engine.impl.db.DbSqlSession  -   insert VariableInstanceEntity[id=3738, name=var1253, type=integer, longValue=1253, textValue=1253]
10:48:05,361 [main] DEBUG org.activiti.engine.impl.db.DbSqlSession  -   insert VariableInstanceEntity[id=3739, name=var2585, type=integer, longValue=2585, textValue=2585]
10:48:05,361 [main] DEBUG org.activiti.engine.impl.db.DbSqlSession  -   insert VariableInstanceEntity[id=3740, name=var1254, type=integer, longValue=1254, textValue=1254]
10:48:05,361 [main] DEBUG org.activiti.engine.impl.db.DbSqlSession  -   insert VariableInstanceEntity[id=3741, name=var2584, type=integer, longValue=2584, textValue=2584]
10:48:05,361 [main] DEBUG org.activiti.engine.impl.db.DbSqlSession  -   insert VariableInstanceEntity[id=3742, name=var1251, type=integer, longValue=1251, textValue=1251]
10:48:05,361 [main] DEBUG org.activiti.engine.impl.db.DbSqlSession  -   insert VariableInstanceEntity[id=3743, name=var2583, type=integer, longValue=2583, textValue=2583]
10:48:05,361 [main] DEBUG org.activiti.engine.impl.db.DbSqlSession  -   insert VariableInstanceEntity[id=3744, name=var1252, type=integer, longValue=1252, textValue=1252]
10:48:05,361 [main] DEBUG org.activiti.engine.impl.db.DbSqlSession  -   insert VariableInstanceEntity[id=3745, name=var2582, type=integer, longValue=2582, textValue=2582]
10:48:05,361 [main] DEBUG org.activiti.engine.impl.db.DbSqlSession  -   insert VariableInstanceEntity[id=3746, name=var655, type=integer, longValue=655, textValue=655]
10:48:05,361 [main] DEBUG org.activiti.engine.impl.db.DbSqlSession  -   insert VariableInstanceEntity[id=3747, name=var1257, type=integer, longValue=1257, textValue=1257]
10:48:05,361 [main] DEBUG org.activiti.engine.impl.db.DbSqlSession  -   insert VariableInstanceEntity[id=3748, name=var2589, type=integer, longValue=2589, textValue=2589]
10:48:05,361 [main] DEBUG org.activiti.engine.impl.db.DbSqlSession  -   insert VariableInstanceEntity[id=3749, name=var654, type=integer, longValue=654, textValue=654]
10:48:05,361 [main] DEBUG org.activiti.engine.impl.db.DbSqlSession  -   insert VariableInstanceEntity[id=3750, name=var1258, type=integer, longValue=1258, textValue=1258]
10:48:05,361 [main] DEBUG org.activiti.engine.impl.db.DbSqlSession  -   insert VariableInstanceEntity[id=3751, name=var2588, type=integer, longValue=2588, textValue=2588]
10:48:05,361 [main] DEBUG org.activiti.engine.impl.db.DbSqlSession  -   insert VariableInstanceEntity[id=3752, name=var653, type=integer, longValue=653, textValue=653]
10:48:05,361 [main] DEBUG org.activiti.engine.impl.db.DbSqlSession  -   insert VariableInstanceEntity[id=3753, name=var1255, type=integer, longValue=1255, textValue=1255]
10:48:05,361 [main] DEBUG org.activiti.engine.impl.db.DbSqlSession  -   insert VariableInstanceEntity[id=3754, name=var2587, type=integer, longValue=2587, textValue=2587]
10:48:05,361 [main] DEBUG org.activiti.engine.impl.db.DbSqlSession  -   insert VariableInstanceEntity[id=3755, name=var652, type=integer, longValue=652, textValue=652]
10:48:05,361 [main] DEBUG org.activiti.engine.impl.db.DbSqlSession  -   insert VariableInstanceEntity[id=3756, name=var1256, type=integer, longValue=1256, textValue=1256]
10:48:05,361 [main] DEBUG org.activiti.engine.impl.db.DbSqlSession  -   insert VariableInstanceEntity[id=3757, name=var2586, type=integer, longValue=2586, textValue=2586]
10:48:05,361 [main] DEBUG org.activiti.engine.impl.db.DbSqlSession  -   insert VariableInstanceEntity[id=3758, name=var651, type=integer, longValue=651, textValue=651]
10:48:05,361 [main] DEBUG org.activiti.engine.impl.db.DbSqlSession  -   insert VariableInstanceEntity[id=3759, name=var650, type=integer, longValue=650, textValue=650]
10:48:05,361 [main] DEBUG org.activiti.engine.impl.db.DbSqlSession  -   insert VariableInstanceEntity[id=3760, name=var1259, type=integer, longValue=1259, textValue=1259]
10:48:05,361 [main] DEBUG org.activiti.engine.impl.db.DbSqlSession  -   insert VariableInstanceEntity[id=3761, name=var659, type=integer, longValue=659, textValue=659]
10:48:05,361 [main] DEBUG org.activiti.engine.impl.db.DbSqlSession  -   insert VariableInstanceEntity[id=3762, name=var658, type=integer, longValue=658, textValue=658]
10:48:05,361 [main] DEBUG org.activiti.engine.impl.db.DbSqlSession  -   insert VariableInstanceEntity[id=3763, name=var657, type=integer, longValue=657, textValue=657]
10:48:05,361 [main] DEBUG org.activiti.engine.impl.db.DbSqlSession  -   insert VariableInstanceEntity[id=3764, name=var656, type=integer, longValue=656, textValue=656]
10:48:05,361 [main] DEBUG org.activiti.engine.impl.db.DbSqlSession  -   insert VariableInstanceEntity[id=3765, name=var1260, type=integer, longValue=1260, textValue=1260]
10:48:05,361 [main] DEBUG org.activiti.engine.impl.db.DbSqlSession  -   insert VariableInstanceEntity[id=3766, name=var2592, type=integer, longValue=2592, textValue=2592]
10:48:05,361 [main] DEBUG org.activiti.engine.impl.db.DbSqlSession  -   insert VariableInstanceEntity[id=3767, name=var1261, type=integer, longValue=1261, textValue=1261]
10:48:05,361 [main] DEBUG org.activiti.engine.impl.db.DbSqlSession  -   insert VariableInstanceEntity[id=3768, name=var2591, type=integer, longValue=2591, textValue=2591]
10:48:05,361 [main] DEBUG org.activiti.engine.impl.db.DbSqlSession  -   insert VariableInstanceEntity[id=3769, name=var2590, type=integer, longValue=2590, textValue=2590]
10:48:05,361 [main] DEBUG org.activiti.engine.impl.db.DbSqlSession  -   insert VariableInstanceEntity[id=3770, name=var1264, type=integer, longValue=1264, textValue=1264]
10:48:05,361 [main] DEBUG org.activiti.engine.impl.db.DbSqlSession  -   insert VariableInstanceEntity[id=3771, name=var2596, type=integer, longValue=2596, textValue=2596]
10:48:05,361 [main] DEBUG org.activiti.engine.impl.db.DbSqlSession  -   insert VariableInstanceEntity[id=3772, name=var1265, type=integer, longValue=1265, textValue=1265]
10:48:05,361 [main] DEBUG org.activiti.engine.impl.db.DbSqlSession  -   insert VariableInstanceEntity[id=3773, name=var2595, type=integer, longValue=2595, textValue=2595]
10:48:05,361 [main] DEBUG org.activiti.engine.impl.db.DbSqlSession  -   insert VariableInstanceEntity[id=3774, name=var1262, type=integer, longValue=1262, textValue=1262]
10:48:05,361 [main] DEBUG org.activiti.engine.impl.db.DbSqlSession  -   insert VariableInstanceEntity[id=3775, name=var2594, type=integer, longValue=2594, textValue=2594]
10:48:05,361 [main] DEBUG org.activiti.engine.impl.db.DbSqlSession  -   insert VariableInstanceEntity[id=3776, name=var1263, type=integer, longValue=1263, textValue=1263]
10:48:05,361 [main] DEBUG org.activiti.engine.impl.db.DbSqlSession  -   insert VariableInstanceEntity[id=3777, name=var2593, type=integer, longValue=2593, textValue=2593]
10:48:05,361 [main] DEBUG org.activiti.engine.impl.db.DbSqlSession  -   insert VariableInstanceEntity[id=3778, name=var644, type=integer, longValue=644, textValue=644]
10:48:05,362 [main] DEBUG org.activiti.engine.impl.db.DbSqlSession  -   insert VariableInstanceEntity[id=3779, name=var1268, type=integer, longValue=1268, textValue=1268]
10:48:05,362 [main] DEBUG org.activiti.engine.impl.db.DbSqlSession  -   insert VariableInstanceEntity[id=3780, name=var643, type=integer, longValue=643, textValue=643]
10:48:05,362 [main] DEBUG org.activiti.engine.impl.db.DbSqlSession  -   insert VariableInstanceEntity[id=3781, name=var1269, type=integer, longValue=1269, textValue=1269]
10:48:05,362 [main] DEBUG org.activiti.engine.impl.db.DbSqlSession  -   insert VariableInstanceEntity[id=3782, name=var2599, type=integer, longValue=2599, textValue=2599]
10:48:05,362 [main] DEBUG org.activiti.engine.impl.db.DbSqlSession  -   insert VariableInstanceEntity[id=3783, name=var642, type=integer, longValue=642, textValue=642]
10:48:05,362 [main] DEBUG org.activiti.engine.impl.db.DbSqlSession  -   insert VariableInstanceEntity[id=3784, name=var1266, type=integer, longValue=1266, textValue=1266]
10:48:05,362 [main] DEBUG org.activiti.engine.impl.db.DbSqlSession  -   insert VariableInstanceEntity[id=3785, name=var2598, type=integer, longValue=2598, textValue=2598]
10:48:05,362 [main] DEBUG org.activiti.engine.impl.db.DbSqlSession  -   insert VariableInstanceEntity[id=3786, name=var641, type=integer, longValue=641, textValue=641]
10:48:05,362 [main] DEBUG org.activiti.engine.impl.db.DbSqlSession  -   insert VariableInstanceEntity[id=3787, name=var1267, type=integer, longValue=1267, textValue=1267]
10:48:05,362 [main] DEBUG org.activiti.engine.impl.db.DbSqlSession  -   insert VariableInstanceEntity[id=3788, name=var2597, type=integer, longValue=2597, textValue=2597]
10:48:05,362 [main] DEBUG org.activiti.engine.impl.db.DbSqlSession  -   insert VariableInstanceEntity[id=3789, name=var640, type=integer, longValue=640, textValue=640]
10:48:05,362 [main] DEBUG org.activiti.engine.impl.db.DbSqlSession  -   insert VariableInstanceEntity[id=3790, name=var649, type=integer, longValue=649, textValue=649]
10:48:05,362 [main] DEBUG org.activiti.engine.impl.db.DbSqlSession  -   insert VariableInstanceEntity[id=3791, name=var648, type=integer, longValue=648, textValue=648]
10:48:05,362 [main] DEBUG org.activiti.engine.impl.db.DbSqlSession  -   insert VariableInstanceEntity[id=3792, name=var647, type=integer, longValue=647, textValue=647]
10:48:05,362 [main] DEBUG org.activiti.engine.impl.db.DbSqlSession  -   insert VariableInstanceEntity[id=3793, name=var646, type=integer, longValue=646, textValue=646]
10:48:05,362 [main] DEBUG org.activiti.engine.impl.db.DbSqlSession  -   insert VariableInstanceEntity[id=3794, name=var645, type=integer, longValue=645, textValue=645]
10:48:05,362 [main] DEBUG org.activiti.engine.impl.db.DbSqlSession  -   insert VariableInstanceEntity[id=3795, name=var1271, type=integer, longValue=1271, textValue=1271]
10:48:05,362 [main] DEBUG org.activiti.engine.impl.db.DbSqlSession  -   insert VariableInstanceEntity[id=3796, name=var1272, type=integer, longValue=1272, textValue=1272]
10:48:05,362 [main] DEBUG org.activiti.engine.impl.db.DbSqlSession  -   insert VariableInstanceEntity[id=3797, name=var1270, type=integer, longValue=1270, textValue=1270]
10:48:05,362 [main] DEBUG org.activiti.engine.impl.db.DbSqlSession  -   insert VariableInstanceEntity[id=3798, name=var1275, type=integer, longValue=1275, textValue=1275]
10:48:05,362 [main] DEBUG org.activiti.engine.impl.db.DbSqlSession  -   insert VariableInstanceEntity[id=3799, name=var1276, type=integer, longValue=1276, textValue=1276]
10:48:05,362 [main] DEBUG org.activiti.engine.impl.db.DbSqlSession  -   insert VariableInstanceEntity[id=3800, name=var1273, type=integer, longValue=1273, textValue=1273]
10:48:05,362 [main] DEBUG org.activiti.engine.impl.db.DbSqlSession  -   insert VariableInstanceEntity[id=3801, name=var1274, type=integer, longValue=1274, textValue=1274]
10:48:05,362 [main] DEBUG org.activiti.engine.impl.db.DbSqlSession  -   insert VariableInstanceEntity[id=3802, name=var633, type=integer, longValue=633, textValue=633]
10:48:05,362 [main] DEBUG org.activiti.engine.impl.db.DbSqlSession  -   insert VariableInstanceEntity[id=3803, name=var1279, type=integer, longValue=1279, textValue=1279]
10:48:05,362 [main] DEBUG org.activiti.engine.impl.db.DbSqlSession  -   insert VariableInstanceEntity[id=3804, name=var632, type=integer, longValue=632, textValue=632]
10:48:05,362 [main] DEBUG org.activiti.engine.impl.db.DbSqlSession  -   insert VariableInstanceEntity[id=3805, name=var631, type=integer, longValue=631, textValue=631]
10:48:05,362 [main] DEBUG org.activiti.engine.impl.db.DbSqlSession  -   insert VariableInstanceEntity[id=3806, name=var1277, type=integer, longValue=1277, textValue=1277]
10:48:05,362 [main] DEBUG org.activiti.engine.impl.db.DbSqlSession  -   insert VariableInstanceEntity[id=3807, name=var630, type=integer, longValue=630, textValue=630]
10:48:05,362 [main] DEBUG org.activiti.engine.impl.db.DbSqlSession  -   insert VariableInstanceEntity[id=3808, name=var1278, type=integer, longValue=1278, textValue=1278]
10:48:05,362 [main] DEBUG org.activiti.engine.impl.db.DbSqlSession  -   insert VariableInstanceEntity[id=3809, name=var639, type=integer, longValue=639, textValue=639]
10:48:05,362 [main] DEBUG org.activiti.engine.impl.db.DbSqlSession  -   insert VariableInstanceEntity[id=3810, name=var638, type=integer, longValue=638, textValue=638]
10:48:05,362 [main] DEBUG org.activiti.engine.impl.db.DbSqlSession  -   insert VariableInstanceEntity[id=3811, name=var637, type=integer, longValue=637, textValue=637]
10:48:05,362 [main] DEBUG org.activiti.engine.impl.db.DbSqlSession  -   insert VariableInstanceEntity[id=3812, name=var636, type=integer, longValue=636, textValue=636]
10:48:05,362 [main] DEBUG org.activiti.engine.impl.db.DbSqlSession  -   insert VariableInstanceEntity[id=3813, name=var635, type=integer, longValue=635, textValue=635]
10:48:05,362 [main] DEBUG org.activiti.engine.impl.db.DbSqlSession  -   insert VariableInstanceEntity[id=3814, name=var634, type=integer, longValue=634, textValue=634]
10:48:05,362 [main] DEBUG org.activiti.engine.impl.db.DbSqlSession  -   insert VariableInstanceEntity[id=3815, name=var1282, type=integer, longValue=1282, textValue=1282]
10:48:05,362 [main] DEBUG org.activiti.engine.impl.db.DbSqlSession  -   insert VariableInstanceEntity[id=3816, name=var1283, type=integer, longValue=1283, textValue=1283]
10:48:05,362 [main] DEBUG org.activiti.engine.impl.db.DbSqlSession  -   insert VariableInstanceEntity[id=3817, name=var1280, type=integer, longValue=1280, textValue=1280]
10:48:05,362 [main] DEBUG org.activiti.engine.impl.db.DbSqlSession  -   insert VariableInstanceEntity[id=3818, name=var1281, type=integer, longValue=1281, textValue=1281]
10:48:05,362 [main] DEBUG org.activiti.engine.impl.db.DbSqlSession  -   insert VariableInstanceEntity[id=3819, name=var1286, type=integer, longValue=1286, textValue=1286]
10:48:05,362 [main] DEBUG org.activiti.engine.impl.db.DbSqlSession  -   insert VariableInstanceEntity[id=3820, name=var1287, type=integer, longValue=1287, textValue=1287]
10:48:05,362 [main] DEBUG org.activiti.engine.impl.db.DbSqlSession  -   insert VariableInstanceEntity[id=3821, name=var1284, type=integer, longValue=1284, textValue=1284]
10:48:05,362 [main] DEBUG org.activiti.engine.impl.db.DbSqlSession  -   insert VariableInstanceEntity[id=3822, name=var1285, type=integer, longValue=1285, textValue=1285]
10:48:05,362 [main] DEBUG org.activiti.engine.impl.db.DbSqlSession  -   insert VariableInstanceEntity[id=3823, name=var622, type=integer, longValue=622, textValue=622]
10:48:05,362 [main] DEBUG org.activiti.engine.impl.db.DbSqlSession  -   insert VariableInstanceEntity[id=3824, name=var621, type=integer, longValue=621, textValue=621]
10:48:05,362 [main] DEBUG org.activiti.engine.impl.db.DbSqlSession  -   insert VariableInstanceEntity[id=3825, name=var620, type=integer, longValue=620, textValue=620]
10:48:05,362 [main] DEBUG org.activiti.engine.impl.db.DbSqlSession  -   insert VariableInstanceEntity[id=3826, name=var1288, type=integer, longValue=1288, textValue=1288]
10:48:05,362 [main] DEBUG org.activiti.engine.impl.db.DbSqlSession  -   insert VariableInstanceEntity[id=3827, name=var1289, type=integer, longValue=1289, textValue=1289]
10:48:05,362 [main] DEBUG org.activiti.engine.impl.db.DbSqlSession  -   insert VariableInstanceEntity[id=3828, name=var629, type=integer, longValue=629, textValue=629]
10:48:05,362 [main] DEBUG org.activiti.engine.impl.db.DbSqlSession  -   insert VariableInstanceEntity[id=3829, name=var628, type=integer, longValue=628, textValue=628]
10:48:05,362 [main] DEBUG org.activiti.engine.impl.db.DbSqlSession  -   insert VariableInstanceEntity[id=3830, name=var627, type=integer, longValue=627, textValue=627]
10:48:05,363 [main] DEBUG org.activiti.engine.impl.db.DbSqlSession  -   insert VariableInstanceEntity[id=3831, name=var626, type=integer, longValue=626, textValue=626]
10:48:05,363 [main] DEBUG org.activiti.engine.impl.db.DbSqlSession  -   insert VariableInstanceEntity[id=3832, name=var625, type=integer, longValue=625, textValue=625]
10:48:05,363 [main] DEBUG org.activiti.engine.impl.db.DbSqlSession  -   insert VariableInstanceEntity[id=3833, name=var624, type=integer, longValue=624, textValue=624]
10:48:05,363 [main] DEBUG org.activiti.engine.impl.db.DbSqlSession  -   insert VariableInstanceEntity[id=3834, name=var623, type=integer, longValue=623, textValue=623]
10:48:05,363 [main] DEBUG org.activiti.engine.impl.db.DbSqlSession  -   insert VariableInstanceEntity[id=3835, name=var1290, type=integer, longValue=1290, textValue=1290]
10:48:05,363 [main] DEBUG org.activiti.engine.impl.db.DbSqlSession  -   insert VariableInstanceEntity[id=3836, name=var1293, type=integer, longValue=1293, textValue=1293]
10:48:05,363 [main] DEBUG org.activiti.engine.impl.db.DbSqlSession  -   insert VariableInstanceEntity[id=3837, name=var1294, type=integer, longValue=1294, textValue=1294]
10:48:05,363 [main] DEBUG org.activiti.engine.impl.db.DbSqlSession  -   insert VariableInstanceEntity[id=3838, name=var1291, type=integer, longValue=1291, textValue=1291]
10:48:05,363 [main] DEBUG org.activiti.engine.impl.db.DbSqlSession  -   insert VariableInstanceEntity[id=3839, name=var1292, type=integer, longValue=1292, textValue=1292]
10:48:05,363 [main] DEBUG org.activiti.engine.impl.db.DbSqlSession  -   insert VariableInstanceEntity[id=3840, name=var1297, type=integer, longValue=1297, textValue=1297]
10:48:05,363 [main] DEBUG org.activiti.engine.impl.db.DbSqlSession  -   insert VariableInstanceEntity[id=3841, name=var1298, type=integer, longValue=1298, textValue=1298]
10:48:05,363 [main] DEBUG org.activiti.engine.impl.db.DbSqlSession  -   insert VariableInstanceEntity[id=3842, name=var1295, type=integer, longValue=1295, textValue=1295]
10:48:05,363 [main] DEBUG org.activiti.engine.impl.db.DbSqlSession  -   insert VariableInstanceEntity[id=3843, name=var1296, type=integer, longValue=1296, textValue=1296]
10:48:05,363 [main] DEBUG org.activiti.engine.impl.db.DbSqlSession  -   insert VariableInstanceEntity[id=3844, name=var611, type=integer, longValue=611, textValue=611]
10:48:05,363 [main] DEBUG org.activiti.engine.impl.db.DbSqlSession  -   insert VariableInstanceEntity[id=3845, name=var610, type=integer, longValue=610, textValue=610]
10:48:05,363 [main] DEBUG org.activiti.engine.impl.db.DbSqlSession  -   insert VariableInstanceEntity[id=3846, name=var1299, type=integer, longValue=1299, textValue=1299]
10:48:05,363 [main] DEBUG org.activiti.engine.impl.db.DbSqlSession  -   insert VariableInstanceEntity[id=3847, name=var619, type=integer, longValue=619, textValue=619]
10:48:05,363 [main] DEBUG org.activiti.engine.impl.db.DbSqlSession  -   insert VariableInstanceEntity[id=3848, name=var618, type=integer, longValue=618, textValue=618]
10:48:05,363 [main] DEBUG org.activiti.engine.impl.db.DbSqlSession  -   insert VariableInstanceEntity[id=3849, name=var617, type=integer, longValue=617, textValue=617]
10:48:05,363 [main] DEBUG org.activiti.engine.impl.db.DbSqlSession  -   insert VariableInstanceEntity[id=3850, name=var616, type=integer, longValue=616, textValue=616]
10:48:05,363 [main] DEBUG org.activiti.engine.impl.db.DbSqlSession  -   insert VariableInstanceEntity[id=3851, name=var615, type=integer, longValue=615, textValue=615]
10:48:05,363 [main] DEBUG org.activiti.engine.impl.db.DbSqlSession  -   insert VariableInstanceEntity[id=3852, name=var614, type=integer, longValue=614, textValue=614]
10:48:05,363 [main] DEBUG org.activiti.engine.impl.db.DbSqlSession  -   insert VariableInstanceEntity[id=3853, name=var613, type=integer, longValue=613, textValue=613]
10:48:05,363 [main] DEBUG org.activiti.engine.impl.db.DbSqlSession  -   insert VariableInstanceEntity[id=3854, name=var612, type=integer, longValue=612, textValue=612]
10:48:05,363 [main] DEBUG org.activiti.engine.impl.db.DbSqlSession  -   insert VariableInstanceEntity[id=3855, name=var3003, type=integer, longValue=3003, textValue=3003]
10:48:05,363 [main] DEBUG org.activiti.engine.impl.db.DbSqlSession  -   insert VariableInstanceEntity[id=3856, name=var3002, type=integer, longValue=3002, textValue=3002]
10:48:05,363 [main] DEBUG org.activiti.engine.impl.db.DbSqlSession  -   insert VariableInstanceEntity[id=3857, name=var3001, type=integer, longValue=3001, textValue=3001]
10:48:05,363 [main] DEBUG org.activiti.engine.impl.db.DbSqlSession  -   insert VariableInstanceEntity[id=3858, name=var3000, type=integer, longValue=3000, textValue=3000]
10:48:05,363 [main] DEBUG org.activiti.engine.impl.db.DbSqlSession  -   insert VariableInstanceEntity[id=3859, name=var600, type=integer, longValue=600, textValue=600]
10:48:05,363 [main] DEBUG org.activiti.engine.impl.db.DbSqlSession  -   insert VariableInstanceEntity[id=3860, name=var3007, type=integer, longValue=3007, textValue=3007]
10:48:05,363 [main] DEBUG org.activiti.engine.impl.db.DbSqlSession  -   insert VariableInstanceEntity[id=3861, name=var3006, type=integer, longValue=3006, textValue=3006]
10:48:05,363 [main] DEBUG org.activiti.engine.impl.db.DbSqlSession  -   insert VariableInstanceEntity[id=3862, name=var3005, type=integer, longValue=3005, textValue=3005]
10:48:05,363 [main] DEBUG org.activiti.engine.impl.db.DbSqlSession  -   insert VariableInstanceEntity[id=3863, name=var3004, type=integer, longValue=3004, textValue=3004]
10:48:05,363 [main] DEBUG org.activiti.engine.impl.db.DbSqlSession  -   insert VariableInstanceEntity[id=3864, name=var3009, type=integer, longValue=3009, textValue=3009]
10:48:05,363 [main] DEBUG org.activiti.engine.impl.db.DbSqlSession  -   insert VariableInstanceEntity[id=3865, name=var3008, type=integer, longValue=3008, textValue=3008]
10:48:05,363 [main] DEBUG org.activiti.engine.impl.db.DbSqlSession  -   insert VariableInstanceEntity[id=3866, name=var608, type=integer, longValue=608, textValue=608]
10:48:05,363 [main] DEBUG org.activiti.engine.impl.db.DbSqlSession  -   insert VariableInstanceEntity[id=3867, name=var607, type=integer, longValue=607, textValue=607]
10:48:05,363 [main] DEBUG org.activiti.engine.impl.db.DbSqlSession  -   insert VariableInstanceEntity[id=3868, name=var606, type=integer, longValue=606, textValue=606]
10:48:05,363 [main] DEBUG org.activiti.engine.impl.db.DbSqlSession  -   insert VariableInstanceEntity[id=3869, name=var605, type=integer, longValue=605, textValue=605]
10:48:05,363 [main] DEBUG org.activiti.engine.impl.db.DbSqlSession  -   insert VariableInstanceEntity[id=3870, name=var604, type=integer, longValue=604, textValue=604]
10:48:05,363 [main] DEBUG org.activiti.engine.impl.db.DbSqlSession  -   insert VariableInstanceEntity[id=3871, name=var603, type=integer, longValue=603, textValue=603]
10:48:05,363 [main] DEBUG org.activiti.engine.impl.db.DbSqlSession  -   insert VariableInstanceEntity[id=3872, name=var602, type=integer, longValue=602, textValue=602]
10:48:05,363 [main] DEBUG org.activiti.engine.impl.db.DbSqlSession  -   insert VariableInstanceEntity[id=3873, name=var601, type=integer, longValue=601, textValue=601]
10:48:05,363 [main] DEBUG org.activiti.engine.impl.db.DbSqlSession  -   insert VariableInstanceEntity[id=3874, name=var609, type=integer, longValue=609, textValue=609]
10:48:05,364 [main] DEBUG org.activiti.engine.impl.db.DbSqlSession  -   insert VariableInstanceEntity[id=3875, name=var3010, type=integer, longValue=3010, textValue=3010]
10:48:05,364 [main] DEBUG org.activiti.engine.impl.db.DbSqlSession  -   insert VariableInstanceEntity[id=3876, name=var3014, type=integer, longValue=3014, textValue=3014]
10:48:05,364 [main] DEBUG org.activiti.engine.impl.db.DbSqlSession  -   insert VariableInstanceEntity[id=3877, name=var3013, type=integer, longValue=3013, textValue=3013]
10:48:05,364 [main] DEBUG org.activiti.engine.impl.db.DbSqlSession  -   insert VariableInstanceEntity[id=3878, name=var3012, type=integer, longValue=3012, textValue=3012]
10:48:05,364 [main] DEBUG org.activiti.engine.impl.db.DbSqlSession  -   insert VariableInstanceEntity[id=3879, name=var3011, type=integer, longValue=3011, textValue=3011]
10:48:05,364 [main] DEBUG org.activiti.engine.impl.db.DbSqlSession  -   insert VariableInstanceEntity[id=3880, name=var3018, type=integer, longValue=3018, textValue=3018]
10:48:05,364 [main] DEBUG org.activiti.engine.impl.db.DbSqlSession  -   insert VariableInstanceEntity[id=3881, name=var3017, type=integer, longValue=3017, textValue=3017]
10:48:05,364 [main] DEBUG org.activiti.engine.impl.db.DbSqlSession  -   insert VariableInstanceEntity[id=3882, name=var3016, type=integer, longValue=3016, textValue=3016]
10:48:05,364 [main] DEBUG org.activiti.engine.impl.db.DbSqlSession  -   insert VariableInstanceEntity[id=3883, name=var3015, type=integer, longValue=3015, textValue=3015]
10:48:05,364 [main] DEBUG org.activiti.engine.impl.db.DbSqlSession  -   insert VariableInstanceEntity[id=3884, name=var3019, type=integer, longValue=3019, textValue=3019]
10:48:05,364 [main] DEBUG org.activiti.engine.impl.db.DbSqlSession  -   insert VariableInstanceEntity[id=3885, name=var3021, type=integer, longValue=3021, textValue=3021]
10:48:05,364 [main] DEBUG org.activiti.engine.impl.db.DbSqlSession  -   insert VariableInstanceEntity[id=3886, name=var3020, type=integer, longValue=3020, textValue=3020]
10:48:05,364 [main] DEBUG org.activiti.engine.impl.db.DbSqlSession  -   insert VariableInstanceEntity[id=3887, name=var3025, type=integer, longValue=3025, textValue=3025]
10:48:05,364 [main] DEBUG org.activiti.engine.impl.db.DbSqlSession  -   insert VariableInstanceEntity[id=3888, name=var3024, type=integer, longValue=3024, textValue=3024]
10:48:05,364 [main] DEBUG org.activiti.engine.impl.db.DbSqlSession  -   insert VariableInstanceEntity[id=3889, name=var3023, type=integer, longValue=3023, textValue=3023]
10:48:05,364 [main] DEBUG org.activiti.engine.impl.db.DbSqlSession  -   insert VariableInstanceEntity[id=3890, name=var3022, type=integer, longValue=3022, textValue=3022]
10:48:05,364 [main] DEBUG org.activiti.engine.impl.db.DbSqlSession  -   insert VariableInstanceEntity[id=3891, name=var3029, type=integer, longValue=3029, textValue=3029]
10:48:05,364 [main] DEBUG org.activiti.engine.impl.db.DbSqlSession  -   insert VariableInstanceEntity[id=3892, name=var3028, type=integer, longValue=3028, textValue=3028]
10:48:05,364 [main] DEBUG org.activiti.engine.impl.db.DbSqlSession  -   insert VariableInstanceEntity[id=3893, name=var3027, type=integer, longValue=3027, textValue=3027]
10:48:05,364 [main] DEBUG org.activiti.engine.impl.db.DbSqlSession  -   insert VariableInstanceEntity[id=3894, name=var3026, type=integer, longValue=3026, textValue=3026]
10:48:05,364 [main] DEBUG org.activiti.engine.impl.db.DbSqlSession  -   insert VariableInstanceEntity[id=3895, name=var3032, type=integer, longValue=3032, textValue=3032]
10:48:05,364 [main] DEBUG org.activiti.engine.impl.db.DbSqlSession  -   insert VariableInstanceEntity[id=3896, name=var3031, type=integer, longValue=3031, textValue=3031]
10:48:05,364 [main] DEBUG org.activiti.engine.impl.db.DbSqlSession  -   insert VariableInstanceEntity[id=3897, name=var3030, type=integer, longValue=3030, textValue=3030]
10:48:05,364 [main] DEBUG org.activiti.engine.impl.db.DbSqlSession  -   insert VariableInstanceEntity[id=3898, name=var3036, type=integer, longValue=3036, textValue=3036]
10:48:05,364 [main] DEBUG org.activiti.engine.impl.db.DbSqlSession  -   insert VariableInstanceEntity[id=3899, name=var3035, type=integer, longValue=3035, textValue=3035]
10:48:05,364 [main] DEBUG org.activiti.engine.impl.db.DbSqlSession  -   insert VariableInstanceEntity[id=3900, name=var3034, type=integer, longValue=3034, textValue=3034]
10:48:05,364 [main] DEBUG org.activiti.engine.impl.db.DbSqlSession  -   insert VariableInstanceEntity[id=3901, name=var3033, type=integer, longValue=3033, textValue=3033]
10:48:05,364 [main] DEBUG org.activiti.engine.impl.db.DbSqlSession  -   insert VariableInstanceEntity[id=3902, name=var3039, type=integer, longValue=3039, textValue=3039]
10:48:05,364 [main] DEBUG org.activiti.engine.impl.db.DbSqlSession  -   insert VariableInstanceEntity[id=3903, name=var3038, type=integer, longValue=3038, textValue=3038]
10:48:05,364 [main] DEBUG org.activiti.engine.impl.db.DbSqlSession  -   insert VariableInstanceEntity[id=3904, name=var3037, type=integer, longValue=3037, textValue=3037]
10:48:05,364 [main] DEBUG org.activiti.engine.impl.db.DbSqlSession  -   insert VariableInstanceEntity[id=3905, name=var3043, type=integer, longValue=3043, textValue=3043]
10:48:05,364 [main] DEBUG org.activiti.engine.impl.db.DbSqlSession  -   insert VariableInstanceEntity[id=3906, name=var3042, type=integer, longValue=3042, textValue=3042]
10:48:05,364 [main] DEBUG org.activiti.engine.impl.db.DbSqlSession  -   insert VariableInstanceEntity[id=3907, name=var3041, type=integer, longValue=3041, textValue=3041]
10:48:05,364 [main] DEBUG org.activiti.engine.impl.db.DbSqlSession  -   insert VariableInstanceEntity[id=3908, name=var3040, type=integer, longValue=3040, textValue=3040]
10:48:05,364 [main] DEBUG org.activiti.engine.impl.db.DbSqlSession  -   insert VariableInstanceEntity[id=3909, name=var3047, type=integer, longValue=3047, textValue=3047]
10:48:05,364 [main] DEBUG org.activiti.engine.impl.db.DbSqlSession  -   insert VariableInstanceEntity[id=3910, name=var3046, type=integer, longValue=3046, textValue=3046]
10:48:05,364 [main] DEBUG org.activiti.engine.impl.db.DbSqlSession  -   insert VariableInstanceEntity[id=3911, name=var3045, type=integer, longValue=3045, textValue=3045]
10:48:05,365 [main] DEBUG org.activiti.engine.impl.db.DbSqlSession  -   insert VariableInstanceEntity[id=3912, name=var3044, type=integer, longValue=3044, textValue=3044]
10:48:05,365 [main] DEBUG org.activiti.engine.impl.db.DbSqlSession  -   insert VariableInstanceEntity[id=3913, name=var3049, type=integer, longValue=3049, textValue=3049]
10:48:05,365 [main] DEBUG org.activiti.engine.impl.db.DbSqlSession  -   insert VariableInstanceEntity[id=3914, name=var3048, type=integer, longValue=3048, textValue=3048]
10:48:05,365 [main] DEBUG org.activiti.engine.impl.db.DbSqlSession  -   insert VariableInstanceEntity[id=3915, name=var3050, type=integer, longValue=3050, textValue=3050]
10:48:05,365 [main] DEBUG org.activiti.engine.impl.db.DbSqlSession  -   insert VariableInstanceEntity[id=3916, name=var3054, type=integer, longValue=3054, textValue=3054]
10:48:05,365 [main] DEBUG org.activiti.engine.impl.db.DbSqlSession  -   insert VariableInstanceEntity[id=3917, name=var3053, type=integer, longValue=3053, textValue=3053]
10:48:05,365 [main] DEBUG org.activiti.engine.impl.db.DbSqlSession  -   insert VariableInstanceEntity[id=3918, name=var3052, type=integer, longValue=3052, textValue=3052]
10:48:05,365 [main] DEBUG org.activiti.engine.impl.db.DbSqlSession  -   insert VariableInstanceEntity[id=3919, name=var3051, type=integer, longValue=3051, textValue=3051]
10:48:05,365 [main] DEBUG org.activiti.engine.impl.db.DbSqlSession  -   insert VariableInstanceEntity[id=3920, name=var3058, type=integer, longValue=3058, textValue=3058]
10:48:05,365 [main] DEBUG org.activiti.engine.impl.db.DbSqlSession  -   insert VariableInstanceEntity[id=3921, name=var3057, type=integer, longValue=3057, textValue=3057]
10:48:05,365 [main] DEBUG org.activiti.engine.impl.db.DbSqlSession  -   insert VariableInstanceEntity[id=3922, name=var3056, type=integer, longValue=3056, textValue=3056]
10:48:05,365 [main] DEBUG org.activiti.engine.impl.db.DbSqlSession  -   insert VariableInstanceEntity[id=3923, name=var3055, type=integer, longValue=3055, textValue=3055]
10:48:05,365 [main] DEBUG org.activiti.engine.impl.db.DbSqlSession  -   insert VariableInstanceEntity[id=3924, name=var3059, type=integer, longValue=3059, textValue=3059]
10:48:05,365 [main] DEBUG org.activiti.engine.impl.db.DbSqlSession  -   insert VariableInstanceEntity[id=3925, name=var3061, type=integer, longValue=3061, textValue=3061]
10:48:05,365 [main] DEBUG org.activiti.engine.impl.db.DbSqlSession  -   insert VariableInstanceEntity[id=3926, name=var3060, type=integer, longValue=3060, textValue=3060]
10:48:05,365 [main] DEBUG org.activiti.engine.impl.db.DbSqlSession  -   insert VariableInstanceEntity[id=3927, name=var3065, type=integer, longValue=3065, textValue=3065]
10:48:05,365 [main] DEBUG org.activiti.engine.impl.db.DbSqlSession  -   insert VariableInstanceEntity[id=3928, name=var3064, type=integer, longValue=3064, textValue=3064]
10:48:05,365 [main] DEBUG org.activiti.engine.impl.db.DbSqlSession  -   insert VariableInstanceEntity[id=3929, name=var3063, type=integer, longValue=3063, textValue=3063]
10:48:05,365 [main] DEBUG org.activiti.engine.impl.db.DbSqlSession  -   insert VariableInstanceEntity[id=3930, name=var3062, type=integer, longValue=3062, textValue=3062]
10:48:05,365 [main] DEBUG org.activiti.engine.impl.db.DbSqlSession  -   insert VariableInstanceEntity[id=3931, name=var3069, type=integer, longValue=3069, textValue=3069]
10:48:05,365 [main] DEBUG org.activiti.engine.impl.db.DbSqlSession  -   insert VariableInstanceEntity[id=3932, name=var3068, type=integer, longValue=3068, textValue=3068]
10:48:05,365 [main] DEBUG org.activiti.engine.impl.db.DbSqlSession  -   insert VariableInstanceEntity[id=3933, name=var3067, type=integer, longValue=3067, textValue=3067]
10:48:05,365 [main] DEBUG org.activiti.engine.impl.db.DbSqlSession  -   insert VariableInstanceEntity[id=3934, name=var3066, type=integer, longValue=3066, textValue=3066]
10:48:05,365 [main] DEBUG org.activiti.engine.impl.db.DbSqlSession  -   insert VariableInstanceEntity[id=3935, name=var3072, type=integer, longValue=3072, textValue=3072]
10:48:05,365 [main] DEBUG org.activiti.engine.impl.db.DbSqlSession  -   insert VariableInstanceEntity[id=3936, name=var3071, type=integer, longValue=3071, textValue=3071]
10:48:05,365 [main] DEBUG org.activiti.engine.impl.db.DbSqlSession  -   insert VariableInstanceEntity[id=3937, name=var3070, type=integer, longValue=3070, textValue=3070]
10:48:05,365 [main] DEBUG org.activiti.engine.impl.db.DbSqlSession  -   insert VariableInstanceEntity[id=3938, name=var691, type=integer, longValue=691, textValue=691]
10:48:05,365 [main] DEBUG org.activiti.engine.impl.db.DbSqlSession  -   insert VariableInstanceEntity[id=3939, name=var3076, type=integer, longValue=3076, textValue=3076]
10:48:05,365 [main] DEBUG org.activiti.engine.impl.db.DbSqlSession  -   insert VariableInstanceEntity[id=3940, name=var690, type=integer, longValue=690, textValue=690]
10:48:05,365 [main] DEBUG org.activiti.engine.impl.db.DbSqlSession  -   insert VariableInstanceEntity[id=3941, name=var3075, type=integer, longValue=3075, textValue=3075]
10:48:05,365 [main] DEBUG org.activiti.engine.impl.db.DbSqlSession  -   insert VariableInstanceEntity[id=3942, name=var3074, type=integer, longValue=3074, textValue=3074]
10:48:05,365 [main] DEBUG org.activiti.engine.impl.db.DbSqlSession  -   insert VariableInstanceEntity[id=3943, name=var3073, type=integer, longValue=3073, textValue=3073]
10:48:05,365 [main] DEBUG org.activiti.engine.impl.db.DbSqlSession  -   insert VariableInstanceEntity[id=3944, name=var3079, type=integer, longValue=3079, textValue=3079]
10:48:05,365 [main] DEBUG org.activiti.engine.impl.db.DbSqlSession  -   insert VariableInstanceEntity[id=3945, name=var3078, type=integer, longValue=3078, textValue=3078]
10:48:05,365 [main] DEBUG org.activiti.engine.impl.db.DbSqlSession  -   insert VariableInstanceEntity[id=3946, name=var3077, type=integer, longValue=3077, textValue=3077]
10:48:05,365 [main] DEBUG org.activiti.engine.impl.db.DbSqlSession  -   insert VariableInstanceEntity[id=3947, name=var699, type=integer, longValue=699, textValue=699]
10:48:05,365 [main] DEBUG org.activiti.engine.impl.db.DbSqlSession  -   insert VariableInstanceEntity[id=3948, name=var698, type=integer, longValue=698, textValue=698]
10:48:05,365 [main] DEBUG org.activiti.engine.impl.db.DbSqlSession  -   insert VariableInstanceEntity[id=3949, name=var697, type=integer, longValue=697, textValue=697]
10:48:05,366 [main] DEBUG org.activiti.engine.impl.db.DbSqlSession  -   insert VariableInstanceEntity[id=3950, name=var696, type=integer, longValue=696, textValue=696]
10:48:05,366 [main] DEBUG org.activiti.engine.impl.db.DbSqlSession  -   insert VariableInstanceEntity[id=3951, name=var695, type=integer, longValue=695, textValue=695]
10:48:05,366 [main] DEBUG org.activiti.engine.impl.db.DbSqlSession  -   insert VariableInstanceEntity[id=3952, name=var694, type=integer, longValue=694, textValue=694]
10:48:05,366 [main] DEBUG org.activiti.engine.impl.db.DbSqlSession  -   insert VariableInstanceEntity[id=3953, name=var693, type=integer, longValue=693, textValue=693]
10:48:05,366 [main] DEBUG org.activiti.engine.impl.db.DbSqlSession  -   insert VariableInstanceEntity[id=3954, name=var692, type=integer, longValue=692, textValue=692]
10:48:05,366 [main] DEBUG org.activiti.engine.impl.db.DbSqlSession  -   insert VariableInstanceEntity[id=3955, name=var3083, type=integer, longValue=3083, textValue=3083]
10:48:05,366 [main] DEBUG org.activiti.engine.impl.db.DbSqlSession  -   insert VariableInstanceEntity[id=3956, name=var3082, type=integer, longValue=3082, textValue=3082]
10:48:05,366 [main] DEBUG org.activiti.engine.impl.db.DbSqlSession  -   insert VariableInstanceEntity[id=3957, name=var3081, type=integer, longValue=3081, textValue=3081]
10:48:05,366 [main] DEBUG org.activiti.engine.impl.db.DbSqlSession  -   insert VariableInstanceEntity[id=3958, name=var3080, type=integer, longValue=3080, textValue=3080]
10:48:05,366 [main] DEBUG org.activiti.engine.impl.db.DbSqlSession  -   insert VariableInstanceEntity[id=3959, name=var680, type=integer, longValue=680, textValue=680]
10:48:05,366 [main] DEBUG org.activiti.engine.impl.db.DbSqlSession  -   insert VariableInstanceEntity[id=3960, name=var3087, type=integer, longValue=3087, textValue=3087]
10:48:05,366 [main] DEBUG org.activiti.engine.impl.db.DbSqlSession  -   insert VariableInstanceEntity[id=3961, name=var3086, type=integer, longValue=3086, textValue=3086]
10:48:05,366 [main] DEBUG org.activiti.engine.impl.db.DbSqlSession  -   insert VariableInstanceEntity[id=3962, name=var3085, type=integer, longValue=3085, textValue=3085]
10:48:05,366 [main] DEBUG org.activiti.engine.impl.db.DbSqlSession  -   insert VariableInstanceEntity[id=3963, name=var3084, type=integer, longValue=3084, textValue=3084]
10:48:05,366 [main] DEBUG org.activiti.engine.impl.db.DbSqlSession  -   insert VariableInstanceEntity[id=3964, name=var3089, type=integer, longValue=3089, textValue=3089]
10:48:05,366 [main] DEBUG org.activiti.engine.impl.db.DbSqlSession  -   insert VariableInstanceEntity[id=3965, name=var3088, type=integer, longValue=3088, textValue=3088]
10:48:05,366 [main] DEBUG org.activiti.engine.impl.db.DbSqlSession  -   insert VariableInstanceEntity[id=3966, name=var688, type=integer, longValue=688, textValue=688]
10:48:05,366 [main] DEBUG org.activiti.engine.impl.db.DbSqlSession  -   insert VariableInstanceEntity[id=3967, name=var687, type=integer, longValue=687, textValue=687]
10:48:05,366 [main] DEBUG org.activiti.engine.impl.db.DbSqlSession  -   insert VariableInstanceEntity[id=3968, name=var686, type=integer, longValue=686, textValue=686]
10:48:05,366 [main] DEBUG org.activiti.engine.impl.db.DbSqlSession  -   insert VariableInstanceEntity[id=3969, name=var685, type=integer, longValue=685, textValue=685]
10:48:05,366 [main] DEBUG org.activiti.engine.impl.db.DbSqlSession  -   insert VariableInstanceEntity[id=3970, name=var684, type=integer, longValue=684, textValue=684]
10:48:05,366 [main] DEBUG org.activiti.engine.impl.db.DbSqlSession  -   insert VariableInstanceEntity[id=3971, name=var683, type=integer, longValue=683, textValue=683]
10:48:05,366 [main] DEBUG org.activiti.engine.impl.db.DbSqlSession  -   insert VariableInstanceEntity[id=3972, name=var682, type=integer, longValue=682, textValue=682]
10:48:05,366 [main] DEBUG org.activiti.engine.impl.db.DbSqlSession  -   insert VariableInstanceEntity[id=3973, name=var681, type=integer, longValue=681, textValue=681]
10:48:05,366 [main] DEBUG org.activiti.engine.impl.db.DbSqlSession  -   insert VariableInstanceEntity[id=3974, name=var689, type=integer, longValue=689, textValue=689]
10:48:05,366 [main] DEBUG org.activiti.engine.impl.db.DbSqlSession  -   insert VariableInstanceEntity[id=3975, name=var3090, type=integer, longValue=3090, textValue=3090]
10:48:05,366 [main] DEBUG org.activiti.engine.impl.db.DbSqlSession  -   insert VariableInstanceEntity[id=3976, name=var3094, type=integer, longValue=3094, textValue=3094]
10:48:05,366 [main] DEBUG org.activiti.engine.impl.db.DbSqlSession  -   insert VariableInstanceEntity[id=3977, name=var3093, type=integer, longValue=3093, textValue=3093]
10:48:05,366 [main] DEBUG org.activiti.engine.impl.db.DbSqlSession  -   insert VariableInstanceEntity[id=3978, name=var3092, type=integer, longValue=3092, textValue=3092]
10:48:05,366 [main] DEBUG org.activiti.engine.impl.db.DbSqlSession  -   insert VariableInstanceEntity[id=3979, name=var3091, type=integer, longValue=3091, textValue=3091]
10:48:05,366 [main] DEBUG org.activiti.engine.impl.db.DbSqlSession  -   insert VariableInstanceEntity[id=3980, name=var3098, type=integer, longValue=3098, textValue=3098]
10:48:05,366 [main] DEBUG org.activiti.engine.impl.db.DbSqlSession  -   insert VariableInstanceEntity[id=3981, name=var3097, type=integer, longValue=3097, textValue=3097]
10:48:05,366 [main] DEBUG org.activiti.engine.impl.db.DbSqlSession  -   insert VariableInstanceEntity[id=3982, name=var3096, type=integer, longValue=3096, textValue=3096]
10:48:05,366 [main] DEBUG org.activiti.engine.impl.db.DbSqlSession  -   insert VariableInstanceEntity[id=3983, name=var3095, type=integer, longValue=3095, textValue=3095]
10:48:05,366 [main] DEBUG org.activiti.engine.impl.db.DbSqlSession  -   insert VariableInstanceEntity[id=3984, name=var3099, type=integer, longValue=3099, textValue=3099]
10:48:05,366 [main] DEBUG org.activiti.engine.impl.db.DbSqlSession  -   insert VariableInstanceEntity[id=3985, name=var677, type=integer, longValue=677, textValue=677]
10:48:05,366 [main] DEBUG org.activiti.engine.impl.db.DbSqlSession  -   insert VariableInstanceEntity[id=3986, name=var676, type=integer, longValue=676, textValue=676]
10:48:05,366 [main] DEBUG org.activiti.engine.impl.db.DbSqlSession  -   insert VariableInstanceEntity[id=3987, name=var675, type=integer, longValue=675, textValue=675]
10:48:05,366 [main] DEBUG org.activiti.engine.impl.db.DbSqlSession  -   insert VariableInstanceEntity[id=3988, name=var674, type=integer, longValue=674, textValue=674]
10:48:05,366 [main] DEBUG org.activiti.engine.impl.db.DbSqlSession  -   insert VariableInstanceEntity[id=3989, name=var673, type=integer, longValue=673, textValue=673]
10:48:05,366 [main] DEBUG org.activiti.engine.impl.db.DbSqlSession  -   insert VariableInstanceEntity[id=3990, name=var672, type=integer, longValue=672, textValue=672]
10:48:05,366 [main] DEBUG org.activiti.engine.impl.db.DbSqlSession  -   insert VariableInstanceEntity[id=3991, name=var671, type=integer, longValue=671, textValue=671]
10:48:05,366 [main] DEBUG org.activiti.engine.impl.db.DbSqlSession  -   insert VariableInstanceEntity[id=3992, name=var670, type=integer, longValue=670, textValue=670]
10:48:05,366 [main] DEBUG org.activiti.engine.impl.db.DbSqlSession  -   insert VariableInstanceEntity[id=3993, name=var679, type=integer, longValue=679, textValue=679]
10:48:05,366 [main] DEBUG org.activiti.engine.impl.db.DbSqlSession  -   insert VariableInstanceEntity[id=3994, name=var678, type=integer, longValue=678, textValue=678]
10:48:05,366 [main] DEBUG org.activiti.engine.impl.db.DbSqlSession  -   insert VariableInstanceEntity[id=3995, name=var3803, type=integer, longValue=3803, textValue=3803]
10:48:05,366 [main] DEBUG org.activiti.engine.impl.db.DbSqlSession  -   insert VariableInstanceEntity[id=3996, name=var3802, type=integer, longValue=3802, textValue=3802]
10:48:05,366 [main] DEBUG org.activiti.engine.impl.db.DbSqlSession  -   insert VariableInstanceEntity[id=3997, name=var3801, type=integer, longValue=3801, textValue=3801]
10:48:05,366 [main] DEBUG org.activiti.engine.impl.db.DbSqlSession  -   insert VariableInstanceEntity[id=3998, name=var3800, type=integer, longValue=3800, textValue=3800]
10:48:05,366 [main] DEBUG org.activiti.engine.impl.db.DbSqlSession  -   insert VariableInstanceEntity[id=3999, name=var3807, type=integer, longValue=3807, textValue=3807]
10:48:05,367 [main] DEBUG org.activiti.engine.impl.db.DbSqlSession  -   insert VariableInstanceEntity[id=4000, name=var3806, type=integer, longValue=3806, textValue=3806]
10:48:05,367 [main] DEBUG org.activiti.engine.impl.db.DbSqlSession  -   insert VariableInstanceEntity[id=4001, name=var3805, type=integer, longValue=3805, textValue=3805]
10:48:05,367 [main] DEBUG org.activiti.engine.impl.db.DbSqlSession  -   insert VariableInstanceEntity[id=4002, name=var3804, type=integer, longValue=3804, textValue=3804]
10:48:05,367 [main] DEBUG org.activiti.engine.impl.db.DbSqlSession  -   insert VariableInstanceEntity[id=4003, name=var3809, type=integer, longValue=3809, textValue=3809]
10:48:05,367 [main] DEBUG org.activiti.engine.impl.db.DbSqlSession  -   insert VariableInstanceEntity[id=4004, name=var3808, type=integer, longValue=3808, textValue=3808]
10:48:05,367 [main] DEBUG org.activiti.engine.impl.db.DbSqlSession  -   insert VariableInstanceEntity[id=4005, name=var3810, type=integer, longValue=3810, textValue=3810]
10:48:05,367 [main] DEBUG org.activiti.engine.impl.db.DbSqlSession  -   insert VariableInstanceEntity[id=4006, name=var3814, type=integer, longValue=3814, textValue=3814]
10:48:05,367 [main] DEBUG org.activiti.engine.impl.db.DbSqlSession  -   insert VariableInstanceEntity[id=4007, name=var3813, type=integer, longValue=3813, textValue=3813]
10:48:05,367 [main] DEBUG org.activiti.engine.impl.db.DbSqlSession  -   insert VariableInstanceEntity[id=4008, name=var3812, type=integer, longValue=3812, textValue=3812]
10:48:05,367 [main] DEBUG org.activiti.engine.impl.db.DbSqlSession  -   insert VariableInstanceEntity[id=4009, name=var3811, type=integer, longValue=3811, textValue=3811]
10:48:05,367 [main] DEBUG org.activiti.engine.impl.db.DbSqlSession  -   insert VariableInstanceEntity[id=4010, name=var3818, type=integer, longValue=3818, textValue=3818]
10:48:05,367 [main] DEBUG org.activiti.engine.impl.db.DbSqlSession  -   insert VariableInstanceEntity[id=4011, name=var3817, type=integer, longValue=3817, textValue=3817]
10:48:05,367 [main] DEBUG org.activiti.engine.impl.db.DbSqlSession  -   insert VariableInstanceEntity[id=4012, name=var3816, type=integer, longValue=3816, textValue=3816]
10:48:05,367 [main] DEBUG org.activiti.engine.impl.db.DbSqlSession  -   insert VariableInstanceEntity[id=4013, name=var3815, type=integer, longValue=3815, textValue=3815]
10:48:05,367 [main] DEBUG org.activiti.engine.impl.db.DbSqlSession  -   insert VariableInstanceEntity[id=4014, name=var3819, type=integer, longValue=3819, textValue=3819]
10:48:05,367 [main] DEBUG org.activiti.engine.impl.db.DbSqlSession  -   insert VariableInstanceEntity[id=4015, name=var3821, type=integer, longValue=3821, textValue=3821]
10:48:05,367 [main] DEBUG org.activiti.engine.impl.db.DbSqlSession  -   insert VariableInstanceEntity[id=4016, name=var3820, type=integer, longValue=3820, textValue=3820]
10:48:05,367 [main] DEBUG org.activiti.engine.impl.db.DbSqlSession  -   insert VariableInstanceEntity[id=4017, name=var3825, type=integer, longValue=3825, textValue=3825]
10:48:05,367 [main] DEBUG org.activiti.engine.impl.db.DbSqlSession  -   insert VariableInstanceEntity[id=4018, name=var3824, type=integer, longValue=3824, textValue=3824]
10:48:05,367 [main] DEBUG org.activiti.engine.impl.db.DbSqlSession  -   insert VariableInstanceEntity[id=4019, name=var3823, type=integer, longValue=3823, textValue=3823]
10:48:05,367 [main] DEBUG org.activiti.engine.impl.db.DbSqlSession  -   insert VariableInstanceEntity[id=4020, name=var3822, type=integer, longValue=3822, textValue=3822]
10:48:05,367 [main] DEBUG org.activiti.engine.impl.db.DbSqlSession  -   insert VariableInstanceEntity[id=4021, name=var3829, type=integer, longValue=3829, textValue=3829]
10:48:05,367 [main] DEBUG org.activiti.engine.impl.db.DbSqlSession  -   insert VariableInstanceEntity[id=4022, name=var3828, type=integer, longValue=3828, textValue=3828]
10:48:05,367 [main] DEBUG org.activiti.engine.impl.db.DbSqlSession  -   insert VariableInstanceEntity[id=4023, name=var3827, type=integer, longValue=3827, textValue=3827]
10:48:05,367 [main] DEBUG org.activiti.engine.impl.db.DbSqlSession  -   insert VariableInstanceEntity[id=4024, name=var3826, type=integer, longValue=3826, textValue=3826]
10:48:05,367 [main] DEBUG org.activiti.engine.impl.db.DbSqlSession  -   insert VariableInstanceEntity[id=4025, name=var2501, type=integer, longValue=2501, textValue=2501]
10:48:05,367 [main] DEBUG org.activiti.engine.impl.db.DbSqlSession  -   insert VariableInstanceEntity[id=4026, name=var3832, type=integer, longValue=3832, textValue=3832]
10:48:05,367 [main] DEBUG org.activiti.engine.impl.db.DbSqlSession  -   insert VariableInstanceEntity[id=4027, name=var2500, type=integer, longValue=2500, textValue=2500]
10:48:05,367 [main] DEBUG org.activiti.engine.impl.db.DbSqlSession  -   insert VariableInstanceEntity[id=4028, name=var3831, type=integer, longValue=3831, textValue=3831]
10:48:05,367 [main] DEBUG org.activiti.engine.impl.db.DbSqlSession  -   insert VariableInstanceEntity[id=4029, name=var3830, type=integer, longValue=3830, textValue=3830]
10:48:05,367 [main] DEBUG org.activiti.engine.impl.db.DbSqlSession  -   insert VariableInstanceEntity[id=4030, name=var2505, type=integer, longValue=2505, textValue=2505]
10:48:05,367 [main] DEBUG org.activiti.engine.impl.db.DbSqlSession  -   insert VariableInstanceEntity[id=4031, name=var3836, type=integer, longValue=3836, textValue=3836]
10:48:05,367 [main] DEBUG org.activiti.engine.impl.db.DbSqlSession  -   insert VariableInstanceEntity[id=4032, name=var2504, type=integer, longValue=2504, textValue=2504]
10:48:05,367 [main] DEBUG org.activiti.engine.impl.db.DbSqlSession  -   insert VariableInstanceEntity[id=4033, name=var3835, type=integer, longValue=3835, textValue=3835]
10:48:05,367 [main] DEBUG org.activiti.engine.impl.db.DbSqlSession  -   insert VariableInstanceEntity[id=4034, name=var2503, type=integer, longValue=2503, textValue=2503]
10:48:05,367 [main] DEBUG org.activiti.engine.impl.db.DbSqlSession  -   insert VariableInstanceEntity[id=4035, name=var3834, type=integer, longValue=3834, textValue=3834]
10:48:05,367 [main] DEBUG org.activiti.engine.impl.db.DbSqlSession  -   insert VariableInstanceEntity[id=4036, name=var2502, type=integer, longValue=2502, textValue=2502]
10:48:05,368 [main] DEBUG org.activiti.engine.impl.db.DbSqlSession  -   insert VariableInstanceEntity[id=4037, name=var3833, type=integer, longValue=3833, textValue=3833]
10:48:05,368 [main] DEBUG org.activiti.engine.impl.db.DbSqlSession  -   insert VariableInstanceEntity[id=4038, name=var2509, type=integer, longValue=2509, textValue=2509]
10:48:05,368 [main] DEBUG org.activiti.engine.impl.db.DbSqlSession  -   insert VariableInstanceEntity[id=4039, name=var2508, type=integer, longValue=2508, textValue=2508]
10:48:05,368 [main] DEBUG org.activiti.engine.impl.db.DbSqlSession  -   insert VariableInstanceEntity[id=4040, name=var3839, type=integer, longValue=3839, textValue=3839]
10:48:05,368 [main] DEBUG org.activiti.engine.impl.db.DbSqlSession  -   insert VariableInstanceEntity[id=4041, name=var2507, type=integer, longValue=2507, textValue=2507]
10:48:05,368 [main] DEBUG org.activiti.engine.impl.db.DbSqlSession  -   insert VariableInstanceEntity[id=4042, name=var3838, type=integer, longValue=3838, textValue=3838]
10:48:05,368 [main] DEBUG org.activiti.engine.impl.db.DbSqlSession  -   insert VariableInstanceEntity[id=4043, name=var2506, type=integer, longValue=2506, textValue=2506]
10:48:05,368 [main] DEBUG org.activiti.engine.impl.db.DbSqlSession  -   insert VariableInstanceEntity[id=4044, name=var3837, type=integer, longValue=3837, textValue=3837]
10:48:05,368 [main] DEBUG org.activiti.engine.impl.db.DbSqlSession  -   insert VariableInstanceEntity[id=4045, name=var2512, type=integer, longValue=2512, textValue=2512]
10:48:05,368 [main] DEBUG org.activiti.engine.impl.db.DbSqlSession  -   insert VariableInstanceEntity[id=4046, name=var3843, type=integer, longValue=3843, textValue=3843]
10:48:05,368 [main] DEBUG org.activiti.engine.impl.db.DbSqlSession  -   insert VariableInstanceEntity[id=4047, name=var2511, type=integer, longValue=2511, textValue=2511]
10:48:05,368 [main] DEBUG org.activiti.engine.impl.db.DbSqlSession  -   insert VariableInstanceEntity[id=4048, name=var3842, type=integer, longValue=3842, textValue=3842]
10:48:05,368 [main] DEBUG org.activiti.engine.impl.db.DbSqlSession  -   insert VariableInstanceEntity[id=4049, name=var2510, type=integer, longValue=2510, textValue=2510]
10:48:05,368 [main] DEBUG org.activiti.engine.impl.db.DbSqlSession  -   insert VariableInstanceEntity[id=4050, name=var3841, type=integer, longValue=3841, textValue=3841]
10:48:05,368 [main] DEBUG org.activiti.engine.impl.db.DbSqlSession  -   insert VariableInstanceEntity[id=4051, name=var3840, type=integer, longValue=3840, textValue=3840]
10:48:05,368 [main] DEBUG org.activiti.engine.impl.db.DbSqlSession  -   insert VariableInstanceEntity[id=4052, name=var2516, type=integer, longValue=2516, textValue=2516]
10:48:05,368 [main] DEBUG org.activiti.engine.impl.db.DbSqlSession  -   insert VariableInstanceEntity[id=4053, name=var3847, type=integer, longValue=3847, textValue=3847]
10:48:05,368 [main] DEBUG org.activiti.engine.impl.db.DbSqlSession  -   insert VariableInstanceEntity[id=4054, name=var2515, type=integer, longValue=2515, textValue=2515]
10:48:05,368 [main] DEBUG org.activiti.engine.impl.db.DbSqlSession  -   insert VariableInstanceEntity[id=4055, name=var3846, type=integer, longValue=3846, textValue=3846]
10:48:05,368 [main] DEBUG org.activiti.engine.impl.db.DbSqlSession  -   insert VariableInstanceEntity[id=4056, name=var2514, type=integer, longValue=2514, textValue=2514]
10:48:05,368 [main] DEBUG org.activiti.engine.impl.db.DbSqlSession  -   insert VariableInstanceEntity[id=4057, name=var3845, type=integer, longValue=3845, textValue=3845]
10:48:05,368 [main] DEBUG org.activiti.engine.impl.db.DbSqlSession  -   insert VariableInstanceEntity[id=4058, name=var2513, type=integer, longValue=2513, textValue=2513]
10:48:05,368 [main] DEBUG org.activiti.engine.impl.db.DbSqlSession  -   insert VariableInstanceEntity[id=4059, name=var3844, type=integer, longValue=3844, textValue=3844]
10:48:05,368 [main] DEBUG org.activiti.engine.impl.db.DbSqlSession  -   insert VariableInstanceEntity[id=4060, name=var2519, type=integer, longValue=2519, textValue=2519]
10:48:05,368 [main] DEBUG org.activiti.engine.impl.db.DbSqlSession  -   insert VariableInstanceEntity[id=4061, name=var2518, type=integer, longValue=2518, textValue=2518]
10:48:05,368 [main] DEBUG org.activiti.engine.impl.db.DbSqlSession  -   insert VariableInstanceEntity[id=4062, name=var3849, type=integer, longValue=3849, textValue=3849]
10:48:05,368 [main] DEBUG org.activiti.engine.impl.db.DbSqlSession  -   insert VariableInstanceEntity[id=4063, name=var2517, type=integer, longValue=2517, textValue=2517]
10:48:05,368 [main] DEBUG org.activiti.engine.impl.db.DbSqlSession  -   insert VariableInstanceEntity[id=4064, name=var3848, type=integer, longValue=3848, textValue=3848]
10:48:05,368 [main] DEBUG org.activiti.engine.impl.db.DbSqlSession  -   insert VariableInstanceEntity[id=4065, name=var3850, type=integer, longValue=3850, textValue=3850]
10:48:05,368 [main] DEBUG org.activiti.engine.impl.db.DbSqlSession  -   insert VariableInstanceEntity[id=4066, name=var2523, type=integer, longValue=2523, textValue=2523]
10:48:05,368 [main] DEBUG org.activiti.engine.impl.db.DbSqlSession  -   insert VariableInstanceEntity[id=4067, name=var3854, type=integer, longValue=3854, textValue=3854]
10:48:05,368 [main] DEBUG org.activiti.engine.impl.db.DbSqlSession  -   insert VariableInstanceEntity[id=4068, name=var2522, type=integer, longValue=2522, textValue=2522]
10:48:05,368 [main] DEBUG org.activiti.engine.impl.db.DbSqlSession  -   insert VariableInstanceEntity[id=4069, name=var3853, type=integer, longValue=3853, textValue=3853]
10:48:05,368 [main] DEBUG org.activiti.engine.impl.db.DbSqlSession  -   insert VariableInstanceEntity[id=4070, name=var2521, type=integer, longValue=2521, textValue=2521]
10:48:05,368 [main] DEBUG org.activiti.engine.impl.db.DbSqlSession  -   insert VariableInstanceEntity[id=4071, name=var3852, type=integer, longValue=3852, textValue=3852]
10:48:05,368 [main] DEBUG org.activiti.engine.impl.db.DbSqlSession  -   insert VariableInstanceEntity[id=4072, name=var2520, type=integer, longValue=2520, textValue=2520]
10:48:05,368 [main] DEBUG org.activiti.engine.impl.db.DbSqlSession  -   insert VariableInstanceEntity[id=4073, name=var3851, type=integer, longValue=3851, textValue=3851]
10:48:05,369 [main] DEBUG org.activiti.engine.impl.db.DbSqlSession  -   insert VariableInstanceEntity[id=4074, name=var2527, type=integer, longValue=2527, textValue=2527]
10:48:05,369 [main] DEBUG org.activiti.engine.impl.db.DbSqlSession  -   insert VariableInstanceEntity[id=4075, name=var3858, type=integer, longValue=3858, textValue=3858]
10:48:05,369 [main] DEBUG org.activiti.engine.impl.db.DbSqlSession  -   insert VariableInstanceEntity[id=4076, name=var2526, type=integer, longValue=2526, textValue=2526]
10:48:05,369 [main] DEBUG org.activiti.engine.impl.db.DbSqlSession  -   insert VariableInstanceEntity[id=4077, name=var3857, type=integer, longValue=3857, textValue=3857]
10:48:05,369 [main] DEBUG org.activiti.engine.impl.db.DbSqlSession  -   insert VariableInstanceEntity[id=4078, name=var2525, type=integer, longValue=2525, textValue=2525]
10:48:05,369 [main] DEBUG org.activiti.engine.impl.db.DbSqlSession  -   insert VariableInstanceEntity[id=4079, name=var3856, type=integer, longValue=3856, textValue=3856]
10:48:05,369 [main] DEBUG org.activiti.engine.impl.db.DbSqlSession  -   insert VariableInstanceEntity[id=4080, name=var2524, type=integer, longValue=2524, textValue=2524]
10:48:05,369 [main] DEBUG org.activiti.engine.impl.db.DbSqlSession  -   insert VariableInstanceEntity[id=4081, name=var3855, type=integer, longValue=3855, textValue=3855]
10:48:05,369 [main] DEBUG org.activiti.engine.impl.db.DbSqlSession  -   insert VariableInstanceEntity[id=4082, name=var2529, type=integer, longValue=2529, textValue=2529]
10:48:05,369 [main] DEBUG org.activiti.engine.impl.db.DbSqlSession  -   insert VariableInstanceEntity[id=4083, name=var2528, type=integer, longValue=2528, textValue=2528]
10:48:05,369 [main] DEBUG org.activiti.engine.impl.db.DbSqlSession  -   insert VariableInstanceEntity[id=4084, name=var3859, type=integer, longValue=3859, textValue=3859]
10:48:05,369 [main] DEBUG org.activiti.engine.impl.db.DbSqlSession  -   insert VariableInstanceEntity[id=4085, name=var2530, type=integer, longValue=2530, textValue=2530]
10:48:05,369 [main] DEBUG org.activiti.engine.impl.db.DbSqlSession  -   insert VariableInstanceEntity[id=4086, name=var3861, type=integer, longValue=3861, textValue=3861]
10:48:05,369 [main] DEBUG org.activiti.engine.impl.db.DbSqlSession  -   insert VariableInstanceEntity[id=4087, name=var3860, type=integer, longValue=3860, textValue=3860]
10:48:05,369 [main] DEBUG org.activiti.engine.impl.db.DbSqlSession  -   insert VariableInstanceEntity[id=4088, name=var1202, type=integer, longValue=1202, textValue=1202]
10:48:05,369 [main] DEBUG org.activiti.engine.impl.db.DbSqlSession  -   insert VariableInstanceEntity[id=4089, name=var2534, type=integer, longValue=2534, textValue=2534]
10:48:05,369 [main] DEBUG org.activiti.engine.impl.db.DbSqlSession  -   insert VariableInstanceEntity[id=4090, name=var3865, type=integer, longValue=3865, textValue=3865]
10:48:05,369 [main] DEBUG org.activiti.engine.impl.db.DbSqlSession  -   insert VariableInstanceEntity[id=4091, name=var1203, type=integer, longValue=1203, textValue=1203]
10:48:05,369 [main] DEBUG org.activiti.engine.impl.db.DbSqlSession  -   insert VariableInstanceEntity[id=4092, name=var2533, type=integer, longValue=2533, textValue=2533]
10:48:05,369 [main] DEBUG org.activiti.engine.impl.db.DbSqlSession  -   insert VariableInstanceEntity[id=4093, name=var3864, type=integer, longValue=3864, textValue=3864]
10:48:05,369 [main] DEBUG org.activiti.engine.impl.db.DbSqlSession  -   insert VariableInstanceEntity[id=4094, name=var1200, type=integer, longValue=1200, textValue=1200]
10:48:05,369 [main] DEBUG org.activiti.engine.impl.db.DbSqlSession  -   insert VariableInstanceEntity[id=4095, name=var2532, type=integer, longValue=2532, textValue=2532]
10:48:05,369 [main] DEBUG org.activiti.engine.impl.db.DbSqlSession  -   insert VariableInstanceEntity[id=4096, name=var3863, type=integer, longValue=3863, textValue=3863]
10:48:05,369 [main] DEBUG org.activiti.engine.impl.db.DbSqlSession  -   insert VariableInstanceEntity[id=4097, name=var1201, type=integer, longValue=1201, textValue=1201]
10:48:05,369 [main] DEBUG org.activiti.engine.impl.db.DbSqlSession  -   insert VariableInstanceEntity[id=4098, name=var2531, type=integer, longValue=2531, textValue=2531]
10:48:05,369 [main] DEBUG org.activiti.engine.impl.db.DbSqlSession  -   insert VariableInstanceEntity[id=4099, name=var3862, type=integer, longValue=3862, textValue=3862]
10:48:05,369 [main] DEBUG org.activiti.engine.impl.db.DbSqlSession  -   insert VariableInstanceEntity[id=4100, name=var1206, type=integer, longValue=1206, textValue=1206]
10:48:05,369 [main] DEBUG org.activiti.engine.impl.db.DbSqlSession  -   insert VariableInstanceEntity[id=4101, name=var2538, type=integer, longValue=2538, textValue=2538]
10:48:05,369 [main] DEBUG org.activiti.engine.impl.db.DbSqlSession  -   insert VariableInstanceEntity[id=4102, name=var3869, type=integer, longValue=3869, textValue=3869]
10:48:05,369 [main] DEBUG org.activiti.engine.impl.db.DbSqlSession  -   insert VariableInstanceEntity[id=4103, name=var1207, type=integer, longValue=1207, textValue=1207]
10:48:05,369 [main] DEBUG org.activiti.engine.impl.db.DbSqlSession  -   insert VariableInstanceEntity[id=4104, name=var2537, type=integer, longValue=2537, textValue=2537]
10:48:05,369 [main] DEBUG org.activiti.engine.impl.db.DbSqlSession  -   insert VariableInstanceEntity[id=4105, name=var3868, type=integer, longValue=3868, textValue=3868]
10:48:05,369 [main] DEBUG org.activiti.engine.impl.db.DbSqlSession  -   insert VariableInstanceEntity[id=4106, name=var1204, type=integer, longValue=1204, textValue=1204]
10:48:05,369 [main] DEBUG org.activiti.engine.impl.db.DbSqlSession  -   insert VariableInstanceEntity[id=4107, name=var2536, type=integer, longValue=2536, textValue=2536]
10:48:05,369 [main] DEBUG org.activiti.engine.impl.db.DbSqlSession  -   insert VariableInstanceEntity[id=4108, name=var3867, type=integer, longValue=3867, textValue=3867]
10:48:05,369 [main] DEBUG org.activiti.engine.impl.db.DbSqlSession  -   insert VariableInstanceEntity[id=4109, name=var1205, type=integer, longValue=1205, textValue=1205]
10:48:05,369 [main] DEBUG org.activiti.engine.impl.db.DbSqlSession  -   insert VariableInstanceEntity[id=4110, name=var2535, type=integer, longValue=2535, textValue=2535]
10:48:05,370 [main] DEBUG org.activiti.engine.impl.db.DbSqlSession  -   insert VariableInstanceEntity[id=4111, name=var3866, type=integer, longValue=3866, textValue=3866]
10:48:05,370 [main] DEBUG org.activiti.engine.impl.db.DbSqlSession  -   insert VariableInstanceEntity[id=4112, name=var1208, type=integer, longValue=1208, textValue=1208]
10:48:05,370 [main] DEBUG org.activiti.engine.impl.db.DbSqlSession  -   insert VariableInstanceEntity[id=4113, name=var1209, type=integer, longValue=1209, textValue=1209]
10:48:05,370 [main] DEBUG org.activiti.engine.impl.db.DbSqlSession  -   insert VariableInstanceEntity[id=4114, name=var2539, type=integer, longValue=2539, textValue=2539]
10:48:05,370 [main] DEBUG org.activiti.engine.impl.db.DbSqlSession  -   insert VariableInstanceEntity[id=4115, name=var2541, type=integer, longValue=2541, textValue=2541]
10:48:05,370 [main] DEBUG org.activiti.engine.impl.db.DbSqlSession  -   insert VariableInstanceEntity[id=4116, name=var3872, type=integer, longValue=3872, textValue=3872]
10:48:05,370 [main] DEBUG org.activiti.engine.impl.db.DbSqlSession  -   insert VariableInstanceEntity[id=4117, name=var1210, type=integer, longValue=1210, textValue=1210]
10:48:05,370 [main] DEBUG org.activiti.engine.impl.db.DbSqlSession  -   insert VariableInstanceEntity[id=4118, name=var2540, type=integer, longValue=2540, textValue=2540]
10:48:05,370 [main] DEBUG org.activiti.engine.impl.db.DbSqlSession  -   insert VariableInstanceEntity[id=4119, name=var3871, type=integer, longValue=3871, textValue=3871]
10:48:05,370 [main] DEBUG org.activiti.engine.impl.db.DbSqlSession  -   insert VariableInstanceEntity[id=4120, name=var3870, type=integer, longValue=3870, textValue=3870]
10:48:05,370 [main] DEBUG org.activiti.engine.impl.db.DbSqlSession  -   insert VariableInstanceEntity[id=4121, name=var1213, type=integer, longValue=1213, textValue=1213]
10:48:05,370 [main] DEBUG org.activiti.engine.impl.db.DbSqlSession  -   insert VariableInstanceEntity[id=4122, name=var2545, type=integer, longValue=2545, textValue=2545]
10:48:05,370 [main] DEBUG org.activiti.engine.impl.db.DbSqlSession  -   insert VariableInstanceEntity[id=4123, name=var3876, type=integer, longValue=3876, textValue=3876]
10:48:05,370 [main] DEBUG org.activiti.engine.impl.db.DbSqlSession  -   insert VariableInstanceEntity[id=4124, name=var1214, type=integer, longValue=1214, textValue=1214]
10:48:05,370 [main] DEBUG org.activiti.engine.impl.db.DbSqlSession  -   insert VariableInstanceEntity[id=4125, name=var2544, type=integer, longValue=2544, textValue=2544]
10:48:05,370 [main] DEBUG org.activiti.engine.impl.db.DbSqlSession  -   insert VariableInstanceEntity[id=4126, name=var3875, type=integer, longValue=3875, textValue=3875]
10:48:05,370 [main] DEBUG org.activiti.engine.impl.db.DbSqlSession  -   insert VariableInstanceEntity[id=4127, name=var1211, type=integer, longValue=1211, textValue=1211]
10:48:05,370 [main] DEBUG org.activiti.engine.impl.db.DbSqlSession  -   insert VariableInstanceEntity[id=4128, name=var2543, type=integer, longValue=2543, textValue=2543]
10:48:05,370 [main] DEBUG org.activiti.engine.impl.db.DbSqlSession  -   insert VariableInstanceEntity[id=4129, name=var3874, type=integer, longValue=3874, textValue=3874]
10:48:05,370 [main] DEBUG org.activiti.engine.impl.db.DbSqlSession  -   insert VariableInstanceEntity[id=4130, name=var1212, type=integer, longValue=1212, textValue=1212]
10:48:05,370 [main] DEBUG org.activiti.engine.impl.db.DbSqlSession  -   insert VariableInstanceEntity[id=4131, name=var2542, type=integer, longValue=2542, textValue=2542]
10:48:05,370 [main] DEBUG org.activiti.engine.impl.db.DbSqlSession  -   insert VariableInstanceEntity[id=4132, name=var3873, type=integer, longValue=3873, textValue=3873]
10:48:05,370 [main] DEBUG org.activiti.engine.impl.db.DbSqlSession  -   insert VariableInstanceEntity[id=4133, name=var1217, type=integer, longValue=1217, textValue=1217]
10:48:05,370 [main] DEBUG org.activiti.engine.impl.db.DbSqlSession  -   insert VariableInstanceEntity[id=4134, name=var2549, type=integer, longValue=2549, textValue=2549]
10:48:05,370 [main] DEBUG org.activiti.engine.impl.db.DbSqlSession  -   insert VariableInstanceEntity[id=4135, name=var1218, type=integer, longValue=1218, textValue=1218]
10:48:05,370 [main] DEBUG org.activiti.engine.impl.db.DbSqlSession  -   insert VariableInstanceEntity[id=4136, name=var2548, type=integer, longValue=2548, textValue=2548]
10:48:05,370 [main] DEBUG org.activiti.engine.impl.db.DbSqlSession  -   insert VariableInstanceEntity[id=4137, name=var3879, type=integer, longValue=3879, textValue=3879]
10:48:05,370 [main] DEBUG org.activiti.engine.impl.db.DbSqlSession  -   insert VariableInstanceEntity[id=4138, name=var1215, type=integer, longValue=1215, textValue=1215]
10:48:05,370 [main] DEBUG org.activiti.engine.impl.db.DbSqlSession  -   insert VariableInstanceEntity[id=4139, name=var2547, type=integer, longValue=2547, textValue=2547]
10:48:05,370 [main] DEBUG org.activiti.engine.impl.db.DbSqlSession  -   insert VariableInstanceEntity[id=4140, name=var3878, type=integer, longValue=3878, textValue=3878]
10:48:05,370 [main] DEBUG org.activiti.engine.impl.db.DbSqlSession  -   insert VariableInstanceEntity[id=4141, name=var1216, type=integer, longValue=1216, textValue=1216]
10:48:05,370 [main] DEBUG org.activiti.engine.impl.db.DbSqlSession  -   insert VariableInstanceEntity[id=4142, name=var2546, type=integer, longValue=2546, textValue=2546]
10:48:05,370 [main] DEBUG org.activiti.engine.impl.db.DbSqlSession  -   insert VariableInstanceEntity[id=4143, name=var3877, type=integer, longValue=3877, textValue=3877]
10:48:05,370 [main] DEBUG org.activiti.engine.impl.db.DbSqlSession  -   insert VariableInstanceEntity[id=4144, name=var1219, type=integer, longValue=1219, textValue=1219]
10:48:05,370 [main] DEBUG org.activiti.engine.impl.db.DbSqlSession  -   insert VariableInstanceEntity[id=4145, name=var1220, type=integer, longValue=1220, textValue=1220]
10:48:05,370 [main] DEBUG org.activiti.engine.impl.db.DbSqlSession  -   insert VariableInstanceEntity[id=4146, name=var2552, type=integer, longValue=2552, textValue=2552]
10:48:05,370 [main] DEBUG org.activiti.engine.impl.db.DbSqlSession  -   insert VariableInstanceEntity[id=4147, name=var3883, type=integer, longValue=3883, textValue=3883]
10:48:05,370 [main] DEBUG org.activiti.engine.impl.db.DbSqlSession  -   insert VariableInstanceEntity[id=4148, name=var1221, type=integer, longValue=1221, textValue=1221]
10:48:05,370 [main] DEBUG org.activiti.engine.impl.db.DbSqlSession  -   insert VariableInstanceEntity[id=4149, name=var2551, type=integer, longValue=2551, textValue=2551]
10:48:05,370 [main] DEBUG org.activiti.engine.impl.db.DbSqlSession  -   insert VariableInstanceEntity[id=4150, name=var3882, type=integer, longValue=3882, textValue=3882]
10:48:05,370 [main] DEBUG org.activiti.engine.impl.db.DbSqlSession  -   insert VariableInstanceEntity[id=4151, name=var2550, type=integer, longValue=2550, textValue=2550]
10:48:05,370 [main] DEBUG org.activiti.engine.impl.db.DbSqlSession  -   insert VariableInstanceEntity[id=4152, name=var3881, type=integer, longValue=3881, textValue=3881]
10:48:05,370 [main] DEBUG org.activiti.engine.impl.db.DbSqlSession  -   insert VariableInstanceEntity[id=4153, name=var3880, type=integer, longValue=3880, textValue=3880]
10:48:05,370 [main] DEBUG org.activiti.engine.impl.db.DbSqlSession  -   insert VariableInstanceEntity[id=4154, name=var1224, type=integer, longValue=1224, textValue=1224]
10:48:05,370 [main] DEBUG org.activiti.engine.impl.db.DbSqlSession  -   insert VariableInstanceEntity[id=4155, name=var2556, type=integer, longValue=2556, textValue=2556]
10:48:05,370 [main] DEBUG org.activiti.engine.impl.db.DbSqlSession  -   insert VariableInstanceEntity[id=4156, name=var3887, type=integer, longValue=3887, textValue=3887]
10:48:05,370 [main] DEBUG org.activiti.engine.impl.db.DbSqlSession  -   insert VariableInstanceEntity[id=4157, name=var1225, type=integer, longValue=1225, textValue=1225]
10:48:05,370 [main] DEBUG org.activiti.engine.impl.db.DbSqlSession  -   insert VariableInstanceEntity[id=4158, name=var2555, type=integer, longValue=2555, textValue=2555]
10:48:05,370 [main] DEBUG org.activiti.engine.impl.db.DbSqlSession  -   insert VariableInstanceEntity[id=4159, name=var3886, type=integer, longValue=3886, textValue=3886]
10:48:05,370 [main] DEBUG org.activiti.engine.impl.db.DbSqlSession  -   insert VariableInstanceEntity[id=4160, name=var1222, type=integer, longValue=1222, textValue=1222]
10:48:05,370 [main] DEBUG org.activiti.engine.impl.db.DbSqlSession  -   insert VariableInstanceEntity[id=4161, name=var2554, type=integer, longValue=2554, textValue=2554]
10:48:05,370 [main] DEBUG org.activiti.engine.impl.db.DbSqlSession  -   insert VariableInstanceEntity[id=4162, name=var3885, type=integer, longValue=3885, textValue=3885]
10:48:05,370 [main] DEBUG org.activiti.engine.impl.db.DbSqlSession  -   insert VariableInstanceEntity[id=4163, name=var1223, type=integer, longValue=1223, textValue=1223]
10:48:05,370 [main] DEBUG org.activiti.engine.impl.db.DbSqlSession  -   insert VariableInstanceEntity[id=4164, name=var2553, type=integer, longValue=2553, textValue=2553]
10:48:05,370 [main] DEBUG org.activiti.engine.impl.db.DbSqlSession  -   insert VariableInstanceEntity[id=4165, name=var3884, type=integer, longValue=3884, textValue=3884]
10:48:05,370 [main] DEBUG org.activiti.engine.impl.db.DbSqlSession  -   insert VariableInstanceEntity[id=4166, name=var1228, type=integer, longValue=1228, textValue=1228]
10:48:05,371 [main] DEBUG org.activiti.engine.impl.db.DbSqlSession  -   insert VariableInstanceEntity[id=4167, name=var1229, type=integer, longValue=1229, textValue=1229]
10:48:05,371 [main] DEBUG org.activiti.engine.impl.db.DbSqlSession  -   insert VariableInstanceEntity[id=4168, name=var2559, type=integer, longValue=2559, textValue=2559]
10:48:05,371 [main] DEBUG org.activiti.engine.impl.db.DbSqlSession  -   insert VariableInstanceEntity[id=4169, name=var1226, type=integer, longValue=1226, textValue=1226]
10:48:05,371 [main] DEBUG org.activiti.engine.impl.db.DbSqlSession  -   insert VariableInstanceEntity[id=4170, name=var2558, type=integer, longValue=2558, textValue=2558]
10:48:05,371 [main] DEBUG org.activiti.engine.impl.db.DbSqlSession  -   insert VariableInstanceEntity[id=4171, name=var3889, type=integer, longValue=3889, textValue=3889]
10:48:05,371 [main] DEBUG org.activiti.engine.impl.db.DbSqlSession  -   insert VariableInstanceEntity[id=4172, name=var1227, type=integer, longValue=1227, textValue=1227]
10:48:05,371 [main] DEBUG org.activiti.engine.impl.db.DbSqlSession  -   insert VariableInstanceEntity[id=4173, name=var2557, type=integer, longValue=2557, textValue=2557]
10:48:05,371 [main] DEBUG org.activiti.engine.impl.db.DbSqlSession  -   insert VariableInstanceEntity[id=4174, name=var3888, type=integer, longValue=3888, textValue=3888]
10:48:05,371 [main] DEBUG org.activiti.engine.impl.db.DbSqlSession  -   insert VariableInstanceEntity[id=4175, name=var3890, type=integer, longValue=3890, textValue=3890]
10:48:05,371 [main] DEBUG org.activiti.engine.impl.db.DbSqlSession  -   insert VariableInstanceEntity[id=4176, name=var1231, type=integer, longValue=1231, textValue=1231]
10:48:05,371 [main] DEBUG org.activiti.engine.impl.db.DbSqlSession  -   insert VariableInstanceEntity[id=4177, name=var2563, type=integer, longValue=2563, textValue=2563]
10:48:05,371 [main] DEBUG org.activiti.engine.impl.db.DbSqlSession  -   insert VariableInstanceEntity[id=4178, name=var3894, type=integer, longValue=3894, textValue=3894]
10:48:05,371 [main] DEBUG org.activiti.engine.impl.db.DbSqlSession  -   insert VariableInstanceEntity[id=4179, name=var1232, type=integer, longValue=1232, textValue=1232]
10:48:05,371 [main] DEBUG org.activiti.engine.impl.db.DbSqlSession  -   insert VariableInstanceEntity[id=4180, name=var2562, type=integer, longValue=2562, textValue=2562]
10:48:05,371 [main] DEBUG org.activiti.engine.impl.db.DbSqlSession  -   insert VariableInstanceEntity[id=4181, name=var3893, type=integer, longValue=3893, textValue=3893]
10:48:05,371 [main] DEBUG org.activiti.engine.impl.db.DbSqlSession  -   insert VariableInstanceEntity[id=4182, name=var2561, type=integer, longValue=2561, textValue=2561]
10:48:05,371 [main] DEBUG org.activiti.engine.impl.db.DbSqlSession  -   insert VariableInstanceEntity[id=4183, name=var3892, type=integer, longValue=3892, textValue=3892]
10:48:05,371 [main] DEBUG org.activiti.engine.impl.db.DbSqlSession  -   insert VariableInstanceEntity[id=4184, name=var1230, type=integer, longValue=1230, textValue=1230]
10:48:05,371 [main] DEBUG org.activiti.engine.impl.db.DbSqlSession  -   insert VariableInstanceEntity[id=4185, name=var2560, type=integer, longValue=2560, textValue=2560]
10:48:05,371 [main] DEBUG org.activiti.engine.impl.db.DbSqlSession  -   insert VariableInstanceEntity[id=4186, name=var3891, type=integer, longValue=3891, textValue=3891]
10:48:05,371 [main] DEBUG org.activiti.engine.impl.db.DbSqlSession  -   insert VariableInstanceEntity[id=4187, name=var1235, type=integer, longValue=1235, textValue=1235]
10:48:05,371 [main] DEBUG org.activiti.engine.impl.db.DbSqlSession  -   insert VariableInstanceEntity[id=4188, name=var2567, type=integer, longValue=2567, textValue=2567]
10:48:05,371 [main] DEBUG org.activiti.engine.impl.db.DbSqlSession  -   insert VariableInstanceEntity[id=4189, name=var3898, type=integer, longValue=3898, textValue=3898]
10:48:05,371 [main] DEBUG org.activiti.engine.impl.db.DbSqlSession  -   insert VariableInstanceEntity[id=4190, name=var1236, type=integer, longValue=1236, textValue=1236]
10:48:05,371 [main] DEBUG org.activiti.engine.impl.db.DbSqlSession  -   insert VariableInstanceEntity[id=4191, name=var2566, type=integer, longValue=2566, textValue=2566]
10:48:05,371 [main] DEBUG org.activiti.engine.impl.db.DbSqlSession  -   insert VariableInstanceEntity[id=4192, name=var3897, type=integer, longValue=3897, textValue=3897]
10:48:05,371 [main] DEBUG org.activiti.engine.impl.db.DbSqlSession  -   insert VariableInstanceEntity[id=4193, name=var1233, type=integer, longValue=1233, textValue=1233]
10:48:05,371 [main] DEBUG org.activiti.engine.impl.db.DbSqlSession  -   insert VariableInstanceEntity[id=4194, name=var2565, type=integer, longValue=2565, textValue=2565]
10:48:05,371 [main] DEBUG org.activiti.engine.impl.db.DbSqlSession  -   insert VariableInstanceEntity[id=4195, name=var3896, type=integer, longValue=3896, textValue=3896]
10:48:05,371 [main] DEBUG org.activiti.engine.impl.db.DbSqlSession  -   insert VariableInstanceEntity[id=4196, name=var1234, type=integer, longValue=1234, textValue=1234]
10:48:05,371 [main] DEBUG org.activiti.engine.impl.db.DbSqlSession  -   insert VariableInstanceEntity[id=4197, name=var2564, type=integer, longValue=2564, textValue=2564]
10:48:05,371 [main] DEBUG org.activiti.engine.impl.db.DbSqlSession  -   insert VariableInstanceEntity[id=4198, name=var3895, type=integer, longValue=3895, textValue=3895]
10:48:05,371 [main] DEBUG org.activiti.engine.impl.db.DbSqlSession  -   insert VariableInstanceEntity[id=4199, name=var1239, type=integer, longValue=1239, textValue=1239]
10:48:05,371 [main] DEBUG org.activiti.engine.impl.db.DbSqlSession  -   insert VariableInstanceEntity[id=4200, name=var1237, type=integer, longValue=1237, textValue=1237]
10:48:05,371 [main] DEBUG org.activiti.engine.impl.db.DbSqlSession  -   insert VariableInstanceEntity[id=4201, name=var2569, type=integer, longValue=2569, textValue=2569]
10:48:05,371 [main] DEBUG org.activiti.engine.impl.db.DbSqlSession  -   insert VariableInstanceEntity[id=4202, name=var1238, type=integer, longValue=1238, textValue=1238]
10:48:05,371 [main] DEBUG org.activiti.engine.impl.db.DbSqlSession  -   insert VariableInstanceEntity[id=4203, name=var2568, type=integer, longValue=2568, textValue=2568]
10:48:05,372 [main] DEBUG org.activiti.engine.impl.db.DbSqlSession  -   insert VariableInstanceEntity[id=4204, name=var3899, type=integer, longValue=3899, textValue=3899]
10:48:05,372 [main] DEBUG org.activiti.engine.impl.db.DbSqlSession  -   insert VariableInstanceEntity[id=4205, name=var3780, type=integer, longValue=3780, textValue=3780]
10:48:05,372 [main] DEBUG org.activiti.engine.impl.db.DbSqlSession  -   insert VariableInstanceEntity[id=4206, name=var1121, type=integer, longValue=1121, textValue=1121]
10:48:05,372 [main] DEBUG org.activiti.engine.impl.db.DbSqlSession  -   insert VariableInstanceEntity[id=4207, name=var2453, type=integer, longValue=2453, textValue=2453]
10:48:05,372 [main] DEBUG org.activiti.engine.impl.db.DbSqlSession  -   insert VariableInstanceEntity[id=4208, name=var3784, type=integer, longValue=3784, textValue=3784]
10:48:05,372 [main] DEBUG org.activiti.engine.impl.db.DbSqlSession  -   insert VariableInstanceEntity[id=4209, name=var1122, type=integer, longValue=1122, textValue=1122]
10:48:05,372 [main] DEBUG org.activiti.engine.impl.db.DbSqlSession  -   insert VariableInstanceEntity[id=4210, name=var2452, type=integer, longValue=2452, textValue=2452]
10:48:05,372 [main] DEBUG org.activiti.engine.impl.db.DbSqlSession  -   insert VariableInstanceEntity[id=4211, name=var3783, type=integer, longValue=3783, textValue=3783]
10:48:05,372 [main] DEBUG org.activiti.engine.impl.db.DbSqlSession  -   insert VariableInstanceEntity[id=4212, name=var2451, type=integer, longValue=2451, textValue=2451]
10:48:05,372 [main] DEBUG org.activiti.engine.impl.db.DbSqlSession  -   insert VariableInstanceEntity[id=4213, name=var3782, type=integer, longValue=3782, textValue=3782]
10:48:05,372 [main] DEBUG org.activiti.engine.impl.db.DbSqlSession  -   insert VariableInstanceEntity[id=4214, name=var1120, type=integer, longValue=1120, textValue=1120]
10:48:05,372 [main] DEBUG org.activiti.engine.impl.db.DbSqlSession  -   insert VariableInstanceEntity[id=4215, name=var2450, type=integer, longValue=2450, textValue=2450]
10:48:05,372 [main] DEBUG org.activiti.engine.impl.db.DbSqlSession  -   insert VariableInstanceEntity[id=4216, name=var3781, type=integer, longValue=3781, textValue=3781]
10:48:05,372 [main] DEBUG org.activiti.engine.impl.db.DbSqlSession  -   insert VariableInstanceEntity[id=4217, name=var545, type=integer, longValue=545, textValue=545]
10:48:05,372 [main] DEBUG org.activiti.engine.impl.db.DbSqlSession  -   insert VariableInstanceEntity[id=4218, name=var1125, type=integer, longValue=1125, textValue=1125]
10:48:05,372 [main] DEBUG org.activiti.engine.impl.db.DbSqlSession  -   insert VariableInstanceEntity[id=4219, name=var2457, type=integer, longValue=2457, textValue=2457]
10:48:05,372 [main] DEBUG org.activiti.engine.impl.db.DbSqlSession  -   insert VariableInstanceEntity[id=4220, name=var3788, type=integer, longValue=3788, textValue=3788]
10:48:05,372 [main] DEBUG org.activiti.engine.impl.db.DbSqlSession  -   insert VariableInstanceEntity[id=4221, name=var544, type=integer, longValue=544, textValue=544]
10:48:05,372 [main] DEBUG org.activiti.engine.impl.db.DbSqlSession  -   insert VariableInstanceEntity[id=4222, name=var1126, type=integer, longValue=1126, textValue=1126]
10:48:05,372 [main] DEBUG org.activiti.engine.impl.db.DbSqlSession  -   insert VariableInstanceEntity[id=4223, name=var2456, type=integer, longValue=2456, textValue=2456]
10:48:05,372 [main] DEBUG org.activiti.engine.impl.db.DbSqlSession  -   insert VariableInstanceEntity[id=4224, name=var3787, type=integer, longValue=3787, textValue=3787]
10:48:05,372 [main] DEBUG org.activiti.engine.impl.db.DbSqlSession  -   insert VariableInstanceEntity[id=4225, name=var543, type=integer, longValue=543, textValue=543]
10:48:05,372 [main] DEBUG org.activiti.engine.impl.db.DbSqlSession  -   insert VariableInstanceEntity[id=4226, name=var1123, type=integer, longValue=1123, textValue=1123]
10:48:05,372 [main] DEBUG org.activiti.engine.impl.db.DbSqlSession  -   insert VariableInstanceEntity[id=4227, name=var2455, type=integer, longValue=2455, textValue=2455]
10:48:05,372 [main] DEBUG org.activiti.engine.impl.db.DbSqlSession  -   insert VariableInstanceEntity[id=4228, name=var3786, type=integer, longValue=3786, textValue=3786]
10:48:05,372 [main] DEBUG org.activiti.engine.impl.db.DbSqlSession  -   insert VariableInstanceEntity[id=4229, name=var542, type=integer, longValue=542, textValue=542]
10:48:05,372 [main] DEBUG org.activiti.engine.impl.db.DbSqlSession  -   insert VariableInstanceEntity[id=4230, name=var1124, type=integer, longValue=1124, textValue=1124]
10:48:05,372 [main] DEBUG org.activiti.engine.impl.db.DbSqlSession  -   insert VariableInstanceEntity[id=4231, name=var2454, type=integer, longValue=2454, textValue=2454]
10:48:05,372 [main] DEBUG org.activiti.engine.impl.db.DbSqlSession  -   insert VariableInstanceEntity[id=4232, name=var3785, type=integer, longValue=3785, textValue=3785]
10:48:05,372 [main] DEBUG org.activiti.engine.impl.db.DbSqlSession  -   insert VariableInstanceEntity[id=4233, name=var541, type=integer, longValue=541, textValue=541]
10:48:05,372 [main] DEBUG org.activiti.engine.impl.db.DbSqlSession  -   insert VariableInstanceEntity[id=4234, name=var1129, type=integer, longValue=1129, textValue=1129]
10:48:05,372 [main] DEBUG org.activiti.engine.impl.db.DbSqlSession  -   insert VariableInstanceEntity[id=4235, name=var540, type=integer, longValue=540, textValue=540]
10:48:05,372 [main] DEBUG org.activiti.engine.impl.db.DbSqlSession  -   insert VariableInstanceEntity[id=4236, name=var1127, type=integer, longValue=1127, textValue=1127]
10:48:05,372 [main] DEBUG org.activiti.engine.impl.db.DbSqlSession  -   insert VariableInstanceEntity[id=4237, name=var2459, type=integer, longValue=2459, textValue=2459]
10:48:05,372 [main] DEBUG org.activiti.engine.impl.db.DbSqlSession  -   insert VariableInstanceEntity[id=4238, name=var1128, type=integer, longValue=1128, textValue=1128]
10:48:05,372 [main] DEBUG org.activiti.engine.impl.db.DbSqlSession  -   insert VariableInstanceEntity[id=4239, name=var2458, type=integer, longValue=2458, textValue=2458]
10:48:05,372 [main] DEBUG org.activiti.engine.impl.db.DbSqlSession  -   insert VariableInstanceEntity[id=4240, name=var3789, type=integer, longValue=3789, textValue=3789]
10:48:05,372 [main] DEBUG org.activiti.engine.impl.db.DbSqlSession  -   insert VariableInstanceEntity[id=4241, name=var549, type=integer, longValue=549, textValue=549]
10:48:05,372 [main] DEBUG org.activiti.engine.impl.db.DbSqlSession  -   insert VariableInstanceEntity[id=4242, name=var548, type=integer, longValue=548, textValue=548]
10:48:05,372 [main] DEBUG org.activiti.engine.impl.db.DbSqlSession  -   insert VariableInstanceEntity[id=4243, name=var547, type=integer, longValue=547, textValue=547]
10:48:05,372 [main] DEBUG org.activiti.engine.impl.db.DbSqlSession  -   insert VariableInstanceEntity[id=4244, name=var546, type=integer, longValue=546, textValue=546]
10:48:05,373 [main] DEBUG org.activiti.engine.impl.db.DbSqlSession  -   insert VariableInstanceEntity[id=4245, name=var2460, type=integer, longValue=2460, textValue=2460]
10:48:05,373 [main] DEBUG org.activiti.engine.impl.db.DbSqlSession  -   insert VariableInstanceEntity[id=4246, name=var3791, type=integer, longValue=3791, textValue=3791]
10:48:05,373 [main] DEBUG org.activiti.engine.impl.db.DbSqlSession  -   insert VariableInstanceEntity[id=4247, name=var3790, type=integer, longValue=3790, textValue=3790]
10:48:05,373 [main] DEBUG org.activiti.engine.impl.db.DbSqlSession  -   insert VariableInstanceEntity[id=4248, name=var1132, type=integer, longValue=1132, textValue=1132]
10:48:05,373 [main] DEBUG org.activiti.engine.impl.db.DbSqlSession  -   insert VariableInstanceEntity[id=4249, name=var2464, type=integer, longValue=2464, textValue=2464]
10:48:05,373 [main] DEBUG org.activiti.engine.impl.db.DbSqlSession  -   insert VariableInstanceEntity[id=4250, name=var3795, type=integer, longValue=3795, textValue=3795]
10:48:05,373 [main] DEBUG org.activiti.engine.impl.db.DbSqlSession  -   insert VariableInstanceEntity[id=4251, name=var1133, type=integer, longValue=1133, textValue=1133]
10:48:05,373 [main] DEBUG org.activiti.engine.impl.db.DbSqlSession  -   insert VariableInstanceEntity[id=4252, name=var2463, type=integer, longValue=2463, textValue=2463]
10:48:05,373 [main] DEBUG org.activiti.engine.impl.db.DbSqlSession  -   insert VariableInstanceEntity[id=4253, name=var3794, type=integer, longValue=3794, textValue=3794]
10:48:05,373 [main] DEBUG org.activiti.engine.impl.db.DbSqlSession  -   insert VariableInstanceEntity[id=4254, name=var1130, type=integer, longValue=1130, textValue=1130]
10:48:05,373 [main] DEBUG org.activiti.engine.impl.db.DbSqlSession  -   insert VariableInstanceEntity[id=4255, name=var2462, type=integer, longValue=2462, textValue=2462]
10:48:05,373 [main] DEBUG org.activiti.engine.impl.db.DbSqlSession  -   insert VariableInstanceEntity[id=4256, name=var3793, type=integer, longValue=3793, textValue=3793]
10:48:05,373 [main] DEBUG org.activiti.engine.impl.db.DbSqlSession  -   insert VariableInstanceEntity[id=4257, name=var1131, type=integer, longValue=1131, textValue=1131]
10:48:05,373 [main] DEBUG org.activiti.engine.impl.db.DbSqlSession  -   insert VariableInstanceEntity[id=4258, name=var2461, type=integer, longValue=2461, textValue=2461]
10:48:05,373 [main] DEBUG org.activiti.engine.impl.db.DbSqlSession  -   insert VariableInstanceEntity[id=4259, name=var3792, type=integer, longValue=3792, textValue=3792]
10:48:05,373 [main] DEBUG org.activiti.engine.impl.db.DbSqlSession  -   insert VariableInstanceEntity[id=4260, name=var534, type=integer, longValue=534, textValue=534]
10:48:05,373 [main] DEBUG org.activiti.engine.impl.db.DbSqlSession  -   insert VariableInstanceEntity[id=4261, name=var1136, type=integer, longValue=1136, textValue=1136]
10:48:05,373 [main] DEBUG org.activiti.engine.impl.db.DbSqlSession  -   insert VariableInstanceEntity[id=4262, name=var2468, type=integer, longValue=2468, textValue=2468]
10:48:05,373 [main] DEBUG org.activiti.engine.impl.db.DbSqlSession  -   insert VariableInstanceEntity[id=4263, name=var3799, type=integer, longValue=3799, textValue=3799]
10:48:05,373 [main] DEBUG org.activiti.engine.impl.db.DbSqlSession  -   insert VariableInstanceEntity[id=4264, name=var533, type=integer, longValue=533, textValue=533]
10:48:05,373 [main] DEBUG org.activiti.engine.impl.db.DbSqlSession  -   insert VariableInstanceEntity[id=4265, name=var1137, type=integer, longValue=1137, textValue=1137]
10:48:05,373 [main] DEBUG org.activiti.engine.impl.db.DbSqlSession  -   insert VariableInstanceEntity[id=4266, name=var2467, type=integer, longValue=2467, textValue=2467]
10:48:05,373 [main] DEBUG org.activiti.engine.impl.db.DbSqlSession  -   insert VariableInstanceEntity[id=4267, name=var3798, type=integer, longValue=3798, textValue=3798]
10:48:05,373 [main] DEBUG org.activiti.engine.impl.db.DbSqlSession  -   insert VariableInstanceEntity[id=4268, name=var532, type=integer, longValue=532, textValue=532]
10:48:05,373 [main] DEBUG org.activiti.engine.impl.db.DbSqlSession  -   insert VariableInstanceEntity[id=4269, name=var1134, type=integer, longValue=1134, textValue=1134]
10:48:05,373 [main] DEBUG org.activiti.engine.impl.db.DbSqlSession  -   insert VariableInstanceEntity[id=4270, name=var2466, type=integer, longValue=2466, textValue=2466]
10:48:05,373 [main] DEBUG org.activiti.engine.impl.db.DbSqlSession  -   insert VariableInstanceEntity[id=4271, name=var3797, type=integer, longValue=3797, textValue=3797]
10:48:05,373 [main] DEBUG org.activiti.engine.impl.db.DbSqlSession  -   insert VariableInstanceEntity[id=4272, name=var531, type=integer, longValue=531, textValue=531]
10:48:05,373 [main] DEBUG org.activiti.engine.impl.db.DbSqlSession  -   insert VariableInstanceEntity[id=4273, name=var1135, type=integer, longValue=1135, textValue=1135]
10:48:05,373 [main] DEBUG org.activiti.engine.impl.db.DbSqlSession  -   insert VariableInstanceEntity[id=4274, name=var2465, type=integer, longValue=2465, textValue=2465]
10:48:05,373 [main] DEBUG org.activiti.engine.impl.db.DbSqlSession  -   insert VariableInstanceEntity[id=4275, name=var3796, type=integer, longValue=3796, textValue=3796]
10:48:05,373 [main] DEBUG org.activiti.engine.impl.db.DbSqlSession  -   insert VariableInstanceEntity[id=4276, name=var530, type=integer, longValue=530, textValue=530]
10:48:05,373 [main] DEBUG org.activiti.engine.impl.db.DbSqlSession  -   insert VariableInstanceEntity[id=4277, name=var1138, type=integer, longValue=1138, textValue=1138]
10:48:05,373 [main] DEBUG org.activiti.engine.impl.db.DbSqlSession  -   insert VariableInstanceEntity[id=4278, name=var1139, type=integer, longValue=1139, textValue=1139]
10:48:05,373 [main] DEBUG org.activiti.engine.impl.db.DbSqlSession  -   insert VariableInstanceEntity[id=4279, name=var2469, type=integer, longValue=2469, textValue=2469]
10:48:05,373 [main] DEBUG org.activiti.engine.impl.db.DbSqlSession  -   insert VariableInstanceEntity[id=4280, name=var539, type=integer, longValue=539, textValue=539]
10:48:05,373 [main] DEBUG org.activiti.engine.impl.db.DbSqlSession  -   insert VariableInstanceEntity[id=4281, name=var538, type=integer, longValue=538, textValue=538]
10:48:05,373 [main] DEBUG org.activiti.engine.impl.db.DbSqlSession  -   insert VariableInstanceEntity[id=4282, name=var537, type=integer, longValue=537, textValue=537]
10:48:05,373 [main] DEBUG org.activiti.engine.impl.db.DbSqlSession  -   insert VariableInstanceEntity[id=4283, name=var536, type=integer, longValue=536, textValue=536]
10:48:05,373 [main] DEBUG org.activiti.engine.impl.db.DbSqlSession  -   insert VariableInstanceEntity[id=4284, name=var535, type=integer, longValue=535, textValue=535]
10:48:05,373 [main] DEBUG org.activiti.engine.impl.db.DbSqlSession  -   insert VariableInstanceEntity[id=4285, name=var2471, type=integer, longValue=2471, textValue=2471]
10:48:05,373 [main] DEBUG org.activiti.engine.impl.db.DbSqlSession  -   insert VariableInstanceEntity[id=4286, name=var1140, type=integer, longValue=1140, textValue=1140]
10:48:05,373 [main] DEBUG org.activiti.engine.impl.db.DbSqlSession  -   insert VariableInstanceEntity[id=4287, name=var2470, type=integer, longValue=2470, textValue=2470]
10:48:05,373 [main] DEBUG org.activiti.engine.impl.db.DbSqlSession  -   insert VariableInstanceEntity[id=4288, name=var1143, type=integer, longValue=1143, textValue=1143]
10:48:05,373 [main] DEBUG org.activiti.engine.impl.db.DbSqlSession  -   insert VariableInstanceEntity[id=4289, name=var2475, type=integer, longValue=2475, textValue=2475]
10:48:05,373 [main] DEBUG org.activiti.engine.impl.db.DbSqlSession  -   insert VariableInstanceEntity[id=4290, name=var1144, type=integer, longValue=1144, textValue=1144]
10:48:05,373 [main] DEBUG org.activiti.engine.impl.db.DbSqlSession  -   insert VariableInstanceEntity[id=4291, name=var2474, type=integer, longValue=2474, textValue=2474]
10:48:05,373 [main] DEBUG org.activiti.engine.impl.db.DbSqlSession  -   insert VariableInstanceEntity[id=4292, name=var1141, type=integer, longValue=1141, textValue=1141]
10:48:05,373 [main] DEBUG org.activiti.engine.impl.db.DbSqlSession  -   insert VariableInstanceEntity[id=4293, name=var2473, type=integer, longValue=2473, textValue=2473]
10:48:05,373 [main] DEBUG org.activiti.engine.impl.db.DbSqlSession  -   insert VariableInstanceEntity[id=4294, name=var1142, type=integer, longValue=1142, textValue=1142]
10:48:05,373 [main] DEBUG org.activiti.engine.impl.db.DbSqlSession  -   insert VariableInstanceEntity[id=4295, name=var2472, type=integer, longValue=2472, textValue=2472]
10:48:05,373 [main] DEBUG org.activiti.engine.impl.db.DbSqlSession  -   insert VariableInstanceEntity[id=4296, name=var523, type=integer, longValue=523, textValue=523]
10:48:05,373 [main] DEBUG org.activiti.engine.impl.db.DbSqlSession  -   insert VariableInstanceEntity[id=4297, name=var1147, type=integer, longValue=1147, textValue=1147]
10:48:05,373 [main] DEBUG org.activiti.engine.impl.db.DbSqlSession  -   insert VariableInstanceEntity[id=4298, name=var2479, type=integer, longValue=2479, textValue=2479]
10:48:05,373 [main] DEBUG org.activiti.engine.impl.db.DbSqlSession  -   insert VariableInstanceEntity[id=4299, name=var522, type=integer, longValue=522, textValue=522]
10:48:05,374 [main] DEBUG org.activiti.engine.impl.db.DbSqlSession  -   insert VariableInstanceEntity[id=4300, name=var1148, type=integer, longValue=1148, textValue=1148]
10:48:05,374 [main] DEBUG org.activiti.engine.impl.db.DbSqlSession  -   insert VariableInstanceEntity[id=4301, name=var2478, type=integer, longValue=2478, textValue=2478]
10:48:05,374 [main] DEBUG org.activiti.engine.impl.db.DbSqlSession  -   insert VariableInstanceEntity[id=4302, name=var521, type=integer, longValue=521, textValue=521]
10:48:05,374 [main] DEBUG org.activiti.engine.impl.db.DbSqlSession  -   insert VariableInstanceEntity[id=4303, name=var1145, type=integer, longValue=1145, textValue=1145]
10:48:05,374 [main] DEBUG org.activiti.engine.impl.db.DbSqlSession  -   insert VariableInstanceEntity[id=4304, name=var2477, type=integer, longValue=2477, textValue=2477]
10:48:05,374 [main] DEBUG org.activiti.engine.impl.db.DbSqlSession  -   insert VariableInstanceEntity[id=4305, name=var520, type=integer, longValue=520, textValue=520]
10:48:05,374 [main] DEBUG org.activiti.engine.impl.db.DbSqlSession  -   insert VariableInstanceEntity[id=4306, name=var1146, type=integer, longValue=1146, textValue=1146]
10:48:05,374 [main] DEBUG org.activiti.engine.impl.db.DbSqlSession  -   insert VariableInstanceEntity[id=4307, name=var2476, type=integer, longValue=2476, textValue=2476]
10:48:05,374 [main] DEBUG org.activiti.engine.impl.db.DbSqlSession  -   insert VariableInstanceEntity[id=4308, name=var1149, type=integer, longValue=1149, textValue=1149]
10:48:05,374 [main] DEBUG org.activiti.engine.impl.db.DbSqlSession  -   insert VariableInstanceEntity[id=4309, name=var529, type=integer, longValue=529, textValue=529]
10:48:05,374 [main] DEBUG org.activiti.engine.impl.db.DbSqlSession  -   insert VariableInstanceEntity[id=4310, name=var528, type=integer, longValue=528, textValue=528]
10:48:05,374 [main] DEBUG org.activiti.engine.impl.db.DbSqlSession  -   insert VariableInstanceEntity[id=4311, name=var527, type=integer, longValue=527, textValue=527]
10:48:05,374 [main] DEBUG org.activiti.engine.impl.db.DbSqlSession  -   insert VariableInstanceEntity[id=4312, name=var526, type=integer, longValue=526, textValue=526]
10:48:05,374 [main] DEBUG org.activiti.engine.impl.db.DbSqlSession  -   insert VariableInstanceEntity[id=4313, name=var525, type=integer, longValue=525, textValue=525]
10:48:05,374 [main] DEBUG org.activiti.engine.impl.db.DbSqlSession  -   insert VariableInstanceEntity[id=4314, name=var524, type=integer, longValue=524, textValue=524]
10:48:05,374 [main] DEBUG org.activiti.engine.impl.db.DbSqlSession  -   insert VariableInstanceEntity[id=4315, name=var1150, type=integer, longValue=1150, textValue=1150]
10:48:05,374 [main] DEBUG org.activiti.engine.impl.db.DbSqlSession  -   insert VariableInstanceEntity[id=4316, name=var2482, type=integer, longValue=2482, textValue=2482]
10:48:05,374 [main] DEBUG org.activiti.engine.impl.db.DbSqlSession  -   insert VariableInstanceEntity[id=4317, name=var1151, type=integer, longValue=1151, textValue=1151]
10:48:05,374 [main] DEBUG org.activiti.engine.impl.db.DbSqlSession  -   insert VariableInstanceEntity[id=4318, name=var2481, type=integer, longValue=2481, textValue=2481]
10:48:05,374 [main] DEBUG org.activiti.engine.impl.db.DbSqlSession  -   insert VariableInstanceEntity[id=4319, name=var2480, type=integer, longValue=2480, textValue=2480]
10:48:05,374 [main] DEBUG org.activiti.engine.impl.db.DbSqlSession  -   insert VariableInstanceEntity[id=4320, name=var1154, type=integer, longValue=1154, textValue=1154]
10:48:05,374 [main] DEBUG org.activiti.engine.impl.db.DbSqlSession  -   insert VariableInstanceEntity[id=4321, name=var2486, type=integer, longValue=2486, textValue=2486]
10:48:05,374 [main] DEBUG org.activiti.engine.impl.db.DbSqlSession  -   insert VariableInstanceEntity[id=4322, name=var1155, type=integer, longValue=1155, textValue=1155]
10:48:05,374 [main] DEBUG org.activiti.engine.impl.db.DbSqlSession  -   insert VariableInstanceEntity[id=4323, name=var2485, type=integer, longValue=2485, textValue=2485]
10:48:05,374 [main] DEBUG org.activiti.engine.impl.db.DbSqlSession  -   insert VariableInstanceEntity[id=4324, name=var1152, type=integer, longValue=1152, textValue=1152]
10:48:05,374 [main] DEBUG org.activiti.engine.impl.db.DbSqlSession  -   insert VariableInstanceEntity[id=4325, name=var2484, type=integer, longValue=2484, textValue=2484]
10:48:05,374 [main] DEBUG org.activiti.engine.impl.db.DbSqlSession  -   insert VariableInstanceEntity[id=4326, name=var1153, type=integer, longValue=1153, textValue=1153]
10:48:05,374 [main] DEBUG org.activiti.engine.impl.db.DbSqlSession  -   insert VariableInstanceEntity[id=4327, name=var2483, type=integer, longValue=2483, textValue=2483]
10:48:05,374 [main] DEBUG org.activiti.engine.impl.db.DbSqlSession  -   insert VariableInstanceEntity[id=4328, name=var512, type=integer, longValue=512, textValue=512]
10:48:05,374 [main] DEBUG org.activiti.engine.impl.db.DbSqlSession  -   insert VariableInstanceEntity[id=4329, name=var1158, type=integer, longValue=1158, textValue=1158]
10:48:05,374 [main] DEBUG org.activiti.engine.impl.db.DbSqlSession  -   insert VariableInstanceEntity[id=4330, name=var511, type=integer, longValue=511, textValue=511]
10:48:05,374 [main] DEBUG org.activiti.engine.impl.db.DbSqlSession  -   insert VariableInstanceEntity[id=4331, name=var1159, type=integer, longValue=1159, textValue=1159]
10:48:05,374 [main] DEBUG org.activiti.engine.impl.db.DbSqlSession  -   insert VariableInstanceEntity[id=4332, name=var2489, type=integer, longValue=2489, textValue=2489]
10:48:05,374 [main] DEBUG org.activiti.engine.impl.db.DbSqlSession  -   insert VariableInstanceEntity[id=4333, name=var510, type=integer, longValue=510, textValue=510]
10:48:05,374 [main] DEBUG org.activiti.engine.impl.db.DbSqlSession  -   insert VariableInstanceEntity[id=4334, name=var1156, type=integer, longValue=1156, textValue=1156]
10:48:05,374 [main] DEBUG org.activiti.engine.impl.db.DbSqlSession  -   insert VariableInstanceEntity[id=4335, name=var2488, type=integer, longValue=2488, textValue=2488]
10:48:05,374 [main] DEBUG org.activiti.engine.impl.db.DbSqlSession  -   insert VariableInstanceEntity[id=4336, name=var1157, type=integer, longValue=1157, textValue=1157]
10:48:05,374 [main] DEBUG org.activiti.engine.impl.db.DbSqlSession  -   insert VariableInstanceEntity[id=4337, name=var2487, type=integer, longValue=2487, textValue=2487]
10:48:05,374 [main] DEBUG org.activiti.engine.impl.db.DbSqlSession  -   insert VariableInstanceEntity[id=4338, name=var519, type=integer, longValue=519, textValue=519]
10:48:05,374 [main] DEBUG org.activiti.engine.impl.db.DbSqlSession  -   insert VariableInstanceEntity[id=4339, name=var518, type=integer, longValue=518, textValue=518]
10:48:05,374 [main] DEBUG org.activiti.engine.impl.db.DbSqlSession  -   insert VariableInstanceEntity[id=4340, name=var517, type=integer, longValue=517, textValue=517]
10:48:05,374 [main] DEBUG org.activiti.engine.impl.db.DbSqlSession  -   insert VariableInstanceEntity[id=4341, name=var516, type=integer, longValue=516, textValue=516]
10:48:05,374 [main] DEBUG org.activiti.engine.impl.db.DbSqlSession  -   insert VariableInstanceEntity[id=4342, name=var515, type=integer, longValue=515, textValue=515]
10:48:05,374 [main] DEBUG org.activiti.engine.impl.db.DbSqlSession  -   insert VariableInstanceEntity[id=4343, name=var514, type=integer, longValue=514, textValue=514]
10:48:05,374 [main] DEBUG org.activiti.engine.impl.db.DbSqlSession  -   insert VariableInstanceEntity[id=4344, name=var513, type=integer, longValue=513, textValue=513]
10:48:05,374 [main] DEBUG org.activiti.engine.impl.db.DbSqlSession  -   insert VariableInstanceEntity[id=4345, name=var1161, type=integer, longValue=1161, textValue=1161]
10:48:05,376 [main] DEBUG org.activiti.engine.impl.db.DbSqlSession  -   insert VariableInstanceEntity[id=4346, name=var2493, type=integer, longValue=2493, textValue=2493]
10:48:05,376 [main] DEBUG org.activiti.engine.impl.db.DbSqlSession  -   insert VariableInstanceEntity[id=4347, name=var1162, type=integer, longValue=1162, textValue=1162]
10:48:05,376 [main] DEBUG org.activiti.engine.impl.db.DbSqlSession  -   insert VariableInstanceEntity[id=4348, name=var2492, type=integer, longValue=2492, textValue=2492]
10:48:05,376 [main] DEBUG org.activiti.engine.impl.db.DbSqlSession  -   insert VariableInstanceEntity[id=4349, name=var2491, type=integer, longValue=2491, textValue=2491]
10:48:05,376 [main] DEBUG org.activiti.engine.impl.db.DbSqlSession  -   insert VariableInstanceEntity[id=4350, name=var1160, type=integer, longValue=1160, textValue=1160]
10:48:05,376 [main] DEBUG org.activiti.engine.impl.db.DbSqlSession  -   insert VariableInstanceEntity[id=4351, name=var2490, type=integer, longValue=2490, textValue=2490]
10:48:05,376 [main] DEBUG org.activiti.engine.impl.db.DbSqlSession  -   insert VariableInstanceEntity[id=4352, name=var1165, type=integer, longValue=1165, textValue=1165]
10:48:05,376 [main] DEBUG org.activiti.engine.impl.db.DbSqlSession  -   insert VariableInstanceEntity[id=4353, name=var2497, type=integer, longValue=2497, textValue=2497]
10:48:05,376 [main] DEBUG org.activiti.engine.impl.db.DbSqlSession  -   insert VariableInstanceEntity[id=4354, name=var1166, type=integer, longValue=1166, textValue=1166]
10:48:05,376 [main] DEBUG org.activiti.engine.impl.db.DbSqlSession  -   insert VariableInstanceEntity[id=4355, name=var2496, type=integer, longValue=2496, textValue=2496]
10:48:05,376 [main] DEBUG org.activiti.engine.impl.db.DbSqlSession  -   insert VariableInstanceEntity[id=4356, name=var1163, type=integer, longValue=1163, textValue=1163]
10:48:05,376 [main] DEBUG org.activiti.engine.impl.db.DbSqlSession  -   insert VariableInstanceEntity[id=4357, name=var2495, type=integer, longValue=2495, textValue=2495]
10:48:05,376 [main] DEBUG org.activiti.engine.impl.db.DbSqlSession  -   insert VariableInstanceEntity[id=4358, name=var1164, type=integer, longValue=1164, textValue=1164]
10:48:05,376 [main] DEBUG org.activiti.engine.impl.db.DbSqlSession  -   insert VariableInstanceEntity[id=4359, name=var2494, type=integer, longValue=2494, textValue=2494]
10:48:05,376 [main] DEBUG org.activiti.engine.impl.db.DbSqlSession  -   insert VariableInstanceEntity[id=4360, name=var501, type=integer, longValue=501, textValue=501]
10:48:05,376 [main] DEBUG org.activiti.engine.impl.db.DbSqlSession  -   insert VariableInstanceEntity[id=4361, name=var1169, type=integer, longValue=1169, textValue=1169]
10:48:05,376 [main] DEBUG org.activiti.engine.impl.db.DbSqlSession  -   insert VariableInstanceEntity[id=4362, name=var500, type=integer, longValue=500, textValue=500]
10:48:05,376 [main] DEBUG org.activiti.engine.impl.db.DbSqlSession  -   insert VariableInstanceEntity[id=4363, name=var1167, type=integer, longValue=1167, textValue=1167]
10:48:05,376 [main] DEBUG org.activiti.engine.impl.db.DbSqlSession  -   insert VariableInstanceEntity[id=4364, name=var2499, type=integer, longValue=2499, textValue=2499]
10:48:05,376 [main] DEBUG org.activiti.engine.impl.db.DbSqlSession  -   insert VariableInstanceEntity[id=4365, name=var1168, type=integer, longValue=1168, textValue=1168]
10:48:05,376 [main] DEBUG org.activiti.engine.impl.db.DbSqlSession  -   insert VariableInstanceEntity[id=4366, name=var2498, type=integer, longValue=2498, textValue=2498]
10:48:05,376 [main] DEBUG org.activiti.engine.impl.db.DbSqlSession  -   insert VariableInstanceEntity[id=4367, name=var509, type=integer, longValue=509, textValue=509]
10:48:05,377 [main] DEBUG org.activiti.engine.impl.db.DbSqlSession  -   insert VariableInstanceEntity[id=4368, name=var508, type=integer, longValue=508, textValue=508]
10:48:05,377 [main] DEBUG org.activiti.engine.impl.db.DbSqlSession  -   insert VariableInstanceEntity[id=4369, name=var507, type=integer, longValue=507, textValue=507]
10:48:05,377 [main] DEBUG org.activiti.engine.impl.db.DbSqlSession  -   insert VariableInstanceEntity[id=4370, name=var506, type=integer, longValue=506, textValue=506]
10:48:05,377 [main] DEBUG org.activiti.engine.impl.db.DbSqlSession  -   insert VariableInstanceEntity[id=4371, name=var505, type=integer, longValue=505, textValue=505]
10:48:05,377 [main] DEBUG org.activiti.engine.impl.db.DbSqlSession  -   insert VariableInstanceEntity[id=4372, name=var504, type=integer, longValue=504, textValue=504]
10:48:05,377 [main] DEBUG org.activiti.engine.impl.db.DbSqlSession  -   insert VariableInstanceEntity[id=4373, name=var503, type=integer, longValue=503, textValue=503]
10:48:05,377 [main] DEBUG org.activiti.engine.impl.db.DbSqlSession  -   insert VariableInstanceEntity[id=4374, name=var502, type=integer, longValue=502, textValue=502]
10:48:05,377 [main] DEBUG org.activiti.engine.impl.db.DbSqlSession  -   insert VariableInstanceEntity[id=4375, name=var1172, type=integer, longValue=1172, textValue=1172]
10:48:05,377 [main] DEBUG org.activiti.engine.impl.db.DbSqlSession  -   insert VariableInstanceEntity[id=4376, name=var1173, type=integer, longValue=1173, textValue=1173]
10:48:05,377 [main] DEBUG org.activiti.engine.impl.db.DbSqlSession  -   insert VariableInstanceEntity[id=4377, name=var1170, type=integer, longValue=1170, textValue=1170]
10:48:05,377 [main] DEBUG org.activiti.engine.impl.db.DbSqlSession  -   insert VariableInstanceEntity[id=4378, name=var1171, type=integer, longValue=1171, textValue=1171]
10:48:05,377 [main] DEBUG org.activiti.engine.impl.db.DbSqlSession  -   insert VariableInstanceEntity[id=4379, name=var1176, type=integer, longValue=1176, textValue=1176]
10:48:05,377 [main] DEBUG org.activiti.engine.impl.db.DbSqlSession  -   insert VariableInstanceEntity[id=4380, name=var1177, type=integer, longValue=1177, textValue=1177]
10:48:05,377 [main] DEBUG org.activiti.engine.impl.db.DbSqlSession  -   insert VariableInstanceEntity[id=4381, name=var1174, type=integer, longValue=1174, textValue=1174]
10:48:05,377 [main] DEBUG org.activiti.engine.impl.db.DbSqlSession  -   insert VariableInstanceEntity[id=4382, name=var1175, type=integer, longValue=1175, textValue=1175]
10:48:05,377 [main] DEBUG org.activiti.engine.impl.db.DbSqlSession  -   insert VariableInstanceEntity[id=4383, name=var1178, type=integer, longValue=1178, textValue=1178]
10:48:05,377 [main] DEBUG org.activiti.engine.impl.db.DbSqlSession  -   insert VariableInstanceEntity[id=4384, name=var1179, type=integer, longValue=1179, textValue=1179]
10:48:05,377 [main] DEBUG org.activiti.engine.impl.db.DbSqlSession  -   insert VariableInstanceEntity[id=4385, name=var1180, type=integer, longValue=1180, textValue=1180]
10:48:05,377 [main] DEBUG org.activiti.engine.impl.db.DbSqlSession  -   insert VariableInstanceEntity[id=4386, name=var1183, type=integer, longValue=1183, textValue=1183]
10:48:05,377 [main] DEBUG org.activiti.engine.impl.db.DbSqlSession  -   insert VariableInstanceEntity[id=4387, name=var1184, type=integer, longValue=1184, textValue=1184]
10:48:05,377 [main] DEBUG org.activiti.engine.impl.db.DbSqlSession  -   insert VariableInstanceEntity[id=4388, name=var1181, type=integer, longValue=1181, textValue=1181]
10:48:05,377 [main] DEBUG org.activiti.engine.impl.db.DbSqlSession  -   insert VariableInstanceEntity[id=4389, name=var1182, type=integer, longValue=1182, textValue=1182]
10:48:05,377 [main] DEBUG org.activiti.engine.impl.db.DbSqlSession  -   insert VariableInstanceEntity[id=4390, name=var1187, type=integer, longValue=1187, textValue=1187]
10:48:05,377 [main] DEBUG org.activiti.engine.impl.db.DbSqlSession  -   insert VariableInstanceEntity[id=4391, name=var1188, type=integer, longValue=1188, textValue=1188]
10:48:05,377 [main] DEBUG org.activiti.engine.impl.db.DbSqlSession  -   insert VariableInstanceEntity[id=4392, name=var1185, type=integer, longValue=1185, textValue=1185]
10:48:05,377 [main] DEBUG org.activiti.engine.impl.db.DbSqlSession  -   insert VariableInstanceEntity[id=4393, name=var1186, type=integer, longValue=1186, textValue=1186]
10:48:05,377 [main] DEBUG org.activiti.engine.impl.db.DbSqlSession  -   insert VariableInstanceEntity[id=4394, name=var1189, type=integer, longValue=1189, textValue=1189]
10:48:05,377 [main] DEBUG org.activiti.engine.impl.db.DbSqlSession  -   insert VariableInstanceEntity[id=4395, name=var1190, type=integer, longValue=1190, textValue=1190]
10:48:05,377 [main] DEBUG org.activiti.engine.impl.db.DbSqlSession  -   insert VariableInstanceEntity[id=4396, name=var1191, type=integer, longValue=1191, textValue=1191]
10:48:05,377 [main] DEBUG org.activiti.engine.impl.db.DbSqlSession  -   insert VariableInstanceEntity[id=4397, name=var1194, type=integer, longValue=1194, textValue=1194]
10:48:05,377 [main] DEBUG org.activiti.engine.impl.db.DbSqlSession  -   insert VariableInstanceEntity[id=4398, name=var1195, type=integer, longValue=1195, textValue=1195]
10:48:05,377 [main] DEBUG org.activiti.engine.impl.db.DbSqlSession  -   insert VariableInstanceEntity[id=4399, name=var1192, type=integer, longValue=1192, textValue=1192]
10:48:05,377 [main] DEBUG org.activiti.engine.impl.db.DbSqlSession  -   insert VariableInstanceEntity[id=4400, name=var1193, type=integer, longValue=1193, textValue=1193]
10:48:05,377 [main] DEBUG org.activiti.engine.impl.db.DbSqlSession  -   insert VariableInstanceEntity[id=4401, name=var1198, type=integer, longValue=1198, textValue=1198]
10:48:05,378 [main] DEBUG org.activiti.engine.impl.db.DbSqlSession  -   insert VariableInstanceEntity[id=4402, name=var1199, type=integer, longValue=1199, textValue=1199]
10:48:05,378 [main] DEBUG org.activiti.engine.impl.db.DbSqlSession  -   insert VariableInstanceEntity[id=4403, name=var1196, type=integer, longValue=1196, textValue=1196]
10:48:05,378 [main] DEBUG org.activiti.engine.impl.db.DbSqlSession  -   insert VariableInstanceEntity[id=4404, name=var1197, type=integer, longValue=1197, textValue=1197]
10:48:05,378 [main] DEBUG org.activiti.engine.impl.db.DbSqlSession  -   insert VariableInstanceEntity[id=4405, name=var592, type=integer, longValue=592, textValue=592]
10:48:05,378 [main] DEBUG org.activiti.engine.impl.db.DbSqlSession  -   insert VariableInstanceEntity[id=4406, name=var591, type=integer, longValue=591, textValue=591]
10:48:05,378 [main] DEBUG org.activiti.engine.impl.db.DbSqlSession  -   insert VariableInstanceEntity[id=4407, name=var590, type=integer, longValue=590, textValue=590]
10:48:05,378 [main] DEBUG org.activiti.engine.impl.db.DbSqlSession  -   insert VariableInstanceEntity[id=4408, name=var599, type=integer, longValue=599, textValue=599]
10:48:05,378 [main] DEBUG org.activiti.engine.impl.db.DbSqlSession  -   insert VariableInstanceEntity[id=4409, name=var598, type=integer, longValue=598, textValue=598]
10:48:05,378 [main] DEBUG org.activiti.engine.impl.db.DbSqlSession  -   insert VariableInstanceEntity[id=4410, name=var597, type=integer, longValue=597, textValue=597]
10:48:05,378 [main] DEBUG org.activiti.engine.impl.db.DbSqlSession  -   insert VariableInstanceEntity[id=4411, name=var596, type=integer, longValue=596, textValue=596]
10:48:05,378 [main] DEBUG org.activiti.engine.impl.db.DbSqlSession  -   insert VariableInstanceEntity[id=4412, name=var595, type=integer, longValue=595, textValue=595]
10:48:05,378 [main] DEBUG org.activiti.engine.impl.db.DbSqlSession  -   insert VariableInstanceEntity[id=4413, name=var594, type=integer, longValue=594, textValue=594]
10:48:05,378 [main] DEBUG org.activiti.engine.impl.db.DbSqlSession  -   insert VariableInstanceEntity[id=4414, name=var593, type=integer, longValue=593, textValue=593]
10:48:05,378 [main] DEBUG org.activiti.engine.impl.db.DbSqlSession  -   insert VariableInstanceEntity[id=4415, name=var581, type=integer, longValue=581, textValue=581]
10:48:05,378 [main] DEBUG org.activiti.engine.impl.db.DbSqlSession  -   insert VariableInstanceEntity[id=4416, name=var580, type=integer, longValue=580, textValue=580]
10:48:05,378 [main] DEBUG org.activiti.engine.impl.db.DbSqlSession  -   insert VariableInstanceEntity[id=4417, name=var589, type=integer, longValue=589, textValue=589]
10:48:05,378 [main] DEBUG org.activiti.engine.impl.db.DbSqlSession  -   insert VariableInstanceEntity[id=4418, name=var588, type=integer, longValue=588, textValue=588]
10:48:05,378 [main] DEBUG org.activiti.engine.impl.db.DbSqlSession  -   insert VariableInstanceEntity[id=4419, name=var587, type=integer, longValue=587, textValue=587]
10:48:05,378 [main] DEBUG org.activiti.engine.impl.db.DbSqlSession  -   insert VariableInstanceEntity[id=4420, name=var586, type=integer, longValue=586, textValue=586]
10:48:05,378 [main] DEBUG org.activiti.engine.impl.db.DbSqlSession  -   insert VariableInstanceEntity[id=4421, name=var585, type=integer, longValue=585, textValue=585]
10:48:05,378 [main] DEBUG org.activiti.engine.impl.db.DbSqlSession  -   insert VariableInstanceEntity[id=4422, name=var584, type=integer, longValue=584, textValue=584]
10:48:05,378 [main] DEBUG org.activiti.engine.impl.db.DbSqlSession  -   insert VariableInstanceEntity[id=4423, name=var583, type=integer, longValue=583, textValue=583]
10:48:05,378 [main] DEBUG org.activiti.engine.impl.db.DbSqlSession  -   insert VariableInstanceEntity[id=4424, name=var582, type=integer, longValue=582, textValue=582]
10:48:05,378 [main] DEBUG org.activiti.engine.impl.db.DbSqlSession  -   insert VariableInstanceEntity[id=4425, name=var570, type=integer, longValue=570, textValue=570]
10:48:05,378 [main] DEBUG org.activiti.engine.impl.db.DbSqlSession  -   insert VariableInstanceEntity[id=4426, name=var578, type=integer, longValue=578, textValue=578]
10:48:05,378 [main] DEBUG org.activiti.engine.impl.db.DbSqlSession  -   insert VariableInstanceEntity[id=4427, name=var577, type=integer, longValue=577, textValue=577]
10:48:05,378 [main] DEBUG org.activiti.engine.impl.db.DbSqlSession  -   insert VariableInstanceEntity[id=4428, name=var576, type=integer, longValue=576, textValue=576]
10:48:05,378 [main] DEBUG org.activiti.engine.impl.db.DbSqlSession  -   insert VariableInstanceEntity[id=4429, name=var575, type=integer, longValue=575, textValue=575]
10:48:05,378 [main] DEBUG org.activiti.engine.impl.db.DbSqlSession  -   insert VariableInstanceEntity[id=4430, name=var574, type=integer, longValue=574, textValue=574]
10:48:05,378 [main] DEBUG org.activiti.engine.impl.db.DbSqlSession  -   insert VariableInstanceEntity[id=4431, name=var573, type=integer, longValue=573, textValue=573]
10:48:05,378 [main] DEBUG org.activiti.engine.impl.db.DbSqlSession  -   insert VariableInstanceEntity[id=4432, name=var572, type=integer, longValue=572, textValue=572]
10:48:05,378 [main] DEBUG org.activiti.engine.impl.db.DbSqlSession  -   insert VariableInstanceEntity[id=4433, name=var571, type=integer, longValue=571, textValue=571]
10:48:05,378 [main] DEBUG org.activiti.engine.impl.db.DbSqlSession  -   insert VariableInstanceEntity[id=4434, name=var579, type=integer, longValue=579, textValue=579]
10:48:05,379 [main] DEBUG org.activiti.engine.impl.db.DbSqlSession  -   insert VariableInstanceEntity[id=4435, name=var567, type=integer, longValue=567, textValue=567]
10:48:05,379 [main] DEBUG org.activiti.engine.impl.db.DbSqlSession  -   insert VariableInstanceEntity[id=4436, name=var566, type=integer, longValue=566, textValue=566]
10:48:05,379 [main] DEBUG org.activiti.engine.impl.db.DbSqlSession  -   insert VariableInstanceEntity[id=4437, name=var565, type=integer, longValue=565, textValue=565]
10:48:05,379 [main] DEBUG org.activiti.engine.impl.db.DbSqlSession  -   insert VariableInstanceEntity[id=4438, name=var564, type=integer, longValue=564, textValue=564]
10:48:05,379 [main] DEBUG org.activiti.engine.impl.db.DbSqlSession  -   insert VariableInstanceEntity[id=4439, name=var563, type=integer, longValue=563, textValue=563]
10:48:05,379 [main] DEBUG org.activiti.engine.impl.db.DbSqlSession  -   insert VariableInstanceEntity[id=4440, name=var562, type=integer, longValue=562, textValue=562]
10:48:05,379 [main] DEBUG org.activiti.engine.impl.db.DbSqlSession  -   insert VariableInstanceEntity[id=4441, name=var561, type=integer, longValue=561, textValue=561]
10:48:05,379 [main] DEBUG org.activiti.engine.impl.db.DbSqlSession  -   insert VariableInstanceEntity[id=4442, name=var560, type=integer, longValue=560, textValue=560]
10:48:05,379 [main] DEBUG org.activiti.engine.impl.db.DbSqlSession  -   insert VariableInstanceEntity[id=4443, name=var569, type=integer, longValue=569, textValue=569]
10:48:05,379 [main] DEBUG org.activiti.engine.impl.db.DbSqlSession  -   insert VariableInstanceEntity[id=4444, name=var568, type=integer, longValue=568, textValue=568]
10:48:05,379 [main] DEBUG org.activiti.engine.impl.db.DbSqlSession  -   insert VariableInstanceEntity[id=4445, name=var556, type=integer, longValue=556, textValue=556]
10:48:05,379 [main] DEBUG org.activiti.engine.impl.db.DbSqlSession  -   insert VariableInstanceEntity[id=4446, name=var555, type=integer, longValue=555, textValue=555]
10:48:05,379 [main] DEBUG org.activiti.engine.impl.db.DbSqlSession  -   insert VariableInstanceEntity[id=4447, name=var554, type=integer, longValue=554, textValue=554]
10:48:05,379 [main] DEBUG org.activiti.engine.impl.db.DbSqlSession  -   insert VariableInstanceEntity[id=4448, name=var553, type=integer, longValue=553, textValue=553]
10:48:05,379 [main] DEBUG org.activiti.engine.impl.db.DbSqlSession  -   insert VariableInstanceEntity[id=4449, name=var552, type=integer, longValue=552, textValue=552]
10:48:05,379 [main] DEBUG org.activiti.engine.impl.db.DbSqlSession  -   insert VariableInstanceEntity[id=4450, name=var551, type=integer, longValue=551, textValue=551]
10:48:05,379 [main] DEBUG org.activiti.engine.impl.db.DbSqlSession  -   insert VariableInstanceEntity[id=4451, name=var550, type=integer, longValue=550, textValue=550]
10:48:05,379 [main] DEBUG org.activiti.engine.impl.db.DbSqlSession  -   insert VariableInstanceEntity[id=4452, name=var559, type=integer, longValue=559, textValue=559]
10:48:05,379 [main] DEBUG org.activiti.engine.impl.db.DbSqlSession  -   insert VariableInstanceEntity[id=4453, name=var558, type=integer, longValue=558, textValue=558]
10:48:05,379 [main] DEBUG org.activiti.engine.impl.db.DbSqlSession  -   insert VariableInstanceEntity[id=4454, name=var557, type=integer, longValue=557, textValue=557]
10:48:05,379 [main] DEBUG org.activiti.engine.impl.db.DbSqlSession  -   insert VariableInstanceEntity[id=4455, name=var1921, type=integer, longValue=1921, textValue=1921]
10:48:05,379 [main] DEBUG org.activiti.engine.impl.db.DbSqlSession  -   insert VariableInstanceEntity[id=4456, name=var1922, type=integer, longValue=1922, textValue=1922]
10:48:05,379 [main] DEBUG org.activiti.engine.impl.db.DbSqlSession  -   insert VariableInstanceEntity[id=4457, name=var1920, type=integer, longValue=1920, textValue=1920]
10:48:05,379 [main] DEBUG org.activiti.engine.impl.db.DbSqlSession  -   insert VariableInstanceEntity[id=4458, name=var1925, type=integer, longValue=1925, textValue=1925]
10:48:05,379 [main] DEBUG org.activiti.engine.impl.db.DbSqlSession  -   insert VariableInstanceEntity[id=4459, name=var1926, type=integer, longValue=1926, textValue=1926]
10:48:05,379 [main] DEBUG org.activiti.engine.impl.db.DbSqlSession  -   insert VariableInstanceEntity[id=4460, name=var1923, type=integer, longValue=1923, textValue=1923]
10:48:05,379 [main] DEBUG org.activiti.engine.impl.db.DbSqlSession  -   insert VariableInstanceEntity[id=4461, name=var1924, type=integer, longValue=1924, textValue=1924]
10:48:05,379 [main] DEBUG org.activiti.engine.impl.db.DbSqlSession  -   insert VariableInstanceEntity[id=4462, name=var1929, type=integer, longValue=1929, textValue=1929]
10:48:05,379 [main] DEBUG org.activiti.engine.impl.db.DbSqlSession  -   insert VariableInstanceEntity[id=4463, name=var1927, type=integer, longValue=1927, textValue=1927]
10:48:05,379 [main] DEBUG org.activiti.engine.impl.db.DbSqlSession  -   insert VariableInstanceEntity[id=4464, name=var1928, type=integer, longValue=1928, textValue=1928]
10:48:05,379 [main] DEBUG org.activiti.engine.impl.db.DbSqlSession  -   insert VariableInstanceEntity[id=4465, name=var1932, type=integer, longValue=1932, textValue=1932]
10:48:05,379 [main] DEBUG org.activiti.engine.impl.db.DbSqlSession  -   insert VariableInstanceEntity[id=4466, name=var1933, type=integer, longValue=1933, textValue=1933]
10:48:05,379 [main] DEBUG org.activiti.engine.impl.db.DbSqlSession  -   insert VariableInstanceEntity[id=4467, name=var1930, type=integer, longValue=1930, textValue=1930]
10:48:05,379 [main] DEBUG org.activiti.engine.impl.db.DbSqlSession  -   insert VariableInstanceEntity[id=4468, name=var1931, type=integer, longValue=1931, textValue=1931]
10:48:05,379 [main] DEBUG org.activiti.engine.impl.db.DbSqlSession  -   insert VariableInstanceEntity[id=4469, name=var1936, type=integer, longValue=1936, textValue=1936]
10:48:05,379 [main] DEBUG org.activiti.engine.impl.db.DbSqlSession  -   insert VariableInstanceEntity[id=4470, name=var1937, type=integer, longValue=1937, textValue=1937]
10:48:05,380 [main] DEBUG org.activiti.engine.impl.db.DbSqlSession  -   insert VariableInstanceEntity[id=4471, name=var1934, type=integer, longValue=1934, textValue=1934]
10:48:05,380 [main] DEBUG org.activiti.engine.impl.db.DbSqlSession  -   insert VariableInstanceEntity[id=4472, name=var1935, type=integer, longValue=1935, textValue=1935]
10:48:05,380 [main] DEBUG org.activiti.engine.impl.db.DbSqlSession  -   insert VariableInstanceEntity[id=4473, name=var1938, type=integer, longValue=1938, textValue=1938]
10:48:05,380 [main] DEBUG org.activiti.engine.impl.db.DbSqlSession  -   insert VariableInstanceEntity[id=4474, name=var1939, type=integer, longValue=1939, textValue=1939]
10:48:05,380 [main] DEBUG org.activiti.engine.impl.db.DbSqlSession  -   insert VariableInstanceEntity[id=4475, name=var1940, type=integer, longValue=1940, textValue=1940]
10:48:05,380 [main] DEBUG org.activiti.engine.impl.db.DbSqlSession  -   insert VariableInstanceEntity[id=4476, name=var1943, type=integer, longValue=1943, textValue=1943]
10:48:05,380 [main] DEBUG org.activiti.engine.impl.db.DbSqlSession  -   insert VariableInstanceEntity[id=4477, name=var1944, type=integer, longValue=1944, textValue=1944]
10:48:05,380 [main] DEBUG org.activiti.engine.impl.db.DbSqlSession  -   insert VariableInstanceEntity[id=4478, name=var1941, type=integer, longValue=1941, textValue=1941]
10:48:05,380 [main] DEBUG org.activiti.engine.impl.db.DbSqlSession  -   insert VariableInstanceEntity[id=4479, name=var1942, type=integer, longValue=1942, textValue=1942]
10:48:05,380 [main] DEBUG org.activiti.engine.impl.db.DbSqlSession  -   insert VariableInstanceEntity[id=4480, name=var1947, type=integer, longValue=1947, textValue=1947]
10:48:05,380 [main] DEBUG org.activiti.engine.impl.db.DbSqlSession  -   insert VariableInstanceEntity[id=4481, name=var1948, type=integer, longValue=1948, textValue=1948]
10:48:05,380 [main] DEBUG org.activiti.engine.impl.db.DbSqlSession  -   insert VariableInstanceEntity[id=4482, name=var1945, type=integer, longValue=1945, textValue=1945]
10:48:05,380 [main] DEBUG org.activiti.engine.impl.db.DbSqlSession  -   insert VariableInstanceEntity[id=4483, name=var1946, type=integer, longValue=1946, textValue=1946]
10:48:05,380 [main] DEBUG org.activiti.engine.impl.db.DbSqlSession  -   insert VariableInstanceEntity[id=4484, name=var1949, type=integer, longValue=1949, textValue=1949]
10:48:05,380 [main] DEBUG org.activiti.engine.impl.db.DbSqlSession  -   insert VariableInstanceEntity[id=4485, name=var1950, type=integer, longValue=1950, textValue=1950]
10:48:05,380 [main] DEBUG org.activiti.engine.impl.db.DbSqlSession  -   insert VariableInstanceEntity[id=4486, name=var1951, type=integer, longValue=1951, textValue=1951]
10:48:05,380 [main] DEBUG org.activiti.engine.impl.db.DbSqlSession  -   insert VariableInstanceEntity[id=4487, name=var1954, type=integer, longValue=1954, textValue=1954]
10:48:05,380 [main] DEBUG org.activiti.engine.impl.db.DbSqlSession  -   insert VariableInstanceEntity[id=4488, name=var1955, type=integer, longValue=1955, textValue=1955]
10:48:05,380 [main] DEBUG org.activiti.engine.impl.db.DbSqlSession  -   insert VariableInstanceEntity[id=4489, name=var1952, type=integer, longValue=1952, textValue=1952]
10:48:05,380 [main] DEBUG org.activiti.engine.impl.db.DbSqlSession  -   insert VariableInstanceEntity[id=4490, name=var1953, type=integer, longValue=1953, textValue=1953]
10:48:05,380 [main] DEBUG org.activiti.engine.impl.db.DbSqlSession  -   insert VariableInstanceEntity[id=4491, name=var1958, type=integer, longValue=1958, textValue=1958]
10:48:05,380 [main] DEBUG org.activiti.engine.impl.db.DbSqlSession  -   insert VariableInstanceEntity[id=4492, name=var1959, type=integer, longValue=1959, textValue=1959]
10:48:05,380 [main] DEBUG org.activiti.engine.impl.db.DbSqlSession  -   insert VariableInstanceEntity[id=4493, name=var1956, type=integer, longValue=1956, textValue=1956]
10:48:05,380 [main] DEBUG org.activiti.engine.impl.db.DbSqlSession  -   insert VariableInstanceEntity[id=4494, name=var1957, type=integer, longValue=1957, textValue=1957]
10:48:05,380 [main] DEBUG org.activiti.engine.impl.db.DbSqlSession  -   insert VariableInstanceEntity[id=4495, name=var1961, type=integer, longValue=1961, textValue=1961]
10:48:05,380 [main] DEBUG org.activiti.engine.impl.db.DbSqlSession  -   insert VariableInstanceEntity[id=4496, name=var1962, type=integer, longValue=1962, textValue=1962]
10:48:05,380 [main] DEBUG org.activiti.engine.impl.db.DbSqlSession  -   insert VariableInstanceEntity[id=4497, name=var1960, type=integer, longValue=1960, textValue=1960]
10:48:05,380 [main] DEBUG org.activiti.engine.impl.db.DbSqlSession  -   insert VariableInstanceEntity[id=4498, name=var1965, type=integer, longValue=1965, textValue=1965]
10:48:05,380 [main] DEBUG org.activiti.engine.impl.db.DbSqlSession  -   insert VariableInstanceEntity[id=4499, name=var1966, type=integer, longValue=1966, textValue=1966]
10:48:05,380 [main] DEBUG org.activiti.engine.impl.db.DbSqlSession  -   insert VariableInstanceEntity[id=4500, name=var1963, type=integer, longValue=1963, textValue=1963]
10:48:05,380 [main] DEBUG org.activiti.engine.impl.db.DbSqlSession  -   insert VariableInstanceEntity[id=4501, name=var1964, type=integer, longValue=1964, textValue=1964]
10:48:05,380 [main] DEBUG org.activiti.engine.impl.db.DbSqlSession  -   insert VariableInstanceEntity[id=4502, name=var1969, type=integer, longValue=1969, textValue=1969]
10:48:05,380 [main] DEBUG org.activiti.engine.impl.db.DbSqlSession  -   insert VariableInstanceEntity[id=4503, name=var1967, type=integer, longValue=1967, textValue=1967]
10:48:05,380 [main] DEBUG org.activiti.engine.impl.db.DbSqlSession  -   insert VariableInstanceEntity[id=4504, name=var1968, type=integer, longValue=1968, textValue=1968]
10:48:05,380 [main] DEBUG org.activiti.engine.impl.db.DbSqlSession  -   insert VariableInstanceEntity[id=4505, name=var1972, type=integer, longValue=1972, textValue=1972]
10:48:05,381 [main] DEBUG org.activiti.engine.impl.db.DbSqlSession  -   insert VariableInstanceEntity[id=4506, name=var1973, type=integer, longValue=1973, textValue=1973]
10:48:05,381 [main] DEBUG org.activiti.engine.impl.db.DbSqlSession  -   insert VariableInstanceEntity[id=4507, name=var1970, type=integer, longValue=1970, textValue=1970]
10:48:05,381 [main] DEBUG org.activiti.engine.impl.db.DbSqlSession  -   insert VariableInstanceEntity[id=4508, name=var1971, type=integer, longValue=1971, textValue=1971]
10:48:05,381 [main] DEBUG org.activiti.engine.impl.db.DbSqlSession  -   insert VariableInstanceEntity[id=4509, name=var1976, type=integer, longValue=1976, textValue=1976]
10:48:05,381 [main] DEBUG org.activiti.engine.impl.db.DbSqlSession  -   insert VariableInstanceEntity[id=4510, name=var1977, type=integer, longValue=1977, textValue=1977]
10:48:05,381 [main] DEBUG org.activiti.engine.impl.db.DbSqlSession  -   insert VariableInstanceEntity[id=4511, name=var1974, type=integer, longValue=1974, textValue=1974]
10:48:05,381 [main] DEBUG org.activiti.engine.impl.db.DbSqlSession  -   insert VariableInstanceEntity[id=4512, name=var1975, type=integer, longValue=1975, textValue=1975]
10:48:05,381 [main] DEBUG org.activiti.engine.impl.db.DbSqlSession  -   insert VariableInstanceEntity[id=4513, name=var1978, type=integer, longValue=1978, textValue=1978]
10:48:05,381 [main] DEBUG org.activiti.engine.impl.db.DbSqlSession  -   insert VariableInstanceEntity[id=4514, name=var1979, type=integer, longValue=1979, textValue=1979]
10:48:05,381 [main] DEBUG org.activiti.engine.impl.db.DbSqlSession  -   insert VariableInstanceEntity[id=4515, name=var1980, type=integer, longValue=1980, textValue=1980]
10:48:05,381 [main] DEBUG org.activiti.engine.impl.db.DbSqlSession  -   insert VariableInstanceEntity[id=4516, name=var1983, type=integer, longValue=1983, textValue=1983]
10:48:05,381 [main] DEBUG org.activiti.engine.impl.db.DbSqlSession  -   insert VariableInstanceEntity[id=4517, name=var1984, type=integer, longValue=1984, textValue=1984]
10:48:05,381 [main] DEBUG org.activiti.engine.impl.db.DbSqlSession  -   insert VariableInstanceEntity[id=4518, name=var1981, type=integer, longValue=1981, textValue=1981]
10:48:05,381 [main] DEBUG org.activiti.engine.impl.db.DbSqlSession  -   insert VariableInstanceEntity[id=4519, name=var1982, type=integer, longValue=1982, textValue=1982]
10:48:05,381 [main] DEBUG org.activiti.engine.impl.db.DbSqlSession  -   insert VariableInstanceEntity[id=4520, name=var1987, type=integer, longValue=1987, textValue=1987]
10:48:05,381 [main] DEBUG org.activiti.engine.impl.db.DbSqlSession  -   insert VariableInstanceEntity[id=4521, name=var1988, type=integer, longValue=1988, textValue=1988]
10:48:05,381 [main] DEBUG org.activiti.engine.impl.db.DbSqlSession  -   insert VariableInstanceEntity[id=4522, name=var1985, type=integer, longValue=1985, textValue=1985]
10:48:05,381 [main] DEBUG org.activiti.engine.impl.db.DbSqlSession  -   insert VariableInstanceEntity[id=4523, name=var1986, type=integer, longValue=1986, textValue=1986]
10:48:05,381 [main] DEBUG org.activiti.engine.impl.db.DbSqlSession  -   insert VariableInstanceEntity[id=4524, name=var1989, type=integer, longValue=1989, textValue=1989]
10:48:05,381 [main] DEBUG org.activiti.engine.impl.db.DbSqlSession  -   insert VariableInstanceEntity[id=4525, name=var1990, type=integer, longValue=1990, textValue=1990]
10:48:05,381 [main] DEBUG org.activiti.engine.impl.db.DbSqlSession  -   insert VariableInstanceEntity[id=4526, name=var1991, type=integer, longValue=1991, textValue=1991]
10:48:05,381 [main] DEBUG org.activiti.engine.impl.db.DbSqlSession  -   insert VariableInstanceEntity[id=4527, name=var1994, type=integer, longValue=1994, textValue=1994]
10:48:05,381 [main] DEBUG org.activiti.engine.impl.db.DbSqlSession  -   insert VariableInstanceEntity[id=4528, name=var1995, type=integer, longValue=1995, textValue=1995]
10:48:05,381 [main] DEBUG org.activiti.engine.impl.db.DbSqlSession  -   insert VariableInstanceEntity[id=4529, name=var1992, type=integer, longValue=1992, textValue=1992]
10:48:05,381 [main] DEBUG org.activiti.engine.impl.db.DbSqlSession  -   insert VariableInstanceEntity[id=4530, name=var1993, type=integer, longValue=1993, textValue=1993]
10:48:05,381 [main] DEBUG org.activiti.engine.impl.db.DbSqlSession  -   insert VariableInstanceEntity[id=4531, name=var1998, type=integer, longValue=1998, textValue=1998]
10:48:05,381 [main] DEBUG org.activiti.engine.impl.db.DbSqlSession  -   insert VariableInstanceEntity[id=4532, name=var1999, type=integer, longValue=1999, textValue=1999]
10:48:05,381 [main] DEBUG org.activiti.engine.impl.db.DbSqlSession  -   insert VariableInstanceEntity[id=4533, name=var1996, type=integer, longValue=1996, textValue=1996]
10:48:05,381 [main] DEBUG org.activiti.engine.impl.db.DbSqlSession  -   insert VariableInstanceEntity[id=4534, name=var1997, type=integer, longValue=1997, textValue=1997]
10:48:05,381 [main] DEBUG org.activiti.engine.impl.db.DbSqlSession  -   insert VariableInstanceEntity[id=4535, name=var3700, type=integer, longValue=3700, textValue=3700]
10:48:05,382 [main] DEBUG org.activiti.engine.impl.db.DbSqlSession  -   insert VariableInstanceEntity[id=4536, name=var3704, type=integer, longValue=3704, textValue=3704]
10:48:05,382 [main] DEBUG org.activiti.engine.impl.db.DbSqlSession  -   insert VariableInstanceEntity[id=4537, name=var3703, type=integer, longValue=3703, textValue=3703]
10:48:05,382 [main] DEBUG org.activiti.engine.impl.db.DbSqlSession  -   insert VariableInstanceEntity[id=4538, name=var3702, type=integer, longValue=3702, textValue=3702]
10:48:05,382 [main] DEBUG org.activiti.engine.impl.db.DbSqlSession  -   insert VariableInstanceEntity[id=4539, name=var3701, type=integer, longValue=3701, textValue=3701]
10:48:05,382 [main] DEBUG org.activiti.engine.impl.db.DbSqlSession  -   insert VariableInstanceEntity[id=4540, name=var3708, type=integer, longValue=3708, textValue=3708]
10:48:05,382 [main] DEBUG org.activiti.engine.impl.db.DbSqlSession  -   insert VariableInstanceEntity[id=4541, name=var3707, type=integer, longValue=3707, textValue=3707]
10:48:05,382 [main] DEBUG org.activiti.engine.impl.db.DbSqlSession  -   insert VariableInstanceEntity[id=4542, name=var3706, type=integer, longValue=3706, textValue=3706]
10:48:05,382 [main] DEBUG org.activiti.engine.impl.db.DbSqlSession  -   insert VariableInstanceEntity[id=4543, name=var3705, type=integer, longValue=3705, textValue=3705]
10:48:05,382 [main] DEBUG org.activiti.engine.impl.db.DbSqlSession  -   insert VariableInstanceEntity[id=4544, name=var3709, type=integer, longValue=3709, textValue=3709]
10:48:05,382 [main] DEBUG org.activiti.engine.impl.db.DbSqlSession  -   insert VariableInstanceEntity[id=4545, name=var3711, type=integer, longValue=3711, textValue=3711]
10:48:05,382 [main] DEBUG org.activiti.engine.impl.db.DbSqlSession  -   insert VariableInstanceEntity[id=4546, name=var3710, type=integer, longValue=3710, textValue=3710]
10:48:05,382 [main] DEBUG org.activiti.engine.impl.db.DbSqlSession  -   insert VariableInstanceEntity[id=4547, name=var3715, type=integer, longValue=3715, textValue=3715]
10:48:05,382 [main] DEBUG org.activiti.engine.impl.db.DbSqlSession  -   insert VariableInstanceEntity[id=4548, name=var3714, type=integer, longValue=3714, textValue=3714]
10:48:05,382 [main] DEBUG org.activiti.engine.impl.db.DbSqlSession  -   insert VariableInstanceEntity[id=4549, name=var3713, type=integer, longValue=3713, textValue=3713]
10:48:05,382 [main] DEBUG org.activiti.engine.impl.db.DbSqlSession  -   insert VariableInstanceEntity[id=4550, name=var3712, type=integer, longValue=3712, textValue=3712]
10:48:05,382 [main] DEBUG org.activiti.engine.impl.db.DbSqlSession  -   insert VariableInstanceEntity[id=4551, name=var3719, type=integer, longValue=3719, textValue=3719]
10:48:05,382 [main] DEBUG org.activiti.engine.impl.db.DbSqlSession  -   insert VariableInstanceEntity[id=4552, name=var3718, type=integer, longValue=3718, textValue=3718]
10:48:05,382 [main] DEBUG org.activiti.engine.impl.db.DbSqlSession  -   insert VariableInstanceEntity[id=4553, name=var3717, type=integer, longValue=3717, textValue=3717]
10:48:05,382 [main] DEBUG org.activiti.engine.impl.db.DbSqlSession  -   insert VariableInstanceEntity[id=4554, name=var3716, type=integer, longValue=3716, textValue=3716]
10:48:05,382 [main] DEBUG org.activiti.engine.impl.db.DbSqlSession  -   insert VariableInstanceEntity[id=4555, name=var3722, type=integer, longValue=3722, textValue=3722]
10:48:05,382 [main] DEBUG org.activiti.engine.impl.db.DbSqlSession  -   insert VariableInstanceEntity[id=4556, name=var3721, type=integer, longValue=3721, textValue=3721]
10:48:05,382 [main] DEBUG org.activiti.engine.impl.db.DbSqlSession  -   insert VariableInstanceEntity[id=4557, name=var3720, type=integer, longValue=3720, textValue=3720]
10:48:05,382 [main] DEBUG org.activiti.engine.impl.db.DbSqlSession  -   insert VariableInstanceEntity[id=4558, name=var3726, type=integer, longValue=3726, textValue=3726]
10:48:05,382 [main] DEBUG org.activiti.engine.impl.db.DbSqlSession  -   insert VariableInstanceEntity[id=4559, name=var3725, type=integer, longValue=3725, textValue=3725]
10:48:05,382 [main] DEBUG org.activiti.engine.impl.db.DbSqlSession  -   insert VariableInstanceEntity[id=4560, name=var3724, type=integer, longValue=3724, textValue=3724]
10:48:05,382 [main] DEBUG org.activiti.engine.impl.db.DbSqlSession  -   insert VariableInstanceEntity[id=4561, name=var3723, type=integer, longValue=3723, textValue=3723]
10:48:05,382 [main] DEBUG org.activiti.engine.impl.db.DbSqlSession  -   insert VariableInstanceEntity[id=4562, name=var3729, type=integer, longValue=3729, textValue=3729]
10:48:05,382 [main] DEBUG org.activiti.engine.impl.db.DbSqlSession  -   insert VariableInstanceEntity[id=4563, name=var3728, type=integer, longValue=3728, textValue=3728]
10:48:05,382 [main] DEBUG org.activiti.engine.impl.db.DbSqlSession  -   insert VariableInstanceEntity[id=4564, name=var3727, type=integer, longValue=3727, textValue=3727]
10:48:05,382 [main] DEBUG org.activiti.engine.impl.db.DbSqlSession  -   insert VariableInstanceEntity[id=4565, name=var2402, type=integer, longValue=2402, textValue=2402]
10:48:05,382 [main] DEBUG org.activiti.engine.impl.db.DbSqlSession  -   insert VariableInstanceEntity[id=4566, name=var3733, type=integer, longValue=3733, textValue=3733]
10:48:05,382 [main] DEBUG org.activiti.engine.impl.db.DbSqlSession  -   insert VariableInstanceEntity[id=4567, name=var2401, type=integer, longValue=2401, textValue=2401]
10:48:05,382 [main] DEBUG org.activiti.engine.impl.db.DbSqlSession  -   insert VariableInstanceEntity[id=4568, name=var3732, type=integer, longValue=3732, textValue=3732]
10:48:05,382 [main] DEBUG org.activiti.engine.impl.db.DbSqlSession  -   insert VariableInstanceEntity[id=4569, name=var2400, type=integer, longValue=2400, textValue=2400]
10:48:05,382 [main] DEBUG org.activiti.engine.impl.db.DbSqlSession  -   insert VariableInstanceEntity[id=4570, name=var3731, type=integer, longValue=3731, textValue=3731]
10:48:05,382 [main] DEBUG org.activiti.engine.impl.db.DbSqlSession  -   insert VariableInstanceEntity[id=4571, name=var3730, type=integer, longValue=3730, textValue=3730]
10:48:05,382 [main] DEBUG org.activiti.engine.impl.db.DbSqlSession  -   insert VariableInstanceEntity[id=4572, name=var2406, type=integer, longValue=2406, textValue=2406]
10:48:05,383 [main] DEBUG org.activiti.engine.impl.db.DbSqlSession  -   insert VariableInstanceEntity[id=4573, name=var3737, type=integer, longValue=3737, textValue=3737]
10:48:05,383 [main] DEBUG org.activiti.engine.impl.db.DbSqlSession  -   insert VariableInstanceEntity[id=4574, name=var2405, type=integer, longValue=2405, textValue=2405]
10:48:05,383 [main] DEBUG org.activiti.engine.impl.db.DbSqlSession  -   insert VariableInstanceEntity[id=4575, name=var3736, type=integer, longValue=3736, textValue=3736]
10:48:05,383 [main] DEBUG org.activiti.engine.impl.db.DbSqlSession  -   insert VariableInstanceEntity[id=4576, name=var2404, type=integer, longValue=2404, textValue=2404]
10:48:05,383 [main] DEBUG org.activiti.engine.impl.db.DbSqlSession  -   insert VariableInstanceEntity[id=4577, name=var3735, type=integer, longValue=3735, textValue=3735]
10:48:05,383 [main] DEBUG org.activiti.engine.impl.db.DbSqlSession  -   insert VariableInstanceEntity[id=4578, name=var2403, type=integer, longValue=2403, textValue=2403]
10:48:05,383 [main] DEBUG org.activiti.engine.impl.db.DbSqlSession  -   insert VariableInstanceEntity[id=4579, name=var3734, type=integer, longValue=3734, textValue=3734]
10:48:05,383 [main] DEBUG org.activiti.engine.impl.db.DbSqlSession  -   insert VariableInstanceEntity[id=4580, name=var2409, type=integer, longValue=2409, textValue=2409]
10:48:05,383 [main] DEBUG org.activiti.engine.impl.db.DbSqlSession  -   insert VariableInstanceEntity[id=4581, name=var2408, type=integer, longValue=2408, textValue=2408]
10:48:05,383 [main] DEBUG org.activiti.engine.impl.db.DbSqlSession  -   insert VariableInstanceEntity[id=4582, name=var3739, type=integer, longValue=3739, textValue=3739]
10:48:05,383 [main] DEBUG org.activiti.engine.impl.db.DbSqlSession  -   insert VariableInstanceEntity[id=4583, name=var2407, type=integer, longValue=2407, textValue=2407]
10:48:05,383 [main] DEBUG org.activiti.engine.impl.db.DbSqlSession  -   insert VariableInstanceEntity[id=4584, name=var3738, type=integer, longValue=3738, textValue=3738]
10:48:05,383 [main] DEBUG org.activiti.engine.impl.db.DbSqlSession  -   insert VariableInstanceEntity[id=4585, name=var3740, type=integer, longValue=3740, textValue=3740]
10:48:05,383 [main] DEBUG org.activiti.engine.impl.db.DbSqlSession  -   insert VariableInstanceEntity[id=4586, name=var2413, type=integer, longValue=2413, textValue=2413]
10:48:05,383 [main] DEBUG org.activiti.engine.impl.db.DbSqlSession  -   insert VariableInstanceEntity[id=4587, name=var3744, type=integer, longValue=3744, textValue=3744]
10:48:05,383 [main] DEBUG org.activiti.engine.impl.db.DbSqlSession  -   insert VariableInstanceEntity[id=4588, name=var2412, type=integer, longValue=2412, textValue=2412]
10:48:05,383 [main] DEBUG org.activiti.engine.impl.db.DbSqlSession  -   insert VariableInstanceEntity[id=4589, name=var3743, type=integer, longValue=3743, textValue=3743]
10:48:05,383 [main] DEBUG org.activiti.engine.impl.db.DbSqlSession  -   insert VariableInstanceEntity[id=4590, name=var2411, type=integer, longValue=2411, textValue=2411]
10:48:05,383 [main] DEBUG org.activiti.engine.impl.db.DbSqlSession  -   insert VariableInstanceEntity[id=4591, name=var3742, type=integer, longValue=3742, textValue=3742]
10:48:05,383 [main] DEBUG org.activiti.engine.impl.db.DbSqlSession  -   insert VariableInstanceEntity[id=4592, name=var2410, type=integer, longValue=2410, textValue=2410]
10:48:05,383 [main] DEBUG org.activiti.engine.impl.db.DbSqlSession  -   insert VariableInstanceEntity[id=4593, name=var3741, type=integer, longValue=3741, textValue=3741]
10:48:05,383 [main] DEBUG org.activiti.engine.impl.db.DbSqlSession  -   insert VariableInstanceEntity[id=4594, name=var2417, type=integer, longValue=2417, textValue=2417]
10:48:05,383 [main] DEBUG org.activiti.engine.impl.db.DbSqlSession  -   insert VariableInstanceEntity[id=4595, name=var3748, type=integer, longValue=3748, textValue=3748]
10:48:05,383 [main] DEBUG org.activiti.engine.impl.db.DbSqlSession  -   insert VariableInstanceEntity[id=4596, name=var2416, type=integer, longValue=2416, textValue=2416]
10:48:05,383 [main] DEBUG org.activiti.engine.impl.db.DbSqlSession  -   insert VariableInstanceEntity[id=4597, name=var3747, type=integer, longValue=3747, textValue=3747]
10:48:05,383 [main] DEBUG org.activiti.engine.impl.db.DbSqlSession  -   insert VariableInstanceEntity[id=4598, name=var2415, type=integer, longValue=2415, textValue=2415]
10:48:05,383 [main] DEBUG org.activiti.engine.impl.db.DbSqlSession  -   insert VariableInstanceEntity[id=4599, name=var3746, type=integer, longValue=3746, textValue=3746]
10:48:05,383 [main] DEBUG org.activiti.engine.impl.db.DbSqlSession  -   insert VariableInstanceEntity[id=4600, name=var2414, type=integer, longValue=2414, textValue=2414]
10:48:05,383 [main] DEBUG org.activiti.engine.impl.db.DbSqlSession  -   insert VariableInstanceEntity[id=4601, name=var3745, type=integer, longValue=3745, textValue=3745]
10:48:05,383 [main] DEBUG org.activiti.engine.impl.db.DbSqlSession  -   insert VariableInstanceEntity[id=4602, name=var2419, type=integer, longValue=2419, textValue=2419]
10:48:05,383 [main] DEBUG org.activiti.engine.impl.db.DbSqlSession  -   insert VariableInstanceEntity[id=4603, name=var2418, type=integer, longValue=2418, textValue=2418]
10:48:05,383 [main] DEBUG org.activiti.engine.impl.db.DbSqlSession  -   insert VariableInstanceEntity[id=4604, name=var3749, type=integer, longValue=3749, textValue=3749]
10:48:05,383 [main] DEBUG org.activiti.engine.impl.db.DbSqlSession  -   insert VariableInstanceEntity[id=4605, name=var2420, type=integer, longValue=2420, textValue=2420]
10:48:05,383 [main] DEBUG org.activiti.engine.impl.db.DbSqlSession  -   insert VariableInstanceEntity[id=4606, name=var3751, type=integer, longValue=3751, textValue=3751]
10:48:05,383 [main] DEBUG org.activiti.engine.impl.db.DbSqlSession  -   insert VariableInstanceEntity[id=4607, name=var3750, type=integer, longValue=3750, textValue=3750]
10:48:05,383 [main] DEBUG org.activiti.engine.impl.db.DbSqlSession  -   insert VariableInstanceEntity[id=4608, name=var2424, type=integer, longValue=2424, textValue=2424]
10:48:05,383 [main] DEBUG org.activiti.engine.impl.db.DbSqlSession  -   insert VariableInstanceEntity[id=4609, name=var3755, type=integer, longValue=3755, textValue=3755]
10:48:05,383 [main] DEBUG org.activiti.engine.impl.db.DbSqlSession  -   insert VariableInstanceEntity[id=4610, name=var2423, type=integer, longValue=2423, textValue=2423]
10:48:05,383 [main] DEBUG org.activiti.engine.impl.db.DbSqlSession  -   insert VariableInstanceEntity[id=4611, name=var3754, type=integer, longValue=3754, textValue=3754]
10:48:05,384 [main] DEBUG org.activiti.engine.impl.db.DbSqlSession  -   insert VariableInstanceEntity[id=4612, name=var2422, type=integer, longValue=2422, textValue=2422]
10:48:05,384 [main] DEBUG org.activiti.engine.impl.db.DbSqlSession  -   insert VariableInstanceEntity[id=4613, name=var3753, type=integer, longValue=3753, textValue=3753]
10:48:05,384 [main] DEBUG org.activiti.engine.impl.db.DbSqlSession  -   insert VariableInstanceEntity[id=4614, name=var2421, type=integer, longValue=2421, textValue=2421]
10:48:05,384 [main] DEBUG org.activiti.engine.impl.db.DbSqlSession  -   insert VariableInstanceEntity[id=4615, name=var3752, type=integer, longValue=3752, textValue=3752]
10:48:05,384 [main] DEBUG org.activiti.engine.impl.db.DbSqlSession  -   insert VariableInstanceEntity[id=4616, name=var2428, type=integer, longValue=2428, textValue=2428]
10:48:05,384 [main] DEBUG org.activiti.engine.impl.db.DbSqlSession  -   insert VariableInstanceEntity[id=4617, name=var3759, type=integer, longValue=3759, textValue=3759]
10:48:05,384 [main] DEBUG org.activiti.engine.impl.db.DbSqlSession  -   insert VariableInstanceEntity[id=4618, name=var2427, type=integer, longValue=2427, textValue=2427]
10:48:05,384 [main] DEBUG org.activiti.engine.impl.db.DbSqlSession  -   insert VariableInstanceEntity[id=4619, name=var3758, type=integer, longValue=3758, textValue=3758]
10:48:05,384 [main] DEBUG org.activiti.engine.impl.db.DbSqlSession  -   insert VariableInstanceEntity[id=4620, name=var2426, type=integer, longValue=2426, textValue=2426]
10:48:05,384 [main] DEBUG org.activiti.engine.impl.db.DbSqlSession  -   insert VariableInstanceEntity[id=4621, name=var3757, type=integer, longValue=3757, textValue=3757]
10:48:05,384 [main] DEBUG org.activiti.engine.impl.db.DbSqlSession  -   insert VariableInstanceEntity[id=4622, name=var2425, type=integer, longValue=2425, textValue=2425]
10:48:05,384 [main] DEBUG org.activiti.engine.impl.db.DbSqlSession  -   insert VariableInstanceEntity[id=4623, name=var3756, type=integer, longValue=3756, textValue=3756]
10:48:05,384 [main] DEBUG org.activiti.engine.impl.db.DbSqlSession  -   insert VariableInstanceEntity[id=4624, name=var2429, type=integer, longValue=2429, textValue=2429]
10:48:05,384 [main] DEBUG org.activiti.engine.impl.db.DbSqlSession  -   insert VariableInstanceEntity[id=4625, name=var2431, type=integer, longValue=2431, textValue=2431]
10:48:05,384 [main] DEBUG org.activiti.engine.impl.db.DbSqlSession  -   insert VariableInstanceEntity[id=4626, name=var3762, type=integer, longValue=3762, textValue=3762]
10:48:05,384 [main] DEBUG org.activiti.engine.impl.db.DbSqlSession  -   insert VariableInstanceEntity[id=4627, name=var1100, type=integer, longValue=1100, textValue=1100]
10:48:05,384 [main] DEBUG org.activiti.engine.impl.db.DbSqlSession  -   insert VariableInstanceEntity[id=4628, name=var2430, type=integer, longValue=2430, textValue=2430]
10:48:05,384 [main] DEBUG org.activiti.engine.impl.db.DbSqlSession  -   insert VariableInstanceEntity[id=4629, name=var3761, type=integer, longValue=3761, textValue=3761]
10:48:05,384 [main] DEBUG org.activiti.engine.impl.db.DbSqlSession  -   insert VariableInstanceEntity[id=4630, name=var3760, type=integer, longValue=3760, textValue=3760]
10:48:05,384 [main] DEBUG org.activiti.engine.impl.db.DbSqlSession  -   insert VariableInstanceEntity[id=4631, name=var1103, type=integer, longValue=1103, textValue=1103]
10:48:05,384 [main] DEBUG org.activiti.engine.impl.db.DbSqlSession  -   insert VariableInstanceEntity[id=4632, name=var2435, type=integer, longValue=2435, textValue=2435]
10:48:05,384 [main] DEBUG org.activiti.engine.impl.db.DbSqlSession  -   insert VariableInstanceEntity[id=4633, name=var3766, type=integer, longValue=3766, textValue=3766]
10:48:05,384 [main] DEBUG org.activiti.engine.impl.db.DbSqlSession  -   insert VariableInstanceEntity[id=4634, name=var1104, type=integer, longValue=1104, textValue=1104]
10:48:05,384 [main] DEBUG org.activiti.engine.impl.db.DbSqlSession  -   insert VariableInstanceEntity[id=4635, name=var2434, type=integer, longValue=2434, textValue=2434]
10:48:05,384 [main] DEBUG org.activiti.engine.impl.db.DbSqlSession  -   insert VariableInstanceEntity[id=4636, name=var3765, type=integer, longValue=3765, textValue=3765]
10:48:05,384 [main] DEBUG org.activiti.engine.impl.db.DbSqlSession  -   insert VariableInstanceEntity[id=4637, name=var1101, type=integer, longValue=1101, textValue=1101]
10:48:05,384 [main] DEBUG org.activiti.engine.impl.db.DbSqlSession  -   insert VariableInstanceEntity[id=4638, name=var2433, type=integer, longValue=2433, textValue=2433]
10:48:05,384 [main] DEBUG org.activiti.engine.impl.db.DbSqlSession  -   insert VariableInstanceEntity[id=4639, name=var3764, type=integer, longValue=3764, textValue=3764]
10:48:05,384 [main] DEBUG org.activiti.engine.impl.db.DbSqlSession  -   insert VariableInstanceEntity[id=4640, name=var1102, type=integer, longValue=1102, textValue=1102]
10:48:05,384 [main] DEBUG org.activiti.engine.impl.db.DbSqlSession  -   insert VariableInstanceEntity[id=4641, name=var2432, type=integer, longValue=2432, textValue=2432]
10:48:05,384 [main] DEBUG org.activiti.engine.impl.db.DbSqlSession  -   insert VariableInstanceEntity[id=4642, name=var3763, type=integer, longValue=3763, textValue=3763]
10:48:05,384 [main] DEBUG org.activiti.engine.impl.db.DbSqlSession  -   insert VariableInstanceEntity[id=4643, name=var1107, type=integer, longValue=1107, textValue=1107]
10:48:05,384 [main] DEBUG org.activiti.engine.impl.db.DbSqlSession  -   insert VariableInstanceEntity[id=4644, name=var2439, type=integer, longValue=2439, textValue=2439]
10:48:05,384 [main] DEBUG org.activiti.engine.impl.db.DbSqlSession  -   insert VariableInstanceEntity[id=4645, name=var1108, type=integer, longValue=1108, textValue=1108]
10:48:05,384 [main] DEBUG org.activiti.engine.impl.db.DbSqlSession  -   insert VariableInstanceEntity[id=4646, name=var2438, type=integer, longValue=2438, textValue=2438]
10:48:05,385 [main] DEBUG org.activiti.engine.impl.db.DbSqlSession  -   insert VariableInstanceEntity[id=4647, name=var3769, type=integer, longValue=3769, textValue=3769]
10:48:05,385 [main] DEBUG org.activiti.engine.impl.db.DbSqlSession  -   insert VariableInstanceEntity[id=4648, name=var1105, type=integer, longValue=1105, textValue=1105]
10:48:05,385 [main] DEBUG org.activiti.engine.impl.db.DbSqlSession  -   insert VariableInstanceEntity[id=4649, name=var2437, type=integer, longValue=2437, textValue=2437]
10:48:05,385 [main] DEBUG org.activiti.engine.impl.db.DbSqlSession  -   insert VariableInstanceEntity[id=4650, name=var3768, type=integer, longValue=3768, textValue=3768]
10:48:05,385 [main] DEBUG org.activiti.engine.impl.db.DbSqlSession  -   insert VariableInstanceEntity[id=4651, name=var1106, type=integer, longValue=1106, textValue=1106]
10:48:05,385 [main] DEBUG org.activiti.engine.impl.db.DbSqlSession  -   insert VariableInstanceEntity[id=4652, name=var2436, type=integer, longValue=2436, textValue=2436]
10:48:05,385 [main] DEBUG org.activiti.engine.impl.db.DbSqlSession  -   insert VariableInstanceEntity[id=4653, name=var3767, type=integer, longValue=3767, textValue=3767]
10:48:05,385 [main] DEBUG org.activiti.engine.impl.db.DbSqlSession  -   insert VariableInstanceEntity[id=4654, name=var1109, type=integer, longValue=1109, textValue=1109]
10:48:05,385 [main] DEBUG org.activiti.engine.impl.db.DbSqlSession  -   insert VariableInstanceEntity[id=4655, name=var1110, type=integer, longValue=1110, textValue=1110]
10:48:05,385 [main] DEBUG org.activiti.engine.impl.db.DbSqlSession  -   insert VariableInstanceEntity[id=4656, name=var2442, type=integer, longValue=2442, textValue=2442]
10:48:05,385 [main] DEBUG org.activiti.engine.impl.db.DbSqlSession  -   insert VariableInstanceEntity[id=4657, name=var3773, type=integer, longValue=3773, textValue=3773]
10:48:05,385 [main] DEBUG org.activiti.engine.impl.db.DbSqlSession  -   insert VariableInstanceEntity[id=4658, name=var1111, type=integer, longValue=1111, textValue=1111]
10:48:05,385 [main] DEBUG org.activiti.engine.impl.db.DbSqlSession  -   insert VariableInstanceEntity[id=4659, name=var2441, type=integer, longValue=2441, textValue=2441]
10:48:05,385 [main] DEBUG org.activiti.engine.impl.db.DbSqlSession  -   insert VariableInstanceEntity[id=4660, name=var3772, type=integer, longValue=3772, textValue=3772]
10:48:05,385 [main] DEBUG org.activiti.engine.impl.db.DbSqlSession  -   insert VariableInstanceEntity[id=4661, name=var2440, type=integer, longValue=2440, textValue=2440]
10:48:05,385 [main] DEBUG org.activiti.engine.impl.db.DbSqlSession  -   insert VariableInstanceEntity[id=4662, name=var3771, type=integer, longValue=3771, textValue=3771]
10:48:05,385 [main] DEBUG org.activiti.engine.impl.db.DbSqlSession  -   insert VariableInstanceEntity[id=4663, name=var3770, type=integer, longValue=3770, textValue=3770]
10:48:05,385 [main] DEBUG org.activiti.engine.impl.db.DbSqlSession  -   insert VariableInstanceEntity[id=4664, name=var1114, type=integer, longValue=1114, textValue=1114]
10:48:05,385 [main] DEBUG org.activiti.engine.impl.db.DbSqlSession  -   insert VariableInstanceEntity[id=4665, name=var2446, type=integer, longValue=2446, textValue=2446]
10:48:05,385 [main] DEBUG org.activiti.engine.impl.db.DbSqlSession  -   insert VariableInstanceEntity[id=4666, name=var3777, type=integer, longValue=3777, textValue=3777]
10:48:05,385 [main] DEBUG org.activiti.engine.impl.db.DbSqlSession  -   insert VariableInstanceEntity[id=4667, name=var1115, type=integer, longValue=1115, textValue=1115]
10:48:05,385 [main] DEBUG org.activiti.engine.impl.db.DbSqlSession  -   insert VariableInstanceEntity[id=4668, name=var2445, type=integer, longValue=2445, textValue=2445]
10:48:05,385 [main] DEBUG org.activiti.engine.impl.db.DbSqlSession  -   insert VariableInstanceEntity[id=4669, name=var3776, type=integer, longValue=3776, textValue=3776]
10:48:05,385 [main] DEBUG org.activiti.engine.impl.db.DbSqlSession  -   insert VariableInstanceEntity[id=4670, name=var1112, type=integer, longValue=1112, textValue=1112]
10:48:05,385 [main] DEBUG org.activiti.engine.impl.db.DbSqlSession  -   insert VariableInstanceEntity[id=4671, name=var2444, type=integer, longValue=2444, textValue=2444]
10:48:05,385 [main] DEBUG org.activiti.engine.impl.db.DbSqlSession  -   insert VariableInstanceEntity[id=4672, name=var3775, type=integer, longValue=3775, textValue=3775]
10:48:05,385 [main] DEBUG org.activiti.engine.impl.db.DbSqlSession  -   insert VariableInstanceEntity[id=4673, name=var1113, type=integer, longValue=1113, textValue=1113]
10:48:05,385 [main] DEBUG org.activiti.engine.impl.db.DbSqlSession  -   insert VariableInstanceEntity[id=4674, name=var2443, type=integer, longValue=2443, textValue=2443]
10:48:05,385 [main] DEBUG org.activiti.engine.impl.db.DbSqlSession  -   insert VariableInstanceEntity[id=4675, name=var3774, type=integer, longValue=3774, textValue=3774]
10:48:05,385 [main] DEBUG org.activiti.engine.impl.db.DbSqlSession  -   insert VariableInstanceEntity[id=4676, name=var1118, type=integer, longValue=1118, textValue=1118]
10:48:05,385 [main] DEBUG org.activiti.engine.impl.db.DbSqlSession  -   insert VariableInstanceEntity[id=4677, name=var1119, type=integer, longValue=1119, textValue=1119]
10:48:05,385 [main] DEBUG org.activiti.engine.impl.db.DbSqlSession  -   insert VariableInstanceEntity[id=4678, name=var2449, type=integer, longValue=2449, textValue=2449]
10:48:05,385 [main] DEBUG org.activiti.engine.impl.db.DbSqlSession  -   insert VariableInstanceEntity[id=4679, name=var1116, type=integer, longValue=1116, textValue=1116]
10:48:05,385 [main] DEBUG org.activiti.engine.impl.db.DbSqlSession  -   insert VariableInstanceEntity[id=4680, name=var2448, type=integer, longValue=2448, textValue=2448]
10:48:05,385 [main] DEBUG org.activiti.engine.impl.db.DbSqlSession  -   insert VariableInstanceEntity[id=4681, name=var3779, type=integer, longValue=3779, textValue=3779]
10:48:05,386 [main] DEBUG org.activiti.engine.impl.db.DbSqlSession  -   insert VariableInstanceEntity[id=4682, name=var1117, type=integer, longValue=1117, textValue=1117]
10:48:05,386 [main] DEBUG org.activiti.engine.impl.db.DbSqlSession  -   insert VariableInstanceEntity[id=4683, name=var2447, type=integer, longValue=2447, textValue=2447]
10:48:05,386 [main] DEBUG org.activiti.engine.impl.db.DbSqlSession  -   insert VariableInstanceEntity[id=4684, name=var3778, type=integer, longValue=3778, textValue=3778]
10:48:05,386 [main] DEBUG org.activiti.engine.impl.db.DbSqlSession  -   insert VariableInstanceEntity[id=4685, name=var1000, type=integer, longValue=1000, textValue=1000]
10:48:05,386 [main] DEBUG org.activiti.engine.impl.db.DbSqlSession  -   insert VariableInstanceEntity[id=4686, name=var2332, type=integer, longValue=2332, textValue=2332]
10:48:05,386 [main] DEBUG org.activiti.engine.impl.db.DbSqlSession  -   insert VariableInstanceEntity[id=4687, name=var3663, type=integer, longValue=3663, textValue=3663]
10:48:05,386 [main] DEBUG org.activiti.engine.impl.db.DbSqlSession  -   insert VariableInstanceEntity[id=4688, name=var1001, type=integer, longValue=1001, textValue=1001]
10:48:05,386 [main] DEBUG org.activiti.engine.impl.db.DbSqlSession  -   insert VariableInstanceEntity[id=4689, name=var2331, type=integer, longValue=2331, textValue=2331]
10:48:05,386 [main] DEBUG org.activiti.engine.impl.db.DbSqlSession  -   insert VariableInstanceEntity[id=4690, name=var3662, type=integer, longValue=3662, textValue=3662]
10:48:05,386 [main] DEBUG org.activiti.engine.impl.db.DbSqlSession  -   insert VariableInstanceEntity[id=4691, name=var2330, type=integer, longValue=2330, textValue=2330]
10:48:05,386 [main] DEBUG org.activiti.engine.impl.db.DbSqlSession  -   insert VariableInstanceEntity[id=4692, name=var3661, type=integer, longValue=3661, textValue=3661]
10:48:05,386 [main] DEBUG org.activiti.engine.impl.db.DbSqlSession  -   insert VariableInstanceEntity[id=4693, name=var3660, type=integer, longValue=3660, textValue=3660]
10:48:05,386 [main] DEBUG org.activiti.engine.impl.db.DbSqlSession  -   insert VariableInstanceEntity[id=4694, name=var424, type=integer, longValue=424, textValue=424]
10:48:05,386 [main] DEBUG org.activiti.engine.impl.db.DbSqlSession  -   insert VariableInstanceEntity[id=4695, name=var1004, type=integer, longValue=1004, textValue=1004]
10:48:05,386 [main] DEBUG org.activiti.engine.impl.db.DbSqlSession  -   insert VariableInstanceEntity[id=4696, name=var2336, type=integer, longValue=2336, textValue=2336]
10:48:05,386 [main] DEBUG org.activiti.engine.impl.db.DbSqlSession  -   insert VariableInstanceEntity[id=4697, name=var3667, type=integer, longValue=3667, textValue=3667]
10:48:05,386 [main] DEBUG org.activiti.engine.impl.db.DbSqlSession  -   insert VariableInstanceEntity[id=4698, name=var423, type=integer, longValue=423, textValue=423]
10:48:05,386 [main] DEBUG org.activiti.engine.impl.db.DbSqlSession  -   insert VariableInstanceEntity[id=4699, name=var1005, type=integer, longValue=1005, textValue=1005]
10:48:05,386 [main] DEBUG org.activiti.engine.impl.db.DbSqlSession  -   insert VariableInstanceEntity[id=4700, name=var2335, type=integer, longValue=2335, textValue=2335]
10:48:05,386 [main] DEBUG org.activiti.engine.impl.db.DbSqlSession  -   insert VariableInstanceEntity[id=4701, name=var3666, type=integer, longValue=3666, textValue=3666]
10:48:05,386 [main] DEBUG org.activiti.engine.impl.db.DbSqlSession  -   insert VariableInstanceEntity[id=4702, name=var422, type=integer, longValue=422, textValue=422]
10:48:05,386 [main] DEBUG org.activiti.engine.impl.db.DbSqlSession  -   insert VariableInstanceEntity[id=4703, name=var1002, type=integer, longValue=1002, textValue=1002]
10:48:05,386 [main] DEBUG org.activiti.engine.impl.db.DbSqlSession  -   insert VariableInstanceEntity[id=4704, name=var2334, type=integer, longValue=2334, textValue=2334]
10:48:05,386 [main] DEBUG org.activiti.engine.impl.db.DbSqlSession  -   insert VariableInstanceEntity[id=4705, name=var3665, type=integer, longValue=3665, textValue=3665]
10:48:05,386 [main] DEBUG org.activiti.engine.impl.db.DbSqlSession  -   insert VariableInstanceEntity[id=4706, name=var421, type=integer, longValue=421, textValue=421]
10:48:05,386 [main] DEBUG org.activiti.engine.impl.db.DbSqlSession  -   insert VariableInstanceEntity[id=4707, name=var1003, type=integer, longValue=1003, textValue=1003]
10:48:05,386 [main] DEBUG org.activiti.engine.impl.db.DbSqlSession  -   insert VariableInstanceEntity[id=4708, name=var2333, type=integer, longValue=2333, textValue=2333]
10:48:05,386 [main] DEBUG org.activiti.engine.impl.db.DbSqlSession  -   insert VariableInstanceEntity[id=4709, name=var3664, type=integer, longValue=3664, textValue=3664]
10:48:05,386 [main] DEBUG org.activiti.engine.impl.db.DbSqlSession  -   insert VariableInstanceEntity[id=4710, name=var420, type=integer, longValue=420, textValue=420]
10:48:05,386 [main] DEBUG org.activiti.engine.impl.db.DbSqlSession  -   insert VariableInstanceEntity[id=4711, name=var1008, type=integer, longValue=1008, textValue=1008]
10:48:05,386 [main] DEBUG org.activiti.engine.impl.db.DbSqlSession  -   insert VariableInstanceEntity[id=4712, name=var1009, type=integer, longValue=1009, textValue=1009]
10:48:05,386 [main] DEBUG org.activiti.engine.impl.db.DbSqlSession  -   insert VariableInstanceEntity[id=4713, name=var2339, type=integer, longValue=2339, textValue=2339]
10:48:05,386 [main] DEBUG org.activiti.engine.impl.db.DbSqlSession  -   insert VariableInstanceEntity[id=4714, name=var1006, type=integer, longValue=1006, textValue=1006]
10:48:05,386 [main] DEBUG org.activiti.engine.impl.db.DbSqlSession  -   insert VariableInstanceEntity[id=4715, name=var2338, type=integer, longValue=2338, textValue=2338]
10:48:05,387 [main] DEBUG org.activiti.engine.impl.db.DbSqlSession  -   insert VariableInstanceEntity[id=4716, name=var3669, type=integer, longValue=3669, textValue=3669]
10:48:05,387 [main] DEBUG org.activiti.engine.impl.db.DbSqlSession  -   insert VariableInstanceEntity[id=4717, name=var1007, type=integer, longValue=1007, textValue=1007]
10:48:05,387 [main] DEBUG org.activiti.engine.impl.db.DbSqlSession  -   insert VariableInstanceEntity[id=4718, name=var2337, type=integer, longValue=2337, textValue=2337]
10:48:05,387 [main] DEBUG org.activiti.engine.impl.db.DbSqlSession  -   insert VariableInstanceEntity[id=4719, name=var3668, type=integer, longValue=3668, textValue=3668]
10:48:05,387 [main] DEBUG org.activiti.engine.impl.db.DbSqlSession  -   insert VariableInstanceEntity[id=4720, name=var429, type=integer, longValue=429, textValue=429]
10:48:05,387 [main] DEBUG org.activiti.engine.impl.db.DbSqlSession  -   insert VariableInstanceEntity[id=4721, name=var428, type=integer, longValue=428, textValue=428]
10:48:05,387 [main] DEBUG org.activiti.engine.impl.db.DbSqlSession  -   insert VariableInstanceEntity[id=4722, name=var427, type=integer, longValue=427, textValue=427]
10:48:05,387 [main] DEBUG org.activiti.engine.impl.db.DbSqlSession  -   insert VariableInstanceEntity[id=4723, name=var426, type=integer, longValue=426, textValue=426]
10:48:05,387 [main] DEBUG org.activiti.engine.impl.db.DbSqlSession  -   insert VariableInstanceEntity[id=4724, name=var425, type=integer, longValue=425, textValue=425]
10:48:05,387 [main] DEBUG org.activiti.engine.impl.db.DbSqlSession  -   insert VariableInstanceEntity[id=4725, name=var3670, type=integer, longValue=3670, textValue=3670]
10:48:05,387 [main] DEBUG org.activiti.engine.impl.db.DbSqlSession  -   insert VariableInstanceEntity[id=4726, name=var1011, type=integer, longValue=1011, textValue=1011]
10:48:05,387 [main] DEBUG org.activiti.engine.impl.db.DbSqlSession  -   insert VariableInstanceEntity[id=4727, name=var2343, type=integer, longValue=2343, textValue=2343]
10:48:05,387 [main] DEBUG org.activiti.engine.impl.db.DbSqlSession  -   insert VariableInstanceEntity[id=4728, name=var3674, type=integer, longValue=3674, textValue=3674]
10:48:05,387 [main] DEBUG org.activiti.engine.impl.db.DbSqlSession  -   insert VariableInstanceEntity[id=4729, name=var1012, type=integer, longValue=1012, textValue=1012]
10:48:05,387 [main] DEBUG org.activiti.engine.impl.db.DbSqlSession  -   insert VariableInstanceEntity[id=4730, name=var2342, type=integer, longValue=2342, textValue=2342]
10:48:05,387 [main] DEBUG org.activiti.engine.impl.db.DbSqlSession  -   insert VariableInstanceEntity[id=4731, name=var3673, type=integer, longValue=3673, textValue=3673]
10:48:05,387 [main] DEBUG org.activiti.engine.impl.db.DbSqlSession  -   insert VariableInstanceEntity[id=4732, name=var2341, type=integer, longValue=2341, textValue=2341]
10:48:05,387 [main] DEBUG org.activiti.engine.impl.db.DbSqlSession  -   insert VariableInstanceEntity[id=4733, name=var3672, type=integer, longValue=3672, textValue=3672]
10:48:05,387 [main] DEBUG org.activiti.engine.impl.db.DbSqlSession  -   insert VariableInstanceEntity[id=4734, name=var1010, type=integer, longValue=1010, textValue=1010]
10:48:05,387 [main] DEBUG org.activiti.engine.impl.db.DbSqlSession  -   insert VariableInstanceEntity[id=4735, name=var2340, type=integer, longValue=2340, textValue=2340]
10:48:05,387 [main] DEBUG org.activiti.engine.impl.db.DbSqlSession  -   insert VariableInstanceEntity[id=4736, name=var3671, type=integer, longValue=3671, textValue=3671]
10:48:05,387 [main] DEBUG org.activiti.engine.impl.db.DbSqlSession  -   insert VariableInstanceEntity[id=4737, name=var413, type=integer, longValue=413, textValue=413]
10:48:05,387 [main] DEBUG org.activiti.engine.impl.db.DbSqlSession  -   insert VariableInstanceEntity[id=4738, name=var1015, type=integer, longValue=1015, textValue=1015]
10:48:05,387 [main] DEBUG org.activiti.engine.impl.db.DbSqlSession  -   insert VariableInstanceEntity[id=4739, name=var2347, type=integer, longValue=2347, textValue=2347]
10:48:05,387 [main] DEBUG org.activiti.engine.impl.db.DbSqlSession  -   insert VariableInstanceEntity[id=4740, name=var3678, type=integer, longValue=3678, textValue=3678]
10:48:05,387 [main] DEBUG org.activiti.engine.impl.db.DbSqlSession  -   insert VariableInstanceEntity[id=4741, name=var412, type=integer, longValue=412, textValue=412]
10:48:05,387 [main] DEBUG org.activiti.engine.impl.db.DbSqlSession  -   insert VariableInstanceEntity[id=4742, name=var1016, type=integer, longValue=1016, textValue=1016]
10:48:05,387 [main] DEBUG org.activiti.engine.impl.db.DbSqlSession  -   insert VariableInstanceEntity[id=4743, name=var2346, type=integer, longValue=2346, textValue=2346]
10:48:05,387 [main] DEBUG org.activiti.engine.impl.db.DbSqlSession  -   insert VariableInstanceEntity[id=4744, name=var3677, type=integer, longValue=3677, textValue=3677]
10:48:05,387 [main] DEBUG org.activiti.engine.impl.db.DbSqlSession  -   insert VariableInstanceEntity[id=4745, name=var411, type=integer, longValue=411, textValue=411]
10:48:05,387 [main] DEBUG org.activiti.engine.impl.db.DbSqlSession  -   insert VariableInstanceEntity[id=4746, name=var1013, type=integer, longValue=1013, textValue=1013]
10:48:05,387 [main] DEBUG org.activiti.engine.impl.db.DbSqlSession  -   insert VariableInstanceEntity[id=4747, name=var2345, type=integer, longValue=2345, textValue=2345]
10:48:05,387 [main] DEBUG org.activiti.engine.impl.db.DbSqlSession  -   insert VariableInstanceEntity[id=4748, name=var3676, type=integer, longValue=3676, textValue=3676]
10:48:05,387 [main] DEBUG org.activiti.engine.impl.db.DbSqlSession  -   insert VariableInstanceEntity[id=4749, name=var410, type=integer, longValue=410, textValue=410]
10:48:05,387 [main] DEBUG org.activiti.engine.impl.db.DbSqlSession  -   insert VariableInstanceEntity[id=4750, name=var1014, type=integer, longValue=1014, textValue=1014]
10:48:05,387 [main] DEBUG org.activiti.engine.impl.db.DbSqlSession  -   insert VariableInstanceEntity[id=4751, name=var2344, type=integer, longValue=2344, textValue=2344]
10:48:05,387 [main] DEBUG org.activiti.engine.impl.db.DbSqlSession  -   insert VariableInstanceEntity[id=4752, name=var3675, type=integer, longValue=3675, textValue=3675]
10:48:05,388 [main] DEBUG org.activiti.engine.impl.db.DbSqlSession  -   insert VariableInstanceEntity[id=4753, name=var1019, type=integer, longValue=1019, textValue=1019]
10:48:05,388 [main] DEBUG org.activiti.engine.impl.db.DbSqlSession  -   insert VariableInstanceEntity[id=4754, name=var1017, type=integer, longValue=1017, textValue=1017]
10:48:05,388 [main] DEBUG org.activiti.engine.impl.db.DbSqlSession  -   insert VariableInstanceEntity[id=4755, name=var2349, type=integer, longValue=2349, textValue=2349]
10:48:05,388 [main] DEBUG org.activiti.engine.impl.db.DbSqlSession  -   insert VariableInstanceEntity[id=4756, name=var1018, type=integer, longValue=1018, textValue=1018]
10:48:05,388 [main] DEBUG org.activiti.engine.impl.db.DbSqlSession  -   insert VariableInstanceEntity[id=4757, name=var2348, type=integer, longValue=2348, textValue=2348]
10:48:05,388 [main] DEBUG org.activiti.engine.impl.db.DbSqlSession  -   insert VariableInstanceEntity[id=4758, name=var3679, type=integer, longValue=3679, textValue=3679]
10:48:05,388 [main] DEBUG org.activiti.engine.impl.db.DbSqlSession  -   insert VariableInstanceEntity[id=4759, name=var419, type=integer, longValue=419, textValue=419]
10:48:05,388 [main] DEBUG org.activiti.engine.impl.db.DbSqlSession  -   insert VariableInstanceEntity[id=4760, name=var418, type=integer, longValue=418, textValue=418]
10:48:05,388 [main] DEBUG org.activiti.engine.impl.db.DbSqlSession  -   insert VariableInstanceEntity[id=4761, name=var417, type=integer, longValue=417, textValue=417]
10:48:05,388 [main] DEBUG org.activiti.engine.impl.db.DbSqlSession  -   insert VariableInstanceEntity[id=4762, name=var416, type=integer, longValue=416, textValue=416]
10:48:05,388 [main] DEBUG org.activiti.engine.impl.db.DbSqlSession  -   insert VariableInstanceEntity[id=4763, name=var415, type=integer, longValue=415, textValue=415]
10:48:05,388 [main] DEBUG org.activiti.engine.impl.db.DbSqlSession  -   insert VariableInstanceEntity[id=4764, name=var414, type=integer, longValue=414, textValue=414]
10:48:05,388 [main] DEBUG org.activiti.engine.impl.db.DbSqlSession  -   insert VariableInstanceEntity[id=4765, name=var2350, type=integer, longValue=2350, textValue=2350]
10:48:05,388 [main] DEBUG org.activiti.engine.impl.db.DbSqlSession  -   insert VariableInstanceEntity[id=4766, name=var3681, type=integer, longValue=3681, textValue=3681]
10:48:05,388 [main] DEBUG org.activiti.engine.impl.db.DbSqlSession  -   insert VariableInstanceEntity[id=4767, name=var3680, type=integer, longValue=3680, textValue=3680]
10:48:05,388 [main] DEBUG org.activiti.engine.impl.db.DbSqlSession  -   insert VariableInstanceEntity[id=4768, name=var1022, type=integer, longValue=1022, textValue=1022]
10:48:05,388 [main] DEBUG org.activiti.engine.impl.db.DbSqlSession  -   insert VariableInstanceEntity[id=4769, name=var2354, type=integer, longValue=2354, textValue=2354]
10:48:05,388 [main] DEBUG org.activiti.engine.impl.db.DbSqlSession  -   insert VariableInstanceEntity[id=4770, name=var3685, type=integer, longValue=3685, textValue=3685]
10:48:05,388 [main] DEBUG org.activiti.engine.impl.db.DbSqlSession  -   insert VariableInstanceEntity[id=4771, name=var1023, type=integer, longValue=1023, textValue=1023]
10:48:05,388 [main] DEBUG org.activiti.engine.impl.db.DbSqlSession  -   insert VariableInstanceEntity[id=4772, name=var2353, type=integer, longValue=2353, textValue=2353]
10:48:05,388 [main] DEBUG org.activiti.engine.impl.db.DbSqlSession  -   insert VariableInstanceEntity[id=4773, name=var3684, type=integer, longValue=3684, textValue=3684]
10:48:05,388 [main] DEBUG org.activiti.engine.impl.db.DbSqlSession  -   insert VariableInstanceEntity[id=4774, name=var1020, type=integer, longValue=1020, textValue=1020]
10:48:05,388 [main] DEBUG org.activiti.engine.impl.db.DbSqlSession  -   insert VariableInstanceEntity[id=4775, name=var2352, type=integer, longValue=2352, textValue=2352]
10:48:05,388 [main] DEBUG org.activiti.engine.impl.db.DbSqlSession  -   insert VariableInstanceEntity[id=4776, name=var3683, type=integer, longValue=3683, textValue=3683]
10:48:05,388 [main] DEBUG org.activiti.engine.impl.db.DbSqlSession  -   insert VariableInstanceEntity[id=4777, name=var1021, type=integer, longValue=1021, textValue=1021]
10:48:05,388 [main] DEBUG org.activiti.engine.impl.db.DbSqlSession  -   insert VariableInstanceEntity[id=4778, name=var2351, type=integer, longValue=2351, textValue=2351]
10:48:05,388 [main] DEBUG org.activiti.engine.impl.db.DbSqlSession  -   insert VariableInstanceEntity[id=4779, name=var3682, type=integer, longValue=3682, textValue=3682]
10:48:05,388 [main] DEBUG org.activiti.engine.impl.db.DbSqlSession  -   insert VariableInstanceEntity[id=4780, name=var402, type=integer, longValue=402, textValue=402]
10:48:05,388 [main] DEBUG org.activiti.engine.impl.db.DbSqlSession  -   insert VariableInstanceEntity[id=4781, name=var1026, type=integer, longValue=1026, textValue=1026]
10:48:05,388 [main] DEBUG org.activiti.engine.impl.db.DbSqlSession  -   insert VariableInstanceEntity[id=4782, name=var2358, type=integer, longValue=2358, textValue=2358]
10:48:05,388 [main] DEBUG org.activiti.engine.impl.db.DbSqlSession  -   insert VariableInstanceEntity[id=4783, name=var3689, type=integer, longValue=3689, textValue=3689]
10:48:05,388 [main] DEBUG org.activiti.engine.impl.db.DbSqlSession  -   insert VariableInstanceEntity[id=4784, name=var401, type=integer, longValue=401, textValue=401]
10:48:05,388 [main] DEBUG org.activiti.engine.impl.db.DbSqlSession  -   insert VariableInstanceEntity[id=4785, name=var1027, type=integer, longValue=1027, textValue=1027]
10:48:05,388 [main] DEBUG org.activiti.engine.impl.db.DbSqlSession  -   insert VariableInstanceEntity[id=4786, name=var2357, type=integer, longValue=2357, textValue=2357]
10:48:05,388 [main] DEBUG org.activiti.engine.impl.db.DbSqlSession  -   insert VariableInstanceEntity[id=4787, name=var3688, type=integer, longValue=3688, textValue=3688]
10:48:05,388 [main] DEBUG org.activiti.engine.impl.db.DbSqlSession  -   insert VariableInstanceEntity[id=4788, name=var400, type=integer, longValue=400, textValue=400]
10:48:05,389 [main] DEBUG org.activiti.engine.impl.db.DbSqlSession  -   insert VariableInstanceEntity[id=4789, name=var1024, type=integer, longValue=1024, textValue=1024]
10:48:05,389 [main] DEBUG org.activiti.engine.impl.db.DbSqlSession  -   insert VariableInstanceEntity[id=4790, name=var2356, type=integer, longValue=2356, textValue=2356]
10:48:05,389 [main] DEBUG org.activiti.engine.impl.db.DbSqlSession  -   insert VariableInstanceEntity[id=4791, name=var3687, type=integer, longValue=3687, textValue=3687]
10:48:05,389 [main] DEBUG org.activiti.engine.impl.db.DbSqlSession  -   insert VariableInstanceEntity[id=4792, name=var1025, type=integer, longValue=1025, textValue=1025]
10:48:05,389 [main] DEBUG org.activiti.engine.impl.db.DbSqlSession  -   insert VariableInstanceEntity[id=4793, name=var2355, type=integer, longValue=2355, textValue=2355]
10:48:05,389 [main] DEBUG org.activiti.engine.impl.db.DbSqlSession  -   insert VariableInstanceEntity[id=4794, name=var3686, type=integer, longValue=3686, textValue=3686]
10:48:05,389 [main] DEBUG org.activiti.engine.impl.db.DbSqlSession  -   insert VariableInstanceEntity[id=4795, name=var1028, type=integer, longValue=1028, textValue=1028]
10:48:05,389 [main] DEBUG org.activiti.engine.impl.db.DbSqlSession  -   insert VariableInstanceEntity[id=4796, name=var1029, type=integer, longValue=1029, textValue=1029]
10:48:05,389 [main] DEBUG org.activiti.engine.impl.db.DbSqlSession  -   insert VariableInstanceEntity[id=4797, name=var2359, type=integer, longValue=2359, textValue=2359]
10:48:05,389 [main] DEBUG org.activiti.engine.impl.db.DbSqlSession  -   insert VariableInstanceEntity[id=4798, name=var409, type=integer, longValue=409, textValue=409]
10:48:05,389 [main] DEBUG org.activiti.engine.impl.db.DbSqlSession  -   insert VariableInstanceEntity[id=4799, name=var408, type=integer, longValue=408, textValue=408]
10:48:05,389 [main] DEBUG org.activiti.engine.impl.db.DbSqlSession  -   insert VariableInstanceEntity[id=4800, name=var407, type=integer, longValue=407, textValue=407]
10:48:05,389 [main] DEBUG org.activiti.engine.impl.db.DbSqlSession  -   insert VariableInstanceEntity[id=4801, name=var406, type=integer, longValue=406, textValue=406]
10:48:05,389 [main] DEBUG org.activiti.engine.impl.db.DbSqlSession  -   insert VariableInstanceEntity[id=4802, name=var405, type=integer, longValue=405, textValue=405]
10:48:05,389 [main] DEBUG org.activiti.engine.impl.db.DbSqlSession  -   insert VariableInstanceEntity[id=4803, name=var404, type=integer, longValue=404, textValue=404]
10:48:05,389 [main] DEBUG org.activiti.engine.impl.db.DbSqlSession  -   insert VariableInstanceEntity[id=4804, name=var403, type=integer, longValue=403, textValue=403]
10:48:05,389 [main] DEBUG org.activiti.engine.impl.db.DbSqlSession  -   insert VariableInstanceEntity[id=4805, name=var2361, type=integer, longValue=2361, textValue=2361]
10:48:05,389 [main] DEBUG org.activiti.engine.impl.db.DbSqlSession  -   insert VariableInstanceEntity[id=4806, name=var3692, type=integer, longValue=3692, textValue=3692]
10:48:05,389 [main] DEBUG org.activiti.engine.impl.db.DbSqlSession  -   insert VariableInstanceEntity[id=4807, name=var1030, type=integer, longValue=1030, textValue=1030]
10:48:05,389 [main] DEBUG org.activiti.engine.impl.db.DbSqlSession  -   insert VariableInstanceEntity[id=4808, name=var2360, type=integer, longValue=2360, textValue=2360]
10:48:05,389 [main] DEBUG org.activiti.engine.impl.db.DbSqlSession  -   insert VariableInstanceEntity[id=4809, name=var3691, type=integer, longValue=3691, textValue=3691]
10:48:05,389 [main] DEBUG org.activiti.engine.impl.db.DbSqlSession  -   insert VariableInstanceEntity[id=4810, name=var3690, type=integer, longValue=3690, textValue=3690]
10:48:05,389 [main] DEBUG org.activiti.engine.impl.db.DbSqlSession  -   insert VariableInstanceEntity[id=4811, name=var1033, type=integer, longValue=1033, textValue=1033]
10:48:05,389 [main] DEBUG org.activiti.engine.impl.db.DbSqlSession  -   insert VariableInstanceEntity[id=4812, name=var2365, type=integer, longValue=2365, textValue=2365]
10:48:05,389 [main] DEBUG org.activiti.engine.impl.db.DbSqlSession  -   insert VariableInstanceEntity[id=4813, name=var3696, type=integer, longValue=3696, textValue=3696]
10:48:05,389 [main] DEBUG org.activiti.engine.impl.db.DbSqlSession  -   insert VariableInstanceEntity[id=4814, name=var1034, type=integer, longValue=1034, textValue=1034]
10:48:05,389 [main] DEBUG org.activiti.engine.impl.db.DbSqlSession  -   insert VariableInstanceEntity[id=4815, name=var2364, type=integer, longValue=2364, textValue=2364]
10:48:05,389 [main] DEBUG org.activiti.engine.impl.db.DbSqlSession  -   insert VariableInstanceEntity[id=4816, name=var3695, type=integer, longValue=3695, textValue=3695]
10:48:05,389 [main] DEBUG org.activiti.engine.impl.db.DbSqlSession  -   insert VariableInstanceEntity[id=4817, name=var1031, type=integer, longValue=1031, textValue=1031]
10:48:05,389 [main] DEBUG org.activiti.engine.impl.db.DbSqlSession  -   insert VariableInstanceEntity[id=4818, name=var2363, type=integer, longValue=2363, textValue=2363]
10:48:05,389 [main] DEBUG org.activiti.engine.impl.db.DbSqlSession  -   insert VariableInstanceEntity[id=4819, name=var3694, type=integer, longValue=3694, textValue=3694]
10:48:05,389 [main] DEBUG org.activiti.engine.impl.db.DbSqlSession  -   insert VariableInstanceEntity[id=4820, name=var1032, type=integer, longValue=1032, textValue=1032]
10:48:05,389 [main] DEBUG org.activiti.engine.impl.db.DbSqlSession  -   insert VariableInstanceEntity[id=4821, name=var2362, type=integer, longValue=2362, textValue=2362]
10:48:05,389 [main] DEBUG org.activiti.engine.impl.db.DbSqlSession  -   insert VariableInstanceEntity[id=4822, name=var3693, type=integer, longValue=3693, textValue=3693]
10:48:05,389 [main] DEBUG org.activiti.engine.impl.db.DbSqlSession  -   insert VariableInstanceEntity[id=4823, name=var1037, type=integer, longValue=1037, textValue=1037]
10:48:05,389 [main] DEBUG org.activiti.engine.impl.db.DbSqlSession  -   insert VariableInstanceEntity[id=4824, name=var2369, type=integer, longValue=2369, textValue=2369]
10:48:05,390 [main] DEBUG org.activiti.engine.impl.db.DbSqlSession  -   insert VariableInstanceEntity[id=4825, name=var1038, type=integer, longValue=1038, textValue=1038]
10:48:05,390 [main] DEBUG org.activiti.engine.impl.db.DbSqlSession  -   insert VariableInstanceEntity[id=4826, name=var2368, type=integer, longValue=2368, textValue=2368]
10:48:05,390 [main] DEBUG org.activiti.engine.impl.db.DbSqlSession  -   insert VariableInstanceEntity[id=4827, name=var3699, type=integer, longValue=3699, textValue=3699]
10:48:05,390 [main] DEBUG org.activiti.engine.impl.db.DbSqlSession  -   insert VariableInstanceEntity[id=4828, name=var1035, type=integer, longValue=1035, textValue=1035]
10:48:05,390 [main] DEBUG org.activiti.engine.impl.db.DbSqlSession  -   insert VariableInstanceEntity[id=4829, name=var2367, type=integer, longValue=2367, textValue=2367]
10:48:05,390 [main] DEBUG org.activiti.engine.impl.db.DbSqlSession  -   insert VariableInstanceEntity[id=4830, name=var3698, type=integer, longValue=3698, textValue=3698]
10:48:05,390 [main] DEBUG org.activiti.engine.impl.db.DbSqlSession  -   insert VariableInstanceEntity[id=4831, name=var1036, type=integer, longValue=1036, textValue=1036]
10:48:05,390 [main] DEBUG org.activiti.engine.impl.db.DbSqlSession  -   insert VariableInstanceEntity[id=4832, name=var2366, type=integer, longValue=2366, textValue=2366]
10:48:05,390 [main] DEBUG org.activiti.engine.impl.db.DbSqlSession  -   insert VariableInstanceEntity[id=4833, name=var3697, type=integer, longValue=3697, textValue=3697]
10:48:05,390 [main] DEBUG org.activiti.engine.impl.db.DbSqlSession  -   insert VariableInstanceEntity[id=4834, name=var1039, type=integer, longValue=1039, textValue=1039]
10:48:05,390 [main] DEBUG org.activiti.engine.impl.db.DbSqlSession  -   insert VariableInstanceEntity[id=4835, name=var1040, type=integer, longValue=1040, textValue=1040]
10:48:05,390 [main] DEBUG org.activiti.engine.impl.db.DbSqlSession  -   insert VariableInstanceEntity[id=4836, name=var2372, type=integer, longValue=2372, textValue=2372]
10:48:05,390 [main] DEBUG org.activiti.engine.impl.db.DbSqlSession  -   insert VariableInstanceEntity[id=4837, name=var1041, type=integer, longValue=1041, textValue=1041]
10:48:05,390 [main] DEBUG org.activiti.engine.impl.db.DbSqlSession  -   insert VariableInstanceEntity[id=4838, name=var2371, type=integer, longValue=2371, textValue=2371]
10:48:05,390 [main] DEBUG org.activiti.engine.impl.db.DbSqlSession  -   insert VariableInstanceEntity[id=4839, name=var2370, type=integer, longValue=2370, textValue=2370]
10:48:05,390 [main] DEBUG org.activiti.engine.impl.db.DbSqlSession  -   insert VariableInstanceEntity[id=4840, name=var1044, type=integer, longValue=1044, textValue=1044]
10:48:05,390 [main] DEBUG org.activiti.engine.impl.db.DbSqlSession  -   insert VariableInstanceEntity[id=4841, name=var2376, type=integer, longValue=2376, textValue=2376]
10:48:05,390 [main] DEBUG org.activiti.engine.impl.db.DbSqlSession  -   insert VariableInstanceEntity[id=4842, name=var1045, type=integer, longValue=1045, textValue=1045]
10:48:05,390 [main] DEBUG org.activiti.engine.impl.db.DbSqlSession  -   insert VariableInstanceEntity[id=4843, name=var2375, type=integer, longValue=2375, textValue=2375]
10:48:05,390 [main] DEBUG org.activiti.engine.impl.db.DbSqlSession  -   insert VariableInstanceEntity[id=4844, name=var1042, type=integer, longValue=1042, textValue=1042]
10:48:05,390 [main] DEBUG org.activiti.engine.impl.db.DbSqlSession  -   insert VariableInstanceEntity[id=4845, name=var2374, type=integer, longValue=2374, textValue=2374]
10:48:05,390 [main] DEBUG org.activiti.engine.impl.db.DbSqlSession  -   insert VariableInstanceEntity[id=4846, name=var1043, type=integer, longValue=1043, textValue=1043]
10:48:05,390 [main] DEBUG org.activiti.engine.impl.db.DbSqlSession  -   insert VariableInstanceEntity[id=4847, name=var2373, type=integer, longValue=2373, textValue=2373]
10:48:05,390 [main] DEBUG org.activiti.engine.impl.db.DbSqlSession  -   insert VariableInstanceEntity[id=4848, name=var1048, type=integer, longValue=1048, textValue=1048]
10:48:05,390 [main] DEBUG org.activiti.engine.impl.db.DbSqlSession  -   insert VariableInstanceEntity[id=4849, name=var1049, type=integer, longValue=1049, textValue=1049]
10:48:05,390 [main] DEBUG org.activiti.engine.impl.db.DbSqlSession  -   insert VariableInstanceEntity[id=4850, name=var2379, type=integer, longValue=2379, textValue=2379]
10:48:05,390 [main] DEBUG org.activiti.engine.impl.db.DbSqlSession  -   insert VariableInstanceEntity[id=4851, name=var1046, type=integer, longValue=1046, textValue=1046]
10:48:05,390 [main] DEBUG org.activiti.engine.impl.db.DbSqlSession  -   insert VariableInstanceEntity[id=4852, name=var2378, type=integer, longValue=2378, textValue=2378]
10:48:05,390 [main] DEBUG org.activiti.engine.impl.db.DbSqlSession  -   insert VariableInstanceEntity[id=4853, name=var1047, type=integer, longValue=1047, textValue=1047]
10:48:05,390 [main] DEBUG org.activiti.engine.impl.db.DbSqlSession  -   insert VariableInstanceEntity[id=4854, name=var2377, type=integer, longValue=2377, textValue=2377]
10:48:05,390 [main] DEBUG org.activiti.engine.impl.db.DbSqlSession  -   insert VariableInstanceEntity[id=4855, name=var1051, type=integer, longValue=1051, textValue=1051]
10:48:05,390 [main] DEBUG org.activiti.engine.impl.db.DbSqlSession  -   insert VariableInstanceEntity[id=4856, name=var2383, type=integer, longValue=2383, textValue=2383]
10:48:05,390 [main] DEBUG org.activiti.engine.impl.db.DbSqlSession  -   insert VariableInstanceEntity[id=4857, name=var1052, type=integer, longValue=1052, textValue=1052]
10:48:05,390 [main] DEBUG org.activiti.engine.impl.db.DbSqlSession  -   insert VariableInstanceEntity[id=4858, name=var2382, type=integer, longValue=2382, textValue=2382]
10:48:05,390 [main] DEBUG org.activiti.engine.impl.db.DbSqlSession  -   insert VariableInstanceEntity[id=4859, name=var2381, type=integer, longValue=2381, textValue=2381]
10:48:05,390 [main] DEBUG org.activiti.engine.impl.db.DbSqlSession  -   insert VariableInstanceEntity[id=4860, name=var1050, type=integer, longValue=1050, textValue=1050]
10:48:05,390 [main] DEBUG org.activiti.engine.impl.db.DbSqlSession  -   insert VariableInstanceEntity[id=4861, name=var2380, type=integer, longValue=2380, textValue=2380]
10:48:05,390 [main] DEBUG org.activiti.engine.impl.db.DbSqlSession  -   insert VariableInstanceEntity[id=4862, name=var1055, type=integer, longValue=1055, textValue=1055]
10:48:05,391 [main] DEBUG org.activiti.engine.impl.db.DbSqlSession  -   insert VariableInstanceEntity[id=4863, name=var2387, type=integer, longValue=2387, textValue=2387]
10:48:05,391 [main] DEBUG org.activiti.engine.impl.db.DbSqlSession  -   insert VariableInstanceEntity[id=4864, name=var1056, type=integer, longValue=1056, textValue=1056]
10:48:05,391 [main] DEBUG org.activiti.engine.impl.db.DbSqlSession  -   insert VariableInstanceEntity[id=4865, name=var2386, type=integer, longValue=2386, textValue=2386]
10:48:05,391 [main] DEBUG org.activiti.engine.impl.db.DbSqlSession  -   insert VariableInstanceEntity[id=4866, name=var1053, type=integer, longValue=1053, textValue=1053]
10:48:05,391 [main] DEBUG org.activiti.engine.impl.db.DbSqlSession  -   insert VariableInstanceEntity[id=4867, name=var2385, type=integer, longValue=2385, textValue=2385]
10:48:05,391 [main] DEBUG org.activiti.engine.impl.db.DbSqlSession  -   insert VariableInstanceEntity[id=4868, name=var1054, type=integer, longValue=1054, textValue=1054]
10:48:05,391 [main] DEBUG org.activiti.engine.impl.db.DbSqlSession  -   insert VariableInstanceEntity[id=4869, name=var2384, type=integer, longValue=2384, textValue=2384]
10:48:05,391 [main] DEBUG org.activiti.engine.impl.db.DbSqlSession  -   insert VariableInstanceEntity[id=4870, name=var1059, type=integer, longValue=1059, textValue=1059]
10:48:05,391 [main] DEBUG org.activiti.engine.impl.db.DbSqlSession  -   insert VariableInstanceEntity[id=4871, name=var1057, type=integer, longValue=1057, textValue=1057]
10:48:05,391 [main] DEBUG org.activiti.engine.impl.db.DbSqlSession  -   insert VariableInstanceEntity[id=4872, name=var2389, type=integer, longValue=2389, textValue=2389]
10:48:05,391 [main] DEBUG org.activiti.engine.impl.db.DbSqlSession  -   insert VariableInstanceEntity[id=4873, name=var1058, type=integer, longValue=1058, textValue=1058]
10:48:05,391 [main] DEBUG org.activiti.engine.impl.db.DbSqlSession  -   insert VariableInstanceEntity[id=4874, name=var2388, type=integer, longValue=2388, textValue=2388]
10:48:05,391 [main] DEBUG org.activiti.engine.impl.db.DbSqlSession  -   insert VariableInstanceEntity[id=4875, name=var2390, type=integer, longValue=2390, textValue=2390]
10:48:05,391 [main] DEBUG org.activiti.engine.impl.db.DbSqlSession  -   insert VariableInstanceEntity[id=4876, name=var1062, type=integer, longValue=1062, textValue=1062]
10:48:05,391 [main] DEBUG org.activiti.engine.impl.db.DbSqlSession  -   insert VariableInstanceEntity[id=4877, name=var2394, type=integer, longValue=2394, textValue=2394]
10:48:05,391 [main] DEBUG org.activiti.engine.impl.db.DbSqlSession  -   insert VariableInstanceEntity[id=4878, name=var1063, type=integer, longValue=1063, textValue=1063]
10:48:05,391 [main] DEBUG org.activiti.engine.impl.db.DbSqlSession  -   insert VariableInstanceEntity[id=4879, name=var2393, type=integer, longValue=2393, textValue=2393]
10:48:05,391 [main] DEBUG org.activiti.engine.impl.db.DbSqlSession  -   insert VariableInstanceEntity[id=4880, name=var1060, type=integer, longValue=1060, textValue=1060]
10:48:05,391 [main] DEBUG org.activiti.engine.impl.db.DbSqlSession  -   insert VariableInstanceEntity[id=4881, name=var2392, type=integer, longValue=2392, textValue=2392]
10:48:05,391 [main] DEBUG org.activiti.engine.impl.db.DbSqlSession  -   insert VariableInstanceEntity[id=4882, name=var1061, type=integer, longValue=1061, textValue=1061]
10:48:05,391 [main] DEBUG org.activiti.engine.impl.db.DbSqlSession  -   insert VariableInstanceEntity[id=4883, name=var2391, type=integer, longValue=2391, textValue=2391]
10:48:05,391 [main] DEBUG org.activiti.engine.impl.db.DbSqlSession  -   insert VariableInstanceEntity[id=4884, name=var1066, type=integer, longValue=1066, textValue=1066]
10:48:05,391 [main] DEBUG org.activiti.engine.impl.db.DbSqlSession  -   insert VariableInstanceEntity[id=4885, name=var2398, type=integer, longValue=2398, textValue=2398]
10:48:05,391 [main] DEBUG org.activiti.engine.impl.db.DbSqlSession  -   insert VariableInstanceEntity[id=4886, name=var1067, type=integer, longValue=1067, textValue=1067]
10:48:05,391 [main] DEBUG org.activiti.engine.impl.db.DbSqlSession  -   insert VariableInstanceEntity[id=4887, name=var2397, type=integer, longValue=2397, textValue=2397]
10:48:05,391 [main] DEBUG org.activiti.engine.impl.db.DbSqlSession  -   insert VariableInstanceEntity[id=4888, name=var1064, type=integer, longValue=1064, textValue=1064]
10:48:05,391 [main] DEBUG org.activiti.engine.impl.db.DbSqlSession  -   insert VariableInstanceEntity[id=4889, name=var2396, type=integer, longValue=2396, textValue=2396]
10:48:05,391 [main] DEBUG org.activiti.engine.impl.db.DbSqlSession  -   insert VariableInstanceEntity[id=4890, name=var1065, type=integer, longValue=1065, textValue=1065]
10:48:05,391 [main] DEBUG org.activiti.engine.impl.db.DbSqlSession  -   insert VariableInstanceEntity[id=4891, name=var2395, type=integer, longValue=2395, textValue=2395]
10:48:05,391 [main] DEBUG org.activiti.engine.impl.db.DbSqlSession  -   insert VariableInstanceEntity[id=4892, name=var1068, type=integer, longValue=1068, textValue=1068]
10:48:05,391 [main] DEBUG org.activiti.engine.impl.db.DbSqlSession  -   insert VariableInstanceEntity[id=4893, name=var1069, type=integer, longValue=1069, textValue=1069]
10:48:05,392 [main] DEBUG org.activiti.engine.impl.db.DbSqlSession  -   insert VariableInstanceEntity[id=4894, name=var2399, type=integer, longValue=2399, textValue=2399]
10:48:05,392 [main] DEBUG org.activiti.engine.impl.db.DbSqlSession  -   insert VariableInstanceEntity[id=4895, name=var1070, type=integer, longValue=1070, textValue=1070]
10:48:05,392 [main] DEBUG org.activiti.engine.impl.db.DbSqlSession  -   insert VariableInstanceEntity[id=4896, name=var1073, type=integer, longValue=1073, textValue=1073]
10:48:05,392 [main] DEBUG org.activiti.engine.impl.db.DbSqlSession  -   insert VariableInstanceEntity[id=4897, name=var1074, type=integer, longValue=1074, textValue=1074]
10:48:05,392 [main] DEBUG org.activiti.engine.impl.db.DbSqlSession  -   insert VariableInstanceEntity[id=4898, name=var1071, type=integer, longValue=1071, textValue=1071]
10:48:05,392 [main] DEBUG org.activiti.engine.impl.db.DbSqlSession  -   insert VariableInstanceEntity[id=4899, name=var1072, type=integer, longValue=1072, textValue=1072]
10:48:05,392 [main] DEBUG org.activiti.engine.impl.db.DbSqlSession  -   insert VariableInstanceEntity[id=4900, name=var1077, type=integer, longValue=1077, textValue=1077]
10:48:05,393 [main] DEBUG org.activiti.engine.impl.db.DbSqlSession  -   insert VariableInstanceEntity[id=4901, name=var1078, type=integer, longValue=1078, textValue=1078]
10:48:05,393 [main] DEBUG org.activiti.engine.impl.db.DbSqlSession  -   insert VariableInstanceEntity[id=4902, name=var1075, type=integer, longValue=1075, textValue=1075]
10:48:05,393 [main] DEBUG org.activiti.engine.impl.db.DbSqlSession  -   insert VariableInstanceEntity[id=4903, name=var1076, type=integer, longValue=1076, textValue=1076]
10:48:05,393 [main] DEBUG org.activiti.engine.impl.db.DbSqlSession  -   insert VariableInstanceEntity[id=4904, name=var1079, type=integer, longValue=1079, textValue=1079]
10:48:05,393 [main] DEBUG org.activiti.engine.impl.db.DbSqlSession  -   insert VariableInstanceEntity[id=4905, name=var1080, type=integer, longValue=1080, textValue=1080]
10:48:05,393 [main] DEBUG org.activiti.engine.impl.db.DbSqlSession  -   insert VariableInstanceEntity[id=4906, name=var1081, type=integer, longValue=1081, textValue=1081]
10:48:05,393 [main] DEBUG org.activiti.engine.impl.db.DbSqlSession  -   insert VariableInstanceEntity[id=4907, name=var1084, type=integer, longValue=1084, textValue=1084]
10:48:05,393 [main] DEBUG org.activiti.engine.impl.db.DbSqlSession  -   insert VariableInstanceEntity[id=4908, name=var1085, type=integer, longValue=1085, textValue=1085]
10:48:05,393 [main] DEBUG org.activiti.engine.impl.db.DbSqlSession  -   insert VariableInstanceEntity[id=4909, name=var1082, type=integer, longValue=1082, textValue=1082]
10:48:05,393 [main] DEBUG org.activiti.engine.impl.db.DbSqlSession  -   insert VariableInstanceEntity[id=4910, name=var1083, type=integer, longValue=1083, textValue=1083]
10:48:05,393 [main] DEBUG org.activiti.engine.impl.db.DbSqlSession  -   insert VariableInstanceEntity[id=4911, name=var1088, type=integer, longValue=1088, textValue=1088]
10:48:05,393 [main] DEBUG org.activiti.engine.impl.db.DbSqlSession  -   insert VariableInstanceEntity[id=4912, name=var1089, type=integer, longValue=1089, textValue=1089]
10:48:05,393 [main] DEBUG org.activiti.engine.impl.db.DbSqlSession  -   insert VariableInstanceEntity[id=4913, name=var1086, type=integer, longValue=1086, textValue=1086]
10:48:05,393 [main] DEBUG org.activiti.engine.impl.db.DbSqlSession  -   insert VariableInstanceEntity[id=4914, name=var1087, type=integer, longValue=1087, textValue=1087]
10:48:05,393 [main] DEBUG org.activiti.engine.impl.db.DbSqlSession  -   insert VariableInstanceEntity[id=4915, name=var1091, type=integer, longValue=1091, textValue=1091]
10:48:05,393 [main] DEBUG org.activiti.engine.impl.db.DbSqlSession  -   insert VariableInstanceEntity[id=4916, name=var1092, type=integer, longValue=1092, textValue=1092]
10:48:05,393 [main] DEBUG org.activiti.engine.impl.db.DbSqlSession  -   insert VariableInstanceEntity[id=4917, name=var1090, type=integer, longValue=1090, textValue=1090]
10:48:05,393 [main] DEBUG org.activiti.engine.impl.db.DbSqlSession  -   insert VariableInstanceEntity[id=4918, name=var493, type=integer, longValue=493, textValue=493]
10:48:05,393 [main] DEBUG org.activiti.engine.impl.db.DbSqlSession  -   insert VariableInstanceEntity[id=4919, name=var1095, type=integer, longValue=1095, textValue=1095]
10:48:05,393 [main] DEBUG org.activiti.engine.impl.db.DbSqlSession  -   insert VariableInstanceEntity[id=4920, name=var492, type=integer, longValue=492, textValue=492]
10:48:05,393 [main] DEBUG org.activiti.engine.impl.db.DbSqlSession  -   insert VariableInstanceEntity[id=4921, name=var1096, type=integer, longValue=1096, textValue=1096]
10:48:05,393 [main] DEBUG org.activiti.engine.impl.db.DbSqlSession  -   insert VariableInstanceEntity[id=4922, name=var491, type=integer, longValue=491, textValue=491]
10:48:05,393 [main] DEBUG org.activiti.engine.impl.db.DbSqlSession  -   insert VariableInstanceEntity[id=4923, name=var1093, type=integer, longValue=1093, textValue=1093]
10:48:05,394 [main] DEBUG org.activiti.engine.impl.db.DbSqlSession  -   insert VariableInstanceEntity[id=4924, name=var490, type=integer, longValue=490, textValue=490]
10:48:05,394 [main] DEBUG org.activiti.engine.impl.db.DbSqlSession  -   insert VariableInstanceEntity[id=4925, name=var1094, type=integer, longValue=1094, textValue=1094]
10:48:05,394 [main] DEBUG org.activiti.engine.impl.db.DbSqlSession  -   insert VariableInstanceEntity[id=4926, name=var1099, type=integer, longValue=1099, textValue=1099]
10:48:05,394 [main] DEBUG org.activiti.engine.impl.db.DbSqlSession  -   insert VariableInstanceEntity[id=4927, name=var1097, type=integer, longValue=1097, textValue=1097]
10:48:05,394 [main] DEBUG org.activiti.engine.impl.db.DbSqlSession  -   insert VariableInstanceEntity[id=4928, name=var1098, type=integer, longValue=1098, textValue=1098]
10:48:05,394 [main] DEBUG org.activiti.engine.impl.db.DbSqlSession  -   insert VariableInstanceEntity[id=4929, name=var499, type=integer, longValue=499, textValue=499]
10:48:05,394 [main] DEBUG org.activiti.engine.impl.db.DbSqlSession  -   insert VariableInstanceEntity[id=4930, name=var498, type=integer, longValue=498, textValue=498]
10:48:05,394 [main] DEBUG org.activiti.engine.impl.db.DbSqlSession  -   insert VariableInstanceEntity[id=4931, name=var497, type=integer, longValue=497, textValue=497]
10:48:05,394 [main] DEBUG org.activiti.engine.impl.db.DbSqlSession  -   insert VariableInstanceEntity[id=4932, name=var496, type=integer, longValue=496, textValue=496]
10:48:05,394 [main] DEBUG org.activiti.engine.impl.db.DbSqlSession  -   insert VariableInstanceEntity[id=4933, name=var495, type=integer, longValue=495, textValue=495]
10:48:05,394 [main] DEBUG org.activiti.engine.impl.db.DbSqlSession  -   insert VariableInstanceEntity[id=4934, name=var494, type=integer, longValue=494, textValue=494]
10:48:05,394 [main] DEBUG org.activiti.engine.impl.db.DbSqlSession  -   insert VariableInstanceEntity[id=4935, name=var482, type=integer, longValue=482, textValue=482]
10:48:05,394 [main] DEBUG org.activiti.engine.impl.db.DbSqlSession  -   insert VariableInstanceEntity[id=4936, name=var481, type=integer, longValue=481, textValue=481]
10:48:05,394 [main] DEBUG org.activiti.engine.impl.db.DbSqlSession  -   insert VariableInstanceEntity[id=4937, name=var480, type=integer, longValue=480, textValue=480]
10:48:05,394 [main] DEBUG org.activiti.engine.impl.db.DbSqlSession  -   insert VariableInstanceEntity[id=4938, name=var489, type=integer, longValue=489, textValue=489]
10:48:05,394 [main] DEBUG org.activiti.engine.impl.db.DbSqlSession  -   insert VariableInstanceEntity[id=4939, name=var488, type=integer, longValue=488, textValue=488]
10:48:05,394 [main] DEBUG org.activiti.engine.impl.db.DbSqlSession  -   insert VariableInstanceEntity[id=4940, name=var487, type=integer, longValue=487, textValue=487]
10:48:05,394 [main] DEBUG org.activiti.engine.impl.db.DbSqlSession  -   insert VariableInstanceEntity[id=4941, name=var486, type=integer, longValue=486, textValue=486]
10:48:05,394 [main] DEBUG org.activiti.engine.impl.db.DbSqlSession  -   insert VariableInstanceEntity[id=4942, name=var485, type=integer, longValue=485, textValue=485]
10:48:05,394 [main] DEBUG org.activiti.engine.impl.db.DbSqlSession  -   insert VariableInstanceEntity[id=4943, name=var484, type=integer, longValue=484, textValue=484]
10:48:05,394 [main] DEBUG org.activiti.engine.impl.db.DbSqlSession  -   insert VariableInstanceEntity[id=4944, name=var483, type=integer, longValue=483, textValue=483]
10:48:05,394 [main] DEBUG org.activiti.engine.impl.db.DbSqlSession  -   insert VariableInstanceEntity[id=4945, name=var471, type=integer, longValue=471, textValue=471]
10:48:05,394 [main] DEBUG org.activiti.engine.impl.db.DbSqlSession  -   insert VariableInstanceEntity[id=4946, name=var470, type=integer, longValue=470, textValue=470]
10:48:05,394 [main] DEBUG org.activiti.engine.impl.db.DbSqlSession  -   insert VariableInstanceEntity[id=4947, name=var479, type=integer, longValue=479, textValue=479]
10:48:05,394 [main] DEBUG org.activiti.engine.impl.db.DbSqlSession  -   insert VariableInstanceEntity[id=4948, name=var478, type=integer, longValue=478, textValue=478]
10:48:05,394 [main] DEBUG org.activiti.engine.impl.db.DbSqlSession  -   insert VariableInstanceEntity[id=4949, name=var477, type=integer, longValue=477, textValue=477]
10:48:05,394 [main] DEBUG org.activiti.engine.impl.db.DbSqlSession  -   insert VariableInstanceEntity[id=4950, name=var476, type=integer, longValue=476, textValue=476]
10:48:05,394 [main] DEBUG org.activiti.engine.impl.db.DbSqlSession  -   insert VariableInstanceEntity[id=4951, name=var475, type=integer, longValue=475, textValue=475]
10:48:05,394 [main] DEBUG org.activiti.engine.impl.db.DbSqlSession  -   insert VariableInstanceEntity[id=4952, name=var474, type=integer, longValue=474, textValue=474]
10:48:05,394 [main] DEBUG org.activiti.engine.impl.db.DbSqlSession  -   insert VariableInstanceEntity[id=4953, name=var473, type=integer, longValue=473, textValue=473]
10:48:05,394 [main] DEBUG org.activiti.engine.impl.db.DbSqlSession  -   insert VariableInstanceEntity[id=4954, name=var472, type=integer, longValue=472, textValue=472]
10:48:05,394 [main] DEBUG org.activiti.engine.impl.db.DbSqlSession  -   insert VariableInstanceEntity[id=4955, name=var460, type=integer, longValue=460, textValue=460]
10:48:05,394 [main] DEBUG org.activiti.engine.impl.db.DbSqlSession  -   insert VariableInstanceEntity[id=4956, name=var468, type=integer, longValue=468, textValue=468]
10:48:05,394 [main] DEBUG org.activiti.engine.impl.db.DbSqlSession  -   insert VariableInstanceEntity[id=4957, name=var467, type=integer, longValue=467, textValue=467]
10:48:05,394 [main] DEBUG org.activiti.engine.impl.db.DbSqlSession  -   insert VariableInstanceEntity[id=4958, name=var466, type=integer, longValue=466, textValue=466]
10:48:05,394 [main] DEBUG org.activiti.engine.impl.db.DbSqlSession  -   insert VariableInstanceEntity[id=4959, name=var465, type=integer, longValue=465, textValue=465]
10:48:05,395 [main] DEBUG org.activiti.engine.impl.db.DbSqlSession  -   insert VariableInstanceEntity[id=4960, name=var464, type=integer, longValue=464, textValue=464]
10:48:05,395 [main] DEBUG org.activiti.engine.impl.db.DbSqlSession  -   insert VariableInstanceEntity[id=4961, name=var463, type=integer, longValue=463, textValue=463]
10:48:05,395 [main] DEBUG org.activiti.engine.impl.db.DbSqlSession  -   insert VariableInstanceEntity[id=4962, name=var462, type=integer, longValue=462, textValue=462]
10:48:05,395 [main] DEBUG org.activiti.engine.impl.db.DbSqlSession  -   insert VariableInstanceEntity[id=4963, name=var461, type=integer, longValue=461, textValue=461]
10:48:05,395 [main] DEBUG org.activiti.engine.impl.db.DbSqlSession  -   insert VariableInstanceEntity[id=4964, name=var469, type=integer, longValue=469, textValue=469]
10:48:05,395 [main] DEBUG org.activiti.engine.impl.db.DbSqlSession  -   insert VariableInstanceEntity[id=4965, name=var457, type=integer, longValue=457, textValue=457]
10:48:05,395 [main] DEBUG org.activiti.engine.impl.db.DbSqlSession  -   insert VariableInstanceEntity[id=4966, name=var456, type=integer, longValue=456, textValue=456]
10:48:05,395 [main] DEBUG org.activiti.engine.impl.db.DbSqlSession  -   insert VariableInstanceEntity[id=4967, name=var455, type=integer, longValue=455, textValue=455]
10:48:05,395 [main] DEBUG org.activiti.engine.impl.db.DbSqlSession  -   insert VariableInstanceEntity[id=4968, name=var454, type=integer, longValue=454, textValue=454]
10:48:05,395 [main] DEBUG org.activiti.engine.impl.db.DbSqlSession  -   insert VariableInstanceEntity[id=4969, name=var453, type=integer, longValue=453, textValue=453]
10:48:05,395 [main] DEBUG org.activiti.engine.impl.db.DbSqlSession  -   insert VariableInstanceEntity[id=4970, name=var452, type=integer, longValue=452, textValue=452]
10:48:05,395 [main] DEBUG org.activiti.engine.impl.db.DbSqlSession  -   insert VariableInstanceEntity[id=4971, name=var451, type=integer, longValue=451, textValue=451]
10:48:05,395 [main] DEBUG org.activiti.engine.impl.db.DbSqlSession  -   insert VariableInstanceEntity[id=4972, name=var450, type=integer, longValue=450, textValue=450]
10:48:05,395 [main] DEBUG org.activiti.engine.impl.db.DbSqlSession  -   insert VariableInstanceEntity[id=4973, name=var459, type=integer, longValue=459, textValue=459]
10:48:05,395 [main] DEBUG org.activiti.engine.impl.db.DbSqlSession  -   insert VariableInstanceEntity[id=4974, name=var458, type=integer, longValue=458, textValue=458]
10:48:05,395 [main] DEBUG org.activiti.engine.impl.db.DbSqlSession  -   insert VariableInstanceEntity[id=4975, name=var446, type=integer, longValue=446, textValue=446]
10:48:05,395 [main] DEBUG org.activiti.engine.impl.db.DbSqlSession  -   insert VariableInstanceEntity[id=4976, name=var445, type=integer, longValue=445, textValue=445]
10:48:05,395 [main] DEBUG org.activiti.engine.impl.db.DbSqlSession  -   insert VariableInstanceEntity[id=4977, name=var444, type=integer, longValue=444, textValue=444]
10:48:05,395 [main] DEBUG org.activiti.engine.impl.db.DbSqlSession  -   insert VariableInstanceEntity[id=4978, name=var443, type=integer, longValue=443, textValue=443]
10:48:05,395 [main] DEBUG org.activiti.engine.impl.db.DbSqlSession  -   insert VariableInstanceEntity[id=4979, name=var442, type=integer, longValue=442, textValue=442]
10:48:05,395 [main] DEBUG org.activiti.engine.impl.db.DbSqlSession  -   insert VariableInstanceEntity[id=4980, name=var441, type=integer, longValue=441, textValue=441]
10:48:05,395 [main] DEBUG org.activiti.engine.impl.db.DbSqlSession  -   insert VariableInstanceEntity[id=4981, name=var1900, type=integer, longValue=1900, textValue=1900]
10:48:05,395 [main] DEBUG org.activiti.engine.impl.db.DbSqlSession  -   insert VariableInstanceEntity[id=4982, name=var440, type=integer, longValue=440, textValue=440]
10:48:05,395 [main] DEBUG org.activiti.engine.impl.db.DbSqlSession  -   insert VariableInstanceEntity[id=4983, name=var1903, type=integer, longValue=1903, textValue=1903]
10:48:05,395 [main] DEBUG org.activiti.engine.impl.db.DbSqlSession  -   insert VariableInstanceEntity[id=4984, name=var1904, type=integer, longValue=1904, textValue=1904]
10:48:05,395 [main] DEBUG org.activiti.engine.impl.db.DbSqlSession  -   insert VariableInstanceEntity[id=4985, name=var1901, type=integer, longValue=1901, textValue=1901]
10:48:05,395 [main] DEBUG org.activiti.engine.impl.db.DbSqlSession  -   insert VariableInstanceEntity[id=4986, name=var1902, type=integer, longValue=1902, textValue=1902]
10:48:05,395 [main] DEBUG org.activiti.engine.impl.db.DbSqlSession  -   insert VariableInstanceEntity[id=4987, name=var1907, type=integer, longValue=1907, textValue=1907]
10:48:05,395 [main] DEBUG org.activiti.engine.impl.db.DbSqlSession  -   insert VariableInstanceEntity[id=4988, name=var449, type=integer, longValue=449, textValue=449]
10:48:05,395 [main] DEBUG org.activiti.engine.impl.db.DbSqlSession  -   insert VariableInstanceEntity[id=4989, name=var1908, type=integer, longValue=1908, textValue=1908]
10:48:05,395 [main] DEBUG org.activiti.engine.impl.db.DbSqlSession  -   insert VariableInstanceEntity[id=4990, name=var448, type=integer, longValue=448, textValue=448]
10:48:05,395 [main] DEBUG org.activiti.engine.impl.db.DbSqlSession  -   insert VariableInstanceEntity[id=4991, name=var1905, type=integer, longValue=1905, textValue=1905]
10:48:05,395 [main] DEBUG org.activiti.engine.impl.db.DbSqlSession  -   insert VariableInstanceEntity[id=4992, name=var447, type=integer, longValue=447, textValue=447]
10:48:05,395 [main] DEBUG org.activiti.engine.impl.db.DbSqlSession  -   insert VariableInstanceEntity[id=4993, name=var1906, type=integer, longValue=1906, textValue=1906]
10:48:05,395 [main] DEBUG org.activiti.engine.impl.db.DbSqlSession  -   insert VariableInstanceEntity[id=4994, name=var1909, type=integer, longValue=1909, textValue=1909]
10:48:05,396 [main] DEBUG org.activiti.engine.impl.db.DbSqlSession  -   insert VariableInstanceEntity[id=4995, name=var435, type=integer, longValue=435, textValue=435]
10:48:05,396 [main] DEBUG org.activiti.engine.impl.db.DbSqlSession  -   insert VariableInstanceEntity[id=4996, name=var434, type=integer, longValue=434, textValue=434]
10:48:05,396 [main] DEBUG org.activiti.engine.impl.db.DbSqlSession  -   insert VariableInstanceEntity[id=4997, name=var433, type=integer, longValue=433, textValue=433]
10:48:05,396 [main] DEBUG org.activiti.engine.impl.db.DbSqlSession  -   insert VariableInstanceEntity[id=4998, name=var432, type=integer, longValue=432, textValue=432]
10:48:05,396 [main] DEBUG org.activiti.engine.impl.db.DbSqlSession  -   insert VariableInstanceEntity[id=4999, name=var431, type=integer, longValue=431, textValue=431]
10:48:05,396 [main] DEBUG org.activiti.engine.impl.db.DbSqlSession  -   insert VariableInstanceEntity[id=5000, name=var1910, type=integer, longValue=1910, textValue=1910]
10:48:05,396 [main] DEBUG org.activiti.engine.impl.db.DbSqlSession  -   insert VariableInstanceEntity[id=5001, name=var430, type=integer, longValue=430, textValue=430]
10:48:05,396 [main] DEBUG org.activiti.engine.impl.db.DbSqlSession  -   insert VariableInstanceEntity[id=5002, name=var1911, type=integer, longValue=1911, textValue=1911]
10:48:05,396 [main] DEBUG org.activiti.engine.impl.db.DbSqlSession  -   insert VariableInstanceEntity[id=5003, name=var1914, type=integer, longValue=1914, textValue=1914]
10:48:05,396 [main] DEBUG org.activiti.engine.impl.db.DbSqlSession  -   insert VariableInstanceEntity[id=5004, name=var1915, type=integer, longValue=1915, textValue=1915]
10:48:05,396 [main] DEBUG org.activiti.engine.impl.db.DbSqlSession  -   insert VariableInstanceEntity[id=5005, name=var1912, type=integer, longValue=1912, textValue=1912]
10:48:05,396 [main] DEBUG org.activiti.engine.impl.db.DbSqlSession  -   insert VariableInstanceEntity[id=5006, name=var1913, type=integer, longValue=1913, textValue=1913]
10:48:05,396 [main] DEBUG org.activiti.engine.impl.db.DbSqlSession  -   insert VariableInstanceEntity[id=5007, name=var439, type=integer, longValue=439, textValue=439]
10:48:05,396 [main] DEBUG org.activiti.engine.impl.db.DbSqlSession  -   insert VariableInstanceEntity[id=5008, name=var1918, type=integer, longValue=1918, textValue=1918]
10:48:05,396 [main] DEBUG org.activiti.engine.impl.db.DbSqlSession  -   insert VariableInstanceEntity[id=5009, name=var438, type=integer, longValue=438, textValue=438]
10:48:05,396 [main] DEBUG org.activiti.engine.impl.db.DbSqlSession  -   insert VariableInstanceEntity[id=5010, name=var1919, type=integer, longValue=1919, textValue=1919]
10:48:05,396 [main] DEBUG org.activiti.engine.impl.db.DbSqlSession  -   insert VariableInstanceEntity[id=5011, name=var437, type=integer, longValue=437, textValue=437]
10:48:05,396 [main] DEBUG org.activiti.engine.impl.db.DbSqlSession  -   insert VariableInstanceEntity[id=5012, name=var1916, type=integer, longValue=1916, textValue=1916]
10:48:05,396 [main] DEBUG org.activiti.engine.impl.db.DbSqlSession  -   insert VariableInstanceEntity[id=5013, name=var436, type=integer, longValue=436, textValue=436]
10:48:05,396 [main] DEBUG org.activiti.engine.impl.db.DbSqlSession  -   insert VariableInstanceEntity[id=5014, name=var1917, type=integer, longValue=1917, textValue=1917]
10:48:05,396 [main] DEBUG org.activiti.engine.impl.db.DbSqlSession  -   insert VariableInstanceEntity[id=5015, name=var1800, type=integer, longValue=1800, textValue=1800]
10:48:05,396 [main] DEBUG org.activiti.engine.impl.db.DbSqlSession  -   insert VariableInstanceEntity[id=5016, name=var1801, type=integer, longValue=1801, textValue=1801]
10:48:05,396 [main] DEBUG org.activiti.engine.impl.db.DbSqlSession  -   insert VariableInstanceEntity[id=5017, name=var1804, type=integer, longValue=1804, textValue=1804]
10:48:05,396 [main] DEBUG org.activiti.engine.impl.db.DbSqlSession  -   insert VariableInstanceEntity[id=5018, name=var1805, type=integer, longValue=1805, textValue=1805]
10:48:05,396 [main] DEBUG org.activiti.engine.impl.db.DbSqlSession  -   insert VariableInstanceEntity[id=5019, name=var1802, type=integer, longValue=1802, textValue=1802]
10:48:05,396 [main] DEBUG org.activiti.engine.impl.db.DbSqlSession  -   insert VariableInstanceEntity[id=5020, name=var1803, type=integer, longValue=1803, textValue=1803]
10:48:05,396 [main] DEBUG org.activiti.engine.impl.db.DbSqlSession  -   insert VariableInstanceEntity[id=5021, name=var1808, type=integer, longValue=1808, textValue=1808]
10:48:05,396 [main] DEBUG org.activiti.engine.impl.db.DbSqlSession  -   insert VariableInstanceEntity[id=5022, name=var1809, type=integer, longValue=1809, textValue=1809]
10:48:05,396 [main] DEBUG org.activiti.engine.impl.db.DbSqlSession  -   insert VariableInstanceEntity[id=5023, name=var1806, type=integer, longValue=1806, textValue=1806]
10:48:05,396 [main] DEBUG org.activiti.engine.impl.db.DbSqlSession  -   insert VariableInstanceEntity[id=5024, name=var1807, type=integer, longValue=1807, textValue=1807]
10:48:05,396 [main] DEBUG org.activiti.engine.impl.db.DbSqlSession  -   insert VariableInstanceEntity[id=5025, name=var1811, type=integer, longValue=1811, textValue=1811]
10:48:05,396 [main] DEBUG org.activiti.engine.impl.db.DbSqlSession  -   insert VariableInstanceEntity[id=5026, name=var1812, type=integer, longValue=1812, textValue=1812]
10:48:05,396 [main] DEBUG org.activiti.engine.impl.db.DbSqlSession  -   insert VariableInstanceEntity[id=5027, name=var1810, type=integer, longValue=1810, textValue=1810]
10:48:05,396 [main] DEBUG org.activiti.engine.impl.db.DbSqlSession  -   insert VariableInstanceEntity[id=5028, name=var1815, type=integer, longValue=1815, textValue=1815]
10:48:05,396 [main] DEBUG org.activiti.engine.impl.db.DbSqlSession  -   insert VariableInstanceEntity[id=5029, name=var1816, type=integer, longValue=1816, textValue=1816]
10:48:05,396 [main] DEBUG org.activiti.engine.impl.db.DbSqlSession  -   insert VariableInstanceEntity[id=5030, name=var1813, type=integer, longValue=1813, textValue=1813]
10:48:05,397 [main] DEBUG org.activiti.engine.impl.db.DbSqlSession  -   insert VariableInstanceEntity[id=5031, name=var1814, type=integer, longValue=1814, textValue=1814]
10:48:05,397 [main] DEBUG org.activiti.engine.impl.db.DbSqlSession  -   insert VariableInstanceEntity[id=5032, name=var1819, type=integer, longValue=1819, textValue=1819]
10:48:05,397 [main] DEBUG org.activiti.engine.impl.db.DbSqlSession  -   insert VariableInstanceEntity[id=5033, name=var1817, type=integer, longValue=1817, textValue=1817]
10:48:05,397 [main] DEBUG org.activiti.engine.impl.db.DbSqlSession  -   insert VariableInstanceEntity[id=5034, name=var1818, type=integer, longValue=1818, textValue=1818]
10:48:05,397 [main] DEBUG org.activiti.engine.impl.db.DbSqlSession  -   insert VariableInstanceEntity[id=5035, name=var1822, type=integer, longValue=1822, textValue=1822]
10:48:05,397 [main] DEBUG org.activiti.engine.impl.db.DbSqlSession  -   insert VariableInstanceEntity[id=5036, name=var1823, type=integer, longValue=1823, textValue=1823]
10:48:05,397 [main] DEBUG org.activiti.engine.impl.db.DbSqlSession  -   insert VariableInstanceEntity[id=5037, name=var1820, type=integer, longValue=1820, textValue=1820]
10:48:05,397 [main] DEBUG org.activiti.engine.impl.db.DbSqlSession  -   insert VariableInstanceEntity[id=5038, name=var1821, type=integer, longValue=1821, textValue=1821]
10:48:05,397 [main] DEBUG org.activiti.engine.impl.db.DbSqlSession  -   insert VariableInstanceEntity[id=5039, name=var1826, type=integer, longValue=1826, textValue=1826]
10:48:05,397 [main] DEBUG org.activiti.engine.impl.db.DbSqlSession  -   insert VariableInstanceEntity[id=5040, name=var1827, type=integer, longValue=1827, textValue=1827]
10:48:05,397 [main] DEBUG org.activiti.engine.impl.db.DbSqlSession  -   insert VariableInstanceEntity[id=5041, name=var1824, type=integer, longValue=1824, textValue=1824]
10:48:05,397 [main] DEBUG org.activiti.engine.impl.db.DbSqlSession  -   insert VariableInstanceEntity[id=5042, name=var1825, type=integer, longValue=1825, textValue=1825]
10:48:05,397 [main] DEBUG org.activiti.engine.impl.db.DbSqlSession  -   insert VariableInstanceEntity[id=5043, name=var1828, type=integer, longValue=1828, textValue=1828]
10:48:05,397 [main] DEBUG org.activiti.engine.impl.db.DbSqlSession  -   insert VariableInstanceEntity[id=5044, name=var1829, type=integer, longValue=1829, textValue=1829]
10:48:05,397 [main] DEBUG org.activiti.engine.impl.db.DbSqlSession  -   insert VariableInstanceEntity[id=5045, name=var1830, type=integer, longValue=1830, textValue=1830]
10:48:05,397 [main] DEBUG org.activiti.engine.impl.db.DbSqlSession  -   insert VariableInstanceEntity[id=5046, name=var1833, type=integer, longValue=1833, textValue=1833]
10:48:05,397 [main] DEBUG org.activiti.engine.impl.db.DbSqlSession  -   insert VariableInstanceEntity[id=5047, name=var1834, type=integer, longValue=1834, textValue=1834]
10:48:05,397 [main] DEBUG org.activiti.engine.impl.db.DbSqlSession  -   insert VariableInstanceEntity[id=5048, name=var1831, type=integer, longValue=1831, textValue=1831]
10:48:05,397 [main] DEBUG org.activiti.engine.impl.db.DbSqlSession  -   insert VariableInstanceEntity[id=5049, name=var1832, type=integer, longValue=1832, textValue=1832]
10:48:05,397 [main] DEBUG org.activiti.engine.impl.db.DbSqlSession  -   insert VariableInstanceEntity[id=5050, name=var1837, type=integer, longValue=1837, textValue=1837]
10:48:05,397 [main] DEBUG org.activiti.engine.impl.db.DbSqlSession  -   insert VariableInstanceEntity[id=5051, name=var1838, type=integer, longValue=1838, textValue=1838]
10:48:05,397 [main] DEBUG org.activiti.engine.impl.db.DbSqlSession  -   insert VariableInstanceEntity[id=5052, name=var1835, type=integer, longValue=1835, textValue=1835]
10:48:05,397 [main] DEBUG org.activiti.engine.impl.db.DbSqlSession  -   insert VariableInstanceEntity[id=5053, name=var1836, type=integer, longValue=1836, textValue=1836]
10:48:05,397 [main] DEBUG org.activiti.engine.impl.db.DbSqlSession  -   insert VariableInstanceEntity[id=5054, name=var1839, type=integer, longValue=1839, textValue=1839]
10:48:05,397 [main] DEBUG org.activiti.engine.impl.db.DbSqlSession  -   insert VariableInstanceEntity[id=5055, name=var1840, type=integer, longValue=1840, textValue=1840]
10:48:05,397 [main] DEBUG org.activiti.engine.impl.db.DbSqlSession  -   insert VariableInstanceEntity[id=5056, name=var1841, type=integer, longValue=1841, textValue=1841]
10:48:05,397 [main] DEBUG org.activiti.engine.impl.db.DbSqlSession  -   insert VariableInstanceEntity[id=5057, name=var1844, type=integer, longValue=1844, textValue=1844]
10:48:05,397 [main] DEBUG org.activiti.engine.impl.db.DbSqlSession  -   insert VariableInstanceEntity[id=5058, name=var1845, type=integer, longValue=1845, textValue=1845]
10:48:05,397 [main] DEBUG org.activiti.engine.impl.db.DbSqlSession  -   insert VariableInstanceEntity[id=5059, name=var1842, type=integer, longValue=1842, textValue=1842]
10:48:05,397 [main] DEBUG org.activiti.engine.impl.db.DbSqlSession  -   insert VariableInstanceEntity[id=5060, name=var1843, type=integer, longValue=1843, textValue=1843]
10:48:05,397 [main] DEBUG org.activiti.engine.impl.db.DbSqlSession  -   insert VariableInstanceEntity[id=5061, name=var1848, type=integer, longValue=1848, textValue=1848]
10:48:05,397 [main] DEBUG org.activiti.engine.impl.db.DbSqlSession  -   insert VariableInstanceEntity[id=5062, name=var1849, type=integer, longValue=1849, textValue=1849]
10:48:05,397 [main] DEBUG org.activiti.engine.impl.db.DbSqlSession  -   insert VariableInstanceEntity[id=5063, name=var1846, type=integer, longValue=1846, textValue=1846]
10:48:05,397 [main] DEBUG org.activiti.engine.impl.db.DbSqlSession  -   insert VariableInstanceEntity[id=5064, name=var1847, type=integer, longValue=1847, textValue=1847]
10:48:05,397 [main] DEBUG org.activiti.engine.impl.db.DbSqlSession  -   insert VariableInstanceEntity[id=5065, name=var1851, type=integer, longValue=1851, textValue=1851]
10:48:05,398 [main] DEBUG org.activiti.engine.impl.db.DbSqlSession  -   insert VariableInstanceEntity[id=5066, name=var1852, type=integer, longValue=1852, textValue=1852]
10:48:05,398 [main] DEBUG org.activiti.engine.impl.db.DbSqlSession  -   insert VariableInstanceEntity[id=5067, name=var1850, type=integer, longValue=1850, textValue=1850]
10:48:05,398 [main] DEBUG org.activiti.engine.impl.db.DbSqlSession  -   insert VariableInstanceEntity[id=5068, name=var1855, type=integer, longValue=1855, textValue=1855]
10:48:05,398 [main] DEBUG org.activiti.engine.impl.db.DbSqlSession  -   insert VariableInstanceEntity[id=5069, name=var1856, type=integer, longValue=1856, textValue=1856]
10:48:05,398 [main] DEBUG org.activiti.engine.impl.db.DbSqlSession  -   insert VariableInstanceEntity[id=5070, name=var1853, type=integer, longValue=1853, textValue=1853]
10:48:05,398 [main] DEBUG org.activiti.engine.impl.db.DbSqlSession  -   insert VariableInstanceEntity[id=5071, name=var1854, type=integer, longValue=1854, textValue=1854]
10:48:05,398 [main] DEBUG org.activiti.engine.impl.db.DbSqlSession  -   insert VariableInstanceEntity[id=5072, name=var1859, type=integer, longValue=1859, textValue=1859]
10:48:05,398 [main] DEBUG org.activiti.engine.impl.db.DbSqlSession  -   insert VariableInstanceEntity[id=5073, name=var1857, type=integer, longValue=1857, textValue=1857]
10:48:05,398 [main] DEBUG org.activiti.engine.impl.db.DbSqlSession  -   insert VariableInstanceEntity[id=5074, name=var1858, type=integer, longValue=1858, textValue=1858]
10:48:05,398 [main] DEBUG org.activiti.engine.impl.db.DbSqlSession  -   insert VariableInstanceEntity[id=5075, name=var1862, type=integer, longValue=1862, textValue=1862]
10:48:05,398 [main] DEBUG org.activiti.engine.impl.db.DbSqlSession  -   insert VariableInstanceEntity[id=5076, name=var1863, type=integer, longValue=1863, textValue=1863]
10:48:05,398 [main] DEBUG org.activiti.engine.impl.db.DbSqlSession  -   insert VariableInstanceEntity[id=5077, name=var1860, type=integer, longValue=1860, textValue=1860]
10:48:05,398 [main] DEBUG org.activiti.engine.impl.db.DbSqlSession  -   insert VariableInstanceEntity[id=5078, name=var1861, type=integer, longValue=1861, textValue=1861]
10:48:05,398 [main] DEBUG org.activiti.engine.impl.db.DbSqlSession  -   insert VariableInstanceEntity[id=5079, name=var1866, type=integer, longValue=1866, textValue=1866]
10:48:05,398 [main] DEBUG org.activiti.engine.impl.db.DbSqlSession  -   insert VariableInstanceEntity[id=5080, name=var1867, type=integer, longValue=1867, textValue=1867]
10:48:05,398 [main] DEBUG org.activiti.engine.impl.db.DbSqlSession  -   insert VariableInstanceEntity[id=5081, name=var1864, type=integer, longValue=1864, textValue=1864]
10:48:05,398 [main] DEBUG org.activiti.engine.impl.db.DbSqlSession  -   insert VariableInstanceEntity[id=5082, name=var1865, type=integer, longValue=1865, textValue=1865]
10:48:05,398 [main] DEBUG org.activiti.engine.impl.db.DbSqlSession  -   insert VariableInstanceEntity[id=5083, name=var1868, type=integer, longValue=1868, textValue=1868]
10:48:05,398 [main] DEBUG org.activiti.engine.impl.db.DbSqlSession  -   insert VariableInstanceEntity[id=5084, name=var1869, type=integer, longValue=1869, textValue=1869]
10:48:05,398 [main] DEBUG org.activiti.engine.impl.db.DbSqlSession  -   insert VariableInstanceEntity[id=5085, name=var394, type=integer, longValue=394, textValue=394]
10:48:05,398 [main] DEBUG org.activiti.engine.impl.db.DbSqlSession  -   insert VariableInstanceEntity[id=5086, name=var393, type=integer, longValue=393, textValue=393]
10:48:05,398 [main] DEBUG org.activiti.engine.impl.db.DbSqlSession  -   insert VariableInstanceEntity[id=5087, name=var392, type=integer, longValue=392, textValue=392]
10:48:05,398 [main] DEBUG org.activiti.engine.impl.db.DbSqlSession  -   insert VariableInstanceEntity[id=5088, name=var391, type=integer, longValue=391, textValue=391]
10:48:05,398 [main] DEBUG org.activiti.engine.impl.db.DbSqlSession  -   insert VariableInstanceEntity[id=5089, name=var390, type=integer, longValue=390, textValue=390]
10:48:05,398 [main] DEBUG org.activiti.engine.impl.db.DbSqlSession  -   insert VariableInstanceEntity[id=5090, name=var1870, type=integer, longValue=1870, textValue=1870]
10:48:05,398 [main] DEBUG org.activiti.engine.impl.db.DbSqlSession  -   insert VariableInstanceEntity[id=5091, name=var1873, type=integer, longValue=1873, textValue=1873]
10:48:05,398 [main] DEBUG org.activiti.engine.impl.db.DbSqlSession  -   insert VariableInstanceEntity[id=5092, name=var1874, type=integer, longValue=1874, textValue=1874]
10:48:05,398 [main] DEBUG org.activiti.engine.impl.db.DbSqlSession  -   insert VariableInstanceEntity[id=5093, name=var1871, type=integer, longValue=1871, textValue=1871]
10:48:05,398 [main] DEBUG org.activiti.engine.impl.db.DbSqlSession  -   insert VariableInstanceEntity[id=5094, name=var399, type=integer, longValue=399, textValue=399]
10:48:05,398 [main] DEBUG org.activiti.engine.impl.db.DbSqlSession  -   insert VariableInstanceEntity[id=5095, name=var1872, type=integer, longValue=1872, textValue=1872]
10:48:05,398 [main] DEBUG org.activiti.engine.impl.db.DbSqlSession  -   insert VariableInstanceEntity[id=5096, name=var398, type=integer, longValue=398, textValue=398]
10:48:05,398 [main] DEBUG org.activiti.engine.impl.db.DbSqlSession  -   insert VariableInstanceEntity[id=5097, name=var1877, type=integer, longValue=1877, textValue=1877]
10:48:05,398 [main] DEBUG org.activiti.engine.impl.db.DbSqlSession  -   insert VariableInstanceEntity[id=5098, name=var397, type=integer, longValue=397, textValue=397]
10:48:05,398 [main] DEBUG org.activiti.engine.impl.db.DbSqlSession  -   insert VariableInstanceEntity[id=5099, name=var1878, type=integer, longValue=1878, textValue=1878]
10:48:05,398 [main] DEBUG org.activiti.engine.impl.db.DbSqlSession  -   insert VariableInstanceEntity[id=5100, name=var396, type=integer, longValue=396, textValue=396]
10:48:05,398 [main] DEBUG org.activiti.engine.impl.db.DbSqlSession  -   insert VariableInstanceEntity[id=5101, name=var1875, type=integer, longValue=1875, textValue=1875]
10:48:05,399 [main] DEBUG org.activiti.engine.impl.db.DbSqlSession  -   insert VariableInstanceEntity[id=5102, name=var395, type=integer, longValue=395, textValue=395]
10:48:05,399 [main] DEBUG org.activiti.engine.impl.db.DbSqlSession  -   insert VariableInstanceEntity[id=5103, name=var1876, type=integer, longValue=1876, textValue=1876]
10:48:05,399 [main] DEBUG org.activiti.engine.impl.db.DbSqlSession  -   insert VariableInstanceEntity[id=5104, name=var1879, type=integer, longValue=1879, textValue=1879]
10:48:05,399 [main] DEBUG org.activiti.engine.impl.db.DbSqlSession  -   insert VariableInstanceEntity[id=5105, name=var1880, type=integer, longValue=1880, textValue=1880]
10:48:05,399 [main] DEBUG org.activiti.engine.impl.db.DbSqlSession  -   insert VariableInstanceEntity[id=5106, name=var1881, type=integer, longValue=1881, textValue=1881]
10:48:05,399 [main] DEBUG org.activiti.engine.impl.db.DbSqlSession  -   insert VariableInstanceEntity[id=5107, name=var1884, type=integer, longValue=1884, textValue=1884]
10:48:05,399 [main] DEBUG org.activiti.engine.impl.db.DbSqlSession  -   insert VariableInstanceEntity[id=5108, name=var1885, type=integer, longValue=1885, textValue=1885]
10:48:05,399 [main] DEBUG org.activiti.engine.impl.db.DbSqlSession  -   insert VariableInstanceEntity[id=5109, name=var1882, type=integer, longValue=1882, textValue=1882]
10:48:05,399 [main] DEBUG org.activiti.engine.impl.db.DbSqlSession  -   insert VariableInstanceEntity[id=5110, name=var1883, type=integer, longValue=1883, textValue=1883]
10:48:05,399 [main] DEBUG org.activiti.engine.impl.db.DbSqlSession  -   insert VariableInstanceEntity[id=5111, name=var1888, type=integer, longValue=1888, textValue=1888]
10:48:05,399 [main] DEBUG org.activiti.engine.impl.db.DbSqlSession  -   insert VariableInstanceEntity[id=5112, name=var1889, type=integer, longValue=1889, textValue=1889]
10:48:05,399 [main] DEBUG org.activiti.engine.impl.db.DbSqlSession  -   insert VariableInstanceEntity[id=5113, name=var1886, type=integer, longValue=1886, textValue=1886]
10:48:05,399 [main] DEBUG org.activiti.engine.impl.db.DbSqlSession  -   insert VariableInstanceEntity[id=5114, name=var1887, type=integer, longValue=1887, textValue=1887]
10:48:05,399 [main] DEBUG org.activiti.engine.impl.db.DbSqlSession  -   insert VariableInstanceEntity[id=5115, name=var1891, type=integer, longValue=1891, textValue=1891]
10:48:05,399 [main] DEBUG org.activiti.engine.impl.db.DbSqlSession  -   insert VariableInstanceEntity[id=5116, name=var1892, type=integer, longValue=1892, textValue=1892]
10:48:05,399 [main] DEBUG org.activiti.engine.impl.db.DbSqlSession  -   insert VariableInstanceEntity[id=5117, name=var1890, type=integer, longValue=1890, textValue=1890]
10:48:05,399 [main] DEBUG org.activiti.engine.impl.db.DbSqlSession  -   insert VariableInstanceEntity[id=5118, name=var1895, type=integer, longValue=1895, textValue=1895]
10:48:05,399 [main] DEBUG org.activiti.engine.impl.db.DbSqlSession  -   insert VariableInstanceEntity[id=5119, name=var1896, type=integer, longValue=1896, textValue=1896]
10:48:05,399 [main] DEBUG org.activiti.engine.impl.db.DbSqlSession  -   insert VariableInstanceEntity[id=5120, name=var1893, type=integer, longValue=1893, textValue=1893]
10:48:05,399 [main] DEBUG org.activiti.engine.impl.db.DbSqlSession  -   insert VariableInstanceEntity[id=5121, name=var1894, type=integer, longValue=1894, textValue=1894]
10:48:05,399 [main] DEBUG org.activiti.engine.impl.db.DbSqlSession  -   insert VariableInstanceEntity[id=5122, name=var1899, type=integer, longValue=1899, textValue=1899]
10:48:05,399 [main] DEBUG org.activiti.engine.impl.db.DbSqlSession  -   insert VariableInstanceEntity[id=5123, name=var1897, type=integer, longValue=1897, textValue=1897]
10:48:05,399 [main] DEBUG org.activiti.engine.impl.db.DbSqlSession  -   insert VariableInstanceEntity[id=5124, name=var1898, type=integer, longValue=1898, textValue=1898]
10:48:05,399 [main] DEBUG org.activiti.engine.impl.db.DbSqlSession  -   insert VariableInstanceEntity[id=5125, name=var3601, type=integer, longValue=3601, textValue=3601]
10:48:05,399 [main] DEBUG org.activiti.engine.impl.db.DbSqlSession  -   insert VariableInstanceEntity[id=5126, name=var3600, type=integer, longValue=3600, textValue=3600]
10:48:05,399 [main] DEBUG org.activiti.engine.impl.db.DbSqlSession  -   insert VariableInstanceEntity[id=5127, name=var3605, type=integer, longValue=3605, textValue=3605]
10:48:05,399 [main] DEBUG org.activiti.engine.impl.db.DbSqlSession  -   insert VariableInstanceEntity[id=5128, name=var3604, type=integer, longValue=3604, textValue=3604]
10:48:05,399 [main] DEBUG org.activiti.engine.impl.db.DbSqlSession  -   insert VariableInstanceEntity[id=5129, name=var3603, type=integer, longValue=3603, textValue=3603]
10:48:05,399 [main] DEBUG org.activiti.engine.impl.db.DbSqlSession  -   insert VariableInstanceEntity[id=5130, name=var3602, type=integer, longValue=3602, textValue=3602]
10:48:05,399 [main] DEBUG org.activiti.engine.impl.db.DbSqlSession  -   insert VariableInstanceEntity[id=5131, name=var3609, type=integer, longValue=3609, textValue=3609]
10:48:05,399 [main] DEBUG org.activiti.engine.impl.db.DbSqlSession  -   insert VariableInstanceEntity[id=5132, name=var3608, type=integer, longValue=3608, textValue=3608]
10:48:05,399 [main] DEBUG org.activiti.engine.impl.db.DbSqlSession  -   insert VariableInstanceEntity[id=5133, name=var3607, type=integer, longValue=3607, textValue=3607]
10:48:05,399 [main] DEBUG org.activiti.engine.impl.db.DbSqlSession  -   insert VariableInstanceEntity[id=5134, name=var3606, type=integer, longValue=3606, textValue=3606]
10:48:05,399 [main] DEBUG org.activiti.engine.impl.db.DbSqlSession  -   insert VariableInstanceEntity[id=5135, name=var3612, type=integer, longValue=3612, textValue=3612]
10:48:05,399 [main] DEBUG org.activiti.engine.impl.db.DbSqlSession  -   insert VariableInstanceEntity[id=5136, name=var3611, type=integer, longValue=3611, textValue=3611]
10:48:05,399 [main] DEBUG org.activiti.engine.impl.db.DbSqlSession  -   insert VariableInstanceEntity[id=5137, name=var3610, type=integer, longValue=3610, textValue=3610]
10:48:05,399 [main] DEBUG org.activiti.engine.impl.db.DbSqlSession  -   insert VariableInstanceEntity[id=5138, name=var3616, type=integer, longValue=3616, textValue=3616]
10:48:05,400 [main] DEBUG org.activiti.engine.impl.db.DbSqlSession  -   insert VariableInstanceEntity[id=5139, name=var3615, type=integer, longValue=3615, textValue=3615]
10:48:05,400 [main] DEBUG org.activiti.engine.impl.db.DbSqlSession  -   insert VariableInstanceEntity[id=5140, name=var3614, type=integer, longValue=3614, textValue=3614]
10:48:05,400 [main] DEBUG org.activiti.engine.impl.db.DbSqlSession  -   insert VariableInstanceEntity[id=5141, name=var3613, type=integer, longValue=3613, textValue=3613]
10:48:05,400 [main] DEBUG org.activiti.engine.impl.db.DbSqlSession  -   insert VariableInstanceEntity[id=5142, name=var3619, type=integer, longValue=3619, textValue=3619]
10:48:05,400 [main] DEBUG org.activiti.engine.impl.db.DbSqlSession  -   insert VariableInstanceEntity[id=5143, name=var3618, type=integer, longValue=3618, textValue=3618]
10:48:05,400 [main] DEBUG org.activiti.engine.impl.db.DbSqlSession  -   insert VariableInstanceEntity[id=5144, name=var3617, type=integer, longValue=3617, textValue=3617]
10:48:05,400 [main] DEBUG org.activiti.engine.impl.db.DbSqlSession  -   insert VariableInstanceEntity[id=5145, name=var3623, type=integer, longValue=3623, textValue=3623]
10:48:05,400 [main] DEBUG org.activiti.engine.impl.db.DbSqlSession  -   insert VariableInstanceEntity[id=5146, name=var3622, type=integer, longValue=3622, textValue=3622]
10:48:05,400 [main] DEBUG org.activiti.engine.impl.db.DbSqlSession  -   insert VariableInstanceEntity[id=5147, name=var3621, type=integer, longValue=3621, textValue=3621]
10:48:05,400 [main] DEBUG org.activiti.engine.impl.db.DbSqlSession  -   insert VariableInstanceEntity[id=5148, name=var3620, type=integer, longValue=3620, textValue=3620]
10:48:05,400 [main] DEBUG org.activiti.engine.impl.db.DbSqlSession  -   insert VariableInstanceEntity[id=5149, name=var3627, type=integer, longValue=3627, textValue=3627]
10:48:05,400 [main] DEBUG org.activiti.engine.impl.db.DbSqlSession  -   insert VariableInstanceEntity[id=5150, name=var3626, type=integer, longValue=3626, textValue=3626]
10:48:05,400 [main] DEBUG org.activiti.engine.impl.db.DbSqlSession  -   insert VariableInstanceEntity[id=5151, name=var3625, type=integer, longValue=3625, textValue=3625]
10:48:05,400 [main] DEBUG org.activiti.engine.impl.db.DbSqlSession  -   insert VariableInstanceEntity[id=5152, name=var3624, type=integer, longValue=3624, textValue=3624]
10:48:05,400 [main] DEBUG org.activiti.engine.impl.db.DbSqlSession  -   insert VariableInstanceEntity[id=5153, name=var3629, type=integer, longValue=3629, textValue=3629]
10:48:05,400 [main] DEBUG org.activiti.engine.impl.db.DbSqlSession  -   insert VariableInstanceEntity[id=5154, name=var3628, type=integer, longValue=3628, textValue=3628]
10:48:05,400 [main] DEBUG org.activiti.engine.impl.db.DbSqlSession  -   insert VariableInstanceEntity[id=5155, name=var3630, type=integer, longValue=3630, textValue=3630]
10:48:05,400 [main] DEBUG org.activiti.engine.impl.db.DbSqlSession  -   insert VariableInstanceEntity[id=5156, name=var2303, type=integer, longValue=2303, textValue=2303]
10:48:05,400 [main] DEBUG org.activiti.engine.impl.db.DbSqlSession  -   insert VariableInstanceEntity[id=5157, name=var3634, type=integer, longValue=3634, textValue=3634]
10:48:05,400 [main] DEBUG org.activiti.engine.impl.db.DbSqlSession  -   insert VariableInstanceEntity[id=5158, name=var2302, type=integer, longValue=2302, textValue=2302]
10:48:05,400 [main] DEBUG org.activiti.engine.impl.db.DbSqlSession  -   insert VariableInstanceEntity[id=5159, name=var3633, type=integer, longValue=3633, textValue=3633]
10:48:05,400 [main] DEBUG org.activiti.engine.impl.db.DbSqlSession  -   insert VariableInstanceEntity[id=5160, name=var2301, type=integer, longValue=2301, textValue=2301]
10:48:05,400 [main] DEBUG org.activiti.engine.impl.db.DbSqlSession  -   insert VariableInstanceEntity[id=5161, name=var3632, type=integer, longValue=3632, textValue=3632]
10:48:05,400 [main] DEBUG org.activiti.engine.impl.db.DbSqlSession  -   insert VariableInstanceEntity[id=5162, name=var2300, type=integer, longValue=2300, textValue=2300]
10:48:05,400 [main] DEBUG org.activiti.engine.impl.db.DbSqlSession  -   insert VariableInstanceEntity[id=5163, name=var3631, type=integer, longValue=3631, textValue=3631]
10:48:05,400 [main] DEBUG org.activiti.engine.impl.db.DbSqlSession  -   insert VariableInstanceEntity[id=5164, name=var2307, type=integer, longValue=2307, textValue=2307]
10:48:05,400 [main] DEBUG org.activiti.engine.impl.db.DbSqlSession  -   insert VariableInstanceEntity[id=5165, name=var3638, type=integer, longValue=3638, textValue=3638]
10:48:05,400 [main] DEBUG org.activiti.engine.impl.db.DbSqlSession  -   insert VariableInstanceEntity[id=5166, name=var2306, type=integer, longValue=2306, textValue=2306]
10:48:05,400 [main] DEBUG org.activiti.engine.impl.db.DbSqlSession  -   insert VariableInstanceEntity[id=5167, name=var3637, type=integer, longValue=3637, textValue=3637]
10:48:05,401 [main] DEBUG org.activiti.engine.impl.db.DbSqlSession  -   insert VariableInstanceEntity[id=5168, name=var2305, type=integer, longValue=2305, textValue=2305]
10:48:05,401 [main] DEBUG org.activiti.engine.impl.db.DbSqlSession  -   insert VariableInstanceEntity[id=5169, name=var3636, type=integer, longValue=3636, textValue=3636]
10:48:05,401 [main] DEBUG org.activiti.engine.impl.db.DbSqlSession  -   insert VariableInstanceEntity[id=5170, name=var2304, type=integer, longValue=2304, textValue=2304]
10:48:05,401 [main] DEBUG org.activiti.engine.impl.db.DbSqlSession  -   insert VariableInstanceEntity[id=5171, name=var3635, type=integer, longValue=3635, textValue=3635]
10:48:05,401 [main] DEBUG org.activiti.engine.impl.db.DbSqlSession  -   insert VariableInstanceEntity[id=5172, name=var2309, type=integer, longValue=2309, textValue=2309]
10:48:05,401 [main] DEBUG org.activiti.engine.impl.db.DbSqlSession  -   insert VariableInstanceEntity[id=5173, name=var2308, type=integer, longValue=2308, textValue=2308]
10:48:05,401 [main] DEBUG org.activiti.engine.impl.db.DbSqlSession  -   insert VariableInstanceEntity[id=5174, name=var3639, type=integer, longValue=3639, textValue=3639]
10:48:05,401 [main] DEBUG org.activiti.engine.impl.db.DbSqlSession  -   insert VariableInstanceEntity[id=5175, name=var2310, type=integer, longValue=2310, textValue=2310]
10:48:05,401 [main] DEBUG org.activiti.engine.impl.db.DbSqlSession  -   insert VariableInstanceEntity[id=5176, name=var3641, type=integer, longValue=3641, textValue=3641]
10:48:05,401 [main] DEBUG org.activiti.engine.impl.db.DbSqlSession  -   insert VariableInstanceEntity[id=5177, name=var3640, type=integer, longValue=3640, textValue=3640]
10:48:05,401 [main] DEBUG org.activiti.engine.impl.db.DbSqlSession  -   insert VariableInstanceEntity[id=5178, name=var2314, type=integer, longValue=2314, textValue=2314]
10:48:05,401 [main] DEBUG org.activiti.engine.impl.db.DbSqlSession  -   insert VariableInstanceEntity[id=5179, name=var3645, type=integer, longValue=3645, textValue=3645]
10:48:05,401 [main] DEBUG org.activiti.engine.impl.db.DbSqlSession  -   insert VariableInstanceEntity[id=5180, name=var2313, type=integer, longValue=2313, textValue=2313]
10:48:05,401 [main] DEBUG org.activiti.engine.impl.db.DbSqlSession  -   insert VariableInstanceEntity[id=5181, name=var3644, type=integer, longValue=3644, textValue=3644]
10:48:05,401 [main] DEBUG org.activiti.engine.impl.db.DbSqlSession  -   insert VariableInstanceEntity[id=5182, name=var2312, type=integer, longValue=2312, textValue=2312]
10:48:05,401 [main] DEBUG org.activiti.engine.impl.db.DbSqlSession  -   insert VariableInstanceEntity[id=5183, name=var3643, type=integer, longValue=3643, textValue=3643]
10:48:05,401 [main] DEBUG org.activiti.engine.impl.db.DbSqlSession  -   insert VariableInstanceEntity[id=5184, name=var2311, type=integer, longValue=2311, textValue=2311]
10:48:05,401 [main] DEBUG org.activiti.engine.impl.db.DbSqlSession  -   insert VariableInstanceEntity[id=5185, name=var3642, type=integer, longValue=3642, textValue=3642]
10:48:05,401 [main] DEBUG org.activiti.engine.impl.db.DbSqlSession  -   insert VariableInstanceEntity[id=5186, name=var2318, type=integer, longValue=2318, textValue=2318]
10:48:05,401 [main] DEBUG org.activiti.engine.impl.db.DbSqlSession  -   insert VariableInstanceEntity[id=5187, name=var3649, type=integer, longValue=3649, textValue=3649]
10:48:05,401 [main] DEBUG org.activiti.engine.impl.db.DbSqlSession  -   insert VariableInstanceEntity[id=5188, name=var2317, type=integer, longValue=2317, textValue=2317]
10:48:05,401 [main] DEBUG org.activiti.engine.impl.db.DbSqlSession  -   insert VariableInstanceEntity[id=5189, name=var3648, type=integer, longValue=3648, textValue=3648]
10:48:05,401 [main] DEBUG org.activiti.engine.impl.db.DbSqlSession  -   insert VariableInstanceEntity[id=5190, name=var2316, type=integer, longValue=2316, textValue=2316]
10:48:05,401 [main] DEBUG org.activiti.engine.impl.db.DbSqlSession  -   insert VariableInstanceEntity[id=5191, name=var3647, type=integer, longValue=3647, textValue=3647]
10:48:05,401 [main] DEBUG org.activiti.engine.impl.db.DbSqlSession  -   insert VariableInstanceEntity[id=5192, name=var2315, type=integer, longValue=2315, textValue=2315]
10:48:05,401 [main] DEBUG org.activiti.engine.impl.db.DbSqlSession  -   insert VariableInstanceEntity[id=5193, name=var3646, type=integer, longValue=3646, textValue=3646]
10:48:05,401 [main] DEBUG org.activiti.engine.impl.db.DbSqlSession  -   insert VariableInstanceEntity[id=5194, name=var2319, type=integer, longValue=2319, textValue=2319]
10:48:05,401 [main] DEBUG org.activiti.engine.impl.db.DbSqlSession  -   insert VariableInstanceEntity[id=5195, name=var2321, type=integer, longValue=2321, textValue=2321]
10:48:05,401 [main] DEBUG org.activiti.engine.impl.db.DbSqlSession  -   insert VariableInstanceEntity[id=5196, name=var3652, type=integer, longValue=3652, textValue=3652]
10:48:05,402 [main] DEBUG org.activiti.engine.impl.db.DbSqlSession  -   insert VariableInstanceEntity[id=5197, name=var2320, type=integer, longValue=2320, textValue=2320]
10:48:05,402 [main] DEBUG org.activiti.engine.impl.db.DbSqlSession  -   insert VariableInstanceEntity[id=5198, name=var3651, type=integer, longValue=3651, textValue=3651]
10:48:05,402 [main] DEBUG org.activiti.engine.impl.db.DbSqlSession  -   insert VariableInstanceEntity[id=5199, name=var3650, type=integer, longValue=3650, textValue=3650]
10:48:05,402 [main] DEBUG org.activiti.engine.impl.db.DbSqlSession  -   insert VariableInstanceEntity[id=5200, name=var2325, type=integer, longValue=2325, textValue=2325]
10:48:05,402 [main] DEBUG org.activiti.engine.impl.db.DbSqlSession  -   insert VariableInstanceEntity[id=5201, name=var3656, type=integer, longValue=3656, textValue=3656]
10:48:05,402 [main] DEBUG org.activiti.engine.impl.db.DbSqlSession  -   insert VariableInstanceEntity[id=5202, name=var2324, type=integer, longValue=2324, textValue=2324]
10:48:05,402 [main] DEBUG org.activiti.engine.impl.db.DbSqlSession  -   insert VariableInstanceEntity[id=5203, name=var3655, type=integer, longValue=3655, textValue=3655]
10:48:05,402 [main] DEBUG org.activiti.engine.impl.db.DbSqlSession  -   insert VariableInstanceEntity[id=5204, name=var2323, type=integer, longValue=2323, textValue=2323]
10:48:05,402 [main] DEBUG org.activiti.engine.impl.db.DbSqlSession  -   insert VariableInstanceEntity[id=5205, name=var3654, type=integer, longValue=3654, textValue=3654]
10:48:05,402 [main] DEBUG org.activiti.engine.impl.db.DbSqlSession  -   insert VariableInstanceEntity[id=5206, name=var2322, type=integer, longValue=2322, textValue=2322]
10:48:05,402 [main] DEBUG org.activiti.engine.impl.db.DbSqlSession  -   insert VariableInstanceEntity[id=5207, name=var3653, type=integer, longValue=3653, textValue=3653]
10:48:05,402 [main] DEBUG org.activiti.engine.impl.db.DbSqlSession  -   insert VariableInstanceEntity[id=5208, name=var2329, type=integer, longValue=2329, textValue=2329]
10:48:05,402 [main] DEBUG org.activiti.engine.impl.db.DbSqlSession  -   insert VariableInstanceEntity[id=5209, name=var2328, type=integer, longValue=2328, textValue=2328]
10:48:05,402 [main] DEBUG org.activiti.engine.impl.db.DbSqlSession  -   insert VariableInstanceEntity[id=5210, name=var3659, type=integer, longValue=3659, textValue=3659]
10:48:05,402 [main] DEBUG org.activiti.engine.impl.db.DbSqlSession  -   insert VariableInstanceEntity[id=5211, name=var2327, type=integer, longValue=2327, textValue=2327]
10:48:05,402 [main] DEBUG org.activiti.engine.impl.db.DbSqlSession  -   insert VariableInstanceEntity[id=5212, name=var3658, type=integer, longValue=3658, textValue=3658]
10:48:05,402 [main] DEBUG org.activiti.engine.impl.db.DbSqlSession  -   insert VariableInstanceEntity[id=5213, name=var2326, type=integer, longValue=2326, textValue=2326]
10:48:05,402 [main] DEBUG org.activiti.engine.impl.db.DbSqlSession  -   insert VariableInstanceEntity[id=5214, name=var3657, type=integer, longValue=3657, textValue=3657]
10:48:05,402 [main] DEBUG org.activiti.engine.impl.db.DbSqlSession  -   insert VariableInstanceEntity[id=5215, name=var2211, type=integer, longValue=2211, textValue=2211]
10:48:05,402 [main] DEBUG org.activiti.engine.impl.db.DbSqlSession  -   insert VariableInstanceEntity[id=5216, name=var3542, type=integer, longValue=3542, textValue=3542]
10:48:05,402 [main] DEBUG org.activiti.engine.impl.db.DbSqlSession  -   insert VariableInstanceEntity[id=5217, name=var2210, type=integer, longValue=2210, textValue=2210]
10:48:05,402 [main] DEBUG org.activiti.engine.impl.db.DbSqlSession  -   insert VariableInstanceEntity[id=5218, name=var3541, type=integer, longValue=3541, textValue=3541]
10:48:05,402 [main] DEBUG org.activiti.engine.impl.db.DbSqlSession  -   insert VariableInstanceEntity[id=5219, name=var3540, type=integer, longValue=3540, textValue=3540]
10:48:05,402 [main] DEBUG org.activiti.engine.impl.db.DbSqlSession  -   insert VariableInstanceEntity[id=5220, name=var303, type=integer, longValue=303, textValue=303]
10:48:05,402 [main] DEBUG org.activiti.engine.impl.db.DbSqlSession  -   insert VariableInstanceEntity[id=5221, name=var2215, type=integer, longValue=2215, textValue=2215]
10:48:05,402 [main] DEBUG org.activiti.engine.impl.db.DbSqlSession  -   insert VariableInstanceEntity[id=5222, name=var3546, type=integer, longValue=3546, textValue=3546]
10:48:05,402 [main] DEBUG org.activiti.engine.impl.db.DbSqlSession  -   insert VariableInstanceEntity[id=5223, name=var302, type=integer, longValue=302, textValue=302]
10:48:05,402 [main] DEBUG org.activiti.engine.impl.db.DbSqlSession  -   insert VariableInstanceEntity[id=5224, name=var2214, type=integer, longValue=2214, textValue=2214]
10:48:05,402 [main] DEBUG org.activiti.engine.impl.db.DbSqlSession  -   insert VariableInstanceEntity[id=5225, name=var3545, type=integer, longValue=3545, textValue=3545]
10:48:05,402 [main] DEBUG org.activiti.engine.impl.db.DbSqlSession  -   insert VariableInstanceEntity[id=5226, name=var301, type=integer, longValue=301, textValue=301]
10:48:05,402 [main] DEBUG org.activiti.engine.impl.db.DbSqlSession  -   insert VariableInstanceEntity[id=5227, name=var2213, type=integer, longValue=2213, textValue=2213]
10:48:05,402 [main] DEBUG org.activiti.engine.impl.db.DbSqlSession  -   insert VariableInstanceEntity[id=5228, name=var3544, type=integer, longValue=3544, textValue=3544]
10:48:05,402 [main] DEBUG org.activiti.engine.impl.db.DbSqlSession  -   insert VariableInstanceEntity[id=5229, name=var300, type=integer, longValue=300, textValue=300]
10:48:05,402 [main] DEBUG org.activiti.engine.impl.db.DbSqlSession  -   insert VariableInstanceEntity[id=5230, name=var2212, type=integer, longValue=2212, textValue=2212]
10:48:05,402 [main] DEBUG org.activiti.engine.impl.db.DbSqlSession  -   insert VariableInstanceEntity[id=5231, name=var3543, type=integer, longValue=3543, textValue=3543]
10:48:05,402 [main] DEBUG org.activiti.engine.impl.db.DbSqlSession  -   insert VariableInstanceEntity[id=5232, name=var2219, type=integer, longValue=2219, textValue=2219]
10:48:05,402 [main] DEBUG org.activiti.engine.impl.db.DbSqlSession  -   insert VariableInstanceEntity[id=5233, name=var2218, type=integer, longValue=2218, textValue=2218]
10:48:05,403 [main] DEBUG org.activiti.engine.impl.db.DbSqlSession  -   insert VariableInstanceEntity[id=5234, name=var3549, type=integer, longValue=3549, textValue=3549]
10:48:05,403 [main] DEBUG org.activiti.engine.impl.db.DbSqlSession  -   insert VariableInstanceEntity[id=5235, name=var2217, type=integer, longValue=2217, textValue=2217]
10:48:05,403 [main] DEBUG org.activiti.engine.impl.db.DbSqlSession  -   insert VariableInstanceEntity[id=5236, name=var3548, type=integer, longValue=3548, textValue=3548]
10:48:05,403 [main] DEBUG org.activiti.engine.impl.db.DbSqlSession  -   insert VariableInstanceEntity[id=5237, name=var2216, type=integer, longValue=2216, textValue=2216]
10:48:05,403 [main] DEBUG org.activiti.engine.impl.db.DbSqlSession  -   insert VariableInstanceEntity[id=5238, name=var3547, type=integer, longValue=3547, textValue=3547]
10:48:05,403 [main] DEBUG org.activiti.engine.impl.db.DbSqlSession  -   insert VariableInstanceEntity[id=5239, name=var309, type=integer, longValue=309, textValue=309]
10:48:05,403 [main] DEBUG org.activiti.engine.impl.db.DbSqlSession  -   insert VariableInstanceEntity[id=5240, name=var308, type=integer, longValue=308, textValue=308]
10:48:05,403 [main] DEBUG org.activiti.engine.impl.db.DbSqlSession  -   insert VariableInstanceEntity[id=5241, name=var307, type=integer, longValue=307, textValue=307]
10:48:05,403 [main] DEBUG org.activiti.engine.impl.db.DbSqlSession  -   insert VariableInstanceEntity[id=5242, name=var306, type=integer, longValue=306, textValue=306]
10:48:05,403 [main] DEBUG org.activiti.engine.impl.db.DbSqlSession  -   insert VariableInstanceEntity[id=5243, name=var305, type=integer, longValue=305, textValue=305]
10:48:05,403 [main] DEBUG org.activiti.engine.impl.db.DbSqlSession  -   insert VariableInstanceEntity[id=5244, name=var304, type=integer, longValue=304, textValue=304]
10:48:05,403 [main] DEBUG org.activiti.engine.impl.db.DbSqlSession  -   insert VariableInstanceEntity[id=5245, name=var2222, type=integer, longValue=2222, textValue=2222]
10:48:05,403 [main] DEBUG org.activiti.engine.impl.db.DbSqlSession  -   insert VariableInstanceEntity[id=5246, name=var3553, type=integer, longValue=3553, textValue=3553]
10:48:05,403 [main] DEBUG org.activiti.engine.impl.db.DbSqlSession  -   insert VariableInstanceEntity[id=5247, name=var2221, type=integer, longValue=2221, textValue=2221]
10:48:05,403 [main] DEBUG org.activiti.engine.impl.db.DbSqlSession  -   insert VariableInstanceEntity[id=5248, name=var3552, type=integer, longValue=3552, textValue=3552]
10:48:05,403 [main] DEBUG org.activiti.engine.impl.db.DbSqlSession  -   insert VariableInstanceEntity[id=5249, name=var2220, type=integer, longValue=2220, textValue=2220]
10:48:05,403 [main] DEBUG org.activiti.engine.impl.db.DbSqlSession  -   insert VariableInstanceEntity[id=5250, name=var3551, type=integer, longValue=3551, textValue=3551]
10:48:05,403 [main] DEBUG org.activiti.engine.impl.db.DbSqlSession  -   insert VariableInstanceEntity[id=5251, name=var3550, type=integer, longValue=3550, textValue=3550]
10:48:05,403 [main] DEBUG org.activiti.engine.impl.db.DbSqlSession  -   insert VariableInstanceEntity[id=5252, name=var2226, type=integer, longValue=2226, textValue=2226]
10:48:05,403 [main] DEBUG org.activiti.engine.impl.db.DbSqlSession  -   insert VariableInstanceEntity[id=5253, name=var3557, type=integer, longValue=3557, textValue=3557]
10:48:05,403 [main] DEBUG org.activiti.engine.impl.db.DbSqlSession  -   insert VariableInstanceEntity[id=5254, name=var2225, type=integer, longValue=2225, textValue=2225]
10:48:05,403 [main] DEBUG org.activiti.engine.impl.db.DbSqlSession  -   insert VariableInstanceEntity[id=5255, name=var3556, type=integer, longValue=3556, textValue=3556]
10:48:05,403 [main] DEBUG org.activiti.engine.impl.db.DbSqlSession  -   insert VariableInstanceEntity[id=5256, name=var2224, type=integer, longValue=2224, textValue=2224]
10:48:05,403 [main] DEBUG org.activiti.engine.impl.db.DbSqlSession  -   insert VariableInstanceEntity[id=5257, name=var3555, type=integer, longValue=3555, textValue=3555]
10:48:05,403 [main] DEBUG org.activiti.engine.impl.db.DbSqlSession  -   insert VariableInstanceEntity[id=5258, name=var2223, type=integer, longValue=2223, textValue=2223]
10:48:05,403 [main] DEBUG org.activiti.engine.impl.db.DbSqlSession  -   insert VariableInstanceEntity[id=5259, name=var3554, type=integer, longValue=3554, textValue=3554]
10:48:05,403 [main] DEBUG org.activiti.engine.impl.db.DbSqlSession  -   insert VariableInstanceEntity[id=5260, name=var2229, type=integer, longValue=2229, textValue=2229]
10:48:05,403 [main] DEBUG org.activiti.engine.impl.db.DbSqlSession  -   insert VariableInstanceEntity[id=5261, name=var2228, type=integer, longValue=2228, textValue=2228]
10:48:05,403 [main] DEBUG org.activiti.engine.impl.db.DbSqlSession  -   insert VariableInstanceEntity[id=5262, name=var3559, type=integer, longValue=3559, textValue=3559]
10:48:05,403 [main] DEBUG org.activiti.engine.impl.db.DbSqlSession  -   insert VariableInstanceEntity[id=5263, name=var2227, type=integer, longValue=2227, textValue=2227]
10:48:05,403 [main] DEBUG org.activiti.engine.impl.db.DbSqlSession  -   insert VariableInstanceEntity[id=5264, name=var3558, type=integer, longValue=3558, textValue=3558]
10:48:05,403 [main] DEBUG org.activiti.engine.impl.db.DbSqlSession  -   insert VariableInstanceEntity[id=5265, name=var3560, type=integer, longValue=3560, textValue=3560]
10:48:05,403 [main] DEBUG org.activiti.engine.impl.db.DbSqlSession  -   insert VariableInstanceEntity[id=5266, name=var2233, type=integer, longValue=2233, textValue=2233]
10:48:05,403 [main] DEBUG org.activiti.engine.impl.db.DbSqlSession  -   insert VariableInstanceEntity[id=5267, name=var3564, type=integer, longValue=3564, textValue=3564]
10:48:05,403 [main] DEBUG org.activiti.engine.impl.db.DbSqlSession  -   insert VariableInstanceEntity[id=5268, name=var2232, type=integer, longValue=2232, textValue=2232]
10:48:05,403 [main] DEBUG org.activiti.engine.impl.db.DbSqlSession  -   insert VariableInstanceEntity[id=5269, name=var3563, type=integer, longValue=3563, textValue=3563]
10:48:05,403 [main] DEBUG org.activiti.engine.impl.db.DbSqlSession  -   insert VariableInstanceEntity[id=5270, name=var2231, type=integer, longValue=2231, textValue=2231]
10:48:05,403 [main] DEBUG org.activiti.engine.impl.db.DbSqlSession  -   insert VariableInstanceEntity[id=5271, name=var3562, type=integer, longValue=3562, textValue=3562]
10:48:05,404 [main] DEBUG org.activiti.engine.impl.db.DbSqlSession  -   insert VariableInstanceEntity[id=5272, name=var2230, type=integer, longValue=2230, textValue=2230]
10:48:05,404 [main] DEBUG org.activiti.engine.impl.db.DbSqlSession  -   insert VariableInstanceEntity[id=5273, name=var3561, type=integer, longValue=3561, textValue=3561]
10:48:05,404 [main] DEBUG org.activiti.engine.impl.db.DbSqlSession  -   insert VariableInstanceEntity[id=5274, name=var2237, type=integer, longValue=2237, textValue=2237]
10:48:05,404 [main] DEBUG org.activiti.engine.impl.db.DbSqlSession  -   insert VariableInstanceEntity[id=5275, name=var3568, type=integer, longValue=3568, textValue=3568]
10:48:05,404 [main] DEBUG org.activiti.engine.impl.db.DbSqlSession  -   insert VariableInstanceEntity[id=5276, name=var2236, type=integer, longValue=2236, textValue=2236]
10:48:05,404 [main] DEBUG org.activiti.engine.impl.db.DbSqlSession  -   insert VariableInstanceEntity[id=5277, name=var3567, type=integer, longValue=3567, textValue=3567]
10:48:05,404 [main] DEBUG org.activiti.engine.impl.db.DbSqlSession  -   insert VariableInstanceEntity[id=5278, name=var2235, type=integer, longValue=2235, textValue=2235]
10:48:05,404 [main] DEBUG org.activiti.engine.impl.db.DbSqlSession  -   insert VariableInstanceEntity[id=5279, name=var3566, type=integer, longValue=3566, textValue=3566]
10:48:05,404 [main] DEBUG org.activiti.engine.impl.db.DbSqlSession  -   insert VariableInstanceEntity[id=5280, name=var2234, type=integer, longValue=2234, textValue=2234]
10:48:05,404 [main] DEBUG org.activiti.engine.impl.db.DbSqlSession  -   insert VariableInstanceEntity[id=5281, name=var3565, type=integer, longValue=3565, textValue=3565]
10:48:05,404 [main] DEBUG org.activiti.engine.impl.db.DbSqlSession  -   insert VariableInstanceEntity[id=5282, name=var2239, type=integer, longValue=2239, textValue=2239]
10:48:05,404 [main] DEBUG org.activiti.engine.impl.db.DbSqlSession  -   insert VariableInstanceEntity[id=5283, name=var2238, type=integer, longValue=2238, textValue=2238]
10:48:05,404 [main] DEBUG org.activiti.engine.impl.db.DbSqlSession  -   insert VariableInstanceEntity[id=5284, name=var3569, type=integer, longValue=3569, textValue=3569]
10:48:05,404 [main] DEBUG org.activiti.engine.impl.db.DbSqlSession  -   insert VariableInstanceEntity[id=5285, name=var2240, type=integer, longValue=2240, textValue=2240]
10:48:05,404 [main] DEBUG org.activiti.engine.impl.db.DbSqlSession  -   insert VariableInstanceEntity[id=5286, name=var3571, type=integer, longValue=3571, textValue=3571]
10:48:05,404 [main] DEBUG org.activiti.engine.impl.db.DbSqlSession  -   insert VariableInstanceEntity[id=5287, name=var3570, type=integer, longValue=3570, textValue=3570]
10:48:05,404 [main] DEBUG org.activiti.engine.impl.db.DbSqlSession  -   insert VariableInstanceEntity[id=5288, name=var2244, type=integer, longValue=2244, textValue=2244]
10:48:05,404 [main] DEBUG org.activiti.engine.impl.db.DbSqlSession  -   insert VariableInstanceEntity[id=5289, name=var3575, type=integer, longValue=3575, textValue=3575]
10:48:05,404 [main] DEBUG org.activiti.engine.impl.db.DbSqlSession  -   insert VariableInstanceEntity[id=5290, name=var2243, type=integer, longValue=2243, textValue=2243]
10:48:05,404 [main] DEBUG org.activiti.engine.impl.db.DbSqlSession  -   insert VariableInstanceEntity[id=5291, name=var3574, type=integer, longValue=3574, textValue=3574]
10:48:05,404 [main] DEBUG org.activiti.engine.impl.db.DbSqlSession  -   insert VariableInstanceEntity[id=5292, name=var2242, type=integer, longValue=2242, textValue=2242]
10:48:05,404 [main] DEBUG org.activiti.engine.impl.db.DbSqlSession  -   insert VariableInstanceEntity[id=5293, name=var3573, type=integer, longValue=3573, textValue=3573]
10:48:05,404 [main] DEBUG org.activiti.engine.impl.db.DbSqlSession  -   insert VariableInstanceEntity[id=5294, name=var2241, type=integer, longValue=2241, textValue=2241]
10:48:05,404 [main] DEBUG org.activiti.engine.impl.db.DbSqlSession  -   insert VariableInstanceEntity[id=5295, name=var3572, type=integer, longValue=3572, textValue=3572]
10:48:05,404 [main] DEBUG org.activiti.engine.impl.db.DbSqlSession  -   insert VariableInstanceEntity[id=5296, name=var2248, type=integer, longValue=2248, textValue=2248]
10:48:05,404 [main] DEBUG org.activiti.engine.impl.db.DbSqlSession  -   insert VariableInstanceEntity[id=5297, name=var3579, type=integer, longValue=3579, textValue=3579]
10:48:05,404 [main] DEBUG org.activiti.engine.impl.db.DbSqlSession  -   insert VariableInstanceEntity[id=5298, name=var2247, type=integer, longValue=2247, textValue=2247]
10:48:05,404 [main] DEBUG org.activiti.engine.impl.db.DbSqlSession  -   insert VariableInstanceEntity[id=5299, name=var3578, type=integer, longValue=3578, textValue=3578]
10:48:05,404 [main] DEBUG org.activiti.engine.impl.db.DbSqlSession  -   insert VariableInstanceEntity[id=5300, name=var2246, type=integer, longValue=2246, textValue=2246]
10:48:05,404 [main] DEBUG org.activiti.engine.impl.db.DbSqlSession  -   insert VariableInstanceEntity[id=5301, name=var3577, type=integer, longValue=3577, textValue=3577]
10:48:05,404 [main] DEBUG org.activiti.engine.impl.db.DbSqlSession  -   insert VariableInstanceEntity[id=5302, name=var2245, type=integer, longValue=2245, textValue=2245]
10:48:05,404 [main] DEBUG org.activiti.engine.impl.db.DbSqlSession  -   insert VariableInstanceEntity[id=5303, name=var3576, type=integer, longValue=3576, textValue=3576]
10:48:05,404 [main] DEBUG org.activiti.engine.impl.db.DbSqlSession  -   insert VariableInstanceEntity[id=5304, name=var2249, type=integer, longValue=2249, textValue=2249]
10:48:05,404 [main] DEBUG org.activiti.engine.impl.db.DbSqlSession  -   insert VariableInstanceEntity[id=5305, name=var2251, type=integer, longValue=2251, textValue=2251]
10:48:05,404 [main] DEBUG org.activiti.engine.impl.db.DbSqlSession  -   insert VariableInstanceEntity[id=5306, name=var3582, type=integer, longValue=3582, textValue=3582]
10:48:05,404 [main] DEBUG org.activiti.engine.impl.db.DbSqlSession  -   insert VariableInstanceEntity[id=5307, name=var2250, type=integer, longValue=2250, textValue=2250]
10:48:05,404 [main] DEBUG org.activiti.engine.impl.db.DbSqlSession  -   insert VariableInstanceEntity[id=5308, name=var3581, type=integer, longValue=3581, textValue=3581]
10:48:05,404 [main] DEBUG org.activiti.engine.impl.db.DbSqlSession  -   insert VariableInstanceEntity[id=5309, name=var3580, type=integer, longValue=3580, textValue=3580]
10:48:05,405 [main] DEBUG org.activiti.engine.impl.db.DbSqlSession  -   insert VariableInstanceEntity[id=5310, name=var2255, type=integer, longValue=2255, textValue=2255]
10:48:05,405 [main] DEBUG org.activiti.engine.impl.db.DbSqlSession  -   insert VariableInstanceEntity[id=5311, name=var3586, type=integer, longValue=3586, textValue=3586]
10:48:05,405 [main] DEBUG org.activiti.engine.impl.db.DbSqlSession  -   insert VariableInstanceEntity[id=5312, name=var2254, type=integer, longValue=2254, textValue=2254]
10:48:05,405 [main] DEBUG org.activiti.engine.impl.db.DbSqlSession  -   insert VariableInstanceEntity[id=5313, name=var3585, type=integer, longValue=3585, textValue=3585]
10:48:05,405 [main] DEBUG org.activiti.engine.impl.db.DbSqlSession  -   insert VariableInstanceEntity[id=5314, name=var2253, type=integer, longValue=2253, textValue=2253]
10:48:05,405 [main] DEBUG org.activiti.engine.impl.db.DbSqlSession  -   insert VariableInstanceEntity[id=5315, name=var3584, type=integer, longValue=3584, textValue=3584]
10:48:05,405 [main] DEBUG org.activiti.engine.impl.db.DbSqlSession  -   insert VariableInstanceEntity[id=5316, name=var2252, type=integer, longValue=2252, textValue=2252]
10:48:05,405 [main] DEBUG org.activiti.engine.impl.db.DbSqlSession  -   insert VariableInstanceEntity[id=5317, name=var3583, type=integer, longValue=3583, textValue=3583]
10:48:05,405 [main] DEBUG org.activiti.engine.impl.db.DbSqlSession  -   insert VariableInstanceEntity[id=5318, name=var2259, type=integer, longValue=2259, textValue=2259]
10:48:05,405 [main] DEBUG org.activiti.engine.impl.db.DbSqlSession  -   insert VariableInstanceEntity[id=5319, name=var2258, type=integer, longValue=2258, textValue=2258]
10:48:05,405 [main] DEBUG org.activiti.engine.impl.db.DbSqlSession  -   insert VariableInstanceEntity[id=5320, name=var3589, type=integer, longValue=3589, textValue=3589]
10:48:05,405 [main] DEBUG org.activiti.engine.impl.db.DbSqlSession  -   insert VariableInstanceEntity[id=5321, name=var2257, type=integer, longValue=2257, textValue=2257]
10:48:05,405 [main] DEBUG org.activiti.engine.impl.db.DbSqlSession  -   insert VariableInstanceEntity[id=5322, name=var3588, type=integer, longValue=3588, textValue=3588]
10:48:05,405 [main] DEBUG org.activiti.engine.impl.db.DbSqlSession  -   insert VariableInstanceEntity[id=5323, name=var2256, type=integer, longValue=2256, textValue=2256]
10:48:05,405 [main] DEBUG org.activiti.engine.impl.db.DbSqlSession  -   insert VariableInstanceEntity[id=5324, name=var3587, type=integer, longValue=3587, textValue=3587]
10:48:05,405 [main] DEBUG org.activiti.engine.impl.db.DbSqlSession  -   insert VariableInstanceEntity[id=5325, name=var2262, type=integer, longValue=2262, textValue=2262]
10:48:05,405 [main] DEBUG org.activiti.engine.impl.db.DbSqlSession  -   insert VariableInstanceEntity[id=5326, name=var3593, type=integer, longValue=3593, textValue=3593]
10:48:05,405 [main] DEBUG org.activiti.engine.impl.db.DbSqlSession  -   insert VariableInstanceEntity[id=5327, name=var2261, type=integer, longValue=2261, textValue=2261]
10:48:05,405 [main] DEBUG org.activiti.engine.impl.db.DbSqlSession  -   insert VariableInstanceEntity[id=5328, name=var3592, type=integer, longValue=3592, textValue=3592]
10:48:05,405 [main] DEBUG org.activiti.engine.impl.db.DbSqlSession  -   insert VariableInstanceEntity[id=5329, name=var2260, type=integer, longValue=2260, textValue=2260]
10:48:05,405 [main] DEBUG org.activiti.engine.impl.db.DbSqlSession  -   insert VariableInstanceEntity[id=5330, name=var3591, type=integer, longValue=3591, textValue=3591]
10:48:05,405 [main] DEBUG org.activiti.engine.impl.db.DbSqlSession  -   insert VariableInstanceEntity[id=5331, name=var3590, type=integer, longValue=3590, textValue=3590]
10:48:05,405 [main] DEBUG org.activiti.engine.impl.db.DbSqlSession  -   insert VariableInstanceEntity[id=5332, name=var2266, type=integer, longValue=2266, textValue=2266]
10:48:05,405 [main] DEBUG org.activiti.engine.impl.db.DbSqlSession  -   insert VariableInstanceEntity[id=5333, name=var3597, type=integer, longValue=3597, textValue=3597]
10:48:05,405 [main] DEBUG org.activiti.engine.impl.db.DbSqlSession  -   insert VariableInstanceEntity[id=5334, name=var2265, type=integer, longValue=2265, textValue=2265]
10:48:05,405 [main] DEBUG org.activiti.engine.impl.db.DbSqlSession  -   insert VariableInstanceEntity[id=5335, name=var3596, type=integer, longValue=3596, textValue=3596]
10:48:05,405 [main] DEBUG org.activiti.engine.impl.db.DbSqlSession  -   insert VariableInstanceEntity[id=5336, name=var2264, type=integer, longValue=2264, textValue=2264]
10:48:05,405 [main] DEBUG org.activiti.engine.impl.db.DbSqlSession  -   insert VariableInstanceEntity[id=5337, name=var3595, type=integer, longValue=3595, textValue=3595]
10:48:05,405 [main] DEBUG org.activiti.engine.impl.db.DbSqlSession  -   insert VariableInstanceEntity[id=5338, name=var2263, type=integer, longValue=2263, textValue=2263]
10:48:05,405 [main] DEBUG org.activiti.engine.impl.db.DbSqlSession  -   insert VariableInstanceEntity[id=5339, name=var3594, type=integer, longValue=3594, textValue=3594]
10:48:05,405 [main] DEBUG org.activiti.engine.impl.db.DbSqlSession  -   insert VariableInstanceEntity[id=5340, name=var2269, type=integer, longValue=2269, textValue=2269]
10:48:05,405 [main] DEBUG org.activiti.engine.impl.db.DbSqlSession  -   insert VariableInstanceEntity[id=5341, name=var2268, type=integer, longValue=2268, textValue=2268]
10:48:05,405 [main] DEBUG org.activiti.engine.impl.db.DbSqlSession  -   insert VariableInstanceEntity[id=5342, name=var3599, type=integer, longValue=3599, textValue=3599]
10:48:05,405 [main] DEBUG org.activiti.engine.impl.db.DbSqlSession  -   insert VariableInstanceEntity[id=5343, name=var2267, type=integer, longValue=2267, textValue=2267]
10:48:05,405 [main] DEBUG org.activiti.engine.impl.db.DbSqlSession  -   insert VariableInstanceEntity[id=5344, name=var3598, type=integer, longValue=3598, textValue=3598]
10:48:05,405 [main] DEBUG org.activiti.engine.impl.db.DbSqlSession  -   insert VariableInstanceEntity[id=5345, name=var2273, type=integer, longValue=2273, textValue=2273]
10:48:05,405 [main] DEBUG org.activiti.engine.impl.db.DbSqlSession  -   insert VariableInstanceEntity[id=5346, name=var2272, type=integer, longValue=2272, textValue=2272]
10:48:05,405 [main] DEBUG org.activiti.engine.impl.db.DbSqlSession  -   insert VariableInstanceEntity[id=5347, name=var2271, type=integer, longValue=2271, textValue=2271]
10:48:05,406 [main] DEBUG org.activiti.engine.impl.db.DbSqlSession  -   insert VariableInstanceEntity[id=5348, name=var2270, type=integer, longValue=2270, textValue=2270]
10:48:05,406 [main] DEBUG org.activiti.engine.impl.db.DbSqlSession  -   insert VariableInstanceEntity[id=5349, name=var2277, type=integer, longValue=2277, textValue=2277]
10:48:05,406 [main] DEBUG org.activiti.engine.impl.db.DbSqlSession  -   insert VariableInstanceEntity[id=5350, name=var2276, type=integer, longValue=2276, textValue=2276]
10:48:05,406 [main] DEBUG org.activiti.engine.impl.db.DbSqlSession  -   insert VariableInstanceEntity[id=5351, name=var2275, type=integer, longValue=2275, textValue=2275]
10:48:05,406 [main] DEBUG org.activiti.engine.impl.db.DbSqlSession  -   insert VariableInstanceEntity[id=5352, name=var2274, type=integer, longValue=2274, textValue=2274]
10:48:05,406 [main] DEBUG org.activiti.engine.impl.db.DbSqlSession  -   insert VariableInstanceEntity[id=5353, name=var2279, type=integer, longValue=2279, textValue=2279]
10:48:05,406 [main] DEBUG org.activiti.engine.impl.db.DbSqlSession  -   insert VariableInstanceEntity[id=5354, name=var2278, type=integer, longValue=2278, textValue=2278]
10:48:05,406 [main] DEBUG org.activiti.engine.impl.db.DbSqlSession  -   insert VariableInstanceEntity[id=5355, name=var2280, type=integer, longValue=2280, textValue=2280]
10:48:05,406 [main] DEBUG org.activiti.engine.impl.db.DbSqlSession  -   insert VariableInstanceEntity[id=5356, name=var2284, type=integer, longValue=2284, textValue=2284]
10:48:05,406 [main] DEBUG org.activiti.engine.impl.db.DbSqlSession  -   insert VariableInstanceEntity[id=5357, name=var2283, type=integer, longValue=2283, textValue=2283]
10:48:05,406 [main] DEBUG org.activiti.engine.impl.db.DbSqlSession  -   insert VariableInstanceEntity[id=5358, name=var2282, type=integer, longValue=2282, textValue=2282]
10:48:05,406 [main] DEBUG org.activiti.engine.impl.db.DbSqlSession  -   insert VariableInstanceEntity[id=5359, name=var2281, type=integer, longValue=2281, textValue=2281]
10:48:05,406 [main] DEBUG org.activiti.engine.impl.db.DbSqlSession  -   insert VariableInstanceEntity[id=5360, name=var2288, type=integer, longValue=2288, textValue=2288]
10:48:05,406 [main] DEBUG org.activiti.engine.impl.db.DbSqlSession  -   insert VariableInstanceEntity[id=5361, name=var2287, type=integer, longValue=2287, textValue=2287]
10:48:05,406 [main] DEBUG org.activiti.engine.impl.db.DbSqlSession  -   insert VariableInstanceEntity[id=5362, name=var2286, type=integer, longValue=2286, textValue=2286]
10:48:05,406 [main] DEBUG org.activiti.engine.impl.db.DbSqlSession  -   insert VariableInstanceEntity[id=5363, name=var2285, type=integer, longValue=2285, textValue=2285]
10:48:05,406 [main] DEBUG org.activiti.engine.impl.db.DbSqlSession  -   insert VariableInstanceEntity[id=5364, name=var2289, type=integer, longValue=2289, textValue=2289]
10:48:05,406 [main] DEBUG org.activiti.engine.impl.db.DbSqlSession  -   insert VariableInstanceEntity[id=5365, name=var2291, type=integer, longValue=2291, textValue=2291]
10:48:05,406 [main] DEBUG org.activiti.engine.impl.db.DbSqlSession  -   insert VariableInstanceEntity[id=5366, name=var2290, type=integer, longValue=2290, textValue=2290]
10:48:05,406 [main] DEBUG org.activiti.engine.impl.db.DbSqlSession  -   insert VariableInstanceEntity[id=5367, name=var383, type=integer, longValue=383, textValue=383]
10:48:05,406 [main] DEBUG org.activiti.engine.impl.db.DbSqlSession  -   insert VariableInstanceEntity[id=5368, name=var2295, type=integer, longValue=2295, textValue=2295]
10:48:05,406 [main] DEBUG org.activiti.engine.impl.db.DbSqlSession  -   insert VariableInstanceEntity[id=5369, name=var382, type=integer, longValue=382, textValue=382]
10:48:05,406 [main] DEBUG org.activiti.engine.impl.db.DbSqlSession  -   insert VariableInstanceEntity[id=5370, name=var2294, type=integer, longValue=2294, textValue=2294]
10:48:05,406 [main] DEBUG org.activiti.engine.impl.db.DbSqlSession  -   insert VariableInstanceEntity[id=5371, name=var381, type=integer, longValue=381, textValue=381]
10:48:05,406 [main] DEBUG org.activiti.engine.impl.db.DbSqlSession  -   insert VariableInstanceEntity[id=5372, name=var2293, type=integer, longValue=2293, textValue=2293]
10:48:05,406 [main] DEBUG org.activiti.engine.impl.db.DbSqlSession  -   insert VariableInstanceEntity[id=5373, name=var380, type=integer, longValue=380, textValue=380]
10:48:05,406 [main] DEBUG org.activiti.engine.impl.db.DbSqlSession  -   insert VariableInstanceEntity[id=5374, name=var2292, type=integer, longValue=2292, textValue=2292]
10:48:05,406 [main] DEBUG org.activiti.engine.impl.db.DbSqlSession  -   insert VariableInstanceEntity[id=5375, name=var2299, type=integer, longValue=2299, textValue=2299]
10:48:05,406 [main] DEBUG org.activiti.engine.impl.db.DbSqlSession  -   insert VariableInstanceEntity[id=5376, name=var2298, type=integer, longValue=2298, textValue=2298]
10:48:05,406 [main] DEBUG org.activiti.engine.impl.db.DbSqlSession  -   insert VariableInstanceEntity[id=5377, name=var2297, type=integer, longValue=2297, textValue=2297]
10:48:05,406 [main] DEBUG org.activiti.engine.impl.db.DbSqlSession  -   insert VariableInstanceEntity[id=5378, name=var2296, type=integer, longValue=2296, textValue=2296]
10:48:05,406 [main] DEBUG org.activiti.engine.impl.db.DbSqlSession  -   insert VariableInstanceEntity[id=5379, name=var389, type=integer, longValue=389, textValue=389]
10:48:05,406 [main] DEBUG org.activiti.engine.impl.db.DbSqlSession  -   insert VariableInstanceEntity[id=5380, name=var388, type=integer, longValue=388, textValue=388]
10:48:05,406 [main] DEBUG org.activiti.engine.impl.db.DbSqlSession  -   insert VariableInstanceEntity[id=5381, name=var387, type=integer, longValue=387, textValue=387]
10:48:05,406 [main] DEBUG org.activiti.engine.impl.db.DbSqlSession  -   insert VariableInstanceEntity[id=5382, name=var386, type=integer, longValue=386, textValue=386]
10:48:05,406 [main] DEBUG org.activiti.engine.impl.db.DbSqlSession  -   insert VariableInstanceEntity[id=5383, name=var385, type=integer, longValue=385, textValue=385]
10:48:05,406 [main] DEBUG org.activiti.engine.impl.db.DbSqlSession  -   insert VariableInstanceEntity[id=5384, name=var384, type=integer, longValue=384, textValue=384]
10:48:05,407 [main] DEBUG org.activiti.engine.impl.db.DbSqlSession  -   insert VariableInstanceEntity[id=5385, name=var372, type=integer, longValue=372, textValue=372]
10:48:05,407 [main] DEBUG org.activiti.engine.impl.db.DbSqlSession  -   insert VariableInstanceEntity[id=5386, name=var371, type=integer, longValue=371, textValue=371]
10:48:05,407 [main] DEBUG org.activiti.engine.impl.db.DbSqlSession  -   insert VariableInstanceEntity[id=5387, name=var370, type=integer, longValue=370, textValue=370]
10:48:05,407 [main] DEBUG org.activiti.engine.impl.db.DbSqlSession  -   insert VariableInstanceEntity[id=5388, name=var4000, type=integer, longValue=4000, textValue=4000]
10:48:05,407 [main] DEBUG org.activiti.engine.impl.db.DbSqlSession  -   insert VariableInstanceEntity[id=5389, name=var379, type=integer, longValue=379, textValue=379]
10:48:05,407 [main] DEBUG org.activiti.engine.impl.db.DbSqlSession  -   insert VariableInstanceEntity[id=5390, name=var378, type=integer, longValue=378, textValue=378]
10:48:05,407 [main] DEBUG org.activiti.engine.impl.db.DbSqlSession  -   insert VariableInstanceEntity[id=5391, name=var377, type=integer, longValue=377, textValue=377]
10:48:05,407 [main] DEBUG org.activiti.engine.impl.db.DbSqlSession  -   insert VariableInstanceEntity[id=5392, name=var376, type=integer, longValue=376, textValue=376]
10:48:05,407 [main] DEBUG org.activiti.engine.impl.db.DbSqlSession  -   insert VariableInstanceEntity[id=5393, name=var375, type=integer, longValue=375, textValue=375]
10:48:05,407 [main] DEBUG org.activiti.engine.impl.db.DbSqlSession  -   insert VariableInstanceEntity[id=5394, name=var374, type=integer, longValue=374, textValue=374]
10:48:05,407 [main] DEBUG org.activiti.engine.impl.db.DbSqlSession  -   insert VariableInstanceEntity[id=5395, name=var373, type=integer, longValue=373, textValue=373]
10:48:05,407 [main] DEBUG org.activiti.engine.impl.db.DbSqlSession  -   insert VariableInstanceEntity[id=5396, name=var361, type=integer, longValue=361, textValue=361]
10:48:05,407 [main] DEBUG org.activiti.engine.impl.db.DbSqlSession  -   insert VariableInstanceEntity[id=5397, name=var360, type=integer, longValue=360, textValue=360]
10:48:05,407 [main] DEBUG org.activiti.engine.impl.db.DbSqlSession  -   insert VariableInstanceEntity[id=5398, name=var369, type=integer, longValue=369, textValue=369]
10:48:05,407 [main] DEBUG org.activiti.engine.impl.db.DbSqlSession  -   insert VariableInstanceEntity[id=5399, name=var368, type=integer, longValue=368, textValue=368]
10:48:05,407 [main] DEBUG org.activiti.engine.impl.db.DbSqlSession  -   insert VariableInstanceEntity[id=5400, name=var367, type=integer, longValue=367, textValue=367]
10:48:05,407 [main] DEBUG org.activiti.engine.impl.db.DbSqlSession  -   insert VariableInstanceEntity[id=5401, name=var366, type=integer, longValue=366, textValue=366]
10:48:05,407 [main] DEBUG org.activiti.engine.impl.db.DbSqlSession  -   insert VariableInstanceEntity[id=5402, name=var365, type=integer, longValue=365, textValue=365]
10:48:05,407 [main] DEBUG org.activiti.engine.impl.db.DbSqlSession  -   insert VariableInstanceEntity[id=5403, name=var364, type=integer, longValue=364, textValue=364]
10:48:05,407 [main] DEBUG org.activiti.engine.impl.db.DbSqlSession  -   insert VariableInstanceEntity[id=5404, name=var363, type=integer, longValue=363, textValue=363]
10:48:05,407 [main] DEBUG org.activiti.engine.impl.db.DbSqlSession  -   insert VariableInstanceEntity[id=5405, name=var362, type=integer, longValue=362, textValue=362]
10:48:05,407 [main] DEBUG org.activiti.engine.impl.db.DbSqlSession  -   insert VariableInstanceEntity[id=5406, name=var350, type=integer, longValue=350, textValue=350]
10:48:05,407 [main] DEBUG org.activiti.engine.impl.db.DbSqlSession  -   insert VariableInstanceEntity[id=5407, name=var358, type=integer, longValue=358, textValue=358]
10:48:05,407 [main] DEBUG org.activiti.engine.impl.db.DbSqlSession  -   insert VariableInstanceEntity[id=5408, name=var357, type=integer, longValue=357, textValue=357]
10:48:05,407 [main] DEBUG org.activiti.engine.impl.db.DbSqlSession  -   insert VariableInstanceEntity[id=5409, name=var356, type=integer, longValue=356, textValue=356]
10:48:05,407 [main] DEBUG org.activiti.engine.impl.db.DbSqlSession  -   insert VariableInstanceEntity[id=5410, name=var355, type=integer, longValue=355, textValue=355]
10:48:05,407 [main] DEBUG org.activiti.engine.impl.db.DbSqlSession  -   insert VariableInstanceEntity[id=5411, name=var354, type=integer, longValue=354, textValue=354]
10:48:05,407 [main] DEBUG org.activiti.engine.impl.db.DbSqlSession  -   insert VariableInstanceEntity[id=5412, name=var353, type=integer, longValue=353, textValue=353]
10:48:05,407 [main] DEBUG org.activiti.engine.impl.db.DbSqlSession  -   insert VariableInstanceEntity[id=5413, name=var352, type=integer, longValue=352, textValue=352]
10:48:05,407 [main] DEBUG org.activiti.engine.impl.db.DbSqlSession  -   insert VariableInstanceEntity[id=5414, name=var351, type=integer, longValue=351, textValue=351]
10:48:05,407 [main] DEBUG org.activiti.engine.impl.db.DbSqlSession  -   insert VariableInstanceEntity[id=5415, name=var359, type=integer, longValue=359, textValue=359]
10:48:05,407 [main] DEBUG org.activiti.engine.impl.db.DbSqlSession  -   insert VariableInstanceEntity[id=5416, name=var347, type=integer, longValue=347, textValue=347]
10:48:05,407 [main] DEBUG org.activiti.engine.impl.db.DbSqlSession  -   insert VariableInstanceEntity[id=5417, name=var346, type=integer, longValue=346, textValue=346]
10:48:05,407 [main] DEBUG org.activiti.engine.impl.db.DbSqlSession  -   insert VariableInstanceEntity[id=5418, name=var345, type=integer, longValue=345, textValue=345]
10:48:05,407 [main] DEBUG org.activiti.engine.impl.db.DbSqlSession  -   insert VariableInstanceEntity[id=5419, name=var344, type=integer, longValue=344, textValue=344]
10:48:05,407 [main] DEBUG org.activiti.engine.impl.db.DbSqlSession  -   insert VariableInstanceEntity[id=5420, name=var343, type=integer, longValue=343, textValue=343]
10:48:05,407 [main] DEBUG org.activiti.engine.impl.db.DbSqlSession  -   insert VariableInstanceEntity[id=5421, name=var342, type=integer, longValue=342, textValue=342]
10:48:05,408 [Thread-103] DEBUG org.activiti.engine.impl.asyncexecutor.AcquireAsyncJobsDueRunnable  - async job acquisition thread woke up
10:48:05,408 [Thread-112] DEBUG org.activiti.engine.impl.asyncexecutor.AcquireAsyncJobsDueRunnable  - async job acquisition thread woke up
10:48:05,408 [Thread-112] DEBUG org.activiti.engine.impl.interceptor.LogInterceptor  - 

10:48:05,408 [Thread-106] DEBUG org.activiti.engine.impl.asyncexecutor.AcquireAsyncJobsDueRunnable  - async job acquisition thread woke up
10:48:05,408 [Thread-106] DEBUG org.activiti.engine.impl.interceptor.LogInterceptor  - 

10:48:05,408 [Thread-106] DEBUG org.activiti.engine.impl.interceptor.LogInterceptor  - --- starting AcquireAsyncJobsDueCmd --------------------------------------------------------
10:48:05,408 [Thread-111] DEBUG org.activiti.engine.impl.asyncexecutor.AcquireTimerJobsRunnable  - timer job acquisition thread woke up
10:48:05,408 [Thread-106] DEBUG org.apache.ibatis.transaction.jdbc.JdbcTransaction  - Opening JDBC Connection
10:48:05,408 [Thread-112] DEBUG org.activiti.engine.impl.interceptor.LogInterceptor  - --- starting AcquireAsyncJobsDueCmd --------------------------------------------------------
10:48:05,408 [Thread-103] DEBUG org.activiti.engine.impl.interceptor.LogInterceptor  - 

10:48:05,408 [Thread-103] DEBUG org.activiti.engine.impl.interceptor.LogInterceptor  - --- starting AcquireAsyncJobsDueCmd --------------------------------------------------------
10:48:05,408 [Thread-105] DEBUG org.activiti.engine.impl.asyncexecutor.AcquireTimerJobsRunnable  - timer job acquisition thread woke up
10:48:05,408 [Thread-105] DEBUG org.activiti.engine.impl.interceptor.LogInterceptor  - 

10:48:05,408 [Thread-105] DEBUG org.activiti.engine.impl.interceptor.LogInterceptor  - --- starting AcquireTimerJobsCmd --------------------------------------------------------
10:48:05,408 [main] DEBUG org.activiti.engine.impl.db.DbSqlSession  -   insert VariableInstanceEntity[id=5422, name=var341, type=integer, longValue=341, textValue=341]
10:48:05,408 [Thread-105] DEBUG org.apache.ibatis.transaction.jdbc.JdbcTransaction  - Opening JDBC Connection
10:48:05,408 [Thread-103] DEBUG org.apache.ibatis.transaction.jdbc.JdbcTransaction  - Opening JDBC Connection
10:48:05,408 [Thread-103] DEBUG org.apache.ibatis.datasource.pooled.PooledDataSource  - Checked out connection 157985567 from pool.
10:48:05,408 [Thread-112] DEBUG org.apache.ibatis.transaction.jdbc.JdbcTransaction  - Opening JDBC Connection
10:48:05,408 [Thread-112] DEBUG org.apache.ibatis.datasource.pooled.PooledDataSource  - Checked out connection 1863805930 from pool.
10:48:05,408 [Thread-112] DEBUG org.apache.ibatis.transaction.jdbc.JdbcTransaction  - Setting autocommit to false on JDBC Connection [conn69: url=jdbc:h2:mem:activiti-AsyncExecutorTest user=SA]
10:48:05,408 [Thread-106] DEBUG org.apache.ibatis.datasource.pooled.PooledDataSource  - Checked out connection 1970103261 from pool.
10:48:05,408 [Thread-111] DEBUG org.activiti.engine.impl.interceptor.LogInterceptor  - 

10:48:05,408 [Thread-111] DEBUG org.activiti.engine.impl.interceptor.LogInterceptor  - --- starting AcquireTimerJobsCmd --------------------------------------------------------
10:48:05,408 [Thread-105] DEBUG org.apache.ibatis.datasource.pooled.PooledDataSource  - Checked out connection 54468349 from pool.
10:48:05,408 [Thread-105] DEBUG org.apache.ibatis.transaction.jdbc.JdbcTransaction  - Setting autocommit to false on JDBC Connection [conn64: url=jdbc:h2:mem:activiti-AsyncExecutorTest user=SA]
10:48:05,408 [Thread-106] DEBUG org.apache.ibatis.transaction.jdbc.JdbcTransaction  - Setting autocommit to false on JDBC Connection [conn63: url=jdbc:h2:mem:activiti-AsyncExecutorTest user=SA]
10:48:05,408 [Thread-112] DEBUG org.activiti.engine.impl.persistence.entity.JobEntity.selectAsyncJobsDueToExecute  - ==&gt;  Preparing: select RES.* from ACT_RU_JOB RES LEFT OUTER JOIN ACT_RU_EXECUTION PI ON PI.ID_ = RES.PROCESS_INSTANCE_ID_ where RES.RETRIES_ &gt; 0 and RES.DUEDATE_ is not null and RES.DUEDATE_ &lt;= ? and (RES.LOCK_EXP_TIME_ is null or RES.LOCK_EXP_TIME_ &lt;= ?) and TYPE_ = &apos;message&apos; and ( (RES.EXECUTION_ID_ is null) or (PI.SUSPENSION_STATE_ = 1) ) LIMIT ? OFFSET ? 
10:48:05,408 [Thread-103] DEBUG org.apache.ibatis.transaction.jdbc.JdbcTransaction  - Setting autocommit to false on JDBC Connection [conn61: url=jdbc:h2:mem:activiti-AsyncExecutorTest user=SA]
10:48:05,408 [Thread-112] DEBUG org.activiti.engine.impl.persistence.entity.JobEntity.selectAsyncJobsDueToExecute  - ==&gt; Parameters: 2023-03-20 10:48:05.408(Timestamp), 2023-03-20 10:48:05.408(Timestamp), 1(Integer), 0(Integer)
10:48:05,408 [main] DEBUG org.activiti.engine.impl.db.DbSqlSession  -   insert VariableInstanceEntity[id=5423, name=var340, type=integer, longValue=340, textValue=340]
10:48:05,408 [main] DEBUG org.activiti.engine.impl.db.DbSqlSession  -   insert VariableInstanceEntity[id=5424, name=var349, type=integer, longValue=349, textValue=349]
10:48:05,408 [main] DEBUG org.activiti.engine.impl.db.DbSqlSession  -   insert VariableInstanceEntity[id=5425, name=var348, type=integer, longValue=348, textValue=348]
10:48:05,408 [main] DEBUG org.activiti.engine.impl.db.DbSqlSession  -   insert VariableInstanceEntity[id=5426, name=var336, type=integer, longValue=336, textValue=336]
10:48:05,408 [main] DEBUG org.activiti.engine.impl.db.DbSqlSession  -   insert VariableInstanceEntity[id=5427, name=var335, type=integer, longValue=335, textValue=335]
10:48:05,408 [main] DEBUG org.activiti.engine.impl.db.DbSqlSession  -   insert VariableInstanceEntity[id=5428, name=var334, type=integer, longValue=334, textValue=334]
10:48:05,408 [main] DEBUG org.activiti.engine.impl.db.DbSqlSession  -   insert VariableInstanceEntity[id=5429, name=var333, type=integer, longValue=333, textValue=333]
10:48:05,408 [main] DEBUG org.activiti.engine.impl.db.DbSqlSession  -   insert VariableInstanceEntity[id=5430, name=var332, type=integer, longValue=332, textValue=332]
10:48:05,408 [main] DEBUG org.activiti.engine.impl.db.DbSqlSession  -   insert VariableInstanceEntity[id=5431, name=var331, type=integer, longValue=331, textValue=331]
10:48:05,408 [main] DEBUG org.activiti.engine.impl.db.DbSqlSession  -   insert VariableInstanceEntity[id=5432, name=var330, type=integer, longValue=330, textValue=330]
10:48:05,408 [main] DEBUG org.activiti.engine.impl.db.DbSqlSession  -   insert VariableInstanceEntity[id=5433, name=var339, type=integer, longValue=339, textValue=339]
10:48:05,408 [main] DEBUG org.activiti.engine.impl.db.DbSqlSession  -   insert VariableInstanceEntity[id=5434, name=var338, type=integer, longValue=338, textValue=338]
10:48:05,409 [main] DEBUG org.activiti.engine.impl.db.DbSqlSession  -   insert VariableInstanceEntity[id=5435, name=var337, type=integer, longValue=337, textValue=337]
10:48:05,409 [main] DEBUG org.activiti.engine.impl.db.DbSqlSession  -   insert VariableInstanceEntity[id=5436, name=var325, type=integer, longValue=325, textValue=325]
10:48:05,409 [main] DEBUG org.activiti.engine.impl.db.DbSqlSession  -   insert VariableInstanceEntity[id=5437, name=var324, type=integer, longValue=324, textValue=324]
10:48:05,409 [main] DEBUG org.activiti.engine.impl.db.DbSqlSession  -   insert VariableInstanceEntity[id=5438, name=var323, type=integer, longValue=323, textValue=323]
10:48:05,409 [main] DEBUG org.activiti.engine.impl.db.DbSqlSession  -   insert VariableInstanceEntity[id=5439, name=var322, type=integer, longValue=322, textValue=322]
10:48:05,409 [main] DEBUG org.activiti.engine.impl.db.DbSqlSession  -   insert VariableInstanceEntity[id=5440, name=var321, type=integer, longValue=321, textValue=321]
10:48:05,409 [main] DEBUG org.activiti.engine.impl.db.DbSqlSession  -   insert VariableInstanceEntity[id=5441, name=var320, type=integer, longValue=320, textValue=320]
10:48:05,409 [main] DEBUG org.activiti.engine.impl.db.DbSqlSession  -   insert VariableInstanceEntity[id=5442, name=var329, type=integer, longValue=329, textValue=329]
10:48:05,409 [main] DEBUG org.activiti.engine.impl.db.DbSqlSession  -   insert VariableInstanceEntity[id=5443, name=var328, type=integer, longValue=328, textValue=328]
10:48:05,409 [main] DEBUG org.activiti.engine.impl.db.DbSqlSession  -   insert VariableInstanceEntity[id=5444, name=var327, type=integer, longValue=327, textValue=327]
10:48:05,409 [main] DEBUG org.activiti.engine.impl.db.DbSqlSession  -   insert VariableInstanceEntity[id=5445, name=var326, type=integer, longValue=326, textValue=326]
10:48:05,409 [main] DEBUG org.activiti.engine.impl.db.DbSqlSession  -   insert VariableInstanceEntity[id=5446, name=var314, type=integer, longValue=314, textValue=314]
10:48:05,409 [main] DEBUG org.activiti.engine.impl.db.DbSqlSession  -   insert VariableInstanceEntity[id=5447, name=var313, type=integer, longValue=313, textValue=313]
10:48:05,409 [main] DEBUG org.activiti.engine.impl.db.DbSqlSession  -   insert VariableInstanceEntity[id=5448, name=var312, type=integer, longValue=312, textValue=312]
10:48:05,409 [main] DEBUG org.activiti.engine.impl.db.DbSqlSession  -   insert VariableInstanceEntity[id=5449, name=var311, type=integer, longValue=311, textValue=311]
10:48:05,409 [main] DEBUG org.activiti.engine.impl.db.DbSqlSession  -   insert VariableInstanceEntity[id=5450, name=var310, type=integer, longValue=310, textValue=310]
10:48:05,409 [main] DEBUG org.activiti.engine.impl.db.DbSqlSession  -   insert VariableInstanceEntity[id=5451, name=var319, type=integer, longValue=319, textValue=319]
10:48:05,409 [main] DEBUG org.activiti.engine.impl.db.DbSqlSession  -   insert VariableInstanceEntity[id=5452, name=var318, type=integer, longValue=318, textValue=318]
10:48:05,409 [main] DEBUG org.activiti.engine.impl.db.DbSqlSession  -   insert VariableInstanceEntity[id=5453, name=var317, type=integer, longValue=317, textValue=317]
10:48:05,409 [main] DEBUG org.activiti.engine.impl.db.DbSqlSession  -   insert VariableInstanceEntity[id=5454, name=var316, type=integer, longValue=316, textValue=316]
10:48:05,409 [main] DEBUG org.activiti.engine.impl.db.DbSqlSession  -   insert VariableInstanceEntity[id=5455, name=var315, type=integer, longValue=315, textValue=315]
10:48:05,409 [main] DEBUG org.activiti.engine.impl.db.DbSqlSession  -   insert VariableInstanceEntity[id=5456, name=var1701, type=integer, longValue=1701, textValue=1701]
10:48:05,409 [main] DEBUG org.activiti.engine.impl.db.DbSqlSession  -   insert VariableInstanceEntity[id=5457, name=var1702, type=integer, longValue=1702, textValue=1702]
10:48:05,409 [main] DEBUG org.activiti.engine.impl.db.DbSqlSession  -   insert VariableInstanceEntity[id=5458, name=var1700, type=integer, longValue=1700, textValue=1700]
10:48:05,409 [main] DEBUG org.activiti.engine.impl.db.DbSqlSession  -   insert VariableInstanceEntity[id=5459, name=var1705, type=integer, longValue=1705, textValue=1705]
10:48:05,409 [main] DEBUG org.activiti.engine.impl.db.DbSqlSession  -   insert VariableInstanceEntity[id=5460, name=var1706, type=integer, longValue=1706, textValue=1706]
10:48:05,409 [main] DEBUG org.activiti.engine.impl.db.DbSqlSession  -   insert VariableInstanceEntity[id=5461, name=var1703, type=integer, longValue=1703, textValue=1703]
10:48:05,409 [main] DEBUG org.activiti.engine.impl.db.DbSqlSession  -   insert VariableInstanceEntity[id=5462, name=var1704, type=integer, longValue=1704, textValue=1704]
10:48:05,409 [main] DEBUG org.activiti.engine.impl.db.DbSqlSession  -   insert VariableInstanceEntity[id=5463, name=var1709, type=integer, longValue=1709, textValue=1709]
10:48:05,409 [main] DEBUG org.activiti.engine.impl.db.DbSqlSession  -   insert VariableInstanceEntity[id=5464, name=var1707, type=integer, longValue=1707, textValue=1707]
10:48:05,409 [main] DEBUG org.activiti.engine.impl.db.DbSqlSession  -   insert VariableInstanceEntity[id=5465, name=var1708, type=integer, longValue=1708, textValue=1708]
10:48:05,409 [main] DEBUG org.activiti.engine.impl.db.DbSqlSession  -   insert VariableInstanceEntity[id=5466, name=var1712, type=integer, longValue=1712, textValue=1712]
10:48:05,409 [main] DEBUG org.activiti.engine.impl.db.DbSqlSession  -   insert VariableInstanceEntity[id=5467, name=var1713, type=integer, longValue=1713, textValue=1713]
10:48:05,409 [main] DEBUG org.activiti.engine.impl.db.DbSqlSession  -   insert VariableInstanceEntity[id=5468, name=var1710, type=integer, longValue=1710, textValue=1710]
10:48:05,409 [main] DEBUG org.activiti.engine.impl.db.DbSqlSession  -   insert VariableInstanceEntity[id=5469, name=var1711, type=integer, longValue=1711, textValue=1711]
10:48:05,409 [main] DEBUG org.activiti.engine.impl.db.DbSqlSession  -   insert VariableInstanceEntity[id=5470, name=var1716, type=integer, longValue=1716, textValue=1716]
10:48:05,409 [main] DEBUG org.activiti.engine.impl.db.DbSqlSession  -   insert VariableInstanceEntity[id=5471, name=var1717, type=integer, longValue=1717, textValue=1717]
10:48:05,409 [main] DEBUG org.activiti.engine.impl.db.DbSqlSession  -   insert VariableInstanceEntity[id=5472, name=var1714, type=integer, longValue=1714, textValue=1714]
10:48:05,409 [main] DEBUG org.activiti.engine.impl.db.DbSqlSession  -   insert VariableInstanceEntity[id=5473, name=var1715, type=integer, longValue=1715, textValue=1715]
10:48:05,409 [main] DEBUG org.activiti.engine.impl.db.DbSqlSession  -   insert VariableInstanceEntity[id=5474, name=var1718, type=integer, longValue=1718, textValue=1718]
10:48:05,409 [main] DEBUG org.activiti.engine.impl.db.DbSqlSession  -   insert VariableInstanceEntity[id=5475, name=var1719, type=integer, longValue=1719, textValue=1719]
10:48:05,409 [main] DEBUG org.activiti.engine.impl.db.DbSqlSession  -   insert VariableInstanceEntity[id=5476, name=var1720, type=integer, longValue=1720, textValue=1720]
10:48:05,409 [main] DEBUG org.activiti.engine.impl.db.DbSqlSession  -   insert VariableInstanceEntity[id=5477, name=var1723, type=integer, longValue=1723, textValue=1723]
10:48:05,409 [main] DEBUG org.activiti.engine.impl.db.DbSqlSession  -   insert VariableInstanceEntity[id=5478, name=var1724, type=integer, longValue=1724, textValue=1724]
10:48:05,409 [main] DEBUG org.activiti.engine.impl.db.DbSqlSession  -   insert VariableInstanceEntity[id=5479, name=var1721, type=integer, longValue=1721, textValue=1721]
10:48:05,410 [main] DEBUG org.activiti.engine.impl.db.DbSqlSession  -   insert VariableInstanceEntity[id=5480, name=var1722, type=integer, longValue=1722, textValue=1722]
10:48:05,410 [main] DEBUG org.activiti.engine.impl.db.DbSqlSession  -   insert VariableInstanceEntity[id=5481, name=var1727, type=integer, longValue=1727, textValue=1727]
10:48:05,410 [main] DEBUG org.activiti.engine.impl.db.DbSqlSession  -   insert VariableInstanceEntity[id=5482, name=var1728, type=integer, longValue=1728, textValue=1728]
10:48:05,410 [main] DEBUG org.activiti.engine.impl.db.DbSqlSession  -   insert VariableInstanceEntity[id=5483, name=var1725, type=integer, longValue=1725, textValue=1725]
10:48:05,410 [main] DEBUG org.activiti.engine.impl.db.DbSqlSession  -   insert VariableInstanceEntity[id=5484, name=var1726, type=integer, longValue=1726, textValue=1726]
10:48:05,410 [main] DEBUG org.activiti.engine.impl.db.DbSqlSession  -   insert VariableInstanceEntity[id=5485, name=var1729, type=integer, longValue=1729, textValue=1729]
10:48:05,410 [main] DEBUG org.activiti.engine.impl.db.DbSqlSession  -   insert VariableInstanceEntity[id=5486, name=var295, type=integer, longValue=295, textValue=295]
10:48:05,410 [main] DEBUG org.activiti.engine.impl.db.DbSqlSession  -   insert VariableInstanceEntity[id=5487, name=var294, type=integer, longValue=294, textValue=294]
10:48:05,410 [main] DEBUG org.activiti.engine.impl.db.DbSqlSession  -   insert VariableInstanceEntity[id=5488, name=var293, type=integer, longValue=293, textValue=293]
10:48:05,410 [main] DEBUG org.activiti.engine.impl.db.DbSqlSession  -   insert VariableInstanceEntity[id=5489, name=var292, type=integer, longValue=292, textValue=292]
10:48:05,410 [main] DEBUG org.activiti.engine.impl.db.DbSqlSession  -   insert VariableInstanceEntity[id=5490, name=var291, type=integer, longValue=291, textValue=291]
10:48:05,410 [main] DEBUG org.activiti.engine.impl.db.DbSqlSession  -   insert VariableInstanceEntity[id=5491, name=var290, type=integer, longValue=290, textValue=290]
10:48:05,410 [main] DEBUG org.activiti.engine.impl.db.DbSqlSession  -   insert VariableInstanceEntity[id=5492, name=var1730, type=integer, longValue=1730, textValue=1730]
10:48:05,410 [main] DEBUG org.activiti.engine.impl.db.DbSqlSession  -   insert VariableInstanceEntity[id=5493, name=var1731, type=integer, longValue=1731, textValue=1731]
10:48:05,410 [main] DEBUG org.activiti.engine.impl.db.DbSqlSession  -   insert VariableInstanceEntity[id=5494, name=var299, type=integer, longValue=299, textValue=299]
10:48:05,410 [main] DEBUG org.activiti.engine.impl.db.DbSqlSession  -   insert VariableInstanceEntity[id=5495, name=var1734, type=integer, longValue=1734, textValue=1734]
10:48:05,410 [main] DEBUG org.activiti.engine.impl.db.DbSqlSession  -   insert VariableInstanceEntity[id=5496, name=var298, type=integer, longValue=298, textValue=298]
10:48:05,410 [main] DEBUG org.activiti.engine.impl.db.DbSqlSession  -   insert VariableInstanceEntity[id=5497, name=var1735, type=integer, longValue=1735, textValue=1735]
10:48:05,410 [main] DEBUG org.activiti.engine.impl.db.DbSqlSession  -   insert VariableInstanceEntity[id=5498, name=var297, type=integer, longValue=297, textValue=297]
10:48:05,410 [main] DEBUG org.activiti.engine.impl.db.DbSqlSession  -   insert VariableInstanceEntity[id=5499, name=var1732, type=integer, longValue=1732, textValue=1732]
10:48:05,410 [main] DEBUG org.activiti.engine.impl.db.DbSqlSession  -   insert VariableInstanceEntity[id=5500, name=var296, type=integer, longValue=296, textValue=296]
10:48:05,410 [main] DEBUG org.activiti.engine.impl.db.DbSqlSession  -   insert VariableInstanceEntity[id=5501, name=var1733, type=integer, longValue=1733, textValue=1733]
10:48:05,410 [main] DEBUG org.activiti.engine.impl.db.DbSqlSession  -   insert VariableInstanceEntity[id=5502, name=var1738, type=integer, longValue=1738, textValue=1738]
10:48:05,410 [main] DEBUG org.activiti.engine.impl.db.DbSqlSession  -   insert VariableInstanceEntity[id=5503, name=var1739, type=integer, longValue=1739, textValue=1739]
10:48:05,410 [main] DEBUG org.activiti.engine.impl.db.DbSqlSession  -   insert VariableInstanceEntity[id=5504, name=var1736, type=integer, longValue=1736, textValue=1736]
10:48:05,410 [main] DEBUG org.activiti.engine.impl.db.DbSqlSession  -   insert VariableInstanceEntity[id=5505, name=var1737, type=integer, longValue=1737, textValue=1737]
10:48:05,410 [main] DEBUG org.activiti.engine.impl.db.DbSqlSession  -   insert VariableInstanceEntity[id=5506, name=var284, type=integer, longValue=284, textValue=284]
10:48:05,410 [main] DEBUG org.activiti.engine.impl.db.DbSqlSession  -   insert VariableInstanceEntity[id=5507, name=var283, type=integer, longValue=283, textValue=283]
10:48:05,410 [main] DEBUG org.activiti.engine.impl.db.DbSqlSession  -   insert VariableInstanceEntity[id=5508, name=var282, type=integer, longValue=282, textValue=282]
10:48:05,410 [main] DEBUG org.activiti.engine.impl.db.DbSqlSession  -   insert VariableInstanceEntity[id=5509, name=var281, type=integer, longValue=281, textValue=281]
10:48:05,410 [main] DEBUG org.activiti.engine.impl.db.DbSqlSession  -   insert VariableInstanceEntity[id=5510, name=var280, type=integer, longValue=280, textValue=280]
10:48:05,410 [main] DEBUG org.activiti.engine.impl.db.DbSqlSession  -   insert VariableInstanceEntity[id=5511, name=var1741, type=integer, longValue=1741, textValue=1741]
10:48:05,410 [main] DEBUG org.activiti.engine.impl.db.DbSqlSession  -   insert VariableInstanceEntity[id=5512, name=var1742, type=integer, longValue=1742, textValue=1742]
10:48:05,410 [main] DEBUG org.activiti.engine.impl.db.DbSqlSession  -   insert VariableInstanceEntity[id=5513, name=var289, type=integer, longValue=289, textValue=289]
10:48:05,410 [main] DEBUG org.activiti.engine.impl.db.DbSqlSession  -   insert VariableInstanceEntity[id=5514, name=var1740, type=integer, longValue=1740, textValue=1740]
10:48:05,410 [main] DEBUG org.activiti.engine.impl.db.DbSqlSession  -   insert VariableInstanceEntity[id=5515, name=var288, type=integer, longValue=288, textValue=288]
10:48:05,410 [main] DEBUG org.activiti.engine.impl.db.DbSqlSession  -   insert VariableInstanceEntity[id=5516, name=var1745, type=integer, longValue=1745, textValue=1745]
10:48:05,410 [main] DEBUG org.activiti.engine.impl.db.DbSqlSession  -   insert VariableInstanceEntity[id=5517, name=var287, type=integer, longValue=287, textValue=287]
10:48:05,410 [main] DEBUG org.activiti.engine.impl.db.DbSqlSession  -   insert VariableInstanceEntity[id=5518, name=var1746, type=integer, longValue=1746, textValue=1746]
10:48:05,410 [main] DEBUG org.activiti.engine.impl.db.DbSqlSession  -   insert VariableInstanceEntity[id=5519, name=var286, type=integer, longValue=286, textValue=286]
10:48:05,410 [main] DEBUG org.activiti.engine.impl.db.DbSqlSession  -   insert VariableInstanceEntity[id=5520, name=var1743, type=integer, longValue=1743, textValue=1743]
10:48:05,410 [main] DEBUG org.activiti.engine.impl.db.DbSqlSession  -   insert VariableInstanceEntity[id=5521, name=var285, type=integer, longValue=285, textValue=285]
10:48:05,410 [main] DEBUG org.activiti.engine.impl.db.DbSqlSession  -   insert VariableInstanceEntity[id=5522, name=var1744, type=integer, longValue=1744, textValue=1744]
10:48:05,410 [main] DEBUG org.activiti.engine.impl.db.DbSqlSession  -   insert VariableInstanceEntity[id=5523, name=var1749, type=integer, longValue=1749, textValue=1749]
10:48:05,410 [main] DEBUG org.activiti.engine.impl.db.DbSqlSession  -   insert VariableInstanceEntity[id=5524, name=var1747, type=integer, longValue=1747, textValue=1747]
10:48:05,410 [main] DEBUG org.activiti.engine.impl.db.DbSqlSession  -   insert VariableInstanceEntity[id=5525, name=var1748, type=integer, longValue=1748, textValue=1748]
10:48:05,410 [main] DEBUG org.activiti.engine.impl.db.DbSqlSession  -   insert VariableInstanceEntity[id=5526, name=var273, type=integer, longValue=273, textValue=273]
10:48:05,411 [main] DEBUG org.activiti.engine.impl.db.DbSqlSession  -   insert VariableInstanceEntity[id=5527, name=var272, type=integer, longValue=272, textValue=272]
10:48:05,411 [main] DEBUG org.activiti.engine.impl.db.DbSqlSession  -   insert VariableInstanceEntity[id=5528, name=var271, type=integer, longValue=271, textValue=271]
10:48:05,411 [main] DEBUG org.activiti.engine.impl.db.DbSqlSession  -   insert VariableInstanceEntity[id=5529, name=var270, type=integer, longValue=270, textValue=270]
10:48:05,411 [main] DEBUG org.activiti.engine.impl.db.DbSqlSession  -   insert VariableInstanceEntity[id=5530, name=var1752, type=integer, longValue=1752, textValue=1752]
10:48:05,411 [main] DEBUG org.activiti.engine.impl.db.DbSqlSession  -   insert VariableInstanceEntity[id=5531, name=var1753, type=integer, longValue=1753, textValue=1753]
10:48:05,411 [main] DEBUG org.activiti.engine.impl.db.DbSqlSession  -   insert VariableInstanceEntity[id=5532, name=var279, type=integer, longValue=279, textValue=279]
10:48:05,411 [main] DEBUG org.activiti.engine.impl.db.DbSqlSession  -   insert VariableInstanceEntity[id=5533, name=var1750, type=integer, longValue=1750, textValue=1750]
10:48:05,411 [main] DEBUG org.activiti.engine.impl.db.DbSqlSession  -   insert VariableInstanceEntity[id=5534, name=var278, type=integer, longValue=278, textValue=278]
10:48:05,411 [main] DEBUG org.activiti.engine.impl.db.DbSqlSession  -   insert VariableInstanceEntity[id=5535, name=var1751, type=integer, longValue=1751, textValue=1751]
10:48:05,411 [main] DEBUG org.activiti.engine.impl.db.DbSqlSession  -   insert VariableInstanceEntity[id=5536, name=var277, type=integer, longValue=277, textValue=277]
10:48:05,411 [main] DEBUG org.activiti.engine.impl.db.DbSqlSession  -   insert VariableInstanceEntity[id=5537, name=var1756, type=integer, longValue=1756, textValue=1756]
10:48:05,411 [main] DEBUG org.activiti.engine.impl.db.DbSqlSession  -   insert VariableInstanceEntity[id=5538, name=var276, type=integer, longValue=276, textValue=276]
10:48:05,411 [main] DEBUG org.activiti.engine.impl.db.DbSqlSession  -   insert VariableInstanceEntity[id=5539, name=var1757, type=integer, longValue=1757, textValue=1757]
10:48:05,411 [main] DEBUG org.activiti.engine.impl.db.DbSqlSession  -   insert VariableInstanceEntity[id=5540, name=var275, type=integer, longValue=275, textValue=275]
10:48:05,411 [main] DEBUG org.activiti.engine.impl.db.DbSqlSession  -   insert VariableInstanceEntity[id=5541, name=var1754, type=integer, longValue=1754, textValue=1754]
10:48:05,411 [main] DEBUG org.activiti.engine.impl.db.DbSqlSession  -   insert VariableInstanceEntity[id=5542, name=var274, type=integer, longValue=274, textValue=274]
10:48:05,411 [main] DEBUG org.activiti.engine.impl.db.DbSqlSession  -   insert VariableInstanceEntity[id=5543, name=var1755, type=integer, longValue=1755, textValue=1755]
10:48:05,411 [main] DEBUG org.activiti.engine.impl.db.DbSqlSession  -   insert VariableInstanceEntity[id=5544, name=var1758, type=integer, longValue=1758, textValue=1758]
10:48:05,411 [main] DEBUG org.activiti.engine.impl.db.DbSqlSession  -   insert VariableInstanceEntity[id=5545, name=var1759, type=integer, longValue=1759, textValue=1759]
10:48:05,411 [main] DEBUG org.activiti.engine.impl.db.DbSqlSession  -   insert VariableInstanceEntity[id=5546, name=var27, type=integer, longValue=27, textValue=27]
10:48:05,411 [main] DEBUG org.activiti.engine.impl.db.DbSqlSession  -   insert VariableInstanceEntity[id=5547, name=var28, type=integer, longValue=28, textValue=28]
10:48:05,411 [main] DEBUG org.activiti.engine.impl.db.DbSqlSession  -   insert VariableInstanceEntity[id=5548, name=var29, type=integer, longValue=29, textValue=29]
10:48:05,411 [main] DEBUG org.activiti.engine.impl.db.DbSqlSession  -   insert VariableInstanceEntity[id=5549, name=var23, type=integer, longValue=23, textValue=23]
10:48:05,411 [main] DEBUG org.activiti.engine.impl.db.DbSqlSession  -   insert VariableInstanceEntity[id=5550, name=var24, type=integer, longValue=24, textValue=24]
10:48:05,411 [main] DEBUG org.activiti.engine.impl.db.DbSqlSession  -   insert VariableInstanceEntity[id=5551, name=var1760, type=integer, longValue=1760, textValue=1760]
10:48:05,411 [main] DEBUG org.activiti.engine.impl.db.DbSqlSession  -   insert VariableInstanceEntity[id=5552, name=var25, type=integer, longValue=25, textValue=25]
10:48:05,411 [main] DEBUG org.activiti.engine.impl.db.DbSqlSession  -   insert VariableInstanceEntity[id=5553, name=var26, type=integer, longValue=26, textValue=26]
10:48:05,411 [main] DEBUG org.activiti.engine.impl.db.DbSqlSession  -   insert VariableInstanceEntity[id=5554, name=var1763, type=integer, longValue=1763, textValue=1763]
10:48:05,411 [main] DEBUG org.activiti.engine.impl.db.DbSqlSession  -   insert VariableInstanceEntity[id=5555, name=var20, type=integer, longValue=20, textValue=20]
10:48:05,411 [main] DEBUG org.activiti.engine.impl.db.DbSqlSession  -   insert VariableInstanceEntity[id=5556, name=var1764, type=integer, longValue=1764, textValue=1764]
10:48:05,411 [main] DEBUG org.activiti.engine.impl.db.DbSqlSession  -   insert VariableInstanceEntity[id=5557, name=var21, type=integer, longValue=21, textValue=21]
10:48:05,411 [main] DEBUG org.activiti.engine.impl.db.DbSqlSession  -   insert VariableInstanceEntity[id=5558, name=var1761, type=integer, longValue=1761, textValue=1761]
10:48:05,411 [main] DEBUG org.activiti.engine.impl.db.DbSqlSession  -   insert VariableInstanceEntity[id=5559, name=var22, type=integer, longValue=22, textValue=22]
10:48:05,411 [main] DEBUG org.activiti.engine.impl.db.DbSqlSession  -   insert VariableInstanceEntity[id=5560, name=var1762, type=integer, longValue=1762, textValue=1762]
10:48:05,411 [main] DEBUG org.activiti.engine.impl.db.DbSqlSession  -   insert VariableInstanceEntity[id=5561, name=var1767, type=integer, longValue=1767, textValue=1767]
10:48:05,411 [main] DEBUG org.activiti.engine.impl.db.DbSqlSession  -   insert VariableInstanceEntity[id=5562, name=var1768, type=integer, longValue=1768, textValue=1768]
10:48:05,411 [main] DEBUG org.activiti.engine.impl.db.DbSqlSession  -   insert VariableInstanceEntity[id=5563, name=var1765, type=integer, longValue=1765, textValue=1765]
10:48:05,411 [main] DEBUG org.activiti.engine.impl.db.DbSqlSession  -   insert VariableInstanceEntity[id=5564, name=var1766, type=integer, longValue=1766, textValue=1766]
10:48:05,411 [main] DEBUG org.activiti.engine.impl.db.DbSqlSession  -   insert VariableInstanceEntity[id=5565, name=var1769, type=integer, longValue=1769, textValue=1769]
10:48:05,411 [main] DEBUG org.activiti.engine.impl.db.DbSqlSession  -   insert VariableInstanceEntity[id=5566, name=var16, type=integer, longValue=16, textValue=16]
10:48:05,411 [main] DEBUG org.activiti.engine.impl.db.DbSqlSession  -   insert VariableInstanceEntity[id=5567, name=var17, type=integer, longValue=17, textValue=17]
10:48:05,411 [main] DEBUG org.activiti.engine.impl.db.DbSqlSession  -   insert VariableInstanceEntity[id=5568, name=var18, type=integer, longValue=18, textValue=18]
10:48:05,411 [main] DEBUG org.activiti.engine.impl.db.DbSqlSession  -   insert VariableInstanceEntity[id=5569, name=var19, type=integer, longValue=19, textValue=19]
10:48:05,411 [main] DEBUG org.activiti.engine.impl.db.DbSqlSession  -   insert VariableInstanceEntity[id=5570, name=var12, type=integer, longValue=12, textValue=12]
10:48:05,411 [main] DEBUG org.activiti.engine.impl.db.DbSqlSession  -   insert VariableInstanceEntity[id=5571, name=var1770, type=integer, longValue=1770, textValue=1770]
10:48:05,411 [main] DEBUG org.activiti.engine.impl.db.DbSqlSession  -   insert VariableInstanceEntity[id=5572, name=var13, type=integer, longValue=13, textValue=13]
10:48:05,408 [Thread-112] DEBUG org.activiti.engine.impl.persistence.entity.JobEntity.selectAsyncJobsDueToExecute  - &lt;==      Total: 0
10:48:05,408 [Thread-103] DEBUG org.activiti.engine.impl.persistence.entity.JobEntity.selectAsyncJobsDueToExecute  - ==&gt;  Preparing: select RES.* from ACT_RU_JOB RES LEFT OUTER JOIN ACT_RU_EXECUTION PI ON PI.ID_ = RES.PROCESS_INSTANCE_ID_ where RES.RETRIES_ &gt; 0 and RES.DUEDATE_ is not null and RES.DUEDATE_ &lt;= ? and (RES.LOCK_EXP_TIME_ is null or RES.LOCK_EXP_TIME_ &lt;= ?) and TYPE_ = &apos;message&apos; and ( (RES.EXECUTION_ID_ is null) or (PI.SUSPENSION_STATE_ = 1) ) LIMIT ? OFFSET ? 
10:48:05,408 [Thread-106] DEBUG org.activiti.engine.impl.persistence.entity.JobEntity.selectAsyncJobsDueToExecute  - ==&gt;  Preparing: select RES.* from ACT_RU_JOB RES LEFT OUTER JOIN ACT_RU_EXECUTION PI ON PI.ID_ = RES.PROCESS_INSTANCE_ID_ where RES.RETRIES_ &gt; 0 and RES.DUEDATE_ is not null and RES.DUEDATE_ &lt;= ? and (RES.LOCK_EXP_TIME_ is null or RES.LOCK_EXP_TIME_ &lt;= ?) and TYPE_ = &apos;message&apos; and ( (RES.EXECUTION_ID_ is null) or (PI.SUSPENSION_STATE_ = 1) ) LIMIT ? OFFSET ? 
10:48:05,408 [Thread-105] DEBUG org.activiti.engine.impl.persistence.entity.JobEntity.selectNextTimerJobsToExecute  - ==&gt;  Preparing: select RES.* from ACT_RU_JOB RES LEFT OUTER JOIN ACT_RU_EXECUTION PI ON PI.ID_ = RES.PROCESS_INSTANCE_ID_ where (RES.RETRIES_ &gt; 0) and (RES.DUEDATE_ is null or RES.DUEDATE_ &lt;= ?) and (RES.LOCK_OWNER_ is null or RES.LOCK_EXP_TIME_ &lt;= ?) and TYPE_ = &apos;timer&apos; and ( (RES.EXECUTION_ID_ is null) or (PI.SUSPENSION_STATE_ = 1) ) LIMIT ? OFFSET ? 
10:48:05,408 [Thread-111] DEBUG org.apache.ibatis.transaction.jdbc.JdbcTransaction  - Opening JDBC Connection
10:48:05,412 [Thread-105] DEBUG org.activiti.engine.impl.persistence.entity.JobEntity.selectNextTimerJobsToExecute  - ==&gt; Parameters: 2023-03-20 10:48:05.408(Timestamp), 2023-03-20 10:48:05.408(Timestamp), 1(Integer), 0(Integer)
10:48:05,412 [Thread-106] DEBUG org.activiti.engine.impl.persistence.entity.JobEntity.selectAsyncJobsDueToExecute  - ==&gt; Parameters: 2023-03-20 10:48:05.408(Timestamp), 2023-03-20 10:48:05.408(Timestamp), 1(Integer), 0(Integer)
10:48:05,412 [Thread-105] DEBUG org.activiti.engine.impl.persistence.entity.JobEntity.selectNextTimerJobsToExecute  - &lt;==      Total: 0
10:48:05,412 [Thread-103] DEBUG org.activiti.engine.impl.persistence.entity.JobEntity.selectAsyncJobsDueToExecute  - ==&gt; Parameters: 2023-03-20 10:48:05.408(Timestamp), 2023-03-20 10:48:05.408(Timestamp), 1(Integer), 0(Integer)
10:48:05,412 [Thread-112] DEBUG org.activiti.engine.impl.db.DbSqlSession  - flush summary: 0 insert, 0 update, 0 delete.
10:48:05,412 [Thread-112] DEBUG org.activiti.engine.impl.db.DbSqlSession  - now executing flush...
10:48:05,412 [main] DEBUG org.activiti.engine.impl.db.DbSqlSession  -   insert VariableInstanceEntity[id=5573, name=var1771, type=integer, longValue=1771, textValue=1771]
10:48:05,412 [Thread-112] DEBUG org.activiti.engine.impl.cfg.standalone.StandaloneMybatisTransactionContext  - firing event committing...
10:48:05,412 [Thread-112] DEBUG org.activiti.engine.impl.cfg.standalone.StandaloneMybatisTransactionContext  - committing the ibatis sql session...
10:48:05,412 [Thread-112] DEBUG org.activiti.engine.impl.cfg.standalone.StandaloneMybatisTransactionContext  - firing event committed...
10:48:05,412 [Thread-103] DEBUG org.activiti.engine.impl.persistence.entity.JobEntity.selectAsyncJobsDueToExecute  - &lt;==      Total: 0
10:48:05,412 [Thread-105] DEBUG org.activiti.engine.impl.db.DbSqlSession  - flush summary: 0 insert, 0 update, 0 delete.
10:48:05,412 [Thread-105] DEBUG org.activiti.engine.impl.db.DbSqlSession  - now executing flush...
10:48:05,412 [Thread-105] DEBUG org.activiti.engine.impl.cfg.standalone.StandaloneMybatisTransactionContext  - firing event committing...
10:48:05,412 [Thread-105] DEBUG org.activiti.engine.impl.cfg.standalone.StandaloneMybatisTransactionContext  - committing the ibatis sql session...
10:48:05,412 [Thread-105] DEBUG org.activiti.engine.impl.cfg.standalone.StandaloneMybatisTransactionContext  - firing event committed...
10:48:05,412 [Thread-105] DEBUG org.apache.ibatis.transaction.jdbc.JdbcTransaction  - Resetting autocommit to true on JDBC Connection [conn64: url=jdbc:h2:mem:activiti-AsyncExecutorTest user=SA]
10:48:05,412 [Thread-106] DEBUG org.activiti.engine.impl.persistence.entity.JobEntity.selectAsyncJobsDueToExecute  - &lt;==      Total: 0
10:48:05,412 [Thread-106] DEBUG org.activiti.engine.impl.db.DbSqlSession  - flush summary: 0 insert, 0 update, 0 delete.
10:48:05,412 [Thread-106] DEBUG org.activiti.engine.impl.db.DbSqlSession  - now executing flush...
10:48:05,412 [Thread-106] DEBUG org.activiti.engine.impl.cfg.standalone.StandaloneMybatisTransactionContext  - firing event committing...
10:48:05,412 [Thread-106] DEBUG org.activiti.engine.impl.cfg.standalone.StandaloneMybatisTransactionContext  - committing the ibatis sql session...
10:48:05,412 [Thread-106] DEBUG org.activiti.engine.impl.cfg.standalone.StandaloneMybatisTransactionContext  - firing event committed...
10:48:05,412 [Thread-111] DEBUG org.apache.ibatis.datasource.pooled.PooledDataSource  - Checked out connection 604408605 from pool.
10:48:05,412 [Thread-106] DEBUG org.apache.ibatis.transaction.jdbc.JdbcTransaction  - Resetting autocommit to true on JDBC Connection [conn63: url=jdbc:h2:mem:activiti-AsyncExecutorTest user=SA]
10:48:05,412 [Thread-106] DEBUG org.apache.ibatis.transaction.jdbc.JdbcTransaction  - Closing JDBC Connection [conn63: url=jdbc:h2:mem:activiti-AsyncExecutorTest user=SA]
10:48:05,412 [Thread-105] DEBUG org.apache.ibatis.transaction.jdbc.JdbcTransaction  - Closing JDBC Connection [conn64: url=jdbc:h2:mem:activiti-AsyncExecutorTest user=SA]
10:48:05,412 [Thread-103] DEBUG org.activiti.engine.impl.db.DbSqlSession  - flush summary: 0 insert, 0 update, 0 delete.
10:48:05,412 [Thread-103] DEBUG org.activiti.engine.impl.db.DbSqlSession  - now executing flush...
10:48:05,412 [Thread-103] DEBUG org.activiti.engine.impl.cfg.standalone.StandaloneMybatisTransactionContext  - firing event committing...
10:48:05,412 [Thread-103] DEBUG org.activiti.engine.impl.cfg.standalone.StandaloneMybatisTransactionContext  - committing the ibatis sql session...
10:48:05,412 [Thread-103] DEBUG org.activiti.engine.impl.cfg.standalone.StandaloneMybatisTransactionContext  - firing event committed...
10:48:05,412 [Thread-103] DEBUG org.apache.ibatis.transaction.jdbc.JdbcTransaction  - Resetting autocommit to true on JDBC Connection [conn61: url=jdbc:h2:mem:activiti-AsyncExecutorTest user=SA]
10:48:05,413 [Thread-103] DEBUG org.apache.ibatis.transaction.jdbc.JdbcTransaction  - Closing JDBC Connection [conn61: url=jdbc:h2:mem:activiti-AsyncExecutorTest user=SA]
10:48:05,413 [Thread-103] DEBUG org.apache.ibatis.datasource.pooled.PooledDataSource  - Returned connection 157985567 to pool.
10:48:05,412 [Thread-112] DEBUG org.apache.ibatis.transaction.jdbc.JdbcTransaction  - Resetting autocommit to true on JDBC Connection [conn69: url=jdbc:h2:mem:activiti-AsyncExecutorTest user=SA]
10:48:05,413 [Thread-112] DEBUG org.apache.ibatis.transaction.jdbc.JdbcTransaction  - Closing JDBC Connection [conn69: url=jdbc:h2:mem:activiti-AsyncExecutorTest user=SA]
10:48:05,413 [Thread-112] DEBUG org.apache.ibatis.datasource.pooled.PooledDataSource  - Returned connection 1863805930 to pool.
10:48:05,412 [main] DEBUG org.activiti.engine.impl.db.DbSqlSession  -   insert VariableInstanceEntity[id=5574, name=var14, type=integer, longValue=14, textValue=14]
10:48:05,413 [main] DEBUG org.activiti.engine.impl.db.DbSqlSession  -   insert VariableInstanceEntity[id=5575, name=var15, type=integer, longValue=15, textValue=15]
10:48:05,413 [main] DEBUG org.activiti.engine.impl.db.DbSqlSession  -   insert VariableInstanceEntity[id=5576, name=var1774, type=integer, longValue=1774, textValue=1774]
10:48:05,413 [main] DEBUG org.activiti.engine.impl.db.DbSqlSession  -   insert VariableInstanceEntity[id=5577, name=var1775, type=integer, longValue=1775, textValue=1775]
10:48:05,413 [main] DEBUG org.activiti.engine.impl.db.DbSqlSession  -   insert VariableInstanceEntity[id=5578, name=var10, type=integer, longValue=10, textValue=10]
10:48:05,413 [main] DEBUG org.activiti.engine.impl.db.DbSqlSession  -   insert VariableInstanceEntity[id=5579, name=var1772, type=integer, longValue=1772, textValue=1772]
10:48:05,413 [main] DEBUG org.activiti.engine.impl.db.DbSqlSession  -   insert VariableInstanceEntity[id=5580, name=var11, type=integer, longValue=11, textValue=11]
10:48:05,413 [main] DEBUG org.activiti.engine.impl.db.DbSqlSession  -   insert VariableInstanceEntity[id=5581, name=var1773, type=integer, longValue=1773, textValue=1773]
10:48:05,413 [main] DEBUG org.activiti.engine.impl.db.DbSqlSession  -   insert VariableInstanceEntity[id=5582, name=var1778, type=integer, longValue=1778, textValue=1778]
10:48:05,413 [main] DEBUG org.activiti.engine.impl.db.DbSqlSession  -   insert VariableInstanceEntity[id=5583, name=var1779, type=integer, longValue=1779, textValue=1779]
10:48:05,413 [main] DEBUG org.activiti.engine.impl.db.DbSqlSession  -   insert VariableInstanceEntity[id=5584, name=var1776, type=integer, longValue=1776, textValue=1776]
10:48:05,413 [main] DEBUG org.activiti.engine.impl.db.DbSqlSession  -   insert VariableInstanceEntity[id=5585, name=var1777, type=integer, longValue=1777, textValue=1777]
10:48:05,413 [main] DEBUG org.activiti.engine.impl.db.DbSqlSession  -   insert VariableInstanceEntity[id=5586, name=var49, type=integer, longValue=49, textValue=49]
10:48:05,413 [main] DEBUG org.activiti.engine.impl.db.DbSqlSession  -   insert VariableInstanceEntity[id=5587, name=var45, type=integer, longValue=45, textValue=45]
10:48:05,413 [main] DEBUG org.activiti.engine.impl.db.DbSqlSession  -   insert VariableInstanceEntity[id=5588, name=var1781, type=integer, longValue=1781, textValue=1781]
10:48:05,413 [main] DEBUG org.activiti.engine.impl.db.DbSqlSession  -   insert VariableInstanceEntity[id=5589, name=var46, type=integer, longValue=46, textValue=46]
10:48:05,413 [main] DEBUG org.activiti.engine.impl.db.DbSqlSession  -   insert VariableInstanceEntity[id=5590, name=var1782, type=integer, longValue=1782, textValue=1782]
10:48:05,413 [main] DEBUG org.activiti.engine.impl.db.DbSqlSession  -   insert VariableInstanceEntity[id=5591, name=var47, type=integer, longValue=47, textValue=47]
10:48:05,413 [main] DEBUG org.activiti.engine.impl.db.DbSqlSession  -   insert VariableInstanceEntity[id=5592, name=var48, type=integer, longValue=48, textValue=48]
10:48:05,413 [main] DEBUG org.activiti.engine.impl.db.DbSqlSession  -   insert VariableInstanceEntity[id=5593, name=var1780, type=integer, longValue=1780, textValue=1780]
10:48:05,413 [main] DEBUG org.activiti.engine.impl.db.DbSqlSession  -   insert VariableInstanceEntity[id=5594, name=var41, type=integer, longValue=41, textValue=41]
10:48:05,413 [main] DEBUG org.activiti.engine.impl.db.DbSqlSession  -   insert VariableInstanceEntity[id=5595, name=var1785, type=integer, longValue=1785, textValue=1785]
10:48:05,413 [main] DEBUG org.activiti.engine.impl.db.DbSqlSession  -   insert VariableInstanceEntity[id=5596, name=var42, type=integer, longValue=42, textValue=42]
10:48:05,413 [main] DEBUG org.activiti.engine.impl.db.DbSqlSession  -   insert VariableInstanceEntity[id=5597, name=var1786, type=integer, longValue=1786, textValue=1786]
10:48:05,413 [main] DEBUG org.activiti.engine.impl.db.DbSqlSession  -   insert VariableInstanceEntity[id=5598, name=var43, type=integer, longValue=43, textValue=43]
10:48:05,413 [main] DEBUG org.activiti.engine.impl.db.DbSqlSession  -   insert VariableInstanceEntity[id=5599, name=var1783, type=integer, longValue=1783, textValue=1783]
10:48:05,413 [main] DEBUG org.activiti.engine.impl.db.DbSqlSession  -   insert VariableInstanceEntity[id=5600, name=var44, type=integer, longValue=44, textValue=44]
10:48:05,413 [main] DEBUG org.activiti.engine.impl.db.DbSqlSession  -   insert VariableInstanceEntity[id=5601, name=var1784, type=integer, longValue=1784, textValue=1784]
10:48:05,413 [main] DEBUG org.activiti.engine.impl.db.DbSqlSession  -   insert VariableInstanceEntity[id=5602, name=var1789, type=integer, longValue=1789, textValue=1789]
10:48:05,413 [main] DEBUG org.activiti.engine.impl.db.DbSqlSession  -   insert VariableInstanceEntity[id=5603, name=var1787, type=integer, longValue=1787, textValue=1787]
10:48:05,413 [main] DEBUG org.activiti.engine.impl.db.DbSqlSession  -   insert VariableInstanceEntity[id=5604, name=var40, type=integer, longValue=40, textValue=40]
10:48:05,413 [main] DEBUG org.activiti.engine.impl.db.DbSqlSession  -   insert VariableInstanceEntity[id=5605, name=var1788, type=integer, longValue=1788, textValue=1788]
10:48:05,413 [main] DEBUG org.activiti.engine.impl.db.DbSqlSession  -   insert VariableInstanceEntity[id=5606, name=var38, type=integer, longValue=38, textValue=38]
10:48:05,413 [main] DEBUG org.activiti.engine.impl.db.DbSqlSession  -   insert VariableInstanceEntity[id=5607, name=var39, type=integer, longValue=39, textValue=39]
10:48:05,413 [main] DEBUG org.activiti.engine.impl.db.DbSqlSession  -   insert VariableInstanceEntity[id=5608, name=var34, type=integer, longValue=34, textValue=34]
10:48:05,413 [main] DEBUG org.activiti.engine.impl.db.DbSqlSession  -   insert VariableInstanceEntity[id=5609, name=var1792, type=integer, longValue=1792, textValue=1792]
10:48:05,414 [main] DEBUG org.activiti.engine.impl.db.DbSqlSession  -   insert VariableInstanceEntity[id=5610, name=var35, type=integer, longValue=35, textValue=35]
10:48:05,414 [main] DEBUG org.activiti.engine.impl.db.DbSqlSession  -   insert VariableInstanceEntity[id=5611, name=var1793, type=integer, longValue=1793, textValue=1793]
10:48:05,414 [main] DEBUG org.activiti.engine.impl.db.DbSqlSession  -   insert VariableInstanceEntity[id=5612, name=var36, type=integer, longValue=36, textValue=36]
10:48:05,414 [main] DEBUG org.activiti.engine.impl.db.DbSqlSession  -   insert VariableInstanceEntity[id=5613, name=var1790, type=integer, longValue=1790, textValue=1790]
10:48:05,414 [main] DEBUG org.activiti.engine.impl.db.DbSqlSession  -   insert VariableInstanceEntity[id=5614, name=var37, type=integer, longValue=37, textValue=37]
10:48:05,414 [main] DEBUG org.activiti.engine.impl.db.DbSqlSession  -   insert VariableInstanceEntity[id=5615, name=var1791, type=integer, longValue=1791, textValue=1791]
10:48:05,414 [main] DEBUG org.activiti.engine.impl.db.DbSqlSession  -   insert VariableInstanceEntity[id=5616, name=var30, type=integer, longValue=30, textValue=30]
10:48:05,414 [main] DEBUG org.activiti.engine.impl.db.DbSqlSession  -   insert VariableInstanceEntity[id=5617, name=var1796, type=integer, longValue=1796, textValue=1796]
10:48:05,414 [main] DEBUG org.activiti.engine.impl.db.DbSqlSession  -   insert VariableInstanceEntity[id=5618, name=var31, type=integer, longValue=31, textValue=31]
10:48:05,414 [main] DEBUG org.activiti.engine.impl.db.DbSqlSession  -   insert VariableInstanceEntity[id=5619, name=var1797, type=integer, longValue=1797, textValue=1797]
10:48:05,414 [main] DEBUG org.activiti.engine.impl.db.DbSqlSession  -   insert VariableInstanceEntity[id=5620, name=var32, type=integer, longValue=32, textValue=32]
10:48:05,414 [main] DEBUG org.activiti.engine.impl.db.DbSqlSession  -   insert VariableInstanceEntity[id=5621, name=var1794, type=integer, longValue=1794, textValue=1794]
10:48:05,414 [main] DEBUG org.activiti.engine.impl.db.DbSqlSession  -   insert VariableInstanceEntity[id=5622, name=var33, type=integer, longValue=33, textValue=33]
10:48:05,413 [Thread-112] DEBUG org.activiti.engine.impl.interceptor.LogInterceptor  - --- AcquireAsyncJobsDueCmd finished --------------------------------------------------------
10:48:05,414 [Thread-112] DEBUG org.activiti.engine.impl.interceptor.LogInterceptor  - 

10:48:05,413 [Thread-103] DEBUG org.activiti.engine.impl.interceptor.LogInterceptor  - --- AcquireAsyncJobsDueCmd finished --------------------------------------------------------
10:48:05,414 [Thread-103] DEBUG org.activiti.engine.impl.interceptor.LogInterceptor  - 

10:48:05,412 [Thread-106] DEBUG org.apache.ibatis.datasource.pooled.PooledDataSource  - Returned connection 1970103261 to pool.
10:48:05,412 [Thread-111] DEBUG org.apache.ibatis.transaction.jdbc.JdbcTransaction  - Setting autocommit to false on JDBC Connection [conn70: url=jdbc:h2:mem:activiti-AsyncExecutorTest user=SA]
10:48:05,414 [Thread-105] DEBUG org.apache.ibatis.datasource.pooled.PooledDataSource  - Returned connection 54468349 to pool.
10:48:05,414 [Thread-105] DEBUG org.activiti.engine.impl.interceptor.LogInterceptor  - --- AcquireTimerJobsCmd finished --------------------------------------------------------
10:48:05,414 [Thread-105] DEBUG org.activiti.engine.impl.interceptor.LogInterceptor  - 

10:48:05,414 [Thread-106] DEBUG org.activiti.engine.impl.interceptor.LogInterceptor  - --- AcquireAsyncJobsDueCmd finished --------------------------------------------------------
10:48:05,414 [Thread-106] DEBUG org.activiti.engine.impl.interceptor.LogInterceptor  - 

10:48:05,414 [Thread-103] DEBUG org.activiti.engine.impl.asyncexecutor.AcquireAsyncJobsDueRunnable  - async job acquisition thread sleeping for 50 millis
10:48:05,414 [Thread-112] DEBUG org.activiti.engine.impl.asyncexecutor.AcquireAsyncJobsDueRunnable  - async job acquisition thread sleeping for 50 millis
10:48:05,414 [main] DEBUG org.activiti.engine.impl.db.DbSqlSession  -   insert VariableInstanceEntity[id=5623, name=var1795, type=integer, longValue=1795, textValue=1795]
10:48:05,414 [main] DEBUG org.activiti.engine.impl.db.DbSqlSession  -   insert VariableInstanceEntity[id=5624, name=var1798, type=integer, longValue=1798, textValue=1798]
10:48:05,414 [main] DEBUG org.activiti.engine.impl.db.DbSqlSession  -   insert VariableInstanceEntity[id=5625, name=var1799, type=integer, longValue=1799, textValue=1799]
10:48:05,414 [main] DEBUG org.activiti.engine.impl.db.DbSqlSession  -   insert VariableInstanceEntity[id=5626, name=var3502, type=integer, longValue=3502, textValue=3502]
10:48:05,414 [main] DEBUG org.activiti.engine.impl.db.DbSqlSession  -   insert VariableInstanceEntity[id=5627, name=var3501, type=integer, longValue=3501, textValue=3501]
10:48:05,415 [main] DEBUG org.activiti.engine.impl.db.DbSqlSession  -   insert VariableInstanceEntity[id=5628, name=var3500, type=integer, longValue=3500, textValue=3500]
10:48:05,415 [main] DEBUG org.activiti.engine.impl.db.DbSqlSession  -   insert VariableInstanceEntity[id=5629, name=var3506, type=integer, longValue=3506, textValue=3506]
10:48:05,415 [main] DEBUG org.activiti.engine.impl.db.DbSqlSession  -   insert VariableInstanceEntity[id=5630, name=var3505, type=integer, longValue=3505, textValue=3505]
10:48:05,415 [main] DEBUG org.activiti.engine.impl.db.DbSqlSession  -   insert VariableInstanceEntity[id=5631, name=var3504, type=integer, longValue=3504, textValue=3504]
10:48:05,415 [main] DEBUG org.activiti.engine.impl.db.DbSqlSession  -   insert VariableInstanceEntity[id=5632, name=var3503, type=integer, longValue=3503, textValue=3503]
10:48:05,415 [main] DEBUG org.activiti.engine.impl.db.DbSqlSession  -   insert VariableInstanceEntity[id=5633, name=var3509, type=integer, longValue=3509, textValue=3509]
10:48:05,415 [main] DEBUG org.activiti.engine.impl.db.DbSqlSession  -   insert VariableInstanceEntity[id=5634, name=var3508, type=integer, longValue=3508, textValue=3508]
10:48:05,415 [main] DEBUG org.activiti.engine.impl.db.DbSqlSession  -   insert VariableInstanceEntity[id=5635, name=var3507, type=integer, longValue=3507, textValue=3507]
10:48:05,415 [main] DEBUG org.activiti.engine.impl.db.DbSqlSession  -   insert VariableInstanceEntity[id=5636, name=var3513, type=integer, longValue=3513, textValue=3513]
10:48:05,415 [main] DEBUG org.activiti.engine.impl.db.DbSqlSession  -   insert VariableInstanceEntity[id=5637, name=var3512, type=integer, longValue=3512, textValue=3512]
10:48:05,415 [main] DEBUG org.activiti.engine.impl.db.DbSqlSession  -   insert VariableInstanceEntity[id=5638, name=var3511, type=integer, longValue=3511, textValue=3511]
10:48:05,415 [main] DEBUG org.activiti.engine.impl.db.DbSqlSession  -   insert VariableInstanceEntity[id=5639, name=var3510, type=integer, longValue=3510, textValue=3510]
10:48:05,415 [main] DEBUG org.activiti.engine.impl.db.DbSqlSession  -   insert VariableInstanceEntity[id=5640, name=var3517, type=integer, longValue=3517, textValue=3517]
10:48:05,415 [main] DEBUG org.activiti.engine.impl.db.DbSqlSession  -   insert VariableInstanceEntity[id=5641, name=var3516, type=integer, longValue=3516, textValue=3516]
10:48:05,415 [main] DEBUG org.activiti.engine.impl.db.DbSqlSession  -   insert VariableInstanceEntity[id=5642, name=var3515, type=integer, longValue=3515, textValue=3515]
10:48:05,415 [main] DEBUG org.activiti.engine.impl.db.DbSqlSession  -   insert VariableInstanceEntity[id=5643, name=var3514, type=integer, longValue=3514, textValue=3514]
10:48:05,415 [main] DEBUG org.activiti.engine.impl.db.DbSqlSession  -   insert VariableInstanceEntity[id=5644, name=var3519, type=integer, longValue=3519, textValue=3519]
10:48:05,415 [main] DEBUG org.activiti.engine.impl.db.DbSqlSession  -   insert VariableInstanceEntity[id=5645, name=var3518, type=integer, longValue=3518, textValue=3518]
10:48:05,415 [main] DEBUG org.activiti.engine.impl.db.DbSqlSession  -   insert VariableInstanceEntity[id=5646, name=var3520, type=integer, longValue=3520, textValue=3520]
10:48:05,415 [main] DEBUG org.activiti.engine.impl.db.DbSqlSession  -   insert VariableInstanceEntity[id=5647, name=var3524, type=integer, longValue=3524, textValue=3524]
10:48:05,415 [main] DEBUG org.activiti.engine.impl.db.DbSqlSession  -   insert VariableInstanceEntity[id=5648, name=var3523, type=integer, longValue=3523, textValue=3523]
10:48:05,415 [main] DEBUG org.activiti.engine.impl.db.DbSqlSession  -   insert VariableInstanceEntity[id=5649, name=var3522, type=integer, longValue=3522, textValue=3522]
10:48:05,415 [main] DEBUG org.activiti.engine.impl.db.DbSqlSession  -   insert VariableInstanceEntity[id=5650, name=var3521, type=integer, longValue=3521, textValue=3521]
10:48:05,415 [main] DEBUG org.activiti.engine.impl.db.DbSqlSession  -   insert VariableInstanceEntity[id=5651, name=var3528, type=integer, longValue=3528, textValue=3528]
10:48:05,415 [main] DEBUG org.activiti.engine.impl.db.DbSqlSession  -   insert VariableInstanceEntity[id=5652, name=var3527, type=integer, longValue=3527, textValue=3527]
10:48:05,415 [main] DEBUG org.activiti.engine.impl.db.DbSqlSession  -   insert VariableInstanceEntity[id=5653, name=var3526, type=integer, longValue=3526, textValue=3526]
10:48:05,415 [main] DEBUG org.activiti.engine.impl.db.DbSqlSession  -   insert VariableInstanceEntity[id=5654, name=var3525, type=integer, longValue=3525, textValue=3525]
10:48:05,415 [main] DEBUG org.activiti.engine.impl.db.DbSqlSession  -   insert VariableInstanceEntity[id=5655, name=var3529, type=integer, longValue=3529, textValue=3529]
10:48:05,415 [main] DEBUG org.activiti.engine.impl.db.DbSqlSession  -   insert VariableInstanceEntity[id=5656, name=var2200, type=integer, longValue=2200, textValue=2200]
10:48:05,415 [main] DEBUG org.activiti.engine.impl.db.DbSqlSession  -   insert VariableInstanceEntity[id=5657, name=var3531, type=integer, longValue=3531, textValue=3531]
10:48:05,415 [main] DEBUG org.activiti.engine.impl.db.DbSqlSession  -   insert VariableInstanceEntity[id=5658, name=var3530, type=integer, longValue=3530, textValue=3530]
10:48:05,415 [main] DEBUG org.activiti.engine.impl.db.DbSqlSession  -   insert VariableInstanceEntity[id=5659, name=var2204, type=integer, longValue=2204, textValue=2204]
10:48:05,415 [main] DEBUG org.activiti.engine.impl.db.DbSqlSession  -   insert VariableInstanceEntity[id=5660, name=var3535, type=integer, longValue=3535, textValue=3535]
10:48:05,415 [main] DEBUG org.activiti.engine.impl.db.DbSqlSession  -   insert VariableInstanceEntity[id=5661, name=var2203, type=integer, longValue=2203, textValue=2203]
10:48:05,415 [main] DEBUG org.activiti.engine.impl.db.DbSqlSession  -   insert VariableInstanceEntity[id=5662, name=var3534, type=integer, longValue=3534, textValue=3534]
10:48:05,415 [main] DEBUG org.activiti.engine.impl.db.DbSqlSession  -   insert VariableInstanceEntity[id=5663, name=var2202, type=integer, longValue=2202, textValue=2202]
10:48:05,415 [main] DEBUG org.activiti.engine.impl.db.DbSqlSession  -   insert VariableInstanceEntity[id=5664, name=var3533, type=integer, longValue=3533, textValue=3533]
10:48:05,415 [main] DEBUG org.activiti.engine.impl.db.DbSqlSession  -   insert VariableInstanceEntity[id=5665, name=var2201, type=integer, longValue=2201, textValue=2201]
10:48:05,415 [main] DEBUG org.activiti.engine.impl.db.DbSqlSession  -   insert VariableInstanceEntity[id=5666, name=var3532, type=integer, longValue=3532, textValue=3532]
10:48:05,415 [main] DEBUG org.activiti.engine.impl.db.DbSqlSession  -   insert VariableInstanceEntity[id=5667, name=var2208, type=integer, longValue=2208, textValue=2208]
10:48:05,415 [main] DEBUG org.activiti.engine.impl.db.DbSqlSession  -   insert VariableInstanceEntity[id=5668, name=var3539, type=integer, longValue=3539, textValue=3539]
10:48:05,415 [main] DEBUG org.activiti.engine.impl.db.DbSqlSession  -   insert VariableInstanceEntity[id=5669, name=var2207, type=integer, longValue=2207, textValue=2207]
10:48:05,415 [main] DEBUG org.activiti.engine.impl.db.DbSqlSession  -   insert VariableInstanceEntity[id=5670, name=var3538, type=integer, longValue=3538, textValue=3538]
10:48:05,415 [main] DEBUG org.activiti.engine.impl.db.DbSqlSession  -   insert VariableInstanceEntity[id=5671, name=var2206, type=integer, longValue=2206, textValue=2206]
10:48:05,415 [main] DEBUG org.activiti.engine.impl.db.DbSqlSession  -   insert VariableInstanceEntity[id=5672, name=var3537, type=integer, longValue=3537, textValue=3537]
10:48:05,415 [main] DEBUG org.activiti.engine.impl.db.DbSqlSession  -   insert VariableInstanceEntity[id=5673, name=var2205, type=integer, longValue=2205, textValue=2205]
10:48:05,415 [main] DEBUG org.activiti.engine.impl.db.DbSqlSession  -   insert VariableInstanceEntity[id=5674, name=var3536, type=integer, longValue=3536, textValue=3536]
10:48:05,415 [main] DEBUG org.activiti.engine.impl.db.DbSqlSession  -   insert VariableInstanceEntity[id=5675, name=var2209, type=integer, longValue=2209, textValue=2209]
10:48:05,415 [main] DEBUG org.activiti.engine.impl.db.DbSqlSession  -   insert VariableInstanceEntity[id=5676, name=var3421, type=integer, longValue=3421, textValue=3421]
10:48:05,416 [main] DEBUG org.activiti.engine.impl.db.DbSqlSession  -   insert VariableInstanceEntity[id=5677, name=var3420, type=integer, longValue=3420, textValue=3420]
10:48:05,416 [main] DEBUG org.activiti.engine.impl.db.DbSqlSession  -   insert VariableInstanceEntity[id=5678, name=var3425, type=integer, longValue=3425, textValue=3425]
10:48:05,416 [main] DEBUG org.activiti.engine.impl.db.DbSqlSession  -   insert VariableInstanceEntity[id=5679, name=var3424, type=integer, longValue=3424, textValue=3424]
10:48:05,416 [main] DEBUG org.activiti.engine.impl.db.DbSqlSession  -   insert VariableInstanceEntity[id=5680, name=var3423, type=integer, longValue=3423, textValue=3423]
10:48:05,416 [main] DEBUG org.activiti.engine.impl.db.DbSqlSession  -   insert VariableInstanceEntity[id=5681, name=var3422, type=integer, longValue=3422, textValue=3422]
10:48:05,416 [main] DEBUG org.activiti.engine.impl.db.DbSqlSession  -   insert VariableInstanceEntity[id=5682, name=var3429, type=integer, longValue=3429, textValue=3429]
10:48:05,416 [main] DEBUG org.activiti.engine.impl.db.DbSqlSession  -   insert VariableInstanceEntity[id=5683, name=var3428, type=integer, longValue=3428, textValue=3428]
10:48:05,416 [main] DEBUG org.activiti.engine.impl.db.DbSqlSession  -   insert VariableInstanceEntity[id=5684, name=var3427, type=integer, longValue=3427, textValue=3427]
10:48:05,416 [main] DEBUG org.activiti.engine.impl.db.DbSqlSession  -   insert VariableInstanceEntity[id=5685, name=var3426, type=integer, longValue=3426, textValue=3426]
10:48:05,416 [main] DEBUG org.activiti.engine.impl.db.DbSqlSession  -   insert VariableInstanceEntity[id=5686, name=var2101, type=integer, longValue=2101, textValue=2101]
10:48:05,416 [main] DEBUG org.activiti.engine.impl.db.DbSqlSession  -   insert VariableInstanceEntity[id=5687, name=var3432, type=integer, longValue=3432, textValue=3432]
10:48:05,416 [main] DEBUG org.activiti.engine.impl.db.DbSqlSession  -   insert VariableInstanceEntity[id=5688, name=var2100, type=integer, longValue=2100, textValue=2100]
10:48:05,416 [main] DEBUG org.activiti.engine.impl.db.DbSqlSession  -   insert VariableInstanceEntity[id=5689, name=var3431, type=integer, longValue=3431, textValue=3431]
10:48:05,416 [main] DEBUG org.activiti.engine.impl.db.DbSqlSession  -   insert VariableInstanceEntity[id=5690, name=var3430, type=integer, longValue=3430, textValue=3430]
10:48:05,416 [main] DEBUG org.activiti.engine.impl.db.DbSqlSession  -   insert VariableInstanceEntity[id=5691, name=var2105, type=integer, longValue=2105, textValue=2105]
10:48:05,416 [main] DEBUG org.activiti.engine.impl.db.DbSqlSession  -   insert VariableInstanceEntity[id=5692, name=var3436, type=integer, longValue=3436, textValue=3436]
10:48:05,416 [main] DEBUG org.activiti.engine.impl.db.DbSqlSession  -   insert VariableInstanceEntity[id=5693, name=var2104, type=integer, longValue=2104, textValue=2104]
10:48:05,416 [main] DEBUG org.activiti.engine.impl.db.DbSqlSession  -   insert VariableInstanceEntity[id=5694, name=var3435, type=integer, longValue=3435, textValue=3435]
10:48:05,416 [main] DEBUG org.activiti.engine.impl.db.DbSqlSession  -   insert VariableInstanceEntity[id=5695, name=var2103, type=integer, longValue=2103, textValue=2103]
10:48:05,416 [main] DEBUG org.activiti.engine.impl.db.DbSqlSession  -   insert VariableInstanceEntity[id=5696, name=var3434, type=integer, longValue=3434, textValue=3434]
10:48:05,416 [main] DEBUG org.activiti.engine.impl.db.DbSqlSession  -   insert VariableInstanceEntity[id=5697, name=var2102, type=integer, longValue=2102, textValue=2102]
10:48:05,416 [main] DEBUG org.activiti.engine.impl.db.DbSqlSession  -   insert VariableInstanceEntity[id=5698, name=var3433, type=integer, longValue=3433, textValue=3433]
10:48:05,416 [main] DEBUG org.activiti.engine.impl.db.DbSqlSession  -   insert VariableInstanceEntity[id=5699, name=var2109, type=integer, longValue=2109, textValue=2109]
10:48:05,416 [main] DEBUG org.activiti.engine.impl.db.DbSqlSession  -   insert VariableInstanceEntity[id=5700, name=var2108, type=integer, longValue=2108, textValue=2108]
10:48:05,416 [main] DEBUG org.activiti.engine.impl.db.DbSqlSession  -   insert VariableInstanceEntity[id=5701, name=var3439, type=integer, longValue=3439, textValue=3439]
10:48:05,416 [main] DEBUG org.activiti.engine.impl.db.DbSqlSession  -   insert VariableInstanceEntity[id=5702, name=var2107, type=integer, longValue=2107, textValue=2107]
10:48:05,416 [main] DEBUG org.activiti.engine.impl.db.DbSqlSession  -   insert VariableInstanceEntity[id=5703, name=var3438, type=integer, longValue=3438, textValue=3438]
10:48:05,416 [main] DEBUG org.activiti.engine.impl.db.DbSqlSession  -   insert VariableInstanceEntity[id=5704, name=var2106, type=integer, longValue=2106, textValue=2106]
10:48:05,416 [main] DEBUG org.activiti.engine.impl.db.DbSqlSession  -   insert VariableInstanceEntity[id=5705, name=var3437, type=integer, longValue=3437, textValue=3437]
10:48:05,416 [main] DEBUG org.activiti.engine.impl.db.DbSqlSession  -   insert VariableInstanceEntity[id=5706, name=var2112, type=integer, longValue=2112, textValue=2112]
10:48:05,416 [main] DEBUG org.activiti.engine.impl.db.DbSqlSession  -   insert VariableInstanceEntity[id=5707, name=var3443, type=integer, longValue=3443, textValue=3443]
10:48:05,416 [main] DEBUG org.activiti.engine.impl.db.DbSqlSession  -   insert VariableInstanceEntity[id=5708, name=var2111, type=integer, longValue=2111, textValue=2111]
10:48:05,416 [main] DEBUG org.activiti.engine.impl.db.DbSqlSession  -   insert VariableInstanceEntity[id=5709, name=var3442, type=integer, longValue=3442, textValue=3442]
10:48:05,416 [main] DEBUG org.activiti.engine.impl.db.DbSqlSession  -   insert VariableInstanceEntity[id=5710, name=var2110, type=integer, longValue=2110, textValue=2110]
10:48:05,416 [main] DEBUG org.activiti.engine.impl.db.DbSqlSession  -   insert VariableInstanceEntity[id=5711, name=var3441, type=integer, longValue=3441, textValue=3441]
10:48:05,416 [main] DEBUG org.activiti.engine.impl.db.DbSqlSession  -   insert VariableInstanceEntity[id=5712, name=var3440, type=integer, longValue=3440, textValue=3440]
10:48:05,416 [main] DEBUG org.activiti.engine.impl.db.DbSqlSession  -   insert VariableInstanceEntity[id=5713, name=var2116, type=integer, longValue=2116, textValue=2116]
10:48:05,416 [main] DEBUG org.activiti.engine.impl.db.DbSqlSession  -   insert VariableInstanceEntity[id=5714, name=var3447, type=integer, longValue=3447, textValue=3447]
10:48:05,416 [main] DEBUG org.activiti.engine.impl.db.DbSqlSession  -   insert VariableInstanceEntity[id=5715, name=var2115, type=integer, longValue=2115, textValue=2115]
10:48:05,416 [main] DEBUG org.activiti.engine.impl.db.DbSqlSession  -   insert VariableInstanceEntity[id=5716, name=var3446, type=integer, longValue=3446, textValue=3446]
10:48:05,416 [main] DEBUG org.activiti.engine.impl.db.DbSqlSession  -   insert VariableInstanceEntity[id=5717, name=var2114, type=integer, longValue=2114, textValue=2114]
10:48:05,416 [main] DEBUG org.activiti.engine.impl.db.DbSqlSession  -   insert VariableInstanceEntity[id=5718, name=var3445, type=integer, longValue=3445, textValue=3445]
10:48:05,416 [main] DEBUG org.activiti.engine.impl.db.DbSqlSession  -   insert VariableInstanceEntity[id=5719, name=var2113, type=integer, longValue=2113, textValue=2113]
10:48:05,416 [main] DEBUG org.activiti.engine.impl.db.DbSqlSession  -   insert VariableInstanceEntity[id=5720, name=var3444, type=integer, longValue=3444, textValue=3444]
10:48:05,416 [main] DEBUG org.activiti.engine.impl.db.DbSqlSession  -   insert VariableInstanceEntity[id=5721, name=var2119, type=integer, longValue=2119, textValue=2119]
10:48:05,416 [main] DEBUG org.activiti.engine.impl.db.DbSqlSession  -   insert VariableInstanceEntity[id=5722, name=var2118, type=integer, longValue=2118, textValue=2118]
10:48:05,416 [main] DEBUG org.activiti.engine.impl.db.DbSqlSession  -   insert VariableInstanceEntity[id=5723, name=var3449, type=integer, longValue=3449, textValue=3449]
10:48:05,416 [main] DEBUG org.activiti.engine.impl.db.DbSqlSession  -   insert VariableInstanceEntity[id=5724, name=var2117, type=integer, longValue=2117, textValue=2117]
10:48:05,416 [main] DEBUG org.activiti.engine.impl.db.DbSqlSession  -   insert VariableInstanceEntity[id=5725, name=var3448, type=integer, longValue=3448, textValue=3448]
10:48:05,414 [Thread-106] DEBUG org.activiti.engine.impl.asyncexecutor.AcquireAsyncJobsDueRunnable  - async job acquisition thread sleeping for 50 millis
10:48:05,414 [Thread-105] DEBUG org.activiti.engine.impl.asyncexecutor.AcquireTimerJobsRunnable  - timer job acquisition thread sleeping for 50 millis
10:48:05,414 [Thread-111] DEBUG org.activiti.engine.impl.persistence.entity.JobEntity.selectNextTimerJobsToExecute  - ==&gt;  Preparing: select RES.* from ACT_RU_JOB RES LEFT OUTER JOIN ACT_RU_EXECUTION PI ON PI.ID_ = RES.PROCESS_INSTANCE_ID_ where (RES.RETRIES_ &gt; 0) and (RES.DUEDATE_ is null or RES.DUEDATE_ &lt;= ?) and (RES.LOCK_OWNER_ is null or RES.LOCK_EXP_TIME_ &lt;= ?) and TYPE_ = &apos;timer&apos; and ( (RES.EXECUTION_ID_ is null) or (PI.SUSPENSION_STATE_ = 1) ) LIMIT ? OFFSET ? 
10:48:05,417 [main] DEBUG org.activiti.engine.impl.db.DbSqlSession  -   insert VariableInstanceEntity[id=5726, name=var3450, type=integer, longValue=3450, textValue=3450]
10:48:05,417 [main] DEBUG org.activiti.engine.impl.db.DbSqlSession  -   insert VariableInstanceEntity[id=5727, name=var2123, type=integer, longValue=2123, textValue=2123]
10:48:05,417 [main] DEBUG org.activiti.engine.impl.db.DbSqlSession  -   insert VariableInstanceEntity[id=5728, name=var3454, type=integer, longValue=3454, textValue=3454]
10:48:05,417 [main] DEBUG org.activiti.engine.impl.db.DbSqlSession  -   insert VariableInstanceEntity[id=5729, name=var2122, type=integer, longValue=2122, textValue=2122]
10:48:05,417 [main] DEBUG org.activiti.engine.impl.db.DbSqlSession  -   insert VariableInstanceEntity[id=5730, name=var3453, type=integer, longValue=3453, textValue=3453]
10:48:05,417 [main] DEBUG org.activiti.engine.impl.db.DbSqlSession  -   insert VariableInstanceEntity[id=5731, name=var2121, type=integer, longValue=2121, textValue=2121]
10:48:05,417 [main] DEBUG org.activiti.engine.impl.db.DbSqlSession  -   insert VariableInstanceEntity[id=5732, name=var3452, type=integer, longValue=3452, textValue=3452]
10:48:05,417 [main] DEBUG org.activiti.engine.impl.db.DbSqlSession  -   insert VariableInstanceEntity[id=5733, name=var2120, type=integer, longValue=2120, textValue=2120]
10:48:05,417 [main] DEBUG org.activiti.engine.impl.db.DbSqlSession  -   insert VariableInstanceEntity[id=5734, name=var3451, type=integer, longValue=3451, textValue=3451]
10:48:05,417 [main] DEBUG org.activiti.engine.impl.db.DbSqlSession  -   insert VariableInstanceEntity[id=5735, name=var2127, type=integer, longValue=2127, textValue=2127]
10:48:05,417 [main] DEBUG org.activiti.engine.impl.db.DbSqlSession  -   insert VariableInstanceEntity[id=5736, name=var3458, type=integer, longValue=3458, textValue=3458]
10:48:05,417 [main] DEBUG org.activiti.engine.impl.db.DbSqlSession  -   insert VariableInstanceEntity[id=5737, name=var2126, type=integer, longValue=2126, textValue=2126]
10:48:05,417 [main] DEBUG org.activiti.engine.impl.db.DbSqlSession  -   insert VariableInstanceEntity[id=5738, name=var3457, type=integer, longValue=3457, textValue=3457]
10:48:05,417 [main] DEBUG org.activiti.engine.impl.db.DbSqlSession  -   insert VariableInstanceEntity[id=5739, name=var2125, type=integer, longValue=2125, textValue=2125]
10:48:05,417 [main] DEBUG org.activiti.engine.impl.db.DbSqlSession  -   insert VariableInstanceEntity[id=5740, name=var3456, type=integer, longValue=3456, textValue=3456]
10:48:05,417 [main] DEBUG org.activiti.engine.impl.db.DbSqlSession  -   insert VariableInstanceEntity[id=5741, name=var2124, type=integer, longValue=2124, textValue=2124]
10:48:05,417 [main] DEBUG org.activiti.engine.impl.db.DbSqlSession  -   insert VariableInstanceEntity[id=5742, name=var3455, type=integer, longValue=3455, textValue=3455]
10:48:05,417 [main] DEBUG org.activiti.engine.impl.db.DbSqlSession  -   insert VariableInstanceEntity[id=5743, name=var2129, type=integer, longValue=2129, textValue=2129]
10:48:05,417 [main] DEBUG org.activiti.engine.impl.db.DbSqlSession  -   insert VariableInstanceEntity[id=5744, name=var2128, type=integer, longValue=2128, textValue=2128]
10:48:05,417 [main] DEBUG org.activiti.engine.impl.db.DbSqlSession  -   insert VariableInstanceEntity[id=5745, name=var3459, type=integer, longValue=3459, textValue=3459]
10:48:05,417 [main] DEBUG org.activiti.engine.impl.db.DbSqlSession  -   insert VariableInstanceEntity[id=5746, name=var2130, type=integer, longValue=2130, textValue=2130]
10:48:05,417 [main] DEBUG org.activiti.engine.impl.db.DbSqlSession  -   insert VariableInstanceEntity[id=5747, name=var3461, type=integer, longValue=3461, textValue=3461]
10:48:05,417 [main] DEBUG org.activiti.engine.impl.db.DbSqlSession  -   insert VariableInstanceEntity[id=5748, name=var3460, type=integer, longValue=3460, textValue=3460]
10:48:05,417 [main] DEBUG org.activiti.engine.impl.db.DbSqlSession  -   insert VariableInstanceEntity[id=5749, name=var2134, type=integer, longValue=2134, textValue=2134]
10:48:05,417 [main] DEBUG org.activiti.engine.impl.db.DbSqlSession  -   insert VariableInstanceEntity[id=5750, name=var3465, type=integer, longValue=3465, textValue=3465]
10:48:05,417 [main] DEBUG org.activiti.engine.impl.db.DbSqlSession  -   insert VariableInstanceEntity[id=5751, name=var2133, type=integer, longValue=2133, textValue=2133]
10:48:05,417 [main] DEBUG org.activiti.engine.impl.db.DbSqlSession  -   insert VariableInstanceEntity[id=5752, name=var3464, type=integer, longValue=3464, textValue=3464]
10:48:05,417 [main] DEBUG org.activiti.engine.impl.db.DbSqlSession  -   insert VariableInstanceEntity[id=5753, name=var2132, type=integer, longValue=2132, textValue=2132]
10:48:05,417 [main] DEBUG org.activiti.engine.impl.db.DbSqlSession  -   insert VariableInstanceEntity[id=5754, name=var3463, type=integer, longValue=3463, textValue=3463]
10:48:05,417 [main] DEBUG org.activiti.engine.impl.db.DbSqlSession  -   insert VariableInstanceEntity[id=5755, name=var2131, type=integer, longValue=2131, textValue=2131]
10:48:05,417 [main] DEBUG org.activiti.engine.impl.db.DbSqlSession  -   insert VariableInstanceEntity[id=5756, name=var3462, type=integer, longValue=3462, textValue=3462]
10:48:05,417 [main] DEBUG org.activiti.engine.impl.db.DbSqlSession  -   insert VariableInstanceEntity[id=5757, name=var2138, type=integer, longValue=2138, textValue=2138]
10:48:05,417 [main] DEBUG org.activiti.engine.impl.db.DbSqlSession  -   insert VariableInstanceEntity[id=5758, name=var3469, type=integer, longValue=3469, textValue=3469]
10:48:05,417 [main] DEBUG org.activiti.engine.impl.db.DbSqlSession  -   insert VariableInstanceEntity[id=5759, name=var2137, type=integer, longValue=2137, textValue=2137]
10:48:05,417 [main] DEBUG org.activiti.engine.impl.db.DbSqlSession  -   insert VariableInstanceEntity[id=5760, name=var3468, type=integer, longValue=3468, textValue=3468]
10:48:05,417 [main] DEBUG org.activiti.engine.impl.db.DbSqlSession  -   insert VariableInstanceEntity[id=5761, name=var2136, type=integer, longValue=2136, textValue=2136]
10:48:05,417 [main] DEBUG org.activiti.engine.impl.db.DbSqlSession  -   insert VariableInstanceEntity[id=5762, name=var3467, type=integer, longValue=3467, textValue=3467]
10:48:05,417 [main] DEBUG org.activiti.engine.impl.db.DbSqlSession  -   insert VariableInstanceEntity[id=5763, name=var2135, type=integer, longValue=2135, textValue=2135]
10:48:05,417 [main] DEBUG org.activiti.engine.impl.db.DbSqlSession  -   insert VariableInstanceEntity[id=5764, name=var3466, type=integer, longValue=3466, textValue=3466]
10:48:05,417 [main] DEBUG org.activiti.engine.impl.db.DbSqlSession  -   insert VariableInstanceEntity[id=5765, name=var2139, type=integer, longValue=2139, textValue=2139]
10:48:05,418 [main] DEBUG org.activiti.engine.impl.db.DbSqlSession  -   insert VariableInstanceEntity[id=5766, name=var2141, type=integer, longValue=2141, textValue=2141]
10:48:05,418 [main] DEBUG org.activiti.engine.impl.db.DbSqlSession  -   insert VariableInstanceEntity[id=5767, name=var3472, type=integer, longValue=3472, textValue=3472]
10:48:05,418 [main] DEBUG org.activiti.engine.impl.db.DbSqlSession  -   insert VariableInstanceEntity[id=5768, name=var2140, type=integer, longValue=2140, textValue=2140]
10:48:05,418 [main] DEBUG org.activiti.engine.impl.db.DbSqlSession  -   insert VariableInstanceEntity[id=5769, name=var3471, type=integer, longValue=3471, textValue=3471]
10:48:05,418 [main] DEBUG org.activiti.engine.impl.db.DbSqlSession  -   insert VariableInstanceEntity[id=5770, name=var3470, type=integer, longValue=3470, textValue=3470]
10:48:05,418 [main] DEBUG org.activiti.engine.impl.db.DbSqlSession  -   insert VariableInstanceEntity[id=5771, name=var2145, type=integer, longValue=2145, textValue=2145]
10:48:05,418 [main] DEBUG org.activiti.engine.impl.db.DbSqlSession  -   insert VariableInstanceEntity[id=5772, name=var3476, type=integer, longValue=3476, textValue=3476]
10:48:05,418 [main] DEBUG org.activiti.engine.impl.db.DbSqlSession  -   insert VariableInstanceEntity[id=5773, name=var2144, type=integer, longValue=2144, textValue=2144]
10:48:05,418 [main] DEBUG org.activiti.engine.impl.db.DbSqlSession  -   insert VariableInstanceEntity[id=5774, name=var3475, type=integer, longValue=3475, textValue=3475]
10:48:05,418 [main] DEBUG org.activiti.engine.impl.db.DbSqlSession  -   insert VariableInstanceEntity[id=5775, name=var2143, type=integer, longValue=2143, textValue=2143]
10:48:05,418 [main] DEBUG org.activiti.engine.impl.db.DbSqlSession  -   insert VariableInstanceEntity[id=5776, name=var3474, type=integer, longValue=3474, textValue=3474]
10:48:05,418 [main] DEBUG org.activiti.engine.impl.db.DbSqlSession  -   insert VariableInstanceEntity[id=5777, name=var2142, type=integer, longValue=2142, textValue=2142]
10:48:05,418 [main] DEBUG org.activiti.engine.impl.db.DbSqlSession  -   insert VariableInstanceEntity[id=5778, name=var3473, type=integer, longValue=3473, textValue=3473]
10:48:05,418 [main] DEBUG org.activiti.engine.impl.db.DbSqlSession  -   insert VariableInstanceEntity[id=5779, name=var2149, type=integer, longValue=2149, textValue=2149]
10:48:05,418 [main] DEBUG org.activiti.engine.impl.db.DbSqlSession  -   insert VariableInstanceEntity[id=5780, name=var2148, type=integer, longValue=2148, textValue=2148]
10:48:05,418 [main] DEBUG org.activiti.engine.impl.db.DbSqlSession  -   insert VariableInstanceEntity[id=5781, name=var3479, type=integer, longValue=3479, textValue=3479]
10:48:05,418 [main] DEBUG org.activiti.engine.impl.db.DbSqlSession  -   insert VariableInstanceEntity[id=5782, name=var2147, type=integer, longValue=2147, textValue=2147]
10:48:05,418 [main] DEBUG org.activiti.engine.impl.db.DbSqlSession  -   insert VariableInstanceEntity[id=5783, name=var3478, type=integer, longValue=3478, textValue=3478]
10:48:05,418 [main] DEBUG org.activiti.engine.impl.db.DbSqlSession  -   insert VariableInstanceEntity[id=5784, name=var2146, type=integer, longValue=2146, textValue=2146]
10:48:05,418 [main] DEBUG org.activiti.engine.impl.db.DbSqlSession  -   insert VariableInstanceEntity[id=5785, name=var3477, type=integer, longValue=3477, textValue=3477]
10:48:05,418 [main] DEBUG org.activiti.engine.impl.db.DbSqlSession  -   insert VariableInstanceEntity[id=5786, name=var2152, type=integer, longValue=2152, textValue=2152]
10:48:05,418 [main] DEBUG org.activiti.engine.impl.db.DbSqlSession  -   insert VariableInstanceEntity[id=5787, name=var3483, type=integer, longValue=3483, textValue=3483]
10:48:05,418 [main] DEBUG org.activiti.engine.impl.db.DbSqlSession  -   insert VariableInstanceEntity[id=5788, name=var2151, type=integer, longValue=2151, textValue=2151]
10:48:05,418 [main] DEBUG org.activiti.engine.impl.db.DbSqlSession  -   insert VariableInstanceEntity[id=5789, name=var3482, type=integer, longValue=3482, textValue=3482]
10:48:05,418 [main] DEBUG org.activiti.engine.impl.db.DbSqlSession  -   insert VariableInstanceEntity[id=5790, name=var2150, type=integer, longValue=2150, textValue=2150]
10:48:05,418 [main] DEBUG org.activiti.engine.impl.db.DbSqlSession  -   insert VariableInstanceEntity[id=5791, name=var3481, type=integer, longValue=3481, textValue=3481]
10:48:05,418 [main] DEBUG org.activiti.engine.impl.db.DbSqlSession  -   insert VariableInstanceEntity[id=5792, name=var3480, type=integer, longValue=3480, textValue=3480]
10:48:05,418 [main] DEBUG org.activiti.engine.impl.db.DbSqlSession  -   insert VariableInstanceEntity[id=5793, name=var2156, type=integer, longValue=2156, textValue=2156]
10:48:05,418 [main] DEBUG org.activiti.engine.impl.db.DbSqlSession  -   insert VariableInstanceEntity[id=5794, name=var3487, type=integer, longValue=3487, textValue=3487]
10:48:05,418 [main] DEBUG org.activiti.engine.impl.db.DbSqlSession  -   insert VariableInstanceEntity[id=5795, name=var2155, type=integer, longValue=2155, textValue=2155]
10:48:05,418 [main] DEBUG org.activiti.engine.impl.db.DbSqlSession  -   insert VariableInstanceEntity[id=5796, name=var3486, type=integer, longValue=3486, textValue=3486]
10:48:05,418 [main] DEBUG org.activiti.engine.impl.db.DbSqlSession  -   insert VariableInstanceEntity[id=5797, name=var2154, type=integer, longValue=2154, textValue=2154]
10:48:05,418 [main] DEBUG org.activiti.engine.impl.db.DbSqlSession  -   insert VariableInstanceEntity[id=5798, name=var3485, type=integer, longValue=3485, textValue=3485]
10:48:05,418 [main] DEBUG org.activiti.engine.impl.db.DbSqlSession  -   insert VariableInstanceEntity[id=5799, name=var2153, type=integer, longValue=2153, textValue=2153]
10:48:05,418 [main] DEBUG org.activiti.engine.impl.db.DbSqlSession  -   insert VariableInstanceEntity[id=5800, name=var3484, type=integer, longValue=3484, textValue=3484]
10:48:05,418 [main] DEBUG org.activiti.engine.impl.db.DbSqlSession  -   insert VariableInstanceEntity[id=5801, name=var2159, type=integer, longValue=2159, textValue=2159]
10:48:05,418 [main] DEBUG org.activiti.engine.impl.db.DbSqlSession  -   insert VariableInstanceEntity[id=5802, name=var2158, type=integer, longValue=2158, textValue=2158]
10:48:05,418 [main] DEBUG org.activiti.engine.impl.db.DbSqlSession  -   insert VariableInstanceEntity[id=5803, name=var3489, type=integer, longValue=3489, textValue=3489]
10:48:05,418 [main] DEBUG org.activiti.engine.impl.db.DbSqlSession  -   insert VariableInstanceEntity[id=5804, name=var2157, type=integer, longValue=2157, textValue=2157]
10:48:05,418 [main] DEBUG org.activiti.engine.impl.db.DbSqlSession  -   insert VariableInstanceEntity[id=5805, name=var3488, type=integer, longValue=3488, textValue=3488]
10:48:05,418 [main] DEBUG org.activiti.engine.impl.db.DbSqlSession  -   insert VariableInstanceEntity[id=5806, name=var3490, type=integer, longValue=3490, textValue=3490]
10:48:05,418 [main] DEBUG org.activiti.engine.impl.db.DbSqlSession  -   insert VariableInstanceEntity[id=5807, name=var2163, type=integer, longValue=2163, textValue=2163]
10:48:05,418 [main] DEBUG org.activiti.engine.impl.db.DbSqlSession  -   insert VariableInstanceEntity[id=5808, name=var3494, type=integer, longValue=3494, textValue=3494]
10:48:05,418 [main] DEBUG org.activiti.engine.impl.db.DbSqlSession  -   insert VariableInstanceEntity[id=5809, name=var2162, type=integer, longValue=2162, textValue=2162]
10:48:05,418 [main] DEBUG org.activiti.engine.impl.db.DbSqlSession  -   insert VariableInstanceEntity[id=5810, name=var3493, type=integer, longValue=3493, textValue=3493]
10:48:05,418 [main] DEBUG org.activiti.engine.impl.db.DbSqlSession  -   insert VariableInstanceEntity[id=5811, name=var2161, type=integer, longValue=2161, textValue=2161]
10:48:05,418 [main] DEBUG org.activiti.engine.impl.db.DbSqlSession  -   insert VariableInstanceEntity[id=5812, name=var3492, type=integer, longValue=3492, textValue=3492]
10:48:05,418 [main] DEBUG org.activiti.engine.impl.db.DbSqlSession  -   insert VariableInstanceEntity[id=5813, name=var2160, type=integer, longValue=2160, textValue=2160]
10:48:05,417 [Thread-111] DEBUG org.activiti.engine.impl.persistence.entity.JobEntity.selectNextTimerJobsToExecute  - ==&gt; Parameters: 2023-03-20 10:48:05.408(Timestamp), 2023-03-20 10:48:05.408(Timestamp), 1(Integer), 0(Integer)
10:48:05,419 [main] DEBUG org.activiti.engine.impl.db.DbSqlSession  -   insert VariableInstanceEntity[id=5814, name=var3491, type=integer, longValue=3491, textValue=3491]
10:48:05,419 [Thread-111] DEBUG org.activiti.engine.impl.persistence.entity.JobEntity.selectNextTimerJobsToExecute  - &lt;==      Total: 0
10:48:05,419 [main] DEBUG org.activiti.engine.impl.db.DbSqlSession  -   insert VariableInstanceEntity[id=5815, name=var2167, type=integer, longValue=2167, textValue=2167]
10:48:05,419 [main] DEBUG org.activiti.engine.impl.db.DbSqlSession  -   insert VariableInstanceEntity[id=5816, name=var3498, type=integer, longValue=3498, textValue=3498]
10:48:05,419 [main] DEBUG org.activiti.engine.impl.db.DbSqlSession  -   insert VariableInstanceEntity[id=5817, name=var2166, type=integer, longValue=2166, textValue=2166]
10:48:05,419 [main] DEBUG org.activiti.engine.impl.db.DbSqlSession  -   insert VariableInstanceEntity[id=5818, name=var3497, type=integer, longValue=3497, textValue=3497]
10:48:05,419 [main] DEBUG org.activiti.engine.impl.db.DbSqlSession  -   insert VariableInstanceEntity[id=5819, name=var2165, type=integer, longValue=2165, textValue=2165]
10:48:05,419 [main] DEBUG org.activiti.engine.impl.db.DbSqlSession  -   insert VariableInstanceEntity[id=5820, name=var3496, type=integer, longValue=3496, textValue=3496]
10:48:05,419 [main] DEBUG org.activiti.engine.impl.db.DbSqlSession  -   insert VariableInstanceEntity[id=5821, name=var2164, type=integer, longValue=2164, textValue=2164]
10:48:05,419 [main] DEBUG org.activiti.engine.impl.db.DbSqlSession  -   insert VariableInstanceEntity[id=5822, name=var3495, type=integer, longValue=3495, textValue=3495]
10:48:05,419 [main] DEBUG org.activiti.engine.impl.db.DbSqlSession  -   insert VariableInstanceEntity[id=5823, name=var2169, type=integer, longValue=2169, textValue=2169]
10:48:05,419 [main] DEBUG org.activiti.engine.impl.db.DbSqlSession  -   insert VariableInstanceEntity[id=5824, name=var2168, type=integer, longValue=2168, textValue=2168]
10:48:05,419 [main] DEBUG org.activiti.engine.impl.db.DbSqlSession  -   insert VariableInstanceEntity[id=5825, name=var3499, type=integer, longValue=3499, textValue=3499]
10:48:05,419 [main] DEBUG org.activiti.engine.impl.db.DbSqlSession  -   insert VariableInstanceEntity[id=5826, name=var2170, type=integer, longValue=2170, textValue=2170]
10:48:05,419 [main] DEBUG org.activiti.engine.impl.db.DbSqlSession  -   insert VariableInstanceEntity[id=5827, name=var262, type=integer, longValue=262, textValue=262]
10:48:05,419 [main] DEBUG org.activiti.engine.impl.db.DbSqlSession  -   insert VariableInstanceEntity[id=5828, name=var2174, type=integer, longValue=2174, textValue=2174]
10:48:05,419 [main] DEBUG org.activiti.engine.impl.db.DbSqlSession  -   insert VariableInstanceEntity[id=5829, name=var261, type=integer, longValue=261, textValue=261]
10:48:05,419 [main] DEBUG org.activiti.engine.impl.db.DbSqlSession  -   insert VariableInstanceEntity[id=5830, name=var2173, type=integer, longValue=2173, textValue=2173]
10:48:05,419 [main] DEBUG org.activiti.engine.impl.db.DbSqlSession  -   insert VariableInstanceEntity[id=5831, name=var260, type=integer, longValue=260, textValue=260]
10:48:05,419 [main] DEBUG org.activiti.engine.impl.db.DbSqlSession  -   insert VariableInstanceEntity[id=5832, name=var2172, type=integer, longValue=2172, textValue=2172]
10:48:05,419 [main] DEBUG org.activiti.engine.impl.db.DbSqlSession  -   insert VariableInstanceEntity[id=5833, name=var2171, type=integer, longValue=2171, textValue=2171]
10:48:05,419 [main] DEBUG org.activiti.engine.impl.db.DbSqlSession  -   insert VariableInstanceEntity[id=5834, name=var2178, type=integer, longValue=2178, textValue=2178]
10:48:05,419 [main] DEBUG org.activiti.engine.impl.db.DbSqlSession  -   insert VariableInstanceEntity[id=5835, name=var2177, type=integer, longValue=2177, textValue=2177]
10:48:05,419 [main] DEBUG org.activiti.engine.impl.db.DbSqlSession  -   insert VariableInstanceEntity[id=5836, name=var2176, type=integer, longValue=2176, textValue=2176]
10:48:05,419 [main] DEBUG org.activiti.engine.impl.db.DbSqlSession  -   insert VariableInstanceEntity[id=5837, name=var2175, type=integer, longValue=2175, textValue=2175]
10:48:05,419 [main] DEBUG org.activiti.engine.impl.db.DbSqlSession  -   insert VariableInstanceEntity[id=5838, name=var269, type=integer, longValue=269, textValue=269]
10:48:05,419 [main] DEBUG org.activiti.engine.impl.db.DbSqlSession  -   insert VariableInstanceEntity[id=5839, name=var268, type=integer, longValue=268, textValue=268]
10:48:05,419 [main] DEBUG org.activiti.engine.impl.db.DbSqlSession  -   insert VariableInstanceEntity[id=5840, name=var267, type=integer, longValue=267, textValue=267]
10:48:05,419 [main] DEBUG org.activiti.engine.impl.db.DbSqlSession  -   insert VariableInstanceEntity[id=5841, name=var2179, type=integer, longValue=2179, textValue=2179]
10:48:05,419 [main] DEBUG org.activiti.engine.impl.db.DbSqlSession  -   insert VariableInstanceEntity[id=5842, name=var266, type=integer, longValue=266, textValue=266]
10:48:05,419 [main] DEBUG org.activiti.engine.impl.db.DbSqlSession  -   insert VariableInstanceEntity[id=5843, name=var265, type=integer, longValue=265, textValue=265]
10:48:05,419 [main] DEBUG org.activiti.engine.impl.db.DbSqlSession  -   insert VariableInstanceEntity[id=5844, name=var264, type=integer, longValue=264, textValue=264]
10:48:05,419 [main] DEBUG org.activiti.engine.impl.db.DbSqlSession  -   insert VariableInstanceEntity[id=5845, name=var263, type=integer, longValue=263, textValue=263]
10:48:05,419 [main] DEBUG org.activiti.engine.impl.db.DbSqlSession  -   insert VariableInstanceEntity[id=5846, name=var2181, type=integer, longValue=2181, textValue=2181]
10:48:05,419 [main] DEBUG org.activiti.engine.impl.db.DbSqlSession  -   insert VariableInstanceEntity[id=5847, name=var2180, type=integer, longValue=2180, textValue=2180]
10:48:05,420 [main] DEBUG org.activiti.engine.impl.db.DbSqlSession  -   insert VariableInstanceEntity[id=5848, name=var251, type=integer, longValue=251, textValue=251]
10:48:05,420 [main] DEBUG org.activiti.engine.impl.db.DbSqlSession  -   insert VariableInstanceEntity[id=5849, name=var2185, type=integer, longValue=2185, textValue=2185]
10:48:05,420 [main] DEBUG org.activiti.engine.impl.db.DbSqlSession  -   insert VariableInstanceEntity[id=5850, name=var250, type=integer, longValue=250, textValue=250]
10:48:05,420 [main] DEBUG org.activiti.engine.impl.db.DbSqlSession  -   insert VariableInstanceEntity[id=5851, name=var2184, type=integer, longValue=2184, textValue=2184]
10:48:05,420 [main] DEBUG org.activiti.engine.impl.db.DbSqlSession  -   insert VariableInstanceEntity[id=5852, name=var2183, type=integer, longValue=2183, textValue=2183]
10:48:05,420 [main] DEBUG org.activiti.engine.impl.db.DbSqlSession  -   insert VariableInstanceEntity[id=5853, name=var2182, type=integer, longValue=2182, textValue=2182]
10:48:05,420 [main] DEBUG org.activiti.engine.impl.db.DbSqlSession  -   insert VariableInstanceEntity[id=5854, name=var2189, type=integer, longValue=2189, textValue=2189]
10:48:05,420 [main] DEBUG org.activiti.engine.impl.db.DbSqlSession  -   insert VariableInstanceEntity[id=5855, name=var2188, type=integer, longValue=2188, textValue=2188]
10:48:05,420 [main] DEBUG org.activiti.engine.impl.db.DbSqlSession  -   insert VariableInstanceEntity[id=5856, name=var2187, type=integer, longValue=2187, textValue=2187]
10:48:05,420 [main] DEBUG org.activiti.engine.impl.db.DbSqlSession  -   insert VariableInstanceEntity[id=5857, name=var2186, type=integer, longValue=2186, textValue=2186]
10:48:05,420 [main] DEBUG org.activiti.engine.impl.db.DbSqlSession  -   insert VariableInstanceEntity[id=5858, name=var259, type=integer, longValue=259, textValue=259]
10:48:05,420 [main] DEBUG org.activiti.engine.impl.db.DbSqlSession  -   insert VariableInstanceEntity[id=5859, name=var258, type=integer, longValue=258, textValue=258]
10:48:05,420 [main] DEBUG org.activiti.engine.impl.db.DbSqlSession  -   insert VariableInstanceEntity[id=5860, name=var257, type=integer, longValue=257, textValue=257]
10:48:05,420 [main] DEBUG org.activiti.engine.impl.db.DbSqlSession  -   insert VariableInstanceEntity[id=5861, name=var256, type=integer, longValue=256, textValue=256]
10:48:05,420 [main] DEBUG org.activiti.engine.impl.db.DbSqlSession  -   insert VariableInstanceEntity[id=5862, name=var255, type=integer, longValue=255, textValue=255]
10:48:05,420 [main] DEBUG org.activiti.engine.impl.db.DbSqlSession  -   insert VariableInstanceEntity[id=5863, name=var254, type=integer, longValue=254, textValue=254]
10:48:05,420 [main] DEBUG org.activiti.engine.impl.db.DbSqlSession  -   insert VariableInstanceEntity[id=5864, name=var253, type=integer, longValue=253, textValue=253]
10:48:05,420 [main] DEBUG org.activiti.engine.impl.db.DbSqlSession  -   insert VariableInstanceEntity[id=5865, name=var252, type=integer, longValue=252, textValue=252]
10:48:05,420 [main] DEBUG org.activiti.engine.impl.db.DbSqlSession  -   insert VariableInstanceEntity[id=5866, name=var2192, type=integer, longValue=2192, textValue=2192]
10:48:05,420 [main] DEBUG org.activiti.engine.impl.db.DbSqlSession  -   insert VariableInstanceEntity[id=5867, name=var2191, type=integer, longValue=2191, textValue=2191]
10:48:05,420 [main] DEBUG org.activiti.engine.impl.db.DbSqlSession  -   insert VariableInstanceEntity[id=5868, name=var2190, type=integer, longValue=2190, textValue=2190]
10:48:05,420 [main] DEBUG org.activiti.engine.impl.db.DbSqlSession  -   insert VariableInstanceEntity[id=5869, name=var240, type=integer, longValue=240, textValue=240]
10:48:05,420 [main] DEBUG org.activiti.engine.impl.db.DbSqlSession  -   insert VariableInstanceEntity[id=5870, name=var2196, type=integer, longValue=2196, textValue=2196]
10:48:05,420 [main] DEBUG org.activiti.engine.impl.db.DbSqlSession  -   insert VariableInstanceEntity[id=5871, name=var2195, type=integer, longValue=2195, textValue=2195]
10:48:05,420 [main] DEBUG org.activiti.engine.impl.db.DbSqlSession  -   insert VariableInstanceEntity[id=5872, name=var2194, type=integer, longValue=2194, textValue=2194]
10:48:05,420 [main] DEBUG org.activiti.engine.impl.db.DbSqlSession  -   insert VariableInstanceEntity[id=5873, name=var2193, type=integer, longValue=2193, textValue=2193]
10:48:05,420 [main] DEBUG org.activiti.engine.impl.db.DbSqlSession  -   insert VariableInstanceEntity[id=5874, name=var2199, type=integer, longValue=2199, textValue=2199]
10:48:05,420 [main] DEBUG org.activiti.engine.impl.db.DbSqlSession  -   insert VariableInstanceEntity[id=5875, name=var2198, type=integer, longValue=2198, textValue=2198]
10:48:05,420 [main] DEBUG org.activiti.engine.impl.db.DbSqlSession  -   insert VariableInstanceEntity[id=5876, name=var2197, type=integer, longValue=2197, textValue=2197]
10:48:05,420 [main] DEBUG org.activiti.engine.impl.db.DbSqlSession  -   insert VariableInstanceEntity[id=5877, name=var248, type=integer, longValue=248, textValue=248]
10:48:05,420 [main] DEBUG org.activiti.engine.impl.db.DbSqlSession  -   insert VariableInstanceEntity[id=5878, name=var247, type=integer, longValue=247, textValue=247]
10:48:05,420 [main] DEBUG org.activiti.engine.impl.db.DbSqlSession  -   insert VariableInstanceEntity[id=5879, name=var246, type=integer, longValue=246, textValue=246]
10:48:05,420 [main] DEBUG org.activiti.engine.impl.db.DbSqlSession  -   insert VariableInstanceEntity[id=5880, name=var245, type=integer, longValue=245, textValue=245]
10:48:05,420 [main] DEBUG org.activiti.engine.impl.db.DbSqlSession  -   insert VariableInstanceEntity[id=5881, name=var244, type=integer, longValue=244, textValue=244]
10:48:05,420 [main] DEBUG org.activiti.engine.impl.db.DbSqlSession  -   insert VariableInstanceEntity[id=5882, name=var243, type=integer, longValue=243, textValue=243]
10:48:05,420 [main] DEBUG org.activiti.engine.impl.db.DbSqlSession  -   insert VariableInstanceEntity[id=5883, name=var242, type=integer, longValue=242, textValue=242]
10:48:05,420 [main] DEBUG org.activiti.engine.impl.db.DbSqlSession  -   insert VariableInstanceEntity[id=5884, name=var241, type=integer, longValue=241, textValue=241]
10:48:05,420 [main] DEBUG org.activiti.engine.impl.db.DbSqlSession  -   insert VariableInstanceEntity[id=5885, name=var249, type=integer, longValue=249, textValue=249]
10:48:05,420 [main] DEBUG org.activiti.engine.impl.db.DbSqlSession  -   insert VariableInstanceEntity[id=5886, name=var237, type=integer, longValue=237, textValue=237]
10:48:05,420 [main] DEBUG org.activiti.engine.impl.db.DbSqlSession  -   insert VariableInstanceEntity[id=5887, name=var236, type=integer, longValue=236, textValue=236]
10:48:05,420 [main] DEBUG org.activiti.engine.impl.db.DbSqlSession  -   insert VariableInstanceEntity[id=5888, name=var235, type=integer, longValue=235, textValue=235]
10:48:05,420 [main] DEBUG org.activiti.engine.impl.db.DbSqlSession  -   insert VariableInstanceEntity[id=5889, name=var234, type=integer, longValue=234, textValue=234]
10:48:05,420 [main] DEBUG org.activiti.engine.impl.db.DbSqlSession  -   insert VariableInstanceEntity[id=5890, name=var233, type=integer, longValue=233, textValue=233]
10:48:05,420 [main] DEBUG org.activiti.engine.impl.db.DbSqlSession  -   insert VariableInstanceEntity[id=5891, name=var232, type=integer, longValue=232, textValue=232]
10:48:05,420 [main] DEBUG org.activiti.engine.impl.db.DbSqlSession  -   insert VariableInstanceEntity[id=5892, name=var231, type=integer, longValue=231, textValue=231]
10:48:05,420 [main] DEBUG org.activiti.engine.impl.db.DbSqlSession  -   insert VariableInstanceEntity[id=5893, name=var230, type=integer, longValue=230, textValue=230]
10:48:05,420 [main] DEBUG org.activiti.engine.impl.db.DbSqlSession  -   insert VariableInstanceEntity[id=5894, name=var239, type=integer, longValue=239, textValue=239]
10:48:05,421 [main] DEBUG org.activiti.engine.impl.db.DbSqlSession  -   insert VariableInstanceEntity[id=5895, name=var238, type=integer, longValue=238, textValue=238]
10:48:05,421 [main] DEBUG org.activiti.engine.impl.db.DbSqlSession  -   insert VariableInstanceEntity[id=5896, name=var226, type=integer, longValue=226, textValue=226]
10:48:05,421 [main] DEBUG org.activiti.engine.impl.db.DbSqlSession  -   insert VariableInstanceEntity[id=5897, name=var225, type=integer, longValue=225, textValue=225]
10:48:05,421 [main] DEBUG org.activiti.engine.impl.db.DbSqlSession  -   insert VariableInstanceEntity[id=5898, name=var224, type=integer, longValue=224, textValue=224]
10:48:05,421 [main] DEBUG org.activiti.engine.impl.db.DbSqlSession  -   insert VariableInstanceEntity[id=5899, name=var223, type=integer, longValue=223, textValue=223]
10:48:05,421 [main] DEBUG org.activiti.engine.impl.db.DbSqlSession  -   insert VariableInstanceEntity[id=5900, name=var222, type=integer, longValue=222, textValue=222]
10:48:05,421 [main] DEBUG org.activiti.engine.impl.db.DbSqlSession  -   insert VariableInstanceEntity[id=5901, name=var221, type=integer, longValue=221, textValue=221]
10:48:05,421 [main] DEBUG org.activiti.engine.impl.db.DbSqlSession  -   insert VariableInstanceEntity[id=5902, name=var220, type=integer, longValue=220, textValue=220]
10:48:05,421 [main] DEBUG org.activiti.engine.impl.db.DbSqlSession  -   insert VariableInstanceEntity[id=5903, name=var229, type=integer, longValue=229, textValue=229]
10:48:05,421 [main] DEBUG org.activiti.engine.impl.db.DbSqlSession  -   insert VariableInstanceEntity[id=5904, name=var228, type=integer, longValue=228, textValue=228]
10:48:05,421 [main] DEBUG org.activiti.engine.impl.db.DbSqlSession  -   insert VariableInstanceEntity[id=5905, name=var227, type=integer, longValue=227, textValue=227]
10:48:05,421 [main] DEBUG org.activiti.engine.impl.db.DbSqlSession  -   insert VariableInstanceEntity[id=5906, name=var215, type=integer, longValue=215, textValue=215]
10:48:05,421 [main] DEBUG org.activiti.engine.impl.db.DbSqlSession  -   insert VariableInstanceEntity[id=5907, name=var214, type=integer, longValue=214, textValue=214]
10:48:05,421 [main] DEBUG org.activiti.engine.impl.db.DbSqlSession  -   insert VariableInstanceEntity[id=5908, name=var213, type=integer, longValue=213, textValue=213]
10:48:05,421 [main] DEBUG org.activiti.engine.impl.db.DbSqlSession  -   insert VariableInstanceEntity[id=5909, name=var212, type=integer, longValue=212, textValue=212]
10:48:05,421 [main] DEBUG org.activiti.engine.impl.db.DbSqlSession  -   insert VariableInstanceEntity[id=5910, name=var211, type=integer, longValue=211, textValue=211]
10:48:05,421 [main] DEBUG org.activiti.engine.impl.db.DbSqlSession  -   insert VariableInstanceEntity[id=5911, name=var210, type=integer, longValue=210, textValue=210]
10:48:05,421 [main] DEBUG org.activiti.engine.impl.db.DbSqlSession  -   insert VariableInstanceEntity[id=5912, name=var219, type=integer, longValue=219, textValue=219]
10:48:05,421 [main] DEBUG org.activiti.engine.impl.db.DbSqlSession  -   insert VariableInstanceEntity[id=5913, name=var218, type=integer, longValue=218, textValue=218]
10:48:05,421 [main] DEBUG org.activiti.engine.impl.db.DbSqlSession  -   insert VariableInstanceEntity[id=5914, name=var217, type=integer, longValue=217, textValue=217]
10:48:05,421 [main] DEBUG org.activiti.engine.impl.db.DbSqlSession  -   insert VariableInstanceEntity[id=5915, name=var216, type=integer, longValue=216, textValue=216]
10:48:05,421 [main] DEBUG org.activiti.engine.impl.db.DbSqlSession  -   insert VariableInstanceEntity[id=5916, name=var204, type=integer, longValue=204, textValue=204]
10:48:05,421 [main] DEBUG org.activiti.engine.impl.db.DbSqlSession  -   insert VariableInstanceEntity[id=5917, name=var203, type=integer, longValue=203, textValue=203]
10:48:05,421 [main] DEBUG org.activiti.engine.impl.db.DbSqlSession  -   insert VariableInstanceEntity[id=5918, name=var202, type=integer, longValue=202, textValue=202]
10:48:05,421 [main] DEBUG org.activiti.engine.impl.db.DbSqlSession  -   insert VariableInstanceEntity[id=5919, name=var201, type=integer, longValue=201, textValue=201]
10:48:05,421 [main] DEBUG org.activiti.engine.impl.db.DbSqlSession  -   insert VariableInstanceEntity[id=5920, name=var200, type=integer, longValue=200, textValue=200]
10:48:05,421 [main] DEBUG org.activiti.engine.impl.db.DbSqlSession  -   insert VariableInstanceEntity[id=5921, name=var209, type=integer, longValue=209, textValue=209]
10:48:05,421 [main] DEBUG org.activiti.engine.impl.db.DbSqlSession  -   insert VariableInstanceEntity[id=5922, name=var208, type=integer, longValue=208, textValue=208]
10:48:05,421 [main] DEBUG org.activiti.engine.impl.db.DbSqlSession  -   insert VariableInstanceEntity[id=5923, name=var207, type=integer, longValue=207, textValue=207]
10:48:05,421 [main] DEBUG org.activiti.engine.impl.db.DbSqlSession  -   insert VariableInstanceEntity[id=5924, name=var206, type=integer, longValue=206, textValue=206]
10:48:05,421 [main] DEBUG org.activiti.engine.impl.db.DbSqlSession  -   insert VariableInstanceEntity[id=5925, name=var205, type=integer, longValue=205, textValue=205]
10:48:05,421 [main] DEBUG org.activiti.engine.impl.db.DbSqlSession  -   insert VariableInstanceEntity[id=5926, name=var2901, type=integer, longValue=2901, textValue=2901]
10:48:05,421 [main] DEBUG org.activiti.engine.impl.db.DbSqlSession  -   insert VariableInstanceEntity[id=5927, name=var2900, type=integer, longValue=2900, textValue=2900]
10:48:05,421 [main] DEBUG org.activiti.engine.impl.db.DbSqlSession  -   insert VariableInstanceEntity[id=5928, name=var2905, type=integer, longValue=2905, textValue=2905]
10:48:05,421 [main] DEBUG org.activiti.engine.impl.db.DbSqlSession  -   insert VariableInstanceEntity[id=5929, name=var2904, type=integer, longValue=2904, textValue=2904]
10:48:05,421 [main] DEBUG org.activiti.engine.impl.db.DbSqlSession  -   insert VariableInstanceEntity[id=5930, name=var2903, type=integer, longValue=2903, textValue=2903]
10:48:05,421 [main] DEBUG org.activiti.engine.impl.db.DbSqlSession  -   insert VariableInstanceEntity[id=5931, name=var2902, type=integer, longValue=2902, textValue=2902]
10:48:05,421 [main] DEBUG org.activiti.engine.impl.db.DbSqlSession  -   insert VariableInstanceEntity[id=5932, name=var2909, type=integer, longValue=2909, textValue=2909]
10:48:05,421 [main] DEBUG org.activiti.engine.impl.db.DbSqlSession  -   insert VariableInstanceEntity[id=5933, name=var2908, type=integer, longValue=2908, textValue=2908]
10:48:05,421 [main] DEBUG org.activiti.engine.impl.db.DbSqlSession  -   insert VariableInstanceEntity[id=5934, name=var2907, type=integer, longValue=2907, textValue=2907]
10:48:05,421 [main] DEBUG org.activiti.engine.impl.db.DbSqlSession  -   insert VariableInstanceEntity[id=5935, name=var2906, type=integer, longValue=2906, textValue=2906]
10:48:05,421 [main] DEBUG org.activiti.engine.impl.db.DbSqlSession  -   insert VariableInstanceEntity[id=5936, name=var2912, type=integer, longValue=2912, textValue=2912]
10:48:05,421 [main] DEBUG org.activiti.engine.impl.db.DbSqlSession  -   insert VariableInstanceEntity[id=5937, name=var2911, type=integer, longValue=2911, textValue=2911]
10:48:05,421 [main] DEBUG org.activiti.engine.impl.db.DbSqlSession  -   insert VariableInstanceEntity[id=5938, name=var2910, type=integer, longValue=2910, textValue=2910]
10:48:05,421 [main] DEBUG org.activiti.engine.impl.db.DbSqlSession  -   insert VariableInstanceEntity[id=5939, name=var2916, type=integer, longValue=2916, textValue=2916]
10:48:05,421 [main] DEBUG org.activiti.engine.impl.db.DbSqlSession  -   insert VariableInstanceEntity[id=5940, name=var2915, type=integer, longValue=2915, textValue=2915]
10:48:05,421 [main] DEBUG org.activiti.engine.impl.db.DbSqlSession  -   insert VariableInstanceEntity[id=5941, name=var2914, type=integer, longValue=2914, textValue=2914]
10:48:05,421 [main] DEBUG org.activiti.engine.impl.db.DbSqlSession  -   insert VariableInstanceEntity[id=5942, name=var2913, type=integer, longValue=2913, textValue=2913]
10:48:05,422 [main] DEBUG org.activiti.engine.impl.db.DbSqlSession  -   insert VariableInstanceEntity[id=5943, name=var2919, type=integer, longValue=2919, textValue=2919]
10:48:05,422 [main] DEBUG org.activiti.engine.impl.db.DbSqlSession  -   insert VariableInstanceEntity[id=5944, name=var2918, type=integer, longValue=2918, textValue=2918]
10:48:05,422 [main] DEBUG org.activiti.engine.impl.db.DbSqlSession  -   insert VariableInstanceEntity[id=5945, name=var2917, type=integer, longValue=2917, textValue=2917]
10:48:05,422 [main] DEBUG org.activiti.engine.impl.db.DbSqlSession  -   insert VariableInstanceEntity[id=5946, name=var196, type=integer, longValue=196, textValue=196]
10:48:05,422 [main] DEBUG org.activiti.engine.impl.db.DbSqlSession  -   insert VariableInstanceEntity[id=5947, name=var195, type=integer, longValue=195, textValue=195]
10:48:05,422 [main] DEBUG org.activiti.engine.impl.db.DbSqlSession  -   insert VariableInstanceEntity[id=5948, name=var194, type=integer, longValue=194, textValue=194]
10:48:05,422 [main] DEBUG org.activiti.engine.impl.db.DbSqlSession  -   insert VariableInstanceEntity[id=5949, name=var193, type=integer, longValue=193, textValue=193]
10:48:05,422 [main] DEBUG org.activiti.engine.impl.db.DbSqlSession  -   insert VariableInstanceEntity[id=5950, name=var192, type=integer, longValue=192, textValue=192]
10:48:05,422 [main] DEBUG org.activiti.engine.impl.db.DbSqlSession  -   insert VariableInstanceEntity[id=5951, name=var191, type=integer, longValue=191, textValue=191]
10:48:05,422 [main] DEBUG org.activiti.engine.impl.db.DbSqlSession  -   insert VariableInstanceEntity[id=5952, name=var190, type=integer, longValue=190, textValue=190]
10:48:05,422 [main] DEBUG org.activiti.engine.impl.db.DbSqlSession  -   insert VariableInstanceEntity[id=5953, name=var2923, type=integer, longValue=2923, textValue=2923]
10:48:05,422 [main] DEBUG org.activiti.engine.impl.db.DbSqlSession  -   insert VariableInstanceEntity[id=5954, name=var199, type=integer, longValue=199, textValue=199]
10:48:05,422 [main] DEBUG org.activiti.engine.impl.db.DbSqlSession  -   insert VariableInstanceEntity[id=5955, name=var2922, type=integer, longValue=2922, textValue=2922]
10:48:05,422 [main] DEBUG org.activiti.engine.impl.db.DbSqlSession  -   insert VariableInstanceEntity[id=5956, name=var198, type=integer, longValue=198, textValue=198]
10:48:05,422 [main] DEBUG org.activiti.engine.impl.db.DbSqlSession  -   insert VariableInstanceEntity[id=5957, name=var2921, type=integer, longValue=2921, textValue=2921]
10:48:05,422 [main] DEBUG org.activiti.engine.impl.db.DbSqlSession  -   insert VariableInstanceEntity[id=5958, name=var197, type=integer, longValue=197, textValue=197]
10:48:05,422 [main] DEBUG org.activiti.engine.impl.db.DbSqlSession  -   insert VariableInstanceEntity[id=5959, name=var2920, type=integer, longValue=2920, textValue=2920]
10:48:05,422 [main] DEBUG org.activiti.engine.impl.db.DbSqlSession  -   insert VariableInstanceEntity[id=5960, name=var2927, type=integer, longValue=2927, textValue=2927]
10:48:05,422 [main] DEBUG org.activiti.engine.impl.db.DbSqlSession  -   insert VariableInstanceEntity[id=5961, name=var2926, type=integer, longValue=2926, textValue=2926]
10:48:05,422 [main] DEBUG org.activiti.engine.impl.db.DbSqlSession  -   insert VariableInstanceEntity[id=5962, name=var2925, type=integer, longValue=2925, textValue=2925]
10:48:05,422 [main] DEBUG org.activiti.engine.impl.db.DbSqlSession  -   insert VariableInstanceEntity[id=5963, name=var2924, type=integer, longValue=2924, textValue=2924]
10:48:05,422 [main] DEBUG org.activiti.engine.impl.db.DbSqlSession  -   insert VariableInstanceEntity[id=5964, name=var2929, type=integer, longValue=2929, textValue=2929]
10:48:05,422 [main] DEBUG org.activiti.engine.impl.db.DbSqlSession  -   insert VariableInstanceEntity[id=5965, name=var2928, type=integer, longValue=2928, textValue=2928]
10:48:05,422 [main] DEBUG org.activiti.engine.impl.db.DbSqlSession  -   insert VariableInstanceEntity[id=5966, name=var185, type=integer, longValue=185, textValue=185]
10:48:05,422 [main] DEBUG org.activiti.engine.impl.db.DbSqlSession  -   insert VariableInstanceEntity[id=5967, name=var184, type=integer, longValue=184, textValue=184]
10:48:05,422 [main] DEBUG org.activiti.engine.impl.db.DbSqlSession  -   insert VariableInstanceEntity[id=5968, name=var183, type=integer, longValue=183, textValue=183]
10:48:05,422 [main] DEBUG org.activiti.engine.impl.db.DbSqlSession  -   insert VariableInstanceEntity[id=5969, name=var182, type=integer, longValue=182, textValue=182]
10:48:05,422 [main] DEBUG org.activiti.engine.impl.db.DbSqlSession  -   insert VariableInstanceEntity[id=5970, name=var181, type=integer, longValue=181, textValue=181]
10:48:05,422 [main] DEBUG org.activiti.engine.impl.db.DbSqlSession  -   insert VariableInstanceEntity[id=5971, name=var180, type=integer, longValue=180, textValue=180]
10:48:05,422 [main] DEBUG org.activiti.engine.impl.db.DbSqlSession  -   insert VariableInstanceEntity[id=5972, name=var2930, type=integer, longValue=2930, textValue=2930]
10:48:05,422 [main] DEBUG org.activiti.engine.impl.db.DbSqlSession  -   insert VariableInstanceEntity[id=5973, name=var189, type=integer, longValue=189, textValue=189]
10:48:05,422 [main] DEBUG org.activiti.engine.impl.db.DbSqlSession  -   insert VariableInstanceEntity[id=5974, name=var1602, type=integer, longValue=1602, textValue=1602]
10:48:05,422 [main] DEBUG org.activiti.engine.impl.db.DbSqlSession  -   insert VariableInstanceEntity[id=5975, name=var2934, type=integer, longValue=2934, textValue=2934]
10:48:05,422 [main] DEBUG org.activiti.engine.impl.db.DbSqlSession  -   insert VariableInstanceEntity[id=5976, name=var188, type=integer, longValue=188, textValue=188]
10:48:05,422 [main] DEBUG org.activiti.engine.impl.db.DbSqlSession  -   insert VariableInstanceEntity[id=5977, name=var1603, type=integer, longValue=1603, textValue=1603]
10:48:05,422 [main] DEBUG org.activiti.engine.impl.db.DbSqlSession  -   insert VariableInstanceEntity[id=5978, name=var2933, type=integer, longValue=2933, textValue=2933]
10:48:05,422 [main] DEBUG org.activiti.engine.impl.db.DbSqlSession  -   insert VariableInstanceEntity[id=5979, name=var187, type=integer, longValue=187, textValue=187]
10:48:05,422 [main] DEBUG org.activiti.engine.impl.db.DbSqlSession  -   insert VariableInstanceEntity[id=5980, name=var1600, type=integer, longValue=1600, textValue=1600]
10:48:05,422 [main] DEBUG org.activiti.engine.impl.db.DbSqlSession  -   insert VariableInstanceEntity[id=5981, name=var2932, type=integer, longValue=2932, textValue=2932]
10:48:05,422 [main] DEBUG org.activiti.engine.impl.db.DbSqlSession  -   insert VariableInstanceEntity[id=5982, name=var186, type=integer, longValue=186, textValue=186]
10:48:05,422 [main] DEBUG org.activiti.engine.impl.db.DbSqlSession  -   insert VariableInstanceEntity[id=5983, name=var1601, type=integer, longValue=1601, textValue=1601]
10:48:05,422 [main] DEBUG org.activiti.engine.impl.db.DbSqlSession  -   insert VariableInstanceEntity[id=5984, name=var2931, type=integer, longValue=2931, textValue=2931]
10:48:05,422 [main] DEBUG org.activiti.engine.impl.db.DbSqlSession  -   insert VariableInstanceEntity[id=5985, name=var1606, type=integer, longValue=1606, textValue=1606]
10:48:05,422 [main] DEBUG org.activiti.engine.impl.db.DbSqlSession  -   insert VariableInstanceEntity[id=5986, name=var2938, type=integer, longValue=2938, textValue=2938]
10:48:05,422 [main] DEBUG org.activiti.engine.impl.db.DbSqlSession  -   insert VariableInstanceEntity[id=5987, name=var1607, type=integer, longValue=1607, textValue=1607]
10:48:05,422 [main] DEBUG org.activiti.engine.impl.db.DbSqlSession  -   insert VariableInstanceEntity[id=5988, name=var2937, type=integer, longValue=2937, textValue=2937]
10:48:05,422 [main] DEBUG org.activiti.engine.impl.db.DbSqlSession  -   insert VariableInstanceEntity[id=5989, name=var1604, type=integer, longValue=1604, textValue=1604]
10:48:05,422 [main] DEBUG org.activiti.engine.impl.db.DbSqlSession  -   insert VariableInstanceEntity[id=5990, name=var2936, type=integer, longValue=2936, textValue=2936]
10:48:05,419 [Thread-111] DEBUG org.activiti.engine.impl.db.DbSqlSession  - flush summary: 0 insert, 0 update, 0 delete.
10:48:05,423 [Thread-111] DEBUG org.activiti.engine.impl.db.DbSqlSession  - now executing flush...
10:48:05,423 [Thread-111] DEBUG org.activiti.engine.impl.cfg.standalone.StandaloneMybatisTransactionContext  - firing event committing...
10:48:05,423 [Thread-111] DEBUG org.activiti.engine.impl.cfg.standalone.StandaloneMybatisTransactionContext  - committing the ibatis sql session...
10:48:05,423 [Thread-102] DEBUG org.activiti.engine.impl.asyncexecutor.AcquireTimerJobsRunnable  - timer job acquisition thread woke up
10:48:05,423 [main] DEBUG org.activiti.engine.impl.db.DbSqlSession  -   insert VariableInstanceEntity[id=5991, name=var1605, type=integer, longValue=1605, textValue=1605]
10:48:05,423 [Thread-102] DEBUG org.activiti.engine.impl.interceptor.LogInterceptor  - 

10:48:05,423 [Thread-102] DEBUG org.activiti.engine.impl.interceptor.LogInterceptor  - --- starting AcquireTimerJobsCmd --------------------------------------------------------
10:48:05,423 [Thread-111] DEBUG org.activiti.engine.impl.cfg.standalone.StandaloneMybatisTransactionContext  - firing event committed...
10:48:05,423 [Thread-102] DEBUG org.apache.ibatis.transaction.jdbc.JdbcTransaction  - Opening JDBC Connection
10:48:05,423 [Thread-102] DEBUG org.apache.ibatis.datasource.pooled.PooledDataSource  - Checked out connection 720039383 from pool.
10:48:05,423 [main] DEBUG org.activiti.engine.impl.db.DbSqlSession  -   insert VariableInstanceEntity[id=5992, name=var2935, type=integer, longValue=2935, textValue=2935]
10:48:05,423 [main] DEBUG org.activiti.engine.impl.db.DbSqlSession  -   insert VariableInstanceEntity[id=5993, name=var1608, type=integer, longValue=1608, textValue=1608]
10:48:05,423 [main] DEBUG org.activiti.engine.impl.db.DbSqlSession  -   insert VariableInstanceEntity[id=5994, name=var1609, type=integer, longValue=1609, textValue=1609]
10:48:05,423 [main] DEBUG org.activiti.engine.impl.db.DbSqlSession  -   insert VariableInstanceEntity[id=5995, name=var2939, type=integer, longValue=2939, textValue=2939]
10:48:05,423 [main] DEBUG org.activiti.engine.impl.db.DbSqlSession  -   insert VariableInstanceEntity[id=5996, name=var174, type=integer, longValue=174, textValue=174]
10:48:05,423 [main] DEBUG org.activiti.engine.impl.db.DbSqlSession  -   insert VariableInstanceEntity[id=5997, name=var173, type=integer, longValue=173, textValue=173]
10:48:05,423 [main] DEBUG org.activiti.engine.impl.db.DbSqlSession  -   insert VariableInstanceEntity[id=5998, name=var172, type=integer, longValue=172, textValue=172]
10:48:05,423 [main] DEBUG org.activiti.engine.impl.db.DbSqlSession  -   insert VariableInstanceEntity[id=5999, name=var171, type=integer, longValue=171, textValue=171]
10:48:05,423 [main] DEBUG org.activiti.engine.impl.db.DbSqlSession  -   insert VariableInstanceEntity[id=6000, name=var170, type=integer, longValue=170, textValue=170]
10:48:05,423 [main] DEBUG org.activiti.engine.impl.db.DbSqlSession  -   insert VariableInstanceEntity[id=6001, name=var2941, type=integer, longValue=2941, textValue=2941]
10:48:05,423 [main] DEBUG org.activiti.engine.impl.db.DbSqlSession  -   insert VariableInstanceEntity[id=6002, name=var1610, type=integer, longValue=1610, textValue=1610]
10:48:05,423 [main] DEBUG org.activiti.engine.impl.db.DbSqlSession  -   insert VariableInstanceEntity[id=6003, name=var2940, type=integer, longValue=2940, textValue=2940]
10:48:05,423 [main] DEBUG org.activiti.engine.impl.db.DbSqlSession  -   insert VariableInstanceEntity[id=6004, name=var179, type=integer, longValue=179, textValue=179]
10:48:05,423 [main] DEBUG org.activiti.engine.impl.db.DbSqlSession  -   insert VariableInstanceEntity[id=6005, name=var178, type=integer, longValue=178, textValue=178]
10:48:05,423 [main] DEBUG org.activiti.engine.impl.db.DbSqlSession  -   insert VariableInstanceEntity[id=6006, name=var1613, type=integer, longValue=1613, textValue=1613]
10:48:05,424 [main] DEBUG org.activiti.engine.impl.db.DbSqlSession  -   insert VariableInstanceEntity[id=6007, name=var2945, type=integer, longValue=2945, textValue=2945]
10:48:05,424 [main] DEBUG org.activiti.engine.impl.db.DbSqlSession  -   insert VariableInstanceEntity[id=6008, name=var177, type=integer, longValue=177, textValue=177]
10:48:05,424 [main] DEBUG org.activiti.engine.impl.db.DbSqlSession  -   insert VariableInstanceEntity[id=6009, name=var1614, type=integer, longValue=1614, textValue=1614]
10:48:05,424 [main] DEBUG org.activiti.engine.impl.db.DbSqlSession  -   insert VariableInstanceEntity[id=6010, name=var2944, type=integer, longValue=2944, textValue=2944]
10:48:05,424 [main] DEBUG org.activiti.engine.impl.db.DbSqlSession  -   insert VariableInstanceEntity[id=6011, name=var176, type=integer, longValue=176, textValue=176]
10:48:05,424 [main] DEBUG org.activiti.engine.impl.db.DbSqlSession  -   insert VariableInstanceEntity[id=6012, name=var1611, type=integer, longValue=1611, textValue=1611]
10:48:05,424 [main] DEBUG org.activiti.engine.impl.db.DbSqlSession  -   insert VariableInstanceEntity[id=6013, name=var2943, type=integer, longValue=2943, textValue=2943]
10:48:05,424 [main] DEBUG org.activiti.engine.impl.db.DbSqlSession  -   insert VariableInstanceEntity[id=6014, name=var175, type=integer, longValue=175, textValue=175]
10:48:05,424 [main] DEBUG org.activiti.engine.impl.db.DbSqlSession  -   insert VariableInstanceEntity[id=6015, name=var1612, type=integer, longValue=1612, textValue=1612]
10:48:05,424 [main] DEBUG org.activiti.engine.impl.db.DbSqlSession  -   insert VariableInstanceEntity[id=6016, name=var2942, type=integer, longValue=2942, textValue=2942]
10:48:05,424 [main] DEBUG org.activiti.engine.impl.db.DbSqlSession  -   insert VariableInstanceEntity[id=6017, name=var1617, type=integer, longValue=1617, textValue=1617]
10:48:05,424 [main] DEBUG org.activiti.engine.impl.db.DbSqlSession  -   insert VariableInstanceEntity[id=6018, name=var2949, type=integer, longValue=2949, textValue=2949]
10:48:05,424 [main] DEBUG org.activiti.engine.impl.db.DbSqlSession  -   insert VariableInstanceEntity[id=6019, name=var1618, type=integer, longValue=1618, textValue=1618]
10:48:05,424 [main] DEBUG org.activiti.engine.impl.db.DbSqlSession  -   insert VariableInstanceEntity[id=6020, name=var2948, type=integer, longValue=2948, textValue=2948]
10:48:05,424 [main] DEBUG org.activiti.engine.impl.db.DbSqlSession  -   insert VariableInstanceEntity[id=6021, name=var1615, type=integer, longValue=1615, textValue=1615]
10:48:05,424 [main] DEBUG org.activiti.engine.impl.db.DbSqlSession  -   insert VariableInstanceEntity[id=6022, name=var2947, type=integer, longValue=2947, textValue=2947]
10:48:05,424 [main] DEBUG org.activiti.engine.impl.db.DbSqlSession  -   insert VariableInstanceEntity[id=6023, name=var1616, type=integer, longValue=1616, textValue=1616]
10:48:05,424 [main] DEBUG org.activiti.engine.impl.db.DbSqlSession  -   insert VariableInstanceEntity[id=6024, name=var2946, type=integer, longValue=2946, textValue=2946]
10:48:05,424 [main] DEBUG org.activiti.engine.impl.db.DbSqlSession  -   insert VariableInstanceEntity[id=6025, name=var1619, type=integer, longValue=1619, textValue=1619]
10:48:05,424 [main] DEBUG org.activiti.engine.impl.db.DbSqlSession  -   insert VariableInstanceEntity[id=6026, name=var163, type=integer, longValue=163, textValue=163]
10:48:05,424 [main] DEBUG org.activiti.engine.impl.db.DbSqlSession  -   insert VariableInstanceEntity[id=6027, name=var162, type=integer, longValue=162, textValue=162]
10:48:05,424 [main] DEBUG org.activiti.engine.impl.db.DbSqlSession  -   insert VariableInstanceEntity[id=6028, name=var161, type=integer, longValue=161, textValue=161]
10:48:05,424 [main] DEBUG org.activiti.engine.impl.db.DbSqlSession  -   insert VariableInstanceEntity[id=6029, name=var160, type=integer, longValue=160, textValue=160]
10:48:05,424 [main] DEBUG org.activiti.engine.impl.db.DbSqlSession  -   insert VariableInstanceEntity[id=6030, name=var1620, type=integer, longValue=1620, textValue=1620]
10:48:05,424 [main] DEBUG org.activiti.engine.impl.db.DbSqlSession  -   insert VariableInstanceEntity[id=6031, name=var2952, type=integer, longValue=2952, textValue=2952]
10:48:05,424 [main] DEBUG org.activiti.engine.impl.db.DbSqlSession  -   insert VariableInstanceEntity[id=6032, name=var1621, type=integer, longValue=1621, textValue=1621]
10:48:05,424 [main] DEBUG org.activiti.engine.impl.db.DbSqlSession  -   insert VariableInstanceEntity[id=6033, name=var2951, type=integer, longValue=2951, textValue=2951]
10:48:05,424 [main] DEBUG org.activiti.engine.impl.db.DbSqlSession  -   insert VariableInstanceEntity[id=6034, name=var169, type=integer, longValue=169, textValue=169]
10:48:05,424 [main] DEBUG org.activiti.engine.impl.db.DbSqlSession  -   insert VariableInstanceEntity[id=6035, name=var2950, type=integer, longValue=2950, textValue=2950]
10:48:05,424 [main] DEBUG org.activiti.engine.impl.db.DbSqlSession  -   insert VariableInstanceEntity[id=6036, name=var168, type=integer, longValue=168, textValue=168]
10:48:05,424 [main] DEBUG org.activiti.engine.impl.db.DbSqlSession  -   insert VariableInstanceEntity[id=6037, name=var167, type=integer, longValue=167, textValue=167]
10:48:05,424 [main] DEBUG org.activiti.engine.impl.db.DbSqlSession  -   insert VariableInstanceEntity[id=6038, name=var1624, type=integer, longValue=1624, textValue=1624]
10:48:05,424 [main] DEBUG org.activiti.engine.impl.db.DbSqlSession  -   insert VariableInstanceEntity[id=6039, name=var2956, type=integer, longValue=2956, textValue=2956]
10:48:05,425 [main] DEBUG org.activiti.engine.impl.db.DbSqlSession  -   insert VariableInstanceEntity[id=6040, name=var166, type=integer, longValue=166, textValue=166]
10:48:05,425 [main] DEBUG org.activiti.engine.impl.db.DbSqlSession  -   insert VariableInstanceEntity[id=6041, name=var1625, type=integer, longValue=1625, textValue=1625]
10:48:05,425 [main] DEBUG org.activiti.engine.impl.db.DbSqlSession  -   insert VariableInstanceEntity[id=6042, name=var2955, type=integer, longValue=2955, textValue=2955]
10:48:05,425 [main] DEBUG org.activiti.engine.impl.db.DbSqlSession  -   insert VariableInstanceEntity[id=6043, name=var165, type=integer, longValue=165, textValue=165]
10:48:05,425 [main] DEBUG org.activiti.engine.impl.db.DbSqlSession  -   insert VariableInstanceEntity[id=6044, name=var1622, type=integer, longValue=1622, textValue=1622]
10:48:05,425 [main] DEBUG org.activiti.engine.impl.db.DbSqlSession  -   insert VariableInstanceEntity[id=6045, name=var2954, type=integer, longValue=2954, textValue=2954]
10:48:05,425 [main] DEBUG org.activiti.engine.impl.db.DbSqlSession  -   insert VariableInstanceEntity[id=6046, name=var164, type=integer, longValue=164, textValue=164]
10:48:05,425 [main] DEBUG org.activiti.engine.impl.db.DbSqlSession  -   insert VariableInstanceEntity[id=6047, name=var1623, type=integer, longValue=1623, textValue=1623]
10:48:05,425 [main] DEBUG org.activiti.engine.impl.db.DbSqlSession  -   insert VariableInstanceEntity[id=6048, name=var2953, type=integer, longValue=2953, textValue=2953]
10:48:05,425 [main] DEBUG org.activiti.engine.impl.db.DbSqlSession  -   insert VariableInstanceEntity[id=6049, name=var1628, type=integer, longValue=1628, textValue=1628]
10:48:05,425 [main] DEBUG org.activiti.engine.impl.db.DbSqlSession  -   insert VariableInstanceEntity[id=6050, name=var1629, type=integer, longValue=1629, textValue=1629]
10:48:05,425 [main] DEBUG org.activiti.engine.impl.db.DbSqlSession  -   insert VariableInstanceEntity[id=6051, name=var2959, type=integer, longValue=2959, textValue=2959]
10:48:05,425 [main] DEBUG org.activiti.engine.impl.db.DbSqlSession  -   insert VariableInstanceEntity[id=6052, name=var1626, type=integer, longValue=1626, textValue=1626]
10:48:05,425 [main] DEBUG org.activiti.engine.impl.db.DbSqlSession  -   insert VariableInstanceEntity[id=6053, name=var2958, type=integer, longValue=2958, textValue=2958]
10:48:05,425 [main] DEBUG org.activiti.engine.impl.db.DbSqlSession  -   insert VariableInstanceEntity[id=6054, name=var1627, type=integer, longValue=1627, textValue=1627]
10:48:05,425 [main] DEBUG org.activiti.engine.impl.db.DbSqlSession  -   insert VariableInstanceEntity[id=6055, name=var2957, type=integer, longValue=2957, textValue=2957]
10:48:05,425 [main] DEBUG org.activiti.engine.impl.db.DbSqlSession  -   insert VariableInstanceEntity[id=6056, name=var152, type=integer, longValue=152, textValue=152]
10:48:05,425 [main] DEBUG org.activiti.engine.impl.db.DbSqlSession  -   insert VariableInstanceEntity[id=6057, name=var151, type=integer, longValue=151, textValue=151]
10:48:05,425 [main] DEBUG org.activiti.engine.impl.db.DbSqlSession  -   insert VariableInstanceEntity[id=6058, name=var150, type=integer, longValue=150, textValue=150]
10:48:05,425 [main] DEBUG org.activiti.engine.impl.db.DbSqlSession  -   insert VariableInstanceEntity[id=6059, name=var1631, type=integer, longValue=1631, textValue=1631]
10:48:05,425 [main] DEBUG org.activiti.engine.impl.db.DbSqlSession  -   insert VariableInstanceEntity[id=6060, name=var2963, type=integer, longValue=2963, textValue=2963]
10:48:05,425 [main] DEBUG org.activiti.engine.impl.db.DbSqlSession  -   insert VariableInstanceEntity[id=6061, name=var159, type=integer, longValue=159, textValue=159]
10:48:05,425 [main] DEBUG org.activiti.engine.impl.db.DbSqlSession  -   insert VariableInstanceEntity[id=6062, name=var1632, type=integer, longValue=1632, textValue=1632]
10:48:05,425 [main] DEBUG org.activiti.engine.impl.db.DbSqlSession  -   insert VariableInstanceEntity[id=6063, name=var2962, type=integer, longValue=2962, textValue=2962]
10:48:05,425 [main] DEBUG org.activiti.engine.impl.db.DbSqlSession  -   insert VariableInstanceEntity[id=6064, name=var158, type=integer, longValue=158, textValue=158]
10:48:05,425 [main] DEBUG org.activiti.engine.impl.db.DbSqlSession  -   insert VariableInstanceEntity[id=6065, name=var2961, type=integer, longValue=2961, textValue=2961]
10:48:05,425 [main] DEBUG org.activiti.engine.impl.db.DbSqlSession  -   insert VariableInstanceEntity[id=6066, name=var157, type=integer, longValue=157, textValue=157]
10:48:05,425 [main] DEBUG org.activiti.engine.impl.db.DbSqlSession  -   insert VariableInstanceEntity[id=6067, name=var1630, type=integer, longValue=1630, textValue=1630]
10:48:05,425 [main] DEBUG org.activiti.engine.impl.db.DbSqlSession  -   insert VariableInstanceEntity[id=6068, name=var2960, type=integer, longValue=2960, textValue=2960]
10:48:05,425 [main] DEBUG org.activiti.engine.impl.db.DbSqlSession  -   insert VariableInstanceEntity[id=6069, name=var156, type=integer, longValue=156, textValue=156]
10:48:05,425 [main] DEBUG org.activiti.engine.impl.db.DbSqlSession  -   insert VariableInstanceEntity[id=6070, name=var1635, type=integer, longValue=1635, textValue=1635]
10:48:05,425 [main] DEBUG org.activiti.engine.impl.db.DbSqlSession  -   insert VariableInstanceEntity[id=6071, name=var2967, type=integer, longValue=2967, textValue=2967]
10:48:05,425 [main] DEBUG org.activiti.engine.impl.db.DbSqlSession  -   insert VariableInstanceEntity[id=6072, name=var155, type=integer, longValue=155, textValue=155]
10:48:05,425 [main] DEBUG org.activiti.engine.impl.db.DbSqlSession  -   insert VariableInstanceEntity[id=6073, name=var1636, type=integer, longValue=1636, textValue=1636]
10:48:05,425 [main] DEBUG org.activiti.engine.impl.db.DbSqlSession  -   insert VariableInstanceEntity[id=6074, name=var2966, type=integer, longValue=2966, textValue=2966]
10:48:05,426 [main] DEBUG org.activiti.engine.impl.db.DbSqlSession  -   insert VariableInstanceEntity[id=6075, name=var154, type=integer, longValue=154, textValue=154]
10:48:05,426 [main] DEBUG org.activiti.engine.impl.db.DbSqlSession  -   insert VariableInstanceEntity[id=6076, name=var1633, type=integer, longValue=1633, textValue=1633]
10:48:05,426 [main] DEBUG org.activiti.engine.impl.db.DbSqlSession  -   insert VariableInstanceEntity[id=6077, name=var2965, type=integer, longValue=2965, textValue=2965]
10:48:05,426 [main] DEBUG org.activiti.engine.impl.db.DbSqlSession  -   insert VariableInstanceEntity[id=6078, name=var153, type=integer, longValue=153, textValue=153]
10:48:05,426 [main] DEBUG org.activiti.engine.impl.db.DbSqlSession  -   insert VariableInstanceEntity[id=6079, name=var1634, type=integer, longValue=1634, textValue=1634]
10:48:05,426 [main] DEBUG org.activiti.engine.impl.db.DbSqlSession  -   insert VariableInstanceEntity[id=6080, name=var2964, type=integer, longValue=2964, textValue=2964]
10:48:05,426 [main] DEBUG org.activiti.engine.impl.db.DbSqlSession  -   insert VariableInstanceEntity[id=6081, name=var1639, type=integer, longValue=1639, textValue=1639]
10:48:05,426 [main] DEBUG org.activiti.engine.impl.db.DbSqlSession  -   insert VariableInstanceEntity[id=6082, name=var1637, type=integer, longValue=1637, textValue=1637]
10:48:05,426 [main] DEBUG org.activiti.engine.impl.db.DbSqlSession  -   insert VariableInstanceEntity[id=6083, name=var2969, type=integer, longValue=2969, textValue=2969]
10:48:05,426 [main] DEBUG org.activiti.engine.impl.db.DbSqlSession  -   insert VariableInstanceEntity[id=6084, name=var1638, type=integer, longValue=1638, textValue=1638]
10:48:05,426 [main] DEBUG org.activiti.engine.impl.db.DbSqlSession  -   insert VariableInstanceEntity[id=6085, name=var2968, type=integer, longValue=2968, textValue=2968]
10:48:05,426 [main] DEBUG org.activiti.engine.impl.db.DbSqlSession  -   insert VariableInstanceEntity[id=6086, name=var2970, type=integer, longValue=2970, textValue=2970]
10:48:05,426 [main] DEBUG org.activiti.engine.impl.db.DbSqlSession  -   insert VariableInstanceEntity[id=6087, name=var1642, type=integer, longValue=1642, textValue=1642]
10:48:05,426 [main] DEBUG org.activiti.engine.impl.db.DbSqlSession  -   insert VariableInstanceEntity[id=6088, name=var2974, type=integer, longValue=2974, textValue=2974]
10:48:05,426 [main] DEBUG org.activiti.engine.impl.db.DbSqlSession  -   insert VariableInstanceEntity[id=6089, name=var1643, type=integer, longValue=1643, textValue=1643]
10:48:05,426 [main] DEBUG org.activiti.engine.impl.db.DbSqlSession  -   insert VariableInstanceEntity[id=6090, name=var2973, type=integer, longValue=2973, textValue=2973]
10:48:05,426 [main] DEBUG org.activiti.engine.impl.db.DbSqlSession  -   insert VariableInstanceEntity[id=6091, name=var1640, type=integer, longValue=1640, textValue=1640]
10:48:05,426 [main] DEBUG org.activiti.engine.impl.db.DbSqlSession  -   insert VariableInstanceEntity[id=6092, name=var2972, type=integer, longValue=2972, textValue=2972]
10:48:05,426 [main] DEBUG org.activiti.engine.impl.db.DbSqlSession  -   insert VariableInstanceEntity[id=6093, name=var1641, type=integer, longValue=1641, textValue=1641]
10:48:05,426 [main] DEBUG org.activiti.engine.impl.db.DbSqlSession  -   insert VariableInstanceEntity[id=6094, name=var2971, type=integer, longValue=2971, textValue=2971]
10:48:05,426 [main] DEBUG org.activiti.engine.impl.db.DbSqlSession  -   insert VariableInstanceEntity[id=6095, name=var1646, type=integer, longValue=1646, textValue=1646]
10:48:05,426 [main] DEBUG org.activiti.engine.impl.db.DbSqlSession  -   insert VariableInstanceEntity[id=6096, name=var2978, type=integer, longValue=2978, textValue=2978]
10:48:05,426 [main] DEBUG org.activiti.engine.impl.db.DbSqlSession  -   insert VariableInstanceEntity[id=6097, name=var1647, type=integer, longValue=1647, textValue=1647]
10:48:05,426 [main] DEBUG org.activiti.engine.impl.db.DbSqlSession  -   insert VariableInstanceEntity[id=6098, name=var2977, type=integer, longValue=2977, textValue=2977]
10:48:05,426 [main] DEBUG org.activiti.engine.impl.db.DbSqlSession  -   insert VariableInstanceEntity[id=6099, name=var1644, type=integer, longValue=1644, textValue=1644]
10:48:05,426 [main] DEBUG org.activiti.engine.impl.db.DbSqlSession  -   insert VariableInstanceEntity[id=6100, name=var2976, type=integer, longValue=2976, textValue=2976]
10:48:05,426 [main] DEBUG org.activiti.engine.impl.db.DbSqlSession  -   insert VariableInstanceEntity[id=6101, name=var1645, type=integer, longValue=1645, textValue=1645]
10:48:05,426 [main] DEBUG org.activiti.engine.impl.db.DbSqlSession  -   insert VariableInstanceEntity[id=6102, name=var2975, type=integer, longValue=2975, textValue=2975]
10:48:05,426 [main] DEBUG org.activiti.engine.impl.db.DbSqlSession  -   insert VariableInstanceEntity[id=6103, name=var1648, type=integer, longValue=1648, textValue=1648]
10:48:05,426 [main] DEBUG org.activiti.engine.impl.db.DbSqlSession  -   insert VariableInstanceEntity[id=6104, name=var1649, type=integer, longValue=1649, textValue=1649]
10:48:05,426 [main] DEBUG org.activiti.engine.impl.db.DbSqlSession  -   insert VariableInstanceEntity[id=6105, name=var2979, type=integer, longValue=2979, textValue=2979]
10:48:05,426 [main] DEBUG org.activiti.engine.impl.db.DbSqlSession  -   insert VariableInstanceEntity[id=6106, name=var2981, type=integer, longValue=2981, textValue=2981]
10:48:05,426 [main] DEBUG org.activiti.engine.impl.db.DbSqlSession  -   insert VariableInstanceEntity[id=6107, name=var1650, type=integer, longValue=1650, textValue=1650]
10:48:05,426 [main] DEBUG org.activiti.engine.impl.db.DbSqlSession  -   insert VariableInstanceEntity[id=6108, name=var2980, type=integer, longValue=2980, textValue=2980]
10:48:05,427 [main] DEBUG org.activiti.engine.impl.db.DbSqlSession  -   insert VariableInstanceEntity[id=6109, name=var1653, type=integer, longValue=1653, textValue=1653]
10:48:05,427 [main] DEBUG org.activiti.engine.impl.db.DbSqlSession  -   insert VariableInstanceEntity[id=6110, name=var2985, type=integer, longValue=2985, textValue=2985]
10:48:05,427 [main] DEBUG org.activiti.engine.impl.db.DbSqlSession  -   insert VariableInstanceEntity[id=6111, name=var1654, type=integer, longValue=1654, textValue=1654]
10:48:05,427 [main] DEBUG org.activiti.engine.impl.db.DbSqlSession  -   insert VariableInstanceEntity[id=6112, name=var2984, type=integer, longValue=2984, textValue=2984]
10:48:05,427 [main] DEBUG org.activiti.engine.impl.db.DbSqlSession  -   insert VariableInstanceEntity[id=6113, name=var1651, type=integer, longValue=1651, textValue=1651]
10:48:05,427 [main] DEBUG org.activiti.engine.impl.db.DbSqlSession  -   insert VariableInstanceEntity[id=6114, name=var2983, type=integer, longValue=2983, textValue=2983]
10:48:05,427 [main] DEBUG org.activiti.engine.impl.db.DbSqlSession  -   insert VariableInstanceEntity[id=6115, name=var1652, type=integer, longValue=1652, textValue=1652]
10:48:05,427 [main] DEBUG org.activiti.engine.impl.db.DbSqlSession  -   insert VariableInstanceEntity[id=6116, name=var2982, type=integer, longValue=2982, textValue=2982]
10:48:05,427 [main] DEBUG org.activiti.engine.impl.db.DbSqlSession  -   insert VariableInstanceEntity[id=6117, name=var1657, type=integer, longValue=1657, textValue=1657]
10:48:05,427 [main] DEBUG org.activiti.engine.impl.db.DbSqlSession  -   insert VariableInstanceEntity[id=6118, name=var2989, type=integer, longValue=2989, textValue=2989]
10:48:05,427 [main] DEBUG org.activiti.engine.impl.db.DbSqlSession  -   insert VariableInstanceEntity[id=6119, name=var1658, type=integer, longValue=1658, textValue=1658]
10:48:05,427 [main] DEBUG org.activiti.engine.impl.db.DbSqlSession  -   insert VariableInstanceEntity[id=6120, name=var2988, type=integer, longValue=2988, textValue=2988]
10:48:05,427 [main] DEBUG org.activiti.engine.impl.db.DbSqlSession  -   insert VariableInstanceEntity[id=6121, name=var1655, type=integer, longValue=1655, textValue=1655]
10:48:05,427 [main] DEBUG org.activiti.engine.impl.db.DbSqlSession  -   insert VariableInstanceEntity[id=6122, name=var2987, type=integer, longValue=2987, textValue=2987]
10:48:05,427 [main] DEBUG org.activiti.engine.impl.db.DbSqlSession  -   insert VariableInstanceEntity[id=6123, name=var1656, type=integer, longValue=1656, textValue=1656]
10:48:05,423 [Thread-102] DEBUG org.apache.ibatis.transaction.jdbc.JdbcTransaction  - Setting autocommit to false on JDBC Connection [conn59: url=jdbc:h2:mem:activiti-AsyncExecutorTest user=SA]
10:48:05,423 [Thread-111] DEBUG org.apache.ibatis.transaction.jdbc.JdbcTransaction  - Resetting autocommit to true on JDBC Connection [conn70: url=jdbc:h2:mem:activiti-AsyncExecutorTest user=SA]
10:48:05,427 [Thread-102] DEBUG org.activiti.engine.impl.persistence.entity.JobEntity.selectNextTimerJobsToExecute  - ==&gt;  Preparing: select RES.* from ACT_RU_JOB RES LEFT OUTER JOIN ACT_RU_EXECUTION PI ON PI.ID_ = RES.PROCESS_INSTANCE_ID_ where (RES.RETRIES_ &gt; 0) and (RES.DUEDATE_ is null or RES.DUEDATE_ &lt;= ?) and (RES.LOCK_OWNER_ is null or RES.LOCK_EXP_TIME_ &lt;= ?) and TYPE_ = &apos;timer&apos; and ( (RES.EXECUTION_ID_ is null) or (PI.SUSPENSION_STATE_ = 1) ) LIMIT ? OFFSET ? 
10:48:05,427 [main] DEBUG org.activiti.engine.impl.db.DbSqlSession  -   insert VariableInstanceEntity[id=6124, name=var2986, type=integer, longValue=2986, textValue=2986]
10:48:05,427 [main] DEBUG org.activiti.engine.impl.db.DbSqlSession  -   insert VariableInstanceEntity[id=6125, name=var1659, type=integer, longValue=1659, textValue=1659]
10:48:05,427 [main] DEBUG org.activiti.engine.impl.db.DbSqlSession  -   insert VariableInstanceEntity[id=6126, name=var1660, type=integer, longValue=1660, textValue=1660]
10:48:05,427 [main] DEBUG org.activiti.engine.impl.db.DbSqlSession  -   insert VariableInstanceEntity[id=6127, name=var2992, type=integer, longValue=2992, textValue=2992]
10:48:05,427 [main] DEBUG org.activiti.engine.impl.db.DbSqlSession  -   insert VariableInstanceEntity[id=6128, name=var1661, type=integer, longValue=1661, textValue=1661]
10:48:05,427 [main] DEBUG org.activiti.engine.impl.db.DbSqlSession  -   insert VariableInstanceEntity[id=6129, name=var2991, type=integer, longValue=2991, textValue=2991]
10:48:05,427 [main] DEBUG org.activiti.engine.impl.db.DbSqlSession  -   insert VariableInstanceEntity[id=6130, name=var2990, type=integer, longValue=2990, textValue=2990]
10:48:05,427 [main] DEBUG org.activiti.engine.impl.db.DbSqlSession  -   insert VariableInstanceEntity[id=6131, name=var1664, type=integer, longValue=1664, textValue=1664]
10:48:05,427 [main] DEBUG org.activiti.engine.impl.db.DbSqlSession  -   insert VariableInstanceEntity[id=6132, name=var2996, type=integer, longValue=2996, textValue=2996]
10:48:05,427 [main] DEBUG org.activiti.engine.impl.db.DbSqlSession  -   insert VariableInstanceEntity[id=6133, name=var1665, type=integer, longValue=1665, textValue=1665]
10:48:05,427 [main] DEBUG org.activiti.engine.impl.db.DbSqlSession  -   insert VariableInstanceEntity[id=6134, name=var2995, type=integer, longValue=2995, textValue=2995]
10:48:05,427 [main] DEBUG org.activiti.engine.impl.db.DbSqlSession  -   insert VariableInstanceEntity[id=6135, name=var1662, type=integer, longValue=1662, textValue=1662]
10:48:05,427 [main] DEBUG org.activiti.engine.impl.db.DbSqlSession  -   insert VariableInstanceEntity[id=6136, name=var2994, type=integer, longValue=2994, textValue=2994]
10:48:05,427 [main] DEBUG org.activiti.engine.impl.db.DbSqlSession  -   insert VariableInstanceEntity[id=6137, name=var1663, type=integer, longValue=1663, textValue=1663]
10:48:05,427 [main] DEBUG org.activiti.engine.impl.db.DbSqlSession  -   insert VariableInstanceEntity[id=6138, name=var2993, type=integer, longValue=2993, textValue=2993]
10:48:05,427 [main] DEBUG org.activiti.engine.impl.db.DbSqlSession  -   insert VariableInstanceEntity[id=6139, name=var1668, type=integer, longValue=1668, textValue=1668]
10:48:05,428 [main] DEBUG org.activiti.engine.impl.db.DbSqlSession  -   insert VariableInstanceEntity[id=6140, name=var1669, type=integer, longValue=1669, textValue=1669]
10:48:05,428 [main] DEBUG org.activiti.engine.impl.db.DbSqlSession  -   insert VariableInstanceEntity[id=6141, name=var2999, type=integer, longValue=2999, textValue=2999]
10:48:05,428 [main] DEBUG org.activiti.engine.impl.db.DbSqlSession  -   insert VariableInstanceEntity[id=6142, name=var1666, type=integer, longValue=1666, textValue=1666]
10:48:05,428 [main] DEBUG org.activiti.engine.impl.db.DbSqlSession  -   insert VariableInstanceEntity[id=6143, name=var2998, type=integer, longValue=2998, textValue=2998]
10:48:05,428 [main] DEBUG org.activiti.engine.impl.db.DbSqlSession  -   insert VariableInstanceEntity[id=6144, name=var1667, type=integer, longValue=1667, textValue=1667]
10:48:05,428 [main] DEBUG org.activiti.engine.impl.db.DbSqlSession  -   insert VariableInstanceEntity[id=6145, name=var2997, type=integer, longValue=2997, textValue=2997]
10:48:05,428 [main] DEBUG org.activiti.engine.impl.db.DbSqlSession  -   insert VariableInstanceEntity[id=6146, name=var1671, type=integer, longValue=1671, textValue=1671]
10:48:05,428 [main] DEBUG org.activiti.engine.impl.db.DbSqlSession  -   insert VariableInstanceEntity[id=6147, name=var1672, type=integer, longValue=1672, textValue=1672]
10:48:05,428 [main] DEBUG org.activiti.engine.impl.db.DbSqlSession  -   insert VariableInstanceEntity[id=6148, name=var1670, type=integer, longValue=1670, textValue=1670]
10:48:05,428 [main] DEBUG org.activiti.engine.impl.db.DbSqlSession  -   insert VariableInstanceEntity[id=6149, name=var1675, type=integer, longValue=1675, textValue=1675]
10:48:05,428 [main] DEBUG org.activiti.engine.impl.db.DbSqlSession  -   insert VariableInstanceEntity[id=6150, name=var1676, type=integer, longValue=1676, textValue=1676]
10:48:05,428 [main] DEBUG org.activiti.engine.impl.db.DbSqlSession  -   insert VariableInstanceEntity[id=6151, name=var1673, type=integer, longValue=1673, textValue=1673]
10:48:05,428 [main] DEBUG org.activiti.engine.impl.db.DbSqlSession  -   insert VariableInstanceEntity[id=6152, name=var1674, type=integer, longValue=1674, textValue=1674]
10:48:05,428 [main] DEBUG org.activiti.engine.impl.db.DbSqlSession  -   insert VariableInstanceEntity[id=6153, name=var1679, type=integer, longValue=1679, textValue=1679]
10:48:05,428 [main] DEBUG org.activiti.engine.impl.db.DbSqlSession  -   insert VariableInstanceEntity[id=6154, name=var1677, type=integer, longValue=1677, textValue=1677]
10:48:05,428 [main] DEBUG org.activiti.engine.impl.db.DbSqlSession  -   insert VariableInstanceEntity[id=6155, name=var1678, type=integer, longValue=1678, textValue=1678]
10:48:05,428 [main] DEBUG org.activiti.engine.impl.db.DbSqlSession  -   insert VariableInstanceEntity[id=6156, name=var1682, type=integer, longValue=1682, textValue=1682]
10:48:05,428 [main] DEBUG org.activiti.engine.impl.db.DbSqlSession  -   insert VariableInstanceEntity[id=6157, name=var1683, type=integer, longValue=1683, textValue=1683]
10:48:05,428 [main] DEBUG org.activiti.engine.impl.db.DbSqlSession  -   insert VariableInstanceEntity[id=6158, name=var1680, type=integer, longValue=1680, textValue=1680]
10:48:05,428 [main] DEBUG org.activiti.engine.impl.db.DbSqlSession  -   insert VariableInstanceEntity[id=6159, name=var1681, type=integer, longValue=1681, textValue=1681]
10:48:05,428 [main] DEBUG org.activiti.engine.impl.db.DbSqlSession  -   insert VariableInstanceEntity[id=6160, name=var1686, type=integer, longValue=1686, textValue=1686]
10:48:05,428 [main] DEBUG org.activiti.engine.impl.db.DbSqlSession  -   insert VariableInstanceEntity[id=6161, name=var1687, type=integer, longValue=1687, textValue=1687]
10:48:05,428 [main] DEBUG org.activiti.engine.impl.db.DbSqlSession  -   insert VariableInstanceEntity[id=6162, name=var1684, type=integer, longValue=1684, textValue=1684]
10:48:05,428 [main] DEBUG org.activiti.engine.impl.db.DbSqlSession  -   insert VariableInstanceEntity[id=6163, name=var1685, type=integer, longValue=1685, textValue=1685]
10:48:05,428 [main] DEBUG org.activiti.engine.impl.db.DbSqlSession  -   insert VariableInstanceEntity[id=6164, name=var1688, type=integer, longValue=1688, textValue=1688]
10:48:05,428 [main] DEBUG org.activiti.engine.impl.db.DbSqlSession  -   insert VariableInstanceEntity[id=6165, name=var1689, type=integer, longValue=1689, textValue=1689]
10:48:05,428 [main] DEBUG org.activiti.engine.impl.db.DbSqlSession  -   insert VariableInstanceEntity[id=6166, name=var1690, type=integer, longValue=1690, textValue=1690]
10:48:05,428 [main] DEBUG org.activiti.engine.impl.db.DbSqlSession  -   insert VariableInstanceEntity[id=6167, name=var1693, type=integer, longValue=1693, textValue=1693]
10:48:05,428 [main] DEBUG org.activiti.engine.impl.db.DbSqlSession  -   insert VariableInstanceEntity[id=6168, name=var1694, type=integer, longValue=1694, textValue=1694]
10:48:05,428 [main] DEBUG org.activiti.engine.impl.db.DbSqlSession  -   insert VariableInstanceEntity[id=6169, name=var1691, type=integer, longValue=1691, textValue=1691]
10:48:05,428 [main] DEBUG org.activiti.engine.impl.db.DbSqlSession  -   insert VariableInstanceEntity[id=6170, name=var1692, type=integer, longValue=1692, textValue=1692]
10:48:05,428 [main] DEBUG org.activiti.engine.impl.db.DbSqlSession  -   insert VariableInstanceEntity[id=6171, name=var1697, type=integer, longValue=1697, textValue=1697]
10:48:05,428 [main] DEBUG org.activiti.engine.impl.db.DbSqlSession  -   insert VariableInstanceEntity[id=6172, name=var1698, type=integer, longValue=1698, textValue=1698]
10:48:05,428 [main] DEBUG org.activiti.engine.impl.db.DbSqlSession  -   insert VariableInstanceEntity[id=6173, name=var1695, type=integer, longValue=1695, textValue=1695]
10:48:05,428 [main] DEBUG org.activiti.engine.impl.db.DbSqlSession  -   insert VariableInstanceEntity[id=6174, name=var1696, type=integer, longValue=1696, textValue=1696]
10:48:05,428 [main] DEBUG org.activiti.engine.impl.db.DbSqlSession  -   insert VariableInstanceEntity[id=6175, name=var1699, type=integer, longValue=1699, textValue=1699]
10:48:05,428 [main] DEBUG org.activiti.engine.impl.db.DbSqlSession  -   insert VariableInstanceEntity[id=6176, name=var9, type=integer, longValue=9, textValue=9]
10:48:05,428 [main] DEBUG org.activiti.engine.impl.db.DbSqlSession  -   insert VariableInstanceEntity[id=6177, name=var8, type=integer, longValue=8, textValue=8]
10:48:05,428 [main] DEBUG org.activiti.engine.impl.db.DbSqlSession  -   insert VariableInstanceEntity[id=6178, name=var7, type=integer, longValue=7, textValue=7]
10:48:05,428 [main] DEBUG org.activiti.engine.impl.db.DbSqlSession  -   insert VariableInstanceEntity[id=6179, name=var3403, type=integer, longValue=3403, textValue=3403]
10:48:05,428 [main] DEBUG org.activiti.engine.impl.db.DbSqlSession  -   insert VariableInstanceEntity[id=6180, name=var3402, type=integer, longValue=3402, textValue=3402]
10:48:05,428 [main] DEBUG org.activiti.engine.impl.db.DbSqlSession  -   insert VariableInstanceEntity[id=6181, name=var3401, type=integer, longValue=3401, textValue=3401]
10:48:05,428 [main] DEBUG org.activiti.engine.impl.db.DbSqlSession  -   insert VariableInstanceEntity[id=6182, name=var3400, type=integer, longValue=3400, textValue=3400]
10:48:05,429 [main] DEBUG org.activiti.engine.impl.db.DbSqlSession  -   insert VariableInstanceEntity[id=6183, name=var3407, type=integer, longValue=3407, textValue=3407]
10:48:05,429 [main] DEBUG org.activiti.engine.impl.db.DbSqlSession  -   insert VariableInstanceEntity[id=6184, name=var3406, type=integer, longValue=3406, textValue=3406]
10:48:05,429 [main] DEBUG org.activiti.engine.impl.db.DbSqlSession  -   insert VariableInstanceEntity[id=6185, name=var3405, type=integer, longValue=3405, textValue=3405]
10:48:05,429 [main] DEBUG org.activiti.engine.impl.db.DbSqlSession  -   insert VariableInstanceEntity[id=6186, name=var3404, type=integer, longValue=3404, textValue=3404]
10:48:05,429 [main] DEBUG org.activiti.engine.impl.db.DbSqlSession  -   insert VariableInstanceEntity[id=6187, name=var3409, type=integer, longValue=3409, textValue=3409]
10:48:05,429 [main] DEBUG org.activiti.engine.impl.db.DbSqlSession  -   insert VariableInstanceEntity[id=6188, name=var3408, type=integer, longValue=3408, textValue=3408]
10:48:05,429 [main] DEBUG org.activiti.engine.impl.db.DbSqlSession  -   insert VariableInstanceEntity[id=6189, name=var6, type=integer, longValue=6, textValue=6]
10:48:05,429 [main] DEBUG org.activiti.engine.impl.db.DbSqlSession  -   insert VariableInstanceEntity[id=6190, name=var5, type=integer, longValue=5, textValue=5]
10:48:05,429 [main] DEBUG org.activiti.engine.impl.db.DbSqlSession  -   insert VariableInstanceEntity[id=6191, name=var4, type=integer, longValue=4, textValue=4]
10:48:05,429 [main] DEBUG org.activiti.engine.impl.db.DbSqlSession  -   insert VariableInstanceEntity[id=6192, name=var3, type=integer, longValue=3, textValue=3]
10:48:05,429 [main] DEBUG org.activiti.engine.impl.db.DbSqlSession  -   insert VariableInstanceEntity[id=6193, name=var2, type=integer, longValue=2, textValue=2]
10:48:05,429 [main] DEBUG org.activiti.engine.impl.db.DbSqlSession  -   insert VariableInstanceEntity[id=6194, name=var1, type=integer, longValue=1, textValue=1]
10:48:05,429 [main] DEBUG org.activiti.engine.impl.db.DbSqlSession  -   insert VariableInstanceEntity[id=6195, name=var0, type=integer, longValue=0, textValue=0]
10:48:05,429 [main] DEBUG org.activiti.engine.impl.db.DbSqlSession  -   insert VariableInstanceEntity[id=6196, name=var3410, type=integer, longValue=3410, textValue=3410]
10:48:05,429 [main] DEBUG org.activiti.engine.impl.db.DbSqlSession  -   insert VariableInstanceEntity[id=6197, name=var3414, type=integer, longValue=3414, textValue=3414]
10:48:05,429 [main] DEBUG org.activiti.engine.impl.db.DbSqlSession  -   insert VariableInstanceEntity[id=6198, name=var3413, type=integer, longValue=3413, textValue=3413]
10:48:05,429 [main] DEBUG org.activiti.engine.impl.db.DbSqlSession  -   insert VariableInstanceEntity[id=6199, name=var3412, type=integer, longValue=3412, textValue=3412]
10:48:05,429 [main] DEBUG org.activiti.engine.impl.db.DbSqlSession  -   insert VariableInstanceEntity[id=6200, name=var3411, type=integer, longValue=3411, textValue=3411]
10:48:05,429 [main] DEBUG org.activiti.engine.impl.db.DbSqlSession  -   insert VariableInstanceEntity[id=6201, name=var3418, type=integer, longValue=3418, textValue=3418]
10:48:05,429 [main] DEBUG org.activiti.engine.impl.db.DbSqlSession  -   insert VariableInstanceEntity[id=6202, name=var3417, type=integer, longValue=3417, textValue=3417]
10:48:05,429 [main] DEBUG org.activiti.engine.impl.db.DbSqlSession  -   insert VariableInstanceEntity[id=6203, name=var3416, type=integer, longValue=3416, textValue=3416]
10:48:05,429 [main] DEBUG org.activiti.engine.impl.db.DbSqlSession  -   insert VariableInstanceEntity[id=6204, name=var3415, type=integer, longValue=3415, textValue=3415]
10:48:05,429 [main] DEBUG org.activiti.engine.impl.db.DbSqlSession  -   insert VariableInstanceEntity[id=6205, name=var3419, type=integer, longValue=3419, textValue=3419]
10:48:05,429 [main] DEBUG org.activiti.engine.impl.db.DbSqlSession  -   insert VariableInstanceEntity[id=6206, name=var3300, type=integer, longValue=3300, textValue=3300]
10:48:05,429 [main] DEBUG org.activiti.engine.impl.db.DbSqlSession  -   insert VariableInstanceEntity[id=6207, name=var3304, type=integer, longValue=3304, textValue=3304]
10:48:05,429 [main] DEBUG org.activiti.engine.impl.db.DbSqlSession  -   insert VariableInstanceEntity[id=6208, name=var3303, type=integer, longValue=3303, textValue=3303]
10:48:05,429 [main] DEBUG org.activiti.engine.impl.db.DbSqlSession  -   insert VariableInstanceEntity[id=6209, name=var3302, type=integer, longValue=3302, textValue=3302]
10:48:05,429 [main] DEBUG org.activiti.engine.impl.db.DbSqlSession  -   insert VariableInstanceEntity[id=6210, name=var3301, type=integer, longValue=3301, textValue=3301]
10:48:05,429 [main] DEBUG org.activiti.engine.impl.db.DbSqlSession  -   insert VariableInstanceEntity[id=6211, name=var3308, type=integer, longValue=3308, textValue=3308]
10:48:05,429 [main] DEBUG org.activiti.engine.impl.db.DbSqlSession  -   insert VariableInstanceEntity[id=6212, name=var3307, type=integer, longValue=3307, textValue=3307]
10:48:05,429 [main] DEBUG org.activiti.engine.impl.db.DbSqlSession  -   insert VariableInstanceEntity[id=6213, name=var3306, type=integer, longValue=3306, textValue=3306]
10:48:05,429 [main] DEBUG org.activiti.engine.impl.db.DbSqlSession  -   insert VariableInstanceEntity[id=6214, name=var3305, type=integer, longValue=3305, textValue=3305]
10:48:05,429 [main] DEBUG org.activiti.engine.impl.db.DbSqlSession  -   insert VariableInstanceEntity[id=6215, name=var3309, type=integer, longValue=3309, textValue=3309]
10:48:05,429 [main] DEBUG org.activiti.engine.impl.db.DbSqlSession  -   insert VariableInstanceEntity[id=6216, name=var3311, type=integer, longValue=3311, textValue=3311]
10:48:05,429 [main] DEBUG org.activiti.engine.impl.db.DbSqlSession  -   insert VariableInstanceEntity[id=6217, name=var3310, type=integer, longValue=3310, textValue=3310]
10:48:05,429 [main] DEBUG org.activiti.engine.impl.db.DbSqlSession  -   insert VariableInstanceEntity[id=6218, name=var3315, type=integer, longValue=3315, textValue=3315]
10:48:05,429 [main] DEBUG org.activiti.engine.impl.db.DbSqlSession  -   insert VariableInstanceEntity[id=6219, name=var3314, type=integer, longValue=3314, textValue=3314]
10:48:05,429 [main] DEBUG org.activiti.engine.impl.db.DbSqlSession  -   insert VariableInstanceEntity[id=6220, name=var3313, type=integer, longValue=3313, textValue=3313]
10:48:05,429 [main] DEBUG org.activiti.engine.impl.db.DbSqlSession  -   insert VariableInstanceEntity[id=6221, name=var3312, type=integer, longValue=3312, textValue=3312]
10:48:05,429 [main] DEBUG org.activiti.engine.impl.db.DbSqlSession  -   insert VariableInstanceEntity[id=6222, name=var3319, type=integer, longValue=3319, textValue=3319]
10:48:05,429 [main] DEBUG org.activiti.engine.impl.db.DbSqlSession  -   insert VariableInstanceEntity[id=6223, name=var3318, type=integer, longValue=3318, textValue=3318]
10:48:05,430 [main] DEBUG org.activiti.engine.impl.db.DbSqlSession  -   insert VariableInstanceEntity[id=6224, name=var3317, type=integer, longValue=3317, textValue=3317]
10:48:05,430 [main] DEBUG org.activiti.engine.impl.db.DbSqlSession  -   insert VariableInstanceEntity[id=6225, name=var3316, type=integer, longValue=3316, textValue=3316]
10:48:05,430 [main] DEBUG org.activiti.engine.impl.db.DbSqlSession  -   insert VariableInstanceEntity[id=6226, name=var3322, type=integer, longValue=3322, textValue=3322]
10:48:05,430 [main] DEBUG org.activiti.engine.impl.db.DbSqlSession  -   insert VariableInstanceEntity[id=6227, name=var3321, type=integer, longValue=3321, textValue=3321]
10:48:05,430 [main] DEBUG org.activiti.engine.impl.db.DbSqlSession  -   insert VariableInstanceEntity[id=6228, name=var3320, type=integer, longValue=3320, textValue=3320]
10:48:05,430 [main] DEBUG org.activiti.engine.impl.db.DbSqlSession  -   insert VariableInstanceEntity[id=6229, name=var3326, type=integer, longValue=3326, textValue=3326]
10:48:05,430 [main] DEBUG org.activiti.engine.impl.db.DbSqlSession  -   insert VariableInstanceEntity[id=6230, name=var3325, type=integer, longValue=3325, textValue=3325]
10:48:05,430 [main] DEBUG org.activiti.engine.impl.db.DbSqlSession  -   insert VariableInstanceEntity[id=6231, name=var3324, type=integer, longValue=3324, textValue=3324]
10:48:05,430 [main] DEBUG org.activiti.engine.impl.db.DbSqlSession  -   insert VariableInstanceEntity[id=6232, name=var3323, type=integer, longValue=3323, textValue=3323]
10:48:05,430 [main] DEBUG org.activiti.engine.impl.db.DbSqlSession  -   insert VariableInstanceEntity[id=6233, name=var3329, type=integer, longValue=3329, textValue=3329]
10:48:05,430 [main] DEBUG org.activiti.engine.impl.db.DbSqlSession  -   insert VariableInstanceEntity[id=6234, name=var3328, type=integer, longValue=3328, textValue=3328]
10:48:05,430 [main] DEBUG org.activiti.engine.impl.db.DbSqlSession  -   insert VariableInstanceEntity[id=6235, name=var3327, type=integer, longValue=3327, textValue=3327]
10:48:05,430 [main] DEBUG org.activiti.engine.impl.db.DbSqlSession  -   insert VariableInstanceEntity[id=6236, name=var2002, type=integer, longValue=2002, textValue=2002]
10:48:05,430 [main] DEBUG org.activiti.engine.impl.db.DbSqlSession  -   insert VariableInstanceEntity[id=6237, name=var3333, type=integer, longValue=3333, textValue=3333]
10:48:05,430 [main] DEBUG org.activiti.engine.impl.db.DbSqlSession  -   insert VariableInstanceEntity[id=6238, name=var2001, type=integer, longValue=2001, textValue=2001]
10:48:05,430 [main] DEBUG org.activiti.engine.impl.db.DbSqlSession  -   insert VariableInstanceEntity[id=6239, name=var3332, type=integer, longValue=3332, textValue=3332]
10:48:05,430 [main] DEBUG org.activiti.engine.impl.db.DbSqlSession  -   insert VariableInstanceEntity[id=6240, name=var2000, type=integer, longValue=2000, textValue=2000]
10:48:05,430 [main] DEBUG org.activiti.engine.impl.db.DbSqlSession  -   insert VariableInstanceEntity[id=6241, name=var3331, type=integer, longValue=3331, textValue=3331]
10:48:05,430 [main] DEBUG org.activiti.engine.impl.db.DbSqlSession  -   insert VariableInstanceEntity[id=6242, name=var3330, type=integer, longValue=3330, textValue=3330]
10:48:05,430 [main] DEBUG org.activiti.engine.impl.db.DbSqlSession  -   insert VariableInstanceEntity[id=6243, name=var996, type=integer, longValue=996, textValue=996]
10:48:05,430 [main] DEBUG org.activiti.engine.impl.db.DbSqlSession  -   insert VariableInstanceEntity[id=6244, name=var2006, type=integer, longValue=2006, textValue=2006]
10:48:05,430 [main] DEBUG org.activiti.engine.impl.db.DbSqlSession  -   insert VariableInstanceEntity[id=6245, name=var3337, type=integer, longValue=3337, textValue=3337]
10:48:05,430 [main] DEBUG org.activiti.engine.impl.db.DbSqlSession  -   insert VariableInstanceEntity[id=6246, name=var995, type=integer, longValue=995, textValue=995]
10:48:05,430 [main] DEBUG org.activiti.engine.impl.db.DbSqlSession  -   insert VariableInstanceEntity[id=6247, name=var2005, type=integer, longValue=2005, textValue=2005]
10:48:05,430 [main] DEBUG org.activiti.engine.impl.db.DbSqlSession  -   insert VariableInstanceEntity[id=6248, name=var3336, type=integer, longValue=3336, textValue=3336]
10:48:05,430 [main] DEBUG org.activiti.engine.impl.db.DbSqlSession  -   insert VariableInstanceEntity[id=6249, name=var994, type=integer, longValue=994, textValue=994]
10:48:05,430 [main] DEBUG org.activiti.engine.impl.db.DbSqlSession  -   insert VariableInstanceEntity[id=6250, name=var2004, type=integer, longValue=2004, textValue=2004]
10:48:05,430 [main] DEBUG org.activiti.engine.impl.db.DbSqlSession  -   insert VariableInstanceEntity[id=6251, name=var3335, type=integer, longValue=3335, textValue=3335]
10:48:05,430 [main] DEBUG org.activiti.engine.impl.db.DbSqlSession  -   insert VariableInstanceEntity[id=6252, name=var993, type=integer, longValue=993, textValue=993]
10:48:05,430 [main] DEBUG org.activiti.engine.impl.db.DbSqlSession  -   insert VariableInstanceEntity[id=6253, name=var2003, type=integer, longValue=2003, textValue=2003]
10:48:05,430 [main] DEBUG org.activiti.engine.impl.db.DbSqlSession  -   insert VariableInstanceEntity[id=6254, name=var3334, type=integer, longValue=3334, textValue=3334]
10:48:05,430 [main] DEBUG org.activiti.engine.impl.db.DbSqlSession  -   insert VariableInstanceEntity[id=6255, name=var992, type=integer, longValue=992, textValue=992]
10:48:05,430 [main] DEBUG org.activiti.engine.impl.db.DbSqlSession  -   insert VariableInstanceEntity[id=6256, name=var991, type=integer, longValue=991, textValue=991]
10:48:05,430 [main] DEBUG org.activiti.engine.impl.db.DbSqlSession  -   insert VariableInstanceEntity[id=6257, name=var2009, type=integer, longValue=2009, textValue=2009]
10:48:05,430 [main] DEBUG org.activiti.engine.impl.db.DbSqlSession  -   insert VariableInstanceEntity[id=6258, name=var990, type=integer, longValue=990, textValue=990]
10:48:05,430 [main] DEBUG org.activiti.engine.impl.db.DbSqlSession  -   insert VariableInstanceEntity[id=6259, name=var2008, type=integer, longValue=2008, textValue=2008]
10:48:05,430 [main] DEBUG org.activiti.engine.impl.db.DbSqlSession  -   insert VariableInstanceEntity[id=6260, name=var3339, type=integer, longValue=3339, textValue=3339]
10:48:05,430 [main] DEBUG org.activiti.engine.impl.db.DbSqlSession  -   insert VariableInstanceEntity[id=6261, name=var2007, type=integer, longValue=2007, textValue=2007]
10:48:05,430 [main] DEBUG org.activiti.engine.impl.db.DbSqlSession  -   insert VariableInstanceEntity[id=6262, name=var3338, type=integer, longValue=3338, textValue=3338]
10:48:05,430 [main] DEBUG org.activiti.engine.impl.db.DbSqlSession  -   insert VariableInstanceEntity[id=6263, name=var999, type=integer, longValue=999, textValue=999]
10:48:05,431 [main] DEBUG org.activiti.engine.impl.db.DbSqlSession  -   insert VariableInstanceEntity[id=6264, name=var998, type=integer, longValue=998, textValue=998]
10:48:05,431 [main] DEBUG org.activiti.engine.impl.db.DbSqlSession  -   insert VariableInstanceEntity[id=6265, name=var997, type=integer, longValue=997, textValue=997]
10:48:05,431 [main] DEBUG org.activiti.engine.impl.db.DbSqlSession  -   insert VariableInstanceEntity[id=6266, name=var3340, type=integer, longValue=3340, textValue=3340]
10:48:05,431 [main] DEBUG org.activiti.engine.impl.db.DbSqlSession  -   insert VariableInstanceEntity[id=6267, name=var2013, type=integer, longValue=2013, textValue=2013]
10:48:05,431 [main] DEBUG org.activiti.engine.impl.db.DbSqlSession  -   insert VariableInstanceEntity[id=6268, name=var3344, type=integer, longValue=3344, textValue=3344]
10:48:05,431 [main] DEBUG org.activiti.engine.impl.db.DbSqlSession  -   insert VariableInstanceEntity[id=6269, name=var2012, type=integer, longValue=2012, textValue=2012]
10:48:05,431 [main] DEBUG org.activiti.engine.impl.db.DbSqlSession  -   insert VariableInstanceEntity[id=6270, name=var3343, type=integer, longValue=3343, textValue=3343]
10:48:05,431 [main] DEBUG org.activiti.engine.impl.db.DbSqlSession  -   insert VariableInstanceEntity[id=6271, name=var2011, type=integer, longValue=2011, textValue=2011]
10:48:05,431 [main] DEBUG org.activiti.engine.impl.db.DbSqlSession  -   insert VariableInstanceEntity[id=6272, name=var3342, type=integer, longValue=3342, textValue=3342]
10:48:05,427 [Thread-102] DEBUG org.activiti.engine.impl.persistence.entity.JobEntity.selectNextTimerJobsToExecute  - ==&gt; Parameters: 2023-03-20 10:48:05.423(Timestamp), 2023-03-20 10:48:05.423(Timestamp), 1(Integer), 0(Integer)
10:48:05,427 [Thread-111] DEBUG org.apache.ibatis.transaction.jdbc.JdbcTransaction  - Closing JDBC Connection [conn70: url=jdbc:h2:mem:activiti-AsyncExecutorTest user=SA]
10:48:05,431 [main] DEBUG org.activiti.engine.impl.db.DbSqlSession  -   insert VariableInstanceEntity[id=6273, name=var2010, type=integer, longValue=2010, textValue=2010]
10:48:05,431 [main] DEBUG org.activiti.engine.impl.db.DbSqlSession  -   insert VariableInstanceEntity[id=6274, name=var3341, type=integer, longValue=3341, textValue=3341]
10:48:05,431 [Thread-102] DEBUG org.activiti.engine.impl.persistence.entity.JobEntity.selectNextTimerJobsToExecute  - &lt;==      Total: 0
10:48:05,431 [Thread-111] DEBUG org.apache.ibatis.datasource.pooled.PooledDataSource  - Returned connection 604408605 to pool.
10:48:05,431 [Thread-102] DEBUG org.activiti.engine.impl.db.DbSqlSession  - flush summary: 0 insert, 0 update, 0 delete.
10:48:05,431 [Thread-102] DEBUG org.activiti.engine.impl.db.DbSqlSession  - now executing flush...
10:48:05,431 [main] DEBUG org.activiti.engine.impl.db.DbSqlSession  -   insert VariableInstanceEntity[id=6275, name=var985, type=integer, longValue=985, textValue=985]
10:48:05,431 [main] DEBUG org.activiti.engine.impl.db.DbSqlSession  -   insert VariableInstanceEntity[id=6276, name=var2017, type=integer, longValue=2017, textValue=2017]
10:48:05,431 [main] DEBUG org.activiti.engine.impl.db.DbSqlSession  -   insert VariableInstanceEntity[id=6277, name=var3348, type=integer, longValue=3348, textValue=3348]
10:48:05,431 [main] DEBUG org.activiti.engine.impl.db.DbSqlSession  -   insert VariableInstanceEntity[id=6278, name=var984, type=integer, longValue=984, textValue=984]
10:48:05,431 [main] DEBUG org.activiti.engine.impl.db.DbSqlSession  -   insert VariableInstanceEntity[id=6279, name=var2016, type=integer, longValue=2016, textValue=2016]
10:48:05,431 [main] DEBUG org.activiti.engine.impl.db.DbSqlSession  -   insert VariableInstanceEntity[id=6280, name=var3347, type=integer, longValue=3347, textValue=3347]
10:48:05,431 [Thread-102] DEBUG org.activiti.engine.impl.cfg.standalone.StandaloneMybatisTransactionContext  - firing event committing...
10:48:05,432 [Thread-102] DEBUG org.activiti.engine.impl.cfg.standalone.StandaloneMybatisTransactionContext  - committing the ibatis sql session...
10:48:05,432 [Thread-102] DEBUG org.activiti.engine.impl.cfg.standalone.StandaloneMybatisTransactionContext  - firing event committed...
10:48:05,431 [Thread-111] DEBUG org.activiti.engine.impl.interceptor.LogInterceptor  - --- AcquireTimerJobsCmd finished --------------------------------------------------------
10:48:05,432 [Thread-111] DEBUG org.activiti.engine.impl.interceptor.LogInterceptor  - 

10:48:05,432 [Thread-102] DEBUG org.apache.ibatis.transaction.jdbc.JdbcTransaction  - Resetting autocommit to true on JDBC Connection [conn59: url=jdbc:h2:mem:activiti-AsyncExecutorTest user=SA]
10:48:05,431 [main] DEBUG org.activiti.engine.impl.db.DbSqlSession  -   insert VariableInstanceEntity[id=6281, name=var983, type=integer, longValue=983, textValue=983]
10:48:05,432 [main] DEBUG org.activiti.engine.impl.db.DbSqlSession  -   insert VariableInstanceEntity[id=6282, name=var2015, type=integer, longValue=2015, textValue=2015]
10:48:05,432 [main] DEBUG org.activiti.engine.impl.db.DbSqlSession  -   insert VariableInstanceEntity[id=6283, name=var3346, type=integer, longValue=3346, textValue=3346]
10:48:05,432 [main] DEBUG org.activiti.engine.impl.db.DbSqlSession  -   insert VariableInstanceEntity[id=6284, name=var982, type=integer, longValue=982, textValue=982]
10:48:05,432 [main] DEBUG org.activiti.engine.impl.db.DbSqlSession  -   insert VariableInstanceEntity[id=6285, name=var2014, type=integer, longValue=2014, textValue=2014]
10:48:05,432 [main] DEBUG org.activiti.engine.impl.db.DbSqlSession  -   insert VariableInstanceEntity[id=6286, name=var3345, type=integer, longValue=3345, textValue=3345]
10:48:05,432 [main] DEBUG org.activiti.engine.impl.db.DbSqlSession  -   insert VariableInstanceEntity[id=6287, name=var981, type=integer, longValue=981, textValue=981]
10:48:05,432 [main] DEBUG org.activiti.engine.impl.db.DbSqlSession  -   insert VariableInstanceEntity[id=6288, name=var980, type=integer, longValue=980, textValue=980]
10:48:05,432 [main] DEBUG org.activiti.engine.impl.db.DbSqlSession  -   insert VariableInstanceEntity[id=6289, name=var2019, type=integer, longValue=2019, textValue=2019]
10:48:05,432 [main] DEBUG org.activiti.engine.impl.db.DbSqlSession  -   insert VariableInstanceEntity[id=6290, name=var2018, type=integer, longValue=2018, textValue=2018]
10:48:05,432 [main] DEBUG org.activiti.engine.impl.db.DbSqlSession  -   insert VariableInstanceEntity[id=6291, name=var3349, type=integer, longValue=3349, textValue=3349]
10:48:05,432 [main] DEBUG org.activiti.engine.impl.db.DbSqlSession  -   insert VariableInstanceEntity[id=6292, name=var989, type=integer, longValue=989, textValue=989]
10:48:05,432 [main] DEBUG org.activiti.engine.impl.db.DbSqlSession  -   insert VariableInstanceEntity[id=6293, name=var988, type=integer, longValue=988, textValue=988]
10:48:05,432 [main] DEBUG org.activiti.engine.impl.db.DbSqlSession  -   insert VariableInstanceEntity[id=6294, name=var987, type=integer, longValue=987, textValue=987]
10:48:05,432 [main] DEBUG org.activiti.engine.impl.db.DbSqlSession  -   insert VariableInstanceEntity[id=6295, name=var986, type=integer, longValue=986, textValue=986]
10:48:05,432 [main] DEBUG org.activiti.engine.impl.db.DbSqlSession  -   insert VariableInstanceEntity[id=6296, name=var2020, type=integer, longValue=2020, textValue=2020]
10:48:05,432 [main] DEBUG org.activiti.engine.impl.db.DbSqlSession  -   insert VariableInstanceEntity[id=6297, name=var3351, type=integer, longValue=3351, textValue=3351]
10:48:05,432 [main] DEBUG org.activiti.engine.impl.db.DbSqlSession  -   insert VariableInstanceEntity[id=6298, name=var3350, type=integer, longValue=3350, textValue=3350]
10:48:05,432 [main] DEBUG org.activiti.engine.impl.db.DbSqlSession  -   insert VariableInstanceEntity[id=6299, name=var2024, type=integer, longValue=2024, textValue=2024]
10:48:05,432 [main] DEBUG org.activiti.engine.impl.db.DbSqlSession  -   insert VariableInstanceEntity[id=6300, name=var3355, type=integer, longValue=3355, textValue=3355]
10:48:05,432 [main] DEBUG org.activiti.engine.impl.db.DbSqlSession  -   insert VariableInstanceEntity[id=6301, name=var2023, type=integer, longValue=2023, textValue=2023]
10:48:05,432 [main] DEBUG org.activiti.engine.impl.db.DbSqlSession  -   insert VariableInstanceEntity[id=6302, name=var3354, type=integer, longValue=3354, textValue=3354]
10:48:05,432 [main] DEBUG org.activiti.engine.impl.db.DbSqlSession  -   insert VariableInstanceEntity[id=6303, name=var2022, type=integer, longValue=2022, textValue=2022]
10:48:05,432 [main] DEBUG org.activiti.engine.impl.db.DbSqlSession  -   insert VariableInstanceEntity[id=6304, name=var3353, type=integer, longValue=3353, textValue=3353]
10:48:05,432 [main] DEBUG org.activiti.engine.impl.db.DbSqlSession  -   insert VariableInstanceEntity[id=6305, name=var2021, type=integer, longValue=2021, textValue=2021]
10:48:05,432 [main] DEBUG org.activiti.engine.impl.db.DbSqlSession  -   insert VariableInstanceEntity[id=6306, name=var3352, type=integer, longValue=3352, textValue=3352]
10:48:05,432 [main] DEBUG org.activiti.engine.impl.db.DbSqlSession  -   insert VariableInstanceEntity[id=6307, name=var974, type=integer, longValue=974, textValue=974]
10:48:05,432 [main] DEBUG org.activiti.engine.impl.db.DbSqlSession  -   insert VariableInstanceEntity[id=6308, name=var2028, type=integer, longValue=2028, textValue=2028]
10:48:05,432 [main] DEBUG org.activiti.engine.impl.db.DbSqlSession  -   insert VariableInstanceEntity[id=6309, name=var3359, type=integer, longValue=3359, textValue=3359]
10:48:05,432 [main] DEBUG org.activiti.engine.impl.db.DbSqlSession  -   insert VariableInstanceEntity[id=6310, name=var973, type=integer, longValue=973, textValue=973]
10:48:05,432 [main] DEBUG org.activiti.engine.impl.db.DbSqlSession  -   insert VariableInstanceEntity[id=6311, name=var2027, type=integer, longValue=2027, textValue=2027]
10:48:05,432 [main] DEBUG org.activiti.engine.impl.db.DbSqlSession  -   insert VariableInstanceEntity[id=6312, name=var3358, type=integer, longValue=3358, textValue=3358]
10:48:05,432 [main] DEBUG org.activiti.engine.impl.db.DbSqlSession  -   insert VariableInstanceEntity[id=6313, name=var972, type=integer, longValue=972, textValue=972]
10:48:05,432 [main] DEBUG org.activiti.engine.impl.db.DbSqlSession  -   insert VariableInstanceEntity[id=6314, name=var2026, type=integer, longValue=2026, textValue=2026]
10:48:05,432 [main] DEBUG org.activiti.engine.impl.db.DbSqlSession  -   insert VariableInstanceEntity[id=6315, name=var3357, type=integer, longValue=3357, textValue=3357]
10:48:05,432 [main] DEBUG org.activiti.engine.impl.db.DbSqlSession  -   insert VariableInstanceEntity[id=6316, name=var971, type=integer, longValue=971, textValue=971]
10:48:05,432 [main] DEBUG org.activiti.engine.impl.db.DbSqlSession  -   insert VariableInstanceEntity[id=6317, name=var2025, type=integer, longValue=2025, textValue=2025]
10:48:05,433 [main] DEBUG org.activiti.engine.impl.db.DbSqlSession  -   insert VariableInstanceEntity[id=6318, name=var3356, type=integer, longValue=3356, textValue=3356]
10:48:05,433 [main] DEBUG org.activiti.engine.impl.db.DbSqlSession  -   insert VariableInstanceEntity[id=6319, name=var970, type=integer, longValue=970, textValue=970]
10:48:05,433 [main] DEBUG org.activiti.engine.impl.db.DbSqlSession  -   insert VariableInstanceEntity[id=6320, name=var2029, type=integer, longValue=2029, textValue=2029]
10:48:05,433 [main] DEBUG org.activiti.engine.impl.db.DbSqlSession  -   insert VariableInstanceEntity[id=6321, name=var979, type=integer, longValue=979, textValue=979]
10:48:05,433 [main] DEBUG org.activiti.engine.impl.db.DbSqlSession  -   insert VariableInstanceEntity[id=6322, name=var978, type=integer, longValue=978, textValue=978]
10:48:05,433 [main] DEBUG org.activiti.engine.impl.db.DbSqlSession  -   insert VariableInstanceEntity[id=6323, name=var977, type=integer, longValue=977, textValue=977]
10:48:05,433 [main] DEBUG org.activiti.engine.impl.db.DbSqlSession  -   insert VariableInstanceEntity[id=6324, name=var976, type=integer, longValue=976, textValue=976]
10:48:05,433 [main] DEBUG org.activiti.engine.impl.db.DbSqlSession  -   insert VariableInstanceEntity[id=6325, name=var975, type=integer, longValue=975, textValue=975]
10:48:05,433 [main] DEBUG org.activiti.engine.impl.db.DbSqlSession  -   insert VariableInstanceEntity[id=6326, name=var2031, type=integer, longValue=2031, textValue=2031]
10:48:05,433 [main] DEBUG org.activiti.engine.impl.db.DbSqlSession  -   insert VariableInstanceEntity[id=6327, name=var3362, type=integer, longValue=3362, textValue=3362]
10:48:05,433 [main] DEBUG org.activiti.engine.impl.db.DbSqlSession  -   insert VariableInstanceEntity[id=6328, name=var2030, type=integer, longValue=2030, textValue=2030]
10:48:05,433 [main] DEBUG org.activiti.engine.impl.db.DbSqlSession  -   insert VariableInstanceEntity[id=6329, name=var3361, type=integer, longValue=3361, textValue=3361]
10:48:05,433 [main] DEBUG org.activiti.engine.impl.db.DbSqlSession  -   insert VariableInstanceEntity[id=6330, name=var3360, type=integer, longValue=3360, textValue=3360]
10:48:05,433 [main] DEBUG org.activiti.engine.impl.db.DbSqlSession  -   insert VariableInstanceEntity[id=6331, name=var2035, type=integer, longValue=2035, textValue=2035]
10:48:05,433 [main] DEBUG org.activiti.engine.impl.db.DbSqlSession  -   insert VariableInstanceEntity[id=6332, name=var3366, type=integer, longValue=3366, textValue=3366]
10:48:05,433 [main] DEBUG org.activiti.engine.impl.db.DbSqlSession  -   insert VariableInstanceEntity[id=6333, name=var2034, type=integer, longValue=2034, textValue=2034]
10:48:05,433 [main] DEBUG org.activiti.engine.impl.db.DbSqlSession  -   insert VariableInstanceEntity[id=6334, name=var3365, type=integer, longValue=3365, textValue=3365]
10:48:05,433 [main] DEBUG org.activiti.engine.impl.db.DbSqlSession  -   insert VariableInstanceEntity[id=6335, name=var2033, type=integer, longValue=2033, textValue=2033]
10:48:05,433 [main] DEBUG org.activiti.engine.impl.db.DbSqlSession  -   insert VariableInstanceEntity[id=6336, name=var3364, type=integer, longValue=3364, textValue=3364]
10:48:05,433 [main] DEBUG org.activiti.engine.impl.db.DbSqlSession  -   insert VariableInstanceEntity[id=6337, name=var2032, type=integer, longValue=2032, textValue=2032]
10:48:05,433 [main] DEBUG org.activiti.engine.impl.db.DbSqlSession  -   insert VariableInstanceEntity[id=6338, name=var3363, type=integer, longValue=3363, textValue=3363]
10:48:05,433 [main] DEBUG org.activiti.engine.impl.db.DbSqlSession  -   insert VariableInstanceEntity[id=6339, name=var963, type=integer, longValue=963, textValue=963]
10:48:05,433 [main] DEBUG org.activiti.engine.impl.db.DbSqlSession  -   insert VariableInstanceEntity[id=6340, name=var2039, type=integer, longValue=2039, textValue=2039]
10:48:05,433 [main] DEBUG org.activiti.engine.impl.db.DbSqlSession  -   insert VariableInstanceEntity[id=6341, name=var962, type=integer, longValue=962, textValue=962]
10:48:05,433 [main] DEBUG org.activiti.engine.impl.db.DbSqlSession  -   insert VariableInstanceEntity[id=6342, name=var2038, type=integer, longValue=2038, textValue=2038]
10:48:05,433 [main] DEBUG org.activiti.engine.impl.db.DbSqlSession  -   insert VariableInstanceEntity[id=6343, name=var3369, type=integer, longValue=3369, textValue=3369]
10:48:05,433 [main] DEBUG org.activiti.engine.impl.db.DbSqlSession  -   insert VariableInstanceEntity[id=6344, name=var961, type=integer, longValue=961, textValue=961]
10:48:05,433 [main] DEBUG org.activiti.engine.impl.db.DbSqlSession  -   insert VariableInstanceEntity[id=6345, name=var2037, type=integer, longValue=2037, textValue=2037]
10:48:05,433 [main] DEBUG org.activiti.engine.impl.db.DbSqlSession  -   insert VariableInstanceEntity[id=6346, name=var3368, type=integer, longValue=3368, textValue=3368]
10:48:05,433 [main] DEBUG org.activiti.engine.impl.db.DbSqlSession  -   insert VariableInstanceEntity[id=6347, name=var960, type=integer, longValue=960, textValue=960]
10:48:05,433 [main] DEBUG org.activiti.engine.impl.db.DbSqlSession  -   insert VariableInstanceEntity[id=6348, name=var2036, type=integer, longValue=2036, textValue=2036]
10:48:05,433 [main] DEBUG org.activiti.engine.impl.db.DbSqlSession  -   insert VariableInstanceEntity[id=6349, name=var3367, type=integer, longValue=3367, textValue=3367]
10:48:05,433 [main] DEBUG org.activiti.engine.impl.db.DbSqlSession  -   insert VariableInstanceEntity[id=6350, name=var969, type=integer, longValue=969, textValue=969]
10:48:05,433 [main] DEBUG org.activiti.engine.impl.db.DbSqlSession  -   insert VariableInstanceEntity[id=6351, name=var968, type=integer, longValue=968, textValue=968]
10:48:05,433 [main] DEBUG org.activiti.engine.impl.db.DbSqlSession  -   insert VariableInstanceEntity[id=6352, name=var967, type=integer, longValue=967, textValue=967]
10:48:05,433 [main] DEBUG org.activiti.engine.impl.db.DbSqlSession  -   insert VariableInstanceEntity[id=6353, name=var966, type=integer, longValue=966, textValue=966]
10:48:05,433 [main] DEBUG org.activiti.engine.impl.db.DbSqlSession  -   insert VariableInstanceEntity[id=6354, name=var965, type=integer, longValue=965, textValue=965]
10:48:05,433 [main] DEBUG org.activiti.engine.impl.db.DbSqlSession  -   insert VariableInstanceEntity[id=6355, name=var964, type=integer, longValue=964, textValue=964]
10:48:05,433 [main] DEBUG org.activiti.engine.impl.db.DbSqlSession  -   insert VariableInstanceEntity[id=6356, name=var2042, type=integer, longValue=2042, textValue=2042]
10:48:05,433 [main] DEBUG org.activiti.engine.impl.db.DbSqlSession  -   insert VariableInstanceEntity[id=6357, name=var3373, type=integer, longValue=3373, textValue=3373]
10:48:05,433 [main] DEBUG org.activiti.engine.impl.db.DbSqlSession  -   insert VariableInstanceEntity[id=6358, name=var2041, type=integer, longValue=2041, textValue=2041]
10:48:05,433 [main] DEBUG org.activiti.engine.impl.db.DbSqlSession  -   insert VariableInstanceEntity[id=6359, name=var3372, type=integer, longValue=3372, textValue=3372]
10:48:05,434 [main] DEBUG org.activiti.engine.impl.db.DbSqlSession  -   insert VariableInstanceEntity[id=6360, name=var2040, type=integer, longValue=2040, textValue=2040]
10:48:05,434 [main] DEBUG org.activiti.engine.impl.db.DbSqlSession  -   insert VariableInstanceEntity[id=6361, name=var3371, type=integer, longValue=3371, textValue=3371]
10:48:05,434 [main] DEBUG org.activiti.engine.impl.db.DbSqlSession  -   insert VariableInstanceEntity[id=6362, name=var3370, type=integer, longValue=3370, textValue=3370]
10:48:05,434 [main] DEBUG org.activiti.engine.impl.db.DbSqlSession  -   insert VariableInstanceEntity[id=6363, name=var2046, type=integer, longValue=2046, textValue=2046]
10:48:05,434 [main] DEBUG org.activiti.engine.impl.db.DbSqlSession  -   insert VariableInstanceEntity[id=6364, name=var3377, type=integer, longValue=3377, textValue=3377]
10:48:05,434 [main] DEBUG org.activiti.engine.impl.db.DbSqlSession  -   insert VariableInstanceEntity[id=6365, name=var2045, type=integer, longValue=2045, textValue=2045]
10:48:05,434 [main] DEBUG org.activiti.engine.impl.db.DbSqlSession  -   insert VariableInstanceEntity[id=6366, name=var3376, type=integer, longValue=3376, textValue=3376]
10:48:05,434 [main] DEBUG org.activiti.engine.impl.db.DbSqlSession  -   insert VariableInstanceEntity[id=6367, name=var2044, type=integer, longValue=2044, textValue=2044]
10:48:05,432 [Thread-102] DEBUG org.apache.ibatis.transaction.jdbc.JdbcTransaction  - Closing JDBC Connection [conn59: url=jdbc:h2:mem:activiti-AsyncExecutorTest user=SA]
10:48:05,432 [Thread-111] DEBUG org.activiti.engine.impl.asyncexecutor.AcquireTimerJobsRunnable  - timer job acquisition thread sleeping for 50 millis
10:48:05,434 [Thread-102] DEBUG org.apache.ibatis.datasource.pooled.PooledDataSource  - Returned connection 720039383 to pool.
10:48:05,434 [main] DEBUG org.activiti.engine.impl.db.DbSqlSession  -   insert VariableInstanceEntity[id=6368, name=var3375, type=integer, longValue=3375, textValue=3375]
10:48:05,434 [main] DEBUG org.activiti.engine.impl.db.DbSqlSession  -   insert VariableInstanceEntity[id=6369, name=var2043, type=integer, longValue=2043, textValue=2043]
10:48:05,434 [main] DEBUG org.activiti.engine.impl.db.DbSqlSession  -   insert VariableInstanceEntity[id=6370, name=var3374, type=integer, longValue=3374, textValue=3374]
10:48:05,434 [main] DEBUG org.activiti.engine.impl.db.DbSqlSession  -   insert VariableInstanceEntity[id=6371, name=var952, type=integer, longValue=952, textValue=952]
10:48:05,434 [main] DEBUG org.activiti.engine.impl.db.DbSqlSession  -   insert VariableInstanceEntity[id=6372, name=var951, type=integer, longValue=951, textValue=951]
10:48:05,434 [main] DEBUG org.activiti.engine.impl.db.DbSqlSession  -   insert VariableInstanceEntity[id=6373, name=var2049, type=integer, longValue=2049, textValue=2049]
10:48:05,434 [main] DEBUG org.activiti.engine.impl.db.DbSqlSession  -   insert VariableInstanceEntity[id=6374, name=var950, type=integer, longValue=950, textValue=950]
10:48:05,434 [main] DEBUG org.activiti.engine.impl.db.DbSqlSession  -   insert VariableInstanceEntity[id=6375, name=var2048, type=integer, longValue=2048, textValue=2048]
10:48:05,434 [main] DEBUG org.activiti.engine.impl.db.DbSqlSession  -   insert VariableInstanceEntity[id=6376, name=var3379, type=integer, longValue=3379, textValue=3379]
10:48:05,434 [main] DEBUG org.activiti.engine.impl.db.DbSqlSession  -   insert VariableInstanceEntity[id=6377, name=var2047, type=integer, longValue=2047, textValue=2047]
10:48:05,434 [main] DEBUG org.activiti.engine.impl.db.DbSqlSession  -   insert VariableInstanceEntity[id=6378, name=var3378, type=integer, longValue=3378, textValue=3378]
10:48:05,434 [main] DEBUG org.activiti.engine.impl.db.DbSqlSession  -   insert VariableInstanceEntity[id=6379, name=var959, type=integer, longValue=959, textValue=959]
10:48:05,434 [main] DEBUG org.activiti.engine.impl.db.DbSqlSession  -   insert VariableInstanceEntity[id=6380, name=var958, type=integer, longValue=958, textValue=958]
10:48:05,434 [main] DEBUG org.activiti.engine.impl.db.DbSqlSession  -   insert VariableInstanceEntity[id=6381, name=var957, type=integer, longValue=957, textValue=957]
10:48:05,434 [main] DEBUG org.activiti.engine.impl.db.DbSqlSession  -   insert VariableInstanceEntity[id=6382, name=var956, type=integer, longValue=956, textValue=956]
10:48:05,434 [main] DEBUG org.activiti.engine.impl.db.DbSqlSession  -   insert VariableInstanceEntity[id=6383, name=var955, type=integer, longValue=955, textValue=955]
10:48:05,434 [main] DEBUG org.activiti.engine.impl.db.DbSqlSession  -   insert VariableInstanceEntity[id=6384, name=var954, type=integer, longValue=954, textValue=954]
10:48:05,434 [main] DEBUG org.activiti.engine.impl.db.DbSqlSession  -   insert VariableInstanceEntity[id=6385, name=var953, type=integer, longValue=953, textValue=953]
10:48:05,434 [main] DEBUG org.activiti.engine.impl.db.DbSqlSession  -   insert VariableInstanceEntity[id=6386, name=var3380, type=integer, longValue=3380, textValue=3380]
10:48:05,434 [main] DEBUG org.activiti.engine.impl.db.DbSqlSession  -   insert VariableInstanceEntity[id=6387, name=var141, type=integer, longValue=141, textValue=141]
10:48:05,434 [main] DEBUG org.activiti.engine.impl.db.DbSqlSession  -   insert VariableInstanceEntity[id=6388, name=var2053, type=integer, longValue=2053, textValue=2053]
10:48:05,434 [main] DEBUG org.activiti.engine.impl.db.DbSqlSession  -   insert VariableInstanceEntity[id=6389, name=var3384, type=integer, longValue=3384, textValue=3384]
10:48:05,434 [main] DEBUG org.activiti.engine.impl.db.DbSqlSession  -   insert VariableInstanceEntity[id=6390, name=var140, type=integer, longValue=140, textValue=140]
10:48:05,434 [main] DEBUG org.activiti.engine.impl.db.DbSqlSession  -   insert VariableInstanceEntity[id=6391, name=var2052, type=integer, longValue=2052, textValue=2052]
10:48:05,434 [main] DEBUG org.activiti.engine.impl.db.DbSqlSession  -   insert VariableInstanceEntity[id=6392, name=var3383, type=integer, longValue=3383, textValue=3383]
10:48:05,434 [main] DEBUG org.activiti.engine.impl.db.DbSqlSession  -   insert VariableInstanceEntity[id=6393, name=var2051, type=integer, longValue=2051, textValue=2051]
10:48:05,434 [main] DEBUG org.activiti.engine.impl.db.DbSqlSession  -   insert VariableInstanceEntity[id=6394, name=var3382, type=integer, longValue=3382, textValue=3382]
10:48:05,434 [main] DEBUG org.activiti.engine.impl.db.DbSqlSession  -   insert VariableInstanceEntity[id=6395, name=var2050, type=integer, longValue=2050, textValue=2050]
10:48:05,434 [main] DEBUG org.activiti.engine.impl.db.DbSqlSession  -   insert VariableInstanceEntity[id=6396, name=var3381, type=integer, longValue=3381, textValue=3381]
10:48:05,435 [main] DEBUG org.activiti.engine.impl.db.DbSqlSession  -   insert VariableInstanceEntity[id=6397, name=var2057, type=integer, longValue=2057, textValue=2057]
10:48:05,435 [main] DEBUG org.activiti.engine.impl.db.DbSqlSession  -   insert VariableInstanceEntity[id=6398, name=var3388, type=integer, longValue=3388, textValue=3388]
10:48:05,435 [main] DEBUG org.activiti.engine.impl.db.DbSqlSession  -   insert VariableInstanceEntity[id=6399, name=var2056, type=integer, longValue=2056, textValue=2056]
10:48:05,435 [main] DEBUG org.activiti.engine.impl.db.DbSqlSession  -   insert VariableInstanceEntity[id=6400, name=var3387, type=integer, longValue=3387, textValue=3387]
10:48:05,435 [main] DEBUG org.activiti.engine.impl.db.DbSqlSession  -   insert VariableInstanceEntity[id=6401, name=var2055, type=integer, longValue=2055, textValue=2055]
10:48:05,435 [main] DEBUG org.activiti.engine.impl.db.DbSqlSession  -   insert VariableInstanceEntity[id=6402, name=var3386, type=integer, longValue=3386, textValue=3386]
10:48:05,435 [main] DEBUG org.activiti.engine.impl.db.DbSqlSession  -   insert VariableInstanceEntity[id=6403, name=var2054, type=integer, longValue=2054, textValue=2054]
10:48:05,435 [main] DEBUG org.activiti.engine.impl.db.DbSqlSession  -   insert VariableInstanceEntity[id=6404, name=var3385, type=integer, longValue=3385, textValue=3385]
10:48:05,435 [main] DEBUG org.activiti.engine.impl.db.DbSqlSession  -   insert VariableInstanceEntity[id=6405, name=var149, type=integer, longValue=149, textValue=149]
10:48:05,435 [main] DEBUG org.activiti.engine.impl.db.DbSqlSession  -   insert VariableInstanceEntity[id=6406, name=var148, type=integer, longValue=148, textValue=148]
10:48:05,435 [main] DEBUG org.activiti.engine.impl.db.DbSqlSession  -   insert VariableInstanceEntity[id=6407, name=var147, type=integer, longValue=147, textValue=147]
10:48:05,435 [main] DEBUG org.activiti.engine.impl.db.DbSqlSession  -   insert VariableInstanceEntity[id=6408, name=var2059, type=integer, longValue=2059, textValue=2059]
10:48:05,435 [main] DEBUG org.activiti.engine.impl.db.DbSqlSession  -   insert VariableInstanceEntity[id=6409, name=var146, type=integer, longValue=146, textValue=146]
10:48:05,435 [main] DEBUG org.activiti.engine.impl.db.DbSqlSession  -   insert VariableInstanceEntity[id=6410, name=var2058, type=integer, longValue=2058, textValue=2058]
10:48:05,435 [main] DEBUG org.activiti.engine.impl.db.DbSqlSession  -   insert VariableInstanceEntity[id=6411, name=var3389, type=integer, longValue=3389, textValue=3389]
10:48:05,435 [main] DEBUG org.activiti.engine.impl.db.DbSqlSession  -   insert VariableInstanceEntity[id=6412, name=var145, type=integer, longValue=145, textValue=145]
10:48:05,435 [main] DEBUG org.activiti.engine.impl.db.DbSqlSession  -   insert VariableInstanceEntity[id=6413, name=var144, type=integer, longValue=144, textValue=144]
10:48:05,435 [main] DEBUG org.activiti.engine.impl.db.DbSqlSession  -   insert VariableInstanceEntity[id=6414, name=var143, type=integer, longValue=143, textValue=143]
10:48:05,435 [main] DEBUG org.activiti.engine.impl.db.DbSqlSession  -   insert VariableInstanceEntity[id=6415, name=var142, type=integer, longValue=142, textValue=142]
10:48:05,435 [main] DEBUG org.activiti.engine.impl.db.DbSqlSession  -   insert VariableInstanceEntity[id=6416, name=var2060, type=integer, longValue=2060, textValue=2060]
10:48:05,435 [main] DEBUG org.activiti.engine.impl.db.DbSqlSession  -   insert VariableInstanceEntity[id=6417, name=var3391, type=integer, longValue=3391, textValue=3391]
10:48:05,435 [main] DEBUG org.activiti.engine.impl.db.DbSqlSession  -   insert VariableInstanceEntity[id=6418, name=var3390, type=integer, longValue=3390, textValue=3390]
10:48:05,435 [main] DEBUG org.activiti.engine.impl.db.DbSqlSession  -   insert VariableInstanceEntity[id=6419, name=var130, type=integer, longValue=130, textValue=130]
10:48:05,435 [main] DEBUG org.activiti.engine.impl.db.DbSqlSession  -   insert VariableInstanceEntity[id=6420, name=var2064, type=integer, longValue=2064, textValue=2064]
10:48:05,435 [main] DEBUG org.activiti.engine.impl.db.DbSqlSession  -   insert VariableInstanceEntity[id=6421, name=var3395, type=integer, longValue=3395, textValue=3395]
10:48:05,435 [main] DEBUG org.activiti.engine.impl.db.DbSqlSession  -   insert VariableInstanceEntity[id=6422, name=var2063, type=integer, longValue=2063, textValue=2063]
10:48:05,435 [main] DEBUG org.activiti.engine.impl.db.DbSqlSession  -   insert VariableInstanceEntity[id=6423, name=var3394, type=integer, longValue=3394, textValue=3394]
10:48:05,435 [main] DEBUG org.activiti.engine.impl.db.DbSqlSession  -   insert VariableInstanceEntity[id=6424, name=var2062, type=integer, longValue=2062, textValue=2062]
10:48:05,435 [main] DEBUG org.activiti.engine.impl.db.DbSqlSession  -   insert VariableInstanceEntity[id=6425, name=var3393, type=integer, longValue=3393, textValue=3393]
10:48:05,435 [main] DEBUG org.activiti.engine.impl.db.DbSqlSession  -   insert VariableInstanceEntity[id=6426, name=var2061, type=integer, longValue=2061, textValue=2061]
10:48:05,435 [main] DEBUG org.activiti.engine.impl.db.DbSqlSession  -   insert VariableInstanceEntity[id=6427, name=var3392, type=integer, longValue=3392, textValue=3392]
10:48:05,435 [main] DEBUG org.activiti.engine.impl.db.DbSqlSession  -   insert VariableInstanceEntity[id=6428, name=var2068, type=integer, longValue=2068, textValue=2068]
10:48:05,435 [main] DEBUG org.activiti.engine.impl.db.DbSqlSession  -   insert VariableInstanceEntity[id=6429, name=var3399, type=integer, longValue=3399, textValue=3399]
10:48:05,435 [main] DEBUG org.activiti.engine.impl.db.DbSqlSession  -   insert VariableInstanceEntity[id=6430, name=var2067, type=integer, longValue=2067, textValue=2067]
10:48:05,435 [main] DEBUG org.activiti.engine.impl.db.DbSqlSession  -   insert VariableInstanceEntity[id=6431, name=var3398, type=integer, longValue=3398, textValue=3398]
10:48:05,435 [main] DEBUG org.activiti.engine.impl.db.DbSqlSession  -   insert VariableInstanceEntity[id=6432, name=var2066, type=integer, longValue=2066, textValue=2066]
10:48:05,435 [main] DEBUG org.activiti.engine.impl.db.DbSqlSession  -   insert VariableInstanceEntity[id=6433, name=var3397, type=integer, longValue=3397, textValue=3397]
10:48:05,435 [main] DEBUG org.activiti.engine.impl.db.DbSqlSession  -   insert VariableInstanceEntity[id=6434, name=var2065, type=integer, longValue=2065, textValue=2065]
10:48:05,435 [main] DEBUG org.activiti.engine.impl.db.DbSqlSession  -   insert VariableInstanceEntity[id=6435, name=var3396, type=integer, longValue=3396, textValue=3396]
10:48:05,435 [main] DEBUG org.activiti.engine.impl.db.DbSqlSession  -   insert VariableInstanceEntity[id=6436, name=var138, type=integer, longValue=138, textValue=138]
10:48:05,435 [main] DEBUG org.activiti.engine.impl.db.DbSqlSession  -   insert VariableInstanceEntity[id=6437, name=var137, type=integer, longValue=137, textValue=137]
10:48:05,435 [main] DEBUG org.activiti.engine.impl.db.DbSqlSession  -   insert VariableInstanceEntity[id=6438, name=var136, type=integer, longValue=136, textValue=136]
10:48:05,436 [main] DEBUG org.activiti.engine.impl.db.DbSqlSession  -   insert VariableInstanceEntity[id=6439, name=var135, type=integer, longValue=135, textValue=135]
10:48:05,436 [main] DEBUG org.activiti.engine.impl.db.DbSqlSession  -   insert VariableInstanceEntity[id=6440, name=var2069, type=integer, longValue=2069, textValue=2069]
10:48:05,436 [main] DEBUG org.activiti.engine.impl.db.DbSqlSession  -   insert VariableInstanceEntity[id=6441, name=var134, type=integer, longValue=134, textValue=134]
10:48:05,436 [main] DEBUG org.activiti.engine.impl.db.DbSqlSession  -   insert VariableInstanceEntity[id=6442, name=var133, type=integer, longValue=133, textValue=133]
10:48:05,436 [main] DEBUG org.activiti.engine.impl.db.DbSqlSession  -   insert VariableInstanceEntity[id=6443, name=var132, type=integer, longValue=132, textValue=132]
10:48:05,436 [main] DEBUG org.activiti.engine.impl.db.DbSqlSession  -   insert VariableInstanceEntity[id=6444, name=var131, type=integer, longValue=131, textValue=131]
10:48:05,436 [main] DEBUG org.activiti.engine.impl.db.DbSqlSession  -   insert VariableInstanceEntity[id=6445, name=var139, type=integer, longValue=139, textValue=139]
10:48:05,436 [main] DEBUG org.activiti.engine.impl.db.DbSqlSession  -   insert VariableInstanceEntity[id=6446, name=var2071, type=integer, longValue=2071, textValue=2071]
10:48:05,436 [main] DEBUG org.activiti.engine.impl.db.DbSqlSession  -   insert VariableInstanceEntity[id=6447, name=var2070, type=integer, longValue=2070, textValue=2070]
10:48:05,436 [main] DEBUG org.activiti.engine.impl.db.DbSqlSession  -   insert VariableInstanceEntity[id=6448, name=var2075, type=integer, longValue=2075, textValue=2075]
10:48:05,436 [main] DEBUG org.activiti.engine.impl.db.DbSqlSession  -   insert VariableInstanceEntity[id=6449, name=var2074, type=integer, longValue=2074, textValue=2074]
10:48:05,436 [main] DEBUG org.activiti.engine.impl.db.DbSqlSession  -   insert VariableInstanceEntity[id=6450, name=var2073, type=integer, longValue=2073, textValue=2073]
10:48:05,436 [main] DEBUG org.activiti.engine.impl.db.DbSqlSession  -   insert VariableInstanceEntity[id=6451, name=var2072, type=integer, longValue=2072, textValue=2072]
10:48:05,436 [main] DEBUG org.activiti.engine.impl.db.DbSqlSession  -   insert VariableInstanceEntity[id=6452, name=var2079, type=integer, longValue=2079, textValue=2079]
10:48:05,436 [main] DEBUG org.activiti.engine.impl.db.DbSqlSession  -   insert VariableInstanceEntity[id=6453, name=var2078, type=integer, longValue=2078, textValue=2078]
10:48:05,436 [main] DEBUG org.activiti.engine.impl.db.DbSqlSession  -   insert VariableInstanceEntity[id=6454, name=var2077, type=integer, longValue=2077, textValue=2077]
10:48:05,436 [main] DEBUG org.activiti.engine.impl.db.DbSqlSession  -   insert VariableInstanceEntity[id=6455, name=var2076, type=integer, longValue=2076, textValue=2076]
10:48:05,436 [main] DEBUG org.activiti.engine.impl.db.DbSqlSession  -   insert VariableInstanceEntity[id=6456, name=var127, type=integer, longValue=127, textValue=127]
10:48:05,436 [main] DEBUG org.activiti.engine.impl.db.DbSqlSession  -   insert VariableInstanceEntity[id=6457, name=var126, type=integer, longValue=126, textValue=126]
10:48:05,436 [main] DEBUG org.activiti.engine.impl.db.DbSqlSession  -   insert VariableInstanceEntity[id=6458, name=var125, type=integer, longValue=125, textValue=125]
10:48:05,436 [main] DEBUG org.activiti.engine.impl.db.DbSqlSession  -   insert VariableInstanceEntity[id=6459, name=var124, type=integer, longValue=124, textValue=124]
10:48:05,436 [main] DEBUG org.activiti.engine.impl.db.DbSqlSession  -   insert VariableInstanceEntity[id=6460, name=var123, type=integer, longValue=123, textValue=123]
10:48:05,436 [main] DEBUG org.activiti.engine.impl.db.DbSqlSession  -   insert VariableInstanceEntity[id=6461, name=var122, type=integer, longValue=122, textValue=122]
10:48:05,436 [main] DEBUG org.activiti.engine.impl.db.DbSqlSession  -   insert VariableInstanceEntity[id=6462, name=var121, type=integer, longValue=121, textValue=121]
10:48:05,436 [main] DEBUG org.activiti.engine.impl.db.DbSqlSession  -   insert VariableInstanceEntity[id=6463, name=var120, type=integer, longValue=120, textValue=120]
10:48:05,436 [main] DEBUG org.activiti.engine.impl.db.DbSqlSession  -   insert VariableInstanceEntity[id=6464, name=var129, type=integer, longValue=129, textValue=129]
10:48:05,436 [main] DEBUG org.activiti.engine.impl.db.DbSqlSession  -   insert VariableInstanceEntity[id=6465, name=var128, type=integer, longValue=128, textValue=128]
10:48:05,436 [main] DEBUG org.activiti.engine.impl.db.DbSqlSession  -   insert VariableInstanceEntity[id=6466, name=var2082, type=integer, longValue=2082, textValue=2082]
10:48:05,436 [main] DEBUG org.activiti.engine.impl.db.DbSqlSession  -   insert VariableInstanceEntity[id=6467, name=var2081, type=integer, longValue=2081, textValue=2081]
10:48:05,436 [main] DEBUG org.activiti.engine.impl.db.DbSqlSession  -   insert VariableInstanceEntity[id=6468, name=var2080, type=integer, longValue=2080, textValue=2080]
10:48:05,436 [main] DEBUG org.activiti.engine.impl.db.DbSqlSession  -   insert VariableInstanceEntity[id=6469, name=var2086, type=integer, longValue=2086, textValue=2086]
10:48:05,436 [main] DEBUG org.activiti.engine.impl.db.DbSqlSession  -   insert VariableInstanceEntity[id=6470, name=var2085, type=integer, longValue=2085, textValue=2085]
10:48:05,436 [main] DEBUG org.activiti.engine.impl.db.DbSqlSession  -   insert VariableInstanceEntity[id=6471, name=var2084, type=integer, longValue=2084, textValue=2084]
10:48:05,436 [main] DEBUG org.activiti.engine.impl.db.DbSqlSession  -   insert VariableInstanceEntity[id=6472, name=var2083, type=integer, longValue=2083, textValue=2083]
10:48:05,436 [main] DEBUG org.activiti.engine.impl.db.DbSqlSession  -   insert VariableInstanceEntity[id=6473, name=var2089, type=integer, longValue=2089, textValue=2089]
10:48:05,436 [main] DEBUG org.activiti.engine.impl.db.DbSqlSession  -   insert VariableInstanceEntity[id=6474, name=var2088, type=integer, longValue=2088, textValue=2088]
10:48:05,436 [main] DEBUG org.activiti.engine.impl.db.DbSqlSession  -   insert VariableInstanceEntity[id=6475, name=var2087, type=integer, longValue=2087, textValue=2087]
10:48:05,436 [main] DEBUG org.activiti.engine.impl.db.DbSqlSession  -   insert VariableInstanceEntity[id=6476, name=var116, type=integer, longValue=116, textValue=116]
10:48:05,436 [main] DEBUG org.activiti.engine.impl.db.DbSqlSession  -   insert VariableInstanceEntity[id=6477, name=var115, type=integer, longValue=115, textValue=115]
10:48:05,436 [main] DEBUG org.activiti.engine.impl.db.DbSqlSession  -   insert VariableInstanceEntity[id=6478, name=var114, type=integer, longValue=114, textValue=114]
10:48:05,436 [main] DEBUG org.activiti.engine.impl.db.DbSqlSession  -   insert VariableInstanceEntity[id=6479, name=var113, type=integer, longValue=113, textValue=113]
10:48:05,436 [main] DEBUG org.activiti.engine.impl.db.DbSqlSession  -   insert VariableInstanceEntity[id=6480, name=var112, type=integer, longValue=112, textValue=112]
10:48:05,437 [main] DEBUG org.activiti.engine.impl.db.DbSqlSession  -   insert VariableInstanceEntity[id=6481, name=var111, type=integer, longValue=111, textValue=111]
10:48:05,437 [main] DEBUG org.activiti.engine.impl.db.DbSqlSession  -   insert VariableInstanceEntity[id=6482, name=var110, type=integer, longValue=110, textValue=110]
10:48:05,437 [main] DEBUG org.activiti.engine.impl.db.DbSqlSession  -   insert VariableInstanceEntity[id=6483, name=var119, type=integer, longValue=119, textValue=119]
10:48:05,437 [main] DEBUG org.activiti.engine.impl.db.DbSqlSession  -   insert VariableInstanceEntity[id=6484, name=var118, type=integer, longValue=118, textValue=118]
10:48:05,437 [main] DEBUG org.activiti.engine.impl.db.DbSqlSession  -   insert VariableInstanceEntity[id=6485, name=var117, type=integer, longValue=117, textValue=117]
10:48:05,437 [main] DEBUG org.activiti.engine.impl.db.DbSqlSession  -   insert VariableInstanceEntity[id=6486, name=var2093, type=integer, longValue=2093, textValue=2093]
10:48:05,437 [main] DEBUG org.activiti.engine.impl.db.DbSqlSession  -   insert VariableInstanceEntity[id=6487, name=var2092, type=integer, longValue=2092, textValue=2092]
10:48:05,437 [main] DEBUG org.activiti.engine.impl.db.DbSqlSession  -   insert VariableInstanceEntity[id=6488, name=var2091, type=integer, longValue=2091, textValue=2091]
10:48:05,437 [main] DEBUG org.activiti.engine.impl.db.DbSqlSession  -   insert VariableInstanceEntity[id=6489, name=var2090, type=integer, longValue=2090, textValue=2090]
10:48:05,437 [main] DEBUG org.activiti.engine.impl.db.DbSqlSession  -   insert VariableInstanceEntity[id=6490, name=var2097, type=integer, longValue=2097, textValue=2097]
10:48:05,437 [main] DEBUG org.activiti.engine.impl.db.DbSqlSession  -   insert VariableInstanceEntity[id=6491, name=var2096, type=integer, longValue=2096, textValue=2096]
10:48:05,437 [main] DEBUG org.activiti.engine.impl.db.DbSqlSession  -   insert VariableInstanceEntity[id=6492, name=var2095, type=integer, longValue=2095, textValue=2095]
10:48:05,437 [main] DEBUG org.activiti.engine.impl.db.DbSqlSession  -   insert VariableInstanceEntity[id=6493, name=var2094, type=integer, longValue=2094, textValue=2094]
10:48:05,437 [main] DEBUG org.activiti.engine.impl.db.DbSqlSession  -   insert VariableInstanceEntity[id=6494, name=var2099, type=integer, longValue=2099, textValue=2099]
10:48:05,437 [main] DEBUG org.activiti.engine.impl.db.DbSqlSession  -   insert VariableInstanceEntity[id=6495, name=var2098, type=integer, longValue=2098, textValue=2098]
10:48:05,437 [main] DEBUG org.activiti.engine.impl.db.DbSqlSession  -   insert VariableInstanceEntity[id=6496, name=var105, type=integer, longValue=105, textValue=105]
10:48:05,437 [main] DEBUG org.activiti.engine.impl.db.DbSqlSession  -   insert VariableInstanceEntity[id=6497, name=var104, type=integer, longValue=104, textValue=104]
10:48:05,437 [main] DEBUG org.activiti.engine.impl.db.DbSqlSession  -   insert VariableInstanceEntity[id=6498, name=var103, type=integer, longValue=103, textValue=103]
10:48:05,437 [main] DEBUG org.activiti.engine.impl.db.DbSqlSession  -   insert VariableInstanceEntity[id=6499, name=var102, type=integer, longValue=102, textValue=102]
10:48:05,437 [main] DEBUG org.activiti.engine.impl.db.DbSqlSession  -   insert VariableInstanceEntity[id=6500, name=var101, type=integer, longValue=101, textValue=101]
10:48:05,437 [main] DEBUG org.activiti.engine.impl.db.DbSqlSession  -   insert VariableInstanceEntity[id=6501, name=var100, type=integer, longValue=100, textValue=100]
10:48:05,434 [Thread-102] DEBUG org.activiti.engine.impl.interceptor.LogInterceptor  - --- AcquireTimerJobsCmd finished --------------------------------------------------------
10:48:05,437 [Thread-102] DEBUG org.activiti.engine.impl.interceptor.LogInterceptor  - 

10:48:05,437 [main] DEBUG org.activiti.engine.impl.db.DbSqlSession  -   insert VariableInstanceEntity[id=6502, name=var109, type=integer, longValue=109, textValue=109]
10:48:05,437 [main] DEBUG org.activiti.engine.impl.db.DbSqlSession  -   insert VariableInstanceEntity[id=6503, name=var108, type=integer, longValue=108, textValue=108]
10:48:05,437 [main] DEBUG org.activiti.engine.impl.db.DbSqlSession  -   insert VariableInstanceEntity[id=6504, name=var107, type=integer, longValue=107, textValue=107]
10:48:05,437 [main] DEBUG org.activiti.engine.impl.db.DbSqlSession  -   insert VariableInstanceEntity[id=6505, name=var106, type=integer, longValue=106, textValue=106]
10:48:05,437 [main] DEBUG org.activiti.engine.impl.db.DbSqlSession  -   insert Task[id=6506, name=my task]
10:48:05,437 [Thread-102] DEBUG org.activiti.engine.impl.asyncexecutor.AcquireTimerJobsRunnable  - timer job acquisition thread sleeping for 50 millis
10:48:05,437 [main] DEBUG org.activiti.engine.impl.db.DbSqlSession  - flush summary: 4003 insert, 0 update, 0 delete.
10:48:05,437 [main] DEBUG org.activiti.engine.impl.db.DbSqlSession  - now executing flush...
10:48:05,437 [main] DEBUG org.activiti.engine.impl.db.DbSqlSession  - inserting: ProcessInstance[2504]
10:48:05,437 [main] DEBUG org.activiti.engine.impl.persistence.entity.ExecutionEntity.insertExecution  - ==&gt;  Preparing: insert into ACT_RU_EXECUTION (ID_, REV_, PROC_INST_ID_, BUSINESS_KEY_, PROC_DEF_ID_, ACT_ID_, IS_ACTIVE_, IS_CONCURRENT_, IS_SCOPE_,IS_EVENT_SCOPE_, PARENT_ID_, SUPER_EXEC_, SUSPENSION_STATE_, CACHED_ENT_STATE_, TENANT_ID_, NAME_) values ( ?, 1, ?, ?, ?, ?, ?, ?, ?, ?, ?, ?, ?, ?, ?, ? ) 
10:48:05,437 [main] DEBUG org.activiti.engine.impl.persistence.entity.ExecutionEntity.insertExecution  - ==&gt; Parameters: 2504(String), 2504(String), null, oneTaskProcess:1:2503(String), theTask(String), true(Boolean), false(Boolean), true(Boolean), false(Boolean), null, null, 1(Integer), 2(Integer), (String), null
10:48:05,437 [main] DEBUG org.activiti.engine.impl.persistence.entity.ExecutionEntity.insertExecution  - &lt;==    Updates: 1
10:48:05,438 [main] DEBUG org.activiti.engine.impl.db.DbSqlSession  - inserting: Task[id=6506, name=my task]
10:48:05,438 [main] DEBUG org.activiti.engine.impl.persistence.entity.TaskEntity.insertTask  - ==&gt;  Preparing: insert into ACT_RU_TASK (ID_, REV_, NAME_, PARENT_TASK_ID_, DESCRIPTION_, PRIORITY_, CREATE_TIME_, OWNER_, ASSIGNEE_, DELEGATION_, EXECUTION_ID_, PROC_INST_ID_, PROC_DEF_ID_, TASK_DEF_KEY_, DUE_DATE_, CATEGORY_, SUSPENSION_STATE_, TENANT_ID_, FORM_KEY_) values (?, 1, ?, ?, ?, ?, ?, ?, ?, ?, ?, ?, ?, ?, ?, ?, ?, ?, ? ) 
10:48:05,438 [main] DEBUG org.activiti.engine.impl.persistence.entity.TaskEntity.insertTask  - ==&gt; Parameters: 6506(String), my task(String), null, null, 50(Integer), 2023-03-20 10:48:05.321(Timestamp), null, null, null, 2504(String), 2504(String), oneTaskProcess:1:2503(String), theTask(String), null, null, 1(Integer), (String), null
10:48:05,438 [main] DEBUG org.activiti.engine.impl.persistence.entity.TaskEntity.insertTask  - &lt;==    Updates: 1
10:48:05,440 [main] DEBUG org.activiti.engine.impl.persistence.entity.VariableInstanceEntity.bulkInsertVariableInstance  - ==&gt;  Preparing: INSERT INTO ACT_RU_VARIABLE (ID_, REV_, TYPE_, NAME_, PROC_INST_ID_, EXECUTION_ID_, TASK_ID_, BYTEARRAY_ID_, DOUBLE_, LONG_ , TEXT_, TEXT2_) VALUES (?, 1, ?, ?, ?, ?, ?, ?, ?, ?, ?, ?) , (?, 1, ?, ?, ?, ?, ?, ?, ?, ?, ?, ?) , (?, 1, ?, ?, ?, ?, ?, ?, ?, ?, ?, ?) , (?, 1, ?, ?, ?, ?, ?, ?, ?, ?, ?, ?) , (?, 1, ?, ?, ?, ?, ?, ?, ?, ?, ?, ?) , (?, 1, ?, ?, ?, ?, ?, ?, ?, ?, ?, ?) , (?, 1, ?, ?, ?, ?, ?, ?, ?, ?, ?, ?) , (?, 1, ?, ?, ?, ?, ?, ?, ?, ?, ?, ?) , (?, 1, ?, ?, ?, ?, ?, ?, ?, ?, ?, ?) , (?, 1, ?, ?, ?, ?, ?, ?, ?, ?, ?, ?) , (?, 1, ?, ?, ?, ?, ?, ?, ?, ?, ?, ?) , (?, 1, ?, ?, ?, ?, ?, ?, ?, ?, ?, ?) , (?, 1, ?, ?, ?, ?, ?, ?, ?, ?, ?, ?) , (?, 1, ?, ?, ?, ?, ?, ?, ?, ?, ?, ?) , (?, 1, ?, ?, ?, ?, ?, ?, ?, ?, ?, ?) , (?, 1, ?, ?, ?, ?, ?, ?, ?, ?, ?, ?) , (?, 1, ?, ?, ?, ?, ?, ?, ?, ?, ?, ?) , (?, 1, ?, ?, ?, ?, ?, ?, ?, ?, ?, ?) , (?, 1, ?, ?, ?, ?, ?, ?, ?, ?, ?, ?) , (?, 1, ?, ?, ?, ?, ?, ?, ?, ?, ?, ?) , (?, 1, ?, ?, ?, ?, ?, ?, ?, ?, ?, ?) , (?, 1, ?, ?, ?, ?, ?, ?, ?, ?, ?, ?) , (?, 1, ?, ?, ?, ?, ?, ?, ?, ?, ?, ?) , (?, 1, ?, ?, ?, ?, ?, ?, ?, ?, ?, ?) , (?, 1, ?, ?, ?, ?, ?, ?, ?, ?, ?, ?) , (?, 1, ?, ?, ?, ?, ?, ?, ?, ?, ?, ?) , (?, 1, ?, ?, ?, ?, ?, ?, ?, ?, ?, ?) , (?, 1, ?, ?, ?, ?, ?, ?, ?, ?, ?, ?) , (?, 1, ?, ?, ?, ?, ?, ?, ?, ?, ?, ?) , (?, 1, ?, ?, ?, ?, ?, ?, ?, ?, ?, ?) , (?, 1, ?, ?, ?, ?, ?, ?, ?, ?, ?, ?) , (?, 1, ?, ?, ?, ?, ?, ?, ?, ?, ?, ?) , (?, 1, ?, ?, ?, ?, ?, ?, ?, ?, ?, ?) , (?, 1, ?, ?, ?, ?, ?, ?, ?, ?, ?, ?) , (?, 1, ?, ?, ?, ?, ?, ?, ?, ?, ?, ?) , (?, 1, ?, ?, ?, ?, ?, ?, ?, ?, ?, ?) , (?, 1, ?, ?, ?, ?, ?, ?, ?, ?, ?, ?) , (?, 1, ?, ?, ?, ?, ?, ?, ?, ?, ?, ?) , (?, 1, ?, ?, ?, ?, ?, ?, ?, ?, ?, ?) , (?, 1, ?, ?, ?, ?, ?, ?, ?, ?, ?, ?) , (?, 1, ?, ?, ?, ?, ?, ?, ?, ?, ?, ?) , (?, 1, ?, ?, ?, ?, ?, ?, ?, ?, ?, ?) , (?, 1, ?, ?, ?, ?, ?, ?, ?, ?, ?, ?) , (?, 1, ?, ?, ?, ?, ?, ?, ?, ?, ?, ?) , (?, 1, ?, ?, ?, ?, ?, ?, ?, ?, ?, ?) , (?, 1, ?, ?, ?, ?, ?, ?, ?, ?, ?, ?) , (?, 1, ?, ?, ?, ?, ?, ?, ?, ?, ?, ?) , (?, 1, ?, ?, ?, ?, ?, ?, ?, ?, ?, ?) , (?, 1, ?, ?, ?, ?, ?, ?, ?, ?, ?, ?) , (?, 1, ?, ?, ?, ?, ?, ?, ?, ?, ?, ?) , (?, 1, ?, ?, ?, ?, ?, ?, ?, ?, ?, ?) , (?, 1, ?, ?, ?, ?, ?, ?, ?, ?, ?, ?) , (?, 1, ?, ?, ?, ?, ?, ?, ?, ?, ?, ?) , (?, 1, ?, ?, ?, ?, ?, ?, ?, ?, ?, ?) , (?, 1, ?, ?, ?, ?, ?, ?, ?, ?, ?, ?) , (?, 1, ?, ?, ?, ?, ?, ?, ?, ?, ?, ?) , (?, 1, ?, ?, ?, ?, ?, ?, ?, ?, ?, ?) , (?, 1, ?, ?, ?, ?, ?, ?, ?, ?, ?, ?) , (?, 1, ?, ?, ?, ?, ?, ?, ?, ?, ?, ?) , (?, 1, ?, ?, ?, ?, ?, ?, ?, ?, ?, ?) , (?, 1, ?, ?, ?, ?, ?, ?, ?, ?, ?, ?) , (?, 1, ?, ?, ?, ?, ?, ?, ?, ?, ?, ?) , (?, 1, ?, ?, ?, ?, ?, ?, ?, ?, ?, ?) , (?, 1, ?, ?, ?, ?, ?, ?, ?, ?, ?, ?) , (?, 1, ?, ?, ?, ?, ?, ?, ?, ?, ?, ?) , (?, 1, ?, ?, ?, ?, ?, ?, ?, ?, ?, ?) , (?, 1, ?, ?, ?, ?, ?, ?, ?, ?, ?, ?) , (?, 1, ?, ?, ?, ?, ?, ?, ?, ?, ?, ?) , (?, 1, ?, ?, ?, ?, ?, ?, ?, ?, ?, ?) , (?, 1, ?, ?, ?, ?, ?, ?, ?, ?, ?, ?) , (?, 1, ?, ?, ?, ?, ?, ?, ?, ?, ?, ?) , (?, 1, ?, ?, ?, ?, ?, ?, ?, ?, ?, ?) , (?, 1, ?, ?, ?, ?, ?, ?, ?, ?, ?, ?) , (?, 1, ?, ?, ?, ?, ?, ?, ?, ?, ?, ?) , (?, 1, ?, ?, ?, ?, ?, ?, ?, ?, ?, ?) , (?, 1, ?, ?, ?, ?, ?, ?, ?, ?, ?, ?) , (?, 1, ?, ?, ?, ?, ?, ?, ?, ?, ?, ?) , (?, 1, ?, ?, ?, ?, ?, ?, ?, ?, ?, ?) , (?, 1, ?, ?, ?, ?, ?, ?, ?, ?, ?, ?) , (?, 1, ?, ?, ?, ?, ?, ?, ?, ?, ?, ?) , (?, 1, ?, ?, ?, ?, ?, ?, ?, ?, ?, ?) , (?, 1, ?, ?, ?, ?, ?, ?, ?, ?, ?, ?) , (?, 1, ?, ?, ?, ?, ?, ?, ?, ?, ?, ?) , (?, 1, ?, ?, ?, ?, ?, ?, ?, ?, ?, ?) , (?, 1, ?, ?, ?, ?, ?, ?, ?, ?, ?, ?) , (?, 1, ?, ?, ?, ?, ?, ?, ?, ?, ?, ?) , (?, 1, ?, ?, ?, ?, ?, ?, ?, ?, ?, ?) , (?, 1, ?, ?, ?, ?, ?, ?, ?, ?, ?, ?) , (?, 1, ?, ?, ?, ?, ?, ?, ?, ?, ?, ?) , (?, 1, ?, ?, ?, ?, ?, ?, ?, ?, ?, ?) , (?, 1, ?, ?, ?, ?, ?, ?, ?, ?, ?, ?) , (?, 1, ?, ?, ?, ?, ?, ?, ?, ?, ?, ?) , (?, 1, ?, ?, ?, ?, ?, ?, ?, ?, ?, ?) , (?, 1, ?, ?, ?, ?, ?, ?, ?, ?, ?, ?) , (?, 1, ?, ?, ?, ?, ?, ?, ?, ?, ?, ?) , (?, 1, ?, ?, ?, ?, ?, ?, ?, ?, ?, ?) , (?, 1, ?, ?, ?, ?, ?, ?, ?, ?, ?, ?) , (?, 1, ?, ?, ?, ?, ?, ?, ?, ?, ?, ?) , (?, 1, ?, ?, ?, ?, ?, ?, ?, ?, ?, ?) , (?, 1, ?, ?, ?, ?, ?, ?, ?, ?, ?, ?) 
10:48:05,442 [main] DEBUG org.activiti.engine.impl.persistence.entity.VariableInstanceEntity.bulkInsertVariableInstance  - ==&gt; Parameters: 2505(String), integer(String), var2802(String), 2504(String), 2504(String), null, null, null, 2802(Long), 2802(String), null, 2506(String), integer(String), var2801(String), 2504(String), 2504(String), null, null, null, 2801(Long), 2801(String), null, 2507(String), integer(String), var2800(String), 2504(String), 2504(String), null, null, null, 2800(Long), 2800(String), null, 2508(String), integer(String), var2806(String), 2504(String), 2504(String), null, null, null, 2806(Long), 2806(String), null, 2509(String), integer(String), var2805(String), 2504(String), 2504(String), null, null, null, 2805(Long), 2805(String), null, 2510(String), integer(String), var2804(String), 2504(String), 2504(String), null, null, null, 2804(Long), 2804(String), null, 2511(String), integer(String), var2803(String), 2504(String), 2504(String), null, null, null, 2803(Long), 2803(String), null, 2512(String), integer(String), var2809(String), 2504(String), 2504(String), null, null, null, 2809(Long), 2809(String), null, 2513(String), integer(String), var2808(String), 2504(String), 2504(String), null, null, null, 2808(Long), 2808(String), null, 2514(String), integer(String), var2807(String), 2504(String), 2504(String), null, null, null, 2807(Long), 2807(String), null, 2515(String), integer(String), var2813(String), 2504(String), 2504(String), null, null, null, 2813(Long), 2813(String), null, 2516(String), integer(String), var2812(String), 2504(String), 2504(String), null, null, null, 2812(Long), 2812(String), null, 2517(String), integer(String), var2811(String), 2504(String), 2504(String), null, null, null, 2811(Long), 2811(String), null, 2518(String), integer(String), var2810(String), 2504(String), 2504(String), null, null, null, 2810(Long), 2810(String), null, 2519(String), integer(String), var2817(String), 2504(String), 2504(String), null, null, null, 2817(Long), 2817(String), null, 2520(String), integer(String), var2816(String), 2504(String), 2504(String), null, null, null, 2816(Long), 2816(String), null, 2521(String), integer(String), var2815(String), 2504(String), 2504(String), null, null, null, 2815(Long), 2815(String), null, 2522(String), integer(String), var2814(String), 2504(String), 2504(String), null, null, null, 2814(Long), 2814(String), null, 2523(String), integer(String), var2819(String), 2504(String), 2504(String), null, null, null, 2819(Long), 2819(String), null, 2524(String), integer(String), var2818(String), 2504(String), 2504(String), null, null, null, 2818(Long), 2818(String), null, 2525(String), integer(String), var2820(String), 2504(String), 2504(String), null, null, null, 2820(Long), 2820(String), null, 2526(String), integer(String), var2824(String), 2504(String), 2504(String), null, null, null, 2824(Long), 2824(String), null, 2527(String), integer(String), var2823(String), 2504(String), 2504(String), null, null, null, 2823(Long), 2823(String), null, 2528(String), integer(String), var2822(String), 2504(String), 2504(String), null, null, null, 2822(Long), 2822(String), null, 2529(String), integer(String), var2821(String), 2504(String), 2504(String), null, null, null, 2821(Long), 2821(String), null, 2530(String), integer(String), var2828(String), 2504(String), 2504(String), null, null, null, 2828(Long), 2828(String), null, 2531(String), integer(String), var2827(String), 2504(String), 2504(String), null, null, null, 2827(Long), 2827(String), null, 2532(String), integer(String), var2826(String), 2504(String), 2504(String), null, null, null, 2826(Long), 2826(String), null, 2533(String), integer(String), var2825(String), 2504(String), 2504(String), null, null, null, 2825(Long), 2825(String), null, 2534(String), integer(String), var2829(String), 2504(String), 2504(String), null, null, null, 2829(Long), 2829(String), null, 2535(String), integer(String), var2831(String), 2504(String), 2504(String), null, null, null, 2831(Long), 2831(String), null, 2536(String), integer(String), var1500(String), 2504(String), 2504(String), null, null, null, 1500(Long), 1500(String), null, 2537(String), integer(String), var2830(String), 2504(String), 2504(String), null, null, null, 2830(Long), 2830(String), null, 2538(String), integer(String), var1503(String), 2504(String), 2504(String), null, null, null, 1503(Long), 1503(String), null, 2539(String), integer(String), var2835(String), 2504(String), 2504(String), null, null, null, 2835(Long), 2835(String), null, 2540(String), integer(String), var1504(String), 2504(String), 2504(String), null, null, null, 1504(Long), 1504(String), null, 2541(String), integer(String), var2834(String), 2504(String), 2504(String), null, null, null, 2834(Long), 2834(String), null, 2542(String), integer(String), var1501(String), 2504(String), 2504(String), null, null, null, 1501(Long), 1501(String), null, 2543(String), integer(String), var2833(String), 2504(String), 2504(String), null, null, null, 2833(Long), 2833(String), null, 2544(String), integer(String), var1502(String), 2504(String), 2504(String), null, null, null, 1502(Long), 1502(String), null, 2545(String), integer(String), var2832(String), 2504(String), 2504(String), null, null, null, 2832(Long), 2832(String), null, 2546(String), integer(String), var1507(String), 2504(String), 2504(String), null, null, null, 1507(Long), 1507(String), null, 2547(String), integer(String), var2839(String), 2504(String), 2504(String), null, null, null, 2839(Long), 2839(String), null, 2548(String), integer(String), var1508(String), 2504(String), 2504(String), null, null, null, 1508(Long), 1508(String), null, 2549(String), integer(String), var2838(String), 2504(String), 2504(String), null, null, null, 2838(Long), 2838(String), null, 2550(String), integer(String), var1505(String), 2504(String), 2504(String), null, null, null, 1505(Long), 1505(String), null, 2551(String), integer(String), var2837(String), 2504(String), 2504(String), null, null, null, 2837(Long), 2837(String), null, 2552(String), integer(String), var1506(String), 2504(String), 2504(String), null, null, null, 1506(Long), 1506(String), null, 2553(String), integer(String), var2836(String), 2504(String), 2504(String), null, null, null, 2836(Long), 2836(String), null, 2554(String), integer(String), var1509(String), 2504(String), 2504(String), null, null, null, 1509(Long), 1509(String), null, 2555(String), integer(String), var1510(String), 2504(String), 2504(String), null, null, null, 1510(Long), 1510(String), null, 2556(String), integer(String), var2842(String), 2504(String), 2504(String), null, null, null, 2842(Long), 2842(String), null, 2557(String), integer(String), var1511(String), 2504(String), 2504(String), null, null, null, 1511(Long), 1511(String), null, 2558(String), integer(String), var2841(String), 2504(String), 2504(String), null, null, null, 2841(Long), 2841(String), null, 2559(String), integer(String), var2840(String), 2504(String), 2504(String), null, null, null, 2840(Long), 2840(String), null, 2560(String), integer(String), var1514(String), 2504(String), 2504(String), null, null, null, 1514(Long), 1514(String), null, 2561(String), integer(String), var2846(String), 2504(String), 2504(String), null, null, null, 2846(Long), 2846(String), null, 2562(String), integer(String), var1515(String), 2504(String), 2504(String), null, null, null, 1515(Long), 1515(String), null, 2563(String), integer(String), var2845(String), 2504(String), 2504(String), null, null, null, 2845(Long), 2845(String), null, 2564(String), integer(String), var1512(String), 2504(String), 2504(String), null, null, null, 1512(Long), 1512(String), null, 2565(String), integer(String), var2844(String), 2504(String), 2504(String), null, null, null, 2844(Long), 2844(String), null, 2566(String), integer(String), var1513(String), 2504(String), 2504(String), null, null, null, 1513(Long), 1513(String), null, 2567(String), integer(String), var2843(String), 2504(String), 2504(String), null, null, null, 2843(Long), 2843(String), null, 2568(String), integer(String), var1518(String), 2504(String), 2504(String), null, null, null, 1518(Long), 1518(String), null, 2569(String), integer(String), var1519(String), 2504(String), 2504(String), null, null, null, 1519(Long), 1519(String), null, 2570(String), integer(String), var2849(String), 2504(String), 2504(String), null, null, null, 2849(Long), 2849(String), null, 2571(String), integer(String), var1516(String), 2504(String), 2504(String), null, null, null, 1516(Long), 1516(String), null, 2572(String), integer(String), var2848(String), 2504(String), 2504(String), null, null, null, 2848(Long), 2848(String), null, 2573(String), integer(String), var1517(String), 2504(String), 2504(String), null, null, null, 1517(Long), 1517(String), null, 2574(String), integer(String), var2847(String), 2504(String), 2504(String), null, null, null, 2847(Long), 2847(String), null, 2575(String), integer(String), var941(String), 2504(String), 2504(String), null, null, null, 941(Long), 941(String), null, 2576(String), integer(String), var1521(String), 2504(String), 2504(String), null, null, null, 1521(Long), 1521(String), null, 2577(String), integer(String), var2853(String), 2504(String), 2504(String), null, null, null, 2853(Long), 2853(String), null, 2578(String), integer(String), var940(String), 2504(String), 2504(String), null, null, null, 940(Long), 940(String), null, 2579(String), integer(String), var1522(String), 2504(String), 2504(String), null, null, null, 1522(Long), 1522(String), null, 2580(String), integer(String), var2852(String), 2504(String), 2504(String), null, null, null, 2852(Long), 2852(String), null, 2581(String), integer(String), var2851(String), 2504(String), 2504(String), null, null, null, 2851(Long), 2851(String), null, 2582(String), integer(String), var1520(String), 2504(String), 2504(String), null, null, null, 1520(Long), 1520(String), null, 2583(String), integer(String), var2850(String), 2504(String), 2504(String), null, null, null, 2850(Long), 2850(String), null, 2584(String), integer(String), var1525(String), 2504(String), 2504(String), null, null, null, 1525(Long), 1525(String), null, 2585(String), integer(String), var2857(String), 2504(String), 2504(String), null, null, null, 2857(Long), 2857(String), null, 2586(String), integer(String), var1526(String), 2504(String), 2504(String), null, null, null, 1526(Long), 1526(String), null, 2587(String), integer(String), var2856(String), 2504(String), 2504(String), null, null, null, 2856(Long), 2856(String), null, 2588(String), integer(String), var1523(String), 2504(String), 2504(String), null, null, null, 1523(Long), 1523(String), null, 2589(String), integer(String), var2855(String), 2504(String), 2504(String), null, null, null, 2855(Long), 2855(String), null, 2590(String), integer(String), var1524(String), 2504(String), 2504(String), null, null, null, 1524(Long), 1524(String), null, 2591(String), integer(String), var2854(String), 2504(String), 2504(String), null, null, null, 2854(Long), 2854(String), null, 2592(String), integer(String), var949(String), 2504(String), 2504(String), null, null, null, 949(Long), 949(String), null, 2593(String), integer(String), var1529(String), 2504(String), 2504(String), null, null, null, 1529(Long), 1529(String), null, 2594(String), integer(String), var948(String), 2504(String), 2504(String), null, null, null, 948(Long), 948(String), null, 2595(String), integer(String), var947(String), 2504(String), 2504(String), null, null, null, 947(Long), 947(String), null, 2596(String), integer(String), var1527(String), 2504(String), 2504(String), null, null, null, 1527(Long), 1527(String), null, 2597(String), integer(String), var2859(String), 2504(String), 2504(String), null, null, null, 2859(Long), 2859(String), null, 2598(String), integer(String), var946(String), 2504(String), 2504(String), null, null, null, 946(Long), 946(String), null, 2599(String), integer(String), var1528(String), 2504(String), 2504(String), null, null, null, 1528(Long), 1528(String), null, 2600(String), integer(String), var2858(String), 2504(String), 2504(String), null, null, null, 2858(Long), 2858(String), null, 2601(String), integer(String), var945(String), 2504(String), 2504(String), null, null, null, 945(Long), 945(String), null, 2602(String), integer(String), var944(String), 2504(String), 2504(String), null, null, null, 944(Long), 944(String), null, 2603(String), integer(String), var943(String), 2504(String), 2504(String), null, null, null, 943(Long), 943(String), null, 2604(String), integer(String), var942(String), 2504(String), 2504(String), null, null, null, 942(Long), 942(String), null
10:48:05,442 [main] DEBUG org.activiti.engine.impl.persistence.entity.VariableInstanceEntity.bulkInsertVariableInstance  - &lt;==    Updates: 100
10:48:05,444 [main] DEBUG org.activiti.engine.impl.persistence.entity.VariableInstanceEntity.bulkInsertVariableInstance  - ==&gt;  Preparing: INSERT INTO ACT_RU_VARIABLE (ID_, REV_, TYPE_, NAME_, PROC_INST_ID_, EXECUTION_ID_, TASK_ID_, BYTEARRAY_ID_, DOUBLE_, LONG_ , TEXT_, TEXT2_) VALUES (?, 1, ?, ?, ?, ?, ?, ?, ?, ?, ?, ?) , (?, 1, ?, ?, ?, ?, ?, ?, ?, ?, ?, ?) , (?, 1, ?, ?, ?, ?, ?, ?, ?, ?, ?, ?) , (?, 1, ?, ?, ?, ?, ?, ?, ?, ?, ?, ?) , (?, 1, ?, ?, ?, ?, ?, ?, ?, ?, ?, ?) , (?, 1, ?, ?, ?, ?, ?, ?, ?, ?, ?, ?) , (?, 1, ?, ?, ?, ?, ?, ?, ?, ?, ?, ?) , (?, 1, ?, ?, ?, ?, ?, ?, ?, ?, ?, ?) , (?, 1, ?, ?, ?, ?, ?, ?, ?, ?, ?, ?) , (?, 1, ?, ?, ?, ?, ?, ?, ?, ?, ?, ?) , (?, 1, ?, ?, ?, ?, ?, ?, ?, ?, ?, ?) , (?, 1, ?, ?, ?, ?, ?, ?, ?, ?, ?, ?) , (?, 1, ?, ?, ?, ?, ?, ?, ?, ?, ?, ?) , (?, 1, ?, ?, ?, ?, ?, ?, ?, ?, ?, ?) , (?, 1, ?, ?, ?, ?, ?, ?, ?, ?, ?, ?) , (?, 1, ?, ?, ?, ?, ?, ?, ?, ?, ?, ?) , (?, 1, ?, ?, ?, ?, ?, ?, ?, ?, ?, ?) , (?, 1, ?, ?, ?, ?, ?, ?, ?, ?, ?, ?) , (?, 1, ?, ?, ?, ?, ?, ?, ?, ?, ?, ?) , (?, 1, ?, ?, ?, ?, ?, ?, ?, ?, ?, ?) , (?, 1, ?, ?, ?, ?, ?, ?, ?, ?, ?, ?) , (?, 1, ?, ?, ?, ?, ?, ?, ?, ?, ?, ?) , (?, 1, ?, ?, ?, ?, ?, ?, ?, ?, ?, ?) , (?, 1, ?, ?, ?, ?, ?, ?, ?, ?, ?, ?) , (?, 1, ?, ?, ?, ?, ?, ?, ?, ?, ?, ?) , (?, 1, ?, ?, ?, ?, ?, ?, ?, ?, ?, ?) , (?, 1, ?, ?, ?, ?, ?, ?, ?, ?, ?, ?) , (?, 1, ?, ?, ?, ?, ?, ?, ?, ?, ?, ?) , (?, 1, ?, ?, ?, ?, ?, ?, ?, ?, ?, ?) , (?, 1, ?, ?, ?, ?, ?, ?, ?, ?, ?, ?) , (?, 1, ?, ?, ?, ?, ?, ?, ?, ?, ?, ?) , (?, 1, ?, ?, ?, ?, ?, ?, ?, ?, ?, ?) , (?, 1, ?, ?, ?, ?, ?, ?, ?, ?, ?, ?) , (?, 1, ?, ?, ?, ?, ?, ?, ?, ?, ?, ?) , (?, 1, ?, ?, ?, ?, ?, ?, ?, ?, ?, ?) , (?, 1, ?, ?, ?, ?, ?, ?, ?, ?, ?, ?) , (?, 1, ?, ?, ?, ?, ?, ?, ?, ?, ?, ?) , (?, 1, ?, ?, ?, ?, ?, ?, ?, ?, ?, ?) , (?, 1, ?, ?, ?, ?, ?, ?, ?, ?, ?, ?) , (?, 1, ?, ?, ?, ?, ?, ?, ?, ?, ?, ?) , (?, 1, ?, ?, ?, ?, ?, ?, ?, ?, ?, ?) , (?, 1, ?, ?, ?, ?, ?, ?, ?, ?, ?, ?) , (?, 1, ?, ?, ?, ?, ?, ?, ?, ?, ?, ?) , (?, 1, ?, ?, ?, ?, ?, ?, ?, ?, ?, ?) , (?, 1, ?, ?, ?, ?, ?, ?, ?, ?, ?, ?) , (?, 1, ?, ?, ?, ?, ?, ?, ?, ?, ?, ?) , (?, 1, ?, ?, ?, ?, ?, ?, ?, ?, ?, ?) , (?, 1, ?, ?, ?, ?, ?, ?, ?, ?, ?, ?) , (?, 1, ?, ?, ?, ?, ?, ?, ?, ?, ?, ?) , (?, 1, ?, ?, ?, ?, ?, ?, ?, ?, ?, ?) , (?, 1, ?, ?, ?, ?, ?, ?, ?, ?, ?, ?) , (?, 1, ?, ?, ?, ?, ?, ?, ?, ?, ?, ?) , (?, 1, ?, ?, ?, ?, ?, ?, ?, ?, ?, ?) , (?, 1, ?, ?, ?, ?, ?, ?, ?, ?, ?, ?) , (?, 1, ?, ?, ?, ?, ?, ?, ?, ?, ?, ?) , (?, 1, ?, ?, ?, ?, ?, ?, ?, ?, ?, ?) , (?, 1, ?, ?, ?, ?, ?, ?, ?, ?, ?, ?) , (?, 1, ?, ?, ?, ?, ?, ?, ?, ?, ?, ?) , (?, 1, ?, ?, ?, ?, ?, ?, ?, ?, ?, ?) , (?, 1, ?, ?, ?, ?, ?, ?, ?, ?, ?, ?) , (?, 1, ?, ?, ?, ?, ?, ?, ?, ?, ?, ?) , (?, 1, ?, ?, ?, ?, ?, ?, ?, ?, ?, ?) , (?, 1, ?, ?, ?, ?, ?, ?, ?, ?, ?, ?) , (?, 1, ?, ?, ?, ?, ?, ?, ?, ?, ?, ?) , (?, 1, ?, ?, ?, ?, ?, ?, ?, ?, ?, ?) , (?, 1, ?, ?, ?, ?, ?, ?, ?, ?, ?, ?) , (?, 1, ?, ?, ?, ?, ?, ?, ?, ?, ?, ?) , (?, 1, ?, ?, ?, ?, ?, ?, ?, ?, ?, ?) , (?, 1, ?, ?, ?, ?, ?, ?, ?, ?, ?, ?) , (?, 1, ?, ?, ?, ?, ?, ?, ?, ?, ?, ?) , (?, 1, ?, ?, ?, ?, ?, ?, ?, ?, ?, ?) , (?, 1, ?, ?, ?, ?, ?, ?, ?, ?, ?, ?) , (?, 1, ?, ?, ?, ?, ?, ?, ?, ?, ?, ?) , (?, 1, ?, ?, ?, ?, ?, ?, ?, ?, ?, ?) , (?, 1, ?, ?, ?, ?, ?, ?, ?, ?, ?, ?) , (?, 1, ?, ?, ?, ?, ?, ?, ?, ?, ?, ?) , (?, 1, ?, ?, ?, ?, ?, ?, ?, ?, ?, ?) , (?, 1, ?, ?, ?, ?, ?, ?, ?, ?, ?, ?) , (?, 1, ?, ?, ?, ?, ?, ?, ?, ?, ?, ?) , (?, 1, ?, ?, ?, ?, ?, ?, ?, ?, ?, ?) , (?, 1, ?, ?, ?, ?, ?, ?, ?, ?, ?, ?) , (?, 1, ?, ?, ?, ?, ?, ?, ?, ?, ?, ?) , (?, 1, ?, ?, ?, ?, ?, ?, ?, ?, ?, ?) , (?, 1, ?, ?, ?, ?, ?, ?, ?, ?, ?, ?) , (?, 1, ?, ?, ?, ?, ?, ?, ?, ?, ?, ?) , (?, 1, ?, ?, ?, ?, ?, ?, ?, ?, ?, ?) , (?, 1, ?, ?, ?, ?, ?, ?, ?, ?, ?, ?) , (?, 1, ?, ?, ?, ?, ?, ?, ?, ?, ?, ?) , (?, 1, ?, ?, ?, ?, ?, ?, ?, ?, ?, ?) , (?, 1, ?, ?, ?, ?, ?, ?, ?, ?, ?, ?) , (?, 1, ?, ?, ?, ?, ?, ?, ?, ?, ?, ?) , (?, 1, ?, ?, ?, ?, ?, ?, ?, ?, ?, ?) , (?, 1, ?, ?, ?, ?, ?, ?, ?, ?, ?, ?) , (?, 1, ?, ?, ?, ?, ?, ?, ?, ?, ?, ?) , (?, 1, ?, ?, ?, ?, ?, ?, ?, ?, ?, ?) , (?, 1, ?, ?, ?, ?, ?, ?, ?, ?, ?, ?) , (?, 1, ?, ?, ?, ?, ?, ?, ?, ?, ?, ?) , (?, 1, ?, ?, ?, ?, ?, ?, ?, ?, ?, ?) , (?, 1, ?, ?, ?, ?, ?, ?, ?, ?, ?, ?) , (?, 1, ?, ?, ?, ?, ?, ?, ?, ?, ?, ?) 
10:48:05,445 [main] DEBUG org.activiti.engine.impl.persistence.entity.VariableInstanceEntity.bulkInsertVariableInstance  - ==&gt; Parameters: 2605(String), integer(String), var2860(String), 2504(String), 2504(String), null, null, null, 2860(Long), 2860(String), null, 2606(String), integer(String), var930(String), 2504(String), 2504(String), null, null, null, 930(Long), 930(String), null, 2607(String), integer(String), var1532(String), 2504(String), 2504(String), null, null, null, 1532(Long), 1532(String), null, 2608(String), integer(String), var2864(String), 2504(String), 2504(String), null, null, null, 2864(Long), 2864(String), null, 2609(String), integer(String), var1533(String), 2504(String), 2504(String), null, null, null, 1533(Long), 1533(String), null, 2610(String), integer(String), var2863(String), 2504(String), 2504(String), null, null, null, 2863(Long), 2863(String), null, 2611(String), integer(String), var1530(String), 2504(String), 2504(String), null, null, null, 1530(Long), 1530(String), null, 2612(String), integer(String), var2862(String), 2504(String), 2504(String), null, null, null, 2862(Long), 2862(String), null, 2613(String), integer(String), var1531(String), 2504(String), 2504(String), null, null, null, 1531(Long), 1531(String), null, 2614(String), integer(String), var2861(String), 2504(String), 2504(String), null, null, null, 2861(Long), 2861(String), null, 2615(String), integer(String), var1536(String), 2504(String), 2504(String), null, null, null, 1536(Long), 1536(String), null, 2616(String), integer(String), var2868(String), 2504(String), 2504(String), null, null, null, 2868(Long), 2868(String), null, 2617(String), integer(String), var1537(String), 2504(String), 2504(String), null, null, null, 1537(Long), 1537(String), null, 2618(String), integer(String), var2867(String), 2504(String), 2504(String), null, null, null, 2867(Long), 2867(String), null, 2619(String), integer(String), var1534(String), 2504(String), 2504(String), null, null, null, 1534(Long), 1534(String), null, 2620(String), integer(String), var2866(String), 2504(String), 2504(String), null, null, null, 2866(Long), 2866(String), null, 2621(String), integer(String), var1535(String), 2504(String), 2504(String), null, null, null, 1535(Long), 1535(String), null, 2622(String), integer(String), var2865(String), 2504(String), 2504(String), null, null, null, 2865(Long), 2865(String), null, 2623(String), integer(String), var938(String), 2504(String), 2504(String), null, null, null, 938(Long), 938(String), null, 2624(String), integer(String), var937(String), 2504(String), 2504(String), null, null, null, 937(Long), 937(String), null, 2625(String), integer(String), var936(String), 2504(String), 2504(String), null, null, null, 936(Long), 936(String), null, 2626(String), integer(String), var1538(String), 2504(String), 2504(String), null, null, null, 1538(Long), 1538(String), null, 2627(String), integer(String), var935(String), 2504(String), 2504(String), null, null, null, 935(Long), 935(String), null, 2628(String), integer(String), var1539(String), 2504(String), 2504(String), null, null, null, 1539(Long), 1539(String), null, 2629(String), integer(String), var2869(String), 2504(String), 2504(String), null, null, null, 2869(Long), 2869(String), null, 2630(String), integer(String), var934(String), 2504(String), 2504(String), null, null, null, 934(Long), 934(String), null, 2631(String), integer(String), var933(String), 2504(String), 2504(String), null, null, null, 933(Long), 933(String), null, 2632(String), integer(String), var932(String), 2504(String), 2504(String), null, null, null, 932(Long), 932(String), null, 2633(String), integer(String), var931(String), 2504(String), 2504(String), null, null, null, 931(Long), 931(String), null, 2634(String), integer(String), var939(String), 2504(String), 2504(String), null, null, null, 939(Long), 939(String), null, 2635(String), integer(String), var2871(String), 2504(String), 2504(String), null, null, null, 2871(Long), 2871(String), null, 2636(String), integer(String), var1540(String), 2504(String), 2504(String), null, null, null, 1540(Long), 1540(String), null, 2637(String), integer(String), var2870(String), 2504(String), 2504(String), null, null, null, 2870(Long), 2870(String), null, 2638(String), integer(String), var1543(String), 2504(String), 2504(String), null, null, null, 1543(Long), 1543(String), null, 2639(String), integer(String), var2875(String), 2504(String), 2504(String), null, null, null, 2875(Long), 2875(String), null, 2640(String), integer(String), var1544(String), 2504(String), 2504(String), null, null, null, 1544(Long), 1544(String), null, 2641(String), integer(String), var2874(String), 2504(String), 2504(String), null, null, null, 2874(Long), 2874(String), null, 2642(String), integer(String), var1541(String), 2504(String), 2504(String), null, null, null, 1541(Long), 1541(String), null, 2643(String), integer(String), var2873(String), 2504(String), 2504(String), null, null, null, 2873(Long), 2873(String), null, 2644(String), integer(String), var1542(String), 2504(String), 2504(String), null, null, null, 1542(Long), 1542(String), null, 2645(String), integer(String), var2872(String), 2504(String), 2504(String), null, null, null, 2872(Long), 2872(String), null, 2646(String), integer(String), var1547(String), 2504(String), 2504(String), null, null, null, 1547(Long), 1547(String), null, 2647(String), integer(String), var2879(String), 2504(String), 2504(String), null, null, null, 2879(Long), 2879(String), null, 2648(String), integer(String), var1548(String), 2504(String), 2504(String), null, null, null, 1548(Long), 1548(String), null, 2649(String), integer(String), var2878(String), 2504(String), 2504(String), null, null, null, 2878(Long), 2878(String), null, 2650(String), integer(String), var1545(String), 2504(String), 2504(String), null, null, null, 1545(Long), 1545(String), null, 2651(String), integer(String), var2877(String), 2504(String), 2504(String), null, null, null, 2877(Long), 2877(String), null, 2652(String), integer(String), var1546(String), 2504(String), 2504(String), null, null, null, 1546(Long), 1546(String), null, 2653(String), integer(String), var2876(String), 2504(String), 2504(String), null, null, null, 2876(Long), 2876(String), null, 2654(String), integer(String), var927(String), 2504(String), 2504(String), null, null, null, 927(Long), 927(String), null, 2655(String), integer(String), var926(String), 2504(String), 2504(String), null, null, null, 926(Long), 926(String), null, 2656(String), integer(String), var925(String), 2504(String), 2504(String), null, null, null, 925(Long), 925(String), null, 2657(String), integer(String), var1549(String), 2504(String), 2504(String), null, null, null, 1549(Long), 1549(String), null, 2658(String), integer(String), var924(String), 2504(String), 2504(String), null, null, null, 924(Long), 924(String), null, 2659(String), integer(String), var923(String), 2504(String), 2504(String), null, null, null, 923(Long), 923(String), null, 2660(String), integer(String), var922(String), 2504(String), 2504(String), null, null, null, 922(Long), 922(String), null, 2661(String), integer(String), var921(String), 2504(String), 2504(String), null, null, null, 921(Long), 921(String), null, 2662(String), integer(String), var920(String), 2504(String), 2504(String), null, null, null, 920(Long), 920(String), null, 2663(String), integer(String), var929(String), 2504(String), 2504(String), null, null, null, 929(Long), 929(String), null, 2664(String), integer(String), var928(String), 2504(String), 2504(String), null, null, null, 928(Long), 928(String), null, 2665(String), integer(String), var1550(String), 2504(String), 2504(String), null, null, null, 1550(Long), 1550(String), null, 2666(String), integer(String), var2882(String), 2504(String), 2504(String), null, null, null, 2882(Long), 2882(String), null, 2667(String), integer(String), var1551(String), 2504(String), 2504(String), null, null, null, 1551(Long), 1551(String), null, 2668(String), integer(String), var2881(String), 2504(String), 2504(String), null, null, null, 2881(Long), 2881(String), null, 2669(String), integer(String), var2880(String), 2504(String), 2504(String), null, null, null, 2880(Long), 2880(String), null, 2670(String), integer(String), var1554(String), 2504(String), 2504(String), null, null, null, 1554(Long), 1554(String), null, 2671(String), integer(String), var2886(String), 2504(String), 2504(String), null, null, null, 2886(Long), 2886(String), null, 2672(String), integer(String), var1555(String), 2504(String), 2504(String), null, null, null, 1555(Long), 1555(String), null, 2673(String), integer(String), var2885(String), 2504(String), 2504(String), null, null, null, 2885(Long), 2885(String), null, 2674(String), integer(String), var1552(String), 2504(String), 2504(String), null, null, null, 1552(Long), 1552(String), null, 2675(String), integer(String), var2884(String), 2504(String), 2504(String), null, null, null, 2884(Long), 2884(String), null, 2676(String), integer(String), var1553(String), 2504(String), 2504(String), null, null, null, 1553(Long), 1553(String), null, 2677(String), integer(String), var2883(String), 2504(String), 2504(String), null, null, null, 2883(Long), 2883(String), null, 2678(String), integer(String), var1558(String), 2504(String), 2504(String), null, null, null, 1558(Long), 1558(String), null, 2679(String), integer(String), var1559(String), 2504(String), 2504(String), null, null, null, 1559(Long), 1559(String), null, 2680(String), integer(String), var2889(String), 2504(String), 2504(String), null, null, null, 2889(Long), 2889(String), null, 2681(String), integer(String), var1556(String), 2504(String), 2504(String), null, null, null, 1556(Long), 1556(String), null, 2682(String), integer(String), var2888(String), 2504(String), 2504(String), null, null, null, 2888(Long), 2888(String), null, 2683(String), integer(String), var1557(String), 2504(String), 2504(String), null, null, null, 1557(Long), 1557(String), null, 2684(String), integer(String), var2887(String), 2504(String), 2504(String), null, null, null, 2887(Long), 2887(String), null, 2685(String), integer(String), var916(String), 2504(String), 2504(String), null, null, null, 916(Long), 916(String), null, 2686(String), integer(String), var915(String), 2504(String), 2504(String), null, null, null, 915(Long), 915(String), null, 2687(String), integer(String), var914(String), 2504(String), 2504(String), null, null, null, 914(Long), 914(String), null, 2688(String), integer(String), var913(String), 2504(String), 2504(String), null, null, null, 913(Long), 913(String), null, 2689(String), integer(String), var912(String), 2504(String), 2504(String), null, null, null, 912(Long), 912(String), null, 2690(String), integer(String), var911(String), 2504(String), 2504(String), null, null, null, 911(Long), 911(String), null, 2691(String), integer(String), var910(String), 2504(String), 2504(String), null, null, null, 910(Long), 910(String), null, 2692(String), integer(String), var919(String), 2504(String), 2504(String), null, null, null, 919(Long), 919(String), null, 2693(String), integer(String), var918(String), 2504(String), 2504(String), null, null, null, 918(Long), 918(String), null, 2694(String), integer(String), var917(String), 2504(String), 2504(String), null, null, null, 917(Long), 917(String), null, 2695(String), integer(String), var1561(String), 2504(String), 2504(String), null, null, null, 1561(Long), 1561(String), null, 2696(String), integer(String), var2893(String), 2504(String), 2504(String), null, null, null, 2893(Long), 2893(String), null, 2697(String), integer(String), var1562(String), 2504(String), 2504(String), null, null, null, 1562(Long), 1562(String), null, 2698(String), integer(String), var2892(String), 2504(String), 2504(String), null, null, null, 2892(Long), 2892(String), null, 2699(String), integer(String), var2891(String), 2504(String), 2504(String), null, null, null, 2891(Long), 2891(String), null, 2700(String), integer(String), var1560(String), 2504(String), 2504(String), null, null, null, 1560(Long), 1560(String), null, 2701(String), integer(String), var2890(String), 2504(String), 2504(String), null, null, null, 2890(Long), 2890(String), null, 2702(String), integer(String), var1565(String), 2504(String), 2504(String), null, null, null, 1565(Long), 1565(String), null, 2703(String), integer(String), var2897(String), 2504(String), 2504(String), null, null, null, 2897(Long), 2897(String), null, 2704(String), integer(String), var1566(String), 2504(String), 2504(String), null, null, null, 1566(Long), 1566(String), null
10:48:05,446 [main] DEBUG org.activiti.engine.impl.persistence.entity.VariableInstanceEntity.bulkInsertVariableInstance  - &lt;==    Updates: 100
10:48:05,449 [main] DEBUG org.activiti.engine.impl.persistence.entity.VariableInstanceEntity.bulkInsertVariableInstance  - ==&gt;  Preparing: INSERT INTO ACT_RU_VARIABLE (ID_, REV_, TYPE_, NAME_, PROC_INST_ID_, EXECUTION_ID_, TASK_ID_, BYTEARRAY_ID_, DOUBLE_, LONG_ , TEXT_, TEXT2_) VALUES (?, 1, ?, ?, ?, ?, ?, ?, ?, ?, ?, ?) , (?, 1, ?, ?, ?, ?, ?, ?, ?, ?, ?, ?) , (?, 1, ?, ?, ?, ?, ?, ?, ?, ?, ?, ?) , (?, 1, ?, ?, ?, ?, ?, ?, ?, ?, ?, ?) , (?, 1, ?, ?, ?, ?, ?, ?, ?, ?, ?, ?) , (?, 1, ?, ?, ?, ?, ?, ?, ?, ?, ?, ?) , (?, 1, ?, ?, ?, ?, ?, ?, ?, ?, ?, ?) , (?, 1, ?, ?, ?, ?, ?, ?, ?, ?, ?, ?) , (?, 1, ?, ?, ?, ?, ?, ?, ?, ?, ?, ?) , (?, 1, ?, ?, ?, ?, ?, ?, ?, ?, ?, ?) , (?, 1, ?, ?, ?, ?, ?, ?, ?, ?, ?, ?) , (?, 1, ?, ?, ?, ?, ?, ?, ?, ?, ?, ?) , (?, 1, ?, ?, ?, ?, ?, ?, ?, ?, ?, ?) , (?, 1, ?, ?, ?, ?, ?, ?, ?, ?, ?, ?) , (?, 1, ?, ?, ?, ?, ?, ?, ?, ?, ?, ?) , (?, 1, ?, ?, ?, ?, ?, ?, ?, ?, ?, ?) , (?, 1, ?, ?, ?, ?, ?, ?, ?, ?, ?, ?) , (?, 1, ?, ?, ?, ?, ?, ?, ?, ?, ?, ?) , (?, 1, ?, ?, ?, ?, ?, ?, ?, ?, ?, ?) , (?, 1, ?, ?, ?, ?, ?, ?, ?, ?, ?, ?) , (?, 1, ?, ?, ?, ?, ?, ?, ?, ?, ?, ?) , (?, 1, ?, ?, ?, ?, ?, ?, ?, ?, ?, ?) , (?, 1, ?, ?, ?, ?, ?, ?, ?, ?, ?, ?) , (?, 1, ?, ?, ?, ?, ?, ?, ?, ?, ?, ?) , (?, 1, ?, ?, ?, ?, ?, ?, ?, ?, ?, ?) , (?, 1, ?, ?, ?, ?, ?, ?, ?, ?, ?, ?) , (?, 1, ?, ?, ?, ?, ?, ?, ?, ?, ?, ?) , (?, 1, ?, ?, ?, ?, ?, ?, ?, ?, ?, ?) , (?, 1, ?, ?, ?, ?, ?, ?, ?, ?, ?, ?) , (?, 1, ?, ?, ?, ?, ?, ?, ?, ?, ?, ?) , (?, 1, ?, ?, ?, ?, ?, ?, ?, ?, ?, ?) , (?, 1, ?, ?, ?, ?, ?, ?, ?, ?, ?, ?) , (?, 1, ?, ?, ?, ?, ?, ?, ?, ?, ?, ?) , (?, 1, ?, ?, ?, ?, ?, ?, ?, ?, ?, ?) , (?, 1, ?, ?, ?, ?, ?, ?, ?, ?, ?, ?) , (?, 1, ?, ?, ?, ?, ?, ?, ?, ?, ?, ?) , (?, 1, ?, ?, ?, ?, ?, ?, ?, ?, ?, ?) , (?, 1, ?, ?, ?, ?, ?, ?, ?, ?, ?, ?) , (?, 1, ?, ?, ?, ?, ?, ?, ?, ?, ?, ?) , (?, 1, ?, ?, ?, ?, ?, ?, ?, ?, ?, ?) , (?, 1, ?, ?, ?, ?, ?, ?, ?, ?, ?, ?) , (?, 1, ?, ?, ?, ?, ?, ?, ?, ?, ?, ?) , (?, 1, ?, ?, ?, ?, ?, ?, ?, ?, ?, ?) , (?, 1, ?, ?, ?, ?, ?, ?, ?, ?, ?, ?) , (?, 1, ?, ?, ?, ?, ?, ?, ?, ?, ?, ?) , (?, 1, ?, ?, ?, ?, ?, ?, ?, ?, ?, ?) , (?, 1, ?, ?, ?, ?, ?, ?, ?, ?, ?, ?) , (?, 1, ?, ?, ?, ?, ?, ?, ?, ?, ?, ?) , (?, 1, ?, ?, ?, ?, ?, ?, ?, ?, ?, ?) , (?, 1, ?, ?, ?, ?, ?, ?, ?, ?, ?, ?) , (?, 1, ?, ?, ?, ?, ?, ?, ?, ?, ?, ?) , (?, 1, ?, ?, ?, ?, ?, ?, ?, ?, ?, ?) , (?, 1, ?, ?, ?, ?, ?, ?, ?, ?, ?, ?) , (?, 1, ?, ?, ?, ?, ?, ?, ?, ?, ?, ?) , (?, 1, ?, ?, ?, ?, ?, ?, ?, ?, ?, ?) , (?, 1, ?, ?, ?, ?, ?, ?, ?, ?, ?, ?) , (?, 1, ?, ?, ?, ?, ?, ?, ?, ?, ?, ?) , (?, 1, ?, ?, ?, ?, ?, ?, ?, ?, ?, ?) , (?, 1, ?, ?, ?, ?, ?, ?, ?, ?, ?, ?) , (?, 1, ?, ?, ?, ?, ?, ?, ?, ?, ?, ?) , (?, 1, ?, ?, ?, ?, ?, ?, ?, ?, ?, ?) , (?, 1, ?, ?, ?, ?, ?, ?, ?, ?, ?, ?) , (?, 1, ?, ?, ?, ?, ?, ?, ?, ?, ?, ?) , (?, 1, ?, ?, ?, ?, ?, ?, ?, ?, ?, ?) , (?, 1, ?, ?, ?, ?, ?, ?, ?, ?, ?, ?) , (?, 1, ?, ?, ?, ?, ?, ?, ?, ?, ?, ?) , (?, 1, ?, ?, ?, ?, ?, ?, ?, ?, ?, ?) , (?, 1, ?, ?, ?, ?, ?, ?, ?, ?, ?, ?) , (?, 1, ?, ?, ?, ?, ?, ?, ?, ?, ?, ?) , (?, 1, ?, ?, ?, ?, ?, ?, ?, ?, ?, ?) , (?, 1, ?, ?, ?, ?, ?, ?, ?, ?, ?, ?) , (?, 1, ?, ?, ?, ?, ?, ?, ?, ?, ?, ?) , (?, 1, ?, ?, ?, ?, ?, ?, ?, ?, ?, ?) , (?, 1, ?, ?, ?, ?, ?, ?, ?, ?, ?, ?) , (?, 1, ?, ?, ?, ?, ?, ?, ?, ?, ?, ?) , (?, 1, ?, ?, ?, ?, ?, ?, ?, ?, ?, ?) , (?, 1, ?, ?, ?, ?, ?, ?, ?, ?, ?, ?) , (?, 1, ?, ?, ?, ?, ?, ?, ?, ?, ?, ?) , (?, 1, ?, ?, ?, ?, ?, ?, ?, ?, ?, ?) , (?, 1, ?, ?, ?, ?, ?, ?, ?, ?, ?, ?) , (?, 1, ?, ?, ?, ?, ?, ?, ?, ?, ?, ?) , (?, 1, ?, ?, ?, ?, ?, ?, ?, ?, ?, ?) , (?, 1, ?, ?, ?, ?, ?, ?, ?, ?, ?, ?) , (?, 1, ?, ?, ?, ?, ?, ?, ?, ?, ?, ?) , (?, 1, ?, ?, ?, ?, ?, ?, ?, ?, ?, ?) , (?, 1, ?, ?, ?, ?, ?, ?, ?, ?, ?, ?) , (?, 1, ?, ?, ?, ?, ?, ?, ?, ?, ?, ?) , (?, 1, ?, ?, ?, ?, ?, ?, ?, ?, ?, ?) , (?, 1, ?, ?, ?, ?, ?, ?, ?, ?, ?, ?) , (?, 1, ?, ?, ?, ?, ?, ?, ?, ?, ?, ?) , (?, 1, ?, ?, ?, ?, ?, ?, ?, ?, ?, ?) , (?, 1, ?, ?, ?, ?, ?, ?, ?, ?, ?, ?) , (?, 1, ?, ?, ?, ?, ?, ?, ?, ?, ?, ?) , (?, 1, ?, ?, ?, ?, ?, ?, ?, ?, ?, ?) , (?, 1, ?, ?, ?, ?, ?, ?, ?, ?, ?, ?) , (?, 1, ?, ?, ?, ?, ?, ?, ?, ?, ?, ?) , (?, 1, ?, ?, ?, ?, ?, ?, ?, ?, ?, ?) , (?, 1, ?, ?, ?, ?, ?, ?, ?, ?, ?, ?) , (?, 1, ?, ?, ?, ?, ?, ?, ?, ?, ?, ?) , (?, 1, ?, ?, ?, ?, ?, ?, ?, ?, ?, ?) 
10:48:05,450 [main] DEBUG org.activiti.engine.impl.persistence.entity.VariableInstanceEntity.bulkInsertVariableInstance  - ==&gt; Parameters: 2705(String), integer(String), var2896(String), 2504(String), 2504(String), null, null, null, 2896(Long), 2896(String), null, 2706(String), integer(String), var1563(String), 2504(String), 2504(String), null, null, null, 1563(Long), 1563(String), null, 2707(String), integer(String), var2895(String), 2504(String), 2504(String), null, null, null, 2895(Long), 2895(String), null, 2708(String), integer(String), var1564(String), 2504(String), 2504(String), null, null, null, 1564(Long), 1564(String), null, 2709(String), integer(String), var2894(String), 2504(String), 2504(String), null, null, null, 2894(Long), 2894(String), null, 2710(String), integer(String), var1569(String), 2504(String), 2504(String), null, null, null, 1569(Long), 1569(String), null, 2711(String), integer(String), var1567(String), 2504(String), 2504(String), null, null, null, 1567(Long), 1567(String), null, 2712(String), integer(String), var2899(String), 2504(String), 2504(String), null, null, null, 2899(Long), 2899(String), null, 2713(String), integer(String), var1568(String), 2504(String), 2504(String), null, null, null, 1568(Long), 1568(String), null, 2714(String), integer(String), var2898(String), 2504(String), 2504(String), null, null, null, 2898(Long), 2898(String), null, 2715(String), integer(String), var905(String), 2504(String), 2504(String), null, null, null, 905(Long), 905(String), null, 2716(String), integer(String), var904(String), 2504(String), 2504(String), null, null, null, 904(Long), 904(String), null, 2717(String), integer(String), var903(String), 2504(String), 2504(String), null, null, null, 903(Long), 903(String), null, 2718(String), integer(String), var902(String), 2504(String), 2504(String), null, null, null, 902(Long), 902(String), null, 2719(String), integer(String), var901(String), 2504(String), 2504(String), null, null, null, 901(Long), 901(String), null, 2720(String), integer(String), var900(String), 2504(String), 2504(String), null, null, null, 900(Long), 900(String), null, 2721(String), integer(String), var909(String), 2504(String), 2504(String), null, null, null, 909(Long), 909(String), null, 2722(String), integer(String), var908(String), 2504(String), 2504(String), null, null, null, 908(Long), 908(String), null, 2723(String), integer(String), var907(String), 2504(String), 2504(String), null, null, null, 907(Long), 907(String), null, 2724(String), integer(String), var906(String), 2504(String), 2504(String), null, null, null, 906(Long), 906(String), null, 2725(String), integer(String), var1572(String), 2504(String), 2504(String), null, null, null, 1572(Long), 1572(String), null, 2726(String), integer(String), var1573(String), 2504(String), 2504(String), null, null, null, 1573(Long), 1573(String), null, 2727(String), integer(String), var1570(String), 2504(String), 2504(String), null, null, null, 1570(Long), 1570(String), null, 2728(String), integer(String), var1571(String), 2504(String), 2504(String), null, null, null, 1571(Long), 1571(String), null, 2729(String), integer(String), var1576(String), 2504(String), 2504(String), null, null, null, 1576(Long), 1576(String), null, 2730(String), integer(String), var1577(String), 2504(String), 2504(String), null, null, null, 1577(Long), 1577(String), null, 2731(String), integer(String), var1574(String), 2504(String), 2504(String), null, null, null, 1574(Long), 1574(String), null, 2732(String), integer(String), var1575(String), 2504(String), 2504(String), null, null, null, 1575(Long), 1575(String), null, 2733(String), integer(String), var1578(String), 2504(String), 2504(String), null, null, null, 1578(Long), 1578(String), null, 2734(String), integer(String), var1579(String), 2504(String), 2504(String), null, null, null, 1579(Long), 1579(String), null, 2735(String), integer(String), var1580(String), 2504(String), 2504(String), null, null, null, 1580(Long), 1580(String), null, 2736(String), integer(String), var1583(String), 2504(String), 2504(String), null, null, null, 1583(Long), 1583(String), null, 2737(String), integer(String), var1584(String), 2504(String), 2504(String), null, null, null, 1584(Long), 1584(String), null, 2738(String), integer(String), var1581(String), 2504(String), 2504(String), null, null, null, 1581(Long), 1581(String), null, 2739(String), integer(String), var1582(String), 2504(String), 2504(String), null, null, null, 1582(Long), 1582(String), null, 2740(String), integer(String), var1587(String), 2504(String), 2504(String), null, null, null, 1587(Long), 1587(String), null, 2741(String), integer(String), var1588(String), 2504(String), 2504(String), null, null, null, 1588(Long), 1588(String), null, 2742(String), integer(String), var1585(String), 2504(String), 2504(String), null, null, null, 1585(Long), 1585(String), null, 2743(String), integer(String), var1586(String), 2504(String), 2504(String), null, null, null, 1586(Long), 1586(String), null, 2744(String), integer(String), var1589(String), 2504(String), 2504(String), null, null, null, 1589(Long), 1589(String), null, 2745(String), integer(String), var1590(String), 2504(String), 2504(String), null, null, null, 1590(Long), 1590(String), null, 2746(String), integer(String), var1591(String), 2504(String), 2504(String), null, null, null, 1591(Long), 1591(String), null, 2747(String), integer(String), var1594(String), 2504(String), 2504(String), null, null, null, 1594(Long), 1594(String), null, 2748(String), integer(String), var1595(String), 2504(String), 2504(String), null, null, null, 1595(Long), 1595(String), null, 2749(String), integer(String), var1592(String), 2504(String), 2504(String), null, null, null, 1592(Long), 1592(String), null, 2750(String), integer(String), var1593(String), 2504(String), 2504(String), null, null, null, 1593(Long), 1593(String), null, 2751(String), integer(String), var1598(String), 2504(String), 2504(String), null, null, null, 1598(Long), 1598(String), null, 2752(String), integer(String), var1599(String), 2504(String), 2504(String), null, null, null, 1599(Long), 1599(String), null, 2753(String), integer(String), var1596(String), 2504(String), 2504(String), null, null, null, 1596(Long), 1596(String), null, 2754(String), integer(String), var1597(String), 2504(String), 2504(String), null, null, null, 1597(Long), 1597(String), null, 2755(String), integer(String), var1480(String), 2504(String), 2504(String), null, null, null, 1480(Long), 1480(String), null, 2756(String), integer(String), var1481(String), 2504(String), 2504(String), null, null, null, 1481(Long), 1481(String), null, 2757(String), integer(String), var1484(String), 2504(String), 2504(String), null, null, null, 1484(Long), 1484(String), null, 2758(String), integer(String), var1485(String), 2504(String), 2504(String), null, null, null, 1485(Long), 1485(String), null, 2759(String), integer(String), var1482(String), 2504(String), 2504(String), null, null, null, 1482(Long), 1482(String), null, 2760(String), integer(String), var1483(String), 2504(String), 2504(String), null, null, null, 1483(Long), 1483(String), null, 2761(String), integer(String), var1488(String), 2504(String), 2504(String), null, null, null, 1488(Long), 1488(String), null, 2762(String), integer(String), var1489(String), 2504(String), 2504(String), null, null, null, 1489(Long), 1489(String), null, 2763(String), integer(String), var1486(String), 2504(String), 2504(String), null, null, null, 1486(Long), 1486(String), null, 2764(String), integer(String), var1487(String), 2504(String), 2504(String), null, null, null, 1487(Long), 1487(String), null, 2765(String), integer(String), var1491(String), 2504(String), 2504(String), null, null, null, 1491(Long), 1491(String), null, 2766(String), integer(String), var1492(String), 2504(String), 2504(String), null, null, null, 1492(Long), 1492(String), null, 2767(String), integer(String), var1490(String), 2504(String), 2504(String), null, null, null, 1490(Long), 1490(String), null, 2768(String), integer(String), var1495(String), 2504(String), 2504(String), null, null, null, 1495(Long), 1495(String), null, 2769(String), integer(String), var1496(String), 2504(String), 2504(String), null, null, null, 1496(Long), 1496(String), null, 2770(String), integer(String), var1493(String), 2504(String), 2504(String), null, null, null, 1493(Long), 1493(String), null, 2771(String), integer(String), var1494(String), 2504(String), 2504(String), null, null, null, 1494(Long), 1494(String), null, 2772(String), integer(String), var897(String), 2504(String), 2504(String), null, null, null, 897(Long), 897(String), null, 2773(String), integer(String), var1499(String), 2504(String), 2504(String), null, null, null, 1499(Long), 1499(String), null, 2774(String), integer(String), var896(String), 2504(String), 2504(String), null, null, null, 896(Long), 896(String), null, 2775(String), integer(String), var895(String), 2504(String), 2504(String), null, null, null, 895(Long), 895(String), null, 2776(String), integer(String), var1497(String), 2504(String), 2504(String), null, null, null, 1497(Long), 1497(String), null, 2777(String), integer(String), var894(String), 2504(String), 2504(String), null, null, null, 894(Long), 894(String), null, 2778(String), integer(String), var1498(String), 2504(String), 2504(String), null, null, null, 1498(Long), 1498(String), null, 2779(String), integer(String), var893(String), 2504(String), 2504(String), null, null, null, 893(Long), 893(String), null, 2780(String), integer(String), var892(String), 2504(String), 2504(String), null, null, null, 892(Long), 892(String), null, 2781(String), integer(String), var891(String), 2504(String), 2504(String), null, null, null, 891(Long), 891(String), null, 2782(String), integer(String), var890(String), 2504(String), 2504(String), null, null, null, 890(Long), 890(String), null, 2783(String), integer(String), var899(String), 2504(String), 2504(String), null, null, null, 899(Long), 899(String), null, 2784(String), integer(String), var898(String), 2504(String), 2504(String), null, null, null, 898(Long), 898(String), null, 2785(String), integer(String), var3201(String), 2504(String), 2504(String), null, null, null, 3201(Long), 3201(String), null, 2786(String), integer(String), var3200(String), 2504(String), 2504(String), null, null, null, 3200(Long), 3200(String), null, 2787(String), integer(String), var886(String), 2504(String), 2504(String), null, null, null, 886(Long), 886(String), null, 2788(String), integer(String), var3205(String), 2504(String), 2504(String), null, null, null, 3205(Long), 3205(String), null, 2789(String), integer(String), var885(String), 2504(String), 2504(String), null, null, null, 885(Long), 885(String), null, 2790(String), integer(String), var3204(String), 2504(String), 2504(String), null, null, null, 3204(Long), 3204(String), null, 2791(String), integer(String), var884(String), 2504(String), 2504(String), null, null, null, 884(Long), 884(String), null, 2792(String), integer(String), var3203(String), 2504(String), 2504(String), null, null, null, 3203(Long), 3203(String), null, 2793(String), integer(String), var883(String), 2504(String), 2504(String), null, null, null, 883(Long), 883(String), null, 2794(String), integer(String), var3202(String), 2504(String), 2504(String), null, null, null, 3202(Long), 3202(String), null, 2795(String), integer(String), var882(String), 2504(String), 2504(String), null, null, null, 882(Long), 882(String), null, 2796(String), integer(String), var3209(String), 2504(String), 2504(String), null, null, null, 3209(Long), 3209(String), null, 2797(String), integer(String), var881(String), 2504(String), 2504(String), null, null, null, 881(Long), 881(String), null, 2798(String), integer(String), var3208(String), 2504(String), 2504(String), null, null, null, 3208(Long), 3208(String), null, 2799(String), integer(String), var880(String), 2504(String), 2504(String), null, null, null, 880(Long), 880(String), null, 2800(String), integer(String), var3207(String), 2504(String), 2504(String), null, null, null, 3207(Long), 3207(String), null, 2801(String), integer(String), var3206(String), 2504(String), 2504(String), null, null, null, 3206(Long), 3206(String), null, 2802(String), integer(String), var889(String), 2504(String), 2504(String), null, null, null, 889(Long), 889(String), null, 2803(String), integer(String), var888(String), 2504(String), 2504(String), null, null, null, 888(Long), 888(String), null, 2804(String), integer(String), var887(String), 2504(String), 2504(String), null, null, null, 887(Long), 887(String), null
10:48:05,450 [main] DEBUG org.activiti.engine.impl.persistence.entity.VariableInstanceEntity.bulkInsertVariableInstance  - &lt;==    Updates: 100
10:48:05,453 [main] DEBUG org.activiti.engine.impl.persistence.entity.VariableInstanceEntity.bulkInsertVariableInstance  - ==&gt;  Preparing: INSERT INTO ACT_RU_VARIABLE (ID_, REV_, TYPE_, NAME_, PROC_INST_ID_, EXECUTION_ID_, TASK_ID_, BYTEARRAY_ID_, DOUBLE_, LONG_ , TEXT_, TEXT2_) VALUES (?, 1, ?, ?, ?, ?, ?, ?, ?, ?, ?, ?) , (?, 1, ?, ?, ?, ?, ?, ?, ?, ?, ?, ?) , (?, 1, ?, ?, ?, ?, ?, ?, ?, ?, ?, ?) , (?, 1, ?, ?, ?, ?, ?, ?, ?, ?, ?, ?) , (?, 1, ?, ?, ?, ?, ?, ?, ?, ?, ?, ?) , (?, 1, ?, ?, ?, ?, ?, ?, ?, ?, ?, ?) , (?, 1, ?, ?, ?, ?, ?, ?, ?, ?, ?, ?) , (?, 1, ?, ?, ?, ?, ?, ?, ?, ?, ?, ?) , (?, 1, ?, ?, ?, ?, ?, ?, ?, ?, ?, ?) , (?, 1, ?, ?, ?, ?, ?, ?, ?, ?, ?, ?) , (?, 1, ?, ?, ?, ?, ?, ?, ?, ?, ?, ?) , (?, 1, ?, ?, ?, ?, ?, ?, ?, ?, ?, ?) , (?, 1, ?, ?, ?, ?, ?, ?, ?, ?, ?, ?) , (?, 1, ?, ?, ?, ?, ?, ?, ?, ?, ?, ?) , (?, 1, ?, ?, ?, ?, ?, ?, ?, ?, ?, ?) , (?, 1, ?, ?, ?, ?, ?, ?, ?, ?, ?, ?) , (?, 1, ?, ?, ?, ?, ?, ?, ?, ?, ?, ?) , (?, 1, ?, ?, ?, ?, ?, ?, ?, ?, ?, ?) , (?, 1, ?, ?, ?, ?, ?, ?, ?, ?, ?, ?) , (?, 1, ?, ?, ?, ?, ?, ?, ?, ?, ?, ?) , (?, 1, ?, ?, ?, ?, ?, ?, ?, ?, ?, ?) , (?, 1, ?, ?, ?, ?, ?, ?, ?, ?, ?, ?) , (?, 1, ?, ?, ?, ?, ?, ?, ?, ?, ?, ?) , (?, 1, ?, ?, ?, ?, ?, ?, ?, ?, ?, ?) , (?, 1, ?, ?, ?, ?, ?, ?, ?, ?, ?, ?) , (?, 1, ?, ?, ?, ?, ?, ?, ?, ?, ?, ?) , (?, 1, ?, ?, ?, ?, ?, ?, ?, ?, ?, ?) , (?, 1, ?, ?, ?, ?, ?, ?, ?, ?, ?, ?) , (?, 1, ?, ?, ?, ?, ?, ?, ?, ?, ?, ?) , (?, 1, ?, ?, ?, ?, ?, ?, ?, ?, ?, ?) , (?, 1, ?, ?, ?, ?, ?, ?, ?, ?, ?, ?) , (?, 1, ?, ?, ?, ?, ?, ?, ?, ?, ?, ?) , (?, 1, ?, ?, ?, ?, ?, ?, ?, ?, ?, ?) , (?, 1, ?, ?, ?, ?, ?, ?, ?, ?, ?, ?) , (?, 1, ?, ?, ?, ?, ?, ?, ?, ?, ?, ?) , (?, 1, ?, ?, ?, ?, ?, ?, ?, ?, ?, ?) , (?, 1, ?, ?, ?, ?, ?, ?, ?, ?, ?, ?) , (?, 1, ?, ?, ?, ?, ?, ?, ?, ?, ?, ?) , (?, 1, ?, ?, ?, ?, ?, ?, ?, ?, ?, ?) , (?, 1, ?, ?, ?, ?, ?, ?, ?, ?, ?, ?) , (?, 1, ?, ?, ?, ?, ?, ?, ?, ?, ?, ?) , (?, 1, ?, ?, ?, ?, ?, ?, ?, ?, ?, ?) , (?, 1, ?, ?, ?, ?, ?, ?, ?, ?, ?, ?) , (?, 1, ?, ?, ?, ?, ?, ?, ?, ?, ?, ?) , (?, 1, ?, ?, ?, ?, ?, ?, ?, ?, ?, ?) , (?, 1, ?, ?, ?, ?, ?, ?, ?, ?, ?, ?) , (?, 1, ?, ?, ?, ?, ?, ?, ?, ?, ?, ?) , (?, 1, ?, ?, ?, ?, ?, ?, ?, ?, ?, ?) , (?, 1, ?, ?, ?, ?, ?, ?, ?, ?, ?, ?) , (?, 1, ?, ?, ?, ?, ?, ?, ?, ?, ?, ?) , (?, 1, ?, ?, ?, ?, ?, ?, ?, ?, ?, ?) , (?, 1, ?, ?, ?, ?, ?, ?, ?, ?, ?, ?) , (?, 1, ?, ?, ?, ?, ?, ?, ?, ?, ?, ?) , (?, 1, ?, ?, ?, ?, ?, ?, ?, ?, ?, ?) , (?, 1, ?, ?, ?, ?, ?, ?, ?, ?, ?, ?) , (?, 1, ?, ?, ?, ?, ?, ?, ?, ?, ?, ?) , (?, 1, ?, ?, ?, ?, ?, ?, ?, ?, ?, ?) , (?, 1, ?, ?, ?, ?, ?, ?, ?, ?, ?, ?) , (?, 1, ?, ?, ?, ?, ?, ?, ?, ?, ?, ?) , (?, 1, ?, ?, ?, ?, ?, ?, ?, ?, ?, ?) , (?, 1, ?, ?, ?, ?, ?, ?, ?, ?, ?, ?) , (?, 1, ?, ?, ?, ?, ?, ?, ?, ?, ?, ?) , (?, 1, ?, ?, ?, ?, ?, ?, ?, ?, ?, ?) , (?, 1, ?, ?, ?, ?, ?, ?, ?, ?, ?, ?) , (?, 1, ?, ?, ?, ?, ?, ?, ?, ?, ?, ?) , (?, 1, ?, ?, ?, ?, ?, ?, ?, ?, ?, ?) , (?, 1, ?, ?, ?, ?, ?, ?, ?, ?, ?, ?) , (?, 1, ?, ?, ?, ?, ?, ?, ?, ?, ?, ?) , (?, 1, ?, ?, ?, ?, ?, ?, ?, ?, ?, ?) , (?, 1, ?, ?, ?, ?, ?, ?, ?, ?, ?, ?) , (?, 1, ?, ?, ?, ?, ?, ?, ?, ?, ?, ?) , (?, 1, ?, ?, ?, ?, ?, ?, ?, ?, ?, ?) , (?, 1, ?, ?, ?, ?, ?, ?, ?, ?, ?, ?) , (?, 1, ?, ?, ?, ?, ?, ?, ?, ?, ?, ?) , (?, 1, ?, ?, ?, ?, ?, ?, ?, ?, ?, ?) , (?, 1, ?, ?, ?, ?, ?, ?, ?, ?, ?, ?) , (?, 1, ?, ?, ?, ?, ?, ?, ?, ?, ?, ?) , (?, 1, ?, ?, ?, ?, ?, ?, ?, ?, ?, ?) , (?, 1, ?, ?, ?, ?, ?, ?, ?, ?, ?, ?) , (?, 1, ?, ?, ?, ?, ?, ?, ?, ?, ?, ?) , (?, 1, ?, ?, ?, ?, ?, ?, ?, ?, ?, ?) , (?, 1, ?, ?, ?, ?, ?, ?, ?, ?, ?, ?) , (?, 1, ?, ?, ?, ?, ?, ?, ?, ?, ?, ?) , (?, 1, ?, ?, ?, ?, ?, ?, ?, ?, ?, ?) , (?, 1, ?, ?, ?, ?, ?, ?, ?, ?, ?, ?) , (?, 1, ?, ?, ?, ?, ?, ?, ?, ?, ?, ?) , (?, 1, ?, ?, ?, ?, ?, ?, ?, ?, ?, ?) , (?, 1, ?, ?, ?, ?, ?, ?, ?, ?, ?, ?) , (?, 1, ?, ?, ?, ?, ?, ?, ?, ?, ?, ?) , (?, 1, ?, ?, ?, ?, ?, ?, ?, ?, ?, ?) , (?, 1, ?, ?, ?, ?, ?, ?, ?, ?, ?, ?) , (?, 1, ?, ?, ?, ?, ?, ?, ?, ?, ?, ?) , (?, 1, ?, ?, ?, ?, ?, ?, ?, ?, ?, ?) , (?, 1, ?, ?, ?, ?, ?, ?, ?, ?, ?, ?) , (?, 1, ?, ?, ?, ?, ?, ?, ?, ?, ?, ?) , (?, 1, ?, ?, ?, ?, ?, ?, ?, ?, ?, ?) , (?, 1, ?, ?, ?, ?, ?, ?, ?, ?, ?, ?) , (?, 1, ?, ?, ?, ?, ?, ?, ?, ?, ?, ?) , (?, 1, ?, ?, ?, ?, ?, ?, ?, ?, ?, ?) , (?, 1, ?, ?, ?, ?, ?, ?, ?, ?, ?, ?) 
10:48:05,455 [main] DEBUG org.activiti.engine.impl.persistence.entity.VariableInstanceEntity.bulkInsertVariableInstance  - ==&gt; Parameters: 2805(String), integer(String), var3212(String), 2504(String), 2504(String), null, null, null, 3212(Long), 3212(String), null, 2806(String), integer(String), var3211(String), 2504(String), 2504(String), null, null, null, 3211(Long), 3211(String), null, 2807(String), integer(String), var3210(String), 2504(String), 2504(String), null, null, null, 3210(Long), 3210(String), null, 2808(String), integer(String), var875(String), 2504(String), 2504(String), null, null, null, 875(Long), 875(String), null, 2809(String), integer(String), var3216(String), 2504(String), 2504(String), null, null, null, 3216(Long), 3216(String), null, 2810(String), integer(String), var874(String), 2504(String), 2504(String), null, null, null, 874(Long), 874(String), null, 2811(String), integer(String), var3215(String), 2504(String), 2504(String), null, null, null, 3215(Long), 3215(String), null, 2812(String), integer(String), var873(String), 2504(String), 2504(String), null, null, null, 873(Long), 873(String), null, 2813(String), integer(String), var3214(String), 2504(String), 2504(String), null, null, null, 3214(Long), 3214(String), null, 2814(String), integer(String), var872(String), 2504(String), 2504(String), null, null, null, 872(Long), 872(String), null, 2815(String), integer(String), var3213(String), 2504(String), 2504(String), null, null, null, 3213(Long), 3213(String), null, 2816(String), integer(String), var871(String), 2504(String), 2504(String), null, null, null, 871(Long), 871(String), null, 2817(String), integer(String), var870(String), 2504(String), 2504(String), null, null, null, 870(Long), 870(String), null, 2818(String), integer(String), var3219(String), 2504(String), 2504(String), null, null, null, 3219(Long), 3219(String), null, 2819(String), integer(String), var3218(String), 2504(String), 2504(String), null, null, null, 3218(Long), 3218(String), null, 2820(String), integer(String), var3217(String), 2504(String), 2504(String), null, null, null, 3217(Long), 3217(String), null, 2821(String), integer(String), var879(String), 2504(String), 2504(String), null, null, null, 879(Long), 879(String), null, 2822(String), integer(String), var878(String), 2504(String), 2504(String), null, null, null, 878(Long), 878(String), null, 2823(String), integer(String), var877(String), 2504(String), 2504(String), null, null, null, 877(Long), 877(String), null, 2824(String), integer(String), var876(String), 2504(String), 2504(String), null, null, null, 876(Long), 876(String), null, 2825(String), integer(String), var3223(String), 2504(String), 2504(String), null, null, null, 3223(Long), 3223(String), null, 2826(String), integer(String), var3222(String), 2504(String), 2504(String), null, null, null, 3222(Long), 3222(String), null, 2827(String), integer(String), var3221(String), 2504(String), 2504(String), null, null, null, 3221(Long), 3221(String), null, 2828(String), integer(String), var3220(String), 2504(String), 2504(String), null, null, null, 3220(Long), 3220(String), null, 2829(String), integer(String), var864(String), 2504(String), 2504(String), null, null, null, 864(Long), 864(String), null, 2830(String), integer(String), var3227(String), 2504(String), 2504(String), null, null, null, 3227(Long), 3227(String), null, 2831(String), integer(String), var863(String), 2504(String), 2504(String), null, null, null, 863(Long), 863(String), null, 2832(String), integer(String), var3226(String), 2504(String), 2504(String), null, null, null, 3226(Long), 3226(String), null, 2833(String), integer(String), var862(String), 2504(String), 2504(String), null, null, null, 862(Long), 862(String), null, 2834(String), integer(String), var3225(String), 2504(String), 2504(String), null, null, null, 3225(Long), 3225(String), null, 2835(String), integer(String), var861(String), 2504(String), 2504(String), null, null, null, 861(Long), 861(String), null, 2836(String), integer(String), var3224(String), 2504(String), 2504(String), null, null, null, 3224(Long), 3224(String), null, 2837(String), integer(String), var860(String), 2504(String), 2504(String), null, null, null, 860(Long), 860(String), null, 2838(String), integer(String), var3229(String), 2504(String), 2504(String), null, null, null, 3229(Long), 3229(String), null, 2839(String), integer(String), var3228(String), 2504(String), 2504(String), null, null, null, 3228(Long), 3228(String), null, 2840(String), integer(String), var869(String), 2504(String), 2504(String), null, null, null, 869(Long), 869(String), null, 2841(String), integer(String), var868(String), 2504(String), 2504(String), null, null, null, 868(Long), 868(String), null, 2842(String), integer(String), var867(String), 2504(String), 2504(String), null, null, null, 867(Long), 867(String), null, 2843(String), integer(String), var866(String), 2504(String), 2504(String), null, null, null, 866(Long), 866(String), null, 2844(String), integer(String), var865(String), 2504(String), 2504(String), null, null, null, 865(Long), 865(String), null, 2845(String), integer(String), var3230(String), 2504(String), 2504(String), null, null, null, 3230(Long), 3230(String), null, 2846(String), integer(String), var3234(String), 2504(String), 2504(String), null, null, null, 3234(Long), 3234(String), null, 2847(String), integer(String), var3233(String), 2504(String), 2504(String), null, null, null, 3233(Long), 3233(String), null, 2848(String), integer(String), var3232(String), 2504(String), 2504(String), null, null, null, 3232(Long), 3232(String), null, 2849(String), integer(String), var3231(String), 2504(String), 2504(String), null, null, null, 3231(Long), 3231(String), null, 2850(String), integer(String), var853(String), 2504(String), 2504(String), null, null, null, 853(Long), 853(String), null, 2851(String), integer(String), var3238(String), 2504(String), 2504(String), null, null, null, 3238(Long), 3238(String), null, 2852(String), integer(String), var852(String), 2504(String), 2504(String), null, null, null, 852(Long), 852(String), null, 2853(String), integer(String), var3237(String), 2504(String), 2504(String), null, null, null, 3237(Long), 3237(String), null, 2854(String), integer(String), var851(String), 2504(String), 2504(String), null, null, null, 851(Long), 851(String), null, 2855(String), integer(String), var3236(String), 2504(String), 2504(String), null, null, null, 3236(Long), 3236(String), null, 2856(String), integer(String), var850(String), 2504(String), 2504(String), null, null, null, 850(Long), 850(String), null, 2857(String), integer(String), var3235(String), 2504(String), 2504(String), null, null, null, 3235(Long), 3235(String), null, 2858(String), integer(String), var3239(String), 2504(String), 2504(String), null, null, null, 3239(Long), 3239(String), null, 2859(String), integer(String), var859(String), 2504(String), 2504(String), null, null, null, 859(Long), 859(String), null, 2860(String), integer(String), var858(String), 2504(String), 2504(String), null, null, null, 858(Long), 858(String), null, 2861(String), integer(String), var857(String), 2504(String), 2504(String), null, null, null, 857(Long), 857(String), null, 2862(String), integer(String), var856(String), 2504(String), 2504(String), null, null, null, 856(Long), 856(String), null, 2863(String), integer(String), var855(String), 2504(String), 2504(String), null, null, null, 855(Long), 855(String), null, 2864(String), integer(String), var854(String), 2504(String), 2504(String), null, null, null, 854(Long), 854(String), null, 2865(String), integer(String), var3241(String), 2504(String), 2504(String), null, null, null, 3241(Long), 3241(String), null, 2866(String), integer(String), var3240(String), 2504(String), 2504(String), null, null, null, 3240(Long), 3240(String), null, 2867(String), integer(String), var3245(String), 2504(String), 2504(String), null, null, null, 3245(Long), 3245(String), null, 2868(String), integer(String), var3244(String), 2504(String), 2504(String), null, null, null, 3244(Long), 3244(String), null, 2869(String), integer(String), var3243(String), 2504(String), 2504(String), null, null, null, 3243(Long), 3243(String), null, 2870(String), integer(String), var3242(String), 2504(String), 2504(String), null, null, null, 3242(Long), 3242(String), null, 2871(String), integer(String), var842(String), 2504(String), 2504(String), null, null, null, 842(Long), 842(String), null, 2872(String), integer(String), var3249(String), 2504(String), 2504(String), null, null, null, 3249(Long), 3249(String), null, 2873(String), integer(String), var841(String), 2504(String), 2504(String), null, null, null, 841(Long), 841(String), null, 2874(String), integer(String), var3248(String), 2504(String), 2504(String), null, null, null, 3248(Long), 3248(String), null, 2875(String), integer(String), var840(String), 2504(String), 2504(String), null, null, null, 840(Long), 840(String), null, 2876(String), integer(String), var3247(String), 2504(String), 2504(String), null, null, null, 3247(Long), 3247(String), null, 2877(String), integer(String), var3246(String), 2504(String), 2504(String), null, null, null, 3246(Long), 3246(String), null, 2878(String), integer(String), var849(String), 2504(String), 2504(String), null, null, null, 849(Long), 849(String), null, 2879(String), integer(String), var848(String), 2504(String), 2504(String), null, null, null, 848(Long), 848(String), null, 2880(String), integer(String), var847(String), 2504(String), 2504(String), null, null, null, 847(Long), 847(String), null, 2881(String), integer(String), var846(String), 2504(String), 2504(String), null, null, null, 846(Long), 846(String), null, 2882(String), integer(String), var845(String), 2504(String), 2504(String), null, null, null, 845(Long), 845(String), null, 2883(String), integer(String), var844(String), 2504(String), 2504(String), null, null, null, 844(Long), 844(String), null, 2884(String), integer(String), var843(String), 2504(String), 2504(String), null, null, null, 843(Long), 843(String), null, 2885(String), integer(String), var3252(String), 2504(String), 2504(String), null, null, null, 3252(Long), 3252(String), null, 2886(String), integer(String), var3251(String), 2504(String), 2504(String), null, null, null, 3251(Long), 3251(String), null, 2887(String), integer(String), var3250(String), 2504(String), 2504(String), null, null, null, 3250(Long), 3250(String), null, 2888(String), integer(String), var3256(String), 2504(String), 2504(String), null, null, null, 3256(Long), 3256(String), null, 2889(String), integer(String), var3255(String), 2504(String), 2504(String), null, null, null, 3255(Long), 3255(String), null, 2890(String), integer(String), var3254(String), 2504(String), 2504(String), null, null, null, 3254(Long), 3254(String), null, 2891(String), integer(String), var3253(String), 2504(String), 2504(String), null, null, null, 3253(Long), 3253(String), null, 2892(String), integer(String), var831(String), 2504(String), 2504(String), null, null, null, 831(Long), 831(String), null, 2893(String), integer(String), var830(String), 2504(String), 2504(String), null, null, null, 830(Long), 830(String), null, 2894(String), integer(String), var3259(String), 2504(String), 2504(String), null, null, null, 3259(Long), 3259(String), null, 2895(String), integer(String), var3258(String), 2504(String), 2504(String), null, null, null, 3258(Long), 3258(String), null, 2896(String), integer(String), var3257(String), 2504(String), 2504(String), null, null, null, 3257(Long), 3257(String), null, 2897(String), integer(String), var839(String), 2504(String), 2504(String), null, null, null, 839(Long), 839(String), null, 2898(String), integer(String), var838(String), 2504(String), 2504(String), null, null, null, 838(Long), 838(String), null, 2899(String), integer(String), var837(String), 2504(String), 2504(String), null, null, null, 837(Long), 837(String), null, 2900(String), integer(String), var836(String), 2504(String), 2504(String), null, null, null, 836(Long), 836(String), null, 2901(String), integer(String), var835(String), 2504(String), 2504(String), null, null, null, 835(Long), 835(String), null, 2902(String), integer(String), var834(String), 2504(String), 2504(String), null, null, null, 834(Long), 834(String), null, 2903(String), integer(String), var833(String), 2504(String), 2504(String), null, null, null, 833(Long), 833(String), null, 2904(String), integer(String), var832(String), 2504(String), 2504(String), null, null, null, 832(Long), 832(String), null
10:48:05,456 [main] DEBUG org.activiti.engine.impl.persistence.entity.VariableInstanceEntity.bulkInsertVariableInstance  - &lt;==    Updates: 100
10:48:05,460 [main] DEBUG org.activiti.engine.impl.persistence.entity.VariableInstanceEntity.bulkInsertVariableInstance  - ==&gt;  Preparing: INSERT INTO ACT_RU_VARIABLE (ID_, REV_, TYPE_, NAME_, PROC_INST_ID_, EXECUTION_ID_, TASK_ID_, BYTEARRAY_ID_, DOUBLE_, LONG_ , TEXT_, TEXT2_) VALUES (?, 1, ?, ?, ?, ?, ?, ?, ?, ?, ?, ?) , (?, 1, ?, ?, ?, ?, ?, ?, ?, ?, ?, ?) , (?, 1, ?, ?, ?, ?, ?, ?, ?, ?, ?, ?) , (?, 1, ?, ?, ?, ?, ?, ?, ?, ?, ?, ?) , (?, 1, ?, ?, ?, ?, ?, ?, ?, ?, ?, ?) , (?, 1, ?, ?, ?, ?, ?, ?, ?, ?, ?, ?) , (?, 1, ?, ?, ?, ?, ?, ?, ?, ?, ?, ?) , (?, 1, ?, ?, ?, ?, ?, ?, ?, ?, ?, ?) , (?, 1, ?, ?, ?, ?, ?, ?, ?, ?, ?, ?) , (?, 1, ?, ?, ?, ?, ?, ?, ?, ?, ?, ?) , (?, 1, ?, ?, ?, ?, ?, ?, ?, ?, ?, ?) , (?, 1, ?, ?, ?, ?, ?, ?, ?, ?, ?, ?) , (?, 1, ?, ?, ?, ?, ?, ?, ?, ?, ?, ?) , (?, 1, ?, ?, ?, ?, ?, ?, ?, ?, ?, ?) , (?, 1, ?, ?, ?, ?, ?, ?, ?, ?, ?, ?) , (?, 1, ?, ?, ?, ?, ?, ?, ?, ?, ?, ?) , (?, 1, ?, ?, ?, ?, ?, ?, ?, ?, ?, ?) , (?, 1, ?, ?, ?, ?, ?, ?, ?, ?, ?, ?) , (?, 1, ?, ?, ?, ?, ?, ?, ?, ?, ?, ?) , (?, 1, ?, ?, ?, ?, ?, ?, ?, ?, ?, ?) , (?, 1, ?, ?, ?, ?, ?, ?, ?, ?, ?, ?) , (?, 1, ?, ?, ?, ?, ?, ?, ?, ?, ?, ?) , (?, 1, ?, ?, ?, ?, ?, ?, ?, ?, ?, ?) , (?, 1, ?, ?, ?, ?, ?, ?, ?, ?, ?, ?) , (?, 1, ?, ?, ?, ?, ?, ?, ?, ?, ?, ?) , (?, 1, ?, ?, ?, ?, ?, ?, ?, ?, ?, ?) , (?, 1, ?, ?, ?, ?, ?, ?, ?, ?, ?, ?) , (?, 1, ?, ?, ?, ?, ?, ?, ?, ?, ?, ?) , (?, 1, ?, ?, ?, ?, ?, ?, ?, ?, ?, ?) , (?, 1, ?, ?, ?, ?, ?, ?, ?, ?, ?, ?) , (?, 1, ?, ?, ?, ?, ?, ?, ?, ?, ?, ?) , (?, 1, ?, ?, ?, ?, ?, ?, ?, ?, ?, ?) , (?, 1, ?, ?, ?, ?, ?, ?, ?, ?, ?, ?) , (?, 1, ?, ?, ?, ?, ?, ?, ?, ?, ?, ?) , (?, 1, ?, ?, ?, ?, ?, ?, ?, ?, ?, ?) , (?, 1, ?, ?, ?, ?, ?, ?, ?, ?, ?, ?) , (?, 1, ?, ?, ?, ?, ?, ?, ?, ?, ?, ?) , (?, 1, ?, ?, ?, ?, ?, ?, ?, ?, ?, ?) , (?, 1, ?, ?, ?, ?, ?, ?, ?, ?, ?, ?) , (?, 1, ?, ?, ?, ?, ?, ?, ?, ?, ?, ?) , (?, 1, ?, ?, ?, ?, ?, ?, ?, ?, ?, ?) , (?, 1, ?, ?, ?, ?, ?, ?, ?, ?, ?, ?) , (?, 1, ?, ?, ?, ?, ?, ?, ?, ?, ?, ?) , (?, 1, ?, ?, ?, ?, ?, ?, ?, ?, ?, ?) , (?, 1, ?, ?, ?, ?, ?, ?, ?, ?, ?, ?) , (?, 1, ?, ?, ?, ?, ?, ?, ?, ?, ?, ?) , (?, 1, ?, ?, ?, ?, ?, ?, ?, ?, ?, ?) , (?, 1, ?, ?, ?, ?, ?, ?, ?, ?, ?, ?) , (?, 1, ?, ?, ?, ?, ?, ?, ?, ?, ?, ?) , (?, 1, ?, ?, ?, ?, ?, ?, ?, ?, ?, ?) , (?, 1, ?, ?, ?, ?, ?, ?, ?, ?, ?, ?) , (?, 1, ?, ?, ?, ?, ?, ?, ?, ?, ?, ?) , (?, 1, ?, ?, ?, ?, ?, ?, ?, ?, ?, ?) , (?, 1, ?, ?, ?, ?, ?, ?, ?, ?, ?, ?) , (?, 1, ?, ?, ?, ?, ?, ?, ?, ?, ?, ?) , (?, 1, ?, ?, ?, ?, ?, ?, ?, ?, ?, ?) , (?, 1, ?, ?, ?, ?, ?, ?, ?, ?, ?, ?) , (?, 1, ?, ?, ?, ?, ?, ?, ?, ?, ?, ?) , (?, 1, ?, ?, ?, ?, ?, ?, ?, ?, ?, ?) , (?, 1, ?, ?, ?, ?, ?, ?, ?, ?, ?, ?) , (?, 1, ?, ?, ?, ?, ?, ?, ?, ?, ?, ?) , (?, 1, ?, ?, ?, ?, ?, ?, ?, ?, ?, ?) , (?, 1, ?, ?, ?, ?, ?, ?, ?, ?, ?, ?) , (?, 1, ?, ?, ?, ?, ?, ?, ?, ?, ?, ?) , (?, 1, ?, ?, ?, ?, ?, ?, ?, ?, ?, ?) , (?, 1, ?, ?, ?, ?, ?, ?, ?, ?, ?, ?) , (?, 1, ?, ?, ?, ?, ?, ?, ?, ?, ?, ?) , (?, 1, ?, ?, ?, ?, ?, ?, ?, ?, ?, ?) , (?, 1, ?, ?, ?, ?, ?, ?, ?, ?, ?, ?) , (?, 1, ?, ?, ?, ?, ?, ?, ?, ?, ?, ?) , (?, 1, ?, ?, ?, ?, ?, ?, ?, ?, ?, ?) , (?, 1, ?, ?, ?, ?, ?, ?, ?, ?, ?, ?) , (?, 1, ?, ?, ?, ?, ?, ?, ?, ?, ?, ?) , (?, 1, ?, ?, ?, ?, ?, ?, ?, ?, ?, ?) , (?, 1, ?, ?, ?, ?, ?, ?, ?, ?, ?, ?) , (?, 1, ?, ?, ?, ?, ?, ?, ?, ?, ?, ?) , (?, 1, ?, ?, ?, ?, ?, ?, ?, ?, ?, ?) , (?, 1, ?, ?, ?, ?, ?, ?, ?, ?, ?, ?) , (?, 1, ?, ?, ?, ?, ?, ?, ?, ?, ?, ?) , (?, 1, ?, ?, ?, ?, ?, ?, ?, ?, ?, ?) , (?, 1, ?, ?, ?, ?, ?, ?, ?, ?, ?, ?) , (?, 1, ?, ?, ?, ?, ?, ?, ?, ?, ?, ?) , (?, 1, ?, ?, ?, ?, ?, ?, ?, ?, ?, ?) , (?, 1, ?, ?, ?, ?, ?, ?, ?, ?, ?, ?) , (?, 1, ?, ?, ?, ?, ?, ?, ?, ?, ?, ?) , (?, 1, ?, ?, ?, ?, ?, ?, ?, ?, ?, ?) , (?, 1, ?, ?, ?, ?, ?, ?, ?, ?, ?, ?) , (?, 1, ?, ?, ?, ?, ?, ?, ?, ?, ?, ?) , (?, 1, ?, ?, ?, ?, ?, ?, ?, ?, ?, ?) , (?, 1, ?, ?, ?, ?, ?, ?, ?, ?, ?, ?) , (?, 1, ?, ?, ?, ?, ?, ?, ?, ?, ?, ?) , (?, 1, ?, ?, ?, ?, ?, ?, ?, ?, ?, ?) , (?, 1, ?, ?, ?, ?, ?, ?, ?, ?, ?, ?) , (?, 1, ?, ?, ?, ?, ?, ?, ?, ?, ?, ?) , (?, 1, ?, ?, ?, ?, ?, ?, ?, ?, ?, ?) , (?, 1, ?, ?, ?, ?, ?, ?, ?, ?, ?, ?) , (?, 1, ?, ?, ?, ?, ?, ?, ?, ?, ?, ?) , (?, 1, ?, ?, ?, ?, ?, ?, ?, ?, ?, ?) , (?, 1, ?, ?, ?, ?, ?, ?, ?, ?, ?, ?) , (?, 1, ?, ?, ?, ?, ?, ?, ?, ?, ?, ?) 
10:48:05,461 [main] DEBUG org.activiti.engine.impl.persistence.entity.VariableInstanceEntity.bulkInsertVariableInstance  - ==&gt; Parameters: 2905(String), integer(String), var3263(String), 2504(String), 2504(String), null, null, null, 3263(Long), 3263(String), null, 2906(String), integer(String), var3262(String), 2504(String), 2504(String), null, null, null, 3262(Long), 3262(String), null, 2907(String), integer(String), var3261(String), 2504(String), 2504(String), null, null, null, 3261(Long), 3261(String), null, 2908(String), integer(String), var3260(String), 2504(String), 2504(String), null, null, null, 3260(Long), 3260(String), null, 2909(String), integer(String), var3267(String), 2504(String), 2504(String), null, null, null, 3267(Long), 3267(String), null, 2910(String), integer(String), var3266(String), 2504(String), 2504(String), null, null, null, 3266(Long), 3266(String), null, 2911(String), integer(String), var3265(String), 2504(String), 2504(String), null, null, null, 3265(Long), 3265(String), null, 2912(String), integer(String), var3264(String), 2504(String), 2504(String), null, null, null, 3264(Long), 3264(String), null, 2913(String), integer(String), var3269(String), 2504(String), 2504(String), null, null, null, 3269(Long), 3269(String), null, 2914(String), integer(String), var3268(String), 2504(String), 2504(String), null, null, null, 3268(Long), 3268(String), null, 2915(String), integer(String), var3270(String), 2504(String), 2504(String), null, null, null, 3270(Long), 3270(String), null, 2916(String), integer(String), var3274(String), 2504(String), 2504(String), null, null, null, 3274(Long), 3274(String), null, 2917(String), integer(String), var3273(String), 2504(String), 2504(String), null, null, null, 3273(Long), 3273(String), null, 2918(String), integer(String), var3272(String), 2504(String), 2504(String), null, null, null, 3272(Long), 3272(String), null, 2919(String), integer(String), var3271(String), 2504(String), 2504(String), null, null, null, 3271(Long), 3271(String), null, 2920(String), integer(String), var3278(String), 2504(String), 2504(String), null, null, null, 3278(Long), 3278(String), null, 2921(String), integer(String), var3277(String), 2504(String), 2504(String), null, null, null, 3277(Long), 3277(String), null, 2922(String), integer(String), var3276(String), 2504(String), 2504(String), null, null, null, 3276(Long), 3276(String), null, 2923(String), integer(String), var3275(String), 2504(String), 2504(String), null, null, null, 3275(Long), 3275(String), null, 2924(String), integer(String), var3279(String), 2504(String), 2504(String), null, null, null, 3279(Long), 3279(String), null, 2925(String), integer(String), var3281(String), 2504(String), 2504(String), null, null, null, 3281(Long), 3281(String), null, 2926(String), integer(String), var3280(String), 2504(String), 2504(String), null, null, null, 3280(Long), 3280(String), null, 2927(String), integer(String), var3285(String), 2504(String), 2504(String), null, null, null, 3285(Long), 3285(String), null, 2928(String), integer(String), var3284(String), 2504(String), 2504(String), null, null, null, 3284(Long), 3284(String), null, 2929(String), integer(String), var3283(String), 2504(String), 2504(String), null, null, null, 3283(Long), 3283(String), null, 2930(String), integer(String), var3282(String), 2504(String), 2504(String), null, null, null, 3282(Long), 3282(String), null, 2931(String), integer(String), var3289(String), 2504(String), 2504(String), null, null, null, 3289(Long), 3289(String), null, 2932(String), integer(String), var3288(String), 2504(String), 2504(String), null, null, null, 3288(Long), 3288(String), null, 2933(String), integer(String), var3287(String), 2504(String), 2504(String), null, null, null, 3287(Long), 3287(String), null, 2934(String), integer(String), var3286(String), 2504(String), 2504(String), null, null, null, 3286(Long), 3286(String), null, 2935(String), integer(String), var3292(String), 2504(String), 2504(String), null, null, null, 3292(Long), 3292(String), null, 2936(String), integer(String), var3291(String), 2504(String), 2504(String), null, null, null, 3291(Long), 3291(String), null, 2937(String), integer(String), var3290(String), 2504(String), 2504(String), null, null, null, 3290(Long), 3290(String), null, 2938(String), integer(String), var3296(String), 2504(String), 2504(String), null, null, null, 3296(Long), 3296(String), null, 2939(String), integer(String), var3295(String), 2504(String), 2504(String), null, null, null, 3295(Long), 3295(String), null, 2940(String), integer(String), var3294(String), 2504(String), 2504(String), null, null, null, 3294(Long), 3294(String), null, 2941(String), integer(String), var3293(String), 2504(String), 2504(String), null, null, null, 3293(Long), 3293(String), null, 2942(String), integer(String), var3299(String), 2504(String), 2504(String), null, null, null, 3299(Long), 3299(String), null, 2943(String), integer(String), var3298(String), 2504(String), 2504(String), null, null, null, 3298(Long), 3298(String), null, 2944(String), integer(String), var3297(String), 2504(String), 2504(String), null, null, null, 3297(Long), 3297(String), null, 2945(String), integer(String), var2703(String), 2504(String), 2504(String), null, null, null, 2703(Long), 2703(String), null, 2946(String), integer(String), var2702(String), 2504(String), 2504(String), null, null, null, 2702(Long), 2702(String), null, 2947(String), integer(String), var2701(String), 2504(String), 2504(String), null, null, null, 2701(Long), 2701(String), null, 2948(String), integer(String), var2700(String), 2504(String), 2504(String), null, null, null, 2700(Long), 2700(String), null, 2949(String), integer(String), var2707(String), 2504(String), 2504(String), null, null, null, 2707(Long), 2707(String), null, 2950(String), integer(String), var2706(String), 2504(String), 2504(String), null, null, null, 2706(Long), 2706(String), null, 2951(String), integer(String), var2705(String), 2504(String), 2504(String), null, null, null, 2705(Long), 2705(String), null, 2952(String), integer(String), var2704(String), 2504(String), 2504(String), null, null, null, 2704(Long), 2704(String), null, 2953(String), integer(String), var2709(String), 2504(String), 2504(String), null, null, null, 2709(Long), 2709(String), null, 2954(String), integer(String), var2708(String), 2504(String), 2504(String), null, null, null, 2708(Long), 2708(String), null, 2955(String), integer(String), var2710(String), 2504(String), 2504(String), null, null, null, 2710(Long), 2710(String), null, 2956(String), integer(String), var2714(String), 2504(String), 2504(String), null, null, null, 2714(Long), 2714(String), null, 2957(String), integer(String), var2713(String), 2504(String), 2504(String), null, null, null, 2713(Long), 2713(String), null, 2958(String), integer(String), var2712(String), 2504(String), 2504(String), null, null, null, 2712(Long), 2712(String), null, 2959(String), integer(String), var2711(String), 2504(String), 2504(String), null, null, null, 2711(Long), 2711(String), null, 2960(String), integer(String), var2718(String), 2504(String), 2504(String), null, null, null, 2718(Long), 2718(String), null, 2961(String), integer(String), var2717(String), 2504(String), 2504(String), null, null, null, 2717(Long), 2717(String), null, 2962(String), integer(String), var2716(String), 2504(String), 2504(String), null, null, null, 2716(Long), 2716(String), null, 2963(String), integer(String), var2715(String), 2504(String), 2504(String), null, null, null, 2715(Long), 2715(String), null, 2964(String), integer(String), var2719(String), 2504(String), 2504(String), null, null, null, 2719(Long), 2719(String), null, 2965(String), integer(String), var2721(String), 2504(String), 2504(String), null, null, null, 2721(Long), 2721(String), null, 2966(String), integer(String), var2720(String), 2504(String), 2504(String), null, null, null, 2720(Long), 2720(String), null, 2967(String), integer(String), var2725(String), 2504(String), 2504(String), null, null, null, 2725(Long), 2725(String), null, 2968(String), integer(String), var2724(String), 2504(String), 2504(String), null, null, null, 2724(Long), 2724(String), null, 2969(String), integer(String), var2723(String), 2504(String), 2504(String), null, null, null, 2723(Long), 2723(String), null, 2970(String), integer(String), var2722(String), 2504(String), 2504(String), null, null, null, 2722(Long), 2722(String), null, 2971(String), integer(String), var2729(String), 2504(String), 2504(String), null, null, null, 2729(Long), 2729(String), null, 2972(String), integer(String), var2728(String), 2504(String), 2504(String), null, null, null, 2728(Long), 2728(String), null, 2973(String), integer(String), var2727(String), 2504(String), 2504(String), null, null, null, 2727(Long), 2727(String), null, 2974(String), integer(String), var2726(String), 2504(String), 2504(String), null, null, null, 2726(Long), 2726(String), null, 2975(String), integer(String), var820(String), 2504(String), 2504(String), null, null, null, 820(Long), 820(String), null, 2976(String), integer(String), var1400(String), 2504(String), 2504(String), null, null, null, 1400(Long), 1400(String), null, 2977(String), integer(String), var2732(String), 2504(String), 2504(String), null, null, null, 2732(Long), 2732(String), null, 2978(String), integer(String), var1401(String), 2504(String), 2504(String), null, null, null, 1401(Long), 1401(String), null, 2979(String), integer(String), var2731(String), 2504(String), 2504(String), null, null, null, 2731(Long), 2731(String), null, 2980(String), integer(String), var2730(String), 2504(String), 2504(String), null, null, null, 2730(Long), 2730(String), null, 2981(String), integer(String), var1404(String), 2504(String), 2504(String), null, null, null, 1404(Long), 1404(String), null, 2982(String), integer(String), var2736(String), 2504(String), 2504(String), null, null, null, 2736(Long), 2736(String), null, 2983(String), integer(String), var1405(String), 2504(String), 2504(String), null, null, null, 1405(Long), 1405(String), null, 2984(String), integer(String), var2735(String), 2504(String), 2504(String), null, null, null, 2735(Long), 2735(String), null, 2985(String), integer(String), var1402(String), 2504(String), 2504(String), null, null, null, 1402(Long), 1402(String), null, 2986(String), integer(String), var2734(String), 2504(String), 2504(String), null, null, null, 2734(Long), 2734(String), null, 2987(String), integer(String), var1403(String), 2504(String), 2504(String), null, null, null, 1403(Long), 1403(String), null, 2988(String), integer(String), var2733(String), 2504(String), 2504(String), null, null, null, 2733(Long), 2733(String), null, 2989(String), integer(String), var828(String), 2504(String), 2504(String), null, null, null, 828(Long), 828(String), null, 2990(String), integer(String), var1408(String), 2504(String), 2504(String), null, null, null, 1408(Long), 1408(String), null, 2991(String), integer(String), var827(String), 2504(String), 2504(String), null, null, null, 827(Long), 827(String), null, 2992(String), integer(String), var1409(String), 2504(String), 2504(String), null, null, null, 1409(Long), 1409(String), null, 2993(String), integer(String), var2739(String), 2504(String), 2504(String), null, null, null, 2739(Long), 2739(String), null, 2994(String), integer(String), var826(String), 2504(String), 2504(String), null, null, null, 826(Long), 826(String), null, 2995(String), integer(String), var1406(String), 2504(String), 2504(String), null, null, null, 1406(Long), 1406(String), null, 2996(String), integer(String), var2738(String), 2504(String), 2504(String), null, null, null, 2738(Long), 2738(String), null, 2997(String), integer(String), var825(String), 2504(String), 2504(String), null, null, null, 825(Long), 825(String), null, 2998(String), integer(String), var1407(String), 2504(String), 2504(String), null, null, null, 1407(Long), 1407(String), null, 2999(String), integer(String), var2737(String), 2504(String), 2504(String), null, null, null, 2737(Long), 2737(String), null, 3000(String), integer(String), var824(String), 2504(String), 2504(String), null, null, null, 824(Long), 824(String), null, 3001(String), integer(String), var823(String), 2504(String), 2504(String), null, null, null, 823(Long), 823(String), null, 3002(String), integer(String), var822(String), 2504(String), 2504(String), null, null, null, 822(Long), 822(String), null, 3003(String), integer(String), var821(String), 2504(String), 2504(String), null, null, null, 821(Long), 821(String), null, 3004(String), integer(String), var829(String), 2504(String), 2504(String), null, null, null, 829(Long), 829(String), null
10:48:05,462 [main] DEBUG org.activiti.engine.impl.persistence.entity.VariableInstanceEntity.bulkInsertVariableInstance  - &lt;==    Updates: 100
10:48:05,465 [main] DEBUG org.activiti.engine.impl.persistence.entity.VariableInstanceEntity.bulkInsertVariableInstance  - ==&gt;  Preparing: INSERT INTO ACT_RU_VARIABLE (ID_, REV_, TYPE_, NAME_, PROC_INST_ID_, EXECUTION_ID_, TASK_ID_, BYTEARRAY_ID_, DOUBLE_, LONG_ , TEXT_, TEXT2_) VALUES (?, 1, ?, ?, ?, ?, ?, ?, ?, ?, ?, ?) , (?, 1, ?, ?, ?, ?, ?, ?, ?, ?, ?, ?) , (?, 1, ?, ?, ?, ?, ?, ?, ?, ?, ?, ?) , (?, 1, ?, ?, ?, ?, ?, ?, ?, ?, ?, ?) , (?, 1, ?, ?, ?, ?, ?, ?, ?, ?, ?, ?) , (?, 1, ?, ?, ?, ?, ?, ?, ?, ?, ?, ?) , (?, 1, ?, ?, ?, ?, ?, ?, ?, ?, ?, ?) , (?, 1, ?, ?, ?, ?, ?, ?, ?, ?, ?, ?) , (?, 1, ?, ?, ?, ?, ?, ?, ?, ?, ?, ?) , (?, 1, ?, ?, ?, ?, ?, ?, ?, ?, ?, ?) , (?, 1, ?, ?, ?, ?, ?, ?, ?, ?, ?, ?) , (?, 1, ?, ?, ?, ?, ?, ?, ?, ?, ?, ?) , (?, 1, ?, ?, ?, ?, ?, ?, ?, ?, ?, ?) , (?, 1, ?, ?, ?, ?, ?, ?, ?, ?, ?, ?) , (?, 1, ?, ?, ?, ?, ?, ?, ?, ?, ?, ?) , (?, 1, ?, ?, ?, ?, ?, ?, ?, ?, ?, ?) , (?, 1, ?, ?, ?, ?, ?, ?, ?, ?, ?, ?) , (?, 1, ?, ?, ?, ?, ?, ?, ?, ?, ?, ?) , (?, 1, ?, ?, ?, ?, ?, ?, ?, ?, ?, ?) , (?, 1, ?, ?, ?, ?, ?, ?, ?, ?, ?, ?) , (?, 1, ?, ?, ?, ?, ?, ?, ?, ?, ?, ?) , (?, 1, ?, ?, ?, ?, ?, ?, ?, ?, ?, ?) , (?, 1, ?, ?, ?, ?, ?, ?, ?, ?, ?, ?) , (?, 1, ?, ?, ?, ?, ?, ?, ?, ?, ?, ?) , (?, 1, ?, ?, ?, ?, ?, ?, ?, ?, ?, ?) , (?, 1, ?, ?, ?, ?, ?, ?, ?, ?, ?, ?) , (?, 1, ?, ?, ?, ?, ?, ?, ?, ?, ?, ?) , (?, 1, ?, ?, ?, ?, ?, ?, ?, ?, ?, ?) , (?, 1, ?, ?, ?, ?, ?, ?, ?, ?, ?, ?) , (?, 1, ?, ?, ?, ?, ?, ?, ?, ?, ?, ?) , (?, 1, ?, ?, ?, ?, ?, ?, ?, ?, ?, ?) , (?, 1, ?, ?, ?, ?, ?, ?, ?, ?, ?, ?) , (?, 1, ?, ?, ?, ?, ?, ?, ?, ?, ?, ?) , (?, 1, ?, ?, ?, ?, ?, ?, ?, ?, ?, ?) , (?, 1, ?, ?, ?, ?, ?, ?, ?, ?, ?, ?) , (?, 1, ?, ?, ?, ?, ?, ?, ?, ?, ?, ?) , (?, 1, ?, ?, ?, ?, ?, ?, ?, ?, ?, ?) , (?, 1, ?, ?, ?, ?, ?, ?, ?, ?, ?, ?) , (?, 1, ?, ?, ?, ?, ?, ?, ?, ?, ?, ?) , (?, 1, ?, ?, ?, ?, ?, ?, ?, ?, ?, ?) , (?, 1, ?, ?, ?, ?, ?, ?, ?, ?, ?, ?) , (?, 1, ?, ?, ?, ?, ?, ?, ?, ?, ?, ?) , (?, 1, ?, ?, ?, ?, ?, ?, ?, ?, ?, ?) , (?, 1, ?, ?, ?, ?, ?, ?, ?, ?, ?, ?) , (?, 1, ?, ?, ?, ?, ?, ?, ?, ?, ?, ?) , (?, 1, ?, ?, ?, ?, ?, ?, ?, ?, ?, ?) , (?, 1, ?, ?, ?, ?, ?, ?, ?, ?, ?, ?) , (?, 1, ?, ?, ?, ?, ?, ?, ?, ?, ?, ?) , (?, 1, ?, ?, ?, ?, ?, ?, ?, ?, ?, ?) , (?, 1, ?, ?, ?, ?, ?, ?, ?, ?, ?, ?) , (?, 1, ?, ?, ?, ?, ?, ?, ?, ?, ?, ?) , (?, 1, ?, ?, ?, ?, ?, ?, ?, ?, ?, ?) , (?, 1, ?, ?, ?, ?, ?, ?, ?, ?, ?, ?) , (?, 1, ?, ?, ?, ?, ?, ?, ?, ?, ?, ?) , (?, 1, ?, ?, ?, ?, ?, ?, ?, ?, ?, ?) , (?, 1, ?, ?, ?, ?, ?, ?, ?, ?, ?, ?) , (?, 1, ?, ?, ?, ?, ?, ?, ?, ?, ?, ?) , (?, 1, ?, ?, ?, ?, ?, ?, ?, ?, ?, ?) , (?, 1, ?, ?, ?, ?, ?, ?, ?, ?, ?, ?) , (?, 1, ?, ?, ?, ?, ?, ?, ?, ?, ?, ?) , (?, 1, ?, ?, ?, ?, ?, ?, ?, ?, ?, ?) , (?, 1, ?, ?, ?, ?, ?, ?, ?, ?, ?, ?) , (?, 1, ?, ?, ?, ?, ?, ?, ?, ?, ?, ?) , (?, 1, ?, ?, ?, ?, ?, ?, ?, ?, ?, ?) , (?, 1, ?, ?, ?, ?, ?, ?, ?, ?, ?, ?) , (?, 1, ?, ?, ?, ?, ?, ?, ?, ?, ?, ?) , (?, 1, ?, ?, ?, ?, ?, ?, ?, ?, ?, ?) , (?, 1, ?, ?, ?, ?, ?, ?, ?, ?, ?, ?) , (?, 1, ?, ?, ?, ?, ?, ?, ?, ?, ?, ?) , (?, 1, ?, ?, ?, ?, ?, ?, ?, ?, ?, ?) , (?, 1, ?, ?, ?, ?, ?, ?, ?, ?, ?, ?) , (?, 1, ?, ?, ?, ?, ?, ?, ?, ?, ?, ?) , (?, 1, ?, ?, ?, ?, ?, ?, ?, ?, ?, ?) , (?, 1, ?, ?, ?, ?, ?, ?, ?, ?, ?, ?) , (?, 1, ?, ?, ?, ?, ?, ?, ?, ?, ?, ?) , (?, 1, ?, ?, ?, ?, ?, ?, ?, ?, ?, ?) , (?, 1, ?, ?, ?, ?, ?, ?, ?, ?, ?, ?) , (?, 1, ?, ?, ?, ?, ?, ?, ?, ?, ?, ?) , (?, 1, ?, ?, ?, ?, ?, ?, ?, ?, ?, ?) , (?, 1, ?, ?, ?, ?, ?, ?, ?, ?, ?, ?) , (?, 1, ?, ?, ?, ?, ?, ?, ?, ?, ?, ?) , (?, 1, ?, ?, ?, ?, ?, ?, ?, ?, ?, ?) , (?, 1, ?, ?, ?, ?, ?, ?, ?, ?, ?, ?) , (?, 1, ?, ?, ?, ?, ?, ?, ?, ?, ?, ?) , (?, 1, ?, ?, ?, ?, ?, ?, ?, ?, ?, ?) , (?, 1, ?, ?, ?, ?, ?, ?, ?, ?, ?, ?) , (?, 1, ?, ?, ?, ?, ?, ?, ?, ?, ?, ?) , (?, 1, ?, ?, ?, ?, ?, ?, ?, ?, ?, ?) , (?, 1, ?, ?, ?, ?, ?, ?, ?, ?, ?, ?) , (?, 1, ?, ?, ?, ?, ?, ?, ?, ?, ?, ?) , (?, 1, ?, ?, ?, ?, ?, ?, ?, ?, ?, ?) , (?, 1, ?, ?, ?, ?, ?, ?, ?, ?, ?, ?) , (?, 1, ?, ?, ?, ?, ?, ?, ?, ?, ?, ?) , (?, 1, ?, ?, ?, ?, ?, ?, ?, ?, ?, ?) , (?, 1, ?, ?, ?, ?, ?, ?, ?, ?, ?, ?) , (?, 1, ?, ?, ?, ?, ?, ?, ?, ?, ?, ?) , (?, 1, ?, ?, ?, ?, ?, ?, ?, ?, ?, ?) , (?, 1, ?, ?, ?, ?, ?, ?, ?, ?, ?, ?) , (?, 1, ?, ?, ?, ?, ?, ?, ?, ?, ?, ?) , (?, 1, ?, ?, ?, ?, ?, ?, ?, ?, ?, ?) 
10:48:05,467 [main] DEBUG org.activiti.engine.impl.persistence.entity.VariableInstanceEntity.bulkInsertVariableInstance  - ==&gt; Parameters: 3005(String), integer(String), var1411(String), 2504(String), 2504(String), null, null, null, 1411(Long), 1411(String), null, 3006(String), integer(String), var2743(String), 2504(String), 2504(String), null, null, null, 2743(Long), 2743(String), null, 3007(String), integer(String), var1412(String), 2504(String), 2504(String), null, null, null, 1412(Long), 1412(String), null, 3008(String), integer(String), var2742(String), 2504(String), 2504(String), null, null, null, 2742(Long), 2742(String), null, 3009(String), integer(String), var2741(String), 2504(String), 2504(String), null, null, null, 2741(Long), 2741(String), null, 3010(String), integer(String), var1410(String), 2504(String), 2504(String), null, null, null, 1410(Long), 1410(String), null, 3011(String), integer(String), var2740(String), 2504(String), 2504(String), null, null, null, 2740(Long), 2740(String), null, 3012(String), integer(String), var1415(String), 2504(String), 2504(String), null, null, null, 1415(Long), 1415(String), null, 3013(String), integer(String), var2747(String), 2504(String), 2504(String), null, null, null, 2747(Long), 2747(String), null, 3014(String), integer(String), var1416(String), 2504(String), 2504(String), null, null, null, 1416(Long), 1416(String), null, 3015(String), integer(String), var2746(String), 2504(String), 2504(String), null, null, null, 2746(Long), 2746(String), null, 3016(String), integer(String), var1413(String), 2504(String), 2504(String), null, null, null, 1413(Long), 1413(String), null, 3017(String), integer(String), var2745(String), 2504(String), 2504(String), null, null, null, 2745(Long), 2745(String), null, 3018(String), integer(String), var1414(String), 2504(String), 2504(String), null, null, null, 1414(Long), 1414(String), null, 3019(String), integer(String), var2744(String), 2504(String), 2504(String), null, null, null, 2744(Long), 2744(String), null, 3020(String), integer(String), var817(String), 2504(String), 2504(String), null, null, null, 817(Long), 817(String), null, 3021(String), integer(String), var1419(String), 2504(String), 2504(String), null, null, null, 1419(Long), 1419(String), null, 3022(String), integer(String), var816(String), 2504(String), 2504(String), null, null, null, 816(Long), 816(String), null, 3023(String), integer(String), var815(String), 2504(String), 2504(String), null, null, null, 815(Long), 815(String), null, 3024(String), integer(String), var1417(String), 2504(String), 2504(String), null, null, null, 1417(Long), 1417(String), null, 3025(String), integer(String), var2749(String), 2504(String), 2504(String), null, null, null, 2749(Long), 2749(String), null, 3026(String), integer(String), var814(String), 2504(String), 2504(String), null, null, null, 814(Long), 814(String), null, 3027(String), integer(String), var1418(String), 2504(String), 2504(String), null, null, null, 1418(Long), 1418(String), null, 3028(String), integer(String), var2748(String), 2504(String), 2504(String), null, null, null, 2748(Long), 2748(String), null, 3029(String), integer(String), var813(String), 2504(String), 2504(String), null, null, null, 813(Long), 813(String), null, 3030(String), integer(String), var812(String), 2504(String), 2504(String), null, null, null, 812(Long), 812(String), null, 3031(String), integer(String), var811(String), 2504(String), 2504(String), null, null, null, 811(Long), 811(String), null, 3032(String), integer(String), var810(String), 2504(String), 2504(String), null, null, null, 810(Long), 810(String), null, 3033(String), integer(String), var819(String), 2504(String), 2504(String), null, null, null, 819(Long), 819(String), null, 3034(String), integer(String), var818(String), 2504(String), 2504(String), null, null, null, 818(Long), 818(String), null, 3035(String), integer(String), var2750(String), 2504(String), 2504(String), null, null, null, 2750(Long), 2750(String), null, 3036(String), integer(String), var1422(String), 2504(String), 2504(String), null, null, null, 1422(Long), 1422(String), null, 3037(String), integer(String), var2754(String), 2504(String), 2504(String), null, null, null, 2754(Long), 2754(String), null, 3038(String), integer(String), var1423(String), 2504(String), 2504(String), null, null, null, 1423(Long), 1423(String), null, 3039(String), integer(String), var2753(String), 2504(String), 2504(String), null, null, null, 2753(Long), 2753(String), null, 3040(String), integer(String), var1420(String), 2504(String), 2504(String), null, null, null, 1420(Long), 1420(String), null, 3041(String), integer(String), var2752(String), 2504(String), 2504(String), null, null, null, 2752(Long), 2752(String), null, 3042(String), integer(String), var1421(String), 2504(String), 2504(String), null, null, null, 1421(Long), 1421(String), null, 3043(String), integer(String), var2751(String), 2504(String), 2504(String), null, null, null, 2751(Long), 2751(String), null, 3044(String), integer(String), var1426(String), 2504(String), 2504(String), null, null, null, 1426(Long), 1426(String), null, 3045(String), integer(String), var2758(String), 2504(String), 2504(String), null, null, null, 2758(Long), 2758(String), null, 3046(String), integer(String), var1427(String), 2504(String), 2504(String), null, null, null, 1427(Long), 1427(String), null, 3047(String), integer(String), var2757(String), 2504(String), 2504(String), null, null, null, 2757(Long), 2757(String), null, 3048(String), integer(String), var1424(String), 2504(String), 2504(String), null, null, null, 1424(Long), 1424(String), null, 3049(String), integer(String), var2756(String), 2504(String), 2504(String), null, null, null, 2756(Long), 2756(String), null, 3050(String), integer(String), var1425(String), 2504(String), 2504(String), null, null, null, 1425(Long), 1425(String), null, 3051(String), integer(String), var2755(String), 2504(String), 2504(String), null, null, null, 2755(Long), 2755(String), null, 3052(String), integer(String), var806(String), 2504(String), 2504(String), null, null, null, 806(Long), 806(String), null, 3053(String), integer(String), var805(String), 2504(String), 2504(String), null, null, null, 805(Long), 805(String), null, 3054(String), integer(String), var804(String), 2504(String), 2504(String), null, null, null, 804(Long), 804(String), null, 3055(String), integer(String), var1428(String), 2504(String), 2504(String), null, null, null, 1428(Long), 1428(String), null, 3056(String), integer(String), var803(String), 2504(String), 2504(String), null, null, null, 803(Long), 803(String), null, 3057(String), integer(String), var1429(String), 2504(String), 2504(String), null, null, null, 1429(Long), 1429(String), null, 3058(String), integer(String), var2759(String), 2504(String), 2504(String), null, null, null, 2759(Long), 2759(String), null, 3059(String), integer(String), var802(String), 2504(String), 2504(String), null, null, null, 802(Long), 802(String), null, 3060(String), integer(String), var801(String), 2504(String), 2504(String), null, null, null, 801(Long), 801(String), null, 3061(String), integer(String), var800(String), 2504(String), 2504(String), null, null, null, 800(Long), 800(String), null, 3062(String), integer(String), var809(String), 2504(String), 2504(String), null, null, null, 809(Long), 809(String), null, 3063(String), integer(String), var808(String), 2504(String), 2504(String), null, null, null, 808(Long), 808(String), null, 3064(String), integer(String), var807(String), 2504(String), 2504(String), null, null, null, 807(Long), 807(String), null, 3065(String), integer(String), var2761(String), 2504(String), 2504(String), null, null, null, 2761(Long), 2761(String), null, 3066(String), integer(String), var1430(String), 2504(String), 2504(String), null, null, null, 1430(Long), 1430(String), null, 3067(String), integer(String), var2760(String), 2504(String), 2504(String), null, null, null, 2760(Long), 2760(String), null, 3068(String), integer(String), var1433(String), 2504(String), 2504(String), null, null, null, 1433(Long), 1433(String), null, 3069(String), integer(String), var2765(String), 2504(String), 2504(String), null, null, null, 2765(Long), 2765(String), null, 3070(String), integer(String), var1434(String), 2504(String), 2504(String), null, null, null, 1434(Long), 1434(String), null, 3071(String), integer(String), var2764(String), 2504(String), 2504(String), null, null, null, 2764(Long), 2764(String), null, 3072(String), integer(String), var1431(String), 2504(String), 2504(String), null, null, null, 1431(Long), 1431(String), null, 3073(String), integer(String), var2763(String), 2504(String), 2504(String), null, null, null, 2763(Long), 2763(String), null, 3074(String), integer(String), var1432(String), 2504(String), 2504(String), null, null, null, 1432(Long), 1432(String), null, 3075(String), integer(String), var2762(String), 2504(String), 2504(String), null, null, null, 2762(Long), 2762(String), null, 3076(String), integer(String), var1437(String), 2504(String), 2504(String), null, null, null, 1437(Long), 1437(String), null, 3077(String), integer(String), var2769(String), 2504(String), 2504(String), null, null, null, 2769(Long), 2769(String), null, 3078(String), integer(String), var1438(String), 2504(String), 2504(String), null, null, null, 1438(Long), 1438(String), null, 3079(String), integer(String), var2768(String), 2504(String), 2504(String), null, null, null, 2768(Long), 2768(String), null, 3080(String), integer(String), var1435(String), 2504(String), 2504(String), null, null, null, 1435(Long), 1435(String), null, 3081(String), integer(String), var2767(String), 2504(String), 2504(String), null, null, null, 2767(Long), 2767(String), null, 3082(String), integer(String), var1436(String), 2504(String), 2504(String), null, null, null, 1436(Long), 1436(String), null, 3083(String), integer(String), var2766(String), 2504(String), 2504(String), null, null, null, 2766(Long), 2766(String), null, 3084(String), integer(String), var1439(String), 2504(String), 2504(String), null, null, null, 1439(Long), 1439(String), null, 3085(String), integer(String), var1440(String), 2504(String), 2504(String), null, null, null, 1440(Long), 1440(String), null, 3086(String), integer(String), var2772(String), 2504(String), 2504(String), null, null, null, 2772(Long), 2772(String), null, 3087(String), integer(String), var1441(String), 2504(String), 2504(String), null, null, null, 1441(Long), 1441(String), null, 3088(String), integer(String), var2771(String), 2504(String), 2504(String), null, null, null, 2771(Long), 2771(String), null, 3089(String), integer(String), var2770(String), 2504(String), 2504(String), null, null, null, 2770(Long), 2770(String), null, 3090(String), integer(String), var1444(String), 2504(String), 2504(String), null, null, null, 1444(Long), 1444(String), null, 3091(String), integer(String), var2776(String), 2504(String), 2504(String), null, null, null, 2776(Long), 2776(String), null, 3092(String), integer(String), var1445(String), 2504(String), 2504(String), null, null, null, 1445(Long), 1445(String), null, 3093(String), integer(String), var2775(String), 2504(String), 2504(String), null, null, null, 2775(Long), 2775(String), null, 3094(String), integer(String), var1442(String), 2504(String), 2504(String), null, null, null, 1442(Long), 1442(String), null, 3095(String), integer(String), var2774(String), 2504(String), 2504(String), null, null, null, 2774(Long), 2774(String), null, 3096(String), integer(String), var1443(String), 2504(String), 2504(String), null, null, null, 1443(Long), 1443(String), null, 3097(String), integer(String), var2773(String), 2504(String), 2504(String), null, null, null, 2773(Long), 2773(String), null, 3098(String), integer(String), var1448(String), 2504(String), 2504(String), null, null, null, 1448(Long), 1448(String), null, 3099(String), integer(String), var1449(String), 2504(String), 2504(String), null, null, null, 1449(Long), 1449(String), null, 3100(String), integer(String), var2779(String), 2504(String), 2504(String), null, null, null, 2779(Long), 2779(String), null, 3101(String), integer(String), var1446(String), 2504(String), 2504(String), null, null, null, 1446(Long), 1446(String), null, 3102(String), integer(String), var2778(String), 2504(String), 2504(String), null, null, null, 2778(Long), 2778(String), null, 3103(String), integer(String), var1447(String), 2504(String), 2504(String), null, null, null, 1447(Long), 1447(String), null, 3104(String), integer(String), var2777(String), 2504(String), 2504(String), null, null, null, 2777(Long), 2777(String), null
10:48:05,468 [main] DEBUG org.activiti.engine.impl.persistence.entity.VariableInstanceEntity.bulkInsertVariableInstance  - &lt;==    Updates: 100
10:48:05,471 [Thread-112] DEBUG org.activiti.engine.impl.asyncexecutor.AcquireAsyncJobsDueRunnable  - async job acquisition thread woke up
10:48:05,471 [Thread-112] DEBUG org.activiti.engine.impl.interceptor.LogInterceptor  - 

10:48:05,471 [Thread-112] DEBUG org.activiti.engine.impl.interceptor.LogInterceptor  - --- starting AcquireAsyncJobsDueCmd --------------------------------------------------------
10:48:05,471 [Thread-103] DEBUG org.activiti.engine.impl.asyncexecutor.AcquireAsyncJobsDueRunnable  - async job acquisition thread woke up
10:48:05,471 [Thread-106] DEBUG org.activiti.engine.impl.asyncexecutor.AcquireAsyncJobsDueRunnable  - async job acquisition thread woke up
10:48:05,471 [Thread-106] DEBUG org.activiti.engine.impl.interceptor.LogInterceptor  - 

10:48:05,471 [Thread-106] DEBUG org.activiti.engine.impl.interceptor.LogInterceptor  - --- starting AcquireAsyncJobsDueCmd --------------------------------------------------------
10:48:05,471 [Thread-106] DEBUG org.apache.ibatis.transaction.jdbc.JdbcTransaction  - Opening JDBC Connection
10:48:05,471 [Thread-106] DEBUG org.apache.ibatis.datasource.pooled.PooledDataSource  - Checked out connection 996762054 from pool.
10:48:05,472 [Thread-106] DEBUG org.apache.ibatis.transaction.jdbc.JdbcTransaction  - Setting autocommit to false on JDBC Connection [conn65: url=jdbc:h2:mem:activiti-AsyncExecutorTest user=SA]
10:48:05,471 [Thread-112] DEBUG org.apache.ibatis.transaction.jdbc.JdbcTransaction  - Opening JDBC Connection
10:48:05,472 [Thread-112] DEBUG org.apache.ibatis.datasource.pooled.PooledDataSource  - Checked out connection 58501658 from pool.
10:48:05,472 [Thread-112] DEBUG org.apache.ibatis.transaction.jdbc.JdbcTransaction  - Setting autocommit to false on JDBC Connection [conn68: url=jdbc:h2:mem:activiti-AsyncExecutorTest user=SA]
10:48:05,472 [Thread-106] DEBUG org.activiti.engine.impl.persistence.entity.JobEntity.selectAsyncJobsDueToExecute  - ==&gt;  Preparing: select RES.* from ACT_RU_JOB RES LEFT OUTER JOIN ACT_RU_EXECUTION PI ON PI.ID_ = RES.PROCESS_INSTANCE_ID_ where RES.RETRIES_ &gt; 0 and RES.DUEDATE_ is not null and RES.DUEDATE_ &lt;= ? and (RES.LOCK_EXP_TIME_ is null or RES.LOCK_EXP_TIME_ &lt;= ?) and TYPE_ = &apos;message&apos; and ( (RES.EXECUTION_ID_ is null) or (PI.SUSPENSION_STATE_ = 1) ) LIMIT ? OFFSET ? 
10:48:05,472 [Thread-103] DEBUG org.activiti.engine.impl.interceptor.LogInterceptor  - 

10:48:05,472 [Thread-106] DEBUG org.activiti.engine.impl.persistence.entity.JobEntity.selectAsyncJobsDueToExecute  - ==&gt; Parameters: 2023-03-20 10:48:05.471(Timestamp), 2023-03-20 10:48:05.471(Timestamp), 1(Integer), 0(Integer)
10:48:05,471 [Thread-105] DEBUG org.activiti.engine.impl.asyncexecutor.AcquireTimerJobsRunnable  - timer job acquisition thread woke up
10:48:05,472 [Thread-106] DEBUG org.activiti.engine.impl.persistence.entity.JobEntity.selectAsyncJobsDueToExecute  - &lt;==      Total: 0
10:48:05,472 [Thread-103] DEBUG org.activiti.engine.impl.interceptor.LogInterceptor  - --- starting AcquireAsyncJobsDueCmd --------------------------------------------------------
10:48:05,472 [Thread-112] DEBUG org.activiti.engine.impl.persistence.entity.JobEntity.selectAsyncJobsDueToExecute  - ==&gt;  Preparing: select RES.* from ACT_RU_JOB RES LEFT OUTER JOIN ACT_RU_EXECUTION PI ON PI.ID_ = RES.PROCESS_INSTANCE_ID_ where RES.RETRIES_ &gt; 0 and RES.DUEDATE_ is not null and RES.DUEDATE_ &lt;= ? and (RES.LOCK_EXP_TIME_ is null or RES.LOCK_EXP_TIME_ &lt;= ?) and TYPE_ = &apos;message&apos; and ( (RES.EXECUTION_ID_ is null) or (PI.SUSPENSION_STATE_ = 1) ) LIMIT ? OFFSET ? 
10:48:05,472 [main] DEBUG org.activiti.engine.impl.persistence.entity.VariableInstanceEntity.bulkInsertVariableInstance  - ==&gt;  Preparing: INSERT INTO ACT_RU_VARIABLE (ID_, REV_, TYPE_, NAME_, PROC_INST_ID_, EXECUTION_ID_, TASK_ID_, BYTEARRAY_ID_, DOUBLE_, LONG_ , TEXT_, TEXT2_) VALUES (?, 1, ?, ?, ?, ?, ?, ?, ?, ?, ?, ?) , (?, 1, ?, ?, ?, ?, ?, ?, ?, ?, ?, ?) , (?, 1, ?, ?, ?, ?, ?, ?, ?, ?, ?, ?) , (?, 1, ?, ?, ?, ?, ?, ?, ?, ?, ?, ?) , (?, 1, ?, ?, ?, ?, ?, ?, ?, ?, ?, ?) , (?, 1, ?, ?, ?, ?, ?, ?, ?, ?, ?, ?) , (?, 1, ?, ?, ?, ?, ?, ?, ?, ?, ?, ?) , (?, 1, ?, ?, ?, ?, ?, ?, ?, ?, ?, ?) , (?, 1, ?, ?, ?, ?, ?, ?, ?, ?, ?, ?) , (?, 1, ?, ?, ?, ?, ?, ?, ?, ?, ?, ?) , (?, 1, ?, ?, ?, ?, ?, ?, ?, ?, ?, ?) , (?, 1, ?, ?, ?, ?, ?, ?, ?, ?, ?, ?) , (?, 1, ?, ?, ?, ?, ?, ?, ?, ?, ?, ?) , (?, 1, ?, ?, ?, ?, ?, ?, ?, ?, ?, ?) , (?, 1, ?, ?, ?, ?, ?, ?, ?, ?, ?, ?) , (?, 1, ?, ?, ?, ?, ?, ?, ?, ?, ?, ?) , (?, 1, ?, ?, ?, ?, ?, ?, ?, ?, ?, ?) , (?, 1, ?, ?, ?, ?, ?, ?, ?, ?, ?, ?) , (?, 1, ?, ?, ?, ?, ?, ?, ?, ?, ?, ?) , (?, 1, ?, ?, ?, ?, ?, ?, ?, ?, ?, ?) , (?, 1, ?, ?, ?, ?, ?, ?, ?, ?, ?, ?) , (?, 1, ?, ?, ?, ?, ?, ?, ?, ?, ?, ?) , (?, 1, ?, ?, ?, ?, ?, ?, ?, ?, ?, ?) , (?, 1, ?, ?, ?, ?, ?, ?, ?, ?, ?, ?) , (?, 1, ?, ?, ?, ?, ?, ?, ?, ?, ?, ?) , (?, 1, ?, ?, ?, ?, ?, ?, ?, ?, ?, ?) , (?, 1, ?, ?, ?, ?, ?, ?, ?, ?, ?, ?) , (?, 1, ?, ?, ?, ?, ?, ?, ?, ?, ?, ?) , (?, 1, ?, ?, ?, ?, ?, ?, ?, ?, ?, ?) , (?, 1, ?, ?, ?, ?, ?, ?, ?, ?, ?, ?) , (?, 1, ?, ?, ?, ?, ?, ?, ?, ?, ?, ?) , (?, 1, ?, ?, ?, ?, ?, ?, ?, ?, ?, ?) , (?, 1, ?, ?, ?, ?, ?, ?, ?, ?, ?, ?) , (?, 1, ?, ?, ?, ?, ?, ?, ?, ?, ?, ?) , (?, 1, ?, ?, ?, ?, ?, ?, ?, ?, ?, ?) , (?, 1, ?, ?, ?, ?, ?, ?, ?, ?, ?, ?) , (?, 1, ?, ?, ?, ?, ?, ?, ?, ?, ?, ?) , (?, 1, ?, ?, ?, ?, ?, ?, ?, ?, ?, ?) , (?, 1, ?, ?, ?, ?, ?, ?, ?, ?, ?, ?) , (?, 1, ?, ?, ?, ?, ?, ?, ?, ?, ?, ?) , (?, 1, ?, ?, ?, ?, ?, ?, ?, ?, ?, ?) , (?, 1, ?, ?, ?, ?, ?, ?, ?, ?, ?, ?) , (?, 1, ?, ?, ?, ?, ?, ?, ?, ?, ?, ?) , (?, 1, ?, ?, ?, ?, ?, ?, ?, ?, ?, ?) , (?, 1, ?, ?, ?, ?, ?, ?, ?, ?, ?, ?) , (?, 1, ?, ?, ?, ?, ?, ?, ?, ?, ?, ?) , (?, 1, ?, ?, ?, ?, ?, ?, ?, ?, ?, ?) , (?, 1, ?, ?, ?, ?, ?, ?, ?, ?, ?, ?) , (?, 1, ?, ?, ?, ?, ?, ?, ?, ?, ?, ?) , (?, 1, ?, ?, ?, ?, ?, ?, ?, ?, ?, ?) , (?, 1, ?, ?, ?, ?, ?, ?, ?, ?, ?, ?) , (?, 1, ?, ?, ?, ?, ?, ?, ?, ?, ?, ?) , (?, 1, ?, ?, ?, ?, ?, ?, ?, ?, ?, ?) , (?, 1, ?, ?, ?, ?, ?, ?, ?, ?, ?, ?) , (?, 1, ?, ?, ?, ?, ?, ?, ?, ?, ?, ?) , (?, 1, ?, ?, ?, ?, ?, ?, ?, ?, ?, ?) , (?, 1, ?, ?, ?, ?, ?, ?, ?, ?, ?, ?) , (?, 1, ?, ?, ?, ?, ?, ?, ?, ?, ?, ?) , (?, 1, ?, ?, ?, ?, ?, ?, ?, ?, ?, ?) , (?, 1, ?, ?, ?, ?, ?, ?, ?, ?, ?, ?) , (?, 1, ?, ?, ?, ?, ?, ?, ?, ?, ?, ?) , (?, 1, ?, ?, ?, ?, ?, ?, ?, ?, ?, ?) , (?, 1, ?, ?, ?, ?, ?, ?, ?, ?, ?, ?) , (?, 1, ?, ?, ?, ?, ?, ?, ?, ?, ?, ?) , (?, 1, ?, ?, ?, ?, ?, ?, ?, ?, ?, ?) , (?, 1, ?, ?, ?, ?, ?, ?, ?, ?, ?, ?) , (?, 1, ?, ?, ?, ?, ?, ?, ?, ?, ?, ?) , (?, 1, ?, ?, ?, ?, ?, ?, ?, ?, ?, ?) , (?, 1, ?, ?, ?, ?, ?, ?, ?, ?, ?, ?) , (?, 1, ?, ?, ?, ?, ?, ?, ?, ?, ?, ?) , (?, 1, ?, ?, ?, ?, ?, ?, ?, ?, ?, ?) , (?, 1, ?, ?, ?, ?, ?, ?, ?, ?, ?, ?) , (?, 1, ?, ?, ?, ?, ?, ?, ?, ?, ?, ?) , (?, 1, ?, ?, ?, ?, ?, ?, ?, ?, ?, ?) , (?, 1, ?, ?, ?, ?, ?, ?, ?, ?, ?, ?) , (?, 1, ?, ?, ?, ?, ?, ?, ?, ?, ?, ?) , (?, 1, ?, ?, ?, ?, ?, ?, ?, ?, ?, ?) , (?, 1, ?, ?, ?, ?, ?, ?, ?, ?, ?, ?) , (?, 1, ?, ?, ?, ?, ?, ?, ?, ?, ?, ?) , (?, 1, ?, ?, ?, ?, ?, ?, ?, ?, ?, ?) , (?, 1, ?, ?, ?, ?, ?, ?, ?, ?, ?, ?) , (?, 1, ?, ?, ?, ?, ?, ?, ?, ?, ?, ?) , (?, 1, ?, ?, ?, ?, ?, ?, ?, ?, ?, ?) , (?, 1, ?, ?, ?, ?, ?, ?, ?, ?, ?, ?) , (?, 1, ?, ?, ?, ?, ?, ?, ?, ?, ?, ?) , (?, 1, ?, ?, ?, ?, ?, ?, ?, ?, ?, ?) , (?, 1, ?, ?, ?, ?, ?, ?, ?, ?, ?, ?) , (?, 1, ?, ?, ?, ?, ?, ?, ?, ?, ?, ?) , (?, 1, ?, ?, ?, ?, ?, ?, ?, ?, ?, ?) , (?, 1, ?, ?, ?, ?, ?, ?, ?, ?, ?, ?) , (?, 1, ?, ?, ?, ?, ?, ?, ?, ?, ?, ?) , (?, 1, ?, ?, ?, ?, ?, ?, ?, ?, ?, ?) , (?, 1, ?, ?, ?, ?, ?, ?, ?, ?, ?, ?) , (?, 1, ?, ?, ?, ?, ?, ?, ?, ?, ?, ?) , (?, 1, ?, ?, ?, ?, ?, ?, ?, ?, ?, ?) , (?, 1, ?, ?, ?, ?, ?, ?, ?, ?, ?, ?) , (?, 1, ?, ?, ?, ?, ?, ?, ?, ?, ?, ?) , (?, 1, ?, ?, ?, ?, ?, ?, ?, ?, ?, ?) , (?, 1, ?, ?, ?, ?, ?, ?, ?, ?, ?, ?) , (?, 1, ?, ?, ?, ?, ?, ?, ?, ?, ?, ?) 
10:48:05,472 [Thread-103] DEBUG org.apache.ibatis.transaction.jdbc.JdbcTransaction  - Opening JDBC Connection
10:48:05,472 [Thread-103] DEBUG org.apache.ibatis.datasource.pooled.PooledDataSource  - Checked out connection 33534803 from pool.
10:48:05,472 [Thread-106] DEBUG org.activiti.engine.impl.db.DbSqlSession  - flush summary: 0 insert, 0 update, 0 delete.
10:48:05,472 [Thread-106] DEBUG org.activiti.engine.impl.db.DbSqlSession  - now executing flush...
10:48:05,472 [Thread-105] DEBUG org.activiti.engine.impl.interceptor.LogInterceptor  - 

10:48:05,472 [Thread-105] DEBUG org.activiti.engine.impl.interceptor.LogInterceptor  - --- starting AcquireTimerJobsCmd --------------------------------------------------------
10:48:05,472 [Thread-106] DEBUG org.activiti.engine.impl.cfg.standalone.StandaloneMybatisTransactionContext  - firing event committing...
10:48:05,472 [Thread-106] DEBUG org.activiti.engine.impl.cfg.standalone.StandaloneMybatisTransactionContext  - committing the ibatis sql session...
10:48:05,472 [Thread-106] DEBUG org.activiti.engine.impl.cfg.standalone.StandaloneMybatisTransactionContext  - firing event committed...
10:48:05,472 [Thread-103] DEBUG org.apache.ibatis.transaction.jdbc.JdbcTransaction  - Setting autocommit to false on JDBC Connection [conn60: url=jdbc:h2:mem:activiti-AsyncExecutorTest user=SA]
10:48:05,472 [Thread-112] DEBUG org.activiti.engine.impl.persistence.entity.JobEntity.selectAsyncJobsDueToExecute  - ==&gt; Parameters: 2023-03-20 10:48:05.471(Timestamp), 2023-03-20 10:48:05.471(Timestamp), 1(Integer), 0(Integer)
10:48:05,472 [Thread-103] DEBUG org.activiti.engine.impl.persistence.entity.JobEntity.selectAsyncJobsDueToExecute  - ==&gt;  Preparing: select RES.* from ACT_RU_JOB RES LEFT OUTER JOIN ACT_RU_EXECUTION PI ON PI.ID_ = RES.PROCESS_INSTANCE_ID_ where RES.RETRIES_ &gt; 0 and RES.DUEDATE_ is not null and RES.DUEDATE_ &lt;= ? and (RES.LOCK_EXP_TIME_ is null or RES.LOCK_EXP_TIME_ &lt;= ?) and TYPE_ = &apos;message&apos; and ( (RES.EXECUTION_ID_ is null) or (PI.SUSPENSION_STATE_ = 1) ) LIMIT ? OFFSET ? 
10:48:05,473 [Thread-103] DEBUG org.activiti.engine.impl.persistence.entity.JobEntity.selectAsyncJobsDueToExecute  - ==&gt; Parameters: 2023-03-20 10:48:05.472(Timestamp), 2023-03-20 10:48:05.472(Timestamp), 1(Integer), 0(Integer)
10:48:05,472 [Thread-106] DEBUG org.apache.ibatis.transaction.jdbc.JdbcTransaction  - Resetting autocommit to true on JDBC Connection [conn65: url=jdbc:h2:mem:activiti-AsyncExecutorTest user=SA]
10:48:05,472 [Thread-105] DEBUG org.apache.ibatis.transaction.jdbc.JdbcTransaction  - Opening JDBC Connection
10:48:05,473 [Thread-105] DEBUG org.apache.ibatis.datasource.pooled.PooledDataSource  - Checked out connection 1970103261 from pool.
10:48:05,473 [Thread-105] DEBUG org.apache.ibatis.transaction.jdbc.JdbcTransaction  - Setting autocommit to false on JDBC Connection [conn63: url=jdbc:h2:mem:activiti-AsyncExecutorTest user=SA]
10:48:05,473 [Thread-106] DEBUG org.apache.ibatis.transaction.jdbc.JdbcTransaction  - Closing JDBC Connection [conn65: url=jdbc:h2:mem:activiti-AsyncExecutorTest user=SA]
10:48:05,473 [Thread-106] DEBUG org.apache.ibatis.datasource.pooled.PooledDataSource  - Returned connection 996762054 to pool.
10:48:05,473 [Thread-103] DEBUG org.activiti.engine.impl.persistence.entity.JobEntity.selectAsyncJobsDueToExecute  - &lt;==      Total: 0
10:48:05,472 [Thread-112] DEBUG org.activiti.engine.impl.persistence.entity.JobEntity.selectAsyncJobsDueToExecute  - &lt;==      Total: 0
10:48:05,473 [Thread-103] DEBUG org.activiti.engine.impl.db.DbSqlSession  - flush summary: 0 insert, 0 update, 0 delete.
10:48:05,473 [Thread-103] DEBUG org.activiti.engine.impl.db.DbSqlSession  - now executing flush...
10:48:05,473 [Thread-103] DEBUG org.activiti.engine.impl.cfg.standalone.StandaloneMybatisTransactionContext  - firing event committing...
10:48:05,473 [Thread-103] DEBUG org.activiti.engine.impl.cfg.standalone.StandaloneMybatisTransactionContext  - committing the ibatis sql session...
10:48:05,473 [Thread-103] DEBUG org.activiti.engine.impl.cfg.standalone.StandaloneMybatisTransactionContext  - firing event committed...
10:48:05,473 [Thread-103] DEBUG org.apache.ibatis.transaction.jdbc.JdbcTransaction  - Resetting autocommit to true on JDBC Connection [conn60: url=jdbc:h2:mem:activiti-AsyncExecutorTest user=SA]
10:48:05,473 [Thread-106] DEBUG org.activiti.engine.impl.interceptor.LogInterceptor  - --- AcquireAsyncJobsDueCmd finished --------------------------------------------------------
10:48:05,473 [Thread-106] DEBUG org.activiti.engine.impl.interceptor.LogInterceptor  - 

10:48:05,473 [Thread-105] DEBUG org.activiti.engine.impl.persistence.entity.JobEntity.selectNextTimerJobsToExecute  - ==&gt;  Preparing: select RES.* from ACT_RU_JOB RES LEFT OUTER JOIN ACT_RU_EXECUTION PI ON PI.ID_ = RES.PROCESS_INSTANCE_ID_ where (RES.RETRIES_ &gt; 0) and (RES.DUEDATE_ is null or RES.DUEDATE_ &lt;= ?) and (RES.LOCK_OWNER_ is null or RES.LOCK_EXP_TIME_ &lt;= ?) and TYPE_ = &apos;timer&apos; and ( (RES.EXECUTION_ID_ is null) or (PI.SUSPENSION_STATE_ = 1) ) LIMIT ? OFFSET ? 
10:48:05,473 [Thread-106] DEBUG org.activiti.engine.impl.asyncexecutor.AcquireAsyncJobsDueRunnable  - async job acquisition thread sleeping for 50 millis
10:48:05,473 [Thread-103] DEBUG org.apache.ibatis.transaction.jdbc.JdbcTransaction  - Closing JDBC Connection [conn60: url=jdbc:h2:mem:activiti-AsyncExecutorTest user=SA]
10:48:05,473 [Thread-103] DEBUG org.apache.ibatis.datasource.pooled.PooledDataSource  - Returned connection 33534803 to pool.
10:48:05,473 [Thread-103] DEBUG org.activiti.engine.impl.interceptor.LogInterceptor  - --- AcquireAsyncJobsDueCmd finished --------------------------------------------------------
10:48:05,473 [Thread-103] DEBUG org.activiti.engine.impl.interceptor.LogInterceptor  - 

10:48:05,473 [Thread-112] DEBUG org.activiti.engine.impl.db.DbSqlSession  - flush summary: 0 insert, 0 update, 0 delete.
10:48:05,473 [Thread-112] DEBUG org.activiti.engine.impl.db.DbSqlSession  - now executing flush...
10:48:05,473 [Thread-112] DEBUG org.activiti.engine.impl.cfg.standalone.StandaloneMybatisTransactionContext  - firing event committing...
10:48:05,473 [Thread-112] DEBUG org.activiti.engine.impl.cfg.standalone.StandaloneMybatisTransactionContext  - committing the ibatis sql session...
10:48:05,473 [Thread-112] DEBUG org.activiti.engine.impl.cfg.standalone.StandaloneMybatisTransactionContext  - firing event committed...
10:48:05,473 [Thread-112] DEBUG org.apache.ibatis.transaction.jdbc.JdbcTransaction  - Resetting autocommit to true on JDBC Connection [conn68: url=jdbc:h2:mem:activiti-AsyncExecutorTest user=SA]
10:48:05,473 [Thread-112] DEBUG org.apache.ibatis.transaction.jdbc.JdbcTransaction  - Closing JDBC Connection [conn68: url=jdbc:h2:mem:activiti-AsyncExecutorTest user=SA]
10:48:05,473 [Thread-112] DEBUG org.apache.ibatis.datasource.pooled.PooledDataSource  - Returned connection 58501658 to pool.
10:48:05,473 [Thread-112] DEBUG org.activiti.engine.impl.interceptor.LogInterceptor  - --- AcquireAsyncJobsDueCmd finished --------------------------------------------------------
10:48:05,474 [Thread-112] DEBUG org.activiti.engine.impl.interceptor.LogInterceptor  - 

10:48:05,473 [Thread-103] DEBUG org.activiti.engine.impl.asyncexecutor.AcquireAsyncJobsDueRunnable  - async job acquisition thread sleeping for 50 millis
10:48:05,473 [Thread-105] DEBUG org.activiti.engine.impl.persistence.entity.JobEntity.selectNextTimerJobsToExecute  - ==&gt; Parameters: 2023-03-20 10:48:05.472(Timestamp), 2023-03-20 10:48:05.472(Timestamp), 1(Integer), 0(Integer)
10:48:05,473 [main] DEBUG org.activiti.engine.impl.persistence.entity.VariableInstanceEntity.bulkInsertVariableInstance  - ==&gt; Parameters: 3105(String), integer(String), var1451(String), 2504(String), 2504(String), null, null, null, 1451(Long), 1451(String), null, 3106(String), integer(String), var2783(String), 2504(String), 2504(String), null, null, null, 2783(Long), 2783(String), null, 3107(String), integer(String), var1452(String), 2504(String), 2504(String), null, null, null, 1452(Long), 1452(String), null, 3108(String), integer(String), var2782(String), 2504(String), 2504(String), null, null, null, 2782(Long), 2782(String), null, 3109(String), integer(String), var2781(String), 2504(String), 2504(String), null, null, null, 2781(Long), 2781(String), null, 3110(String), integer(String), var1450(String), 2504(String), 2504(String), null, null, null, 1450(Long), 1450(String), null, 3111(String), integer(String), var2780(String), 2504(String), 2504(String), null, null, null, 2780(Long), 2780(String), null, 3112(String), integer(String), var1455(String), 2504(String), 2504(String), null, null, null, 1455(Long), 1455(String), null, 3113(String), integer(String), var2787(String), 2504(String), 2504(String), null, null, null, 2787(Long), 2787(String), null, 3114(String), integer(String), var1456(String), 2504(String), 2504(String), null, null, null, 1456(Long), 1456(String), null, 3115(String), integer(String), var2786(String), 2504(String), 2504(String), null, null, null, 2786(Long), 2786(String), null, 3116(String), integer(String), var1453(String), 2504(String), 2504(String), null, null, null, 1453(Long), 1453(String), null, 3117(String), integer(String), var2785(String), 2504(String), 2504(String), null, null, null, 2785(Long), 2785(String), null, 3118(String), integer(String), var1454(String), 2504(String), 2504(String), null, null, null, 1454(Long), 1454(String), null, 3119(String), integer(String), var2784(String), 2504(String), 2504(String), null, null, null, 2784(Long), 2784(String), null, 3120(String), integer(String), var1459(String), 2504(String), 2504(String), null, null, null, 1459(Long), 1459(String), null, 3121(String), integer(String), var1457(String), 2504(String), 2504(String), null, null, null, 1457(Long), 1457(String), null, 3122(String), integer(String), var2789(String), 2504(String), 2504(String), null, null, null, 2789(Long), 2789(String), null, 3123(String), integer(String), var1458(String), 2504(String), 2504(String), null, null, null, 1458(Long), 1458(String), null, 3124(String), integer(String), var2788(String), 2504(String), 2504(String), null, null, null, 2788(Long), 2788(String), null, 3125(String), integer(String), var2790(String), 2504(String), 2504(String), null, null, null, 2790(Long), 2790(String), null, 3126(String), integer(String), var1462(String), 2504(String), 2504(String), null, null, null, 1462(Long), 1462(String), null, 3127(String), integer(String), var2794(String), 2504(String), 2504(String), null, null, null, 2794(Long), 2794(String), null, 3128(String), integer(String), var1463(String), 2504(String), 2504(String), null, null, null, 1463(Long), 1463(String), null, 3129(String), integer(String), var2793(String), 2504(String), 2504(String), null, null, null, 2793(Long), 2793(String), null, 3130(String), integer(String), var1460(String), 2504(String), 2504(String), null, null, null, 1460(Long), 1460(String), null, 3131(String), integer(String), var2792(String), 2504(String), 2504(String), null, null, null, 2792(Long), 2792(String), null, 3132(String), integer(String), var1461(String), 2504(String), 2504(String), null, null, null, 1461(Long), 1461(String), null, 3133(String), integer(String), var2791(String), 2504(String), 2504(String), null, null, null, 2791(Long), 2791(String), null, 3134(String), integer(String), var1466(String), 2504(String), 2504(String), null, null, null, 1466(Long), 1466(String), null, 3135(String), integer(String), var2798(String), 2504(String), 2504(String), null, null, null, 2798(Long), 2798(String), null, 3136(String), integer(String), var1467(String), 2504(String), 2504(String), null, null, null, 1467(Long), 1467(String), null, 3137(String), integer(String), var2797(String), 2504(String), 2504(String), null, null, null, 2797(Long), 2797(String), null, 3138(String), integer(String), var1464(String), 2504(String), 2504(String), null, null, null, 1464(Long), 1464(String), null, 3139(String), integer(String), var2796(String), 2504(String), 2504(String), null, null, null, 2796(Long), 2796(String), null, 3140(String), integer(String), var1465(String), 2504(String), 2504(String), null, null, null, 1465(Long), 1465(String), null, 3141(String), integer(String), var2795(String), 2504(String), 2504(String), null, null, null, 2795(Long), 2795(String), null, 3142(String), integer(String), var1468(String), 2504(String), 2504(String), null, null, null, 1468(Long), 1468(String), null, 3143(String), integer(String), var1469(String), 2504(String), 2504(String), null, null, null, 1469(Long), 1469(String), null, 3144(String), integer(String), var2799(String), 2504(String), 2504(String), null, null, null, 2799(Long), 2799(String), null, 3145(String), integer(String), var1470(String), 2504(String), 2504(String), null, null, null, 1470(Long), 1470(String), null, 3146(String), integer(String), var1473(String), 2504(String), 2504(String), null, null, null, 1473(Long), 1473(String), null, 3147(String), integer(String), var1474(String), 2504(String), 2504(String), null, null, null, 1474(Long), 1474(String), null, 3148(String), integer(String), var1471(String), 2504(String), 2504(String), null, null, null, 1471(Long), 1471(String), null, 3149(String), integer(String), var1472(String), 2504(String), 2504(String), null, null, null, 1472(Long), 1472(String), null, 3150(String), integer(String), var1477(String), 2504(String), 2504(String), null, null, null, 1477(Long), 1477(String), null, 3151(String), integer(String), var1478(String), 2504(String), 2504(String), null, null, null, 1478(Long), 1478(String), null, 3152(String), integer(String), var1475(String), 2504(String), 2504(String), null, null, null, 1475(Long), 1475(String), null, 3153(String), integer(String), var1476(String), 2504(String), 2504(String), null, null, null, 1476(Long), 1476(String), null, 3154(String), integer(String), var1479(String), 2504(String), 2504(String), null, null, null, 1479(Long), 1479(String), null, 3155(String), integer(String), var2691(String), 2504(String), 2504(String), null, null, null, 2691(Long), 2691(String), null, 3156(String), integer(String), var1360(String), 2504(String), 2504(String), null, null, null, 1360(Long), 1360(String), null, 3157(String), integer(String), var2690(String), 2504(String), 2504(String), null, null, null, 2690(Long), 2690(String), null, 3158(String), integer(String), var1363(String), 2504(String), 2504(String), null, null, null, 1363(Long), 1363(String), null, 3159(String), integer(String), var2695(String), 2504(String), 2504(String), null, null, null, 2695(Long), 2695(String), null, 3160(String), integer(String), var1364(String), 2504(String), 2504(String), null, null, null, 1364(Long), 1364(String), null, 3161(String), integer(String), var2694(String), 2504(String), 2504(String), null, null, null, 2694(Long), 2694(String), null, 3162(String), integer(String), var1361(String), 2504(String), 2504(String), null, null, null, 1361(Long), 1361(String), null, 3163(String), integer(String), var2693(String), 2504(String), 2504(String), null, null, null, 2693(Long), 2693(String), null, 3164(String), integer(String), var1362(String), 2504(String), 2504(String), null, null, null, 1362(Long), 1362(String), null, 3165(String), integer(String), var2692(String), 2504(String), 2504(String), null, null, null, 2692(Long), 2692(String), null, 3166(String), integer(String), var787(String), 2504(String), 2504(String), null, null, null, 787(Long), 787(String), null, 3167(String), integer(String), var1367(String), 2504(String), 2504(String), null, null, null, 1367(Long), 1367(String), null, 3168(String), integer(String), var2699(String), 2504(String), 2504(String), null, null, null, 2699(Long), 2699(String), null, 3169(String), integer(String), var786(String), 2504(String), 2504(String), null, null, null, 786(Long), 786(String), null, 3170(String), integer(String), var1368(String), 2504(String), 2504(String), null, null, null, 1368(Long), 1368(String), null, 3171(String), integer(String), var2698(String), 2504(String), 2504(String), null, null, null, 2698(Long), 2698(String), null, 3172(String), integer(String), var785(String), 2504(String), 2504(String), null, null, null, 785(Long), 785(String), null, 3173(String), integer(String), var1365(String), 2504(String), 2504(String), null, null, null, 1365(Long), 1365(String), null, 3174(String), integer(String), var2697(String), 2504(String), 2504(String), null, null, null, 2697(Long), 2697(String), null, 3175(String), integer(String), var784(String), 2504(String), 2504(String), null, null, null, 784(Long), 784(String), null, 3176(String), integer(String), var1366(String), 2504(String), 2504(String), null, null, null, 1366(Long), 1366(String), null, 3177(String), integer(String), var2696(String), 2504(String), 2504(String), null, null, null, 2696(Long), 2696(String), null, 3178(String), integer(String), var783(String), 2504(String), 2504(String), null, null, null, 783(Long), 783(String), null, 3179(String), integer(String), var782(String), 2504(String), 2504(String), null, null, null, 782(Long), 782(String), null, 3180(String), integer(String), var781(String), 2504(String), 2504(String), null, null, null, 781(Long), 781(String), null, 3181(String), integer(String), var1369(String), 2504(String), 2504(String), null, null, null, 1369(Long), 1369(String), null, 3182(String), integer(String), var780(String), 2504(String), 2504(String), null, null, null, 780(Long), 780(String), null, 3183(String), integer(String), var789(String), 2504(String), 2504(String), null, null, null, 789(Long), 789(String), null, 3184(String), integer(String), var788(String), 2504(String), 2504(String), null, null, null, 788(Long), 788(String), null, 3185(String), integer(String), var1370(String), 2504(String), 2504(String), null, null, null, 1370(Long), 1370(String), null, 3186(String), integer(String), var1371(String), 2504(String), 2504(String), null, null, null, 1371(Long), 1371(String), null, 3187(String), integer(String), var1374(String), 2504(String), 2504(String), null, null, null, 1374(Long), 1374(String), null, 3188(String), integer(String), var1375(String), 2504(String), 2504(String), null, null, null, 1375(Long), 1375(String), null, 3189(String), integer(String), var1372(String), 2504(String), 2504(String), null, null, null, 1372(Long), 1372(String), null, 3190(String), integer(String), var1373(String), 2504(String), 2504(String), null, null, null, 1373(Long), 1373(String), null, 3191(String), integer(String), var96(String), 2504(String), 2504(String), null, null, null, 96(Long), 96(String), null, 3192(String), integer(String), var776(String), 2504(String), 2504(String), null, null, null, 776(Long), 776(String), null, 3193(String), integer(String), var1378(String), 2504(String), 2504(String), null, null, null, 1378(Long), 1378(String), null, 3194(String), integer(String), var97(String), 2504(String), 2504(String), null, null, null, 97(Long), 97(String), null, 3195(String), integer(String), var775(String), 2504(String), 2504(String), null, null, null, 775(Long), 775(String), null, 3196(String), integer(String), var1379(String), 2504(String), 2504(String), null, null, null, 1379(Long), 1379(String), null, 3197(String), integer(String), var98(String), 2504(String), 2504(String), null, null, null, 98(Long), 98(String), null, 3198(String), integer(String), var774(String), 2504(String), 2504(String), null, null, null, 774(Long), 774(String), null, 3199(String), integer(String), var1376(String), 2504(String), 2504(String), null, null, null, 1376(Long), 1376(String), null, 3200(String), integer(String), var99(String), 2504(String), 2504(String), null, null, null, 99(Long), 99(String), null, 3201(String), integer(String), var773(String), 2504(String), 2504(String), null, null, null, 773(Long), 773(String), null, 3202(String), integer(String), var1377(String), 2504(String), 2504(String), null, null, null, 1377(Long), 1377(String), null, 3203(String), integer(String), var92(String), 2504(String), 2504(String), null, null, null, 92(Long), 92(String), null, 3204(String), integer(String), var772(String), 2504(String), 2504(String), null, null, null, 772(Long), 772(String), null
10:48:05,474 [Thread-105] DEBUG org.activiti.engine.impl.persistence.entity.JobEntity.selectNextTimerJobsToExecute  - &lt;==      Total: 0
10:48:05,474 [Thread-105] DEBUG org.activiti.engine.impl.db.DbSqlSession  - flush summary: 0 insert, 0 update, 0 delete.
10:48:05,474 [Thread-105] DEBUG org.activiti.engine.impl.db.DbSqlSession  - now executing flush...
10:48:05,474 [Thread-105] DEBUG org.activiti.engine.impl.cfg.standalone.StandaloneMybatisTransactionContext  - firing event committing...
10:48:05,474 [Thread-105] DEBUG org.activiti.engine.impl.cfg.standalone.StandaloneMybatisTransactionContext  - committing the ibatis sql session...
10:48:05,474 [Thread-105] DEBUG org.activiti.engine.impl.cfg.standalone.StandaloneMybatisTransactionContext  - firing event committed...
10:48:05,474 [Thread-105] DEBUG org.apache.ibatis.transaction.jdbc.JdbcTransaction  - Resetting autocommit to true on JDBC Connection [conn63: url=jdbc:h2:mem:activiti-AsyncExecutorTest user=SA]
10:48:05,474 [Thread-105] DEBUG org.apache.ibatis.transaction.jdbc.JdbcTransaction  - Closing JDBC Connection [conn63: url=jdbc:h2:mem:activiti-AsyncExecutorTest user=SA]
10:48:05,474 [Thread-105] DEBUG org.apache.ibatis.datasource.pooled.PooledDataSource  - Returned connection 1970103261 to pool.
10:48:05,474 [Thread-105] DEBUG org.activiti.engine.impl.interceptor.LogInterceptor  - --- AcquireTimerJobsCmd finished --------------------------------------------------------
10:48:05,474 [Thread-105] DEBUG org.activiti.engine.impl.interceptor.LogInterceptor  - 

10:48:05,474 [Thread-112] DEBUG org.activiti.engine.impl.asyncexecutor.AcquireAsyncJobsDueRunnable  - async job acquisition thread sleeping for 50 millis
10:48:05,474 [Thread-105] DEBUG org.activiti.engine.impl.asyncexecutor.AcquireTimerJobsRunnable  - timer job acquisition thread sleeping for 50 millis
10:48:05,474 [main] DEBUG org.activiti.engine.impl.persistence.entity.VariableInstanceEntity.bulkInsertVariableInstance  - &lt;==    Updates: 100
10:48:05,477 [main] DEBUG org.activiti.engine.impl.persistence.entity.VariableInstanceEntity.bulkInsertVariableInstance  - ==&gt;  Preparing: INSERT INTO ACT_RU_VARIABLE (ID_, REV_, TYPE_, NAME_, PROC_INST_ID_, EXECUTION_ID_, TASK_ID_, BYTEARRAY_ID_, DOUBLE_, LONG_ , TEXT_, TEXT2_) VALUES (?, 1, ?, ?, ?, ?, ?, ?, ?, ?, ?, ?) , (?, 1, ?, ?, ?, ?, ?, ?, ?, ?, ?, ?) , (?, 1, ?, ?, ?, ?, ?, ?, ?, ?, ?, ?) , (?, 1, ?, ?, ?, ?, ?, ?, ?, ?, ?, ?) , (?, 1, ?, ?, ?, ?, ?, ?, ?, ?, ?, ?) , (?, 1, ?, ?, ?, ?, ?, ?, ?, ?, ?, ?) , (?, 1, ?, ?, ?, ?, ?, ?, ?, ?, ?, ?) , (?, 1, ?, ?, ?, ?, ?, ?, ?, ?, ?, ?) , (?, 1, ?, ?, ?, ?, ?, ?, ?, ?, ?, ?) , (?, 1, ?, ?, ?, ?, ?, ?, ?, ?, ?, ?) , (?, 1, ?, ?, ?, ?, ?, ?, ?, ?, ?, ?) , (?, 1, ?, ?, ?, ?, ?, ?, ?, ?, ?, ?) , (?, 1, ?, ?, ?, ?, ?, ?, ?, ?, ?, ?) , (?, 1, ?, ?, ?, ?, ?, ?, ?, ?, ?, ?) , (?, 1, ?, ?, ?, ?, ?, ?, ?, ?, ?, ?) , (?, 1, ?, ?, ?, ?, ?, ?, ?, ?, ?, ?) , (?, 1, ?, ?, ?, ?, ?, ?, ?, ?, ?, ?) , (?, 1, ?, ?, ?, ?, ?, ?, ?, ?, ?, ?) , (?, 1, ?, ?, ?, ?, ?, ?, ?, ?, ?, ?) , (?, 1, ?, ?, ?, ?, ?, ?, ?, ?, ?, ?) , (?, 1, ?, ?, ?, ?, ?, ?, ?, ?, ?, ?) , (?, 1, ?, ?, ?, ?, ?, ?, ?, ?, ?, ?) , (?, 1, ?, ?, ?, ?, ?, ?, ?, ?, ?, ?) , (?, 1, ?, ?, ?, ?, ?, ?, ?, ?, ?, ?) , (?, 1, ?, ?, ?, ?, ?, ?, ?, ?, ?, ?) , (?, 1, ?, ?, ?, ?, ?, ?, ?, ?, ?, ?) , (?, 1, ?, ?, ?, ?, ?, ?, ?, ?, ?, ?) , (?, 1, ?, ?, ?, ?, ?, ?, ?, ?, ?, ?) , (?, 1, ?, ?, ?, ?, ?, ?, ?, ?, ?, ?) , (?, 1, ?, ?, ?, ?, ?, ?, ?, ?, ?, ?) , (?, 1, ?, ?, ?, ?, ?, ?, ?, ?, ?, ?) , (?, 1, ?, ?, ?, ?, ?, ?, ?, ?, ?, ?) , (?, 1, ?, ?, ?, ?, ?, ?, ?, ?, ?, ?) , (?, 1, ?, ?, ?, ?, ?, ?, ?, ?, ?, ?) , (?, 1, ?, ?, ?, ?, ?, ?, ?, ?, ?, ?) , (?, 1, ?, ?, ?, ?, ?, ?, ?, ?, ?, ?) , (?, 1, ?, ?, ?, ?, ?, ?, ?, ?, ?, ?) , (?, 1, ?, ?, ?, ?, ?, ?, ?, ?, ?, ?) , (?, 1, ?, ?, ?, ?, ?, ?, ?, ?, ?, ?) , (?, 1, ?, ?, ?, ?, ?, ?, ?, ?, ?, ?) , (?, 1, ?, ?, ?, ?, ?, ?, ?, ?, ?, ?) , (?, 1, ?, ?, ?, ?, ?, ?, ?, ?, ?, ?) , (?, 1, ?, ?, ?, ?, ?, ?, ?, ?, ?, ?) , (?, 1, ?, ?, ?, ?, ?, ?, ?, ?, ?, ?) , (?, 1, ?, ?, ?, ?, ?, ?, ?, ?, ?, ?) , (?, 1, ?, ?, ?, ?, ?, ?, ?, ?, ?, ?) , (?, 1, ?, ?, ?, ?, ?, ?, ?, ?, ?, ?) , (?, 1, ?, ?, ?, ?, ?, ?, ?, ?, ?, ?) , (?, 1, ?, ?, ?, ?, ?, ?, ?, ?, ?, ?) , (?, 1, ?, ?, ?, ?, ?, ?, ?, ?, ?, ?) , (?, 1, ?, ?, ?, ?, ?, ?, ?, ?, ?, ?) , (?, 1, ?, ?, ?, ?, ?, ?, ?, ?, ?, ?) , (?, 1, ?, ?, ?, ?, ?, ?, ?, ?, ?, ?) , (?, 1, ?, ?, ?, ?, ?, ?, ?, ?, ?, ?) , (?, 1, ?, ?, ?, ?, ?, ?, ?, ?, ?, ?) , (?, 1, ?, ?, ?, ?, ?, ?, ?, ?, ?, ?) , (?, 1, ?, ?, ?, ?, ?, ?, ?, ?, ?, ?) , (?, 1, ?, ?, ?, ?, ?, ?, ?, ?, ?, ?) , (?, 1, ?, ?, ?, ?, ?, ?, ?, ?, ?, ?) , (?, 1, ?, ?, ?, ?, ?, ?, ?, ?, ?, ?) , (?, 1, ?, ?, ?, ?, ?, ?, ?, ?, ?, ?) , (?, 1, ?, ?, ?, ?, ?, ?, ?, ?, ?, ?) , (?, 1, ?, ?, ?, ?, ?, ?, ?, ?, ?, ?) , (?, 1, ?, ?, ?, ?, ?, ?, ?, ?, ?, ?) , (?, 1, ?, ?, ?, ?, ?, ?, ?, ?, ?, ?) , (?, 1, ?, ?, ?, ?, ?, ?, ?, ?, ?, ?) , (?, 1, ?, ?, ?, ?, ?, ?, ?, ?, ?, ?) , (?, 1, ?, ?, ?, ?, ?, ?, ?, ?, ?, ?) , (?, 1, ?, ?, ?, ?, ?, ?, ?, ?, ?, ?) , (?, 1, ?, ?, ?, ?, ?, ?, ?, ?, ?, ?) , (?, 1, ?, ?, ?, ?, ?, ?, ?, ?, ?, ?) , (?, 1, ?, ?, ?, ?, ?, ?, ?, ?, ?, ?) , (?, 1, ?, ?, ?, ?, ?, ?, ?, ?, ?, ?) , (?, 1, ?, ?, ?, ?, ?, ?, ?, ?, ?, ?) , (?, 1, ?, ?, ?, ?, ?, ?, ?, ?, ?, ?) , (?, 1, ?, ?, ?, ?, ?, ?, ?, ?, ?, ?) , (?, 1, ?, ?, ?, ?, ?, ?, ?, ?, ?, ?) , (?, 1, ?, ?, ?, ?, ?, ?, ?, ?, ?, ?) , (?, 1, ?, ?, ?, ?, ?, ?, ?, ?, ?, ?) , (?, 1, ?, ?, ?, ?, ?, ?, ?, ?, ?, ?) , (?, 1, ?, ?, ?, ?, ?, ?, ?, ?, ?, ?) , (?, 1, ?, ?, ?, ?, ?, ?, ?, ?, ?, ?) , (?, 1, ?, ?, ?, ?, ?, ?, ?, ?, ?, ?) , (?, 1, ?, ?, ?, ?, ?, ?, ?, ?, ?, ?) , (?, 1, ?, ?, ?, ?, ?, ?, ?, ?, ?, ?) , (?, 1, ?, ?, ?, ?, ?, ?, ?, ?, ?, ?) , (?, 1, ?, ?, ?, ?, ?, ?, ?, ?, ?, ?) , (?, 1, ?, ?, ?, ?, ?, ?, ?, ?, ?, ?) , (?, 1, ?, ?, ?, ?, ?, ?, ?, ?, ?, ?) , (?, 1, ?, ?, ?, ?, ?, ?, ?, ?, ?, ?) , (?, 1, ?, ?, ?, ?, ?, ?, ?, ?, ?, ?) , (?, 1, ?, ?, ?, ?, ?, ?, ?, ?, ?, ?) , (?, 1, ?, ?, ?, ?, ?, ?, ?, ?, ?, ?) , (?, 1, ?, ?, ?, ?, ?, ?, ?, ?, ?, ?) , (?, 1, ?, ?, ?, ?, ?, ?, ?, ?, ?, ?) , (?, 1, ?, ?, ?, ?, ?, ?, ?, ?, ?, ?) , (?, 1, ?, ?, ?, ?, ?, ?, ?, ?, ?, ?) , (?, 1, ?, ?, ?, ?, ?, ?, ?, ?, ?, ?) , (?, 1, ?, ?, ?, ?, ?, ?, ?, ?, ?, ?) , (?, 1, ?, ?, ?, ?, ?, ?, ?, ?, ?, ?) 
10:48:05,479 [main] DEBUG org.activiti.engine.impl.persistence.entity.VariableInstanceEntity.bulkInsertVariableInstance  - ==&gt; Parameters: 3205(String), integer(String), var93(String), 2504(String), 2504(String), null, null, null, 93(Long), 93(String), null, 3206(String), integer(String), var771(String), 2504(String), 2504(String), null, null, null, 771(Long), 771(String), null, 3207(String), integer(String), var94(String), 2504(String), 2504(String), null, null, null, 94(Long), 94(String), null, 3208(String), integer(String), var770(String), 2504(String), 2504(String), null, null, null, 770(Long), 770(String), null, 3209(String), integer(String), var95(String), 2504(String), 2504(String), null, null, null, 95(Long), 95(String), null, 3210(String), integer(String), var779(String), 2504(String), 2504(String), null, null, null, 779(Long), 779(String), null, 3211(String), integer(String), var778(String), 2504(String), 2504(String), null, null, null, 778(Long), 778(String), null, 3212(String), integer(String), var777(String), 2504(String), 2504(String), null, null, null, 777(Long), 777(String), null, 3213(String), integer(String), var1381(String), 2504(String), 2504(String), null, null, null, 1381(Long), 1381(String), null, 3214(String), integer(String), var1382(String), 2504(String), 2504(String), null, null, null, 1382(Long), 1382(String), null, 3215(String), integer(String), var1380(String), 2504(String), 2504(String), null, null, null, 1380(Long), 1380(String), null, 3216(String), integer(String), var1385(String), 2504(String), 2504(String), null, null, null, 1385(Long), 1385(String), null, 3217(String), integer(String), var1386(String), 2504(String), 2504(String), null, null, null, 1386(Long), 1386(String), null, 3218(String), integer(String), var1383(String), 2504(String), 2504(String), null, null, null, 1383(Long), 1383(String), null, 3219(String), integer(String), var1384(String), 2504(String), 2504(String), null, null, null, 1384(Long), 1384(String), null, 3220(String), integer(String), var765(String), 2504(String), 2504(String), null, null, null, 765(Long), 765(String), null, 3221(String), integer(String), var1389(String), 2504(String), 2504(String), null, null, null, 1389(Long), 1389(String), null, 3222(String), integer(String), var764(String), 2504(String), 2504(String), null, null, null, 764(Long), 764(String), null, 3223(String), integer(String), var763(String), 2504(String), 2504(String), null, null, null, 763(Long), 763(String), null, 3224(String), integer(String), var1387(String), 2504(String), 2504(String), null, null, null, 1387(Long), 1387(String), null, 3225(String), integer(String), var762(String), 2504(String), 2504(String), null, null, null, 762(Long), 762(String), null, 3226(String), integer(String), var1388(String), 2504(String), 2504(String), null, null, null, 1388(Long), 1388(String), null, 3227(String), integer(String), var761(String), 2504(String), 2504(String), null, null, null, 761(Long), 761(String), null, 3228(String), integer(String), var760(String), 2504(String), 2504(String), null, null, null, 760(Long), 760(String), null, 3229(String), integer(String), var769(String), 2504(String), 2504(String), null, null, null, 769(Long), 769(String), null, 3230(String), integer(String), var768(String), 2504(String), 2504(String), null, null, null, 768(Long), 768(String), null, 3231(String), integer(String), var767(String), 2504(String), 2504(String), null, null, null, 767(Long), 767(String), null, 3232(String), integer(String), var766(String), 2504(String), 2504(String), null, null, null, 766(Long), 766(String), null, 3233(String), integer(String), var1392(String), 2504(String), 2504(String), null, null, null, 1392(Long), 1392(String), null, 3234(String), integer(String), var1393(String), 2504(String), 2504(String), null, null, null, 1393(Long), 1393(String), null, 3235(String), integer(String), var1390(String), 2504(String), 2504(String), null, null, null, 1390(Long), 1390(String), null, 3236(String), integer(String), var1391(String), 2504(String), 2504(String), null, null, null, 1391(Long), 1391(String), null, 3237(String), integer(String), var1396(String), 2504(String), 2504(String), null, null, null, 1396(Long), 1396(String), null, 3238(String), integer(String), var1397(String), 2504(String), 2504(String), null, null, null, 1397(Long), 1397(String), null, 3239(String), integer(String), var1394(String), 2504(String), 2504(String), null, null, null, 1394(Long), 1394(String), null, 3240(String), integer(String), var1395(String), 2504(String), 2504(String), null, null, null, 1395(Long), 1395(String), null, 3241(String), integer(String), var754(String), 2504(String), 2504(String), null, null, null, 754(Long), 754(String), null, 3242(String), integer(String), var753(String), 2504(String), 2504(String), null, null, null, 753(Long), 753(String), null, 3243(String), integer(String), var752(String), 2504(String), 2504(String), null, null, null, 752(Long), 752(String), null, 3244(String), integer(String), var1398(String), 2504(String), 2504(String), null, null, null, 1398(Long), 1398(String), null, 3245(String), integer(String), var751(String), 2504(String), 2504(String), null, null, null, 751(Long), 751(String), null, 3246(String), integer(String), var1399(String), 2504(String), 2504(String), null, null, null, 1399(Long), 1399(String), null, 3247(String), integer(String), var750(String), 2504(String), 2504(String), null, null, null, 750(Long), 750(String), null, 3248(String), integer(String), var759(String), 2504(String), 2504(String), null, null, null, 759(Long), 759(String), null, 3249(String), integer(String), var758(String), 2504(String), 2504(String), null, null, null, 758(Long), 758(String), null, 3250(String), integer(String), var757(String), 2504(String), 2504(String), null, null, null, 757(Long), 757(String), null, 3251(String), integer(String), var756(String), 2504(String), 2504(String), null, null, null, 756(Long), 756(String), null, 3252(String), integer(String), var755(String), 2504(String), 2504(String), null, null, null, 755(Long), 755(String), null, 3253(String), integer(String), var67(String), 2504(String), 2504(String), null, null, null, 67(Long), 67(String), null, 3254(String), integer(String), var3102(String), 2504(String), 2504(String), null, null, null, 3102(Long), 3102(String), null, 3255(String), integer(String), var68(String), 2504(String), 2504(String), null, null, null, 68(Long), 68(String), null, 3256(String), integer(String), var3101(String), 2504(String), 2504(String), null, null, null, 3101(Long), 3101(String), null, 3257(String), integer(String), var69(String), 2504(String), 2504(String), null, null, null, 69(Long), 69(String), null, 3258(String), integer(String), var3100(String), 2504(String), 2504(String), null, null, null, 3100(Long), 3100(String), null, 3259(String), integer(String), var63(String), 2504(String), 2504(String), null, null, null, 63(Long), 63(String), null, 3260(String), integer(String), var743(String), 2504(String), 2504(String), null, null, null, 743(Long), 743(String), null, 3261(String), integer(String), var3106(String), 2504(String), 2504(String), null, null, null, 3106(Long), 3106(String), null, 3262(String), integer(String), var64(String), 2504(String), 2504(String), null, null, null, 64(Long), 64(String), null, 3263(String), integer(String), var742(String), 2504(String), 2504(String), null, null, null, 742(Long), 742(String), null, 3264(String), integer(String), var3105(String), 2504(String), 2504(String), null, null, null, 3105(Long), 3105(String), null, 3265(String), integer(String), var65(String), 2504(String), 2504(String), null, null, null, 65(Long), 65(String), null, 3266(String), integer(String), var741(String), 2504(String), 2504(String), null, null, null, 741(Long), 741(String), null, 3267(String), integer(String), var3104(String), 2504(String), 2504(String), null, null, null, 3104(Long), 3104(String), null, 3268(String), integer(String), var66(String), 2504(String), 2504(String), null, null, null, 66(Long), 66(String), null, 3269(String), integer(String), var740(String), 2504(String), 2504(String), null, null, null, 740(Long), 740(String), null, 3270(String), integer(String), var3103(String), 2504(String), 2504(String), null, null, null, 3103(Long), 3103(String), null, 3271(String), integer(String), var60(String), 2504(String), 2504(String), null, null, null, 60(Long), 60(String), null, 3272(String), integer(String), var3109(String), 2504(String), 2504(String), null, null, null, 3109(Long), 3109(String), null, 3273(String), integer(String), var61(String), 2504(String), 2504(String), null, null, null, 61(Long), 61(String), null, 3274(String), integer(String), var3108(String), 2504(String), 2504(String), null, null, null, 3108(Long), 3108(String), null, 3275(String), integer(String), var62(String), 2504(String), 2504(String), null, null, null, 62(Long), 62(String), null, 3276(String), integer(String), var3107(String), 2504(String), 2504(String), null, null, null, 3107(Long), 3107(String), null, 3277(String), integer(String), var749(String), 2504(String), 2504(String), null, null, null, 749(Long), 749(String), null, 3278(String), integer(String), var748(String), 2504(String), 2504(String), null, null, null, 748(Long), 748(String), null, 3279(String), integer(String), var747(String), 2504(String), 2504(String), null, null, null, 747(Long), 747(String), null, 3280(String), integer(String), var746(String), 2504(String), 2504(String), null, null, null, 746(Long), 746(String), null, 3281(String), integer(String), var745(String), 2504(String), 2504(String), null, null, null, 745(Long), 745(String), null, 3282(String), integer(String), var744(String), 2504(String), 2504(String), null, null, null, 744(Long), 744(String), null, 3283(String), integer(String), var56(String), 2504(String), 2504(String), null, null, null, 56(Long), 56(String), null, 3284(String), integer(String), var3113(String), 2504(String), 2504(String), null, null, null, 3113(Long), 3113(String), null, 3285(String), integer(String), var57(String), 2504(String), 2504(String), null, null, null, 57(Long), 57(String), null, 3286(String), integer(String), var3112(String), 2504(String), 2504(String), null, null, null, 3112(Long), 3112(String), null, 3287(String), integer(String), var58(String), 2504(String), 2504(String), null, null, null, 58(Long), 58(String), null, 3288(String), integer(String), var3111(String), 2504(String), 2504(String), null, null, null, 3111(Long), 3111(String), null, 3289(String), integer(String), var59(String), 2504(String), 2504(String), null, null, null, 59(Long), 59(String), null, 3290(String), integer(String), var3110(String), 2504(String), 2504(String), null, null, null, 3110(Long), 3110(String), null, 3291(String), integer(String), var52(String), 2504(String), 2504(String), null, null, null, 52(Long), 52(String), null, 3292(String), integer(String), var732(String), 2504(String), 2504(String), null, null, null, 732(Long), 732(String), null, 3293(String), integer(String), var3117(String), 2504(String), 2504(String), null, null, null, 3117(Long), 3117(String), null, 3294(String), integer(String), var53(String), 2504(String), 2504(String), null, null, null, 53(Long), 53(String), null, 3295(String), integer(String), var731(String), 2504(String), 2504(String), null, null, null, 731(Long), 731(String), null, 3296(String), integer(String), var3116(String), 2504(String), 2504(String), null, null, null, 3116(Long), 3116(String), null, 3297(String), integer(String), var54(String), 2504(String), 2504(String), null, null, null, 54(Long), 54(String), null, 3298(String), integer(String), var730(String), 2504(String), 2504(String), null, null, null, 730(Long), 730(String), null, 3299(String), integer(String), var3115(String), 2504(String), 2504(String), null, null, null, 3115(Long), 3115(String), null, 3300(String), integer(String), var55(String), 2504(String), 2504(String), null, null, null, 55(Long), 55(String), null, 3301(String), integer(String), var3114(String), 2504(String), 2504(String), null, null, null, 3114(Long), 3114(String), null, 3302(String), integer(String), var50(String), 2504(String), 2504(String), null, null, null, 50(Long), 50(String), null, 3303(String), integer(String), var3119(String), 2504(String), 2504(String), null, null, null, 3119(Long), 3119(String), null, 3304(String), integer(String), var51(String), 2504(String), 2504(String), null, null, null, 51(Long), 51(String), null
10:48:05,479 [main] DEBUG org.activiti.engine.impl.persistence.entity.VariableInstanceEntity.bulkInsertVariableInstance  - &lt;==    Updates: 100
10:48:05,484 [main] DEBUG org.activiti.engine.impl.persistence.entity.VariableInstanceEntity.bulkInsertVariableInstance  - ==&gt;  Preparing: INSERT INTO ACT_RU_VARIABLE (ID_, REV_, TYPE_, NAME_, PROC_INST_ID_, EXECUTION_ID_, TASK_ID_, BYTEARRAY_ID_, DOUBLE_, LONG_ , TEXT_, TEXT2_) VALUES (?, 1, ?, ?, ?, ?, ?, ?, ?, ?, ?, ?) , (?, 1, ?, ?, ?, ?, ?, ?, ?, ?, ?, ?) , (?, 1, ?, ?, ?, ?, ?, ?, ?, ?, ?, ?) , (?, 1, ?, ?, ?, ?, ?, ?, ?, ?, ?, ?) , (?, 1, ?, ?, ?, ?, ?, ?, ?, ?, ?, ?) , (?, 1, ?, ?, ?, ?, ?, ?, ?, ?, ?, ?) , (?, 1, ?, ?, ?, ?, ?, ?, ?, ?, ?, ?) , (?, 1, ?, ?, ?, ?, ?, ?, ?, ?, ?, ?) , (?, 1, ?, ?, ?, ?, ?, ?, ?, ?, ?, ?) , (?, 1, ?, ?, ?, ?, ?, ?, ?, ?, ?, ?) , (?, 1, ?, ?, ?, ?, ?, ?, ?, ?, ?, ?) , (?, 1, ?, ?, ?, ?, ?, ?, ?, ?, ?, ?) , (?, 1, ?, ?, ?, ?, ?, ?, ?, ?, ?, ?) , (?, 1, ?, ?, ?, ?, ?, ?, ?, ?, ?, ?) , (?, 1, ?, ?, ?, ?, ?, ?, ?, ?, ?, ?) , (?, 1, ?, ?, ?, ?, ?, ?, ?, ?, ?, ?) , (?, 1, ?, ?, ?, ?, ?, ?, ?, ?, ?, ?) , (?, 1, ?, ?, ?, ?, ?, ?, ?, ?, ?, ?) , (?, 1, ?, ?, ?, ?, ?, ?, ?, ?, ?, ?) , (?, 1, ?, ?, ?, ?, ?, ?, ?, ?, ?, ?) , (?, 1, ?, ?, ?, ?, ?, ?, ?, ?, ?, ?) , (?, 1, ?, ?, ?, ?, ?, ?, ?, ?, ?, ?) , (?, 1, ?, ?, ?, ?, ?, ?, ?, ?, ?, ?) , (?, 1, ?, ?, ?, ?, ?, ?, ?, ?, ?, ?) , (?, 1, ?, ?, ?, ?, ?, ?, ?, ?, ?, ?) , (?, 1, ?, ?, ?, ?, ?, ?, ?, ?, ?, ?) , (?, 1, ?, ?, ?, ?, ?, ?, ?, ?, ?, ?) , (?, 1, ?, ?, ?, ?, ?, ?, ?, ?, ?, ?) , (?, 1, ?, ?, ?, ?, ?, ?, ?, ?, ?, ?) , (?, 1, ?, ?, ?, ?, ?, ?, ?, ?, ?, ?) , (?, 1, ?, ?, ?, ?, ?, ?, ?, ?, ?, ?) , (?, 1, ?, ?, ?, ?, ?, ?, ?, ?, ?, ?) , (?, 1, ?, ?, ?, ?, ?, ?, ?, ?, ?, ?) , (?, 1, ?, ?, ?, ?, ?, ?, ?, ?, ?, ?) , (?, 1, ?, ?, ?, ?, ?, ?, ?, ?, ?, ?) , (?, 1, ?, ?, ?, ?, ?, ?, ?, ?, ?, ?) , (?, 1, ?, ?, ?, ?, ?, ?, ?, ?, ?, ?) , (?, 1, ?, ?, ?, ?, ?, ?, ?, ?, ?, ?) , (?, 1, ?, ?, ?, ?, ?, ?, ?, ?, ?, ?) , (?, 1, ?, ?, ?, ?, ?, ?, ?, ?, ?, ?) , (?, 1, ?, ?, ?, ?, ?, ?, ?, ?, ?, ?) , (?, 1, ?, ?, ?, ?, ?, ?, ?, ?, ?, ?) , (?, 1, ?, ?, ?, ?, ?, ?, ?, ?, ?, ?) , (?, 1, ?, ?, ?, ?, ?, ?, ?, ?, ?, ?) , (?, 1, ?, ?, ?, ?, ?, ?, ?, ?, ?, ?) , (?, 1, ?, ?, ?, ?, ?, ?, ?, ?, ?, ?) , (?, 1, ?, ?, ?, ?, ?, ?, ?, ?, ?, ?) , (?, 1, ?, ?, ?, ?, ?, ?, ?, ?, ?, ?) , (?, 1, ?, ?, ?, ?, ?, ?, ?, ?, ?, ?) , (?, 1, ?, ?, ?, ?, ?, ?, ?, ?, ?, ?) , (?, 1, ?, ?, ?, ?, ?, ?, ?, ?, ?, ?) , (?, 1, ?, ?, ?, ?, ?, ?, ?, ?, ?, ?) , (?, 1, ?, ?, ?, ?, ?, ?, ?, ?, ?, ?) , (?, 1, ?, ?, ?, ?, ?, ?, ?, ?, ?, ?) , (?, 1, ?, ?, ?, ?, ?, ?, ?, ?, ?, ?) , (?, 1, ?, ?, ?, ?, ?, ?, ?, ?, ?, ?) , (?, 1, ?, ?, ?, ?, ?, ?, ?, ?, ?, ?) , (?, 1, ?, ?, ?, ?, ?, ?, ?, ?, ?, ?) , (?, 1, ?, ?, ?, ?, ?, ?, ?, ?, ?, ?) , (?, 1, ?, ?, ?, ?, ?, ?, ?, ?, ?, ?) , (?, 1, ?, ?, ?, ?, ?, ?, ?, ?, ?, ?) , (?, 1, ?, ?, ?, ?, ?, ?, ?, ?, ?, ?) , (?, 1, ?, ?, ?, ?, ?, ?, ?, ?, ?, ?) , (?, 1, ?, ?, ?, ?, ?, ?, ?, ?, ?, ?) , (?, 1, ?, ?, ?, ?, ?, ?, ?, ?, ?, ?) , (?, 1, ?, ?, ?, ?, ?, ?, ?, ?, ?, ?) , (?, 1, ?, ?, ?, ?, ?, ?, ?, ?, ?, ?) , (?, 1, ?, ?, ?, ?, ?, ?, ?, ?, ?, ?) , (?, 1, ?, ?, ?, ?, ?, ?, ?, ?, ?, ?) , (?, 1, ?, ?, ?, ?, ?, ?, ?, ?, ?, ?) , (?, 1, ?, ?, ?, ?, ?, ?, ?, ?, ?, ?) , (?, 1, ?, ?, ?, ?, ?, ?, ?, ?, ?, ?) , (?, 1, ?, ?, ?, ?, ?, ?, ?, ?, ?, ?) , (?, 1, ?, ?, ?, ?, ?, ?, ?, ?, ?, ?) , (?, 1, ?, ?, ?, ?, ?, ?, ?, ?, ?, ?) , (?, 1, ?, ?, ?, ?, ?, ?, ?, ?, ?, ?) , (?, 1, ?, ?, ?, ?, ?, ?, ?, ?, ?, ?) , (?, 1, ?, ?, ?, ?, ?, ?, ?, ?, ?, ?) , (?, 1, ?, ?, ?, ?, ?, ?, ?, ?, ?, ?) , (?, 1, ?, ?, ?, ?, ?, ?, ?, ?, ?, ?) , (?, 1, ?, ?, ?, ?, ?, ?, ?, ?, ?, ?) , (?, 1, ?, ?, ?, ?, ?, ?, ?, ?, ?, ?) , (?, 1, ?, ?, ?, ?, ?, ?, ?, ?, ?, ?) , (?, 1, ?, ?, ?, ?, ?, ?, ?, ?, ?, ?) , (?, 1, ?, ?, ?, ?, ?, ?, ?, ?, ?, ?) , (?, 1, ?, ?, ?, ?, ?, ?, ?, ?, ?, ?) , (?, 1, ?, ?, ?, ?, ?, ?, ?, ?, ?, ?) , (?, 1, ?, ?, ?, ?, ?, ?, ?, ?, ?, ?) , (?, 1, ?, ?, ?, ?, ?, ?, ?, ?, ?, ?) , (?, 1, ?, ?, ?, ?, ?, ?, ?, ?, ?, ?) , (?, 1, ?, ?, ?, ?, ?, ?, ?, ?, ?, ?) , (?, 1, ?, ?, ?, ?, ?, ?, ?, ?, ?, ?) , (?, 1, ?, ?, ?, ?, ?, ?, ?, ?, ?, ?) , (?, 1, ?, ?, ?, ?, ?, ?, ?, ?, ?, ?) , (?, 1, ?, ?, ?, ?, ?, ?, ?, ?, ?, ?) , (?, 1, ?, ?, ?, ?, ?, ?, ?, ?, ?, ?) , (?, 1, ?, ?, ?, ?, ?, ?, ?, ?, ?, ?) , (?, 1, ?, ?, ?, ?, ?, ?, ?, ?, ?, ?) , (?, 1, ?, ?, ?, ?, ?, ?, ?, ?, ?, ?) , (?, 1, ?, ?, ?, ?, ?, ?, ?, ?, ?, ?) 
10:48:05,485 [main] DEBUG org.activiti.engine.impl.persistence.entity.VariableInstanceEntity.bulkInsertVariableInstance  - ==&gt; Parameters: 3305(String), integer(String), var3118(String), 2504(String), 2504(String), null, null, null, 3118(Long), 3118(String), null, 3306(String), integer(String), var739(String), 2504(String), 2504(String), null, null, null, 739(Long), 739(String), null, 3307(String), integer(String), var738(String), 2504(String), 2504(String), null, null, null, 738(Long), 738(String), null, 3308(String), integer(String), var737(String), 2504(String), 2504(String), null, null, null, 737(Long), 737(String), null, 3309(String), integer(String), var736(String), 2504(String), 2504(String), null, null, null, 736(Long), 736(String), null, 3310(String), integer(String), var735(String), 2504(String), 2504(String), null, null, null, 735(Long), 735(String), null, 3311(String), integer(String), var734(String), 2504(String), 2504(String), null, null, null, 734(Long), 734(String), null, 3312(String), integer(String), var733(String), 2504(String), 2504(String), null, null, null, 733(Long), 733(String), null, 3313(String), integer(String), var3120(String), 2504(String), 2504(String), null, null, null, 3120(Long), 3120(String), null, 3314(String), integer(String), var89(String), 2504(String), 2504(String), null, null, null, 89(Long), 89(String), null, 3315(String), integer(String), var3124(String), 2504(String), 2504(String), null, null, null, 3124(Long), 3124(String), null, 3316(String), integer(String), var3123(String), 2504(String), 2504(String), null, null, null, 3123(Long), 3123(String), null, 3317(String), integer(String), var3122(String), 2504(String), 2504(String), null, null, null, 3122(Long), 3122(String), null, 3318(String), integer(String), var3121(String), 2504(String), 2504(String), null, null, null, 3121(Long), 3121(String), null, 3319(String), integer(String), var85(String), 2504(String), 2504(String), null, null, null, 85(Long), 85(String), null, 3320(String), integer(String), var721(String), 2504(String), 2504(String), null, null, null, 721(Long), 721(String), null, 3321(String), integer(String), var3128(String), 2504(String), 2504(String), null, null, null, 3128(Long), 3128(String), null, 3322(String), integer(String), var86(String), 2504(String), 2504(String), null, null, null, 86(Long), 86(String), null, 3323(String), integer(String), var720(String), 2504(String), 2504(String), null, null, null, 720(Long), 720(String), null, 3324(String), integer(String), var3127(String), 2504(String), 2504(String), null, null, null, 3127(Long), 3127(String), null, 3325(String), integer(String), var87(String), 2504(String), 2504(String), null, null, null, 87(Long), 87(String), null, 3326(String), integer(String), var3126(String), 2504(String), 2504(String), null, null, null, 3126(Long), 3126(String), null, 3327(String), integer(String), var88(String), 2504(String), 2504(String), null, null, null, 88(Long), 88(String), null, 3328(String), integer(String), var3125(String), 2504(String), 2504(String), null, null, null, 3125(Long), 3125(String), null, 3329(String), integer(String), var81(String), 2504(String), 2504(String), null, null, null, 81(Long), 81(String), null, 3330(String), integer(String), var82(String), 2504(String), 2504(String), null, null, null, 82(Long), 82(String), null, 3331(String), integer(String), var83(String), 2504(String), 2504(String), null, null, null, 83(Long), 83(String), null, 3332(String), integer(String), var84(String), 2504(String), 2504(String), null, null, null, 84(Long), 84(String), null, 3333(String), integer(String), var3129(String), 2504(String), 2504(String), null, null, null, 3129(Long), 3129(String), null, 3334(String), integer(String), var729(String), 2504(String), 2504(String), null, null, null, 729(Long), 729(String), null, 3335(String), integer(String), var728(String), 2504(String), 2504(String), null, null, null, 728(Long), 728(String), null, 3336(String), integer(String), var90(String), 2504(String), 2504(String), null, null, null, 90(Long), 90(String), null, 3337(String), integer(String), var727(String), 2504(String), 2504(String), null, null, null, 727(Long), 727(String), null, 3338(String), integer(String), var91(String), 2504(String), 2504(String), null, null, null, 91(Long), 91(String), null, 3339(String), integer(String), var726(String), 2504(String), 2504(String), null, null, null, 726(Long), 726(String), null, 3340(String), integer(String), var725(String), 2504(String), 2504(String), null, null, null, 725(Long), 725(String), null, 3341(String), integer(String), var724(String), 2504(String), 2504(String), null, null, null, 724(Long), 724(String), null, 3342(String), integer(String), var723(String), 2504(String), 2504(String), null, null, null, 723(Long), 723(String), null, 3343(String), integer(String), var722(String), 2504(String), 2504(String), null, null, null, 722(Long), 722(String), null, 3344(String), integer(String), var3131(String), 2504(String), 2504(String), null, null, null, 3131(Long), 3131(String), null, 3345(String), integer(String), var3130(String), 2504(String), 2504(String), null, null, null, 3130(Long), 3130(String), null, 3346(String), integer(String), var78(String), 2504(String), 2504(String), null, null, null, 78(Long), 78(String), null, 3347(String), integer(String), var3135(String), 2504(String), 2504(String), null, null, null, 3135(Long), 3135(String), null, 3348(String), integer(String), var79(String), 2504(String), 2504(String), null, null, null, 79(Long), 79(String), null, 3349(String), integer(String), var3134(String), 2504(String), 2504(String), null, null, null, 3134(Long), 3134(String), null, 3350(String), integer(String), var3133(String), 2504(String), 2504(String), null, null, null, 3133(Long), 3133(String), null, 3351(String), integer(String), var3132(String), 2504(String), 2504(String), null, null, null, 3132(Long), 3132(String), null, 3352(String), integer(String), var74(String), 2504(String), 2504(String), null, null, null, 74(Long), 74(String), null, 3353(String), integer(String), var710(String), 2504(String), 2504(String), null, null, null, 710(Long), 710(String), null, 3354(String), integer(String), var3139(String), 2504(String), 2504(String), null, null, null, 3139(Long), 3139(String), null, 3355(String), integer(String), var75(String), 2504(String), 2504(String), null, null, null, 75(Long), 75(String), null, 3356(String), integer(String), var3138(String), 2504(String), 2504(String), null, null, null, 3138(Long), 3138(String), null, 3357(String), integer(String), var76(String), 2504(String), 2504(String), null, null, null, 76(Long), 76(String), null, 3358(String), integer(String), var3137(String), 2504(String), 2504(String), null, null, null, 3137(Long), 3137(String), null, 3359(String), integer(String), var77(String), 2504(String), 2504(String), null, null, null, 77(Long), 77(String), null, 3360(String), integer(String), var3136(String), 2504(String), 2504(String), null, null, null, 3136(Long), 3136(String), null, 3361(String), integer(String), var70(String), 2504(String), 2504(String), null, null, null, 70(Long), 70(String), null, 3362(String), integer(String), var71(String), 2504(String), 2504(String), null, null, null, 71(Long), 71(String), null, 3363(String), integer(String), var72(String), 2504(String), 2504(String), null, null, null, 72(Long), 72(String), null, 3364(String), integer(String), var73(String), 2504(String), 2504(String), null, null, null, 73(Long), 73(String), null, 3365(String), integer(String), var718(String), 2504(String), 2504(String), null, null, null, 718(Long), 718(String), null, 3366(String), integer(String), var717(String), 2504(String), 2504(String), null, null, null, 717(Long), 717(String), null, 3367(String), integer(String), var716(String), 2504(String), 2504(String), null, null, null, 716(Long), 716(String), null, 3368(String), integer(String), var80(String), 2504(String), 2504(String), null, null, null, 80(Long), 80(String), null, 3369(String), integer(String), var715(String), 2504(String), 2504(String), null, null, null, 715(Long), 715(String), null, 3370(String), integer(String), var714(String), 2504(String), 2504(String), null, null, null, 714(Long), 714(String), null, 3371(String), integer(String), var713(String), 2504(String), 2504(String), null, null, null, 713(Long), 713(String), null, 3372(String), integer(String), var712(String), 2504(String), 2504(String), null, null, null, 712(Long), 712(String), null, 3373(String), integer(String), var711(String), 2504(String), 2504(String), null, null, null, 711(Long), 711(String), null, 3374(String), integer(String), var719(String), 2504(String), 2504(String), null, null, null, 719(Long), 719(String), null, 3375(String), integer(String), var3142(String), 2504(String), 2504(String), null, null, null, 3142(Long), 3142(String), null, 3376(String), integer(String), var3141(String), 2504(String), 2504(String), null, null, null, 3141(Long), 3141(String), null, 3377(String), integer(String), var3140(String), 2504(String), 2504(String), null, null, null, 3140(Long), 3140(String), null, 3378(String), integer(String), var3146(String), 2504(String), 2504(String), null, null, null, 3146(Long), 3146(String), null, 3379(String), integer(String), var3145(String), 2504(String), 2504(String), null, null, null, 3145(Long), 3145(String), null, 3380(String), integer(String), var3144(String), 2504(String), 2504(String), null, null, null, 3144(Long), 3144(String), null, 3381(String), integer(String), var3143(String), 2504(String), 2504(String), null, null, null, 3143(Long), 3143(String), null, 3382(String), integer(String), var3149(String), 2504(String), 2504(String), null, null, null, 3149(Long), 3149(String), null, 3383(String), integer(String), var3148(String), 2504(String), 2504(String), null, null, null, 3148(Long), 3148(String), null, 3384(String), integer(String), var3147(String), 2504(String), 2504(String), null, null, null, 3147(Long), 3147(String), null, 3385(String), integer(String), var3153(String), 2504(String), 2504(String), null, null, null, 3153(Long), 3153(String), null, 3386(String), integer(String), var3152(String), 2504(String), 2504(String), null, null, null, 3152(Long), 3152(String), null, 3387(String), integer(String), var3151(String), 2504(String), 2504(String), null, null, null, 3151(Long), 3151(String), null, 3388(String), integer(String), var3150(String), 2504(String), 2504(String), null, null, null, 3150(Long), 3150(String), null, 3389(String), integer(String), var3157(String), 2504(String), 2504(String), null, null, null, 3157(Long), 3157(String), null, 3390(String), integer(String), var3156(String), 2504(String), 2504(String), null, null, null, 3156(Long), 3156(String), null, 3391(String), integer(String), var3155(String), 2504(String), 2504(String), null, null, null, 3155(Long), 3155(String), null, 3392(String), integer(String), var3154(String), 2504(String), 2504(String), null, null, null, 3154(Long), 3154(String), null, 3393(String), integer(String), var3159(String), 2504(String), 2504(String), null, null, null, 3159(Long), 3159(String), null, 3394(String), integer(String), var3158(String), 2504(String), 2504(String), null, null, null, 3158(Long), 3158(String), null, 3395(String), integer(String), var3160(String), 2504(String), 2504(String), null, null, null, 3160(Long), 3160(String), null, 3396(String), integer(String), var3164(String), 2504(String), 2504(String), null, null, null, 3164(Long), 3164(String), null, 3397(String), integer(String), var3163(String), 2504(String), 2504(String), null, null, null, 3163(Long), 3163(String), null, 3398(String), integer(String), var3162(String), 2504(String), 2504(String), null, null, null, 3162(Long), 3162(String), null, 3399(String), integer(String), var3161(String), 2504(String), 2504(String), null, null, null, 3161(Long), 3161(String), null, 3400(String), integer(String), var3168(String), 2504(String), 2504(String), null, null, null, 3168(Long), 3168(String), null, 3401(String), integer(String), var3167(String), 2504(String), 2504(String), null, null, null, 3167(Long), 3167(String), null, 3402(String), integer(String), var3166(String), 2504(String), 2504(String), null, null, null, 3166(Long), 3166(String), null, 3403(String), integer(String), var3165(String), 2504(String), 2504(String), null, null, null, 3165(Long), 3165(String), null, 3404(String), integer(String), var3169(String), 2504(String), 2504(String), null, null, null, 3169(Long), 3169(String), null
10:48:05,485 [main] DEBUG org.activiti.engine.impl.persistence.entity.VariableInstanceEntity.bulkInsertVariableInstance  - &lt;==    Updates: 100
10:48:05,486 [Thread-111] DEBUG org.activiti.engine.impl.asyncexecutor.AcquireTimerJobsRunnable  - timer job acquisition thread woke up
10:48:05,486 [Thread-111] DEBUG org.activiti.engine.impl.interceptor.LogInterceptor  - 

10:48:05,486 [Thread-111] DEBUG org.activiti.engine.impl.interceptor.LogInterceptor  - --- starting AcquireTimerJobsCmd --------------------------------------------------------
10:48:05,486 [Thread-111] DEBUG org.apache.ibatis.transaction.jdbc.JdbcTransaction  - Opening JDBC Connection
10:48:05,486 [Thread-111] DEBUG org.apache.ibatis.datasource.pooled.PooledDataSource  - Checked out connection 1863805930 from pool.
10:48:05,486 [Thread-111] DEBUG org.apache.ibatis.transaction.jdbc.JdbcTransaction  - Setting autocommit to false on JDBC Connection [conn69: url=jdbc:h2:mem:activiti-AsyncExecutorTest user=SA]
10:48:05,486 [Thread-111] DEBUG org.activiti.engine.impl.persistence.entity.JobEntity.selectNextTimerJobsToExecute  - ==&gt;  Preparing: select RES.* from ACT_RU_JOB RES LEFT OUTER JOIN ACT_RU_EXECUTION PI ON PI.ID_ = RES.PROCESS_INSTANCE_ID_ where (RES.RETRIES_ &gt; 0) and (RES.DUEDATE_ is null or RES.DUEDATE_ &lt;= ?) and (RES.LOCK_OWNER_ is null or RES.LOCK_EXP_TIME_ &lt;= ?) and TYPE_ = &apos;timer&apos; and ( (RES.EXECUTION_ID_ is null) or (PI.SUSPENSION_STATE_ = 1) ) LIMIT ? OFFSET ? 
10:48:05,486 [Thread-111] DEBUG org.activiti.engine.impl.persistence.entity.JobEntity.selectNextTimerJobsToExecute  - ==&gt; Parameters: 2023-03-20 10:48:05.486(Timestamp), 2023-03-20 10:48:05.486(Timestamp), 1(Integer), 0(Integer)
10:48:05,486 [Thread-111] DEBUG org.activiti.engine.impl.persistence.entity.JobEntity.selectNextTimerJobsToExecute  - &lt;==      Total: 0
10:48:05,486 [Thread-111] DEBUG org.activiti.engine.impl.db.DbSqlSession  - flush summary: 0 insert, 0 update, 0 delete.
10:48:05,486 [Thread-111] DEBUG org.activiti.engine.impl.db.DbSqlSession  - now executing flush...
10:48:05,486 [Thread-111] DEBUG org.activiti.engine.impl.cfg.standalone.StandaloneMybatisTransactionContext  - firing event committing...
10:48:05,486 [Thread-111] DEBUG org.activiti.engine.impl.cfg.standalone.StandaloneMybatisTransactionContext  - committing the ibatis sql session...
10:48:05,486 [Thread-111] DEBUG org.activiti.engine.impl.cfg.standalone.StandaloneMybatisTransactionContext  - firing event committed...
10:48:05,486 [Thread-111] DEBUG org.apache.ibatis.transaction.jdbc.JdbcTransaction  - Resetting autocommit to true on JDBC Connection [conn69: url=jdbc:h2:mem:activiti-AsyncExecutorTest user=SA]
10:48:05,486 [Thread-111] DEBUG org.apache.ibatis.transaction.jdbc.JdbcTransaction  - Closing JDBC Connection [conn69: url=jdbc:h2:mem:activiti-AsyncExecutorTest user=SA]
10:48:05,486 [Thread-111] DEBUG org.apache.ibatis.datasource.pooled.PooledDataSource  - Returned connection 1863805930 to pool.
10:48:05,487 [Thread-111] DEBUG org.activiti.engine.impl.interceptor.LogInterceptor  - --- AcquireTimerJobsCmd finished --------------------------------------------------------
10:48:05,487 [Thread-111] DEBUG org.activiti.engine.impl.interceptor.LogInterceptor  - 

10:48:05,487 [Thread-111] DEBUG org.activiti.engine.impl.asyncexecutor.AcquireTimerJobsRunnable  - timer job acquisition thread sleeping for 50 millis
10:48:05,488 [main] DEBUG org.activiti.engine.impl.persistence.entity.VariableInstanceEntity.bulkInsertVariableInstance  - ==&gt;  Preparing: INSERT INTO ACT_RU_VARIABLE (ID_, REV_, TYPE_, NAME_, PROC_INST_ID_, EXECUTION_ID_, TASK_ID_, BYTEARRAY_ID_, DOUBLE_, LONG_ , TEXT_, TEXT2_) VALUES (?, 1, ?, ?, ?, ?, ?, ?, ?, ?, ?, ?) , (?, 1, ?, ?, ?, ?, ?, ?, ?, ?, ?, ?) , (?, 1, ?, ?, ?, ?, ?, ?, ?, ?, ?, ?) , (?, 1, ?, ?, ?, ?, ?, ?, ?, ?, ?, ?) , (?, 1, ?, ?, ?, ?, ?, ?, ?, ?, ?, ?) , (?, 1, ?, ?, ?, ?, ?, ?, ?, ?, ?, ?) , (?, 1, ?, ?, ?, ?, ?, ?, ?, ?, ?, ?) , (?, 1, ?, ?, ?, ?, ?, ?, ?, ?, ?, ?) , (?, 1, ?, ?, ?, ?, ?, ?, ?, ?, ?, ?) , (?, 1, ?, ?, ?, ?, ?, ?, ?, ?, ?, ?) , (?, 1, ?, ?, ?, ?, ?, ?, ?, ?, ?, ?) , (?, 1, ?, ?, ?, ?, ?, ?, ?, ?, ?, ?) , (?, 1, ?, ?, ?, ?, ?, ?, ?, ?, ?, ?) , (?, 1, ?, ?, ?, ?, ?, ?, ?, ?, ?, ?) , (?, 1, ?, ?, ?, ?, ?, ?, ?, ?, ?, ?) , (?, 1, ?, ?, ?, ?, ?, ?, ?, ?, ?, ?) , (?, 1, ?, ?, ?, ?, ?, ?, ?, ?, ?, ?) , (?, 1, ?, ?, ?, ?, ?, ?, ?, ?, ?, ?) , (?, 1, ?, ?, ?, ?, ?, ?, ?, ?, ?, ?) , (?, 1, ?, ?, ?, ?, ?, ?, ?, ?, ?, ?) , (?, 1, ?, ?, ?, ?, ?, ?, ?, ?, ?, ?) , (?, 1, ?, ?, ?, ?, ?, ?, ?, ?, ?, ?) , (?, 1, ?, ?, ?, ?, ?, ?, ?, ?, ?, ?) , (?, 1, ?, ?, ?, ?, ?, ?, ?, ?, ?, ?) , (?, 1, ?, ?, ?, ?, ?, ?, ?, ?, ?, ?) , (?, 1, ?, ?, ?, ?, ?, ?, ?, ?, ?, ?) , (?, 1, ?, ?, ?, ?, ?, ?, ?, ?, ?, ?) , (?, 1, ?, ?, ?, ?, ?, ?, ?, ?, ?, ?) , (?, 1, ?, ?, ?, ?, ?, ?, ?, ?, ?, ?) , (?, 1, ?, ?, ?, ?, ?, ?, ?, ?, ?, ?) , (?, 1, ?, ?, ?, ?, ?, ?, ?, ?, ?, ?) , (?, 1, ?, ?, ?, ?, ?, ?, ?, ?, ?, ?) , (?, 1, ?, ?, ?, ?, ?, ?, ?, ?, ?, ?) , (?, 1, ?, ?, ?, ?, ?, ?, ?, ?, ?, ?) , (?, 1, ?, ?, ?, ?, ?, ?, ?, ?, ?, ?) , (?, 1, ?, ?, ?, ?, ?, ?, ?, ?, ?, ?) , (?, 1, ?, ?, ?, ?, ?, ?, ?, ?, ?, ?) , (?, 1, ?, ?, ?, ?, ?, ?, ?, ?, ?, ?) , (?, 1, ?, ?, ?, ?, ?, ?, ?, ?, ?, ?) , (?, 1, ?, ?, ?, ?, ?, ?, ?, ?, ?, ?) , (?, 1, ?, ?, ?, ?, ?, ?, ?, ?, ?, ?) , (?, 1, ?, ?, ?, ?, ?, ?, ?, ?, ?, ?) , (?, 1, ?, ?, ?, ?, ?, ?, ?, ?, ?, ?) , (?, 1, ?, ?, ?, ?, ?, ?, ?, ?, ?, ?) , (?, 1, ?, ?, ?, ?, ?, ?, ?, ?, ?, ?) , (?, 1, ?, ?, ?, ?, ?, ?, ?, ?, ?, ?) , (?, 1, ?, ?, ?, ?, ?, ?, ?, ?, ?, ?) , (?, 1, ?, ?, ?, ?, ?, ?, ?, ?, ?, ?) , (?, 1, ?, ?, ?, ?, ?, ?, ?, ?, ?, ?) , (?, 1, ?, ?, ?, ?, ?, ?, ?, ?, ?, ?) , (?, 1, ?, ?, ?, ?, ?, ?, ?, ?, ?, ?) , (?, 1, ?, ?, ?, ?, ?, ?, ?, ?, ?, ?) , (?, 1, ?, ?, ?, ?, ?, ?, ?, ?, ?, ?) , (?, 1, ?, ?, ?, ?, ?, ?, ?, ?, ?, ?) , (?, 1, ?, ?, ?, ?, ?, ?, ?, ?, ?, ?) , (?, 1, ?, ?, ?, ?, ?, ?, ?, ?, ?, ?) , (?, 1, ?, ?, ?, ?, ?, ?, ?, ?, ?, ?) , (?, 1, ?, ?, ?, ?, ?, ?, ?, ?, ?, ?) , (?, 1, ?, ?, ?, ?, ?, ?, ?, ?, ?, ?) , (?, 1, ?, ?, ?, ?, ?, ?, ?, ?, ?, ?) , (?, 1, ?, ?, ?, ?, ?, ?, ?, ?, ?, ?) , (?, 1, ?, ?, ?, ?, ?, ?, ?, ?, ?, ?) , (?, 1, ?, ?, ?, ?, ?, ?, ?, ?, ?, ?) , (?, 1, ?, ?, ?, ?, ?, ?, ?, ?, ?, ?) , (?, 1, ?, ?, ?, ?, ?, ?, ?, ?, ?, ?) , (?, 1, ?, ?, ?, ?, ?, ?, ?, ?, ?, ?) , (?, 1, ?, ?, ?, ?, ?, ?, ?, ?, ?, ?) , (?, 1, ?, ?, ?, ?, ?, ?, ?, ?, ?, ?) , (?, 1, ?, ?, ?, ?, ?, ?, ?, ?, ?, ?) , (?, 1, ?, ?, ?, ?, ?, ?, ?, ?, ?, ?) , (?, 1, ?, ?, ?, ?, ?, ?, ?, ?, ?, ?) , (?, 1, ?, ?, ?, ?, ?, ?, ?, ?, ?, ?) , (?, 1, ?, ?, ?, ?, ?, ?, ?, ?, ?, ?) , (?, 1, ?, ?, ?, ?, ?, ?, ?, ?, ?, ?) , (?, 1, ?, ?, ?, ?, ?, ?, ?, ?, ?, ?) , (?, 1, ?, ?, ?, ?, ?, ?, ?, ?, ?, ?) , (?, 1, ?, ?, ?, ?, ?, ?, ?, ?, ?, ?) , (?, 1, ?, ?, ?, ?, ?, ?, ?, ?, ?, ?) , (?, 1, ?, ?, ?, ?, ?, ?, ?, ?, ?, ?) , (?, 1, ?, ?, ?, ?, ?, ?, ?, ?, ?, ?) , (?, 1, ?, ?, ?, ?, ?, ?, ?, ?, ?, ?) , (?, 1, ?, ?, ?, ?, ?, ?, ?, ?, ?, ?) , (?, 1, ?, ?, ?, ?, ?, ?, ?, ?, ?, ?) , (?, 1, ?, ?, ?, ?, ?, ?, ?, ?, ?, ?) , (?, 1, ?, ?, ?, ?, ?, ?, ?, ?, ?, ?) , (?, 1, ?, ?, ?, ?, ?, ?, ?, ?, ?, ?) , (?, 1, ?, ?, ?, ?, ?, ?, ?, ?, ?, ?) , (?, 1, ?, ?, ?, ?, ?, ?, ?, ?, ?, ?) , (?, 1, ?, ?, ?, ?, ?, ?, ?, ?, ?, ?) , (?, 1, ?, ?, ?, ?, ?, ?, ?, ?, ?, ?) , (?, 1, ?, ?, ?, ?, ?, ?, ?, ?, ?, ?) , (?, 1, ?, ?, ?, ?, ?, ?, ?, ?, ?, ?) , (?, 1, ?, ?, ?, ?, ?, ?, ?, ?, ?, ?) , (?, 1, ?, ?, ?, ?, ?, ?, ?, ?, ?, ?) , (?, 1, ?, ?, ?, ?, ?, ?, ?, ?, ?, ?) , (?, 1, ?, ?, ?, ?, ?, ?, ?, ?, ?, ?) , (?, 1, ?, ?, ?, ?, ?, ?, ?, ?, ?, ?) , (?, 1, ?, ?, ?, ?, ?, ?, ?, ?, ?, ?) , (?, 1, ?, ?, ?, ?, ?, ?, ?, ?, ?, ?) , (?, 1, ?, ?, ?, ?, ?, ?, ?, ?, ?, ?) 
10:48:05,489 [main] DEBUG org.activiti.engine.impl.persistence.entity.VariableInstanceEntity.bulkInsertVariableInstance  - ==&gt; Parameters: 3405(String), integer(String), var3171(String), 2504(String), 2504(String), null, null, null, 3171(Long), 3171(String), null, 3406(String), integer(String), var3170(String), 2504(String), 2504(String), null, null, null, 3170(Long), 3170(String), null, 3407(String), integer(String), var3175(String), 2504(String), 2504(String), null, null, null, 3175(Long), 3175(String), null, 3408(String), integer(String), var3174(String), 2504(String), 2504(String), null, null, null, 3174(Long), 3174(String), null, 3409(String), integer(String), var3173(String), 2504(String), 2504(String), null, null, null, 3173(Long), 3173(String), null, 3410(String), integer(String), var3172(String), 2504(String), 2504(String), null, null, null, 3172(Long), 3172(String), null, 3411(String), integer(String), var3179(String), 2504(String), 2504(String), null, null, null, 3179(Long), 3179(String), null, 3412(String), integer(String), var3178(String), 2504(String), 2504(String), null, null, null, 3178(Long), 3178(String), null, 3413(String), integer(String), var3177(String), 2504(String), 2504(String), null, null, null, 3177(Long), 3177(String), null, 3414(String), integer(String), var3176(String), 2504(String), 2504(String), null, null, null, 3176(Long), 3176(String), null, 3415(String), integer(String), var3182(String), 2504(String), 2504(String), null, null, null, 3182(Long), 3182(String), null, 3416(String), integer(String), var3181(String), 2504(String), 2504(String), null, null, null, 3181(Long), 3181(String), null, 3417(String), integer(String), var3180(String), 2504(String), 2504(String), null, null, null, 3180(Long), 3180(String), null, 3418(String), integer(String), var3186(String), 2504(String), 2504(String), null, null, null, 3186(Long), 3186(String), null, 3419(String), integer(String), var3185(String), 2504(String), 2504(String), null, null, null, 3185(Long), 3185(String), null, 3420(String), integer(String), var3184(String), 2504(String), 2504(String), null, null, null, 3184(Long), 3184(String), null, 3421(String), integer(String), var3183(String), 2504(String), 2504(String), null, null, null, 3183(Long), 3183(String), null, 3422(String), integer(String), var3189(String), 2504(String), 2504(String), null, null, null, 3189(Long), 3189(String), null, 3423(String), integer(String), var3188(String), 2504(String), 2504(String), null, null, null, 3188(Long), 3188(String), null, 3424(String), integer(String), var3187(String), 2504(String), 2504(String), null, null, null, 3187(Long), 3187(String), null, 3425(String), integer(String), var3193(String), 2504(String), 2504(String), null, null, null, 3193(Long), 3193(String), null, 3426(String), integer(String), var3192(String), 2504(String), 2504(String), null, null, null, 3192(Long), 3192(String), null, 3427(String), integer(String), var3191(String), 2504(String), 2504(String), null, null, null, 3191(Long), 3191(String), null, 3428(String), integer(String), var3190(String), 2504(String), 2504(String), null, null, null, 3190(Long), 3190(String), null, 3429(String), integer(String), var3197(String), 2504(String), 2504(String), null, null, null, 3197(Long), 3197(String), null, 3430(String), integer(String), var3196(String), 2504(String), 2504(String), null, null, null, 3196(Long), 3196(String), null, 3431(String), integer(String), var3195(String), 2504(String), 2504(String), null, null, null, 3195(Long), 3195(String), null, 3432(String), integer(String), var3194(String), 2504(String), 2504(String), null, null, null, 3194(Long), 3194(String), null, 3433(String), integer(String), var3199(String), 2504(String), 2504(String), null, null, null, 3199(Long), 3199(String), null, 3434(String), integer(String), var3198(String), 2504(String), 2504(String), null, null, null, 3198(Long), 3198(String), null, 3435(String), integer(String), var790(String), 2504(String), 2504(String), null, null, null, 790(Long), 790(String), null, 3436(String), integer(String), var798(String), 2504(String), 2504(String), null, null, null, 798(Long), 798(String), null, 3437(String), integer(String), var797(String), 2504(String), 2504(String), null, null, null, 797(Long), 797(String), null, 3438(String), integer(String), var796(String), 2504(String), 2504(String), null, null, null, 796(Long), 796(String), null, 3439(String), integer(String), var795(String), 2504(String), 2504(String), null, null, null, 795(Long), 795(String), null, 3440(String), integer(String), var794(String), 2504(String), 2504(String), null, null, null, 794(Long), 794(String), null, 3441(String), integer(String), var793(String), 2504(String), 2504(String), null, null, null, 793(Long), 793(String), null, 3442(String), integer(String), var792(String), 2504(String), 2504(String), null, null, null, 792(Long), 792(String), null, 3443(String), integer(String), var791(String), 2504(String), 2504(String), null, null, null, 791(Long), 791(String), null, 3444(String), integer(String), var799(String), 2504(String), 2504(String), null, null, null, 799(Long), 799(String), null, 3445(String), integer(String), var3902(String), 2504(String), 2504(String), null, null, null, 3902(Long), 3902(String), null, 3446(String), integer(String), var3901(String), 2504(String), 2504(String), null, null, null, 3901(Long), 3901(String), null, 3447(String), integer(String), var3900(String), 2504(String), 2504(String), null, null, null, 3900(Long), 3900(String), null, 3448(String), integer(String), var3906(String), 2504(String), 2504(String), null, null, null, 3906(Long), 3906(String), null, 3449(String), integer(String), var3905(String), 2504(String), 2504(String), null, null, null, 3905(Long), 3905(String), null, 3450(String), integer(String), var3904(String), 2504(String), 2504(String), null, null, null, 3904(Long), 3904(String), null, 3451(String), integer(String), var3903(String), 2504(String), 2504(String), null, null, null, 3903(Long), 3903(String), null, 3452(String), integer(String), var3909(String), 2504(String), 2504(String), null, null, null, 3909(Long), 3909(String), null, 3453(String), integer(String), var3908(String), 2504(String), 2504(String), null, null, null, 3908(Long), 3908(String), null, 3454(String), integer(String), var3907(String), 2504(String), 2504(String), null, null, null, 3907(Long), 3907(String), null, 3455(String), integer(String), var3913(String), 2504(String), 2504(String), null, null, null, 3913(Long), 3913(String), null, 3456(String), integer(String), var3912(String), 2504(String), 2504(String), null, null, null, 3912(Long), 3912(String), null, 3457(String), integer(String), var3911(String), 2504(String), 2504(String), null, null, null, 3911(Long), 3911(String), null, 3458(String), integer(String), var3910(String), 2504(String), 2504(String), null, null, null, 3910(Long), 3910(String), null, 3459(String), integer(String), var3917(String), 2504(String), 2504(String), null, null, null, 3917(Long), 3917(String), null, 3460(String), integer(String), var3916(String), 2504(String), 2504(String), null, null, null, 3916(Long), 3916(String), null, 3461(String), integer(String), var3915(String), 2504(String), 2504(String), null, null, null, 3915(Long), 3915(String), null, 3462(String), integer(String), var3914(String), 2504(String), 2504(String), null, null, null, 3914(Long), 3914(String), null, 3463(String), integer(String), var3919(String), 2504(String), 2504(String), null, null, null, 3919(Long), 3919(String), null, 3464(String), integer(String), var3918(String), 2504(String), 2504(String), null, null, null, 3918(Long), 3918(String), null, 3465(String), integer(String), var3920(String), 2504(String), 2504(String), null, null, null, 3920(Long), 3920(String), null, 3466(String), integer(String), var3924(String), 2504(String), 2504(String), null, null, null, 3924(Long), 3924(String), null, 3467(String), integer(String), var3923(String), 2504(String), 2504(String), null, null, null, 3923(Long), 3923(String), null, 3468(String), integer(String), var3922(String), 2504(String), 2504(String), null, null, null, 3922(Long), 3922(String), null, 3469(String), integer(String), var3921(String), 2504(String), 2504(String), null, null, null, 3921(Long), 3921(String), null, 3470(String), integer(String), var3928(String), 2504(String), 2504(String), null, null, null, 3928(Long), 3928(String), null, 3471(String), integer(String), var3927(String), 2504(String), 2504(String), null, null, null, 3927(Long), 3927(String), null, 3472(String), integer(String), var3926(String), 2504(String), 2504(String), null, null, null, 3926(Long), 3926(String), null, 3473(String), integer(String), var3925(String), 2504(String), 2504(String), null, null, null, 3925(Long), 3925(String), null, 3474(String), integer(String), var3929(String), 2504(String), 2504(String), null, null, null, 3929(Long), 3929(String), null, 3475(String), integer(String), var2600(String), 2504(String), 2504(String), null, null, null, 2600(Long), 2600(String), null, 3476(String), integer(String), var3931(String), 2504(String), 2504(String), null, null, null, 3931(Long), 3931(String), null, 3477(String), integer(String), var3930(String), 2504(String), 2504(String), null, null, null, 3930(Long), 3930(String), null, 3478(String), integer(String), var2604(String), 2504(String), 2504(String), null, null, null, 2604(Long), 2604(String), null, 3479(String), integer(String), var3935(String), 2504(String), 2504(String), null, null, null, 3935(Long), 3935(String), null, 3480(String), integer(String), var2603(String), 2504(String), 2504(String), null, null, null, 2603(Long), 2603(String), null, 3481(String), integer(String), var3934(String), 2504(String), 2504(String), null, null, null, 3934(Long), 3934(String), null, 3482(String), integer(String), var2602(String), 2504(String), 2504(String), null, null, null, 2602(Long), 2602(String), null, 3483(String), integer(String), var3933(String), 2504(String), 2504(String), null, null, null, 3933(Long), 3933(String), null, 3484(String), integer(String), var2601(String), 2504(String), 2504(String), null, null, null, 2601(Long), 2601(String), null, 3485(String), integer(String), var3932(String), 2504(String), 2504(String), null, null, null, 3932(Long), 3932(String), null, 3486(String), integer(String), var2608(String), 2504(String), 2504(String), null, null, null, 2608(Long), 2608(String), null, 3487(String), integer(String), var3939(String), 2504(String), 2504(String), null, null, null, 3939(Long), 3939(String), null, 3488(String), integer(String), var2607(String), 2504(String), 2504(String), null, null, null, 2607(Long), 2607(String), null, 3489(String), integer(String), var3938(String), 2504(String), 2504(String), null, null, null, 3938(Long), 3938(String), null, 3490(String), integer(String), var2606(String), 2504(String), 2504(String), null, null, null, 2606(Long), 2606(String), null, 3491(String), integer(String), var3937(String), 2504(String), 2504(String), null, null, null, 3937(Long), 3937(String), null, 3492(String), integer(String), var2605(String), 2504(String), 2504(String), null, null, null, 2605(Long), 2605(String), null, 3493(String), integer(String), var3936(String), 2504(String), 2504(String), null, null, null, 3936(Long), 3936(String), null, 3494(String), integer(String), var2609(String), 2504(String), 2504(String), null, null, null, 2609(Long), 2609(String), null, 3495(String), integer(String), var2611(String), 2504(String), 2504(String), null, null, null, 2611(Long), 2611(String), null, 3496(String), integer(String), var3942(String), 2504(String), 2504(String), null, null, null, 3942(Long), 3942(String), null, 3497(String), integer(String), var2610(String), 2504(String), 2504(String), null, null, null, 2610(Long), 2610(String), null, 3498(String), integer(String), var3941(String), 2504(String), 2504(String), null, null, null, 3941(Long), 3941(String), null, 3499(String), integer(String), var3940(String), 2504(String), 2504(String), null, null, null, 3940(Long), 3940(String), null, 3500(String), integer(String), var2615(String), 2504(String), 2504(String), null, null, null, 2615(Long), 2615(String), null, 3501(String), integer(String), var3946(String), 2504(String), 2504(String), null, null, null, 3946(Long), 3946(String), null, 3502(String), integer(String), var2614(String), 2504(String), 2504(String), null, null, null, 2614(Long), 2614(String), null, 3503(String), integer(String), var3945(String), 2504(String), 2504(String), null, null, null, 3945(Long), 3945(String), null, 3504(String), integer(String), var2613(String), 2504(String), 2504(String), null, null, null, 2613(Long), 2613(String), null
10:48:05,489 [main] DEBUG org.activiti.engine.impl.persistence.entity.VariableInstanceEntity.bulkInsertVariableInstance  - &lt;==    Updates: 100
10:48:05,491 [main] DEBUG org.activiti.engine.impl.persistence.entity.VariableInstanceEntity.bulkInsertVariableInstance  - ==&gt;  Preparing: INSERT INTO ACT_RU_VARIABLE (ID_, REV_, TYPE_, NAME_, PROC_INST_ID_, EXECUTION_ID_, TASK_ID_, BYTEARRAY_ID_, DOUBLE_, LONG_ , TEXT_, TEXT2_) VALUES (?, 1, ?, ?, ?, ?, ?, ?, ?, ?, ?, ?) , (?, 1, ?, ?, ?, ?, ?, ?, ?, ?, ?, ?) , (?, 1, ?, ?, ?, ?, ?, ?, ?, ?, ?, ?) , (?, 1, ?, ?, ?, ?, ?, ?, ?, ?, ?, ?) , (?, 1, ?, ?, ?, ?, ?, ?, ?, ?, ?, ?) , (?, 1, ?, ?, ?, ?, ?, ?, ?, ?, ?, ?) , (?, 1, ?, ?, ?, ?, ?, ?, ?, ?, ?, ?) , (?, 1, ?, ?, ?, ?, ?, ?, ?, ?, ?, ?) , (?, 1, ?, ?, ?, ?, ?, ?, ?, ?, ?, ?) , (?, 1, ?, ?, ?, ?, ?, ?, ?, ?, ?, ?) , (?, 1, ?, ?, ?, ?, ?, ?, ?, ?, ?, ?) , (?, 1, ?, ?, ?, ?, ?, ?, ?, ?, ?, ?) , (?, 1, ?, ?, ?, ?, ?, ?, ?, ?, ?, ?) , (?, 1, ?, ?, ?, ?, ?, ?, ?, ?, ?, ?) , (?, 1, ?, ?, ?, ?, ?, ?, ?, ?, ?, ?) , (?, 1, ?, ?, ?, ?, ?, ?, ?, ?, ?, ?) , (?, 1, ?, ?, ?, ?, ?, ?, ?, ?, ?, ?) , (?, 1, ?, ?, ?, ?, ?, ?, ?, ?, ?, ?) , (?, 1, ?, ?, ?, ?, ?, ?, ?, ?, ?, ?) , (?, 1, ?, ?, ?, ?, ?, ?, ?, ?, ?, ?) , (?, 1, ?, ?, ?, ?, ?, ?, ?, ?, ?, ?) , (?, 1, ?, ?, ?, ?, ?, ?, ?, ?, ?, ?) , (?, 1, ?, ?, ?, ?, ?, ?, ?, ?, ?, ?) , (?, 1, ?, ?, ?, ?, ?, ?, ?, ?, ?, ?) , (?, 1, ?, ?, ?, ?, ?, ?, ?, ?, ?, ?) , (?, 1, ?, ?, ?, ?, ?, ?, ?, ?, ?, ?) , (?, 1, ?, ?, ?, ?, ?, ?, ?, ?, ?, ?) , (?, 1, ?, ?, ?, ?, ?, ?, ?, ?, ?, ?) , (?, 1, ?, ?, ?, ?, ?, ?, ?, ?, ?, ?) , (?, 1, ?, ?, ?, ?, ?, ?, ?, ?, ?, ?) , (?, 1, ?, ?, ?, ?, ?, ?, ?, ?, ?, ?) , (?, 1, ?, ?, ?, ?, ?, ?, ?, ?, ?, ?) , (?, 1, ?, ?, ?, ?, ?, ?, ?, ?, ?, ?) , (?, 1, ?, ?, ?, ?, ?, ?, ?, ?, ?, ?) , (?, 1, ?, ?, ?, ?, ?, ?, ?, ?, ?, ?) , (?, 1, ?, ?, ?, ?, ?, ?, ?, ?, ?, ?) , (?, 1, ?, ?, ?, ?, ?, ?, ?, ?, ?, ?) , (?, 1, ?, ?, ?, ?, ?, ?, ?, ?, ?, ?) , (?, 1, ?, ?, ?, ?, ?, ?, ?, ?, ?, ?) , (?, 1, ?, ?, ?, ?, ?, ?, ?, ?, ?, ?) , (?, 1, ?, ?, ?, ?, ?, ?, ?, ?, ?, ?) , (?, 1, ?, ?, ?, ?, ?, ?, ?, ?, ?, ?) , (?, 1, ?, ?, ?, ?, ?, ?, ?, ?, ?, ?) , (?, 1, ?, ?, ?, ?, ?, ?, ?, ?, ?, ?) , (?, 1, ?, ?, ?, ?, ?, ?, ?, ?, ?, ?) , (?, 1, ?, ?, ?, ?, ?, ?, ?, ?, ?, ?) , (?, 1, ?, ?, ?, ?, ?, ?, ?, ?, ?, ?) , (?, 1, ?, ?, ?, ?, ?, ?, ?, ?, ?, ?) , (?, 1, ?, ?, ?, ?, ?, ?, ?, ?, ?, ?) , (?, 1, ?, ?, ?, ?, ?, ?, ?, ?, ?, ?) , (?, 1, ?, ?, ?, ?, ?, ?, ?, ?, ?, ?) , (?, 1, ?, ?, ?, ?, ?, ?, ?, ?, ?, ?) , (?, 1, ?, ?, ?, ?, ?, ?, ?, ?, ?, ?) , (?, 1, ?, ?, ?, ?, ?, ?, ?, ?, ?, ?) , (?, 1, ?, ?, ?, ?, ?, ?, ?, ?, ?, ?) , (?, 1, ?, ?, ?, ?, ?, ?, ?, ?, ?, ?) , (?, 1, ?, ?, ?, ?, ?, ?, ?, ?, ?, ?) , (?, 1, ?, ?, ?, ?, ?, ?, ?, ?, ?, ?) , (?, 1, ?, ?, ?, ?, ?, ?, ?, ?, ?, ?) , (?, 1, ?, ?, ?, ?, ?, ?, ?, ?, ?, ?) , (?, 1, ?, ?, ?, ?, ?, ?, ?, ?, ?, ?) , (?, 1, ?, ?, ?, ?, ?, ?, ?, ?, ?, ?) , (?, 1, ?, ?, ?, ?, ?, ?, ?, ?, ?, ?) , (?, 1, ?, ?, ?, ?, ?, ?, ?, ?, ?, ?) , (?, 1, ?, ?, ?, ?, ?, ?, ?, ?, ?, ?) , (?, 1, ?, ?, ?, ?, ?, ?, ?, ?, ?, ?) , (?, 1, ?, ?, ?, ?, ?, ?, ?, ?, ?, ?) , (?, 1, ?, ?, ?, ?, ?, ?, ?, ?, ?, ?) , (?, 1, ?, ?, ?, ?, ?, ?, ?, ?, ?, ?) , (?, 1, ?, ?, ?, ?, ?, ?, ?, ?, ?, ?) , (?, 1, ?, ?, ?, ?, ?, ?, ?, ?, ?, ?) , (?, 1, ?, ?, ?, ?, ?, ?, ?, ?, ?, ?) , (?, 1, ?, ?, ?, ?, ?, ?, ?, ?, ?, ?) , (?, 1, ?, ?, ?, ?, ?, ?, ?, ?, ?, ?) , (?, 1, ?, ?, ?, ?, ?, ?, ?, ?, ?, ?) , (?, 1, ?, ?, ?, ?, ?, ?, ?, ?, ?, ?) , (?, 1, ?, ?, ?, ?, ?, ?, ?, ?, ?, ?) , (?, 1, ?, ?, ?, ?, ?, ?, ?, ?, ?, ?) , (?, 1, ?, ?, ?, ?, ?, ?, ?, ?, ?, ?) , (?, 1, ?, ?, ?, ?, ?, ?, ?, ?, ?, ?) , (?, 1, ?, ?, ?, ?, ?, ?, ?, ?, ?, ?) , (?, 1, ?, ?, ?, ?, ?, ?, ?, ?, ?, ?) , (?, 1, ?, ?, ?, ?, ?, ?, ?, ?, ?, ?) , (?, 1, ?, ?, ?, ?, ?, ?, ?, ?, ?, ?) , (?, 1, ?, ?, ?, ?, ?, ?, ?, ?, ?, ?) , (?, 1, ?, ?, ?, ?, ?, ?, ?, ?, ?, ?) , (?, 1, ?, ?, ?, ?, ?, ?, ?, ?, ?, ?) , (?, 1, ?, ?, ?, ?, ?, ?, ?, ?, ?, ?) , (?, 1, ?, ?, ?, ?, ?, ?, ?, ?, ?, ?) , (?, 1, ?, ?, ?, ?, ?, ?, ?, ?, ?, ?) , (?, 1, ?, ?, ?, ?, ?, ?, ?, ?, ?, ?) , (?, 1, ?, ?, ?, ?, ?, ?, ?, ?, ?, ?) , (?, 1, ?, ?, ?, ?, ?, ?, ?, ?, ?, ?) , (?, 1, ?, ?, ?, ?, ?, ?, ?, ?, ?, ?) , (?, 1, ?, ?, ?, ?, ?, ?, ?, ?, ?, ?) , (?, 1, ?, ?, ?, ?, ?, ?, ?, ?, ?, ?) , (?, 1, ?, ?, ?, ?, ?, ?, ?, ?, ?, ?) , (?, 1, ?, ?, ?, ?, ?, ?, ?, ?, ?, ?) , (?, 1, ?, ?, ?, ?, ?, ?, ?, ?, ?, ?) , (?, 1, ?, ?, ?, ?, ?, ?, ?, ?, ?, ?) 
10:48:05,492 [main] DEBUG org.activiti.engine.impl.persistence.entity.VariableInstanceEntity.bulkInsertVariableInstance  - ==&gt; Parameters: 3505(String), integer(String), var3944(String), 2504(String), 2504(String), null, null, null, 3944(Long), 3944(String), null, 3506(String), integer(String), var2612(String), 2504(String), 2504(String), null, null, null, 2612(Long), 2612(String), null, 3507(String), integer(String), var3943(String), 2504(String), 2504(String), null, null, null, 3943(Long), 3943(String), null, 3508(String), integer(String), var707(String), 2504(String), 2504(String), null, null, null, 707(Long), 707(String), null, 3509(String), integer(String), var2619(String), 2504(String), 2504(String), null, null, null, 2619(Long), 2619(String), null, 3510(String), integer(String), var706(String), 2504(String), 2504(String), null, null, null, 706(Long), 706(String), null, 3511(String), integer(String), var2618(String), 2504(String), 2504(String), null, null, null, 2618(Long), 2618(String), null, 3512(String), integer(String), var3949(String), 2504(String), 2504(String), null, null, null, 3949(Long), 3949(String), null, 3513(String), integer(String), var705(String), 2504(String), 2504(String), null, null, null, 705(Long), 705(String), null, 3514(String), integer(String), var2617(String), 2504(String), 2504(String), null, null, null, 2617(Long), 2617(String), null, 3515(String), integer(String), var3948(String), 2504(String), 2504(String), null, null, null, 3948(Long), 3948(String), null, 3516(String), integer(String), var704(String), 2504(String), 2504(String), null, null, null, 704(Long), 704(String), null, 3517(String), integer(String), var2616(String), 2504(String), 2504(String), null, null, null, 2616(Long), 2616(String), null, 3518(String), integer(String), var3947(String), 2504(String), 2504(String), null, null, null, 3947(Long), 3947(String), null, 3519(String), integer(String), var703(String), 2504(String), 2504(String), null, null, null, 703(Long), 703(String), null, 3520(String), integer(String), var702(String), 2504(String), 2504(String), null, null, null, 702(Long), 702(String), null, 3521(String), integer(String), var701(String), 2504(String), 2504(String), null, null, null, 701(Long), 701(String), null, 3522(String), integer(String), var700(String), 2504(String), 2504(String), null, null, null, 700(Long), 700(String), null, 3523(String), integer(String), var709(String), 2504(String), 2504(String), null, null, null, 709(Long), 709(String), null, 3524(String), integer(String), var708(String), 2504(String), 2504(String), null, null, null, 708(Long), 708(String), null, 3525(String), integer(String), var2622(String), 2504(String), 2504(String), null, null, null, 2622(Long), 2622(String), null, 3526(String), integer(String), var3953(String), 2504(String), 2504(String), null, null, null, 3953(Long), 3953(String), null, 3527(String), integer(String), var2621(String), 2504(String), 2504(String), null, null, null, 2621(Long), 2621(String), null, 3528(String), integer(String), var3952(String), 2504(String), 2504(String), null, null, null, 3952(Long), 3952(String), null, 3529(String), integer(String), var2620(String), 2504(String), 2504(String), null, null, null, 2620(Long), 2620(String), null, 3530(String), integer(String), var3951(String), 2504(String), 2504(String), null, null, null, 3951(Long), 3951(String), null, 3531(String), integer(String), var3950(String), 2504(String), 2504(String), null, null, null, 3950(Long), 3950(String), null, 3532(String), integer(String), var2626(String), 2504(String), 2504(String), null, null, null, 2626(Long), 2626(String), null, 3533(String), integer(String), var3957(String), 2504(String), 2504(String), null, null, null, 3957(Long), 3957(String), null, 3534(String), integer(String), var2625(String), 2504(String), 2504(String), null, null, null, 2625(Long), 2625(String), null, 3535(String), integer(String), var3956(String), 2504(String), 2504(String), null, null, null, 3956(Long), 3956(String), null, 3536(String), integer(String), var2624(String), 2504(String), 2504(String), null, null, null, 2624(Long), 2624(String), null, 3537(String), integer(String), var3955(String), 2504(String), 2504(String), null, null, null, 3955(Long), 3955(String), null, 3538(String), integer(String), var2623(String), 2504(String), 2504(String), null, null, null, 2623(Long), 2623(String), null, 3539(String), integer(String), var3954(String), 2504(String), 2504(String), null, null, null, 3954(Long), 3954(String), null, 3540(String), integer(String), var2629(String), 2504(String), 2504(String), null, null, null, 2629(Long), 2629(String), null, 3541(String), integer(String), var2628(String), 2504(String), 2504(String), null, null, null, 2628(Long), 2628(String), null, 3542(String), integer(String), var3959(String), 2504(String), 2504(String), null, null, null, 3959(Long), 3959(String), null, 3543(String), integer(String), var2627(String), 2504(String), 2504(String), null, null, null, 2627(Long), 2627(String), null, 3544(String), integer(String), var3958(String), 2504(String), 2504(String), null, null, null, 3958(Long), 3958(String), null, 3545(String), integer(String), var3960(String), 2504(String), 2504(String), null, null, null, 3960(Long), 3960(String), null, 3546(String), integer(String), var1301(String), 2504(String), 2504(String), null, null, null, 1301(Long), 1301(String), null, 3547(String), integer(String), var2633(String), 2504(String), 2504(String), null, null, null, 2633(Long), 2633(String), null, 3548(String), integer(String), var3964(String), 2504(String), 2504(String), null, null, null, 3964(Long), 3964(String), null, 3549(String), integer(String), var1302(String), 2504(String), 2504(String), null, null, null, 1302(Long), 1302(String), null, 3550(String), integer(String), var2632(String), 2504(String), 2504(String), null, null, null, 2632(Long), 2632(String), null, 3551(String), integer(String), var3963(String), 2504(String), 2504(String), null, null, null, 3963(Long), 3963(String), null, 3552(String), integer(String), var2631(String), 2504(String), 2504(String), null, null, null, 2631(Long), 2631(String), null, 3553(String), integer(String), var3962(String), 2504(String), 2504(String), null, null, null, 3962(Long), 3962(String), null, 3554(String), integer(String), var1300(String), 2504(String), 2504(String), null, null, null, 1300(Long), 1300(String), null, 3555(String), integer(String), var2630(String), 2504(String), 2504(String), null, null, null, 2630(Long), 2630(String), null, 3556(String), integer(String), var3961(String), 2504(String), 2504(String), null, null, null, 3961(Long), 3961(String), null, 3557(String), integer(String), var1305(String), 2504(String), 2504(String), null, null, null, 1305(Long), 1305(String), null, 3558(String), integer(String), var2637(String), 2504(String), 2504(String), null, null, null, 2637(Long), 2637(String), null, 3559(String), integer(String), var3968(String), 2504(String), 2504(String), null, null, null, 3968(Long), 3968(String), null, 3560(String), integer(String), var1306(String), 2504(String), 2504(String), null, null, null, 1306(Long), 1306(String), null, 3561(String), integer(String), var2636(String), 2504(String), 2504(String), null, null, null, 2636(Long), 2636(String), null, 3562(String), integer(String), var3967(String), 2504(String), 2504(String), null, null, null, 3967(Long), 3967(String), null, 3563(String), integer(String), var1303(String), 2504(String), 2504(String), null, null, null, 1303(Long), 1303(String), null, 3564(String), integer(String), var2635(String), 2504(String), 2504(String), null, null, null, 2635(Long), 2635(String), null, 3565(String), integer(String), var3966(String), 2504(String), 2504(String), null, null, null, 3966(Long), 3966(String), null, 3566(String), integer(String), var1304(String), 2504(String), 2504(String), null, null, null, 1304(Long), 1304(String), null, 3567(String), integer(String), var2634(String), 2504(String), 2504(String), null, null, null, 2634(Long), 2634(String), null, 3568(String), integer(String), var3965(String), 2504(String), 2504(String), null, null, null, 3965(Long), 3965(String), null, 3569(String), integer(String), var1309(String), 2504(String), 2504(String), null, null, null, 1309(Long), 1309(String), null, 3570(String), integer(String), var1307(String), 2504(String), 2504(String), null, null, null, 1307(Long), 1307(String), null, 3571(String), integer(String), var2639(String), 2504(String), 2504(String), null, null, null, 2639(Long), 2639(String), null, 3572(String), integer(String), var1308(String), 2504(String), 2504(String), null, null, null, 1308(Long), 1308(String), null, 3573(String), integer(String), var2638(String), 2504(String), 2504(String), null, null, null, 2638(Long), 2638(String), null, 3574(String), integer(String), var3969(String), 2504(String), 2504(String), null, null, null, 3969(Long), 3969(String), null, 3575(String), integer(String), var2640(String), 2504(String), 2504(String), null, null, null, 2640(Long), 2640(String), null, 3576(String), integer(String), var3971(String), 2504(String), 2504(String), null, null, null, 3971(Long), 3971(String), null, 3577(String), integer(String), var3970(String), 2504(String), 2504(String), null, null, null, 3970(Long), 3970(String), null, 3578(String), integer(String), var1312(String), 2504(String), 2504(String), null, null, null, 1312(Long), 1312(String), null, 3579(String), integer(String), var2644(String), 2504(String), 2504(String), null, null, null, 2644(Long), 2644(String), null, 3580(String), integer(String), var3975(String), 2504(String), 2504(String), null, null, null, 3975(Long), 3975(String), null, 3581(String), integer(String), var1313(String), 2504(String), 2504(String), null, null, null, 1313(Long), 1313(String), null, 3582(String), integer(String), var2643(String), 2504(String), 2504(String), null, null, null, 2643(Long), 2643(String), null, 3583(String), integer(String), var3974(String), 2504(String), 2504(String), null, null, null, 3974(Long), 3974(String), null, 3584(String), integer(String), var1310(String), 2504(String), 2504(String), null, null, null, 1310(Long), 1310(String), null, 3585(String), integer(String), var2642(String), 2504(String), 2504(String), null, null, null, 2642(Long), 2642(String), null, 3586(String), integer(String), var3973(String), 2504(String), 2504(String), null, null, null, 3973(Long), 3973(String), null, 3587(String), integer(String), var1311(String), 2504(String), 2504(String), null, null, null, 1311(Long), 1311(String), null, 3588(String), integer(String), var2641(String), 2504(String), 2504(String), null, null, null, 2641(Long), 2641(String), null, 3589(String), integer(String), var3972(String), 2504(String), 2504(String), null, null, null, 3972(Long), 3972(String), null, 3590(String), integer(String), var1316(String), 2504(String), 2504(String), null, null, null, 1316(Long), 1316(String), null, 3591(String), integer(String), var2648(String), 2504(String), 2504(String), null, null, null, 2648(Long), 2648(String), null, 3592(String), integer(String), var3979(String), 2504(String), 2504(String), null, null, null, 3979(Long), 3979(String), null, 3593(String), integer(String), var1317(String), 2504(String), 2504(String), null, null, null, 1317(Long), 1317(String), null, 3594(String), integer(String), var2647(String), 2504(String), 2504(String), null, null, null, 2647(Long), 2647(String), null, 3595(String), integer(String), var3978(String), 2504(String), 2504(String), null, null, null, 3978(Long), 3978(String), null, 3596(String), integer(String), var1314(String), 2504(String), 2504(String), null, null, null, 1314(Long), 1314(String), null, 3597(String), integer(String), var2646(String), 2504(String), 2504(String), null, null, null, 2646(Long), 2646(String), null, 3598(String), integer(String), var3977(String), 2504(String), 2504(String), null, null, null, 3977(Long), 3977(String), null, 3599(String), integer(String), var1315(String), 2504(String), 2504(String), null, null, null, 1315(Long), 1315(String), null, 3600(String), integer(String), var2645(String), 2504(String), 2504(String), null, null, null, 2645(Long), 2645(String), null, 3601(String), integer(String), var3976(String), 2504(String), 2504(String), null, null, null, 3976(Long), 3976(String), null, 3602(String), integer(String), var1318(String), 2504(String), 2504(String), null, null, null, 1318(Long), 1318(String), null, 3603(String), integer(String), var1319(String), 2504(String), 2504(String), null, null, null, 1319(Long), 1319(String), null, 3604(String), integer(String), var2649(String), 2504(String), 2504(String), null, null, null, 2649(Long), 2649(String), null
10:48:05,493 [main] DEBUG org.activiti.engine.impl.persistence.entity.VariableInstanceEntity.bulkInsertVariableInstance  - &lt;==    Updates: 100
10:48:05,496 [main] DEBUG org.activiti.engine.impl.persistence.entity.VariableInstanceEntity.bulkInsertVariableInstance  - ==&gt;  Preparing: INSERT INTO ACT_RU_VARIABLE (ID_, REV_, TYPE_, NAME_, PROC_INST_ID_, EXECUTION_ID_, TASK_ID_, BYTEARRAY_ID_, DOUBLE_, LONG_ , TEXT_, TEXT2_) VALUES (?, 1, ?, ?, ?, ?, ?, ?, ?, ?, ?, ?) , (?, 1, ?, ?, ?, ?, ?, ?, ?, ?, ?, ?) , (?, 1, ?, ?, ?, ?, ?, ?, ?, ?, ?, ?) , (?, 1, ?, ?, ?, ?, ?, ?, ?, ?, ?, ?) , (?, 1, ?, ?, ?, ?, ?, ?, ?, ?, ?, ?) , (?, 1, ?, ?, ?, ?, ?, ?, ?, ?, ?, ?) , (?, 1, ?, ?, ?, ?, ?, ?, ?, ?, ?, ?) , (?, 1, ?, ?, ?, ?, ?, ?, ?, ?, ?, ?) , (?, 1, ?, ?, ?, ?, ?, ?, ?, ?, ?, ?) , (?, 1, ?, ?, ?, ?, ?, ?, ?, ?, ?, ?) , (?, 1, ?, ?, ?, ?, ?, ?, ?, ?, ?, ?) , (?, 1, ?, ?, ?, ?, ?, ?, ?, ?, ?, ?) , (?, 1, ?, ?, ?, ?, ?, ?, ?, ?, ?, ?) , (?, 1, ?, ?, ?, ?, ?, ?, ?, ?, ?, ?) , (?, 1, ?, ?, ?, ?, ?, ?, ?, ?, ?, ?) , (?, 1, ?, ?, ?, ?, ?, ?, ?, ?, ?, ?) , (?, 1, ?, ?, ?, ?, ?, ?, ?, ?, ?, ?) , (?, 1, ?, ?, ?, ?, ?, ?, ?, ?, ?, ?) , (?, 1, ?, ?, ?, ?, ?, ?, ?, ?, ?, ?) , (?, 1, ?, ?, ?, ?, ?, ?, ?, ?, ?, ?) , (?, 1, ?, ?, ?, ?, ?, ?, ?, ?, ?, ?) , (?, 1, ?, ?, ?, ?, ?, ?, ?, ?, ?, ?) , (?, 1, ?, ?, ?, ?, ?, ?, ?, ?, ?, ?) , (?, 1, ?, ?, ?, ?, ?, ?, ?, ?, ?, ?) , (?, 1, ?, ?, ?, ?, ?, ?, ?, ?, ?, ?) , (?, 1, ?, ?, ?, ?, ?, ?, ?, ?, ?, ?) , (?, 1, ?, ?, ?, ?, ?, ?, ?, ?, ?, ?) , (?, 1, ?, ?, ?, ?, ?, ?, ?, ?, ?, ?) , (?, 1, ?, ?, ?, ?, ?, ?, ?, ?, ?, ?) , (?, 1, ?, ?, ?, ?, ?, ?, ?, ?, ?, ?) , (?, 1, ?, ?, ?, ?, ?, ?, ?, ?, ?, ?) , (?, 1, ?, ?, ?, ?, ?, ?, ?, ?, ?, ?) , (?, 1, ?, ?, ?, ?, ?, ?, ?, ?, ?, ?) , (?, 1, ?, ?, ?, ?, ?, ?, ?, ?, ?, ?) , (?, 1, ?, ?, ?, ?, ?, ?, ?, ?, ?, ?) , (?, 1, ?, ?, ?, ?, ?, ?, ?, ?, ?, ?) , (?, 1, ?, ?, ?, ?, ?, ?, ?, ?, ?, ?) , (?, 1, ?, ?, ?, ?, ?, ?, ?, ?, ?, ?) , (?, 1, ?, ?, ?, ?, ?, ?, ?, ?, ?, ?) , (?, 1, ?, ?, ?, ?, ?, ?, ?, ?, ?, ?) , (?, 1, ?, ?, ?, ?, ?, ?, ?, ?, ?, ?) , (?, 1, ?, ?, ?, ?, ?, ?, ?, ?, ?, ?) , (?, 1, ?, ?, ?, ?, ?, ?, ?, ?, ?, ?) , (?, 1, ?, ?, ?, ?, ?, ?, ?, ?, ?, ?) , (?, 1, ?, ?, ?, ?, ?, ?, ?, ?, ?, ?) , (?, 1, ?, ?, ?, ?, ?, ?, ?, ?, ?, ?) , (?, 1, ?, ?, ?, ?, ?, ?, ?, ?, ?, ?) , (?, 1, ?, ?, ?, ?, ?, ?, ?, ?, ?, ?) , (?, 1, ?, ?, ?, ?, ?, ?, ?, ?, ?, ?) , (?, 1, ?, ?, ?, ?, ?, ?, ?, ?, ?, ?) , (?, 1, ?, ?, ?, ?, ?, ?, ?, ?, ?, ?) , (?, 1, ?, ?, ?, ?, ?, ?, ?, ?, ?, ?) , (?, 1, ?, ?, ?, ?, ?, ?, ?, ?, ?, ?) , (?, 1, ?, ?, ?, ?, ?, ?, ?, ?, ?, ?) , (?, 1, ?, ?, ?, ?, ?, ?, ?, ?, ?, ?) , (?, 1, ?, ?, ?, ?, ?, ?, ?, ?, ?, ?) , (?, 1, ?, ?, ?, ?, ?, ?, ?, ?, ?, ?) , (?, 1, ?, ?, ?, ?, ?, ?, ?, ?, ?, ?) , (?, 1, ?, ?, ?, ?, ?, ?, ?, ?, ?, ?) , (?, 1, ?, ?, ?, ?, ?, ?, ?, ?, ?, ?) , (?, 1, ?, ?, ?, ?, ?, ?, ?, ?, ?, ?) , (?, 1, ?, ?, ?, ?, ?, ?, ?, ?, ?, ?) , (?, 1, ?, ?, ?, ?, ?, ?, ?, ?, ?, ?) , (?, 1, ?, ?, ?, ?, ?, ?, ?, ?, ?, ?) , (?, 1, ?, ?, ?, ?, ?, ?, ?, ?, ?, ?) , (?, 1, ?, ?, ?, ?, ?, ?, ?, ?, ?, ?) , (?, 1, ?, ?, ?, ?, ?, ?, ?, ?, ?, ?) , (?, 1, ?, ?, ?, ?, ?, ?, ?, ?, ?, ?) , (?, 1, ?, ?, ?, ?, ?, ?, ?, ?, ?, ?) , (?, 1, ?, ?, ?, ?, ?, ?, ?, ?, ?, ?) , (?, 1, ?, ?, ?, ?, ?, ?, ?, ?, ?, ?) , (?, 1, ?, ?, ?, ?, ?, ?, ?, ?, ?, ?) , (?, 1, ?, ?, ?, ?, ?, ?, ?, ?, ?, ?) , (?, 1, ?, ?, ?, ?, ?, ?, ?, ?, ?, ?) , (?, 1, ?, ?, ?, ?, ?, ?, ?, ?, ?, ?) , (?, 1, ?, ?, ?, ?, ?, ?, ?, ?, ?, ?) , (?, 1, ?, ?, ?, ?, ?, ?, ?, ?, ?, ?) , (?, 1, ?, ?, ?, ?, ?, ?, ?, ?, ?, ?) , (?, 1, ?, ?, ?, ?, ?, ?, ?, ?, ?, ?) , (?, 1, ?, ?, ?, ?, ?, ?, ?, ?, ?, ?) , (?, 1, ?, ?, ?, ?, ?, ?, ?, ?, ?, ?) , (?, 1, ?, ?, ?, ?, ?, ?, ?, ?, ?, ?) , (?, 1, ?, ?, ?, ?, ?, ?, ?, ?, ?, ?) , (?, 1, ?, ?, ?, ?, ?, ?, ?, ?, ?, ?) , (?, 1, ?, ?, ?, ?, ?, ?, ?, ?, ?, ?) , (?, 1, ?, ?, ?, ?, ?, ?, ?, ?, ?, ?) , (?, 1, ?, ?, ?, ?, ?, ?, ?, ?, ?, ?) , (?, 1, ?, ?, ?, ?, ?, ?, ?, ?, ?, ?) , (?, 1, ?, ?, ?, ?, ?, ?, ?, ?, ?, ?) , (?, 1, ?, ?, ?, ?, ?, ?, ?, ?, ?, ?) , (?, 1, ?, ?, ?, ?, ?, ?, ?, ?, ?, ?) , (?, 1, ?, ?, ?, ?, ?, ?, ?, ?, ?, ?) , (?, 1, ?, ?, ?, ?, ?, ?, ?, ?, ?, ?) , (?, 1, ?, ?, ?, ?, ?, ?, ?, ?, ?, ?) , (?, 1, ?, ?, ?, ?, ?, ?, ?, ?, ?, ?) , (?, 1, ?, ?, ?, ?, ?, ?, ?, ?, ?, ?) , (?, 1, ?, ?, ?, ?, ?, ?, ?, ?, ?, ?) , (?, 1, ?, ?, ?, ?, ?, ?, ?, ?, ?, ?) , (?, 1, ?, ?, ?, ?, ?, ?, ?, ?, ?, ?) , (?, 1, ?, ?, ?, ?, ?, ?, ?, ?, ?, ?) 
10:48:05,499 [main] DEBUG org.activiti.engine.impl.persistence.entity.VariableInstanceEntity.bulkInsertVariableInstance  - ==&gt; Parameters: 3605(String), integer(String), var2651(String), 2504(String), 2504(String), null, null, null, 2651(Long), 2651(String), null, 3606(String), integer(String), var3982(String), 2504(String), 2504(String), null, null, null, 3982(Long), 3982(String), null, 3607(String), integer(String), var1320(String), 2504(String), 2504(String), null, null, null, 1320(Long), 1320(String), null, 3608(String), integer(String), var2650(String), 2504(String), 2504(String), null, null, null, 2650(Long), 2650(String), null, 3609(String), integer(String), var3981(String), 2504(String), 2504(String), null, null, null, 3981(Long), 3981(String), null, 3610(String), integer(String), var3980(String), 2504(String), 2504(String), null, null, null, 3980(Long), 3980(String), null, 3611(String), integer(String), var1323(String), 2504(String), 2504(String), null, null, null, 1323(Long), 1323(String), null, 3612(String), integer(String), var2655(String), 2504(String), 2504(String), null, null, null, 2655(Long), 2655(String), null, 3613(String), integer(String), var3986(String), 2504(String), 2504(String), null, null, null, 3986(Long), 3986(String), null, 3614(String), integer(String), var1324(String), 2504(String), 2504(String), null, null, null, 1324(Long), 1324(String), null, 3615(String), integer(String), var2654(String), 2504(String), 2504(String), null, null, null, 2654(Long), 2654(String), null, 3616(String), integer(String), var3985(String), 2504(String), 2504(String), null, null, null, 3985(Long), 3985(String), null, 3617(String), integer(String), var1321(String), 2504(String), 2504(String), null, null, null, 1321(Long), 1321(String), null, 3618(String), integer(String), var2653(String), 2504(String), 2504(String), null, null, null, 2653(Long), 2653(String), null, 3619(String), integer(String), var3984(String), 2504(String), 2504(String), null, null, null, 3984(Long), 3984(String), null, 3620(String), integer(String), var1322(String), 2504(String), 2504(String), null, null, null, 1322(Long), 1322(String), null, 3621(String), integer(String), var2652(String), 2504(String), 2504(String), null, null, null, 2652(Long), 2652(String), null, 3622(String), integer(String), var3983(String), 2504(String), 2504(String), null, null, null, 3983(Long), 3983(String), null, 3623(String), integer(String), var1327(String), 2504(String), 2504(String), null, null, null, 1327(Long), 1327(String), null, 3624(String), integer(String), var2659(String), 2504(String), 2504(String), null, null, null, 2659(Long), 2659(String), null, 3625(String), integer(String), var1328(String), 2504(String), 2504(String), null, null, null, 1328(Long), 1328(String), null, 3626(String), integer(String), var2658(String), 2504(String), 2504(String), null, null, null, 2658(Long), 2658(String), null, 3627(String), integer(String), var3989(String), 2504(String), 2504(String), null, null, null, 3989(Long), 3989(String), null, 3628(String), integer(String), var1325(String), 2504(String), 2504(String), null, null, null, 1325(Long), 1325(String), null, 3629(String), integer(String), var2657(String), 2504(String), 2504(String), null, null, null, 2657(Long), 2657(String), null, 3630(String), integer(String), var3988(String), 2504(String), 2504(String), null, null, null, 3988(Long), 3988(String), null, 3631(String), integer(String), var1326(String), 2504(String), 2504(String), null, null, null, 1326(Long), 1326(String), null, 3632(String), integer(String), var2656(String), 2504(String), 2504(String), null, null, null, 2656(Long), 2656(String), null, 3633(String), integer(String), var3987(String), 2504(String), 2504(String), null, null, null, 3987(Long), 3987(String), null, 3634(String), integer(String), var1329(String), 2504(String), 2504(String), null, null, null, 1329(Long), 1329(String), null, 3635(String), integer(String), var1330(String), 2504(String), 2504(String), null, null, null, 1330(Long), 1330(String), null, 3636(String), integer(String), var2662(String), 2504(String), 2504(String), null, null, null, 2662(Long), 2662(String), null, 3637(String), integer(String), var3993(String), 2504(String), 2504(String), null, null, null, 3993(Long), 3993(String), null, 3638(String), integer(String), var1331(String), 2504(String), 2504(String), null, null, null, 1331(Long), 1331(String), null, 3639(String), integer(String), var2661(String), 2504(String), 2504(String), null, null, null, 2661(Long), 2661(String), null, 3640(String), integer(String), var3992(String), 2504(String), 2504(String), null, null, null, 3992(Long), 3992(String), null, 3641(String), integer(String), var2660(String), 2504(String), 2504(String), null, null, null, 2660(Long), 2660(String), null, 3642(String), integer(String), var3991(String), 2504(String), 2504(String), null, null, null, 3991(Long), 3991(String), null, 3643(String), integer(String), var3990(String), 2504(String), 2504(String), null, null, null, 3990(Long), 3990(String), null, 3644(String), integer(String), var1334(String), 2504(String), 2504(String), null, null, null, 1334(Long), 1334(String), null, 3645(String), integer(String), var2666(String), 2504(String), 2504(String), null, null, null, 2666(Long), 2666(String), null, 3646(String), integer(String), var3997(String), 2504(String), 2504(String), null, null, null, 3997(Long), 3997(String), null, 3647(String), integer(String), var1335(String), 2504(String), 2504(String), null, null, null, 1335(Long), 1335(String), null, 3648(String), integer(String), var2665(String), 2504(String), 2504(String), null, null, null, 2665(Long), 2665(String), null, 3649(String), integer(String), var3996(String), 2504(String), 2504(String), null, null, null, 3996(Long), 3996(String), null, 3650(String), integer(String), var1332(String), 2504(String), 2504(String), null, null, null, 1332(Long), 1332(String), null, 3651(String), integer(String), var2664(String), 2504(String), 2504(String), null, null, null, 2664(Long), 2664(String), null, 3652(String), integer(String), var3995(String), 2504(String), 2504(String), null, null, null, 3995(Long), 3995(String), null, 3653(String), integer(String), var1333(String), 2504(String), 2504(String), null, null, null, 1333(Long), 1333(String), null, 3654(String), integer(String), var2663(String), 2504(String), 2504(String), null, null, null, 2663(Long), 2663(String), null, 3655(String), integer(String), var3994(String), 2504(String), 2504(String), null, null, null, 3994(Long), 3994(String), null, 3656(String), integer(String), var1338(String), 2504(String), 2504(String), null, null, null, 1338(Long), 1338(String), null, 3657(String), integer(String), var1339(String), 2504(String), 2504(String), null, null, null, 1339(Long), 1339(String), null, 3658(String), integer(String), var2669(String), 2504(String), 2504(String), null, null, null, 2669(Long), 2669(String), null, 3659(String), integer(String), var1336(String), 2504(String), 2504(String), null, null, null, 1336(Long), 1336(String), null, 3660(String), integer(String), var2668(String), 2504(String), 2504(String), null, null, null, 2668(Long), 2668(String), null, 3661(String), integer(String), var3999(String), 2504(String), 2504(String), null, null, null, 3999(Long), 3999(String), null, 3662(String), integer(String), var1337(String), 2504(String), 2504(String), null, null, null, 1337(Long), 1337(String), null, 3663(String), integer(String), var2667(String), 2504(String), 2504(String), null, null, null, 2667(Long), 2667(String), null, 3664(String), integer(String), var3998(String), 2504(String), 2504(String), null, null, null, 3998(Long), 3998(String), null, 3665(String), integer(String), var1341(String), 2504(String), 2504(String), null, null, null, 1341(Long), 1341(String), null, 3666(String), integer(String), var2673(String), 2504(String), 2504(String), null, null, null, 2673(Long), 2673(String), null, 3667(String), integer(String), var1342(String), 2504(String), 2504(String), null, null, null, 1342(Long), 1342(String), null, 3668(String), integer(String), var2672(String), 2504(String), 2504(String), null, null, null, 2672(Long), 2672(String), null, 3669(String), integer(String), var2671(String), 2504(String), 2504(String), null, null, null, 2671(Long), 2671(String), null, 3670(String), integer(String), var1340(String), 2504(String), 2504(String), null, null, null, 1340(Long), 1340(String), null, 3671(String), integer(String), var2670(String), 2504(String), 2504(String), null, null, null, 2670(Long), 2670(String), null, 3672(String), integer(String), var1345(String), 2504(String), 2504(String), null, null, null, 1345(Long), 1345(String), null, 3673(String), integer(String), var2677(String), 2504(String), 2504(String), null, null, null, 2677(Long), 2677(String), null, 3674(String), integer(String), var1346(String), 2504(String), 2504(String), null, null, null, 1346(Long), 1346(String), null, 3675(String), integer(String), var2676(String), 2504(String), 2504(String), null, null, null, 2676(Long), 2676(String), null, 3676(String), integer(String), var1343(String), 2504(String), 2504(String), null, null, null, 1343(Long), 1343(String), null, 3677(String), integer(String), var2675(String), 2504(String), 2504(String), null, null, null, 2675(Long), 2675(String), null, 3678(String), integer(String), var1344(String), 2504(String), 2504(String), null, null, null, 1344(Long), 1344(String), null, 3679(String), integer(String), var2674(String), 2504(String), 2504(String), null, null, null, 2674(Long), 2674(String), null, 3680(String), integer(String), var1349(String), 2504(String), 2504(String), null, null, null, 1349(Long), 1349(String), null, 3681(String), integer(String), var1347(String), 2504(String), 2504(String), null, null, null, 1347(Long), 1347(String), null, 3682(String), integer(String), var2679(String), 2504(String), 2504(String), null, null, null, 2679(Long), 2679(String), null, 3683(String), integer(String), var1348(String), 2504(String), 2504(String), null, null, null, 1348(Long), 1348(String), null, 3684(String), integer(String), var2678(String), 2504(String), 2504(String), null, null, null, 2678(Long), 2678(String), null, 3685(String), integer(String), var2680(String), 2504(String), 2504(String), null, null, null, 2680(Long), 2680(String), null, 3686(String), integer(String), var1352(String), 2504(String), 2504(String), null, null, null, 1352(Long), 1352(String), null, 3687(String), integer(String), var2684(String), 2504(String), 2504(String), null, null, null, 2684(Long), 2684(String), null, 3688(String), integer(String), var1353(String), 2504(String), 2504(String), null, null, null, 1353(Long), 1353(String), null, 3689(String), integer(String), var2683(String), 2504(String), 2504(String), null, null, null, 2683(Long), 2683(String), null, 3690(String), integer(String), var1350(String), 2504(String), 2504(String), null, null, null, 1350(Long), 1350(String), null, 3691(String), integer(String), var2682(String), 2504(String), 2504(String), null, null, null, 2682(Long), 2682(String), null, 3692(String), integer(String), var1351(String), 2504(String), 2504(String), null, null, null, 1351(Long), 1351(String), null, 3693(String), integer(String), var2681(String), 2504(String), 2504(String), null, null, null, 2681(Long), 2681(String), null, 3694(String), integer(String), var1356(String), 2504(String), 2504(String), null, null, null, 1356(Long), 1356(String), null, 3695(String), integer(String), var2688(String), 2504(String), 2504(String), null, null, null, 2688(Long), 2688(String), null, 3696(String), integer(String), var1357(String), 2504(String), 2504(String), null, null, null, 1357(Long), 1357(String), null, 3697(String), integer(String), var2687(String), 2504(String), 2504(String), null, null, null, 2687(Long), 2687(String), null, 3698(String), integer(String), var1354(String), 2504(String), 2504(String), null, null, null, 1354(Long), 1354(String), null, 3699(String), integer(String), var2686(String), 2504(String), 2504(String), null, null, null, 2686(Long), 2686(String), null, 3700(String), integer(String), var1355(String), 2504(String), 2504(String), null, null, null, 1355(Long), 1355(String), null, 3701(String), integer(String), var2685(String), 2504(String), 2504(String), null, null, null, 2685(Long), 2685(String), null, 3702(String), integer(String), var1358(String), 2504(String), 2504(String), null, null, null, 1358(Long), 1358(String), null, 3703(String), integer(String), var1359(String), 2504(String), 2504(String), null, null, null, 1359(Long), 1359(String), null, 3704(String), integer(String), var2689(String), 2504(String), 2504(String), null, null, null, 2689(Long), 2689(String), null
10:48:05,499 [main] DEBUG org.activiti.engine.impl.persistence.entity.VariableInstanceEntity.bulkInsertVariableInstance  - &lt;==    Updates: 100
10:48:05,502 [Thread-102] DEBUG org.activiti.engine.impl.asyncexecutor.AcquireTimerJobsRunnable  - timer job acquisition thread woke up
10:48:05,502 [Thread-102] DEBUG org.activiti.engine.impl.interceptor.LogInterceptor  - 

10:48:05,502 [Thread-102] DEBUG org.activiti.engine.impl.interceptor.LogInterceptor  - --- starting AcquireTimerJobsCmd --------------------------------------------------------
10:48:05,502 [Thread-102] DEBUG org.apache.ibatis.transaction.jdbc.JdbcTransaction  - Opening JDBC Connection
10:48:05,502 [Thread-102] DEBUG org.apache.ibatis.datasource.pooled.PooledDataSource  - Checked out connection 157985567 from pool.
10:48:05,502 [Thread-102] DEBUG org.apache.ibatis.transaction.jdbc.JdbcTransaction  - Setting autocommit to false on JDBC Connection [conn61: url=jdbc:h2:mem:activiti-AsyncExecutorTest user=SA]
10:48:05,502 [Thread-102] DEBUG org.activiti.engine.impl.persistence.entity.JobEntity.selectNextTimerJobsToExecute  - ==&gt;  Preparing: select RES.* from ACT_RU_JOB RES LEFT OUTER JOIN ACT_RU_EXECUTION PI ON PI.ID_ = RES.PROCESS_INSTANCE_ID_ where (RES.RETRIES_ &gt; 0) and (RES.DUEDATE_ is null or RES.DUEDATE_ &lt;= ?) and (RES.LOCK_OWNER_ is null or RES.LOCK_EXP_TIME_ &lt;= ?) and TYPE_ = &apos;timer&apos; and ( (RES.EXECUTION_ID_ is null) or (PI.SUSPENSION_STATE_ = 1) ) LIMIT ? OFFSET ? 
10:48:05,502 [Thread-102] DEBUG org.activiti.engine.impl.persistence.entity.JobEntity.selectNextTimerJobsToExecute  - ==&gt; Parameters: 2023-03-20 10:48:05.502(Timestamp), 2023-03-20 10:48:05.502(Timestamp), 1(Integer), 0(Integer)
10:48:05,502 [Thread-102] DEBUG org.activiti.engine.impl.persistence.entity.JobEntity.selectNextTimerJobsToExecute  - &lt;==      Total: 0
10:48:05,502 [Thread-102] DEBUG org.activiti.engine.impl.db.DbSqlSession  - flush summary: 0 insert, 0 update, 0 delete.
10:48:05,502 [Thread-102] DEBUG org.activiti.engine.impl.db.DbSqlSession  - now executing flush...
10:48:05,502 [Thread-102] DEBUG org.activiti.engine.impl.cfg.standalone.StandaloneMybatisTransactionContext  - firing event committing...
10:48:05,502 [Thread-102] DEBUG org.activiti.engine.impl.cfg.standalone.StandaloneMybatisTransactionContext  - committing the ibatis sql session...
10:48:05,502 [Thread-102] DEBUG org.activiti.engine.impl.cfg.standalone.StandaloneMybatisTransactionContext  - firing event committed...
10:48:05,502 [Thread-102] DEBUG org.apache.ibatis.transaction.jdbc.JdbcTransaction  - Resetting autocommit to true on JDBC Connection [conn61: url=jdbc:h2:mem:activiti-AsyncExecutorTest user=SA]
10:48:05,502 [Thread-102] DEBUG org.apache.ibatis.transaction.jdbc.JdbcTransaction  - Closing JDBC Connection [conn61: url=jdbc:h2:mem:activiti-AsyncExecutorTest user=SA]
10:48:05,502 [Thread-102] DEBUG org.apache.ibatis.datasource.pooled.PooledDataSource  - Returned connection 157985567 to pool.
10:48:05,502 [Thread-102] DEBUG org.activiti.engine.impl.interceptor.LogInterceptor  - --- AcquireTimerJobsCmd finished --------------------------------------------------------
10:48:05,502 [Thread-102] DEBUG org.activiti.engine.impl.interceptor.LogInterceptor  - 

10:48:05,502 [Thread-102] DEBUG org.activiti.engine.impl.asyncexecutor.AcquireTimerJobsRunnable  - timer job acquisition thread sleeping for 50 millis
10:48:05,503 [main] DEBUG org.activiti.engine.impl.persistence.entity.VariableInstanceEntity.bulkInsertVariableInstance  - ==&gt;  Preparing: INSERT INTO ACT_RU_VARIABLE (ID_, REV_, TYPE_, NAME_, PROC_INST_ID_, EXECUTION_ID_, TASK_ID_, BYTEARRAY_ID_, DOUBLE_, LONG_ , TEXT_, TEXT2_) VALUES (?, 1, ?, ?, ?, ?, ?, ?, ?, ?, ?, ?) , (?, 1, ?, ?, ?, ?, ?, ?, ?, ?, ?, ?) , (?, 1, ?, ?, ?, ?, ?, ?, ?, ?, ?, ?) , (?, 1, ?, ?, ?, ?, ?, ?, ?, ?, ?, ?) , (?, 1, ?, ?, ?, ?, ?, ?, ?, ?, ?, ?) , (?, 1, ?, ?, ?, ?, ?, ?, ?, ?, ?, ?) , (?, 1, ?, ?, ?, ?, ?, ?, ?, ?, ?, ?) , (?, 1, ?, ?, ?, ?, ?, ?, ?, ?, ?, ?) , (?, 1, ?, ?, ?, ?, ?, ?, ?, ?, ?, ?) , (?, 1, ?, ?, ?, ?, ?, ?, ?, ?, ?, ?) , (?, 1, ?, ?, ?, ?, ?, ?, ?, ?, ?, ?) , (?, 1, ?, ?, ?, ?, ?, ?, ?, ?, ?, ?) , (?, 1, ?, ?, ?, ?, ?, ?, ?, ?, ?, ?) , (?, 1, ?, ?, ?, ?, ?, ?, ?, ?, ?, ?) , (?, 1, ?, ?, ?, ?, ?, ?, ?, ?, ?, ?) , (?, 1, ?, ?, ?, ?, ?, ?, ?, ?, ?, ?) , (?, 1, ?, ?, ?, ?, ?, ?, ?, ?, ?, ?) , (?, 1, ?, ?, ?, ?, ?, ?, ?, ?, ?, ?) , (?, 1, ?, ?, ?, ?, ?, ?, ?, ?, ?, ?) , (?, 1, ?, ?, ?, ?, ?, ?, ?, ?, ?, ?) , (?, 1, ?, ?, ?, ?, ?, ?, ?, ?, ?, ?) , (?, 1, ?, ?, ?, ?, ?, ?, ?, ?, ?, ?) , (?, 1, ?, ?, ?, ?, ?, ?, ?, ?, ?, ?) , (?, 1, ?, ?, ?, ?, ?, ?, ?, ?, ?, ?) , (?, 1, ?, ?, ?, ?, ?, ?, ?, ?, ?, ?) , (?, 1, ?, ?, ?, ?, ?, ?, ?, ?, ?, ?) , (?, 1, ?, ?, ?, ?, ?, ?, ?, ?, ?, ?) , (?, 1, ?, ?, ?, ?, ?, ?, ?, ?, ?, ?) , (?, 1, ?, ?, ?, ?, ?, ?, ?, ?, ?, ?) , (?, 1, ?, ?, ?, ?, ?, ?, ?, ?, ?, ?) , (?, 1, ?, ?, ?, ?, ?, ?, ?, ?, ?, ?) , (?, 1, ?, ?, ?, ?, ?, ?, ?, ?, ?, ?) , (?, 1, ?, ?, ?, ?, ?, ?, ?, ?, ?, ?) , (?, 1, ?, ?, ?, ?, ?, ?, ?, ?, ?, ?) , (?, 1, ?, ?, ?, ?, ?, ?, ?, ?, ?, ?) , (?, 1, ?, ?, ?, ?, ?, ?, ?, ?, ?, ?) , (?, 1, ?, ?, ?, ?, ?, ?, ?, ?, ?, ?) , (?, 1, ?, ?, ?, ?, ?, ?, ?, ?, ?, ?) , (?, 1, ?, ?, ?, ?, ?, ?, ?, ?, ?, ?) , (?, 1, ?, ?, ?, ?, ?, ?, ?, ?, ?, ?) , (?, 1, ?, ?, ?, ?, ?, ?, ?, ?, ?, ?) , (?, 1, ?, ?, ?, ?, ?, ?, ?, ?, ?, ?) , (?, 1, ?, ?, ?, ?, ?, ?, ?, ?, ?, ?) , (?, 1, ?, ?, ?, ?, ?, ?, ?, ?, ?, ?) , (?, 1, ?, ?, ?, ?, ?, ?, ?, ?, ?, ?) , (?, 1, ?, ?, ?, ?, ?, ?, ?, ?, ?, ?) , (?, 1, ?, ?, ?, ?, ?, ?, ?, ?, ?, ?) , (?, 1, ?, ?, ?, ?, ?, ?, ?, ?, ?, ?) , (?, 1, ?, ?, ?, ?, ?, ?, ?, ?, ?, ?) , (?, 1, ?, ?, ?, ?, ?, ?, ?, ?, ?, ?) , (?, 1, ?, ?, ?, ?, ?, ?, ?, ?, ?, ?) , (?, 1, ?, ?, ?, ?, ?, ?, ?, ?, ?, ?) , (?, 1, ?, ?, ?, ?, ?, ?, ?, ?, ?, ?) , (?, 1, ?, ?, ?, ?, ?, ?, ?, ?, ?, ?) , (?, 1, ?, ?, ?, ?, ?, ?, ?, ?, ?, ?) , (?, 1, ?, ?, ?, ?, ?, ?, ?, ?, ?, ?) , (?, 1, ?, ?, ?, ?, ?, ?, ?, ?, ?, ?) , (?, 1, ?, ?, ?, ?, ?, ?, ?, ?, ?, ?) , (?, 1, ?, ?, ?, ?, ?, ?, ?, ?, ?, ?) , (?, 1, ?, ?, ?, ?, ?, ?, ?, ?, ?, ?) , (?, 1, ?, ?, ?, ?, ?, ?, ?, ?, ?, ?) , (?, 1, ?, ?, ?, ?, ?, ?, ?, ?, ?, ?) , (?, 1, ?, ?, ?, ?, ?, ?, ?, ?, ?, ?) , (?, 1, ?, ?, ?, ?, ?, ?, ?, ?, ?, ?) , (?, 1, ?, ?, ?, ?, ?, ?, ?, ?, ?, ?) , (?, 1, ?, ?, ?, ?, ?, ?, ?, ?, ?, ?) , (?, 1, ?, ?, ?, ?, ?, ?, ?, ?, ?, ?) , (?, 1, ?, ?, ?, ?, ?, ?, ?, ?, ?, ?) , (?, 1, ?, ?, ?, ?, ?, ?, ?, ?, ?, ?) , (?, 1, ?, ?, ?, ?, ?, ?, ?, ?, ?, ?) , (?, 1, ?, ?, ?, ?, ?, ?, ?, ?, ?, ?) , (?, 1, ?, ?, ?, ?, ?, ?, ?, ?, ?, ?) , (?, 1, ?, ?, ?, ?, ?, ?, ?, ?, ?, ?) , (?, 1, ?, ?, ?, ?, ?, ?, ?, ?, ?, ?) , (?, 1, ?, ?, ?, ?, ?, ?, ?, ?, ?, ?) , (?, 1, ?, ?, ?, ?, ?, ?, ?, ?, ?, ?) , (?, 1, ?, ?, ?, ?, ?, ?, ?, ?, ?, ?) , (?, 1, ?, ?, ?, ?, ?, ?, ?, ?, ?, ?) , (?, 1, ?, ?, ?, ?, ?, ?, ?, ?, ?, ?) , (?, 1, ?, ?, ?, ?, ?, ?, ?, ?, ?, ?) , (?, 1, ?, ?, ?, ?, ?, ?, ?, ?, ?, ?) , (?, 1, ?, ?, ?, ?, ?, ?, ?, ?, ?, ?) , (?, 1, ?, ?, ?, ?, ?, ?, ?, ?, ?, ?) , (?, 1, ?, ?, ?, ?, ?, ?, ?, ?, ?, ?) , (?, 1, ?, ?, ?, ?, ?, ?, ?, ?, ?, ?) , (?, 1, ?, ?, ?, ?, ?, ?, ?, ?, ?, ?) , (?, 1, ?, ?, ?, ?, ?, ?, ?, ?, ?, ?) , (?, 1, ?, ?, ?, ?, ?, ?, ?, ?, ?, ?) , (?, 1, ?, ?, ?, ?, ?, ?, ?, ?, ?, ?) , (?, 1, ?, ?, ?, ?, ?, ?, ?, ?, ?, ?) , (?, 1, ?, ?, ?, ?, ?, ?, ?, ?, ?, ?) , (?, 1, ?, ?, ?, ?, ?, ?, ?, ?, ?, ?) , (?, 1, ?, ?, ?, ?, ?, ?, ?, ?, ?, ?) , (?, 1, ?, ?, ?, ?, ?, ?, ?, ?, ?, ?) , (?, 1, ?, ?, ?, ?, ?, ?, ?, ?, ?, ?) , (?, 1, ?, ?, ?, ?, ?, ?, ?, ?, ?, ?) , (?, 1, ?, ?, ?, ?, ?, ?, ?, ?, ?, ?) , (?, 1, ?, ?, ?, ?, ?, ?, ?, ?, ?, ?) , (?, 1, ?, ?, ?, ?, ?, ?, ?, ?, ?, ?) , (?, 1, ?, ?, ?, ?, ?, ?, ?, ?, ?, ?) 
10:48:05,504 [main] DEBUG org.activiti.engine.impl.persistence.entity.VariableInstanceEntity.bulkInsertVariableInstance  - ==&gt; Parameters: 3705(String), integer(String), var2570(String), 2504(String), 2504(String), null, null, null, 2570(Long), 2570(String), null, 3706(String), integer(String), var1242(String), 2504(String), 2504(String), null, null, null, 1242(Long), 1242(String), null, 3707(String), integer(String), var2574(String), 2504(String), 2504(String), null, null, null, 2574(Long), 2574(String), null, 3708(String), integer(String), var1243(String), 2504(String), 2504(String), null, null, null, 1243(Long), 1243(String), null, 3709(String), integer(String), var2573(String), 2504(String), 2504(String), null, null, null, 2573(Long), 2573(String), null, 3710(String), integer(String), var1240(String), 2504(String), 2504(String), null, null, null, 1240(Long), 1240(String), null, 3711(String), integer(String), var2572(String), 2504(String), 2504(String), null, null, null, 2572(Long), 2572(String), null, 3712(String), integer(String), var1241(String), 2504(String), 2504(String), null, null, null, 1241(Long), 1241(String), null, 3713(String), integer(String), var2571(String), 2504(String), 2504(String), null, null, null, 2571(Long), 2571(String), null, 3714(String), integer(String), var666(String), 2504(String), 2504(String), null, null, null, 666(Long), 666(String), null, 3715(String), integer(String), var1246(String), 2504(String), 2504(String), null, null, null, 1246(Long), 1246(String), null, 3716(String), integer(String), var2578(String), 2504(String), 2504(String), null, null, null, 2578(Long), 2578(String), null, 3717(String), integer(String), var665(String), 2504(String), 2504(String), null, null, null, 665(Long), 665(String), null, 3718(String), integer(String), var1247(String), 2504(String), 2504(String), null, null, null, 1247(Long), 1247(String), null, 3719(String), integer(String), var2577(String), 2504(String), 2504(String), null, null, null, 2577(Long), 2577(String), null, 3720(String), integer(String), var664(String), 2504(String), 2504(String), null, null, null, 664(Long), 664(String), null, 3721(String), integer(String), var1244(String), 2504(String), 2504(String), null, null, null, 1244(Long), 1244(String), null, 3722(String), integer(String), var2576(String), 2504(String), 2504(String), null, null, null, 2576(Long), 2576(String), null, 3723(String), integer(String), var663(String), 2504(String), 2504(String), null, null, null, 663(Long), 663(String), null, 3724(String), integer(String), var1245(String), 2504(String), 2504(String), null, null, null, 1245(Long), 1245(String), null, 3725(String), integer(String), var2575(String), 2504(String), 2504(String), null, null, null, 2575(Long), 2575(String), null, 3726(String), integer(String), var662(String), 2504(String), 2504(String), null, null, null, 662(Long), 662(String), null, 3727(String), integer(String), var661(String), 2504(String), 2504(String), null, null, null, 661(Long), 661(String), null, 3728(String), integer(String), var660(String), 2504(String), 2504(String), null, null, null, 660(Long), 660(String), null, 3729(String), integer(String), var1248(String), 2504(String), 2504(String), null, null, null, 1248(Long), 1248(String), null, 3730(String), integer(String), var1249(String), 2504(String), 2504(String), null, null, null, 1249(Long), 1249(String), null, 3731(String), integer(String), var2579(String), 2504(String), 2504(String), null, null, null, 2579(Long), 2579(String), null, 3732(String), integer(String), var669(String), 2504(String), 2504(String), null, null, null, 669(Long), 669(String), null, 3733(String), integer(String), var668(String), 2504(String), 2504(String), null, null, null, 668(Long), 668(String), null, 3734(String), integer(String), var667(String), 2504(String), 2504(String), null, null, null, 667(Long), 667(String), null, 3735(String), integer(String), var2581(String), 2504(String), 2504(String), null, null, null, 2581(Long), 2581(String), null, 3736(String), integer(String), var1250(String), 2504(String), 2504(String), null, null, null, 1250(Long), 1250(String), null, 3737(String), integer(String), var2580(String), 2504(String), 2504(String), null, null, null, 2580(Long), 2580(String), null, 3738(String), integer(String), var1253(String), 2504(String), 2504(String), null, null, null, 1253(Long), 1253(String), null, 3739(String), integer(String), var2585(String), 2504(String), 2504(String), null, null, null, 2585(Long), 2585(String), null, 3740(String), integer(String), var1254(String), 2504(String), 2504(String), null, null, null, 1254(Long), 1254(String), null, 3741(String), integer(String), var2584(String), 2504(String), 2504(String), null, null, null, 2584(Long), 2584(String), null, 3742(String), integer(String), var1251(String), 2504(String), 2504(String), null, null, null, 1251(Long), 1251(String), null, 3743(String), integer(String), var2583(String), 2504(String), 2504(String), null, null, null, 2583(Long), 2583(String), null, 3744(String), integer(String), var1252(String), 2504(String), 2504(String), null, null, null, 1252(Long), 1252(String), null, 3745(String), integer(String), var2582(String), 2504(String), 2504(String), null, null, null, 2582(Long), 2582(String), null, 3746(String), integer(String), var655(String), 2504(String), 2504(String), null, null, null, 655(Long), 655(String), null, 3747(String), integer(String), var1257(String), 2504(String), 2504(String), null, null, null, 1257(Long), 1257(String), null, 3748(String), integer(String), var2589(String), 2504(String), 2504(String), null, null, null, 2589(Long), 2589(String), null, 3749(String), integer(String), var654(String), 2504(String), 2504(String), null, null, null, 654(Long), 654(String), null, 3750(String), integer(String), var1258(String), 2504(String), 2504(String), null, null, null, 1258(Long), 1258(String), null, 3751(String), integer(String), var2588(String), 2504(String), 2504(String), null, null, null, 2588(Long), 2588(String), null, 3752(String), integer(String), var653(String), 2504(String), 2504(String), null, null, null, 653(Long), 653(String), null, 3753(String), integer(String), var1255(String), 2504(String), 2504(String), null, null, null, 1255(Long), 1255(String), null, 3754(String), integer(String), var2587(String), 2504(String), 2504(String), null, null, null, 2587(Long), 2587(String), null, 3755(String), integer(String), var652(String), 2504(String), 2504(String), null, null, null, 652(Long), 652(String), null, 3756(String), integer(String), var1256(String), 2504(String), 2504(String), null, null, null, 1256(Long), 1256(String), null, 3757(String), integer(String), var2586(String), 2504(String), 2504(String), null, null, null, 2586(Long), 2586(String), null, 3758(String), integer(String), var651(String), 2504(String), 2504(String), null, null, null, 651(Long), 651(String), null, 3759(String), integer(String), var650(String), 2504(String), 2504(String), null, null, null, 650(Long), 650(String), null, 3760(String), integer(String), var1259(String), 2504(String), 2504(String), null, null, null, 1259(Long), 1259(String), null, 3761(String), integer(String), var659(String), 2504(String), 2504(String), null, null, null, 659(Long), 659(String), null, 3762(String), integer(String), var658(String), 2504(String), 2504(String), null, null, null, 658(Long), 658(String), null, 3763(String), integer(String), var657(String), 2504(String), 2504(String), null, null, null, 657(Long), 657(String), null, 3764(String), integer(String), var656(String), 2504(String), 2504(String), null, null, null, 656(Long), 656(String), null, 3765(String), integer(String), var1260(String), 2504(String), 2504(String), null, null, null, 1260(Long), 1260(String), null, 3766(String), integer(String), var2592(String), 2504(String), 2504(String), null, null, null, 2592(Long), 2592(String), null, 3767(String), integer(String), var1261(String), 2504(String), 2504(String), null, null, null, 1261(Long), 1261(String), null, 3768(String), integer(String), var2591(String), 2504(String), 2504(String), null, null, null, 2591(Long), 2591(String), null, 3769(String), integer(String), var2590(String), 2504(String), 2504(String), null, null, null, 2590(Long), 2590(String), null, 3770(String), integer(String), var1264(String), 2504(String), 2504(String), null, null, null, 1264(Long), 1264(String), null, 3771(String), integer(String), var2596(String), 2504(String), 2504(String), null, null, null, 2596(Long), 2596(String), null, 3772(String), integer(String), var1265(String), 2504(String), 2504(String), null, null, null, 1265(Long), 1265(String), null, 3773(String), integer(String), var2595(String), 2504(String), 2504(String), null, null, null, 2595(Long), 2595(String), null, 3774(String), integer(String), var1262(String), 2504(String), 2504(String), null, null, null, 1262(Long), 1262(String), null, 3775(String), integer(String), var2594(String), 2504(String), 2504(String), null, null, null, 2594(Long), 2594(String), null, 3776(String), integer(String), var1263(String), 2504(String), 2504(String), null, null, null, 1263(Long), 1263(String), null, 3777(String), integer(String), var2593(String), 2504(String), 2504(String), null, null, null, 2593(Long), 2593(String), null, 3778(String), integer(String), var644(String), 2504(String), 2504(String), null, null, null, 644(Long), 644(String), null, 3779(String), integer(String), var1268(String), 2504(String), 2504(String), null, null, null, 1268(Long), 1268(String), null, 3780(String), integer(String), var643(String), 2504(String), 2504(String), null, null, null, 643(Long), 643(String), null, 3781(String), integer(String), var1269(String), 2504(String), 2504(String), null, null, null, 1269(Long), 1269(String), null, 3782(String), integer(String), var2599(String), 2504(String), 2504(String), null, null, null, 2599(Long), 2599(String), null, 3783(String), integer(String), var642(String), 2504(String), 2504(String), null, null, null, 642(Long), 642(String), null, 3784(String), integer(String), var1266(String), 2504(String), 2504(String), null, null, null, 1266(Long), 1266(String), null, 3785(String), integer(String), var2598(String), 2504(String), 2504(String), null, null, null, 2598(Long), 2598(String), null, 3786(String), integer(String), var641(String), 2504(String), 2504(String), null, null, null, 641(Long), 641(String), null, 3787(String), integer(String), var1267(String), 2504(String), 2504(String), null, null, null, 1267(Long), 1267(String), null, 3788(String), integer(String), var2597(String), 2504(String), 2504(String), null, null, null, 2597(Long), 2597(String), null, 3789(String), integer(String), var640(String), 2504(String), 2504(String), null, null, null, 640(Long), 640(String), null, 3790(String), integer(String), var649(String), 2504(String), 2504(String), null, null, null, 649(Long), 649(String), null, 3791(String), integer(String), var648(String), 2504(String), 2504(String), null, null, null, 648(Long), 648(String), null, 3792(String), integer(String), var647(String), 2504(String), 2504(String), null, null, null, 647(Long), 647(String), null, 3793(String), integer(String), var646(String), 2504(String), 2504(String), null, null, null, 646(Long), 646(String), null, 3794(String), integer(String), var645(String), 2504(String), 2504(String), null, null, null, 645(Long), 645(String), null, 3795(String), integer(String), var1271(String), 2504(String), 2504(String), null, null, null, 1271(Long), 1271(String), null, 3796(String), integer(String), var1272(String), 2504(String), 2504(String), null, null, null, 1272(Long), 1272(String), null, 3797(String), integer(String), var1270(String), 2504(String), 2504(String), null, null, null, 1270(Long), 1270(String), null, 3798(String), integer(String), var1275(String), 2504(String), 2504(String), null, null, null, 1275(Long), 1275(String), null, 3799(String), integer(String), var1276(String), 2504(String), 2504(String), null, null, null, 1276(Long), 1276(String), null, 3800(String), integer(String), var1273(String), 2504(String), 2504(String), null, null, null, 1273(Long), 1273(String), null, 3801(String), integer(String), var1274(String), 2504(String), 2504(String), null, null, null, 1274(Long), 1274(String), null, 3802(String), integer(String), var633(String), 2504(String), 2504(String), null, null, null, 633(Long), 633(String), null, 3803(String), integer(String), var1279(String), 2504(String), 2504(String), null, null, null, 1279(Long), 1279(String), null, 3804(String), integer(String), var632(String), 2504(String), 2504(String), null, null, null, 632(Long), 632(String), null
10:48:05,505 [main] DEBUG org.activiti.engine.impl.persistence.entity.VariableInstanceEntity.bulkInsertVariableInstance  - &lt;==    Updates: 100
10:48:05,509 [main] DEBUG org.activiti.engine.impl.persistence.entity.VariableInstanceEntity.bulkInsertVariableInstance  - ==&gt;  Preparing: INSERT INTO ACT_RU_VARIABLE (ID_, REV_, TYPE_, NAME_, PROC_INST_ID_, EXECUTION_ID_, TASK_ID_, BYTEARRAY_ID_, DOUBLE_, LONG_ , TEXT_, TEXT2_) VALUES (?, 1, ?, ?, ?, ?, ?, ?, ?, ?, ?, ?) , (?, 1, ?, ?, ?, ?, ?, ?, ?, ?, ?, ?) , (?, 1, ?, ?, ?, ?, ?, ?, ?, ?, ?, ?) , (?, 1, ?, ?, ?, ?, ?, ?, ?, ?, ?, ?) , (?, 1, ?, ?, ?, ?, ?, ?, ?, ?, ?, ?) , (?, 1, ?, ?, ?, ?, ?, ?, ?, ?, ?, ?) , (?, 1, ?, ?, ?, ?, ?, ?, ?, ?, ?, ?) , (?, 1, ?, ?, ?, ?, ?, ?, ?, ?, ?, ?) , (?, 1, ?, ?, ?, ?, ?, ?, ?, ?, ?, ?) , (?, 1, ?, ?, ?, ?, ?, ?, ?, ?, ?, ?) , (?, 1, ?, ?, ?, ?, ?, ?, ?, ?, ?, ?) , (?, 1, ?, ?, ?, ?, ?, ?, ?, ?, ?, ?) , (?, 1, ?, ?, ?, ?, ?, ?, ?, ?, ?, ?) , (?, 1, ?, ?, ?, ?, ?, ?, ?, ?, ?, ?) , (?, 1, ?, ?, ?, ?, ?, ?, ?, ?, ?, ?) , (?, 1, ?, ?, ?, ?, ?, ?, ?, ?, ?, ?) , (?, 1, ?, ?, ?, ?, ?, ?, ?, ?, ?, ?) , (?, 1, ?, ?, ?, ?, ?, ?, ?, ?, ?, ?) , (?, 1, ?, ?, ?, ?, ?, ?, ?, ?, ?, ?) , (?, 1, ?, ?, ?, ?, ?, ?, ?, ?, ?, ?) , (?, 1, ?, ?, ?, ?, ?, ?, ?, ?, ?, ?) , (?, 1, ?, ?, ?, ?, ?, ?, ?, ?, ?, ?) , (?, 1, ?, ?, ?, ?, ?, ?, ?, ?, ?, ?) , (?, 1, ?, ?, ?, ?, ?, ?, ?, ?, ?, ?) , (?, 1, ?, ?, ?, ?, ?, ?, ?, ?, ?, ?) , (?, 1, ?, ?, ?, ?, ?, ?, ?, ?, ?, ?) , (?, 1, ?, ?, ?, ?, ?, ?, ?, ?, ?, ?) , (?, 1, ?, ?, ?, ?, ?, ?, ?, ?, ?, ?) , (?, 1, ?, ?, ?, ?, ?, ?, ?, ?, ?, ?) , (?, 1, ?, ?, ?, ?, ?, ?, ?, ?, ?, ?) , (?, 1, ?, ?, ?, ?, ?, ?, ?, ?, ?, ?) , (?, 1, ?, ?, ?, ?, ?, ?, ?, ?, ?, ?) , (?, 1, ?, ?, ?, ?, ?, ?, ?, ?, ?, ?) , (?, 1, ?, ?, ?, ?, ?, ?, ?, ?, ?, ?) , (?, 1, ?, ?, ?, ?, ?, ?, ?, ?, ?, ?) , (?, 1, ?, ?, ?, ?, ?, ?, ?, ?, ?, ?) , (?, 1, ?, ?, ?, ?, ?, ?, ?, ?, ?, ?) , (?, 1, ?, ?, ?, ?, ?, ?, ?, ?, ?, ?) , (?, 1, ?, ?, ?, ?, ?, ?, ?, ?, ?, ?) , (?, 1, ?, ?, ?, ?, ?, ?, ?, ?, ?, ?) , (?, 1, ?, ?, ?, ?, ?, ?, ?, ?, ?, ?) , (?, 1, ?, ?, ?, ?, ?, ?, ?, ?, ?, ?) , (?, 1, ?, ?, ?, ?, ?, ?, ?, ?, ?, ?) , (?, 1, ?, ?, ?, ?, ?, ?, ?, ?, ?, ?) , (?, 1, ?, ?, ?, ?, ?, ?, ?, ?, ?, ?) , (?, 1, ?, ?, ?, ?, ?, ?, ?, ?, ?, ?) , (?, 1, ?, ?, ?, ?, ?, ?, ?, ?, ?, ?) , (?, 1, ?, ?, ?, ?, ?, ?, ?, ?, ?, ?) , (?, 1, ?, ?, ?, ?, ?, ?, ?, ?, ?, ?) , (?, 1, ?, ?, ?, ?, ?, ?, ?, ?, ?, ?) , (?, 1, ?, ?, ?, ?, ?, ?, ?, ?, ?, ?) , (?, 1, ?, ?, ?, ?, ?, ?, ?, ?, ?, ?) , (?, 1, ?, ?, ?, ?, ?, ?, ?, ?, ?, ?) , (?, 1, ?, ?, ?, ?, ?, ?, ?, ?, ?, ?) , (?, 1, ?, ?, ?, ?, ?, ?, ?, ?, ?, ?) , (?, 1, ?, ?, ?, ?, ?, ?, ?, ?, ?, ?) , (?, 1, ?, ?, ?, ?, ?, ?, ?, ?, ?, ?) , (?, 1, ?, ?, ?, ?, ?, ?, ?, ?, ?, ?) , (?, 1, ?, ?, ?, ?, ?, ?, ?, ?, ?, ?) , (?, 1, ?, ?, ?, ?, ?, ?, ?, ?, ?, ?) , (?, 1, ?, ?, ?, ?, ?, ?, ?, ?, ?, ?) , (?, 1, ?, ?, ?, ?, ?, ?, ?, ?, ?, ?) , (?, 1, ?, ?, ?, ?, ?, ?, ?, ?, ?, ?) , (?, 1, ?, ?, ?, ?, ?, ?, ?, ?, ?, ?) , (?, 1, ?, ?, ?, ?, ?, ?, ?, ?, ?, ?) , (?, 1, ?, ?, ?, ?, ?, ?, ?, ?, ?, ?) , (?, 1, ?, ?, ?, ?, ?, ?, ?, ?, ?, ?) , (?, 1, ?, ?, ?, ?, ?, ?, ?, ?, ?, ?) , (?, 1, ?, ?, ?, ?, ?, ?, ?, ?, ?, ?) , (?, 1, ?, ?, ?, ?, ?, ?, ?, ?, ?, ?) , (?, 1, ?, ?, ?, ?, ?, ?, ?, ?, ?, ?) , (?, 1, ?, ?, ?, ?, ?, ?, ?, ?, ?, ?) , (?, 1, ?, ?, ?, ?, ?, ?, ?, ?, ?, ?) , (?, 1, ?, ?, ?, ?, ?, ?, ?, ?, ?, ?) , (?, 1, ?, ?, ?, ?, ?, ?, ?, ?, ?, ?) , (?, 1, ?, ?, ?, ?, ?, ?, ?, ?, ?, ?) , (?, 1, ?, ?, ?, ?, ?, ?, ?, ?, ?, ?) , (?, 1, ?, ?, ?, ?, ?, ?, ?, ?, ?, ?) , (?, 1, ?, ?, ?, ?, ?, ?, ?, ?, ?, ?) , (?, 1, ?, ?, ?, ?, ?, ?, ?, ?, ?, ?) , (?, 1, ?, ?, ?, ?, ?, ?, ?, ?, ?, ?) , (?, 1, ?, ?, ?, ?, ?, ?, ?, ?, ?, ?) , (?, 1, ?, ?, ?, ?, ?, ?, ?, ?, ?, ?) , (?, 1, ?, ?, ?, ?, ?, ?, ?, ?, ?, ?) , (?, 1, ?, ?, ?, ?, ?, ?, ?, ?, ?, ?) , (?, 1, ?, ?, ?, ?, ?, ?, ?, ?, ?, ?) , (?, 1, ?, ?, ?, ?, ?, ?, ?, ?, ?, ?) , (?, 1, ?, ?, ?, ?, ?, ?, ?, ?, ?, ?) , (?, 1, ?, ?, ?, ?, ?, ?, ?, ?, ?, ?) , (?, 1, ?, ?, ?, ?, ?, ?, ?, ?, ?, ?) , (?, 1, ?, ?, ?, ?, ?, ?, ?, ?, ?, ?) , (?, 1, ?, ?, ?, ?, ?, ?, ?, ?, ?, ?) , (?, 1, ?, ?, ?, ?, ?, ?, ?, ?, ?, ?) , (?, 1, ?, ?, ?, ?, ?, ?, ?, ?, ?, ?) , (?, 1, ?, ?, ?, ?, ?, ?, ?, ?, ?, ?) , (?, 1, ?, ?, ?, ?, ?, ?, ?, ?, ?, ?) , (?, 1, ?, ?, ?, ?, ?, ?, ?, ?, ?, ?) , (?, 1, ?, ?, ?, ?, ?, ?, ?, ?, ?, ?) , (?, 1, ?, ?, ?, ?, ?, ?, ?, ?, ?, ?) , (?, 1, ?, ?, ?, ?, ?, ?, ?, ?, ?, ?) 
10:48:05,510 [main] DEBUG org.activiti.engine.impl.persistence.entity.VariableInstanceEntity.bulkInsertVariableInstance  - ==&gt; Parameters: 3805(String), integer(String), var631(String), 2504(String), 2504(String), null, null, null, 631(Long), 631(String), null, 3806(String), integer(String), var1277(String), 2504(String), 2504(String), null, null, null, 1277(Long), 1277(String), null, 3807(String), integer(String), var630(String), 2504(String), 2504(String), null, null, null, 630(Long), 630(String), null, 3808(String), integer(String), var1278(String), 2504(String), 2504(String), null, null, null, 1278(Long), 1278(String), null, 3809(String), integer(String), var639(String), 2504(String), 2504(String), null, null, null, 639(Long), 639(String), null, 3810(String), integer(String), var638(String), 2504(String), 2504(String), null, null, null, 638(Long), 638(String), null, 3811(String), integer(String), var637(String), 2504(String), 2504(String), null, null, null, 637(Long), 637(String), null, 3812(String), integer(String), var636(String), 2504(String), 2504(String), null, null, null, 636(Long), 636(String), null, 3813(String), integer(String), var635(String), 2504(String), 2504(String), null, null, null, 635(Long), 635(String), null, 3814(String), integer(String), var634(String), 2504(String), 2504(String), null, null, null, 634(Long), 634(String), null, 3815(String), integer(String), var1282(String), 2504(String), 2504(String), null, null, null, 1282(Long), 1282(String), null, 3816(String), integer(String), var1283(String), 2504(String), 2504(String), null, null, null, 1283(Long), 1283(String), null, 3817(String), integer(String), var1280(String), 2504(String), 2504(String), null, null, null, 1280(Long), 1280(String), null, 3818(String), integer(String), var1281(String), 2504(String), 2504(String), null, null, null, 1281(Long), 1281(String), null, 3819(String), integer(String), var1286(String), 2504(String), 2504(String), null, null, null, 1286(Long), 1286(String), null, 3820(String), integer(String), var1287(String), 2504(String), 2504(String), null, null, null, 1287(Long), 1287(String), null, 3821(String), integer(String), var1284(String), 2504(String), 2504(String), null, null, null, 1284(Long), 1284(String), null, 3822(String), integer(String), var1285(String), 2504(String), 2504(String), null, null, null, 1285(Long), 1285(String), null, 3823(String), integer(String), var622(String), 2504(String), 2504(String), null, null, null, 622(Long), 622(String), null, 3824(String), integer(String), var621(String), 2504(String), 2504(String), null, null, null, 621(Long), 621(String), null, 3825(String), integer(String), var620(String), 2504(String), 2504(String), null, null, null, 620(Long), 620(String), null, 3826(String), integer(String), var1288(String), 2504(String), 2504(String), null, null, null, 1288(Long), 1288(String), null, 3827(String), integer(String), var1289(String), 2504(String), 2504(String), null, null, null, 1289(Long), 1289(String), null, 3828(String), integer(String), var629(String), 2504(String), 2504(String), null, null, null, 629(Long), 629(String), null, 3829(String), integer(String), var628(String), 2504(String), 2504(String), null, null, null, 628(Long), 628(String), null, 3830(String), integer(String), var627(String), 2504(String), 2504(String), null, null, null, 627(Long), 627(String), null, 3831(String), integer(String), var626(String), 2504(String), 2504(String), null, null, null, 626(Long), 626(String), null, 3832(String), integer(String), var625(String), 2504(String), 2504(String), null, null, null, 625(Long), 625(String), null, 3833(String), integer(String), var624(String), 2504(String), 2504(String), null, null, null, 624(Long), 624(String), null, 3834(String), integer(String), var623(String), 2504(String), 2504(String), null, null, null, 623(Long), 623(String), null, 3835(String), integer(String), var1290(String), 2504(String), 2504(String), null, null, null, 1290(Long), 1290(String), null, 3836(String), integer(String), var1293(String), 2504(String), 2504(String), null, null, null, 1293(Long), 1293(String), null, 3837(String), integer(String), var1294(String), 2504(String), 2504(String), null, null, null, 1294(Long), 1294(String), null, 3838(String), integer(String), var1291(String), 2504(String), 2504(String), null, null, null, 1291(Long), 1291(String), null, 3839(String), integer(String), var1292(String), 2504(String), 2504(String), null, null, null, 1292(Long), 1292(String), null, 3840(String), integer(String), var1297(String), 2504(String), 2504(String), null, null, null, 1297(Long), 1297(String), null, 3841(String), integer(String), var1298(String), 2504(String), 2504(String), null, null, null, 1298(Long), 1298(String), null, 3842(String), integer(String), var1295(String), 2504(String), 2504(String), null, null, null, 1295(Long), 1295(String), null, 3843(String), integer(String), var1296(String), 2504(String), 2504(String), null, null, null, 1296(Long), 1296(String), null, 3844(String), integer(String), var611(String), 2504(String), 2504(String), null, null, null, 611(Long), 611(String), null, 3845(String), integer(String), var610(String), 2504(String), 2504(String), null, null, null, 610(Long), 610(String), null, 3846(String), integer(String), var1299(String), 2504(String), 2504(String), null, null, null, 1299(Long), 1299(String), null, 3847(String), integer(String), var619(String), 2504(String), 2504(String), null, null, null, 619(Long), 619(String), null, 3848(String), integer(String), var618(String), 2504(String), 2504(String), null, null, null, 618(Long), 618(String), null, 3849(String), integer(String), var617(String), 2504(String), 2504(String), null, null, null, 617(Long), 617(String), null, 3850(String), integer(String), var616(String), 2504(String), 2504(String), null, null, null, 616(Long), 616(String), null, 3851(String), integer(String), var615(String), 2504(String), 2504(String), null, null, null, 615(Long), 615(String), null, 3852(String), integer(String), var614(String), 2504(String), 2504(String), null, null, null, 614(Long), 614(String), null, 3853(String), integer(String), var613(String), 2504(String), 2504(String), null, null, null, 613(Long), 613(String), null, 3854(String), integer(String), var612(String), 2504(String), 2504(String), null, null, null, 612(Long), 612(String), null, 3855(String), integer(String), var3003(String), 2504(String), 2504(String), null, null, null, 3003(Long), 3003(String), null, 3856(String), integer(String), var3002(String), 2504(String), 2504(String), null, null, null, 3002(Long), 3002(String), null, 3857(String), integer(String), var3001(String), 2504(String), 2504(String), null, null, null, 3001(Long), 3001(String), null, 3858(String), integer(String), var3000(String), 2504(String), 2504(String), null, null, null, 3000(Long), 3000(String), null, 3859(String), integer(String), var600(String), 2504(String), 2504(String), null, null, null, 600(Long), 600(String), null, 3860(String), integer(String), var3007(String), 2504(String), 2504(String), null, null, null, 3007(Long), 3007(String), null, 3861(String), integer(String), var3006(String), 2504(String), 2504(String), null, null, null, 3006(Long), 3006(String), null, 3862(String), integer(String), var3005(String), 2504(String), 2504(String), null, null, null, 3005(Long), 3005(String), null, 3863(String), integer(String), var3004(String), 2504(String), 2504(String), null, null, null, 3004(Long), 3004(String), null, 3864(String), integer(String), var3009(String), 2504(String), 2504(String), null, null, null, 3009(Long), 3009(String), null, 3865(String), integer(String), var3008(String), 2504(String), 2504(String), null, null, null, 3008(Long), 3008(String), null, 3866(String), integer(String), var608(String), 2504(String), 2504(String), null, null, null, 608(Long), 608(String), null, 3867(String), integer(String), var607(String), 2504(String), 2504(String), null, null, null, 607(Long), 607(String), null, 3868(String), integer(String), var606(String), 2504(String), 2504(String), null, null, null, 606(Long), 606(String), null, 3869(String), integer(String), var605(String), 2504(String), 2504(String), null, null, null, 605(Long), 605(String), null, 3870(String), integer(String), var604(String), 2504(String), 2504(String), null, null, null, 604(Long), 604(String), null, 3871(String), integer(String), var603(String), 2504(String), 2504(String), null, null, null, 603(Long), 603(String), null, 3872(String), integer(String), var602(String), 2504(String), 2504(String), null, null, null, 602(Long), 602(String), null, 3873(String), integer(String), var601(String), 2504(String), 2504(String), null, null, null, 601(Long), 601(String), null, 3874(String), integer(String), var609(String), 2504(String), 2504(String), null, null, null, 609(Long), 609(String), null, 3875(String), integer(String), var3010(String), 2504(String), 2504(String), null, null, null, 3010(Long), 3010(String), null, 3876(String), integer(String), var3014(String), 2504(String), 2504(String), null, null, null, 3014(Long), 3014(String), null, 3877(String), integer(String), var3013(String), 2504(String), 2504(String), null, null, null, 3013(Long), 3013(String), null, 3878(String), integer(String), var3012(String), 2504(String), 2504(String), null, null, null, 3012(Long), 3012(String), null, 3879(String), integer(String), var3011(String), 2504(String), 2504(String), null, null, null, 3011(Long), 3011(String), null, 3880(String), integer(String), var3018(String), 2504(String), 2504(String), null, null, null, 3018(Long), 3018(String), null, 3881(String), integer(String), var3017(String), 2504(String), 2504(String), null, null, null, 3017(Long), 3017(String), null, 3882(String), integer(String), var3016(String), 2504(String), 2504(String), null, null, null, 3016(Long), 3016(String), null, 3883(String), integer(String), var3015(String), 2504(String), 2504(String), null, null, null, 3015(Long), 3015(String), null, 3884(String), integer(String), var3019(String), 2504(String), 2504(String), null, null, null, 3019(Long), 3019(String), null, 3885(String), integer(String), var3021(String), 2504(String), 2504(String), null, null, null, 3021(Long), 3021(String), null, 3886(String), integer(String), var3020(String), 2504(String), 2504(String), null, null, null, 3020(Long), 3020(String), null, 3887(String), integer(String), var3025(String), 2504(String), 2504(String), null, null, null, 3025(Long), 3025(String), null, 3888(String), integer(String), var3024(String), 2504(String), 2504(String), null, null, null, 3024(Long), 3024(String), null, 3889(String), integer(String), var3023(String), 2504(String), 2504(String), null, null, null, 3023(Long), 3023(String), null, 3890(String), integer(String), var3022(String), 2504(String), 2504(String), null, null, null, 3022(Long), 3022(String), null, 3891(String), integer(String), var3029(String), 2504(String), 2504(String), null, null, null, 3029(Long), 3029(String), null, 3892(String), integer(String), var3028(String), 2504(String), 2504(String), null, null, null, 3028(Long), 3028(String), null, 3893(String), integer(String), var3027(String), 2504(String), 2504(String), null, null, null, 3027(Long), 3027(String), null, 3894(String), integer(String), var3026(String), 2504(String), 2504(String), null, null, null, 3026(Long), 3026(String), null, 3895(String), integer(String), var3032(String), 2504(String), 2504(String), null, null, null, 3032(Long), 3032(String), null, 3896(String), integer(String), var3031(String), 2504(String), 2504(String), null, null, null, 3031(Long), 3031(String), null, 3897(String), integer(String), var3030(String), 2504(String), 2504(String), null, null, null, 3030(Long), 3030(String), null, 3898(String), integer(String), var3036(String), 2504(String), 2504(String), null, null, null, 3036(Long), 3036(String), null, 3899(String), integer(String), var3035(String), 2504(String), 2504(String), null, null, null, 3035(Long), 3035(String), null, 3900(String), integer(String), var3034(String), 2504(String), 2504(String), null, null, null, 3034(Long), 3034(String), null, 3901(String), integer(String), var3033(String), 2504(String), 2504(String), null, null, null, 3033(Long), 3033(String), null, 3902(String), integer(String), var3039(String), 2504(String), 2504(String), null, null, null, 3039(Long), 3039(String), null, 3903(String), integer(String), var3038(String), 2504(String), 2504(String), null, null, null, 3038(Long), 3038(String), null, 3904(String), integer(String), var3037(String), 2504(String), 2504(String), null, null, null, 3037(Long), 3037(String), null
10:48:05,511 [main] DEBUG org.activiti.engine.impl.persistence.entity.VariableInstanceEntity.bulkInsertVariableInstance  - &lt;==    Updates: 100
10:48:05,514 [main] DEBUG org.activiti.engine.impl.persistence.entity.VariableInstanceEntity.bulkInsertVariableInstance  - ==&gt;  Preparing: INSERT INTO ACT_RU_VARIABLE (ID_, REV_, TYPE_, NAME_, PROC_INST_ID_, EXECUTION_ID_, TASK_ID_, BYTEARRAY_ID_, DOUBLE_, LONG_ , TEXT_, TEXT2_) VALUES (?, 1, ?, ?, ?, ?, ?, ?, ?, ?, ?, ?) , (?, 1, ?, ?, ?, ?, ?, ?, ?, ?, ?, ?) , (?, 1, ?, ?, ?, ?, ?, ?, ?, ?, ?, ?) , (?, 1, ?, ?, ?, ?, ?, ?, ?, ?, ?, ?) , (?, 1, ?, ?, ?, ?, ?, ?, ?, ?, ?, ?) , (?, 1, ?, ?, ?, ?, ?, ?, ?, ?, ?, ?) , (?, 1, ?, ?, ?, ?, ?, ?, ?, ?, ?, ?) , (?, 1, ?, ?, ?, ?, ?, ?, ?, ?, ?, ?) , (?, 1, ?, ?, ?, ?, ?, ?, ?, ?, ?, ?) , (?, 1, ?, ?, ?, ?, ?, ?, ?, ?, ?, ?) , (?, 1, ?, ?, ?, ?, ?, ?, ?, ?, ?, ?) , (?, 1, ?, ?, ?, ?, ?, ?, ?, ?, ?, ?) , (?, 1, ?, ?, ?, ?, ?, ?, ?, ?, ?, ?) , (?, 1, ?, ?, ?, ?, ?, ?, ?, ?, ?, ?) , (?, 1, ?, ?, ?, ?, ?, ?, ?, ?, ?, ?) , (?, 1, ?, ?, ?, ?, ?, ?, ?, ?, ?, ?) , (?, 1, ?, ?, ?, ?, ?, ?, ?, ?, ?, ?) , (?, 1, ?, ?, ?, ?, ?, ?, ?, ?, ?, ?) , (?, 1, ?, ?, ?, ?, ?, ?, ?, ?, ?, ?) , (?, 1, ?, ?, ?, ?, ?, ?, ?, ?, ?, ?) , (?, 1, ?, ?, ?, ?, ?, ?, ?, ?, ?, ?) , (?, 1, ?, ?, ?, ?, ?, ?, ?, ?, ?, ?) , (?, 1, ?, ?, ?, ?, ?, ?, ?, ?, ?, ?) , (?, 1, ?, ?, ?, ?, ?, ?, ?, ?, ?, ?) , (?, 1, ?, ?, ?, ?, ?, ?, ?, ?, ?, ?) , (?, 1, ?, ?, ?, ?, ?, ?, ?, ?, ?, ?) , (?, 1, ?, ?, ?, ?, ?, ?, ?, ?, ?, ?) , (?, 1, ?, ?, ?, ?, ?, ?, ?, ?, ?, ?) , (?, 1, ?, ?, ?, ?, ?, ?, ?, ?, ?, ?) , (?, 1, ?, ?, ?, ?, ?, ?, ?, ?, ?, ?) , (?, 1, ?, ?, ?, ?, ?, ?, ?, ?, ?, ?) , (?, 1, ?, ?, ?, ?, ?, ?, ?, ?, ?, ?) , (?, 1, ?, ?, ?, ?, ?, ?, ?, ?, ?, ?) , (?, 1, ?, ?, ?, ?, ?, ?, ?, ?, ?, ?) , (?, 1, ?, ?, ?, ?, ?, ?, ?, ?, ?, ?) , (?, 1, ?, ?, ?, ?, ?, ?, ?, ?, ?, ?) , (?, 1, ?, ?, ?, ?, ?, ?, ?, ?, ?, ?) , (?, 1, ?, ?, ?, ?, ?, ?, ?, ?, ?, ?) , (?, 1, ?, ?, ?, ?, ?, ?, ?, ?, ?, ?) , (?, 1, ?, ?, ?, ?, ?, ?, ?, ?, ?, ?) , (?, 1, ?, ?, ?, ?, ?, ?, ?, ?, ?, ?) , (?, 1, ?, ?, ?, ?, ?, ?, ?, ?, ?, ?) , (?, 1, ?, ?, ?, ?, ?, ?, ?, ?, ?, ?) , (?, 1, ?, ?, ?, ?, ?, ?, ?, ?, ?, ?) , (?, 1, ?, ?, ?, ?, ?, ?, ?, ?, ?, ?) , (?, 1, ?, ?, ?, ?, ?, ?, ?, ?, ?, ?) , (?, 1, ?, ?, ?, ?, ?, ?, ?, ?, ?, ?) , (?, 1, ?, ?, ?, ?, ?, ?, ?, ?, ?, ?) , (?, 1, ?, ?, ?, ?, ?, ?, ?, ?, ?, ?) , (?, 1, ?, ?, ?, ?, ?, ?, ?, ?, ?, ?) , (?, 1, ?, ?, ?, ?, ?, ?, ?, ?, ?, ?) , (?, 1, ?, ?, ?, ?, ?, ?, ?, ?, ?, ?) , (?, 1, ?, ?, ?, ?, ?, ?, ?, ?, ?, ?) , (?, 1, ?, ?, ?, ?, ?, ?, ?, ?, ?, ?) , (?, 1, ?, ?, ?, ?, ?, ?, ?, ?, ?, ?) , (?, 1, ?, ?, ?, ?, ?, ?, ?, ?, ?, ?) , (?, 1, ?, ?, ?, ?, ?, ?, ?, ?, ?, ?) , (?, 1, ?, ?, ?, ?, ?, ?, ?, ?, ?, ?) , (?, 1, ?, ?, ?, ?, ?, ?, ?, ?, ?, ?) , (?, 1, ?, ?, ?, ?, ?, ?, ?, ?, ?, ?) , (?, 1, ?, ?, ?, ?, ?, ?, ?, ?, ?, ?) , (?, 1, ?, ?, ?, ?, ?, ?, ?, ?, ?, ?) , (?, 1, ?, ?, ?, ?, ?, ?, ?, ?, ?, ?) , (?, 1, ?, ?, ?, ?, ?, ?, ?, ?, ?, ?) , (?, 1, ?, ?, ?, ?, ?, ?, ?, ?, ?, ?) , (?, 1, ?, ?, ?, ?, ?, ?, ?, ?, ?, ?) , (?, 1, ?, ?, ?, ?, ?, ?, ?, ?, ?, ?) , (?, 1, ?, ?, ?, ?, ?, ?, ?, ?, ?, ?) , (?, 1, ?, ?, ?, ?, ?, ?, ?, ?, ?, ?) , (?, 1, ?, ?, ?, ?, ?, ?, ?, ?, ?, ?) , (?, 1, ?, ?, ?, ?, ?, ?, ?, ?, ?, ?) , (?, 1, ?, ?, ?, ?, ?, ?, ?, ?, ?, ?) , (?, 1, ?, ?, ?, ?, ?, ?, ?, ?, ?, ?) , (?, 1, ?, ?, ?, ?, ?, ?, ?, ?, ?, ?) , (?, 1, ?, ?, ?, ?, ?, ?, ?, ?, ?, ?) , (?, 1, ?, ?, ?, ?, ?, ?, ?, ?, ?, ?) , (?, 1, ?, ?, ?, ?, ?, ?, ?, ?, ?, ?) , (?, 1, ?, ?, ?, ?, ?, ?, ?, ?, ?, ?) , (?, 1, ?, ?, ?, ?, ?, ?, ?, ?, ?, ?) , (?, 1, ?, ?, ?, ?, ?, ?, ?, ?, ?, ?) , (?, 1, ?, ?, ?, ?, ?, ?, ?, ?, ?, ?) , (?, 1, ?, ?, ?, ?, ?, ?, ?, ?, ?, ?) , (?, 1, ?, ?, ?, ?, ?, ?, ?, ?, ?, ?) , (?, 1, ?, ?, ?, ?, ?, ?, ?, ?, ?, ?) , (?, 1, ?, ?, ?, ?, ?, ?, ?, ?, ?, ?) , (?, 1, ?, ?, ?, ?, ?, ?, ?, ?, ?, ?) , (?, 1, ?, ?, ?, ?, ?, ?, ?, ?, ?, ?) , (?, 1, ?, ?, ?, ?, ?, ?, ?, ?, ?, ?) , (?, 1, ?, ?, ?, ?, ?, ?, ?, ?, ?, ?) , (?, 1, ?, ?, ?, ?, ?, ?, ?, ?, ?, ?) , (?, 1, ?, ?, ?, ?, ?, ?, ?, ?, ?, ?) , (?, 1, ?, ?, ?, ?, ?, ?, ?, ?, ?, ?) , (?, 1, ?, ?, ?, ?, ?, ?, ?, ?, ?, ?) , (?, 1, ?, ?, ?, ?, ?, ?, ?, ?, ?, ?) , (?, 1, ?, ?, ?, ?, ?, ?, ?, ?, ?, ?) , (?, 1, ?, ?, ?, ?, ?, ?, ?, ?, ?, ?) , (?, 1, ?, ?, ?, ?, ?, ?, ?, ?, ?, ?) , (?, 1, ?, ?, ?, ?, ?, ?, ?, ?, ?, ?) , (?, 1, ?, ?, ?, ?, ?, ?, ?, ?, ?, ?) , (?, 1, ?, ?, ?, ?, ?, ?, ?, ?, ?, ?) 
10:48:05,515 [main] DEBUG org.activiti.engine.impl.persistence.entity.VariableInstanceEntity.bulkInsertVariableInstance  - ==&gt; Parameters: 3905(String), integer(String), var3043(String), 2504(String), 2504(String), null, null, null, 3043(Long), 3043(String), null, 3906(String), integer(String), var3042(String), 2504(String), 2504(String), null, null, null, 3042(Long), 3042(String), null, 3907(String), integer(String), var3041(String), 2504(String), 2504(String), null, null, null, 3041(Long), 3041(String), null, 3908(String), integer(String), var3040(String), 2504(String), 2504(String), null, null, null, 3040(Long), 3040(String), null, 3909(String), integer(String), var3047(String), 2504(String), 2504(String), null, null, null, 3047(Long), 3047(String), null, 3910(String), integer(String), var3046(String), 2504(String), 2504(String), null, null, null, 3046(Long), 3046(String), null, 3911(String), integer(String), var3045(String), 2504(String), 2504(String), null, null, null, 3045(Long), 3045(String), null, 3912(String), integer(String), var3044(String), 2504(String), 2504(String), null, null, null, 3044(Long), 3044(String), null, 3913(String), integer(String), var3049(String), 2504(String), 2504(String), null, null, null, 3049(Long), 3049(String), null, 3914(String), integer(String), var3048(String), 2504(String), 2504(String), null, null, null, 3048(Long), 3048(String), null, 3915(String), integer(String), var3050(String), 2504(String), 2504(String), null, null, null, 3050(Long), 3050(String), null, 3916(String), integer(String), var3054(String), 2504(String), 2504(String), null, null, null, 3054(Long), 3054(String), null, 3917(String), integer(String), var3053(String), 2504(String), 2504(String), null, null, null, 3053(Long), 3053(String), null, 3918(String), integer(String), var3052(String), 2504(String), 2504(String), null, null, null, 3052(Long), 3052(String), null, 3919(String), integer(String), var3051(String), 2504(String), 2504(String), null, null, null, 3051(Long), 3051(String), null, 3920(String), integer(String), var3058(String), 2504(String), 2504(String), null, null, null, 3058(Long), 3058(String), null, 3921(String), integer(String), var3057(String), 2504(String), 2504(String), null, null, null, 3057(Long), 3057(String), null, 3922(String), integer(String), var3056(String), 2504(String), 2504(String), null, null, null, 3056(Long), 3056(String), null, 3923(String), integer(String), var3055(String), 2504(String), 2504(String), null, null, null, 3055(Long), 3055(String), null, 3924(String), integer(String), var3059(String), 2504(String), 2504(String), null, null, null, 3059(Long), 3059(String), null, 3925(String), integer(String), var3061(String), 2504(String), 2504(String), null, null, null, 3061(Long), 3061(String), null, 3926(String), integer(String), var3060(String), 2504(String), 2504(String), null, null, null, 3060(Long), 3060(String), null, 3927(String), integer(String), var3065(String), 2504(String), 2504(String), null, null, null, 3065(Long), 3065(String), null, 3928(String), integer(String), var3064(String), 2504(String), 2504(String), null, null, null, 3064(Long), 3064(String), null, 3929(String), integer(String), var3063(String), 2504(String), 2504(String), null, null, null, 3063(Long), 3063(String), null, 3930(String), integer(String), var3062(String), 2504(String), 2504(String), null, null, null, 3062(Long), 3062(String), null, 3931(String), integer(String), var3069(String), 2504(String), 2504(String), null, null, null, 3069(Long), 3069(String), null, 3932(String), integer(String), var3068(String), 2504(String), 2504(String), null, null, null, 3068(Long), 3068(String), null, 3933(String), integer(String), var3067(String), 2504(String), 2504(String), null, null, null, 3067(Long), 3067(String), null, 3934(String), integer(String), var3066(String), 2504(String), 2504(String), null, null, null, 3066(Long), 3066(String), null, 3935(String), integer(String), var3072(String), 2504(String), 2504(String), null, null, null, 3072(Long), 3072(String), null, 3936(String), integer(String), var3071(String), 2504(String), 2504(String), null, null, null, 3071(Long), 3071(String), null, 3937(String), integer(String), var3070(String), 2504(String), 2504(String), null, null, null, 3070(Long), 3070(String), null, 3938(String), integer(String), var691(String), 2504(String), 2504(String), null, null, null, 691(Long), 691(String), null, 3939(String), integer(String), var3076(String), 2504(String), 2504(String), null, null, null, 3076(Long), 3076(String), null, 3940(String), integer(String), var690(String), 2504(String), 2504(String), null, null, null, 690(Long), 690(String), null, 3941(String), integer(String), var3075(String), 2504(String), 2504(String), null, null, null, 3075(Long), 3075(String), null, 3942(String), integer(String), var3074(String), 2504(String), 2504(String), null, null, null, 3074(Long), 3074(String), null, 3943(String), integer(String), var3073(String), 2504(String), 2504(String), null, null, null, 3073(Long), 3073(String), null, 3944(String), integer(String), var3079(String), 2504(String), 2504(String), null, null, null, 3079(Long), 3079(String), null, 3945(String), integer(String), var3078(String), 2504(String), 2504(String), null, null, null, 3078(Long), 3078(String), null, 3946(String), integer(String), var3077(String), 2504(String), 2504(String), null, null, null, 3077(Long), 3077(String), null, 3947(String), integer(String), var699(String), 2504(String), 2504(String), null, null, null, 699(Long), 699(String), null, 3948(String), integer(String), var698(String), 2504(String), 2504(String), null, null, null, 698(Long), 698(String), null, 3949(String), integer(String), var697(String), 2504(String), 2504(String), null, null, null, 697(Long), 697(String), null, 3950(String), integer(String), var696(String), 2504(String), 2504(String), null, null, null, 696(Long), 696(String), null, 3951(String), integer(String), var695(String), 2504(String), 2504(String), null, null, null, 695(Long), 695(String), null, 3952(String), integer(String), var694(String), 2504(String), 2504(String), null, null, null, 694(Long), 694(String), null, 3953(String), integer(String), var693(String), 2504(String), 2504(String), null, null, null, 693(Long), 693(String), null, 3954(String), integer(String), var692(String), 2504(String), 2504(String), null, null, null, 692(Long), 692(String), null, 3955(String), integer(String), var3083(String), 2504(String), 2504(String), null, null, null, 3083(Long), 3083(String), null, 3956(String), integer(String), var3082(String), 2504(String), 2504(String), null, null, null, 3082(Long), 3082(String), null, 3957(String), integer(String), var3081(String), 2504(String), 2504(String), null, null, null, 3081(Long), 3081(String), null, 3958(String), integer(String), var3080(String), 2504(String), 2504(String), null, null, null, 3080(Long), 3080(String), null, 3959(String), integer(String), var680(String), 2504(String), 2504(String), null, null, null, 680(Long), 680(String), null, 3960(String), integer(String), var3087(String), 2504(String), 2504(String), null, null, null, 3087(Long), 3087(String), null, 3961(String), integer(String), var3086(String), 2504(String), 2504(String), null, null, null, 3086(Long), 3086(String), null, 3962(String), integer(String), var3085(String), 2504(String), 2504(String), null, null, null, 3085(Long), 3085(String), null, 3963(String), integer(String), var3084(String), 2504(String), 2504(String), null, null, null, 3084(Long), 3084(String), null, 3964(String), integer(String), var3089(String), 2504(String), 2504(String), null, null, null, 3089(Long), 3089(String), null, 3965(String), integer(String), var3088(String), 2504(String), 2504(String), null, null, null, 3088(Long), 3088(String), null, 3966(String), integer(String), var688(String), 2504(String), 2504(String), null, null, null, 688(Long), 688(String), null, 3967(String), integer(String), var687(String), 2504(String), 2504(String), null, null, null, 687(Long), 687(String), null, 3968(String), integer(String), var686(String), 2504(String), 2504(String), null, null, null, 686(Long), 686(String), null, 3969(String), integer(String), var685(String), 2504(String), 2504(String), null, null, null, 685(Long), 685(String), null, 3970(String), integer(String), var684(String), 2504(String), 2504(String), null, null, null, 684(Long), 684(String), null, 3971(String), integer(String), var683(String), 2504(String), 2504(String), null, null, null, 683(Long), 683(String), null, 3972(String), integer(String), var682(String), 2504(String), 2504(String), null, null, null, 682(Long), 682(String), null, 3973(String), integer(String), var681(String), 2504(String), 2504(String), null, null, null, 681(Long), 681(String), null, 3974(String), integer(String), var689(String), 2504(String), 2504(String), null, null, null, 689(Long), 689(String), null, 3975(String), integer(String), var3090(String), 2504(String), 2504(String), null, null, null, 3090(Long), 3090(String), null, 3976(String), integer(String), var3094(String), 2504(String), 2504(String), null, null, null, 3094(Long), 3094(String), null, 3977(String), integer(String), var3093(String), 2504(String), 2504(String), null, null, null, 3093(Long), 3093(String), null, 3978(String), integer(String), var3092(String), 2504(String), 2504(String), null, null, null, 3092(Long), 3092(String), null, 3979(String), integer(String), var3091(String), 2504(String), 2504(String), null, null, null, 3091(Long), 3091(String), null, 3980(String), integer(String), var3098(String), 2504(String), 2504(String), null, null, null, 3098(Long), 3098(String), null, 3981(String), integer(String), var3097(String), 2504(String), 2504(String), null, null, null, 3097(Long), 3097(String), null, 3982(String), integer(String), var3096(String), 2504(String), 2504(String), null, null, null, 3096(Long), 3096(String), null, 3983(String), integer(String), var3095(String), 2504(String), 2504(String), null, null, null, 3095(Long), 3095(String), null, 3984(String), integer(String), var3099(String), 2504(String), 2504(String), null, null, null, 3099(Long), 3099(String), null, 3985(String), integer(String), var677(String), 2504(String), 2504(String), null, null, null, 677(Long), 677(String), null, 3986(String), integer(String), var676(String), 2504(String), 2504(String), null, null, null, 676(Long), 676(String), null, 3987(String), integer(String), var675(String), 2504(String), 2504(String), null, null, null, 675(Long), 675(String), null, 3988(String), integer(String), var674(String), 2504(String), 2504(String), null, null, null, 674(Long), 674(String), null, 3989(String), integer(String), var673(String), 2504(String), 2504(String), null, null, null, 673(Long), 673(String), null, 3990(String), integer(String), var672(String), 2504(String), 2504(String), null, null, null, 672(Long), 672(String), null, 3991(String), integer(String), var671(String), 2504(String), 2504(String), null, null, null, 671(Long), 671(String), null, 3992(String), integer(String), var670(String), 2504(String), 2504(String), null, null, null, 670(Long), 670(String), null, 3993(String), integer(String), var679(String), 2504(String), 2504(String), null, null, null, 679(Long), 679(String), null, 3994(String), integer(String), var678(String), 2504(String), 2504(String), null, null, null, 678(Long), 678(String), null, 3995(String), integer(String), var3803(String), 2504(String), 2504(String), null, null, null, 3803(Long), 3803(String), null, 3996(String), integer(String), var3802(String), 2504(String), 2504(String), null, null, null, 3802(Long), 3802(String), null, 3997(String), integer(String), var3801(String), 2504(String), 2504(String), null, null, null, 3801(Long), 3801(String), null, 3998(String), integer(String), var3800(String), 2504(String), 2504(String), null, null, null, 3800(Long), 3800(String), null, 3999(String), integer(String), var3807(String), 2504(String), 2504(String), null, null, null, 3807(Long), 3807(String), null, 4000(String), integer(String), var3806(String), 2504(String), 2504(String), null, null, null, 3806(Long), 3806(String), null, 4001(String), integer(String), var3805(String), 2504(String), 2504(String), null, null, null, 3805(Long), 3805(String), null, 4002(String), integer(String), var3804(String), 2504(String), 2504(String), null, null, null, 3804(Long), 3804(String), null, 4003(String), integer(String), var3809(String), 2504(String), 2504(String), null, null, null, 3809(Long), 3809(String), null, 4004(String), integer(String), var3808(String), 2504(String), 2504(String), null, null, null, 3808(Long), 3808(String), null
10:48:05,515 [main] DEBUG org.activiti.engine.impl.persistence.entity.VariableInstanceEntity.bulkInsertVariableInstance  - &lt;==    Updates: 100
10:48:05,521 [main] DEBUG org.activiti.engine.impl.persistence.entity.VariableInstanceEntity.bulkInsertVariableInstance  - ==&gt;  Preparing: INSERT INTO ACT_RU_VARIABLE (ID_, REV_, TYPE_, NAME_, PROC_INST_ID_, EXECUTION_ID_, TASK_ID_, BYTEARRAY_ID_, DOUBLE_, LONG_ , TEXT_, TEXT2_) VALUES (?, 1, ?, ?, ?, ?, ?, ?, ?, ?, ?, ?) , (?, 1, ?, ?, ?, ?, ?, ?, ?, ?, ?, ?) , (?, 1, ?, ?, ?, ?, ?, ?, ?, ?, ?, ?) , (?, 1, ?, ?, ?, ?, ?, ?, ?, ?, ?, ?) , (?, 1, ?, ?, ?, ?, ?, ?, ?, ?, ?, ?) , (?, 1, ?, ?, ?, ?, ?, ?, ?, ?, ?, ?) , (?, 1, ?, ?, ?, ?, ?, ?, ?, ?, ?, ?) , (?, 1, ?, ?, ?, ?, ?, ?, ?, ?, ?, ?) , (?, 1, ?, ?, ?, ?, ?, ?, ?, ?, ?, ?) , (?, 1, ?, ?, ?, ?, ?, ?, ?, ?, ?, ?) , (?, 1, ?, ?, ?, ?, ?, ?, ?, ?, ?, ?) , (?, 1, ?, ?, ?, ?, ?, ?, ?, ?, ?, ?) , (?, 1, ?, ?, ?, ?, ?, ?, ?, ?, ?, ?) , (?, 1, ?, ?, ?, ?, ?, ?, ?, ?, ?, ?) , (?, 1, ?, ?, ?, ?, ?, ?, ?, ?, ?, ?) , (?, 1, ?, ?, ?, ?, ?, ?, ?, ?, ?, ?) , (?, 1, ?, ?, ?, ?, ?, ?, ?, ?, ?, ?) , (?, 1, ?, ?, ?, ?, ?, ?, ?, ?, ?, ?) , (?, 1, ?, ?, ?, ?, ?, ?, ?, ?, ?, ?) , (?, 1, ?, ?, ?, ?, ?, ?, ?, ?, ?, ?) , (?, 1, ?, ?, ?, ?, ?, ?, ?, ?, ?, ?) , (?, 1, ?, ?, ?, ?, ?, ?, ?, ?, ?, ?) , (?, 1, ?, ?, ?, ?, ?, ?, ?, ?, ?, ?) , (?, 1, ?, ?, ?, ?, ?, ?, ?, ?, ?, ?) , (?, 1, ?, ?, ?, ?, ?, ?, ?, ?, ?, ?) , (?, 1, ?, ?, ?, ?, ?, ?, ?, ?, ?, ?) , (?, 1, ?, ?, ?, ?, ?, ?, ?, ?, ?, ?) , (?, 1, ?, ?, ?, ?, ?, ?, ?, ?, ?, ?) , (?, 1, ?, ?, ?, ?, ?, ?, ?, ?, ?, ?) , (?, 1, ?, ?, ?, ?, ?, ?, ?, ?, ?, ?) , (?, 1, ?, ?, ?, ?, ?, ?, ?, ?, ?, ?) , (?, 1, ?, ?, ?, ?, ?, ?, ?, ?, ?, ?) , (?, 1, ?, ?, ?, ?, ?, ?, ?, ?, ?, ?) , (?, 1, ?, ?, ?, ?, ?, ?, ?, ?, ?, ?) , (?, 1, ?, ?, ?, ?, ?, ?, ?, ?, ?, ?) , (?, 1, ?, ?, ?, ?, ?, ?, ?, ?, ?, ?) , (?, 1, ?, ?, ?, ?, ?, ?, ?, ?, ?, ?) , (?, 1, ?, ?, ?, ?, ?, ?, ?, ?, ?, ?) , (?, 1, ?, ?, ?, ?, ?, ?, ?, ?, ?, ?) , (?, 1, ?, ?, ?, ?, ?, ?, ?, ?, ?, ?) , (?, 1, ?, ?, ?, ?, ?, ?, ?, ?, ?, ?) , (?, 1, ?, ?, ?, ?, ?, ?, ?, ?, ?, ?) , (?, 1, ?, ?, ?, ?, ?, ?, ?, ?, ?, ?) , (?, 1, ?, ?, ?, ?, ?, ?, ?, ?, ?, ?) , (?, 1, ?, ?, ?, ?, ?, ?, ?, ?, ?, ?) , (?, 1, ?, ?, ?, ?, ?, ?, ?, ?, ?, ?) , (?, 1, ?, ?, ?, ?, ?, ?, ?, ?, ?, ?) , (?, 1, ?, ?, ?, ?, ?, ?, ?, ?, ?, ?) , (?, 1, ?, ?, ?, ?, ?, ?, ?, ?, ?, ?) , (?, 1, ?, ?, ?, ?, ?, ?, ?, ?, ?, ?) , (?, 1, ?, ?, ?, ?, ?, ?, ?, ?, ?, ?) , (?, 1, ?, ?, ?, ?, ?, ?, ?, ?, ?, ?) , (?, 1, ?, ?, ?, ?, ?, ?, ?, ?, ?, ?) , (?, 1, ?, ?, ?, ?, ?, ?, ?, ?, ?, ?) , (?, 1, ?, ?, ?, ?, ?, ?, ?, ?, ?, ?) , (?, 1, ?, ?, ?, ?, ?, ?, ?, ?, ?, ?) , (?, 1, ?, ?, ?, ?, ?, ?, ?, ?, ?, ?) , (?, 1, ?, ?, ?, ?, ?, ?, ?, ?, ?, ?) , (?, 1, ?, ?, ?, ?, ?, ?, ?, ?, ?, ?) , (?, 1, ?, ?, ?, ?, ?, ?, ?, ?, ?, ?) , (?, 1, ?, ?, ?, ?, ?, ?, ?, ?, ?, ?) , (?, 1, ?, ?, ?, ?, ?, ?, ?, ?, ?, ?) , (?, 1, ?, ?, ?, ?, ?, ?, ?, ?, ?, ?) , (?, 1, ?, ?, ?, ?, ?, ?, ?, ?, ?, ?) , (?, 1, ?, ?, ?, ?, ?, ?, ?, ?, ?, ?) , (?, 1, ?, ?, ?, ?, ?, ?, ?, ?, ?, ?) , (?, 1, ?, ?, ?, ?, ?, ?, ?, ?, ?, ?) , (?, 1, ?, ?, ?, ?, ?, ?, ?, ?, ?, ?) , (?, 1, ?, ?, ?, ?, ?, ?, ?, ?, ?, ?) , (?, 1, ?, ?, ?, ?, ?, ?, ?, ?, ?, ?) , (?, 1, ?, ?, ?, ?, ?, ?, ?, ?, ?, ?) , (?, 1, ?, ?, ?, ?, ?, ?, ?, ?, ?, ?) , (?, 1, ?, ?, ?, ?, ?, ?, ?, ?, ?, ?) , (?, 1, ?, ?, ?, ?, ?, ?, ?, ?, ?, ?) , (?, 1, ?, ?, ?, ?, ?, ?, ?, ?, ?, ?) , (?, 1, ?, ?, ?, ?, ?, ?, ?, ?, ?, ?) , (?, 1, ?, ?, ?, ?, ?, ?, ?, ?, ?, ?) , (?, 1, ?, ?, ?, ?, ?, ?, ?, ?, ?, ?) , (?, 1, ?, ?, ?, ?, ?, ?, ?, ?, ?, ?) , (?, 1, ?, ?, ?, ?, ?, ?, ?, ?, ?, ?) , (?, 1, ?, ?, ?, ?, ?, ?, ?, ?, ?, ?) , (?, 1, ?, ?, ?, ?, ?, ?, ?, ?, ?, ?) , (?, 1, ?, ?, ?, ?, ?, ?, ?, ?, ?, ?) , (?, 1, ?, ?, ?, ?, ?, ?, ?, ?, ?, ?) , (?, 1, ?, ?, ?, ?, ?, ?, ?, ?, ?, ?) , (?, 1, ?, ?, ?, ?, ?, ?, ?, ?, ?, ?) , (?, 1, ?, ?, ?, ?, ?, ?, ?, ?, ?, ?) , (?, 1, ?, ?, ?, ?, ?, ?, ?, ?, ?, ?) , (?, 1, ?, ?, ?, ?, ?, ?, ?, ?, ?, ?) , (?, 1, ?, ?, ?, ?, ?, ?, ?, ?, ?, ?) , (?, 1, ?, ?, ?, ?, ?, ?, ?, ?, ?, ?) , (?, 1, ?, ?, ?, ?, ?, ?, ?, ?, ?, ?) , (?, 1, ?, ?, ?, ?, ?, ?, ?, ?, ?, ?) , (?, 1, ?, ?, ?, ?, ?, ?, ?, ?, ?, ?) , (?, 1, ?, ?, ?, ?, ?, ?, ?, ?, ?, ?) , (?, 1, ?, ?, ?, ?, ?, ?, ?, ?, ?, ?) , (?, 1, ?, ?, ?, ?, ?, ?, ?, ?, ?, ?) , (?, 1, ?, ?, ?, ?, ?, ?, ?, ?, ?, ?) , (?, 1, ?, ?, ?, ?, ?, ?, ?, ?, ?, ?) , (?, 1, ?, ?, ?, ?, ?, ?, ?, ?, ?, ?) 
10:48:05,524 [main] DEBUG org.activiti.engine.impl.persistence.entity.VariableInstanceEntity.bulkInsertVariableInstance  - ==&gt; Parameters: 4005(String), integer(String), var3810(String), 2504(String), 2504(String), null, null, null, 3810(Long), 3810(String), null, 4006(String), integer(String), var3814(String), 2504(String), 2504(String), null, null, null, 3814(Long), 3814(String), null, 4007(String), integer(String), var3813(String), 2504(String), 2504(String), null, null, null, 3813(Long), 3813(String), null, 4008(String), integer(String), var3812(String), 2504(String), 2504(String), null, null, null, 3812(Long), 3812(String), null, 4009(String), integer(String), var3811(String), 2504(String), 2504(String), null, null, null, 3811(Long), 3811(String), null, 4010(String), integer(String), var3818(String), 2504(String), 2504(String), null, null, null, 3818(Long), 3818(String), null, 4011(String), integer(String), var3817(String), 2504(String), 2504(String), null, null, null, 3817(Long), 3817(String), null, 4012(String), integer(String), var3816(String), 2504(String), 2504(String), null, null, null, 3816(Long), 3816(String), null, 4013(String), integer(String), var3815(String), 2504(String), 2504(String), null, null, null, 3815(Long), 3815(String), null, 4014(String), integer(String), var3819(String), 2504(String), 2504(String), null, null, null, 3819(Long), 3819(String), null, 4015(String), integer(String), var3821(String), 2504(String), 2504(String), null, null, null, 3821(Long), 3821(String), null, 4016(String), integer(String), var3820(String), 2504(String), 2504(String), null, null, null, 3820(Long), 3820(String), null, 4017(String), integer(String), var3825(String), 2504(String), 2504(String), null, null, null, 3825(Long), 3825(String), null, 4018(String), integer(String), var3824(String), 2504(String), 2504(String), null, null, null, 3824(Long), 3824(String), null, 4019(String), integer(String), var3823(String), 2504(String), 2504(String), null, null, null, 3823(Long), 3823(String), null, 4020(String), integer(String), var3822(String), 2504(String), 2504(String), null, null, null, 3822(Long), 3822(String), null, 4021(String), integer(String), var3829(String), 2504(String), 2504(String), null, null, null, 3829(Long), 3829(String), null, 4022(String), integer(String), var3828(String), 2504(String), 2504(String), null, null, null, 3828(Long), 3828(String), null, 4023(String), integer(String), var3827(String), 2504(String), 2504(String), null, null, null, 3827(Long), 3827(String), null, 4024(String), integer(String), var3826(String), 2504(String), 2504(String), null, null, null, 3826(Long), 3826(String), null, 4025(String), integer(String), var2501(String), 2504(String), 2504(String), null, null, null, 2501(Long), 2501(String), null, 4026(String), integer(String), var3832(String), 2504(String), 2504(String), null, null, null, 3832(Long), 3832(String), null, 4027(String), integer(String), var2500(String), 2504(String), 2504(String), null, null, null, 2500(Long), 2500(String), null, 4028(String), integer(String), var3831(String), 2504(String), 2504(String), null, null, null, 3831(Long), 3831(String), null, 4029(String), integer(String), var3830(String), 2504(String), 2504(String), null, null, null, 3830(Long), 3830(String), null, 4030(String), integer(String), var2505(String), 2504(String), 2504(String), null, null, null, 2505(Long), 2505(String), null, 4031(String), integer(String), var3836(String), 2504(String), 2504(String), null, null, null, 3836(Long), 3836(String), null, 4032(String), integer(String), var2504(String), 2504(String), 2504(String), null, null, null, 2504(Long), 2504(String), null, 4033(String), integer(String), var3835(String), 2504(String), 2504(String), null, null, null, 3835(Long), 3835(String), null, 4034(String), integer(String), var2503(String), 2504(String), 2504(String), null, null, null, 2503(Long), 2503(String), null, 4035(String), integer(String), var3834(String), 2504(String), 2504(String), null, null, null, 3834(Long), 3834(String), null, 4036(String), integer(String), var2502(String), 2504(String), 2504(String), null, null, null, 2502(Long), 2502(String), null, 4037(String), integer(String), var3833(String), 2504(String), 2504(String), null, null, null, 3833(Long), 3833(String), null, 4038(String), integer(String), var2509(String), 2504(String), 2504(String), null, null, null, 2509(Long), 2509(String), null, 4039(String), integer(String), var2508(String), 2504(String), 2504(String), null, null, null, 2508(Long), 2508(String), null, 4040(String), integer(String), var3839(String), 2504(String), 2504(String), null, null, null, 3839(Long), 3839(String), null, 4041(String), integer(String), var2507(String), 2504(String), 2504(String), null, null, null, 2507(Long), 2507(String), null, 4042(String), integer(String), var3838(String), 2504(String), 2504(String), null, null, null, 3838(Long), 3838(String), null, 4043(String), integer(String), var2506(String), 2504(String), 2504(String), null, null, null, 2506(Long), 2506(String), null, 4044(String), integer(String), var3837(String), 2504(String), 2504(String), null, null, null, 3837(Long), 3837(String), null, 4045(String), integer(String), var2512(String), 2504(String), 2504(String), null, null, null, 2512(Long), 2512(String), null, 4046(String), integer(String), var3843(String), 2504(String), 2504(String), null, null, null, 3843(Long), 3843(String), null, 4047(String), integer(String), var2511(String), 2504(String), 2504(String), null, null, null, 2511(Long), 2511(String), null, 4048(String), integer(String), var3842(String), 2504(String), 2504(String), null, null, null, 3842(Long), 3842(String), null, 4049(String), integer(String), var2510(String), 2504(String), 2504(String), null, null, null, 2510(Long), 2510(String), null, 4050(String), integer(String), var3841(String), 2504(String), 2504(String), null, null, null, 3841(Long), 3841(String), null, 4051(String), integer(String), var3840(String), 2504(String), 2504(String), null, null, null, 3840(Long), 3840(String), null, 4052(String), integer(String), var2516(String), 2504(String), 2504(String), null, null, null, 2516(Long), 2516(String), null, 4053(String), integer(String), var3847(String), 2504(String), 2504(String), null, null, null, 3847(Long), 3847(String), null, 4054(String), integer(String), var2515(String), 2504(String), 2504(String), null, null, null, 2515(Long), 2515(String), null, 4055(String), integer(String), var3846(String), 2504(String), 2504(String), null, null, null, 3846(Long), 3846(String), null, 4056(String), integer(String), var2514(String), 2504(String), 2504(String), null, null, null, 2514(Long), 2514(String), null, 4057(String), integer(String), var3845(String), 2504(String), 2504(String), null, null, null, 3845(Long), 3845(String), null, 4058(String), integer(String), var2513(String), 2504(String), 2504(String), null, null, null, 2513(Long), 2513(String), null, 4059(String), integer(String), var3844(String), 2504(String), 2504(String), null, null, null, 3844(Long), 3844(String), null, 4060(String), integer(String), var2519(String), 2504(String), 2504(String), null, null, null, 2519(Long), 2519(String), null, 4061(String), integer(String), var2518(String), 2504(String), 2504(String), null, null, null, 2518(Long), 2518(String), null, 4062(String), integer(String), var3849(String), 2504(String), 2504(String), null, null, null, 3849(Long), 3849(String), null, 4063(String), integer(String), var2517(String), 2504(String), 2504(String), null, null, null, 2517(Long), 2517(String), null, 4064(String), integer(String), var3848(String), 2504(String), 2504(String), null, null, null, 3848(Long), 3848(String), null, 4065(String), integer(String), var3850(String), 2504(String), 2504(String), null, null, null, 3850(Long), 3850(String), null, 4066(String), integer(String), var2523(String), 2504(String), 2504(String), null, null, null, 2523(Long), 2523(String), null, 4067(String), integer(String), var3854(String), 2504(String), 2504(String), null, null, null, 3854(Long), 3854(String), null, 4068(String), integer(String), var2522(String), 2504(String), 2504(String), null, null, null, 2522(Long), 2522(String), null, 4069(String), integer(String), var3853(String), 2504(String), 2504(String), null, null, null, 3853(Long), 3853(String), null, 4070(String), integer(String), var2521(String), 2504(String), 2504(String), null, null, null, 2521(Long), 2521(String), null, 4071(String), integer(String), var3852(String), 2504(String), 2504(String), null, null, null, 3852(Long), 3852(String), null, 4072(String), integer(String), var2520(String), 2504(String), 2504(String), null, null, null, 2520(Long), 2520(String), null, 4073(String), integer(String), var3851(String), 2504(String), 2504(String), null, null, null, 3851(Long), 3851(String), null, 4074(String), integer(String), var2527(String), 2504(String), 2504(String), null, null, null, 2527(Long), 2527(String), null, 4075(String), integer(String), var3858(String), 2504(String), 2504(String), null, null, null, 3858(Long), 3858(String), null, 4076(String), integer(String), var2526(String), 2504(String), 2504(String), null, null, null, 2526(Long), 2526(String), null, 4077(String), integer(String), var3857(String), 2504(String), 2504(String), null, null, null, 3857(Long), 3857(String), null, 4078(String), integer(String), var2525(String), 2504(String), 2504(String), null, null, null, 2525(Long), 2525(String), null, 4079(String), integer(String), var3856(String), 2504(String), 2504(String), null, null, null, 3856(Long), 3856(String), null, 4080(String), integer(String), var2524(String), 2504(String), 2504(String), null, null, null, 2524(Long), 2524(String), null, 4081(String), integer(String), var3855(String), 2504(String), 2504(String), null, null, null, 3855(Long), 3855(String), null, 4082(String), integer(String), var2529(String), 2504(String), 2504(String), null, null, null, 2529(Long), 2529(String), null, 4083(String), integer(String), var2528(String), 2504(String), 2504(String), null, null, null, 2528(Long), 2528(String), null, 4084(String), integer(String), var3859(String), 2504(String), 2504(String), null, null, null, 3859(Long), 3859(String), null, 4085(String), integer(String), var2530(String), 2504(String), 2504(String), null, null, null, 2530(Long), 2530(String), null, 4086(String), integer(String), var3861(String), 2504(String), 2504(String), null, null, null, 3861(Long), 3861(String), null, 4087(String), integer(String), var3860(String), 2504(String), 2504(String), null, null, null, 3860(Long), 3860(String), null, 4088(String), integer(String), var1202(String), 2504(String), 2504(String), null, null, null, 1202(Long), 1202(String), null, 4089(String), integer(String), var2534(String), 2504(String), 2504(String), null, null, null, 2534(Long), 2534(String), null, 4090(String), integer(String), var3865(String), 2504(String), 2504(String), null, null, null, 3865(Long), 3865(String), null, 4091(String), integer(String), var1203(String), 2504(String), 2504(String), null, null, null, 1203(Long), 1203(String), null, 4092(String), integer(String), var2533(String), 2504(String), 2504(String), null, null, null, 2533(Long), 2533(String), null, 4093(String), integer(String), var3864(String), 2504(String), 2504(String), null, null, null, 3864(Long), 3864(String), null, 4094(String), integer(String), var1200(String), 2504(String), 2504(String), null, null, null, 1200(Long), 1200(String), null, 4095(String), integer(String), var2532(String), 2504(String), 2504(String), null, null, null, 2532(Long), 2532(String), null, 4096(String), integer(String), var3863(String), 2504(String), 2504(String), null, null, null, 3863(Long), 3863(String), null, 4097(String), integer(String), var1201(String), 2504(String), 2504(String), null, null, null, 1201(Long), 1201(String), null, 4098(String), integer(String), var2531(String), 2504(String), 2504(String), null, null, null, 2531(Long), 2531(String), null, 4099(String), integer(String), var3862(String), 2504(String), 2504(String), null, null, null, 3862(Long), 3862(String), null, 4100(String), integer(String), var1206(String), 2504(String), 2504(String), null, null, null, 1206(Long), 1206(String), null, 4101(String), integer(String), var2538(String), 2504(String), 2504(String), null, null, null, 2538(Long), 2538(String), null, 4102(String), integer(String), var3869(String), 2504(String), 2504(String), null, null, null, 3869(Long), 3869(String), null, 4103(String), integer(String), var1207(String), 2504(String), 2504(String), null, null, null, 1207(Long), 1207(String), null, 4104(String), integer(String), var2537(String), 2504(String), 2504(String), null, null, null, 2537(Long), 2537(String), null
10:48:05,525 [main] DEBUG org.activiti.engine.impl.persistence.entity.VariableInstanceEntity.bulkInsertVariableInstance  - &lt;==    Updates: 100
10:48:05,533 [Thread-112] DEBUG org.activiti.engine.impl.asyncexecutor.AcquireAsyncJobsDueRunnable  - async job acquisition thread woke up
10:48:05,533 [Thread-112] DEBUG org.activiti.engine.impl.interceptor.LogInterceptor  - 

10:48:05,533 [Thread-112] DEBUG org.activiti.engine.impl.interceptor.LogInterceptor  - --- starting AcquireAsyncJobsDueCmd --------------------------------------------------------
10:48:05,533 [Thread-112] DEBUG org.apache.ibatis.transaction.jdbc.JdbcTransaction  - Opening JDBC Connection
10:48:05,534 [Thread-112] DEBUG org.apache.ibatis.datasource.pooled.PooledDataSource  - Checked out connection 604408605 from pool.
10:48:05,534 [Thread-112] DEBUG org.apache.ibatis.transaction.jdbc.JdbcTransaction  - Setting autocommit to false on JDBC Connection [conn70: url=jdbc:h2:mem:activiti-AsyncExecutorTest user=SA]
10:48:05,534 [Thread-112] DEBUG org.activiti.engine.impl.persistence.entity.JobEntity.selectAsyncJobsDueToExecute  - ==&gt;  Preparing: select RES.* from ACT_RU_JOB RES LEFT OUTER JOIN ACT_RU_EXECUTION PI ON PI.ID_ = RES.PROCESS_INSTANCE_ID_ where RES.RETRIES_ &gt; 0 and RES.DUEDATE_ is not null and RES.DUEDATE_ &lt;= ? and (RES.LOCK_EXP_TIME_ is null or RES.LOCK_EXP_TIME_ &lt;= ?) and TYPE_ = &apos;message&apos; and ( (RES.EXECUTION_ID_ is null) or (PI.SUSPENSION_STATE_ = 1) ) LIMIT ? OFFSET ? 
10:48:05,534 [Thread-112] DEBUG org.activiti.engine.impl.persistence.entity.JobEntity.selectAsyncJobsDueToExecute  - ==&gt; Parameters: 2023-03-20 10:48:05.533(Timestamp), 2023-03-20 10:48:05.533(Timestamp), 1(Integer), 0(Integer)
10:48:05,534 [Thread-112] DEBUG org.activiti.engine.impl.persistence.entity.JobEntity.selectAsyncJobsDueToExecute  - &lt;==      Total: 0
10:48:05,534 [Thread-112] DEBUG org.activiti.engine.impl.db.DbSqlSession  - flush summary: 0 insert, 0 update, 0 delete.
10:48:05,534 [Thread-112] DEBUG org.activiti.engine.impl.db.DbSqlSession  - now executing flush...
10:48:05,534 [Thread-112] DEBUG org.activiti.engine.impl.cfg.standalone.StandaloneMybatisTransactionContext  - firing event committing...
10:48:05,534 [Thread-112] DEBUG org.activiti.engine.impl.cfg.standalone.StandaloneMybatisTransactionContext  - committing the ibatis sql session...
10:48:05,534 [Thread-112] DEBUG org.activiti.engine.impl.cfg.standalone.StandaloneMybatisTransactionContext  - firing event committed...
10:48:05,534 [Thread-112] DEBUG org.apache.ibatis.transaction.jdbc.JdbcTransaction  - Resetting autocommit to true on JDBC Connection [conn70: url=jdbc:h2:mem:activiti-AsyncExecutorTest user=SA]
10:48:05,534 [Thread-112] DEBUG org.apache.ibatis.transaction.jdbc.JdbcTransaction  - Closing JDBC Connection [conn70: url=jdbc:h2:mem:activiti-AsyncExecutorTest user=SA]
10:48:05,534 [Thread-112] DEBUG org.apache.ibatis.datasource.pooled.PooledDataSource  - Returned connection 604408605 to pool.
10:48:05,534 [Thread-112] DEBUG org.activiti.engine.impl.interceptor.LogInterceptor  - --- AcquireAsyncJobsDueCmd finished --------------------------------------------------------
10:48:05,534 [Thread-112] DEBUG org.activiti.engine.impl.interceptor.LogInterceptor  - 

10:48:05,534 [Thread-112] DEBUG org.activiti.engine.impl.asyncexecutor.AcquireAsyncJobsDueRunnable  - async job acquisition thread sleeping for 50 millis
10:48:05,534 [Thread-106] DEBUG org.activiti.engine.impl.asyncexecutor.AcquireAsyncJobsDueRunnable  - async job acquisition thread woke up
10:48:05,534 [Thread-106] DEBUG org.activiti.engine.impl.interceptor.LogInterceptor  - 

10:48:05,534 [Thread-106] DEBUG org.activiti.engine.impl.interceptor.LogInterceptor  - --- starting AcquireAsyncJobsDueCmd --------------------------------------------------------
10:48:05,534 [Thread-106] DEBUG org.apache.ibatis.transaction.jdbc.JdbcTransaction  - Opening JDBC Connection
10:48:05,535 [Thread-106] DEBUG org.apache.ibatis.datasource.pooled.PooledDataSource  - Checked out connection 54468349 from pool.
10:48:05,535 [Thread-106] DEBUG org.apache.ibatis.transaction.jdbc.JdbcTransaction  - Setting autocommit to false on JDBC Connection [conn64: url=jdbc:h2:mem:activiti-AsyncExecutorTest user=SA]
10:48:05,535 [Thread-106] DEBUG org.activiti.engine.impl.persistence.entity.JobEntity.selectAsyncJobsDueToExecute  - ==&gt;  Preparing: select RES.* from ACT_RU_JOB RES LEFT OUTER JOIN ACT_RU_EXECUTION PI ON PI.ID_ = RES.PROCESS_INSTANCE_ID_ where RES.RETRIES_ &gt; 0 and RES.DUEDATE_ is not null and RES.DUEDATE_ &lt;= ? and (RES.LOCK_EXP_TIME_ is null or RES.LOCK_EXP_TIME_ &lt;= ?) and TYPE_ = &apos;message&apos; and ( (RES.EXECUTION_ID_ is null) or (PI.SUSPENSION_STATE_ = 1) ) LIMIT ? OFFSET ? 
10:48:05,535 [Thread-106] DEBUG org.activiti.engine.impl.persistence.entity.JobEntity.selectAsyncJobsDueToExecute  - ==&gt; Parameters: 2023-03-20 10:48:05.534(Timestamp), 2023-03-20 10:48:05.534(Timestamp), 1(Integer), 0(Integer)
10:48:05,535 [Thread-106] DEBUG org.activiti.engine.impl.persistence.entity.JobEntity.selectAsyncJobsDueToExecute  - &lt;==      Total: 0
10:48:05,535 [Thread-106] DEBUG org.activiti.engine.impl.db.DbSqlSession  - flush summary: 0 insert, 0 update, 0 delete.
10:48:05,535 [Thread-106] DEBUG org.activiti.engine.impl.db.DbSqlSession  - now executing flush...
10:48:05,535 [Thread-106] DEBUG org.activiti.engine.impl.cfg.standalone.StandaloneMybatisTransactionContext  - firing event committing...
10:48:05,535 [Thread-106] DEBUG org.activiti.engine.impl.cfg.standalone.StandaloneMybatisTransactionContext  - committing the ibatis sql session...
10:48:05,535 [Thread-106] DEBUG org.activiti.engine.impl.cfg.standalone.StandaloneMybatisTransactionContext  - firing event committed...
10:48:05,535 [Thread-106] DEBUG org.apache.ibatis.transaction.jdbc.JdbcTransaction  - Resetting autocommit to true on JDBC Connection [conn64: url=jdbc:h2:mem:activiti-AsyncExecutorTest user=SA]
10:48:05,535 [Thread-106] DEBUG org.apache.ibatis.transaction.jdbc.JdbcTransaction  - Closing JDBC Connection [conn64: url=jdbc:h2:mem:activiti-AsyncExecutorTest user=SA]
10:48:05,535 [Thread-106] DEBUG org.apache.ibatis.datasource.pooled.PooledDataSource  - Returned connection 54468349 to pool.
10:48:05,535 [Thread-106] DEBUG org.activiti.engine.impl.interceptor.LogInterceptor  - --- AcquireAsyncJobsDueCmd finished --------------------------------------------------------
10:48:05,535 [Thread-106] DEBUG org.activiti.engine.impl.interceptor.LogInterceptor  - 

10:48:05,535 [Thread-106] DEBUG org.activiti.engine.impl.asyncexecutor.AcquireAsyncJobsDueRunnable  - async job acquisition thread sleeping for 50 millis
10:48:05,536 [Thread-105] DEBUG org.activiti.engine.impl.asyncexecutor.AcquireTimerJobsRunnable  - timer job acquisition thread woke up
10:48:05,536 [Thread-105] DEBUG org.activiti.engine.impl.interceptor.LogInterceptor  - 

10:48:05,536 [Thread-105] DEBUG org.activiti.engine.impl.interceptor.LogInterceptor  - --- starting AcquireTimerJobsCmd --------------------------------------------------------
10:48:05,536 [Thread-105] DEBUG org.apache.ibatis.transaction.jdbc.JdbcTransaction  - Opening JDBC Connection
10:48:05,536 [Thread-105] DEBUG org.apache.ibatis.datasource.pooled.PooledDataSource  - Checked out connection 996762054 from pool.
10:48:05,536 [Thread-105] DEBUG org.apache.ibatis.transaction.jdbc.JdbcTransaction  - Setting autocommit to false on JDBC Connection [conn65: url=jdbc:h2:mem:activiti-AsyncExecutorTest user=SA]
10:48:05,536 [Thread-105] DEBUG org.activiti.engine.impl.persistence.entity.JobEntity.selectNextTimerJobsToExecute  - ==&gt;  Preparing: select RES.* from ACT_RU_JOB RES LEFT OUTER JOIN ACT_RU_EXECUTION PI ON PI.ID_ = RES.PROCESS_INSTANCE_ID_ where (RES.RETRIES_ &gt; 0) and (RES.DUEDATE_ is null or RES.DUEDATE_ &lt;= ?) and (RES.LOCK_OWNER_ is null or RES.LOCK_EXP_TIME_ &lt;= ?) and TYPE_ = &apos;timer&apos; and ( (RES.EXECUTION_ID_ is null) or (PI.SUSPENSION_STATE_ = 1) ) LIMIT ? OFFSET ? 
10:48:05,536 [Thread-105] DEBUG org.activiti.engine.impl.persistence.entity.JobEntity.selectNextTimerJobsToExecute  - ==&gt; Parameters: 2023-03-20 10:48:05.536(Timestamp), 2023-03-20 10:48:05.536(Timestamp), 1(Integer), 0(Integer)
10:48:05,536 [Thread-105] DEBUG org.activiti.engine.impl.persistence.entity.JobEntity.selectNextTimerJobsToExecute  - &lt;==      Total: 0
10:48:05,536 [Thread-105] DEBUG org.activiti.engine.impl.db.DbSqlSession  - flush summary: 0 insert, 0 update, 0 delete.
10:48:05,536 [Thread-105] DEBUG org.activiti.engine.impl.db.DbSqlSession  - now executing flush...
10:48:05,536 [Thread-105] DEBUG org.activiti.engine.impl.cfg.standalone.StandaloneMybatisTransactionContext  - firing event committing...
10:48:05,536 [Thread-105] DEBUG org.activiti.engine.impl.cfg.standalone.StandaloneMybatisTransactionContext  - committing the ibatis sql session...
10:48:05,536 [Thread-105] DEBUG org.activiti.engine.impl.cfg.standalone.StandaloneMybatisTransactionContext  - firing event committed...
10:48:05,536 [Thread-105] DEBUG org.apache.ibatis.transaction.jdbc.JdbcTransaction  - Resetting autocommit to true on JDBC Connection [conn65: url=jdbc:h2:mem:activiti-AsyncExecutorTest user=SA]
10:48:05,536 [Thread-105] DEBUG org.apache.ibatis.transaction.jdbc.JdbcTransaction  - Closing JDBC Connection [conn65: url=jdbc:h2:mem:activiti-AsyncExecutorTest user=SA]
10:48:05,536 [Thread-105] DEBUG org.apache.ibatis.datasource.pooled.PooledDataSource  - Returned connection 996762054 to pool.
10:48:05,536 [Thread-105] DEBUG org.activiti.engine.impl.interceptor.LogInterceptor  - --- AcquireTimerJobsCmd finished --------------------------------------------------------
10:48:05,536 [Thread-105] DEBUG org.activiti.engine.impl.interceptor.LogInterceptor  - 

10:48:05,536 [Thread-105] DEBUG org.activiti.engine.impl.asyncexecutor.AcquireTimerJobsRunnable  - timer job acquisition thread sleeping for 50 millis
10:48:05,536 [Thread-103] DEBUG org.activiti.engine.impl.asyncexecutor.AcquireAsyncJobsDueRunnable  - async job acquisition thread woke up
10:48:05,536 [Thread-103] DEBUG org.activiti.engine.impl.interceptor.LogInterceptor  - 

10:48:05,536 [Thread-103] DEBUG org.activiti.engine.impl.interceptor.LogInterceptor  - --- starting AcquireAsyncJobsDueCmd --------------------------------------------------------
10:48:05,537 [main] DEBUG org.activiti.engine.impl.persistence.entity.VariableInstanceEntity.bulkInsertVariableInstance  - ==&gt;  Preparing: INSERT INTO ACT_RU_VARIABLE (ID_, REV_, TYPE_, NAME_, PROC_INST_ID_, EXECUTION_ID_, TASK_ID_, BYTEARRAY_ID_, DOUBLE_, LONG_ , TEXT_, TEXT2_) VALUES (?, 1, ?, ?, ?, ?, ?, ?, ?, ?, ?, ?) , (?, 1, ?, ?, ?, ?, ?, ?, ?, ?, ?, ?) , (?, 1, ?, ?, ?, ?, ?, ?, ?, ?, ?, ?) , (?, 1, ?, ?, ?, ?, ?, ?, ?, ?, ?, ?) , (?, 1, ?, ?, ?, ?, ?, ?, ?, ?, ?, ?) , (?, 1, ?, ?, ?, ?, ?, ?, ?, ?, ?, ?) , (?, 1, ?, ?, ?, ?, ?, ?, ?, ?, ?, ?) , (?, 1, ?, ?, ?, ?, ?, ?, ?, ?, ?, ?) , (?, 1, ?, ?, ?, ?, ?, ?, ?, ?, ?, ?) , (?, 1, ?, ?, ?, ?, ?, ?, ?, ?, ?, ?) , (?, 1, ?, ?, ?, ?, ?, ?, ?, ?, ?, ?) , (?, 1, ?, ?, ?, ?, ?, ?, ?, ?, ?, ?) , (?, 1, ?, ?, ?, ?, ?, ?, ?, ?, ?, ?) , (?, 1, ?, ?, ?, ?, ?, ?, ?, ?, ?, ?) , (?, 1, ?, ?, ?, ?, ?, ?, ?, ?, ?, ?) , (?, 1, ?, ?, ?, ?, ?, ?, ?, ?, ?, ?) , (?, 1, ?, ?, ?, ?, ?, ?, ?, ?, ?, ?) , (?, 1, ?, ?, ?, ?, ?, ?, ?, ?, ?, ?) , (?, 1, ?, ?, ?, ?, ?, ?, ?, ?, ?, ?) , (?, 1, ?, ?, ?, ?, ?, ?, ?, ?, ?, ?) , (?, 1, ?, ?, ?, ?, ?, ?, ?, ?, ?, ?) , (?, 1, ?, ?, ?, ?, ?, ?, ?, ?, ?, ?) , (?, 1, ?, ?, ?, ?, ?, ?, ?, ?, ?, ?) , (?, 1, ?, ?, ?, ?, ?, ?, ?, ?, ?, ?) , (?, 1, ?, ?, ?, ?, ?, ?, ?, ?, ?, ?) , (?, 1, ?, ?, ?, ?, ?, ?, ?, ?, ?, ?) , (?, 1, ?, ?, ?, ?, ?, ?, ?, ?, ?, ?) , (?, 1, ?, ?, ?, ?, ?, ?, ?, ?, ?, ?) , (?, 1, ?, ?, ?, ?, ?, ?, ?, ?, ?, ?) , (?, 1, ?, ?, ?, ?, ?, ?, ?, ?, ?, ?) , (?, 1, ?, ?, ?, ?, ?, ?, ?, ?, ?, ?) , (?, 1, ?, ?, ?, ?, ?, ?, ?, ?, ?, ?) , (?, 1, ?, ?, ?, ?, ?, ?, ?, ?, ?, ?) , (?, 1, ?, ?, ?, ?, ?, ?, ?, ?, ?, ?) , (?, 1, ?, ?, ?, ?, ?, ?, ?, ?, ?, ?) , (?, 1, ?, ?, ?, ?, ?, ?, ?, ?, ?, ?) , (?, 1, ?, ?, ?, ?, ?, ?, ?, ?, ?, ?) , (?, 1, ?, ?, ?, ?, ?, ?, ?, ?, ?, ?) , (?, 1, ?, ?, ?, ?, ?, ?, ?, ?, ?, ?) , (?, 1, ?, ?, ?, ?, ?, ?, ?, ?, ?, ?) , (?, 1, ?, ?, ?, ?, ?, ?, ?, ?, ?, ?) , (?, 1, ?, ?, ?, ?, ?, ?, ?, ?, ?, ?) , (?, 1, ?, ?, ?, ?, ?, ?, ?, ?, ?, ?) , (?, 1, ?, ?, ?, ?, ?, ?, ?, ?, ?, ?) , (?, 1, ?, ?, ?, ?, ?, ?, ?, ?, ?, ?) , (?, 1, ?, ?, ?, ?, ?, ?, ?, ?, ?, ?) , (?, 1, ?, ?, ?, ?, ?, ?, ?, ?, ?, ?) , (?, 1, ?, ?, ?, ?, ?, ?, ?, ?, ?, ?) , (?, 1, ?, ?, ?, ?, ?, ?, ?, ?, ?, ?) , (?, 1, ?, ?, ?, ?, ?, ?, ?, ?, ?, ?) , (?, 1, ?, ?, ?, ?, ?, ?, ?, ?, ?, ?) , (?, 1, ?, ?, ?, ?, ?, ?, ?, ?, ?, ?) , (?, 1, ?, ?, ?, ?, ?, ?, ?, ?, ?, ?) , (?, 1, ?, ?, ?, ?, ?, ?, ?, ?, ?, ?) , (?, 1, ?, ?, ?, ?, ?, ?, ?, ?, ?, ?) , (?, 1, ?, ?, ?, ?, ?, ?, ?, ?, ?, ?) , (?, 1, ?, ?, ?, ?, ?, ?, ?, ?, ?, ?) , (?, 1, ?, ?, ?, ?, ?, ?, ?, ?, ?, ?) , (?, 1, ?, ?, ?, ?, ?, ?, ?, ?, ?, ?) , (?, 1, ?, ?, ?, ?, ?, ?, ?, ?, ?, ?) , (?, 1, ?, ?, ?, ?, ?, ?, ?, ?, ?, ?) , (?, 1, ?, ?, ?, ?, ?, ?, ?, ?, ?, ?) , (?, 1, ?, ?, ?, ?, ?, ?, ?, ?, ?, ?) , (?, 1, ?, ?, ?, ?, ?, ?, ?, ?, ?, ?) , (?, 1, ?, ?, ?, ?, ?, ?, ?, ?, ?, ?) , (?, 1, ?, ?, ?, ?, ?, ?, ?, ?, ?, ?) , (?, 1, ?, ?, ?, ?, ?, ?, ?, ?, ?, ?) , (?, 1, ?, ?, ?, ?, ?, ?, ?, ?, ?, ?) , (?, 1, ?, ?, ?, ?, ?, ?, ?, ?, ?, ?) , (?, 1, ?, ?, ?, ?, ?, ?, ?, ?, ?, ?) , (?, 1, ?, ?, ?, ?, ?, ?, ?, ?, ?, ?) , (?, 1, ?, ?, ?, ?, ?, ?, ?, ?, ?, ?) , (?, 1, ?, ?, ?, ?, ?, ?, ?, ?, ?, ?) , (?, 1, ?, ?, ?, ?, ?, ?, ?, ?, ?, ?) , (?, 1, ?, ?, ?, ?, ?, ?, ?, ?, ?, ?) , (?, 1, ?, ?, ?, ?, ?, ?, ?, ?, ?, ?) , (?, 1, ?, ?, ?, ?, ?, ?, ?, ?, ?, ?) , (?, 1, ?, ?, ?, ?, ?, ?, ?, ?, ?, ?) , (?, 1, ?, ?, ?, ?, ?, ?, ?, ?, ?, ?) , (?, 1, ?, ?, ?, ?, ?, ?, ?, ?, ?, ?) , (?, 1, ?, ?, ?, ?, ?, ?, ?, ?, ?, ?) , (?, 1, ?, ?, ?, ?, ?, ?, ?, ?, ?, ?) , (?, 1, ?, ?, ?, ?, ?, ?, ?, ?, ?, ?) , (?, 1, ?, ?, ?, ?, ?, ?, ?, ?, ?, ?) , (?, 1, ?, ?, ?, ?, ?, ?, ?, ?, ?, ?) , (?, 1, ?, ?, ?, ?, ?, ?, ?, ?, ?, ?) , (?, 1, ?, ?, ?, ?, ?, ?, ?, ?, ?, ?) , (?, 1, ?, ?, ?, ?, ?, ?, ?, ?, ?, ?) , (?, 1, ?, ?, ?, ?, ?, ?, ?, ?, ?, ?) , (?, 1, ?, ?, ?, ?, ?, ?, ?, ?, ?, ?) , (?, 1, ?, ?, ?, ?, ?, ?, ?, ?, ?, ?) , (?, 1, ?, ?, ?, ?, ?, ?, ?, ?, ?, ?) , (?, 1, ?, ?, ?, ?, ?, ?, ?, ?, ?, ?) , (?, 1, ?, ?, ?, ?, ?, ?, ?, ?, ?, ?) , (?, 1, ?, ?, ?, ?, ?, ?, ?, ?, ?, ?) , (?, 1, ?, ?, ?, ?, ?, ?, ?, ?, ?, ?) , (?, 1, ?, ?, ?, ?, ?, ?, ?, ?, ?, ?) , (?, 1, ?, ?, ?, ?, ?, ?, ?, ?, ?, ?) , (?, 1, ?, ?, ?, ?, ?, ?, ?, ?, ?, ?) , (?, 1, ?, ?, ?, ?, ?, ?, ?, ?, ?, ?) 
10:48:05,537 [Thread-103] DEBUG org.apache.ibatis.transaction.jdbc.JdbcTransaction  - Opening JDBC Connection
10:48:05,537 [Thread-103] DEBUG org.apache.ibatis.datasource.pooled.PooledDataSource  - Checked out connection 720039383 from pool.
10:48:05,537 [Thread-103] DEBUG org.apache.ibatis.transaction.jdbc.JdbcTransaction  - Setting autocommit to false on JDBC Connection [conn59: url=jdbc:h2:mem:activiti-AsyncExecutorTest user=SA]
10:48:05,537 [Thread-103] DEBUG org.activiti.engine.impl.persistence.entity.JobEntity.selectAsyncJobsDueToExecute  - ==&gt;  Preparing: select RES.* from ACT_RU_JOB RES LEFT OUTER JOIN ACT_RU_EXECUTION PI ON PI.ID_ = RES.PROCESS_INSTANCE_ID_ where RES.RETRIES_ &gt; 0 and RES.DUEDATE_ is not null and RES.DUEDATE_ &lt;= ? and (RES.LOCK_EXP_TIME_ is null or RES.LOCK_EXP_TIME_ &lt;= ?) and TYPE_ = &apos;message&apos; and ( (RES.EXECUTION_ID_ is null) or (PI.SUSPENSION_STATE_ = 1) ) LIMIT ? OFFSET ? 
10:48:05,537 [Thread-103] DEBUG org.activiti.engine.impl.persistence.entity.JobEntity.selectAsyncJobsDueToExecute  - ==&gt; Parameters: 2023-03-20 10:48:05.537(Timestamp), 2023-03-20 10:48:05.537(Timestamp), 1(Integer), 0(Integer)
10:48:05,537 [Thread-103] DEBUG org.activiti.engine.impl.persistence.entity.JobEntity.selectAsyncJobsDueToExecute  - &lt;==      Total: 0
10:48:05,537 [Thread-103] DEBUG org.activiti.engine.impl.db.DbSqlSession  - flush summary: 0 insert, 0 update, 0 delete.
10:48:05,537 [Thread-103] DEBUG org.activiti.engine.impl.db.DbSqlSession  - now executing flush...
10:48:05,537 [Thread-103] DEBUG org.activiti.engine.impl.cfg.standalone.StandaloneMybatisTransactionContext  - firing event committing...
10:48:05,537 [Thread-103] DEBUG org.activiti.engine.impl.cfg.standalone.StandaloneMybatisTransactionContext  - committing the ibatis sql session...
10:48:05,537 [Thread-103] DEBUG org.activiti.engine.impl.cfg.standalone.StandaloneMybatisTransactionContext  - firing event committed...
10:48:05,537 [Thread-103] DEBUG org.apache.ibatis.transaction.jdbc.JdbcTransaction  - Resetting autocommit to true on JDBC Connection [conn59: url=jdbc:h2:mem:activiti-AsyncExecutorTest user=SA]
10:48:05,537 [Thread-103] DEBUG org.apache.ibatis.transaction.jdbc.JdbcTransaction  - Closing JDBC Connection [conn59: url=jdbc:h2:mem:activiti-AsyncExecutorTest user=SA]
10:48:05,537 [Thread-103] DEBUG org.apache.ibatis.datasource.pooled.PooledDataSource  - Returned connection 720039383 to pool.
10:48:05,537 [Thread-103] DEBUG org.activiti.engine.impl.interceptor.LogInterceptor  - --- AcquireAsyncJobsDueCmd finished --------------------------------------------------------
10:48:05,537 [Thread-103] DEBUG org.activiti.engine.impl.interceptor.LogInterceptor  - 

10:48:05,537 [Thread-103] DEBUG org.activiti.engine.impl.asyncexecutor.AcquireAsyncJobsDueRunnable  - async job acquisition thread sleeping for 50 millis
10:48:05,538 [main] DEBUG org.activiti.engine.impl.persistence.entity.VariableInstanceEntity.bulkInsertVariableInstance  - ==&gt; Parameters: 4105(String), integer(String), var3868(String), 2504(String), 2504(String), null, null, null, 3868(Long), 3868(String), null, 4106(String), integer(String), var1204(String), 2504(String), 2504(String), null, null, null, 1204(Long), 1204(String), null, 4107(String), integer(String), var2536(String), 2504(String), 2504(String), null, null, null, 2536(Long), 2536(String), null, 4108(String), integer(String), var3867(String), 2504(String), 2504(String), null, null, null, 3867(Long), 3867(String), null, 4109(String), integer(String), var1205(String), 2504(String), 2504(String), null, null, null, 1205(Long), 1205(String), null, 4110(String), integer(String), var2535(String), 2504(String), 2504(String), null, null, null, 2535(Long), 2535(String), null, 4111(String), integer(String), var3866(String), 2504(String), 2504(String), null, null, null, 3866(Long), 3866(String), null, 4112(String), integer(String), var1208(String), 2504(String), 2504(String), null, null, null, 1208(Long), 1208(String), null, 4113(String), integer(String), var1209(String), 2504(String), 2504(String), null, null, null, 1209(Long), 1209(String), null, 4114(String), integer(String), var2539(String), 2504(String), 2504(String), null, null, null, 2539(Long), 2539(String), null, 4115(String), integer(String), var2541(String), 2504(String), 2504(String), null, null, null, 2541(Long), 2541(String), null, 4116(String), integer(String), var3872(String), 2504(String), 2504(String), null, null, null, 3872(Long), 3872(String), null, 4117(String), integer(String), var1210(String), 2504(String), 2504(String), null, null, null, 1210(Long), 1210(String), null, 4118(String), integer(String), var2540(String), 2504(String), 2504(String), null, null, null, 2540(Long), 2540(String), null, 4119(String), integer(String), var3871(String), 2504(String), 2504(String), null, null, null, 3871(Long), 3871(String), null, 4120(String), integer(String), var3870(String), 2504(String), 2504(String), null, null, null, 3870(Long), 3870(String), null, 4121(String), integer(String), var1213(String), 2504(String), 2504(String), null, null, null, 1213(Long), 1213(String), null, 4122(String), integer(String), var2545(String), 2504(String), 2504(String), null, null, null, 2545(Long), 2545(String), null, 4123(String), integer(String), var3876(String), 2504(String), 2504(String), null, null, null, 3876(Long), 3876(String), null, 4124(String), integer(String), var1214(String), 2504(String), 2504(String), null, null, null, 1214(Long), 1214(String), null, 4125(String), integer(String), var2544(String), 2504(String), 2504(String), null, null, null, 2544(Long), 2544(String), null, 4126(String), integer(String), var3875(String), 2504(String), 2504(String), null, null, null, 3875(Long), 3875(String), null, 4127(String), integer(String), var1211(String), 2504(String), 2504(String), null, null, null, 1211(Long), 1211(String), null, 4128(String), integer(String), var2543(String), 2504(String), 2504(String), null, null, null, 2543(Long), 2543(String), null, 4129(String), integer(String), var3874(String), 2504(String), 2504(String), null, null, null, 3874(Long), 3874(String), null, 4130(String), integer(String), var1212(String), 2504(String), 2504(String), null, null, null, 1212(Long), 1212(String), null, 4131(String), integer(String), var2542(String), 2504(String), 2504(String), null, null, null, 2542(Long), 2542(String), null, 4132(String), integer(String), var3873(String), 2504(String), 2504(String), null, null, null, 3873(Long), 3873(String), null, 4133(String), integer(String), var1217(String), 2504(String), 2504(String), null, null, null, 1217(Long), 1217(String), null, 4134(String), integer(String), var2549(String), 2504(String), 2504(String), null, null, null, 2549(Long), 2549(String), null, 4135(String), integer(String), var1218(String), 2504(String), 2504(String), null, null, null, 1218(Long), 1218(String), null, 4136(String), integer(String), var2548(String), 2504(String), 2504(String), null, null, null, 2548(Long), 2548(String), null, 4137(String), integer(String), var3879(String), 2504(String), 2504(String), null, null, null, 3879(Long), 3879(String), null, 4138(String), integer(String), var1215(String), 2504(String), 2504(String), null, null, null, 1215(Long), 1215(String), null, 4139(String), integer(String), var2547(String), 2504(String), 2504(String), null, null, null, 2547(Long), 2547(String), null, 4140(String), integer(String), var3878(String), 2504(String), 2504(String), null, null, null, 3878(Long), 3878(String), null, 4141(String), integer(String), var1216(String), 2504(String), 2504(String), null, null, null, 1216(Long), 1216(String), null, 4142(String), integer(String), var2546(String), 2504(String), 2504(String), null, null, null, 2546(Long), 2546(String), null, 4143(String), integer(String), var3877(String), 2504(String), 2504(String), null, null, null, 3877(Long), 3877(String), null, 4144(String), integer(String), var1219(String), 2504(String), 2504(String), null, null, null, 1219(Long), 1219(String), null, 4145(String), integer(String), var1220(String), 2504(String), 2504(String), null, null, null, 1220(Long), 1220(String), null, 4146(String), integer(String), var2552(String), 2504(String), 2504(String), null, null, null, 2552(Long), 2552(String), null, 4147(String), integer(String), var3883(String), 2504(String), 2504(String), null, null, null, 3883(Long), 3883(String), null, 4148(String), integer(String), var1221(String), 2504(String), 2504(String), null, null, null, 1221(Long), 1221(String), null, 4149(String), integer(String), var2551(String), 2504(String), 2504(String), null, null, null, 2551(Long), 2551(String), null, 4150(String), integer(String), var3882(String), 2504(String), 2504(String), null, null, null, 3882(Long), 3882(String), null, 4151(String), integer(String), var2550(String), 2504(String), 2504(String), null, null, null, 2550(Long), 2550(String), null, 4152(String), integer(String), var3881(String), 2504(String), 2504(String), null, null, null, 3881(Long), 3881(String), null, 4153(String), integer(String), var3880(String), 2504(String), 2504(String), null, null, null, 3880(Long), 3880(String), null, 4154(String), integer(String), var1224(String), 2504(String), 2504(String), null, null, null, 1224(Long), 1224(String), null, 4155(String), integer(String), var2556(String), 2504(String), 2504(String), null, null, null, 2556(Long), 2556(String), null, 4156(String), integer(String), var3887(String), 2504(String), 2504(String), null, null, null, 3887(Long), 3887(String), null, 4157(String), integer(String), var1225(String), 2504(String), 2504(String), null, null, null, 1225(Long), 1225(String), null, 4158(String), integer(String), var2555(String), 2504(String), 2504(String), null, null, null, 2555(Long), 2555(String), null, 4159(String), integer(String), var3886(String), 2504(String), 2504(String), null, null, null, 3886(Long), 3886(String), null, 4160(String), integer(String), var1222(String), 2504(String), 2504(String), null, null, null, 1222(Long), 1222(String), null, 4161(String), integer(String), var2554(String), 2504(String), 2504(String), null, null, null, 2554(Long), 2554(String), null, 4162(String), integer(String), var3885(String), 2504(String), 2504(String), null, null, null, 3885(Long), 3885(String), null, 4163(String), integer(String), var1223(String), 2504(String), 2504(String), null, null, null, 1223(Long), 1223(String), null, 4164(String), integer(String), var2553(String), 2504(String), 2504(String), null, null, null, 2553(Long), 2553(String), null, 4165(String), integer(String), var3884(String), 2504(String), 2504(String), null, null, null, 3884(Long), 3884(String), null, 4166(String), integer(String), var1228(String), 2504(String), 2504(String), null, null, null, 1228(Long), 1228(String), null, 4167(String), integer(String), var1229(String), 2504(String), 2504(String), null, null, null, 1229(Long), 1229(String), null, 4168(String), integer(String), var2559(String), 2504(String), 2504(String), null, null, null, 2559(Long), 2559(String), null, 4169(String), integer(String), var1226(String), 2504(String), 2504(String), null, null, null, 1226(Long), 1226(String), null, 4170(String), integer(String), var2558(String), 2504(String), 2504(String), null, null, null, 2558(Long), 2558(String), null, 4171(String), integer(String), var3889(String), 2504(String), 2504(String), null, null, null, 3889(Long), 3889(String), null, 4172(String), integer(String), var1227(String), 2504(String), 2504(String), null, null, null, 1227(Long), 1227(String), null, 4173(String), integer(String), var2557(String), 2504(String), 2504(String), null, null, null, 2557(Long), 2557(String), null, 4174(String), integer(String), var3888(String), 2504(String), 2504(String), null, null, null, 3888(Long), 3888(String), null, 4175(String), integer(String), var3890(String), 2504(String), 2504(String), null, null, null, 3890(Long), 3890(String), null, 4176(String), integer(String), var1231(String), 2504(String), 2504(String), null, null, null, 1231(Long), 1231(String), null, 4177(String), integer(String), var2563(String), 2504(String), 2504(String), null, null, null, 2563(Long), 2563(String), null, 4178(String), integer(String), var3894(String), 2504(String), 2504(String), null, null, null, 3894(Long), 3894(String), null, 4179(String), integer(String), var1232(String), 2504(String), 2504(String), null, null, null, 1232(Long), 1232(String), null, 4180(String), integer(String), var2562(String), 2504(String), 2504(String), null, null, null, 2562(Long), 2562(String), null, 4181(String), integer(String), var3893(String), 2504(String), 2504(String), null, null, null, 3893(Long), 3893(String), null, 4182(String), integer(String), var2561(String), 2504(String), 2504(String), null, null, null, 2561(Long), 2561(String), null, 4183(String), integer(String), var3892(String), 2504(String), 2504(String), null, null, null, 3892(Long), 3892(String), null, 4184(String), integer(String), var1230(String), 2504(String), 2504(String), null, null, null, 1230(Long), 1230(String), null, 4185(String), integer(String), var2560(String), 2504(String), 2504(String), null, null, null, 2560(Long), 2560(String), null, 4186(String), integer(String), var3891(String), 2504(String), 2504(String), null, null, null, 3891(Long), 3891(String), null, 4187(String), integer(String), var1235(String), 2504(String), 2504(String), null, null, null, 1235(Long), 1235(String), null, 4188(String), integer(String), var2567(String), 2504(String), 2504(String), null, null, null, 2567(Long), 2567(String), null, 4189(String), integer(String), var3898(String), 2504(String), 2504(String), null, null, null, 3898(Long), 3898(String), null, 4190(String), integer(String), var1236(String), 2504(String), 2504(String), null, null, null, 1236(Long), 1236(String), null, 4191(String), integer(String), var2566(String), 2504(String), 2504(String), null, null, null, 2566(Long), 2566(String), null, 4192(String), integer(String), var3897(String), 2504(String), 2504(String), null, null, null, 3897(Long), 3897(String), null, 4193(String), integer(String), var1233(String), 2504(String), 2504(String), null, null, null, 1233(Long), 1233(String), null, 4194(String), integer(String), var2565(String), 2504(String), 2504(String), null, null, null, 2565(Long), 2565(String), null, 4195(String), integer(String), var3896(String), 2504(String), 2504(String), null, null, null, 3896(Long), 3896(String), null, 4196(String), integer(String), var1234(String), 2504(String), 2504(String), null, null, null, 1234(Long), 1234(String), null, 4197(String), integer(String), var2564(String), 2504(String), 2504(String), null, null, null, 2564(Long), 2564(String), null, 4198(String), integer(String), var3895(String), 2504(String), 2504(String), null, null, null, 3895(Long), 3895(String), null, 4199(String), integer(String), var1239(String), 2504(String), 2504(String), null, null, null, 1239(Long), 1239(String), null, 4200(String), integer(String), var1237(String), 2504(String), 2504(String), null, null, null, 1237(Long), 1237(String), null, 4201(String), integer(String), var2569(String), 2504(String), 2504(String), null, null, null, 2569(Long), 2569(String), null, 4202(String), integer(String), var1238(String), 2504(String), 2504(String), null, null, null, 1238(Long), 1238(String), null, 4203(String), integer(String), var2568(String), 2504(String), 2504(String), null, null, null, 2568(Long), 2568(String), null, 4204(String), integer(String), var3899(String), 2504(String), 2504(String), null, null, null, 3899(Long), 3899(String), null
10:48:05,539 [main] DEBUG org.activiti.engine.impl.persistence.entity.VariableInstanceEntity.bulkInsertVariableInstance  - &lt;==    Updates: 100
10:48:05,544 [main] DEBUG org.activiti.engine.impl.persistence.entity.VariableInstanceEntity.bulkInsertVariableInstance  - ==&gt;  Preparing: INSERT INTO ACT_RU_VARIABLE (ID_, REV_, TYPE_, NAME_, PROC_INST_ID_, EXECUTION_ID_, TASK_ID_, BYTEARRAY_ID_, DOUBLE_, LONG_ , TEXT_, TEXT2_) VALUES (?, 1, ?, ?, ?, ?, ?, ?, ?, ?, ?, ?) , (?, 1, ?, ?, ?, ?, ?, ?, ?, ?, ?, ?) , (?, 1, ?, ?, ?, ?, ?, ?, ?, ?, ?, ?) , (?, 1, ?, ?, ?, ?, ?, ?, ?, ?, ?, ?) , (?, 1, ?, ?, ?, ?, ?, ?, ?, ?, ?, ?) , (?, 1, ?, ?, ?, ?, ?, ?, ?, ?, ?, ?) , (?, 1, ?, ?, ?, ?, ?, ?, ?, ?, ?, ?) , (?, 1, ?, ?, ?, ?, ?, ?, ?, ?, ?, ?) , (?, 1, ?, ?, ?, ?, ?, ?, ?, ?, ?, ?) , (?, 1, ?, ?, ?, ?, ?, ?, ?, ?, ?, ?) , (?, 1, ?, ?, ?, ?, ?, ?, ?, ?, ?, ?) , (?, 1, ?, ?, ?, ?, ?, ?, ?, ?, ?, ?) , (?, 1, ?, ?, ?, ?, ?, ?, ?, ?, ?, ?) , (?, 1, ?, ?, ?, ?, ?, ?, ?, ?, ?, ?) , (?, 1, ?, ?, ?, ?, ?, ?, ?, ?, ?, ?) , (?, 1, ?, ?, ?, ?, ?, ?, ?, ?, ?, ?) , (?, 1, ?, ?, ?, ?, ?, ?, ?, ?, ?, ?) , (?, 1, ?, ?, ?, ?, ?, ?, ?, ?, ?, ?) , (?, 1, ?, ?, ?, ?, ?, ?, ?, ?, ?, ?) , (?, 1, ?, ?, ?, ?, ?, ?, ?, ?, ?, ?) , (?, 1, ?, ?, ?, ?, ?, ?, ?, ?, ?, ?) , (?, 1, ?, ?, ?, ?, ?, ?, ?, ?, ?, ?) , (?, 1, ?, ?, ?, ?, ?, ?, ?, ?, ?, ?) , (?, 1, ?, ?, ?, ?, ?, ?, ?, ?, ?, ?) , (?, 1, ?, ?, ?, ?, ?, ?, ?, ?, ?, ?) , (?, 1, ?, ?, ?, ?, ?, ?, ?, ?, ?, ?) , (?, 1, ?, ?, ?, ?, ?, ?, ?, ?, ?, ?) , (?, 1, ?, ?, ?, ?, ?, ?, ?, ?, ?, ?) , (?, 1, ?, ?, ?, ?, ?, ?, ?, ?, ?, ?) , (?, 1, ?, ?, ?, ?, ?, ?, ?, ?, ?, ?) , (?, 1, ?, ?, ?, ?, ?, ?, ?, ?, ?, ?) , (?, 1, ?, ?, ?, ?, ?, ?, ?, ?, ?, ?) , (?, 1, ?, ?, ?, ?, ?, ?, ?, ?, ?, ?) , (?, 1, ?, ?, ?, ?, ?, ?, ?, ?, ?, ?) , (?, 1, ?, ?, ?, ?, ?, ?, ?, ?, ?, ?) , (?, 1, ?, ?, ?, ?, ?, ?, ?, ?, ?, ?) , (?, 1, ?, ?, ?, ?, ?, ?, ?, ?, ?, ?) , (?, 1, ?, ?, ?, ?, ?, ?, ?, ?, ?, ?) , (?, 1, ?, ?, ?, ?, ?, ?, ?, ?, ?, ?) , (?, 1, ?, ?, ?, ?, ?, ?, ?, ?, ?, ?) , (?, 1, ?, ?, ?, ?, ?, ?, ?, ?, ?, ?) , (?, 1, ?, ?, ?, ?, ?, ?, ?, ?, ?, ?) , (?, 1, ?, ?, ?, ?, ?, ?, ?, ?, ?, ?) , (?, 1, ?, ?, ?, ?, ?, ?, ?, ?, ?, ?) , (?, 1, ?, ?, ?, ?, ?, ?, ?, ?, ?, ?) , (?, 1, ?, ?, ?, ?, ?, ?, ?, ?, ?, ?) , (?, 1, ?, ?, ?, ?, ?, ?, ?, ?, ?, ?) , (?, 1, ?, ?, ?, ?, ?, ?, ?, ?, ?, ?) , (?, 1, ?, ?, ?, ?, ?, ?, ?, ?, ?, ?) , (?, 1, ?, ?, ?, ?, ?, ?, ?, ?, ?, ?) , (?, 1, ?, ?, ?, ?, ?, ?, ?, ?, ?, ?) , (?, 1, ?, ?, ?, ?, ?, ?, ?, ?, ?, ?) , (?, 1, ?, ?, ?, ?, ?, ?, ?, ?, ?, ?) , (?, 1, ?, ?, ?, ?, ?, ?, ?, ?, ?, ?) , (?, 1, ?, ?, ?, ?, ?, ?, ?, ?, ?, ?) , (?, 1, ?, ?, ?, ?, ?, ?, ?, ?, ?, ?) , (?, 1, ?, ?, ?, ?, ?, ?, ?, ?, ?, ?) , (?, 1, ?, ?, ?, ?, ?, ?, ?, ?, ?, ?) , (?, 1, ?, ?, ?, ?, ?, ?, ?, ?, ?, ?) , (?, 1, ?, ?, ?, ?, ?, ?, ?, ?, ?, ?) , (?, 1, ?, ?, ?, ?, ?, ?, ?, ?, ?, ?) , (?, 1, ?, ?, ?, ?, ?, ?, ?, ?, ?, ?) , (?, 1, ?, ?, ?, ?, ?, ?, ?, ?, ?, ?) , (?, 1, ?, ?, ?, ?, ?, ?, ?, ?, ?, ?) , (?, 1, ?, ?, ?, ?, ?, ?, ?, ?, ?, ?) , (?, 1, ?, ?, ?, ?, ?, ?, ?, ?, ?, ?) , (?, 1, ?, ?, ?, ?, ?, ?, ?, ?, ?, ?) , (?, 1, ?, ?, ?, ?, ?, ?, ?, ?, ?, ?) , (?, 1, ?, ?, ?, ?, ?, ?, ?, ?, ?, ?) , (?, 1, ?, ?, ?, ?, ?, ?, ?, ?, ?, ?) , (?, 1, ?, ?, ?, ?, ?, ?, ?, ?, ?, ?) , (?, 1, ?, ?, ?, ?, ?, ?, ?, ?, ?, ?) , (?, 1, ?, ?, ?, ?, ?, ?, ?, ?, ?, ?) , (?, 1, ?, ?, ?, ?, ?, ?, ?, ?, ?, ?) , (?, 1, ?, ?, ?, ?, ?, ?, ?, ?, ?, ?) , (?, 1, ?, ?, ?, ?, ?, ?, ?, ?, ?, ?) , (?, 1, ?, ?, ?, ?, ?, ?, ?, ?, ?, ?) , (?, 1, ?, ?, ?, ?, ?, ?, ?, ?, ?, ?) , (?, 1, ?, ?, ?, ?, ?, ?, ?, ?, ?, ?) , (?, 1, ?, ?, ?, ?, ?, ?, ?, ?, ?, ?) , (?, 1, ?, ?, ?, ?, ?, ?, ?, ?, ?, ?) , (?, 1, ?, ?, ?, ?, ?, ?, ?, ?, ?, ?) , (?, 1, ?, ?, ?, ?, ?, ?, ?, ?, ?, ?) , (?, 1, ?, ?, ?, ?, ?, ?, ?, ?, ?, ?) , (?, 1, ?, ?, ?, ?, ?, ?, ?, ?, ?, ?) , (?, 1, ?, ?, ?, ?, ?, ?, ?, ?, ?, ?) , (?, 1, ?, ?, ?, ?, ?, ?, ?, ?, ?, ?) , (?, 1, ?, ?, ?, ?, ?, ?, ?, ?, ?, ?) , (?, 1, ?, ?, ?, ?, ?, ?, ?, ?, ?, ?) , (?, 1, ?, ?, ?, ?, ?, ?, ?, ?, ?, ?) , (?, 1, ?, ?, ?, ?, ?, ?, ?, ?, ?, ?) , (?, 1, ?, ?, ?, ?, ?, ?, ?, ?, ?, ?) , (?, 1, ?, ?, ?, ?, ?, ?, ?, ?, ?, ?) , (?, 1, ?, ?, ?, ?, ?, ?, ?, ?, ?, ?) , (?, 1, ?, ?, ?, ?, ?, ?, ?, ?, ?, ?) , (?, 1, ?, ?, ?, ?, ?, ?, ?, ?, ?, ?) , (?, 1, ?, ?, ?, ?, ?, ?, ?, ?, ?, ?) , (?, 1, ?, ?, ?, ?, ?, ?, ?, ?, ?, ?) , (?, 1, ?, ?, ?, ?, ?, ?, ?, ?, ?, ?) , (?, 1, ?, ?, ?, ?, ?, ?, ?, ?, ?, ?) 
10:48:05,545 [main] DEBUG org.activiti.engine.impl.persistence.entity.VariableInstanceEntity.bulkInsertVariableInstance  - ==&gt; Parameters: 4205(String), integer(String), var3780(String), 2504(String), 2504(String), null, null, null, 3780(Long), 3780(String), null, 4206(String), integer(String), var1121(String), 2504(String), 2504(String), null, null, null, 1121(Long), 1121(String), null, 4207(String), integer(String), var2453(String), 2504(String), 2504(String), null, null, null, 2453(Long), 2453(String), null, 4208(String), integer(String), var3784(String), 2504(String), 2504(String), null, null, null, 3784(Long), 3784(String), null, 4209(String), integer(String), var1122(String), 2504(String), 2504(String), null, null, null, 1122(Long), 1122(String), null, 4210(String), integer(String), var2452(String), 2504(String), 2504(String), null, null, null, 2452(Long), 2452(String), null, 4211(String), integer(String), var3783(String), 2504(String), 2504(String), null, null, null, 3783(Long), 3783(String), null, 4212(String), integer(String), var2451(String), 2504(String), 2504(String), null, null, null, 2451(Long), 2451(String), null, 4213(String), integer(String), var3782(String), 2504(String), 2504(String), null, null, null, 3782(Long), 3782(String), null, 4214(String), integer(String), var1120(String), 2504(String), 2504(String), null, null, null, 1120(Long), 1120(String), null, 4215(String), integer(String), var2450(String), 2504(String), 2504(String), null, null, null, 2450(Long), 2450(String), null, 4216(String), integer(String), var3781(String), 2504(String), 2504(String), null, null, null, 3781(Long), 3781(String), null, 4217(String), integer(String), var545(String), 2504(String), 2504(String), null, null, null, 545(Long), 545(String), null, 4218(String), integer(String), var1125(String), 2504(String), 2504(String), null, null, null, 1125(Long), 1125(String), null, 4219(String), integer(String), var2457(String), 2504(String), 2504(String), null, null, null, 2457(Long), 2457(String), null, 4220(String), integer(String), var3788(String), 2504(String), 2504(String), null, null, null, 3788(Long), 3788(String), null, 4221(String), integer(String), var544(String), 2504(String), 2504(String), null, null, null, 544(Long), 544(String), null, 4222(String), integer(String), var1126(String), 2504(String), 2504(String), null, null, null, 1126(Long), 1126(String), null, 4223(String), integer(String), var2456(String), 2504(String), 2504(String), null, null, null, 2456(Long), 2456(String), null, 4224(String), integer(String), var3787(String), 2504(String), 2504(String), null, null, null, 3787(Long), 3787(String), null, 4225(String), integer(String), var543(String), 2504(String), 2504(String), null, null, null, 543(Long), 543(String), null, 4226(String), integer(String), var1123(String), 2504(String), 2504(String), null, null, null, 1123(Long), 1123(String), null, 4227(String), integer(String), var2455(String), 2504(String), 2504(String), null, null, null, 2455(Long), 2455(String), null, 4228(String), integer(String), var3786(String), 2504(String), 2504(String), null, null, null, 3786(Long), 3786(String), null, 4229(String), integer(String), var542(String), 2504(String), 2504(String), null, null, null, 542(Long), 542(String), null, 4230(String), integer(String), var1124(String), 2504(String), 2504(String), null, null, null, 1124(Long), 1124(String), null, 4231(String), integer(String), var2454(String), 2504(String), 2504(String), null, null, null, 2454(Long), 2454(String), null, 4232(String), integer(String), var3785(String), 2504(String), 2504(String), null, null, null, 3785(Long), 3785(String), null, 4233(String), integer(String), var541(String), 2504(String), 2504(String), null, null, null, 541(Long), 541(String), null, 4234(String), integer(String), var1129(String), 2504(String), 2504(String), null, null, null, 1129(Long), 1129(String), null, 4235(String), integer(String), var540(String), 2504(String), 2504(String), null, null, null, 540(Long), 540(String), null, 4236(String), integer(String), var1127(String), 2504(String), 2504(String), null, null, null, 1127(Long), 1127(String), null, 4237(String), integer(String), var2459(String), 2504(String), 2504(String), null, null, null, 2459(Long), 2459(String), null, 4238(String), integer(String), var1128(String), 2504(String), 2504(String), null, null, null, 1128(Long), 1128(String), null, 4239(String), integer(String), var2458(String), 2504(String), 2504(String), null, null, null, 2458(Long), 2458(String), null, 4240(String), integer(String), var3789(String), 2504(String), 2504(String), null, null, null, 3789(Long), 3789(String), null, 4241(String), integer(String), var549(String), 2504(String), 2504(String), null, null, null, 549(Long), 549(String), null, 4242(String), integer(String), var548(String), 2504(String), 2504(String), null, null, null, 548(Long), 548(String), null, 4243(String), integer(String), var547(String), 2504(String), 2504(String), null, null, null, 547(Long), 547(String), null, 4244(String), integer(String), var546(String), 2504(String), 2504(String), null, null, null, 546(Long), 546(String), null, 4245(String), integer(String), var2460(String), 2504(String), 2504(String), null, null, null, 2460(Long), 2460(String), null, 4246(String), integer(String), var3791(String), 2504(String), 2504(String), null, null, null, 3791(Long), 3791(String), null, 4247(String), integer(String), var3790(String), 2504(String), 2504(String), null, null, null, 3790(Long), 3790(String), null, 4248(String), integer(String), var1132(String), 2504(String), 2504(String), null, null, null, 1132(Long), 1132(String), null, 4249(String), integer(String), var2464(String), 2504(String), 2504(String), null, null, null, 2464(Long), 2464(String), null, 4250(String), integer(String), var3795(String), 2504(String), 2504(String), null, null, null, 3795(Long), 3795(String), null, 4251(String), integer(String), var1133(String), 2504(String), 2504(String), null, null, null, 1133(Long), 1133(String), null, 4252(String), integer(String), var2463(String), 2504(String), 2504(String), null, null, null, 2463(Long), 2463(String), null, 4253(String), integer(String), var3794(String), 2504(String), 2504(String), null, null, null, 3794(Long), 3794(String), null, 4254(String), integer(String), var1130(String), 2504(String), 2504(String), null, null, null, 1130(Long), 1130(String), null, 4255(String), integer(String), var2462(String), 2504(String), 2504(String), null, null, null, 2462(Long), 2462(String), null, 4256(String), integer(String), var3793(String), 2504(String), 2504(String), null, null, null, 3793(Long), 3793(String), null, 4257(String), integer(String), var1131(String), 2504(String), 2504(String), null, null, null, 1131(Long), 1131(String), null, 4258(String), integer(String), var2461(String), 2504(String), 2504(String), null, null, null, 2461(Long), 2461(String), null, 4259(String), integer(String), var3792(String), 2504(String), 2504(String), null, null, null, 3792(Long), 3792(String), null, 4260(String), integer(String), var534(String), 2504(String), 2504(String), null, null, null, 534(Long), 534(String), null, 4261(String), integer(String), var1136(String), 2504(String), 2504(String), null, null, null, 1136(Long), 1136(String), null, 4262(String), integer(String), var2468(String), 2504(String), 2504(String), null, null, null, 2468(Long), 2468(String), null, 4263(String), integer(String), var3799(String), 2504(String), 2504(String), null, null, null, 3799(Long), 3799(String), null, 4264(String), integer(String), var533(String), 2504(String), 2504(String), null, null, null, 533(Long), 533(String), null, 4265(String), integer(String), var1137(String), 2504(String), 2504(String), null, null, null, 1137(Long), 1137(String), null, 4266(String), integer(String), var2467(String), 2504(String), 2504(String), null, null, null, 2467(Long), 2467(String), null, 4267(String), integer(String), var3798(String), 2504(String), 2504(String), null, null, null, 3798(Long), 3798(String), null, 4268(String), integer(String), var532(String), 2504(String), 2504(String), null, null, null, 532(Long), 532(String), null, 4269(String), integer(String), var1134(String), 2504(String), 2504(String), null, null, null, 1134(Long), 1134(String), null, 4270(String), integer(String), var2466(String), 2504(String), 2504(String), null, null, null, 2466(Long), 2466(String), null, 4271(String), integer(String), var3797(String), 2504(String), 2504(String), null, null, null, 3797(Long), 3797(String), null, 4272(String), integer(String), var531(String), 2504(String), 2504(String), null, null, null, 531(Long), 531(String), null, 4273(String), integer(String), var1135(String), 2504(String), 2504(String), null, null, null, 1135(Long), 1135(String), null, 4274(String), integer(String), var2465(String), 2504(String), 2504(String), null, null, null, 2465(Long), 2465(String), null, 4275(String), integer(String), var3796(String), 2504(String), 2504(String), null, null, null, 3796(Long), 3796(String), null, 4276(String), integer(String), var530(String), 2504(String), 2504(String), null, null, null, 530(Long), 530(String), null, 4277(String), integer(String), var1138(String), 2504(String), 2504(String), null, null, null, 1138(Long), 1138(String), null, 4278(String), integer(String), var1139(String), 2504(String), 2504(String), null, null, null, 1139(Long), 1139(String), null, 4279(String), integer(String), var2469(String), 2504(String), 2504(String), null, null, null, 2469(Long), 2469(String), null, 4280(String), integer(String), var539(String), 2504(String), 2504(String), null, null, null, 539(Long), 539(String), null, 4281(String), integer(String), var538(String), 2504(String), 2504(String), null, null, null, 538(Long), 538(String), null, 4282(String), integer(String), var537(String), 2504(String), 2504(String), null, null, null, 537(Long), 537(String), null, 4283(String), integer(String), var536(String), 2504(String), 2504(String), null, null, null, 536(Long), 536(String), null, 4284(String), integer(String), var535(String), 2504(String), 2504(String), null, null, null, 535(Long), 535(String), null, 4285(String), integer(String), var2471(String), 2504(String), 2504(String), null, null, null, 2471(Long), 2471(String), null, 4286(String), integer(String), var1140(String), 2504(String), 2504(String), null, null, null, 1140(Long), 1140(String), null, 4287(String), integer(String), var2470(String), 2504(String), 2504(String), null, null, null, 2470(Long), 2470(String), null, 4288(String), integer(String), var1143(String), 2504(String), 2504(String), null, null, null, 1143(Long), 1143(String), null, 4289(String), integer(String), var2475(String), 2504(String), 2504(String), null, null, null, 2475(Long), 2475(String), null, 4290(String), integer(String), var1144(String), 2504(String), 2504(String), null, null, null, 1144(Long), 1144(String), null, 4291(String), integer(String), var2474(String), 2504(String), 2504(String), null, null, null, 2474(Long), 2474(String), null, 4292(String), integer(String), var1141(String), 2504(String), 2504(String), null, null, null, 1141(Long), 1141(String), null, 4293(String), integer(String), var2473(String), 2504(String), 2504(String), null, null, null, 2473(Long), 2473(String), null, 4294(String), integer(String), var1142(String), 2504(String), 2504(String), null, null, null, 1142(Long), 1142(String), null, 4295(String), integer(String), var2472(String), 2504(String), 2504(String), null, null, null, 2472(Long), 2472(String), null, 4296(String), integer(String), var523(String), 2504(String), 2504(String), null, null, null, 523(Long), 523(String), null, 4297(String), integer(String), var1147(String), 2504(String), 2504(String), null, null, null, 1147(Long), 1147(String), null, 4298(String), integer(String), var2479(String), 2504(String), 2504(String), null, null, null, 2479(Long), 2479(String), null, 4299(String), integer(String), var522(String), 2504(String), 2504(String), null, null, null, 522(Long), 522(String), null, 4300(String), integer(String), var1148(String), 2504(String), 2504(String), null, null, null, 1148(Long), 1148(String), null, 4301(String), integer(String), var2478(String), 2504(String), 2504(String), null, null, null, 2478(Long), 2478(String), null, 4302(String), integer(String), var521(String), 2504(String), 2504(String), null, null, null, 521(Long), 521(String), null, 4303(String), integer(String), var1145(String), 2504(String), 2504(String), null, null, null, 1145(Long), 1145(String), null, 4304(String), integer(String), var2477(String), 2504(String), 2504(String), null, null, null, 2477(Long), 2477(String), null
10:48:05,545 [main] DEBUG org.activiti.engine.impl.persistence.entity.VariableInstanceEntity.bulkInsertVariableInstance  - &lt;==    Updates: 100
10:48:05,548 [Thread-111] DEBUG org.activiti.engine.impl.asyncexecutor.AcquireTimerJobsRunnable  - timer job acquisition thread woke up
10:48:05,548 [Thread-111] DEBUG org.activiti.engine.impl.interceptor.LogInterceptor  - 

10:48:05,548 [Thread-111] DEBUG org.activiti.engine.impl.interceptor.LogInterceptor  - --- starting AcquireTimerJobsCmd --------------------------------------------------------
10:48:05,548 [Thread-111] DEBUG org.apache.ibatis.transaction.jdbc.JdbcTransaction  - Opening JDBC Connection
10:48:05,548 [Thread-111] DEBUG org.apache.ibatis.datasource.pooled.PooledDataSource  - Checked out connection 58501658 from pool.
10:48:05,548 [Thread-111] DEBUG org.apache.ibatis.transaction.jdbc.JdbcTransaction  - Setting autocommit to false on JDBC Connection [conn68: url=jdbc:h2:mem:activiti-AsyncExecutorTest user=SA]
10:48:05,548 [Thread-111] DEBUG org.activiti.engine.impl.persistence.entity.JobEntity.selectNextTimerJobsToExecute  - ==&gt;  Preparing: select RES.* from ACT_RU_JOB RES LEFT OUTER JOIN ACT_RU_EXECUTION PI ON PI.ID_ = RES.PROCESS_INSTANCE_ID_ where (RES.RETRIES_ &gt; 0) and (RES.DUEDATE_ is null or RES.DUEDATE_ &lt;= ?) and (RES.LOCK_OWNER_ is null or RES.LOCK_EXP_TIME_ &lt;= ?) and TYPE_ = &apos;timer&apos; and ( (RES.EXECUTION_ID_ is null) or (PI.SUSPENSION_STATE_ = 1) ) LIMIT ? OFFSET ? 
10:48:05,548 [Thread-111] DEBUG org.activiti.engine.impl.persistence.entity.JobEntity.selectNextTimerJobsToExecute  - ==&gt; Parameters: 2023-03-20 10:48:05.548(Timestamp), 2023-03-20 10:48:05.548(Timestamp), 1(Integer), 0(Integer)
10:48:05,548 [Thread-111] DEBUG org.activiti.engine.impl.persistence.entity.JobEntity.selectNextTimerJobsToExecute  - &lt;==      Total: 0
10:48:05,548 [Thread-111] DEBUG org.activiti.engine.impl.db.DbSqlSession  - flush summary: 0 insert, 0 update, 0 delete.
10:48:05,548 [Thread-111] DEBUG org.activiti.engine.impl.db.DbSqlSession  - now executing flush...
10:48:05,549 [Thread-111] DEBUG org.activiti.engine.impl.cfg.standalone.StandaloneMybatisTransactionContext  - firing event committing...
10:48:05,549 [Thread-111] DEBUG org.activiti.engine.impl.cfg.standalone.StandaloneMybatisTransactionContext  - committing the ibatis sql session...
10:48:05,549 [Thread-111] DEBUG org.activiti.engine.impl.cfg.standalone.StandaloneMybatisTransactionContext  - firing event committed...
10:48:05,549 [Thread-111] DEBUG org.apache.ibatis.transaction.jdbc.JdbcTransaction  - Resetting autocommit to true on JDBC Connection [conn68: url=jdbc:h2:mem:activiti-AsyncExecutorTest user=SA]
10:48:05,549 [Thread-111] DEBUG org.apache.ibatis.transaction.jdbc.JdbcTransaction  - Closing JDBC Connection [conn68: url=jdbc:h2:mem:activiti-AsyncExecutorTest user=SA]
10:48:05,549 [Thread-111] DEBUG org.apache.ibatis.datasource.pooled.PooledDataSource  - Returned connection 58501658 to pool.
10:48:05,549 [Thread-111] DEBUG org.activiti.engine.impl.interceptor.LogInterceptor  - --- AcquireTimerJobsCmd finished --------------------------------------------------------
10:48:05,549 [Thread-111] DEBUG org.activiti.engine.impl.interceptor.LogInterceptor  - 

10:48:05,549 [Thread-111] DEBUG org.activiti.engine.impl.asyncexecutor.AcquireTimerJobsRunnable  - timer job acquisition thread sleeping for 50 millis
10:48:05,549 [main] DEBUG org.activiti.engine.impl.persistence.entity.VariableInstanceEntity.bulkInsertVariableInstance  - ==&gt;  Preparing: INSERT INTO ACT_RU_VARIABLE (ID_, REV_, TYPE_, NAME_, PROC_INST_ID_, EXECUTION_ID_, TASK_ID_, BYTEARRAY_ID_, DOUBLE_, LONG_ , TEXT_, TEXT2_) VALUES (?, 1, ?, ?, ?, ?, ?, ?, ?, ?, ?, ?) , (?, 1, ?, ?, ?, ?, ?, ?, ?, ?, ?, ?) , (?, 1, ?, ?, ?, ?, ?, ?, ?, ?, ?, ?) , (?, 1, ?, ?, ?, ?, ?, ?, ?, ?, ?, ?) , (?, 1, ?, ?, ?, ?, ?, ?, ?, ?, ?, ?) , (?, 1, ?, ?, ?, ?, ?, ?, ?, ?, ?, ?) , (?, 1, ?, ?, ?, ?, ?, ?, ?, ?, ?, ?) , (?, 1, ?, ?, ?, ?, ?, ?, ?, ?, ?, ?) , (?, 1, ?, ?, ?, ?, ?, ?, ?, ?, ?, ?) , (?, 1, ?, ?, ?, ?, ?, ?, ?, ?, ?, ?) , (?, 1, ?, ?, ?, ?, ?, ?, ?, ?, ?, ?) , (?, 1, ?, ?, ?, ?, ?, ?, ?, ?, ?, ?) , (?, 1, ?, ?, ?, ?, ?, ?, ?, ?, ?, ?) , (?, 1, ?, ?, ?, ?, ?, ?, ?, ?, ?, ?) , (?, 1, ?, ?, ?, ?, ?, ?, ?, ?, ?, ?) , (?, 1, ?, ?, ?, ?, ?, ?, ?, ?, ?, ?) , (?, 1, ?, ?, ?, ?, ?, ?, ?, ?, ?, ?) , (?, 1, ?, ?, ?, ?, ?, ?, ?, ?, ?, ?) , (?, 1, ?, ?, ?, ?, ?, ?, ?, ?, ?, ?) , (?, 1, ?, ?, ?, ?, ?, ?, ?, ?, ?, ?) , (?, 1, ?, ?, ?, ?, ?, ?, ?, ?, ?, ?) , (?, 1, ?, ?, ?, ?, ?, ?, ?, ?, ?, ?) , (?, 1, ?, ?, ?, ?, ?, ?, ?, ?, ?, ?) , (?, 1, ?, ?, ?, ?, ?, ?, ?, ?, ?, ?) , (?, 1, ?, ?, ?, ?, ?, ?, ?, ?, ?, ?) , (?, 1, ?, ?, ?, ?, ?, ?, ?, ?, ?, ?) , (?, 1, ?, ?, ?, ?, ?, ?, ?, ?, ?, ?) , (?, 1, ?, ?, ?, ?, ?, ?, ?, ?, ?, ?) , (?, 1, ?, ?, ?, ?, ?, ?, ?, ?, ?, ?) , (?, 1, ?, ?, ?, ?, ?, ?, ?, ?, ?, ?) , (?, 1, ?, ?, ?, ?, ?, ?, ?, ?, ?, ?) , (?, 1, ?, ?, ?, ?, ?, ?, ?, ?, ?, ?) , (?, 1, ?, ?, ?, ?, ?, ?, ?, ?, ?, ?) , (?, 1, ?, ?, ?, ?, ?, ?, ?, ?, ?, ?) , (?, 1, ?, ?, ?, ?, ?, ?, ?, ?, ?, ?) , (?, 1, ?, ?, ?, ?, ?, ?, ?, ?, ?, ?) , (?, 1, ?, ?, ?, ?, ?, ?, ?, ?, ?, ?) , (?, 1, ?, ?, ?, ?, ?, ?, ?, ?, ?, ?) , (?, 1, ?, ?, ?, ?, ?, ?, ?, ?, ?, ?) , (?, 1, ?, ?, ?, ?, ?, ?, ?, ?, ?, ?) , (?, 1, ?, ?, ?, ?, ?, ?, ?, ?, ?, ?) , (?, 1, ?, ?, ?, ?, ?, ?, ?, ?, ?, ?) , (?, 1, ?, ?, ?, ?, ?, ?, ?, ?, ?, ?) , (?, 1, ?, ?, ?, ?, ?, ?, ?, ?, ?, ?) , (?, 1, ?, ?, ?, ?, ?, ?, ?, ?, ?, ?) , (?, 1, ?, ?, ?, ?, ?, ?, ?, ?, ?, ?) , (?, 1, ?, ?, ?, ?, ?, ?, ?, ?, ?, ?) , (?, 1, ?, ?, ?, ?, ?, ?, ?, ?, ?, ?) , (?, 1, ?, ?, ?, ?, ?, ?, ?, ?, ?, ?) , (?, 1, ?, ?, ?, ?, ?, ?, ?, ?, ?, ?) , (?, 1, ?, ?, ?, ?, ?, ?, ?, ?, ?, ?) , (?, 1, ?, ?, ?, ?, ?, ?, ?, ?, ?, ?) , (?, 1, ?, ?, ?, ?, ?, ?, ?, ?, ?, ?) , (?, 1, ?, ?, ?, ?, ?, ?, ?, ?, ?, ?) , (?, 1, ?, ?, ?, ?, ?, ?, ?, ?, ?, ?) , (?, 1, ?, ?, ?, ?, ?, ?, ?, ?, ?, ?) , (?, 1, ?, ?, ?, ?, ?, ?, ?, ?, ?, ?) , (?, 1, ?, ?, ?, ?, ?, ?, ?, ?, ?, ?) , (?, 1, ?, ?, ?, ?, ?, ?, ?, ?, ?, ?) , (?, 1, ?, ?, ?, ?, ?, ?, ?, ?, ?, ?) , (?, 1, ?, ?, ?, ?, ?, ?, ?, ?, ?, ?) , (?, 1, ?, ?, ?, ?, ?, ?, ?, ?, ?, ?) , (?, 1, ?, ?, ?, ?, ?, ?, ?, ?, ?, ?) , (?, 1, ?, ?, ?, ?, ?, ?, ?, ?, ?, ?) , (?, 1, ?, ?, ?, ?, ?, ?, ?, ?, ?, ?) , (?, 1, ?, ?, ?, ?, ?, ?, ?, ?, ?, ?) , (?, 1, ?, ?, ?, ?, ?, ?, ?, ?, ?, ?) , (?, 1, ?, ?, ?, ?, ?, ?, ?, ?, ?, ?) , (?, 1, ?, ?, ?, ?, ?, ?, ?, ?, ?, ?) , (?, 1, ?, ?, ?, ?, ?, ?, ?, ?, ?, ?) , (?, 1, ?, ?, ?, ?, ?, ?, ?, ?, ?, ?) , (?, 1, ?, ?, ?, ?, ?, ?, ?, ?, ?, ?) , (?, 1, ?, ?, ?, ?, ?, ?, ?, ?, ?, ?) , (?, 1, ?, ?, ?, ?, ?, ?, ?, ?, ?, ?) , (?, 1, ?, ?, ?, ?, ?, ?, ?, ?, ?, ?) , (?, 1, ?, ?, ?, ?, ?, ?, ?, ?, ?, ?) , (?, 1, ?, ?, ?, ?, ?, ?, ?, ?, ?, ?) , (?, 1, ?, ?, ?, ?, ?, ?, ?, ?, ?, ?) , (?, 1, ?, ?, ?, ?, ?, ?, ?, ?, ?, ?) , (?, 1, ?, ?, ?, ?, ?, ?, ?, ?, ?, ?) , (?, 1, ?, ?, ?, ?, ?, ?, ?, ?, ?, ?) , (?, 1, ?, ?, ?, ?, ?, ?, ?, ?, ?, ?) , (?, 1, ?, ?, ?, ?, ?, ?, ?, ?, ?, ?) , (?, 1, ?, ?, ?, ?, ?, ?, ?, ?, ?, ?) , (?, 1, ?, ?, ?, ?, ?, ?, ?, ?, ?, ?) , (?, 1, ?, ?, ?, ?, ?, ?, ?, ?, ?, ?) , (?, 1, ?, ?, ?, ?, ?, ?, ?, ?, ?, ?) , (?, 1, ?, ?, ?, ?, ?, ?, ?, ?, ?, ?) , (?, 1, ?, ?, ?, ?, ?, ?, ?, ?, ?, ?) , (?, 1, ?, ?, ?, ?, ?, ?, ?, ?, ?, ?) , (?, 1, ?, ?, ?, ?, ?, ?, ?, ?, ?, ?) , (?, 1, ?, ?, ?, ?, ?, ?, ?, ?, ?, ?) , (?, 1, ?, ?, ?, ?, ?, ?, ?, ?, ?, ?) , (?, 1, ?, ?, ?, ?, ?, ?, ?, ?, ?, ?) , (?, 1, ?, ?, ?, ?, ?, ?, ?, ?, ?, ?) , (?, 1, ?, ?, ?, ?, ?, ?, ?, ?, ?, ?) , (?, 1, ?, ?, ?, ?, ?, ?, ?, ?, ?, ?) , (?, 1, ?, ?, ?, ?, ?, ?, ?, ?, ?, ?) , (?, 1, ?, ?, ?, ?, ?, ?, ?, ?, ?, ?) , (?, 1, ?, ?, ?, ?, ?, ?, ?, ?, ?, ?) 
10:48:05,551 [main] DEBUG org.activiti.engine.impl.persistence.entity.VariableInstanceEntity.bulkInsertVariableInstance  - ==&gt; Parameters: 4305(String), integer(String), var520(String), 2504(String), 2504(String), null, null, null, 520(Long), 520(String), null, 4306(String), integer(String), var1146(String), 2504(String), 2504(String), null, null, null, 1146(Long), 1146(String), null, 4307(String), integer(String), var2476(String), 2504(String), 2504(String), null, null, null, 2476(Long), 2476(String), null, 4308(String), integer(String), var1149(String), 2504(String), 2504(String), null, null, null, 1149(Long), 1149(String), null, 4309(String), integer(String), var529(String), 2504(String), 2504(String), null, null, null, 529(Long), 529(String), null, 4310(String), integer(String), var528(String), 2504(String), 2504(String), null, null, null, 528(Long), 528(String), null, 4311(String), integer(String), var527(String), 2504(String), 2504(String), null, null, null, 527(Long), 527(String), null, 4312(String), integer(String), var526(String), 2504(String), 2504(String), null, null, null, 526(Long), 526(String), null, 4313(String), integer(String), var525(String), 2504(String), 2504(String), null, null, null, 525(Long), 525(String), null, 4314(String), integer(String), var524(String), 2504(String), 2504(String), null, null, null, 524(Long), 524(String), null, 4315(String), integer(String), var1150(String), 2504(String), 2504(String), null, null, null, 1150(Long), 1150(String), null, 4316(String), integer(String), var2482(String), 2504(String), 2504(String), null, null, null, 2482(Long), 2482(String), null, 4317(String), integer(String), var1151(String), 2504(String), 2504(String), null, null, null, 1151(Long), 1151(String), null, 4318(String), integer(String), var2481(String), 2504(String), 2504(String), null, null, null, 2481(Long), 2481(String), null, 4319(String), integer(String), var2480(String), 2504(String), 2504(String), null, null, null, 2480(Long), 2480(String), null, 4320(String), integer(String), var1154(String), 2504(String), 2504(String), null, null, null, 1154(Long), 1154(String), null, 4321(String), integer(String), var2486(String), 2504(String), 2504(String), null, null, null, 2486(Long), 2486(String), null, 4322(String), integer(String), var1155(String), 2504(String), 2504(String), null, null, null, 1155(Long), 1155(String), null, 4323(String), integer(String), var2485(String), 2504(String), 2504(String), null, null, null, 2485(Long), 2485(String), null, 4324(String), integer(String), var1152(String), 2504(String), 2504(String), null, null, null, 1152(Long), 1152(String), null, 4325(String), integer(String), var2484(String), 2504(String), 2504(String), null, null, null, 2484(Long), 2484(String), null, 4326(String), integer(String), var1153(String), 2504(String), 2504(String), null, null, null, 1153(Long), 1153(String), null, 4327(String), integer(String), var2483(String), 2504(String), 2504(String), null, null, null, 2483(Long), 2483(String), null, 4328(String), integer(String), var512(String), 2504(String), 2504(String), null, null, null, 512(Long), 512(String), null, 4329(String), integer(String), var1158(String), 2504(String), 2504(String), null, null, null, 1158(Long), 1158(String), null, 4330(String), integer(String), var511(String), 2504(String), 2504(String), null, null, null, 511(Long), 511(String), null, 4331(String), integer(String), var1159(String), 2504(String), 2504(String), null, null, null, 1159(Long), 1159(String), null, 4332(String), integer(String), var2489(String), 2504(String), 2504(String), null, null, null, 2489(Long), 2489(String), null, 4333(String), integer(String), var510(String), 2504(String), 2504(String), null, null, null, 510(Long), 510(String), null, 4334(String), integer(String), var1156(String), 2504(String), 2504(String), null, null, null, 1156(Long), 1156(String), null, 4335(String), integer(String), var2488(String), 2504(String), 2504(String), null, null, null, 2488(Long), 2488(String), null, 4336(String), integer(String), var1157(String), 2504(String), 2504(String), null, null, null, 1157(Long), 1157(String), null, 4337(String), integer(String), var2487(String), 2504(String), 2504(String), null, null, null, 2487(Long), 2487(String), null, 4338(String), integer(String), var519(String), 2504(String), 2504(String), null, null, null, 519(Long), 519(String), null, 4339(String), integer(String), var518(String), 2504(String), 2504(String), null, null, null, 518(Long), 518(String), null, 4340(String), integer(String), var517(String), 2504(String), 2504(String), null, null, null, 517(Long), 517(String), null, 4341(String), integer(String), var516(String), 2504(String), 2504(String), null, null, null, 516(Long), 516(String), null, 4342(String), integer(String), var515(String), 2504(String), 2504(String), null, null, null, 515(Long), 515(String), null, 4343(String), integer(String), var514(String), 2504(String), 2504(String), null, null, null, 514(Long), 514(String), null, 4344(String), integer(String), var513(String), 2504(String), 2504(String), null, null, null, 513(Long), 513(String), null, 4345(String), integer(String), var1161(String), 2504(String), 2504(String), null, null, null, 1161(Long), 1161(String), null, 4346(String), integer(String), var2493(String), 2504(String), 2504(String), null, null, null, 2493(Long), 2493(String), null, 4347(String), integer(String), var1162(String), 2504(String), 2504(String), null, null, null, 1162(Long), 1162(String), null, 4348(String), integer(String), var2492(String), 2504(String), 2504(String), null, null, null, 2492(Long), 2492(String), null, 4349(String), integer(String), var2491(String), 2504(String), 2504(String), null, null, null, 2491(Long), 2491(String), null, 4350(String), integer(String), var1160(String), 2504(String), 2504(String), null, null, null, 1160(Long), 1160(String), null, 4351(String), integer(String), var2490(String), 2504(String), 2504(String), null, null, null, 2490(Long), 2490(String), null, 4352(String), integer(String), var1165(String), 2504(String), 2504(String), null, null, null, 1165(Long), 1165(String), null, 4353(String), integer(String), var2497(String), 2504(String), 2504(String), null, null, null, 2497(Long), 2497(String), null, 4354(String), integer(String), var1166(String), 2504(String), 2504(String), null, null, null, 1166(Long), 1166(String), null, 4355(String), integer(String), var2496(String), 2504(String), 2504(String), null, null, null, 2496(Long), 2496(String), null, 4356(String), integer(String), var1163(String), 2504(String), 2504(String), null, null, null, 1163(Long), 1163(String), null, 4357(String), integer(String), var2495(String), 2504(String), 2504(String), null, null, null, 2495(Long), 2495(String), null, 4358(String), integer(String), var1164(String), 2504(String), 2504(String), null, null, null, 1164(Long), 1164(String), null, 4359(String), integer(String), var2494(String), 2504(String), 2504(String), null, null, null, 2494(Long), 2494(String), null, 4360(String), integer(String), var501(String), 2504(String), 2504(String), null, null, null, 501(Long), 501(String), null, 4361(String), integer(String), var1169(String), 2504(String), 2504(String), null, null, null, 1169(Long), 1169(String), null, 4362(String), integer(String), var500(String), 2504(String), 2504(String), null, null, null, 500(Long), 500(String), null, 4363(String), integer(String), var1167(String), 2504(String), 2504(String), null, null, null, 1167(Long), 1167(String), null, 4364(String), integer(String), var2499(String), 2504(String), 2504(String), null, null, null, 2499(Long), 2499(String), null, 4365(String), integer(String), var1168(String), 2504(String), 2504(String), null, null, null, 1168(Long), 1168(String), null, 4366(String), integer(String), var2498(String), 2504(String), 2504(String), null, null, null, 2498(Long), 2498(String), null, 4367(String), integer(String), var509(String), 2504(String), 2504(String), null, null, null, 509(Long), 509(String), null, 4368(String), integer(String), var508(String), 2504(String), 2504(String), null, null, null, 508(Long), 508(String), null, 4369(String), integer(String), var507(String), 2504(String), 2504(String), null, null, null, 507(Long), 507(String), null, 4370(String), integer(String), var506(String), 2504(String), 2504(String), null, null, null, 506(Long), 506(String), null, 4371(String), integer(String), var505(String), 2504(String), 2504(String), null, null, null, 505(Long), 505(String), null, 4372(String), integer(String), var504(String), 2504(String), 2504(String), null, null, null, 504(Long), 504(String), null, 4373(String), integer(String), var503(String), 2504(String), 2504(String), null, null, null, 503(Long), 503(String), null, 4374(String), integer(String), var502(String), 2504(String), 2504(String), null, null, null, 502(Long), 502(String), null, 4375(String), integer(String), var1172(String), 2504(String), 2504(String), null, null, null, 1172(Long), 1172(String), null, 4376(String), integer(String), var1173(String), 2504(String), 2504(String), null, null, null, 1173(Long), 1173(String), null, 4377(String), integer(String), var1170(String), 2504(String), 2504(String), null, null, null, 1170(Long), 1170(String), null, 4378(String), integer(String), var1171(String), 2504(String), 2504(String), null, null, null, 1171(Long), 1171(String), null, 4379(String), integer(String), var1176(String), 2504(String), 2504(String), null, null, null, 1176(Long), 1176(String), null, 4380(String), integer(String), var1177(String), 2504(String), 2504(String), null, null, null, 1177(Long), 1177(String), null, 4381(String), integer(String), var1174(String), 2504(String), 2504(String), null, null, null, 1174(Long), 1174(String), null, 4382(String), integer(String), var1175(String), 2504(String), 2504(String), null, null, null, 1175(Long), 1175(String), null, 4383(String), integer(String), var1178(String), 2504(String), 2504(String), null, null, null, 1178(Long), 1178(String), null, 4384(String), integer(String), var1179(String), 2504(String), 2504(String), null, null, null, 1179(Long), 1179(String), null, 4385(String), integer(String), var1180(String), 2504(String), 2504(String), null, null, null, 1180(Long), 1180(String), null, 4386(String), integer(String), var1183(String), 2504(String), 2504(String), null, null, null, 1183(Long), 1183(String), null, 4387(String), integer(String), var1184(String), 2504(String), 2504(String), null, null, null, 1184(Long), 1184(String), null, 4388(String), integer(String), var1181(String), 2504(String), 2504(String), null, null, null, 1181(Long), 1181(String), null, 4389(String), integer(String), var1182(String), 2504(String), 2504(String), null, null, null, 1182(Long), 1182(String), null, 4390(String), integer(String), var1187(String), 2504(String), 2504(String), null, null, null, 1187(Long), 1187(String), null, 4391(String), integer(String), var1188(String), 2504(String), 2504(String), null, null, null, 1188(Long), 1188(String), null, 4392(String), integer(String), var1185(String), 2504(String), 2504(String), null, null, null, 1185(Long), 1185(String), null, 4393(String), integer(String), var1186(String), 2504(String), 2504(String), null, null, null, 1186(Long), 1186(String), null, 4394(String), integer(String), var1189(String), 2504(String), 2504(String), null, null, null, 1189(Long), 1189(String), null, 4395(String), integer(String), var1190(String), 2504(String), 2504(String), null, null, null, 1190(Long), 1190(String), null, 4396(String), integer(String), var1191(String), 2504(String), 2504(String), null, null, null, 1191(Long), 1191(String), null, 4397(String), integer(String), var1194(String), 2504(String), 2504(String), null, null, null, 1194(Long), 1194(String), null, 4398(String), integer(String), var1195(String), 2504(String), 2504(String), null, null, null, 1195(Long), 1195(String), null, 4399(String), integer(String), var1192(String), 2504(String), 2504(String), null, null, null, 1192(Long), 1192(String), null, 4400(String), integer(String), var1193(String), 2504(String), 2504(String), null, null, null, 1193(Long), 1193(String), null, 4401(String), integer(String), var1198(String), 2504(String), 2504(String), null, null, null, 1198(Long), 1198(String), null, 4402(String), integer(String), var1199(String), 2504(String), 2504(String), null, null, null, 1199(Long), 1199(String), null, 4403(String), integer(String), var1196(String), 2504(String), 2504(String), null, null, null, 1196(Long), 1196(String), null, 4404(String), integer(String), var1197(String), 2504(String), 2504(String), null, null, null, 1197(Long), 1197(String), null
10:48:05,551 [main] DEBUG org.activiti.engine.impl.persistence.entity.VariableInstanceEntity.bulkInsertVariableInstance  - &lt;==    Updates: 100
10:48:05,555 [main] DEBUG org.activiti.engine.impl.persistence.entity.VariableInstanceEntity.bulkInsertVariableInstance  - ==&gt;  Preparing: INSERT INTO ACT_RU_VARIABLE (ID_, REV_, TYPE_, NAME_, PROC_INST_ID_, EXECUTION_ID_, TASK_ID_, BYTEARRAY_ID_, DOUBLE_, LONG_ , TEXT_, TEXT2_) VALUES (?, 1, ?, ?, ?, ?, ?, ?, ?, ?, ?, ?) , (?, 1, ?, ?, ?, ?, ?, ?, ?, ?, ?, ?) , (?, 1, ?, ?, ?, ?, ?, ?, ?, ?, ?, ?) , (?, 1, ?, ?, ?, ?, ?, ?, ?, ?, ?, ?) , (?, 1, ?, ?, ?, ?, ?, ?, ?, ?, ?, ?) , (?, 1, ?, ?, ?, ?, ?, ?, ?, ?, ?, ?) , (?, 1, ?, ?, ?, ?, ?, ?, ?, ?, ?, ?) , (?, 1, ?, ?, ?, ?, ?, ?, ?, ?, ?, ?) , (?, 1, ?, ?, ?, ?, ?, ?, ?, ?, ?, ?) , (?, 1, ?, ?, ?, ?, ?, ?, ?, ?, ?, ?) , (?, 1, ?, ?, ?, ?, ?, ?, ?, ?, ?, ?) , (?, 1, ?, ?, ?, ?, ?, ?, ?, ?, ?, ?) , (?, 1, ?, ?, ?, ?, ?, ?, ?, ?, ?, ?) , (?, 1, ?, ?, ?, ?, ?, ?, ?, ?, ?, ?) , (?, 1, ?, ?, ?, ?, ?, ?, ?, ?, ?, ?) , (?, 1, ?, ?, ?, ?, ?, ?, ?, ?, ?, ?) , (?, 1, ?, ?, ?, ?, ?, ?, ?, ?, ?, ?) , (?, 1, ?, ?, ?, ?, ?, ?, ?, ?, ?, ?) , (?, 1, ?, ?, ?, ?, ?, ?, ?, ?, ?, ?) , (?, 1, ?, ?, ?, ?, ?, ?, ?, ?, ?, ?) , (?, 1, ?, ?, ?, ?, ?, ?, ?, ?, ?, ?) , (?, 1, ?, ?, ?, ?, ?, ?, ?, ?, ?, ?) , (?, 1, ?, ?, ?, ?, ?, ?, ?, ?, ?, ?) , (?, 1, ?, ?, ?, ?, ?, ?, ?, ?, ?, ?) , (?, 1, ?, ?, ?, ?, ?, ?, ?, ?, ?, ?) , (?, 1, ?, ?, ?, ?, ?, ?, ?, ?, ?, ?) , (?, 1, ?, ?, ?, ?, ?, ?, ?, ?, ?, ?) , (?, 1, ?, ?, ?, ?, ?, ?, ?, ?, ?, ?) , (?, 1, ?, ?, ?, ?, ?, ?, ?, ?, ?, ?) , (?, 1, ?, ?, ?, ?, ?, ?, ?, ?, ?, ?) , (?, 1, ?, ?, ?, ?, ?, ?, ?, ?, ?, ?) , (?, 1, ?, ?, ?, ?, ?, ?, ?, ?, ?, ?) , (?, 1, ?, ?, ?, ?, ?, ?, ?, ?, ?, ?) , (?, 1, ?, ?, ?, ?, ?, ?, ?, ?, ?, ?) , (?, 1, ?, ?, ?, ?, ?, ?, ?, ?, ?, ?) , (?, 1, ?, ?, ?, ?, ?, ?, ?, ?, ?, ?) , (?, 1, ?, ?, ?, ?, ?, ?, ?, ?, ?, ?) , (?, 1, ?, ?, ?, ?, ?, ?, ?, ?, ?, ?) , (?, 1, ?, ?, ?, ?, ?, ?, ?, ?, ?, ?) , (?, 1, ?, ?, ?, ?, ?, ?, ?, ?, ?, ?) , (?, 1, ?, ?, ?, ?, ?, ?, ?, ?, ?, ?) , (?, 1, ?, ?, ?, ?, ?, ?, ?, ?, ?, ?) , (?, 1, ?, ?, ?, ?, ?, ?, ?, ?, ?, ?) , (?, 1, ?, ?, ?, ?, ?, ?, ?, ?, ?, ?) , (?, 1, ?, ?, ?, ?, ?, ?, ?, ?, ?, ?) , (?, 1, ?, ?, ?, ?, ?, ?, ?, ?, ?, ?) , (?, 1, ?, ?, ?, ?, ?, ?, ?, ?, ?, ?) , (?, 1, ?, ?, ?, ?, ?, ?, ?, ?, ?, ?) , (?, 1, ?, ?, ?, ?, ?, ?, ?, ?, ?, ?) , (?, 1, ?, ?, ?, ?, ?, ?, ?, ?, ?, ?) , (?, 1, ?, ?, ?, ?, ?, ?, ?, ?, ?, ?) , (?, 1, ?, ?, ?, ?, ?, ?, ?, ?, ?, ?) , (?, 1, ?, ?, ?, ?, ?, ?, ?, ?, ?, ?) , (?, 1, ?, ?, ?, ?, ?, ?, ?, ?, ?, ?) , (?, 1, ?, ?, ?, ?, ?, ?, ?, ?, ?, ?) , (?, 1, ?, ?, ?, ?, ?, ?, ?, ?, ?, ?) , (?, 1, ?, ?, ?, ?, ?, ?, ?, ?, ?, ?) , (?, 1, ?, ?, ?, ?, ?, ?, ?, ?, ?, ?) , (?, 1, ?, ?, ?, ?, ?, ?, ?, ?, ?, ?) , (?, 1, ?, ?, ?, ?, ?, ?, ?, ?, ?, ?) , (?, 1, ?, ?, ?, ?, ?, ?, ?, ?, ?, ?) , (?, 1, ?, ?, ?, ?, ?, ?, ?, ?, ?, ?) , (?, 1, ?, ?, ?, ?, ?, ?, ?, ?, ?, ?) , (?, 1, ?, ?, ?, ?, ?, ?, ?, ?, ?, ?) , (?, 1, ?, ?, ?, ?, ?, ?, ?, ?, ?, ?) , (?, 1, ?, ?, ?, ?, ?, ?, ?, ?, ?, ?) , (?, 1, ?, ?, ?, ?, ?, ?, ?, ?, ?, ?) , (?, 1, ?, ?, ?, ?, ?, ?, ?, ?, ?, ?) , (?, 1, ?, ?, ?, ?, ?, ?, ?, ?, ?, ?) , (?, 1, ?, ?, ?, ?, ?, ?, ?, ?, ?, ?) , (?, 1, ?, ?, ?, ?, ?, ?, ?, ?, ?, ?) , (?, 1, ?, ?, ?, ?, ?, ?, ?, ?, ?, ?) , (?, 1, ?, ?, ?, ?, ?, ?, ?, ?, ?, ?) , (?, 1, ?, ?, ?, ?, ?, ?, ?, ?, ?, ?) , (?, 1, ?, ?, ?, ?, ?, ?, ?, ?, ?, ?) , (?, 1, ?, ?, ?, ?, ?, ?, ?, ?, ?, ?) , (?, 1, ?, ?, ?, ?, ?, ?, ?, ?, ?, ?) , (?, 1, ?, ?, ?, ?, ?, ?, ?, ?, ?, ?) , (?, 1, ?, ?, ?, ?, ?, ?, ?, ?, ?, ?) , (?, 1, ?, ?, ?, ?, ?, ?, ?, ?, ?, ?) , (?, 1, ?, ?, ?, ?, ?, ?, ?, ?, ?, ?) , (?, 1, ?, ?, ?, ?, ?, ?, ?, ?, ?, ?) , (?, 1, ?, ?, ?, ?, ?, ?, ?, ?, ?, ?) , (?, 1, ?, ?, ?, ?, ?, ?, ?, ?, ?, ?) , (?, 1, ?, ?, ?, ?, ?, ?, ?, ?, ?, ?) , (?, 1, ?, ?, ?, ?, ?, ?, ?, ?, ?, ?) , (?, 1, ?, ?, ?, ?, ?, ?, ?, ?, ?, ?) , (?, 1, ?, ?, ?, ?, ?, ?, ?, ?, ?, ?) , (?, 1, ?, ?, ?, ?, ?, ?, ?, ?, ?, ?) , (?, 1, ?, ?, ?, ?, ?, ?, ?, ?, ?, ?) , (?, 1, ?, ?, ?, ?, ?, ?, ?, ?, ?, ?) , (?, 1, ?, ?, ?, ?, ?, ?, ?, ?, ?, ?) , (?, 1, ?, ?, ?, ?, ?, ?, ?, ?, ?, ?) , (?, 1, ?, ?, ?, ?, ?, ?, ?, ?, ?, ?) , (?, 1, ?, ?, ?, ?, ?, ?, ?, ?, ?, ?) , (?, 1, ?, ?, ?, ?, ?, ?, ?, ?, ?, ?) , (?, 1, ?, ?, ?, ?, ?, ?, ?, ?, ?, ?) , (?, 1, ?, ?, ?, ?, ?, ?, ?, ?, ?, ?) , (?, 1, ?, ?, ?, ?, ?, ?, ?, ?, ?, ?) , (?, 1, ?, ?, ?, ?, ?, ?, ?, ?, ?, ?) 
10:48:05,556 [main] DEBUG org.activiti.engine.impl.persistence.entity.VariableInstanceEntity.bulkInsertVariableInstance  - ==&gt; Parameters: 4405(String), integer(String), var592(String), 2504(String), 2504(String), null, null, null, 592(Long), 592(String), null, 4406(String), integer(String), var591(String), 2504(String), 2504(String), null, null, null, 591(Long), 591(String), null, 4407(String), integer(String), var590(String), 2504(String), 2504(String), null, null, null, 590(Long), 590(String), null, 4408(String), integer(String), var599(String), 2504(String), 2504(String), null, null, null, 599(Long), 599(String), null, 4409(String), integer(String), var598(String), 2504(String), 2504(String), null, null, null, 598(Long), 598(String), null, 4410(String), integer(String), var597(String), 2504(String), 2504(String), null, null, null, 597(Long), 597(String), null, 4411(String), integer(String), var596(String), 2504(String), 2504(String), null, null, null, 596(Long), 596(String), null, 4412(String), integer(String), var595(String), 2504(String), 2504(String), null, null, null, 595(Long), 595(String), null, 4413(String), integer(String), var594(String), 2504(String), 2504(String), null, null, null, 594(Long), 594(String), null, 4414(String), integer(String), var593(String), 2504(String), 2504(String), null, null, null, 593(Long), 593(String), null, 4415(String), integer(String), var581(String), 2504(String), 2504(String), null, null, null, 581(Long), 581(String), null, 4416(String), integer(String), var580(String), 2504(String), 2504(String), null, null, null, 580(Long), 580(String), null, 4417(String), integer(String), var589(String), 2504(String), 2504(String), null, null, null, 589(Long), 589(String), null, 4418(String), integer(String), var588(String), 2504(String), 2504(String), null, null, null, 588(Long), 588(String), null, 4419(String), integer(String), var587(String), 2504(String), 2504(String), null, null, null, 587(Long), 587(String), null, 4420(String), integer(String), var586(String), 2504(String), 2504(String), null, null, null, 586(Long), 586(String), null, 4421(String), integer(String), var585(String), 2504(String), 2504(String), null, null, null, 585(Long), 585(String), null, 4422(String), integer(String), var584(String), 2504(String), 2504(String), null, null, null, 584(Long), 584(String), null, 4423(String), integer(String), var583(String), 2504(String), 2504(String), null, null, null, 583(Long), 583(String), null, 4424(String), integer(String), var582(String), 2504(String), 2504(String), null, null, null, 582(Long), 582(String), null, 4425(String), integer(String), var570(String), 2504(String), 2504(String), null, null, null, 570(Long), 570(String), null, 4426(String), integer(String), var578(String), 2504(String), 2504(String), null, null, null, 578(Long), 578(String), null, 4427(String), integer(String), var577(String), 2504(String), 2504(String), null, null, null, 577(Long), 577(String), null, 4428(String), integer(String), var576(String), 2504(String), 2504(String), null, null, null, 576(Long), 576(String), null, 4429(String), integer(String), var575(String), 2504(String), 2504(String), null, null, null, 575(Long), 575(String), null, 4430(String), integer(String), var574(String), 2504(String), 2504(String), null, null, null, 574(Long), 574(String), null, 4431(String), integer(String), var573(String), 2504(String), 2504(String), null, null, null, 573(Long), 573(String), null, 4432(String), integer(String), var572(String), 2504(String), 2504(String), null, null, null, 572(Long), 572(String), null, 4433(String), integer(String), var571(String), 2504(String), 2504(String), null, null, null, 571(Long), 571(String), null, 4434(String), integer(String), var579(String), 2504(String), 2504(String), null, null, null, 579(Long), 579(String), null, 4435(String), integer(String), var567(String), 2504(String), 2504(String), null, null, null, 567(Long), 567(String), null, 4436(String), integer(String), var566(String), 2504(String), 2504(String), null, null, null, 566(Long), 566(String), null, 4437(String), integer(String), var565(String), 2504(String), 2504(String), null, null, null, 565(Long), 565(String), null, 4438(String), integer(String), var564(String), 2504(String), 2504(String), null, null, null, 564(Long), 564(String), null, 4439(String), integer(String), var563(String), 2504(String), 2504(String), null, null, null, 563(Long), 563(String), null, 4440(String), integer(String), var562(String), 2504(String), 2504(String), null, null, null, 562(Long), 562(String), null, 4441(String), integer(String), var561(String), 2504(String), 2504(String), null, null, null, 561(Long), 561(String), null, 4442(String), integer(String), var560(String), 2504(String), 2504(String), null, null, null, 560(Long), 560(String), null, 4443(String), integer(String), var569(String), 2504(String), 2504(String), null, null, null, 569(Long), 569(String), null, 4444(String), integer(String), var568(String), 2504(String), 2504(String), null, null, null, 568(Long), 568(String), null, 4445(String), integer(String), var556(String), 2504(String), 2504(String), null, null, null, 556(Long), 556(String), null, 4446(String), integer(String), var555(String), 2504(String), 2504(String), null, null, null, 555(Long), 555(String), null, 4447(String), integer(String), var554(String), 2504(String), 2504(String), null, null, null, 554(Long), 554(String), null, 4448(String), integer(String), var553(String), 2504(String), 2504(String), null, null, null, 553(Long), 553(String), null, 4449(String), integer(String), var552(String), 2504(String), 2504(String), null, null, null, 552(Long), 552(String), null, 4450(String), integer(String), var551(String), 2504(String), 2504(String), null, null, null, 551(Long), 551(String), null, 4451(String), integer(String), var550(String), 2504(String), 2504(String), null, null, null, 550(Long), 550(String), null, 4452(String), integer(String), var559(String), 2504(String), 2504(String), null, null, null, 559(Long), 559(String), null, 4453(String), integer(String), var558(String), 2504(String), 2504(String), null, null, null, 558(Long), 558(String), null, 4454(String), integer(String), var557(String), 2504(String), 2504(String), null, null, null, 557(Long), 557(String), null, 4455(String), integer(String), var1921(String), 2504(String), 2504(String), null, null, null, 1921(Long), 1921(String), null, 4456(String), integer(String), var1922(String), 2504(String), 2504(String), null, null, null, 1922(Long), 1922(String), null, 4457(String), integer(String), var1920(String), 2504(String), 2504(String), null, null, null, 1920(Long), 1920(String), null, 4458(String), integer(String), var1925(String), 2504(String), 2504(String), null, null, null, 1925(Long), 1925(String), null, 4459(String), integer(String), var1926(String), 2504(String), 2504(String), null, null, null, 1926(Long), 1926(String), null, 4460(String), integer(String), var1923(String), 2504(String), 2504(String), null, null, null, 1923(Long), 1923(String), null, 4461(String), integer(String), var1924(String), 2504(String), 2504(String), null, null, null, 1924(Long), 1924(String), null, 4462(String), integer(String), var1929(String), 2504(String), 2504(String), null, null, null, 1929(Long), 1929(String), null, 4463(String), integer(String), var1927(String), 2504(String), 2504(String), null, null, null, 1927(Long), 1927(String), null, 4464(String), integer(String), var1928(String), 2504(String), 2504(String), null, null, null, 1928(Long), 1928(String), null, 4465(String), integer(String), var1932(String), 2504(String), 2504(String), null, null, null, 1932(Long), 1932(String), null, 4466(String), integer(String), var1933(String), 2504(String), 2504(String), null, null, null, 1933(Long), 1933(String), null, 4467(String), integer(String), var1930(String), 2504(String), 2504(String), null, null, null, 1930(Long), 1930(String), null, 4468(String), integer(String), var1931(String), 2504(String), 2504(String), null, null, null, 1931(Long), 1931(String), null, 4469(String), integer(String), var1936(String), 2504(String), 2504(String), null, null, null, 1936(Long), 1936(String), null, 4470(String), integer(String), var1937(String), 2504(String), 2504(String), null, null, null, 1937(Long), 1937(String), null, 4471(String), integer(String), var1934(String), 2504(String), 2504(String), null, null, null, 1934(Long), 1934(String), null, 4472(String), integer(String), var1935(String), 2504(String), 2504(String), null, null, null, 1935(Long), 1935(String), null, 4473(String), integer(String), var1938(String), 2504(String), 2504(String), null, null, null, 1938(Long), 1938(String), null, 4474(String), integer(String), var1939(String), 2504(String), 2504(String), null, null, null, 1939(Long), 1939(String), null, 4475(String), integer(String), var1940(String), 2504(String), 2504(String), null, null, null, 1940(Long), 1940(String), null, 4476(String), integer(String), var1943(String), 2504(String), 2504(String), null, null, null, 1943(Long), 1943(String), null, 4477(String), integer(String), var1944(String), 2504(String), 2504(String), null, null, null, 1944(Long), 1944(String), null, 4478(String), integer(String), var1941(String), 2504(String), 2504(String), null, null, null, 1941(Long), 1941(String), null, 4479(String), integer(String), var1942(String), 2504(String), 2504(String), null, null, null, 1942(Long), 1942(String), null, 4480(String), integer(String), var1947(String), 2504(String), 2504(String), null, null, null, 1947(Long), 1947(String), null, 4481(String), integer(String), var1948(String), 2504(String), 2504(String), null, null, null, 1948(Long), 1948(String), null, 4482(String), integer(String), var1945(String), 2504(String), 2504(String), null, null, null, 1945(Long), 1945(String), null, 4483(String), integer(String), var1946(String), 2504(String), 2504(String), null, null, null, 1946(Long), 1946(String), null, 4484(String), integer(String), var1949(String), 2504(String), 2504(String), null, null, null, 1949(Long), 1949(String), null, 4485(String), integer(String), var1950(String), 2504(String), 2504(String), null, null, null, 1950(Long), 1950(String), null, 4486(String), integer(String), var1951(String), 2504(String), 2504(String), null, null, null, 1951(Long), 1951(String), null, 4487(String), integer(String), var1954(String), 2504(String), 2504(String), null, null, null, 1954(Long), 1954(String), null, 4488(String), integer(String), var1955(String), 2504(String), 2504(String), null, null, null, 1955(Long), 1955(String), null, 4489(String), integer(String), var1952(String), 2504(String), 2504(String), null, null, null, 1952(Long), 1952(String), null, 4490(String), integer(String), var1953(String), 2504(String), 2504(String), null, null, null, 1953(Long), 1953(String), null, 4491(String), integer(String), var1958(String), 2504(String), 2504(String), null, null, null, 1958(Long), 1958(String), null, 4492(String), integer(String), var1959(String), 2504(String), 2504(String), null, null, null, 1959(Long), 1959(String), null, 4493(String), integer(String), var1956(String), 2504(String), 2504(String), null, null, null, 1956(Long), 1956(String), null, 4494(String), integer(String), var1957(String), 2504(String), 2504(String), null, null, null, 1957(Long), 1957(String), null, 4495(String), integer(String), var1961(String), 2504(String), 2504(String), null, null, null, 1961(Long), 1961(String), null, 4496(String), integer(String), var1962(String), 2504(String), 2504(String), null, null, null, 1962(Long), 1962(String), null, 4497(String), integer(String), var1960(String), 2504(String), 2504(String), null, null, null, 1960(Long), 1960(String), null, 4498(String), integer(String), var1965(String), 2504(String), 2504(String), null, null, null, 1965(Long), 1965(String), null, 4499(String), integer(String), var1966(String), 2504(String), 2504(String), null, null, null, 1966(Long), 1966(String), null, 4500(String), integer(String), var1963(String), 2504(String), 2504(String), null, null, null, 1963(Long), 1963(String), null, 4501(String), integer(String), var1964(String), 2504(String), 2504(String), null, null, null, 1964(Long), 1964(String), null, 4502(String), integer(String), var1969(String), 2504(String), 2504(String), null, null, null, 1969(Long), 1969(String), null, 4503(String), integer(String), var1967(String), 2504(String), 2504(String), null, null, null, 1967(Long), 1967(String), null, 4504(String), integer(String), var1968(String), 2504(String), 2504(String), null, null, null, 1968(Long), 1968(String), null
10:48:05,557 [main] DEBUG org.activiti.engine.impl.persistence.entity.VariableInstanceEntity.bulkInsertVariableInstance  - &lt;==    Updates: 100
10:48:05,560 [main] DEBUG org.activiti.engine.impl.persistence.entity.VariableInstanceEntity.bulkInsertVariableInstance  - ==&gt;  Preparing: INSERT INTO ACT_RU_VARIABLE (ID_, REV_, TYPE_, NAME_, PROC_INST_ID_, EXECUTION_ID_, TASK_ID_, BYTEARRAY_ID_, DOUBLE_, LONG_ , TEXT_, TEXT2_) VALUES (?, 1, ?, ?, ?, ?, ?, ?, ?, ?, ?, ?) , (?, 1, ?, ?, ?, ?, ?, ?, ?, ?, ?, ?) , (?, 1, ?, ?, ?, ?, ?, ?, ?, ?, ?, ?) , (?, 1, ?, ?, ?, ?, ?, ?, ?, ?, ?, ?) , (?, 1, ?, ?, ?, ?, ?, ?, ?, ?, ?, ?) , (?, 1, ?, ?, ?, ?, ?, ?, ?, ?, ?, ?) , (?, 1, ?, ?, ?, ?, ?, ?, ?, ?, ?, ?) , (?, 1, ?, ?, ?, ?, ?, ?, ?, ?, ?, ?) , (?, 1, ?, ?, ?, ?, ?, ?, ?, ?, ?, ?) , (?, 1, ?, ?, ?, ?, ?, ?, ?, ?, ?, ?) , (?, 1, ?, ?, ?, ?, ?, ?, ?, ?, ?, ?) , (?, 1, ?, ?, ?, ?, ?, ?, ?, ?, ?, ?) , (?, 1, ?, ?, ?, ?, ?, ?, ?, ?, ?, ?) , (?, 1, ?, ?, ?, ?, ?, ?, ?, ?, ?, ?) , (?, 1, ?, ?, ?, ?, ?, ?, ?, ?, ?, ?) , (?, 1, ?, ?, ?, ?, ?, ?, ?, ?, ?, ?) , (?, 1, ?, ?, ?, ?, ?, ?, ?, ?, ?, ?) , (?, 1, ?, ?, ?, ?, ?, ?, ?, ?, ?, ?) , (?, 1, ?, ?, ?, ?, ?, ?, ?, ?, ?, ?) , (?, 1, ?, ?, ?, ?, ?, ?, ?, ?, ?, ?) , (?, 1, ?, ?, ?, ?, ?, ?, ?, ?, ?, ?) , (?, 1, ?, ?, ?, ?, ?, ?, ?, ?, ?, ?) , (?, 1, ?, ?, ?, ?, ?, ?, ?, ?, ?, ?) , (?, 1, ?, ?, ?, ?, ?, ?, ?, ?, ?, ?) , (?, 1, ?, ?, ?, ?, ?, ?, ?, ?, ?, ?) , (?, 1, ?, ?, ?, ?, ?, ?, ?, ?, ?, ?) , (?, 1, ?, ?, ?, ?, ?, ?, ?, ?, ?, ?) , (?, 1, ?, ?, ?, ?, ?, ?, ?, ?, ?, ?) , (?, 1, ?, ?, ?, ?, ?, ?, ?, ?, ?, ?) , (?, 1, ?, ?, ?, ?, ?, ?, ?, ?, ?, ?) , (?, 1, ?, ?, ?, ?, ?, ?, ?, ?, ?, ?) , (?, 1, ?, ?, ?, ?, ?, ?, ?, ?, ?, ?) , (?, 1, ?, ?, ?, ?, ?, ?, ?, ?, ?, ?) , (?, 1, ?, ?, ?, ?, ?, ?, ?, ?, ?, ?) , (?, 1, ?, ?, ?, ?, ?, ?, ?, ?, ?, ?) , (?, 1, ?, ?, ?, ?, ?, ?, ?, ?, ?, ?) , (?, 1, ?, ?, ?, ?, ?, ?, ?, ?, ?, ?) , (?, 1, ?, ?, ?, ?, ?, ?, ?, ?, ?, ?) , (?, 1, ?, ?, ?, ?, ?, ?, ?, ?, ?, ?) , (?, 1, ?, ?, ?, ?, ?, ?, ?, ?, ?, ?) , (?, 1, ?, ?, ?, ?, ?, ?, ?, ?, ?, ?) , (?, 1, ?, ?, ?, ?, ?, ?, ?, ?, ?, ?) , (?, 1, ?, ?, ?, ?, ?, ?, ?, ?, ?, ?) , (?, 1, ?, ?, ?, ?, ?, ?, ?, ?, ?, ?) , (?, 1, ?, ?, ?, ?, ?, ?, ?, ?, ?, ?) , (?, 1, ?, ?, ?, ?, ?, ?, ?, ?, ?, ?) , (?, 1, ?, ?, ?, ?, ?, ?, ?, ?, ?, ?) , (?, 1, ?, ?, ?, ?, ?, ?, ?, ?, ?, ?) , (?, 1, ?, ?, ?, ?, ?, ?, ?, ?, ?, ?) , (?, 1, ?, ?, ?, ?, ?, ?, ?, ?, ?, ?) , (?, 1, ?, ?, ?, ?, ?, ?, ?, ?, ?, ?) , (?, 1, ?, ?, ?, ?, ?, ?, ?, ?, ?, ?) , (?, 1, ?, ?, ?, ?, ?, ?, ?, ?, ?, ?) , (?, 1, ?, ?, ?, ?, ?, ?, ?, ?, ?, ?) , (?, 1, ?, ?, ?, ?, ?, ?, ?, ?, ?, ?) , (?, 1, ?, ?, ?, ?, ?, ?, ?, ?, ?, ?) , (?, 1, ?, ?, ?, ?, ?, ?, ?, ?, ?, ?) , (?, 1, ?, ?, ?, ?, ?, ?, ?, ?, ?, ?) , (?, 1, ?, ?, ?, ?, ?, ?, ?, ?, ?, ?) , (?, 1, ?, ?, ?, ?, ?, ?, ?, ?, ?, ?) , (?, 1, ?, ?, ?, ?, ?, ?, ?, ?, ?, ?) , (?, 1, ?, ?, ?, ?, ?, ?, ?, ?, ?, ?) , (?, 1, ?, ?, ?, ?, ?, ?, ?, ?, ?, ?) , (?, 1, ?, ?, ?, ?, ?, ?, ?, ?, ?, ?) , (?, 1, ?, ?, ?, ?, ?, ?, ?, ?, ?, ?) , (?, 1, ?, ?, ?, ?, ?, ?, ?, ?, ?, ?) , (?, 1, ?, ?, ?, ?, ?, ?, ?, ?, ?, ?) , (?, 1, ?, ?, ?, ?, ?, ?, ?, ?, ?, ?) , (?, 1, ?, ?, ?, ?, ?, ?, ?, ?, ?, ?) , (?, 1, ?, ?, ?, ?, ?, ?, ?, ?, ?, ?) , (?, 1, ?, ?, ?, ?, ?, ?, ?, ?, ?, ?) , (?, 1, ?, ?, ?, ?, ?, ?, ?, ?, ?, ?) , (?, 1, ?, ?, ?, ?, ?, ?, ?, ?, ?, ?) , (?, 1, ?, ?, ?, ?, ?, ?, ?, ?, ?, ?) , (?, 1, ?, ?, ?, ?, ?, ?, ?, ?, ?, ?) , (?, 1, ?, ?, ?, ?, ?, ?, ?, ?, ?, ?) , (?, 1, ?, ?, ?, ?, ?, ?, ?, ?, ?, ?) , (?, 1, ?, ?, ?, ?, ?, ?, ?, ?, ?, ?) , (?, 1, ?, ?, ?, ?, ?, ?, ?, ?, ?, ?) , (?, 1, ?, ?, ?, ?, ?, ?, ?, ?, ?, ?) , (?, 1, ?, ?, ?, ?, ?, ?, ?, ?, ?, ?) , (?, 1, ?, ?, ?, ?, ?, ?, ?, ?, ?, ?) , (?, 1, ?, ?, ?, ?, ?, ?, ?, ?, ?, ?) , (?, 1, ?, ?, ?, ?, ?, ?, ?, ?, ?, ?) , (?, 1, ?, ?, ?, ?, ?, ?, ?, ?, ?, ?) , (?, 1, ?, ?, ?, ?, ?, ?, ?, ?, ?, ?) , (?, 1, ?, ?, ?, ?, ?, ?, ?, ?, ?, ?) , (?, 1, ?, ?, ?, ?, ?, ?, ?, ?, ?, ?) , (?, 1, ?, ?, ?, ?, ?, ?, ?, ?, ?, ?) , (?, 1, ?, ?, ?, ?, ?, ?, ?, ?, ?, ?) , (?, 1, ?, ?, ?, ?, ?, ?, ?, ?, ?, ?) , (?, 1, ?, ?, ?, ?, ?, ?, ?, ?, ?, ?) , (?, 1, ?, ?, ?, ?, ?, ?, ?, ?, ?, ?) , (?, 1, ?, ?, ?, ?, ?, ?, ?, ?, ?, ?) , (?, 1, ?, ?, ?, ?, ?, ?, ?, ?, ?, ?) , (?, 1, ?, ?, ?, ?, ?, ?, ?, ?, ?, ?) , (?, 1, ?, ?, ?, ?, ?, ?, ?, ?, ?, ?) , (?, 1, ?, ?, ?, ?, ?, ?, ?, ?, ?, ?) , (?, 1, ?, ?, ?, ?, ?, ?, ?, ?, ?, ?) , (?, 1, ?, ?, ?, ?, ?, ?, ?, ?, ?, ?) 
10:48:05,562 [main] DEBUG org.activiti.engine.impl.persistence.entity.VariableInstanceEntity.bulkInsertVariableInstance  - ==&gt; Parameters: 4505(String), integer(String), var1972(String), 2504(String), 2504(String), null, null, null, 1972(Long), 1972(String), null, 4506(String), integer(String), var1973(String), 2504(String), 2504(String), null, null, null, 1973(Long), 1973(String), null, 4507(String), integer(String), var1970(String), 2504(String), 2504(String), null, null, null, 1970(Long), 1970(String), null, 4508(String), integer(String), var1971(String), 2504(String), 2504(String), null, null, null, 1971(Long), 1971(String), null, 4509(String), integer(String), var1976(String), 2504(String), 2504(String), null, null, null, 1976(Long), 1976(String), null, 4510(String), integer(String), var1977(String), 2504(String), 2504(String), null, null, null, 1977(Long), 1977(String), null, 4511(String), integer(String), var1974(String), 2504(String), 2504(String), null, null, null, 1974(Long), 1974(String), null, 4512(String), integer(String), var1975(String), 2504(String), 2504(String), null, null, null, 1975(Long), 1975(String), null, 4513(String), integer(String), var1978(String), 2504(String), 2504(String), null, null, null, 1978(Long), 1978(String), null, 4514(String), integer(String), var1979(String), 2504(String), 2504(String), null, null, null, 1979(Long), 1979(String), null, 4515(String), integer(String), var1980(String), 2504(String), 2504(String), null, null, null, 1980(Long), 1980(String), null, 4516(String), integer(String), var1983(String), 2504(String), 2504(String), null, null, null, 1983(Long), 1983(String), null, 4517(String), integer(String), var1984(String), 2504(String), 2504(String), null, null, null, 1984(Long), 1984(String), null, 4518(String), integer(String), var1981(String), 2504(String), 2504(String), null, null, null, 1981(Long), 1981(String), null, 4519(String), integer(String), var1982(String), 2504(String), 2504(String), null, null, null, 1982(Long), 1982(String), null, 4520(String), integer(String), var1987(String), 2504(String), 2504(String), null, null, null, 1987(Long), 1987(String), null, 4521(String), integer(String), var1988(String), 2504(String), 2504(String), null, null, null, 1988(Long), 1988(String), null, 4522(String), integer(String), var1985(String), 2504(String), 2504(String), null, null, null, 1985(Long), 1985(String), null, 4523(String), integer(String), var1986(String), 2504(String), 2504(String), null, null, null, 1986(Long), 1986(String), null, 4524(String), integer(String), var1989(String), 2504(String), 2504(String), null, null, null, 1989(Long), 1989(String), null, 4525(String), integer(String), var1990(String), 2504(String), 2504(String), null, null, null, 1990(Long), 1990(String), null, 4526(String), integer(String), var1991(String), 2504(String), 2504(String), null, null, null, 1991(Long), 1991(String), null, 4527(String), integer(String), var1994(String), 2504(String), 2504(String), null, null, null, 1994(Long), 1994(String), null, 4528(String), integer(String), var1995(String), 2504(String), 2504(String), null, null, null, 1995(Long), 1995(String), null, 4529(String), integer(String), var1992(String), 2504(String), 2504(String), null, null, null, 1992(Long), 1992(String), null, 4530(String), integer(String), var1993(String), 2504(String), 2504(String), null, null, null, 1993(Long), 1993(String), null, 4531(String), integer(String), var1998(String), 2504(String), 2504(String), null, null, null, 1998(Long), 1998(String), null, 4532(String), integer(String), var1999(String), 2504(String), 2504(String), null, null, null, 1999(Long), 1999(String), null, 4533(String), integer(String), var1996(String), 2504(String), 2504(String), null, null, null, 1996(Long), 1996(String), null, 4534(String), integer(String), var1997(String), 2504(String), 2504(String), null, null, null, 1997(Long), 1997(String), null, 4535(String), integer(String), var3700(String), 2504(String), 2504(String), null, null, null, 3700(Long), 3700(String), null, 4536(String), integer(String), var3704(String), 2504(String), 2504(String), null, null, null, 3704(Long), 3704(String), null, 4537(String), integer(String), var3703(String), 2504(String), 2504(String), null, null, null, 3703(Long), 3703(String), null, 4538(String), integer(String), var3702(String), 2504(String), 2504(String), null, null, null, 3702(Long), 3702(String), null, 4539(String), integer(String), var3701(String), 2504(String), 2504(String), null, null, null, 3701(Long), 3701(String), null, 4540(String), integer(String), var3708(String), 2504(String), 2504(String), null, null, null, 3708(Long), 3708(String), null, 4541(String), integer(String), var3707(String), 2504(String), 2504(String), null, null, null, 3707(Long), 3707(String), null, 4542(String), integer(String), var3706(String), 2504(String), 2504(String), null, null, null, 3706(Long), 3706(String), null, 4543(String), integer(String), var3705(String), 2504(String), 2504(String), null, null, null, 3705(Long), 3705(String), null, 4544(String), integer(String), var3709(String), 2504(String), 2504(String), null, null, null, 3709(Long), 3709(String), null, 4545(String), integer(String), var3711(String), 2504(String), 2504(String), null, null, null, 3711(Long), 3711(String), null, 4546(String), integer(String), var3710(String), 2504(String), 2504(String), null, null, null, 3710(Long), 3710(String), null, 4547(String), integer(String), var3715(String), 2504(String), 2504(String), null, null, null, 3715(Long), 3715(String), null, 4548(String), integer(String), var3714(String), 2504(String), 2504(String), null, null, null, 3714(Long), 3714(String), null, 4549(String), integer(String), var3713(String), 2504(String), 2504(String), null, null, null, 3713(Long), 3713(String), null, 4550(String), integer(String), var3712(String), 2504(String), 2504(String), null, null, null, 3712(Long), 3712(String), null, 4551(String), integer(String), var3719(String), 2504(String), 2504(String), null, null, null, 3719(Long), 3719(String), null, 4552(String), integer(String), var3718(String), 2504(String), 2504(String), null, null, null, 3718(Long), 3718(String), null, 4553(String), integer(String), var3717(String), 2504(String), 2504(String), null, null, null, 3717(Long), 3717(String), null, 4554(String), integer(String), var3716(String), 2504(String), 2504(String), null, null, null, 3716(Long), 3716(String), null, 4555(String), integer(String), var3722(String), 2504(String), 2504(String), null, null, null, 3722(Long), 3722(String), null, 4556(String), integer(String), var3721(String), 2504(String), 2504(String), null, null, null, 3721(Long), 3721(String), null, 4557(String), integer(String), var3720(String), 2504(String), 2504(String), null, null, null, 3720(Long), 3720(String), null, 4558(String), integer(String), var3726(String), 2504(String), 2504(String), null, null, null, 3726(Long), 3726(String), null, 4559(String), integer(String), var3725(String), 2504(String), 2504(String), null, null, null, 3725(Long), 3725(String), null, 4560(String), integer(String), var3724(String), 2504(String), 2504(String), null, null, null, 3724(Long), 3724(String), null, 4561(String), integer(String), var3723(String), 2504(String), 2504(String), null, null, null, 3723(Long), 3723(String), null, 4562(String), integer(String), var3729(String), 2504(String), 2504(String), null, null, null, 3729(Long), 3729(String), null, 4563(String), integer(String), var3728(String), 2504(String), 2504(String), null, null, null, 3728(Long), 3728(String), null, 4564(String), integer(String), var3727(String), 2504(String), 2504(String), null, null, null, 3727(Long), 3727(String), null, 4565(String), integer(String), var2402(String), 2504(String), 2504(String), null, null, null, 2402(Long), 2402(String), null, 4566(String), integer(String), var3733(String), 2504(String), 2504(String), null, null, null, 3733(Long), 3733(String), null, 4567(String), integer(String), var2401(String), 2504(String), 2504(String), null, null, null, 2401(Long), 2401(String), null, 4568(String), integer(String), var3732(String), 2504(String), 2504(String), null, null, null, 3732(Long), 3732(String), null, 4569(String), integer(String), var2400(String), 2504(String), 2504(String), null, null, null, 2400(Long), 2400(String), null, 4570(String), integer(String), var3731(String), 2504(String), 2504(String), null, null, null, 3731(Long), 3731(String), null, 4571(String), integer(String), var3730(String), 2504(String), 2504(String), null, null, null, 3730(Long), 3730(String), null, 4572(String), integer(String), var2406(String), 2504(String), 2504(String), null, null, null, 2406(Long), 2406(String), null, 4573(String), integer(String), var3737(String), 2504(String), 2504(String), null, null, null, 3737(Long), 3737(String), null, 4574(String), integer(String), var2405(String), 2504(String), 2504(String), null, null, null, 2405(Long), 2405(String), null, 4575(String), integer(String), var3736(String), 2504(String), 2504(String), null, null, null, 3736(Long), 3736(String), null, 4576(String), integer(String), var2404(String), 2504(String), 2504(String), null, null, null, 2404(Long), 2404(String), null, 4577(String), integer(String), var3735(String), 2504(String), 2504(String), null, null, null, 3735(Long), 3735(String), null, 4578(String), integer(String), var2403(String), 2504(String), 2504(String), null, null, null, 2403(Long), 2403(String), null, 4579(String), integer(String), var3734(String), 2504(String), 2504(String), null, null, null, 3734(Long), 3734(String), null, 4580(String), integer(String), var2409(String), 2504(String), 2504(String), null, null, null, 2409(Long), 2409(String), null, 4581(String), integer(String), var2408(String), 2504(String), 2504(String), null, null, null, 2408(Long), 2408(String), null, 4582(String), integer(String), var3739(String), 2504(String), 2504(String), null, null, null, 3739(Long), 3739(String), null, 4583(String), integer(String), var2407(String), 2504(String), 2504(String), null, null, null, 2407(Long), 2407(String), null, 4584(String), integer(String), var3738(String), 2504(String), 2504(String), null, null, null, 3738(Long), 3738(String), null, 4585(String), integer(String), var3740(String), 2504(String), 2504(String), null, null, null, 3740(Long), 3740(String), null, 4586(String), integer(String), var2413(String), 2504(String), 2504(String), null, null, null, 2413(Long), 2413(String), null, 4587(String), integer(String), var3744(String), 2504(String), 2504(String), null, null, null, 3744(Long), 3744(String), null, 4588(String), integer(String), var2412(String), 2504(String), 2504(String), null, null, null, 2412(Long), 2412(String), null, 4589(String), integer(String), var3743(String), 2504(String), 2504(String), null, null, null, 3743(Long), 3743(String), null, 4590(String), integer(String), var2411(String), 2504(String), 2504(String), null, null, null, 2411(Long), 2411(String), null, 4591(String), integer(String), var3742(String), 2504(String), 2504(String), null, null, null, 3742(Long), 3742(String), null, 4592(String), integer(String), var2410(String), 2504(String), 2504(String), null, null, null, 2410(Long), 2410(String), null, 4593(String), integer(String), var3741(String), 2504(String), 2504(String), null, null, null, 3741(Long), 3741(String), null, 4594(String), integer(String), var2417(String), 2504(String), 2504(String), null, null, null, 2417(Long), 2417(String), null, 4595(String), integer(String), var3748(String), 2504(String), 2504(String), null, null, null, 3748(Long), 3748(String), null, 4596(String), integer(String), var2416(String), 2504(String), 2504(String), null, null, null, 2416(Long), 2416(String), null, 4597(String), integer(String), var3747(String), 2504(String), 2504(String), null, null, null, 3747(Long), 3747(String), null, 4598(String), integer(String), var2415(String), 2504(String), 2504(String), null, null, null, 2415(Long), 2415(String), null, 4599(String), integer(String), var3746(String), 2504(String), 2504(String), null, null, null, 3746(Long), 3746(String), null, 4600(String), integer(String), var2414(String), 2504(String), 2504(String), null, null, null, 2414(Long), 2414(String), null, 4601(String), integer(String), var3745(String), 2504(String), 2504(String), null, null, null, 3745(Long), 3745(String), null, 4602(String), integer(String), var2419(String), 2504(String), 2504(String), null, null, null, 2419(Long), 2419(String), null, 4603(String), integer(String), var2418(String), 2504(String), 2504(String), null, null, null, 2418(Long), 2418(String), null, 4604(String), integer(String), var3749(String), 2504(String), 2504(String), null, null, null, 3749(Long), 3749(String), null
10:48:05,565 [Thread-102] DEBUG org.activiti.engine.impl.asyncexecutor.AcquireTimerJobsRunnable  - timer job acquisition thread woke up
10:48:05,565 [Thread-102] DEBUG org.activiti.engine.impl.interceptor.LogInterceptor  - 

10:48:05,565 [Thread-102] DEBUG org.activiti.engine.impl.interceptor.LogInterceptor  - --- starting AcquireTimerJobsCmd --------------------------------------------------------
10:48:05,565 [Thread-102] DEBUG org.apache.ibatis.transaction.jdbc.JdbcTransaction  - Opening JDBC Connection
10:48:05,565 [Thread-102] DEBUG org.apache.ibatis.datasource.pooled.PooledDataSource  - Checked out connection 33534803 from pool.
10:48:05,565 [Thread-102] DEBUG org.apache.ibatis.transaction.jdbc.JdbcTransaction  - Setting autocommit to false on JDBC Connection [conn60: url=jdbc:h2:mem:activiti-AsyncExecutorTest user=SA]
10:48:05,565 [Thread-102] DEBUG org.activiti.engine.impl.persistence.entity.JobEntity.selectNextTimerJobsToExecute  - ==&gt;  Preparing: select RES.* from ACT_RU_JOB RES LEFT OUTER JOIN ACT_RU_EXECUTION PI ON PI.ID_ = RES.PROCESS_INSTANCE_ID_ where (RES.RETRIES_ &gt; 0) and (RES.DUEDATE_ is null or RES.DUEDATE_ &lt;= ?) and (RES.LOCK_OWNER_ is null or RES.LOCK_EXP_TIME_ &lt;= ?) and TYPE_ = &apos;timer&apos; and ( (RES.EXECUTION_ID_ is null) or (PI.SUSPENSION_STATE_ = 1) ) LIMIT ? OFFSET ? 
10:48:05,565 [Thread-102] DEBUG org.activiti.engine.impl.persistence.entity.JobEntity.selectNextTimerJobsToExecute  - ==&gt; Parameters: 2023-03-20 10:48:05.565(Timestamp), 2023-03-20 10:48:05.565(Timestamp), 1(Integer), 0(Integer)
10:48:05,566 [Thread-102] DEBUG org.activiti.engine.impl.persistence.entity.JobEntity.selectNextTimerJobsToExecute  - &lt;==      Total: 0
10:48:05,566 [Thread-102] DEBUG org.activiti.engine.impl.db.DbSqlSession  - flush summary: 0 insert, 0 update, 0 delete.
10:48:05,566 [Thread-102] DEBUG org.activiti.engine.impl.db.DbSqlSession  - now executing flush...
10:48:05,566 [Thread-102] DEBUG org.activiti.engine.impl.cfg.standalone.StandaloneMybatisTransactionContext  - firing event committing...
10:48:05,566 [Thread-102] DEBUG org.activiti.engine.impl.cfg.standalone.StandaloneMybatisTransactionContext  - committing the ibatis sql session...
10:48:05,566 [Thread-102] DEBUG org.activiti.engine.impl.cfg.standalone.StandaloneMybatisTransactionContext  - firing event committed...
10:48:05,566 [Thread-102] DEBUG org.apache.ibatis.transaction.jdbc.JdbcTransaction  - Resetting autocommit to true on JDBC Connection [conn60: url=jdbc:h2:mem:activiti-AsyncExecutorTest user=SA]
10:48:05,566 [Thread-102] DEBUG org.apache.ibatis.transaction.jdbc.JdbcTransaction  - Closing JDBC Connection [conn60: url=jdbc:h2:mem:activiti-AsyncExecutorTest user=SA]
10:48:05,566 [Thread-102] DEBUG org.apache.ibatis.datasource.pooled.PooledDataSource  - Returned connection 33534803 to pool.
10:48:05,566 [Thread-102] DEBUG org.activiti.engine.impl.interceptor.LogInterceptor  - --- AcquireTimerJobsCmd finished --------------------------------------------------------
10:48:05,566 [Thread-102] DEBUG org.activiti.engine.impl.interceptor.LogInterceptor  - 

10:48:05,566 [Thread-102] DEBUG org.activiti.engine.impl.asyncexecutor.AcquireTimerJobsRunnable  - timer job acquisition thread sleeping for 50 millis
10:48:05,569 [main] DEBUG org.activiti.engine.impl.persistence.entity.VariableInstanceEntity.bulkInsertVariableInstance  - &lt;==    Updates: 100
10:48:05,573 [main] DEBUG org.activiti.engine.impl.persistence.entity.VariableInstanceEntity.bulkInsertVariableInstance  - ==&gt;  Preparing: INSERT INTO ACT_RU_VARIABLE (ID_, REV_, TYPE_, NAME_, PROC_INST_ID_, EXECUTION_ID_, TASK_ID_, BYTEARRAY_ID_, DOUBLE_, LONG_ , TEXT_, TEXT2_) VALUES (?, 1, ?, ?, ?, ?, ?, ?, ?, ?, ?, ?) , (?, 1, ?, ?, ?, ?, ?, ?, ?, ?, ?, ?) , (?, 1, ?, ?, ?, ?, ?, ?, ?, ?, ?, ?) , (?, 1, ?, ?, ?, ?, ?, ?, ?, ?, ?, ?) , (?, 1, ?, ?, ?, ?, ?, ?, ?, ?, ?, ?) , (?, 1, ?, ?, ?, ?, ?, ?, ?, ?, ?, ?) , (?, 1, ?, ?, ?, ?, ?, ?, ?, ?, ?, ?) , (?, 1, ?, ?, ?, ?, ?, ?, ?, ?, ?, ?) , (?, 1, ?, ?, ?, ?, ?, ?, ?, ?, ?, ?) , (?, 1, ?, ?, ?, ?, ?, ?, ?, ?, ?, ?) , (?, 1, ?, ?, ?, ?, ?, ?, ?, ?, ?, ?) , (?, 1, ?, ?, ?, ?, ?, ?, ?, ?, ?, ?) , (?, 1, ?, ?, ?, ?, ?, ?, ?, ?, ?, ?) , (?, 1, ?, ?, ?, ?, ?, ?, ?, ?, ?, ?) , (?, 1, ?, ?, ?, ?, ?, ?, ?, ?, ?, ?) , (?, 1, ?, ?, ?, ?, ?, ?, ?, ?, ?, ?) , (?, 1, ?, ?, ?, ?, ?, ?, ?, ?, ?, ?) , (?, 1, ?, ?, ?, ?, ?, ?, ?, ?, ?, ?) , (?, 1, ?, ?, ?, ?, ?, ?, ?, ?, ?, ?) , (?, 1, ?, ?, ?, ?, ?, ?, ?, ?, ?, ?) , (?, 1, ?, ?, ?, ?, ?, ?, ?, ?, ?, ?) , (?, 1, ?, ?, ?, ?, ?, ?, ?, ?, ?, ?) , (?, 1, ?, ?, ?, ?, ?, ?, ?, ?, ?, ?) , (?, 1, ?, ?, ?, ?, ?, ?, ?, ?, ?, ?) , (?, 1, ?, ?, ?, ?, ?, ?, ?, ?, ?, ?) , (?, 1, ?, ?, ?, ?, ?, ?, ?, ?, ?, ?) , (?, 1, ?, ?, ?, ?, ?, ?, ?, ?, ?, ?) , (?, 1, ?, ?, ?, ?, ?, ?, ?, ?, ?, ?) , (?, 1, ?, ?, ?, ?, ?, ?, ?, ?, ?, ?) , (?, 1, ?, ?, ?, ?, ?, ?, ?, ?, ?, ?) , (?, 1, ?, ?, ?, ?, ?, ?, ?, ?, ?, ?) , (?, 1, ?, ?, ?, ?, ?, ?, ?, ?, ?, ?) , (?, 1, ?, ?, ?, ?, ?, ?, ?, ?, ?, ?) , (?, 1, ?, ?, ?, ?, ?, ?, ?, ?, ?, ?) , (?, 1, ?, ?, ?, ?, ?, ?, ?, ?, ?, ?) , (?, 1, ?, ?, ?, ?, ?, ?, ?, ?, ?, ?) , (?, 1, ?, ?, ?, ?, ?, ?, ?, ?, ?, ?) , (?, 1, ?, ?, ?, ?, ?, ?, ?, ?, ?, ?) , (?, 1, ?, ?, ?, ?, ?, ?, ?, ?, ?, ?) , (?, 1, ?, ?, ?, ?, ?, ?, ?, ?, ?, ?) , (?, 1, ?, ?, ?, ?, ?, ?, ?, ?, ?, ?) , (?, 1, ?, ?, ?, ?, ?, ?, ?, ?, ?, ?) , (?, 1, ?, ?, ?, ?, ?, ?, ?, ?, ?, ?) , (?, 1, ?, ?, ?, ?, ?, ?, ?, ?, ?, ?) , (?, 1, ?, ?, ?, ?, ?, ?, ?, ?, ?, ?) , (?, 1, ?, ?, ?, ?, ?, ?, ?, ?, ?, ?) , (?, 1, ?, ?, ?, ?, ?, ?, ?, ?, ?, ?) , (?, 1, ?, ?, ?, ?, ?, ?, ?, ?, ?, ?) , (?, 1, ?, ?, ?, ?, ?, ?, ?, ?, ?, ?) , (?, 1, ?, ?, ?, ?, ?, ?, ?, ?, ?, ?) , (?, 1, ?, ?, ?, ?, ?, ?, ?, ?, ?, ?) , (?, 1, ?, ?, ?, ?, ?, ?, ?, ?, ?, ?) , (?, 1, ?, ?, ?, ?, ?, ?, ?, ?, ?, ?) , (?, 1, ?, ?, ?, ?, ?, ?, ?, ?, ?, ?) , (?, 1, ?, ?, ?, ?, ?, ?, ?, ?, ?, ?) , (?, 1, ?, ?, ?, ?, ?, ?, ?, ?, ?, ?) , (?, 1, ?, ?, ?, ?, ?, ?, ?, ?, ?, ?) , (?, 1, ?, ?, ?, ?, ?, ?, ?, ?, ?, ?) , (?, 1, ?, ?, ?, ?, ?, ?, ?, ?, ?, ?) , (?, 1, ?, ?, ?, ?, ?, ?, ?, ?, ?, ?) , (?, 1, ?, ?, ?, ?, ?, ?, ?, ?, ?, ?) , (?, 1, ?, ?, ?, ?, ?, ?, ?, ?, ?, ?) , (?, 1, ?, ?, ?, ?, ?, ?, ?, ?, ?, ?) , (?, 1, ?, ?, ?, ?, ?, ?, ?, ?, ?, ?) , (?, 1, ?, ?, ?, ?, ?, ?, ?, ?, ?, ?) , (?, 1, ?, ?, ?, ?, ?, ?, ?, ?, ?, ?) , (?, 1, ?, ?, ?, ?, ?, ?, ?, ?, ?, ?) , (?, 1, ?, ?, ?, ?, ?, ?, ?, ?, ?, ?) , (?, 1, ?, ?, ?, ?, ?, ?, ?, ?, ?, ?) , (?, 1, ?, ?, ?, ?, ?, ?, ?, ?, ?, ?) , (?, 1, ?, ?, ?, ?, ?, ?, ?, ?, ?, ?) , (?, 1, ?, ?, ?, ?, ?, ?, ?, ?, ?, ?) , (?, 1, ?, ?, ?, ?, ?, ?, ?, ?, ?, ?) , (?, 1, ?, ?, ?, ?, ?, ?, ?, ?, ?, ?) , (?, 1, ?, ?, ?, ?, ?, ?, ?, ?, ?, ?) , (?, 1, ?, ?, ?, ?, ?, ?, ?, ?, ?, ?) , (?, 1, ?, ?, ?, ?, ?, ?, ?, ?, ?, ?) , (?, 1, ?, ?, ?, ?, ?, ?, ?, ?, ?, ?) , (?, 1, ?, ?, ?, ?, ?, ?, ?, ?, ?, ?) , (?, 1, ?, ?, ?, ?, ?, ?, ?, ?, ?, ?) , (?, 1, ?, ?, ?, ?, ?, ?, ?, ?, ?, ?) , (?, 1, ?, ?, ?, ?, ?, ?, ?, ?, ?, ?) , (?, 1, ?, ?, ?, ?, ?, ?, ?, ?, ?, ?) , (?, 1, ?, ?, ?, ?, ?, ?, ?, ?, ?, ?) , (?, 1, ?, ?, ?, ?, ?, ?, ?, ?, ?, ?) , (?, 1, ?, ?, ?, ?, ?, ?, ?, ?, ?, ?) , (?, 1, ?, ?, ?, ?, ?, ?, ?, ?, ?, ?) , (?, 1, ?, ?, ?, ?, ?, ?, ?, ?, ?, ?) , (?, 1, ?, ?, ?, ?, ?, ?, ?, ?, ?, ?) , (?, 1, ?, ?, ?, ?, ?, ?, ?, ?, ?, ?) , (?, 1, ?, ?, ?, ?, ?, ?, ?, ?, ?, ?) , (?, 1, ?, ?, ?, ?, ?, ?, ?, ?, ?, ?) , (?, 1, ?, ?, ?, ?, ?, ?, ?, ?, ?, ?) , (?, 1, ?, ?, ?, ?, ?, ?, ?, ?, ?, ?) , (?, 1, ?, ?, ?, ?, ?, ?, ?, ?, ?, ?) , (?, 1, ?, ?, ?, ?, ?, ?, ?, ?, ?, ?) , (?, 1, ?, ?, ?, ?, ?, ?, ?, ?, ?, ?) , (?, 1, ?, ?, ?, ?, ?, ?, ?, ?, ?, ?) , (?, 1, ?, ?, ?, ?, ?, ?, ?, ?, ?, ?) , (?, 1, ?, ?, ?, ?, ?, ?, ?, ?, ?, ?) 
10:48:05,573 [main] DEBUG org.activiti.engine.impl.persistence.entity.VariableInstanceEntity.bulkInsertVariableInstance  - ==&gt; Parameters: 4605(String), integer(String), var2420(String), 2504(String), 2504(String), null, null, null, 2420(Long), 2420(String), null, 4606(String), integer(String), var3751(String), 2504(String), 2504(String), null, null, null, 3751(Long), 3751(String), null, 4607(String), integer(String), var3750(String), 2504(String), 2504(String), null, null, null, 3750(Long), 3750(String), null, 4608(String), integer(String), var2424(String), 2504(String), 2504(String), null, null, null, 2424(Long), 2424(String), null, 4609(String), integer(String), var3755(String), 2504(String), 2504(String), null, null, null, 3755(Long), 3755(String), null, 4610(String), integer(String), var2423(String), 2504(String), 2504(String), null, null, null, 2423(Long), 2423(String), null, 4611(String), integer(String), var3754(String), 2504(String), 2504(String), null, null, null, 3754(Long), 3754(String), null, 4612(String), integer(String), var2422(String), 2504(String), 2504(String), null, null, null, 2422(Long), 2422(String), null, 4613(String), integer(String), var3753(String), 2504(String), 2504(String), null, null, null, 3753(Long), 3753(String), null, 4614(String), integer(String), var2421(String), 2504(String), 2504(String), null, null, null, 2421(Long), 2421(String), null, 4615(String), integer(String), var3752(String), 2504(String), 2504(String), null, null, null, 3752(Long), 3752(String), null, 4616(String), integer(String), var2428(String), 2504(String), 2504(String), null, null, null, 2428(Long), 2428(String), null, 4617(String), integer(String), var3759(String), 2504(String), 2504(String), null, null, null, 3759(Long), 3759(String), null, 4618(String), integer(String), var2427(String), 2504(String), 2504(String), null, null, null, 2427(Long), 2427(String), null, 4619(String), integer(String), var3758(String), 2504(String), 2504(String), null, null, null, 3758(Long), 3758(String), null, 4620(String), integer(String), var2426(String), 2504(String), 2504(String), null, null, null, 2426(Long), 2426(String), null, 4621(String), integer(String), var3757(String), 2504(String), 2504(String), null, null, null, 3757(Long), 3757(String), null, 4622(String), integer(String), var2425(String), 2504(String), 2504(String), null, null, null, 2425(Long), 2425(String), null, 4623(String), integer(String), var3756(String), 2504(String), 2504(String), null, null, null, 3756(Long), 3756(String), null, 4624(String), integer(String), var2429(String), 2504(String), 2504(String), null, null, null, 2429(Long), 2429(String), null, 4625(String), integer(String), var2431(String), 2504(String), 2504(String), null, null, null, 2431(Long), 2431(String), null, 4626(String), integer(String), var3762(String), 2504(String), 2504(String), null, null, null, 3762(Long), 3762(String), null, 4627(String), integer(String), var1100(String), 2504(String), 2504(String), null, null, null, 1100(Long), 1100(String), null, 4628(String), integer(String), var2430(String), 2504(String), 2504(String), null, null, null, 2430(Long), 2430(String), null, 4629(String), integer(String), var3761(String), 2504(String), 2504(String), null, null, null, 3761(Long), 3761(String), null, 4630(String), integer(String), var3760(String), 2504(String), 2504(String), null, null, null, 3760(Long), 3760(String), null, 4631(String), integer(String), var1103(String), 2504(String), 2504(String), null, null, null, 1103(Long), 1103(String), null, 4632(String), integer(String), var2435(String), 2504(String), 2504(String), null, null, null, 2435(Long), 2435(String), null, 4633(String), integer(String), var3766(String), 2504(String), 2504(String), null, null, null, 3766(Long), 3766(String), null, 4634(String), integer(String), var1104(String), 2504(String), 2504(String), null, null, null, 1104(Long), 1104(String), null, 4635(String), integer(String), var2434(String), 2504(String), 2504(String), null, null, null, 2434(Long), 2434(String), null, 4636(String), integer(String), var3765(String), 2504(String), 2504(String), null, null, null, 3765(Long), 3765(String), null, 4637(String), integer(String), var1101(String), 2504(String), 2504(String), null, null, null, 1101(Long), 1101(String), null, 4638(String), integer(String), var2433(String), 2504(String), 2504(String), null, null, null, 2433(Long), 2433(String), null, 4639(String), integer(String), var3764(String), 2504(String), 2504(String), null, null, null, 3764(Long), 3764(String), null, 4640(String), integer(String), var1102(String), 2504(String), 2504(String), null, null, null, 1102(Long), 1102(String), null, 4641(String), integer(String), var2432(String), 2504(String), 2504(String), null, null, null, 2432(Long), 2432(String), null, 4642(String), integer(String), var3763(String), 2504(String), 2504(String), null, null, null, 3763(Long), 3763(String), null, 4643(String), integer(String), var1107(String), 2504(String), 2504(String), null, null, null, 1107(Long), 1107(String), null, 4644(String), integer(String), var2439(String), 2504(String), 2504(String), null, null, null, 2439(Long), 2439(String), null, 4645(String), integer(String), var1108(String), 2504(String), 2504(String), null, null, null, 1108(Long), 1108(String), null, 4646(String), integer(String), var2438(String), 2504(String), 2504(String), null, null, null, 2438(Long), 2438(String), null, 4647(String), integer(String), var3769(String), 2504(String), 2504(String), null, null, null, 3769(Long), 3769(String), null, 4648(String), integer(String), var1105(String), 2504(String), 2504(String), null, null, null, 1105(Long), 1105(String), null, 4649(String), integer(String), var2437(String), 2504(String), 2504(String), null, null, null, 2437(Long), 2437(String), null, 4650(String), integer(String), var3768(String), 2504(String), 2504(String), null, null, null, 3768(Long), 3768(String), null, 4651(String), integer(String), var1106(String), 2504(String), 2504(String), null, null, null, 1106(Long), 1106(String), null, 4652(String), integer(String), var2436(String), 2504(String), 2504(String), null, null, null, 2436(Long), 2436(String), null, 4653(String), integer(String), var3767(String), 2504(String), 2504(String), null, null, null, 3767(Long), 3767(String), null, 4654(String), integer(String), var1109(String), 2504(String), 2504(String), null, null, null, 1109(Long), 1109(String), null, 4655(String), integer(String), var1110(String), 2504(String), 2504(String), null, null, null, 1110(Long), 1110(String), null, 4656(String), integer(String), var2442(String), 2504(String), 2504(String), null, null, null, 2442(Long), 2442(String), null, 4657(String), integer(String), var3773(String), 2504(String), 2504(String), null, null, null, 3773(Long), 3773(String), null, 4658(String), integer(String), var1111(String), 2504(String), 2504(String), null, null, null, 1111(Long), 1111(String), null, 4659(String), integer(String), var2441(String), 2504(String), 2504(String), null, null, null, 2441(Long), 2441(String), null, 4660(String), integer(String), var3772(String), 2504(String), 2504(String), null, null, null, 3772(Long), 3772(String), null, 4661(String), integer(String), var2440(String), 2504(String), 2504(String), null, null, null, 2440(Long), 2440(String), null, 4662(String), integer(String), var3771(String), 2504(String), 2504(String), null, null, null, 3771(Long), 3771(String), null, 4663(String), integer(String), var3770(String), 2504(String), 2504(String), null, null, null, 3770(Long), 3770(String), null, 4664(String), integer(String), var1114(String), 2504(String), 2504(String), null, null, null, 1114(Long), 1114(String), null, 4665(String), integer(String), var2446(String), 2504(String), 2504(String), null, null, null, 2446(Long), 2446(String), null, 4666(String), integer(String), var3777(String), 2504(String), 2504(String), null, null, null, 3777(Long), 3777(String), null, 4667(String), integer(String), var1115(String), 2504(String), 2504(String), null, null, null, 1115(Long), 1115(String), null, 4668(String), integer(String), var2445(String), 2504(String), 2504(String), null, null, null, 2445(Long), 2445(String), null, 4669(String), integer(String), var3776(String), 2504(String), 2504(String), null, null, null, 3776(Long), 3776(String), null, 4670(String), integer(String), var1112(String), 2504(String), 2504(String), null, null, null, 1112(Long), 1112(String), null, 4671(String), integer(String), var2444(String), 2504(String), 2504(String), null, null, null, 2444(Long), 2444(String), null, 4672(String), integer(String), var3775(String), 2504(String), 2504(String), null, null, null, 3775(Long), 3775(String), null, 4673(String), integer(String), var1113(String), 2504(String), 2504(String), null, null, null, 1113(Long), 1113(String), null, 4674(String), integer(String), var2443(String), 2504(String), 2504(String), null, null, null, 2443(Long), 2443(String), null, 4675(String), integer(String), var3774(String), 2504(String), 2504(String), null, null, null, 3774(Long), 3774(String), null, 4676(String), integer(String), var1118(String), 2504(String), 2504(String), null, null, null, 1118(Long), 1118(String), null, 4677(String), integer(String), var1119(String), 2504(String), 2504(String), null, null, null, 1119(Long), 1119(String), null, 4678(String), integer(String), var2449(String), 2504(String), 2504(String), null, null, null, 2449(Long), 2449(String), null, 4679(String), integer(String), var1116(String), 2504(String), 2504(String), null, null, null, 1116(Long), 1116(String), null, 4680(String), integer(String), var2448(String), 2504(String), 2504(String), null, null, null, 2448(Long), 2448(String), null, 4681(String), integer(String), var3779(String), 2504(String), 2504(String), null, null, null, 3779(Long), 3779(String), null, 4682(String), integer(String), var1117(String), 2504(String), 2504(String), null, null, null, 1117(Long), 1117(String), null, 4683(String), integer(String), var2447(String), 2504(String), 2504(String), null, null, null, 2447(Long), 2447(String), null, 4684(String), integer(String), var3778(String), 2504(String), 2504(String), null, null, null, 3778(Long), 3778(String), null, 4685(String), integer(String), var1000(String), 2504(String), 2504(String), null, null, null, 1000(Long), 1000(String), null, 4686(String), integer(String), var2332(String), 2504(String), 2504(String), null, null, null, 2332(Long), 2332(String), null, 4687(String), integer(String), var3663(String), 2504(String), 2504(String), null, null, null, 3663(Long), 3663(String), null, 4688(String), integer(String), var1001(String), 2504(String), 2504(String), null, null, null, 1001(Long), 1001(String), null, 4689(String), integer(String), var2331(String), 2504(String), 2504(String), null, null, null, 2331(Long), 2331(String), null, 4690(String), integer(String), var3662(String), 2504(String), 2504(String), null, null, null, 3662(Long), 3662(String), null, 4691(String), integer(String), var2330(String), 2504(String), 2504(String), null, null, null, 2330(Long), 2330(String), null, 4692(String), integer(String), var3661(String), 2504(String), 2504(String), null, null, null, 3661(Long), 3661(String), null, 4693(String), integer(String), var3660(String), 2504(String), 2504(String), null, null, null, 3660(Long), 3660(String), null, 4694(String), integer(String), var424(String), 2504(String), 2504(String), null, null, null, 424(Long), 424(String), null, 4695(String), integer(String), var1004(String), 2504(String), 2504(String), null, null, null, 1004(Long), 1004(String), null, 4696(String), integer(String), var2336(String), 2504(String), 2504(String), null, null, null, 2336(Long), 2336(String), null, 4697(String), integer(String), var3667(String), 2504(String), 2504(String), null, null, null, 3667(Long), 3667(String), null, 4698(String), integer(String), var423(String), 2504(String), 2504(String), null, null, null, 423(Long), 423(String), null, 4699(String), integer(String), var1005(String), 2504(String), 2504(String), null, null, null, 1005(Long), 1005(String), null, 4700(String), integer(String), var2335(String), 2504(String), 2504(String), null, null, null, 2335(Long), 2335(String), null, 4701(String), integer(String), var3666(String), 2504(String), 2504(String), null, null, null, 3666(Long), 3666(String), null, 4702(String), integer(String), var422(String), 2504(String), 2504(String), null, null, null, 422(Long), 422(String), null, 4703(String), integer(String), var1002(String), 2504(String), 2504(String), null, null, null, 1002(Long), 1002(String), null, 4704(String), integer(String), var2334(String), 2504(String), 2504(String), null, null, null, 2334(Long), 2334(String), null
10:48:05,575 [main] DEBUG org.activiti.engine.impl.persistence.entity.VariableInstanceEntity.bulkInsertVariableInstance  - &lt;==    Updates: 100
10:48:05,577 [main] DEBUG org.activiti.engine.impl.persistence.entity.VariableInstanceEntity.bulkInsertVariableInstance  - ==&gt;  Preparing: INSERT INTO ACT_RU_VARIABLE (ID_, REV_, TYPE_, NAME_, PROC_INST_ID_, EXECUTION_ID_, TASK_ID_, BYTEARRAY_ID_, DOUBLE_, LONG_ , TEXT_, TEXT2_) VALUES (?, 1, ?, ?, ?, ?, ?, ?, ?, ?, ?, ?) , (?, 1, ?, ?, ?, ?, ?, ?, ?, ?, ?, ?) , (?, 1, ?, ?, ?, ?, ?, ?, ?, ?, ?, ?) , (?, 1, ?, ?, ?, ?, ?, ?, ?, ?, ?, ?) , (?, 1, ?, ?, ?, ?, ?, ?, ?, ?, ?, ?) , (?, 1, ?, ?, ?, ?, ?, ?, ?, ?, ?, ?) , (?, 1, ?, ?, ?, ?, ?, ?, ?, ?, ?, ?) , (?, 1, ?, ?, ?, ?, ?, ?, ?, ?, ?, ?) , (?, 1, ?, ?, ?, ?, ?, ?, ?, ?, ?, ?) , (?, 1, ?, ?, ?, ?, ?, ?, ?, ?, ?, ?) , (?, 1, ?, ?, ?, ?, ?, ?, ?, ?, ?, ?) , (?, 1, ?, ?, ?, ?, ?, ?, ?, ?, ?, ?) , (?, 1, ?, ?, ?, ?, ?, ?, ?, ?, ?, ?) , (?, 1, ?, ?, ?, ?, ?, ?, ?, ?, ?, ?) , (?, 1, ?, ?, ?, ?, ?, ?, ?, ?, ?, ?) , (?, 1, ?, ?, ?, ?, ?, ?, ?, ?, ?, ?) , (?, 1, ?, ?, ?, ?, ?, ?, ?, ?, ?, ?) , (?, 1, ?, ?, ?, ?, ?, ?, ?, ?, ?, ?) , (?, 1, ?, ?, ?, ?, ?, ?, ?, ?, ?, ?) , (?, 1, ?, ?, ?, ?, ?, ?, ?, ?, ?, ?) , (?, 1, ?, ?, ?, ?, ?, ?, ?, ?, ?, ?) , (?, 1, ?, ?, ?, ?, ?, ?, ?, ?, ?, ?) , (?, 1, ?, ?, ?, ?, ?, ?, ?, ?, ?, ?) , (?, 1, ?, ?, ?, ?, ?, ?, ?, ?, ?, ?) , (?, 1, ?, ?, ?, ?, ?, ?, ?, ?, ?, ?) , (?, 1, ?, ?, ?, ?, ?, ?, ?, ?, ?, ?) , (?, 1, ?, ?, ?, ?, ?, ?, ?, ?, ?, ?) , (?, 1, ?, ?, ?, ?, ?, ?, ?, ?, ?, ?) , (?, 1, ?, ?, ?, ?, ?, ?, ?, ?, ?, ?) , (?, 1, ?, ?, ?, ?, ?, ?, ?, ?, ?, ?) , (?, 1, ?, ?, ?, ?, ?, ?, ?, ?, ?, ?) , (?, 1, ?, ?, ?, ?, ?, ?, ?, ?, ?, ?) , (?, 1, ?, ?, ?, ?, ?, ?, ?, ?, ?, ?) , (?, 1, ?, ?, ?, ?, ?, ?, ?, ?, ?, ?) , (?, 1, ?, ?, ?, ?, ?, ?, ?, ?, ?, ?) , (?, 1, ?, ?, ?, ?, ?, ?, ?, ?, ?, ?) , (?, 1, ?, ?, ?, ?, ?, ?, ?, ?, ?, ?) , (?, 1, ?, ?, ?, ?, ?, ?, ?, ?, ?, ?) , (?, 1, ?, ?, ?, ?, ?, ?, ?, ?, ?, ?) , (?, 1, ?, ?, ?, ?, ?, ?, ?, ?, ?, ?) , (?, 1, ?, ?, ?, ?, ?, ?, ?, ?, ?, ?) , (?, 1, ?, ?, ?, ?, ?, ?, ?, ?, ?, ?) , (?, 1, ?, ?, ?, ?, ?, ?, ?, ?, ?, ?) , (?, 1, ?, ?, ?, ?, ?, ?, ?, ?, ?, ?) , (?, 1, ?, ?, ?, ?, ?, ?, ?, ?, ?, ?) , (?, 1, ?, ?, ?, ?, ?, ?, ?, ?, ?, ?) , (?, 1, ?, ?, ?, ?, ?, ?, ?, ?, ?, ?) , (?, 1, ?, ?, ?, ?, ?, ?, ?, ?, ?, ?) , (?, 1, ?, ?, ?, ?, ?, ?, ?, ?, ?, ?) , (?, 1, ?, ?, ?, ?, ?, ?, ?, ?, ?, ?) , (?, 1, ?, ?, ?, ?, ?, ?, ?, ?, ?, ?) , (?, 1, ?, ?, ?, ?, ?, ?, ?, ?, ?, ?) , (?, 1, ?, ?, ?, ?, ?, ?, ?, ?, ?, ?) , (?, 1, ?, ?, ?, ?, ?, ?, ?, ?, ?, ?) , (?, 1, ?, ?, ?, ?, ?, ?, ?, ?, ?, ?) , (?, 1, ?, ?, ?, ?, ?, ?, ?, ?, ?, ?) , (?, 1, ?, ?, ?, ?, ?, ?, ?, ?, ?, ?) , (?, 1, ?, ?, ?, ?, ?, ?, ?, ?, ?, ?) , (?, 1, ?, ?, ?, ?, ?, ?, ?, ?, ?, ?) , (?, 1, ?, ?, ?, ?, ?, ?, ?, ?, ?, ?) , (?, 1, ?, ?, ?, ?, ?, ?, ?, ?, ?, ?) , (?, 1, ?, ?, ?, ?, ?, ?, ?, ?, ?, ?) , (?, 1, ?, ?, ?, ?, ?, ?, ?, ?, ?, ?) , (?, 1, ?, ?, ?, ?, ?, ?, ?, ?, ?, ?) , (?, 1, ?, ?, ?, ?, ?, ?, ?, ?, ?, ?) , (?, 1, ?, ?, ?, ?, ?, ?, ?, ?, ?, ?) , (?, 1, ?, ?, ?, ?, ?, ?, ?, ?, ?, ?) , (?, 1, ?, ?, ?, ?, ?, ?, ?, ?, ?, ?) , (?, 1, ?, ?, ?, ?, ?, ?, ?, ?, ?, ?) , (?, 1, ?, ?, ?, ?, ?, ?, ?, ?, ?, ?) , (?, 1, ?, ?, ?, ?, ?, ?, ?, ?, ?, ?) , (?, 1, ?, ?, ?, ?, ?, ?, ?, ?, ?, ?) , (?, 1, ?, ?, ?, ?, ?, ?, ?, ?, ?, ?) , (?, 1, ?, ?, ?, ?, ?, ?, ?, ?, ?, ?) , (?, 1, ?, ?, ?, ?, ?, ?, ?, ?, ?, ?) , (?, 1, ?, ?, ?, ?, ?, ?, ?, ?, ?, ?) , (?, 1, ?, ?, ?, ?, ?, ?, ?, ?, ?, ?) , (?, 1, ?, ?, ?, ?, ?, ?, ?, ?, ?, ?) , (?, 1, ?, ?, ?, ?, ?, ?, ?, ?, ?, ?) , (?, 1, ?, ?, ?, ?, ?, ?, ?, ?, ?, ?) , (?, 1, ?, ?, ?, ?, ?, ?, ?, ?, ?, ?) , (?, 1, ?, ?, ?, ?, ?, ?, ?, ?, ?, ?) , (?, 1, ?, ?, ?, ?, ?, ?, ?, ?, ?, ?) , (?, 1, ?, ?, ?, ?, ?, ?, ?, ?, ?, ?) , (?, 1, ?, ?, ?, ?, ?, ?, ?, ?, ?, ?) , (?, 1, ?, ?, ?, ?, ?, ?, ?, ?, ?, ?) , (?, 1, ?, ?, ?, ?, ?, ?, ?, ?, ?, ?) , (?, 1, ?, ?, ?, ?, ?, ?, ?, ?, ?, ?) , (?, 1, ?, ?, ?, ?, ?, ?, ?, ?, ?, ?) , (?, 1, ?, ?, ?, ?, ?, ?, ?, ?, ?, ?) , (?, 1, ?, ?, ?, ?, ?, ?, ?, ?, ?, ?) , (?, 1, ?, ?, ?, ?, ?, ?, ?, ?, ?, ?) , (?, 1, ?, ?, ?, ?, ?, ?, ?, ?, ?, ?) , (?, 1, ?, ?, ?, ?, ?, ?, ?, ?, ?, ?) , (?, 1, ?, ?, ?, ?, ?, ?, ?, ?, ?, ?) , (?, 1, ?, ?, ?, ?, ?, ?, ?, ?, ?, ?) , (?, 1, ?, ?, ?, ?, ?, ?, ?, ?, ?, ?) , (?, 1, ?, ?, ?, ?, ?, ?, ?, ?, ?, ?) , (?, 1, ?, ?, ?, ?, ?, ?, ?, ?, ?, ?) , (?, 1, ?, ?, ?, ?, ?, ?, ?, ?, ?, ?) 
10:48:05,580 [main] DEBUG org.activiti.engine.impl.persistence.entity.VariableInstanceEntity.bulkInsertVariableInstance  - ==&gt; Parameters: 4705(String), integer(String), var3665(String), 2504(String), 2504(String), null, null, null, 3665(Long), 3665(String), null, 4706(String), integer(String), var421(String), 2504(String), 2504(String), null, null, null, 421(Long), 421(String), null, 4707(String), integer(String), var1003(String), 2504(String), 2504(String), null, null, null, 1003(Long), 1003(String), null, 4708(String), integer(String), var2333(String), 2504(String), 2504(String), null, null, null, 2333(Long), 2333(String), null, 4709(String), integer(String), var3664(String), 2504(String), 2504(String), null, null, null, 3664(Long), 3664(String), null, 4710(String), integer(String), var420(String), 2504(String), 2504(String), null, null, null, 420(Long), 420(String), null, 4711(String), integer(String), var1008(String), 2504(String), 2504(String), null, null, null, 1008(Long), 1008(String), null, 4712(String), integer(String), var1009(String), 2504(String), 2504(String), null, null, null, 1009(Long), 1009(String), null, 4713(String), integer(String), var2339(String), 2504(String), 2504(String), null, null, null, 2339(Long), 2339(String), null, 4714(String), integer(String), var1006(String), 2504(String), 2504(String), null, null, null, 1006(Long), 1006(String), null, 4715(String), integer(String), var2338(String), 2504(String), 2504(String), null, null, null, 2338(Long), 2338(String), null, 4716(String), integer(String), var3669(String), 2504(String), 2504(String), null, null, null, 3669(Long), 3669(String), null, 4717(String), integer(String), var1007(String), 2504(String), 2504(String), null, null, null, 1007(Long), 1007(String), null, 4718(String), integer(String), var2337(String), 2504(String), 2504(String), null, null, null, 2337(Long), 2337(String), null, 4719(String), integer(String), var3668(String), 2504(String), 2504(String), null, null, null, 3668(Long), 3668(String), null, 4720(String), integer(String), var429(String), 2504(String), 2504(String), null, null, null, 429(Long), 429(String), null, 4721(String), integer(String), var428(String), 2504(String), 2504(String), null, null, null, 428(Long), 428(String), null, 4722(String), integer(String), var427(String), 2504(String), 2504(String), null, null, null, 427(Long), 427(String), null, 4723(String), integer(String), var426(String), 2504(String), 2504(String), null, null, null, 426(Long), 426(String), null, 4724(String), integer(String), var425(String), 2504(String), 2504(String), null, null, null, 425(Long), 425(String), null, 4725(String), integer(String), var3670(String), 2504(String), 2504(String), null, null, null, 3670(Long), 3670(String), null, 4726(String), integer(String), var1011(String), 2504(String), 2504(String), null, null, null, 1011(Long), 1011(String), null, 4727(String), integer(String), var2343(String), 2504(String), 2504(String), null, null, null, 2343(Long), 2343(String), null, 4728(String), integer(String), var3674(String), 2504(String), 2504(String), null, null, null, 3674(Long), 3674(String), null, 4729(String), integer(String), var1012(String), 2504(String), 2504(String), null, null, null, 1012(Long), 1012(String), null, 4730(String), integer(String), var2342(String), 2504(String), 2504(String), null, null, null, 2342(Long), 2342(String), null, 4731(String), integer(String), var3673(String), 2504(String), 2504(String), null, null, null, 3673(Long), 3673(String), null, 4732(String), integer(String), var2341(String), 2504(String), 2504(String), null, null, null, 2341(Long), 2341(String), null, 4733(String), integer(String), var3672(String), 2504(String), 2504(String), null, null, null, 3672(Long), 3672(String), null, 4734(String), integer(String), var1010(String), 2504(String), 2504(String), null, null, null, 1010(Long), 1010(String), null, 4735(String), integer(String), var2340(String), 2504(String), 2504(String), null, null, null, 2340(Long), 2340(String), null, 4736(String), integer(String), var3671(String), 2504(String), 2504(String), null, null, null, 3671(Long), 3671(String), null, 4737(String), integer(String), var413(String), 2504(String), 2504(String), null, null, null, 413(Long), 413(String), null, 4738(String), integer(String), var1015(String), 2504(String), 2504(String), null, null, null, 1015(Long), 1015(String), null, 4739(String), integer(String), var2347(String), 2504(String), 2504(String), null, null, null, 2347(Long), 2347(String), null, 4740(String), integer(String), var3678(String), 2504(String), 2504(String), null, null, null, 3678(Long), 3678(String), null, 4741(String), integer(String), var412(String), 2504(String), 2504(String), null, null, null, 412(Long), 412(String), null, 4742(String), integer(String), var1016(String), 2504(String), 2504(String), null, null, null, 1016(Long), 1016(String), null, 4743(String), integer(String), var2346(String), 2504(String), 2504(String), null, null, null, 2346(Long), 2346(String), null, 4744(String), integer(String), var3677(String), 2504(String), 2504(String), null, null, null, 3677(Long), 3677(String), null, 4745(String), integer(String), var411(String), 2504(String), 2504(String), null, null, null, 411(Long), 411(String), null, 4746(String), integer(String), var1013(String), 2504(String), 2504(String), null, null, null, 1013(Long), 1013(String), null, 4747(String), integer(String), var2345(String), 2504(String), 2504(String), null, null, null, 2345(Long), 2345(String), null, 4748(String), integer(String), var3676(String), 2504(String), 2504(String), null, null, null, 3676(Long), 3676(String), null, 4749(String), integer(String), var410(String), 2504(String), 2504(String), null, null, null, 410(Long), 410(String), null, 4750(String), integer(String), var1014(String), 2504(String), 2504(String), null, null, null, 1014(Long), 1014(String), null, 4751(String), integer(String), var2344(String), 2504(String), 2504(String), null, null, null, 2344(Long), 2344(String), null, 4752(String), integer(String), var3675(String), 2504(String), 2504(String), null, null, null, 3675(Long), 3675(String), null, 4753(String), integer(String), var1019(String), 2504(String), 2504(String), null, null, null, 1019(Long), 1019(String), null, 4754(String), integer(String), var1017(String), 2504(String), 2504(String), null, null, null, 1017(Long), 1017(String), null, 4755(String), integer(String), var2349(String), 2504(String), 2504(String), null, null, null, 2349(Long), 2349(String), null, 4756(String), integer(String), var1018(String), 2504(String), 2504(String), null, null, null, 1018(Long), 1018(String), null, 4757(String), integer(String), var2348(String), 2504(String), 2504(String), null, null, null, 2348(Long), 2348(String), null, 4758(String), integer(String), var3679(String), 2504(String), 2504(String), null, null, null, 3679(Long), 3679(String), null, 4759(String), integer(String), var419(String), 2504(String), 2504(String), null, null, null, 419(Long), 419(String), null, 4760(String), integer(String), var418(String), 2504(String), 2504(String), null, null, null, 418(Long), 418(String), null, 4761(String), integer(String), var417(String), 2504(String), 2504(String), null, null, null, 417(Long), 417(String), null, 4762(String), integer(String), var416(String), 2504(String), 2504(String), null, null, null, 416(Long), 416(String), null, 4763(String), integer(String), var415(String), 2504(String), 2504(String), null, null, null, 415(Long), 415(String), null, 4764(String), integer(String), var414(String), 2504(String), 2504(String), null, null, null, 414(Long), 414(String), null, 4765(String), integer(String), var2350(String), 2504(String), 2504(String), null, null, null, 2350(Long), 2350(String), null, 4766(String), integer(String), var3681(String), 2504(String), 2504(String), null, null, null, 3681(Long), 3681(String), null, 4767(String), integer(String), var3680(String), 2504(String), 2504(String), null, null, null, 3680(Long), 3680(String), null, 4768(String), integer(String), var1022(String), 2504(String), 2504(String), null, null, null, 1022(Long), 1022(String), null, 4769(String), integer(String), var2354(String), 2504(String), 2504(String), null, null, null, 2354(Long), 2354(String), null, 4770(String), integer(String), var3685(String), 2504(String), 2504(String), null, null, null, 3685(Long), 3685(String), null, 4771(String), integer(String), var1023(String), 2504(String), 2504(String), null, null, null, 1023(Long), 1023(String), null, 4772(String), integer(String), var2353(String), 2504(String), 2504(String), null, null, null, 2353(Long), 2353(String), null, 4773(String), integer(String), var3684(String), 2504(String), 2504(String), null, null, null, 3684(Long), 3684(String), null, 4774(String), integer(String), var1020(String), 2504(String), 2504(String), null, null, null, 1020(Long), 1020(String), null, 4775(String), integer(String), var2352(String), 2504(String), 2504(String), null, null, null, 2352(Long), 2352(String), null, 4776(String), integer(String), var3683(String), 2504(String), 2504(String), null, null, null, 3683(Long), 3683(String), null, 4777(String), integer(String), var1021(String), 2504(String), 2504(String), null, null, null, 1021(Long), 1021(String), null, 4778(String), integer(String), var2351(String), 2504(String), 2504(String), null, null, null, 2351(Long), 2351(String), null, 4779(String), integer(String), var3682(String), 2504(String), 2504(String), null, null, null, 3682(Long), 3682(String), null, 4780(String), integer(String), var402(String), 2504(String), 2504(String), null, null, null, 402(Long), 402(String), null, 4781(String), integer(String), var1026(String), 2504(String), 2504(String), null, null, null, 1026(Long), 1026(String), null, 4782(String), integer(String), var2358(String), 2504(String), 2504(String), null, null, null, 2358(Long), 2358(String), null, 4783(String), integer(String), var3689(String), 2504(String), 2504(String), null, null, null, 3689(Long), 3689(String), null, 4784(String), integer(String), var401(String), 2504(String), 2504(String), null, null, null, 401(Long), 401(String), null, 4785(String), integer(String), var1027(String), 2504(String), 2504(String), null, null, null, 1027(Long), 1027(String), null, 4786(String), integer(String), var2357(String), 2504(String), 2504(String), null, null, null, 2357(Long), 2357(String), null, 4787(String), integer(String), var3688(String), 2504(String), 2504(String), null, null, null, 3688(Long), 3688(String), null, 4788(String), integer(String), var400(String), 2504(String), 2504(String), null, null, null, 400(Long), 400(String), null, 4789(String), integer(String), var1024(String), 2504(String), 2504(String), null, null, null, 1024(Long), 1024(String), null, 4790(String), integer(String), var2356(String), 2504(String), 2504(String), null, null, null, 2356(Long), 2356(String), null, 4791(String), integer(String), var3687(String), 2504(String), 2504(String), null, null, null, 3687(Long), 3687(String), null, 4792(String), integer(String), var1025(String), 2504(String), 2504(String), null, null, null, 1025(Long), 1025(String), null, 4793(String), integer(String), var2355(String), 2504(String), 2504(String), null, null, null, 2355(Long), 2355(String), null, 4794(String), integer(String), var3686(String), 2504(String), 2504(String), null, null, null, 3686(Long), 3686(String), null, 4795(String), integer(String), var1028(String), 2504(String), 2504(String), null, null, null, 1028(Long), 1028(String), null, 4796(String), integer(String), var1029(String), 2504(String), 2504(String), null, null, null, 1029(Long), 1029(String), null, 4797(String), integer(String), var2359(String), 2504(String), 2504(String), null, null, null, 2359(Long), 2359(String), null, 4798(String), integer(String), var409(String), 2504(String), 2504(String), null, null, null, 409(Long), 409(String), null, 4799(String), integer(String), var408(String), 2504(String), 2504(String), null, null, null, 408(Long), 408(String), null, 4800(String), integer(String), var407(String), 2504(String), 2504(String), null, null, null, 407(Long), 407(String), null, 4801(String), integer(String), var406(String), 2504(String), 2504(String), null, null, null, 406(Long), 406(String), null, 4802(String), integer(String), var405(String), 2504(String), 2504(String), null, null, null, 405(Long), 405(String), null, 4803(String), integer(String), var404(String), 2504(String), 2504(String), null, null, null, 404(Long), 404(String), null, 4804(String), integer(String), var403(String), 2504(String), 2504(String), null, null, null, 403(Long), 403(String), null
10:48:05,580 [main] DEBUG org.activiti.engine.impl.persistence.entity.VariableInstanceEntity.bulkInsertVariableInstance  - &lt;==    Updates: 100
10:48:05,583 [main] DEBUG org.activiti.engine.impl.persistence.entity.VariableInstanceEntity.bulkInsertVariableInstance  - ==&gt;  Preparing: INSERT INTO ACT_RU_VARIABLE (ID_, REV_, TYPE_, NAME_, PROC_INST_ID_, EXECUTION_ID_, TASK_ID_, BYTEARRAY_ID_, DOUBLE_, LONG_ , TEXT_, TEXT2_) VALUES (?, 1, ?, ?, ?, ?, ?, ?, ?, ?, ?, ?) , (?, 1, ?, ?, ?, ?, ?, ?, ?, ?, ?, ?) , (?, 1, ?, ?, ?, ?, ?, ?, ?, ?, ?, ?) , (?, 1, ?, ?, ?, ?, ?, ?, ?, ?, ?, ?) , (?, 1, ?, ?, ?, ?, ?, ?, ?, ?, ?, ?) , (?, 1, ?, ?, ?, ?, ?, ?, ?, ?, ?, ?) , (?, 1, ?, ?, ?, ?, ?, ?, ?, ?, ?, ?) , (?, 1, ?, ?, ?, ?, ?, ?, ?, ?, ?, ?) , (?, 1, ?, ?, ?, ?, ?, ?, ?, ?, ?, ?) , (?, 1, ?, ?, ?, ?, ?, ?, ?, ?, ?, ?) , (?, 1, ?, ?, ?, ?, ?, ?, ?, ?, ?, ?) , (?, 1, ?, ?, ?, ?, ?, ?, ?, ?, ?, ?) , (?, 1, ?, ?, ?, ?, ?, ?, ?, ?, ?, ?) , (?, 1, ?, ?, ?, ?, ?, ?, ?, ?, ?, ?) , (?, 1, ?, ?, ?, ?, ?, ?, ?, ?, ?, ?) , (?, 1, ?, ?, ?, ?, ?, ?, ?, ?, ?, ?) , (?, 1, ?, ?, ?, ?, ?, ?, ?, ?, ?, ?) , (?, 1, ?, ?, ?, ?, ?, ?, ?, ?, ?, ?) , (?, 1, ?, ?, ?, ?, ?, ?, ?, ?, ?, ?) , (?, 1, ?, ?, ?, ?, ?, ?, ?, ?, ?, ?) , (?, 1, ?, ?, ?, ?, ?, ?, ?, ?, ?, ?) , (?, 1, ?, ?, ?, ?, ?, ?, ?, ?, ?, ?) , (?, 1, ?, ?, ?, ?, ?, ?, ?, ?, ?, ?) , (?, 1, ?, ?, ?, ?, ?, ?, ?, ?, ?, ?) , (?, 1, ?, ?, ?, ?, ?, ?, ?, ?, ?, ?) , (?, 1, ?, ?, ?, ?, ?, ?, ?, ?, ?, ?) , (?, 1, ?, ?, ?, ?, ?, ?, ?, ?, ?, ?) , (?, 1, ?, ?, ?, ?, ?, ?, ?, ?, ?, ?) , (?, 1, ?, ?, ?, ?, ?, ?, ?, ?, ?, ?) , (?, 1, ?, ?, ?, ?, ?, ?, ?, ?, ?, ?) , (?, 1, ?, ?, ?, ?, ?, ?, ?, ?, ?, ?) , (?, 1, ?, ?, ?, ?, ?, ?, ?, ?, ?, ?) , (?, 1, ?, ?, ?, ?, ?, ?, ?, ?, ?, ?) , (?, 1, ?, ?, ?, ?, ?, ?, ?, ?, ?, ?) , (?, 1, ?, ?, ?, ?, ?, ?, ?, ?, ?, ?) , (?, 1, ?, ?, ?, ?, ?, ?, ?, ?, ?, ?) , (?, 1, ?, ?, ?, ?, ?, ?, ?, ?, ?, ?) , (?, 1, ?, ?, ?, ?, ?, ?, ?, ?, ?, ?) , (?, 1, ?, ?, ?, ?, ?, ?, ?, ?, ?, ?) , (?, 1, ?, ?, ?, ?, ?, ?, ?, ?, ?, ?) , (?, 1, ?, ?, ?, ?, ?, ?, ?, ?, ?, ?) , (?, 1, ?, ?, ?, ?, ?, ?, ?, ?, ?, ?) , (?, 1, ?, ?, ?, ?, ?, ?, ?, ?, ?, ?) , (?, 1, ?, ?, ?, ?, ?, ?, ?, ?, ?, ?) , (?, 1, ?, ?, ?, ?, ?, ?, ?, ?, ?, ?) , (?, 1, ?, ?, ?, ?, ?, ?, ?, ?, ?, ?) , (?, 1, ?, ?, ?, ?, ?, ?, ?, ?, ?, ?) , (?, 1, ?, ?, ?, ?, ?, ?, ?, ?, ?, ?) , (?, 1, ?, ?, ?, ?, ?, ?, ?, ?, ?, ?) , (?, 1, ?, ?, ?, ?, ?, ?, ?, ?, ?, ?) , (?, 1, ?, ?, ?, ?, ?, ?, ?, ?, ?, ?) , (?, 1, ?, ?, ?, ?, ?, ?, ?, ?, ?, ?) , (?, 1, ?, ?, ?, ?, ?, ?, ?, ?, ?, ?) , (?, 1, ?, ?, ?, ?, ?, ?, ?, ?, ?, ?) , (?, 1, ?, ?, ?, ?, ?, ?, ?, ?, ?, ?) , (?, 1, ?, ?, ?, ?, ?, ?, ?, ?, ?, ?) , (?, 1, ?, ?, ?, ?, ?, ?, ?, ?, ?, ?) , (?, 1, ?, ?, ?, ?, ?, ?, ?, ?, ?, ?) , (?, 1, ?, ?, ?, ?, ?, ?, ?, ?, ?, ?) , (?, 1, ?, ?, ?, ?, ?, ?, ?, ?, ?, ?) , (?, 1, ?, ?, ?, ?, ?, ?, ?, ?, ?, ?) , (?, 1, ?, ?, ?, ?, ?, ?, ?, ?, ?, ?) , (?, 1, ?, ?, ?, ?, ?, ?, ?, ?, ?, ?) , (?, 1, ?, ?, ?, ?, ?, ?, ?, ?, ?, ?) , (?, 1, ?, ?, ?, ?, ?, ?, ?, ?, ?, ?) , (?, 1, ?, ?, ?, ?, ?, ?, ?, ?, ?, ?) , (?, 1, ?, ?, ?, ?, ?, ?, ?, ?, ?, ?) , (?, 1, ?, ?, ?, ?, ?, ?, ?, ?, ?, ?) , (?, 1, ?, ?, ?, ?, ?, ?, ?, ?, ?, ?) , (?, 1, ?, ?, ?, ?, ?, ?, ?, ?, ?, ?) , (?, 1, ?, ?, ?, ?, ?, ?, ?, ?, ?, ?) , (?, 1, ?, ?, ?, ?, ?, ?, ?, ?, ?, ?) , (?, 1, ?, ?, ?, ?, ?, ?, ?, ?, ?, ?) , (?, 1, ?, ?, ?, ?, ?, ?, ?, ?, ?, ?) , (?, 1, ?, ?, ?, ?, ?, ?, ?, ?, ?, ?) , (?, 1, ?, ?, ?, ?, ?, ?, ?, ?, ?, ?) , (?, 1, ?, ?, ?, ?, ?, ?, ?, ?, ?, ?) , (?, 1, ?, ?, ?, ?, ?, ?, ?, ?, ?, ?) , (?, 1, ?, ?, ?, ?, ?, ?, ?, ?, ?, ?) , (?, 1, ?, ?, ?, ?, ?, ?, ?, ?, ?, ?) , (?, 1, ?, ?, ?, ?, ?, ?, ?, ?, ?, ?) , (?, 1, ?, ?, ?, ?, ?, ?, ?, ?, ?, ?) , (?, 1, ?, ?, ?, ?, ?, ?, ?, ?, ?, ?) , (?, 1, ?, ?, ?, ?, ?, ?, ?, ?, ?, ?) , (?, 1, ?, ?, ?, ?, ?, ?, ?, ?, ?, ?) , (?, 1, ?, ?, ?, ?, ?, ?, ?, ?, ?, ?) , (?, 1, ?, ?, ?, ?, ?, ?, ?, ?, ?, ?) , (?, 1, ?, ?, ?, ?, ?, ?, ?, ?, ?, ?) , (?, 1, ?, ?, ?, ?, ?, ?, ?, ?, ?, ?) , (?, 1, ?, ?, ?, ?, ?, ?, ?, ?, ?, ?) , (?, 1, ?, ?, ?, ?, ?, ?, ?, ?, ?, ?) , (?, 1, ?, ?, ?, ?, ?, ?, ?, ?, ?, ?) , (?, 1, ?, ?, ?, ?, ?, ?, ?, ?, ?, ?) , (?, 1, ?, ?, ?, ?, ?, ?, ?, ?, ?, ?) , (?, 1, ?, ?, ?, ?, ?, ?, ?, ?, ?, ?) , (?, 1, ?, ?, ?, ?, ?, ?, ?, ?, ?, ?) , (?, 1, ?, ?, ?, ?, ?, ?, ?, ?, ?, ?) , (?, 1, ?, ?, ?, ?, ?, ?, ?, ?, ?, ?) , (?, 1, ?, ?, ?, ?, ?, ?, ?, ?, ?, ?) , (?, 1, ?, ?, ?, ?, ?, ?, ?, ?, ?, ?) 
10:48:05,585 [main] DEBUG org.activiti.engine.impl.persistence.entity.VariableInstanceEntity.bulkInsertVariableInstance  - ==&gt; Parameters: 4805(String), integer(String), var2361(String), 2504(String), 2504(String), null, null, null, 2361(Long), 2361(String), null, 4806(String), integer(String), var3692(String), 2504(String), 2504(String), null, null, null, 3692(Long), 3692(String), null, 4807(String), integer(String), var1030(String), 2504(String), 2504(String), null, null, null, 1030(Long), 1030(String), null, 4808(String), integer(String), var2360(String), 2504(String), 2504(String), null, null, null, 2360(Long), 2360(String), null, 4809(String), integer(String), var3691(String), 2504(String), 2504(String), null, null, null, 3691(Long), 3691(String), null, 4810(String), integer(String), var3690(String), 2504(String), 2504(String), null, null, null, 3690(Long), 3690(String), null, 4811(String), integer(String), var1033(String), 2504(String), 2504(String), null, null, null, 1033(Long), 1033(String), null, 4812(String), integer(String), var2365(String), 2504(String), 2504(String), null, null, null, 2365(Long), 2365(String), null, 4813(String), integer(String), var3696(String), 2504(String), 2504(String), null, null, null, 3696(Long), 3696(String), null, 4814(String), integer(String), var1034(String), 2504(String), 2504(String), null, null, null, 1034(Long), 1034(String), null, 4815(String), integer(String), var2364(String), 2504(String), 2504(String), null, null, null, 2364(Long), 2364(String), null, 4816(String), integer(String), var3695(String), 2504(String), 2504(String), null, null, null, 3695(Long), 3695(String), null, 4817(String), integer(String), var1031(String), 2504(String), 2504(String), null, null, null, 1031(Long), 1031(String), null, 4818(String), integer(String), var2363(String), 2504(String), 2504(String), null, null, null, 2363(Long), 2363(String), null, 4819(String), integer(String), var3694(String), 2504(String), 2504(String), null, null, null, 3694(Long), 3694(String), null, 4820(String), integer(String), var1032(String), 2504(String), 2504(String), null, null, null, 1032(Long), 1032(String), null, 4821(String), integer(String), var2362(String), 2504(String), 2504(String), null, null, null, 2362(Long), 2362(String), null, 4822(String), integer(String), var3693(String), 2504(String), 2504(String), null, null, null, 3693(Long), 3693(String), null, 4823(String), integer(String), var1037(String), 2504(String), 2504(String), null, null, null, 1037(Long), 1037(String), null, 4824(String), integer(String), var2369(String), 2504(String), 2504(String), null, null, null, 2369(Long), 2369(String), null, 4825(String), integer(String), var1038(String), 2504(String), 2504(String), null, null, null, 1038(Long), 1038(String), null, 4826(String), integer(String), var2368(String), 2504(String), 2504(String), null, null, null, 2368(Long), 2368(String), null, 4827(String), integer(String), var3699(String), 2504(String), 2504(String), null, null, null, 3699(Long), 3699(String), null, 4828(String), integer(String), var1035(String), 2504(String), 2504(String), null, null, null, 1035(Long), 1035(String), null, 4829(String), integer(String), var2367(String), 2504(String), 2504(String), null, null, null, 2367(Long), 2367(String), null, 4830(String), integer(String), var3698(String), 2504(String), 2504(String), null, null, null, 3698(Long), 3698(String), null, 4831(String), integer(String), var1036(String), 2504(String), 2504(String), null, null, null, 1036(Long), 1036(String), null, 4832(String), integer(String), var2366(String), 2504(String), 2504(String), null, null, null, 2366(Long), 2366(String), null, 4833(String), integer(String), var3697(String), 2504(String), 2504(String), null, null, null, 3697(Long), 3697(String), null, 4834(String), integer(String), var1039(String), 2504(String), 2504(String), null, null, null, 1039(Long), 1039(String), null, 4835(String), integer(String), var1040(String), 2504(String), 2504(String), null, null, null, 1040(Long), 1040(String), null, 4836(String), integer(String), var2372(String), 2504(String), 2504(String), null, null, null, 2372(Long), 2372(String), null, 4837(String), integer(String), var1041(String), 2504(String), 2504(String), null, null, null, 1041(Long), 1041(String), null, 4838(String), integer(String), var2371(String), 2504(String), 2504(String), null, null, null, 2371(Long), 2371(String), null, 4839(String), integer(String), var2370(String), 2504(String), 2504(String), null, null, null, 2370(Long), 2370(String), null, 4840(String), integer(String), var1044(String), 2504(String), 2504(String), null, null, null, 1044(Long), 1044(String), null, 4841(String), integer(String), var2376(String), 2504(String), 2504(String), null, null, null, 2376(Long), 2376(String), null, 4842(String), integer(String), var1045(String), 2504(String), 2504(String), null, null, null, 1045(Long), 1045(String), null, 4843(String), integer(String), var2375(String), 2504(String), 2504(String), null, null, null, 2375(Long), 2375(String), null, 4844(String), integer(String), var1042(String), 2504(String), 2504(String), null, null, null, 1042(Long), 1042(String), null, 4845(String), integer(String), var2374(String), 2504(String), 2504(String), null, null, null, 2374(Long), 2374(String), null, 4846(String), integer(String), var1043(String), 2504(String), 2504(String), null, null, null, 1043(Long), 1043(String), null, 4847(String), integer(String), var2373(String), 2504(String), 2504(String), null, null, null, 2373(Long), 2373(String), null, 4848(String), integer(String), var1048(String), 2504(String), 2504(String), null, null, null, 1048(Long), 1048(String), null, 4849(String), integer(String), var1049(String), 2504(String), 2504(String), null, null, null, 1049(Long), 1049(String), null, 4850(String), integer(String), var2379(String), 2504(String), 2504(String), null, null, null, 2379(Long), 2379(String), null, 4851(String), integer(String), var1046(String), 2504(String), 2504(String), null, null, null, 1046(Long), 1046(String), null, 4852(String), integer(String), var2378(String), 2504(String), 2504(String), null, null, null, 2378(Long), 2378(String), null, 4853(String), integer(String), var1047(String), 2504(String), 2504(String), null, null, null, 1047(Long), 1047(String), null, 4854(String), integer(String), var2377(String), 2504(String), 2504(String), null, null, null, 2377(Long), 2377(String), null, 4855(String), integer(String), var1051(String), 2504(String), 2504(String), null, null, null, 1051(Long), 1051(String), null, 4856(String), integer(String), var2383(String), 2504(String), 2504(String), null, null, null, 2383(Long), 2383(String), null, 4857(String), integer(String), var1052(String), 2504(String), 2504(String), null, null, null, 1052(Long), 1052(String), null, 4858(String), integer(String), var2382(String), 2504(String), 2504(String), null, null, null, 2382(Long), 2382(String), null, 4859(String), integer(String), var2381(String), 2504(String), 2504(String), null, null, null, 2381(Long), 2381(String), null, 4860(String), integer(String), var1050(String), 2504(String), 2504(String), null, null, null, 1050(Long), 1050(String), null, 4861(String), integer(String), var2380(String), 2504(String), 2504(String), null, null, null, 2380(Long), 2380(String), null, 4862(String), integer(String), var1055(String), 2504(String), 2504(String), null, null, null, 1055(Long), 1055(String), null, 4863(String), integer(String), var2387(String), 2504(String), 2504(String), null, null, null, 2387(Long), 2387(String), null, 4864(String), integer(String), var1056(String), 2504(String), 2504(String), null, null, null, 1056(Long), 1056(String), null, 4865(String), integer(String), var2386(String), 2504(String), 2504(String), null, null, null, 2386(Long), 2386(String), null, 4866(String), integer(String), var1053(String), 2504(String), 2504(String), null, null, null, 1053(Long), 1053(String), null, 4867(String), integer(String), var2385(String), 2504(String), 2504(String), null, null, null, 2385(Long), 2385(String), null, 4868(String), integer(String), var1054(String), 2504(String), 2504(String), null, null, null, 1054(Long), 1054(String), null, 4869(String), integer(String), var2384(String), 2504(String), 2504(String), null, null, null, 2384(Long), 2384(String), null, 4870(String), integer(String), var1059(String), 2504(String), 2504(String), null, null, null, 1059(Long), 1059(String), null, 4871(String), integer(String), var1057(String), 2504(String), 2504(String), null, null, null, 1057(Long), 1057(String), null, 4872(String), integer(String), var2389(String), 2504(String), 2504(String), null, null, null, 2389(Long), 2389(String), null, 4873(String), integer(String), var1058(String), 2504(String), 2504(String), null, null, null, 1058(Long), 1058(String), null, 4874(String), integer(String), var2388(String), 2504(String), 2504(String), null, null, null, 2388(Long), 2388(String), null, 4875(String), integer(String), var2390(String), 2504(String), 2504(String), null, null, null, 2390(Long), 2390(String), null, 4876(String), integer(String), var1062(String), 2504(String), 2504(String), null, null, null, 1062(Long), 1062(String), null, 4877(String), integer(String), var2394(String), 2504(String), 2504(String), null, null, null, 2394(Long), 2394(String), null, 4878(String), integer(String), var1063(String), 2504(String), 2504(String), null, null, null, 1063(Long), 1063(String), null, 4879(String), integer(String), var2393(String), 2504(String), 2504(String), null, null, null, 2393(Long), 2393(String), null, 4880(String), integer(String), var1060(String), 2504(String), 2504(String), null, null, null, 1060(Long), 1060(String), null, 4881(String), integer(String), var2392(String), 2504(String), 2504(String), null, null, null, 2392(Long), 2392(String), null, 4882(String), integer(String), var1061(String), 2504(String), 2504(String), null, null, null, 1061(Long), 1061(String), null, 4883(String), integer(String), var2391(String), 2504(String), 2504(String), null, null, null, 2391(Long), 2391(String), null, 4884(String), integer(String), var1066(String), 2504(String), 2504(String), null, null, null, 1066(Long), 1066(String), null, 4885(String), integer(String), var2398(String), 2504(String), 2504(String), null, null, null, 2398(Long), 2398(String), null, 4886(String), integer(String), var1067(String), 2504(String), 2504(String), null, null, null, 1067(Long), 1067(String), null, 4887(String), integer(String), var2397(String), 2504(String), 2504(String), null, null, null, 2397(Long), 2397(String), null, 4888(String), integer(String), var1064(String), 2504(String), 2504(String), null, null, null, 1064(Long), 1064(String), null, 4889(String), integer(String), var2396(String), 2504(String), 2504(String), null, null, null, 2396(Long), 2396(String), null, 4890(String), integer(String), var1065(String), 2504(String), 2504(String), null, null, null, 1065(Long), 1065(String), null, 4891(String), integer(String), var2395(String), 2504(String), 2504(String), null, null, null, 2395(Long), 2395(String), null, 4892(String), integer(String), var1068(String), 2504(String), 2504(String), null, null, null, 1068(Long), 1068(String), null, 4893(String), integer(String), var1069(String), 2504(String), 2504(String), null, null, null, 1069(Long), 1069(String), null, 4894(String), integer(String), var2399(String), 2504(String), 2504(String), null, null, null, 2399(Long), 2399(String), null, 4895(String), integer(String), var1070(String), 2504(String), 2504(String), null, null, null, 1070(Long), 1070(String), null, 4896(String), integer(String), var1073(String), 2504(String), 2504(String), null, null, null, 1073(Long), 1073(String), null, 4897(String), integer(String), var1074(String), 2504(String), 2504(String), null, null, null, 1074(Long), 1074(String), null, 4898(String), integer(String), var1071(String), 2504(String), 2504(String), null, null, null, 1071(Long), 1071(String), null, 4899(String), integer(String), var1072(String), 2504(String), 2504(String), null, null, null, 1072(Long), 1072(String), null, 4900(String), integer(String), var1077(String), 2504(String), 2504(String), null, null, null, 1077(Long), 1077(String), null, 4901(String), integer(String), var1078(String), 2504(String), 2504(String), null, null, null, 1078(Long), 1078(String), null, 4902(String), integer(String), var1075(String), 2504(String), 2504(String), null, null, null, 1075(Long), 1075(String), null, 4903(String), integer(String), var1076(String), 2504(String), 2504(String), null, null, null, 1076(Long), 1076(String), null, 4904(String), integer(String), var1079(String), 2504(String), 2504(String), null, null, null, 1079(Long), 1079(String), null
10:48:05,586 [main] DEBUG org.activiti.engine.impl.persistence.entity.VariableInstanceEntity.bulkInsertVariableInstance  - &lt;==    Updates: 100
10:48:05,588 [main] DEBUG org.activiti.engine.impl.persistence.entity.VariableInstanceEntity.bulkInsertVariableInstance  - ==&gt;  Preparing: INSERT INTO ACT_RU_VARIABLE (ID_, REV_, TYPE_, NAME_, PROC_INST_ID_, EXECUTION_ID_, TASK_ID_, BYTEARRAY_ID_, DOUBLE_, LONG_ , TEXT_, TEXT2_) VALUES (?, 1, ?, ?, ?, ?, ?, ?, ?, ?, ?, ?) , (?, 1, ?, ?, ?, ?, ?, ?, ?, ?, ?, ?) , (?, 1, ?, ?, ?, ?, ?, ?, ?, ?, ?, ?) , (?, 1, ?, ?, ?, ?, ?, ?, ?, ?, ?, ?) , (?, 1, ?, ?, ?, ?, ?, ?, ?, ?, ?, ?) , (?, 1, ?, ?, ?, ?, ?, ?, ?, ?, ?, ?) , (?, 1, ?, ?, ?, ?, ?, ?, ?, ?, ?, ?) , (?, 1, ?, ?, ?, ?, ?, ?, ?, ?, ?, ?) , (?, 1, ?, ?, ?, ?, ?, ?, ?, ?, ?, ?) , (?, 1, ?, ?, ?, ?, ?, ?, ?, ?, ?, ?) , (?, 1, ?, ?, ?, ?, ?, ?, ?, ?, ?, ?) , (?, 1, ?, ?, ?, ?, ?, ?, ?, ?, ?, ?) , (?, 1, ?, ?, ?, ?, ?, ?, ?, ?, ?, ?) , (?, 1, ?, ?, ?, ?, ?, ?, ?, ?, ?, ?) , (?, 1, ?, ?, ?, ?, ?, ?, ?, ?, ?, ?) , (?, 1, ?, ?, ?, ?, ?, ?, ?, ?, ?, ?) , (?, 1, ?, ?, ?, ?, ?, ?, ?, ?, ?, ?) , (?, 1, ?, ?, ?, ?, ?, ?, ?, ?, ?, ?) , (?, 1, ?, ?, ?, ?, ?, ?, ?, ?, ?, ?) , (?, 1, ?, ?, ?, ?, ?, ?, ?, ?, ?, ?) , (?, 1, ?, ?, ?, ?, ?, ?, ?, ?, ?, ?) , (?, 1, ?, ?, ?, ?, ?, ?, ?, ?, ?, ?) , (?, 1, ?, ?, ?, ?, ?, ?, ?, ?, ?, ?) , (?, 1, ?, ?, ?, ?, ?, ?, ?, ?, ?, ?) , (?, 1, ?, ?, ?, ?, ?, ?, ?, ?, ?, ?) , (?, 1, ?, ?, ?, ?, ?, ?, ?, ?, ?, ?) , (?, 1, ?, ?, ?, ?, ?, ?, ?, ?, ?, ?) , (?, 1, ?, ?, ?, ?, ?, ?, ?, ?, ?, ?) , (?, 1, ?, ?, ?, ?, ?, ?, ?, ?, ?, ?) , (?, 1, ?, ?, ?, ?, ?, ?, ?, ?, ?, ?) , (?, 1, ?, ?, ?, ?, ?, ?, ?, ?, ?, ?) , (?, 1, ?, ?, ?, ?, ?, ?, ?, ?, ?, ?) , (?, 1, ?, ?, ?, ?, ?, ?, ?, ?, ?, ?) , (?, 1, ?, ?, ?, ?, ?, ?, ?, ?, ?, ?) , (?, 1, ?, ?, ?, ?, ?, ?, ?, ?, ?, ?) , (?, 1, ?, ?, ?, ?, ?, ?, ?, ?, ?, ?) , (?, 1, ?, ?, ?, ?, ?, ?, ?, ?, ?, ?) , (?, 1, ?, ?, ?, ?, ?, ?, ?, ?, ?, ?) , (?, 1, ?, ?, ?, ?, ?, ?, ?, ?, ?, ?) , (?, 1, ?, ?, ?, ?, ?, ?, ?, ?, ?, ?) , (?, 1, ?, ?, ?, ?, ?, ?, ?, ?, ?, ?) , (?, 1, ?, ?, ?, ?, ?, ?, ?, ?, ?, ?) , (?, 1, ?, ?, ?, ?, ?, ?, ?, ?, ?, ?) , (?, 1, ?, ?, ?, ?, ?, ?, ?, ?, ?, ?) , (?, 1, ?, ?, ?, ?, ?, ?, ?, ?, ?, ?) , (?, 1, ?, ?, ?, ?, ?, ?, ?, ?, ?, ?) , (?, 1, ?, ?, ?, ?, ?, ?, ?, ?, ?, ?) , (?, 1, ?, ?, ?, ?, ?, ?, ?, ?, ?, ?) , (?, 1, ?, ?, ?, ?, ?, ?, ?, ?, ?, ?) , (?, 1, ?, ?, ?, ?, ?, ?, ?, ?, ?, ?) , (?, 1, ?, ?, ?, ?, ?, ?, ?, ?, ?, ?) , (?, 1, ?, ?, ?, ?, ?, ?, ?, ?, ?, ?) , (?, 1, ?, ?, ?, ?, ?, ?, ?, ?, ?, ?) , (?, 1, ?, ?, ?, ?, ?, ?, ?, ?, ?, ?) , (?, 1, ?, ?, ?, ?, ?, ?, ?, ?, ?, ?) , (?, 1, ?, ?, ?, ?, ?, ?, ?, ?, ?, ?) , (?, 1, ?, ?, ?, ?, ?, ?, ?, ?, ?, ?) , (?, 1, ?, ?, ?, ?, ?, ?, ?, ?, ?, ?) , (?, 1, ?, ?, ?, ?, ?, ?, ?, ?, ?, ?) , (?, 1, ?, ?, ?, ?, ?, ?, ?, ?, ?, ?) , (?, 1, ?, ?, ?, ?, ?, ?, ?, ?, ?, ?) , (?, 1, ?, ?, ?, ?, ?, ?, ?, ?, ?, ?) , (?, 1, ?, ?, ?, ?, ?, ?, ?, ?, ?, ?) , (?, 1, ?, ?, ?, ?, ?, ?, ?, ?, ?, ?) , (?, 1, ?, ?, ?, ?, ?, ?, ?, ?, ?, ?) , (?, 1, ?, ?, ?, ?, ?, ?, ?, ?, ?, ?) , (?, 1, ?, ?, ?, ?, ?, ?, ?, ?, ?, ?) , (?, 1, ?, ?, ?, ?, ?, ?, ?, ?, ?, ?) , (?, 1, ?, ?, ?, ?, ?, ?, ?, ?, ?, ?) , (?, 1, ?, ?, ?, ?, ?, ?, ?, ?, ?, ?) , (?, 1, ?, ?, ?, ?, ?, ?, ?, ?, ?, ?) , (?, 1, ?, ?, ?, ?, ?, ?, ?, ?, ?, ?) , (?, 1, ?, ?, ?, ?, ?, ?, ?, ?, ?, ?) , (?, 1, ?, ?, ?, ?, ?, ?, ?, ?, ?, ?) , (?, 1, ?, ?, ?, ?, ?, ?, ?, ?, ?, ?) , (?, 1, ?, ?, ?, ?, ?, ?, ?, ?, ?, ?) , (?, 1, ?, ?, ?, ?, ?, ?, ?, ?, ?, ?) , (?, 1, ?, ?, ?, ?, ?, ?, ?, ?, ?, ?) , (?, 1, ?, ?, ?, ?, ?, ?, ?, ?, ?, ?) , (?, 1, ?, ?, ?, ?, ?, ?, ?, ?, ?, ?) , (?, 1, ?, ?, ?, ?, ?, ?, ?, ?, ?, ?) , (?, 1, ?, ?, ?, ?, ?, ?, ?, ?, ?, ?) , (?, 1, ?, ?, ?, ?, ?, ?, ?, ?, ?, ?) , (?, 1, ?, ?, ?, ?, ?, ?, ?, ?, ?, ?) , (?, 1, ?, ?, ?, ?, ?, ?, ?, ?, ?, ?) , (?, 1, ?, ?, ?, ?, ?, ?, ?, ?, ?, ?) , (?, 1, ?, ?, ?, ?, ?, ?, ?, ?, ?, ?) , (?, 1, ?, ?, ?, ?, ?, ?, ?, ?, ?, ?) , (?, 1, ?, ?, ?, ?, ?, ?, ?, ?, ?, ?) , (?, 1, ?, ?, ?, ?, ?, ?, ?, ?, ?, ?) , (?, 1, ?, ?, ?, ?, ?, ?, ?, ?, ?, ?) , (?, 1, ?, ?, ?, ?, ?, ?, ?, ?, ?, ?) , (?, 1, ?, ?, ?, ?, ?, ?, ?, ?, ?, ?) , (?, 1, ?, ?, ?, ?, ?, ?, ?, ?, ?, ?) , (?, 1, ?, ?, ?, ?, ?, ?, ?, ?, ?, ?) , (?, 1, ?, ?, ?, ?, ?, ?, ?, ?, ?, ?) , (?, 1, ?, ?, ?, ?, ?, ?, ?, ?, ?, ?) , (?, 1, ?, ?, ?, ?, ?, ?, ?, ?, ?, ?) , (?, 1, ?, ?, ?, ?, ?, ?, ?, ?, ?, ?) , (?, 1, ?, ?, ?, ?, ?, ?, ?, ?, ?, ?) 
10:48:05,589 [main] DEBUG org.activiti.engine.impl.persistence.entity.VariableInstanceEntity.bulkInsertVariableInstance  - ==&gt; Parameters: 4905(String), integer(String), var1080(String), 2504(String), 2504(String), null, null, null, 1080(Long), 1080(String), null, 4906(String), integer(String), var1081(String), 2504(String), 2504(String), null, null, null, 1081(Long), 1081(String), null, 4907(String), integer(String), var1084(String), 2504(String), 2504(String), null, null, null, 1084(Long), 1084(String), null, 4908(String), integer(String), var1085(String), 2504(String), 2504(String), null, null, null, 1085(Long), 1085(String), null, 4909(String), integer(String), var1082(String), 2504(String), 2504(String), null, null, null, 1082(Long), 1082(String), null, 4910(String), integer(String), var1083(String), 2504(String), 2504(String), null, null, null, 1083(Long), 1083(String), null, 4911(String), integer(String), var1088(String), 2504(String), 2504(String), null, null, null, 1088(Long), 1088(String), null, 4912(String), integer(String), var1089(String), 2504(String), 2504(String), null, null, null, 1089(Long), 1089(String), null, 4913(String), integer(String), var1086(String), 2504(String), 2504(String), null, null, null, 1086(Long), 1086(String), null, 4914(String), integer(String), var1087(String), 2504(String), 2504(String), null, null, null, 1087(Long), 1087(String), null, 4915(String), integer(String), var1091(String), 2504(String), 2504(String), null, null, null, 1091(Long), 1091(String), null, 4916(String), integer(String), var1092(String), 2504(String), 2504(String), null, null, null, 1092(Long), 1092(String), null, 4917(String), integer(String), var1090(String), 2504(String), 2504(String), null, null, null, 1090(Long), 1090(String), null, 4918(String), integer(String), var493(String), 2504(String), 2504(String), null, null, null, 493(Long), 493(String), null, 4919(String), integer(String), var1095(String), 2504(String), 2504(String), null, null, null, 1095(Long), 1095(String), null, 4920(String), integer(String), var492(String), 2504(String), 2504(String), null, null, null, 492(Long), 492(String), null, 4921(String), integer(String), var1096(String), 2504(String), 2504(String), null, null, null, 1096(Long), 1096(String), null, 4922(String), integer(String), var491(String), 2504(String), 2504(String), null, null, null, 491(Long), 491(String), null, 4923(String), integer(String), var1093(String), 2504(String), 2504(String), null, null, null, 1093(Long), 1093(String), null, 4924(String), integer(String), var490(String), 2504(String), 2504(String), null, null, null, 490(Long), 490(String), null, 4925(String), integer(String), var1094(String), 2504(String), 2504(String), null, null, null, 1094(Long), 1094(String), null, 4926(String), integer(String), var1099(String), 2504(String), 2504(String), null, null, null, 1099(Long), 1099(String), null, 4927(String), integer(String), var1097(String), 2504(String), 2504(String), null, null, null, 1097(Long), 1097(String), null, 4928(String), integer(String), var1098(String), 2504(String), 2504(String), null, null, null, 1098(Long), 1098(String), null, 4929(String), integer(String), var499(String), 2504(String), 2504(String), null, null, null, 499(Long), 499(String), null, 4930(String), integer(String), var498(String), 2504(String), 2504(String), null, null, null, 498(Long), 498(String), null, 4931(String), integer(String), var497(String), 2504(String), 2504(String), null, null, null, 497(Long), 497(String), null, 4932(String), integer(String), var496(String), 2504(String), 2504(String), null, null, null, 496(Long), 496(String), null, 4933(String), integer(String), var495(String), 2504(String), 2504(String), null, null, null, 495(Long), 495(String), null, 4934(String), integer(String), var494(String), 2504(String), 2504(String), null, null, null, 494(Long), 494(String), null, 4935(String), integer(String), var482(String), 2504(String), 2504(String), null, null, null, 482(Long), 482(String), null, 4936(String), integer(String), var481(String), 2504(String), 2504(String), null, null, null, 481(Long), 481(String), null, 4937(String), integer(String), var480(String), 2504(String), 2504(String), null, null, null, 480(Long), 480(String), null, 4938(String), integer(String), var489(String), 2504(String), 2504(String), null, null, null, 489(Long), 489(String), null, 4939(String), integer(String), var488(String), 2504(String), 2504(String), null, null, null, 488(Long), 488(String), null, 4940(String), integer(String), var487(String), 2504(String), 2504(String), null, null, null, 487(Long), 487(String), null, 4941(String), integer(String), var486(String), 2504(String), 2504(String), null, null, null, 486(Long), 486(String), null, 4942(String), integer(String), var485(String), 2504(String), 2504(String), null, null, null, 485(Long), 485(String), null, 4943(String), integer(String), var484(String), 2504(String), 2504(String), null, null, null, 484(Long), 484(String), null, 4944(String), integer(String), var483(String), 2504(String), 2504(String), null, null, null, 483(Long), 483(String), null, 4945(String), integer(String), var471(String), 2504(String), 2504(String), null, null, null, 471(Long), 471(String), null, 4946(String), integer(String), var470(String), 2504(String), 2504(String), null, null, null, 470(Long), 470(String), null, 4947(String), integer(String), var479(String), 2504(String), 2504(String), null, null, null, 479(Long), 479(String), null, 4948(String), integer(String), var478(String), 2504(String), 2504(String), null, null, null, 478(Long), 478(String), null, 4949(String), integer(String), var477(String), 2504(String), 2504(String), null, null, null, 477(Long), 477(String), null, 4950(String), integer(String), var476(String), 2504(String), 2504(String), null, null, null, 476(Long), 476(String), null, 4951(String), integer(String), var475(String), 2504(String), 2504(String), null, null, null, 475(Long), 475(String), null, 4952(String), integer(String), var474(String), 2504(String), 2504(String), null, null, null, 474(Long), 474(String), null, 4953(String), integer(String), var473(String), 2504(String), 2504(String), null, null, null, 473(Long), 473(String), null, 4954(String), integer(String), var472(String), 2504(String), 2504(String), null, null, null, 472(Long), 472(String), null, 4955(String), integer(String), var460(String), 2504(String), 2504(String), null, null, null, 460(Long), 460(String), null, 4956(String), integer(String), var468(String), 2504(String), 2504(String), null, null, null, 468(Long), 468(String), null, 4957(String), integer(String), var467(String), 2504(String), 2504(String), null, null, null, 467(Long), 467(String), null, 4958(String), integer(String), var466(String), 2504(String), 2504(String), null, null, null, 466(Long), 466(String), null, 4959(String), integer(String), var465(String), 2504(String), 2504(String), null, null, null, 465(Long), 465(String), null, 4960(String), integer(String), var464(String), 2504(String), 2504(String), null, null, null, 464(Long), 464(String), null, 4961(String), integer(String), var463(String), 2504(String), 2504(String), null, null, null, 463(Long), 463(String), null, 4962(String), integer(String), var462(String), 2504(String), 2504(String), null, null, null, 462(Long), 462(String), null, 4963(String), integer(String), var461(String), 2504(String), 2504(String), null, null, null, 461(Long), 461(String), null, 4964(String), integer(String), var469(String), 2504(String), 2504(String), null, null, null, 469(Long), 469(String), null, 4965(String), integer(String), var457(String), 2504(String), 2504(String), null, null, null, 457(Long), 457(String), null, 4966(String), integer(String), var456(String), 2504(String), 2504(String), null, null, null, 456(Long), 456(String), null, 4967(String), integer(String), var455(String), 2504(String), 2504(String), null, null, null, 455(Long), 455(String), null, 4968(String), integer(String), var454(String), 2504(String), 2504(String), null, null, null, 454(Long), 454(String), null, 4969(String), integer(String), var453(String), 2504(String), 2504(String), null, null, null, 453(Long), 453(String), null, 4970(String), integer(String), var452(String), 2504(String), 2504(String), null, null, null, 452(Long), 452(String), null, 4971(String), integer(String), var451(String), 2504(String), 2504(String), null, null, null, 451(Long), 451(String), null, 4972(String), integer(String), var450(String), 2504(String), 2504(String), null, null, null, 450(Long), 450(String), null, 4973(String), integer(String), var459(String), 2504(String), 2504(String), null, null, null, 459(Long), 459(String), null, 4974(String), integer(String), var458(String), 2504(String), 2504(String), null, null, null, 458(Long), 458(String), null, 4975(String), integer(String), var446(String), 2504(String), 2504(String), null, null, null, 446(Long), 446(String), null, 4976(String), integer(String), var445(String), 2504(String), 2504(String), null, null, null, 445(Long), 445(String), null, 4977(String), integer(String), var444(String), 2504(String), 2504(String), null, null, null, 444(Long), 444(String), null, 4978(String), integer(String), var443(String), 2504(String), 2504(String), null, null, null, 443(Long), 443(String), null, 4979(String), integer(String), var442(String), 2504(String), 2504(String), null, null, null, 442(Long), 442(String), null, 4980(String), integer(String), var441(String), 2504(String), 2504(String), null, null, null, 441(Long), 441(String), null, 4981(String), integer(String), var1900(String), 2504(String), 2504(String), null, null, null, 1900(Long), 1900(String), null, 4982(String), integer(String), var440(String), 2504(String), 2504(String), null, null, null, 440(Long), 440(String), null, 4983(String), integer(String), var1903(String), 2504(String), 2504(String), null, null, null, 1903(Long), 1903(String), null, 4984(String), integer(String), var1904(String), 2504(String), 2504(String), null, null, null, 1904(Long), 1904(String), null, 4985(String), integer(String), var1901(String), 2504(String), 2504(String), null, null, null, 1901(Long), 1901(String), null, 4986(String), integer(String), var1902(String), 2504(String), 2504(String), null, null, null, 1902(Long), 1902(String), null, 4987(String), integer(String), var1907(String), 2504(String), 2504(String), null, null, null, 1907(Long), 1907(String), null, 4988(String), integer(String), var449(String), 2504(String), 2504(String), null, null, null, 449(Long), 449(String), null, 4989(String), integer(String), var1908(String), 2504(String), 2504(String), null, null, null, 1908(Long), 1908(String), null, 4990(String), integer(String), var448(String), 2504(String), 2504(String), null, null, null, 448(Long), 448(String), null, 4991(String), integer(String), var1905(String), 2504(String), 2504(String), null, null, null, 1905(Long), 1905(String), null, 4992(String), integer(String), var447(String), 2504(String), 2504(String), null, null, null, 447(Long), 447(String), null, 4993(String), integer(String), var1906(String), 2504(String), 2504(String), null, null, null, 1906(Long), 1906(String), null, 4994(String), integer(String), var1909(String), 2504(String), 2504(String), null, null, null, 1909(Long), 1909(String), null, 4995(String), integer(String), var435(String), 2504(String), 2504(String), null, null, null, 435(Long), 435(String), null, 4996(String), integer(String), var434(String), 2504(String), 2504(String), null, null, null, 434(Long), 434(String), null, 4997(String), integer(String), var433(String), 2504(String), 2504(String), null, null, null, 433(Long), 433(String), null, 4998(String), integer(String), var432(String), 2504(String), 2504(String), null, null, null, 432(Long), 432(String), null, 4999(String), integer(String), var431(String), 2504(String), 2504(String), null, null, null, 431(Long), 431(String), null, 5000(String), integer(String), var1910(String), 2504(String), 2504(String), null, null, null, 1910(Long), 1910(String), null, 5001(String), integer(String), var430(String), 2504(String), 2504(String), null, null, null, 430(Long), 430(String), null, 5002(String), integer(String), var1911(String), 2504(String), 2504(String), null, null, null, 1911(Long), 1911(String), null, 5003(String), integer(String), var1914(String), 2504(String), 2504(String), null, null, null, 1914(Long), 1914(String), null, 5004(String), integer(String), var1915(String), 2504(String), 2504(String), null, null, null, 1915(Long), 1915(String), null
10:48:05,589 [main] DEBUG org.activiti.engine.impl.persistence.entity.VariableInstanceEntity.bulkInsertVariableInstance  - &lt;==    Updates: 100
10:48:05,591 [main] DEBUG org.activiti.engine.impl.persistence.entity.VariableInstanceEntity.bulkInsertVariableInstance  - ==&gt;  Preparing: INSERT INTO ACT_RU_VARIABLE (ID_, REV_, TYPE_, NAME_, PROC_INST_ID_, EXECUTION_ID_, TASK_ID_, BYTEARRAY_ID_, DOUBLE_, LONG_ , TEXT_, TEXT2_) VALUES (?, 1, ?, ?, ?, ?, ?, ?, ?, ?, ?, ?) , (?, 1, ?, ?, ?, ?, ?, ?, ?, ?, ?, ?) , (?, 1, ?, ?, ?, ?, ?, ?, ?, ?, ?, ?) , (?, 1, ?, ?, ?, ?, ?, ?, ?, ?, ?, ?) , (?, 1, ?, ?, ?, ?, ?, ?, ?, ?, ?, ?) , (?, 1, ?, ?, ?, ?, ?, ?, ?, ?, ?, ?) , (?, 1, ?, ?, ?, ?, ?, ?, ?, ?, ?, ?) , (?, 1, ?, ?, ?, ?, ?, ?, ?, ?, ?, ?) , (?, 1, ?, ?, ?, ?, ?, ?, ?, ?, ?, ?) , (?, 1, ?, ?, ?, ?, ?, ?, ?, ?, ?, ?) , (?, 1, ?, ?, ?, ?, ?, ?, ?, ?, ?, ?) , (?, 1, ?, ?, ?, ?, ?, ?, ?, ?, ?, ?) , (?, 1, ?, ?, ?, ?, ?, ?, ?, ?, ?, ?) , (?, 1, ?, ?, ?, ?, ?, ?, ?, ?, ?, ?) , (?, 1, ?, ?, ?, ?, ?, ?, ?, ?, ?, ?) , (?, 1, ?, ?, ?, ?, ?, ?, ?, ?, ?, ?) , (?, 1, ?, ?, ?, ?, ?, ?, ?, ?, ?, ?) , (?, 1, ?, ?, ?, ?, ?, ?, ?, ?, ?, ?) , (?, 1, ?, ?, ?, ?, ?, ?, ?, ?, ?, ?) , (?, 1, ?, ?, ?, ?, ?, ?, ?, ?, ?, ?) , (?, 1, ?, ?, ?, ?, ?, ?, ?, ?, ?, ?) , (?, 1, ?, ?, ?, ?, ?, ?, ?, ?, ?, ?) , (?, 1, ?, ?, ?, ?, ?, ?, ?, ?, ?, ?) , (?, 1, ?, ?, ?, ?, ?, ?, ?, ?, ?, ?) , (?, 1, ?, ?, ?, ?, ?, ?, ?, ?, ?, ?) , (?, 1, ?, ?, ?, ?, ?, ?, ?, ?, ?, ?) , (?, 1, ?, ?, ?, ?, ?, ?, ?, ?, ?, ?) , (?, 1, ?, ?, ?, ?, ?, ?, ?, ?, ?, ?) , (?, 1, ?, ?, ?, ?, ?, ?, ?, ?, ?, ?) , (?, 1, ?, ?, ?, ?, ?, ?, ?, ?, ?, ?) , (?, 1, ?, ?, ?, ?, ?, ?, ?, ?, ?, ?) , (?, 1, ?, ?, ?, ?, ?, ?, ?, ?, ?, ?) , (?, 1, ?, ?, ?, ?, ?, ?, ?, ?, ?, ?) , (?, 1, ?, ?, ?, ?, ?, ?, ?, ?, ?, ?) , (?, 1, ?, ?, ?, ?, ?, ?, ?, ?, ?, ?) , (?, 1, ?, ?, ?, ?, ?, ?, ?, ?, ?, ?) , (?, 1, ?, ?, ?, ?, ?, ?, ?, ?, ?, ?) , (?, 1, ?, ?, ?, ?, ?, ?, ?, ?, ?, ?) , (?, 1, ?, ?, ?, ?, ?, ?, ?, ?, ?, ?) , (?, 1, ?, ?, ?, ?, ?, ?, ?, ?, ?, ?) , (?, 1, ?, ?, ?, ?, ?, ?, ?, ?, ?, ?) , (?, 1, ?, ?, ?, ?, ?, ?, ?, ?, ?, ?) , (?, 1, ?, ?, ?, ?, ?, ?, ?, ?, ?, ?) , (?, 1, ?, ?, ?, ?, ?, ?, ?, ?, ?, ?) , (?, 1, ?, ?, ?, ?, ?, ?, ?, ?, ?, ?) , (?, 1, ?, ?, ?, ?, ?, ?, ?, ?, ?, ?) , (?, 1, ?, ?, ?, ?, ?, ?, ?, ?, ?, ?) , (?, 1, ?, ?, ?, ?, ?, ?, ?, ?, ?, ?) , (?, 1, ?, ?, ?, ?, ?, ?, ?, ?, ?, ?) , (?, 1, ?, ?, ?, ?, ?, ?, ?, ?, ?, ?) , (?, 1, ?, ?, ?, ?, ?, ?, ?, ?, ?, ?) , (?, 1, ?, ?, ?, ?, ?, ?, ?, ?, ?, ?) , (?, 1, ?, ?, ?, ?, ?, ?, ?, ?, ?, ?) , (?, 1, ?, ?, ?, ?, ?, ?, ?, ?, ?, ?) , (?, 1, ?, ?, ?, ?, ?, ?, ?, ?, ?, ?) , (?, 1, ?, ?, ?, ?, ?, ?, ?, ?, ?, ?) , (?, 1, ?, ?, ?, ?, ?, ?, ?, ?, ?, ?) , (?, 1, ?, ?, ?, ?, ?, ?, ?, ?, ?, ?) , (?, 1, ?, ?, ?, ?, ?, ?, ?, ?, ?, ?) , (?, 1, ?, ?, ?, ?, ?, ?, ?, ?, ?, ?) , (?, 1, ?, ?, ?, ?, ?, ?, ?, ?, ?, ?) , (?, 1, ?, ?, ?, ?, ?, ?, ?, ?, ?, ?) , (?, 1, ?, ?, ?, ?, ?, ?, ?, ?, ?, ?) , (?, 1, ?, ?, ?, ?, ?, ?, ?, ?, ?, ?) , (?, 1, ?, ?, ?, ?, ?, ?, ?, ?, ?, ?) , (?, 1, ?, ?, ?, ?, ?, ?, ?, ?, ?, ?) , (?, 1, ?, ?, ?, ?, ?, ?, ?, ?, ?, ?) , (?, 1, ?, ?, ?, ?, ?, ?, ?, ?, ?, ?) , (?, 1, ?, ?, ?, ?, ?, ?, ?, ?, ?, ?) , (?, 1, ?, ?, ?, ?, ?, ?, ?, ?, ?, ?) , (?, 1, ?, ?, ?, ?, ?, ?, ?, ?, ?, ?) , (?, 1, ?, ?, ?, ?, ?, ?, ?, ?, ?, ?) , (?, 1, ?, ?, ?, ?, ?, ?, ?, ?, ?, ?) , (?, 1, ?, ?, ?, ?, ?, ?, ?, ?, ?, ?) , (?, 1, ?, ?, ?, ?, ?, ?, ?, ?, ?, ?) , (?, 1, ?, ?, ?, ?, ?, ?, ?, ?, ?, ?) , (?, 1, ?, ?, ?, ?, ?, ?, ?, ?, ?, ?) , (?, 1, ?, ?, ?, ?, ?, ?, ?, ?, ?, ?) , (?, 1, ?, ?, ?, ?, ?, ?, ?, ?, ?, ?) , (?, 1, ?, ?, ?, ?, ?, ?, ?, ?, ?, ?) , (?, 1, ?, ?, ?, ?, ?, ?, ?, ?, ?, ?) , (?, 1, ?, ?, ?, ?, ?, ?, ?, ?, ?, ?) , (?, 1, ?, ?, ?, ?, ?, ?, ?, ?, ?, ?) , (?, 1, ?, ?, ?, ?, ?, ?, ?, ?, ?, ?) , (?, 1, ?, ?, ?, ?, ?, ?, ?, ?, ?, ?) , (?, 1, ?, ?, ?, ?, ?, ?, ?, ?, ?, ?) , (?, 1, ?, ?, ?, ?, ?, ?, ?, ?, ?, ?) , (?, 1, ?, ?, ?, ?, ?, ?, ?, ?, ?, ?) , (?, 1, ?, ?, ?, ?, ?, ?, ?, ?, ?, ?) , (?, 1, ?, ?, ?, ?, ?, ?, ?, ?, ?, ?) , (?, 1, ?, ?, ?, ?, ?, ?, ?, ?, ?, ?) , (?, 1, ?, ?, ?, ?, ?, ?, ?, ?, ?, ?) , (?, 1, ?, ?, ?, ?, ?, ?, ?, ?, ?, ?) , (?, 1, ?, ?, ?, ?, ?, ?, ?, ?, ?, ?) , (?, 1, ?, ?, ?, ?, ?, ?, ?, ?, ?, ?) , (?, 1, ?, ?, ?, ?, ?, ?, ?, ?, ?, ?) , (?, 1, ?, ?, ?, ?, ?, ?, ?, ?, ?, ?) , (?, 1, ?, ?, ?, ?, ?, ?, ?, ?, ?, ?) , (?, 1, ?, ?, ?, ?, ?, ?, ?, ?, ?, ?) , (?, 1, ?, ?, ?, ?, ?, ?, ?, ?, ?, ?) 
10:48:05,593 [main] DEBUG org.activiti.engine.impl.persistence.entity.VariableInstanceEntity.bulkInsertVariableInstance  - ==&gt; Parameters: 5005(String), integer(String), var1912(String), 2504(String), 2504(String), null, null, null, 1912(Long), 1912(String), null, 5006(String), integer(String), var1913(String), 2504(String), 2504(String), null, null, null, 1913(Long), 1913(String), null, 5007(String), integer(String), var439(String), 2504(String), 2504(String), null, null, null, 439(Long), 439(String), null, 5008(String), integer(String), var1918(String), 2504(String), 2504(String), null, null, null, 1918(Long), 1918(String), null, 5009(String), integer(String), var438(String), 2504(String), 2504(String), null, null, null, 438(Long), 438(String), null, 5010(String), integer(String), var1919(String), 2504(String), 2504(String), null, null, null, 1919(Long), 1919(String), null, 5011(String), integer(String), var437(String), 2504(String), 2504(String), null, null, null, 437(Long), 437(String), null, 5012(String), integer(String), var1916(String), 2504(String), 2504(String), null, null, null, 1916(Long), 1916(String), null, 5013(String), integer(String), var436(String), 2504(String), 2504(String), null, null, null, 436(Long), 436(String), null, 5014(String), integer(String), var1917(String), 2504(String), 2504(String), null, null, null, 1917(Long), 1917(String), null, 5015(String), integer(String), var1800(String), 2504(String), 2504(String), null, null, null, 1800(Long), 1800(String), null, 5016(String), integer(String), var1801(String), 2504(String), 2504(String), null, null, null, 1801(Long), 1801(String), null, 5017(String), integer(String), var1804(String), 2504(String), 2504(String), null, null, null, 1804(Long), 1804(String), null, 5018(String), integer(String), var1805(String), 2504(String), 2504(String), null, null, null, 1805(Long), 1805(String), null, 5019(String), integer(String), var1802(String), 2504(String), 2504(String), null, null, null, 1802(Long), 1802(String), null, 5020(String), integer(String), var1803(String), 2504(String), 2504(String), null, null, null, 1803(Long), 1803(String), null, 5021(String), integer(String), var1808(String), 2504(String), 2504(String), null, null, null, 1808(Long), 1808(String), null, 5022(String), integer(String), var1809(String), 2504(String), 2504(String), null, null, null, 1809(Long), 1809(String), null, 5023(String), integer(String), var1806(String), 2504(String), 2504(String), null, null, null, 1806(Long), 1806(String), null, 5024(String), integer(String), var1807(String), 2504(String), 2504(String), null, null, null, 1807(Long), 1807(String), null, 5025(String), integer(String), var1811(String), 2504(String), 2504(String), null, null, null, 1811(Long), 1811(String), null, 5026(String), integer(String), var1812(String), 2504(String), 2504(String), null, null, null, 1812(Long), 1812(String), null, 5027(String), integer(String), var1810(String), 2504(String), 2504(String), null, null, null, 1810(Long), 1810(String), null, 5028(String), integer(String), var1815(String), 2504(String), 2504(String), null, null, null, 1815(Long), 1815(String), null, 5029(String), integer(String), var1816(String), 2504(String), 2504(String), null, null, null, 1816(Long), 1816(String), null, 5030(String), integer(String), var1813(String), 2504(String), 2504(String), null, null, null, 1813(Long), 1813(String), null, 5031(String), integer(String), var1814(String), 2504(String), 2504(String), null, null, null, 1814(Long), 1814(String), null, 5032(String), integer(String), var1819(String), 2504(String), 2504(String), null, null, null, 1819(Long), 1819(String), null, 5033(String), integer(String), var1817(String), 2504(String), 2504(String), null, null, null, 1817(Long), 1817(String), null, 5034(String), integer(String), var1818(String), 2504(String), 2504(String), null, null, null, 1818(Long), 1818(String), null, 5035(String), integer(String), var1822(String), 2504(String), 2504(String), null, null, null, 1822(Long), 1822(String), null, 5036(String), integer(String), var1823(String), 2504(String), 2504(String), null, null, null, 1823(Long), 1823(String), null, 5037(String), integer(String), var1820(String), 2504(String), 2504(String), null, null, null, 1820(Long), 1820(String), null, 5038(String), integer(String), var1821(String), 2504(String), 2504(String), null, null, null, 1821(Long), 1821(String), null, 5039(String), integer(String), var1826(String), 2504(String), 2504(String), null, null, null, 1826(Long), 1826(String), null, 5040(String), integer(String), var1827(String), 2504(String), 2504(String), null, null, null, 1827(Long), 1827(String), null, 5041(String), integer(String), var1824(String), 2504(String), 2504(String), null, null, null, 1824(Long), 1824(String), null, 5042(String), integer(String), var1825(String), 2504(String), 2504(String), null, null, null, 1825(Long), 1825(String), null, 5043(String), integer(String), var1828(String), 2504(String), 2504(String), null, null, null, 1828(Long), 1828(String), null, 5044(String), integer(String), var1829(String), 2504(String), 2504(String), null, null, null, 1829(Long), 1829(String), null, 5045(String), integer(String), var1830(String), 2504(String), 2504(String), null, null, null, 1830(Long), 1830(String), null, 5046(String), integer(String), var1833(String), 2504(String), 2504(String), null, null, null, 1833(Long), 1833(String), null, 5047(String), integer(String), var1834(String), 2504(String), 2504(String), null, null, null, 1834(Long), 1834(String), null, 5048(String), integer(String), var1831(String), 2504(String), 2504(String), null, null, null, 1831(Long), 1831(String), null, 5049(String), integer(String), var1832(String), 2504(String), 2504(String), null, null, null, 1832(Long), 1832(String), null, 5050(String), integer(String), var1837(String), 2504(String), 2504(String), null, null, null, 1837(Long), 1837(String), null, 5051(String), integer(String), var1838(String), 2504(String), 2504(String), null, null, null, 1838(Long), 1838(String), null, 5052(String), integer(String), var1835(String), 2504(String), 2504(String), null, null, null, 1835(Long), 1835(String), null, 5053(String), integer(String), var1836(String), 2504(String), 2504(String), null, null, null, 1836(Long), 1836(String), null, 5054(String), integer(String), var1839(String), 2504(String), 2504(String), null, null, null, 1839(Long), 1839(String), null, 5055(String), integer(String), var1840(String), 2504(String), 2504(String), null, null, null, 1840(Long), 1840(String), null, 5056(String), integer(String), var1841(String), 2504(String), 2504(String), null, null, null, 1841(Long), 1841(String), null, 5057(String), integer(String), var1844(String), 2504(String), 2504(String), null, null, null, 1844(Long), 1844(String), null, 5058(String), integer(String), var1845(String), 2504(String), 2504(String), null, null, null, 1845(Long), 1845(String), null, 5059(String), integer(String), var1842(String), 2504(String), 2504(String), null, null, null, 1842(Long), 1842(String), null, 5060(String), integer(String), var1843(String), 2504(String), 2504(String), null, null, null, 1843(Long), 1843(String), null, 5061(String), integer(String), var1848(String), 2504(String), 2504(String), null, null, null, 1848(Long), 1848(String), null, 5062(String), integer(String), var1849(String), 2504(String), 2504(String), null, null, null, 1849(Long), 1849(String), null, 5063(String), integer(String), var1846(String), 2504(String), 2504(String), null, null, null, 1846(Long), 1846(String), null, 5064(String), integer(String), var1847(String), 2504(String), 2504(String), null, null, null, 1847(Long), 1847(String), null, 5065(String), integer(String), var1851(String), 2504(String), 2504(String), null, null, null, 1851(Long), 1851(String), null, 5066(String), integer(String), var1852(String), 2504(String), 2504(String), null, null, null, 1852(Long), 1852(String), null, 5067(String), integer(String), var1850(String), 2504(String), 2504(String), null, null, null, 1850(Long), 1850(String), null, 5068(String), integer(String), var1855(String), 2504(String), 2504(String), null, null, null, 1855(Long), 1855(String), null, 5069(String), integer(String), var1856(String), 2504(String), 2504(String), null, null, null, 1856(Long), 1856(String), null, 5070(String), integer(String), var1853(String), 2504(String), 2504(String), null, null, null, 1853(Long), 1853(String), null, 5071(String), integer(String), var1854(String), 2504(String), 2504(String), null, null, null, 1854(Long), 1854(String), null, 5072(String), integer(String), var1859(String), 2504(String), 2504(String), null, null, null, 1859(Long), 1859(String), null, 5073(String), integer(String), var1857(String), 2504(String), 2504(String), null, null, null, 1857(Long), 1857(String), null, 5074(String), integer(String), var1858(String), 2504(String), 2504(String), null, null, null, 1858(Long), 1858(String), null, 5075(String), integer(String), var1862(String), 2504(String), 2504(String), null, null, null, 1862(Long), 1862(String), null, 5076(String), integer(String), var1863(String), 2504(String), 2504(String), null, null, null, 1863(Long), 1863(String), null, 5077(String), integer(String), var1860(String), 2504(String), 2504(String), null, null, null, 1860(Long), 1860(String), null, 5078(String), integer(String), var1861(String), 2504(String), 2504(String), null, null, null, 1861(Long), 1861(String), null, 5079(String), integer(String), var1866(String), 2504(String), 2504(String), null, null, null, 1866(Long), 1866(String), null, 5080(String), integer(String), var1867(String), 2504(String), 2504(String), null, null, null, 1867(Long), 1867(String), null, 5081(String), integer(String), var1864(String), 2504(String), 2504(String), null, null, null, 1864(Long), 1864(String), null, 5082(String), integer(String), var1865(String), 2504(String), 2504(String), null, null, null, 1865(Long), 1865(String), null, 5083(String), integer(String), var1868(String), 2504(String), 2504(String), null, null, null, 1868(Long), 1868(String), null, 5084(String), integer(String), var1869(String), 2504(String), 2504(String), null, null, null, 1869(Long), 1869(String), null, 5085(String), integer(String), var394(String), 2504(String), 2504(String), null, null, null, 394(Long), 394(String), null, 5086(String), integer(String), var393(String), 2504(String), 2504(String), null, null, null, 393(Long), 393(String), null, 5087(String), integer(String), var392(String), 2504(String), 2504(String), null, null, null, 392(Long), 392(String), null, 5088(String), integer(String), var391(String), 2504(String), 2504(String), null, null, null, 391(Long), 391(String), null, 5089(String), integer(String), var390(String), 2504(String), 2504(String), null, null, null, 390(Long), 390(String), null, 5090(String), integer(String), var1870(String), 2504(String), 2504(String), null, null, null, 1870(Long), 1870(String), null, 5091(String), integer(String), var1873(String), 2504(String), 2504(String), null, null, null, 1873(Long), 1873(String), null, 5092(String), integer(String), var1874(String), 2504(String), 2504(String), null, null, null, 1874(Long), 1874(String), null, 5093(String), integer(String), var1871(String), 2504(String), 2504(String), null, null, null, 1871(Long), 1871(String), null, 5094(String), integer(String), var399(String), 2504(String), 2504(String), null, null, null, 399(Long), 399(String), null, 5095(String), integer(String), var1872(String), 2504(String), 2504(String), null, null, null, 1872(Long), 1872(String), null, 5096(String), integer(String), var398(String), 2504(String), 2504(String), null, null, null, 398(Long), 398(String), null, 5097(String), integer(String), var1877(String), 2504(String), 2504(String), null, null, null, 1877(Long), 1877(String), null, 5098(String), integer(String), var397(String), 2504(String), 2504(String), null, null, null, 397(Long), 397(String), null, 5099(String), integer(String), var1878(String), 2504(String), 2504(String), null, null, null, 1878(Long), 1878(String), null, 5100(String), integer(String), var396(String), 2504(String), 2504(String), null, null, null, 396(Long), 396(String), null, 5101(String), integer(String), var1875(String), 2504(String), 2504(String), null, null, null, 1875(Long), 1875(String), null, 5102(String), integer(String), var395(String), 2504(String), 2504(String), null, null, null, 395(Long), 395(String), null, 5103(String), integer(String), var1876(String), 2504(String), 2504(String), null, null, null, 1876(Long), 1876(String), null, 5104(String), integer(String), var1879(String), 2504(String), 2504(String), null, null, null, 1879(Long), 1879(String), null
10:48:05,593 [main] DEBUG org.activiti.engine.impl.persistence.entity.VariableInstanceEntity.bulkInsertVariableInstance  - &lt;==    Updates: 100
10:48:05,595 [Thread-106] DEBUG org.activiti.engine.impl.asyncexecutor.AcquireAsyncJobsDueRunnable  - async job acquisition thread woke up
10:48:05,595 [Thread-105] DEBUG org.activiti.engine.impl.asyncexecutor.AcquireTimerJobsRunnable  - timer job acquisition thread woke up
10:48:05,595 [Thread-103] DEBUG org.activiti.engine.impl.asyncexecutor.AcquireAsyncJobsDueRunnable  - async job acquisition thread woke up
10:48:05,595 [Thread-105] DEBUG org.activiti.engine.impl.interceptor.LogInterceptor  - 

10:48:05,595 [Thread-105] DEBUG org.activiti.engine.impl.interceptor.LogInterceptor  - --- starting AcquireTimerJobsCmd --------------------------------------------------------
10:48:05,595 [Thread-105] DEBUG org.apache.ibatis.transaction.jdbc.JdbcTransaction  - Opening JDBC Connection
10:48:05,595 [Thread-105] DEBUG org.apache.ibatis.datasource.pooled.PooledDataSource  - Checked out connection 1970103261 from pool.
10:48:05,595 [Thread-105] DEBUG org.apache.ibatis.transaction.jdbc.JdbcTransaction  - Setting autocommit to false on JDBC Connection [conn63: url=jdbc:h2:mem:activiti-AsyncExecutorTest user=SA]
10:48:05,595 [Thread-105] DEBUG org.activiti.engine.impl.persistence.entity.JobEntity.selectNextTimerJobsToExecute  - ==&gt;  Preparing: select RES.* from ACT_RU_JOB RES LEFT OUTER JOIN ACT_RU_EXECUTION PI ON PI.ID_ = RES.PROCESS_INSTANCE_ID_ where (RES.RETRIES_ &gt; 0) and (RES.DUEDATE_ is null or RES.DUEDATE_ &lt;= ?) and (RES.LOCK_OWNER_ is null or RES.LOCK_EXP_TIME_ &lt;= ?) and TYPE_ = &apos;timer&apos; and ( (RES.EXECUTION_ID_ is null) or (PI.SUSPENSION_STATE_ = 1) ) LIMIT ? OFFSET ? 
10:48:05,595 [Thread-106] DEBUG org.activiti.engine.impl.interceptor.LogInterceptor  - 

10:48:05,595 [Thread-112] DEBUG org.activiti.engine.impl.asyncexecutor.AcquireAsyncJobsDueRunnable  - async job acquisition thread woke up
10:48:05,596 [Thread-112] DEBUG org.activiti.engine.impl.interceptor.LogInterceptor  - 

10:48:05,595 [Thread-106] DEBUG org.activiti.engine.impl.interceptor.LogInterceptor  - --- starting AcquireAsyncJobsDueCmd --------------------------------------------------------
10:48:05,595 [Thread-105] DEBUG org.activiti.engine.impl.persistence.entity.JobEntity.selectNextTimerJobsToExecute  - ==&gt; Parameters: 2023-03-20 10:48:05.595(Timestamp), 2023-03-20 10:48:05.595(Timestamp), 1(Integer), 0(Integer)
10:48:05,595 [Thread-103] DEBUG org.activiti.engine.impl.interceptor.LogInterceptor  - 

10:48:05,596 [Thread-103] DEBUG org.activiti.engine.impl.interceptor.LogInterceptor  - --- starting AcquireAsyncJobsDueCmd --------------------------------------------------------
10:48:05,596 [Thread-103] DEBUG org.apache.ibatis.transaction.jdbc.JdbcTransaction  - Opening JDBC Connection
10:48:05,596 [Thread-106] DEBUG org.apache.ibatis.transaction.jdbc.JdbcTransaction  - Opening JDBC Connection
10:48:05,596 [Thread-106] DEBUG org.apache.ibatis.datasource.pooled.PooledDataSource  - Checked out connection 54468349 from pool.
10:48:05,596 [Thread-106] DEBUG org.apache.ibatis.transaction.jdbc.JdbcTransaction  - Setting autocommit to false on JDBC Connection [conn64: url=jdbc:h2:mem:activiti-AsyncExecutorTest user=SA]
10:48:05,596 [Thread-106] DEBUG org.activiti.engine.impl.persistence.entity.JobEntity.selectAsyncJobsDueToExecute  - ==&gt;  Preparing: select RES.* from ACT_RU_JOB RES LEFT OUTER JOIN ACT_RU_EXECUTION PI ON PI.ID_ = RES.PROCESS_INSTANCE_ID_ where RES.RETRIES_ &gt; 0 and RES.DUEDATE_ is not null and RES.DUEDATE_ &lt;= ? and (RES.LOCK_EXP_TIME_ is null or RES.LOCK_EXP_TIME_ &lt;= ?) and TYPE_ = &apos;message&apos; and ( (RES.EXECUTION_ID_ is null) or (PI.SUSPENSION_STATE_ = 1) ) LIMIT ? OFFSET ? 
10:48:05,596 [Thread-112] DEBUG org.activiti.engine.impl.interceptor.LogInterceptor  - --- starting AcquireAsyncJobsDueCmd --------------------------------------------------------
10:48:05,596 [Thread-106] DEBUG org.activiti.engine.impl.persistence.entity.JobEntity.selectAsyncJobsDueToExecute  - ==&gt; Parameters: 2023-03-20 10:48:05.596(Timestamp), 2023-03-20 10:48:05.596(Timestamp), 1(Integer), 0(Integer)
10:48:05,596 [Thread-103] DEBUG org.apache.ibatis.datasource.pooled.PooledDataSource  - Checked out connection 157985567 from pool.
10:48:05,596 [Thread-106] DEBUG org.activiti.engine.impl.persistence.entity.JobEntity.selectAsyncJobsDueToExecute  - &lt;==      Total: 0
10:48:05,596 [Thread-105] DEBUG org.activiti.engine.impl.persistence.entity.JobEntity.selectNextTimerJobsToExecute  - &lt;==      Total: 0
10:48:05,596 [Thread-106] DEBUG org.activiti.engine.impl.db.DbSqlSession  - flush summary: 0 insert, 0 update, 0 delete.
10:48:05,596 [Thread-106] DEBUG org.activiti.engine.impl.db.DbSqlSession  - now executing flush...
10:48:05,596 [Thread-103] DEBUG org.apache.ibatis.transaction.jdbc.JdbcTransaction  - Setting autocommit to false on JDBC Connection [conn61: url=jdbc:h2:mem:activiti-AsyncExecutorTest user=SA]
10:48:05,596 [Thread-112] DEBUG org.apache.ibatis.transaction.jdbc.JdbcTransaction  - Opening JDBC Connection
10:48:05,596 [Thread-112] DEBUG org.apache.ibatis.datasource.pooled.PooledDataSource  - Checked out connection 1863805930 from pool.
10:48:05,597 [Thread-112] DEBUG org.apache.ibatis.transaction.jdbc.JdbcTransaction  - Setting autocommit to false on JDBC Connection [conn69: url=jdbc:h2:mem:activiti-AsyncExecutorTest user=SA]
10:48:05,596 [Thread-103] DEBUG org.activiti.engine.impl.persistence.entity.JobEntity.selectAsyncJobsDueToExecute  - ==&gt;  Preparing: select RES.* from ACT_RU_JOB RES LEFT OUTER JOIN ACT_RU_EXECUTION PI ON PI.ID_ = RES.PROCESS_INSTANCE_ID_ where RES.RETRIES_ &gt; 0 and RES.DUEDATE_ is not null and RES.DUEDATE_ &lt;= ? and (RES.LOCK_EXP_TIME_ is null or RES.LOCK_EXP_TIME_ &lt;= ?) and TYPE_ = &apos;message&apos; and ( (RES.EXECUTION_ID_ is null) or (PI.SUSPENSION_STATE_ = 1) ) LIMIT ? OFFSET ? 
10:48:05,596 [Thread-106] DEBUG org.activiti.engine.impl.cfg.standalone.StandaloneMybatisTransactionContext  - firing event committing...
10:48:05,597 [Thread-106] DEBUG org.activiti.engine.impl.cfg.standalone.StandaloneMybatisTransactionContext  - committing the ibatis sql session...
10:48:05,597 [Thread-106] DEBUG org.activiti.engine.impl.cfg.standalone.StandaloneMybatisTransactionContext  - firing event committed...
10:48:05,596 [Thread-105] DEBUG org.activiti.engine.impl.db.DbSqlSession  - flush summary: 0 insert, 0 update, 0 delete.
10:48:05,597 [Thread-105] DEBUG org.activiti.engine.impl.db.DbSqlSession  - now executing flush...
10:48:05,597 [Thread-105] DEBUG org.activiti.engine.impl.cfg.standalone.StandaloneMybatisTransactionContext  - firing event committing...
10:48:05,597 [Thread-105] DEBUG org.activiti.engine.impl.cfg.standalone.StandaloneMybatisTransactionContext  - committing the ibatis sql session...
10:48:05,597 [Thread-105] DEBUG org.activiti.engine.impl.cfg.standalone.StandaloneMybatisTransactionContext  - firing event committed...
10:48:05,597 [Thread-106] DEBUG org.apache.ibatis.transaction.jdbc.JdbcTransaction  - Resetting autocommit to true on JDBC Connection [conn64: url=jdbc:h2:mem:activiti-AsyncExecutorTest user=SA]
10:48:05,597 [Thread-103] DEBUG org.activiti.engine.impl.persistence.entity.JobEntity.selectAsyncJobsDueToExecute  - ==&gt; Parameters: 2023-03-20 10:48:05.596(Timestamp), 2023-03-20 10:48:05.596(Timestamp), 1(Integer), 0(Integer)
10:48:05,597 [Thread-112] DEBUG org.activiti.engine.impl.persistence.entity.JobEntity.selectAsyncJobsDueToExecute  - ==&gt;  Preparing: select RES.* from ACT_RU_JOB RES LEFT OUTER JOIN ACT_RU_EXECUTION PI ON PI.ID_ = RES.PROCESS_INSTANCE_ID_ where RES.RETRIES_ &gt; 0 and RES.DUEDATE_ is not null and RES.DUEDATE_ &lt;= ? and (RES.LOCK_EXP_TIME_ is null or RES.LOCK_EXP_TIME_ &lt;= ?) and TYPE_ = &apos;message&apos; and ( (RES.EXECUTION_ID_ is null) or (PI.SUSPENSION_STATE_ = 1) ) LIMIT ? OFFSET ? 
10:48:05,597 [Thread-103] DEBUG org.activiti.engine.impl.persistence.entity.JobEntity.selectAsyncJobsDueToExecute  - &lt;==      Total: 0
10:48:05,597 [Thread-106] DEBUG org.apache.ibatis.transaction.jdbc.JdbcTransaction  - Closing JDBC Connection [conn64: url=jdbc:h2:mem:activiti-AsyncExecutorTest user=SA]
10:48:05,597 [Thread-106] DEBUG org.apache.ibatis.datasource.pooled.PooledDataSource  - Returned connection 54468349 to pool.
10:48:05,597 [Thread-105] DEBUG org.apache.ibatis.transaction.jdbc.JdbcTransaction  - Resetting autocommit to true on JDBC Connection [conn63: url=jdbc:h2:mem:activiti-AsyncExecutorTest user=SA]
10:48:05,597 [Thread-105] DEBUG org.apache.ibatis.transaction.jdbc.JdbcTransaction  - Closing JDBC Connection [conn63: url=jdbc:h2:mem:activiti-AsyncExecutorTest user=SA]
10:48:05,597 [Thread-105] DEBUG org.apache.ibatis.datasource.pooled.PooledDataSource  - Returned connection 1970103261 to pool.
10:48:05,597 [Thread-106] DEBUG org.activiti.engine.impl.interceptor.LogInterceptor  - --- AcquireAsyncJobsDueCmd finished --------------------------------------------------------
10:48:05,597 [Thread-106] DEBUG org.activiti.engine.impl.interceptor.LogInterceptor  - 

10:48:05,597 [main] DEBUG org.activiti.engine.impl.persistence.entity.VariableInstanceEntity.bulkInsertVariableInstance  - ==&gt;  Preparing: INSERT INTO ACT_RU_VARIABLE (ID_, REV_, TYPE_, NAME_, PROC_INST_ID_, EXECUTION_ID_, TASK_ID_, BYTEARRAY_ID_, DOUBLE_, LONG_ , TEXT_, TEXT2_) VALUES (?, 1, ?, ?, ?, ?, ?, ?, ?, ?, ?, ?) , (?, 1, ?, ?, ?, ?, ?, ?, ?, ?, ?, ?) , (?, 1, ?, ?, ?, ?, ?, ?, ?, ?, ?, ?) , (?, 1, ?, ?, ?, ?, ?, ?, ?, ?, ?, ?) , (?, 1, ?, ?, ?, ?, ?, ?, ?, ?, ?, ?) , (?, 1, ?, ?, ?, ?, ?, ?, ?, ?, ?, ?) , (?, 1, ?, ?, ?, ?, ?, ?, ?, ?, ?, ?) , (?, 1, ?, ?, ?, ?, ?, ?, ?, ?, ?, ?) , (?, 1, ?, ?, ?, ?, ?, ?, ?, ?, ?, ?) , (?, 1, ?, ?, ?, ?, ?, ?, ?, ?, ?, ?) , (?, 1, ?, ?, ?, ?, ?, ?, ?, ?, ?, ?) , (?, 1, ?, ?, ?, ?, ?, ?, ?, ?, ?, ?) , (?, 1, ?, ?, ?, ?, ?, ?, ?, ?, ?, ?) , (?, 1, ?, ?, ?, ?, ?, ?, ?, ?, ?, ?) , (?, 1, ?, ?, ?, ?, ?, ?, ?, ?, ?, ?) , (?, 1, ?, ?, ?, ?, ?, ?, ?, ?, ?, ?) , (?, 1, ?, ?, ?, ?, ?, ?, ?, ?, ?, ?) , (?, 1, ?, ?, ?, ?, ?, ?, ?, ?, ?, ?) , (?, 1, ?, ?, ?, ?, ?, ?, ?, ?, ?, ?) , (?, 1, ?, ?, ?, ?, ?, ?, ?, ?, ?, ?) , (?, 1, ?, ?, ?, ?, ?, ?, ?, ?, ?, ?) , (?, 1, ?, ?, ?, ?, ?, ?, ?, ?, ?, ?) , (?, 1, ?, ?, ?, ?, ?, ?, ?, ?, ?, ?) , (?, 1, ?, ?, ?, ?, ?, ?, ?, ?, ?, ?) , (?, 1, ?, ?, ?, ?, ?, ?, ?, ?, ?, ?) , (?, 1, ?, ?, ?, ?, ?, ?, ?, ?, ?, ?) , (?, 1, ?, ?, ?, ?, ?, ?, ?, ?, ?, ?) , (?, 1, ?, ?, ?, ?, ?, ?, ?, ?, ?, ?) , (?, 1, ?, ?, ?, ?, ?, ?, ?, ?, ?, ?) , (?, 1, ?, ?, ?, ?, ?, ?, ?, ?, ?, ?) , (?, 1, ?, ?, ?, ?, ?, ?, ?, ?, ?, ?) , (?, 1, ?, ?, ?, ?, ?, ?, ?, ?, ?, ?) , (?, 1, ?, ?, ?, ?, ?, ?, ?, ?, ?, ?) , (?, 1, ?, ?, ?, ?, ?, ?, ?, ?, ?, ?) , (?, 1, ?, ?, ?, ?, ?, ?, ?, ?, ?, ?) , (?, 1, ?, ?, ?, ?, ?, ?, ?, ?, ?, ?) , (?, 1, ?, ?, ?, ?, ?, ?, ?, ?, ?, ?) , (?, 1, ?, ?, ?, ?, ?, ?, ?, ?, ?, ?) , (?, 1, ?, ?, ?, ?, ?, ?, ?, ?, ?, ?) , (?, 1, ?, ?, ?, ?, ?, ?, ?, ?, ?, ?) , (?, 1, ?, ?, ?, ?, ?, ?, ?, ?, ?, ?) , (?, 1, ?, ?, ?, ?, ?, ?, ?, ?, ?, ?) , (?, 1, ?, ?, ?, ?, ?, ?, ?, ?, ?, ?) , (?, 1, ?, ?, ?, ?, ?, ?, ?, ?, ?, ?) , (?, 1, ?, ?, ?, ?, ?, ?, ?, ?, ?, ?) , (?, 1, ?, ?, ?, ?, ?, ?, ?, ?, ?, ?) , (?, 1, ?, ?, ?, ?, ?, ?, ?, ?, ?, ?) , (?, 1, ?, ?, ?, ?, ?, ?, ?, ?, ?, ?) , (?, 1, ?, ?, ?, ?, ?, ?, ?, ?, ?, ?) , (?, 1, ?, ?, ?, ?, ?, ?, ?, ?, ?, ?) , (?, 1, ?, ?, ?, ?, ?, ?, ?, ?, ?, ?) , (?, 1, ?, ?, ?, ?, ?, ?, ?, ?, ?, ?) , (?, 1, ?, ?, ?, ?, ?, ?, ?, ?, ?, ?) , (?, 1, ?, ?, ?, ?, ?, ?, ?, ?, ?, ?) , (?, 1, ?, ?, ?, ?, ?, ?, ?, ?, ?, ?) , (?, 1, ?, ?, ?, ?, ?, ?, ?, ?, ?, ?) , (?, 1, ?, ?, ?, ?, ?, ?, ?, ?, ?, ?) , (?, 1, ?, ?, ?, ?, ?, ?, ?, ?, ?, ?) , (?, 1, ?, ?, ?, ?, ?, ?, ?, ?, ?, ?) , (?, 1, ?, ?, ?, ?, ?, ?, ?, ?, ?, ?) , (?, 1, ?, ?, ?, ?, ?, ?, ?, ?, ?, ?) , (?, 1, ?, ?, ?, ?, ?, ?, ?, ?, ?, ?) , (?, 1, ?, ?, ?, ?, ?, ?, ?, ?, ?, ?) , (?, 1, ?, ?, ?, ?, ?, ?, ?, ?, ?, ?) , (?, 1, ?, ?, ?, ?, ?, ?, ?, ?, ?, ?) , (?, 1, ?, ?, ?, ?, ?, ?, ?, ?, ?, ?) , (?, 1, ?, ?, ?, ?, ?, ?, ?, ?, ?, ?) , (?, 1, ?, ?, ?, ?, ?, ?, ?, ?, ?, ?) , (?, 1, ?, ?, ?, ?, ?, ?, ?, ?, ?, ?) , (?, 1, ?, ?, ?, ?, ?, ?, ?, ?, ?, ?) , (?, 1, ?, ?, ?, ?, ?, ?, ?, ?, ?, ?) , (?, 1, ?, ?, ?, ?, ?, ?, ?, ?, ?, ?) , (?, 1, ?, ?, ?, ?, ?, ?, ?, ?, ?, ?) , (?, 1, ?, ?, ?, ?, ?, ?, ?, ?, ?, ?) , (?, 1, ?, ?, ?, ?, ?, ?, ?, ?, ?, ?) , (?, 1, ?, ?, ?, ?, ?, ?, ?, ?, ?, ?) , (?, 1, ?, ?, ?, ?, ?, ?, ?, ?, ?, ?) , (?, 1, ?, ?, ?, ?, ?, ?, ?, ?, ?, ?) , (?, 1, ?, ?, ?, ?, ?, ?, ?, ?, ?, ?) , (?, 1, ?, ?, ?, ?, ?, ?, ?, ?, ?, ?) , (?, 1, ?, ?, ?, ?, ?, ?, ?, ?, ?, ?) , (?, 1, ?, ?, ?, ?, ?, ?, ?, ?, ?, ?) , (?, 1, ?, ?, ?, ?, ?, ?, ?, ?, ?, ?) , (?, 1, ?, ?, ?, ?, ?, ?, ?, ?, ?, ?) , (?, 1, ?, ?, ?, ?, ?, ?, ?, ?, ?, ?) , (?, 1, ?, ?, ?, ?, ?, ?, ?, ?, ?, ?) , (?, 1, ?, ?, ?, ?, ?, ?, ?, ?, ?, ?) , (?, 1, ?, ?, ?, ?, ?, ?, ?, ?, ?, ?) , (?, 1, ?, ?, ?, ?, ?, ?, ?, ?, ?, ?) , (?, 1, ?, ?, ?, ?, ?, ?, ?, ?, ?, ?) , (?, 1, ?, ?, ?, ?, ?, ?, ?, ?, ?, ?) , (?, 1, ?, ?, ?, ?, ?, ?, ?, ?, ?, ?) , (?, 1, ?, ?, ?, ?, ?, ?, ?, ?, ?, ?) , (?, 1, ?, ?, ?, ?, ?, ?, ?, ?, ?, ?) , (?, 1, ?, ?, ?, ?, ?, ?, ?, ?, ?, ?) , (?, 1, ?, ?, ?, ?, ?, ?, ?, ?, ?, ?) , (?, 1, ?, ?, ?, ?, ?, ?, ?, ?, ?, ?) , (?, 1, ?, ?, ?, ?, ?, ?, ?, ?, ?, ?) , (?, 1, ?, ?, ?, ?, ?, ?, ?, ?, ?, ?) , (?, 1, ?, ?, ?, ?, ?, ?, ?, ?, ?, ?) 
10:48:05,597 [Thread-103] DEBUG org.activiti.engine.impl.db.DbSqlSession  - flush summary: 0 insert, 0 update, 0 delete.
10:48:05,597 [Thread-103] DEBUG org.activiti.engine.impl.db.DbSqlSession  - now executing flush...
10:48:05,597 [Thread-103] DEBUG org.activiti.engine.impl.cfg.standalone.StandaloneMybatisTransactionContext  - firing event committing...
10:48:05,597 [Thread-103] DEBUG org.activiti.engine.impl.cfg.standalone.StandaloneMybatisTransactionContext  - committing the ibatis sql session...
10:48:05,598 [Thread-103] DEBUG org.activiti.engine.impl.cfg.standalone.StandaloneMybatisTransactionContext  - firing event committed...
10:48:05,598 [Thread-103] DEBUG org.apache.ibatis.transaction.jdbc.JdbcTransaction  - Resetting autocommit to true on JDBC Connection [conn61: url=jdbc:h2:mem:activiti-AsyncExecutorTest user=SA]
10:48:05,598 [Thread-103] DEBUG org.apache.ibatis.transaction.jdbc.JdbcTransaction  - Closing JDBC Connection [conn61: url=jdbc:h2:mem:activiti-AsyncExecutorTest user=SA]
10:48:05,597 [Thread-112] DEBUG org.activiti.engine.impl.persistence.entity.JobEntity.selectAsyncJobsDueToExecute  - ==&gt; Parameters: 2023-03-20 10:48:05.596(Timestamp), 2023-03-20 10:48:05.596(Timestamp), 1(Integer), 0(Integer)
10:48:05,598 [Thread-103] DEBUG org.apache.ibatis.datasource.pooled.PooledDataSource  - Returned connection 157985567 to pool.
10:48:05,598 [Thread-103] DEBUG org.activiti.engine.impl.interceptor.LogInterceptor  - --- AcquireAsyncJobsDueCmd finished --------------------------------------------------------
10:48:05,598 [Thread-103] DEBUG org.activiti.engine.impl.interceptor.LogInterceptor  - 

10:48:05,597 [Thread-106] DEBUG org.activiti.engine.impl.asyncexecutor.AcquireAsyncJobsDueRunnable  - async job acquisition thread sleeping for 50 millis
10:48:05,597 [Thread-105] DEBUG org.activiti.engine.impl.interceptor.LogInterceptor  - --- AcquireTimerJobsCmd finished --------------------------------------------------------
10:48:05,598 [Thread-105] DEBUG org.activiti.engine.impl.interceptor.LogInterceptor  - 

10:48:05,598 [Thread-105] DEBUG org.activiti.engine.impl.asyncexecutor.AcquireTimerJobsRunnable  - timer job acquisition thread sleeping for 50 millis
10:48:05,598 [Thread-103] DEBUG org.activiti.engine.impl.asyncexecutor.AcquireAsyncJobsDueRunnable  - async job acquisition thread sleeping for 50 millis
10:48:05,598 [Thread-112] DEBUG org.activiti.engine.impl.persistence.entity.JobEntity.selectAsyncJobsDueToExecute  - &lt;==      Total: 0
10:48:05,598 [Thread-112] DEBUG org.activiti.engine.impl.db.DbSqlSession  - flush summary: 0 insert, 0 update, 0 delete.
10:48:05,598 [Thread-112] DEBUG org.activiti.engine.impl.db.DbSqlSession  - now executing flush...
10:48:05,598 [Thread-112] DEBUG org.activiti.engine.impl.cfg.standalone.StandaloneMybatisTransactionContext  - firing event committing...
10:48:05,598 [Thread-112] DEBUG org.activiti.engine.impl.cfg.standalone.StandaloneMybatisTransactionContext  - committing the ibatis sql session...
10:48:05,598 [Thread-112] DEBUG org.activiti.engine.impl.cfg.standalone.StandaloneMybatisTransactionContext  - firing event committed...
10:48:05,598 [Thread-112] DEBUG org.apache.ibatis.transaction.jdbc.JdbcTransaction  - Resetting autocommit to true on JDBC Connection [conn69: url=jdbc:h2:mem:activiti-AsyncExecutorTest user=SA]
10:48:05,598 [Thread-112] DEBUG org.apache.ibatis.transaction.jdbc.JdbcTransaction  - Closing JDBC Connection [conn69: url=jdbc:h2:mem:activiti-AsyncExecutorTest user=SA]
10:48:05,598 [Thread-112] DEBUG org.apache.ibatis.datasource.pooled.PooledDataSource  - Returned connection 1863805930 to pool.
10:48:05,598 [Thread-112] DEBUG org.activiti.engine.impl.interceptor.LogInterceptor  - --- AcquireAsyncJobsDueCmd finished --------------------------------------------------------
10:48:05,598 [Thread-112] DEBUG org.activiti.engine.impl.interceptor.LogInterceptor  - 

10:48:05,598 [Thread-112] DEBUG org.activiti.engine.impl.asyncexecutor.AcquireAsyncJobsDueRunnable  - async job acquisition thread sleeping for 50 millis
10:48:05,599 [main] DEBUG org.activiti.engine.impl.persistence.entity.VariableInstanceEntity.bulkInsertVariableInstance  - ==&gt; Parameters: 5105(String), integer(String), var1880(String), 2504(String), 2504(String), null, null, null, 1880(Long), 1880(String), null, 5106(String), integer(String), var1881(String), 2504(String), 2504(String), null, null, null, 1881(Long), 1881(String), null, 5107(String), integer(String), var1884(String), 2504(String), 2504(String), null, null, null, 1884(Long), 1884(String), null, 5108(String), integer(String), var1885(String), 2504(String), 2504(String), null, null, null, 1885(Long), 1885(String), null, 5109(String), integer(String), var1882(String), 2504(String), 2504(String), null, null, null, 1882(Long), 1882(String), null, 5110(String), integer(String), var1883(String), 2504(String), 2504(String), null, null, null, 1883(Long), 1883(String), null, 5111(String), integer(String), var1888(String), 2504(String), 2504(String), null, null, null, 1888(Long), 1888(String), null, 5112(String), integer(String), var1889(String), 2504(String), 2504(String), null, null, null, 1889(Long), 1889(String), null, 5113(String), integer(String), var1886(String), 2504(String), 2504(String), null, null, null, 1886(Long), 1886(String), null, 5114(String), integer(String), var1887(String), 2504(String), 2504(String), null, null, null, 1887(Long), 1887(String), null, 5115(String), integer(String), var1891(String), 2504(String), 2504(String), null, null, null, 1891(Long), 1891(String), null, 5116(String), integer(String), var1892(String), 2504(String), 2504(String), null, null, null, 1892(Long), 1892(String), null, 5117(String), integer(String), var1890(String), 2504(String), 2504(String), null, null, null, 1890(Long), 1890(String), null, 5118(String), integer(String), var1895(String), 2504(String), 2504(String), null, null, null, 1895(Long), 1895(String), null, 5119(String), integer(String), var1896(String), 2504(String), 2504(String), null, null, null, 1896(Long), 1896(String), null, 5120(String), integer(String), var1893(String), 2504(String), 2504(String), null, null, null, 1893(Long), 1893(String), null, 5121(String), integer(String), var1894(String), 2504(String), 2504(String), null, null, null, 1894(Long), 1894(String), null, 5122(String), integer(String), var1899(String), 2504(String), 2504(String), null, null, null, 1899(Long), 1899(String), null, 5123(String), integer(String), var1897(String), 2504(String), 2504(String), null, null, null, 1897(Long), 1897(String), null, 5124(String), integer(String), var1898(String), 2504(String), 2504(String), null, null, null, 1898(Long), 1898(String), null, 5125(String), integer(String), var3601(String), 2504(String), 2504(String), null, null, null, 3601(Long), 3601(String), null, 5126(String), integer(String), var3600(String), 2504(String), 2504(String), null, null, null, 3600(Long), 3600(String), null, 5127(String), integer(String), var3605(String), 2504(String), 2504(String), null, null, null, 3605(Long), 3605(String), null, 5128(String), integer(String), var3604(String), 2504(String), 2504(String), null, null, null, 3604(Long), 3604(String), null, 5129(String), integer(String), var3603(String), 2504(String), 2504(String), null, null, null, 3603(Long), 3603(String), null, 5130(String), integer(String), var3602(String), 2504(String), 2504(String), null, null, null, 3602(Long), 3602(String), null, 5131(String), integer(String), var3609(String), 2504(String), 2504(String), null, null, null, 3609(Long), 3609(String), null, 5132(String), integer(String), var3608(String), 2504(String), 2504(String), null, null, null, 3608(Long), 3608(String), null, 5133(String), integer(String), var3607(String), 2504(String), 2504(String), null, null, null, 3607(Long), 3607(String), null, 5134(String), integer(String), var3606(String), 2504(String), 2504(String), null, null, null, 3606(Long), 3606(String), null, 5135(String), integer(String), var3612(String), 2504(String), 2504(String), null, null, null, 3612(Long), 3612(String), null, 5136(String), integer(String), var3611(String), 2504(String), 2504(String), null, null, null, 3611(Long), 3611(String), null, 5137(String), integer(String), var3610(String), 2504(String), 2504(String), null, null, null, 3610(Long), 3610(String), null, 5138(String), integer(String), var3616(String), 2504(String), 2504(String), null, null, null, 3616(Long), 3616(String), null, 5139(String), integer(String), var3615(String), 2504(String), 2504(String), null, null, null, 3615(Long), 3615(String), null, 5140(String), integer(String), var3614(String), 2504(String), 2504(String), null, null, null, 3614(Long), 3614(String), null, 5141(String), integer(String), var3613(String), 2504(String), 2504(String), null, null, null, 3613(Long), 3613(String), null, 5142(String), integer(String), var3619(String), 2504(String), 2504(String), null, null, null, 3619(Long), 3619(String), null, 5143(String), integer(String), var3618(String), 2504(String), 2504(String), null, null, null, 3618(Long), 3618(String), null, 5144(String), integer(String), var3617(String), 2504(String), 2504(String), null, null, null, 3617(Long), 3617(String), null, 5145(String), integer(String), var3623(String), 2504(String), 2504(String), null, null, null, 3623(Long), 3623(String), null, 5146(String), integer(String), var3622(String), 2504(String), 2504(String), null, null, null, 3622(Long), 3622(String), null, 5147(String), integer(String), var3621(String), 2504(String), 2504(String), null, null, null, 3621(Long), 3621(String), null, 5148(String), integer(String), var3620(String), 2504(String), 2504(String), null, null, null, 3620(Long), 3620(String), null, 5149(String), integer(String), var3627(String), 2504(String), 2504(String), null, null, null, 3627(Long), 3627(String), null, 5150(String), integer(String), var3626(String), 2504(String), 2504(String), null, null, null, 3626(Long), 3626(String), null, 5151(String), integer(String), var3625(String), 2504(String), 2504(String), null, null, null, 3625(Long), 3625(String), null, 5152(String), integer(String), var3624(String), 2504(String), 2504(String), null, null, null, 3624(Long), 3624(String), null, 5153(String), integer(String), var3629(String), 2504(String), 2504(String), null, null, null, 3629(Long), 3629(String), null, 5154(String), integer(String), var3628(String), 2504(String), 2504(String), null, null, null, 3628(Long), 3628(String), null, 5155(String), integer(String), var3630(String), 2504(String), 2504(String), null, null, null, 3630(Long), 3630(String), null, 5156(String), integer(String), var2303(String), 2504(String), 2504(String), null, null, null, 2303(Long), 2303(String), null, 5157(String), integer(String), var3634(String), 2504(String), 2504(String), null, null, null, 3634(Long), 3634(String), null, 5158(String), integer(String), var2302(String), 2504(String), 2504(String), null, null, null, 2302(Long), 2302(String), null, 5159(String), integer(String), var3633(String), 2504(String), 2504(String), null, null, null, 3633(Long), 3633(String), null, 5160(String), integer(String), var2301(String), 2504(String), 2504(String), null, null, null, 2301(Long), 2301(String), null, 5161(String), integer(String), var3632(String), 2504(String), 2504(String), null, null, null, 3632(Long), 3632(String), null, 5162(String), integer(String), var2300(String), 2504(String), 2504(String), null, null, null, 2300(Long), 2300(String), null, 5163(String), integer(String), var3631(String), 2504(String), 2504(String), null, null, null, 3631(Long), 3631(String), null, 5164(String), integer(String), var2307(String), 2504(String), 2504(String), null, null, null, 2307(Long), 2307(String), null, 5165(String), integer(String), var3638(String), 2504(String), 2504(String), null, null, null, 3638(Long), 3638(String), null, 5166(String), integer(String), var2306(String), 2504(String), 2504(String), null, null, null, 2306(Long), 2306(String), null, 5167(String), integer(String), var3637(String), 2504(String), 2504(String), null, null, null, 3637(Long), 3637(String), null, 5168(String), integer(String), var2305(String), 2504(String), 2504(String), null, null, null, 2305(Long), 2305(String), null, 5169(String), integer(String), var3636(String), 2504(String), 2504(String), null, null, null, 3636(Long), 3636(String), null, 5170(String), integer(String), var2304(String), 2504(String), 2504(String), null, null, null, 2304(Long), 2304(String), null, 5171(String), integer(String), var3635(String), 2504(String), 2504(String), null, null, null, 3635(Long), 3635(String), null, 5172(String), integer(String), var2309(String), 2504(String), 2504(String), null, null, null, 2309(Long), 2309(String), null, 5173(String), integer(String), var2308(String), 2504(String), 2504(String), null, null, null, 2308(Long), 2308(String), null, 5174(String), integer(String), var3639(String), 2504(String), 2504(String), null, null, null, 3639(Long), 3639(String), null, 5175(String), integer(String), var2310(String), 2504(String), 2504(String), null, null, null, 2310(Long), 2310(String), null, 5176(String), integer(String), var3641(String), 2504(String), 2504(String), null, null, null, 3641(Long), 3641(String), null, 5177(String), integer(String), var3640(String), 2504(String), 2504(String), null, null, null, 3640(Long), 3640(String), null, 5178(String), integer(String), var2314(String), 2504(String), 2504(String), null, null, null, 2314(Long), 2314(String), null, 5179(String), integer(String), var3645(String), 2504(String), 2504(String), null, null, null, 3645(Long), 3645(String), null, 5180(String), integer(String), var2313(String), 2504(String), 2504(String), null, null, null, 2313(Long), 2313(String), null, 5181(String), integer(String), var3644(String), 2504(String), 2504(String), null, null, null, 3644(Long), 3644(String), null, 5182(String), integer(String), var2312(String), 2504(String), 2504(String), null, null, null, 2312(Long), 2312(String), null, 5183(String), integer(String), var3643(String), 2504(String), 2504(String), null, null, null, 3643(Long), 3643(String), null, 5184(String), integer(String), var2311(String), 2504(String), 2504(String), null, null, null, 2311(Long), 2311(String), null, 5185(String), integer(String), var3642(String), 2504(String), 2504(String), null, null, null, 3642(Long), 3642(String), null, 5186(String), integer(String), var2318(String), 2504(String), 2504(String), null, null, null, 2318(Long), 2318(String), null, 5187(String), integer(String), var3649(String), 2504(String), 2504(String), null, null, null, 3649(Long), 3649(String), null, 5188(String), integer(String), var2317(String), 2504(String), 2504(String), null, null, null, 2317(Long), 2317(String), null, 5189(String), integer(String), var3648(String), 2504(String), 2504(String), null, null, null, 3648(Long), 3648(String), null, 5190(String), integer(String), var2316(String), 2504(String), 2504(String), null, null, null, 2316(Long), 2316(String), null, 5191(String), integer(String), var3647(String), 2504(String), 2504(String), null, null, null, 3647(Long), 3647(String), null, 5192(String), integer(String), var2315(String), 2504(String), 2504(String), null, null, null, 2315(Long), 2315(String), null, 5193(String), integer(String), var3646(String), 2504(String), 2504(String), null, null, null, 3646(Long), 3646(String), null, 5194(String), integer(String), var2319(String), 2504(String), 2504(String), null, null, null, 2319(Long), 2319(String), null, 5195(String), integer(String), var2321(String), 2504(String), 2504(String), null, null, null, 2321(Long), 2321(String), null, 5196(String), integer(String), var3652(String), 2504(String), 2504(String), null, null, null, 3652(Long), 3652(String), null, 5197(String), integer(String), var2320(String), 2504(String), 2504(String), null, null, null, 2320(Long), 2320(String), null, 5198(String), integer(String), var3651(String), 2504(String), 2504(String), null, null, null, 3651(Long), 3651(String), null, 5199(String), integer(String), var3650(String), 2504(String), 2504(String), null, null, null, 3650(Long), 3650(String), null, 5200(String), integer(String), var2325(String), 2504(String), 2504(String), null, null, null, 2325(Long), 2325(String), null, 5201(String), integer(String), var3656(String), 2504(String), 2504(String), null, null, null, 3656(Long), 3656(String), null, 5202(String), integer(String), var2324(String), 2504(String), 2504(String), null, null, null, 2324(Long), 2324(String), null, 5203(String), integer(String), var3655(String), 2504(String), 2504(String), null, null, null, 3655(Long), 3655(String), null, 5204(String), integer(String), var2323(String), 2504(String), 2504(String), null, null, null, 2323(Long), 2323(String), null
10:48:05,599 [main] DEBUG org.activiti.engine.impl.persistence.entity.VariableInstanceEntity.bulkInsertVariableInstance  - &lt;==    Updates: 100
10:48:05,602 [main] DEBUG org.activiti.engine.impl.persistence.entity.VariableInstanceEntity.bulkInsertVariableInstance  - ==&gt;  Preparing: INSERT INTO ACT_RU_VARIABLE (ID_, REV_, TYPE_, NAME_, PROC_INST_ID_, EXECUTION_ID_, TASK_ID_, BYTEARRAY_ID_, DOUBLE_, LONG_ , TEXT_, TEXT2_) VALUES (?, 1, ?, ?, ?, ?, ?, ?, ?, ?, ?, ?) , (?, 1, ?, ?, ?, ?, ?, ?, ?, ?, ?, ?) , (?, 1, ?, ?, ?, ?, ?, ?, ?, ?, ?, ?) , (?, 1, ?, ?, ?, ?, ?, ?, ?, ?, ?, ?) , (?, 1, ?, ?, ?, ?, ?, ?, ?, ?, ?, ?) , (?, 1, ?, ?, ?, ?, ?, ?, ?, ?, ?, ?) , (?, 1, ?, ?, ?, ?, ?, ?, ?, ?, ?, ?) , (?, 1, ?, ?, ?, ?, ?, ?, ?, ?, ?, ?) , (?, 1, ?, ?, ?, ?, ?, ?, ?, ?, ?, ?) , (?, 1, ?, ?, ?, ?, ?, ?, ?, ?, ?, ?) , (?, 1, ?, ?, ?, ?, ?, ?, ?, ?, ?, ?) , (?, 1, ?, ?, ?, ?, ?, ?, ?, ?, ?, ?) , (?, 1, ?, ?, ?, ?, ?, ?, ?, ?, ?, ?) , (?, 1, ?, ?, ?, ?, ?, ?, ?, ?, ?, ?) , (?, 1, ?, ?, ?, ?, ?, ?, ?, ?, ?, ?) , (?, 1, ?, ?, ?, ?, ?, ?, ?, ?, ?, ?) , (?, 1, ?, ?, ?, ?, ?, ?, ?, ?, ?, ?) , (?, 1, ?, ?, ?, ?, ?, ?, ?, ?, ?, ?) , (?, 1, ?, ?, ?, ?, ?, ?, ?, ?, ?, ?) , (?, 1, ?, ?, ?, ?, ?, ?, ?, ?, ?, ?) , (?, 1, ?, ?, ?, ?, ?, ?, ?, ?, ?, ?) , (?, 1, ?, ?, ?, ?, ?, ?, ?, ?, ?, ?) , (?, 1, ?, ?, ?, ?, ?, ?, ?, ?, ?, ?) , (?, 1, ?, ?, ?, ?, ?, ?, ?, ?, ?, ?) , (?, 1, ?, ?, ?, ?, ?, ?, ?, ?, ?, ?) , (?, 1, ?, ?, ?, ?, ?, ?, ?, ?, ?, ?) , (?, 1, ?, ?, ?, ?, ?, ?, ?, ?, ?, ?) , (?, 1, ?, ?, ?, ?, ?, ?, ?, ?, ?, ?) , (?, 1, ?, ?, ?, ?, ?, ?, ?, ?, ?, ?) , (?, 1, ?, ?, ?, ?, ?, ?, ?, ?, ?, ?) , (?, 1, ?, ?, ?, ?, ?, ?, ?, ?, ?, ?) , (?, 1, ?, ?, ?, ?, ?, ?, ?, ?, ?, ?) , (?, 1, ?, ?, ?, ?, ?, ?, ?, ?, ?, ?) , (?, 1, ?, ?, ?, ?, ?, ?, ?, ?, ?, ?) , (?, 1, ?, ?, ?, ?, ?, ?, ?, ?, ?, ?) , (?, 1, ?, ?, ?, ?, ?, ?, ?, ?, ?, ?) , (?, 1, ?, ?, ?, ?, ?, ?, ?, ?, ?, ?) , (?, 1, ?, ?, ?, ?, ?, ?, ?, ?, ?, ?) , (?, 1, ?, ?, ?, ?, ?, ?, ?, ?, ?, ?) , (?, 1, ?, ?, ?, ?, ?, ?, ?, ?, ?, ?) , (?, 1, ?, ?, ?, ?, ?, ?, ?, ?, ?, ?) , (?, 1, ?, ?, ?, ?, ?, ?, ?, ?, ?, ?) , (?, 1, ?, ?, ?, ?, ?, ?, ?, ?, ?, ?) , (?, 1, ?, ?, ?, ?, ?, ?, ?, ?, ?, ?) , (?, 1, ?, ?, ?, ?, ?, ?, ?, ?, ?, ?) , (?, 1, ?, ?, ?, ?, ?, ?, ?, ?, ?, ?) , (?, 1, ?, ?, ?, ?, ?, ?, ?, ?, ?, ?) , (?, 1, ?, ?, ?, ?, ?, ?, ?, ?, ?, ?) , (?, 1, ?, ?, ?, ?, ?, ?, ?, ?, ?, ?) , (?, 1, ?, ?, ?, ?, ?, ?, ?, ?, ?, ?) , (?, 1, ?, ?, ?, ?, ?, ?, ?, ?, ?, ?) , (?, 1, ?, ?, ?, ?, ?, ?, ?, ?, ?, ?) , (?, 1, ?, ?, ?, ?, ?, ?, ?, ?, ?, ?) , (?, 1, ?, ?, ?, ?, ?, ?, ?, ?, ?, ?) , (?, 1, ?, ?, ?, ?, ?, ?, ?, ?, ?, ?) , (?, 1, ?, ?, ?, ?, ?, ?, ?, ?, ?, ?) , (?, 1, ?, ?, ?, ?, ?, ?, ?, ?, ?, ?) , (?, 1, ?, ?, ?, ?, ?, ?, ?, ?, ?, ?) , (?, 1, ?, ?, ?, ?, ?, ?, ?, ?, ?, ?) , (?, 1, ?, ?, ?, ?, ?, ?, ?, ?, ?, ?) , (?, 1, ?, ?, ?, ?, ?, ?, ?, ?, ?, ?) , (?, 1, ?, ?, ?, ?, ?, ?, ?, ?, ?, ?) , (?, 1, ?, ?, ?, ?, ?, ?, ?, ?, ?, ?) , (?, 1, ?, ?, ?, ?, ?, ?, ?, ?, ?, ?) , (?, 1, ?, ?, ?, ?, ?, ?, ?, ?, ?, ?) , (?, 1, ?, ?, ?, ?, ?, ?, ?, ?, ?, ?) , (?, 1, ?, ?, ?, ?, ?, ?, ?, ?, ?, ?) , (?, 1, ?, ?, ?, ?, ?, ?, ?, ?, ?, ?) , (?, 1, ?, ?, ?, ?, ?, ?, ?, ?, ?, ?) , (?, 1, ?, ?, ?, ?, ?, ?, ?, ?, ?, ?) , (?, 1, ?, ?, ?, ?, ?, ?, ?, ?, ?, ?) , (?, 1, ?, ?, ?, ?, ?, ?, ?, ?, ?, ?) , (?, 1, ?, ?, ?, ?, ?, ?, ?, ?, ?, ?) , (?, 1, ?, ?, ?, ?, ?, ?, ?, ?, ?, ?) , (?, 1, ?, ?, ?, ?, ?, ?, ?, ?, ?, ?) , (?, 1, ?, ?, ?, ?, ?, ?, ?, ?, ?, ?) , (?, 1, ?, ?, ?, ?, ?, ?, ?, ?, ?, ?) , (?, 1, ?, ?, ?, ?, ?, ?, ?, ?, ?, ?) , (?, 1, ?, ?, ?, ?, ?, ?, ?, ?, ?, ?) , (?, 1, ?, ?, ?, ?, ?, ?, ?, ?, ?, ?) , (?, 1, ?, ?, ?, ?, ?, ?, ?, ?, ?, ?) , (?, 1, ?, ?, ?, ?, ?, ?, ?, ?, ?, ?) , (?, 1, ?, ?, ?, ?, ?, ?, ?, ?, ?, ?) , (?, 1, ?, ?, ?, ?, ?, ?, ?, ?, ?, ?) , (?, 1, ?, ?, ?, ?, ?, ?, ?, ?, ?, ?) , (?, 1, ?, ?, ?, ?, ?, ?, ?, ?, ?, ?) , (?, 1, ?, ?, ?, ?, ?, ?, ?, ?, ?, ?) , (?, 1, ?, ?, ?, ?, ?, ?, ?, ?, ?, ?) , (?, 1, ?, ?, ?, ?, ?, ?, ?, ?, ?, ?) , (?, 1, ?, ?, ?, ?, ?, ?, ?, ?, ?, ?) , (?, 1, ?, ?, ?, ?, ?, ?, ?, ?, ?, ?) , (?, 1, ?, ?, ?, ?, ?, ?, ?, ?, ?, ?) , (?, 1, ?, ?, ?, ?, ?, ?, ?, ?, ?, ?) , (?, 1, ?, ?, ?, ?, ?, ?, ?, ?, ?, ?) , (?, 1, ?, ?, ?, ?, ?, ?, ?, ?, ?, ?) , (?, 1, ?, ?, ?, ?, ?, ?, ?, ?, ?, ?) , (?, 1, ?, ?, ?, ?, ?, ?, ?, ?, ?, ?) , (?, 1, ?, ?, ?, ?, ?, ?, ?, ?, ?, ?) , (?, 1, ?, ?, ?, ?, ?, ?, ?, ?, ?, ?) , (?, 1, ?, ?, ?, ?, ?, ?, ?, ?, ?, ?) 
10:48:05,603 [main] DEBUG org.activiti.engine.impl.persistence.entity.VariableInstanceEntity.bulkInsertVariableInstance  - ==&gt; Parameters: 5205(String), integer(String), var3654(String), 2504(String), 2504(String), null, null, null, 3654(Long), 3654(String), null, 5206(String), integer(String), var2322(String), 2504(String), 2504(String), null, null, null, 2322(Long), 2322(String), null, 5207(String), integer(String), var3653(String), 2504(String), 2504(String), null, null, null, 3653(Long), 3653(String), null, 5208(String), integer(String), var2329(String), 2504(String), 2504(String), null, null, null, 2329(Long), 2329(String), null, 5209(String), integer(String), var2328(String), 2504(String), 2504(String), null, null, null, 2328(Long), 2328(String), null, 5210(String), integer(String), var3659(String), 2504(String), 2504(String), null, null, null, 3659(Long), 3659(String), null, 5211(String), integer(String), var2327(String), 2504(String), 2504(String), null, null, null, 2327(Long), 2327(String), null, 5212(String), integer(String), var3658(String), 2504(String), 2504(String), null, null, null, 3658(Long), 3658(String), null, 5213(String), integer(String), var2326(String), 2504(String), 2504(String), null, null, null, 2326(Long), 2326(String), null, 5214(String), integer(String), var3657(String), 2504(String), 2504(String), null, null, null, 3657(Long), 3657(String), null, 5215(String), integer(String), var2211(String), 2504(String), 2504(String), null, null, null, 2211(Long), 2211(String), null, 5216(String), integer(String), var3542(String), 2504(String), 2504(String), null, null, null, 3542(Long), 3542(String), null, 5217(String), integer(String), var2210(String), 2504(String), 2504(String), null, null, null, 2210(Long), 2210(String), null, 5218(String), integer(String), var3541(String), 2504(String), 2504(String), null, null, null, 3541(Long), 3541(String), null, 5219(String), integer(String), var3540(String), 2504(String), 2504(String), null, null, null, 3540(Long), 3540(String), null, 5220(String), integer(String), var303(String), 2504(String), 2504(String), null, null, null, 303(Long), 303(String), null, 5221(String), integer(String), var2215(String), 2504(String), 2504(String), null, null, null, 2215(Long), 2215(String), null, 5222(String), integer(String), var3546(String), 2504(String), 2504(String), null, null, null, 3546(Long), 3546(String), null, 5223(String), integer(String), var302(String), 2504(String), 2504(String), null, null, null, 302(Long), 302(String), null, 5224(String), integer(String), var2214(String), 2504(String), 2504(String), null, null, null, 2214(Long), 2214(String), null, 5225(String), integer(String), var3545(String), 2504(String), 2504(String), null, null, null, 3545(Long), 3545(String), null, 5226(String), integer(String), var301(String), 2504(String), 2504(String), null, null, null, 301(Long), 301(String), null, 5227(String), integer(String), var2213(String), 2504(String), 2504(String), null, null, null, 2213(Long), 2213(String), null, 5228(String), integer(String), var3544(String), 2504(String), 2504(String), null, null, null, 3544(Long), 3544(String), null, 5229(String), integer(String), var300(String), 2504(String), 2504(String), null, null, null, 300(Long), 300(String), null, 5230(String), integer(String), var2212(String), 2504(String), 2504(String), null, null, null, 2212(Long), 2212(String), null, 5231(String), integer(String), var3543(String), 2504(String), 2504(String), null, null, null, 3543(Long), 3543(String), null, 5232(String), integer(String), var2219(String), 2504(String), 2504(String), null, null, null, 2219(Long), 2219(String), null, 5233(String), integer(String), var2218(String), 2504(String), 2504(String), null, null, null, 2218(Long), 2218(String), null, 5234(String), integer(String), var3549(String), 2504(String), 2504(String), null, null, null, 3549(Long), 3549(String), null, 5235(String), integer(String), var2217(String), 2504(String), 2504(String), null, null, null, 2217(Long), 2217(String), null, 5236(String), integer(String), var3548(String), 2504(String), 2504(String), null, null, null, 3548(Long), 3548(String), null, 5237(String), integer(String), var2216(String), 2504(String), 2504(String), null, null, null, 2216(Long), 2216(String), null, 5238(String), integer(String), var3547(String), 2504(String), 2504(String), null, null, null, 3547(Long), 3547(String), null, 5239(String), integer(String), var309(String), 2504(String), 2504(String), null, null, null, 309(Long), 309(String), null, 5240(String), integer(String), var308(String), 2504(String), 2504(String), null, null, null, 308(Long), 308(String), null, 5241(String), integer(String), var307(String), 2504(String), 2504(String), null, null, null, 307(Long), 307(String), null, 5242(String), integer(String), var306(String), 2504(String), 2504(String), null, null, null, 306(Long), 306(String), null, 5243(String), integer(String), var305(String), 2504(String), 2504(String), null, null, null, 305(Long), 305(String), null, 5244(String), integer(String), var304(String), 2504(String), 2504(String), null, null, null, 304(Long), 304(String), null, 5245(String), integer(String), var2222(String), 2504(String), 2504(String), null, null, null, 2222(Long), 2222(String), null, 5246(String), integer(String), var3553(String), 2504(String), 2504(String), null, null, null, 3553(Long), 3553(String), null, 5247(String), integer(String), var2221(String), 2504(String), 2504(String), null, null, null, 2221(Long), 2221(String), null, 5248(String), integer(String), var3552(String), 2504(String), 2504(String), null, null, null, 3552(Long), 3552(String), null, 5249(String), integer(String), var2220(String), 2504(String), 2504(String), null, null, null, 2220(Long), 2220(String), null, 5250(String), integer(String), var3551(String), 2504(String), 2504(String), null, null, null, 3551(Long), 3551(String), null, 5251(String), integer(String), var3550(String), 2504(String), 2504(String), null, null, null, 3550(Long), 3550(String), null, 5252(String), integer(String), var2226(String), 2504(String), 2504(String), null, null, null, 2226(Long), 2226(String), null, 5253(String), integer(String), var3557(String), 2504(String), 2504(String), null, null, null, 3557(Long), 3557(String), null, 5254(String), integer(String), var2225(String), 2504(String), 2504(String), null, null, null, 2225(Long), 2225(String), null, 5255(String), integer(String), var3556(String), 2504(String), 2504(String), null, null, null, 3556(Long), 3556(String), null, 5256(String), integer(String), var2224(String), 2504(String), 2504(String), null, null, null, 2224(Long), 2224(String), null, 5257(String), integer(String), var3555(String), 2504(String), 2504(String), null, null, null, 3555(Long), 3555(String), null, 5258(String), integer(String), var2223(String), 2504(String), 2504(String), null, null, null, 2223(Long), 2223(String), null, 5259(String), integer(String), var3554(String), 2504(String), 2504(String), null, null, null, 3554(Long), 3554(String), null, 5260(String), integer(String), var2229(String), 2504(String), 2504(String), null, null, null, 2229(Long), 2229(String), null, 5261(String), integer(String), var2228(String), 2504(String), 2504(String), null, null, null, 2228(Long), 2228(String), null, 5262(String), integer(String), var3559(String), 2504(String), 2504(String), null, null, null, 3559(Long), 3559(String), null, 5263(String), integer(String), var2227(String), 2504(String), 2504(String), null, null, null, 2227(Long), 2227(String), null, 5264(String), integer(String), var3558(String), 2504(String), 2504(String), null, null, null, 3558(Long), 3558(String), null, 5265(String), integer(String), var3560(String), 2504(String), 2504(String), null, null, null, 3560(Long), 3560(String), null, 5266(String), integer(String), var2233(String), 2504(String), 2504(String), null, null, null, 2233(Long), 2233(String), null, 5267(String), integer(String), var3564(String), 2504(String), 2504(String), null, null, null, 3564(Long), 3564(String), null, 5268(String), integer(String), var2232(String), 2504(String), 2504(String), null, null, null, 2232(Long), 2232(String), null, 5269(String), integer(String), var3563(String), 2504(String), 2504(String), null, null, null, 3563(Long), 3563(String), null, 5270(String), integer(String), var2231(String), 2504(String), 2504(String), null, null, null, 2231(Long), 2231(String), null, 5271(String), integer(String), var3562(String), 2504(String), 2504(String), null, null, null, 3562(Long), 3562(String), null, 5272(String), integer(String), var2230(String), 2504(String), 2504(String), null, null, null, 2230(Long), 2230(String), null, 5273(String), integer(String), var3561(String), 2504(String), 2504(String), null, null, null, 3561(Long), 3561(String), null, 5274(String), integer(String), var2237(String), 2504(String), 2504(String), null, null, null, 2237(Long), 2237(String), null, 5275(String), integer(String), var3568(String), 2504(String), 2504(String), null, null, null, 3568(Long), 3568(String), null, 5276(String), integer(String), var2236(String), 2504(String), 2504(String), null, null, null, 2236(Long), 2236(String), null, 5277(String), integer(String), var3567(String), 2504(String), 2504(String), null, null, null, 3567(Long), 3567(String), null, 5278(String), integer(String), var2235(String), 2504(String), 2504(String), null, null, null, 2235(Long), 2235(String), null, 5279(String), integer(String), var3566(String), 2504(String), 2504(String), null, null, null, 3566(Long), 3566(String), null, 5280(String), integer(String), var2234(String), 2504(String), 2504(String), null, null, null, 2234(Long), 2234(String), null, 5281(String), integer(String), var3565(String), 2504(String), 2504(String), null, null, null, 3565(Long), 3565(String), null, 5282(String), integer(String), var2239(String), 2504(String), 2504(String), null, null, null, 2239(Long), 2239(String), null, 5283(String), integer(String), var2238(String), 2504(String), 2504(String), null, null, null, 2238(Long), 2238(String), null, 5284(String), integer(String), var3569(String), 2504(String), 2504(String), null, null, null, 3569(Long), 3569(String), null, 5285(String), integer(String), var2240(String), 2504(String), 2504(String), null, null, null, 2240(Long), 2240(String), null, 5286(String), integer(String), var3571(String), 2504(String), 2504(String), null, null, null, 3571(Long), 3571(String), null, 5287(String), integer(String), var3570(String), 2504(String), 2504(String), null, null, null, 3570(Long), 3570(String), null, 5288(String), integer(String), var2244(String), 2504(String), 2504(String), null, null, null, 2244(Long), 2244(String), null, 5289(String), integer(String), var3575(String), 2504(String), 2504(String), null, null, null, 3575(Long), 3575(String), null, 5290(String), integer(String), var2243(String), 2504(String), 2504(String), null, null, null, 2243(Long), 2243(String), null, 5291(String), integer(String), var3574(String), 2504(String), 2504(String), null, null, null, 3574(Long), 3574(String), null, 5292(String), integer(String), var2242(String), 2504(String), 2504(String), null, null, null, 2242(Long), 2242(String), null, 5293(String), integer(String), var3573(String), 2504(String), 2504(String), null, null, null, 3573(Long), 3573(String), null, 5294(String), integer(String), var2241(String), 2504(String), 2504(String), null, null, null, 2241(Long), 2241(String), null, 5295(String), integer(String), var3572(String), 2504(String), 2504(String), null, null, null, 3572(Long), 3572(String), null, 5296(String), integer(String), var2248(String), 2504(String), 2504(String), null, null, null, 2248(Long), 2248(String), null, 5297(String), integer(String), var3579(String), 2504(String), 2504(String), null, null, null, 3579(Long), 3579(String), null, 5298(String), integer(String), var2247(String), 2504(String), 2504(String), null, null, null, 2247(Long), 2247(String), null, 5299(String), integer(String), var3578(String), 2504(String), 2504(String), null, null, null, 3578(Long), 3578(String), null, 5300(String), integer(String), var2246(String), 2504(String), 2504(String), null, null, null, 2246(Long), 2246(String), null, 5301(String), integer(String), var3577(String), 2504(String), 2504(String), null, null, null, 3577(Long), 3577(String), null, 5302(String), integer(String), var2245(String), 2504(String), 2504(String), null, null, null, 2245(Long), 2245(String), null, 5303(String), integer(String), var3576(String), 2504(String), 2504(String), null, null, null, 3576(Long), 3576(String), null, 5304(String), integer(String), var2249(String), 2504(String), 2504(String), null, null, null, 2249(Long), 2249(String), null
10:48:05,603 [main] DEBUG org.activiti.engine.impl.persistence.entity.VariableInstanceEntity.bulkInsertVariableInstance  - &lt;==    Updates: 100
10:48:05,605 [main] DEBUG org.activiti.engine.impl.persistence.entity.VariableInstanceEntity.bulkInsertVariableInstance  - ==&gt;  Preparing: INSERT INTO ACT_RU_VARIABLE (ID_, REV_, TYPE_, NAME_, PROC_INST_ID_, EXECUTION_ID_, TASK_ID_, BYTEARRAY_ID_, DOUBLE_, LONG_ , TEXT_, TEXT2_) VALUES (?, 1, ?, ?, ?, ?, ?, ?, ?, ?, ?, ?) , (?, 1, ?, ?, ?, ?, ?, ?, ?, ?, ?, ?) , (?, 1, ?, ?, ?, ?, ?, ?, ?, ?, ?, ?) , (?, 1, ?, ?, ?, ?, ?, ?, ?, ?, ?, ?) , (?, 1, ?, ?, ?, ?, ?, ?, ?, ?, ?, ?) , (?, 1, ?, ?, ?, ?, ?, ?, ?, ?, ?, ?) , (?, 1, ?, ?, ?, ?, ?, ?, ?, ?, ?, ?) , (?, 1, ?, ?, ?, ?, ?, ?, ?, ?, ?, ?) , (?, 1, ?, ?, ?, ?, ?, ?, ?, ?, ?, ?) , (?, 1, ?, ?, ?, ?, ?, ?, ?, ?, ?, ?) , (?, 1, ?, ?, ?, ?, ?, ?, ?, ?, ?, ?) , (?, 1, ?, ?, ?, ?, ?, ?, ?, ?, ?, ?) , (?, 1, ?, ?, ?, ?, ?, ?, ?, ?, ?, ?) , (?, 1, ?, ?, ?, ?, ?, ?, ?, ?, ?, ?) , (?, 1, ?, ?, ?, ?, ?, ?, ?, ?, ?, ?) , (?, 1, ?, ?, ?, ?, ?, ?, ?, ?, ?, ?) , (?, 1, ?, ?, ?, ?, ?, ?, ?, ?, ?, ?) , (?, 1, ?, ?, ?, ?, ?, ?, ?, ?, ?, ?) , (?, 1, ?, ?, ?, ?, ?, ?, ?, ?, ?, ?) , (?, 1, ?, ?, ?, ?, ?, ?, ?, ?, ?, ?) , (?, 1, ?, ?, ?, ?, ?, ?, ?, ?, ?, ?) , (?, 1, ?, ?, ?, ?, ?, ?, ?, ?, ?, ?) , (?, 1, ?, ?, ?, ?, ?, ?, ?, ?, ?, ?) , (?, 1, ?, ?, ?, ?, ?, ?, ?, ?, ?, ?) , (?, 1, ?, ?, ?, ?, ?, ?, ?, ?, ?, ?) , (?, 1, ?, ?, ?, ?, ?, ?, ?, ?, ?, ?) , (?, 1, ?, ?, ?, ?, ?, ?, ?, ?, ?, ?) , (?, 1, ?, ?, ?, ?, ?, ?, ?, ?, ?, ?) , (?, 1, ?, ?, ?, ?, ?, ?, ?, ?, ?, ?) , (?, 1, ?, ?, ?, ?, ?, ?, ?, ?, ?, ?) , (?, 1, ?, ?, ?, ?, ?, ?, ?, ?, ?, ?) , (?, 1, ?, ?, ?, ?, ?, ?, ?, ?, ?, ?) , (?, 1, ?, ?, ?, ?, ?, ?, ?, ?, ?, ?) , (?, 1, ?, ?, ?, ?, ?, ?, ?, ?, ?, ?) , (?, 1, ?, ?, ?, ?, ?, ?, ?, ?, ?, ?) , (?, 1, ?, ?, ?, ?, ?, ?, ?, ?, ?, ?) , (?, 1, ?, ?, ?, ?, ?, ?, ?, ?, ?, ?) , (?, 1, ?, ?, ?, ?, ?, ?, ?, ?, ?, ?) , (?, 1, ?, ?, ?, ?, ?, ?, ?, ?, ?, ?) , (?, 1, ?, ?, ?, ?, ?, ?, ?, ?, ?, ?) , (?, 1, ?, ?, ?, ?, ?, ?, ?, ?, ?, ?) , (?, 1, ?, ?, ?, ?, ?, ?, ?, ?, ?, ?) , (?, 1, ?, ?, ?, ?, ?, ?, ?, ?, ?, ?) , (?, 1, ?, ?, ?, ?, ?, ?, ?, ?, ?, ?) , (?, 1, ?, ?, ?, ?, ?, ?, ?, ?, ?, ?) , (?, 1, ?, ?, ?, ?, ?, ?, ?, ?, ?, ?) , (?, 1, ?, ?, ?, ?, ?, ?, ?, ?, ?, ?) , (?, 1, ?, ?, ?, ?, ?, ?, ?, ?, ?, ?) , (?, 1, ?, ?, ?, ?, ?, ?, ?, ?, ?, ?) , (?, 1, ?, ?, ?, ?, ?, ?, ?, ?, ?, ?) , (?, 1, ?, ?, ?, ?, ?, ?, ?, ?, ?, ?) , (?, 1, ?, ?, ?, ?, ?, ?, ?, ?, ?, ?) , (?, 1, ?, ?, ?, ?, ?, ?, ?, ?, ?, ?) , (?, 1, ?, ?, ?, ?, ?, ?, ?, ?, ?, ?) , (?, 1, ?, ?, ?, ?, ?, ?, ?, ?, ?, ?) , (?, 1, ?, ?, ?, ?, ?, ?, ?, ?, ?, ?) , (?, 1, ?, ?, ?, ?, ?, ?, ?, ?, ?, ?) , (?, 1, ?, ?, ?, ?, ?, ?, ?, ?, ?, ?) , (?, 1, ?, ?, ?, ?, ?, ?, ?, ?, ?, ?) , (?, 1, ?, ?, ?, ?, ?, ?, ?, ?, ?, ?) , (?, 1, ?, ?, ?, ?, ?, ?, ?, ?, ?, ?) , (?, 1, ?, ?, ?, ?, ?, ?, ?, ?, ?, ?) , (?, 1, ?, ?, ?, ?, ?, ?, ?, ?, ?, ?) , (?, 1, ?, ?, ?, ?, ?, ?, ?, ?, ?, ?) , (?, 1, ?, ?, ?, ?, ?, ?, ?, ?, ?, ?) , (?, 1, ?, ?, ?, ?, ?, ?, ?, ?, ?, ?) , (?, 1, ?, ?, ?, ?, ?, ?, ?, ?, ?, ?) , (?, 1, ?, ?, ?, ?, ?, ?, ?, ?, ?, ?) , (?, 1, ?, ?, ?, ?, ?, ?, ?, ?, ?, ?) , (?, 1, ?, ?, ?, ?, ?, ?, ?, ?, ?, ?) , (?, 1, ?, ?, ?, ?, ?, ?, ?, ?, ?, ?) , (?, 1, ?, ?, ?, ?, ?, ?, ?, ?, ?, ?) , (?, 1, ?, ?, ?, ?, ?, ?, ?, ?, ?, ?) , (?, 1, ?, ?, ?, ?, ?, ?, ?, ?, ?, ?) , (?, 1, ?, ?, ?, ?, ?, ?, ?, ?, ?, ?) , (?, 1, ?, ?, ?, ?, ?, ?, ?, ?, ?, ?) , (?, 1, ?, ?, ?, ?, ?, ?, ?, ?, ?, ?) , (?, 1, ?, ?, ?, ?, ?, ?, ?, ?, ?, ?) , (?, 1, ?, ?, ?, ?, ?, ?, ?, ?, ?, ?) , (?, 1, ?, ?, ?, ?, ?, ?, ?, ?, ?, ?) , (?, 1, ?, ?, ?, ?, ?, ?, ?, ?, ?, ?) , (?, 1, ?, ?, ?, ?, ?, ?, ?, ?, ?, ?) , (?, 1, ?, ?, ?, ?, ?, ?, ?, ?, ?, ?) , (?, 1, ?, ?, ?, ?, ?, ?, ?, ?, ?, ?) , (?, 1, ?, ?, ?, ?, ?, ?, ?, ?, ?, ?) , (?, 1, ?, ?, ?, ?, ?, ?, ?, ?, ?, ?) , (?, 1, ?, ?, ?, ?, ?, ?, ?, ?, ?, ?) , (?, 1, ?, ?, ?, ?, ?, ?, ?, ?, ?, ?) , (?, 1, ?, ?, ?, ?, ?, ?, ?, ?, ?, ?) , (?, 1, ?, ?, ?, ?, ?, ?, ?, ?, ?, ?) , (?, 1, ?, ?, ?, ?, ?, ?, ?, ?, ?, ?) , (?, 1, ?, ?, ?, ?, ?, ?, ?, ?, ?, ?) , (?, 1, ?, ?, ?, ?, ?, ?, ?, ?, ?, ?) , (?, 1, ?, ?, ?, ?, ?, ?, ?, ?, ?, ?) , (?, 1, ?, ?, ?, ?, ?, ?, ?, ?, ?, ?) , (?, 1, ?, ?, ?, ?, ?, ?, ?, ?, ?, ?) , (?, 1, ?, ?, ?, ?, ?, ?, ?, ?, ?, ?) , (?, 1, ?, ?, ?, ?, ?, ?, ?, ?, ?, ?) , (?, 1, ?, ?, ?, ?, ?, ?, ?, ?, ?, ?) , (?, 1, ?, ?, ?, ?, ?, ?, ?, ?, ?, ?) 
10:48:05,606 [main] DEBUG org.activiti.engine.impl.persistence.entity.VariableInstanceEntity.bulkInsertVariableInstance  - ==&gt; Parameters: 5305(String), integer(String), var2251(String), 2504(String), 2504(String), null, null, null, 2251(Long), 2251(String), null, 5306(String), integer(String), var3582(String), 2504(String), 2504(String), null, null, null, 3582(Long), 3582(String), null, 5307(String), integer(String), var2250(String), 2504(String), 2504(String), null, null, null, 2250(Long), 2250(String), null, 5308(String), integer(String), var3581(String), 2504(String), 2504(String), null, null, null, 3581(Long), 3581(String), null, 5309(String), integer(String), var3580(String), 2504(String), 2504(String), null, null, null, 3580(Long), 3580(String), null, 5310(String), integer(String), var2255(String), 2504(String), 2504(String), null, null, null, 2255(Long), 2255(String), null, 5311(String), integer(String), var3586(String), 2504(String), 2504(String), null, null, null, 3586(Long), 3586(String), null, 5312(String), integer(String), var2254(String), 2504(String), 2504(String), null, null, null, 2254(Long), 2254(String), null, 5313(String), integer(String), var3585(String), 2504(String), 2504(String), null, null, null, 3585(Long), 3585(String), null, 5314(String), integer(String), var2253(String), 2504(String), 2504(String), null, null, null, 2253(Long), 2253(String), null, 5315(String), integer(String), var3584(String), 2504(String), 2504(String), null, null, null, 3584(Long), 3584(String), null, 5316(String), integer(String), var2252(String), 2504(String), 2504(String), null, null, null, 2252(Long), 2252(String), null, 5317(String), integer(String), var3583(String), 2504(String), 2504(String), null, null, null, 3583(Long), 3583(String), null, 5318(String), integer(String), var2259(String), 2504(String), 2504(String), null, null, null, 2259(Long), 2259(String), null, 5319(String), integer(String), var2258(String), 2504(String), 2504(String), null, null, null, 2258(Long), 2258(String), null, 5320(String), integer(String), var3589(String), 2504(String), 2504(String), null, null, null, 3589(Long), 3589(String), null, 5321(String), integer(String), var2257(String), 2504(String), 2504(String), null, null, null, 2257(Long), 2257(String), null, 5322(String), integer(String), var3588(String), 2504(String), 2504(String), null, null, null, 3588(Long), 3588(String), null, 5323(String), integer(String), var2256(String), 2504(String), 2504(String), null, null, null, 2256(Long), 2256(String), null, 5324(String), integer(String), var3587(String), 2504(String), 2504(String), null, null, null, 3587(Long), 3587(String), null, 5325(String), integer(String), var2262(String), 2504(String), 2504(String), null, null, null, 2262(Long), 2262(String), null, 5326(String), integer(String), var3593(String), 2504(String), 2504(String), null, null, null, 3593(Long), 3593(String), null, 5327(String), integer(String), var2261(String), 2504(String), 2504(String), null, null, null, 2261(Long), 2261(String), null, 5328(String), integer(String), var3592(String), 2504(String), 2504(String), null, null, null, 3592(Long), 3592(String), null, 5329(String), integer(String), var2260(String), 2504(String), 2504(String), null, null, null, 2260(Long), 2260(String), null, 5330(String), integer(String), var3591(String), 2504(String), 2504(String), null, null, null, 3591(Long), 3591(String), null, 5331(String), integer(String), var3590(String), 2504(String), 2504(String), null, null, null, 3590(Long), 3590(String), null, 5332(String), integer(String), var2266(String), 2504(String), 2504(String), null, null, null, 2266(Long), 2266(String), null, 5333(String), integer(String), var3597(String), 2504(String), 2504(String), null, null, null, 3597(Long), 3597(String), null, 5334(String), integer(String), var2265(String), 2504(String), 2504(String), null, null, null, 2265(Long), 2265(String), null, 5335(String), integer(String), var3596(String), 2504(String), 2504(String), null, null, null, 3596(Long), 3596(String), null, 5336(String), integer(String), var2264(String), 2504(String), 2504(String), null, null, null, 2264(Long), 2264(String), null, 5337(String), integer(String), var3595(String), 2504(String), 2504(String), null, null, null, 3595(Long), 3595(String), null, 5338(String), integer(String), var2263(String), 2504(String), 2504(String), null, null, null, 2263(Long), 2263(String), null, 5339(String), integer(String), var3594(String), 2504(String), 2504(String), null, null, null, 3594(Long), 3594(String), null, 5340(String), integer(String), var2269(String), 2504(String), 2504(String), null, null, null, 2269(Long), 2269(String), null, 5341(String), integer(String), var2268(String), 2504(String), 2504(String), null, null, null, 2268(Long), 2268(String), null, 5342(String), integer(String), var3599(String), 2504(String), 2504(String), null, null, null, 3599(Long), 3599(String), null, 5343(String), integer(String), var2267(String), 2504(String), 2504(String), null, null, null, 2267(Long), 2267(String), null, 5344(String), integer(String), var3598(String), 2504(String), 2504(String), null, null, null, 3598(Long), 3598(String), null, 5345(String), integer(String), var2273(String), 2504(String), 2504(String), null, null, null, 2273(Long), 2273(String), null, 5346(String), integer(String), var2272(String), 2504(String), 2504(String), null, null, null, 2272(Long), 2272(String), null, 5347(String), integer(String), var2271(String), 2504(String), 2504(String), null, null, null, 2271(Long), 2271(String), null, 5348(String), integer(String), var2270(String), 2504(String), 2504(String), null, null, null, 2270(Long), 2270(String), null, 5349(String), integer(String), var2277(String), 2504(String), 2504(String), null, null, null, 2277(Long), 2277(String), null, 5350(String), integer(String), var2276(String), 2504(String), 2504(String), null, null, null, 2276(Long), 2276(String), null, 5351(String), integer(String), var2275(String), 2504(String), 2504(String), null, null, null, 2275(Long), 2275(String), null, 5352(String), integer(String), var2274(String), 2504(String), 2504(String), null, null, null, 2274(Long), 2274(String), null, 5353(String), integer(String), var2279(String), 2504(String), 2504(String), null, null, null, 2279(Long), 2279(String), null, 5354(String), integer(String), var2278(String), 2504(String), 2504(String), null, null, null, 2278(Long), 2278(String), null, 5355(String), integer(String), var2280(String), 2504(String), 2504(String), null, null, null, 2280(Long), 2280(String), null, 5356(String), integer(String), var2284(String), 2504(String), 2504(String), null, null, null, 2284(Long), 2284(String), null, 5357(String), integer(String), var2283(String), 2504(String), 2504(String), null, null, null, 2283(Long), 2283(String), null, 5358(String), integer(String), var2282(String), 2504(String), 2504(String), null, null, null, 2282(Long), 2282(String), null, 5359(String), integer(String), var2281(String), 2504(String), 2504(String), null, null, null, 2281(Long), 2281(String), null, 5360(String), integer(String), var2288(String), 2504(String), 2504(String), null, null, null, 2288(Long), 2288(String), null, 5361(String), integer(String), var2287(String), 2504(String), 2504(String), null, null, null, 2287(Long), 2287(String), null, 5362(String), integer(String), var2286(String), 2504(String), 2504(String), null, null, null, 2286(Long), 2286(String), null, 5363(String), integer(String), var2285(String), 2504(String), 2504(String), null, null, null, 2285(Long), 2285(String), null, 5364(String), integer(String), var2289(String), 2504(String), 2504(String), null, null, null, 2289(Long), 2289(String), null, 5365(String), integer(String), var2291(String), 2504(String), 2504(String), null, null, null, 2291(Long), 2291(String), null, 5366(String), integer(String), var2290(String), 2504(String), 2504(String), null, null, null, 2290(Long), 2290(String), null, 5367(String), integer(String), var383(String), 2504(String), 2504(String), null, null, null, 383(Long), 383(String), null, 5368(String), integer(String), var2295(String), 2504(String), 2504(String), null, null, null, 2295(Long), 2295(String), null, 5369(String), integer(String), var382(String), 2504(String), 2504(String), null, null, null, 382(Long), 382(String), null, 5370(String), integer(String), var2294(String), 2504(String), 2504(String), null, null, null, 2294(Long), 2294(String), null, 5371(String), integer(String), var381(String), 2504(String), 2504(String), null, null, null, 381(Long), 381(String), null, 5372(String), integer(String), var2293(String), 2504(String), 2504(String), null, null, null, 2293(Long), 2293(String), null, 5373(String), integer(String), var380(String), 2504(String), 2504(String), null, null, null, 380(Long), 380(String), null, 5374(String), integer(String), var2292(String), 2504(String), 2504(String), null, null, null, 2292(Long), 2292(String), null, 5375(String), integer(String), var2299(String), 2504(String), 2504(String), null, null, null, 2299(Long), 2299(String), null, 5376(String), integer(String), var2298(String), 2504(String), 2504(String), null, null, null, 2298(Long), 2298(String), null, 5377(String), integer(String), var2297(String), 2504(String), 2504(String), null, null, null, 2297(Long), 2297(String), null, 5378(String), integer(String), var2296(String), 2504(String), 2504(String), null, null, null, 2296(Long), 2296(String), null, 5379(String), integer(String), var389(String), 2504(String), 2504(String), null, null, null, 389(Long), 389(String), null, 5380(String), integer(String), var388(String), 2504(String), 2504(String), null, null, null, 388(Long), 388(String), null, 5381(String), integer(String), var387(String), 2504(String), 2504(String), null, null, null, 387(Long), 387(String), null, 5382(String), integer(String), var386(String), 2504(String), 2504(String), null, null, null, 386(Long), 386(String), null, 5383(String), integer(String), var385(String), 2504(String), 2504(String), null, null, null, 385(Long), 385(String), null, 5384(String), integer(String), var384(String), 2504(String), 2504(String), null, null, null, 384(Long), 384(String), null, 5385(String), integer(String), var372(String), 2504(String), 2504(String), null, null, null, 372(Long), 372(String), null, 5386(String), integer(String), var371(String), 2504(String), 2504(String), null, null, null, 371(Long), 371(String), null, 5387(String), integer(String), var370(String), 2504(String), 2504(String), null, null, null, 370(Long), 370(String), null, 5388(String), integer(String), var4000(String), 2504(String), 2504(String), null, null, null, 4000(Long), 4000(String), null, 5389(String), integer(String), var379(String), 2504(String), 2504(String), null, null, null, 379(Long), 379(String), null, 5390(String), integer(String), var378(String), 2504(String), 2504(String), null, null, null, 378(Long), 378(String), null, 5391(String), integer(String), var377(String), 2504(String), 2504(String), null, null, null, 377(Long), 377(String), null, 5392(String), integer(String), var376(String), 2504(String), 2504(String), null, null, null, 376(Long), 376(String), null, 5393(String), integer(String), var375(String), 2504(String), 2504(String), null, null, null, 375(Long), 375(String), null, 5394(String), integer(String), var374(String), 2504(String), 2504(String), null, null, null, 374(Long), 374(String), null, 5395(String), integer(String), var373(String), 2504(String), 2504(String), null, null, null, 373(Long), 373(String), null, 5396(String), integer(String), var361(String), 2504(String), 2504(String), null, null, null, 361(Long), 361(String), null, 5397(String), integer(String), var360(String), 2504(String), 2504(String), null, null, null, 360(Long), 360(String), null, 5398(String), integer(String), var369(String), 2504(String), 2504(String), null, null, null, 369(Long), 369(String), null, 5399(String), integer(String), var368(String), 2504(String), 2504(String), null, null, null, 368(Long), 368(String), null, 5400(String), integer(String), var367(String), 2504(String), 2504(String), null, null, null, 367(Long), 367(String), null, 5401(String), integer(String), var366(String), 2504(String), 2504(String), null, null, null, 366(Long), 366(String), null, 5402(String), integer(String), var365(String), 2504(String), 2504(String), null, null, null, 365(Long), 365(String), null, 5403(String), integer(String), var364(String), 2504(String), 2504(String), null, null, null, 364(Long), 364(String), null, 5404(String), integer(String), var363(String), 2504(String), 2504(String), null, null, null, 363(Long), 363(String), null
10:48:05,606 [main] DEBUG org.activiti.engine.impl.persistence.entity.VariableInstanceEntity.bulkInsertVariableInstance  - &lt;==    Updates: 100
10:48:05,609 [main] DEBUG org.activiti.engine.impl.persistence.entity.VariableInstanceEntity.bulkInsertVariableInstance  - ==&gt;  Preparing: INSERT INTO ACT_RU_VARIABLE (ID_, REV_, TYPE_, NAME_, PROC_INST_ID_, EXECUTION_ID_, TASK_ID_, BYTEARRAY_ID_, DOUBLE_, LONG_ , TEXT_, TEXT2_) VALUES (?, 1, ?, ?, ?, ?, ?, ?, ?, ?, ?, ?) , (?, 1, ?, ?, ?, ?, ?, ?, ?, ?, ?, ?) , (?, 1, ?, ?, ?, ?, ?, ?, ?, ?, ?, ?) , (?, 1, ?, ?, ?, ?, ?, ?, ?, ?, ?, ?) , (?, 1, ?, ?, ?, ?, ?, ?, ?, ?, ?, ?) , (?, 1, ?, ?, ?, ?, ?, ?, ?, ?, ?, ?) , (?, 1, ?, ?, ?, ?, ?, ?, ?, ?, ?, ?) , (?, 1, ?, ?, ?, ?, ?, ?, ?, ?, ?, ?) , (?, 1, ?, ?, ?, ?, ?, ?, ?, ?, ?, ?) , (?, 1, ?, ?, ?, ?, ?, ?, ?, ?, ?, ?) , (?, 1, ?, ?, ?, ?, ?, ?, ?, ?, ?, ?) , (?, 1, ?, ?, ?, ?, ?, ?, ?, ?, ?, ?) , (?, 1, ?, ?, ?, ?, ?, ?, ?, ?, ?, ?) , (?, 1, ?, ?, ?, ?, ?, ?, ?, ?, ?, ?) , (?, 1, ?, ?, ?, ?, ?, ?, ?, ?, ?, ?) , (?, 1, ?, ?, ?, ?, ?, ?, ?, ?, ?, ?) , (?, 1, ?, ?, ?, ?, ?, ?, ?, ?, ?, ?) , (?, 1, ?, ?, ?, ?, ?, ?, ?, ?, ?, ?) , (?, 1, ?, ?, ?, ?, ?, ?, ?, ?, ?, ?) , (?, 1, ?, ?, ?, ?, ?, ?, ?, ?, ?, ?) , (?, 1, ?, ?, ?, ?, ?, ?, ?, ?, ?, ?) , (?, 1, ?, ?, ?, ?, ?, ?, ?, ?, ?, ?) , (?, 1, ?, ?, ?, ?, ?, ?, ?, ?, ?, ?) , (?, 1, ?, ?, ?, ?, ?, ?, ?, ?, ?, ?) , (?, 1, ?, ?, ?, ?, ?, ?, ?, ?, ?, ?) , (?, 1, ?, ?, ?, ?, ?, ?, ?, ?, ?, ?) , (?, 1, ?, ?, ?, ?, ?, ?, ?, ?, ?, ?) , (?, 1, ?, ?, ?, ?, ?, ?, ?, ?, ?, ?) , (?, 1, ?, ?, ?, ?, ?, ?, ?, ?, ?, ?) , (?, 1, ?, ?, ?, ?, ?, ?, ?, ?, ?, ?) , (?, 1, ?, ?, ?, ?, ?, ?, ?, ?, ?, ?) , (?, 1, ?, ?, ?, ?, ?, ?, ?, ?, ?, ?) , (?, 1, ?, ?, ?, ?, ?, ?, ?, ?, ?, ?) , (?, 1, ?, ?, ?, ?, ?, ?, ?, ?, ?, ?) , (?, 1, ?, ?, ?, ?, ?, ?, ?, ?, ?, ?) , (?, 1, ?, ?, ?, ?, ?, ?, ?, ?, ?, ?) , (?, 1, ?, ?, ?, ?, ?, ?, ?, ?, ?, ?) , (?, 1, ?, ?, ?, ?, ?, ?, ?, ?, ?, ?) , (?, 1, ?, ?, ?, ?, ?, ?, ?, ?, ?, ?) , (?, 1, ?, ?, ?, ?, ?, ?, ?, ?, ?, ?) , (?, 1, ?, ?, ?, ?, ?, ?, ?, ?, ?, ?) , (?, 1, ?, ?, ?, ?, ?, ?, ?, ?, ?, ?) , (?, 1, ?, ?, ?, ?, ?, ?, ?, ?, ?, ?) , (?, 1, ?, ?, ?, ?, ?, ?, ?, ?, ?, ?) , (?, 1, ?, ?, ?, ?, ?, ?, ?, ?, ?, ?) , (?, 1, ?, ?, ?, ?, ?, ?, ?, ?, ?, ?) , (?, 1, ?, ?, ?, ?, ?, ?, ?, ?, ?, ?) , (?, 1, ?, ?, ?, ?, ?, ?, ?, ?, ?, ?) , (?, 1, ?, ?, ?, ?, ?, ?, ?, ?, ?, ?) , (?, 1, ?, ?, ?, ?, ?, ?, ?, ?, ?, ?) , (?, 1, ?, ?, ?, ?, ?, ?, ?, ?, ?, ?) , (?, 1, ?, ?, ?, ?, ?, ?, ?, ?, ?, ?) , (?, 1, ?, ?, ?, ?, ?, ?, ?, ?, ?, ?) , (?, 1, ?, ?, ?, ?, ?, ?, ?, ?, ?, ?) , (?, 1, ?, ?, ?, ?, ?, ?, ?, ?, ?, ?) , (?, 1, ?, ?, ?, ?, ?, ?, ?, ?, ?, ?) , (?, 1, ?, ?, ?, ?, ?, ?, ?, ?, ?, ?) , (?, 1, ?, ?, ?, ?, ?, ?, ?, ?, ?, ?) , (?, 1, ?, ?, ?, ?, ?, ?, ?, ?, ?, ?) , (?, 1, ?, ?, ?, ?, ?, ?, ?, ?, ?, ?) , (?, 1, ?, ?, ?, ?, ?, ?, ?, ?, ?, ?) , (?, 1, ?, ?, ?, ?, ?, ?, ?, ?, ?, ?) , (?, 1, ?, ?, ?, ?, ?, ?, ?, ?, ?, ?) , (?, 1, ?, ?, ?, ?, ?, ?, ?, ?, ?, ?) , (?, 1, ?, ?, ?, ?, ?, ?, ?, ?, ?, ?) , (?, 1, ?, ?, ?, ?, ?, ?, ?, ?, ?, ?) , (?, 1, ?, ?, ?, ?, ?, ?, ?, ?, ?, ?) , (?, 1, ?, ?, ?, ?, ?, ?, ?, ?, ?, ?) , (?, 1, ?, ?, ?, ?, ?, ?, ?, ?, ?, ?) , (?, 1, ?, ?, ?, ?, ?, ?, ?, ?, ?, ?) , (?, 1, ?, ?, ?, ?, ?, ?, ?, ?, ?, ?) , (?, 1, ?, ?, ?, ?, ?, ?, ?, ?, ?, ?) , (?, 1, ?, ?, ?, ?, ?, ?, ?, ?, ?, ?) , (?, 1, ?, ?, ?, ?, ?, ?, ?, ?, ?, ?) , (?, 1, ?, ?, ?, ?, ?, ?, ?, ?, ?, ?) , (?, 1, ?, ?, ?, ?, ?, ?, ?, ?, ?, ?) , (?, 1, ?, ?, ?, ?, ?, ?, ?, ?, ?, ?) , (?, 1, ?, ?, ?, ?, ?, ?, ?, ?, ?, ?) , (?, 1, ?, ?, ?, ?, ?, ?, ?, ?, ?, ?) , (?, 1, ?, ?, ?, ?, ?, ?, ?, ?, ?, ?) , (?, 1, ?, ?, ?, ?, ?, ?, ?, ?, ?, ?) , (?, 1, ?, ?, ?, ?, ?, ?, ?, ?, ?, ?) , (?, 1, ?, ?, ?, ?, ?, ?, ?, ?, ?, ?) , (?, 1, ?, ?, ?, ?, ?, ?, ?, ?, ?, ?) , (?, 1, ?, ?, ?, ?, ?, ?, ?, ?, ?, ?) , (?, 1, ?, ?, ?, ?, ?, ?, ?, ?, ?, ?) , (?, 1, ?, ?, ?, ?, ?, ?, ?, ?, ?, ?) , (?, 1, ?, ?, ?, ?, ?, ?, ?, ?, ?, ?) , (?, 1, ?, ?, ?, ?, ?, ?, ?, ?, ?, ?) , (?, 1, ?, ?, ?, ?, ?, ?, ?, ?, ?, ?) , (?, 1, ?, ?, ?, ?, ?, ?, ?, ?, ?, ?) , (?, 1, ?, ?, ?, ?, ?, ?, ?, ?, ?, ?) , (?, 1, ?, ?, ?, ?, ?, ?, ?, ?, ?, ?) , (?, 1, ?, ?, ?, ?, ?, ?, ?, ?, ?, ?) , (?, 1, ?, ?, ?, ?, ?, ?, ?, ?, ?, ?) , (?, 1, ?, ?, ?, ?, ?, ?, ?, ?, ?, ?) , (?, 1, ?, ?, ?, ?, ?, ?, ?, ?, ?, ?) , (?, 1, ?, ?, ?, ?, ?, ?, ?, ?, ?, ?) , (?, 1, ?, ?, ?, ?, ?, ?, ?, ?, ?, ?) , (?, 1, ?, ?, ?, ?, ?, ?, ?, ?, ?, ?) 
10:48:05,610 [main] DEBUG org.activiti.engine.impl.persistence.entity.VariableInstanceEntity.bulkInsertVariableInstance  - ==&gt; Parameters: 5405(String), integer(String), var362(String), 2504(String), 2504(String), null, null, null, 362(Long), 362(String), null, 5406(String), integer(String), var350(String), 2504(String), 2504(String), null, null, null, 350(Long), 350(String), null, 5407(String), integer(String), var358(String), 2504(String), 2504(String), null, null, null, 358(Long), 358(String), null, 5408(String), integer(String), var357(String), 2504(String), 2504(String), null, null, null, 357(Long), 357(String), null, 5409(String), integer(String), var356(String), 2504(String), 2504(String), null, null, null, 356(Long), 356(String), null, 5410(String), integer(String), var355(String), 2504(String), 2504(String), null, null, null, 355(Long), 355(String), null, 5411(String), integer(String), var354(String), 2504(String), 2504(String), null, null, null, 354(Long), 354(String), null, 5412(String), integer(String), var353(String), 2504(String), 2504(String), null, null, null, 353(Long), 353(String), null, 5413(String), integer(String), var352(String), 2504(String), 2504(String), null, null, null, 352(Long), 352(String), null, 5414(String), integer(String), var351(String), 2504(String), 2504(String), null, null, null, 351(Long), 351(String), null, 5415(String), integer(String), var359(String), 2504(String), 2504(String), null, null, null, 359(Long), 359(String), null, 5416(String), integer(String), var347(String), 2504(String), 2504(String), null, null, null, 347(Long), 347(String), null, 5417(String), integer(String), var346(String), 2504(String), 2504(String), null, null, null, 346(Long), 346(String), null, 5418(String), integer(String), var345(String), 2504(String), 2504(String), null, null, null, 345(Long), 345(String), null, 5419(String), integer(String), var344(String), 2504(String), 2504(String), null, null, null, 344(Long), 344(String), null, 5420(String), integer(String), var343(String), 2504(String), 2504(String), null, null, null, 343(Long), 343(String), null, 5421(String), integer(String), var342(String), 2504(String), 2504(String), null, null, null, 342(Long), 342(String), null, 5422(String), integer(String), var341(String), 2504(String), 2504(String), null, null, null, 341(Long), 341(String), null, 5423(String), integer(String), var340(String), 2504(String), 2504(String), null, null, null, 340(Long), 340(String), null, 5424(String), integer(String), var349(String), 2504(String), 2504(String), null, null, null, 349(Long), 349(String), null, 5425(String), integer(String), var348(String), 2504(String), 2504(String), null, null, null, 348(Long), 348(String), null, 5426(String), integer(String), var336(String), 2504(String), 2504(String), null, null, null, 336(Long), 336(String), null, 5427(String), integer(String), var335(String), 2504(String), 2504(String), null, null, null, 335(Long), 335(String), null, 5428(String), integer(String), var334(String), 2504(String), 2504(String), null, null, null, 334(Long), 334(String), null, 5429(String), integer(String), var333(String), 2504(String), 2504(String), null, null, null, 333(Long), 333(String), null, 5430(String), integer(String), var332(String), 2504(String), 2504(String), null, null, null, 332(Long), 332(String), null, 5431(String), integer(String), var331(String), 2504(String), 2504(String), null, null, null, 331(Long), 331(String), null, 5432(String), integer(String), var330(String), 2504(String), 2504(String), null, null, null, 330(Long), 330(String), null, 5433(String), integer(String), var339(String), 2504(String), 2504(String), null, null, null, 339(Long), 339(String), null, 5434(String), integer(String), var338(String), 2504(String), 2504(String), null, null, null, 338(Long), 338(String), null, 5435(String), integer(String), var337(String), 2504(String), 2504(String), null, null, null, 337(Long), 337(String), null, 5436(String), integer(String), var325(String), 2504(String), 2504(String), null, null, null, 325(Long), 325(String), null, 5437(String), integer(String), var324(String), 2504(String), 2504(String), null, null, null, 324(Long), 324(String), null, 5438(String), integer(String), var323(String), 2504(String), 2504(String), null, null, null, 323(Long), 323(String), null, 5439(String), integer(String), var322(String), 2504(String), 2504(String), null, null, null, 322(Long), 322(String), null, 5440(String), integer(String), var321(String), 2504(String), 2504(String), null, null, null, 321(Long), 321(String), null, 5441(String), integer(String), var320(String), 2504(String), 2504(String), null, null, null, 320(Long), 320(String), null, 5442(String), integer(String), var329(String), 2504(String), 2504(String), null, null, null, 329(Long), 329(String), null, 5443(String), integer(String), var328(String), 2504(String), 2504(String), null, null, null, 328(Long), 328(String), null, 5444(String), integer(String), var327(String), 2504(String), 2504(String), null, null, null, 327(Long), 327(String), null, 5445(String), integer(String), var326(String), 2504(String), 2504(String), null, null, null, 326(Long), 326(String), null, 5446(String), integer(String), var314(String), 2504(String), 2504(String), null, null, null, 314(Long), 314(String), null, 5447(String), integer(String), var313(String), 2504(String), 2504(String), null, null, null, 313(Long), 313(String), null, 5448(String), integer(String), var312(String), 2504(String), 2504(String), null, null, null, 312(Long), 312(String), null, 5449(String), integer(String), var311(String), 2504(String), 2504(String), null, null, null, 311(Long), 311(String), null, 5450(String), integer(String), var310(String), 2504(String), 2504(String), null, null, null, 310(Long), 310(String), null, 5451(String), integer(String), var319(String), 2504(String), 2504(String), null, null, null, 319(Long), 319(String), null, 5452(String), integer(String), var318(String), 2504(String), 2504(String), null, null, null, 318(Long), 318(String), null, 5453(String), integer(String), var317(String), 2504(String), 2504(String), null, null, null, 317(Long), 317(String), null, 5454(String), integer(String), var316(String), 2504(String), 2504(String), null, null, null, 316(Long), 316(String), null, 5455(String), integer(String), var315(String), 2504(String), 2504(String), null, null, null, 315(Long), 315(String), null, 5456(String), integer(String), var1701(String), 2504(String), 2504(String), null, null, null, 1701(Long), 1701(String), null, 5457(String), integer(String), var1702(String), 2504(String), 2504(String), null, null, null, 1702(Long), 1702(String), null, 5458(String), integer(String), var1700(String), 2504(String), 2504(String), null, null, null, 1700(Long), 1700(String), null, 5459(String), integer(String), var1705(String), 2504(String), 2504(String), null, null, null, 1705(Long), 1705(String), null, 5460(String), integer(String), var1706(String), 2504(String), 2504(String), null, null, null, 1706(Long), 1706(String), null, 5461(String), integer(String), var1703(String), 2504(String), 2504(String), null, null, null, 1703(Long), 1703(String), null, 5462(String), integer(String), var1704(String), 2504(String), 2504(String), null, null, null, 1704(Long), 1704(String), null, 5463(String), integer(String), var1709(String), 2504(String), 2504(String), null, null, null, 1709(Long), 1709(String), null, 5464(String), integer(String), var1707(String), 2504(String), 2504(String), null, null, null, 1707(Long), 1707(String), null, 5465(String), integer(String), var1708(String), 2504(String), 2504(String), null, null, null, 1708(Long), 1708(String), null, 5466(String), integer(String), var1712(String), 2504(String), 2504(String), null, null, null, 1712(Long), 1712(String), null, 5467(String), integer(String), var1713(String), 2504(String), 2504(String), null, null, null, 1713(Long), 1713(String), null, 5468(String), integer(String), var1710(String), 2504(String), 2504(String), null, null, null, 1710(Long), 1710(String), null, 5469(String), integer(String), var1711(String), 2504(String), 2504(String), null, null, null, 1711(Long), 1711(String), null, 5470(String), integer(String), var1716(String), 2504(String), 2504(String), null, null, null, 1716(Long), 1716(String), null, 5471(String), integer(String), var1717(String), 2504(String), 2504(String), null, null, null, 1717(Long), 1717(String), null, 5472(String), integer(String), var1714(String), 2504(String), 2504(String), null, null, null, 1714(Long), 1714(String), null, 5473(String), integer(String), var1715(String), 2504(String), 2504(String), null, null, null, 1715(Long), 1715(String), null, 5474(String), integer(String), var1718(String), 2504(String), 2504(String), null, null, null, 1718(Long), 1718(String), null, 5475(String), integer(String), var1719(String), 2504(String), 2504(String), null, null, null, 1719(Long), 1719(String), null, 5476(String), integer(String), var1720(String), 2504(String), 2504(String), null, null, null, 1720(Long), 1720(String), null, 5477(String), integer(String), var1723(String), 2504(String), 2504(String), null, null, null, 1723(Long), 1723(String), null, 5478(String), integer(String), var1724(String), 2504(String), 2504(String), null, null, null, 1724(Long), 1724(String), null, 5479(String), integer(String), var1721(String), 2504(String), 2504(String), null, null, null, 1721(Long), 1721(String), null, 5480(String), integer(String), var1722(String), 2504(String), 2504(String), null, null, null, 1722(Long), 1722(String), null, 5481(String), integer(String), var1727(String), 2504(String), 2504(String), null, null, null, 1727(Long), 1727(String), null, 5482(String), integer(String), var1728(String), 2504(String), 2504(String), null, null, null, 1728(Long), 1728(String), null, 5483(String), integer(String), var1725(String), 2504(String), 2504(String), null, null, null, 1725(Long), 1725(String), null, 5484(String), integer(String), var1726(String), 2504(String), 2504(String), null, null, null, 1726(Long), 1726(String), null, 5485(String), integer(String), var1729(String), 2504(String), 2504(String), null, null, null, 1729(Long), 1729(String), null, 5486(String), integer(String), var295(String), 2504(String), 2504(String), null, null, null, 295(Long), 295(String), null, 5487(String), integer(String), var294(String), 2504(String), 2504(String), null, null, null, 294(Long), 294(String), null, 5488(String), integer(String), var293(String), 2504(String), 2504(String), null, null, null, 293(Long), 293(String), null, 5489(String), integer(String), var292(String), 2504(String), 2504(String), null, null, null, 292(Long), 292(String), null, 5490(String), integer(String), var291(String), 2504(String), 2504(String), null, null, null, 291(Long), 291(String), null, 5491(String), integer(String), var290(String), 2504(String), 2504(String), null, null, null, 290(Long), 290(String), null, 5492(String), integer(String), var1730(String), 2504(String), 2504(String), null, null, null, 1730(Long), 1730(String), null, 5493(String), integer(String), var1731(String), 2504(String), 2504(String), null, null, null, 1731(Long), 1731(String), null, 5494(String), integer(String), var299(String), 2504(String), 2504(String), null, null, null, 299(Long), 299(String), null, 5495(String), integer(String), var1734(String), 2504(String), 2504(String), null, null, null, 1734(Long), 1734(String), null, 5496(String), integer(String), var298(String), 2504(String), 2504(String), null, null, null, 298(Long), 298(String), null, 5497(String), integer(String), var1735(String), 2504(String), 2504(String), null, null, null, 1735(Long), 1735(String), null, 5498(String), integer(String), var297(String), 2504(String), 2504(String), null, null, null, 297(Long), 297(String), null, 5499(String), integer(String), var1732(String), 2504(String), 2504(String), null, null, null, 1732(Long), 1732(String), null, 5500(String), integer(String), var296(String), 2504(String), 2504(String), null, null, null, 296(Long), 296(String), null, 5501(String), integer(String), var1733(String), 2504(String), 2504(String), null, null, null, 1733(Long), 1733(String), null, 5502(String), integer(String), var1738(String), 2504(String), 2504(String), null, null, null, 1738(Long), 1738(String), null, 5503(String), integer(String), var1739(String), 2504(String), 2504(String), null, null, null, 1739(Long), 1739(String), null, 5504(String), integer(String), var1736(String), 2504(String), 2504(String), null, null, null, 1736(Long), 1736(String), null
10:48:05,610 [main] DEBUG org.activiti.engine.impl.persistence.entity.VariableInstanceEntity.bulkInsertVariableInstance  - &lt;==    Updates: 100
10:48:05,611 [Thread-111] DEBUG org.activiti.engine.impl.asyncexecutor.AcquireTimerJobsRunnable  - timer job acquisition thread woke up
10:48:05,611 [Thread-111] DEBUG org.activiti.engine.impl.interceptor.LogInterceptor  - 

10:48:05,611 [Thread-111] DEBUG org.activiti.engine.impl.interceptor.LogInterceptor  - --- starting AcquireTimerJobsCmd --------------------------------------------------------
10:48:05,611 [Thread-111] DEBUG org.apache.ibatis.transaction.jdbc.JdbcTransaction  - Opening JDBC Connection
10:48:05,611 [Thread-111] DEBUG org.apache.ibatis.datasource.pooled.PooledDataSource  - Checked out connection 604408605 from pool.
10:48:05,611 [Thread-111] DEBUG org.apache.ibatis.transaction.jdbc.JdbcTransaction  - Setting autocommit to false on JDBC Connection [conn70: url=jdbc:h2:mem:activiti-AsyncExecutorTest user=SA]
10:48:05,611 [Thread-111] DEBUG org.activiti.engine.impl.persistence.entity.JobEntity.selectNextTimerJobsToExecute  - ==&gt;  Preparing: select RES.* from ACT_RU_JOB RES LEFT OUTER JOIN ACT_RU_EXECUTION PI ON PI.ID_ = RES.PROCESS_INSTANCE_ID_ where (RES.RETRIES_ &gt; 0) and (RES.DUEDATE_ is null or RES.DUEDATE_ &lt;= ?) and (RES.LOCK_OWNER_ is null or RES.LOCK_EXP_TIME_ &lt;= ?) and TYPE_ = &apos;timer&apos; and ( (RES.EXECUTION_ID_ is null) or (PI.SUSPENSION_STATE_ = 1) ) LIMIT ? OFFSET ? 
10:48:05,611 [Thread-111] DEBUG org.activiti.engine.impl.persistence.entity.JobEntity.selectNextTimerJobsToExecute  - ==&gt; Parameters: 2023-03-20 10:48:05.611(Timestamp), 2023-03-20 10:48:05.611(Timestamp), 1(Integer), 0(Integer)
10:48:05,611 [Thread-111] DEBUG org.activiti.engine.impl.persistence.entity.JobEntity.selectNextTimerJobsToExecute  - &lt;==      Total: 0
10:48:05,611 [Thread-111] DEBUG org.activiti.engine.impl.db.DbSqlSession  - flush summary: 0 insert, 0 update, 0 delete.
10:48:05,611 [Thread-111] DEBUG org.activiti.engine.impl.db.DbSqlSession  - now executing flush...
10:48:05,611 [Thread-111] DEBUG org.activiti.engine.impl.cfg.standalone.StandaloneMybatisTransactionContext  - firing event committing...
10:48:05,611 [Thread-111] DEBUG org.activiti.engine.impl.cfg.standalone.StandaloneMybatisTransactionContext  - committing the ibatis sql session...
10:48:05,611 [Thread-111] DEBUG org.activiti.engine.impl.cfg.standalone.StandaloneMybatisTransactionContext  - firing event committed...
10:48:05,611 [Thread-111] DEBUG org.apache.ibatis.transaction.jdbc.JdbcTransaction  - Resetting autocommit to true on JDBC Connection [conn70: url=jdbc:h2:mem:activiti-AsyncExecutorTest user=SA]
10:48:05,611 [Thread-111] DEBUG org.apache.ibatis.transaction.jdbc.JdbcTransaction  - Closing JDBC Connection [conn70: url=jdbc:h2:mem:activiti-AsyncExecutorTest user=SA]
10:48:05,611 [Thread-111] DEBUG org.apache.ibatis.datasource.pooled.PooledDataSource  - Returned connection 604408605 to pool.
10:48:05,611 [Thread-111] DEBUG org.activiti.engine.impl.interceptor.LogInterceptor  - --- AcquireTimerJobsCmd finished --------------------------------------------------------
10:48:05,611 [Thread-111] DEBUG org.activiti.engine.impl.interceptor.LogInterceptor  - 

10:48:05,611 [Thread-111] DEBUG org.activiti.engine.impl.asyncexecutor.AcquireTimerJobsRunnable  - timer job acquisition thread sleeping for 50 millis
10:48:05,612 [main] DEBUG org.activiti.engine.impl.persistence.entity.VariableInstanceEntity.bulkInsertVariableInstance  - ==&gt;  Preparing: INSERT INTO ACT_RU_VARIABLE (ID_, REV_, TYPE_, NAME_, PROC_INST_ID_, EXECUTION_ID_, TASK_ID_, BYTEARRAY_ID_, DOUBLE_, LONG_ , TEXT_, TEXT2_) VALUES (?, 1, ?, ?, ?, ?, ?, ?, ?, ?, ?, ?) , (?, 1, ?, ?, ?, ?, ?, ?, ?, ?, ?, ?) , (?, 1, ?, ?, ?, ?, ?, ?, ?, ?, ?, ?) , (?, 1, ?, ?, ?, ?, ?, ?, ?, ?, ?, ?) , (?, 1, ?, ?, ?, ?, ?, ?, ?, ?, ?, ?) , (?, 1, ?, ?, ?, ?, ?, ?, ?, ?, ?, ?) , (?, 1, ?, ?, ?, ?, ?, ?, ?, ?, ?, ?) , (?, 1, ?, ?, ?, ?, ?, ?, ?, ?, ?, ?) , (?, 1, ?, ?, ?, ?, ?, ?, ?, ?, ?, ?) , (?, 1, ?, ?, ?, ?, ?, ?, ?, ?, ?, ?) , (?, 1, ?, ?, ?, ?, ?, ?, ?, ?, ?, ?) , (?, 1, ?, ?, ?, ?, ?, ?, ?, ?, ?, ?) , (?, 1, ?, ?, ?, ?, ?, ?, ?, ?, ?, ?) , (?, 1, ?, ?, ?, ?, ?, ?, ?, ?, ?, ?) , (?, 1, ?, ?, ?, ?, ?, ?, ?, ?, ?, ?) , (?, 1, ?, ?, ?, ?, ?, ?, ?, ?, ?, ?) , (?, 1, ?, ?, ?, ?, ?, ?, ?, ?, ?, ?) , (?, 1, ?, ?, ?, ?, ?, ?, ?, ?, ?, ?) , (?, 1, ?, ?, ?, ?, ?, ?, ?, ?, ?, ?) , (?, 1, ?, ?, ?, ?, ?, ?, ?, ?, ?, ?) , (?, 1, ?, ?, ?, ?, ?, ?, ?, ?, ?, ?) , (?, 1, ?, ?, ?, ?, ?, ?, ?, ?, ?, ?) , (?, 1, ?, ?, ?, ?, ?, ?, ?, ?, ?, ?) , (?, 1, ?, ?, ?, ?, ?, ?, ?, ?, ?, ?) , (?, 1, ?, ?, ?, ?, ?, ?, ?, ?, ?, ?) , (?, 1, ?, ?, ?, ?, ?, ?, ?, ?, ?, ?) , (?, 1, ?, ?, ?, ?, ?, ?, ?, ?, ?, ?) , (?, 1, ?, ?, ?, ?, ?, ?, ?, ?, ?, ?) , (?, 1, ?, ?, ?, ?, ?, ?, ?, ?, ?, ?) , (?, 1, ?, ?, ?, ?, ?, ?, ?, ?, ?, ?) , (?, 1, ?, ?, ?, ?, ?, ?, ?, ?, ?, ?) , (?, 1, ?, ?, ?, ?, ?, ?, ?, ?, ?, ?) , (?, 1, ?, ?, ?, ?, ?, ?, ?, ?, ?, ?) , (?, 1, ?, ?, ?, ?, ?, ?, ?, ?, ?, ?) , (?, 1, ?, ?, ?, ?, ?, ?, ?, ?, ?, ?) , (?, 1, ?, ?, ?, ?, ?, ?, ?, ?, ?, ?) , (?, 1, ?, ?, ?, ?, ?, ?, ?, ?, ?, ?) , (?, 1, ?, ?, ?, ?, ?, ?, ?, ?, ?, ?) , (?, 1, ?, ?, ?, ?, ?, ?, ?, ?, ?, ?) , (?, 1, ?, ?, ?, ?, ?, ?, ?, ?, ?, ?) , (?, 1, ?, ?, ?, ?, ?, ?, ?, ?, ?, ?) , (?, 1, ?, ?, ?, ?, ?, ?, ?, ?, ?, ?) , (?, 1, ?, ?, ?, ?, ?, ?, ?, ?, ?, ?) , (?, 1, ?, ?, ?, ?, ?, ?, ?, ?, ?, ?) , (?, 1, ?, ?, ?, ?, ?, ?, ?, ?, ?, ?) , (?, 1, ?, ?, ?, ?, ?, ?, ?, ?, ?, ?) , (?, 1, ?, ?, ?, ?, ?, ?, ?, ?, ?, ?) , (?, 1, ?, ?, ?, ?, ?, ?, ?, ?, ?, ?) , (?, 1, ?, ?, ?, ?, ?, ?, ?, ?, ?, ?) , (?, 1, ?, ?, ?, ?, ?, ?, ?, ?, ?, ?) , (?, 1, ?, ?, ?, ?, ?, ?, ?, ?, ?, ?) , (?, 1, ?, ?, ?, ?, ?, ?, ?, ?, ?, ?) , (?, 1, ?, ?, ?, ?, ?, ?, ?, ?, ?, ?) , (?, 1, ?, ?, ?, ?, ?, ?, ?, ?, ?, ?) , (?, 1, ?, ?, ?, ?, ?, ?, ?, ?, ?, ?) , (?, 1, ?, ?, ?, ?, ?, ?, ?, ?, ?, ?) , (?, 1, ?, ?, ?, ?, ?, ?, ?, ?, ?, ?) , (?, 1, ?, ?, ?, ?, ?, ?, ?, ?, ?, ?) , (?, 1, ?, ?, ?, ?, ?, ?, ?, ?, ?, ?) , (?, 1, ?, ?, ?, ?, ?, ?, ?, ?, ?, ?) , (?, 1, ?, ?, ?, ?, ?, ?, ?, ?, ?, ?) , (?, 1, ?, ?, ?, ?, ?, ?, ?, ?, ?, ?) , (?, 1, ?, ?, ?, ?, ?, ?, ?, ?, ?, ?) , (?, 1, ?, ?, ?, ?, ?, ?, ?, ?, ?, ?) , (?, 1, ?, ?, ?, ?, ?, ?, ?, ?, ?, ?) , (?, 1, ?, ?, ?, ?, ?, ?, ?, ?, ?, ?) , (?, 1, ?, ?, ?, ?, ?, ?, ?, ?, ?, ?) , (?, 1, ?, ?, ?, ?, ?, ?, ?, ?, ?, ?) , (?, 1, ?, ?, ?, ?, ?, ?, ?, ?, ?, ?) , (?, 1, ?, ?, ?, ?, ?, ?, ?, ?, ?, ?) , (?, 1, ?, ?, ?, ?, ?, ?, ?, ?, ?, ?) , (?, 1, ?, ?, ?, ?, ?, ?, ?, ?, ?, ?) , (?, 1, ?, ?, ?, ?, ?, ?, ?, ?, ?, ?) , (?, 1, ?, ?, ?, ?, ?, ?, ?, ?, ?, ?) , (?, 1, ?, ?, ?, ?, ?, ?, ?, ?, ?, ?) , (?, 1, ?, ?, ?, ?, ?, ?, ?, ?, ?, ?) , (?, 1, ?, ?, ?, ?, ?, ?, ?, ?, ?, ?) , (?, 1, ?, ?, ?, ?, ?, ?, ?, ?, ?, ?) , (?, 1, ?, ?, ?, ?, ?, ?, ?, ?, ?, ?) , (?, 1, ?, ?, ?, ?, ?, ?, ?, ?, ?, ?) , (?, 1, ?, ?, ?, ?, ?, ?, ?, ?, ?, ?) , (?, 1, ?, ?, ?, ?, ?, ?, ?, ?, ?, ?) , (?, 1, ?, ?, ?, ?, ?, ?, ?, ?, ?, ?) , (?, 1, ?, ?, ?, ?, ?, ?, ?, ?, ?, ?) , (?, 1, ?, ?, ?, ?, ?, ?, ?, ?, ?, ?) , (?, 1, ?, ?, ?, ?, ?, ?, ?, ?, ?, ?) , (?, 1, ?, ?, ?, ?, ?, ?, ?, ?, ?, ?) , (?, 1, ?, ?, ?, ?, ?, ?, ?, ?, ?, ?) , (?, 1, ?, ?, ?, ?, ?, ?, ?, ?, ?, ?) , (?, 1, ?, ?, ?, ?, ?, ?, ?, ?, ?, ?) , (?, 1, ?, ?, ?, ?, ?, ?, ?, ?, ?, ?) , (?, 1, ?, ?, ?, ?, ?, ?, ?, ?, ?, ?) , (?, 1, ?, ?, ?, ?, ?, ?, ?, ?, ?, ?) , (?, 1, ?, ?, ?, ?, ?, ?, ?, ?, ?, ?) , (?, 1, ?, ?, ?, ?, ?, ?, ?, ?, ?, ?) , (?, 1, ?, ?, ?, ?, ?, ?, ?, ?, ?, ?) , (?, 1, ?, ?, ?, ?, ?, ?, ?, ?, ?, ?) , (?, 1, ?, ?, ?, ?, ?, ?, ?, ?, ?, ?) , (?, 1, ?, ?, ?, ?, ?, ?, ?, ?, ?, ?) , (?, 1, ?, ?, ?, ?, ?, ?, ?, ?, ?, ?) 
10:48:05,613 [main] DEBUG org.activiti.engine.impl.persistence.entity.VariableInstanceEntity.bulkInsertVariableInstance  - ==&gt; Parameters: 5505(String), integer(String), var1737(String), 2504(String), 2504(String), null, null, null, 1737(Long), 1737(String), null, 5506(String), integer(String), var284(String), 2504(String), 2504(String), null, null, null, 284(Long), 284(String), null, 5507(String), integer(String), var283(String), 2504(String), 2504(String), null, null, null, 283(Long), 283(String), null, 5508(String), integer(String), var282(String), 2504(String), 2504(String), null, null, null, 282(Long), 282(String), null, 5509(String), integer(String), var281(String), 2504(String), 2504(String), null, null, null, 281(Long), 281(String), null, 5510(String), integer(String), var280(String), 2504(String), 2504(String), null, null, null, 280(Long), 280(String), null, 5511(String), integer(String), var1741(String), 2504(String), 2504(String), null, null, null, 1741(Long), 1741(String), null, 5512(String), integer(String), var1742(String), 2504(String), 2504(String), null, null, null, 1742(Long), 1742(String), null, 5513(String), integer(String), var289(String), 2504(String), 2504(String), null, null, null, 289(Long), 289(String), null, 5514(String), integer(String), var1740(String), 2504(String), 2504(String), null, null, null, 1740(Long), 1740(String), null, 5515(String), integer(String), var288(String), 2504(String), 2504(String), null, null, null, 288(Long), 288(String), null, 5516(String), integer(String), var1745(String), 2504(String), 2504(String), null, null, null, 1745(Long), 1745(String), null, 5517(String), integer(String), var287(String), 2504(String), 2504(String), null, null, null, 287(Long), 287(String), null, 5518(String), integer(String), var1746(String), 2504(String), 2504(String), null, null, null, 1746(Long), 1746(String), null, 5519(String), integer(String), var286(String), 2504(String), 2504(String), null, null, null, 286(Long), 286(String), null, 5520(String), integer(String), var1743(String), 2504(String), 2504(String), null, null, null, 1743(Long), 1743(String), null, 5521(String), integer(String), var285(String), 2504(String), 2504(String), null, null, null, 285(Long), 285(String), null, 5522(String), integer(String), var1744(String), 2504(String), 2504(String), null, null, null, 1744(Long), 1744(String), null, 5523(String), integer(String), var1749(String), 2504(String), 2504(String), null, null, null, 1749(Long), 1749(String), null, 5524(String), integer(String), var1747(String), 2504(String), 2504(String), null, null, null, 1747(Long), 1747(String), null, 5525(String), integer(String), var1748(String), 2504(String), 2504(String), null, null, null, 1748(Long), 1748(String), null, 5526(String), integer(String), var273(String), 2504(String), 2504(String), null, null, null, 273(Long), 273(String), null, 5527(String), integer(String), var272(String), 2504(String), 2504(String), null, null, null, 272(Long), 272(String), null, 5528(String), integer(String), var271(String), 2504(String), 2504(String), null, null, null, 271(Long), 271(String), null, 5529(String), integer(String), var270(String), 2504(String), 2504(String), null, null, null, 270(Long), 270(String), null, 5530(String), integer(String), var1752(String), 2504(String), 2504(String), null, null, null, 1752(Long), 1752(String), null, 5531(String), integer(String), var1753(String), 2504(String), 2504(String), null, null, null, 1753(Long), 1753(String), null, 5532(String), integer(String), var279(String), 2504(String), 2504(String), null, null, null, 279(Long), 279(String), null, 5533(String), integer(String), var1750(String), 2504(String), 2504(String), null, null, null, 1750(Long), 1750(String), null, 5534(String), integer(String), var278(String), 2504(String), 2504(String), null, null, null, 278(Long), 278(String), null, 5535(String), integer(String), var1751(String), 2504(String), 2504(String), null, null, null, 1751(Long), 1751(String), null, 5536(String), integer(String), var277(String), 2504(String), 2504(String), null, null, null, 277(Long), 277(String), null, 5537(String), integer(String), var1756(String), 2504(String), 2504(String), null, null, null, 1756(Long), 1756(String), null, 5538(String), integer(String), var276(String), 2504(String), 2504(String), null, null, null, 276(Long), 276(String), null, 5539(String), integer(String), var1757(String), 2504(String), 2504(String), null, null, null, 1757(Long), 1757(String), null, 5540(String), integer(String), var275(String), 2504(String), 2504(String), null, null, null, 275(Long), 275(String), null, 5541(String), integer(String), var1754(String), 2504(String), 2504(String), null, null, null, 1754(Long), 1754(String), null, 5542(String), integer(String), var274(String), 2504(String), 2504(String), null, null, null, 274(Long), 274(String), null, 5543(String), integer(String), var1755(String), 2504(String), 2504(String), null, null, null, 1755(Long), 1755(String), null, 5544(String), integer(String), var1758(String), 2504(String), 2504(String), null, null, null, 1758(Long), 1758(String), null, 5545(String), integer(String), var1759(String), 2504(String), 2504(String), null, null, null, 1759(Long), 1759(String), null, 5546(String), integer(String), var27(String), 2504(String), 2504(String), null, null, null, 27(Long), 27(String), null, 5547(String), integer(String), var28(String), 2504(String), 2504(String), null, null, null, 28(Long), 28(String), null, 5548(String), integer(String), var29(String), 2504(String), 2504(String), null, null, null, 29(Long), 29(String), null, 5549(String), integer(String), var23(String), 2504(String), 2504(String), null, null, null, 23(Long), 23(String), null, 5550(String), integer(String), var24(String), 2504(String), 2504(String), null, null, null, 24(Long), 24(String), null, 5551(String), integer(String), var1760(String), 2504(String), 2504(String), null, null, null, 1760(Long), 1760(String), null, 5552(String), integer(String), var25(String), 2504(String), 2504(String), null, null, null, 25(Long), 25(String), null, 5553(String), integer(String), var26(String), 2504(String), 2504(String), null, null, null, 26(Long), 26(String), null, 5554(String), integer(String), var1763(String), 2504(String), 2504(String), null, null, null, 1763(Long), 1763(String), null, 5555(String), integer(String), var20(String), 2504(String), 2504(String), null, null, null, 20(Long), 20(String), null, 5556(String), integer(String), var1764(String), 2504(String), 2504(String), null, null, null, 1764(Long), 1764(String), null, 5557(String), integer(String), var21(String), 2504(String), 2504(String), null, null, null, 21(Long), 21(String), null, 5558(String), integer(String), var1761(String), 2504(String), 2504(String), null, null, null, 1761(Long), 1761(String), null, 5559(String), integer(String), var22(String), 2504(String), 2504(String), null, null, null, 22(Long), 22(String), null, 5560(String), integer(String), var1762(String), 2504(String), 2504(String), null, null, null, 1762(Long), 1762(String), null, 5561(String), integer(String), var1767(String), 2504(String), 2504(String), null, null, null, 1767(Long), 1767(String), null, 5562(String), integer(String), var1768(String), 2504(String), 2504(String), null, null, null, 1768(Long), 1768(String), null, 5563(String), integer(String), var1765(String), 2504(String), 2504(String), null, null, null, 1765(Long), 1765(String), null, 5564(String), integer(String), var1766(String), 2504(String), 2504(String), null, null, null, 1766(Long), 1766(String), null, 5565(String), integer(String), var1769(String), 2504(String), 2504(String), null, null, null, 1769(Long), 1769(String), null, 5566(String), integer(String), var16(String), 2504(String), 2504(String), null, null, null, 16(Long), 16(String), null, 5567(String), integer(String), var17(String), 2504(String), 2504(String), null, null, null, 17(Long), 17(String), null, 5568(String), integer(String), var18(String), 2504(String), 2504(String), null, null, null, 18(Long), 18(String), null, 5569(String), integer(String), var19(String), 2504(String), 2504(String), null, null, null, 19(Long), 19(String), null, 5570(String), integer(String), var12(String), 2504(String), 2504(String), null, null, null, 12(Long), 12(String), null, 5571(String), integer(String), var1770(String), 2504(String), 2504(String), null, null, null, 1770(Long), 1770(String), null, 5572(String), integer(String), var13(String), 2504(String), 2504(String), null, null, null, 13(Long), 13(String), null, 5573(String), integer(String), var1771(String), 2504(String), 2504(String), null, null, null, 1771(Long), 1771(String), null, 5574(String), integer(String), var14(String), 2504(String), 2504(String), null, null, null, 14(Long), 14(String), null, 5575(String), integer(String), var15(String), 2504(String), 2504(String), null, null, null, 15(Long), 15(String), null, 5576(String), integer(String), var1774(String), 2504(String), 2504(String), null, null, null, 1774(Long), 1774(String), null, 5577(String), integer(String), var1775(String), 2504(String), 2504(String), null, null, null, 1775(Long), 1775(String), null, 5578(String), integer(String), var10(String), 2504(String), 2504(String), null, null, null, 10(Long), 10(String), null, 5579(String), integer(String), var1772(String), 2504(String), 2504(String), null, null, null, 1772(Long), 1772(String), null, 5580(String), integer(String), var11(String), 2504(String), 2504(String), null, null, null, 11(Long), 11(String), null, 5581(String), integer(String), var1773(String), 2504(String), 2504(String), null, null, null, 1773(Long), 1773(String), null, 5582(String), integer(String), var1778(String), 2504(String), 2504(String), null, null, null, 1778(Long), 1778(String), null, 5583(String), integer(String), var1779(String), 2504(String), 2504(String), null, null, null, 1779(Long), 1779(String), null, 5584(String), integer(String), var1776(String), 2504(String), 2504(String), null, null, null, 1776(Long), 1776(String), null, 5585(String), integer(String), var1777(String), 2504(String), 2504(String), null, null, null, 1777(Long), 1777(String), null, 5586(String), integer(String), var49(String), 2504(String), 2504(String), null, null, null, 49(Long), 49(String), null, 5587(String), integer(String), var45(String), 2504(String), 2504(String), null, null, null, 45(Long), 45(String), null, 5588(String), integer(String), var1781(String), 2504(String), 2504(String), null, null, null, 1781(Long), 1781(String), null, 5589(String), integer(String), var46(String), 2504(String), 2504(String), null, null, null, 46(Long), 46(String), null, 5590(String), integer(String), var1782(String), 2504(String), 2504(String), null, null, null, 1782(Long), 1782(String), null, 5591(String), integer(String), var47(String), 2504(String), 2504(String), null, null, null, 47(Long), 47(String), null, 5592(String), integer(String), var48(String), 2504(String), 2504(String), null, null, null, 48(Long), 48(String), null, 5593(String), integer(String), var1780(String), 2504(String), 2504(String), null, null, null, 1780(Long), 1780(String), null, 5594(String), integer(String), var41(String), 2504(String), 2504(String), null, null, null, 41(Long), 41(String), null, 5595(String), integer(String), var1785(String), 2504(String), 2504(String), null, null, null, 1785(Long), 1785(String), null, 5596(String), integer(String), var42(String), 2504(String), 2504(String), null, null, null, 42(Long), 42(String), null, 5597(String), integer(String), var1786(String), 2504(String), 2504(String), null, null, null, 1786(Long), 1786(String), null, 5598(String), integer(String), var43(String), 2504(String), 2504(String), null, null, null, 43(Long), 43(String), null, 5599(String), integer(String), var1783(String), 2504(String), 2504(String), null, null, null, 1783(Long), 1783(String), null, 5600(String), integer(String), var44(String), 2504(String), 2504(String), null, null, null, 44(Long), 44(String), null, 5601(String), integer(String), var1784(String), 2504(String), 2504(String), null, null, null, 1784(Long), 1784(String), null, 5602(String), integer(String), var1789(String), 2504(String), 2504(String), null, null, null, 1789(Long), 1789(String), null, 5603(String), integer(String), var1787(String), 2504(String), 2504(String), null, null, null, 1787(Long), 1787(String), null, 5604(String), integer(String), var40(String), 2504(String), 2504(String), null, null, null, 40(Long), 40(String), null
10:48:05,614 [main] DEBUG org.activiti.engine.impl.persistence.entity.VariableInstanceEntity.bulkInsertVariableInstance  - &lt;==    Updates: 100
10:48:05,617 [main] DEBUG org.activiti.engine.impl.persistence.entity.VariableInstanceEntity.bulkInsertVariableInstance  - ==&gt;  Preparing: INSERT INTO ACT_RU_VARIABLE (ID_, REV_, TYPE_, NAME_, PROC_INST_ID_, EXECUTION_ID_, TASK_ID_, BYTEARRAY_ID_, DOUBLE_, LONG_ , TEXT_, TEXT2_) VALUES (?, 1, ?, ?, ?, ?, ?, ?, ?, ?, ?, ?) , (?, 1, ?, ?, ?, ?, ?, ?, ?, ?, ?, ?) , (?, 1, ?, ?, ?, ?, ?, ?, ?, ?, ?, ?) , (?, 1, ?, ?, ?, ?, ?, ?, ?, ?, ?, ?) , (?, 1, ?, ?, ?, ?, ?, ?, ?, ?, ?, ?) , (?, 1, ?, ?, ?, ?, ?, ?, ?, ?, ?, ?) , (?, 1, ?, ?, ?, ?, ?, ?, ?, ?, ?, ?) , (?, 1, ?, ?, ?, ?, ?, ?, ?, ?, ?, ?) , (?, 1, ?, ?, ?, ?, ?, ?, ?, ?, ?, ?) , (?, 1, ?, ?, ?, ?, ?, ?, ?, ?, ?, ?) , (?, 1, ?, ?, ?, ?, ?, ?, ?, ?, ?, ?) , (?, 1, ?, ?, ?, ?, ?, ?, ?, ?, ?, ?) , (?, 1, ?, ?, ?, ?, ?, ?, ?, ?, ?, ?) , (?, 1, ?, ?, ?, ?, ?, ?, ?, ?, ?, ?) , (?, 1, ?, ?, ?, ?, ?, ?, ?, ?, ?, ?) , (?, 1, ?, ?, ?, ?, ?, ?, ?, ?, ?, ?) , (?, 1, ?, ?, ?, ?, ?, ?, ?, ?, ?, ?) , (?, 1, ?, ?, ?, ?, ?, ?, ?, ?, ?, ?) , (?, 1, ?, ?, ?, ?, ?, ?, ?, ?, ?, ?) , (?, 1, ?, ?, ?, ?, ?, ?, ?, ?, ?, ?) , (?, 1, ?, ?, ?, ?, ?, ?, ?, ?, ?, ?) , (?, 1, ?, ?, ?, ?, ?, ?, ?, ?, ?, ?) , (?, 1, ?, ?, ?, ?, ?, ?, ?, ?, ?, ?) , (?, 1, ?, ?, ?, ?, ?, ?, ?, ?, ?, ?) , (?, 1, ?, ?, ?, ?, ?, ?, ?, ?, ?, ?) , (?, 1, ?, ?, ?, ?, ?, ?, ?, ?, ?, ?) , (?, 1, ?, ?, ?, ?, ?, ?, ?, ?, ?, ?) , (?, 1, ?, ?, ?, ?, ?, ?, ?, ?, ?, ?) , (?, 1, ?, ?, ?, ?, ?, ?, ?, ?, ?, ?) , (?, 1, ?, ?, ?, ?, ?, ?, ?, ?, ?, ?) , (?, 1, ?, ?, ?, ?, ?, ?, ?, ?, ?, ?) , (?, 1, ?, ?, ?, ?, ?, ?, ?, ?, ?, ?) , (?, 1, ?, ?, ?, ?, ?, ?, ?, ?, ?, ?) , (?, 1, ?, ?, ?, ?, ?, ?, ?, ?, ?, ?) , (?, 1, ?, ?, ?, ?, ?, ?, ?, ?, ?, ?) , (?, 1, ?, ?, ?, ?, ?, ?, ?, ?, ?, ?) , (?, 1, ?, ?, ?, ?, ?, ?, ?, ?, ?, ?) , (?, 1, ?, ?, ?, ?, ?, ?, ?, ?, ?, ?) , (?, 1, ?, ?, ?, ?, ?, ?, ?, ?, ?, ?) , (?, 1, ?, ?, ?, ?, ?, ?, ?, ?, ?, ?) , (?, 1, ?, ?, ?, ?, ?, ?, ?, ?, ?, ?) , (?, 1, ?, ?, ?, ?, ?, ?, ?, ?, ?, ?) , (?, 1, ?, ?, ?, ?, ?, ?, ?, ?, ?, ?) , (?, 1, ?, ?, ?, ?, ?, ?, ?, ?, ?, ?) , (?, 1, ?, ?, ?, ?, ?, ?, ?, ?, ?, ?) , (?, 1, ?, ?, ?, ?, ?, ?, ?, ?, ?, ?) , (?, 1, ?, ?, ?, ?, ?, ?, ?, ?, ?, ?) , (?, 1, ?, ?, ?, ?, ?, ?, ?, ?, ?, ?) , (?, 1, ?, ?, ?, ?, ?, ?, ?, ?, ?, ?) , (?, 1, ?, ?, ?, ?, ?, ?, ?, ?, ?, ?) , (?, 1, ?, ?, ?, ?, ?, ?, ?, ?, ?, ?) , (?, 1, ?, ?, ?, ?, ?, ?, ?, ?, ?, ?) , (?, 1, ?, ?, ?, ?, ?, ?, ?, ?, ?, ?) , (?, 1, ?, ?, ?, ?, ?, ?, ?, ?, ?, ?) , (?, 1, ?, ?, ?, ?, ?, ?, ?, ?, ?, ?) , (?, 1, ?, ?, ?, ?, ?, ?, ?, ?, ?, ?) , (?, 1, ?, ?, ?, ?, ?, ?, ?, ?, ?, ?) , (?, 1, ?, ?, ?, ?, ?, ?, ?, ?, ?, ?) , (?, 1, ?, ?, ?, ?, ?, ?, ?, ?, ?, ?) , (?, 1, ?, ?, ?, ?, ?, ?, ?, ?, ?, ?) , (?, 1, ?, ?, ?, ?, ?, ?, ?, ?, ?, ?) , (?, 1, ?, ?, ?, ?, ?, ?, ?, ?, ?, ?) , (?, 1, ?, ?, ?, ?, ?, ?, ?, ?, ?, ?) , (?, 1, ?, ?, ?, ?, ?, ?, ?, ?, ?, ?) , (?, 1, ?, ?, ?, ?, ?, ?, ?, ?, ?, ?) , (?, 1, ?, ?, ?, ?, ?, ?, ?, ?, ?, ?) , (?, 1, ?, ?, ?, ?, ?, ?, ?, ?, ?, ?) , (?, 1, ?, ?, ?, ?, ?, ?, ?, ?, ?, ?) , (?, 1, ?, ?, ?, ?, ?, ?, ?, ?, ?, ?) , (?, 1, ?, ?, ?, ?, ?, ?, ?, ?, ?, ?) , (?, 1, ?, ?, ?, ?, ?, ?, ?, ?, ?, ?) , (?, 1, ?, ?, ?, ?, ?, ?, ?, ?, ?, ?) , (?, 1, ?, ?, ?, ?, ?, ?, ?, ?, ?, ?) , (?, 1, ?, ?, ?, ?, ?, ?, ?, ?, ?, ?) , (?, 1, ?, ?, ?, ?, ?, ?, ?, ?, ?, ?) , (?, 1, ?, ?, ?, ?, ?, ?, ?, ?, ?, ?) , (?, 1, ?, ?, ?, ?, ?, ?, ?, ?, ?, ?) , (?, 1, ?, ?, ?, ?, ?, ?, ?, ?, ?, ?) , (?, 1, ?, ?, ?, ?, ?, ?, ?, ?, ?, ?) , (?, 1, ?, ?, ?, ?, ?, ?, ?, ?, ?, ?) , (?, 1, ?, ?, ?, ?, ?, ?, ?, ?, ?, ?) , (?, 1, ?, ?, ?, ?, ?, ?, ?, ?, ?, ?) , (?, 1, ?, ?, ?, ?, ?, ?, ?, ?, ?, ?) , (?, 1, ?, ?, ?, ?, ?, ?, ?, ?, ?, ?) , (?, 1, ?, ?, ?, ?, ?, ?, ?, ?, ?, ?) , (?, 1, ?, ?, ?, ?, ?, ?, ?, ?, ?, ?) , (?, 1, ?, ?, ?, ?, ?, ?, ?, ?, ?, ?) , (?, 1, ?, ?, ?, ?, ?, ?, ?, ?, ?, ?) , (?, 1, ?, ?, ?, ?, ?, ?, ?, ?, ?, ?) , (?, 1, ?, ?, ?, ?, ?, ?, ?, ?, ?, ?) , (?, 1, ?, ?, ?, ?, ?, ?, ?, ?, ?, ?) , (?, 1, ?, ?, ?, ?, ?, ?, ?, ?, ?, ?) , (?, 1, ?, ?, ?, ?, ?, ?, ?, ?, ?, ?) , (?, 1, ?, ?, ?, ?, ?, ?, ?, ?, ?, ?) , (?, 1, ?, ?, ?, ?, ?, ?, ?, ?, ?, ?) , (?, 1, ?, ?, ?, ?, ?, ?, ?, ?, ?, ?) , (?, 1, ?, ?, ?, ?, ?, ?, ?, ?, ?, ?) , (?, 1, ?, ?, ?, ?, ?, ?, ?, ?, ?, ?) , (?, 1, ?, ?, ?, ?, ?, ?, ?, ?, ?, ?) , (?, 1, ?, ?, ?, ?, ?, ?, ?, ?, ?, ?) 
10:48:05,618 [main] DEBUG org.activiti.engine.impl.persistence.entity.VariableInstanceEntity.bulkInsertVariableInstance  - ==&gt; Parameters: 5605(String), integer(String), var1788(String), 2504(String), 2504(String), null, null, null, 1788(Long), 1788(String), null, 5606(String), integer(String), var38(String), 2504(String), 2504(String), null, null, null, 38(Long), 38(String), null, 5607(String), integer(String), var39(String), 2504(String), 2504(String), null, null, null, 39(Long), 39(String), null, 5608(String), integer(String), var34(String), 2504(String), 2504(String), null, null, null, 34(Long), 34(String), null, 5609(String), integer(String), var1792(String), 2504(String), 2504(String), null, null, null, 1792(Long), 1792(String), null, 5610(String), integer(String), var35(String), 2504(String), 2504(String), null, null, null, 35(Long), 35(String), null, 5611(String), integer(String), var1793(String), 2504(String), 2504(String), null, null, null, 1793(Long), 1793(String), null, 5612(String), integer(String), var36(String), 2504(String), 2504(String), null, null, null, 36(Long), 36(String), null, 5613(String), integer(String), var1790(String), 2504(String), 2504(String), null, null, null, 1790(Long), 1790(String), null, 5614(String), integer(String), var37(String), 2504(String), 2504(String), null, null, null, 37(Long), 37(String), null, 5615(String), integer(String), var1791(String), 2504(String), 2504(String), null, null, null, 1791(Long), 1791(String), null, 5616(String), integer(String), var30(String), 2504(String), 2504(String), null, null, null, 30(Long), 30(String), null, 5617(String), integer(String), var1796(String), 2504(String), 2504(String), null, null, null, 1796(Long), 1796(String), null, 5618(String), integer(String), var31(String), 2504(String), 2504(String), null, null, null, 31(Long), 31(String), null, 5619(String), integer(String), var1797(String), 2504(String), 2504(String), null, null, null, 1797(Long), 1797(String), null, 5620(String), integer(String), var32(String), 2504(String), 2504(String), null, null, null, 32(Long), 32(String), null, 5621(String), integer(String), var1794(String), 2504(String), 2504(String), null, null, null, 1794(Long), 1794(String), null, 5622(String), integer(String), var33(String), 2504(String), 2504(String), null, null, null, 33(Long), 33(String), null, 5623(String), integer(String), var1795(String), 2504(String), 2504(String), null, null, null, 1795(Long), 1795(String), null, 5624(String), integer(String), var1798(String), 2504(String), 2504(String), null, null, null, 1798(Long), 1798(String), null, 5625(String), integer(String), var1799(String), 2504(String), 2504(String), null, null, null, 1799(Long), 1799(String), null, 5626(String), integer(String), var3502(String), 2504(String), 2504(String), null, null, null, 3502(Long), 3502(String), null, 5627(String), integer(String), var3501(String), 2504(String), 2504(String), null, null, null, 3501(Long), 3501(String), null, 5628(String), integer(String), var3500(String), 2504(String), 2504(String), null, null, null, 3500(Long), 3500(String), null, 5629(String), integer(String), var3506(String), 2504(String), 2504(String), null, null, null, 3506(Long), 3506(String), null, 5630(String), integer(String), var3505(String), 2504(String), 2504(String), null, null, null, 3505(Long), 3505(String), null, 5631(String), integer(String), var3504(String), 2504(String), 2504(String), null, null, null, 3504(Long), 3504(String), null, 5632(String), integer(String), var3503(String), 2504(String), 2504(String), null, null, null, 3503(Long), 3503(String), null, 5633(String), integer(String), var3509(String), 2504(String), 2504(String), null, null, null, 3509(Long), 3509(String), null, 5634(String), integer(String), var3508(String), 2504(String), 2504(String), null, null, null, 3508(Long), 3508(String), null, 5635(String), integer(String), var3507(String), 2504(String), 2504(String), null, null, null, 3507(Long), 3507(String), null, 5636(String), integer(String), var3513(String), 2504(String), 2504(String), null, null, null, 3513(Long), 3513(String), null, 5637(String), integer(String), var3512(String), 2504(String), 2504(String), null, null, null, 3512(Long), 3512(String), null, 5638(String), integer(String), var3511(String), 2504(String), 2504(String), null, null, null, 3511(Long), 3511(String), null, 5639(String), integer(String), var3510(String), 2504(String), 2504(String), null, null, null, 3510(Long), 3510(String), null, 5640(String), integer(String), var3517(String), 2504(String), 2504(String), null, null, null, 3517(Long), 3517(String), null, 5641(String), integer(String), var3516(String), 2504(String), 2504(String), null, null, null, 3516(Long), 3516(String), null, 5642(String), integer(String), var3515(String), 2504(String), 2504(String), null, null, null, 3515(Long), 3515(String), null, 5643(String), integer(String), var3514(String), 2504(String), 2504(String), null, null, null, 3514(Long), 3514(String), null, 5644(String), integer(String), var3519(String), 2504(String), 2504(String), null, null, null, 3519(Long), 3519(String), null, 5645(String), integer(String), var3518(String), 2504(String), 2504(String), null, null, null, 3518(Long), 3518(String), null, 5646(String), integer(String), var3520(String), 2504(String), 2504(String), null, null, null, 3520(Long), 3520(String), null, 5647(String), integer(String), var3524(String), 2504(String), 2504(String), null, null, null, 3524(Long), 3524(String), null, 5648(String), integer(String), var3523(String), 2504(String), 2504(String), null, null, null, 3523(Long), 3523(String), null, 5649(String), integer(String), var3522(String), 2504(String), 2504(String), null, null, null, 3522(Long), 3522(String), null, 5650(String), integer(String), var3521(String), 2504(String), 2504(String), null, null, null, 3521(Long), 3521(String), null, 5651(String), integer(String), var3528(String), 2504(String), 2504(String), null, null, null, 3528(Long), 3528(String), null, 5652(String), integer(String), var3527(String), 2504(String), 2504(String), null, null, null, 3527(Long), 3527(String), null, 5653(String), integer(String), var3526(String), 2504(String), 2504(String), null, null, null, 3526(Long), 3526(String), null, 5654(String), integer(String), var3525(String), 2504(String), 2504(String), null, null, null, 3525(Long), 3525(String), null, 5655(String), integer(String), var3529(String), 2504(String), 2504(String), null, null, null, 3529(Long), 3529(String), null, 5656(String), integer(String), var2200(String), 2504(String), 2504(String), null, null, null, 2200(Long), 2200(String), null, 5657(String), integer(String), var3531(String), 2504(String), 2504(String), null, null, null, 3531(Long), 3531(String), null, 5658(String), integer(String), var3530(String), 2504(String), 2504(String), null, null, null, 3530(Long), 3530(String), null, 5659(String), integer(String), var2204(String), 2504(String), 2504(String), null, null, null, 2204(Long), 2204(String), null, 5660(String), integer(String), var3535(String), 2504(String), 2504(String), null, null, null, 3535(Long), 3535(String), null, 5661(String), integer(String), var2203(String), 2504(String), 2504(String), null, null, null, 2203(Long), 2203(String), null, 5662(String), integer(String), var3534(String), 2504(String), 2504(String), null, null, null, 3534(Long), 3534(String), null, 5663(String), integer(String), var2202(String), 2504(String), 2504(String), null, null, null, 2202(Long), 2202(String), null, 5664(String), integer(String), var3533(String), 2504(String), 2504(String), null, null, null, 3533(Long), 3533(String), null, 5665(String), integer(String), var2201(String), 2504(String), 2504(String), null, null, null, 2201(Long), 2201(String), null, 5666(String), integer(String), var3532(String), 2504(String), 2504(String), null, null, null, 3532(Long), 3532(String), null, 5667(String), integer(String), var2208(String), 2504(String), 2504(String), null, null, null, 2208(Long), 2208(String), null, 5668(String), integer(String), var3539(String), 2504(String), 2504(String), null, null, null, 3539(Long), 3539(String), null, 5669(String), integer(String), var2207(String), 2504(String), 2504(String), null, null, null, 2207(Long), 2207(String), null, 5670(String), integer(String), var3538(String), 2504(String), 2504(String), null, null, null, 3538(Long), 3538(String), null, 5671(String), integer(String), var2206(String), 2504(String), 2504(String), null, null, null, 2206(Long), 2206(String), null, 5672(String), integer(String), var3537(String), 2504(String), 2504(String), null, null, null, 3537(Long), 3537(String), null, 5673(String), integer(String), var2205(String), 2504(String), 2504(String), null, null, null, 2205(Long), 2205(String), null, 5674(String), integer(String), var3536(String), 2504(String), 2504(String), null, null, null, 3536(Long), 3536(String), null, 5675(String), integer(String), var2209(String), 2504(String), 2504(String), null, null, null, 2209(Long), 2209(String), null, 5676(String), integer(String), var3421(String), 2504(String), 2504(String), null, null, null, 3421(Long), 3421(String), null, 5677(String), integer(String), var3420(String), 2504(String), 2504(String), null, null, null, 3420(Long), 3420(String), null, 5678(String), integer(String), var3425(String), 2504(String), 2504(String), null, null, null, 3425(Long), 3425(String), null, 5679(String), integer(String), var3424(String), 2504(String), 2504(String), null, null, null, 3424(Long), 3424(String), null, 5680(String), integer(String), var3423(String), 2504(String), 2504(String), null, null, null, 3423(Long), 3423(String), null, 5681(String), integer(String), var3422(String), 2504(String), 2504(String), null, null, null, 3422(Long), 3422(String), null, 5682(String), integer(String), var3429(String), 2504(String), 2504(String), null, null, null, 3429(Long), 3429(String), null, 5683(String), integer(String), var3428(String), 2504(String), 2504(String), null, null, null, 3428(Long), 3428(String), null, 5684(String), integer(String), var3427(String), 2504(String), 2504(String), null, null, null, 3427(Long), 3427(String), null, 5685(String), integer(String), var3426(String), 2504(String), 2504(String), null, null, null, 3426(Long), 3426(String), null, 5686(String), integer(String), var2101(String), 2504(String), 2504(String), null, null, null, 2101(Long), 2101(String), null, 5687(String), integer(String), var3432(String), 2504(String), 2504(String), null, null, null, 3432(Long), 3432(String), null, 5688(String), integer(String), var2100(String), 2504(String), 2504(String), null, null, null, 2100(Long), 2100(String), null, 5689(String), integer(String), var3431(String), 2504(String), 2504(String), null, null, null, 3431(Long), 3431(String), null, 5690(String), integer(String), var3430(String), 2504(String), 2504(String), null, null, null, 3430(Long), 3430(String), null, 5691(String), integer(String), var2105(String), 2504(String), 2504(String), null, null, null, 2105(Long), 2105(String), null, 5692(String), integer(String), var3436(String), 2504(String), 2504(String), null, null, null, 3436(Long), 3436(String), null, 5693(String), integer(String), var2104(String), 2504(String), 2504(String), null, null, null, 2104(Long), 2104(String), null, 5694(String), integer(String), var3435(String), 2504(String), 2504(String), null, null, null, 3435(Long), 3435(String), null, 5695(String), integer(String), var2103(String), 2504(String), 2504(String), null, null, null, 2103(Long), 2103(String), null, 5696(String), integer(String), var3434(String), 2504(String), 2504(String), null, null, null, 3434(Long), 3434(String), null, 5697(String), integer(String), var2102(String), 2504(String), 2504(String), null, null, null, 2102(Long), 2102(String), null, 5698(String), integer(String), var3433(String), 2504(String), 2504(String), null, null, null, 3433(Long), 3433(String), null, 5699(String), integer(String), var2109(String), 2504(String), 2504(String), null, null, null, 2109(Long), 2109(String), null, 5700(String), integer(String), var2108(String), 2504(String), 2504(String), null, null, null, 2108(Long), 2108(String), null, 5701(String), integer(String), var3439(String), 2504(String), 2504(String), null, null, null, 3439(Long), 3439(String), null, 5702(String), integer(String), var2107(String), 2504(String), 2504(String), null, null, null, 2107(Long), 2107(String), null, 5703(String), integer(String), var3438(String), 2504(String), 2504(String), null, null, null, 3438(Long), 3438(String), null, 5704(String), integer(String), var2106(String), 2504(String), 2504(String), null, null, null, 2106(Long), 2106(String), null
10:48:05,619 [main] DEBUG org.activiti.engine.impl.persistence.entity.VariableInstanceEntity.bulkInsertVariableInstance  - &lt;==    Updates: 100
10:48:05,621 [main] DEBUG org.activiti.engine.impl.persistence.entity.VariableInstanceEntity.bulkInsertVariableInstance  - ==&gt;  Preparing: INSERT INTO ACT_RU_VARIABLE (ID_, REV_, TYPE_, NAME_, PROC_INST_ID_, EXECUTION_ID_, TASK_ID_, BYTEARRAY_ID_, DOUBLE_, LONG_ , TEXT_, TEXT2_) VALUES (?, 1, ?, ?, ?, ?, ?, ?, ?, ?, ?, ?) , (?, 1, ?, ?, ?, ?, ?, ?, ?, ?, ?, ?) , (?, 1, ?, ?, ?, ?, ?, ?, ?, ?, ?, ?) , (?, 1, ?, ?, ?, ?, ?, ?, ?, ?, ?, ?) , (?, 1, ?, ?, ?, ?, ?, ?, ?, ?, ?, ?) , (?, 1, ?, ?, ?, ?, ?, ?, ?, ?, ?, ?) , (?, 1, ?, ?, ?, ?, ?, ?, ?, ?, ?, ?) , (?, 1, ?, ?, ?, ?, ?, ?, ?, ?, ?, ?) , (?, 1, ?, ?, ?, ?, ?, ?, ?, ?, ?, ?) , (?, 1, ?, ?, ?, ?, ?, ?, ?, ?, ?, ?) , (?, 1, ?, ?, ?, ?, ?, ?, ?, ?, ?, ?) , (?, 1, ?, ?, ?, ?, ?, ?, ?, ?, ?, ?) , (?, 1, ?, ?, ?, ?, ?, ?, ?, ?, ?, ?) , (?, 1, ?, ?, ?, ?, ?, ?, ?, ?, ?, ?) , (?, 1, ?, ?, ?, ?, ?, ?, ?, ?, ?, ?) , (?, 1, ?, ?, ?, ?, ?, ?, ?, ?, ?, ?) , (?, 1, ?, ?, ?, ?, ?, ?, ?, ?, ?, ?) , (?, 1, ?, ?, ?, ?, ?, ?, ?, ?, ?, ?) , (?, 1, ?, ?, ?, ?, ?, ?, ?, ?, ?, ?) , (?, 1, ?, ?, ?, ?, ?, ?, ?, ?, ?, ?) , (?, 1, ?, ?, ?, ?, ?, ?, ?, ?, ?, ?) , (?, 1, ?, ?, ?, ?, ?, ?, ?, ?, ?, ?) , (?, 1, ?, ?, ?, ?, ?, ?, ?, ?, ?, ?) , (?, 1, ?, ?, ?, ?, ?, ?, ?, ?, ?, ?) , (?, 1, ?, ?, ?, ?, ?, ?, ?, ?, ?, ?) , (?, 1, ?, ?, ?, ?, ?, ?, ?, ?, ?, ?) , (?, 1, ?, ?, ?, ?, ?, ?, ?, ?, ?, ?) , (?, 1, ?, ?, ?, ?, ?, ?, ?, ?, ?, ?) , (?, 1, ?, ?, ?, ?, ?, ?, ?, ?, ?, ?) , (?, 1, ?, ?, ?, ?, ?, ?, ?, ?, ?, ?) , (?, 1, ?, ?, ?, ?, ?, ?, ?, ?, ?, ?) , (?, 1, ?, ?, ?, ?, ?, ?, ?, ?, ?, ?) , (?, 1, ?, ?, ?, ?, ?, ?, ?, ?, ?, ?) , (?, 1, ?, ?, ?, ?, ?, ?, ?, ?, ?, ?) , (?, 1, ?, ?, ?, ?, ?, ?, ?, ?, ?, ?) , (?, 1, ?, ?, ?, ?, ?, ?, ?, ?, ?, ?) , (?, 1, ?, ?, ?, ?, ?, ?, ?, ?, ?, ?) , (?, 1, ?, ?, ?, ?, ?, ?, ?, ?, ?, ?) , (?, 1, ?, ?, ?, ?, ?, ?, ?, ?, ?, ?) , (?, 1, ?, ?, ?, ?, ?, ?, ?, ?, ?, ?) , (?, 1, ?, ?, ?, ?, ?, ?, ?, ?, ?, ?) , (?, 1, ?, ?, ?, ?, ?, ?, ?, ?, ?, ?) , (?, 1, ?, ?, ?, ?, ?, ?, ?, ?, ?, ?) , (?, 1, ?, ?, ?, ?, ?, ?, ?, ?, ?, ?) , (?, 1, ?, ?, ?, ?, ?, ?, ?, ?, ?, ?) , (?, 1, ?, ?, ?, ?, ?, ?, ?, ?, ?, ?) , (?, 1, ?, ?, ?, ?, ?, ?, ?, ?, ?, ?) , (?, 1, ?, ?, ?, ?, ?, ?, ?, ?, ?, ?) , (?, 1, ?, ?, ?, ?, ?, ?, ?, ?, ?, ?) , (?, 1, ?, ?, ?, ?, ?, ?, ?, ?, ?, ?) , (?, 1, ?, ?, ?, ?, ?, ?, ?, ?, ?, ?) , (?, 1, ?, ?, ?, ?, ?, ?, ?, ?, ?, ?) , (?, 1, ?, ?, ?, ?, ?, ?, ?, ?, ?, ?) , (?, 1, ?, ?, ?, ?, ?, ?, ?, ?, ?, ?) , (?, 1, ?, ?, ?, ?, ?, ?, ?, ?, ?, ?) , (?, 1, ?, ?, ?, ?, ?, ?, ?, ?, ?, ?) , (?, 1, ?, ?, ?, ?, ?, ?, ?, ?, ?, ?) , (?, 1, ?, ?, ?, ?, ?, ?, ?, ?, ?, ?) , (?, 1, ?, ?, ?, ?, ?, ?, ?, ?, ?, ?) , (?, 1, ?, ?, ?, ?, ?, ?, ?, ?, ?, ?) , (?, 1, ?, ?, ?, ?, ?, ?, ?, ?, ?, ?) , (?, 1, ?, ?, ?, ?, ?, ?, ?, ?, ?, ?) , (?, 1, ?, ?, ?, ?, ?, ?, ?, ?, ?, ?) , (?, 1, ?, ?, ?, ?, ?, ?, ?, ?, ?, ?) , (?, 1, ?, ?, ?, ?, ?, ?, ?, ?, ?, ?) , (?, 1, ?, ?, ?, ?, ?, ?, ?, ?, ?, ?) , (?, 1, ?, ?, ?, ?, ?, ?, ?, ?, ?, ?) , (?, 1, ?, ?, ?, ?, ?, ?, ?, ?, ?, ?) , (?, 1, ?, ?, ?, ?, ?, ?, ?, ?, ?, ?) , (?, 1, ?, ?, ?, ?, ?, ?, ?, ?, ?, ?) , (?, 1, ?, ?, ?, ?, ?, ?, ?, ?, ?, ?) , (?, 1, ?, ?, ?, ?, ?, ?, ?, ?, ?, ?) , (?, 1, ?, ?, ?, ?, ?, ?, ?, ?, ?, ?) , (?, 1, ?, ?, ?, ?, ?, ?, ?, ?, ?, ?) , (?, 1, ?, ?, ?, ?, ?, ?, ?, ?, ?, ?) , (?, 1, ?, ?, ?, ?, ?, ?, ?, ?, ?, ?) , (?, 1, ?, ?, ?, ?, ?, ?, ?, ?, ?, ?) , (?, 1, ?, ?, ?, ?, ?, ?, ?, ?, ?, ?) , (?, 1, ?, ?, ?, ?, ?, ?, ?, ?, ?, ?) , (?, 1, ?, ?, ?, ?, ?, ?, ?, ?, ?, ?) , (?, 1, ?, ?, ?, ?, ?, ?, ?, ?, ?, ?) , (?, 1, ?, ?, ?, ?, ?, ?, ?, ?, ?, ?) , (?, 1, ?, ?, ?, ?, ?, ?, ?, ?, ?, ?) , (?, 1, ?, ?, ?, ?, ?, ?, ?, ?, ?, ?) , (?, 1, ?, ?, ?, ?, ?, ?, ?, ?, ?, ?) , (?, 1, ?, ?, ?, ?, ?, ?, ?, ?, ?, ?) , (?, 1, ?, ?, ?, ?, ?, ?, ?, ?, ?, ?) , (?, 1, ?, ?, ?, ?, ?, ?, ?, ?, ?, ?) , (?, 1, ?, ?, ?, ?, ?, ?, ?, ?, ?, ?) , (?, 1, ?, ?, ?, ?, ?, ?, ?, ?, ?, ?) , (?, 1, ?, ?, ?, ?, ?, ?, ?, ?, ?, ?) , (?, 1, ?, ?, ?, ?, ?, ?, ?, ?, ?, ?) , (?, 1, ?, ?, ?, ?, ?, ?, ?, ?, ?, ?) , (?, 1, ?, ?, ?, ?, ?, ?, ?, ?, ?, ?) , (?, 1, ?, ?, ?, ?, ?, ?, ?, ?, ?, ?) , (?, 1, ?, ?, ?, ?, ?, ?, ?, ?, ?, ?) , (?, 1, ?, ?, ?, ?, ?, ?, ?, ?, ?, ?) , (?, 1, ?, ?, ?, ?, ?, ?, ?, ?, ?, ?) , (?, 1, ?, ?, ?, ?, ?, ?, ?, ?, ?, ?) , (?, 1, ?, ?, ?, ?, ?, ?, ?, ?, ?, ?) 
10:48:05,623 [main] DEBUG org.activiti.engine.impl.persistence.entity.VariableInstanceEntity.bulkInsertVariableInstance  - ==&gt; Parameters: 5705(String), integer(String), var3437(String), 2504(String), 2504(String), null, null, null, 3437(Long), 3437(String), null, 5706(String), integer(String), var2112(String), 2504(String), 2504(String), null, null, null, 2112(Long), 2112(String), null, 5707(String), integer(String), var3443(String), 2504(String), 2504(String), null, null, null, 3443(Long), 3443(String), null, 5708(String), integer(String), var2111(String), 2504(String), 2504(String), null, null, null, 2111(Long), 2111(String), null, 5709(String), integer(String), var3442(String), 2504(String), 2504(String), null, null, null, 3442(Long), 3442(String), null, 5710(String), integer(String), var2110(String), 2504(String), 2504(String), null, null, null, 2110(Long), 2110(String), null, 5711(String), integer(String), var3441(String), 2504(String), 2504(String), null, null, null, 3441(Long), 3441(String), null, 5712(String), integer(String), var3440(String), 2504(String), 2504(String), null, null, null, 3440(Long), 3440(String), null, 5713(String), integer(String), var2116(String), 2504(String), 2504(String), null, null, null, 2116(Long), 2116(String), null, 5714(String), integer(String), var3447(String), 2504(String), 2504(String), null, null, null, 3447(Long), 3447(String), null, 5715(String), integer(String), var2115(String), 2504(String), 2504(String), null, null, null, 2115(Long), 2115(String), null, 5716(String), integer(String), var3446(String), 2504(String), 2504(String), null, null, null, 3446(Long), 3446(String), null, 5717(String), integer(String), var2114(String), 2504(String), 2504(String), null, null, null, 2114(Long), 2114(String), null, 5718(String), integer(String), var3445(String), 2504(String), 2504(String), null, null, null, 3445(Long), 3445(String), null, 5719(String), integer(String), var2113(String), 2504(String), 2504(String), null, null, null, 2113(Long), 2113(String), null, 5720(String), integer(String), var3444(String), 2504(String), 2504(String), null, null, null, 3444(Long), 3444(String), null, 5721(String), integer(String), var2119(String), 2504(String), 2504(String), null, null, null, 2119(Long), 2119(String), null, 5722(String), integer(String), var2118(String), 2504(String), 2504(String), null, null, null, 2118(Long), 2118(String), null, 5723(String), integer(String), var3449(String), 2504(String), 2504(String), null, null, null, 3449(Long), 3449(String), null, 5724(String), integer(String), var2117(String), 2504(String), 2504(String), null, null, null, 2117(Long), 2117(String), null, 5725(String), integer(String), var3448(String), 2504(String), 2504(String), null, null, null, 3448(Long), 3448(String), null, 5726(String), integer(String), var3450(String), 2504(String), 2504(String), null, null, null, 3450(Long), 3450(String), null, 5727(String), integer(String), var2123(String), 2504(String), 2504(String), null, null, null, 2123(Long), 2123(String), null, 5728(String), integer(String), var3454(String), 2504(String), 2504(String), null, null, null, 3454(Long), 3454(String), null, 5729(String), integer(String), var2122(String), 2504(String), 2504(String), null, null, null, 2122(Long), 2122(String), null, 5730(String), integer(String), var3453(String), 2504(String), 2504(String), null, null, null, 3453(Long), 3453(String), null, 5731(String), integer(String), var2121(String), 2504(String), 2504(String), null, null, null, 2121(Long), 2121(String), null, 5732(String), integer(String), var3452(String), 2504(String), 2504(String), null, null, null, 3452(Long), 3452(String), null, 5733(String), integer(String), var2120(String), 2504(String), 2504(String), null, null, null, 2120(Long), 2120(String), null, 5734(String), integer(String), var3451(String), 2504(String), 2504(String), null, null, null, 3451(Long), 3451(String), null, 5735(String), integer(String), var2127(String), 2504(String), 2504(String), null, null, null, 2127(Long), 2127(String), null, 5736(String), integer(String), var3458(String), 2504(String), 2504(String), null, null, null, 3458(Long), 3458(String), null, 5737(String), integer(String), var2126(String), 2504(String), 2504(String), null, null, null, 2126(Long), 2126(String), null, 5738(String), integer(String), var3457(String), 2504(String), 2504(String), null, null, null, 3457(Long), 3457(String), null, 5739(String), integer(String), var2125(String), 2504(String), 2504(String), null, null, null, 2125(Long), 2125(String), null, 5740(String), integer(String), var3456(String), 2504(String), 2504(String), null, null, null, 3456(Long), 3456(String), null, 5741(String), integer(String), var2124(String), 2504(String), 2504(String), null, null, null, 2124(Long), 2124(String), null, 5742(String), integer(String), var3455(String), 2504(String), 2504(String), null, null, null, 3455(Long), 3455(String), null, 5743(String), integer(String), var2129(String), 2504(String), 2504(String), null, null, null, 2129(Long), 2129(String), null, 5744(String), integer(String), var2128(String), 2504(String), 2504(String), null, null, null, 2128(Long), 2128(String), null, 5745(String), integer(String), var3459(String), 2504(String), 2504(String), null, null, null, 3459(Long), 3459(String), null, 5746(String), integer(String), var2130(String), 2504(String), 2504(String), null, null, null, 2130(Long), 2130(String), null, 5747(String), integer(String), var3461(String), 2504(String), 2504(String), null, null, null, 3461(Long), 3461(String), null, 5748(String), integer(String), var3460(String), 2504(String), 2504(String), null, null, null, 3460(Long), 3460(String), null, 5749(String), integer(String), var2134(String), 2504(String), 2504(String), null, null, null, 2134(Long), 2134(String), null, 5750(String), integer(String), var3465(String), 2504(String), 2504(String), null, null, null, 3465(Long), 3465(String), null, 5751(String), integer(String), var2133(String), 2504(String), 2504(String), null, null, null, 2133(Long), 2133(String), null, 5752(String), integer(String), var3464(String), 2504(String), 2504(String), null, null, null, 3464(Long), 3464(String), null, 5753(String), integer(String), var2132(String), 2504(String), 2504(String), null, null, null, 2132(Long), 2132(String), null, 5754(String), integer(String), var3463(String), 2504(String), 2504(String), null, null, null, 3463(Long), 3463(String), null, 5755(String), integer(String), var2131(String), 2504(String), 2504(String), null, null, null, 2131(Long), 2131(String), null, 5756(String), integer(String), var3462(String), 2504(String), 2504(String), null, null, null, 3462(Long), 3462(String), null, 5757(String), integer(String), var2138(String), 2504(String), 2504(String), null, null, null, 2138(Long), 2138(String), null, 5758(String), integer(String), var3469(String), 2504(String), 2504(String), null, null, null, 3469(Long), 3469(String), null, 5759(String), integer(String), var2137(String), 2504(String), 2504(String), null, null, null, 2137(Long), 2137(String), null, 5760(String), integer(String), var3468(String), 2504(String), 2504(String), null, null, null, 3468(Long), 3468(String), null, 5761(String), integer(String), var2136(String), 2504(String), 2504(String), null, null, null, 2136(Long), 2136(String), null, 5762(String), integer(String), var3467(String), 2504(String), 2504(String), null, null, null, 3467(Long), 3467(String), null, 5763(String), integer(String), var2135(String), 2504(String), 2504(String), null, null, null, 2135(Long), 2135(String), null, 5764(String), integer(String), var3466(String), 2504(String), 2504(String), null, null, null, 3466(Long), 3466(String), null, 5765(String), integer(String), var2139(String), 2504(String), 2504(String), null, null, null, 2139(Long), 2139(String), null, 5766(String), integer(String), var2141(String), 2504(String), 2504(String), null, null, null, 2141(Long), 2141(String), null, 5767(String), integer(String), var3472(String), 2504(String), 2504(String), null, null, null, 3472(Long), 3472(String), null, 5768(String), integer(String), var2140(String), 2504(String), 2504(String), null, null, null, 2140(Long), 2140(String), null, 5769(String), integer(String), var3471(String), 2504(String), 2504(String), null, null, null, 3471(Long), 3471(String), null, 5770(String), integer(String), var3470(String), 2504(String), 2504(String), null, null, null, 3470(Long), 3470(String), null, 5771(String), integer(String), var2145(String), 2504(String), 2504(String), null, null, null, 2145(Long), 2145(String), null, 5772(String), integer(String), var3476(String), 2504(String), 2504(String), null, null, null, 3476(Long), 3476(String), null, 5773(String), integer(String), var2144(String), 2504(String), 2504(String), null, null, null, 2144(Long), 2144(String), null, 5774(String), integer(String), var3475(String), 2504(String), 2504(String), null, null, null, 3475(Long), 3475(String), null, 5775(String), integer(String), var2143(String), 2504(String), 2504(String), null, null, null, 2143(Long), 2143(String), null, 5776(String), integer(String), var3474(String), 2504(String), 2504(String), null, null, null, 3474(Long), 3474(String), null, 5777(String), integer(String), var2142(String), 2504(String), 2504(String), null, null, null, 2142(Long), 2142(String), null, 5778(String), integer(String), var3473(String), 2504(String), 2504(String), null, null, null, 3473(Long), 3473(String), null, 5779(String), integer(String), var2149(String), 2504(String), 2504(String), null, null, null, 2149(Long), 2149(String), null, 5780(String), integer(String), var2148(String), 2504(String), 2504(String), null, null, null, 2148(Long), 2148(String), null, 5781(String), integer(String), var3479(String), 2504(String), 2504(String), null, null, null, 3479(Long), 3479(String), null, 5782(String), integer(String), var2147(String), 2504(String), 2504(String), null, null, null, 2147(Long), 2147(String), null, 5783(String), integer(String), var3478(String), 2504(String), 2504(String), null, null, null, 3478(Long), 3478(String), null, 5784(String), integer(String), var2146(String), 2504(String), 2504(String), null, null, null, 2146(Long), 2146(String), null, 5785(String), integer(String), var3477(String), 2504(String), 2504(String), null, null, null, 3477(Long), 3477(String), null, 5786(String), integer(String), var2152(String), 2504(String), 2504(String), null, null, null, 2152(Long), 2152(String), null, 5787(String), integer(String), var3483(String), 2504(String), 2504(String), null, null, null, 3483(Long), 3483(String), null, 5788(String), integer(String), var2151(String), 2504(String), 2504(String), null, null, null, 2151(Long), 2151(String), null, 5789(String), integer(String), var3482(String), 2504(String), 2504(String), null, null, null, 3482(Long), 3482(String), null, 5790(String), integer(String), var2150(String), 2504(String), 2504(String), null, null, null, 2150(Long), 2150(String), null, 5791(String), integer(String), var3481(String), 2504(String), 2504(String), null, null, null, 3481(Long), 3481(String), null, 5792(String), integer(String), var3480(String), 2504(String), 2504(String), null, null, null, 3480(Long), 3480(String), null, 5793(String), integer(String), var2156(String), 2504(String), 2504(String), null, null, null, 2156(Long), 2156(String), null, 5794(String), integer(String), var3487(String), 2504(String), 2504(String), null, null, null, 3487(Long), 3487(String), null, 5795(String), integer(String), var2155(String), 2504(String), 2504(String), null, null, null, 2155(Long), 2155(String), null, 5796(String), integer(String), var3486(String), 2504(String), 2504(String), null, null, null, 3486(Long), 3486(String), null, 5797(String), integer(String), var2154(String), 2504(String), 2504(String), null, null, null, 2154(Long), 2154(String), null, 5798(String), integer(String), var3485(String), 2504(String), 2504(String), null, null, null, 3485(Long), 3485(String), null, 5799(String), integer(String), var2153(String), 2504(String), 2504(String), null, null, null, 2153(Long), 2153(String), null, 5800(String), integer(String), var3484(String), 2504(String), 2504(String), null, null, null, 3484(Long), 3484(String), null, 5801(String), integer(String), var2159(String), 2504(String), 2504(String), null, null, null, 2159(Long), 2159(String), null, 5802(String), integer(String), var2158(String), 2504(String), 2504(String), null, null, null, 2158(Long), 2158(String), null, 5803(String), integer(String), var3489(String), 2504(String), 2504(String), null, null, null, 3489(Long), 3489(String), null, 5804(String), integer(String), var2157(String), 2504(String), 2504(String), null, null, null, 2157(Long), 2157(String), null
10:48:05,624 [main] DEBUG org.activiti.engine.impl.persistence.entity.VariableInstanceEntity.bulkInsertVariableInstance  - &lt;==    Updates: 100
10:48:05,627 [Thread-102] DEBUG org.activiti.engine.impl.asyncexecutor.AcquireTimerJobsRunnable  - timer job acquisition thread woke up
10:48:05,627 [Thread-102] DEBUG org.activiti.engine.impl.interceptor.LogInterceptor  - 

10:48:05,627 [Thread-102] DEBUG org.activiti.engine.impl.interceptor.LogInterceptor  - --- starting AcquireTimerJobsCmd --------------------------------------------------------
10:48:05,627 [Thread-102] DEBUG org.apache.ibatis.transaction.jdbc.JdbcTransaction  - Opening JDBC Connection
10:48:05,627 [Thread-102] DEBUG org.apache.ibatis.datasource.pooled.PooledDataSource  - Checked out connection 720039383 from pool.
10:48:05,627 [Thread-102] DEBUG org.apache.ibatis.transaction.jdbc.JdbcTransaction  - Setting autocommit to false on JDBC Connection [conn59: url=jdbc:h2:mem:activiti-AsyncExecutorTest user=SA]
10:48:05,627 [Thread-102] DEBUG org.activiti.engine.impl.persistence.entity.JobEntity.selectNextTimerJobsToExecute  - ==&gt;  Preparing: select RES.* from ACT_RU_JOB RES LEFT OUTER JOIN ACT_RU_EXECUTION PI ON PI.ID_ = RES.PROCESS_INSTANCE_ID_ where (RES.RETRIES_ &gt; 0) and (RES.DUEDATE_ is null or RES.DUEDATE_ &lt;= ?) and (RES.LOCK_OWNER_ is null or RES.LOCK_EXP_TIME_ &lt;= ?) and TYPE_ = &apos;timer&apos; and ( (RES.EXECUTION_ID_ is null) or (PI.SUSPENSION_STATE_ = 1) ) LIMIT ? OFFSET ? 
10:48:05,627 [Thread-102] DEBUG org.activiti.engine.impl.persistence.entity.JobEntity.selectNextTimerJobsToExecute  - ==&gt; Parameters: 2023-03-20 10:48:05.627(Timestamp), 2023-03-20 10:48:05.627(Timestamp), 1(Integer), 0(Integer)
10:48:05,627 [Thread-102] DEBUG org.activiti.engine.impl.persistence.entity.JobEntity.selectNextTimerJobsToExecute  - &lt;==      Total: 0
10:48:05,627 [Thread-102] DEBUG org.activiti.engine.impl.db.DbSqlSession  - flush summary: 0 insert, 0 update, 0 delete.
10:48:05,627 [Thread-102] DEBUG org.activiti.engine.impl.db.DbSqlSession  - now executing flush...
10:48:05,627 [Thread-102] DEBUG org.activiti.engine.impl.cfg.standalone.StandaloneMybatisTransactionContext  - firing event committing...
10:48:05,627 [Thread-102] DEBUG org.activiti.engine.impl.cfg.standalone.StandaloneMybatisTransactionContext  - committing the ibatis sql session...
10:48:05,627 [Thread-102] DEBUG org.activiti.engine.impl.cfg.standalone.StandaloneMybatisTransactionContext  - firing event committed...
10:48:05,627 [Thread-102] DEBUG org.apache.ibatis.transaction.jdbc.JdbcTransaction  - Resetting autocommit to true on JDBC Connection [conn59: url=jdbc:h2:mem:activiti-AsyncExecutorTest user=SA]
10:48:05,627 [Thread-102] DEBUG org.apache.ibatis.transaction.jdbc.JdbcTransaction  - Closing JDBC Connection [conn59: url=jdbc:h2:mem:activiti-AsyncExecutorTest user=SA]
10:48:05,627 [Thread-102] DEBUG org.apache.ibatis.datasource.pooled.PooledDataSource  - Returned connection 720039383 to pool.
10:48:05,627 [Thread-102] DEBUG org.activiti.engine.impl.interceptor.LogInterceptor  - --- AcquireTimerJobsCmd finished --------------------------------------------------------
10:48:05,627 [Thread-102] DEBUG org.activiti.engine.impl.interceptor.LogInterceptor  - 

10:48:05,628 [Thread-102] DEBUG org.activiti.engine.impl.asyncexecutor.AcquireTimerJobsRunnable  - timer job acquisition thread sleeping for 50 millis
10:48:05,627 [main] DEBUG org.activiti.engine.impl.persistence.entity.VariableInstanceEntity.bulkInsertVariableInstance  - ==&gt;  Preparing: INSERT INTO ACT_RU_VARIABLE (ID_, REV_, TYPE_, NAME_, PROC_INST_ID_, EXECUTION_ID_, TASK_ID_, BYTEARRAY_ID_, DOUBLE_, LONG_ , TEXT_, TEXT2_) VALUES (?, 1, ?, ?, ?, ?, ?, ?, ?, ?, ?, ?) , (?, 1, ?, ?, ?, ?, ?, ?, ?, ?, ?, ?) , (?, 1, ?, ?, ?, ?, ?, ?, ?, ?, ?, ?) , (?, 1, ?, ?, ?, ?, ?, ?, ?, ?, ?, ?) , (?, 1, ?, ?, ?, ?, ?, ?, ?, ?, ?, ?) , (?, 1, ?, ?, ?, ?, ?, ?, ?, ?, ?, ?) , (?, 1, ?, ?, ?, ?, ?, ?, ?, ?, ?, ?) , (?, 1, ?, ?, ?, ?, ?, ?, ?, ?, ?, ?) , (?, 1, ?, ?, ?, ?, ?, ?, ?, ?, ?, ?) , (?, 1, ?, ?, ?, ?, ?, ?, ?, ?, ?, ?) , (?, 1, ?, ?, ?, ?, ?, ?, ?, ?, ?, ?) , (?, 1, ?, ?, ?, ?, ?, ?, ?, ?, ?, ?) , (?, 1, ?, ?, ?, ?, ?, ?, ?, ?, ?, ?) , (?, 1, ?, ?, ?, ?, ?, ?, ?, ?, ?, ?) , (?, 1, ?, ?, ?, ?, ?, ?, ?, ?, ?, ?) , (?, 1, ?, ?, ?, ?, ?, ?, ?, ?, ?, ?) , (?, 1, ?, ?, ?, ?, ?, ?, ?, ?, ?, ?) , (?, 1, ?, ?, ?, ?, ?, ?, ?, ?, ?, ?) , (?, 1, ?, ?, ?, ?, ?, ?, ?, ?, ?, ?) , (?, 1, ?, ?, ?, ?, ?, ?, ?, ?, ?, ?) , (?, 1, ?, ?, ?, ?, ?, ?, ?, ?, ?, ?) , (?, 1, ?, ?, ?, ?, ?, ?, ?, ?, ?, ?) , (?, 1, ?, ?, ?, ?, ?, ?, ?, ?, ?, ?) , (?, 1, ?, ?, ?, ?, ?, ?, ?, ?, ?, ?) , (?, 1, ?, ?, ?, ?, ?, ?, ?, ?, ?, ?) , (?, 1, ?, ?, ?, ?, ?, ?, ?, ?, ?, ?) , (?, 1, ?, ?, ?, ?, ?, ?, ?, ?, ?, ?) , (?, 1, ?, ?, ?, ?, ?, ?, ?, ?, ?, ?) , (?, 1, ?, ?, ?, ?, ?, ?, ?, ?, ?, ?) , (?, 1, ?, ?, ?, ?, ?, ?, ?, ?, ?, ?) , (?, 1, ?, ?, ?, ?, ?, ?, ?, ?, ?, ?) , (?, 1, ?, ?, ?, ?, ?, ?, ?, ?, ?, ?) , (?, 1, ?, ?, ?, ?, ?, ?, ?, ?, ?, ?) , (?, 1, ?, ?, ?, ?, ?, ?, ?, ?, ?, ?) , (?, 1, ?, ?, ?, ?, ?, ?, ?, ?, ?, ?) , (?, 1, ?, ?, ?, ?, ?, ?, ?, ?, ?, ?) , (?, 1, ?, ?, ?, ?, ?, ?, ?, ?, ?, ?) , (?, 1, ?, ?, ?, ?, ?, ?, ?, ?, ?, ?) , (?, 1, ?, ?, ?, ?, ?, ?, ?, ?, ?, ?) , (?, 1, ?, ?, ?, ?, ?, ?, ?, ?, ?, ?) , (?, 1, ?, ?, ?, ?, ?, ?, ?, ?, ?, ?) , (?, 1, ?, ?, ?, ?, ?, ?, ?, ?, ?, ?) , (?, 1, ?, ?, ?, ?, ?, ?, ?, ?, ?, ?) , (?, 1, ?, ?, ?, ?, ?, ?, ?, ?, ?, ?) , (?, 1, ?, ?, ?, ?, ?, ?, ?, ?, ?, ?) , (?, 1, ?, ?, ?, ?, ?, ?, ?, ?, ?, ?) , (?, 1, ?, ?, ?, ?, ?, ?, ?, ?, ?, ?) , (?, 1, ?, ?, ?, ?, ?, ?, ?, ?, ?, ?) , (?, 1, ?, ?, ?, ?, ?, ?, ?, ?, ?, ?) , (?, 1, ?, ?, ?, ?, ?, ?, ?, ?, ?, ?) , (?, 1, ?, ?, ?, ?, ?, ?, ?, ?, ?, ?) , (?, 1, ?, ?, ?, ?, ?, ?, ?, ?, ?, ?) , (?, 1, ?, ?, ?, ?, ?, ?, ?, ?, ?, ?) , (?, 1, ?, ?, ?, ?, ?, ?, ?, ?, ?, ?) , (?, 1, ?, ?, ?, ?, ?, ?, ?, ?, ?, ?) , (?, 1, ?, ?, ?, ?, ?, ?, ?, ?, ?, ?) , (?, 1, ?, ?, ?, ?, ?, ?, ?, ?, ?, ?) , (?, 1, ?, ?, ?, ?, ?, ?, ?, ?, ?, ?) , (?, 1, ?, ?, ?, ?, ?, ?, ?, ?, ?, ?) , (?, 1, ?, ?, ?, ?, ?, ?, ?, ?, ?, ?) , (?, 1, ?, ?, ?, ?, ?, ?, ?, ?, ?, ?) , (?, 1, ?, ?, ?, ?, ?, ?, ?, ?, ?, ?) , (?, 1, ?, ?, ?, ?, ?, ?, ?, ?, ?, ?) , (?, 1, ?, ?, ?, ?, ?, ?, ?, ?, ?, ?) , (?, 1, ?, ?, ?, ?, ?, ?, ?, ?, ?, ?) , (?, 1, ?, ?, ?, ?, ?, ?, ?, ?, ?, ?) , (?, 1, ?, ?, ?, ?, ?, ?, ?, ?, ?, ?) , (?, 1, ?, ?, ?, ?, ?, ?, ?, ?, ?, ?) , (?, 1, ?, ?, ?, ?, ?, ?, ?, ?, ?, ?) , (?, 1, ?, ?, ?, ?, ?, ?, ?, ?, ?, ?) , (?, 1, ?, ?, ?, ?, ?, ?, ?, ?, ?, ?) , (?, 1, ?, ?, ?, ?, ?, ?, ?, ?, ?, ?) , (?, 1, ?, ?, ?, ?, ?, ?, ?, ?, ?, ?) , (?, 1, ?, ?, ?, ?, ?, ?, ?, ?, ?, ?) , (?, 1, ?, ?, ?, ?, ?, ?, ?, ?, ?, ?) , (?, 1, ?, ?, ?, ?, ?, ?, ?, ?, ?, ?) , (?, 1, ?, ?, ?, ?, ?, ?, ?, ?, ?, ?) , (?, 1, ?, ?, ?, ?, ?, ?, ?, ?, ?, ?) , (?, 1, ?, ?, ?, ?, ?, ?, ?, ?, ?, ?) , (?, 1, ?, ?, ?, ?, ?, ?, ?, ?, ?, ?) , (?, 1, ?, ?, ?, ?, ?, ?, ?, ?, ?, ?) , (?, 1, ?, ?, ?, ?, ?, ?, ?, ?, ?, ?) , (?, 1, ?, ?, ?, ?, ?, ?, ?, ?, ?, ?) , (?, 1, ?, ?, ?, ?, ?, ?, ?, ?, ?, ?) , (?, 1, ?, ?, ?, ?, ?, ?, ?, ?, ?, ?) , (?, 1, ?, ?, ?, ?, ?, ?, ?, ?, ?, ?) , (?, 1, ?, ?, ?, ?, ?, ?, ?, ?, ?, ?) , (?, 1, ?, ?, ?, ?, ?, ?, ?, ?, ?, ?) , (?, 1, ?, ?, ?, ?, ?, ?, ?, ?, ?, ?) , (?, 1, ?, ?, ?, ?, ?, ?, ?, ?, ?, ?) , (?, 1, ?, ?, ?, ?, ?, ?, ?, ?, ?, ?) , (?, 1, ?, ?, ?, ?, ?, ?, ?, ?, ?, ?) , (?, 1, ?, ?, ?, ?, ?, ?, ?, ?, ?, ?) , (?, 1, ?, ?, ?, ?, ?, ?, ?, ?, ?, ?) , (?, 1, ?, ?, ?, ?, ?, ?, ?, ?, ?, ?) , (?, 1, ?, ?, ?, ?, ?, ?, ?, ?, ?, ?) , (?, 1, ?, ?, ?, ?, ?, ?, ?, ?, ?, ?) , (?, 1, ?, ?, ?, ?, ?, ?, ?, ?, ?, ?) , (?, 1, ?, ?, ?, ?, ?, ?, ?, ?, ?, ?) , (?, 1, ?, ?, ?, ?, ?, ?, ?, ?, ?, ?) 
10:48:05,629 [main] DEBUG org.activiti.engine.impl.persistence.entity.VariableInstanceEntity.bulkInsertVariableInstance  - ==&gt; Parameters: 5805(String), integer(String), var3488(String), 2504(String), 2504(String), null, null, null, 3488(Long), 3488(String), null, 5806(String), integer(String), var3490(String), 2504(String), 2504(String), null, null, null, 3490(Long), 3490(String), null, 5807(String), integer(String), var2163(String), 2504(String), 2504(String), null, null, null, 2163(Long), 2163(String), null, 5808(String), integer(String), var3494(String), 2504(String), 2504(String), null, null, null, 3494(Long), 3494(String), null, 5809(String), integer(String), var2162(String), 2504(String), 2504(String), null, null, null, 2162(Long), 2162(String), null, 5810(String), integer(String), var3493(String), 2504(String), 2504(String), null, null, null, 3493(Long), 3493(String), null, 5811(String), integer(String), var2161(String), 2504(String), 2504(String), null, null, null, 2161(Long), 2161(String), null, 5812(String), integer(String), var3492(String), 2504(String), 2504(String), null, null, null, 3492(Long), 3492(String), null, 5813(String), integer(String), var2160(String), 2504(String), 2504(String), null, null, null, 2160(Long), 2160(String), null, 5814(String), integer(String), var3491(String), 2504(String), 2504(String), null, null, null, 3491(Long), 3491(String), null, 5815(String), integer(String), var2167(String), 2504(String), 2504(String), null, null, null, 2167(Long), 2167(String), null, 5816(String), integer(String), var3498(String), 2504(String), 2504(String), null, null, null, 3498(Long), 3498(String), null, 5817(String), integer(String), var2166(String), 2504(String), 2504(String), null, null, null, 2166(Long), 2166(String), null, 5818(String), integer(String), var3497(String), 2504(String), 2504(String), null, null, null, 3497(Long), 3497(String), null, 5819(String), integer(String), var2165(String), 2504(String), 2504(String), null, null, null, 2165(Long), 2165(String), null, 5820(String), integer(String), var3496(String), 2504(String), 2504(String), null, null, null, 3496(Long), 3496(String), null, 5821(String), integer(String), var2164(String), 2504(String), 2504(String), null, null, null, 2164(Long), 2164(String), null, 5822(String), integer(String), var3495(String), 2504(String), 2504(String), null, null, null, 3495(Long), 3495(String), null, 5823(String), integer(String), var2169(String), 2504(String), 2504(String), null, null, null, 2169(Long), 2169(String), null, 5824(String), integer(String), var2168(String), 2504(String), 2504(String), null, null, null, 2168(Long), 2168(String), null, 5825(String), integer(String), var3499(String), 2504(String), 2504(String), null, null, null, 3499(Long), 3499(String), null, 5826(String), integer(String), var2170(String), 2504(String), 2504(String), null, null, null, 2170(Long), 2170(String), null, 5827(String), integer(String), var262(String), 2504(String), 2504(String), null, null, null, 262(Long), 262(String), null, 5828(String), integer(String), var2174(String), 2504(String), 2504(String), null, null, null, 2174(Long), 2174(String), null, 5829(String), integer(String), var261(String), 2504(String), 2504(String), null, null, null, 261(Long), 261(String), null, 5830(String), integer(String), var2173(String), 2504(String), 2504(String), null, null, null, 2173(Long), 2173(String), null, 5831(String), integer(String), var260(String), 2504(String), 2504(String), null, null, null, 260(Long), 260(String), null, 5832(String), integer(String), var2172(String), 2504(String), 2504(String), null, null, null, 2172(Long), 2172(String), null, 5833(String), integer(String), var2171(String), 2504(String), 2504(String), null, null, null, 2171(Long), 2171(String), null, 5834(String), integer(String), var2178(String), 2504(String), 2504(String), null, null, null, 2178(Long), 2178(String), null, 5835(String), integer(String), var2177(String), 2504(String), 2504(String), null, null, null, 2177(Long), 2177(String), null, 5836(String), integer(String), var2176(String), 2504(String), 2504(String), null, null, null, 2176(Long), 2176(String), null, 5837(String), integer(String), var2175(String), 2504(String), 2504(String), null, null, null, 2175(Long), 2175(String), null, 5838(String), integer(String), var269(String), 2504(String), 2504(String), null, null, null, 269(Long), 269(String), null, 5839(String), integer(String), var268(String), 2504(String), 2504(String), null, null, null, 268(Long), 268(String), null, 5840(String), integer(String), var267(String), 2504(String), 2504(String), null, null, null, 267(Long), 267(String), null, 5841(String), integer(String), var2179(String), 2504(String), 2504(String), null, null, null, 2179(Long), 2179(String), null, 5842(String), integer(String), var266(String), 2504(String), 2504(String), null, null, null, 266(Long), 266(String), null, 5843(String), integer(String), var265(String), 2504(String), 2504(String), null, null, null, 265(Long), 265(String), null, 5844(String), integer(String), var264(String), 2504(String), 2504(String), null, null, null, 264(Long), 264(String), null, 5845(String), integer(String), var263(String), 2504(String), 2504(String), null, null, null, 263(Long), 263(String), null, 5846(String), integer(String), var2181(String), 2504(String), 2504(String), null, null, null, 2181(Long), 2181(String), null, 5847(String), integer(String), var2180(String), 2504(String), 2504(String), null, null, null, 2180(Long), 2180(String), null, 5848(String), integer(String), var251(String), 2504(String), 2504(String), null, null, null, 251(Long), 251(String), null, 5849(String), integer(String), var2185(String), 2504(String), 2504(String), null, null, null, 2185(Long), 2185(String), null, 5850(String), integer(String), var250(String), 2504(String), 2504(String), null, null, null, 250(Long), 250(String), null, 5851(String), integer(String), var2184(String), 2504(String), 2504(String), null, null, null, 2184(Long), 2184(String), null, 5852(String), integer(String), var2183(String), 2504(String), 2504(String), null, null, null, 2183(Long), 2183(String), null, 5853(String), integer(String), var2182(String), 2504(String), 2504(String), null, null, null, 2182(Long), 2182(String), null, 5854(String), integer(String), var2189(String), 2504(String), 2504(String), null, null, null, 2189(Long), 2189(String), null, 5855(String), integer(String), var2188(String), 2504(String), 2504(String), null, null, null, 2188(Long), 2188(String), null, 5856(String), integer(String), var2187(String), 2504(String), 2504(String), null, null, null, 2187(Long), 2187(String), null, 5857(String), integer(String), var2186(String), 2504(String), 2504(String), null, null, null, 2186(Long), 2186(String), null, 5858(String), integer(String), var259(String), 2504(String), 2504(String), null, null, null, 259(Long), 259(String), null, 5859(String), integer(String), var258(String), 2504(String), 2504(String), null, null, null, 258(Long), 258(String), null, 5860(String), integer(String), var257(String), 2504(String), 2504(String), null, null, null, 257(Long), 257(String), null, 5861(String), integer(String), var256(String), 2504(String), 2504(String), null, null, null, 256(Long), 256(String), null, 5862(String), integer(String), var255(String), 2504(String), 2504(String), null, null, null, 255(Long), 255(String), null, 5863(String), integer(String), var254(String), 2504(String), 2504(String), null, null, null, 254(Long), 254(String), null, 5864(String), integer(String), var253(String), 2504(String), 2504(String), null, null, null, 253(Long), 253(String), null, 5865(String), integer(String), var252(String), 2504(String), 2504(String), null, null, null, 252(Long), 252(String), null, 5866(String), integer(String), var2192(String), 2504(String), 2504(String), null, null, null, 2192(Long), 2192(String), null, 5867(String), integer(String), var2191(String), 2504(String), 2504(String), null, null, null, 2191(Long), 2191(String), null, 5868(String), integer(String), var2190(String), 2504(String), 2504(String), null, null, null, 2190(Long), 2190(String), null, 5869(String), integer(String), var240(String), 2504(String), 2504(String), null, null, null, 240(Long), 240(String), null, 5870(String), integer(String), var2196(String), 2504(String), 2504(String), null, null, null, 2196(Long), 2196(String), null, 5871(String), integer(String), var2195(String), 2504(String), 2504(String), null, null, null, 2195(Long), 2195(String), null, 5872(String), integer(String), var2194(String), 2504(String), 2504(String), null, null, null, 2194(Long), 2194(String), null, 5873(String), integer(String), var2193(String), 2504(String), 2504(String), null, null, null, 2193(Long), 2193(String), null, 5874(String), integer(String), var2199(String), 2504(String), 2504(String), null, null, null, 2199(Long), 2199(String), null, 5875(String), integer(String), var2198(String), 2504(String), 2504(String), null, null, null, 2198(Long), 2198(String), null, 5876(String), integer(String), var2197(String), 2504(String), 2504(String), null, null, null, 2197(Long), 2197(String), null, 5877(String), integer(String), var248(String), 2504(String), 2504(String), null, null, null, 248(Long), 248(String), null, 5878(String), integer(String), var247(String), 2504(String), 2504(String), null, null, null, 247(Long), 247(String), null, 5879(String), integer(String), var246(String), 2504(String), 2504(String), null, null, null, 246(Long), 246(String), null, 5880(String), integer(String), var245(String), 2504(String), 2504(String), null, null, null, 245(Long), 245(String), null, 5881(String), integer(String), var244(String), 2504(String), 2504(String), null, null, null, 244(Long), 244(String), null, 5882(String), integer(String), var243(String), 2504(String), 2504(String), null, null, null, 243(Long), 243(String), null, 5883(String), integer(String), var242(String), 2504(String), 2504(String), null, null, null, 242(Long), 242(String), null, 5884(String), integer(String), var241(String), 2504(String), 2504(String), null, null, null, 241(Long), 241(String), null, 5885(String), integer(String), var249(String), 2504(String), 2504(String), null, null, null, 249(Long), 249(String), null, 5886(String), integer(String), var237(String), 2504(String), 2504(String), null, null, null, 237(Long), 237(String), null, 5887(String), integer(String), var236(String), 2504(String), 2504(String), null, null, null, 236(Long), 236(String), null, 5888(String), integer(String), var235(String), 2504(String), 2504(String), null, null, null, 235(Long), 235(String), null, 5889(String), integer(String), var234(String), 2504(String), 2504(String), null, null, null, 234(Long), 234(String), null, 5890(String), integer(String), var233(String), 2504(String), 2504(String), null, null, null, 233(Long), 233(String), null, 5891(String), integer(String), var232(String), 2504(String), 2504(String), null, null, null, 232(Long), 232(String), null, 5892(String), integer(String), var231(String), 2504(String), 2504(String), null, null, null, 231(Long), 231(String), null, 5893(String), integer(String), var230(String), 2504(String), 2504(String), null, null, null, 230(Long), 230(String), null, 5894(String), integer(String), var239(String), 2504(String), 2504(String), null, null, null, 239(Long), 239(String), null, 5895(String), integer(String), var238(String), 2504(String), 2504(String), null, null, null, 238(Long), 238(String), null, 5896(String), integer(String), var226(String), 2504(String), 2504(String), null, null, null, 226(Long), 226(String), null, 5897(String), integer(String), var225(String), 2504(String), 2504(String), null, null, null, 225(Long), 225(String), null, 5898(String), integer(String), var224(String), 2504(String), 2504(String), null, null, null, 224(Long), 224(String), null, 5899(String), integer(String), var223(String), 2504(String), 2504(String), null, null, null, 223(Long), 223(String), null, 5900(String), integer(String), var222(String), 2504(String), 2504(String), null, null, null, 222(Long), 222(String), null, 5901(String), integer(String), var221(String), 2504(String), 2504(String), null, null, null, 221(Long), 221(String), null, 5902(String), integer(String), var220(String), 2504(String), 2504(String), null, null, null, 220(Long), 220(String), null, 5903(String), integer(String), var229(String), 2504(String), 2504(String), null, null, null, 229(Long), 229(String), null, 5904(String), integer(String), var228(String), 2504(String), 2504(String), null, null, null, 228(Long), 228(String), null
10:48:05,631 [main] DEBUG org.activiti.engine.impl.persistence.entity.VariableInstanceEntity.bulkInsertVariableInstance  - &lt;==    Updates: 100
10:48:05,635 [main] DEBUG org.activiti.engine.impl.persistence.entity.VariableInstanceEntity.bulkInsertVariableInstance  - ==&gt;  Preparing: INSERT INTO ACT_RU_VARIABLE (ID_, REV_, TYPE_, NAME_, PROC_INST_ID_, EXECUTION_ID_, TASK_ID_, BYTEARRAY_ID_, DOUBLE_, LONG_ , TEXT_, TEXT2_) VALUES (?, 1, ?, ?, ?, ?, ?, ?, ?, ?, ?, ?) , (?, 1, ?, ?, ?, ?, ?, ?, ?, ?, ?, ?) , (?, 1, ?, ?, ?, ?, ?, ?, ?, ?, ?, ?) , (?, 1, ?, ?, ?, ?, ?, ?, ?, ?, ?, ?) , (?, 1, ?, ?, ?, ?, ?, ?, ?, ?, ?, ?) , (?, 1, ?, ?, ?, ?, ?, ?, ?, ?, ?, ?) , (?, 1, ?, ?, ?, ?, ?, ?, ?, ?, ?, ?) , (?, 1, ?, ?, ?, ?, ?, ?, ?, ?, ?, ?) , (?, 1, ?, ?, ?, ?, ?, ?, ?, ?, ?, ?) , (?, 1, ?, ?, ?, ?, ?, ?, ?, ?, ?, ?) , (?, 1, ?, ?, ?, ?, ?, ?, ?, ?, ?, ?) , (?, 1, ?, ?, ?, ?, ?, ?, ?, ?, ?, ?) , (?, 1, ?, ?, ?, ?, ?, ?, ?, ?, ?, ?) , (?, 1, ?, ?, ?, ?, ?, ?, ?, ?, ?, ?) , (?, 1, ?, ?, ?, ?, ?, ?, ?, ?, ?, ?) , (?, 1, ?, ?, ?, ?, ?, ?, ?, ?, ?, ?) , (?, 1, ?, ?, ?, ?, ?, ?, ?, ?, ?, ?) , (?, 1, ?, ?, ?, ?, ?, ?, ?, ?, ?, ?) , (?, 1, ?, ?, ?, ?, ?, ?, ?, ?, ?, ?) , (?, 1, ?, ?, ?, ?, ?, ?, ?, ?, ?, ?) , (?, 1, ?, ?, ?, ?, ?, ?, ?, ?, ?, ?) , (?, 1, ?, ?, ?, ?, ?, ?, ?, ?, ?, ?) , (?, 1, ?, ?, ?, ?, ?, ?, ?, ?, ?, ?) , (?, 1, ?, ?, ?, ?, ?, ?, ?, ?, ?, ?) , (?, 1, ?, ?, ?, ?, ?, ?, ?, ?, ?, ?) , (?, 1, ?, ?, ?, ?, ?, ?, ?, ?, ?, ?) , (?, 1, ?, ?, ?, ?, ?, ?, ?, ?, ?, ?) , (?, 1, ?, ?, ?, ?, ?, ?, ?, ?, ?, ?) , (?, 1, ?, ?, ?, ?, ?, ?, ?, ?, ?, ?) , (?, 1, ?, ?, ?, ?, ?, ?, ?, ?, ?, ?) , (?, 1, ?, ?, ?, ?, ?, ?, ?, ?, ?, ?) , (?, 1, ?, ?, ?, ?, ?, ?, ?, ?, ?, ?) , (?, 1, ?, ?, ?, ?, ?, ?, ?, ?, ?, ?) , (?, 1, ?, ?, ?, ?, ?, ?, ?, ?, ?, ?) , (?, 1, ?, ?, ?, ?, ?, ?, ?, ?, ?, ?) , (?, 1, ?, ?, ?, ?, ?, ?, ?, ?, ?, ?) , (?, 1, ?, ?, ?, ?, ?, ?, ?, ?, ?, ?) , (?, 1, ?, ?, ?, ?, ?, ?, ?, ?, ?, ?) , (?, 1, ?, ?, ?, ?, ?, ?, ?, ?, ?, ?) , (?, 1, ?, ?, ?, ?, ?, ?, ?, ?, ?, ?) , (?, 1, ?, ?, ?, ?, ?, ?, ?, ?, ?, ?) , (?, 1, ?, ?, ?, ?, ?, ?, ?, ?, ?, ?) , (?, 1, ?, ?, ?, ?, ?, ?, ?, ?, ?, ?) , (?, 1, ?, ?, ?, ?, ?, ?, ?, ?, ?, ?) , (?, 1, ?, ?, ?, ?, ?, ?, ?, ?, ?, ?) , (?, 1, ?, ?, ?, ?, ?, ?, ?, ?, ?, ?) , (?, 1, ?, ?, ?, ?, ?, ?, ?, ?, ?, ?) , (?, 1, ?, ?, ?, ?, ?, ?, ?, ?, ?, ?) , (?, 1, ?, ?, ?, ?, ?, ?, ?, ?, ?, ?) , (?, 1, ?, ?, ?, ?, ?, ?, ?, ?, ?, ?) , (?, 1, ?, ?, ?, ?, ?, ?, ?, ?, ?, ?) , (?, 1, ?, ?, ?, ?, ?, ?, ?, ?, ?, ?) , (?, 1, ?, ?, ?, ?, ?, ?, ?, ?, ?, ?) , (?, 1, ?, ?, ?, ?, ?, ?, ?, ?, ?, ?) , (?, 1, ?, ?, ?, ?, ?, ?, ?, ?, ?, ?) , (?, 1, ?, ?, ?, ?, ?, ?, ?, ?, ?, ?) , (?, 1, ?, ?, ?, ?, ?, ?, ?, ?, ?, ?) , (?, 1, ?, ?, ?, ?, ?, ?, ?, ?, ?, ?) , (?, 1, ?, ?, ?, ?, ?, ?, ?, ?, ?, ?) , (?, 1, ?, ?, ?, ?, ?, ?, ?, ?, ?, ?) , (?, 1, ?, ?, ?, ?, ?, ?, ?, ?, ?, ?) , (?, 1, ?, ?, ?, ?, ?, ?, ?, ?, ?, ?) , (?, 1, ?, ?, ?, ?, ?, ?, ?, ?, ?, ?) , (?, 1, ?, ?, ?, ?, ?, ?, ?, ?, ?, ?) , (?, 1, ?, ?, ?, ?, ?, ?, ?, ?, ?, ?) , (?, 1, ?, ?, ?, ?, ?, ?, ?, ?, ?, ?) , (?, 1, ?, ?, ?, ?, ?, ?, ?, ?, ?, ?) , (?, 1, ?, ?, ?, ?, ?, ?, ?, ?, ?, ?) , (?, 1, ?, ?, ?, ?, ?, ?, ?, ?, ?, ?) , (?, 1, ?, ?, ?, ?, ?, ?, ?, ?, ?, ?) , (?, 1, ?, ?, ?, ?, ?, ?, ?, ?, ?, ?) , (?, 1, ?, ?, ?, ?, ?, ?, ?, ?, ?, ?) , (?, 1, ?, ?, ?, ?, ?, ?, ?, ?, ?, ?) , (?, 1, ?, ?, ?, ?, ?, ?, ?, ?, ?, ?) , (?, 1, ?, ?, ?, ?, ?, ?, ?, ?, ?, ?) , (?, 1, ?, ?, ?, ?, ?, ?, ?, ?, ?, ?) , (?, 1, ?, ?, ?, ?, ?, ?, ?, ?, ?, ?) , (?, 1, ?, ?, ?, ?, ?, ?, ?, ?, ?, ?) , (?, 1, ?, ?, ?, ?, ?, ?, ?, ?, ?, ?) , (?, 1, ?, ?, ?, ?, ?, ?, ?, ?, ?, ?) , (?, 1, ?, ?, ?, ?, ?, ?, ?, ?, ?, ?) , (?, 1, ?, ?, ?, ?, ?, ?, ?, ?, ?, ?) , (?, 1, ?, ?, ?, ?, ?, ?, ?, ?, ?, ?) , (?, 1, ?, ?, ?, ?, ?, ?, ?, ?, ?, ?) , (?, 1, ?, ?, ?, ?, ?, ?, ?, ?, ?, ?) , (?, 1, ?, ?, ?, ?, ?, ?, ?, ?, ?, ?) , (?, 1, ?, ?, ?, ?, ?, ?, ?, ?, ?, ?) , (?, 1, ?, ?, ?, ?, ?, ?, ?, ?, ?, ?) , (?, 1, ?, ?, ?, ?, ?, ?, ?, ?, ?, ?) , (?, 1, ?, ?, ?, ?, ?, ?, ?, ?, ?, ?) , (?, 1, ?, ?, ?, ?, ?, ?, ?, ?, ?, ?) , (?, 1, ?, ?, ?, ?, ?, ?, ?, ?, ?, ?) , (?, 1, ?, ?, ?, ?, ?, ?, ?, ?, ?, ?) , (?, 1, ?, ?, ?, ?, ?, ?, ?, ?, ?, ?) , (?, 1, ?, ?, ?, ?, ?, ?, ?, ?, ?, ?) , (?, 1, ?, ?, ?, ?, ?, ?, ?, ?, ?, ?) , (?, 1, ?, ?, ?, ?, ?, ?, ?, ?, ?, ?) , (?, 1, ?, ?, ?, ?, ?, ?, ?, ?, ?, ?) , (?, 1, ?, ?, ?, ?, ?, ?, ?, ?, ?, ?) , (?, 1, ?, ?, ?, ?, ?, ?, ?, ?, ?, ?) 
10:48:05,637 [main] DEBUG org.activiti.engine.impl.persistence.entity.VariableInstanceEntity.bulkInsertVariableInstance  - ==&gt; Parameters: 5905(String), integer(String), var227(String), 2504(String), 2504(String), null, null, null, 227(Long), 227(String), null, 5906(String), integer(String), var215(String), 2504(String), 2504(String), null, null, null, 215(Long), 215(String), null, 5907(String), integer(String), var214(String), 2504(String), 2504(String), null, null, null, 214(Long), 214(String), null, 5908(String), integer(String), var213(String), 2504(String), 2504(String), null, null, null, 213(Long), 213(String), null, 5909(String), integer(String), var212(String), 2504(String), 2504(String), null, null, null, 212(Long), 212(String), null, 5910(String), integer(String), var211(String), 2504(String), 2504(String), null, null, null, 211(Long), 211(String), null, 5911(String), integer(String), var210(String), 2504(String), 2504(String), null, null, null, 210(Long), 210(String), null, 5912(String), integer(String), var219(String), 2504(String), 2504(String), null, null, null, 219(Long), 219(String), null, 5913(String), integer(String), var218(String), 2504(String), 2504(String), null, null, null, 218(Long), 218(String), null, 5914(String), integer(String), var217(String), 2504(String), 2504(String), null, null, null, 217(Long), 217(String), null, 5915(String), integer(String), var216(String), 2504(String), 2504(String), null, null, null, 216(Long), 216(String), null, 5916(String), integer(String), var204(String), 2504(String), 2504(String), null, null, null, 204(Long), 204(String), null, 5917(String), integer(String), var203(String), 2504(String), 2504(String), null, null, null, 203(Long), 203(String), null, 5918(String), integer(String), var202(String), 2504(String), 2504(String), null, null, null, 202(Long), 202(String), null, 5919(String), integer(String), var201(String), 2504(String), 2504(String), null, null, null, 201(Long), 201(String), null, 5920(String), integer(String), var200(String), 2504(String), 2504(String), null, null, null, 200(Long), 200(String), null, 5921(String), integer(String), var209(String), 2504(String), 2504(String), null, null, null, 209(Long), 209(String), null, 5922(String), integer(String), var208(String), 2504(String), 2504(String), null, null, null, 208(Long), 208(String), null, 5923(String), integer(String), var207(String), 2504(String), 2504(String), null, null, null, 207(Long), 207(String), null, 5924(String), integer(String), var206(String), 2504(String), 2504(String), null, null, null, 206(Long), 206(String), null, 5925(String), integer(String), var205(String), 2504(String), 2504(String), null, null, null, 205(Long), 205(String), null, 5926(String), integer(String), var2901(String), 2504(String), 2504(String), null, null, null, 2901(Long), 2901(String), null, 5927(String), integer(String), var2900(String), 2504(String), 2504(String), null, null, null, 2900(Long), 2900(String), null, 5928(String), integer(String), var2905(String), 2504(String), 2504(String), null, null, null, 2905(Long), 2905(String), null, 5929(String), integer(String), var2904(String), 2504(String), 2504(String), null, null, null, 2904(Long), 2904(String), null, 5930(String), integer(String), var2903(String), 2504(String), 2504(String), null, null, null, 2903(Long), 2903(String), null, 5931(String), integer(String), var2902(String), 2504(String), 2504(String), null, null, null, 2902(Long), 2902(String), null, 5932(String), integer(String), var2909(String), 2504(String), 2504(String), null, null, null, 2909(Long), 2909(String), null, 5933(String), integer(String), var2908(String), 2504(String), 2504(String), null, null, null, 2908(Long), 2908(String), null, 5934(String), integer(String), var2907(String), 2504(String), 2504(String), null, null, null, 2907(Long), 2907(String), null, 5935(String), integer(String), var2906(String), 2504(String), 2504(String), null, null, null, 2906(Long), 2906(String), null, 5936(String), integer(String), var2912(String), 2504(String), 2504(String), null, null, null, 2912(Long), 2912(String), null, 5937(String), integer(String), var2911(String), 2504(String), 2504(String), null, null, null, 2911(Long), 2911(String), null, 5938(String), integer(String), var2910(String), 2504(String), 2504(String), null, null, null, 2910(Long), 2910(String), null, 5939(String), integer(String), var2916(String), 2504(String), 2504(String), null, null, null, 2916(Long), 2916(String), null, 5940(String), integer(String), var2915(String), 2504(String), 2504(String), null, null, null, 2915(Long), 2915(String), null, 5941(String), integer(String), var2914(String), 2504(String), 2504(String), null, null, null, 2914(Long), 2914(String), null, 5942(String), integer(String), var2913(String), 2504(String), 2504(String), null, null, null, 2913(Long), 2913(String), null, 5943(String), integer(String), var2919(String), 2504(String), 2504(String), null, null, null, 2919(Long), 2919(String), null, 5944(String), integer(String), var2918(String), 2504(String), 2504(String), null, null, null, 2918(Long), 2918(String), null, 5945(String), integer(String), var2917(String), 2504(String), 2504(String), null, null, null, 2917(Long), 2917(String), null, 5946(String), integer(String), var196(String), 2504(String), 2504(String), null, null, null, 196(Long), 196(String), null, 5947(String), integer(String), var195(String), 2504(String), 2504(String), null, null, null, 195(Long), 195(String), null, 5948(String), integer(String), var194(String), 2504(String), 2504(String), null, null, null, 194(Long), 194(String), null, 5949(String), integer(String), var193(String), 2504(String), 2504(String), null, null, null, 193(Long), 193(String), null, 5950(String), integer(String), var192(String), 2504(String), 2504(String), null, null, null, 192(Long), 192(String), null, 5951(String), integer(String), var191(String), 2504(String), 2504(String), null, null, null, 191(Long), 191(String), null, 5952(String), integer(String), var190(String), 2504(String), 2504(String), null, null, null, 190(Long), 190(String), null, 5953(String), integer(String), var2923(String), 2504(String), 2504(String), null, null, null, 2923(Long), 2923(String), null, 5954(String), integer(String), var199(String), 2504(String), 2504(String), null, null, null, 199(Long), 199(String), null, 5955(String), integer(String), var2922(String), 2504(String), 2504(String), null, null, null, 2922(Long), 2922(String), null, 5956(String), integer(String), var198(String), 2504(String), 2504(String), null, null, null, 198(Long), 198(String), null, 5957(String), integer(String), var2921(String), 2504(String), 2504(String), null, null, null, 2921(Long), 2921(String), null, 5958(String), integer(String), var197(String), 2504(String), 2504(String), null, null, null, 197(Long), 197(String), null, 5959(String), integer(String), var2920(String), 2504(String), 2504(String), null, null, null, 2920(Long), 2920(String), null, 5960(String), integer(String), var2927(String), 2504(String), 2504(String), null, null, null, 2927(Long), 2927(String), null, 5961(String), integer(String), var2926(String), 2504(String), 2504(String), null, null, null, 2926(Long), 2926(String), null, 5962(String), integer(String), var2925(String), 2504(String), 2504(String), null, null, null, 2925(Long), 2925(String), null, 5963(String), integer(String), var2924(String), 2504(String), 2504(String), null, null, null, 2924(Long), 2924(String), null, 5964(String), integer(String), var2929(String), 2504(String), 2504(String), null, null, null, 2929(Long), 2929(String), null, 5965(String), integer(String), var2928(String), 2504(String), 2504(String), null, null, null, 2928(Long), 2928(String), null, 5966(String), integer(String), var185(String), 2504(String), 2504(String), null, null, null, 185(Long), 185(String), null, 5967(String), integer(String), var184(String), 2504(String), 2504(String), null, null, null, 184(Long), 184(String), null, 5968(String), integer(String), var183(String), 2504(String), 2504(String), null, null, null, 183(Long), 183(String), null, 5969(String), integer(String), var182(String), 2504(String), 2504(String), null, null, null, 182(Long), 182(String), null, 5970(String), integer(String), var181(String), 2504(String), 2504(String), null, null, null, 181(Long), 181(String), null, 5971(String), integer(String), var180(String), 2504(String), 2504(String), null, null, null, 180(Long), 180(String), null, 5972(String), integer(String), var2930(String), 2504(String), 2504(String), null, null, null, 2930(Long), 2930(String), null, 5973(String), integer(String), var189(String), 2504(String), 2504(String), null, null, null, 189(Long), 189(String), null, 5974(String), integer(String), var1602(String), 2504(String), 2504(String), null, null, null, 1602(Long), 1602(String), null, 5975(String), integer(String), var2934(String), 2504(String), 2504(String), null, null, null, 2934(Long), 2934(String), null, 5976(String), integer(String), var188(String), 2504(String), 2504(String), null, null, null, 188(Long), 188(String), null, 5977(String), integer(String), var1603(String), 2504(String), 2504(String), null, null, null, 1603(Long), 1603(String), null, 5978(String), integer(String), var2933(String), 2504(String), 2504(String), null, null, null, 2933(Long), 2933(String), null, 5979(String), integer(String), var187(String), 2504(String), 2504(String), null, null, null, 187(Long), 187(String), null, 5980(String), integer(String), var1600(String), 2504(String), 2504(String), null, null, null, 1600(Long), 1600(String), null, 5981(String), integer(String), var2932(String), 2504(String), 2504(String), null, null, null, 2932(Long), 2932(String), null, 5982(String), integer(String), var186(String), 2504(String), 2504(String), null, null, null, 186(Long), 186(String), null, 5983(String), integer(String), var1601(String), 2504(String), 2504(String), null, null, null, 1601(Long), 1601(String), null, 5984(String), integer(String), var2931(String), 2504(String), 2504(String), null, null, null, 2931(Long), 2931(String), null, 5985(String), integer(String), var1606(String), 2504(String), 2504(String), null, null, null, 1606(Long), 1606(String), null, 5986(String), integer(String), var2938(String), 2504(String), 2504(String), null, null, null, 2938(Long), 2938(String), null, 5987(String), integer(String), var1607(String), 2504(String), 2504(String), null, null, null, 1607(Long), 1607(String), null, 5988(String), integer(String), var2937(String), 2504(String), 2504(String), null, null, null, 2937(Long), 2937(String), null, 5989(String), integer(String), var1604(String), 2504(String), 2504(String), null, null, null, 1604(Long), 1604(String), null, 5990(String), integer(String), var2936(String), 2504(String), 2504(String), null, null, null, 2936(Long), 2936(String), null, 5991(String), integer(String), var1605(String), 2504(String), 2504(String), null, null, null, 1605(Long), 1605(String), null, 5992(String), integer(String), var2935(String), 2504(String), 2504(String), null, null, null, 2935(Long), 2935(String), null, 5993(String), integer(String), var1608(String), 2504(String), 2504(String), null, null, null, 1608(Long), 1608(String), null, 5994(String), integer(String), var1609(String), 2504(String), 2504(String), null, null, null, 1609(Long), 1609(String), null, 5995(String), integer(String), var2939(String), 2504(String), 2504(String), null, null, null, 2939(Long), 2939(String), null, 5996(String), integer(String), var174(String), 2504(String), 2504(String), null, null, null, 174(Long), 174(String), null, 5997(String), integer(String), var173(String), 2504(String), 2504(String), null, null, null, 173(Long), 173(String), null, 5998(String), integer(String), var172(String), 2504(String), 2504(String), null, null, null, 172(Long), 172(String), null, 5999(String), integer(String), var171(String), 2504(String), 2504(String), null, null, null, 171(Long), 171(String), null, 6000(String), integer(String), var170(String), 2504(String), 2504(String), null, null, null, 170(Long), 170(String), null, 6001(String), integer(String), var2941(String), 2504(String), 2504(String), null, null, null, 2941(Long), 2941(String), null, 6002(String), integer(String), var1610(String), 2504(String), 2504(String), null, null, null, 1610(Long), 1610(String), null, 6003(String), integer(String), var2940(String), 2504(String), 2504(String), null, null, null, 2940(Long), 2940(String), null, 6004(String), integer(String), var179(String), 2504(String), 2504(String), null, null, null, 179(Long), 179(String), null
10:48:05,638 [main] DEBUG org.activiti.engine.impl.persistence.entity.VariableInstanceEntity.bulkInsertVariableInstance  - &lt;==    Updates: 100
10:48:05,641 [main] DEBUG org.activiti.engine.impl.persistence.entity.VariableInstanceEntity.bulkInsertVariableInstance  - ==&gt;  Preparing: INSERT INTO ACT_RU_VARIABLE (ID_, REV_, TYPE_, NAME_, PROC_INST_ID_, EXECUTION_ID_, TASK_ID_, BYTEARRAY_ID_, DOUBLE_, LONG_ , TEXT_, TEXT2_) VALUES (?, 1, ?, ?, ?, ?, ?, ?, ?, ?, ?, ?) , (?, 1, ?, ?, ?, ?, ?, ?, ?, ?, ?, ?) , (?, 1, ?, ?, ?, ?, ?, ?, ?, ?, ?, ?) , (?, 1, ?, ?, ?, ?, ?, ?, ?, ?, ?, ?) , (?, 1, ?, ?, ?, ?, ?, ?, ?, ?, ?, ?) , (?, 1, ?, ?, ?, ?, ?, ?, ?, ?, ?, ?) , (?, 1, ?, ?, ?, ?, ?, ?, ?, ?, ?, ?) , (?, 1, ?, ?, ?, ?, ?, ?, ?, ?, ?, ?) , (?, 1, ?, ?, ?, ?, ?, ?, ?, ?, ?, ?) , (?, 1, ?, ?, ?, ?, ?, ?, ?, ?, ?, ?) , (?, 1, ?, ?, ?, ?, ?, ?, ?, ?, ?, ?) , (?, 1, ?, ?, ?, ?, ?, ?, ?, ?, ?, ?) , (?, 1, ?, ?, ?, ?, ?, ?, ?, ?, ?, ?) , (?, 1, ?, ?, ?, ?, ?, ?, ?, ?, ?, ?) , (?, 1, ?, ?, ?, ?, ?, ?, ?, ?, ?, ?) , (?, 1, ?, ?, ?, ?, ?, ?, ?, ?, ?, ?) , (?, 1, ?, ?, ?, ?, ?, ?, ?, ?, ?, ?) , (?, 1, ?, ?, ?, ?, ?, ?, ?, ?, ?, ?) , (?, 1, ?, ?, ?, ?, ?, ?, ?, ?, ?, ?) , (?, 1, ?, ?, ?, ?, ?, ?, ?, ?, ?, ?) , (?, 1, ?, ?, ?, ?, ?, ?, ?, ?, ?, ?) , (?, 1, ?, ?, ?, ?, ?, ?, ?, ?, ?, ?) , (?, 1, ?, ?, ?, ?, ?, ?, ?, ?, ?, ?) , (?, 1, ?, ?, ?, ?, ?, ?, ?, ?, ?, ?) , (?, 1, ?, ?, ?, ?, ?, ?, ?, ?, ?, ?) , (?, 1, ?, ?, ?, ?, ?, ?, ?, ?, ?, ?) , (?, 1, ?, ?, ?, ?, ?, ?, ?, ?, ?, ?) , (?, 1, ?, ?, ?, ?, ?, ?, ?, ?, ?, ?) , (?, 1, ?, ?, ?, ?, ?, ?, ?, ?, ?, ?) , (?, 1, ?, ?, ?, ?, ?, ?, ?, ?, ?, ?) , (?, 1, ?, ?, ?, ?, ?, ?, ?, ?, ?, ?) , (?, 1, ?, ?, ?, ?, ?, ?, ?, ?, ?, ?) , (?, 1, ?, ?, ?, ?, ?, ?, ?, ?, ?, ?) , (?, 1, ?, ?, ?, ?, ?, ?, ?, ?, ?, ?) , (?, 1, ?, ?, ?, ?, ?, ?, ?, ?, ?, ?) , (?, 1, ?, ?, ?, ?, ?, ?, ?, ?, ?, ?) , (?, 1, ?, ?, ?, ?, ?, ?, ?, ?, ?, ?) , (?, 1, ?, ?, ?, ?, ?, ?, ?, ?, ?, ?) , (?, 1, ?, ?, ?, ?, ?, ?, ?, ?, ?, ?) , (?, 1, ?, ?, ?, ?, ?, ?, ?, ?, ?, ?) , (?, 1, ?, ?, ?, ?, ?, ?, ?, ?, ?, ?) , (?, 1, ?, ?, ?, ?, ?, ?, ?, ?, ?, ?) , (?, 1, ?, ?, ?, ?, ?, ?, ?, ?, ?, ?) , (?, 1, ?, ?, ?, ?, ?, ?, ?, ?, ?, ?) , (?, 1, ?, ?, ?, ?, ?, ?, ?, ?, ?, ?) , (?, 1, ?, ?, ?, ?, ?, ?, ?, ?, ?, ?) , (?, 1, ?, ?, ?, ?, ?, ?, ?, ?, ?, ?) , (?, 1, ?, ?, ?, ?, ?, ?, ?, ?, ?, ?) , (?, 1, ?, ?, ?, ?, ?, ?, ?, ?, ?, ?) , (?, 1, ?, ?, ?, ?, ?, ?, ?, ?, ?, ?) , (?, 1, ?, ?, ?, ?, ?, ?, ?, ?, ?, ?) , (?, 1, ?, ?, ?, ?, ?, ?, ?, ?, ?, ?) , (?, 1, ?, ?, ?, ?, ?, ?, ?, ?, ?, ?) , (?, 1, ?, ?, ?, ?, ?, ?, ?, ?, ?, ?) , (?, 1, ?, ?, ?, ?, ?, ?, ?, ?, ?, ?) , (?, 1, ?, ?, ?, ?, ?, ?, ?, ?, ?, ?) , (?, 1, ?, ?, ?, ?, ?, ?, ?, ?, ?, ?) , (?, 1, ?, ?, ?, ?, ?, ?, ?, ?, ?, ?) , (?, 1, ?, ?, ?, ?, ?, ?, ?, ?, ?, ?) , (?, 1, ?, ?, ?, ?, ?, ?, ?, ?, ?, ?) , (?, 1, ?, ?, ?, ?, ?, ?, ?, ?, ?, ?) , (?, 1, ?, ?, ?, ?, ?, ?, ?, ?, ?, ?) , (?, 1, ?, ?, ?, ?, ?, ?, ?, ?, ?, ?) , (?, 1, ?, ?, ?, ?, ?, ?, ?, ?, ?, ?) , (?, 1, ?, ?, ?, ?, ?, ?, ?, ?, ?, ?) , (?, 1, ?, ?, ?, ?, ?, ?, ?, ?, ?, ?) , (?, 1, ?, ?, ?, ?, ?, ?, ?, ?, ?, ?) , (?, 1, ?, ?, ?, ?, ?, ?, ?, ?, ?, ?) , (?, 1, ?, ?, ?, ?, ?, ?, ?, ?, ?, ?) , (?, 1, ?, ?, ?, ?, ?, ?, ?, ?, ?, ?) , (?, 1, ?, ?, ?, ?, ?, ?, ?, ?, ?, ?) , (?, 1, ?, ?, ?, ?, ?, ?, ?, ?, ?, ?) , (?, 1, ?, ?, ?, ?, ?, ?, ?, ?, ?, ?) , (?, 1, ?, ?, ?, ?, ?, ?, ?, ?, ?, ?) , (?, 1, ?, ?, ?, ?, ?, ?, ?, ?, ?, ?) , (?, 1, ?, ?, ?, ?, ?, ?, ?, ?, ?, ?) , (?, 1, ?, ?, ?, ?, ?, ?, ?, ?, ?, ?) , (?, 1, ?, ?, ?, ?, ?, ?, ?, ?, ?, ?) , (?, 1, ?, ?, ?, ?, ?, ?, ?, ?, ?, ?) , (?, 1, ?, ?, ?, ?, ?, ?, ?, ?, ?, ?) , (?, 1, ?, ?, ?, ?, ?, ?, ?, ?, ?, ?) , (?, 1, ?, ?, ?, ?, ?, ?, ?, ?, ?, ?) , (?, 1, ?, ?, ?, ?, ?, ?, ?, ?, ?, ?) , (?, 1, ?, ?, ?, ?, ?, ?, ?, ?, ?, ?) , (?, 1, ?, ?, ?, ?, ?, ?, ?, ?, ?, ?) , (?, 1, ?, ?, ?, ?, ?, ?, ?, ?, ?, ?) , (?, 1, ?, ?, ?, ?, ?, ?, ?, ?, ?, ?) , (?, 1, ?, ?, ?, ?, ?, ?, ?, ?, ?, ?) , (?, 1, ?, ?, ?, ?, ?, ?, ?, ?, ?, ?) , (?, 1, ?, ?, ?, ?, ?, ?, ?, ?, ?, ?) , (?, 1, ?, ?, ?, ?, ?, ?, ?, ?, ?, ?) , (?, 1, ?, ?, ?, ?, ?, ?, ?, ?, ?, ?) , (?, 1, ?, ?, ?, ?, ?, ?, ?, ?, ?, ?) , (?, 1, ?, ?, ?, ?, ?, ?, ?, ?, ?, ?) , (?, 1, ?, ?, ?, ?, ?, ?, ?, ?, ?, ?) , (?, 1, ?, ?, ?, ?, ?, ?, ?, ?, ?, ?) , (?, 1, ?, ?, ?, ?, ?, ?, ?, ?, ?, ?) , (?, 1, ?, ?, ?, ?, ?, ?, ?, ?, ?, ?) , (?, 1, ?, ?, ?, ?, ?, ?, ?, ?, ?, ?) , (?, 1, ?, ?, ?, ?, ?, ?, ?, ?, ?, ?) 
10:48:05,643 [main] DEBUG org.activiti.engine.impl.persistence.entity.VariableInstanceEntity.bulkInsertVariableInstance  - ==&gt; Parameters: 6005(String), integer(String), var178(String), 2504(String), 2504(String), null, null, null, 178(Long), 178(String), null, 6006(String), integer(String), var1613(String), 2504(String), 2504(String), null, null, null, 1613(Long), 1613(String), null, 6007(String), integer(String), var2945(String), 2504(String), 2504(String), null, null, null, 2945(Long), 2945(String), null, 6008(String), integer(String), var177(String), 2504(String), 2504(String), null, null, null, 177(Long), 177(String), null, 6009(String), integer(String), var1614(String), 2504(String), 2504(String), null, null, null, 1614(Long), 1614(String), null, 6010(String), integer(String), var2944(String), 2504(String), 2504(String), null, null, null, 2944(Long), 2944(String), null, 6011(String), integer(String), var176(String), 2504(String), 2504(String), null, null, null, 176(Long), 176(String), null, 6012(String), integer(String), var1611(String), 2504(String), 2504(String), null, null, null, 1611(Long), 1611(String), null, 6013(String), integer(String), var2943(String), 2504(String), 2504(String), null, null, null, 2943(Long), 2943(String), null, 6014(String), integer(String), var175(String), 2504(String), 2504(String), null, null, null, 175(Long), 175(String), null, 6015(String), integer(String), var1612(String), 2504(String), 2504(String), null, null, null, 1612(Long), 1612(String), null, 6016(String), integer(String), var2942(String), 2504(String), 2504(String), null, null, null, 2942(Long), 2942(String), null, 6017(String), integer(String), var1617(String), 2504(String), 2504(String), null, null, null, 1617(Long), 1617(String), null, 6018(String), integer(String), var2949(String), 2504(String), 2504(String), null, null, null, 2949(Long), 2949(String), null, 6019(String), integer(String), var1618(String), 2504(String), 2504(String), null, null, null, 1618(Long), 1618(String), null, 6020(String), integer(String), var2948(String), 2504(String), 2504(String), null, null, null, 2948(Long), 2948(String), null, 6021(String), integer(String), var1615(String), 2504(String), 2504(String), null, null, null, 1615(Long), 1615(String), null, 6022(String), integer(String), var2947(String), 2504(String), 2504(String), null, null, null, 2947(Long), 2947(String), null, 6023(String), integer(String), var1616(String), 2504(String), 2504(String), null, null, null, 1616(Long), 1616(String), null, 6024(String), integer(String), var2946(String), 2504(String), 2504(String), null, null, null, 2946(Long), 2946(String), null, 6025(String), integer(String), var1619(String), 2504(String), 2504(String), null, null, null, 1619(Long), 1619(String), null, 6026(String), integer(String), var163(String), 2504(String), 2504(String), null, null, null, 163(Long), 163(String), null, 6027(String), integer(String), var162(String), 2504(String), 2504(String), null, null, null, 162(Long), 162(String), null, 6028(String), integer(String), var161(String), 2504(String), 2504(String), null, null, null, 161(Long), 161(String), null, 6029(String), integer(String), var160(String), 2504(String), 2504(String), null, null, null, 160(Long), 160(String), null, 6030(String), integer(String), var1620(String), 2504(String), 2504(String), null, null, null, 1620(Long), 1620(String), null, 6031(String), integer(String), var2952(String), 2504(String), 2504(String), null, null, null, 2952(Long), 2952(String), null, 6032(String), integer(String), var1621(String), 2504(String), 2504(String), null, null, null, 1621(Long), 1621(String), null, 6033(String), integer(String), var2951(String), 2504(String), 2504(String), null, null, null, 2951(Long), 2951(String), null, 6034(String), integer(String), var169(String), 2504(String), 2504(String), null, null, null, 169(Long), 169(String), null, 6035(String), integer(String), var2950(String), 2504(String), 2504(String), null, null, null, 2950(Long), 2950(String), null, 6036(String), integer(String), var168(String), 2504(String), 2504(String), null, null, null, 168(Long), 168(String), null, 6037(String), integer(String), var167(String), 2504(String), 2504(String), null, null, null, 167(Long), 167(String), null, 6038(String), integer(String), var1624(String), 2504(String), 2504(String), null, null, null, 1624(Long), 1624(String), null, 6039(String), integer(String), var2956(String), 2504(String), 2504(String), null, null, null, 2956(Long), 2956(String), null, 6040(String), integer(String), var166(String), 2504(String), 2504(String), null, null, null, 166(Long), 166(String), null, 6041(String), integer(String), var1625(String), 2504(String), 2504(String), null, null, null, 1625(Long), 1625(String), null, 6042(String), integer(String), var2955(String), 2504(String), 2504(String), null, null, null, 2955(Long), 2955(String), null, 6043(String), integer(String), var165(String), 2504(String), 2504(String), null, null, null, 165(Long), 165(String), null, 6044(String), integer(String), var1622(String), 2504(String), 2504(String), null, null, null, 1622(Long), 1622(String), null, 6045(String), integer(String), var2954(String), 2504(String), 2504(String), null, null, null, 2954(Long), 2954(String), null, 6046(String), integer(String), var164(String), 2504(String), 2504(String), null, null, null, 164(Long), 164(String), null, 6047(String), integer(String), var1623(String), 2504(String), 2504(String), null, null, null, 1623(Long), 1623(String), null, 6048(String), integer(String), var2953(String), 2504(String), 2504(String), null, null, null, 2953(Long), 2953(String), null, 6049(String), integer(String), var1628(String), 2504(String), 2504(String), null, null, null, 1628(Long), 1628(String), null, 6050(String), integer(String), var1629(String), 2504(String), 2504(String), null, null, null, 1629(Long), 1629(String), null, 6051(String), integer(String), var2959(String), 2504(String), 2504(String), null, null, null, 2959(Long), 2959(String), null, 6052(String), integer(String), var1626(String), 2504(String), 2504(String), null, null, null, 1626(Long), 1626(String), null, 6053(String), integer(String), var2958(String), 2504(String), 2504(String), null, null, null, 2958(Long), 2958(String), null, 6054(String), integer(String), var1627(String), 2504(String), 2504(String), null, null, null, 1627(Long), 1627(String), null, 6055(String), integer(String), var2957(String), 2504(String), 2504(String), null, null, null, 2957(Long), 2957(String), null, 6056(String), integer(String), var152(String), 2504(String), 2504(String), null, null, null, 152(Long), 152(String), null, 6057(String), integer(String), var151(String), 2504(String), 2504(String), null, null, null, 151(Long), 151(String), null, 6058(String), integer(String), var150(String), 2504(String), 2504(String), null, null, null, 150(Long), 150(String), null, 6059(String), integer(String), var1631(String), 2504(String), 2504(String), null, null, null, 1631(Long), 1631(String), null, 6060(String), integer(String), var2963(String), 2504(String), 2504(String), null, null, null, 2963(Long), 2963(String), null, 6061(String), integer(String), var159(String), 2504(String), 2504(String), null, null, null, 159(Long), 159(String), null, 6062(String), integer(String), var1632(String), 2504(String), 2504(String), null, null, null, 1632(Long), 1632(String), null, 6063(String), integer(String), var2962(String), 2504(String), 2504(String), null, null, null, 2962(Long), 2962(String), null, 6064(String), integer(String), var158(String), 2504(String), 2504(String), null, null, null, 158(Long), 158(String), null, 6065(String), integer(String), var2961(String), 2504(String), 2504(String), null, null, null, 2961(Long), 2961(String), null, 6066(String), integer(String), var157(String), 2504(String), 2504(String), null, null, null, 157(Long), 157(String), null, 6067(String), integer(String), var1630(String), 2504(String), 2504(String), null, null, null, 1630(Long), 1630(String), null, 6068(String), integer(String), var2960(String), 2504(String), 2504(String), null, null, null, 2960(Long), 2960(String), null, 6069(String), integer(String), var156(String), 2504(String), 2504(String), null, null, null, 156(Long), 156(String), null, 6070(String), integer(String), var1635(String), 2504(String), 2504(String), null, null, null, 1635(Long), 1635(String), null, 6071(String), integer(String), var2967(String), 2504(String), 2504(String), null, null, null, 2967(Long), 2967(String), null, 6072(String), integer(String), var155(String), 2504(String), 2504(String), null, null, null, 155(Long), 155(String), null, 6073(String), integer(String), var1636(String), 2504(String), 2504(String), null, null, null, 1636(Long), 1636(String), null, 6074(String), integer(String), var2966(String), 2504(String), 2504(String), null, null, null, 2966(Long), 2966(String), null, 6075(String), integer(String), var154(String), 2504(String), 2504(String), null, null, null, 154(Long), 154(String), null, 6076(String), integer(String), var1633(String), 2504(String), 2504(String), null, null, null, 1633(Long), 1633(String), null, 6077(String), integer(String), var2965(String), 2504(String), 2504(String), null, null, null, 2965(Long), 2965(String), null, 6078(String), integer(String), var153(String), 2504(String), 2504(String), null, null, null, 153(Long), 153(String), null, 6079(String), integer(String), var1634(String), 2504(String), 2504(String), null, null, null, 1634(Long), 1634(String), null, 6080(String), integer(String), var2964(String), 2504(String), 2504(String), null, null, null, 2964(Long), 2964(String), null, 6081(String), integer(String), var1639(String), 2504(String), 2504(String), null, null, null, 1639(Long), 1639(String), null, 6082(String), integer(String), var1637(String), 2504(String), 2504(String), null, null, null, 1637(Long), 1637(String), null, 6083(String), integer(String), var2969(String), 2504(String), 2504(String), null, null, null, 2969(Long), 2969(String), null, 6084(String), integer(String), var1638(String), 2504(String), 2504(String), null, null, null, 1638(Long), 1638(String), null, 6085(String), integer(String), var2968(String), 2504(String), 2504(String), null, null, null, 2968(Long), 2968(String), null, 6086(String), integer(String), var2970(String), 2504(String), 2504(String), null, null, null, 2970(Long), 2970(String), null, 6087(String), integer(String), var1642(String), 2504(String), 2504(String), null, null, null, 1642(Long), 1642(String), null, 6088(String), integer(String), var2974(String), 2504(String), 2504(String), null, null, null, 2974(Long), 2974(String), null, 6089(String), integer(String), var1643(String), 2504(String), 2504(String), null, null, null, 1643(Long), 1643(String), null, 6090(String), integer(String), var2973(String), 2504(String), 2504(String), null, null, null, 2973(Long), 2973(String), null, 6091(String), integer(String), var1640(String), 2504(String), 2504(String), null, null, null, 1640(Long), 1640(String), null, 6092(String), integer(String), var2972(String), 2504(String), 2504(String), null, null, null, 2972(Long), 2972(String), null, 6093(String), integer(String), var1641(String), 2504(String), 2504(String), null, null, null, 1641(Long), 1641(String), null, 6094(String), integer(String), var2971(String), 2504(String), 2504(String), null, null, null, 2971(Long), 2971(String), null, 6095(String), integer(String), var1646(String), 2504(String), 2504(String), null, null, null, 1646(Long), 1646(String), null, 6096(String), integer(String), var2978(String), 2504(String), 2504(String), null, null, null, 2978(Long), 2978(String), null, 6097(String), integer(String), var1647(String), 2504(String), 2504(String), null, null, null, 1647(Long), 1647(String), null, 6098(String), integer(String), var2977(String), 2504(String), 2504(String), null, null, null, 2977(Long), 2977(String), null, 6099(String), integer(String), var1644(String), 2504(String), 2504(String), null, null, null, 1644(Long), 1644(String), null, 6100(String), integer(String), var2976(String), 2504(String), 2504(String), null, null, null, 2976(Long), 2976(String), null, 6101(String), integer(String), var1645(String), 2504(String), 2504(String), null, null, null, 1645(Long), 1645(String), null, 6102(String), integer(String), var2975(String), 2504(String), 2504(String), null, null, null, 2975(Long), 2975(String), null, 6103(String), integer(String), var1648(String), 2504(String), 2504(String), null, null, null, 1648(Long), 1648(String), null, 6104(String), integer(String), var1649(String), 2504(String), 2504(String), null, null, null, 1649(Long), 1649(String), null
10:48:05,644 [main] DEBUG org.activiti.engine.impl.persistence.entity.VariableInstanceEntity.bulkInsertVariableInstance  - &lt;==    Updates: 100
10:48:05,648 [main] DEBUG org.activiti.engine.impl.persistence.entity.VariableInstanceEntity.bulkInsertVariableInstance  - ==&gt;  Preparing: INSERT INTO ACT_RU_VARIABLE (ID_, REV_, TYPE_, NAME_, PROC_INST_ID_, EXECUTION_ID_, TASK_ID_, BYTEARRAY_ID_, DOUBLE_, LONG_ , TEXT_, TEXT2_) VALUES (?, 1, ?, ?, ?, ?, ?, ?, ?, ?, ?, ?) , (?, 1, ?, ?, ?, ?, ?, ?, ?, ?, ?, ?) , (?, 1, ?, ?, ?, ?, ?, ?, ?, ?, ?, ?) , (?, 1, ?, ?, ?, ?, ?, ?, ?, ?, ?, ?) , (?, 1, ?, ?, ?, ?, ?, ?, ?, ?, ?, ?) , (?, 1, ?, ?, ?, ?, ?, ?, ?, ?, ?, ?) , (?, 1, ?, ?, ?, ?, ?, ?, ?, ?, ?, ?) , (?, 1, ?, ?, ?, ?, ?, ?, ?, ?, ?, ?) , (?, 1, ?, ?, ?, ?, ?, ?, ?, ?, ?, ?) , (?, 1, ?, ?, ?, ?, ?, ?, ?, ?, ?, ?) , (?, 1, ?, ?, ?, ?, ?, ?, ?, ?, ?, ?) , (?, 1, ?, ?, ?, ?, ?, ?, ?, ?, ?, ?) , (?, 1, ?, ?, ?, ?, ?, ?, ?, ?, ?, ?) , (?, 1, ?, ?, ?, ?, ?, ?, ?, ?, ?, ?) , (?, 1, ?, ?, ?, ?, ?, ?, ?, ?, ?, ?) , (?, 1, ?, ?, ?, ?, ?, ?, ?, ?, ?, ?) , (?, 1, ?, ?, ?, ?, ?, ?, ?, ?, ?, ?) , (?, 1, ?, ?, ?, ?, ?, ?, ?, ?, ?, ?) , (?, 1, ?, ?, ?, ?, ?, ?, ?, ?, ?, ?) , (?, 1, ?, ?, ?, ?, ?, ?, ?, ?, ?, ?) , (?, 1, ?, ?, ?, ?, ?, ?, ?, ?, ?, ?) , (?, 1, ?, ?, ?, ?, ?, ?, ?, ?, ?, ?) , (?, 1, ?, ?, ?, ?, ?, ?, ?, ?, ?, ?) , (?, 1, ?, ?, ?, ?, ?, ?, ?, ?, ?, ?) , (?, 1, ?, ?, ?, ?, ?, ?, ?, ?, ?, ?) , (?, 1, ?, ?, ?, ?, ?, ?, ?, ?, ?, ?) , (?, 1, ?, ?, ?, ?, ?, ?, ?, ?, ?, ?) , (?, 1, ?, ?, ?, ?, ?, ?, ?, ?, ?, ?) , (?, 1, ?, ?, ?, ?, ?, ?, ?, ?, ?, ?) , (?, 1, ?, ?, ?, ?, ?, ?, ?, ?, ?, ?) , (?, 1, ?, ?, ?, ?, ?, ?, ?, ?, ?, ?) , (?, 1, ?, ?, ?, ?, ?, ?, ?, ?, ?, ?) , (?, 1, ?, ?, ?, ?, ?, ?, ?, ?, ?, ?) , (?, 1, ?, ?, ?, ?, ?, ?, ?, ?, ?, ?) , (?, 1, ?, ?, ?, ?, ?, ?, ?, ?, ?, ?) , (?, 1, ?, ?, ?, ?, ?, ?, ?, ?, ?, ?) , (?, 1, ?, ?, ?, ?, ?, ?, ?, ?, ?, ?) , (?, 1, ?, ?, ?, ?, ?, ?, ?, ?, ?, ?) , (?, 1, ?, ?, ?, ?, ?, ?, ?, ?, ?, ?) , (?, 1, ?, ?, ?, ?, ?, ?, ?, ?, ?, ?) , (?, 1, ?, ?, ?, ?, ?, ?, ?, ?, ?, ?) , (?, 1, ?, ?, ?, ?, ?, ?, ?, ?, ?, ?) , (?, 1, ?, ?, ?, ?, ?, ?, ?, ?, ?, ?) , (?, 1, ?, ?, ?, ?, ?, ?, ?, ?, ?, ?) , (?, 1, ?, ?, ?, ?, ?, ?, ?, ?, ?, ?) , (?, 1, ?, ?, ?, ?, ?, ?, ?, ?, ?, ?) , (?, 1, ?, ?, ?, ?, ?, ?, ?, ?, ?, ?) , (?, 1, ?, ?, ?, ?, ?, ?, ?, ?, ?, ?) , (?, 1, ?, ?, ?, ?, ?, ?, ?, ?, ?, ?) , (?, 1, ?, ?, ?, ?, ?, ?, ?, ?, ?, ?) , (?, 1, ?, ?, ?, ?, ?, ?, ?, ?, ?, ?) , (?, 1, ?, ?, ?, ?, ?, ?, ?, ?, ?, ?) , (?, 1, ?, ?, ?, ?, ?, ?, ?, ?, ?, ?) , (?, 1, ?, ?, ?, ?, ?, ?, ?, ?, ?, ?) , (?, 1, ?, ?, ?, ?, ?, ?, ?, ?, ?, ?) , (?, 1, ?, ?, ?, ?, ?, ?, ?, ?, ?, ?) , (?, 1, ?, ?, ?, ?, ?, ?, ?, ?, ?, ?) , (?, 1, ?, ?, ?, ?, ?, ?, ?, ?, ?, ?) , (?, 1, ?, ?, ?, ?, ?, ?, ?, ?, ?, ?) , (?, 1, ?, ?, ?, ?, ?, ?, ?, ?, ?, ?) , (?, 1, ?, ?, ?, ?, ?, ?, ?, ?, ?, ?) , (?, 1, ?, ?, ?, ?, ?, ?, ?, ?, ?, ?) , (?, 1, ?, ?, ?, ?, ?, ?, ?, ?, ?, ?) , (?, 1, ?, ?, ?, ?, ?, ?, ?, ?, ?, ?) , (?, 1, ?, ?, ?, ?, ?, ?, ?, ?, ?, ?) , (?, 1, ?, ?, ?, ?, ?, ?, ?, ?, ?, ?) , (?, 1, ?, ?, ?, ?, ?, ?, ?, ?, ?, ?) , (?, 1, ?, ?, ?, ?, ?, ?, ?, ?, ?, ?) , (?, 1, ?, ?, ?, ?, ?, ?, ?, ?, ?, ?) , (?, 1, ?, ?, ?, ?, ?, ?, ?, ?, ?, ?) , (?, 1, ?, ?, ?, ?, ?, ?, ?, ?, ?, ?) , (?, 1, ?, ?, ?, ?, ?, ?, ?, ?, ?, ?) , (?, 1, ?, ?, ?, ?, ?, ?, ?, ?, ?, ?) , (?, 1, ?, ?, ?, ?, ?, ?, ?, ?, ?, ?) , (?, 1, ?, ?, ?, ?, ?, ?, ?, ?, ?, ?) , (?, 1, ?, ?, ?, ?, ?, ?, ?, ?, ?, ?) , (?, 1, ?, ?, ?, ?, ?, ?, ?, ?, ?, ?) , (?, 1, ?, ?, ?, ?, ?, ?, ?, ?, ?, ?) , (?, 1, ?, ?, ?, ?, ?, ?, ?, ?, ?, ?) , (?, 1, ?, ?, ?, ?, ?, ?, ?, ?, ?, ?) , (?, 1, ?, ?, ?, ?, ?, ?, ?, ?, ?, ?) , (?, 1, ?, ?, ?, ?, ?, ?, ?, ?, ?, ?) , (?, 1, ?, ?, ?, ?, ?, ?, ?, ?, ?, ?) , (?, 1, ?, ?, ?, ?, ?, ?, ?, ?, ?, ?) , (?, 1, ?, ?, ?, ?, ?, ?, ?, ?, ?, ?) , (?, 1, ?, ?, ?, ?, ?, ?, ?, ?, ?, ?) , (?, 1, ?, ?, ?, ?, ?, ?, ?, ?, ?, ?) , (?, 1, ?, ?, ?, ?, ?, ?, ?, ?, ?, ?) , (?, 1, ?, ?, ?, ?, ?, ?, ?, ?, ?, ?) , (?, 1, ?, ?, ?, ?, ?, ?, ?, ?, ?, ?) , (?, 1, ?, ?, ?, ?, ?, ?, ?, ?, ?, ?) , (?, 1, ?, ?, ?, ?, ?, ?, ?, ?, ?, ?) , (?, 1, ?, ?, ?, ?, ?, ?, ?, ?, ?, ?) , (?, 1, ?, ?, ?, ?, ?, ?, ?, ?, ?, ?) , (?, 1, ?, ?, ?, ?, ?, ?, ?, ?, ?, ?) , (?, 1, ?, ?, ?, ?, ?, ?, ?, ?, ?, ?) , (?, 1, ?, ?, ?, ?, ?, ?, ?, ?, ?, ?) , (?, 1, ?, ?, ?, ?, ?, ?, ?, ?, ?, ?) , (?, 1, ?, ?, ?, ?, ?, ?, ?, ?, ?, ?) , (?, 1, ?, ?, ?, ?, ?, ?, ?, ?, ?, ?) 
10:48:05,653 [main] DEBUG org.activiti.engine.impl.persistence.entity.VariableInstanceEntity.bulkInsertVariableInstance  - ==&gt; Parameters: 6105(String), integer(String), var2979(String), 2504(String), 2504(String), null, null, null, 2979(Long), 2979(String), null, 6106(String), integer(String), var2981(String), 2504(String), 2504(String), null, null, null, 2981(Long), 2981(String), null, 6107(String), integer(String), var1650(String), 2504(String), 2504(String), null, null, null, 1650(Long), 1650(String), null, 6108(String), integer(String), var2980(String), 2504(String), 2504(String), null, null, null, 2980(Long), 2980(String), null, 6109(String), integer(String), var1653(String), 2504(String), 2504(String), null, null, null, 1653(Long), 1653(String), null, 6110(String), integer(String), var2985(String), 2504(String), 2504(String), null, null, null, 2985(Long), 2985(String), null, 6111(String), integer(String), var1654(String), 2504(String), 2504(String), null, null, null, 1654(Long), 1654(String), null, 6112(String), integer(String), var2984(String), 2504(String), 2504(String), null, null, null, 2984(Long), 2984(String), null, 6113(String), integer(String), var1651(String), 2504(String), 2504(String), null, null, null, 1651(Long), 1651(String), null, 6114(String), integer(String), var2983(String), 2504(String), 2504(String), null, null, null, 2983(Long), 2983(String), null, 6115(String), integer(String), var1652(String), 2504(String), 2504(String), null, null, null, 1652(Long), 1652(String), null, 6116(String), integer(String), var2982(String), 2504(String), 2504(String), null, null, null, 2982(Long), 2982(String), null, 6117(String), integer(String), var1657(String), 2504(String), 2504(String), null, null, null, 1657(Long), 1657(String), null, 6118(String), integer(String), var2989(String), 2504(String), 2504(String), null, null, null, 2989(Long), 2989(String), null, 6119(String), integer(String), var1658(String), 2504(String), 2504(String), null, null, null, 1658(Long), 1658(String), null, 6120(String), integer(String), var2988(String), 2504(String), 2504(String), null, null, null, 2988(Long), 2988(String), null, 6121(String), integer(String), var1655(String), 2504(String), 2504(String), null, null, null, 1655(Long), 1655(String), null, 6122(String), integer(String), var2987(String), 2504(String), 2504(String), null, null, null, 2987(Long), 2987(String), null, 6123(String), integer(String), var1656(String), 2504(String), 2504(String), null, null, null, 1656(Long), 1656(String), null, 6124(String), integer(String), var2986(String), 2504(String), 2504(String), null, null, null, 2986(Long), 2986(String), null, 6125(String), integer(String), var1659(String), 2504(String), 2504(String), null, null, null, 1659(Long), 1659(String), null, 6126(String), integer(String), var1660(String), 2504(String), 2504(String), null, null, null, 1660(Long), 1660(String), null, 6127(String), integer(String), var2992(String), 2504(String), 2504(String), null, null, null, 2992(Long), 2992(String), null, 6128(String), integer(String), var1661(String), 2504(String), 2504(String), null, null, null, 1661(Long), 1661(String), null, 6129(String), integer(String), var2991(String), 2504(String), 2504(String), null, null, null, 2991(Long), 2991(String), null, 6130(String), integer(String), var2990(String), 2504(String), 2504(String), null, null, null, 2990(Long), 2990(String), null, 6131(String), integer(String), var1664(String), 2504(String), 2504(String), null, null, null, 1664(Long), 1664(String), null, 6132(String), integer(String), var2996(String), 2504(String), 2504(String), null, null, null, 2996(Long), 2996(String), null, 6133(String), integer(String), var1665(String), 2504(String), 2504(String), null, null, null, 1665(Long), 1665(String), null, 6134(String), integer(String), var2995(String), 2504(String), 2504(String), null, null, null, 2995(Long), 2995(String), null, 6135(String), integer(String), var1662(String), 2504(String), 2504(String), null, null, null, 1662(Long), 1662(String), null, 6136(String), integer(String), var2994(String), 2504(String), 2504(String), null, null, null, 2994(Long), 2994(String), null, 6137(String), integer(String), var1663(String), 2504(String), 2504(String), null, null, null, 1663(Long), 1663(String), null, 6138(String), integer(String), var2993(String), 2504(String), 2504(String), null, null, null, 2993(Long), 2993(String), null, 6139(String), integer(String), var1668(String), 2504(String), 2504(String), null, null, null, 1668(Long), 1668(String), null, 6140(String), integer(String), var1669(String), 2504(String), 2504(String), null, null, null, 1669(Long), 1669(String), null, 6141(String), integer(String), var2999(String), 2504(String), 2504(String), null, null, null, 2999(Long), 2999(String), null, 6142(String), integer(String), var1666(String), 2504(String), 2504(String), null, null, null, 1666(Long), 1666(String), null, 6143(String), integer(String), var2998(String), 2504(String), 2504(String), null, null, null, 2998(Long), 2998(String), null, 6144(String), integer(String), var1667(String), 2504(String), 2504(String), null, null, null, 1667(Long), 1667(String), null, 6145(String), integer(String), var2997(String), 2504(String), 2504(String), null, null, null, 2997(Long), 2997(String), null, 6146(String), integer(String), var1671(String), 2504(String), 2504(String), null, null, null, 1671(Long), 1671(String), null, 6147(String), integer(String), var1672(String), 2504(String), 2504(String), null, null, null, 1672(Long), 1672(String), null, 6148(String), integer(String), var1670(String), 2504(String), 2504(String), null, null, null, 1670(Long), 1670(String), null, 6149(String), integer(String), var1675(String), 2504(String), 2504(String), null, null, null, 1675(Long), 1675(String), null, 6150(String), integer(String), var1676(String), 2504(String), 2504(String), null, null, null, 1676(Long), 1676(String), null, 6151(String), integer(String), var1673(String), 2504(String), 2504(String), null, null, null, 1673(Long), 1673(String), null, 6152(String), integer(String), var1674(String), 2504(String), 2504(String), null, null, null, 1674(Long), 1674(String), null, 6153(String), integer(String), var1679(String), 2504(String), 2504(String), null, null, null, 1679(Long), 1679(String), null, 6154(String), integer(String), var1677(String), 2504(String), 2504(String), null, null, null, 1677(Long), 1677(String), null, 6155(String), integer(String), var1678(String), 2504(String), 2504(String), null, null, null, 1678(Long), 1678(String), null, 6156(String), integer(String), var1682(String), 2504(String), 2504(String), null, null, null, 1682(Long), 1682(String), null, 6157(String), integer(String), var1683(String), 2504(String), 2504(String), null, null, null, 1683(Long), 1683(String), null, 6158(String), integer(String), var1680(String), 2504(String), 2504(String), null, null, null, 1680(Long), 1680(String), null, 6159(String), integer(String), var1681(String), 2504(String), 2504(String), null, null, null, 1681(Long), 1681(String), null, 6160(String), integer(String), var1686(String), 2504(String), 2504(String), null, null, null, 1686(Long), 1686(String), null, 6161(String), integer(String), var1687(String), 2504(String), 2504(String), null, null, null, 1687(Long), 1687(String), null, 6162(String), integer(String), var1684(String), 2504(String), 2504(String), null, null, null, 1684(Long), 1684(String), null, 6163(String), integer(String), var1685(String), 2504(String), 2504(String), null, null, null, 1685(Long), 1685(String), null, 6164(String), integer(String), var1688(String), 2504(String), 2504(String), null, null, null, 1688(Long), 1688(String), null, 6165(String), integer(String), var1689(String), 2504(String), 2504(String), null, null, null, 1689(Long), 1689(String), null, 6166(String), integer(String), var1690(String), 2504(String), 2504(String), null, null, null, 1690(Long), 1690(String), null, 6167(String), integer(String), var1693(String), 2504(String), 2504(String), null, null, null, 1693(Long), 1693(String), null, 6168(String), integer(String), var1694(String), 2504(String), 2504(String), null, null, null, 1694(Long), 1694(String), null, 6169(String), integer(String), var1691(String), 2504(String), 2504(String), null, null, null, 1691(Long), 1691(String), null, 6170(String), integer(String), var1692(String), 2504(String), 2504(String), null, null, null, 1692(Long), 1692(String), null, 6171(String), integer(String), var1697(String), 2504(String), 2504(String), null, null, null, 1697(Long), 1697(String), null, 6172(String), integer(String), var1698(String), 2504(String), 2504(String), null, null, null, 1698(Long), 1698(String), null, 6173(String), integer(String), var1695(String), 2504(String), 2504(String), null, null, null, 1695(Long), 1695(String), null, 6174(String), integer(String), var1696(String), 2504(String), 2504(String), null, null, null, 1696(Long), 1696(String), null, 6175(String), integer(String), var1699(String), 2504(String), 2504(String), null, null, null, 1699(Long), 1699(String), null, 6176(String), integer(String), var9(String), 2504(String), 2504(String), null, null, null, 9(Long), 9(String), null, 6177(String), integer(String), var8(String), 2504(String), 2504(String), null, null, null, 8(Long), 8(String), null, 6178(String), integer(String), var7(String), 2504(String), 2504(String), null, null, null, 7(Long), 7(String), null, 6179(String), integer(String), var3403(String), 2504(String), 2504(String), null, null, null, 3403(Long), 3403(String), null, 6180(String), integer(String), var3402(String), 2504(String), 2504(String), null, null, null, 3402(Long), 3402(String), null, 6181(String), integer(String), var3401(String), 2504(String), 2504(String), null, null, null, 3401(Long), 3401(String), null, 6182(String), integer(String), var3400(String), 2504(String), 2504(String), null, null, null, 3400(Long), 3400(String), null, 6183(String), integer(String), var3407(String), 2504(String), 2504(String), null, null, null, 3407(Long), 3407(String), null, 6184(String), integer(String), var3406(String), 2504(String), 2504(String), null, null, null, 3406(Long), 3406(String), null, 6185(String), integer(String), var3405(String), 2504(String), 2504(String), null, null, null, 3405(Long), 3405(String), null, 6186(String), integer(String), var3404(String), 2504(String), 2504(String), null, null, null, 3404(Long), 3404(String), null, 6187(String), integer(String), var3409(String), 2504(String), 2504(String), null, null, null, 3409(Long), 3409(String), null, 6188(String), integer(String), var3408(String), 2504(String), 2504(String), null, null, null, 3408(Long), 3408(String), null, 6189(String), integer(String), var6(String), 2504(String), 2504(String), null, null, null, 6(Long), 6(String), null, 6190(String), integer(String), var5(String), 2504(String), 2504(String), null, null, null, 5(Long), 5(String), null, 6191(String), integer(String), var4(String), 2504(String), 2504(String), null, null, null, 4(Long), 4(String), null, 6192(String), integer(String), var3(String), 2504(String), 2504(String), null, null, null, 3(Long), 3(String), null, 6193(String), integer(String), var2(String), 2504(String), 2504(String), null, null, null, 2(Long), 2(String), null, 6194(String), integer(String), var1(String), 2504(String), 2504(String), null, null, null, 1(Long), 1(String), null, 6195(String), integer(String), var0(String), 2504(String), 2504(String), null, null, null, 0(Long), 0(String), null, 6196(String), integer(String), var3410(String), 2504(String), 2504(String), null, null, null, 3410(Long), 3410(String), null, 6197(String), integer(String), var3414(String), 2504(String), 2504(String), null, null, null, 3414(Long), 3414(String), null, 6198(String), integer(String), var3413(String), 2504(String), 2504(String), null, null, null, 3413(Long), 3413(String), null, 6199(String), integer(String), var3412(String), 2504(String), 2504(String), null, null, null, 3412(Long), 3412(String), null, 6200(String), integer(String), var3411(String), 2504(String), 2504(String), null, null, null, 3411(Long), 3411(String), null, 6201(String), integer(String), var3418(String), 2504(String), 2504(String), null, null, null, 3418(Long), 3418(String), null, 6202(String), integer(String), var3417(String), 2504(String), 2504(String), null, null, null, 3417(Long), 3417(String), null, 6203(String), integer(String), var3416(String), 2504(String), 2504(String), null, null, null, 3416(Long), 3416(String), null, 6204(String), integer(String), var3415(String), 2504(String), 2504(String), null, null, null, 3415(Long), 3415(String), null
10:48:05,653 [main] DEBUG org.activiti.engine.impl.persistence.entity.VariableInstanceEntity.bulkInsertVariableInstance  - &lt;==    Updates: 100
10:48:05,657 [main] DEBUG org.activiti.engine.impl.persistence.entity.VariableInstanceEntity.bulkInsertVariableInstance  - ==&gt;  Preparing: INSERT INTO ACT_RU_VARIABLE (ID_, REV_, TYPE_, NAME_, PROC_INST_ID_, EXECUTION_ID_, TASK_ID_, BYTEARRAY_ID_, DOUBLE_, LONG_ , TEXT_, TEXT2_) VALUES (?, 1, ?, ?, ?, ?, ?, ?, ?, ?, ?, ?) , (?, 1, ?, ?, ?, ?, ?, ?, ?, ?, ?, ?) , (?, 1, ?, ?, ?, ?, ?, ?, ?, ?, ?, ?) , (?, 1, ?, ?, ?, ?, ?, ?, ?, ?, ?, ?) , (?, 1, ?, ?, ?, ?, ?, ?, ?, ?, ?, ?) , (?, 1, ?, ?, ?, ?, ?, ?, ?, ?, ?, ?) , (?, 1, ?, ?, ?, ?, ?, ?, ?, ?, ?, ?) , (?, 1, ?, ?, ?, ?, ?, ?, ?, ?, ?, ?) , (?, 1, ?, ?, ?, ?, ?, ?, ?, ?, ?, ?) , (?, 1, ?, ?, ?, ?, ?, ?, ?, ?, ?, ?) , (?, 1, ?, ?, ?, ?, ?, ?, ?, ?, ?, ?) , (?, 1, ?, ?, ?, ?, ?, ?, ?, ?, ?, ?) , (?, 1, ?, ?, ?, ?, ?, ?, ?, ?, ?, ?) , (?, 1, ?, ?, ?, ?, ?, ?, ?, ?, ?, ?) , (?, 1, ?, ?, ?, ?, ?, ?, ?, ?, ?, ?) , (?, 1, ?, ?, ?, ?, ?, ?, ?, ?, ?, ?) , (?, 1, ?, ?, ?, ?, ?, ?, ?, ?, ?, ?) , (?, 1, ?, ?, ?, ?, ?, ?, ?, ?, ?, ?) , (?, 1, ?, ?, ?, ?, ?, ?, ?, ?, ?, ?) , (?, 1, ?, ?, ?, ?, ?, ?, ?, ?, ?, ?) , (?, 1, ?, ?, ?, ?, ?, ?, ?, ?, ?, ?) , (?, 1, ?, ?, ?, ?, ?, ?, ?, ?, ?, ?) , (?, 1, ?, ?, ?, ?, ?, ?, ?, ?, ?, ?) , (?, 1, ?, ?, ?, ?, ?, ?, ?, ?, ?, ?) , (?, 1, ?, ?, ?, ?, ?, ?, ?, ?, ?, ?) , (?, 1, ?, ?, ?, ?, ?, ?, ?, ?, ?, ?) , (?, 1, ?, ?, ?, ?, ?, ?, ?, ?, ?, ?) , (?, 1, ?, ?, ?, ?, ?, ?, ?, ?, ?, ?) , (?, 1, ?, ?, ?, ?, ?, ?, ?, ?, ?, ?) , (?, 1, ?, ?, ?, ?, ?, ?, ?, ?, ?, ?) , (?, 1, ?, ?, ?, ?, ?, ?, ?, ?, ?, ?) , (?, 1, ?, ?, ?, ?, ?, ?, ?, ?, ?, ?) , (?, 1, ?, ?, ?, ?, ?, ?, ?, ?, ?, ?) , (?, 1, ?, ?, ?, ?, ?, ?, ?, ?, ?, ?) , (?, 1, ?, ?, ?, ?, ?, ?, ?, ?, ?, ?) , (?, 1, ?, ?, ?, ?, ?, ?, ?, ?, ?, ?) , (?, 1, ?, ?, ?, ?, ?, ?, ?, ?, ?, ?) , (?, 1, ?, ?, ?, ?, ?, ?, ?, ?, ?, ?) , (?, 1, ?, ?, ?, ?, ?, ?, ?, ?, ?, ?) , (?, 1, ?, ?, ?, ?, ?, ?, ?, ?, ?, ?) , (?, 1, ?, ?, ?, ?, ?, ?, ?, ?, ?, ?) , (?, 1, ?, ?, ?, ?, ?, ?, ?, ?, ?, ?) , (?, 1, ?, ?, ?, ?, ?, ?, ?, ?, ?, ?) , (?, 1, ?, ?, ?, ?, ?, ?, ?, ?, ?, ?) , (?, 1, ?, ?, ?, ?, ?, ?, ?, ?, ?, ?) , (?, 1, ?, ?, ?, ?, ?, ?, ?, ?, ?, ?) , (?, 1, ?, ?, ?, ?, ?, ?, ?, ?, ?, ?) , (?, 1, ?, ?, ?, ?, ?, ?, ?, ?, ?, ?) , (?, 1, ?, ?, ?, ?, ?, ?, ?, ?, ?, ?) , (?, 1, ?, ?, ?, ?, ?, ?, ?, ?, ?, ?) , (?, 1, ?, ?, ?, ?, ?, ?, ?, ?, ?, ?) , (?, 1, ?, ?, ?, ?, ?, ?, ?, ?, ?, ?) , (?, 1, ?, ?, ?, ?, ?, ?, ?, ?, ?, ?) , (?, 1, ?, ?, ?, ?, ?, ?, ?, ?, ?, ?) , (?, 1, ?, ?, ?, ?, ?, ?, ?, ?, ?, ?) , (?, 1, ?, ?, ?, ?, ?, ?, ?, ?, ?, ?) , (?, 1, ?, ?, ?, ?, ?, ?, ?, ?, ?, ?) , (?, 1, ?, ?, ?, ?, ?, ?, ?, ?, ?, ?) , (?, 1, ?, ?, ?, ?, ?, ?, ?, ?, ?, ?) , (?, 1, ?, ?, ?, ?, ?, ?, ?, ?, ?, ?) , (?, 1, ?, ?, ?, ?, ?, ?, ?, ?, ?, ?) , (?, 1, ?, ?, ?, ?, ?, ?, ?, ?, ?, ?) , (?, 1, ?, ?, ?, ?, ?, ?, ?, ?, ?, ?) , (?, 1, ?, ?, ?, ?, ?, ?, ?, ?, ?, ?) , (?, 1, ?, ?, ?, ?, ?, ?, ?, ?, ?, ?) , (?, 1, ?, ?, ?, ?, ?, ?, ?, ?, ?, ?) , (?, 1, ?, ?, ?, ?, ?, ?, ?, ?, ?, ?) , (?, 1, ?, ?, ?, ?, ?, ?, ?, ?, ?, ?) , (?, 1, ?, ?, ?, ?, ?, ?, ?, ?, ?, ?) , (?, 1, ?, ?, ?, ?, ?, ?, ?, ?, ?, ?) , (?, 1, ?, ?, ?, ?, ?, ?, ?, ?, ?, ?) , (?, 1, ?, ?, ?, ?, ?, ?, ?, ?, ?, ?) , (?, 1, ?, ?, ?, ?, ?, ?, ?, ?, ?, ?) , (?, 1, ?, ?, ?, ?, ?, ?, ?, ?, ?, ?) , (?, 1, ?, ?, ?, ?, ?, ?, ?, ?, ?, ?) , (?, 1, ?, ?, ?, ?, ?, ?, ?, ?, ?, ?) , (?, 1, ?, ?, ?, ?, ?, ?, ?, ?, ?, ?) , (?, 1, ?, ?, ?, ?, ?, ?, ?, ?, ?, ?) , (?, 1, ?, ?, ?, ?, ?, ?, ?, ?, ?, ?) , (?, 1, ?, ?, ?, ?, ?, ?, ?, ?, ?, ?) , (?, 1, ?, ?, ?, ?, ?, ?, ?, ?, ?, ?) , (?, 1, ?, ?, ?, ?, ?, ?, ?, ?, ?, ?) , (?, 1, ?, ?, ?, ?, ?, ?, ?, ?, ?, ?) , (?, 1, ?, ?, ?, ?, ?, ?, ?, ?, ?, ?) , (?, 1, ?, ?, ?, ?, ?, ?, ?, ?, ?, ?) , (?, 1, ?, ?, ?, ?, ?, ?, ?, ?, ?, ?) , (?, 1, ?, ?, ?, ?, ?, ?, ?, ?, ?, ?) , (?, 1, ?, ?, ?, ?, ?, ?, ?, ?, ?, ?) , (?, 1, ?, ?, ?, ?, ?, ?, ?, ?, ?, ?) , (?, 1, ?, ?, ?, ?, ?, ?, ?, ?, ?, ?) , (?, 1, ?, ?, ?, ?, ?, ?, ?, ?, ?, ?) , (?, 1, ?, ?, ?, ?, ?, ?, ?, ?, ?, ?) , (?, 1, ?, ?, ?, ?, ?, ?, ?, ?, ?, ?) , (?, 1, ?, ?, ?, ?, ?, ?, ?, ?, ?, ?) , (?, 1, ?, ?, ?, ?, ?, ?, ?, ?, ?, ?) , (?, 1, ?, ?, ?, ?, ?, ?, ?, ?, ?, ?) , (?, 1, ?, ?, ?, ?, ?, ?, ?, ?, ?, ?) , (?, 1, ?, ?, ?, ?, ?, ?, ?, ?, ?, ?) , (?, 1, ?, ?, ?, ?, ?, ?, ?, ?, ?, ?) , (?, 1, ?, ?, ?, ?, ?, ?, ?, ?, ?, ?) 
10:48:05,659 [Thread-105] DEBUG org.activiti.engine.impl.asyncexecutor.AcquireTimerJobsRunnable  - timer job acquisition thread woke up
10:48:05,660 [Thread-105] DEBUG org.activiti.engine.impl.interceptor.LogInterceptor  - 

10:48:05,661 [Thread-112] DEBUG org.activiti.engine.impl.asyncexecutor.AcquireAsyncJobsDueRunnable  - async job acquisition thread woke up
10:48:05,661 [Thread-112] DEBUG org.activiti.engine.impl.interceptor.LogInterceptor  - 

10:48:05,661 [Thread-112] DEBUG org.activiti.engine.impl.interceptor.LogInterceptor  - --- starting AcquireAsyncJobsDueCmd --------------------------------------------------------
10:48:05,660 [Thread-103] DEBUG org.activiti.engine.impl.asyncexecutor.AcquireAsyncJobsDueRunnable  - async job acquisition thread woke up
10:48:05,661 [Thread-103] DEBUG org.activiti.engine.impl.interceptor.LogInterceptor  - 

10:48:05,661 [Thread-103] DEBUG org.activiti.engine.impl.interceptor.LogInterceptor  - --- starting AcquireAsyncJobsDueCmd --------------------------------------------------------
10:48:05,661 [Thread-103] DEBUG org.apache.ibatis.transaction.jdbc.JdbcTransaction  - Opening JDBC Connection
10:48:05,661 [Thread-103] DEBUG org.apache.ibatis.datasource.pooled.PooledDataSource  - Checked out connection 33534803 from pool.
10:48:05,662 [Thread-103] DEBUG org.apache.ibatis.transaction.jdbc.JdbcTransaction  - Setting autocommit to false on JDBC Connection [conn60: url=jdbc:h2:mem:activiti-AsyncExecutorTest user=SA]
10:48:05,659 [Thread-106] DEBUG org.activiti.engine.impl.asyncexecutor.AcquireAsyncJobsDueRunnable  - async job acquisition thread woke up
10:48:05,662 [Thread-106] DEBUG org.activiti.engine.impl.interceptor.LogInterceptor  - 

10:48:05,662 [Thread-106] DEBUG org.activiti.engine.impl.interceptor.LogInterceptor  - --- starting AcquireAsyncJobsDueCmd --------------------------------------------------------
10:48:05,662 [Thread-106] DEBUG org.apache.ibatis.transaction.jdbc.JdbcTransaction  - Opening JDBC Connection
10:48:05,662 [Thread-106] DEBUG org.apache.ibatis.datasource.pooled.PooledDataSource  - Checked out connection 996762054 from pool.
10:48:05,662 [Thread-106] DEBUG org.apache.ibatis.transaction.jdbc.JdbcTransaction  - Setting autocommit to false on JDBC Connection [conn65: url=jdbc:h2:mem:activiti-AsyncExecutorTest user=SA]
10:48:05,662 [Thread-106] DEBUG org.activiti.engine.impl.persistence.entity.JobEntity.selectAsyncJobsDueToExecute  - ==&gt;  Preparing: select RES.* from ACT_RU_JOB RES LEFT OUTER JOIN ACT_RU_EXECUTION PI ON PI.ID_ = RES.PROCESS_INSTANCE_ID_ where RES.RETRIES_ &gt; 0 and RES.DUEDATE_ is not null and RES.DUEDATE_ &lt;= ? and (RES.LOCK_EXP_TIME_ is null or RES.LOCK_EXP_TIME_ &lt;= ?) and TYPE_ = &apos;message&apos; and ( (RES.EXECUTION_ID_ is null) or (PI.SUSPENSION_STATE_ = 1) ) LIMIT ? OFFSET ? 
10:48:05,662 [Thread-106] DEBUG org.activiti.engine.impl.persistence.entity.JobEntity.selectAsyncJobsDueToExecute  - ==&gt; Parameters: 2023-03-20 10:48:05.662(Timestamp), 2023-03-20 10:48:05.662(Timestamp), 1(Integer), 0(Integer)
10:48:05,662 [Thread-106] DEBUG org.activiti.engine.impl.persistence.entity.JobEntity.selectAsyncJobsDueToExecute  - &lt;==      Total: 0
10:48:05,662 [Thread-106] DEBUG org.activiti.engine.impl.db.DbSqlSession  - flush summary: 0 insert, 0 update, 0 delete.
10:48:05,662 [Thread-106] DEBUG org.activiti.engine.impl.db.DbSqlSession  - now executing flush...
10:48:05,662 [Thread-106] DEBUG org.activiti.engine.impl.cfg.standalone.StandaloneMybatisTransactionContext  - firing event committing...
10:48:05,662 [Thread-106] DEBUG org.activiti.engine.impl.cfg.standalone.StandaloneMybatisTransactionContext  - committing the ibatis sql session...
10:48:05,662 [Thread-106] DEBUG org.activiti.engine.impl.cfg.standalone.StandaloneMybatisTransactionContext  - firing event committed...
10:48:05,662 [Thread-106] DEBUG org.apache.ibatis.transaction.jdbc.JdbcTransaction  - Resetting autocommit to true on JDBC Connection [conn65: url=jdbc:h2:mem:activiti-AsyncExecutorTest user=SA]
10:48:05,662 [Thread-106] DEBUG org.apache.ibatis.transaction.jdbc.JdbcTransaction  - Closing JDBC Connection [conn65: url=jdbc:h2:mem:activiti-AsyncExecutorTest user=SA]
10:48:05,662 [Thread-106] DEBUG org.apache.ibatis.datasource.pooled.PooledDataSource  - Returned connection 996762054 to pool.
10:48:05,662 [Thread-106] DEBUG org.activiti.engine.impl.interceptor.LogInterceptor  - --- AcquireAsyncJobsDueCmd finished --------------------------------------------------------
10:48:05,662 [Thread-106] DEBUG org.activiti.engine.impl.interceptor.LogInterceptor  - 

10:48:05,662 [Thread-106] DEBUG org.activiti.engine.impl.asyncexecutor.AcquireAsyncJobsDueRunnable  - async job acquisition thread sleeping for 50 millis
10:48:05,661 [main] DEBUG org.activiti.engine.impl.persistence.entity.VariableInstanceEntity.bulkInsertVariableInstance  - ==&gt; Parameters: 6205(String), integer(String), var3419(String), 2504(String), 2504(String), null, null, null, 3419(Long), 3419(String), null, 6206(String), integer(String), var3300(String), 2504(String), 2504(String), null, null, null, 3300(Long), 3300(String), null, 6207(String), integer(String), var3304(String), 2504(String), 2504(String), null, null, null, 3304(Long), 3304(String), null, 6208(String), integer(String), var3303(String), 2504(String), 2504(String), null, null, null, 3303(Long), 3303(String), null, 6209(String), integer(String), var3302(String), 2504(String), 2504(String), null, null, null, 3302(Long), 3302(String), null, 6210(String), integer(String), var3301(String), 2504(String), 2504(String), null, null, null, 3301(Long), 3301(String), null, 6211(String), integer(String), var3308(String), 2504(String), 2504(String), null, null, null, 3308(Long), 3308(String), null, 6212(String), integer(String), var3307(String), 2504(String), 2504(String), null, null, null, 3307(Long), 3307(String), null, 6213(String), integer(String), var3306(String), 2504(String), 2504(String), null, null, null, 3306(Long), 3306(String), null, 6214(String), integer(String), var3305(String), 2504(String), 2504(String), null, null, null, 3305(Long), 3305(String), null, 6215(String), integer(String), var3309(String), 2504(String), 2504(String), null, null, null, 3309(Long), 3309(String), null, 6216(String), integer(String), var3311(String), 2504(String), 2504(String), null, null, null, 3311(Long), 3311(String), null, 6217(String), integer(String), var3310(String), 2504(String), 2504(String), null, null, null, 3310(Long), 3310(String), null, 6218(String), integer(String), var3315(String), 2504(String), 2504(String), null, null, null, 3315(Long), 3315(String), null, 6219(String), integer(String), var3314(String), 2504(String), 2504(String), null, null, null, 3314(Long), 3314(String), null, 6220(String), integer(String), var3313(String), 2504(String), 2504(String), null, null, null, 3313(Long), 3313(String), null, 6221(String), integer(String), var3312(String), 2504(String), 2504(String), null, null, null, 3312(Long), 3312(String), null, 6222(String), integer(String), var3319(String), 2504(String), 2504(String), null, null, null, 3319(Long), 3319(String), null, 6223(String), integer(String), var3318(String), 2504(String), 2504(String), null, null, null, 3318(Long), 3318(String), null, 6224(String), integer(String), var3317(String), 2504(String), 2504(String), null, null, null, 3317(Long), 3317(String), null, 6225(String), integer(String), var3316(String), 2504(String), 2504(String), null, null, null, 3316(Long), 3316(String), null, 6226(String), integer(String), var3322(String), 2504(String), 2504(String), null, null, null, 3322(Long), 3322(String), null, 6227(String), integer(String), var3321(String), 2504(String), 2504(String), null, null, null, 3321(Long), 3321(String), null, 6228(String), integer(String), var3320(String), 2504(String), 2504(String), null, null, null, 3320(Long), 3320(String), null, 6229(String), integer(String), var3326(String), 2504(String), 2504(String), null, null, null, 3326(Long), 3326(String), null, 6230(String), integer(String), var3325(String), 2504(String), 2504(String), null, null, null, 3325(Long), 3325(String), null, 6231(String), integer(String), var3324(String), 2504(String), 2504(String), null, null, null, 3324(Long), 3324(String), null, 6232(String), integer(String), var3323(String), 2504(String), 2504(String), null, null, null, 3323(Long), 3323(String), null, 6233(String), integer(String), var3329(String), 2504(String), 2504(String), null, null, null, 3329(Long), 3329(String), null, 6234(String), integer(String), var3328(String), 2504(String), 2504(String), null, null, null, 3328(Long), 3328(String), null, 6235(String), integer(String), var3327(String), 2504(String), 2504(String), null, null, null, 3327(Long), 3327(String), null, 6236(String), integer(String), var2002(String), 2504(String), 2504(String), null, null, null, 2002(Long), 2002(String), null, 6237(String), integer(String), var3333(String), 2504(String), 2504(String), null, null, null, 3333(Long), 3333(String), null, 6238(String), integer(String), var2001(String), 2504(String), 2504(String), null, null, null, 2001(Long), 2001(String), null, 6239(String), integer(String), var3332(String), 2504(String), 2504(String), null, null, null, 3332(Long), 3332(String), null, 6240(String), integer(String), var2000(String), 2504(String), 2504(String), null, null, null, 2000(Long), 2000(String), null, 6241(String), integer(String), var3331(String), 2504(String), 2504(String), null, null, null, 3331(Long), 3331(String), null, 6242(String), integer(String), var3330(String), 2504(String), 2504(String), null, null, null, 3330(Long), 3330(String), null, 6243(String), integer(String), var996(String), 2504(String), 2504(String), null, null, null, 996(Long), 996(String), null, 6244(String), integer(String), var2006(String), 2504(String), 2504(String), null, null, null, 2006(Long), 2006(String), null, 6245(String), integer(String), var3337(String), 2504(String), 2504(String), null, null, null, 3337(Long), 3337(String), null, 6246(String), integer(String), var995(String), 2504(String), 2504(String), null, null, null, 995(Long), 995(String), null, 6247(String), integer(String), var2005(String), 2504(String), 2504(String), null, null, null, 2005(Long), 2005(String), null, 6248(String), integer(String), var3336(String), 2504(String), 2504(String), null, null, null, 3336(Long), 3336(String), null, 6249(String), integer(String), var994(String), 2504(String), 2504(String), null, null, null, 994(Long), 994(String), null, 6250(String), integer(String), var2004(String), 2504(String), 2504(String), null, null, null, 2004(Long), 2004(String), null, 6251(String), integer(String), var3335(String), 2504(String), 2504(String), null, null, null, 3335(Long), 3335(String), null, 6252(String), integer(String), var993(String), 2504(String), 2504(String), null, null, null, 993(Long), 993(String), null, 6253(String), integer(String), var2003(String), 2504(String), 2504(String), null, null, null, 2003(Long), 2003(String), null, 6254(String), integer(String), var3334(String), 2504(String), 2504(String), null, null, null, 3334(Long), 3334(String), null, 6255(String), integer(String), var992(String), 2504(String), 2504(String), null, null, null, 992(Long), 992(String), null, 6256(String), integer(String), var991(String), 2504(String), 2504(String), null, null, null, 991(Long), 991(String), null, 6257(String), integer(String), var2009(String), 2504(String), 2504(String), null, null, null, 2009(Long), 2009(String), null, 6258(String), integer(String), var990(String), 2504(String), 2504(String), null, null, null, 990(Long), 990(String), null, 6259(String), integer(String), var2008(String), 2504(String), 2504(String), null, null, null, 2008(Long), 2008(String), null, 6260(String), integer(String), var3339(String), 2504(String), 2504(String), null, null, null, 3339(Long), 3339(String), null, 6261(String), integer(String), var2007(String), 2504(String), 2504(String), null, null, null, 2007(Long), 2007(String), null, 6262(String), integer(String), var3338(String), 2504(String), 2504(String), null, null, null, 3338(Long), 3338(String), null, 6263(String), integer(String), var999(String), 2504(String), 2504(String), null, null, null, 999(Long), 999(String), null, 6264(String), integer(String), var998(String), 2504(String), 2504(String), null, null, null, 998(Long), 998(String), null, 6265(String), integer(String), var997(String), 2504(String), 2504(String), null, null, null, 997(Long), 997(String), null, 6266(String), integer(String), var3340(String), 2504(String), 2504(String), null, null, null, 3340(Long), 3340(String), null, 6267(String), integer(String), var2013(String), 2504(String), 2504(String), null, null, null, 2013(Long), 2013(String), null, 6268(String), integer(String), var3344(String), 2504(String), 2504(String), null, null, null, 3344(Long), 3344(String), null, 6269(String), integer(String), var2012(String), 2504(String), 2504(String), null, null, null, 2012(Long), 2012(String), null, 6270(String), integer(String), var3343(String), 2504(String), 2504(String), null, null, null, 3343(Long), 3343(String), null, 6271(String), integer(String), var2011(String), 2504(String), 2504(String), null, null, null, 2011(Long), 2011(String), null, 6272(String), integer(String), var3342(String), 2504(String), 2504(String), null, null, null, 3342(Long), 3342(String), null, 6273(String), integer(String), var2010(String), 2504(String), 2504(String), null, null, null, 2010(Long), 2010(String), null, 6274(String), integer(String), var3341(String), 2504(String), 2504(String), null, null, null, 3341(Long), 3341(String), null, 6275(String), integer(String), var985(String), 2504(String), 2504(String), null, null, null, 985(Long), 985(String), null, 6276(String), integer(String), var2017(String), 2504(String), 2504(String), null, null, null, 2017(Long), 2017(String), null, 6277(String), integer(String), var3348(String), 2504(String), 2504(String), null, null, null, 3348(Long), 3348(String), null, 6278(String), integer(String), var984(String), 2504(String), 2504(String), null, null, null, 984(Long), 984(String), null, 6279(String), integer(String), var2016(String), 2504(String), 2504(String), null, null, null, 2016(Long), 2016(String), null, 6280(String), integer(String), var3347(String), 2504(String), 2504(String), null, null, null, 3347(Long), 3347(String), null, 6281(String), integer(String), var983(String), 2504(String), 2504(String), null, null, null, 983(Long), 983(String), null, 6282(String), integer(String), var2015(String), 2504(String), 2504(String), null, null, null, 2015(Long), 2015(String), null, 6283(String), integer(String), var3346(String), 2504(String), 2504(String), null, null, null, 3346(Long), 3346(String), null, 6284(String), integer(String), var982(String), 2504(String), 2504(String), null, null, null, 982(Long), 982(String), null, 6285(String), integer(String), var2014(String), 2504(String), 2504(String), null, null, null, 2014(Long), 2014(String), null, 6286(String), integer(String), var3345(String), 2504(String), 2504(String), null, null, null, 3345(Long), 3345(String), null, 6287(String), integer(String), var981(String), 2504(String), 2504(String), null, null, null, 981(Long), 981(String), null, 6288(String), integer(String), var980(String), 2504(String), 2504(String), null, null, null, 980(Long), 980(String), null, 6289(String), integer(String), var2019(String), 2504(String), 2504(String), null, null, null, 2019(Long), 2019(String), null, 6290(String), integer(String), var2018(String), 2504(String), 2504(String), null, null, null, 2018(Long), 2018(String), null, 6291(String), integer(String), var3349(String), 2504(String), 2504(String), null, null, null, 3349(Long), 3349(String), null, 6292(String), integer(String), var989(String), 2504(String), 2504(String), null, null, null, 989(Long), 989(String), null, 6293(String), integer(String), var988(String), 2504(String), 2504(String), null, null, null, 988(Long), 988(String), null, 6294(String), integer(String), var987(String), 2504(String), 2504(String), null, null, null, 987(Long), 987(String), null, 6295(String), integer(String), var986(String), 2504(String), 2504(String), null, null, null, 986(Long), 986(String), null, 6296(String), integer(String), var2020(String), 2504(String), 2504(String), null, null, null, 2020(Long), 2020(String), null, 6297(String), integer(String), var3351(String), 2504(String), 2504(String), null, null, null, 3351(Long), 3351(String), null, 6298(String), integer(String), var3350(String), 2504(String), 2504(String), null, null, null, 3350(Long), 3350(String), null, 6299(String), integer(String), var2024(String), 2504(String), 2504(String), null, null, null, 2024(Long), 2024(String), null, 6300(String), integer(String), var3355(String), 2504(String), 2504(String), null, null, null, 3355(Long), 3355(String), null, 6301(String), integer(String), var2023(String), 2504(String), 2504(String), null, null, null, 2023(Long), 2023(String), null, 6302(String), integer(String), var3354(String), 2504(String), 2504(String), null, null, null, 3354(Long), 3354(String), null, 6303(String), integer(String), var2022(String), 2504(String), 2504(String), null, null, null, 2022(Long), 2022(String), null, 6304(String), integer(String), var3353(String), 2504(String), 2504(String), null, null, null, 3353(Long), 3353(String), null
10:48:05,663 [main] DEBUG org.activiti.engine.impl.persistence.entity.VariableInstanceEntity.bulkInsertVariableInstance  - &lt;==    Updates: 100
10:48:05,662 [Thread-103] DEBUG org.activiti.engine.impl.persistence.entity.JobEntity.selectAsyncJobsDueToExecute  - ==&gt;  Preparing: select RES.* from ACT_RU_JOB RES LEFT OUTER JOIN ACT_RU_EXECUTION PI ON PI.ID_ = RES.PROCESS_INSTANCE_ID_ where RES.RETRIES_ &gt; 0 and RES.DUEDATE_ is not null and RES.DUEDATE_ &lt;= ? and (RES.LOCK_EXP_TIME_ is null or RES.LOCK_EXP_TIME_ &lt;= ?) and TYPE_ = &apos;message&apos; and ( (RES.EXECUTION_ID_ is null) or (PI.SUSPENSION_STATE_ = 1) ) LIMIT ? OFFSET ? 
10:48:05,670 [Thread-103] DEBUG org.activiti.engine.impl.persistence.entity.JobEntity.selectAsyncJobsDueToExecute  - ==&gt; Parameters: 2023-03-20 10:48:05.661(Timestamp), 2023-03-20 10:48:05.661(Timestamp), 1(Integer), 0(Integer)
10:48:05,670 [Thread-103] DEBUG org.activiti.engine.impl.persistence.entity.JobEntity.selectAsyncJobsDueToExecute  - &lt;==      Total: 0
10:48:05,670 [Thread-103] DEBUG org.activiti.engine.impl.db.DbSqlSession  - flush summary: 0 insert, 0 update, 0 delete.
10:48:05,670 [Thread-103] DEBUG org.activiti.engine.impl.db.DbSqlSession  - now executing flush...
10:48:05,670 [Thread-103] DEBUG org.activiti.engine.impl.cfg.standalone.StandaloneMybatisTransactionContext  - firing event committing...
10:48:05,670 [Thread-103] DEBUG org.activiti.engine.impl.cfg.standalone.StandaloneMybatisTransactionContext  - committing the ibatis sql session...
10:48:05,670 [Thread-103] DEBUG org.activiti.engine.impl.cfg.standalone.StandaloneMybatisTransactionContext  - firing event committed...
10:48:05,670 [Thread-103] DEBUG org.apache.ibatis.transaction.jdbc.JdbcTransaction  - Resetting autocommit to true on JDBC Connection [conn60: url=jdbc:h2:mem:activiti-AsyncExecutorTest user=SA]
10:48:05,670 [Thread-103] DEBUG org.apache.ibatis.transaction.jdbc.JdbcTransaction  - Closing JDBC Connection [conn60: url=jdbc:h2:mem:activiti-AsyncExecutorTest user=SA]
10:48:05,670 [Thread-103] DEBUG org.apache.ibatis.datasource.pooled.PooledDataSource  - Returned connection 33534803 to pool.
10:48:05,670 [Thread-103] DEBUG org.activiti.engine.impl.interceptor.LogInterceptor  - --- AcquireAsyncJobsDueCmd finished --------------------------------------------------------
10:48:05,670 [Thread-103] DEBUG org.activiti.engine.impl.interceptor.LogInterceptor  - 

10:48:05,670 [Thread-103] DEBUG org.activiti.engine.impl.asyncexecutor.AcquireAsyncJobsDueRunnable  - async job acquisition thread sleeping for 50 millis
10:48:05,661 [Thread-112] DEBUG org.apache.ibatis.transaction.jdbc.JdbcTransaction  - Opening JDBC Connection
10:48:05,670 [Thread-112] DEBUG org.apache.ibatis.datasource.pooled.PooledDataSource  - Checked out connection 58501658 from pool.
10:48:05,670 [Thread-112] DEBUG org.apache.ibatis.transaction.jdbc.JdbcTransaction  - Setting autocommit to false on JDBC Connection [conn68: url=jdbc:h2:mem:activiti-AsyncExecutorTest user=SA]
10:48:05,671 [Thread-112] DEBUG org.activiti.engine.impl.persistence.entity.JobEntity.selectAsyncJobsDueToExecute  - ==&gt;  Preparing: select RES.* from ACT_RU_JOB RES LEFT OUTER JOIN ACT_RU_EXECUTION PI ON PI.ID_ = RES.PROCESS_INSTANCE_ID_ where RES.RETRIES_ &gt; 0 and RES.DUEDATE_ is not null and RES.DUEDATE_ &lt;= ? and (RES.LOCK_EXP_TIME_ is null or RES.LOCK_EXP_TIME_ &lt;= ?) and TYPE_ = &apos;message&apos; and ( (RES.EXECUTION_ID_ is null) or (PI.SUSPENSION_STATE_ = 1) ) LIMIT ? OFFSET ? 
10:48:05,661 [Thread-105] DEBUG org.activiti.engine.impl.interceptor.LogInterceptor  - --- starting AcquireTimerJobsCmd --------------------------------------------------------
10:48:05,671 [Thread-105] DEBUG org.apache.ibatis.transaction.jdbc.JdbcTransaction  - Opening JDBC Connection
10:48:05,671 [Thread-105] DEBUG org.apache.ibatis.datasource.pooled.PooledDataSource  - Checked out connection 54468349 from pool.
10:48:05,671 [Thread-105] DEBUG org.apache.ibatis.transaction.jdbc.JdbcTransaction  - Setting autocommit to false on JDBC Connection [conn64: url=jdbc:h2:mem:activiti-AsyncExecutorTest user=SA]
10:48:05,671 [Thread-105] DEBUG org.activiti.engine.impl.persistence.entity.JobEntity.selectNextTimerJobsToExecute  - ==&gt;  Preparing: select RES.* from ACT_RU_JOB RES LEFT OUTER JOIN ACT_RU_EXECUTION PI ON PI.ID_ = RES.PROCESS_INSTANCE_ID_ where (RES.RETRIES_ &gt; 0) and (RES.DUEDATE_ is null or RES.DUEDATE_ &lt;= ?) and (RES.LOCK_OWNER_ is null or RES.LOCK_EXP_TIME_ &lt;= ?) and TYPE_ = &apos;timer&apos; and ( (RES.EXECUTION_ID_ is null) or (PI.SUSPENSION_STATE_ = 1) ) LIMIT ? OFFSET ? 
10:48:05,671 [Thread-105] DEBUG org.activiti.engine.impl.persistence.entity.JobEntity.selectNextTimerJobsToExecute  - ==&gt; Parameters: 2023-03-20 10:48:05.671(Timestamp), 2023-03-20 10:48:05.671(Timestamp), 1(Integer), 0(Integer)
10:48:05,671 [Thread-105] DEBUG org.activiti.engine.impl.persistence.entity.JobEntity.selectNextTimerJobsToExecute  - &lt;==      Total: 0
10:48:05,671 [Thread-105] DEBUG org.activiti.engine.impl.db.DbSqlSession  - flush summary: 0 insert, 0 update, 0 delete.
10:48:05,671 [Thread-105] DEBUG org.activiti.engine.impl.db.DbSqlSession  - now executing flush...
10:48:05,671 [Thread-105] DEBUG org.activiti.engine.impl.cfg.standalone.StandaloneMybatisTransactionContext  - firing event committing...
10:48:05,671 [Thread-105] DEBUG org.activiti.engine.impl.cfg.standalone.StandaloneMybatisTransactionContext  - committing the ibatis sql session...
10:48:05,671 [Thread-105] DEBUG org.activiti.engine.impl.cfg.standalone.StandaloneMybatisTransactionContext  - firing event committed...
10:48:05,671 [Thread-105] DEBUG org.apache.ibatis.transaction.jdbc.JdbcTransaction  - Resetting autocommit to true on JDBC Connection [conn64: url=jdbc:h2:mem:activiti-AsyncExecutorTest user=SA]
10:48:05,671 [Thread-105] DEBUG org.apache.ibatis.transaction.jdbc.JdbcTransaction  - Closing JDBC Connection [conn64: url=jdbc:h2:mem:activiti-AsyncExecutorTest user=SA]
10:48:05,671 [main] DEBUG org.activiti.engine.impl.persistence.entity.VariableInstanceEntity.bulkInsertVariableInstance  - ==&gt;  Preparing: INSERT INTO ACT_RU_VARIABLE (ID_, REV_, TYPE_, NAME_, PROC_INST_ID_, EXECUTION_ID_, TASK_ID_, BYTEARRAY_ID_, DOUBLE_, LONG_ , TEXT_, TEXT2_) VALUES (?, 1, ?, ?, ?, ?, ?, ?, ?, ?, ?, ?) , (?, 1, ?, ?, ?, ?, ?, ?, ?, ?, ?, ?) , (?, 1, ?, ?, ?, ?, ?, ?, ?, ?, ?, ?) , (?, 1, ?, ?, ?, ?, ?, ?, ?, ?, ?, ?) , (?, 1, ?, ?, ?, ?, ?, ?, ?, ?, ?, ?) , (?, 1, ?, ?, ?, ?, ?, ?, ?, ?, ?, ?) , (?, 1, ?, ?, ?, ?, ?, ?, ?, ?, ?, ?) , (?, 1, ?, ?, ?, ?, ?, ?, ?, ?, ?, ?) , (?, 1, ?, ?, ?, ?, ?, ?, ?, ?, ?, ?) , (?, 1, ?, ?, ?, ?, ?, ?, ?, ?, ?, ?) , (?, 1, ?, ?, ?, ?, ?, ?, ?, ?, ?, ?) , (?, 1, ?, ?, ?, ?, ?, ?, ?, ?, ?, ?) , (?, 1, ?, ?, ?, ?, ?, ?, ?, ?, ?, ?) , (?, 1, ?, ?, ?, ?, ?, ?, ?, ?, ?, ?) , (?, 1, ?, ?, ?, ?, ?, ?, ?, ?, ?, ?) , (?, 1, ?, ?, ?, ?, ?, ?, ?, ?, ?, ?) , (?, 1, ?, ?, ?, ?, ?, ?, ?, ?, ?, ?) , (?, 1, ?, ?, ?, ?, ?, ?, ?, ?, ?, ?) , (?, 1, ?, ?, ?, ?, ?, ?, ?, ?, ?, ?) , (?, 1, ?, ?, ?, ?, ?, ?, ?, ?, ?, ?) , (?, 1, ?, ?, ?, ?, ?, ?, ?, ?, ?, ?) , (?, 1, ?, ?, ?, ?, ?, ?, ?, ?, ?, ?) , (?, 1, ?, ?, ?, ?, ?, ?, ?, ?, ?, ?) , (?, 1, ?, ?, ?, ?, ?, ?, ?, ?, ?, ?) , (?, 1, ?, ?, ?, ?, ?, ?, ?, ?, ?, ?) , (?, 1, ?, ?, ?, ?, ?, ?, ?, ?, ?, ?) , (?, 1, ?, ?, ?, ?, ?, ?, ?, ?, ?, ?) , (?, 1, ?, ?, ?, ?, ?, ?, ?, ?, ?, ?) , (?, 1, ?, ?, ?, ?, ?, ?, ?, ?, ?, ?) , (?, 1, ?, ?, ?, ?, ?, ?, ?, ?, ?, ?) , (?, 1, ?, ?, ?, ?, ?, ?, ?, ?, ?, ?) , (?, 1, ?, ?, ?, ?, ?, ?, ?, ?, ?, ?) , (?, 1, ?, ?, ?, ?, ?, ?, ?, ?, ?, ?) , (?, 1, ?, ?, ?, ?, ?, ?, ?, ?, ?, ?) , (?, 1, ?, ?, ?, ?, ?, ?, ?, ?, ?, ?) , (?, 1, ?, ?, ?, ?, ?, ?, ?, ?, ?, ?) , (?, 1, ?, ?, ?, ?, ?, ?, ?, ?, ?, ?) , (?, 1, ?, ?, ?, ?, ?, ?, ?, ?, ?, ?) , (?, 1, ?, ?, ?, ?, ?, ?, ?, ?, ?, ?) , (?, 1, ?, ?, ?, ?, ?, ?, ?, ?, ?, ?) , (?, 1, ?, ?, ?, ?, ?, ?, ?, ?, ?, ?) , (?, 1, ?, ?, ?, ?, ?, ?, ?, ?, ?, ?) , (?, 1, ?, ?, ?, ?, ?, ?, ?, ?, ?, ?) , (?, 1, ?, ?, ?, ?, ?, ?, ?, ?, ?, ?) , (?, 1, ?, ?, ?, ?, ?, ?, ?, ?, ?, ?) , (?, 1, ?, ?, ?, ?, ?, ?, ?, ?, ?, ?) , (?, 1, ?, ?, ?, ?, ?, ?, ?, ?, ?, ?) , (?, 1, ?, ?, ?, ?, ?, ?, ?, ?, ?, ?) , (?, 1, ?, ?, ?, ?, ?, ?, ?, ?, ?, ?) , (?, 1, ?, ?, ?, ?, ?, ?, ?, ?, ?, ?) , (?, 1, ?, ?, ?, ?, ?, ?, ?, ?, ?, ?) , (?, 1, ?, ?, ?, ?, ?, ?, ?, ?, ?, ?) , (?, 1, ?, ?, ?, ?, ?, ?, ?, ?, ?, ?) , (?, 1, ?, ?, ?, ?, ?, ?, ?, ?, ?, ?) , (?, 1, ?, ?, ?, ?, ?, ?, ?, ?, ?, ?) , (?, 1, ?, ?, ?, ?, ?, ?, ?, ?, ?, ?) , (?, 1, ?, ?, ?, ?, ?, ?, ?, ?, ?, ?) , (?, 1, ?, ?, ?, ?, ?, ?, ?, ?, ?, ?) , (?, 1, ?, ?, ?, ?, ?, ?, ?, ?, ?, ?) , (?, 1, ?, ?, ?, ?, ?, ?, ?, ?, ?, ?) , (?, 1, ?, ?, ?, ?, ?, ?, ?, ?, ?, ?) , (?, 1, ?, ?, ?, ?, ?, ?, ?, ?, ?, ?) , (?, 1, ?, ?, ?, ?, ?, ?, ?, ?, ?, ?) , (?, 1, ?, ?, ?, ?, ?, ?, ?, ?, ?, ?) , (?, 1, ?, ?, ?, ?, ?, ?, ?, ?, ?, ?) , (?, 1, ?, ?, ?, ?, ?, ?, ?, ?, ?, ?) , (?, 1, ?, ?, ?, ?, ?, ?, ?, ?, ?, ?) , (?, 1, ?, ?, ?, ?, ?, ?, ?, ?, ?, ?) , (?, 1, ?, ?, ?, ?, ?, ?, ?, ?, ?, ?) , (?, 1, ?, ?, ?, ?, ?, ?, ?, ?, ?, ?) , (?, 1, ?, ?, ?, ?, ?, ?, ?, ?, ?, ?) , (?, 1, ?, ?, ?, ?, ?, ?, ?, ?, ?, ?) , (?, 1, ?, ?, ?, ?, ?, ?, ?, ?, ?, ?) , (?, 1, ?, ?, ?, ?, ?, ?, ?, ?, ?, ?) , (?, 1, ?, ?, ?, ?, ?, ?, ?, ?, ?, ?) , (?, 1, ?, ?, ?, ?, ?, ?, ?, ?, ?, ?) , (?, 1, ?, ?, ?, ?, ?, ?, ?, ?, ?, ?) , (?, 1, ?, ?, ?, ?, ?, ?, ?, ?, ?, ?) , (?, 1, ?, ?, ?, ?, ?, ?, ?, ?, ?, ?) , (?, 1, ?, ?, ?, ?, ?, ?, ?, ?, ?, ?) , (?, 1, ?, ?, ?, ?, ?, ?, ?, ?, ?, ?) , (?, 1, ?, ?, ?, ?, ?, ?, ?, ?, ?, ?) , (?, 1, ?, ?, ?, ?, ?, ?, ?, ?, ?, ?) , (?, 1, ?, ?, ?, ?, ?, ?, ?, ?, ?, ?) , (?, 1, ?, ?, ?, ?, ?, ?, ?, ?, ?, ?) , (?, 1, ?, ?, ?, ?, ?, ?, ?, ?, ?, ?) , (?, 1, ?, ?, ?, ?, ?, ?, ?, ?, ?, ?) , (?, 1, ?, ?, ?, ?, ?, ?, ?, ?, ?, ?) , (?, 1, ?, ?, ?, ?, ?, ?, ?, ?, ?, ?) , (?, 1, ?, ?, ?, ?, ?, ?, ?, ?, ?, ?) , (?, 1, ?, ?, ?, ?, ?, ?, ?, ?, ?, ?) , (?, 1, ?, ?, ?, ?, ?, ?, ?, ?, ?, ?) , (?, 1, ?, ?, ?, ?, ?, ?, ?, ?, ?, ?) , (?, 1, ?, ?, ?, ?, ?, ?, ?, ?, ?, ?) , (?, 1, ?, ?, ?, ?, ?, ?, ?, ?, ?, ?) , (?, 1, ?, ?, ?, ?, ?, ?, ?, ?, ?, ?) , (?, 1, ?, ?, ?, ?, ?, ?, ?, ?, ?, ?) , (?, 1, ?, ?, ?, ?, ?, ?, ?, ?, ?, ?) , (?, 1, ?, ?, ?, ?, ?, ?, ?, ?, ?, ?) , (?, 1, ?, ?, ?, ?, ?, ?, ?, ?, ?, ?) 
10:48:05,671 [Thread-112] DEBUG org.activiti.engine.impl.persistence.entity.JobEntity.selectAsyncJobsDueToExecute  - ==&gt; Parameters: 2023-03-20 10:48:05.661(Timestamp), 2023-03-20 10:48:05.661(Timestamp), 1(Integer), 0(Integer)
10:48:05,679 [Thread-112] DEBUG org.activiti.engine.impl.persistence.entity.JobEntity.selectAsyncJobsDueToExecute  - &lt;==      Total: 0
10:48:05,681 [Thread-112] DEBUG org.activiti.engine.impl.db.DbSqlSession  - flush summary: 0 insert, 0 update, 0 delete.
10:48:05,682 [Thread-112] DEBUG org.activiti.engine.impl.db.DbSqlSession  - now executing flush...
10:48:05,682 [Thread-112] DEBUG org.activiti.engine.impl.cfg.standalone.StandaloneMybatisTransactionContext  - firing event committing...
10:48:05,682 [Thread-112] DEBUG org.activiti.engine.impl.cfg.standalone.StandaloneMybatisTransactionContext  - committing the ibatis sql session...
10:48:05,682 [Thread-112] DEBUG org.activiti.engine.impl.cfg.standalone.StandaloneMybatisTransactionContext  - firing event committed...
10:48:05,682 [Thread-112] DEBUG org.apache.ibatis.transaction.jdbc.JdbcTransaction  - Resetting autocommit to true on JDBC Connection [conn68: url=jdbc:h2:mem:activiti-AsyncExecutorTest user=SA]
10:48:05,682 [Thread-112] DEBUG org.apache.ibatis.transaction.jdbc.JdbcTransaction  - Closing JDBC Connection [conn68: url=jdbc:h2:mem:activiti-AsyncExecutorTest user=SA]
10:48:05,682 [Thread-112] DEBUG org.apache.ibatis.datasource.pooled.PooledDataSource  - Returned connection 58501658 to pool.
10:48:05,682 [Thread-112] DEBUG org.activiti.engine.impl.interceptor.LogInterceptor  - --- AcquireAsyncJobsDueCmd finished --------------------------------------------------------
10:48:05,682 [Thread-112] DEBUG org.activiti.engine.impl.interceptor.LogInterceptor  - 

10:48:05,682 [Thread-112] DEBUG org.activiti.engine.impl.asyncexecutor.AcquireAsyncJobsDueRunnable  - async job acquisition thread sleeping for 50 millis
10:48:05,679 [Thread-111] DEBUG org.activiti.engine.impl.asyncexecutor.AcquireTimerJobsRunnable  - timer job acquisition thread woke up
10:48:05,689 [Thread-111] DEBUG org.activiti.engine.impl.interceptor.LogInterceptor  - 

10:48:05,689 [Thread-111] DEBUG org.activiti.engine.impl.interceptor.LogInterceptor  - --- starting AcquireTimerJobsCmd --------------------------------------------------------
10:48:05,689 [Thread-111] DEBUG org.apache.ibatis.transaction.jdbc.JdbcTransaction  - Opening JDBC Connection
10:48:05,689 [Thread-111] DEBUG org.apache.ibatis.datasource.pooled.PooledDataSource  - Checked out connection 1863805930 from pool.
10:48:05,689 [Thread-111] DEBUG org.apache.ibatis.transaction.jdbc.JdbcTransaction  - Setting autocommit to false on JDBC Connection [conn69: url=jdbc:h2:mem:activiti-AsyncExecutorTest user=SA]
10:48:05,690 [Thread-111] DEBUG org.activiti.engine.impl.persistence.entity.JobEntity.selectNextTimerJobsToExecute  - ==&gt;  Preparing: select RES.* from ACT_RU_JOB RES LEFT OUTER JOIN ACT_RU_EXECUTION PI ON PI.ID_ = RES.PROCESS_INSTANCE_ID_ where (RES.RETRIES_ &gt; 0) and (RES.DUEDATE_ is null or RES.DUEDATE_ &lt;= ?) and (RES.LOCK_OWNER_ is null or RES.LOCK_EXP_TIME_ &lt;= ?) and TYPE_ = &apos;timer&apos; and ( (RES.EXECUTION_ID_ is null) or (PI.SUSPENSION_STATE_ = 1) ) LIMIT ? OFFSET ? 
10:48:05,690 [Thread-111] DEBUG org.activiti.engine.impl.persistence.entity.JobEntity.selectNextTimerJobsToExecute  - ==&gt; Parameters: 2023-03-20 10:48:05.689(Timestamp), 2023-03-20 10:48:05.689(Timestamp), 1(Integer), 0(Integer)
10:48:05,690 [Thread-111] DEBUG org.activiti.engine.impl.persistence.entity.JobEntity.selectNextTimerJobsToExecute  - &lt;==      Total: 0
10:48:05,690 [Thread-111] DEBUG org.activiti.engine.impl.db.DbSqlSession  - flush summary: 0 insert, 0 update, 0 delete.
10:48:05,690 [Thread-111] DEBUG org.activiti.engine.impl.db.DbSqlSession  - now executing flush...
10:48:05,690 [Thread-111] DEBUG org.activiti.engine.impl.cfg.standalone.StandaloneMybatisTransactionContext  - firing event committing...
10:48:05,691 [Thread-111] DEBUG org.activiti.engine.impl.cfg.standalone.StandaloneMybatisTransactionContext  - committing the ibatis sql session...
10:48:05,691 [Thread-111] DEBUG org.activiti.engine.impl.cfg.standalone.StandaloneMybatisTransactionContext  - firing event committed...
10:48:05,691 [Thread-111] DEBUG org.apache.ibatis.transaction.jdbc.JdbcTransaction  - Resetting autocommit to true on JDBC Connection [conn69: url=jdbc:h2:mem:activiti-AsyncExecutorTest user=SA]
10:48:05,692 [Thread-111] DEBUG org.apache.ibatis.transaction.jdbc.JdbcTransaction  - Closing JDBC Connection [conn69: url=jdbc:h2:mem:activiti-AsyncExecutorTest user=SA]
10:48:05,692 [Thread-111] DEBUG org.apache.ibatis.datasource.pooled.PooledDataSource  - Returned connection 1863805930 to pool.
10:48:05,692 [Thread-111] DEBUG org.activiti.engine.impl.interceptor.LogInterceptor  - --- AcquireTimerJobsCmd finished --------------------------------------------------------
10:48:05,692 [Thread-111] DEBUG org.activiti.engine.impl.interceptor.LogInterceptor  - 

10:48:05,692 [Thread-111] DEBUG org.activiti.engine.impl.asyncexecutor.AcquireTimerJobsRunnable  - timer job acquisition thread sleeping for 50 millis
10:48:05,695 [Thread-102] DEBUG org.activiti.engine.impl.asyncexecutor.AcquireTimerJobsRunnable  - timer job acquisition thread woke up
10:48:05,695 [Thread-102] DEBUG org.activiti.engine.impl.interceptor.LogInterceptor  - 

10:48:05,695 [Thread-102] DEBUG org.activiti.engine.impl.interceptor.LogInterceptor  - --- starting AcquireTimerJobsCmd --------------------------------------------------------
10:48:05,695 [Thread-102] DEBUG org.apache.ibatis.transaction.jdbc.JdbcTransaction  - Opening JDBC Connection
10:48:05,695 [Thread-102] DEBUG org.apache.ibatis.datasource.pooled.PooledDataSource  - Checked out connection 157985567 from pool.
10:48:05,695 [Thread-102] DEBUG org.apache.ibatis.transaction.jdbc.JdbcTransaction  - Setting autocommit to false on JDBC Connection [conn61: url=jdbc:h2:mem:activiti-AsyncExecutorTest user=SA]
10:48:05,695 [Thread-102] DEBUG org.activiti.engine.impl.persistence.entity.JobEntity.selectNextTimerJobsToExecute  - ==&gt;  Preparing: select RES.* from ACT_RU_JOB RES LEFT OUTER JOIN ACT_RU_EXECUTION PI ON PI.ID_ = RES.PROCESS_INSTANCE_ID_ where (RES.RETRIES_ &gt; 0) and (RES.DUEDATE_ is null or RES.DUEDATE_ &lt;= ?) and (RES.LOCK_OWNER_ is null or RES.LOCK_EXP_TIME_ &lt;= ?) and TYPE_ = &apos;timer&apos; and ( (RES.EXECUTION_ID_ is null) or (PI.SUSPENSION_STATE_ = 1) ) LIMIT ? OFFSET ? 
10:48:05,695 [Thread-102] DEBUG org.activiti.engine.impl.persistence.entity.JobEntity.selectNextTimerJobsToExecute  - ==&gt; Parameters: 2023-03-20 10:48:05.695(Timestamp), 2023-03-20 10:48:05.695(Timestamp), 1(Integer), 0(Integer)
10:48:05,695 [Thread-102] DEBUG org.activiti.engine.impl.persistence.entity.JobEntity.selectNextTimerJobsToExecute  - &lt;==      Total: 0
10:48:05,695 [Thread-102] DEBUG org.activiti.engine.impl.db.DbSqlSession  - flush summary: 0 insert, 0 update, 0 delete.
10:48:05,695 [Thread-102] DEBUG org.activiti.engine.impl.db.DbSqlSession  - now executing flush...
10:48:05,696 [Thread-102] DEBUG org.activiti.engine.impl.cfg.standalone.StandaloneMybatisTransactionContext  - firing event committing...
10:48:05,696 [Thread-102] DEBUG org.activiti.engine.impl.cfg.standalone.StandaloneMybatisTransactionContext  - committing the ibatis sql session...
10:48:05,696 [Thread-102] DEBUG org.activiti.engine.impl.cfg.standalone.StandaloneMybatisTransactionContext  - firing event committed...
10:48:05,696 [Thread-102] DEBUG org.apache.ibatis.transaction.jdbc.JdbcTransaction  - Resetting autocommit to true on JDBC Connection [conn61: url=jdbc:h2:mem:activiti-AsyncExecutorTest user=SA]
10:48:05,696 [Thread-102] DEBUG org.apache.ibatis.transaction.jdbc.JdbcTransaction  - Closing JDBC Connection [conn61: url=jdbc:h2:mem:activiti-AsyncExecutorTest user=SA]
10:48:05,696 [Thread-102] DEBUG org.apache.ibatis.datasource.pooled.PooledDataSource  - Returned connection 157985567 to pool.
10:48:05,696 [Thread-102] DEBUG org.activiti.engine.impl.interceptor.LogInterceptor  - --- AcquireTimerJobsCmd finished --------------------------------------------------------
10:48:05,696 [Thread-102] DEBUG org.activiti.engine.impl.interceptor.LogInterceptor  - 

10:48:05,696 [Thread-102] DEBUG org.activiti.engine.impl.asyncexecutor.AcquireTimerJobsRunnable  - timer job acquisition thread sleeping for 50 millis
10:48:05,679 [main] DEBUG org.activiti.engine.impl.persistence.entity.VariableInstanceEntity.bulkInsertVariableInstance  - ==&gt; Parameters: 6305(String), integer(String), var2021(String), 2504(String), 2504(String), null, null, null, 2021(Long), 2021(String), null, 6306(String), integer(String), var3352(String), 2504(String), 2504(String), null, null, null, 3352(Long), 3352(String), null, 6307(String), integer(String), var974(String), 2504(String), 2504(String), null, null, null, 974(Long), 974(String), null, 6308(String), integer(String), var2028(String), 2504(String), 2504(String), null, null, null, 2028(Long), 2028(String), null, 6309(String), integer(String), var3359(String), 2504(String), 2504(String), null, null, null, 3359(Long), 3359(String), null, 6310(String), integer(String), var973(String), 2504(String), 2504(String), null, null, null, 973(Long), 973(String), null, 6311(String), integer(String), var2027(String), 2504(String), 2504(String), null, null, null, 2027(Long), 2027(String), null, 6312(String), integer(String), var3358(String), 2504(String), 2504(String), null, null, null, 3358(Long), 3358(String), null, 6313(String), integer(String), var972(String), 2504(String), 2504(String), null, null, null, 972(Long), 972(String), null, 6314(String), integer(String), var2026(String), 2504(String), 2504(String), null, null, null, 2026(Long), 2026(String), null, 6315(String), integer(String), var3357(String), 2504(String), 2504(String), null, null, null, 3357(Long), 3357(String), null, 6316(String), integer(String), var971(String), 2504(String), 2504(String), null, null, null, 971(Long), 971(String), null, 6317(String), integer(String), var2025(String), 2504(String), 2504(String), null, null, null, 2025(Long), 2025(String), null, 6318(String), integer(String), var3356(String), 2504(String), 2504(String), null, null, null, 3356(Long), 3356(String), null, 6319(String), integer(String), var970(String), 2504(String), 2504(String), null, null, null, 970(Long), 970(String), null, 6320(String), integer(String), var2029(String), 2504(String), 2504(String), null, null, null, 2029(Long), 2029(String), null, 6321(String), integer(String), var979(String), 2504(String), 2504(String), null, null, null, 979(Long), 979(String), null, 6322(String), integer(String), var978(String), 2504(String), 2504(String), null, null, null, 978(Long), 978(String), null, 6323(String), integer(String), var977(String), 2504(String), 2504(String), null, null, null, 977(Long), 977(String), null, 6324(String), integer(String), var976(String), 2504(String), 2504(String), null, null, null, 976(Long), 976(String), null, 6325(String), integer(String), var975(String), 2504(String), 2504(String), null, null, null, 975(Long), 975(String), null, 6326(String), integer(String), var2031(String), 2504(String), 2504(String), null, null, null, 2031(Long), 2031(String), null, 6327(String), integer(String), var3362(String), 2504(String), 2504(String), null, null, null, 3362(Long), 3362(String), null, 6328(String), integer(String), var2030(String), 2504(String), 2504(String), null, null, null, 2030(Long), 2030(String), null, 6329(String), integer(String), var3361(String), 2504(String), 2504(String), null, null, null, 3361(Long), 3361(String), null, 6330(String), integer(String), var3360(String), 2504(String), 2504(String), null, null, null, 3360(Long), 3360(String), null, 6331(String), integer(String), var2035(String), 2504(String), 2504(String), null, null, null, 2035(Long), 2035(String), null, 6332(String), integer(String), var3366(String), 2504(String), 2504(String), null, null, null, 3366(Long), 3366(String), null, 6333(String), integer(String), var2034(String), 2504(String), 2504(String), null, null, null, 2034(Long), 2034(String), null, 6334(String), integer(String), var3365(String), 2504(String), 2504(String), null, null, null, 3365(Long), 3365(String), null, 6335(String), integer(String), var2033(String), 2504(String), 2504(String), null, null, null, 2033(Long), 2033(String), null, 6336(String), integer(String), var3364(String), 2504(String), 2504(String), null, null, null, 3364(Long), 3364(String), null, 6337(String), integer(String), var2032(String), 2504(String), 2504(String), null, null, null, 2032(Long), 2032(String), null, 6338(String), integer(String), var3363(String), 2504(String), 2504(String), null, null, null, 3363(Long), 3363(String), null, 6339(String), integer(String), var963(String), 2504(String), 2504(String), null, null, null, 963(Long), 963(String), null, 6340(String), integer(String), var2039(String), 2504(String), 2504(String), null, null, null, 2039(Long), 2039(String), null, 6341(String), integer(String), var962(String), 2504(String), 2504(String), null, null, null, 962(Long), 962(String), null, 6342(String), integer(String), var2038(String), 2504(String), 2504(String), null, null, null, 2038(Long), 2038(String), null, 6343(String), integer(String), var3369(String), 2504(String), 2504(String), null, null, null, 3369(Long), 3369(String), null, 6344(String), integer(String), var961(String), 2504(String), 2504(String), null, null, null, 961(Long), 961(String), null, 6345(String), integer(String), var2037(String), 2504(String), 2504(String), null, null, null, 2037(Long), 2037(String), null, 6346(String), integer(String), var3368(String), 2504(String), 2504(String), null, null, null, 3368(Long), 3368(String), null, 6347(String), integer(String), var960(String), 2504(String), 2504(String), null, null, null, 960(Long), 960(String), null, 6348(String), integer(String), var2036(String), 2504(String), 2504(String), null, null, null, 2036(Long), 2036(String), null, 6349(String), integer(String), var3367(String), 2504(String), 2504(String), null, null, null, 3367(Long), 3367(String), null, 6350(String), integer(String), var969(String), 2504(String), 2504(String), null, null, null, 969(Long), 969(String), null, 6351(String), integer(String), var968(String), 2504(String), 2504(String), null, null, null, 968(Long), 968(String), null, 6352(String), integer(String), var967(String), 2504(String), 2504(String), null, null, null, 967(Long), 967(String), null, 6353(String), integer(String), var966(String), 2504(String), 2504(String), null, null, null, 966(Long), 966(String), null, 6354(String), integer(String), var965(String), 2504(String), 2504(String), null, null, null, 965(Long), 965(String), null, 6355(String), integer(String), var964(String), 2504(String), 2504(String), null, null, null, 964(Long), 964(String), null, 6356(String), integer(String), var2042(String), 2504(String), 2504(String), null, null, null, 2042(Long), 2042(String), null, 6357(String), integer(String), var3373(String), 2504(String), 2504(String), null, null, null, 3373(Long), 3373(String), null, 6358(String), integer(String), var2041(String), 2504(String), 2504(String), null, null, null, 2041(Long), 2041(String), null, 6359(String), integer(String), var3372(String), 2504(String), 2504(String), null, null, null, 3372(Long), 3372(String), null, 6360(String), integer(String), var2040(String), 2504(String), 2504(String), null, null, null, 2040(Long), 2040(String), null, 6361(String), integer(String), var3371(String), 2504(String), 2504(String), null, null, null, 3371(Long), 3371(String), null, 6362(String), integer(String), var3370(String), 2504(String), 2504(String), null, null, null, 3370(Long), 3370(String), null, 6363(String), integer(String), var2046(String), 2504(String), 2504(String), null, null, null, 2046(Long), 2046(String), null, 6364(String), integer(String), var3377(String), 2504(String), 2504(String), null, null, null, 3377(Long), 3377(String), null, 6365(String), integer(String), var2045(String), 2504(String), 2504(String), null, null, null, 2045(Long), 2045(String), null, 6366(String), integer(String), var3376(String), 2504(String), 2504(String), null, null, null, 3376(Long), 3376(String), null, 6367(String), integer(String), var2044(String), 2504(String), 2504(String), null, null, null, 2044(Long), 2044(String), null, 6368(String), integer(String), var3375(String), 2504(String), 2504(String), null, null, null, 3375(Long), 3375(String), null, 6369(String), integer(String), var2043(String), 2504(String), 2504(String), null, null, null, 2043(Long), 2043(String), null, 6370(String), integer(String), var3374(String), 2504(String), 2504(String), null, null, null, 3374(Long), 3374(String), null, 6371(String), integer(String), var952(String), 2504(String), 2504(String), null, null, null, 952(Long), 952(String), null, 6372(String), integer(String), var951(String), 2504(String), 2504(String), null, null, null, 951(Long), 951(String), null, 6373(String), integer(String), var2049(String), 2504(String), 2504(String), null, null, null, 2049(Long), 2049(String), null, 6374(String), integer(String), var950(String), 2504(String), 2504(String), null, null, null, 950(Long), 950(String), null, 6375(String), integer(String), var2048(String), 2504(String), 2504(String), null, null, null, 2048(Long), 2048(String), null, 6376(String), integer(String), var3379(String), 2504(String), 2504(String), null, null, null, 3379(Long), 3379(String), null, 6377(String), integer(String), var2047(String), 2504(String), 2504(String), null, null, null, 2047(Long), 2047(String), null, 6378(String), integer(String), var3378(String), 2504(String), 2504(String), null, null, null, 3378(Long), 3378(String), null, 6379(String), integer(String), var959(String), 2504(String), 2504(String), null, null, null, 959(Long), 959(String), null, 6380(String), integer(String), var958(String), 2504(String), 2504(String), null, null, null, 958(Long), 958(String), null, 6381(String), integer(String), var957(String), 2504(String), 2504(String), null, null, null, 957(Long), 957(String), null, 6382(String), integer(String), var956(String), 2504(String), 2504(String), null, null, null, 956(Long), 956(String), null, 6383(String), integer(String), var955(String), 2504(String), 2504(String), null, null, null, 955(Long), 955(String), null, 6384(String), integer(String), var954(String), 2504(String), 2504(String), null, null, null, 954(Long), 954(String), null, 6385(String), integer(String), var953(String), 2504(String), 2504(String), null, null, null, 953(Long), 953(String), null, 6386(String), integer(String), var3380(String), 2504(String), 2504(String), null, null, null, 3380(Long), 3380(String), null, 6387(String), integer(String), var141(String), 2504(String), 2504(String), null, null, null, 141(Long), 141(String), null, 6388(String), integer(String), var2053(String), 2504(String), 2504(String), null, null, null, 2053(Long), 2053(String), null, 6389(String), integer(String), var3384(String), 2504(String), 2504(String), null, null, null, 3384(Long), 3384(String), null, 6390(String), integer(String), var140(String), 2504(String), 2504(String), null, null, null, 140(Long), 140(String), null, 6391(String), integer(String), var2052(String), 2504(String), 2504(String), null, null, null, 2052(Long), 2052(String), null, 6392(String), integer(String), var3383(String), 2504(String), 2504(String), null, null, null, 3383(Long), 3383(String), null, 6393(String), integer(String), var2051(String), 2504(String), 2504(String), null, null, null, 2051(Long), 2051(String), null, 6394(String), integer(String), var3382(String), 2504(String), 2504(String), null, null, null, 3382(Long), 3382(String), null, 6395(String), integer(String), var2050(String), 2504(String), 2504(String), null, null, null, 2050(Long), 2050(String), null, 6396(String), integer(String), var3381(String), 2504(String), 2504(String), null, null, null, 3381(Long), 3381(String), null, 6397(String), integer(String), var2057(String), 2504(String), 2504(String), null, null, null, 2057(Long), 2057(String), null, 6398(String), integer(String), var3388(String), 2504(String), 2504(String), null, null, null, 3388(Long), 3388(String), null, 6399(String), integer(String), var2056(String), 2504(String), 2504(String), null, null, null, 2056(Long), 2056(String), null, 6400(String), integer(String), var3387(String), 2504(String), 2504(String), null, null, null, 3387(Long), 3387(String), null, 6401(String), integer(String), var2055(String), 2504(String), 2504(String), null, null, null, 2055(Long), 2055(String), null, 6402(String), integer(String), var3386(String), 2504(String), 2504(String), null, null, null, 3386(Long), 3386(String), null, 6403(String), integer(String), var2054(String), 2504(String), 2504(String), null, null, null, 2054(Long), 2054(String), null, 6404(String), integer(String), var3385(String), 2504(String), 2504(String), null, null, null, 3385(Long), 3385(String), null
10:48:05,671 [Thread-105] DEBUG org.apache.ibatis.datasource.pooled.PooledDataSource  - Returned connection 54468349 to pool.
10:48:05,697 [Thread-105] DEBUG org.activiti.engine.impl.interceptor.LogInterceptor  - --- AcquireTimerJobsCmd finished --------------------------------------------------------
10:48:05,697 [Thread-105] DEBUG org.activiti.engine.impl.interceptor.LogInterceptor  - 

10:48:05,697 [Thread-105] DEBUG org.activiti.engine.impl.asyncexecutor.AcquireTimerJobsRunnable  - timer job acquisition thread sleeping for 50 millis
10:48:05,697 [main] DEBUG org.activiti.engine.impl.persistence.entity.VariableInstanceEntity.bulkInsertVariableInstance  - &lt;==    Updates: 100
10:48:05,703 [main] DEBUG org.activiti.engine.impl.persistence.entity.VariableInstanceEntity.bulkInsertVariableInstance  - ==&gt;  Preparing: INSERT INTO ACT_RU_VARIABLE (ID_, REV_, TYPE_, NAME_, PROC_INST_ID_, EXECUTION_ID_, TASK_ID_, BYTEARRAY_ID_, DOUBLE_, LONG_ , TEXT_, TEXT2_) VALUES (?, 1, ?, ?, ?, ?, ?, ?, ?, ?, ?, ?) , (?, 1, ?, ?, ?, ?, ?, ?, ?, ?, ?, ?) , (?, 1, ?, ?, ?, ?, ?, ?, ?, ?, ?, ?) , (?, 1, ?, ?, ?, ?, ?, ?, ?, ?, ?, ?) , (?, 1, ?, ?, ?, ?, ?, ?, ?, ?, ?, ?) , (?, 1, ?, ?, ?, ?, ?, ?, ?, ?, ?, ?) , (?, 1, ?, ?, ?, ?, ?, ?, ?, ?, ?, ?) , (?, 1, ?, ?, ?, ?, ?, ?, ?, ?, ?, ?) , (?, 1, ?, ?, ?, ?, ?, ?, ?, ?, ?, ?) , (?, 1, ?, ?, ?, ?, ?, ?, ?, ?, ?, ?) , (?, 1, ?, ?, ?, ?, ?, ?, ?, ?, ?, ?) , (?, 1, ?, ?, ?, ?, ?, ?, ?, ?, ?, ?) , (?, 1, ?, ?, ?, ?, ?, ?, ?, ?, ?, ?) , (?, 1, ?, ?, ?, ?, ?, ?, ?, ?, ?, ?) , (?, 1, ?, ?, ?, ?, ?, ?, ?, ?, ?, ?) , (?, 1, ?, ?, ?, ?, ?, ?, ?, ?, ?, ?) , (?, 1, ?, ?, ?, ?, ?, ?, ?, ?, ?, ?) , (?, 1, ?, ?, ?, ?, ?, ?, ?, ?, ?, ?) , (?, 1, ?, ?, ?, ?, ?, ?, ?, ?, ?, ?) , (?, 1, ?, ?, ?, ?, ?, ?, ?, ?, ?, ?) , (?, 1, ?, ?, ?, ?, ?, ?, ?, ?, ?, ?) , (?, 1, ?, ?, ?, ?, ?, ?, ?, ?, ?, ?) , (?, 1, ?, ?, ?, ?, ?, ?, ?, ?, ?, ?) , (?, 1, ?, ?, ?, ?, ?, ?, ?, ?, ?, ?) , (?, 1, ?, ?, ?, ?, ?, ?, ?, ?, ?, ?) , (?, 1, ?, ?, ?, ?, ?, ?, ?, ?, ?, ?) , (?, 1, ?, ?, ?, ?, ?, ?, ?, ?, ?, ?) , (?, 1, ?, ?, ?, ?, ?, ?, ?, ?, ?, ?) , (?, 1, ?, ?, ?, ?, ?, ?, ?, ?, ?, ?) , (?, 1, ?, ?, ?, ?, ?, ?, ?, ?, ?, ?) , (?, 1, ?, ?, ?, ?, ?, ?, ?, ?, ?, ?) , (?, 1, ?, ?, ?, ?, ?, ?, ?, ?, ?, ?) , (?, 1, ?, ?, ?, ?, ?, ?, ?, ?, ?, ?) , (?, 1, ?, ?, ?, ?, ?, ?, ?, ?, ?, ?) , (?, 1, ?, ?, ?, ?, ?, ?, ?, ?, ?, ?) , (?, 1, ?, ?, ?, ?, ?, ?, ?, ?, ?, ?) , (?, 1, ?, ?, ?, ?, ?, ?, ?, ?, ?, ?) , (?, 1, ?, ?, ?, ?, ?, ?, ?, ?, ?, ?) , (?, 1, ?, ?, ?, ?, ?, ?, ?, ?, ?, ?) , (?, 1, ?, ?, ?, ?, ?, ?, ?, ?, ?, ?) , (?, 1, ?, ?, ?, ?, ?, ?, ?, ?, ?, ?) , (?, 1, ?, ?, ?, ?, ?, ?, ?, ?, ?, ?) , (?, 1, ?, ?, ?, ?, ?, ?, ?, ?, ?, ?) , (?, 1, ?, ?, ?, ?, ?, ?, ?, ?, ?, ?) , (?, 1, ?, ?, ?, ?, ?, ?, ?, ?, ?, ?) , (?, 1, ?, ?, ?, ?, ?, ?, ?, ?, ?, ?) , (?, 1, ?, ?, ?, ?, ?, ?, ?, ?, ?, ?) , (?, 1, ?, ?, ?, ?, ?, ?, ?, ?, ?, ?) , (?, 1, ?, ?, ?, ?, ?, ?, ?, ?, ?, ?) , (?, 1, ?, ?, ?, ?, ?, ?, ?, ?, ?, ?) , (?, 1, ?, ?, ?, ?, ?, ?, ?, ?, ?, ?) , (?, 1, ?, ?, ?, ?, ?, ?, ?, ?, ?, ?) , (?, 1, ?, ?, ?, ?, ?, ?, ?, ?, ?, ?) , (?, 1, ?, ?, ?, ?, ?, ?, ?, ?, ?, ?) , (?, 1, ?, ?, ?, ?, ?, ?, ?, ?, ?, ?) , (?, 1, ?, ?, ?, ?, ?, ?, ?, ?, ?, ?) , (?, 1, ?, ?, ?, ?, ?, ?, ?, ?, ?, ?) , (?, 1, ?, ?, ?, ?, ?, ?, ?, ?, ?, ?) , (?, 1, ?, ?, ?, ?, ?, ?, ?, ?, ?, ?) , (?, 1, ?, ?, ?, ?, ?, ?, ?, ?, ?, ?) , (?, 1, ?, ?, ?, ?, ?, ?, ?, ?, ?, ?) , (?, 1, ?, ?, ?, ?, ?, ?, ?, ?, ?, ?) , (?, 1, ?, ?, ?, ?, ?, ?, ?, ?, ?, ?) , (?, 1, ?, ?, ?, ?, ?, ?, ?, ?, ?, ?) , (?, 1, ?, ?, ?, ?, ?, ?, ?, ?, ?, ?) , (?, 1, ?, ?, ?, ?, ?, ?, ?, ?, ?, ?) , (?, 1, ?, ?, ?, ?, ?, ?, ?, ?, ?, ?) , (?, 1, ?, ?, ?, ?, ?, ?, ?, ?, ?, ?) , (?, 1, ?, ?, ?, ?, ?, ?, ?, ?, ?, ?) , (?, 1, ?, ?, ?, ?, ?, ?, ?, ?, ?, ?) , (?, 1, ?, ?, ?, ?, ?, ?, ?, ?, ?, ?) , (?, 1, ?, ?, ?, ?, ?, ?, ?, ?, ?, ?) , (?, 1, ?, ?, ?, ?, ?, ?, ?, ?, ?, ?) , (?, 1, ?, ?, ?, ?, ?, ?, ?, ?, ?, ?) , (?, 1, ?, ?, ?, ?, ?, ?, ?, ?, ?, ?) , (?, 1, ?, ?, ?, ?, ?, ?, ?, ?, ?, ?) , (?, 1, ?, ?, ?, ?, ?, ?, ?, ?, ?, ?) , (?, 1, ?, ?, ?, ?, ?, ?, ?, ?, ?, ?) , (?, 1, ?, ?, ?, ?, ?, ?, ?, ?, ?, ?) , (?, 1, ?, ?, ?, ?, ?, ?, ?, ?, ?, ?) , (?, 1, ?, ?, ?, ?, ?, ?, ?, ?, ?, ?) , (?, 1, ?, ?, ?, ?, ?, ?, ?, ?, ?, ?) , (?, 1, ?, ?, ?, ?, ?, ?, ?, ?, ?, ?) , (?, 1, ?, ?, ?, ?, ?, ?, ?, ?, ?, ?) , (?, 1, ?, ?, ?, ?, ?, ?, ?, ?, ?, ?) , (?, 1, ?, ?, ?, ?, ?, ?, ?, ?, ?, ?) , (?, 1, ?, ?, ?, ?, ?, ?, ?, ?, ?, ?) , (?, 1, ?, ?, ?, ?, ?, ?, ?, ?, ?, ?) , (?, 1, ?, ?, ?, ?, ?, ?, ?, ?, ?, ?) , (?, 1, ?, ?, ?, ?, ?, ?, ?, ?, ?, ?) , (?, 1, ?, ?, ?, ?, ?, ?, ?, ?, ?, ?) , (?, 1, ?, ?, ?, ?, ?, ?, ?, ?, ?, ?) , (?, 1, ?, ?, ?, ?, ?, ?, ?, ?, ?, ?) , (?, 1, ?, ?, ?, ?, ?, ?, ?, ?, ?, ?) , (?, 1, ?, ?, ?, ?, ?, ?, ?, ?, ?, ?) , (?, 1, ?, ?, ?, ?, ?, ?, ?, ?, ?, ?) , (?, 1, ?, ?, ?, ?, ?, ?, ?, ?, ?, ?) , (?, 1, ?, ?, ?, ?, ?, ?, ?, ?, ?, ?) , (?, 1, ?, ?, ?, ?, ?, ?, ?, ?, ?, ?) , (?, 1, ?, ?, ?, ?, ?, ?, ?, ?, ?, ?) 
10:48:05,706 [main] DEBUG org.activiti.engine.impl.persistence.entity.VariableInstanceEntity.bulkInsertVariableInstance  - ==&gt; Parameters: 6405(String), integer(String), var149(String), 2504(String), 2504(String), null, null, null, 149(Long), 149(String), null, 6406(String), integer(String), var148(String), 2504(String), 2504(String), null, null, null, 148(Long), 148(String), null, 6407(String), integer(String), var147(String), 2504(String), 2504(String), null, null, null, 147(Long), 147(String), null, 6408(String), integer(String), var2059(String), 2504(String), 2504(String), null, null, null, 2059(Long), 2059(String), null, 6409(String), integer(String), var146(String), 2504(String), 2504(String), null, null, null, 146(Long), 146(String), null, 6410(String), integer(String), var2058(String), 2504(String), 2504(String), null, null, null, 2058(Long), 2058(String), null, 6411(String), integer(String), var3389(String), 2504(String), 2504(String), null, null, null, 3389(Long), 3389(String), null, 6412(String), integer(String), var145(String), 2504(String), 2504(String), null, null, null, 145(Long), 145(String), null, 6413(String), integer(String), var144(String), 2504(String), 2504(String), null, null, null, 144(Long), 144(String), null, 6414(String), integer(String), var143(String), 2504(String), 2504(String), null, null, null, 143(Long), 143(String), null, 6415(String), integer(String), var142(String), 2504(String), 2504(String), null, null, null, 142(Long), 142(String), null, 6416(String), integer(String), var2060(String), 2504(String), 2504(String), null, null, null, 2060(Long), 2060(String), null, 6417(String), integer(String), var3391(String), 2504(String), 2504(String), null, null, null, 3391(Long), 3391(String), null, 6418(String), integer(String), var3390(String), 2504(String), 2504(String), null, null, null, 3390(Long), 3390(String), null, 6419(String), integer(String), var130(String), 2504(String), 2504(String), null, null, null, 130(Long), 130(String), null, 6420(String), integer(String), var2064(String), 2504(String), 2504(String), null, null, null, 2064(Long), 2064(String), null, 6421(String), integer(String), var3395(String), 2504(String), 2504(String), null, null, null, 3395(Long), 3395(String), null, 6422(String), integer(String), var2063(String), 2504(String), 2504(String), null, null, null, 2063(Long), 2063(String), null, 6423(String), integer(String), var3394(String), 2504(String), 2504(String), null, null, null, 3394(Long), 3394(String), null, 6424(String), integer(String), var2062(String), 2504(String), 2504(String), null, null, null, 2062(Long), 2062(String), null, 6425(String), integer(String), var3393(String), 2504(String), 2504(String), null, null, null, 3393(Long), 3393(String), null, 6426(String), integer(String), var2061(String), 2504(String), 2504(String), null, null, null, 2061(Long), 2061(String), null, 6427(String), integer(String), var3392(String), 2504(String), 2504(String), null, null, null, 3392(Long), 3392(String), null, 6428(String), integer(String), var2068(String), 2504(String), 2504(String), null, null, null, 2068(Long), 2068(String), null, 6429(String), integer(String), var3399(String), 2504(String), 2504(String), null, null, null, 3399(Long), 3399(String), null, 6430(String), integer(String), var2067(String), 2504(String), 2504(String), null, null, null, 2067(Long), 2067(String), null, 6431(String), integer(String), var3398(String), 2504(String), 2504(String), null, null, null, 3398(Long), 3398(String), null, 6432(String), integer(String), var2066(String), 2504(String), 2504(String), null, null, null, 2066(Long), 2066(String), null, 6433(String), integer(String), var3397(String), 2504(String), 2504(String), null, null, null, 3397(Long), 3397(String), null, 6434(String), integer(String), var2065(String), 2504(String), 2504(String), null, null, null, 2065(Long), 2065(String), null, 6435(String), integer(String), var3396(String), 2504(String), 2504(String), null, null, null, 3396(Long), 3396(String), null, 6436(String), integer(String), var138(String), 2504(String), 2504(String), null, null, null, 138(Long), 138(String), null, 6437(String), integer(String), var137(String), 2504(String), 2504(String), null, null, null, 137(Long), 137(String), null, 6438(String), integer(String), var136(String), 2504(String), 2504(String), null, null, null, 136(Long), 136(String), null, 6439(String), integer(String), var135(String), 2504(String), 2504(String), null, null, null, 135(Long), 135(String), null, 6440(String), integer(String), var2069(String), 2504(String), 2504(String), null, null, null, 2069(Long), 2069(String), null, 6441(String), integer(String), var134(String), 2504(String), 2504(String), null, null, null, 134(Long), 134(String), null, 6442(String), integer(String), var133(String), 2504(String), 2504(String), null, null, null, 133(Long), 133(String), null, 6443(String), integer(String), var132(String), 2504(String), 2504(String), null, null, null, 132(Long), 132(String), null, 6444(String), integer(String), var131(String), 2504(String), 2504(String), null, null, null, 131(Long), 131(String), null, 6445(String), integer(String), var139(String), 2504(String), 2504(String), null, null, null, 139(Long), 139(String), null, 6446(String), integer(String), var2071(String), 2504(String), 2504(String), null, null, null, 2071(Long), 2071(String), null, 6447(String), integer(String), var2070(String), 2504(String), 2504(String), null, null, null, 2070(Long), 2070(String), null, 6448(String), integer(String), var2075(String), 2504(String), 2504(String), null, null, null, 2075(Long), 2075(String), null, 6449(String), integer(String), var2074(String), 2504(String), 2504(String), null, null, null, 2074(Long), 2074(String), null, 6450(String), integer(String), var2073(String), 2504(String), 2504(String), null, null, null, 2073(Long), 2073(String), null, 6451(String), integer(String), var2072(String), 2504(String), 2504(String), null, null, null, 2072(Long), 2072(String), null, 6452(String), integer(String), var2079(String), 2504(String), 2504(String), null, null, null, 2079(Long), 2079(String), null, 6453(String), integer(String), var2078(String), 2504(String), 2504(String), null, null, null, 2078(Long), 2078(String), null, 6454(String), integer(String), var2077(String), 2504(String), 2504(String), null, null, null, 2077(Long), 2077(String), null, 6455(String), integer(String), var2076(String), 2504(String), 2504(String), null, null, null, 2076(Long), 2076(String), null, 6456(String), integer(String), var127(String), 2504(String), 2504(String), null, null, null, 127(Long), 127(String), null, 6457(String), integer(String), var126(String), 2504(String), 2504(String), null, null, null, 126(Long), 126(String), null, 6458(String), integer(String), var125(String), 2504(String), 2504(String), null, null, null, 125(Long), 125(String), null, 6459(String), integer(String), var124(String), 2504(String), 2504(String), null, null, null, 124(Long), 124(String), null, 6460(String), integer(String), var123(String), 2504(String), 2504(String), null, null, null, 123(Long), 123(String), null, 6461(String), integer(String), var122(String), 2504(String), 2504(String), null, null, null, 122(Long), 122(String), null, 6462(String), integer(String), var121(String), 2504(String), 2504(String), null, null, null, 121(Long), 121(String), null, 6463(String), integer(String), var120(String), 2504(String), 2504(String), null, null, null, 120(Long), 120(String), null, 6464(String), integer(String), var129(String), 2504(String), 2504(String), null, null, null, 129(Long), 129(String), null, 6465(String), integer(String), var128(String), 2504(String), 2504(String), null, null, null, 128(Long), 128(String), null, 6466(String), integer(String), var2082(String), 2504(String), 2504(String), null, null, null, 2082(Long), 2082(String), null, 6467(String), integer(String), var2081(String), 2504(String), 2504(String), null, null, null, 2081(Long), 2081(String), null, 6468(String), integer(String), var2080(String), 2504(String), 2504(String), null, null, null, 2080(Long), 2080(String), null, 6469(String), integer(String), var2086(String), 2504(String), 2504(String), null, null, null, 2086(Long), 2086(String), null, 6470(String), integer(String), var2085(String), 2504(String), 2504(String), null, null, null, 2085(Long), 2085(String), null, 6471(String), integer(String), var2084(String), 2504(String), 2504(String), null, null, null, 2084(Long), 2084(String), null, 6472(String), integer(String), var2083(String), 2504(String), 2504(String), null, null, null, 2083(Long), 2083(String), null, 6473(String), integer(String), var2089(String), 2504(String), 2504(String), null, null, null, 2089(Long), 2089(String), null, 6474(String), integer(String), var2088(String), 2504(String), 2504(String), null, null, null, 2088(Long), 2088(String), null, 6475(String), integer(String), var2087(String), 2504(String), 2504(String), null, null, null, 2087(Long), 2087(String), null, 6476(String), integer(String), var116(String), 2504(String), 2504(String), null, null, null, 116(Long), 116(String), null, 6477(String), integer(String), var115(String), 2504(String), 2504(String), null, null, null, 115(Long), 115(String), null, 6478(String), integer(String), var114(String), 2504(String), 2504(String), null, null, null, 114(Long), 114(String), null, 6479(String), integer(String), var113(String), 2504(String), 2504(String), null, null, null, 113(Long), 113(String), null, 6480(String), integer(String), var112(String), 2504(String), 2504(String), null, null, null, 112(Long), 112(String), null, 6481(String), integer(String), var111(String), 2504(String), 2504(String), null, null, null, 111(Long), 111(String), null, 6482(String), integer(String), var110(String), 2504(String), 2504(String), null, null, null, 110(Long), 110(String), null, 6483(String), integer(String), var119(String), 2504(String), 2504(String), null, null, null, 119(Long), 119(String), null, 6484(String), integer(String), var118(String), 2504(String), 2504(String), null, null, null, 118(Long), 118(String), null, 6485(String), integer(String), var117(String), 2504(String), 2504(String), null, null, null, 117(Long), 117(String), null, 6486(String), integer(String), var2093(String), 2504(String), 2504(String), null, null, null, 2093(Long), 2093(String), null, 6487(String), integer(String), var2092(String), 2504(String), 2504(String), null, null, null, 2092(Long), 2092(String), null, 6488(String), integer(String), var2091(String), 2504(String), 2504(String), null, null, null, 2091(Long), 2091(String), null, 6489(String), integer(String), var2090(String), 2504(String), 2504(String), null, null, null, 2090(Long), 2090(String), null, 6490(String), integer(String), var2097(String), 2504(String), 2504(String), null, null, null, 2097(Long), 2097(String), null, 6491(String), integer(String), var2096(String), 2504(String), 2504(String), null, null, null, 2096(Long), 2096(String), null, 6492(String), integer(String), var2095(String), 2504(String), 2504(String), null, null, null, 2095(Long), 2095(String), null, 6493(String), integer(String), var2094(String), 2504(String), 2504(String), null, null, null, 2094(Long), 2094(String), null, 6494(String), integer(String), var2099(String), 2504(String), 2504(String), null, null, null, 2099(Long), 2099(String), null, 6495(String), integer(String), var2098(String), 2504(String), 2504(String), null, null, null, 2098(Long), 2098(String), null, 6496(String), integer(String), var105(String), 2504(String), 2504(String), null, null, null, 105(Long), 105(String), null, 6497(String), integer(String), var104(String), 2504(String), 2504(String), null, null, null, 104(Long), 104(String), null, 6498(String), integer(String), var103(String), 2504(String), 2504(String), null, null, null, 103(Long), 103(String), null, 6499(String), integer(String), var102(String), 2504(String), 2504(String), null, null, null, 102(Long), 102(String), null, 6500(String), integer(String), var101(String), 2504(String), 2504(String), null, null, null, 101(Long), 101(String), null, 6501(String), integer(String), var100(String), 2504(String), 2504(String), null, null, null, 100(Long), 100(String), null, 6502(String), integer(String), var109(String), 2504(String), 2504(String), null, null, null, 109(Long), 109(String), null, 6503(String), integer(String), var108(String), 2504(String), 2504(String), null, null, null, 108(Long), 108(String), null, 6504(String), integer(String), var107(String), 2504(String), 2504(String), null, null, null, 107(Long), 107(String), null
10:48:05,706 [main] DEBUG org.activiti.engine.impl.persistence.entity.VariableInstanceEntity.bulkInsertVariableInstance  - &lt;==    Updates: 100
10:48:05,707 [main] DEBUG org.activiti.engine.impl.persistence.entity.VariableInstanceEntity.bulkInsertVariableInstance  - ==&gt;  Preparing: INSERT INTO ACT_RU_VARIABLE (ID_, REV_, TYPE_, NAME_, PROC_INST_ID_, EXECUTION_ID_, TASK_ID_, BYTEARRAY_ID_, DOUBLE_, LONG_ , TEXT_, TEXT2_) VALUES (?, 1, ?, ?, ?, ?, ?, ?, ?, ?, ?, ?) 
10:48:05,707 [main] DEBUG org.activiti.engine.impl.persistence.entity.VariableInstanceEntity.bulkInsertVariableInstance  - ==&gt; Parameters: 6505(String), integer(String), var106(String), 2504(String), 2504(String), null, null, null, 106(Long), 106(String), null
10:48:05,707 [main] DEBUG org.activiti.engine.impl.persistence.entity.VariableInstanceEntity.bulkInsertVariableInstance  - &lt;==    Updates: 1
10:48:05,708 [main] DEBUG org.activiti.engine.impl.cfg.standalone.StandaloneMybatisTransactionContext  - firing event committing...
10:48:05,708 [main] DEBUG org.activiti.engine.impl.cfg.standalone.StandaloneMybatisTransactionContext  - committing the ibatis sql session...
10:48:05,708 [main] DEBUG org.apache.ibatis.transaction.jdbc.JdbcTransaction  - Committing JDBC Connection [conn91: url=jdbc:h2:mem:activiti user=SA]
10:48:05,708 [main] DEBUG org.activiti.engine.impl.cfg.standalone.StandaloneMybatisTransactionContext  - firing event committed...
10:48:05,708 [main] DEBUG org.apache.ibatis.transaction.jdbc.JdbcTransaction  - Resetting autocommit to true on JDBC Connection [conn91: url=jdbc:h2:mem:activiti user=SA]
10:48:05,708 [main] DEBUG org.apache.ibatis.transaction.jdbc.JdbcTransaction  - Closing JDBC Connection [conn91: url=jdbc:h2:mem:activiti user=SA]
10:48:05,708 [main] DEBUG org.apache.ibatis.datasource.pooled.PooledDataSource  - Returned connection 1550073702 to pool.
10:48:05,708 [main] DEBUG org.activiti.engine.impl.interceptor.LogInterceptor  - --- StartProcessInstanceCmd finished --------------------------------------------------------
10:48:05,708 [main] DEBUG org.activiti.engine.impl.interceptor.LogInterceptor  - 

10:48:05,708 [main] DEBUG org.activiti.engine.impl.interceptor.LogInterceptor  - 

10:48:05,708 [main] DEBUG org.activiti.engine.impl.interceptor.LogInterceptor  - --- starting TaskQueryImpl --------------------------------------------------------
10:48:05,709 [main] DEBUG org.apache.ibatis.transaction.jdbc.JdbcTransaction  - Opening JDBC Connection
10:48:05,709 [main] DEBUG org.apache.ibatis.datasource.pooled.PooledDataSource  - Checked out connection 480243067 from pool.
10:48:05,709 [main] DEBUG org.apache.ibatis.transaction.jdbc.JdbcTransaction  - Setting autocommit to false on JDBC Connection [conn92: url=jdbc:h2:mem:activiti user=SA]
10:48:05,709 [main] DEBUG org.activiti.engine.impl.persistence.entity.TaskEntity.selectTaskByQueryCriteria  - ==&gt;  Preparing: select distinct RES.* from ACT_RU_TASK RES WHERE RES.PROC_INST_ID_ = ? order by order by RES.ID_ asc LIMIT ? OFFSET ? 
10:48:05,709 [main] DEBUG org.activiti.engine.impl.interceptor.CommandContext  - Error while closing command context
org.apache.ibatis.exceptions.PersistenceException: 
### Error querying database.  Cause: org.h2.jdbc.JdbcSQLException: Syntax error in SQL statement &quot;SELECT DISTINCT RES.* 
       
    FROM ACT_RU_TASK RES
     
     
     
     
    
     
     
     
     WHERE  RES.PROC_INST_ID_ = ? 
   
    
     ORDER BY  ORDER[*] BY RES.ID_ ASC  
    LIMIT ? OFFSET ? &quot;; expected &quot;=, NOT, EXISTS, INTERSECTS, SELECT, FROM&quot;; SQL statement:
select distinct RES.* 
       
    from ACT_RU_TASK RES
     
     
     
     
    
     
     
     
     WHERE  RES.PROC_INST_ID_ = ? 
   
    
     order by  order by RES.ID_ asc  
    LIMIT ? OFFSET ? [42001-176]
### The error may exist in org/activiti/db/mapping/entity/Task.xml
### The error may involve org.activiti.engine.impl.persistence.entity.TaskEntity.selectTaskByQueryCriteria
### The error occurred while executing a query
### SQL: select distinct RES.*              from ACT_RU_TASK RES                                                     WHERE  RES.PROC_INST_ID_ = ?                order by  order by RES.ID_ asc       LIMIT ? OFFSET ?
### Cause: org.h2.jdbc.JdbcSQLException: Syntax error in SQL statement &quot;SELECT DISTINCT RES.* 
       
    FROM ACT_RU_TASK RES
     
     
     
     
    
     
     
     
     WHERE  RES.PROC_INST_ID_ = ? 
   
    
     ORDER BY  ORDER[*] BY RES.ID_ ASC  
    LIMIT ? OFFSET ? &quot;; expected &quot;=, NOT, EXISTS, INTERSECTS, SELECT, FROM&quot;; SQL statement:
select distinct RES.* 
       
    from ACT_RU_TASK RES
     
     
     
     
    
     
     
     
     WHERE  RES.PROC_INST_ID_ = ? 
   
    
     order by  order by RES.ID_ asc  
    LIMIT ? OFFSET ? [42001-176]
	at org.apache.ibatis.exceptions.ExceptionFactory.wrapException(ExceptionFactory.java:30)
	at org.apache.ibatis.session.defaults.DefaultSqlSession.selectList(DefaultSqlSession.java:122)
	at org.apache.ibatis.session.defaults.DefaultSqlSession.selectList(DefaultSqlSession.java:113)
	at org.activiti.engine.impl.db.DbSqlSession.selectListWithRawParameter(DbSqlSession.java:438)
	at org.activiti.engine.impl.db.DbSqlSession.selectList(DbSqlSession.java:429)
	at org.activiti.engine.impl.persistence.entity.TaskEntityManager.findTasksByQueryCriteria(TaskEntityManager.java:135)
	at org.activiti.engine.impl.TaskQueryImpl.executeList(TaskQueryImpl.java:1256)
	at org.activiti.engine.impl.AbstractQuery.executeSingleResult(AbstractQuery.java:183)
	at org.activiti.engine.impl.AbstractQuery.execute(AbstractQuery.java:166)
	at org.activiti.engine.impl.interceptor.CommandInvoker.execute(CommandInvoker.java:24)
	at org.activiti.engine.impl.interceptor.CommandContextInterceptor.execute(CommandContextInterceptor.java:57)
	at org.activiti.engine.impl.interceptor.LogInterceptor.execute(LogInterceptor.java:37)
	at org.activiti.engine.impl.cfg.CommandExecutorImpl.execute(CommandExecutorImpl.java:40)
	at org.activiti.engine.impl.cfg.CommandExecutorImpl.execute(CommandExecutorImpl.java:35)
	at org.activiti.engine.impl.AbstractQuery.singleResult(AbstractQuery.java:129)
	at org.activiti.standalone.history.BulkDeleteNoHistoryTest.testLargeAmountOfVariableBulkDelete(BulkDeleteNoHistoryTest.java:43)
	at sun.reflect.NativeMethodAccessorImpl.invoke0(Native Method)
	at sun.reflect.NativeMethodAccessorImpl.invoke(NativeMethodAccessorImpl.java:62)
	at sun.reflect.DelegatingMethodAccessorImpl.invoke(DelegatingMethodAccessorImpl.java:43)
	at java.lang.reflect.Method.invoke(Method.java:498)
	at junit.framework.TestCase.runTest(TestCase.java:176)
	at org.activiti.engine.impl.test.PvmTestCase.runTest(PvmTestCase.java:65)
	at junit.framework.TestCase.runBare(TestCase.java:141)
	at org.activiti.engine.impl.test.AbstractActivitiTestCase.runBare(AbstractActivitiTestCase.java:100)
	at junit.framework.TestResult$1.protect(TestResult.java:122)
	at junit.framework.TestResult.runProtected(TestResult.java:142)
	at junit.framework.TestResult.run(TestResult.java:125)
	at junit.framework.TestCase.run(TestCase.java:129)
	at junit.framework.TestSuite.runTest(TestSuite.java:255)
	at junit.framework.TestSuite.run(TestSuite.java:250)
	at org.junit.internal.runners.JUnit38ClassRunner.run(JUnit38ClassRunner.java:84)
	at org.apache.maven.surefire.junit4.JUnit4TestSet.execute(JUnit4TestSet.java:35)
	at org.apache.maven.surefire.junit4.JUnit4Provider.executeTestSet(JUnit4Provider.java:146)
	at org.apache.maven.surefire.junit4.JUnit4Provider.invoke(JUnit4Provider.java:97)
	at sun.reflect.NativeMethodAccessorImpl.invoke0(Native Method)
	at sun.reflect.NativeMethodAccessorImpl.invoke(NativeMethodAccessorImpl.java:62)
	at sun.reflect.DelegatingMethodAccessorImpl.invoke(DelegatingMethodAccessorImpl.java:43)
	at java.lang.reflect.Method.invoke(Method.java:498)
	at org.apache.maven.surefire.booter.ProviderFactory$ClassLoaderProxy.invoke(ProviderFactory.java:103)
	at com.sun.proxy.$Proxy0.invoke(Unknown Source)
	at org.apache.maven.surefire.booter.SurefireStarter.invokeProvider(SurefireStarter.java:145)
	at org.apache.maven.surefire.booter.SurefireStarter.runSuitesInProcess(SurefireStarter.java:87)
	at org.apache.maven.surefire.booter.ForkedBooter.main(ForkedBooter.java:69)
Caused by: org.h2.jdbc.JdbcSQLException: Syntax error in SQL statement &quot;SELECT DISTINCT RES.* 
       
    FROM ACT_RU_TASK RES
     
     
     
     
    
     
     
     
     WHERE  RES.PROC_INST_ID_ = ? 
   
    
     ORDER BY  ORDER[*] BY RES.ID_ ASC  
    LIMIT ? OFFSET ? &quot;; expected &quot;=, NOT, EXISTS, INTERSECTS, SELECT, FROM&quot;; SQL statement:
select distinct RES.* 
       
    from ACT_RU_TASK RES
     
     
     
     
    
     
     
     
     WHERE  RES.PROC_INST_ID_ = ? 
   
    
     order by  order by RES.ID_ asc  
    LIMIT ? OFFSET ? [42001-176]
	at org.h2.message.DbException.getJdbcSQLException(DbException.java:344)
	at org.h2.message.DbException.getSyntaxError(DbException.java:204)
	at org.h2.command.Parser.getSyntaxError(Parser.java:524)
	at org.h2.command.Parser.readTerm(Parser.java:2688)
	at org.h2.command.Parser.readFactor(Parser.java:2244)
	at org.h2.command.Parser.readSum(Parser.java:2231)
	at org.h2.command.Parser.readConcat(Parser.java:2201)
	at org.h2.command.Parser.readCondition(Parser.java:2051)
	at org.h2.command.Parser.readAnd(Parser.java:2023)
	at org.h2.command.Parser.readExpression(Parser.java:2015)
	at org.h2.command.Parser.parseEndOfQuery(Parser.java:1726)
	at org.h2.command.Parser.parseSelectUnionExtension(Parser.java:1706)
	at org.h2.command.Parser.parseSelectUnion(Parser.java:1675)
	at org.h2.command.Parser.parseSelect(Parser.java:1662)
	at org.h2.command.Parser.parsePrepared(Parser.java:434)
	at org.h2.command.Parser.parse(Parser.java:306)
	at org.h2.command.Parser.parse(Parser.java:282)
	at org.h2.command.Parser.prepareCommand(Parser.java:243)
	at org.h2.engine.Session.prepareLocal(Session.java:442)
	at org.h2.engine.Session.prepareCommand(Session.java:384)
	at org.h2.jdbc.JdbcConnection.prepareCommand(JdbcConnection.java:1188)
	at org.h2.jdbc.JdbcPreparedStatement.&lt;init&gt;(JdbcPreparedStatement.java:73)
	at org.h2.jdbc.JdbcConnection.prepareStatement(JdbcConnection.java:276)
	at sun.reflect.GeneratedMethodAccessor6.invoke(Unknown Source)
	at sun.reflect.DelegatingMethodAccessorImpl.invoke(DelegatingMethodAccessorImpl.java:43)
	at java.lang.reflect.Method.invoke(Method.java:498)
	at org.apache.ibatis.datasource.pooled.PooledConnection.invoke(PooledConnection.java:245)
	at com.sun.proxy.$Proxy12.prepareStatement(Unknown Source)
	at sun.reflect.GeneratedMethodAccessor6.invoke(Unknown Source)
	at sun.reflect.DelegatingMethodAccessorImpl.invoke(DelegatingMethodAccessorImpl.java:43)
	at java.lang.reflect.Method.invoke(Method.java:498)
	at org.apache.ibatis.logging.jdbc.ConnectionLogger.invoke(ConnectionLogger.java:55)
	at com.sun.proxy.$Proxy12.prepareStatement(Unknown Source)
	at org.apache.ibatis.executor.statement.PreparedStatementHandler.instantiateStatement(PreparedStatementHandler.java:79)
	at org.apache.ibatis.executor.statement.BaseStatementHandler.prepare(BaseStatementHandler.java:88)
	at org.apache.ibatis.executor.statement.RoutingStatementHandler.prepare(RoutingStatementHandler.java:58)
	at org.apache.ibatis.executor.SimpleExecutor.prepareStatement(SimpleExecutor.java:76)
	at org.apache.ibatis.executor.SimpleExecutor.doQuery(SimpleExecutor.java:61)
	at org.apache.ibatis.executor.BaseExecutor.queryFromDatabase(BaseExecutor.java:303)
	at org.apache.ibatis.executor.BaseExecutor.query(BaseExecutor.java:154)
	at org.apache.ibatis.executor.CachingExecutor.query(CachingExecutor.java:102)
	at org.apache.ibatis.executor.CachingExecutor.query(CachingExecutor.java:82)
	at org.apache.ibatis.session.defaults.DefaultSqlSession.selectList(DefaultSqlSession.java:120)
	... 41 more
10:48:05,709 [main] DEBUG org.activiti.engine.impl.cfg.standalone.StandaloneMybatisTransactionContext  - firing event rolling back...
10:48:05,709 [main] DEBUG org.activiti.engine.impl.cfg.standalone.StandaloneMybatisTransactionContext  - rolling back ibatis sql session...
10:48:05,709 [main] DEBUG org.activiti.engine.impl.cfg.standalone.StandaloneMybatisTransactionContext  - firing event rolled back...
10:48:05,710 [main] DEBUG org.apache.ibatis.transaction.jdbc.JdbcTransaction  - Resetting autocommit to true on JDBC Connection [conn92: url=jdbc:h2:mem:activiti user=SA]
10:48:05,710 [main] DEBUG org.apache.ibatis.transaction.jdbc.JdbcTransaction  - Closing JDBC Connection [conn92: url=jdbc:h2:mem:activiti user=SA]
10:48:05,710 [main] DEBUG org.apache.ibatis.datasource.pooled.PooledDataSource  - Returned connection 480243067 to pool.
10:48:05,710 [main] DEBUG org.activiti.engine.impl.interceptor.LogInterceptor  - --- TaskQueryImpl finished --------------------------------------------------------
10:48:05,710 [main] DEBUG org.activiti.engine.impl.interceptor.LogInterceptor  - 

10:48:05,710 [main] ERROR org.activiti.engine.impl.test.PvmTestCase  - 

10:48:05,710 [main] ERROR org.activiti.engine.impl.test.PvmTestCase  - EXCEPTION: org.apache.ibatis.exceptions.PersistenceException: 
### Error querying database.  Cause: org.h2.jdbc.JdbcSQLException: Syntax error in SQL statement &quot;SELECT DISTINCT RES.* 
       
    FROM ACT_RU_TASK RES
     
     
     
     
    
     
     
     
     WHERE  RES.PROC_INST_ID_ = ? 
   
    
     ORDER BY  ORDER[*] BY RES.ID_ ASC  
    LIMIT ? OFFSET ? &quot;; expected &quot;=, NOT, EXISTS, INTERSECTS, SELECT, FROM&quot;; SQL statement:
select distinct RES.* 
       
    from ACT_RU_TASK RES
     
     
     
     
    
     
     
     
     WHERE  RES.PROC_INST_ID_ = ? 
   
    
     order by  order by RES.ID_ asc  
    LIMIT ? OFFSET ? [42001-176]
### The error may exist in org/activiti/db/mapping/entity/Task.xml
### The error may involve org.activiti.engine.impl.persistence.entity.TaskEntity.selectTaskByQueryCriteria
### The error occurred while executing a query
### SQL: select distinct RES.*              from ACT_RU_TASK RES                                                     WHERE  RES.PROC_INST_ID_ = ?                order by  order by RES.ID_ asc       LIMIT ? OFFSET ?
### Cause: org.h2.jdbc.JdbcSQLException: Syntax error in SQL statement &quot;SELECT DISTINCT RES.* 
       
    FROM ACT_RU_TASK RES
     
     
     
     
    
     
     
     
     WHERE  RES.PROC_INST_ID_ = ? 
   
    
     ORDER BY  ORDER[*] BY RES.ID_ ASC  
    LIMIT ? OFFSET ? &quot;; expected &quot;=, NOT, EXISTS, INTERSECTS, SELECT, FROM&quot;; SQL statement:
select distinct RES.* 
       
    from ACT_RU_TASK RES
     
     
     
     
    
     
     
     
     WHERE  RES.PROC_INST_ID_ = ? 
   
    
     order by  order by RES.ID_ asc  
    LIMIT ? OFFSET ? [42001-176]
org.apache.ibatis.exceptions.PersistenceException: 
### Error querying database.  Cause: org.h2.jdbc.JdbcSQLException: Syntax error in SQL statement &quot;SELECT DISTINCT RES.* 
       
    FROM ACT_RU_TASK RES
     
     
     
     
    
     
     
     
     WHERE  RES.PROC_INST_ID_ = ? 
   
    
     ORDER BY  ORDER[*] BY RES.ID_ ASC  
    LIMIT ? OFFSET ? &quot;; expected &quot;=, NOT, EXISTS, INTERSECTS, SELECT, FROM&quot;; SQL statement:
select distinct RES.* 
       
    from ACT_RU_TASK RES
     
     
     
     
    
     
     
     
     WHERE  RES.PROC_INST_ID_ = ? 
   
    
     order by  order by RES.ID_ asc  
    LIMIT ? OFFSET ? [42001-176]
### The error may exist in org/activiti/db/mapping/entity/Task.xml
### The error may involve org.activiti.engine.impl.persistence.entity.TaskEntity.selectTaskByQueryCriteria
### The error occurred while executing a query
### SQL: select distinct RES.*              from ACT_RU_TASK RES                                                     WHERE  RES.PROC_INST_ID_ = ?                order by  order by RES.ID_ asc       LIMIT ? OFFSET ?
### Cause: org.h2.jdbc.JdbcSQLException: Syntax error in SQL statement &quot;SELECT DISTINCT RES.* 
       
    FROM ACT_RU_TASK RES
     
     
     
     
    
     
     
     
     WHERE  RES.PROC_INST_ID_ = ? 
   
    
     ORDER BY  ORDER[*] BY RES.ID_ ASC  
    LIMIT ? OFFSET ? &quot;; expected &quot;=, NOT, EXISTS, INTERSECTS, SELECT, FROM&quot;; SQL statement:
select distinct RES.* 
       
    from ACT_RU_TASK RES
     
     
     
     
    
     
     
     
     WHERE  RES.PROC_INST_ID_ = ? 
   
    
     order by  order by RES.ID_ asc  
    LIMIT ? OFFSET ? [42001-176]
	at org.apache.ibatis.exceptions.ExceptionFactory.wrapException(ExceptionFactory.java:30)
	at org.apache.ibatis.session.defaults.DefaultSqlSession.selectList(DefaultSqlSession.java:122)
	at org.apache.ibatis.session.defaults.DefaultSqlSession.selectList(DefaultSqlSession.java:113)
	at org.activiti.engine.impl.db.DbSqlSession.selectListWithRawParameter(DbSqlSession.java:438)
	at org.activiti.engine.impl.db.DbSqlSession.selectList(DbSqlSession.java:429)
	at org.activiti.engine.impl.persistence.entity.TaskEntityManager.findTasksByQueryCriteria(TaskEntityManager.java:135)
	at org.activiti.engine.impl.TaskQueryImpl.executeList(TaskQueryImpl.java:1256)
	at org.activiti.engine.impl.AbstractQuery.executeSingleResult(AbstractQuery.java:183)
	at org.activiti.engine.impl.AbstractQuery.execute(AbstractQuery.java:166)
	at org.activiti.engine.impl.interceptor.CommandInvoker.execute(CommandInvoker.java:24)
	at org.activiti.engine.impl.interceptor.CommandContextInterceptor.execute(CommandContextInterceptor.java:57)
	at org.activiti.engine.impl.interceptor.LogInterceptor.execute(LogInterceptor.java:37)
	at org.activiti.engine.impl.cfg.CommandExecutorImpl.execute(CommandExecutorImpl.java:40)
	at org.activiti.engine.impl.cfg.CommandExecutorImpl.execute(CommandExecutorImpl.java:35)
	at org.activiti.engine.impl.AbstractQuery.singleResult(AbstractQuery.java:129)
	at org.activiti.standalone.history.BulkDeleteNoHistoryTest.testLargeAmountOfVariableBulkDelete(BulkDeleteNoHistoryTest.java:43)
	at sun.reflect.NativeMethodAccessorImpl.invoke0(Native Method)
	at sun.reflect.NativeMethodAccessorImpl.invoke(NativeMethodAccessorImpl.java:62)
	at sun.reflect.DelegatingMethodAccessorImpl.invoke(DelegatingMethodAccessorImpl.java:43)
	at java.lang.reflect.Method.invoke(Method.java:498)
	at junit.framework.TestCase.runTest(TestCase.java:176)
	at org.activiti.engine.impl.test.PvmTestCase.runTest(PvmTestCase.java:65)
	at junit.framework.TestCase.runBare(TestCase.java:141)
	at org.activiti.engine.impl.test.AbstractActivitiTestCase.runBare(AbstractActivitiTestCase.java:100)
	at junit.framework.TestResult$1.protect(TestResult.java:122)
	at junit.framework.TestResult.runProtected(TestResult.java:142)
	at junit.framework.TestResult.run(TestResult.java:125)
	at junit.framework.TestCase.run(TestCase.java:129)
	at junit.framework.TestSuite.runTest(TestSuite.java:255)
	at junit.framework.TestSuite.run(TestSuite.java:250)
	at org.junit.internal.runners.JUnit38ClassRunner.run(JUnit38ClassRunner.java:84)
	at org.apache.maven.surefire.junit4.JUnit4TestSet.execute(JUnit4TestSet.java:35)
	at org.apache.maven.surefire.junit4.JUnit4Provider.executeTestSet(JUnit4Provider.java:146)
	at org.apache.maven.surefire.junit4.JUnit4Provider.invoke(JUnit4Provider.java:97)
	at sun.reflect.NativeMethodAccessorImpl.invoke0(Native Method)
	at sun.reflect.NativeMethodAccessorImpl.invoke(NativeMethodAccessorImpl.java:62)
	at sun.reflect.DelegatingMethodAccessorImpl.invoke(DelegatingMethodAccessorImpl.java:43)
	at java.lang.reflect.Method.invoke(Method.java:498)
	at org.apache.maven.surefire.booter.ProviderFactory$ClassLoaderProxy.invoke(ProviderFactory.java:103)
	at com.sun.proxy.$Proxy0.invoke(Unknown Source)
	at org.apache.maven.surefire.booter.SurefireStarter.invokeProvider(SurefireStarter.java:145)
	at org.apache.maven.surefire.booter.SurefireStarter.runSuitesInProcess(SurefireStarter.java:87)
	at org.apache.maven.surefire.booter.ForkedBooter.main(ForkedBooter.java:69)
Caused by: org.h2.jdbc.JdbcSQLException: Syntax error in SQL statement &quot;SELECT DISTINCT RES.* 
       
    FROM ACT_RU_TASK RES
     
     
     
     
    
     
     
     
     WHERE  RES.PROC_INST_ID_ = ? 
   
    
     ORDER BY  ORDER[*] BY RES.ID_ ASC  
    LIMIT ? OFFSET ? &quot;; expected &quot;=, NOT, EXISTS, INTERSECTS, SELECT, FROM&quot;; SQL statement:
select distinct RES.* 
       
    from ACT_RU_TASK RES
     
     
     
     
    
     
     
     
     WHERE  RES.PROC_INST_ID_ = ? 
   
    
     order by  order by RES.ID_ asc  
    LIMIT ? OFFSET ? [42001-176]
	at org.h2.message.DbException.getJdbcSQLException(DbException.java:344)
	at org.h2.message.DbException.getSyntaxError(DbException.java:204)
	at org.h2.command.Parser.getSyntaxError(Parser.java:524)
	at org.h2.command.Parser.readTerm(Parser.java:2688)
	at org.h2.command.Parser.readFactor(Parser.java:2244)
	at org.h2.command.Parser.readSum(Parser.java:2231)
	at org.h2.command.Parser.readConcat(Parser.java:2201)
	at org.h2.command.Parser.readCondition(Parser.java:2051)
	at org.h2.command.Parser.readAnd(Parser.java:2023)
	at org.h2.command.Parser.readExpression(Parser.java:2015)
	at org.h2.command.Parser.parseEndOfQuery(Parser.java:1726)
	at org.h2.command.Parser.parseSelectUnionExtension(Parser.java:1706)
	at org.h2.command.Parser.parseSelectUnion(Parser.java:1675)
	at org.h2.command.Parser.parseSelect(Parser.java:1662)
	at org.h2.command.Parser.parsePrepared(Parser.java:434)
	at org.h2.command.Parser.parse(Parser.java:306)
	at org.h2.command.Parser.parse(Parser.java:282)
	at org.h2.command.Parser.prepareCommand(Parser.java:243)
	at org.h2.engine.Session.prepareLocal(Session.java:442)
	at org.h2.engine.Session.prepareCommand(Session.java:384)
	at org.h2.jdbc.JdbcConnection.prepareCommand(JdbcConnection.java:1188)
	at org.h2.jdbc.JdbcPreparedStatement.&lt;init&gt;(JdbcPreparedStatement.java:73)
	at org.h2.jdbc.JdbcConnection.prepareStatement(JdbcConnection.java:276)
	at sun.reflect.GeneratedMethodAccessor6.invoke(Unknown Source)
	at sun.reflect.DelegatingMethodAccessorImpl.invoke(DelegatingMethodAccessorImpl.java:43)
	at java.lang.reflect.Method.invoke(Method.java:498)
	at org.apache.ibatis.datasource.pooled.PooledConnection.invoke(PooledConnection.java:245)
	at com.sun.proxy.$Proxy12.prepareStatement(Unknown Source)
	at sun.reflect.GeneratedMethodAccessor6.invoke(Unknown Source)
	at sun.reflect.DelegatingMethodAccessorImpl.invoke(DelegatingMethodAccessorImpl.java:43)
	at java.lang.reflect.Method.invoke(Method.java:498)
	at org.apache.ibatis.logging.jdbc.ConnectionLogger.invoke(ConnectionLogger.java:55)
	at com.sun.proxy.$Proxy12.prepareStatement(Unknown Source)
	at org.apache.ibatis.executor.statement.PreparedStatementHandler.instantiateStatement(PreparedStatementHandler.java:79)
	at org.apache.ibatis.executor.statement.BaseStatementHandler.prepare(BaseStatementHandler.java:88)
	at org.apache.ibatis.executor.statement.RoutingStatementHandler.prepare(RoutingStatementHandler.java:58)
	at org.apache.ibatis.executor.SimpleExecutor.prepareStatement(SimpleExecutor.java:76)
	at org.apache.ibatis.executor.SimpleExecutor.doQuery(SimpleExecutor.java:61)
	at org.apache.ibatis.executor.BaseExecutor.queryFromDatabase(BaseExecutor.java:303)
	at org.apache.ibatis.executor.BaseExecutor.query(BaseExecutor.java:154)
	at org.apache.ibatis.executor.CachingExecutor.query(CachingExecutor.java:102)
	at org.apache.ibatis.executor.CachingExecutor.query(CachingExecutor.java:82)
	at org.apache.ibatis.session.defaults.DefaultSqlSession.selectList(DefaultSqlSession.java:120)
	... 41 more
10:48:05,710 [main] DEBUG org.activiti.engine.impl.test.PvmTestCase  - #### END BulkDeleteNoHistoryTest.testLargeAmountOfVariableBulkDelete #############################################################
10:48:05,710 [main] ERROR org.activiti.engine.impl.test.PvmTestCase  - 

10:48:05,710 [main] ERROR org.activiti.engine.impl.test.PvmTestCase  - EXCEPTION: org.apache.ibatis.exceptions.PersistenceException: 
### Error querying database.  Cause: org.h2.jdbc.JdbcSQLException: Syntax error in SQL statement &quot;SELECT DISTINCT RES.* 
       
    FROM ACT_RU_TASK RES
     
     
     
     
    
     
     
     
     WHERE  RES.PROC_INST_ID_ = ? 
   
    
     ORDER BY  ORDER[*] BY RES.ID_ ASC  
    LIMIT ? OFFSET ? &quot;; expected &quot;=, NOT, EXISTS, INTERSECTS, SELECT, FROM&quot;; SQL statement:
select distinct RES.* 
       
    from ACT_RU_TASK RES
     
     
     
     
    
     
     
     
     WHERE  RES.PROC_INST_ID_ = ? 
   
    
     order by  order by RES.ID_ asc  
    LIMIT ? OFFSET ? [42001-176]
### The error may exist in org/activiti/db/mapping/entity/Task.xml
### The error may involve org.activiti.engine.impl.persistence.entity.TaskEntity.selectTaskByQueryCriteria
### The error occurred while executing a query
### SQL: select distinct RES.*              from ACT_RU_TASK RES                                                     WHERE  RES.PROC_INST_ID_ = ?                order by  order by RES.ID_ asc       LIMIT ? OFFSET ?
### Cause: org.h2.jdbc.JdbcSQLException: Syntax error in SQL statement &quot;SELECT DISTINCT RES.* 
       
    FROM ACT_RU_TASK RES
     
     
     
     
    
     
     
     
     WHERE  RES.PROC_INST_ID_ = ? 
   
    
     ORDER BY  ORDER[*] BY RES.ID_ ASC  
    LIMIT ? OFFSET ? &quot;; expected &quot;=, NOT, EXISTS, INTERSECTS, SELECT, FROM&quot;; SQL statement:
select distinct RES.* 
       
    from ACT_RU_TASK RES
     
     
     
     
    
     
     
     
     WHERE  RES.PROC_INST_ID_ = ? 
   
    
     order by  order by RES.ID_ asc  
    LIMIT ? OFFSET ? [42001-176]
org.apache.ibatis.exceptions.PersistenceException: 
### Error querying database.  Cause: org.h2.jdbc.JdbcSQLException: Syntax error in SQL statement &quot;SELECT DISTINCT RES.* 
       
    FROM ACT_RU_TASK RES
     
     
     
     
    
     
     
     
     WHERE  RES.PROC_INST_ID_ = ? 
   
    
     ORDER BY  ORDER[*] BY RES.ID_ ASC  
    LIMIT ? OFFSET ? &quot;; expected &quot;=, NOT, EXISTS, INTERSECTS, SELECT, FROM&quot;; SQL statement:
select distinct RES.* 
       
    from ACT_RU_TASK RES
     
     
     
     
    
     
     
     
     WHERE  RES.PROC_INST_ID_ = ? 
   
    
     order by  order by RES.ID_ asc  
    LIMIT ? OFFSET ? [42001-176]
### The error may exist in org/activiti/db/mapping/entity/Task.xml
### The error may involve org.activiti.engine.impl.persistence.entity.TaskEntity.selectTaskByQueryCriteria
### The error occurred while executing a query
### SQL: select distinct RES.*              from ACT_RU_TASK RES                                                     WHERE  RES.PROC_INST_ID_ = ?                order by  order by RES.ID_ asc       LIMIT ? OFFSET ?
### Cause: org.h2.jdbc.JdbcSQLException: Syntax error in SQL statement &quot;SELECT DISTINCT RES.* 
       
    FROM ACT_RU_TASK RES
     
     
     
     
    
     
     
     
     WHERE  RES.PROC_INST_ID_ = ? 
   
    
     ORDER BY  ORDER[*] BY RES.ID_ ASC  
    LIMIT ? OFFSET ? &quot;; expected &quot;=, NOT, EXISTS, INTERSECTS, SELECT, FROM&quot;; SQL statement:
select distinct RES.* 
       
    from ACT_RU_TASK RES
     
     
     
     
    
     
     
     
     WHERE  RES.PROC_INST_ID_ = ? 
   
    
     order by  order by RES.ID_ asc  
    LIMIT ? OFFSET ? [42001-176]
	at org.apache.ibatis.exceptions.ExceptionFactory.wrapException(ExceptionFactory.java:30)
	at org.apache.ibatis.session.defaults.DefaultSqlSession.selectList(DefaultSqlSession.java:122)
	at org.apache.ibatis.session.defaults.DefaultSqlSession.selectList(DefaultSqlSession.java:113)
	at org.activiti.engine.impl.db.DbSqlSession.selectListWithRawParameter(DbSqlSession.java:438)
	at org.activiti.engine.impl.db.DbSqlSession.selectList(DbSqlSession.java:429)
	at org.activiti.engine.impl.persistence.entity.TaskEntityManager.findTasksByQueryCriteria(TaskEntityManager.java:135)
	at org.activiti.engine.impl.TaskQueryImpl.executeList(TaskQueryImpl.java:1256)
	at org.activiti.engine.impl.AbstractQuery.executeSingleResult(AbstractQuery.java:183)
	at org.activiti.engine.impl.AbstractQuery.execute(AbstractQuery.java:166)
	at org.activiti.engine.impl.interceptor.CommandInvoker.execute(CommandInvoker.java:24)
	at org.activiti.engine.impl.interceptor.CommandContextInterceptor.execute(CommandContextInterceptor.java:57)
	at org.activiti.engine.impl.interceptor.LogInterceptor.execute(LogInterceptor.java:37)
	at org.activiti.engine.impl.cfg.CommandExecutorImpl.execute(CommandExecutorImpl.java:40)
	at org.activiti.engine.impl.cfg.CommandExecutorImpl.execute(CommandExecutorImpl.java:35)
	at org.activiti.engine.impl.AbstractQuery.singleResult(AbstractQuery.java:129)
	at org.activiti.standalone.history.BulkDeleteNoHistoryTest.testLargeAmountOfVariableBulkDelete(BulkDeleteNoHistoryTest.java:43)
	at sun.reflect.NativeMethodAccessorImpl.invoke0(Native Method)
	at sun.reflect.NativeMethodAccessorImpl.invoke(NativeMethodAccessorImpl.java:62)
	at sun.reflect.DelegatingMethodAccessorImpl.invoke(DelegatingMethodAccessorImpl.java:43)
	at java.lang.reflect.Method.invoke(Method.java:498)
	at junit.framework.TestCase.runTest(TestCase.java:176)
	at org.activiti.engine.impl.test.PvmTestCase.runTest(PvmTestCase.java:65)
	at junit.framework.TestCase.runBare(TestCase.java:141)
	at org.activiti.engine.impl.test.AbstractActivitiTestCase.runBare(AbstractActivitiTestCase.java:100)
	at junit.framework.TestResult$1.protect(TestResult.java:122)
	at junit.framework.TestResult.runProtected(TestResult.java:142)
	at junit.framework.TestResult.run(TestResult.java:125)
	at junit.framework.TestCase.run(TestCase.java:129)
	at junit.framework.TestSuite.runTest(TestSuite.java:255)
	at junit.framework.TestSuite.run(TestSuite.java:250)
	at org.junit.internal.runners.JUnit38ClassRunner.run(JUnit38ClassRunner.java:84)
	at org.apache.maven.surefire.junit4.JUnit4TestSet.execute(JUnit4TestSet.java:35)
	at org.apache.maven.surefire.junit4.JUnit4Provider.executeTestSet(JUnit4Provider.java:146)
	at org.apache.maven.surefire.junit4.JUnit4Provider.invoke(JUnit4Provider.java:97)
	at sun.reflect.NativeMethodAccessorImpl.invoke0(Native Method)
	at sun.reflect.NativeMethodAccessorImpl.invoke(NativeMethodAccessorImpl.java:62)
	at sun.reflect.DelegatingMethodAccessorImpl.invoke(DelegatingMethodAccessorImpl.java:43)
	at java.lang.reflect.Method.invoke(Method.java:498)
	at org.apache.maven.surefire.booter.ProviderFactory$ClassLoaderProxy.invoke(ProviderFactory.java:103)
	at com.sun.proxy.$Proxy0.invoke(Unknown Source)
	at org.apache.maven.surefire.booter.SurefireStarter.invokeProvider(SurefireStarter.java:145)
	at org.apache.maven.surefire.booter.SurefireStarter.runSuitesInProcess(SurefireStarter.java:87)
	at org.apache.maven.surefire.booter.ForkedBooter.main(ForkedBooter.java:69)
Caused by: org.h2.jdbc.JdbcSQLException: Syntax error in SQL statement &quot;SELECT DISTINCT RES.* 
       
    FROM ACT_RU_TASK RES
     
     
     
     
    
     
     
     
     WHERE  RES.PROC_INST_ID_ = ? 
   
    
     ORDER BY  ORDER[*] BY RES.ID_ ASC  
    LIMIT ? OFFSET ? &quot;; expected &quot;=, NOT, EXISTS, INTERSECTS, SELECT, FROM&quot;; SQL statement:
select distinct RES.* 
       
    from ACT_RU_TASK RES
     
     
     
     
    
     
     
     
     WHERE  RES.PROC_INST_ID_ = ? 
   
    
     order by  order by RES.ID_ asc  
    LIMIT ? OFFSET ? [42001-176]
	at org.h2.message.DbException.getJdbcSQLException(DbException.java:344)
	at org.h2.message.DbException.getSyntaxError(DbException.java:204)
	at org.h2.command.Parser.getSyntaxError(Parser.java:524)
	at org.h2.command.Parser.readTerm(Parser.java:2688)
	at org.h2.command.Parser.readFactor(Parser.java:2244)
	at org.h2.command.Parser.readSum(Parser.java:2231)
	at org.h2.command.Parser.readConcat(Parser.java:2201)
	at org.h2.command.Parser.readCondition(Parser.java:2051)
	at org.h2.command.Parser.readAnd(Parser.java:2023)
	at org.h2.command.Parser.readExpression(Parser.java:2015)
	at org.h2.command.Parser.parseEndOfQuery(Parser.java:1726)
	at org.h2.command.Parser.parseSelectUnionExtension(Parser.java:1706)
	at org.h2.command.Parser.parseSelectUnion(Parser.java:1675)
	at org.h2.command.Parser.parseSelect(Parser.java:1662)
	at org.h2.command.Parser.parsePrepared(Parser.java:434)
	at org.h2.command.Parser.parse(Parser.java:306)
	at org.h2.command.Parser.parse(Parser.java:282)
	at org.h2.command.Parser.prepareCommand(Parser.java:243)
	at org.h2.engine.Session.prepareLocal(Session.java:442)
	at org.h2.engine.Session.prepareCommand(Session.java:384)
	at org.h2.jdbc.JdbcConnection.prepareCommand(JdbcConnection.java:1188)
	at org.h2.jdbc.JdbcPreparedStatement.&lt;init&gt;(JdbcPreparedStatement.java:73)
	at org.h2.jdbc.JdbcConnection.prepareStatement(JdbcConnection.java:276)
	at sun.reflect.GeneratedMethodAccessor6.invoke(Unknown Source)
	at sun.reflect.DelegatingMethodAccessorImpl.invoke(DelegatingMethodAccessorImpl.java:43)
	at java.lang.reflect.Method.invoke(Method.java:498)
	at org.apache.ibatis.datasource.pooled.PooledConnection.invoke(PooledConnection.java:245)
	at com.sun.proxy.$Proxy12.prepareStatement(Unknown Source)
	at sun.reflect.GeneratedMethodAccessor6.invoke(Unknown Source)
	at sun.reflect.DelegatingMethodAccessorImpl.invoke(DelegatingMethodAccessorImpl.java:43)
	at java.lang.reflect.Method.invoke(Method.java:498)
	at org.apache.ibatis.logging.jdbc.ConnectionLogger.invoke(ConnectionLogger.java:55)
	at com.sun.proxy.$Proxy12.prepareStatement(Unknown Source)
	at org.apache.ibatis.executor.statement.PreparedStatementHandler.instantiateStatement(PreparedStatementHandler.java:79)
	at org.apache.ibatis.executor.statement.BaseStatementHandler.prepare(BaseStatementHandler.java:88)
	at org.apache.ibatis.executor.statement.RoutingStatementHandler.prepare(RoutingStatementHandler.java:58)
	at org.apache.ibatis.executor.SimpleExecutor.prepareStatement(SimpleExecutor.java:76)
	at org.apache.ibatis.executor.SimpleExecutor.doQuery(SimpleExecutor.java:61)
	at org.apache.ibatis.executor.BaseExecutor.queryFromDatabase(BaseExecutor.java:303)
	at org.apache.ibatis.executor.BaseExecutor.query(BaseExecutor.java:154)
	at org.apache.ibatis.executor.CachingExecutor.query(CachingExecutor.java:102)
	at org.apache.ibatis.executor.CachingExecutor.query(CachingExecutor.java:82)
	at org.apache.ibatis.session.defaults.DefaultSqlSession.selectList(DefaultSqlSession.java:120)
	... 41 more
10:48:05,710 [main] DEBUG org.activiti.engine.impl.test.TestHelper  - annotation @Deployment deletes deployment for BulkDeleteNoHistoryTest.testLargeAmountOfVariableBulkDelete
10:48:05,710 [main] DEBUG org.activiti.engine.impl.interceptor.LogInterceptor  - 

10:48:05,710 [main] DEBUG org.activiti.engine.impl.interceptor.LogInterceptor  - --- starting DeleteDeploymentCmd --------------------------------------------------------
10:48:05,710 [main] DEBUG org.apache.ibatis.transaction.jdbc.JdbcTransaction  - Opening JDBC Connection
10:48:05,710 [main] DEBUG org.apache.ibatis.datasource.pooled.PooledDataSource  - Checked out connection 1550073702 from pool.
10:48:05,710 [main] DEBUG org.apache.ibatis.transaction.jdbc.JdbcTransaction  - Setting autocommit to false on JDBC Connection [conn91: url=jdbc:h2:mem:activiti user=SA]
10:48:05,710 [main] DEBUG org.activiti.engine.impl.persistence.entity.DeploymentEntity.selectDeploymentById  - ==&gt;  Preparing: select * from ACT_RE_DEPLOYMENT where ID_ = ? 
10:48:05,710 [main] DEBUG org.activiti.engine.impl.persistence.entity.DeploymentEntity.selectDeploymentById  - ==&gt; Parameters: 2501(String)
10:48:05,710 [main] DEBUG org.activiti.engine.impl.persistence.entity.DeploymentEntity.selectDeploymentById  - &lt;==      Total: 1
10:48:05,711 [main] DEBUG org.activiti.engine.impl.persistence.entity.ProcessDefinitionEntity.selectProcessDefinitionsByQueryCriteria  - ==&gt;  Preparing: select RES.* from ACT_RE_PROCDEF RES WHERE RES.DEPLOYMENT_ID_ = ? order by order by RES.ID_ asc LIMIT ? OFFSET ? 
10:48:05,711 [main] DEBUG org.activiti.engine.impl.interceptor.CommandContext  - Error while closing command context
org.apache.ibatis.exceptions.PersistenceException: 
### Error querying database.  Cause: org.h2.jdbc.JdbcSQLException: Syntax error in SQL statement &quot;SELECT RES.* 
       
    FROM ACT_RE_PROCDEF RES
     
     WHERE  RES.DEPLOYMENT_ID_ = ? 
   
     ORDER BY  ORDER[*] BY RES.ID_ ASC  
    LIMIT ? OFFSET ? &quot;; expected &quot;=, NOT, EXISTS, INTERSECTS, SELECT, FROM&quot;; SQL statement:
select RES.* 
       
    from ACT_RE_PROCDEF RES
     
     WHERE  RES.DEPLOYMENT_ID_ = ? 
   
     order by  order by RES.ID_ asc  
    LIMIT ? OFFSET ? [42001-176]
### The error may exist in org/activiti/db/mapping/entity/ProcessDefinition.xml
### The error may involve org.activiti.engine.impl.persistence.entity.ProcessDefinitionEntity.selectProcessDefinitionsByQueryCriteria
### The error occurred while executing a query
### SQL: select RES.*              from ACT_RE_PROCDEF RES            WHERE  RES.DEPLOYMENT_ID_ = ?           order by  order by RES.ID_ asc       LIMIT ? OFFSET ?
### Cause: org.h2.jdbc.JdbcSQLException: Syntax error in SQL statement &quot;SELECT RES.* 
       
    FROM ACT_RE_PROCDEF RES
     
     WHERE  RES.DEPLOYMENT_ID_ = ? 
   
     ORDER BY  ORDER[*] BY RES.ID_ ASC  
    LIMIT ? OFFSET ? &quot;; expected &quot;=, NOT, EXISTS, INTERSECTS, SELECT, FROM&quot;; SQL statement:
select RES.* 
       
    from ACT_RE_PROCDEF RES
     
     WHERE  RES.DEPLOYMENT_ID_ = ? 
   
     order by  order by RES.ID_ asc  
    LIMIT ? OFFSET ? [42001-176]
	at org.apache.ibatis.exceptions.ExceptionFactory.wrapException(ExceptionFactory.java:30)
	at org.apache.ibatis.session.defaults.DefaultSqlSession.selectList(DefaultSqlSession.java:122)
	at org.apache.ibatis.session.defaults.DefaultSqlSession.selectList(DefaultSqlSession.java:113)
	at org.activiti.engine.impl.db.DbSqlSession.selectListWithRawParameter(DbSqlSession.java:438)
	at org.activiti.engine.impl.db.DbSqlSession.selectList(DbSqlSession.java:429)
	at org.activiti.engine.impl.db.DbSqlSession.selectList(DbSqlSession.java:419)
	at org.activiti.engine.impl.persistence.entity.ProcessDefinitionEntityManager.findProcessDefinitionsByQueryCriteria(ProcessDefinitionEntityManager.java:57)
	at org.activiti.engine.impl.ProcessDefinitionQueryImpl.executeList(ProcessDefinitionQueryImpl.java:307)
	at org.activiti.engine.impl.AbstractQuery.list(AbstractQuery.java:140)
	at org.activiti.engine.impl.persistence.deploy.DeploymentManager.removeDeployment(DeploymentManager.java:187)
	at org.activiti.engine.impl.cmd.DeleteDeploymentCmd.execute(DeleteDeploymentCmd.java:44)
	at org.activiti.engine.impl.cmd.DeleteDeploymentCmd.execute(DeleteDeploymentCmd.java:24)
	at org.activiti.engine.impl.interceptor.CommandInvoker.execute(CommandInvoker.java:24)
	at org.activiti.engine.impl.interceptor.CommandContextInterceptor.execute(CommandContextInterceptor.java:57)
	at org.activiti.engine.impl.interceptor.LogInterceptor.execute(LogInterceptor.java:37)
	at org.activiti.engine.impl.cfg.CommandExecutorImpl.execute(CommandExecutorImpl.java:40)
	at org.activiti.engine.impl.cfg.CommandExecutorImpl.execute(CommandExecutorImpl.java:35)
	at org.activiti.engine.impl.RepositoryServiceImpl.deleteDeployment(RepositoryServiceImpl.java:90)
	at org.activiti.engine.impl.test.TestHelper.annotationDeploymentTearDown(TestHelper.java:116)
	at org.activiti.engine.impl.test.AbstractActivitiTestCase.runBare(AbstractActivitiTestCase.java:116)
	at junit.framework.TestResult$1.protect(TestResult.java:122)
	at junit.framework.TestResult.runProtected(TestResult.java:142)
	at junit.framework.TestResult.run(TestResult.java:125)
	at junit.framework.TestCase.run(TestCase.java:129)
	at junit.framework.TestSuite.runTest(TestSuite.java:255)
	at junit.framework.TestSuite.run(TestSuite.java:250)
	at org.junit.internal.runners.JUnit38ClassRunner.run(JUnit38ClassRunner.java:84)
	at org.apache.maven.surefire.junit4.JUnit4TestSet.execute(JUnit4TestSet.java:35)
	at org.apache.maven.surefire.junit4.JUnit4Provider.executeTestSet(JUnit4Provider.java:146)
	at org.apache.maven.surefire.junit4.JUnit4Provider.invoke(JUnit4Provider.java:97)
	at sun.reflect.NativeMethodAccessorImpl.invoke0(Native Method)
	at sun.reflect.NativeMethodAccessorImpl.invoke(NativeMethodAccessorImpl.java:62)
	at sun.reflect.DelegatingMethodAccessorImpl.invoke(DelegatingMethodAccessorImpl.java:43)
	at java.lang.reflect.Method.invoke(Method.java:498)
	at org.apache.maven.surefire.booter.ProviderFactory$ClassLoaderProxy.invoke(ProviderFactory.java:103)
	at com.sun.proxy.$Proxy0.invoke(Unknown Source)
	at org.apache.maven.surefire.booter.SurefireStarter.invokeProvider(SurefireStarter.java:145)
	at org.apache.maven.surefire.booter.SurefireStarter.runSuitesInProcess(SurefireStarter.java:87)
	at org.apache.maven.surefire.booter.ForkedBooter.main(ForkedBooter.java:69)
Caused by: org.h2.jdbc.JdbcSQLException: Syntax error in SQL statement &quot;SELECT RES.* 
       
    FROM ACT_RE_PROCDEF RES
     
     WHERE  RES.DEPLOYMENT_ID_ = ? 
   
     ORDER BY  ORDER[*] BY RES.ID_ ASC  
    LIMIT ? OFFSET ? &quot;; expected &quot;=, NOT, EXISTS, INTERSECTS, SELECT, FROM&quot;; SQL statement:
select RES.* 
       
    from ACT_RE_PROCDEF RES
     
     WHERE  RES.DEPLOYMENT_ID_ = ? 
   
     order by  order by RES.ID_ asc  
    LIMIT ? OFFSET ? [42001-176]
	at org.h2.message.DbException.getJdbcSQLException(DbException.java:344)
	at org.h2.message.DbException.getSyntaxError(DbException.java:204)
	at org.h2.command.Parser.getSyntaxError(Parser.java:524)
	at org.h2.command.Parser.readTerm(Parser.java:2688)
	at org.h2.command.Parser.readFactor(Parser.java:2244)
	at org.h2.command.Parser.readSum(Parser.java:2231)
	at org.h2.command.Parser.readConcat(Parser.java:2201)
	at org.h2.command.Parser.readCondition(Parser.java:2051)
	at org.h2.command.Parser.readAnd(Parser.java:2023)
	at org.h2.command.Parser.readExpression(Parser.java:2015)
	at org.h2.command.Parser.parseEndOfQuery(Parser.java:1726)
	at org.h2.command.Parser.parseSelectUnionExtension(Parser.java:1706)
	at org.h2.command.Parser.parseSelectUnion(Parser.java:1675)
	at org.h2.command.Parser.parseSelect(Parser.java:1662)
	at org.h2.command.Parser.parsePrepared(Parser.java:434)
	at org.h2.command.Parser.parse(Parser.java:306)
	at org.h2.command.Parser.parse(Parser.java:282)
	at org.h2.command.Parser.prepareCommand(Parser.java:243)
	at org.h2.engine.Session.prepareLocal(Session.java:442)
	at org.h2.engine.Session.prepareCommand(Session.java:384)
	at org.h2.jdbc.JdbcConnection.prepareCommand(JdbcConnection.java:1188)
	at org.h2.jdbc.JdbcPreparedStatement.&lt;init&gt;(JdbcPreparedStatement.java:73)
	at org.h2.jdbc.JdbcConnection.prepareStatement(JdbcConnection.java:276)
	at sun.reflect.GeneratedMethodAccessor6.invoke(Unknown Source)
	at sun.reflect.DelegatingMethodAccessorImpl.invoke(DelegatingMethodAccessorImpl.java:43)
	at java.lang.reflect.Method.invoke(Method.java:498)
	at org.apache.ibatis.datasource.pooled.PooledConnection.invoke(PooledConnection.java:245)
	at com.sun.proxy.$Proxy12.prepareStatement(Unknown Source)
	at sun.reflect.GeneratedMethodAccessor6.invoke(Unknown Source)
	at sun.reflect.DelegatingMethodAccessorImpl.invoke(DelegatingMethodAccessorImpl.java:43)
	at java.lang.reflect.Method.invoke(Method.java:498)
	at org.apache.ibatis.logging.jdbc.ConnectionLogger.invoke(ConnectionLogger.java:55)
	at com.sun.proxy.$Proxy12.prepareStatement(Unknown Source)
	at org.apache.ibatis.executor.statement.PreparedStatementHandler.instantiateStatement(PreparedStatementHandler.java:79)
	at org.apache.ibatis.executor.statement.BaseStatementHandler.prepare(BaseStatementHandler.java:88)
	at org.apache.ibatis.executor.statement.RoutingStatementHandler.prepare(RoutingStatementHandler.java:58)
	at org.apache.ibatis.executor.SimpleExecutor.prepareStatement(SimpleExecutor.java:76)
	at org.apache.ibatis.executor.SimpleExecutor.doQuery(SimpleExecutor.java:61)
	at org.apache.ibatis.executor.BaseExecutor.queryFromDatabase(BaseExecutor.java:303)
	at org.apache.ibatis.executor.BaseExecutor.query(BaseExecutor.java:154)
	at org.apache.ibatis.executor.CachingExecutor.query(CachingExecutor.java:102)
	at org.apache.ibatis.executor.CachingExecutor.query(CachingExecutor.java:82)
	at org.apache.ibatis.session.defaults.DefaultSqlSession.selectList(DefaultSqlSession.java:120)
	... 37 more
10:48:05,711 [main] DEBUG org.activiti.engine.impl.cfg.standalone.StandaloneMybatisTransactionContext  - firing event rolling back...
10:48:05,711 [main] DEBUG org.activiti.engine.impl.cfg.standalone.StandaloneMybatisTransactionContext  - rolling back ibatis sql session...
10:48:05,711 [main] DEBUG org.activiti.engine.impl.cfg.standalone.StandaloneMybatisTransactionContext  - firing event rolled back...
10:48:05,711 [main] DEBUG org.apache.ibatis.transaction.jdbc.JdbcTransaction  - Resetting autocommit to true on JDBC Connection [conn91: url=jdbc:h2:mem:activiti user=SA]
10:48:05,711 [main] DEBUG org.apache.ibatis.transaction.jdbc.JdbcTransaction  - Closing JDBC Connection [conn91: url=jdbc:h2:mem:activiti user=SA]
10:48:05,711 [main] DEBUG org.apache.ibatis.datasource.pooled.PooledDataSource  - Returned connection 1550073702 to pool.
10:48:05,711 [main] DEBUG org.activiti.engine.impl.interceptor.LogInterceptor  - --- DeleteDeploymentCmd finished --------------------------------------------------------
10:48:05,711 [main] DEBUG org.activiti.engine.impl.interceptor.LogInterceptor  - 

</system-out>
  </testcase>
</testsuite>